[Thu Feb 16 00:00:51 2017] Report del giorno Thursday February 16 2017 -- INVIATO a centraline@googlegroups.com
00:00-Thu-Feb-16-2017 PM2.5 |  16.36 |  15.79 |  20.22 |   6.21 |I I 
00:01-Thu-Feb-16-2017 PM10  |  36.13 |  36.13 |   0.00 |  2000.00|I I 
00:01-Thu-Feb-16-2017 PM2.5 |  16.36 |  16.36 |   0.00 |  2000.00|I I 
00:05-Thu-Feb-16-2017 PM10  |  35.21 |  35.67 |   0.00 |  2000.00|I I 
00:05-Thu-Feb-16-2017 PM2.5 |  17.12 |  16.74 |   0.00 |  2000.00|I I 
00:06-Thu-Feb-16-2017 PM10  |  33.53 |  34.96 |   0.00 |  2000.00|I I 
00:06-Thu-Feb-16-2017 PM2.5 |  15.14 |  16.21 |   0.00 |  2000.00|I I 
00:10-Thu-Feb-16-2017 PM10  |  33.96 |  34.71 |   0.00 |  2000.00|I I 
00:10-Thu-Feb-16-2017 PM2.5 |  16.85 |  16.37 |   0.00 |  2000.00|I I 
00:11-Thu-Feb-16-2017 PM10  |  29.50 |  33.67 |   0.00 |  2000.00|I I 
00:11-Thu-Feb-16-2017 PM2.5 |  14.94 |  16.08 |   0.00 |  2000.00|I I 
00:15-Thu-Feb-16-2017 PM10  |  33.52 |  33.64 |   0.00 |  2000.00|I I 
00:15-Thu-Feb-16-2017 PM2.5 |  16.52 |  16.16 |   0.00 |  2000.00|I I 
00:16-Thu-Feb-16-2017 PM10  |  33.90 |  33.68 |   0.00 |  2000.00|I I 
00:16-Thu-Feb-16-2017 PM2.5 |  15.86 |  16.11 |   0.00 |  2000.00|I I 
00:20-Thu-Feb-16-2017 PM10  |  33.91 |  33.71 |   0.00 |  2000.00|I I 
00:20-Thu-Feb-16-2017 PM2.5 |  16.80 |  16.20 |   0.00 |  2000.00|I I 
00:21-Thu-Feb-16-2017 PM10  |  38.56 |  34.25 |   0.00 |  2000.00|I I 
00:21-Thu-Feb-16-2017 PM2.5 |  15.85 |  16.16 |   0.00 |  2000.00|I I 
00:25-Thu-Feb-16-2017 PM10  |  36.17 |  34.44 |   0.00 |  2000.00|I I 
00:25-Thu-Feb-16-2017 PM2.5 |  17.38 |  16.28 |   0.00 |  2000.00|I I 
00:26-Thu-Feb-16-2017 PM10  |  34.60 |  34.45 |   0.00 |  2000.00|I I 
00:26-Thu-Feb-16-2017 PM2.5 |  15.55 |  16.22 |   0.00 |  2000.00|I I 
00:27-Thu-Feb-16-2017 PM10  |  34.60 |  34.47 |   0.00 |  2000.00|I I 
00:27-Thu-Feb-16-2017 PM2.5 |  15.55 |  16.16 |   0.00 |  2000.00|I I 
00:32-Thu-Feb-16-2017 PM10  |  39.64 |  34.86 |   0.00 |  2000.00|I I 
00:32-Thu-Feb-16-2017 PM2.5 |  17.23 |  16.24 |   0.00 |  2000.00|I I 
00:33-Thu-Feb-16-2017 PM10  |  34.65 |  34.85 |   0.00 |  2000.00|I I 
00:33-Thu-Feb-16-2017 PM2.5 |  16.34 |  16.25 |   0.00 |  2000.00|I I 
00:37-Thu-Feb-16-2017 PM10  |  37.08 |  35.00 |   0.00 |  2000.00|I I 
00:37-Thu-Feb-16-2017 PM2.5 |  17.33 |  16.32 |   0.00 |  2000.00|I I 
00:38-Thu-Feb-16-2017 PM10  |  35.08 |  35.00 |   0.00 |  2000.00|I I 
00:38-Thu-Feb-16-2017 PM2.5 |  16.14 |  16.31 |   0.00 |  2000.00|I I 
00:42-Thu-Feb-16-2017 PM10  |  37.32 |  35.14 |   0.00 |  2000.00|I I 
00:42-Thu-Feb-16-2017 PM2.5 |  17.12 |  16.36 |   0.00 |  2000.00|I I 
00:43-Thu-Feb-16-2017 PM10  |  37.56 |  35.27 |   0.00 |  2000.00|I I 
00:43-Thu-Feb-16-2017 PM2.5 |  17.29 |  16.41 |   0.00 |  2000.00|I I 
00:47-Thu-Feb-16-2017 PM10  |  35.10 |  35.26 |   0.00 |  2000.00|I I 
00:47-Thu-Feb-16-2017 PM2.5 |  17.46 |  16.47 |   0.00 |  2000.00|I I 
00:48-Thu-Feb-16-2017 PM10  |  32.31 |  35.12 |   0.00 |  2000.00|I I 
00:48-Thu-Feb-16-2017 PM2.5 |  16.04 |  16.44 |   0.00 |  2000.00|I I 
00:52-Thu-Feb-16-2017 PM10  |  36.58 |  35.19 |   0.00 |  2000.00|I I 
00:52-Thu-Feb-16-2017 PM2.5 |  16.84 |  16.46 |   0.00 |  2000.00|I I 
00:53-Thu-Feb-16-2017 PM10  |  33.59 |  35.11 |   0.00 |  2000.00|I I 
00:53-Thu-Feb-16-2017 PM2.5 |  15.61 |  16.42 |   0.00 |  2000.00|I I 
00:57-Thu-Feb-16-2017 PM10  |  34.43 |  35.08 |   0.00 |  2000.00|I I 
00:57-Thu-Feb-16-2017 PM2.5 |  17.15 |  16.46 |   0.00 |  2000.00|I I 
00:58-Thu-Feb-16-2017 PM10  |  34.43 |  35.06 |   0.00 |  2000.00|I I 
00:58-Thu-Feb-16-2017 PM2.5 |  17.15 |  16.48 |   0.00 |  2000.00|I I 
00:59-Thu-Feb-16-2017 PM10  |  36.59 |  35.12 |   0.00 |  2000.00|I I 
00:59-Thu-Feb-16-2017 PM2.5 |  15.97 |  16.46 |   0.00 |  2000.00|I I 
01:03-Thu-Feb-16-2017 PM10  |  34.05 |  35.08 |  35.08 |  35.08 |I I 
01:03-Thu-Feb-16-2017 PM2.5 |  16.95 |  16.48 |  16.48 |  16.48 |I I 
01:04-Thu-Feb-16-2017 PM10  |  36.81 |  36.81 |  35.08 |  35.08 |I I 
01:04-Thu-Feb-16-2017 PM2.5 |  16.49 |  16.49 |  16.48 |  16.48 |I I 
01:08-Thu-Feb-16-2017 PM10  |  36.48 |  36.64 |  35.08 |  35.08 |I I 
01:08-Thu-Feb-16-2017 PM2.5 |  16.95 |  16.72 |  16.48 |  16.48 |I I 
01:09-Thu-Feb-16-2017 PM10  |  35.67 |  36.32 |  35.08 |  35.08 |I I 
01:09-Thu-Feb-16-2017 PM2.5 |  15.97 |  16.47 |  16.48 |  16.48 |I I 
01:13-Thu-Feb-16-2017 PM10  |  37.29 |  36.56 |  35.08 |  35.08 |I I 
01:13-Thu-Feb-16-2017 PM2.5 |  17.94 |  16.84 |  16.48 |  16.48 |I I 
01:14-Thu-Feb-16-2017 PM10  |  36.06 |  36.46 |  35.08 |  35.08 |I I 
01:14-Thu-Feb-16-2017 PM2.5 |  17.26 |  16.92 |  16.48 |  16.48 |I I 
01:18-Thu-Feb-16-2017 PM10  |  38.99 |  36.88 |  35.08 |  35.08 |I I 
01:18-Thu-Feb-16-2017 PM2.5 |  17.72 |  17.05 |  16.48 |  16.48 |I I 
01:19-Thu-Feb-16-2017 PM10  |  36.11 |  36.77 |  35.08 |  35.08 |I I 
01:19-Thu-Feb-16-2017 PM2.5 |  16.35 |  16.95 |  16.48 |  16.48 |I I 
01:23-Thu-Feb-16-2017 PM10  |  35.83 |  36.66 |  35.08 |  35.08 |I I 
01:23-Thu-Feb-16-2017 PM2.5 |  17.56 |  17.03 |  16.48 |  16.48 |I I 
01:24-Thu-Feb-16-2017 PM10  |  35.83 |  36.56 |  35.08 |  35.08 |I I 
01:24-Thu-Feb-16-2017 PM2.5 |  17.56 |  17.09 |  16.48 |  16.48 |I I 
01:25-Thu-Feb-16-2017 PM10  |  35.00 |  36.41 |  35.08 |  35.08 |I I 
01:25-Thu-Feb-16-2017 PM2.5 |  15.20 |  16.90 |  16.48 |  16.48 |I I 
01:29-Thu-Feb-16-2017 PM10  |  36.71 |  36.44 |  35.08 |  35.08 |I I 
01:29-Thu-Feb-16-2017 PM2.5 |  16.64 |  16.87 |  16.48 |  16.48 |I I 
01:30-Thu-Feb-16-2017 PM10  |  34.23 |  36.25 |  35.08 |  35.08 |I I 
01:30-Thu-Feb-16-2017 PM2.5 |  15.32 |  16.75 |  16.48 |  16.48 |I I 
01:34-Thu-Feb-16-2017 PM10  |  33.44 |  36.04 |  35.08 |  35.08 |I I 
01:34-Thu-Feb-16-2017 PM2.5 |  17.24 |  16.78 |  16.48 |  16.48 |I I 
01:35-Thu-Feb-16-2017 PM10  |  33.13 |  35.83 |  35.08 |  35.08 |I I 
01:35-Thu-Feb-16-2017 PM2.5 |  15.77 |  16.71 |  16.48 |  16.48 |I I 
01:39-Thu-Feb-16-2017 PM10  |  33.69 |  35.69 |  35.08 |  35.08 |I I 
01:39-Thu-Feb-16-2017 PM2.5 |  16.62 |  16.71 |  16.48 |  16.48 |I I 
01:40-Thu-Feb-16-2017 PM10  |  31.88 |  35.45 |  35.08 |  35.08 |I I 
01:40-Thu-Feb-16-2017 PM2.5 |  15.23 |  16.61 |  16.48 |  16.48 |I I 
01:44-Thu-Feb-16-2017 PM10  |  31.31 |  35.20 |  35.08 |  35.08 |I I 
01:44-Thu-Feb-16-2017 PM2.5 |  16.26 |  16.59 |  16.48 |  16.48 |I I 
01:45-Thu-Feb-16-2017 PM10  |  33.62 |  35.12 |  35.08 |  35.08 |I I 
01:45-Thu-Feb-16-2017 PM2.5 |  15.64 |  16.54 |  16.48 |  16.48 |I I 
01:49-Thu-Feb-16-2017 PM10  |  32.76 |  34.99 |  35.08 |  35.08 |I I 
01:49-Thu-Feb-16-2017 PM2.5 |  16.75 |  16.55 |  16.48 |  16.48 |I I 
01:50-Thu-Feb-16-2017 PM10  |  35.87 |  35.04 |  35.08 |  35.08 |I I 
01:50-Thu-Feb-16-2017 PM2.5 |  16.05 |  16.53 |  16.48 |  16.48 |I I 
01:51-Thu-Feb-16-2017 PM10  |  35.87 |  35.07 |  35.08 |  35.08 |I I 
01:51-Thu-Feb-16-2017 PM2.5 |  16.05 |  16.50 |  16.48 |  16.48 |I I 
01:55-Thu-Feb-16-2017 PM10  |  34.98 |  35.07 |  35.08 |  35.08 |I I 
01:55-Thu-Feb-16-2017 PM2.5 |  16.97 |  16.52 |  16.48 |  16.48 |I I 
01:56-Thu-Feb-16-2017 PM10  |  39.07 |  35.24 |  35.08 |  35.08 |I I 
01:56-Thu-Feb-16-2017 PM2.5 |  16.36 |  16.52 |  16.48 |  16.48 |I I 
02:00-Thu-Feb-16-2017 PM10  |  36.93 |  35.31 |  35.31 |  35.08 |I I 
02:00-Thu-Feb-16-2017 PM2.5 |  17.09 |  16.54 |  16.54 |  16.48 |I I 
02:01-Thu-Feb-16-2017 PM10  |  37.30 |  37.30 |  35.31 |  35.08 |I I 
02:01-Thu-Feb-16-2017 PM2.5 |  16.33 |  16.33 |  16.54 |  16.48 |I I 
02:05-Thu-Feb-16-2017 PM10  |  36.92 |  37.11 |  35.31 |  35.08 |I I 
02:05-Thu-Feb-16-2017 PM2.5 |  17.01 |  16.67 |  16.54 |  16.48 |I I 
02:06-Thu-Feb-16-2017 PM10  |  36.45 |  36.89 |  35.31 |  35.08 |I I 
02:06-Thu-Feb-16-2017 PM2.5 |  16.14 |  16.49 |  16.54 |  16.48 |I I 
02:10-Thu-Feb-16-2017 PM10  |  37.87 |  37.13 |  35.31 |  35.08 |I I 
02:10-Thu-Feb-16-2017 PM2.5 |  18.37 |  16.96 |  16.54 |  16.48 |I I 
02:11-Thu-Feb-16-2017 PM10  |  37.27 |  37.16 |  35.31 |  35.08 |I I 
02:11-Thu-Feb-16-2017 PM2.5 |  16.38 |  16.85 |  16.54 |  16.48 |I I 
02:15-Thu-Feb-16-2017 PM10  |  38.38 |  37.36 |  35.31 |  35.08 |I I 
02:15-Thu-Feb-16-2017 PM2.5 |  17.48 |  16.95 |  16.54 |  16.48 |I I 
02:16-Thu-Feb-16-2017 PM10  |  35.73 |  37.13 |  35.31 |  35.08 |I I 
02:16-Thu-Feb-16-2017 PM2.5 |  16.54 |  16.89 |  16.54 |  16.48 |I I 
02:17-Thu-Feb-16-2017 PM10  |  35.73 |  36.96 |  35.31 |  35.08 |I I 
02:17-Thu-Feb-16-2017 PM2.5 |  16.54 |  16.85 |  16.54 |  16.48 |I I 
02:21-Thu-Feb-16-2017 PM10  |  33.11 |  36.53 |  35.31 |  35.08 |I I 
02:21-Thu-Feb-16-2017 PM2.5 |  17.00 |  16.86 |  16.54 |  16.48 |I I 
02:22-Thu-Feb-16-2017 PM10  |  34.56 |  36.33 |  35.31 |  35.08 |I I 
02:22-Thu-Feb-16-2017 PM2.5 |  15.80 |  16.76 |  16.54 |  16.48 |I I 
02:26-Thu-Feb-16-2017 PM10  |  34.84 |  36.20 |  35.31 |  35.08 |I I 
02:26-Thu-Feb-16-2017 PM2.5 |  16.93 |  16.77 |  16.54 |  16.48 |I I 
02:27-Thu-Feb-16-2017 PM10  |  38.38 |  36.38 |  35.31 |  35.08 |I I 
02:27-Thu-Feb-16-2017 PM2.5 |  16.54 |  16.75 |  16.54 |  16.48 |I I 
02:31-Thu-Feb-16-2017 PM10  |  37.48 |  36.46 |  35.31 |  35.08 |I I 
02:31-Thu-Feb-16-2017 PM2.5 |  17.18 |  16.79 |  16.54 |  16.48 |I I 
02:32-Thu-Feb-16-2017 PM10  |  38.10 |  36.58 |  35.31 |  35.08 |I I 
02:32-Thu-Feb-16-2017 PM2.5 |  16.72 |  16.78 |  16.54 |  16.48 |I I 
02:36-Thu-Feb-16-2017 PM10  |  36.97 |  36.61 |  35.31 |  35.08 |I I 
02:36-Thu-Feb-16-2017 PM2.5 |  17.52 |  16.83 |  16.54 |  16.48 |I I 
02:37-Thu-Feb-16-2017 PM10  |  41.10 |  36.89 |  35.31 |  35.08 |I I 
02:37-Thu-Feb-16-2017 PM2.5 |  16.60 |  16.82 |  16.54 |  16.48 |I I 
02:41-Thu-Feb-16-2017 PM10  |  38.69 |  36.99 |  35.31 |  35.08 |I I 
02:41-Thu-Feb-16-2017 PM2.5 |  18.11 |  16.89 |  16.54 |  16.48 |I I 
02:42-Thu-Feb-16-2017 PM10  |  37.03 |  37.00 |  35.31 |  35.08 |I I 
02:42-Thu-Feb-16-2017 PM2.5 |  16.38 |  16.86 |  16.54 |  16.48 |I I 
02:46-Thu-Feb-16-2017 PM10  |  38.22 |  37.06 |  35.31 |  35.08 |I I 
02:46-Thu-Feb-16-2017 PM2.5 |  17.93 |  16.92 |  16.54 |  16.48 |I I 
02:47-Thu-Feb-16-2017 PM10  |  38.22 |  37.12 |  35.31 |  35.08 |I I 
02:47-Thu-Feb-16-2017 PM2.5 |  17.93 |  16.97 |  16.54 |  16.48 |I I 
02:48-Thu-Feb-16-2017 PM10  |  36.95 |  37.11 |  35.31 |  35.08 |I I 
02:48-Thu-Feb-16-2017 PM2.5 |  16.13 |  16.93 |  16.54 |  16.48 |I I 
02:52-Thu-Feb-16-2017 PM10  |  38.78 |  37.19 |  35.31 |  35.08 |I I 
02:52-Thu-Feb-16-2017 PM2.5 |  18.07 |  16.98 |  16.54 |  16.48 |I I 
02:53-Thu-Feb-16-2017 PM10  |  35.85 |  37.13 |  35.31 |  35.08 |I I 
02:53-Thu-Feb-16-2017 PM2.5 |  16.40 |  16.96 |  16.54 |  16.48 |I I 
02:57-Thu-Feb-16-2017 PM10  |  35.13 |  37.04 |  35.31 |  35.08 |I I 
02:57-Thu-Feb-16-2017 PM2.5 |  17.32 |  16.97 |  16.54 |  16.48 |I I 
02:58-Thu-Feb-16-2017 PM10  |  33.42 |  36.90 |  35.31 |  35.08 |I I 
02:58-Thu-Feb-16-2017 PM2.5 |  16.53 |  16.95 |  16.54 |  16.48 |I I 
03:02-Thu-Feb-16-2017 PM10  |  36.61 |  36.89 |  36.89 |  35.08 |I I 
03:02-Thu-Feb-16-2017 PM2.5 |  17.88 |  16.99 |  16.99 |  16.48 |I I 
03:03-Thu-Feb-16-2017 PM10  |  36.60 |  36.60 |  36.89 |  35.08 |I I 
03:03-Thu-Feb-16-2017 PM2.5 |  17.04 |  17.04 |  16.99 |  16.48 |I I 
03:07-Thu-Feb-16-2017 PM10  |  35.00 |  35.80 |  36.89 |  35.08 |I I 
03:07-Thu-Feb-16-2017 PM2.5 |  18.07 |  17.55 |  16.99 |  16.48 |I I 
03:08-Thu-Feb-16-2017 PM10  |  33.58 |  35.06 |  36.89 |  35.08 |I I 
03:08-Thu-Feb-16-2017 PM2.5 |  16.10 |  17.07 |  16.99 |  16.48 |I I 
03:12-Thu-Feb-16-2017 PM10  |  35.47 |  35.16 |  36.89 |  35.08 |I I 
03:12-Thu-Feb-16-2017 PM2.5 |  17.20 |  17.10 |  16.99 |  16.48 |I I 
03:13-Thu-Feb-16-2017 PM10  |  35.47 |  35.22 |  36.89 |  35.08 |I I 
03:13-Thu-Feb-16-2017 PM2.5 |  17.20 |  17.12 |  16.99 |  16.48 |I I 
03:14-Thu-Feb-16-2017 PM10  |  33.34 |  34.91 |  36.89 |  35.08 |I I 
03:14-Thu-Feb-16-2017 PM2.5 |  15.93 |  16.92 |  16.99 |  16.48 |I I 
03:18-Thu-Feb-16-2017 PM10  |  33.14 |  34.66 |  36.89 |  35.08 |I I 
03:18-Thu-Feb-16-2017 PM2.5 |  17.05 |  16.94 |  16.99 |  16.48 |I I 
03:19-Thu-Feb-16-2017 PM10  |  32.61 |  34.40 |  36.89 |  35.08 |I I 
03:19-Thu-Feb-16-2017 PM2.5 |  15.23 |  16.73 |  16.99 |  16.48 |I I 
03:23-Thu-Feb-16-2017 PM10  |  32.63 |  34.20 |  36.89 |  35.08 |I I 
03:23-Thu-Feb-16-2017 PM2.5 |  16.20 |  16.67 |  16.99 |  16.48 |I I 
03:24-Thu-Feb-16-2017 PM10  |  33.18 |  34.10 |  36.89 |  35.08 |I I 
03:24-Thu-Feb-16-2017 PM2.5 |  15.74 |  16.58 |  16.99 |  16.48 |I I 
03:28-Thu-Feb-16-2017 PM10  |  34.05 |  34.10 |  36.89 |  35.08 |I I 
03:28-Thu-Feb-16-2017 PM2.5 |  17.37 |  16.65 |  16.99 |  16.48 |I I 
03:29-Thu-Feb-16-2017 PM10  |  32.99 |  34.00 |  36.89 |  35.08 |I I 
03:29-Thu-Feb-16-2017 PM2.5 |  15.86 |  16.58 |  16.99 |  16.48 |I I 
03:34-Thu-Feb-16-2017 PM10  |  36.01 |  34.16 |  36.89 |  35.08 |I I 
03:34-Thu-Feb-16-2017 PM2.5 |  17.30 |  16.64 |  16.99 |  16.48 |I I 
03:35-Thu-Feb-16-2017 PM10  |  35.75 |  34.27 |  36.89 |  35.08 |I I 
03:35-Thu-Feb-16-2017 PM2.5 |  16.00 |  16.59 |  16.99 |  16.48 |I I 
03:39-Thu-Feb-16-2017 PM10  |  34.49 |  34.29 |  36.89 |  35.08 |I I 
03:39-Thu-Feb-16-2017 PM2.5 |  16.77 |  16.60 |  16.99 |  16.48 |I I 
03:40-Thu-Feb-16-2017 PM10  |  34.49 |  34.30 |  36.89 |  35.08 |I I 
03:40-Thu-Feb-16-2017 PM2.5 |  16.77 |  16.61 |  16.99 |  16.48 |I I 
03:41-Thu-Feb-16-2017 PM10  |  33.67 |  34.26 |  36.89 |  35.08 |I I 
03:41-Thu-Feb-16-2017 PM2.5 |  15.54 |  16.55 |  16.99 |  16.48 |I I 
03:45-Thu-Feb-16-2017 PM10  |  39.31 |  34.54 |  36.89 |  35.08 |I I 
03:45-Thu-Feb-16-2017 PM2.5 |  17.59 |  16.61 |  16.99 |  16.48 |I I 
03:46-Thu-Feb-16-2017 PM10  |  35.62 |  34.60 |  36.89 |  35.08 |I I 
03:46-Thu-Feb-16-2017 PM2.5 |  15.35 |  16.54 |  16.99 |  16.48 |I I 
03:50-Thu-Feb-16-2017 PM10  |  34.16 |  34.58 |  36.89 |  35.08 |I I 
03:50-Thu-Feb-16-2017 PM2.5 |  16.81 |  16.56 |  16.99 |  16.48 |I I 
03:51-Thu-Feb-16-2017 PM10  |  30.30 |  34.37 |  36.89 |  35.08 |I I 
03:51-Thu-Feb-16-2017 PM2.5 |  14.83 |  16.47 |  16.99 |  16.48 |I I 
03:55-Thu-Feb-16-2017 PM10  |  29.37 |  34.15 |  36.89 |  35.08 |I I 
03:55-Thu-Feb-16-2017 PM2.5 |  15.69 |  16.44 |  16.99 |  16.48 |I I 
03:56-Thu-Feb-16-2017 PM10  |  33.29 |  34.11 |  36.89 |  35.08 |I I 
03:56-Thu-Feb-16-2017 PM2.5 |  15.91 |  16.42 |  16.99 |  16.48 |I I 
04:00-Thu-Feb-16-2017 PM10  |  34.95 |  34.14 |  36.89 |  34.14 |I I 
04:00-Thu-Feb-16-2017 PM2.5 |  16.70 |  16.43 |  16.99 |  16.43 |I I 
04:01-Thu-Feb-16-2017 PM10  |  30.97 |  30.97 |  36.89 |  34.14 |I I 
04:01-Thu-Feb-16-2017 PM2.5 |  15.50 |  15.50 |  16.99 |  16.43 |I I 
04:05-Thu-Feb-16-2017 PM10  |  36.66 |  33.82 |  36.89 |  34.14 |I I 
04:05-Thu-Feb-16-2017 PM2.5 |  16.45 |  15.98 |  16.99 |  16.43 |I I 
04:06-Thu-Feb-16-2017 PM10  |  32.98 |  33.54 |  36.89 |  34.14 |I I 
04:06-Thu-Feb-16-2017 PM2.5 |  14.82 |  15.59 |  16.99 |  16.43 |I I 
04:07-Thu-Feb-16-2017 PM10  |  32.98 |  33.40 |  36.89 |  34.14 |I I 
04:07-Thu-Feb-16-2017 PM2.5 |  14.82 |  15.40 |  16.99 |  16.43 |I I 
04:11-Thu-Feb-16-2017 PM10  |  33.46 |  33.41 |  36.89 |  34.14 |I I 
04:11-Thu-Feb-16-2017 PM2.5 |  16.68 |  15.66 |  16.99 |  16.43 |I I 
04:12-Thu-Feb-16-2017 PM10  |  32.03 |  33.18 |  36.89 |  34.14 |I I 
04:12-Thu-Feb-16-2017 PM2.5 |  14.65 |  15.49 |  16.99 |  16.43 |I I 
04:16-Thu-Feb-16-2017 PM10  |  31.53 |  32.94 |  36.89 |  34.14 |I I 
04:16-Thu-Feb-16-2017 PM2.5 |  16.02 |  15.56 |  16.99 |  16.43 |I I 
04:17-Thu-Feb-16-2017 PM10  |  33.11 |  32.96 |  36.89 |  34.14 |I I 
04:17-Thu-Feb-16-2017 PM2.5 |  15.27 |  15.53 |  16.99 |  16.43 |I I 
04:21-Thu-Feb-16-2017 PM10  |  35.03 |  33.19 |  36.89 |  34.14 |I I 
04:21-Thu-Feb-16-2017 PM2.5 |  16.96 |  15.69 |  16.99 |  16.43 |I I 
04:22-Thu-Feb-16-2017 PM10  |  33.62 |  33.24 |  36.89 |  34.14 |I I 
04:22-Thu-Feb-16-2017 PM2.5 |  15.59 |  15.68 |  16.99 |  16.43 |I I 
04:26-Thu-Feb-16-2017 PM10  |  32.89 |  33.21 |  36.89 |  34.14 |I I 
04:26-Thu-Feb-16-2017 PM2.5 |  16.18 |  15.72 |  16.99 |  16.43 |I I 
04:27-Thu-Feb-16-2017 PM10  |  36.25 |  33.46 |  36.89 |  34.14 |I I 
04:27-Thu-Feb-16-2017 PM2.5 |  15.69 |  15.72 |  16.99 |  16.43 |I I 
04:31-Thu-Feb-16-2017 PM10  |  36.55 |  33.70 |  36.89 |  34.14 |I I 
04:31-Thu-Feb-16-2017 PM2.5 |  17.05 |  15.82 |  16.99 |  16.43 |I I 
04:32-Thu-Feb-16-2017 PM10  |  34.41 |  33.75 |  36.89 |  34.14 |I I 
04:32-Thu-Feb-16-2017 PM2.5 |  15.12 |  15.77 |  16.99 |  16.43 |I I 
04:33-Thu-Feb-16-2017 PM10  |  34.41 |  33.79 |  36.89 |  34.14 |I I 
04:33-Thu-Feb-16-2017 PM2.5 |  15.12 |  15.73 |  16.99 |  16.43 |I I 
04:36-Thu-Feb-16-2017 PM10  |  32.90 |  33.74 |  36.89 |  34.14 |I I 
04:36-Thu-Feb-16-2017 PM2.5 |  16.02 |  15.75 |  16.99 |  16.43 |I I 
04:37-Thu-Feb-16-2017 PM10  |  32.90 |  33.69 |  36.89 |  34.14 |I I 
04:37-Thu-Feb-16-2017 PM2.5 |  16.02 |  15.76 |  16.99 |  16.43 |I I 
04:38-Thu-Feb-16-2017 PM10  |  30.82 |  33.53 |  36.89 |  34.14 |I I 
04:38-Thu-Feb-16-2017 PM2.5 |  15.17 |  15.73 |  16.99 |  16.43 |I I 
04:42-Thu-Feb-16-2017 PM10  |  31.40 |  33.42 |  36.89 |  34.14 |I I 
04:42-Thu-Feb-16-2017 PM2.5 |  16.26 |  15.76 |  16.99 |  16.43 |I I 
04:43-Thu-Feb-16-2017 PM10  |  35.55 |  33.52 |  36.89 |  34.14 |I I 
04:43-Thu-Feb-16-2017 PM2.5 |  15.09 |  15.72 |  16.99 |  16.43 |I I 
04:47-Thu-Feb-16-2017 PM10  |  36.73 |  33.68 |  36.89 |  34.14 |I I 
04:47-Thu-Feb-16-2017 PM2.5 |  16.74 |  15.77 |  16.99 |  16.43 |I I 
04:48-Thu-Feb-16-2017 PM10  |  31.27 |  33.57 |  36.89 |  34.14 |I I 
04:48-Thu-Feb-16-2017 PM2.5 |  14.85 |  15.73 |  16.99 |  16.43 |I I 
04:52-Thu-Feb-16-2017 PM10  |  37.14 |  33.72 |  36.89 |  34.14 |I I 
04:52-Thu-Feb-16-2017 PM2.5 |  16.52 |  15.76 |  16.99 |  16.43 |I I 
04:53-Thu-Feb-16-2017 PM10  |  33.84 |  33.73 |  36.89 |  34.14 |I I 
04:53-Thu-Feb-16-2017 PM2.5 |  14.94 |  15.73 |  16.99 |  16.43 |I I 
04:57-Thu-Feb-16-2017 PM10  |  34.61 |  33.76 |  36.89 |  34.14 |I I 
04:57-Thu-Feb-16-2017 PM2.5 |  16.56 |  15.76 |  16.99 |  16.43 |I I 
04:58-Thu-Feb-16-2017 PM10  |  35.39 |  33.82 |  36.89 |  34.14 |I I 
04:58-Thu-Feb-16-2017 PM2.5 |  15.71 |  15.76 |  16.99 |  16.43 |I I 
05:02-Thu-Feb-16-2017 PM10  |  36.36 |  33.92 |  36.89 |  33.92 |I I 
05:02-Thu-Feb-16-2017 PM2.5 |  16.63 |  15.79 |  16.99 |  15.79 |I I 
05:03-Thu-Feb-16-2017 PM10  |  36.36 |  36.36 |  36.89 |  33.92 |I I 
05:03-Thu-Feb-16-2017 PM2.5 |  16.63 |  16.63 |  16.99 |  15.79 |I I 
05:04-Thu-Feb-16-2017 PM10  |  33.18 |  34.77 |  36.89 |  33.92 |I I 
05:04-Thu-Feb-16-2017 PM2.5 |  15.36 |  16.00 |  16.99 |  15.79 |I I 
05:08-Thu-Feb-16-2017 PM10  |  32.41 |  33.98 |  36.89 |  33.92 |I I 
05:08-Thu-Feb-16-2017 PM2.5 |  16.06 |  16.02 |  16.99 |  15.79 |I I 
05:09-Thu-Feb-16-2017 PM10  |  33.48 |  33.86 |  36.89 |  33.92 |I I 
05:09-Thu-Feb-16-2017 PM2.5 |  14.88 |  15.73 |  16.99 |  15.79 |I I 
05:13-Thu-Feb-16-2017 PM10  |  33.09 |  33.70 |  36.89 |  33.92 |I I 
05:13-Thu-Feb-16-2017 PM2.5 |  15.98 |  15.78 |  16.99 |  15.79 |I I 
05:14-Thu-Feb-16-2017 PM10  |  33.37 |  33.65 |  36.89 |  33.92 |I I 
05:14-Thu-Feb-16-2017 PM2.5 |  15.25 |  15.69 |  16.99 |  15.79 |I I 
05:18-Thu-Feb-16-2017 PM10  |  34.04 |  33.70 |  36.89 |  33.92 |I I 
05:18-Thu-Feb-16-2017 PM2.5 |  16.23 |  15.77 |  16.99 |  15.79 |I I 
05:19-Thu-Feb-16-2017 PM10  |  33.51 |  33.68 |  36.89 |  33.92 |I I 
05:19-Thu-Feb-16-2017 PM2.5 |  15.19 |  15.70 |  16.99 |  15.79 |I I 
05:23-Thu-Feb-16-2017 PM10  |  36.19 |  33.96 |  36.89 |  33.92 |I I 
05:23-Thu-Feb-16-2017 PM2.5 |  16.90 |  15.83 |  16.99 |  15.79 |I I 
05:24-Thu-Feb-16-2017 PM10  |  33.54 |  33.92 |  36.89 |  33.92 |I I 
05:24-Thu-Feb-16-2017 PM2.5 |  14.69 |  15.72 |  16.99 |  15.79 |I I 
05:28-Thu-Feb-16-2017 PM10  |  33.22 |  33.85 |  36.89 |  33.92 |I I 
05:28-Thu-Feb-16-2017 PM2.5 |  15.78 |  15.72 |  16.99 |  15.79 |I I 
05:29-Thu-Feb-16-2017 PM10  |  33.22 |  33.80 |  36.89 |  33.92 |I I 
05:29-Thu-Feb-16-2017 PM2.5 |  15.78 |  15.73 |  16.99 |  15.79 |I I 
05:30-Thu-Feb-16-2017 PM10  |  34.11 |  33.83 |  36.89 |  33.92 |I I 
05:30-Thu-Feb-16-2017 PM2.5 |  15.32 |  15.70 |  16.99 |  15.79 |I I 
05:34-Thu-Feb-16-2017 PM10  |  34.06 |  33.84 |  36.89 |  33.92 |I I 
05:34-Thu-Feb-16-2017 PM2.5 |  16.69 |  15.77 |  16.99 |  15.79 |I I 
05:35-Thu-Feb-16-2017 PM10  |  32.03 |  33.72 |  36.89 |  33.92 |I I 
05:35-Thu-Feb-16-2017 PM2.5 |  14.63 |  15.69 |  16.99 |  15.79 |I I 
05:39-Thu-Feb-16-2017 PM10  |  30.69 |  33.53 |  36.89 |  33.92 |I I 
05:39-Thu-Feb-16-2017 PM2.5 |  15.38 |  15.67 |  16.99 |  15.79 |I I 
05:40-Thu-Feb-16-2017 PM10  |  29.03 |  33.27 |  36.89 |  33.92 |I I 
05:40-Thu-Feb-16-2017 PM2.5 |  14.71 |  15.62 |  16.99 |  15.79 |I I 
05:44-Thu-Feb-16-2017 PM10  |  34.51 |  33.34 |  36.89 |  33.92 |I I 
05:44-Thu-Feb-16-2017 PM2.5 |  15.72 |  15.62 |  16.99 |  15.79 |I I 
05:45-Thu-Feb-16-2017 PM10  |  33.19 |  33.33 |  36.89 |  33.92 |I I 
05:45-Thu-Feb-16-2017 PM2.5 |  14.26 |  15.55 |  16.99 |  15.79 |I I 
05:49-Thu-Feb-16-2017 PM10  |  34.30 |  33.38 |  36.89 |  33.92 |I I 
05:49-Thu-Feb-16-2017 PM2.5 |  15.72 |  15.56 |  16.99 |  15.79 |I I 
05:50-Thu-Feb-16-2017 PM10  |  32.58 |  33.34 |  36.89 |  33.92 |I I 
05:50-Thu-Feb-16-2017 PM2.5 |  14.35 |  15.50 |  16.99 |  15.79 |I I 
05:54-Thu-Feb-16-2017 PM10  |  33.90 |  33.36 |  36.89 |  33.92 |I I 
05:54-Thu-Feb-16-2017 PM2.5 |  16.11 |  15.53 |  16.99 |  15.79 |I I 
05:55-Thu-Feb-16-2017 PM10  |  32.82 |  33.34 |  36.89 |  33.92 |I I 
05:55-Thu-Feb-16-2017 PM2.5 |  14.96 |  15.50 |  16.99 |  15.79 |I I 
05:56-Thu-Feb-16-2017 PM10  |  32.82 |  33.32 |  36.89 |  33.92 |I I 
05:56-Thu-Feb-16-2017 PM2.5 |  14.96 |  15.48 |  16.99 |  15.79 |I I 
06:00-Thu-Feb-16-2017 PM10  |  35.52 |  33.41 |  36.89 |  33.41 |I I 
06:00-Thu-Feb-16-2017 PM2.5 |  16.39 |  15.52 |  16.99 |  15.52 |I I 
06:01-Thu-Feb-16-2017 PM10  |  34.78 |  34.78 |  36.89 |  33.41 |I I 
06:01-Thu-Feb-16-2017 PM2.5 |  15.37 |  15.37 |  16.99 |  15.52 |I I 
06:05-Thu-Feb-16-2017 PM10  |  40.36 |  37.57 |  36.89 |  33.41 |I I 
06:05-Thu-Feb-16-2017 PM2.5 |  17.92 |  16.65 |  16.99 |  15.52 |I I 
06:06-Thu-Feb-16-2017 PM10  |  35.93 |  37.03 |  36.89 |  33.41 |I I 
06:06-Thu-Feb-16-2017 PM2.5 |  14.88 |  16.06 |  16.99 |  15.52 |I I 
06:10-Thu-Feb-16-2017 PM10  |  35.97 |  36.76 |  36.89 |  33.41 |I I 
06:10-Thu-Feb-16-2017 PM2.5 |  16.07 |  16.06 |  16.99 |  15.52 |I I 
06:11-Thu-Feb-16-2017 PM10  |  34.35 |  36.28 |  36.89 |  33.41 |I I 
06:11-Thu-Feb-16-2017 PM2.5 |  14.92 |  15.83 |  16.99 |  15.52 |I I 
06:15-Thu-Feb-16-2017 PM10  |  35.69 |  36.18 |  36.89 |  33.41 |I I 
06:15-Thu-Feb-16-2017 PM2.5 |  16.12 |  15.88 |  16.99 |  15.52 |I I 
06:16-Thu-Feb-16-2017 PM10  |  33.69 |  35.82 |  36.89 |  33.41 |I I 
06:16-Thu-Feb-16-2017 PM2.5 |  14.45 |  15.68 |  16.99 |  15.52 |I I 
06:20-Thu-Feb-16-2017 PM10  |  34.02 |  35.60 |  36.89 |  33.41 |I I 
06:20-Thu-Feb-16-2017 PM2.5 |  16.78 |  15.81 |  16.99 |  15.52 |I I 
06:21-Thu-Feb-16-2017 PM10  |  32.03 |  35.20 |  36.89 |  33.41 |I I 
06:21-Thu-Feb-16-2017 PM2.5 |  15.12 |  15.74 |  16.99 |  15.52 |I I 
06:22-Thu-Feb-16-2017 PM10  |  32.03 |  34.88 |  36.89 |  33.41 |I I 
06:22-Thu-Feb-16-2017 PM2.5 |  15.12 |  15.68 |  16.99 |  15.52 |I I 
06:26-Thu-Feb-16-2017 PM10  |  38.04 |  35.17 |  36.89 |  33.41 |I I 
06:26-Thu-Feb-16-2017 PM2.5 |  16.83 |  15.78 |  16.99 |  15.52 |I I 
06:27-Thu-Feb-16-2017 PM10  |  33.59 |  35.04 |  36.89 |  33.41 |I I 
06:27-Thu-Feb-16-2017 PM2.5 |  15.50 |  15.76 |  16.99 |  15.52 |I I 
06:31-Thu-Feb-16-2017 PM10  |  35.04 |  35.04 |  36.89 |  33.41 |I I 
06:31-Thu-Feb-16-2017 PM2.5 |  16.04 |  15.78 |  16.99 |  15.52 |I I 
06:33-Thu-Feb-16-2017 PM10  |  35.24 |  35.05 |  36.89 |  33.41 |I I 
06:33-Thu-Feb-16-2017 PM2.5 |  15.87 |  15.79 |  16.99 |  15.52 |I I 
06:37-Thu-Feb-16-2017 PM10  |  35.11 |  35.06 |  36.89 |  33.41 |I I 
06:37-Thu-Feb-16-2017 PM2.5 |  16.47 |  15.83 |  16.99 |  15.52 |I I 
06:38-Thu-Feb-16-2017 PM10  |  36.21 |  35.13 |  36.89 |  33.41 |I I 
06:38-Thu-Feb-16-2017 PM2.5 |  16.70 |  15.89 |  16.99 |  15.52 |I I 
06:42-Thu-Feb-16-2017 PM10  |  38.42 |  35.32 |  36.89 |  33.41 |I I 
06:42-Thu-Feb-16-2017 PM2.5 |  17.56 |  15.99 |  16.99 |  15.52 |I I 
06:43-Thu-Feb-16-2017 PM10  |  29.95 |  35.03 |  36.89 |  33.41 |I I 
06:43-Thu-Feb-16-2017 PM2.5 |  13.93 |  15.87 |  16.99 |  15.52 |I I 
06:47-Thu-Feb-16-2017 PM10  |  32.16 |  34.87 |  36.89 |  33.41 |I I 
06:47-Thu-Feb-16-2017 PM2.5 |  15.71 |  15.86 |  16.99 |  15.52 |I I 
06:48-Thu-Feb-16-2017 PM10  |  38.41 |  35.05 |  36.89 |  33.41 |I I 
06:48-Thu-Feb-16-2017 PM2.5 |  15.35 |  15.84 |  16.99 |  15.52 |I I 
06:52-Thu-Feb-16-2017 PM10  |  32.76 |  34.94 |  36.89 |  33.41 |I I 
06:52-Thu-Feb-16-2017 PM2.5 |  15.92 |  15.84 |  16.99 |  15.52 |I I 
06:53-Thu-Feb-16-2017 PM10  |  32.76 |  34.84 |  36.89 |  33.41 |I I 
06:53-Thu-Feb-16-2017 PM2.5 |  15.92 |  15.84 |  16.99 |  15.52 |I I 
06:54-Thu-Feb-16-2017 PM10  |  36.19 |  34.90 |  36.89 |  33.41 |I I 
06:54-Thu-Feb-16-2017 PM2.5 |  15.05 |  15.81 |  16.99 |  15.52 |I I 
06:58-Thu-Feb-16-2017 PM10  |  34.73 |  34.89 |  36.89 |  33.41 |I I 
06:58-Thu-Feb-16-2017 PM2.5 |  15.64 |  15.80 |  16.99 |  15.52 |I I 
06:59-Thu-Feb-16-2017 PM10  |  35.56 |  34.92 |  36.89 |  33.41 |I I 
06:59-Thu-Feb-16-2017 PM2.5 |  15.02 |  15.77 |  16.99 |  15.52 |I I 
07:03-Thu-Feb-16-2017 PM10  |  38.92 |  35.08 |  36.89 |  33.41 |I I 
07:03-Thu-Feb-16-2017 PM2.5 |  16.83 |  15.81 |  16.99 |  15.52 |I I 
07:04-Thu-Feb-16-2017 PM10  |  35.63 |  35.63 |  36.89 |  33.41 |I I 
07:04-Thu-Feb-16-2017 PM2.5 |  15.80 |  15.80 |  16.99 |  15.52 |I I 
07:08-Thu-Feb-16-2017 PM10  |  41.43 |  38.53 |  36.89 |  33.41 |I I 
07:08-Thu-Feb-16-2017 PM2.5 |  16.71 |  16.25 |  16.99 |  15.52 |I I 
07:09-Thu-Feb-16-2017 PM10  |  36.43 |  37.83 |  36.89 |  33.41 |I I 
07:09-Thu-Feb-16-2017 PM2.5 |  15.37 |  15.96 |  16.99 |  15.52 |I I 
07:13-Thu-Feb-16-2017 PM10  |  39.06 |  38.14 |  36.89 |  33.41 |I I 
07:13-Thu-Feb-16-2017 PM2.5 |  16.63 |  16.13 |  16.99 |  15.52 |I I 
07:14-Thu-Feb-16-2017 PM10  |  35.17 |  37.54 |  36.89 |  33.41 |I I 
07:14-Thu-Feb-16-2017 PM2.5 |  15.02 |  15.91 |  16.99 |  15.52 |I I 
07:18-Thu-Feb-16-2017 PM10  |  35.60 |  37.22 |  36.89 |  33.41 |I I 
07:18-Thu-Feb-16-2017 PM2.5 |  15.44 |  15.83 |  16.99 |  15.52 |I I 
07:19-Thu-Feb-16-2017 PM10  |  35.60 |  36.99 |  36.89 |  33.41 |I I 
07:19-Thu-Feb-16-2017 PM2.5 |  15.44 |  15.77 |  16.99 |  15.52 |I I 
07:20-Thu-Feb-16-2017 PM10  |  33.35 |  36.53 |  36.89 |  33.41 |I I 
07:20-Thu-Feb-16-2017 PM2.5 |  14.73 |  15.64 |  16.99 |  15.52 |I I 
07:24-Thu-Feb-16-2017 PM10  |  36.25 |  36.50 |  36.89 |  33.41 |I I 
07:24-Thu-Feb-16-2017 PM2.5 |  16.10 |  15.69 |  16.99 |  15.52 |I I 
07:25-Thu-Feb-16-2017 PM10  |  30.64 |  35.92 |  36.89 |  33.41 |I I 
07:25-Thu-Feb-16-2017 PM2.5 |  14.66 |  15.59 |  16.99 |  15.52 |I I 
07:29-Thu-Feb-16-2017 PM10  |  33.40 |  35.69 |  36.89 |  33.41 |I I 
07:29-Thu-Feb-16-2017 PM2.5 |  16.20 |  15.64 |  16.99 |  15.52 |I I 
07:30-Thu-Feb-16-2017 PM10  |  31.77 |  35.36 |  36.89 |  33.41 |I I 
07:30-Thu-Feb-16-2017 PM2.5 |  14.27 |  15.53 |  16.99 |  15.52 |I I 
07:34-Thu-Feb-16-2017 PM10  |  34.04 |  35.26 |  36.89 |  33.41 |I I 
07:34-Thu-Feb-16-2017 PM2.5 |  15.75 |  15.55 |  16.99 |  15.52 |I I 
07:35-Thu-Feb-16-2017 PM10  |  32.02 |  35.03 |  36.89 |  33.41 |I I 
07:35-Thu-Feb-16-2017 PM2.5 |  14.38 |  15.46 |  16.99 |  15.52 |I I 
07:39-Thu-Feb-16-2017 PM10  |  33.39 |  34.92 |  36.89 |  33.41 |I I 
07:39-Thu-Feb-16-2017 PM2.5 |  16.16 |  15.51 |  16.99 |  15.52 |I I 
07:40-Thu-Feb-16-2017 PM10  |  31.37 |  34.70 |  36.89 |  33.41 |I I 
07:40-Thu-Feb-16-2017 PM2.5 |  14.19 |  15.43 |  16.99 |  15.52 |I I 
07:44-Thu-Feb-16-2017 PM10  |  34.72 |  34.70 |  36.89 |  33.41 |I I 
07:44-Thu-Feb-16-2017 PM2.5 |  16.56 |  15.49 |  16.99 |  15.52 |I I 
07:45-Thu-Feb-16-2017 PM10  |  33.73 |  34.64 |  36.89 |  33.41 |I I 
07:45-Thu-Feb-16-2017 PM2.5 |  14.35 |  15.43 |  16.99 |  15.52 |I I 
07:46-Thu-Feb-16-2017 PM10  |  33.73 |  34.60 |  36.89 |  33.41 |I I 
07:46-Thu-Feb-16-2017 PM2.5 |  14.35 |  15.37 |  16.99 |  15.52 |I I 
07:50-Thu-Feb-16-2017 PM10  |  36.17 |  34.67 |  36.89 |  33.41 |I I 
07:50-Thu-Feb-16-2017 PM2.5 |  16.23 |  15.42 |  16.99 |  15.52 |I I 
07:51-Thu-Feb-16-2017 PM10  |  33.87 |  34.64 |  36.89 |  33.41 |I I 
07:51-Thu-Feb-16-2017 PM2.5 |  13.96 |  15.35 |  16.99 |  15.52 |I I 
07:55-Thu-Feb-16-2017 PM10  |  41.54 |  34.95 |  36.89 |  33.41 |I I 
07:55-Thu-Feb-16-2017 PM2.5 |  16.10 |  15.38 |  16.99 |  15.52 |I I 
07:56-Thu-Feb-16-2017 PM10  |  36.47 |  35.02 |  36.89 |  33.41 |I I 
07:56-Thu-Feb-16-2017 PM2.5 |  15.65 |  15.39 |  16.99 |  15.52 |I I 
08:00-Thu-Feb-16-2017 PM10  |  38.57 |  35.16 |  36.89 |  33.41 |I I 
08:00-Thu-Feb-16-2017 PM2.5 |  16.42 |  15.44 |  16.99 |  15.44 |I I 
08:01-Thu-Feb-16-2017 PM10  |  38.09 |  38.09 |  36.89 |  33.41 |I I 
08:01-Thu-Feb-16-2017 PM2.5 |  16.26 |  16.26 |  16.99 |  15.44 |I I 
08:05-Thu-Feb-16-2017 PM10  |  38.32 |  38.21 |  36.89 |  33.41 |I I 
08:05-Thu-Feb-16-2017 PM2.5 |  17.42 |  16.84 |  16.99 |  15.44 |I I 
08:06-Thu-Feb-16-2017 PM10  |  41.68 |  39.36 |  36.89 |  33.41 |I I 
08:06-Thu-Feb-16-2017 PM2.5 |  16.77 |  16.82 |  16.99 |  15.44 |I I 
08:10-Thu-Feb-16-2017 PM10  |  39.22 |  39.33 |  36.89 |  33.41 |I I 
08:10-Thu-Feb-16-2017 PM2.5 |  17.61 |  17.01 |  16.99 |  15.44 |I I 
08:11-Thu-Feb-16-2017 PM10  |  36.26 |  38.71 |  36.89 |  33.41 |I I 
08:11-Thu-Feb-16-2017 PM2.5 |  16.80 |  16.97 |  16.99 |  15.44 |I I 
08:12-Thu-Feb-16-2017 PM10  |  36.26 |  38.31 |  36.89 |  33.41 |I I 
08:12-Thu-Feb-16-2017 PM2.5 |  16.80 |  16.94 |  16.99 |  15.44 |I I 
08:16-Thu-Feb-16-2017 PM10  |  38.27 |  38.30 |  36.89 |  33.41 |I I 
08:16-Thu-Feb-16-2017 PM2.5 |  17.37 |  17.00 |  16.99 |  15.44 |I I 
08:17-Thu-Feb-16-2017 PM10  |  38.47 |  38.32 |  36.89 |  33.41 |I I 
08:17-Thu-Feb-16-2017 PM2.5 |  16.85 |  16.99 |  16.99 |  15.44 |I I 
08:21-Thu-Feb-16-2017 PM10  |  38.75 |  38.37 |  36.89 |  33.41 |I I 
08:21-Thu-Feb-16-2017 PM2.5 |  18.16 |  17.12 |  16.99 |  15.44 |I I 
08:22-Thu-Feb-16-2017 PM10  |  36.38 |  38.17 |  36.89 |  33.41 |I I 
08:22-Thu-Feb-16-2017 PM2.5 |  16.47 |  17.05 |  16.99 |  15.44 |I I 
08:26-Thu-Feb-16-2017 PM10  |  40.10 |  38.35 |  36.89 |  33.41 |I I 
08:26-Thu-Feb-16-2017 PM2.5 |  17.89 |  17.13 |  16.99 |  15.44 |I I 
08:27-Thu-Feb-16-2017 PM10  |  44.65 |  38.87 |  36.89 |  33.41 |I I 
08:27-Thu-Feb-16-2017 PM2.5 |  17.16 |  17.13 |  16.99 |  15.44 |I I 
08:31-Thu-Feb-16-2017 PM10  |  42.64 |  39.16 |  36.89 |  33.41 |I I 
08:31-Thu-Feb-16-2017 PM2.5 |  18.33 |  17.22 |  16.99 |  15.44 |I I 
08:32-Thu-Feb-16-2017 PM10  |  43.57 |  39.48 |  36.89 |  33.41 |I I 
08:32-Thu-Feb-16-2017 PM2.5 |  17.83 |  17.27 |  16.99 |  15.44 |I I 
08:36-Thu-Feb-16-2017 PM10  |  40.35 |  39.53 |  36.89 |  33.41 |I I 
08:36-Thu-Feb-16-2017 PM2.5 |  18.62 |  17.36 |  16.99 |  15.44 |I I 
08:37-Thu-Feb-16-2017 PM10  |  38.02 |  39.44 |  36.89 |  33.41 |I I 
08:37-Thu-Feb-16-2017 PM2.5 |  17.44 |  17.36 |  16.99 |  15.44 |I I 
08:41-Thu-Feb-16-2017 PM10  |  37.60 |  39.33 |  36.89 |  33.41 |I I 
08:41-Thu-Feb-16-2017 PM2.5 |  17.88 |  17.39 |  16.99 |  15.44 |I I 
08:42-Thu-Feb-16-2017 PM10  |  37.60 |  39.24 |  36.89 |  33.41 |I I 
08:42-Thu-Feb-16-2017 PM2.5 |  17.88 |  17.42 |  16.99 |  15.44 |I I 
08:43-Thu-Feb-16-2017 PM10  |  37.93 |  39.17 |  36.89 |  33.41 |I I 
08:43-Thu-Feb-16-2017 PM2.5 |  17.32 |  17.41 |  16.99 |  15.44 |I I 
08:47-Thu-Feb-16-2017 PM10  |  39.41 |  39.18 |  36.89 |  33.41 |I I 
08:47-Thu-Feb-16-2017 PM2.5 |  19.11 |  17.50 |  16.99 |  15.44 |I I 
08:48-Thu-Feb-16-2017 PM10  |  38.69 |  39.16 |  36.89 |  33.41 |I I 
08:48-Thu-Feb-16-2017 PM2.5 |  18.07 |  17.53 |  16.99 |  15.44 |I I 
08:52-Thu-Feb-16-2017 PM10  |  41.46 |  39.26 |  36.89 |  33.41 |I I 
08:52-Thu-Feb-16-2017 PM2.5 |  19.14 |  17.60 |  16.99 |  15.44 |I I 
08:53-Thu-Feb-16-2017 PM10  |  38.68 |  39.24 |  36.89 |  33.41 |I I 
08:53-Thu-Feb-16-2017 PM2.5 |  18.11 |  17.62 |  16.99 |  15.44 |I I 
08:57-Thu-Feb-16-2017 PM10  |  42.65 |  39.38 |  36.89 |  33.41 |I I 
08:57-Thu-Feb-16-2017 PM2.5 |  19.41 |  17.70 |  16.99 |  15.44 |I I 
08:58-Thu-Feb-16-2017 PM10  |  41.73 |  39.47 |  36.89 |  33.41 |I I 
08:58-Thu-Feb-16-2017 PM2.5 |  18.16 |  17.71 |  16.99 |  15.44 |I I 
09:02-Thu-Feb-16-2017 PM10  |  39.87 |  39.49 |  39.49 |  33.41 |I I 
09:02-Thu-Feb-16-2017 PM2.5 |  19.55 |  17.78 |  17.78 |  15.44 |I I 
09:03-Thu-Feb-16-2017 PM10  |  43.02 |  43.02 |  39.49 |  33.41 |I I 
09:03-Thu-Feb-16-2017 PM2.5 |  18.36 |  18.36 |  17.78 |  15.44 |I I 
09:07-Thu-Feb-16-2017 PM10  |  44.05 |  43.54 |  39.49 |  33.41 |I I 
09:07-Thu-Feb-16-2017 PM2.5 |  20.53 |  19.45 |  17.78 |  15.44 |I I 
09:08-Thu-Feb-16-2017 PM10  |  44.05 |  43.71 |  39.49 |  33.41 |I I 
09:08-Thu-Feb-16-2017 PM2.5 |  20.53 |  19.81 |  17.78 |  15.44 |I I 
09:09-Thu-Feb-16-2017 PM10  |  46.60 |  44.43 |  39.49 |  33.41 |I I 
09:09-Thu-Feb-16-2017 PM2.5 |  19.16 |  19.64 |  17.78 |  15.44 |I I 
09:13-Thu-Feb-16-2017 PM10  |  42.22 |  43.99 |  39.49 |  33.41 |I I 
09:13-Thu-Feb-16-2017 PM2.5 |  20.48 |  19.81 |  17.78 |  15.44 |I I 
09:14-Thu-Feb-16-2017 PM10  |  41.97 |  43.65 |  39.49 |  33.41 |I I 
09:14-Thu-Feb-16-2017 PM2.5 |  20.06 |  19.85 |  17.78 |  15.44 |I I 
09:18-Thu-Feb-16-2017 PM10  |  39.31 |  43.03 |  39.49 |  33.41 |I I 
09:18-Thu-Feb-16-2017 PM2.5 |  20.76 |  19.98 |  17.78 |  15.44 |I I 
09:19-Thu-Feb-16-2017 PM10  |  42.17 |  42.93 |  39.49 |  33.41 |I I 
09:19-Thu-Feb-16-2017 PM2.5 |  19.57 |  19.93 |  17.78 |  15.44 |I I 
09:23-Thu-Feb-16-2017 PM10  |  43.81 |  43.02 |  39.49 |  33.41 |I I 
09:23-Thu-Feb-16-2017 PM2.5 |  20.21 |  19.96 |  17.78 |  15.44 |I I 
09:24-Thu-Feb-16-2017 PM10  |  45.11 |  43.23 |  39.49 |  33.41 |I I 
09:24-Thu-Feb-16-2017 PM2.5 |  19.79 |  19.94 |  17.78 |  15.44 |I I 
09:28-Thu-Feb-16-2017 PM10  |  45.53 |  43.44 |  39.49 |  33.41 |I I 
09:28-Thu-Feb-16-2017 PM2.5 |  21.34 |  20.07 |  17.78 |  15.44 |I I 
09:29-Thu-Feb-16-2017 PM10  |  43.87 |  43.48 |  39.49 |  33.41 |I I 
09:29-Thu-Feb-16-2017 PM2.5 |  19.88 |  20.06 |  17.78 |  15.44 |I I 
09:34-Thu-Feb-16-2017 PM10  |  43.90 |  43.51 |  39.49 |  33.41 |I I 
09:34-Thu-Feb-16-2017 PM2.5 |  20.87 |  20.12 |  17.78 |  15.44 |I I 
09:35-Thu-Feb-16-2017 PM10  |  42.46 |  43.43 |  39.49 |  33.41 |I I 
09:35-Thu-Feb-16-2017 PM2.5 |  19.79 |  20.09 |  17.78 |  15.44 |I I 
09:36-Thu-Feb-16-2017 PM10  |  42.46 |  43.37 |  39.49 |  33.41 |I I 
09:36-Thu-Feb-16-2017 PM2.5 |  19.79 |  20.07 |  17.78 |  15.44 |I I 
09:40-Thu-Feb-16-2017 PM10  |  46.12 |  43.54 |  39.49 |  33.41 |I I 
09:40-Thu-Feb-16-2017 PM2.5 |  21.31 |  20.15 |  17.78 |  15.44 |I I 
09:41-Thu-Feb-16-2017 PM10  |  44.15 |  43.58 |  39.49 |  33.41 |I I 
09:41-Thu-Feb-16-2017 PM2.5 |  20.39 |  20.17 |  17.78 |  15.44 |I I 
09:45-Thu-Feb-16-2017 PM10  |  49.18 |  43.89 |  39.49 |  33.41 |I I 
09:45-Thu-Feb-16-2017 PM2.5 |  23.13 |  20.33 |  17.78 |  15.44 |I I 
09:46-Thu-Feb-16-2017 PM10  |  48.58 |  44.14 |  39.49 |  33.41 |I I 
09:46-Thu-Feb-16-2017 PM2.5 |  20.16 |  20.32 |  17.78 |  15.44 |I I 
09:50-Thu-Feb-16-2017 PM10  |  47.27 |  44.29 |  39.49 |  33.41 |I I 
09:50-Thu-Feb-16-2017 PM2.5 |  22.38 |  20.42 |  17.78 |  15.44 |I I 
09:51-Thu-Feb-16-2017 PM10  |  41.38 |  44.15 |  39.49 |  33.41 |I I 
09:51-Thu-Feb-16-2017 PM2.5 |  20.29 |  20.42 |  17.78 |  15.44 |I I 
09:55-Thu-Feb-16-2017 PM10  |  46.23 |  44.25 |  39.49 |  33.41 |I I 
09:55-Thu-Feb-16-2017 PM2.5 |  22.10 |  20.49 |  17.78 |  15.44 |I I 
09:56-Thu-Feb-16-2017 PM10  |  47.03 |  44.37 |  39.49 |  33.41 |I I 
09:56-Thu-Feb-16-2017 PM2.5 |  20.64 |  20.50 |  17.78 |  15.44 |I I 
10:00-Thu-Feb-16-2017 PM10  |  49.68 |  44.59 |  44.59 |  33.41 |I I 
10:00-Thu-Feb-16-2017 PM2.5 |  22.15 |  20.57 |  20.57 |  15.44 |I I 
10:01-Thu-Feb-16-2017 PM10  |  45.91 |  45.91 |  44.59 |  33.41 |I I 
10:01-Thu-Feb-16-2017 PM2.5 |  21.23 |  21.23 |  20.57 |  15.44 |I I 
10:02-Thu-Feb-16-2017 PM10  |  45.91 |  45.91 |  44.59 |  33.41 |I I 
10:02-Thu-Feb-16-2017 PM2.5 |  21.23 |  21.23 |  20.57 |  15.44 |I I 
10:06-Thu-Feb-16-2017 PM10  |  46.85 |  46.22 |  44.59 |  33.41 |I I 
10:06-Thu-Feb-16-2017 PM2.5 |  21.82 |  21.43 |  20.57 |  15.44 |I I 
10:07-Thu-Feb-16-2017 PM10  |  42.23 |  45.23 |  44.59 |  33.41 |I I 
10:07-Thu-Feb-16-2017 PM2.5 |  19.84 |  21.03 |  20.57 |  15.44 |I I 
10:11-Thu-Feb-16-2017 PM10  |  45.77 |  45.33 |  44.59 |  33.41 |I I 
10:11-Thu-Feb-16-2017 PM2.5 |  22.67 |  21.36 |  20.57 |  15.44 |I I 
10:12-Thu-Feb-16-2017 PM10  |  43.90 |  45.10 |  44.59 |  33.41 |I I 
10:12-Thu-Feb-16-2017 PM2.5 |  20.54 |  21.22 |  20.57 |  15.44 |I I 
10:16-Thu-Feb-16-2017 PM10  |  47.05 |  45.37 |  44.59 |  33.41 |I I 
10:16-Thu-Feb-16-2017 PM2.5 |  22.26 |  21.37 |  20.57 |  15.44 |I I 
10:17-Thu-Feb-16-2017 PM10  |  47.87 |  45.69 |  44.59 |  33.41 |I I 
10:17-Thu-Feb-16-2017 PM2.5 |  20.83 |  21.30 |  20.57 |  15.44 |I I 
10:21-Thu-Feb-16-2017 PM10  |  44.25 |  45.53 |  44.59 |  33.41 |I I 
10:21-Thu-Feb-16-2017 PM2.5 |  22.52 |  21.44 |  20.57 |  15.44 |I I 
10:22-Thu-Feb-16-2017 PM10  |  43.77 |  45.35 |  44.59 |  33.41 |I I 
10:22-Thu-Feb-16-2017 PM2.5 |  20.44 |  21.34 |  20.57 |  15.44 |I I 
10:26-Thu-Feb-16-2017 PM10  |  45.76 |  45.39 |  44.59 |  33.41 |I I 
10:26-Thu-Feb-16-2017 PM2.5 |  22.27 |  21.42 |  20.57 |  15.44 |I I 
10:27-Thu-Feb-16-2017 PM10  |  44.19 |  45.29 |  44.59 |  33.41 |I I 
10:27-Thu-Feb-16-2017 PM2.5 |  19.96 |  21.30 |  20.57 |  15.44 |I I 
10:31-Thu-Feb-16-2017 PM10  |  45.79 |  45.33 |  44.59 |  33.41 |I I 
10:31-Thu-Feb-16-2017 PM2.5 |  22.27 |  21.38 |  20.57 |  15.44 |I I 
10:32-Thu-Feb-16-2017 PM10  |  45.79 |  45.36 |  44.59 |  33.41 |I I 
10:32-Thu-Feb-16-2017 PM2.5 |  22.27 |  21.44 |  20.57 |  15.44 |I I 
10:33-Thu-Feb-16-2017 PM10  |  47.32 |  45.49 |  44.59 |  33.41 |I I 
10:33-Thu-Feb-16-2017 PM2.5 |  20.70 |  21.39 |  20.57 |  15.44 |I I 
10:37-Thu-Feb-16-2017 PM10  |  47.42 |  45.61 |  44.59 |  33.41 |I I 
10:37-Thu-Feb-16-2017 PM2.5 |  21.99 |  21.43 |  20.57 |  15.44 |I I 
10:38-Thu-Feb-16-2017 PM10  |  51.67 |  45.97 |  44.59 |  33.41 |I I 
10:38-Thu-Feb-16-2017 PM2.5 |  21.09 |  21.41 |  20.57 |  15.44 |I I 
10:42-Thu-Feb-16-2017 PM10  |  53.09 |  46.36 |  44.59 |  33.41 |I I 
10:42-Thu-Feb-16-2017 PM2.5 |  23.07 |  21.50 |  20.57 |  15.44 |I I 
10:43-Thu-Feb-16-2017 PM10  |  47.58 |  46.43 |  44.59 |  33.41 |I I 
10:43-Thu-Feb-16-2017 PM2.5 |  20.64 |  21.46 |  20.57 |  15.44 |I I 
10:47-Thu-Feb-16-2017 PM10  |  47.14 |  46.46 |  44.59 |  33.41 |I I 
10:47-Thu-Feb-16-2017 PM2.5 |  22.60 |  21.51 |  20.57 |  15.44 |I I 
10:48-Thu-Feb-16-2017 PM10  |  45.43 |  46.41 |  44.59 |  33.41 |I I 
10:48-Thu-Feb-16-2017 PM2.5 |  21.41 |  21.51 |  20.57 |  15.44 |I I 
10:52-Thu-Feb-16-2017 PM10  |  47.82 |  46.48 |  44.59 |  33.41 |I I 
10:52-Thu-Feb-16-2017 PM2.5 |  22.80 |  21.57 |  20.57 |  15.44 |I I 
10:53-Thu-Feb-16-2017 PM10  |  47.13 |  46.51 |  44.59 |  33.41 |I I 
10:53-Thu-Feb-16-2017 PM2.5 |  22.26 |  21.60 |  20.57 |  15.44 |I I 
10:57-Thu-Feb-16-2017 PM10  |  54.91 |  46.86 |  44.59 |  33.41 |I I 
10:57-Thu-Feb-16-2017 PM2.5 |  24.36 |  21.71 |  20.57 |  15.44 |I I 
10:58-Thu-Feb-16-2017 PM10  |  54.91 |  47.18 |  44.59 |  33.41 |I I 
10:58-Thu-Feb-16-2017 PM2.5 |  24.36 |  21.82 |  20.57 |  15.44 |I I 
10:59-Thu-Feb-16-2017 PM10  |  49.45 |  47.27 |  44.59 |  33.41 |I I 
10:59-Thu-Feb-16-2017 PM2.5 |  21.41 |  21.80 |  20.57 |  15.44 |I I 
11:03-Thu-Feb-16-2017 PM10  |  52.46 |  47.46 |  47.46 |  33.41 |I I 
11:03-Thu-Feb-16-2017 PM2.5 |  23.44 |  21.86 |  21.86 |  15.44 |I I 
11:04-Thu-Feb-16-2017 PM10  |  45.33 |  45.33 |  47.46 |  33.41 |I I 
11:04-Thu-Feb-16-2017 PM2.5 |  21.78 |  21.78 |  21.86 |  15.44 |I I 
11:08-Thu-Feb-16-2017 PM10  |  48.73 |  47.03 |  47.46 |  33.41 |I I 
11:08-Thu-Feb-16-2017 PM2.5 |  24.02 |  22.90 |  21.86 |  15.44 |I I 
11:09-Thu-Feb-16-2017 PM10  |  46.83 |  46.97 |  47.46 |  33.41 |I I 
11:09-Thu-Feb-16-2017 PM2.5 |  22.71 |  22.83 |  21.86 |  15.44 |I I 
11:13-Thu-Feb-16-2017 PM10  |  47.15 |  47.01 |  47.46 |  33.41 |I I 
11:13-Thu-Feb-16-2017 PM2.5 |  23.76 |  23.07 |  21.86 |  15.44 |I I 
11:14-Thu-Feb-16-2017 PM10  |  47.12 |  47.03 |  47.46 |  33.41 |I I 
11:14-Thu-Feb-16-2017 PM2.5 |  22.18 |  22.89 |  21.86 |  15.44 |I I 
11:18-Thu-Feb-16-2017 PM10  |  50.96 |  47.69 |  47.46 |  33.41 |I I 
11:18-Thu-Feb-16-2017 PM2.5 |  24.22 |  23.11 |  21.86 |  15.44 |I I 
11:19-Thu-Feb-16-2017 PM10  |  46.88 |  47.57 |  47.46 |  33.41 |I I 
11:19-Thu-Feb-16-2017 PM2.5 |  22.68 |  23.05 |  21.86 |  15.44 |I I 
11:23-Thu-Feb-16-2017 PM10  |  50.48 |  47.94 |  47.46 |  33.41 |I I 
11:23-Thu-Feb-16-2017 PM2.5 |  23.67 |  23.12 |  21.86 |  15.44 |I I 
11:24-Thu-Feb-16-2017 PM10  |  50.48 |  48.22 |  47.46 |  33.41 |I I 
11:24-Thu-Feb-16-2017 PM2.5 |  23.67 |  23.19 |  21.86 |  15.44 |I I 
11:25-Thu-Feb-16-2017 PM10  |  49.20 |  48.32 |  47.46 |  33.41 |I I 
11:25-Thu-Feb-16-2017 PM2.5 |  23.89 |  23.26 |  21.86 |  15.44 |I I 
11:29-Thu-Feb-16-2017 PM10  |  50.80 |  48.54 |  47.46 |  33.41 |I I 
11:29-Thu-Feb-16-2017 PM2.5 |  25.33 |  23.44 |  21.86 |  15.44 |I I 
11:30-Thu-Feb-16-2017 PM10  |  51.28 |  48.77 |  47.46 |  33.41 |I I 
11:30-Thu-Feb-16-2017 PM2.5 |  24.15 |  23.50 |  21.86 |  15.44 |I I 
11:34-Thu-Feb-16-2017 PM10  |  49.70 |  48.84 |  47.46 |  33.41 |I I 
11:34-Thu-Feb-16-2017 PM2.5 |  25.06 |  23.62 |  21.86 |  15.44 |I I 
11:35-Thu-Feb-16-2017 PM10  |  49.13 |  48.86 |  47.46 |  33.41 |I I 
11:35-Thu-Feb-16-2017 PM2.5 |  23.33 |  23.60 |  21.86 |  15.44 |I I 
11:39-Thu-Feb-16-2017 PM10  |  53.44 |  49.17 |  47.46 |  33.41 |I I 
11:39-Thu-Feb-16-2017 PM2.5 |  24.98 |  23.69 |  21.86 |  15.44 |I I 
11:40-Thu-Feb-16-2017 PM10  |  49.15 |  49.17 |  47.46 |  33.41 |I I 
11:40-Thu-Feb-16-2017 PM2.5 |  23.57 |  23.69 |  21.86 |  15.44 |I I 
11:44-Thu-Feb-16-2017 PM10  |  48.71 |  49.14 |  47.46 |  33.41 |I I 
11:44-Thu-Feb-16-2017 PM2.5 |  24.93 |  23.76 |  21.86 |  15.44 |I I 
11:45-Thu-Feb-16-2017 PM10  |  48.34 |  49.10 |  47.46 |  33.41 |I I 
11:45-Thu-Feb-16-2017 PM2.5 |  22.15 |  23.67 |  21.86 |  15.44 |I I 
11:49-Thu-Feb-16-2017 PM10  |  50.13 |  49.15 |  47.46 |  33.41 |I I 
11:49-Thu-Feb-16-2017 PM2.5 |  24.51 |  23.71 |  21.86 |  15.44 |I I 
11:50-Thu-Feb-16-2017 PM10  |  51.61 |  49.27 |  47.46 |  33.41 |I I 
11:50-Thu-Feb-16-2017 PM2.5 |  23.95 |  23.73 |  21.86 |  15.44 |I I 
11:51-Thu-Feb-16-2017 PM10  |  51.61 |  49.39 |  47.46 |  33.41 |I I 
11:51-Thu-Feb-16-2017 PM2.5 |  23.95 |  23.74 |  21.86 |  15.44 |I I 
11:55-Thu-Feb-16-2017 PM10  |  50.07 |  49.42 |  47.46 |  33.41 |I I 
11:55-Thu-Feb-16-2017 PM2.5 |  25.28 |  23.81 |  21.86 |  15.44 |I I 
11:56-Thu-Feb-16-2017 PM10  |  43.78 |  49.17 |  47.46 |  33.41 |I I 
11:56-Thu-Feb-16-2017 PM2.5 |  22.34 |  23.74 |  21.86 |  15.44 |I I 
12:00-Thu-Feb-16-2017 PM10  |  47.03 |  49.08 |  49.08 |  33.41 |I I 
12:00-Thu-Feb-16-2017 PM2.5 |  24.05 |  23.76 |  23.76 |  15.44 |I I 
12:01-Thu-Feb-16-2017 PM10  |  47.69 |  47.69 |  49.08 |  33.41 |I I 
12:01-Thu-Feb-16-2017 PM2.5 |  23.56 |  23.56 |  23.76 |  15.44 |I I 
12:05-Thu-Feb-16-2017 PM10  |  49.86 |  48.77 |  49.08 |  33.41 |I I 
12:05-Thu-Feb-16-2017 PM2.5 |  25.13 |  24.35 |  23.76 |  15.44 |I I 
12:06-Thu-Feb-16-2017 PM10  |  46.83 |  48.13 |  49.08 |  33.41 |I I 
12:06-Thu-Feb-16-2017 PM2.5 |  22.62 |  23.77 |  23.76 |  15.44 |I I 
12:10-Thu-Feb-16-2017 PM10  |  45.90 |  47.57 |  49.08 |  33.41 |I I 
12:10-Thu-Feb-16-2017 PM2.5 |  24.31 |  23.91 |  23.76 |  15.44 |I I 
12:11-Thu-Feb-16-2017 PM10  |  48.85 |  47.83 |  49.08 |  33.41 |I I 
12:11-Thu-Feb-16-2017 PM2.5 |  22.79 |  23.68 |  23.76 |  15.44 |I I 
12:15-Thu-Feb-16-2017 PM10  |  48.66 |  47.96 |  49.08 |  33.41 |I I 
12:15-Thu-Feb-16-2017 PM2.5 |  24.52 |  23.82 |  23.76 |  15.44 |I I 
12:16-Thu-Feb-16-2017 PM10  |  48.80 |  48.08 |  49.08 |  33.41 |I I 
12:16-Thu-Feb-16-2017 PM2.5 |  22.58 |  23.65 |  23.76 |  15.44 |I I 
12:17-Thu-Feb-16-2017 PM10  |  48.80 |  48.17 |  49.08 |  33.41 |I I 
12:17-Thu-Feb-16-2017 PM2.5 |  22.58 |  23.51 |  23.76 |  15.44 |I I 
12:21-Thu-Feb-16-2017 PM10  |  47.27 |  48.07 |  49.08 |  33.41 |I I 
12:21-Thu-Feb-16-2017 PM2.5 |  24.01 |  23.57 |  23.76 |  15.44 |I I 
12:22-Thu-Feb-16-2017 PM10  |  44.74 |  47.74 |  49.08 |  33.41 |I I 
12:22-Thu-Feb-16-2017 PM2.5 |  21.14 |  23.33 |  23.76 |  15.44 |I I 
12:26-Thu-Feb-16-2017 PM10  |  46.35 |  47.61 |  49.08 |  33.41 |I I 
12:26-Thu-Feb-16-2017 PM2.5 |  22.89 |  23.29 |  23.76 |  15.44 |I I 
12:27-Thu-Feb-16-2017 PM10  |  38.32 |  46.84 |  49.08 |  33.41 |I I 
12:27-Thu-Feb-16-2017 PM2.5 |  19.74 |  22.99 |  23.76 |  15.44 |I I 
12:32-Thu-Feb-16-2017 PM10  |  40.33 |  46.34 |  49.08 |  33.41 |I I 
12:32-Thu-Feb-16-2017 PM2.5 |  20.63 |  22.81 |  23.76 |  15.44 |I I 
12:33-Thu-Feb-16-2017 PM10  |  44.85 |  46.23 |  49.08 |  33.41 |I I 
12:33-Thu-Feb-16-2017 PM2.5 |  21.73 |  22.73 |  23.76 |  15.44 |I I 
12:37-Thu-Feb-16-2017 PM10  |  46.11 |  46.22 |  49.08 |  33.41 |I I 
12:37-Thu-Feb-16-2017 PM2.5 |  23.75 |  22.80 |  23.76 |  15.44 |I I 
12:38-Thu-Feb-16-2017 PM10  |  45.80 |  46.20 |  49.08 |  33.41 |I I 
12:38-Thu-Feb-16-2017 PM2.5 |  21.80 |  22.74 |  23.76 |  15.44 |I I 
12:42-Thu-Feb-16-2017 PM10  |  48.32 |  46.32 |  49.08 |  33.41 |I I 
12:42-Thu-Feb-16-2017 PM2.5 |  23.67 |  22.79 |  23.76 |  15.44 |I I 
12:43-Thu-Feb-16-2017 PM10  |  54.23 |  46.76 |  49.08 |  33.41 |I I 
12:43-Thu-Feb-16-2017 PM2.5 |  24.98 |  22.91 |  23.76 |  15.44 |I I 
12:44-Thu-Feb-16-2017 PM10  |  54.23 |  47.15 |  49.08 |  33.41 |I I 
12:44-Thu-Feb-16-2017 PM2.5 |  24.98 |  23.02 |  23.76 |  15.44 |I I 
12:48-Thu-Feb-16-2017 PM10  |  54.80 |  47.54 |  49.08 |  33.41 |I I 
12:48-Thu-Feb-16-2017 PM2.5 |  25.95 |  23.17 |  23.76 |  15.44 |I I 
12:49-Thu-Feb-16-2017 PM10  |  42.80 |  47.31 |  49.08 |  33.41 |I I 
12:49-Thu-Feb-16-2017 PM2.5 |  20.23 |  23.03 |  23.76 |  15.44 |I I 
12:53-Thu-Feb-16-2017 PM10  |  44.22 |  47.17 |  49.08 |  33.41 |I I 
12:53-Thu-Feb-16-2017 PM2.5 |  21.12 |  22.94 |  23.76 |  15.44 |I I 
12:54-Thu-Feb-16-2017 PM10  |  39.56 |  46.84 |  49.08 |  33.41 |I I 
12:54-Thu-Feb-16-2017 PM2.5 |  19.48 |  22.79 |  23.76 |  15.44 |I I 
12:58-Thu-Feb-16-2017 PM10  |  38.21 |  46.48 |  49.08 |  33.41 |I I 
12:58-Thu-Feb-16-2017 PM2.5 |  20.53 |  22.70 |  23.76 |  15.44 |I I 
12:59-Thu-Feb-16-2017 PM10  |  38.56 |  46.16 |  49.08 |  33.41 |I I 
12:59-Thu-Feb-16-2017 PM2.5 |  18.96 |  22.55 |  23.76 |  15.44 |I I 
13:03-Thu-Feb-16-2017 PM10  |  38.40 |  45.86 |  49.08 |  33.41 |I I 
13:03-Thu-Feb-16-2017 PM2.5 |  19.98 |  22.45 |  23.76 |  15.44 |I I 
13:04-Thu-Feb-16-2017 PM10  |  38.33 |  38.33 |  49.08 |  33.41 |I I 
13:04-Thu-Feb-16-2017 PM2.5 |  19.67 |  19.67 |  23.76 |  15.44 |I I 
13:08-Thu-Feb-16-2017 PM10  |  39.37 |  38.85 |  49.08 |  33.41 |I I 
13:08-Thu-Feb-16-2017 PM2.5 |  20.55 |  20.11 |  23.76 |  15.44 |I I 
13:09-Thu-Feb-16-2017 PM10  |  37.10 |  38.27 |  49.08 |  33.41 |I I 
13:09-Thu-Feb-16-2017 PM2.5 |  19.06 |  19.76 |  23.76 |  15.44 |I I 
13:10-Thu-Feb-16-2017 PM10  |  37.10 |  37.97 |  49.08 |  33.41 |I I 
13:10-Thu-Feb-16-2017 PM2.5 |  19.06 |  19.59 |  23.76 |  15.44 |I I 
13:14-Thu-Feb-16-2017 PM10  |  35.31 |  37.44 |  49.08 |  33.41 |I I 
13:14-Thu-Feb-16-2017 PM2.5 |  19.63 |  19.60 |  23.76 |  15.44 |I I 
13:15-Thu-Feb-16-2017 PM10  |  33.63 |  36.81 |  49.08 |  33.41 |I I 
13:15-Thu-Feb-16-2017 PM2.5 |  19.13 |  19.52 |  23.76 |  15.44 |I I 
13:19-Thu-Feb-16-2017 PM10  |  35.25 |  36.58 |  49.08 |  33.41 |I I 
13:19-Thu-Feb-16-2017 PM2.5 |  19.76 |  19.55 |  23.76 |  15.44 |I I 
13:20-Thu-Feb-16-2017 PM10  |  36.74 |  36.60 |  49.08 |  33.41 |I I 
13:20-Thu-Feb-16-2017 PM2.5 |  20.31 |  19.65 |  23.76 |  15.44 |I I 
13:24-Thu-Feb-16-2017 PM10  |  37.21 |  36.67 |  49.08 |  33.41 |I I 
13:24-Thu-Feb-16-2017 PM2.5 |  21.30 |  19.83 |  23.76 |  15.44 |I I 
13:25-Thu-Feb-16-2017 PM10  |  37.92 |  36.80 |  49.08 |  33.41 |I I 
13:25-Thu-Feb-16-2017 PM2.5 |  20.41 |  19.89 |  23.76 |  15.44 |I I 
13:29-Thu-Feb-16-2017 PM10  |  37.69 |  36.88 |  49.08 |  33.41 |I I 
13:29-Thu-Feb-16-2017 PM2.5 |  21.35 |  20.02 |  23.76 |  15.44 |I I 
13:30-Thu-Feb-16-2017 PM10  |  36.07 |  36.81 |  49.08 |  33.41 |I I 
13:30-Thu-Feb-16-2017 PM2.5 |  20.84 |  20.09 |  23.76 |  15.44 |I I 
13:34-Thu-Feb-16-2017 PM10  |  33.88 |  36.58 |  49.08 |  33.41 |I I 
13:34-Thu-Feb-16-2017 PM2.5 |  20.77 |  20.14 |  23.76 |  15.44 |I I 
13:35-Thu-Feb-16-2017 PM10  |  38.30 |  36.71 |  49.08 |  33.41 |I I 
13:35-Thu-Feb-16-2017 PM2.5 |  20.95 |  20.20 |  23.76 |  15.44 |I I 
13:36-Thu-Feb-16-2017 PM10  |  38.30 |  36.81 |  49.08 |  33.41 |I I 
13:36-Thu-Feb-16-2017 PM2.5 |  20.95 |  20.25 |  23.76 |  15.44 |I I 
13:40-Thu-Feb-16-2017 PM10  |  35.56 |  36.74 |  49.08 |  33.41 |I I 
13:40-Thu-Feb-16-2017 PM2.5 |  21.39 |  20.32 |  23.76 |  15.44 |I I 
13:41-Thu-Feb-16-2017 PM10  |  33.90 |  36.57 |  49.08 |  33.41 |I I 
13:41-Thu-Feb-16-2017 PM2.5 |  20.78 |  20.35 |  23.76 |  15.44 |I I 
13:45-Thu-Feb-16-2017 PM10  |  35.73 |  36.52 |  49.08 |  33.41 |I I 
13:45-Thu-Feb-16-2017 PM2.5 |  21.36 |  20.40 |  23.76 |  15.44 |I I 
13:46-Thu-Feb-16-2017 PM10  |  36.18 |  36.50 |  49.08 |  33.41 |I I 
13:46-Thu-Feb-16-2017 PM2.5 |  22.03 |  20.49 |  23.76 |  15.44 |I I 
13:50-Thu-Feb-16-2017 PM10  |  36.81 |  36.52 |  49.08 |  33.41 |I I 
13:50-Thu-Feb-16-2017 PM2.5 |  22.90 |  20.61 |  23.76 |  15.44 |I I 
13:51-Thu-Feb-16-2017 PM10  |  35.55 |  36.47 |  49.08 |  33.41 |I I 
13:51-Thu-Feb-16-2017 PM2.5 |  21.03 |  20.63 |  23.76 |  15.44 |I I 
13:55-Thu-Feb-16-2017 PM10  |  36.21 |  36.46 |  49.08 |  33.41 |I I 
13:55-Thu-Feb-16-2017 PM2.5 |  22.24 |  20.70 |  23.76 |  15.44 |I I 
13:56-Thu-Feb-16-2017 PM10  |  34.41 |  36.37 |  49.08 |  33.41 |I I 
13:56-Thu-Feb-16-2017 PM2.5 |  20.35 |  20.69 |  23.76 |  15.44 |I I 
14:00-Thu-Feb-16-2017 PM10  |  35.70 |  36.34 |  49.08 |  33.41 |I I 
14:00-Thu-Feb-16-2017 PM2.5 |  22.23 |  20.75 |  23.76 |  15.44 |I I 
14:01-Thu-Feb-16-2017 PM10  |  35.67 |  35.67 |  49.08 |  33.41 |I I 
14:01-Thu-Feb-16-2017 PM2.5 |  22.10 |  22.10 |  23.76 |  15.44 |I I 
14:02-Thu-Feb-16-2017 PM10  |  35.67 |  35.67 |  49.08 |  33.41 |I I 
14:02-Thu-Feb-16-2017 PM2.5 |  22.10 |  22.10 |  23.76 |  15.44 |I I 
14:05-Thu-Feb-16-2017 PM10  |  36.55 |  35.97 |  49.08 |  33.41 |I I 
14:05-Thu-Feb-16-2017 PM2.5 |  23.02 |  22.41 |  23.76 |  15.44 |I I 
14:06-Thu-Feb-16-2017 PM10  |  36.55 |  36.11 |  49.08 |  33.41 |I I 
14:06-Thu-Feb-16-2017 PM2.5 |  23.02 |  22.56 |  23.76 |  15.44 |I I 
14:07-Thu-Feb-16-2017 PM10  |  33.96 |  35.68 |  49.08 |  33.41 |I I 
14:07-Thu-Feb-16-2017 PM2.5 |  21.17 |  22.28 |  23.76 |  15.44 |I I 
14:11-Thu-Feb-16-2017 PM10  |  33.07 |  35.24 |  49.08 |  33.41 |I I 
14:11-Thu-Feb-16-2017 PM2.5 |  22.30 |  22.29 |  23.76 |  15.44 |I I 
14:12-Thu-Feb-16-2017 PM10  |  33.54 |  35.00 |  49.08 |  33.41 |I I 
14:12-Thu-Feb-16-2017 PM2.5 |  20.32 |  22.01 |  23.76 |  15.44 |I I 
14:16-Thu-Feb-16-2017 PM10  |  36.53 |  35.19 |  49.08 |  33.41 |I I 
14:16-Thu-Feb-16-2017 PM2.5 |  22.27 |  22.04 |  23.76 |  15.44 |I I 
14:17-Thu-Feb-16-2017 PM10  |  36.54 |  35.34 |  49.08 |  33.41 |I I 
14:17-Thu-Feb-16-2017 PM2.5 |  21.81 |  22.01 |  23.76 |  15.44 |I I 
14:21-Thu-Feb-16-2017 PM10  |  36.77 |  35.48 |  49.08 |  33.41 |I I 
14:21-Thu-Feb-16-2017 PM2.5 |  22.25 |  22.04 |  23.76 |  15.44 |I I 
14:22-Thu-Feb-16-2017 PM10  |  33.53 |  35.31 |  49.08 |  33.41 |I I 
14:22-Thu-Feb-16-2017 PM2.5 |  21.71 |  22.01 |  23.76 |  15.44 |I I 
14:26-Thu-Feb-16-2017 PM10  |  36.31 |  35.39 |  49.08 |  33.41 |I I 
14:26-Thu-Feb-16-2017 PM2.5 |  22.59 |  22.06 |  23.76 |  15.44 |I I 
14:27-Thu-Feb-16-2017 PM10  |  32.55 |  35.17 |  49.08 |  33.41 |I I 
14:27-Thu-Feb-16-2017 PM2.5 |  20.44 |  21.93 |  23.76 |  15.44 |I I 
14:28-Thu-Feb-16-2017 PM10  |  32.55 |  34.98 |  49.08 |  33.41 |I I 
14:28-Thu-Feb-16-2017 PM2.5 |  20.44 |  21.82 |  23.76 |  15.44 |I I 
14:32-Thu-Feb-16-2017 PM10  |  32.57 |  34.82 |  49.08 |  33.41 |I I 
14:32-Thu-Feb-16-2017 PM2.5 |  21.20 |  21.78 |  23.76 |  15.44 |I I 
14:33-Thu-Feb-16-2017 PM10  |  28.93 |  34.46 |  49.08 |  33.41 |I I 
14:33-Thu-Feb-16-2017 PM2.5 |  19.17 |  21.62 |  23.76 |  15.44 |I I 
14:37-Thu-Feb-16-2017 PM10  |  30.38 |  34.22 |  49.08 |  33.41 |I I 
14:37-Thu-Feb-16-2017 PM2.5 |  19.87 |  21.52 |  23.76 |  15.44 |I I 
14:38-Thu-Feb-16-2017 PM10  |  32.29 |  34.11 |  49.08 |  33.41 |I I 
14:38-Thu-Feb-16-2017 PM2.5 |  19.10 |  21.38 |  23.76 |  15.44 |I I 
14:42-Thu-Feb-16-2017 PM10  |  35.12 |  34.16 |  49.08 |  33.41 |I I 
14:42-Thu-Feb-16-2017 PM2.5 |  20.37 |  21.33 |  23.76 |  15.44 |I I 
14:43-Thu-Feb-16-2017 PM10  |  30.03 |  33.96 |  49.08 |  33.41 |I I 
14:43-Thu-Feb-16-2017 PM2.5 |  19.20 |  21.22 |  23.76 |  15.44 |I I 
14:47-Thu-Feb-16-2017 PM10  |  31.25 |  33.83 |  49.08 |  33.41 |I I 
14:47-Thu-Feb-16-2017 PM2.5 |  19.97 |  21.16 |  23.76 |  15.44 |I I 
14:48-Thu-Feb-16-2017 PM10  |  33.11 |  33.79 |  49.08 |  33.41 |I I 
14:48-Thu-Feb-16-2017 PM2.5 |  20.15 |  21.12 |  23.76 |  15.44 |I I 
14:52-Thu-Feb-16-2017 PM10  |  35.82 |  33.88 |  49.08 |  33.41 |I I 
14:52-Thu-Feb-16-2017 PM2.5 |  20.79 |  21.10 |  23.76 |  15.44 |I I 
14:53-Thu-Feb-16-2017 PM10  |  32.45 |  33.82 |  49.08 |  33.41 |I I 
14:53-Thu-Feb-16-2017 PM2.5 |  19.71 |  21.05 |  23.76 |  15.44 |I I 
14:54-Thu-Feb-16-2017 PM10  |  32.45 |  33.77 |  49.08 |  33.41 |I I 
14:54-Thu-Feb-16-2017 PM2.5 |  19.71 |  20.99 |  23.76 |  15.44 |I I 
14:58-Thu-Feb-16-2017 PM10  |  32.60 |  33.72 |  49.08 |  33.41 |I I 
14:58-Thu-Feb-16-2017 PM2.5 |  19.55 |  20.94 |  23.76 |  15.44 |I I 
14:59-Thu-Feb-16-2017 PM10  |  33.34 |  33.71 |  49.08 |  33.41 |I I 
14:59-Thu-Feb-16-2017 PM2.5 |  17.93 |  20.83 |  23.76 |  15.44 |I I 
15:03-Thu-Feb-16-2017 PM10  |  31.40 |  33.63 |  49.08 |  33.41 |I I 
15:03-Thu-Feb-16-2017 PM2.5 |  18.46 |  20.74 |  23.76 |  15.44 |I I 
15:04-Thu-Feb-16-2017 PM10  |  32.05 |  32.05 |  49.08 |  33.41 |I I 
15:04-Thu-Feb-16-2017 PM2.5 |  17.34 |  17.34 |  23.76 |  15.44 |I I 
15:08-Thu-Feb-16-2017 PM10  |  33.22 |  32.64 |  49.08 |  33.41 |I I 
15:08-Thu-Feb-16-2017 PM2.5 |  18.61 |  17.97 |  23.76 |  15.44 |I I 
15:09-Thu-Feb-16-2017 PM10  |  29.06 |  31.44 |  49.08 |  33.41 |I I 
15:09-Thu-Feb-16-2017 PM2.5 |  15.87 |  17.27 |  23.76 |  15.44 |I I 
15:13-Thu-Feb-16-2017 PM10  |  30.01 |  31.08 |  49.08 |  33.41 |I I 
15:13-Thu-Feb-16-2017 PM2.5 |  16.43 |  17.06 |  23.76 |  15.44 |I I 
15:14-Thu-Feb-16-2017 PM10  |  30.22 |  30.91 |  49.08 |  33.41 |I I 
15:14-Thu-Feb-16-2017 PM2.5 |  15.94 |  16.84 |  23.76 |  15.44 |I I 
15:18-Thu-Feb-16-2017 PM10  |  29.69 |  30.71 |  49.08 |  33.41 |I I 
15:18-Thu-Feb-16-2017 PM2.5 |  16.44 |  16.77 |  23.76 |  15.44 |I I 
15:19-Thu-Feb-16-2017 PM10  |  33.46 |  31.10 |  49.08 |  33.41 |I I 
15:19-Thu-Feb-16-2017 PM2.5 |  17.05 |  16.81 |  23.76 |  15.44 |I I 
15:20-Thu-Feb-16-2017 PM10  |  33.46 |  31.40 |  49.08 |  33.41 |I I 
15:20-Thu-Feb-16-2017 PM2.5 |  17.05 |  16.84 |  23.76 |  15.44 |I I 
15:24-Thu-Feb-16-2017 PM10  |  34.60 |  31.75 |  49.08 |  33.41 |I I 
15:24-Thu-Feb-16-2017 PM2.5 |  17.81 |  16.95 |  23.76 |  15.44 |I I 
15:25-Thu-Feb-16-2017 PM10  |  37.07 |  32.28 |  49.08 |  33.41 |I I 
15:25-Thu-Feb-16-2017 PM2.5 |  19.05 |  17.16 |  23.76 |  15.44 |I I 
15:30-Thu-Feb-16-2017 PM10  |  37.15 |  32.73 |  49.08 |  33.41 |I I 
15:30-Thu-Feb-16-2017 PM2.5 |  19.27 |  17.35 |  23.76 |  15.44 |I I 
15:31-Thu-Feb-16-2017 PM10  |  38.87 |  33.24 |  49.08 |  33.41 |I I 
15:31-Thu-Feb-16-2017 PM2.5 |  19.21 |  17.50 |  23.76 |  15.44 |I I 
15:35-Thu-Feb-16-2017 PM10  |  40.20 |  33.77 |  49.08 |  33.41 |I I 
15:35-Thu-Feb-16-2017 PM2.5 |  19.98 |  17.70 |  23.76 |  15.44 |I I 
15:36-Thu-Feb-16-2017 PM10  |  32.62 |  33.69 |  49.08 |  33.41 |I I 
15:36-Thu-Feb-16-2017 PM2.5 |  16.93 |  17.64 |  23.76 |  15.44 |I I 
15:40-Thu-Feb-16-2017 PM10  |  33.78 |  33.70 |  49.08 |  33.41 |I I 
15:40-Thu-Feb-16-2017 PM2.5 |  17.16 |  17.61 |  23.76 |  15.44 |I I 
15:41-Thu-Feb-16-2017 PM10  |  33.84 |  33.71 |  49.08 |  33.41 |I I 
15:41-Thu-Feb-16-2017 PM2.5 |  16.62 |  17.55 |  23.76 |  15.44 |I I 
15:45-Thu-Feb-16-2017 PM10  |  33.66 |  33.70 |  49.08 |  33.41 |I I 
15:45-Thu-Feb-16-2017 PM2.5 |  17.12 |  17.52 |  23.76 |  15.44 |I I 
15:46-Thu-Feb-16-2017 PM10  |  34.26 |  33.73 |  49.08 |  33.41 |I I 
15:46-Thu-Feb-16-2017 PM2.5 |  17.33 |  17.51 |  23.76 |  15.44 |I I 
15:50-Thu-Feb-16-2017 PM10  |  33.83 |  33.74 |  49.08 |  33.41 |I I 
15:50-Thu-Feb-16-2017 PM2.5 |  18.84 |  17.58 |  23.76 |  15.44 |I I 
15:51-Thu-Feb-16-2017 PM10  |  33.83 |  33.74 |  49.08 |  33.41 |I I 
15:51-Thu-Feb-16-2017 PM2.5 |  18.84 |  17.64 |  23.76 |  15.44 |I I 
15:52-Thu-Feb-16-2017 PM10  |  34.96 |  33.80 |  49.08 |  33.41 |I I 
15:52-Thu-Feb-16-2017 PM2.5 |  17.87 |  17.66 |  23.76 |  15.44 |I I 
15:56-Thu-Feb-16-2017 PM10  |  33.98 |  33.81 |  49.08 |  33.41 |I I 
15:56-Thu-Feb-16-2017 PM2.5 |  18.47 |  17.69 |  23.76 |  15.44 |I I 
15:57-Thu-Feb-16-2017 PM10  |  33.52 |  33.80 |  49.08 |  33.41 |I I 
15:57-Thu-Feb-16-2017 PM2.5 |  17.52 |  17.68 |  23.76 |  15.44 |I I 
16:01-Thu-Feb-16-2017 PM10  |  35.02 |  33.85 |  49.08 |  33.41 |I I 
16:01-Thu-Feb-16-2017 PM2.5 |  18.02 |  17.70 |  23.76 |  15.44 |I I 
16:02-Thu-Feb-16-2017 PM10  |  37.83 |  37.83 |  49.08 |  33.41 |I I 
16:02-Thu-Feb-16-2017 PM2.5 |  19.32 |  19.32 |  23.76 |  15.44 |I I 
16:06-Thu-Feb-16-2017 PM10  |  37.42 |  37.62 |  49.08 |  33.41 |I I 
16:06-Thu-Feb-16-2017 PM2.5 |  19.92 |  19.62 |  23.76 |  15.44 |I I 
16:07-Thu-Feb-16-2017 PM10  |  32.11 |  35.79 |  49.08 |  33.41 |I I 
16:07-Thu-Feb-16-2017 PM2.5 |  17.31 |  18.85 |  23.76 |  15.44 |I I 
16:11-Thu-Feb-16-2017 PM10  |  34.50 |  35.46 |  49.08 |  33.41 |I I 
16:11-Thu-Feb-16-2017 PM2.5 |  18.32 |  18.72 |  23.76 |  15.44 |I I 
16:12-Thu-Feb-16-2017 PM10  |  35.29 |  35.43 |  49.08 |  33.41 |I I 
16:12-Thu-Feb-16-2017 PM2.5 |  17.36 |  18.45 |  23.76 |  15.44 |I I 
16:16-Thu-Feb-16-2017 PM10  |  35.17 |  35.38 |  49.08 |  33.41 |I I 
16:16-Thu-Feb-16-2017 PM2.5 |  19.22 |  18.58 |  23.76 |  15.44 |I I 
16:17-Thu-Feb-16-2017 PM10  |  35.17 |  35.35 |  49.08 |  33.41 |I I 
16:17-Thu-Feb-16-2017 PM2.5 |  19.22 |  18.67 |  23.76 |  15.44 |I I 
16:18-Thu-Feb-16-2017 PM10  |  32.16 |  34.95 |  49.08 |  33.41 |I I 
16:18-Thu-Feb-16-2017 PM2.5 |  16.00 |  18.34 |  23.76 |  15.44 |I I 
16:22-Thu-Feb-16-2017 PM10  |  33.52 |  34.80 |  49.08 |  33.41 |I I 
16:22-Thu-Feb-16-2017 PM2.5 |  17.02 |  18.19 |  23.76 |  15.44 |I I 
16:23-Thu-Feb-16-2017 PM10  |  31.89 |  34.51 |  49.08 |  33.41 |I I 
16:23-Thu-Feb-16-2017 PM2.5 |  16.39 |  18.01 |  23.76 |  15.44 |I I 
16:27-Thu-Feb-16-2017 PM10  |  35.34 |  34.58 |  49.08 |  33.41 |I I 
16:27-Thu-Feb-16-2017 PM2.5 |  18.46 |  18.05 |  23.76 |  15.44 |I I 
16:28-Thu-Feb-16-2017 PM10  |  37.20 |  34.80 |  49.08 |  33.41 |I I 
16:28-Thu-Feb-16-2017 PM2.5 |  18.49 |  18.09 |  23.76 |  15.44 |I I 
16:32-Thu-Feb-16-2017 PM10  |  59.82 |  36.72 |  49.08 |  33.41 |I I 
16:32-Thu-Feb-16-2017 PM2.5 |  26.88 |  18.76 |  23.76 |  15.44 |I I 
16:33-Thu-Feb-16-2017 PM10  |  65.81 |  38.80 |  49.08 |  33.41 |I I 
16:33-Thu-Feb-16-2017 PM2.5 |  27.58 |  19.39 |  23.76 |  15.44 |I I 
16:37-Thu-Feb-16-2017 PM10  |  52.33 |  39.70 |  49.08 |  33.41 |I I 
16:37-Thu-Feb-16-2017 PM2.5 |  24.78 |  19.75 |  23.76 |  15.44 |I I 
16:38-Thu-Feb-16-2017 PM10  |  37.73 |  39.58 |  49.08 |  33.41 |I I 
16:38-Thu-Feb-16-2017 PM2.5 |  18.77 |  19.69 |  23.76 |  15.44 |I I 
16:42-Thu-Feb-16-2017 PM10  |  37.55 |  39.46 |  49.08 |  33.41 |I I 
16:42-Thu-Feb-16-2017 PM2.5 |  19.02 |  19.65 |  23.76 |  15.44 |I I 
16:43-Thu-Feb-16-2017 PM10  |  37.55 |  39.35 |  49.08 |  33.41 |I I 
16:43-Thu-Feb-16-2017 PM2.5 |  19.02 |  19.62 |  23.76 |  15.44 |I I 
16:44-Thu-Feb-16-2017 PM10  |  36.32 |  39.19 |  49.08 |  33.41 |I I 
16:44-Thu-Feb-16-2017 PM2.5 |  18.87 |  19.58 |  23.76 |  15.44 |I I 
16:48-Thu-Feb-16-2017 PM10  |  37.66 |  39.12 |  49.08 |  33.41 |I I 
16:48-Thu-Feb-16-2017 PM2.5 |  19.69 |  19.58 |  23.76 |  15.44 |I I 
16:49-Thu-Feb-16-2017 PM10  |  36.09 |  38.97 |  49.08 |  33.41 |I I 
16:49-Thu-Feb-16-2017 PM2.5 |  18.03 |  19.51 |  23.76 |  15.44 |I I 
16:53-Thu-Feb-16-2017 PM10  |  36.60 |  38.87 |  49.08 |  33.41 |I I 
16:53-Thu-Feb-16-2017 PM2.5 |  18.89 |  19.48 |  23.76 |  15.44 |I I 
16:54-Thu-Feb-16-2017 PM10  |  37.56 |  38.81 |  49.08 |  33.41 |I I 
16:54-Thu-Feb-16-2017 PM2.5 |  18.06 |  19.42 |  23.76 |  15.44 |I I 
16:58-Thu-Feb-16-2017 PM10  |  38.47 |  38.79 |  49.08 |  33.41 |I I 
16:58-Thu-Feb-16-2017 PM2.5 |  19.43 |  19.42 |  23.76 |  15.44 |I I 
16:59-Thu-Feb-16-2017 PM10  |  36.31 |  38.70 |  49.08 |  33.41 |I I 
16:59-Thu-Feb-16-2017 PM2.5 |  18.19 |  19.37 |  23.76 |  15.44 |I I 
17:03-Thu-Feb-16-2017 PM10  |  36.49 |  38.61 |  49.08 |  33.41 |I I 
17:03-Thu-Feb-16-2017 PM2.5 |  18.98 |  19.36 |  23.76 |  15.44 |I I 
17:04-Thu-Feb-16-2017 PM10  |  39.53 |  39.53 |  49.08 |  33.41 |I I 
17:04-Thu-Feb-16-2017 PM2.5 |  18.16 |  18.16 |  23.76 |  15.44 |I I 
17:08-Thu-Feb-16-2017 PM10  |  40.03 |  39.78 |  49.08 |  33.41 |I I 
17:08-Thu-Feb-16-2017 PM2.5 |  19.55 |  18.85 |  23.76 |  15.44 |I I 
17:09-Thu-Feb-16-2017 PM10  |  40.03 |  39.86 |  49.08 |  33.41 |I I 
17:09-Thu-Feb-16-2017 PM2.5 |  19.55 |  19.09 |  23.76 |  15.44 |I I 
17:10-Thu-Feb-16-2017 PM10  |  35.19 |  38.70 |  49.08 |  33.41 |I I 
17:10-Thu-Feb-16-2017 PM2.5 |  17.76 |  18.75 |  23.76 |  15.44 |I I 
17:14-Thu-Feb-16-2017 PM10  |  39.13 |  38.78 |  49.08 |  33.41 |I I 
17:14-Thu-Feb-16-2017 PM2.5 |  19.50 |  18.90 |  23.76 |  15.44 |I I 
17:15-Thu-Feb-16-2017 PM10  |  36.35 |  38.38 |  49.08 |  33.41 |I I 
17:15-Thu-Feb-16-2017 PM2.5 |  17.09 |  18.60 |  23.76 |  15.44 |I I 
17:19-Thu-Feb-16-2017 PM10  |  36.29 |  38.08 |  49.08 |  33.41 |I I 
17:19-Thu-Feb-16-2017 PM2.5 |  18.44 |  18.58 |  23.76 |  15.44 |I I 
17:20-Thu-Feb-16-2017 PM10  |  40.19 |  38.34 |  49.08 |  33.41 |I I 
17:20-Thu-Feb-16-2017 PM2.5 |  17.32 |  18.42 |  23.76 |  15.44 |I I 
17:24-Thu-Feb-16-2017 PM10  |  39.01 |  38.42 |  49.08 |  33.41 |I I 
17:24-Thu-Feb-16-2017 PM2.5 |  19.25 |  18.51 |  23.76 |  15.44 |I I 
17:25-Thu-Feb-16-2017 PM10  |  34.79 |  38.05 |  49.08 |  33.41 |I I 
17:25-Thu-Feb-16-2017 PM2.5 |  17.97 |  18.46 |  23.76 |  15.44 |I I 
17:29-Thu-Feb-16-2017 PM10  |  37.72 |  38.02 |  49.08 |  33.41 |I I 
17:29-Thu-Feb-16-2017 PM2.5 |  18.91 |  18.50 |  23.76 |  15.44 |I I 
17:30-Thu-Feb-16-2017 PM10  |  35.83 |  37.84 |  49.08 |  33.41 |I I 
17:30-Thu-Feb-16-2017 PM2.5 |  17.82 |  18.44 |  23.76 |  15.44 |I I 
17:34-Thu-Feb-16-2017 PM10  |  38.41 |  37.89 |  49.08 |  33.41 |I I 
17:34-Thu-Feb-16-2017 PM2.5 |  18.63 |  18.46 |  23.76 |  15.44 |I I 
17:35-Thu-Feb-16-2017 PM10  |  34.13 |  37.62 |  49.08 |  33.41 |I I 
17:35-Thu-Feb-16-2017 PM2.5 |  16.50 |  18.32 |  23.76 |  15.44 |I I 
17:36-Thu-Feb-16-2017 PM10  |  34.13 |  37.39 |  49.08 |  33.41 |I I 
17:36-Thu-Feb-16-2017 PM2.5 |  16.50 |  18.20 |  23.76 |  15.44 |I I 
17:40-Thu-Feb-16-2017 PM10  |  33.97 |  37.17 |  49.08 |  33.41 |I I 
17:40-Thu-Feb-16-2017 PM2.5 |  17.13 |  18.13 |  23.76 |  15.44 |I I 
17:41-Thu-Feb-16-2017 PM10  |  34.68 |  37.03 |  49.08 |  33.41 |I I 
17:41-Thu-Feb-16-2017 PM2.5 |  16.29 |  18.02 |  23.76 |  15.44 |I I 
17:45-Thu-Feb-16-2017 PM10  |  33.38 |  36.82 |  49.08 |  33.41 |I I 
17:45-Thu-Feb-16-2017 PM2.5 |  15.85 |  17.90 |  23.76 |  15.44 |I I 
17:46-Thu-Feb-16-2017 PM10  |  31.69 |  36.55 |  49.08 |  33.41 |I I 
17:46-Thu-Feb-16-2017 PM2.5 |  15.82 |  17.79 |  23.76 |  15.44 |I I 
17:50-Thu-Feb-16-2017 PM10  |  33.35 |  36.39 |  49.08 |  33.41 |I I 
17:50-Thu-Feb-16-2017 PM2.5 |  17.25 |  17.76 |  23.76 |  15.44 |I I 
17:51-Thu-Feb-16-2017 PM10  |  29.55 |  36.07 |  49.08 |  33.41 |I I 
17:51-Thu-Feb-16-2017 PM2.5 |  15.10 |  17.64 |  23.76 |  15.44 |I I 
17:55-Thu-Feb-16-2017 PM10  |  32.28 |  35.89 |  49.08 |  33.41 |I I 
17:55-Thu-Feb-16-2017 PM2.5 |  16.95 |  17.61 |  23.76 |  15.44 |I I 
17:56-Thu-Feb-16-2017 PM10  |  33.05 |  35.77 |  49.08 |  33.41 |I I 
17:56-Thu-Feb-16-2017 PM2.5 |  16.03 |  17.54 |  23.76 |  15.44 |I I 
18:00-Thu-Feb-16-2017 PM10  |  35.65 |  35.77 |  49.08 |  33.41 |I I 
18:00-Thu-Feb-16-2017 PM2.5 |  17.55 |  17.54 |  23.76 |  15.44 |I I 
18:01-Thu-Feb-16-2017 PM10  |  39.23 |  39.23 |  49.08 |  33.41 |I I 
18:01-Thu-Feb-16-2017 PM2.5 |  17.00 |  17.00 |  23.76 |  15.44 |I I 
18:02-Thu-Feb-16-2017 PM10  |  39.23 |  39.23 |  49.08 |  33.41 |I I 
18:02-Thu-Feb-16-2017 PM2.5 |  17.00 |  17.00 |  23.76 |  15.44 |I I 
18:06-Thu-Feb-16-2017 PM10  |  40.35 |  39.60 |  49.08 |  33.41 |I I 
18:06-Thu-Feb-16-2017 PM2.5 |  18.46 |  17.49 |  23.76 |  15.44 |I I 
18:07-Thu-Feb-16-2017 PM10  |  40.64 |  39.86 |  49.08 |  33.41 |I I 
18:07-Thu-Feb-16-2017 PM2.5 |  18.68 |  17.79 |  23.76 |  15.44 |I I 
18:11-Thu-Feb-16-2017 PM10  |  43.36 |  40.56 |  49.08 |  33.41 |I I 
18:11-Thu-Feb-16-2017 PM2.5 |  20.44 |  18.32 |  23.76 |  15.44 |I I 
18:12-Thu-Feb-16-2017 PM10  |  37.13 |  39.99 |  49.08 |  33.41 |I I 
18:12-Thu-Feb-16-2017 PM2.5 |  18.84 |  18.40 |  23.76 |  15.44 |I I 
18:16-Thu-Feb-16-2017 PM10  |  43.83 |  40.54 |  49.08 |  33.41 |I I 
18:16-Thu-Feb-16-2017 PM2.5 |  20.11 |  18.65 |  23.76 |  15.44 |I I 
18:17-Thu-Feb-16-2017 PM10  |  43.69 |  40.93 |  49.08 |  33.41 |I I 
18:17-Thu-Feb-16-2017 PM2.5 |  21.07 |  18.95 |  23.76 |  15.44 |I I 
18:21-Thu-Feb-16-2017 PM10  |  44.90 |  41.37 |  49.08 |  33.41 |I I 
18:21-Thu-Feb-16-2017 PM2.5 |  22.75 |  19.37 |  23.76 |  15.44 |I I 
18:22-Thu-Feb-16-2017 PM10  |  64.06 |  43.64 |  49.08 |  33.41 |I I 
18:22-Thu-Feb-16-2017 PM2.5 |  26.34 |  20.07 |  23.76 |  15.44 |I I 
18:26-Thu-Feb-16-2017 PM10  |  56.81 |  44.84 |  49.08 |  33.41 |I I 
18:26-Thu-Feb-16-2017 PM2.5 |  26.03 |  20.61 |  23.76 |  15.44 |I I 
18:28-Thu-Feb-16-2017 PM10  |  45.81 |  44.92 |  49.08 |  33.41 |I I 
18:28-Thu-Feb-16-2017 PM2.5 |  20.37 |  20.59 |  23.76 |  15.44 |I I 
18:29-Thu-Feb-16-2017 PM10  |  45.81 |  44.99 |  49.08 |  33.41 |I I 
18:29-Thu-Feb-16-2017 PM2.5 |  20.37 |  20.57 |  23.76 |  15.44 |I I 
18:33-Thu-Feb-16-2017 PM10  |  43.82 |  44.91 |  49.08 |  33.41 |I I 
18:33-Thu-Feb-16-2017 PM2.5 |  22.12 |  20.68 |  23.76 |  15.44 |I I 
18:34-Thu-Feb-16-2017 PM10  |  45.85 |  44.97 |  49.08 |  33.41 |I I 
18:34-Thu-Feb-16-2017 PM2.5 |  21.12 |  20.71 |  23.76 |  15.44 |I I 
18:38-Thu-Feb-16-2017 PM10  |  42.18 |  44.79 |  49.08 |  33.41 |I I 
18:38-Thu-Feb-16-2017 PM2.5 |  21.22 |  20.74 |  23.76 |  15.44 |I I 
18:39-Thu-Feb-16-2017 PM10  |  45.12 |  44.81 |  49.08 |  33.41 |I I 
18:39-Thu-Feb-16-2017 PM2.5 |  20.13 |  20.71 |  23.76 |  15.44 |I I 
18:43-Thu-Feb-16-2017 PM10  |  45.46 |  44.85 |  49.08 |  33.41 |I I 
18:43-Thu-Feb-16-2017 PM2.5 |  21.73 |  20.76 |  23.76 |  15.44 |I I 
18:44-Thu-Feb-16-2017 PM10  |  41.72 |  44.68 |  49.08 |  33.41 |I I 
18:44-Thu-Feb-16-2017 PM2.5 |  19.11 |  20.68 |  23.76 |  15.44 |I I 
18:48-Thu-Feb-16-2017 PM10  |  42.97 |  44.60 |  49.08 |  33.41 |I I 
18:48-Thu-Feb-16-2017 PM2.5 |  19.71 |  20.63 |  23.76 |  15.44 |I I 
18:49-Thu-Feb-16-2017 PM10  |  42.61 |  44.50 |  49.08 |  33.41 |I I 
18:49-Thu-Feb-16-2017 PM2.5 |  19.37 |  20.57 |  23.76 |  15.44 |I I 
18:53-Thu-Feb-16-2017 PM10  |  46.93 |  44.61 |  49.08 |  33.41 |I I 
18:53-Thu-Feb-16-2017 PM2.5 |  20.59 |  20.57 |  23.76 |  15.44 |I I 
18:54-Thu-Feb-16-2017 PM10  |  38.49 |  44.35 |  49.08 |  33.41 |I I 
18:54-Thu-Feb-16-2017 PM2.5 |  18.64 |  20.49 |  23.76 |  15.44 |I I 
18:58-Thu-Feb-16-2017 PM10  |  40.71 |  44.20 |  49.08 |  33.41 |I I 
18:58-Thu-Feb-16-2017 PM2.5 |  19.71 |  20.45 |  23.76 |  15.44 |I I 
18:59-Thu-Feb-16-2017 PM10  |  40.71 |  44.06 |  49.08 |  33.41 |I I 
18:59-Thu-Feb-16-2017 PM2.5 |  19.71 |  20.42 |  23.76 |  15.44 |I I 
19:00-Thu-Feb-16-2017 PM10  |  40.37 |  43.91 |  49.08 |  33.41 |I I 
19:00-Thu-Feb-16-2017 PM2.5 |  18.46 |  20.35 |  23.76 |  15.44 |I I 
19:04-Thu-Feb-16-2017 PM10  |  37.36 |  37.36 |  49.08 |  33.41 |I I 
19:04-Thu-Feb-16-2017 PM2.5 |  18.98 |  18.98 |  23.76 |  15.44 |I I 
19:05-Thu-Feb-16-2017 PM10  |  44.24 |  40.80 |  49.08 |  33.41 |I I 
19:05-Thu-Feb-16-2017 PM2.5 |  17.99 |  18.48 |  23.76 |  15.44 |I I 
19:09-Thu-Feb-16-2017 PM10  |  41.40 |  41.00 |  49.08 |  33.41 |I I 
19:09-Thu-Feb-16-2017 PM2.5 |  19.87 |  18.95 |  23.76 |  15.44 |I I 
19:10-Thu-Feb-16-2017 PM10  |  35.07 |  39.52 |  49.08 |  33.41 |I I 
19:10-Thu-Feb-16-2017 PM2.5 |  16.65 |  18.37 |  23.76 |  15.44 |I I 
19:14-Thu-Feb-16-2017 PM10  |  38.13 |  39.24 |  49.08 |  33.41 |I I 
19:14-Thu-Feb-16-2017 PM2.5 |  17.71 |  18.24 |  23.76 |  15.44 |I I 
19:15-Thu-Feb-16-2017 PM10  |  36.00 |  38.70 |  49.08 |  33.41 |I I 
19:15-Thu-Feb-16-2017 PM2.5 |  16.37 |  17.93 |  23.76 |  15.44 |I I 
19:19-Thu-Feb-16-2017 PM10  |  40.16 |  38.91 |  49.08 |  33.41 |I I 
19:19-Thu-Feb-16-2017 PM2.5 |  17.24 |  17.83 |  23.76 |  15.44 |I I 
19:20-Thu-Feb-16-2017 PM10  |  38.05 |  38.80 |  49.08 |  33.41 |I I 
19:20-Thu-Feb-16-2017 PM2.5 |  16.67 |  17.69 |  23.76 |  15.44 |I I 
19:24-Thu-Feb-16-2017 PM10  |  39.11 |  38.83 |  49.08 |  33.41 |I I 
19:24-Thu-Feb-16-2017 PM2.5 |  17.57 |  17.67 |  23.76 |  15.44 |I I 
19:25-Thu-Feb-16-2017 PM10  |  39.11 |  38.86 |  49.08 |  33.41 |I I 
19:25-Thu-Feb-16-2017 PM2.5 |  17.57 |  17.66 |  23.76 |  15.44 |I I 
19:26-Thu-Feb-16-2017 PM10  |  34.82 |  38.50 |  49.08 |  33.41 |I I 
19:26-Thu-Feb-16-2017 PM2.5 |  16.43 |  17.55 |  23.76 |  15.44 |I I 
19:30-Thu-Feb-16-2017 PM10  |  37.17 |  38.38 |  49.08 |  33.41 |I I 
19:30-Thu-Feb-16-2017 PM2.5 |  17.38 |  17.54 |  23.76 |  15.44 |I I 
19:31-Thu-Feb-16-2017 PM10  |  33.92 |  38.04 |  49.08 |  33.41 |I I 
19:31-Thu-Feb-16-2017 PM2.5 |  16.89 |  17.49 |  23.76 |  15.44 |I I 
19:35-Thu-Feb-16-2017 PM10  |  38.28 |  38.06 |  49.08 |  33.41 |I I 
19:35-Thu-Feb-16-2017 PM2.5 |  18.03 |  17.52 |  23.76 |  15.44 |I I 
19:36-Thu-Feb-16-2017 PM10  |  37.33 |  38.01 |  49.08 |  33.41 |I I 
19:36-Thu-Feb-16-2017 PM2.5 |  17.39 |  17.52 |  23.76 |  15.44 |I I 
19:40-Thu-Feb-16-2017 PM10  |  38.10 |  38.02 |  49.08 |  33.41 |I I 
19:40-Thu-Feb-16-2017 PM2.5 |  18.06 |  17.55 |  23.76 |  15.44 |I I 
19:41-Thu-Feb-16-2017 PM10  |  37.00 |  37.96 |  49.08 |  33.41 |I I 
19:41-Thu-Feb-16-2017 PM2.5 |  17.45 |  17.54 |  23.76 |  15.44 |I I 
19:45-Thu-Feb-16-2017 PM10  |  40.58 |  38.10 |  49.08 |  33.41 |I I 
19:45-Thu-Feb-16-2017 PM2.5 |  18.67 |  17.61 |  23.76 |  15.44 |I I 
19:46-Thu-Feb-16-2017 PM10  |  39.39 |  38.17 |  49.08 |  33.41 |I I 
19:46-Thu-Feb-16-2017 PM2.5 |  18.59 |  17.66 |  23.76 |  15.44 |I I 
19:50-Thu-Feb-16-2017 PM10  |  42.06 |  38.36 |  49.08 |  33.41 |I I 
19:50-Thu-Feb-16-2017 PM2.5 |  19.85 |  17.77 |  23.76 |  15.44 |I I 
19:51-Thu-Feb-16-2017 PM10  |  42.54 |  38.56 |  49.08 |  33.41 |I I 
19:51-Thu-Feb-16-2017 PM2.5 |  17.94 |  17.78 |  23.76 |  15.44 |I I 
19:52-Thu-Feb-16-2017 PM10  |  42.54 |  38.74 |  49.08 |  33.41 |I I 
19:52-Thu-Feb-16-2017 PM2.5 |  17.94 |  17.78 |  23.76 |  15.44 |I I 
19:55-Thu-Feb-16-2017 PM10  |  39.88 |  38.79 |  49.08 |  33.41 |I I 
19:55-Thu-Feb-16-2017 PM2.5 |  19.30 |  17.85 |  23.76 |  15.44 |I I 
19:56-Thu-Feb-16-2017 PM10  |  39.88 |  38.84 |  49.08 |  33.41 |I I 
19:56-Thu-Feb-16-2017 PM2.5 |  19.30 |  17.91 |  23.76 |  15.44 |I I 
19:57-Thu-Feb-16-2017 PM10  |  36.26 |  38.73 |  49.08 |  33.41 |I I 
19:57-Thu-Feb-16-2017 PM2.5 |  18.17 |  17.92 |  23.76 |  15.44 |I I 
20:01-Thu-Feb-16-2017 PM10  |  43.13 |  38.90 |  49.08 |  33.41 |I I 
20:01-Thu-Feb-16-2017 PM2.5 |  20.04 |  18.00 |  23.76 |  15.44 |I I 
20:02-Thu-Feb-16-2017 PM10  |  43.33 |  43.33 |  49.08 |  33.41 |I I 
20:02-Thu-Feb-16-2017 PM2.5 |  18.61 |  18.61 |  23.76 |  15.44 |I I 
20:06-Thu-Feb-16-2017 PM10  |  48.93 |  46.13 |  49.08 |  33.41 |I I 
20:06-Thu-Feb-16-2017 PM2.5 |  21.12 |  19.86 |  23.76 |  15.44 |I I 
20:07-Thu-Feb-16-2017 PM10  |  45.62 |  45.96 |  49.08 |  33.41 |I I 
20:07-Thu-Feb-16-2017 PM2.5 |  20.85 |  20.19 |  23.76 |  15.44 |I I 
20:11-Thu-Feb-16-2017 PM10  |  44.23 |  45.53 |  49.08 |  33.41 |I I 
20:11-Thu-Feb-16-2017 PM2.5 |  22.53 |  20.78 |  23.76 |  15.44 |I I 
20:12-Thu-Feb-16-2017 PM10  |  46.67 |  45.76 |  49.08 |  33.41 |I I 
20:12-Thu-Feb-16-2017 PM2.5 |  20.91 |  20.80 |  23.76 |  15.44 |I I 
20:16-Thu-Feb-16-2017 PM10  |  47.71 |  46.08 |  49.08 |  33.41 |I I 
20:16-Thu-Feb-16-2017 PM2.5 |  21.97 |  21.00 |  23.76 |  15.44 |I I 
20:17-Thu-Feb-16-2017 PM10  |  48.71 |  46.46 |  49.08 |  33.41 |B B 
20:17-Thu-Feb-16-2017 PM2.5 |  21.58 |  21.08 |  23.76 |  15.44 |B B 
20:21-Thu-Feb-16-2017recover dati per host :salvatorehost.no-ip.org/aria
20:21-Thu-Feb-16-2017recover dati per host :92.223.147.77/nodered
20:22-Thu-Feb-16-2017 PM10  |  46.16 |  46.42 |  49.08 |  33.41 |I I 
20:22-Thu-Feb-16-2017 PM2.5 |  22.43 |  21.25 |  23.76 |  15.44 |I I 
20:23-Thu-Feb-16-2017 PM10  |  47.47 |  46.54 |  49.08 |  33.41 |I I 
20:23-Thu-Feb-16-2017 PM2.5 |  20.25 |  21.14 |  23.76 |  15.44 |I I 
20:27-Thu-Feb-16-2017 PM10  |  48.73 |  46.76 |  49.08 |  33.41 |I I 
20:27-Thu-Feb-16-2017 PM2.5 |  22.43 |  21.27 |  23.76 |  15.44 |I I 
20:28-Thu-Feb-16-2017 PM10  |  46.50 |  46.73 |  49.08 |  33.41 |I I 
20:28-Thu-Feb-16-2017 PM2.5 |  20.09 |  21.16 |  23.76 |  15.44 |I I 
20:32-Thu-Feb-16-2017 PM10  |  43.09 |  46.43 |  49.08 |  33.41 |I I 
20:32-Thu-Feb-16-2017 PM2.5 |  20.59 |  21.11 |  23.76 |  15.44 |I I 
20:33-Thu-Feb-16-2017 PM10  |  49.64 |  46.68 |  49.08 |  33.41 |I I 
20:33-Thu-Feb-16-2017 PM2.5 |  21.13 |  21.11 |  23.76 |  15.44 |I I 
20:37-Thu-Feb-16-2017 PM10  |  45.95 |  46.62 |  49.08 |  33.41 |I I 
20:37-Thu-Feb-16-2017 PM2.5 |  20.74 |  21.09 |  23.76 |  15.44 |I I 
20:38-Thu-Feb-16-2017 PM10  |  46.02 |  46.58 |  49.08 |  33.41 |I I 
20:38-Thu-Feb-16-2017 PM2.5 |  19.35 |  20.97 |  23.76 |  15.44 |I I 
20:39-Thu-Feb-16-2017 PM10  |  46.02 |  46.55 |  49.08 |  33.41 |I I 
20:39-Thu-Feb-16-2017 PM2.5 |  19.35 |  20.87 |  23.76 |  15.44 |I I 
20:43-Thu-Feb-16-2017 PM10  |  43.67 |  46.38 |  49.08 |  33.41 |I I 
20:43-Thu-Feb-16-2017 PM2.5 |  21.66 |  20.92 |  23.76 |  15.44 |I I 
20:44-Thu-Feb-16-2017 PM10  |  43.59 |  46.22 |  49.08 |  33.41 |I I 
20:44-Thu-Feb-16-2017 PM2.5 |  20.29 |  20.88 |  23.76 |  15.44 |I I 
20:48-Thu-Feb-16-2017 PM10  |  46.11 |  46.22 |  49.08 |  33.41 |I I 
20:48-Thu-Feb-16-2017 PM2.5 |  21.48 |  20.91 |  23.76 |  15.44 |I I 
20:49-Thu-Feb-16-2017 PM10  |  49.28 |  46.37 |  49.08 |  33.41 |I I 
20:49-Thu-Feb-16-2017 PM2.5 |  21.49 |  20.94 |  23.76 |  15.44 |I I 
20:53-Thu-Feb-16-2017 PM10  |  51.04 |  46.59 |  49.08 |  33.41 |I I 
20:53-Thu-Feb-16-2017 PM2.5 |  23.36 |  21.06 |  23.76 |  15.44 |I I 
20:54-Thu-Feb-16-2017 PM10  |  51.47 |  46.82 |  49.08 |  33.41 |I I 
20:54-Thu-Feb-16-2017 PM2.5 |  21.62 |  21.08 |  23.76 |  15.44 |I I 
20:58-Thu-Feb-16-2017 PM10  |  49.09 |  46.91 |  49.08 |  33.41 |I I 
20:58-Thu-Feb-16-2017 PM2.5 |  23.62 |  21.19 |  23.76 |  15.44 |I I 
20:59-Thu-Feb-16-2017 PM10  |  48.96 |  47.00 |  49.08 |  33.41 |I I 
20:59-Thu-Feb-16-2017 PM2.5 |  22.44 |  21.24 |  23.76 |  15.44 |I I 
21:03-Thu-Feb-16-2017 PM10  |  54.20 |  47.29 |  49.08 |  33.41 |I I 
21:03-Thu-Feb-16-2017 PM2.5 |  24.35 |  21.37 |  23.76 |  15.44 |I I 
21:04-Thu-Feb-16-2017 PM10  |  53.73 |  53.73 |  49.08 |  33.41 |I I 
21:04-Thu-Feb-16-2017 PM2.5 |  21.11 |  21.11 |  23.76 |  15.44 |I I 
21:08-Thu-Feb-16-2017 PM10  |  52.37 |  53.05 |  49.08 |  33.41 |I I 
21:08-Thu-Feb-16-2017 PM2.5 |  22.53 |  21.82 |  23.76 |  15.44 |I I 
21:09-Thu-Feb-16-2017 PM10  |  52.37 |  52.83 |  49.08 |  33.41 |I I 
21:09-Thu-Feb-16-2017 PM2.5 |  22.53 |  22.06 |  23.76 |  15.44 |I I 
21:10-Thu-Feb-16-2017 PM10  |  44.55 |  50.76 |  49.08 |  33.41 |I I 
21:10-Thu-Feb-16-2017 PM2.5 |  20.55 |  21.68 |  23.76 |  15.44 |I I 
21:14-Thu-Feb-16-2017 PM10  |  53.03 |  51.21 |  49.08 |  33.41 |I I 
21:14-Thu-Feb-16-2017 PM2.5 |  23.32 |  22.01 |  23.76 |  15.44 |I I 
21:15-Thu-Feb-16-2017 PM10  |  45.29 |  50.22 |  49.08 |  33.41 |I I 
21:15-Thu-Feb-16-2017 PM2.5 |  20.71 |  21.79 |  23.76 |  15.44 |I I 
21:19-Thu-Feb-16-2017 PM10  |  43.69 |  49.29 |  49.08 |  33.41 |I I 
21:19-Thu-Feb-16-2017 PM2.5 |  21.54 |  21.76 |  23.76 |  15.44 |I I 
21:20-Thu-Feb-16-2017 PM10  |  45.77 |  48.85 |  49.08 |  33.41 |I I 
21:20-Thu-Feb-16-2017 PM2.5 |  20.68 |  21.62 |  23.76 |  15.44 |I I 
21:24-Thu-Feb-16-2017 PM10  |  45.74 |  48.50 |  49.08 |  33.41 |I I 
21:24-Thu-Feb-16-2017 PM2.5 |  22.04 |  21.67 |  23.76 |  15.44 |I I 
21:25-Thu-Feb-16-2017 PM10  |  48.17 |  48.47 |  49.08 |  33.41 |I I 
21:25-Thu-Feb-16-2017 PM2.5 |  20.19 |  21.52 |  23.76 |  15.44 |I I 
21:29-Thu-Feb-16-2017 PM10  |  46.40 |  48.28 |  49.08 |  33.41 |I I 
21:29-Thu-Feb-16-2017 PM2.5 |  21.52 |  21.52 |  23.76 |  15.44 |I I 
21:30-Thu-Feb-16-2017 PM10  |  49.09 |  48.35 |  49.08 |  33.41 |I I 
21:30-Thu-Feb-16-2017 PM2.5 |  21.33 |  21.51 |  23.76 |  15.44 |I I 
21:34-Thu-Feb-16-2017 PM10  |  51.89 |  48.62 |  49.08 |  33.41 |I I 
21:34-Thu-Feb-16-2017 PM2.5 |  23.81 |  21.68 |  23.76 |  15.44 |I I 
21:35-Thu-Feb-16-2017 PM10  |  51.89 |  48.86 |  49.08 |  33.41 |I I 
21:35-Thu-Feb-16-2017 PM2.5 |  23.81 |  21.84 |  23.76 |  15.44 |I I 
21:36-Thu-Feb-16-2017 PM10  |  57.63 |  49.44 |  49.08 |  33.41 |I I 
21:36-Thu-Feb-16-2017 PM2.5 |  23.90 |  21.97 |  23.76 |  15.44 |I I 
21:40-Thu-Feb-16-2017 PM10  |  54.59 |  49.76 |  49.08 |  33.41 |I I 
21:40-Thu-Feb-16-2017 PM2.5 |  25.03 |  22.16 |  23.76 |  15.44 |I I 
21:41-Thu-Feb-16-2017 PM10  |  52.06 |  49.90 |  49.08 |  33.41 |I I 
21:41-Thu-Feb-16-2017 PM2.5 |  22.07 |  22.16 |  23.76 |  15.44 |I I 
21:46-Thu-Feb-16-2017 PM10  |  53.48 |  50.10 |  49.08 |  33.41 |I I 
21:46-Thu-Feb-16-2017 PM2.5 |  24.75 |  22.30 |  23.76 |  15.44 |I I 
21:47-Thu-Feb-16-2017 PM10  |  53.87 |  50.30 |  49.08 |  33.41 |I I 
21:47-Thu-Feb-16-2017 PM2.5 |  24.20 |  22.40 |  23.76 |  15.44 |I I 
21:51-Thu-Feb-16-2017 PM10  |  52.20 |  50.39 |  49.08 |  33.41 |I I 
21:51-Thu-Feb-16-2017 PM2.5 |  25.20 |  22.54 |  23.76 |  15.44 |I I 
21:52-Thu-Feb-16-2017 PM10  |  73.47 |  51.49 |  49.08 |  33.41 |I I 
21:52-Thu-Feb-16-2017 PM2.5 |  32.08 |  23.00 |  23.76 |  15.44 |I I 
21:56-Thu-Feb-16-2017 PM10  |  120.64|  54.63 |  49.08 |  33.41 |I I 
21:56-Thu-Feb-16-2017 PM2.5 |  46.30 |  24.06 |  23.76 |  15.44 |I I 
21:57-Thu-Feb-16-2017 PM10  |  69.65 |  55.29 |  49.08 |  33.41 |I I 
21:57-Thu-Feb-16-2017 PM2.5 |  30.45 |  24.33 |  23.76 |  15.44 |I I 
22:01-Thu-Feb-16-2017 PM10  |  60.96 |  55.52 |  55.52 |  33.41 |I I 
22:01-Thu-Feb-16-2017 PM2.5 |  27.82 |  24.48 |  24.48 |  15.44 |I I 
22:02-Thu-Feb-16-2017 PM10  |  54.59 |  54.59 |  55.52 |  33.41 |I I 
22:02-Thu-Feb-16-2017 PM2.5 |  25.30 |  25.30 |  24.48 |  15.44 |I I 
22:03-Thu-Feb-16-2017 PM10  |  54.59 |  54.59 |  55.52 |  33.41 |I I 
22:03-Thu-Feb-16-2017 PM2.5 |  25.30 |  25.30 |  24.48 |  15.44 |I I 
22:07-Thu-Feb-16-2017 PM10  |  53.76 |  54.32 |  55.52 |  33.41 |I I 
22:07-Thu-Feb-16-2017 PM2.5 |  25.83 |  25.48 |  24.48 |  15.44 |I I 
22:08-Thu-Feb-16-2017 PM10  |  56.96 |  54.98 |  55.52 |  33.41 |I I 
22:08-Thu-Feb-16-2017 PM2.5 |  25.21 |  25.41 |  24.48 |  15.44 |I I 
22:12-Thu-Feb-16-2017 PM10  |  59.42 |  55.87 |  55.52 |  33.41 |I I 
22:12-Thu-Feb-16-2017 PM2.5 |  26.43 |  25.61 |  24.48 |  15.44 |I I 
22:13-Thu-Feb-16-2017 PM10  |  56.56 |  55.98 |  55.52 |  33.41 |I I 
22:13-Thu-Feb-16-2017 PM2.5 |  25.43 |  25.58 |  24.48 |  15.44 |I I 
22:17-Thu-Feb-16-2017 PM10  |  59.83 |  56.53 |  55.52 |  33.41 |I I 
22:17-Thu-Feb-16-2017 PM2.5 |  27.14 |  25.81 |  24.48 |  15.44 |I I 
22:18-Thu-Feb-16-2017 PM10  |  53.12 |  56.10 |  55.52 |  33.41 |I I 
22:18-Thu-Feb-16-2017 PM2.5 |  24.41 |  25.63 |  24.48 |  15.44 |I I 
22:22-Thu-Feb-16-2017 PM10  |  56.69 |  56.17 |  55.52 |  33.41 |I I 
22:22-Thu-Feb-16-2017 PM2.5 |  26.82 |  25.76 |  24.48 |  15.44 |I I 
22:23-Thu-Feb-16-2017 PM10  |  55.34 |  56.09 |  55.52 |  33.41 |I I 
22:23-Thu-Feb-16-2017 PM2.5 |  23.70 |  25.56 |  24.48 |  15.44 |I I 
22:27-Thu-Feb-16-2017 PM10  |  56.44 |  56.12 |  55.52 |  33.41 |I I 
22:27-Thu-Feb-16-2017 PM2.5 |  26.34 |  25.63 |  24.48 |  15.44 |I I 
22:28-Thu-Feb-16-2017 PM10  |  54.15 |  55.95 |  55.52 |  33.41 |I I 
22:28-Thu-Feb-16-2017 PM2.5 |  24.72 |  25.55 |  24.48 |  15.44 |I I 
22:29-Thu-Feb-16-2017 PM10  |  54.15 |  55.82 |  55.52 |  33.41 |I I 
22:29-Thu-Feb-16-2017 PM2.5 |  24.72 |  25.49 |  24.48 |  15.44 |I I 
22:33-Thu-Feb-16-2017 PM10  |  53.85 |  55.68 |  55.52 |  33.41 |I I 
22:33-Thu-Feb-16-2017 PM2.5 |  25.69 |  25.50 |  24.48 |  15.44 |I I 
22:34-Thu-Feb-16-2017 PM10  |  54.34 |  55.59 |  55.52 |  33.41 |I I 
22:34-Thu-Feb-16-2017 PM2.5 |  23.85 |  25.39 |  24.48 |  15.44 |I I 
22:38-Thu-Feb-16-2017 PM10  |  56.18 |  55.62 |  55.52 |  33.41 |I I 
22:38-Thu-Feb-16-2017 PM2.5 |  26.16 |  25.44 |  24.48 |  15.44 |I I 
22:39-Thu-Feb-16-2017 PM10  |  55.82 |  55.64 |  55.52 |  33.41 |I I 
22:39-Thu-Feb-16-2017 PM2.5 |  25.68 |  25.45 |  24.48 |  15.44 |I I 
22:43-Thu-Feb-16-2017 PM10  |  59.97 |  55.88 |  55.52 |  33.41 |I I 
22:43-Thu-Feb-16-2017 PM2.5 |  26.40 |  25.51 |  24.48 |  15.44 |I I 
22:44-Thu-Feb-16-2017 PM10  |  55.11 |  55.84 |  55.52 |  33.41 |I I 
22:44-Thu-Feb-16-2017 PM2.5 |  24.21 |  25.44 |  24.48 |  15.44 |I I 
22:48-Thu-Feb-16-2017 PM10  |  56.71 |  55.88 |  55.52 |  33.41 |I I 
22:48-Thu-Feb-16-2017 PM2.5 |  26.98 |  25.52 |  24.48 |  15.44 |I I 
22:49-Thu-Feb-16-2017 PM10  |  54.92 |  55.83 |  55.52 |  33.41 |I I 
22:49-Thu-Feb-16-2017 PM2.5 |  24.31 |  25.46 |  24.48 |  15.44 |I I 
22:53-Thu-Feb-16-2017 PM10  |  59.17 |  55.99 |  55.52 |  33.41 |I I 
22:53-Thu-Feb-16-2017 PM2.5 |  26.65 |  25.51 |  24.48 |  15.44 |I I 
22:54-Thu-Feb-16-2017 PM10  |  65.17 |  56.39 |  55.52 |  33.41 |I I 
22:54-Thu-Feb-16-2017 PM2.5 |  27.82 |  25.61 |  24.48 |  15.44 |I I 
22:58-Thu-Feb-16-2017 PM10  |  61.43 |  56.60 |  55.52 |  33.41 |I I 
22:58-Thu-Feb-16-2017 PM2.5 |  28.09 |  25.72 |  24.48 |  15.44 |I I 
22:59-Thu-Feb-16-2017 PM10  |  61.43 |  56.79 |  55.52 |  33.41 |I I 
22:59-Thu-Feb-16-2017 PM2.5 |  28.09 |  25.81 |  24.48 |  15.44 |I I 
23:00-Thu-Feb-16-2017 PM10  |  53.78 |  56.67 |  56.67 |  33.41 |I I 
23:00-Thu-Feb-16-2017 PM2.5 |  25.22 |  25.79 |  25.79 |  15.44 |I I 
23:04-Thu-Feb-16-2017 PM10  |  55.59 |  55.59 |  56.67 |  33.41 |I I 
23:04-Thu-Feb-16-2017 PM2.5 |  26.64 |  26.64 |  25.79 |  15.44 |I I 
23:05-Thu-Feb-16-2017 PM10  |  58.02 |  56.81 |  56.67 |  33.41 |I I 
23:05-Thu-Feb-16-2017 PM2.5 |  25.95 |  26.29 |  25.79 |  15.44 |I I 
23:09-Thu-Feb-16-2017 PM10  |  62.70 |  58.77 |  56.67 |  33.41 |I I 
23:09-Thu-Feb-16-2017 PM2.5 |  28.15 |  26.91 |  25.79 |  15.44 |I I 
23:10-Thu-Feb-16-2017 PM10  |  59.86 |  59.04 |  56.67 |  33.41 |I I 
23:10-Thu-Feb-16-2017 PM2.5 |  26.04 |  26.69 |  25.79 |  15.44 |I I 
23:14-Thu-Feb-16-2017 PM10  |  60.82 |  59.40 |  56.67 |  33.41 |I I 
23:14-Thu-Feb-16-2017 PM2.5 |  28.17 |  26.99 |  25.79 |  15.44 |I I 
23:15-Thu-Feb-16-2017 PM10  |  62.30 |  59.88 |  56.67 |  33.41 |I I 
23:15-Thu-Feb-16-2017 PM2.5 |  26.46 |  26.90 |  25.79 |  15.44 |I I 
23:19-Thu-Feb-16-2017 PM10  |  58.09 |  59.63 |  56.67 |  33.41 |I I 
23:19-Thu-Feb-16-2017 PM2.5 |  27.06 |  26.92 |  25.79 |  15.44 |I I 
23:20-Thu-Feb-16-2017 PM10  |  57.44 |  59.35 |  56.67 |  33.41 |I I 
23:20-Thu-Feb-16-2017 PM2.5 |  25.68 |  26.77 |  25.79 |  15.44 |I I 
23:24-Thu-Feb-16-2017 PM10  |  60.33 |  59.46 |  56.67 |  33.41 |I I 
23:24-Thu-Feb-16-2017 PM2.5 |  27.52 |  26.85 |  25.79 |  15.44 |I I 
23:25-Thu-Feb-16-2017 PM10  |  61.52 |  59.67 |  56.67 |  33.41 |I I 
23:25-Thu-Feb-16-2017 PM2.5 |  26.37 |  26.80 |  25.79 |  15.44 |I I 
23:26-Thu-Feb-16-2017 PM10  |  61.52 |  59.84 |  56.67 |  33.41 |I I 
23:26-Thu-Feb-16-2017 PM2.5 |  26.37 |  26.77 |  25.79 |  15.44 |I I 
23:30-Thu-Feb-16-2017 PM10  |  60.54 |  59.89 |  56.67 |  33.41 |I I 
23:30-Thu-Feb-16-2017 PM2.5 |  27.96 |  26.87 |  25.79 |  15.44 |I I 
23:31-Thu-Feb-16-2017 PM10  |  56.79 |  59.66 |  56.67 |  33.41 |I I 
23:31-Thu-Feb-16-2017 PM2.5 |  24.54 |  26.69 |  25.79 |  15.44 |I I 
23:35-Thu-Feb-16-2017 PM10  |  55.60 |  59.37 |  56.67 |  33.41 |I I 
23:35-Thu-Feb-16-2017 PM2.5 |  26.56 |  26.68 |  25.79 |  15.44 |I I 
23:36-Thu-Feb-16-2017 PM10  |  52.60 |  58.91 |  56.67 |  33.41 |I I 
23:36-Thu-Feb-16-2017 PM2.5 |  24.33 |  26.52 |  25.79 |  15.44 |I I 
23:40-Thu-Feb-16-2017 PM10  |  53.08 |  58.55 |  56.67 |  33.41 |I I 
23:40-Thu-Feb-16-2017 PM2.5 |  26.04 |  26.49 |  25.79 |  15.44 |I I 
23:41-Thu-Feb-16-2017 PM10  |  54.52 |  58.31 |  56.67 |  33.41 |I I 
23:41-Thu-Feb-16-2017 PM2.5 |  25.75 |  26.45 |  25.79 |  15.44 |I I 
23:45-Thu-Feb-16-2017 PM10  |  56.50 |  58.21 |  56.67 |  33.41 |I I 
23:45-Thu-Feb-16-2017 PM2.5 |  26.33 |  26.44 |  25.79 |  15.44 |I I 
23:46-Thu-Feb-16-2017 PM10  |  56.98 |  58.15 |  56.67 |  33.41 |I I 
23:46-Thu-Feb-16-2017 PM2.5 |  25.42 |  26.39 |  25.79 |  15.44 |I I 
23:50-Thu-Feb-16-2017 PM10  |  57.36 |  58.11 |  56.67 |  33.41 |I I 
23:50-Thu-Feb-16-2017 PM2.5 |  27.68 |  26.45 |  25.79 |  15.44 |I I 
23:51-Thu-Feb-16-2017 PM10  |  51.40 |  57.79 |  56.67 |  33.41 |I I 
23:51-Thu-Feb-16-2017 PM2.5 |  23.59 |  26.32 |  25.79 |  15.44 |I I 
23:55-Thu-Feb-16-2017 PM10  |  54.87 |  57.66 |  56.67 |  33.41 |I I 
23:55-Thu-Feb-16-2017 PM2.5 |  26.10 |  26.31 |  25.79 |  15.44 |I I 
23:56-Thu-Feb-16-2017 PM10  |  54.87 |  57.53 |  56.67 |  33.41 |I I 
23:56-Thu-Feb-16-2017 PM2.5 |  26.10 |  26.30 |  25.79 |  15.44 |I I 
23:57-Thu-Feb-16-2017 PM10  |  50.62 |  57.25 |  56.67 |  33.41 |I I 
23:57-Thu-Feb-16-2017 PM2.5 |  23.13 |  26.17 |  25.79 |  15.44 |I I 
00:01-Fri-Feb-17-2017 PM10  |  46.14 |  56.80 |  56.80 |  33.41 |I I 
