[Thu May 18 00:02:37 2017] Report del giorno Thursday May 18 2017 -- INVIATO a centraline@googlegroups.com
00:02-Thu-May-18-2017 PM2.5 |   3.63 |   3.86 |  19.75 |   3.06 |B B 
00:03-Thu-May-18-2017recover dati per host :92.223.147.77/nodered
00:03-Thu-May-18-2017 PM10  |   7.23 |   7.23 |   0.00 |  2000.00|B I 
00:03-Thu-May-18-2017 PM2.5 |   3.95 |   3.95 |   0.00 |  2000.00|B I 
00:07-Thu-May-18-2017recover dati per host :salvatorehost.no-ip.org/aria
00:07-Thu-May-18-2017 PM10  |   4.44 |   5.83 |   0.00 |  2000.00|I I 
00:07-Thu-May-18-2017 PM2.5 |   3.66 |   3.80 |   0.00 |  2000.00|I I 
00:08-Thu-May-18-2017 PM10  |   8.67 |   6.78 |   0.00 |  2000.00|I I 
00:08-Thu-May-18-2017 PM2.5 |   3.98 |   3.86 |   0.00 |  2000.00|I I 
00:12-Thu-May-18-2017 PM10  |   7.79 |   7.03 |   0.00 |  2000.00|I I 
00:12-Thu-May-18-2017 PM2.5 |   3.84 |   3.86 |   0.00 |  2000.00|I I 
00:13-Thu-May-18-2017 PM10  |   5.15 |   6.66 |   0.00 |  2000.00|I I 
00:13-Thu-May-18-2017 PM2.5 |   3.78 |   3.84 |   0.00 |  2000.00|I I 
00:17-Thu-May-18-2017 PM10  |   5.50 |   6.46 |   0.00 |  2000.00|I I 
00:17-Thu-May-18-2017 PM2.5 |   3.56 |   3.79 |   0.00 |  2000.00|I I 
00:18-Thu-May-18-2017 PM10  |   5.30 |   6.30 |   0.00 |  2000.00|I I 
00:18-Thu-May-18-2017 PM2.5 |   3.96 |   3.82 |   0.00 |  2000.00|I I 
00:22-Thu-May-18-2017 PM10  |   5.22 |   6.16 |   0.00 |  2000.00|I I 
00:22-Thu-May-18-2017 PM2.5 |   3.55 |   3.78 |   0.00 |  2000.00|I I 
00:23-Thu-May-18-2017 PM10  |   7.08 |   6.26 |   0.00 |  2000.00|I I 
00:23-Thu-May-18-2017 PM2.5 |   3.87 |   3.79 |   0.00 |  2000.00|I I 
00:27-Thu-May-18-2017 PM10  |   7.73 |   6.41 |   0.00 |  2000.00|I I 
00:27-Thu-May-18-2017 PM2.5 |   3.62 |   3.78 |   0.00 |  2000.00|I I 
00:28-Thu-May-18-2017 PM10  |   6.69 |   6.44 |   0.00 |  2000.00|I I 
00:28-Thu-May-18-2017 PM2.5 |   4.12 |   3.81 |   0.00 |  2000.00|I I 
00:32-Thu-May-18-2017 PM10  |   7.67 |   6.54 |   0.00 |  2000.00|I I 
00:32-Thu-May-18-2017 PM2.5 |   3.88 |   3.81 |   0.00 |  2000.00|I I 
00:33-Thu-May-18-2017 PM10  |   7.09 |   6.58 |   0.00 |  2000.00|I I 
00:33-Thu-May-18-2017 PM2.5 |   4.13 |   3.84 |   0.00 |  2000.00|I I 
00:38-Thu-May-18-2017 PM10  |   3.97 |   6.39 |   0.00 |  2000.00|I I 
00:38-Thu-May-18-2017 PM2.5 |   3.77 |   3.83 |   0.00 |  2000.00|I I 
00:42-Thu-May-18-2017 PM10  |   7.53 |   6.47 |   0.00 |  2000.00|B I 
00:42-Thu-May-18-2017 PM2.5 |   3.74 |   3.83 |   0.00 |  2000.00|B I 
00:43-Thu-May-18-2017recover dati per host :salvatorehost.no-ip.org/aria
00:43-Thu-May-18-2017 PM10  |   7.29 |   6.52 |   0.00 |  2000.00|I I 
00:43-Thu-May-18-2017 PM2.5 |   4.12 |   3.85 |   0.00 |  2000.00|I I 
00:47-Thu-May-18-2017 PM10  |   4.95 |   6.43 |   0.00 |  2000.00|I I 
00:47-Thu-May-18-2017 PM2.5 |   3.76 |   3.84 |   0.00 |  2000.00|I I 
00:48-Thu-May-18-2017 PM10  |   5.14 |   6.36 |   0.00 |  2000.00|I I 
00:48-Thu-May-18-2017 PM2.5 |   4.05 |   3.85 |   0.00 |  2000.00|I I 
00:52-Thu-May-18-2017 PM10  |   5.03 |   6.29 |   0.00 |  2000.00|I I 
00:52-Thu-May-18-2017 PM2.5 |   3.86 |   3.85 |   0.00 |  2000.00|I I 
00:53-Thu-May-18-2017 PM10  |   8.56 |   6.40 |   0.00 |  2000.00|I I 
00:53-Thu-May-18-2017 PM2.5 |   4.11 |   3.86 |   0.00 |  2000.00|I I 
00:57-Thu-May-18-2017 PM10  |   4.33 |   6.30 |   0.00 |  2000.00|I I 
00:57-Thu-May-18-2017 PM2.5 |   3.40 |   3.84 |   0.00 |  2000.00|I I 
00:58-Thu-May-18-2017 PM10  |   5.89 |   6.28 |   0.00 |  2000.00|I I 
00:58-Thu-May-18-2017 PM2.5 |   4.06 |   3.85 |   0.00 |  2000.00|I I 
01:02-Thu-May-18-2017 PM10  |   3.90 |   6.18 |   6.18 |   6.18 |I I 
01:02-Thu-May-18-2017 PM2.5 |   3.73 |   3.85 |   3.85 |   3.85 |I I 
01:03-Thu-May-18-2017 PM10  |   4.88 |   4.88 |   6.18 |   6.18 |I I 
01:03-Thu-May-18-2017 PM2.5 |   3.76 |   3.76 |   3.85 |   3.85 |I I 
01:07-Thu-May-18-2017 PM10  |   4.22 |   4.55 |   6.18 |   6.18 |I I 
01:07-Thu-May-18-2017 PM2.5 |   3.56 |   3.66 |   3.85 |   3.85 |I I 
01:08-Thu-May-18-2017 PM10  |   5.87 |   4.99 |   6.18 |   6.18 |I I 
01:08-Thu-May-18-2017 PM2.5 |   3.92 |   3.75 |   3.85 |   3.85 |I I 
01:12-Thu-May-18-2017 PM10  |   4.13 |   4.78 |   6.18 |   6.18 |I I 
01:12-Thu-May-18-2017 PM2.5 |   3.75 |   3.75 |   3.85 |   3.85 |I I 
01:13-Thu-May-18-2017 PM10  |   5.21 |   4.86 |   6.18 |   6.18 |I I 
01:13-Thu-May-18-2017 PM2.5 |   3.76 |   3.75 |   3.85 |   3.85 |I I 
01:17-Thu-May-18-2017 PM10  |   4.33 |   4.77 |   6.18 |   6.18 |I I 
01:17-Thu-May-18-2017 PM2.5 |   3.63 |   3.73 |   3.85 |   3.85 |I I 
01:18-Thu-May-18-2017 PM10  |   6.19 |   4.98 |   6.18 |   6.18 |I I 
01:18-Thu-May-18-2017 PM2.5 |   4.03 |   3.77 |   3.85 |   3.85 |I I 
01:22-Thu-May-18-2017 PM10  |   6.67 |   5.19 |   6.18 |   6.18 |I I 
01:22-Thu-May-18-2017 PM2.5 |   3.88 |   3.79 |   3.85 |   3.85 |I I 
01:23-Thu-May-18-2017 PM10  |   7.25 |   5.42 |   6.18 |   6.18 |B I 
01:23-Thu-May-18-2017 PM2.5 |   4.11 |   3.82 |   3.85 |   3.85 |B I 
01:28-Thu-May-18-2017recover dati per host :salvatorehost.no-ip.org/aria
01:28-Thu-May-18-2017 PM10  |   6.31 |   5.51 |   6.18 |   6.18 |I I 
01:28-Thu-May-18-2017 PM2.5 |   3.84 |   3.83 |   3.85 |   3.85 |I I 
01:29-Thu-May-18-2017 PM10  |   7.19 |   5.66 |   6.18 |   6.18 |B I 
01:29-Thu-May-18-2017 PM2.5 |   4.01 |   3.84 |   3.85 |   3.85 |B I 
01:33-Thu-May-18-2017recover dati per host :salvatorehost.no-ip.org/aria
01:33-Thu-May-18-2017 PM10  |   5.60 |   5.65 |   6.18 |   6.18 |I I 
01:33-Thu-May-18-2017 PM2.5 |   3.59 |   3.82 |   3.85 |   3.85 |I I 
01:37-Thu-May-18-2017 PM10  |   5.13 |   5.61 |   6.18 |   6.18 |I I 
01:37-Thu-May-18-2017 PM2.5 |   3.81 |   3.82 |   3.85 |   3.85 |I I 
01:38-Thu-May-18-2017 PM10  |   4.98 |   5.57 |   6.18 |   6.18 |I I 
01:38-Thu-May-18-2017 PM2.5 |   4.10 |   3.84 |   3.85 |   3.85 |I I 
01:42-Thu-May-18-2017 PM10  |   4.32 |   5.49 |   6.18 |   6.18 |I I 
01:42-Thu-May-18-2017 PM2.5 |   4.04 |   3.85 |   3.85 |   3.85 |I I 
01:43-Thu-May-18-2017 PM10  |   7.02 |   5.58 |   6.18 |   6.18 |I I 
01:43-Thu-May-18-2017 PM2.5 |   4.06 |   3.87 |   3.85 |   3.85 |I I 
01:47-Thu-May-18-2017 PM10  |   4.03 |   5.49 |   6.18 |   6.18 |B I 
01:47-Thu-May-18-2017 PM2.5 |   3.70 |   3.86 |   3.85 |   3.85 |B I 
01:48-Thu-May-18-2017recover dati per host :salvatorehost.no-ip.org/aria
01:48-Thu-May-18-2017 PM10  |   5.68 |   5.50 |   6.18 |   6.18 |I I 
01:48-Thu-May-18-2017 PM2.5 |   3.98 |   3.86 |   3.85 |   3.85 |I I 
01:52-Thu-May-18-2017 PM10  |   5.40 |   5.50 |   6.18 |   6.18 |I I 
01:52-Thu-May-18-2017 PM2.5 |   3.84 |   3.86 |   3.85 |   3.85 |I I 
01:53-Thu-May-18-2017 PM10  |  10.32 |   5.74 |   6.18 |   6.18 |I I 
01:53-Thu-May-18-2017 PM2.5 |   4.15 |   3.88 |   3.85 |   3.85 |I I 
01:57-Thu-May-18-2017 PM10  |   6.87 |   5.79 |   6.18 |   6.18 |I I 
01:57-Thu-May-18-2017 PM2.5 |   3.99 |   3.88 |   3.85 |   3.85 |I I 
01:58-Thu-May-18-2017 PM10  |   6.10 |   5.80 |   6.18 |   6.18 |I I 
01:58-Thu-May-18-2017 PM2.5 |   4.09 |   3.89 |   3.85 |   3.85 |I I 
02:02-Thu-May-18-2017 PM10  |   4.64 |   5.75 |   6.18 |   5.75 |I I 
02:02-Thu-May-18-2017 PM2.5 |   3.76 |   3.89 |   3.89 |   3.85 |I I 
02:03-Thu-May-18-2017 PM10  |   7.85 |   7.85 |   6.18 |   5.75 |I I 
02:03-Thu-May-18-2017 PM2.5 |   4.05 |   4.05 |   3.89 |   3.85 |I I 
02:07-Thu-May-18-2017 PM10  |   5.04 |   6.44 |   6.18 |   5.75 |I I 
02:07-Thu-May-18-2017 PM2.5 |   3.65 |   3.85 |   3.89 |   3.85 |I I 
02:08-Thu-May-18-2017 PM10  |   6.38 |   6.42 |   6.18 |   5.75 |B I 
02:08-Thu-May-18-2017 PM2.5 |   4.00 |   3.90 |   3.89 |   3.85 |B I 
02:12-Thu-May-18-2017recover dati per host :salvatorehost.no-ip.org/aria
02:12-Thu-May-18-2017 PM10  |   4.55 |   5.95 |   6.18 |   5.75 |I I 
02:12-Thu-May-18-2017 PM2.5 |   3.79 |   3.87 |   3.89 |   3.85 |I I 
02:13-Thu-May-18-2017 PM10  |   5.76 |   5.92 |   6.18 |   5.75 |I I 
02:13-Thu-May-18-2017 PM2.5 |   3.91 |   3.88 |   3.89 |   3.85 |I I 
02:17-Thu-May-18-2017 PM10  |   4.31 |   5.65 |   6.18 |   5.75 |I I 
02:17-Thu-May-18-2017 PM2.5 |   3.81 |   3.87 |   3.89 |   3.85 |I I 
02:18-Thu-May-18-2017 PM10  |   6.45 |   5.76 |   6.18 |   5.75 |I I 
02:18-Thu-May-18-2017 PM2.5 |   3.99 |   3.89 |   3.89 |   3.85 |I I 
02:22-Thu-May-18-2017 PM10  |   6.99 |   5.92 |   6.18 |   5.75 |I I 
02:22-Thu-May-18-2017 PM2.5 |   3.84 |   3.88 |   3.89 |   3.85 |I I 
02:23-Thu-May-18-2017 PM10  |   5.42 |   5.86 |   6.18 |   5.75 |I I 
02:23-Thu-May-18-2017 PM2.5 |   3.83 |   3.88 |   3.89 |   3.85 |I I 
02:27-Thu-May-18-2017 PM10  |   4.83 |   5.76 |   6.18 |   5.75 |I I 
02:27-Thu-May-18-2017 PM2.5 |   3.77 |   3.86 |   3.89 |   3.85 |I I 
02:28-Thu-May-18-2017 PM10  |   7.27 |   5.89 |   6.18 |   5.75 |I I 
02:28-Thu-May-18-2017 PM2.5 |   4.13 |   3.89 |   3.89 |   3.85 |I I 
02:32-Thu-May-18-2017 PM10  |   3.91 |   5.73 |   6.18 |   5.75 |I I 
02:32-Thu-May-18-2017 PM2.5 |   3.71 |   3.87 |   3.89 |   3.85 |I I 
02:33-Thu-May-18-2017 PM10  |   5.23 |   5.69 |   6.18 |   5.75 |I I 
02:33-Thu-May-18-2017 PM2.5 |   3.90 |   3.88 |   3.89 |   3.85 |I I 
02:38-Thu-May-18-2017 PM10  |   4.29 |   5.59 |   6.18 |   5.75 |I I 
02:38-Thu-May-18-2017 PM2.5 |   3.40 |   3.84 |   3.89 |   3.85 |I I 
02:39-Thu-May-18-2017 PM10  |   6.29 |   5.64 |   6.18 |   5.75 |I I 
02:39-Thu-May-18-2017 PM2.5 |   4.03 |   3.85 |   3.89 |   3.85 |I I 
02:43-Thu-May-18-2017 PM10  |   4.58 |   5.57 |   6.18 |   5.75 |I I 
02:43-Thu-May-18-2017 PM2.5 |   3.65 |   3.84 |   3.89 |   3.85 |I I 
02:44-Thu-May-18-2017 PM10  |   4.88 |   5.53 |   6.18 |   5.75 |I I 
02:44-Thu-May-18-2017 PM2.5 |   4.23 |   3.86 |   3.89 |   3.85 |I I 
02:48-Thu-May-18-2017 PM10  |   4.03 |   5.45 |   6.18 |   5.75 |I I 
02:48-Thu-May-18-2017 PM2.5 |   3.73 |   3.86 |   3.89 |   3.85 |I I 
02:49-Thu-May-18-2017 PM10  |   5.02 |   5.43 |   6.18 |   5.75 |I I 
02:49-Thu-May-18-2017 PM2.5 |   4.08 |   3.87 |   3.89 |   3.85 |I I 
02:53-Thu-May-18-2017 PM10  |   4.10 |   5.36 |   6.18 |   5.75 |I I 
02:53-Thu-May-18-2017 PM2.5 |   3.60 |   3.86 |   3.89 |   3.85 |I I 
02:54-Thu-May-18-2017 PM10  |   9.76 |   5.57 |   6.18 |   5.75 |B I 
02:54-Thu-May-18-2017 PM2.5 |   4.36 |   3.88 |   3.89 |   3.85 |B I 
02:57-Thu-May-18-2017recover dati per host :salvatorehost.no-ip.org/aria
02:57-Thu-May-18-2017 PM10  |   4.06 |   5.50 |   6.18 |   5.75 |I I 
02:57-Thu-May-18-2017 PM2.5 |   3.84 |   3.88 |   3.89 |   3.85 |I I 
02:58-Thu-May-18-2017 PM10  |   6.64 |   5.55 |   6.18 |   5.75 |I I 
02:58-Thu-May-18-2017 PM2.5 |   3.96 |   3.88 |   3.89 |   3.85 |I I 
03:02-Thu-May-18-2017 PM10  |   4.95 |   5.52 |   6.18 |   5.52 |I I 
03:02-Thu-May-18-2017 PM2.5 |   3.79 |   3.88 |   3.89 |   3.85 |I I 
03:03-Thu-May-18-2017 PM10  |   6.98 |   6.98 |   6.18 |   5.52 |I I 
03:03-Thu-May-18-2017 PM2.5 |   4.02 |   4.02 |   3.89 |   3.85 |I I 
03:07-Thu-May-18-2017 PM10  |   3.87 |   5.43 |   6.18 |   5.52 |I I 
03:07-Thu-May-18-2017 PM2.5 |   3.64 |   3.83 |   3.89 |   3.85 |I I 
03:08-Thu-May-18-2017 PM10  |   5.65 |   5.50 |   6.18 |   5.52 |B I 
03:08-Thu-May-18-2017 PM2.5 |   3.93 |   3.86 |   3.89 |   3.85 |B I 
03:12-Thu-May-18-2017recover dati per host :salvatorehost.no-ip.org/aria
03:12-Thu-May-18-2017 PM10  |   4.11 |   5.15 |   6.18 |   5.52 |I I 
03:12-Thu-May-18-2017 PM2.5 |   3.69 |   3.82 |   3.89 |   3.85 |I I 
03:13-Thu-May-18-2017 PM10  |   5.88 |   5.30 |   6.18 |   5.52 |I I 
03:13-Thu-May-18-2017 PM2.5 |   4.25 |   3.91 |   3.89 |   3.85 |I I 
03:17-Thu-May-18-2017 PM10  |   5.36 |   5.31 |   6.18 |   5.52 |I I 
03:17-Thu-May-18-2017 PM2.5 |   3.82 |   3.89 |   3.89 |   3.85 |I I 
03:18-Thu-May-18-2017 PM10  |   5.84 |   5.39 |   6.18 |   5.52 |I I 
03:18-Thu-May-18-2017 PM2.5 |   4.03 |   3.91 |   3.89 |   3.85 |I I 
03:22-Thu-May-18-2017 PM10  |   5.66 |   5.42 |   6.18 |   5.52 |I I 
03:22-Thu-May-18-2017 PM2.5 |   3.50 |   3.86 |   3.89 |   3.85 |I I 
03:23-Thu-May-18-2017 PM10  |   5.04 |   5.38 |   6.18 |   5.52 |I I 
03:23-Thu-May-18-2017 PM2.5 |   4.11 |   3.89 |   3.89 |   3.85 |I I 
03:27-Thu-May-18-2017 PM10  |   5.47 |   5.39 |   6.18 |   5.52 |I I 
03:27-Thu-May-18-2017 PM2.5 |   4.10 |   3.91 |   3.89 |   3.85 |I I 
03:28-Thu-May-18-2017 PM10  |   6.58 |   5.50 |   6.18 |   5.52 |I I 
03:28-Thu-May-18-2017 PM2.5 |   4.14 |   3.93 |   3.89 |   3.85 |I I 
03:32-Thu-May-18-2017 PM10  |   3.92 |   5.36 |   6.18 |   5.52 |I I 
03:32-Thu-May-18-2017 PM2.5 |   3.70 |   3.91 |   3.89 |   3.85 |I I 
03:33-Thu-May-18-2017 PM10  |   5.19 |   5.35 |   6.18 |   5.52 |I I 
03:33-Thu-May-18-2017 PM2.5 |   3.72 |   3.90 |   3.89 |   3.85 |I I 
03:37-Thu-May-18-2017 PM10  |   3.65 |   5.23 |   6.18 |   5.52 |I I 
03:37-Thu-May-18-2017 PM2.5 |   3.39 |   3.86 |   3.89 |   3.85 |I I 
03:38-Thu-May-18-2017 PM10  |   4.61 |   5.19 |   6.18 |   5.52 |I I 
03:38-Thu-May-18-2017 PM2.5 |   4.04 |   3.87 |   3.89 |   3.85 |I I 
03:42-Thu-May-18-2017 PM10  |   4.46 |   5.14 |   6.18 |   5.52 |I I 
03:42-Thu-May-18-2017 PM2.5 |   3.89 |   3.87 |   3.89 |   3.85 |I I 
03:43-Thu-May-18-2017 PM10  |   6.27 |   5.21 |   6.18 |   5.52 |I I 
03:43-Thu-May-18-2017 PM2.5 |   4.12 |   3.89 |   3.89 |   3.85 |I I 
03:48-Thu-May-18-2017 PM10  |   4.13 |   5.15 |   6.18 |   5.52 |I I 
03:48-Thu-May-18-2017 PM2.5 |   3.69 |   3.88 |   3.89 |   3.85 |I I 
03:49-Thu-May-18-2017 PM10  |   4.68 |   5.12 |   6.18 |   5.52 |I I 
03:49-Thu-May-18-2017 PM2.5 |   4.02 |   3.88 |   3.89 |   3.85 |I I 
03:53-Thu-May-18-2017 PM10  |   3.81 |   5.06 |   6.18 |   5.52 |I I 
03:53-Thu-May-18-2017 PM2.5 |   3.59 |   3.87 |   3.89 |   3.85 |I I 
03:54-Thu-May-18-2017 PM10  |   5.82 |   5.09 |   6.18 |   5.52 |I I 
03:54-Thu-May-18-2017 PM2.5 |   4.35 |   3.89 |   3.89 |   3.85 |I I 
03:58-Thu-May-18-2017 PM10  |   4.24 |   5.06 |   6.18 |   5.52 |I I 
03:58-Thu-May-18-2017 PM2.5 |   3.66 |   3.88 |   3.89 |   3.85 |I I 
03:59-Thu-May-18-2017 PM10  |   5.03 |   5.05 |   6.18 |   5.52 |I I 
03:59-Thu-May-18-2017 PM2.5 |   3.91 |   3.88 |   3.89 |   3.85 |I I 
04:03-Thu-May-18-2017 PM10  |   4.46 |   5.03 |   6.18 |   5.03 |I I 
04:03-Thu-May-18-2017 PM2.5 |   3.61 |   3.87 |   3.89 |   3.85 |I I 
04:04-Thu-May-18-2017 PM10  |   9.83 |   9.83 |   6.18 |   5.03 |I I 
04:04-Thu-May-18-2017 PM2.5 |   4.27 |   4.27 |   3.89 |   3.85 |I I 
04:07-Thu-May-18-2017 PM10  |   5.70 |   7.76 |   6.18 |   5.03 |I I 
04:07-Thu-May-18-2017 PM2.5 |   3.59 |   3.93 |   3.89 |   3.85 |I I 
04:08-Thu-May-18-2017 PM10  |   5.48 |   7.00 |   6.18 |   5.03 |I I 
04:08-Thu-May-18-2017 PM2.5 |   4.31 |   4.06 |   3.89 |   3.85 |I I 
04:12-Thu-May-18-2017 PM10  |   5.78 |   6.70 |   6.18 |   5.03 |I I 
04:12-Thu-May-18-2017 PM2.5 |   4.11 |   4.07 |   3.89 |   3.85 |I I 
04:13-Thu-May-18-2017 PM10  |   6.14 |   6.59 |   6.18 |   5.03 |I I 
04:13-Thu-May-18-2017 PM2.5 |   3.81 |   4.02 |   3.89 |   3.85 |I I 
04:17-Thu-May-18-2017 PM10  |   4.43 |   6.23 |   6.18 |   5.03 |B I 
04:17-Thu-May-18-2017 PM2.5 |   3.65 |   3.96 |   3.89 |   3.85 |B I 
04:18-Thu-May-18-2017 PM10  |   5.01 |   6.05 |   6.18 |   5.03 |B I 
04:18-Thu-May-18-2017 PM2.5 |   4.07 |   3.97 |   3.89 |   3.85 |B I 
04:22-Thu-May-18-2017 PM10  |   5.86 |   6.03 |   6.18 |   5.03 |B I 
04:22-Thu-May-18-2017 PM2.5 |   3.68 |   3.94 |   3.89 |   3.85 |B I 
04:23-Thu-May-18-2017recover dati per host :salvatorehost.no-ip.org/aria
04:23-Thu-May-18-2017 PM10  |   4.80 |   5.89 |   6.18 |   5.03 |I I 
04:23-Thu-May-18-2017 PM2.5 |   4.01 |   3.94 |   3.89 |   3.85 |I I 
04:27-Thu-May-18-2017 PM10  |   4.48 |   5.75 |   6.18 |   5.03 |I I 
04:27-Thu-May-18-2017 PM2.5 |   3.66 |   3.92 |   3.89 |   3.85 |I I 
04:28-Thu-May-18-2017 PM10  |   4.89 |   5.67 |   6.18 |   5.03 |I I 
04:28-Thu-May-18-2017 PM2.5 |   3.93 |   3.92 |   3.89 |   3.85 |I I 
04:32-Thu-May-18-2017 PM10  |   3.70 |   5.51 |   6.18 |   5.03 |I I 
04:32-Thu-May-18-2017 PM2.5 |   3.50 |   3.88 |   3.89 |   3.85 |I I 
04:33-Thu-May-18-2017 PM10  |   7.81 |   5.68 |   6.18 |   5.03 |I B 
04:33-Thu-May-18-2017 PM2.5 |   4.36 |   3.92 |   3.89 |   3.85 |I B 
04:37-Thu-May-18-2017recover dati per host :92.223.147.77/nodered
04:37-Thu-May-18-2017 PM10  |   9.06 |   5.93 |   6.18 |   5.03 |I I 
04:37-Thu-May-18-2017 PM2.5 |   3.78 |   3.91 |   3.89 |   3.85 |I I 
04:38-Thu-May-18-2017 PM10  |   6.85 |   5.99 |   6.18 |   5.03 |I B 
04:38-Thu-May-18-2017 PM2.5 |   4.20 |   3.93 |   3.89 |   3.85 |I B 
04:42-Thu-May-18-2017recover dati per host :92.223.147.77/nodered
04:42-Thu-May-18-2017 PM10  |   5.32 |   5.95 |   6.18 |   5.03 |I I 
04:42-Thu-May-18-2017 PM2.5 |   3.71 |   3.92 |   3.89 |   3.85 |I I 
04:43-Thu-May-18-2017 PM10  |   5.68 |   5.93 |   6.18 |   5.03 |I I 
04:43-Thu-May-18-2017 PM2.5 |   4.20 |   3.93 |   3.89 |   3.85 |I I 
04:47-Thu-May-18-2017 PM10  |   5.20 |   5.89 |   6.18 |   5.03 |I I 
04:47-Thu-May-18-2017 PM2.5 |   3.68 |   3.92 |   3.89 |   3.85 |I I 
04:48-Thu-May-18-2017 PM10  |   6.17 |   5.90 |   6.18 |   5.03 |I I 
04:48-Thu-May-18-2017 PM2.5 |   4.00 |   3.92 |   3.89 |   3.85 |I I 
04:52-Thu-May-18-2017 PM10  |   5.13 |   5.87 |   6.18 |   5.03 |I I 
04:52-Thu-May-18-2017 PM2.5 |   3.97 |   3.92 |   3.89 |   3.85 |I I 
04:53-Thu-May-18-2017 PM10  |   6.70 |   5.90 |   6.18 |   5.03 |I I 
04:53-Thu-May-18-2017 PM2.5 |   4.19 |   3.94 |   3.89 |   3.85 |I I 
04:57-Thu-May-18-2017 PM10  |   5.04 |   5.87 |   6.18 |   5.03 |I I 
04:57-Thu-May-18-2017 PM2.5 |   4.02 |   3.94 |   3.89 |   3.85 |I I 
04:59-Thu-May-18-2017 PM10  |   7.82 |   5.95 |   6.18 |   5.03 |I I 
04:59-Thu-May-18-2017 PM2.5 |   4.29 |   3.96 |   3.89 |   3.85 |I I 
05:03-Thu-May-18-2017 PM10  |   5.60 |   5.94 |   6.18 |   5.03 |I I 
05:03-Thu-May-18-2017 PM2.5 |   3.79 |   3.95 |   3.95 |   3.85 |I I 
05:04-Thu-May-18-2017 PM10  |   4.85 |   4.85 |   6.18 |   5.03 |I I 
05:04-Thu-May-18-2017 PM2.5 |   3.87 |   3.87 |   3.95 |   3.85 |I I 
05:08-Thu-May-18-2017 PM10  |   3.94 |   4.40 |   6.18 |   5.03 |I I 
05:08-Thu-May-18-2017 PM2.5 |   3.75 |   3.81 |   3.95 |   3.85 |I I 
05:09-Thu-May-18-2017 PM10  |   6.45 |   5.08 |   6.18 |   5.03 |I I 
05:09-Thu-May-18-2017 PM2.5 |   3.97 |   3.86 |   3.95 |   3.85 |I I 
05:13-Thu-May-18-2017 PM10  |   4.99 |   5.06 |   6.18 |   5.03 |I I 
05:13-Thu-May-18-2017 PM2.5 |   3.67 |   3.82 |   3.95 |   3.85 |I I 
05:14-Thu-May-18-2017 PM10  |   7.65 |   5.58 |   6.18 |   5.03 |I I 
05:14-Thu-May-18-2017 PM2.5 |   3.97 |   3.85 |   3.95 |   3.85 |I I 
05:18-Thu-May-18-2017 PM10  |   4.82 |   5.45 |   6.18 |   5.03 |B B 
05:18-Thu-May-18-2017 PM2.5 |   3.69 |   3.82 |   3.95 |   3.85 |B B 
05:19-Thu-May-18-2017recover dati per host :salvatorehost.no-ip.org/aria
05:19-Thu-May-18-2017recover dati per host :92.223.147.77/nodered
05:19-Thu-May-18-2017 PM10  |   8.43 |   5.88 |   6.18 |   5.03 |I I 
05:19-Thu-May-18-2017 PM2.5 |   4.14 |   3.87 |   3.95 |   3.85 |I I 
05:23-Thu-May-18-2017 PM10  |   5.15 |   5.79 |   6.18 |   5.03 |I I 
05:23-Thu-May-18-2017 PM2.5 |   3.91 |   3.87 |   3.95 |   3.85 |I I 
05:27-Thu-May-18-2017 PM10  |   4.83 |   5.68 |   6.18 |   5.03 |I I 
05:27-Thu-May-18-2017 PM2.5 |   3.70 |   3.85 |   3.95 |   3.85 |I I 
05:28-Thu-May-18-2017 PM10  |   8.37 |   5.95 |   6.18 |   5.03 |I I 
05:28-Thu-May-18-2017 PM2.5 |   3.97 |   3.87 |   3.95 |   3.85 |I I 
05:32-Thu-May-18-2017 PM10  |   5.67 |   5.92 |   6.18 |   5.03 |I I 
05:32-Thu-May-18-2017 PM2.5 |   3.60 |   3.84 |   3.95 |   3.85 |I I 
05:33-Thu-May-18-2017 PM10  |   7.09 |   6.02 |   6.18 |   5.03 |I I 
05:33-Thu-May-18-2017 PM2.5 |   3.85 |   3.84 |   3.95 |   3.85 |I I 
05:37-Thu-May-18-2017 PM10  |   5.51 |   5.98 |   6.18 |   5.03 |I I 
05:37-Thu-May-18-2017 PM2.5 |   3.85 |   3.84 |   3.95 |   3.85 |I I 
05:38-Thu-May-18-2017 PM10  |   6.34 |   6.01 |   6.18 |   5.03 |I I 
05:38-Thu-May-18-2017 PM2.5 |   3.70 |   3.83 |   3.95 |   3.85 |I I 
05:42-Thu-May-18-2017 PM10  |   3.95 |   5.87 |   6.18 |   5.03 |I I 
05:42-Thu-May-18-2017 PM2.5 |   3.75 |   3.83 |   3.95 |   3.85 |I I 
05:43-Thu-May-18-2017 PM10  |   7.48 |   5.97 |   6.18 |   5.03 |I I 
05:43-Thu-May-18-2017 PM2.5 |   3.92 |   3.83 |   3.95 |   3.85 |I I 
05:47-Thu-May-18-2017 PM10  |   4.59 |   5.89 |   6.18 |   5.03 |I I 
05:47-Thu-May-18-2017 PM2.5 |   3.67 |   3.82 |   3.95 |   3.85 |I I 
05:48-Thu-May-18-2017 PM10  |   6.98 |   5.95 |   6.18 |   5.03 |I I 
05:48-Thu-May-18-2017 PM2.5 |   4.22 |   3.84 |   3.95 |   3.85 |I I 
05:52-Thu-May-18-2017 PM10  |   4.09 |   5.85 |   6.18 |   5.03 |I I 
05:52-Thu-May-18-2017 PM2.5 |   3.82 |   3.84 |   3.95 |   3.85 |I I 
05:53-Thu-May-18-2017 PM10  |   7.93 |   5.96 |   6.18 |   5.03 |I I 
05:53-Thu-May-18-2017 PM2.5 |   4.06 |   3.85 |   3.95 |   3.85 |I I 
05:57-Thu-May-18-2017 PM10  |   5.19 |   5.92 |   6.18 |   5.03 |I I 
05:57-Thu-May-18-2017 PM2.5 |   3.73 |   3.85 |   3.95 |   3.85 |I I 
05:58-Thu-May-18-2017 PM10  |   6.10 |   5.93 |   6.18 |   5.03 |I I 
05:58-Thu-May-18-2017 PM2.5 |   4.09 |   3.86 |   3.95 |   3.85 |I I 
06:02-Thu-May-18-2017 PM10  |   4.86 |   5.88 |   6.18 |   5.03 |I I 
06:02-Thu-May-18-2017 PM2.5 |   4.01 |   3.87 |   3.95 |   3.85 |I I 
06:03-Thu-May-18-2017Timeout Event handler
06:03-Thu-May-18-2017 PM10  |   4.55 |   4.55 |   6.18 |   5.03 |B I 
06:03-Thu-May-18-2017 PM2.5 |   3.80 |   3.80 |   3.95 |   3.85 |B I 
06:07-Thu-May-18-2017 PM10  |   6.05 |   5.30 |   6.18 |   5.03 |B I 
06:07-Thu-May-18-2017 PM2.5 |   4.10 |   3.95 |   3.95 |   3.85 |B I 
06:08-Thu-May-18-2017recover dati per host :salvatorehost.no-ip.org/aria
06:09-Thu-May-18-2017 PM10  |   4.83 |   5.14 |   6.18 |   5.03 |I I 
06:09-Thu-May-18-2017 PM2.5 |   4.14 |   4.01 |   3.95 |   3.85 |I I 
06:13-Thu-May-18-2017 PM10  |   3.97 |   4.85 |   6.18 |   5.03 |I I 
06:13-Thu-May-18-2017 PM2.5 |   3.77 |   3.95 |   3.95 |   3.85 |I I 
06:14-Thu-May-18-2017 PM10  |   4.77 |   4.83 |   6.18 |   5.03 |I I 
06:14-Thu-May-18-2017 PM2.5 |   4.00 |   3.96 |   3.95 |   3.85 |I I 
06:18-Thu-May-18-2017 PM10  |   5.89 |   5.01 |   6.18 |   5.03 |I B 
06:18-Thu-May-18-2017 PM2.5 |   3.95 |   3.96 |   3.95 |   3.85 |I B 
06:19-Thu-May-18-2017recover dati per host :92.223.147.77/nodered
06:19-Thu-May-18-2017 PM10  |   7.02 |   5.30 |   6.18 |   5.03 |I I 
06:19-Thu-May-18-2017 PM2.5 |   3.80 |   3.93 |   3.95 |   3.85 |I I 
06:23-Thu-May-18-2017 PM10  |   5.72 |   5.35 |   6.18 |   5.03 |I I 
06:23-Thu-May-18-2017 PM2.5 |   3.61 |   3.89 |   3.95 |   3.85 |I I 
06:24-Thu-May-18-2017 PM10  |   4.63 |   5.27 |   6.18 |   5.03 |I I 
06:24-Thu-May-18-2017 PM2.5 |   3.94 |   3.90 |   3.95 |   3.85 |I I 
06:28-Thu-May-18-2017 PM10  |   4.14 |   5.16 |   6.18 |   5.03 |I I 
06:28-Thu-May-18-2017 PM2.5 |   3.87 |   3.89 |   3.95 |   3.85 |I I 
06:29-Thu-May-18-2017 PM10  |   6.60 |   5.29 |   6.18 |   5.03 |I I 
06:29-Thu-May-18-2017 PM2.5 |   3.99 |   3.90 |   3.95 |   3.85 |I I 
06:33-Thu-May-18-2017 PM10  |   7.48 |   5.47 |   6.18 |   5.03 |I I 
06:33-Thu-May-18-2017 PM2.5 |   3.87 |   3.90 |   3.95 |   3.85 |I I 
06:34-Thu-May-18-2017 PM10  |   5.55 |   5.48 |   6.18 |   5.03 |I I 
06:34-Thu-May-18-2017 PM2.5 |   3.94 |   3.90 |   3.95 |   3.85 |I I 
06:38-Thu-May-18-2017 PM10  |   5.80 |   5.50 |   6.18 |   5.03 |I I 
06:38-Thu-May-18-2017 PM2.5 |   3.56 |   3.88 |   3.95 |   3.85 |I I 
06:39-Thu-May-18-2017 PM10  |   6.46 |   5.56 |   6.18 |   5.03 |I I 
06:39-Thu-May-18-2017 PM2.5 |   3.98 |   3.89 |   3.95 |   3.85 |I I 
06:43-Thu-May-18-2017 PM10  |   4.45 |   5.49 |   6.18 |   5.03 |I I 
06:43-Thu-May-18-2017 PM2.5 |   3.75 |   3.88 |   3.95 |   3.85 |I I 
06:47-Thu-May-18-2017 PM10  |   6.53 |   5.56 |   6.18 |   5.03 |I I 
06:47-Thu-May-18-2017 PM2.5 |   3.97 |   3.88 |   3.95 |   3.85 |I I 
06:48-Thu-May-18-2017 PM10  |   5.50 |   5.55 |   6.18 |   5.03 |I I 
06:48-Thu-May-18-2017 PM2.5 |   4.07 |   3.89 |   3.95 |   3.85 |I I 
06:52-Thu-May-18-2017 PM10  |   5.16 |   5.53 |   6.18 |   5.03 |I I 
06:52-Thu-May-18-2017 PM2.5 |   4.15 |   3.91 |   3.95 |   3.85 |I I 
06:53-Thu-May-18-2017 PM10  |   9.21 |   5.72 |   6.18 |   5.03 |I I 
06:53-Thu-May-18-2017 PM2.5 |   4.25 |   3.92 |   3.95 |   3.85 |I I 
06:57-Thu-May-18-2017 PM10  |   8.44 |   5.85 |   6.18 |   5.03 |I I 
06:57-Thu-May-18-2017 PM2.5 |   4.24 |   3.94 |   3.95 |   3.85 |I I 
06:58-Thu-May-18-2017 PM10  |   9.51 |   6.01 |   6.18 |   5.03 |I I 
06:58-Thu-May-18-2017 PM2.5 |   4.43 |   3.96 |   3.95 |   3.85 |I I 
07:02-Thu-May-18-2017 PM10  |   6.07 |   6.01 |   6.18 |   5.03 |I I 
07:02-Thu-May-18-2017 PM2.5 |   4.24 |   3.97 |   3.97 |   3.85 |I I 
07:03-Thu-May-18-2017 PM10  |  11.42 |  11.42 |   6.18 |   5.03 |I I 
07:03-Thu-May-18-2017 PM2.5 |   4.84 |   4.84 |   3.97 |   3.85 |I I 
07:07-Thu-May-18-2017 PM10  |   9.17 |  10.29 |   6.18 |   5.03 |B I 
07:07-Thu-May-18-2017 PM2.5 |   4.43 |   4.64 |   3.97 |   3.85 |B I 
07:08-Thu-May-18-2017recover dati per host :salvatorehost.no-ip.org/aria
07:08-Thu-May-18-2017 PM10  |   9.87 |  10.15 |   6.18 |   5.03 |I I 
07:08-Thu-May-18-2017 PM2.5 |   4.99 |   4.75 |   3.97 |   3.85 |I I 
07:12-Thu-May-18-2017 PM10  |   8.40 |   9.71 |   6.18 |   5.03 |I I 
07:12-Thu-May-18-2017 PM2.5 |   4.92 |   4.79 |   3.97 |   3.85 |I I 
07:13-Thu-May-18-2017 PM10  |   8.92 |   9.56 |   6.18 |   5.03 |I I 
07:13-Thu-May-18-2017 PM2.5 |   4.91 |   4.82 |   3.97 |   3.85 |I I 
07:17-Thu-May-18-2017 PM10  |   7.00 |   9.13 |   6.18 |   5.03 |I I 
07:17-Thu-May-18-2017 PM2.5 |   4.64 |   4.79 |   3.97 |   3.85 |I I 
07:18-Thu-May-18-2017 PM10  |   9.14 |   9.13 |   6.18 |   5.03 |I I 
07:18-Thu-May-18-2017 PM2.5 |   5.09 |   4.83 |   3.97 |   3.85 |I I 
07:22-Thu-May-18-2017 PM10  |   6.78 |   8.84 |   6.18 |   5.03 |I I 
07:22-Thu-May-18-2017 PM2.5 |   4.97 |   4.85 |   3.97 |   3.85 |I I 
07:23-Thu-May-18-2017 PM10  |   8.02 |   8.75 |   6.18 |   5.03 |I I 
07:23-Thu-May-18-2017 PM2.5 |   5.12 |   4.88 |   3.97 |   3.85 |I I 
07:27-Thu-May-18-2017 PM10  |   8.24 |   8.70 |   6.18 |   5.03 |I I 
07:27-Thu-May-18-2017 PM2.5 |   4.92 |   4.88 |   3.97 |   3.85 |I I 
07:28-Thu-May-18-2017 PM10  |   9.81 |   8.80 |   6.18 |   5.03 |I B 
07:28-Thu-May-18-2017 PM2.5 |   5.51 |   4.94 |   3.97 |   3.85 |I B 
07:32-Thu-May-18-2017recover dati per host :92.223.147.77/nodered
07:32-Thu-May-18-2017 PM10  |   9.30 |   8.84 |   6.18 |   5.03 |I I 
07:32-Thu-May-18-2017 PM2.5 |   4.90 |   4.94 |   3.97 |   3.85 |I I 
07:33-Thu-May-18-2017 PM10  |   9.13 |   8.86 |   6.18 |   5.03 |I I 
07:33-Thu-May-18-2017 PM2.5 |   4.96 |   4.94 |   3.97 |   3.85 |I I 
07:38-Thu-May-18-2017 PM10  |   9.57 |   8.91 |   6.18 |   5.03 |I I 
07:38-Thu-May-18-2017 PM2.5 |   5.02 |   4.94 |   3.97 |   3.85 |I I 
07:39-Thu-May-18-2017 PM10  |  10.54 |   9.02 |   6.18 |   5.03 |I I 
07:39-Thu-May-18-2017 PM2.5 |   5.15 |   4.96 |   3.97 |   3.85 |I I 
07:43-Thu-May-18-2017 PM10  |   7.02 |   8.90 |   6.18 |   5.03 |I I 
07:43-Thu-May-18-2017 PM2.5 |   4.89 |   4.95 |   3.97 |   3.85 |I I 
07:44-Thu-May-18-2017 PM10  |   8.38 |   8.87 |   6.18 |   5.03 |B B 
07:44-Thu-May-18-2017 PM2.5 |   4.88 |   4.95 |   3.97 |   3.85 |B B 
07:48-Thu-May-18-2017recover dati per host :salvatorehost.no-ip.org/aria
07:48-Thu-May-18-2017recover dati per host :92.223.147.77/nodered
07:48-Thu-May-18-2017 PM10  |   7.03 |   8.76 |   6.18 |   5.03 |I I 
07:48-Thu-May-18-2017 PM2.5 |   4.81 |   4.94 |   3.97 |   3.85 |I I 
07:49-Thu-May-18-2017 PM10  |   6.94 |   8.67 |   6.18 |   5.03 |I B 
07:49-Thu-May-18-2017 PM2.5 |   4.71 |   4.93 |   3.97 |   3.85 |I B 
07:53-Thu-May-18-2017recover dati per host :92.223.147.77/nodered
07:53-Thu-May-18-2017 PM10  |   8.71 |   8.67 |   6.18 |   5.03 |I I 
07:53-Thu-May-18-2017 PM2.5 |   4.71 |   4.92 |   3.97 |   3.85 |I I 
07:54-Thu-May-18-2017 PM10  |   7.89 |   8.63 |   6.18 |   5.03 |I I 
07:54-Thu-May-18-2017 PM2.5 |   4.87 |   4.92 |   3.97 |   3.85 |I I 
07:58-Thu-May-18-2017 PM10  |   8.63 |   8.63 |   6.18 |   5.03 |I B 
07:58-Thu-May-18-2017 PM2.5 |   4.59 |   4.90 |   3.97 |   3.85 |I B 
07:59-Thu-May-18-2017recover dati per host :92.223.147.77/nodered
07:59-Thu-May-18-2017 PM10  |   9.53 |   8.67 |   6.18 |   5.03 |I I 
07:59-Thu-May-18-2017 PM2.5 |   4.95 |   4.90 |   3.97 |   3.85 |I I 
08:03-Thu-May-18-2017 PM10  |   5.44 |   8.54 |   8.54 |   5.03 |I I 
08:03-Thu-May-18-2017 PM2.5 |   4.45 |   4.88 |   4.88 |   3.85 |I I 
08:04-Thu-May-18-2017 PM10  |  12.35 |  12.35 |   8.54 |   5.03 |I I 
08:04-Thu-May-18-2017 PM2.5 |   5.26 |   5.26 |   4.88 |   3.85 |I I 
08:07-Thu-May-18-2017 PM10  |   6.56 |   9.46 |   8.54 |   5.03 |B I 
08:07-Thu-May-18-2017 PM2.5 |   5.05 |   5.16 |   4.88 |   3.85 |B I 
08:08-Thu-May-18-2017recover dati per host :salvatorehost.no-ip.org/aria
08:08-Thu-May-18-2017 PM10  |   7.62 |   8.84 |   8.54 |   5.03 |I I 
08:08-Thu-May-18-2017 PM2.5 |   5.33 |   5.21 |   4.88 |   3.85 |I I 
08:12-Thu-May-18-2017 PM10  |   7.02 |   8.39 |   8.54 |   5.03 |B I 
08:12-Thu-May-18-2017 PM2.5 |   5.33 |   5.24 |   4.88 |   3.85 |B I 
08:13-Thu-May-18-2017recover dati per host :salvatorehost.no-ip.org/aria
08:13-Thu-May-18-2017 PM10  |   8.67 |   8.44 |   8.54 |   5.03 |I I 
08:13-Thu-May-18-2017 PM2.5 |   5.37 |   5.27 |   4.88 |   3.85 |I I 
08:17-Thu-May-18-2017 PM10  |   7.76 |   8.33 |   8.54 |   5.03 |I B 
08:17-Thu-May-18-2017 PM2.5 |   5.06 |   5.23 |   4.88 |   3.85 |I B 
08:18-Thu-May-18-2017recover dati per host :92.223.147.77/nodered
08:18-Thu-May-18-2017 PM10  |   8.83 |   8.40 |   8.54 |   5.03 |I I 
08:18-Thu-May-18-2017 PM2.5 |   4.89 |   5.19 |   4.88 |   3.85 |I I 
08:22-Thu-May-18-2017 PM10  |   6.17 |   8.12 |   8.54 |   5.03 |I B 
08:22-Thu-May-18-2017 PM2.5 |   4.57 |   5.11 |   4.88 |   3.85 |I B 
08:23-Thu-May-18-2017recover dati per host :92.223.147.77/nodered
08:23-Thu-May-18-2017 PM10  |   7.89 |   8.10 |   8.54 |   5.03 |I I 
08:23-Thu-May-18-2017 PM2.5 |   5.11 |   5.11 |   4.88 |   3.85 |I I 
08:27-Thu-May-18-2017 PM10  |   5.04 |   7.79 |   8.54 |   5.03 |I I 
08:27-Thu-May-18-2017 PM2.5 |   4.74 |   5.07 |   4.88 |   3.85 |I I 
08:28-Thu-May-18-2017 PM10  |   8.47 |   7.85 |   8.54 |   5.03 |I I 
08:28-Thu-May-18-2017 PM2.5 |   5.01 |   5.07 |   4.88 |   3.85 |I I 
08:33-Thu-May-18-2017 PM10  |   7.65 |   7.84 |   8.54 |   5.03 |I I 
08:33-Thu-May-18-2017 PM2.5 |   4.94 |   5.06 |   4.88 |   3.85 |I I 
08:34-Thu-May-18-2017 PM10  |   7.55 |   7.81 |   8.54 |   5.03 |I I 
08:34-Thu-May-18-2017 PM2.5 |   5.29 |   5.07 |   4.88 |   3.85 |I I 
08:38-Thu-May-18-2017 PM10  |   7.10 |   7.76 |   8.54 |   5.03 |I I 
08:38-Thu-May-18-2017 PM2.5 |   5.32 |   5.09 |   4.88 |   3.85 |I I 
08:39-Thu-May-18-2017 PM10  |   8.56 |   7.82 |   8.54 |   5.03 |I I 
08:39-Thu-May-18-2017 PM2.5 |   5.06 |   5.09 |   4.88 |   3.85 |I I 
08:43-Thu-May-18-2017 PM10  |   7.35 |   7.79 |   8.54 |   5.03 |I I 
08:43-Thu-May-18-2017 PM2.5 |   5.22 |   5.10 |   4.88 |   3.85 |I I 
08:44-Thu-May-18-2017 PM10  |   7.24 |   7.76 |   8.54 |   5.03 |I I 
08:44-Thu-May-18-2017 PM2.5 |   4.82 |   5.08 |   4.88 |   3.85 |I I 
08:48-Thu-May-18-2017 PM10  |   6.10 |   7.66 |   8.54 |   5.03 |I I 
08:48-Thu-May-18-2017 PM2.5 |   4.74 |   5.06 |   4.88 |   3.85 |I I 
08:49-Thu-May-18-2017 PM10  |   9.54 |   7.76 |   8.54 |   5.03 |I I 
08:49-Thu-May-18-2017 PM2.5 |   5.70 |   5.10 |   4.88 |   3.85 |I I 
08:53-Thu-May-18-2017 PM10  |   5.91 |   7.67 |   8.54 |   5.03 |I I 
08:53-Thu-May-18-2017 PM2.5 |   5.15 |   5.10 |   4.88 |   3.85 |I I 
08:54-Thu-May-18-2017 PM10  |   5.71 |   7.58 |   8.54 |   5.03 |I I 
08:54-Thu-May-18-2017 PM2.5 |   4.96 |   5.09 |   4.88 |   3.85 |I I 
08:58-Thu-May-18-2017 PM10  |   8.81 |   7.63 |   8.54 |   5.03 |I I 
08:58-Thu-May-18-2017 PM2.5 |   4.82 |   5.08 |   4.88 |   3.85 |I I 
08:59-Thu-May-18-2017 PM10  |   8.69 |   7.68 |   8.54 |   5.03 |I I 
08:59-Thu-May-18-2017 PM2.5 |   5.47 |   5.10 |   4.88 |   3.85 |I I 
09:03-Thu-May-18-2017 PM10  |   5.73 |   7.60 |   8.54 |   5.03 |B I 
09:03-Thu-May-18-2017 PM2.5 |   5.11 |   5.10 |   5.10 |   3.85 |B I 
09:04-Thu-May-18-2017recover dati per host :salvatorehost.no-ip.org/aria
09:04-Thu-May-18-2017 PM10  |   7.76 |   7.76 |   8.54 |   5.03 |I I 
09:04-Thu-May-18-2017 PM2.5 |   5.10 |   5.10 |   5.10 |   3.85 |I I 
09:07-Thu-May-18-2017 PM10  |   6.38 |   7.07 |   8.54 |   5.03 |B B 
09:07-Thu-May-18-2017 PM2.5 |   4.71 |   4.91 |   5.10 |   3.85 |B B 
09:08-Thu-May-18-2017recover dati per host :92.223.147.77/nodered
09:08-Thu-May-18-2017 PM10  |   7.45 |   7.20 |   8.54 |   5.03 |B I 
09:08-Thu-May-18-2017 PM2.5 |   5.07 |   4.96 |   5.10 |   3.85 |B I 
09:12-Thu-May-18-2017recover dati per host :salvatorehost.no-ip.org/aria
09:12-Thu-May-18-2017 PM10  |   6.05 |   6.91 |   8.54 |   5.03 |I I 
09:12-Thu-May-18-2017 PM2.5 |   4.89 |   4.94 |   5.10 |   3.85 |I I 
09:13-Thu-May-18-2017 PM10  |   7.90 |   7.11 |   8.54 |   5.03 |I I 
09:13-Thu-May-18-2017 PM2.5 |   5.49 |   5.05 |   5.10 |   3.85 |I I 
09:17-Thu-May-18-2017 PM10  |   6.25 |   6.96 |   8.54 |   5.03 |I I 
09:17-Thu-May-18-2017 PM2.5 |   5.19 |   5.08 |   5.10 |   3.85 |I I 
09:18-Thu-May-18-2017 PM10  |   8.60 |   7.20 |   8.54 |   5.03 |I I 
09:18-Thu-May-18-2017 PM2.5 |   5.47 |   5.13 |   5.10 |   3.85 |I I 
09:22-Thu-May-18-2017 PM10  |   7.82 |   7.28 |   8.54 |   5.03 |I B 
09:22-Thu-May-18-2017 PM2.5 |   5.32 |   5.16 |   5.10 |   3.85 |I B 
09:23-Thu-May-18-2017recover dati per host :92.223.147.77/nodered
09:23-Thu-May-18-2017 PM10  |  10.49 |   7.63 |   8.54 |   5.03 |I I 
09:23-Thu-May-18-2017 PM2.5 |   5.42 |   5.19 |   5.10 |   3.85 |I I 
09:27-Thu-May-18-2017 PM10  |   9.15 |   7.78 |   8.54 |   5.03 |I I 
09:27-Thu-May-18-2017 PM2.5 |   5.21 |   5.19 |   5.10 |   3.85 |I I 
09:29-Thu-May-18-2017 PM10  |   7.98 |   7.80 |   8.54 |   5.03 |I I 
09:29-Thu-May-18-2017 PM2.5 |   5.59 |   5.22 |   5.10 |   3.85 |I I 
09:33-Thu-May-18-2017 PM10  |   7.83 |   7.80 |   8.54 |   5.03 |I I 
09:33-Thu-May-18-2017 PM2.5 |   5.66 |   5.26 |   5.10 |   3.85 |I I 
09:34-Thu-May-18-2017 PM10  |   7.88 |   7.81 |   8.54 |   5.03 |I I 
09:34-Thu-May-18-2017 PM2.5 |   5.52 |   5.28 |   5.10 |   3.85 |I I 
09:38-Thu-May-18-2017 PM10  |   7.43 |   7.78 |   8.54 |   5.03 |I I 
09:38-Thu-May-18-2017 PM2.5 |   5.31 |   5.28 |   5.10 |   3.85 |I I 
09:39-Thu-May-18-2017 PM10  |  11.99 |   8.06 |   8.54 |   5.03 |I I 
09:39-Thu-May-18-2017 PM2.5 |   5.47 |   5.30 |   5.10 |   3.85 |I I 
09:43-Thu-May-18-2017 PM10  |   9.80 |   8.17 |   8.54 |   5.03 |I I 
09:43-Thu-May-18-2017 PM2.5 |   5.50 |   5.31 |   5.10 |   3.85 |I I 
09:44-Thu-May-18-2017 PM10  |   8.08 |   8.17 |   8.54 |   5.03 |I I 
09:44-Thu-May-18-2017 PM2.5 |   5.32 |   5.31 |   5.10 |   3.85 |I I 
09:48-Thu-May-18-2017 PM10  |   6.46 |   8.07 |   8.54 |   5.03 |I I 
09:48-Thu-May-18-2017 PM2.5 |   5.53 |   5.32 |   5.10 |   3.85 |I I 
09:49-Thu-May-18-2017 PM10  |   7.25 |   8.03 |   8.54 |   5.03 |I I 
09:49-Thu-May-18-2017 PM2.5 |   5.10 |   5.31 |   5.10 |   3.85 |I I 
09:53-Thu-May-18-2017 PM10  |   6.85 |   7.97 |   8.54 |   5.03 |I B 
09:53-Thu-May-18-2017 PM2.5 |   4.99 |   5.29 |   5.10 |   3.85 |I B 
09:54-Thu-May-18-2017recover dati per host :92.223.147.77/nodered
09:54-Thu-May-18-2017 PM10  |   8.06 |   7.97 |   8.54 |   5.03 |I I 
09:54-Thu-May-18-2017 PM2.5 |   5.39 |   5.30 |   5.10 |   3.85 |I I 
09:58-Thu-May-18-2017 PM10  |   7.40 |   7.95 |   8.54 |   5.03 |I I 
09:58-Thu-May-18-2017 PM2.5 |   5.20 |   5.29 |   5.10 |   3.85 |I I 
09:59-Thu-May-18-2017 PM10  |   8.19 |   7.96 |   8.54 |   5.03 |I B 
09:59-Thu-May-18-2017 PM2.5 |   5.25 |   5.29 |   5.10 |   3.85 |I B 
10:03-Thu-May-18-2017recover dati per host :92.223.147.77/nodered
10:03-Thu-May-18-2017 PM10  |   6.44 |   7.90 |   8.54 |   5.03 |I I 
10:03-Thu-May-18-2017 PM2.5 |   5.14 |   5.29 |   5.29 |   3.85 |I I 
10:04-Thu-May-18-2017 PM10  |   9.32 |   9.32 |   8.54 |   5.03 |I I 
10:04-Thu-May-18-2017 PM2.5 |   5.44 |   5.44 |   5.29 |   3.85 |I I 
10:08-Thu-May-18-2017 PM10  |   8.92 |   9.12 |   8.54 |   5.03 |I I 
10:08-Thu-May-18-2017 PM2.5 |   5.26 |   5.35 |   5.29 |   3.85 |I I 
10:09-Thu-May-18-2017 PM10  |   9.69 |   9.31 |   8.54 |   5.03 |I I 
10:09-Thu-May-18-2017 PM2.5 |   5.14 |   5.28 |   5.29 |   3.85 |I I 
10:12-Thu-May-18-2017 PM10  |   7.31 |   8.81 |   8.54 |   5.03 |I I 
10:12-Thu-May-18-2017 PM2.5 |   5.06 |   5.23 |   5.29 |   3.85 |I I 
10:13-Thu-May-18-2017 PM10  |   9.56 |   8.96 |   8.54 |   5.03 |I I 
10:13-Thu-May-18-2017 PM2.5 |   5.46 |   5.27 |   5.29 |   3.85 |I I 
10:17-Thu-May-18-2017 PM10  |   8.70 |   8.92 |   8.54 |   5.03 |I I 
10:17-Thu-May-18-2017 PM2.5 |   5.56 |   5.32 |   5.29 |   3.85 |I I 
10:18-Thu-May-18-2017 PM10  |   9.98 |   9.07 |   8.54 |   5.03 |I I 
10:18-Thu-May-18-2017 PM2.5 |   5.18 |   5.30 |   5.29 |   3.85 |I I 
10:22-Thu-May-18-2017 PM10  |   7.71 |   8.90 |   8.54 |   5.03 |I B 
10:22-Thu-May-18-2017 PM2.5 |   4.99 |   5.26 |   5.29 |   3.85 |I B 
10:24-Thu-May-18-2017recover dati per host :92.223.147.77/nodered
10:24-Thu-May-18-2017 PM10  |   7.95 |   8.79 |   8.54 |   5.03 |I I 
10:24-Thu-May-18-2017 PM2.5 |   5.15 |   5.25 |   5.29 |   3.85 |I I 
10:28-Thu-May-18-2017 PM10  |   6.47 |   8.56 |   8.54 |   5.03 |I I 
10:28-Thu-May-18-2017 PM2.5 |   4.90 |   5.21 |   5.29 |   3.85 |I I 
10:29-Thu-May-18-2017 PM10  |   6.93 |   8.41 |   8.54 |   5.03 |I I 
10:29-Thu-May-18-2017 PM2.5 |   5.26 |   5.22 |   5.29 |   3.85 |I I 
10:33-Thu-May-18-2017 PM10  |   6.29 |   8.24 |   8.54 |   5.03 |I I 
10:33-Thu-May-18-2017 PM2.5 |   5.02 |   5.20 |   5.29 |   3.85 |I I 
10:34-Thu-May-18-2017 PM10  |   8.99 |   8.30 |   8.54 |   5.03 |B I 
10:34-Thu-May-18-2017 PM2.5 |   5.33 |   5.21 |   5.29 |   3.85 |B I 
10:38-Thu-May-18-2017recover dati per host :salvatorehost.no-ip.org/aria
10:38-Thu-May-18-2017 PM10  |   8.44 |   8.31 |   8.54 |   5.03 |I I 
10:38-Thu-May-18-2017 PM2.5 |   4.96 |   5.19 |   5.29 |   3.85 |I I 
10:39-Thu-May-18-2017 PM10  |   8.97 |   8.35 |   8.54 |   5.03 |I I 
10:39-Thu-May-18-2017 PM2.5 |   4.84 |   5.17 |   5.29 |   3.85 |I I 
10:43-Thu-May-18-2017 PM10  |   9.89 |   8.45 |   8.54 |   5.03 |I I 
10:43-Thu-May-18-2017 PM2.5 |   5.02 |   5.16 |   5.29 |   3.85 |I I 
10:44-Thu-May-18-2017 PM10  |   5.88 |   8.30 |   8.54 |   5.03 |I I 
10:44-Thu-May-18-2017 PM2.5 |   4.90 |   5.15 |   5.29 |   3.85 |I I 
10:48-Thu-May-18-2017 PM10  |   5.56 |   8.14 |   8.54 |   5.03 |I I 
10:48-Thu-May-18-2017 PM2.5 |   4.80 |   5.13 |   5.29 |   3.85 |I I 
10:49-Thu-May-18-2017 PM10  |   7.64 |   8.12 |   8.54 |   5.03 |B B 
10:49-Thu-May-18-2017 PM2.5 |   4.91 |   5.12 |   5.29 |   3.85 |B B 
10:53-Thu-May-18-2017 PM10  |   6.64 |   8.04 |   8.54 |   5.03 |B B 
10:53-Thu-May-18-2017 PM2.5 |   4.71 |   5.10 |   5.29 |   3.85 |B B 
10:54-Thu-May-18-2017recover dati per host :92.223.147.77/nodered
10:54-Thu-May-18-2017 PM10  |   9.70 |   8.12 |   8.54 |   5.03 |B I 
10:54-Thu-May-18-2017 PM2.5 |   4.96 |   5.09 |   5.29 |   3.85 |B I 
10:58-Thu-May-18-2017 PM10  |   7.68 |   8.10 |   8.54 |   5.03 |B I 
10:58-Thu-May-18-2017 PM2.5 |   4.84 |   5.08 |   5.29 |   3.85 |B I 
10:59-Thu-May-18-2017recover dati per host :salvatorehost.no-ip.org/aria
10:59-Thu-May-18-2017 PM10  |   5.63 |   7.99 |   8.54 |   5.03 |I I 
10:59-Thu-May-18-2017 PM2.5 |   4.39 |   5.05 |   5.29 |   3.85 |I I 
11:03-Thu-May-18-2017 PM10  |   5.30 |   7.88 |   8.54 |   5.03 |I I 
11:03-Thu-May-18-2017 PM2.5 |   4.50 |   5.02 |   5.29 |   3.85 |I I 
11:04-Thu-May-18-2017 PM10  |   6.88 |   6.88 |   8.54 |   5.03 |I I 
11:04-Thu-May-18-2017 PM2.5 |   4.60 |   4.60 |   5.29 |   3.85 |I I 
11:08-Thu-May-18-2017 PM10  |   5.21 |   6.04 |   8.54 |   5.03 |I I 
11:08-Thu-May-18-2017 PM2.5 |   4.27 |   4.43 |   5.29 |   3.85 |I I 
11:12-Thu-May-18-2017 PM10  |   5.07 |   5.72 |   8.54 |   5.03 |I B 
11:12-Thu-May-18-2017 PM2.5 |   4.25 |   4.37 |   5.29 |   3.85 |I B 
11:13-Thu-May-18-2017recover dati per host :92.223.147.77/nodered
11:13-Thu-May-18-2017 PM10  |   6.77 |   5.98 |   8.54 |   5.03 |I I 
11:13-Thu-May-18-2017 PM2.5 |   4.75 |   4.47 |   5.29 |   3.85 |I I 
11:17-Thu-May-18-2017 PM10  |   4.76 |   5.74 |   8.54 |   5.03 |I I 
11:17-Thu-May-18-2017 PM2.5 |   4.39 |   4.45 |   5.29 |   3.85 |I I 
11:19-Thu-May-18-2017 PM10  |   6.28 |   5.83 |   8.54 |   5.03 |I I 
11:19-Thu-May-18-2017 PM2.5 |   4.45 |   4.45 |   5.29 |   3.85 |I I 
11:23-Thu-May-18-2017 PM10  |   5.80 |   5.82 |   8.54 |   5.03 |I I 
11:23-Thu-May-18-2017 PM2.5 |   4.44 |   4.45 |   5.29 |   3.85 |I I 
11:24-Thu-May-18-2017 PM10  |   4.66 |   5.68 |   8.54 |   5.03 |I I 
11:24-Thu-May-18-2017 PM2.5 |   4.24 |   4.42 |   5.29 |   3.85 |I I 
11:28-Thu-May-18-2017 PM10  |   6.96 |   5.82 |   8.54 |   5.03 |I I 
11:28-Thu-May-18-2017 PM2.5 |   4.37 |   4.42 |   5.29 |   3.85 |I I 
11:29-Thu-May-18-2017 PM10  |   6.38 |   5.88 |   8.54 |   5.03 |I B 
11:29-Thu-May-18-2017 PM2.5 |   4.76 |   4.45 |   5.29 |   3.85 |I B 
11:33-Thu-May-18-2017recover dati per host :92.223.147.77/nodered
11:33-Thu-May-18-2017 PM10  |   6.68 |   5.95 |   8.54 |   5.03 |I I 
11:33-Thu-May-18-2017 PM2.5 |   4.41 |   4.45 |   5.29 |   3.85 |I I 
11:34-Thu-May-18-2017 PM10  |   7.34 |   6.07 |   8.54 |   5.03 |I I 
11:34-Thu-May-18-2017 PM2.5 |   4.75 |   4.47 |   5.29 |   3.85 |I I 
11:38-Thu-May-18-2017 PM10  |   5.96 |   6.06 |   8.54 |   5.03 |I B 
11:38-Thu-May-18-2017 PM2.5 |   4.42 |   4.47 |   5.29 |   3.85 |I B 
11:39-Thu-May-18-2017recover dati per host :92.223.147.77/nodered
11:39-Thu-May-18-2017 PM10  |   6.16 |   6.06 |   8.54 |   5.03 |B I 
11:39-Thu-May-18-2017 PM2.5 |   4.85 |   4.50 |   5.29 |   3.85 |B I 
11:43-Thu-May-18-2017recover dati per host :salvatorehost.no-ip.org/aria
11:43-Thu-May-18-2017 PM10  |   4.70 |   5.97 |   8.54 |   5.03 |I I 
11:43-Thu-May-18-2017 PM2.5 |   4.41 |   4.49 |   5.29 |   3.85 |I I 
11:44-Thu-May-18-2017 PM10  |   6.98 |   6.04 |   8.54 |   5.03 |I I 
11:44-Thu-May-18-2017 PM2.5 |   4.69 |   4.50 |   5.29 |   3.85 |I I 
11:48-Thu-May-18-2017 PM10  |   8.60 |   6.19 |   8.54 |   5.03 |I I 
11:48-Thu-May-18-2017 PM2.5 |   4.92 |   4.53 |   5.29 |   3.85 |I I 
11:49-Thu-May-18-2017 PM10  |   7.72 |   6.27 |   8.54 |   5.03 |I B 
11:49-Thu-May-18-2017 PM2.5 |   4.98 |   4.55 |   5.29 |   3.85 |I B 
11:53-Thu-May-18-2017recover dati per host :92.223.147.77/nodered
11:53-Thu-May-18-2017 PM10  |   8.98 |   6.42 |   8.54 |   5.03 |I I 
11:53-Thu-May-18-2017 PM2.5 |   5.06 |   4.58 |   5.29 |   3.85 |I I 
11:54-Thu-May-18-2017 PM10  |  10.87 |   6.64 |   8.54 |   5.03 |B B 
11:54-Thu-May-18-2017 PM2.5 |   5.78 |   4.64 |   5.29 |   3.85 |B B 
11:57-Thu-May-18-2017recover dati per host :salvatorehost.no-ip.org/aria
11:57-Thu-May-18-2017recover dati per host :92.223.147.77/nodered
11:57-Thu-May-18-2017 PM10  |  13.60 |   6.97 |   8.54 |   5.03 |I I 
11:57-Thu-May-18-2017 PM2.5 |   5.97 |   4.70 |   5.29 |   3.85 |I I 
11:58-Thu-May-18-2017 PM10  |  12.28 |   7.21 |   8.54 |   5.03 |I I 
11:58-Thu-May-18-2017 PM2.5 |   6.04 |   4.76 |   5.29 |   3.85 |I I 
12:02-Thu-May-18-2017 PM10  |  12.66 |   7.45 |   8.54 |   5.03 |I I 
12:02-Thu-May-18-2017 PM2.5 |   5.91 |   4.81 |   5.29 |   3.85 |I I 
12:04-Thu-May-18-2017 PM10  |  18.72 |  18.72 |   8.54 |   5.03 |I I 
12:04-Thu-May-18-2017 PM2.5 |   6.04 |   6.04 |   5.29 |   3.85 |I I 
12:08-Thu-May-18-2017 PM10  |  13.06 |  15.89 |   8.54 |   5.03 |I I 
12:08-Thu-May-18-2017 PM2.5 |   5.86 |   5.95 |   5.29 |   3.85 |I I 
12:09-Thu-May-18-2017 PM10  |  14.83 |  15.54 |   8.54 |   5.03 |I I 
12:09-Thu-May-18-2017 PM2.5 |   6.56 |   6.15 |   5.29 |   3.85 |I I 
12:13-Thu-May-18-2017 PM10  |  14.69 |  15.33 |   8.54 |   5.03 |I B 
12:13-Thu-May-18-2017 PM2.5 |   6.14 |   6.15 |   5.29 |   3.85 |I B 
12:14-Thu-May-18-2017recover dati per host :92.223.147.77/nodered
12:14-Thu-May-18-2017 PM10  |  14.71 |  15.20 |   8.54 |   5.03 |I I 
12:14-Thu-May-18-2017 PM2.5 |   6.24 |   6.17 |   5.29 |   3.85 |I I 
12:18-Thu-May-18-2017 PM10  |  11.58 |  14.60 |   8.54 |   5.03 |I I 
12:18-Thu-May-18-2017 PM2.5 |   6.01 |   6.14 |   5.29 |   3.85 |I I 
12:19-Thu-May-18-2017 PM10  |  14.69 |  14.61 |   8.54 |   5.03 |B I 
12:19-Thu-May-18-2017 PM2.5 |   6.63 |   6.21 |   5.29 |   3.85 |B I 
12:23-Thu-May-18-2017 PM10  |  16.90 |  14.90 |   8.54 |   5.03 |B B 
12:23-Thu-May-18-2017 PM2.5 |   6.67 |   6.27 |   5.29 |   3.85 |B B 
12:24-Thu-May-18-2017recover dati per host :salvatorehost.no-ip.org/aria
12:24-Thu-May-18-2017recover dati per host :92.223.147.77/nodered
12:24-Thu-May-18-2017 PM10  |  13.24 |  14.71 |   8.54 |   5.03 |I I 
12:24-Thu-May-18-2017 PM2.5 |   6.34 |   6.28 |   5.29 |   3.85 |I I 
12:28-Thu-May-18-2017 PM10  |  12.63 |  14.51 |   8.54 |   5.03 |I I 
12:28-Thu-May-18-2017 PM2.5 |   6.31 |   6.28 |   5.29 |   3.85 |I I 
12:29-Thu-May-18-2017 PM10  |  15.55 |  14.60 |   8.54 |   5.03 |B B 
12:29-Thu-May-18-2017 PM2.5 |   6.72 |   6.32 |   5.29 |   3.85 |B B 
12:33-Thu-May-18-2017recover dati per host :92.223.147.77/nodered
12:33-Thu-May-18-2017 PM10  |  12.72 |  14.44 |   8.54 |   5.03 |B I 
12:33-Thu-May-18-2017 PM2.5 |   6.27 |   6.32 |   5.29 |   3.85 |B I 
12:34-Thu-May-18-2017 PM10  |  13.38 |  14.36 |   8.54 |   5.03 |B I 
12:34-Thu-May-18-2017 PM2.5 |   6.33 |   6.32 |   5.29 |   3.85 |B I 
12:38-Thu-May-18-2017recover dati per host :salvatorehost.no-ip.org/aria
12:38-Thu-May-18-2017 PM10  |  16.98 |  14.55 |   8.54 |   5.03 |I I 
12:38-Thu-May-18-2017 PM2.5 |   6.58 |   6.34 |   5.29 |   3.85 |I I 
12:39-Thu-May-18-2017 PM10  |  14.91 |  14.57 |   8.54 |   5.03 |I B 
12:39-Thu-May-18-2017 PM2.5 |   6.19 |   6.33 |   5.29 |   3.85 |I B 
12:43-Thu-May-18-2017recover dati per host :92.223.147.77/nodered
12:43-Thu-May-18-2017 PM10  |  16.59 |  14.70 |   8.54 |   5.03 |I I 
12:43-Thu-May-18-2017 PM2.5 |   6.11 |   6.31 |   5.29 |   3.85 |I I 
12:47-Thu-May-18-2017 PM10  |  13.92 |  14.65 |   8.54 |   5.03 |I I 
12:47-Thu-May-18-2017 PM2.5 |   6.28 |   6.31 |   5.29 |   3.85 |I I 
12:48-Thu-May-18-2017 PM10  |  17.77 |  14.83 |   8.54 |   5.03 |I I 
12:48-Thu-May-18-2017 PM2.5 |   6.56 |   6.32 |   5.29 |   3.85 |I I 
12:52-Thu-May-18-2017 PM10  |  13.40 |  14.75 |   8.54 |   5.03 |I I 
12:52-Thu-May-18-2017 PM2.5 |   6.25 |   6.32 |   5.29 |   3.85 |I I 
12:53-Thu-May-18-2017 PM10  |  14.12 |  14.72 |   8.54 |   5.03 |I I 
12:53-Thu-May-18-2017 PM2.5 |   5.93 |   6.30 |   5.29 |   3.85 |I I 
12:57-Thu-May-18-2017 PM10  |  11.73 |  14.58 |   8.54 |   5.03 |I I 
12:57-Thu-May-18-2017 PM2.5 |   6.34 |   6.30 |   5.29 |   3.85 |I I 
12:58-Thu-May-18-2017 PM10  |  10.92 |  14.41 |   8.54 |   5.03 |I I 
12:58-Thu-May-18-2017 PM2.5 |   5.83 |   6.28 |   5.29 |   3.85 |I I 
13:02-Thu-May-18-2017 PM10  |   9.67 |  14.21 |  14.21 |   5.03 |I I 
13:02-Thu-May-18-2017 PM2.5 |   5.85 |   6.26 |   6.26 |   3.85 |I I 
13:03-Thu-May-18-2017 PM10  |  13.18 |  13.18 |  14.21 |   5.03 |I I 
13:03-Thu-May-18-2017 PM2.5 |   6.10 |   6.10 |   6.26 |   3.85 |I I 
13:08-Thu-May-18-2017 PM10  |   9.48 |  11.33 |  14.21 |   5.03 |I I 
13:08-Thu-May-18-2017 PM2.5 |   5.72 |   5.91 |   6.26 |   3.85 |I I 
13:09-Thu-May-18-2017 PM10  |   8.93 |  10.53 |  14.21 |   5.03 |I I 
13:09-Thu-May-18-2017 PM2.5 |   5.68 |   5.83 |   6.26 |   3.85 |I I 
13:13-Thu-May-18-2017 PM10  |   7.75 |   9.83 |  14.21 |   5.03 |I I 
13:13-Thu-May-18-2017 PM2.5 |   5.81 |   5.83 |   6.26 |   3.85 |I I 
13:14-Thu-May-18-2017 PM10  |  10.70 |  10.01 |  14.21 |   5.03 |I B 
13:14-Thu-May-18-2017 PM2.5 |   6.05 |   5.87 |   6.26 |   3.85 |I B 
13:18-Thu-May-18-2017recover dati per host :92.223.147.77/nodered
13:18-Thu-May-18-2017 PM10  |   8.92 |   9.82 |  14.21 |   5.03 |I I 
13:18-Thu-May-18-2017 PM2.5 |   5.86 |   5.87 |   6.26 |   3.85 |I I 
13:19-Thu-May-18-2017 PM10  |   9.64 |   9.80 |  14.21 |   5.03 |I I 
13:19-Thu-May-18-2017 PM2.5 |   5.65 |   5.84 |   6.26 |   3.85 |I I 
13:23-Thu-May-18-2017 PM10  |   8.38 |   9.62 |  14.21 |   5.03 |I I 
13:23-Thu-May-18-2017 PM2.5 |   5.47 |   5.79 |   6.26 |   3.85 |I I 
13:24-Thu-May-18-2017 PM10  |   8.62 |   9.51 |  14.21 |   5.03 |I I 
13:24-Thu-May-18-2017 PM2.5 |   5.64 |   5.78 |   6.26 |   3.85 |I I 
13:28-Thu-May-18-2017 PM10  |   9.26 |   9.49 |  14.21 |   5.03 |B I 
13:28-Thu-May-18-2017 PM2.5 |   5.56 |   5.75 |   6.26 |   3.85 |B I 
13:29-Thu-May-18-2017 PM10  |   7.69 |   9.32 |  14.21 |   5.03 |B I 
13:29-Thu-May-18-2017 PM2.5 |   5.43 |   5.72 |   6.26 |   3.85 |B I 
13:33-Thu-May-18-2017recover dati per host :salvatorehost.no-ip.org/aria
13:33-Thu-May-18-2017 PM10  |   7.22 |   9.15 |  14.21 |   5.03 |I I 
13:33-Thu-May-18-2017 PM2.5 |   5.47 |   5.70 |   6.26 |   3.85 |I I 
13:34-Thu-May-18-2017 PM10  |  10.77 |   9.27 |  14.21 |   5.03 |B B 
13:34-Thu-May-18-2017 PM2.5 |   5.42 |   5.68 |   6.26 |   3.85 |B B 
13:38-Thu-May-18-2017recover dati per host :salvatorehost.no-ip.org/aria
13:38-Thu-May-18-2017recover dati per host :92.223.147.77/nodered
13:38-Thu-May-18-2017 PM10  |   6.54 |   9.08 |  14.21 |   5.03 |I I 
13:38-Thu-May-18-2017 PM2.5 |   5.35 |   5.66 |   6.26 |   3.85 |I I 
13:39-Thu-May-18-2017 PM10  |   9.26 |   9.09 |  14.21 |   5.03 |I B 
13:39-Thu-May-18-2017 PM2.5 |   5.29 |   5.63 |   6.26 |   3.85 |I B 
13:43-Thu-May-18-2017recover dati per host :92.223.147.77/nodered
13:43-Thu-May-18-2017 PM10  |   7.47 |   8.99 |  14.21 |   5.03 |B I 
13:43-Thu-May-18-2017 PM2.5 |   5.16 |   5.60 |   6.26 |   3.85 |B I 
13:44-Thu-May-18-2017recover dati per host :salvatorehost.no-ip.org/aria
13:44-Thu-May-18-2017 PM10  |   8.24 |   8.94 |  14.21 |   5.03 |I I 
13:44-Thu-May-18-2017 PM2.5 |   5.30 |   5.59 |   6.26 |   3.85 |I I 
13:47-Thu-May-18-2017 PM10  |   5.83 |   8.77 |  14.21 |   5.03 |B I 
13:47-Thu-May-18-2017 PM2.5 |   4.97 |   5.55 |   6.26 |   3.85 |B I 
13:48-Thu-May-18-2017recover dati per host :salvatorehost.no-ip.org/aria
13:48-Thu-May-18-2017 PM10  |   9.19 |   8.79 |  14.21 |   5.03 |I I 
13:48-Thu-May-18-2017 PM2.5 |   5.10 |   5.53 |   6.26 |   3.85 |I I 
13:53-Thu-May-18-2017 PM10  |   7.88 |   8.75 |  14.21 |   5.03 |I I 
13:53-Thu-May-18-2017 PM2.5 |   5.19 |   5.51 |   6.26 |   3.85 |I I 
13:54-Thu-May-18-2017 PM10  |   7.19 |   8.67 |  14.21 |   5.03 |I I 
13:54-Thu-May-18-2017 PM2.5 |   4.99 |   5.49 |   6.26 |   3.85 |I I 
13:58-Thu-May-18-2017 PM10  |   5.30 |   8.52 |  14.21 |   5.03 |I I 
13:58-Thu-May-18-2017 PM2.5 |   4.52 |   5.44 |   6.26 |   3.85 |I I 
13:59-Thu-May-18-2017 PM10  |   6.91 |   8.45 |  14.21 |   5.03 |I I 
13:59-Thu-May-18-2017 PM2.5 |   5.01 |   5.42 |   6.26 |   3.85 |I I 
14:03-Thu-May-18-2017 PM10  |   5.84 |   8.34 |  14.21 |   5.03 |I I 
14:03-Thu-May-18-2017 PM2.5 |   4.76 |   5.40 |   6.26 |   3.85 |I I 
14:04-Thu-May-18-2017 PM10  |   8.91 |   8.91 |  14.21 |   5.03 |I I 
14:04-Thu-May-18-2017 PM2.5 |   5.06 |   5.06 |   6.26 |   3.85 |I I 
14:08-Thu-May-18-2017 PM10  |   5.22 |   7.06 |  14.21 |   5.03 |B I 
14:08-Thu-May-18-2017 PM2.5 |   4.55 |   4.81 |   6.26 |   3.85 |B I 
14:09-Thu-May-18-2017recover dati per host :salvatorehost.no-ip.org/aria
14:09-Thu-May-18-2017 PM10  |  11.28 |   8.47 |  14.21 |   5.03 |I I 
14:09-Thu-May-18-2017 PM2.5 |   5.54 |   5.05 |   6.26 |   3.85 |I I 
14:13-Thu-May-18-2017 PM10  |  16.03 |  10.36 |  14.21 |   5.03 |I B 
14:13-Thu-May-18-2017 PM2.5 |   7.04 |   5.55 |   6.26 |   3.85 |I B 
14:14-Thu-May-18-2017recover dati per host :92.223.147.77/nodered
14:14-Thu-May-18-2017 PM10  |  18.93 |  12.07 |  14.21 |   5.03 |I I 
14:14-Thu-May-18-2017 PM2.5 |   7.87 |   6.01 |   6.26 |   3.85 |I I 
14:18-Thu-May-18-2017 PM10  |  16.62 |  12.83 |  14.21 |   5.03 |B I 
14:18-Thu-May-18-2017 PM2.5 |   7.97 |   6.34 |   6.26 |   3.85 |B I 
14:19-Thu-May-18-2017Timeout Event handler
14:19-Thu-May-18-2017 PM10  |  17.94 |  13.56 |  14.21 |   5.03 |B I 
14:19-Thu-May-18-2017 PM2.5 |   7.84 |   6.55 |   6.26 |   3.85 |B I 
14:23-Thu-May-18-2017recover dati per host :salvatorehost.no-ip.org/aria
14:23-Thu-May-18-2017 PM10  |  16.86 |  13.97 |  14.21 |   5.03 |I I 
14:23-Thu-May-18-2017 PM2.5 |   7.86 |   6.72 |   6.26 |   3.85 |I I 
14:24-Thu-May-18-2017 PM10  |  21.16 |  14.77 |  14.21 |   5.03 |I I 
14:24-Thu-May-18-2017 PM2.5 |   7.24 |   6.77 |   6.26 |   3.85 |I I 
14:28-Thu-May-18-2017 PM10  |  17.73 |  15.07 |  14.21 |   5.03 |I I 
14:28-Thu-May-18-2017 PM2.5 |   6.84 |   6.78 |   6.26 |   3.85 |I I 
14:29-Thu-May-18-2017 PM10  |  12.32 |  14.82 |  14.21 |   5.03 |B I 
14:29-Thu-May-18-2017 PM2.5 |   6.88 |   6.79 |   6.26 |   3.85 |B I 
14:33-Thu-May-18-2017recover dati per host :salvatorehost.no-ip.org/aria
14:33-Thu-May-18-2017 PM10  |  13.58 |  14.72 |  14.21 |   5.03 |I I 
14:33-Thu-May-18-2017 PM2.5 |   7.37 |   6.84 |   6.26 |   3.85 |I I 
14:34-Thu-May-18-2017 PM10  |  16.56 |  14.86 |  14.21 |   5.03 |I I 
14:34-Thu-May-18-2017 PM2.5 |   6.78 |   6.83 |   6.26 |   3.85 |I I 
14:37-Thu-May-18-2017 PM10  |  13.08 |  14.73 |  14.21 |   5.03 |I I 
14:37-Thu-May-18-2017 PM2.5 |   6.47 |   6.81 |   6.26 |   3.85 |I I 
14:38-Thu-May-18-2017 PM10  |   9.87 |  14.41 |  14.21 |   5.03 |I I 
14:38-Thu-May-18-2017 PM2.5 |   5.95 |   6.75 |   6.26 |   3.85 |I I 
14:42-Thu-May-18-2017 PM10  |  11.17 |  14.20 |  14.21 |   5.03 |I I 
14:42-Thu-May-18-2017 PM2.5 |   6.11 |   6.71 |   6.26 |   3.85 |I I 
14:43-Thu-May-18-2017 PM10  |  10.40 |  13.98 |  14.21 |   5.03 |I I 
14:43-Thu-May-18-2017 PM2.5 |   6.02 |   6.67 |   6.26 |   3.85 |I I 
14:48-Thu-May-18-2017 PM10  |  11.17 |  13.82 |  14.21 |   5.03 |B B 
14:48-Thu-May-18-2017 PM2.5 |   6.13 |   6.64 |   6.26 |   3.85 |B B 
14:49-Thu-May-18-2017recover dati per host :salvatorehost.no-ip.org/aria
14:49-Thu-May-18-2017 PM10  |  11.72 |  13.71 |  14.21 |   5.03 |I B 
14:49-Thu-May-18-2017 PM2.5 |   7.15 |   6.67 |   6.26 |   3.85 |I B 
14:53-Thu-May-18-2017recover dati per host :92.223.147.77/nodered
14:53-Thu-May-18-2017 PM10  |  13.24 |  13.69 |  14.21 |   5.03 |I I 
14:53-Thu-May-18-2017 PM2.5 |   7.27 |   6.70 |   6.26 |   3.85 |I I 
14:54-Thu-May-18-2017 PM10  |  14.59 |  13.73 |  14.21 |   5.03 |I I 
14:54-Thu-May-18-2017 PM2.5 |   7.73 |   6.75 |   6.26 |   3.85 |I I 
14:58-Thu-May-18-2017 PM10  |  10.04 |  13.56 |  14.21 |   5.03 |B B 
14:58-Thu-May-18-2017 PM2.5 |   8.15 |   6.81 |   6.26 |   3.85 |B B 
14:59-Thu-May-18-2017recover dati per host :92.223.147.77/nodered
14:59-Thu-May-18-2017 PM10  |  12.03 |  13.50 |  14.21 |   5.03 |B I 
14:59-Thu-May-18-2017 PM2.5 |   8.52 |   6.88 |   6.26 |   3.85 |B I 
15:03-Thu-May-18-2017recover dati per host :salvatorehost.no-ip.org/aria
15:03-Thu-May-18-2017 PM10  |  11.11 |  13.40 |  14.21 |   5.03 |I I 
15:03-Thu-May-18-2017 PM2.5 |   8.60 |   6.96 |   6.96 |   3.85 |I I 
15:04-Thu-May-18-2017 PM10  |  12.82 |  12.82 |  14.21 |   5.03 |I I 
15:04-Thu-May-18-2017 PM2.5 |   7.95 |   7.95 |   6.96 |   3.85 |I I 
15:08-Thu-May-18-2017 PM10  |  12.88 |  12.85 |  14.21 |   5.03 |I I 
15:08-Thu-May-18-2017 PM2.5 |   8.12 |   8.04 |   6.96 |   3.85 |I I 
15:09-Thu-May-18-2017 PM10  |  12.54 |  12.75 |  14.21 |   5.03 |I I 
15:09-Thu-May-18-2017 PM2.5 |   7.88 |   7.98 |   6.96 |   3.85 |I I 
15:13-Thu-May-18-2017 PM10  |  10.27 |  12.13 |  14.21 |   5.03 |I I 
15:13-Thu-May-18-2017 PM2.5 |   7.70 |   7.91 |   6.96 |   3.85 |I I 
15:14-Thu-May-18-2017 PM10  |  11.39 |  11.98 |  14.21 |   5.03 |I I 
15:14-Thu-May-18-2017 PM2.5 |   7.61 |   7.85 |   6.96 |   3.85 |I I 
15:18-Thu-May-18-2017 PM10  |  10.47 |  11.73 |  14.21 |   5.03 |I I 
15:18-Thu-May-18-2017 PM2.5 |   7.00 |   7.71 |   6.96 |   3.85 |I I 
15:19-Thu-May-18-2017 PM10  |  11.01 |  11.63 |  14.21 |   5.03 |I I 
15:19-Thu-May-18-2017 PM2.5 |   6.90 |   7.59 |   6.96 |   3.85 |I I 
15:23-Thu-May-18-2017 PM10  |   9.24 |  11.33 |  14.21 |   5.03 |I I 
15:23-Thu-May-18-2017 PM2.5 |   6.59 |   7.47 |   6.96 |   3.85 |I I 
15:24-Thu-May-18-2017 PM10  |   9.67 |  11.14 |  14.21 |   5.03 |I I 
15:24-Thu-May-18-2017 PM2.5 |   6.41 |   7.35 |   6.96 |   3.85 |I I 
15:28-Thu-May-18-2017 PM10  |   8.26 |  10.86 |  14.21 |   5.03 |I B 
15:28-Thu-May-18-2017 PM2.5 |   6.59 |   7.28 |   6.96 |   3.85 |I B 
15:29-Thu-May-18-2017recover dati per host :92.223.147.77/nodered
15:29-Thu-May-18-2017 PM10  |   7.13 |  10.52 |  14.21 |   5.03 |I I 
15:29-Thu-May-18-2017 PM2.5 |   6.03 |   7.16 |   6.96 |   3.85 |I I 
15:33-Thu-May-18-2017 PM10  |   7.67 |  10.28 |  14.21 |   5.03 |I I 
15:33-Thu-May-18-2017 PM2.5 |   6.30 |   7.09 |   6.96 |   3.85 |I I 
15:34-Thu-May-18-2017 PM10  |   7.91 |  10.10 |  14.21 |   5.03 |I I 
15:34-Thu-May-18-2017 PM2.5 |   5.66 |   6.98 |   6.96 |   3.85 |I I 
15:38-Thu-May-18-2017 PM10  |   6.81 |   9.86 |  14.21 |   5.03 |I I 
15:38-Thu-May-18-2017 PM2.5 |   5.89 |   6.90 |   6.96 |   3.85 |I I 
15:39-Thu-May-18-2017 PM10  |  10.26 |   9.89 |  14.21 |   5.03 |I I 
15:39-Thu-May-18-2017 PM2.5 |   5.99 |   6.84 |   6.96 |   3.85 |I I 
15:43-Thu-May-18-2017 PM10  |   7.41 |   9.73 |  14.21 |   5.03 |I I 
15:43-Thu-May-18-2017 PM2.5 |   5.38 |   6.75 |   6.96 |   3.85 |I I 
15:44-Thu-May-18-2017 PM10  |   6.39 |   9.54 |  14.21 |   5.03 |I I 
15:44-Thu-May-18-2017 PM2.5 |   5.31 |   6.67 |   6.96 |   3.85 |I I 
15:48-Thu-May-18-2017 PM10  |   5.37 |   9.31 |  14.21 |   5.03 |I I 
15:48-Thu-May-18-2017 PM2.5 |   5.07 |   6.58 |   6.96 |   3.85 |I I 
15:49-Thu-May-18-2017 PM10  |   7.45 |   9.21 |  14.21 |   5.03 |I I 
15:49-Thu-May-18-2017 PM2.5 |   5.23 |   6.51 |   6.96 |   3.85 |I I 
15:53-Thu-May-18-2017 PM10  |   6.38 |   9.07 |  14.21 |   5.03 |I I 
15:53-Thu-May-18-2017 PM2.5 |   5.45 |   6.45 |   6.96 |   3.85 |I I 
15:54-Thu-May-18-2017 PM10  |   8.06 |   9.02 |  14.21 |   5.03 |I I 
15:54-Thu-May-18-2017 PM2.5 |   5.27 |   6.40 |   6.96 |   3.85 |I I 
15:57-Thu-May-18-2017 PM10  |   6.32 |   8.90 |  14.21 |   5.03 |I I 
15:57-Thu-May-18-2017 PM2.5 |   5.24 |   6.35 |   6.96 |   3.85 |I I 
15:59-Thu-May-18-2017 PM10  |   7.56 |   8.84 |  14.21 |   5.03 |I B 
15:59-Thu-May-18-2017 PM2.5 |   5.16 |   6.29 |   6.96 |   3.85 |I B 
16:03-Thu-May-18-2017recover dati per host :92.223.147.77/nodered
16:03-Thu-May-18-2017 PM10  |   5.53 |   8.70 |  14.21 |   5.03 |I I 
16:03-Thu-May-18-2017 PM2.5 |   5.17 |   6.25 |   6.96 |   3.85 |I I 
16:04-Thu-May-18-2017 PM10  |   5.44 |   5.44 |  14.21 |   5.03 |I I 
16:04-Thu-May-18-2017 PM2.5 |   4.78 |   4.78 |   6.96 |   3.85 |I I 
16:08-Thu-May-18-2017 PM10  |   5.71 |   5.57 |  14.21 |   5.03 |I I 
16:08-Thu-May-18-2017 PM2.5 |   5.12 |   4.95 |   6.96 |   3.85 |I I 
16:09-Thu-May-18-2017 PM10  |   6.39 |   5.85 |  14.21 |   5.03 |I I 
16:09-Thu-May-18-2017 PM2.5 |   5.00 |   4.97 |   6.96 |   3.85 |I I 
16:13-Thu-May-18-2017 PM10  |   5.56 |   5.78 |  14.21 |   5.03 |I I 
16:13-Thu-May-18-2017 PM2.5 |   5.03 |   4.98 |   6.96 |   3.85 |I I 
16:14-Thu-May-18-2017 PM10  |   7.50 |   6.12 |  14.21 |   5.03 |I I 
16:14-Thu-May-18-2017 PM2.5 |   5.11 |   5.01 |   6.96 |   3.85 |I I 
16:18-Thu-May-18-2017 PM10  |   5.60 |   6.03 |  14.21 |   5.03 |I I 
16:18-Thu-May-18-2017 PM2.5 |   4.80 |   4.97 |   6.96 |   3.85 |I I 
16:19-Thu-May-18-2017 PM10  |   6.96 |   6.17 |  14.21 |   5.03 |I I 
16:19-Thu-May-18-2017 PM2.5 |   5.20 |   5.00 |   6.96 |   3.85 |I I 
16:23-Thu-May-18-2017 PM10  |   6.83 |   6.25 |  14.21 |   5.03 |I I 
16:23-Thu-May-18-2017 PM2.5 |   4.85 |   4.99 |   6.96 |   3.85 |I I 
16:24-Thu-May-18-2017 PM10  |   5.65 |   6.18 |  14.21 |   5.03 |I I 
16:24-Thu-May-18-2017 PM2.5 |   4.77 |   4.96 |   6.96 |   3.85 |I I 
16:28-Thu-May-18-2017 PM10  |   5.21 |   6.09 |  14.21 |   5.03 |B I 
16:28-Thu-May-18-2017 PM2.5 |   4.91 |   4.96 |   6.96 |   3.85 |B I 
16:29-Thu-May-18-2017recover dati per host :salvatorehost.no-ip.org/aria
16:29-Thu-May-18-2017 PM10  |   7.16 |   6.18 |  14.21 |   5.03 |I I 
16:29-Thu-May-18-2017 PM2.5 |   5.09 |   4.97 |   6.96 |   3.85 |I I 
16:33-Thu-May-18-2017 PM10  |   5.29 |   6.11 |  14.21 |   5.03 |I I 
16:33-Thu-May-18-2017 PM2.5 |   4.86 |   4.96 |   6.96 |   3.85 |I I 
16:34-Thu-May-18-2017 PM10  |   6.64 |   6.15 |  14.21 |   5.03 |I I 
16:34-Thu-May-18-2017 PM2.5 |   4.26 |   4.90 |   6.96 |   3.85 |I I 
16:38-Thu-May-18-2017 PM10  |   4.90 |   6.06 |  14.21 |   5.03 |I I 
16:38-Thu-May-18-2017 PM2.5 |   4.38 |   4.87 |   6.96 |   3.85 |I I 
16:39-Thu-May-18-2017 PM10  |   7.06 |   6.13 |  14.21 |   5.03 |I I 
16:39-Thu-May-18-2017 PM2.5 |   4.45 |   4.84 |   6.96 |   3.85 |I I 
16:43-Thu-May-18-2017 PM10  |   4.68 |   6.04 |  14.21 |   5.03 |I I 
16:43-Thu-May-18-2017 PM2.5 |   4.38 |   4.81 |   6.96 |   3.85 |I I 
16:44-Thu-May-18-2017 PM10  |   4.89 |   5.97 |  14.21 |   5.03 |I I 
16:44-Thu-May-18-2017 PM2.5 |   4.34 |   4.78 |   6.96 |   3.85 |I I 
16:48-Thu-May-18-2017 PM10  |   5.43 |   5.94 |  14.21 |   5.03 |I I 
16:48-Thu-May-18-2017 PM2.5 |   4.40 |   4.76 |   6.96 |   3.85 |I I 
16:49-Thu-May-18-2017 PM10  |   7.10 |   6.00 |  14.21 |   5.03 |I I 
16:49-Thu-May-18-2017 PM2.5 |   4.69 |   4.76 |   6.96 |   3.85 |I I 
16:53-Thu-May-18-2017 PM10  |   4.40 |   5.92 |  14.21 |   5.03 |B I 
16:53-Thu-May-18-2017 PM2.5 |   4.11 |   4.73 |   6.96 |   3.85 |B I 
16:54-Thu-May-18-2017recover dati per host :salvatorehost.no-ip.org/aria
16:54-Thu-May-18-2017 PM10  |   6.43 |   5.94 |  14.21 |   5.03 |I I 
16:54-Thu-May-18-2017 PM2.5 |   4.22 |   4.70 |   6.96 |   3.85 |I I 
16:58-Thu-May-18-2017 PM10  |   4.48 |   5.88 |  14.21 |   5.03 |B B 
16:58-Thu-May-18-2017 PM2.5 |   3.96 |   4.67 |   6.96 |   3.85 |B B 
16:59-Thu-May-18-2017recover dati per host :salvatorehost.no-ip.org/aria
16:59-Thu-May-18-2017recover dati per host :92.223.147.77/nodered
16:59-Thu-May-18-2017 PM10  |   5.33 |   5.85 |  14.21 |   5.03 |I I 
16:59-Thu-May-18-2017 PM2.5 |   4.50 |   4.66 |   6.96 |   3.85 |I I 
17:03-Thu-May-18-2017 PM10  |   4.63 |   5.80 |  14.21 |   5.03 |I I 
17:03-Thu-May-18-2017 PM2.5 |   4.22 |   4.64 |   6.96 |   3.85 |I I 
17:05-Thu-May-18-2017 PM10  |   7.42 |   7.42 |  14.21 |   5.03 |I I 
17:05-Thu-May-18-2017 PM2.5 |   4.26 |   4.26 |   6.96 |   3.85 |I I 
17:08-Thu-May-18-2017 PM10  |   4.93 |   6.18 |  14.21 |   5.03 |I I 
17:08-Thu-May-18-2017 PM2.5 |   4.24 |   4.25 |   6.96 |   3.85 |I I 
17:09-Thu-May-18-2017 PM10  |   5.44 |   5.93 |  14.21 |   5.03 |I I 
17:09-Thu-May-18-2017 PM2.5 |   4.52 |   4.34 |   6.96 |   3.85 |I I 
17:13-Thu-May-18-2017 PM10  |   4.91 |   5.68 |  14.21 |   5.03 |I B 
17:13-Thu-May-18-2017 PM2.5 |   4.41 |   4.36 |   6.96 |   3.85 |I B 
17:14-Thu-May-18-2017recover dati per host :92.223.147.77/nodered
17:14-Thu-May-18-2017 PM10  |   5.99 |   5.74 |  14.21 |   5.03 |I I 
17:14-Thu-May-18-2017 PM2.5 |   4.68 |   4.42 |   6.96 |   3.85 |I I 
17:18-Thu-May-18-2017 PM10  |   6.25 |   5.82 |  14.21 |   5.03 |I I 
17:18-Thu-May-18-2017 PM2.5 |   4.26 |   4.40 |   6.96 |   3.85 |I I 
17:19-Thu-May-18-2017 PM10  |   6.82 |   5.97 |  14.21 |   5.03 |I I 
17:19-Thu-May-18-2017 PM2.5 |   4.57 |   4.42 |   6.96 |   3.85 |I I 
17:23-Thu-May-18-2017 PM10  |   4.78 |   5.82 |  14.21 |   5.03 |I I 
17:23-Thu-May-18-2017 PM2.5 |   4.25 |   4.40 |   6.96 |   3.85 |I I 
17:24-Thu-May-18-2017 PM10  |   5.76 |   5.81 |  14.21 |   5.03 |I I 
17:24-Thu-May-18-2017 PM2.5 |   4.34 |   4.39 |   6.96 |   3.85 |I I 
17:28-Thu-May-18-2017 PM10  |   4.72 |   5.70 |  14.21 |   5.03 |B I 
17:28-Thu-May-18-2017 PM2.5 |   4.39 |   4.39 |   6.96 |   3.85 |B I 
17:29-Thu-May-18-2017recover dati per host :salvatorehost.no-ip.org/aria
17:29-Thu-May-18-2017 PM10  |   4.83 |   5.62 |  14.21 |   5.03 |I I 
17:29-Thu-May-18-2017 PM2.5 |   4.35 |   4.39 |   6.96 |   3.85 |I I 
17:33-Thu-May-18-2017 PM10  |   4.72 |   5.55 |  14.21 |   5.03 |I I 
17:33-Thu-May-18-2017 PM2.5 |   4.37 |   4.39 |   6.96 |   3.85 |I I 
17:34-Thu-May-18-2017 PM10  |   5.36 |   5.54 |  14.21 |   5.03 |I I 
17:34-Thu-May-18-2017 PM2.5 |   4.47 |   4.39 |   6.96 |   3.85 |I I 
17:38-Thu-May-18-2017 PM10  |   4.64 |   5.47 |  14.21 |   5.03 |I B 
17:38-Thu-May-18-2017 PM2.5 |   4.34 |   4.39 |   6.96 |   3.85 |I B 
17:39-Thu-May-18-2017 PM10  |   5.30 |   5.46 |  14.21 |   5.03 |I B 
17:39-Thu-May-18-2017 PM2.5 |   4.13 |   4.37 |   6.96 |   3.85 |I B 
17:43-Thu-May-18-2017recover dati per host :92.223.147.77/nodered
17:43-Thu-May-18-2017 PM10  |   4.39 |   5.39 |  14.21 |   5.03 |B I 
17:43-Thu-May-18-2017 PM2.5 |   4.10 |   4.36 |   6.96 |   3.85 |B I 
17:44-Thu-May-18-2017recover dati per host :salvatorehost.no-ip.org/aria
17:44-Thu-May-18-2017 PM10  |   5.84 |   5.42 |  14.21 |   5.03 |I I 
17:44-Thu-May-18-2017 PM2.5 |   4.42 |   4.36 |   6.96 |   3.85 |I I 
17:48-Thu-May-18-2017 PM10  |   4.73 |   5.38 |  14.21 |   5.03 |I I 
17:48-Thu-May-18-2017 PM2.5 |   4.43 |   4.36 |   6.96 |   3.85 |I I 
17:50-Thu-May-18-2017 PM10  |   5.68 |   5.40 |  14.21 |   5.03 |I I 
17:50-Thu-May-18-2017 PM2.5 |   4.57 |   4.37 |   6.96 |   3.85 |I I 
17:53-Thu-May-18-2017 PM10  |   4.95 |   5.37 |  14.21 |   5.03 |I I 
17:53-Thu-May-18-2017 PM2.5 |   4.35 |   4.37 |   6.96 |   3.85 |I I 
17:54-Thu-May-18-2017 PM10  |   6.67 |   5.44 |  14.21 |   5.03 |I I 
17:54-Thu-May-18-2017 PM2.5 |   4.99 |   4.40 |   6.96 |   3.85 |I I 
17:58-Thu-May-18-2017 PM10  |   4.42 |   5.39 |  14.21 |   5.03 |I I 
17:58-Thu-May-18-2017 PM2.5 |   4.13 |   4.39 |   6.96 |   3.85 |I I 
17:59-Thu-May-18-2017 PM10  |   5.86 |   5.41 |  14.21 |   5.03 |I I 
17:59-Thu-May-18-2017 PM2.5 |   4.56 |   4.40 |   6.96 |   3.85 |I I 
18:03-Thu-May-18-2017 PM10  |   4.47 |   5.37 |  14.21 |   5.03 |I I 
18:03-Thu-May-18-2017 PM2.5 |   4.18 |   4.39 |   6.96 |   3.85 |I I 
18:04-Thu-May-18-2017 PM10  |   5.38 |   5.38 |  14.21 |   5.03 |I I 
18:04-Thu-May-18-2017 PM2.5 |   4.80 |   4.80 |   6.96 |   3.85 |I I 
18:08-Thu-May-18-2017 PM10  |   4.51 |   4.95 |  14.21 |   5.03 |I I 
18:08-Thu-May-18-2017 PM2.5 |   4.23 |   4.52 |   6.96 |   3.85 |I I 
18:09-Thu-May-18-2017 PM10  |   5.22 |   5.04 |  14.21 |   5.03 |I I 
18:09-Thu-May-18-2017 PM2.5 |   4.61 |   4.55 |   6.96 |   3.85 |I I 
18:13-Thu-May-18-2017 PM10  |   4.85 |   4.99 |  14.21 |   5.03 |I I 
18:13-Thu-May-18-2017 PM2.5 |   4.38 |   4.51 |   6.96 |   3.85 |I I 
18:14-Thu-May-18-2017 PM10  |   5.39 |   5.07 |  14.21 |   5.03 |I I 
18:14-Thu-May-18-2017 PM2.5 |   4.54 |   4.51 |   6.96 |   3.85 |I I 
18:18-Thu-May-18-2017 PM10  |   4.39 |   4.96 |  14.21 |   5.03 |I I 
18:18-Thu-May-18-2017 PM2.5 |   4.10 |   4.44 |   6.96 |   3.85 |I I 
18:19-Thu-May-18-2017 PM10  |   6.36 |   5.16 |  14.21 |   5.03 |I I 
18:19-Thu-May-18-2017 PM2.5 |   4.51 |   4.45 |   6.96 |   3.85 |I I 
18:23-Thu-May-18-2017 PM10  |   4.74 |   5.11 |  14.21 |   5.03 |I I 
18:23-Thu-May-18-2017 PM2.5 |   4.33 |   4.44 |   6.96 |   3.85 |I I 
18:24-Thu-May-18-2017 PM10  |   5.18 |   5.11 |  14.21 |   5.03 |I I 
18:24-Thu-May-18-2017 PM2.5 |   4.53 |   4.45 |   6.96 |   3.85 |I I 
18:28-Thu-May-18-2017 PM10  |   4.59 |   5.06 |  14.21 |   5.03 |I I 
18:28-Thu-May-18-2017 PM2.5 |   4.31 |   4.43 |   6.96 |   3.85 |I I 
18:29-Thu-May-18-2017 PM10  |   8.42 |   5.37 |  14.21 |   5.03 |I I 
18:29-Thu-May-18-2017 PM2.5 |   4.67 |   4.46 |   6.96 |   3.85 |I I 
18:33-Thu-May-18-2017 PM10  |   5.93 |   5.41 |  14.21 |   5.03 |I I 
18:33-Thu-May-18-2017 PM2.5 |   4.57 |   4.47 |   6.96 |   3.85 |I I 
18:34-Thu-May-18-2017 PM10  |   5.60 |   5.43 |  14.21 |   5.03 |I I 
18:34-Thu-May-18-2017 PM2.5 |   4.54 |   4.47 |   6.96 |   3.85 |I I 
18:38-Thu-May-18-2017 PM10  |   5.01 |   5.40 |  14.21 |   5.03 |I I 
18:38-Thu-May-18-2017 PM2.5 |   4.65 |   4.48 |   6.96 |   3.85 |I I 
18:40-Thu-May-18-2017 PM10  |   6.28 |   5.46 |  14.21 |   5.03 |B I 
18:40-Thu-May-18-2017 PM2.5 |   4.68 |   4.50 |   6.96 |   3.85 |B I 
18:44-Thu-May-18-2017recover dati per host :salvatorehost.no-ip.org/aria
18:44-Thu-May-18-2017 PM10  |   5.11 |   5.43 |  14.21 |   5.03 |I I 
18:44-Thu-May-18-2017 PM2.5 |   4.70 |   4.51 |   6.96 |   3.85 |I I 
18:45-Thu-May-18-2017 PM10  |   6.65 |   5.51 |  14.21 |   5.03 |I I 
18:45-Thu-May-18-2017 PM2.5 |   4.79 |   4.53 |   6.96 |   3.85 |I I 
18:48-Thu-May-18-2017 PM10  |   6.32 |   5.55 |  14.21 |   5.03 |I I 
18:48-Thu-May-18-2017 PM2.5 |   4.81 |   4.54 |   6.96 |   3.85 |I I 
18:49-Thu-May-18-2017 PM10  |  12.46 |   5.92 |  14.21 |   5.03 |I I 
18:49-Thu-May-18-2017 PM2.5 |   5.00 |   4.57 |   6.96 |   3.85 |I I 
18:53-Thu-May-18-2017 PM10  |   5.59 |   5.90 |  14.21 |   5.03 |I I 
18:53-Thu-May-18-2017 PM2.5 |   4.60 |   4.57 |   6.96 |   3.85 |I I 
18:54-Thu-May-18-2017 PM10  |  10.53 |   6.12 |  14.21 |   5.03 |I I 
18:54-Thu-May-18-2017 PM2.5 |   5.81 |   4.63 |   6.96 |   3.85 |I I 
18:58-Thu-May-18-2017 PM10  |   9.95 |   6.29 |  14.21 |   5.03 |I I 
18:58-Thu-May-18-2017 PM2.5 |   5.51 |   4.67 |   6.96 |   3.85 |I I 
18:59-Thu-May-18-2017 PM10  |   7.13 |   6.33 |  14.21 |   5.03 |I I 
18:59-Thu-May-18-2017 PM2.5 |   5.39 |   4.70 |   6.96 |   3.85 |I I 
19:03-Thu-May-18-2017 PM10  |   7.24 |   6.37 |  14.21 |   5.03 |I I 
19:03-Thu-May-18-2017 PM2.5 |   5.09 |   4.72 |   6.96 |   3.85 |I I 
19:04-Thu-May-18-2017 PM10  |   7.51 |   7.51 |  14.21 |   5.03 |I I 
19:04-Thu-May-18-2017 PM2.5 |   5.31 |   5.31 |   6.96 |   3.85 |I I 
19:08-Thu-May-18-2017 PM10  |   6.91 |   7.21 |  14.21 |   5.03 |I I 
19:08-Thu-May-18-2017 PM2.5 |   5.51 |   5.41 |   6.96 |   3.85 |I I 
19:09-Thu-May-18-2017 PM10  |   9.21 |   7.87 |  14.21 |   5.03 |I I 
19:09-Thu-May-18-2017 PM2.5 |   6.23 |   5.68 |   6.96 |   3.85 |I I 
19:13-Thu-May-18-2017 PM10  |   7.80 |   7.85 |  14.21 |   5.03 |I I 
19:13-Thu-May-18-2017 PM2.5 |   5.91 |   5.74 |   6.96 |   3.85 |I I 
19:14-Thu-May-18-2017 PM10  |   8.43 |   7.97 |  14.21 |   5.03 |B I 
19:14-Thu-May-18-2017 PM2.5 |   5.61 |   5.71 |   6.96 |   3.85 |B I 
19:18-Thu-May-18-2017 PM10  |   7.13 |   7.83 |  14.21 |   5.03 |B B 
19:18-Thu-May-18-2017 PM2.5 |   5.85 |   5.74 |   6.96 |   3.85 |B B 
19:19-Thu-May-18-2017Timeout Event handler
19:19-Thu-May-18-2017recover dati per host :92.223.147.77/nodered
19:19-Thu-May-18-2017 PM10  |   9.64 |   8.09 |  14.21 |   5.03 |B I 
19:19-Thu-May-18-2017 PM2.5 |   5.89 |   5.76 |   6.96 |   3.85 |B I 
19:23-Thu-May-18-2017 PM10  |   7.58 |   8.03 |  14.21 |   5.03 |B B 
19:23-Thu-May-18-2017 PM2.5 |   5.74 |   5.76 |   6.96 |   3.85 |B B 
19:24-Thu-May-18-2017recover dati per host :salvatorehost.no-ip.org/aria
19:24-Thu-May-18-2017recover dati per host :92.223.147.77/nodered
19:24-Thu-May-18-2017 PM10  |   8.74 |   8.11 |  14.21 |   5.03 |I I 
19:24-Thu-May-18-2017 PM2.5 |   5.58 |   5.74 |   6.96 |   3.85 |I I 
19:28-Thu-May-18-2017 PM10  |   6.49 |   7.94 |  14.21 |   5.03 |I I 
19:28-Thu-May-18-2017 PM2.5 |   5.80 |   5.74 |   6.96 |   3.85 |I I 
19:29-Thu-May-18-2017 PM10  |   7.69 |   7.92 |  14.21 |   5.03 |I I 
19:29-Thu-May-18-2017 PM2.5 |   5.50 |   5.72 |   6.96 |   3.85 |I I 
19:33-Thu-May-18-2017 PM10  |   7.64 |   7.90 |  14.21 |   5.03 |I I 
19:33-Thu-May-18-2017 PM2.5 |   5.47 |   5.70 |   6.96 |   3.85 |I I 
19:34-Thu-May-18-2017 PM10  |   8.04 |   7.91 |  14.21 |   5.03 |I I 
19:34-Thu-May-18-2017 PM2.5 |   5.65 |   5.70 |   6.96 |   3.85 |I I 
19:38-Thu-May-18-2017 PM10  |   8.91 |   7.98 |  14.21 |   5.03 |I I 
19:38-Thu-May-18-2017 PM2.5 |   5.61 |   5.69 |   6.96 |   3.85 |I I 
19:39-Thu-May-18-2017 PM10  |   6.85 |   7.90 |  14.21 |   5.03 |I I 
19:39-Thu-May-18-2017 PM2.5 |   5.49 |   5.68 |   6.96 |   3.85 |I I 
19:43-Thu-May-18-2017 PM10  |   5.30 |   7.74 |  14.21 |   5.03 |I I 
19:43-Thu-May-18-2017 PM2.5 |   5.01 |   5.63 |   6.96 |   3.85 |I I 
19:45-Thu-May-18-2017 PM10  |   8.09 |   7.76 |  14.21 |   5.03 |B I 
19:45-Thu-May-18-2017 PM2.5 |   5.13 |   5.60 |   6.96 |   3.85 |B I 
19:49-Thu-May-18-2017 PM10  |   5.66 |   7.64 |  14.21 |   5.03 |B I 
19:49-Thu-May-18-2017 PM2.5 |   4.92 |   5.57 |   6.96 |   3.85 |B I 
19:50-Thu-May-18-2017recover dati per host :salvatorehost.no-ip.org/aria
19:50-Thu-May-18-2017 PM10  |   7.29 |   7.63 |  14.21 |   5.03 |I I 
19:50-Thu-May-18-2017 PM2.5 |   5.53 |   5.56 |   6.96 |   3.85 |I I 
19:54-Thu-May-18-2017 PM10  |   7.70 |   7.63 |  14.21 |   5.03 |I I 
19:54-Thu-May-18-2017 PM2.5 |   4.94 |   5.53 |   6.96 |   3.85 |I I 
19:58-Thu-May-18-2017 PM10  |   6.44 |   7.57 |  14.21 |   5.03 |I I 
19:58-Thu-May-18-2017 PM2.5 |   5.40 |   5.53 |   6.96 |   3.85 |I I 
19:59-Thu-May-18-2017 PM10  |   7.07 |   7.55 |  14.21 |   5.03 |I I 
19:59-Thu-May-18-2017 PM2.5 |   5.39 |   5.52 |   6.96 |   3.85 |I I 
20:03-Thu-May-18-2017 PM10  |   6.32 |   7.50 |  14.21 |   5.03 |B I 
20:03-Thu-May-18-2017 PM2.5 |   5.27 |   5.51 |   6.96 |   3.85 |B I 
20:04-Thu-May-18-2017recover dati per host :salvatorehost.no-ip.org/aria
20:04-Thu-May-18-2017 PM10  |   8.32 |   8.32 |  14.21 |   5.03 |I I 
20:04-Thu-May-18-2017 PM2.5 |   5.11 |   5.11 |   6.96 |   3.85 |I I 
20:08-Thu-May-18-2017 PM10  |   6.13 |   7.23 |  14.21 |   5.03 |I I 
20:08-Thu-May-18-2017 PM2.5 |   4.96 |   5.04 |   6.96 |   3.85 |I I 
20:09-Thu-May-18-2017 PM10  |   8.28 |   7.58 |  14.21 |   5.03 |I I 
20:09-Thu-May-18-2017 PM2.5 |   5.65 |   5.24 |   6.96 |   3.85 |I I 
20:13-Thu-May-18-2017 PM10  |   8.30 |   7.76 |  14.21 |   5.03 |I I 
20:13-Thu-May-18-2017 PM2.5 |   5.71 |   5.36 |   6.96 |   3.85 |I I 
20:14-Thu-May-18-2017 PM10  |  12.69 |   8.74 |  14.21 |   5.03 |I I 
20:14-Thu-May-18-2017 PM2.5 |   5.95 |   5.48 |   6.96 |   3.85 |I I 
20:18-Thu-May-18-2017 PM10  |   9.82 |   8.92 |  14.21 |   5.03 |I I 
20:18-Thu-May-18-2017 PM2.5 |   5.87 |   5.54 |   6.96 |   3.85 |I I 
20:19-Thu-May-18-2017 PM10  |   9.60 |   9.02 |  14.21 |   5.03 |I I 
20:19-Thu-May-18-2017 PM2.5 |   5.94 |   5.60 |   6.96 |   3.85 |I I 
20:23-Thu-May-18-2017 PM10  |   6.91 |   8.76 |  14.21 |   5.03 |I I 
20:23-Thu-May-18-2017 PM2.5 |   5.87 |   5.63 |   6.96 |   3.85 |I I 
20:24-Thu-May-18-2017 PM10  |  10.82 |   8.99 |  14.21 |   5.03 |I I 
20:24-Thu-May-18-2017 PM2.5 |   6.35 |   5.71 |   6.96 |   3.85 |I I 
20:28-Thu-May-18-2017 PM10  |  10.32 |   9.12 |  14.21 |   5.03 |I I 
20:28-Thu-May-18-2017 PM2.5 |   6.06 |   5.75 |   6.96 |   3.85 |I I 
20:29-Thu-May-18-2017 PM10  |  10.47 |   9.24 |  14.21 |   5.03 |B B 
20:29-Thu-May-18-2017 PM2.5 |   6.10 |   5.78 |   6.96 |   3.85 |B B 
20:33-Thu-May-18-2017recover dati per host :salvatorehost.no-ip.org/aria
20:33-Thu-May-18-2017recover dati per host :92.223.147.77/nodered
20:33-Thu-May-18-2017 PM10  |   9.14 |   9.23 |  14.21 |   5.03 |I I 
20:33-Thu-May-18-2017 PM2.5 |   6.11 |   5.81 |   6.96 |   3.85 |I I 
20:34-Thu-May-18-2017 PM10  |  12.80 |   9.51 |  14.21 |   5.03 |I I 
20:34-Thu-May-18-2017 PM2.5 |   6.71 |   5.88 |   6.96 |   3.85 |I I 
20:38-Thu-May-18-2017 PM10  |  10.70 |   9.59 |  14.21 |   5.03 |I I 
20:38-Thu-May-18-2017 PM2.5 |   6.41 |   5.92 |   6.96 |   3.85 |I I 
20:39-Thu-May-18-2017 PM10  |  16.10 |  10.03 |  14.21 |   5.03 |I I 
20:39-Thu-May-18-2017 PM2.5 |   6.10 |   5.93 |   6.96 |   3.85 |I I 
20:43-Thu-May-18-2017 PM10  |  11.56 |  10.12 |  14.21 |   5.03 |B I 
20:43-Thu-May-18-2017 PM2.5 |   6.31 |   5.95 |   6.96 |   3.85 |B I 
20:44-Thu-May-18-2017recover dati per host :salvatorehost.no-ip.org/aria
20:44-Thu-May-18-2017 PM10  |  11.09 |  10.18 |  14.21 |   5.03 |I I 
20:44-Thu-May-18-2017 PM2.5 |   6.30 |   5.97 |   6.96 |   3.85 |I I 
20:48-Thu-May-18-2017 PM10  |   8.80 |  10.10 |  14.21 |   5.03 |I I 
20:48-Thu-May-18-2017 PM2.5 |   6.04 |   5.98 |   6.96 |   3.85 |I I 
20:49-Thu-May-18-2017 PM10  |  12.21 |  10.21 |  14.21 |   5.03 |I I 
20:49-Thu-May-18-2017 PM2.5 |   6.19 |   5.99 |   6.96 |   3.85 |I I 
20:53-Thu-May-18-2017 PM10  |   9.18 |  10.16 |  14.21 |   5.03 |I I 
20:53-Thu-May-18-2017 PM2.5 |   5.97 |   5.99 |   6.96 |   3.85 |I I 
20:55-Thu-May-18-2017 PM10  |   8.84 |  10.10 |  14.21 |   5.03 |I I 
20:55-Thu-May-18-2017 PM2.5 |   5.93 |   5.98 |   6.96 |   3.85 |I I 
20:59-Thu-May-18-2017 PM10  |   7.17 |   9.97 |  14.21 |   5.03 |I I 
20:59-Thu-May-18-2017 PM2.5 |   6.13 |   5.99 |   6.96 |   3.85 |I I 
21:00-Thu-May-18-2017 PM10  |  13.41 |  10.12 |  14.21 |   5.03 |I I 
21:00-Thu-May-18-2017 PM2.5 |   6.04 |   5.99 |   6.96 |   3.85 |I I 
21:04-Thu-May-18-2017 PM10  |   8.67 |   8.67 |  14.21 |   5.03 |I I 
21:04-Thu-May-18-2017 PM2.5 |   5.78 |   5.78 |   6.96 |   3.85 |I I 
21:05-Thu-May-18-2017 PM10  |  12.71 |  10.69 |  14.21 |   5.03 |I I 
21:05-Thu-May-18-2017 PM2.5 |   6.56 |   6.17 |   6.96 |   3.85 |I I 
21:09-Thu-May-18-2017 PM10  |  10.45 |  10.61 |  14.21 |   5.03 |I I 
21:09-Thu-May-18-2017 PM2.5 |   6.19 |   6.18 |   6.96 |   3.85 |I I 
21:10-Thu-May-18-2017 PM10  |  16.72 |  12.14 |  14.21 |   5.03 |I I 
21:10-Thu-May-18-2017 PM2.5 |   6.18 |   6.18 |   6.96 |   3.85 |I I 
21:14-Thu-May-18-2017 PM10  |   9.13 |  11.54 |  14.21 |   5.03 |I I 
21:14-Thu-May-18-2017 PM2.5 |   6.30 |   6.20 |   6.96 |   3.85 |I I 
21:15-Thu-May-18-2017 PM10  |   9.73 |  11.24 |  14.21 |   5.03 |I I 
21:15-Thu-May-18-2017 PM2.5 |   5.86 |   6.14 |   6.96 |   3.85 |I I 
21:19-Thu-May-18-2017 PM10  |   9.16 |  10.94 |  14.21 |   5.03 |I I 
21:19-Thu-May-18-2017 PM2.5 |   6.04 |   6.13 |   6.96 |   3.85 |I I 
21:20-Thu-May-18-2017 PM10  |   9.06 |  10.70 |  14.21 |   5.03 |I I 
21:20-Thu-May-18-2017 PM2.5 |   5.98 |   6.11 |   6.96 |   3.85 |I I 
21:24-Thu-May-18-2017 PM10  |   9.62 |  10.58 |  14.21 |   5.03 |I I 
21:24-Thu-May-18-2017 PM2.5 |   5.98 |   6.10 |   6.96 |   3.85 |I I 
21:25-Thu-May-18-2017 PM10  |  10.86 |  10.61 |  14.21 |   5.03 |I I 
21:25-Thu-May-18-2017 PM2.5 |   5.53 |   6.04 |   6.96 |   3.85 |I I 
21:29-Thu-May-18-2017 PM10  |   7.40 |  10.32 |  14.21 |   5.03 |I I 
21:29-Thu-May-18-2017 PM2.5 |   5.85 |   6.02 |   6.96 |   3.85 |I I 
21:30-Thu-May-18-2017 PM10  |   9.55 |  10.25 |  14.21 |   5.03 |I I 
21:30-Thu-May-18-2017 PM2.5 |   6.07 |   6.03 |   6.96 |   3.85 |I I 
21:34-Thu-May-18-2017 PM10  |   7.82 |  10.07 |  14.21 |   5.03 |I I 
21:34-Thu-May-18-2017 PM2.5 |   5.67 |   6.00 |   6.96 |   3.85 |I I 
21:35-Thu-May-18-2017 PM10  |   8.85 |   9.98 |  14.21 |   5.03 |I I 
21:35-Thu-May-18-2017 PM2.5 |   6.02 |   6.00 |   6.96 |   3.85 |I I 
21:38-Thu-May-18-2017 PM10  |   9.49 |   9.95 |  14.21 |   5.03 |I I 
21:38-Thu-May-18-2017 PM2.5 |   5.82 |   5.99 |   6.96 |   3.85 |I I 
21:39-Thu-May-18-2017 PM10  |  10.27 |   9.97 |  14.21 |   5.03 |I I 
21:39-Thu-May-18-2017 PM2.5 |   5.75 |   5.97 |   6.96 |   3.85 |I I 
21:43-Thu-May-18-2017 PM10  |   9.50 |   9.94 |  14.21 |   5.03 |I I 
21:43-Thu-May-18-2017 PM2.5 |   6.19 |   5.99 |   6.96 |   3.85 |I I 
21:44-Thu-May-18-2017 PM10  |  13.69 |  10.15 |  14.21 |   5.03 |I I 
21:44-Thu-May-18-2017 PM2.5 |   6.50 |   6.02 |   6.96 |   3.85 |I I 
21:48-Thu-May-18-2017 PM10  |  12.29 |  10.26 |  14.21 |   5.03 |I I 
21:48-Thu-May-18-2017 PM2.5 |   6.83 |   6.06 |   6.96 |   3.85 |I I 
21:49-Thu-May-18-2017 PM10  |  12.25 |  10.36 |  14.21 |   5.03 |I I 
21:49-Thu-May-18-2017 PM2.5 |   6.87 |   6.10 |   6.96 |   3.85 |I I 
21:53-Thu-May-18-2017 PM10  |   9.23 |  10.31 |  14.21 |   5.03 |I I 
21:53-Thu-May-18-2017 PM2.5 |   6.65 |   6.13 |   6.96 |   3.85 |I I 
21:54-Thu-May-18-2017 PM10  |  11.01 |  10.34 |  14.21 |   5.03 |I I 
21:54-Thu-May-18-2017 PM2.5 |   7.16 |   6.17 |   6.96 |   3.85 |I I 
21:58-Thu-May-18-2017 PM10  |  11.77 |  10.40 |  14.21 |   5.03 |I I 
21:58-Thu-May-18-2017 PM2.5 |   7.24 |   6.22 |   6.96 |   3.85 |I I 
21:59-Thu-May-18-2017 PM10  |   9.93 |  10.38 |  14.21 |   5.03 |I I 
21:59-Thu-May-18-2017 PM2.5 |   6.87 |   6.25 |   6.96 |   3.85 |I I 
22:03-Thu-May-18-2017 PM10  |  10.11 |  10.37 |  14.21 |   5.03 |I I 
22:03-Thu-May-18-2017 PM2.5 |   7.12 |   6.28 |   6.96 |   3.85 |I I 
22:04-Thu-May-18-2017 PM10  |  12.24 |  12.24 |  14.21 |   5.03 |I I 
22:04-Thu-May-18-2017 PM2.5 |   6.96 |   6.96 |   6.96 |   3.85 |I I 
22:08-Thu-May-18-2017 PM10  |  12.79 |  12.52 |  14.21 |   5.03 |I I 
22:08-Thu-May-18-2017 PM2.5 |   7.43 |   7.19 |   6.96 |   3.85 |I I 
22:09-Thu-May-18-2017 PM10  |  13.86 |  12.96 |  14.21 |   5.03 |I I 
22:09-Thu-May-18-2017 PM2.5 |   7.86 |   7.42 |   6.96 |   3.85 |I I 
22:13-Thu-May-18-2017 PM10  |  11.49 |  12.60 |  14.21 |   5.03 |I I 
22:13-Thu-May-18-2017 PM2.5 |   7.69 |   7.49 |   6.96 |   3.85 |I I 
22:14-Thu-May-18-2017 PM10  |  12.55 |  12.59 |  14.21 |   5.03 |I I 
22:14-Thu-May-18-2017 PM2.5 |   7.53 |   7.49 |   6.96 |   3.85 |I I 
22:18-Thu-May-18-2017 PM10  |  10.19 |  12.19 |  14.21 |   5.03 |I I 
22:18-Thu-May-18-2017 PM2.5 |   7.34 |   7.47 |   6.96 |   3.85 |I I 
22:19-Thu-May-18-2017 PM10  |  16.08 |  12.74 |  14.21 |   5.03 |I I 
22:19-Thu-May-18-2017 PM2.5 |   7.71 |   7.50 |   6.96 |   3.85 |I I 
22:23-Thu-May-18-2017 PM10  |  14.87 |  13.01 |  14.21 |   5.03 |I I 
22:23-Thu-May-18-2017 PM2.5 |   8.22 |   7.59 |   6.96 |   3.85 |I I 
22:24-Thu-May-18-2017 PM10  |  12.60 |  12.96 |  14.21 |   5.03 |I I 
22:24-Thu-May-18-2017 PM2.5 |   7.39 |   7.57 |   6.96 |   3.85 |I I 
22:28-Thu-May-18-2017 PM10  |  12.09 |  12.88 |  14.21 |   5.03 |I I 
22:28-Thu-May-18-2017 PM2.5 |   7.71 |   7.58 |   6.96 |   3.85 |I I 
22:29-Thu-May-18-2017 PM10  |  14.59 |  13.03 |  14.21 |   5.03 |I I 
22:29-Thu-May-18-2017 PM2.5 |   7.57 |   7.58 |   6.96 |   3.85 |I I 
22:33-Thu-May-18-2017 PM10  |  15.39 |  13.23 |  14.21 |   5.03 |I I 
22:33-Thu-May-18-2017 PM2.5 |   7.89 |   7.61 |   6.96 |   3.85 |I I 
22:34-Thu-May-18-2017 PM10  |  11.07 |  13.06 |  14.21 |   5.03 |I I 
22:34-Thu-May-18-2017 PM2.5 |   7.35 |   7.59 |   6.96 |   3.85 |I I 
22:38-Thu-May-18-2017 PM10  |  10.28 |  12.86 |  14.21 |   5.03 |I I 
22:38-Thu-May-18-2017 PM2.5 |   7.04 |   7.55 |   6.96 |   3.85 |I I 
22:39-Thu-May-18-2017 PM10  |  14.01 |  12.94 |  14.21 |   5.03 |I I 
22:39-Thu-May-18-2017 PM2.5 |   7.29 |   7.53 |   6.96 |   3.85 |I I 
22:43-Thu-May-18-2017 PM10  |  12.91 |  12.94 |  14.21 |   5.03 |I I 
22:43-Thu-May-18-2017 PM2.5 |   7.24 |   7.51 |   6.96 |   3.85 |I I 
22:44-Thu-May-18-2017 PM10  |  12.94 |  12.94 |  14.21 |   5.03 |I I 
22:44-Thu-May-18-2017 PM2.5 |   6.78 |   7.47 |   6.96 |   3.85 |I I 
22:48-Thu-May-18-2017 PM10  |  10.01 |  12.78 |  14.21 |   5.03 |I I 
22:48-Thu-May-18-2017 PM2.5 |   7.08 |   7.45 |   6.96 |   3.85 |I I 
22:49-Thu-May-18-2017 PM10  |  11.41 |  12.70 |  14.21 |   5.03 |I I 
22:49-Thu-May-18-2017 PM2.5 |   7.08 |   7.43 |   6.96 |   3.85 |I I 
22:53-Thu-May-18-2017 PM10  |  10.65 |  12.60 |  14.21 |   5.03 |I I 
22:53-Thu-May-18-2017 PM2.5 |   6.75 |   7.40 |   6.96 |   3.85 |I I 
22:55-Thu-May-18-2017 PM10  |  12.65 |  12.60 |  14.21 |   5.03 |B B 
22:55-Thu-May-18-2017 PM2.5 |   7.01 |   7.38 |   6.96 |   3.85 |B B 
22:59-Thu-May-18-2017recover dati per host :salvatorehost.no-ip.org/aria
22:59-Thu-May-18-2017recover dati per host :92.223.147.77/nodered
22:59-Thu-May-18-2017 PM10  |   9.82 |  12.48 |  14.21 |   5.03 |I I 
22:59-Thu-May-18-2017 PM2.5 |   6.98 |   7.36 |   6.96 |   3.85 |I I 
23:00-Thu-May-18-2017 PM10  |  17.21 |  12.68 |  14.21 |   5.03 |I I 
23:00-Thu-May-18-2017 PM2.5 |   7.24 |   7.35 |   7.35 |   3.85 |I I 
23:04-Thu-May-18-2017 PM10  |  14.71 |  14.71 |  14.21 |   5.03 |I I 
23:04-Thu-May-18-2017 PM2.5 |   7.17 |   7.17 |   7.35 |   3.85 |I I 
23:05-Thu-May-18-2017 PM10  |  12.58 |  13.64 |  14.21 |   5.03 |I I 
23:05-Thu-May-18-2017 PM2.5 |   6.93 |   7.05 |   7.35 |   3.85 |I I 
23:09-Thu-May-18-2017 PM10  |  10.26 |  12.52 |  14.21 |   5.03 |I B 
23:09-Thu-May-18-2017 PM2.5 |   7.14 |   7.08 |   7.35 |   3.85 |I B 
23:10-Thu-May-18-2017 PM10  |  12.95 |  12.62 |  14.21 |   5.03 |I B 
23:10-Thu-May-18-2017 PM2.5 |   7.21 |   7.11 |   7.35 |   3.85 |I B 
23:14-Thu-May-18-2017recover dati per host :92.223.147.77/nodered
23:14-Thu-May-18-2017 PM10  |  10.66 |  12.23 |  14.21 |   5.03 |I I 
23:14-Thu-May-18-2017 PM2.5 |   7.07 |   7.10 |   7.35 |   3.85 |I I 
23:15-Thu-May-18-2017 PM10  |  16.08 |  12.87 |  14.21 |   5.03 |I I 
23:15-Thu-May-18-2017 PM2.5 |   7.46 |   7.16 |   7.35 |   3.85 |I I 
23:19-Thu-May-18-2017 PM10  |  13.61 |  12.98 |  14.21 |   5.03 |I B 
23:19-Thu-May-18-2017 PM2.5 |   7.22 |   7.17 |   7.35 |   3.85 |I B 
23:23-Thu-May-18-2017recover dati per host :92.223.147.77/nodered
23:23-Thu-May-18-2017 PM10  |   8.78 |  12.45 |  14.21 |   5.03 |I I 
23:23-Thu-May-18-2017 PM2.5 |   6.90 |   7.14 |   7.35 |   3.85 |I I 
23:24-Thu-May-18-2017 PM10  |  12.81 |  12.49 |  14.21 |   5.03 |I I 
23:24-Thu-May-18-2017 PM2.5 |   7.22 |   7.15 |   7.35 |   3.85 |I I 
23:28-Thu-May-18-2017 PM10  |  10.73 |  12.32 |  14.21 |   5.03 |B B 
23:28-Thu-May-18-2017 PM2.5 |   7.08 |   7.14 |   7.35 |   3.85 |B B 
23:29-Thu-May-18-2017 PM10  |  10.67 |  12.17 |  14.21 |   5.03 |B B 
23:29-Thu-May-18-2017 PM2.5 |   7.08 |   7.13 |   7.35 |   3.85 |B B 
23:33-Thu-May-18-2017Timeout Event handler
23:33-Thu-May-18-2017 PM10  |   9.05 |  11.91 |  14.21 |   5.03 |B B 
23:33-Thu-May-18-2017 PM2.5 |   6.57 |   7.09 |   7.35 |   3.85 |B B 
23:34-Thu-May-18-2017recover dati per host :salvatorehost.no-ip.org/aria
23:34-Thu-May-18-2017recover dati per host :92.223.147.77/nodered
23:34-Thu-May-18-2017 PM10  |  10.03 |  11.76 |  14.21 |   5.03 |I I 
23:34-Thu-May-18-2017 PM2.5 |   6.85 |   7.07 |   7.35 |   3.85 |I I 
23:38-Thu-May-18-2017 PM10  |  11.47 |  11.74 |  14.21 |   5.03 |I I 
23:38-Thu-May-18-2017 PM2.5 |   6.90 |   7.06 |   7.35 |   3.85 |I I 
23:39-Thu-May-18-2017 PM10  |  13.40 |  11.85 |  14.21 |   5.03 |I I 
23:39-Thu-May-18-2017 PM2.5 |   7.53 |   7.09 |   7.35 |   3.85 |I I 
23:43-Thu-May-18-2017 PM10  |  10.72 |  11.78 |  14.21 |   5.03 |I I 
23:43-Thu-May-18-2017 PM2.5 |   6.97 |   7.08 |   7.35 |   3.85 |I I 
23:44-Thu-May-18-2017 PM10  |   9.40 |  11.64 |  14.21 |   5.03 |I I 
23:44-Thu-May-18-2017 PM2.5 |   7.11 |   7.08 |   7.35 |   3.85 |I I 
23:48-Thu-May-18-2017 PM10  |   9.17 |  11.50 |  14.21 |   5.03 |I I 
23:48-Thu-May-18-2017 PM2.5 |   7.26 |   7.09 |   7.35 |   3.85 |I I 
23:50-Thu-May-18-2017 PM10  |   9.66 |  11.41 |  14.21 |   5.03 |I I 
23:50-Thu-May-18-2017 PM2.5 |   6.91 |   7.08 |   7.35 |   3.85 |I I 
23:54-Thu-May-18-2017 PM10  |  10.38 |  11.36 |  14.21 |   5.03 |I I 
23:54-Thu-May-18-2017 PM2.5 |   6.81 |   7.07 |   7.35 |   3.85 |I I 
23:55-Thu-May-18-2017 PM10  |  13.37 |  11.45 |  14.21 |   5.03 |I I 
23:55-Thu-May-18-2017 PM2.5 |   6.95 |   7.06 |   7.35 |   3.85 |I I 
23:59-Thu-May-18-2017 PM10  |  11.56 |  11.46 |  14.21 |   5.03 |I I 
23:59-Thu-May-18-2017 PM2.5 |   7.04 |   7.06 |   7.35 |   3.85 |I I 
00:00-Fri-May-19-2017 PM10  |  10.63 |  11.42 |  14.21 |   5.03 |I I 
