Nuovo File del Thu Feb  2 15:14:00 2017
16:07-Thu-Feb-02-2017PM10  | 0.00 | 0.00 | 0.00 | 0.00 | 0.00 |16:07-Thu-Feb-02-2017PM2.5 | 0.00 | 0.00 | 0.00 | 0.00 | 0.00 |16:08-Thu-Feb-02-2017PM10  | 0.00 | 0.00 | 0.00 | 0.00 | 0.00 |16:08-Thu-Feb-02-2017PM2.5 | 0.00 | 0.00 | 0.00 | 0.00 | 0.00 |16:09-Thu-Feb-02-2017PM10  | 10.89 | 32.68 | 10.89 | 0.00 | 0.00 |16:09-Thu-Feb-02-2017PM2.5 | 7.15 | 21.45 | 7.15 | 0.00 | 0.00 |16:10-Thu-Feb-02-2017PM10  | 11.25 | 437.14 | 11.25 | 0.00 | 0.00 |16:10-Thu-Feb-02-2017PM2.5 | 7.22 | 286.29 | 7.22 | 0.00 | 0.00 |16:34-Thu-Feb-02-2017PM10  | 0.00 | 0.00 | 0.00 | 0.00 | 0.00 |16:34-Thu-Feb-02-2017PM2.5 | 0.00 | 0.00 | 0.00 | 0.00 | 0.00 |16:35-Thu-Feb-02-2017PM10  | 0.00 | 0.00 | 0.00 | 0.00 | 0.00 |16:35-Thu-Feb-02-2017PM2.5 | 0.00 | 0.00 | 0.00 | 0.00 | 0.00 |16:36-Thu-Feb-02-2017PM10  | 11.38 | 3.79 | 11.38 | 0.00 | 0.00 |16:36-Thu-Feb-02-2017PM2.5 | 7.03 | 2.34 | 7.03 | 0.00 | 0.00 |16:37-Thu-Feb-02-2017PM10  | 10.23 | 5.40 | 11.38 | 0.00 | 0.00 |16:37-Thu-Feb-02-2017PM2.5 | 6.88 | 3.48 | 7.03 | 0.00 | 0.00 |16:58-Thu-Feb-02-2017PM10  | 0.00 | 0.00 | 0.00 | 0.00 | 0.00 |
16:58-Thu-Feb-02-2017PM2.5 | 0.00 | 0.00 | 0.00 | 0.00 | 0.00 |
16:59-Thu-Feb-02-2017PM10  | 11.88 | 5.94 | 11.88 | 0.00 | 0.00 |
16:59-Thu-Feb-02-2017PM2.5 | 6.97 | 3.48 | 6.97 | 0.00 | 0.00 |
17:00-Thu-Feb-02-2017PM10  | 10.58 | 7.49 | 11.88 | 0.00 | 0.00 |
17:00-Thu-Feb-02-2017PM2.5 | 6.93 | 4.63 | 6.97 | 0.00 | 0.00 |
17:01-Thu-Feb-02-2017PM10  | 10.01 | 8.12 | 11.88 | 0.00 | 0.00 |
17:01-Thu-Feb-02-2017PM2.5 | 6.77 | 5.17 | 6.97 | 0.00 | 0.00 |
17:02-Thu-Feb-02-2017PM10  | 10.86 | 8.67 | 11.88 | 0.00 | 0.00 |
17:02-Thu-Feb-02-2017PM2.5 | 6.60 | 5.45 | 6.97 | 0.00 | 0.00 |
17:03-Thu-Feb-02-2017PM10  | 11.22 | 9.09 | 11.88 | 0.00 | 0.00 |
17:03-Thu-Feb-02-2017PM2.5 | 7.10 | 5.73 | 7.10 | 0.00 | 0.00 |
17:04-Thu-Feb-02-2017PM10  | 11.22 | 9.39 | 11.88 | 0.00 | 0.00 |
17:04-Thu-Feb-02-2017PM2.5 | 7.10 | 5.93 | 7.10 | 0.00 | 0.00 |
17:05-Thu-Feb-02-2017PM10  | 9.46 | 9.40 | 11.88 | 0.00 | 0.00 |
17:05-Thu-Feb-02-2017PM2.5 | 6.57 | 6.01 | 7.10 | 0.00 | 0.00 |
17:17-Thu-Feb-02-2017PM10  | 10.89 | 10.89 | 10.89 | 10.89 | 0.00 |
17:17-Thu-Feb-02-2017PM2.5 | 6.64 | 6.64 | 6.64 | 6.64 | 0.00 |
17:18-Thu-Feb-02-2017PM10  | 11.16 | 11.02 | 11.16 | 10.89 | 0.00 |
17:18-Thu-Feb-02-2017PM2.5 | 6.92 | 6.78 | 6.92 | 6.64 | 0.00 |
17:19-Thu-Feb-02-2017PM10  | 9.90 | 10.65 | 11.16 | 9.90 | 0.00 |
17:19-Thu-Feb-02-2017PM2.5 | 6.76 | 6.77 | 6.92 | 6.64 | 0.00 |
17:20-Thu-Feb-02-2017PM10  | 11.24 | 10.80 | 11.24 | 9.90 | 0.00 |
17:20-Thu-Feb-02-2017PM2.5 | 7.08 | 6.85 | 7.08 | 6.64 | 0.00 |
17:21-Thu-Feb-02-2017PM10  | 10.26 | 10.69 | 11.24 | 9.90 | 0.00 |
17:21-Thu-Feb-02-2017PM2.5 | 6.70 | 6.82 | 7.08 | 6.64 | 0.00 |
17:22-Thu-Feb-02-2017PM10  | 10.26 | 10.62 | 11.24 | 9.90 | 0.00 |
17:22-Thu-Feb-02-2017PM2.5 | 6.70 | 6.80 | 7.08 | 6.64 | 0.00 |
17:23-Thu-Feb-02-2017PM10  | 10.22 | 10.56 | 11.24 | 9.90 | 0.00 |
17:23-Thu-Feb-02-2017PM2.5 | 7.00 | 6.83 | 7.08 | 6.64 | 0.00 |
17:24-Thu-Feb-02-2017PM10  | 11.14 | 10.63 | 11.24 | 9.90 | 0.00 |
17:24-Thu-Feb-02-2017PM2.5 | 6.80 | 6.83 | 7.08 | 6.64 | 0.00 |
17:25-Thu-Feb-02-2017PM10  | 10.38 | 10.61 | 11.24 | 9.90 | 0.00 |
17:25-Thu-Feb-02-2017PM2.5 | 6.99 | 6.84 | 7.08 | 6.64 | 0.00 |
17:26-Thu-Feb-02-2017PM10  | 10.38 | 10.58 | 11.24 | 9.90 | 0.00 |
17:26-Thu-Feb-02-2017PM2.5 | 6.99 | 6.86 | 7.08 | 6.64 | 0.00 |
17:27-Thu-Feb-02-2017PM10  | 9.39 | 10.47 | 11.24 | 9.39 | 0.00 |
17:27-Thu-Feb-02-2017PM2.5 | 6.83 | 6.86 | 7.08 | 6.64 | 0.00 |
17:28-Thu-Feb-02-2017PM10  | 9.93 | 10.43 | 11.24 | 9.39 | 0.00 |
17:28-Thu-Feb-02-2017PM2.5 | 7.06 | 6.87 | 7.08 | 6.64 | 0.00 |
17:29-Thu-Feb-02-2017PM10  | 9.93 | 10.39 | 11.24 | 9.39 | 0.00 |
17:29-Thu-Feb-02-2017PM2.5 | 7.06 | 6.89 | 7.08 | 6.64 | 0.00 |
17:30-Thu-Feb-02-2017PM10  | 10.22 | 10.38 | 11.24 | 9.39 | 0.00 |
17:30-Thu-Feb-02-2017PM2.5 | 6.59 | 6.87 | 7.08 | 6.59 | 0.00 |
19:50-Thu-Feb-02-2017PM10  | 17.05 | 17.05 | 17.05 | 17.05 | 0.00 |
19:50-Thu-Feb-02-2017PM2.5 | 8.73 | 8.73 | 8.73 | 8.73 | 0.00 |
19:51-Thu-Feb-02-2017PM10  | 17.75 | 17.40 | 17.75 | 17.05 | 0.00 |
19:51-Thu-Feb-02-2017PM2.5 | 8.69 | 8.71 | 8.73 | 8.69 | 0.00 |
19:52-Thu-Feb-02-2017PM10  | 19.32 | 18.04 | 19.32 | 17.05 | 0.00 |
19:52-Thu-Feb-02-2017PM2.5 | 9.22 | 8.88 | 9.22 | 8.69 | 0.00 |
19:53-Thu-Feb-02-2017PM10  | 19.79 | 18.48 | 19.79 | 17.05 | 0.00 |
19:53-Thu-Feb-02-2017PM2.5 | 9.41 | 9.01 | 9.41 | 8.69 | 0.00 |
19:54-Thu-Feb-02-2017PM10  | 19.65 | 18.71 | 19.79 | 17.05 | 0.00 |
19:54-Thu-Feb-02-2017PM2.5 | 9.38 | 9.09 | 9.41 | 8.69 | 0.00 |
19:55-Thu-Feb-02-2017PM10  | 19.65 | 18.87 | 19.79 | 17.05 | 0.00 |
19:55-Thu-Feb-02-2017PM2.5 | 9.38 | 9.14 | 9.41 | 8.69 | 0.00 |
19:56-Thu-Feb-02-2017PM10  | 17.09 | 18.61 | 19.79 | 17.05 | 0.00 |
19:56-Thu-Feb-02-2017PM2.5 | 9.17 | 9.14 | 9.41 | 8.69 | 0.00 |
19:57-Thu-Feb-02-2017PM10  | 17.31 | 18.45 | 19.79 | 17.05 | 0.00 |
19:57-Thu-Feb-02-2017PM2.5 | 8.91 | 9.11 | 9.41 | 8.69 | 0.00 |
19:58-Thu-Feb-02-2017PM10  | 17.78 | 18.38 | 19.79 | 17.05 | 0.00 |
19:58-Thu-Feb-02-2017PM2.5 | 8.76 | 9.07 | 9.41 | 8.69 | 0.00 |
19:59-Thu-Feb-02-2017PM10  | 17.78 | 18.32 | 19.79 | 17.05 | 0.00 |
19:59-Thu-Feb-02-2017PM2.5 | 8.76 | 9.04 | 9.41 | 8.69 | 0.00 |
20:04-Thu-Feb-02-2017PM10  |  20.47 |  20.47 |  20.47 |  20.47 |  0.00 |
20:04-Thu-Feb-02-2017PM2.5 |  8.86 |  8.86 |  8.86 |  8.86 |  0.00 |
20:05-Thu-Feb-02-2017PM10  |  18.35 |  19.41 |  20.47 |  18.35 |  0.00 |
20:05-Thu-Feb-02-2017PM2.5 |  9.08 |  8.97 |  9.08 |  8.86 |  0.00 |
20:06-Thu-Feb-02-2017PM10  |  17.38 |  18.73 |  20.47 |  17.38 |  0.00 |
20:06-Thu-Feb-02-2017PM2.5 |  8.64 |  8.86 |  9.08 |  8.64 |  0.00 |
20:07-Thu-Feb-02-2017PM10  |  19.13 |  18.83 |  20.47 |  17.38 |  0.00 |
20:07-Thu-Feb-02-2017PM2.5 |  8.70 |  8.82 |  9.08 |  8.64 |  0.00 |
20:08-Thu-Feb-02-2017PM10  |  18.51 |  18.77 |  20.47 |  17.38 |  0.00 |
20:08-Thu-Feb-02-2017PM2.5 |  8.98 |  8.85 |  9.08 |  8.64 |  0.00 |
20:09-Thu-Feb-02-2017PM10  |  18.51 |  18.73 |  20.47 |  17.38 |  0.00 |
20:09-Thu-Feb-02-2017PM2.5 |  8.98 |  8.87 |  9.08 |  8.64 |  0.00 |
20:10-Thu-Feb-02-2017PM10  |  18.45 |  18.69 |  20.47 |  17.38 |  0.00 |
20:10-Thu-Feb-02-2017PM2.5 |  8.93 |  8.88 |  9.08 |  8.64 |  0.00 |
20:11-Thu-Feb-02-2017PM10  |  21.33 |  19.02 |  21.33 |  17.38 |  0.00 |
20:11-Thu-Feb-02-2017PM2.5 |  8.91 |  8.89 |  9.08 |  8.64 |  0.00 |
20:12-Thu-Feb-02-2017PM10  |  18.27 |  18.93 |  21.33 |  17.38 |  0.00 |
20:12-Thu-Feb-02-2017PM2.5 |  9.05 |  8.90 |  9.08 |  8.64 |  0.00 |
20:13-Thu-Feb-02-2017PM10  |  18.27 |  18.87 |  21.33 |  17.38 |  0.00 |
20:13-Thu-Feb-02-2017PM2.5 |  9.05 |  8.92 |  9.08 |  8.64 |  0.00 |
20:14-Thu-Feb-02-2017PM10  |  19.22 |  18.90 |  21.33 |  17.38 |  0.00 |
20:14-Thu-Feb-02-2017PM2.5 |  9.11 |  8.94 |  9.11 |  8.64 |  0.00 |
20:15-Thu-Feb-02-2017PM10  |  20.63 |  19.04 |  21.33 |  17.38 |  0.00 |
20:15-Thu-Feb-02-2017PM2.5 |  9.10 |  8.95 |  9.11 |  8.64 |  0.00 |
20:16-Thu-Feb-02-2017PM10  |  20.63 |  19.16 |  21.33 |  17.38 |  0.00 |
20:16-Thu-Feb-02-2017PM2.5 |  9.10 |  8.96 |  9.11 |  8.64 |  0.00 |
20:17-Thu-Feb-02-2017PM10  |  17.76 |  19.06 |  21.33 |  17.38 |  0.00 |
20:17-Thu-Feb-02-2017PM2.5 |  8.35 |  8.92 |  9.11 |  8.35 |  0.00 |
20:18-Thu-Feb-02-2017PM10  |  17.84 |  18.98 |  21.33 |  17.38 |  0.00 |
20:18-Thu-Feb-02-2017PM2.5 |  8.09 |  8.86 |  9.11 |  8.09 |  0.00 |
20:19-Thu-Feb-02-2017PM10  |  19.82 |  19.04 |  21.33 |  17.38 |  0.00 |
20:19-Thu-Feb-02-2017PM2.5 |  9.10 |  8.88 |  9.11 |  8.09 |  0.00 |
20:20-Thu-Feb-02-2017PM10  |  20.48 |  19.12 |  21.33 |  17.38 |  0.00 |
20:20-Thu-Feb-02-2017PM2.5 |  8.99 |  8.88 |  9.11 |  8.09 |  0.00 |
20:21-Thu-Feb-02-2017PM10  |  17.26 |  19.02 |  21.33 |  17.26 |  0.00 |
20:21-Thu-Feb-02-2017PM2.5 |  8.65 |  8.87 |  9.11 |  8.09 |  0.00 |
20:22-Thu-Feb-02-2017PM10  |  17.26 |  18.92 |  21.33 |  17.26 |  0.00 |
20:22-Thu-Feb-02-2017PM2.5 |  8.65 |  8.86 |  9.11 |  8.09 |  0.00 |
20:23-Thu-Feb-02-2017PM10  |  19.48 |  18.95 |  21.33 |  17.26 |  0.00 |
20:23-Thu-Feb-02-2017PM2.5 |  8.93 |  8.86 |  9.11 |  8.09 |  0.00 |
20:24-Thu-Feb-02-2017PM10  |  18.53 |  18.93 |  21.33 |  17.26 |  0.00 |
20:24-Thu-Feb-02-2017PM2.5 |  9.25 |  8.88 |  9.25 |  8.09 |  0.00 |
20:25-Thu-Feb-02-2017PM10  |  18.53 |  18.91 |  21.33 |  17.26 |  0.00 |
20:25-Thu-Feb-02-2017PM2.5 |  9.25 |  8.90 |  9.25 |  8.09 |  0.00 |
20:26-Thu-Feb-02-2017PM10  |  18.99 |  18.92 |  21.33 |  17.26 |  0.00 |
20:26-Thu-Feb-02-2017PM2.5 |  8.80 |  8.89 |  9.25 |  8.09 |  0.00 |
20:27-Thu-Feb-02-2017PM10  |  21.75 |  19.04 |  21.75 |  17.26 |  0.00 |
20:27-Thu-Feb-02-2017PM2.5 |  9.30 |  8.91 |  9.30 |  8.09 |  0.00 |
20:28-Thu-Feb-02-2017PM10  |  19.16 |  19.04 |  21.75 |  17.26 |  0.00 |
20:28-Thu-Feb-02-2017PM2.5 |  9.32 |  8.93 |  9.32 |  8.09 |  0.00 |
20:29-Thu-Feb-02-2017PM10  |  19.16 |  19.04 |  21.75 |  17.26 |  0.00 |
20:29-Thu-Feb-02-2017PM2.5 |  9.32 |  8.94 |  9.32 |  8.09 |  0.00 |
20:30-Thu-Feb-02-2017PM10  |  25.69 |  19.29 |  25.69 |  17.26 |  0.00 |
20:30-Thu-Feb-02-2017PM2.5 |  9.63 |  8.97 |  9.63 |  8.09 |  0.00 |
20:31-Thu-Feb-02-2017PM10  |  19.80 |  19.31 |  25.69 |  17.26 |  0.00 |
20:31-Thu-Feb-02-2017PM2.5 |  8.95 |  8.97 |  9.63 |  8.09 |  0.00 |
20:32-Thu-Feb-02-2017PM10  |  17.30 |  19.24 |  25.69 |  17.26 |  0.00 |
20:32-Thu-Feb-02-2017PM2.5 |  8.88 |  8.96 |  9.63 |  8.09 |  0.00 |
20:33-Thu-Feb-02-2017PM10  |  18.39 |  19.21 |  25.69 |  17.26 |  0.00 |
20:33-Thu-Feb-02-2017PM2.5 |  9.31 |  8.98 |  9.63 |  8.09 |  0.00 |
20:34-Thu-Feb-02-2017PM10  |  17.19 |  19.15 |  25.69 |  17.19 |  0.00 |
20:34-Thu-Feb-02-2017PM2.5 |  8.84 |  8.97 |  9.63 |  8.09 |  0.00 |
20:35-Thu-Feb-02-2017PM10  |  17.19 |  19.09 |  25.69 |  17.19 |  0.00 |
20:35-Thu-Feb-02-2017PM2.5 |  8.84 |  8.97 |  9.63 |  8.09 |  0.00 |
20:36-Thu-Feb-02-2017PM10  |  19.04 |  19.08 |  25.69 |  17.19 |  0.00 |
20:36-Thu-Feb-02-2017PM2.5 |  8.94 |  8.97 |  9.63 |  8.09 |  0.00 |
20:37-Thu-Feb-02-2017PM10  |  19.04 |  19.08 |  25.69 |  17.19 |  0.00 |
20:37-Thu-Feb-02-2017PM2.5 |  8.94 |  8.97 |  9.63 |  8.09 |  0.00 |
20:38-Thu-Feb-02-2017PM10  |  20.85 |  19.13 |  25.69 |  17.19 |  0.00 |
20:38-Thu-Feb-02-2017PM2.5 |  8.43 |  8.95 |  9.63 |  8.09 |  0.00 |
20:39-Thu-Feb-02-2017PM10  |  20.50 |  19.17 |  25.69 |  17.19 |  0.00 |
20:39-Thu-Feb-02-2017PM2.5 |  9.01 |  8.95 |  9.63 |  8.09 |  0.00 |
20:40-Thu-Feb-02-2017PM10  |  15.65 |  19.08 |  25.69 |  15.65 |  0.00 |
20:40-Thu-Feb-02-2017PM2.5 |  8.55 |  8.94 |  9.63 |  8.09 |  0.00 |
20:41-Thu-Feb-02-2017PM10  |  15.75 |  18.99 |  25.69 |  15.65 |  0.00 |
20:41-Thu-Feb-02-2017PM2.5 |  8.79 |  8.94 |  9.63 |  8.09 |  0.00 |
20:42-Thu-Feb-02-2017PM10  |  15.75 |  18.91 |  25.69 |  15.65 |  0.00 |
20:42-Thu-Feb-02-2017PM2.5 |  8.79 |  8.93 |  9.63 |  8.09 |  0.00 |
20:43-Thu-Feb-02-2017PM10  |  17.58 |  18.87 |  25.69 |  15.65 |  0.00 |
20:43-Thu-Feb-02-2017PM2.5 |  8.72 |  8.93 |  9.63 |  8.09 |  0.00 |
20:44-Thu-Feb-02-2017PM10  |  18.17 |  18.86 |  25.69 |  15.65 |  0.00 |
20:44-Thu-Feb-02-2017PM2.5 |  8.85 |  8.93 |  9.63 |  8.09 |  0.00 |
20:45-Thu-Feb-02-2017PM10  |  18.52 |  18.85 |  25.69 |  15.65 |  0.00 |
20:45-Thu-Feb-02-2017PM2.5 |  9.02 |  8.93 |  9.63 |  8.09 |  0.00 |
20:46-Thu-Feb-02-2017PM10  |  16.66 |  18.80 |  25.69 |  15.65 |  0.00 |
20:46-Thu-Feb-02-2017PM2.5 |  8.89 |  8.93 |  9.63 |  8.09 |  0.00 |
20:47-Thu-Feb-02-2017PM10  |  16.70 |  18.75 |  25.69 |  15.65 |  0.00 |
20:47-Thu-Feb-02-2017PM2.5 |  8.93 |  8.93 |  9.63 |  8.09 |  0.00 |
20:48-Thu-Feb-02-2017PM10  |  16.70 |  18.70 |  25.69 |  15.65 |  0.00 |
20:48-Thu-Feb-02-2017PM2.5 |  8.93 |  8.93 |  9.63 |  8.09 |  0.00 |
21:06-Thu-Feb-02-2017 PM10  |  18.09 |  18.09 |  18.09 |  18.09 |  18.09 |  0.00 |
21:06-Thu-Feb-02-2017 PM2.5 |  7.67 |  7.67 |  7.67 |  7.67 |  7.67 |  0.00 |
21:07-Thu-Feb-02-2017 PM10  |  18.94 |  18.94 |  18.52 |  18.94 |  18.09 |  0.00 |
21:07-Thu-Feb-02-2017 PM2.5 |  8.00 |  8.00 |  7.83 |  8.00 |  7.67 |  0.00 |
21:08-Thu-Feb-02-2017 PM10  |  16.30 |  16.30 |  17.78 |  18.94 |  16.30 |  0.00 |
21:08-Thu-Feb-02-2017 PM2.5 |  7.90 |  7.90 |  7.86 |  8.00 |  7.67 |  0.00 |
21:09-Thu-Feb-02-2017 PM10  |  17.28 |  17.28 |  17.66 |  18.94 |  16.30 |  0.00 |
21:09-Thu-Feb-02-2017 PM2.5 |  8.33 |  8.33 |  7.97 |  8.33 |  7.67 |  0.00 |
21:10-Thu-Feb-02-2017 PM10  |  16.20 |  16.20 |  17.36 |  18.94 |  16.20 |  0.00 |
21:10-Thu-Feb-02-2017 PM2.5 |  8.25 |  8.25 |  8.03 |  8.33 |  7.67 |  0.00 |
21:11-Thu-Feb-02-2017 PM10  |  16.20 |  16.20 |  17.17 |  18.94 |  16.20 |  0.00 |
21:11-Thu-Feb-02-2017 PM2.5 |  8.25 |  8.25 |  8.06 |  8.33 |  7.67 |  0.00 |
21:12-Thu-Feb-02-2017 PM10  |  16.41 |  16.41 |  17.06 |  18.94 |  16.20 |  0.00 |
21:12-Thu-Feb-02-2017 PM2.5 |  8.00 |  8.00 |  8.06 |  8.33 |  7.67 |  0.00 |
21:13-Thu-Feb-02-2017 PM10  |  14.42 |  14.42 |  16.73 |  18.94 |  14.42 |  0.00 |
21:13-Thu-Feb-02-2017 PM2.5 |  7.76 |  7.76 |  8.02 |  8.33 |  7.67 |  0.00 |
21:14-Thu-Feb-02-2017 PM10  |  16.37 |  16.37 |  16.69 |  18.94 |  14.42 |  0.00 |
21:14-Thu-Feb-02-2017 PM2.5 |  8.15 |  8.15 |  8.03 |  8.33 |  7.67 |  0.00 |
21:15-Thu-Feb-02-2017 PM10  |  16.37 |  16.37 |  16.66 |  18.94 |  14.42 |  0.00 |
21:15-Thu-Feb-02-2017 PM2.5 |  8.15 |  8.15 |  8.05 |  8.33 |  7.67 |  0.00 |
21:16-Thu-Feb-02-2017 PM10  |  14.65 |  14.65 |  16.48 |  18.94 |  14.42 |  0.00 |
21:16-Thu-Feb-02-2017 PM2.5 |  7.67 |  7.67 |  8.01 |  8.33 |  7.67 |  0.00 |
21:17-Thu-Feb-02-2017 PM10  |  15.85 |  15.85 |  16.42 |  18.94 |  14.42 |  0.00 |
21:17-Thu-Feb-02-2017 PM2.5 |  7.82 |  7.82 |  7.99 |  8.33 |  7.67 |  0.00 |
21:22-Thu-Feb-02-2017 PM10  |  16.08 |  16.08 |  16.08 |  16.08 |  16.08 |   0.00 |
21:22-Thu-Feb-02-2017 PM2.5 |   7.57 |   7.57 |   7.57 |   7.57 |   7.57 |   0.00 |
21:23-Thu-Feb-02-2017 PM10  |  17.04 |  17.04 |  16.56 |  17.04 |  16.08 |   0.00 |
21:23-Thu-Feb-02-2017 PM2.5 |   7.94 |   7.94 |   7.75 |   7.94 |   7.57 |   0.00 |
21:24-Thu-Feb-02-2017 PM10  |  14.49 |  14.49 |  15.87 |  17.04 |  14.49 |   0.00 |
21:24-Thu-Feb-02-2017 PM2.5 |   8.17 |   8.17 |   7.89 |   8.17 |   7.57 |   0.00 |
21:25-Thu-Feb-02-2017 PM10  |  18.37 |  18.37 |  16.49 |  18.37 |  14.49 |   0.00 |
21:25-Thu-Feb-02-2017 PM2.5 |   7.89 |   7.89 |   7.89 |   8.17 |   7.57 |   0.00 |
21:26-Thu-Feb-02-2017 PM10  |  16.36 |  16.36 |  16.47 |  18.37 |  14.49 |   0.00 |
21:26-Thu-Feb-02-2017 PM2.5 |   7.87 |   7.87 |   7.89 |   8.17 |   7.57 |   0.00 |
21:27-Thu-Feb-02-2017 PM10  |  16.36 |  16.36 |  16.45 |  18.37 |  14.49 |   0.00 |
21:27-Thu-Feb-02-2017 PM2.5 |   7.87 |   7.87 |   7.88 |   8.17 |   7.57 |   0.00 |
21:28-Thu-Feb-02-2017 PM10  |  16.66 |  16.66 |  16.48 |  18.37 |  14.49 |   0.00 |
21:28-Thu-Feb-02-2017 PM2.5 |   8.02 |   8.02 |   7.90 |   8.17 |   7.57 |   0.00 |
21:29-Thu-Feb-02-2017 PM10  |  15.70 |  15.70 |  16.38 |  18.37 |  14.49 |   0.00 |
21:29-Thu-Feb-02-2017 PM2.5 |   7.49 |   7.49 |   7.85 |   8.17 |   7.49 |   0.00 |
21:30-Thu-Feb-02-2017 PM10  |  20.52 |  20.52 |  16.84 |  20.52 |  14.49 |   0.00 |
21:30-Thu-Feb-02-2017 PM2.5 |   7.78 |   7.78 |   7.84 |   8.17 |   7.49 |   0.00 |
21:31-Thu-Feb-02-2017 PM10  |  20.52 |  20.52 |  17.21 |  20.52 |  14.49 |   0.00 |
21:31-Thu-Feb-02-2017 PM2.5 |   7.78 |   7.78 |   7.84 |   8.17 |   7.49 |   0.00 |
21:32-Thu-Feb-02-2017 PM10  |  14.08 |  14.08 |  16.92 |  20.52 |  14.08 |   0.00 |
21:32-Thu-Feb-02-2017 PM2.5 |   7.65 |   7.65 |   7.82 |   8.17 |   7.49 |   0.00 |
21:33-Thu-Feb-02-2017 PM10  |  17.20 |  17.20 |  16.95 |  20.52 |  14.08 |   0.00 |
21:33-Thu-Feb-02-2017 PM2.5 |   8.12 |   8.12 |   7.84 |   8.17 |   7.49 |   0.00 |
21:34-Thu-Feb-02-2017 PM10  |  17.20 |  17.20 |  16.97 |  20.52 |  14.08 |   0.00 |
21:34-Thu-Feb-02-2017 PM2.5 |   8.12 |   8.12 |   7.87 |   8.17 |   7.49 |   0.00 |
21:35-Thu-Feb-02-2017 PM10  |  17.75 |  17.75 |  17.02 |  20.52 |  14.08 |   0.00 |
21:35-Thu-Feb-02-2017 PM2.5 |   7.78 |   7.78 |   7.86 |   8.17 |   7.49 |   0.00 |
21:36-Thu-Feb-02-2017 PM10  |  15.72 |  15.72 |  16.94 |  20.52 |  14.08 |   0.00 |
21:36-Thu-Feb-02-2017 PM2.5 |   7.63 |   7.63 |   7.84 |   8.17 |   7.49 |   0.00 |
21:37-Thu-Feb-02-2017 PM10  |  16.02 |  16.02 |  16.88 |  20.52 |  14.08 |   0.00 |
21:37-Thu-Feb-02-2017 PM2.5 |   7.87 |   7.87 |   7.85 |   8.17 |   7.49 |   0.00 |
21:38-Thu-Feb-02-2017 PM10  |  18.35 |  18.35 |  16.97 |  20.52 |  14.08 |   0.00 |
21:38-Thu-Feb-02-2017 PM2.5 |   8.02 |   8.02 |   7.86 |   8.17 |   7.49 |   0.00 |
21:39-Thu-Feb-02-2017 PM10  |  16.94 |  16.94 |  16.96 |  20.52 |  14.08 |   0.00 |
21:39-Thu-Feb-02-2017 PM2.5 |   8.05 |   8.05 |   7.87 |   8.17 |   7.49 |   0.00 |
21:40-Thu-Feb-02-2017 PM10  |  16.94 |  16.94 |  16.96 |  20.52 |  14.08 |   0.00 |
21:40-Thu-Feb-02-2017 PM2.5 |   8.05 |   8.05 |   7.88 |   8.17 |   7.49 |   0.00 |
21:43-Thu-Feb-02-2017 PM10  |  15.59 |  15.59 |  15.59 |  15.59 |   0.00 |
21:43-Thu-Feb-02-2017 PM2.5 |   7.53 |   7.53 |   7.53 |   7.53 |   0.00 |
21:44-Thu-Feb-02-2017 PM10  |  14.86 |  15.22 |  15.59 |  14.86 |   0.00 |
21:44-Thu-Feb-02-2017 PM2.5 |   7.57 |   7.55 |   7.57 |   7.53 |   0.00 |
21:45-Thu-Feb-02-2017 PM10  |  15.29 |  15.25 |  15.59 |  14.86 |   0.00 |
21:45-Thu-Feb-02-2017 PM2.5 |   7.43 |   7.51 |   7.57 |   7.43 |   0.00 |
21:46-Thu-Feb-02-2017 PM10  |  18.10 |  15.96 |  18.10 |  14.86 |   0.00 |
21:46-Thu-Feb-02-2017 PM2.5 |   7.58 |   7.53 |   7.58 |   7.43 |   0.00 |
21:47-Thu-Feb-02-2017 PM10  |  16.66 |  16.10 |  18.10 |  14.86 |   0.00 |
21:47-Thu-Feb-02-2017 PM2.5 |   7.86 |   7.59 |   7.86 |   7.43 |   0.00 |
21:48-Thu-Feb-02-2017 PM10  |  16.66 |  16.19 |  18.10 |  14.86 |   0.00 |
21:48-Thu-Feb-02-2017 PM2.5 |   7.86 |   7.64 |   7.86 |   7.43 |   0.00 |
21:49-Thu-Feb-02-2017 PM10  |  13.14 |  15.76 |  18.10 |  13.14 |   0.00 |
21:49-Thu-Feb-02-2017 PM2.5 |   7.60 |   7.63 |   7.86 |   7.43 |   0.00 |
21:50-Thu-Feb-02-2017 PM10  |  14.47 |  15.60 |  18.10 |  13.14 |   0.00 |
21:50-Thu-Feb-02-2017 PM2.5 |   7.38 |   7.60 |   7.86 |   7.38 |   0.00 |
21:51-Thu-Feb-02-2017 PM10  |  13.08 |  15.32 |  18.10 |  13.08 |   0.00 |
21:51-Thu-Feb-02-2017 PM2.5 |   7.17 |   7.55 |   7.86 |   7.17 |   0.00 |
21:52-Thu-Feb-02-2017 PM10  |  13.08 |  15.09 |  18.10 |  13.08 |   0.00 |
21:52-Thu-Feb-02-2017 PM2.5 |   7.17 |   7.51 |   7.86 |   7.17 |   0.00 |
21:53-Thu-Feb-02-2017 PM10  |  14.97 |  15.08 |  18.10 |  13.08 |   0.00 |
21:53-Thu-Feb-02-2017 PM2.5 |   7.59 |   7.52 |   7.86 |   7.17 |   0.00 |
21:54-Thu-Feb-02-2017 PM10  |  13.46 |  14.95 |  18.10 |  13.08 |   0.00 |
21:54-Thu-Feb-02-2017 PM2.5 |   7.52 |   7.52 |   7.86 |   7.17 |   0.00 |
21:55-Thu-Feb-02-2017 PM10  |  13.46 |  14.83 |  18.10 |  13.08 |   0.00 |
21:55-Thu-Feb-02-2017 PM2.5 |   7.52 |   7.52 |   7.86 |   7.17 |   0.00 |
21:56-Thu-Feb-02-2017 PM10  |  14.10 |  14.78 |  18.10 |  13.08 |   0.00 |
21:56-Thu-Feb-02-2017 PM2.5 |   7.14 |   7.49 |   7.86 |   7.14 |   0.00 |
21:57-Thu-Feb-02-2017 PM10  |  15.39 |  14.82 |  18.10 |  13.08 |   0.00 |
21:57-Thu-Feb-02-2017 PM2.5 |   7.56 |   7.50 |   7.86 |   7.14 |   0.00 |
21:58-Thu-Feb-02-2017 PM10  |  13.83 |  14.76 |  18.10 |  13.08 |   0.00 |
21:58-Thu-Feb-02-2017 PM2.5 |   7.52 |   7.50 |   7.86 |   7.14 |   0.00 |
21:59-Thu-Feb-02-2017 PM10  |  14.45 |  14.74 |  18.10 |  13.08 |   0.00 |
21:59-Thu-Feb-02-2017 PM2.5 |   7.52 |   7.50 |   7.86 |   7.14 |   0.00 |
22:00-Thu-Feb-02-2017 PM10  |  14.06 |  14.70 |  18.10 |  13.08 |   0.00 |
22:00-Thu-Feb-02-2017 PM2.5 |   7.33 |   7.49 |   7.86 |   7.14 |   0.00 |
22:01-Thu-Feb-02-2017 PM10  |  14.06 |  14.67 |  18.10 |  13.08 |   0.00 |
22:01-Thu-Feb-02-2017 PM2.5 |   7.33 |   7.48 |   7.86 |   7.14 |   0.00 |
22:02-Thu-Feb-02-2017 PM10  |  13.14 |  14.59 |  18.10 |  13.08 |   0.00 |
22:02-Thu-Feb-02-2017 PM2.5 |   7.07 |   7.46 |   7.86 |   7.07 |   0.00 |
22:03-Thu-Feb-02-2017 PM10  |  13.56 |  14.54 |  18.10 |  13.08 |   0.00 |
22:03-Thu-Feb-02-2017 PM2.5 |   7.11 |   7.44 |   7.86 |   7.07 |   0.00 |
22:04-Thu-Feb-02-2017 PM10  |  13.56 |  14.50 |  18.10 |  13.08 |   0.00 |
22:04-Thu-Feb-02-2017 PM2.5 |   7.11 |   7.43 |   7.86 |   7.07 |   0.00 |
22:05-Thu-Feb-02-2017 PM10  |  13.93 |  14.47 |  18.10 |  13.08 |   0.00 |
22:05-Thu-Feb-02-2017 PM2.5 |   6.96 |   7.41 |   7.86 |   6.96 |   0.00 |
22:06-Thu-Feb-02-2017 PM10  |  13.20 |  14.42 |  18.10 |  13.08 |   0.00 |
22:06-Thu-Feb-02-2017 PM2.5 |   7.29 |   7.40 |   7.86 |   6.96 |   0.00 |
22:07-Thu-Feb-02-2017 PM10  |  12.77 |  14.36 |  18.10 |  12.77 |   0.00 |
22:07-Thu-Feb-02-2017 PM2.5 |   7.14 |   7.39 |   7.86 |   6.96 |   0.00 |
22:08-Thu-Feb-02-2017 PM10  |  12.77 |  14.29 |  18.10 |  12.77 |   0.00 |
22:08-Thu-Feb-02-2017 PM2.5 |   7.14 |   7.38 |   7.86 |   6.96 |   0.00 |
22:09-Thu-Feb-02-2017 PM10  |  14.03 |  14.28 |  18.10 |  12.77 |   0.00 |
22:09-Thu-Feb-02-2017 PM2.5 |   7.23 |   7.38 |   7.86 |   6.96 |   0.00 |
22:10-Thu-Feb-02-2017 PM10  |  14.53 |  14.29 |  18.10 |  12.77 |   0.00 |
22:10-Thu-Feb-02-2017 PM2.5 |   7.43 |   7.38 |   7.86 |   6.96 |   0.00 |
22:11-Thu-Feb-02-2017 PM10  |  12.95 |  14.25 |  18.10 |  12.77 |   0.00 |
22:11-Thu-Feb-02-2017 PM2.5 |   7.33 |   7.38 |   7.86 |   6.96 |   0.00 |
22:12-Thu-Feb-02-2017 PM10  |  12.01 |  14.17 |  18.10 |  12.01 |   0.00 |
22:12-Thu-Feb-02-2017 PM2.5 |   7.32 |   7.38 |   7.86 |   6.96 |   0.00 |
22:13-Thu-Feb-02-2017 PM10  |  12.00 |  14.10 |  18.10 |  12.00 |   0.00 |
22:13-Thu-Feb-02-2017 PM2.5 |   7.08 |   7.37 |   7.86 |   6.96 |   0.00 |
22:14-Thu-Feb-02-2017 PM10  |  12.00 |  14.04 |  18.10 |  12.00 |   0.00 |
22:14-Thu-Feb-02-2017 PM2.5 |   7.08 |   7.36 |   7.86 |   6.96 |   0.00 |
22:15-Thu-Feb-02-2017 PM10  |  17.16 |  14.13 |  18.10 |  12.00 |   0.00 |
22:15-Thu-Feb-02-2017 PM2.5 |   7.29 |   7.36 |   7.86 |   6.96 |   0.00 |
22:16-Thu-Feb-02-2017 PM10  |  17.16 |  14.22 |  18.10 |  12.00 |   0.00 |
22:16-Thu-Feb-02-2017 PM2.5 |   7.29 |   7.35 |   7.86 |   6.96 |   0.00 |
22:17-Thu-Feb-02-2017 PM10  |  15.05 |  14.24 |  18.10 |  12.00 |   0.00 |
22:17-Thu-Feb-02-2017 PM2.5 |   7.23 |   7.35 |   7.86 |   6.96 |   0.00 |
22:18-Thu-Feb-02-2017 PM10  |  13.75 |  14.23 |  18.10 |  12.00 |   0.00 |
22:18-Thu-Feb-02-2017 PM2.5 |   7.66 |   7.36 |   7.86 |   6.96 |   0.00 |
22:22-Thu-Feb-02-2017 PM10  |  13.19 |  13.19 |  13.19 |  13.19 |   0.00 |
22:22-Thu-Feb-02-2017 PM2.5 |   7.12 |   7.12 |   7.12 |   7.12 |   0.00 |
22:23-Thu-Feb-02-2017 PM10  |  12.90 |  13.05 |  13.19 |  12.90 |   0.00 |
22:23-Thu-Feb-02-2017 PM2.5 |   6.77 |   6.95 |   7.12 |   6.77 |   0.00 |
22:27-Thu-Feb-02-2017 PM10  |  12.54 |  12.54 |  12.54 |  12.54 |   0.00 |
22:27-Thu-Feb-02-2017 PM2.5 |   6.87 |   6.87 |   6.87 |   6.87 |   0.00 |
22:28-Thu-Feb-02-2017 PM10  |  14.60 |  13.57 |  14.60 |  12.54 |   0.00 |
22:28-Thu-Feb-02-2017 PM2.5 |   7.00 |   6.93 |   7.00 |   6.87 |   0.00 |
22:29-Thu-Feb-02-2017 PM10  |  13.31 |  13.48 |  14.60 |  12.54 |   0.00 |
22:29-Thu-Feb-02-2017 PM2.5 |   7.21 |   7.03 |   7.21 |   6.87 |   0.00 |
22:30-Thu-Feb-02-2017 PM10  |  12.12 |  13.14 |  14.60 |  12.12 |   0.00 |
22:30-Thu-Feb-02-2017 PM2.5 |   6.86 |   6.99 |   7.21 |   6.86 |   0.00 |
22:31-Thu-Feb-02-2017 PM10  |  12.74 |  13.06 |  14.60 |  12.12 |   0.00 |
22:31-Thu-Feb-02-2017 PM2.5 |   6.90 |   6.97 |   7.21 |   6.86 |   0.00 |
22:32-Thu-Feb-02-2017 PM10  |  12.74 |  13.01 |  14.60 |  12.12 |   0.00 |
22:32-Thu-Feb-02-2017 PM2.5 |   6.90 |   6.96 |   7.21 |   6.86 |   0.00 |
22:33-Thu-Feb-02-2017 PM10  |  14.82 |  13.27 |  14.82 |  12.12 |   0.00 |
22:33-Thu-Feb-02-2017 PM2.5 |   7.20 |   6.99 |   7.21 |   6.86 |   0.00 |
22:34-Thu-Feb-02-2017 PM10  |  13.26 |  13.27 |  14.82 |  12.12 |   0.00 |
22:34-Thu-Feb-02-2017 PM2.5 |   7.02 |   7.00 |   7.21 |   6.86 |   0.00 |
22:35-Thu-Feb-02-2017 PM10  |  13.84 |  13.33 |  14.82 |  12.12 |   0.00 |
22:35-Thu-Feb-02-2017 PM2.5 |   7.12 |   7.01 |   7.21 |   6.86 |   0.00 |
22:36-Thu-Feb-02-2017 PM10  |  13.84 |  13.38 |  14.82 |  12.12 |   0.00 |
22:36-Thu-Feb-02-2017 PM2.5 |   7.12 |   7.02 |   7.21 |   6.86 |   0.00 |
22:37-Thu-Feb-02-2017 PM10  |  17.24 |  13.73 |  17.24 |  12.12 |   0.00 |
22:37-Thu-Feb-02-2017 PM2.5 |   7.37 |   7.05 |   7.37 |   6.86 |   0.00 |
22:38-Thu-Feb-02-2017 PM10  |  13.22 |  13.69 |  17.24 |  12.12 |   0.00 |
22:38-Thu-Feb-02-2017 PM2.5 |   6.87 |   7.04 |   7.37 |   6.86 |   0.00 |
22:39-Thu-Feb-02-2017 PM10  |  13.22 |  13.65 |  17.24 |  12.12 |   0.00 |
22:39-Thu-Feb-02-2017 PM2.5 |   6.87 |   7.02 |   7.37 |   6.86 |   0.00 |
22:40-Thu-Feb-02-2017 PM10  |  14.07 |  13.68 |  17.24 |  12.12 |   0.00 |
22:40-Thu-Feb-02-2017 PM2.5 |   7.20 |   7.04 |   7.37 |   6.86 |   0.00 |
22:41-Thu-Feb-02-2017 PM10  |  13.05 |  13.64 |  17.24 |  12.12 |   0.00 |
22:41-Thu-Feb-02-2017 PM2.5 |   7.11 |   7.04 |   7.37 |   6.86 |   0.00 |
22:42-Thu-Feb-02-2017 PM10  |  15.83 |  13.78 |  17.24 |  12.12 |   0.00 |
22:42-Thu-Feb-02-2017 PM2.5 |   7.05 |   7.04 |   7.37 |   6.86 |   0.00 |
22:43-Thu-Feb-02-2017 PM10  |  15.10 |  13.86 |  17.24 |  12.12 |   0.00 |
22:43-Thu-Feb-02-2017 PM2.5 |   6.90 |   7.03 |   7.37 |   6.86 |   0.00 |
22:44-Thu-Feb-02-2017 PM10  |  15.95 |  13.97 |  17.24 |  12.12 |   0.00 |
22:44-Thu-Feb-02-2017 PM2.5 |   7.11 |   7.04 |   7.37 |   6.86 |   0.00 |
22:45-Thu-Feb-02-2017 PM10  |  15.95 |  14.08 |  17.24 |  12.12 |   0.00 |
22:45-Thu-Feb-02-2017 PM2.5 |   7.11 |   7.04 |   7.37 |   6.86 |   0.00 |
22:46-Thu-Feb-02-2017 PM10  |  12.80 |  14.01 |  17.24 |  12.12 |   0.00 |
22:46-Thu-Feb-02-2017 PM2.5 |   7.25 |   7.05 |   7.37 |   6.86 |   0.00 |
22:47-Thu-Feb-02-2017 PM10  |  15.90 |  14.10 |  17.24 |  12.12 |   0.00 |
22:47-Thu-Feb-02-2017 PM2.5 |   7.56 |   7.08 |   7.56 |   6.86 |   0.00 |
22:48-Thu-Feb-02-2017 PM10  |  15.90 |  14.18 |  17.24 |  12.12 |   0.00 |
22:48-Thu-Feb-02-2017 PM2.5 |   7.56 |   7.10 |   7.56 |   6.86 |   0.00 |
22:49-Thu-Feb-02-2017 PM10  |  14.99 |  14.22 |  17.24 |  12.12 |   0.00 |
22:49-Thu-Feb-02-2017 PM2.5 |   7.51 |   7.12 |   7.56 |   6.86 |   0.00 |
22:50-Thu-Feb-02-2017 PM10  |  20.99 |  14.50 |  20.99 |  12.12 |   0.00 |
22:50-Thu-Feb-02-2017 PM2.5 |   7.37 |   7.13 |   7.56 |   6.86 |   0.00 |
22:51-Thu-Feb-02-2017 PM10  |  162.90|  20.44 |  162.90|  12.12 |   1.00 |
22:51-Thu-Feb-02-2017 PM2.5 |  11.13 |   7.29 |  11.13 |   6.86 |   1.00 |
22:52-Thu-Feb-02-2017 PM10  |  162.90|  25.92 |  162.90|  12.12 |   2.00 |
22:52-Thu-Feb-02-2017 PM2.5 |  11.13 |   7.43 |  11.13 |   6.86 |   2.00 |
22:53-Thu-Feb-02-2017 PM10  |  12.71 |  25.43 |  162.90|  12.12 |   2.00 |
22:53-Thu-Feb-02-2017 PM2.5 |   6.73 |   7.41 |  11.13 |   6.73 |   2.00 |
22:54-Thu-Feb-02-2017 PM10  |  14.52 |  25.04 |  162.90|  12.12 |   2.00 |
22:54-Thu-Feb-02-2017 PM2.5 |   7.28 |   7.40 |  11.13 |   6.73 |   2.00 |
22:55-Thu-Feb-02-2017 PM10  |  13.36 |  24.64 |  162.90|  12.12 |   2.00 |
22:55-Thu-Feb-02-2017 PM2.5 |   7.01 |   7.39 |  11.13 |   6.73 |   2.00 |
22:56-Thu-Feb-02-2017 PM10  |  12.42 |  24.23 |  162.90|  12.12 |   2.00 |
22:56-Thu-Feb-02-2017 PM2.5 |   6.79 |   7.37 |  11.13 |   6.73 |   2.00 |
22:57-Thu-Feb-02-2017 PM10  |  13.62 |  23.89 |  162.90|  12.12 |   2.00 |
22:57-Thu-Feb-02-2017 PM2.5 |   7.38 |   7.37 |  11.13 |   6.73 |   2.00 |
23:02-Thu-Feb-02-2017 PM10  |  13.78 |  13.78 |  13.78 |  13.78 |   0.00 |
23:02-Thu-Feb-02-2017 PM2.5 |   6.93 |   6.93 |   6.93 |   6.93 |   0.00 |
23:03-Thu-Feb-02-2017 PM10  |  13.56 |  13.67 |  13.78 |  13.56 |   0.00 |
23:03-Thu-Feb-02-2017 PM2.5 |   6.61 |   6.77 |   6.93 |   6.61 |   0.00 |
23:04-Thu-Feb-02-2017 PM10  |  14.11 |  13.82 |  14.11 |  13.56 |   0.00 |
23:04-Thu-Feb-02-2017 PM2.5 |   7.23 |   6.92 |   7.23 |   6.61 |   0.00 |
23:05-Thu-Feb-02-2017 PM10  |  14.81 |  14.07 |  14.81 |  13.56 |   0.00 |
23:05-Thu-Feb-02-2017 PM2.5 |   7.04 |   6.95 |   7.23 |   6.61 |   0.00 |
23:06-Thu-Feb-02-2017 PM10  |  14.32 |  14.12 |  14.81 |  13.56 |   0.00 |
23:06-Thu-Feb-02-2017 PM2.5 |   7.17 |   7.00 |   7.23 |   6.61 |   0.00 |
23:07-Thu-Feb-02-2017 PM10  |  14.32 |  14.15 |  14.81 |  13.56 |   0.00 |
23:07-Thu-Feb-02-2017 PM2.5 |   7.17 |   7.02 |   7.23 |   6.61 |   0.00 |
23:08-Thu-Feb-02-2017 PM10  |  14.77 |  14.24 |  14.81 |  13.56 |   0.00 |
23:08-Thu-Feb-02-2017 PM2.5 |   6.64 |   6.97 |   7.23 |   6.61 |   0.00 |
23:09-Thu-Feb-02-2017 PM10  |  14.53 |  14.27 |  14.81 |  13.56 |   0.00 |
23:09-Thu-Feb-02-2017 PM2.5 |   6.82 |   6.95 |   7.23 |   6.61 |   0.00 |
23:10-Thu-Feb-02-2017 PM10  |  13.65 |  14.21 |  14.81 |  13.56 |   0.00 |
23:10-Thu-Feb-02-2017 PM2.5 |   6.45 |   6.90 |   7.23 |   6.45 |   0.00 |
23:11-Thu-Feb-02-2017 PM10  |  13.65 |  14.15 |  14.81 |  13.56 |   0.00 |
23:11-Thu-Feb-02-2017 PM2.5 |   6.45 |   6.85 |   7.23 |   6.45 |   0.00 |
23:12-Thu-Feb-02-2017 PM10  |  13.57 |  14.10 |  14.81 |  13.56 |   0.00 |
23:12-Thu-Feb-02-2017 PM2.5 |   7.41 |   6.90 |   7.41 |   6.45 |   0.00 |
23:13-Thu-Feb-02-2017 PM10  |  13.20 |  14.02 |  14.81 |  13.20 |   0.00 |
23:13-Thu-Feb-02-2017 PM2.5 |   6.67 |   6.88 |   7.41 |   6.45 |   0.00 |
23:14-Thu-Feb-02-2017 PM10  |  13.20 |  13.96 |  14.81 |  13.20 |   0.00 |
23:14-Thu-Feb-02-2017 PM2.5 |   6.67 |   6.87 |   7.41 |   6.45 |   0.00 |
23:15-Thu-Feb-02-2017 PM10  |  11.39 |  13.78 |  14.81 |  11.39 |   0.00 |
23:15-Thu-Feb-02-2017 PM2.5 |   6.62 |   6.85 |   7.41 |   6.45 |   0.00 |
23:16-Thu-Feb-02-2017 PM10  |  15.46 |  13.89 |  15.46 |  11.39 |   0.00 |
23:16-Thu-Feb-02-2017 PM2.5 |   6.94 |   6.86 |   7.41 |   6.45 |   0.00 |
23:17-Thu-Feb-02-2017 PM10  |  12.34 |  13.79 |  15.46 |  11.39 |   0.00 |
23:17-Thu-Feb-02-2017 PM2.5 |   6.62 |   6.84 |   7.41 |   6.45 |   0.00 |
23:18-Thu-Feb-02-2017 PM10  |  13.81 |  13.79 |  15.46 |  11.39 |   0.00 |
23:18-Thu-Feb-02-2017 PM2.5 |   6.79 |   6.84 |   7.41 |   6.45 |   0.00 |
23:19-Thu-Feb-02-2017 PM10  |  13.51 |  13.78 |  15.46 |  11.39 |   0.00 |
23:19-Thu-Feb-02-2017 PM2.5 |   6.77 |   6.83 |   7.41 |   6.45 |   0.00 |
23:20-Thu-Feb-02-2017 PM10  |  13.51 |  13.76 |  15.46 |  11.39 |   0.00 |
23:20-Thu-Feb-02-2017 PM2.5 |   6.77 |   6.83 |   7.41 |   6.45 |   0.00 |
23:21-Thu-Feb-02-2017 PM10  |  12.20 |  13.68 |  15.46 |  11.39 |   0.00 |
23:21-Thu-Feb-02-2017 PM2.5 |   6.44 |   6.81 |   7.41 |   6.44 |   0.00 |
23:22-Thu-Feb-02-2017 PM10  |  12.50 |  13.63 |  15.46 |  11.39 |   0.00 |
23:22-Thu-Feb-02-2017 PM2.5 |   6.47 |   6.79 |   7.41 |   6.44 |   0.00 |
23:23-Thu-Feb-02-2017 PM10  |  12.50 |  13.58 |  15.46 |  11.39 |   0.00 |
23:23-Thu-Feb-02-2017 PM2.5 |   6.47 |   6.78 |   7.41 |   6.44 |   0.00 |
23:24-Thu-Feb-02-2017 PM10  |  13.04 |  13.55 |  15.46 |  11.39 |   0.00 |
23:24-Thu-Feb-02-2017 PM2.5 |   6.58 |   6.77 |   7.41 |   6.44 |   0.00 |
23:25-Thu-Feb-02-2017 PM10  |  13.81 |  13.56 |  15.46 |  11.39 |   0.00 |
23:25-Thu-Feb-02-2017 PM2.5 |   6.60 |   6.76 |   7.41 |   6.44 |   0.00 |
23:26-Thu-Feb-02-2017 PM10  |  10.16 |  13.43 |  15.46 |  10.16 |   0.00 |
23:26-Thu-Feb-02-2017 PM2.5 |   6.65 |   6.76 |   7.41 |   6.44 |   0.00 |
23:27-Thu-Feb-02-2017 PM10  |  10.16 |  13.30 |  15.46 |  10.16 |   0.00 |
23:27-Thu-Feb-02-2017 PM2.5 |   6.65 |   6.75 |   7.41 |   6.44 |   0.00 |
23:28-Thu-Feb-02-2017 PM10  |  11.51 |  13.24 |  15.46 |  10.16 |   0.00 |
23:28-Thu-Feb-02-2017 PM2.5 |   6.23 |   6.74 |   7.41 |   6.23 |   0.00 |
23:29-Thu-Feb-02-2017 PM10  |  11.61 |  13.18 |  15.46 |  10.16 |   0.00 |
23:29-Thu-Feb-02-2017 PM2.5 |   6.43 |   6.72 |   7.41 |   6.23 |   0.00 |
23:30-Thu-Feb-02-2017 PM10  |  11.12 |  13.11 |  15.46 |  10.16 |   0.00 |
23:30-Thu-Feb-02-2017 PM2.5 |   6.35 |   6.71 |   7.41 |   6.23 |   0.00 |
23:31-Thu-Feb-02-2017 PM10  |  13.01 |  13.10 |  15.46 |  10.16 |   0.00 |
23:31-Thu-Feb-02-2017 PM2.5 |   6.69 |   6.71 |   7.41 |   6.23 |   0.00 |
23:32-Thu-Feb-02-2017 PM10  |  11.80 |  13.06 |  15.46 |  10.16 |   0.00 |
23:32-Thu-Feb-02-2017 PM2.5 |   6.77 |   6.71 |   7.41 |   6.23 |   0.00 |
23:33-Thu-Feb-02-2017 PM10  |  11.80 |  13.02 |  15.46 |  10.16 |   0.00 |
23:33-Thu-Feb-02-2017 PM2.5 |   6.77 |   6.71 |   7.41 |   6.23 |   0.00 |
23:34-Thu-Feb-02-2017 PM10  |  14.49 |  13.07 |  15.46 |  10.16 |   0.00 |
23:34-Thu-Feb-02-2017 PM2.5 |   6.39 |   6.70 |   7.41 |   6.23 |   0.00 |
23:35-Thu-Feb-02-2017 PM10  |  14.49 |  13.11 |  15.46 |  10.16 |   0.00 |
23:35-Thu-Feb-02-2017 PM2.5 |   6.39 |   6.70 |   7.41 |   6.23 |   0.00 |
23:36-Thu-Feb-02-2017 PM10  |  13.42 |  13.12 |  15.46 |  10.16 |   0.00 |
23:36-Thu-Feb-02-2017 PM2.5 |   6.24 |   6.68 |   7.41 |   6.23 |   0.00 |
23:37-Thu-Feb-02-2017 PM10  |   9.55 |  13.02 |  15.46 |   9.55 |   0.00 |
23:37-Thu-Feb-02-2017 PM2.5 |   6.28 |   6.67 |   7.41 |   6.23 |   0.00 |
23:38-Thu-Feb-02-2017 PM10  |   9.88 |  12.93 |  15.46 |   9.55 |   0.00 |
23:38-Thu-Feb-02-2017 PM2.5 |   6.10 |   6.66 |   7.41 |   6.10 |   0.00 |
23:39-Thu-Feb-02-2017 PM10  |  10.52 |  12.87 |  15.46 |   9.55 |   0.00 |
23:39-Thu-Feb-02-2017 PM2.5 |   6.34 |   6.65 |   7.41 |   6.10 |   0.00 |
23:53-Thu-Feb-02-2017 PM10  |   9.54 |   9.54 |   9.54 |   9.54 |   0.00 |
23:53-Thu-Feb-02-2017 PM2.5 |   6.39 |   6.39 |   6.39 |   6.39 |   0.00 |
23:54-Thu-Feb-02-2017 PM10  |  10.43 |   9.98 |  10.43 |   9.54 |   0.00 |
23:54-Thu-Feb-02-2017 PM2.5 |   6.42 |   6.41 |   6.42 |   6.39 |   0.00 |
23:59-Thu-Feb-02-2017 PM10  |   9.17 |   9.17 |   9.17 |   9.17 |   0.00 |
23:59-Thu-Feb-02-2017 PM2.5 |   6.16 |   6.16 |   6.16 |   6.16 |   0.00 |
00:00-Fri-Feb-03-2017 PM10  |  10.58 |   9.88 |  10.58 |   9.17 |   0.00 |
00:00-Fri-Feb-03-2017 PM2.5 |   6.12 |   6.14 |   6.16 |   6.12 |   0.00 |
00:01-Fri-Feb-03-2017 PM10  |  12.71 |  10.82 |  12.71 |   9.17 |   0.00 |
00:01-Fri-Feb-03-2017 PM2.5 |   6.62 |   6.30 |   6.62 |   6.12 |   0.00 |
00:02-Fri-Feb-03-2017 PM10  |  12.39 |  11.21 |  12.71 |   9.17 |   0.00 |
00:02-Fri-Feb-03-2017 PM2.5 |   6.74 |   6.41 |   6.74 |   6.12 |   0.00 |
00:03-Fri-Feb-03-2017 PM10  |  11.95 |  11.36 |  12.71 |   9.17 |   0.00 |
00:03-Fri-Feb-03-2017 PM2.5 |   6.76 |   6.48 |   6.76 |   6.12 |   0.00 |
00:04-Fri-Feb-03-2017 PM10  |  11.95 |  11.46 |  12.71 |   9.17 |   0.00 |
00:04-Fri-Feb-03-2017 PM2.5 |   6.76 |   6.53 |   6.76 |   6.12 |   0.00 |
00:05-Fri-Feb-03-2017 PM10  |  15.80 |  12.08 |  15.80 |   9.17 |   0.00 |
00:05-Fri-Feb-03-2017 PM2.5 |   6.21 |   6.48 |   6.76 |   6.12 |   0.00 |
00:06-Fri-Feb-03-2017 PM10  |  13.07 |  12.20 |  15.80 |   9.17 |   0.00 |
00:06-Fri-Feb-03-2017 PM2.5 |   6.47 |   6.48 |   6.76 |   6.12 |   0.00 |
00:07-Fri-Feb-03-2017 PM10  |  13.82 |  12.38 |  15.80 |   9.17 |   0.00 |
