[Thu Feb  9 00:02:49 2017] Report del giorno Thursday February 09 2017 -- INVIATO a s.moretti@bertolottispa.it
00:02-Thu-Feb-09-2017 PM2.5 |   7.76 |   7.13 |   9.63 |   4.41 |I I 
00:03-Thu-Feb-09-2017 PM10  |  17.27 |  17.27 |   0.00 |  2000.00|I I 
00:03-Thu-Feb-09-2017 PM2.5 |   7.76 |   7.76 |   0.00 |  2000.00|I I 
00:04-Thu-Feb-09-2017 PM10  |  14.29 |  15.78 |   0.00 |  2000.00|I I 
00:04-Thu-Feb-09-2017 PM2.5 |   6.67 |   7.22 |   0.00 |  2000.00|I I 
00:08-Thu-Feb-09-2017 PM10  |  15.00 |  15.52 |   0.00 |  2000.00|I I 
00:08-Thu-Feb-09-2017 PM2.5 |   7.48 |   7.30 |   0.00 |  2000.00|I I 
00:09-Thu-Feb-09-2017 PM10  |  13.30 |  14.97 |   0.00 |  2000.00|I I 
00:09-Thu-Feb-09-2017 PM2.5 |   6.98 |   7.22 |   0.00 |  2000.00|I I 
00:13-Thu-Feb-09-2017 PM10  |  13.96 |  14.76 |   0.00 |  2000.00|I I 
00:13-Thu-Feb-09-2017 PM2.5 |   7.40 |   7.26 |   0.00 |  2000.00|I I 
00:14-Thu-Feb-09-2017 PM10  |  13.74 |  14.59 |   0.00 |  2000.00|I I 
00:14-Thu-Feb-09-2017 PM2.5 |   7.17 |   7.24 |   0.00 |  2000.00|I I 
00:18-Thu-Feb-09-2017 PM10  |  13.84 |  14.49 |   0.00 |  2000.00|I I 
00:18-Thu-Feb-09-2017 PM2.5 |   7.44 |   7.27 |   0.00 |  2000.00|I I 
00:19-Thu-Feb-09-2017 PM10  |  15.15 |  14.57 |   0.00 |  2000.00|I I 
00:19-Thu-Feb-09-2017 PM2.5 |   7.10 |   7.25 |   0.00 |  2000.00|I I 
00:23-Thu-Feb-09-2017 PM10  |  14.37 |  14.55 |   0.00 |  2000.00|I I 
00:23-Thu-Feb-09-2017 PM2.5 |   7.40 |   7.27 |   0.00 |  2000.00|I I 
00:24-Thu-Feb-09-2017 PM10  |  14.80 |  14.57 |   0.00 |  2000.00|I I 
00:24-Thu-Feb-09-2017 PM2.5 |   7.24 |   7.26 |   0.00 |  2000.00|I I 
00:28-Thu-Feb-09-2017 PM10  |  14.24 |  14.54 |   0.00 |  2000.00|I I 
00:28-Thu-Feb-09-2017 PM2.5 |   7.70 |   7.30 |   0.00 |  2000.00|I I 
00:29-Thu-Feb-09-2017 PM10  |  13.47 |  14.45 |   0.00 |  2000.00|I I 
00:29-Thu-Feb-09-2017 PM2.5 |   7.28 |   7.30 |   0.00 |  2000.00|I I 
00:30-Thu-Feb-09-2017 PM10  |  13.47 |  14.38 |   0.00 |  2000.00|I I 
00:30-Thu-Feb-09-2017 PM2.5 |   7.28 |   7.30 |   0.00 |  2000.00|I I 
00:35-Thu-Feb-09-2017 PM10  |  13.27 |  14.30 |   0.00 |  2000.00|I I 
00:35-Thu-Feb-09-2017 PM2.5 |   7.42 |   7.31 |   0.00 |  2000.00|I I 
00:36-Thu-Feb-09-2017 PM10  |  20.66 |  14.72 |   0.00 |  2000.00|I I 
00:36-Thu-Feb-09-2017 PM2.5 |   7.22 |   7.30 |   0.00 |  2000.00|I I 
00:40-Thu-Feb-09-2017 PM10  |  15.85 |  14.79 |   0.00 |  2000.00|I I 
00:40-Thu-Feb-09-2017 PM2.5 |   7.64 |   7.32 |   0.00 |  2000.00|I I 
00:41-Thu-Feb-09-2017 PM10  |  15.20 |  14.82 |   0.00 |  2000.00|I I 
00:41-Thu-Feb-09-2017 PM2.5 |   7.38 |   7.33 |   0.00 |  2000.00|I I 
00:45-Thu-Feb-09-2017 PM10  |  15.13 |  14.83 |   0.00 |  2000.00|I I 
00:45-Thu-Feb-09-2017 PM2.5 |   7.76 |   7.35 |   0.00 |  2000.00|I I 
00:46-Thu-Feb-09-2017 PM10  |  16.91 |  14.94 |   0.00 |  2000.00|I I 
00:46-Thu-Feb-09-2017 PM2.5 |   7.74 |   7.37 |   0.00 |  2000.00|I I 
00:50-Thu-Feb-09-2017 PM10  |  14.67 |  14.93 |   0.00 |  2000.00|I I 
00:50-Thu-Feb-09-2017 PM2.5 |   7.92 |   7.40 |   0.00 |  2000.00|I I 
00:51-Thu-Feb-09-2017 PM10  |  15.04 |  14.93 |   0.00 |  2000.00|I I 
00:51-Thu-Feb-09-2017 PM2.5 |   7.35 |   7.40 |   0.00 |  2000.00|I I 
00:55-Thu-Feb-09-2017 PM10  |  13.35 |  14.86 |   0.00 |  2000.00|I I 
00:55-Thu-Feb-09-2017 PM2.5 |   7.47 |   7.40 |   0.00 |  2000.00|I I 
00:56-Thu-Feb-09-2017 PM10  |  17.97 |  15.00 |   0.00 |  2000.00|I I 
00:56-Thu-Feb-09-2017 PM2.5 |   7.74 |   7.42 |   0.00 |  2000.00|I I 
00:57-Thu-Feb-09-2017 PM10  |  17.97 |  15.12 |   0.00 |  2000.00|I I 
00:57-Thu-Feb-09-2017 PM2.5 |   7.74 |   7.43 |   0.00 |  2000.00|I I 
01:01-Thu-Feb-09-2017 PM10  |  15.40 |  15.13 |  15.13 |  15.13 |I I 
01:01-Thu-Feb-09-2017 PM2.5 |   7.87 |   7.45 |   7.45 |   7.45 |I I 
01:02-Thu-Feb-09-2017 PM10  |  17.94 |  17.94 |  15.13 |  15.13 |I I 
01:02-Thu-Feb-09-2017 PM2.5 |   7.98 |   7.98 |   7.45 |   7.45 |I I 
01:06-Thu-Feb-09-2017 PM10  |  15.97 |  16.95 |  15.13 |  15.13 |I I 
01:06-Thu-Feb-09-2017 PM2.5 |   8.22 |   8.10 |   7.45 |   7.45 |I I 
01:07-Thu-Feb-09-2017 PM10  |  16.39 |  16.77 |  15.13 |  15.13 |I I 
01:07-Thu-Feb-09-2017 PM2.5 |   7.47 |   7.89 |   7.45 |   7.45 |I I 
01:11-Thu-Feb-09-2017 PM10  |  14.95 |  16.31 |  15.13 |  15.13 |I I 
01:11-Thu-Feb-09-2017 PM2.5 |   8.11 |   7.94 |   7.45 |   7.45 |I I 
01:12-Thu-Feb-09-2017 PM10  |  16.24 |  16.30 |  15.13 |  15.13 |I I 
01:12-Thu-Feb-09-2017 PM2.5 |   7.85 |   7.92 |   7.45 |   7.45 |I I 
01:16-Thu-Feb-09-2017 PM10  |  14.79 |  16.05 |  15.13 |  15.13 |I I 
01:16-Thu-Feb-09-2017 PM2.5 |   8.10 |   7.95 |   7.45 |   7.45 |I I 
01:17-Thu-Feb-09-2017 PM10  |  18.99 |  16.47 |  15.13 |  15.13 |I I 
01:17-Thu-Feb-09-2017 PM2.5 |   8.39 |   8.02 |   7.45 |   7.45 |I I 
01:21-Thu-Feb-09-2017 PM10  |  18.50 |  16.72 |  15.13 |  15.13 |I I 
01:21-Thu-Feb-09-2017 PM2.5 |   8.94 |   8.13 |   7.45 |   7.45 |I I 
01:22-Thu-Feb-09-2017 PM10  |  16.61 |  16.71 |  15.13 |  15.13 |I I 
01:22-Thu-Feb-09-2017 PM2.5 |   7.85 |   8.10 |   7.45 |   7.45 |I I 
01:23-Thu-Feb-09-2017 PM10  |  16.61 |  16.70 |  15.13 |  15.13 |I I 
01:23-Thu-Feb-09-2017 PM2.5 |   7.85 |   8.07 |   7.45 |   7.45 |I I 
01:26-Thu-Feb-09-2017 PM10  |  18.01 |  16.82 |  15.13 |  15.13 |I I 
01:26-Thu-Feb-09-2017 PM2.5 |   8.92 |   8.15 |   7.45 |   7.45 |I I 
01:27-Thu-Feb-09-2017 PM10  |  18.01 |  16.92 |  15.13 |  15.13 |I I 
01:27-Thu-Feb-09-2017 PM2.5 |   8.92 |   8.22 |   7.45 |   7.45 |I I 
01:28-Thu-Feb-09-2017 PM10  |  16.98 |  16.92 |  15.13 |  15.13 |I I 
01:28-Thu-Feb-09-2017 PM2.5 |   8.12 |   8.21 |   7.45 |   7.45 |I I 
01:32-Thu-Feb-09-2017 PM10  |  18.52 |  17.04 |  15.13 |  15.13 |I I 
01:32-Thu-Feb-09-2017 PM2.5 |   8.82 |   8.25 |   7.45 |   7.45 |I I 
01:33-Thu-Feb-09-2017 PM10  |  20.30 |  17.25 |  15.13 |  15.13 |I I 
01:33-Thu-Feb-09-2017 PM2.5 |   8.66 |   8.28 |   7.45 |   7.45 |I I 
01:37-Thu-Feb-09-2017 PM10  |  19.21 |  17.38 |  15.13 |  15.13 |I I 
01:37-Thu-Feb-09-2017 PM2.5 |   9.26 |   8.34 |   7.45 |   7.45 |I I 
01:38-Thu-Feb-09-2017 PM10  |  20.70 |  17.57 |  15.13 |  15.13 |I I 
01:38-Thu-Feb-09-2017 PM2.5 |   8.61 |   8.36 |   7.45 |   7.45 |I I 
01:42-Thu-Feb-09-2017 PM10  |  20.35 |  17.73 |  15.13 |  15.13 |I I 
01:42-Thu-Feb-09-2017 PM2.5 |   8.87 |   8.39 |   7.45 |   7.45 |I I 
01:43-Thu-Feb-09-2017 PM10  |  16.32 |  17.65 |  15.13 |  15.13 |I I 
01:43-Thu-Feb-09-2017 PM2.5 |   7.81 |   8.36 |   7.45 |   7.45 |I I 
01:47-Thu-Feb-09-2017 PM10  |  18.51 |  17.69 |  15.13 |  15.13 |I I 
01:47-Thu-Feb-09-2017 PM2.5 |   8.73 |   8.37 |   7.45 |   7.45 |I I 
01:48-Thu-Feb-09-2017 PM10  |  17.48 |  17.68 |  15.13 |  15.13 |I I 
01:48-Thu-Feb-09-2017 PM2.5 |   7.97 |   8.35 |   7.45 |   7.45 |I I 
01:52-Thu-Feb-09-2017 PM10  |  19.33 |  17.76 |  15.13 |  15.13 |I I 
01:52-Thu-Feb-09-2017 PM2.5 |   8.82 |   8.38 |   7.45 |   7.45 |I I 
01:53-Thu-Feb-09-2017 PM10  |  19.33 |  17.83 |  15.13 |  15.13 |I I 
01:53-Thu-Feb-09-2017 PM2.5 |   8.82 |   8.39 |   7.45 |   7.45 |I I 
01:54-Thu-Feb-09-2017 PM10  |  18.38 |  17.85 |  15.13 |  15.13 |I I 
01:54-Thu-Feb-09-2017 PM2.5 |   8.05 |   8.38 |   7.45 |   7.45 |I I 
01:58-Thu-Feb-09-2017 PM10  |  18.43 |  17.87 |  15.13 |  15.13 |I I 
01:58-Thu-Feb-09-2017 PM2.5 |   8.98 |   8.40 |   7.45 |   7.45 |I I 
01:59-Thu-Feb-09-2017 PM10  |  19.48 |  17.94 |  15.13 |  15.13 |I I 
01:59-Thu-Feb-09-2017 PM2.5 |   8.69 |   8.42 |   7.45 |   7.45 |I I 
02:03-Thu-Feb-09-2017 PM10  |  19.27 |  17.98 |  17.98 |  15.13 |I I 
02:03-Thu-Feb-09-2017 PM2.5 |   8.88 |   8.43 |   8.43 |   7.45 |I I 
02:04-Thu-Feb-09-2017 PM10  |  19.78 |  19.78 |  17.98 |  15.13 |I I 
02:04-Thu-Feb-09-2017 PM2.5 |   8.45 |   8.45 |   8.43 |   7.45 |I I 
02:08-Thu-Feb-09-2017 PM10  |  19.58 |  19.68 |  17.98 |  15.13 |I I 
02:08-Thu-Feb-09-2017 PM2.5 |   9.18 |   8.81 |   8.43 |   7.45 |I I 
02:09-Thu-Feb-09-2017 PM10  |  19.32 |  19.56 |  17.98 |  15.13 |I I 
02:09-Thu-Feb-09-2017 PM2.5 |   8.87 |   8.83 |   8.43 |   7.45 |I I 
02:13-Thu-Feb-09-2017 PM10  |  21.77 |  20.11 |  17.98 |  15.13 |I I 
02:13-Thu-Feb-09-2017 PM2.5 |   9.42 |   8.98 |   8.43 |   7.45 |I I 
02:14-Thu-Feb-09-2017 PM10  |  20.94 |  20.28 |  17.98 |  15.13 |I I 
02:14-Thu-Feb-09-2017 PM2.5 |   8.71 |   8.93 |   8.43 |   7.45 |I I 
02:18-Thu-Feb-09-2017 PM10  |  17.35 |  19.79 |  17.98 |  15.13 |I I 
02:18-Thu-Feb-09-2017 PM2.5 |   9.19 |   8.97 |   8.43 |   7.45 |I I 
02:19-Thu-Feb-09-2017 PM10  |  17.35 |  19.44 |  17.98 |  15.13 |I I 
02:19-Thu-Feb-09-2017 PM2.5 |   9.19 |   9.00 |   8.43 |   7.45 |I I 
02:20-Thu-Feb-09-2017 PM10  |  16.93 |  19.13 |  17.98 |  15.13 |I I 
02:20-Thu-Feb-09-2017 PM2.5 |   8.37 |   8.92 |   8.43 |   7.45 |I I 
02:24-Thu-Feb-09-2017 PM10  |  17.68 |  18.97 |  17.98 |  15.13 |I I 
02:24-Thu-Feb-09-2017 PM2.5 |   9.28 |   8.96 |   8.43 |   7.45 |I I 
02:25-Thu-Feb-09-2017 PM10  |  16.57 |  18.73 |  17.98 |  15.13 |I I 
02:25-Thu-Feb-09-2017 PM2.5 |   7.97 |   8.86 |   8.43 |   7.45 |I I 
02:29-Thu-Feb-09-2017 PM10  |  18.43 |  18.70 |  17.98 |  15.13 |I I 
02:29-Thu-Feb-09-2017 PM2.5 |   9.03 |   8.88 |   8.43 |   7.45 |I I 
02:30-Thu-Feb-09-2017 PM10  |  20.93 |  18.89 |  17.98 |  15.13 |I I 
02:30-Thu-Feb-09-2017 PM2.5 |   8.62 |   8.86 |   8.43 |   7.45 |I I 
02:34-Thu-Feb-09-2017 PM10  |  22.08 |  19.13 |  17.98 |  15.13 |I I 
02:34-Thu-Feb-09-2017 PM2.5 |   9.56 |   8.91 |   8.43 |   7.45 |I I 
02:35-Thu-Feb-09-2017 PM10  |  19.56 |  19.16 |  17.98 |  15.13 |I I 
02:35-Thu-Feb-09-2017 PM2.5 |   8.90 |   8.91 |   8.43 |   7.45 |I I 
02:39-Thu-Feb-09-2017 PM10  |  22.93 |  19.41 |  17.98 |  15.13 |I I 
02:39-Thu-Feb-09-2017 PM2.5 |   9.47 |   8.95 |   8.43 |   7.45 |I I 
02:40-Thu-Feb-09-2017 PM10  |  22.53 |  19.61 |  17.98 |  15.13 |I I 
02:40-Thu-Feb-09-2017 PM2.5 |   8.73 |   8.93 |   8.43 |   7.45 |I I 
02:44-Thu-Feb-09-2017 PM10  |  22.72 |  19.79 |  17.98 |  15.13 |I I 
02:44-Thu-Feb-09-2017 PM2.5 |   9.90 |   8.99 |   8.43 |   7.45 |I I 
02:45-Thu-Feb-09-2017 PM10  |  20.37 |  19.82 |  17.98 |  15.13 |I I 
02:45-Thu-Feb-09-2017 PM2.5 |   9.00 |   8.99 |   8.43 |   7.45 |I I 
02:46-Thu-Feb-09-2017 PM10  |  20.37 |  19.85 |  17.98 |  15.13 |I I 
02:46-Thu-Feb-09-2017 PM2.5 |   9.00 |   8.99 |   8.43 |   7.45 |I I 
02:50-Thu-Feb-09-2017 PM10  |  21.16 |  19.92 |  17.98 |  15.13 |I I 
02:50-Thu-Feb-09-2017 PM2.5 |   9.39 |   9.01 |   8.43 |   7.45 |I I 
02:51-Thu-Feb-09-2017 PM10  |  19.96 |  19.92 |  17.98 |  15.13 |I I 
02:51-Thu-Feb-09-2017 PM2.5 |   9.04 |   9.01 |   8.43 |   7.45 |I I 
02:55-Thu-Feb-09-2017 PM10  |  18.96 |  19.88 |  17.98 |  15.13 |I I 
02:55-Thu-Feb-09-2017 PM2.5 |   9.28 |   9.03 |   8.43 |   7.45 |I I 
02:56-Thu-Feb-09-2017 PM10  |  20.76 |  19.92 |  17.98 |  15.13 |I I 
02:56-Thu-Feb-09-2017 PM2.5 |   8.83 |   9.02 |   8.43 |   7.45 |I I 
03:00-Thu-Feb-09-2017 PM10  |  22.38 |  20.02 |  20.02 |  15.13 |I I 
03:00-Thu-Feb-09-2017 PM2.5 |   9.68 |   9.04 |   9.04 |   7.45 |I I 
03:01-Thu-Feb-09-2017 PM10  |  23.62 |  23.62 |  20.02 |  15.13 |I I 
03:01-Thu-Feb-09-2017 PM2.5 |   9.43 |   9.43 |   9.04 |   7.45 |I I 
03:05-Thu-Feb-09-2017 PM10  |  20.19 |  21.90 |  20.02 |  15.13 |I I 
03:05-Thu-Feb-09-2017 PM2.5 |  10.18 |   9.81 |   9.04 |   7.45 |I I 
03:06-Thu-Feb-09-2017 PM10  |  22.56 |  22.12 |  20.02 |  15.13 |I I 
03:06-Thu-Feb-09-2017 PM2.5 |   9.44 |   9.68 |   9.04 |   7.45 |I I 
03:10-Thu-Feb-09-2017 PM10  |  22.70 |  22.27 |  20.02 |  15.13 |I I 
03:10-Thu-Feb-09-2017 PM2.5 |  10.56 |   9.90 |   9.04 |   7.45 |I I 
03:11-Thu-Feb-09-2017 PM10  |  22.61 |  22.33 |  20.02 |  15.13 |I I 
03:11-Thu-Feb-09-2017 PM2.5 |   8.80 |   9.68 |   9.04 |   7.45 |I I 
03:12-Thu-Feb-09-2017 PM10  |  22.61 |  22.38 |  20.02 |  15.13 |I I 
03:12-Thu-Feb-09-2017 PM2.5 |   8.80 |   9.53 |   9.04 |   7.45 |I I 
03:16-Thu-Feb-09-2017 PM10  |  23.04 |  22.47 |  20.02 |  15.13 |I I 
03:16-Thu-Feb-09-2017 PM2.5 |   9.91 |   9.59 |   9.04 |   7.45 |I I 
03:17-Thu-Feb-09-2017 PM10  |  20.97 |  22.29 |  20.02 |  15.13 |I I 
03:17-Thu-Feb-09-2017 PM2.5 |   9.77 |   9.61 |   9.04 |   7.45 |I I 
03:21-Thu-Feb-09-2017 PM10  |  21.43 |  22.19 |  20.02 |  15.13 |I I 
03:21-Thu-Feb-09-2017 PM2.5 |  10.53 |   9.71 |   9.04 |   7.45 |I I 
03:22-Thu-Feb-09-2017 PM10  |  21.51 |  22.12 |  20.02 |  15.13 |I I 
03:22-Thu-Feb-09-2017 PM2.5 |   9.30 |   9.67 |   9.04 |   7.45 |I I 
03:26-Thu-Feb-09-2017 PM10  |  23.01 |  22.20 |  20.02 |  15.13 |I I 
03:26-Thu-Feb-09-2017 PM2.5 |  10.26 |   9.72 |   9.04 |   7.45 |I I 
03:27-Thu-Feb-09-2017 PM10  |  22.31 |  22.21 |  20.02 |  15.13 |I I 
03:27-Thu-Feb-09-2017 PM2.5 |  10.33 |   9.77 |   9.04 |   7.45 |I I 
03:31-Thu-Feb-09-2017 PM10  |  23.69 |  22.33 |  20.02 |  15.13 |I I 
03:31-Thu-Feb-09-2017 PM2.5 |  10.97 |   9.87 |   9.04 |   7.45 |I I 
03:33-Thu-Feb-09-2017 PM10  |  22.28 |  22.32 |  20.02 |  15.13 |I I 
03:33-Thu-Feb-09-2017 PM2.5 |   9.95 |   9.87 |   9.04 |   7.45 |I I 
03:37-Thu-Feb-09-2017 PM10  |  21.32 |  22.26 |  20.02 |  15.13 |I I 
03:37-Thu-Feb-09-2017 PM2.5 |  10.27 |   9.90 |   9.04 |   7.45 |I I 
03:38-Thu-Feb-09-2017 PM10  |  20.15 |  22.13 |  20.02 |  15.13 |I I 
03:38-Thu-Feb-09-2017 PM2.5 |   9.77 |   9.89 |   9.04 |   7.45 |I I 
03:39-Thu-Feb-09-2017 PM10  |  20.15 |  22.01 |  20.02 |  15.13 |I I 
03:39-Thu-Feb-09-2017 PM2.5 |   9.77 |   9.88 |   9.04 |   7.45 |I I 
03:43-Thu-Feb-09-2017 PM10  |  21.71 |  21.99 |  20.02 |  15.13 |I I 
03:43-Thu-Feb-09-2017 PM2.5 |  10.32 |   9.91 |   9.04 |   7.45 |I I 
03:44-Thu-Feb-09-2017 PM10  |  25.59 |  22.18 |  20.02 |  15.13 |I I 
03:44-Thu-Feb-09-2017 PM2.5 |  10.17 |   9.92 |   9.04 |   7.45 |I I 
03:48-Thu-Feb-09-2017 PM10  |  25.82 |  22.36 |  20.02 |  15.13 |I I 
03:48-Thu-Feb-09-2017 PM2.5 |  10.85 |   9.97 |   9.04 |   7.45 |I I 
03:49-Thu-Feb-09-2017 PM10  |  22.75 |  22.38 |  20.02 |  15.13 |I I 
03:49-Thu-Feb-09-2017 PM2.5 |  10.08 |   9.97 |   9.04 |   7.45 |I I 
03:53-Thu-Feb-09-2017 PM10  |  25.99 |  22.55 |  20.02 |  15.13 |I I 
03:53-Thu-Feb-09-2017 PM2.5 |  11.31 |  10.03 |   9.04 |   7.45 |I I 
03:54-Thu-Feb-09-2017 PM10  |  25.89 |  22.69 |  20.02 |  15.13 |I I 
03:54-Thu-Feb-09-2017 PM2.5 |   9.82 |  10.02 |   9.04 |   7.45 |I I 
03:58-Thu-Feb-09-2017 PM10  |  26.70 |  22.86 |  20.02 |  15.13 |I I 
03:58-Thu-Feb-09-2017 PM2.5 |  11.41 |  10.08 |   9.04 |   7.45 |I I 
03:59-Thu-Feb-09-2017 PM10  |  26.08 |  22.99 |  20.02 |  15.13 |I I 
03:59-Thu-Feb-09-2017 PM2.5 |  10.07 |  10.08 |   9.04 |   7.45 |I I 
04:03-Thu-Feb-09-2017 PM10  |  24.66 |  23.05 |  23.05 |  15.13 |I I 
04:03-Thu-Feb-09-2017 PM2.5 |  11.46 |  10.14 |  10.14 |   7.45 |I I 
04:04-Thu-Feb-09-2017 PM10  |  20.82 |  20.82 |  23.05 |  15.13 |I I 
04:04-Thu-Feb-09-2017 PM2.5 |   9.40 |   9.40 |  10.14 |   7.45 |I I 
04:08-Thu-Feb-09-2017 PM10  |  23.82 |  22.32 |  23.05 |  15.13 |I I 
04:08-Thu-Feb-09-2017 PM2.5 |  10.71 |  10.05 |  10.14 |   7.45 |I I 
04:09-Thu-Feb-09-2017 PM10  |  23.82 |  22.82 |  23.05 |  15.13 |I I 
04:09-Thu-Feb-09-2017 PM2.5 |  10.71 |  10.27 |  10.14 |   7.45 |I I 
04:10-Thu-Feb-09-2017 PM10  |  24.64 |  23.28 |  23.05 |  15.13 |I I 
04:10-Thu-Feb-09-2017 PM2.5 |   9.90 |  10.18 |  10.14 |   7.45 |I I 
04:14-Thu-Feb-09-2017 PM10  |  23.35 |  23.29 |  23.05 |  15.13 |I I 
04:14-Thu-Feb-09-2017 PM2.5 |  10.74 |  10.29 |  10.14 |   7.45 |I I 
04:15-Thu-Feb-09-2017 PM10  |  23.59 |  23.34 |  23.05 |  15.13 |I I 
04:15-Thu-Feb-09-2017 PM2.5 |  10.30 |  10.29 |  10.14 |   7.45 |I I 
04:19-Thu-Feb-09-2017 PM10  |  22.50 |  23.22 |  23.05 |  15.13 |I I 
04:19-Thu-Feb-09-2017 PM2.5 |  10.35 |  10.30 |  10.14 |   7.45 |I I 
04:20-Thu-Feb-09-2017 PM10  |  25.54 |  23.51 |  23.05 |  15.13 |I I 
04:20-Thu-Feb-09-2017 PM2.5 |  10.67 |  10.35 |  10.14 |   7.45 |I I 
04:24-Thu-Feb-09-2017 PM10  |  22.84 |  23.44 |  23.05 |  15.13 |I I 
04:24-Thu-Feb-09-2017 PM2.5 |  10.85 |  10.40 |  10.14 |   7.45 |I I 
04:25-Thu-Feb-09-2017 PM10  |  24.21 |  23.51 |  23.05 |  15.13 |I I 
04:25-Thu-Feb-09-2017 PM2.5 |  10.41 |  10.41 |  10.14 |   7.45 |I I 
04:29-Thu-Feb-09-2017 PM10  |  24.39 |  23.59 |  23.05 |  15.13 |I I 
04:29-Thu-Feb-09-2017 PM2.5 |  11.06 |  10.46 |  10.14 |   7.45 |I I 
04:30-Thu-Feb-09-2017 PM10  |  22.11 |  23.47 |  23.05 |  15.13 |I I 
04:30-Thu-Feb-09-2017 PM2.5 |  10.32 |  10.45 |  10.14 |   7.45 |I I 
04:34-Thu-Feb-09-2017 PM10  |  23.44 |  23.47 |  23.05 |  15.13 |I I 
04:34-Thu-Feb-09-2017 PM2.5 |  10.32 |  10.44 |  10.14 |   7.45 |I I 
04:35-Thu-Feb-09-2017 PM10  |  23.44 |  23.46 |  23.05 |  15.13 |I I 
04:35-Thu-Feb-09-2017 PM2.5 |  10.32 |  10.43 |  10.14 |   7.45 |I I 
04:36-Thu-Feb-09-2017 PM10  |  21.84 |  23.36 |  23.05 |  15.13 |I I 
04:36-Thu-Feb-09-2017 PM2.5 |  10.05 |  10.41 |  10.14 |   7.45 |I I 
04:40-Thu-Feb-09-2017 PM10  |  24.95 |  23.46 |  23.05 |  15.13 |I I 
04:40-Thu-Feb-09-2017 PM2.5 |  10.80 |  10.43 |  10.14 |   7.45 |I I 
04:41-Thu-Feb-09-2017 PM10  |  21.32 |  23.33 |  23.05 |  15.13 |I I 
04:41-Thu-Feb-09-2017 PM2.5 |   9.67 |  10.39 |  10.14 |   7.45 |I I 
04:45-Thu-Feb-09-2017 PM10  |  24.12 |  23.37 |  23.05 |  15.13 |I I 
04:45-Thu-Feb-09-2017 PM2.5 |  10.67 |  10.40 |  10.14 |   7.45 |I I 
04:46-Thu-Feb-09-2017 PM10  |  25.68 |  23.50 |  23.05 |  15.13 |I I 
04:46-Thu-Feb-09-2017 PM2.5 |  10.51 |  10.41 |  10.14 |   7.45 |I I 
04:50-Thu-Feb-09-2017 PM10  |  24.34 |  23.54 |  23.05 |  15.13 |I I 
04:50-Thu-Feb-09-2017 PM2.5 |  11.36 |  10.46 |  10.14 |   7.45 |I I 
04:51-Thu-Feb-09-2017 PM10  |  26.60 |  23.68 |  23.05 |  15.13 |I I 
04:51-Thu-Feb-09-2017 PM2.5 |  10.62 |  10.46 |  10.14 |   7.45 |I I 
04:55-Thu-Feb-09-2017 PM10  |  22.48 |  23.63 |  23.05 |  15.13 |I I 
04:55-Thu-Feb-09-2017 PM2.5 |  11.05 |  10.49 |  10.14 |   7.45 |I I 
04:56-Thu-Feb-09-2017 PM10  |  23.90 |  23.64 |  23.05 |  15.13 |I I 
04:56-Thu-Feb-09-2017 PM2.5 |   9.83 |  10.46 |  10.14 |   7.45 |I I 
05:00-Thu-Feb-09-2017 PM10  |  25.14 |  23.70 |  23.70 |  15.13 |I I 
05:00-Thu-Feb-09-2017 PM2.5 |  11.03 |  10.49 |  10.49 |   7.45 |I I 
05:01-Thu-Feb-09-2017 PM10  |  25.14 |  25.14 |  23.70 |  15.13 |I I 
05:01-Thu-Feb-09-2017 PM2.5 |  11.03 |  11.03 |  10.49 |   7.45 |I I 
05:02-Thu-Feb-09-2017 PM10  |  21.47 |  23.31 |  23.70 |  15.13 |I I 
05:02-Thu-Feb-09-2017 PM2.5 |  10.41 |  10.72 |  10.49 |   7.45 |I I 
05:06-Thu-Feb-09-2017 PM10  |  22.81 |  23.14 |  23.70 |  15.13 |I I 
05:06-Thu-Feb-09-2017 PM2.5 |  10.70 |  10.71 |  10.49 |   7.45 |I I 
05:07-Thu-Feb-09-2017 PM10  |  21.92 |  22.83 |  23.70 |  15.13 |I I 
05:07-Thu-Feb-09-2017 PM2.5 |  10.04 |  10.55 |  10.49 |   7.45 |I I 
05:11-Thu-Feb-09-2017 PM10  |  25.59 |  23.38 |  23.70 |  15.13 |I I 
05:11-Thu-Feb-09-2017 PM2.5 |  11.47 |  10.73 |  10.49 |   7.45 |I I 
05:12-Thu-Feb-09-2017 PM10  |  23.39 |  23.39 |  23.70 |  15.13 |I I 
05:12-Thu-Feb-09-2017 PM2.5 |  10.17 |  10.64 |  10.49 |   7.45 |I I 
05:16-Thu-Feb-09-2017 PM10  |  21.18 |  23.07 |  23.70 |  15.13 |I I 
05:16-Thu-Feb-09-2017 PM2.5 |  11.08 |  10.70 |  10.49 |   7.45 |I I 
05:17-Thu-Feb-09-2017 PM10  |  23.73 |  23.15 |  23.70 |  15.13 |I I 
05:17-Thu-Feb-09-2017 PM2.5 |  10.36 |  10.66 |  10.49 |   7.45 |I I 
05:21-Thu-Feb-09-2017 PM10  |  23.68 |  23.21 |  23.70 |  15.13 |I I 
05:21-Thu-Feb-09-2017 PM2.5 |  11.12 |  10.71 |  10.49 |   7.45 |I I 
05:22-Thu-Feb-09-2017 PM10  |  24.75 |  23.37 |  23.70 |  15.13 |I I 
05:22-Thu-Feb-09-2017 PM2.5 |  10.79 |  10.72 |  10.49 |   7.45 |I I 
05:26-Thu-Feb-09-2017 PM10  |  22.22 |  23.26 |  23.70 |  15.13 |I I 
05:26-Thu-Feb-09-2017 PM2.5 |  11.12 |  10.75 |  10.49 |   7.45 |I I 
05:27-Thu-Feb-09-2017 PM10  |  22.83 |  23.23 |  23.70 |  15.13 |I I 
05:27-Thu-Feb-09-2017 PM2.5 |  10.39 |  10.72 |  10.49 |   7.45 |I I 
05:28-Thu-Feb-09-2017 PM10  |  22.83 |  23.20 |  23.70 |  15.13 |I I 
05:28-Thu-Feb-09-2017 PM2.5 |  10.39 |  10.70 |  10.49 |   7.45 |I I 
05:32-Thu-Feb-09-2017 PM10  |  24.57 |  23.29 |  23.70 |  15.13 |I I 
05:32-Thu-Feb-09-2017 PM2.5 |  10.80 |  10.71 |  10.49 |   7.45 |I I 
05:33-Thu-Feb-09-2017 PM10  |  22.48 |  23.24 |  23.70 |  15.13 |I I 
05:33-Thu-Feb-09-2017 PM2.5 |  10.45 |  10.69 |  10.49 |   7.45 |I I 
05:37-Thu-Feb-09-2017 PM10  |  27.77 |  23.52 |  23.70 |  15.13 |I I 
05:37-Thu-Feb-09-2017 PM2.5 |  11.73 |  10.75 |  10.49 |   7.45 |I I 
05:38-Thu-Feb-09-2017 PM10  |  26.27 |  23.68 |  23.70 |  15.13 |I I 
05:38-Thu-Feb-09-2017 PM2.5 |  10.94 |  10.76 |  10.49 |   7.45 |I I 
05:42-Thu-Feb-09-2017 PM10  |  29.08 |  23.98 |  23.70 |  15.13 |I I 
05:42-Thu-Feb-09-2017 PM2.5 |  11.31 |  10.79 |  10.49 |   7.45 |I I 
05:43-Thu-Feb-09-2017 PM10  |  26.81 |  24.13 |  23.70 |  15.13 |I I 
05:43-Thu-Feb-09-2017 PM2.5 |  11.01 |  10.81 |  10.49 |   7.45 |I I 
05:47-Thu-Feb-09-2017 PM10  |  24.92 |  24.17 |  23.70 |  15.13 |I I 
05:47-Thu-Feb-09-2017 PM2.5 |  11.20 |  10.83 |  10.49 |   7.45 |I I 
05:48-Thu-Feb-09-2017 PM10  |  21.42 |  24.04 |  23.70 |  15.13 |I I 
05:48-Thu-Feb-09-2017 PM2.5 |   9.53 |  10.76 |  10.49 |   7.45 |I I 
05:52-Thu-Feb-09-2017 PM10  |  25.02 |  24.09 |  23.70 |  15.13 |I I 
05:52-Thu-Feb-09-2017 PM2.5 |  10.77 |  10.76 |  10.49 |   7.45 |I I 
05:53-Thu-Feb-09-2017 PM10  |  24.08 |  24.09 |  23.70 |  15.13 |I I 
05:53-Thu-Feb-09-2017 PM2.5 |  10.10 |  10.73 |  10.49 |   7.45 |I I 
05:54-Thu-Feb-09-2017 PM10  |  24.08 |  24.09 |  23.70 |  15.13 |I I 
05:54-Thu-Feb-09-2017 PM2.5 |  10.10 |  10.71 |  10.49 |   7.45 |I I 
05:58-Thu-Feb-09-2017 PM10  |  23.86 |  24.08 |  23.70 |  15.13 |I I 
05:58-Thu-Feb-09-2017 PM2.5 |  11.24 |  10.73 |  10.49 |   7.45 |I I 
05:59-Thu-Feb-09-2017 PM10  |  20.97 |  23.96 |  23.70 |  15.13 |I I 
05:59-Thu-Feb-09-2017 PM2.5 |   9.99 |  10.70 |  10.49 |   7.45 |I I 
06:03-Thu-Feb-09-2017 PM10  |  23.51 |  23.94 |  23.94 |  15.13 |I I 
06:03-Thu-Feb-09-2017 PM2.5 |  10.87 |  10.71 |  10.71 |   7.45 |I I 
06:04-Thu-Feb-09-2017 PM10  |  23.93 |  23.93 |  23.94 |  15.13 |I I 
06:04-Thu-Feb-09-2017 PM2.5 |   9.29 |   9.29 |  10.71 |   7.45 |I I 
06:08-Thu-Feb-09-2017 PM10  |  24.47 |  24.20 |  23.94 |  15.13 |I I 
06:08-Thu-Feb-09-2017 PM2.5 |  10.91 |  10.10 |  10.71 |   7.45 |I I 
06:09-Thu-Feb-09-2017 PM10  |  21.76 |  23.38 |  23.94 |  15.13 |I I 
06:09-Thu-Feb-09-2017 PM2.5 |   9.36 |   9.85 |  10.71 |   7.45 |I I 
06:13-Thu-Feb-09-2017 PM10  |  21.83 |  23.00 |  23.94 |  15.13 |I I 
06:13-Thu-Feb-09-2017 PM2.5 |  10.25 |   9.95 |  10.71 |   7.45 |I I 
06:14-Thu-Feb-09-2017 PM10  |  23.07 |  23.01 |  23.94 |  15.13 |I I 
06:14-Thu-Feb-09-2017 PM2.5 |  10.02 |   9.97 |  10.71 |   7.45 |I I 
06:18-Thu-Feb-09-2017 PM10  |  24.72 |  23.30 |  23.94 |  15.13 |I I 
06:18-Thu-Feb-09-2017 PM2.5 |  10.72 |  10.09 |  10.71 |   7.45 |I I 
06:19-Thu-Feb-09-2017 PM10  |  25.59 |  23.62 |  23.94 |  15.13 |I I 
06:19-Thu-Feb-09-2017 PM2.5 |  10.73 |  10.18 |  10.71 |   7.45 |I I 
06:20-Thu-Feb-09-2017 PM10  |  25.59 |  23.87 |  23.94 |  15.13 |I I 
06:20-Thu-Feb-09-2017 PM2.5 |  10.73 |  10.25 |  10.71 |   7.45 |I I 
06:23-Thu-Feb-09-2017 PM10  |  24.13 |  23.90 |  23.94 |  15.13 |I I 
06:23-Thu-Feb-09-2017 PM2.5 |  11.09 |  10.35 |  10.71 |   7.45 |I I 
06:24-Thu-Feb-09-2017 PM10  |  24.13 |  23.92 |  23.94 |  15.13 |I I 
06:24-Thu-Feb-09-2017 PM2.5 |  11.09 |  10.42 |  10.71 |   7.45 |I I 
06:25-Thu-Feb-09-2017 PM10  |  25.31 |  24.05 |  23.94 |  15.13 |I I 
06:25-Thu-Feb-09-2017 PM2.5 |   9.85 |  10.37 |  10.71 |   7.45 |I I 
06:29-Thu-Feb-09-2017 PM10  |  26.75 |  24.27 |  23.94 |  15.13 |I I 
06:29-Thu-Feb-09-2017 PM2.5 |  11.01 |  10.42 |  10.71 |   7.45 |I I 
06:30-Thu-Feb-09-2017 PM10  |  24.37 |  24.28 |  23.94 |  15.13 |I I 
06:30-Thu-Feb-09-2017 PM2.5 |  10.14 |  10.40 |  10.71 |   7.45 |I I 
06:34-Thu-Feb-09-2017 PM10  |  24.73 |  24.31 |  23.94 |  15.13 |I I 
06:34-Thu-Feb-09-2017 PM2.5 |  10.82 |  10.43 |  10.71 |   7.45 |I I 
06:36-Thu-Feb-09-2017 PM10  |  23.53 |  24.26 |  23.94 |  15.13 |I I 
06:36-Thu-Feb-09-2017 PM2.5 |  10.02 |  10.40 |  10.71 |   7.45 |I I 
06:40-Thu-Feb-09-2017 PM10  |  26.33 |  24.39 |  23.94 |  15.13 |I I 
06:40-Thu-Feb-09-2017 PM2.5 |  11.18 |  10.45 |  10.71 |   7.45 |I I 
06:41-Thu-Feb-09-2017 PM10  |  24.52 |  24.40 |  23.94 |  15.13 |I I 
06:41-Thu-Feb-09-2017 PM2.5 |  10.21 |  10.44 |  10.71 |   7.45 |I I 
06:45-Thu-Feb-09-2017 PM10  |  23.31 |  24.34 |  23.94 |  15.13 |I I 
06:45-Thu-Feb-09-2017 PM2.5 |  10.64 |  10.45 |  10.71 |   7.45 |I I 
06:46-Thu-Feb-09-2017 PM10  |  23.14 |  24.27 |  23.94 |  15.13 |I I 
06:46-Thu-Feb-09-2017 PM2.5 |  10.33 |  10.44 |  10.71 |   7.45 |I I 
06:50-Thu-Feb-09-2017 PM10  |  25.77 |  24.35 |  23.94 |  15.13 |I I 
06:50-Thu-Feb-09-2017 PM2.5 |  11.27 |  10.48 |  10.71 |   7.45 |I I 
06:51-Thu-Feb-09-2017 PM10  |  25.77 |  24.42 |  23.94 |  15.13 |I I 
06:51-Thu-Feb-09-2017 PM2.5 |  11.27 |  10.52 |  10.71 |   7.45 |I I 
06:52-Thu-Feb-09-2017 PM10  |  25.12 |  24.45 |  23.94 |  15.13 |I I 
06:52-Thu-Feb-09-2017 PM2.5 |  10.72 |  10.53 |  10.71 |   7.45 |I I 
06:56-Thu-Feb-09-2017 PM10  |  27.31 |  24.57 |  23.94 |  15.13 |I I 
06:56-Thu-Feb-09-2017 PM2.5 |  11.46 |  10.57 |  10.71 |   7.45 |I I 
06:57-Thu-Feb-09-2017 PM10  |  23.21 |  24.52 |  23.94 |  15.13 |I I 
06:57-Thu-Feb-09-2017 PM2.5 |  10.45 |  10.57 |  10.71 |   7.45 |I I 
07:01-Thu-Feb-09-2017 PM10  |  24.30 |  24.51 |  24.51 |  15.13 |I I 
07:01-Thu-Feb-09-2017 PM2.5 |  11.39 |  10.60 |  10.71 |   7.45 |I I 
07:02-Thu-Feb-09-2017 PM10  |  23.99 |  23.99 |  24.51 |  15.13 |I I 
07:02-Thu-Feb-09-2017 PM2.5 |  10.33 |  10.33 |  10.71 |   7.45 |I I 
07:06-Thu-Feb-09-2017 PM10  |  26.81 |  25.40 |  24.51 |  15.13 |I I 
07:06-Thu-Feb-09-2017 PM2.5 |  10.90 |  10.62 |  10.71 |   7.45 |I I 
07:07-Thu-Feb-09-2017 PM10  |  24.17 |  24.99 |  24.51 |  15.13 |I I 
07:07-Thu-Feb-09-2017 PM2.5 |  10.34 |  10.53 |  10.71 |   7.45 |I I 
07:11-Thu-Feb-09-2017 PM10  |  24.74 |  24.93 |  24.51 |  15.13 |I I 
07:11-Thu-Feb-09-2017 PM2.5 |  11.18 |  10.69 |  10.71 |   7.45 |I I 
07:12-Thu-Feb-09-2017 PM10  |  25.43 |  25.03 |  24.51 |  15.13 |I I 
07:12-Thu-Feb-09-2017 PM2.5 |   9.86 |  10.52 |  10.71 |   7.45 |I I 
07:16-Thu-Feb-09-2017 PM10  |  22.51 |  24.61 |  24.51 |  15.13 |I I 
07:16-Thu-Feb-09-2017 PM2.5 |  10.64 |  10.54 |  10.71 |   7.45 |I I 
07:17-Thu-Feb-09-2017 PM10  |  22.51 |  24.31 |  24.51 |  15.13 |I I 
07:17-Thu-Feb-09-2017 PM2.5 |  10.64 |  10.56 |  10.71 |   7.45 |I I 
07:18-Thu-Feb-09-2017 PM10  |  24.14 |  24.29 |  24.51 |  15.13 |I I 
07:18-Thu-Feb-09-2017 PM2.5 |  10.17 |  10.51 |  10.71 |   7.45 |I I 
07:22-Thu-Feb-09-2017 PM10  |  24.59 |  24.32 |  24.51 |  15.13 |I I 
07:22-Thu-Feb-09-2017 PM2.5 |  11.64 |  10.63 |  10.71 |   7.45 |I I 
07:23-Thu-Feb-09-2017 PM10  |  23.78 |  24.27 |  24.51 |  15.13 |I I 
07:23-Thu-Feb-09-2017 PM2.5 |  10.07 |  10.58 |  10.71 |   7.45 |I I 
07:27-Thu-Feb-09-2017 PM10  |  23.53 |  24.20 |  24.51 |  15.13 |I I 
07:27-Thu-Feb-09-2017 PM2.5 |  11.04 |  10.62 |  10.71 |   7.45 |I I 
07:28-Thu-Feb-09-2017 PM10  |  24.68 |  24.24 |  24.51 |  15.13 |I I 
07:28-Thu-Feb-09-2017 PM2.5 |  10.33 |  10.60 |  10.71 |   7.45 |I I 
07:32-Thu-Feb-09-2017 PM10  |  25.56 |  24.34 |  24.51 |  15.13 |I I 
07:32-Thu-Feb-09-2017 PM2.5 |  11.31 |  10.65 |  10.71 |   7.45 |I I 
07:33-Thu-Feb-09-2017 PM10  |  24.63 |  24.36 |  24.51 |  15.13 |I I 
07:33-Thu-Feb-09-2017 PM2.5 |  10.96 |  10.67 |  10.71 |   7.45 |I I 
07:37-Thu-Feb-09-2017 PM10  |  25.30 |  24.43 |  24.51 |  15.13 |I I 
07:37-Thu-Feb-09-2017 PM2.5 |  11.44 |  10.72 |  10.71 |   7.45 |I I 
07:38-Thu-Feb-09-2017 PM10  |  23.22 |  24.35 |  24.51 |  15.13 |I I 
07:38-Thu-Feb-09-2017 PM2.5 |  10.25 |  10.69 |  10.71 |   7.45 |I I 
21:13-Thu-Feb-09-2017Start
21:18-Thu-Feb-09-2017 PM10  |  15.72 |  15.72 |  24.51 |  15.13 |I I 
21:18-Thu-Feb-09-2017 PM2.5 |   7.33 |   7.33 |  10.71 |   7.45 |I I 
21:22-Thu-Feb-09-2017 PM10  |  13.96 |  14.84 |  24.51 |  15.13 |I I 
21:22-Thu-Feb-09-2017 PM2.5 |   7.62 |   7.47 |  10.71 |   7.45 |I I 
21:23-Thu-Feb-09-2017 PM10  |  13.70 |  14.46 |  24.51 |  15.13 |I I 
21:23-Thu-Feb-09-2017 PM2.5 |   7.16 |   7.37 |  10.71 |   7.45 |I I 
21:35-Thu-Feb-09-2017Start
21:42-Thu-Feb-09-2017Start
21:47-Thu-Feb-09-2017 PM10  |  13.84 |  13.84 |  24.51 |  15.13 |B I 
21:47-Thu-Feb-09-2017 PM2.5 |   7.12 |   7.12 |  10.71 |   7.45 |B I 
21:51-Thu-Feb-09-2017 PM10  |  14.44 |  14.14 |  24.51 |  15.13 |B I 
21:51-Thu-Feb-09-2017 PM2.5 |   7.78 |   7.45 |  10.71 |   7.45 |B I 
21:52-Thu-Feb-09-2017 PM10  |  16.00 |  14.76 |  24.51 |  15.13 |B I 
21:52-Thu-Feb-09-2017 PM2.5 |   7.45 |   7.45 |  10.71 |   7.45 |B I 
21:53-Thu-Feb-09-2017Start
21:58-Thu-Feb-09-2017 PM10  |  15.45 |  15.45 |  24.51 |  15.13 |I I 
21:58-Thu-Feb-09-2017 PM2.5 |   7.76 |   7.76 |  10.71 |   7.45 |I I 
22:02-Thu-Feb-09-2017 PM10  |  14.56 |  15.00 |  24.51 |  15.00 |I I 
22:02-Thu-Feb-09-2017 PM2.5 |   7.77 |   7.77 |  10.71 |   7.45 |I I 
22:03-Thu-Feb-09-2017 PM10  |  15.49 |  15.49 |  24.51 |  15.00 |I I 
22:03-Thu-Feb-09-2017 PM2.5 |   7.80 |   7.80 |  10.71 |   7.45 |I I 
22:07-Thu-Feb-09-2017 PM10  |  14.82 |  15.16 |  24.51 |  15.00 |I I 
22:07-Thu-Feb-09-2017 PM2.5 |   8.14 |   7.97 |  10.71 |   7.45 |I I 
22:08-Thu-Feb-09-2017recover dati per host :salvatorehost.no-ip.org/aria
22:08-Thu-Feb-09-2017 PM10  |  12.56 |  14.29 |  24.51 |  15.00 |I I 
22:08-Thu-Feb-09-2017 PM2.5 |   7.49 |   7.81 |  10.71 |   7.45 |I I 
22:17-Thu-Feb-09-2017Start
22:22-Thu-Feb-09-2017 PM10  |  15.14 |  15.14 |  24.51 |  15.00 |B I 
22:22-Thu-Feb-09-2017 PM2.5 |   8.03 |   8.03 |  10.71 |   7.45 |B I 
22:26-Thu-Feb-09-2017 PM10  |  16.00 |  15.57 |  24.51 |  15.00 |B I 
22:26-Thu-Feb-09-2017 PM2.5 |   8.26 |   8.14 |  10.71 |   7.45 |B I 
22:27-Thu-Feb-09-2017 PM10  |  14.65 |  15.26 |  24.51 |  15.00 |B I 
22:27-Thu-Feb-09-2017 PM2.5 |   7.88 |   8.06 |  10.71 |   7.45 |B I 
22:31-Thu-Feb-09-2017 PM10  |  20.31 |  16.52 |  24.51 |  15.00 |B I 
22:31-Thu-Feb-09-2017 PM2.5 |   8.83 |   8.25 |  10.71 |   7.45 |B I 
22:32-Thu-Feb-09-2017 PM10  |  15.40 |  16.30 |  24.51 |  15.00 |B I 
22:32-Thu-Feb-09-2017 PM2.5 |   7.94 |   8.19 |  10.71 |   7.45 |B I 
22:36-Thu-Feb-09-2017 PM10  |  13.19 |  15.78 |  24.51 |  15.00 |B I 
22:36-Thu-Feb-09-2017 PM2.5 |   8.33 |   8.21 |  10.71 |   7.45 |B I 
22:37-Thu-Feb-09-2017Start
22:42-Thu-Feb-09-2017recover dati per host :salvatorehost.no-ip.org/aria
22:42-Thu-Feb-09-2017 PM10  |  13.34 |  13.34 |  24.51 |  15.00 |I I 
22:42-Thu-Feb-09-2017 PM2.5 |   7.35 |   7.35 |  10.71 |   7.45 |I I 
22:46-Thu-Feb-09-2017 PM10  |  12.91 |  13.12 |  24.51 |  15.00 |I I 
22:46-Thu-Feb-09-2017 PM2.5 |   7.48 |   7.42 |  10.71 |   7.45 |I I 
22:47-Thu-Feb-09-2017 PM10  |  13.39 |  13.21 |  24.51 |  15.00 |I I 
22:47-Thu-Feb-09-2017 PM2.5 |   7.94 |   7.59 |  10.71 |   7.45 |I I 
22:51-Thu-Feb-09-2017 PM10  |  13.40 |  13.26 |  24.51 |  15.00 |I I 
22:51-Thu-Feb-09-2017 PM2.5 |   7.79 |   7.64 |  10.71 |   7.45 |I I 
22:52-Thu-Feb-09-2017 PM10  |  12.69 |  13.15 |  24.51 |  15.00 |I I 
22:52-Thu-Feb-09-2017 PM2.5 |   7.72 |   7.66 |  10.71 |   7.45 |I I 
22:56-Thu-Feb-09-2017 PM10  |  13.08 |  13.13 |  24.51 |  15.00 |I I 
22:56-Thu-Feb-09-2017 PM2.5 |   8.17 |   7.74 |  10.71 |   7.45 |I I 
22:57-Thu-Feb-09-2017 PM10  |  15.10 |  13.42 |  24.51 |  15.00 |I I 
22:57-Thu-Feb-09-2017 PM2.5 |   8.25 |   7.81 |  10.71 |   7.45 |I I 
23:01-Thu-Feb-09-2017 PM10  |  17.56 |  13.93 |  24.51 |  13.93 |I I 
23:01-Thu-Feb-09-2017 PM2.5 |   8.51 |   7.90 |  10.71 |   7.45 |I I 
23:02-Thu-Feb-09-2017 PM10  |  17.13 |  17.13 |  24.51 |  13.93 |I I 
23:02-Thu-Feb-09-2017 PM2.5 |   9.08 |   9.08 |  10.71 |   7.45 |I I 
23:03-Thu-Feb-09-2017 PM10  |  17.13 |  17.13 |  24.51 |  13.93 |I I 
23:03-Thu-Feb-09-2017 PM2.5 |   9.08 |   9.08 |  10.71 |   7.45 |I I 
23:07-Thu-Feb-09-2017 PM10  |  15.78 |  16.68 |  24.51 |  13.93 |I I 
23:07-Thu-Feb-09-2017 PM2.5 |   8.62 |   8.92 |  10.71 |   7.45 |I I 
23:08-Thu-Feb-09-2017 PM10  |  18.31 |  17.09 |  24.51 |  13.93 |I I 
23:08-Thu-Feb-09-2017 PM2.5 |   8.97 |   8.93 |  10.71 |   7.45 |I I 
23:12-Thu-Feb-09-2017 PM10  |  17.20 |  17.11 |  24.51 |  13.93 |I I 
23:12-Thu-Feb-09-2017 PM2.5 |   8.98 |   8.94 |  10.71 |   7.45 |I I 
23:13-Thu-Feb-09-2017 PM10  |  17.09 |  17.11 |  24.51 |  13.93 |I I 
23:13-Thu-Feb-09-2017 PM2.5 |   8.70 |   8.90 |  10.71 |   7.45 |I I 
23:17-Thu-Feb-09-2017 PM10  |  15.67 |  16.90 |  24.51 |  13.93 |I I 
23:17-Thu-Feb-09-2017 PM2.5 |   8.52 |   8.85 |  10.71 |   7.45 |I I 
23:18-Thu-Feb-09-2017 PM10  |  16.68 |  16.87 |  24.51 |  13.93 |I I 
23:18-Thu-Feb-09-2017 PM2.5 |   8.80 |   8.84 |  10.71 |   7.45 |I I 
23:19-Thu-Feb-09-2017Start
23:19-Thu-Feb-09-2017Start
23:26-Thu-Feb-09-2017 PM10  |  18.11 |  18.11 |  24.51 |  13.93 |I I 
23:26-Thu-Feb-09-2017 PM2.5 |   9.90 |   9.90 |  10.71 |   7.45 |I I 
23:31-Thu-Feb-09-2017 PM10  |  18.56 |  18.33 |  24.51 |  13.93 |I I 
23:31-Thu-Feb-09-2017 PM2.5 |  10.66 |  10.28 |  10.71 |   7.45 |I I 
23:32-Thu-Feb-09-2017 PM10  |  17.80 |  18.16 |  24.51 |  13.93 |I I 
23:32-Thu-Feb-09-2017 PM2.5 |   9.45 |  10.00 |  10.71 |   7.45 |I I 
23:36-Thu-Feb-09-2017 PM10  |  17.69 |  18.04 |  24.51 |  13.93 |I I 
23:36-Thu-Feb-09-2017 PM2.5 |  10.11 |  10.03 |  10.71 |   7.45 |I I 
23:40-Thu-Feb-09-2017 PM10  |  18.41 |  18.11 |  24.51 |  13.93 |I I 
23:40-Thu-Feb-09-2017 PM2.5 |  10.13 |  10.05 |  10.71 |   7.45 |I I 
23:41-Thu-Feb-09-2017 PM10  |  20.62 |  18.53 |  24.51 |  13.93 |I I 
23:41-Thu-Feb-09-2017 PM2.5 |   9.73 |  10.00 |  10.71 |   7.45 |I I 
23:45-Thu-Feb-09-2017 PM10  |  19.61 |  18.69 |  24.51 |  13.93 |I I 
23:45-Thu-Feb-09-2017 PM2.5 |  10.36 |  10.05 |  10.71 |   7.45 |I I 
23:46-Thu-Feb-09-2017 PM10  |  18.86 |  18.71 |  24.51 |  13.93 |I I 
23:46-Thu-Feb-09-2017 PM2.5 |   9.65 |  10.00 |  10.71 |   7.45 |I I 
23:50-Thu-Feb-09-2017 PM10  |  19.72 |  18.82 |  24.51 |  13.93 |I I 
23:50-Thu-Feb-09-2017 PM2.5 |  10.07 |  10.01 |  10.71 |   7.45 |I I 
23:51-Thu-Feb-09-2017 PM10  |  20.68 |  19.01 |  24.51 |  13.93 |I I 
23:51-Thu-Feb-09-2017 PM2.5 |   9.68 |   9.97 |  10.71 |   7.45 |I I 
23:55-Thu-Feb-09-2017 PM10  |  20.57 |  19.15 |  24.51 |  13.93 |I I 
23:55-Thu-Feb-09-2017 PM2.5 |  10.60 |  10.03 |  10.71 |   7.45 |I I 
23:56-Thu-Feb-09-2017 PM10  |  23.55 |  19.51 |  24.51 |  13.93 |I I 
23:56-Thu-Feb-09-2017 PM2.5 |   9.94 |  10.02 |  10.71 |   7.45 |I I 
00:00-Fri-Feb-10-2017 PM10  |  21.77 |  19.69 |  24.51 |  13.93 |I I 
