[Thu Mar 23 00:02:03 2017] Report del giorno Thursday March 23 2017 -- INVIATO a centraline@googlegroups.com
00:02-Thu-Mar-23-2017 PM10  |  14.58 |  14.58 |  14.58 |  14.58 |I I 
00:02-Thu-Mar-23-2017 PM2.5 |   7.13 |   7.13 |   7.13 |   7.13 |I I 
00:03-Thu-Mar-23-2017 PM10  |  17.32 |  17.32 |  14.58 |  14.58 |I I 
00:03-Thu-Mar-23-2017 PM2.5 |   7.28 |   7.28 |   7.13 |   7.13 |I I 
00:07-Thu-Mar-23-2017 PM10  |  14.91 |  16.12 |  14.58 |  14.58 |I I 
00:07-Thu-Mar-23-2017 PM2.5 |   7.73 |   7.51 |   7.13 |   7.13 |I I 
00:08-Thu-Mar-23-2017 PM10  |  12.13 |  14.79 |  14.58 |  14.58 |I I 
00:08-Thu-Mar-23-2017 PM2.5 |   6.80 |   7.27 |   7.13 |   7.13 |I I 
00:12-Thu-Mar-23-2017 PM10  |  12.27 |  14.16 |  14.58 |  14.58 |I I 
00:12-Thu-Mar-23-2017 PM2.5 |   7.15 |   7.24 |   7.13 |   7.13 |I I 
00:13-Thu-Mar-23-2017 PM10  |  14.15 |  14.16 |  14.58 |  14.58 |I I 
00:13-Thu-Mar-23-2017 PM2.5 |   7.42 |   7.28 |   7.13 |   7.13 |I I 
00:14-Thu-Mar-23-2017 PM10  |  14.15 |  14.16 |  14.58 |  14.58 |I I 
00:14-Thu-Mar-23-2017 PM2.5 |   7.42 |   7.30 |   7.13 |   7.13 |I I 
00:18-Thu-Mar-23-2017 PM10  |  16.29 |  14.46 |  14.58 |  14.58 |I I 
00:18-Thu-Mar-23-2017 PM2.5 |   7.56 |   7.34 |   7.13 |   7.13 |I I 
00:19-Thu-Mar-23-2017 PM10  |  12.72 |  14.24 |  14.58 |  14.58 |I I 
00:19-Thu-Mar-23-2017 PM2.5 |   7.36 |   7.34 |   7.13 |   7.13 |I I 
00:23-Thu-Mar-23-2017 PM10  |  15.75 |  14.41 |  14.58 |  14.58 |I I 
00:23-Thu-Mar-23-2017 PM2.5 |   8.14 |   7.43 |   7.13 |   7.13 |I I 
00:24-Thu-Mar-23-2017 PM10  |  16.55 |  14.62 |  14.58 |  14.58 |I I 
00:24-Thu-Mar-23-2017 PM2.5 |   8.08 |   7.49 |   7.13 |   7.13 |I I 
00:28-Thu-Mar-23-2017 PM10  |  19.70 |  15.09 |  14.58 |  14.58 |I I 
00:28-Thu-Mar-23-2017 PM2.5 |   8.44 |   7.58 |   7.13 |   7.13 |I I 
00:29-Thu-Mar-23-2017 PM10  |  14.81 |  15.06 |  14.58 |  14.58 |I I 
00:29-Thu-Mar-23-2017 PM2.5 |   8.29 |   7.64 |   7.13 |   7.13 |I I 
00:33-Thu-Mar-23-2017 PM10  |  15.91 |  15.13 |  14.58 |  14.58 |I I 
00:33-Thu-Mar-23-2017 PM2.5 |   8.09 |   7.67 |   7.13 |   7.13 |I I 
00:34-Thu-Mar-23-2017 PM10  |  15.21 |  15.13 |  14.58 |  14.58 |I I 
00:34-Thu-Mar-23-2017 PM2.5 |   8.30 |   7.72 |   7.13 |   7.13 |I I 
00:38-Thu-Mar-23-2017 PM10  |  15.38 |  15.15 |  14.58 |  14.58 |I I 
00:38-Thu-Mar-23-2017 PM2.5 |   8.06 |   7.74 |   7.13 |   7.13 |I I 
00:39-Thu-Mar-23-2017 PM10  |  15.66 |  15.18 |  14.58 |  14.58 |I I 
00:39-Thu-Mar-23-2017 PM2.5 |   8.69 |   7.80 |   7.13 |   7.13 |I I 
00:40-Thu-Mar-23-2017 PM10  |  15.66 |  15.21 |  14.58 |  14.58 |I I 
00:40-Thu-Mar-23-2017 PM2.5 |   8.69 |   7.85 |   7.13 |   7.13 |I I 
00:44-Thu-Mar-23-2017 PM10  |  16.22 |  15.27 |  14.58 |  14.58 |I I 
00:44-Thu-Mar-23-2017 PM2.5 |   9.30 |   7.93 |   7.13 |   7.13 |I I 
00:45-Thu-Mar-23-2017 PM10  |  15.96 |  15.30 |  14.58 |  14.58 |I I 
00:45-Thu-Mar-23-2017 PM2.5 |   8.95 |   7.99 |   7.13 |   7.13 |I I 
00:49-Thu-Mar-23-2017 PM10  |  15.80 |  15.33 |  14.58 |  14.58 |I I 
00:49-Thu-Mar-23-2017 PM2.5 |   8.90 |   8.03 |   7.13 |   7.13 |I I 
00:50-Thu-Mar-23-2017 PM10  |  16.67 |  15.39 |  14.58 |  14.58 |I I 
00:50-Thu-Mar-23-2017 PM2.5 |   9.40 |   8.10 |   7.13 |   7.13 |I I 
00:54-Thu-Mar-23-2017 PM10  |  17.38 |  15.48 |  14.58 |  14.58 |I I 
00:54-Thu-Mar-23-2017 PM2.5 |   9.37 |   8.16 |   7.13 |   7.13 |I I 
00:55-Thu-Mar-23-2017 PM10  |  19.27 |  15.65 |  14.58 |  14.58 |I I 
00:55-Thu-Mar-23-2017 PM2.5 |  10.83 |   8.27 |   7.13 |   7.13 |I I 
00:59-Thu-Mar-23-2017 PM10  |  17.54 |  15.73 |  14.58 |  14.58 |I I 
00:59-Thu-Mar-23-2017 PM2.5 |  10.74 |   8.37 |   7.13 |   7.13 |I I 
01:00-Thu-Mar-23-2017 PM10  |  20.48 |  15.92 |  15.92 |  14.58 |I I 
01:00-Thu-Mar-23-2017 PM2.5 |  10.59 |   8.46 |   8.46 |   7.13 |I I 
01:04-Thu-Mar-23-2017 PM10  |  20.76 |  20.76 |  15.92 |  14.58 |I I 
01:04-Thu-Mar-23-2017 PM2.5 |  10.69 |  10.69 |   8.46 |   7.13 |I I 
01:05-Thu-Mar-23-2017 PM10  |  20.40 |  20.58 |  15.92 |  14.58 |I I 
01:05-Thu-Mar-23-2017 PM2.5 |  10.93 |  10.81 |   8.46 |   7.13 |I I 
01:06-Thu-Mar-23-2017 PM10  |  20.40 |  20.52 |  15.92 |  14.58 |I I 
01:06-Thu-Mar-23-2017 PM2.5 |  10.93 |  10.85 |   8.46 |   7.13 |I I 
01:10-Thu-Mar-23-2017 PM10  |  23.20 |  21.19 |  15.92 |  14.58 |I I 
01:10-Thu-Mar-23-2017 PM2.5 |  11.73 |  11.07 |   8.46 |   7.13 |I I 
01:11-Thu-Mar-23-2017 PM10  |  21.50 |  21.25 |  15.92 |  14.58 |I I 
01:11-Thu-Mar-23-2017 PM2.5 |  11.81 |  11.21 |   8.46 |   7.13 |I I 
01:15-Thu-Mar-23-2017 PM10  |  21.73 |  21.33 |  15.92 |  14.58 |I I 
01:15-Thu-Mar-23-2017 PM2.5 |  12.02 |  11.35 |   8.46 |   7.13 |I I 
01:16-Thu-Mar-23-2017 PM10  |  21.15 |  21.30 |  15.92 |  14.58 |I I 
01:16-Thu-Mar-23-2017 PM2.5 |  11.42 |  11.36 |   8.46 |   7.13 |I I 
01:20-Thu-Mar-23-2017 PM10  |  19.96 |  21.14 |  15.92 |  14.58 |I I 
01:20-Thu-Mar-23-2017 PM2.5 |  11.68 |  11.40 |   8.46 |   7.13 |I I 
01:21-Thu-Mar-23-2017 PM10  |  23.45 |  21.39 |  15.92 |  14.58 |I I 
01:21-Thu-Mar-23-2017 PM2.5 |  11.99 |  11.46 |   8.46 |   7.13 |I I 
01:25-Thu-Mar-23-2017 PM10  |  22.13 |  21.47 |  15.92 |  14.58 |I I 
01:25-Thu-Mar-23-2017 PM2.5 |  12.23 |  11.54 |   8.46 |   7.13 |I I 
01:26-Thu-Mar-23-2017 PM10  |  22.18 |  21.53 |  15.92 |  14.58 |I I 
01:26-Thu-Mar-23-2017 PM2.5 |  12.18 |  11.60 |   8.46 |   7.13 |I I 
01:30-Thu-Mar-23-2017 PM10  |  24.02 |  21.74 |  15.92 |  14.58 |I I 
01:30-Thu-Mar-23-2017 PM2.5 |  13.17 |  11.73 |   8.46 |   7.13 |I I 
01:31-Thu-Mar-23-2017 PM10  |  21.99 |  21.76 |  15.92 |  14.58 |I I 
01:31-Thu-Mar-23-2017 PM2.5 |  11.92 |  11.74 |   8.46 |   7.13 |I I 
01:32-Thu-Mar-23-2017 PM10  |  21.99 |  21.78 |  15.92 |  14.58 |I I 
01:32-Thu-Mar-23-2017 PM2.5 |  11.92 |  11.76 |   8.46 |   7.13 |I I 
01:36-Thu-Mar-23-2017 PM10  |  24.52 |  21.96 |  15.92 |  14.58 |I I 
01:36-Thu-Mar-23-2017 PM2.5 |  13.02 |  11.84 |   8.46 |   7.13 |I I 
01:37-Thu-Mar-23-2017 PM10  |  21.39 |  21.92 |  15.92 |  14.58 |I I 
01:37-Thu-Mar-23-2017 PM2.5 |  12.63 |  11.89 |   8.46 |   7.13 |I I 
01:41-Thu-Mar-23-2017 PM10  |  25.41 |  22.13 |  15.92 |  14.58 |I I 
01:41-Thu-Mar-23-2017 PM2.5 |  13.24 |  11.97 |   8.46 |   7.13 |I I 
01:42-Thu-Mar-23-2017 PM10  |  23.17 |  22.19 |  15.92 |  14.58 |I I 
01:42-Thu-Mar-23-2017 PM2.5 |  13.14 |  12.03 |   8.46 |   7.13 |I I 
01:46-Thu-Mar-23-2017 PM10  |  26.21 |  22.40 |  15.92 |  14.58 |I I 
01:46-Thu-Mar-23-2017 PM2.5 |  13.79 |  12.13 |   8.46 |   7.13 |I I 
01:47-Thu-Mar-23-2017 PM10  |  25.12 |  22.53 |  15.92 |  14.58 |I I 
01:47-Thu-Mar-23-2017 PM2.5 |  13.84 |  12.21 |   8.46 |   7.13 |I I 
01:51-Thu-Mar-23-2017 PM10  |  25.66 |  22.68 |  15.92 |  14.58 |I I 
01:51-Thu-Mar-23-2017 PM2.5 |  13.95 |  12.30 |   8.46 |   7.13 |I I 
01:52-Thu-Mar-23-2017 PM10  |  20.60 |  22.59 |  15.92 |  14.58 |I I 
01:52-Thu-Mar-23-2017 PM2.5 |  12.46 |  12.30 |   8.46 |   7.13 |I I 
01:56-Thu-Mar-23-2017 PM10  |  24.85 |  22.69 |  15.92 |  14.58 |I I 
01:56-Thu-Mar-23-2017 PM2.5 |  13.62 |  12.36 |   8.46 |   7.13 |I I 
01:57-Thu-Mar-23-2017 PM10  |  24.15 |  22.75 |  15.92 |  14.58 |I I 
01:57-Thu-Mar-23-2017 PM2.5 |  13.25 |  12.40 |   8.46 |   7.13 |I I 
01:58-Thu-Mar-23-2017 PM10  |  24.15 |  22.80 |  15.92 |  14.58 |I I 
01:58-Thu-Mar-23-2017 PM2.5 |  13.25 |  12.43 |   8.46 |   7.13 |I I 
02:02-Thu-Mar-23-2017 PM10  |  24.90 |  22.88 |  22.88 |  14.58 |I I 
02:02-Thu-Mar-23-2017 PM2.5 |  13.66 |  12.48 |  12.48 |   7.13 |I I 
02:03-Thu-Mar-23-2017 PM10  |  23.67 |  23.67 |  22.88 |  14.58 |I I 
02:03-Thu-Mar-23-2017 PM2.5 |  13.18 |  13.18 |  12.48 |   7.13 |I I 
02:07-Thu-Mar-23-2017 PM10  |  23.64 |  23.65 |  22.88 |  14.58 |I I 
02:07-Thu-Mar-23-2017 PM2.5 |  13.54 |  13.36 |  12.48 |   7.13 |I I 
02:08-Thu-Mar-23-2017 PM10  |  23.36 |  23.56 |  22.88 |  14.58 |I I 
02:08-Thu-Mar-23-2017 PM2.5 |  13.34 |  13.35 |  12.48 |   7.13 |I I 
02:12-Thu-Mar-23-2017 PM10  |  23.38 |  23.51 |  22.88 |  14.58 |I I 
02:12-Thu-Mar-23-2017 PM2.5 |  13.87 |  13.48 |  12.48 |   7.13 |I I 
02:13-Thu-Mar-23-2017 PM10  |  24.07 |  23.62 |  22.88 |  14.58 |I I 
02:13-Thu-Mar-23-2017 PM2.5 |  13.51 |  13.49 |  12.48 |   7.13 |I I 
02:17-Thu-Mar-23-2017 PM10  |  25.77 |  23.98 |  22.88 |  14.58 |I I 
02:17-Thu-Mar-23-2017 PM2.5 |  13.69 |  13.52 |  12.48 |   7.13 |I I 
02:18-Thu-Mar-23-2017 PM10  |  24.96 |  24.12 |  22.88 |  14.58 |I I 
02:18-Thu-Mar-23-2017 PM2.5 |  13.49 |  13.52 |  12.48 |   7.13 |I I 
02:22-Thu-Mar-23-2017 PM10  |  23.47 |  24.04 |  22.88 |  14.58 |I I 
02:22-Thu-Mar-23-2017 PM2.5 |  13.34 |  13.49 |  12.48 |   7.13 |I I 
02:23-Thu-Mar-23-2017 PM10  |  24.57 |  24.10 |  22.88 |  14.58 |I I 
02:23-Thu-Mar-23-2017 PM2.5 |  13.82 |  13.53 |  12.48 |   7.13 |I I 
02:24-Thu-Mar-23-2017 PM10  |  24.57 |  24.14 |  22.88 |  14.58 |I I 
02:24-Thu-Mar-23-2017 PM2.5 |  13.82 |  13.56 |  12.48 |   7.13 |I I 
02:28-Thu-Mar-23-2017 PM10  |  24.42 |  24.17 |  22.88 |  14.58 |I I 
02:28-Thu-Mar-23-2017 PM2.5 |  14.18 |  13.62 |  12.48 |   7.13 |I I 
02:29-Thu-Mar-23-2017 PM10  |  23.71 |  24.13 |  22.88 |  14.58 |I I 
02:29-Thu-Mar-23-2017 PM2.5 |  13.44 |  13.60 |  12.48 |   7.13 |I I 
02:33-Thu-Mar-23-2017 PM10  |  27.25 |  24.37 |  22.88 |  14.58 |I I 
02:33-Thu-Mar-23-2017 PM2.5 |  14.11 |  13.64 |  12.48 |   7.13 |I I 
02:34-Thu-Mar-23-2017 PM10  |  23.28 |  24.29 |  22.88 |  14.58 |I I 
02:34-Thu-Mar-23-2017 PM2.5 |  12.62 |  13.57 |  12.48 |   7.13 |I I 
02:38-Thu-Mar-23-2017 PM10  |  24.23 |  24.29 |  22.88 |  14.58 |I I 
02:38-Thu-Mar-23-2017 PM2.5 |  13.09 |  13.54 |  12.48 |   7.13 |I I 
02:39-Thu-Mar-23-2017 PM10  |  24.53 |  24.30 |  22.88 |  14.58 |I I 
02:39-Thu-Mar-23-2017 PM2.5 |  13.03 |  13.50 |  12.48 |   7.13 |I I 
02:43-Thu-Mar-23-2017 PM10  |  23.28 |  24.24 |  22.88 |  14.58 |I I 
02:43-Thu-Mar-23-2017 PM2.5 |  13.72 |  13.52 |  12.48 |   7.13 |I I 
02:45-Thu-Mar-23-2017 PM10  |  21.11 |  24.07 |  22.88 |  14.58 |I I 
02:45-Thu-Mar-23-2017 PM2.5 |  12.97 |  13.49 |  12.48 |   7.13 |I I 
02:49-Thu-Mar-23-2017 PM10  |  22.98 |  24.01 |  22.88 |  14.58 |I I 
02:49-Thu-Mar-23-2017 PM2.5 |  13.73 |  13.50 |  12.48 |   7.13 |I I 
02:50-Thu-Mar-23-2017 PM10  |  25.71 |  24.10 |  22.88 |  14.58 |I I 
02:50-Thu-Mar-23-2017 PM2.5 |  13.07 |  13.48 |  12.48 |   7.13 |I I 
02:51-Thu-Mar-23-2017 PM10  |  25.71 |  24.17 |  22.88 |  14.58 |I I 
02:51-Thu-Mar-23-2017 PM2.5 |  13.07 |  13.46 |  12.48 |   7.13 |I I 
02:55-Thu-Mar-23-2017 PM10  |  23.12 |  24.13 |  22.88 |  14.58 |I I 
02:55-Thu-Mar-23-2017 PM2.5 |  13.76 |  13.47 |  12.48 |   7.13 |I I 
02:56-Thu-Mar-23-2017 PM10  |  23.03 |  24.08 |  22.88 |  14.58 |I I 
02:56-Thu-Mar-23-2017 PM2.5 |  12.59 |  13.43 |  12.48 |   7.13 |I I 
03:00-Thu-Mar-23-2017 PM10  |  25.92 |  24.16 |  24.16 |  14.58 |I I 
03:00-Thu-Mar-23-2017 PM2.5 |  13.86 |  13.45 |  13.45 |   7.13 |I I 
03:01-Thu-Mar-23-2017 PM10  |  23.09 |  23.09 |  24.16 |  14.58 |I I 
03:01-Thu-Mar-23-2017 PM2.5 |  13.14 |  13.14 |  13.45 |   7.13 |I I 
03:05-Thu-Mar-23-2017 PM10  |  22.52 |  22.80 |  24.16 |  14.58 |I I 
03:05-Thu-Mar-23-2017 PM2.5 |  13.68 |  13.41 |  13.45 |   7.13 |I I 
03:06-Thu-Mar-23-2017 PM10  |  24.25 |  23.29 |  24.16 |  14.58 |I I 
03:06-Thu-Mar-23-2017 PM2.5 |  13.70 |  13.51 |  13.45 |   7.13 |I I 
03:10-Thu-Mar-23-2017 PM10  |  25.57 |  23.86 |  24.16 |  14.58 |I I 
03:10-Thu-Mar-23-2017 PM2.5 |  13.85 |  13.59 |  13.45 |   7.13 |I I 
03:11-Thu-Mar-23-2017 PM10  |  23.86 |  23.86 |  24.16 |  14.58 |I I 
03:11-Thu-Mar-23-2017 PM2.5 |  13.47 |  13.57 |  13.45 |   7.13 |I I 
03:15-Thu-Mar-23-2017 PM10  |  25.63 |  24.15 |  24.16 |  14.58 |I I 
03:15-Thu-Mar-23-2017 PM2.5 |  14.01 |  13.64 |  13.45 |   7.13 |I I 
03:16-Thu-Mar-23-2017 PM10  |  22.33 |  23.89 |  24.16 |  14.58 |I I 
03:16-Thu-Mar-23-2017 PM2.5 |  12.58 |  13.49 |  13.45 |   7.13 |I I 
03:17-Thu-Mar-23-2017 PM10  |  22.33 |  23.70 |  24.16 |  14.58 |I I 
03:17-Thu-Mar-23-2017 PM2.5 |  12.58 |  13.38 |  13.45 |   7.13 |I I 
03:21-Thu-Mar-23-2017 PM10  |  22.55 |  23.57 |  24.16 |  14.58 |I I 
03:21-Thu-Mar-23-2017 PM2.5 |  13.11 |  13.35 |  13.45 |   7.13 |I I 
03:22-Thu-Mar-23-2017 PM10  |  24.38 |  23.65 |  24.16 |  14.58 |I I 
03:22-Thu-Mar-23-2017 PM2.5 |  12.85 |  13.30 |  13.45 |   7.13 |I I 
03:26-Thu-Mar-23-2017 PM10  |  21.39 |  23.44 |  24.16 |  14.58 |I I 
03:26-Thu-Mar-23-2017 PM2.5 |  12.98 |  13.27 |  13.45 |   7.13 |I I 
03:27-Thu-Mar-23-2017 PM10  |  25.98 |  23.66 |  24.16 |  14.58 |I I 
03:27-Thu-Mar-23-2017 PM2.5 |  13.37 |  13.28 |  13.45 |   7.13 |I I 
03:31-Thu-Mar-23-2017 PM10  |  22.60 |  23.57 |  24.16 |  14.58 |I I 
03:31-Thu-Mar-23-2017 PM2.5 |  13.84 |  13.32 |  13.45 |   7.13 |I I 
03:32-Thu-Mar-23-2017 PM10  |  20.96 |  23.39 |  24.16 |  14.58 |I I 
03:32-Thu-Mar-23-2017 PM2.5 |  12.83 |  13.28 |  13.45 |   7.13 |I I 
03:36-Thu-Mar-23-2017 PM10  |  21.75 |  23.28 |  24.16 |  14.58 |I I 
03:36-Thu-Mar-23-2017 PM2.5 |  13.35 |  13.29 |  13.45 |   7.13 |I I 
03:37-Thu-Mar-23-2017 PM10  |  20.98 |  23.13 |  24.16 |  14.58 |I I 
03:37-Thu-Mar-23-2017 PM2.5 |  12.49 |  13.24 |  13.45 |   7.13 |I I 
03:41-Thu-Mar-23-2017 PM10  |  22.78 |  23.11 |  24.16 |  14.58 |I I 
03:41-Thu-Mar-23-2017 PM2.5 |  13.12 |  13.23 |  13.45 |   7.13 |I I 
03:42-Thu-Mar-23-2017 PM10  |  22.27 |  23.07 |  24.16 |  14.58 |I I 
03:42-Thu-Mar-23-2017 PM2.5 |  12.65 |  13.20 |  13.45 |   7.13 |I I 
03:43-Thu-Mar-23-2017 PM10  |  22.27 |  23.02 |  24.16 |  14.58 |I I 
03:43-Thu-Mar-23-2017 PM2.5 |  12.65 |  13.17 |  13.45 |   7.13 |I I 
03:47-Thu-Mar-23-2017 PM10  |  21.75 |  22.96 |  24.16 |  14.58 |I I 
03:47-Thu-Mar-23-2017 PM2.5 |  12.89 |  13.16 |  13.45 |   7.13 |I I 
03:48-Thu-Mar-23-2017 PM10  |  20.85 |  22.86 |  24.16 |  14.58 |I I 
03:48-Thu-Mar-23-2017 PM2.5 |  12.32 |  13.12 |  13.45 |   7.13 |I I 
03:52-Thu-Mar-23-2017 PM10  |  19.64 |  22.71 |  24.16 |  14.58 |I I 
03:52-Thu-Mar-23-2017 PM2.5 |  12.67 |  13.10 |  13.45 |   7.13 |I I 
03:53-Thu-Mar-23-2017 PM10  |  19.88 |  22.59 |  24.16 |  14.58 |I I 
03:53-Thu-Mar-23-2017 PM2.5 |  12.07 |  13.05 |  13.45 |   7.13 |I I 
03:57-Thu-Mar-23-2017 PM10  |  21.29 |  22.54 |  24.16 |  14.58 |I I 
03:57-Thu-Mar-23-2017 PM2.5 |  12.68 |  13.04 |  13.45 |   7.13 |I I 
03:58-Thu-Mar-23-2017 PM10  |  21.93 |  22.51 |  24.16 |  14.58 |I I 
03:58-Thu-Mar-23-2017 PM2.5 |  11.19 |  12.96 |  13.45 |   7.13 |I I 
04:02-Thu-Mar-23-2017 PM10  |  19.01 |  22.38 |  24.16 |  14.58 |I I 
04:02-Thu-Mar-23-2017 PM2.5 |  11.72 |  12.91 |  13.45 |   7.13 |I I 
04:03-Thu-Mar-23-2017 PM10  |  20.31 |  20.31 |  24.16 |  14.58 |I I 
04:03-Thu-Mar-23-2017 PM2.5 |  11.84 |  11.84 |  13.45 |   7.13 |I I 
04:07-Thu-Mar-23-2017 PM10  |  19.71 |  20.01 |  24.16 |  14.58 |I I 
04:07-Thu-Mar-23-2017 PM2.5 |  11.32 |  11.58 |  13.45 |   7.13 |I I 
04:08-Thu-Mar-23-2017 PM10  |  18.32 |  19.45 |  24.16 |  14.58 |I I 
04:08-Thu-Mar-23-2017 PM2.5 |  10.89 |  11.35 |  13.45 |   7.13 |I I 
04:09-Thu-Mar-23-2017 PM10  |  18.32 |  19.16 |  24.16 |  14.58 |I I 
04:09-Thu-Mar-23-2017 PM2.5 |  10.89 |  11.23 |  13.45 |   7.13 |I I 
04:13-Thu-Mar-23-2017 PM10  |  20.03 |  19.34 |  24.16 |  14.58 |I I 
04:13-Thu-Mar-23-2017 PM2.5 |  11.06 |  11.20 |  13.45 |   7.13 |I I 
04:14-Thu-Mar-23-2017 PM10  |  18.82 |  19.25 |  24.16 |  14.58 |I I 
04:14-Thu-Mar-23-2017 PM2.5 |  11.11 |  11.18 |  13.45 |   7.13 |I I 
04:18-Thu-Mar-23-2017 PM10  |  19.03 |  19.22 |  24.16 |  14.58 |I I 
04:18-Thu-Mar-23-2017 PM2.5 |  11.55 |  11.24 |  13.45 |   7.13 |I I 
04:19-Thu-Mar-23-2017 PM10  |  17.37 |  18.99 |  24.16 |  14.58 |I I 
04:19-Thu-Mar-23-2017 PM2.5 |  10.48 |  11.14 |  13.45 |   7.13 |I I 
04:23-Thu-Mar-23-2017 PM10  |  18.50 |  18.93 |  24.16 |  14.58 |I I 
04:23-Thu-Mar-23-2017 PM2.5 |  11.03 |  11.13 |  13.45 |   7.13 |I I 
04:24-Thu-Mar-23-2017 PM10  |  17.22 |  18.76 |  24.16 |  14.58 |I I 
04:24-Thu-Mar-23-2017 PM2.5 |  10.28 |  11.04 |  13.45 |   7.13 |I I 
04:28-Thu-Mar-23-2017 PM10  |  18.36 |  18.73 |  24.16 |  14.58 |I I 
04:28-Thu-Mar-23-2017 PM2.5 |  10.83 |  11.03 |  13.45 |   7.13 |I I 
04:29-Thu-Mar-23-2017 PM10  |  17.81 |  18.65 |  24.16 |  14.58 |I I 
04:29-Thu-Mar-23-2017 PM2.5 |  10.39 |  10.97 |  13.45 |   7.13 |I I 
04:33-Thu-Mar-23-2017 PM10  |  18.46 |  18.63 |  24.16 |  14.58 |I I 
04:33-Thu-Mar-23-2017 PM2.5 |  11.09 |  10.98 |  13.45 |   7.13 |I I 
04:34-Thu-Mar-23-2017 PM10  |  17.06 |  18.52 |  24.16 |  14.58 |I I 
04:34-Thu-Mar-23-2017 PM2.5 |  10.06 |  10.92 |  13.45 |   7.13 |I I 
04:35-Thu-Mar-23-2017 PM10  |  17.06 |  18.43 |  24.16 |  14.58 |I I 
04:35-Thu-Mar-23-2017 PM2.5 |  10.06 |  10.86 |  13.45 |   7.13 |I I 
04:39-Thu-Mar-23-2017 PM10  |  18.76 |  18.45 |  24.16 |  14.58 |I I 
04:39-Thu-Mar-23-2017 PM2.5 |  10.90 |  10.86 |  13.45 |   7.13 |I I 
04:40-Thu-Mar-23-2017 PM10  |  17.13 |  18.37 |  24.16 |  14.58 |I I 
04:40-Thu-Mar-23-2017 PM2.5 |   9.78 |  10.80 |  13.45 |   7.13 |I I 
04:44-Thu-Mar-23-2017 PM10  |  19.32 |  18.42 |  24.16 |  14.58 |I I 
04:44-Thu-Mar-23-2017 PM2.5 |  10.88 |  10.80 |  13.45 |   7.13 |I I 
04:45-Thu-Mar-23-2017 PM10  |  18.31 |  18.42 |  24.16 |  14.58 |I I 
04:45-Thu-Mar-23-2017 PM2.5 |  10.60 |  10.79 |  13.45 |   7.13 |I I 
04:49-Thu-Mar-23-2017 PM10  |  18.22 |  18.41 |  24.16 |  14.58 |I I 
04:49-Thu-Mar-23-2017 PM2.5 |  10.70 |  10.79 |  13.45 |   7.13 |I I 
04:50-Thu-Mar-23-2017 PM10  |  16.89 |  18.33 |  24.16 |  14.58 |I I 
04:50-Thu-Mar-23-2017 PM2.5 |  10.21 |  10.76 |  13.45 |   7.13 |I I 
04:54-Thu-Mar-23-2017 PM10  |  18.37 |  18.34 |  24.16 |  14.58 |I I 
04:54-Thu-Mar-23-2017 PM2.5 |  10.64 |  10.75 |  13.45 |   7.13 |I I 
04:55-Thu-Mar-23-2017 PM10  |  17.53 |  18.30 |  24.16 |  14.58 |I I 
04:55-Thu-Mar-23-2017 PM2.5 |  10.30 |  10.73 |  13.45 |   7.13 |I I 
04:59-Thu-Mar-23-2017 PM10  |  16.48 |  18.22 |  24.16 |  14.58 |I I 
04:59-Thu-Mar-23-2017 PM2.5 |  10.36 |  10.72 |  13.45 |   7.13 |I I 
05:00-Thu-Mar-23-2017 PM10  |  17.77 |  18.21 |  24.16 |  14.58 |I I 
05:00-Thu-Mar-23-2017 PM2.5 |  10.05 |  10.69 |  13.45 |   7.13 |I I 
05:01-Thu-Mar-23-2017 PM10  |  17.77 |  17.77 |  24.16 |  14.58 |I I 
05:01-Thu-Mar-23-2017 PM2.5 |  10.05 |  10.05 |  13.45 |   7.13 |I I 
05:05-Thu-Mar-23-2017 PM10  |  16.26 |  17.01 |  24.16 |  14.58 |I I 
05:05-Thu-Mar-23-2017 PM2.5 |  10.15 |  10.10 |  13.45 |   7.13 |I I 
05:06-Thu-Mar-23-2017 PM10  |  16.00 |  16.68 |  24.16 |  14.58 |I I 
05:06-Thu-Mar-23-2017 PM2.5 |   9.63 |   9.94 |  13.45 |   7.13 |I I 
05:10-Thu-Mar-23-2017 PM10  |  15.87 |  16.47 |  24.16 |  14.58 |I I 
05:10-Thu-Mar-23-2017 PM2.5 |   9.91 |   9.93 |  13.45 |   7.13 |I I 
05:11-Thu-Mar-23-2017 PM10  |  15.97 |  16.37 |  24.16 |  14.58 |I I 
05:11-Thu-Mar-23-2017 PM2.5 |   9.79 |   9.90 |  13.45 |   7.13 |I I 
05:15-Thu-Mar-23-2017 PM10  |  18.04 |  16.65 |  24.16 |  14.58 |I I 
05:15-Thu-Mar-23-2017 PM2.5 |  10.22 |   9.96 |  13.45 |   7.13 |I I 
05:16-Thu-Mar-23-2017 PM10  |  15.69 |  16.52 |  24.16 |  14.58 |I I 
05:16-Thu-Mar-23-2017 PM2.5 |   9.13 |   9.84 |  13.45 |   7.13 |I I 
05:20-Thu-Mar-23-2017 PM10  |  14.73 |  16.29 |  24.16 |  14.58 |I I 
05:20-Thu-Mar-23-2017 PM2.5 |   9.26 |   9.77 |  13.45 |   7.13 |I I 
05:21-Thu-Mar-23-2017 PM10  |  14.63 |  16.11 |  24.16 |  14.58 |I I 
05:21-Thu-Mar-23-2017 PM2.5 |   9.17 |   9.70 |  13.45 |   7.13 |I I 
05:25-Thu-Mar-23-2017 PM10  |  15.66 |  16.06 |  24.16 |  14.58 |I I 
05:25-Thu-Mar-23-2017 PM2.5 |   9.79 |   9.71 |  13.45 |   7.13 |I I 
05:26-Thu-Mar-23-2017 PM10  |  17.14 |  16.16 |  24.16 |  14.58 |I I 
05:26-Thu-Mar-23-2017 PM2.5 |   9.42 |   9.68 |  13.45 |   7.13 |I I 
05:27-Thu-Mar-23-2017 PM10  |  17.14 |  16.24 |  24.16 |  14.58 |I I 
05:27-Thu-Mar-23-2017 PM2.5 |   9.42 |   9.66 |  13.45 |   7.13 |I I 
05:31-Thu-Mar-23-2017 PM10  |  17.11 |  16.31 |  24.16 |  14.58 |I I 
05:31-Thu-Mar-23-2017 PM2.5 |   9.81 |   9.67 |  13.45 |   7.13 |I I 
05:32-Thu-Mar-23-2017 PM10  |  16.59 |  16.33 |  24.16 |  14.58 |I I 
05:32-Thu-Mar-23-2017 PM2.5 |   9.27 |   9.64 |  13.45 |   7.13 |I I 
05:36-Thu-Mar-23-2017 PM10  |  15.48 |  16.27 |  24.16 |  14.58 |I I 
05:36-Thu-Mar-23-2017 PM2.5 |   9.46 |   9.63 |  13.45 |   7.13 |I I 
05:37-Thu-Mar-23-2017 PM10  |  15.34 |  16.21 |  24.16 |  14.58 |I I 
05:37-Thu-Mar-23-2017 PM2.5 |   8.93 |   9.59 |  13.45 |   7.13 |I I 
05:41-Thu-Mar-23-2017 PM10  |  15.73 |  16.19 |  24.16 |  14.58 |I I 
05:41-Thu-Mar-23-2017 PM2.5 |   9.28 |   9.57 |  13.45 |   7.13 |I I 
05:42-Thu-Mar-23-2017 PM10  |  14.67 |  16.10 |  24.16 |  14.58 |I I 
05:42-Thu-Mar-23-2017 PM2.5 |   8.62 |   9.52 |  13.45 |   7.13 |I I 
05:46-Thu-Mar-23-2017 PM10  |  19.97 |  16.31 |  24.16 |  14.58 |I I 
05:46-Thu-Mar-23-2017 PM2.5 |   9.38 |   9.51 |  13.45 |   7.13 |I I 
05:47-Thu-Mar-23-2017 PM10  |  15.14 |  16.25 |  24.16 |  14.58 |I I 
05:47-Thu-Mar-23-2017 PM2.5 |   8.61 |   9.46 |  13.45 |   7.13 |I I 
05:51-Thu-Mar-23-2017 PM10  |  15.74 |  16.22 |  24.16 |  14.58 |I I 
05:51-Thu-Mar-23-2017 PM2.5 |   9.20 |   9.45 |  13.45 |   7.13 |I I 
05:53-Thu-Mar-23-2017 PM10  |  15.84 |  16.21 |  24.16 |  14.58 |I I 
05:53-Thu-Mar-23-2017 PM2.5 |   8.55 |   9.41 |  13.45 |   7.13 |I I 
05:54-Thu-Mar-23-2017 PM10  |  15.84 |  16.19 |  24.16 |  14.58 |I I 
05:54-Thu-Mar-23-2017 PM2.5 |   8.55 |   9.37 |  13.45 |   7.13 |I I 
05:58-Thu-Mar-23-2017 PM10  |  14.93 |  16.14 |  24.16 |  14.58 |I I 
05:58-Thu-Mar-23-2017 PM2.5 |   8.83 |   9.35 |  13.45 |   7.13 |I I 
05:59-Thu-Mar-23-2017 PM10  |  15.42 |  16.11 |  24.16 |  14.58 |I I 
05:59-Thu-Mar-23-2017 PM2.5 |   8.81 |   9.33 |  13.45 |   7.13 |I I 
06:03-Thu-Mar-23-2017 PM10  |  15.87 |  16.10 |  24.16 |  14.58 |I I 
06:03-Thu-Mar-23-2017 PM2.5 |   9.06 |   9.32 |  13.45 |   7.13 |I I 
06:04-Thu-Mar-23-2017 PM10  |  17.93 |  17.93 |  24.16 |  14.58 |I I 
06:04-Thu-Mar-23-2017 PM2.5 |   8.45 |   8.45 |  13.45 |   7.13 |I I 
06:08-Thu-Mar-23-2017 PM10  |  14.75 |  16.34 |  24.16 |  14.58 |I I 
06:08-Thu-Mar-23-2017 PM2.5 |   8.82 |   8.64 |  13.45 |   7.13 |I I 
06:09-Thu-Mar-23-2017 PM10  |  13.74 |  15.47 |  24.16 |  14.58 |I I 
06:09-Thu-Mar-23-2017 PM2.5 |   8.33 |   8.53 |  13.45 |   7.13 |I I 
06:13-Thu-Mar-23-2017 PM10  |  13.95 |  15.09 |  24.16 |  14.58 |I I 
06:13-Thu-Mar-23-2017 PM2.5 |   8.59 |   8.55 |  13.45 |   7.13 |I I 
06:14-Thu-Mar-23-2017 PM10  |  14.32 |  14.94 |  24.16 |  14.58 |I I 
06:14-Thu-Mar-23-2017 PM2.5 |   8.50 |   8.54 |  13.45 |   7.13 |I I 
06:18-Thu-Mar-23-2017 PM10  |  15.28 |  14.99 |  24.16 |  14.58 |I I 
06:18-Thu-Mar-23-2017 PM2.5 |   8.66 |   8.56 |  13.45 |   7.13 |I I 
06:19-Thu-Mar-23-2017 PM10  |  13.33 |  14.76 |  24.16 |  14.58 |I I 
06:19-Thu-Mar-23-2017 PM2.5 |   8.54 |   8.56 |  13.45 |   7.13 |I I 
06:20-Thu-Mar-23-2017 PM10  |  13.33 |  14.58 |  24.16 |  14.58 |I I 
06:20-Thu-Mar-23-2017 PM2.5 |   8.54 |   8.55 |  13.45 |   7.13 |I I 
06:23-Thu-Mar-23-2017 PM10  |  14.71 |  14.59 |  24.16 |  14.58 |I I 
06:23-Thu-Mar-23-2017 PM2.5 |   8.78 |   8.58 |  13.45 |   7.13 |I I 
06:24-Thu-Mar-23-2017 PM10  |  14.71 |  14.61 |  24.16 |  14.58 |I I 
06:24-Thu-Mar-23-2017 PM2.5 |   8.78 |   8.60 |  13.45 |   7.13 |I I 
06:25-Thu-Mar-23-2017 PM10  |  12.96 |  14.46 |  24.16 |  14.58 |I I 
06:25-Thu-Mar-23-2017 PM2.5 |   7.91 |   8.54 |  13.45 |   7.13 |I I 
06:29-Thu-Mar-23-2017 PM10  |  15.12 |  14.51 |  24.16 |  14.58 |I I 
06:29-Thu-Mar-23-2017 PM2.5 |   8.53 |   8.54 |  13.45 |   7.13 |I I 
06:30-Thu-Mar-23-2017 PM10  |  14.44 |  14.51 |  24.16 |  14.58 |I I 
06:30-Thu-Mar-23-2017 PM2.5 |   7.76 |   8.48 |  13.45 |   7.13 |I I 
06:34-Thu-Mar-23-2017 PM10  |  13.96 |  14.47 |  24.16 |  14.58 |I I 
06:34-Thu-Mar-23-2017 PM2.5 |   7.69 |   8.42 |  13.45 |   7.13 |I I 
06:35-Thu-Mar-23-2017 PM10  |  12.88 |  14.36 |  24.16 |  14.58 |I I 
06:35-Thu-Mar-23-2017 PM2.5 |   7.61 |   8.37 |  13.45 |   7.13 |I I 
06:39-Thu-Mar-23-2017 PM10  |  13.53 |  14.31 |  24.16 |  14.58 |I I 
06:39-Thu-Mar-23-2017 PM2.5 |   8.23 |   8.36 |  13.45 |   7.13 |I I 
06:40-Thu-Mar-23-2017 PM10  |  13.15 |  14.24 |  24.16 |  14.58 |I I 
06:40-Thu-Mar-23-2017 PM2.5 |   8.02 |   8.34 |  13.45 |   7.13 |I I 
06:44-Thu-Mar-23-2017 PM10  |  13.82 |  14.22 |  24.16 |  14.58 |I I 
06:44-Thu-Mar-23-2017 PM2.5 |   8.40 |   8.34 |  13.45 |   7.13 |I I 
06:45-Thu-Mar-23-2017 PM10  |  14.60 |  14.24 |  24.16 |  14.58 |I I 
06:45-Thu-Mar-23-2017 PM2.5 |   7.77 |   8.31 |  13.45 |   7.13 |I I 
06:46-Thu-Mar-23-2017 PM10  |  14.60 |  14.26 |  24.16 |  14.58 |I I 
06:46-Thu-Mar-23-2017 PM2.5 |   7.77 |   8.28 |  13.45 |   7.13 |I I 
06:49-Thu-Mar-23-2017 PM10  |  13.61 |  14.23 |  24.16 |  14.58 |I I 
06:49-Thu-Mar-23-2017 PM2.5 |   8.35 |   8.29 |  13.45 |   7.13 |I I 
06:50-Thu-Mar-23-2017 PM10  |  13.61 |  14.20 |  24.16 |  14.58 |I I 
06:50-Thu-Mar-23-2017 PM2.5 |   8.35 |   8.29 |  13.45 |   7.13 |I I 
06:51-Thu-Mar-23-2017 PM10  |  13.72 |  14.18 |  24.16 |  14.58 |I I 
06:51-Thu-Mar-23-2017 PM2.5 |   8.03 |   8.28 |  13.45 |   7.13 |I I 
06:55-Thu-Mar-23-2017 PM10  |  12.75 |  14.12 |  24.16 |  14.58 |I I 
06:55-Thu-Mar-23-2017 PM2.5 |   8.38 |   8.28 |  13.45 |   7.13 |I I 
06:56-Thu-Mar-23-2017 PM10  |  14.04 |  14.11 |  24.16 |  14.58 |I I 
06:56-Thu-Mar-23-2017 PM2.5 |   7.98 |   8.27 |  13.45 |   7.13 |I I 
07:00-Thu-Mar-23-2017 PM10  |  14.61 |  14.13 |  24.16 |  14.13 |I I 
07:00-Thu-Mar-23-2017 PM2.5 |   8.00 |   8.26 |  13.45 |   7.13 |I I 
07:01-Thu-Mar-23-2017 PM10  |  16.23 |  16.23 |  24.16 |  14.13 |I I 
07:01-Thu-Mar-23-2017 PM2.5 |   7.81 |   7.81 |  13.45 |   7.13 |I I 
07:05-Thu-Mar-23-2017 PM10  |  15.64 |  15.93 |  24.16 |  14.13 |I I 
07:05-Thu-Mar-23-2017 PM2.5 |   7.72 |   7.77 |  13.45 |   7.13 |I I 
07:06-Thu-Mar-23-2017 PM10  |  14.73 |  15.53 |  24.16 |  14.13 |I I 
07:06-Thu-Mar-23-2017 PM2.5 |   7.90 |   7.81 |  13.45 |   7.13 |I I 
07:10-Thu-Mar-23-2017 PM10  |  15.32 |  15.48 |  24.16 |  14.13 |I I 
07:10-Thu-Mar-23-2017 PM2.5 |   8.14 |   7.89 |  13.45 |   7.13 |I I 
07:11-Thu-Mar-23-2017 PM10  |  15.67 |  15.52 |  24.16 |  14.13 |I I 
07:11-Thu-Mar-23-2017 PM2.5 |   7.72 |   7.86 |  13.45 |   7.13 |I I 
07:12-Thu-Mar-23-2017 PM10  |  15.67 |  15.54 |  24.16 |  14.13 |I I 
07:12-Thu-Mar-23-2017 PM2.5 |   7.72 |   7.84 |  13.45 |   7.13 |I I 
07:15-Thu-Mar-23-2017 PM10  |  15.04 |  15.47 |  24.16 |  14.13 |I I 
07:15-Thu-Mar-23-2017 PM2.5 |   7.80 |   7.83 |  13.45 |   7.13 |I I 
07:16-Thu-Mar-23-2017 PM10  |  15.04 |  15.42 |  24.16 |  14.13 |I I 
07:16-Thu-Mar-23-2017 PM2.5 |   7.80 |   7.83 |  13.45 |   7.13 |I I 
07:17-Thu-Mar-23-2017 PM10  |  15.29 |  15.40 |  24.16 |  14.13 |I I 
07:17-Thu-Mar-23-2017 PM2.5 |   7.64 |   7.81 |  13.45 |   7.13 |I I 
07:21-Thu-Mar-23-2017 PM10  |  14.18 |  15.28 |  24.16 |  14.13 |I I 
07:21-Thu-Mar-23-2017 PM2.5 |   7.21 |   7.75 |  13.45 |   7.13 |I I 
07:22-Thu-Mar-23-2017 PM10  |  15.55 |  15.31 |  24.16 |  14.13 |I I 
07:22-Thu-Mar-23-2017 PM2.5 |   7.33 |   7.71 |  13.45 |   7.13 |I I 
07:26-Thu-Mar-23-2017 PM10  |  16.15 |  15.38 |  24.16 |  14.13 |I I 
07:26-Thu-Mar-23-2017 PM2.5 |   7.99 |   7.73 |  13.45 |   7.13 |I I 
07:27-Thu-Mar-23-2017 PM10  |  14.35 |  15.30 |  24.16 |  14.13 |I I 
07:27-Thu-Mar-23-2017 PM2.5 |   7.28 |   7.70 |  13.45 |   7.13 |I I 
07:31-Thu-Mar-23-2017 PM10  |  13.81 |  15.19 |  24.16 |  14.13 |I I 
07:31-Thu-Mar-23-2017 PM2.5 |   7.64 |   7.69 |  13.45 |   7.13 |I I 
07:32-Thu-Mar-23-2017 PM10  |  17.89 |  15.37 |  24.16 |  14.13 |I I 
07:32-Thu-Mar-23-2017 PM2.5 |   7.61 |   7.69 |  13.45 |   7.13 |I I 
07:36-Thu-Mar-23-2017 PM10  |  18.03 |  15.54 |  24.16 |  14.13 |I I 
07:36-Thu-Mar-23-2017 PM2.5 |   7.86 |   7.70 |  13.45 |   7.13 |I I 
07:37-Thu-Mar-23-2017 PM10  |  15.73 |  15.55 |  24.16 |  14.13 |I I 
07:37-Thu-Mar-23-2017 PM2.5 |   7.15 |   7.67 |  13.45 |   7.13 |I I 
07:41-Thu-Mar-23-2017 PM10  |  14.31 |  15.48 |  24.16 |  14.13 |I I 
07:41-Thu-Mar-23-2017 PM2.5 |   7.67 |   7.67 |  13.45 |   7.13 |I I 
07:42-Thu-Mar-23-2017 PM10  |  14.31 |  15.42 |  24.16 |  14.13 |I I 
07:42-Thu-Mar-23-2017 PM2.5 |   7.67 |   7.67 |  13.45 |   7.13 |I I 
07:43-Thu-Mar-23-2017 PM10  |  12.66 |  15.28 |  24.16 |  14.13 |I I 
07:43-Thu-Mar-23-2017 PM2.5 |   7.20 |   7.64 |  13.45 |   7.13 |I I 
07:47-Thu-Mar-23-2017 PM10  |  14.24 |  15.23 |  24.16 |  14.13 |I I 
07:47-Thu-Mar-23-2017 PM2.5 |   7.26 |   7.63 |  13.45 |   7.13 |I I 
07:48-Thu-Mar-23-2017 PM10  |  13.33 |  15.14 |  24.16 |  14.13 |I I 
07:48-Thu-Mar-23-2017 PM2.5 |   7.60 |   7.62 |  13.45 |   7.13 |I I 
07:52-Thu-Mar-23-2017 PM10  |  13.31 |  15.06 |  24.16 |  14.13 |I I 
07:52-Thu-Mar-23-2017 PM2.5 |   7.71 |   7.63 |  13.45 |   7.13 |I I 
07:53-Thu-Mar-23-2017 PM10  |  12.30 |  14.95 |  24.16 |  14.13 |I I 
07:53-Thu-Mar-23-2017 PM2.5 |   6.90 |   7.60 |  13.45 |   7.13 |I I 
07:57-Thu-Mar-23-2017 PM10  |  13.10 |  14.88 |  24.16 |  14.13 |I I 
07:57-Thu-Mar-23-2017 PM2.5 |   6.94 |   7.57 |  13.45 |   7.13 |I I 
07:58-Thu-Mar-23-2017 PM10  |  12.73 |  14.79 |  24.16 |  14.13 |I I 
07:58-Thu-Mar-23-2017 PM2.5 |   6.82 |   7.54 |  13.45 |   7.13 |I I 
08:02-Thu-Mar-23-2017 PM10  |  13.54 |  14.75 |  24.16 |  14.13 |I I 
08:02-Thu-Mar-23-2017 PM2.5 |   7.18 |   7.53 |  13.45 |   7.13 |I I 
08:03-Thu-Mar-23-2017 PM10  |  11.99 |  11.99 |  24.16 |  14.13 |I I 
08:03-Thu-Mar-23-2017 PM2.5 |   6.77 |   6.77 |  13.45 |   7.13 |I I 
08:07-Thu-Mar-23-2017 PM10  |  12.63 |  12.31 |  24.16 |  14.13 |I I 
08:07-Thu-Mar-23-2017 PM2.5 |   7.12 |   6.94 |  13.45 |   7.13 |I I 
08:08-Thu-Mar-23-2017 PM10  |  12.63 |  12.42 |  24.16 |  14.13 |I I 
08:08-Thu-Mar-23-2017 PM2.5 |   7.12 |   7.00 |  13.45 |   7.13 |I I 
08:09-Thu-Mar-23-2017 PM10  |  11.34 |  12.15 |  24.16 |  14.13 |I I 
08:09-Thu-Mar-23-2017 PM2.5 |   7.06 |   7.02 |  13.45 |   7.13 |I I 
08:13-Thu-Mar-23-2017 PM10  |  13.61 |  12.44 |  24.16 |  14.13 |I I 
08:13-Thu-Mar-23-2017 PM2.5 |   7.31 |   7.07 |  13.45 |   7.13 |I I 
08:14-Thu-Mar-23-2017 PM10  |  11.58 |  12.30 |  24.16 |  14.13 |I I 
08:14-Thu-Mar-23-2017 PM2.5 |   6.75 |   7.02 |  13.45 |   7.13 |I I 
08:18-Thu-Mar-23-2017 PM10  |  13.10 |  12.41 |  24.16 |  14.13 |I I 
08:18-Thu-Mar-23-2017 PM2.5 |   7.05 |   7.02 |  13.45 |   7.13 |I I 
08:19-Thu-Mar-23-2017 PM10  |  11.69 |  12.32 |  24.16 |  14.13 |I I 
08:19-Thu-Mar-23-2017 PM2.5 |   7.30 |   7.06 |  13.45 |   7.13 |I I 
08:23-Thu-Mar-23-2017 PM10  |  11.62 |  12.24 |  24.16 |  14.13 |I I 
08:23-Thu-Mar-23-2017 PM2.5 |   7.15 |   7.07 |  13.45 |   7.13 |I I 
08:24-Thu-Mar-23-2017 PM10  |  12.65 |  12.28 |  24.16 |  14.13 |I I 
08:24-Thu-Mar-23-2017 PM2.5 |   6.95 |   7.06 |  13.45 |   7.13 |I I 
08:28-Thu-Mar-23-2017 PM10  |  15.40 |  12.57 |  24.16 |  14.13 |I I 
08:28-Thu-Mar-23-2017 PM2.5 |   7.58 |   7.10 |  13.45 |   7.13 |I I 
08:29-Thu-Mar-23-2017 PM10  |  13.45 |  12.64 |  24.16 |  14.13 |I I 
08:29-Thu-Mar-23-2017 PM2.5 |   7.24 |   7.12 |  13.45 |   7.13 |I I 
08:33-Thu-Mar-23-2017 PM10  |  14.63 |  12.79 |  24.16 |  14.13 |I I 
08:33-Thu-Mar-23-2017 PM2.5 |   7.35 |   7.13 |  13.45 |   7.13 |I I 
08:34-Thu-Mar-23-2017 PM10  |  14.63 |  12.93 |  24.16 |  14.13 |I I 
08:34-Thu-Mar-23-2017 PM2.5 |   7.35 |   7.15 |  13.45 |   7.13 |I I 
08:35-Thu-Mar-23-2017 PM10  |  12.32 |  12.89 |  24.16 |  14.13 |I I 
08:35-Thu-Mar-23-2017 PM2.5 |   6.90 |   7.13 |  13.45 |   7.13 |I I 
08:39-Thu-Mar-23-2017 PM10  |  11.45 |  12.80 |  24.16 |  14.13 |I I 
08:39-Thu-Mar-23-2017 PM2.5 |   7.19 |   7.14 |  13.45 |   7.13 |I I 
08:40-Thu-Mar-23-2017 PM10  |  13.00 |  12.81 |  24.16 |  14.13 |I I 
08:40-Thu-Mar-23-2017 PM2.5 |   6.48 |   7.10 |  13.45 |   7.13 |I I 
08:44-Thu-Mar-23-2017 PM10  |  11.35 |  12.73 |  24.16 |  14.13 |I I 
08:44-Thu-Mar-23-2017 PM2.5 |   6.83 |   7.08 |  13.45 |   7.13 |I I 
08:45-Thu-Mar-23-2017 PM10  |  12.28 |  12.70 |  24.16 |  14.13 |I I 
08:45-Thu-Mar-23-2017 PM2.5 |   6.89 |   7.07 |  13.45 |   7.13 |I I 
08:49-Thu-Mar-23-2017 PM10  |  11.03 |  12.62 |  24.16 |  14.13 |I I 
08:49-Thu-Mar-23-2017 PM2.5 |   6.82 |   7.06 |  13.45 |   7.13 |I I 
08:51-Thu-Mar-23-2017 PM10  |  11.33 |  12.56 |  24.16 |  14.13 |I I 
08:51-Thu-Mar-23-2017 PM2.5 |   6.59 |   7.04 |  13.45 |   7.13 |I I 
08:55-Thu-Mar-23-2017 PM10  |  14.18 |  12.63 |  24.16 |  14.13 |I I 
08:55-Thu-Mar-23-2017 PM2.5 |   7.01 |   7.04 |  13.45 |   7.13 |I I 
08:56-Thu-Mar-23-2017 PM10  |  10.68 |  12.55 |  24.16 |  14.13 |I I 
08:56-Thu-Mar-23-2017 PM2.5 |   6.37 |   7.01 |  13.45 |   7.13 |I I 
09:00-Thu-Mar-23-2017 PM10  |  11.21 |  12.49 |  24.16 |  12.49 |I I 
09:00-Thu-Mar-23-2017 PM2.5 |   6.99 |   7.01 |  13.45 |   7.01 |I I 
09:01-Thu-Mar-23-2017 PM10  |  11.21 |  11.21 |  24.16 |  12.49 |I I 
09:01-Thu-Mar-23-2017 PM2.5 |   6.99 |   6.99 |  13.45 |   7.01 |I I 
09:02-Thu-Mar-23-2017 PM10  |  12.62 |  11.91 |  24.16 |  12.49 |I I 
09:02-Thu-Mar-23-2017 PM2.5 |   6.69 |   6.84 |  13.45 |   7.01 |I I 
09:06-Thu-Mar-23-2017 PM10  |  11.38 |  11.74 |  24.16 |  12.49 |I I 
09:06-Thu-Mar-23-2017 PM2.5 |   6.51 |   6.73 |  13.45 |   7.01 |I I 
09:07-Thu-Mar-23-2017 PM10  |   9.93 |  11.29 |  24.16 |  12.49 |I I 
09:07-Thu-Mar-23-2017 PM2.5 |   6.32 |   6.63 |  13.45 |   7.01 |I I 
09:11-Thu-Mar-23-2017 PM10  |  10.68 |  11.16 |  24.16 |  12.49 |I I 
09:11-Thu-Mar-23-2017 PM2.5 |   6.49 |   6.60 |  13.45 |   7.01 |I I 
09:12-Thu-Mar-23-2017 PM10  |  13.55 |  11.56 |  24.16 |  12.49 |I I 
09:12-Thu-Mar-23-2017 PM2.5 |   6.74 |   6.62 |  13.45 |   7.01 |I I 
09:16-Thu-Mar-23-2017 PM10  |  11.39 |  11.54 |  24.16 |  12.49 |I I 
09:16-Thu-Mar-23-2017 PM2.5 |   6.56 |   6.61 |  13.45 |   7.01 |I I 
09:17-Thu-Mar-23-2017 PM10  |  12.28 |  11.63 |  24.16 |  12.49 |I I 
09:17-Thu-Mar-23-2017 PM2.5 |   6.69 |   6.62 |  13.45 |   7.01 |I I 
09:21-Thu-Mar-23-2017 PM10  |   9.65 |  11.41 |  24.16 |  12.49 |I I 
09:21-Thu-Mar-23-2017 PM2.5 |   6.45 |   6.60 |  13.45 |   7.01 |I I 
09:22-Thu-Mar-23-2017 PM10  |  12.41 |  11.51 |  24.16 |  12.49 |I I 
09:22-Thu-Mar-23-2017 PM2.5 |   6.31 |   6.57 |  13.45 |   7.01 |I I 
09:26-Thu-Mar-23-2017 PM10  |  11.13 |  11.48 |  24.16 |  12.49 |I I 
09:26-Thu-Mar-23-2017 PM2.5 |   6.75 |   6.59 |  13.45 |   7.01 |I I 
09:27-Thu-Mar-23-2017 PM10  |  11.13 |  11.45 |  24.16 |  12.49 |I I 
09:27-Thu-Mar-23-2017 PM2.5 |   6.75 |   6.60 |  13.45 |   7.01 |I I 
09:28-Thu-Mar-23-2017 PM10  |  11.28 |  11.43 |  24.16 |  12.49 |I I 
09:28-Thu-Mar-23-2017 PM2.5 |   6.29 |   6.58 |  13.45 |   7.01 |I I 
09:32-Thu-Mar-23-2017 PM10  |  10.67 |  11.38 |  24.16 |  12.49 |I I 
09:32-Thu-Mar-23-2017 PM2.5 |   6.50 |   6.57 |  13.45 |   7.01 |I I 
09:33-Thu-Mar-23-2017 PM10  |  11.05 |  11.36 |  24.16 |  12.49 |I I 
09:33-Thu-Mar-23-2017 PM2.5 |   6.59 |   6.57 |  13.45 |   7.01 |I I 
09:37-Thu-Mar-23-2017 PM10  |  11.33 |  11.36 |  24.16 |  12.49 |I I 
09:37-Thu-Mar-23-2017 PM2.5 |   6.44 |   6.57 |  13.45 |   7.01 |I I 
09:38-Thu-Mar-23-2017 PM10  |  10.15 |  11.28 |  24.16 |  12.49 |I I 
09:38-Thu-Mar-23-2017 PM2.5 |   6.55 |   6.57 |  13.45 |   7.01 |I I 
09:42-Thu-Mar-23-2017 PM10  |  12.02 |  11.33 |  24.16 |  12.49 |I I 
09:42-Thu-Mar-23-2017 PM2.5 |   6.73 |   6.57 |  13.45 |   7.01 |I I 
09:43-Thu-Mar-23-2017 PM10  |  11.38 |  11.33 |  24.16 |  12.49 |I I 
09:43-Thu-Mar-23-2017 PM2.5 |   6.16 |   6.55 |  13.45 |   7.01 |I I 
09:47-Thu-Mar-23-2017 PM10  |  13.51 |  11.44 |  24.16 |  12.49 |I I 
09:47-Thu-Mar-23-2017 PM2.5 |   6.54 |   6.55 |  13.45 |   7.01 |I I 
09:48-Thu-Mar-23-2017 PM10  |  10.52 |  11.39 |  24.16 |  12.49 |I I 
09:48-Thu-Mar-23-2017 PM2.5 |   6.73 |   6.56 |  13.45 |   7.01 |I I 
09:52-Thu-Mar-23-2017 PM10  |  10.38 |  11.35 |  24.16 |  12.49 |I I 
09:52-Thu-Mar-23-2017 PM2.5 |   6.52 |   6.56 |  13.45 |   7.01 |I I 
09:53-Thu-Mar-23-2017 PM10  |  10.38 |  11.31 |  24.16 |  12.49 |I I 
09:53-Thu-Mar-23-2017 PM2.5 |   6.52 |   6.56 |  13.45 |   7.01 |I I 
09:54-Thu-Mar-23-2017 PM10  |  11.00 |  11.29 |  24.16 |  12.49 |I I 
09:54-Thu-Mar-23-2017 PM2.5 |   6.44 |   6.55 |  13.45 |   7.01 |I I 
09:58-Thu-Mar-23-2017 PM10  |  11.45 |  11.30 |  24.16 |  12.49 |I I 
09:58-Thu-Mar-23-2017 PM2.5 |   6.82 |   6.56 |  13.45 |   7.01 |I I 
09:59-Thu-Mar-23-2017 PM10  |  12.09 |  11.33 |  24.16 |  12.49 |I I 
09:59-Thu-Mar-23-2017 PM2.5 |   6.17 |   6.55 |  13.45 |   7.01 |I I 
10:03-Thu-Mar-23-2017 PM10  |  11.29 |  11.33 |  24.16 |  11.33 |I I 
10:03-Thu-Mar-23-2017 PM2.5 |   6.72 |   6.55 |  13.45 |   6.55 |I I 
10:04-Thu-Mar-23-2017 PM10  |  12.18 |  12.18 |  24.16 |  11.33 |I I 
10:04-Thu-Mar-23-2017 PM2.5 |   6.58 |   6.58 |  13.45 |   6.55 |I I 
10:08-Thu-Mar-23-2017 PM10  |  12.91 |  12.54 |  24.16 |  11.33 |I I 
10:08-Thu-Mar-23-2017 PM2.5 |   7.10 |   6.84 |  13.45 |   6.55 |I I 
10:09-Thu-Mar-23-2017 PM10  |  11.56 |  12.22 |  24.16 |  11.33 |I I 
10:09-Thu-Mar-23-2017 PM2.5 |   6.44 |   6.71 |  13.45 |   6.55 |I I 
10:13-Thu-Mar-23-2017 PM10  |  11.02 |  11.92 |  24.16 |  11.33 |I I 
10:13-Thu-Mar-23-2017 PM2.5 |   6.39 |   6.63 |  13.45 |   6.55 |I I 
10:14-Thu-Mar-23-2017 PM10  |  10.36 |  11.61 |  24.16 |  11.33 |I I 
10:14-Thu-Mar-23-2017 PM2.5 |   6.46 |   6.59 |  13.45 |   6.55 |I I 
10:18-Thu-Mar-23-2017 PM10  |  11.27 |  11.55 |  24.16 |  11.33 |I I 
10:18-Thu-Mar-23-2017 PM2.5 |   6.18 |   6.52 |  13.45 |   6.55 |I I 
10:19-Thu-Mar-23-2017 PM10  |  11.27 |  11.51 |  24.16 |  11.33 |I I 
10:19-Thu-Mar-23-2017 PM2.5 |   6.18 |   6.47 |  13.45 |   6.55 |I I 
10:20-Thu-Mar-23-2017 PM10  |  14.94 |  11.94 |  24.16 |  11.33 |I I 
10:20-Thu-Mar-23-2017 PM2.5 |   6.68 |   6.50 |  13.45 |   6.55 |I I 
10:24-Thu-Mar-23-2017 PM10  |  11.98 |  11.94 |  24.16 |  11.33 |I I 
10:24-Thu-Mar-23-2017 PM2.5 |   6.96 |   6.55 |  13.45 |   6.55 |I I 
10:25-Thu-Mar-23-2017 PM10  |  12.56 |  12.01 |  24.16 |  11.33 |I I 
10:25-Thu-Mar-23-2017 PM2.5 |   7.05 |   6.60 |  13.45 |   6.55 |I I 
10:29-Thu-Mar-23-2017 PM10  |  11.69 |  11.98 |  24.16 |  11.33 |I I 
10:29-Thu-Mar-23-2017 PM2.5 |   7.27 |   6.66 |  13.45 |   6.55 |I I 
10:30-Thu-Mar-23-2017 PM10  |  11.75 |  11.96 |  24.16 |  11.33 |I I 
10:30-Thu-Mar-23-2017 PM2.5 |   7.46 |   6.73 |  13.45 |   6.55 |I I 
10:34-Thu-Mar-23-2017 PM10  |  11.97 |  11.96 |  24.16 |  11.33 |I I 
10:34-Thu-Mar-23-2017 PM2.5 |   7.39 |   6.78 |  13.45 |   6.55 |I I 
10:35-Thu-Mar-23-2017 PM10  |  13.74 |  12.09 |  24.16 |  11.33 |I I 
10:35-Thu-Mar-23-2017 PM2.5 |   7.73 |   6.85 |  13.45 |   6.55 |I I 
10:39-Thu-Mar-23-2017 PM10  |  14.48 |  12.25 |  24.16 |  11.33 |I I 
10:39-Thu-Mar-23-2017 PM2.5 |   8.14 |   6.93 |  13.45 |   6.55 |I I 
10:40-Thu-Mar-23-2017 PM10  |  22.52 |  12.89 |  24.16 |  11.33 |I I 
10:40-Thu-Mar-23-2017 PM2.5 |  10.41 |   7.15 |  13.45 |   6.55 |I I 
10:44-Thu-Mar-23-2017 PM10  |  23.38 |  13.51 |  24.16 |  11.33 |I I 
10:44-Thu-Mar-23-2017 PM2.5 |  11.24 |   7.39 |  13.45 |   6.55 |I I 
10:45-Thu-Mar-23-2017 PM10  |  23.38 |  14.05 |  24.16 |  11.33 |I I 
10:45-Thu-Mar-23-2017 PM2.5 |  11.24 |   7.61 |  13.45 |   6.55 |I I 
10:46-Thu-Mar-23-2017 PM10  |  32.42 |  15.02 |  24.16 |  11.33 |I I 
10:46-Thu-Mar-23-2017 PM2.5 |  13.59 |   7.92 |  13.45 |   6.55 |I I 
10:50-Thu-Mar-23-2017 PM10  |  35.70 |  16.05 |  24.16 |  11.33 |I I 
10:50-Thu-Mar-23-2017 PM2.5 |  14.66 |   8.26 |  13.45 |   6.55 |I I 
10:51-Thu-Mar-23-2017 PM10  |  36.58 |  17.03 |  24.16 |  11.33 |I I 
10:51-Thu-Mar-23-2017 PM2.5 |  14.93 |   8.57 |  13.45 |   6.55 |I I 
10:55-Thu-Mar-23-2017 PM10  |  38.16 |  17.99 |  24.16 |  11.33 |I I 
10:55-Thu-Mar-23-2017 PM2.5 |  15.00 |   8.87 |  13.45 |   6.55 |I I 
10:56-Thu-Mar-23-2017 PM10  |  38.45 |  18.88 |  24.16 |  11.33 |I I 
10:56-Thu-Mar-23-2017 PM2.5 |  14.47 |   9.11 |  13.45 |   6.55 |I I 
11:00-Thu-Mar-23-2017 PM10  |  33.81 |  19.50 |  24.16 |  11.33 |I I 
11:00-Thu-Mar-23-2017 PM2.5 |  13.91 |   9.31 |  13.45 |   6.55 |I I 
11:01-Thu-Mar-23-2017 PM10  |  36.58 |  36.58 |  24.16 |  11.33 |I I 
11:01-Thu-Mar-23-2017 PM2.5 |  13.05 |  13.05 |  13.45 |   6.55 |I I 
11:05-Thu-Mar-23-2017 PM10  |  36.41 |  36.49 |  24.16 |  11.33 |I I 
11:05-Thu-Mar-23-2017 PM2.5 |  13.61 |  13.33 |  13.45 |   6.55 |I I 
11:06-Thu-Mar-23-2017 PM10  |  34.94 |  35.98 |  24.16 |  11.33 |I I 
11:06-Thu-Mar-23-2017 PM2.5 |  12.52 |  13.06 |  13.45 |   6.55 |I I 
11:10-Thu-Mar-23-2017 PM10  |  30.95 |  34.72 |  24.16 |  11.33 |I I 
11:10-Thu-Mar-23-2017 PM2.5 |  12.50 |  12.92 |  13.45 |   6.55 |I I 
11:11-Thu-Mar-23-2017 PM10  |  30.95 |  33.97 |  24.16 |  11.33 |I I 
11:11-Thu-Mar-23-2017 PM2.5 |  12.50 |  12.84 |  13.45 |   6.55 |I I 
11:12-Thu-Mar-23-2017 PM10  |  28.37 |  33.03 |  24.16 |  11.33 |I I 
11:12-Thu-Mar-23-2017 PM2.5 |  11.22 |  12.57 |  13.45 |   6.55 |I I 
11:16-Thu-Mar-23-2017 PM10  |  32.34 |  32.94 |  24.16 |  11.33 |I I 
11:16-Thu-Mar-23-2017 PM2.5 |  11.58 |  12.43 |  13.45 |   6.55 |I I 
11:17-Thu-Mar-23-2017 PM10  |  26.78 |  32.17 |  24.16 |  11.33 |I I 
11:17-Thu-Mar-23-2017 PM2.5 |   9.97 |  12.12 |  13.45 |   6.55 |I I 
11:21-Thu-Mar-23-2017 PM10  |  30.03 |  31.93 |  24.16 |  11.33 |I I 
11:21-Thu-Mar-23-2017 PM2.5 |  11.21 |  12.02 |  13.45 |   6.55 |I I 
11:22-Thu-Mar-23-2017 PM10  |  21.83 |  30.92 |  24.16 |  11.33 |I I 
11:22-Thu-Mar-23-2017 PM2.5 |  10.14 |  11.83 |  13.45 |   6.55 |I I 
11:26-Thu-Mar-23-2017 PM10  |  24.88 |  30.37 |  24.16 |  11.33 |I I 
11:26-Thu-Mar-23-2017 PM2.5 |  10.97 |  11.75 |  13.45 |   6.55 |I I 
11:27-Thu-Mar-23-2017 PM10  |  23.77 |  29.82 |  24.16 |  11.33 |I I 
11:27-Thu-Mar-23-2017 PM2.5 |   9.69 |  11.58 |  13.45 |   6.55 |I I 
11:31-Thu-Mar-23-2017 PM10  |  26.78 |  29.59 |  24.16 |  11.33 |I I 
11:31-Thu-Mar-23-2017 PM2.5 |  10.84 |  11.52 |  13.45 |   6.55 |I I 
11:32-Thu-Mar-23-2017 PM10  |  27.18 |  29.41 |  24.16 |  11.33 |I I 
11:32-Thu-Mar-23-2017 PM2.5 |  10.26 |  11.43 |  13.45 |   6.55 |I I 
11:36-Thu-Mar-23-2017 PM10  |  23.20 |  29.00 |  24.16 |  11.33 |I I 
11:36-Thu-Mar-23-2017 PM2.5 |  10.00 |  11.34 |  13.45 |   6.55 |I I 
11:37-Thu-Mar-23-2017 PM10  |  23.20 |  28.64 |  24.16 |  11.33 |I I 
11:37-Thu-Mar-23-2017 PM2.5 |  10.00 |  11.25 |  13.45 |   6.55 |I I 
11:38-Thu-Mar-23-2017 PM10  |  23.00 |  28.31 |  24.16 |  11.33 |I I 
11:38-Thu-Mar-23-2017 PM2.5 |   9.23 |  11.14 |  13.45 |   6.55 |I I 
11:42-Thu-Mar-23-2017 PM10  |  24.21 |  28.08 |  24.16 |  11.33 |I I 
11:42-Thu-Mar-23-2017 PM2.5 |   9.55 |  11.05 |  13.45 |   6.55 |I I 
11:43-Thu-Mar-23-2017 PM10  |  21.11 |  27.71 |  24.16 |  11.33 |I I 
11:43-Thu-Mar-23-2017 PM2.5 |   9.38 |  10.96 |  13.45 |   6.55 |I I 
11:47-Thu-Mar-23-2017 PM10  |  24.27 |  27.54 |  24.16 |  11.33 |I I 
11:47-Thu-Mar-23-2017 PM2.5 |  10.02 |  10.91 |  13.45 |   6.55 |I I 
11:48-Thu-Mar-23-2017 PM10  |  23.09 |  27.33 |  24.16 |  11.33 |I I 
11:48-Thu-Mar-23-2017 PM2.5 |   9.23 |  10.83 |  13.45 |   6.55 |I I 
11:52-Thu-Mar-23-2017 PM10  |  22.87 |  27.12 |  24.16 |  11.33 |I I 
11:52-Thu-Mar-23-2017 PM2.5 |   9.96 |  10.79 |  13.45 |   6.55 |I I 
11:53-Thu-Mar-23-2017 PM10  |  21.64 |  26.89 |  24.16 |  11.33 |I I 
11:53-Thu-Mar-23-2017 PM2.5 |   9.34 |  10.73 |  13.45 |   6.55 |I I 
11:58-Thu-Mar-23-2017 PM10  |  21.84 |  26.68 |  24.16 |  11.33 |I I 
11:58-Thu-Mar-23-2017 PM2.5 |   9.55 |  10.68 |  13.45 |   6.55 |I I 
11:59-Thu-Mar-23-2017 PM10  |  20.92 |  26.45 |  24.16 |  11.33 |I I 
11:59-Thu-Mar-23-2017 PM2.5 |   8.75 |  10.60 |  13.45 |   6.55 |I I 
12:03-Thu-Mar-23-2017 PM10  |  20.62 |  26.22 |  26.22 |  11.33 |I I 
12:03-Thu-Mar-23-2017 PM2.5 |   8.80 |  10.53 |  13.45 |   6.55 |I I 
12:04-Thu-Mar-23-2017 PM10  |  20.62 |  20.62 |  26.22 |  11.33 |I I 
12:04-Thu-Mar-23-2017 PM2.5 |   8.80 |   8.80 |  13.45 |   6.55 |I I 
12:05-Thu-Mar-23-2017 PM10  |  18.86 |  19.73 |  26.22 |  11.33 |I I 
12:05-Thu-Mar-23-2017 PM2.5 |   9.06 |   8.93 |  13.45 |   6.55 |I I 
12:09-Thu-Mar-23-2017 PM10  |  20.06 |  19.84 |  26.22 |  11.33 |I I 
12:09-Thu-Mar-23-2017 PM2.5 |   9.03 |   8.96 |  13.45 |   6.55 |I I 
12:10-Thu-Mar-23-2017 PM10  |  18.95 |  19.62 |  26.22 |  11.33 |I I 
12:10-Thu-Mar-23-2017 PM2.5 |   8.71 |   8.90 |  13.45 |   6.55 |I I 
12:14-Thu-Mar-23-2017 PM10  |  19.03 |  19.50 |  26.22 |  11.33 |I I 
12:14-Thu-Mar-23-2017 PM2.5 |   9.10 |   8.94 |  13.45 |   6.55 |I I 
12:15-Thu-Mar-23-2017 PM10  |  20.61 |  19.69 |  26.22 |  11.33 |I I 
12:15-Thu-Mar-23-2017 PM2.5 |   8.65 |   8.89 |  13.45 |   6.55 |I I 
12:19-Thu-Mar-23-2017 PM10  |  20.32 |  19.78 |  26.22 |  11.33 |I I 
12:19-Thu-Mar-23-2017 PM2.5 |   8.79 |   8.88 |  13.45 |   6.55 |I I 
12:20-Thu-Mar-23-2017 PM10  |  19.84 |  19.79 |  26.22 |  11.33 |I I 
12:20-Thu-Mar-23-2017 PM2.5 |   8.86 |   8.87 |  13.45 |   6.55 |I I 
12:24-Thu-Mar-23-2017 PM10  |  20.52 |  19.87 |  26.22 |  11.33 |I I 
12:24-Thu-Mar-23-2017 PM2.5 |   9.41 |   8.93 |  13.45 |   6.55 |I I 
12:25-Thu-Mar-23-2017 PM10  |  18.40 |  19.72 |  26.22 |  11.33 |I I 
12:25-Thu-Mar-23-2017 PM2.5 |   8.59 |   8.90 |  13.45 |   6.55 |I I 
12:29-Thu-Mar-23-2017 PM10  |  19.23 |  19.68 |  26.22 |  11.33 |I I 
12:29-Thu-Mar-23-2017 PM2.5 |   8.83 |   8.89 |  13.45 |   6.55 |I I 
12:30-Thu-Mar-23-2017 PM10  |  19.23 |  19.64 |  26.22 |  11.33 |I I 
12:30-Thu-Mar-23-2017 PM2.5 |   8.83 |   8.89 |  13.45 |   6.55 |I I 
12:31-Thu-Mar-23-2017 PM10  |  15.79 |  19.34 |  26.22 |  11.33 |I I 
12:31-Thu-Mar-23-2017 PM2.5 |   8.20 |   8.83 |  13.45 |   6.55 |I I 
12:35-Thu-Mar-23-2017 PM10  |  16.48 |  19.14 |  26.22 |  11.33 |I I 
12:35-Thu-Mar-23-2017 PM2.5 |   8.46 |   8.81 |  13.45 |   6.55 |I I 
12:36-Thu-Mar-23-2017 PM10  |  16.75 |  18.98 |  26.22 |  11.33 |I I 
12:36-Thu-Mar-23-2017 PM2.5 |   8.16 |   8.76 |  13.45 |   6.55 |I I 
12:40-Thu-Mar-23-2017 PM10  |  16.60 |  18.83 |  26.22 |  11.33 |I I 
12:40-Thu-Mar-23-2017 PM2.5 |   8.72 |   8.76 |  13.45 |   6.55 |I I 
12:41-Thu-Mar-23-2017 PM10  |  16.26 |  18.68 |  26.22 |  11.33 |I I 
12:41-Thu-Mar-23-2017 PM2.5 |   8.40 |   8.74 |  13.45 |   6.55 |I I 
12:45-Thu-Mar-23-2017 PM10  |  15.25 |  18.49 |  26.22 |  11.33 |I I 
12:45-Thu-Mar-23-2017 PM2.5 |   8.04 |   8.70 |  13.45 |   6.55 |I I 
12:46-Thu-Mar-23-2017 PM10  |  15.84 |  18.35 |  26.22 |  11.33 |I I 
12:46-Thu-Mar-23-2017 PM2.5 |   8.35 |   8.68 |  13.45 |   6.55 |I I 
12:50-Thu-Mar-23-2017 PM10  |  17.66 |  18.31 |  26.22 |  11.33 |I I 
12:50-Thu-Mar-23-2017 PM2.5 |   8.59 |   8.68 |  13.45 |   6.55 |I I 
12:51-Thu-Mar-23-2017 PM10  |  14.33 |  18.12 |  26.22 |  11.33 |I I 
12:51-Thu-Mar-23-2017 PM2.5 |   7.88 |   8.64 |  13.45 |   6.55 |I I 
12:55-Thu-Mar-23-2017 PM10  |  15.76 |  18.02 |  26.22 |  11.33 |I I 
12:55-Thu-Mar-23-2017 PM2.5 |   8.15 |   8.62 |  13.45 |   6.55 |I I 
12:56-Thu-Mar-23-2017 PM10  |  15.76 |  17.92 |  26.22 |  11.33 |I I 
12:56-Thu-Mar-23-2017 PM2.5 |   8.15 |   8.60 |  13.45 |   6.55 |I I 
12:57-Thu-Mar-23-2017 PM10  |  13.76 |  17.74 |  26.22 |  11.33 |I I 
12:57-Thu-Mar-23-2017 PM2.5 |   7.52 |   8.55 |  13.45 |   6.55 |I I 
13:01-Thu-Mar-23-2017 PM10  |  15.44 |  17.65 |  26.22 |  11.33 |I I 
13:01-Thu-Mar-23-2017 PM2.5 |   8.61 |   8.56 |  13.45 |   6.55 |I I 
13:02-Thu-Mar-23-2017 PM10  |  15.02 |  15.02 |  26.22 |  11.33 |I I 
13:02-Thu-Mar-23-2017 PM2.5 |   8.00 |   8.00 |  13.45 |   6.55 |I I 
13:06-Thu-Mar-23-2017 PM10  |  15.12 |  15.07 |  26.22 |  11.33 |I I 
13:06-Thu-Mar-23-2017 PM2.5 |   8.14 |   8.07 |  13.45 |   6.55 |I I 
13:07-Thu-Mar-23-2017 PM10  |  14.35 |  14.83 |  26.22 |  11.33 |I I 
13:07-Thu-Mar-23-2017 PM2.5 |   7.86 |   8.00 |  13.45 |   6.55 |I I 
13:11-Thu-Mar-23-2017 PM10  |  13.15 |  14.41 |  26.22 |  11.33 |I I 
13:11-Thu-Mar-23-2017 PM2.5 |   8.13 |   8.03 |  13.45 |   6.55 |I I 
13:12-Thu-Mar-23-2017 PM10  |  15.52 |  14.63 |  26.22 |  11.33 |I I 
13:12-Thu-Mar-23-2017 PM2.5 |   8.17 |   8.06 |  13.45 |   6.55 |I I 
13:16-Thu-Mar-23-2017 PM10  |  14.58 |  14.62 |  26.22 |  11.33 |I I 
13:16-Thu-Mar-23-2017 PM2.5 |   8.25 |   8.09 |  13.45 |   6.55 |I I 
13:17-Thu-Mar-23-2017 PM10  |  13.62 |  14.48 |  26.22 |  11.33 |I I 
13:17-Thu-Mar-23-2017 PM2.5 |   7.62 |   8.03 |  13.45 |   6.55 |I I 
13:21-Thu-Mar-23-2017 PM10  |  13.22 |  14.32 |  26.22 |  11.33 |I I 
13:21-Thu-Mar-23-2017 PM2.5 |   7.78 |   8.00 |  13.45 |   6.55 |I I 
13:22-Thu-Mar-23-2017 PM10  |  13.22 |  14.20 |  26.22 |  11.33 |I I 
13:22-Thu-Mar-23-2017 PM2.5 |   7.78 |   7.97 |  13.45 |   6.55 |I I 
13:23-Thu-Mar-23-2017 PM10  |  13.74 |  14.15 |  26.22 |  11.33 |I I 
13:23-Thu-Mar-23-2017 PM2.5 |   7.51 |   7.93 |  13.45 |   6.55 |I I 
13:27-Thu-Mar-23-2017 PM10  |  14.30 |  14.17 |  26.22 |  11.33 |I I 
13:27-Thu-Mar-23-2017 PM2.5 |   7.51 |   7.89 |  13.45 |   6.55 |I I 
13:28-Thu-Mar-23-2017 PM10  |  14.55 |  14.20 |  26.22 |  11.33 |I I 
13:28-Thu-Mar-23-2017 PM2.5 |   7.24 |   7.83 |  13.45 |   6.55 |I I 
13:32-Thu-Mar-23-2017 PM10  |  12.89 |  14.10 |  26.22 |  11.33 |I I 
13:32-Thu-Mar-23-2017 PM2.5 |   7.70 |   7.82 |  13.45 |   6.55 |I I 
13:33-Thu-Mar-23-2017 PM10  |  13.17 |  14.03 |  26.22 |  11.33 |I I 
13:33-Thu-Mar-23-2017 PM2.5 |   7.83 |   7.82 |  13.45 |   6.55 |I I 
13:37-Thu-Mar-23-2017 PM10  |  17.75 |  14.28 |  26.22 |  11.33 |I I 
13:37-Thu-Mar-23-2017 PM2.5 |   8.57 |   7.87 |  13.45 |   6.55 |I I 
13:38-Thu-Mar-23-2017 PM10  |  17.29 |  14.47 |  26.22 |  11.33 |I I 
13:38-Thu-Mar-23-2017 PM2.5 |   8.07 |   7.89 |  13.45 |   6.55 |I I 
13:42-Thu-Mar-23-2017 PM10  |  15.64 |  14.54 |  26.22 |  11.33 |I I 
13:42-Thu-Mar-23-2017 PM2.5 |   7.96 |   7.89 |  13.45 |   6.55 |I I 
13:43-Thu-Mar-23-2017 PM10  |  17.93 |  14.72 |  26.22 |  11.33 |I I 
13:43-Thu-Mar-23-2017 PM2.5 |   8.00 |   7.90 |  13.45 |   6.55 |I I 
13:47-Thu-Mar-23-2017 PM10  |  17.10 |  14.85 |  26.22 |  11.33 |I I 
13:47-Thu-Mar-23-2017 PM2.5 |   8.20 |   7.91 |  13.45 |   6.55 |I I 
13:48-Thu-Mar-23-2017 PM10  |  17.10 |  14.96 |  26.22 |  11.33 |I I 
13:48-Thu-Mar-23-2017 PM2.5 |   8.20 |   7.93 |  13.45 |   6.55 |I I 
13:49-Thu-Mar-23-2017 PM10  |  18.53 |  15.13 |  26.22 |  11.33 |I I 
13:49-Thu-Mar-23-2017 PM2.5 |   8.19 |   7.94 |  13.45 |   6.55 |I I 
13:53-Thu-Mar-23-2017 PM10  |  17.86 |  15.25 |  26.22 |  11.33 |I I 
13:53-Thu-Mar-23-2017 PM2.5 |   8.80 |   7.98 |  13.45 |   6.55 |I I 
13:54-Thu-Mar-23-2017 PM10  |  18.96 |  15.42 |  26.22 |  11.33 |I I 
13:54-Thu-Mar-23-2017 PM2.5 |   8.62 |   8.01 |  13.45 |   6.55 |I I 
13:58-Thu-Mar-23-2017 PM10  |  18.57 |  15.55 |  26.22 |  11.33 |I I 
13:58-Thu-Mar-23-2017 PM2.5 |   8.95 |   8.05 |  13.45 |   6.55 |I I 
13:59-Thu-Mar-23-2017 PM10  |  18.15 |  15.65 |  26.22 |  11.33 |I I 
13:59-Thu-Mar-23-2017 PM2.5 |   8.48 |   8.06 |  13.45 |   6.55 |I I 
14:03-Thu-Mar-23-2017 PM10  |  20.62 |  15.84 |  26.22 |  11.33 |I I 
14:03-Thu-Mar-23-2017 PM2.5 |   8.87 |   8.09 |  13.45 |   6.55 |I I 
14:04-Thu-Mar-23-2017 PM10  |  18.33 |  18.33 |  26.22 |  11.33 |I I 
14:04-Thu-Mar-23-2017 PM2.5 |   7.97 |   7.97 |  13.45 |   6.55 |I I 
14:08-Thu-Mar-23-2017 PM10  |  21.01 |  19.67 |  26.22 |  11.33 |I I 
14:08-Thu-Mar-23-2017 PM2.5 |   8.69 |   8.33 |  13.45 |   6.55 |I I 
14:09-Thu-Mar-23-2017 PM10  |  18.67 |  19.34 |  26.22 |  11.33 |I I 
14:09-Thu-Mar-23-2017 PM2.5 |   8.04 |   8.23 |  13.45 |   6.55 |I I 
14:13-Thu-Mar-23-2017 PM10  |  22.82 |  20.21 |  26.22 |  11.33 |I I 
14:13-Thu-Mar-23-2017 PM2.5 |   8.24 |   8.23 |  13.45 |   6.55 |I I 
14:14-Thu-Mar-23-2017 PM10  |  22.82 |  20.73 |  26.22 |  11.33 |I I 
14:14-Thu-Mar-23-2017 PM2.5 |   8.24 |   8.24 |  13.45 |   6.55 |I I 
14:15-Thu-Mar-23-2017 PM10  |  16.30 |  19.99 |  26.22 |  11.33 |I I 
14:15-Thu-Mar-23-2017 PM2.5 |   8.06 |   8.21 |  13.45 |   6.55 |I I 
14:19-Thu-Mar-23-2017 PM10  |  20.78 |  20.10 |  26.22 |  11.33 |I I 
14:19-Thu-Mar-23-2017 PM2.5 |   8.50 |   8.25 |  13.45 |   6.55 |I I 
14:20-Thu-Mar-23-2017 PM10  |  16.87 |  19.70 |  26.22 |  11.33 |I I 
14:20-Thu-Mar-23-2017 PM2.5 |   7.24 |   8.12 |  13.45 |   6.55 |I I 
14:24-Thu-Mar-23-2017 PM10  |  19.17 |  19.64 |  26.22 |  11.33 |I I 
14:24-Thu-Mar-23-2017 PM2.5 |   7.90 |   8.10 |  13.45 |   6.55 |I I 
14:25-Thu-Mar-23-2017 PM10  |  21.16 |  19.79 |  26.22 |  11.33 |I I 
14:25-Thu-Mar-23-2017 PM2.5 |   7.87 |   8.07 |  13.45 |   6.55 |I I 
14:29-Thu-Mar-23-2017 PM10  |  16.70 |  19.51 |  26.22 |  11.33 |I I 
14:29-Thu-Mar-23-2017 PM2.5 |   7.62 |   8.03 |  13.45 |   6.55 |I I 
14:30-Thu-Mar-23-2017 PM10  |  19.95 |  19.55 |  26.22 |  11.33 |I I 
14:30-Thu-Mar-23-2017 PM2.5 |   8.31 |   8.06 |  13.45 |   6.55 |I I 
14:34-Thu-Mar-23-2017 PM10  |  18.64 |  19.48 |  26.22 |  11.33 |I I 
14:34-Thu-Mar-23-2017 PM2.5 |   7.97 |   8.05 |  13.45 |   6.55 |I I 
14:35-Thu-Mar-23-2017 PM10  |  20.49 |  19.55 |  26.22 |  11.33 |I I 
14:35-Thu-Mar-23-2017 PM2.5 |   7.80 |   8.03 |  13.45 |   6.55 |I I 
14:39-Thu-Mar-23-2017 PM10  |  19.08 |  19.52 |  26.22 |  11.33 |I I 
14:39-Thu-Mar-23-2017 PM2.5 |   7.64 |   8.01 |  13.45 |   6.55 |I I 
14:40-Thu-Mar-23-2017 PM10  |  19.08 |  19.49 |  26.22 |  11.33 |I I 
14:40-Thu-Mar-23-2017 PM2.5 |   7.64 |   7.98 |  13.45 |   6.55 |I I 
14:41-Thu-Mar-23-2017 PM10  |  15.27 |  19.24 |  26.22 |  11.33 |I I 
14:41-Thu-Mar-23-2017 PM2.5 |   7.51 |   7.95 |  13.45 |   6.55 |I I 
14:45-Thu-Mar-23-2017 PM10  |  16.00 |  19.06 |  26.22 |  11.33 |I I 
14:45-Thu-Mar-23-2017 PM2.5 |   7.91 |   7.95 |  13.45 |   6.55 |I I 
14:46-Thu-Mar-23-2017 PM10  |  14.63 |  18.83 |  26.22 |  11.33 |I I 
14:46-Thu-Mar-23-2017 PM2.5 |   7.11 |   7.91 |  13.45 |   6.55 |I I 
14:50-Thu-Mar-23-2017 PM10  |  16.60 |  18.72 |  26.22 |  11.33 |I I 
14:50-Thu-Mar-23-2017 PM2.5 |   7.56 |   7.89 |  13.45 |   6.55 |I I 
14:51-Thu-Mar-23-2017 PM10  |  16.48 |  18.61 |  26.22 |  11.33 |I I 
14:51-Thu-Mar-23-2017 PM2.5 |   7.44 |   7.87 |  13.45 |   6.55 |I I 
14:55-Thu-Mar-23-2017 PM10  |  13.81 |  18.39 |  26.22 |  11.33 |I I 
14:55-Thu-Mar-23-2017 PM2.5 |   7.36 |   7.85 |  13.45 |   6.55 |I I 
14:56-Thu-Mar-23-2017 PM10  |  14.52 |  18.22 |  26.22 |  11.33 |I I 
14:56-Thu-Mar-23-2017 PM2.5 |   7.11 |   7.81 |  13.45 |   6.55 |I I 
15:00-Thu-Mar-23-2017 PM10  |  16.87 |  18.17 |  26.22 |  11.33 |I I 
15:00-Thu-Mar-23-2017 PM2.5 |   7.39 |   7.80 |  13.45 |   6.55 |I I 
15:01-Thu-Mar-23-2017 PM10  |  16.25 |  16.25 |  26.22 |  11.33 |I I 
15:01-Thu-Mar-23-2017 PM2.5 |   7.23 |   7.23 |  13.45 |   6.55 |I I 
15:05-Thu-Mar-23-2017 PM10  |  12.73 |  14.49 |  26.22 |  11.33 |I I 
15:05-Thu-Mar-23-2017 PM2.5 |   7.39 |   7.31 |  13.45 |   6.55 |I I 
15:06-Thu-Mar-23-2017 PM10  |  12.73 |  13.91 |  26.22 |  11.33 |I I 
15:06-Thu-Mar-23-2017 PM2.5 |   7.39 |   7.34 |  13.45 |   6.55 |I I 
15:07-Thu-Mar-23-2017 PM10  |  14.69 |  14.10 |  26.22 |  11.33 |I I 
15:07-Thu-Mar-23-2017 PM2.5 |   6.99 |   7.25 |  13.45 |   6.55 |I I 
15:11-Thu-Mar-23-2017 PM10  |  15.98 |  14.48 |  26.22 |  11.33 |I I 
15:11-Thu-Mar-23-2017 PM2.5 |   7.08 |   7.21 |  13.45 |   6.55 |I I 
15:13-Thu-Mar-23-2017 PM10  |  15.75 |  14.69 |  26.22 |  11.33 |I I 
15:13-Thu-Mar-23-2017 PM2.5 |   7.44 |   7.25 |  13.45 |   6.55 |I I 
15:17-Thu-Mar-23-2017 PM10  |  14.09 |  14.60 |  26.22 |  11.33 |I I 
15:17-Thu-Mar-23-2017 PM2.5 |   7.40 |   7.27 |  13.45 |   6.55 |I I 
15:18-Thu-Mar-23-2017 PM10  |  17.64 |  14.98 |  26.22 |  11.33 |I I 
15:18-Thu-Mar-23-2017 PM2.5 |   6.85 |   7.22 |  13.45 |   6.55 |I I 
15:22-Thu-Mar-23-2017 PM10  |  16.49 |  15.15 |  26.22 |  11.33 |I I 
15:22-Thu-Mar-23-2017 PM2.5 |   7.24 |   7.22 |  13.45 |   6.55 |I I 
15:23-Thu-Mar-23-2017 PM10  |  13.25 |  14.96 |  26.22 |  11.33 |I I 
15:23-Thu-Mar-23-2017 PM2.5 |   6.76 |   7.18 |  13.45 |   6.55 |I I 
15:27-Thu-Mar-23-2017 PM10  |  12.73 |  14.76 |  26.22 |  11.33 |I I 
15:27-Thu-Mar-23-2017 PM2.5 |   7.08 |   7.17 |  13.45 |   6.55 |I I 
15:28-Thu-Mar-23-2017 PM10  |  13.54 |  14.66 |  26.22 |  11.33 |I I 
15:28-Thu-Mar-23-2017 PM2.5 |   7.02 |   7.16 |  13.45 |   6.55 |I I 
15:32-Thu-Mar-23-2017 PM10  |  12.68 |  14.50 |  26.22 |  11.33 |I I 
15:32-Thu-Mar-23-2017 PM2.5 |   7.09 |   7.15 |  13.45 |   6.55 |I I 
15:33-Thu-Mar-23-2017 PM10  |  12.68 |  14.37 |  26.22 |  11.33 |I I 
15:33-Thu-Mar-23-2017 PM2.5 |   7.09 |   7.15 |  13.45 |   6.55 |I I 
15:34-Thu-Mar-23-2017 PM10  |  13.45 |  14.31 |  26.22 |  11.33 |I I 
15:34-Thu-Mar-23-2017 PM2.5 |   6.65 |   7.11 |  13.45 |   6.55 |I I 
15:38-Thu-Mar-23-2017 PM10  |  11.78 |  14.15 |  26.22 |  11.33 |I I 
15:38-Thu-Mar-23-2017 PM2.5 |   6.78 |   7.09 |  13.45 |   6.55 |I I 
15:39-Thu-Mar-23-2017 PM10  |  13.81 |  14.13 |  26.22 |  11.33 |I I 
15:39-Thu-Mar-23-2017 PM2.5 |   7.04 |   7.09 |  13.45 |   6.55 |I I 
15:43-Thu-Mar-23-2017 PM10  |  12.66 |  14.05 |  26.22 |  11.33 |I I 
15:43-Thu-Mar-23-2017 PM2.5 |   6.96 |   7.08 |  13.45 |   6.55 |I I 
15:44-Thu-Mar-23-2017 PM10  |  10.88 |  13.88 |  26.22 |  11.33 |I I 
15:44-Thu-Mar-23-2017 PM2.5 |   6.76 |   7.07 |  13.45 |   6.55 |I I 
15:48-Thu-Mar-23-2017 PM10  |  11.56 |  13.77 |  26.22 |  11.33 |I I 
15:48-Thu-Mar-23-2017 PM2.5 |   6.87 |   7.06 |  13.45 |   6.55 |I I 
15:49-Thu-Mar-23-2017 PM10  |  12.71 |  13.72 |  26.22 |  11.33 |I I 
15:49-Thu-Mar-23-2017 PM2.5 |   6.72 |   7.04 |  13.45 |   6.55 |I I 
15:53-Thu-Mar-23-2017 PM10  |  10.55 |  13.57 |  26.22 |  11.33 |I I 
15:53-Thu-Mar-23-2017 PM2.5 |   6.92 |   7.03 |  13.45 |   6.55 |I I 
15:54-Thu-Mar-23-2017 PM10  |  12.28 |  13.52 |  26.22 |  11.33 |I I 
15:54-Thu-Mar-23-2017 PM2.5 |   6.52 |   7.01 |  13.45 |   6.55 |I I 
15:58-Thu-Mar-23-2017 PM10  |  11.38 |  13.43 |  26.22 |  11.33 |I I 
15:58-Thu-Mar-23-2017 PM2.5 |   6.72 |   7.00 |  13.45 |   6.55 |I I 
15:59-Thu-Mar-23-2017 PM10  |  11.38 |  13.35 |  26.22 |  11.33 |I I 
15:59-Thu-Mar-23-2017 PM2.5 |   6.72 |   6.99 |  13.45 |   6.55 |I I 
16:00-Thu-Mar-23-2017 PM10  |  11.63 |  13.28 |  26.22 |  11.33 |I B 
16:00-Thu-Mar-23-2017 PM2.5 |   6.74 |   6.98 |  13.45 |   6.55 |I B 
16:04-Thu-Mar-23-2017recover dati per host :92.223.147.77/nodered
16:04-Thu-Mar-23-2017 PM10  |  13.94 |  13.94 |  26.22 |  11.33 |I I 
16:04-Thu-Mar-23-2017 PM2.5 |   6.91 |   6.91 |  13.45 |   6.55 |I I 
16:05-Thu-Mar-23-2017 PM10  |  10.32 |  12.13 |  26.22 |  11.33 |I I 
16:05-Thu-Mar-23-2017 PM2.5 |   6.40 |   6.66 |  13.45 |   6.55 |I I 
16:09-Thu-Mar-23-2017 PM10  |  12.15 |  12.13 |  26.22 |  11.33 |I I 
16:09-Thu-Mar-23-2017 PM2.5 |   6.67 |   6.66 |  13.45 |   6.55 |I I 
16:10-Thu-Mar-23-2017 PM10  |  11.99 |  12.10 |  26.22 |  11.33 |I I 
16:10-Thu-Mar-23-2017 PM2.5 |   6.97 |   6.74 |  13.45 |   6.55 |I I 
16:14-Thu-Mar-23-2017 PM10  |  14.90 |  12.66 |  26.22 |  11.33 |I I 
16:14-Thu-Mar-23-2017 PM2.5 |   6.80 |   6.75 |  13.45 |   6.55 |I I 
16:15-Thu-Mar-23-2017 PM10  |  10.62 |  12.32 |  26.22 |  11.33 |I I 
16:15-Thu-Mar-23-2017 PM2.5 |   6.27 |   6.67 |  13.45 |   6.55 |I I 
16:19-Thu-Mar-23-2017 PM10  |  11.67 |  12.23 |  26.22 |  11.33 |I I 
16:19-Thu-Mar-23-2017 PM2.5 |   6.46 |   6.64 |  13.45 |   6.55 |I I 
16:20-Thu-Mar-23-2017 PM10  |  14.76 |  12.54 |  26.22 |  11.33 |I I 
16:20-Thu-Mar-23-2017 PM2.5 |   6.98 |   6.68 |  13.45 |   6.55 |I I 
16:24-Thu-Mar-23-2017 PM10  |  14.34 |  12.74 |  26.22 |  11.33 |I I 
16:24-Thu-Mar-23-2017 PM2.5 |   6.91 |   6.71 |  13.45 |   6.55 |I I 
16:25-Thu-Mar-23-2017 PM10  |  12.32 |  12.70 |  26.22 |  11.33 |I I 
16:25-Thu-Mar-23-2017 PM2.5 |   6.88 |   6.73 |  13.45 |   6.55 |I I 
16:26-Thu-Mar-23-2017 PM10  |  12.32 |  12.66 |  26.22 |  11.33 |I I 
16:26-Thu-Mar-23-2017 PM2.5 |   6.88 |   6.74 |  13.45 |   6.55 |I I 
16:30-Thu-Mar-23-2017 PM10  |  12.86 |  12.68 |  26.22 |  11.33 |I I 
16:30-Thu-Mar-23-2017 PM2.5 |   6.82 |   6.75 |  13.45 |   6.55 |I I 
16:31-Thu-Mar-23-2017 PM10  |  10.31 |  12.50 |  26.22 |  11.33 |I I 
16:31-Thu-Mar-23-2017 PM2.5 |   6.14 |   6.70 |  13.45 |   6.55 |I I 
16:35-Thu-Mar-23-2017 PM10  |  11.25 |  12.41 |  26.22 |  11.33 |I I 
16:35-Thu-Mar-23-2017 PM2.5 |   6.35 |   6.67 |  13.45 |   6.55 |I I 
16:36-Thu-Mar-23-2017 PM10  |  11.89 |  12.37 |  26.22 |  11.33 |I I 
16:36-Thu-Mar-23-2017 PM2.5 |   6.43 |   6.66 |  13.45 |   6.55 |I I 
16:40-Thu-Mar-23-2017 PM10  |  14.01 |  12.48 |  26.22 |  11.33 |I I 
16:40-Thu-Mar-23-2017 PM2.5 |   6.41 |   6.64 |  13.45 |   6.55 |I I 
16:41-Thu-Mar-23-2017 PM10  |  12.66 |  12.49 |  26.22 |  11.33 |I I 
16:41-Thu-Mar-23-2017 PM2.5 |   6.72 |   6.65 |  13.45 |   6.55 |I I 
16:45-Thu-Mar-23-2017 PM10  |  11.22 |  12.42 |  26.22 |  11.33 |I I 
16:45-Thu-Mar-23-2017 PM2.5 |   6.79 |   6.66 |  13.45 |   6.55 |I I 
16:46-Thu-Mar-23-2017 PM10  |   9.89 |  12.28 |  26.22 |  11.33 |I I 
16:46-Thu-Mar-23-2017 PM2.5 |   6.05 |   6.62 |  13.45 |   6.55 |I I 
16:50-Thu-Mar-23-2017 PM10  |  11.87 |  12.26 |  26.22 |  11.33 |I I 
16:50-Thu-Mar-23-2017 PM2.5 |   6.73 |   6.63 |  13.45 |   6.55 |I I 
16:51-Thu-Mar-23-2017 PM10  |  11.26 |  12.22 |  26.22 |  11.33 |I I 
16:51-Thu-Mar-23-2017 PM2.5 |   6.33 |   6.61 |  13.45 |   6.55 |I I 
16:52-Thu-Mar-23-2017 PM10  |  11.26 |  12.17 |  26.22 |  11.33 |I I 
16:52-Thu-Mar-23-2017 PM2.5 |   6.33 |   6.60 |  13.45 |   6.55 |I I 
16:56-Thu-Mar-23-2017 PM10  |   9.93 |  12.07 |  26.22 |  11.33 |I I 
16:56-Thu-Mar-23-2017 PM2.5 |   6.38 |   6.59 |  13.45 |   6.55 |I I 
16:57-Thu-Mar-23-2017 PM10  |  10.82 |  12.02 |  26.22 |  11.33 |I I 
16:57-Thu-Mar-23-2017 PM2.5 |   6.39 |   6.58 |  13.45 |   6.55 |I I 
17:01-Thu-Mar-23-2017 PM10  |  11.42 |  12.00 |  26.22 |  11.33 |I I 
17:01-Thu-Mar-23-2017 PM2.5 |   6.64 |   6.59 |  13.45 |   6.55 |I I 
17:02-Thu-Mar-23-2017 PM10  |   9.04 |   9.04 |  26.22 |  11.33 |I I 
17:02-Thu-Mar-23-2017 PM2.5 |   6.09 |   6.09 |  13.45 |   6.55 |I I 
17:06-Thu-Mar-23-2017 PM10  |  10.96 |  10.00 |  26.22 |  11.33 |I I 
17:06-Thu-Mar-23-2017 PM2.5 |   6.29 |   6.19 |  13.45 |   6.55 |I I 
17:07-Thu-Mar-23-2017 PM10  |  12.08 |  10.70 |  26.22 |  11.33 |I I 
17:07-Thu-Mar-23-2017 PM2.5 |   6.02 |   6.13 |  13.45 |   6.55 |I I 
17:11-Thu-Mar-23-2017 PM10  |  12.81 |  11.22 |  26.22 |  11.33 |I I 
17:11-Thu-Mar-23-2017 PM2.5 |   6.36 |   6.19 |  13.45 |   6.55 |I I 
17:12-Thu-Mar-23-2017 PM10  |  11.10 |  11.20 |  26.22 |  11.33 |I I 
17:12-Thu-Mar-23-2017 PM2.5 |   6.26 |   6.20 |  13.45 |   6.55 |I I 
17:16-Thu-Mar-23-2017 PM10  |  11.08 |  11.18 |  26.22 |  11.33 |I I 
17:16-Thu-Mar-23-2017 PM2.5 |   6.85 |   6.31 |  13.45 |   6.55 |I I 
17:17-Thu-Mar-23-2017 PM10  |  10.87 |  11.14 |  26.22 |  11.33 |I I 
17:17-Thu-Mar-23-2017 PM2.5 |   6.02 |   6.27 |  13.45 |   6.55 |I I 
17:18-Thu-Mar-23-2017 PM10  |  10.87 |  11.10 |  26.22 |  11.33 |I I 
17:18-Thu-Mar-23-2017 PM2.5 |   6.02 |   6.24 |  13.45 |   6.55 |I I 
17:22-Thu-Mar-23-2017 PM10  |  11.83 |  11.18 |  26.22 |  11.33 |I I 
17:22-Thu-Mar-23-2017 PM2.5 |   6.40 |   6.26 |  13.45 |   6.55 |I I 
17:23-Thu-Mar-23-2017 PM10  |   9.87 |  11.05 |  26.22 |  11.33 |I I 
17:23-Thu-Mar-23-2017 PM2.5 |   6.18 |   6.25 |  13.45 |   6.55 |I I 
17:27-Thu-Mar-23-2017 PM10  |   9.96 |  10.95 |  26.22 |  11.33 |I I 
17:27-Thu-Mar-23-2017 PM2.5 |   6.53 |   6.27 |  13.45 |   6.55 |I I 
17:28-Thu-Mar-23-2017 PM10  |  11.32 |  10.98 |  26.22 |  11.33 |I I 
17:28-Thu-Mar-23-2017 PM2.5 |   6.40 |   6.28 |  13.45 |   6.55 |I I 
17:32-Thu-Mar-23-2017 PM10  |  10.63 |  10.96 |  26.22 |  11.33 |I I 
17:32-Thu-Mar-23-2017 PM2.5 |   6.74 |   6.32 |  13.45 |   6.55 |I I 
17:33-Thu-Mar-23-2017 PM10  |  10.09 |  10.89 |  26.22 |  11.33 |I I 
17:33-Thu-Mar-23-2017 PM2.5 |   6.11 |   6.30 |  13.45 |   6.55 |I I 
17:37-Thu-Mar-23-2017 PM10  |  10.24 |  10.85 |  26.22 |  11.33 |I I 
17:37-Thu-Mar-23-2017 PM2.5 |   6.29 |   6.30 |  13.45 |   6.55 |I I 
17:38-Thu-Mar-23-2017 PM10  |  11.20 |  10.87 |  26.22 |  11.33 |I I 
17:38-Thu-Mar-23-2017 PM2.5 |   5.97 |   6.28 |  13.45 |   6.55 |I I 
17:42-Thu-Mar-23-2017 PM10  |   9.14 |  10.77 |  26.22 |  11.33 |I I 
17:42-Thu-Mar-23-2017 PM2.5 |   5.75 |   6.25 |  13.45 |   6.55 |I I 
17:43-Thu-Mar-23-2017 PM10  |   9.97 |  10.73 |  26.22 |  11.33 |I I 
17:43-Thu-Mar-23-2017 PM2.5 |   6.25 |   6.25 |  13.45 |   6.55 |I I 
17:44-Thu-Mar-23-2017 PM10  |   9.97 |  10.69 |  26.22 |  11.33 |I I 
17:44-Thu-Mar-23-2017 PM2.5 |   6.25 |   6.25 |  13.45 |   6.55 |I I 
17:48-Thu-Mar-23-2017 PM10  |  11.65 |  10.73 |  26.22 |  11.33 |I I 
17:48-Thu-Mar-23-2017 PM2.5 |   6.45 |   6.26 |  13.45 |   6.55 |I I 
17:49-Thu-Mar-23-2017 PM10  |   9.45 |  10.67 |  26.22 |  11.33 |I I 
17:49-Thu-Mar-23-2017 PM2.5 |   6.00 |   6.25 |  13.45 |   6.55 |I I 
17:53-Thu-Mar-23-2017 PM10  |   9.27 |  10.61 |  26.22 |  11.33 |I I 
17:53-Thu-Mar-23-2017 PM2.5 |   6.02 |   6.24 |  13.45 |   6.55 |I I 
17:54-Thu-Mar-23-2017 PM10  |  10.25 |  10.59 |  26.22 |  11.33 |I I 
17:54-Thu-Mar-23-2017 PM2.5 |   5.98 |   6.23 |  13.45 |   6.55 |I I 
17:58-Thu-Mar-23-2017 PM10  |  10.78 |  10.60 |  26.22 |  11.33 |I I 
17:58-Thu-Mar-23-2017 PM2.5 |   6.48 |   6.24 |  13.45 |   6.55 |I I 
17:59-Thu-Mar-23-2017 PM10  |  10.21 |  10.59 |  26.22 |  11.33 |I I 
17:59-Thu-Mar-23-2017 PM2.5 |   6.07 |   6.23 |  13.45 |   6.55 |I I 
18:03-Thu-Mar-23-2017 PM10  |   9.93 |  10.56 |  26.22 |  10.56 |I I 
18:03-Thu-Mar-23-2017 PM2.5 |   6.23 |   6.23 |  13.45 |   6.23 |I I 
18:05-Thu-Mar-23-2017 PM10  |  10.63 |  10.63 |  26.22 |  10.56 |I I 
18:05-Thu-Mar-23-2017 PM2.5 |   5.96 |   5.96 |  13.45 |   6.23 |I I 
18:09-Thu-Mar-23-2017 PM10  |  11.37 |  11.00 |  26.22 |  10.56 |I I 
18:09-Thu-Mar-23-2017 PM2.5 |   6.36 |   6.16 |  13.45 |   6.23 |I I 
18:10-Thu-Mar-23-2017 PM10  |   9.90 |  10.63 |  26.22 |  10.56 |I I 
18:10-Thu-Mar-23-2017 PM2.5 |   5.99 |   6.11 |  13.45 |   6.23 |I I 
18:11-Thu-Mar-23-2017 PM10  |   9.90 |  10.45 |  26.22 |  10.56 |I I 
18:11-Thu-Mar-23-2017 PM2.5 |   5.99 |   6.08 |  13.45 |   6.23 |I I 
18:15-Thu-Mar-23-2017 PM10  |   9.13 |  10.19 |  26.22 |  10.56 |I I 
18:15-Thu-Mar-23-2017 PM2.5 |   5.92 |   6.05 |  13.45 |   6.23 |I I 
18:16-Thu-Mar-23-2017 PM10  |   9.95 |  10.15 |  26.22 |  10.56 |I I 
18:16-Thu-Mar-23-2017 PM2.5 |   6.20 |   6.07 |  13.45 |   6.23 |I I 
18:20-Thu-Mar-23-2017 PM10  |   9.99 |  10.12 |  26.22 |  10.56 |I I 
18:20-Thu-Mar-23-2017 PM2.5 |   6.21 |   6.09 |  13.45 |   6.23 |I I 
18:21-Thu-Mar-23-2017 PM10  |  11.71 |  10.32 |  26.22 |  10.56 |I I 
18:21-Thu-Mar-23-2017 PM2.5 |   6.00 |   6.08 |  13.45 |   6.23 |I I 
18:25-Thu-Mar-23-2017 PM10  |  10.71 |  10.37 |  26.22 |  10.56 |I I 
18:25-Thu-Mar-23-2017 PM2.5 |   6.34 |   6.11 |  13.45 |   6.23 |I I 
18:26-Thu-Mar-23-2017 PM10  |   9.83 |  10.31 |  26.22 |  10.56 |I I 
18:26-Thu-Mar-23-2017 PM2.5 |   5.81 |   6.08 |  13.45 |   6.23 |I I 
18:30-Thu-Mar-23-2017 PM10  |   9.37 |  10.23 |  26.22 |  10.56 |I I 
18:30-Thu-Mar-23-2017 PM2.5 |   5.86 |   6.06 |  13.45 |   6.23 |I I 
18:31-Thu-Mar-23-2017 PM10  |   8.16 |  10.06 |  26.22 |  10.56 |I I 
18:31-Thu-Mar-23-2017 PM2.5 |   5.57 |   6.02 |  13.45 |   6.23 |I I 
18:35-Thu-Mar-23-2017 PM10  |   7.88 |   9.89 |  26.22 |  10.56 |I I 
18:35-Thu-Mar-23-2017 PM2.5 |   5.51 |   5.98 |  13.45 |   6.23 |I I 
18:36-Thu-Mar-23-2017 PM10  |   8.61 |   9.80 |  26.22 |  10.56 |I I 
18:36-Thu-Mar-23-2017 PM2.5 |   6.10 |   5.99 |  13.45 |   6.23 |I I 
18:37-Thu-Mar-23-2017 PM10  |   8.61 |   9.72 |  26.22 |  10.56 |I I 
18:37-Thu-Mar-23-2017 PM2.5 |   6.10 |   5.99 |  13.45 |   6.23 |I I 
18:40-Thu-Mar-23-2017 PM10  |   9.10 |   9.68 |  26.22 |  10.56 |I I 
18:40-Thu-Mar-23-2017 PM2.5 |   6.07 |   6.00 |  13.45 |   6.23 |I I 
18:41-Thu-Mar-23-2017 PM10  |   9.10 |   9.65 |  26.22 |  10.56 |I I 
18:41-Thu-Mar-23-2017 PM2.5 |   6.07 |   6.00 |  13.45 |   6.23 |I I 
18:42-Thu-Mar-23-2017 PM10  |  10.00 |   9.67 |  26.22 |  10.56 |I I 
18:42-Thu-Mar-23-2017 PM2.5 |   6.05 |   6.01 |  13.45 |   6.23 |I I 
18:46-Thu-Mar-23-2017 PM10  |  10.06 |   9.69 |  26.22 |  10.56 |I I 
18:46-Thu-Mar-23-2017 PM2.5 |   5.97 |   6.00 |  13.45 |   6.23 |I I 
18:47-Thu-Mar-23-2017 PM10  |   8.56 |   9.63 |  26.22 |  10.56 |I I 
18:47-Thu-Mar-23-2017 PM2.5 |   5.51 |   5.98 |  13.45 |   6.23 |I I 
18:51-Thu-Mar-23-2017 PM10  |   9.50 |   9.62 |  26.22 |  10.56 |I I 
18:51-Thu-Mar-23-2017 PM2.5 |   5.71 |   5.97 |  13.45 |   6.23 |I I 
18:52-Thu-Mar-23-2017 PM10  |   9.62 |   9.62 |  26.22 |  10.56 |I I 
18:52-Thu-Mar-23-2017 PM2.5 |   5.68 |   5.95 |  13.45 |   6.23 |I I 
18:56-Thu-Mar-23-2017 PM10  |   9.98 |   9.64 |  26.22 |  10.56 |I I 
18:56-Thu-Mar-23-2017 PM2.5 |   6.21 |   5.96 |  13.45 |   6.23 |I I 
18:57-Thu-Mar-23-2017 PM10  |   8.42 |   9.59 |  26.22 |  10.56 |I I 
18:57-Thu-Mar-23-2017 PM2.5 |   5.49 |   5.94 |  13.45 |   6.23 |I I 
19:01-Thu-Mar-23-2017 PM10  |   8.83 |   9.56 |  26.22 |   9.56 |I I 
19:01-Thu-Mar-23-2017 PM2.5 |   5.89 |   5.94 |  13.45 |   5.94 |I I 
19:02-Thu-Mar-23-2017 PM10  |   8.65 |   8.65 |  26.22 |   9.56 |I I 
19:02-Thu-Mar-23-2017 PM2.5 |   5.47 |   5.47 |  13.45 |   5.94 |I I 
19:06-Thu-Mar-23-2017 PM10  |   8.83 |   8.74 |  26.22 |   9.56 |I I 
19:06-Thu-Mar-23-2017 PM2.5 |   5.80 |   5.64 |  13.45 |   5.94 |I I 
19:07-Thu-Mar-23-2017 PM10  |   8.83 |   8.77 |  26.22 |   9.56 |I I 
19:07-Thu-Mar-23-2017 PM2.5 |   5.80 |   5.69 |  13.45 |   5.94 |I I 
19:08-Thu-Mar-23-2017 PM10  |   8.59 |   8.73 |  26.22 |   9.56 |I I 
19:08-Thu-Mar-23-2017 PM2.5 |   5.66 |   5.68 |  13.45 |   5.94 |I I 
19:12-Thu-Mar-23-2017 PM10  |   8.74 |   8.73 |  26.22 |   9.56 |I I 
19:12-Thu-Mar-23-2017 PM2.5 |   5.92 |   5.73 |  13.45 |   5.94 |I I 
19:13-Thu-Mar-23-2017 PM10  |   7.97 |   8.60 |  26.22 |   9.56 |I I 
19:13-Thu-Mar-23-2017 PM2.5 |   5.55 |   5.70 |  13.45 |   5.94 |I I 
19:17-Thu-Mar-23-2017 PM10  |   9.13 |   8.68 |  26.22 |   9.56 |I I 
19:17-Thu-Mar-23-2017 PM2.5 |   6.03 |   5.75 |  13.45 |   5.94 |I I 
19:18-Thu-Mar-23-2017 PM10  |   9.64 |   8.80 |  26.22 |   9.56 |I I 
19:18-Thu-Mar-23-2017 PM2.5 |   6.07 |   5.79 |  13.45 |   5.94 |I I 
19:22-Thu-Mar-23-2017 PM10  |  10.69 |   9.01 |  26.22 |   9.56 |I I 
19:22-Thu-Mar-23-2017 PM2.5 |   6.23 |   5.84 |  13.45 |   5.94 |I I 
19:23-Thu-Mar-23-2017 PM10  |   7.87 |   8.89 |  26.22 |   9.56 |I I 
19:23-Thu-Mar-23-2017 PM2.5 |   5.35 |   5.79 |  13.45 |   5.94 |I I 
19:27-Thu-Mar-23-2017 PM10  |   7.76 |   8.79 |  26.22 |   9.56 |I I 
19:27-Thu-Mar-23-2017 PM2.5 |   5.80 |   5.79 |  13.45 |   5.94 |I I 
19:28-Thu-Mar-23-2017 PM10  |   8.86 |   8.80 |  26.22 |   9.56 |I I 
19:28-Thu-Mar-23-2017 PM2.5 |   5.75 |   5.79 |  13.45 |   5.94 |I I 
19:32-Thu-Mar-23-2017 PM10  |   8.86 |   8.80 |  26.22 |   9.56 |I I 
19:32-Thu-Mar-23-2017 PM2.5 |   5.56 |   5.77 |  13.45 |   5.94 |I I 
19:33-Thu-Mar-23-2017 PM10  |   8.86 |   8.81 |  26.22 |   9.56 |I I 
19:33-Thu-Mar-23-2017 PM2.5 |   5.56 |   5.75 |  13.45 |   5.94 |I I 
19:34-Thu-Mar-23-2017 PM10  |  11.01 |   8.95 |  26.22 |   9.56 |I I 
19:34-Thu-Mar-23-2017 PM2.5 |   6.16 |   5.78 |  13.45 |   5.94 |I I 
19:38-Thu-Mar-23-2017 PM10  |  11.09 |   9.09 |  26.22 |   9.56 |I I 
19:38-Thu-Mar-23-2017 PM2.5 |   6.25 |   5.81 |  13.45 |   5.94 |I I 
19:39-Thu-Mar-23-2017 PM10  |  11.37 |   9.22 |  26.22 |   9.56 |I I 
19:39-Thu-Mar-23-2017 PM2.5 |   6.31 |   5.84 |  13.45 |   5.94 |I I 
19:43-Thu-Mar-23-2017 PM10  |  10.23 |   9.28 |  26.22 |   9.56 |I I 
19:43-Thu-Mar-23-2017 PM2.5 |   6.41 |   5.87 |  13.45 |   5.94 |I I 
19:44-Thu-Mar-23-2017 PM10  |  11.54 |   9.40 |  26.22 |   9.56 |I I 
19:44-Thu-Mar-23-2017 PM2.5 |   6.94 |   5.93 |  13.45 |   5.94 |I I 
19:48-Thu-Mar-23-2017 PM10  |  13.08 |   9.58 |  26.22 |   9.56 |I I 
19:48-Thu-Mar-23-2017 PM2.5 |   7.14 |   5.99 |  13.45 |   5.94 |I I 
19:49-Thu-Mar-23-2017 PM10  |  13.28 |   9.76 |  26.22 |   9.56 |I I 
19:49-Thu-Mar-23-2017 PM2.5 |   6.52 |   6.01 |  13.45 |   5.94 |I I 
19:53-Thu-Mar-23-2017 PM10  |  13.32 |   9.92 |  26.22 |   9.56 |I I 
19:53-Thu-Mar-23-2017 PM2.5 |   6.60 |   6.04 |  13.45 |   5.94 |I I 
19:54-Thu-Mar-23-2017 PM10  |  15.93 |  10.18 |  26.22 |   9.56 |I I 
19:54-Thu-Mar-23-2017 PM2.5 |   6.44 |   6.06 |  13.45 |   5.94 |I I 
19:58-Thu-Mar-23-2017 PM10  |  13.04 |  10.30 |  26.22 |   9.56 |I I 
19:58-Thu-Mar-23-2017 PM2.5 |   6.29 |   6.07 |  13.45 |   5.94 |I I 
19:59-Thu-Mar-23-2017 PM10  |  13.04 |  10.41 |  26.22 |   9.56 |I I 
19:59-Thu-Mar-23-2017 PM2.5 |   6.29 |   6.08 |  13.45 |   5.94 |I I 
20:00-Thu-Mar-23-2017 PM10  |  12.02 |  10.47 |  26.22 |   9.56 |I I 
20:00-Thu-Mar-23-2017 PM2.5 |   5.91 |   6.07 |  13.45 |   5.94 |I I 
20:04-Thu-Mar-23-2017 PM10  |  13.54 |  13.54 |  26.22 |   9.56 |I I 
20:04-Thu-Mar-23-2017 PM2.5 |   6.15 |   6.15 |  13.45 |   5.94 |I I 
20:05-Thu-Mar-23-2017 PM10  |  10.44 |  11.99 |  26.22 |   9.56 |I I 
20:05-Thu-Mar-23-2017 PM2.5 |   6.01 |   6.08 |  13.45 |   5.94 |I I 
20:09-Thu-Mar-23-2017 PM10  |  14.15 |  12.71 |  26.22 |   9.56 |I I 
20:09-Thu-Mar-23-2017 PM2.5 |   6.37 |   6.18 |  13.45 |   5.94 |I I 
20:10-Thu-Mar-23-2017 PM10  |  13.95 |  13.02 |  26.22 |   9.56 |I I 
20:10-Thu-Mar-23-2017 PM2.5 |   6.11 |   6.16 |  13.45 |   5.94 |I I 
20:14-Thu-Mar-23-2017 PM10  |  13.28 |  13.07 |  26.22 |   9.56 |I I 
20:14-Thu-Mar-23-2017 PM2.5 |   6.56 |   6.24 |  13.45 |   5.94 |I I 
20:15-Thu-Mar-23-2017 PM10  |  15.11 |  13.41 |  26.22 |   9.56 |I I 
20:15-Thu-Mar-23-2017 PM2.5 |   6.38 |   6.27 |  13.45 |   5.94 |I I 
20:19-Thu-Mar-23-2017 PM10  |  13.65 |  13.45 |  26.22 |   9.56 |I I 
20:19-Thu-Mar-23-2017 PM2.5 |   6.42 |   6.29 |  13.45 |   5.94 |I I 
20:20-Thu-Mar-23-2017 PM10  |  18.97 |  14.14 |  26.22 |   9.56 |I I 
20:20-Thu-Mar-23-2017 PM2.5 |   7.19 |   6.40 |  13.45 |   5.94 |I I 
20:24-Thu-Mar-23-2017 PM10  |  13.90 |  14.11 |  26.22 |   9.56 |I I 
20:24-Thu-Mar-23-2017 PM2.5 |   7.30 |   6.50 |  13.45 |   5.94 |I I 
20:25-Thu-Mar-23-2017 PM10  |  13.90 |  14.09 |  26.22 |   9.56 |I I 
20:25-Thu-Mar-23-2017 PM2.5 |   7.30 |   6.58 |  13.45 |   5.94 |I I 
20:26-Thu-Mar-23-2017 PM10  |  13.75 |  14.06 |  26.22 |   9.56 |I I 
20:26-Thu-Mar-23-2017 PM2.5 |   7.16 |   6.63 |  13.45 |   5.94 |I I 
20:30-Thu-Mar-23-2017 PM10  |  12.97 |  13.97 |  26.22 |   9.56 |I I 
20:30-Thu-Mar-23-2017 PM2.5 |   7.35 |   6.69 |  13.45 |   5.94 |I I 
20:31-Thu-Mar-23-2017 PM10  |  14.50 |  14.01 |  26.22 |   9.56 |I I 
20:31-Thu-Mar-23-2017 PM2.5 |   7.20 |   6.73 |  13.45 |   5.94 |I I 
20:35-Thu-Mar-23-2017 PM10  |  14.95 |  14.08 |  26.22 |   9.56 |I I 
20:35-Thu-Mar-23-2017 PM2.5 |   7.54 |   6.79 |  13.45 |   5.94 |I I 
20:36-Thu-Mar-23-2017 PM10  |  13.14 |  14.01 |  26.22 |   9.56 |I I 
20:36-Thu-Mar-23-2017 PM2.5 |   6.93 |   6.80 |  13.45 |   5.94 |I I 
20:40-Thu-Mar-23-2017 PM10  |  14.96 |  14.07 |  26.22 |   9.56 |I I 
20:40-Thu-Mar-23-2017 PM2.5 |   7.58 |   6.85 |  13.45 |   5.94 |I I 
20:41-Thu-Mar-23-2017 PM10  |  13.91 |  14.06 |  26.22 |   9.56 |I I 
20:41-Thu-Mar-23-2017 PM2.5 |   7.20 |   6.87 |  13.45 |   5.94 |I I 
20:45-Thu-Mar-23-2017 PM10  |  13.25 |  14.02 |  26.22 |   9.56 |I I 
20:45-Thu-Mar-23-2017 PM2.5 |   7.16 |   6.88 |  13.45 |   5.94 |I I 
20:46-Thu-Mar-23-2017 PM10  |  13.99 |  14.02 |  26.22 |   9.56 |I I 
20:46-Thu-Mar-23-2017 PM2.5 |   7.12 |   6.90 |  13.45 |   5.94 |I I 
20:50-Thu-Mar-23-2017 PM10  |  16.17 |  14.12 |  26.22 |   9.56 |I I 
20:50-Thu-Mar-23-2017 PM2.5 |   7.59 |   6.93 |  13.45 |   5.94 |I I 
20:51-Thu-Mar-23-2017 PM10  |  16.17 |  14.22 |  26.22 |   9.56 |I I 
20:51-Thu-Mar-23-2017 PM2.5 |   7.59 |   6.96 |  13.45 |   5.94 |I I 
20:52-Thu-Mar-23-2017 PM10  |  13.44 |  14.19 |  26.22 |   9.56 |I I 
20:52-Thu-Mar-23-2017 PM2.5 |   7.22 |   6.97 |  13.45 |   5.94 |I I 
20:56-Thu-Mar-23-2017 PM10  |  13.73 |  14.17 |  26.22 |   9.56 |I I 
20:56-Thu-Mar-23-2017 PM2.5 |   7.23 |   6.98 |  13.45 |   5.94 |I I 
20:57-Thu-Mar-23-2017 PM10  |  15.64 |  14.23 |  26.22 |   9.56 |I I 
20:57-Thu-Mar-23-2017 PM2.5 |   6.93 |   6.98 |  13.45 |   5.94 |I I 
21:01-Thu-Mar-23-2017 PM10  |  15.87 |  14.29 |  26.22 |   9.56 |I I 
21:01-Thu-Mar-23-2017 PM2.5 |   7.44 |   7.00 |  13.45 |   5.94 |I I 
21:02-Thu-Mar-23-2017 PM10  |  14.41 |  14.41 |  26.22 |   9.56 |I I 
21:02-Thu-Mar-23-2017 PM2.5 |   7.04 |   7.04 |  13.45 |   5.94 |I I 
21:06-Thu-Mar-23-2017 PM10  |  15.36 |  14.89 |  26.22 |   9.56 |I I 
21:06-Thu-Mar-23-2017 PM2.5 |   7.82 |   7.43 |  13.45 |   5.94 |I I 
21:07-Thu-Mar-23-2017 PM10  |  14.57 |  14.78 |  26.22 |   9.56 |I I 
21:07-Thu-Mar-23-2017 PM2.5 |   7.63 |   7.50 |  13.45 |   5.94 |I I 
21:11-Thu-Mar-23-2017 PM10  |  15.05 |  14.85 |  26.22 |   9.56 |I I 
21:11-Thu-Mar-23-2017 PM2.5 |   7.49 |   7.49 |  13.45 |   5.94 |I I 
21:13-Thu-Mar-23-2017 PM10  |  13.15 |  14.51 |  26.22 |   9.56 |I I 
21:13-Thu-Mar-23-2017 PM2.5 |   7.00 |   7.40 |  13.45 |   5.94 |I I 
21:14-Thu-Mar-23-2017 PM10  |  13.15 |  14.28 |  26.22 |   9.56 |I I 
21:14-Thu-Mar-23-2017 PM2.5 |   7.00 |   7.33 |  13.45 |   5.94 |I I 
21:17-Thu-Mar-23-2017 PM10  |  15.62 |  14.47 |  26.22 |   9.56 |I I 
21:17-Thu-Mar-23-2017 PM2.5 |   7.72 |   7.39 |  13.45 |   5.94 |I I 
21:18-Thu-Mar-23-2017 PM10  |  15.62 |  14.62 |  26.22 |   9.56 |I I 
21:18-Thu-Mar-23-2017 PM2.5 |   7.72 |   7.43 |  13.45 |   5.94 |I I 
21:19-Thu-Mar-23-2017 PM10  |  14.28 |  14.58 |  26.22 |   9.56 |I I 
21:19-Thu-Mar-23-2017 PM2.5 |   7.27 |   7.41 |  13.45 |   5.94 |I I 
21:23-Thu-Mar-23-2017 PM10  |  16.44 |  14.77 |  26.22 |   9.56 |I I 
21:23-Thu-Mar-23-2017 PM2.5 |   7.43 |   7.41 |  13.45 |   5.94 |I I 
21:24-Thu-Mar-23-2017 PM10  |  13.22 |  14.63 |  26.22 |   9.56 |I I 
21:24-Thu-Mar-23-2017 PM2.5 |   7.17 |   7.39 |  13.45 |   5.94 |I I 
21:28-Thu-Mar-23-2017 PM10  |  16.10 |  14.75 |  26.22 |   9.56 |I I 
21:28-Thu-Mar-23-2017 PM2.5 |   7.39 |   7.39 |  13.45 |   5.94 |I I 
21:29-Thu-Mar-23-2017 PM10  |  14.18 |  14.70 |  26.22 |   9.56 |I I 
21:29-Thu-Mar-23-2017 PM2.5 |   7.04 |   7.36 |  13.45 |   5.94 |I I 
21:33-Thu-Mar-23-2017 PM10  |  14.74 |  14.71 |  26.22 |   9.56 |I I 
21:33-Thu-Mar-23-2017 PM2.5 |   7.26 |   7.36 |  13.45 |   5.94 |I I 
21:34-Thu-Mar-23-2017 PM10  |  15.40 |  14.75 |  26.22 |   9.56 |I I 
21:34-Thu-Mar-23-2017 PM2.5 |   7.00 |   7.33 |  13.45 |   5.94 |I I 
21:38-Thu-Mar-23-2017 PM10  |  17.72 |  14.94 |  26.22 |   9.56 |I I 
21:38-Thu-Mar-23-2017 PM2.5 |   6.99 |   7.31 |  13.45 |   5.94 |I I 
21:39-Thu-Mar-23-2017 PM10  |  13.06 |  14.83 |  26.22 |   9.56 |I I 
21:39-Thu-Mar-23-2017 PM2.5 |   6.63 |   7.27 |  13.45 |   5.94 |I I 
21:43-Thu-Mar-23-2017 PM10  |  12.94 |  14.72 |  26.22 |   9.56 |I I 
21:43-Thu-Mar-23-2017 PM2.5 |   7.05 |   7.26 |  13.45 |   5.94 |I I 
21:44-Thu-Mar-23-2017 PM10  |  12.94 |  14.63 |  26.22 |   9.56 |I I 
21:44-Thu-Mar-23-2017 PM2.5 |   7.05 |   7.25 |  13.45 |   5.94 |I I 
21:45-Thu-Mar-23-2017 PM10  |  15.74 |  14.69 |  26.22 |   9.56 |I I 
21:45-Thu-Mar-23-2017 PM2.5 |   6.75 |   7.22 |  13.45 |   5.94 |I I 
21:49-Thu-Mar-23-2017 PM10  |  11.81 |  14.55 |  26.22 |   9.56 |I I 
21:49-Thu-Mar-23-2017 PM2.5 |   6.43 |   7.18 |  13.45 |   5.94 |I I 
21:50-Thu-Mar-23-2017 PM10  |  11.93 |  14.43 |  26.22 |   9.56 |I I 
21:50-Thu-Mar-23-2017 PM2.5 |   6.25 |   7.14 |  13.45 |   5.94 |I I 
21:54-Thu-Mar-23-2017 PM10  |  15.45 |  14.47 |  26.22 |   9.56 |I I 
21:54-Thu-Mar-23-2017 PM2.5 |   6.72 |   7.12 |  13.45 |   5.94 |I I 
21:55-Thu-Mar-23-2017 PM10  |  10.97 |  14.33 |  26.22 |   9.56 |I I 
21:55-Thu-Mar-23-2017 PM2.5 |   6.19 |   7.08 |  13.45 |   5.94 |I I 
21:59-Thu-Mar-23-2017 PM10  |  12.42 |  14.25 |  26.22 |   9.56 |I I 
21:59-Thu-Mar-23-2017 PM2.5 |   6.19 |   7.05 |  13.45 |   5.94 |I I 
22:00-Thu-Mar-23-2017 PM10  |  13.65 |  14.23 |  26.22 |   9.56 |I I 
22:00-Thu-Mar-23-2017 PM2.5 |   6.57 |   7.03 |  13.45 |   5.94 |I I 
22:04-Thu-Mar-23-2017 PM10  |  13.88 |  13.88 |  26.22 |   9.56 |I I 
22:04-Thu-Mar-23-2017 PM2.5 |   6.57 |   6.57 |  13.45 |   5.94 |I I 
22:05-Thu-Mar-23-2017 PM10  |  13.15 |  13.51 |  26.22 |   9.56 |I I 
22:05-Thu-Mar-23-2017 PM2.5 |   6.09 |   6.33 |  13.45 |   5.94 |I I 
22:06-Thu-Mar-23-2017 PM10  |  13.15 |  13.39 |  26.22 |   9.56 |I I 
22:06-Thu-Mar-23-2017 PM2.5 |   6.09 |   6.25 |  13.45 |   5.94 |I I 
22:10-Thu-Mar-23-2017 PM10  |  10.86 |  12.76 |  26.22 |   9.56 |I I 
22:10-Thu-Mar-23-2017 PM2.5 |   6.17 |   6.23 |  13.45 |   5.94 |I I 
22:11-Thu-Mar-23-2017 PM10  |  12.98 |  12.80 |  26.22 |   9.56 |I I 
22:11-Thu-Mar-23-2017 PM2.5 |   6.28 |   6.24 |  13.45 |   5.94 |I I 
22:15-Thu-Mar-23-2017 PM10  |  12.47 |  12.75 |  26.22 |   9.56 |I I 
22:15-Thu-Mar-23-2017 PM2.5 |   6.62 |   6.30 |  13.45 |   5.94 |I I 
22:16-Thu-Mar-23-2017 PM10  |  13.19 |  12.81 |  26.22 |   9.56 |I I 
22:16-Thu-Mar-23-2017 PM2.5 |   6.48 |   6.33 |  13.45 |   5.94 |I I 
22:20-Thu-Mar-23-2017 PM10  |  12.90 |  12.82 |  26.22 |   9.56 |I I 
22:20-Thu-Mar-23-2017 PM2.5 |   6.78 |   6.39 |  13.45 |   5.94 |I I 
22:21-Thu-Mar-23-2017 PM10  |  11.79 |  12.71 |  26.22 |   9.56 |I I 
22:21-Thu-Mar-23-2017 PM2.5 |   6.69 |   6.42 |  13.45 |   5.94 |I I 
22:25-Thu-Mar-23-2017 PM10  |  15.79 |  13.02 |  26.22 |   9.56 |I I 
22:25-Thu-Mar-23-2017 PM2.5 |   8.09 |   6.59 |  13.45 |   5.94 |I I 
22:26-Thu-Mar-23-2017 PM10  |  32.36 |  14.77 |  26.22 |   9.56 |I I 
22:26-Thu-Mar-23-2017 PM2.5 |  15.04 |   7.36 |  13.45 |   5.94 |I I 
22:30-Thu-Mar-23-2017 PM10  |  36.38 |  16.57 |  26.22 |   9.56 |I I 
22:30-Thu-Mar-23-2017 PM2.5 |  19.09 |   8.33 |  13.45 |   5.94 |I I 
22:31-Thu-Mar-23-2017 PM10  |  58.94 |  19.83 |  26.22 |   9.56 |I I 
22:31-Thu-Mar-23-2017 PM2.5 |  27.81 |   9.83 |  13.45 |   5.94 |I I 
22:35-Thu-Mar-23-2017 PM10  |  69.61 |  23.39 |  26.22 |   9.56 |I I 
22:35-Thu-Mar-23-2017 PM2.5 |  34.01 |  11.56 |  13.45 |   5.94 |I I 
22:36-Thu-Mar-23-2017 PM10  |  69.61 |  26.47 |  26.22 |   9.56 |I I 
22:36-Thu-Mar-23-2017 PM2.5 |  34.01 |  13.06 |  13.45 |   5.94 |I I 
22:37-Thu-Mar-23-2017 PM10  |  87.06 |  30.26 |  26.22 |   9.56 |I I 
22:37-Thu-Mar-23-2017 PM2.5 |  43.22 |  14.94 |  13.45 |   5.94 |I I 
22:41-Thu-Mar-23-2017 PM10  |  93.71 |  33.99 |  26.22 |   9.56 |I I 
22:41-Thu-Mar-23-2017 PM2.5 |  47.62 |  16.86 |  13.45 |   5.94 |I I 
22:42-Thu-Mar-23-2017 PM10  |  100.98|  37.71 |  26.22 |   9.56 |I I 
22:42-Thu-Mar-23-2017 PM2.5 |  48.68 |  18.63 |  13.45 |   5.94 |I I 
22:46-Thu-Mar-23-2017 PM10  |  106.40|  41.33 |  26.22 |   9.56 |I I 
22:46-Thu-Mar-23-2017 PM2.5 |  52.12 |  20.39 |  13.45 |   5.94 |I I 
22:47-Thu-Mar-23-2017 PM10  |  113.94|  44.96 |  26.22 |   9.56 |I I 
22:47-Thu-Mar-23-2017 PM2.5 |  55.98 |  22.17 |  13.45 |   5.94 |I I 
22:51-Thu-Mar-23-2017 PM10  |  118.98|  48.48 |  26.22 |   9.56 |I I 
22:51-Thu-Mar-23-2017 PM2.5 |  59.46 |  23.95 |  13.45 |   5.94 |I I 
22:52-Thu-Mar-23-2017 PM10  |  120.70|  51.76 |  26.22 |   9.56 |I I 
22:52-Thu-Mar-23-2017 PM2.5 |  59.99 |  25.59 |  13.45 |   5.94 |I I 
22:56-Thu-Mar-23-2017 PM10  |  125.71|  54.98 |  26.22 |   9.56 |I I 
22:56-Thu-Mar-23-2017 PM2.5 |  63.39 |  27.23 |  13.45 |   5.94 |I I 
22:57-Thu-Mar-23-2017 PM10  |  121.51|  57.75 |  26.22 |   9.56 |I I 
22:57-Thu-Mar-23-2017 PM2.5 |  59.35 |  28.57 |  13.45 |   5.94 |I I 
23:01-Thu-Mar-23-2017 PM10  |  124.85|  60.44 |  60.44 |   9.56 |I I 
23:01-Thu-Mar-23-2017 PM2.5 |  61.74 |  29.90 |  29.90 |   5.94 |I I 
23:02-Thu-Mar-23-2017 PM10  |  124.85|  124.85|  60.44 |   9.56 |I I 
23:02-Thu-Mar-23-2017 PM2.5 |  61.74 |  61.74 |  29.90 |   5.94 |I I 
23:03-Thu-Mar-23-2017 PM10  |  118.46|  121.65|  60.44 |   9.56 |I I 
23:03-Thu-Mar-23-2017 PM2.5 |  58.71 |  60.23 |  29.90 |   5.94 |I I 
23:07-Thu-Mar-23-2017 PM10  |  123.83|  122.38|  60.44 |   9.56 |I I 
23:07-Thu-Mar-23-2017 PM2.5 |  61.40 |  60.62 |  29.90 |   5.94 |I I 
23:08-Thu-Mar-23-2017 PM10  |  119.55|  121.67|  60.44 |   9.56 |I I 
23:08-Thu-Mar-23-2017 PM2.5 |  58.55 |  60.10 |  29.90 |   5.94 |I I 
23:12-Thu-Mar-23-2017 PM10  |  120.10|  121.36|  60.44 |   9.56 |I I 
23:12-Thu-Mar-23-2017 PM2.5 |  60.44 |  60.17 |  29.90 |   5.94 |I I 
23:13-Thu-Mar-23-2017 PM10  |  106.35|  118.86|  60.44 |   9.56 |I I 
23:13-Thu-Mar-23-2017 PM2.5 |  54.44 |  59.21 |  29.90 |   5.94 |I I 
23:17-Thu-Mar-23-2017 PM10  |  115.56|  118.39|  60.44 |   9.56 |I I 
23:17-Thu-Mar-23-2017 PM2.5 |  57.53 |  58.97 |  29.90 |   5.94 |I I 
23:18-Thu-Mar-23-2017 PM10  |  106.36|  116.88|  60.44 |   9.56 |I I 
23:18-Thu-Mar-23-2017 PM2.5 |  54.02 |  58.35 |  29.90 |   5.94 |I I 
23:22-Thu-Mar-23-2017 PM10  |  117.01|  116.90|  60.44 |   9.56 |I I 
23:22-Thu-Mar-23-2017 PM2.5 |  58.13 |  58.33 |  29.90 |   5.94 |I I 
23:23-Thu-Mar-23-2017 PM10  |  107.47|  115.95|  60.44 |   9.56 |I I 
23:23-Thu-Mar-23-2017 PM2.5 |  52.28 |  57.72 |  29.90 |   5.94 |I I 
23:27-Thu-Mar-23-2017 PM10  |  105.00|  114.96|  60.44 |   9.56 |I I 
23:27-Thu-Mar-23-2017 PM2.5 |  54.93 |  57.47 |  29.90 |   5.94 |I I 
23:28-Thu-Mar-23-2017 PM10  |  105.00|  114.13|  60.44 |   9.56 |I I 
23:28-Thu-Mar-23-2017 PM2.5 |  54.93 |  57.26 |  29.90 |   5.94 |I I 
23:29-Thu-Mar-23-2017 PM10  |  106.74|  113.56|  60.44 |   9.56 |I I 
23:29-Thu-Mar-23-2017 PM2.5 |  52.13 |  56.86 |  29.90 |   5.94 |I I 
23:33-Thu-Mar-23-2017 PM10  |  105.38|  112.98|  60.44 |   9.56 |I I 
23:33-Thu-Mar-23-2017 PM2.5 |  53.82 |  56.65 |  29.90 |   5.94 |I I 
23:34-Thu-Mar-23-2017 PM10  |  103.09|  112.32|  60.44 |   9.56 |I I 
23:34-Thu-Mar-23-2017 PM2.5 |  50.65 |  56.25 |  29.90 |   5.94 |I I 
23:38-Thu-Mar-23-2017 PM10  |  100.40|  111.57|  60.44 |   9.56 |I I 
23:38-Thu-Mar-23-2017 PM2.5 |  52.39 |  56.01 |  29.90 |   5.94 |I I 
23:39-Thu-Mar-23-2017 PM10  |  96.72 |  110.70|  60.44 |   9.56 |I I 
23:39-Thu-Mar-23-2017 PM2.5 |  49.73 |  55.64 |  29.90 |   5.94 |I I 
23:43-Thu-Mar-23-2017 PM10  |  100.01|  110.10|  60.44 |   9.56 |I I 
23:43-Thu-Mar-23-2017 PM2.5 |  52.56 |  55.46 |  29.90 |   5.94 |I I 
23:44-Thu-Mar-23-2017 PM10  |  94.42 |  109.28|  60.44 |   9.56 |I I 
23:44-Thu-Mar-23-2017 PM2.5 |  48.79 |  55.11 |  29.90 |   5.94 |I I 
23:48-Thu-Mar-23-2017 PM10  |  97.73 |  108.70|  60.44 |   9.56 |I I 
23:48-Thu-Mar-23-2017 PM2.5 |  50.58 |  54.89 |  29.90 |   5.94 |I I 
23:49-Thu-Mar-23-2017 PM10  |  98.30 |  108.21|  60.44 |   9.56 |I I 
23:49-Thu-Mar-23-2017 PM2.5 |  49.35 |  54.62 |  29.90 |   5.94 |I I 
23:53-Thu-Mar-23-2017 PM10  |  94.42 |  107.58|  60.44 |   9.56 |I I 
23:53-Thu-Mar-23-2017 PM2.5 |  50.71 |  54.45 |  29.90 |   5.94 |I I 
23:54-Thu-Mar-23-2017 PM10  |  94.42 |  107.01|  60.44 |   9.56 |I I 
23:54-Thu-Mar-23-2017 PM2.5 |  50.71 |  54.28 |  29.90 |   5.94 |I I 
23:55-Thu-Mar-23-2017 PM10  |  95.00 |  106.51|  60.44 |   9.56 |I I 
23:55-Thu-Mar-23-2017 PM2.5 |  48.94 |  54.06 |  29.90 |   5.94 |I I 
23:59-Thu-Mar-23-2017 PM10  |  93.69 |  106.00|  60.44 |   9.56 |I I 
23:59-Thu-Mar-23-2017 PM2.5 |  49.50 |  53.88 |  29.90 |   5.94 |I I 
00:00-Fri-Mar-24-2017 PM10  |  92.30 |  105.47|  105.47|   9.56 |I I 
