[Thu Apr 13 00:00:43 2017] Report del giorno Thursday April 13 2017 -- INVIATO a centraline@googlegroups.com
00:00-Thu-Apr-13-2017 PM2.5 |   7.36 |   7.31 |   7.71 |   4.52 |I I 
00:01-Thu-Apr-13-2017 PM10  |  13.56 |  13.56 |   0.00 |  2000.00|I I 
00:01-Thu-Apr-13-2017 PM2.5 |   7.47 |   7.47 |   0.00 |  2000.00|I I 
00:05-Thu-Apr-13-2017 PM10  |  14.01 |  13.78 |   0.00 |  2000.00|I I 
00:05-Thu-Apr-13-2017 PM2.5 |   7.55 |   7.51 |   0.00 |  2000.00|I I 
00:06-Thu-Apr-13-2017 PM10  |  12.61 |  13.39 |   0.00 |  2000.00|I I 
00:06-Thu-Apr-13-2017 PM2.5 |   7.25 |   7.43 |   0.00 |  2000.00|I I 
00:10-Thu-Apr-13-2017 PM10  |  12.92 |  13.27 |   0.00 |  2000.00|I I 
00:10-Thu-Apr-13-2017 PM2.5 |   7.53 |   7.45 |   0.00 |  2000.00|I I 
00:11-Thu-Apr-13-2017 PM10  |  11.93 |  13.01 |   0.00 |  2000.00|I I 
00:11-Thu-Apr-13-2017 PM2.5 |   7.06 |   7.37 |   0.00 |  2000.00|I I 
00:15-Thu-Apr-13-2017 PM10  |  14.55 |  13.26 |   0.00 |  2000.00|I I 
00:15-Thu-Apr-13-2017 PM2.5 |   7.39 |   7.37 |   0.00 |  2000.00|I I 
00:16-Thu-Apr-13-2017 PM10  |  15.53 |  13.59 |   0.00 |  2000.00|I I 
00:16-Thu-Apr-13-2017 PM2.5 |   7.21 |   7.35 |   0.00 |  2000.00|I I 
00:20-Thu-Apr-13-2017 PM10  |  12.87 |  13.50 |   0.00 |  2000.00|I I 
00:20-Thu-Apr-13-2017 PM2.5 |   7.55 |   7.38 |   0.00 |  2000.00|I I 
00:21-Thu-Apr-13-2017 PM10  |  14.10 |  13.56 |   0.00 |  2000.00|I I 
00:21-Thu-Apr-13-2017 PM2.5 |   7.44 |   7.38 |   0.00 |  2000.00|I I 
00:25-Thu-Apr-13-2017 PM10  |  14.77 |  13.68 |   0.00 |  2000.00|I I 
00:25-Thu-Apr-13-2017 PM2.5 |   7.68 |   7.41 |   0.00 |  2000.00|I I 
00:26-Thu-Apr-13-2017 PM10  |  14.77 |  13.78 |   0.00 |  2000.00|I I 
00:26-Thu-Apr-13-2017 PM2.5 |   7.68 |   7.44 |   0.00 |  2000.00|I I 
00:27-Thu-Apr-13-2017 PM10  |  14.43 |  13.84 |   0.00 |  2000.00|I I 
00:27-Thu-Apr-13-2017 PM2.5 |   7.58 |   7.45 |   0.00 |  2000.00|I I 
00:31-Thu-Apr-13-2017 PM10  |  14.40 |  13.88 |   0.00 |  2000.00|I I 
00:31-Thu-Apr-13-2017 PM2.5 |   7.77 |   7.47 |   0.00 |  2000.00|I I 
00:32-Thu-Apr-13-2017 PM10  |  14.25 |  13.91 |   0.00 |  2000.00|I I 
00:32-Thu-Apr-13-2017 PM2.5 |   7.90 |   7.50 |   0.00 |  2000.00|I I 
00:36-Thu-Apr-13-2017 PM10  |  13.87 |  13.90 |   0.00 |  2000.00|I I 
00:36-Thu-Apr-13-2017 PM2.5 |   7.81 |   7.52 |   0.00 |  2000.00|I I 
00:37-Thu-Apr-13-2017 PM10  |  12.76 |  13.83 |   0.00 |  2000.00|I I 
00:37-Thu-Apr-13-2017 PM2.5 |   7.49 |   7.52 |   0.00 |  2000.00|I I 
00:41-Thu-Apr-13-2017 PM10  |  15.55 |  13.93 |   0.00 |  2000.00|I I 
00:41-Thu-Apr-13-2017 PM2.5 |   8.11 |   7.56 |   0.00 |  2000.00|I I 
00:42-Thu-Apr-13-2017 PM10  |  14.55 |  13.97 |   0.00 |  2000.00|I I 
00:42-Thu-Apr-13-2017 PM2.5 |   7.40 |   7.55 |   0.00 |  2000.00|I I 
00:46-Thu-Apr-13-2017 PM10  |  14.77 |  14.01 |   0.00 |  2000.00|I I 
00:46-Thu-Apr-13-2017 PM2.5 |   8.11 |   7.58 |   0.00 |  2000.00|I I 
00:47-Thu-Apr-13-2017 PM10  |  13.12 |  13.97 |   0.00 |  2000.00|I I 
00:47-Thu-Apr-13-2017 PM2.5 |   7.49 |   7.57 |   0.00 |  2000.00|I I 
00:52-Thu-Apr-13-2017 PM10  |  12.89 |  13.91 |   0.00 |  2000.00|I I 
00:52-Thu-Apr-13-2017 PM2.5 |   7.74 |   7.58 |   0.00 |  2000.00|I I 
00:53-Thu-Apr-13-2017 PM10  |  12.89 |  13.87 |   0.00 |  2000.00|I I 
00:53-Thu-Apr-13-2017 PM2.5 |   7.74 |   7.59 |   0.00 |  2000.00|I I 
00:54-Thu-Apr-13-2017 PM10  |  14.40 |  13.89 |   0.00 |  2000.00|I I 
00:54-Thu-Apr-13-2017 PM2.5 |   7.87 |   7.60 |   0.00 |  2000.00|I I 
00:58-Thu-Apr-13-2017 PM10  |  11.90 |  13.81 |   0.00 |  2000.00|I I 
00:58-Thu-Apr-13-2017 PM2.5 |   7.76 |   7.61 |   0.00 |  2000.00|I I 
00:59-Thu-Apr-13-2017 PM10  |  13.47 |  13.79 |   0.00 |  2000.00|I I 
00:59-Thu-Apr-13-2017 PM2.5 |   7.50 |   7.60 |   0.00 |  2000.00|I I 
01:03-Thu-Apr-13-2017 PM10  |  13.78 |  13.79 |  13.79 |  13.79 |I I 
01:03-Thu-Apr-13-2017 PM2.5 |   8.21 |   7.63 |   7.63 |   7.63 |I I 
01:04-Thu-Apr-13-2017 PM10  |  16.85 |  16.85 |  13.79 |  13.79 |I I 
01:04-Thu-Apr-13-2017 PM2.5 |   8.50 |   8.50 |   7.63 |   7.63 |I I 
01:08-Thu-Apr-13-2017 PM10  |  13.02 |  14.94 |  13.79 |  13.79 |I I 
01:08-Thu-Apr-13-2017 PM2.5 |   8.34 |   8.42 |   7.63 |   7.63 |I I 
01:09-Thu-Apr-13-2017 PM10  |  14.64 |  14.84 |  13.79 |  13.79 |I I 
01:09-Thu-Apr-13-2017 PM2.5 |   7.55 |   8.13 |   7.63 |   7.63 |I I 
01:13-Thu-Apr-13-2017 PM10  |  14.28 |  14.70 |  13.79 |  13.79 |I I 
01:13-Thu-Apr-13-2017 PM2.5 |   8.33 |   8.18 |   7.63 |   7.63 |I I 
01:14-Thu-Apr-13-2017 PM10  |  13.84 |  14.53 |  13.79 |  13.79 |I I 
01:14-Thu-Apr-13-2017 PM2.5 |   7.88 |   8.12 |   7.63 |   7.63 |I I 
01:18-Thu-Apr-13-2017 PM10  |  14.68 |  14.55 |  13.79 |  13.79 |I I 
01:18-Thu-Apr-13-2017 PM2.5 |   8.37 |   8.16 |   7.63 |   7.63 |I I 
01:19-Thu-Apr-13-2017 PM10  |  14.68 |  14.57 |  13.79 |  13.79 |I I 
01:19-Thu-Apr-13-2017 PM2.5 |   8.37 |   8.19 |   7.63 |   7.63 |I I 
01:20-Thu-Apr-13-2017 PM10  |  16.40 |  14.80 |  13.79 |  13.79 |I I 
01:20-Thu-Apr-13-2017 PM2.5 |   8.23 |   8.20 |   7.63 |   7.63 |I I 
01:24-Thu-Apr-13-2017 PM10  |  11.93 |  14.48 |  13.79 |  13.79 |I I 
01:24-Thu-Apr-13-2017 PM2.5 |   8.58 |   8.24 |   7.63 |   7.63 |I I 
01:25-Thu-Apr-13-2017 PM10  |  15.84 |  14.62 |  13.79 |  13.79 |I I 
01:25-Thu-Apr-13-2017 PM2.5 |   8.48 |   8.26 |   7.63 |   7.63 |I I 
01:29-Thu-Apr-13-2017 PM10  |  15.66 |  14.71 |  13.79 |  13.79 |I I 
01:29-Thu-Apr-13-2017 PM2.5 |   8.28 |   8.26 |   7.63 |   7.63 |I I 
01:30-Thu-Apr-13-2017 PM10  |  11.46 |  14.44 |  13.79 |  13.79 |I I 
01:30-Thu-Apr-13-2017 PM2.5 |   7.45 |   8.20 |   7.63 |   7.63 |I I 
01:34-Thu-Apr-13-2017 PM10  |  13.61 |  14.38 |  13.79 |  13.79 |I I 
01:34-Thu-Apr-13-2017 PM2.5 |   8.03 |   8.18 |   7.63 |   7.63 |I I 
01:35-Thu-Apr-13-2017 PM10  |  13.65 |  14.32 |  13.79 |  13.79 |I I 
01:35-Thu-Apr-13-2017 PM2.5 |   8.20 |   8.18 |   7.63 |   7.63 |I I 
01:39-Thu-Apr-13-2017 PM10  |  14.52 |  14.34 |  13.79 |  13.79 |I I 
01:39-Thu-Apr-13-2017 PM2.5 |   8.61 |   8.21 |   7.63 |   7.63 |I I 
01:40-Thu-Apr-13-2017 PM10  |  14.56 |  14.35 |  13.79 |  13.79 |I I 
01:40-Thu-Apr-13-2017 PM2.5 |   8.35 |   8.22 |   7.63 |   7.63 |I I 
01:44-Thu-Apr-13-2017 PM10  |  13.01 |  14.27 |  13.79 |  13.79 |I I 
01:44-Thu-Apr-13-2017 PM2.5 |   8.39 |   8.23 |   7.63 |   7.63 |I I 
01:45-Thu-Apr-13-2017 PM10  |  13.01 |  14.20 |  13.79 |  13.79 |I B 
01:45-Thu-Apr-13-2017 PM2.5 |   8.39 |   8.24 |   7.63 |   7.63 |I B 
01:46-Thu-Apr-13-2017recover dati per host :92.223.147.77/nodered
01:46-Thu-Apr-13-2017 PM10  |  15.62 |  14.28 |  13.79 |  13.79 |I I 
01:46-Thu-Apr-13-2017 PM2.5 |   8.48 |   8.25 |   7.63 |   7.63 |I I 
01:50-Thu-Apr-13-2017 PM10  |  14.58 |  14.29 |  13.79 |  13.79 |I I 
01:50-Thu-Apr-13-2017 PM2.5 |   8.56 |   8.27 |   7.63 |   7.63 |I I 
01:51-Thu-Apr-13-2017 PM10  |  11.54 |  14.16 |  13.79 |  13.79 |I I 
01:51-Thu-Apr-13-2017 PM2.5 |   7.92 |   8.25 |   7.63 |   7.63 |I I 
01:55-Thu-Apr-13-2017 PM10  |  13.38 |  14.13 |  13.79 |  13.79 |I I 
01:55-Thu-Apr-13-2017 PM2.5 |   8.59 |   8.27 |   7.63 |   7.63 |I I 
01:56-Thu-Apr-13-2017 PM10  |  13.60 |  14.10 |  13.79 |  13.79 |I I 
01:56-Thu-Apr-13-2017 PM2.5 |   7.64 |   8.24 |   7.63 |   7.63 |I I 
02:00-Thu-Apr-13-2017 PM10  |  14.03 |  14.10 |  14.10 |  13.79 |I I 
02:00-Thu-Apr-13-2017 PM2.5 |   8.49 |   8.25 |   8.25 |   7.63 |I I 
02:01-Thu-Apr-13-2017 PM10  |  13.25 |  13.25 |  14.10 |  13.79 |I I 
02:01-Thu-Apr-13-2017 PM2.5 |   8.20 |   8.20 |   8.25 |   7.63 |I I 
02:05-Thu-Apr-13-2017 PM10  |  14.50 |  13.87 |  14.10 |  13.79 |I I 
02:05-Thu-Apr-13-2017 PM2.5 |   8.13 |   8.16 |   8.25 |   7.63 |I I 
02:06-Thu-Apr-13-2017 PM10  |  12.44 |  13.39 |  14.10 |  13.79 |I I 
02:06-Thu-Apr-13-2017 PM2.5 |   8.16 |   8.16 |   8.25 |   7.63 |I I 
02:10-Thu-Apr-13-2017 PM10  |  13.67 |  13.46 |  14.10 |  13.79 |I I 
02:10-Thu-Apr-13-2017 PM2.5 |   8.58 |   8.27 |   8.25 |   7.63 |I I 
02:11-Thu-Apr-13-2017 PM10  |  13.67 |  13.50 |  14.10 |  13.79 |I I 
02:11-Thu-Apr-13-2017 PM2.5 |   8.58 |   8.33 |   8.25 |   7.63 |I I 
02:12-Thu-Apr-13-2017 PM10  |  16.79 |  14.05 |  14.10 |  13.79 |I I 
02:12-Thu-Apr-13-2017 PM2.5 |   8.74 |   8.40 |   8.25 |   7.63 |I I 
02:16-Thu-Apr-13-2017 PM10  |  15.08 |  14.20 |  14.10 |  13.79 |I I 
02:16-Thu-Apr-13-2017 PM2.5 |   8.81 |   8.45 |   8.25 |   7.63 |I I 
02:17-Thu-Apr-13-2017 PM10  |  14.46 |  14.23 |  14.10 |  13.79 |I I 
02:17-Thu-Apr-13-2017 PM2.5 |   8.16 |   8.42 |   8.25 |   7.63 |I I 
02:21-Thu-Apr-13-2017 PM10  |  14.58 |  14.27 |  14.10 |  13.79 |I I 
02:21-Thu-Apr-13-2017 PM2.5 |   8.73 |   8.45 |   8.25 |   7.63 |I I 
02:22-Thu-Apr-13-2017 PM10  |  13.71 |  14.21 |  14.10 |  13.79 |I I 
02:22-Thu-Apr-13-2017 PM2.5 |   8.10 |   8.42 |   8.25 |   7.63 |I I 
02:26-Thu-Apr-13-2017 PM10  |  13.39 |  14.14 |  14.10 |  13.79 |I I 
02:26-Thu-Apr-13-2017 PM2.5 |   8.13 |   8.39 |   8.25 |   7.63 |I I 
02:27-Thu-Apr-13-2017 PM10  |  13.70 |  14.10 |  14.10 |  13.79 |I I 
02:27-Thu-Apr-13-2017 PM2.5 |   8.63 |   8.41 |   8.25 |   7.63 |I I 
02:31-Thu-Apr-13-2017 PM10  |  15.68 |  14.22 |  14.10 |  13.79 |I I 
02:31-Thu-Apr-13-2017 PM2.5 |   8.78 |   8.44 |   8.25 |   7.63 |I I 
02:32-Thu-Apr-13-2017 PM10  |  14.71 |  14.26 |  14.10 |  13.79 |I I 
02:32-Thu-Apr-13-2017 PM2.5 |   8.42 |   8.44 |   8.25 |   7.63 |I I 
02:36-Thu-Apr-13-2017 PM10  |  12.34 |  14.13 |  14.10 |  13.79 |I I 
02:36-Thu-Apr-13-2017 PM2.5 |   8.44 |   8.44 |   8.25 |   7.63 |I I 
02:37-Thu-Apr-13-2017 PM10  |  12.34 |  14.02 |  14.10 |  13.79 |I I 
02:37-Thu-Apr-13-2017 PM2.5 |   8.44 |   8.44 |   8.25 |   7.63 |I I 
02:38-Thu-Apr-13-2017 PM10  |  15.59 |  14.11 |  14.10 |  13.79 |I I 
02:38-Thu-Apr-13-2017 PM2.5 |   8.15 |   8.42 |   8.25 |   7.63 |I I 
02:42-Thu-Apr-13-2017 PM10  |  14.07 |  14.11 |  14.10 |  13.79 |I I 
02:42-Thu-Apr-13-2017 PM2.5 |   8.63 |   8.43 |   8.25 |   7.63 |I I 
02:43-Thu-Apr-13-2017 PM10  |  13.83 |  14.09 |  14.10 |  13.79 |I I 
02:43-Thu-Apr-13-2017 PM2.5 |   8.21 |   8.42 |   8.25 |   7.63 |I I 
02:47-Thu-Apr-13-2017 PM10  |  13.10 |  14.04 |  14.10 |  13.79 |I I 
02:47-Thu-Apr-13-2017 PM2.5 |   8.37 |   8.42 |   8.25 |   7.63 |I I 
02:48-Thu-Apr-13-2017 PM10  |  15.58 |  14.12 |  14.10 |  13.79 |I I 
02:48-Thu-Apr-13-2017 PM2.5 |   8.09 |   8.40 |   8.25 |   7.63 |I I 
02:52-Thu-Apr-13-2017 PM10  |  13.26 |  14.08 |  14.10 |  13.79 |I I 
02:52-Thu-Apr-13-2017 PM2.5 |   8.68 |   8.42 |   8.25 |   7.63 |I I 
02:53-Thu-Apr-13-2017 PM10  |  12.72 |  14.02 |  14.10 |  13.79 |I I 
02:53-Thu-Apr-13-2017 PM2.5 |   8.23 |   8.41 |   8.25 |   7.63 |I I 
02:57-Thu-Apr-13-2017 PM10  |  15.29 |  14.07 |  14.10 |  13.79 |I I 
02:57-Thu-Apr-13-2017 PM2.5 |   9.07 |   8.44 |   8.25 |   7.63 |I I 
02:58-Thu-Apr-13-2017 PM10  |  13.43 |  14.05 |  14.10 |  13.79 |I I 
02:58-Thu-Apr-13-2017 PM2.5 |   7.91 |   8.41 |   8.25 |   7.63 |I I 
03:02-Thu-Apr-13-2017 PM10  |  12.83 |  14.00 |  14.10 |  13.79 |I I 
03:02-Thu-Apr-13-2017 PM2.5 |   8.01 |   8.40 |   8.40 |   7.63 |I I 
03:03-Thu-Apr-13-2017 PM10  |  12.83 |  12.83 |  14.10 |  13.79 |I I 
03:03-Thu-Apr-13-2017 PM2.5 |   8.01 |   8.01 |   8.40 |   7.63 |I I 
03:04-Thu-Apr-13-2017 PM10  |  13.54 |  13.19 |  14.10 |  13.79 |I I 
03:04-Thu-Apr-13-2017 PM2.5 |   8.74 |   8.38 |   8.40 |   7.63 |I I 
03:08-Thu-Apr-13-2017 PM10  |  12.91 |  13.10 |  14.10 |  13.79 |I I 
03:08-Thu-Apr-13-2017 PM2.5 |   8.68 |   8.48 |   8.40 |   7.63 |I I 
03:09-Thu-Apr-13-2017 PM10  |  13.14 |  13.11 |  14.10 |  13.79 |I I 
03:09-Thu-Apr-13-2017 PM2.5 |   8.31 |   8.44 |   8.40 |   7.63 |I I 
03:13-Thu-Apr-13-2017 PM10  |  14.83 |  13.45 |  14.10 |  13.79 |I I 
03:13-Thu-Apr-13-2017 PM2.5 |   8.81 |   8.51 |   8.40 |   7.63 |I I 
03:14-Thu-Apr-13-2017 PM10  |  13.00 |  13.38 |  14.10 |  13.79 |I I 
03:14-Thu-Apr-13-2017 PM2.5 |   8.00 |   8.42 |   8.40 |   7.63 |I I 
03:18-Thu-Apr-13-2017 PM10  |  13.73 |  13.43 |  14.10 |  13.79 |I I 
03:18-Thu-Apr-13-2017 PM2.5 |   8.48 |   8.43 |   8.40 |   7.63 |I I 
03:19-Thu-Apr-13-2017 PM10  |  12.83 |  13.35 |  14.10 |  13.79 |I I 
03:19-Thu-Apr-13-2017 PM2.5 |   8.39 |   8.43 |   8.40 |   7.63 |I I 
03:23-Thu-Apr-13-2017 PM10  |  12.30 |  13.23 |  14.10 |  13.79 |I I 
03:23-Thu-Apr-13-2017 PM2.5 |   8.68 |   8.46 |   8.40 |   7.63 |I I 
03:24-Thu-Apr-13-2017 PM10  |  13.21 |  13.23 |  14.10 |  13.79 |I I 
03:24-Thu-Apr-13-2017 PM2.5 |   8.46 |   8.46 |   8.40 |   7.63 |I I 
03:28-Thu-Apr-13-2017 PM10  |  13.50 |  13.26 |  14.10 |  13.79 |I I 
03:28-Thu-Apr-13-2017 PM2.5 |   8.33 |   8.44 |   8.40 |   7.63 |I I 
03:29-Thu-Apr-13-2017 PM10  |  13.50 |  13.28 |  14.10 |  13.79 |I I 
03:29-Thu-Apr-13-2017 PM2.5 |   8.33 |   8.43 |   8.40 |   7.63 |I I 
03:30-Thu-Apr-13-2017 PM10  |  14.87 |  13.40 |  14.10 |  13.79 |I I 
03:30-Thu-Apr-13-2017 PM2.5 |   8.47 |   8.44 |   8.40 |   7.63 |I I 
03:34-Thu-Apr-13-2017 PM10  |  14.32 |  13.47 |  14.10 |  13.79 |I I 
03:34-Thu-Apr-13-2017 PM2.5 |   8.65 |   8.45 |   8.40 |   7.63 |I I 
03:35-Thu-Apr-13-2017 PM10  |  13.03 |  13.44 |  14.10 |  13.79 |I I 
03:35-Thu-Apr-13-2017 PM2.5 |   8.11 |   8.43 |   8.40 |   7.63 |I I 
03:39-Thu-Apr-13-2017 PM10  |  12.90 |  13.40 |  14.10 |  13.79 |I I 
03:39-Thu-Apr-13-2017 PM2.5 |   8.71 |   8.45 |   8.40 |   7.63 |I I 
03:40-Thu-Apr-13-2017 PM10  |  13.97 |  13.44 |  14.10 |  13.79 |I I 
03:40-Thu-Apr-13-2017 PM2.5 |   8.68 |   8.46 |   8.40 |   7.63 |I I 
03:44-Thu-Apr-13-2017 PM10  |  14.67 |  13.51 |  14.10 |  13.79 |I I 
03:44-Thu-Apr-13-2017 PM2.5 |   8.96 |   8.49 |   8.40 |   7.63 |I I 
03:45-Thu-Apr-13-2017 PM10  |  13.26 |  13.49 |  14.10 |  13.79 |I I 
03:45-Thu-Apr-13-2017 PM2.5 |   8.45 |   8.49 |   8.40 |   7.63 |I I 
03:50-Thu-Apr-13-2017 PM10  |  12.16 |  13.43 |  14.10 |  13.79 |I I 
03:50-Thu-Apr-13-2017 PM2.5 |   8.41 |   8.48 |   8.40 |   7.63 |I I 
03:51-Thu-Apr-13-2017 PM10  |  12.62 |  13.39 |  14.10 |  13.79 |I I 
03:51-Thu-Apr-13-2017 PM2.5 |   7.99 |   8.46 |   8.40 |   7.63 |I I 
03:55-Thu-Apr-13-2017 PM10  |  15.64 |  13.49 |  14.10 |  13.79 |I I 
03:55-Thu-Apr-13-2017 PM2.5 |   8.71 |   8.47 |   8.40 |   7.63 |I I 
03:56-Thu-Apr-13-2017 PM10  |  15.64 |  13.58 |  14.10 |  13.79 |I I 
03:56-Thu-Apr-13-2017 PM2.5 |   8.71 |   8.48 |   8.40 |   7.63 |I I 
03:57-Thu-Apr-13-2017 PM10  |  11.41 |  13.49 |  14.10 |  13.79 |I I 
03:57-Thu-Apr-13-2017 PM2.5 |   7.81 |   8.45 |   8.40 |   7.63 |I I 
04:01-Thu-Apr-13-2017 PM10  |  12.85 |  13.47 |  14.10 |  13.47 |I I 
04:01-Thu-Apr-13-2017 PM2.5 |   8.73 |   8.46 |   8.46 |   7.63 |I I 
04:02-Thu-Apr-13-2017 PM10  |  12.78 |  12.78 |  14.10 |  13.47 |I I 
04:02-Thu-Apr-13-2017 PM2.5 |   8.33 |   8.33 |   8.46 |   7.63 |I I 
04:06-Thu-Apr-13-2017 PM10  |  14.30 |  13.54 |  14.10 |  13.47 |I I 
04:06-Thu-Apr-13-2017 PM2.5 |   8.69 |   8.51 |   8.46 |   7.63 |I I 
04:07-Thu-Apr-13-2017 PM10  |  12.80 |  13.29 |  14.10 |  13.47 |I I 
04:07-Thu-Apr-13-2017 PM2.5 |   8.59 |   8.53 |   8.46 |   7.63 |I I 
04:11-Thu-Apr-13-2017 PM10  |  13.43 |  13.33 |  14.10 |  13.47 |I I 
04:11-Thu-Apr-13-2017 PM2.5 |   8.43 |   8.51 |   8.46 |   7.63 |I I 
04:12-Thu-Apr-13-2017 PM10  |  10.94 |  12.85 |  14.10 |  13.47 |I I 
04:12-Thu-Apr-13-2017 PM2.5 |   8.17 |   8.44 |   8.46 |   7.63 |I I 
04:16-Thu-Apr-13-2017 PM10  |  12.28 |  12.76 |  14.10 |  13.47 |I I 
04:16-Thu-Apr-13-2017 PM2.5 |   8.93 |   8.52 |   8.46 |   7.63 |I I 
04:17-Thu-Apr-13-2017 PM10  |  12.51 |  12.72 |  14.10 |  13.47 |I I 
04:17-Thu-Apr-13-2017 PM2.5 |   8.46 |   8.51 |   8.46 |   7.63 |I I 
04:21-Thu-Apr-13-2017 PM10  |  12.81 |  12.73 |  14.10 |  13.47 |I I 
04:21-Thu-Apr-13-2017 PM2.5 |   8.72 |   8.54 |   8.46 |   7.63 |I I 
04:22-Thu-Apr-13-2017 PM10  |  12.81 |  12.74 |  14.10 |  13.47 |I I 
04:22-Thu-Apr-13-2017 PM2.5 |   8.72 |   8.56 |   8.46 |   7.63 |I I 
04:23-Thu-Apr-13-2017 PM10  |  12.27 |  12.69 |  14.10 |  13.47 |I I 
04:23-Thu-Apr-13-2017 PM2.5 |   8.51 |   8.55 |   8.46 |   7.63 |I I 
04:27-Thu-Apr-13-2017 PM10  |  12.54 |  12.68 |  14.10 |  13.47 |I I 
04:27-Thu-Apr-13-2017 PM2.5 |   8.66 |   8.56 |   8.46 |   7.63 |I I 
04:28-Thu-Apr-13-2017 PM10  |  11.20 |  12.56 |  14.10 |  13.47 |I I 
04:28-Thu-Apr-13-2017 PM2.5 |   7.88 |   8.51 |   8.46 |   7.63 |I I 
04:32-Thu-Apr-13-2017 PM10  |  11.19 |  12.45 |  14.10 |  13.47 |I I 
04:32-Thu-Apr-13-2017 PM2.5 |   7.91 |   8.46 |   8.46 |   7.63 |I I 
04:33-Thu-Apr-13-2017 PM10  |  11.86 |  12.41 |  14.10 |  13.47 |I I 
04:33-Thu-Apr-13-2017 PM2.5 |   8.39 |   8.46 |   8.46 |   7.63 |I I 
04:37-Thu-Apr-13-2017 PM10  |  11.50 |  12.35 |  14.10 |  13.47 |I I 
04:37-Thu-Apr-13-2017 PM2.5 |   8.36 |   8.45 |   8.46 |   7.63 |I I 
04:38-Thu-Apr-13-2017 PM10  |  16.26 |  12.59 |  14.10 |  13.47 |I I 
04:38-Thu-Apr-13-2017 PM2.5 |   8.74 |   8.47 |   8.46 |   7.63 |I I 
04:42-Thu-Apr-13-2017 PM10  |  13.18 |  12.63 |  14.10 |  13.47 |I I 
04:42-Thu-Apr-13-2017 PM2.5 |   8.32 |   8.46 |   8.46 |   7.63 |I I 
04:43-Thu-Apr-13-2017 PM10  |  15.71 |  12.80 |  14.10 |  13.47 |I I 
04:43-Thu-Apr-13-2017 PM2.5 |   8.23 |   8.45 |   8.46 |   7.63 |I I 
04:47-Thu-Apr-13-2017 PM10  |  13.72 |  12.85 |  14.10 |  13.47 |I I 
04:47-Thu-Apr-13-2017 PM2.5 |   8.48 |   8.45 |   8.46 |   7.63 |I I 
04:48-Thu-Apr-13-2017 PM10  |  13.72 |  12.89 |  14.10 |  13.47 |I I 
04:48-Thu-Apr-13-2017 PM2.5 |   8.48 |   8.45 |   8.46 |   7.63 |I I 
04:49-Thu-Apr-13-2017 PM10  |  11.46 |  12.82 |  14.10 |  13.47 |I I 
04:49-Thu-Apr-13-2017 PM2.5 |   8.26 |   8.44 |   8.46 |   7.63 |I I 
04:53-Thu-Apr-13-2017 PM10  |  12.85 |  12.82 |  14.10 |  13.47 |I I 
04:53-Thu-Apr-13-2017 PM2.5 |   8.83 |   8.46 |   8.46 |   7.63 |I I 
04:54-Thu-Apr-13-2017 PM10  |  13.15 |  12.84 |  14.10 |  13.47 |I I 
04:54-Thu-Apr-13-2017 PM2.5 |   8.49 |   8.46 |   8.46 |   7.63 |I I 
04:58-Thu-Apr-13-2017 PM10  |  13.44 |  12.86 |  14.10 |  13.47 |I I 
04:58-Thu-Apr-13-2017 PM2.5 |   8.54 |   8.46 |   8.46 |   7.63 |I I 
04:59-Thu-Apr-13-2017 PM10  |  12.00 |  12.83 |  14.10 |  13.47 |I I 
04:59-Thu-Apr-13-2017 PM2.5 |   8.19 |   8.45 |   8.46 |   7.63 |I I 
05:03-Thu-Apr-13-2017 PM10  |  13.15 |  12.84 |  14.10 |  12.84 |I I 
05:03-Thu-Apr-13-2017 PM2.5 |   8.42 |   8.45 |   8.46 |   7.63 |I I 
05:04-Thu-Apr-13-2017 PM10  |  11.36 |  11.36 |  14.10 |  12.84 |I I 
05:04-Thu-Apr-13-2017 PM2.5 |   7.94 |   7.94 |   8.46 |   7.63 |I I 
05:08-Thu-Apr-13-2017 PM10  |  12.56 |  11.96 |  14.10 |  12.84 |I I 
05:08-Thu-Apr-13-2017 PM2.5 |   8.38 |   8.16 |   8.46 |   7.63 |I I 
05:09-Thu-Apr-13-2017 PM10  |  11.41 |  11.78 |  14.10 |  12.84 |I I 
05:09-Thu-Apr-13-2017 PM2.5 |   8.05 |   8.12 |   8.46 |   7.63 |I I 
05:13-Thu-Apr-13-2017 PM10  |  12.18 |  11.88 |  14.10 |  12.84 |I I 
05:13-Thu-Apr-13-2017 PM2.5 |   8.09 |   8.11 |   8.46 |   7.63 |I I 
05:14-Thu-Apr-13-2017 PM10  |  12.18 |  11.94 |  14.10 |  12.84 |I I 
05:14-Thu-Apr-13-2017 PM2.5 |   8.09 |   8.11 |   8.46 |   7.63 |I I 
05:15-Thu-Apr-13-2017 PM10  |  12.31 |  12.00 |  14.10 |  12.84 |I I 
05:15-Thu-Apr-13-2017 PM2.5 |   7.86 |   8.07 |   8.46 |   7.63 |I I 
05:19-Thu-Apr-13-2017 PM10  |  12.60 |  12.08 |  14.10 |  12.84 |I I 
05:19-Thu-Apr-13-2017 PM2.5 |   8.68 |   8.16 |   8.46 |   7.63 |I I 
05:20-Thu-Apr-13-2017 PM10  |  11.90 |  12.06 |  14.10 |  12.84 |I I 
05:20-Thu-Apr-13-2017 PM2.5 |   8.17 |   8.16 |   8.46 |   7.63 |I I 
05:24-Thu-Apr-13-2017 PM10  |  11.67 |  12.02 |  14.10 |  12.84 |I I 
05:24-Thu-Apr-13-2017 PM2.5 |   8.27 |   8.17 |   8.46 |   7.63 |I I 
05:25-Thu-Apr-13-2017 PM10  |  13.90 |  12.21 |  14.10 |  12.84 |I I 
05:25-Thu-Apr-13-2017 PM2.5 |   8.40 |   8.19 |   8.46 |   7.63 |I I 
05:29-Thu-Apr-13-2017 PM10  |  12.32 |  12.22 |  14.10 |  12.84 |I I 
05:29-Thu-Apr-13-2017 PM2.5 |   8.50 |   8.22 |   8.46 |   7.63 |I I 
05:30-Thu-Apr-13-2017 PM10  |  11.90 |  12.19 |  14.10 |  12.84 |I I 
05:30-Thu-Apr-13-2017 PM2.5 |   8.52 |   8.25 |   8.46 |   7.63 |I I 
05:34-Thu-Apr-13-2017 PM10  |  12.26 |  12.20 |  14.10 |  12.84 |I I 
05:34-Thu-Apr-13-2017 PM2.5 |   8.62 |   8.27 |   8.46 |   7.63 |I I 
05:35-Thu-Apr-13-2017 PM10  |  13.74 |  12.31 |  14.10 |  12.84 |I I 
05:35-Thu-Apr-13-2017 PM2.5 |   8.47 |   8.29 |   8.46 |   7.63 |I I 
05:39-Thu-Apr-13-2017 PM10  |  14.80 |  12.47 |  14.10 |  12.84 |I I 
05:39-Thu-Apr-13-2017 PM2.5 |   8.82 |   8.32 |   8.46 |   7.63 |I I 
05:40-Thu-Apr-13-2017 PM10  |  14.80 |  12.62 |  14.10 |  12.84 |I I 
05:40-Thu-Apr-13-2017 PM2.5 |   8.82 |   8.36 |   8.46 |   7.63 |I I 
05:41-Thu-Apr-13-2017 PM10  |  14.90 |  12.75 |  14.10 |  12.84 |I I 
05:41-Thu-Apr-13-2017 PM2.5 |   8.54 |   8.37 |   8.46 |   7.63 |I I 
05:45-Thu-Apr-13-2017 PM10  |  15.17 |  12.89 |  14.10 |  12.84 |I I 
05:45-Thu-Apr-13-2017 PM2.5 |   8.87 |   8.39 |   8.46 |   7.63 |I I 
05:46-Thu-Apr-13-2017 PM10  |  10.02 |  12.73 |  14.10 |  12.84 |I I 
05:46-Thu-Apr-13-2017 PM2.5 |   8.08 |   8.38 |   8.46 |   7.63 |I I 
05:50-Thu-Apr-13-2017 PM10  |  12.07 |  12.70 |  14.10 |  12.84 |I I 
05:50-Thu-Apr-13-2017 PM2.5 |   8.46 |   8.38 |   8.46 |   7.63 |I I 
05:51-Thu-Apr-13-2017 PM10  |  12.67 |  12.70 |  14.10 |  12.84 |I I 
05:51-Thu-Apr-13-2017 PM2.5 |   8.07 |   8.37 |   8.46 |   7.63 |I I 
05:55-Thu-Apr-13-2017 PM10  |  12.48 |  12.69 |  14.10 |  12.84 |I I 
05:55-Thu-Apr-13-2017 PM2.5 |   8.44 |   8.37 |   8.46 |   7.63 |I I 
05:56-Thu-Apr-13-2017 PM10  |  12.73 |  12.69 |  14.10 |  12.84 |I I 
05:56-Thu-Apr-13-2017 PM2.5 |   8.01 |   8.35 |   8.46 |   7.63 |I I 
06:00-Thu-Apr-13-2017 PM10  |  13.58 |  12.73 |  14.10 |  12.73 |I I 
06:00-Thu-Apr-13-2017 PM2.5 |   8.51 |   8.36 |   8.46 |   7.63 |I I 
06:01-Thu-Apr-13-2017 PM10  |  13.18 |  13.18 |  14.10 |  12.73 |I I 
06:01-Thu-Apr-13-2017 PM2.5 |   8.45 |   8.45 |   8.46 |   7.63 |I I 
06:05-Thu-Apr-13-2017 PM10  |  11.36 |  12.27 |  14.10 |  12.73 |I I 
06:05-Thu-Apr-13-2017 PM2.5 |   8.59 |   8.52 |   8.46 |   7.63 |I I 
06:06-Thu-Apr-13-2017 PM10  |  11.36 |  11.97 |  14.10 |  12.73 |I I 
06:06-Thu-Apr-13-2017 PM2.5 |   8.59 |   8.54 |   8.46 |   7.63 |I I 
06:07-Thu-Apr-13-2017 PM10  |  15.00 |  12.73 |  14.10 |  12.73 |I I 
06:07-Thu-Apr-13-2017 PM2.5 |   8.49 |   8.53 |   8.46 |   7.63 |I I 
06:11-Thu-Apr-13-2017 PM10  |  14.92 |  13.16 |  14.10 |  12.73 |I I 
06:11-Thu-Apr-13-2017 PM2.5 |   8.41 |   8.50 |   8.46 |   7.63 |I I 
06:12-Thu-Apr-13-2017 PM10  |  13.04 |  13.14 |  14.10 |  12.73 |I I 
06:12-Thu-Apr-13-2017 PM2.5 |   8.25 |   8.46 |   8.46 |   7.63 |I I 
06:16-Thu-Apr-13-2017 PM10  |  13.01 |  13.12 |  14.10 |  12.73 |I I 
06:16-Thu-Apr-13-2017 PM2.5 |   8.78 |   8.51 |   8.46 |   7.63 |I I 
06:17-Thu-Apr-13-2017 PM10  |  11.27 |  12.89 |  14.10 |  12.73 |I I 
06:17-Thu-Apr-13-2017 PM2.5 |   7.67 |   8.40 |   8.46 |   7.63 |I I 
06:21-Thu-Apr-13-2017 PM10  |  12.19 |  12.81 |  14.10 |  12.73 |I I 
06:21-Thu-Apr-13-2017 PM2.5 |   8.37 |   8.40 |   8.46 |   7.63 |I I 
06:22-Thu-Apr-13-2017 PM10  |  13.27 |  12.86 |  14.10 |  12.73 |I I 
06:22-Thu-Apr-13-2017 PM2.5 |   8.07 |   8.37 |   8.46 |   7.63 |I I 
06:26-Thu-Apr-13-2017 PM10  |  12.95 |  12.87 |  14.10 |  12.73 |I I 
06:26-Thu-Apr-13-2017 PM2.5 |   8.45 |   8.37 |   8.46 |   7.63 |I I 
06:27-Thu-Apr-13-2017 PM10  |  12.00 |  12.80 |  14.10 |  12.73 |I I 
06:27-Thu-Apr-13-2017 PM2.5 |   7.63 |   8.31 |   8.46 |   7.63 |I I 
06:31-Thu-Apr-13-2017 PM10  |  11.95 |  12.73 |  14.10 |  12.73 |I I 
06:31-Thu-Apr-13-2017 PM2.5 |   8.26 |   8.31 |   8.46 |   7.63 |I I 
06:32-Thu-Apr-13-2017 PM10  |  11.95 |  12.67 |  14.10 |  12.73 |I I 
06:32-Thu-Apr-13-2017 PM2.5 |   8.26 |   8.30 |   8.46 |   7.63 |I I 
06:33-Thu-Apr-13-2017 PM10  |  11.78 |  12.62 |  14.10 |  12.73 |I I 
06:33-Thu-Apr-13-2017 PM2.5 |   8.09 |   8.29 |   8.46 |   7.63 |I I 
06:37-Thu-Apr-13-2017 PM10  |  13.25 |  12.65 |  14.10 |  12.73 |I I 
06:37-Thu-Apr-13-2017 PM2.5 |   8.41 |   8.30 |   8.46 |   7.63 |I I 
06:38-Thu-Apr-13-2017 PM10  |  12.01 |  12.62 |  14.10 |  12.73 |I I 
06:38-Thu-Apr-13-2017 PM2.5 |   8.16 |   8.29 |   8.46 |   7.63 |I I 
06:42-Thu-Apr-13-2017 PM10  |  11.60 |  12.56 |  14.10 |  12.73 |I I 
06:42-Thu-Apr-13-2017 PM2.5 |   8.58 |   8.31 |   8.46 |   7.63 |I I 
06:43-Thu-Apr-13-2017 PM10  |  13.42 |  12.61 |  14.10 |  12.73 |I I 
06:43-Thu-Apr-13-2017 PM2.5 |   8.56 |   8.32 |   8.46 |   7.63 |I I 
06:47-Thu-Apr-13-2017 PM10  |  11.62 |  12.56 |  14.10 |  12.73 |I I 
06:47-Thu-Apr-13-2017 PM2.5 |   8.37 |   8.32 |   8.46 |   7.63 |I I 
06:48-Thu-Apr-13-2017 PM10  |  10.91 |  12.48 |  14.10 |  12.73 |I I 
06:48-Thu-Apr-13-2017 PM2.5 |   8.23 |   8.32 |   8.46 |   7.63 |I I 
06:52-Thu-Apr-13-2017 PM10  |  10.60 |  12.39 |  14.10 |  12.73 |I I 
06:52-Thu-Apr-13-2017 PM2.5 |   8.03 |   8.30 |   8.46 |   7.63 |I I 
06:53-Thu-Apr-13-2017 PM10  |  12.66 |  12.40 |  14.10 |  12.73 |I I 
06:53-Thu-Apr-13-2017 PM2.5 |   8.24 |   8.30 |   8.46 |   7.63 |I I 
06:58-Thu-Apr-13-2017 PM10  |  11.14 |  12.35 |  14.10 |  12.73 |I I 
06:58-Thu-Apr-13-2017 PM2.5 |   8.25 |   8.30 |   8.46 |   7.63 |I I 
06:59-Thu-Apr-13-2017 PM10  |  11.14 |  12.30 |  14.10 |  12.73 |I I 
06:59-Thu-Apr-13-2017 PM2.5 |   8.25 |   8.30 |   8.46 |   7.63 |I I 
07:00-Thu-Apr-13-2017 PM10  |  14.04 |  12.37 |  14.10 |  12.37 |I I 
07:00-Thu-Apr-13-2017 PM2.5 |   7.93 |   8.28 |   8.46 |   7.63 |I I 
07:04-Thu-Apr-13-2017 PM10  |  15.61 |  15.61 |  14.10 |  12.37 |I I 
07:04-Thu-Apr-13-2017 PM2.5 |   8.28 |   8.28 |   8.46 |   7.63 |I I 
07:05-Thu-Apr-13-2017 PM10  |  12.32 |  13.96 |  14.10 |  12.37 |I I 
07:05-Thu-Apr-13-2017 PM2.5 |   8.27 |   8.27 |   8.46 |   7.63 |I I 
07:09-Thu-Apr-13-2017 PM10  |  13.37 |  13.77 |  14.10 |  12.37 |I I 
07:09-Thu-Apr-13-2017 PM2.5 |   8.21 |   8.25 |   8.46 |   7.63 |I I 
07:10-Thu-Apr-13-2017 PM10  |  16.26 |  14.39 |  14.10 |  12.37 |I I 
07:10-Thu-Apr-13-2017 PM2.5 |   8.29 |   8.26 |   8.46 |   7.63 |I I 
07:14-Thu-Apr-13-2017 PM10  |  20.33 |  15.58 |  14.10 |  12.37 |I I 
07:14-Thu-Apr-13-2017 PM2.5 |   8.73 |   8.36 |   8.46 |   7.63 |I I 
07:15-Thu-Apr-13-2017 PM10  |  14.88 |  15.46 |  14.10 |  12.37 |I I 
07:15-Thu-Apr-13-2017 PM2.5 |   8.16 |   8.32 |   8.46 |   7.63 |I I 
07:19-Thu-Apr-13-2017 PM10  |  14.92 |  15.38 |  14.10 |  12.37 |I I 
07:19-Thu-Apr-13-2017 PM2.5 |   8.17 |   8.30 |   8.46 |   7.63 |I I 
07:20-Thu-Apr-13-2017 PM10  |  13.55 |  15.16 |  14.10 |  12.37 |I I 
07:20-Thu-Apr-13-2017 PM2.5 |   7.94 |   8.25 |   8.46 |   7.63 |I I 
07:24-Thu-Apr-13-2017 PM10  |  15.31 |  15.17 |  14.10 |  12.37 |I I 
07:24-Thu-Apr-13-2017 PM2.5 |   8.58 |   8.29 |   8.46 |   7.63 |I I 
07:25-Thu-Apr-13-2017 PM10  |  15.31 |  15.19 |  14.10 |  12.37 |I I 
07:25-Thu-Apr-13-2017 PM2.5 |   8.58 |   8.32 |   8.46 |   7.63 |I I 
07:26-Thu-Apr-13-2017 PM10  |  12.51 |  14.94 |  14.10 |  12.37 |I I 
07:26-Thu-Apr-13-2017 PM2.5 |   7.93 |   8.28 |   8.46 |   7.63 |I I 
07:30-Thu-Apr-13-2017 PM10  |  16.04 |  15.03 |  14.10 |  12.37 |I I 
07:30-Thu-Apr-13-2017 PM2.5 |   8.70 |   8.32 |   8.46 |   7.63 |I I 
07:31-Thu-Apr-13-2017 PM10  |  12.83 |  14.86 |  14.10 |  12.37 |I I 
07:31-Thu-Apr-13-2017 PM2.5 |   8.00 |   8.29 |   8.46 |   7.63 |I I 
07:35-Thu-Apr-13-2017 PM10  |  16.67 |  14.99 |  14.10 |  12.37 |I I 
07:35-Thu-Apr-13-2017 PM2.5 |   8.79 |   8.33 |   8.46 |   7.63 |I I 
07:36-Thu-Apr-13-2017 PM10  |  13.28 |  14.88 |  14.10 |  12.37 |I I 
07:36-Thu-Apr-13-2017 PM2.5 |   8.32 |   8.33 |   8.46 |   7.63 |I I 
07:40-Thu-Apr-13-2017 PM10  |  13.50 |  14.79 |  14.10 |  12.37 |I I 
07:40-Thu-Apr-13-2017 PM2.5 |   8.72 |   8.35 |   8.46 |   7.63 |I I 
07:41-Thu-Apr-13-2017 PM10  |  15.00 |  14.81 |  14.10 |  12.37 |I I 
07:41-Thu-Apr-13-2017 PM2.5 |   8.62 |   8.37 |   8.46 |   7.63 |I I 
07:45-Thu-Apr-13-2017 PM10  |  11.68 |  14.63 |  14.10 |  12.37 |I I 
07:45-Thu-Apr-13-2017 PM2.5 |   8.21 |   8.36 |   8.46 |   7.63 |I I 
07:46-Thu-Apr-13-2017 PM10  |  14.01 |  14.60 |  14.10 |  12.37 |I I 
07:46-Thu-Apr-13-2017 PM2.5 |   8.53 |   8.37 |   8.46 |   7.63 |I I 
07:50-Thu-Apr-13-2017 PM10  |  14.87 |  14.61 |  14.10 |  12.37 |I I 
07:50-Thu-Apr-13-2017 PM2.5 |   8.40 |   8.37 |   8.46 |   7.63 |I I 
07:51-Thu-Apr-13-2017 PM10  |  14.87 |  14.63 |  14.10 |  12.37 |I I 
07:51-Thu-Apr-13-2017 PM2.5 |   8.40 |   8.37 |   8.46 |   7.63 |I I 
07:52-Thu-Apr-13-2017 PM10  |  14.10 |  14.60 |  14.10 |  12.37 |I I 
07:52-Thu-Apr-13-2017 PM2.5 |   8.43 |   8.38 |   8.46 |   7.63 |I I 
07:56-Thu-Apr-13-2017 PM10  |  16.20 |  14.67 |  14.10 |  12.37 |I I 
07:56-Thu-Apr-13-2017 PM2.5 |   8.70 |   8.39 |   8.46 |   7.63 |I I 
07:57-Thu-Apr-13-2017 PM10  |  13.53 |  14.62 |  14.10 |  12.37 |I I 
07:57-Thu-Apr-13-2017 PM2.5 |   8.08 |   8.38 |   8.46 |   7.63 |I I 
08:01-Thu-Apr-13-2017 PM10  |  15.28 |  14.65 |  14.65 |  12.37 |I I 
08:01-Thu-Apr-13-2017 PM2.5 |   8.77 |   8.39 |   8.46 |   7.63 |I I 
08:02-Thu-Apr-13-2017 PM10  |  13.88 |  13.88 |  14.65 |  12.37 |I I 
08:02-Thu-Apr-13-2017 PM2.5 |   8.07 |   8.07 |   8.46 |   7.63 |I I 
08:06-Thu-Apr-13-2017 PM10  |  17.41 |  15.65 |  14.65 |  12.37 |I I 
08:06-Thu-Apr-13-2017 PM2.5 |   8.37 |   8.22 |   8.46 |   7.63 |I I 
08:07-Thu-Apr-13-2017 PM10  |  13.92 |  15.07 |  14.65 |  12.37 |I I 
08:07-Thu-Apr-13-2017 PM2.5 |   8.38 |   8.27 |   8.46 |   7.63 |I I 
08:11-Thu-Apr-13-2017 PM10  |  12.19 |  14.35 |  14.65 |  12.37 |I I 
08:11-Thu-Apr-13-2017 PM2.5 |   8.22 |   8.26 |   8.46 |   7.63 |I I 
08:12-Thu-Apr-13-2017 PM10  |  13.24 |  14.13 |  14.65 |  12.37 |I I 
08:12-Thu-Apr-13-2017 PM2.5 |   8.47 |   8.30 |   8.46 |   7.63 |I I 
08:16-Thu-Apr-13-2017 PM10  |  13.25 |  13.98 |  14.65 |  12.37 |I I 
08:16-Thu-Apr-13-2017 PM2.5 |   8.64 |   8.36 |   8.46 |   7.63 |I I 
08:17-Thu-Apr-13-2017 PM10  |  13.23 |  13.87 |  14.65 |  12.37 |I I 
08:17-Thu-Apr-13-2017 PM2.5 |   7.65 |   8.26 |   8.46 |   7.63 |I I 
08:18-Thu-Apr-13-2017 PM10  |  13.23 |  13.79 |  14.65 |  12.37 |I I 
08:18-Thu-Apr-13-2017 PM2.5 |   7.65 |   8.18 |   8.46 |   7.63 |I I 
08:22-Thu-Apr-13-2017 PM10  |  12.81 |  13.68 |  14.65 |  12.37 |I I 
08:22-Thu-Apr-13-2017 PM2.5 |   8.26 |   8.19 |   8.46 |   7.63 |I I 
08:23-Thu-Apr-13-2017 PM10  |  13.40 |  13.66 |  14.65 |  12.37 |I I 
08:23-Thu-Apr-13-2017 PM2.5 |   7.95 |   8.17 |   8.46 |   7.63 |I I 
08:27-Thu-Apr-13-2017 PM10  |  14.89 |  13.77 |  14.65 |  12.37 |I I 
08:27-Thu-Apr-13-2017 PM2.5 |   7.99 |   8.15 |   8.46 |   7.63 |I I 
08:28-Thu-Apr-13-2017 PM10  |  14.06 |  13.79 |  14.65 |  12.37 |I I 
08:28-Thu-Apr-13-2017 PM2.5 |   7.63 |   8.11 |   8.46 |   7.63 |I I 
08:32-Thu-Apr-13-2017 PM10  |  12.84 |  13.72 |  14.65 |  12.37 |I I 
08:32-Thu-Apr-13-2017 PM2.5 |   7.99 |   8.10 |   8.46 |   7.63 |I I 
08:33-Thu-Apr-13-2017 PM10  |  11.48 |  13.56 |  14.65 |  12.37 |I I 
08:33-Thu-Apr-13-2017 PM2.5 |   7.75 |   8.07 |   8.46 |   7.63 |I I 
08:37-Thu-Apr-13-2017 PM10  |  13.28 |  13.54 |  14.65 |  12.37 |I I 
08:37-Thu-Apr-13-2017 PM2.5 |   8.47 |   8.10 |   8.46 |   7.63 |I I 
08:38-Thu-Apr-13-2017 PM10  |  14.04 |  13.57 |  14.65 |  12.37 |I I 
08:38-Thu-Apr-13-2017 PM2.5 |   8.37 |   8.12 |   8.46 |   7.63 |I I 
08:42-Thu-Apr-13-2017 PM10  |  12.86 |  13.53 |  14.65 |  12.37 |I I 
08:42-Thu-Apr-13-2017 PM2.5 |   8.18 |   8.12 |   8.46 |   7.63 |I I 
08:43-Thu-Apr-13-2017 PM10  |  12.86 |  13.49 |  14.65 |  12.37 |I I 
08:43-Thu-Apr-13-2017 PM2.5 |   8.18 |   8.12 |   8.46 |   7.63 |I I 
08:44-Thu-Apr-13-2017 PM10  |  13.58 |  13.50 |  14.65 |  12.37 |I I 
08:44-Thu-Apr-13-2017 PM2.5 |   8.03 |   8.12 |   8.46 |   7.63 |I I 
08:48-Thu-Apr-13-2017 PM10  |  11.99 |  13.42 |  14.65 |  12.37 |I I 
08:48-Thu-Apr-13-2017 PM2.5 |   7.95 |   8.11 |   8.46 |   7.63 |I I 
08:49-Thu-Apr-13-2017 PM10  |  13.95 |  13.45 |  14.65 |  12.37 |I I 
08:49-Thu-Apr-13-2017 PM2.5 |   7.94 |   8.10 |   8.46 |   7.63 |I I 
08:53-Thu-Apr-13-2017 PM10  |  11.12 |  13.34 |  14.65 |  12.37 |I I 
08:53-Thu-Apr-13-2017 PM2.5 |   7.63 |   8.08 |   8.46 |   7.63 |I I 
08:54-Thu-Apr-13-2017 PM10  |  12.60 |  13.31 |  14.65 |  12.37 |I I 
08:54-Thu-Apr-13-2017 PM2.5 |   7.96 |   8.07 |   8.46 |   7.63 |I I 
08:58-Thu-Apr-13-2017 PM10  |  13.42 |  13.31 |  14.65 |  12.37 |I I 
08:58-Thu-Apr-13-2017 PM2.5 |   8.28 |   8.08 |   8.46 |   7.63 |I I 
08:59-Thu-Apr-13-2017 PM10  |  10.96 |  13.22 |  14.65 |  12.37 |I I 
08:59-Thu-Apr-13-2017 PM2.5 |   7.49 |   8.06 |   8.46 |   7.63 |I I 
09:03-Thu-Apr-13-2017 PM10  |  12.28 |  13.18 |  14.65 |  12.37 |I I 
09:03-Thu-Apr-13-2017 PM2.5 |   8.11 |   8.06 |   8.46 |   7.63 |I I 
09:04-Thu-Apr-13-2017 PM10  |  12.40 |  12.40 |  14.65 |  12.37 |I I 
09:04-Thu-Apr-13-2017 PM2.5 |   8.31 |   8.31 |   8.46 |   7.63 |I I 
09:08-Thu-Apr-13-2017 PM10  |  11.82 |  12.11 |  14.65 |  12.37 |I I 
09:08-Thu-Apr-13-2017 PM2.5 |   7.93 |   8.12 |   8.46 |   7.63 |I I 
09:09-Thu-Apr-13-2017 PM10  |  11.82 |  12.01 |  14.65 |  12.37 |I I 
09:09-Thu-Apr-13-2017 PM2.5 |   7.93 |   8.06 |   8.46 |   7.63 |I I 
09:10-Thu-Apr-13-2017 PM10  |  12.83 |  12.22 |  14.65 |  12.37 |I I 
09:10-Thu-Apr-13-2017 PM2.5 |   7.94 |   8.03 |   8.46 |   7.63 |I I 
09:14-Thu-Apr-13-2017 PM10  |  14.46 |  12.67 |  14.65 |  12.37 |I I 
09:14-Thu-Apr-13-2017 PM2.5 |   8.44 |   8.11 |   8.46 |   7.63 |I I 
09:15-Thu-Apr-13-2017 PM10  |  11.22 |  12.43 |  14.65 |  12.37 |I I 
09:15-Thu-Apr-13-2017 PM2.5 |   7.31 |   7.98 |   8.46 |   7.63 |I I 
09:19-Thu-Apr-13-2017 PM10  |  12.45 |  12.43 |  14.65 |  12.37 |I I 
09:19-Thu-Apr-13-2017 PM2.5 |   8.15 |   8.00 |   8.46 |   7.63 |I I 
09:20-Thu-Apr-13-2017 PM10  |  13.70 |  12.59 |  14.65 |  12.37 |I I 
09:20-Thu-Apr-13-2017 PM2.5 |   8.24 |   8.03 |   8.46 |   7.63 |I I 
09:24-Thu-Apr-13-2017 PM10  |  12.44 |  12.57 |  14.65 |  12.37 |I I 
09:24-Thu-Apr-13-2017 PM2.5 |   8.47 |   8.08 |   8.46 |   7.63 |I I 
09:25-Thu-Apr-13-2017 PM10  |  12.76 |  12.59 |  14.65 |  12.37 |I I 
09:25-Thu-Apr-13-2017 PM2.5 |   7.78 |   8.05 |   8.46 |   7.63 |I I 
09:29-Thu-Apr-13-2017 PM10  |  12.07 |  12.54 |  14.65 |  12.37 |I I 
09:29-Thu-Apr-13-2017 PM2.5 |   8.24 |   8.07 |   8.46 |   7.63 |I I 
09:30-Thu-Apr-13-2017 PM10  |  15.59 |  12.80 |  14.65 |  12.37 |I I 
09:30-Thu-Apr-13-2017 PM2.5 |   7.87 |   8.05 |   8.46 |   7.63 |I I 
09:34-Thu-Apr-13-2017 PM10  |  14.28 |  12.91 |  14.65 |  12.37 |I I 
09:34-Thu-Apr-13-2017 PM2.5 |   8.30 |   8.07 |   8.46 |   7.63 |I I 
09:35-Thu-Apr-13-2017 PM10  |  11.04 |  12.78 |  14.65 |  12.37 |I I 
09:35-Thu-Apr-13-2017 PM2.5 |   7.77 |   8.05 |   8.46 |   7.63 |I I 
09:36-Thu-Apr-13-2017 PM10  |  11.04 |  12.66 |  14.65 |  12.37 |I I 
09:36-Thu-Apr-13-2017 PM2.5 |   7.77 |   8.03 |   8.46 |   7.63 |I I 
09:40-Thu-Apr-13-2017 PM10  |  11.53 |  12.59 |  14.65 |  12.37 |I I 
09:40-Thu-Apr-13-2017 PM2.5 |   7.73 |   8.01 |   8.46 |   7.63 |I I 
09:41-Thu-Apr-13-2017 PM10  |  14.98 |  12.73 |  14.65 |  12.37 |I I 
09:41-Thu-Apr-13-2017 PM2.5 |   7.73 |   7.99 |   8.46 |   7.63 |I I 
09:45-Thu-Apr-13-2017 PM10  |  12.13 |  12.70 |  14.65 |  12.37 |I I 
09:45-Thu-Apr-13-2017 PM2.5 |   8.10 |   8.00 |   8.46 |   7.63 |I I 
09:47-Thu-Apr-13-2017 PM10  |  10.59 |  12.59 |  14.65 |  12.37 |I I 
09:47-Thu-Apr-13-2017 PM2.5 |   7.41 |   7.97 |   8.46 |   7.63 |I I 
09:51-Thu-Apr-13-2017 PM10  |  11.67 |  12.54 |  14.65 |  12.37 |I I 
09:51-Thu-Apr-13-2017 PM2.5 |   7.46 |   7.94 |   8.46 |   7.63 |I I 
09:52-Thu-Apr-13-2017 PM10  |  14.09 |  12.61 |  14.65 |  12.37 |I I 
09:52-Thu-Apr-13-2017 PM2.5 |   7.72 |   7.93 |   8.46 |   7.63 |I I 
09:56-Thu-Apr-13-2017 PM10  |  12.03 |  12.59 |  14.65 |  12.37 |I I 
09:56-Thu-Apr-13-2017 PM2.5 |   7.62 |   7.92 |   8.46 |   7.63 |I I 
09:57-Thu-Apr-13-2017 PM10  |  13.29 |  12.62 |  14.65 |  12.37 |I I 
09:57-Thu-Apr-13-2017 PM2.5 |   7.60 |   7.90 |   8.46 |   7.63 |I I 
10:01-Thu-Apr-13-2017 PM10  |  10.64 |  12.54 |  14.65 |  12.37 |I I 
10:01-Thu-Apr-13-2017 PM2.5 |   7.59 |   7.89 |   8.46 |   7.63 |I I 
10:02-Thu-Apr-13-2017 PM10  |  10.64 |  10.64 |  14.65 |  12.37 |I I 
10:02-Thu-Apr-13-2017 PM2.5 |   7.59 |   7.59 |   8.46 |   7.63 |I I 
10:03-Thu-Apr-13-2017 PM10  |  11.44 |  11.04 |  14.65 |  12.37 |I I 
10:03-Thu-Apr-13-2017 PM2.5 |   7.48 |   7.53 |   8.46 |   7.63 |I I 
10:07-Thu-Apr-13-2017 PM10  |  11.52 |  11.20 |  14.65 |  12.37 |I I 
10:07-Thu-Apr-13-2017 PM2.5 |   7.91 |   7.66 |   8.46 |   7.63 |I I 
10:08-Thu-Apr-13-2017 PM10  |  11.19 |  11.20 |  14.65 |  12.37 |I I 
10:08-Thu-Apr-13-2017 PM2.5 |   7.50 |   7.62 |   8.46 |   7.63 |I I 
10:12-Thu-Apr-13-2017 PM10  |  11.52 |  11.26 |  14.65 |  12.37 |I I 
10:12-Thu-Apr-13-2017 PM2.5 |   7.85 |   7.67 |   8.46 |   7.63 |I I 
10:13-Thu-Apr-13-2017 PM10  |  11.13 |  11.24 |  14.65 |  12.37 |I I 
10:13-Thu-Apr-13-2017 PM2.5 |   7.25 |   7.60 |   8.46 |   7.63 |I I 
10:17-Thu-Apr-13-2017 PM10  |  11.21 |  11.24 |  14.65 |  12.37 |I I 
10:17-Thu-Apr-13-2017 PM2.5 |   7.55 |   7.59 |   8.46 |   7.63 |I I 
10:18-Thu-Apr-13-2017 PM10  |  12.32 |  11.37 |  14.65 |  12.37 |I I 
10:18-Thu-Apr-13-2017 PM2.5 |   7.26 |   7.55 |   8.46 |   7.63 |I I 
10:22-Thu-Apr-13-2017 PM10  |  11.39 |  11.37 |  14.65 |  12.37 |I I 
10:22-Thu-Apr-13-2017 PM2.5 |   7.85 |   7.58 |   8.46 |   7.63 |I I 
10:23-Thu-Apr-13-2017 PM10  |  11.34 |  11.37 |  14.65 |  12.37 |I I 
10:23-Thu-Apr-13-2017 PM2.5 |   7.21 |   7.54 |   8.46 |   7.63 |I I 
10:27-Thu-Apr-13-2017 PM10  |  11.63 |  11.39 |  14.65 |  12.37 |I I 
10:27-Thu-Apr-13-2017 PM2.5 |   7.28 |   7.52 |   8.46 |   7.63 |I I 
10:28-Thu-Apr-13-2017 PM10  |  11.63 |  11.41 |  14.65 |  12.37 |I I 
10:28-Thu-Apr-13-2017 PM2.5 |   7.28 |   7.50 |   8.46 |   7.63 |I I 
10:29-Thu-Apr-13-2017 PM10  |  10.11 |  11.31 |  14.65 |  12.37 |I I 
10:29-Thu-Apr-13-2017 PM2.5 |   7.17 |   7.47 |   8.46 |   7.63 |I I 
10:33-Thu-Apr-13-2017 PM10  |  13.13 |  11.44 |  14.65 |  12.37 |I I 
10:33-Thu-Apr-13-2017 PM2.5 |   7.74 |   7.49 |   8.46 |   7.63 |I I 
10:34-Thu-Apr-13-2017 PM10  |  10.97 |  11.41 |  14.65 |  12.37 |I I 
10:34-Thu-Apr-13-2017 PM2.5 |   7.00 |   7.46 |   8.46 |   7.63 |I I 
10:38-Thu-Apr-13-2017 PM10  |  12.51 |  11.48 |  14.65 |  12.37 |I I 
10:38-Thu-Apr-13-2017 PM2.5 |   7.61 |   7.47 |   8.46 |   7.63 |I I 
10:39-Thu-Apr-13-2017 PM10  |  11.97 |  11.51 |  14.65 |  12.37 |I I 
10:39-Thu-Apr-13-2017 PM2.5 |   7.22 |   7.46 |   8.46 |   7.63 |I I 
10:43-Thu-Apr-13-2017 PM10  |  13.29 |  11.61 |  14.65 |  12.37 |I I 
10:43-Thu-Apr-13-2017 PM2.5 |   7.44 |   7.46 |   8.46 |   7.63 |I I 
10:44-Thu-Apr-13-2017 PM10  |  10.29 |  11.54 |  14.65 |  12.37 |I I 
10:44-Thu-Apr-13-2017 PM2.5 |   7.15 |   7.44 |   8.46 |   7.63 |I I 
10:48-Thu-Apr-13-2017 PM10  |  10.54 |  11.49 |  14.65 |  12.37 |I I 
10:48-Thu-Apr-13-2017 PM2.5 |   7.08 |   7.42 |   8.46 |   7.63 |I I 
10:49-Thu-Apr-13-2017 PM10  |  11.35 |  11.48 |  14.65 |  12.37 |I I 
10:49-Thu-Apr-13-2017 PM2.5 |   6.95 |   7.40 |   8.46 |   7.63 |I I 
10:53-Thu-Apr-13-2017 PM10  |  10.20 |  11.42 |  14.65 |  12.37 |I I 
10:53-Thu-Apr-13-2017 PM2.5 |   7.09 |   7.38 |   8.46 |   7.63 |I I 
10:54-Thu-Apr-13-2017 PM10  |  10.96 |  11.40 |  14.65 |  12.37 |I I 
10:54-Thu-Apr-13-2017 PM2.5 |   7.07 |   7.37 |   8.46 |   7.63 |I I 
10:55-Thu-Apr-13-2017 PM10  |  10.96 |  11.38 |  14.65 |  12.37 |I I 
10:55-Thu-Apr-13-2017 PM2.5 |   7.07 |   7.36 |   8.46 |   7.63 |I I 
10:59-Thu-Apr-13-2017 PM10  |  13.05 |  11.45 |  14.65 |  12.37 |I I 
10:59-Thu-Apr-13-2017 PM2.5 |   7.30 |   7.36 |   8.46 |   7.63 |I I 
11:00-Thu-Apr-13-2017 PM10  |   9.82 |  11.39 |  14.65 |  11.39 |I I 
11:00-Thu-Apr-13-2017 PM2.5 |   7.16 |   7.35 |   8.46 |   7.35 |I I 
11:04-Thu-Apr-13-2017 PM10  |  11.82 |  11.82 |  14.65 |  11.39 |I I 
11:04-Thu-Apr-13-2017 PM2.5 |   7.36 |   7.36 |   8.46 |   7.35 |I I 
11:05-Thu-Apr-13-2017 PM10  |  13.42 |  12.62 |  14.65 |  11.39 |I I 
11:05-Thu-Apr-13-2017 PM2.5 |   7.15 |   7.25 |   8.46 |   7.35 |I I 
11:09-Thu-Apr-13-2017 PM10  |  14.50 |  13.25 |  14.65 |  11.39 |I I 
11:09-Thu-Apr-13-2017 PM2.5 |   7.63 |   7.38 |   8.46 |   7.35 |I I 
11:10-Thu-Apr-13-2017 PM10  |  10.21 |  12.49 |  14.65 |  11.39 |I I 
11:10-Thu-Apr-13-2017 PM2.5 |   6.92 |   7.27 |   8.46 |   7.35 |I I 
11:14-Thu-Apr-13-2017 PM10  |  11.12 |  12.21 |  14.65 |  11.39 |I I 
11:14-Thu-Apr-13-2017 PM2.5 |   7.43 |   7.30 |   8.46 |   7.35 |I I 
11:15-Thu-Apr-13-2017 PM10  |  11.21 |  12.05 |  14.65 |  11.39 |I I 
11:15-Thu-Apr-13-2017 PM2.5 |   7.10 |   7.26 |   8.46 |   7.35 |I I 
11:19-Thu-Apr-13-2017 PM10  |  14.04 |  12.33 |  14.65 |  11.39 |I I 
11:19-Thu-Apr-13-2017 PM2.5 |   7.06 |   7.24 |   8.46 |   7.35 |I I 
11:20-Thu-Apr-13-2017 PM10  |  12.20 |  12.32 |  14.65 |  11.39 |I I 
11:20-Thu-Apr-13-2017 PM2.5 |   7.39 |   7.25 |   8.46 |   7.35 |I I 
11:21-Thu-Apr-13-2017 PM10  |  12.20 |  12.30 |  14.65 |  11.39 |I I 
11:21-Thu-Apr-13-2017 PM2.5 |   7.39 |   7.27 |   8.46 |   7.35 |I I 
11:25-Thu-Apr-13-2017 PM10  |  10.80 |  12.15 |  14.65 |  11.39 |I I 
11:25-Thu-Apr-13-2017 PM2.5 |   7.25 |   7.27 |   8.46 |   7.35 |I I 
11:26-Thu-Apr-13-2017 PM10  |   9.24 |  11.89 |  14.65 |  11.39 |I I 
11:26-Thu-Apr-13-2017 PM2.5 |   6.62 |   7.21 |   8.46 |   7.35 |I I 
11:30-Thu-Apr-13-2017 PM10  |  10.55 |  11.78 |  14.65 |  11.39 |I I 
11:30-Thu-Apr-13-2017 PM2.5 |   7.07 |   7.20 |   8.46 |   7.35 |I I 
11:31-Thu-Apr-13-2017 PM10  |  12.93 |  11.87 |  14.65 |  11.39 |I I 
11:31-Thu-Apr-13-2017 PM2.5 |   7.70 |   7.24 |   8.46 |   7.35 |I I 
11:35-Thu-Apr-13-2017 PM10  |  10.09 |  11.74 |  14.65 |  11.39 |I I 
11:35-Thu-Apr-13-2017 PM2.5 |   7.22 |   7.24 |   8.46 |   7.35 |I I 
11:36-Thu-Apr-13-2017 PM10  |   9.57 |  11.59 |  14.65 |  11.39 |I I 
11:36-Thu-Apr-13-2017 PM2.5 |   6.74 |   7.20 |   8.46 |   7.35 |I I 
11:40-Thu-Apr-13-2017 PM10  |   9.80 |  11.48 |  14.65 |  11.39 |I I 
11:40-Thu-Apr-13-2017 PM2.5 |   7.44 |   7.22 |   8.46 |   7.35 |I I 
11:41-Thu-Apr-13-2017 PM10  |   9.57 |  11.37 |  14.65 |  11.39 |I I 
11:41-Thu-Apr-13-2017 PM2.5 |   6.78 |   7.19 |   8.46 |   7.35 |I I 
11:45-Thu-Apr-13-2017 PM10  |   9.22 |  11.25 |  14.65 |  11.39 |I I 
11:45-Thu-Apr-13-2017 PM2.5 |   7.00 |   7.18 |   8.46 |   7.35 |I I 
11:46-Thu-Apr-13-2017 PM10  |  10.43 |  11.21 |  14.65 |  11.39 |I I 
11:46-Thu-Apr-13-2017 PM2.5 |   6.77 |   7.16 |   8.46 |   7.35 |I I 
11:47-Thu-Apr-13-2017 PM10  |  10.43 |  11.17 |  14.65 |  11.39 |I I 
11:47-Thu-Apr-13-2017 PM2.5 |   6.77 |   7.14 |   8.46 |   7.35 |I I 
11:51-Thu-Apr-13-2017 PM10  |  11.61 |  11.19 |  14.65 |  11.39 |I I 
11:51-Thu-Apr-13-2017 PM2.5 |   6.90 |   7.13 |   8.46 |   7.35 |I I 
11:52-Thu-Apr-13-2017 PM10  |  12.04 |  11.23 |  14.65 |  11.39 |I I 
11:52-Thu-Apr-13-2017 PM2.5 |   7.18 |   7.13 |   8.46 |   7.35 |I I 
11:56-Thu-Apr-13-2017 PM10  |  11.23 |  11.23 |  14.65 |  11.39 |I I 
11:56-Thu-Apr-13-2017 PM2.5 |   7.01 |   7.13 |   8.46 |   7.35 |I I 
11:57-Thu-Apr-13-2017 PM10  |  12.25 |  11.27 |  14.65 |  11.39 |I I 
11:57-Thu-Apr-13-2017 PM2.5 |   7.32 |   7.13 |   8.46 |   7.35 |I I 
12:01-Thu-Apr-13-2017 PM10  |   9.16 |  11.19 |  14.65 |  11.19 |I I 
12:01-Thu-Apr-13-2017 PM2.5 |   6.69 |   7.12 |   8.46 |   7.12 |I I 
12:02-Thu-Apr-13-2017 PM10  |  11.27 |  11.27 |  14.65 |  11.19 |I I 
12:02-Thu-Apr-13-2017 PM2.5 |   6.75 |   6.75 |   8.46 |   7.12 |I I 
12:06-Thu-Apr-13-2017 PM10  |  13.77 |  12.52 |  14.65 |  11.19 |I I 
12:06-Thu-Apr-13-2017 PM2.5 |   7.08 |   6.92 |   8.46 |   7.12 |I I 
12:07-Thu-Apr-13-2017 PM10  |  11.41 |  12.15 |  14.65 |  11.19 |I I 
12:07-Thu-Apr-13-2017 PM2.5 |   7.07 |   6.97 |   8.46 |   7.12 |I I 
12:11-Thu-Apr-13-2017 PM10  |  14.18 |  12.66 |  14.65 |  11.19 |I I 
12:11-Thu-Apr-13-2017 PM2.5 |   7.10 |   7.00 |   8.46 |   7.12 |I I 
12:12-Thu-Apr-13-2017 PM10  |  11.46 |  12.42 |  14.65 |  11.19 |I I 
12:12-Thu-Apr-13-2017 PM2.5 |   7.32 |   7.07 |   8.46 |   7.12 |I I 
12:13-Thu-Apr-13-2017 PM10  |  11.46 |  12.26 |  14.65 |  11.19 |I I 
12:13-Thu-Apr-13-2017 PM2.5 |   7.32 |   7.11 |   8.46 |   7.12 |I I 
12:17-Thu-Apr-13-2017 PM10  |  14.23 |  12.54 |  14.65 |  11.19 |I I 
12:17-Thu-Apr-13-2017 PM2.5 |   7.19 |   7.12 |   8.46 |   7.12 |I I 
12:18-Thu-Apr-13-2017 PM10  |  12.43 |  12.53 |  14.65 |  11.19 |I I 
12:18-Thu-Apr-13-2017 PM2.5 |   6.94 |   7.10 |   8.46 |   7.12 |I I 
12:22-Thu-Apr-13-2017 PM10  |  14.70 |  12.77 |  14.65 |  11.19 |I I 
12:22-Thu-Apr-13-2017 PM2.5 |   7.46 |   7.14 |   8.46 |   7.12 |I I 
12:23-Thu-Apr-13-2017 PM10  |  13.51 |  12.84 |  14.65 |  11.19 |I I 
12:23-Thu-Apr-13-2017 PM2.5 |   6.93 |   7.12 |   8.46 |   7.12 |I I 
12:27-Thu-Apr-13-2017 PM10  |  11.84 |  12.75 |  14.65 |  11.19 |I I 
12:27-Thu-Apr-13-2017 PM2.5 |   7.08 |   7.11 |   8.46 |   7.12 |I I 
12:28-Thu-Apr-13-2017 PM10  |  13.69 |  12.83 |  14.65 |  11.19 |I I 
12:28-Thu-Apr-13-2017 PM2.5 |   6.50 |   7.06 |   8.46 |   7.12 |I I 
12:32-Thu-Apr-13-2017 PM10  |  13.29 |  12.87 |  14.65 |  11.19 |I I 
12:32-Thu-Apr-13-2017 PM2.5 |   6.94 |   7.05 |   8.46 |   7.12 |I I 
12:33-Thu-Apr-13-2017 PM10  |  11.76 |  12.79 |  14.65 |  11.19 |I I 
12:33-Thu-Apr-13-2017 PM2.5 |   6.89 |   7.04 |   8.46 |   7.12 |I I 
12:37-Thu-Apr-13-2017 PM10  |  15.31 |  12.95 |  14.65 |  11.19 |I I 
12:37-Thu-Apr-13-2017 PM2.5 |   7.33 |   7.06 |   8.46 |   7.12 |I I 
12:39-Thu-Apr-13-2017 PM10  |  15.97 |  13.14 |  14.65 |  11.19 |I I 
12:39-Thu-Apr-13-2017 PM2.5 |   6.84 |   7.05 |   8.46 |   7.12 |I I 
12:40-Thu-Apr-13-2017 PM10  |  15.97 |  13.31 |  14.65 |  11.19 |I I 
12:40-Thu-Apr-13-2017 PM2.5 |   6.84 |   7.04 |   8.46 |   7.12 |I I 
12:44-Thu-Apr-13-2017 PM10  |  11.57 |  13.21 |  14.65 |  11.19 |I I 
12:44-Thu-Apr-13-2017 PM2.5 |   7.13 |   7.04 |   8.46 |   7.12 |I I 
12:45-Thu-Apr-13-2017 PM10  |  12.39 |  13.17 |  14.65 |  11.19 |I I 
12:45-Thu-Apr-13-2017 PM2.5 |   6.97 |   7.04 |   8.46 |   7.12 |I I 
12:49-Thu-Apr-13-2017 PM10  |  12.59 |  13.14 |  14.65 |  11.19 |I I 
12:49-Thu-Apr-13-2017 PM2.5 |   7.15 |   7.04 |   8.46 |   7.12 |I I 
12:50-Thu-Apr-13-2017 PM10  |  15.38 |  13.25 |  14.65 |  11.19 |I I 
12:50-Thu-Apr-13-2017 PM2.5 |   7.26 |   7.05 |   8.46 |   7.12 |I I 
12:54-Thu-Apr-13-2017 PM10  |  17.10 |  13.42 |  14.65 |  11.19 |I I 
12:54-Thu-Apr-13-2017 PM2.5 |   7.27 |   7.06 |   8.46 |   7.12 |I I 
12:55-Thu-Apr-13-2017 PM10  |  14.71 |  13.48 |  14.65 |  11.19 |I I 
12:55-Thu-Apr-13-2017 PM2.5 |   7.06 |   7.06 |   8.46 |   7.12 |I I 
12:59-Thu-Apr-13-2017 PM10  |  15.00 |  13.54 |  14.65 |  11.19 |I I 
12:59-Thu-Apr-13-2017 PM2.5 |   7.33 |   7.07 |   8.46 |   7.12 |I I 
13:00-Thu-Apr-13-2017 PM10  |  13.10 |  13.52 |  14.65 |  11.19 |I I 
13:00-Thu-Apr-13-2017 PM2.5 |   7.17 |   7.08 |   8.46 |   7.08 |I I 
13:04-Thu-Apr-13-2017 PM10  |  14.43 |  14.43 |  14.65 |  11.19 |I I 
13:04-Thu-Apr-13-2017 PM2.5 |   7.16 |   7.16 |   8.46 |   7.08 |I I 
13:05-Thu-Apr-13-2017 PM10  |  12.03 |  13.23 |  14.65 |  11.19 |I I 
13:05-Thu-Apr-13-2017 PM2.5 |   7.36 |   7.26 |   8.46 |   7.08 |I I 
13:06-Thu-Apr-13-2017 PM10  |  12.03 |  12.83 |  14.65 |  11.19 |I I 
13:06-Thu-Apr-13-2017 PM2.5 |   7.36 |   7.29 |   8.46 |   7.08 |I I 
13:10-Thu-Apr-13-2017 PM10  |  12.75 |  12.81 |  14.65 |  11.19 |I I 
13:10-Thu-Apr-13-2017 PM2.5 |   7.11 |   7.25 |   8.46 |   7.08 |I I 
13:11-Thu-Apr-13-2017 PM10  |  12.07 |  12.66 |  14.65 |  11.19 |I I 
13:11-Thu-Apr-13-2017 PM2.5 |   6.99 |   7.19 |   8.46 |   7.08 |I I 
13:15-Thu-Apr-13-2017 PM10  |  13.15 |  12.75 |  14.65 |  11.19 |I I 
13:15-Thu-Apr-13-2017 PM2.5 |   7.71 |   7.28 |   8.46 |   7.08 |I I 
13:16-Thu-Apr-13-2017 PM10  |  15.50 |  13.14 |  14.65 |  11.19 |I I 
13:16-Thu-Apr-13-2017 PM2.5 |   7.58 |   7.32 |   8.46 |   7.08 |I I 
13:20-Thu-Apr-13-2017 PM10  |  14.21 |  13.27 |  14.65 |  11.19 |I I 
13:20-Thu-Apr-13-2017 PM2.5 |   7.44 |   7.34 |   8.46 |   7.08 |I I 
13:21-Thu-Apr-13-2017 PM10  |  15.07 |  13.47 |  14.65 |  11.19 |I I 
13:21-Thu-Apr-13-2017 PM2.5 |   7.59 |   7.37 |   8.46 |   7.08 |I I 
13:25-Thu-Apr-13-2017 PM10  |  13.92 |  13.52 |  14.65 |  11.19 |I I 
13:25-Thu-Apr-13-2017 PM2.5 |   7.41 |   7.37 |   8.46 |   7.08 |I I 
13:26-Thu-Apr-13-2017 PM10  |  12.31 |  13.41 |  14.65 |  11.19 |I I 
13:26-Thu-Apr-13-2017 PM2.5 |   7.40 |   7.37 |   8.46 |   7.08 |I I 
13:30-Thu-Apr-13-2017 PM10  |  12.63 |  13.34 |  14.65 |  11.19 |I I 
13:30-Thu-Apr-13-2017 PM2.5 |   7.38 |   7.37 |   8.46 |   7.08 |I I 
13:31-Thu-Apr-13-2017 PM10  |  11.63 |  13.21 |  14.65 |  11.19 |I I 
13:31-Thu-Apr-13-2017 PM2.5 |   7.05 |   7.35 |   8.46 |   7.08 |I I 
13:32-Thu-Apr-13-2017 PM10  |  11.63 |  13.10 |  14.65 |  11.19 |I I 
13:32-Thu-Apr-13-2017 PM2.5 |   7.05 |   7.33 |   8.46 |   7.08 |I I 
13:36-Thu-Apr-13-2017 PM10  |  11.96 |  13.02 |  14.65 |  11.19 |I I 
13:36-Thu-Apr-13-2017 PM2.5 |   7.20 |   7.32 |   8.46 |   7.08 |I I 
13:37-Thu-Apr-13-2017 PM10  |  12.55 |  12.99 |  14.65 |  11.19 |I I 
13:37-Thu-Apr-13-2017 PM2.5 |   7.33 |   7.32 |   8.46 |   7.08 |I I 
13:41-Thu-Apr-13-2017 PM10  |  13.02 |  12.99 |  14.65 |  11.19 |I I 
13:41-Thu-Apr-13-2017 PM2.5 |   7.06 |   7.30 |   8.46 |   7.08 |I I 
13:42-Thu-Apr-13-2017 PM10  |  11.02 |  12.88 |  14.65 |  11.19 |I I 
13:42-Thu-Apr-13-2017 PM2.5 |   7.06 |   7.29 |   8.46 |   7.08 |I I 
13:46-Thu-Apr-13-2017 PM10  |  13.53 |  12.92 |  14.65 |  11.19 |I I 
13:46-Thu-Apr-13-2017 PM2.5 |   7.65 |   7.31 |   8.46 |   7.08 |I I 
13:47-Thu-Apr-13-2017 PM10  |  13.50 |  12.95 |  14.65 |  11.19 |I I 
13:47-Thu-Apr-13-2017 PM2.5 |   7.00 |   7.29 |   8.46 |   7.08 |I I 
13:51-Thu-Apr-13-2017 PM10  |  12.38 |  12.92 |  14.65 |  11.19 |I I 
13:51-Thu-Apr-13-2017 PM2.5 |   7.03 |   7.28 |   8.46 |   7.08 |I I 
13:52-Thu-Apr-13-2017 PM10  |  12.21 |  12.89 |  14.65 |  11.19 |I I 
13:52-Thu-Apr-13-2017 PM2.5 |   7.10 |   7.27 |   8.46 |   7.08 |I I 
13:56-Thu-Apr-13-2017 PM10  |  14.26 |  12.95 |  14.65 |  11.19 |I I 
13:56-Thu-Apr-13-2017 PM2.5 |   7.18 |   7.27 |   8.46 |   7.08 |I I 
13:57-Thu-Apr-13-2017 PM10  |  11.94 |  12.91 |  14.65 |  11.19 |I I 
13:57-Thu-Apr-13-2017 PM2.5 |   6.67 |   7.24 |   8.46 |   7.08 |I I 
13:58-Thu-Apr-13-2017 PM10  |  11.94 |  12.87 |  14.65 |  11.19 |I I 
13:58-Thu-Apr-13-2017 PM2.5 |   6.67 |   7.22 |   8.46 |   7.08 |I I 
14:02-Thu-Apr-13-2017 PM10  |  11.82 |  12.83 |  14.65 |  11.19 |I I 
14:02-Thu-Apr-13-2017 PM2.5 |   6.99 |   7.21 |   8.46 |   7.08 |I I 
14:03-Thu-Apr-13-2017 PM10  |  13.11 |  13.11 |  14.65 |  11.19 |I I 
14:03-Thu-Apr-13-2017 PM2.5 |   7.27 |   7.27 |   8.46 |   7.08 |I I 
14:07-Thu-Apr-13-2017 PM10  |  12.44 |  12.77 |  14.65 |  11.19 |I I 
14:07-Thu-Apr-13-2017 PM2.5 |   7.44 |   7.35 |   8.46 |   7.08 |I I 
14:08-Thu-Apr-13-2017 PM10  |  10.94 |  12.16 |  14.65 |  11.19 |I I 
14:08-Thu-Apr-13-2017 PM2.5 |   6.74 |   7.15 |   8.46 |   7.08 |I I 
14:12-Thu-Apr-13-2017 PM10  |  11.18 |  11.92 |  14.65 |  11.19 |I I 
14:12-Thu-Apr-13-2017 PM2.5 |   6.87 |   7.08 |   8.46 |   7.08 |I I 
14:13-Thu-Apr-13-2017 PM10  |  12.22 |  11.98 |  14.65 |  11.19 |I I 
14:13-Thu-Apr-13-2017 PM2.5 |   6.89 |   7.04 |   8.46 |   7.08 |I I 
14:17-Thu-Apr-13-2017 PM10  |  13.64 |  12.26 |  14.65 |  11.19 |I I 
14:17-Thu-Apr-13-2017 PM2.5 |   7.08 |   7.05 |   8.46 |   7.08 |I I 
14:18-Thu-Apr-13-2017 PM10  |  12.86 |  12.34 |  14.65 |  11.19 |I I 
14:18-Thu-Apr-13-2017 PM2.5 |   7.34 |   7.09 |   8.46 |   7.08 |I I 
14:22-Thu-Apr-13-2017 PM10  |  13.45 |  12.48 |  14.65 |  11.19 |I I 
14:22-Thu-Apr-13-2017 PM2.5 |   7.14 |   7.10 |   8.46 |   7.08 |I I 
14:23-Thu-Apr-13-2017 PM10  |  10.16 |  12.22 |  14.65 |  11.19 |I I 
14:23-Thu-Apr-13-2017 PM2.5 |   6.61 |   7.04 |   8.46 |   7.08 |I I 
14:27-Thu-Apr-13-2017 PM10  |   9.85 |  11.98 |  14.65 |  11.19 |I I 
14:27-Thu-Apr-13-2017 PM2.5 |   6.61 |   7.00 |   8.46 |   7.08 |I I 
14:28-Thu-Apr-13-2017 PM10  |   9.85 |  11.79 |  14.65 |  11.19 |I I 
14:28-Thu-Apr-13-2017 PM2.5 |   6.61 |   6.96 |   8.46 |   7.08 |I I 
14:29-Thu-Apr-13-2017 PM10  |  11.38 |  11.76 |  14.65 |  11.19 |I I 
14:29-Thu-Apr-13-2017 PM2.5 |   7.05 |   6.97 |   8.46 |   7.08 |I I 
14:33-Thu-Apr-13-2017 PM10  |  13.87 |  11.92 |  14.65 |  11.19 |I I 
14:33-Thu-Apr-13-2017 PM2.5 |   7.18 |   6.99 |   8.46 |   7.08 |I I 
14:34-Thu-Apr-13-2017 PM10  |  10.24 |  11.80 |  14.65 |  11.19 |I I 
14:34-Thu-Apr-13-2017 PM2.5 |   6.87 |   6.98 |   8.46 |   7.08 |I I 
14:38-Thu-Apr-13-2017 PM10  |  12.23 |  11.83 |  14.65 |  11.19 |I I 
14:38-Thu-Apr-13-2017 PM2.5 |   7.33 |   7.00 |   8.46 |   7.08 |I I 
14:39-Thu-Apr-13-2017 PM10  |  11.26 |  11.79 |  14.65 |  11.19 |I I 
14:39-Thu-Apr-13-2017 PM2.5 |   6.89 |   7.00 |   8.46 |   7.08 |I I 
14:43-Thu-Apr-13-2017 PM10  |  12.10 |  11.81 |  14.65 |  11.19 |I I 
14:43-Thu-Apr-13-2017 PM2.5 |   6.83 |   6.99 |   8.46 |   7.08 |I I 
14:44-Thu-Apr-13-2017 PM10  |  14.83 |  11.98 |  14.65 |  11.19 |I I 
14:44-Thu-Apr-13-2017 PM2.5 |   6.81 |   6.98 |   8.46 |   7.08 |I I 
14:48-Thu-Apr-13-2017 PM10  |  14.20 |  12.09 |  14.65 |  11.19 |I I 
14:48-Thu-Apr-13-2017 PM2.5 |   7.17 |   6.99 |   8.46 |   7.08 |I I 
14:49-Thu-Apr-13-2017 PM10  |  11.43 |  12.06 |  14.65 |  11.19 |I I 
14:49-Thu-Apr-13-2017 PM2.5 |   6.83 |   6.98 |   8.46 |   7.08 |I I 
14:53-Thu-Apr-13-2017 PM10  |  14.06 |  12.16 |  14.65 |  11.19 |I I 
14:53-Thu-Apr-13-2017 PM2.5 |   7.45 |   7.00 |   8.46 |   7.08 |I I 
14:54-Thu-Apr-13-2017 PM10  |  14.06 |  12.24 |  14.65 |  11.19 |I I 
14:54-Thu-Apr-13-2017 PM2.5 |   7.45 |   7.02 |   8.46 |   7.08 |I I 
14:55-Thu-Apr-13-2017 PM10  |  12.57 |  12.26 |  14.65 |  11.19 |I I 
14:55-Thu-Apr-13-2017 PM2.5 |   7.01 |   7.02 |   8.46 |   7.08 |I I 
14:59-Thu-Apr-13-2017 PM10  |  13.05 |  12.29 |  14.65 |  11.19 |I I 
14:59-Thu-Apr-13-2017 PM2.5 |   7.49 |   7.04 |   8.46 |   7.08 |I I 
15:00-Thu-Apr-13-2017 PM10  |  12.60 |  12.30 |  14.65 |  11.19 |I I 
15:00-Thu-Apr-13-2017 PM2.5 |   6.97 |   7.04 |   8.46 |   7.04 |I I 
15:04-Thu-Apr-13-2017 PM10  |  14.67 |  14.67 |  14.65 |  11.19 |I I 
15:04-Thu-Apr-13-2017 PM2.5 |   7.14 |   7.14 |   8.46 |   7.04 |I I 
15:05-Thu-Apr-13-2017 PM10  |  16.05 |  15.36 |  14.65 |  11.19 |I I 
15:05-Thu-Apr-13-2017 PM2.5 |   6.76 |   6.95 |   8.46 |   7.04 |I I 
15:09-Thu-Apr-13-2017 PM10  |  13.47 |  14.73 |  14.65 |  11.19 |I I 
15:09-Thu-Apr-13-2017 PM2.5 |   6.88 |   6.93 |   8.46 |   7.04 |I I 
15:10-Thu-Apr-13-2017 PM10  |  15.46 |  14.91 |  14.65 |  11.19 |I I 
15:10-Thu-Apr-13-2017 PM2.5 |   7.22 |   7.00 |   8.46 |   7.04 |I I 
15:14-Thu-Apr-13-2017 PM10  |  13.72 |  14.67 |  14.65 |  11.19 |I I 
15:14-Thu-Apr-13-2017 PM2.5 |   7.24 |   7.05 |   8.46 |   7.04 |I I 
15:15-Thu-Apr-13-2017 PM10  |  12.64 |  14.33 |  14.65 |  11.19 |I I 
15:15-Thu-Apr-13-2017 PM2.5 |   7.18 |   7.07 |   8.46 |   7.04 |I I 
15:19-Thu-Apr-13-2017 PM10  |  12.11 |  14.02 |  14.65 |  11.19 |I I 
15:19-Thu-Apr-13-2017 PM2.5 |   7.19 |   7.09 |   8.46 |   7.04 |I I 
15:20-Thu-Apr-13-2017 PM10  |  12.11 |  13.78 |  14.65 |  11.19 |I I 
15:20-Thu-Apr-13-2017 PM2.5 |   7.19 |   7.10 |   8.46 |   7.04 |I I 
15:21-Thu-Apr-13-2017 PM10  |  16.13 |  14.04 |  14.65 |  11.19 |I I 
15:21-Thu-Apr-13-2017 PM2.5 |   6.49 |   7.03 |   8.46 |   7.04 |I I 
15:26-Thu-Apr-13-2017 PM10  |  11.60 |  13.80 |  14.65 |  11.19 |I I 
15:26-Thu-Apr-13-2017 PM2.5 |   7.10 |   7.04 |   8.46 |   7.04 |I I 
15:27-Thu-Apr-13-2017 PM10  |  13.00 |  13.72 |  14.65 |  11.19 |I I 
15:27-Thu-Apr-13-2017 PM2.5 |   6.91 |   7.03 |   8.46 |   7.04 |I I 
15:31-Thu-Apr-13-2017 PM10  |  13.58 |  13.71 |  14.65 |  11.19 |I I 
15:31-Thu-Apr-13-2017 PM2.5 |   7.18 |   7.04 |   8.46 |   7.04 |I I 
15:32-Thu-Apr-13-2017 PM10  |  11.66 |  13.55 |  14.65 |  11.19 |I I 
15:32-Thu-Apr-13-2017 PM2.5 |   6.51 |   7.00 |   8.46 |   7.04 |I I 
15:36-Thu-Apr-13-2017 PM10  |  11.28 |  13.39 |  14.65 |  11.19 |I I 
15:36-Thu-Apr-13-2017 PM2.5 |   6.96 |   7.00 |   8.46 |   7.04 |I I 
15:37-Thu-Apr-13-2017 PM10  |  13.79 |  13.42 |  14.65 |  11.19 |I I 
15:37-Thu-Apr-13-2017 PM2.5 |   6.72 |   6.98 |   8.46 |   7.04 |I I 
15:41-Thu-Apr-13-2017 PM10  |  11.73 |  13.31 |  14.65 |  11.19 |I I 
15:41-Thu-Apr-13-2017 PM2.5 |   6.75 |   6.96 |   8.46 |   7.04 |I I 
15:42-Thu-Apr-13-2017 PM10  |  12.17 |  13.25 |  14.65 |  11.19 |I I 
15:42-Thu-Apr-13-2017 PM2.5 |   6.93 |   6.96 |   8.46 |   7.04 |I I 
15:46-Thu-Apr-13-2017 PM10  |  12.95 |  13.23 |  14.65 |  11.19 |I I 
15:46-Thu-Apr-13-2017 PM2.5 |   7.40 |   6.99 |   8.46 |   7.04 |I I 
15:47-Thu-Apr-13-2017 PM10  |  12.95 |  13.21 |  14.65 |  11.19 |I I 
15:47-Thu-Apr-13-2017 PM2.5 |   7.40 |   7.01 |   8.46 |   7.04 |I I 
15:48-Thu-Apr-13-2017 PM10  |  12.35 |  13.17 |  14.65 |  11.19 |I I 
15:48-Thu-Apr-13-2017 PM2.5 |   6.75 |   6.99 |   8.46 |   7.04 |I I 
15:52-Thu-Apr-13-2017 PM10  |  12.37 |  13.13 |  14.65 |  11.19 |I I 
15:52-Thu-Apr-13-2017 PM2.5 |   7.16 |   7.00 |   8.46 |   7.04 |I I 
15:53-Thu-Apr-13-2017 PM10  |  12.26 |  13.09 |  14.65 |  11.19 |I I 
15:53-Thu-Apr-13-2017 PM2.5 |   6.76 |   6.99 |   8.46 |   7.04 |I I 
15:57-Thu-Apr-13-2017 PM10  |  10.42 |  12.98 |  14.65 |  11.19 |I I 
15:57-Thu-Apr-13-2017 PM2.5 |   6.75 |   6.98 |   8.46 |   7.04 |I I 
15:58-Thu-Apr-13-2017 PM10  |  10.20 |  12.86 |  14.65 |  11.19 |I I 
15:58-Thu-Apr-13-2017 PM2.5 |   7.16 |   6.99 |   8.46 |   7.04 |I I 
16:02-Thu-Apr-13-2017 PM10  |  11.90 |  12.82 |  14.65 |  11.19 |I I 
16:02-Thu-Apr-13-2017 PM2.5 |   7.18 |   7.00 |   8.46 |   7.00 |I I 
16:03-Thu-Apr-13-2017 PM10  |   9.88 |   9.88 |  14.65 |  11.19 |I I 
16:03-Thu-Apr-13-2017 PM2.5 |   6.49 |   6.49 |   8.46 |   7.00 |I I 
16:07-Thu-Apr-13-2017 PM10  |  10.99 |  10.44 |  14.65 |  11.19 |I I 
16:07-Thu-Apr-13-2017 PM2.5 |   6.47 |   6.48 |   8.46 |   7.00 |I I 
16:08-Thu-Apr-13-2017 PM10  |  10.18 |  10.35 |  14.65 |  11.19 |I I 
16:08-Thu-Apr-13-2017 PM2.5 |   6.77 |   6.58 |   8.46 |   7.00 |I I 
16:12-Thu-Apr-13-2017 PM10  |   9.68 |  10.18 |  14.65 |  11.19 |I I 
16:12-Thu-Apr-13-2017 PM2.5 |   7.17 |   6.72 |   8.46 |   7.00 |I I 
16:13-Thu-Apr-13-2017 PM10  |   9.68 |  10.08 |  14.65 |  11.19 |I I 
16:13-Thu-Apr-13-2017 PM2.5 |   7.17 |   6.81 |   8.46 |   7.00 |I I 
16:14-Thu-Apr-13-2017 PM10  |   9.26 |   9.95 |  14.65 |  11.19 |I I 
16:14-Thu-Apr-13-2017 PM2.5 |   6.37 |   6.74 |   8.46 |   7.00 |I I 
16:18-Thu-Apr-13-2017 PM10  |   9.73 |   9.92 |  14.65 |  11.19 |I I 
16:18-Thu-Apr-13-2017 PM2.5 |   6.46 |   6.70 |   8.46 |   7.00 |I I 
16:19-Thu-Apr-13-2017 PM10  |  10.84 |  10.03 |  14.65 |  11.19 |I I 
16:19-Thu-Apr-13-2017 PM2.5 |   6.52 |   6.68 |   8.46 |   7.00 |I I 
16:23-Thu-Apr-13-2017 PM10  |  14.98 |  10.58 |  14.65 |  11.19 |I I 
16:23-Thu-Apr-13-2017 PM2.5 |   7.03 |   6.72 |   8.46 |   7.00 |I I 
16:24-Thu-Apr-13-2017 PM10  |  12.52 |  10.78 |  14.65 |  11.19 |I I 
16:24-Thu-Apr-13-2017 PM2.5 |   6.89 |   6.73 |   8.46 |   7.00 |I I 
16:28-Thu-Apr-13-2017 PM10  |  11.12 |  10.81 |  14.65 |  11.19 |I I 
16:28-Thu-Apr-13-2017 PM2.5 |   6.71 |   6.73 |   8.46 |   7.00 |I I 
16:29-Thu-Apr-13-2017 PM10  |  10.33 |  10.77 |  14.65 |  11.19 |I I 
16:29-Thu-Apr-13-2017 PM2.5 |   6.38 |   6.70 |   8.46 |   7.00 |I I 
16:33-Thu-Apr-13-2017 PM10  |  12.05 |  10.87 |  14.65 |  11.19 |I I 
16:33-Thu-Apr-13-2017 PM2.5 |   6.44 |   6.68 |   8.46 |   7.00 |I I 
16:34-Thu-Apr-13-2017 PM10  |  15.00 |  11.16 |  14.65 |  11.19 |I I 
16:34-Thu-Apr-13-2017 PM2.5 |   6.61 |   6.68 |   8.46 |   7.00 |I I 
16:38-Thu-Apr-13-2017 PM10  |  12.70 |  11.26 |  14.65 |  11.19 |I I 
16:38-Thu-Apr-13-2017 PM2.5 |   6.91 |   6.69 |   8.46 |   7.00 |I I 
16:39-Thu-Apr-13-2017 PM10  |  12.70 |  11.35 |  14.65 |  11.19 |I I 
16:39-Thu-Apr-13-2017 PM2.5 |   6.91 |   6.71 |   8.46 |   7.00 |I I 
16:40-Thu-Apr-13-2017 PM10  |  11.09 |  11.34 |  14.65 |  11.19 |I I 
16:40-Thu-Apr-13-2017 PM2.5 |   6.34 |   6.68 |   8.46 |   7.00 |I I 
16:44-Thu-Apr-13-2017 PM10  |  11.68 |  11.36 |  14.65 |  11.19 |I I 
16:44-Thu-Apr-13-2017 PM2.5 |   6.70 |   6.69 |   8.46 |   7.00 |I I 
16:45-Thu-Apr-13-2017 PM10  |  12.92 |  11.44 |  14.65 |  11.19 |I I 
16:45-Thu-Apr-13-2017 PM2.5 |   6.31 |   6.67 |   8.46 |   7.00 |I I 
16:49-Thu-Apr-13-2017 PM10  |  11.86 |  11.46 |  14.65 |  11.19 |I I 
16:49-Thu-Apr-13-2017 PM2.5 |   6.77 |   6.67 |   8.46 |   7.00 |I I 
16:50-Thu-Apr-13-2017 PM10  |  10.89 |  11.43 |  14.65 |  11.19 |I I 
16:50-Thu-Apr-13-2017 PM2.5 |   6.85 |   6.68 |   8.46 |   7.00 |I I 
16:54-Thu-Apr-13-2017 PM10  |  11.85 |  11.45 |  14.65 |  11.19 |I I 
16:54-Thu-Apr-13-2017 PM2.5 |   7.25 |   6.71 |   8.46 |   7.00 |I I 
16:55-Thu-Apr-13-2017 PM10  |  12.18 |  11.48 |  14.65 |  11.19 |I I 
16:55-Thu-Apr-13-2017 PM2.5 |   6.69 |   6.70 |   8.46 |   7.00 |I I 
16:59-Thu-Apr-13-2017 PM10  |  12.10 |  11.51 |  14.65 |  11.19 |I I 
16:59-Thu-Apr-13-2017 PM2.5 |   7.03 |   6.72 |   8.46 |   7.00 |I I 
17:00-Thu-Apr-13-2017 PM10  |  12.29 |  11.54 |  14.65 |  11.19 |I I 
17:00-Thu-Apr-13-2017 PM2.5 |   6.72 |   6.72 |   8.46 |   6.72 |I I 
17:04-Thu-Apr-13-2017 PM10  |   9.67 |   9.67 |  14.65 |  11.19 |I I 
17:04-Thu-Apr-13-2017 PM2.5 |   6.64 |   6.64 |   8.46 |   6.72 |I I 
17:05-Thu-Apr-13-2017 PM10  |  10.61 |  10.14 |  14.65 |  11.19 |I I 
17:05-Thu-Apr-13-2017 PM2.5 |   7.15 |   6.89 |   8.46 |   6.72 |I I 
17:06-Thu-Apr-13-2017 PM10  |  10.61 |  10.30 |  14.65 |  11.19 |I I 
17:06-Thu-Apr-13-2017 PM2.5 |   7.15 |   6.98 |   8.46 |   6.72 |I I 
17:10-Thu-Apr-13-2017 PM10  |  10.05 |  10.24 |  14.65 |  11.19 |I I 
17:10-Thu-Apr-13-2017 PM2.5 |   6.83 |   6.94 |   8.46 |   6.72 |I I 
17:11-Thu-Apr-13-2017 PM10  |  11.00 |  10.39 |  14.65 |  11.19 |I I 
17:11-Thu-Apr-13-2017 PM2.5 |   6.35 |   6.83 |   8.46 |   6.72 |I I 
17:15-Thu-Apr-13-2017 PM10  |  11.79 |  10.62 |  14.65 |  11.19 |I I 
17:15-Thu-Apr-13-2017 PM2.5 |   6.69 |   6.80 |   8.46 |   6.72 |I I 
17:16-Thu-Apr-13-2017 PM10  |  12.45 |  10.88 |  14.65 |  11.19 |I I 
17:16-Thu-Apr-13-2017 PM2.5 |   6.76 |   6.80 |   8.46 |   6.72 |I I 
17:20-Thu-Apr-13-2017 PM10  |  12.32 |  11.06 |  14.65 |  11.19 |I I 
17:20-Thu-Apr-13-2017 PM2.5 |   6.84 |   6.80 |   8.46 |   6.72 |I I 
17:21-Thu-Apr-13-2017 PM10  |  11.06 |  11.06 |  14.65 |  11.19 |I I 
17:21-Thu-Apr-13-2017 PM2.5 |   6.63 |   6.78 |   8.46 |   6.72 |I I 
17:25-Thu-Apr-13-2017 PM10  |  10.87 |  11.04 |  14.65 |  11.19 |I I 
17:25-Thu-Apr-13-2017 PM2.5 |   7.05 |   6.81 |   8.46 |   6.72 |I I 
17:26-Thu-Apr-13-2017 PM10  |  11.38 |  11.07 |  14.65 |  11.19 |I I 
17:26-Thu-Apr-13-2017 PM2.5 |   6.82 |   6.81 |   8.46 |   6.72 |I I 
17:30-Thu-Apr-13-2017 PM10  |  11.84 |  11.14 |  14.65 |  11.19 |I I 
17:30-Thu-Apr-13-2017 PM2.5 |   6.96 |   6.82 |   8.46 |   6.72 |I I 
17:31-Thu-Apr-13-2017 PM10  |  11.68 |  11.18 |  14.65 |  11.19 |I I 
17:31-Thu-Apr-13-2017 PM2.5 |   6.88 |   6.83 |   8.46 |   6.72 |I I 
17:32-Thu-Apr-13-2017 PM10  |  11.68 |  11.22 |  14.65 |  11.19 |I I 
17:32-Thu-Apr-13-2017 PM2.5 |   6.88 |   6.83 |   8.46 |   6.72 |I I 
17:36-Thu-Apr-13-2017 PM10  |  10.85 |  11.19 |  14.65 |  11.19 |I I 
17:36-Thu-Apr-13-2017 PM2.5 |   7.27 |   6.86 |   8.46 |   6.72 |I I 
17:37-Thu-Apr-13-2017 PM10  |  11.25 |  11.20 |  14.65 |  11.19 |I I 
17:37-Thu-Apr-13-2017 PM2.5 |   6.80 |   6.86 |   8.46 |   6.72 |I I 
17:41-Thu-Apr-13-2017 PM10  |  14.56 |  11.39 |  14.65 |  11.19 |I I 
17:41-Thu-Apr-13-2017 PM2.5 |   7.37 |   6.89 |   8.46 |   6.72 |I I 
17:42-Thu-Apr-13-2017 PM10  |  12.70 |  11.47 |  14.65 |  11.19 |I I 
17:42-Thu-Apr-13-2017 PM2.5 |   6.83 |   6.88 |   8.46 |   6.72 |I I 
17:46-Thu-Apr-13-2017 PM10  |  12.26 |  11.51 |  14.65 |  11.19 |I I 
17:46-Thu-Apr-13-2017 PM2.5 |   7.41 |   6.91 |   8.46 |   6.72 |I I 
17:47-Thu-Apr-13-2017 PM10  |  11.98 |  11.53 |  14.65 |  11.19 |I I 
17:47-Thu-Apr-13-2017 PM2.5 |   6.86 |   6.91 |   8.46 |   6.72 |I I 
17:51-Thu-Apr-13-2017 PM10  |  13.42 |  11.62 |  14.65 |  11.19 |I I 
17:51-Thu-Apr-13-2017 PM2.5 |   7.29 |   6.93 |   8.46 |   6.72 |I I 
17:52-Thu-Apr-13-2017 PM10  |  11.76 |  11.63 |  14.65 |  11.19 |I I 
17:52-Thu-Apr-13-2017 PM2.5 |   7.57 |   6.96 |   8.46 |   6.72 |I I 
17:56-Thu-Apr-13-2017 PM10  |  12.61 |  11.67 |  14.65 |  11.19 |I I 
17:56-Thu-Apr-13-2017 PM2.5 |   7.40 |   6.97 |   8.46 |   6.72 |I I 
17:57-Thu-Apr-13-2017 PM10  |  12.61 |  11.71 |  14.65 |  11.19 |I I 
17:57-Thu-Apr-13-2017 PM2.5 |   7.31 |   6.99 |   8.46 |   6.72 |I I 
17:58-Thu-Apr-13-2017 PM10  |  12.61 |  11.75 |  14.65 |  11.19 |I I 
17:58-Thu-Apr-13-2017 PM2.5 |   7.31 |   7.00 |   8.46 |   6.72 |I I 
18:02-Thu-Apr-13-2017 PM10  |  14.54 |  11.85 |  14.65 |  11.19 |I I 
18:02-Thu-Apr-13-2017 PM2.5 |   7.78 |   7.03 |   8.46 |   6.72 |I I 
18:03-Thu-Apr-13-2017 PM10  |  19.45 |  19.45 |  14.65 |  11.19 |I I 
18:03-Thu-Apr-13-2017 PM2.5 |   7.93 |   7.93 |   8.46 |   6.72 |I I 
18:08-Thu-Apr-13-2017 PM10  |  13.84 |  16.65 |  14.65 |  11.19 |I I 
18:08-Thu-Apr-13-2017 PM2.5 |   7.53 |   7.73 |   8.46 |   6.72 |I I 
18:09-Thu-Apr-13-2017 PM10  |  15.05 |  16.12 |  14.65 |  11.19 |I I 
18:09-Thu-Apr-13-2017 PM2.5 |   7.33 |   7.60 |   8.46 |   6.72 |I I 
18:13-Thu-Apr-13-2017 PM10  |  14.12 |  15.62 |  14.65 |  11.19 |I I 
18:13-Thu-Apr-13-2017 PM2.5 |   7.47 |   7.56 |   8.46 |   6.72 |I I 
18:14-Thu-Apr-13-2017 PM10  |  12.37 |  14.97 |  14.65 |  11.19 |I I 
18:14-Thu-Apr-13-2017 PM2.5 |   7.28 |   7.51 |   8.46 |   6.72 |I I 
18:18-Thu-Apr-13-2017 PM10  |  11.05 |  14.31 |  14.65 |  11.19 |I I 
18:18-Thu-Apr-13-2017 PM2.5 |   7.04 |   7.43 |   8.46 |   6.72 |I I 
18:19-Thu-Apr-13-2017 PM10  |  13.08 |  14.14 |  14.65 |  11.19 |I I 
18:19-Thu-Apr-13-2017 PM2.5 |   7.36 |   7.42 |   8.46 |   6.72 |I I 
18:23-Thu-Apr-13-2017 PM10  |  14.19 |  14.14 |  14.65 |  11.19 |I I 
18:23-Thu-Apr-13-2017 PM2.5 |   7.54 |   7.44 |   8.46 |   6.72 |I I 
18:24-Thu-Apr-13-2017 PM10  |  12.12 |  13.92 |  14.65 |  11.19 |I I 
18:24-Thu-Apr-13-2017 PM2.5 |   7.12 |   7.40 |   8.46 |   6.72 |I I 
18:25-Thu-Apr-13-2017 PM10  |  12.12 |  13.74 |  14.65 |  11.19 |I I 
18:25-Thu-Apr-13-2017 PM2.5 |   7.12 |   7.37 |   8.46 |   6.72 |I I 
18:28-Thu-Apr-13-2017 PM10  |  12.36 |  13.61 |  14.65 |  11.19 |I I 
18:28-Thu-Apr-13-2017 PM2.5 |   7.26 |   7.36 |   8.46 |   6.72 |I I 
18:29-Thu-Apr-13-2017 PM10  |  12.36 |  13.51 |  14.65 |  11.19 |I I 
18:29-Thu-Apr-13-2017 PM2.5 |   7.26 |   7.35 |   8.46 |   6.72 |I I 
18:30-Thu-Apr-13-2017 PM10  |  16.35 |  13.73 |  14.65 |  11.19 |I I 
18:30-Thu-Apr-13-2017 PM2.5 |   7.39 |   7.36 |   8.46 |   6.72 |I I 
18:34-Thu-Apr-13-2017 PM10  |  16.47 |  13.92 |  14.65 |  11.19 |I I 
18:34-Thu-Apr-13-2017 PM2.5 |   7.61 |   7.38 |   8.46 |   6.72 |I I 
18:35-Thu-Apr-13-2017 PM10  |  10.80 |  13.71 |  14.65 |  11.19 |I I 
18:35-Thu-Apr-13-2017 PM2.5 |   7.03 |   7.35 |   8.46 |   6.72 |I I 
18:39-Thu-Apr-13-2017 PM10  |  12.49 |  13.64 |  14.65 |  11.19 |I I 
18:39-Thu-Apr-13-2017 PM2.5 |   7.43 |   7.36 |   8.46 |   6.72 |I I 
18:40-Thu-Apr-13-2017 PM10  |  11.02 |  13.48 |  14.65 |  11.19 |I I 
18:40-Thu-Apr-13-2017 PM2.5 |   6.66 |   7.32 |   8.46 |   6.72 |I I 
18:44-Thu-Apr-13-2017 PM10  |  13.51 |  13.49 |  14.65 |  11.19 |I I 
18:44-Thu-Apr-13-2017 PM2.5 |   7.52 |   7.33 |   8.46 |   6.72 |I I 
18:45-Thu-Apr-13-2017 PM10  |  11.71 |  13.39 |  14.65 |  11.19 |I I 
18:45-Thu-Apr-13-2017 PM2.5 |   7.04 |   7.31 |   8.46 |   6.72 |I I 
18:49-Thu-Apr-13-2017 PM10  |  12.47 |  13.35 |  14.65 |  11.19 |I I 
18:49-Thu-Apr-13-2017 PM2.5 |   7.29 |   7.31 |   8.46 |   6.72 |I I 
18:50-Thu-Apr-13-2017 PM10  |  13.50 |  13.35 |  14.65 |  11.19 |I I 
18:50-Thu-Apr-13-2017 PM2.5 |   6.84 |   7.29 |   8.46 |   6.72 |I I 
18:54-Thu-Apr-13-2017 PM10  |  11.74 |  13.28 |  14.65 |  11.19 |I I 
18:54-Thu-Apr-13-2017 PM2.5 |   7.33 |   7.29 |   8.46 |   6.72 |I I 
18:55-Thu-Apr-13-2017 PM10  |  11.74 |  13.21 |  14.65 |  11.19 |I I 
18:55-Thu-Apr-13-2017 PM2.5 |   7.33 |   7.29 |   8.46 |   6.72 |I I 
18:56-Thu-Apr-13-2017 PM10  |  11.41 |  13.14 |  14.65 |  11.19 |I I 
18:56-Thu-Apr-13-2017 PM2.5 |   7.02 |   7.28 |   8.46 |   6.72 |I I 
19:00-Thu-Apr-13-2017 PM10  |   9.98 |  13.01 |  14.65 |  11.19 |I I 
19:00-Thu-Apr-13-2017 PM2.5 |   7.27 |   7.28 |   8.46 |   6.72 |I I 
19:01-Thu-Apr-13-2017 PM10  |   9.60 |   9.60 |  14.65 |  11.19 |I I 
19:01-Thu-Apr-13-2017 PM2.5 |   6.82 |   6.82 |   8.46 |   6.72 |I I 
19:05-Thu-Apr-13-2017 PM10  |  13.55 |  11.58 |  14.65 |  11.19 |I I 
19:05-Thu-Apr-13-2017 PM2.5 |   7.72 |   7.27 |   8.46 |   6.72 |I I 
19:06-Thu-Apr-13-2017 PM10  |  12.38 |  11.85 |  14.65 |  11.19 |I I 
19:06-Thu-Apr-13-2017 PM2.5 |   6.96 |   7.17 |   8.46 |   6.72 |I I 
19:10-Thu-Apr-13-2017 PM10  |  11.91 |  11.86 |  14.65 |  11.19 |I I 
19:10-Thu-Apr-13-2017 PM2.5 |   7.31 |   7.20 |   8.46 |   6.72 |I I 
19:11-Thu-Apr-13-2017 PM10  |  12.56 |  12.00 |  14.65 |  11.19 |I I 
19:11-Thu-Apr-13-2017 PM2.5 |   6.81 |   7.12 |   8.46 |   6.72 |I I 
19:15-Thu-Apr-13-2017 PM10  |  10.83 |  11.81 |  14.65 |  11.19 |I I 
19:15-Thu-Apr-13-2017 PM2.5 |   7.01 |   7.10 |   8.46 |   6.72 |I I 
19:16-Thu-Apr-13-2017 PM10  |  12.81 |  11.95 |  14.65 |  11.19 |I I 
19:16-Thu-Apr-13-2017 PM2.5 |   6.95 |   7.08 |   8.46 |   6.72 |I I 
19:20-Thu-Apr-13-2017 PM10  |  14.00 |  12.21 |  14.65 |  11.19 |I I 
19:20-Thu-Apr-13-2017 PM2.5 |   6.93 |   7.06 |   8.46 |   6.72 |I I 
19:21-Thu-Apr-13-2017 PM10  |  14.00 |  12.41 |  14.65 |  11.19 |I I 
19:21-Thu-Apr-13-2017 PM2.5 |   6.93 |   7.05 |   8.46 |   6.72 |I I 
19:22-Thu-Apr-13-2017 PM10  |  11.96 |  12.36 |  14.65 |  11.19 |I I 
19:22-Thu-Apr-13-2017 PM2.5 |   6.47 |   6.99 |   8.46 |   6.72 |I I 
19:26-Thu-Apr-13-2017 PM10  |  11.97 |  12.32 |  14.65 |  11.19 |I I 
19:26-Thu-Apr-13-2017 PM2.5 |   6.86 |   6.98 |   8.46 |   6.72 |I I 
19:27-Thu-Apr-13-2017 PM10  |   9.71 |  12.11 |  14.65 |  11.19 |I I 
19:27-Thu-Apr-13-2017 PM2.5 |   6.08 |   6.90 |   8.46 |   6.72 |I I 
19:31-Thu-Apr-13-2017 PM10  |  13.66 |  12.23 |  14.65 |  11.19 |I I 
19:31-Thu-Apr-13-2017 PM2.5 |   6.69 |   6.89 |   8.46 |   6.72 |I I 
19:32-Thu-Apr-13-2017 PM10  |  16.78 |  12.55 |  14.65 |  11.19 |I I 
19:32-Thu-Apr-13-2017 PM2.5 |   6.26 |   6.84 |   8.46 |   6.72 |I I 
19:36-Thu-Apr-13-2017 PM10  |  12.25 |  12.53 |  14.65 |  11.19 |I I 
19:36-Thu-Apr-13-2017 PM2.5 |   6.06 |   6.79 |   8.46 |   6.72 |I I 
19:37-Thu-Apr-13-2017 PM10  |  10.48 |  12.40 |  14.65 |  11.19 |I I 
19:37-Thu-Apr-13-2017 PM2.5 |   5.75 |   6.73 |   8.46 |   6.72 |I I 
19:41-Thu-Apr-13-2017 PM10  |  12.04 |  12.38 |  14.65 |  11.19 |I I 
19:41-Thu-Apr-13-2017 PM2.5 |   6.10 |   6.69 |   8.46 |   6.72 |I I 
19:42-Thu-Apr-13-2017 PM10  |  11.55 |  12.34 |  14.65 |  11.19 |I I 
19:42-Thu-Apr-13-2017 PM2.5 |   6.31 |   6.67 |   8.46 |   6.72 |I I 
19:43-Thu-Apr-13-2017 PM10  |  11.55 |  12.29 |  14.65 |  11.19 |I I 
19:43-Thu-Apr-13-2017 PM2.5 |   6.31 |   6.65 |   8.46 |   6.72 |I I 
19:46-Thu-Apr-13-2017 PM10  |  12.47 |  12.30 |  14.65 |  11.19 |I I 
19:46-Thu-Apr-13-2017 PM2.5 |   6.34 |   6.63 |   8.46 |   6.72 |I I 
19:47-Thu-Apr-13-2017 PM10  |  12.47 |  12.31 |  14.65 |  11.19 |I I 
19:47-Thu-Apr-13-2017 PM2.5 |   6.34 |   6.62 |   8.46 |   6.72 |I I 
19:48-Thu-Apr-13-2017 PM10  |  12.82 |  12.33 |  14.65 |  11.19 |I I 
19:48-Thu-Apr-13-2017 PM2.5 |   5.99 |   6.59 |   8.46 |   6.72 |I I 
19:52-Thu-Apr-13-2017 PM10  |  13.06 |  12.37 |  14.65 |  11.19 |I I 
19:52-Thu-Apr-13-2017 PM2.5 |   6.59 |   6.59 |   8.46 |   6.72 |I I 
19:53-Thu-Apr-13-2017 PM10  |  11.95 |  12.35 |  14.65 |  11.19 |I I 
19:53-Thu-Apr-13-2017 PM2.5 |   6.07 |   6.57 |   8.46 |   6.72 |I I 
19:57-Thu-Apr-13-2017 PM10  |  11.09 |  12.30 |  14.65 |  11.19 |I I 
19:57-Thu-Apr-13-2017 PM2.5 |   6.31 |   6.56 |   8.46 |   6.72 |I I 
19:58-Thu-Apr-13-2017 PM10  |  10.73 |  12.24 |  14.65 |  11.19 |I I 
19:58-Thu-Apr-13-2017 PM2.5 |   5.79 |   6.53 |   8.46 |   6.72 |I I 
20:02-Thu-Apr-13-2017 PM10  |  10.80 |  12.18 |  14.65 |  11.19 |I I 
20:02-Thu-Apr-13-2017 PM2.5 |   6.19 |   6.52 |   8.46 |   6.52 |I I 
20:03-Thu-Apr-13-2017 PM10  |  11.29 |  11.29 |  14.65 |  11.19 |I I 
20:03-Thu-Apr-13-2017 PM2.5 |   5.91 |   5.91 |   8.46 |   6.52 |I I 
20:07-Thu-Apr-13-2017 PM10  |  11.46 |  11.38 |  14.65 |  11.19 |I I 
20:07-Thu-Apr-13-2017 PM2.5 |   5.78 |   5.84 |   8.46 |   6.52 |I I 
20:08-Thu-Apr-13-2017 PM10  |  11.02 |  11.26 |  14.65 |  11.19 |I I 
20:08-Thu-Apr-13-2017 PM2.5 |   6.15 |   5.95 |   8.46 |   6.52 |I I 
20:12-Thu-Apr-13-2017 PM10  |  14.88 |  12.16 |  14.65 |  11.19 |I I 
20:12-Thu-Apr-13-2017 PM2.5 |   6.59 |   6.11 |   8.46 |   6.52 |I I 
20:13-Thu-Apr-13-2017 PM10  |  14.88 |  12.71 |  14.65 |  11.19 |I I 
20:13-Thu-Apr-13-2017 PM2.5 |   6.59 |   6.21 |   8.46 |   6.52 |I I 
20:14-Thu-Apr-13-2017 PM10  |  12.56 |  12.68 |  14.65 |  11.19 |I I 
20:14-Thu-Apr-13-2017 PM2.5 |   6.03 |   6.18 |   8.46 |   6.52 |I I 
20:18-Thu-Apr-13-2017 PM10  |  12.81 |  12.70 |  14.65 |  11.19 |I I 
20:18-Thu-Apr-13-2017 PM2.5 |   6.39 |   6.21 |   8.46 |   6.52 |I I 
20:19-Thu-Apr-13-2017 PM10  |  13.48 |  12.80 |  14.65 |  11.19 |I I 
20:19-Thu-Apr-13-2017 PM2.5 |   6.39 |   6.23 |   8.46 |   6.52 |I I 
20:23-Thu-Apr-13-2017 PM10  |  12.00 |  12.71 |  14.65 |  11.19 |I I 
20:23-Thu-Apr-13-2017 PM2.5 |   6.36 |   6.24 |   8.46 |   6.52 |I I 
20:24-Thu-Apr-13-2017 PM10  |  16.79 |  13.12 |  14.65 |  11.19 |I I 
20:24-Thu-Apr-13-2017 PM2.5 |   6.31 |   6.25 |   8.46 |   6.52 |I I 
20:28-Thu-Apr-13-2017 PM10  |  14.44 |  13.24 |  14.65 |  11.19 |I I 
20:28-Thu-Apr-13-2017 PM2.5 |   6.65 |   6.29 |   8.46 |   6.52 |I I 
20:29-Thu-Apr-13-2017 PM10  |  12.99 |  13.22 |  14.65 |  11.19 |I I 
20:29-Thu-Apr-13-2017 PM2.5 |   6.43 |   6.30 |   8.46 |   6.52 |I I 
20:33-Thu-Apr-13-2017 PM10  |  11.02 |  13.05 |  14.65 |  11.19 |I I 
20:33-Thu-Apr-13-2017 PM2.5 |   6.22 |   6.29 |   8.46 |   6.52 |I I 
20:34-Thu-Apr-13-2017 PM10  |  12.46 |  13.00 |  14.65 |  11.19 |I I 
20:34-Thu-Apr-13-2017 PM2.5 |   6.06 |   6.28 |   8.46 |   6.52 |I I 
20:38-Thu-Apr-13-2017 PM10  |  13.55 |  13.04 |  14.65 |  11.19 |I I 
20:38-Thu-Apr-13-2017 PM2.5 |   6.29 |   6.28 |   8.46 |   6.52 |I I 
20:39-Thu-Apr-13-2017 PM10  |  13.55 |  13.07 |  14.65 |  11.19 |I I 
20:39-Thu-Apr-13-2017 PM2.5 |   6.29 |   6.28 |   8.46 |   6.52 |I I 
20:40-Thu-Apr-13-2017 PM10  |  11.40 |  12.97 |  14.65 |  11.19 |I I 
20:40-Thu-Apr-13-2017 PM2.5 |   5.67 |   6.24 |   8.46 |   6.52 |I I 
20:44-Thu-Apr-13-2017 PM10  |  11.53 |  12.89 |  14.65 |  11.19 |I I 
20:44-Thu-Apr-13-2017 PM2.5 |   6.10 |   6.23 |   8.46 |   6.52 |I I 
20:45-Thu-Apr-13-2017 PM10  |  10.94 |  12.79 |  14.65 |  11.19 |I I 
20:45-Thu-Apr-13-2017 PM2.5 |   5.65 |   6.20 |   8.46 |   6.52 |I I 
20:49-Thu-Apr-13-2017 PM10  |  15.95 |  12.95 |  14.65 |  11.19 |I I 
20:49-Thu-Apr-13-2017 PM2.5 |   6.35 |   6.21 |   8.46 |   6.52 |I I 
20:50-Thu-Apr-13-2017 PM10  |  12.25 |  12.92 |  14.65 |  11.19 |I I 
20:50-Thu-Apr-13-2017 PM2.5 |   5.65 |   6.18 |   8.46 |   6.52 |I I 
20:54-Thu-Apr-13-2017 PM10  |  10.94 |  12.83 |  14.65 |  11.19 |I I 
20:54-Thu-Apr-13-2017 PM2.5 |   5.90 |   6.17 |   8.46 |   6.52 |I I 
20:55-Thu-Apr-13-2017 PM10  |  12.47 |  12.81 |  14.65 |  11.19 |I I 
20:55-Thu-Apr-13-2017 PM2.5 |   5.94 |   6.16 |   8.46 |   6.52 |I I 
20:59-Thu-Apr-13-2017 PM10  |  13.39 |  12.83 |  14.65 |  11.19 |I I 
20:59-Thu-Apr-13-2017 PM2.5 |   6.05 |   6.16 |   8.46 |   6.52 |I I 
21:00-Thu-Apr-13-2017 PM10  |  12.13 |  12.81 |  14.65 |  11.19 |I I 
21:00-Thu-Apr-13-2017 PM2.5 |   5.98 |   6.15 |   8.46 |   6.15 |I I 
21:05-Thu-Apr-13-2017 PM10  |  11.82 |  11.82 |  14.65 |  11.19 |I I 
21:05-Thu-Apr-13-2017 PM2.5 |   6.25 |   6.25 |   8.46 |   6.15 |I I 
21:06-Thu-Apr-13-2017 PM10  |  11.82 |  11.82 |  14.65 |  11.19 |I I 
21:06-Thu-Apr-13-2017 PM2.5 |   6.25 |   6.25 |   8.46 |   6.15 |I I 
21:07-Thu-Apr-13-2017 PM10  |  10.01 |  11.22 |  14.65 |  11.19 |I I 
21:07-Thu-Apr-13-2017 PM2.5 |   5.51 |   6.00 |   8.46 |   6.15 |I I 
21:11-Thu-Apr-13-2017 PM10  |   9.13 |  10.70 |  14.65 |  11.19 |I I 
21:11-Thu-Apr-13-2017 PM2.5 |   5.94 |   5.99 |   8.46 |   6.15 |I I 
21:12-Thu-Apr-13-2017 PM10  |  11.99 |  10.96 |  14.65 |  11.19 |I I 
21:12-Thu-Apr-13-2017 PM2.5 |   5.89 |   5.97 |   8.46 |   6.15 |I I 
21:16-Thu-Apr-13-2017 PM10  |  10.20 |  10.83 |  14.65 |  11.19 |I I 
21:16-Thu-Apr-13-2017 PM2.5 |   5.78 |   5.94 |   8.46 |   6.15 |I I 
21:17-Thu-Apr-13-2017 PM10  |   9.05 |  10.58 |  14.65 |  11.19 |I I 
21:17-Thu-Apr-13-2017 PM2.5 |   5.70 |   5.90 |   8.46 |   6.15 |I I 
21:21-Thu-Apr-13-2017 PM10  |   8.96 |  10.37 |  14.65 |  11.19 |I I 
21:21-Thu-Apr-13-2017 PM2.5 |   5.80 |   5.89 |   8.46 |   6.15 |I I 
21:22-Thu-Apr-13-2017 PM10  |  11.52 |  10.50 |  14.65 |  11.19 |I I 
21:22-Thu-Apr-13-2017 PM2.5 |   6.17 |   5.92 |   8.46 |   6.15 |I I 
21:26-Thu-Apr-13-2017 PM10  |  11.86 |  10.64 |  14.65 |  11.19 |I I 
21:26-Thu-Apr-13-2017 PM2.5 |   6.23 |   5.95 |   8.46 |   6.15 |I I 
21:27-Thu-Apr-13-2017 PM10  |   9.89 |  10.57 |  14.65 |  11.19 |I I 
21:27-Thu-Apr-13-2017 PM2.5 |   5.74 |   5.93 |   8.46 |   6.15 |I I 
21:31-Thu-Apr-13-2017 PM10  |  10.53 |  10.57 |  14.65 |  11.19 |I I 
21:31-Thu-Apr-13-2017 PM2.5 |   5.97 |   5.94 |   8.46 |   6.15 |I I 
21:32-Thu-Apr-13-2017 PM10  |  10.53 |  10.56 |  14.65 |  11.19 |I I 
21:32-Thu-Apr-13-2017 PM2.5 |   5.97 |   5.94 |   8.46 |   6.15 |I I 
21:33-Thu-Apr-13-2017 PM10  |   9.64 |  10.50 |  14.65 |  11.19 |I I 
21:33-Thu-Apr-13-2017 PM2.5 |   5.75 |   5.93 |   8.46 |   6.15 |I I 
21:37-Thu-Apr-13-2017 PM10  |   9.39 |  10.42 |  14.65 |  11.19 |I I 
21:37-Thu-Apr-13-2017 PM2.5 |   5.60 |   5.90 |   8.46 |   6.15 |I I 
21:38-Thu-Apr-13-2017 PM10  |   9.65 |  10.37 |  14.65 |  11.19 |I I 
21:38-Thu-Apr-13-2017 PM2.5 |   5.61 |   5.89 |   8.46 |   6.15 |I I 
21:42-Thu-Apr-13-2017 PM10  |  12.57 |  10.50 |  14.65 |  11.19 |I I 
21:42-Thu-Apr-13-2017 PM2.5 |   5.84 |   5.88 |   8.46 |   6.15 |I I 
21:43-Thu-Apr-13-2017 PM10  |   9.40 |  10.44 |  14.65 |  11.19 |I I 
21:43-Thu-Apr-13-2017 PM2.5 |   5.78 |   5.88 |   8.46 |   6.15 |I I 
21:47-Thu-Apr-13-2017 PM10  |  11.95 |  10.52 |  14.65 |  11.19 |I I 
21:47-Thu-Apr-13-2017 PM2.5 |   6.14 |   5.89 |   8.46 |   6.15 |I I 
21:48-Thu-Apr-13-2017 PM10  |  10.61 |  10.53 |  14.65 |  11.19 |I I 
21:48-Thu-Apr-13-2017 PM2.5 |   5.75 |   5.88 |   8.46 |   6.15 |I I 
21:52-Thu-Apr-13-2017 PM10  |   9.92 |  10.50 |  14.65 |  11.19 |I I 
21:52-Thu-Apr-13-2017 PM2.5 |   5.81 |   5.88 |   8.46 |   6.15 |I I 
21:53-Thu-Apr-13-2017 PM10  |  10.74 |  10.51 |  14.65 |  11.19 |I I 
21:53-Thu-Apr-13-2017 PM2.5 |   5.94 |   5.88 |   8.46 |   6.15 |I I 
21:57-Thu-Apr-13-2017 PM10  |  12.35 |  10.59 |  14.65 |  11.19 |I I 
21:57-Thu-Apr-13-2017 PM2.5 |   6.10 |   5.89 |   8.46 |   6.15 |I I 
21:58-Thu-Apr-13-2017 PM10  |  12.35 |  10.66 |  14.65 |  11.19 |I I 
21:58-Thu-Apr-13-2017 PM2.5 |   6.10 |   5.90 |   8.46 |   6.15 |I I 
21:59-Thu-Apr-13-2017 PM10  |  10.27 |  10.65 |  14.65 |  11.19 |I I 
21:59-Thu-Apr-13-2017 PM2.5 |   5.61 |   5.89 |   8.46 |   6.15 |I I 
22:03-Thu-Apr-13-2017 PM10  |  11.17 |  10.67 |  14.65 |  10.67 |I I 
22:03-Thu-Apr-13-2017 PM2.5 |   5.95 |   5.89 |   8.46 |   5.89 |I I 
22:04-Thu-Apr-13-2017 PM10  |  10.00 |  10.00 |  14.65 |  10.67 |I I 
22:04-Thu-Apr-13-2017 PM2.5 |   6.06 |   6.06 |   8.46 |   5.89 |I I 
22:08-Thu-Apr-13-2017 PM10  |   9.65 |   9.82 |  14.65 |  10.67 |I I 
22:08-Thu-Apr-13-2017 PM2.5 |   5.93 |   5.99 |   8.46 |   5.89 |I I 
22:09-Thu-Apr-13-2017 PM10  |  10.71 |  10.12 |  14.65 |  10.67 |I I 
22:09-Thu-Apr-13-2017 PM2.5 |   5.76 |   5.92 |   8.46 |   5.89 |I I 
22:13-Thu-Apr-13-2017 PM10  |  11.01 |  10.34 |  14.65 |  10.67 |I I 
22:13-Thu-Apr-13-2017 PM2.5 |   6.24 |   6.00 |   8.46 |   5.89 |I I 
22:14-Thu-Apr-13-2017 PM10  |  10.19 |  10.31 |  14.65 |  10.67 |I I 
22:14-Thu-Apr-13-2017 PM2.5 |   6.05 |   6.01 |   8.46 |   5.89 |I I 
22:18-Thu-Apr-13-2017 PM10  |   9.97 |  10.25 |  14.65 |  10.67 |I I 
22:18-Thu-Apr-13-2017 PM2.5 |   5.92 |   5.99 |   8.46 |   5.89 |I I 
22:19-Thu-Apr-13-2017 PM10  |   9.00 |  10.07 |  14.65 |  10.67 |I I 
22:19-Thu-Apr-13-2017 PM2.5 |   5.57 |   5.93 |   8.46 |   5.89 |I I 
22:23-Thu-Apr-13-2017 PM10  |  10.05 |  10.07 |  14.65 |  10.67 |I I 
22:23-Thu-Apr-13-2017 PM2.5 |   5.72 |   5.91 |   8.46 |   5.89 |I I 
22:24-Thu-Apr-13-2017 PM10  |  10.05 |  10.07 |  14.65 |  10.67 |I I 
22:24-Thu-Apr-13-2017 PM2.5 |   5.72 |   5.89 |   8.46 |   5.89 |I I 
22:25-Thu-Apr-13-2017 PM10  |   9.28 |   9.99 |  14.65 |  10.67 |I I 
22:25-Thu-Apr-13-2017 PM2.5 |   5.66 |   5.86 |   8.46 |   5.89 |I I 
22:29-Thu-Apr-13-2017 PM10  |   9.42 |   9.94 |  14.65 |  10.67 |I I 
22:29-Thu-Apr-13-2017 PM2.5 |   5.84 |   5.86 |   8.46 |   5.89 |I I 
22:30-Thu-Apr-13-2017 PM10  |   7.79 |   9.76 |  14.65 |  10.67 |I I 
22:30-Thu-Apr-13-2017 PM2.5 |   5.53 |   5.83 |   8.46 |   5.89 |I I 
22:34-Thu-Apr-13-2017 PM10  |  12.88 |  10.00 |  14.65 |  10.67 |I I 
22:34-Thu-Apr-13-2017 PM2.5 |   6.89 |   5.91 |   8.46 |   5.89 |I I 
22:35-Thu-Apr-13-2017 PM10  |  12.25 |  10.16 |  14.65 |  10.67 |I I 
22:35-Thu-Apr-13-2017 PM2.5 |   6.53 |   5.96 |   8.46 |   5.89 |I I 
22:39-Thu-Apr-13-2017 PM10  |  13.30 |  10.37 |  14.65 |  10.67 |I I 
22:39-Thu-Apr-13-2017 PM2.5 |   6.87 |   6.02 |   8.46 |   5.89 |I I 
22:40-Thu-Apr-13-2017 PM10  |   9.84 |  10.34 |  14.65 |  10.67 |I I 
22:40-Thu-Apr-13-2017 PM2.5 |   6.05 |   6.02 |   8.46 |   5.89 |I I 
22:44-Thu-Apr-13-2017 PM10  |  11.18 |  10.39 |  14.65 |  10.67 |I I 
22:44-Thu-Apr-13-2017 PM2.5 |   6.15 |   6.03 |   8.46 |   5.89 |I I 
22:45-Thu-Apr-13-2017 PM10  |  10.38 |  10.39 |  14.65 |  10.67 |I I 
22:45-Thu-Apr-13-2017 PM2.5 |   5.91 |   6.02 |   8.46 |   5.89 |I I 
22:49-Thu-Apr-13-2017 PM10  |  11.26 |  10.43 |  14.65 |  10.67 |I I 
22:49-Thu-Apr-13-2017 PM2.5 |   6.34 |   6.04 |   8.46 |   5.89 |I I 
22:50-Thu-Apr-13-2017 PM10  |  11.26 |  10.47 |  14.65 |  10.67 |I I 
22:50-Thu-Apr-13-2017 PM2.5 |   6.34 |   6.05 |   8.46 |   5.89 |I I 
22:51-Thu-Apr-13-2017 PM10  |  12.13 |  10.55 |  14.65 |  10.67 |I I 
22:51-Thu-Apr-13-2017 PM2.5 |   5.89 |   6.05 |   8.46 |   5.89 |I I 
22:55-Thu-Apr-13-2017 PM10  |  13.20 |  10.67 |  14.65 |  10.67 |I I 
22:55-Thu-Apr-13-2017 PM2.5 |   6.14 |   6.05 |   8.46 |   5.89 |I I 
22:56-Thu-Apr-13-2017 PM10  |  10.88 |  10.68 |  14.65 |  10.67 |I I 
22:56-Thu-Apr-13-2017 PM2.5 |   6.07 |   6.05 |   8.46 |   5.89 |I I 
23:00-Thu-Apr-13-2017 PM10  |   9.81 |  10.65 |  14.65 |  10.65 |I I 
23:00-Thu-Apr-13-2017 PM2.5 |   6.04 |   6.05 |   8.46 |   5.89 |I I 
23:01-Thu-Apr-13-2017 PM10  |   9.43 |   9.43 |  14.65 |  10.65 |I I 
23:01-Thu-Apr-13-2017 PM2.5 |   5.40 |   5.40 |   8.46 |   5.89 |I I 
23:05-Thu-Apr-13-2017 PM10  |  10.86 |  10.15 |  14.65 |  10.65 |I I 
23:05-Thu-Apr-13-2017 PM2.5 |   5.68 |   5.54 |   8.46 |   5.89 |I I 
23:06-Thu-Apr-13-2017 PM10  |  12.24 |  10.84 |  14.65 |  10.65 |I I 
23:06-Thu-Apr-13-2017 PM2.5 |   6.15 |   5.75 |   8.46 |   5.89 |I I 
23:10-Thu-Apr-13-2017 PM10  |  10.87 |  10.85 |  14.65 |  10.65 |I I 
23:10-Thu-Apr-13-2017 PM2.5 |   5.90 |   5.78 |   8.46 |   5.89 |I I 
23:11-Thu-Apr-13-2017 PM10  |  11.61 |  11.00 |  14.65 |  10.65 |I I 
23:11-Thu-Apr-13-2017 PM2.5 |   5.81 |   5.79 |   8.46 |   5.89 |I I 
23:15-Thu-Apr-13-2017 PM10  |  12.73 |  11.29 |  14.65 |  10.65 |I I 
23:15-Thu-Apr-13-2017 PM2.5 |   6.05 |   5.83 |   8.46 |   5.89 |I I 
23:16-Thu-Apr-13-2017 PM10  |  12.73 |  11.50 |  14.65 |  10.65 |I I 
23:16-Thu-Apr-13-2017 PM2.5 |   6.05 |   5.87 |   8.46 |   5.89 |I I 
23:17-Thu-Apr-13-2017 PM10  |  11.09 |  11.45 |  14.65 |  10.65 |I I 
23:17-Thu-Apr-13-2017 PM2.5 |   5.72 |   5.85 |   8.46 |   5.89 |I I 
23:21-Thu-Apr-13-2017 PM10  |   9.50 |  11.23 |  14.65 |  10.65 |I I 
23:21-Thu-Apr-13-2017 PM2.5 |   5.55 |   5.81 |   8.46 |   5.89 |I I 
23:22-Thu-Apr-13-2017 PM10  |  10.77 |  11.18 |  14.65 |  10.65 |I I 
23:22-Thu-Apr-13-2017 PM2.5 |   5.63 |   5.80 |   8.46 |   5.89 |I I 
23:26-Thu-Apr-13-2017 PM10  |  10.37 |  11.11 |  14.65 |  10.65 |I I 
23:26-Thu-Apr-13-2017 PM2.5 |   5.62 |   5.78 |   8.46 |   5.89 |I I 
23:27-Thu-Apr-13-2017 PM10  |  10.37 |  11.05 |  14.65 |  10.65 |I I 
23:27-Thu-Apr-13-2017 PM2.5 |   5.55 |   5.76 |   8.46 |   5.89 |I I 
23:31-Thu-Apr-13-2017 PM10  |  10.92 |  11.04 |  14.65 |  10.65 |I I 
23:31-Thu-Apr-13-2017 PM2.5 |   5.84 |   5.77 |   8.46 |   5.89 |I I 
23:32-Thu-Apr-13-2017 PM10  |  11.15 |  11.04 |  14.65 |  10.65 |I I 
23:32-Thu-Apr-13-2017 PM2.5 |   5.91 |   5.78 |   8.46 |   5.89 |I I 
23:36-Thu-Apr-13-2017 PM10  |  13.82 |  11.23 |  14.65 |  10.65 |I I 
23:36-Thu-Apr-13-2017 PM2.5 |   6.36 |   5.82 |   8.46 |   5.89 |I I 
23:37-Thu-Apr-13-2017 PM10  |  11.51 |  11.25 |  14.65 |  10.65 |I I 
23:37-Thu-Apr-13-2017 PM2.5 |   5.96 |   5.82 |   8.46 |   5.89 |I I 
23:41-Thu-Apr-13-2017 PM10  |   9.38 |  11.14 |  14.65 |  10.65 |I I 
23:41-Thu-Apr-13-2017 PM2.5 |   5.66 |   5.81 |   8.46 |   5.89 |I I 
23:42-Thu-Apr-13-2017 PM10  |   9.38 |  11.04 |  14.65 |  10.65 |I I 
23:42-Thu-Apr-13-2017 PM2.5 |   5.66 |   5.81 |   8.46 |   5.89 |I I 
23:43-Thu-Apr-13-2017 PM10  |  10.47 |  11.01 |  14.65 |  10.65 |I I 
23:43-Thu-Apr-13-2017 PM2.5 |   5.60 |   5.80 |   8.46 |   5.89 |I I 
23:47-Thu-Apr-13-2017 PM10  |  14.98 |  11.21 |  14.65 |  10.65 |I I 
23:47-Thu-Apr-13-2017 PM2.5 |   6.00 |   5.81 |   8.46 |   5.89 |I I 
23:48-Thu-Apr-13-2017 PM10  |  10.43 |  11.17 |  14.65 |  10.65 |I I 
23:48-Thu-Apr-13-2017 PM2.5 |   5.63 |   5.80 |   8.46 |   5.89 |I I 
23:52-Thu-Apr-13-2017 PM10  |  10.36 |  11.13 |  14.65 |  10.65 |I I 
23:52-Thu-Apr-13-2017 PM2.5 |   5.56 |   5.79 |   8.46 |   5.89 |I I 
23:53-Thu-Apr-13-2017 PM10  |  11.19 |  11.14 |  14.65 |  10.65 |I I 
23:53-Thu-Apr-13-2017 PM2.5 |   5.74 |   5.78 |   8.46 |   5.89 |I I 
23:57-Thu-Apr-13-2017 PM10  |  11.28 |  11.14 |  14.65 |  10.65 |I I 
23:57-Thu-Apr-13-2017 PM2.5 |   6.15 |   5.80 |   8.46 |   5.89 |I I 
23:58-Thu-Apr-13-2017 PM10  |  10.86 |  11.13 |  14.65 |  10.65 |I I 
23:58-Thu-Apr-13-2017 PM2.5 |   5.66 |   5.79 |   8.46 |   5.89 |I I 
00:03-Fri-Apr-14-2017 PM10  |   9.05 |  11.05 |  14.65 |  10.65 |I I 
