[Thu May 11 00:03:27 2017] Report del giorno Thursday May 11 2017 -- INVIATO a centraline@googlegroups.com
00:03-Thu-May-11-2017 PM10  |  10.15 |  10.15 |  10.15 |  10.15 |B I 
00:03-Thu-May-11-2017 PM2.5 |   3.60 |   3.60 |   3.60 |   3.60 |B I 
00:07-Thu-May-11-2017recover dati per host :salvatorehost.no-ip.org/aria
00:07-Thu-May-11-2017 PM10  |  10.08 |  10.08 |  10.15 |  10.15 |I I 
00:07-Thu-May-11-2017 PM2.5 |   3.80 |   3.80 |   3.60 |   3.60 |I I 
00:08-Thu-May-11-2017 PM10  |   8.31 |   9.20 |  10.15 |  10.15 |I I 
00:08-Thu-May-11-2017 PM2.5 |   3.61 |   3.71 |   3.60 |   3.60 |I I 
00:12-Thu-May-11-2017 PM10  |   8.52 |   8.97 |  10.15 |  10.15 |I I 
00:12-Thu-May-11-2017 PM2.5 |   3.75 |   3.72 |   3.60 |   3.60 |I I 
00:13-Thu-May-11-2017 PM10  |   9.63 |   9.14 |  10.15 |  10.15 |I I 
00:13-Thu-May-11-2017 PM2.5 |   3.71 |   3.72 |   3.60 |   3.60 |I I 
00:17-Thu-May-11-2017 PM10  |  10.42 |   9.39 |  10.15 |  10.15 |I I 
00:17-Thu-May-11-2017 PM2.5 |   3.97 |   3.77 |   3.60 |   3.60 |I I 
00:18-Thu-May-11-2017 PM10  |  10.08 |   9.51 |  10.15 |  10.15 |I I 
00:18-Thu-May-11-2017 PM2.5 |   3.56 |   3.73 |   3.60 |   3.60 |I I 
00:22-Thu-May-11-2017 PM10  |   9.96 |   9.57 |  10.15 |  10.15 |I I 
00:22-Thu-May-11-2017 PM2.5 |   3.81 |   3.75 |   3.60 |   3.60 |I I 
00:23-Thu-May-11-2017 PM10  |   6.59 |   9.20 |  10.15 |  10.15 |I I 
00:23-Thu-May-11-2017 PM2.5 |   3.34 |   3.69 |   3.60 |   3.60 |I I 
00:27-Thu-May-11-2017 PM10  |   7.63 |   9.03 |  10.15 |  10.15 |I I 
00:27-Thu-May-11-2017 PM2.5 |   3.71 |   3.70 |   3.60 |   3.60 |I I 
00:28-Thu-May-11-2017 PM10  |   9.30 |   9.05 |  10.15 |  10.15 |I I 
00:28-Thu-May-11-2017 PM2.5 |   3.23 |   3.65 |   3.60 |   3.60 |I I 
00:32-Thu-May-11-2017 PM10  |   9.30 |   9.08 |  10.15 |  10.15 |I I 
00:32-Thu-May-11-2017 PM2.5 |   4.01 |   3.68 |   3.60 |   3.60 |I I 
00:33-Thu-May-11-2017 PM10  |   8.02 |   8.99 |  10.15 |  10.15 |I I 
00:33-Thu-May-11-2017 PM2.5 |   3.42 |   3.66 |   3.60 |   3.60 |I I 
00:38-Thu-May-11-2017 PM10  |  10.11 |   9.07 |  10.15 |  10.15 |I I 
00:38-Thu-May-11-2017 PM2.5 |   3.63 |   3.66 |   3.60 |   3.60 |I I 
00:39-Thu-May-11-2017 PM10  |   8.30 |   9.02 |  10.15 |  10.15 |I I 
00:39-Thu-May-11-2017 PM2.5 |   3.52 |   3.65 |   3.60 |   3.60 |I I 
00:43-Thu-May-11-2017 PM10  |   7.59 |   8.92 |  10.15 |  10.15 |I I 
00:43-Thu-May-11-2017 PM2.5 |   3.69 |   3.65 |   3.60 |   3.60 |I I 
00:44-Thu-May-11-2017 PM10  |   7.87 |   8.86 |  10.15 |  10.15 |I I 
00:44-Thu-May-11-2017 PM2.5 |   3.52 |   3.64 |   3.60 |   3.60 |I I 
00:48-Thu-May-11-2017 PM10  |   9.41 |   8.89 |  10.15 |  10.15 |I I 
00:48-Thu-May-11-2017 PM2.5 |   3.59 |   3.64 |   3.60 |   3.60 |I I 
00:49-Thu-May-11-2017 PM10  |   7.37 |   8.80 |  10.15 |  10.15 |I I 
00:49-Thu-May-11-2017 PM2.5 |   3.46 |   3.63 |   3.60 |   3.60 |I I 
00:53-Thu-May-11-2017 PM10  |   8.62 |   8.79 |  10.15 |  10.15 |I I 
00:53-Thu-May-11-2017 PM2.5 |   3.42 |   3.62 |   3.60 |   3.60 |I I 
00:54-Thu-May-11-2017 PM10  |   7.48 |   8.73 |  10.15 |  10.15 |I I 
00:54-Thu-May-11-2017 PM2.5 |   3.19 |   3.60 |   3.60 |   3.60 |I I 
00:58-Thu-May-11-2017 PM10  |   7.22 |   8.66 |  10.15 |  10.15 |I I 
00:58-Thu-May-11-2017 PM2.5 |   3.02 |   3.57 |   3.60 |   3.60 |I I 
00:59-Thu-May-11-2017 PM10  |  11.94 |   8.81 |  10.15 |  10.15 |I I 
00:59-Thu-May-11-2017 PM2.5 |   3.57 |   3.57 |   3.60 |   3.60 |I I 
01:03-Thu-May-11-2017 PM10  |   7.75 |   8.76 |  10.15 |   8.76 |I I 
01:03-Thu-May-11-2017 PM2.5 |   3.94 |   3.59 |   3.60 |   3.59 |I I 
01:04-Thu-May-11-2017 PM10  |  10.27 |  10.27 |  10.15 |   8.76 |I I 
01:04-Thu-May-11-2017 PM2.5 |   3.46 |   3.46 |   3.60 |   3.59 |I I 
01:07-Thu-May-11-2017 PM10  |   8.21 |   9.24 |  10.15 |   8.76 |I I 
01:07-Thu-May-11-2017 PM2.5 |   3.56 |   3.51 |   3.60 |   3.59 |I I 
01:08-Thu-May-11-2017 PM10  |   7.17 |   8.55 |  10.15 |   8.76 |I I 
01:08-Thu-May-11-2017 PM2.5 |   3.54 |   3.52 |   3.60 |   3.59 |I I 
01:12-Thu-May-11-2017 PM10  |   6.36 |   8.00 |  10.15 |   8.76 |I I 
01:12-Thu-May-11-2017 PM2.5 |   3.54 |   3.52 |   3.60 |   3.59 |I I 
01:13-Thu-May-11-2017 PM10  |   7.30 |   7.86 |  10.15 |   8.76 |I I 
01:13-Thu-May-11-2017 PM2.5 |   3.26 |   3.47 |   3.60 |   3.59 |I I 
01:17-Thu-May-11-2017 PM10  |   9.11 |   8.07 |  10.15 |   8.76 |I I 
01:17-Thu-May-11-2017 PM2.5 |   3.80 |   3.53 |   3.60 |   3.59 |I I 
01:18-Thu-May-11-2017 PM10  |   8.08 |   8.07 |  10.15 |   8.76 |I I 
01:18-Thu-May-11-2017 PM2.5 |   3.37 |   3.50 |   3.60 |   3.59 |I I 
01:22-Thu-May-11-2017 PM10  |   7.27 |   7.97 |  10.15 |   8.76 |I B 
01:22-Thu-May-11-2017 PM2.5 |   3.50 |   3.50 |   3.60 |   3.59 |I B 
01:23-Thu-May-11-2017recover dati per host :92.223.147.77/nodered
01:23-Thu-May-11-2017 PM10  |  10.07 |   8.20 |  10.15 |   8.76 |I I 
01:23-Thu-May-11-2017 PM2.5 |   3.67 |   3.52 |   3.60 |   3.59 |I I 
01:27-Thu-May-11-2017 PM10  |   9.38 |   8.32 |  10.15 |   8.76 |I I 
01:27-Thu-May-11-2017 PM2.5 |   3.63 |   3.53 |   3.60 |   3.59 |I I 
01:28-Thu-May-11-2017 PM10  |   7.63 |   8.26 |  10.15 |   8.76 |I I 
01:28-Thu-May-11-2017 PM2.5 |   3.59 |   3.54 |   3.60 |   3.59 |I I 
01:32-Thu-May-11-2017 PM10  |   9.87 |   8.39 |  10.15 |   8.76 |I I 
01:32-Thu-May-11-2017 PM2.5 |   3.79 |   3.56 |   3.60 |   3.59 |I I 
01:33-Thu-May-11-2017 PM10  |   8.88 |   8.43 |  10.15 |   8.76 |I I 
01:33-Thu-May-11-2017 PM2.5 |   3.53 |   3.56 |   3.60 |   3.59 |I I 
01:37-Thu-May-11-2017 PM10  |   6.57 |   8.30 |  10.15 |   8.76 |I I 
01:37-Thu-May-11-2017 PM2.5 |   3.32 |   3.54 |   3.60 |   3.59 |I I 
01:38-Thu-May-11-2017 PM10  |   9.22 |   8.36 |  10.15 |   8.76 |I I 
01:38-Thu-May-11-2017 PM2.5 |   3.49 |   3.54 |   3.60 |   3.59 |I I 
01:42-Thu-May-11-2017 PM10  |   6.40 |   8.24 |  10.15 |   8.76 |I I 
01:42-Thu-May-11-2017 PM2.5 |   3.47 |   3.53 |   3.60 |   3.59 |I I 
01:43-Thu-May-11-2017 PM10  |   7.40 |   8.19 |  10.15 |   8.76 |I I 
01:43-Thu-May-11-2017 PM2.5 |   3.68 |   3.54 |   3.60 |   3.59 |I I 
01:47-Thu-May-11-2017 PM10  |   8.65 |   8.21 |  10.15 |   8.76 |I I 
01:47-Thu-May-11-2017 PM2.5 |   3.62 |   3.55 |   3.60 |   3.59 |I I 
01:49-Thu-May-11-2017 PM10  |   6.92 |   8.14 |  10.15 |   8.76 |I I 
01:49-Thu-May-11-2017 PM2.5 |   3.43 |   3.54 |   3.60 |   3.59 |I I 
01:53-Thu-May-11-2017 PM10  |   9.06 |   8.19 |  10.15 |   8.76 |I I 
01:53-Thu-May-11-2017 PM2.5 |   3.63 |   3.54 |   3.60 |   3.59 |I I 
01:54-Thu-May-11-2017 PM10  |   6.22 |   8.10 |  10.15 |   8.76 |I I 
01:54-Thu-May-11-2017 PM2.5 |   3.27 |   3.53 |   3.60 |   3.59 |I I 
01:58-Thu-May-11-2017 PM10  |   7.04 |   8.05 |  10.15 |   8.76 |I I 
01:58-Thu-May-11-2017 PM2.5 |   3.46 |   3.53 |   3.60 |   3.59 |I I 
01:59-Thu-May-11-2017 PM10  |   6.24 |   7.97 |  10.15 |   8.76 |I I 
01:59-Thu-May-11-2017 PM2.5 |   3.16 |   3.51 |   3.60 |   3.59 |I I 
02:03-Thu-May-11-2017 PM10  |   7.71 |   7.96 |  10.15 |   7.96 |I I 
02:03-Thu-May-11-2017 PM2.5 |   3.70 |   3.52 |   3.60 |   3.52 |I I 
02:04-Thu-May-11-2017 PM10  |   7.54 |   7.54 |  10.15 |   7.96 |I I 
02:04-Thu-May-11-2017 PM2.5 |   3.27 |   3.27 |   3.60 |   3.52 |I I 
02:08-Thu-May-11-2017 PM10  |   6.94 |   7.24 |  10.15 |   7.96 |I I 
02:08-Thu-May-11-2017 PM2.5 |   3.63 |   3.45 |   3.60 |   3.52 |I I 
02:09-Thu-May-11-2017 PM10  |   5.42 |   6.63 |  10.15 |   7.96 |I I 
02:09-Thu-May-11-2017 PM2.5 |   3.13 |   3.34 |   3.60 |   3.52 |I I 
02:13-Thu-May-11-2017 PM10  |   8.01 |   6.98 |  10.15 |   7.96 |I I 
02:13-Thu-May-11-2017 PM2.5 |   3.59 |   3.40 |   3.60 |   3.52 |I I 
02:14-Thu-May-11-2017 PM10  |   6.32 |   6.85 |  10.15 |   7.96 |I I 
02:14-Thu-May-11-2017 PM2.5 |   3.65 |   3.45 |   3.60 |   3.52 |I I 
02:18-Thu-May-11-2017 PM10  |   6.46 |   6.78 |  10.15 |   7.96 |I I 
02:18-Thu-May-11-2017 PM2.5 |   3.34 |   3.44 |   3.60 |   3.52 |I I 
02:19-Thu-May-11-2017 PM10  |   6.01 |   6.67 |  10.15 |   7.96 |I I 
02:19-Thu-May-11-2017 PM2.5 |   3.34 |   3.42 |   3.60 |   3.52 |I I 
02:23-Thu-May-11-2017 PM10  |   6.42 |   6.64 |  10.15 |   7.96 |I I 
02:23-Thu-May-11-2017 PM2.5 |   3.21 |   3.40 |   3.60 |   3.52 |I I 
02:24-Thu-May-11-2017 PM10  |   7.45 |   6.73 |  10.15 |   7.96 |I I 
02:24-Thu-May-11-2017 PM2.5 |   3.37 |   3.39 |   3.60 |   3.52 |I I 
02:28-Thu-May-11-2017 PM10  |   6.81 |   6.74 |  10.15 |   7.96 |I I 
02:28-Thu-May-11-2017 PM2.5 |   3.27 |   3.38 |   3.60 |   3.52 |I I 
02:29-Thu-May-11-2017 PM10  |   8.80 |   6.93 |  10.15 |   7.96 |I I 
02:29-Thu-May-11-2017 PM2.5 |   3.34 |   3.38 |   3.60 |   3.52 |I I 
02:33-Thu-May-11-2017 PM10  |   6.74 |   6.91 |  10.15 |   7.96 |I I 
02:33-Thu-May-11-2017 PM2.5 |   3.76 |   3.41 |   3.60 |   3.52 |I I 
02:34-Thu-May-11-2017 PM10  |   6.08 |   6.85 |  10.15 |   7.96 |I I 
02:34-Thu-May-11-2017 PM2.5 |   3.28 |   3.40 |   3.60 |   3.52 |I I 
02:38-Thu-May-11-2017 PM10  |   8.89 |   6.99 |  10.15 |   7.96 |I I 
02:38-Thu-May-11-2017 PM2.5 |   3.54 |   3.41 |   3.60 |   3.52 |I I 
02:39-Thu-May-11-2017 PM10  |   7.03 |   6.99 |  10.15 |   7.96 |I I 
02:39-Thu-May-11-2017 PM2.5 |   3.28 |   3.40 |   3.60 |   3.52 |I I 
02:42-Thu-May-11-2017 PM10  |   8.21 |   7.07 |  10.15 |   7.96 |I I 
02:42-Thu-May-11-2017 PM2.5 |   3.40 |   3.40 |   3.60 |   3.52 |I I 
02:43-Thu-May-11-2017 PM10  |   7.64 |   7.10 |  10.15 |   7.96 |I I 
02:43-Thu-May-11-2017 PM2.5 |   3.30 |   3.40 |   3.60 |   3.52 |I I 
02:47-Thu-May-11-2017 PM10  |   8.59 |   7.19 |  10.15 |   7.96 |I I 
02:47-Thu-May-11-2017 PM2.5 |   3.73 |   3.41 |   3.60 |   3.52 |I I 
02:48-Thu-May-11-2017 PM10  |   5.51 |   7.10 |  10.15 |   7.96 |I I 
02:48-Thu-May-11-2017 PM2.5 |   2.99 |   3.39 |   3.60 |   3.52 |I I 
02:52-Thu-May-11-2017 PM10  |   6.34 |   7.06 |  10.15 |   7.96 |I I 
02:52-Thu-May-11-2017 PM2.5 |   3.38 |   3.39 |   3.60 |   3.52 |I I 
02:53-Thu-May-11-2017 PM10  |   8.11 |   7.11 |  10.15 |   7.96 |I I 
02:53-Thu-May-11-2017 PM2.5 |   3.76 |   3.41 |   3.60 |   3.52 |I I 
02:57-Thu-May-11-2017 PM10  |   6.15 |   7.07 |  10.15 |   7.96 |I I 
02:57-Thu-May-11-2017 PM2.5 |   3.56 |   3.42 |   3.60 |   3.52 |I I 
02:58-Thu-May-11-2017 PM10  |   8.33 |   7.12 |  10.15 |   7.96 |I I 
02:58-Thu-May-11-2017 PM2.5 |   3.54 |   3.42 |   3.60 |   3.52 |I I 
03:02-Thu-May-11-2017 PM10  |   6.96 |   7.12 |  10.15 |   7.12 |I I 
03:02-Thu-May-11-2017 PM2.5 |   3.39 |   3.42 |   3.60 |   3.42 |I I 
03:03-Thu-May-11-2017 PM10  |   5.82 |   5.82 |  10.15 |   7.12 |I I 
03:03-Thu-May-11-2017 PM2.5 |   3.27 |   3.27 |   3.60 |   3.42 |I I 
03:07-Thu-May-11-2017 PM10  |   5.83 |   5.82 |  10.15 |   7.12 |I I 
03:07-Thu-May-11-2017 PM2.5 |   3.44 |   3.36 |   3.60 |   3.42 |I I 
03:08-Thu-May-11-2017 PM10  |   7.77 |   6.47 |  10.15 |   7.12 |I I 
03:08-Thu-May-11-2017 PM2.5 |   3.33 |   3.35 |   3.60 |   3.42 |I I 
03:12-Thu-May-11-2017 PM10  |   5.24 |   6.16 |  10.15 |   7.12 |I I 
03:12-Thu-May-11-2017 PM2.5 |   3.35 |   3.35 |   3.60 |   3.42 |I I 
03:13-Thu-May-11-2017 PM10  |   6.09 |   6.15 |  10.15 |   7.12 |I I 
03:13-Thu-May-11-2017 PM2.5 |   3.27 |   3.33 |   3.60 |   3.42 |I I 
03:18-Thu-May-11-2017 PM10  |   6.36 |   6.18 |  10.15 |   7.12 |I I 
03:18-Thu-May-11-2017 PM2.5 |   3.28 |   3.33 |   3.60 |   3.42 |I I 
03:19-Thu-May-11-2017 PM10  |   7.48 |   6.37 |  10.15 |   7.12 |I I 
03:19-Thu-May-11-2017 PM2.5 |   3.32 |   3.32 |   3.60 |   3.42 |I I 
03:23-Thu-May-11-2017 PM10  |   6.51 |   6.39 |  10.15 |   7.12 |I I 
03:23-Thu-May-11-2017 PM2.5 |   3.34 |   3.33 |   3.60 |   3.42 |I I 
03:24-Thu-May-11-2017 PM10  |   5.46 |   6.28 |  10.15 |   7.12 |I I 
03:24-Thu-May-11-2017 PM2.5 |   3.24 |   3.32 |   3.60 |   3.42 |I I 
03:28-Thu-May-11-2017 PM10  |   6.18 |   6.27 |  10.15 |   7.12 |I I 
03:28-Thu-May-11-2017 PM2.5 |   3.55 |   3.34 |   3.60 |   3.42 |I I 
03:29-Thu-May-11-2017 PM10  |   5.97 |   6.24 |  10.15 |   7.12 |I I 
03:29-Thu-May-11-2017 PM2.5 |   3.45 |   3.35 |   3.60 |   3.42 |I I 
03:33-Thu-May-11-2017 PM10  |   6.67 |   6.28 |  10.15 |   7.12 |I I 
03:33-Thu-May-11-2017 PM2.5 |   3.59 |   3.37 |   3.60 |   3.42 |I I 
03:34-Thu-May-11-2017 PM10  |   4.93 |   6.18 |  10.15 |   7.12 |I I 
03:34-Thu-May-11-2017 PM2.5 |   3.03 |   3.34 |   3.60 |   3.42 |I I 
03:38-Thu-May-11-2017 PM10  |   4.90 |   6.08 |  10.15 |   7.12 |I I 
03:38-Thu-May-11-2017 PM2.5 |   3.30 |   3.34 |   3.60 |   3.42 |I I 
03:39-Thu-May-11-2017 PM10  |   6.42 |   6.11 |  10.15 |   7.12 |I I 
03:39-Thu-May-11-2017 PM2.5 |   3.17 |   3.33 |   3.60 |   3.42 |I I 
03:43-Thu-May-11-2017 PM10  |   6.92 |   6.16 |  10.15 |   7.12 |I I 
03:43-Thu-May-11-2017 PM2.5 |   3.41 |   3.33 |   3.60 |   3.42 |I I 
03:44-Thu-May-11-2017 PM10  |   6.69 |   6.19 |  10.15 |   7.12 |I I 
03:44-Thu-May-11-2017 PM2.5 |   3.22 |   3.33 |   3.60 |   3.42 |I I 
03:48-Thu-May-11-2017 PM10  |   6.49 |   6.21 |  10.15 |   7.12 |I I 
03:48-Thu-May-11-2017 PM2.5 |   3.29 |   3.33 |   3.60 |   3.42 |I I 
03:49-Thu-May-11-2017 PM10  |   6.29 |   6.21 |  10.15 |   7.12 |I I 
03:49-Thu-May-11-2017 PM2.5 |   3.32 |   3.33 |   3.60 |   3.42 |I I 
03:53-Thu-May-11-2017 PM10  |   8.40 |   6.32 |  10.15 |   7.12 |I I 
03:53-Thu-May-11-2017 PM2.5 |   3.27 |   3.32 |   3.60 |   3.42 |I I 
03:54-Thu-May-11-2017 PM10  |   5.88 |   6.30 |  10.15 |   7.12 |I I 
03:54-Thu-May-11-2017 PM2.5 |   3.02 |   3.31 |   3.60 |   3.42 |I I 
03:58-Thu-May-11-2017 PM10  |   6.61 |   6.31 |  10.15 |   7.12 |I I 
03:58-Thu-May-11-2017 PM2.5 |   3.23 |   3.30 |   3.60 |   3.42 |I I 
04:02-Thu-May-11-2017 PM10  |   5.89 |   6.29 |  10.15 |   6.29 |I I 
04:02-Thu-May-11-2017 PM2.5 |   3.35 |   3.31 |   3.60 |   3.31 |I I 
04:03-Thu-May-11-2017 PM10  |   7.34 |   7.34 |  10.15 |   6.29 |I I 
04:03-Thu-May-11-2017 PM2.5 |   2.93 |   2.93 |   3.60 |   3.31 |I I 
04:08-Thu-May-11-2017 PM10  |   5.97 |   6.65 |  10.15 |   6.29 |I I 
04:08-Thu-May-11-2017 PM2.5 |   3.50 |   3.22 |   3.60 |   3.31 |I I 
04:09-Thu-May-11-2017 PM10  |   7.00 |   6.77 |  10.15 |   6.29 |I I 
04:09-Thu-May-11-2017 PM2.5 |   3.11 |   3.18 |   3.60 |   3.31 |I I 
04:13-Thu-May-11-2017 PM10  |   5.39 |   6.43 |  10.15 |   6.29 |I I 
04:13-Thu-May-11-2017 PM2.5 |   3.34 |   3.22 |   3.60 |   3.31 |I I 
04:14-Thu-May-11-2017 PM10  |   5.98 |   6.34 |  10.15 |   6.29 |I I 
04:14-Thu-May-11-2017 PM2.5 |   3.10 |   3.19 |   3.60 |   3.31 |I I 
04:18-Thu-May-11-2017 PM10  |   6.06 |   6.29 |  10.15 |   6.29 |I I 
04:18-Thu-May-11-2017 PM2.5 |   3.23 |   3.20 |   3.60 |   3.31 |I I 
04:19-Thu-May-11-2017 PM10  |   6.25 |   6.29 |  10.15 |   6.29 |I I 
04:19-Thu-May-11-2017 PM2.5 |   2.80 |   3.14 |   3.60 |   3.31 |I I 
04:23-Thu-May-11-2017 PM10  |   6.96 |   6.37 |  10.15 |   6.29 |I I 
04:23-Thu-May-11-2017 PM2.5 |   3.49 |   3.19 |   3.60 |   3.31 |I I 
04:24-Thu-May-11-2017 PM10  |   5.06 |   6.22 |  10.15 |   6.29 |I I 
04:24-Thu-May-11-2017 PM2.5 |   3.17 |   3.18 |   3.60 |   3.31 |I I 
04:28-Thu-May-11-2017 PM10  |   5.99 |   6.20 |  10.15 |   6.29 |I I 
04:28-Thu-May-11-2017 PM2.5 |   3.17 |   3.18 |   3.60 |   3.31 |I I 
04:29-Thu-May-11-2017 PM10  |   5.09 |   6.10 |  10.15 |   6.29 |I I 
04:29-Thu-May-11-2017 PM2.5 |   3.12 |   3.18 |   3.60 |   3.31 |I I 
04:33-Thu-May-11-2017 PM10  |   6.06 |   6.10 |  10.15 |   6.29 |I I 
04:33-Thu-May-11-2017 PM2.5 |   3.04 |   3.17 |   3.60 |   3.31 |I I 
04:34-Thu-May-11-2017 PM10  |   5.22 |   6.03 |  10.15 |   6.29 |I I 
04:34-Thu-May-11-2017 PM2.5 |   2.95 |   3.15 |   3.60 |   3.31 |I I 
04:38-Thu-May-11-2017 PM10  |   6.44 |   6.06 |  10.15 |   6.29 |I I 
04:38-Thu-May-11-2017 PM2.5 |   3.05 |   3.14 |   3.60 |   3.31 |I I 
04:39-Thu-May-11-2017 PM10  |   6.37 |   6.08 |  10.15 |   6.29 |I I 
04:39-Thu-May-11-2017 PM2.5 |   2.96 |   3.13 |   3.60 |   3.31 |I I 
04:43-Thu-May-11-2017 PM10  |   5.17 |   6.02 |  10.15 |   6.29 |I I 
04:43-Thu-May-11-2017 PM2.5 |   3.22 |   3.14 |   3.60 |   3.31 |I I 
04:44-Thu-May-11-2017 PM10  |   5.00 |   5.96 |  10.15 |   6.29 |I I 
04:44-Thu-May-11-2017 PM2.5 |   3.06 |   3.13 |   3.60 |   3.31 |I I 
04:48-Thu-May-11-2017 PM10  |   6.10 |   5.97 |  10.15 |   6.29 |I I 
04:48-Thu-May-11-2017 PM2.5 |   3.08 |   3.13 |   3.60 |   3.31 |I I 
04:49-Thu-May-11-2017 PM10  |   5.19 |   5.93 |  10.15 |   6.29 |I I 
04:49-Thu-May-11-2017 PM2.5 |   3.12 |   3.13 |   3.60 |   3.31 |I I 
04:53-Thu-May-11-2017 PM10  |   5.60 |   5.91 |  10.15 |   6.29 |I I 
04:53-Thu-May-11-2017 PM2.5 |   3.15 |   3.13 |   3.60 |   3.31 |I I 
04:54-Thu-May-11-2017 PM10  |   8.45 |   6.03 |  10.15 |   6.29 |I I 
04:54-Thu-May-11-2017 PM2.5 |   3.13 |   3.13 |   3.60 |   3.31 |I I 
04:58-Thu-May-11-2017 PM10  |   7.49 |   6.10 |  10.15 |   6.29 |I I 
04:58-Thu-May-11-2017 PM2.5 |   3.29 |   3.14 |   3.60 |   3.31 |I I 
05:02-Thu-May-11-2017 PM10  |   5.16 |   6.06 |  10.15 |   6.06 |I I 
05:02-Thu-May-11-2017 PM2.5 |   2.96 |   3.13 |   3.60 |   3.13 |I I 
05:03-Thu-May-11-2017 PM10  |   5.91 |   5.91 |  10.15 |   6.06 |I I 
05:03-Thu-May-11-2017 PM2.5 |   3.18 |   3.18 |   3.60 |   3.13 |I I 
05:07-Thu-May-11-2017 PM10  |   5.02 |   5.46 |  10.15 |   6.06 |I I 
05:07-Thu-May-11-2017 PM2.5 |   3.11 |   3.15 |   3.60 |   3.13 |I I 
05:08-Thu-May-11-2017 PM10  |   3.72 |   4.88 |  10.15 |   6.06 |I I 
05:08-Thu-May-11-2017 PM2.5 |   2.63 |   2.97 |   3.60 |   3.13 |I I 
05:12-Thu-May-11-2017 PM10  |   4.02 |   4.67 |  10.15 |   6.06 |I I 
05:12-Thu-May-11-2017 PM2.5 |   2.85 |   2.94 |   3.60 |   3.13 |I I 
05:13-Thu-May-11-2017 PM10  |   5.28 |   4.79 |  10.15 |   6.06 |I I 
05:13-Thu-May-11-2017 PM2.5 |   3.17 |   2.99 |   3.60 |   3.13 |I I 
05:17-Thu-May-11-2017 PM10  |   7.60 |   5.26 |  10.15 |   6.06 |I I 
05:17-Thu-May-11-2017 PM2.5 |   3.50 |   3.07 |   3.60 |   3.13 |I I 
05:18-Thu-May-11-2017 PM10  |   5.01 |   5.22 |  10.15 |   6.06 |I I 
05:18-Thu-May-11-2017 PM2.5 |   3.02 |   3.07 |   3.60 |   3.13 |I I 
05:22-Thu-May-11-2017 PM10  |   5.30 |   5.23 |  10.15 |   6.06 |I I 
05:22-Thu-May-11-2017 PM2.5 |   3.07 |   3.07 |   3.60 |   3.13 |I I 
05:23-Thu-May-11-2017 PM10  |   5.44 |   5.25 |  10.15 |   6.06 |I I 
05:23-Thu-May-11-2017 PM2.5 |   2.84 |   3.04 |   3.60 |   3.13 |I I 
05:27-Thu-May-11-2017 PM10  |   4.58 |   5.19 |  10.15 |   6.06 |I I 
05:27-Thu-May-11-2017 PM2.5 |   2.90 |   3.03 |   3.60 |   3.13 |I I 
05:29-Thu-May-11-2017 PM10  |   5.62 |   5.23 |  10.15 |   6.06 |I I 
05:29-Thu-May-11-2017 PM2.5 |   2.80 |   3.01 |   3.60 |   3.13 |I I 
05:33-Thu-May-11-2017 PM10  |   5.77 |   5.27 |  10.15 |   6.06 |I I 
05:33-Thu-May-11-2017 PM2.5 |   3.08 |   3.01 |   3.60 |   3.13 |I I 
05:34-Thu-May-11-2017 PM10  |   4.77 |   5.23 |  10.15 |   6.06 |I I 
05:34-Thu-May-11-2017 PM2.5 |   2.83 |   3.00 |   3.60 |   3.13 |I I 
05:38-Thu-May-11-2017 PM10  |   7.55 |   5.40 |  10.15 |   6.06 |I I 
05:38-Thu-May-11-2017 PM2.5 |   3.26 |   3.02 |   3.60 |   3.13 |I I 
05:39-Thu-May-11-2017 PM10  |   4.27 |   5.32 |  10.15 |   6.06 |I I 
05:39-Thu-May-11-2017 PM2.5 |   2.89 |   3.01 |   3.60 |   3.13 |I I 
05:43-Thu-May-11-2017 PM10  |   5.92 |   5.36 |  10.15 |   6.06 |I I 
05:43-Thu-May-11-2017 PM2.5 |   2.93 |   3.00 |   3.60 |   3.13 |I I 
05:44-Thu-May-11-2017 PM10  |   5.60 |   5.37 |  10.15 |   6.06 |I I 
05:44-Thu-May-11-2017 PM2.5 |   3.02 |   3.00 |   3.60 |   3.13 |I I 
05:48-Thu-May-11-2017 PM10  |   5.21 |   5.37 |  10.15 |   6.06 |I I 
05:48-Thu-May-11-2017 PM2.5 |   3.05 |   3.01 |   3.60 |   3.13 |I I 
05:49-Thu-May-11-2017 PM10  |   4.43 |   5.32 |  10.15 |   6.06 |I I 
05:49-Thu-May-11-2017 PM2.5 |   2.87 |   3.00 |   3.60 |   3.13 |I I 
05:53-Thu-May-11-2017 PM10  |   6.44 |   5.37 |  10.15 |   6.06 |I I 
05:53-Thu-May-11-2017 PM2.5 |   2.88 |   2.99 |   3.60 |   3.13 |I I 
05:54-Thu-May-11-2017 PM10  |   5.93 |   5.40 |  10.15 |   6.06 |I I 
05:54-Thu-May-11-2017 PM2.5 |   2.97 |   2.99 |   3.60 |   3.13 |I I 
05:58-Thu-May-11-2017 PM10  |   5.96 |   5.42 |  10.15 |   6.06 |I I 
05:58-Thu-May-11-2017 PM2.5 |   3.20 |   3.00 |   3.60 |   3.13 |I I 
05:59-Thu-May-11-2017 PM10  |   4.58 |   5.39 |  10.15 |   6.06 |I I 
05:59-Thu-May-11-2017 PM2.5 |   2.93 |   3.00 |   3.60 |   3.13 |I I 
06:03-Thu-May-11-2017 PM10  |   7.48 |   5.48 |  10.15 |   5.48 |I I 
06:03-Thu-May-11-2017 PM2.5 |   3.11 |   3.00 |   3.60 |   3.00 |I I 
06:04-Thu-May-11-2017 PM10  |   4.54 |   4.54 |  10.15 |   5.48 |I I 
06:04-Thu-May-11-2017 PM2.5 |   2.80 |   2.80 |   3.60 |   3.00 |I I 
06:08-Thu-May-11-2017 PM10  |   4.85 |   4.69 |  10.15 |   5.48 |I I 
06:08-Thu-May-11-2017 PM2.5 |   2.93 |   2.86 |   3.60 |   3.00 |I I 
06:09-Thu-May-11-2017 PM10  |   5.43 |   4.94 |  10.15 |   5.48 |I I 
06:09-Thu-May-11-2017 PM2.5 |   2.75 |   2.83 |   3.60 |   3.00 |I I 
06:13-Thu-May-11-2017 PM10  |   7.78 |   5.65 |  10.15 |   5.48 |I I 
06:13-Thu-May-11-2017 PM2.5 |   3.06 |   2.88 |   3.60 |   3.00 |I I 
06:14-Thu-May-11-2017 PM10  |   4.48 |   5.42 |  10.15 |   5.48 |I I 
06:14-Thu-May-11-2017 PM2.5 |   2.77 |   2.86 |   3.60 |   3.00 |I I 
06:18-Thu-May-11-2017 PM10  |   5.12 |   5.37 |  10.15 |   5.48 |I I 
06:18-Thu-May-11-2017 PM2.5 |   3.20 |   2.92 |   3.60 |   3.00 |I I 
06:22-Thu-May-11-2017 PM10  |   5.65 |   5.41 |  10.15 |   5.48 |I I 
06:22-Thu-May-11-2017 PM2.5 |   3.17 |   2.95 |   3.60 |   3.00 |I I 
06:23-Thu-May-11-2017 PM10  |   5.26 |   5.39 |  10.15 |   5.48 |I I 
06:23-Thu-May-11-2017 PM2.5 |   2.95 |   2.95 |   3.60 |   3.00 |I I 
06:27-Thu-May-11-2017 PM10  |   5.72 |   5.43 |  10.15 |   5.48 |I I 
06:27-Thu-May-11-2017 PM2.5 |   3.13 |   2.97 |   3.60 |   3.00 |I I 
06:28-Thu-May-11-2017 PM10  |   4.41 |   5.32 |  10.15 |   5.48 |I I 
06:28-Thu-May-11-2017 PM2.5 |   2.70 |   2.95 |   3.60 |   3.00 |I I 
06:32-Thu-May-11-2017 PM10  |   5.32 |   5.32 |  10.15 |   5.48 |I I 
06:32-Thu-May-11-2017 PM2.5 |   3.15 |   2.96 |   3.60 |   3.00 |I I 
06:33-Thu-May-11-2017 PM10  |   4.93 |   5.29 |  10.15 |   5.48 |I I 
06:33-Thu-May-11-2017 PM2.5 |   2.99 |   2.97 |   3.60 |   3.00 |I I 
06:37-Thu-May-11-2017 PM10  |   8.73 |   5.56 |  10.15 |   5.48 |I I 
06:37-Thu-May-11-2017 PM2.5 |   3.20 |   2.98 |   3.60 |   3.00 |I I 
06:38-Thu-May-11-2017 PM10  |   4.45 |   5.48 |  10.15 |   5.48 |I I 
06:38-Thu-May-11-2017 PM2.5 |   2.72 |   2.97 |   3.60 |   3.00 |I I 
06:42-Thu-May-11-2017 PM10  |   4.86 |   5.44 |  10.15 |   5.48 |I I 
06:42-Thu-May-11-2017 PM2.5 |   2.90 |   2.96 |   3.60 |   3.00 |I I 
06:44-Thu-May-11-2017 PM10  |   5.96 |   5.47 |  10.15 |   5.48 |I I 
06:44-Thu-May-11-2017 PM2.5 |   2.89 |   2.96 |   3.60 |   3.00 |I I 
06:48-Thu-May-11-2017 PM10  |   5.23 |   5.45 |  10.15 |   5.48 |I I 
06:48-Thu-May-11-2017 PM2.5 |   2.94 |   2.96 |   3.60 |   3.00 |I I 
06:49-Thu-May-11-2017 PM10  |   7.78 |   5.58 |  10.15 |   5.48 |I I 
06:49-Thu-May-11-2017 PM2.5 |   3.41 |   2.98 |   3.60 |   3.00 |I I 
06:53-Thu-May-11-2017 PM10  |   7.15 |   5.67 |  10.15 |   5.48 |I I 
06:53-Thu-May-11-2017 PM2.5 |   3.44 |   3.01 |   3.60 |   3.00 |I I 
06:54-Thu-May-11-2017 PM10  |   8.60 |   5.81 |  10.15 |   5.48 |I I 
06:54-Thu-May-11-2017 PM2.5 |   3.20 |   3.02 |   3.60 |   3.00 |I I 
06:58-Thu-May-11-2017 PM10  |  10.29 |   6.03 |  10.15 |   5.48 |I I 
06:58-Thu-May-11-2017 PM2.5 |   3.08 |   3.02 |   3.60 |   3.00 |I I 
06:59-Thu-May-11-2017 PM10  |   7.76 |   6.10 |  10.15 |   5.48 |I I 
06:59-Thu-May-11-2017 PM2.5 |   3.25 |   3.03 |   3.60 |   3.00 |I I 
07:03-Thu-May-11-2017 PM10  |   8.11 |   6.19 |  10.15 |   5.48 |I I 
07:03-Thu-May-11-2017 PM2.5 |   3.51 |   3.05 |   3.60 |   3.00 |I I 
07:04-Thu-May-11-2017 PM10  |  11.42 |  11.42 |  10.15 |   5.48 |I I 
07:04-Thu-May-11-2017 PM2.5 |   2.96 |   2.96 |   3.60 |   3.00 |I I 
07:08-Thu-May-11-2017 PM10  |   8.06 |   9.74 |  10.15 |   5.48 |I I 
07:08-Thu-May-11-2017 PM2.5 |   3.15 |   3.05 |   3.60 |   3.00 |I I 
07:09-Thu-May-11-2017 PM10  |   9.37 |   9.62 |  10.15 |   5.48 |I I 
07:09-Thu-May-11-2017 PM2.5 |   3.12 |   3.08 |   3.60 |   3.00 |I I 
07:13-Thu-May-11-2017 PM10  |   8.14 |   9.25 |  10.15 |   5.48 |I I 
07:13-Thu-May-11-2017 PM2.5 |   3.24 |   3.12 |   3.60 |   3.00 |I I 
07:14-Thu-May-11-2017 PM10  |   9.71 |   9.34 |  10.15 |   5.48 |I I 
07:14-Thu-May-11-2017 PM2.5 |   3.44 |   3.18 |   3.60 |   3.00 |I I 
07:18-Thu-May-11-2017 PM10  |   9.02 |   9.29 |  10.15 |   5.48 |I I 
07:18-Thu-May-11-2017 PM2.5 |   3.53 |   3.24 |   3.60 |   3.00 |I I 
07:19-Thu-May-11-2017 PM10  |   8.42 |   9.16 |  10.15 |   5.48 |I I 
07:19-Thu-May-11-2017 PM2.5 |   3.26 |   3.24 |   3.60 |   3.00 |I I 
07:23-Thu-May-11-2017 PM10  |   8.01 |   9.02 |  10.15 |   5.48 |I I 
07:23-Thu-May-11-2017 PM2.5 |   3.16 |   3.23 |   3.60 |   3.00 |I I 
07:24-Thu-May-11-2017 PM10  |   8.15 |   8.92 |  10.15 |   5.48 |I I 
07:24-Thu-May-11-2017 PM2.5 |   3.40 |   3.25 |   3.60 |   3.00 |I I 
07:28-Thu-May-11-2017 PM10  |   7.67 |   8.80 |  10.15 |   5.48 |I I 
07:28-Thu-May-11-2017 PM2.5 |   3.47 |   3.27 |   3.60 |   3.00 |I I 
07:29-Thu-May-11-2017 PM10  |   7.61 |   8.69 |  10.15 |   5.48 |I I 
07:29-Thu-May-11-2017 PM2.5 |   3.12 |   3.26 |   3.60 |   3.00 |I I 
07:33-Thu-May-11-2017 PM10  |  10.64 |   8.85 |  10.15 |   5.48 |I I 
07:33-Thu-May-11-2017 PM2.5 |   3.50 |   3.28 |   3.60 |   3.00 |I I 
07:34-Thu-May-11-2017 PM10  |   7.57 |   8.75 |  10.15 |   5.48 |I I 
07:34-Thu-May-11-2017 PM2.5 |   3.14 |   3.27 |   3.60 |   3.00 |I I 
07:38-Thu-May-11-2017 PM10  |   7.61 |   8.67 |  10.15 |   5.48 |I I 
07:38-Thu-May-11-2017 PM2.5 |   3.44 |   3.28 |   3.60 |   3.00 |I I 
07:39-Thu-May-11-2017 PM10  |  13.95 |   9.02 |  10.15 |   5.48 |I I 
07:39-Thu-May-11-2017 PM2.5 |   3.67 |   3.31 |   3.60 |   3.00 |I I 
07:43-Thu-May-11-2017 PM10  |  10.84 |   9.14 |  10.15 |   5.48 |I I 
07:43-Thu-May-11-2017 PM2.5 |   3.78 |   3.34 |   3.60 |   3.00 |I I 
07:44-Thu-May-11-2017 PM10  |   8.02 |   9.07 |  10.15 |   5.48 |I I 
07:44-Thu-May-11-2017 PM2.5 |   3.15 |   3.33 |   3.60 |   3.00 |I I 
07:47-Thu-May-11-2017 PM10  |   8.05 |   9.01 |  10.15 |   5.48 |I I 
07:47-Thu-May-11-2017 PM2.5 |   3.16 |   3.32 |   3.60 |   3.00 |I I 
07:48-Thu-May-11-2017 PM10  |   6.52 |   8.88 |  10.15 |   5.48 |I I 
07:48-Thu-May-11-2017 PM2.5 |   3.20 |   3.31 |   3.60 |   3.00 |I I 
07:52-Thu-May-11-2017 PM10  |   9.18 |   8.90 |  10.15 |   5.48 |I I 
07:52-Thu-May-11-2017 PM2.5 |   3.49 |   3.32 |   3.60 |   3.00 |I I 
07:53-Thu-May-11-2017 PM10  |   7.77 |   8.84 |  10.15 |   5.48 |I I 
07:53-Thu-May-11-2017 PM2.5 |   3.27 |   3.32 |   3.60 |   3.00 |I I 
07:57-Thu-May-11-2017 PM10  |   6.93 |   8.76 |  10.15 |   5.48 |I I 
07:57-Thu-May-11-2017 PM2.5 |   3.46 |   3.32 |   3.60 |   3.00 |I I 
07:59-Thu-May-11-2017 PM10  |   7.61 |   8.71 |  10.15 |   5.48 |I I 
07:59-Thu-May-11-2017 PM2.5 |   3.36 |   3.33 |   3.60 |   3.00 |I I 
08:03-Thu-May-11-2017 PM10  |   7.12 |   8.64 |  10.15 |   5.48 |I I 
08:03-Thu-May-11-2017 PM2.5 |   3.58 |   3.34 |   3.60 |   3.00 |I I 
08:04-Thu-May-11-2017 PM10  |   8.92 |   8.92 |  10.15 |   5.48 |I I 
08:04-Thu-May-11-2017 PM2.5 |   3.38 |   3.38 |   3.60 |   3.00 |I I 
08:08-Thu-May-11-2017 PM10  |   6.59 |   7.76 |  10.15 |   5.48 |I I 
08:08-Thu-May-11-2017 PM2.5 |   3.28 |   3.33 |   3.60 |   3.00 |I I 
08:09-Thu-May-11-2017 PM10  |   7.19 |   7.57 |  10.15 |   5.48 |I I 
08:09-Thu-May-11-2017 PM2.5 |   3.38 |   3.35 |   3.60 |   3.00 |I I 
08:13-Thu-May-11-2017 PM10  |   6.44 |   7.29 |  10.15 |   5.48 |I I 
08:13-Thu-May-11-2017 PM2.5 |   3.35 |   3.35 |   3.60 |   3.00 |I I 
08:14-Thu-May-11-2017 PM10  |   8.56 |   7.54 |  10.15 |   5.48 |I I 
08:14-Thu-May-11-2017 PM2.5 |   3.37 |   3.35 |   3.60 |   3.00 |I I 
08:18-Thu-May-11-2017 PM10  |  12.24 |   8.32 |  10.15 |   5.48 |I I 
08:18-Thu-May-11-2017 PM2.5 |   3.76 |   3.42 |   3.60 |   3.00 |I I 
08:19-Thu-May-11-2017 PM10  |   7.53 |   8.21 |  10.15 |   5.48 |I I 
08:19-Thu-May-11-2017 PM2.5 |   3.36 |   3.41 |   3.60 |   3.00 |I I 
08:23-Thu-May-11-2017 PM10  |   7.04 |   8.06 |  10.15 |   5.48 |I I 
08:23-Thu-May-11-2017 PM2.5 |   3.40 |   3.41 |   3.60 |   3.00 |I I 
08:24-Thu-May-11-2017 PM10  |   5.92 |   7.83 |  10.15 |   5.48 |I I 
08:24-Thu-May-11-2017 PM2.5 |   3.31 |   3.40 |   3.60 |   3.00 |I I 
08:28-Thu-May-11-2017 PM10  |   6.18 |   7.66 |  10.15 |   5.48 |I I 
08:28-Thu-May-11-2017 PM2.5 |   3.61 |   3.42 |   3.60 |   3.00 |I I 
08:29-Thu-May-11-2017 PM10  |   5.89 |   7.50 |  10.15 |   5.48 |I I 
08:29-Thu-May-11-2017 PM2.5 |   3.37 |   3.42 |   3.60 |   3.00 |I I 
08:33-Thu-May-11-2017 PM10  |   6.55 |   7.42 |  10.15 |   5.48 |I I 
08:33-Thu-May-11-2017 PM2.5 |   3.31 |   3.41 |   3.60 |   3.00 |I I 
08:34-Thu-May-11-2017 PM10  |   5.61 |   7.28 |  10.15 |   5.48 |I I 
08:34-Thu-May-11-2017 PM2.5 |   3.46 |   3.41 |   3.60 |   3.00 |I I 
08:38-Thu-May-11-2017 PM10  |   7.89 |   7.32 |  10.15 |   5.48 |I I 
08:38-Thu-May-11-2017 PM2.5 |   3.63 |   3.43 |   3.60 |   3.00 |I I 
08:39-Thu-May-11-2017 PM10  |   5.20 |   7.18 |  10.15 |   5.48 |I I 
08:39-Thu-May-11-2017 PM2.5 |   3.25 |   3.41 |   3.60 |   3.00 |I I 
08:43-Thu-May-11-2017 PM10  |   7.23 |   7.18 |  10.15 |   5.48 |I I 
08:43-Thu-May-11-2017 PM2.5 |   3.37 |   3.41 |   3.60 |   3.00 |I I 
08:44-Thu-May-11-2017Timeout Event handler
08:44-Thu-May-11-2017 PM10  |   7.97 |   7.23 |  10.15 |   5.48 |B I 
08:44-Thu-May-11-2017 PM2.5 |   3.42 |   3.41 |   3.60 |   3.00 |B I 
08:48-Thu-May-11-2017recover dati per host :salvatorehost.no-ip.org/aria
08:48-Thu-May-11-2017 PM10  |   8.32 |   7.29 |  10.15 |   5.48 |I I 
08:48-Thu-May-11-2017 PM2.5 |   3.46 |   3.42 |   3.60 |   3.00 |I I 
08:49-Thu-May-11-2017 PM10  |   7.86 |   7.32 |  10.15 |   5.48 |I I 
08:49-Thu-May-11-2017 PM2.5 |   3.24 |   3.41 |   3.60 |   3.00 |I I 
08:53-Thu-May-11-2017 PM10  |   8.04 |   7.36 |  10.15 |   5.48 |I I 
08:53-Thu-May-11-2017 PM2.5 |   3.63 |   3.42 |   3.60 |   3.00 |I I 
08:54-Thu-May-11-2017 PM10  |   9.77 |   7.47 |  10.15 |   5.48 |I I 
08:54-Thu-May-11-2017 PM2.5 |   3.49 |   3.42 |   3.60 |   3.00 |I I 
08:58-Thu-May-11-2017 PM10  |   9.08 |   7.55 |  10.15 |   5.48 |I I 
08:58-Thu-May-11-2017 PM2.5 |   3.92 |   3.44 |   3.60 |   3.00 |I I 
09:02-Thu-May-11-2017 PM10  |  11.68 |   7.73 |  10.15 |   5.48 |I I 
09:02-Thu-May-11-2017 PM2.5 |   4.70 |   3.50 |   3.60 |   3.00 |I I 
09:03-Thu-May-11-2017 PM10  |   8.69 |   8.69 |  10.15 |   5.48 |I I 
09:03-Thu-May-11-2017 PM2.5 |   3.89 |   3.89 |   3.60 |   3.00 |I I 
09:07-Thu-May-11-2017 PM10  |  11.23 |   9.96 |  10.15 |   5.48 |I I 
09:07-Thu-May-11-2017 PM2.5 |   4.46 |   4.17 |   3.60 |   3.00 |I I 
09:08-Thu-May-11-2017 PM10  |  12.86 |  10.93 |  10.15 |   5.48 |I I 
09:08-Thu-May-11-2017 PM2.5 |   3.79 |   4.04 |   3.60 |   3.00 |I I 
09:13-Thu-May-11-2017 PM10  |  10.50 |  10.82 |  10.15 |   5.48 |I I 
09:13-Thu-May-11-2017 PM2.5 |   4.30 |   4.11 |   3.60 |   3.00 |I I 
09:14-Thu-May-11-2017 PM10  |  11.77 |  11.01 |  10.15 |   5.48 |I I 
09:14-Thu-May-11-2017 PM2.5 |   4.47 |   4.18 |   3.60 |   3.00 |I I 
09:18-Thu-May-11-2017 PM10  |  11.73 |  11.13 |  10.15 |   5.48 |I I 
09:18-Thu-May-11-2017 PM2.5 |   4.56 |   4.24 |   3.60 |   3.00 |I I 
09:19-Thu-May-11-2017 PM10  |   9.52 |  10.90 |  10.15 |   5.48 |I I 
09:19-Thu-May-11-2017 PM2.5 |   4.51 |   4.28 |   3.60 |   3.00 |I I 
09:23-Thu-May-11-2017 PM10  |  10.37 |  10.84 |  10.15 |   5.48 |I I 
09:23-Thu-May-11-2017 PM2.5 |   4.71 |   4.33 |   3.60 |   3.00 |I I 
09:24-Thu-May-11-2017 PM10  |  12.37 |  11.01 |  10.15 |   5.48 |I I 
09:24-Thu-May-11-2017 PM2.5 |   4.44 |   4.35 |   3.60 |   3.00 |I I 
09:28-Thu-May-11-2017 PM10  |  15.37 |  11.44 |  10.15 |   5.48 |I I 
09:28-Thu-May-11-2017 PM2.5 |   4.39 |   4.35 |   3.60 |   3.00 |I I 
09:29-Thu-May-11-2017Timeout Event handler
09:29-Thu-May-11-2017 PM10  |   8.49 |  11.17 |  10.15 |   5.48 |B I 
09:29-Thu-May-11-2017 PM2.5 |   4.17 |   4.33 |   3.60 |   3.00 |B I 
09:33-Thu-May-11-2017recover dati per host :salvatorehost.no-ip.org/aria
09:33-Thu-May-11-2017 PM10  |  12.29 |  11.27 |  10.15 |   5.48 |I I 
09:33-Thu-May-11-2017 PM2.5 |   4.66 |   4.36 |   3.60 |   3.00 |I I 
09:34-Thu-May-11-2017 PM10  |  14.28 |  11.50 |  10.15 |   5.48 |I I 
09:34-Thu-May-11-2017 PM2.5 |   4.60 |   4.38 |   3.60 |   3.00 |I I 
09:38-Thu-May-11-2017 PM10  |  11.30 |  11.48 |  10.15 |   5.48 |I I 
09:38-Thu-May-11-2017 PM2.5 |   4.61 |   4.40 |   3.60 |   3.00 |I I 
09:39-Thu-May-11-2017 PM10  |  15.98 |  11.78 |  10.15 |   5.48 |I I 
09:39-Thu-May-11-2017 PM2.5 |   4.61 |   4.41 |   3.60 |   3.00 |I I 
09:43-Thu-May-11-2017 PM10  |  16.46 |  12.08 |  10.15 |   5.48 |I I 
09:43-Thu-May-11-2017 PM2.5 |   4.65 |   4.43 |   3.60 |   3.00 |I I 
09:44-Thu-May-11-2017 PM10  |  13.85 |  12.18 |  10.15 |   5.48 |I I 
09:44-Thu-May-11-2017 PM2.5 |   3.94 |   4.40 |   3.60 |   3.00 |I I 
09:48-Thu-May-11-2017 PM10  |   9.90 |  12.05 |  10.15 |   5.48 |I I 
09:48-Thu-May-11-2017 PM2.5 |   4.46 |   4.40 |   3.60 |   3.00 |I I 
09:49-Thu-May-11-2017 PM10  |  14.51 |  12.18 |  10.15 |   5.48 |I I 
09:49-Thu-May-11-2017 PM2.5 |   4.03 |   4.38 |   3.60 |   3.00 |I I 
09:53-Thu-May-11-2017 PM10  |  14.29 |  12.29 |  10.15 |   5.48 |I I 
09:53-Thu-May-11-2017 PM2.5 |   4.62 |   4.39 |   3.60 |   3.00 |I I 
09:54-Thu-May-11-2017 PM10  |   8.58 |  12.11 |  10.15 |   5.48 |I I 
09:54-Thu-May-11-2017 PM2.5 |   4.35 |   4.39 |   3.60 |   3.00 |I I 
09:58-Thu-May-11-2017 PM10  |  11.51 |  12.08 |  10.15 |   5.48 |I I 
09:58-Thu-May-11-2017 PM2.5 |   4.60 |   4.40 |   3.60 |   3.00 |I I 
09:59-Thu-May-11-2017 PM10  |  12.62 |  12.11 |  10.15 |   5.48 |I I 
09:59-Thu-May-11-2017 PM2.5 |   4.09 |   4.39 |   3.60 |   3.00 |I I 
10:03-Thu-May-11-2017 PM10  |  11.49 |  12.08 |  12.08 |   5.48 |I I 
10:03-Thu-May-11-2017 PM2.5 |   4.04 |   4.37 |   4.37 |   3.00 |I I 
10:04-Thu-May-11-2017 PM10  |  11.83 |  11.83 |  12.08 |   5.48 |I I 
10:04-Thu-May-11-2017 PM2.5 |   4.16 |   4.16 |   4.37 |   3.00 |I I 
10:08-Thu-May-11-2017 PM10  |  11.59 |  11.71 |  12.08 |   5.48 |I I 
10:08-Thu-May-11-2017 PM2.5 |   4.23 |   4.20 |   4.37 |   3.00 |I I 
10:09-Thu-May-11-2017 PM10  |   7.42 |  10.28 |  12.08 |   5.48 |I I 
10:09-Thu-May-11-2017 PM2.5 |   3.82 |   4.07 |   4.37 |   3.00 |I I 
10:13-Thu-May-11-2017 PM10  |  10.25 |  10.27 |  12.08 |   5.48 |I I 
10:13-Thu-May-11-2017 PM2.5 |   3.90 |   4.03 |   4.37 |   3.00 |I I 
10:14-Thu-May-11-2017 PM10  |   9.28 |  10.08 |  12.08 |   5.48 |I I 
10:14-Thu-May-11-2017 PM2.5 |   4.02 |   4.03 |   4.37 |   3.00 |I I 
10:18-Thu-May-11-2017 PM10  |   8.07 |   9.74 |  12.08 |   5.48 |I I 
10:18-Thu-May-11-2017 PM2.5 |   4.11 |   4.04 |   4.37 |   3.00 |I I 
10:23-Thu-May-11-2017 PM10  |   9.44 |   9.70 |  12.08 |   5.48 |I I 
10:23-Thu-May-11-2017 PM2.5 |   4.27 |   4.07 |   4.37 |   3.00 |I I 
10:24-Thu-May-11-2017 PM10  |   7.12 |   9.38 |  12.08 |   5.48 |I I 
10:24-Thu-May-11-2017 PM2.5 |   3.62 |   4.01 |   4.37 |   3.00 |I I 
10:28-Thu-May-11-2017 PM10  |   7.44 |   9.16 |  12.08 |   5.48 |I I 
10:28-Thu-May-11-2017 PM2.5 |   4.01 |   4.01 |   4.37 |   3.00 |I I 
10:29-Thu-May-11-2017 PM10  |  10.50 |   9.30 |  12.08 |   5.48 |I I 
10:29-Thu-May-11-2017 PM2.5 |   4.18 |   4.03 |   4.37 |   3.00 |I I 
10:33-Thu-May-11-2017 PM10  |   7.84 |   9.16 |  12.08 |   5.48 |I I 
10:33-Thu-May-11-2017 PM2.5 |   3.92 |   4.02 |   4.37 |   3.00 |I I 
10:34-Thu-May-11-2017 PM10  |   8.97 |   9.15 |  12.08 |   5.48 |I I 
10:34-Thu-May-11-2017 PM2.5 |   3.90 |   4.01 |   4.37 |   3.00 |I I 
10:38-Thu-May-11-2017 PM10  |   8.76 |   9.12 |  12.08 |   5.48 |I I 
10:38-Thu-May-11-2017 PM2.5 |   3.98 |   4.01 |   4.37 |   3.00 |I I 
10:39-Thu-May-11-2017 PM10  |  10.27 |   9.20 |  12.08 |   5.48 |I I 
10:39-Thu-May-11-2017 PM2.5 |   3.84 |   4.00 |   4.37 |   3.00 |I I 
10:43-Thu-May-11-2017 PM10  |   8.69 |   9.17 |  12.08 |   5.48 |I I 
10:43-Thu-May-11-2017 PM2.5 |   3.94 |   3.99 |   4.37 |   3.00 |I I 
10:44-Thu-May-11-2017 PM10  |   8.27 |   9.11 |  12.08 |   5.48 |I I 
10:44-Thu-May-11-2017 PM2.5 |   3.95 |   3.99 |   4.37 |   3.00 |I I 
10:48-Thu-May-11-2017Timeout Event handler
10:48-Thu-May-11-2017 PM10  |   8.96 |   9.10 |  12.08 |   5.48 |B I 
10:48-Thu-May-11-2017 PM2.5 |   4.06 |   3.99 |   4.37 |   3.00 |B I 
10:49-Thu-May-11-2017recover dati per host :salvatorehost.no-ip.org/aria
10:49-Thu-May-11-2017 PM10  |   7.36 |   9.00 |  12.08 |   5.48 |I I 
10:49-Thu-May-11-2017 PM2.5 |   3.92 |   3.99 |   4.37 |   3.00 |I I 
10:53-Thu-May-11-2017 PM10  |  10.16 |   9.06 |  12.08 |   5.48 |I I 
10:53-Thu-May-11-2017 PM2.5 |   4.14 |   4.00 |   4.37 |   3.00 |I I 
10:54-Thu-May-11-2017 PM10  |   6.34 |   8.93 |  12.08 |   5.48 |I I 
10:54-Thu-May-11-2017 PM2.5 |   3.50 |   3.97 |   4.37 |   3.00 |I I 
10:58-Thu-May-11-2017 PM10  |   7.59 |   8.86 |  12.08 |   5.48 |I I 
10:58-Thu-May-11-2017 PM2.5 |   3.76 |   3.96 |   4.37 |   3.00 |I I 
10:59-Thu-May-11-2017 PM10  |   8.44 |   8.85 |  12.08 |   5.48 |I I 
10:59-Thu-May-11-2017 PM2.5 |   3.84 |   3.96 |   4.37 |   3.00 |I I 
11:03-Thu-May-11-2017 PM10  |   7.60 |   8.79 |  12.08 |   5.48 |I I 
11:03-Thu-May-11-2017 PM2.5 |   3.85 |   3.95 |   4.37 |   3.00 |I I 
11:04-Thu-May-11-2017 PM10  |   8.00 |   8.00 |  12.08 |   5.48 |I I 
11:04-Thu-May-11-2017 PM2.5 |   3.97 |   3.97 |   4.37 |   3.00 |I I 
11:08-Thu-May-11-2017 PM10  |   9.72 |   8.86 |  12.08 |   5.48 |I I 
11:08-Thu-May-11-2017 PM2.5 |   4.37 |   4.17 |   4.37 |   3.00 |I I 
11:09-Thu-May-11-2017 PM10  |   9.35 |   9.02 |  12.08 |   5.48 |I I 
11:09-Thu-May-11-2017 PM2.5 |   3.92 |   4.08 |   4.37 |   3.00 |I I 
11:13-Thu-May-11-2017 PM10  |   8.96 |   9.01 |  12.08 |   5.48 |I I 
11:13-Thu-May-11-2017 PM2.5 |   3.98 |   4.06 |   4.37 |   3.00 |I I 
11:14-Thu-May-11-2017 PM10  |   6.92 |   8.59 |  12.08 |   5.48 |I I 
11:14-Thu-May-11-2017 PM2.5 |   3.87 |   4.02 |   4.37 |   3.00 |I I 
11:18-Thu-May-11-2017 PM10  |   9.02 |   8.66 |  12.08 |   5.48 |I I 
11:18-Thu-May-11-2017 PM2.5 |   4.17 |   4.05 |   4.37 |   3.00 |I I 
11:19-Thu-May-11-2017 PM10  |  10.08 |   8.86 |  12.08 |   5.48 |I I 
11:19-Thu-May-11-2017 PM2.5 |   4.15 |   4.06 |   4.37 |   3.00 |I I 
11:23-Thu-May-11-2017 PM10  |   8.94 |   8.87 |  12.08 |   5.48 |I I 
11:23-Thu-May-11-2017 PM2.5 |   4.06 |   4.06 |   4.37 |   3.00 |I I 
11:24-Thu-May-11-2017 PM10  |   8.95 |   8.88 |  12.08 |   5.48 |I I 
11:24-Thu-May-11-2017 PM2.5 |   3.68 |   4.02 |   4.37 |   3.00 |I I 
11:28-Thu-May-11-2017 PM10  |   9.91 |   8.99 |  12.08 |   5.48 |I I 
11:28-Thu-May-11-2017 PM2.5 |   4.06 |   4.02 |   4.37 |   3.00 |I I 
11:29-Thu-May-11-2017 PM10  |   6.81 |   8.79 |  12.08 |   5.48 |I I 
11:29-Thu-May-11-2017 PM2.5 |   3.67 |   3.99 |   4.37 |   3.00 |I I 
11:33-Thu-May-11-2017 PM10  |   7.46 |   8.68 |  12.08 |   5.48 |I I 
11:33-Thu-May-11-2017 PM2.5 |   3.84 |   3.98 |   4.37 |   3.00 |I I 
11:34-Thu-May-11-2017 PM10  |   7.85 |   8.61 |  12.08 |   5.48 |I I 
11:34-Thu-May-11-2017 PM2.5 |   3.60 |   3.95 |   4.37 |   3.00 |I I 
11:39-Thu-May-11-2017 PM10  |   7.82 |   8.56 |  12.08 |   5.48 |I I 
11:39-Thu-May-11-2017 PM2.5 |   3.80 |   3.94 |   4.37 |   3.00 |I I 
11:43-Thu-May-11-2017 PM10  |   7.50 |   8.49 |  12.08 |   5.48 |I I 
11:43-Thu-May-11-2017 PM2.5 |   3.84 |   3.93 |   4.37 |   3.00 |I I 
11:44-Thu-May-11-2017 PM10  |   6.03 |   8.33 |  12.08 |   5.48 |I I 
11:44-Thu-May-11-2017 PM2.5 |   3.52 |   3.90 |   4.37 |   3.00 |I I 
11:48-Thu-May-11-2017 PM10  |   7.98 |   8.31 |  12.08 |   5.48 |I I 
11:48-Thu-May-11-2017 PM2.5 |   3.64 |   3.89 |   4.37 |   3.00 |I I 
11:49-Thu-May-11-2017 PM10  |   5.63 |   8.16 |  12.08 |   5.48 |I I 
11:49-Thu-May-11-2017 PM2.5 |   3.35 |   3.86 |   4.37 |   3.00 |I I 
11:53-Thu-May-11-2017 PM10  |   6.32 |   8.07 |  12.08 |   5.48 |I I 
11:53-Thu-May-11-2017 PM2.5 |   3.58 |   3.84 |   4.37 |   3.00 |I I 
11:54-Thu-May-11-2017 PM10  |   6.22 |   7.97 |  12.08 |   5.48 |I I 
11:54-Thu-May-11-2017 PM2.5 |   3.66 |   3.84 |   4.37 |   3.00 |I I 
11:58-Thu-May-11-2017 PM10  |   6.60 |   7.91 |  12.08 |   5.48 |I I 
11:58-Thu-May-11-2017 PM2.5 |   3.58 |   3.82 |   4.37 |   3.00 |I I 
11:59-Thu-May-11-2017 PM10  |   7.47 |   7.89 |  12.08 |   5.48 |I I 
11:59-Thu-May-11-2017 PM2.5 |   3.61 |   3.81 |   4.37 |   3.00 |I I 
12:03-Thu-May-11-2017 PM10  |   7.10 |   7.85 |  12.08 |   5.48 |I I 
12:03-Thu-May-11-2017 PM2.5 |   3.59 |   3.80 |   4.37 |   3.00 |I I 
12:04-Thu-May-11-2017 PM10  |   6.52 |   6.52 |  12.08 |   5.48 |I I 
12:04-Thu-May-11-2017 PM2.5 |   3.16 |   3.16 |   4.37 |   3.00 |I I 
12:08-Thu-May-11-2017 PM10  |   6.77 |   6.64 |  12.08 |   5.48 |I I 
12:08-Thu-May-11-2017 PM2.5 |   3.87 |   3.51 |   4.37 |   3.00 |I I 
12:09-Thu-May-11-2017 PM10  |   8.63 |   7.31 |  12.08 |   5.48 |I I 
12:09-Thu-May-11-2017 PM2.5 |   3.39 |   3.47 |   4.37 |   3.00 |I I 
12:13-Thu-May-11-2017 PM10  |   7.99 |   7.48 |  12.08 |   5.48 |I I 
12:13-Thu-May-11-2017 PM2.5 |   3.58 |   3.50 |   4.37 |   3.00 |I I 
12:14-Thu-May-11-2017 PM10  |   6.04 |   7.19 |  12.08 |   5.48 |I I 
12:14-Thu-May-11-2017 PM2.5 |   3.65 |   3.53 |   4.37 |   3.00 |I I 
12:18-Thu-May-11-2017 PM10  |   5.82 |   6.96 |  12.08 |   5.48 |I I 
12:18-Thu-May-11-2017 PM2.5 |   3.41 |   3.51 |   4.37 |   3.00 |I I 
12:19-Thu-May-11-2017 PM10  |   6.92 |   6.96 |  12.08 |   5.48 |I I 
12:19-Thu-May-11-2017 PM2.5 |   3.53 |   3.51 |   4.37 |   3.00 |I I 
12:23-Thu-May-11-2017 PM10  |   6.52 |   6.90 |  12.08 |   5.48 |I I 
12:23-Thu-May-11-2017 PM2.5 |   3.63 |   3.53 |   4.37 |   3.00 |I I 
12:24-Thu-May-11-2017 PM10  |   6.45 |   6.85 |  12.08 |   5.48 |I I 
12:24-Thu-May-11-2017 PM2.5 |   3.43 |   3.52 |   4.37 |   3.00 |I I 
12:28-Thu-May-11-2017 PM10  |   8.36 |   7.00 |  12.08 |   5.48 |I I 
12:28-Thu-May-11-2017 PM2.5 |   3.58 |   3.52 |   4.37 |   3.00 |I I 
12:29-Thu-May-11-2017 PM10  |   7.45 |   7.04 |  12.08 |   5.48 |I I 
12:29-Thu-May-11-2017 PM2.5 |   3.41 |   3.51 |   4.37 |   3.00 |I I 
12:33-Thu-May-11-2017 PM10  |   5.93 |   6.95 |  12.08 |   5.48 |I I 
12:33-Thu-May-11-2017 PM2.5 |   3.64 |   3.52 |   4.37 |   3.00 |I I 
12:34-Thu-May-11-2017 PM10  |   5.72 |   6.86 |  12.08 |   5.48 |I I 
12:34-Thu-May-11-2017 PM2.5 |   3.27 |   3.50 |   4.37 |   3.00 |I I 
12:38-Thu-May-11-2017 PM10  |   5.87 |   6.78 |  12.08 |   5.48 |I I 
12:38-Thu-May-11-2017 PM2.5 |   3.44 |   3.50 |   4.37 |   3.00 |I I 
12:39-Thu-May-11-2017 PM10  |   6.35 |   6.76 |  12.08 |   5.48 |I I 
12:39-Thu-May-11-2017 PM2.5 |   3.52 |   3.50 |   4.37 |   3.00 |I I 
12:43-Thu-May-11-2017 PM10  |   6.96 |   6.77 |  12.08 |   5.48 |I I 
12:43-Thu-May-11-2017 PM2.5 |   3.70 |   3.51 |   4.37 |   3.00 |I I 
12:44-Thu-May-11-2017 PM10  |   5.26 |   6.68 |  12.08 |   5.48 |I I 
12:44-Thu-May-11-2017 PM2.5 |   3.39 |   3.51 |   4.37 |   3.00 |I I 
12:48-Thu-May-11-2017 PM10  |   5.49 |   6.61 |  12.08 |   5.48 |I I 
12:48-Thu-May-11-2017 PM2.5 |   3.37 |   3.50 |   4.37 |   3.00 |I I 
12:49-Thu-May-11-2017 PM10  |   4.24 |   6.49 |  12.08 |   5.48 |I I 
12:49-Thu-May-11-2017 PM2.5 |   3.15 |   3.48 |   4.37 |   3.00 |I I 
12:53-Thu-May-11-2017 PM10  |   5.60 |   6.44 |  12.08 |   5.48 |I I 
12:53-Thu-May-11-2017 PM2.5 |   3.37 |   3.47 |   4.37 |   3.00 |I I 
12:54-Thu-May-11-2017 PM10  |   6.83 |   6.46 |  12.08 |   5.48 |I I 
12:54-Thu-May-11-2017 PM2.5 |   3.39 |   3.47 |   4.37 |   3.00 |I I 
12:58-Thu-May-11-2017 PM10  |   6.18 |   6.45 |  12.08 |   5.48 |I I 
12:58-Thu-May-11-2017 PM2.5 |   3.57 |   3.48 |   4.37 |   3.00 |I I 
12:59-Thu-May-11-2017 PM10  |   6.43 |   6.45 |  12.08 |   5.48 |I I 
12:59-Thu-May-11-2017 PM2.5 |   3.29 |   3.47 |   4.37 |   3.00 |I I 
13:03-Thu-May-11-2017 PM10  |   5.23 |   6.40 |  12.08 |   5.48 |I I 
13:03-Thu-May-11-2017 PM2.5 |   3.28 |   3.46 |   4.37 |   3.00 |I I 
13:04-Thu-May-11-2017 PM10  |   6.88 |   6.88 |  12.08 |   5.48 |I I 
13:04-Thu-May-11-2017 PM2.5 |   3.44 |   3.44 |   4.37 |   3.00 |I I 
13:08-Thu-May-11-2017 PM10  |   5.22 |   6.05 |  12.08 |   5.48 |I I 
13:08-Thu-May-11-2017 PM2.5 |   3.28 |   3.36 |   4.37 |   3.00 |I I 
13:10-Thu-May-11-2017 PM10  |   5.92 |   6.01 |  12.08 |   5.48 |I I 
13:10-Thu-May-11-2017 PM2.5 |   3.14 |   3.29 |   4.37 |   3.00 |I I 
13:14-Thu-May-11-2017 PM10  |   6.56 |   6.15 |  12.08 |   5.48 |I I 
13:14-Thu-May-11-2017 PM2.5 |   3.47 |   3.33 |   4.37 |   3.00 |I I 
13:15-Thu-May-11-2017 PM10  |   6.17 |   6.15 |  12.08 |   5.48 |I I 
13:15-Thu-May-11-2017 PM2.5 |   3.26 |   3.32 |   4.37 |   3.00 |I I 
13:19-Thu-May-11-2017 PM10  |   5.91 |   6.11 |  12.08 |   5.48 |I I 
13:19-Thu-May-11-2017 PM2.5 |   3.40 |   3.33 |   4.37 |   3.00 |I I 
13:20-Thu-May-11-2017 PM10  |   6.61 |   6.18 |  12.08 |   5.48 |I I 
13:20-Thu-May-11-2017 PM2.5 |   3.37 |   3.34 |   4.37 |   3.00 |I I 
13:23-Thu-May-11-2017 PM10  |   5.28 |   6.07 |  12.08 |   5.48 |I I 
13:23-Thu-May-11-2017 PM2.5 |   3.36 |   3.34 |   4.37 |   3.00 |I I 
13:24-Thu-May-11-2017 PM10  |   5.49 |   6.01 |  12.08 |   5.48 |B I 
13:24-Thu-May-11-2017 PM2.5 |   3.14 |   3.32 |   4.37 |   3.00 |B I 
13:28-Thu-May-11-2017recover dati per host :salvatorehost.no-ip.org/aria
13:28-Thu-May-11-2017 PM10  |   6.09 |   6.01 |  12.08 |   5.48 |I I 
13:28-Thu-May-11-2017 PM2.5 |   3.19 |   3.30 |   4.37 |   3.00 |I I 
13:29-Thu-May-11-2017Timeout Event handler
13:29-Thu-May-11-2017 PM10  |   3.96 |   5.83 |  12.08 |   5.48 |B I 
13:29-Thu-May-11-2017 PM2.5 |   2.98 |   3.27 |   4.37 |   3.00 |B I 
13:33-Thu-May-11-2017recover dati per host :salvatorehost.no-ip.org/aria
13:33-Thu-May-11-2017 PM10  |   5.13 |   5.77 |  12.08 |   5.48 |I I 
13:33-Thu-May-11-2017 PM2.5 |   3.34 |   3.28 |   4.37 |   3.00 |I I 
13:34-Thu-May-11-2017 PM10  |   5.09 |   5.72 |  12.08 |   5.48 |I I 
13:34-Thu-May-11-2017 PM2.5 |   3.03 |   3.26 |   4.37 |   3.00 |I I 
13:38-Thu-May-11-2017 PM10  |   5.00 |   5.67 |  12.08 |   5.48 |I I 
13:38-Thu-May-11-2017 PM2.5 |   3.33 |   3.27 |   4.37 |   3.00 |I I 
13:39-Thu-May-11-2017Timeout Event handler
13:39-Thu-May-11-2017 PM10  |   5.81 |   5.68 |  12.08 |   5.48 |B I 
13:39-Thu-May-11-2017 PM2.5 |   2.99 |   3.25 |   4.37 |   3.00 |B I 
13:43-Thu-May-11-2017recover dati per host :salvatorehost.no-ip.org/aria
13:43-Thu-May-11-2017 PM10  |   5.99 |   5.69 |  12.08 |   5.48 |I I 
13:43-Thu-May-11-2017 PM2.5 |   3.21 |   3.25 |   4.37 |   3.00 |I I 
13:44-Thu-May-11-2017 PM10  |   4.51 |   5.63 |  12.08 |   5.48 |I I 
13:44-Thu-May-11-2017 PM2.5 |   2.96 |   3.23 |   4.37 |   3.00 |I I 
13:48-Thu-May-11-2017 PM10  |   5.18 |   5.60 |  12.08 |   5.48 |I I 
13:48-Thu-May-11-2017 PM2.5 |   3.19 |   3.23 |   4.37 |   3.00 |I I 
13:49-Thu-May-11-2017 PM10  |   5.60 |   5.60 |  12.08 |   5.48 |I I 
13:49-Thu-May-11-2017 PM2.5 |   3.19 |   3.22 |   4.37 |   3.00 |I I 
13:53-Thu-May-11-2017 PM10  |   5.72 |   5.61 |  12.08 |   5.48 |I I 
13:53-Thu-May-11-2017 PM2.5 |   3.37 |   3.23 |   4.37 |   3.00 |I I 
13:54-Thu-May-11-2017 PM10  |   4.77 |   5.57 |  12.08 |   5.48 |I I 
13:54-Thu-May-11-2017 PM2.5 |   3.00 |   3.22 |   4.37 |   3.00 |I I 
13:58-Thu-May-11-2017 PM10  |   5.44 |   5.56 |  12.08 |   5.48 |I I 
13:58-Thu-May-11-2017 PM2.5 |   3.31 |   3.23 |   4.37 |   3.00 |I I 
13:59-Thu-May-11-2017 PM10  |   6.97 |   5.62 |  12.08 |   5.48 |I I 
13:59-Thu-May-11-2017 PM2.5 |   3.47 |   3.24 |   4.37 |   3.00 |I I 
14:03-Thu-May-11-2017Timeout Event handler
14:03-Thu-May-11-2017 PM10  |   6.31 |   5.65 |  12.08 |   5.48 |B B 
14:03-Thu-May-11-2017 PM2.5 |   3.56 |   3.25 |   4.37 |   3.00 |B B 
14:04-Thu-May-11-2017 PM10  |   6.37 |   6.37 |  12.08 |   5.48 |B B 
14:04-Thu-May-11-2017 PM2.5 |   3.27 |   3.27 |   4.37 |   3.00 |B B 
14:09-Thu-May-11-2017Timeout Event handler
14:09-Thu-May-11-2017 PM10  |   5.65 |   6.01 |  12.08 |   5.48 |B B 
14:09-Thu-May-11-2017 PM2.5 |   3.21 |   3.24 |   4.37 |   3.00 |B B 
14:13-Thu-May-11-2017 PM10  |   5.67 |   5.89 |  12.08 |   5.48 |B B 
14:13-Thu-May-11-2017 PM2.5 |   3.13 |   3.20 |   4.37 |   3.00 |B B 
14:14-Thu-May-11-2017 PM10  |   5.67 |   5.84 |  12.08 |   5.48 |B B 
14:14-Thu-May-11-2017 PM2.5 |   3.45 |   3.26 |   4.37 |   3.00 |B B 
14:18-Thu-May-11-2017Timeout Event handler
14:18-Thu-May-11-2017 PM10  |   5.31 |   5.73 |  12.08 |   5.48 |B B 
14:18-Thu-May-11-2017 PM2.5 |   3.32 |   3.28 |   4.37 |   3.00 |B B 
14:19-Thu-May-11-2017recover dati per host :salvatorehost.no-ip.org/aria
14:19-Thu-May-11-2017recover dati per host :92.223.147.77/nodered
14:19-Thu-May-11-2017 PM10  |   5.08 |   5.62 |  12.08 |   5.48 |I I 
14:19-Thu-May-11-2017 PM2.5 |   3.00 |   3.23 |   4.37 |   3.00 |I I 
14:23-Thu-May-11-2017 PM10  |   4.45 |   5.46 |  12.08 |   5.48 |I I 
14:23-Thu-May-11-2017 PM2.5 |   2.99 |   3.19 |   4.37 |   3.00 |I I 
14:24-Thu-May-11-2017 PM10  |   5.82 |   5.50 |  12.08 |   5.48 |B B 
14:24-Thu-May-11-2017 PM2.5 |   3.10 |   3.18 |   4.37 |   3.00 |B B 
14:28-Thu-May-11-2017 PM10  |   5.86 |   5.54 |  12.08 |   5.48 |B B 
14:28-Thu-May-11-2017 PM2.5 |   3.13 |   3.18 |   4.37 |   3.00 |B B 
14:29-Thu-May-11-2017recover dati per host :salvatorehost.no-ip.org/aria
14:29-Thu-May-11-2017recover dati per host :92.223.147.77/nodered
14:29-Thu-May-11-2017 PM10  |   4.85 |   5.47 |  12.08 |   5.48 |I I 
14:29-Thu-May-11-2017 PM2.5 |   3.03 |   3.16 |   4.37 |   3.00 |I I 
14:33-Thu-May-11-2017 PM10  |   5.49 |   5.47 |  12.08 |   5.48 |I I 
14:33-Thu-May-11-2017 PM2.5 |   3.10 |   3.16 |   4.37 |   3.00 |I I 
14:34-Thu-May-11-2017 PM10  |   4.12 |   5.36 |  12.08 |   5.48 |I I 
14:34-Thu-May-11-2017 PM2.5 |   2.83 |   3.13 |   4.37 |   3.00 |I I 
14:38-Thu-May-11-2017 PM10  |   4.74 |   5.31 |  12.08 |   5.48 |I I 
14:38-Thu-May-11-2017 PM2.5 |   3.05 |   3.12 |   4.37 |   3.00 |I I 
14:39-Thu-May-11-2017 PM10  |   4.19 |   5.23 |  12.08 |   5.48 |I I 
14:39-Thu-May-11-2017 PM2.5 |   2.70 |   3.09 |   4.37 |   3.00 |I I 
14:43-Thu-May-11-2017 PM10  |   4.46 |   5.18 |  12.08 |   5.48 |I I 
14:43-Thu-May-11-2017 PM2.5 |   2.96 |   3.08 |   4.37 |   3.00 |I I 
14:44-Thu-May-11-2017Timeout Event handler
14:45-Thu-May-11-2017 PM10  |   5.21 |   5.18 |  12.08 |   5.48 |B B 
14:45-Thu-May-11-2017 PM2.5 |   2.98 |   3.08 |   4.37 |   3.00 |B B 
14:49-Thu-May-11-2017recover dati per host :salvatorehost.no-ip.org/aria
14:49-Thu-May-11-2017recover dati per host :92.223.147.77/nodered
14:49-Thu-May-11-2017 PM10  |   6.01 |   5.23 |  12.08 |   5.48 |I I 
14:49-Thu-May-11-2017 PM2.5 |   3.03 |   3.07 |   4.37 |   3.00 |I I 
14:50-Thu-May-11-2017 PM10  |   4.61 |   5.20 |  12.08 |   5.48 |B B 
14:50-Thu-May-11-2017 PM2.5 |   2.89 |   3.06 |   4.37 |   3.00 |B B 
14:54-Thu-May-11-2017recover dati per host :salvatorehost.no-ip.org/aria
14:54-Thu-May-11-2017recover dati per host :92.223.147.77/nodered
14:54-Thu-May-11-2017 PM10  |   4.02 |   5.14 |  12.08 |   5.48 |I I 
14:54-Thu-May-11-2017 PM2.5 |   2.90 |   3.06 |   4.37 |   3.00 |I I 
14:58-Thu-May-11-2017 PM10  |   4.79 |   5.12 |  12.08 |   5.48 |I I 
14:58-Thu-May-11-2017 PM2.5 |   3.29 |   3.07 |   4.37 |   3.00 |I I 
14:59-Thu-May-11-2017 PM10  |   4.06 |   5.07 |  12.08 |   5.48 |I I 
14:59-Thu-May-11-2017 PM2.5 |   2.56 |   3.04 |   4.37 |   3.00 |I I 
15:03-Thu-May-11-2017 PM10  |   4.81 |   5.06 |  12.08 |   5.06 |I I 
15:03-Thu-May-11-2017 PM2.5 |   2.97 |   3.04 |   4.37 |   3.00 |I I 
15:04-Thu-May-11-2017 PM10  |   4.27 |   4.27 |  12.08 |   5.06 |B I 
15:04-Thu-May-11-2017 PM2.5 |   3.04 |   3.04 |   4.37 |   3.00 |B I 
15:08-Thu-May-11-2017recover dati per host :salvatorehost.no-ip.org/aria
15:08-Thu-May-11-2017 PM10  |   5.92 |   5.10 |  12.08 |   5.06 |I I 
15:08-Thu-May-11-2017 PM2.5 |   3.12 |   3.08 |   4.37 |   3.00 |I I 
15:09-Thu-May-11-2017 PM10  |   4.21 |   4.80 |  12.08 |   5.06 |I I 
15:09-Thu-May-11-2017 PM2.5 |   3.03 |   3.07 |   4.37 |   3.00 |I I 
15:13-Thu-May-11-2017 PM10  |   3.98 |   4.60 |  12.08 |   5.06 |I I 
15:13-Thu-May-11-2017 PM2.5 |   3.12 |   3.08 |   4.37 |   3.00 |I I 
15:14-Thu-May-11-2017 PM10  |   4.95 |   4.67 |  12.08 |   5.06 |B B 
15:14-Thu-May-11-2017 PM2.5 |   2.96 |   3.05 |   4.37 |   3.00 |B B 
15:18-Thu-May-11-2017 PM10  |   4.44 |   4.63 |  12.08 |   5.06 |B B 
15:18-Thu-May-11-2017 PM2.5 |   2.92 |   3.03 |   4.37 |   3.00 |B B 
15:19-Thu-May-11-2017recover dati per host :salvatorehost.no-ip.org/aria
15:19-Thu-May-11-2017recover dati per host :92.223.147.77/nodered
15:19-Thu-May-11-2017 PM10  |   4.31 |   4.58 |  12.08 |   5.06 |I I 
15:19-Thu-May-11-2017 PM2.5 |   2.84 |   3.00 |   4.37 |   3.00 |I I 
15:24-Thu-May-11-2017Timeout Event handler
15:24-Thu-May-11-2017 PM10  |   4.35 |   4.55 |  12.08 |   5.06 |B B 
15:24-Thu-May-11-2017 PM2.5 |   2.95 |   3.00 |   4.37 |   3.00 |B B 
15:25-Thu-May-11-2017recover dati per host :salvatorehost.no-ip.org/aria
15:25-Thu-May-11-2017 PM10  |   4.61 |   4.56 |  12.08 |   5.06 |I B 
15:25-Thu-May-11-2017 PM2.5 |   3.06 |   3.00 |   4.37 |   3.00 |I B 
15:29-Thu-May-11-2017recover dati per host :92.223.147.77/nodered
15:29-Thu-May-11-2017 PM10  |   4.97 |   4.60 |  12.08 |   5.06 |I I 
15:29-Thu-May-11-2017 PM2.5 |   3.07 |   3.01 |   4.37 |   3.00 |I I 
15:30-Thu-May-11-2017Timeout Event handler
15:30-Thu-May-11-2017 PM10  |   4.17 |   4.56 |  12.08 |   5.06 |B I 
15:30-Thu-May-11-2017 PM2.5 |   2.70 |   2.98 |   4.37 |   3.00 |B I 
15:33-Thu-May-11-2017 PM10  |   5.16 |   4.61 |  12.08 |   5.06 |B B 
15:33-Thu-May-11-2017 PM2.5 |   3.03 |   2.99 |   4.37 |   3.00 |B B 
15:34-Thu-May-11-2017 PM10  |   5.50 |   4.68 |  12.08 |   5.06 |B B 
15:34-Thu-May-11-2017 PM2.5 |   3.22 |   3.01 |   4.37 |   3.00 |B B 
15:38-Thu-May-11-2017Timeout Event handler
15:38-Thu-May-11-2017 PM10  |   5.57 |   4.74 |  12.08 |   5.06 |B B 
15:38-Thu-May-11-2017 PM2.5 |   3.09 |   3.01 |   4.37 |   3.00 |B B 
15:39-Thu-May-11-2017 PM10  |   3.94 |   4.69 |  12.08 |   5.06 |B B 
15:39-Thu-May-11-2017 PM2.5 |   2.81 |   3.00 |   4.37 |   3.00 |B B 
15:43-Thu-May-11-2017recover dati per host :salvatorehost.no-ip.org/aria
15:43-Thu-May-11-2017recover dati per host :92.223.147.77/nodered
15:43-Thu-May-11-2017 PM10  |   3.51 |   4.62 |  12.08 |   5.06 |I I 
15:43-Thu-May-11-2017 PM2.5 |   2.85 |   2.99 |   4.37 |   3.00 |I I 
15:44-Thu-May-11-2017 PM10  |   4.28 |   4.60 |  12.08 |   5.06 |B B 
15:44-Thu-May-11-2017 PM2.5 |   2.95 |   2.99 |   4.37 |   3.00 |B B 
15:48-Thu-May-11-2017recover dati per host :salvatorehost.no-ip.org/aria
15:48-Thu-May-11-2017recover dati per host :92.223.147.77/nodered
15:48-Thu-May-11-2017 PM10  |   4.59 |   4.60 |  12.08 |   5.06 |I I 
15:48-Thu-May-11-2017 PM2.5 |   2.95 |   2.98 |   4.37 |   3.00 |I I 
15:49-Thu-May-11-2017 PM10  |   4.36 |   4.58 |  12.08 |   5.06 |B B 
15:49-Thu-May-11-2017 PM2.5 |   2.93 |   2.98 |   4.37 |   3.00 |B B 
15:53-Thu-May-11-2017recover dati per host :salvatorehost.no-ip.org/aria
15:53-Thu-May-11-2017recover dati per host :92.223.147.77/nodered
15:53-Thu-May-11-2017 PM10  |   4.78 |   4.59 |  12.08 |   5.06 |I I 
15:53-Thu-May-11-2017 PM2.5 |   2.93 |   2.98 |   4.37 |   3.00 |I I 
15:54-Thu-May-11-2017 PM10  |   4.64 |   4.60 |  12.08 |   5.06 |I B 
15:54-Thu-May-11-2017 PM2.5 |   3.01 |   2.98 |   4.37 |   3.00 |I B 
15:58-Thu-May-11-2017recover dati per host :92.223.147.77/nodered
15:58-Thu-May-11-2017 PM10  |   4.57 |   4.59 |  12.08 |   5.06 |I I 
15:58-Thu-May-11-2017 PM2.5 |   3.02 |   2.98 |   4.37 |   3.00 |I I 
15:59-Thu-May-11-2017 PM10  |   4.85 |   4.61 |  12.08 |   5.06 |I I 
15:59-Thu-May-11-2017 PM2.5 |   2.80 |   2.97 |   4.37 |   3.00 |I I 
16:04-Thu-May-11-2017Timeout Event handler
16:04-Thu-May-11-2017 PM10  |   5.63 |   4.65 |  12.08 |   4.65 |B B 
16:04-Thu-May-11-2017 PM2.5 |   2.91 |   2.97 |   4.37 |   2.97 |B B 
16:05-Thu-May-11-2017recover dati per host :salvatorehost.no-ip.org/aria
16:05-Thu-May-11-2017recover dati per host :92.223.147.77/nodered
16:05-Thu-May-11-2017 PM10  |   4.47 |   4.47 |  12.08 |   4.65 |I I 
16:05-Thu-May-11-2017 PM2.5 |   2.94 |   2.94 |   4.37 |   2.97 |I I 
16:09-Thu-May-11-2017Timeout Event handler
16:09-Thu-May-11-2017 PM10  |   5.19 |   4.83 |  12.08 |   4.65 |B B 
16:09-Thu-May-11-2017 PM2.5 |   3.15 |   3.04 |   4.37 |   2.97 |B B 
16:10-Thu-May-11-2017recover dati per host :salvatorehost.no-ip.org/aria
16:10-Thu-May-11-2017recover dati per host :92.223.147.77/nodered
16:10-Thu-May-11-2017 PM10  |   3.76 |   4.47 |  12.08 |   4.65 |I I 
16:10-Thu-May-11-2017 PM2.5 |   2.60 |   2.90 |   4.37 |   2.97 |I I 
16:14-Thu-May-11-2017 PM10  |   4.63 |   4.51 |  12.08 |   4.65 |I I 
16:14-Thu-May-11-2017 PM2.5 |   2.81 |   2.87 |   4.37 |   2.97 |I I 
16:15-Thu-May-11-2017Timeout Event handler
16:15-Thu-May-11-2017 PM10  |   4.61 |   4.53 |  12.08 |   4.65 |B I 
16:15-Thu-May-11-2017 PM2.5 |   3.22 |   2.94 |   4.37 |   2.97 |B I 
16:18-Thu-May-11-2017recover dati per host :salvatorehost.no-ip.org/aria
16:18-Thu-May-11-2017 PM10  |   4.02 |   4.45 |  12.08 |   4.65 |I I 
16:18-Thu-May-11-2017 PM2.5 |   3.06 |   2.96 |   4.37 |   2.97 |I I 
16:19-Thu-May-11-2017 PM10  |   4.42 |   4.44 |  12.08 |   4.65 |B B 
16:19-Thu-May-11-2017 PM2.5 |   2.84 |   2.95 |   4.37 |   2.97 |B B 
16:23-Thu-May-11-2017recover dati per host :salvatorehost.no-ip.org/aria
16:23-Thu-May-11-2017recover dati per host :92.223.147.77/nodered
16:23-Thu-May-11-2017 PM10  |   4.45 |   4.44 |  12.08 |   4.65 |I I 
16:23-Thu-May-11-2017 PM2.5 |   3.18 |   2.97 |   4.37 |   2.97 |I I 
16:24-Thu-May-11-2017Timeout Event handler
16:24-Thu-May-11-2017 PM10  |   4.02 |   4.40 |  12.08 |   4.65 |B B 
16:24-Thu-May-11-2017 PM2.5 |   2.93 |   2.97 |   4.37 |   2.97 |B B 
16:28-Thu-May-11-2017 PM10  |   3.82 |   4.34 |  12.08 |   4.65 |B B 
16:28-Thu-May-11-2017 PM2.5 |   2.96 |   2.97 |   4.37 |   2.97 |B B 
16:29-Thu-May-11-2017recover dati per host :salvatorehost.no-ip.org/aria
16:29-Thu-May-11-2017recover dati per host :92.223.147.77/nodered
16:29-Thu-May-11-2017 PM10  |   3.85 |   4.29 |  12.08 |   4.65 |I I 
16:29-Thu-May-11-2017 PM2.5 |   2.85 |   2.96 |   4.37 |   2.97 |I I 
16:33-Thu-May-11-2017 PM10  |   5.10 |   4.36 |  12.08 |   4.65 |B I 
16:33-Thu-May-11-2017 PM2.5 |   3.13 |   2.97 |   4.37 |   2.97 |B I 
16:35-Thu-May-11-2017 PM10  |   4.21 |   4.35 |  12.08 |   4.65 |B B 
16:35-Thu-May-11-2017 PM2.5 |   2.94 |   2.97 |   4.37 |   2.97 |B B 
16:39-Thu-May-11-2017recover dati per host :92.223.147.77/nodered
16:39-Thu-May-11-2017 PM10  |   4.54 |   4.36 |  12.08 |   4.65 |B I 
16:39-Thu-May-11-2017 PM2.5 |   3.13 |   2.98 |   4.37 |   2.97 |B I 
16:40-Thu-May-11-2017Timeout Event handler
16:40-Thu-May-11-2017 PM10  |   5.12 |   4.42 |  12.08 |   4.65 |B B 
16:40-Thu-May-11-2017 PM2.5 |   2.96 |   2.98 |   4.37 |   2.97 |B B 
16:44-Thu-May-11-2017recover dati per host :salvatorehost.no-ip.org/aria
16:44-Thu-May-11-2017recover dati per host :92.223.147.77/nodered
16:44-Thu-May-11-2017 PM10  |   4.44 |   4.42 |  12.08 |   4.65 |I I 
16:44-Thu-May-11-2017 PM2.5 |   3.12 |   2.99 |   4.37 |   2.97 |I I 
16:45-Thu-May-11-2017 PM10  |   5.28 |   4.47 |  12.08 |   4.65 |B B 
16:45-Thu-May-11-2017 PM2.5 |   3.09 |   2.99 |   4.37 |   2.97 |B B 
16:49-Thu-May-11-2017Timeout Event handler
16:49-Thu-May-11-2017recover dati per host :92.223.147.77/nodered
16:49-Thu-May-11-2017 PM10  |   5.80 |   4.54 |  12.08 |   4.65 |B I 
16:49-Thu-May-11-2017 PM2.5 |   3.31 |   3.01 |   4.37 |   2.97 |B I 
16:53-Thu-May-11-2017recover dati per host :salvatorehost.no-ip.org/aria
16:53-Thu-May-11-2017 PM10  |   4.23 |   4.53 |  12.08 |   4.65 |I I 
16:53-Thu-May-11-2017 PM2.5 |   3.00 |   3.01 |   4.37 |   2.97 |I I 
16:54-Thu-May-11-2017Timeout Event handler
16:54-Thu-May-11-2017 PM10  |   4.22 |   4.51 |  12.08 |   4.65 |B B 
16:54-Thu-May-11-2017 PM2.5 |   3.01 |   3.01 |   4.37 |   2.97 |B B 
16:58-Thu-May-11-2017recover dati per host :salvatorehost.no-ip.org/aria
16:58-Thu-May-11-2017recover dati per host :92.223.147.77/nodered
16:58-Thu-May-11-2017 PM10  |   3.58 |   4.47 |  12.08 |   4.65 |I I 
16:58-Thu-May-11-2017 PM2.5 |   2.91 |   3.01 |   4.37 |   2.97 |I I 
16:59-Thu-May-11-2017 PM10  |   4.31 |   4.46 |  12.08 |   4.65 |I I 
16:59-Thu-May-11-2017 PM2.5 |   2.86 |   3.00 |   4.37 |   2.97 |I I 
17:03-Thu-May-11-2017 PM10  |   4.18 |   4.45 |  12.08 |   4.45 |I I 
17:03-Thu-May-11-2017 PM2.5 |   2.89 |   3.00 |   4.37 |   2.97 |I I 
17:04-Thu-May-11-2017 PM10  |   4.53 |   4.53 |  12.08 |   4.45 |I I 
17:04-Thu-May-11-2017 PM2.5 |   3.00 |   3.00 |   4.37 |   2.97 |I I 
17:08-Thu-May-11-2017Timeout Event handler
17:08-Thu-May-11-2017 PM10  |   4.35 |   4.44 |  12.08 |   4.45 |B I 
17:08-Thu-May-11-2017 PM2.5 |   3.04 |   3.02 |   4.37 |   2.97 |B I 
17:09-Thu-May-11-2017Timeout Event handler
17:09-Thu-May-11-2017 PM10  |   4.16 |   4.35 |  12.08 |   4.45 |B B 
17:09-Thu-May-11-2017 PM2.5 |   2.83 |   2.96 |   4.37 |   2.97 |B B 
17:14-Thu-May-11-2017recover dati per host :salvatorehost.no-ip.org/aria
17:14-Thu-May-11-2017recover dati per host :92.223.147.77/nodered
17:14-Thu-May-11-2017 PM10  |   4.36 |   4.35 |  12.08 |   4.45 |I I 
17:14-Thu-May-11-2017 PM2.5 |   3.08 |   2.99 |   4.37 |   2.97 |I I 
17:15-Thu-May-11-2017 PM10  |   3.70 |   4.22 |  12.08 |   4.45 |I I 
17:15-Thu-May-11-2017 PM2.5 |   3.05 |   3.00 |   4.37 |   2.97 |I I 
17:19-Thu-May-11-2017Timeout Event handler
17:19-Thu-May-11-2017 PM10  |   4.53 |   4.27 |  12.08 |   4.45 |B B 
17:19-Thu-May-11-2017 PM2.5 |   3.14 |   3.02 |   4.37 |   2.97 |B B 
17:20-Thu-May-11-2017recover dati per host :salvatorehost.no-ip.org/aria
17:20-Thu-May-11-2017recover dati per host :92.223.147.77/nodered
17:20-Thu-May-11-2017 PM10  |   4.04 |   4.24 |  12.08 |   4.45 |I I 
17:20-Thu-May-11-2017 PM2.5 |   2.87 |   3.00 |   4.37 |   2.97 |I I 
17:24-Thu-May-11-2017 PM10  |   4.69 |   4.30 |  12.08 |   4.45 |B I 
17:24-Thu-May-11-2017 PM2.5 |   2.91 |   2.99 |   4.37 |   2.97 |B I 
17:25-Thu-May-11-2017recover dati per host :salvatorehost.no-ip.org/aria
17:25-Thu-May-11-2017 PM10  |   5.09 |   4.38 |  12.08 |   4.45 |I I 
17:25-Thu-May-11-2017 PM2.5 |   2.95 |   2.99 |   4.37 |   2.97 |I I 
17:29-Thu-May-11-2017 PM10  |   4.34 |   4.38 |  12.08 |   4.45 |B B 
17:29-Thu-May-11-2017 PM2.5 |   3.12 |   3.00 |   4.37 |   2.97 |B B 
17:33-Thu-May-11-2017recover dati per host :salvatorehost.no-ip.org/aria
17:33-Thu-May-11-2017recover dati per host :92.223.147.77/nodered
17:33-Thu-May-11-2017 PM10  |   4.09 |   4.35 |  12.08 |   4.45 |I I 
17:33-Thu-May-11-2017 PM2.5 |   3.11 |   3.01 |   4.37 |   2.97 |I I 
17:34-Thu-May-11-2017 PM10  |   3.58 |   4.29 |  12.08 |   4.45 |I I 
17:34-Thu-May-11-2017 PM2.5 |   2.74 |   2.99 |   4.37 |   2.97 |I I 
17:38-Thu-May-11-2017 PM10  |   4.44 |   4.30 |  12.08 |   4.45 |I I 
17:38-Thu-May-11-2017 PM2.5 |   2.99 |   2.99 |   4.37 |   2.97 |I I 
17:39-Thu-May-11-2017 PM10  |   5.07 |   4.36 |  12.08 |   4.45 |B B 
17:39-Thu-May-11-2017 PM2.5 |   3.20 |   3.00 |   4.37 |   2.97 |B B 
17:43-Thu-May-11-2017recover dati per host :salvatorehost.no-ip.org/aria
17:43-Thu-May-11-2017recover dati per host :92.223.147.77/nodered
17:43-Thu-May-11-2017 PM10  |   4.78 |   4.38 |  12.08 |   4.45 |I I 
17:43-Thu-May-11-2017 PM2.5 |   3.45 |   3.03 |   4.37 |   2.97 |I I 
17:44-Thu-May-11-2017 PM10  |   4.74 |   4.41 |  12.08 |   4.45 |B B 
17:44-Thu-May-11-2017 PM2.5 |   3.13 |   3.04 |   4.37 |   2.97 |B B 
17:48-Thu-May-11-2017recover dati per host :salvatorehost.no-ip.org/aria
17:48-Thu-May-11-2017recover dati per host :92.223.147.77/nodered
17:48-Thu-May-11-2017 PM10  |   5.13 |   4.45 |  12.08 |   4.45 |I I 
17:48-Thu-May-11-2017 PM2.5 |   3.24 |   3.05 |   4.37 |   2.97 |I I 
17:49-Thu-May-11-2017 PM10  |   4.26 |   4.44 |  12.08 |   4.45 |B B 
17:49-Thu-May-11-2017 PM2.5 |   3.06 |   3.05 |   4.37 |   2.97 |B B 
17:53-Thu-May-11-2017 PM10  |   4.46 |   4.44 |  12.08 |   4.45 |B B 
17:53-Thu-May-11-2017 PM2.5 |   3.12 |   3.05 |   4.37 |   2.97 |B B 
17:54-Thu-May-11-2017Timeout Event handler
17:54-Thu-May-11-2017 PM10  |   6.16 |   4.53 |  12.08 |   4.45 |B B 
17:54-Thu-May-11-2017 PM2.5 |   3.11 |   3.06 |   4.37 |   2.97 |B B 
17:58-Thu-May-11-2017recover dati per host :salvatorehost.no-ip.org/aria
17:59-Thu-May-11-2017recover dati per host :92.223.147.77/nodered
17:59-Thu-May-11-2017 PM10  |   4.57 |   4.53 |  12.08 |   4.45 |I I 
17:59-Thu-May-11-2017 PM2.5 |   2.98 |   3.05 |   4.37 |   2.97 |I I 
18:00-Thu-May-11-2017 PM10  |   4.79 |   4.54 |  12.08 |   4.45 |B I 
18:00-Thu-May-11-2017 PM2.5 |   3.06 |   3.05 |   4.37 |   2.97 |B I 
18:04-Thu-May-11-2017 PM10  |   5.61 |   5.61 |  12.08 |   4.45 |B I 
18:04-Thu-May-11-2017 PM2.5 |   3.09 |   3.09 |   4.37 |   2.97 |B I 
18:05-Thu-May-11-2017recover dati per host :salvatorehost.no-ip.org/aria
18:05-Thu-May-11-2017 PM10  |   4.33 |   4.97 |  12.08 |   4.45 |I I 
18:05-Thu-May-11-2017 PM2.5 |   2.82 |   2.96 |   4.37 |   2.97 |I I 
18:09-Thu-May-11-2017 PM10  |   4.75 |   4.90 |  12.08 |   4.45 |B I 
18:09-Thu-May-11-2017 PM2.5 |   3.19 |   3.03 |   4.37 |   2.97 |B I 
18:10-Thu-May-11-2017recover dati per host :salvatorehost.no-ip.org/aria
18:10-Thu-May-11-2017 PM10  |   4.66 |   4.84 |  12.08 |   4.45 |I I 
18:10-Thu-May-11-2017 PM2.5 |   3.11 |   3.05 |   4.37 |   2.97 |I I 
18:14-Thu-May-11-2017 PM10  |   4.64 |   4.80 |  12.08 |   4.45 |I I 
18:14-Thu-May-11-2017 PM2.5 |   3.21 |   3.08 |   4.37 |   2.97 |I I 
18:15-Thu-May-11-2017 PM10  |   4.37 |   4.73 |  12.08 |   4.45 |B I 
18:15-Thu-May-11-2017 PM2.5 |   3.05 |   3.08 |   4.37 |   2.97 |B I 
18:18-Thu-May-11-2017 PM10  |   4.11 |   4.64 |  12.08 |   4.45 |B B 
18:18-Thu-May-11-2017 PM2.5 |   3.15 |   3.09 |   4.37 |   2.97 |B B 
18:19-Thu-May-11-2017recover dati per host :salvatorehost.no-ip.org/aria
18:19-Thu-May-11-2017recover dati per host :92.223.147.77/nodered
18:19-Thu-May-11-2017 PM10  |   4.60 |   4.63 |  12.08 |   4.45 |I I 
18:19-Thu-May-11-2017 PM2.5 |   3.07 |   3.08 |   4.37 |   2.97 |I I 
18:23-Thu-May-11-2017 PM10  |   5.10 |   4.69 |  12.08 |   4.45 |B B 
18:23-Thu-May-11-2017 PM2.5 |   3.29 |   3.11 |   4.37 |   2.97 |B B 
18:24-Thu-May-11-2017 PM10  |   4.36 |   4.65 |  12.08 |   4.45 |B B 
18:24-Thu-May-11-2017 PM2.5 |   3.05 |   3.10 |   4.37 |   2.97 |B B 
18:28-Thu-May-11-2017recover dati per host :salvatorehost.no-ip.org/aria
18:28-Thu-May-11-2017recover dati per host :92.223.147.77/nodered
18:28-Thu-May-11-2017 PM10  |   4.74 |   4.66 |  12.08 |   4.45 |I I 
18:28-Thu-May-11-2017 PM2.5 |   3.39 |   3.13 |   4.37 |   2.97 |I I 
18:29-Thu-May-11-2017 PM10  |   5.87 |   4.76 |  12.08 |   4.45 |I I 
18:29-Thu-May-11-2017 PM2.5 |   3.13 |   3.13 |   4.37 |   2.97 |I I 
18:33-Thu-May-11-2017 PM10  |   6.03 |   4.86 |  12.08 |   4.45 |B I 
18:33-Thu-May-11-2017 PM2.5 |   3.30 |   3.14 |   4.37 |   2.97 |B I 
18:34-Thu-May-11-2017Timeout Event handler
18:34-Thu-May-11-2017 PM10  |   4.92 |   4.86 |  12.08 |   4.45 |B B 
18:34-Thu-May-11-2017 PM2.5 |   3.01 |   3.13 |   4.37 |   2.97 |B B 
18:39-Thu-May-11-2017 PM10  |   6.34 |   4.96 |  12.08 |   4.45 |B B 
18:39-Thu-May-11-2017 PM2.5 |   3.12 |   3.13 |   4.37 |   2.97 |B B 
18:40-Thu-May-11-2017Timeout Event handler
18:40-Thu-May-11-2017 PM10  |   6.57 |   5.06 |  12.08 |   4.45 |B B 
18:40-Thu-May-11-2017 PM2.5 |   3.14 |   3.13 |   4.37 |   2.97 |B B 
18:44-Thu-May-11-2017recover dati per host :salvatorehost.no-ip.org/aria
18:44-Thu-May-11-2017recover dati per host :92.223.147.77/nodered
18:44-Thu-May-11-2017 PM10  |   4.62 |   5.04 |  12.08 |   4.45 |I I 
18:44-Thu-May-11-2017 PM2.5 |   3.25 |   3.14 |   4.37 |   2.97 |I I 
18:45-Thu-May-11-2017 PM10  |   5.34 |   5.05 |  12.08 |   4.45 |B B 
18:45-Thu-May-11-2017 PM2.5 |   3.10 |   3.14 |   4.37 |   2.97 |B B 
18:49-Thu-May-11-2017 PM10  |   5.22 |   5.06 |  12.08 |   4.45 |B B 
18:49-Thu-May-11-2017 PM2.5 |   3.24 |   3.14 |   4.37 |   2.97 |B B 
18:50-Thu-May-11-2017 PM10  |   4.84 |   5.05 |  12.08 |   4.45 |B B 
18:50-Thu-May-11-2017 PM2.5 |   3.02 |   3.14 |   4.37 |   2.97 |B B 
18:54-Thu-May-11-2017recover dati per host :salvatorehost.no-ip.org/aria
18:54-Thu-May-11-2017recover dati per host :92.223.147.77/nodered
18:54-Thu-May-11-2017 PM10  |   4.73 |   5.04 |  12.08 |   4.45 |I I 
18:54-Thu-May-11-2017 PM2.5 |   3.18 |   3.14 |   4.37 |   2.97 |I I 
18:55-Thu-May-11-2017 PM10  |   6.92 |   5.12 |  12.08 |   4.45 |B B 
18:55-Thu-May-11-2017 PM2.5 |   3.52 |   3.16 |   4.37 |   2.97 |B B 
18:59-Thu-May-11-2017recover dati per host :salvatorehost.no-ip.org/aria
18:59-Thu-May-11-2017recover dati per host :92.223.147.77/nodered
18:59-Thu-May-11-2017 PM10  |   6.99 |   5.20 |  12.08 |   4.45 |I I 
18:59-Thu-May-11-2017 PM2.5 |   3.59 |   3.17 |   4.37 |   2.97 |I I 
19:03-Thu-May-11-2017 PM10  |   5.26 |   5.20 |  12.08 |   4.45 |I I 
19:03-Thu-May-11-2017 PM2.5 |   3.17 |   3.17 |   4.37 |   2.97 |I I 
19:04-Thu-May-11-2017 PM10  |   5.20 |   5.20 |  12.08 |   4.45 |B B 
19:04-Thu-May-11-2017 PM2.5 |   3.19 |   3.19 |   4.37 |   2.97 |B B 
19:08-Thu-May-11-2017Timeout Event handler
19:08-Thu-May-11-2017recover dati per host :92.223.147.77/nodered
19:08-Thu-May-11-2017 PM10  |   6.27 |   5.74 |  12.08 |   4.45 |B I 
19:08-Thu-May-11-2017 PM2.5 |   3.24 |   3.22 |   4.37 |   2.97 |B I 
19:09-Thu-May-11-2017 PM10  |   4.45 |   5.31 |  12.08 |   4.45 |B B 
19:09-Thu-May-11-2017 PM2.5 |   2.81 |   3.08 |   4.37 |   2.97 |B B 
19:13-Thu-May-11-2017recover dati per host :salvatorehost.no-ip.org/aria
19:13-Thu-May-11-2017recover dati per host :92.223.147.77/nodered
19:13-Thu-May-11-2017 PM10  |   4.38 |   5.08 |  12.08 |   4.45 |I I 
19:13-Thu-May-11-2017 PM2.5 |   3.06 |   3.08 |   4.37 |   2.97 |I I 
19:14-Thu-May-11-2017Timeout Event handler
19:14-Thu-May-11-2017 PM10  |   7.79 |   5.62 |  12.08 |   4.45 |B I 
19:14-Thu-May-11-2017 PM2.5 |   3.16 |   3.10 |   4.37 |   2.97 |B I 
19:18-Thu-May-11-2017recover dati per host :salvatorehost.no-ip.org/aria
19:18-Thu-May-11-2017 PM10  |   8.17 |   6.04 |  12.08 |   4.45 |I B 
19:18-Thu-May-11-2017 PM2.5 |   3.37 |   3.14 |   4.37 |   2.97 |I B 
19:20-Thu-May-11-2017recover dati per host :92.223.147.77/nodered
19:20-Thu-May-11-2017 PM10  |   6.24 |   6.07 |  12.08 |   4.45 |I I 
19:20-Thu-May-11-2017 PM2.5 |   3.23 |   3.15 |   4.37 |   2.97 |I I 
19:24-Thu-May-11-2017 PM10  |   5.88 |   6.05 |  12.08 |   4.45 |B B 
19:24-Thu-May-11-2017 PM2.5 |   3.24 |   3.16 |   4.37 |   2.97 |B B 
19:25-Thu-May-11-2017recover dati per host :salvatorehost.no-ip.org/aria
19:25-Thu-May-11-2017recover dati per host :92.223.147.77/nodered
19:25-Thu-May-11-2017 PM10  |   6.86 |   6.14 |  12.08 |   4.45 |I I 
19:25-Thu-May-11-2017 PM2.5 |   3.34 |   3.18 |   4.37 |   2.97 |I I 
19:29-Thu-May-11-2017 PM10  |   8.08 |   6.33 |  12.08 |   4.45 |I I 
19:29-Thu-May-11-2017 PM2.5 |   3.49 |   3.21 |   4.37 |   2.97 |I I 
19:30-Thu-May-11-2017 PM10  |   8.45 |   6.53 |  12.08 |   4.45 |I I 
19:30-Thu-May-11-2017 PM2.5 |   3.43 |   3.23 |   4.37 |   2.97 |I I 
19:34-Thu-May-11-2017 PM10  |   9.04 |   6.73 |  12.08 |   4.45 |I I 
19:34-Thu-May-11-2017 PM2.5 |   3.36 |   3.24 |   4.37 |   2.97 |I I 
19:35-Thu-May-11-2017 PM10  |   8.29 |   6.85 |  12.08 |   4.45 |B I 
19:35-Thu-May-11-2017 PM2.5 |   3.24 |   3.24 |   4.37 |   2.97 |B I 
19:39-Thu-May-11-2017recover dati per host :salvatorehost.no-ip.org/aria
19:39-Thu-May-11-2017 PM10  |   9.20 |   7.02 |  12.08 |   4.45 |I I 
19:39-Thu-May-11-2017 PM2.5 |   3.26 |   3.24 |   4.37 |   2.97 |I I 
19:40-Thu-May-11-2017 PM10  |   7.66 |   7.06 |  12.08 |   4.45 |I I 
19:40-Thu-May-11-2017 PM2.5 |   3.23 |   3.24 |   4.37 |   2.97 |I I 
19:44-Thu-May-11-2017 PM10  |   8.52 |   7.16 |  12.08 |   4.45 |I I 
19:44-Thu-May-11-2017 PM2.5 |   3.41 |   3.25 |   4.37 |   2.97 |I I 
19:45-Thu-May-11-2017 PM10  |   9.15 |   7.27 |  12.08 |   4.45 |I I 
19:45-Thu-May-11-2017 PM2.5 |   3.15 |   3.25 |   4.37 |   2.97 |I I 
19:49-Thu-May-11-2017 PM10  |  11.62 |   7.51 |  12.08 |   4.45 |I I 
19:49-Thu-May-11-2017 PM2.5 |   3.14 |   3.24 |   4.37 |   2.97 |I I 
19:50-Thu-May-11-2017 PM10  |   9.32 |   7.61 |  12.08 |   4.45 |B B 
19:50-Thu-May-11-2017 PM2.5 |   3.67 |   3.27 |   4.37 |   2.97 |B B 
19:54-Thu-May-11-2017recover dati per host :salvatorehost.no-ip.org/aria
19:54-Thu-May-11-2017recover dati per host :92.223.147.77/nodered
19:54-Thu-May-11-2017 PM10  |  10.68 |   7.76 |  12.08 |   4.45 |I I 
19:54-Thu-May-11-2017 PM2.5 |   3.64 |   3.28 |   4.37 |   2.97 |I I 
19:55-Thu-May-11-2017 PM10  |  12.47 |   7.99 |  12.08 |   4.45 |I I 
19:55-Thu-May-11-2017 PM2.5 |   3.58 |   3.30 |   4.37 |   2.97 |I I 
19:59-Thu-May-11-2017 PM10  |  12.11 |   8.17 |  12.08 |   4.45 |I I 
19:59-Thu-May-11-2017 PM2.5 |   3.61 |   3.31 |   4.37 |   2.97 |I I 
20:00-Thu-May-11-2017 PM10  |  11.32 |   8.31 |  12.08 |   4.45 |I I 
20:00-Thu-May-11-2017 PM2.5 |   3.52 |   3.32 |   4.37 |   2.97 |I I 
20:03-Thu-May-11-2017 PM10  |  15.88 |  15.88 |  12.08 |   4.45 |I I 
20:03-Thu-May-11-2017 PM2.5 |   3.74 |   3.74 |   4.37 |   2.97 |I I 
20:04-Thu-May-11-2017 PM10  |  15.46 |  15.67 |  12.08 |   4.45 |I I 
20:04-Thu-May-11-2017 PM2.5 |   3.66 |   3.70 |   4.37 |   2.97 |I I 
20:08-Thu-May-11-2017 PM10  |  17.58 |  16.31 |  12.08 |   4.45 |I I 
20:08-Thu-May-11-2017 PM2.5 |   3.81 |   3.74 |   4.37 |   2.97 |I I 
20:09-Thu-May-11-2017 PM10  |  12.54 |  15.36 |  12.08 |   4.45 |B I 
20:09-Thu-May-11-2017 PM2.5 |   3.91 |   3.78 |   4.37 |   2.97 |B I 
20:13-Thu-May-11-2017 PM10  |  14.10 |  15.11 |  12.08 |   4.45 |B B 
20:13-Thu-May-11-2017 PM2.5 |   4.21 |   3.87 |   4.37 |   2.97 |B B 
20:14-Thu-May-11-2017recover dati per host :salvatorehost.no-ip.org/aria
20:14-Thu-May-11-2017recover dati per host :92.223.147.77/nodered
20:14-Thu-May-11-2017 PM10  |  10.61 |  14.36 |  12.08 |   4.45 |I I 
20:14-Thu-May-11-2017 PM2.5 |   3.88 |   3.87 |   4.37 |   2.97 |I I 
20:18-Thu-May-11-2017 PM10  |  14.62 |  14.40 |  12.08 |   4.45 |I I 
20:18-Thu-May-11-2017 PM2.5 |   4.03 |   3.89 |   4.37 |   2.97 |I I 
20:19-Thu-May-11-2017 PM10  |  13.00 |  14.22 |  12.08 |   4.45 |I I 
20:19-Thu-May-11-2017 PM2.5 |   3.49 |   3.84 |   4.37 |   2.97 |I I 
20:23-Thu-May-11-2017 PM10  |  15.13 |  14.32 |  12.08 |   4.45 |I I 
20:23-Thu-May-11-2017 PM2.5 |   3.91 |   3.85 |   4.37 |   2.97 |I I 
20:24-Thu-May-11-2017 PM10  |  16.17 |  14.51 |  12.08 |   4.45 |I I 
20:24-Thu-May-11-2017 PM2.5 |   4.10 |   3.87 |   4.37 |   2.97 |I I 
20:28-Thu-May-11-2017 PM10  |  14.27 |  14.49 |  12.08 |   4.45 |I I 
20:28-Thu-May-11-2017 PM2.5 |   4.52 |   3.93 |   4.37 |   2.97 |I I 
20:29-Thu-May-11-2017 PM10  |  13.74 |  14.42 |  12.08 |   4.45 |I I 
20:29-Thu-May-11-2017 PM2.5 |   4.52 |   3.98 |   4.37 |   2.97 |I I 
20:33-Thu-May-11-2017 PM10  |  16.98 |  14.62 |  12.08 |   4.45 |I I 
20:33-Thu-May-11-2017 PM2.5 |   4.72 |   4.04 |   4.37 |   2.97 |I I 
20:34-Thu-May-11-2017 PM10  |  16.30 |  14.74 |  12.08 |   4.45 |I I 
20:34-Thu-May-11-2017 PM2.5 |   4.52 |   4.07 |   4.37 |   2.97 |I I 
20:38-Thu-May-11-2017 PM10  |  17.22 |  14.91 |  12.08 |   4.45 |I I 
20:38-Thu-May-11-2017 PM2.5 |   4.43 |   4.10 |   4.37 |   2.97 |I I 
20:39-Thu-May-11-2017 PM10  |  15.54 |  14.95 |  12.08 |   4.45 |I I 
20:39-Thu-May-11-2017 PM2.5 |   4.45 |   4.12 |   4.37 |   2.97 |I I 
20:44-Thu-May-11-2017 PM10  |  15.93 |  15.00 |  12.08 |   4.45 |I I 
20:44-Thu-May-11-2017 PM2.5 |   4.75 |   4.16 |   4.37 |   2.97 |I I 
20:45-Thu-May-11-2017 PM10  |  15.75 |  15.04 |  12.08 |   4.45 |B B 
20:45-Thu-May-11-2017 PM2.5 |   4.83 |   4.19 |   4.37 |   2.97 |B B 
20:49-Thu-May-11-2017recover dati per host :salvatorehost.no-ip.org/aria
20:49-Thu-May-11-2017recover dati per host :92.223.147.77/nodered
20:49-Thu-May-11-2017 PM10  |  17.29 |  15.16 |  12.08 |   4.45 |I I 
20:49-Thu-May-11-2017 PM2.5 |   4.70 |   4.22 |   4.37 |   2.97 |I I 
20:50-Thu-May-11-2017 PM10  |  14.18 |  15.11 |  12.08 |   4.45 |I I 
20:50-Thu-May-11-2017 PM2.5 |   4.68 |   4.24 |   4.37 |   2.97 |I I 
20:54-Thu-May-11-2017 PM10  |  17.00 |  15.20 |  12.08 |   4.45 |I I 
20:54-Thu-May-11-2017 PM2.5 |   4.52 |   4.26 |   4.37 |   2.97 |I I 
20:55-Thu-May-11-2017 PM10  |  15.11 |  15.20 |  12.08 |   4.45 |I I 
20:55-Thu-May-11-2017 PM2.5 |   4.12 |   4.25 |   4.37 |   2.97 |I I 
20:59-Thu-May-11-2017 PM10  |  14.81 |  15.18 |  12.08 |   4.45 |I I 
20:59-Thu-May-11-2017 PM2.5 |   4.55 |   4.26 |   4.37 |   2.97 |I I 
21:00-Thu-May-11-2017 PM10  |  16.49 |  15.24 |  15.24 |   4.45 |I I 
21:00-Thu-May-11-2017 PM2.5 |   4.42 |   4.27 |   4.37 |   2.97 |I I 
21:04-Thu-May-11-2017 PM10  |  16.13 |  16.13 |  15.24 |   4.45 |I I 
21:04-Thu-May-11-2017 PM2.5 |   4.55 |   4.55 |   4.37 |   2.97 |I I 
21:05-Thu-May-11-2017 PM10  |  12.06 |  14.09 |  15.24 |   4.45 |I I 
21:05-Thu-May-11-2017 PM2.5 |   4.02 |   4.29 |   4.37 |   2.97 |I I 
21:09-Thu-May-11-2017 PM10  |  13.19 |  13.79 |  15.24 |   4.45 |I I 
21:09-Thu-May-11-2017 PM2.5 |   4.04 |   4.21 |   4.37 |   2.97 |I I 
21:10-Thu-May-11-2017 PM10  |  16.17 |  14.39 |  15.24 |   4.45 |I I 
21:10-Thu-May-11-2017 PM2.5 |   4.44 |   4.27 |   4.37 |   2.97 |I I 
21:14-Thu-May-11-2017 PM10  |  16.93 |  14.90 |  15.24 |   4.45 |I I 
21:14-Thu-May-11-2017 PM2.5 |   4.49 |   4.31 |   4.37 |   2.97 |I I 
21:15-Thu-May-11-2017 PM10  |  17.12 |  15.27 |  15.24 |   4.45 |I I 
21:15-Thu-May-11-2017 PM2.5 |   3.88 |   4.24 |   4.37 |   2.97 |I I 
21:19-Thu-May-11-2017 PM10  |  17.48 |  15.58 |  15.24 |   4.45 |I I 
21:19-Thu-May-11-2017 PM2.5 |   3.96 |   4.20 |   4.37 |   2.97 |I I 
21:20-Thu-May-11-2017 PM10  |  17.56 |  15.83 |  15.24 |   4.45 |I I 
21:20-Thu-May-11-2017 PM2.5 |   4.32 |   4.21 |   4.37 |   2.97 |I I 
21:24-Thu-May-11-2017 PM10  |  15.04 |  15.74 |  15.24 |   4.45 |I I 
21:24-Thu-May-11-2017 PM2.5 |   4.86 |   4.29 |   4.37 |   2.97 |I I 
21:25-Thu-May-11-2017 PM10  |  12.54 |  15.42 |  15.24 |   4.45 |I I 
21:25-Thu-May-11-2017 PM2.5 |   4.17 |   4.27 |   4.37 |   2.97 |I I 
21:29-Thu-May-11-2017 PM10  |  11.51 |  15.07 |  15.24 |   4.45 |I I 
21:29-Thu-May-11-2017 PM2.5 |   4.41 |   4.29 |   4.37 |   2.97 |I I 
21:30-Thu-May-11-2017 PM10  |  16.14 |  15.16 |  15.24 |   4.45 |I I 
21:30-Thu-May-11-2017 PM2.5 |   4.03 |   4.26 |   4.37 |   2.97 |I I 
21:34-Thu-May-11-2017 PM10  |  15.74 |  15.20 |  15.24 |   4.45 |I I 
21:34-Thu-May-11-2017 PM2.5 |   4.32 |   4.27 |   4.37 |   2.97 |I I 
21:35-Thu-May-11-2017 PM10  |  15.17 |  15.20 |  15.24 |   4.45 |I I 
21:35-Thu-May-11-2017 PM2.5 |   4.50 |   4.29 |   4.37 |   2.97 |I I 
21:39-Thu-May-11-2017 PM10  |  16.11 |  15.26 |  15.24 |   4.45 |I I 
21:39-Thu-May-11-2017 PM2.5 |   5.03 |   4.34 |   4.37 |   2.97 |I I 
21:43-Thu-May-11-2017 PM10  |  13.57 |  15.15 |  15.24 |   4.45 |I B 
21:43-Thu-May-11-2017 PM2.5 |   4.83 |   4.37 |   4.37 |   2.97 |I B 
21:44-Thu-May-11-2017recover dati per host :92.223.147.77/nodered
21:44-Thu-May-11-2017 PM10  |  12.61 |  15.00 |  15.24 |   4.45 |I I 
21:44-Thu-May-11-2017 PM2.5 |   4.46 |   4.37 |   4.37 |   2.97 |I I 
21:48-Thu-May-11-2017 PM10  |  16.49 |  15.09 |  15.24 |   4.45 |I I 
21:48-Thu-May-11-2017 PM2.5 |   4.32 |   4.37 |   4.37 |   2.97 |I I 
21:49-Thu-May-11-2017 PM10  |  21.72 |  15.44 |  15.24 |   4.45 |I I 
21:49-Thu-May-11-2017 PM2.5 |   4.63 |   4.38 |   4.37 |   2.97 |I I 
21:53-Thu-May-11-2017 PM10  |  13.18 |  15.32 |  15.24 |   4.45 |I I 
21:53-Thu-May-11-2017 PM2.5 |   4.26 |   4.38 |   4.37 |   2.97 |I I 
21:54-Thu-May-11-2017 PM10  |  16.53 |  15.38 |  15.24 |   4.45 |I I 
21:54-Thu-May-11-2017 PM2.5 |   4.55 |   4.39 |   4.37 |   2.97 |I I 
21:58-Thu-May-11-2017 PM10  |  12.89 |  15.27 |  15.24 |   4.45 |I I 
21:58-Thu-May-11-2017 PM2.5 |   4.41 |   4.39 |   4.37 |   2.97 |I I 
21:59-Thu-May-11-2017 PM10  |  17.53 |  15.37 |  15.24 |   4.45 |I I 
21:59-Thu-May-11-2017 PM2.5 |   4.86 |   4.41 |   4.37 |   2.97 |I I 
22:03-Thu-May-11-2017 PM10  |  16.94 |  15.43 |  15.43 |   4.45 |I I 
22:03-Thu-May-11-2017 PM2.5 |   4.63 |   4.42 |   4.42 |   2.97 |I I 
22:04-Thu-May-11-2017 PM10  |  11.28 |  11.28 |  15.43 |   4.45 |I I 
22:04-Thu-May-11-2017 PM2.5 |   4.44 |   4.44 |   4.42 |   2.97 |I I 
22:08-Thu-May-11-2017 PM10  |  13.90 |  12.59 |  15.43 |   4.45 |I I 
22:08-Thu-May-11-2017 PM2.5 |   5.00 |   4.72 |   4.42 |   2.97 |I I 
22:09-Thu-May-11-2017 PM10  |  13.76 |  12.98 |  15.43 |   4.45 |B B 
22:09-Thu-May-11-2017 PM2.5 |   4.27 |   4.57 |   4.42 |   2.97 |B B 
22:13-Thu-May-11-2017recover dati per host :salvatorehost.no-ip.org/aria
22:13-Thu-May-11-2017recover dati per host :92.223.147.77/nodered
22:13-Thu-May-11-2017 PM10  |  17.65 |  14.15 |  15.43 |   4.45 |I I 
22:13-Thu-May-11-2017 PM2.5 |   5.10 |   4.71 |   4.42 |   2.97 |I I 
22:14-Thu-May-11-2017 PM10  |  13.05 |  13.93 |  15.43 |   4.45 |I I 
22:14-Thu-May-11-2017 PM2.5 |   4.19 |   4.60 |   4.42 |   2.97 |I I 
22:18-Thu-May-11-2017 PM10  |  18.36 |  14.67 |  15.43 |   4.45 |I I 
22:18-Thu-May-11-2017 PM2.5 |   4.71 |   4.62 |   4.42 |   2.97 |I I 
22:19-Thu-May-11-2017 PM10  |  17.13 |  15.02 |  15.43 |   4.45 |I I 
22:19-Thu-May-11-2017 PM2.5 |   4.53 |   4.61 |   4.42 |   2.97 |I I 
22:24-Thu-May-11-2017 PM10  |  12.14 |  14.66 |  15.43 |   4.45 |I I 
22:24-Thu-May-11-2017 PM2.5 |   4.26 |   4.56 |   4.42 |   2.97 |I I 
22:25-Thu-May-11-2017 PM10  |  12.89 |  14.46 |  15.43 |   4.45 |I I 
22:25-Thu-May-11-2017 PM2.5 |   4.20 |   4.52 |   4.42 |   2.97 |I I 
22:29-Thu-May-11-2017 PM10  |  14.36 |  14.45 |  15.43 |   4.45 |I I 
22:29-Thu-May-11-2017 PM2.5 |   4.31 |   4.50 |   4.42 |   2.97 |I I 
22:30-Thu-May-11-2017 PM10  |  14.29 |  14.44 |  15.43 |   4.45 |I I 
22:30-Thu-May-11-2017 PM2.5 |   4.09 |   4.46 |   4.42 |   2.97 |I I 
22:34-Thu-May-11-2017 PM10  |  12.47 |  14.27 |  15.43 |   4.45 |I I 
22:34-Thu-May-11-2017 PM2.5 |   4.22 |   4.44 |   4.42 |   2.97 |I I 
22:35-Thu-May-11-2017 PM10  |  20.97 |  14.79 |  15.43 |   4.45 |I I 
22:35-Thu-May-11-2017 PM2.5 |   4.67 |   4.46 |   4.42 |   2.97 |I I 
22:39-Thu-May-11-2017 PM10  |  14.51 |  14.77 |  15.43 |   4.45 |I I 
22:39-Thu-May-11-2017 PM2.5 |   5.09 |   4.51 |   4.42 |   2.97 |I I 
22:40-Thu-May-11-2017 PM10  |  13.87 |  14.71 |  15.43 |   4.45 |B B 
22:40-Thu-May-11-2017 PM2.5 |   4.11 |   4.48 |   4.42 |   2.97 |B B 
22:44-Thu-May-11-2017recover dati per host :salvatorehost.no-ip.org/aria
22:44-Thu-May-11-2017recover dati per host :92.223.147.77/nodered
22:44-Thu-May-11-2017 PM10  |  12.71 |  14.58 |  15.43 |   4.45 |I I 
22:44-Thu-May-11-2017 PM2.5 |   4.16 |   4.46 |   4.42 |   2.97 |I I 
22:45-Thu-May-11-2017 PM10  |  14.66 |  14.59 |  15.43 |   4.45 |I I 
22:45-Thu-May-11-2017 PM2.5 |   4.25 |   4.45 |   4.42 |   2.97 |I I 
22:49-Thu-May-11-2017 PM10  |  15.50 |  14.64 |  15.43 |   4.45 |I I 
22:49-Thu-May-11-2017 PM2.5 |   3.88 |   4.42 |   4.42 |   2.97 |I I 
22:50-Thu-May-11-2017 PM10  |  17.20 |  14.77 |  15.43 |   4.45 |I I 
22:50-Thu-May-11-2017 PM2.5 |   4.21 |   4.41 |   4.42 |   2.97 |I I 
22:54-Thu-May-11-2017 PM10  |  12.90 |  14.68 |  15.43 |   4.45 |B I 
22:54-Thu-May-11-2017 PM2.5 |   4.27 |   4.40 |   4.42 |   2.97 |B I 
22:55-Thu-May-11-2017 PM10  |  18.86 |  14.88 |  15.43 |   4.45 |B B 
22:55-Thu-May-11-2017 PM2.5 |   4.58 |   4.41 |   4.42 |   2.97 |B B 
22:59-Thu-May-11-2017recover dati per host :salvatorehost.no-ip.org/aria
22:59-Thu-May-11-2017recover dati per host :92.223.147.77/nodered
22:59-Thu-May-11-2017 PM10  |  16.44 |  14.95 |  15.43 |   4.45 |I I 
22:59-Thu-May-11-2017 PM2.5 |   4.53 |   4.41 |   4.42 |   2.97 |I I 
23:00-Thu-May-11-2017 PM10  |  10.75 |  14.77 |  15.43 |   4.45 |I I 
23:00-Thu-May-11-2017 PM2.5 |   4.22 |   4.40 |   4.42 |   2.97 |I I 
23:03-Thu-May-11-2017 PM10  |  14.93 |  14.93 |  15.43 |   4.45 |I I 
23:03-Thu-May-11-2017 PM2.5 |   4.68 |   4.68 |   4.42 |   2.97 |I I 
23:04-Thu-May-11-2017 PM10  |  11.85 |  13.39 |  15.43 |   4.45 |I I 
23:04-Thu-May-11-2017 PM2.5 |   4.36 |   4.52 |   4.42 |   2.97 |I I 
23:08-Thu-May-11-2017 PM10  |  11.69 |  12.82 |  15.43 |   4.45 |I I 
23:08-Thu-May-11-2017 PM2.5 |   4.84 |   4.63 |   4.42 |   2.97 |I I 
23:09-Thu-May-11-2017Timeout Event handler
23:09-Thu-May-11-2017 PM10  |   9.91 |  12.09 |  15.43 |   4.45 |B B 
23:09-Thu-May-11-2017 PM2.5 |   4.42 |   4.58 |   4.42 |   2.97 |B B 
23:14-Thu-May-11-2017recover dati per host :92.223.147.77/nodered
23:14-Thu-May-11-2017 PM10  |  10.19 |  11.71 |  15.43 |   4.45 |B I 
23:14-Thu-May-11-2017 PM2.5 |   3.99 |   4.46 |   4.42 |   2.97 |B I 
23:15-Thu-May-11-2017 PM10  |  18.71 |  12.88 |  15.43 |   4.45 |B B 
23:15-Thu-May-11-2017 PM2.5 |   4.60 |   4.48 |   4.42 |   2.97 |B B 
23:19-Thu-May-11-2017 PM10  |  16.41 |  13.38 |  15.43 |   4.45 |B B 
23:19-Thu-May-11-2017 PM2.5 |   4.75 |   4.52 |   4.42 |   2.97 |B B 
23:20-Thu-May-11-2017Timeout Event handler
23:20-Thu-May-11-2017 PM10  |  13.08 |  13.35 |  15.43 |   4.45 |B B 
23:20-Thu-May-11-2017 PM2.5 |   4.13 |   4.47 |   4.42 |   2.97 |B B 
23:24-Thu-May-11-2017recover dati per host :salvatorehost.no-ip.org/aria
23:24-Thu-May-11-2017recover dati per host :92.223.147.77/nodered
23:24-Thu-May-11-2017 PM10  |  10.72 |  13.05 |  15.43 |   4.45 |I I 
23:24-Thu-May-11-2017 PM2.5 |   4.20 |   4.44 |   4.42 |   2.97 |I I 
23:25-Thu-May-11-2017 PM10  |  12.31 |  12.98 |  15.43 |   4.45 |I I 
23:25-Thu-May-11-2017 PM2.5 |   3.92 |   4.39 |   4.42 |   2.97 |I I 
23:29-Thu-May-11-2017Timeout Event handler
23:29-Thu-May-11-2017 PM10  |  14.56 |  13.12 |  15.43 |   4.45 |B B 
23:29-Thu-May-11-2017 PM2.5 |   4.46 |   4.40 |   4.42 |   2.97 |B B 
23:30-Thu-May-11-2017Timeout Event handler
23:30-Thu-May-11-2017recover dati per host :92.223.147.77/nodered
23:30-Thu-May-11-2017 PM10  |   9.50 |  12.82 |  15.43 |   4.45 |B I 
23:30-Thu-May-11-2017 PM2.5 |   4.16 |   4.38 |   4.42 |   2.97 |B I 
23:34-Thu-May-11-2017recover dati per host :salvatorehost.no-ip.org/aria
23:34-Thu-May-11-2017 PM10  |  13.74 |  12.89 |  15.43 |   4.45 |I I 
23:34-Thu-May-11-2017 PM2.5 |   4.38 |   4.38 |   4.42 |   2.97 |I I 
23:35-Thu-May-11-2017 PM10  |  11.18 |  12.77 |  15.43 |   4.45 |B B 
23:35-Thu-May-11-2017 PM2.5 |   4.01 |   4.35 |   4.42 |   2.97 |B B 
23:39-Thu-May-11-2017Timeout Event handler
23:39-Thu-May-11-2017 PM10  |  12.64 |  12.76 |  15.43 |   4.45 |B B 
23:39-Thu-May-11-2017 PM2.5 |   4.16 |   4.34 |   4.42 |   2.97 |B B 
23:40-Thu-May-11-2017recover dati per host :salvatorehost.no-ip.org/aria
23:40-Thu-May-11-2017recover dati per host :92.223.147.77/nodered
23:40-Thu-May-11-2017 PM10  |  12.88 |  12.77 |  15.43 |   4.45 |I I 
23:40-Thu-May-11-2017 PM2.5 |   4.00 |   4.32 |   4.42 |   2.97 |I I 
23:44-Thu-May-11-2017 PM10  |  11.32 |  12.68 |  15.43 |   4.45 |I I 
23:44-Thu-May-11-2017 PM2.5 |   4.36 |   4.32 |   4.42 |   2.97 |I I 
23:45-Thu-May-11-2017 PM10  |  12.17 |  12.66 |  15.43 |   4.45 |I B 
23:45-Thu-May-11-2017 PM2.5 |   4.32 |   4.32 |   4.42 |   2.97 |I B 
23:49-Thu-May-11-2017recover dati per host :92.223.147.77/nodered
23:49-Thu-May-11-2017 PM10  |  15.07 |  12.78 |  15.43 |   4.45 |I I 
23:49-Thu-May-11-2017 PM2.5 |   4.30 |   4.32 |   4.42 |   2.97 |I I 
23:50-Thu-May-11-2017 PM10  |  13.85 |  12.84 |  15.43 |   4.45 |I I 
23:50-Thu-May-11-2017 PM2.5 |   4.29 |   4.32 |   4.42 |   2.97 |I I 
23:54-Thu-May-11-2017 PM10  |  12.02 |  12.80 |  15.43 |   4.45 |I I 
23:54-Thu-May-11-2017 PM2.5 |   4.28 |   4.32 |   4.42 |   2.97 |I I 
23:58-Thu-May-11-2017 PM10  |  14.93 |  12.89 |  15.43 |   4.45 |I I 
23:58-Thu-May-11-2017 PM2.5 |   4.44 |   4.32 |   4.42 |   2.97 |I I 
23:59-Thu-May-11-2017 PM10  |  12.12 |  12.86 |  15.43 |   4.45 |I B 
23:59-Thu-May-11-2017 PM2.5 |   3.93 |   4.30 |   4.42 |   2.97 |I B 
00:03-Fri-May-12-2017recover dati per host :92.223.147.77/nodered
