[Thu Apr  6 00:01:17 2017] Report del giorno Thursday April 06 2017 -- INVIATO a centraline@googlegroups.com
00:01-Thu-Apr-06-2017 PM2.5 |   9.29 |   9.35 |  24.51 |   9.35 |I I 
00:02-Thu-Apr-06-2017 PM10  |  14.53 |  14.53 |   0.00 |  2000.00|I I 
00:02-Thu-Apr-06-2017 PM2.5 |   9.41 |   9.41 |   0.00 |  2000.00|I I 
00:06-Thu-Apr-06-2017 PM10  |  12.49 |  13.51 |   0.00 |  2000.00|I I 
00:06-Thu-Apr-06-2017 PM2.5 |   9.23 |   9.32 |   0.00 |  2000.00|I I 
00:07-Thu-Apr-06-2017 PM10  |  15.19 |  14.07 |   0.00 |  2000.00|I I 
00:07-Thu-Apr-06-2017 PM2.5 |   9.23 |   9.29 |   0.00 |  2000.00|I I 
00:11-Thu-Apr-06-2017 PM10  |  14.60 |  14.20 |   0.00 |  2000.00|I I 
00:11-Thu-Apr-06-2017 PM2.5 |   9.14 |   9.25 |   0.00 |  2000.00|I I 
00:12-Thu-Apr-06-2017 PM10  |  13.29 |  14.02 |   0.00 |  2000.00|I I 
00:12-Thu-Apr-06-2017 PM2.5 |   9.38 |   9.28 |   0.00 |  2000.00|I I 
00:13-Thu-Apr-06-2017 PM10  |  13.29 |  13.90 |   0.00 |  2000.00|I I 
00:13-Thu-Apr-06-2017 PM2.5 |   9.38 |   9.30 |   0.00 |  2000.00|I I 
00:17-Thu-Apr-06-2017 PM10  |  17.12 |  14.36 |   0.00 |  2000.00|I I 
00:17-Thu-Apr-06-2017 PM2.5 |   9.64 |   9.35 |   0.00 |  2000.00|I I 
00:18-Thu-Apr-06-2017 PM10  |  12.31 |  14.10 |   0.00 |  2000.00|I I 
00:18-Thu-Apr-06-2017 PM2.5 |   8.92 |   9.29 |   0.00 |  2000.00|I I 
00:22-Thu-Apr-06-2017 PM10  |  11.95 |  13.86 |   0.00 |  2000.00|I I 
00:22-Thu-Apr-06-2017 PM2.5 |   9.25 |   9.29 |   0.00 |  2000.00|I I 
00:23-Thu-Apr-06-2017 PM10  |  13.30 |  13.81 |   0.00 |  2000.00|I I 
00:23-Thu-Apr-06-2017 PM2.5 |   9.39 |   9.30 |   0.00 |  2000.00|I I 
00:27-Thu-Apr-06-2017 PM10  |  13.88 |  13.81 |   0.00 |  2000.00|I I 
00:27-Thu-Apr-06-2017 PM2.5 |   9.38 |   9.31 |   0.00 |  2000.00|I I 
00:28-Thu-Apr-06-2017 PM10  |  13.05 |  13.75 |   0.00 |  2000.00|I I 
00:28-Thu-Apr-06-2017 PM2.5 |   9.36 |   9.31 |   0.00 |  2000.00|I I 
00:32-Thu-Apr-06-2017 PM10  |  12.95 |  13.69 |   0.00 |  2000.00|I I 
00:32-Thu-Apr-06-2017 PM2.5 |   9.40 |   9.32 |   0.00 |  2000.00|I I 
00:33-Thu-Apr-06-2017 PM10  |  14.04 |  13.71 |   0.00 |  2000.00|I I 
00:33-Thu-Apr-06-2017 PM2.5 |   8.93 |   9.29 |   0.00 |  2000.00|I I 
00:37-Thu-Apr-06-2017 PM10  |  13.74 |  13.72 |   0.00 |  2000.00|I I 
00:37-Thu-Apr-06-2017 PM2.5 |   9.39 |   9.30 |   0.00 |  2000.00|I I 
00:38-Thu-Apr-06-2017 PM10  |  13.35 |  13.69 |   0.00 |  2000.00|I I 
00:38-Thu-Apr-06-2017 PM2.5 |   8.87 |   9.27 |   0.00 |  2000.00|I I 
00:39-Thu-Apr-06-2017 PM10  |  13.35 |  13.67 |   0.00 |  2000.00|I I 
00:39-Thu-Apr-06-2017 PM2.5 |   8.87 |   9.25 |   0.00 |  2000.00|I I 
00:43-Thu-Apr-06-2017 PM10  |  13.59 |  13.67 |   0.00 |  2000.00|I I 
00:43-Thu-Apr-06-2017 PM2.5 |   9.32 |   9.25 |   0.00 |  2000.00|I I 
00:44-Thu-Apr-06-2017 PM10  |  12.05 |  13.58 |   0.00 |  2000.00|I I 
00:44-Thu-Apr-06-2017 PM2.5 |   8.68 |   9.22 |   0.00 |  2000.00|I I 
00:48-Thu-Apr-06-2017 PM10  |  12.99 |  13.55 |   0.00 |  2000.00|I I 
00:48-Thu-Apr-06-2017 PM2.5 |   9.37 |   9.23 |   0.00 |  2000.00|I I 
00:49-Thu-Apr-06-2017 PM10  |  12.33 |  13.50 |   0.00 |  2000.00|I I 
00:49-Thu-Apr-06-2017 PM2.5 |   9.15 |   9.22 |   0.00 |  2000.00|I I 
00:53-Thu-Apr-06-2017 PM10  |  13.73 |  13.51 |   0.00 |  2000.00|I I 
00:53-Thu-Apr-06-2017 PM2.5 |   9.49 |   9.24 |   0.00 |  2000.00|I I 
00:54-Thu-Apr-06-2017 PM10  |  13.33 |  13.50 |   0.00 |  2000.00|I I 
00:54-Thu-Apr-06-2017 PM2.5 |   9.19 |   9.23 |   0.00 |  2000.00|I I 
00:58-Thu-Apr-06-2017 PM10  |  11.88 |  13.43 |   0.00 |  2000.00|I I 
00:58-Thu-Apr-06-2017 PM2.5 |   8.94 |   9.22 |   0.00 |  2000.00|I I 
00:59-Thu-Apr-06-2017 PM10  |  14.37 |  13.47 |   0.00 |  2000.00|I I 
00:59-Thu-Apr-06-2017 PM2.5 |   8.93 |   9.21 |   0.00 |  2000.00|I I 
01:03-Thu-Apr-06-2017 PM10  |  13.05 |  13.45 |  13.45 |  13.45 |I I 
01:03-Thu-Apr-06-2017 PM2.5 |   9.16 |   9.21 |   9.21 |   9.21 |I I 
01:04-Thu-Apr-06-2017 PM10  |  13.32 |  13.32 |  13.45 |  13.45 |I I 
01:04-Thu-Apr-06-2017 PM2.5 |   8.95 |   8.95 |   9.21 |   9.21 |I I 
01:05-Thu-Apr-06-2017 PM10  |  13.32 |  13.32 |  13.45 |  13.45 |I I 
01:05-Thu-Apr-06-2017 PM2.5 |   8.95 |   8.95 |   9.21 |   9.21 |I I 
01:09-Thu-Apr-06-2017 PM10  |  15.07 |  13.90 |  13.45 |  13.45 |I I 
01:09-Thu-Apr-06-2017 PM2.5 |   9.62 |   9.18 |   9.21 |   9.21 |I I 
01:10-Thu-Apr-06-2017 PM10  |  13.10 |  13.70 |  13.45 |  13.45 |I I 
01:10-Thu-Apr-06-2017 PM2.5 |   9.39 |   9.23 |   9.21 |   9.21 |I I 
01:14-Thu-Apr-06-2017 PM10  |  14.10 |  13.78 |  13.45 |  13.45 |I I 
01:14-Thu-Apr-06-2017 PM2.5 |   9.68 |   9.32 |   9.21 |   9.21 |I I 
01:15-Thu-Apr-06-2017 PM10  |  11.65 |  13.43 |  13.45 |  13.45 |I I 
01:15-Thu-Apr-06-2017 PM2.5 |   8.72 |   9.22 |   9.21 |   9.21 |I I 
01:19-Thu-Apr-06-2017 PM10  |  12.22 |  13.25 |  13.45 |  13.45 |I I 
01:19-Thu-Apr-06-2017 PM2.5 |   8.72 |   9.15 |   9.21 |   9.21 |I I 
01:20-Thu-Apr-06-2017 PM10  |  12.53 |  13.16 |  13.45 |  13.45 |I I 
01:20-Thu-Apr-06-2017 PM2.5 |   9.14 |   9.15 |   9.21 |   9.21 |I I 
01:24-Thu-Apr-06-2017 PM10  |  14.72 |  13.34 |  13.45 |  13.45 |I I 
01:24-Thu-Apr-06-2017 PM2.5 |   9.29 |   9.16 |   9.21 |   9.21 |I I 
01:25-Thu-Apr-06-2017 PM10  |  13.27 |  13.33 |  13.45 |  13.45 |I I 
01:25-Thu-Apr-06-2017 PM2.5 |   9.29 |   9.17 |   9.21 |   9.21 |I I 
01:29-Thu-Apr-06-2017 PM10  |  12.15 |  13.22 |  13.45 |  13.45 |I I 
01:29-Thu-Apr-06-2017 PM2.5 |   9.16 |   9.17 |   9.21 |   9.21 |I I 
01:30-Thu-Apr-06-2017 PM10  |  13.37 |  13.23 |  13.45 |  13.45 |I I 
01:30-Thu-Apr-06-2017 PM2.5 |   9.14 |   9.17 |   9.21 |   9.21 |I I 
01:31-Thu-Apr-06-2017 PM10  |  13.37 |  13.24 |  13.45 |  13.45 |I I 
01:31-Thu-Apr-06-2017 PM2.5 |   9.14 |   9.17 |   9.21 |   9.21 |I I 
01:35-Thu-Apr-06-2017 PM10  |  12.87 |  13.22 |  13.45 |  13.45 |I I 
01:35-Thu-Apr-06-2017 PM2.5 |   9.41 |   9.19 |   9.21 |   9.21 |I I 
01:36-Thu-Apr-06-2017 PM10  |  13.51 |  13.24 |  13.45 |  13.45 |I I 
01:36-Thu-Apr-06-2017 PM2.5 |   8.94 |   9.17 |   9.21 |   9.21 |I I 
01:40-Thu-Apr-06-2017 PM10  |  12.35 |  13.18 |  13.45 |  13.45 |I I 
01:40-Thu-Apr-06-2017 PM2.5 |   8.79 |   9.15 |   9.21 |   9.21 |I I 
01:41-Thu-Apr-06-2017 PM10  |  13.22 |  13.18 |  13.45 |  13.45 |I I 
01:41-Thu-Apr-06-2017 PM2.5 |   9.05 |   9.14 |   9.21 |   9.21 |I I 
01:45-Thu-Apr-06-2017 PM10  |  12.01 |  13.12 |  13.45 |  13.45 |I I 
01:45-Thu-Apr-06-2017 PM2.5 |   9.08 |   9.14 |   9.21 |   9.21 |I I 
01:46-Thu-Apr-06-2017 PM10  |  14.32 |  13.18 |  13.45 |  13.45 |I I 
01:46-Thu-Apr-06-2017 PM2.5 |   9.20 |   9.14 |   9.21 |   9.21 |I I 
01:50-Thu-Apr-06-2017 PM10  |  13.14 |  13.18 |  13.45 |  13.45 |I I 
01:50-Thu-Apr-06-2017 PM2.5 |   9.12 |   9.14 |   9.21 |   9.21 |I I 
01:51-Thu-Apr-06-2017 PM10  |  12.08 |  13.13 |  13.45 |  13.45 |I I 
01:51-Thu-Apr-06-2017 PM2.5 |   8.52 |   9.11 |   9.21 |   9.21 |I I 
01:55-Thu-Apr-06-2017 PM10  |  13.95 |  13.16 |  13.45 |  13.45 |I I 
01:55-Thu-Apr-06-2017 PM2.5 |   9.28 |   9.12 |   9.21 |   9.21 |I I 
01:56-Thu-Apr-06-2017 PM10  |  16.42 |  13.31 |  13.45 |  13.45 |I I 
01:56-Thu-Apr-06-2017 PM2.5 |   9.17 |   9.12 |   9.21 |   9.21 |I I 
01:57-Thu-Apr-06-2017 PM10  |  16.42 |  13.44 |  13.45 |  13.45 |I I 
01:57-Thu-Apr-06-2017 PM2.5 |   9.17 |   9.12 |   9.21 |   9.21 |I I 
02:01-Thu-Apr-06-2017 PM10  |  14.67 |  13.49 |  13.49 |  13.45 |I I 
02:01-Thu-Apr-06-2017 PM2.5 |   9.47 |   9.14 |   9.21 |   9.14 |I I 
02:02-Thu-Apr-06-2017 PM10  |  12.27 |  12.27 |  13.49 |  13.45 |I I 
02:02-Thu-Apr-06-2017 PM2.5 |   8.68 |   8.68 |   9.21 |   9.14 |I I 
02:06-Thu-Apr-06-2017 PM10  |  11.23 |  11.75 |  13.49 |  13.45 |I I 
02:06-Thu-Apr-06-2017 PM2.5 |   8.72 |   8.70 |   9.21 |   9.14 |I I 
02:08-Thu-Apr-06-2017 PM10  |  11.97 |  11.82 |  13.49 |  13.45 |I I 
02:08-Thu-Apr-06-2017 PM2.5 |   8.79 |   8.73 |   9.21 |   9.14 |I I 
02:12-Thu-Apr-06-2017 PM10  |  12.80 |  12.07 |  13.49 |  13.45 |I I 
02:12-Thu-Apr-06-2017 PM2.5 |   8.73 |   8.73 |   9.21 |   9.14 |I I 
02:13-Thu-Apr-06-2017 PM10  |  15.37 |  12.73 |  13.49 |  13.45 |I I 
02:13-Thu-Apr-06-2017 PM2.5 |   9.00 |   8.79 |   9.21 |   9.14 |I I 
02:17-Thu-Apr-06-2017 PM10  |  12.19 |  12.64 |  13.49 |  13.45 |I I 
02:17-Thu-Apr-06-2017 PM2.5 |   9.20 |   8.86 |   9.21 |   9.14 |I I 
02:18-Thu-Apr-06-2017 PM10  |  10.90 |  12.39 |  13.49 |  13.45 |I I 
02:18-Thu-Apr-06-2017 PM2.5 |   8.46 |   8.80 |   9.21 |   9.14 |I I 
02:22-Thu-Apr-06-2017 PM10  |  12.65 |  12.42 |  13.49 |  13.45 |I I 
02:22-Thu-Apr-06-2017 PM2.5 |   8.96 |   8.82 |   9.21 |   9.14 |I I 
02:23-Thu-Apr-06-2017 PM10  |  13.37 |  12.53 |  13.49 |  13.45 |I I 
02:23-Thu-Apr-06-2017 PM2.5 |   8.49 |   8.78 |   9.21 |   9.14 |I I 
02:24-Thu-Apr-06-2017 PM10  |  13.37 |  12.61 |  13.49 |  13.45 |I I 
02:24-Thu-Apr-06-2017 PM2.5 |   8.49 |   8.76 |   9.21 |   9.14 |I I 
02:28-Thu-Apr-06-2017 PM10  |  13.66 |  12.71 |  13.49 |  13.45 |I I 
02:28-Thu-Apr-06-2017 PM2.5 |   8.90 |   8.77 |   9.21 |   9.14 |I I 
02:29-Thu-Apr-06-2017 PM10  |  14.77 |  12.88 |  13.49 |  13.45 |I I 
02:29-Thu-Apr-06-2017 PM2.5 |   9.27 |   8.81 |   9.21 |   9.14 |I I 
02:33-Thu-Apr-06-2017 PM10  |  15.66 |  13.09 |  13.49 |  13.45 |I I 
02:33-Thu-Apr-06-2017 PM2.5 |   9.34 |   8.85 |   9.21 |   9.14 |I I 
02:34-Thu-Apr-06-2017 PM10  |  12.78 |  13.07 |  13.49 |  13.45 |I I 
02:34-Thu-Apr-06-2017 PM2.5 |   8.96 |   8.86 |   9.21 |   9.14 |I I 
02:38-Thu-Apr-06-2017 PM10  |  14.01 |  13.13 |  13.49 |  13.45 |I I 
02:38-Thu-Apr-06-2017 PM2.5 |   9.01 |   8.87 |   9.21 |   9.14 |I I 
02:39-Thu-Apr-06-2017 PM10  |  11.50 |  13.03 |  13.49 |  13.45 |I I 
02:39-Thu-Apr-06-2017 PM2.5 |   8.78 |   8.86 |   9.21 |   9.14 |I I 
02:43-Thu-Apr-06-2017 PM10  |  13.25 |  13.04 |  13.49 |  13.45 |I I 
02:43-Thu-Apr-06-2017 PM2.5 |   9.12 |   8.88 |   9.21 |   9.14 |I I 
02:44-Thu-Apr-06-2017 PM10  |  12.00 |  12.99 |  13.49 |  13.45 |I I 
02:44-Thu-Apr-06-2017 PM2.5 |   9.07 |   8.89 |   9.21 |   9.14 |I I 
02:48-Thu-Apr-06-2017 PM10  |  14.46 |  13.06 |  13.49 |  13.45 |I I 
02:48-Thu-Apr-06-2017 PM2.5 |   8.97 |   8.89 |   9.21 |   9.14 |I I 
02:49-Thu-Apr-06-2017 PM10  |  12.26 |  13.02 |  13.49 |  13.45 |I I 
02:49-Thu-Apr-06-2017 PM2.5 |   8.82 |   8.89 |   9.21 |   9.14 |I I 
02:50-Thu-Apr-06-2017 PM10  |  12.26 |  12.99 |  13.49 |  13.45 |I I 
02:50-Thu-Apr-06-2017 PM2.5 |   8.82 |   8.89 |   9.21 |   9.14 |I I 
02:54-Thu-Apr-06-2017 PM10  |  13.24 |  13.00 |  13.49 |  13.45 |I I 
02:54-Thu-Apr-06-2017 PM2.5 |   8.79 |   8.88 |   9.21 |   9.14 |I I 
02:55-Thu-Apr-06-2017 PM10  |  11.38 |  12.93 |  13.49 |  13.45 |I I 
02:55-Thu-Apr-06-2017 PM2.5 |   8.76 |   8.88 |   9.21 |   9.14 |I I 
02:59-Thu-Apr-06-2017 PM10  |  12.53 |  12.91 |  13.49 |  13.45 |I I 
02:59-Thu-Apr-06-2017 PM2.5 |   9.11 |   8.89 |   9.21 |   9.14 |I I 
03:00-Thu-Apr-06-2017 PM10  |  11.50 |  12.86 |  13.49 |  12.86 |I I 
03:00-Thu-Apr-06-2017 PM2.5 |   8.56 |   8.87 |   9.21 |   8.87 |I I 
03:04-Thu-Apr-06-2017 PM10  |  13.16 |  13.16 |  13.49 |  12.86 |I I 
03:04-Thu-Apr-06-2017 PM2.5 |   9.01 |   9.01 |   9.21 |   8.87 |I I 
03:05-Thu-Apr-06-2017 PM10  |  13.66 |  13.41 |  13.49 |  12.86 |I I 
03:05-Thu-Apr-06-2017 PM2.5 |   9.05 |   9.03 |   9.21 |   8.87 |I I 
03:09-Thu-Apr-06-2017 PM10  |  13.19 |  13.34 |  13.49 |  12.86 |I I 
03:09-Thu-Apr-06-2017 PM2.5 |   9.02 |   9.03 |   9.21 |   8.87 |I I 
03:10-Thu-Apr-06-2017 PM10  |  13.04 |  13.26 |  13.49 |  12.86 |I I 
03:10-Thu-Apr-06-2017 PM2.5 |   8.72 |   8.95 |   9.21 |   8.87 |I I 
03:14-Thu-Apr-06-2017 PM10  |  11.44 |  12.90 |  13.49 |  12.86 |I I 
03:14-Thu-Apr-06-2017 PM2.5 |   8.58 |   8.88 |   9.21 |   8.87 |I I 
03:15-Thu-Apr-06-2017 PM10  |  14.70 |  13.20 |  13.49 |  12.86 |I I 
03:15-Thu-Apr-06-2017 PM2.5 |   8.95 |   8.89 |   9.21 |   8.87 |I I 
03:16-Thu-Apr-06-2017 PM10  |  14.70 |  13.41 |  13.49 |  12.86 |I I 
03:16-Thu-Apr-06-2017 PM2.5 |   8.95 |   8.90 |   9.21 |   8.87 |I I 
03:20-Thu-Apr-06-2017 PM10  |  12.82 |  13.34 |  13.49 |  12.86 |I I 
03:20-Thu-Apr-06-2017 PM2.5 |   8.97 |   8.91 |   9.21 |   8.87 |I I 
03:21-Thu-Apr-06-2017 PM10  |  14.21 |  13.43 |  13.49 |  12.86 |I I 
03:21-Thu-Apr-06-2017 PM2.5 |   8.70 |   8.88 |   9.21 |   8.87 |I I 
03:25-Thu-Apr-06-2017 PM10  |  12.26 |  13.32 |  13.49 |  12.86 |I I 
03:25-Thu-Apr-06-2017 PM2.5 |   9.12 |   8.91 |   9.21 |   8.87 |I I 
03:26-Thu-Apr-06-2017 PM10  |  11.23 |  13.13 |  13.49 |  12.86 |I I 
03:26-Thu-Apr-06-2017 PM2.5 |   8.02 |   8.83 |   9.21 |   8.87 |I I 
03:30-Thu-Apr-06-2017 PM10  |  15.29 |  13.31 |  13.49 |  12.86 |I I 
03:30-Thu-Apr-06-2017 PM2.5 |   9.01 |   8.84 |   9.21 |   8.87 |I I 
03:31-Thu-Apr-06-2017 PM10  |  14.08 |  13.37 |  13.49 |  12.86 |I I 
03:31-Thu-Apr-06-2017 PM2.5 |   8.68 |   8.83 |   9.21 |   8.87 |I I 
03:35-Thu-Apr-06-2017 PM10  |  13.69 |  13.39 |  13.49 |  12.86 |I I 
03:35-Thu-Apr-06-2017 PM2.5 |   9.07 |   8.85 |   9.21 |   8.87 |I I 
03:36-Thu-Apr-06-2017 PM10  |  11.60 |  13.27 |  13.49 |  12.86 |I I 
03:36-Thu-Apr-06-2017 PM2.5 |   8.54 |   8.83 |   9.21 |   8.87 |I I 
03:40-Thu-Apr-06-2017 PM10  |  15.49 |  13.41 |  13.49 |  12.86 |I I 
03:40-Thu-Apr-06-2017 PM2.5 |   9.15 |   8.85 |   9.21 |   8.87 |I I 
03:41-Thu-Apr-06-2017 PM10  |  10.66 |  13.25 |  13.49 |  12.86 |I I 
03:41-Thu-Apr-06-2017 PM2.5 |   8.23 |   8.81 |   9.21 |   8.87 |I I 
03:42-Thu-Apr-06-2017 PM10  |  10.66 |  13.10 |  13.49 |  12.86 |I I 
03:42-Thu-Apr-06-2017 PM2.5 |   8.23 |   8.78 |   9.21 |   8.87 |I I 
03:46-Thu-Apr-06-2017 PM10  |  12.82 |  13.09 |  13.49 |  12.86 |I I 
03:46-Thu-Apr-06-2017 PM2.5 |   8.99 |   8.79 |   9.21 |   8.87 |I I 
03:47-Thu-Apr-06-2017 PM10  |  13.56 |  13.11 |  13.49 |  12.86 |I I 
03:47-Thu-Apr-06-2017 PM2.5 |   8.87 |   8.79 |   9.21 |   8.87 |I I 
03:51-Thu-Apr-06-2017 PM10  |  14.28 |  13.17 |  13.49 |  12.86 |I I 
03:51-Thu-Apr-06-2017 PM2.5 |   9.27 |   8.82 |   9.21 |   8.87 |I I 
03:52-Thu-Apr-06-2017 PM10  |  13.65 |  13.19 |  13.49 |  12.86 |I I 
03:52-Thu-Apr-06-2017 PM2.5 |   8.75 |   8.81 |   9.21 |   8.87 |I I 
03:56-Thu-Apr-06-2017 PM10  |  11.98 |  13.14 |  13.49 |  12.86 |I I 
03:56-Thu-Apr-06-2017 PM2.5 |   8.87 |   8.82 |   9.21 |   8.87 |I I 
03:57-Thu-Apr-06-2017 PM10  |  13.28 |  13.14 |  13.49 |  12.86 |I I 
03:57-Thu-Apr-06-2017 PM2.5 |   8.70 |   8.81 |   9.21 |   8.87 |I I 
04:01-Thu-Apr-06-2017 PM10  |  12.57 |  13.12 |  13.49 |  12.86 |I I 
04:01-Thu-Apr-06-2017 PM2.5 |   8.81 |   8.81 |   9.21 |   8.81 |I I 
04:02-Thu-Apr-06-2017 PM10  |  13.12 |  13.12 |  13.49 |  12.86 |I I 
04:02-Thu-Apr-06-2017 PM2.5 |   8.15 |   8.15 |   9.21 |   8.81 |I I 
04:06-Thu-Apr-06-2017 PM10  |  10.49 |  11.80 |  13.49 |  12.86 |I I 
04:06-Thu-Apr-06-2017 PM2.5 |   8.46 |   8.30 |   9.21 |   8.81 |I I 
04:07-Thu-Apr-06-2017 PM10  |  12.89 |  12.16 |  13.49 |  12.86 |I I 
04:07-Thu-Apr-06-2017 PM2.5 |   8.52 |   8.38 |   9.21 |   8.81 |I I 
04:08-Thu-Apr-06-2017 PM10  |  12.89 |  12.34 |  13.49 |  12.86 |I I 
04:08-Thu-Apr-06-2017 PM2.5 |   8.52 |   8.41 |   9.21 |   8.81 |I I 
04:12-Thu-Apr-06-2017 PM10  |  11.52 |  12.18 |  13.49 |  12.86 |I I 
04:12-Thu-Apr-06-2017 PM2.5 |   8.50 |   8.43 |   9.21 |   8.81 |I I 
04:13-Thu-Apr-06-2017 PM10  |  11.79 |  12.11 |  13.49 |  12.86 |I I 
04:13-Thu-Apr-06-2017 PM2.5 |   8.12 |   8.38 |   9.21 |   8.81 |I I 
04:17-Thu-Apr-06-2017 PM10  |  14.71 |  12.48 |  13.49 |  12.86 |I I 
04:17-Thu-Apr-06-2017 PM2.5 |   9.11 |   8.48 |   9.21 |   8.81 |I I 
04:18-Thu-Apr-06-2017 PM10  |  12.78 |  12.52 |  13.49 |  12.86 |I I 
04:18-Thu-Apr-06-2017 PM2.5 |   8.60 |   8.50 |   9.21 |   8.81 |I I 
04:22-Thu-Apr-06-2017 PM10  |  13.87 |  12.67 |  13.49 |  12.86 |I I 
04:22-Thu-Apr-06-2017 PM2.5 |   9.01 |   8.55 |   9.21 |   8.81 |I I 
04:23-Thu-Apr-06-2017 PM10  |  11.74 |  12.58 |  13.49 |  12.86 |I I 
04:23-Thu-Apr-06-2017 PM2.5 |   8.53 |   8.55 |   9.21 |   8.81 |I I 
04:27-Thu-Apr-06-2017 PM10  |  12.64 |  12.58 |  13.49 |  12.86 |I I 
04:27-Thu-Apr-06-2017 PM2.5 |   9.12 |   8.60 |   9.21 |   8.81 |I I 
04:28-Thu-Apr-06-2017 PM10  |  12.20 |  12.55 |  13.49 |  12.86 |I I 
04:28-Thu-Apr-06-2017 PM2.5 |   8.70 |   8.61 |   9.21 |   8.81 |I I 
04:32-Thu-Apr-06-2017 PM10  |  12.06 |  12.51 |  13.49 |  12.86 |I I 
04:32-Thu-Apr-06-2017 PM2.5 |   8.83 |   8.63 |   9.21 |   8.81 |I I 
04:33-Thu-Apr-06-2017 PM10  |  12.21 |  12.49 |  13.49 |  12.86 |I I 
04:33-Thu-Apr-06-2017 PM2.5 |   8.48 |   8.62 |   9.21 |   8.81 |I I 
04:34-Thu-Apr-06-2017 PM10  |  12.21 |  12.47 |  13.49 |  12.86 |I I 
04:34-Thu-Apr-06-2017 PM2.5 |   8.48 |   8.61 |   9.21 |   8.81 |I I 
04:38-Thu-Apr-06-2017 PM10  |  12.33 |  12.46 |  13.49 |  12.86 |I I 
04:38-Thu-Apr-06-2017 PM2.5 |   8.80 |   8.62 |   9.21 |   8.81 |I I 
04:39-Thu-Apr-06-2017 PM10  |  13.01 |  12.50 |  13.49 |  12.86 |I I 
04:39-Thu-Apr-06-2017 PM2.5 |   8.77 |   8.63 |   9.21 |   8.81 |I I 
04:43-Thu-Apr-06-2017 PM10  |  12.07 |  12.47 |  13.49 |  12.86 |I I 
04:43-Thu-Apr-06-2017 PM2.5 |   9.00 |   8.65 |   9.21 |   8.81 |I I 
04:44-Thu-Apr-06-2017 PM10  |  12.46 |  12.47 |  13.49 |  12.86 |I I 
04:44-Thu-Apr-06-2017 PM2.5 |   8.51 |   8.64 |   9.21 |   8.81 |I I 
04:48-Thu-Apr-06-2017 PM10  |  12.80 |  12.49 |  13.49 |  12.86 |I I 
04:48-Thu-Apr-06-2017 PM2.5 |   8.98 |   8.66 |   9.21 |   8.81 |I I 
04:49-Thu-Apr-06-2017 PM10  |  10.54 |  12.40 |  13.49 |  12.86 |I I 
04:49-Thu-Apr-06-2017 PM2.5 |   8.53 |   8.65 |   9.21 |   8.81 |I I 
04:53-Thu-Apr-06-2017 PM10  |  13.17 |  12.43 |  13.49 |  12.86 |I I 
04:53-Thu-Apr-06-2017 PM2.5 |   8.85 |   8.66 |   9.21 |   8.81 |I I 
04:54-Thu-Apr-06-2017 PM10  |  11.29 |  12.38 |  13.49 |  12.86 |I I 
04:54-Thu-Apr-06-2017 PM2.5 |   8.32 |   8.65 |   9.21 |   8.81 |I I 
04:58-Thu-Apr-06-2017 PM10  |  13.34 |  12.42 |  13.49 |  12.86 |I I 
04:58-Thu-Apr-06-2017 PM2.5 |   8.84 |   8.66 |   9.21 |   8.81 |I I 
04:59-Thu-Apr-06-2017 PM10  |  13.77 |  12.48 |  13.49 |  12.86 |I I 
04:59-Thu-Apr-06-2017 PM2.5 |   8.85 |   8.66 |   9.21 |   8.81 |I I 
05:00-Thu-Apr-06-2017 PM10  |  13.77 |  12.53 |  13.49 |  12.53 |I I 
05:00-Thu-Apr-06-2017 PM2.5 |   8.85 |   8.67 |   9.21 |   8.67 |I I 
05:04-Thu-Apr-06-2017 PM10  |  13.01 |  13.01 |  13.49 |  12.53 |I I 
05:04-Thu-Apr-06-2017 PM2.5 |   9.05 |   9.05 |   9.21 |   8.67 |I I 
05:05-Thu-Apr-06-2017 PM10  |  11.43 |  12.22 |  13.49 |  12.53 |I I 
05:05-Thu-Apr-06-2017 PM2.5 |   8.34 |   8.70 |   9.21 |   8.67 |I I 
05:09-Thu-Apr-06-2017 PM10  |  11.57 |  12.00 |  13.49 |  12.53 |I I 
05:09-Thu-Apr-06-2017 PM2.5 |   8.70 |   8.70 |   9.21 |   8.67 |I I 
05:10-Thu-Apr-06-2017 PM10  |  14.49 |  12.63 |  13.49 |  12.53 |I I 
05:10-Thu-Apr-06-2017 PM2.5 |   8.13 |   8.56 |   9.21 |   8.67 |I I 
05:14-Thu-Apr-06-2017 PM10  |  11.15 |  12.33 |  13.49 |  12.53 |I I 
05:14-Thu-Apr-06-2017 PM2.5 |   8.67 |   8.58 |   9.21 |   8.67 |I I 
05:15-Thu-Apr-06-2017 PM10  |  12.87 |  12.42 |  13.49 |  12.53 |I I 
05:15-Thu-Apr-06-2017 PM2.5 |   8.57 |   8.58 |   9.21 |   8.67 |I I 
05:20-Thu-Apr-06-2017 PM10  |  11.08 |  12.23 |  13.49 |  12.53 |I I 
05:20-Thu-Apr-06-2017 PM2.5 |   8.45 |   8.56 |   9.21 |   8.67 |I I 
05:21-Thu-Apr-06-2017 PM10  |  14.35 |  12.49 |  13.49 |  12.53 |I I 
05:21-Thu-Apr-06-2017 PM2.5 |   8.79 |   8.59 |   9.21 |   8.67 |I I 
05:25-Thu-Apr-06-2017 PM10  |  14.20 |  12.68 |  13.49 |  12.53 |I I 
05:25-Thu-Apr-06-2017 PM2.5 |   8.97 |   8.63 |   9.21 |   8.67 |I I 
05:26-Thu-Apr-06-2017 PM10  |  10.89 |  12.50 |  13.49 |  12.53 |I I 
05:26-Thu-Apr-06-2017 PM2.5 |   8.29 |   8.60 |   9.21 |   8.67 |I I 
05:27-Thu-Apr-06-2017 PM10  |  10.89 |  12.36 |  13.49 |  12.53 |I I 
05:27-Thu-Apr-06-2017 PM2.5 |   8.29 |   8.57 |   9.21 |   8.67 |I I 
05:31-Thu-Apr-06-2017 PM10  |  14.13 |  12.51 |  13.49 |  12.53 |I I 
05:31-Thu-Apr-06-2017 PM2.5 |   9.08 |   8.61 |   9.21 |   8.67 |I I 
05:32-Thu-Apr-06-2017 PM10  |  13.20 |  12.56 |  13.49 |  12.53 |I I 
05:32-Thu-Apr-06-2017 PM2.5 |   8.54 |   8.61 |   9.21 |   8.67 |I I 
05:36-Thu-Apr-06-2017 PM10  |  13.84 |  12.65 |  13.49 |  12.53 |I I 
05:36-Thu-Apr-06-2017 PM2.5 |   9.03 |   8.64 |   9.21 |   8.67 |I I 
05:37-Thu-Apr-06-2017 PM10  |  12.22 |  12.62 |  13.49 |  12.53 |I I 
05:37-Thu-Apr-06-2017 PM2.5 |   8.37 |   8.62 |   9.21 |   8.67 |I I 
05:41-Thu-Apr-06-2017 PM10  |  15.62 |  12.81 |  13.49 |  12.53 |I I 
05:41-Thu-Apr-06-2017 PM2.5 |   8.91 |   8.64 |   9.21 |   8.67 |I I 
05:42-Thu-Apr-06-2017 PM10  |  14.42 |  12.90 |  13.49 |  12.53 |I I 
05:42-Thu-Apr-06-2017 PM2.5 |   8.70 |   8.64 |   9.21 |   8.67 |I I 
05:46-Thu-Apr-06-2017 PM10  |  12.78 |  12.90 |  13.49 |  12.53 |I I 
05:46-Thu-Apr-06-2017 PM2.5 |   8.40 |   8.63 |   9.21 |   8.67 |I I 
05:47-Thu-Apr-06-2017 PM10  |  10.36 |  12.76 |  13.49 |  12.53 |I I 
05:47-Thu-Apr-06-2017 PM2.5 |   7.91 |   8.59 |   9.21 |   8.67 |I I 
05:51-Thu-Apr-06-2017 PM10  |  11.48 |  12.70 |  13.49 |  12.53 |I I 
05:51-Thu-Apr-06-2017 PM2.5 |   8.90 |   8.61 |   9.21 |   8.67 |I I 
05:52-Thu-Apr-06-2017 PM10  |  12.24 |  12.68 |  13.49 |  12.53 |I I 
05:52-Thu-Apr-06-2017 PM2.5 |   8.31 |   8.59 |   9.21 |   8.67 |I I 
05:53-Thu-Apr-06-2017 PM10  |  12.24 |  12.66 |  13.49 |  12.53 |I I 
05:53-Thu-Apr-06-2017 PM2.5 |   8.31 |   8.58 |   9.21 |   8.67 |I I 
05:57-Thu-Apr-06-2017 PM10  |  12.64 |  12.66 |  13.49 |  12.53 |I I 
05:57-Thu-Apr-06-2017 PM2.5 |   8.82 |   8.59 |   9.21 |   8.67 |I I 
05:58-Thu-Apr-06-2017 PM10  |  11.49 |  12.61 |  13.49 |  12.53 |I I 
05:58-Thu-Apr-06-2017 PM2.5 |   8.53 |   8.59 |   9.21 |   8.67 |I I 
06:02-Thu-Apr-06-2017 PM10  |  11.45 |  12.56 |  13.49 |  12.53 |I I 
06:02-Thu-Apr-06-2017 PM2.5 |   8.59 |   8.59 |   9.21 |   8.59 |I I 
06:03-Thu-Apr-06-2017 PM10  |  12.69 |  12.69 |  13.49 |  12.53 |I I 
06:03-Thu-Apr-06-2017 PM2.5 |   8.35 |   8.35 |   9.21 |   8.59 |I I 
06:07-Thu-Apr-06-2017 PM10  |  11.65 |  12.17 |  13.49 |  12.53 |I I 
06:07-Thu-Apr-06-2017 PM2.5 |   8.04 |   8.20 |   9.21 |   8.59 |I I 
06:08-Thu-Apr-06-2017 PM10  |  13.92 |  12.75 |  13.49 |  12.53 |I I 
06:08-Thu-Apr-06-2017 PM2.5 |   8.53 |   8.31 |   9.21 |   8.59 |I I 
06:12-Thu-Apr-06-2017 PM10  |  14.30 |  13.14 |  13.49 |  12.53 |I I 
06:12-Thu-Apr-06-2017 PM2.5 |   8.58 |   8.37 |   9.21 |   8.59 |I I 
06:13-Thu-Apr-06-2017 PM10  |  11.10 |  12.73 |  13.49 |  12.53 |I I 
06:13-Thu-Apr-06-2017 PM2.5 |   8.00 |   8.30 |   9.21 |   8.59 |I I 
06:17-Thu-Apr-06-2017 PM10  |  11.68 |  12.56 |  13.49 |  12.53 |I I 
06:17-Thu-Apr-06-2017 PM2.5 |   8.26 |   8.29 |   9.21 |   8.59 |I I 
06:18-Thu-Apr-06-2017 PM10  |  11.83 |  12.45 |  13.49 |  12.53 |I I 
06:18-Thu-Apr-06-2017 PM2.5 |   8.42 |   8.31 |   9.21 |   8.59 |I I 
06:19-Thu-Apr-06-2017 PM10  |  11.83 |  12.37 |  13.49 |  12.53 |I I 
06:19-Thu-Apr-06-2017 PM2.5 |   8.42 |   8.32 |   9.21 |   8.59 |I I 
06:22-Thu-Apr-06-2017 PM10  |  11.86 |  12.32 |  13.49 |  12.53 |I I 
06:22-Thu-Apr-06-2017 PM2.5 |   8.21 |   8.31 |   9.21 |   8.59 |I I 
06:23-Thu-Apr-06-2017 PM10  |  11.86 |  12.27 |  13.49 |  12.53 |I I 
06:23-Thu-Apr-06-2017 PM2.5 |   8.21 |   8.30 |   9.21 |   8.59 |I I 
06:24-Thu-Apr-06-2017 PM10  |  12.75 |  12.31 |  13.49 |  12.53 |I I 
06:24-Thu-Apr-06-2017 PM2.5 |   8.70 |   8.34 |   9.21 |   8.59 |I I 
06:28-Thu-Apr-06-2017 PM10  |  11.34 |  12.23 |  13.49 |  12.53 |I I 
06:28-Thu-Apr-06-2017 PM2.5 |   8.50 |   8.35 |   9.21 |   8.59 |I I 
06:29-Thu-Apr-06-2017 PM10  |  12.31 |  12.24 |  13.49 |  12.53 |I I 
06:29-Thu-Apr-06-2017 PM2.5 |   8.16 |   8.34 |   9.21 |   8.59 |I I 
06:33-Thu-Apr-06-2017 PM10  |  11.69 |  12.20 |  13.49 |  12.53 |I I 
06:33-Thu-Apr-06-2017 PM2.5 |   8.26 |   8.33 |   9.21 |   8.59 |I I 
06:34-Thu-Apr-06-2017 PM10  |  12.32 |  12.21 |  13.49 |  12.53 |I I 
06:34-Thu-Apr-06-2017 PM2.5 |   8.30 |   8.33 |   9.21 |   8.59 |I I 
06:38-Thu-Apr-06-2017 PM10  |  12.37 |  12.22 |  13.49 |  12.53 |I I 
06:38-Thu-Apr-06-2017 PM2.5 |   8.55 |   8.34 |   9.21 |   8.59 |I I 
06:39-Thu-Apr-06-2017 PM10  |  11.30 |  12.16 |  13.49 |  12.53 |I I 
06:39-Thu-Apr-06-2017 PM2.5 |   8.17 |   8.33 |   9.21 |   8.59 |I I 
06:43-Thu-Apr-06-2017 PM10  |  11.14 |  12.11 |  13.49 |  12.53 |I I 
06:43-Thu-Apr-06-2017 PM2.5 |   8.36 |   8.33 |   9.21 |   8.59 |I I 
06:44-Thu-Apr-06-2017 PM10  |  14.16 |  12.22 |  13.49 |  12.53 |I I 
06:44-Thu-Apr-06-2017 PM2.5 |   8.54 |   8.34 |   9.21 |   8.59 |I I 
06:45-Thu-Apr-06-2017 PM10  |  14.16 |  12.31 |  13.49 |  12.53 |I I 
06:45-Thu-Apr-06-2017 PM2.5 |   8.54 |   8.35 |   9.21 |   8.59 |I I 
06:48-Thu-Apr-06-2017 PM10  |  12.27 |  12.31 |  13.49 |  12.53 |I I 
06:48-Thu-Apr-06-2017 PM2.5 |   8.50 |   8.36 |   9.21 |   8.59 |I I 
06:49-Thu-Apr-06-2017 PM10  |  12.27 |  12.31 |  13.49 |  12.53 |I I 
06:49-Thu-Apr-06-2017 PM2.5 |   8.50 |   8.37 |   9.21 |   8.59 |I I 
06:50-Thu-Apr-06-2017 PM10  |  12.29 |  12.31 |  13.49 |  12.53 |I I 
06:50-Thu-Apr-06-2017 PM2.5 |   8.31 |   8.37 |   9.21 |   8.59 |I I 
06:54-Thu-Apr-06-2017 PM10  |  14.44 |  12.40 |  13.49 |  12.53 |I I 
06:54-Thu-Apr-06-2017 PM2.5 |   8.46 |   8.37 |   9.21 |   8.59 |I I 
06:55-Thu-Apr-06-2017 PM10  |  11.72 |  12.37 |  13.49 |  12.53 |I I 
06:55-Thu-Apr-06-2017 PM2.5 |   8.12 |   8.36 |   9.21 |   8.59 |I I 
06:59-Thu-Apr-06-2017 PM10  |  12.48 |  12.37 |  13.49 |  12.53 |I I 
06:59-Thu-Apr-06-2017 PM2.5 |   8.32 |   8.36 |   9.21 |   8.59 |I I 
07:00-Thu-Apr-06-2017 PM10  |  12.42 |  12.38 |  13.49 |  12.38 |I I 
07:00-Thu-Apr-06-2017 PM2.5 |   8.24 |   8.35 |   9.21 |   8.35 |I I 
07:04-Thu-Apr-06-2017 PM10  |  13.35 |  13.35 |  13.49 |  12.38 |I I 
07:04-Thu-Apr-06-2017 PM2.5 |   8.27 |   8.27 |   9.21 |   8.35 |I I 
07:05-Thu-Apr-06-2017 PM10  |  13.71 |  13.53 |  13.49 |  12.38 |I I 
07:05-Thu-Apr-06-2017 PM2.5 |   8.16 |   8.22 |   9.21 |   8.35 |I I 
07:09-Thu-Apr-06-2017 PM10  |  12.78 |  13.28 |  13.49 |  12.38 |I I 
07:09-Thu-Apr-06-2017 PM2.5 |   8.29 |   8.24 |   9.21 |   8.35 |I I 
07:10-Thu-Apr-06-2017 PM10  |  13.34 |  13.30 |  13.49 |  12.38 |I I 
07:10-Thu-Apr-06-2017 PM2.5 |   8.69 |   8.35 |   9.21 |   8.35 |I I 
07:14-Thu-Apr-06-2017 PM10  |  18.02 |  14.24 |  13.49 |  12.38 |I I 
07:14-Thu-Apr-06-2017 PM2.5 |   9.34 |   8.55 |   9.21 |   8.35 |I I 
07:15-Thu-Apr-06-2017 PM10  |  18.02 |  14.87 |  13.49 |  12.38 |I I 
07:15-Thu-Apr-06-2017 PM2.5 |   9.34 |   8.68 |   9.21 |   8.35 |I I 
07:16-Thu-Apr-06-2017 PM10  |  17.44 |  15.24 |  13.49 |  12.38 |I I 
07:16-Thu-Apr-06-2017 PM2.5 |   8.39 |   8.64 |   9.21 |   8.35 |I I 
07:20-Thu-Apr-06-2017 PM10  |  15.54 |  15.27 |  13.49 |  12.38 |I I 
07:20-Thu-Apr-06-2017 PM2.5 |   8.63 |   8.64 |   9.21 |   8.35 |I I 
07:21-Thu-Apr-06-2017 PM10  |  17.11 |  15.48 |  13.49 |  12.38 |I I 
07:21-Thu-Apr-06-2017 PM2.5 |   9.06 |   8.69 |   9.21 |   8.35 |I I 
07:25-Thu-Apr-06-2017 PM10  |  18.50 |  15.78 |  13.49 |  12.38 |I I 
07:25-Thu-Apr-06-2017 PM2.5 |   9.02 |   8.72 |   9.21 |   8.35 |I I 
07:26-Thu-Apr-06-2017 PM10  |  18.17 |  16.00 |  13.49 |  12.38 |I I 
07:26-Thu-Apr-06-2017 PM2.5 |   9.66 |   8.81 |   9.21 |   8.35 |I I 
07:30-Thu-Apr-06-2017 PM10  |  17.38 |  16.11 |  13.49 |  12.38 |I I 
07:30-Thu-Apr-06-2017 PM2.5 |   9.09 |   8.83 |   9.21 |   8.35 |I I 
07:31-Thu-Apr-06-2017 PM10  |  14.95 |  16.02 |  13.49 |  12.38 |I I 
07:31-Thu-Apr-06-2017 PM2.5 |   8.45 |   8.80 |   9.21 |   8.35 |I I 
07:35-Thu-Apr-06-2017 PM10  |  14.32 |  15.90 |  13.49 |  12.38 |I I 
07:35-Thu-Apr-06-2017 PM2.5 |   8.58 |   8.78 |   9.21 |   8.35 |I I 
07:36-Thu-Apr-06-2017 PM10  |  15.24 |  15.86 |  13.49 |  12.38 |I I 
07:36-Thu-Apr-06-2017 PM2.5 |   8.49 |   8.77 |   9.21 |   8.35 |I I 
07:40-Thu-Apr-06-2017 PM10  |  12.64 |  15.66 |  13.49 |  12.38 |I I 
07:40-Thu-Apr-06-2017 PM2.5 |   8.96 |   8.78 |   9.21 |   8.35 |I I 
07:41-Thu-Apr-06-2017 PM10  |  12.64 |  15.48 |  13.49 |  12.38 |I I 
07:41-Thu-Apr-06-2017 PM2.5 |   8.96 |   8.79 |   9.21 |   8.35 |I I 
07:42-Thu-Apr-06-2017 PM10  |  14.83 |  15.44 |  13.49 |  12.38 |I I 
07:42-Thu-Apr-06-2017 PM2.5 |   8.33 |   8.76 |   9.21 |   8.35 |I I 
07:46-Thu-Apr-06-2017 PM10  |  15.79 |  15.46 |  13.49 |  12.38 |I I 
07:46-Thu-Apr-06-2017 PM2.5 |   8.92 |   8.77 |   9.21 |   8.35 |I I 
07:47-Thu-Apr-06-2017 PM10  |  15.03 |  15.44 |  13.49 |  12.38 |I I 
07:47-Thu-Apr-06-2017 PM2.5 |   8.27 |   8.75 |   9.21 |   8.35 |I I 
07:51-Thu-Apr-06-2017 PM10  |  14.49 |  15.39 |  13.49 |  12.38 |I I 
07:51-Thu-Apr-06-2017 PM2.5 |   8.41 |   8.73 |   9.21 |   8.35 |I I 
07:52-Thu-Apr-06-2017 PM10  |  14.26 |  15.34 |  13.49 |  12.38 |I I 
07:52-Thu-Apr-06-2017 PM2.5 |   8.60 |   8.72 |   9.21 |   8.35 |I I 
07:56-Thu-Apr-06-2017 PM10  |  12.94 |  15.24 |  13.49 |  12.38 |I I 
07:56-Thu-Apr-06-2017 PM2.5 |   8.57 |   8.72 |   9.21 |   8.35 |I I 
07:57-Thu-Apr-06-2017 PM10  |  13.16 |  15.15 |  13.49 |  12.38 |I I 
07:57-Thu-Apr-06-2017 PM2.5 |   8.48 |   8.71 |   9.21 |   8.35 |I I 
08:01-Thu-Apr-06-2017 PM10  |  12.77 |  15.06 |  15.06 |  12.38 |I I 
08:01-Thu-Apr-06-2017 PM2.5 |   8.39 |   8.69 |   9.21 |   8.35 |I I 
08:02-Thu-Apr-06-2017 PM10  |  14.96 |  14.96 |  15.06 |  12.38 |I I 
08:02-Thu-Apr-06-2017 PM2.5 |   8.62 |   8.62 |   9.21 |   8.35 |I I 
08:06-Thu-Apr-06-2017 PM10  |  17.00 |  15.98 |  15.06 |  12.38 |I I 
08:06-Thu-Apr-06-2017 PM2.5 |   8.85 |   8.73 |   9.21 |   8.35 |I I 
08:07-Thu-Apr-06-2017 PM10  |  17.00 |  16.32 |  15.06 |  12.38 |I I 
08:07-Thu-Apr-06-2017 PM2.5 |   8.85 |   8.77 |   9.21 |   8.35 |I I 
08:08-Thu-Apr-06-2017 PM10  |  12.58 |  15.39 |  15.06 |  12.38 |I I 
08:08-Thu-Apr-06-2017 PM2.5 |   8.31 |   8.66 |   9.21 |   8.35 |I I 
08:12-Thu-Apr-06-2017 PM10  |  13.04 |  14.92 |  15.06 |  12.38 |I I 
08:12-Thu-Apr-06-2017 PM2.5 |   8.56 |   8.64 |   9.21 |   8.35 |I I 
08:13-Thu-Apr-06-2017 PM10  |  14.70 |  14.88 |  15.06 |  12.38 |I I 
08:13-Thu-Apr-06-2017 PM2.5 |   8.21 |   8.57 |   9.21 |   8.35 |I I 
08:18-Thu-Apr-06-2017 PM10  |  13.06 |  14.62 |  15.06 |  12.38 |I I 
08:18-Thu-Apr-06-2017 PM2.5 |   8.11 |   8.50 |   9.21 |   8.35 |I I 
08:19-Thu-Apr-06-2017 PM10  |  14.26 |  14.58 |  15.06 |  12.38 |I I 
08:19-Thu-Apr-06-2017 PM2.5 |   8.78 |   8.54 |   9.21 |   8.35 |I I 
08:23-Thu-Apr-06-2017 PM10  |  15.85 |  14.72 |  15.06 |  12.38 |I I 
08:23-Thu-Apr-06-2017 PM2.5 |   8.69 |   8.55 |   9.21 |   8.35 |I I 
08:24-Thu-Apr-06-2017 PM10  |  14.13 |  14.66 |  15.06 |  12.38 |I I 
08:24-Thu-Apr-06-2017 PM2.5 |   8.50 |   8.55 |   9.21 |   8.35 |I I 
08:28-Thu-Apr-06-2017 PM10  |  12.45 |  14.46 |  15.06 |  12.38 |I I 
08:28-Thu-Apr-06-2017 PM2.5 |   8.84 |   8.57 |   9.21 |   8.35 |I I 
08:29-Thu-Apr-06-2017 PM10  |  13.53 |  14.38 |  15.06 |  12.38 |I I 
08:29-Thu-Apr-06-2017 PM2.5 |   8.09 |   8.53 |   9.21 |   8.35 |I I 
08:33-Thu-Apr-06-2017 PM10  |  14.38 |  14.38 |  15.06 |  12.38 |I I 
08:33-Thu-Apr-06-2017 PM2.5 |   8.48 |   8.53 |   9.21 |   8.35 |I I 
08:34-Thu-Apr-06-2017 PM10  |  14.38 |  14.38 |  15.06 |  12.38 |I I 
08:34-Thu-Apr-06-2017 PM2.5 |   8.48 |   8.53 |   9.21 |   8.35 |I I 
08:35-Thu-Apr-06-2017 PM10  |  12.94 |  14.28 |  15.06 |  12.38 |I I 
08:35-Thu-Apr-06-2017 PM2.5 |   8.44 |   8.52 |   9.21 |   8.35 |I I 
08:39-Thu-Apr-06-2017 PM10  |  15.28 |  14.35 |  15.06 |  12.38 |I I 
08:39-Thu-Apr-06-2017 PM2.5 |   8.59 |   8.53 |   9.21 |   8.35 |I I 
08:40-Thu-Apr-06-2017 PM10  |  13.11 |  14.27 |  15.06 |  12.38 |I I 
08:40-Thu-Apr-06-2017 PM2.5 |   8.21 |   8.51 |   9.21 |   8.35 |I I 
08:44-Thu-Apr-06-2017 PM10  |  13.28 |  14.22 |  15.06 |  12.38 |I I 
08:44-Thu-Apr-06-2017 PM2.5 |   8.60 |   8.51 |   9.21 |   8.35 |I I 
08:45-Thu-Apr-06-2017 PM10  |  12.47 |  14.13 |  15.06 |  12.38 |I I 
08:45-Thu-Apr-06-2017 PM2.5 |   8.29 |   8.50 |   9.21 |   8.35 |I I 
08:49-Thu-Apr-06-2017 PM10  |  13.30 |  14.09 |  15.06 |  12.38 |I I 
08:49-Thu-Apr-06-2017 PM2.5 |   8.57 |   8.50 |   9.21 |   8.35 |I I 
08:50-Thu-Apr-06-2017 PM10  |  16.04 |  14.18 |  15.06 |  12.38 |I I 
08:50-Thu-Apr-06-2017 PM2.5 |   9.34 |   8.54 |   9.21 |   8.35 |I I 
08:54-Thu-Apr-06-2017 PM10  |  13.63 |  14.15 |  15.06 |  12.38 |I I 
08:54-Thu-Apr-06-2017 PM2.5 |   8.95 |   8.56 |   9.21 |   8.35 |I I 
08:55-Thu-Apr-06-2017 PM10  |  13.70 |  14.13 |  15.06 |  12.38 |I I 
08:55-Thu-Apr-06-2017 PM2.5 |   8.99 |   8.58 |   9.21 |   8.35 |I I 
08:59-Thu-Apr-06-2017 PM10  |  12.15 |  14.05 |  15.06 |  12.38 |I I 
08:59-Thu-Apr-06-2017 PM2.5 |   8.99 |   8.60 |   9.21 |   8.35 |I I 
09:00-Thu-Apr-06-2017 PM10  |  12.15 |  13.98 |  15.06 |  12.38 |I I 
09:00-Thu-Apr-06-2017 PM2.5 |   8.99 |   8.61 |   9.21 |   8.35 |I I 
09:01-Thu-Apr-06-2017 PM10  |  12.38 |  12.38 |  15.06 |  12.38 |I I 
09:01-Thu-Apr-06-2017 PM2.5 |   8.56 |   8.56 |   9.21 |   8.35 |I I 
09:05-Thu-Apr-06-2017 PM10  |  12.30 |  12.34 |  15.06 |  12.38 |I I 
09:05-Thu-Apr-06-2017 PM2.5 |   8.97 |   8.77 |   9.21 |   8.35 |I I 
09:06-Thu-Apr-06-2017 PM10  |  14.31 |  13.00 |  15.06 |  12.38 |I I 
09:06-Thu-Apr-06-2017 PM2.5 |   9.14 |   8.89 |   9.21 |   8.35 |I I 
09:10-Thu-Apr-06-2017 PM10  |  13.58 |  13.14 |  15.06 |  12.38 |I I 
09:10-Thu-Apr-06-2017 PM2.5 |   9.04 |   8.93 |   9.21 |   8.35 |I I 
09:11-Thu-Apr-06-2017 PM10  |  14.40 |  13.39 |  15.06 |  12.38 |I I 
09:11-Thu-Apr-06-2017 PM2.5 |   9.57 |   9.06 |   9.21 |   8.35 |I I 
09:15-Thu-Apr-06-2017 PM10  |  14.11 |  13.51 |  15.06 |  12.38 |I I 
09:15-Thu-Apr-06-2017 PM2.5 |   9.76 |   9.17 |   9.21 |   8.35 |I I 
09:16-Thu-Apr-06-2017 PM10  |  17.18 |  14.04 |  15.06 |  12.38 |I I 
09:16-Thu-Apr-06-2017 PM2.5 |  11.34 |   9.48 |   9.21 |   8.35 |I I 
09:20-Thu-Apr-06-2017 PM10  |  16.57 |  14.35 |  15.06 |  12.38 |I I 
09:20-Thu-Apr-06-2017 PM2.5 |  11.71 |   9.76 |   9.21 |   8.35 |I I 
09:21-Thu-Apr-06-2017 PM10  |  19.73 |  14.95 |  15.06 |  12.38 |I I 
09:21-Thu-Apr-06-2017 PM2.5 |  12.80 |  10.10 |   9.21 |   8.35 |I I 
09:25-Thu-Apr-06-2017 PM10  |  18.53 |  15.31 |  15.06 |  12.38 |I I 
09:25-Thu-Apr-06-2017 PM2.5 |  13.00 |  10.39 |   9.21 |   8.35 |I I 
09:26-Thu-Apr-06-2017 PM10  |  18.53 |  15.60 |  15.06 |  12.38 |I I 
09:26-Thu-Apr-06-2017 PM2.5 |  13.00 |  10.62 |   9.21 |   8.35 |I I 
09:27-Thu-Apr-06-2017 PM10  |  19.58 |  15.93 |  15.06 |  12.38 |I I 
09:27-Thu-Apr-06-2017 PM2.5 |  13.16 |  10.84 |   9.21 |   8.35 |I I 
09:31-Thu-Apr-06-2017 PM10  |  24.13 |  16.56 |  15.06 |  12.38 |I I 
09:31-Thu-Apr-06-2017 PM2.5 |  14.14 |  11.09 |   9.21 |   8.35 |I I 
09:32-Thu-Apr-06-2017 PM10  |  19.54 |  16.78 |  15.06 |  12.38 |I I 
09:32-Thu-Apr-06-2017 PM2.5 |  13.09 |  11.23 |   9.21 |   8.35 |I I 
09:36-Thu-Apr-06-2017 PM10  |  21.36 |  17.08 |  15.06 |  12.38 |I I 
09:36-Thu-Apr-06-2017 PM2.5 |  13.60 |  11.39 |   9.21 |   8.35 |I I 
09:37-Thu-Apr-06-2017 PM10  |  22.46 |  17.42 |  15.06 |  12.38 |I I 
09:37-Thu-Apr-06-2017 PM2.5 |  13.84 |  11.54 |   9.21 |   8.35 |I I 
09:41-Thu-Apr-06-2017 PM10  |  21.59 |  17.66 |  15.06 |  12.38 |I I 
09:41-Thu-Apr-06-2017 PM2.5 |  14.13 |  11.70 |   9.21 |   8.35 |I I 
09:42-Thu-Apr-06-2017 PM10  |  20.82 |  17.84 |  15.06 |  12.38 |I I 
09:42-Thu-Apr-06-2017 PM2.5 |  14.25 |  11.84 |   9.21 |   8.35 |I I 
09:46-Thu-Apr-06-2017 PM10  |  21.18 |  18.01 |  15.06 |  12.38 |I I 
09:46-Thu-Apr-06-2017 PM2.5 |  14.35 |  11.97 |   9.21 |   8.35 |I I 
09:47-Thu-Apr-06-2017 PM10  |  23.47 |  18.29 |  15.06 |  12.38 |I I 
09:47-Thu-Apr-06-2017 PM2.5 |  14.83 |  12.11 |   9.21 |   8.35 |I I 
09:51-Thu-Apr-06-2017 PM10  |  22.14 |  18.47 |  15.06 |  12.38 |I I 
09:51-Thu-Apr-06-2017 PM2.5 |  14.20 |  12.21 |   9.21 |   8.35 |I I 
09:52-Thu-Apr-06-2017 PM10  |  22.14 |  18.64 |  15.06 |  12.38 |I I 
09:52-Thu-Apr-06-2017 PM2.5 |  14.20 |  12.30 |   9.21 |   8.35 |I I 
09:53-Thu-Apr-06-2017 PM10  |  20.40 |  18.71 |  15.06 |  12.38 |I I 
09:53-Thu-Apr-06-2017 PM2.5 |  13.86 |  12.37 |   9.21 |   8.35 |I I 
09:57-Thu-Apr-06-2017 PM10  |  20.54 |  18.79 |  15.06 |  12.38 |I I 
09:57-Thu-Apr-06-2017 PM2.5 |  14.40 |  12.46 |   9.21 |   8.35 |I I 
09:58-Thu-Apr-06-2017 PM10  |  21.82 |  18.91 |  15.06 |  12.38 |I I 
09:58-Thu-Apr-06-2017 PM2.5 |  14.06 |  12.52 |   9.21 |   8.35 |I I 
10:02-Thu-Apr-06-2017 PM10  |  21.05 |  18.99 |  18.99 |  12.38 |I I 
10:02-Thu-Apr-06-2017 PM2.5 |  14.46 |  12.59 |  12.59 |   8.35 |I I 
10:03-Thu-Apr-06-2017 PM10  |  22.12 |  22.12 |  18.99 |  12.38 |I I 
10:03-Thu-Apr-06-2017 PM2.5 |  14.28 |  14.28 |  12.59 |   8.35 |I I 
10:07-Thu-Apr-06-2017 PM10  |  20.55 |  21.33 |  18.99 |  12.38 |I I 
10:07-Thu-Apr-06-2017 PM2.5 |  14.54 |  14.41 |  12.59 |   8.35 |I I 
10:08-Thu-Apr-06-2017 PM10  |  20.68 |  21.11 |  18.99 |  12.38 |I I 
10:08-Thu-Apr-06-2017 PM2.5 |  13.94 |  14.25 |  12.59 |   8.35 |I I 
10:12-Thu-Apr-06-2017 PM10  |  19.49 |  20.71 |  18.99 |  12.38 |I I 
10:12-Thu-Apr-06-2017 PM2.5 |  13.97 |  14.18 |  12.59 |   8.35 |I I 
10:13-Thu-Apr-06-2017 PM10  |  20.39 |  20.64 |  18.99 |  12.38 |I I 
10:13-Thu-Apr-06-2017 PM2.5 |  13.72 |  14.09 |  12.59 |   8.35 |I I 
10:17-Thu-Apr-06-2017 PM10  |  20.92 |  20.69 |  18.99 |  12.38 |I I 
10:17-Thu-Apr-06-2017 PM2.5 |  14.16 |  14.10 |  12.59 |   8.35 |I I 
10:18-Thu-Apr-06-2017 PM10  |  20.92 |  20.72 |  18.99 |  12.38 |I I 
10:18-Thu-Apr-06-2017 PM2.5 |  14.16 |  14.11 |  12.59 |   8.35 |I I 
10:19-Thu-Apr-06-2017 PM10  |  19.84 |  20.61 |  18.99 |  12.38 |I I 
10:19-Thu-Apr-06-2017 PM2.5 |  13.76 |  14.07 |  12.59 |   8.35 |I I 
10:23-Thu-Apr-06-2017 PM10  |  20.91 |  20.65 |  18.99 |  12.38 |I I 
10:23-Thu-Apr-06-2017 PM2.5 |  13.82 |  14.04 |  12.59 |   8.35 |I I 
10:24-Thu-Apr-06-2017 PM10  |  21.01 |  20.68 |  18.99 |  12.38 |I I 
10:24-Thu-Apr-06-2017 PM2.5 |  13.97 |  14.03 |  12.59 |   8.35 |I I 
10:28-Thu-Apr-06-2017 PM10  |  20.59 |  20.67 |  18.99 |  12.38 |I I 
10:28-Thu-Apr-06-2017 PM2.5 |  14.07 |  14.04 |  12.59 |   8.35 |I I 
10:29-Thu-Apr-06-2017 PM10  |  20.66 |  20.67 |  18.99 |  12.38 |I I 
10:29-Thu-Apr-06-2017 PM2.5 |  14.06 |  14.04 |  12.59 |   8.35 |I I 
10:33-Thu-Apr-06-2017 PM10  |  21.30 |  20.72 |  18.99 |  12.38 |I I 
10:33-Thu-Apr-06-2017 PM2.5 |  14.13 |  14.05 |  12.59 |   8.35 |I I 
10:34-Thu-Apr-06-2017 PM10  |  19.53 |  20.64 |  18.99 |  12.38 |I I 
10:34-Thu-Apr-06-2017 PM2.5 |  13.77 |  14.03 |  12.59 |   8.35 |I I 
10:38-Thu-Apr-06-2017 PM10  |  20.11 |  20.60 |  18.99 |  12.38 |I I 
10:38-Thu-Apr-06-2017 PM2.5 |  14.19 |  14.04 |  12.59 |   8.35 |I I 
10:39-Thu-Apr-06-2017 PM10  |  19.68 |  20.54 |  18.99 |  12.38 |I I 
10:39-Thu-Apr-06-2017 PM2.5 |  13.11 |  13.98 |  12.59 |   8.35 |I I 
10:43-Thu-Apr-06-2017 PM10  |  18.49 |  20.42 |  18.99 |  12.38 |I I 
10:43-Thu-Apr-06-2017 PM2.5 |  13.29 |  13.94 |  12.59 |   8.35 |I I 
10:44-Thu-Apr-06-2017 PM10  |  18.49 |  20.32 |  18.99 |  12.38 |I I 
10:44-Thu-Apr-06-2017 PM2.5 |  13.29 |  13.90 |  12.59 |   8.35 |I I 
10:45-Thu-Apr-06-2017 PM10  |  19.16 |  20.25 |  18.99 |  12.38 |I I 
10:45-Thu-Apr-06-2017 PM2.5 |  13.19 |  13.86 |  12.59 |   8.35 |I I 
10:49-Thu-Apr-06-2017 PM10  |  21.31 |  20.31 |  18.99 |  12.38 |I I 
10:49-Thu-Apr-06-2017 PM2.5 |  14.36 |  13.89 |  12.59 |   8.35 |I I 
10:50-Thu-Apr-06-2017 PM10  |  20.47 |  20.31 |  18.99 |  12.38 |I I 
10:50-Thu-Apr-06-2017 PM2.5 |  13.54 |  13.87 |  12.59 |   8.35 |I I 
10:54-Thu-Apr-06-2017 PM10  |  21.07 |  20.35 |  18.99 |  12.38 |I I 
10:54-Thu-Apr-06-2017 PM2.5 |  13.08 |  13.84 |  12.59 |   8.35 |I I 
10:55-Thu-Apr-06-2017 PM10  |  19.89 |  20.33 |  18.99 |  12.38 |I I 
10:55-Thu-Apr-06-2017 PM2.5 |  13.44 |  13.82 |  12.59 |   8.35 |I I 
10:59-Thu-Apr-06-2017 PM10  |  19.60 |  20.30 |  18.99 |  12.38 |I I 
10:59-Thu-Apr-06-2017 PM2.5 |  13.52 |  13.81 |  12.59 |   8.35 |I I 
11:00-Thu-Apr-06-2017 PM10  |  19.75 |  20.28 |  20.28 |  12.38 |I I 
11:00-Thu-Apr-06-2017 PM2.5 |  13.05 |  13.78 |  13.78 |   8.35 |I I 
11:04-Thu-Apr-06-2017 PM10  |  20.25 |  20.25 |  20.28 |  12.38 |I I 
11:04-Thu-Apr-06-2017 PM2.5 |  13.24 |  13.24 |  13.78 |   8.35 |I I 
11:05-Thu-Apr-06-2017 PM10  |  17.63 |  18.94 |  20.28 |  12.38 |I I 
11:05-Thu-Apr-06-2017 PM2.5 |  11.97 |  12.61 |  13.78 |   8.35 |I I 
11:09-Thu-Apr-06-2017 PM10  |  16.59 |  18.16 |  20.28 |  12.38 |I I 
11:09-Thu-Apr-06-2017 PM2.5 |  12.17 |  12.46 |  13.78 |   8.35 |I I 
11:10-Thu-Apr-06-2017 PM10  |  16.59 |  17.76 |  20.28 |  12.38 |I I 
11:10-Thu-Apr-06-2017 PM2.5 |  12.17 |  12.39 |  13.78 |   8.35 |I I 
11:11-Thu-Apr-06-2017 PM10  |  17.54 |  17.72 |  20.28 |  12.38 |I I 
11:11-Thu-Apr-06-2017 PM2.5 |  12.05 |  12.32 |  13.78 |   8.35 |I I 
11:15-Thu-Apr-06-2017 PM10  |  19.15 |  17.96 |  20.28 |  12.38 |I I 
11:15-Thu-Apr-06-2017 PM2.5 |  12.96 |  12.43 |  13.78 |   8.35 |I I 
11:16-Thu-Apr-06-2017 PM10  |  17.86 |  17.94 |  20.28 |  12.38 |I I 
11:16-Thu-Apr-06-2017 PM2.5 |  12.63 |  12.46 |  13.78 |   8.35 |I I 
11:20-Thu-Apr-06-2017 PM10  |  20.12 |  18.21 |  20.28 |  12.38 |I I 
11:20-Thu-Apr-06-2017 PM2.5 |  13.40 |  12.58 |  13.78 |   8.35 |I I 
11:21-Thu-Apr-06-2017 PM10  |  18.85 |  18.29 |  20.28 |  12.38 |I I 
11:21-Thu-Apr-06-2017 PM2.5 |  12.28 |  12.54 |  13.78 |   8.35 |I I 
11:25-Thu-Apr-06-2017 PM10  |  18.13 |  18.27 |  20.28 |  12.38 |I I 
11:25-Thu-Apr-06-2017 PM2.5 |  12.38 |  12.53 |  13.78 |   8.35 |I I 
11:26-Thu-Apr-06-2017 PM10  |  19.62 |  18.39 |  20.28 |  12.38 |I I 
11:26-Thu-Apr-06-2017 PM2.5 |  12.57 |  12.53 |  13.78 |   8.35 |I I 
11:31-Thu-Apr-06-2017 PM10  |  19.91 |  18.52 |  20.28 |  12.38 |I I 
11:31-Thu-Apr-06-2017 PM2.5 |  12.81 |  12.55 |  13.78 |   8.35 |I I 
11:32-Thu-Apr-06-2017 PM10  |  18.80 |  18.54 |  20.28 |  12.38 |I I 
11:32-Thu-Apr-06-2017 PM2.5 |  12.27 |  12.53 |  13.78 |   8.35 |I I 
11:36-Thu-Apr-06-2017 PM10  |  17.53 |  18.47 |  20.28 |  12.38 |I I 
11:36-Thu-Apr-06-2017 PM2.5 |  12.55 |  12.53 |  13.78 |   8.35 |I I 
11:37-Thu-Apr-06-2017 PM10  |  17.53 |  18.41 |  20.28 |  12.38 |I I 
11:37-Thu-Apr-06-2017 PM2.5 |  12.55 |  12.53 |  13.78 |   8.35 |I I 
11:38-Thu-Apr-06-2017 PM10  |  18.94 |  18.44 |  20.28 |  12.38 |I I 
11:38-Thu-Apr-06-2017 PM2.5 |  12.16 |  12.51 |  13.78 |   8.35 |I I 
11:42-Thu-Apr-06-2017 PM10  |  18.81 |  18.46 |  20.28 |  12.38 |I I 
11:42-Thu-Apr-06-2017 PM2.5 |  12.84 |  12.53 |  13.78 |   8.35 |I I 
11:43-Thu-Apr-06-2017 PM10  |  18.18 |  18.45 |  20.28 |  12.38 |I I 
11:43-Thu-Apr-06-2017 PM2.5 |  11.82 |  12.49 |  13.78 |   8.35 |I I 
11:47-Thu-Apr-06-2017 PM10  |  15.97 |  18.32 |  20.28 |  12.38 |I I 
11:47-Thu-Apr-06-2017 PM2.5 |  11.82 |  12.46 |  13.78 |   8.35 |I I 
11:48-Thu-Apr-06-2017 PM10  |  17.54 |  18.28 |  20.28 |  12.38 |I I 
11:48-Thu-Apr-06-2017 PM2.5 |  11.83 |  12.42 |  13.78 |   8.35 |I I 
11:52-Thu-Apr-06-2017 PM10  |  17.74 |  18.25 |  20.28 |  12.38 |I I 
11:52-Thu-Apr-06-2017 PM2.5 |  12.54 |  12.43 |  13.78 |   8.35 |I I 
11:53-Thu-Apr-06-2017 PM10  |  17.35 |  18.21 |  20.28 |  12.38 |I I 
11:53-Thu-Apr-06-2017 PM2.5 |  12.26 |  12.42 |  13.78 |   8.35 |I I 
11:57-Thu-Apr-06-2017 PM10  |  17.60 |  18.18 |  20.28 |  12.38 |I I 
11:57-Thu-Apr-06-2017 PM2.5 |  12.33 |  12.42 |  13.78 |   8.35 |I I 
11:58-Thu-Apr-06-2017 PM10  |  18.21 |  18.18 |  20.28 |  12.38 |I I 
11:58-Thu-Apr-06-2017 PM2.5 |  12.32 |  12.41 |  13.78 |   8.35 |I I 
12:02-Thu-Apr-06-2017 PM10  |  20.26 |  18.27 |  20.28 |  12.38 |I I 
12:02-Thu-Apr-06-2017 PM2.5 |  13.28 |  12.45 |  13.78 |   8.35 |I I 
12:03-Thu-Apr-06-2017 PM10  |  20.26 |  20.26 |  20.28 |  12.38 |I I 
12:03-Thu-Apr-06-2017 PM2.5 |  13.28 |  13.28 |  13.78 |   8.35 |I I 
12:04-Thu-Apr-06-2017 PM10  |  25.55 |  22.91 |  20.28 |  12.38 |I I 
12:04-Thu-Apr-06-2017 PM2.5 |  16.69 |  14.98 |  13.78 |   8.35 |I I 
12:08-Thu-Apr-06-2017 PM10  |  26.12 |  23.98 |  20.28 |  12.38 |I I 
12:08-Thu-Apr-06-2017 PM2.5 |  17.41 |  15.79 |  13.78 |   8.35 |I I 
12:09-Thu-Apr-06-2017 PM10  |  32.22 |  26.04 |  20.28 |  12.38 |I I 
12:09-Thu-Apr-06-2017 PM2.5 |  20.36 |  16.93 |  13.78 |   8.35 |I I 
12:13-Thu-Apr-06-2017 PM10  |  35.03 |  27.84 |  20.28 |  12.38 |I I 
12:13-Thu-Apr-06-2017 PM2.5 |  21.26 |  17.80 |  13.78 |   8.35 |I I 
12:14-Thu-Apr-06-2017 PM10  |  34.86 |  29.01 |  20.28 |  12.38 |I I 
12:14-Thu-Apr-06-2017 PM2.5 |  21.80 |  18.47 |  13.78 |   8.35 |I I 
12:18-Thu-Apr-06-2017 PM10  |  34.36 |  29.77 |  20.28 |  12.38 |I I 
12:18-Thu-Apr-06-2017 PM2.5 |  22.37 |  19.02 |  13.78 |   8.35 |I I 
12:19-Thu-Apr-06-2017 PM10  |  35.34 |  30.47 |  20.28 |  12.38 |I I 
12:19-Thu-Apr-06-2017 PM2.5 |  22.41 |  19.45 |  13.78 |   8.35 |I I 
12:23-Thu-Apr-06-2017 PM10  |  35.09 |  30.98 |  20.28 |  12.38 |I I 
12:23-Thu-Apr-06-2017 PM2.5 |  22.48 |  19.78 |  13.78 |   8.35 |I I 
12:24-Thu-Apr-06-2017 PM10  |  35.54 |  31.44 |  20.28 |  12.38 |I I 
12:24-Thu-Apr-06-2017 PM2.5 |  22.95 |  20.10 |  13.78 |   8.35 |I I 
12:28-Thu-Apr-06-2017 PM10  |  37.79 |  32.02 |  20.28 |  12.38 |I I 
12:28-Thu-Apr-06-2017 PM2.5 |  24.30 |  20.48 |  13.78 |   8.35 |I I 
12:29-Thu-Apr-06-2017 PM10  |  37.79 |  32.50 |  20.28 |  12.38 |I I 
12:29-Thu-Apr-06-2017 PM2.5 |  24.30 |  20.80 |  13.78 |   8.35 |I I 
12:30-Thu-Apr-06-2017 PM10  |  36.74 |  32.82 |  20.28 |  12.38 |I I 
12:30-Thu-Apr-06-2017 PM2.5 |  22.79 |  20.95 |  13.78 |   8.35 |I I 
12:34-Thu-Apr-06-2017 PM10  |  39.03 |  33.27 |  20.28 |  12.38 |I I 
12:34-Thu-Apr-06-2017 PM2.5 |  23.89 |  21.16 |  13.78 |   8.35 |I I 
12:35-Thu-Apr-06-2017 PM10  |  35.52 |  33.42 |  20.28 |  12.38 |I I 
12:35-Thu-Apr-06-2017 PM2.5 |  22.79 |  21.27 |  13.78 |   8.35 |I I 
12:39-Thu-Apr-06-2017 PM10  |  36.13 |  33.59 |  20.28 |  12.38 |I I 
12:39-Thu-Apr-06-2017 PM2.5 |  23.07 |  21.38 |  13.78 |   8.35 |I I 
12:40-Thu-Apr-06-2017 PM10  |  36.36 |  33.75 |  20.28 |  12.38 |I I 
12:40-Thu-Apr-06-2017 PM2.5 |  22.23 |  21.43 |  13.78 |   8.35 |I I 
12:44-Thu-Apr-06-2017 PM10  |  38.92 |  34.04 |  20.28 |  12.38 |I I 
12:44-Thu-Apr-06-2017 PM2.5 |  23.14 |  21.53 |  13.78 |   8.35 |I I 
12:45-Thu-Apr-06-2017 PM10  |  36.09 |  34.14 |  20.28 |  12.38 |I I 
12:45-Thu-Apr-06-2017 PM2.5 |  22.72 |  21.59 |  13.78 |   8.35 |I I 
12:49-Thu-Apr-06-2017 PM10  |  37.43 |  34.31 |  20.28 |  12.38 |I I 
12:49-Thu-Apr-06-2017 PM2.5 |  23.66 |  21.70 |  13.78 |   8.35 |I I 
12:50-Thu-Apr-06-2017 PM10  |  37.59 |  34.46 |  20.28 |  12.38 |I I 
12:50-Thu-Apr-06-2017 PM2.5 |  22.35 |  21.73 |  13.78 |   8.35 |I I 
12:54-Thu-Apr-06-2017 PM10  |  36.92 |  34.58 |  20.28 |  12.38 |I I 
12:54-Thu-Apr-06-2017 PM2.5 |  23.71 |  21.82 |  13.78 |   8.35 |I I 
12:55-Thu-Apr-06-2017 PM10  |  36.92 |  34.68 |  20.28 |  12.38 |I I 
12:55-Thu-Apr-06-2017 PM2.5 |  23.71 |  21.90 |  13.78 |   8.35 |I I 
12:56-Thu-Apr-06-2017 PM10  |  38.22 |  34.83 |  20.28 |  12.38 |I I 
12:56-Thu-Apr-06-2017 PM2.5 |  23.03 |  21.95 |  13.78 |   8.35 |I I 
13:00-Thu-Apr-06-2017 PM10  |  38.86 |  34.99 |  34.99 |  12.38 |I I 
13:00-Thu-Apr-06-2017 PM2.5 |  23.19 |  22.00 |  22.00 |   8.35 |I I 
13:01-Thu-Apr-06-2017 PM10  |  35.89 |  35.89 |  34.99 |  12.38 |I I 
13:01-Thu-Apr-06-2017 PM2.5 |  21.87 |  21.87 |  22.00 |   8.35 |I I 
13:05-Thu-Apr-06-2017 PM10  |  35.97 |  35.93 |  34.99 |  12.38 |I I 
13:05-Thu-Apr-06-2017 PM2.5 |  22.11 |  21.99 |  22.00 |   8.35 |I I 
13:06-Thu-Apr-06-2017 PM10  |  33.27 |  35.04 |  34.99 |  12.38 |I I 
13:06-Thu-Apr-06-2017 PM2.5 |  20.71 |  21.57 |  22.00 |   8.35 |I I 
13:10-Thu-Apr-06-2017 PM10  |  35.14 |  35.07 |  34.99 |  12.38 |I I 
13:10-Thu-Apr-06-2017 PM2.5 |  21.94 |  21.66 |  22.00 |   8.35 |I I 
13:11-Thu-Apr-06-2017 PM10  |  35.01 |  35.05 |  34.99 |  12.38 |I I 
13:11-Thu-Apr-06-2017 PM2.5 |  20.54 |  21.44 |  22.00 |   8.35 |I I 
13:15-Thu-Apr-06-2017 PM10  |  32.51 |  34.63 |  34.99 |  12.38 |I I 
13:15-Thu-Apr-06-2017 PM2.5 |  21.26 |  21.41 |  22.00 |   8.35 |I I 
13:16-Thu-Apr-06-2017 PM10  |  32.90 |  34.38 |  34.99 |  12.38 |I I 
13:16-Thu-Apr-06-2017 PM2.5 |  20.65 |  21.30 |  22.00 |   8.35 |I I 
13:20-Thu-Apr-06-2017 PM10  |  33.85 |  34.32 |  34.99 |  12.38 |I I 
13:20-Thu-Apr-06-2017 PM2.5 |  20.95 |  21.26 |  22.00 |   8.35 |I I 
13:21-Thu-Apr-06-2017 PM10  |  33.85 |  34.27 |  34.99 |  12.38 |I I 
13:21-Thu-Apr-06-2017 PM2.5 |  20.95 |  21.22 |  22.00 |   8.35 |I I 
13:22-Thu-Apr-06-2017 PM10  |  32.88 |  34.13 |  34.99 |  12.38 |I I 
13:22-Thu-Apr-06-2017 PM2.5 |  19.71 |  21.07 |  22.00 |   8.35 |I I 
13:26-Thu-Apr-06-2017 PM10  |  30.98 |  33.84 |  34.99 |  12.38 |I I 
13:26-Thu-Apr-06-2017 PM2.5 |  20.31 |  21.00 |  22.00 |   8.35 |I I 
13:27-Thu-Apr-06-2017 PM10  |  32.24 |  33.71 |  34.99 |  12.38 |I I 
13:27-Thu-Apr-06-2017 PM2.5 |  19.63 |  20.89 |  22.00 |   8.35 |I I 
13:31-Thu-Apr-06-2017 PM10  |  31.05 |  33.50 |  34.99 |  12.38 |I I 
13:31-Thu-Apr-06-2017 PM2.5 |  20.30 |  20.84 |  22.00 |   8.35 |I I 
13:32-Thu-Apr-06-2017 PM10  |  31.31 |  33.35 |  34.99 |  12.38 |I I 
13:32-Thu-Apr-06-2017 PM2.5 |  19.24 |  20.73 |  22.00 |   8.35 |I I 
13:36-Thu-Apr-06-2017 PM10  |  29.37 |  33.08 |  34.99 |  12.38 |I I 
13:36-Thu-Apr-06-2017 PM2.5 |  19.79 |  20.67 |  22.00 |   8.35 |I I 
13:37-Thu-Apr-06-2017 PM10  |  31.23 |  32.97 |  34.99 |  12.38 |I I 
13:37-Thu-Apr-06-2017 PM2.5 |  18.27 |  20.52 |  22.00 |   8.35 |I I 
13:41-Thu-Apr-06-2017 PM10  |  31.31 |  32.87 |  34.99 |  12.38 |I I 
13:41-Thu-Apr-06-2017 PM2.5 |  19.39 |  20.45 |  22.00 |   8.35 |I I 
13:42-Thu-Apr-06-2017 PM10  |  29.95 |  32.71 |  34.99 |  12.38 |I I 
13:42-Thu-Apr-06-2017 PM2.5 |  18.65 |  20.35 |  22.00 |   8.35 |I I 
13:46-Thu-Apr-06-2017 PM10  |  29.29 |  32.53 |  34.99 |  12.38 |I I 
13:46-Thu-Apr-06-2017 PM2.5 |  19.03 |  20.28 |  22.00 |   8.35 |I I 
13:47-Thu-Apr-06-2017 PM10  |  29.29 |  32.36 |  34.99 |  12.38 |I I 
13:47-Thu-Apr-06-2017 PM2.5 |  19.03 |  20.22 |  22.00 |   8.35 |I I 
13:48-Thu-Apr-06-2017 PM10  |  28.93 |  32.20 |  34.99 |  12.38 |I I 
13:48-Thu-Apr-06-2017 PM2.5 |  17.93 |  20.11 |  22.00 |   8.35 |I I 
13:52-Thu-Apr-06-2017 PM10  |  25.94 |  31.92 |  34.99 |  12.38 |I I 
13:52-Thu-Apr-06-2017 PM2.5 |  17.48 |  19.99 |  22.00 |   8.35 |I I 
13:53-Thu-Apr-06-2017 PM10  |  27.46 |  31.72 |  34.99 |  12.38 |I I 
13:53-Thu-Apr-06-2017 PM2.5 |  17.74 |  19.89 |  22.00 |   8.35 |I I 
13:57-Thu-Apr-06-2017 PM10  |  28.64 |  31.59 |  34.99 |  12.38 |I I 
13:57-Thu-Apr-06-2017 PM2.5 |  17.43 |  19.79 |  22.00 |   8.35 |I I 
13:58-Thu-Apr-06-2017 PM10  |  27.86 |  31.45 |  34.99 |  12.38 |I I 
13:58-Thu-Apr-06-2017 PM2.5 |  17.26 |  19.69 |  22.00 |   8.35 |I I 
14:02-Thu-Apr-06-2017 PM10  |  25.23 |  31.21 |  34.99 |  12.38 |I I 
14:02-Thu-Apr-06-2017 PM2.5 |  17.49 |  19.60 |  22.00 |   8.35 |I I 
14:03-Thu-Apr-06-2017 PM10  |  27.16 |  27.16 |  34.99 |  12.38 |I I 
14:03-Thu-Apr-06-2017 PM2.5 |  16.71 |  16.71 |  22.00 |   8.35 |I I 
14:07-Thu-Apr-06-2017 PM10  |  25.39 |  26.27 |  34.99 |  12.38 |I I 
14:07-Thu-Apr-06-2017 PM2.5 |  16.96 |  16.84 |  22.00 |   8.35 |I I 
14:08-Thu-Apr-06-2017 PM10  |  26.81 |  26.45 |  34.99 |  12.38 |I I 
14:08-Thu-Apr-06-2017 PM2.5 |  16.94 |  16.87 |  22.00 |   8.35 |I I 
14:12-Thu-Apr-06-2017 PM10  |  25.41 |  26.19 |  34.99 |  12.38 |I I 
14:12-Thu-Apr-06-2017 PM2.5 |  16.97 |  16.90 |  22.00 |   8.35 |I I 
14:13-Thu-Apr-06-2017 PM10  |  25.41 |  26.04 |  34.99 |  12.38 |I I 
14:13-Thu-Apr-06-2017 PM2.5 |  16.97 |  16.91 |  22.00 |   8.35 |I I 
14:14-Thu-Apr-06-2017 PM10  |  26.84 |  26.17 |  34.99 |  12.38 |I I 
14:14-Thu-Apr-06-2017 PM2.5 |  16.68 |  16.87 |  22.00 |   8.35 |I I 
14:18-Thu-Apr-06-2017 PM10  |  24.61 |  25.95 |  34.99 |  12.38 |I I 
14:18-Thu-Apr-06-2017 PM2.5 |  16.71 |  16.85 |  22.00 |   8.35 |I I 
14:19-Thu-Apr-06-2017 PM10  |  25.94 |  25.95 |  34.99 |  12.38 |I I 
14:19-Thu-Apr-06-2017 PM2.5 |  16.71 |  16.83 |  22.00 |   8.35 |I I 
14:23-Thu-Apr-06-2017 PM10  |  24.86 |  25.83 |  34.99 |  12.38 |I I 
14:23-Thu-Apr-06-2017 PM2.5 |  16.82 |  16.83 |  22.00 |   8.35 |I I 
14:24-Thu-Apr-06-2017 PM10  |  25.04 |  25.75 |  34.99 |  12.38 |I I 
14:24-Thu-Apr-06-2017 PM2.5 |  16.29 |  16.78 |  22.00 |   8.35 |I I 
14:28-Thu-Apr-06-2017 PM10  |  25.35 |  25.71 |  34.99 |  12.38 |I I 
14:28-Thu-Apr-06-2017 PM2.5 |  16.93 |  16.79 |  22.00 |   8.35 |I I 
14:29-Thu-Apr-06-2017 PM10  |  24.53 |  25.61 |  34.99 |  12.38 |I I 
14:29-Thu-Apr-06-2017 PM2.5 |  16.31 |  16.75 |  22.00 |   8.35 |I I 
14:34-Thu-Apr-06-2017 PM10  |  26.01 |  25.64 |  34.99 |  12.38 |I I 
14:34-Thu-Apr-06-2017 PM2.5 |  17.24 |  16.79 |  22.00 |   8.35 |I I 
14:35-Thu-Apr-06-2017 PM10  |  23.88 |  25.52 |  34.99 |  12.38 |I I 
14:35-Thu-Apr-06-2017 PM2.5 |  15.76 |  16.71 |  22.00 |   8.35 |I I 
14:39-Thu-Apr-06-2017 PM10  |  23.53 |  25.39 |  34.99 |  12.38 |I I 
14:39-Thu-Apr-06-2017 PM2.5 |  16.15 |  16.68 |  22.00 |   8.35 |I I 
14:40-Thu-Apr-06-2017 PM10  |  23.53 |  25.27 |  34.99 |  12.38 |I I 
14:40-Thu-Apr-06-2017 PM2.5 |  16.15 |  16.64 |  22.00 |   8.35 |I I 
14:41-Thu-Apr-06-2017 PM10  |  24.01 |  25.20 |  34.99 |  12.38 |I I 
14:41-Thu-Apr-06-2017 PM2.5 |  15.85 |  16.60 |  22.00 |   8.35 |I I 
14:45-Thu-Apr-06-2017 PM10  |  24.68 |  25.17 |  34.99 |  12.38 |I I 
14:45-Thu-Apr-06-2017 PM2.5 |  16.22 |  16.58 |  22.00 |   8.35 |I I 
14:46-Thu-Apr-06-2017 PM10  |  23.08 |  25.06 |  34.99 |  12.38 |I I 
14:46-Thu-Apr-06-2017 PM2.5 |  15.01 |  16.49 |  22.00 |   8.35 |I I 
14:50-Thu-Apr-06-2017 PM10  |  21.64 |  24.89 |  34.99 |  12.38 |I I 
14:50-Thu-Apr-06-2017 PM2.5 |  15.25 |  16.43 |  22.00 |   8.35 |I I 
14:51-Thu-Apr-06-2017 PM10  |  24.74 |  24.88 |  34.99 |  12.38 |I I 
14:51-Thu-Apr-06-2017 PM2.5 |  14.98 |  16.36 |  22.00 |   8.35 |I I 
14:55-Thu-Apr-06-2017 PM10  |  21.75 |  24.74 |  34.99 |  12.38 |I I 
14:55-Thu-Apr-06-2017 PM2.5 |  15.39 |  16.32 |  22.00 |   8.35 |I I 
14:56-Thu-Apr-06-2017 PM10  |  26.62 |  24.82 |  34.99 |  12.38 |I I 
14:56-Thu-Apr-06-2017 PM2.5 |  15.33 |  16.28 |  22.00 |   8.35 |I I 
15:00-Thu-Apr-06-2017 PM10  |  23.05 |  24.74 |  34.99 |  12.38 |I I 
15:00-Thu-Apr-06-2017 PM2.5 |  15.92 |  16.26 |  22.00 |   8.35 |I I 
15:01-Thu-Apr-06-2017 PM10  |  22.40 |  22.40 |  34.99 |  12.38 |I I 
15:01-Thu-Apr-06-2017 PM2.5 |  15.29 |  15.29 |  22.00 |   8.35 |I I 
15:05-Thu-Apr-06-2017 PM10  |  22.20 |  22.30 |  34.99 |  12.38 |I I 
15:05-Thu-Apr-06-2017 PM2.5 |  15.54 |  15.42 |  22.00 |   8.35 |I I 
15:06-Thu-Apr-06-2017 PM10  |  22.20 |  22.26 |  34.99 |  12.38 |I I 
15:06-Thu-Apr-06-2017 PM2.5 |  15.54 |  15.46 |  22.00 |   8.35 |I I 
15:07-Thu-Apr-06-2017 PM10  |  22.84 |  22.41 |  34.99 |  12.38 |I I 
15:07-Thu-Apr-06-2017 PM2.5 |  14.89 |  15.32 |  22.00 |   8.35 |I I 
15:11-Thu-Apr-06-2017 PM10  |  23.32 |  22.59 |  34.99 |  12.38 |I I 
15:11-Thu-Apr-06-2017 PM2.5 |  15.28 |  15.31 |  22.00 |   8.35 |I I 
15:12-Thu-Apr-06-2017 PM10  |  23.76 |  22.79 |  34.99 |  12.38 |I I 
15:12-Thu-Apr-06-2017 PM2.5 |  14.44 |  15.16 |  22.00 |   8.35 |I I 
15:16-Thu-Apr-06-2017 PM10  |  22.88 |  22.80 |  34.99 |  12.38 |I I 
15:16-Thu-Apr-06-2017 PM2.5 |  14.58 |  15.08 |  22.00 |   8.35 |I I 
15:17-Thu-Apr-06-2017 PM10  |  21.76 |  22.67 |  34.99 |  12.38 |I I 
15:17-Thu-Apr-06-2017 PM2.5 |  14.23 |  14.98 |  22.00 |   8.35 |I I 
15:21-Thu-Apr-06-2017 PM10  |  20.44 |  22.42 |  34.99 |  12.38 |I I 
15:21-Thu-Apr-06-2017 PM2.5 |  14.46 |  14.92 |  22.00 |   8.35 |I I 
15:22-Thu-Apr-06-2017 PM10  |  19.67 |  22.15 |  34.99 |  12.38 |I I 
15:22-Thu-Apr-06-2017 PM2.5 |  13.95 |  14.82 |  22.00 |   8.35 |I I 
15:26-Thu-Apr-06-2017 PM10  |  20.75 |  22.02 |  34.99 |  12.38 |I I 
15:26-Thu-Apr-06-2017 PM2.5 |  14.32 |  14.78 |  22.00 |   8.35 |I I 
15:27-Thu-Apr-06-2017 PM10  |  20.91 |  21.93 |  34.99 |  12.38 |I I 
15:27-Thu-Apr-06-2017 PM2.5 |  14.30 |  14.74 |  22.00 |   8.35 |I I 
15:31-Thu-Apr-06-2017 PM10  |  21.90 |  21.93 |  34.99 |  12.38 |I I 
15:31-Thu-Apr-06-2017 PM2.5 |  14.62 |  14.73 |  22.00 |   8.35 |I I 
15:32-Thu-Apr-06-2017 PM10  |  21.90 |  21.92 |  34.99 |  12.38 |I I 
15:32-Thu-Apr-06-2017 PM2.5 |  14.62 |  14.72 |  22.00 |   8.35 |I I 
15:33-Thu-Apr-06-2017 PM10  |  20.50 |  21.83 |  34.99 |  12.38 |I I 
15:33-Thu-Apr-06-2017 PM2.5 |  13.87 |  14.66 |  22.00 |   8.35 |I I 
15:37-Thu-Apr-06-2017 PM10  |  22.25 |  21.85 |  34.99 |  12.38 |I I 
15:37-Thu-Apr-06-2017 PM2.5 |  14.80 |  14.67 |  22.00 |   8.35 |I I 
15:38-Thu-Apr-06-2017 PM10  |  22.48 |  21.89 |  34.99 |  12.38 |I I 
15:38-Thu-Apr-06-2017 PM2.5 |  14.48 |  14.66 |  22.00 |   8.35 |I I 
15:42-Thu-Apr-06-2017 PM10  |  22.06 |  21.90 |  34.99 |  12.38 |I I 
15:42-Thu-Apr-06-2017 PM2.5 |  14.34 |  14.64 |  22.00 |   8.35 |I I 
15:43-Thu-Apr-06-2017 PM10  |  22.02 |  21.91 |  34.99 |  12.38 |I I 
15:43-Thu-Apr-06-2017 PM2.5 |  14.14 |  14.62 |  22.00 |   8.35 |I I 
15:47-Thu-Apr-06-2017 PM10  |  20.07 |  21.82 |  34.99 |  12.38 |I I 
15:47-Thu-Apr-06-2017 PM2.5 |  13.99 |  14.58 |  22.00 |   8.35 |I I 
15:48-Thu-Apr-06-2017 PM10  |  20.04 |  21.73 |  34.99 |  12.38 |I I 
15:48-Thu-Apr-06-2017 PM2.5 |  13.57 |  14.54 |  22.00 |   8.35 |I I 
15:52-Thu-Apr-06-2017 PM10  |  19.00 |  21.61 |  34.99 |  12.38 |I I 
15:52-Thu-Apr-06-2017 PM2.5 |  13.81 |  14.50 |  22.00 |   8.35 |I I 
15:53-Thu-Apr-06-2017 PM10  |  20.52 |  21.56 |  34.99 |  12.38 |I I 
15:53-Thu-Apr-06-2017 PM2.5 |  13.48 |  14.46 |  22.00 |   8.35 |I I 
15:57-Thu-Apr-06-2017 PM10  |  21.78 |  21.57 |  34.99 |  12.38 |I I 
15:57-Thu-Apr-06-2017 PM2.5 |  14.10 |  14.44 |  22.00 |   8.35 |I I 
15:58-Thu-Apr-06-2017 PM10  |  21.78 |  21.58 |  34.99 |  12.38 |I I 
15:58-Thu-Apr-06-2017 PM2.5 |  14.10 |  14.43 |  22.00 |   8.35 |I I 
15:59-Thu-Apr-06-2017 PM10  |  21.26 |  21.57 |  34.99 |  12.38 |I I 
15:59-Thu-Apr-06-2017 PM2.5 |  13.19 |  14.38 |  22.00 |   8.35 |I I 
16:03-Thu-Apr-06-2017 PM10  |  21.14 |  21.55 |  34.99 |  12.38 |I I 
16:03-Thu-Apr-06-2017 PM2.5 |  13.71 |  14.36 |  22.00 |   8.35 |I I 
16:04-Thu-Apr-06-2017 PM10  |  19.64 |  19.64 |  34.99 |  12.38 |I I 
16:04-Thu-Apr-06-2017 PM2.5 |  13.48 |  13.48 |  22.00 |   8.35 |I I 
16:08-Thu-Apr-06-2017 PM10  |  20.43 |  20.04 |  34.99 |  12.38 |I I 
16:08-Thu-Apr-06-2017 PM2.5 |  13.91 |  13.70 |  22.00 |   8.35 |I I 
16:09-Thu-Apr-06-2017 PM10  |  20.55 |  20.21 |  34.99 |  12.38 |I I 
16:09-Thu-Apr-06-2017 PM2.5 |  13.10 |  13.50 |  22.00 |   8.35 |I I 
16:13-Thu-Apr-06-2017 PM10  |  21.06 |  20.42 |  34.99 |  12.38 |I I 
16:13-Thu-Apr-06-2017 PM2.5 |  13.58 |  13.52 |  22.00 |   8.35 |I I 
16:14-Thu-Apr-06-2017 PM10  |  17.39 |  19.81 |  34.99 |  12.38 |I I 
16:14-Thu-Apr-06-2017 PM2.5 |  13.05 |  13.42 |  22.00 |   8.35 |I I 
16:18-Thu-Apr-06-2017 PM10  |  18.76 |  19.64 |  34.99 |  12.38 |I I 
16:18-Thu-Apr-06-2017 PM2.5 |  13.52 |  13.44 |  22.00 |   8.35 |I I 
16:19-Thu-Apr-06-2017 PM10  |  19.22 |  19.58 |  34.99 |  12.38 |I I 
16:19-Thu-Apr-06-2017 PM2.5 |  12.78 |  13.35 |  22.00 |   8.35 |I I 
16:23-Thu-Apr-06-2017 PM10  |  18.76 |  19.48 |  34.99 |  12.38 |I I 
16:23-Thu-Apr-06-2017 PM2.5 |  13.54 |  13.37 |  22.00 |   8.35 |I I 
16:24-Thu-Apr-06-2017 PM10  |  18.76 |  19.40 |  34.99 |  12.38 |I I 
16:24-Thu-Apr-06-2017 PM2.5 |  13.54 |  13.39 |  22.00 |   8.35 |I I 
16:25-Thu-Apr-06-2017 PM10  |  17.30 |  19.19 |  34.99 |  12.38 |I I 
16:25-Thu-Apr-06-2017 PM2.5 |  12.70 |  13.32 |  22.00 |   8.35 |I I 
16:29-Thu-Apr-06-2017 PM10  |  17.04 |  18.99 |  34.99 |  12.38 |I I 
16:29-Thu-Apr-06-2017 PM2.5 |  12.65 |  13.26 |  22.00 |   8.35 |I I 
16:30-Thu-Apr-06-2017 PM10  |  18.78 |  18.97 |  34.99 |  12.38 |I I 
16:30-Thu-Apr-06-2017 PM2.5 |  12.82 |  13.22 |  22.00 |   8.35 |I I 
16:34-Thu-Apr-06-2017 PM10  |  20.42 |  19.08 |  34.99 |  12.38 |I I 
16:34-Thu-Apr-06-2017 PM2.5 |  13.47 |  13.24 |  22.00 |   8.35 |I I 
16:35-Thu-Apr-06-2017 PM10  |  18.43 |  19.04 |  34.99 |  12.38 |I I 
16:35-Thu-Apr-06-2017 PM2.5 |  12.89 |  13.22 |  22.00 |   8.35 |I I 
16:39-Thu-Apr-06-2017 PM10  |  17.07 |  18.91 |  34.99 |  12.38 |I I 
16:39-Thu-Apr-06-2017 PM2.5 |  13.09 |  13.21 |  22.00 |   8.35 |I I 
16:40-Thu-Apr-06-2017 PM10  |  19.54 |  18.95 |  34.99 |  12.38 |I I 
16:40-Thu-Apr-06-2017 PM2.5 |  13.30 |  13.21 |  22.00 |   8.35 |I I 
16:44-Thu-Apr-06-2017 PM10  |  17.83 |  18.88 |  34.99 |  12.38 |I I 
16:44-Thu-Apr-06-2017 PM2.5 |  13.13 |  13.21 |  22.00 |   8.35 |I I 
16:45-Thu-Apr-06-2017 PM10  |  19.85 |  18.93 |  34.99 |  12.38 |I I 
16:45-Thu-Apr-06-2017 PM2.5 |  12.89 |  13.19 |  22.00 |   8.35 |I I 
16:49-Thu-Apr-06-2017 PM10  |  19.89 |  18.98 |  34.99 |  12.38 |I I 
16:49-Thu-Apr-06-2017 PM2.5 |  13.11 |  13.19 |  22.00 |   8.35 |I I 
16:50-Thu-Apr-06-2017 PM10  |  19.89 |  19.03 |  34.99 |  12.38 |I I 
16:50-Thu-Apr-06-2017 PM2.5 |  13.11 |  13.18 |  22.00 |   8.35 |I I 
16:51-Thu-Apr-06-2017 PM10  |  18.56 |  19.01 |  34.99 |  12.38 |I I 
16:51-Thu-Apr-06-2017 PM2.5 |  12.60 |  13.16 |  22.00 |   8.35 |I I 
16:55-Thu-Apr-06-2017 PM10  |  19.21 |  19.02 |  34.99 |  12.38 |I I 
16:55-Thu-Apr-06-2017 PM2.5 |  13.06 |  13.15 |  22.00 |   8.35 |I I 
16:56-Thu-Apr-06-2017 PM10  |  17.76 |  18.96 |  34.99 |  12.38 |I I 
16:56-Thu-Apr-06-2017 PM2.5 |  12.38 |  13.12 |  22.00 |   8.35 |I I 
17:00-Thu-Apr-06-2017 PM10  |  19.23 |  18.97 |  34.99 |  12.38 |I I 
17:00-Thu-Apr-06-2017 PM2.5 |  12.72 |  13.10 |  22.00 |   8.35 |I I 
17:01-Thu-Apr-06-2017 PM10  |  16.88 |  16.88 |  34.99 |  12.38 |I I 
17:01-Thu-Apr-06-2017 PM2.5 |  11.72 |  11.72 |  22.00 |   8.35 |I I 
17:05-Thu-Apr-06-2017 PM10  |  18.05 |  17.47 |  34.99 |  12.38 |I I 
17:05-Thu-Apr-06-2017 PM2.5 |  12.42 |  12.07 |  22.00 |   8.35 |I I 
17:06-Thu-Apr-06-2017 PM10  |  16.68 |  17.20 |  34.99 |  12.38 |I I 
17:06-Thu-Apr-06-2017 PM2.5 |  11.59 |  11.91 |  22.00 |   8.35 |I I 
17:10-Thu-Apr-06-2017Timeout Event handler
17:11-Thu-Apr-06-2017 PM10  |  17.96 |  17.39 |  34.99 |  12.38 |B B 
17:11-Thu-Apr-06-2017 PM2.5 |  12.50 |  12.06 |  22.00 |   8.35 |B B 
17:12-Thu-Apr-06-2017Timeout Event handler
17:12-Thu-Apr-06-2017 PM10  |  18.43 |  17.60 |  34.99 |  12.38 |B B 
17:12-Thu-Apr-06-2017 PM2.5 |  12.46 |  12.14 |  22.00 |   8.35 |B B 
17:16-Thu-Apr-06-2017recover dati per host :salvatorehost.no-ip.org/aria
17:16-Thu-Apr-06-2017recover dati per host :92.223.147.77/nodered
17:16-Thu-Apr-06-2017 PM10  |  18.50 |  17.75 |  34.99 |  12.38 |I I 
17:16-Thu-Apr-06-2017 PM2.5 |  13.03 |  12.29 |  22.00 |   8.35 |I I 
17:17-Thu-Apr-06-2017 PM10  |  17.48 |  17.71 |  34.99 |  12.38 |I I 
17:17-Thu-Apr-06-2017 PM2.5 |  12.27 |  12.28 |  22.00 |   8.35 |I I 
17:21-Thu-Apr-06-2017 PM10  |  18.53 |  17.81 |  34.99 |  12.38 |I I 
17:21-Thu-Apr-06-2017 PM2.5 |  12.27 |  12.28 |  22.00 |   8.35 |I I 
17:22-Thu-Apr-06-2017 PM10  |  15.76 |  17.58 |  34.99 |  12.38 |I I 
17:22-Thu-Apr-06-2017 PM2.5 |  11.88 |  12.24 |  22.00 |   8.35 |I I 
17:26-Thu-Apr-06-2017 PM10  |  17.10 |  17.54 |  34.99 |  12.38 |I I 
17:26-Thu-Apr-06-2017 PM2.5 |  12.31 |  12.24 |  22.00 |   8.35 |I I 
17:27-Thu-Apr-06-2017 PM10  |  17.10 |  17.50 |  34.99 |  12.38 |I I 
17:27-Thu-Apr-06-2017 PM2.5 |  12.31 |  12.25 |  22.00 |   8.35 |I I 
17:28-Thu-Apr-06-2017 PM10  |  17.27 |  17.48 |  34.99 |  12.38 |I I 
17:28-Thu-Apr-06-2017 PM2.5 |  12.06 |  12.23 |  22.00 |   8.35 |I I 
17:32-Thu-Apr-06-2017 PM10  |  16.30 |  17.39 |  34.99 |  12.38 |I I 
17:32-Thu-Apr-06-2017 PM2.5 |  11.92 |  12.21 |  22.00 |   8.35 |I I 
17:33-Thu-Apr-06-2017 PM10  |  16.20 |  17.30 |  34.99 |  12.38 |I I 
17:33-Thu-Apr-06-2017 PM2.5 |  11.89 |  12.19 |  22.00 |   8.35 |I I 
17:37-Thu-Apr-06-2017 PM10  |  16.23 |  17.23 |  34.99 |  12.38 |I I 
17:37-Thu-Apr-06-2017 PM2.5 |  12.16 |  12.19 |  22.00 |   8.35 |I I 
17:38-Thu-Apr-06-2017 PM10  |  17.24 |  17.23 |  34.99 |  12.38 |I I 
17:38-Thu-Apr-06-2017 PM2.5 |  11.85 |  12.16 |  22.00 |   8.35 |I I 
17:42-Thu-Apr-06-2017 PM10  |  17.62 |  17.25 |  34.99 |  12.38 |I I 
17:42-Thu-Apr-06-2017 PM2.5 |  12.20 |  12.17 |  22.00 |   8.35 |I I 
17:43-Thu-Apr-06-2017 PM10  |  17.68 |  17.28 |  34.99 |  12.38 |I I 
17:43-Thu-Apr-06-2017 PM2.5 |  11.95 |  12.15 |  22.00 |   8.35 |I I 
17:47-Thu-Apr-06-2017 PM10  |  16.36 |  17.23 |  34.99 |  12.38 |I I 
17:47-Thu-Apr-06-2017 PM2.5 |  12.20 |  12.16 |  22.00 |   8.35 |I I 
17:48-Thu-Apr-06-2017 PM10  |  15.73 |  17.15 |  34.99 |  12.38 |I I 
17:48-Thu-Apr-06-2017 PM2.5 |  11.59 |  12.13 |  22.00 |   8.35 |I I 
17:49-Thu-Apr-06-2017 PM10  |  15.73 |  17.09 |  34.99 |  12.38 |I I 
17:49-Thu-Apr-06-2017 PM2.5 |  11.59 |  12.10 |  22.00 |   8.35 |I I 
17:52-Thu-Apr-06-2017 PM10  |  17.32 |  17.10 |  34.99 |  12.38 |I I 
17:52-Thu-Apr-06-2017 PM2.5 |  12.01 |  12.10 |  22.00 |   8.35 |I I 
17:53-Thu-Apr-06-2017 PM10  |  17.32 |  17.11 |  34.99 |  12.38 |I I 
17:53-Thu-Apr-06-2017 PM2.5 |  12.01 |  12.09 |  22.00 |   8.35 |I I 
17:54-Thu-Apr-06-2017 PM10  |  16.55 |  17.08 |  34.99 |  12.38 |I I 
17:54-Thu-Apr-06-2017 PM2.5 |  11.28 |  12.06 |  22.00 |   8.35 |I I 
17:58-Thu-Apr-06-2017 PM10  |  17.91 |  17.12 |  34.99 |  12.38 |I I 
17:58-Thu-Apr-06-2017 PM2.5 |  11.88 |  12.05 |  22.00 |   8.35 |I I 
17:59-Thu-Apr-06-2017 PM10  |  17.14 |  17.12 |  34.99 |  12.38 |I I 
17:59-Thu-Apr-06-2017 PM2.5 |  11.42 |  12.03 |  22.00 |   8.35 |I I 
18:03-Thu-Apr-06-2017 PM10  |  18.05 |  17.15 |  34.99 |  12.38 |I I 
18:03-Thu-Apr-06-2017 PM2.5 |  11.72 |  12.02 |  22.00 |   8.35 |I I 
18:04-Thu-Apr-06-2017 PM10  |  15.81 |  15.81 |  34.99 |  12.38 |I I 
18:04-Thu-Apr-06-2017 PM2.5 |  11.33 |  11.33 |  22.00 |   8.35 |I I 
18:08-Thu-Apr-06-2017 PM10  |  16.80 |  16.30 |  34.99 |  12.38 |I I 
18:08-Thu-Apr-06-2017 PM2.5 |  11.93 |  11.63 |  22.00 |   8.35 |I I 
18:09-Thu-Apr-06-2017 PM10  |  16.17 |  16.26 |  34.99 |  12.38 |I I 
18:09-Thu-Apr-06-2017 PM2.5 |  11.45 |  11.57 |  22.00 |   8.35 |I I 
18:13-Thu-Apr-06-2017 PM10  |  17.31 |  16.52 |  34.99 |  12.38 |I I 
18:13-Thu-Apr-06-2017 PM2.5 |  11.89 |  11.65 |  22.00 |   8.35 |I I 
18:14-Thu-Apr-06-2017 PM10  |  16.63 |  16.54 |  34.99 |  12.38 |I I 
18:14-Thu-Apr-06-2017 PM2.5 |  11.33 |  11.59 |  22.00 |   8.35 |I I 
18:18-Thu-Apr-06-2017 PM10  |  17.80 |  16.75 |  34.99 |  12.38 |I I 
18:18-Thu-Apr-06-2017 PM2.5 |  11.89 |  11.64 |  22.00 |   8.35 |I I 
18:19-Thu-Apr-06-2017 PM10  |  17.80 |  16.90 |  34.99 |  12.38 |I I 
18:19-Thu-Apr-06-2017 PM2.5 |  11.89 |  11.67 |  22.00 |   8.35 |I I 
18:20-Thu-Apr-06-2017 PM10  |  16.52 |  16.86 |  34.99 |  12.38 |I I 
18:20-Thu-Apr-06-2017 PM2.5 |  11.69 |  11.67 |  22.00 |   8.35 |I I 
18:24-Thu-Apr-06-2017 PM10  |  17.57 |  16.93 |  34.99 |  12.38 |I I 
18:24-Thu-Apr-06-2017 PM2.5 |  12.04 |  11.71 |  22.00 |   8.35 |I I 
18:25-Thu-Apr-06-2017 PM10  |  17.26 |  16.97 |  34.99 |  12.38 |I I 
18:25-Thu-Apr-06-2017 PM2.5 |  11.44 |  11.69 |  22.00 |   8.35 |I I 
18:29-Thu-Apr-06-2017 PM10  |  15.50 |  16.83 |  34.99 |  12.38 |I I 
18:29-Thu-Apr-06-2017 PM2.5 |  11.19 |  11.64 |  22.00 |   8.35 |I I 
18:30-Thu-Apr-06-2017 PM10  |  14.57 |  16.65 |  34.99 |  12.38 |I I 
18:30-Thu-Apr-06-2017 PM2.5 |  10.43 |  11.54 |  22.00 |   8.35 |I I 
18:34-Thu-Apr-06-2017 PM10  |  17.17 |  16.69 |  34.99 |  12.38 |I I 
18:34-Thu-Apr-06-2017 PM2.5 |  11.23 |  11.52 |  22.00 |   8.35 |I I 
18:35-Thu-Apr-06-2017 PM10  |  15.91 |  16.63 |  34.99 |  12.38 |I I 
18:35-Thu-Apr-06-2017 PM2.5 |  11.07 |  11.48 |  22.00 |   8.35 |I I 
18:39-Thu-Apr-06-2017 PM10  |  15.42 |  16.55 |  34.99 |  12.38 |I I 
18:39-Thu-Apr-06-2017 PM2.5 |  11.09 |  11.46 |  22.00 |   8.35 |I I 
18:40-Thu-Apr-06-2017 PM10  |  14.98 |  16.45 |  34.99 |  12.38 |I I 
18:40-Thu-Apr-06-2017 PM2.5 |  10.60 |  11.40 |  22.00 |   8.35 |I I 
18:44-Thu-Apr-06-2017 PM10  |  16.24 |  16.44 |  34.99 |  12.38 |I I 
18:44-Thu-Apr-06-2017 PM2.5 |  11.14 |  11.39 |  22.00 |   8.35 |I I 
18:45-Thu-Apr-06-2017 PM10  |  16.24 |  16.43 |  34.99 |  12.38 |I I 
18:45-Thu-Apr-06-2017 PM2.5 |  11.14 |  11.38 |  22.00 |   8.35 |I I 
18:46-Thu-Apr-06-2017 PM10  |  15.41 |  16.37 |  34.99 |  12.38 |I I 
18:46-Thu-Apr-06-2017 PM2.5 |  10.50 |  11.33 |  22.00 |   8.35 |I I 
18:50-Thu-Apr-06-2017 PM10  |  16.63 |  16.39 |  34.99 |  12.38 |I I 
18:50-Thu-Apr-06-2017 PM2.5 |  10.65 |  11.30 |  22.00 |   8.35 |I I 
18:51-Thu-Apr-06-2017 PM10  |  15.31 |  16.34 |  34.99 |  12.38 |I I 
18:51-Thu-Apr-06-2017 PM2.5 |  10.48 |  11.26 |  22.00 |   8.35 |I I 
18:55-Thu-Apr-06-2017 PM10  |  15.53 |  16.30 |  34.99 |  12.38 |I I 
18:55-Thu-Apr-06-2017 PM2.5 |  10.70 |  11.23 |  22.00 |   8.35 |I I 
18:56-Thu-Apr-06-2017 PM10  |  14.96 |  16.24 |  34.99 |  12.38 |I I 
18:56-Thu-Apr-06-2017 PM2.5 |  10.16 |  11.18 |  22.00 |   8.35 |I I 
19:00-Thu-Apr-06-2017 PM10  |  16.18 |  16.24 |  34.99 |  12.38 |I I 
19:00-Thu-Apr-06-2017 PM2.5 |  10.77 |  11.17 |  22.00 |   8.35 |I I 
19:01-Thu-Apr-06-2017 PM10  |  13.48 |  13.48 |  34.99 |  12.38 |I I 
19:01-Thu-Apr-06-2017 PM2.5 |  10.04 |  10.04 |  22.00 |   8.35 |I I 
19:05-Thu-Apr-06-2017 PM10  |  14.95 |  14.22 |  34.99 |  12.38 |I I 
19:05-Thu-Apr-06-2017 PM2.5 |  10.56 |  10.30 |  22.00 |   8.35 |I I 
19:06-Thu-Apr-06-2017 PM10  |  12.79 |  13.74 |  34.99 |  12.38 |I I 
19:06-Thu-Apr-06-2017 PM2.5 |   9.54 |  10.04 |  22.00 |   8.35 |I I 
19:10-Thu-Apr-06-2017 PM10  |  14.09 |  13.83 |  34.99 |  12.38 |I I 
19:10-Thu-Apr-06-2017 PM2.5 |   9.89 |  10.00 |  22.00 |   8.35 |I I 
19:11-Thu-Apr-06-2017 PM10  |  14.09 |  13.88 |  34.99 |  12.38 |I I 
19:11-Thu-Apr-06-2017 PM2.5 |   9.89 |   9.98 |  22.00 |   8.35 |I I 
19:12-Thu-Apr-06-2017 PM10  |  13.82 |  13.87 |  34.99 |  12.38 |I I 
19:12-Thu-Apr-06-2017 PM2.5 |   9.60 |   9.92 |  22.00 |   8.35 |I I 
19:16-Thu-Apr-06-2017 PM10  |  12.47 |  13.67 |  34.99 |  12.38 |I I 
19:16-Thu-Apr-06-2017 PM2.5 |   9.64 |   9.88 |  22.00 |   8.35 |I I 
19:17-Thu-Apr-06-2017 PM10  |  14.26 |  13.74 |  34.99 |  12.38 |I I 
19:17-Thu-Apr-06-2017 PM2.5 |   9.07 |   9.78 |  22.00 |   8.35 |I I 
19:21-Thu-Apr-06-2017 PM10  |  14.10 |  13.78 |  34.99 |  12.38 |I I 
19:21-Thu-Apr-06-2017 PM2.5 |   9.52 |   9.75 |  22.00 |   8.35 |I I 
19:22-Thu-Apr-06-2017 PM10  |  12.00 |  13.61 |  34.99 |  12.38 |I I 
19:22-Thu-Apr-06-2017 PM2.5 |   8.96 |   9.67 |  22.00 |   8.35 |I I 
19:26-Thu-Apr-06-2017 PM10  |  12.72 |  13.53 |  34.99 |  12.38 |I I 
19:26-Thu-Apr-06-2017 PM2.5 |   8.88 |   9.60 |  22.00 |   8.35 |I I 
19:27-Thu-Apr-06-2017 PM10  |  14.16 |  13.58 |  34.99 |  12.38 |I I 
19:27-Thu-Apr-06-2017 PM2.5 |   8.82 |   9.53 |  22.00 |   8.35 |I I 
19:31-Thu-Apr-06-2017 PM10  |  14.41 |  13.64 |  34.99 |  12.38 |I I 
19:31-Thu-Apr-06-2017 PM2.5 |   8.94 |   9.49 |  22.00 |   8.35 |I I 
19:33-Thu-Apr-06-2017 PM10  |  12.42 |  13.56 |  34.99 |  12.38 |I I 
19:33-Thu-Apr-06-2017 PM2.5 |   8.29 |   9.40 |  22.00 |   8.35 |I I 
19:37-Thu-Apr-06-2017 PM10  |  13.39 |  13.54 |  34.99 |  12.38 |I I 
19:37-Thu-Apr-06-2017 PM2.5 |   8.71 |   9.36 |  22.00 |   8.35 |I I 
19:38-Thu-Apr-06-2017 PM10  |  13.16 |  13.52 |  34.99 |  12.38 |I I 
19:38-Thu-Apr-06-2017 PM2.5 |   7.89 |   9.26 |  22.00 |   8.35 |I I 
19:39-Thu-Apr-06-2017 PM10  |  13.16 |  13.50 |  34.99 |  12.38 |I I 
19:39-Thu-Apr-06-2017 PM2.5 |   7.89 |   9.18 |  22.00 |   8.35 |I I 
19:43-Thu-Apr-06-2017 PM10  |  13.60 |  13.50 |  34.99 |  12.38 |I I 
19:43-Thu-Apr-06-2017 PM2.5 |   8.39 |   9.14 |  22.00 |   8.35 |I I 
19:44-Thu-Apr-06-2017 PM10  |  11.10 |  13.38 |  34.99 |  12.38 |I I 
19:44-Thu-Apr-06-2017 PM2.5 |   7.56 |   9.06 |  22.00 |   8.35 |I I 
19:48-Thu-Apr-06-2017 PM10  |  11.52 |  13.28 |  34.99 |  12.38 |I I 
19:48-Thu-Apr-06-2017 PM2.5 |   7.83 |   8.99 |  22.00 |   8.35 |I I 
19:49-Thu-Apr-06-2017 PM10  |  14.49 |  13.34 |  34.99 |  12.38 |I I 
19:49-Thu-Apr-06-2017 PM2.5 |   7.66 |   8.93 |  22.00 |   8.35 |I I 
19:53-Thu-Apr-06-2017 PM10  |  12.74 |  13.31 |  34.99 |  12.38 |I I 
19:53-Thu-Apr-06-2017 PM2.5 |   8.04 |   8.89 |  22.00 |   8.35 |I I 
19:54-Thu-Apr-06-2017 PM10  |  13.10 |  13.30 |  34.99 |  12.38 |I I 
19:54-Thu-Apr-06-2017 PM2.5 |   7.60 |   8.83 |  22.00 |   8.35 |I I 
19:58-Thu-Apr-06-2017 PM10  |  13.39 |  13.31 |  34.99 |  12.38 |I I 
19:58-Thu-Apr-06-2017 PM2.5 |   7.75 |   8.79 |  22.00 |   8.35 |I I 
19:59-Thu-Apr-06-2017 PM10  |  16.10 |  13.42 |  34.99 |  12.38 |I I 
19:59-Thu-Apr-06-2017 PM2.5 |   8.27 |   8.77 |  22.00 |   8.35 |I I 
20:03-Thu-Apr-06-2017 PM10  |  12.84 |  13.40 |  34.99 |  12.38 |I I 
20:03-Thu-Apr-06-2017 PM2.5 |   7.83 |   8.73 |  22.00 |   8.35 |I I 
20:04-Thu-Apr-06-2017 PM10  |  15.70 |  15.70 |  34.99 |  12.38 |I I 
20:04-Thu-Apr-06-2017 PM2.5 |   8.08 |   8.08 |  22.00 |   8.35 |I I 
20:05-Thu-Apr-06-2017 PM10  |  15.70 |  15.70 |  34.99 |  12.38 |I I 
20:05-Thu-Apr-06-2017 PM2.5 |   8.08 |   8.08 |  22.00 |   8.35 |I I 
20:09-Thu-Apr-06-2017 PM10  |  14.73 |  15.38 |  34.99 |  12.38 |I I 
20:09-Thu-Apr-06-2017 PM2.5 |   8.07 |   8.08 |  22.00 |   8.35 |I I 
20:10-Thu-Apr-06-2017 PM10  |  11.78 |  14.48 |  34.99 |  12.38 |I I 
20:10-Thu-Apr-06-2017 PM2.5 |   7.59 |   7.96 |  22.00 |   8.35 |I I 
20:14-Thu-Apr-06-2017 PM10  |  16.48 |  14.88 |  34.99 |  12.38 |I I 
20:14-Thu-Apr-06-2017 PM2.5 |   8.22 |   8.01 |  22.00 |   8.35 |I I 
20:15-Thu-Apr-06-2017 PM10  |  11.61 |  14.33 |  34.99 |  12.38 |I I 
20:15-Thu-Apr-06-2017 PM2.5 |   7.99 |   8.00 |  22.00 |   8.35 |I I 
20:19-Thu-Apr-06-2017 PM10  |  12.84 |  14.12 |  34.99 |  12.38 |I I 
20:19-Thu-Apr-06-2017 PM2.5 |   7.83 |   7.98 |  22.00 |   8.35 |I I 
20:20-Thu-Apr-06-2017 PM10  |  18.04 |  14.61 |  34.99 |  12.38 |I I 
20:20-Thu-Apr-06-2017 PM2.5 |   7.37 |   7.90 |  22.00 |   8.35 |I I 
20:24-Thu-Apr-06-2017 PM10  |  11.30 |  14.24 |  34.99 |  12.38 |I I 
20:24-Thu-Apr-06-2017 PM2.5 |   7.43 |   7.85 |  22.00 |   8.35 |I I 
20:25-Thu-Apr-06-2017 PM10  |  12.83 |  14.10 |  34.99 |  12.38 |I I 
20:25-Thu-Apr-06-2017 PM2.5 |   8.02 |   7.87 |  22.00 |   8.35 |I I 
20:29-Thu-Apr-06-2017 PM10  |  14.06 |  14.10 |  34.99 |  12.38 |I I 
20:29-Thu-Apr-06-2017 PM2.5 |   7.87 |   7.87 |  22.00 |   8.35 |I I 
20:30-Thu-Apr-06-2017 PM10  |  13.70 |  14.06 |  34.99 |  12.38 |I I 
20:30-Thu-Apr-06-2017 PM2.5 |   7.58 |   7.84 |  22.00 |   8.35 |I I 
20:31-Thu-Apr-06-2017 PM10  |  13.70 |  14.04 |  34.99 |  12.38 |I I 
20:31-Thu-Apr-06-2017 PM2.5 |   7.58 |   7.82 |  22.00 |   8.35 |I I 
20:35-Thu-Apr-06-2017 PM10  |  12.84 |  13.95 |  34.99 |  12.38 |I I 
20:35-Thu-Apr-06-2017 PM2.5 |   7.91 |   7.83 |  22.00 |   8.35 |I I 
20:36-Thu-Apr-06-2017 PM10  |  11.95 |  13.82 |  34.99 |  12.38 |I I 
20:36-Thu-Apr-06-2017 PM2.5 |   7.43 |   7.80 |  22.00 |   8.35 |I I 
20:40-Thu-Apr-06-2017 PM10  |  11.69 |  13.68 |  34.99 |  12.38 |I I 
20:40-Thu-Apr-06-2017 PM2.5 |   7.51 |   7.79 |  22.00 |   8.35 |I I 
20:41-Thu-Apr-06-2017 PM10  |  13.93 |  13.70 |  34.99 |  12.38 |I I 
20:41-Thu-Apr-06-2017 PM2.5 |   7.23 |   7.75 |  22.00 |   8.35 |I I 
20:45-Thu-Apr-06-2017 PM10  |  16.65 |  13.86 |  34.99 |  12.38 |I I 
20:45-Thu-Apr-06-2017 PM2.5 |   7.29 |   7.73 |  22.00 |   8.35 |I I 
20:46-Thu-Apr-06-2017 PM10  |  14.70 |  13.91 |  34.99 |  12.38 |I I 
20:46-Thu-Apr-06-2017 PM2.5 |   7.70 |   7.73 |  22.00 |   8.35 |I I 
20:50-Thu-Apr-06-2017 PM10  |  14.27 |  13.92 |  34.99 |  12.38 |I I 
20:50-Thu-Apr-06-2017 PM2.5 |   7.86 |   7.73 |  22.00 |   8.35 |I I 
20:51-Thu-Apr-06-2017 PM10  |  13.24 |  13.89 |  34.99 |  12.38 |I I 
20:51-Thu-Apr-06-2017 PM2.5 |   7.93 |   7.74 |  22.00 |   8.35 |I I 
20:55-Thu-Apr-06-2017 PM10  |  13.98 |  13.90 |  34.99 |  12.38 |I I 
20:55-Thu-Apr-06-2017 PM2.5 |   8.08 |   7.76 |  22.00 |   8.35 |I I 
20:56-Thu-Apr-06-2017 PM10  |  14.39 |  13.92 |  34.99 |  12.38 |I I 
20:56-Thu-Apr-06-2017 PM2.5 |   8.33 |   7.78 |  22.00 |   8.35 |I I 
20:57-Thu-Apr-06-2017 PM10  |  14.39 |  13.94 |  34.99 |  12.38 |I I 
20:57-Thu-Apr-06-2017 PM2.5 |   8.33 |   7.81 |  22.00 |   8.35 |I I 
21:01-Thu-Apr-06-2017 PM10  |  16.43 |  14.04 |  34.99 |  12.38 |I I 
21:01-Thu-Apr-06-2017 PM2.5 |   8.40 |   7.83 |  22.00 |   7.83 |I I 
21:02-Thu-Apr-06-2017 PM10  |  13.92 |  13.92 |  34.99 |  12.38 |I I 
21:02-Thu-Apr-06-2017 PM2.5 |   7.50 |   7.50 |  22.00 |   7.83 |I I 
21:06-Thu-Apr-06-2017 PM10  |  14.15 |  14.04 |  34.99 |  12.38 |I I 
21:06-Thu-Apr-06-2017 PM2.5 |   7.89 |   7.70 |  22.00 |   7.83 |I I 
21:07-Thu-Apr-06-2017 PM10  |  14.03 |  14.04 |  34.99 |  12.38 |I I 
21:07-Thu-Apr-06-2017 PM2.5 |   8.31 |   7.90 |  22.00 |   7.83 |I I 
21:11-Thu-Apr-06-2017 PM10  |  13.68 |  13.95 |  34.99 |  12.38 |I I 
21:11-Thu-Apr-06-2017 PM2.5 |   7.95 |   7.91 |  22.00 |   7.83 |I I 
21:12-Thu-Apr-06-2017 PM10  |  14.07 |  13.97 |  34.99 |  12.38 |I I 
21:12-Thu-Apr-06-2017 PM2.5 |   7.34 |   7.80 |  22.00 |   7.83 |I I 
21:16-Thu-Apr-06-2017 PM10  |  12.61 |  13.74 |  34.99 |  12.38 |I I 
21:16-Thu-Apr-06-2017 PM2.5 |   8.08 |   7.85 |  22.00 |   7.83 |I I 
21:17-Thu-Apr-06-2017 PM10  |  15.62 |  14.01 |  34.99 |  12.38 |I I 
21:17-Thu-Apr-06-2017 PM2.5 |   7.57 |   7.81 |  22.00 |   7.83 |I I 
21:21-Thu-Apr-06-2017 PM10  |  13.53 |  13.95 |  34.99 |  12.38 |I I 
21:21-Thu-Apr-06-2017 PM2.5 |   7.79 |   7.80 |  22.00 |   7.83 |I I 
21:22-Thu-Apr-06-2017 PM10  |  12.94 |  13.84 |  34.99 |  12.38 |I I 
21:22-Thu-Apr-06-2017 PM2.5 |   7.92 |   7.82 |  22.00 |   7.83 |I I 
21:23-Thu-Apr-06-2017 PM10  |  12.94 |  13.75 |  34.99 |  12.38 |I I 
21:23-Thu-Apr-06-2017 PM2.5 |   7.92 |   7.83 |  22.00 |   7.83 |I I 
21:27-Thu-Apr-06-2017 PM10  |  12.99 |  13.68 |  34.99 |  12.38 |I I 
21:27-Thu-Apr-06-2017 PM2.5 |   8.61 |   7.90 |  22.00 |   7.83 |I I 
21:28-Thu-Apr-06-2017 PM10  |  13.38 |  13.65 |  34.99 |  12.38 |I I 
21:28-Thu-Apr-06-2017 PM2.5 |   7.56 |   7.87 |  22.00 |   7.83 |I I 
21:32-Thu-Apr-06-2017 PM10  |  14.76 |  13.74 |  34.99 |  12.38 |I I 
21:32-Thu-Apr-06-2017 PM2.5 |   8.15 |   7.89 |  22.00 |   7.83 |I I 
21:33-Thu-Apr-06-2017 PM10  |  16.26 |  13.92 |  34.99 |  12.38 |I I 
21:33-Thu-Apr-06-2017 PM2.5 |   8.03 |   7.90 |  22.00 |   7.83 |I I 
21:37-Thu-Apr-06-2017 PM10  |  13.40 |  13.88 |  34.99 |  12.38 |I I 
21:37-Thu-Apr-06-2017 PM2.5 |   8.47 |   7.94 |  22.00 |   7.83 |I I 
21:38-Thu-Apr-06-2017 PM10  |  14.68 |  13.93 |  34.99 |  12.38 |I I 
21:38-Thu-Apr-06-2017 PM2.5 |   8.29 |   7.96 |  22.00 |   7.83 |I I 
21:42-Thu-Apr-06-2017 PM10  |  14.72 |  13.98 |  34.99 |  12.38 |I I 
21:42-Thu-Apr-06-2017 PM2.5 |   8.21 |   7.98 |  22.00 |   7.83 |I I 
21:43-Thu-Apr-06-2017 PM10  |  13.57 |  13.96 |  34.99 |  12.38 |I I 
21:43-Thu-Apr-06-2017 PM2.5 |   7.95 |   7.97 |  22.00 |   7.83 |I I 
21:47-Thu-Apr-06-2017 PM10  |  12.39 |  13.88 |  34.99 |  12.38 |I I 
21:47-Thu-Apr-06-2017 PM2.5 |   8.11 |   7.98 |  22.00 |   7.83 |I I 
21:48-Thu-Apr-06-2017 PM10  |  14.02 |  13.88 |  34.99 |  12.38 |I I 
21:48-Thu-Apr-06-2017 PM2.5 |   8.46 |   8.01 |  22.00 |   7.83 |I I 
21:49-Thu-Apr-06-2017 PM10  |  14.02 |  13.89 |  34.99 |  12.38 |I I 
21:49-Thu-Apr-06-2017 PM2.5 |   8.46 |   8.03 |  22.00 |   7.83 |I I 
21:53-Thu-Apr-06-2017 PM10  |  17.12 |  14.04 |  34.99 |  12.38 |I I 
21:53-Thu-Apr-06-2017 PM2.5 |   8.48 |   8.05 |  22.00 |   7.83 |I I 
21:54-Thu-Apr-06-2017 PM10  |  12.63 |  13.98 |  34.99 |  12.38 |I I 
21:54-Thu-Apr-06-2017 PM2.5 |   7.63 |   8.03 |  22.00 |   7.83 |I I 
21:58-Thu-Apr-06-2017 PM10  |  13.15 |  13.94 |  34.99 |  12.38 |I I 
21:58-Thu-Apr-06-2017 PM2.5 |   8.02 |   8.03 |  22.00 |   7.83 |I I 
21:59-Thu-Apr-06-2017 PM10  |  12.15 |  13.87 |  34.99 |  12.38 |I I 
21:59-Thu-Apr-06-2017 PM2.5 |   8.09 |   8.03 |  22.00 |   7.83 |I I 
22:03-Thu-Apr-06-2017 PM10  |  12.43 |  13.81 |  34.99 |  12.38 |I I 
22:03-Thu-Apr-06-2017 PM2.5 |   8.36 |   8.04 |  22.00 |   7.83 |I I 
22:04-Thu-Apr-06-2017 PM10  |  16.12 |  16.12 |  34.99 |  12.38 |I I 
22:04-Thu-Apr-06-2017 PM2.5 |   8.24 |   8.24 |  22.00 |   7.83 |I I 
22:08-Thu-Apr-06-2017 PM10  |  14.07 |  15.10 |  34.99 |  12.38 |I I 
22:08-Thu-Apr-06-2017 PM2.5 |   8.14 |   8.19 |  22.00 |   7.83 |I I 
22:09-Thu-Apr-06-2017 PM10  |  13.37 |  14.52 |  34.99 |  12.38 |I I 
22:09-Thu-Apr-06-2017 PM2.5 |   8.25 |   8.21 |  22.00 |   7.83 |I I 
22:13-Thu-Apr-06-2017 PM10  |  15.24 |  14.70 |  34.99 |  12.38 |I I 
22:13-Thu-Apr-06-2017 PM2.5 |   8.39 |   8.26 |  22.00 |   7.83 |I I 
22:14-Thu-Apr-06-2017 PM10  |  14.84 |  14.73 |  34.99 |  12.38 |I I 
22:14-Thu-Apr-06-2017 PM2.5 |   8.37 |   8.28 |  22.00 |   7.83 |I I 
22:15-Thu-Apr-06-2017 PM10  |  14.84 |  14.75 |  34.99 |  12.38 |I I 
22:15-Thu-Apr-06-2017 PM2.5 |   8.37 |   8.29 |  22.00 |   7.83 |I I 
22:19-Thu-Apr-06-2017 PM10  |  16.72 |  15.03 |  34.99 |  12.38 |I I 
22:19-Thu-Apr-06-2017 PM2.5 |   8.73 |   8.36 |  22.00 |   7.83 |I I 
22:20-Thu-Apr-06-2017 PM10  |  14.87 |  15.01 |  34.99 |  12.38 |I I 
22:20-Thu-Apr-06-2017 PM2.5 |   8.20 |   8.34 |  22.00 |   7.83 |I I 
22:24-Thu-Apr-06-2017 PM10  |  12.95 |  14.78 |  34.99 |  12.38 |I I 
22:24-Thu-Apr-06-2017 PM2.5 |   8.33 |   8.34 |  22.00 |   7.83 |I I 
22:25-Thu-Apr-06-2017 PM10  |  13.59 |  14.66 |  34.99 |  12.38 |I I 
22:25-Thu-Apr-06-2017 PM2.5 |   7.87 |   8.29 |  22.00 |   7.83 |I I 
22:29-Thu-Apr-06-2017 PM10  |  12.95 |  14.51 |  34.99 |  12.38 |I I 
22:29-Thu-Apr-06-2017 PM2.5 |   8.24 |   8.29 |  22.00 |   7.83 |I I 
22:30-Thu-Apr-06-2017 PM10  |  12.92 |  14.37 |  34.99 |  12.38 |I I 
22:30-Thu-Apr-06-2017 PM2.5 |   7.66 |   8.23 |  22.00 |   7.83 |I I 
22:34-Thu-Apr-06-2017 PM10  |  13.21 |  14.28 |  34.99 |  12.38 |I I 
22:34-Thu-Apr-06-2017 PM2.5 |   7.92 |   8.21 |  22.00 |   7.83 |I I 
22:36-Thu-Apr-06-2017 PM10  |  12.96 |  14.19 |  34.99 |  12.38 |I I 
22:36-Thu-Apr-06-2017 PM2.5 |   7.74 |   8.18 |  22.00 |   7.83 |I I 
22:40-Thu-Apr-06-2017 PM10  |  12.49 |  14.08 |  34.99 |  12.38 |I I 
22:40-Thu-Apr-06-2017 PM2.5 |   8.36 |   8.19 |  22.00 |   7.83 |I I 
22:41-Thu-Apr-06-2017 PM10  |  15.21 |  14.15 |  34.99 |  12.38 |I I 
22:41-Thu-Apr-06-2017 PM2.5 |   8.04 |   8.18 |  22.00 |   7.83 |I I 
22:42-Thu-Apr-06-2017 PM10  |  15.21 |  14.21 |  34.99 |  12.38 |I I 
22:42-Thu-Apr-06-2017 PM2.5 |   8.04 |   8.17 |  22.00 |   7.83 |I I 
22:46-Thu-Apr-06-2017 PM10  |  15.06 |  14.26 |  34.99 |  12.38 |I I 
22:46-Thu-Apr-06-2017 PM2.5 |   8.33 |   8.18 |  22.00 |   7.83 |I I 
22:47-Thu-Apr-06-2017 PM10  |  14.87 |  14.29 |  34.99 |  12.38 |I I 
22:47-Thu-Apr-06-2017 PM2.5 |   7.52 |   8.15 |  22.00 |   7.83 |I I 
22:51-Thu-Apr-06-2017 PM10  |  14.97 |  14.32 |  34.99 |  12.38 |I I 
22:51-Thu-Apr-06-2017 PM2.5 |   8.23 |   8.15 |  22.00 |   7.83 |I I 
22:52-Thu-Apr-06-2017 PM10  |  15.95 |  14.40 |  34.99 |  12.38 |I I 
22:52-Thu-Apr-06-2017 PM2.5 |   7.99 |   8.14 |  22.00 |   7.83 |I I 
22:56-Thu-Apr-06-2017 PM10  |  14.23 |  14.39 |  34.99 |  12.38 |I I 
22:56-Thu-Apr-06-2017 PM2.5 |   8.10 |   8.14 |  22.00 |   7.83 |I I 
22:57-Thu-Apr-06-2017 PM10  |  12.51 |  14.31 |  34.99 |  12.38 |I I 
22:57-Thu-Apr-06-2017 PM2.5 |   7.50 |   8.11 |  22.00 |   7.83 |I I 
23:01-Thu-Apr-06-2017 PM10  |  10.34 |  14.15 |  34.99 |  12.38 |I I 
23:01-Thu-Apr-06-2017 PM2.5 |   7.31 |   8.08 |  22.00 |   7.83 |I I 
23:02-Thu-Apr-06-2017 PM10  |  14.19 |  14.19 |  34.99 |  12.38 |I I 
23:02-Thu-Apr-06-2017 PM2.5 |   7.74 |   7.74 |  22.00 |   7.83 |I I 
23:06-Thu-Apr-06-2017 PM10  |  12.49 |  13.34 |  34.99 |  12.38 |I I 
23:06-Thu-Apr-06-2017 PM2.5 |   7.75 |   7.75 |  22.00 |   7.83 |I I 
23:07-Thu-Apr-06-2017 PM10  |  11.71 |  12.80 |  34.99 |  12.38 |I I 
23:07-Thu-Apr-06-2017 PM2.5 |   7.81 |   7.77 |  22.00 |   7.83 |I I 
23:08-Thu-Apr-06-2017 PM10  |  11.71 |  12.52 |  34.99 |  12.38 |I I 
23:08-Thu-Apr-06-2017 PM2.5 |   7.81 |   7.78 |  22.00 |   7.83 |I I 
23:12-Thu-Apr-06-2017 PM10  |  12.29 |  12.48 |  34.99 |  12.38 |I I 
23:12-Thu-Apr-06-2017 PM2.5 |   8.07 |   7.84 |  22.00 |   7.83 |I I 
23:13-Thu-Apr-06-2017 PM10  |  15.86 |  13.04 |  34.99 |  12.38 |I I 
23:13-Thu-Apr-06-2017 PM2.5 |   8.37 |   7.93 |  22.00 |   7.83 |I I 
23:17-Thu-Apr-06-2017 PM10  |  11.25 |  12.78 |  34.99 |  12.38 |I I 
23:17-Thu-Apr-06-2017 PM2.5 |   8.08 |   7.95 |  22.00 |   7.83 |I I 
23:18-Thu-Apr-06-2017 PM10  |  14.06 |  12.94 |  34.99 |  12.38 |I I 
23:18-Thu-Apr-06-2017 PM2.5 |   7.80 |   7.93 |  22.00 |   7.83 |I I 
23:22-Thu-Apr-06-2017 PM10  |  15.47 |  13.22 |  34.99 |  12.38 |I I 
23:22-Thu-Apr-06-2017 PM2.5 |   8.16 |   7.95 |  22.00 |   7.83 |I I 
23:23-Thu-Apr-06-2017 PM10  |  13.88 |  13.29 |  34.99 |  12.38 |I I 
23:23-Thu-Apr-06-2017 PM2.5 |   7.92 |   7.95 |  22.00 |   7.83 |I I 
23:27-Thu-Apr-06-2017 PM10  |  15.61 |  13.50 |  34.99 |  12.38 |I I 
23:27-Thu-Apr-06-2017 PM2.5 |   8.22 |   7.97 |  22.00 |   7.83 |I I 
23:28-Thu-Apr-06-2017 PM10  |  11.72 |  13.35 |  34.99 |  12.38 |I I 
23:28-Thu-Apr-06-2017 PM2.5 |   7.65 |   7.95 |  22.00 |   7.83 |I I 
23:32-Thu-Apr-06-2017 PM10  |  12.15 |  13.26 |  34.99 |  12.38 |I I 
23:32-Thu-Apr-06-2017 PM2.5 |   7.92 |   7.95 |  22.00 |   7.83 |I I 
23:33-Thu-Apr-06-2017 PM10  |  14.73 |  13.37 |  34.99 |  12.38 |I I 
23:33-Thu-Apr-06-2017 PM2.5 |   7.77 |   7.93 |  22.00 |   7.83 |I I 
23:34-Thu-Apr-06-2017 PM10  |  14.73 |  13.46 |  34.99 |  12.38 |I I 
23:34-Thu-Apr-06-2017 PM2.5 |   7.77 |   7.92 |  22.00 |   7.83 |I I 
23:38-Thu-Apr-06-2017 PM10  |  13.42 |  13.45 |  34.99 |  12.38 |I I 
23:38-Thu-Apr-06-2017 PM2.5 |   8.00 |   7.93 |  22.00 |   7.83 |I I 
23:39-Thu-Apr-06-2017 PM10  |  14.39 |  13.51 |  34.99 |  12.38 |I I 
23:39-Thu-Apr-06-2017 PM2.5 |   7.73 |   7.92 |  22.00 |   7.83 |I I 
23:43-Thu-Apr-06-2017 PM10  |  13.43 |  13.50 |  34.99 |  12.38 |I I 
23:43-Thu-Apr-06-2017 PM2.5 |   7.96 |   7.92 |  22.00 |   7.83 |I I 
23:44-Thu-Apr-06-2017 PM10  |  12.35 |  13.44 |  34.99 |  12.38 |I I 
23:44-Thu-Apr-06-2017 PM2.5 |   7.84 |   7.91 |  22.00 |   7.83 |I I 
23:48-Thu-Apr-06-2017 PM10  |  14.30 |  13.49 |  34.99 |  12.38 |I I 
23:48-Thu-Apr-06-2017 PM2.5 |   7.89 |   7.91 |  22.00 |   7.83 |I I 
23:49-Thu-Apr-06-2017 PM10  |  13.93 |  13.51 |  34.99 |  12.38 |I I 
23:49-Thu-Apr-06-2017 PM2.5 |   7.69 |   7.90 |  22.00 |   7.83 |I I 
23:53-Thu-Apr-06-2017 PM10  |  13.36 |  13.50 |  34.99 |  12.38 |I I 
23:53-Thu-Apr-06-2017 PM2.5 |   8.20 |   7.92 |  22.00 |   7.83 |I I 
23:54-Thu-Apr-06-2017 PM10  |  11.32 |  13.41 |  34.99 |  12.38 |I I 
23:54-Thu-Apr-06-2017 PM2.5 |   7.37 |   7.89 |  22.00 |   7.83 |I I 
23:58-Thu-Apr-06-2017 PM10  |  11.15 |  13.31 |  34.99 |  12.38 |I I 
23:58-Thu-Apr-06-2017 PM2.5 |   7.65 |   7.88 |  22.00 |   7.83 |I I 
23:59-Thu-Apr-06-2017 PM10  |  12.79 |  13.29 |  34.99 |  12.38 |I I 
23:59-Thu-Apr-06-2017 PM2.5 |   8.13 |   7.89 |  22.00 |   7.83 |I I 
00:00-Fri-Apr-07-2017 PM10  |  12.79 |  13.27 |  34.99 |  12.38 |I I 
