[Sun Mar 19 00:01:18 2017] Report del giorno Sunday March 19 2017 -- INVIATO a centraline@googlegroups.com
00:01-Sun-Mar-19-2017 PM2.5 |   7.50 |   7.57 |   8.51 |   4.59 |I I 
00:02-Sun-Mar-19-2017 PM10  |  14.76 |  14.76 |   0.00 |  2000.00|I I 
00:02-Sun-Mar-19-2017 PM2.5 |   7.46 |   7.46 |   0.00 |  2000.00|I I 
00:03-Sun-Mar-19-2017 PM10  |  14.76 |  14.76 |   0.00 |  2000.00|I I 
00:03-Sun-Mar-19-2017 PM2.5 |   7.46 |   7.46 |   0.00 |  2000.00|I I 
00:07-Sun-Mar-19-2017 PM10  |  16.28 |  15.26 |   0.00 |  2000.00|I I 
00:07-Sun-Mar-19-2017 PM2.5 |   7.16 |   7.36 |   0.00 |  2000.00|I I 
00:08-Sun-Mar-19-2017 PM10  |  18.13 |  15.98 |   0.00 |  2000.00|I I 
00:08-Sun-Mar-19-2017 PM2.5 |   7.65 |   7.43 |   0.00 |  2000.00|I I 
00:12-Sun-Mar-19-2017 PM10  |  16.79 |  16.14 |   0.00 |  2000.00|I I 
00:12-Sun-Mar-19-2017 PM2.5 |   7.68 |   7.48 |   0.00 |  2000.00|I I 
00:13-Sun-Mar-19-2017 PM10  |  14.73 |  15.91 |   0.00 |  2000.00|I I 
00:13-Sun-Mar-19-2017 PM2.5 |   6.76 |   7.36 |   0.00 |  2000.00|I I 
00:17-Sun-Mar-19-2017 PM10  |  14.61 |  15.72 |   0.00 |  2000.00|I I 
00:17-Sun-Mar-19-2017 PM2.5 |   7.14 |   7.33 |   0.00 |  2000.00|I I 
00:18-Sun-Mar-19-2017 PM10  |  14.33 |  15.55 |   0.00 |  2000.00|I I 
00:18-Sun-Mar-19-2017 PM2.5 |   6.95 |   7.28 |   0.00 |  2000.00|I I 
00:22-Sun-Mar-19-2017 PM10  |  15.31 |  15.52 |   0.00 |  2000.00|I I 
00:22-Sun-Mar-19-2017 PM2.5 |   7.44 |   7.30 |   0.00 |  2000.00|I I 
00:23-Sun-Mar-19-2017 PM10  |  14.63 |  15.43 |   0.00 |  2000.00|I I 
00:23-Sun-Mar-19-2017 PM2.5 |   7.11 |   7.28 |   0.00 |  2000.00|I I 
00:27-Sun-Mar-19-2017 PM10  |  15.85 |  15.47 |   0.00 |  2000.00|I I 
00:27-Sun-Mar-19-2017 PM2.5 |   7.25 |   7.28 |   0.00 |  2000.00|I I 
00:28-Sun-Mar-19-2017 PM10  |  21.32 |  15.96 |   0.00 |  2000.00|I I 
00:28-Sun-Mar-19-2017 PM2.5 |   7.76 |   7.32 |   0.00 |  2000.00|I I 
00:29-Sun-Mar-19-2017 PM10  |  21.32 |  16.37 |   0.00 |  2000.00|I I 
00:29-Sun-Mar-19-2017 PM2.5 |   7.76 |   7.35 |   0.00 |  2000.00|I I 
00:33-Sun-Mar-19-2017 PM10  |  23.13 |  16.85 |   0.00 |  2000.00|I I 
00:33-Sun-Mar-19-2017 PM2.5 |   7.78 |   7.38 |   0.00 |  2000.00|I I 
00:34-Sun-Mar-19-2017 PM10  |  14.92 |  16.72 |   0.00 |  2000.00|I I 
00:34-Sun-Mar-19-2017 PM2.5 |   7.09 |   7.36 |   0.00 |  2000.00|I I 
00:38-Sun-Mar-19-2017 PM10  |  19.63 |  16.91 |   0.00 |  2000.00|I I 
00:38-Sun-Mar-19-2017 PM2.5 |   7.56 |   7.38 |   0.00 |  2000.00|I I 
00:39-Sun-Mar-19-2017 PM10  |  20.62 |  17.12 |   0.00 |  2000.00|I I 
00:39-Sun-Mar-19-2017 PM2.5 |   7.64 |   7.39 |   0.00 |  2000.00|I I 
00:43-Sun-Mar-19-2017 PM10  |  17.99 |  17.17 |   0.00 |  2000.00|I I 
00:43-Sun-Mar-19-2017 PM2.5 |   7.47 |   7.40 |   0.00 |  2000.00|I I 
00:44-Sun-Mar-19-2017 PM10  |  17.46 |  17.19 |   0.00 |  2000.00|I I 
00:44-Sun-Mar-19-2017 PM2.5 |   7.03 |   7.38 |   0.00 |  2000.00|I I 
00:48-Sun-Mar-19-2017 PM10  |  17.56 |  17.21 |   0.00 |  2000.00|I I 
00:48-Sun-Mar-19-2017 PM2.5 |   7.37 |   7.38 |   0.00 |  2000.00|I I 
00:49-Sun-Mar-19-2017 PM10  |  19.20 |  17.30 |   0.00 |  2000.00|I I 
00:49-Sun-Mar-19-2017 PM2.5 |   7.18 |   7.37 |   0.00 |  2000.00|I I 
00:53-Sun-Mar-19-2017 PM10  |  16.93 |  17.28 |   0.00 |  2000.00|I I 
00:53-Sun-Mar-19-2017 PM2.5 |   7.31 |   7.36 |   0.00 |  2000.00|I I 
00:54-Sun-Mar-19-2017 PM10  |  18.39 |  17.33 |   0.00 |  2000.00|I I 
00:54-Sun-Mar-19-2017 PM2.5 |   7.61 |   7.37 |   0.00 |  2000.00|I I 
00:55-Sun-Mar-19-2017 PM10  |  18.39 |  17.38 |   0.00 |  2000.00|I I 
00:55-Sun-Mar-19-2017 PM2.5 |   7.61 |   7.38 |   0.00 |  2000.00|I I 
00:59-Sun-Mar-19-2017 PM10  |  17.44 |  17.38 |   0.00 |  2000.00|I I 
00:59-Sun-Mar-19-2017 PM2.5 |   7.26 |   7.38 |   0.00 |  2000.00|I I 
01:00-Sun-Mar-19-2017 PM10  |  13.94 |  17.25 |  17.25 |  17.25 |I I 
01:00-Sun-Mar-19-2017 PM2.5 |   6.56 |   7.35 |   7.35 |   7.35 |I I 
01:04-Sun-Mar-19-2017 PM10  |  16.41 |  16.41 |  17.25 |  17.25 |I I 
01:04-Sun-Mar-19-2017 PM2.5 |   7.29 |   7.29 |   7.35 |   7.35 |I I 
01:05-Sun-Mar-19-2017 PM10  |  21.11 |  18.76 |  17.25 |  17.25 |I I 
01:05-Sun-Mar-19-2017 PM2.5 |   7.50 |   7.40 |   7.35 |   7.35 |I I 
01:09-Sun-Mar-19-2017 PM10  |  17.75 |  18.42 |  17.25 |  17.25 |I I 
01:09-Sun-Mar-19-2017 PM2.5 |   7.43 |   7.41 |   7.35 |   7.35 |I I 
01:10-Sun-Mar-19-2017 PM10  |  16.44 |  17.93 |  17.25 |  17.25 |I I 
01:10-Sun-Mar-19-2017 PM2.5 |   7.32 |   7.39 |   7.35 |   7.35 |I I 
01:14-Sun-Mar-19-2017 PM10  |  18.71 |  18.08 |  17.25 |  17.25 |I I 
01:14-Sun-Mar-19-2017 PM2.5 |   7.39 |   7.39 |   7.35 |   7.35 |I I 
01:15-Sun-Mar-19-2017 PM10  |  16.74 |  17.86 |  17.25 |  17.25 |I I 
01:15-Sun-Mar-19-2017 PM2.5 |   7.02 |   7.33 |   7.35 |   7.35 |I I 
01:19-Sun-Mar-19-2017 PM10  |  18.76 |  17.99 |  17.25 |  17.25 |I I 
01:19-Sun-Mar-19-2017 PM2.5 |   7.47 |   7.35 |   7.35 |   7.35 |I I 
01:20-Sun-Mar-19-2017 PM10  |  15.19 |  17.64 |  17.25 |  17.25 |I I 
01:20-Sun-Mar-19-2017 PM2.5 |   7.05 |   7.31 |   7.35 |   7.35 |I I 
01:21-Sun-Mar-19-2017 PM10  |  15.19 |  17.37 |  17.25 |  17.25 |I I 
01:21-Sun-Mar-19-2017 PM2.5 |   7.05 |   7.28 |   7.35 |   7.35 |I I 
01:24-Sun-Mar-19-2017 PM10  |  19.14 |  17.54 |  17.25 |  17.25 |I I 
01:24-Sun-Mar-19-2017 PM2.5 |   7.54 |   7.31 |   7.35 |   7.35 |I I 
01:25-Sun-Mar-19-2017 PM10  |  19.14 |  17.69 |  17.25 |  17.25 |I I 
01:25-Sun-Mar-19-2017 PM2.5 |   7.54 |   7.33 |   7.35 |   7.35 |I I 
01:26-Sun-Mar-19-2017 PM10  |  15.86 |  17.54 |  17.25 |  17.25 |I I 
01:26-Sun-Mar-19-2017 PM2.5 |   7.14 |   7.31 |   7.35 |   7.35 |I I 
01:30-Sun-Mar-19-2017 PM10  |  18.43 |  17.61 |  17.25 |  17.25 |I I 
01:30-Sun-Mar-19-2017 PM2.5 |   7.45 |   7.32 |   7.35 |   7.35 |I I 
01:31-Sun-Mar-19-2017 PM10  |  14.21 |  17.36 |  17.25 |  17.25 |I I 
01:31-Sun-Mar-19-2017 PM2.5 |   7.18 |   7.31 |   7.35 |   7.35 |I I 
01:35-Sun-Mar-19-2017 PM10  |  16.47 |  17.30 |  17.25 |  17.25 |I I 
01:35-Sun-Mar-19-2017 PM2.5 |   7.25 |   7.31 |   7.35 |   7.35 |I I 
01:36-Sun-Mar-19-2017 PM10  |  15.71 |  17.20 |  17.25 |  17.25 |I I 
01:36-Sun-Mar-19-2017 PM2.5 |   7.10 |   7.30 |   7.35 |   7.35 |I I 
01:40-Sun-Mar-19-2017 PM10  |  16.12 |  17.14 |  17.25 |  17.25 |I I 
01:40-Sun-Mar-19-2017 PM2.5 |   7.26 |   7.29 |   7.35 |   7.35 |I I 
01:41-Sun-Mar-19-2017 PM10  |  17.50 |  17.16 |  17.25 |  17.25 |I I 
01:41-Sun-Mar-19-2017 PM2.5 |   7.25 |   7.29 |   7.35 |   7.35 |I I 
01:45-Sun-Mar-19-2017 PM10  |  16.82 |  17.14 |  17.25 |  17.25 |I I 
01:45-Sun-Mar-19-2017 PM2.5 |   7.53 |   7.30 |   7.35 |   7.35 |I I 
01:46-Sun-Mar-19-2017 PM10  |  17.37 |  17.15 |  17.25 |  17.25 |I I 
01:46-Sun-Mar-19-2017 PM2.5 |   7.25 |   7.30 |   7.35 |   7.35 |I I 
01:50-Sun-Mar-19-2017 PM10  |  14.99 |  17.05 |  17.25 |  17.25 |I I 
01:50-Sun-Mar-19-2017 PM2.5 |   7.32 |   7.30 |   7.35 |   7.35 |I I 
01:51-Sun-Mar-19-2017 PM10  |  14.99 |  16.96 |  17.25 |  17.25 |I I 
01:51-Sun-Mar-19-2017 PM2.5 |   7.32 |   7.30 |   7.35 |   7.35 |I I 
01:52-Sun-Mar-19-2017 PM10  |  14.33 |  16.84 |  17.25 |  17.25 |I I 
01:52-Sun-Mar-19-2017 PM2.5 |   7.28 |   7.30 |   7.35 |   7.35 |I I 
01:56-Sun-Mar-19-2017 PM10  |  16.04 |  16.81 |  17.25 |  17.25 |I I 
01:56-Sun-Mar-19-2017 PM2.5 |   7.30 |   7.30 |   7.35 |   7.35 |I I 
01:57-Sun-Mar-19-2017 PM10  |  12.93 |  16.65 |  17.25 |  17.25 |I I 
01:57-Sun-Mar-19-2017 PM2.5 |   6.78 |   7.28 |   7.35 |   7.35 |I I 
02:02-Sun-Mar-19-2017 PM10  |  16.00 |  16.63 |  17.25 |  16.63 |I I 
02:02-Sun-Mar-19-2017 PM2.5 |   7.23 |   7.28 |   7.35 |   7.28 |I I 
02:03-Sun-Mar-19-2017 PM10  |  18.99 |  18.99 |  17.25 |  16.63 |I I 
02:03-Sun-Mar-19-2017 PM2.5 |   7.23 |   7.23 |   7.35 |   7.28 |I I 
02:07-Sun-Mar-19-2017 PM10  |  18.07 |  18.53 |  17.25 |  16.63 |I I 
02:07-Sun-Mar-19-2017 PM2.5 |   7.17 |   7.20 |   7.35 |   7.28 |I I 
02:08-Sun-Mar-19-2017 PM10  |  16.42 |  17.83 |  17.25 |  16.63 |I I 
02:08-Sun-Mar-19-2017 PM2.5 |   7.16 |   7.19 |   7.35 |   7.28 |I I 
02:12-Sun-Mar-19-2017 PM10  |  14.94 |  17.11 |  17.25 |  16.63 |I I 
02:12-Sun-Mar-19-2017 PM2.5 |   7.32 |   7.22 |   7.35 |   7.28 |I I 
02:13-Sun-Mar-19-2017 PM10  |  15.06 |  16.70 |  17.25 |  16.63 |I I 
02:13-Sun-Mar-19-2017 PM2.5 |   6.73 |   7.12 |   7.35 |   7.28 |I I 
02:17-Sun-Mar-19-2017 PM10  |  16.78 |  16.71 |  17.25 |  16.63 |I I 
02:17-Sun-Mar-19-2017 PM2.5 |   7.00 |   7.10 |   7.35 |   7.28 |I I 
02:18-Sun-Mar-19-2017 PM10  |  16.78 |  16.72 |  17.25 |  16.63 |I I 
02:18-Sun-Mar-19-2017 PM2.5 |   7.00 |   7.09 |   7.35 |   7.28 |I I 
02:19-Sun-Mar-19-2017 PM10  |  16.50 |  16.69 |  17.25 |  16.63 |I I 
02:19-Sun-Mar-19-2017 PM2.5 |   7.18 |   7.10 |   7.35 |   7.28 |I I 
02:23-Sun-Mar-19-2017 PM10  |  13.86 |  16.38 |  17.25 |  16.63 |I I 
02:23-Sun-Mar-19-2017 PM2.5 |   6.99 |   7.09 |   7.35 |   7.28 |I I 
02:24-Sun-Mar-19-2017 PM10  |  15.91 |  16.33 |  17.25 |  16.63 |I I 
02:24-Sun-Mar-19-2017 PM2.5 |   7.20 |   7.10 |   7.35 |   7.28 |I I 
02:28-Sun-Mar-19-2017 PM10  |  16.23 |  16.32 |  17.25 |  16.63 |I I 
02:28-Sun-Mar-19-2017 PM2.5 |   7.16 |   7.10 |   7.35 |   7.28 |I I 
02:29-Sun-Mar-19-2017 PM10  |  15.43 |  16.25 |  17.25 |  16.63 |I I 
02:29-Sun-Mar-19-2017 PM2.5 |   7.10 |   7.10 |   7.35 |   7.28 |I I 
02:33-Sun-Mar-19-2017 PM10  |  16.69 |  16.28 |  17.25 |  16.63 |I I 
02:33-Sun-Mar-19-2017 PM2.5 |   7.37 |   7.12 |   7.35 |   7.28 |I I 
02:34-Sun-Mar-19-2017 PM10  |  14.90 |  16.18 |  17.25 |  16.63 |I I 
02:34-Sun-Mar-19-2017 PM2.5 |   7.20 |   7.13 |   7.35 |   7.28 |I I 
02:38-Sun-Mar-19-2017 PM10  |  14.49 |  16.07 |  17.25 |  16.63 |I I 
02:38-Sun-Mar-19-2017 PM2.5 |   6.96 |   7.12 |   7.35 |   7.28 |I I 
02:39-Sun-Mar-19-2017 PM10  |  20.07 |  16.32 |  17.25 |  16.63 |I I 
02:39-Sun-Mar-19-2017 PM2.5 |   7.35 |   7.13 |   7.35 |   7.28 |I I 
02:40-Sun-Mar-19-2017 PM10  |  20.07 |  16.54 |  17.25 |  16.63 |I I 
02:40-Sun-Mar-19-2017 PM2.5 |   7.35 |   7.14 |   7.35 |   7.28 |I I 
02:43-Sun-Mar-19-2017 PM10  |  18.16 |  16.63 |  17.25 |  16.63 |I I 
02:43-Sun-Mar-19-2017 PM2.5 |   7.27 |   7.15 |   7.35 |   7.28 |I I 
02:44-Sun-Mar-19-2017 PM10  |  18.16 |  16.71 |  17.25 |  16.63 |I I 
02:44-Sun-Mar-19-2017 PM2.5 |   7.27 |   7.16 |   7.35 |   7.28 |I I 
02:45-Sun-Mar-19-2017 PM10  |  16.33 |  16.69 |  17.25 |  16.63 |I I 
02:45-Sun-Mar-19-2017 PM2.5 |   7.01 |   7.15 |   7.35 |   7.28 |I I 
02:49-Sun-Mar-19-2017 PM10  |  16.77 |  16.70 |  17.25 |  16.63 |I I 
02:49-Sun-Mar-19-2017 PM2.5 |   7.05 |   7.15 |   7.35 |   7.28 |I I 
02:50-Sun-Mar-19-2017 PM10  |  17.79 |  16.74 |  17.25 |  16.63 |I I 
02:50-Sun-Mar-19-2017 PM2.5 |   6.74 |   7.13 |   7.35 |   7.28 |I I 
02:54-Sun-Mar-19-2017 PM10  |  13.71 |  16.61 |  17.25 |  16.63 |I I 
02:54-Sun-Mar-19-2017 PM2.5 |   6.86 |   7.12 |   7.35 |   7.28 |I I 
02:55-Sun-Mar-19-2017 PM10  |  17.37 |  16.64 |  17.25 |  16.63 |I I 
02:55-Sun-Mar-19-2017 PM2.5 |   6.94 |   7.11 |   7.35 |   7.28 |I I 
02:59-Sun-Mar-19-2017 PM10  |  17.22 |  16.67 |  17.25 |  16.63 |I I 
02:59-Sun-Mar-19-2017 PM2.5 |   6.83 |   7.10 |   7.35 |   7.28 |I I 
03:00-Sun-Mar-19-2017 PM10  |  14.21 |  16.57 |  17.25 |  16.57 |I I 
03:00-Sun-Mar-19-2017 PM2.5 |   6.82 |   7.09 |   7.35 |   7.09 |I I 
03:04-Sun-Mar-19-2017 PM10  |  16.32 |  16.32 |  17.25 |  16.57 |I I 
03:04-Sun-Mar-19-2017 PM2.5 |   7.25 |   7.25 |   7.35 |   7.09 |I I 
03:05-Sun-Mar-19-2017 PM10  |  13.67 |  15.00 |  17.25 |  16.57 |I I 
03:05-Sun-Mar-19-2017 PM2.5 |   6.29 |   6.77 |   7.35 |   7.09 |I I 
03:09-Sun-Mar-19-2017 PM10  |  14.06 |  14.69 |  17.25 |  16.57 |I I 
03:09-Sun-Mar-19-2017 PM2.5 |   6.68 |   6.74 |   7.35 |   7.09 |I I 
03:10-Sun-Mar-19-2017 PM10  |  14.06 |  14.53 |  17.25 |  16.57 |I I 
03:10-Sun-Mar-19-2017 PM2.5 |   6.68 |   6.73 |   7.35 |   7.09 |I I 
03:11-Sun-Mar-19-2017 PM10  |  17.02 |  15.03 |  17.25 |  16.57 |I I 
03:11-Sun-Mar-19-2017 PM2.5 |   7.30 |   6.84 |   7.35 |   7.09 |I I 
03:15-Sun-Mar-19-2017 PM10  |  16.48 |  15.27 |  17.25 |  16.57 |I I 
03:15-Sun-Mar-19-2017 PM2.5 |   7.13 |   6.89 |   7.35 |   7.09 |I I 
03:16-Sun-Mar-19-2017 PM10  |  14.17 |  15.11 |  17.25 |  16.57 |I I 
03:16-Sun-Mar-19-2017 PM2.5 |   7.14 |   6.92 |   7.35 |   7.09 |I I 
03:20-Sun-Mar-19-2017 PM10  |  14.65 |  15.06 |  17.25 |  16.57 |I I 
03:20-Sun-Mar-19-2017 PM2.5 |   6.98 |   6.93 |   7.35 |   7.09 |I I 
03:21-Sun-Mar-19-2017 PM10  |  13.95 |  14.93 |  17.25 |  16.57 |I I 
03:21-Sun-Mar-19-2017 PM2.5 |   7.03 |   6.94 |   7.35 |   7.09 |I I 
03:25-Sun-Mar-19-2017 PM10  |  13.76 |  14.81 |  17.25 |  16.57 |I I 
03:25-Sun-Mar-19-2017 PM2.5 |   6.98 |   6.95 |   7.35 |   7.09 |I I 
03:26-Sun-Mar-19-2017 PM10  |  14.60 |  14.80 |  17.25 |  16.57 |I I 
03:26-Sun-Mar-19-2017 PM2.5 |   6.76 |   6.93 |   7.35 |   7.09 |I I 
03:30-Sun-Mar-19-2017 PM10  |  16.28 |  14.92 |  17.25 |  16.57 |I I 
03:30-Sun-Mar-19-2017 PM2.5 |   7.03 |   6.94 |   7.35 |   7.09 |I I 
03:31-Sun-Mar-19-2017 PM10  |  13.17 |  14.78 |  17.25 |  16.57 |I I 
03:31-Sun-Mar-19-2017 PM2.5 |   6.95 |   6.94 |   7.35 |   7.09 |I I 
03:35-Sun-Mar-19-2017 PM10  |  15.40 |  14.83 |  17.25 |  16.57 |I I 
03:35-Sun-Mar-19-2017 PM2.5 |   7.28 |   6.96 |   7.35 |   7.09 |I I 
03:36-Sun-Mar-19-2017 PM10  |  15.40 |  14.87 |  17.25 |  16.57 |I I 
03:36-Sun-Mar-19-2017 PM2.5 |   7.28 |   6.99 |   7.35 |   7.09 |I I 
03:37-Sun-Mar-19-2017 PM10  |  14.90 |  14.87 |  17.25 |  16.57 |I I 
03:37-Sun-Mar-19-2017 PM2.5 |   6.84 |   6.98 |   7.35 |   7.09 |I I 
03:41-Sun-Mar-19-2017 PM10  |  17.03 |  15.00 |  17.25 |  16.57 |I I 
03:41-Sun-Mar-19-2017 PM2.5 |   7.06 |   6.98 |   7.35 |   7.09 |I I 
03:42-Sun-Mar-19-2017 PM10  |  15.10 |  15.00 |  17.25 |  16.57 |I I 
03:42-Sun-Mar-19-2017 PM2.5 |   6.79 |   6.97 |   7.35 |   7.09 |I I 
03:46-Sun-Mar-19-2017 PM10  |  15.73 |  15.04 |  17.25 |  16.57 |I I 
03:46-Sun-Mar-19-2017 PM2.5 |   6.93 |   6.97 |   7.35 |   7.09 |I I 
03:47-Sun-Mar-19-2017 PM10  |  14.67 |  15.02 |  17.25 |  16.57 |I I 
03:47-Sun-Mar-19-2017 PM2.5 |   6.94 |   6.97 |   7.35 |   7.09 |I I 
03:51-Sun-Mar-19-2017 PM10  |  12.70 |  14.91 |  17.25 |  16.57 |I I 
03:51-Sun-Mar-19-2017 PM2.5 |   6.73 |   6.96 |   7.35 |   7.09 |I I 
03:52-Sun-Mar-19-2017 PM10  |  13.78 |  14.86 |  17.25 |  16.57 |I I 
03:52-Sun-Mar-19-2017 PM2.5 |   6.63 |   6.94 |   7.35 |   7.09 |I I 
03:56-Sun-Mar-19-2017 PM10  |  13.14 |  14.78 |  17.25 |  16.57 |I I 
03:56-Sun-Mar-19-2017 PM2.5 |   6.89 |   6.94 |   7.35 |   7.09 |I I 
03:57-Sun-Mar-19-2017 PM10  |  13.99 |  14.75 |  17.25 |  16.57 |I I 
03:57-Sun-Mar-19-2017 PM2.5 |   6.76 |   6.93 |   7.35 |   7.09 |I I 
04:01-Sun-Mar-19-2017 PM10  |  14.20 |  14.73 |  17.25 |  14.73 |I I 
04:01-Sun-Mar-19-2017 PM2.5 |   6.53 |   6.91 |   7.35 |   6.91 |I I 
04:02-Sun-Mar-19-2017 PM10  |  14.20 |  14.20 |  17.25 |  14.73 |I I 
04:02-Sun-Mar-19-2017 PM2.5 |   6.53 |   6.53 |   7.35 |   6.91 |I I 
04:03-Sun-Mar-19-2017 PM10  |  13.33 |  13.77 |  17.25 |  14.73 |I I 
04:03-Sun-Mar-19-2017 PM2.5 |   6.48 |   6.50 |   7.35 |   6.91 |I I 
04:07-Sun-Mar-19-2017 PM10  |  13.73 |  13.76 |  17.25 |  14.73 |I I 
04:07-Sun-Mar-19-2017 PM2.5 |   6.91 |   6.64 |   7.35 |   6.91 |I I 
04:08-Sun-Mar-19-2017 PM10  |  14.02 |  13.82 |  17.25 |  14.73 |I I 
04:08-Sun-Mar-19-2017 PM2.5 |   6.75 |   6.67 |   7.35 |   6.91 |I I 
04:12-Sun-Mar-19-2017 PM10  |  16.31 |  14.32 |  17.25 |  14.73 |I I 
04:12-Sun-Mar-19-2017 PM2.5 |   7.22 |   6.78 |   7.35 |   6.91 |I I 
04:13-Sun-Mar-19-2017 PM10  |  14.97 |  14.43 |  17.25 |  14.73 |I I 
04:13-Sun-Mar-19-2017 PM2.5 |   6.51 |   6.73 |   7.35 |   6.91 |I I 
04:17-Sun-Mar-19-2017 PM10  |  14.75 |  14.47 |  17.25 |  14.73 |I I 
04:17-Sun-Mar-19-2017 PM2.5 |   6.98 |   6.77 |   7.35 |   6.91 |I I 
04:18-Sun-Mar-19-2017 PM10  |  14.29 |  14.45 |  17.25 |  14.73 |I I 
04:18-Sun-Mar-19-2017 PM2.5 |   6.81 |   6.77 |   7.35 |   6.91 |I I 
04:22-Sun-Mar-19-2017 PM10  |  13.67 |  14.36 |  17.25 |  14.73 |I I 
04:22-Sun-Mar-19-2017 PM2.5 |   6.67 |   6.76 |   7.35 |   6.91 |I I 
04:23-Sun-Mar-19-2017 PM10  |  13.15 |  14.24 |  17.25 |  14.73 |I I 
04:23-Sun-Mar-19-2017 PM2.5 |   6.70 |   6.76 |   7.35 |   6.91 |I I 
04:27-Sun-Mar-19-2017 PM10  |  17.11 |  14.50 |  17.25 |  14.73 |I I 
04:27-Sun-Mar-19-2017 PM2.5 |   7.40 |   6.81 |   7.35 |   6.91 |I I 
04:28-Sun-Mar-19-2017 PM10  |  17.11 |  14.72 |  17.25 |  14.73 |I I 
04:28-Sun-Mar-19-2017 PM2.5 |   7.40 |   6.86 |   7.35 |   6.91 |I I 
04:29-Sun-Mar-19-2017 PM10  |  12.69 |  14.56 |  17.25 |  14.73 |I I 
04:29-Sun-Mar-19-2017 PM2.5 |   6.22 |   6.81 |   7.35 |   6.91 |I I 
04:33-Sun-Mar-19-2017 PM10  |  14.48 |  14.56 |  17.25 |  14.73 |I I 
04:33-Sun-Mar-19-2017 PM2.5 |   7.36 |   6.85 |   7.35 |   6.91 |I I 
04:34-Sun-Mar-19-2017 PM10  |  15.39 |  14.61 |  17.25 |  14.73 |I I 
04:34-Sun-Mar-19-2017 PM2.5 |   6.78 |   6.85 |   7.35 |   6.91 |I I 
04:38-Sun-Mar-19-2017 PM10  |  15.94 |  14.70 |  17.25 |  14.73 |I I 
04:38-Sun-Mar-19-2017 PM2.5 |   7.09 |   6.86 |   7.35 |   6.91 |I I 
04:39-Sun-Mar-19-2017 PM10  |  17.12 |  14.84 |  17.25 |  14.73 |I I 
04:39-Sun-Mar-19-2017 PM2.5 |   6.77 |   6.86 |   7.35 |   6.91 |I I 
04:43-Sun-Mar-19-2017 PM10  |  14.35 |  14.81 |  17.25 |  14.73 |I I 
04:43-Sun-Mar-19-2017 PM2.5 |   7.01 |   6.87 |   7.35 |   6.91 |I I 
04:44-Sun-Mar-19-2017 PM10  |  15.29 |  14.84 |  17.25 |  14.73 |I I 
04:44-Sun-Mar-19-2017 PM2.5 |   6.80 |   6.86 |   7.35 |   6.91 |I I 
04:48-Sun-Mar-19-2017 PM10  |  15.64 |  14.88 |  17.25 |  14.73 |I I 
04:48-Sun-Mar-19-2017 PM2.5 |   6.84 |   6.86 |   7.35 |   6.91 |I I 
04:49-Sun-Mar-19-2017 PM10  |  13.54 |  14.81 |  17.25 |  14.73 |I I 
04:49-Sun-Mar-19-2017 PM2.5 |   6.30 |   6.83 |   7.35 |   6.91 |I I 
04:53-Sun-Mar-19-2017 PM10  |  16.17 |  14.88 |  17.25 |  14.73 |I I 
04:53-Sun-Mar-19-2017 PM2.5 |   7.19 |   6.85 |   7.35 |   6.91 |I I 
04:54-Sun-Mar-19-2017 PM10  |  16.17 |  14.93 |  17.25 |  14.73 |I I 
04:54-Sun-Mar-19-2017 PM2.5 |   7.19 |   6.87 |   7.35 |   6.91 |I I 
04:55-Sun-Mar-19-2017 PM10  |  17.01 |  15.02 |  17.25 |  14.73 |I I 
04:55-Sun-Mar-19-2017 PM2.5 |   6.91 |   6.87 |   7.35 |   6.91 |I I 
04:59-Sun-Mar-19-2017 PM10  |  13.24 |  14.95 |  17.25 |  14.73 |I I 
04:59-Sun-Mar-19-2017 PM2.5 |   6.62 |   6.86 |   7.35 |   6.91 |I I 
05:00-Sun-Mar-19-2017 PM10  |  14.23 |  14.92 |  17.25 |  14.73 |I I 
05:00-Sun-Mar-19-2017 PM2.5 |   6.43 |   6.84 |   7.35 |   6.84 |I I 
05:04-Sun-Mar-19-2017 PM10  |  15.07 |  15.07 |  17.25 |  14.73 |I I 
05:04-Sun-Mar-19-2017 PM2.5 |   6.80 |   6.80 |   7.35 |   6.84 |I I 
05:05-Sun-Mar-19-2017 PM10  |  14.98 |  15.03 |  17.25 |  14.73 |I I 
05:05-Sun-Mar-19-2017 PM2.5 |   6.79 |   6.80 |   7.35 |   6.84 |I I 
05:10-Sun-Mar-19-2017 PM10  |  13.92 |  14.66 |  17.25 |  14.73 |I I 
05:10-Sun-Mar-19-2017 PM2.5 |   6.63 |   6.74 |   7.35 |   6.84 |I I 
05:11-Sun-Mar-19-2017 PM10  |  12.60 |  14.14 |  17.25 |  14.73 |I I 
05:11-Sun-Mar-19-2017 PM2.5 |   6.24 |   6.62 |   7.35 |   6.84 |I I 
05:15-Sun-Mar-19-2017 PM10  |  12.70 |  13.85 |  17.25 |  14.73 |I I 
05:15-Sun-Mar-19-2017 PM2.5 |   6.84 |   6.66 |   7.35 |   6.84 |I I 
05:16-Sun-Mar-19-2017 PM10  |  12.41 |  13.61 |  17.25 |  14.73 |I I 
05:16-Sun-Mar-19-2017 PM2.5 |   6.48 |   6.63 |   7.35 |   6.84 |I I 
05:20-Sun-Mar-19-2017 PM10  |  14.88 |  13.79 |  17.25 |  14.73 |I I 
05:20-Sun-Mar-19-2017 PM2.5 |   6.62 |   6.63 |   7.35 |   6.84 |I I 
05:21-Sun-Mar-19-2017 PM10  |  14.88 |  13.93 |  17.25 |  14.73 |I I 
05:21-Sun-Mar-19-2017 PM2.5 |   6.62 |   6.63 |   7.35 |   6.84 |I I 
05:22-Sun-Mar-19-2017 PM10  |  15.34 |  14.09 |  17.25 |  14.73 |I I 
05:22-Sun-Mar-19-2017 PM2.5 |   6.78 |   6.65 |   7.35 |   6.84 |I I 
05:26-Sun-Mar-19-2017 PM10  |  15.79 |  14.26 |  17.25 |  14.73 |I I 
05:26-Sun-Mar-19-2017 PM2.5 |   7.11 |   6.69 |   7.35 |   6.84 |I I 
05:27-Sun-Mar-19-2017 PM10  |  15.55 |  14.38 |  17.25 |  14.73 |I I 
05:27-Sun-Mar-19-2017 PM2.5 |   6.82 |   6.71 |   7.35 |   6.84 |I I 
05:31-Sun-Mar-19-2017 PM10  |  16.62 |  14.56 |  17.25 |  14.73 |I I 
05:31-Sun-Mar-19-2017 PM2.5 |   6.86 |   6.72 |   7.35 |   6.84 |I I 
05:32-Sun-Mar-19-2017 PM10  |  14.16 |  14.53 |  17.25 |  14.73 |I I 
05:32-Sun-Mar-19-2017 PM2.5 |   6.73 |   6.72 |   7.35 |   6.84 |I I 
05:36-Sun-Mar-19-2017 PM10  |  15.26 |  14.58 |  17.25 |  14.73 |I I 
05:36-Sun-Mar-19-2017 PM2.5 |   6.70 |   6.72 |   7.35 |   6.84 |I I 
05:37-Sun-Mar-19-2017 PM10  |  12.89 |  14.47 |  17.25 |  14.73 |I I 
05:37-Sun-Mar-19-2017 PM2.5 |   5.93 |   6.67 |   7.35 |   6.84 |I I 
05:41-Sun-Mar-19-2017 PM10  |  14.77 |  14.49 |  17.25 |  14.73 |I I 
05:41-Sun-Mar-19-2017 PM2.5 |   6.44 |   6.65 |   7.35 |   6.84 |I I 
05:42-Sun-Mar-19-2017 PM10  |  14.79 |  14.51 |  17.25 |  14.73 |I I 
05:42-Sun-Mar-19-2017 PM2.5 |   6.45 |   6.64 |   7.35 |   6.84 |I I 
05:46-Sun-Mar-19-2017 PM10  |  16.50 |  14.62 |  17.25 |  14.73 |I I 
05:46-Sun-Mar-19-2017 PM2.5 |   6.44 |   6.63 |   7.35 |   6.84 |I I 
05:47-Sun-Mar-19-2017 PM10  |  16.50 |  14.72 |  17.25 |  14.73 |I I 
05:47-Sun-Mar-19-2017 PM2.5 |   6.44 |   6.62 |   7.35 |   6.84 |I I 
05:48-Sun-Mar-19-2017 PM10  |  13.43 |  14.65 |  17.25 |  14.73 |I I 
05:48-Sun-Mar-19-2017 PM2.5 |   6.46 |   6.61 |   7.35 |   6.84 |I I 
05:52-Sun-Mar-19-2017 PM10  |  15.43 |  14.69 |  17.25 |  14.73 |I I 
05:52-Sun-Mar-19-2017 PM2.5 |   6.94 |   6.63 |   7.35 |   6.84 |I I 
05:53-Sun-Mar-19-2017 PM10  |  16.24 |  14.76 |  17.25 |  14.73 |I I 
05:53-Sun-Mar-19-2017 PM2.5 |   6.53 |   6.62 |   7.35 |   6.84 |I I 
05:57-Sun-Mar-19-2017 PM10  |  13.82 |  14.72 |  17.25 |  14.73 |I I 
05:57-Sun-Mar-19-2017 PM2.5 |   6.67 |   6.62 |   7.35 |   6.84 |I I 
05:58-Sun-Mar-19-2017 PM10  |  15.99 |  14.77 |  17.25 |  14.73 |I I 
05:58-Sun-Mar-19-2017 PM2.5 |   6.53 |   6.62 |   7.35 |   6.84 |I I 
06:02-Sun-Mar-19-2017 PM10  |  13.37 |  14.72 |  17.25 |  14.72 |I I 
06:02-Sun-Mar-19-2017 PM2.5 |   6.31 |   6.61 |   7.35 |   6.61 |I I 
06:03-Sun-Mar-19-2017 PM10  |  14.55 |  14.55 |  17.25 |  14.72 |I I 
06:03-Sun-Mar-19-2017 PM2.5 |   6.29 |   6.29 |   7.35 |   6.61 |I I 
06:07-Sun-Mar-19-2017 PM10  |  17.22 |  15.89 |  17.25 |  14.72 |I I 
06:07-Sun-Mar-19-2017 PM2.5 |   6.75 |   6.52 |   7.35 |   6.61 |I I 
06:08-Sun-Mar-19-2017 PM10  |  15.30 |  15.69 |  17.25 |  14.72 |I I 
06:08-Sun-Mar-19-2017 PM2.5 |   6.51 |   6.51 |   7.35 |   6.61 |I I 
06:12-Sun-Mar-19-2017 PM10  |  13.36 |  15.11 |  17.25 |  14.72 |I I 
06:12-Sun-Mar-19-2017 PM2.5 |   6.69 |   6.56 |   7.35 |   6.61 |I I 
06:13-Sun-Mar-19-2017 PM10  |  13.36 |  14.76 |  17.25 |  14.72 |I I 
06:13-Sun-Mar-19-2017 PM2.5 |   6.69 |   6.59 |   7.35 |   6.61 |I I 
06:14-Sun-Mar-19-2017 PM10  |  12.60 |  14.40 |  17.25 |  14.72 |I I 
06:14-Sun-Mar-19-2017 PM2.5 |   6.05 |   6.50 |   7.35 |   6.61 |I I 
06:18-Sun-Mar-19-2017 PM10  |  12.17 |  14.08 |  17.25 |  14.72 |I I 
06:18-Sun-Mar-19-2017 PM2.5 |   6.28 |   6.47 |   7.35 |   6.61 |I I 
06:19-Sun-Mar-19-2017 PM10  |  11.78 |  13.79 |  17.25 |  14.72 |I I 
06:19-Sun-Mar-19-2017 PM2.5 |   6.03 |   6.41 |   7.35 |   6.61 |I I 
06:23-Sun-Mar-19-2017 PM10  |  15.26 |  13.96 |  17.25 |  14.72 |I I 
06:23-Sun-Mar-19-2017 PM2.5 |   6.52 |   6.42 |   7.35 |   6.61 |I I 
06:24-Sun-Mar-19-2017 PM10  |  12.72 |  13.83 |  17.25 |  14.72 |I I 
06:24-Sun-Mar-19-2017 PM2.5 |   6.28 |   6.41 |   7.35 |   6.61 |I I 
06:28-Sun-Mar-19-2017 PM10  |  13.53 |  13.80 |  17.25 |  14.72 |I I 
06:28-Sun-Mar-19-2017 PM2.5 |   6.54 |   6.42 |   7.35 |   6.61 |I I 
06:29-Sun-Mar-19-2017 PM10  |  11.17 |  13.58 |  17.25 |  14.72 |I I 
06:29-Sun-Mar-19-2017 PM2.5 |   6.14 |   6.40 |   7.35 |   6.61 |I I 
06:33-Sun-Mar-19-2017 PM10  |  10.84 |  13.37 |  17.25 |  14.72 |I I 
06:33-Sun-Mar-19-2017 PM2.5 |   6.03 |   6.37 |   7.35 |   6.61 |I I 
06:34-Sun-Mar-19-2017 PM10  |  13.81 |  13.40 |  17.25 |  14.72 |I I 
06:34-Sun-Mar-19-2017 PM2.5 |   6.29 |   6.36 |   7.35 |   6.61 |I I 
06:38-Sun-Mar-19-2017 PM10  |  15.49 |  13.54 |  17.25 |  14.72 |I I 
06:38-Sun-Mar-19-2017 PM2.5 |   6.54 |   6.38 |   7.35 |   6.61 |I I 
06:39-Sun-Mar-19-2017 PM10  |  15.49 |  13.67 |  17.25 |  14.72 |I I 
06:39-Sun-Mar-19-2017 PM2.5 |   6.54 |   6.39 |   7.35 |   6.61 |I I 
06:40-Sun-Mar-19-2017 PM10  |  14.36 |  13.71 |  17.25 |  14.72 |I I 
06:40-Sun-Mar-19-2017 PM2.5 |   6.22 |   6.38 |   7.35 |   6.61 |I I 
06:44-Sun-Mar-19-2017 PM10  |  13.63 |  13.70 |  17.25 |  14.72 |I I 
06:44-Sun-Mar-19-2017 PM2.5 |   6.32 |   6.37 |   7.35 |   6.61 |I I 
06:45-Sun-Mar-19-2017 PM10  |  14.01 |  13.72 |  17.25 |  14.72 |I I 
06:45-Sun-Mar-19-2017 PM2.5 |   6.22 |   6.36 |   7.35 |   6.61 |I I 
06:49-Sun-Mar-19-2017 PM10  |  14.09 |  13.74 |  17.25 |  14.72 |I I 
06:49-Sun-Mar-19-2017 PM2.5 |   6.48 |   6.37 |   7.35 |   6.61 |I I 
06:50-Sun-Mar-19-2017 PM10  |  14.39 |  13.77 |  17.25 |  14.72 |I I 
06:50-Sun-Mar-19-2017 PM2.5 |   6.42 |   6.37 |   7.35 |   6.61 |I I 
06:54-Sun-Mar-19-2017 PM10  |  15.00 |  13.82 |  17.25 |  14.72 |I I 
06:54-Sun-Mar-19-2017 PM2.5 |   6.77 |   6.39 |   7.35 |   6.61 |I I 
06:55-Sun-Mar-19-2017 PM10  |  16.33 |  13.93 |  17.25 |  14.72 |I I 
06:55-Sun-Mar-19-2017 PM2.5 |   6.76 |   6.41 |   7.35 |   6.61 |I I 
06:59-Sun-Mar-19-2017 PM10  |  14.52 |  13.96 |  17.25 |  14.72 |I I 
06:59-Sun-Mar-19-2017 PM2.5 |   6.86 |   6.43 |   7.35 |   6.61 |I I 
07:00-Sun-Mar-19-2017 PM10  |  17.02 |  14.08 |  17.25 |  14.08 |I I 
07:00-Sun-Mar-19-2017 PM2.5 |   6.86 |   6.44 |   7.35 |   6.44 |I I 
07:04-Sun-Mar-19-2017 PM10  |  16.54 |  16.54 |  17.25 |  14.08 |I I 
07:04-Sun-Mar-19-2017 PM2.5 |   6.65 |   6.65 |   7.35 |   6.44 |I I 
07:05-Sun-Mar-19-2017 PM10  |  16.54 |  16.54 |  17.25 |  14.08 |I I 
07:05-Sun-Mar-19-2017 PM2.5 |   6.65 |   6.65 |   7.35 |   6.44 |I I 
07:06-Sun-Mar-19-2017 PM10  |  16.39 |  16.49 |  17.25 |  14.08 |I I 
07:06-Sun-Mar-19-2017 PM2.5 |   6.47 |   6.59 |   7.35 |   6.44 |I I 
07:10-Sun-Mar-19-2017 PM10  |  13.65 |  15.78 |  17.25 |  14.08 |I I 
07:10-Sun-Mar-19-2017 PM2.5 |   6.14 |   6.48 |   7.35 |   6.44 |I I 
07:11-Sun-Mar-19-2017 PM10  |  14.54 |  15.53 |  17.25 |  14.08 |I I 
07:11-Sun-Mar-19-2017 PM2.5 |   6.21 |   6.42 |   7.35 |   6.44 |I I 
07:15-Sun-Mar-19-2017 PM10  |  17.49 |  15.86 |  17.25 |  14.08 |I I 
07:15-Sun-Mar-19-2017 PM2.5 |   7.16 |   6.55 |   7.35 |   6.44 |I I 
07:16-Sun-Mar-19-2017 PM10  |  20.02 |  16.45 |  17.25 |  14.08 |I I 
07:16-Sun-Mar-19-2017 PM2.5 |   6.97 |   6.61 |   7.35 |   6.44 |I I 
07:20-Sun-Mar-19-2017 PM10  |  13.89 |  16.13 |  17.25 |  14.08 |I I 
07:20-Sun-Mar-19-2017 PM2.5 |   6.90 |   6.64 |   7.35 |   6.44 |I I 
07:21-Sun-Mar-19-2017 PM10  |  14.00 |  15.90 |  17.25 |  14.08 |I I 
07:21-Sun-Mar-19-2017 PM2.5 |   6.02 |   6.57 |   7.35 |   6.44 |I I 
07:25-Sun-Mar-19-2017 PM10  |  15.60 |  15.87 |  17.25 |  14.08 |I I 
07:25-Sun-Mar-19-2017 PM2.5 |   6.77 |   6.59 |   7.35 |   6.44 |I I 
07:26-Sun-Mar-19-2017 PM10  |  13.21 |  15.62 |  17.25 |  14.08 |I I 
07:26-Sun-Mar-19-2017 PM2.5 |   6.27 |   6.56 |   7.35 |   6.44 |I I 
07:30-Sun-Mar-19-2017 PM10  |  15.58 |  15.62 |  17.25 |  14.08 |I I 
07:30-Sun-Mar-19-2017 PM2.5 |   6.83 |   6.59 |   7.35 |   6.44 |I I 
07:31-Sun-Mar-19-2017 PM10  |  15.58 |  15.62 |  17.25 |  14.08 |I I 
07:31-Sun-Mar-19-2017 PM2.5 |   6.83 |   6.61 |   7.35 |   6.44 |I I 
07:32-Sun-Mar-19-2017 PM10  |  13.75 |  15.48 |  17.25 |  14.08 |I I 
07:32-Sun-Mar-19-2017 PM2.5 |   6.55 |   6.60 |   7.35 |   6.44 |I I 
07:36-Sun-Mar-19-2017 PM10  |  16.03 |  15.52 |  17.25 |  14.08 |I I 
07:36-Sun-Mar-19-2017 PM2.5 |   7.09 |   6.63 |   7.35 |   6.44 |I I 
07:37-Sun-Mar-19-2017 PM10  |  13.29 |  15.38 |  17.25 |  14.08 |I I 
07:37-Sun-Mar-19-2017 PM2.5 |   6.42 |   6.62 |   7.35 |   6.44 |I I 
07:41-Sun-Mar-19-2017 PM10  |  15.95 |  15.41 |  17.25 |  14.08 |I I 
07:41-Sun-Mar-19-2017 PM2.5 |   6.44 |   6.61 |   7.35 |   6.44 |I I 
07:42-Sun-Mar-19-2017 PM10  |  15.52 |  15.42 |  17.25 |  14.08 |I I 
07:42-Sun-Mar-19-2017 PM2.5 |   6.32 |   6.59 |   7.35 |   6.44 |I I 
07:46-Sun-Mar-19-2017 PM10  |  14.03 |  15.35 |  17.25 |  14.08 |I I 
07:46-Sun-Mar-19-2017 PM2.5 |   7.03 |   6.62 |   7.35 |   6.44 |I I 
07:47-Sun-Mar-19-2017 PM10  |  17.22 |  15.44 |  17.25 |  14.08 |I I 
07:47-Sun-Mar-19-2017 PM2.5 |   6.64 |   6.62 |   7.35 |   6.44 |I I 
07:51-Sun-Mar-19-2017 PM10  |  18.96 |  15.61 |  17.25 |  14.08 |I I 
07:51-Sun-Mar-19-2017 PM2.5 |   6.73 |   6.62 |   7.35 |   6.44 |I I 
07:52-Sun-Mar-19-2017 PM10  |  15.22 |  15.59 |  17.25 |  14.08 |I I 
07:52-Sun-Mar-19-2017 PM2.5 |   6.66 |   6.62 |   7.35 |   6.44 |I I 
07:56-Sun-Mar-19-2017 PM10  |  17.21 |  15.66 |  17.25 |  14.08 |I I 
07:56-Sun-Mar-19-2017 PM2.5 |   6.84 |   6.63 |   7.35 |   6.44 |I I 
07:58-Sun-Mar-19-2017 PM10  |  14.48 |  15.61 |  17.25 |  14.08 |I I 
07:58-Sun-Mar-19-2017 PM2.5 |   6.32 |   6.62 |   7.35 |   6.44 |I I 
07:59-Sun-Mar-19-2017 PM10  |  14.48 |  15.57 |  17.25 |  14.08 |I I 
07:59-Sun-Mar-19-2017 PM2.5 |   6.32 |   6.61 |   7.35 |   6.44 |I I 
08:03-Sun-Mar-19-2017 PM10  |  13.78 |  15.50 |  17.25 |  14.08 |I I 
08:03-Sun-Mar-19-2017 PM2.5 |   6.44 |   6.60 |   7.35 |   6.44 |I I 
08:04-Sun-Mar-19-2017 PM10  |  14.46 |  14.46 |  17.25 |  14.08 |I I 
08:04-Sun-Mar-19-2017 PM2.5 |   6.14 |   6.14 |   7.35 |   6.44 |I I 
08:08-Sun-Mar-19-2017 PM10  |  15.59 |  15.03 |  17.25 |  14.08 |I I 
08:08-Sun-Mar-19-2017 PM2.5 |   7.09 |   6.62 |   7.35 |   6.44 |I I 
08:09-Sun-Mar-19-2017 PM10  |  17.63 |  15.89 |  17.25 |  14.08 |I I 
08:09-Sun-Mar-19-2017 PM2.5 |   6.48 |   6.57 |   7.35 |   6.44 |I I 
08:13-Sun-Mar-19-2017 PM10  |  14.12 |  15.45 |  17.25 |  14.08 |I I 
08:13-Sun-Mar-19-2017 PM2.5 |   6.71 |   6.61 |   7.35 |   6.44 |I I 
08:14-Sun-Mar-19-2017 PM10  |  14.59 |  15.28 |  17.25 |  14.08 |I I 
08:14-Sun-Mar-19-2017 PM2.5 |   6.36 |   6.56 |   7.35 |   6.44 |I I 
08:18-Sun-Mar-19-2017 PM10  |  15.73 |  15.35 |  17.25 |  14.08 |I I 
08:18-Sun-Mar-19-2017 PM2.5 |   6.80 |   6.60 |   7.35 |   6.44 |I I 
08:19-Sun-Mar-19-2017 PM10  |  15.68 |  15.40 |  17.25 |  14.08 |I I 
08:19-Sun-Mar-19-2017 PM2.5 |   6.66 |   6.61 |   7.35 |   6.44 |I I 
08:23-Sun-Mar-19-2017 PM10  |  13.98 |  15.22 |  17.25 |  14.08 |I I 
08:23-Sun-Mar-19-2017 PM2.5 |   6.69 |   6.62 |   7.35 |   6.44 |I I 
08:24-Sun-Mar-19-2017 PM10  |  13.29 |  15.01 |  17.25 |  14.08 |I I 
08:24-Sun-Mar-19-2017 PM2.5 |   6.46 |   6.60 |   7.35 |   6.44 |I I 
08:25-Sun-Mar-19-2017 PM10  |  13.29 |  14.84 |  17.25 |  14.08 |I I 
08:25-Sun-Mar-19-2017 PM2.5 |   6.46 |   6.59 |   7.35 |   6.44 |I I 
08:29-Sun-Mar-19-2017 PM10  |  15.28 |  14.88 |  17.25 |  14.08 |I I 
08:29-Sun-Mar-19-2017 PM2.5 |   6.62 |   6.59 |   7.35 |   6.44 |I I 
08:30-Sun-Mar-19-2017 PM10  |  14.82 |  14.87 |  17.25 |  14.08 |I I 
08:30-Sun-Mar-19-2017 PM2.5 |   6.29 |   6.56 |   7.35 |   6.44 |I I 
08:34-Sun-Mar-19-2017 PM10  |  14.89 |  14.87 |  17.25 |  14.08 |I I 
08:34-Sun-Mar-19-2017 PM2.5 |   6.96 |   6.59 |   7.35 |   6.44 |I I 
08:35-Sun-Mar-19-2017 PM10  |  16.25 |  14.97 |  17.25 |  14.08 |I I 
08:35-Sun-Mar-19-2017 PM2.5 |   6.72 |   6.60 |   7.35 |   6.44 |I I 
08:39-Sun-Mar-19-2017 PM10  |  17.53 |  15.14 |  17.25 |  14.08 |I I 
08:39-Sun-Mar-19-2017 PM2.5 |   6.73 |   6.61 |   7.35 |   6.44 |I I 
08:40-Sun-Mar-19-2017 PM10  |  13.01 |  15.01 |  17.25 |  14.08 |I I 
08:40-Sun-Mar-19-2017 PM2.5 |   6.43 |   6.60 |   7.35 |   6.44 |I I 
08:44-Sun-Mar-19-2017 PM10  |  14.95 |  15.00 |  17.25 |  14.08 |I I 
08:44-Sun-Mar-19-2017 PM2.5 |   7.03 |   6.63 |   7.35 |   6.44 |I I 
08:45-Sun-Mar-19-2017 PM10  |  12.16 |  14.85 |  17.25 |  14.08 |I I 
08:45-Sun-Mar-19-2017 PM2.5 |   6.25 |   6.60 |   7.35 |   6.44 |I I 
08:49-Sun-Mar-19-2017 PM10  |  13.30 |  14.76 |  17.25 |  14.08 |I I 
08:49-Sun-Mar-19-2017 PM2.5 |   6.04 |   6.57 |   7.35 |   6.44 |I I 
08:50-Sun-Mar-19-2017 PM10  |  12.97 |  14.67 |  17.25 |  14.08 |I I 
08:50-Sun-Mar-19-2017 PM2.5 |   6.14 |   6.55 |   7.35 |   6.44 |I I 
08:51-Sun-Mar-19-2017 PM10  |  12.97 |  14.59 |  17.25 |  14.08 |I I 
08:51-Sun-Mar-19-2017 PM2.5 |   6.14 |   6.53 |   7.35 |   6.44 |I I 
08:55-Sun-Mar-19-2017 PM10  |  14.54 |  14.59 |  17.25 |  14.08 |I I 
08:55-Sun-Mar-19-2017 PM2.5 |   6.48 |   6.53 |   7.35 |   6.44 |I I 
08:56-Sun-Mar-19-2017 PM10  |  16.63 |  14.68 |  17.25 |  14.08 |I I 
08:56-Sun-Mar-19-2017 PM2.5 |   6.84 |   6.54 |   7.35 |   6.44 |I I 
09:00-Sun-Mar-19-2017 PM10  |  16.19 |  14.74 |  17.25 |  14.08 |I I 
09:00-Sun-Mar-19-2017 PM2.5 |   6.75 |   6.55 |   7.35 |   6.44 |I I 
09:01-Sun-Mar-19-2017 PM10  |  15.25 |  15.25 |  17.25 |  14.08 |I I 
09:01-Sun-Mar-19-2017 PM2.5 |   6.56 |   6.56 |   7.35 |   6.44 |I I 
09:05-Sun-Mar-19-2017 PM10  |  13.54 |  14.40 |  17.25 |  14.08 |I I 
09:05-Sun-Mar-19-2017 PM2.5 |   6.38 |   6.47 |   7.35 |   6.44 |I I 
09:06-Sun-Mar-19-2017 PM10  |  14.80 |  14.53 |  17.25 |  14.08 |I I 
09:06-Sun-Mar-19-2017 PM2.5 |   6.53 |   6.49 |   7.35 |   6.44 |I I 
09:10-Sun-Mar-19-2017 PM10  |  14.55 |  14.54 |  17.25 |  14.08 |I I 
09:10-Sun-Mar-19-2017 PM2.5 |   6.85 |   6.58 |   7.35 |   6.44 |I I 
09:11-Sun-Mar-19-2017 PM10  |  13.64 |  14.36 |  17.25 |  14.08 |I I 
09:11-Sun-Mar-19-2017 PM2.5 |   6.39 |   6.54 |   7.35 |   6.44 |I I 
09:15-Sun-Mar-19-2017 PM10  |  12.69 |  14.08 |  17.25 |  14.08 |I I 
09:15-Sun-Mar-19-2017 PM2.5 |   6.16 |   6.48 |   7.35 |   6.44 |I I 
09:16-Sun-Mar-19-2017 PM10  |  14.44 |  14.13 |  17.25 |  14.08 |I I 
09:16-Sun-Mar-19-2017 PM2.5 |   6.09 |   6.42 |   7.35 |   6.44 |I I 
09:20-Sun-Mar-19-2017 PM10  |  15.02 |  14.24 |  17.25 |  14.08 |I I 
09:20-Sun-Mar-19-2017 PM2.5 |   6.71 |   6.46 |   7.35 |   6.44 |I I 
09:21-Sun-Mar-19-2017 PM10  |  15.02 |  14.33 |  17.25 |  14.08 |I I 
09:21-Sun-Mar-19-2017 PM2.5 |   6.71 |   6.49 |   7.35 |   6.44 |I I 
09:22-Sun-Mar-19-2017 PM10  |  14.44 |  14.34 |  17.25 |  14.08 |I I 
09:22-Sun-Mar-19-2017 PM2.5 |   6.03 |   6.44 |   7.35 |   6.44 |I I 
09:26-Sun-Mar-19-2017 PM10  |  12.38 |  14.16 |  17.25 |  14.08 |I I 
09:26-Sun-Mar-19-2017 PM2.5 |   6.51 |   6.45 |   7.35 |   6.44 |I I 
09:27-Sun-Mar-19-2017 PM10  |  16.64 |  14.37 |  17.25 |  14.08 |I I 
09:27-Sun-Mar-19-2017 PM2.5 |   6.30 |   6.43 |   7.35 |   6.44 |I I 
09:31-Sun-Mar-19-2017 PM10  |  14.63 |  14.39 |  17.25 |  14.08 |I I 
09:31-Sun-Mar-19-2017 PM2.5 |   6.48 |   6.44 |   7.35 |   6.44 |I I 
09:32-Sun-Mar-19-2017 PM10  |  16.13 |  14.51 |  17.25 |  14.08 |I I 
09:32-Sun-Mar-19-2017 PM2.5 |   6.14 |   6.42 |   7.35 |   6.44 |I I 
09:36-Sun-Mar-19-2017 PM10  |  15.27 |  14.56 |  17.25 |  14.08 |I I 
09:36-Sun-Mar-19-2017 PM2.5 |   6.41 |   6.42 |   7.35 |   6.44 |I I 
09:37-Sun-Mar-19-2017 PM10  |  16.07 |  14.66 |  17.25 |  14.08 |I I 
09:37-Sun-Mar-19-2017 PM2.5 |   5.82 |   6.38 |   7.35 |   6.44 |I I 
09:41-Sun-Mar-19-2017 PM10  |  21.85 |  15.08 |  17.25 |  14.08 |I I 
09:41-Sun-Mar-19-2017 PM2.5 |   6.76 |   6.40 |   7.35 |   6.44 |I I 
09:42-Sun-Mar-19-2017 PM10  |  16.18 |  15.14 |  17.25 |  14.08 |I I 
09:42-Sun-Mar-19-2017 PM2.5 |   6.43 |   6.40 |   7.35 |   6.44 |I I 
09:46-Sun-Mar-19-2017 PM10  |  16.84 |  15.23 |  17.25 |  14.08 |I I 
09:46-Sun-Mar-19-2017 PM2.5 |   6.30 |   6.40 |   7.35 |   6.44 |I I 
09:47-Sun-Mar-19-2017 PM10  |  16.84 |  15.31 |  17.25 |  14.08 |I I 
09:47-Sun-Mar-19-2017 PM2.5 |   6.30 |   6.39 |   7.35 |   6.44 |I I 
09:48-Sun-Mar-19-2017 PM10  |  16.02 |  15.35 |  17.25 |  14.08 |I I 
09:48-Sun-Mar-19-2017 PM2.5 |   6.19 |   6.38 |   7.35 |   6.44 |I I 
09:52-Sun-Mar-19-2017 PM10  |  14.81 |  15.32 |  17.25 |  14.08 |I I 
09:52-Sun-Mar-19-2017 PM2.5 |   6.53 |   6.39 |   7.35 |   6.44 |I I 
09:53-Sun-Mar-19-2017 PM10  |  16.78 |  15.38 |  17.25 |  14.08 |I I 
09:53-Sun-Mar-19-2017 PM2.5 |   6.65 |   6.40 |   7.35 |   6.44 |I I 
09:57-Sun-Mar-19-2017 PM10  |  19.29 |  15.55 |  17.25 |  14.08 |I I 
09:57-Sun-Mar-19-2017 PM2.5 |   7.98 |   6.47 |   7.35 |   6.44 |I I 
09:58-Sun-Mar-19-2017 PM10  |  19.30 |  15.70 |  17.25 |  14.08 |I I 
09:58-Sun-Mar-19-2017 PM2.5 |   7.47 |   6.51 |   7.35 |   6.44 |I I 
10:02-Sun-Mar-19-2017 PM10  |  24.64 |  16.04 |  17.25 |  14.08 |I I 
10:02-Sun-Mar-19-2017 PM2.5 |   7.75 |   6.55 |   7.35 |   6.44 |I I 
10:03-Sun-Mar-19-2017 PM10  |  18.27 |  18.27 |  17.25 |  14.08 |I I 
10:03-Sun-Mar-19-2017 PM2.5 |   7.77 |   7.77 |   7.35 |   6.44 |I I 
10:07-Sun-Mar-19-2017 PM10  |  27.04 |  22.66 |  17.25 |  14.08 |I I 
10:07-Sun-Mar-19-2017 PM2.5 |   8.52 |   8.15 |   7.35 |   6.44 |I I 
10:08-Sun-Mar-19-2017 PM10  |  26.66 |  23.99 |  17.25 |  14.08 |I I 
10:08-Sun-Mar-19-2017 PM2.5 |   7.23 |   7.84 |   7.35 |   6.44 |I I 
10:09-Sun-Mar-19-2017 PM10  |  26.66 |  24.66 |  17.25 |  14.08 |I I 
10:09-Sun-Mar-19-2017 PM2.5 |   7.23 |   7.69 |   7.35 |   6.44 |I I 
10:12-Sun-Mar-19-2017 PM10  |  19.83 |  23.69 |  17.25 |  14.08 |I I 
10:12-Sun-Mar-19-2017 PM2.5 |   7.40 |   7.63 |   7.35 |   6.44 |I I 
10:13-Sun-Mar-19-2017 PM10  |  19.83 |  23.05 |  17.25 |  14.08 |I I 
10:13-Sun-Mar-19-2017 PM2.5 |   7.40 |   7.59 |   7.35 |   6.44 |I I 
10:14-Sun-Mar-19-2017 PM10  |  22.79 |  23.01 |  17.25 |  14.08 |I I 
10:14-Sun-Mar-19-2017 PM2.5 |   7.37 |   7.56 |   7.35 |   6.44 |I I 
10:18-Sun-Mar-19-2017 PM10  |  24.37 |  23.18 |  17.25 |  14.08 |I I 
10:18-Sun-Mar-19-2017 PM2.5 |   8.34 |   7.66 |   7.35 |   6.44 |I I 
10:19-Sun-Mar-19-2017 PM10  |  33.20 |  24.29 |  17.25 |  14.08 |I I 
10:19-Sun-Mar-19-2017 PM2.5 |   8.61 |   7.77 |   7.35 |   6.44 |I I 
10:23-Sun-Mar-19-2017 PM10  |  27.31 |  24.60 |  17.25 |  14.08 |I I 
10:23-Sun-Mar-19-2017 PM2.5 |   8.86 |   7.87 |   7.35 |   6.44 |I I 
10:24-Sun-Mar-19-2017 PM10  |  18.82 |  24.07 |  17.25 |  14.08 |I I 
10:24-Sun-Mar-19-2017 PM2.5 |   7.69 |   7.86 |   7.35 |   6.44 |I I 
10:28-Sun-Mar-19-2017 PM10  |  27.32 |  24.34 |  17.25 |  14.08 |I I 
10:28-Sun-Mar-19-2017 PM2.5 |   8.67 |   7.93 |   7.35 |   6.44 |I I 
10:29-Sun-Mar-19-2017 PM10  |  19.77 |  23.99 |  17.25 |  14.08 |I I 
10:29-Sun-Mar-19-2017 PM2.5 |   7.91 |   7.92 |   7.35 |   6.44 |I I 
10:33-Sun-Mar-19-2017 PM10  |  18.12 |  23.57 |  17.25 |  14.08 |I I 
10:33-Sun-Mar-19-2017 PM2.5 |   8.00 |   7.93 |   7.35 |   6.44 |I I 
10:34-Sun-Mar-19-2017 PM10  |  21.89 |  23.46 |  17.25 |  14.08 |I I 
10:34-Sun-Mar-19-2017 PM2.5 |   7.96 |   7.93 |   7.35 |   6.44 |I I 
10:38-Sun-Mar-19-2017 PM10  |  20.88 |  23.30 |  17.25 |  14.08 |I I 
10:38-Sun-Mar-19-2017 PM2.5 |   7.91 |   7.93 |   7.35 |   6.44 |I I 
10:39-Sun-Mar-19-2017 PM10  |  20.88 |  23.16 |  17.25 |  14.08 |I I 
10:39-Sun-Mar-19-2017 PM2.5 |   7.91 |   7.93 |   7.35 |   6.44 |I I 
10:40-Sun-Mar-19-2017 PM10  |  22.89 |  23.14 |  17.25 |  14.08 |I I 
10:40-Sun-Mar-19-2017 PM2.5 |   8.47 |   7.96 |   7.35 |   6.44 |I I 
10:44-Sun-Mar-19-2017 PM10  |  20.69 |  23.01 |  17.25 |  14.08 |I I 
10:44-Sun-Mar-19-2017 PM2.5 |   8.00 |   7.96 |   7.35 |   6.44 |I I 
10:45-Sun-Mar-19-2017 PM10  |  23.40 |  23.03 |  17.25 |  14.08 |I I 
10:45-Sun-Mar-19-2017 PM2.5 |   7.65 |   7.95 |   7.35 |   6.44 |I I 
10:49-Sun-Mar-19-2017 PM10  |  18.91 |  22.83 |  17.25 |  14.08 |I I 
10:49-Sun-Mar-19-2017 PM2.5 |   8.28 |   7.96 |   7.35 |   6.44 |I I 
10:50-Sun-Mar-19-2017 PM10  |  17.55 |  22.59 |  17.25 |  14.08 |I I 
10:50-Sun-Mar-19-2017 PM2.5 |   7.53 |   7.94 |   7.35 |   6.44 |I I 
10:54-Sun-Mar-19-2017 PM10  |  18.43 |  22.41 |  17.25 |  14.08 |I I 
10:54-Sun-Mar-19-2017 PM2.5 |   7.87 |   7.94 |   7.35 |   6.44 |I I 
10:55-Sun-Mar-19-2017 PM10  |  20.15 |  22.32 |  17.25 |  14.08 |I I 
10:55-Sun-Mar-19-2017 PM2.5 |   7.65 |   7.93 |   7.35 |   6.44 |I I 
11:00-Sun-Mar-19-2017 PM10  |  18.80 |  22.18 |  22.18 |  14.08 |I I 
11:00-Sun-Mar-19-2017 PM2.5 |   7.87 |   7.93 |   7.93 |   6.44 |I I 
11:01-Sun-Mar-19-2017 PM10  |  19.25 |  19.25 |  22.18 |  14.08 |I I 
11:01-Sun-Mar-19-2017 PM2.5 |   7.40 |   7.40 |   7.93 |   6.44 |I I 
11:05-Sun-Mar-19-2017 PM10  |  17.67 |  18.46 |  22.18 |  14.08 |I I 
11:05-Sun-Mar-19-2017 PM2.5 |   7.25 |   7.32 |   7.93 |   6.44 |I I 
11:06-Sun-Mar-19-2017 PM10  |  17.67 |  18.19 |  22.18 |  14.08 |I I 
11:06-Sun-Mar-19-2017 PM2.5 |   7.25 |   7.30 |   7.93 |   6.44 |I I 
11:07-Sun-Mar-19-2017 PM10  |  23.97 |  19.64 |  22.18 |  14.08 |I I 
11:07-Sun-Mar-19-2017 PM2.5 |   7.68 |   7.39 |   7.93 |   6.44 |I I 
11:11-Sun-Mar-19-2017 PM10  |  18.44 |  19.40 |  22.18 |  14.08 |I I 
11:11-Sun-Mar-19-2017 PM2.5 |   7.70 |   7.45 |   7.93 |   6.44 |I I 
11:12-Sun-Mar-19-2017 PM10  |  19.52 |  19.42 |  22.18 |  14.08 |I I 
11:12-Sun-Mar-19-2017 PM2.5 |   7.30 |   7.43 |   7.93 |   6.44 |I I 
11:16-Sun-Mar-19-2017 PM10  |  23.90 |  20.06 |  22.18 |  14.08 |I I 
11:16-Sun-Mar-19-2017 PM2.5 |   7.78 |   7.48 |   7.93 |   6.44 |I I 
11:17-Sun-Mar-19-2017 PM10  |  19.60 |  20.00 |  22.18 |  14.08 |I I 
11:17-Sun-Mar-19-2017 PM2.5 |   7.36 |   7.46 |   7.93 |   6.44 |I I 
11:21-Sun-Mar-19-2017 PM10  |  23.86 |  20.43 |  22.18 |  14.08 |I I 
11:21-Sun-Mar-19-2017 PM2.5 |   7.42 |   7.46 |   7.93 |   6.44 |I I 
11:22-Sun-Mar-19-2017 PM10  |  18.92 |  20.28 |  22.18 |  14.08 |I I 
11:22-Sun-Mar-19-2017 PM2.5 |   7.38 |   7.45 |   7.93 |   6.44 |I I 
11:26-Sun-Mar-19-2017 PM10  |  21.30 |  20.37 |  22.18 |  14.08 |I I 
11:26-Sun-Mar-19-2017 PM2.5 |   7.52 |   7.46 |   7.93 |   6.44 |I I 
11:27-Sun-Mar-19-2017 PM10  |  17.81 |  20.16 |  22.18 |  14.08 |I I 
11:27-Sun-Mar-19-2017 PM2.5 |   6.87 |   7.41 |   7.93 |   6.44 |I I 
11:31-Sun-Mar-19-2017 PM10  |  16.28 |  19.86 |  22.18 |  14.08 |I I 
11:31-Sun-Mar-19-2017 PM2.5 |   7.18 |   7.39 |   7.93 |   6.44 |I I 
11:32-Sun-Mar-19-2017 PM10  |  16.28 |  19.60 |  22.18 |  14.08 |I I 
11:32-Sun-Mar-19-2017 PM2.5 |   7.18 |   7.38 |   7.93 |   6.44 |I I 
11:33-Sun-Mar-19-2017 PM10  |  19.48 |  19.60 |  22.18 |  14.08 |I I 
11:33-Sun-Mar-19-2017 PM2.5 |   7.68 |   7.40 |   7.93 |   6.44 |I I 
11:37-Sun-Mar-19-2017 PM10  |  16.17 |  19.38 |  22.18 |  14.08 |I I 
11:37-Sun-Mar-19-2017 PM2.5 |   7.63 |   7.41 |   7.93 |   6.44 |I I 
11:38-Sun-Mar-19-2017 PM10  |  15.88 |  19.18 |  22.18 |  14.08 |I I 
11:38-Sun-Mar-19-2017 PM2.5 |   6.92 |   7.38 |   7.93 |   6.44 |I I 
11:42-Sun-Mar-19-2017 PM10  |  20.48 |  19.25 |  22.18 |  14.08 |I I 
11:42-Sun-Mar-19-2017 PM2.5 |   7.53 |   7.39 |   7.93 |   6.44 |I I 
11:43-Sun-Mar-19-2017 PM10  |  18.61 |  19.21 |  22.18 |  14.08 |I I 
11:43-Sun-Mar-19-2017 PM2.5 |   6.89 |   7.36 |   7.93 |   6.44 |I I 
11:47-Sun-Mar-19-2017 PM10  |  15.64 |  19.04 |  22.18 |  14.08 |I I 
11:47-Sun-Mar-19-2017 PM2.5 |   6.88 |   7.34 |   7.93 |   6.44 |I I 
11:48-Sun-Mar-19-2017 PM10  |  19.76 |  19.07 |  22.18 |  14.08 |I I 
11:48-Sun-Mar-19-2017 PM2.5 |   7.35 |   7.34 |   7.93 |   6.44 |I I 
11:52-Sun-Mar-19-2017 PM10  |  21.06 |  19.16 |  22.18 |  14.08 |I I 
11:52-Sun-Mar-19-2017 PM2.5 |   7.20 |   7.33 |   7.93 |   6.44 |I I 
11:53-Sun-Mar-19-2017 PM10  |  20.53 |  19.22 |  22.18 |  14.08 |I I 
11:53-Sun-Mar-19-2017 PM2.5 |   7.69 |   7.35 |   7.93 |   6.44 |I I 
11:57-Sun-Mar-19-2017 PM10  |  19.16 |  19.22 |  22.18 |  14.08 |I I 
11:57-Sun-Mar-19-2017 PM2.5 |   7.37 |   7.35 |   7.93 |   6.44 |I I 
11:58-Sun-Mar-19-2017 PM10  |  19.16 |  19.22 |  22.18 |  14.08 |I I 
11:58-Sun-Mar-19-2017 PM2.5 |   7.37 |   7.35 |   7.93 |   6.44 |I I 
11:59-Sun-Mar-19-2017 PM10  |  16.86 |  19.13 |  22.18 |  14.08 |I I 
11:59-Sun-Mar-19-2017 PM2.5 |   7.43 |   7.35 |   7.93 |   6.44 |I I 
12:03-Sun-Mar-19-2017 PM10  |  15.85 |  19.00 |  22.18 |  14.08 |I I 
12:03-Sun-Mar-19-2017 PM2.5 |   7.70 |   7.37 |   7.93 |   6.44 |I I 
12:04-Sun-Mar-19-2017 PM10  |  20.40 |  20.40 |  22.18 |  14.08 |I I 
12:04-Sun-Mar-19-2017 PM2.5 |   7.43 |   7.43 |   7.93 |   6.44 |I I 
12:08-Sun-Mar-19-2017 PM10  |  20.05 |  20.22 |  22.18 |  14.08 |I I 
12:08-Sun-Mar-19-2017 PM2.5 |   7.45 |   7.44 |   7.93 |   6.44 |I I 
12:09-Sun-Mar-19-2017 PM10  |  16.77 |  19.07 |  22.18 |  14.08 |I I 
12:09-Sun-Mar-19-2017 PM2.5 |   7.06 |   7.31 |   7.93 |   6.44 |I I 
12:13-Sun-Mar-19-2017 PM10  |  17.75 |  18.74 |  22.18 |  14.08 |I I 
12:13-Sun-Mar-19-2017 PM2.5 |   7.77 |   7.43 |   7.93 |   6.44 |I I 
12:14-Sun-Mar-19-2017 PM10  |  15.54 |  18.10 |  22.18 |  14.08 |I I 
12:14-Sun-Mar-19-2017 PM2.5 |   6.90 |   7.32 |   7.93 |   6.44 |I I 
12:18-Sun-Mar-19-2017 PM10  |  17.33 |  17.97 |  22.18 |  14.08 |I I 
12:18-Sun-Mar-19-2017 PM2.5 |   7.13 |   7.29 |   7.93 |   6.44 |I I 
12:19-Sun-Mar-19-2017 PM10  |  24.32 |  18.88 |  22.18 |  14.08 |I I 
12:19-Sun-Mar-19-2017 PM2.5 |   8.18 |   7.42 |   7.93 |   6.44 |I I 
12:23-Sun-Mar-19-2017 PM10  |  22.09 |  19.28 |  22.18 |  14.08 |I I 
12:23-Sun-Mar-19-2017 PM2.5 |   8.44 |   7.54 |   7.93 |   6.44 |I I 
12:24-Sun-Mar-19-2017 PM10  |  22.09 |  19.59 |  22.18 |  14.08 |I I 
12:24-Sun-Mar-19-2017 PM2.5 |   8.44 |   7.64 |   7.93 |   6.44 |I I 
12:25-Sun-Mar-19-2017 PM10  |  21.69 |  19.80 |  22.18 |  14.08 |I I 
12:25-Sun-Mar-19-2017 PM2.5 |   8.27 |   7.71 |   7.93 |   6.44 |I I 
12:29-Sun-Mar-19-2017 PM10  |  22.19 |  20.02 |  22.18 |  14.08 |I I 
12:29-Sun-Mar-19-2017 PM2.5 |   8.47 |   7.78 |   7.93 |   6.44 |I I 
12:30-Sun-Mar-19-2017 PM10  |  15.14 |  19.61 |  22.18 |  14.08 |I I 
12:30-Sun-Mar-19-2017 PM2.5 |   7.64 |   7.76 |   7.93 |   6.44 |I I 
12:34-Sun-Mar-19-2017 PM10  |  19.90 |  19.64 |  22.18 |  14.08 |I I 
12:34-Sun-Mar-19-2017 PM2.5 |   7.68 |   7.76 |   7.93 |   6.44 |I I 
12:35-Sun-Mar-19-2017 PM10  |  20.37 |  19.69 |  22.18 |  14.08 |I I 
12:35-Sun-Mar-19-2017 PM2.5 |   7.21 |   7.72 |   7.93 |   6.44 |I I 
12:39-Sun-Mar-19-2017 PM10  |  22.87 |  19.90 |  22.18 |  14.08 |I I 
12:39-Sun-Mar-19-2017 PM2.5 |   7.63 |   7.71 |   7.93 |   6.44 |I I 
12:40-Sun-Mar-19-2017 PM10  |  19.47 |  19.87 |  22.18 |  14.08 |I I 
12:40-Sun-Mar-19-2017 PM2.5 |   7.89 |   7.72 |   7.93 |   6.44 |I I 
12:44-Sun-Mar-19-2017 PM10  |  20.27 |  19.90 |  22.18 |  14.08 |I I 
12:44-Sun-Mar-19-2017 PM2.5 |   7.87 |   7.73 |   7.93 |   6.44 |I I 
12:45-Sun-Mar-19-2017 PM10  |  14.71 |  19.61 |  22.18 |  14.08 |I I 
12:45-Sun-Mar-19-2017 PM2.5 |   7.49 |   7.72 |   7.93 |   6.44 |I I 
12:49-Sun-Mar-19-2017 PM10  |  15.16 |  19.37 |  22.18 |  14.08 |I I 
12:49-Sun-Mar-19-2017 PM2.5 |   7.30 |   7.70 |   7.93 |   6.44 |I I 
12:50-Sun-Mar-19-2017 PM10  |  15.16 |  19.16 |  22.18 |  14.08 |I I 
12:50-Sun-Mar-19-2017 PM2.5 |   7.30 |   7.68 |   7.93 |   6.44 |I I 
12:51-Sun-Mar-19-2017 PM10  |  19.28 |  19.17 |  22.18 |  14.08 |I I 
12:51-Sun-Mar-19-2017 PM2.5 |   7.76 |   7.68 |   7.93 |   6.44 |I I 
12:55-Sun-Mar-19-2017 PM10  |  17.00 |  19.07 |  22.18 |  14.08 |I I 
12:55-Sun-Mar-19-2017 PM2.5 |   7.67 |   7.68 |   7.93 |   6.44 |I I 
12:56-Sun-Mar-19-2017 PM10  |  19.37 |  19.08 |  22.18 |  14.08 |I I 
12:56-Sun-Mar-19-2017 PM2.5 |   7.19 |   7.66 |   7.93 |   6.44 |I I 
13:00-Sun-Mar-19-2017 PM10  |  21.01 |  19.16 |  22.18 |  14.08 |I I 
13:00-Sun-Mar-19-2017 PM2.5 |   7.64 |   7.66 |   7.93 |   6.44 |I I 
13:01-Sun-Mar-19-2017 PM10  |  21.17 |  21.17 |  22.18 |  14.08 |I I 
13:01-Sun-Mar-19-2017 PM2.5 |   7.41 |   7.41 |   7.93 |   6.44 |I I 
13:05-Sun-Mar-19-2017 PM10  |  17.27 |  19.22 |  22.18 |  14.08 |I I 
13:05-Sun-Mar-19-2017 PM2.5 |   7.37 |   7.39 |   7.93 |   6.44 |I I 
13:06-Sun-Mar-19-2017 PM10  |  15.10 |  17.85 |  22.18 |  14.08 |I I 
13:06-Sun-Mar-19-2017 PM2.5 |   6.68 |   7.15 |   7.93 |   6.44 |I I 
13:10-Sun-Mar-19-2017 PM10  |  16.35 |  17.47 |  22.18 |  14.08 |I I 
13:10-Sun-Mar-19-2017 PM2.5 |   7.56 |   7.26 |   7.93 |   6.44 |I I 
13:11-Sun-Mar-19-2017 PM10  |  14.63 |  16.90 |  22.18 |  14.08 |I I 
13:11-Sun-Mar-19-2017 PM2.5 |   6.93 |   7.19 |   7.93 |   6.44 |I I 
13:15-Sun-Mar-19-2017 PM10  |  15.74 |  16.71 |  22.18 |  14.08 |I I 
13:15-Sun-Mar-19-2017 PM2.5 |   7.04 |   7.17 |   7.93 |   6.44 |I I 
13:16-Sun-Mar-19-2017 PM10  |  15.74 |  16.57 |  22.18 |  14.08 |I I 
13:16-Sun-Mar-19-2017 PM2.5 |   7.04 |   7.15 |   7.93 |   6.44 |I I 
13:17-Sun-Mar-19-2017 PM10  |  18.55 |  16.82 |  22.18 |  14.08 |I I 
13:17-Sun-Mar-19-2017 PM2.5 |   7.43 |   7.18 |   7.93 |   6.44 |I I 
13:21-Sun-Mar-19-2017 PM10  |  14.72 |  16.59 |  22.18 |  14.08 |I I 
13:21-Sun-Mar-19-2017 PM2.5 |   7.61 |   7.23 |   7.93 |   6.44 |I I 
13:22-Sun-Mar-19-2017 PM10  |  22.39 |  17.17 |  22.18 |  14.08 |I I 
13:22-Sun-Mar-19-2017 PM2.5 |   7.32 |   7.24 |   7.93 |   6.44 |I I 
13:26-Sun-Mar-19-2017 PM10  |  18.22 |  17.26 |  22.18 |  14.08 |I I 
13:26-Sun-Mar-19-2017 PM2.5 |   7.33 |   7.25 |   7.93 |   6.44 |I I 
13:27-Sun-Mar-19-2017 PM10  |  21.09 |  17.58 |  22.18 |  14.08 |I I 
13:27-Sun-Mar-19-2017 PM2.5 |   7.53 |   7.27 |   7.93 |   6.44 |I I 
13:31-Sun-Mar-19-2017 PM10  |  17.98 |  17.61 |  22.18 |  14.08 |I I 
13:31-Sun-Mar-19-2017 PM2.5 |   7.82 |   7.31 |   7.93 |   6.44 |I I 
13:32-Sun-Mar-19-2017 PM10  |  18.10 |  17.65 |  22.18 |  14.08 |I I 
13:32-Sun-Mar-19-2017 PM2.5 |   7.54 |   7.33 |   7.93 |   6.44 |I I 
13:36-Sun-Mar-19-2017 PM10  |  17.71 |  17.65 |  22.18 |  14.08 |I I 
13:36-Sun-Mar-19-2017 PM2.5 |   7.23 |   7.32 |   7.93 |   6.44 |I I 
13:37-Sun-Mar-19-2017 PM10  |  16.40 |  17.57 |  22.18 |  14.08 |I I 
13:37-Sun-Mar-19-2017 PM2.5 |   7.26 |   7.32 |   7.93 |   6.44 |I I 
13:41-Sun-Mar-19-2017 PM10  |  15.19 |  17.43 |  22.18 |  14.08 |I I 
13:41-Sun-Mar-19-2017 PM2.5 |   7.38 |   7.32 |   7.93 |   6.44 |I I 
13:42-Sun-Mar-19-2017 PM10  |  15.19 |  17.31 |  22.18 |  14.08 |I I 
13:42-Sun-Mar-19-2017 PM2.5 |   7.38 |   7.33 |   7.93 |   6.44 |I I 
13:43-Sun-Mar-19-2017 PM10  |  19.16 |  17.40 |  22.18 |  14.08 |I I 
13:43-Sun-Mar-19-2017 PM2.5 |   7.48 |   7.33 |   7.93 |   6.44 |I I 
13:47-Sun-Mar-19-2017 PM10  |  18.99 |  17.48 |  22.18 |  14.08 |I I 
13:47-Sun-Mar-19-2017 PM2.5 |   7.43 |   7.34 |   7.93 |   6.44 |I I 
13:49-Sun-Mar-19-2017 PM10  |  20.48 |  17.63 |  22.18 |  14.08 |I I 
13:49-Sun-Mar-19-2017 PM2.5 |   7.35 |   7.34 |   7.93 |   6.44 |I I 
13:53-Sun-Mar-19-2017 PM10  |  19.67 |  17.72 |  22.18 |  14.08 |I I 
13:53-Sun-Mar-19-2017 PM2.5 |   7.50 |   7.35 |   7.93 |   6.44 |I I 
13:54-Sun-Mar-19-2017 PM10  |  14.86 |  17.59 |  22.18 |  14.08 |I I 
13:54-Sun-Mar-19-2017 PM2.5 |   6.68 |   7.32 |   7.93 |   6.44 |I I 
13:58-Sun-Mar-19-2017 PM10  |  15.94 |  17.53 |  22.18 |  14.08 |I I 
13:58-Sun-Mar-19-2017 PM2.5 |   7.19 |   7.31 |   7.93 |   6.44 |I I 
13:59-Sun-Mar-19-2017 PM10  |  20.53 |  17.65 |  22.18 |  14.08 |I I 
13:59-Sun-Mar-19-2017 PM2.5 |   7.10 |   7.30 |   7.93 |   6.44 |I I 
14:03-Sun-Mar-19-2017 PM10  |  23.43 |  17.87 |  22.18 |  14.08 |I I 
14:03-Sun-Mar-19-2017 PM2.5 |   7.79 |   7.32 |   7.93 |   6.44 |I I 
14:04-Sun-Mar-19-2017 PM10  |  18.40 |  18.40 |  22.18 |  14.08 |I I 
14:04-Sun-Mar-19-2017 PM2.5 |   7.44 |   7.44 |   7.93 |   6.44 |I I 
14:08-Sun-Mar-19-2017 PM10  |  19.70 |  19.05 |  22.18 |  14.08 |I I 
14:08-Sun-Mar-19-2017 PM2.5 |   7.84 |   7.64 |   7.93 |   6.44 |I I 
14:09-Sun-Mar-19-2017 PM10  |  20.23 |  19.44 |  22.18 |  14.08 |I I 
14:09-Sun-Mar-19-2017 PM2.5 |   6.98 |   7.42 |   7.93 |   6.44 |I I 
14:10-Sun-Mar-19-2017 PM10  |  20.23 |  19.64 |  22.18 |  14.08 |I I 
14:10-Sun-Mar-19-2017 PM2.5 |   6.98 |   7.31 |   7.93 |   6.44 |I I 
14:14-Sun-Mar-19-2017 PM10  |  19.90 |  19.69 |  22.18 |  14.08 |I I 
14:14-Sun-Mar-19-2017 PM2.5 |   7.63 |   7.37 |   7.93 |   6.44 |I I 
14:15-Sun-Mar-19-2017 PM10  |  17.93 |  19.40 |  22.18 |  14.08 |I I 
14:15-Sun-Mar-19-2017 PM2.5 |   6.88 |   7.29 |   7.93 |   6.44 |I I 
14:19-Sun-Mar-19-2017 PM10  |  17.88 |  19.18 |  22.18 |  14.08 |I I 
14:19-Sun-Mar-19-2017 PM2.5 |   7.50 |   7.32 |   7.93 |   6.44 |I I 
14:20-Sun-Mar-19-2017 PM10  |  18.61 |  19.11 |  22.18 |  14.08 |I I 
14:20-Sun-Mar-19-2017 PM2.5 |   8.35 |   7.45 |   7.93 |   6.44 |I I 
14:24-Sun-Mar-19-2017 PM10  |  19.84 |  19.19 |  22.18 |  14.08 |I I 
14:24-Sun-Mar-19-2017 PM2.5 |   7.91 |   7.50 |   7.93 |   6.44 |I I 
14:25-Sun-Mar-19-2017 PM10  |  17.16 |  18.99 |  22.18 |  14.08 |I I 
14:25-Sun-Mar-19-2017 PM2.5 |   7.76 |   7.53 |   7.93 |   6.44 |I I 
14:29-Sun-Mar-19-2017 PM10  |  16.39 |  18.75 |  22.18 |  14.08 |I I 
14:29-Sun-Mar-19-2017 PM2.5 |   7.60 |   7.53 |   7.93 |   6.44 |I I 
14:30-Sun-Mar-19-2017 PM10  |  18.92 |  18.77 |  22.18 |  14.08 |I I 
14:30-Sun-Mar-19-2017 PM2.5 |   7.68 |   7.55 |   7.93 |   6.44 |I I 
14:34-Sun-Mar-19-2017 PM10  |  17.32 |  18.65 |  22.18 |  14.08 |I I 
14:34-Sun-Mar-19-2017 PM2.5 |   7.64 |   7.55 |   7.93 |   6.44 |I I 
14:35-Sun-Mar-19-2017 PM10  |  14.58 |  18.36 |  22.18 |  14.08 |I I 
14:35-Sun-Mar-19-2017 PM2.5 |   7.09 |   7.52 |   7.93 |   6.44 |I I 
14:36-Sun-Mar-19-2017 PM10  |  14.58 |  18.11 |  22.18 |  14.08 |I I 
14:36-Sun-Mar-19-2017 PM2.5 |   7.09 |   7.49 |   7.93 |   6.44 |I I 
14:40-Sun-Mar-19-2017 PM10  |  18.09 |  18.11 |  22.18 |  14.08 |I I 
14:40-Sun-Mar-19-2017 PM2.5 |   7.62 |   7.50 |   7.93 |   6.44 |I I 
14:41-Sun-Mar-19-2017 PM10  |  19.11 |  18.17 |  22.18 |  14.08 |I I 
14:41-Sun-Mar-19-2017 PM2.5 |   7.48 |   7.50 |   7.93 |   6.44 |I I 
14:45-Sun-Mar-19-2017 PM10  |  17.03 |  18.11 |  22.18 |  14.08 |I I 
14:45-Sun-Mar-19-2017 PM2.5 |   7.32 |   7.49 |   7.93 |   6.44 |I I 
14:46-Sun-Mar-19-2017 PM10  |  14.89 |  17.94 |  22.18 |  14.08 |I I 
14:46-Sun-Mar-19-2017 PM2.5 |   6.77 |   7.45 |   7.93 |   6.44 |I I 
14:50-Sun-Mar-19-2017 PM10  |  19.60 |  18.02 |  22.18 |  14.08 |I I 
14:50-Sun-Mar-19-2017 PM2.5 |   7.54 |   7.46 |   7.93 |   6.44 |I I 
14:51-Sun-Mar-19-2017 PM10  |  14.73 |  17.86 |  22.18 |  14.08 |I I 
14:51-Sun-Mar-19-2017 PM2.5 |   7.41 |   7.45 |   7.93 |   6.44 |I I 
14:55-Sun-Mar-19-2017 PM10  |  15.88 |  17.77 |  22.18 |  14.08 |I I 
14:55-Sun-Mar-19-2017 PM2.5 |   7.44 |   7.45 |   7.93 |   6.44 |I I 
14:56-Sun-Mar-19-2017 PM10  |  16.20 |  17.70 |  22.18 |  14.08 |I I 
14:56-Sun-Mar-19-2017 PM2.5 |   6.88 |   7.43 |   7.93 |   6.44 |I I 
15:00-Sun-Mar-19-2017 PM10  |  16.85 |  17.67 |  22.18 |  14.08 |I I 
15:00-Sun-Mar-19-2017 PM2.5 |   7.49 |   7.43 |   7.93 |   6.44 |I I 
15:01-Sun-Mar-19-2017 PM10  |  17.16 |  17.16 |  22.18 |  14.08 |I I 
15:01-Sun-Mar-19-2017 PM2.5 |   7.36 |   7.36 |   7.93 |   6.44 |I I 
15:02-Sun-Mar-19-2017 PM10  |  17.16 |  17.16 |  22.18 |  14.08 |I I 
15:02-Sun-Mar-19-2017 PM2.5 |   7.36 |   7.36 |   7.93 |   6.44 |I I 
15:06-Sun-Mar-19-2017 PM10  |  14.49 |  16.27 |  22.18 |  14.08 |I I 
15:06-Sun-Mar-19-2017 PM2.5 |   7.08 |   7.27 |   7.93 |   6.44 |I I 
15:07-Sun-Mar-19-2017 PM10  |  18.91 |  16.93 |  22.18 |  14.08 |I I 
15:07-Sun-Mar-19-2017 PM2.5 |   7.65 |   7.37 |   7.93 |   6.44 |I I 
15:11-Sun-Mar-19-2017 PM10  |  21.73 |  17.89 |  22.18 |  14.08 |I I 
15:11-Sun-Mar-19-2017 PM2.5 |   8.02 |   7.50 |   7.93 |   6.44 |I I 
15:12-Sun-Mar-19-2017 PM10  |  17.99 |  17.91 |  22.18 |  14.08 |I I 
15:12-Sun-Mar-19-2017 PM2.5 |   7.99 |   7.58 |   7.93 |   6.44 |I I 
15:16-Sun-Mar-19-2017 PM10  |  21.78 |  18.46 |  22.18 |  14.08 |I I 
15:16-Sun-Mar-19-2017 PM2.5 |   9.41 |   7.84 |   7.93 |   6.44 |I I 
15:17-Sun-Mar-19-2017 PM10  |  19.37 |  18.57 |  22.18 |  14.08 |I I 
15:17-Sun-Mar-19-2017 PM2.5 |   8.25 |   7.89 |   7.93 |   6.44 |I I 
15:21-Sun-Mar-19-2017 PM10  |  21.94 |  18.95 |  22.18 |  14.08 |I I 
15:21-Sun-Mar-19-2017 PM2.5 |   9.13 |   8.03 |   7.93 |   6.44 |I I 
15:22-Sun-Mar-19-2017 PM10  |  21.21 |  19.17 |  22.18 |  14.08 |I I 
15:22-Sun-Mar-19-2017 PM2.5 |   8.40 |   8.07 |   7.93 |   6.44 |I I 
15:26-Sun-Mar-19-2017 PM10  |  17.93 |  19.06 |  22.18 |  14.08 |I I 
15:26-Sun-Mar-19-2017 PM2.5 |   8.65 |   8.12 |   7.93 |   6.44 |I I 
15:27-Sun-Mar-19-2017 PM10  |  21.67 |  19.28 |  22.18 |  14.08 |I I 
15:27-Sun-Mar-19-2017 PM2.5 |   8.18 |   8.12 |   7.93 |   6.44 |I I 
15:28-Sun-Mar-19-2017 PM10  |  21.67 |  19.46 |  22.18 |  14.08 |I I 
15:28-Sun-Mar-19-2017 PM2.5 |   8.18 |   8.13 |   7.93 |   6.44 |I I 
15:32-Sun-Mar-19-2017 PM10  |  24.10 |  19.79 |  22.18 |  14.08 |I I 
15:32-Sun-Mar-19-2017 PM2.5 |   8.82 |   8.18 |   7.93 |   6.44 |I I 
15:33-Sun-Mar-19-2017 PM10  |  19.22 |  19.76 |  22.18 |  14.08 |I I 
15:33-Sun-Mar-19-2017 PM2.5 |   8.71 |   8.21 |   7.93 |   6.44 |I I 
15:37-Sun-Mar-19-2017 PM10  |  21.05 |  19.84 |  22.18 |  14.08 |I I 
15:37-Sun-Mar-19-2017 PM2.5 |   8.44 |   8.23 |   7.93 |   6.44 |I I 
15:38-Sun-Mar-19-2017 PM10  |  16.73 |  19.65 |  22.18 |  14.08 |I I 
15:38-Sun-Mar-19-2017 PM2.5 |   7.94 |   8.21 |   7.93 |   6.44 |I I 
15:42-Sun-Mar-19-2017 PM10  |  19.09 |  19.62 |  22.18 |  14.08 |I I 
15:42-Sun-Mar-19-2017 PM2.5 |   8.22 |   8.21 |   7.93 |   6.44 |I I 
15:43-Sun-Mar-19-2017 PM10  |  20.54 |  19.67 |  22.18 |  14.08 |I I 
15:43-Sun-Mar-19-2017 PM2.5 |   7.87 |   8.19 |   7.93 |   6.44 |I I 
15:47-Sun-Mar-19-2017 PM10  |  21.95 |  19.79 |  22.18 |  14.08 |I I 
15:47-Sun-Mar-19-2017 PM2.5 |   8.64 |   8.22 |   7.93 |   6.44 |I I 
15:48-Sun-Mar-19-2017 PM10  |  17.96 |  19.70 |  22.18 |  14.08 |I I 
15:48-Sun-Mar-19-2017 PM2.5 |   7.92 |   8.20 |   7.93 |   6.44 |I I 
15:52-Sun-Mar-19-2017 PM10  |  15.98 |  19.53 |  22.18 |  14.08 |I I 
15:52-Sun-Mar-19-2017 PM2.5 |   8.12 |   8.20 |   7.93 |   6.44 |I I 
15:53-Sun-Mar-19-2017 PM10  |  22.26 |  19.65 |  22.18 |  14.08 |I I 
15:53-Sun-Mar-19-2017 PM2.5 |   8.17 |   8.20 |   7.93 |   6.44 |I I 
15:54-Sun-Mar-19-2017 PM10  |  22.26 |  19.76 |  22.18 |  14.08 |I I 
15:54-Sun-Mar-19-2017 PM2.5 |   8.17 |   8.20 |   7.93 |   6.44 |I I 
15:58-Sun-Mar-19-2017 PM10  |  17.34 |  19.66 |  22.18 |  14.08 |I I 
15:58-Sun-Mar-19-2017 PM2.5 |   8.08 |   8.19 |   7.93 |   6.44 |I I 
15:59-Sun-Mar-19-2017 PM10  |  20.59 |  19.70 |  22.18 |  14.08 |I I 
15:59-Sun-Mar-19-2017 PM2.5 |   8.08 |   8.19 |   7.93 |   6.44 |I I 
16:03-Sun-Mar-19-2017 PM10  |  19.04 |  19.67 |  22.18 |  14.08 |I I 
16:03-Sun-Mar-19-2017 PM2.5 |   7.82 |   8.17 |   8.17 |   6.44 |I I 
16:04-Sun-Mar-19-2017 PM10  |  21.36 |  21.36 |  22.18 |  14.08 |I I 
16:04-Sun-Mar-19-2017 PM2.5 |   7.48 |   7.48 |   8.17 |   6.44 |I I 
16:08-Sun-Mar-19-2017 PM10  |  15.86 |  18.61 |  22.18 |  14.08 |I I 
16:08-Sun-Mar-19-2017 PM2.5 |   7.74 |   7.61 |   8.17 |   6.44 |I I 
16:09-Sun-Mar-19-2017 PM10  |  15.99 |  17.74 |  22.18 |  14.08 |I I 
16:09-Sun-Mar-19-2017 PM2.5 |   7.09 |   7.44 |   8.17 |   6.44 |I I 
16:13-Sun-Mar-19-2017 PM10  |  18.17 |  17.85 |  22.18 |  14.08 |I I 
16:13-Sun-Mar-19-2017 PM2.5 |   7.63 |   7.48 |   8.17 |   6.44 |I I 
16:14-Sun-Mar-19-2017 PM10  |  16.06 |  17.49 |  22.18 |  14.08 |I I 
16:14-Sun-Mar-19-2017 PM2.5 |   7.56 |   7.50 |   8.17 |   6.44 |I I 
16:18-Sun-Mar-19-2017 PM10  |  18.47 |  17.65 |  22.18 |  14.08 |I I 
16:18-Sun-Mar-19-2017 PM2.5 |   7.94 |   7.57 |   8.17 |   6.44 |I I 
16:19-Sun-Mar-19-2017 PM10  |  15.88 |  17.40 |  22.18 |  14.08 |I I 
16:19-Sun-Mar-19-2017 PM2.5 |   7.49 |   7.56 |   8.17 |   6.44 |I I 
16:20-Sun-Mar-19-2017 PM10  |  15.88 |  17.21 |  22.18 |  14.08 |I I 
16:20-Sun-Mar-19-2017 PM2.5 |   7.49 |   7.55 |   8.17 |   6.44 |I I 
16:24-Sun-Mar-19-2017 PM10  |  18.62 |  17.36 |  22.18 |  14.08 |I I 
16:24-Sun-Mar-19-2017 PM2.5 |   7.77 |   7.58 |   8.17 |   6.44 |I I 
16:25-Sun-Mar-19-2017 PM10  |  13.47 |  16.97 |  22.18 |  14.08 |I I 
16:25-Sun-Mar-19-2017 PM2.5 |   7.44 |   7.56 |   8.17 |   6.44 |I I 
16:29-Sun-Mar-19-2017 PM10  |  16.49 |  16.93 |  22.18 |  14.08 |I I 
16:29-Sun-Mar-19-2017 PM2.5 |   7.94 |   7.60 |   8.17 |   6.44 |I I 
16:30-Sun-Mar-19-2017 PM10  |  14.85 |  16.76 |  22.18 |  14.08 |I I 
16:30-Sun-Mar-19-2017 PM2.5 |   7.51 |   7.59 |   8.17 |   6.44 |I I 
16:34-Sun-Mar-19-2017 PM10  |  16.38 |  16.73 |  22.18 |  14.08 |I I 
16:34-Sun-Mar-19-2017 PM2.5 |   7.40 |   7.58 |   8.17 |   6.44 |I I 
16:35-Sun-Mar-19-2017 PM10  |  14.75 |  16.59 |  22.18 |  14.08 |I I 
16:35-Sun-Mar-19-2017 PM2.5 |   7.31 |   7.56 |   8.17 |   6.44 |I I 
16:39-Sun-Mar-19-2017 PM10  |  15.77 |  16.53 |  22.18 |  14.08 |I I 
16:39-Sun-Mar-19-2017 PM2.5 |   7.24 |   7.54 |   8.17 |   6.44 |I I 
16:40-Sun-Mar-19-2017 PM10  |  12.89 |  16.30 |  22.18 |  14.08 |I I 
16:40-Sun-Mar-19-2017 PM2.5 |   6.91 |   7.50 |   8.17 |   6.44 |I I 
16:44-Sun-Mar-19-2017 PM10  |  12.19 |  16.06 |  22.18 |  14.08 |I I 
16:44-Sun-Mar-19-2017 PM2.5 |   7.52 |   7.50 |   8.17 |   6.44 |I I 
16:45-Sun-Mar-19-2017 PM10  |  16.45 |  16.08 |  22.18 |  14.08 |I I 
16:45-Sun-Mar-19-2017 PM2.5 |   7.50 |   7.50 |   8.17 |   6.44 |I I 
16:47-Sun-Mar-19-2017 PM10  |  16.45 |  16.10 |  22.18 |  14.08 |I I 
16:47-Sun-Mar-19-2017 PM2.5 |   7.50 |   7.50 |   8.17 |   6.44 |I I 
16:51-Sun-Mar-19-2017 PM10  |  15.35 |  16.07 |  22.18 |  14.08 |I I 
16:51-Sun-Mar-19-2017 PM2.5 |   7.64 |   7.51 |   8.17 |   6.44 |I I 
16:52-Sun-Mar-19-2017 PM10  |  15.42 |  16.04 |  22.18 |  14.08 |I I 
16:52-Sun-Mar-19-2017 PM2.5 |   7.16 |   7.49 |   8.17 |   6.44 |I I 
16:56-Sun-Mar-19-2017 PM10  |  13.79 |  15.93 |  22.18 |  14.08 |I I 
16:56-Sun-Mar-19-2017 PM2.5 |   7.28 |   7.48 |   8.17 |   6.44 |I I 
16:57-Sun-Mar-19-2017 PM10  |  16.67 |  15.97 |  22.18 |  14.08 |I I 
16:57-Sun-Mar-19-2017 PM2.5 |   7.34 |   7.47 |   8.17 |   6.44 |I I 
17:01-Sun-Mar-19-2017 PM10  |  13.00 |  15.84 |  22.18 |  14.08 |I I 
17:01-Sun-Mar-19-2017 PM2.5 |   7.42 |   7.47 |   8.17 |   6.44 |I I 
17:02-Sun-Mar-19-2017 PM10  |  17.68 |  17.68 |  22.18 |  14.08 |I I 
17:02-Sun-Mar-19-2017 PM2.5 |   7.64 |   7.64 |   8.17 |   6.44 |I I 
17:06-Sun-Mar-19-2017 PM10  |  15.14 |  16.41 |  22.18 |  14.08 |I I 
17:06-Sun-Mar-19-2017 PM2.5 |   7.07 |   7.35 |   8.17 |   6.44 |I I 
17:07-Sun-Mar-19-2017 PM10  |  14.77 |  15.87 |  22.18 |  14.08 |I I 
17:07-Sun-Mar-19-2017 PM2.5 |   7.49 |   7.40 |   8.17 |   6.44 |I I 
17:11-Sun-Mar-19-2017 PM10  |  13.94 |  15.38 |  22.18 |  14.08 |I I 
17:11-Sun-Mar-19-2017 PM2.5 |   7.03 |   7.31 |   8.17 |   6.44 |I I 
17:12-Sun-Mar-19-2017 PM10  |  16.73 |  15.65 |  22.18 |  14.08 |I I 
17:12-Sun-Mar-19-2017 PM2.5 |   7.96 |   7.44 |   8.17 |   6.44 |I I 
17:13-Sun-Mar-19-2017 PM10  |  16.73 |  15.83 |  22.18 |  14.08 |I I 
17:13-Sun-Mar-19-2017 PM2.5 |   7.96 |   7.52 |   8.17 |   6.44 |I I 
17:17-Sun-Mar-19-2017 PM10  |  14.67 |  15.67 |  22.18 |  14.08 |I I 
17:17-Sun-Mar-19-2017 PM2.5 |   7.43 |   7.51 |   8.17 |   6.44 |I I 
17:18-Sun-Mar-19-2017 PM10  |  17.51 |  15.90 |  22.18 |  14.08 |I I 
17:18-Sun-Mar-19-2017 PM2.5 |   7.85 |   7.55 |   8.17 |   6.44 |I I 
17:22-Sun-Mar-19-2017 PM10  |  19.69 |  16.32 |  22.18 |  14.08 |I I 
17:22-Sun-Mar-19-2017 PM2.5 |   8.16 |   7.62 |   8.17 |   6.44 |I I 
17:23-Sun-Mar-19-2017 PM10  |  16.46 |  16.33 |  22.18 |  14.08 |I I 
17:23-Sun-Mar-19-2017 PM2.5 |   7.60 |   7.62 |   8.17 |   6.44 |I I 
17:27-Sun-Mar-19-2017 PM10  |  14.54 |  16.17 |  22.18 |  14.08 |I I 
17:27-Sun-Mar-19-2017 PM2.5 |   7.79 |   7.63 |   8.17 |   6.44 |I I 
17:28-Sun-Mar-19-2017 PM10  |  15.22 |  16.09 |  22.18 |  14.08 |I I 
17:28-Sun-Mar-19-2017 PM2.5 |   6.92 |   7.57 |   8.17 |   6.44 |I I 
17:32-Sun-Mar-19-2017 PM10  |  15.05 |  16.01 |  22.18 |  14.08 |I I 
17:32-Sun-Mar-19-2017 PM2.5 |   7.26 |   7.55 |   8.17 |   6.44 |I I 
17:33-Sun-Mar-19-2017 PM10  |  14.46 |  15.90 |  22.18 |  14.08 |I I 
17:33-Sun-Mar-19-2017 PM2.5 |   7.16 |   7.52 |   8.17 |   6.44 |I I 
17:37-Sun-Mar-19-2017 PM10  |  15.37 |  15.87 |  22.18 |  14.08 |I I 
17:37-Sun-Mar-19-2017 PM2.5 |   7.61 |   7.53 |   8.17 |   6.44 |I I 
17:38-Sun-Mar-19-2017 PM10  |  17.37 |  15.96 |  22.18 |  14.08 |I I 
17:38-Sun-Mar-19-2017 PM2.5 |   7.51 |   7.53 |   8.17 |   6.44 |I I 
17:39-Sun-Mar-19-2017 PM10  |  17.37 |  16.04 |  22.18 |  14.08 |I I 
17:39-Sun-Mar-19-2017 PM2.5 |   7.51 |   7.53 |   8.17 |   6.44 |I I 
17:43-Sun-Mar-19-2017 PM10  |  20.92 |  16.31 |  22.18 |  14.08 |I I 
17:43-Sun-Mar-19-2017 PM2.5 |   7.43 |   7.52 |   8.17 |   6.44 |I I 
17:44-Sun-Mar-19-2017 PM10  |  21.77 |  16.60 |  22.18 |  14.08 |I I 
17:44-Sun-Mar-19-2017 PM2.5 |   8.13 |   7.55 |   8.17 |   6.44 |I I 
17:48-Sun-Mar-19-2017 PM10  |  19.22 |  16.73 |  22.18 |  14.08 |I I 
17:48-Sun-Mar-19-2017 PM2.5 |   7.62 |   7.56 |   8.17 |   6.44 |I I 
17:49-Sun-Mar-19-2017 PM10  |  18.24 |  16.80 |  22.18 |  14.08 |I I 
17:49-Sun-Mar-19-2017 PM2.5 |   8.17 |   7.59 |   8.17 |   6.44 |I I 
17:53-Sun-Mar-19-2017 PM10  |  18.12 |  16.86 |  22.18 |  14.08 |I I 
17:53-Sun-Mar-19-2017 PM2.5 |   8.27 |   7.62 |   8.17 |   6.44 |I I 
17:54-Sun-Mar-19-2017 PM10  |  17.15 |  16.88 |  22.18 |  14.08 |I I 
17:54-Sun-Mar-19-2017 PM2.5 |   7.95 |   7.63 |   8.17 |   6.44 |I I 
17:58-Sun-Mar-19-2017 PM10  |  17.68 |  16.91 |  22.18 |  14.08 |I I 
17:58-Sun-Mar-19-2017 PM2.5 |   8.64 |   7.67 |   8.17 |   6.44 |I I 
17:59-Sun-Mar-19-2017 PM10  |  16.55 |  16.90 |  22.18 |  14.08 |I I 
17:59-Sun-Mar-19-2017 PM2.5 |   8.40 |   7.70 |   8.17 |   6.44 |I I 
18:03-Sun-Mar-19-2017 PM10  |  17.46 |  16.92 |  22.18 |  14.08 |I I 
18:03-Sun-Mar-19-2017 PM2.5 |   8.46 |   7.73 |   8.17 |   6.44 |I I 
18:04-Sun-Mar-19-2017 PM10  |  15.45 |  15.45 |  22.18 |  14.08 |I I 
18:04-Sun-Mar-19-2017 PM2.5 |   7.57 |   7.57 |   8.17 |   6.44 |I I 
18:05-Sun-Mar-19-2017 PM10  |  15.45 |  15.45 |  22.18 |  14.08 |I I 
18:05-Sun-Mar-19-2017 PM2.5 |   7.57 |   7.57 |   8.17 |   6.44 |I I 
18:09-Sun-Mar-19-2017 PM10  |  19.42 |  16.77 |  22.18 |  14.08 |I I 
18:09-Sun-Mar-19-2017 PM2.5 |   8.49 |   7.87 |   8.17 |   6.44 |I I 
18:10-Sun-Mar-19-2017 PM10  |  21.95 |  18.07 |  22.18 |  14.08 |I I 
18:10-Sun-Mar-19-2017 PM2.5 |   8.12 |   7.94 |   8.17 |   6.44 |I I 
18:14-Sun-Mar-19-2017 PM10  |  15.70 |  17.59 |  22.18 |  14.08 |I I 
18:14-Sun-Mar-19-2017 PM2.5 |   7.95 |   7.94 |   8.17 |   6.44 |I I 
18:15-Sun-Mar-19-2017 PM10  |  16.86 |  17.47 |  22.18 |  14.08 |I I 
18:15-Sun-Mar-19-2017 PM2.5 |   8.01 |   7.95 |   8.17 |   6.44 |I I 
18:19-Sun-Mar-19-2017 PM10  |  15.79 |  17.23 |  22.18 |  14.08 |I I 
18:19-Sun-Mar-19-2017 PM2.5 |   8.09 |   7.97 |   8.17 |   6.44 |I I 
18:20-Sun-Mar-19-2017 PM10  |  15.99 |  17.08 |  22.18 |  14.08 |I I 
18:20-Sun-Mar-19-2017 PM2.5 |   7.68 |   7.93 |   8.17 |   6.44 |I I 
18:24-Sun-Mar-19-2017 PM10  |  18.86 |  17.27 |  22.18 |  14.08 |I I 
18:24-Sun-Mar-19-2017 PM2.5 |   7.91 |   7.93 |   8.17 |   6.44 |I I 
18:25-Sun-Mar-19-2017 PM10  |  16.12 |  17.16 |  22.18 |  14.08 |I I 
18:25-Sun-Mar-19-2017 PM2.5 |   7.82 |   7.92 |   8.17 |   6.44 |I I 
18:29-Sun-Mar-19-2017 PM10  |  15.79 |  17.03 |  22.18 |  14.08 |I I 
18:29-Sun-Mar-19-2017 PM2.5 |   7.94 |   7.92 |   8.17 |   6.44 |I I 
18:30-Sun-Mar-19-2017 PM10  |  20.24 |  17.30 |  22.18 |  14.08 |I I 
18:30-Sun-Mar-19-2017 PM2.5 |   7.52 |   7.89 |   8.17 |   6.44 |I I 
18:31-Sun-Mar-19-2017 PM10  |  20.24 |  17.53 |  22.18 |  14.08 |I I 
18:31-Sun-Mar-19-2017 PM2.5 |   7.52 |   7.86 |   8.17 |   6.44 |I I 
18:35-Sun-Mar-19-2017 PM10  |  18.22 |  17.58 |  22.18 |  14.08 |I I 
18:35-Sun-Mar-19-2017 PM2.5 |   7.72 |   7.85 |   8.17 |   6.44 |I I 
18:36-Sun-Mar-19-2017 PM10  |  14.48 |  17.37 |  22.18 |  14.08 |I I 
18:36-Sun-Mar-19-2017 PM2.5 |   7.92 |   7.85 |   8.17 |   6.44 |I I 
18:40-Sun-Mar-19-2017 PM10  |  13.89 |  17.15 |  22.18 |  14.08 |I I 
18:40-Sun-Mar-19-2017 PM2.5 |   7.30 |   7.82 |   8.17 |   6.44 |I I 
18:41-Sun-Mar-19-2017 PM10  |  15.90 |  17.08 |  22.18 |  14.08 |I I 
18:41-Sun-Mar-19-2017 PM2.5 |   7.56 |   7.81 |   8.17 |   6.44 |I I 
18:45-Sun-Mar-19-2017 PM10  |  17.52 |  17.10 |  22.18 |  14.08 |I I 
18:45-Sun-Mar-19-2017 PM2.5 |   7.82 |   7.81 |   8.17 |   6.44 |I I 
18:46-Sun-Mar-19-2017 PM10  |  14.02 |  16.94 |  22.18 |  14.08 |I I 
18:46-Sun-Mar-19-2017 PM2.5 |   7.38 |   7.78 |   8.17 |   6.44 |I I 
18:50-Sun-Mar-19-2017 PM10  |  19.73 |  17.08 |  22.18 |  14.08 |I I 
18:50-Sun-Mar-19-2017 PM2.5 |   8.51 |   7.82 |   8.17 |   6.44 |I I 
18:51-Sun-Mar-19-2017 PM10  |  15.65 |  17.01 |  22.18 |  14.08 |I I 
18:51-Sun-Mar-19-2017 PM2.5 |   7.65 |   7.81 |   8.17 |   6.44 |I I 
18:55-Sun-Mar-19-2017 PM10  |  20.11 |  17.15 |  22.18 |  14.08 |I I 
18:55-Sun-Mar-19-2017 PM2.5 |   7.81 |   7.81 |   8.17 |   6.44 |I I 
18:56-Sun-Mar-19-2017 PM10  |  13.16 |  16.98 |  22.18 |  14.08 |I I 
18:56-Sun-Mar-19-2017 PM2.5 |   7.05 |   7.78 |   8.17 |   6.44 |I I 
18:57-Sun-Mar-19-2017 PM10  |  13.16 |  16.82 |  22.18 |  14.08 |I I 
18:57-Sun-Mar-19-2017 PM2.5 |   7.05 |   7.75 |   8.17 |   6.44 |I I 
19:01-Sun-Mar-19-2017 PM10  |  14.61 |  16.73 |  22.18 |  14.08 |I I 
19:01-Sun-Mar-19-2017 PM2.5 |   7.74 |   7.75 |   8.17 |   6.44 |I I 
19:02-Sun-Mar-19-2017 PM10  |  17.13 |  17.13 |  22.18 |  14.08 |I I 
19:02-Sun-Mar-19-2017 PM2.5 |   7.46 |   7.46 |   8.17 |   6.44 |I I 
19:06-Sun-Mar-19-2017 PM10  |  15.54 |  16.34 |  22.18 |  14.08 |I I 
19:06-Sun-Mar-19-2017 PM2.5 |   7.67 |   7.57 |   8.17 |   6.44 |I I 
19:07-Sun-Mar-19-2017 PM10  |  15.08 |  15.92 |  22.18 |  14.08 |I I 
19:07-Sun-Mar-19-2017 PM2.5 |   7.57 |   7.57 |   8.17 |   6.44 |I I 
19:11-Sun-Mar-19-2017 PM10  |  16.08 |  15.96 |  22.18 |  14.08 |I I 
19:11-Sun-Mar-19-2017 PM2.5 |   8.38 |   7.77 |   8.17 |   6.44 |I I 
19:12-Sun-Mar-19-2017 PM10  |  17.72 |  16.31 |  22.18 |  14.08 |I I 
19:12-Sun-Mar-19-2017 PM2.5 |   8.00 |   7.82 |   8.17 |   6.44 |I I 
19:16-Sun-Mar-19-2017 PM10  |  17.99 |  16.59 |  22.18 |  14.08 |I I 
19:16-Sun-Mar-19-2017 PM2.5 |   7.93 |   7.84 |   8.17 |   6.44 |I I 
19:17-Sun-Mar-19-2017 PM10  |  13.73 |  16.18 |  22.18 |  14.08 |I I 
19:17-Sun-Mar-19-2017 PM2.5 |   7.27 |   7.76 |   8.17 |   6.44 |I I 
19:21-Sun-Mar-19-2017 PM10  |  15.78 |  16.13 |  22.18 |  14.08 |I I 
19:21-Sun-Mar-19-2017 PM2.5 |   7.59 |   7.73 |   8.17 |   6.44 |I I 
19:22-Sun-Mar-19-2017 PM10  |  15.11 |  16.02 |  22.18 |  14.08 |I I 
19:22-Sun-Mar-19-2017 PM2.5 |   7.72 |   7.73 |   8.17 |   6.44 |I I 
19:23-Sun-Mar-19-2017 PM10  |  15.11 |  15.93 |  22.18 |  14.08 |I I 
19:23-Sun-Mar-19-2017 PM2.5 |   7.72 |   7.73 |   8.17 |   6.44 |I I 
19:27-Sun-Mar-19-2017 PM10  |  15.07 |  15.85 |  22.18 |  14.08 |I I 
19:27-Sun-Mar-19-2017 PM2.5 |   7.82 |   7.74 |   8.17 |   6.44 |I I 
19:28-Sun-Mar-19-2017 PM10  |  16.80 |  15.93 |  22.18 |  14.08 |I I 
19:28-Sun-Mar-19-2017 PM2.5 |   8.26 |   7.78 |   8.17 |   6.44 |I I 
19:32-Sun-Mar-19-2017 PM10  |  16.49 |  15.97 |  22.18 |  14.08 |I I 
19:32-Sun-Mar-19-2017 PM2.5 |   8.28 |   7.82 |   8.17 |   6.44 |I I 
19:33-Sun-Mar-19-2017 PM10  |  16.45 |  16.01 |  22.18 |  14.08 |I I 
19:33-Sun-Mar-19-2017 PM2.5 |   7.20 |   7.78 |   8.17 |   6.44 |I I 
19:37-Sun-Mar-19-2017 PM10  |  18.49 |  16.17 |  22.18 |  14.08 |I I 
19:37-Sun-Mar-19-2017 PM2.5 |   8.28 |   7.81 |   8.17 |   6.44 |I I 
19:38-Sun-Mar-19-2017 PM10  |  14.29 |  16.05 |  22.18 |  14.08 |I I 
19:38-Sun-Mar-19-2017 PM2.5 |   7.69 |   7.80 |   8.17 |   6.44 |I I 
19:42-Sun-Mar-19-2017 PM10  |  13.88 |  15.93 |  22.18 |  14.08 |I I 
19:42-Sun-Mar-19-2017 PM2.5 |   7.63 |   7.79 |   8.17 |   6.44 |I I 
19:43-Sun-Mar-19-2017 PM10  |  15.38 |  15.90 |  22.18 |  14.08 |I I 
19:43-Sun-Mar-19-2017 PM2.5 |   7.14 |   7.76 |   8.17 |   6.44 |I I 
19:47-Sun-Mar-19-2017 PM10  |  14.66 |  15.83 |  22.18 |  14.08 |I I 
19:47-Sun-Mar-19-2017 PM2.5 |   7.89 |   7.76 |   8.17 |   6.44 |I I 
19:49-Sun-Mar-19-2017 PM10  |  14.27 |  15.75 |  22.18 |  14.08 |I I 
19:49-Sun-Mar-19-2017 PM2.5 |   7.58 |   7.75 |   8.17 |   6.44 |I I 
19:50-Sun-Mar-19-2017 PM10  |  14.27 |  15.68 |  22.18 |  14.08 |I I 
19:50-Sun-Mar-19-2017 PM2.5 |   7.58 |   7.75 |   8.17 |   6.44 |I I 
19:53-Sun-Mar-19-2017 PM10  |  18.71 |  15.82 |  22.18 |  14.08 |I I 
19:53-Sun-Mar-19-2017 PM2.5 |   8.00 |   7.76 |   8.17 |   6.44 |I I 
19:54-Sun-Mar-19-2017 PM10  |  18.71 |  15.95 |  22.18 |  14.08 |I I 
19:54-Sun-Mar-19-2017 PM2.5 |   8.00 |   7.77 |   8.17 |   6.44 |I I 
19:55-Sun-Mar-19-2017 PM10  |  13.52 |  15.84 |  22.18 |  14.08 |I I 
19:55-Sun-Mar-19-2017 PM2.5 |   7.66 |   7.76 |   8.17 |   6.44 |I I 
19:59-Sun-Mar-19-2017 PM10  |  13.72 |  15.76 |  22.18 |  14.08 |I I 
19:59-Sun-Mar-19-2017 PM2.5 |   8.01 |   7.77 |   8.17 |   6.44 |I I 
20:00-Sun-Mar-19-2017 PM10  |  15.69 |  15.76 |  22.18 |  14.08 |I I 
20:00-Sun-Mar-19-2017 PM2.5 |   7.79 |   7.77 |   8.17 |   6.44 |I I 
20:04-Sun-Mar-19-2017 PM10  |  13.83 |  13.83 |  22.18 |  14.08 |I I 
20:04-Sun-Mar-19-2017 PM2.5 |   7.76 |   7.76 |   8.17 |   6.44 |I I 
20:05-Sun-Mar-19-2017 PM10  |  14.91 |  14.37 |  22.18 |  14.08 |I I 
20:05-Sun-Mar-19-2017 PM2.5 |   7.84 |   7.80 |   8.17 |   6.44 |I I 
20:09-Sun-Mar-19-2017 PM10  |  16.89 |  15.21 |  22.18 |  14.08 |I I 
20:09-Sun-Mar-19-2017 PM2.5 |   7.83 |   7.81 |   8.17 |   6.44 |I I 
20:10-Sun-Mar-19-2017 PM10  |  15.89 |  15.38 |  22.18 |  14.08 |I I 
20:10-Sun-Mar-19-2017 PM2.5 |   7.79 |   7.81 |   8.17 |   6.44 |I I 
20:14-Sun-Mar-19-2017 PM10  |  13.98 |  15.10 |  22.18 |  14.08 |I I 
20:14-Sun-Mar-19-2017 PM2.5 |   7.99 |   7.84 |   8.17 |   6.44 |I I 
20:15-Sun-Mar-19-2017 PM10  |  14.28 |  14.96 |  22.18 |  14.08 |I I 
20:15-Sun-Mar-19-2017 PM2.5 |   7.79 |   7.83 |   8.17 |   6.44 |I I 
20:19-Sun-Mar-19-2017 PM10  |  14.91 |  14.96 |  22.18 |  14.08 |I I 
20:19-Sun-Mar-19-2017 PM2.5 |   7.89 |   7.84 |   8.17 |   6.44 |I I 
20:20-Sun-Mar-19-2017 PM10  |  14.91 |  14.95 |  22.18 |  14.08 |I I 
20:20-Sun-Mar-19-2017 PM2.5 |   7.89 |   7.85 |   8.17 |   6.44 |I I 
20:21-Sun-Mar-19-2017 PM10  |  12.78 |  14.71 |  22.18 |  14.08 |I I 
20:21-Sun-Mar-19-2017 PM2.5 |   7.51 |   7.81 |   8.17 |   6.44 |I I 
20:25-Sun-Mar-19-2017 PM10  |  14.42 |  14.68 |  22.18 |  14.08 |I I 
20:25-Sun-Mar-19-2017 PM2.5 |   8.09 |   7.84 |   8.17 |   6.44 |I I 
20:26-Sun-Mar-19-2017 PM10  |  15.39 |  14.74 |  22.18 |  14.08 |I I 
20:26-Sun-Mar-19-2017 PM2.5 |   8.21 |   7.87 |   8.17 |   6.44 |I I 
20:30-Sun-Mar-19-2017 PM10  |  14.78 |  14.75 |  22.18 |  14.08 |I I 
20:30-Sun-Mar-19-2017 PM2.5 |   8.43 |   7.92 |   8.17 |   6.44 |I I 
20:31-Sun-Mar-19-2017 PM10  |  15.86 |  14.83 |  22.18 |  14.08 |I I 
20:31-Sun-Mar-19-2017 PM2.5 |   8.64 |   7.97 |   8.17 |   6.44 |I I 
20:35-Sun-Mar-19-2017 PM10  |  15.81 |  14.90 |  22.18 |  14.08 |I I 
20:35-Sun-Mar-19-2017 PM2.5 |   8.75 |   8.03 |   8.17 |   6.44 |I I 
20:36-Sun-Mar-19-2017 PM10  |  19.45 |  15.21 |  22.18 |  14.08 |I I 
20:36-Sun-Mar-19-2017 PM2.5 |   8.92 |   8.09 |   8.17 |   6.44 |I I 
20:40-Sun-Mar-19-2017 PM10  |  18.03 |  15.38 |  22.18 |  14.08 |I I 
20:40-Sun-Mar-19-2017 PM2.5 |   8.40 |   8.11 |   8.17 |   6.44 |I I 
20:41-Sun-Mar-19-2017 PM10  |  16.94 |  15.47 |  22.18 |  14.08 |I I 
20:41-Sun-Mar-19-2017 PM2.5 |   8.79 |   8.15 |   8.17 |   6.44 |I I 
20:45-Sun-Mar-19-2017 PM10  |  15.29 |  15.46 |  22.18 |  14.08 |I I 
20:45-Sun-Mar-19-2017 PM2.5 |   9.01 |   8.20 |   8.17 |   6.44 |I I 
20:46-Sun-Mar-19-2017 PM10  |  15.29 |  15.45 |  22.18 |  14.08 |I I 
20:46-Sun-Mar-19-2017 PM2.5 |   9.01 |   8.24 |   8.17 |   6.44 |I I 
20:47-Sun-Mar-19-2017 PM10  |  13.88 |  15.38 |  22.18 |  14.08 |I I 
20:47-Sun-Mar-19-2017 PM2.5 |   8.43 |   8.25 |   8.17 |   6.44 |I I 
20:51-Sun-Mar-19-2017 PM10  |  14.86 |  15.35 |  22.18 |  14.08 |I I 
20:51-Sun-Mar-19-2017 PM2.5 |   8.67 |   8.27 |   8.17 |   6.44 |I I 
20:52-Sun-Mar-19-2017 PM10  |  18.39 |  15.49 |  22.18 |  14.08 |I I 
20:52-Sun-Mar-19-2017 PM2.5 |   8.54 |   8.28 |   8.17 |   6.44 |I I 
20:56-Sun-Mar-19-2017 PM10  |  17.45 |  15.57 |  22.18 |  14.08 |I I 
20:56-Sun-Mar-19-2017 PM2.5 |   9.26 |   8.32 |   8.17 |   6.44 |I I 
20:57-Sun-Mar-19-2017 PM10  |  15.02 |  15.55 |  22.18 |  14.08 |I I 
20:57-Sun-Mar-19-2017 PM2.5 |   9.05 |   8.35 |   8.17 |   6.44 |I I 
21:01-Sun-Mar-19-2017 PM10  |  15.53 |  15.55 |  22.18 |  14.08 |I I 
21:01-Sun-Mar-19-2017 PM2.5 |   9.36 |   8.39 |   8.39 |   6.44 |I I 
21:02-Sun-Mar-19-2017 PM10  |  17.07 |  17.07 |  22.18 |  14.08 |I I 
21:02-Sun-Mar-19-2017 PM2.5 |   8.37 |   8.37 |   8.39 |   6.44 |I I 
21:06-Sun-Mar-19-2017 PM10  |  15.62 |  16.35 |  22.18 |  14.08 |I I 
21:06-Sun-Mar-19-2017 PM2.5 |   8.78 |   8.58 |   8.39 |   6.44 |I I 
21:07-Sun-Mar-19-2017 PM10  |  13.96 |  15.55 |  22.18 |  14.08 |I I 
21:07-Sun-Mar-19-2017 PM2.5 |   8.49 |   8.55 |   8.39 |   6.44 |I I 
21:11-Sun-Mar-19-2017 PM10  |  18.23 |  16.22 |  22.18 |  14.08 |I I 
21:11-Sun-Mar-19-2017 PM2.5 |   8.48 |   8.53 |   8.39 |   6.44 |I I 
21:12-Sun-Mar-19-2017 PM10  |  18.23 |  16.62 |  22.18 |  14.08 |I I 
21:12-Sun-Mar-19-2017 PM2.5 |   8.48 |   8.52 |   8.39 |   6.44 |I I 
21:13-Sun-Mar-19-2017 PM10  |  16.20 |  16.55 |  22.18 |  14.08 |I I 
21:13-Sun-Mar-19-2017 PM2.5 |   8.37 |   8.50 |   8.39 |   6.44 |I I 
21:17-Sun-Mar-19-2017 PM10  |  17.70 |  16.72 |  22.18 |  14.08 |I I 
21:17-Sun-Mar-19-2017 PM2.5 |   8.56 |   8.51 |   8.39 |   6.44 |I I 
21:18-Sun-Mar-19-2017 PM10  |  16.05 |  16.63 |  22.18 |  14.08 |I I 
21:18-Sun-Mar-19-2017 PM2.5 |   8.80 |   8.54 |   8.39 |   6.44 |I I 
21:22-Sun-Mar-19-2017 PM10  |  17.53 |  16.73 |  22.18 |  14.08 |I I 
21:22-Sun-Mar-19-2017 PM2.5 |   8.65 |   8.55 |   8.39 |   6.44 |I I 
21:23-Sun-Mar-19-2017 PM10  |  20.85 |  17.15 |  22.18 |  14.08 |I I 
21:23-Sun-Mar-19-2017 PM2.5 |   9.60 |   8.66 |   8.39 |   6.44 |I I 
21:27-Sun-Mar-19-2017 PM10  |  20.00 |  17.40 |  22.18 |  14.08 |I I 
21:27-Sun-Mar-19-2017 PM2.5 |   9.27 |   8.71 |   8.39 |   6.44 |I I 
21:28-Sun-Mar-19-2017 PM10  |  15.42 |  17.24 |  22.18 |  14.08 |I I 
21:28-Sun-Mar-19-2017 PM2.5 |   8.34 |   8.68 |   8.39 |   6.44 |I I 
21:32-Sun-Mar-19-2017 PM10  |  18.06 |  17.30 |  22.18 |  14.08 |I I 
21:32-Sun-Mar-19-2017 PM2.5 |   9.51 |   8.75 |   8.39 |   6.44 |I I 
21:33-Sun-Mar-19-2017 PM10  |  17.26 |  17.30 |  22.18 |  14.08 |I I 
21:33-Sun-Mar-19-2017 PM2.5 |   8.65 |   8.74 |   8.39 |   6.44 |I I 
21:37-Sun-Mar-19-2017 PM10  |  17.31 |  17.30 |  22.18 |  14.08 |I I 
21:37-Sun-Mar-19-2017 PM2.5 |   8.96 |   8.75 |   8.39 |   6.44 |I I 
21:38-Sun-Mar-19-2017 PM10  |  17.31 |  17.30 |  22.18 |  14.08 |I I 
21:38-Sun-Mar-19-2017 PM2.5 |   8.96 |   8.77 |   8.39 |   6.44 |I I 
21:39-Sun-Mar-19-2017 PM10  |  15.89 |  17.22 |  22.18 |  14.08 |I I 
21:39-Sun-Mar-19-2017 PM2.5 |   8.70 |   8.76 |   8.39 |   6.44 |I I 
21:43-Sun-Mar-19-2017 PM10  |  14.64 |  17.07 |  22.18 |  14.08 |I I 
21:43-Sun-Mar-19-2017 PM2.5 |   8.76 |   8.76 |   8.39 |   6.44 |I I 
21:44-Sun-Mar-19-2017 PM10  |  17.47 |  17.09 |  22.18 |  14.08 |I I 
21:44-Sun-Mar-19-2017 PM2.5 |   8.87 |   8.77 |   8.39 |   6.44 |I I 
21:48-Sun-Mar-19-2017 PM10  |  16.82 |  17.08 |  22.18 |  14.08 |I I 
21:48-Sun-Mar-19-2017 PM2.5 |   8.95 |   8.78 |   8.39 |   6.44 |I I 
21:49-Sun-Mar-19-2017 PM10  |  19.94 |  17.22 |  22.18 |  14.08 |I I 
21:49-Sun-Mar-19-2017 PM2.5 |   8.93 |   8.78 |   8.39 |   6.44 |I I 
21:53-Sun-Mar-19-2017 PM10  |  15.74 |  17.15 |  22.18 |  14.08 |I I 
21:53-Sun-Mar-19-2017 PM2.5 |   8.98 |   8.79 |   8.39 |   6.44 |I I 
21:54-Sun-Mar-19-2017 PM10  |  18.39 |  17.20 |  22.18 |  14.08 |I I 
21:54-Sun-Mar-19-2017 PM2.5 |   9.19 |   8.81 |   8.39 |   6.44 |I I 
21:58-Sun-Mar-19-2017 PM10  |  16.85 |  17.19 |  22.18 |  14.08 |I I 
21:58-Sun-Mar-19-2017 PM2.5 |   9.30 |   8.83 |   8.39 |   6.44 |I I 
21:59-Sun-Mar-19-2017 PM10  |  16.13 |  17.15 |  22.18 |  14.08 |I I 
21:59-Sun-Mar-19-2017 PM2.5 |   9.01 |   8.84 |   8.39 |   6.44 |I I 
22:03-Sun-Mar-19-2017 PM10  |  15.68 |  17.09 |  22.18 |  14.08 |I I 
22:03-Sun-Mar-19-2017 PM2.5 |   9.22 |   8.85 |   8.85 |   6.44 |I I 
22:04-Sun-Mar-19-2017 PM10  |  15.68 |  15.68 |  22.18 |  14.08 |I I 
22:04-Sun-Mar-19-2017 PM2.5 |   9.22 |   9.22 |   8.85 |   6.44 |I I 
22:05-Sun-Mar-19-2017 PM10  |  17.10 |  16.39 |  22.18 |  14.08 |I I 
22:05-Sun-Mar-19-2017 PM2.5 |   8.78 |   9.00 |   8.85 |   6.44 |I I 
22:09-Sun-Mar-19-2017Timeout Event handler
22:09-Sun-Mar-19-2017 PM10  |  17.79 |  16.85 |  22.18 |  14.08 |B I 
22:09-Sun-Mar-19-2017 PM2.5 |   8.91 |   8.97 |   8.85 |   6.44 |B I 
22:10-Sun-Mar-19-2017recover dati per host :salvatorehost.no-ip.org/aria
22:10-Sun-Mar-19-2017 PM10  |  23.65 |  18.55 |  22.18 |  14.08 |I I 
22:10-Sun-Mar-19-2017 PM2.5 |   9.33 |   9.06 |   8.85 |   6.44 |I I 
22:14-Sun-Mar-19-2017 PM10  |  22.24 |  19.29 |  22.18 |  14.08 |I I 
22:14-Sun-Mar-19-2017 PM2.5 |   9.61 |   9.17 |   8.85 |   6.44 |I I 
22:15-Sun-Mar-19-2017 PM10  |  16.48 |  18.82 |  22.18 |  14.08 |I I 
22:15-Sun-Mar-19-2017 PM2.5 |   9.32 |   9.20 |   8.85 |   6.44 |I I 
22:19-Sun-Mar-19-2017 PM10  |  18.23 |  18.74 |  22.18 |  14.08 |I I 
22:19-Sun-Mar-19-2017 PM2.5 |   9.84 |   9.29 |   8.85 |   6.44 |I I 
22:20-Sun-Mar-19-2017 PM10  |  21.84 |  19.13 |  22.18 |  14.08 |I I 
22:20-Sun-Mar-19-2017 PM2.5 |   9.33 |   9.29 |   8.85 |   6.44 |I I 
22:24-Sun-Mar-19-2017 PM10  |  22.65 |  19.52 |  22.18 |  14.08 |I I 
22:24-Sun-Mar-19-2017 PM2.5 |   9.57 |   9.32 |   8.85 |   6.44 |I I 
22:25-Sun-Mar-19-2017 PM10  |  21.31 |  19.70 |  22.18 |  14.08 |I I 
22:25-Sun-Mar-19-2017 PM2.5 |   9.25 |   9.32 |   8.85 |   6.44 |I I 
22:29-Sun-Mar-19-2017 PM10  |  18.62 |  19.60 |  22.18 |  14.08 |I I 
22:29-Sun-Mar-19-2017 PM2.5 |   9.71 |   9.35 |   8.85 |   6.44 |I I 
22:30-Sun-Mar-19-2017 PM10  |  18.49 |  19.50 |  22.18 |  14.08 |I I 
22:30-Sun-Mar-19-2017 PM2.5 |   8.97 |   9.32 |   8.85 |   6.44 |I I 
22:32-Sun-Mar-19-2017 PM10  |  18.49 |  19.43 |  22.18 |  14.08 |I I 
22:32-Sun-Mar-19-2017 PM2.5 |   8.97 |   9.29 |   8.85 |   6.44 |I I 
22:36-Sun-Mar-19-2017 PM10  |  18.49 |  19.36 |  22.18 |  14.08 |I I 
22:36-Sun-Mar-19-2017 PM2.5 |   8.86 |   9.26 |   8.85 |   6.44 |I I 
22:37-Sun-Mar-19-2017 PM10  |  19.91 |  19.40 |  22.18 |  14.08 |I I 
22:37-Sun-Mar-19-2017 PM2.5 |   8.60 |   9.22 |   8.85 |   6.44 |I I 
22:41-Sun-Mar-19-2017 PM10  |  17.40 |  19.27 |  22.18 |  14.08 |I I 
22:41-Sun-Mar-19-2017 PM2.5 |   8.61 |   9.18 |   8.85 |   6.44 |I I 
22:42-Sun-Mar-19-2017 PM10  |  17.08 |  19.14 |  22.18 |  14.08 |I I 
22:42-Sun-Mar-19-2017 PM2.5 |   8.77 |   9.16 |   8.85 |   6.44 |I I 
22:46-Sun-Mar-19-2017 PM10  |  22.63 |  19.34 |  22.18 |  14.08 |I I 
22:46-Sun-Mar-19-2017 PM2.5 |   9.34 |   9.17 |   8.85 |   6.44 |I I 
22:47-Sun-Mar-19-2017 PM10  |  16.32 |  19.18 |  22.18 |  14.08 |I I 
22:47-Sun-Mar-19-2017 PM2.5 |   8.71 |   9.14 |   8.85 |   6.44 |I I 
22:51-Sun-Mar-19-2017 PM10  |  15.13 |  18.97 |  22.18 |  14.08 |I I 
22:51-Sun-Mar-19-2017 PM2.5 |   8.73 |   9.12 |   8.85 |   6.44 |I I 
22:52-Sun-Mar-19-2017 PM10  |  16.45 |  18.85 |  22.18 |  14.08 |I I 
22:52-Sun-Mar-19-2017 PM2.5 |   8.87 |   9.11 |   8.85 |   6.44 |I I 
22:56-Sun-Mar-19-2017 PM10  |  18.25 |  18.83 |  22.18 |  14.08 |I I 
22:56-Sun-Mar-19-2017 PM2.5 |   9.24 |   9.12 |   8.85 |   6.44 |I I 
22:57-Sun-Mar-19-2017 PM10  |  16.57 |  18.73 |  22.18 |  14.08 |I I 
22:57-Sun-Mar-19-2017 PM2.5 |   8.81 |   9.10 |   8.85 |   6.44 |I I 
22:58-Sun-Mar-19-2017 PM10  |  16.57 |  18.64 |  22.18 |  14.08 |I I 
22:58-Sun-Mar-19-2017 PM2.5 |   8.81 |   9.09 |   8.85 |   6.44 |I I 
23:02-Sun-Mar-19-2017 PM10  |  18.69 |  18.64 |  22.18 |  14.08 |I I 
23:02-Sun-Mar-19-2017 PM2.5 |   9.70 |   9.11 |   9.11 |   6.44 |I I 
23:03-Sun-Mar-19-2017 PM10  |  20.62 |  20.62 |  22.18 |  14.08 |I I 
23:03-Sun-Mar-19-2017 PM2.5 |   8.99 |   8.99 |   9.11 |   6.44 |I I 
23:07-Sun-Mar-19-2017 PM10  |  18.74 |  19.68 |  22.18 |  14.08 |I I 
23:07-Sun-Mar-19-2017 PM2.5 |  10.07 |   9.53 |   9.11 |   6.44 |I I 
23:08-Sun-Mar-19-2017 PM10  |  16.46 |  18.61 |  22.18 |  14.08 |I I 
23:08-Sun-Mar-19-2017 PM2.5 |   8.90 |   9.32 |   9.11 |   6.44 |I I 
23:12-Sun-Mar-19-2017 PM10  |  18.30 |  18.53 |  22.18 |  14.08 |I I 
23:12-Sun-Mar-19-2017 PM2.5 |   9.48 |   9.36 |   9.11 |   6.44 |I I 
23:13-Sun-Mar-19-2017 PM10  |  18.61 |  18.55 |  22.18 |  14.08 |I I 
23:13-Sun-Mar-19-2017 PM2.5 |   8.97 |   9.28 |   9.11 |   6.44 |I I 
23:17-Sun-Mar-19-2017 PM10  |  18.08 |  18.47 |  22.18 |  14.08 |I I 
23:17-Sun-Mar-19-2017 PM2.5 |   9.36 |   9.29 |   9.11 |   6.44 |I I 
23:18-Sun-Mar-19-2017 PM10  |  17.14 |  18.28 |  22.18 |  14.08 |I I 
23:18-Sun-Mar-19-2017 PM2.5 |   8.94 |   9.24 |   9.11 |   6.44 |I I 
23:22-Sun-Mar-19-2017 PM10  |  16.91 |  18.11 |  22.18 |  14.08 |I I 
23:22-Sun-Mar-19-2017 PM2.5 |   9.15 |   9.23 |   9.11 |   6.44 |I I 
23:23-Sun-Mar-19-2017 PM10  |  17.06 |  17.99 |  22.18 |  14.08 |I I 
23:23-Sun-Mar-19-2017 PM2.5 |   9.14 |   9.22 |   9.11 |   6.44 |I I 
23:24-Sun-Mar-19-2017 PM10  |  17.06 |  17.90 |  22.18 |  14.08 |I I 
23:24-Sun-Mar-19-2017 PM2.5 |   9.14 |   9.21 |   9.11 |   6.44 |I I 
23:28-Sun-Mar-19-2017 PM10  |  17.38 |  17.85 |  22.18 |  14.08 |I I 
23:28-Sun-Mar-19-2017 PM2.5 |   9.78 |   9.27 |   9.11 |   6.44 |I I 
23:29-Sun-Mar-19-2017 PM10  |  17.35 |  17.81 |  22.18 |  14.08 |I I 
23:29-Sun-Mar-19-2017 PM2.5 |   9.29 |   9.27 |   9.11 |   6.44 |I I 
23:33-Sun-Mar-19-2017 PM10  |  16.45 |  17.70 |  22.18 |  14.08 |I I 
23:33-Sun-Mar-19-2017 PM2.5 |   9.13 |   9.26 |   9.11 |   6.44 |I I 
23:34-Sun-Mar-19-2017 PM10  |  18.64 |  17.77 |  22.18 |  14.08 |I I 
23:34-Sun-Mar-19-2017 PM2.5 |   9.34 |   9.26 |   9.11 |   6.44 |I I 
23:38-Sun-Mar-19-2017 PM10  |  19.89 |  17.91 |  22.18 |  14.08 |I I 
23:38-Sun-Mar-19-2017 PM2.5 |   9.81 |   9.30 |   9.11 |   6.44 |I I 
23:39-Sun-Mar-19-2017 PM10  |  20.63 |  18.08 |  22.18 |  14.08 |I I 
23:39-Sun-Mar-19-2017 PM2.5 |   9.57 |   9.32 |   9.11 |   6.44 |I I 
23:43-Sun-Mar-19-2017 PM10  |  21.43 |  18.28 |  22.18 |  14.08 |I I 
23:43-Sun-Mar-19-2017 PM2.5 |   9.87 |   9.35 |   9.11 |   6.44 |I I 
23:44-Sun-Mar-19-2017 PM10  |  24.68 |  18.63 |  22.18 |  14.08 |I I 
23:44-Sun-Mar-19-2017 PM2.5 |  10.25 |   9.40 |   9.11 |   6.44 |I I 
23:48-Sun-Mar-19-2017 PM10  |  22.25 |  18.82 |  22.18 |  14.08 |I I 
23:48-Sun-Mar-19-2017 PM2.5 |   9.91 |   9.43 |   9.11 |   6.44 |I I 
23:49-Sun-Mar-19-2017 PM10  |  20.14 |  18.89 |  22.18 |  14.08 |I I 
23:49-Sun-Mar-19-2017 PM2.5 |   9.29 |   9.42 |   9.11 |   6.44 |I I 
23:50-Sun-Mar-19-2017 PM10  |  20.14 |  18.95 |  22.18 |  14.08 |I I 
23:50-Sun-Mar-19-2017 PM2.5 |   9.29 |   9.41 |   9.11 |   6.44 |I I 
23:54-Sun-Mar-19-2017 PM10  |  19.87 |  18.99 |  22.18 |  14.08 |I I 
23:54-Sun-Mar-19-2017 PM2.5 |   9.71 |   9.43 |   9.11 |   6.44 |I I 
23:55-Sun-Mar-19-2017 PM10  |  18.26 |  18.96 |  22.18 |  14.08 |I I 
23:55-Sun-Mar-19-2017 PM2.5 |   9.53 |   9.43 |   9.11 |   6.44 |I I 
23:59-Sun-Mar-19-2017 PM10  |  18.43 |  18.94 |  22.18 |  14.08 |I I 
23:59-Sun-Mar-19-2017 PM2.5 |   9.82 |   9.45 |   9.11 |   6.44 |I I 
00:00-Mon-Mar-20-2017 PM10  |  17.93 |  18.90 |  22.18 |  14.08 |I I 
