[Sun Mar 12 00:01:00 2017] Report del giorno Sunday March 12 2017 -- INVIATO a centraline@googlegroups.com
00:01-Sun-Mar-12-2017 PM2.5 |   3.40 |   3.70 |   4.22 |   2.13 |I I 
00:05-Sun-Mar-12-2017 PM10  |   6.22 |   6.22 |   0.00 |  2000.00|I I 
00:05-Sun-Mar-12-2017 PM2.5 |   3.49 |   3.49 |   0.00 |  2000.00|I I 
00:06-Sun-Mar-12-2017 PM10  |   7.63 |   6.93 |   0.00 |  2000.00|I I 
00:06-Sun-Mar-12-2017 PM2.5 |   3.58 |   3.54 |   0.00 |  2000.00|I I 
00:10-Sun-Mar-12-2017 PM10  |   7.59 |   7.15 |   0.00 |  2000.00|I I 
00:10-Sun-Mar-12-2017 PM2.5 |   3.59 |   3.55 |   0.00 |  2000.00|I I 
00:11-Sun-Mar-12-2017 PM10  |   5.88 |   6.83 |   0.00 |  2000.00|I I 
00:11-Sun-Mar-12-2017 PM2.5 |   3.49 |   3.54 |   0.00 |  2000.00|I I 
00:15-Sun-Mar-12-2017 PM10  |   7.03 |   6.87 |   0.00 |  2000.00|I I 
00:15-Sun-Mar-12-2017 PM2.5 |   3.75 |   3.58 |   0.00 |  2000.00|I I 
00:16-Sun-Mar-12-2017 PM10  |   7.24 |   6.93 |   0.00 |  2000.00|I I 
00:16-Sun-Mar-12-2017 PM2.5 |   3.44 |   3.56 |   0.00 |  2000.00|I I 
00:17-Sun-Mar-12-2017 PM10  |   7.24 |   6.98 |   0.00 |  2000.00|I I 
00:17-Sun-Mar-12-2017 PM2.5 |   3.44 |   3.54 |   0.00 |  2000.00|I I 
00:21-Sun-Mar-12-2017 PM10  |   8.26 |   7.14 |   0.00 |  2000.00|I I 
00:21-Sun-Mar-12-2017 PM2.5 |   3.73 |   3.56 |   0.00 |  2000.00|I I 
00:22-Sun-Mar-12-2017 PM10  |   7.75 |   7.20 |   0.00 |  2000.00|I I 
00:22-Sun-Mar-12-2017 PM2.5 |   3.58 |   3.57 |   0.00 |  2000.00|I I 
00:26-Sun-Mar-12-2017 PM10  |   6.90 |   7.17 |   0.00 |  2000.00|I I 
00:26-Sun-Mar-12-2017 PM2.5 |   3.66 |   3.57 |   0.00 |  2000.00|I I 
00:27-Sun-Mar-12-2017 PM10  |   7.72 |   7.22 |   0.00 |  2000.00|I I 
00:27-Sun-Mar-12-2017 PM2.5 |   3.46 |   3.56 |   0.00 |  2000.00|I I 
00:31-Sun-Mar-12-2017 PM10  |   6.86 |   7.19 |   0.00 |  2000.00|I I 
00:31-Sun-Mar-12-2017 PM2.5 |   3.78 |   3.58 |   0.00 |  2000.00|I I 
00:32-Sun-Mar-12-2017 PM10  |   7.01 |   7.18 |   0.00 |  2000.00|I I 
00:32-Sun-Mar-12-2017 PM2.5 |   3.65 |   3.59 |   0.00 |  2000.00|I I 
00:36-Sun-Mar-12-2017 PM10  |   8.31 |   7.26 |   0.00 |  2000.00|I I 
00:36-Sun-Mar-12-2017 PM2.5 |   3.56 |   3.59 |   0.00 |  2000.00|I I 
00:37-Sun-Mar-12-2017 PM10  |   7.25 |   7.26 |   0.00 |  2000.00|I I 
00:37-Sun-Mar-12-2017 PM2.5 |   3.35 |   3.57 |   0.00 |  2000.00|I I 
00:41-Sun-Mar-12-2017 PM10  |   7.11 |   7.25 |   0.00 |  2000.00|I I 
00:41-Sun-Mar-12-2017 PM2.5 |   3.42 |   3.56 |   0.00 |  2000.00|I I 
00:42-Sun-Mar-12-2017 PM10  |   8.95 |   7.35 |   0.00 |  2000.00|I I 
00:42-Sun-Mar-12-2017 PM2.5 |   3.67 |   3.57 |   0.00 |  2000.00|I I 
00:43-Sun-Mar-12-2017 PM10  |   8.95 |   7.44 |   0.00 |  2000.00|I I 
00:43-Sun-Mar-12-2017 PM2.5 |   3.67 |   3.57 |   0.00 |  2000.00|I I 
00:47-Sun-Mar-12-2017 PM10  |   6.32 |   7.38 |   0.00 |  2000.00|I I 
00:47-Sun-Mar-12-2017 PM2.5 |   3.27 |   3.56 |   0.00 |  2000.00|I I 
00:48-Sun-Mar-12-2017 PM10  |   9.15 |   7.47 |   0.00 |  2000.00|I I 
00:48-Sun-Mar-12-2017 PM2.5 |   3.52 |   3.55 |   0.00 |  2000.00|I I 
00:52-Sun-Mar-12-2017 PM10  |   8.13 |   7.50 |   0.00 |  2000.00|I I 
00:52-Sun-Mar-12-2017 PM2.5 |   3.83 |   3.57 |   0.00 |  2000.00|I I 
00:53-Sun-Mar-12-2017 PM10  |   6.42 |   7.45 |   0.00 |  2000.00|I I 
00:53-Sun-Mar-12-2017 PM2.5 |   3.27 |   3.55 |   0.00 |  2000.00|I I 
00:57-Sun-Mar-12-2017 PM10  |   7.52 |   7.45 |   0.00 |  2000.00|I I 
00:57-Sun-Mar-12-2017 PM2.5 |   3.68 |   3.56 |   0.00 |  2000.00|I I 
00:58-Sun-Mar-12-2017 PM10  |   8.35 |   7.49 |   0.00 |  2000.00|I I 
00:58-Sun-Mar-12-2017 PM2.5 |   3.65 |   3.56 |   0.00 |  2000.00|I I 
01:02-Sun-Mar-12-2017 PM10  |   5.93 |   7.43 |   7.43 |   7.43 |I I 
01:02-Sun-Mar-12-2017 PM2.5 |   3.64 |   3.57 |   3.57 |   3.57 |I I 
01:03-Sun-Mar-12-2017 PM10  |   8.62 |   8.62 |   7.43 |   7.43 |I I 
01:03-Sun-Mar-12-2017 PM2.5 |   3.44 |   3.44 |   3.57 |   3.57 |I I 
01:07-Sun-Mar-12-2017 PM10  |   8.08 |   8.35 |   7.43 |   7.43 |I I 
01:07-Sun-Mar-12-2017 PM2.5 |   3.50 |   3.47 |   3.57 |   3.57 |I I 
01:08-Sun-Mar-12-2017 PM10  |   5.65 |   7.45 |   7.43 |   7.43 |I I 
01:08-Sun-Mar-12-2017 PM2.5 |   3.50 |   3.48 |   3.57 |   3.57 |I I 
01:13-Sun-Mar-12-2017 PM10  |   7.09 |   7.36 |   7.43 |   7.43 |I I 
01:13-Sun-Mar-12-2017 PM2.5 |   3.58 |   3.51 |   3.57 |   3.57 |I I 
01:14-Sun-Mar-12-2017 PM10  |   7.91 |   7.47 |   7.43 |   7.43 |I I 
01:14-Sun-Mar-12-2017 PM2.5 |   3.48 |   3.50 |   3.57 |   3.57 |I I 
01:18-Sun-Mar-12-2017 PM10  |   7.97 |   7.55 |   7.43 |   7.43 |I I 
01:18-Sun-Mar-12-2017 PM2.5 |   3.59 |   3.52 |   3.57 |   3.57 |I I 
01:19-Sun-Mar-12-2017 PM10  |   6.62 |   7.42 |   7.43 |   7.43 |I I 
01:19-Sun-Mar-12-2017 PM2.5 |   3.36 |   3.49 |   3.57 |   3.57 |I I 
01:23-Sun-Mar-12-2017 PM10  |   5.95 |   7.24 |   7.43 |   7.43 |I I 
01:23-Sun-Mar-12-2017 PM2.5 |   3.42 |   3.48 |   3.57 |   3.57 |I I 
01:24-Sun-Mar-12-2017 PM10  |   4.98 |   6.99 |   7.43 |   7.43 |I I 
01:24-Sun-Mar-12-2017 PM2.5 |   3.13 |   3.45 |   3.57 |   3.57 |I I 
01:28-Sun-Mar-12-2017 PM10  |   9.61 |   7.25 |   7.43 |   7.43 |I I 
01:28-Sun-Mar-12-2017 PM2.5 |   3.37 |   3.44 |   3.57 |   3.57 |I I 
01:29-Sun-Mar-12-2017 PM10  |   6.70 |   7.20 |   7.43 |   7.43 |I I 
01:29-Sun-Mar-12-2017 PM2.5 |   3.47 |   3.44 |   3.57 |   3.57 |I I 
01:33-Sun-Mar-12-2017 PM10  |   5.19 |   7.03 |   7.43 |   7.43 |I I 
01:33-Sun-Mar-12-2017 PM2.5 |   3.21 |   3.42 |   3.57 |   3.57 |I I 
01:34-Sun-Mar-12-2017 PM10  |   5.45 |   6.91 |   7.43 |   7.43 |I I 
01:34-Sun-Mar-12-2017 PM2.5 |   3.26 |   3.41 |   3.57 |   3.57 |I I 
01:38-Sun-Mar-12-2017 PM10  |   5.75 |   6.83 |   7.43 |   7.43 |I I 
01:38-Sun-Mar-12-2017 PM2.5 |   3.35 |   3.41 |   3.57 |   3.57 |I I 
01:39-Sun-Mar-12-2017 PM10  |   5.75 |   6.76 |   7.43 |   7.43 |I I 
01:39-Sun-Mar-12-2017 PM2.5 |   3.35 |   3.40 |   3.57 |   3.57 |I I 
01:40-Sun-Mar-12-2017 PM10  |   8.57 |   6.87 |   7.43 |   7.43 |I I 
01:40-Sun-Mar-12-2017 PM2.5 |   3.45 |   3.40 |   3.57 |   3.57 |I I 
01:44-Sun-Mar-12-2017 PM10  |   5.68 |   6.80 |   7.43 |   7.43 |I I 
01:44-Sun-Mar-12-2017 PM2.5 |   3.23 |   3.39 |   3.57 |   3.57 |I I 
01:45-Sun-Mar-12-2017 PM10  |   6.75 |   6.80 |   7.43 |   7.43 |I I 
01:45-Sun-Mar-12-2017 PM2.5 |   3.38 |   3.39 |   3.57 |   3.57 |I I 
01:49-Sun-Mar-12-2017 PM10  |   6.53 |   6.78 |   7.43 |   7.43 |I I 
01:49-Sun-Mar-12-2017 PM2.5 |   3.48 |   3.40 |   3.57 |   3.57 |I I 
01:50-Sun-Mar-12-2017 PM10  |   5.64 |   6.72 |   7.43 |   7.43 |I I 
01:50-Sun-Mar-12-2017 PM2.5 |   3.36 |   3.40 |   3.57 |   3.57 |I I 
01:54-Sun-Mar-12-2017 PM10  |   7.63 |   6.77 |   7.43 |   7.43 |I I 
01:54-Sun-Mar-12-2017 PM2.5 |   3.52 |   3.40 |   3.57 |   3.57 |I I 
01:55-Sun-Mar-12-2017 PM10  |   6.08 |   6.74 |   7.43 |   7.43 |I I 
01:55-Sun-Mar-12-2017 PM2.5 |   3.20 |   3.39 |   3.57 |   3.57 |I I 
01:59-Sun-Mar-12-2017 PM10  |   6.46 |   6.72 |   7.43 |   7.43 |I I 
01:59-Sun-Mar-12-2017 PM2.5 |   3.51 |   3.40 |   3.57 |   3.57 |I I 
02:00-Sun-Mar-12-2017 PM10  |   5.72 |   6.68 |   7.43 |   6.68 |I I 
02:00-Sun-Mar-12-2017 PM2.5 |   3.19 |   3.39 |   3.57 |   3.39 |I I 
02:04-Sun-Mar-12-2017 PM10  |   6.84 |   6.84 |   7.43 |   6.68 |I I 
02:04-Sun-Mar-12-2017 PM2.5 |   3.36 |   3.36 |   3.57 |   3.39 |I I 
02:05-Sun-Mar-12-2017 PM10  |   6.84 |   6.84 |   7.43 |   6.68 |I I 
02:05-Sun-Mar-12-2017 PM2.5 |   3.36 |   3.36 |   3.57 |   3.39 |I I 
02:06-Sun-Mar-12-2017 PM10  |   5.02 |   6.23 |   7.43 |   6.68 |I I 
02:06-Sun-Mar-12-2017 PM2.5 |   3.13 |   3.28 |   3.57 |   3.39 |I I 
02:10-Sun-Mar-12-2017 PM10  |   4.87 |   5.89 |   7.43 |   6.68 |I I 
02:10-Sun-Mar-12-2017 PM2.5 |   3.28 |   3.28 |   3.57 |   3.39 |I I 
02:11-Sun-Mar-12-2017 PM10  |   5.88 |   5.89 |   7.43 |   6.68 |I I 
02:11-Sun-Mar-12-2017 PM2.5 |   3.44 |   3.31 |   3.57 |   3.39 |I I 
02:15-Sun-Mar-12-2017 PM10  |   5.76 |   5.87 |   7.43 |   6.68 |I I 
02:15-Sun-Mar-12-2017 PM2.5 |   3.32 |   3.32 |   3.57 |   3.39 |I I 
02:16-Sun-Mar-12-2017 PM10  |   7.21 |   6.06 |   7.43 |   6.68 |I I 
02:16-Sun-Mar-12-2017 PM2.5 |   3.35 |   3.32 |   3.57 |   3.39 |I I 
02:20-Sun-Mar-12-2017 PM10  |   6.25 |   6.08 |   7.43 |   6.68 |I I 
02:20-Sun-Mar-12-2017 PM2.5 |   3.48 |   3.34 |   3.57 |   3.39 |I I 
02:21-Sun-Mar-12-2017 PM10  |   5.56 |   6.03 |   7.43 |   6.68 |I I 
02:21-Sun-Mar-12-2017 PM2.5 |   3.05 |   3.31 |   3.57 |   3.39 |I I 
02:25-Sun-Mar-12-2017 PM10  |   6.06 |   6.03 |   7.43 |   6.68 |I I 
02:25-Sun-Mar-12-2017 PM2.5 |   3.19 |   3.30 |   3.57 |   3.39 |I I 
02:26-Sun-Mar-12-2017 PM10  |   5.61 |   5.99 |   7.43 |   6.68 |I I 
02:26-Sun-Mar-12-2017 PM2.5 |   3.23 |   3.29 |   3.57 |   3.39 |I I 
02:30-Sun-Mar-12-2017 PM10  |   5.24 |   5.93 |   7.43 |   6.68 |I I 
02:30-Sun-Mar-12-2017 PM2.5 |   3.33 |   3.29 |   3.57 |   3.39 |I I 
02:31-Sun-Mar-12-2017 PM10  |   5.24 |   5.88 |   7.43 |   6.68 |I I 
02:31-Sun-Mar-12-2017 PM2.5 |   3.33 |   3.30 |   3.57 |   3.39 |I I 
02:32-Sun-Mar-12-2017 PM10  |   4.38 |   5.77 |   7.43 |   6.68 |I I 
02:32-Sun-Mar-12-2017 PM2.5 |   2.82 |   3.26 |   3.57 |   3.39 |I I 
02:37-Sun-Mar-12-2017 PM10  |   5.69 |   5.76 |   7.43 |   6.68 |I I 
02:37-Sun-Mar-12-2017 PM2.5 |   3.25 |   3.26 |   3.57 |   3.39 |I I 
02:38-Sun-Mar-12-2017 PM10  |   5.96 |   5.78 |   7.43 |   6.68 |I I 
02:38-Sun-Mar-12-2017 PM2.5 |   3.05 |   3.25 |   3.57 |   3.39 |I I 
02:42-Sun-Mar-12-2017 PM10  |   5.02 |   5.73 |   7.43 |   6.68 |I I 
02:42-Sun-Mar-12-2017 PM2.5 |   3.23 |   3.25 |   3.57 |   3.39 |I I 
02:43-Sun-Mar-12-2017 PM10  |   5.55 |   5.72 |   7.43 |   6.68 |I I 
02:43-Sun-Mar-12-2017 PM2.5 |   3.08 |   3.24 |   3.57 |   3.39 |I I 
02:47-Sun-Mar-12-2017 PM10  |   5.98 |   5.74 |   7.43 |   6.68 |I I 
02:47-Sun-Mar-12-2017 PM2.5 |   3.15 |   3.23 |   3.57 |   3.39 |I I 
02:48-Sun-Mar-12-2017 PM10  |   5.24 |   5.71 |   7.43 |   6.68 |I I 
02:48-Sun-Mar-12-2017 PM2.5 |   3.09 |   3.23 |   3.57 |   3.39 |I I 
02:52-Sun-Mar-12-2017 PM10  |   6.49 |   5.75 |   7.43 |   6.68 |I I 
02:52-Sun-Mar-12-2017 PM2.5 |   3.01 |   3.22 |   3.57 |   3.39 |I I 
02:53-Sun-Mar-12-2017 PM10  |   5.03 |   5.71 |   7.43 |   6.68 |I I 
02:53-Sun-Mar-12-2017 PM2.5 |   3.37 |   3.22 |   3.57 |   3.39 |I I 
02:57-Sun-Mar-12-2017 PM10  |   5.07 |   5.69 |   7.43 |   6.68 |I I 
02:57-Sun-Mar-12-2017 PM2.5 |   3.11 |   3.22 |   3.57 |   3.39 |I I 
02:58-Sun-Mar-12-2017 PM10  |   5.54 |   5.68 |   7.43 |   6.68 |I I 
02:58-Sun-Mar-12-2017 PM2.5 |   3.16 |   3.22 |   3.57 |   3.39 |I I 
02:59-Sun-Mar-12-2017 PM10  |   5.54 |   5.67 |   7.43 |   6.68 |I I 
02:59-Sun-Mar-12-2017 PM2.5 |   3.16 |   3.21 |   3.57 |   3.39 |I I 
03:03-Sun-Mar-12-2017 PM10  |   5.39 |   5.66 |   7.43 |   5.66 |I I 
03:03-Sun-Mar-12-2017 PM2.5 |   3.28 |   3.22 |   3.57 |   3.22 |I I 
03:04-Sun-Mar-12-2017 PM10  |   5.76 |   5.76 |   7.43 |   5.66 |I I 
03:04-Sun-Mar-12-2017 PM2.5 |   3.16 |   3.16 |   3.57 |   3.22 |I I 
03:08-Sun-Mar-12-2017 PM10  |   5.48 |   5.62 |   7.43 |   5.66 |I I 
03:08-Sun-Mar-12-2017 PM2.5 |   3.14 |   3.15 |   3.57 |   3.22 |I I 
03:09-Sun-Mar-12-2017 PM10  |   5.31 |   5.52 |   7.43 |   5.66 |I I 
03:09-Sun-Mar-12-2017 PM2.5 |   3.26 |   3.19 |   3.57 |   3.22 |I I 
03:13-Sun-Mar-12-2017 PM10  |   5.33 |   5.47 |   7.43 |   5.66 |I I 
03:13-Sun-Mar-12-2017 PM2.5 |   3.15 |   3.18 |   3.57 |   3.22 |I I 
03:14-Sun-Mar-12-2017 PM10  |   7.72 |   5.92 |   7.43 |   5.66 |I I 
03:14-Sun-Mar-12-2017 PM2.5 |   3.24 |   3.19 |   3.57 |   3.22 |I I 
03:18-Sun-Mar-12-2017 PM10  |   4.90 |   5.75 |   7.43 |   5.66 |I I 
03:18-Sun-Mar-12-2017 PM2.5 |   3.16 |   3.19 |   3.57 |   3.22 |I I 
03:19-Sun-Mar-12-2017 PM10  |   5.30 |   5.69 |   7.43 |   5.66 |I I 
03:19-Sun-Mar-12-2017 PM2.5 |   3.36 |   3.21 |   3.57 |   3.22 |I I 
03:23-Sun-Mar-12-2017 PM10  |   6.31 |   5.76 |   7.43 |   5.66 |I I 
03:23-Sun-Mar-12-2017 PM2.5 |   3.18 |   3.21 |   3.57 |   3.22 |I I 
03:24-Sun-Mar-12-2017 PM10  |   5.05 |   5.69 |   7.43 |   5.66 |I I 
03:24-Sun-Mar-12-2017 PM2.5 |   3.14 |   3.20 |   3.57 |   3.22 |I I 
03:25-Sun-Mar-12-2017 PM10  |   5.05 |   5.62 |   7.43 |   5.66 |I I 
03:25-Sun-Mar-12-2017 PM2.5 |   3.14 |   3.20 |   3.57 |   3.22 |I I 
03:29-Sun-Mar-12-2017 PM10  |   4.95 |   5.56 |   7.43 |   5.66 |I I 
03:29-Sun-Mar-12-2017 PM2.5 |   3.04 |   3.18 |   3.57 |   3.22 |I I 
03:30-Sun-Mar-12-2017 PM10  |   4.66 |   5.49 |   7.43 |   5.66 |I I 
03:30-Sun-Mar-12-2017 PM2.5 |   3.03 |   3.17 |   3.57 |   3.22 |I I 
03:34-Sun-Mar-12-2017 PM10  |   6.28 |   5.55 |   7.43 |   5.66 |I I 
03:34-Sun-Mar-12-2017 PM2.5 |   3.13 |   3.17 |   3.57 |   3.22 |I I 
03:35-Sun-Mar-12-2017 PM10  |   5.56 |   5.55 |   7.43 |   5.66 |I I 
03:35-Sun-Mar-12-2017 PM2.5 |   3.26 |   3.17 |   3.57 |   3.22 |I I 
03:39-Sun-Mar-12-2017 PM10  |   5.28 |   5.53 |   7.43 |   5.66 |I I 
03:39-Sun-Mar-12-2017 PM2.5 |   3.23 |   3.18 |   3.57 |   3.22 |I I 
03:40-Sun-Mar-12-2017 PM10  |   5.16 |   5.51 |   7.43 |   5.66 |I I 
03:40-Sun-Mar-12-2017 PM2.5 |   3.23 |   3.18 |   3.57 |   3.22 |I I 
03:44-Sun-Mar-12-2017 PM10  |   4.40 |   5.44 |   7.43 |   5.66 |I I 
03:44-Sun-Mar-12-2017 PM2.5 |   3.03 |   3.17 |   3.57 |   3.22 |I I 
03:45-Sun-Mar-12-2017 PM10  |   5.26 |   5.43 |   7.43 |   5.66 |I I 
03:45-Sun-Mar-12-2017 PM2.5 |   3.24 |   3.17 |   3.57 |   3.22 |I I 
03:49-Sun-Mar-12-2017 PM10  |   4.90 |   5.40 |   7.43 |   5.66 |I I 
03:49-Sun-Mar-12-2017 PM2.5 |   3.05 |   3.17 |   3.57 |   3.22 |I I 
03:50-Sun-Mar-12-2017 PM10  |   4.57 |   5.36 |   7.43 |   5.66 |I I 
03:50-Sun-Mar-12-2017 PM2.5 |   3.05 |   3.16 |   3.57 |   3.22 |I I 
03:51-Sun-Mar-12-2017 PM10  |   4.57 |   5.32 |   7.43 |   5.66 |I I 
03:51-Sun-Mar-12-2017 PM2.5 |   3.05 |   3.16 |   3.57 |   3.22 |I I 
03:55-Sun-Mar-12-2017 PM10  |   5.25 |   5.32 |   7.43 |   5.66 |I I 
03:55-Sun-Mar-12-2017 PM2.5 |   3.30 |   3.16 |   3.57 |   3.22 |I I 
03:56-Sun-Mar-12-2017 PM10  |   5.63 |   5.33 |   7.43 |   5.66 |I I 
03:56-Sun-Mar-12-2017 PM2.5 |   2.87 |   3.15 |   3.57 |   3.22 |I I 
04:00-Sun-Mar-12-2017 PM10  |   6.13 |   5.37 |   7.43 |   5.37 |I I 
04:00-Sun-Mar-12-2017 PM2.5 |   3.21 |   3.15 |   3.57 |   3.15 |I I 
04:01-Sun-Mar-12-2017 PM10  |   4.44 |   4.44 |   7.43 |   5.37 |I I 
04:01-Sun-Mar-12-2017 PM2.5 |   2.76 |   2.76 |   3.57 |   3.15 |I I 
04:05-Sun-Mar-12-2017 PM10  |   5.41 |   4.93 |   7.43 |   5.37 |I I 
04:05-Sun-Mar-12-2017 PM2.5 |   2.91 |   2.83 |   3.57 |   3.15 |I I 
04:06-Sun-Mar-12-2017 PM10  |   5.60 |   5.15 |   7.43 |   5.37 |I I 
04:06-Sun-Mar-12-2017 PM2.5 |   2.99 |   2.89 |   3.57 |   3.15 |I I 
04:10-Sun-Mar-12-2017 PM10  |   5.61 |   5.27 |   7.43 |   5.37 |I I 
04:10-Sun-Mar-12-2017 PM2.5 |   2.86 |   2.88 |   3.57 |   3.15 |I I 
04:11-Sun-Mar-12-2017 PM10  |   4.25 |   5.07 |   7.43 |   5.37 |I I 
04:11-Sun-Mar-12-2017 PM2.5 |   2.84 |   2.87 |   3.57 |   3.15 |I I 
04:15-Sun-Mar-12-2017 PM10  |   4.40 |   4.95 |   7.43 |   5.37 |I I 
04:15-Sun-Mar-12-2017 PM2.5 |   2.93 |   2.88 |   3.57 |   3.15 |I I 
04:16-Sun-Mar-12-2017 PM10  |   4.50 |   4.89 |   7.43 |   5.37 |I I 
04:16-Sun-Mar-12-2017 PM2.5 |   2.88 |   2.88 |   3.57 |   3.15 |I I 
04:20-Sun-Mar-12-2017 PM10  |   4.79 |   4.88 |   7.43 |   5.37 |I I 
04:20-Sun-Mar-12-2017 PM2.5 |   2.80 |   2.87 |   3.57 |   3.15 |I I 
04:21-Sun-Mar-12-2017 PM10  |   4.79 |   4.87 |   7.43 |   5.37 |I I 
04:21-Sun-Mar-12-2017 PM2.5 |   2.80 |   2.86 |   3.57 |   3.15 |I I 
04:22-Sun-Mar-12-2017 PM10  |   3.89 |   4.77 |   7.43 |   5.37 |I I 
04:22-Sun-Mar-12-2017 PM2.5 |   2.74 |   2.85 |   3.57 |   3.15 |I I 
04:26-Sun-Mar-12-2017 PM10  |   4.44 |   4.74 |   7.43 |   5.37 |I I 
04:26-Sun-Mar-12-2017 PM2.5 |   2.93 |   2.86 |   3.57 |   3.15 |I I 
04:27-Sun-Mar-12-2017 PM10  |   5.07 |   4.77 |   7.43 |   5.37 |I I 
04:27-Sun-Mar-12-2017 PM2.5 |   3.18 |   2.88 |   3.57 |   3.15 |I I 
04:31-Sun-Mar-12-2017 PM10  |   4.70 |   4.76 |   7.43 |   5.37 |I I 
04:31-Sun-Mar-12-2017 PM2.5 |   3.28 |   2.92 |   3.57 |   3.15 |I I 
04:32-Sun-Mar-12-2017 PM10  |   6.01 |   4.85 |   7.43 |   5.37 |I I 
04:32-Sun-Mar-12-2017 PM2.5 |   3.50 |   2.96 |   3.57 |   3.15 |I I 
04:36-Sun-Mar-12-2017 PM10  |   6.84 |   4.98 |   7.43 |   5.37 |I I 
04:36-Sun-Mar-12-2017 PM2.5 |   3.87 |   3.02 |   3.57 |   3.15 |I I 
04:37-Sun-Mar-12-2017 PM10  |   6.07 |   5.05 |   7.43 |   5.37 |I I 
04:37-Sun-Mar-12-2017 PM2.5 |   3.54 |   3.05 |   3.57 |   3.15 |I I 
04:41-Sun-Mar-12-2017 PM10  |   6.45 |   5.13 |   7.43 |   5.37 |I I 
04:41-Sun-Mar-12-2017 PM2.5 |   3.89 |   3.10 |   3.57 |   3.15 |I I 
04:42-Sun-Mar-12-2017 PM10  |   7.53 |   5.27 |   7.43 |   5.37 |I I 
04:42-Sun-Mar-12-2017 PM2.5 |   3.83 |   3.14 |   3.57 |   3.15 |I I 
04:46-Sun-Mar-12-2017 PM10  |   7.49 |   5.38 |   7.43 |   5.37 |I I 
04:46-Sun-Mar-12-2017 PM2.5 |   4.09 |   3.19 |   3.57 |   3.15 |I I 
04:47-Sun-Mar-12-2017 PM10  |   7.49 |   5.49 |   7.43 |   5.37 |I I 
04:47-Sun-Mar-12-2017 PM2.5 |   4.09 |   3.23 |   3.57 |   3.15 |I I 
04:48-Sun-Mar-12-2017 PM10  |   6.71 |   5.55 |   7.43 |   5.37 |I I 
04:48-Sun-Mar-12-2017 PM2.5 |   3.88 |   3.27 |   3.57 |   3.15 |I I 
04:52-Sun-Mar-12-2017 PM10  |   5.72 |   5.56 |   7.43 |   5.37 |I I 
04:52-Sun-Mar-12-2017 PM2.5 |   3.88 |   3.29 |   3.57 |   3.15 |I I 
04:53-Sun-Mar-12-2017 PM10  |   6.39 |   5.59 |   7.43 |   5.37 |I I 
04:53-Sun-Mar-12-2017 PM2.5 |   3.91 |   3.32 |   3.57 |   3.15 |I I 
04:57-Sun-Mar-12-2017 PM10  |   7.13 |   5.66 |   7.43 |   5.37 |I I 
04:57-Sun-Mar-12-2017 PM2.5 |   3.92 |   3.34 |   3.57 |   3.15 |I I 
04:58-Sun-Mar-12-2017 PM10  |   6.66 |   5.70 |   7.43 |   5.37 |I I 
04:58-Sun-Mar-12-2017 PM2.5 |   3.74 |   3.36 |   3.57 |   3.15 |I I 
05:02-Sun-Mar-12-2017 PM10  |   7.16 |   5.75 |   7.43 |   5.37 |I I 
05:02-Sun-Mar-12-2017 PM2.5 |   3.83 |   3.38 |   3.57 |   3.15 |I I 
05:03-Sun-Mar-12-2017 PM10  |   8.04 |   8.04 |   7.43 |   5.37 |I I 
05:03-Sun-Mar-12-2017 PM2.5 |   3.82 |   3.82 |   3.57 |   3.15 |I I 
05:07-Sun-Mar-12-2017 PM10  |   5.82 |   6.93 |   7.43 |   5.37 |I I 
05:07-Sun-Mar-12-2017 PM2.5 |   3.89 |   3.85 |   3.57 |   3.15 |I I 
05:08-Sun-Mar-12-2017 PM10  |   6.59 |   6.82 |   7.43 |   5.37 |I I 
05:08-Sun-Mar-12-2017 PM2.5 |   3.55 |   3.75 |   3.57 |   3.15 |I I 
05:12-Sun-Mar-12-2017 PM10  |   5.46 |   6.48 |   7.43 |   5.37 |I I 
05:12-Sun-Mar-12-2017 PM2.5 |   3.47 |   3.68 |   3.57 |   3.15 |I I 
05:13-Sun-Mar-12-2017 PM10  |   5.46 |   6.27 |   7.43 |   5.37 |I I 
05:13-Sun-Mar-12-2017 PM2.5 |   3.47 |   3.64 |   3.57 |   3.15 |I I 
05:14-Sun-Mar-12-2017 PM10  |   5.37 |   6.12 |   7.43 |   5.37 |I I 
05:14-Sun-Mar-12-2017 PM2.5 |   3.57 |   3.63 |   3.57 |   3.15 |I I 
05:18-Sun-Mar-12-2017 PM10  |   5.12 |   5.98 |   7.43 |   5.37 |I I 
05:18-Sun-Mar-12-2017 PM2.5 |   3.44 |   3.60 |   3.57 |   3.15 |I I 
05:20-Sun-Mar-12-2017 PM10  |   5.97 |   5.98 |   7.43 |   5.37 |I I 
05:20-Sun-Mar-12-2017 PM2.5 |   3.65 |   3.61 |   3.57 |   3.15 |I I 
05:24-Sun-Mar-12-2017 PM10  |   6.31 |   6.02 |   7.43 |   5.37 |I I 
05:24-Sun-Mar-12-2017 PM2.5 |   3.81 |   3.63 |   3.57 |   3.15 |I I 
05:25-Sun-Mar-12-2017 PM10  |   6.46 |   6.06 |   7.43 |   5.37 |I I 
05:25-Sun-Mar-12-2017 PM2.5 |   3.86 |   3.65 |   3.57 |   3.15 |I I 
05:29-Sun-Mar-12-2017 PM10  |   6.00 |   6.05 |   7.43 |   5.37 |I I 
05:29-Sun-Mar-12-2017 PM2.5 |   3.67 |   3.65 |   3.57 |   3.15 |I I 
05:30-Sun-Mar-12-2017 PM10  |   7.03 |   6.14 |   7.43 |   5.37 |I I 
05:30-Sun-Mar-12-2017 PM2.5 |   3.58 |   3.65 |   3.57 |   3.15 |I I 
05:34-Sun-Mar-12-2017 PM10  |   7.49 |   6.24 |   7.43 |   5.37 |I I 
05:34-Sun-Mar-12-2017 PM2.5 |   3.81 |   3.66 |   3.57 |   3.15 |I I 
05:35-Sun-Mar-12-2017 PM10  |   6.87 |   6.29 |   7.43 |   5.37 |I I 
05:35-Sun-Mar-12-2017 PM2.5 |   3.71 |   3.66 |   3.57 |   3.15 |I I 
05:39-Sun-Mar-12-2017 PM10  |   6.37 |   6.29 |   7.43 |   5.37 |I I 
05:39-Sun-Mar-12-2017 PM2.5 |   3.70 |   3.67 |   3.57 |   3.15 |I I 
05:40-Sun-Mar-12-2017 PM10  |   6.37 |   6.30 |   7.43 |   5.37 |I I 
05:40-Sun-Mar-12-2017 PM2.5 |   3.70 |   3.67 |   3.57 |   3.15 |I I 
05:41-Sun-Mar-12-2017 PM10  |   6.49 |   6.31 |   7.43 |   5.37 |I I 
05:41-Sun-Mar-12-2017 PM2.5 |   3.72 |   3.67 |   3.57 |   3.15 |I I 
05:45-Sun-Mar-12-2017 PM10  |   6.18 |   6.30 |   7.43 |   5.37 |I I 
05:45-Sun-Mar-12-2017 PM2.5 |   3.75 |   3.68 |   3.57 |   3.15 |I I 
05:46-Sun-Mar-12-2017 PM10  |   5.21 |   6.24 |   7.43 |   5.37 |I I 
05:46-Sun-Mar-12-2017 PM2.5 |   3.49 |   3.67 |   3.57 |   3.15 |I I 
05:50-Sun-Mar-12-2017 PM10  |   5.33 |   6.20 |   7.43 |   5.37 |I I 
05:50-Sun-Mar-12-2017 PM2.5 |   3.54 |   3.66 |   3.57 |   3.15 |I I 
05:51-Sun-Mar-12-2017 PM10  |   6.34 |   6.20 |   7.43 |   5.37 |I I 
05:51-Sun-Mar-12-2017 PM2.5 |   3.77 |   3.67 |   3.57 |   3.15 |I I 
05:55-Sun-Mar-12-2017 PM10  |   6.76 |   6.23 |   7.43 |   5.37 |I I 
05:55-Sun-Mar-12-2017 PM2.5 |   3.77 |   3.67 |   3.57 |   3.15 |I I 
05:56-Sun-Mar-12-2017 PM10  |   7.42 |   6.28 |   7.43 |   5.37 |I I 
05:56-Sun-Mar-12-2017 PM2.5 |   4.22 |   3.69 |   3.57 |   3.15 |I I 
06:00-Sun-Mar-12-2017 PM10  |   6.60 |   6.29 |   7.43 |   5.37 |I I 
06:00-Sun-Mar-12-2017 PM2.5 |   4.00 |   3.71 |   3.71 |   3.15 |I I 
06:01-Sun-Mar-12-2017 PM10  |   6.76 |   6.76 |   7.43 |   5.37 |I I 
06:01-Sun-Mar-12-2017 PM2.5 |   4.12 |   4.12 |   3.71 |   3.15 |I I 
06:05-Sun-Mar-12-2017 PM10  |   6.65 |   6.70 |   7.43 |   5.37 |I I 
06:05-Sun-Mar-12-2017 PM2.5 |   4.20 |   4.16 |   3.71 |   3.15 |I I 
06:06-Sun-Mar-12-2017 PM10  |   8.96 |   7.46 |   7.43 |   5.37 |I I 
06:06-Sun-Mar-12-2017 PM2.5 |   4.05 |   4.12 |   3.71 |   3.15 |I I 
06:07-Sun-Mar-12-2017 PM10  |   8.96 |   7.83 |   7.43 |   5.37 |I I 
06:07-Sun-Mar-12-2017 PM2.5 |   4.05 |   4.11 |   3.71 |   3.15 |I I 
06:11-Sun-Mar-12-2017 PM10  |   7.09 |   7.68 |   7.43 |   5.37 |I I 
06:11-Sun-Mar-12-2017 PM2.5 |   4.31 |   4.15 |   3.71 |   3.15 |I I 
06:12-Sun-Mar-12-2017 PM10  |   9.30 |   7.95 |   7.43 |   5.37 |I I 
06:12-Sun-Mar-12-2017 PM2.5 |   4.45 |   4.20 |   3.71 |   3.15 |I I 
06:16-Sun-Mar-12-2017 PM10  |   8.82 |   8.08 |   7.43 |   5.37 |I I 
06:16-Sun-Mar-12-2017 PM2.5 |   4.28 |   4.21 |   3.71 |   3.15 |I I 
06:17-Sun-Mar-12-2017 PM10  |   6.72 |   7.91 |   7.43 |   5.37 |I I 
06:17-Sun-Mar-12-2017 PM2.5 |   4.18 |   4.21 |   3.71 |   3.15 |I I 
06:21-Sun-Mar-12-2017 PM10  |   6.84 |   7.79 |   7.43 |   5.37 |I I 
06:21-Sun-Mar-12-2017 PM2.5 |   4.14 |   4.20 |   3.71 |   3.15 |I I 
06:22-Sun-Mar-12-2017 PM10  |   7.59 |   7.77 |   7.43 |   5.37 |I I 
06:22-Sun-Mar-12-2017 PM2.5 |   4.21 |   4.20 |   3.71 |   3.15 |I I 
06:26-Sun-Mar-12-2017 PM10  |   7.24 |   7.72 |   7.43 |   5.37 |I I 
06:26-Sun-Mar-12-2017 PM2.5 |   4.15 |   4.19 |   3.71 |   3.15 |I I 
06:27-Sun-Mar-12-2017 PM10  |   8.11 |   7.75 |   7.43 |   5.37 |I I 
06:27-Sun-Mar-12-2017 PM2.5 |   4.27 |   4.20 |   3.71 |   3.15 |I I 
06:31-Sun-Mar-12-2017 PM10  |   7.15 |   7.71 |   7.43 |   5.37 |I I 
06:31-Sun-Mar-12-2017 PM2.5 |   4.11 |   4.19 |   3.71 |   3.15 |I I 
06:32-Sun-Mar-12-2017 PM10  |   6.91 |   7.65 |   7.43 |   5.37 |I I 
06:32-Sun-Mar-12-2017 PM2.5 |   4.01 |   4.18 |   3.71 |   3.15 |I I 
06:33-Sun-Mar-12-2017 PM10  |   6.91 |   7.60 |   7.43 |   5.37 |I I 
06:33-Sun-Mar-12-2017 PM2.5 |   4.01 |   4.17 |   3.71 |   3.15 |I I 
06:37-Sun-Mar-12-2017 PM10  |   7.31 |   7.58 |   7.43 |   5.37 |I I 
06:37-Sun-Mar-12-2017 PM2.5 |   4.20 |   4.17 |   3.71 |   3.15 |I I 
06:38-Sun-Mar-12-2017 PM10  |   7.77 |   7.59 |   7.43 |   5.37 |I I 
06:38-Sun-Mar-12-2017 PM2.5 |   4.13 |   4.17 |   3.71 |   3.15 |I I 
06:42-Sun-Mar-12-2017 PM10  |   5.88 |   7.50 |   7.43 |   5.37 |I I 
06:42-Sun-Mar-12-2017 PM2.5 |   3.75 |   4.15 |   3.71 |   3.15 |I I 
06:43-Sun-Mar-12-2017 PM10  |   7.17 |   7.48 |   7.43 |   5.37 |I I 
06:43-Sun-Mar-12-2017 PM2.5 |   4.17 |   4.15 |   3.71 |   3.15 |I I 
06:47-Sun-Mar-12-2017 PM10  |   6.15 |   7.41 |   7.43 |   5.37 |I I 
06:47-Sun-Mar-12-2017 PM2.5 |   3.97 |   4.14 |   3.71 |   3.15 |I I 
06:48-Sun-Mar-12-2017 PM10  |   7.10 |   7.40 |   7.43 |   5.37 |I I 
06:48-Sun-Mar-12-2017 PM2.5 |   3.90 |   4.13 |   3.71 |   3.15 |I I 
06:52-Sun-Mar-12-2017 PM10  |   6.33 |   7.35 |   7.43 |   5.37 |I I 
06:52-Sun-Mar-12-2017 PM2.5 |   3.88 |   4.12 |   3.71 |   3.15 |I I 
06:53-Sun-Mar-12-2017 PM10  |   7.30 |   7.35 |   7.43 |   5.37 |I I 
06:53-Sun-Mar-12-2017 PM2.5 |   3.99 |   4.11 |   3.71 |   3.15 |I I 
06:57-Sun-Mar-12-2017 PM10  |   7.35 |   7.35 |   7.43 |   5.37 |I I 
06:57-Sun-Mar-12-2017 PM2.5 |   4.38 |   4.12 |   3.71 |   3.15 |I I 
06:58-Sun-Mar-12-2017 PM10  |   9.56 |   7.44 |   7.43 |   5.37 |I I 
06:58-Sun-Mar-12-2017 PM2.5 |   4.01 |   4.12 |   3.71 |   3.15 |I I 
06:59-Sun-Mar-12-2017 PM10  |   9.56 |   7.52 |   7.43 |   5.37 |I I 
06:59-Sun-Mar-12-2017 PM2.5 |   4.01 |   4.11 |   3.71 |   3.15 |I I 
07:03-Sun-Mar-12-2017 PM10  |   9.56 |   7.59 |   7.59 |   5.37 |I I 
07:03-Sun-Mar-12-2017 PM2.5 |   4.39 |   4.12 |   4.12 |   3.15 |I I 
07:04-Sun-Mar-12-2017 PM10  |  12.37 |  12.37 |   7.59 |   5.37 |I I 
07:04-Sun-Mar-12-2017 PM2.5 |   4.45 |   4.45 |   4.12 |   3.15 |I I 
07:08-Sun-Mar-12-2017 PM10  |   7.48 |   9.92 |   7.59 |   5.37 |I I 
07:08-Sun-Mar-12-2017 PM2.5 |   4.16 |   4.30 |   4.12 |   3.15 |I I 
07:09-Sun-Mar-12-2017 PM10  |   6.50 |   8.78 |   7.59 |   5.37 |I I 
07:09-Sun-Mar-12-2017 PM2.5 |   3.90 |   4.17 |   4.12 |   3.15 |I I 
07:13-Sun-Mar-12-2017 PM10  |   6.26 |   8.15 |   7.59 |   5.37 |I I 
07:13-Sun-Mar-12-2017 PM2.5 |   4.06 |   4.14 |   4.12 |   3.15 |I I 
07:14-Sun-Mar-12-2017 PM10  |   7.29 |   7.98 |   7.59 |   5.37 |I I 
07:14-Sun-Mar-12-2017 PM2.5 |   4.09 |   4.13 |   4.12 |   3.15 |I I 
07:18-Sun-Mar-12-2017 PM10  |   7.50 |   7.90 |   7.59 |   5.37 |I I 
07:18-Sun-Mar-12-2017 PM2.5 |   4.30 |   4.16 |   4.12 |   3.15 |I I 
07:19-Sun-Mar-12-2017 PM10  |   8.32 |   7.96 |   7.59 |   5.37 |I I 
07:19-Sun-Mar-12-2017 PM2.5 |   4.28 |   4.18 |   4.12 |   3.15 |I I 
07:23-Sun-Mar-12-2017 PM10  |   8.33 |   8.01 |   7.59 |   5.37 |I I 
07:23-Sun-Mar-12-2017 PM2.5 |   4.14 |   4.17 |   4.12 |   3.15 |I I 
07:24-Sun-Mar-12-2017 PM10  |   7.20 |   7.92 |   7.59 |   5.37 |I I 
07:24-Sun-Mar-12-2017 PM2.5 |   3.82 |   4.13 |   4.12 |   3.15 |I I 
07:25-Sun-Mar-12-2017 PM10  |   7.20 |   7.84 |   7.59 |   5.37 |I I 
07:25-Sun-Mar-12-2017 PM2.5 |   3.82 |   4.10 |   4.12 |   3.15 |I I 
07:29-Sun-Mar-12-2017 PM10  |   7.05 |   7.77 |   7.59 |   5.37 |I I 
07:29-Sun-Mar-12-2017 PM2.5 |   3.93 |   4.09 |   4.12 |   3.15 |I I 
07:30-Sun-Mar-12-2017 PM10  |   6.07 |   7.63 |   7.59 |   5.37 |I I 
07:30-Sun-Mar-12-2017 PM2.5 |   3.88 |   4.07 |   4.12 |   3.15 |I I 
07:34-Sun-Mar-12-2017 PM10  |   6.91 |   7.57 |   7.59 |   5.37 |I I 
07:34-Sun-Mar-12-2017 PM2.5 |   3.96 |   4.06 |   4.12 |   3.15 |I I 
07:35-Sun-Mar-12-2017 PM10  |   7.75 |   7.59 |   7.59 |   5.37 |I I 
07:35-Sun-Mar-12-2017 PM2.5 |   4.08 |   4.06 |   4.12 |   3.15 |I I 
07:39-Sun-Mar-12-2017 PM10  |   7.19 |   7.56 |   7.59 |   5.37 |I I 
07:39-Sun-Mar-12-2017 PM2.5 |   4.08 |   4.06 |   4.12 |   3.15 |I I 
07:40-Sun-Mar-12-2017 PM10  |   7.08 |   7.53 |   7.59 |   5.37 |I I 
07:40-Sun-Mar-12-2017 PM2.5 |   3.92 |   4.05 |   4.12 |   3.15 |I I 
07:44-Sun-Mar-12-2017 PM10  |   7.17 |   7.51 |   7.59 |   5.37 |I I 
07:44-Sun-Mar-12-2017 PM2.5 |   3.89 |   4.04 |   4.12 |   3.15 |I I 
07:45-Sun-Mar-12-2017 PM10  |   6.20 |   7.44 |   7.59 |   5.37 |I I 
07:45-Sun-Mar-12-2017 PM2.5 |   3.57 |   4.02 |   4.12 |   3.15 |I I 
07:49-Sun-Mar-12-2017 PM10  |   7.76 |   7.45 |   7.59 |   5.37 |I I 
07:49-Sun-Mar-12-2017 PM2.5 |   4.14 |   4.02 |   4.12 |   3.15 |I I 
07:50-Sun-Mar-12-2017 PM10  |   6.66 |   7.41 |   7.59 |   5.37 |I I 
07:50-Sun-Mar-12-2017 PM2.5 |   3.81 |   4.01 |   4.12 |   3.15 |I I 
07:54-Sun-Mar-12-2017 PM10  |   6.29 |   7.36 |   7.59 |   5.37 |I I 
07:54-Sun-Mar-12-2017 PM2.5 |   3.68 |   4.00 |   4.12 |   3.15 |I I 
07:55-Sun-Mar-12-2017 PM10  |   6.29 |   7.31 |   7.59 |   5.37 |I I 
07:55-Sun-Mar-12-2017 PM2.5 |   3.68 |   3.98 |   4.12 |   3.15 |I I 
07:56-Sun-Mar-12-2017 PM10  |   5.88 |   7.25 |   7.59 |   5.37 |I I 
07:56-Sun-Mar-12-2017 PM2.5 |   3.80 |   3.98 |   4.12 |   3.15 |I I 
08:00-Sun-Mar-12-2017 PM10  |   5.75 |   7.19 |   7.59 |   5.37 |I I 
08:00-Sun-Mar-12-2017 PM2.5 |   3.60 |   3.96 |   4.12 |   3.15 |I I 
08:01-Sun-Mar-12-2017 PM10  |   7.26 |   7.26 |   7.59 |   5.37 |I I 
08:01-Sun-Mar-12-2017 PM2.5 |   3.69 |   3.69 |   4.12 |   3.15 |I I 
08:06-Sun-Mar-12-2017 PM10  |   8.32 |   7.79 |   7.59 |   5.37 |I I 
08:06-Sun-Mar-12-2017 PM2.5 |   4.11 |   3.90 |   4.12 |   3.15 |I I 
08:07-Sun-Mar-12-2017 PM10  |   9.03 |   8.21 |   7.59 |   5.37 |I I 
08:07-Sun-Mar-12-2017 PM2.5 |   3.74 |   3.85 |   4.12 |   3.15 |I I 
08:11-Sun-Mar-12-2017 PM10  |   6.46 |   7.77 |   7.59 |   5.37 |I I 
08:11-Sun-Mar-12-2017 PM2.5 |   3.86 |   3.85 |   4.12 |   3.15 |I I 
08:12-Sun-Mar-12-2017 PM10  |   5.85 |   7.39 |   7.59 |   5.37 |I I 
08:12-Sun-Mar-12-2017 PM2.5 |   3.65 |   3.81 |   4.12 |   3.15 |I I 
08:16-Sun-Mar-12-2017 PM10  |   5.45 |   7.06 |   7.59 |   5.37 |I I 
08:16-Sun-Mar-12-2017 PM2.5 |   3.67 |   3.79 |   4.12 |   3.15 |I I 
08:17-Sun-Mar-12-2017 PM10  |   6.64 |   7.00 |   7.59 |   5.37 |I I 
08:17-Sun-Mar-12-2017 PM2.5 |   3.85 |   3.79 |   4.12 |   3.15 |I I 
08:21-Sun-Mar-12-2017 PM10  |   6.35 |   6.92 |   7.59 |   5.37 |I I 
08:21-Sun-Mar-12-2017 PM2.5 |   4.03 |   3.82 |   4.12 |   3.15 |I I 
08:22-Sun-Mar-12-2017 PM10  |   6.35 |   6.86 |   7.59 |   5.37 |I I 
08:22-Sun-Mar-12-2017 PM2.5 |   4.03 |   3.85 |   4.12 |   3.15 |I I 
08:23-Sun-Mar-12-2017 PM10  |  10.61 |   7.23 |   7.59 |   5.37 |I I 
08:23-Sun-Mar-12-2017 PM2.5 |   3.97 |   3.86 |   4.12 |   3.15 |I I 
08:27-Sun-Mar-12-2017 PM10  |   8.76 |   7.37 |   7.59 |   5.37 |I I 
08:27-Sun-Mar-12-2017 PM2.5 |   3.93 |   3.87 |   4.12 |   3.15 |I I 
08:28-Sun-Mar-12-2017 PM10  |   7.08 |   7.35 |   7.59 |   5.37 |I I 
08:28-Sun-Mar-12-2017 PM2.5 |   3.97 |   3.87 |   4.12 |   3.15 |I I 
08:32-Sun-Mar-12-2017 PM10  |   7.82 |   7.38 |   7.59 |   5.37 |I I 
08:32-Sun-Mar-12-2017 PM2.5 |   4.17 |   3.90 |   4.12 |   3.15 |I I 
08:33-Sun-Mar-12-2017 PM10  |  12.89 |   7.78 |   7.59 |   5.37 |I I 
08:33-Sun-Mar-12-2017 PM2.5 |   4.07 |   3.91 |   4.12 |   3.15 |I I 
08:37-Sun-Mar-12-2017 PM10  |  13.56 |   8.16 |   7.59 |   5.37 |I I 
08:37-Sun-Mar-12-2017 PM2.5 |   4.21 |   3.93 |   4.12 |   3.15 |I I 
08:38-Sun-Mar-12-2017 PM10  |  14.94 |   8.59 |   7.59 |   5.37 |I I 
08:38-Sun-Mar-12-2017 PM2.5 |   4.24 |   3.95 |   4.12 |   3.15 |I I 
08:42-Sun-Mar-12-2017 PM10  |  13.53 |   8.88 |   7.59 |   5.37 |I I 
08:42-Sun-Mar-12-2017 PM2.5 |   4.30 |   3.97 |   4.12 |   3.15 |I I 
08:43-Sun-Mar-12-2017 PM10  |   8.21 |   8.84 |   7.59 |   5.37 |I I 
08:43-Sun-Mar-12-2017 PM2.5 |   4.20 |   3.98 |   4.12 |   3.15 |I I 
08:47-Sun-Mar-12-2017 PM10  |  11.60 |   8.99 |   7.59 |   5.37 |I I 
08:47-Sun-Mar-12-2017 PM2.5 |   4.35 |   4.00 |   4.12 |   3.15 |I I 
08:48-Sun-Mar-12-2017 PM10  |  11.60 |   9.12 |   7.59 |   5.37 |I I 
08:48-Sun-Mar-12-2017 PM2.5 |   4.35 |   4.02 |   4.12 |   3.15 |I I 
08:49-Sun-Mar-12-2017 PM10  |  11.92 |   9.25 |   7.59 |   5.37 |I I 
08:49-Sun-Mar-12-2017 PM2.5 |   4.32 |   4.03 |   4.12 |   3.15 |I I 
08:53-Sun-Mar-12-2017 PM10  |  10.58 |   9.31 |   7.59 |   5.37 |I I 
08:53-Sun-Mar-12-2017 PM2.5 |   4.37 |   4.05 |   4.12 |   3.15 |I I 
08:54-Sun-Mar-12-2017 PM10  |   8.60 |   9.28 |   7.59 |   5.37 |I I 
08:54-Sun-Mar-12-2017 PM2.5 |   4.12 |   4.05 |   4.12 |   3.15 |I I 
08:58-Sun-Mar-12-2017 PM10  |  14.90 |   9.51 |   7.59 |   5.37 |I I 
08:58-Sun-Mar-12-2017 PM2.5 |   4.39 |   4.07 |   4.12 |   3.15 |I I 
08:59-Sun-Mar-12-2017 PM10  |  11.03 |   9.57 |   7.59 |   5.37 |I I 
08:59-Sun-Mar-12-2017 PM2.5 |   3.71 |   4.05 |   4.12 |   3.15 |I I 
09:03-Sun-Mar-12-2017 PM10  |   8.11 |   9.52 |   9.52 |   5.37 |I I 
09:03-Sun-Mar-12-2017 PM2.5 |   4.29 |   4.06 |   4.12 |   3.15 |I I 
09:04-Sun-Mar-12-2017 PM10  |  11.93 |  11.93 |   9.52 |   5.37 |I I 
09:04-Sun-Mar-12-2017 PM2.5 |   3.99 |   3.99 |   4.12 |   3.15 |I I 
09:08-Sun-Mar-12-2017 PM10  |   8.51 |  10.22 |   9.52 |   5.37 |I I 
09:08-Sun-Mar-12-2017 PM2.5 |   4.24 |   4.11 |   4.12 |   3.15 |I I 
09:09-Sun-Mar-12-2017 PM10  |   7.54 |   9.33 |   9.52 |   5.37 |I I 
09:09-Sun-Mar-12-2017 PM2.5 |   3.94 |   4.06 |   4.12 |   3.15 |I I 
09:13-Sun-Mar-12-2017 PM10  |   7.52 |   8.87 |   9.52 |   5.37 |I I 
09:13-Sun-Mar-12-2017 PM2.5 |   3.84 |   4.00 |   4.12 |   3.15 |I I 
09:14-Sun-Mar-12-2017 PM10  |   8.60 |   8.82 |   9.52 |   5.37 |I I 
09:14-Sun-Mar-12-2017 PM2.5 |   4.07 |   4.01 |   4.12 |   3.15 |I I 
09:15-Sun-Mar-12-2017 PM10  |   8.60 |   8.78 |   9.52 |   5.37 |I I 
09:15-Sun-Mar-12-2017 PM2.5 |   4.07 |   4.02 |   4.12 |   3.15 |I I 
09:19-Sun-Mar-12-2017 PM10  |   6.94 |   8.52 |   9.52 |   5.37 |I I 
09:19-Sun-Mar-12-2017 PM2.5 |   3.73 |   3.98 |   4.12 |   3.15 |I I 
09:20-Sun-Mar-12-2017 PM10  |   7.92 |   8.44 |   9.52 |   5.37 |I I 
09:20-Sun-Mar-12-2017 PM2.5 |   4.02 |   3.99 |   4.12 |   3.15 |I I 
09:24-Sun-Mar-12-2017 PM10  |   8.47 |   8.45 |   9.52 |   5.37 |I I 
09:24-Sun-Mar-12-2017 PM2.5 |   4.19 |   4.01 |   4.12 |   3.15 |I I 
09:25-Sun-Mar-12-2017 PM10  |  10.10 |   8.61 |   9.52 |   5.37 |I I 
09:25-Sun-Mar-12-2017 PM2.5 |   3.95 |   4.00 |   4.12 |   3.15 |I I 
09:29-Sun-Mar-12-2017 PM10  |  10.92 |   8.82 |   9.52 |   5.37 |I I 
09:29-Sun-Mar-12-2017 PM2.5 |   4.45 |   4.04 |   4.12 |   3.15 |I I 
09:30-Sun-Mar-12-2017 PM10  |   9.89 |   8.91 |   9.52 |   5.37 |I I 
09:30-Sun-Mar-12-2017 PM2.5 |   4.14 |   4.05 |   4.12 |   3.15 |I I 
09:34-Sun-Mar-12-2017 PM10  |   9.04 |   8.92 |   9.52 |   5.37 |I I 
09:34-Sun-Mar-12-2017 PM2.5 |   4.15 |   4.06 |   4.12 |   3.15 |I I 
09:35-Sun-Mar-12-2017 PM10  |   9.45 |   8.96 |   9.52 |   5.37 |I I 
09:35-Sun-Mar-12-2017 PM2.5 |   4.08 |   4.06 |   4.12 |   3.15 |I I 
09:39-Sun-Mar-12-2017 PM10  |   9.28 |   8.98 |   9.52 |   5.37 |I I 
09:39-Sun-Mar-12-2017 PM2.5 |   4.15 |   4.07 |   4.12 |   3.15 |I I 
09:40-Sun-Mar-12-2017 PM10  |   9.25 |   9.00 |   9.52 |   5.37 |I I 
09:40-Sun-Mar-12-2017 PM2.5 |   4.55 |   4.10 |   4.12 |   3.15 |I I 
09:41-Sun-Mar-12-2017 PM10  |   9.25 |   9.01 |   9.52 |   5.37 |I I 
09:41-Sun-Mar-12-2017 PM2.5 |   4.55 |   4.12 |   4.12 |   3.15 |I I 
09:45-Sun-Mar-12-2017 PM10  |  10.44 |   9.09 |   9.52 |   5.37 |I I 
09:45-Sun-Mar-12-2017 PM2.5 |   4.38 |   4.14 |   4.12 |   3.15 |I I 
09:46-Sun-Mar-12-2017 PM10  |   8.86 |   9.08 |   9.52 |   5.37 |I I 
09:46-Sun-Mar-12-2017 PM2.5 |   3.86 |   4.12 |   4.12 |   3.15 |I I 
09:50-Sun-Mar-12-2017 PM10  |  10.59 |   9.15 |   9.52 |   5.37 |I I 
09:50-Sun-Mar-12-2017 PM2.5 |   4.12 |   4.12 |   4.12 |   3.15 |I I 
09:51-Sun-Mar-12-2017 PM10  |   8.08 |   9.10 |   9.52 |   5.37 |I I 
09:51-Sun-Mar-12-2017 PM2.5 |   4.39 |   4.14 |   4.12 |   3.15 |I I 
09:55-Sun-Mar-12-2017 PM10  |   7.85 |   9.05 |   9.52 |   5.37 |I I 
09:55-Sun-Mar-12-2017 PM2.5 |   4.25 |   4.14 |   4.12 |   3.15 |I I 
09:56-Sun-Mar-12-2017 PM10  |   7.19 |   8.96 |   9.52 |   5.37 |I I 
09:56-Sun-Mar-12-2017 PM2.5 |   3.71 |   4.12 |   4.12 |   3.15 |I I 
10:00-Sun-Mar-12-2017 PM10  |  10.00 |   9.01 |   9.52 |   5.37 |I I 
10:00-Sun-Mar-12-2017 PM2.5 |   4.07 |   4.12 |   4.12 |   3.15 |I I 
10:01-Sun-Mar-12-2017 PM10  |   8.02 |   8.02 |   9.52 |   5.37 |I I 
10:01-Sun-Mar-12-2017 PM2.5 |   4.08 |   4.08 |   4.12 |   3.15 |I I 
10:05-Sun-Mar-12-2017 PM10  |  11.40 |   9.71 |   9.52 |   5.37 |I I 
10:05-Sun-Mar-12-2017 PM2.5 |   4.09 |   4.08 |   4.12 |   3.15 |I I 
10:06-Sun-Mar-12-2017 PM10  |   9.60 |   9.67 |   9.52 |   5.37 |I I 
10:06-Sun-Mar-12-2017 PM2.5 |   4.30 |   4.15 |   4.12 |   3.15 |I I 
10:10-Sun-Mar-12-2017 PM10  |   8.14 |   9.29 |   9.52 |   5.37 |I I 
10:10-Sun-Mar-12-2017 PM2.5 |   4.19 |   4.16 |   4.12 |   3.15 |I I 
10:11-Sun-Mar-12-2017 PM10  |   8.14 |   9.06 |   9.52 |   5.37 |I I 
10:11-Sun-Mar-12-2017 PM2.5 |   4.19 |   4.17 |   4.12 |   3.15 |I I 
10:12-Sun-Mar-12-2017 PM10  |   9.58 |   9.15 |   9.52 |   5.37 |I I 
10:12-Sun-Mar-12-2017 PM2.5 |   4.25 |   4.18 |   4.12 |   3.15 |I I 
10:16-Sun-Mar-12-2017 PM10  |   9.09 |   9.14 |   9.52 |   5.37 |I I 
10:16-Sun-Mar-12-2017 PM2.5 |   4.42 |   4.22 |   4.12 |   3.15 |I I 
10:17-Sun-Mar-12-2017 PM10  |  10.52 |   9.31 |   9.52 |   5.37 |I I 
10:17-Sun-Mar-12-2017 PM2.5 |   4.75 |   4.28 |   4.12 |   3.15 |I I 
10:21-Sun-Mar-12-2017 PM10  |  11.15 |   9.51 |   9.52 |   5.37 |I I 
10:21-Sun-Mar-12-2017 PM2.5 |   4.72 |   4.33 |   4.12 |   3.15 |I I 
10:22-Sun-Mar-12-2017 PM10  |   8.80 |   9.44 |   9.52 |   5.37 |I I 
10:22-Sun-Mar-12-2017 PM2.5 |   4.45 |   4.35 |   4.12 |   3.15 |I I 
10:26-Sun-Mar-12-2017 PM10  |   9.27 |   9.43 |   9.52 |   5.37 |I I 
10:26-Sun-Mar-12-2017 PM2.5 |   4.25 |   4.34 |   4.12 |   3.15 |I I 
10:28-Sun-Mar-12-2017 PM10  |  13.17 |   9.74 |   9.52 |   5.37 |I I 
10:28-Sun-Mar-12-2017 PM2.5 |   4.53 |   4.35 |   4.12 |   3.15 |I I 
10:32-Sun-Mar-12-2017 PM10  |  12.73 |   9.97 |   9.52 |   5.37 |I I 
10:32-Sun-Mar-12-2017 PM2.5 |   4.45 |   4.36 |   4.12 |   3.15 |I I 
10:33-Sun-Mar-12-2017 PM10  |  12.30 |  10.14 |   9.52 |   5.37 |I I 
10:33-Sun-Mar-12-2017 PM2.5 |   4.72 |   4.39 |   4.12 |   3.15 |I I 
10:37-Sun-Mar-12-2017 PM10  |  11.97 |  10.26 |   9.52 |   5.37 |I I 
10:37-Sun-Mar-12-2017 PM2.5 |   4.99 |   4.43 |   4.12 |   3.15 |I I 
10:38-Sun-Mar-12-2017 PM10  |  13.90 |  10.49 |   9.52 |   5.37 |I I 
10:38-Sun-Mar-12-2017 PM2.5 |   4.51 |   4.43 |   4.12 |   3.15 |I I 
10:39-Sun-Mar-12-2017 PM10  |  13.90 |  10.69 |   9.52 |   5.37 |I I 
10:39-Sun-Mar-12-2017 PM2.5 |   4.51 |   4.44 |   4.12 |   3.15 |I I 
10:43-Sun-Mar-12-2017 PM10  |  12.64 |  10.80 |   9.52 |   5.37 |I I 
10:43-Sun-Mar-12-2017 PM2.5 |   4.30 |   4.43 |   4.12 |   3.15 |I I 
10:44-Sun-Mar-12-2017 PM10  |  10.25 |  10.77 |   9.52 |   5.37 |I I 
10:44-Sun-Mar-12-2017 PM2.5 |   4.17 |   4.41 |   4.12 |   3.15 |I I 
10:48-Sun-Mar-12-2017 PM10  |  11.97 |  10.83 |   9.52 |   5.37 |I I 
10:48-Sun-Mar-12-2017 PM2.5 |   4.58 |   4.42 |   4.12 |   3.15 |I I 
10:49-Sun-Mar-12-2017 PM10  |  15.70 |  11.06 |   9.52 |   5.37 |I I 
10:49-Sun-Mar-12-2017 PM2.5 |   5.34 |   4.47 |   4.12 |   3.15 |I I 
10:53-Sun-Mar-12-2017 PM10  |  11.74 |  11.09 |   9.52 |   5.37 |I I 
10:53-Sun-Mar-12-2017 PM2.5 |   5.73 |   4.52 |   4.12 |   3.15 |I I 
10:54-Sun-Mar-12-2017 PM10  |  25.65 |  11.72 |   9.52 |   5.37 |I I 
10:54-Sun-Mar-12-2017 PM2.5 |   6.30 |   4.60 |   4.12 |   3.15 |I I 
10:58-Sun-Mar-12-2017 PM10  |  23.59 |  12.22 |   9.52 |   5.37 |I I 
10:58-Sun-Mar-12-2017 PM2.5 |   5.95 |   4.66 |   4.12 |   3.15 |I I 
10:59-Sun-Mar-12-2017 PM10  |  20.29 |  12.54 |   9.52 |   5.37 |I I 
10:59-Sun-Mar-12-2017 PM2.5 |   5.28 |   4.68 |   4.12 |   3.15 |I I 
11:03-Sun-Mar-12-2017 PM10  |  18.78 |  12.78 |  12.78 |   5.37 |I I 
11:03-Sun-Mar-12-2017 PM2.5 |   5.68 |   4.72 |   4.72 |   3.15 |I I 
11:04-Sun-Mar-12-2017 PM10  |  14.59 |  14.59 |  12.78 |   5.37 |I I 
11:04-Sun-Mar-12-2017 PM2.5 |   5.06 |   5.06 |   4.72 |   3.15 |I I 
11:05-Sun-Mar-12-2017 PM10  |  14.59 |  14.59 |  12.78 |   5.37 |I I 
11:05-Sun-Mar-12-2017 PM2.5 |   5.06 |   5.06 |   4.72 |   3.15 |I I 
11:08-Sun-Mar-12-2017 PM10  |  15.57 |  14.92 |  12.78 |   5.37 |I I 
11:08-Sun-Mar-12-2017 PM2.5 |   5.26 |   5.13 |   4.72 |   3.15 |I I 
11:09-Sun-Mar-12-2017 PM10  |  15.57 |  15.08 |  12.78 |   5.37 |I I 
11:09-Sun-Mar-12-2017 PM2.5 |   5.26 |   5.16 |   4.72 |   3.15 |I I 
11:10-Sun-Mar-12-2017 PM10  |  11.59 |  14.38 |  12.78 |   5.37 |I I 
11:10-Sun-Mar-12-2017 PM2.5 |   5.06 |   5.14 |   4.72 |   3.15 |I I 
11:14-Sun-Mar-12-2017 PM10  |  12.52 |  14.07 |  12.78 |   5.37 |I I 
11:14-Sun-Mar-12-2017 PM2.5 |   5.15 |   5.14 |   4.72 |   3.15 |I I 
11:15-Sun-Mar-12-2017 PM10  |  16.59 |  14.43 |  12.78 |   5.37 |I I 
11:15-Sun-Mar-12-2017 PM2.5 |   4.92 |   5.11 |   4.72 |   3.15 |I I 
11:19-Sun-Mar-12-2017 PM10  |  18.77 |  14.97 |  12.78 |   5.37 |I I 
11:19-Sun-Mar-12-2017 PM2.5 |   5.18 |   5.12 |   4.72 |   3.15 |I I 
11:20-Sun-Mar-12-2017 PM10  |  14.87 |  14.96 |  12.78 |   5.37 |I I 
11:20-Sun-Mar-12-2017 PM2.5 |   4.76 |   5.08 |   4.72 |   3.15 |I I 
11:24-Sun-Mar-12-2017 PM10  |  13.28 |  14.79 |  12.78 |   5.37 |I I 
11:24-Sun-Mar-12-2017 PM2.5 |   4.64 |   5.03 |   4.72 |   3.15 |I I 
11:25-Sun-Mar-12-2017 PM10  |  15.83 |  14.89 |  12.78 |   5.37 |I I 
11:25-Sun-Mar-12-2017 PM2.5 |   4.86 |   5.02 |   4.72 |   3.15 |I I 
11:29-Sun-Mar-12-2017 PM10  |  15.72 |  14.96 |  12.78 |   5.37 |I I 
11:29-Sun-Mar-12-2017 PM2.5 |   5.18 |   5.03 |   4.72 |   3.15 |I I 
11:30-Sun-Mar-12-2017 PM10  |  13.25 |  14.83 |  12.78 |   5.37 |I I 
11:30-Sun-Mar-12-2017 PM2.5 |   4.69 |   5.01 |   4.72 |   3.15 |I I 
11:34-Sun-Mar-12-2017 PM10  |  14.54 |  14.81 |  12.78 |   5.37 |I I 
11:34-Sun-Mar-12-2017 PM2.5 |   4.64 |   4.98 |   4.72 |   3.15 |I I 
11:35-Sun-Mar-12-2017 PM10  |  15.11 |  14.83 |  12.78 |   5.37 |I I 
11:35-Sun-Mar-12-2017 PM2.5 |   4.97 |   4.98 |   4.72 |   3.15 |I I 
11:36-Sun-Mar-12-2017 PM10  |  15.11 |  14.84 |  12.78 |   5.37 |I I 
11:36-Sun-Mar-12-2017 PM2.5 |   4.97 |   4.98 |   4.72 |   3.15 |I I 
11:40-Sun-Mar-12-2017 PM10  |  15.28 |  14.87 |  12.78 |   5.37 |I I 
11:40-Sun-Mar-12-2017 PM2.5 |   5.27 |   4.99 |   4.72 |   3.15 |I I 
11:41-Sun-Mar-12-2017 PM10  |  31.22 |  15.78 |  12.78 |   5.37 |I I 
11:41-Sun-Mar-12-2017 PM2.5 |   6.05 |   5.05 |   4.72 |   3.15 |I I 
11:45-Sun-Mar-12-2017 PM10  |  19.70 |  15.98 |  12.78 |   5.37 |I I 
11:45-Sun-Mar-12-2017 PM2.5 |   4.97 |   5.05 |   4.72 |   3.15 |I I 
11:46-Sun-Mar-12-2017 PM10  |  16.56 |  16.01 |  12.78 |   5.37 |I I 
11:46-Sun-Mar-12-2017 PM2.5 |   4.50 |   5.02 |   4.72 |   3.15 |I I 
11:50-Sun-Mar-12-2017 PM10  |  18.80 |  16.15 |  12.78 |   5.37 |I I 
11:50-Sun-Mar-12-2017 PM2.5 |   4.69 |   5.01 |   4.72 |   3.15 |I I 
11:51-Sun-Mar-12-2017 PM10  |  17.97 |  16.23 |  12.78 |   5.37 |I I 
11:51-Sun-Mar-12-2017 PM2.5 |   4.74 |   4.99 |   4.72 |   3.15 |I I 
11:55-Sun-Mar-12-2017 PM10  |  13.91 |  16.13 |  12.78 |   5.37 |I I 
11:55-Sun-Mar-12-2017 PM2.5 |   4.67 |   4.98 |   4.72 |   3.15 |I I 
11:56-Sun-Mar-12-2017 PM10  |  14.75 |  16.07 |  12.78 |   5.37 |I I 
11:56-Sun-Mar-12-2017 PM2.5 |   4.18 |   4.95 |   4.72 |   3.15 |I I 
12:00-Sun-Mar-12-2017 PM10  |  16.44 |  16.09 |  16.09 |   5.37 |I I 
12:00-Sun-Mar-12-2017 PM2.5 |   4.60 |   4.93 |   4.93 |   3.15 |I I 
12:01-Sun-Mar-12-2017 PM10  |  16.54 |  16.54 |  16.09 |   5.37 |I I 
12:01-Sun-Mar-12-2017 PM2.5 |   4.64 |   4.64 |   4.93 |   3.15 |I I 
12:02-Sun-Mar-12-2017 PM10  |  16.54 |  16.54 |  16.09 |   5.37 |I I 
12:02-Sun-Mar-12-2017 PM2.5 |   4.64 |   4.64 |   4.93 |   3.15 |I I 
12:06-Sun-Mar-12-2017 PM10  |  15.69 |  16.26 |  16.09 |   5.37 |I I 
12:06-Sun-Mar-12-2017 PM2.5 |   4.89 |   4.72 |   4.93 |   3.15 |I I 
12:07-Sun-Mar-12-2017 PM10  |  11.78 |  15.14 |  16.09 |   5.37 |I I 
12:07-Sun-Mar-12-2017 PM2.5 |   4.52 |   4.67 |   4.93 |   3.15 |I I 
12:11-Sun-Mar-12-2017 PM10  |  17.16 |  15.54 |  16.09 |   5.37 |I I 
12:11-Sun-Mar-12-2017 PM2.5 |   4.79 |   4.69 |   4.93 |   3.15 |I I 
12:12-Sun-Mar-12-2017 PM10  |  15.10 |  15.47 |  16.09 |   5.37 |I I 
12:12-Sun-Mar-12-2017 PM2.5 |   4.75 |   4.70 |   4.93 |   3.15 |I I 
12:16-Sun-Mar-12-2017 PM10  |  13.50 |  15.19 |  16.09 |   5.37 |I I 
12:16-Sun-Mar-12-2017 PM2.5 |   4.39 |   4.66 |   4.93 |   3.15 |I I 
12:17-Sun-Mar-12-2017 PM10  |  16.86 |  15.40 |  16.09 |   5.37 |I I 
12:17-Sun-Mar-12-2017 PM2.5 |   4.58 |   4.65 |   4.93 |   3.15 |I I 
12:21-Sun-Mar-12-2017 PM10  |  17.94 |  15.68 |  16.09 |   5.37 |I I 
12:21-Sun-Mar-12-2017 PM2.5 |   4.77 |   4.66 |   4.93 |   3.15 |I I 
12:22-Sun-Mar-12-2017 PM10  |  11.66 |  15.28 |  16.09 |   5.37 |I I 
12:22-Sun-Mar-12-2017 PM2.5 |   4.19 |   4.61 |   4.93 |   3.15 |I I 
12:26-Sun-Mar-12-2017 PM10  |  12.40 |  15.02 |  16.09 |   5.37 |I I 
12:26-Sun-Mar-12-2017 PM2.5 |   4.58 |   4.61 |   4.93 |   3.15 |I I 
12:27-Sun-Mar-12-2017 PM10  |  13.68 |  14.90 |  16.09 |   5.37 |I I 
12:27-Sun-Mar-12-2017 PM2.5 |   4.04 |   4.56 |   4.93 |   3.15 |I I 
12:28-Sun-Mar-12-2017 PM10  |  13.68 |  14.81 |  16.09 |   5.37 |I I 
12:28-Sun-Mar-12-2017 PM2.5 |   4.04 |   4.52 |   4.93 |   3.15 |I I 
12:31-Sun-Mar-12-2017 PM10  |  15.66 |  14.87 |  16.09 |   5.37 |I I 
12:31-Sun-Mar-12-2017 PM2.5 |   4.38 |   4.51 |   4.93 |   3.15 |I I 
12:32-Sun-Mar-12-2017 PM10  |  15.66 |  14.92 |  16.09 |   5.37 |I I 
12:32-Sun-Mar-12-2017 PM2.5 |   4.38 |   4.50 |   4.93 |   3.15 |I I 
12:33-Sun-Mar-12-2017 PM10  |  12.19 |  14.75 |  16.09 |   5.37 |I I 
12:33-Sun-Mar-12-2017 PM2.5 |   3.98 |   4.47 |   4.93 |   3.15 |I I 
12:37-Sun-Mar-12-2017 PM10  |  11.69 |  14.57 |  16.09 |   5.37 |I I 
12:37-Sun-Mar-12-2017 PM2.5 |   4.09 |   4.45 |   4.93 |   3.15 |I I 
12:38-Sun-Mar-12-2017 PM10  |   9.39 |  14.28 |  16.09 |   5.37 |I I 
12:38-Sun-Mar-12-2017 PM2.5 |   3.98 |   4.42 |   4.93 |   3.15 |I I 
12:43-Sun-Mar-12-2017 PM10  |  11.11 |  14.12 |  16.09 |   5.37 |I I 
12:43-Sun-Mar-12-2017 PM2.5 |   4.12 |   4.41 |   4.93 |   3.15 |I I 
12:44-Sun-Mar-12-2017 PM10  |  10.97 |  13.96 |  16.09 |   5.37 |I I 
12:44-Sun-Mar-12-2017 PM2.5 |   4.15 |   4.39 |   4.93 |   3.15 |I I 
12:48-Sun-Mar-12-2017 PM10  |  14.81 |  14.00 |  16.09 |   5.37 |I I 
12:48-Sun-Mar-12-2017 PM2.5 |   4.57 |   4.40 |   4.93 |   3.15 |I I 
12:49-Sun-Mar-12-2017 PM10  |  11.17 |  13.87 |  16.09 |   5.37 |I I 
12:49-Sun-Mar-12-2017 PM2.5 |   3.81 |   4.38 |   4.93 |   3.15 |I I 
12:53-Sun-Mar-12-2017 PM10  |  11.25 |  13.76 |  16.09 |   5.37 |I I 
12:53-Sun-Mar-12-2017 PM2.5 |   4.02 |   4.36 |   4.93 |   3.15 |I I 
12:54-Sun-Mar-12-2017 PM10  |  12.83 |  13.72 |  16.09 |   5.37 |I I 
12:54-Sun-Mar-12-2017 PM2.5 |   4.15 |   4.35 |   4.93 |   3.15 |I I 
12:58-Sun-Mar-12-2017 PM10  |  10.83 |  13.60 |  16.09 |   5.37 |I I 
12:58-Sun-Mar-12-2017 PM2.5 |   3.87 |   4.33 |   4.93 |   3.15 |I I 
12:59-Sun-Mar-12-2017 PM10  |  10.83 |  13.50 |  16.09 |   5.37 |I I 
12:59-Sun-Mar-12-2017 PM2.5 |   3.87 |   4.32 |   4.93 |   3.15 |I I 
13:00-Sun-Mar-12-2017 PM10  |   9.06 |  13.33 |  16.09 |   5.37 |I I 
13:00-Sun-Mar-12-2017 PM2.5 |   4.11 |   4.31 |   4.93 |   3.15 |I I 
13:04-Sun-Mar-12-2017 PM10  |  10.82 |  10.82 |  16.09 |   5.37 |I I 
13:04-Sun-Mar-12-2017 PM2.5 |   4.05 |   4.05 |   4.93 |   3.15 |I I 
13:05-Sun-Mar-12-2017 PM10  |   9.60 |  10.21 |  16.09 |   5.37 |I I 
13:05-Sun-Mar-12-2017 PM2.5 |   3.93 |   3.99 |   4.93 |   3.15 |I I 
13:09-Sun-Mar-12-2017 PM10  |  11.93 |  10.78 |  16.09 |   5.37 |I I 
13:09-Sun-Mar-12-2017 PM2.5 |   3.99 |   3.99 |   4.93 |   3.15 |I I 
13:10-Sun-Mar-12-2017 PM10  |  10.43 |  10.69 |  16.09 |   5.37 |I I 
13:10-Sun-Mar-12-2017 PM2.5 |   4.00 |   3.99 |   4.93 |   3.15 |I I 
13:14-Sun-Mar-12-2017 PM10  |  10.14 |  10.58 |  16.09 |   5.37 |I I 
13:14-Sun-Mar-12-2017 PM2.5 |   3.91 |   3.98 |   4.93 |   3.15 |I I 
13:15-Sun-Mar-12-2017 PM10  |  10.06 |  10.49 |  16.09 |   5.37 |I I 
13:15-Sun-Mar-12-2017 PM2.5 |   3.81 |   3.95 |   4.93 |   3.15 |I I 
13:19-Sun-Mar-12-2017 PM10  |   8.46 |  10.20 |  16.09 |   5.37 |I I 
13:19-Sun-Mar-12-2017 PM2.5 |   3.91 |   3.94 |   4.93 |   3.15 |I I 
13:20-Sun-Mar-12-2017 PM10  |  10.18 |  10.20 |  16.09 |   5.37 |I I 
13:20-Sun-Mar-12-2017 PM2.5 |   3.90 |   3.94 |   4.93 |   3.15 |I I 
13:24-Sun-Mar-12-2017 PM10  |  10.90 |  10.28 |  16.09 |   5.37 |I I 
13:24-Sun-Mar-12-2017 PM2.5 |   3.82 |   3.92 |   4.93 |   3.15 |I I 
13:25-Sun-Mar-12-2017 PM10  |  10.90 |  10.34 |  16.09 |   5.37 |I I 
13:25-Sun-Mar-12-2017 PM2.5 |   3.82 |   3.91 |   4.93 |   3.15 |I I 
13:26-Sun-Mar-12-2017 PM10  |   7.16 |  10.05 |  16.09 |   5.37 |I I 
13:26-Sun-Mar-12-2017 PM2.5 |   3.71 |   3.90 |   4.93 |   3.15 |I I 
13:30-Sun-Mar-12-2017 PM10  |   8.94 |   9.96 |  16.09 |   5.37 |I I 
13:30-Sun-Mar-12-2017 PM2.5 |   3.95 |   3.90 |   4.93 |   3.15 |I I 
13:31-Sun-Mar-12-2017 PM10  |   9.30 |   9.91 |  16.09 |   5.37 |I I 
13:31-Sun-Mar-12-2017 PM2.5 |   4.07 |   3.91 |   4.93 |   3.15 |I I 
13:35-Sun-Mar-12-2017 PM10  |   7.29 |   9.72 |  16.09 |   5.37 |I I 
13:35-Sun-Mar-12-2017 PM2.5 |   4.09 |   3.93 |   4.93 |   3.15 |I I 
13:36-Sun-Mar-12-2017 PM10  |  11.59 |   9.85 |  16.09 |   5.37 |I I 
13:36-Sun-Mar-12-2017 PM2.5 |   4.07 |   3.94 |   4.93 |   3.15 |I I 
13:40-Sun-Mar-12-2017 PM10  |  20.91 |  10.54 |  16.09 |   5.37 |I I 
13:40-Sun-Mar-12-2017 PM2.5 |   5.43 |   4.03 |   4.93 |   3.15 |I I 
13:41-Sun-Mar-12-2017 PM10  |  21.10 |  11.16 |  16.09 |   5.37 |I I 
13:41-Sun-Mar-12-2017 PM2.5 |   5.06 |   4.09 |   4.93 |   3.15 |I I 
13:45-Sun-Mar-12-2017 PM10  |  22.50 |  11.79 |  16.09 |   5.37 |I I 
13:45-Sun-Mar-12-2017 PM2.5 |   4.85 |   4.13 |   4.93 |   3.15 |I I 
13:46-Sun-Mar-12-2017 PM10  |  11.67 |  11.78 |  16.09 |   5.37 |I I 
13:46-Sun-Mar-12-2017 PM2.5 |   4.54 |   4.15 |   4.93 |   3.15 |I I 
13:50-Sun-Mar-12-2017 PM10  |  14.40 |  11.91 |  16.09 |   5.37 |I I 
13:50-Sun-Mar-12-2017 PM2.5 |   4.93 |   4.19 |   4.93 |   3.15 |I I 
13:51-Sun-Mar-12-2017 PM10  |  26.58 |  12.61 |  16.09 |   5.37 |I I 
13:51-Sun-Mar-12-2017 PM2.5 |   5.15 |   4.24 |   4.93 |   3.15 |I I 
13:52-Sun-Mar-12-2017 PM10  |  26.58 |  13.25 |  16.09 |   5.37 |I I 
13:52-Sun-Mar-12-2017 PM2.5 |   5.15 |   4.28 |   4.93 |   3.15 |I I 
13:56-Sun-Mar-12-2017 PM10  |  19.59 |  13.52 |  16.09 |   5.37 |I I 
13:56-Sun-Mar-12-2017 PM2.5 |   4.77 |   4.30 |   4.93 |   3.15 |I I 
13:57-Sun-Mar-12-2017 PM10  |  14.85 |  13.58 |  16.09 |   5.37 |I I 
13:57-Sun-Mar-12-2017 PM2.5 |   4.28 |   4.30 |   4.93 |   3.15 |I I 
14:01-Sun-Mar-12-2017 PM10  |  12.24 |  13.52 |  16.09 |   5.37 |I I 
14:01-Sun-Mar-12-2017 PM2.5 |   4.74 |   4.32 |   4.93 |   3.15 |I I 
14:02-Sun-Mar-12-2017 PM10  |  12.22 |  12.22 |  16.09 |   5.37 |I I 
14:02-Sun-Mar-12-2017 PM2.5 |   4.01 |   4.01 |   4.93 |   3.15 |I I 
14:06-Sun-Mar-12-2017 PM10  |  14.12 |  13.17 |  16.09 |   5.37 |I I 
14:06-Sun-Mar-12-2017 PM2.5 |   4.33 |   4.17 |   4.93 |   3.15 |I I 
14:07-Sun-Mar-12-2017 PM10  |  10.79 |  12.38 |  16.09 |   5.37 |I I 
14:07-Sun-Mar-12-2017 PM2.5 |   4.23 |   4.19 |   4.93 |   3.15 |I I 
14:11-Sun-Mar-12-2017 PM10  |  11.79 |  12.23 |  16.09 |   5.37 |I I 
14:11-Sun-Mar-12-2017 PM2.5 |   4.17 |   4.19 |   4.93 |   3.15 |I I 
14:12-Sun-Mar-12-2017 PM10  |  12.60 |  12.30 |  16.09 |   5.37 |I I 
14:12-Sun-Mar-12-2017 PM2.5 |   4.10 |   4.17 |   4.93 |   3.15 |I I 
14:16-Sun-Mar-12-2017 PM10  |  16.07 |  12.93 |  16.09 |   5.37 |I I 
14:16-Sun-Mar-12-2017 PM2.5 |   4.28 |   4.19 |   4.93 |   3.15 |I I 
14:17-Sun-Mar-12-2017 PM10  |   7.82 |  12.20 |  16.09 |   5.37 |I I 
14:17-Sun-Mar-12-2017 PM2.5 |   3.76 |   4.13 |   4.93 |   3.15 |I I 
14:18-Sun-Mar-12-2017 PM10  |   7.82 |  11.65 |  16.09 |   5.37 |I I 
14:18-Sun-Mar-12-2017 PM2.5 |   3.76 |   4.08 |   4.93 |   3.15 |I I 
14:22-Sun-Mar-12-2017 PM10  |  10.46 |  11.52 |  16.09 |   5.37 |I I 
14:22-Sun-Mar-12-2017 PM2.5 |   3.96 |   4.07 |   4.93 |   3.15 |I I 
14:23-Sun-Mar-12-2017 PM10  |  10.25 |  11.39 |  16.09 |   5.37 |I I 
14:23-Sun-Mar-12-2017 PM2.5 |   3.81 |   4.04 |   4.93 |   3.15 |I I 
14:27-Sun-Mar-12-2017 PM10  |  11.38 |  11.39 |  16.09 |   5.37 |I I 
14:27-Sun-Mar-12-2017 PM2.5 |   3.99 |   4.04 |   4.93 |   3.15 |I I 
14:28-Sun-Mar-12-2017 PM10  |  10.92 |  11.35 |  16.09 |   5.37 |I I 
14:28-Sun-Mar-12-2017 PM2.5 |   4.12 |   4.04 |   4.93 |   3.15 |I I 
14:32-Sun-Mar-12-2017 PM10  |  10.33 |  11.27 |  16.09 |   5.37 |I I 
14:32-Sun-Mar-12-2017 PM2.5 |   3.98 |   4.04 |   4.93 |   3.15 |I I 
14:33-Sun-Mar-12-2017 PM10  |  16.98 |  11.68 |  16.09 |   5.37 |I I 
14:33-Sun-Mar-12-2017 PM2.5 |   4.25 |   4.05 |   4.93 |   3.15 |I I 
14:37-Sun-Mar-12-2017 PM10  |  11.03 |  11.64 |  16.09 |   5.37 |I I 
14:37-Sun-Mar-12-2017 PM2.5 |   4.38 |   4.08 |   4.93 |   3.15 |I I 
14:38-Sun-Mar-12-2017 PM10  |  14.79 |  11.84 |  16.09 |   5.37 |I I 
14:38-Sun-Mar-12-2017 PM2.5 |   4.03 |   4.07 |   4.93 |   3.15 |I I 
14:42-Sun-Mar-12-2017 PM10  |  12.28 |  11.86 |  16.09 |   5.37 |I I 
14:42-Sun-Mar-12-2017 PM2.5 |   4.17 |   4.08 |   4.93 |   3.15 |I I 
14:43-Sun-Mar-12-2017 PM10  |  14.54 |  12.01 |  16.09 |   5.37 |I I 
14:43-Sun-Mar-12-2017 PM2.5 |   3.79 |   4.06 |   4.93 |   3.15 |I I 
14:44-Sun-Mar-12-2017 PM10  |  14.54 |  12.14 |  16.09 |   5.37 |I I 
14:44-Sun-Mar-12-2017 PM2.5 |   3.79 |   4.05 |   4.93 |   3.15 |I I 
14:47-Sun-Mar-12-2017 PM10  |  12.99 |  12.19 |  16.09 |   5.37 |I I 
14:47-Sun-Mar-12-2017 PM2.5 |   4.11 |   4.05 |   4.93 |   3.15 |I I 
14:48-Sun-Mar-12-2017 PM10  |  12.99 |  12.22 |  16.09 |   5.37 |I I 
14:48-Sun-Mar-12-2017 PM2.5 |   4.11 |   4.05 |   4.93 |   3.15 |I I 
14:49-Sun-Mar-12-2017 PM10  |  13.81 |  12.30 |  16.09 |   5.37 |I I 
14:49-Sun-Mar-12-2017 PM2.5 |   3.97 |   4.05 |   4.93 |   3.15 |I I 
14:53-Sun-Mar-12-2017 PM10  |  11.89 |  12.28 |  16.09 |   5.37 |I I 
14:53-Sun-Mar-12-2017 PM2.5 |   3.89 |   4.04 |   4.93 |   3.15 |I I 
14:54-Sun-Mar-12-2017 PM10  |   8.40 |  12.12 |  16.09 |   5.37 |I I 
14:54-Sun-Mar-12-2017 PM2.5 |   3.59 |   4.02 |   4.93 |   3.15 |I I 
14:58-Sun-Mar-12-2017 PM10  |  10.16 |  12.04 |  16.09 |   5.37 |I I 
14:58-Sun-Mar-12-2017 PM2.5 |   4.14 |   4.03 |   4.93 |   3.15 |I I 
14:59-Sun-Mar-12-2017 PM10  |   8.92 |  11.92 |  16.09 |   5.37 |I I 
14:59-Sun-Mar-12-2017 PM2.5 |   3.84 |   4.02 |   4.93 |   3.15 |I I 
15:03-Sun-Mar-12-2017 PM10  |   9.09 |  11.81 |  16.09 |   5.37 |I I 
15:03-Sun-Mar-12-2017 PM2.5 |   4.03 |   4.02 |   4.93 |   3.15 |I I 
15:04-Sun-Mar-12-2017 PM10  |  10.49 |  10.49 |  16.09 |   5.37 |I I 
15:04-Sun-Mar-12-2017 PM2.5 |   3.79 |   3.79 |   4.93 |   3.15 |I I 
15:08-Sun-Mar-12-2017 PM10  |   8.76 |   9.62 |  16.09 |   5.37 |I I 
15:08-Sun-Mar-12-2017 PM2.5 |   4.10 |   3.94 |   4.93 |   3.15 |I I 
15:09-Sun-Mar-12-2017 PM10  |   9.12 |   9.46 |  16.09 |   5.37 |I I 
15:09-Sun-Mar-12-2017 PM2.5 |   3.86 |   3.92 |   4.93 |   3.15 |I I 
15:14-Sun-Mar-12-2017 PM10  |   9.86 |   9.56 |  16.09 |   5.37 |I I 
15:14-Sun-Mar-12-2017 PM2.5 |   3.95 |   3.93 |   4.93 |   3.15 |I I 
15:15-Sun-Mar-12-2017 PM10  |   9.86 |   9.62 |  16.09 |   5.37 |I I 
15:15-Sun-Mar-12-2017 PM2.5 |   3.95 |   3.93 |   4.93 |   3.15 |I I 
15:16-Sun-Mar-12-2017 PM10  |   6.14 |   9.04 |  16.09 |   5.37 |I I 
15:16-Sun-Mar-12-2017 PM2.5 |   3.73 |   3.90 |   4.93 |   3.15 |I I 
15:20-Sun-Mar-12-2017 PM10  |   8.60 |   8.98 |  16.09 |   5.37 |I I 
15:20-Sun-Mar-12-2017 PM2.5 |   3.84 |   3.89 |   4.93 |   3.15 |I I 
15:21-Sun-Mar-12-2017 PM10  |  12.95 |   9.47 |  16.09 |   5.37 |I I 
15:21-Sun-Mar-12-2017 PM2.5 |   3.98 |   3.90 |   4.93 |   3.15 |I I 
15:25-Sun-Mar-12-2017 PM10  |   9.09 |   9.43 |  16.09 |   5.37 |I I 
15:25-Sun-Mar-12-2017 PM2.5 |   3.88 |   3.90 |   4.93 |   3.15 |I I 
15:26-Sun-Mar-12-2017 PM10  |   9.05 |   9.39 |  16.09 |   5.37 |I I 
15:26-Sun-Mar-12-2017 PM2.5 |   3.68 |   3.88 |   4.93 |   3.15 |I I 
15:30-Sun-Mar-12-2017 PM10  |   8.27 |   9.29 |  16.09 |   5.37 |I I 
15:30-Sun-Mar-12-2017 PM2.5 |   3.77 |   3.87 |   4.93 |   3.15 |I I 
15:31-Sun-Mar-12-2017 PM10  |   7.40 |   9.13 |  16.09 |   5.37 |I I 
15:31-Sun-Mar-12-2017 PM2.5 |   3.58 |   3.84 |   4.93 |   3.15 |I I 
15:35-Sun-Mar-12-2017 PM10  |   8.69 |   9.10 |  16.09 |   5.37 |I I 
15:35-Sun-Mar-12-2017 PM2.5 |   3.91 |   3.85 |   4.93 |   3.15 |I I 
15:36-Sun-Mar-12-2017 PM10  |  10.43 |   9.19 |  16.09 |   5.37 |I I 
15:36-Sun-Mar-12-2017 PM2.5 |   3.67 |   3.83 |   4.93 |   3.15 |I I 
15:40-Sun-Mar-12-2017 PM10  |   9.04 |   9.18 |  16.09 |   5.37 |I I 
15:40-Sun-Mar-12-2017 PM2.5 |   3.84 |   3.83 |   4.93 |   3.15 |I I 
15:41-Sun-Mar-12-2017 PM10  |   9.04 |   9.17 |  16.09 |   5.37 |I I 
15:41-Sun-Mar-12-2017 PM2.5 |   3.84 |   3.84 |   4.93 |   3.15 |I I 
15:42-Sun-Mar-12-2017 PM10  |   6.40 |   9.01 |  16.09 |   5.37 |I I 
15:42-Sun-Mar-12-2017 PM2.5 |   3.57 |   3.82 |   4.93 |   3.15 |I I 
15:46-Sun-Mar-12-2017 PM10  |   7.34 |   8.92 |  16.09 |   5.37 |I I 
15:46-Sun-Mar-12-2017 PM2.5 |   3.80 |   3.82 |   4.93 |   3.15 |I I 
15:47-Sun-Mar-12-2017 PM10  |   8.39 |   8.89 |  16.09 |   5.37 |I I 
15:47-Sun-Mar-12-2017 PM2.5 |   3.47 |   3.80 |   4.93 |   3.15 |I I 
15:51-Sun-Mar-12-2017 PM10  |  10.04 |   8.95 |  16.09 |   5.37 |I I 
15:51-Sun-Mar-12-2017 PM2.5 |   3.58 |   3.79 |   4.93 |   3.15 |I I 
15:52-Sun-Mar-12-2017 PM10  |   7.43 |   8.88 |  16.09 |   5.37 |I I 
15:52-Sun-Mar-12-2017 PM2.5 |   3.66 |   3.78 |   4.93 |   3.15 |I I 
15:56-Sun-Mar-12-2017 PM10  |   7.32 |   8.80 |  16.09 |   5.37 |I I 
15:56-Sun-Mar-12-2017 PM2.5 |   3.76 |   3.78 |   4.93 |   3.15 |I I 
15:57-Sun-Mar-12-2017 PM10  |  11.24 |   8.91 |  16.09 |   5.37 |I I 
15:57-Sun-Mar-12-2017 PM2.5 |   3.76 |   3.78 |   4.93 |   3.15 |I I 
16:01-Sun-Mar-12-2017 PM10  |   6.82 |   8.82 |  16.09 |   5.37 |I I 
16:01-Sun-Mar-12-2017 PM2.5 |   3.59 |   3.77 |   4.93 |   3.15 |I I 
16:02-Sun-Mar-12-2017 PM10  |   9.11 |   9.11 |  16.09 |   5.37 |I I 
16:02-Sun-Mar-12-2017 PM2.5 |   3.94 |   3.94 |   4.93 |   3.15 |I I 
16:06-Sun-Mar-12-2017 PM10  |   9.80 |   9.46 |  16.09 |   5.37 |I I 
16:06-Sun-Mar-12-2017 PM2.5 |   4.06 |   4.00 |   4.93 |   3.15 |I I 
16:07-Sun-Mar-12-2017 PM10  |   8.84 |   9.25 |  16.09 |   5.37 |I I 
16:07-Sun-Mar-12-2017 PM2.5 |   3.78 |   3.93 |   4.93 |   3.15 |I I 
16:08-Sun-Mar-12-2017 PM10  |   8.84 |   9.15 |  16.09 |   5.37 |I I 
16:08-Sun-Mar-12-2017 PM2.5 |   3.78 |   3.89 |   4.93 |   3.15 |I I 
16:12-Sun-Mar-12-2017 PM10  |   6.62 |   8.64 |  16.09 |   5.37 |I I 
16:12-Sun-Mar-12-2017 PM2.5 |   3.86 |   3.88 |   4.93 |   3.15 |I I 
16:13-Sun-Mar-12-2017 PM10  |  12.24 |   9.24 |  16.09 |   5.37 |I I 
16:13-Sun-Mar-12-2017 PM2.5 |   4.51 |   3.99 |   4.93 |   3.15 |I I 
16:17-Sun-Mar-12-2017 PM10  |  18.13 |  10.51 |  16.09 |   5.37 |I I 
16:17-Sun-Mar-12-2017 PM2.5 |   4.51 |   4.06 |   4.93 |   3.15 |I I 
16:18-Sun-Mar-12-2017 PM10  |  16.81 |  11.30 |  16.09 |   5.37 |I I 
16:18-Sun-Mar-12-2017 PM2.5 |   4.44 |   4.11 |   4.93 |   3.15 |I I 
16:22-Sun-Mar-12-2017 PM10  |  22.19 |  12.51 |  16.09 |   5.37 |I I 
16:22-Sun-Mar-12-2017 PM2.5 |   4.95 |   4.20 |   4.93 |   3.15 |I I 
16:23-Sun-Mar-12-2017 PM10  |  14.49 |  12.71 |  16.09 |   5.37 |I I 
16:23-Sun-Mar-12-2017 PM2.5 |   4.73 |   4.26 |   4.93 |   3.15 |I I 
16:27-Sun-Mar-12-2017 PM10  |  12.87 |  12.72 |  16.09 |   5.37 |I I 
16:27-Sun-Mar-12-2017 PM2.5 |   4.59 |   4.29 |   4.93 |   3.15 |I I 
16:28-Sun-Mar-12-2017 PM10  |  11.49 |  12.62 |  16.09 |   5.37 |I I 
16:28-Sun-Mar-12-2017 PM2.5 |   4.28 |   4.29 |   4.93 |   3.15 |I I 
16:32-Sun-Mar-12-2017 PM10  |  14.35 |  12.75 |  16.09 |   5.37 |I I 
16:32-Sun-Mar-12-2017 PM2.5 |   4.55 |   4.31 |   4.93 |   3.15 |I I 
16:33-Sun-Mar-12-2017 PM10  |  12.34 |  12.72 |  16.09 |   5.37 |I I 
16:33-Sun-Mar-12-2017 PM2.5 |   4.40 |   4.31 |   4.93 |   3.15 |I I 
16:34-Sun-Mar-12-2017 PM10  |  12.34 |  12.70 |  16.09 |   5.37 |I I 
16:34-Sun-Mar-12-2017 PM2.5 |   4.40 |   4.32 |   4.93 |   3.15 |I I 
16:38-Sun-Mar-12-2017 PM10  |  11.02 |  12.59 |  16.09 |   5.37 |I I 
16:38-Sun-Mar-12-2017 PM2.5 |   4.60 |   4.34 |   4.93 |   3.15 |I I 
16:39-Sun-Mar-12-2017 PM10  |  19.12 |  12.98 |  16.09 |   5.37 |I I 
16:39-Sun-Mar-12-2017 PM2.5 |   4.64 |   4.35 |   4.93 |   3.15 |I I 
16:43-Sun-Mar-12-2017 PM10  |  12.29 |  12.94 |  16.09 |   5.37 |I I 
16:43-Sun-Mar-12-2017 PM2.5 |   5.07 |   4.39 |   4.93 |   3.15 |I I 
16:44-Sun-Mar-12-2017 PM10  |  17.12 |  13.16 |  16.09 |   5.37 |I I 
16:44-Sun-Mar-12-2017 PM2.5 |   4.92 |   4.42 |   4.93 |   3.15 |I I 
16:48-Sun-Mar-12-2017 PM10  |  15.45 |  13.27 |  16.09 |   5.37 |I I 
16:48-Sun-Mar-12-2017 PM2.5 |   4.97 |   4.45 |   4.93 |   3.15 |I I 
16:49-Sun-Mar-12-2017 PM10  |  14.03 |  13.31 |  16.09 |   5.37 |I I 
16:49-Sun-Mar-12-2017 PM2.5 |   5.18 |   4.48 |   4.93 |   3.15 |I I 
16:53-Sun-Mar-12-2017 PM10  |  15.30 |  13.40 |  16.09 |   5.37 |I I 
16:53-Sun-Mar-12-2017 PM2.5 |   5.36 |   4.52 |   4.93 |   3.15 |I I 
16:54-Sun-Mar-12-2017 PM10  |   9.37 |  13.22 |  16.09 |   5.37 |I I 
16:54-Sun-Mar-12-2017 PM2.5 |   4.43 |   4.52 |   4.93 |   3.15 |I I 
16:58-Sun-Mar-12-2017 PM10  |  12.06 |  13.18 |  16.09 |   5.37 |I I 
16:58-Sun-Mar-12-2017 PM2.5 |   5.55 |   4.56 |   4.93 |   3.15 |I I 
16:59-Sun-Mar-12-2017 PM10  |  15.13 |  13.25 |  16.09 |   5.37 |I I 
16:59-Sun-Mar-12-2017 PM2.5 |   5.32 |   4.59 |   4.93 |   3.15 |I I 
17:00-Sun-Mar-12-2017 PM10  |  15.13 |  13.33 |  16.09 |   5.37 |I I 
17:00-Sun-Mar-12-2017 PM2.5 |   5.32 |   4.62 |   4.93 |   3.15 |I I 
17:04-Sun-Mar-12-2017 PM10  |  13.04 |  13.04 |  16.09 |   5.37 |I I 
17:04-Sun-Mar-12-2017 PM2.5 |   5.55 |   5.55 |   4.93 |   3.15 |I I 
17:05-Sun-Mar-12-2017 PM10  |  10.90 |  11.97 |  16.09 |   5.37 |I I 
17:05-Sun-Mar-12-2017 PM2.5 |   5.08 |   5.32 |   4.93 |   3.15 |I I 
17:09-Sun-Mar-12-2017 PM10  |  11.39 |  11.77 |  16.09 |   5.37 |I I 
17:09-Sun-Mar-12-2017 PM2.5 |   4.95 |   5.20 |   4.93 |   3.15 |I I 
17:10-Sun-Mar-12-2017 PM10  |  10.74 |  11.51 |  16.09 |   5.37 |I I 
17:10-Sun-Mar-12-2017 PM2.5 |   4.91 |   5.12 |   4.93 |   3.15 |I I 
17:14-Sun-Mar-12-2017 PM10  |  12.69 |  11.75 |  16.09 |   5.37 |B I 
17:14-Sun-Mar-12-2017 PM2.5 |   5.27 |   5.15 |   4.93 |   3.15 |B I 
17:15-Sun-Mar-12-2017recover dati per host :salvatorehost.no-ip.org/aria
17:15-Sun-Mar-12-2017 PM10  |  14.85 |  12.27 |  16.09 |   5.37 |I I 
17:15-Sun-Mar-12-2017 PM2.5 |   5.67 |   5.24 |   4.93 |   3.15 |I I 
17:19-Sun-Mar-12-2017 PM10  |  12.16 |  12.25 |  16.09 |   5.37 |I I 
17:19-Sun-Mar-12-2017 PM2.5 |   5.23 |   5.24 |   4.93 |   3.15 |I I 
17:20-Sun-Mar-12-2017 PM10  |  18.18 |  12.99 |  16.09 |   5.37 |I I 
17:20-Sun-Mar-12-2017 PM2.5 |   5.86 |   5.32 |   4.93 |   3.15 |I I 
17:24-Sun-Mar-12-2017 PM10  |  17.84 |  13.53 |  16.09 |   5.37 |I I 
17:24-Sun-Mar-12-2017 PM2.5 |   5.68 |   5.36 |   4.93 |   3.15 |I I 
17:25-Sun-Mar-12-2017 PM10  |   9.41 |  13.12 |  16.09 |   5.37 |I I 
17:25-Sun-Mar-12-2017 PM2.5 |   5.13 |   5.33 |   4.93 |   3.15 |I I 
17:26-Sun-Mar-12-2017 PM10  |   9.41 |  12.78 |  16.09 |   5.37 |I I 
17:26-Sun-Mar-12-2017 PM2.5 |   5.13 |   5.32 |   4.93 |   3.15 |I I 
17:29-Sun-Mar-12-2017 PM10  |  12.35 |  12.75 |  16.09 |   5.37 |I I 
17:29-Sun-Mar-12-2017 PM2.5 |   5.79 |   5.35 |   4.93 |   3.15 |I I 
17:30-Sun-Mar-12-2017 PM10  |  12.35 |  12.72 |  16.09 |   5.37 |I I 
17:30-Sun-Mar-12-2017 PM2.5 |   5.79 |   5.39 |   4.93 |   3.15 |I I 
17:31-Sun-Mar-12-2017 PM10  |  12.58 |  12.71 |  16.09 |   5.37 |I I 
17:31-Sun-Mar-12-2017 PM2.5 |   5.16 |   5.37 |   4.93 |   3.15 |I I 
17:35-Sun-Mar-12-2017 PM10  |  10.03 |  12.53 |  16.09 |   5.37 |I I 
17:35-Sun-Mar-12-2017 PM2.5 |   5.20 |   5.36 |   4.93 |   3.15 |I I 
17:36-Sun-Mar-12-2017 PM10  |  12.73 |  12.54 |  16.09 |   5.37 |I I 
17:36-Sun-Mar-12-2017 PM2.5 |   5.12 |   5.34 |   4.93 |   3.15 |I I 
17:40-Sun-Mar-12-2017 PM10  |  14.07 |  12.63 |  16.09 |   5.37 |I I 
17:40-Sun-Mar-12-2017 PM2.5 |   5.25 |   5.34 |   4.93 |   3.15 |I I 
17:41-Sun-Mar-12-2017 PM10  |   9.72 |  12.47 |  16.09 |   5.37 |I I 
17:41-Sun-Mar-12-2017 PM2.5 |   4.78 |   5.31 |   4.93 |   3.15 |I I 
17:45-Sun-Mar-12-2017 PM10  |   9.40 |  12.31 |  16.09 |   5.37 |I I 
17:45-Sun-Mar-12-2017 PM2.5 |   4.84 |   5.28 |   4.93 |   3.15 |I I 
17:46-Sun-Mar-12-2017 PM10  |  11.47 |  12.27 |  16.09 |   5.37 |I I 
17:46-Sun-Mar-12-2017 PM2.5 |   5.04 |   5.27 |   4.93 |   3.15 |I I 
17:50-Sun-Mar-12-2017 PM10  |  12.07 |  12.26 |  16.09 |   5.37 |I I 
17:50-Sun-Mar-12-2017 PM2.5 |   5.13 |   5.26 |   4.93 |   3.15 |I I 
17:51-Sun-Mar-12-2017 PM10  |  11.03 |  12.20 |  16.09 |   5.37 |I I 
17:51-Sun-Mar-12-2017 PM2.5 |   4.82 |   5.24 |   4.93 |   3.15 |I I 
17:56-Sun-Mar-12-2017 PM10  |  10.34 |  12.12 |  16.09 |   5.37 |I I 
17:56-Sun-Mar-12-2017 PM2.5 |   4.78 |   5.22 |   4.93 |   3.15 |I I 
17:57-Sun-Mar-12-2017 PM10  |  10.34 |  12.04 |  16.09 |   5.37 |I I 
17:57-Sun-Mar-12-2017 PM2.5 |   4.78 |   5.21 |   4.93 |   3.15 |I I 
17:58-Sun-Mar-12-2017 PM10  |   9.59 |  11.95 |  16.09 |   5.37 |I I 
17:58-Sun-Mar-12-2017 PM2.5 |   4.59 |   5.18 |   4.93 |   3.15 |I I 
18:02-Sun-Mar-12-2017 PM10  |   9.26 |  11.84 |  16.09 |   5.37 |I I 
18:02-Sun-Mar-12-2017 PM2.5 |   4.87 |   5.17 |   5.17 |   3.15 |I I 
18:03-Sun-Mar-12-2017 PM10  |  14.97 |  14.97 |  16.09 |   5.37 |I I 
18:03-Sun-Mar-12-2017 PM2.5 |   5.04 |   5.04 |   5.17 |   3.15 |I I 
18:07-Sun-Mar-12-2017 PM10  |  11.66 |  13.31 |  16.09 |   5.37 |I I 
18:07-Sun-Mar-12-2017 PM2.5 |   5.06 |   5.05 |   5.17 |   3.15 |I I 
18:08-Sun-Mar-12-2017 PM10  |   9.81 |  12.14 |  16.09 |   5.37 |I I 
18:08-Sun-Mar-12-2017 PM2.5 |   4.68 |   4.93 |   5.17 |   3.15 |I I 
18:12-Sun-Mar-12-2017 PM10  |   8.85 |  11.32 |  16.09 |   5.37 |I I 
18:12-Sun-Mar-12-2017 PM2.5 |   4.62 |   4.85 |   5.17 |   3.15 |I I 
18:13-Sun-Mar-12-2017 PM10  |  14.61 |  11.98 |  16.09 |   5.37 |I I 
18:13-Sun-Mar-12-2017 PM2.5 |   5.10 |   4.90 |   5.17 |   3.15 |I I 
18:17-Sun-Mar-12-2017 PM10  |  12.22 |  12.02 |  16.09 |   5.37 |I I 
18:17-Sun-Mar-12-2017 PM2.5 |   4.79 |   4.88 |   5.17 |   3.15 |I I 
18:18-Sun-Mar-12-2017 PM10  |  12.41 |  12.07 |  16.09 |   5.37 |I I 
18:18-Sun-Mar-12-2017 PM2.5 |   4.65 |   4.85 |   5.17 |   3.15 |I I 
18:22-Sun-Mar-12-2017 PM10  |  11.27 |  11.97 |  16.09 |   5.37 |I I 
18:22-Sun-Mar-12-2017 PM2.5 |   5.11 |   4.88 |   5.17 |   3.15 |I I 
18:23-Sun-Mar-12-2017 PM10  |  11.27 |  11.90 |  16.09 |   5.37 |I I 
18:23-Sun-Mar-12-2017 PM2.5 |   5.11 |   4.91 |   5.17 |   3.15 |I I 
18:24-Sun-Mar-12-2017 PM10  |   9.39 |  11.64 |  16.09 |   5.37 |I I 
18:24-Sun-Mar-12-2017 PM2.5 |   4.58 |   4.87 |   5.17 |   3.15 |I I 
18:28-Sun-Mar-12-2017 PM10  |   8.95 |  11.40 |  16.09 |   5.37 |I I 
18:28-Sun-Mar-12-2017 PM2.5 |   4.35 |   4.83 |   5.17 |   3.15 |I I 
18:29-Sun-Mar-12-2017 PM10  |  11.33 |  11.39 |  16.09 |   5.37 |I I 
18:29-Sun-Mar-12-2017 PM2.5 |   4.66 |   4.81 |   5.17 |   3.15 |I I 
18:33-Sun-Mar-12-2017 PM10  |  13.10 |  11.53 |  16.09 |   5.37 |I I 
18:33-Sun-Mar-12-2017 PM2.5 |   4.59 |   4.80 |   5.17 |   3.15 |I I 
18:34-Sun-Mar-12-2017 PM10  |  10.00 |  11.42 |  16.09 |   5.37 |I I 
18:34-Sun-Mar-12-2017 PM2.5 |   4.80 |   4.80 |   5.17 |   3.15 |I I 
18:38-Sun-Mar-12-2017 PM10  |  12.82 |  11.51 |  16.09 |   5.37 |I I 
18:38-Sun-Mar-12-2017 PM2.5 |   5.00 |   4.81 |   5.17 |   3.15 |I I 
18:39-Sun-Mar-12-2017 PM10  |  13.09 |  11.61 |  16.09 |   5.37 |I I 
18:39-Sun-Mar-12-2017 PM2.5 |   4.58 |   4.79 |   5.17 |   3.15 |I I 
18:43-Sun-Mar-12-2017 PM10  |  12.77 |  11.68 |  16.09 |   5.37 |I I 
18:43-Sun-Mar-12-2017 PM2.5 |   5.00 |   4.81 |   5.17 |   3.15 |I I 
18:44-Sun-Mar-12-2017 PM10  |  11.14 |  11.65 |  16.09 |   5.37 |I I 
18:44-Sun-Mar-12-2017 PM2.5 |   4.50 |   4.79 |   5.17 |   3.15 |I I 
18:48-Sun-Mar-12-2017 PM10  |  12.93 |  11.72 |  16.09 |   5.37 |I I 
18:48-Sun-Mar-12-2017 PM2.5 |   4.69 |   4.78 |   5.17 |   3.15 |I I 
18:49-Sun-Mar-12-2017 PM10  |  12.93 |  11.78 |  16.09 |   5.37 |I I 
18:49-Sun-Mar-12-2017 PM2.5 |   4.69 |   4.78 |   5.17 |   3.15 |I I 
18:50-Sun-Mar-12-2017 PM10  |  18.04 |  12.07 |  16.09 |   5.37 |I I 
18:50-Sun-Mar-12-2017 PM2.5 |   4.83 |   4.78 |   5.17 |   3.15 |I I 
18:54-Sun-Mar-12-2017 PM10  |  10.44 |  12.00 |  16.09 |   5.37 |I I 
18:54-Sun-Mar-12-2017 PM2.5 |   4.65 |   4.78 |   5.17 |   3.15 |I I 
18:55-Sun-Mar-12-2017 PM10  |  11.84 |  11.99 |  16.09 |   5.37 |I I 
18:55-Sun-Mar-12-2017 PM2.5 |   5.10 |   4.79 |   5.17 |   3.15 |I I 
18:59-Sun-Mar-12-2017 PM10  |  15.21 |  12.13 |  16.09 |   5.37 |I I 
18:59-Sun-Mar-12-2017 PM2.5 |   5.36 |   4.81 |   5.17 |   3.15 |I I 
19:00-Sun-Mar-12-2017 PM10  |  10.99 |  12.08 |  16.09 |   5.37 |I I 
19:00-Sun-Mar-12-2017 PM2.5 |   4.71 |   4.81 |   5.17 |   3.15 |I I 
19:04-Sun-Mar-12-2017 PM10  |  18.49 |  18.49 |  16.09 |   5.37 |I I 
19:04-Sun-Mar-12-2017 PM2.5 |   5.30 |   5.30 |   5.17 |   3.15 |I I 
19:05-Sun-Mar-12-2017 PM10  |  10.96 |  14.72 |  16.09 |   5.37 |I I 
19:05-Sun-Mar-12-2017 PM2.5 |   4.92 |   5.11 |   5.17 |   3.15 |I I 
19:09-Sun-Mar-12-2017 PM10  |  12.40 |  13.95 |  16.09 |   5.37 |I I 
19:09-Sun-Mar-12-2017 PM2.5 |   5.06 |   5.09 |   5.17 |   3.15 |I I 
19:10-Sun-Mar-12-2017 PM10  |  13.90 |  13.94 |  16.09 |   5.37 |I I 
19:10-Sun-Mar-12-2017 PM2.5 |   5.07 |   5.09 |   5.17 |   3.15 |I I 
19:14-Sun-Mar-12-2017 PM10  |  13.97 |  13.94 |  16.09 |   5.37 |I I 
19:14-Sun-Mar-12-2017 PM2.5 |   4.76 |   5.02 |   5.17 |   3.15 |I I 
19:15-Sun-Mar-12-2017 PM10  |  13.97 |  13.95 |  16.09 |   5.37 |I I 
19:15-Sun-Mar-12-2017 PM2.5 |   4.76 |   4.98 |   5.17 |   3.15 |I I 
19:16-Sun-Mar-12-2017 PM10  |   9.66 |  13.34 |  16.09 |   5.37 |I I 
19:16-Sun-Mar-12-2017 PM2.5 |   4.60 |   4.92 |   5.17 |   3.15 |I I 
19:20-Sun-Mar-12-2017 PM10  |  11.22 |  13.07 |  16.09 |   5.37 |I I 
19:20-Sun-Mar-12-2017 PM2.5 |   4.85 |   4.92 |   5.17 |   3.15 |I I 
19:21-Sun-Mar-12-2017 PM10  |  11.74 |  12.92 |  16.09 |   5.37 |I I 
19:21-Sun-Mar-12-2017 PM2.5 |   5.06 |   4.93 |   5.17 |   3.15 |I I 
19:25-Sun-Mar-12-2017 PM10  |  14.37 |  13.07 |  16.09 |   5.37 |I I 
19:25-Sun-Mar-12-2017 PM2.5 |   5.20 |   4.96 |   5.17 |   3.15 |I I 
19:26-Sun-Mar-12-2017 PM10  |  10.95 |  12.88 |  16.09 |   5.37 |I I 
19:26-Sun-Mar-12-2017 PM2.5 |   4.81 |   4.94 |   5.17 |   3.15 |I I 
19:30-Sun-Mar-12-2017 PM10  |  10.65 |  12.69 |  16.09 |   5.37 |I I 
19:30-Sun-Mar-12-2017 PM2.5 |   5.23 |   4.97 |   5.17 |   3.15 |I I 
19:31-Sun-Mar-12-2017 PM10  |  10.90 |  12.55 |  16.09 |   5.37 |I I 
19:31-Sun-Mar-12-2017 PM2.5 |   5.48 |   5.01 |   5.17 |   3.15 |I I 
19:35-Sun-Mar-12-2017 PM10  |  10.66 |  12.42 |  16.09 |   5.37 |I I 
19:35-Sun-Mar-12-2017 PM2.5 |   5.34 |   5.03 |   5.17 |   3.15 |I I 
19:36-Sun-Mar-12-2017 PM10  |  10.95 |  12.32 |  16.09 |   5.37 |I I 
19:36-Sun-Mar-12-2017 PM2.5 |   5.25 |   5.05 |   5.17 |   3.15 |I I 
19:40-Sun-Mar-12-2017 PM10  |  11.45 |  12.26 |  16.09 |   5.37 |I I 
19:40-Sun-Mar-12-2017 PM2.5 |   5.13 |   5.05 |   5.17 |   3.15 |I I 
19:41-Sun-Mar-12-2017 PM10  |  11.51 |  12.22 |  16.09 |   5.37 |I I 
19:41-Sun-Mar-12-2017 PM2.5 |   5.86 |   5.10 |   5.17 |   3.15 |I I 
19:42-Sun-Mar-12-2017 PM10  |  11.51 |  12.18 |  16.09 |   5.37 |I I 
19:42-Sun-Mar-12-2017 PM2.5 |   5.86 |   5.14 |   5.17 |   3.15 |I I 
19:46-Sun-Mar-12-2017 PM10  |  13.49 |  12.25 |  16.09 |   5.37 |I I 
19:46-Sun-Mar-12-2017 PM2.5 |   6.02 |   5.19 |   5.17 |   3.15 |I I 
19:47-Sun-Mar-12-2017 PM10  |  11.86 |  12.23 |  16.09 |   5.37 |I I 
19:47-Sun-Mar-12-2017 PM2.5 |   5.59 |   5.21 |   5.17 |   3.15 |I I 
19:51-Sun-Mar-12-2017 PM10  |  14.13 |  12.32 |  16.09 |   5.37 |I I 
19:51-Sun-Mar-12-2017 PM2.5 |   5.74 |   5.23 |   5.17 |   3.15 |I I 
19:52-Sun-Mar-12-2017 PM10  |   9.77 |  12.21 |  16.09 |   5.37 |I I 
19:52-Sun-Mar-12-2017 PM2.5 |   5.37 |   5.24 |   5.17 |   3.15 |I I 
19:56-Sun-Mar-12-2017 PM10  |  16.25 |  12.38 |  16.09 |   5.37 |I I 
19:56-Sun-Mar-12-2017 PM2.5 |   5.55 |   5.25 |   5.17 |   3.15 |I I 
19:57-Sun-Mar-12-2017 PM10  |  12.80 |  12.40 |  16.09 |   5.37 |I I 
19:57-Sun-Mar-12-2017 PM2.5 |   5.70 |   5.27 |   5.17 |   3.15 |I I 
20:01-Sun-Mar-12-2017 PM10  |  12.97 |  12.42 |  16.09 |   5.37 |I I 
20:01-Sun-Mar-12-2017 PM2.5 |   5.64 |   5.29 |   5.29 |   3.15 |I I 
20:02-Sun-Mar-12-2017 PM10  |  14.18 |  14.18 |  16.09 |   5.37 |I I 
20:02-Sun-Mar-12-2017 PM2.5 |   6.48 |   6.48 |   5.29 |   3.15 |I I 
20:06-Sun-Mar-12-2017 PM10  |  12.12 |  13.15 |  16.09 |   5.37 |I I 
20:06-Sun-Mar-12-2017 PM2.5 |   5.96 |   6.22 |   5.29 |   3.15 |I I 
20:07-Sun-Mar-12-2017 PM10  |  12.41 |  12.90 |  16.09 |   5.37 |I I 
20:07-Sun-Mar-12-2017 PM2.5 |   5.76 |   6.07 |   5.29 |   3.15 |I I 
20:08-Sun-Mar-12-2017 PM10  |  12.41 |  12.78 |  16.09 |   5.37 |I I 
20:08-Sun-Mar-12-2017 PM2.5 |   5.76 |   5.99 |   5.29 |   3.15 |I I 
20:12-Sun-Mar-12-2017 PM10  |  10.05 |  12.23 |  16.09 |   5.37 |I I 
20:12-Sun-Mar-12-2017 PM2.5 |   5.89 |   5.97 |   5.29 |   3.15 |I I 
20:13-Sun-Mar-12-2017 PM10  |  14.69 |  12.64 |  16.09 |   5.37 |I I 
20:13-Sun-Mar-12-2017 PM2.5 |   5.86 |   5.95 |   5.29 |   3.15 |I I 
20:17-Sun-Mar-12-2017 PM10  |  10.49 |  12.34 |  16.09 |   5.37 |I I 
20:17-Sun-Mar-12-2017 PM2.5 |   5.84 |   5.94 |   5.29 |   3.15 |I I 
20:18-Sun-Mar-12-2017 PM10  |  11.89 |  12.28 |  16.09 |   5.37 |I I 
20:18-Sun-Mar-12-2017 PM2.5 |   5.91 |   5.93 |   5.29 |   3.15 |I I 
20:22-Sun-Mar-12-2017 PM10  |  15.17 |  12.60 |  16.09 |   5.37 |I I 
20:22-Sun-Mar-12-2017 PM2.5 |   5.99 |   5.94 |   5.29 |   3.15 |I I 
20:23-Sun-Mar-12-2017 PM10  |  10.66 |  12.41 |  16.09 |   5.37 |I I 
20:23-Sun-Mar-12-2017 PM2.5 |   5.83 |   5.93 |   5.29 |   3.15 |I I 
20:27-Sun-Mar-12-2017 PM10  |  10.51 |  12.23 |  16.09 |   5.37 |I I 
20:27-Sun-Mar-12-2017 PM2.5 |   5.73 |   5.91 |   5.29 |   3.15 |I I 
20:28-Sun-Mar-12-2017 PM10  |  13.07 |  12.30 |  16.09 |   5.37 |I I 
20:28-Sun-Mar-12-2017 PM2.5 |   5.70 |   5.89 |   5.29 |   3.15 |I I 
20:33-Sun-Mar-12-2017 PM10  |  13.20 |  12.37 |  16.09 |   5.37 |I I 
20:33-Sun-Mar-12-2017 PM2.5 |   5.67 |   5.87 |   5.29 |   3.15 |I I 
20:34-Sun-Mar-12-2017 PM10  |  10.74 |  12.26 |  16.09 |   5.37 |I I 
20:34-Sun-Mar-12-2017 PM2.5 |   5.66 |   5.86 |   5.29 |   3.15 |I I 
20:35-Sun-Mar-12-2017 PM10  |  10.74 |  12.16 |  16.09 |   5.37 |I I 
20:35-Sun-Mar-12-2017 PM2.5 |   5.66 |   5.85 |   5.29 |   3.15 |I I 
20:38-Sun-Mar-12-2017 PM10  |  23.32 |  12.85 |  16.09 |   5.37 |I I 
20:38-Sun-Mar-12-2017 PM2.5 |   6.22 |   5.87 |   5.29 |   3.15 |I I 
20:39-Sun-Mar-12-2017 PM10  |  23.32 |  13.47 |  16.09 |   5.37 |I I 
20:39-Sun-Mar-12-2017 PM2.5 |   6.22 |   5.89 |   5.29 |   3.15 |I I 
20:40-Sun-Mar-12-2017 PM10  |  20.28 |  13.85 |  16.09 |   5.37 |I I 
20:40-Sun-Mar-12-2017 PM2.5 |   6.02 |   5.90 |   5.29 |   3.15 |I I 
20:44-Sun-Mar-12-2017 PM10  |  14.90 |  13.90 |  16.09 |   5.37 |I I 
20:44-Sun-Mar-12-2017 PM2.5 |   6.11 |   5.91 |   5.29 |   3.15 |I I 
20:45-Sun-Mar-12-2017 PM10  |  13.12 |  13.86 |  16.09 |   5.37 |I I 
20:45-Sun-Mar-12-2017 PM2.5 |   5.78 |   5.90 |   5.29 |   3.15 |I I 
20:49-Sun-Mar-12-2017 PM10  |  13.82 |  13.86 |  16.09 |   5.37 |I I 
20:49-Sun-Mar-12-2017 PM2.5 |   6.82 |   5.95 |   5.29 |   3.15 |I I 
20:50-Sun-Mar-12-2017 PM10  |  16.48 |  13.98 |  16.09 |   5.37 |I I 
20:50-Sun-Mar-12-2017 PM2.5 |   6.81 |   5.98 |   5.29 |   3.15 |I I 
20:54-Sun-Mar-12-2017 PM10  |  13.87 |  13.98 |  16.09 |   5.37 |I I 
20:54-Sun-Mar-12-2017 PM2.5 |   6.83 |   6.02 |   5.29 |   3.15 |I I 
20:55-Sun-Mar-12-2017 PM10  |  12.04 |  13.90 |  16.09 |   5.37 |I I 
20:55-Sun-Mar-12-2017 PM2.5 |   5.95 |   6.02 |   5.29 |   3.15 |I I 
20:59-Sun-Mar-12-2017 PM10  |  14.21 |  13.91 |  16.09 |   5.37 |I I 
20:59-Sun-Mar-12-2017 PM2.5 |   6.39 |   6.03 |   5.29 |   3.15 |I I 
21:00-Sun-Mar-12-2017 PM10  |  15.35 |  13.96 |  16.09 |   5.37 |I I 
21:00-Sun-Mar-12-2017 PM2.5 |   5.96 |   6.03 |   6.03 |   3.15 |I I 
21:04-Sun-Mar-12-2017 PM10  |  12.65 |  12.65 |  16.09 |   5.37 |I I 
21:04-Sun-Mar-12-2017 PM2.5 |   6.19 |   6.19 |   6.03 |   3.15 |I I 
21:05-Sun-Mar-12-2017 PM10  |  12.65 |  12.65 |  16.09 |   5.37 |I I 
21:05-Sun-Mar-12-2017 PM2.5 |   6.19 |   6.19 |   6.03 |   3.15 |I I 
21:06-Sun-Mar-12-2017 PM10  |  12.37 |  12.56 |  16.09 |   5.37 |I I 
21:06-Sun-Mar-12-2017 PM2.5 |   5.49 |   5.96 |   6.03 |   3.15 |I I 
21:10-Sun-Mar-12-2017 PM10  |  13.81 |  12.87 |  16.09 |   5.37 |I I 
21:10-Sun-Mar-12-2017 PM2.5 |   6.01 |   5.97 |   6.03 |   3.15 |I I 
21:11-Sun-Mar-12-2017 PM10  |  13.19 |  12.93 |  16.09 |   5.37 |I I 
21:11-Sun-Mar-12-2017 PM2.5 |   5.51 |   5.88 |   6.03 |   3.15 |I I 
21:15-Sun-Mar-12-2017 PM10  |  14.48 |  13.19 |  16.09 |   5.37 |I I 
21:15-Sun-Mar-12-2017 PM2.5 |   6.21 |   5.93 |   6.03 |   3.15 |I I 
21:16-Sun-Mar-12-2017 PM10  |  11.86 |  13.00 |  16.09 |   5.37 |I I 
21:16-Sun-Mar-12-2017 PM2.5 |   5.72 |   5.90 |   6.03 |   3.15 |I I 
21:20-Sun-Mar-12-2017 PM10  |  12.58 |  12.95 |  16.09 |   5.37 |I I 
21:20-Sun-Mar-12-2017 PM2.5 |   5.91 |   5.90 |   6.03 |   3.15 |I I 
21:21-Sun-Mar-12-2017 PM10  |  13.01 |  12.96 |  16.09 |   5.37 |I I 
21:21-Sun-Mar-12-2017 PM2.5 |   6.04 |   5.92 |   6.03 |   3.15 |I I 
21:25-Sun-Mar-12-2017 PM10  |  13.01 |  12.96 |  16.09 |   5.37 |I I 
21:25-Sun-Mar-12-2017 PM2.5 |   5.85 |   5.91 |   6.03 |   3.15 |I I 
21:26-Sun-Mar-12-2017 PM10  |  13.31 |  12.99 |  16.09 |   5.37 |I I 
21:26-Sun-Mar-12-2017 PM2.5 |   6.11 |   5.93 |   6.03 |   3.15 |I I 
21:30-Sun-Mar-12-2017 PM10  |  13.27 |  13.02 |  16.09 |   5.37 |I I 
21:30-Sun-Mar-12-2017 PM2.5 |   6.46 |   5.98 |   6.03 |   3.15 |I I 
21:31-Sun-Mar-12-2017 PM10  |  13.27 |  13.04 |  16.09 |   5.37 |I I 
21:31-Sun-Mar-12-2017 PM2.5 |   6.46 |   6.01 |   6.03 |   3.15 |I I 
21:32-Sun-Mar-12-2017 PM10  |  14.78 |  13.16 |  16.09 |   5.37 |I I 
21:32-Sun-Mar-12-2017 PM2.5 |   5.81 |   6.00 |   6.03 |   3.15 |I I 
21:36-Sun-Mar-12-2017 PM10  |  12.85 |  13.14 |  16.09 |   5.37 |I I 
21:36-Sun-Mar-12-2017 PM2.5 |   5.91 |   5.99 |   6.03 |   3.15 |I I 
21:37-Sun-Mar-12-2017 PM10  |  12.52 |  13.10 |  16.09 |   5.37 |I I 
21:37-Sun-Mar-12-2017 PM2.5 |   6.04 |   6.00 |   6.03 |   3.15 |I I 
21:41-Sun-Mar-12-2017 PM10  |  12.29 |  13.05 |  16.09 |   5.37 |I I 
21:41-Sun-Mar-12-2017 PM2.5 |   5.88 |   5.99 |   6.03 |   3.15 |I I 
21:42-Sun-Mar-12-2017 PM10  |  12.40 |  13.02 |  16.09 |   5.37 |I I 
21:42-Sun-Mar-12-2017 PM2.5 |   5.92 |   5.99 |   6.03 |   3.15 |I I 
21:46-Sun-Mar-12-2017 PM10  |  13.50 |  13.04 |  16.09 |   5.37 |I I 
21:46-Sun-Mar-12-2017 PM2.5 |   6.03 |   5.99 |   6.03 |   3.15 |I I 
21:47-Sun-Mar-12-2017 PM10  |  11.45 |  12.96 |  16.09 |   5.37 |I I 
21:47-Sun-Mar-12-2017 PM2.5 |   5.88 |   5.98 |   6.03 |   3.15 |I I 
21:51-Sun-Mar-12-2017 PM10  |  13.39 |  12.98 |  16.09 |   5.37 |I I 
21:51-Sun-Mar-12-2017 PM2.5 |   6.20 |   5.99 |   6.03 |   3.15 |I I 
21:52-Sun-Mar-12-2017 PM10  |  12.63 |  12.97 |  16.09 |   5.37 |I I 
21:52-Sun-Mar-12-2017 PM2.5 |   6.17 |   6.00 |   6.03 |   3.15 |I I 
21:56-Sun-Mar-12-2017 PM10  |  10.43 |  12.86 |  16.09 |   5.37 |I I 
21:56-Sun-Mar-12-2017 PM2.5 |   5.79 |   5.99 |   6.03 |   3.15 |I I 
21:57-Sun-Mar-12-2017 PM10  |  10.43 |  12.76 |  16.09 |   5.37 |I I 
21:57-Sun-Mar-12-2017 PM2.5 |   5.79 |   5.98 |   6.03 |   3.15 |I I 
21:58-Sun-Mar-12-2017 PM10  |  11.85 |  12.72 |  16.09 |   5.37 |I I 
21:58-Sun-Mar-12-2017 PM2.5 |   5.59 |   5.97 |   6.03 |   3.15 |I I 
22:02-Sun-Mar-12-2017 PM10  |  12.60 |  12.71 |  16.09 |   5.37 |I I 
22:02-Sun-Mar-12-2017 PM2.5 |   5.73 |   5.96 |   6.03 |   3.15 |I I 
22:03-Sun-Mar-12-2017 PM10  |  13.23 |  13.23 |  16.09 |   5.37 |I I 
22:03-Sun-Mar-12-2017 PM2.5 |   5.66 |   5.66 |   6.03 |   3.15 |I I 
22:07-Sun-Mar-12-2017 PM10  |  10.91 |  12.07 |  16.09 |   5.37 |I I 
22:07-Sun-Mar-12-2017 PM2.5 |   5.69 |   5.67 |   6.03 |   3.15 |I I 
22:08-Sun-Mar-12-2017 PM10  |  11.30 |  11.82 |  16.09 |   5.37 |I I 
22:08-Sun-Mar-12-2017 PM2.5 |   5.54 |   5.63 |   6.03 |   3.15 |I I 
22:12-Sun-Mar-12-2017 PM10  |  13.32 |  12.19 |  16.09 |   5.37 |I I 
22:12-Sun-Mar-12-2017 PM2.5 |   6.10 |   5.75 |   6.03 |   3.15 |I I 
22:13-Sun-Mar-12-2017 PM10  |  11.32 |  12.02 |  16.09 |   5.37 |I I 
22:13-Sun-Mar-12-2017 PM2.5 |   5.77 |   5.75 |   6.03 |   3.15 |I I 
22:17-Sun-Mar-12-2017 PM10  |  10.61 |  11.78 |  16.09 |   5.37 |I I 
22:17-Sun-Mar-12-2017 PM2.5 |   6.06 |   5.80 |   6.03 |   3.15 |I I 
22:18-Sun-Mar-12-2017 PM10  |  11.38 |  11.72 |  16.09 |   5.37 |I I 
22:18-Sun-Mar-12-2017 PM2.5 |   5.59 |   5.77 |   6.03 |   3.15 |I I 
22:22-Sun-Mar-12-2017 PM10  |  11.83 |  11.74 |  16.09 |   5.37 |I I 
22:22-Sun-Mar-12-2017 PM2.5 |   5.94 |   5.79 |   6.03 |   3.15 |I I 
22:23-Sun-Mar-12-2017 PM10  |  13.53 |  11.94 |  16.09 |   5.37 |I I 
22:23-Sun-Mar-12-2017 PM2.5 |   6.24 |   5.84 |   6.03 |   3.15 |I I 
22:24-Sun-Mar-12-2017 PM10  |  13.53 |  12.10 |  16.09 |   5.37 |I I 
22:24-Sun-Mar-12-2017 PM2.5 |   6.24 |   5.88 |   6.03 |   3.15 |I I 
22:28-Sun-Mar-12-2017 PM10  |  11.16 |  12.01 |  16.09 |   5.37 |I I 
22:28-Sun-Mar-12-2017 PM2.5 |   5.75 |   5.87 |   6.03 |   3.15 |I I 
22:29-Sun-Mar-12-2017 PM10  |  13.13 |  12.11 |  16.09 |   5.37 |I I 
22:29-Sun-Mar-12-2017 PM2.5 |   6.24 |   5.90 |   6.03 |   3.15 |I I 
22:33-Sun-Mar-12-2017 PM10  |  12.93 |  12.17 |  16.09 |   5.37 |I I 
22:33-Sun-Mar-12-2017 PM2.5 |   6.34 |   5.93 |   6.03 |   3.15 |I I 
22:34-Sun-Mar-12-2017 PM10  |  10.56 |  12.05 |  16.09 |   5.37 |I I 
22:34-Sun-Mar-12-2017 PM2.5 |   5.99 |   5.94 |   6.03 |   3.15 |I I 
22:38-Sun-Mar-12-2017 PM10  |  14.25 |  12.20 |  16.09 |   5.37 |I I 
22:38-Sun-Mar-12-2017 PM2.5 |   5.90 |   5.94 |   6.03 |   3.15 |I I 
22:39-Sun-Mar-12-2017 PM10  |  12.29 |  12.21 |  16.09 |   5.37 |I I 
22:39-Sun-Mar-12-2017 PM2.5 |   5.84 |   5.93 |   6.03 |   3.15 |I I 
22:43-Sun-Mar-12-2017 PM10  |   9.88 |  12.07 |  16.09 |   5.37 |I I 
22:43-Sun-Mar-12-2017 PM2.5 |   5.82 |   5.92 |   6.03 |   3.15 |I I 
22:44-Sun-Mar-12-2017 PM10  |  11.52 |  12.04 |  16.09 |   5.37 |I I 
22:44-Sun-Mar-12-2017 PM2.5 |   5.62 |   5.91 |   6.03 |   3.15 |I I 
22:48-Sun-Mar-12-2017 PM10  |  11.27 |  12.00 |  16.09 |   5.37 |I I 
22:48-Sun-Mar-12-2017 PM2.5 |   5.93 |   5.91 |   6.03 |   3.15 |I I 
22:49-Sun-Mar-12-2017 PM10  |  12.24 |  12.01 |  16.09 |   5.37 |I I 
22:49-Sun-Mar-12-2017 PM2.5 |   5.80 |   5.90 |   6.03 |   3.15 |I I 
22:50-Sun-Mar-12-2017 PM10  |  12.24 |  12.02 |  16.09 |   5.37 |I I 
22:50-Sun-Mar-12-2017 PM2.5 |   5.80 |   5.90 |   6.03 |   3.15 |I I 
22:54-Sun-Mar-12-2017 PM10  |  12.14 |  12.03 |  16.09 |   5.37 |I I 
22:54-Sun-Mar-12-2017 PM2.5 |   6.04 |   5.90 |   6.03 |   3.15 |I I 
22:55-Sun-Mar-12-2017 PM10  |  12.19 |  12.03 |  16.09 |   5.37 |I I 
22:55-Sun-Mar-12-2017 PM2.5 |   6.25 |   5.92 |   6.03 |   3.15 |I I 
22:59-Sun-Mar-12-2017 PM10  |  12.65 |  12.06 |  16.09 |   5.37 |I I 
22:59-Sun-Mar-12-2017 PM2.5 |   6.04 |   5.92 |   6.03 |   3.15 |I I 
23:00-Sun-Mar-12-2017 PM10  |  12.29 |  12.07 |  16.09 |   5.37 |I I 
23:00-Sun-Mar-12-2017 PM2.5 |   6.04 |   5.93 |   6.03 |   3.15 |I I 
23:04-Sun-Mar-12-2017 PM10  |  12.54 |  12.54 |  16.09 |   5.37 |I I 
23:04-Sun-Mar-12-2017 PM2.5 |   6.63 |   6.63 |   6.03 |   3.15 |I I 
23:05-Sun-Mar-12-2017 PM10  |  10.29 |  11.41 |  16.09 |   5.37 |I I 
23:05-Sun-Mar-12-2017 PM2.5 |   5.30 |   5.96 |   6.03 |   3.15 |I I 
23:09-Sun-Mar-12-2017 PM10  |  11.41 |  11.41 |  16.09 |   5.37 |I I 
23:09-Sun-Mar-12-2017 PM2.5 |   5.64 |   5.86 |   6.03 |   3.15 |I I 
23:11-Sun-Mar-12-2017 PM10  |  10.60 |  11.21 |  16.09 |   5.37 |I I 
23:11-Sun-Mar-12-2017 PM2.5 |   5.46 |   5.76 |   6.03 |   3.15 |I I 
23:15-Sun-Mar-12-2017 PM10  |  11.10 |  11.19 |  16.09 |   5.37 |I I 
23:15-Sun-Mar-12-2017 PM2.5 |   5.62 |   5.73 |   6.03 |   3.15 |I I 
23:16-Sun-Mar-12-2017 PM10  |  15.33 |  11.88 |  16.09 |   5.37 |I I 
23:16-Sun-Mar-12-2017 PM2.5 |   5.40 |   5.68 |   6.03 |   3.15 |I I 
23:17-Sun-Mar-12-2017 PM10  |  15.33 |  12.37 |  16.09 |   5.37 |I I 
23:17-Sun-Mar-12-2017 PM2.5 |   5.40 |   5.64 |   6.03 |   3.15 |I I 
23:21-Sun-Mar-12-2017 PM10  |  10.99 |  12.20 |  16.09 |   5.37 |I I 
23:21-Sun-Mar-12-2017 PM2.5 |   5.48 |   5.62 |   6.03 |   3.15 |I I 
23:22-Sun-Mar-12-2017 PM10  |  10.03 |  11.96 |  16.09 |   5.37 |I I 
23:22-Sun-Mar-12-2017 PM2.5 |   5.71 |   5.63 |   6.03 |   3.15 |I I 
23:26-Sun-Mar-12-2017 PM10  |  10.89 |  11.85 |  16.09 |   5.37 |I I 
23:26-Sun-Mar-12-2017 PM2.5 |   5.46 |   5.61 |   6.03 |   3.15 |I I 
23:27-Sun-Mar-12-2017 PM10  |  13.28 |  11.98 |  16.09 |   5.37 |I I 
23:27-Sun-Mar-12-2017 PM2.5 |   5.70 |   5.62 |   6.03 |   3.15 |I I 
23:31-Sun-Mar-12-2017 PM10  |   9.79 |  11.80 |  16.09 |   5.37 |I I 
23:31-Sun-Mar-12-2017 PM2.5 |   5.65 |   5.62 |   6.03 |   3.15 |I I 
23:32-Sun-Mar-12-2017 PM10  |  10.54 |  11.70 |  16.09 |   5.37 |I I 
23:32-Sun-Mar-12-2017 PM2.5 |   5.53 |   5.61 |   6.03 |   3.15 |I I 
23:36-Sun-Mar-12-2017 PM10  |  11.86 |  11.71 |  16.09 |   5.37 |I I 
23:36-Sun-Mar-12-2017 PM2.5 |   6.00 |   5.64 |   6.03 |   3.15 |I I 
23:37-Sun-Mar-12-2017 PM10  |  10.19 |  11.61 |  16.09 |   5.37 |I I 
23:37-Sun-Mar-12-2017 PM2.5 |   5.57 |   5.64 |   6.03 |   3.15 |I I 
23:41-Sun-Mar-12-2017 PM10  |  10.65 |  11.55 |  16.09 |   5.37 |I I 
23:41-Sun-Mar-12-2017 PM2.5 |   5.69 |   5.64 |   6.03 |   3.15 |I I 
23:42-Sun-Mar-12-2017 PM10  |  12.21 |  11.59 |  16.09 |   5.37 |I I 
23:42-Sun-Mar-12-2017 PM2.5 |   5.71 |   5.64 |   6.03 |   3.15 |I I 
23:43-Sun-Mar-12-2017 PM10  |  12.21 |  11.62 |  16.09 |   5.37 |I I 
23:43-Sun-Mar-12-2017 PM2.5 |   5.71 |   5.65 |   6.03 |   3.15 |I I 
23:46-Sun-Mar-12-2017 PM10  |  10.66 |  11.57 |  16.09 |   5.37 |I I 
23:46-Sun-Mar-12-2017 PM2.5 |   5.77 |   5.65 |   6.03 |   3.15 |I I 
23:47-Sun-Mar-12-2017 PM10  |  10.66 |  11.53 |  16.09 |   5.37 |I I 
23:47-Sun-Mar-12-2017 PM2.5 |   5.77 |   5.66 |   6.03 |   3.15 |I I 
23:48-Sun-Mar-12-2017 PM10  |  10.28 |  11.47 |  16.09 |   5.37 |I I 
23:48-Sun-Mar-12-2017 PM2.5 |   5.42 |   5.65 |   6.03 |   3.15 |I I 
23:52-Sun-Mar-12-2017 PM10  |   9.04 |  11.36 |  16.09 |   5.37 |I I 
23:52-Sun-Mar-12-2017 PM2.5 |   5.35 |   5.63 |   6.03 |   3.15 |I I 
23:53-Sun-Mar-12-2017 PM10  |  11.40 |  11.36 |  16.09 |   5.37 |I I 
23:53-Sun-Mar-12-2017 PM2.5 |   5.62 |   5.63 |   6.03 |   3.15 |I I 
23:57-Sun-Mar-12-2017 PM10  |  13.13 |  11.43 |  16.09 |   5.37 |I I 
23:57-Sun-Mar-12-2017 PM2.5 |   5.47 |   5.63 |   6.03 |   3.15 |I I 
23:58-Sun-Mar-12-2017 PM10  |  11.06 |  11.42 |  16.09 |   5.37 |I I 
23:58-Sun-Mar-12-2017 PM2.5 |   5.51 |   5.62 |   6.03 |   3.15 |I I 
00:02-Mon-Mar-13-2017 PM10  |  11.43 |  11.42 |  16.09 |   5.37 |I I 
