[Sun May 14 00:01:48 2017] Report del giorno Sunday May 14 2017 -- INVIATO a centraline@googlegroups.com
00:01-Sun-May-14-2017 PM2.5 |   3.28 |   3.77 |   6.08 |   2.83 |B I 
00:02-Sun-May-14-2017recover dati per host :salvatorehost.no-ip.org/aria
00:02-Sun-May-14-2017 PM10  |   9.22 |   9.22 |   0.00 |  2000.00|I I 
00:02-Sun-May-14-2017 PM2.5 |   3.52 |   3.52 |   0.00 |  2000.00|I I 
00:06-Sun-May-14-2017 PM10  |   9.32 |   9.27 |   0.00 |  2000.00|I I 
00:06-Sun-May-14-2017 PM2.5 |   3.50 |   3.51 |   0.00 |  2000.00|I I 
00:07-Sun-May-14-2017 PM10  |   9.12 |   9.22 |   0.00 |  2000.00|I I 
00:07-Sun-May-14-2017 PM2.5 |   3.78 |   3.60 |   0.00 |  2000.00|I I 
00:11-Sun-May-14-2017 PM10  |  10.61 |   9.57 |   0.00 |  2000.00|I I 
00:11-Sun-May-14-2017 PM2.5 |   3.57 |   3.59 |   0.00 |  2000.00|I I 
00:13-Sun-May-14-2017 PM10  |  10.46 |   9.75 |   0.00 |  2000.00|B B 
00:13-Sun-May-14-2017 PM2.5 |   3.61 |   3.59 |   0.00 |  2000.00|B B 
00:17-Sun-May-14-2017recover dati per host :salvatorehost.no-ip.org/aria
00:17-Sun-May-14-2017recover dati per host :92.223.147.77/nodered
00:17-Sun-May-14-2017 PM10  |  13.46 |  10.37 |   0.00 |  2000.00|I I 
00:17-Sun-May-14-2017 PM2.5 |   3.45 |   3.57 |   0.00 |  2000.00|I I 
00:18-Sun-May-14-2017 PM10  |  11.48 |  10.53 |   0.00 |  2000.00|I I 
00:18-Sun-May-14-2017 PM2.5 |   3.79 |   3.60 |   0.00 |  2000.00|I I 
00:22-Sun-May-14-2017 PM10  |   9.46 |  10.39 |   0.00 |  2000.00|I I 
00:22-Sun-May-14-2017 PM2.5 |   3.39 |   3.58 |   0.00 |  2000.00|I I 
00:23-Sun-May-14-2017Timeout Event handler
00:23-Sun-May-14-2017 PM10  |  10.43 |  10.40 |   0.00 |  2000.00|B B 
00:23-Sun-May-14-2017 PM2.5 |   3.85 |   3.61 |   0.00 |  2000.00|B B 
00:27-Sun-May-14-2017recover dati per host :salvatorehost.no-ip.org/aria
00:27-Sun-May-14-2017recover dati per host :92.223.147.77/nodered
00:27-Sun-May-14-2017 PM10  |   8.77 |  10.23 |   0.00 |  2000.00|I I 
00:27-Sun-May-14-2017 PM2.5 |   3.60 |   3.60 |   0.00 |  2000.00|I I 
00:28-Sun-May-14-2017 PM10  |   8.43 |  10.07 |   0.00 |  2000.00|I I 
00:28-Sun-May-14-2017 PM2.5 |   4.26 |   3.66 |   0.00 |  2000.00|I I 
00:32-Sun-May-14-2017 PM10  |   8.81 |   9.96 |   0.00 |  2000.00|I I 
00:32-Sun-May-14-2017 PM2.5 |   3.61 |   3.66 |   0.00 |  2000.00|I I 
00:36-Sun-May-14-2017 PM10  |   8.48 |   9.85 |   0.00 |  2000.00|I I 
00:36-Sun-May-14-2017 PM2.5 |   3.52 |   3.65 |   0.00 |  2000.00|I I 
00:37-Sun-May-14-2017 PM10  |  14.97 |  10.22 |   0.00 |  2000.00|B B 
00:37-Sun-May-14-2017 PM2.5 |   4.11 |   3.68 |   0.00 |  2000.00|B B 
00:41-Sun-May-14-2017recover dati per host :salvatorehost.no-ip.org/aria
00:41-Sun-May-14-2017recover dati per host :92.223.147.77/nodered
00:41-Sun-May-14-2017 PM10  |  12.95 |  10.40 |   0.00 |  2000.00|I I 
00:41-Sun-May-14-2017 PM2.5 |   3.63 |   3.68 |   0.00 |  2000.00|I I 
00:42-Sun-May-14-2017 PM10  |  13.57 |  10.60 |   0.00 |  2000.00|I I 
00:42-Sun-May-14-2017 PM2.5 |   4.01 |   3.70 |   0.00 |  2000.00|I I 
00:46-Sun-May-14-2017 PM10  |  11.49 |  10.65 |   0.00 |  2000.00|I I 
00:46-Sun-May-14-2017 PM2.5 |   3.62 |   3.69 |   0.00 |  2000.00|I I 
00:47-Sun-May-14-2017 PM10  |   6.99 |  10.45 |   0.00 |  2000.00|I I 
00:47-Sun-May-14-2017 PM2.5 |   3.45 |   3.68 |   0.00 |  2000.00|I I 
00:51-Sun-May-14-2017 PM10  |   6.88 |  10.26 |   0.00 |  2000.00|I I 
00:51-Sun-May-14-2017 PM2.5 |   3.29 |   3.66 |   0.00 |  2000.00|I I 
00:52-Sun-May-14-2017 PM10  |   9.32 |  10.21 |   0.00 |  2000.00|I I 
00:52-Sun-May-14-2017 PM2.5 |   3.75 |   3.67 |   0.00 |  2000.00|I I 
00:56-Sun-May-14-2017 PM10  |   8.36 |  10.12 |   0.00 |  2000.00|I I 
00:56-Sun-May-14-2017 PM2.5 |   3.51 |   3.66 |   0.00 |  2000.00|I I 
00:57-Sun-May-14-2017 PM10  |   7.11 |   9.99 |   0.00 |  2000.00|I I 
00:57-Sun-May-14-2017 PM2.5 |   3.68 |   3.66 |   0.00 |  2000.00|I I 
01:02-Sun-May-14-2017 PM10  |  10.38 |  10.00 |  10.00 |  10.00 |I B 
01:02-Sun-May-14-2017 PM2.5 |   3.54 |   3.65 |   3.65 |   3.65 |I B 
01:03-Sun-May-14-2017recover dati per host :92.223.147.77/nodered
01:03-Sun-May-14-2017 PM10  |   8.36 |   8.36 |  10.00 |  10.00 |I I 
01:03-Sun-May-14-2017 PM2.5 |   3.82 |   3.82 |   3.65 |   3.65 |I I 
01:07-Sun-May-14-2017 PM10  |   7.09 |   7.73 |  10.00 |  10.00 |I I 
01:07-Sun-May-14-2017 PM2.5 |   3.35 |   3.58 |   3.65 |   3.65 |I I 
01:08-Sun-May-14-2017 PM10  |   7.93 |   7.80 |  10.00 |  10.00 |I I 
01:08-Sun-May-14-2017 PM2.5 |   3.56 |   3.58 |   3.65 |   3.65 |I I 
01:12-Sun-May-14-2017 PM10  |   7.73 |   7.78 |  10.00 |  10.00 |I I 
01:12-Sun-May-14-2017 PM2.5 |   3.57 |   3.57 |   3.65 |   3.65 |I I 
01:13-Sun-May-14-2017 PM10  |  12.87 |   8.80 |  10.00 |  10.00 |I I 
01:13-Sun-May-14-2017 PM2.5 |   4.09 |   3.68 |   3.65 |   3.65 |I I 
01:17-Sun-May-14-2017 PM10  |   9.01 |   8.83 |  10.00 |  10.00 |I B 
01:17-Sun-May-14-2017 PM2.5 |   3.60 |   3.66 |   3.65 |   3.65 |I B 
01:18-Sun-May-14-2017 PM10  |   7.30 |   8.61 |  10.00 |  10.00 |I B 
01:18-Sun-May-14-2017 PM2.5 |   3.58 |   3.65 |   3.65 |   3.65 |I B 
01:22-Sun-May-14-2017recover dati per host :92.223.147.77/nodered
01:22-Sun-May-14-2017 PM10  |  11.53 |   8.98 |  10.00 |  10.00 |I I 
01:22-Sun-May-14-2017 PM2.5 |   3.50 |   3.63 |   3.65 |   3.65 |I I 
01:23-Sun-May-14-2017 PM10  |  11.49 |   9.26 |  10.00 |  10.00 |I I 
01:23-Sun-May-14-2017 PM2.5 |   3.76 |   3.65 |   3.65 |   3.65 |I I 
01:27-Sun-May-14-2017 PM10  |   8.76 |   9.21 |  10.00 |  10.00 |I I 
01:27-Sun-May-14-2017 PM2.5 |   3.27 |   3.61 |   3.65 |   3.65 |I I 
01:28-Sun-May-14-2017 PM10  |   9.79 |   9.26 |  10.00 |  10.00 |I I 
01:28-Sun-May-14-2017 PM2.5 |   3.88 |   3.63 |   3.65 |   3.65 |I I 
01:32-Sun-May-14-2017 PM10  |   6.51 |   9.03 |  10.00 |  10.00 |I I 
01:32-Sun-May-14-2017 PM2.5 |   3.49 |   3.62 |   3.65 |   3.65 |I I 
01:36-Sun-May-14-2017 PM10  |   8.09 |   8.96 |  10.00 |  10.00 |I I 
01:36-Sun-May-14-2017 PM2.5 |   3.64 |   3.62 |   3.65 |   3.65 |I I 
01:37-Sun-May-14-2017 PM10  |   9.40 |   8.99 |  10.00 |  10.00 |B B 
01:37-Sun-May-14-2017 PM2.5 |   3.96 |   3.65 |   3.65 |   3.65 |B B 
01:41-Sun-May-14-2017recover dati per host :salvatorehost.no-ip.org/aria
01:41-Sun-May-14-2017recover dati per host :92.223.147.77/nodered
01:41-Sun-May-14-2017 PM10  |   8.35 |   8.95 |  10.00 |  10.00 |I I 
01:41-Sun-May-14-2017 PM2.5 |   3.74 |   3.65 |   3.65 |   3.65 |I I 
01:42-Sun-May-14-2017 PM10  |   7.65 |   8.87 |  10.00 |  10.00 |I I 
01:42-Sun-May-14-2017 PM2.5 |   3.80 |   3.66 |   3.65 |   3.65 |I I 
01:46-Sun-May-14-2017 PM10  |   9.29 |   8.89 |  10.00 |  10.00 |B B 
01:46-Sun-May-14-2017 PM2.5 |   3.61 |   3.66 |   3.65 |   3.65 |B B 
01:47-Sun-May-14-2017recover dati per host :salvatorehost.no-ip.org/aria
01:47-Sun-May-14-2017recover dati per host :92.223.147.77/nodered
01:47-Sun-May-14-2017 PM10  |   7.98 |   8.84 |  10.00 |  10.00 |I I 
01:47-Sun-May-14-2017 PM2.5 |   3.84 |   3.67 |   3.65 |   3.65 |I I 
01:52-Sun-May-14-2017 PM10  |   8.05 |   8.80 |  10.00 |  10.00 |I I 
01:52-Sun-May-14-2017 PM2.5 |   3.61 |   3.67 |   3.65 |   3.65 |I I 
01:53-Sun-May-14-2017 PM10  |  10.23 |   8.87 |  10.00 |  10.00 |I I 
01:53-Sun-May-14-2017 PM2.5 |   4.33 |   3.70 |   3.65 |   3.65 |I I 
01:57-Sun-May-14-2017 PM10  |   7.72 |   8.82 |  10.00 |  10.00 |I I 
01:57-Sun-May-14-2017 PM2.5 |   3.58 |   3.69 |   3.65 |   3.65 |I I 
01:58-Sun-May-14-2017 PM10  |  11.36 |   8.93 |  10.00 |  10.00 |B B 
01:58-Sun-May-14-2017 PM2.5 |   3.70 |   3.69 |   3.65 |   3.65 |B B 
02:02-Sun-May-14-2017recover dati per host :salvatorehost.no-ip.org/aria
02:02-Sun-May-14-2017recover dati per host :92.223.147.77/nodered
02:02-Sun-May-14-2017 PM10  |   8.71 |   8.92 |  10.00 |   8.92 |I I 
02:02-Sun-May-14-2017 PM2.5 |   3.75 |   3.70 |   3.70 |   3.65 |I I 
02:03-Sun-May-14-2017 PM10  |   9.09 |   9.09 |  10.00 |   8.92 |I I 
02:03-Sun-May-14-2017 PM2.5 |   3.63 |   3.63 |   3.70 |   3.65 |I I 
02:07-Sun-May-14-2017 PM10  |   5.99 |   7.54 |  10.00 |   8.92 |B B 
02:07-Sun-May-14-2017 PM2.5 |   3.14 |   3.39 |   3.70 |   3.65 |B B 
02:08-Sun-May-14-2017recover dati per host :92.223.147.77/nodered
02:08-Sun-May-14-2017 PM10  |   7.53 |   7.54 |  10.00 |   8.92 |B I 
02:08-Sun-May-14-2017 PM2.5 |   3.86 |   3.54 |   3.70 |   3.65 |B I 
02:12-Sun-May-14-2017recover dati per host :salvatorehost.no-ip.org/aria
02:12-Sun-May-14-2017 PM10  |   5.40 |   7.00 |  10.00 |   8.92 |I I 
02:12-Sun-May-14-2017 PM2.5 |   3.33 |   3.49 |   3.70 |   3.65 |I I 
02:13-Sun-May-14-2017 PM10  |   7.33 |   7.07 |  10.00 |   8.92 |I I 
02:13-Sun-May-14-2017 PM2.5 |   3.73 |   3.54 |   3.70 |   3.65 |I I 
02:16-Sun-May-14-2017 PM10  |   6.76 |   7.02 |  10.00 |   8.92 |B B 
02:16-Sun-May-14-2017 PM2.5 |   3.41 |   3.52 |   3.70 |   3.65 |B B 
02:17-Sun-May-14-2017recover dati per host :salvatorehost.no-ip.org/aria
02:17-Sun-May-14-2017 PM10  |   6.98 |   7.01 |  10.00 |   8.92 |I B 
02:17-Sun-May-14-2017 PM2.5 |   3.48 |   3.51 |   3.70 |   3.65 |I B 
02:21-Sun-May-14-2017recover dati per host :92.223.147.77/nodered
02:21-Sun-May-14-2017 PM10  |   6.46 |   6.94 |  10.00 |   8.92 |B I 
02:21-Sun-May-14-2017 PM2.5 |   3.29 |   3.49 |   3.70 |   3.65 |B I 
02:23-Sun-May-14-2017 PM10  |   9.62 |   7.24 |  10.00 |   8.92 |B B 
02:23-Sun-May-14-2017 PM2.5 |   3.93 |   3.53 |   3.70 |   3.65 |B B 
02:27-Sun-May-14-2017recover dati per host :salvatorehost.no-ip.org/aria
02:27-Sun-May-14-2017recover dati per host :92.223.147.77/nodered
02:27-Sun-May-14-2017 PM10  |   6.97 |   7.21 |  10.00 |   8.92 |I I 
02:27-Sun-May-14-2017 PM2.5 |   3.68 |   3.55 |   3.70 |   3.65 |I I 
02:28-Sun-May-14-2017 PM10  |   8.49 |   7.33 |  10.00 |   8.92 |I I 
02:28-Sun-May-14-2017 PM2.5 |   3.55 |   3.55 |   3.70 |   3.65 |I I 
02:32-Sun-May-14-2017 PM10  |   7.66 |   7.36 |  10.00 |   8.92 |I B 
02:32-Sun-May-14-2017 PM2.5 |   3.54 |   3.55 |   3.70 |   3.65 |I B 
02:33-Sun-May-14-2017recover dati per host :92.223.147.77/nodered
02:33-Sun-May-14-2017 PM10  |   9.69 |   7.54 |  10.00 |   8.92 |I I 
02:33-Sun-May-14-2017 PM2.5 |   3.60 |   3.55 |   3.70 |   3.65 |I I 
02:37-Sun-May-14-2017 PM10  |   8.48 |   7.60 |  10.00 |   8.92 |I I 
02:37-Sun-May-14-2017 PM2.5 |   3.49 |   3.55 |   3.70 |   3.65 |I I 
02:38-Sun-May-14-2017 PM10  |  10.05 |   7.77 |  10.00 |   8.92 |B B 
02:38-Sun-May-14-2017 PM2.5 |   4.12 |   3.59 |   3.70 |   3.65 |B B 
02:42-Sun-May-14-2017recover dati per host :salvatorehost.no-ip.org/aria
02:42-Sun-May-14-2017recover dati per host :92.223.147.77/nodered
02:42-Sun-May-14-2017 PM10  |   8.05 |   7.78 |  10.00 |   8.92 |I I 
02:42-Sun-May-14-2017 PM2.5 |   3.52 |   3.58 |   3.70 |   3.65 |I I 
02:43-Sun-May-14-2017 PM10  |  10.91 |   7.97 |  10.00 |   8.92 |I I 
02:43-Sun-May-14-2017 PM2.5 |   3.92 |   3.60 |   3.70 |   3.65 |I I 
02:47-Sun-May-14-2017 PM10  |   8.45 |   8.00 |  10.00 |   8.92 |I I 
02:47-Sun-May-14-2017 PM2.5 |   3.60 |   3.60 |   3.70 |   3.65 |I I 
02:48-Sun-May-14-2017 PM10  |   9.34 |   8.07 |  10.00 |   8.92 |I I 
02:48-Sun-May-14-2017 PM2.5 |   4.18 |   3.63 |   3.70 |   3.65 |I I 
02:52-Sun-May-14-2017 PM10  |   8.51 |   8.09 |  10.00 |   8.92 |I I 
02:52-Sun-May-14-2017 PM2.5 |   3.82 |   3.64 |   3.70 |   3.65 |I I 
02:53-Sun-May-14-2017 PM10  |   9.25 |   8.14 |  10.00 |   8.92 |I I 
02:53-Sun-May-14-2017 PM2.5 |   4.29 |   3.67 |   3.70 |   3.65 |I I 
02:57-Sun-May-14-2017 PM10  |   5.69 |   8.03 |  10.00 |   8.92 |I I 
02:57-Sun-May-14-2017 PM2.5 |   3.70 |   3.67 |   3.70 |   3.65 |I I 
02:58-Sun-May-14-2017 PM10  |   8.34 |   8.05 |  10.00 |   8.92 |I B 
02:58-Sun-May-14-2017 PM2.5 |   3.70 |   3.68 |   3.70 |   3.65 |I B 
03:01-Sun-May-14-2017recover dati per host :92.223.147.77/nodered
03:01-Sun-May-14-2017 PM10  |   8.42 |   8.06 |  10.00 |   8.06 |I I 
03:01-Sun-May-14-2017 PM2.5 |   3.55 |   3.67 |   3.70 |   3.65 |I I 
03:02-Sun-May-14-2017 PM10  |   8.76 |   8.76 |  10.00 |   8.06 |I B 
03:02-Sun-May-14-2017 PM2.5 |   3.76 |   3.76 |   3.70 |   3.65 |I B 
03:06-Sun-May-14-2017recover dati per host :92.223.147.77/nodered
03:06-Sun-May-14-2017 PM10  |   7.04 |   7.90 |  10.00 |   8.06 |I I 
03:06-Sun-May-14-2017 PM2.5 |   3.29 |   3.52 |   3.70 |   3.65 |I I 
03:07-Sun-May-14-2017 PM10  |   7.67 |   7.83 |  10.00 |   8.06 |I B 
03:07-Sun-May-14-2017 PM2.5 |   3.63 |   3.56 |   3.70 |   3.65 |I B 
03:11-Sun-May-14-2017recover dati per host :92.223.147.77/nodered
03:11-Sun-May-14-2017 PM10  |   9.08 |   8.14 |  10.00 |   8.06 |I I 
03:11-Sun-May-14-2017 PM2.5 |   3.55 |   3.56 |   3.70 |   3.65 |I I 
03:13-Sun-May-14-2017 PM10  |   7.45 |   8.00 |  10.00 |   8.06 |B I 
03:13-Sun-May-14-2017 PM2.5 |   3.88 |   3.62 |   3.70 |   3.65 |B I 
03:17-Sun-May-14-2017 PM10  |   6.97 |   7.83 |  10.00 |   8.06 |B B 
03:17-Sun-May-14-2017 PM2.5 |   3.53 |   3.61 |   3.70 |   3.65 |B B 
03:18-Sun-May-14-2017recover dati per host :salvatorehost.no-ip.org/aria
03:18-Sun-May-14-2017 PM10  |   8.03 |   7.86 |  10.00 |   8.06 |I B 
03:18-Sun-May-14-2017 PM2.5 |   3.75 |   3.63 |   3.70 |   3.65 |I B 
03:22-Sun-May-14-2017recover dati per host :92.223.147.77/nodered
03:22-Sun-May-14-2017 PM10  |   6.13 |   7.64 |  10.00 |   8.06 |I I 
03:22-Sun-May-14-2017 PM2.5 |   3.75 |   3.64 |   3.70 |   3.65 |I I 
03:23-Sun-May-14-2017 PM10  |   8.01 |   7.68 |  10.00 |   8.06 |I I 
03:23-Sun-May-14-2017 PM2.5 |   3.72 |   3.65 |   3.70 |   3.65 |I I 
03:27-Sun-May-14-2017 PM10  |   7.71 |   7.68 |  10.00 |   8.06 |I I 
03:27-Sun-May-14-2017 PM2.5 |   3.74 |   3.66 |   3.70 |   3.65 |I I 
03:28-Sun-May-14-2017Timeout Event handler
03:28-Sun-May-14-2017 PM10  |   7.66 |   7.68 |  10.00 |   8.06 |B I 
03:28-Sun-May-14-2017 PM2.5 |   3.44 |   3.64 |   3.70 |   3.65 |B I 
03:32-Sun-May-14-2017Timeout Event handler
03:32-Sun-May-14-2017 PM10  |   6.81 |   7.61 |  10.00 |   8.06 |B B 
03:32-Sun-May-14-2017 PM2.5 |   3.45 |   3.62 |   3.70 |   3.65 |B B 
03:33-Sun-May-14-2017recover dati per host :salvatorehost.no-ip.org/aria
03:33-Sun-May-14-2017recover dati per host :92.223.147.77/nodered
03:33-Sun-May-14-2017 PM10  |  10.22 |   7.81 |  10.00 |   8.06 |I I 
03:33-Sun-May-14-2017 PM2.5 |   3.46 |   3.61 |   3.70 |   3.65 |I I 
03:37-Sun-May-14-2017 PM10  |  10.67 |   8.01 |  10.00 |   8.06 |I I 
03:37-Sun-May-14-2017 PM2.5 |   3.64 |   3.61 |   3.70 |   3.65 |I I 
03:38-Sun-May-14-2017 PM10  |   7.24 |   7.96 |  10.00 |   8.06 |I I 
03:38-Sun-May-14-2017 PM2.5 |   3.42 |   3.60 |   3.70 |   3.65 |I I 
03:41-Sun-May-14-2017 PM10  |   6.18 |   7.85 |  10.00 |   8.06 |I I 
03:41-Sun-May-14-2017 PM2.5 |   3.45 |   3.59 |   3.70 |   3.65 |I I 
03:42-Sun-May-14-2017 PM10  |  10.82 |   8.03 |  10.00 |   8.06 |B I 
03:42-Sun-May-14-2017 PM2.5 |   3.71 |   3.60 |   3.70 |   3.65 |B I 
03:46-Sun-May-14-2017recover dati per host :salvatorehost.no-ip.org/aria
03:46-Sun-May-14-2017 PM10  |   8.33 |   8.04 |  10.00 |   8.06 |I I 
03:46-Sun-May-14-2017 PM2.5 |   3.62 |   3.60 |   3.70 |   3.65 |I I 
03:47-Sun-May-14-2017 PM10  |   7.02 |   7.99 |  10.00 |   8.06 |I I 
03:47-Sun-May-14-2017 PM2.5 |   3.72 |   3.61 |   3.70 |   3.65 |I I 
03:52-Sun-May-14-2017 PM10  |   7.36 |   7.96 |  10.00 |   8.06 |I I 
03:52-Sun-May-14-2017 PM2.5 |   3.66 |   3.61 |   3.70 |   3.65 |I I 
03:53-Sun-May-14-2017 PM10  |   7.55 |   7.94 |  10.00 |   8.06 |B B 
03:53-Sun-May-14-2017 PM2.5 |   3.66 |   3.61 |   3.70 |   3.65 |B B 
03:57-Sun-May-14-2017recover dati per host :salvatorehost.no-ip.org/aria
03:57-Sun-May-14-2017recover dati per host :92.223.147.77/nodered
03:57-Sun-May-14-2017 PM10  |   9.06 |   7.99 |  10.00 |   8.06 |I I 
03:57-Sun-May-14-2017 PM2.5 |   3.55 |   3.61 |   3.70 |   3.65 |I I 
03:58-Sun-May-14-2017 PM10  |   7.35 |   7.96 |  10.00 |   8.06 |B B 
03:58-Sun-May-14-2017 PM2.5 |   3.71 |   3.61 |   3.70 |   3.65 |B B 
04:02-Sun-May-14-2017recover dati per host :salvatorehost.no-ip.org/aria
04:02-Sun-May-14-2017recover dati per host :92.223.147.77/nodered
04:02-Sun-May-14-2017 PM10  |   6.08 |   7.88 |  10.00 |   7.88 |I I 
04:02-Sun-May-14-2017 PM2.5 |   3.33 |   3.60 |   3.70 |   3.60 |I I 
04:03-Sun-May-14-2017 PM10  |   8.32 |   8.32 |  10.00 |   7.88 |I B 
04:03-Sun-May-14-2017 PM2.5 |   3.90 |   3.90 |   3.70 |   3.60 |I B 
04:07-Sun-May-14-2017recover dati per host :92.223.147.77/nodered
04:07-Sun-May-14-2017 PM10  |   8.65 |   8.49 |  10.00 |   7.88 |I I 
04:07-Sun-May-14-2017 PM2.5 |   3.51 |   3.70 |   3.70 |   3.60 |I I 
04:08-Sun-May-14-2017 PM10  |   7.66 |   8.21 |  10.00 |   7.88 |I I 
04:08-Sun-May-14-2017 PM2.5 |   3.70 |   3.70 |   3.70 |   3.60 |I I 
04:12-Sun-May-14-2017 PM10  |  10.71 |   8.83 |  10.00 |   7.88 |I I 
04:12-Sun-May-14-2017 PM2.5 |   3.89 |   3.75 |   3.70 |   3.60 |I I 
04:13-Sun-May-14-2017 PM10  |   8.32 |   8.73 |  10.00 |   7.88 |I I 
04:13-Sun-May-14-2017 PM2.5 |   3.66 |   3.73 |   3.70 |   3.60 |I I 
04:17-Sun-May-14-2017 PM10  |   6.92 |   8.43 |  10.00 |   7.88 |I B 
04:17-Sun-May-14-2017 PM2.5 |   3.57 |   3.70 |   3.70 |   3.60 |I B 
04:18-Sun-May-14-2017 PM10  |  10.07 |   8.66 |  10.00 |   7.88 |I B 
04:18-Sun-May-14-2017 PM2.5 |   3.86 |   3.73 |   3.70 |   3.60 |I B 
04:22-Sun-May-14-2017recover dati per host :92.223.147.77/nodered
04:22-Sun-May-14-2017 PM10  |   7.89 |   8.57 |  10.00 |   7.88 |I I 
04:22-Sun-May-14-2017 PM2.5 |   3.59 |   3.71 |   3.70 |   3.60 |I I 
04:23-Sun-May-14-2017 PM10  |   9.05 |   8.62 |  10.00 |   7.88 |I I 
04:23-Sun-May-14-2017 PM2.5 |   3.89 |   3.73 |   3.70 |   3.60 |I I 
04:26-Sun-May-14-2017 PM10  |   6.07 |   8.37 |  10.00 |   7.88 |B B 
04:26-Sun-May-14-2017 PM2.5 |   3.68 |   3.72 |   3.70 |   3.60 |B B 
04:27-Sun-May-14-2017recover dati per host :salvatorehost.no-ip.org/aria
04:27-Sun-May-14-2017recover dati per host :92.223.147.77/nodered
04:27-Sun-May-14-2017 PM10  |   7.11 |   8.25 |  10.00 |   7.88 |I I 
04:27-Sun-May-14-2017 PM2.5 |   3.98 |   3.75 |   3.70 |   3.60 |I I 
04:31-Sun-May-14-2017 PM10  |   6.66 |   8.12 |  10.00 |   7.88 |B I 
04:31-Sun-May-14-2017 PM2.5 |   3.43 |   3.72 |   3.70 |   3.60 |B I 
04:33-Sun-May-14-2017 PM10  |   7.37 |   8.06 |  10.00 |   7.88 |B B 
04:33-Sun-May-14-2017 PM2.5 |   3.57 |   3.71 |   3.70 |   3.60 |B B 
04:37-Sun-May-14-2017recover dati per host :salvatorehost.no-ip.org/aria
04:37-Sun-May-14-2017recover dati per host :92.223.147.77/nodered
04:37-Sun-May-14-2017 PM10  |   7.47 |   8.02 |  10.00 |   7.88 |I I 
04:37-Sun-May-14-2017 PM2.5 |   3.40 |   3.69 |   3.70 |   3.60 |I I 
04:38-Sun-May-14-2017 PM10  |   8.72 |   8.07 |  10.00 |   7.88 |I I 
04:38-Sun-May-14-2017 PM2.5 |   3.62 |   3.68 |   3.70 |   3.60 |I I 
04:42-Sun-May-14-2017 PM10  |   8.00 |   8.06 |  10.00 |   7.88 |I I 
04:42-Sun-May-14-2017 PM2.5 |   3.38 |   3.66 |   3.70 |   3.60 |I I 
04:43-Sun-May-14-2017 PM10  |   8.61 |   8.09 |  10.00 |   7.88 |B I 
04:43-Sun-May-14-2017 PM2.5 |   3.75 |   3.67 |   3.70 |   3.60 |B I 
04:47-Sun-May-14-2017 PM10  |   6.87 |   8.03 |  10.00 |   7.88 |B I 
04:47-Sun-May-14-2017 PM2.5 |   3.48 |   3.66 |   3.70 |   3.60 |B I 
04:48-Sun-May-14-2017recover dati per host :salvatorehost.no-ip.org/aria
04:48-Sun-May-14-2017 PM10  |   8.61 |   8.06 |  10.00 |   7.88 |I I 
04:48-Sun-May-14-2017 PM2.5 |   3.62 |   3.66 |   3.70 |   3.60 |I I 
04:52-Sun-May-14-2017 PM10  |   6.42 |   7.97 |  10.00 |   7.88 |I I 
04:52-Sun-May-14-2017 PM2.5 |   3.20 |   3.63 |   3.70 |   3.60 |I I 
04:53-Sun-May-14-2017 PM10  |  10.32 |   8.09 |  10.00 |   7.88 |I I 
04:53-Sun-May-14-2017 PM2.5 |   3.98 |   3.65 |   3.70 |   3.60 |I I 
04:57-Sun-May-14-2017 PM10  |   7.07 |   8.04 |  10.00 |   7.88 |I B 
04:57-Sun-May-14-2017 PM2.5 |   3.43 |   3.64 |   3.70 |   3.60 |I B 
04:58-Sun-May-14-2017 PM10  |   8.65 |   8.07 |  10.00 |   7.88 |I B 
04:58-Sun-May-14-2017 PM2.5 |   3.61 |   3.64 |   3.70 |   3.60 |I B 
05:02-Sun-May-14-2017 PM10  |   6.69 |   8.01 |  10.00 |   7.88 |B B 
05:02-Sun-May-14-2017 PM2.5 |   3.50 |   3.63 |   3.70 |   3.60 |B B 
05:03-Sun-May-14-2017recover dati per host :salvatorehost.no-ip.org/aria
05:03-Sun-May-14-2017recover dati per host :92.223.147.77/nodered
05:03-Sun-May-14-2017 PM10  |   8.57 |   8.57 |  10.00 |   7.88 |I I 
05:03-Sun-May-14-2017 PM2.5 |   4.20 |   4.20 |   3.70 |   3.60 |I I 
05:06-Sun-May-14-2017 PM10  |   6.64 |   7.60 |  10.00 |   7.88 |I I 
05:06-Sun-May-14-2017 PM2.5 |   3.43 |   3.82 |   3.70 |   3.60 |I I 
05:07-Sun-May-14-2017 PM10  |   8.36 |   7.85 |  10.00 |   7.88 |B B 
05:07-Sun-May-14-2017 PM2.5 |   3.85 |   3.83 |   3.70 |   3.60 |B B 
05:11-Sun-May-14-2017recover dati per host :salvatorehost.no-ip.org/aria
05:11-Sun-May-14-2017recover dati per host :92.223.147.77/nodered
05:11-Sun-May-14-2017 PM10  |   7.02 |   7.65 |  10.00 |   7.88 |I I 
05:11-Sun-May-14-2017 PM2.5 |   3.38 |   3.72 |   3.70 |   3.60 |I I 
05:13-Sun-May-14-2017 PM10  |   7.88 |   7.69 |  10.00 |   7.88 |I I 
05:13-Sun-May-14-2017 PM2.5 |   3.74 |   3.72 |   3.70 |   3.60 |I I 
05:17-Sun-May-14-2017 PM10  |   5.99 |   7.41 |  10.00 |   7.88 |I I 
05:17-Sun-May-14-2017 PM2.5 |   3.37 |   3.66 |   3.70 |   3.60 |I I 
05:18-Sun-May-14-2017 PM10  |   7.26 |   7.39 |  10.00 |   7.88 |B B 
05:18-Sun-May-14-2017 PM2.5 |   3.58 |   3.65 |   3.70 |   3.60 |B B 
05:22-Sun-May-14-2017recover dati per host :salvatorehost.no-ip.org/aria
05:22-Sun-May-14-2017recover dati per host :92.223.147.77/nodered
05:22-Sun-May-14-2017 PM10  |   7.10 |   7.35 |  10.00 |   7.88 |I I 
05:22-Sun-May-14-2017 PM2.5 |   3.65 |   3.65 |   3.70 |   3.60 |I I 
05:23-Sun-May-14-2017 PM10  |   6.20 |   7.22 |  10.00 |   7.88 |I B 
05:23-Sun-May-14-2017 PM2.5 |   3.57 |   3.64 |   3.70 |   3.60 |I B 
05:27-Sun-May-14-2017recover dati per host :92.223.147.77/nodered
05:27-Sun-May-14-2017 PM10  |   5.45 |   7.05 |  10.00 |   7.88 |I I 
05:27-Sun-May-14-2017 PM2.5 |   3.47 |   3.62 |   3.70 |   3.60 |I I 
05:28-Sun-May-14-2017 PM10  |   8.98 |   7.22 |  10.00 |   7.88 |I I 
05:28-Sun-May-14-2017 PM2.5 |   3.36 |   3.60 |   3.70 |   3.60 |I I 
05:32-Sun-May-14-2017 PM10  |   8.80 |   7.35 |  10.00 |   7.88 |I I 
05:32-Sun-May-14-2017 PM2.5 |   3.44 |   3.59 |   3.70 |   3.60 |I I 
05:33-Sun-May-14-2017 PM10  |   8.47 |   7.44 |  10.00 |   7.88 |I B 
05:33-Sun-May-14-2017 PM2.5 |   3.75 |   3.60 |   3.70 |   3.60 |I B 
05:37-Sun-May-14-2017recover dati per host :92.223.147.77/nodered
05:37-Sun-May-14-2017 PM10  |   6.74 |   7.39 |  10.00 |   7.88 |I I 
05:37-Sun-May-14-2017 PM2.5 |   3.36 |   3.58 |   3.70 |   3.60 |I I 
05:38-Sun-May-14-2017 PM10  |   5.98 |   7.29 |  10.00 |   7.88 |I B 
05:38-Sun-May-14-2017 PM2.5 |   3.43 |   3.57 |   3.70 |   3.60 |I B 
05:42-Sun-May-14-2017recover dati per host :92.223.147.77/nodered
05:42-Sun-May-14-2017 PM10  |   7.07 |   7.28 |  10.00 |   7.88 |I I 
05:42-Sun-May-14-2017 PM2.5 |   3.26 |   3.55 |   3.70 |   3.60 |I I 
05:43-Sun-May-14-2017 PM10  |   6.95 |   7.26 |  10.00 |   7.88 |B B 
05:43-Sun-May-14-2017 PM2.5 |   3.52 |   3.55 |   3.70 |   3.60 |B B 
05:47-Sun-May-14-2017recover dati per host :92.223.147.77/nodered
05:47-Sun-May-14-2017 PM10  |   5.04 |   7.14 |  10.00 |   7.88 |B I 
05:47-Sun-May-14-2017 PM2.5 |   3.02 |   3.52 |   3.70 |   3.60 |B I 
05:51-Sun-May-14-2017recover dati per host :salvatorehost.no-ip.org/aria
05:51-Sun-May-14-2017 PM10  |   4.66 |   7.01 |  10.00 |   7.88 |I I 
05:51-Sun-May-14-2017 PM2.5 |   3.27 |   3.51 |   3.70 |   3.60 |I I 
05:52-Sun-May-14-2017 PM10  |   8.27 |   7.07 |  10.00 |   7.88 |I I 
05:52-Sun-May-14-2017 PM2.5 |   3.43 |   3.50 |   3.70 |   3.60 |I I 
05:57-Sun-May-14-2017 PM10  |   6.72 |   7.05 |  10.00 |   7.88 |I I 
05:57-Sun-May-14-2017 PM2.5 |   3.28 |   3.49 |   3.70 |   3.60 |I I 
05:58-Sun-May-14-2017 PM10  |   7.38 |   7.07 |  10.00 |   7.88 |B I 
05:58-Sun-May-14-2017 PM2.5 |   3.64 |   3.50 |   3.70 |   3.60 |B I 
06:02-Sun-May-14-2017recover dati per host :salvatorehost.no-ip.org/aria
06:02-Sun-May-14-2017 PM10  |   6.27 |   7.03 |  10.00 |   7.03 |I I 
06:02-Sun-May-14-2017 PM2.5 |   3.07 |   3.48 |   3.70 |   3.48 |I I 
06:03-Sun-May-14-2017 PM10  |   8.06 |   8.06 |  10.00 |   7.03 |I I 
06:03-Sun-May-14-2017 PM2.5 |   3.84 |   3.84 |   3.70 |   3.48 |I I 
06:07-Sun-May-14-2017 PM10  |   6.45 |   7.26 |  10.00 |   7.03 |B B 
06:07-Sun-May-14-2017 PM2.5 |   3.42 |   3.63 |   3.70 |   3.48 |B B 
06:08-Sun-May-14-2017recover dati per host :salvatorehost.no-ip.org/aria
06:08-Sun-May-14-2017recover dati per host :92.223.147.77/nodered
06:08-Sun-May-14-2017 PM10  |   9.41 |   7.97 |  10.00 |   7.03 |I I 
06:08-Sun-May-14-2017 PM2.5 |   3.58 |   3.61 |   3.70 |   3.48 |I I 
06:12-Sun-May-14-2017 PM10  |   9.22 |   8.29 |  10.00 |   7.03 |I I 
06:12-Sun-May-14-2017 PM2.5 |   3.32 |   3.54 |   3.70 |   3.48 |I I 
06:13-Sun-May-14-2017 PM10  |   6.83 |   7.99 |  10.00 |   7.03 |I I 
06:13-Sun-May-14-2017 PM2.5 |   3.39 |   3.51 |   3.70 |   3.48 |I I 
06:17-Sun-May-14-2017 PM10  |   6.60 |   7.76 |  10.00 |   7.03 |B B 
06:17-Sun-May-14-2017 PM2.5 |   3.08 |   3.44 |   3.70 |   3.48 |B B 
06:18-Sun-May-14-2017recover dati per host :salvatorehost.no-ip.org/aria
06:18-Sun-May-14-2017recover dati per host :92.223.147.77/nodered
06:18-Sun-May-14-2017 PM10  |   7.40 |   7.71 |  10.00 |   7.03 |I I 
06:18-Sun-May-14-2017 PM2.5 |   3.23 |   3.41 |   3.70 |   3.48 |I I 
06:22-Sun-May-14-2017 PM10  |   6.50 |   7.56 |  10.00 |   7.03 |B I 
06:22-Sun-May-14-2017 PM2.5 |   3.22 |   3.39 |   3.70 |   3.48 |B I 
06:23-Sun-May-14-2017recover dati per host :salvatorehost.no-ip.org/aria
06:23-Sun-May-14-2017 PM10  |   9.79 |   7.81 |  10.00 |   7.03 |I I 
06:23-Sun-May-14-2017 PM2.5 |   3.78 |   3.43 |   3.70 |   3.48 |I I 
06:27-Sun-May-14-2017 PM10  |   7.01 |   7.73 |  10.00 |   7.03 |I B 
06:27-Sun-May-14-2017 PM2.5 |   3.29 |   3.42 |   3.70 |   3.48 |I B 
06:28-Sun-May-14-2017recover dati per host :92.223.147.77/nodered
06:28-Sun-May-14-2017 PM10  |   8.02 |   7.75 |  10.00 |   7.03 |I I 
06:28-Sun-May-14-2017 PM2.5 |   3.63 |   3.44 |   3.70 |   3.48 |I I 
06:32-Sun-May-14-2017 PM10  |   6.61 |   7.66 |  10.00 |   7.03 |I I 
06:32-Sun-May-14-2017 PM2.5 |   3.10 |   3.41 |   3.70 |   3.48 |I I 
06:36-Sun-May-14-2017 PM10  |   7.28 |   7.63 |  10.00 |   7.03 |I I 
06:36-Sun-May-14-2017 PM2.5 |   3.60 |   3.42 |   3.70 |   3.48 |I I 
06:38-Sun-May-14-2017 PM10  |   6.33 |   7.54 |  10.00 |   7.03 |I I 
06:38-Sun-May-14-2017 PM2.5 |   3.49 |   3.43 |   3.70 |   3.48 |I I 
06:42-Sun-May-14-2017 PM10  |   4.43 |   7.33 |  10.00 |   7.03 |I I 
06:42-Sun-May-14-2017 PM2.5 |   3.08 |   3.40 |   3.70 |   3.48 |I I 
06:43-Sun-May-14-2017 PM10  |   8.65 |   7.41 |  10.00 |   7.03 |B I 
06:43-Sun-May-14-2017 PM2.5 |   3.46 |   3.41 |   3.70 |   3.48 |B I 
06:47-Sun-May-14-2017recover dati per host :salvatorehost.no-ip.org/aria
06:47-Sun-May-14-2017 PM10  |   6.49 |   7.36 |  10.00 |   7.03 |I I 
06:47-Sun-May-14-2017 PM2.5 |   3.18 |   3.39 |   3.70 |   3.48 |I I 
06:48-Sun-May-14-2017 PM10  |   7.84 |   7.38 |  10.00 |   7.03 |I I 
06:48-Sun-May-14-2017 PM2.5 |   3.68 |   3.41 |   3.70 |   3.48 |I I 
06:52-Sun-May-14-2017 PM10  |   6.94 |   7.36 |  10.00 |   7.03 |B I 
06:52-Sun-May-14-2017 PM2.5 |   3.38 |   3.41 |   3.70 |   3.48 |B I 
06:53-Sun-May-14-2017recover dati per host :salvatorehost.no-ip.org/aria
06:53-Sun-May-14-2017 PM10  |   8.00 |   7.39 |  10.00 |   7.03 |I I 
06:53-Sun-May-14-2017 PM2.5 |   3.35 |   3.41 |   3.70 |   3.48 |I I 
06:57-Sun-May-14-2017 PM10  |   6.27 |   7.34 |  10.00 |   7.03 |I I 
06:57-Sun-May-14-2017 PM2.5 |   3.15 |   3.39 |   3.70 |   3.48 |I I 
06:58-Sun-May-14-2017 PM10  |   7.35 |   7.34 |  10.00 |   7.03 |B B 
06:58-Sun-May-14-2017 PM2.5 |   3.27 |   3.39 |   3.70 |   3.48 |B B 
07:02-Sun-May-14-2017recover dati per host :salvatorehost.no-ip.org/aria
07:02-Sun-May-14-2017recover dati per host :92.223.147.77/nodered
07:02-Sun-May-14-2017 PM10  |   6.98 |   7.32 |  10.00 |   7.03 |I I 
07:02-Sun-May-14-2017 PM2.5 |   3.15 |   3.38 |   3.70 |   3.38 |I I 
07:03-Sun-May-14-2017 PM10  |   5.15 |   5.15 |  10.00 |   7.03 |I I 
07:03-Sun-May-14-2017 PM2.5 |   3.46 |   3.46 |   3.70 |   3.38 |I I 
07:07-Sun-May-14-2017 PM10  |   4.35 |   4.75 |  10.00 |   7.03 |I I 
07:07-Sun-May-14-2017 PM2.5 |   3.01 |   3.24 |   3.70 |   3.38 |I I 
07:08-Sun-May-14-2017 PM10  |   7.37 |   5.62 |  10.00 |   7.03 |I B 
07:08-Sun-May-14-2017 PM2.5 |   3.56 |   3.35 |   3.70 |   3.38 |I B 
07:12-Sun-May-14-2017recover dati per host :92.223.147.77/nodered
07:12-Sun-May-14-2017 PM10  |   5.24 |   5.53 |  10.00 |   7.03 |I I 
07:12-Sun-May-14-2017 PM2.5 |   3.25 |   3.32 |   3.70 |   3.38 |I I 
07:13-Sun-May-14-2017 PM10  |   6.90 |   5.80 |  10.00 |   7.03 |I I 
07:13-Sun-May-14-2017 PM2.5 |   3.41 |   3.34 |   3.70 |   3.38 |I I 
07:17-Sun-May-14-2017 PM10  |   8.23 |   6.21 |  10.00 |   7.03 |I I 
07:17-Sun-May-14-2017 PM2.5 |   3.21 |   3.32 |   3.70 |   3.38 |I I 
07:18-Sun-May-14-2017 PM10  |   6.63 |   6.27 |  10.00 |   7.03 |I I 
07:18-Sun-May-14-2017 PM2.5 |   3.30 |   3.31 |   3.70 |   3.38 |I I 
07:22-Sun-May-14-2017 PM10  |   4.90 |   6.10 |  10.00 |   7.03 |B I 
07:22-Sun-May-14-2017 PM2.5 |   2.98 |   3.27 |   3.70 |   3.38 |B I 
07:23-Sun-May-14-2017recover dati per host :salvatorehost.no-ip.org/aria
07:23-Sun-May-14-2017 PM10  |   7.45 |   6.25 |  10.00 |   7.03 |I I 
07:23-Sun-May-14-2017 PM2.5 |   3.53 |   3.30 |   3.70 |   3.38 |I I 
07:26-Sun-May-14-2017 PM10  |   6.83 |   6.30 |  10.00 |   7.03 |B I 
07:26-Sun-May-14-2017 PM2.5 |   3.22 |   3.29 |   3.70 |   3.38 |B I 
07:28-Sun-May-14-2017recover dati per host :salvatorehost.no-ip.org/aria
07:28-Sun-May-14-2017 PM10  |   7.73 |   6.43 |  10.00 |   7.03 |I I 
07:28-Sun-May-14-2017 PM2.5 |   3.49 |   3.31 |   3.70 |   3.38 |I I 
07:32-Sun-May-14-2017 PM10  |   5.98 |   6.40 |  10.00 |   7.03 |I I 
07:32-Sun-May-14-2017 PM2.5 |   3.25 |   3.31 |   3.70 |   3.38 |I I 
07:33-Sun-May-14-2017 PM10  |   6.76 |   6.42 |  10.00 |   7.03 |I I 
07:33-Sun-May-14-2017 PM2.5 |   3.50 |   3.32 |   3.70 |   3.38 |I I 
07:37-Sun-May-14-2017 PM10  |   6.01 |   6.39 |  10.00 |   7.03 |I I 
07:37-Sun-May-14-2017 PM2.5 |   2.93 |   3.29 |   3.70 |   3.38 |I I 
07:38-Sun-May-14-2017 PM10  |   9.66 |   6.61 |  10.00 |   7.03 |I I 
07:38-Sun-May-14-2017 PM2.5 |   3.57 |   3.31 |   3.70 |   3.38 |I I 
07:42-Sun-May-14-2017 PM10  |   6.03 |   6.58 |  10.00 |   7.03 |I I 
07:42-Sun-May-14-2017 PM2.5 |   3.24 |   3.31 |   3.70 |   3.38 |I I 
07:43-Sun-May-14-2017 PM10  |   8.50 |   6.69 |  10.00 |   7.03 |I I 
07:43-Sun-May-14-2017 PM2.5 |   3.37 |   3.31 |   3.70 |   3.38 |I I 
07:47-Sun-May-14-2017 PM10  |   6.33 |   6.67 |  10.00 |   7.03 |I I 
07:47-Sun-May-14-2017 PM2.5 |   3.13 |   3.30 |   3.70 |   3.38 |I I 
07:48-Sun-May-14-2017 PM10  |  10.83 |   6.89 |  10.00 |   7.03 |I I 
07:48-Sun-May-14-2017 PM2.5 |   3.71 |   3.32 |   3.70 |   3.38 |I I 
07:52-Sun-May-14-2017 PM10  |   6.84 |   6.89 |  10.00 |   7.03 |B I 
07:52-Sun-May-14-2017 PM2.5 |   3.19 |   3.32 |   3.70 |   3.38 |B I 
07:53-Sun-May-14-2017recover dati per host :salvatorehost.no-ip.org/aria
07:53-Sun-May-14-2017 PM10  |  12.57 |   7.16 |  10.00 |   7.03 |I I 
07:53-Sun-May-14-2017 PM2.5 |   3.67 |   3.33 |   3.70 |   3.38 |I I 
07:57-Sun-May-14-2017 PM10  |   7.90 |   7.19 |  10.00 |   7.03 |I I 
07:57-Sun-May-14-2017 PM2.5 |   3.12 |   3.32 |   3.70 |   3.38 |I I 
07:58-Sun-May-14-2017 PM10  |   9.10 |   7.27 |  10.00 |   7.03 |B I 
07:58-Sun-May-14-2017 PM2.5 |   3.37 |   3.32 |   3.70 |   3.38 |B I 
08:02-Sun-May-14-2017 PM10  |   9.32 |   7.36 |  10.00 |   7.03 |B B 
08:02-Sun-May-14-2017 PM2.5 |   2.98 |   3.31 |   3.70 |   3.31 |B B 
08:03-Sun-May-14-2017recover dati per host :salvatorehost.no-ip.org/aria
08:03-Sun-May-14-2017recover dati per host :92.223.147.77/nodered
08:03-Sun-May-14-2017 PM10  |   8.39 |   8.39 |  10.00 |   7.03 |I I 
08:03-Sun-May-14-2017 PM2.5 |   3.74 |   3.74 |   3.70 |   3.31 |I I 
08:07-Sun-May-14-2017 PM10  |   7.52 |   7.95 |  10.00 |   7.03 |I I 
08:07-Sun-May-14-2017 PM2.5 |   3.51 |   3.63 |   3.70 |   3.31 |I I 
08:08-Sun-May-14-2017 PM10  |  10.79 |   8.90 |  10.00 |   7.03 |I I 
08:08-Sun-May-14-2017 PM2.5 |   3.47 |   3.58 |   3.70 |   3.31 |I I 
08:12-Sun-May-14-2017 PM10  |   9.15 |   8.96 |  10.00 |   7.03 |I I 
08:12-Sun-May-14-2017 PM2.5 |   3.43 |   3.54 |   3.70 |   3.31 |I I 
08:13-Sun-May-14-2017 PM10  |   7.52 |   8.67 |  10.00 |   7.03 |I I 
08:13-Sun-May-14-2017 PM2.5 |   3.44 |   3.52 |   3.70 |   3.31 |I I 
08:17-Sun-May-14-2017 PM10  |   8.92 |   8.71 |  10.00 |   7.03 |I I 
08:17-Sun-May-14-2017 PM2.5 |   3.46 |   3.51 |   3.70 |   3.31 |I I 
08:18-Sun-May-14-2017 PM10  |   7.62 |   8.56 |  10.00 |   7.03 |I I 
08:18-Sun-May-14-2017 PM2.5 |   3.51 |   3.51 |   3.70 |   3.31 |I I 
08:22-Sun-May-14-2017 PM10  |   5.77 |   8.21 |  10.00 |   7.03 |I I 
08:22-Sun-May-14-2017 PM2.5 |   3.44 |   3.50 |   3.70 |   3.31 |I I 
08:27-Sun-May-14-2017 PM10  |  10.13 |   8.42 |  10.00 |   7.03 |I I 
08:27-Sun-May-14-2017 PM2.5 |   3.91 |   3.55 |   3.70 |   3.31 |I I 
08:28-Sun-May-14-2017 PM10  |  11.29 |   8.71 |  10.00 |   7.03 |I I 
08:28-Sun-May-14-2017 PM2.5 |   3.66 |   3.56 |   3.70 |   3.31 |I I 
08:32-Sun-May-14-2017 PM10  |   8.84 |   8.72 |  10.00 |   7.03 |I B 
08:32-Sun-May-14-2017 PM2.5 |   3.42 |   3.55 |   3.70 |   3.31 |I B 
08:33-Sun-May-14-2017recover dati per host :92.223.147.77/nodered
08:33-Sun-May-14-2017 PM10  |  11.98 |   8.99 |  10.00 |   7.03 |B I 
08:33-Sun-May-14-2017 PM2.5 |   3.97 |   3.58 |   3.70 |   3.31 |B I 
08:37-Sun-May-14-2017 PM10  |  11.68 |   9.20 |  10.00 |   7.03 |B B 
08:37-Sun-May-14-2017 PM2.5 |   3.76 |   3.59 |   3.70 |   3.31 |B B 
08:38-Sun-May-14-2017recover dati per host :salvatorehost.no-ip.org/aria
08:38-Sun-May-14-2017recover dati per host :92.223.147.77/nodered
08:38-Sun-May-14-2017 PM10  |  11.19 |   9.34 |  10.00 |   7.03 |I I 
08:38-Sun-May-14-2017 PM2.5 |   3.54 |   3.59 |   3.70 |   3.31 |I I 
08:42-Sun-May-14-2017 PM10  |  10.32 |   9.41 |  10.00 |   7.03 |I I 
08:42-Sun-May-14-2017 PM2.5 |   3.29 |   3.57 |   3.70 |   3.31 |I I 
08:43-Sun-May-14-2017 PM10  |  17.88 |   9.94 |  10.00 |   7.03 |I I 
08:43-Sun-May-14-2017 PM2.5 |   4.51 |   3.63 |   3.70 |   3.31 |I I 
08:47-Sun-May-14-2017 PM10  |  10.22 |   9.95 |  10.00 |   7.03 |I I 
08:47-Sun-May-14-2017 PM2.5 |   3.87 |   3.64 |   3.70 |   3.31 |I I 
08:48-Sun-May-14-2017 PM10  |  12.89 |  10.12 |  10.00 |   7.03 |I I 
08:48-Sun-May-14-2017 PM2.5 |   4.09 |   3.67 |   3.70 |   3.31 |I I 
08:52-Sun-May-14-2017 PM10  |  10.75 |  10.15 |  10.00 |   7.03 |I I 
08:52-Sun-May-14-2017 PM2.5 |   3.66 |   3.67 |   3.70 |   3.31 |I I 
08:53-Sun-May-14-2017 PM10  |  17.69 |  10.53 |  10.00 |   7.03 |I I 
08:53-Sun-May-14-2017 PM2.5 |   3.91 |   3.68 |   3.70 |   3.31 |I I 
08:57-Sun-May-14-2017 PM10  |  14.49 |  10.72 |  10.00 |   7.03 |I I 
08:57-Sun-May-14-2017 PM2.5 |   3.83 |   3.69 |   3.70 |   3.31 |I I 
08:58-Sun-May-14-2017 PM10  |  11.02 |  10.73 |  10.00 |   7.03 |I I 
08:58-Sun-May-14-2017 PM2.5 |   3.69 |   3.69 |   3.70 |   3.31 |I I 
09:02-Sun-May-14-2017 PM10  |   9.89 |  10.69 |  10.69 |   7.03 |I I 
09:02-Sun-May-14-2017 PM2.5 |   3.65 |   3.69 |   3.70 |   3.31 |I I 
09:03-Sun-May-14-2017 PM10  |  17.30 |  17.30 |  10.69 |   7.03 |I I 
09:03-Sun-May-14-2017 PM2.5 |   4.35 |   4.35 |   3.70 |   3.31 |I I 
09:07-Sun-May-14-2017 PM10  |  20.92 |  19.11 |  10.69 |   7.03 |I I 
09:07-Sun-May-14-2017 PM2.5 |   4.50 |   4.43 |   3.70 |   3.31 |I I 
09:08-Sun-May-14-2017 PM10  |  17.82 |  18.68 |  10.69 |   7.03 |I I 
09:08-Sun-May-14-2017 PM2.5 |   4.81 |   4.55 |   3.70 |   3.31 |I I 
09:12-Sun-May-14-2017 PM10  |  12.66 |  17.18 |  10.69 |   7.03 |I I 
09:12-Sun-May-14-2017 PM2.5 |   4.32 |   4.50 |   3.70 |   3.31 |I I 
09:13-Sun-May-14-2017 PM10  |  13.41 |  16.42 |  10.69 |   7.03 |I I 
09:13-Sun-May-14-2017 PM2.5 |   4.66 |   4.53 |   3.70 |   3.31 |I I 
09:17-Sun-May-14-2017 PM10  |  16.79 |  16.49 |  10.69 |   7.03 |I I 
09:17-Sun-May-14-2017 PM2.5 |   4.51 |   4.53 |   3.70 |   3.31 |I I 
09:18-Sun-May-14-2017 PM10  |  17.72 |  16.66 |  10.69 |   7.03 |I I 
09:18-Sun-May-14-2017 PM2.5 |   5.25 |   4.63 |   3.70 |   3.31 |I I 
09:22-Sun-May-14-2017 PM10  |  15.89 |  16.57 |  10.69 |   7.03 |I I 
09:22-Sun-May-14-2017 PM2.5 |   4.63 |   4.63 |   3.70 |   3.31 |I I 
09:23-Sun-May-14-2017 PM10  |  16.51 |  16.56 |  10.69 |   7.03 |I I 
09:23-Sun-May-14-2017 PM2.5 |   5.09 |   4.68 |   3.70 |   3.31 |I I 
09:27-Sun-May-14-2017 PM10  |  12.46 |  16.15 |  10.69 |   7.03 |I I 
09:27-Sun-May-14-2017 PM2.5 |   4.43 |   4.65 |   3.70 |   3.31 |I I 
09:28-Sun-May-14-2017 PM10  |  14.93 |  16.04 |  10.69 |   7.03 |I I 
09:28-Sun-May-14-2017 PM2.5 |   4.95 |   4.68 |   3.70 |   3.31 |I I 
09:32-Sun-May-14-2017 PM10  |  13.15 |  15.80 |  10.69 |   7.03 |B I 
09:32-Sun-May-14-2017 PM2.5 |   4.68 |   4.68 |   3.70 |   3.31 |B I 
09:33-Sun-May-14-2017recover dati per host :salvatorehost.no-ip.org/aria
09:33-Sun-May-14-2017 PM10  |  16.11 |  15.82 |  10.69 |   7.03 |I I 
09:33-Sun-May-14-2017 PM2.5 |   4.95 |   4.70 |   3.70 |   3.31 |I I 
09:37-Sun-May-14-2017 PM10  |  14.62 |  15.74 |  10.69 |   7.03 |I I 
09:37-Sun-May-14-2017 PM2.5 |   4.95 |   4.72 |   3.70 |   3.31 |I I 
09:38-Sun-May-14-2017 PM10  |  16.42 |  15.78 |  10.69 |   7.03 |I I 
09:38-Sun-May-14-2017 PM2.5 |   5.17 |   4.75 |   3.70 |   3.31 |I I 
09:42-Sun-May-14-2017 PM10  |  15.67 |  15.77 |  10.69 |   7.03 |B B 
09:42-Sun-May-14-2017 PM2.5 |   4.56 |   4.74 |   3.70 |   3.31 |B B 
09:43-Sun-May-14-2017recover dati per host :salvatorehost.no-ip.org/aria
09:43-Sun-May-14-2017recover dati per host :92.223.147.77/nodered
09:43-Sun-May-14-2017 PM10  |  18.78 |  15.95 |  10.69 |   7.03 |I I 
09:43-Sun-May-14-2017 PM2.5 |   5.00 |   4.75 |   3.70 |   3.31 |I I 
09:47-Sun-May-14-2017 PM10  |  14.23 |  15.86 |  10.69 |   7.03 |I I 
09:47-Sun-May-14-2017 PM2.5 |   4.91 |   4.76 |   3.70 |   3.31 |I I 
09:48-Sun-May-14-2017 PM10  |  15.06 |  15.81 |  10.69 |   7.03 |I I 
09:48-Sun-May-14-2017 PM2.5 |   4.71 |   4.76 |   3.70 |   3.31 |I I 
09:53-Sun-May-14-2017 PM10  |  16.94 |  15.87 |  10.69 |   7.03 |I I 
09:53-Sun-May-14-2017 PM2.5 |   4.71 |   4.76 |   3.70 |   3.31 |I I 
09:54-Sun-May-14-2017 PM10  |  14.45 |  15.80 |  10.69 |   7.03 |I I 
09:54-Sun-May-14-2017 PM2.5 |   4.88 |   4.76 |   3.70 |   3.31 |I I 
09:58-Sun-May-14-2017 PM10  |  10.76 |  15.57 |  10.69 |   7.03 |I I 
09:58-Sun-May-14-2017 PM2.5 |   4.22 |   4.74 |   3.70 |   3.31 |I I 
09:59-Sun-May-14-2017 PM10  |  14.84 |  15.54 |  10.69 |   7.03 |I I 
09:59-Sun-May-14-2017 PM2.5 |   4.63 |   4.73 |   3.70 |   3.31 |I I 
10:02-Sun-May-14-2017 PM10  |  14.53 |  15.50 |  15.50 |   7.03 |I I 
10:02-Sun-May-14-2017 PM2.5 |   4.66 |   4.73 |   4.73 |   3.31 |I I 
10:03-Sun-May-14-2017 PM10  |  14.45 |  14.45 |  15.50 |   7.03 |I I 
10:03-Sun-May-14-2017 PM2.5 |   4.56 |   4.56 |   4.73 |   3.31 |I I 
10:07-Sun-May-14-2017 PM10  |  11.95 |  13.20 |  15.50 |   7.03 |I I 
10:07-Sun-May-14-2017 PM2.5 |   4.27 |   4.41 |   4.73 |   3.31 |I I 
10:08-Sun-May-14-2017 PM10  |  14.88 |  13.76 |  15.50 |   7.03 |I I 
10:08-Sun-May-14-2017 PM2.5 |   4.80 |   4.54 |   4.73 |   3.31 |I I 
10:12-Sun-May-14-2017 PM10  |  11.47 |  13.19 |  15.50 |   7.03 |I I 
10:12-Sun-May-14-2017 PM2.5 |   4.26 |   4.47 |   4.73 |   3.31 |I I 
10:13-Sun-May-14-2017 PM10  |   9.86 |  12.52 |  15.50 |   7.03 |I I 
10:13-Sun-May-14-2017 PM2.5 |   4.46 |   4.47 |   4.73 |   3.31 |I I 
10:17-Sun-May-14-2017 PM10  |  12.31 |  12.49 |  15.50 |   7.03 |I I 
10:17-Sun-May-14-2017 PM2.5 |   4.46 |   4.47 |   4.73 |   3.31 |I I 
10:18-Sun-May-14-2017 PM10  |  14.76 |  12.81 |  15.50 |   7.03 |I I 
10:18-Sun-May-14-2017 PM2.5 |   4.78 |   4.51 |   4.73 |   3.31 |I I 
10:22-Sun-May-14-2017 PM10  |  12.11 |  12.73 |  15.50 |   7.03 |I I 
10:22-Sun-May-14-2017 PM2.5 |   4.04 |   4.45 |   4.73 |   3.31 |I I 
10:23-Sun-May-14-2017 PM10  |  13.06 |  12.76 |  15.50 |   7.03 |I I 
10:23-Sun-May-14-2017 PM2.5 |   4.77 |   4.49 |   4.73 |   3.31 |I I 
10:27-Sun-May-14-2017 PM10  |  14.67 |  12.95 |  15.50 |   7.03 |I I 
10:27-Sun-May-14-2017 PM2.5 |   4.84 |   4.52 |   4.73 |   3.31 |I I 
10:28-Sun-May-14-2017 PM10  |  13.90 |  13.04 |  15.50 |   7.03 |I I 
10:28-Sun-May-14-2017 PM2.5 |   4.89 |   4.56 |   4.73 |   3.31 |I I 
10:32-Sun-May-14-2017 PM10  |  12.61 |  13.00 |  15.50 |   7.03 |I I 
10:32-Sun-May-14-2017 PM2.5 |   4.85 |   4.58 |   4.73 |   3.31 |I I 
10:33-Sun-May-14-2017 PM10  |  15.00 |  13.16 |  15.50 |   7.03 |I I 
10:33-Sun-May-14-2017 PM2.5 |   4.58 |   4.58 |   4.73 |   3.31 |I I 
10:37-Sun-May-14-2017 PM10  |  12.14 |  13.08 |  15.50 |   7.03 |I I 
10:37-Sun-May-14-2017 PM2.5 |   4.21 |   4.55 |   4.73 |   3.31 |I I 
10:38-Sun-May-14-2017 PM10  |  12.24 |  13.03 |  15.50 |   7.03 |I I 
10:38-Sun-May-14-2017 PM2.5 |   4.79 |   4.57 |   4.73 |   3.31 |I I 
10:42-Sun-May-14-2017 PM10  |  11.89 |  12.96 |  15.50 |   7.03 |I I 
10:42-Sun-May-14-2017 PM2.5 |   4.13 |   4.54 |   4.73 |   3.31 |I I 
10:43-Sun-May-14-2017 PM10  |  13.70 |  13.00 |  15.50 |   7.03 |I I 
10:43-Sun-May-14-2017 PM2.5 |   4.48 |   4.54 |   4.73 |   3.31 |I I 
10:47-Sun-May-14-2017 PM10  |  11.87 |  12.94 |  15.50 |   7.03 |I I 
10:47-Sun-May-14-2017 PM2.5 |   4.43 |   4.53 |   4.73 |   3.31 |I I 
10:48-Sun-May-14-2017 PM10  |  11.10 |  12.84 |  15.50 |   7.03 |I I 
10:48-Sun-May-14-2017 PM2.5 |   4.04 |   4.51 |   4.73 |   3.31 |I I 
10:52-Sun-May-14-2017 PM10  |  10.58 |  12.73 |  15.50 |   7.03 |I I 
10:52-Sun-May-14-2017 PM2.5 |   3.98 |   4.48 |   4.73 |   3.31 |I I 
10:53-Sun-May-14-2017 PM10  |  14.75 |  12.82 |  15.50 |   7.03 |I I 
10:53-Sun-May-14-2017 PM2.5 |   4.76 |   4.49 |   4.73 |   3.31 |I I 
10:57-Sun-May-14-2017 PM10  |   9.86 |  12.69 |  15.50 |   7.03 |I I 
10:57-Sun-May-14-2017 PM2.5 |   4.13 |   4.48 |   4.73 |   3.31 |I I 
10:58-Sun-May-14-2017 PM10  |  16.06 |  12.84 |  15.50 |   7.03 |I I 
10:58-Sun-May-14-2017 PM2.5 |   4.92 |   4.50 |   4.73 |   3.31 |I I 
11:02-Sun-May-14-2017 PM10  |  12.19 |  12.81 |  15.50 |   7.03 |I I 
11:02-Sun-May-14-2017 PM2.5 |   4.75 |   4.51 |   4.73 |   3.31 |I I 
11:03-Sun-May-14-2017 PM10  |  15.38 |  15.38 |  15.50 |   7.03 |I I 
11:03-Sun-May-14-2017 PM2.5 |   4.83 |   4.83 |   4.73 |   3.31 |I I 
11:07-Sun-May-14-2017 PM10  |  12.40 |  13.89 |  15.50 |   7.03 |I I 
11:07-Sun-May-14-2017 PM2.5 |   4.29 |   4.56 |   4.73 |   3.31 |I I 
11:08-Sun-May-14-2017 PM10  |  12.00 |  13.26 |  15.50 |   7.03 |I I 
11:08-Sun-May-14-2017 PM2.5 |   4.87 |   4.66 |   4.73 |   3.31 |I I 
11:12-Sun-May-14-2017 PM10  |  10.62 |  12.60 |  15.50 |   7.03 |I I 
11:12-Sun-May-14-2017 PM2.5 |   4.54 |   4.63 |   4.73 |   3.31 |I I 
11:13-Sun-May-14-2017 PM10  |  13.55 |  12.79 |  15.50 |   7.03 |I I 
11:13-Sun-May-14-2017 PM2.5 |   4.86 |   4.68 |   4.73 |   3.31 |I I 
11:17-Sun-May-14-2017 PM10  |  12.60 |  12.76 |  15.50 |   7.03 |I I 
11:17-Sun-May-14-2017 PM2.5 |   4.59 |   4.66 |   4.73 |   3.31 |I I 
11:18-Sun-May-14-2017 PM10  |  11.72 |  12.61 |  15.50 |   7.03 |I I 
11:18-Sun-May-14-2017 PM2.5 |   4.67 |   4.66 |   4.73 |   3.31 |I I 
11:22-Sun-May-14-2017 PM10  |  10.84 |  12.39 |  15.50 |   7.03 |I I 
11:22-Sun-May-14-2017 PM2.5 |   4.33 |   4.62 |   4.73 |   3.31 |I I 
11:23-Sun-May-14-2017 PM10  |  15.79 |  12.77 |  15.50 |   7.03 |I I 
11:23-Sun-May-14-2017 PM2.5 |   4.97 |   4.66 |   4.73 |   3.31 |I I 
11:28-Sun-May-14-2017 PM10  |  11.42 |  12.63 |  15.50 |   7.03 |B B 
11:28-Sun-May-14-2017 PM2.5 |   4.74 |   4.67 |   4.73 |   3.31 |B B 
11:29-Sun-May-14-2017recover dati per host :salvatorehost.no-ip.org/aria
11:29-Sun-May-14-2017recover dati per host :92.223.147.77/nodered
11:29-Sun-May-14-2017 PM10  |  13.87 |  12.75 |  15.50 |   7.03 |I I 
11:29-Sun-May-14-2017 PM2.5 |   4.77 |   4.68 |   4.73 |   3.31 |I I 
11:33-Sun-May-14-2017 PM10  |  14.11 |  12.86 |  15.50 |   7.03 |I I 
11:33-Sun-May-14-2017 PM2.5 |   4.44 |   4.66 |   4.73 |   3.31 |I I 
11:34-Sun-May-14-2017 PM10  |  14.99 |  13.02 |  15.50 |   7.03 |I I 
11:34-Sun-May-14-2017 PM2.5 |   4.76 |   4.67 |   4.73 |   3.31 |I I 
11:38-Sun-May-14-2017 PM10  |  15.30 |  13.19 |  15.50 |   7.03 |I I 
11:38-Sun-May-14-2017 PM2.5 |   4.74 |   4.67 |   4.73 |   3.31 |I I 
11:42-Sun-May-14-2017 PM10  |  13.83 |  13.23 |  15.50 |   7.03 |I I 
11:42-Sun-May-14-2017 PM2.5 |   4.66 |   4.67 |   4.73 |   3.31 |I I 
11:43-Sun-May-14-2017 PM10  |   9.39 |  12.99 |  15.50 |   7.03 |I I 
11:43-Sun-May-14-2017 PM2.5 |   4.48 |   4.66 |   4.73 |   3.31 |I I 
11:47-Sun-May-14-2017 PM10  |  10.35 |  12.83 |  15.50 |   7.03 |I I 
11:47-Sun-May-14-2017 PM2.5 |   4.40 |   4.64 |   4.73 |   3.31 |I I 
11:48-Sun-May-14-2017 PM10  |  13.18 |  12.85 |  15.50 |   7.03 |I I 
11:48-Sun-May-14-2017 PM2.5 |   4.88 |   4.66 |   4.73 |   3.31 |I I 
11:52-Sun-May-14-2017 PM10  |  14.45 |  12.94 |  15.50 |   7.03 |I I 
11:52-Sun-May-14-2017 PM2.5 |   5.13 |   4.68 |   4.73 |   3.31 |I I 
11:53-Sun-May-14-2017 PM10  |  13.50 |  12.97 |  15.50 |   7.03 |I I 
11:53-Sun-May-14-2017 PM2.5 |   4.84 |   4.69 |   4.73 |   3.31 |I I 
11:57-Sun-May-14-2017 PM10  |  12.47 |  12.94 |  15.50 |   7.03 |I I 
11:57-Sun-May-14-2017 PM2.5 |   4.61 |   4.69 |   4.73 |   3.31 |I I 
11:58-Sun-May-14-2017 PM10  |  14.30 |  13.00 |  15.50 |   7.03 |I I 
11:58-Sun-May-14-2017 PM2.5 |   4.65 |   4.68 |   4.73 |   3.31 |I I 
12:02-Sun-May-14-2017 PM10  |  11.98 |  12.96 |  15.50 |   7.03 |I I 
12:02-Sun-May-14-2017 PM2.5 |   4.49 |   4.67 |   4.73 |   3.31 |I I 
12:03-Sun-May-14-2017 PM10  |  14.69 |  14.69 |  15.50 |   7.03 |I I 
12:03-Sun-May-14-2017 PM2.5 |   4.82 |   4.82 |   4.73 |   3.31 |I I 
12:07-Sun-May-14-2017 PM10  |  10.61 |  12.65 |  15.50 |   7.03 |I I 
12:07-Sun-May-14-2017 PM2.5 |   4.55 |   4.69 |   4.73 |   3.31 |I I 
12:08-Sun-May-14-2017 PM10  |  12.07 |  12.46 |  15.50 |   7.03 |I I 
12:08-Sun-May-14-2017 PM2.5 |   5.10 |   4.83 |   4.73 |   3.31 |I I 
12:12-Sun-May-14-2017 PM10  |  13.86 |  12.81 |  15.50 |   7.03 |I I 
12:12-Sun-May-14-2017 PM2.5 |   4.66 |   4.78 |   4.73 |   3.31 |I I 
12:13-Sun-May-14-2017 PM10  |  16.25 |  13.50 |  15.50 |   7.03 |I I 
12:13-Sun-May-14-2017 PM2.5 |   5.29 |   4.88 |   4.73 |   3.31 |I I 
12:17-Sun-May-14-2017 PM10  |  14.37 |  13.64 |  15.50 |   7.03 |I I 
12:17-Sun-May-14-2017 PM2.5 |   4.96 |   4.90 |   4.73 |   3.31 |I I 
12:18-Sun-May-14-2017 PM10  |  11.04 |  13.27 |  15.50 |   7.03 |I I 
12:18-Sun-May-14-2017 PM2.5 |   4.82 |   4.89 |   4.73 |   3.31 |I I 
12:22-Sun-May-14-2017 PM10  |  10.27 |  12.90 |  15.50 |   7.03 |I I 
12:22-Sun-May-14-2017 PM2.5 |   4.66 |   4.86 |   4.73 |   3.31 |I I 
12:23-Sun-May-14-2017 PM10  |  11.46 |  12.74 |  15.50 |   7.03 |I I 
12:23-Sun-May-14-2017 PM2.5 |   5.01 |   4.87 |   4.73 |   3.31 |I I 
12:27-Sun-May-14-2017 PM10  |  12.63 |  12.73 |  15.50 |   7.03 |I I 
12:27-Sun-May-14-2017 PM2.5 |   4.52 |   4.84 |   4.73 |   3.31 |I I 
12:28-Sun-May-14-2017 PM10  |  16.14 |  13.04 |  15.50 |   7.03 |I I 
12:28-Sun-May-14-2017 PM2.5 |   5.06 |   4.86 |   4.73 |   3.31 |I I 
12:32-Sun-May-14-2017 PM10  |  12.75 |  13.01 |  15.50 |   7.03 |I I 
12:32-Sun-May-14-2017 PM2.5 |   4.72 |   4.85 |   4.73 |   3.31 |I I 
12:33-Sun-May-14-2017 PM10  |  13.46 |  13.05 |  15.50 |   7.03 |I I 
12:33-Sun-May-14-2017 PM2.5 |   4.64 |   4.83 |   4.73 |   3.31 |I I 
12:37-Sun-May-14-2017 PM10  |  11.06 |  12.90 |  15.50 |   7.03 |I I 
12:37-Sun-May-14-2017 PM2.5 |   4.35 |   4.80 |   4.73 |   3.31 |I I 
12:38-Sun-May-14-2017 PM10  |  11.43 |  12.81 |  15.50 |   7.03 |B I 
12:38-Sun-May-14-2017 PM2.5 |   4.62 |   4.78 |   4.73 |   3.31 |B I 
12:42-Sun-May-14-2017recover dati per host :salvatorehost.no-ip.org/aria
12:42-Sun-May-14-2017 PM10  |  13.68 |  12.86 |  15.50 |   7.03 |I I 
12:42-Sun-May-14-2017 PM2.5 |   5.01 |   4.80 |   4.73 |   3.31 |I I 
12:43-Sun-May-14-2017 PM10  |  13.23 |  12.88 |  15.50 |   7.03 |B I 
12:43-Sun-May-14-2017 PM2.5 |   4.43 |   4.78 |   4.73 |   3.31 |B I 
12:47-Sun-May-14-2017recover dati per host :salvatorehost.no-ip.org/aria
12:48-Sun-May-14-2017 PM10  |  12.85 |  12.88 |  15.50 |   7.03 |I I 
12:48-Sun-May-14-2017 PM2.5 |   4.14 |   4.74 |   4.73 |   3.31 |I I 
12:49-Sun-May-14-2017 PM10  |   8.81 |  12.67 |  15.50 |   7.03 |I I 
12:49-Sun-May-14-2017 PM2.5 |   4.35 |   4.72 |   4.73 |   3.31 |I I 
12:53-Sun-May-14-2017 PM10  |   8.51 |  12.46 |  15.50 |   7.03 |I I 
12:53-Sun-May-14-2017 PM2.5 |   4.24 |   4.70 |   4.73 |   3.31 |I I 
12:54-Sun-May-14-2017 PM10  |  11.52 |  12.41 |  15.50 |   7.03 |I I 
12:54-Sun-May-14-2017 PM2.5 |   4.67 |   4.70 |   4.73 |   3.31 |I I 
12:58-Sun-May-14-2017 PM10  |  10.37 |  12.32 |  15.50 |   7.03 |I I 
12:58-Sun-May-14-2017 PM2.5 |   4.13 |   4.67 |   4.73 |   3.31 |I I 
12:59-Sun-May-14-2017 PM10  |  10.34 |  12.24 |  15.50 |   7.03 |I I 
12:59-Sun-May-14-2017 PM2.5 |   4.32 |   4.65 |   4.73 |   3.31 |I I 
13:03-Sun-May-14-2017 PM10  |  11.18 |  12.19 |  15.50 |   7.03 |I I 
13:03-Sun-May-14-2017 PM2.5 |   4.39 |   4.64 |   4.73 |   3.31 |I I 
13:04-Sun-May-14-2017 PM10  |  11.27 |  11.27 |  15.50 |   7.03 |I B 
13:04-Sun-May-14-2017 PM2.5 |   4.46 |   4.46 |   4.73 |   3.31 |I B 
13:08-Sun-May-14-2017recover dati per host :92.223.147.77/nodered
13:08-Sun-May-14-2017 PM10  |  10.13 |  10.70 |  15.50 |   7.03 |I I 
13:08-Sun-May-14-2017 PM2.5 |   4.56 |   4.51 |   4.73 |   3.31 |I I 
13:09-Sun-May-14-2017 PM10  |  13.15 |  11.52 |  15.50 |   7.03 |I I 
13:09-Sun-May-14-2017 PM2.5 |   4.84 |   4.62 |   4.73 |   3.31 |I I 
13:13-Sun-May-14-2017 PM10  |  12.33 |  11.72 |  15.50 |   7.03 |I I 
13:13-Sun-May-14-2017 PM2.5 |   4.41 |   4.57 |   4.73 |   3.31 |I I 
13:14-Sun-May-14-2017 PM10  |  14.20 |  12.21 |  15.50 |   7.03 |I I 
13:14-Sun-May-14-2017 PM2.5 |   5.10 |   4.67 |   4.73 |   3.31 |I I 
13:18-Sun-May-14-2017 PM10  |  13.86 |  12.49 |  15.50 |   7.03 |I I 
13:18-Sun-May-14-2017 PM2.5 |   4.65 |   4.67 |   4.73 |   3.31 |I I 
13:19-Sun-May-14-2017 PM10  |  10.02 |  12.14 |  15.50 |   7.03 |I I 
13:19-Sun-May-14-2017 PM2.5 |   4.64 |   4.67 |   4.73 |   3.31 |I I 
13:23-Sun-May-14-2017 PM10  |  11.84 |  12.10 |  15.50 |   7.03 |I I 
13:23-Sun-May-14-2017 PM2.5 |   4.58 |   4.66 |   4.73 |   3.31 |I I 
13:27-Sun-May-14-2017 PM10  |  14.77 |  12.40 |  15.50 |   7.03 |I I 
13:27-Sun-May-14-2017 PM2.5 |   4.97 |   4.69 |   4.73 |   3.31 |I I 
13:28-Sun-May-14-2017 PM10  |  11.14 |  12.27 |  15.50 |   7.03 |I I 
13:28-Sun-May-14-2017 PM2.5 |   4.64 |   4.69 |   4.73 |   3.31 |I I 
13:32-Sun-May-14-2017 PM10  |   9.05 |  11.98 |  15.50 |   7.03 |I I 
13:32-Sun-May-14-2017 PM2.5 |   4.72 |   4.69 |   4.73 |   3.31 |I I 
13:33-Sun-May-14-2017 PM10  |  12.20 |  12.00 |  15.50 |   7.03 |I I 
13:33-Sun-May-14-2017 PM2.5 |   5.00 |   4.72 |   4.73 |   3.31 |I I 
13:37-Sun-May-14-2017 PM10  |  11.04 |  11.92 |  15.50 |   7.03 |I I 
13:37-Sun-May-14-2017 PM2.5 |   4.73 |   4.72 |   4.73 |   3.31 |I I 
13:38-Sun-May-14-2017 PM10  |  12.93 |  11.99 |  15.50 |   7.03 |I I 
13:38-Sun-May-14-2017 PM2.5 |   4.49 |   4.70 |   4.73 |   3.31 |I I 
13:42-Sun-May-14-2017 PM10  |   9.23 |  11.81 |  15.50 |   7.03 |I I 
13:42-Sun-May-14-2017 PM2.5 |   4.15 |   4.66 |   4.73 |   3.31 |I I 
13:43-Sun-May-14-2017 PM10  |   8.23 |  11.59 |  15.50 |   7.03 |I I 
13:43-Sun-May-14-2017 PM2.5 |   4.51 |   4.65 |   4.73 |   3.31 |I I 
13:47-Sun-May-14-2017 PM10  |  10.13 |  11.50 |  15.50 |   7.03 |I I 
13:47-Sun-May-14-2017 PM2.5 |   4.46 |   4.64 |   4.73 |   3.31 |I I 
13:48-Sun-May-14-2017 PM10  |   8.38 |  11.33 |  15.50 |   7.03 |I I 
13:48-Sun-May-14-2017 PM2.5 |   4.44 |   4.63 |   4.73 |   3.31 |I I 
13:52-Sun-May-14-2017 PM10  |   8.25 |  11.17 |  15.50 |   7.03 |I I 
13:52-Sun-May-14-2017 PM2.5 |   4.36 |   4.62 |   4.73 |   3.31 |I I 
13:53-Sun-May-14-2017 PM10  |  11.54 |  11.18 |  15.50 |   7.03 |I I 
13:53-Sun-May-14-2017 PM2.5 |   4.61 |   4.62 |   4.73 |   3.31 |I I 
13:57-Sun-May-14-2017 PM10  |   9.09 |  11.08 |  15.50 |   7.03 |I I 
13:57-Sun-May-14-2017 PM2.5 |   4.23 |   4.60 |   4.73 |   3.31 |I I 
13:58-Sun-May-14-2017 PM10  |   9.51 |  11.01 |  15.50 |   7.03 |I I 
13:58-Sun-May-14-2017 PM2.5 |   4.47 |   4.59 |   4.73 |   3.31 |I I 
14:02-Sun-May-14-2017 PM10  |  11.04 |  11.01 |  15.50 |   7.03 |I I 
14:02-Sun-May-14-2017 PM2.5 |   4.68 |   4.60 |   4.73 |   3.31 |I I 
14:03-Sun-May-14-2017 PM10  |   9.09 |   9.09 |  15.50 |   7.03 |I I 
14:03-Sun-May-14-2017 PM2.5 |   4.44 |   4.44 |   4.73 |   3.31 |I I 
14:07-Sun-May-14-2017 PM10  |   7.14 |   8.12 |  15.50 |   7.03 |I I 
14:07-Sun-May-14-2017 PM2.5 |   4.02 |   4.23 |   4.73 |   3.31 |I I 
14:08-Sun-May-14-2017 PM10  |  10.91 |   9.05 |  15.50 |   7.03 |I I 
14:08-Sun-May-14-2017 PM2.5 |   4.76 |   4.41 |   4.73 |   3.31 |I I 
14:12-Sun-May-14-2017 PM10  |   8.11 |   8.81 |  15.50 |   7.03 |I I 
14:12-Sun-May-14-2017 PM2.5 |   4.05 |   4.32 |   4.73 |   3.31 |I I 
14:13-Sun-May-14-2017 PM10  |  10.01 |   9.05 |  15.50 |   7.03 |I I 
14:13-Sun-May-14-2017 PM2.5 |   4.54 |   4.36 |   4.73 |   3.31 |I I 
14:17-Sun-May-14-2017 PM10  |   9.18 |   9.07 |  15.50 |   7.03 |I I 
14:17-Sun-May-14-2017 PM2.5 |   4.21 |   4.34 |   4.73 |   3.31 |I I 
14:18-Sun-May-14-2017 PM10  |  10.33 |   9.25 |  15.50 |   7.03 |I I 
14:18-Sun-May-14-2017 PM2.5 |   4.54 |   4.37 |   4.73 |   3.31 |I I 
14:22-Sun-May-14-2017 PM10  |   7.19 |   9.00 |  15.50 |   7.03 |I I 
14:22-Sun-May-14-2017 PM2.5 |   4.20 |   4.34 |   4.73 |   3.31 |I I 
14:23-Sun-May-14-2017 PM10  |  11.16 |   9.24 |  15.50 |   7.03 |I I 
14:23-Sun-May-14-2017 PM2.5 |   4.61 |   4.37 |   4.73 |   3.31 |I I 
14:27-Sun-May-14-2017 PM10  |   7.95 |   9.11 |  15.50 |   7.03 |I I 
14:27-Sun-May-14-2017 PM2.5 |   4.34 |   4.37 |   4.73 |   3.31 |I I 
14:28-Sun-May-14-2017 PM10  |  11.25 |   9.30 |  15.50 |   7.03 |I I 
14:28-Sun-May-14-2017 PM2.5 |   4.45 |   4.38 |   4.73 |   3.31 |I I 
14:32-Sun-May-14-2017 PM10  |   7.11 |   9.12 |  15.50 |   7.03 |I I 
14:32-Sun-May-14-2017 PM2.5 |   4.44 |   4.38 |   4.73 |   3.31 |I I 
14:33-Sun-May-14-2017 PM10  |  11.31 |   9.29 |  15.50 |   7.03 |I I 
14:33-Sun-May-14-2017 PM2.5 |   4.48 |   4.39 |   4.73 |   3.31 |I I 
14:37-Sun-May-14-2017 PM10  |  11.29 |   9.43 |  15.50 |   7.03 |I I 
14:37-Sun-May-14-2017 PM2.5 |   4.58 |   4.40 |   4.73 |   3.31 |I I 
14:38-Sun-May-14-2017 PM10  |  11.14 |   9.55 |  15.50 |   7.03 |I I 
14:38-Sun-May-14-2017 PM2.5 |   5.01 |   4.44 |   4.73 |   3.31 |I I 
14:42-Sun-May-14-2017 PM10  |   9.39 |   9.54 |  15.50 |   7.03 |I I 
14:42-Sun-May-14-2017 PM2.5 |   4.34 |   4.44 |   4.73 |   3.31 |I I 
14:43-Sun-May-14-2017 PM10  |  12.99 |   9.74 |  15.50 |   7.03 |I I 
14:43-Sun-May-14-2017 PM2.5 |   5.20 |   4.48 |   4.73 |   3.31 |I I 
14:47-Sun-May-14-2017 PM10  |   9.50 |   9.73 |  15.50 |   7.03 |I I 
14:47-Sun-May-14-2017 PM2.5 |   5.14 |   4.52 |   4.73 |   3.31 |I I 
14:48-Sun-May-14-2017 PM10  |  36.08 |  11.11 |  15.50 |   7.03 |I I 
14:48-Sun-May-14-2017 PM2.5 |   8.47 |   4.73 |   4.73 |   3.31 |I I 
14:52-Sun-May-14-2017 PM10  |  31.33 |  12.12 |  15.50 |   7.03 |I I 
14:52-Sun-May-14-2017 PM2.5 |   8.57 |   4.92 |   4.73 |   3.31 |I I 
14:53-Sun-May-14-2017 PM10  |  35.18 |  13.22 |  15.50 |   7.03 |I I 
14:53-Sun-May-14-2017 PM2.5 |  10.36 |   5.18 |   4.73 |   3.31 |I I 
14:58-Sun-May-14-2017 PM10  |  40.37 |  14.46 |  15.50 |   7.03 |I B 
14:58-Sun-May-14-2017 PM2.5 |  10.67 |   5.43 |   4.73 |   3.31 |I B 
14:59-Sun-May-14-2017recover dati per host :92.223.147.77/nodered
14:59-Sun-May-14-2017 PM10  |  48.91 |  15.95 |  15.50 |   7.03 |I I 
14:59-Sun-May-14-2017 PM2.5 |  15.54 |   5.87 |   4.73 |   3.31 |I I 
15:03-Sun-May-14-2017 PM10  |  52.49 |  17.48 |  17.48 |   7.03 |I I 
15:03-Sun-May-14-2017 PM2.5 |  17.69 |   6.36 |   6.36 |   3.31 |I I 
15:04-Sun-May-14-2017 PM10  |  69.47 |  69.47 |  17.48 |   7.03 |I I 
15:04-Sun-May-14-2017 PM2.5 |  21.55 |  21.55 |   6.36 |   3.31 |I I 
15:08-Sun-May-14-2017 PM10  |  72.48 |  70.97 |  17.48 |   7.03 |I I 
15:08-Sun-May-14-2017 PM2.5 |  22.48 |  22.01 |   6.36 |   3.31 |I I 
15:09-Sun-May-14-2017 PM10  |  65.19 |  69.05 |  17.48 |   7.03 |I I 
15:09-Sun-May-14-2017 PM2.5 |  22.39 |  22.14 |   6.36 |   3.31 |I I 
15:13-Sun-May-14-2017 PM10  |  59.07 |  66.55 |  17.48 |   7.03 |I I 
15:13-Sun-May-14-2017 PM2.5 |  20.92 |  21.83 |   6.36 |   3.31 |I I 
15:17-Sun-May-14-2017 PM10  |  57.92 |  64.82 |  17.48 |   7.03 |I I 
15:17-Sun-May-14-2017 PM2.5 |  20.74 |  21.62 |   6.36 |   3.31 |I I 
15:18-Sun-May-14-2017 PM10  |  55.10 |  63.20 |  17.48 |   7.03 |I I 
15:18-Sun-May-14-2017 PM2.5 |  17.98 |  21.01 |   6.36 |   3.31 |I I 
15:22-Sun-May-14-2017 PM10  |  58.90 |  62.59 |  17.48 |   7.03 |I I 
15:22-Sun-May-14-2017 PM2.5 |  18.48 |  20.65 |   6.36 |   3.31 |I I 
15:23-Sun-May-14-2017 PM10  |  39.47 |  59.70 |  17.48 |   7.03 |I B 
15:23-Sun-May-14-2017 PM2.5 |  16.75 |  20.16 |   6.36 |   3.31 |I B 
15:27-Sun-May-14-2017recover dati per host :92.223.147.77/nodered
15:27-Sun-May-14-2017 PM10  |  42.93 |  57.84 |  17.48 |   7.03 |I I 
15:27-Sun-May-14-2017 PM2.5 |  17.10 |  19.82 |   6.36 |   3.31 |I I 
15:28-Sun-May-14-2017 PM10  |  43.71 |  56.42 |  17.48 |   7.03 |I I 
15:28-Sun-May-14-2017 PM2.5 |  15.61 |  19.40 |   6.36 |   3.31 |I I 
15:32-Sun-May-14-2017 PM10  |  41.71 |  55.09 |  17.48 |   7.03 |I I 
15:32-Sun-May-14-2017 PM2.5 |  16.06 |  19.10 |   6.36 |   3.31 |I I 
15:33-Sun-May-14-2017 PM10  |  37.03 |  53.58 |  17.48 |   7.03 |I I 
15:33-Sun-May-14-2017 PM2.5 |  14.01 |  18.67 |   6.36 |   3.31 |I I 
15:37-Sun-May-14-2017 PM10  |  36.04 |  52.23 |  17.48 |   7.03 |I I 
15:37-Sun-May-14-2017 PM2.5 |  14.19 |  18.33 |   6.36 |   3.31 |I I 
15:38-Sun-May-14-2017 PM10  |  41.66 |  51.48 |  17.48 |   7.03 |I I 
15:38-Sun-May-14-2017 PM2.5 |  13.10 |  17.95 |   6.36 |   3.31 |I I 
15:42-Sun-May-14-2017 PM10  |  40.53 |  50.75 |  17.48 |   7.03 |I I 
15:42-Sun-May-14-2017 PM2.5 |  13.00 |  17.62 |   6.36 |   3.31 |I I 
15:43-Sun-May-14-2017 PM10  |  31.87 |  49.57 |  17.48 |   7.03 |I I 
15:43-Sun-May-14-2017 PM2.5 |  12.45 |  17.30 |   6.36 |   3.31 |I I 
15:47-Sun-May-14-2017 PM10  |  34.50 |  48.68 |  17.48 |   7.03 |I I 
15:47-Sun-May-14-2017 PM2.5 |  12.00 |  16.99 |   6.36 |   3.31 |I I 
15:48-Sun-May-14-2017 PM10  |  34.07 |  47.87 |  17.48 |   7.03 |I I 
15:48-Sun-May-14-2017 PM2.5 |  11.50 |  16.68 |   6.36 |   3.31 |I I 
15:52-Sun-May-14-2017 PM10  |  34.70 |  47.18 |  17.48 |   7.03 |I I 
15:52-Sun-May-14-2017 PM2.5 |  11.56 |  16.41 |   6.36 |   3.31 |I I 
15:53-Sun-May-14-2017 PM10  |  29.94 |  46.31 |  17.48 |   7.03 |I I 
15:53-Sun-May-14-2017 PM2.5 |  10.68 |  16.13 |   6.36 |   3.31 |I I 
15:57-Sun-May-14-2017 PM10  |  24.56 |  45.28 |  17.48 |   7.03 |I I 
15:57-Sun-May-14-2017 PM2.5 |  10.52 |  15.86 |   6.36 |   3.31 |I I 
15:58-Sun-May-14-2017 PM10  |  28.20 |  44.50 |  17.48 |   7.03 |I I 
15:58-Sun-May-14-2017 PM2.5 |   9.90 |  15.59 |   6.36 |   3.31 |I I 
16:02-Sun-May-14-2017 PM10  |  30.59 |  43.90 |  43.90 |   7.03 |I I 
16:02-Sun-May-14-2017 PM2.5 |  10.27 |  15.36 |  15.36 |   3.31 |I I 
16:04-Sun-May-14-2017 PM10  |  20.54 |  20.54 |  43.90 |   7.03 |I I 
16:04-Sun-May-14-2017 PM2.5 |   9.08 |   9.08 |  15.36 |   3.31 |I I 
16:08-Sun-May-14-2017 PM10  |  24.83 |  22.68 |  43.90 |   7.03 |I I 
16:08-Sun-May-14-2017 PM2.5 |   8.96 |   9.02 |  15.36 |   3.31 |I I 
16:09-Sun-May-14-2017 PM10  |  20.23 |  21.86 |  43.90 |   7.03 |I I 
16:09-Sun-May-14-2017 PM2.5 |   8.92 |   8.99 |  15.36 |   3.31 |I I 
16:13-Sun-May-14-2017 PM10  |  20.63 |  21.56 |  43.90 |   7.03 |I I 
16:13-Sun-May-14-2017 PM2.5 |   8.28 |   8.81 |  15.36 |   3.31 |I I 
16:14-Sun-May-14-2017 PM10  |  22.71 |  21.79 |  43.90 |   7.03 |I I 
16:14-Sun-May-14-2017 PM2.5 |   8.65 |   8.78 |  15.36 |   3.31 |I I 
16:18-Sun-May-14-2017 PM10  |  18.77 |  21.28 |  43.90 |   7.03 |I I 
16:18-Sun-May-14-2017 PM2.5 |   8.46 |   8.72 |  15.36 |   3.31 |I I 
16:19-Sun-May-14-2017 PM10  |  17.73 |  20.78 |  43.90 |   7.03 |I I 
16:19-Sun-May-14-2017 PM2.5 |   7.85 |   8.60 |  15.36 |   3.31 |I I 
16:23-Sun-May-14-2017 PM10  |  17.40 |  20.36 |  43.90 |   7.03 |I I 
16:23-Sun-May-14-2017 PM2.5 |   8.10 |   8.54 |  15.36 |   3.31 |I I 
16:24-Sun-May-14-2017 PM10  |  20.63 |  20.39 |  43.90 |   7.03 |I I 
16:24-Sun-May-14-2017 PM2.5 |   7.72 |   8.45 |  15.36 |   3.31 |I I 
16:28-Sun-May-14-2017 PM10  |  17.64 |  20.11 |  43.90 |   7.03 |I I 
16:28-Sun-May-14-2017 PM2.5 |   7.88 |   8.39 |  15.36 |   3.31 |I I 
16:29-Sun-May-14-2017 PM10  |  17.39 |  19.86 |  43.90 |   7.03 |I I 
16:29-Sun-May-14-2017 PM2.5 |   7.43 |   8.30 |  15.36 |   3.31 |I I 
16:33-Sun-May-14-2017 PM10  |  16.37 |  19.57 |  43.90 |   7.03 |I I 
16:33-Sun-May-14-2017 PM2.5 |   7.46 |   8.23 |  15.36 |   3.31 |I I 
16:34-Sun-May-14-2017 PM10  |  17.67 |  19.43 |  43.90 |   7.03 |I I 
16:34-Sun-May-14-2017 PM2.5 |   7.37 |   8.17 |  15.36 |   3.31 |I I 
16:38-Sun-May-14-2017 PM10  |  15.35 |  19.14 |  43.90 |   7.03 |I I 
16:38-Sun-May-14-2017 PM2.5 |   6.98 |   8.08 |  15.36 |   3.31 |I I 
16:39-Sun-May-14-2017 PM10  |  17.08 |  19.00 |  43.90 |   7.03 |I I 
16:39-Sun-May-14-2017 PM2.5 |   6.96 |   8.01 |  15.36 |   3.31 |I I 
16:43-Sun-May-14-2017 PM10  |  13.21 |  18.64 |  43.90 |   7.03 |I I 
16:43-Sun-May-14-2017 PM2.5 |   6.82 |   7.93 |  15.36 |   3.31 |I I 
16:44-Sun-May-14-2017 PM10  |  14.63 |  18.40 |  43.90 |   7.03 |I I 
16:44-Sun-May-14-2017 PM2.5 |   7.12 |   7.88 |  15.36 |   3.31 |I I 
16:48-Sun-May-14-2017 PM10  |  15.00 |  18.21 |  43.90 |   7.03 |I I 
16:48-Sun-May-14-2017 PM2.5 |   6.53 |   7.81 |  15.36 |   3.31 |I I 
16:49-Sun-May-14-2017 PM10  |  15.96 |  18.09 |  43.90 |   7.03 |I I 
16:49-Sun-May-14-2017 PM2.5 |   6.47 |   7.74 |  15.36 |   3.31 |I I 
16:53-Sun-May-14-2017 PM10  |  16.02 |  17.99 |  43.90 |   7.03 |I I 
16:53-Sun-May-14-2017 PM2.5 |   6.47 |   7.68 |  15.36 |   3.31 |I I 
16:54-Sun-May-14-2017 PM10  |  14.91 |  17.84 |  43.90 |   7.03 |I I 
16:54-Sun-May-14-2017 PM2.5 |   6.65 |   7.63 |  15.36 |   3.31 |I I 
16:58-Sun-May-14-2017 PM10  |  15.03 |  17.72 |  43.90 |   7.03 |I I 
16:58-Sun-May-14-2017 PM2.5 |   6.84 |   7.59 |  15.36 |   3.31 |I I 
16:59-Sun-May-14-2017 PM10  |  12.26 |  17.48 |  43.90 |   7.03 |I I 
16:59-Sun-May-14-2017 PM2.5 |   5.85 |   7.51 |  15.36 |   3.31 |I I 
17:03-Sun-May-14-2017 PM10  |  11.83 |  17.24 |  43.90 |   7.03 |I I 
17:03-Sun-May-14-2017 PM2.5 |   6.41 |   7.47 |  15.36 |   3.31 |I I 
17:07-Sun-May-14-2017 PM10  |  14.85 |  14.85 |  43.90 |   7.03 |I I 
17:07-Sun-May-14-2017 PM2.5 |   6.08 |   6.08 |  15.36 |   3.31 |I I 
17:08-Sun-May-14-2017 PM10  |  14.88 |  14.86 |  43.90 |   7.03 |I I 
17:08-Sun-May-14-2017 PM2.5 |   6.36 |   6.22 |  15.36 |   3.31 |I I 
17:12-Sun-May-14-2017 PM10  |  16.94 |  15.56 |  43.90 |   7.03 |I I 
17:12-Sun-May-14-2017 PM2.5 |   6.15 |   6.20 |  15.36 |   3.31 |I I 
17:13-Sun-May-14-2017 PM10  |  13.36 |  15.01 |  43.90 |   7.03 |I I 
17:13-Sun-May-14-2017 PM2.5 |   5.99 |   6.14 |  15.36 |   3.31 |I I 
17:17-Sun-May-14-2017 PM10  |  13.24 |  14.65 |  43.90 |   7.03 |I B 
17:17-Sun-May-14-2017 PM2.5 |   6.16 |   6.15 |  15.36 |   3.31 |I B 
17:18-Sun-May-14-2017recover dati per host :92.223.147.77/nodered
17:18-Sun-May-14-2017 PM10  |  19.38 |  15.44 |  43.90 |   7.03 |I I 
17:18-Sun-May-14-2017 PM2.5 |   6.45 |   6.20 |  15.36 |   3.31 |I I 
17:22-Sun-May-14-2017 PM10  |  16.35 |  15.57 |  43.90 |   7.03 |I I 
17:22-Sun-May-14-2017 PM2.5 |   5.91 |   6.16 |  15.36 |   3.31 |I I 
17:23-Sun-May-14-2017 PM10  |  16.30 |  15.66 |  43.90 |   7.03 |I I 
17:23-Sun-May-14-2017 PM2.5 |   5.86 |   6.12 |  15.36 |   3.31 |I I 
17:27-Sun-May-14-2017 PM10  |  18.54 |  15.98 |  43.90 |   7.03 |I I 
17:27-Sun-May-14-2017 PM2.5 |   5.85 |   6.09 |  15.36 |   3.31 |I I 
17:28-Sun-May-14-2017 PM10  |  11.65 |  15.55 |  43.90 |   7.03 |I I 
17:28-Sun-May-14-2017 PM2.5 |   5.93 |   6.07 |  15.36 |   3.31 |I I 
17:32-Sun-May-14-2017 PM10  |  12.73 |  15.29 |  43.90 |   7.03 |I I 
17:32-Sun-May-14-2017 PM2.5 |   5.58 |   6.03 |  15.36 |   3.31 |I I 
17:33-Sun-May-14-2017 PM10  |  12.28 |  15.04 |  43.90 |   7.03 |I I 
17:33-Sun-May-14-2017 PM2.5 |   6.00 |   6.03 |  15.36 |   3.31 |I I 
17:37-Sun-May-14-2017 PM10  |  14.37 |  14.99 |  43.90 |   7.03 |I I 
17:37-Sun-May-14-2017 PM2.5 |   6.04 |   6.03 |  15.36 |   3.31 |I I 
17:38-Sun-May-14-2017 PM10  |  12.38 |  14.80 |  43.90 |   7.03 |I I 
17:38-Sun-May-14-2017 PM2.5 |   5.76 |   6.01 |  15.36 |   3.31 |I I 
17:42-Sun-May-14-2017 PM10  |  11.02 |  14.55 |  43.90 |   7.03 |I I 
17:42-Sun-May-14-2017 PM2.5 |   5.58 |   5.98 |  15.36 |   3.31 |I I 
17:43-Sun-May-14-2017 PM10  |  10.22 |  14.28 |  43.90 |   7.03 |I I 
17:43-Sun-May-14-2017 PM2.5 |   5.52 |   5.95 |  15.36 |   3.31 |I I 
17:47-Sun-May-14-2017 PM10  |  12.05 |  14.15 |  43.90 |   7.03 |I I 
17:47-Sun-May-14-2017 PM2.5 |   5.54 |   5.93 |  15.36 |   3.31 |I I 
17:48-Sun-May-14-2017 PM10  |  13.10 |  14.09 |  43.90 |   7.03 |I I 
17:48-Sun-May-14-2017 PM2.5 |   5.63 |   5.91 |  15.36 |   3.31 |I I 
17:52-Sun-May-14-2017 PM10  |  10.36 |  13.90 |  43.90 |   7.03 |I I 
17:52-Sun-May-14-2017 PM2.5 |   5.45 |   5.89 |  15.36 |   3.31 |I I 
17:53-Sun-May-14-2017 PM10  |  12.97 |  13.85 |  43.90 |   7.03 |I I 
17:53-Sun-May-14-2017 PM2.5 |   5.76 |   5.88 |  15.36 |   3.31 |I I 
17:57-Sun-May-14-2017 PM10  |  15.59 |  13.93 |  43.90 |   7.03 |I I 
17:57-Sun-May-14-2017 PM2.5 |   5.93 |   5.88 |  15.36 |   3.31 |I I 
17:58-Sun-May-14-2017 PM10  |  14.64 |  13.96 |  43.90 |   7.03 |I I 
17:58-Sun-May-14-2017 PM2.5 |   5.95 |   5.89 |  15.36 |   3.31 |I I 
18:02-Sun-May-14-2017 PM10  |  15.83 |  14.05 |  43.90 |   7.03 |I I 
18:02-Sun-May-14-2017 PM2.5 |   6.01 |   5.89 |  15.36 |   3.31 |I I 
18:03-Sun-May-14-2017 PM10  |  11.32 |  11.32 |  43.90 |   7.03 |I I 
18:03-Sun-May-14-2017 PM2.5 |   5.56 |   5.56 |  15.36 |   3.31 |I I 
18:07-Sun-May-14-2017 PM10  |  10.13 |  10.72 |  43.90 |   7.03 |I I 
18:07-Sun-May-14-2017 PM2.5 |   5.25 |   5.40 |  15.36 |   3.31 |I I 
18:09-Sun-May-14-2017 PM10  |  17.16 |  12.87 |  43.90 |   7.03 |I I 
18:09-Sun-May-14-2017 PM2.5 |   5.90 |   5.57 |  15.36 |   3.31 |I I 
18:13-Sun-May-14-2017 PM10  |  13.73 |  13.08 |  43.90 |   7.03 |I I 
18:13-Sun-May-14-2017 PM2.5 |   5.33 |   5.51 |  15.36 |   3.31 |I I 
18:14-Sun-May-14-2017 PM10  |  11.06 |  12.68 |  43.90 |   7.03 |I I 
18:14-Sun-May-14-2017 PM2.5 |   5.57 |   5.52 |  15.36 |   3.31 |I I 
18:18-Sun-May-14-2017 PM10  |  12.11 |  12.58 |  43.90 |   7.03 |I I 
18:18-Sun-May-14-2017 PM2.5 |   5.53 |   5.52 |  15.36 |   3.31 |I I 
18:19-Sun-May-14-2017 PM10  |  10.67 |  12.31 |  43.90 |   7.03 |I I 
18:19-Sun-May-14-2017 PM2.5 |   5.42 |   5.51 |  15.36 |   3.31 |I I 
18:23-Sun-May-14-2017 PM10  |   9.27 |  11.93 |  43.90 |   7.03 |I I 
18:23-Sun-May-14-2017 PM2.5 |   5.57 |   5.52 |  15.36 |   3.31 |I I 
18:24-Sun-May-14-2017 PM10  |  13.15 |  12.07 |  43.90 |   7.03 |I I 
18:24-Sun-May-14-2017 PM2.5 |   5.57 |   5.52 |  15.36 |   3.31 |I I 
18:28-Sun-May-14-2017 PM10  |   8.31 |  11.69 |  43.90 |   7.03 |I I 
18:28-Sun-May-14-2017 PM2.5 |   5.19 |   5.49 |  15.36 |   3.31 |I I 
18:29-Sun-May-14-2017 PM10  |   9.98 |  11.54 |  43.90 |   7.03 |I I 
18:29-Sun-May-14-2017 PM2.5 |   5.55 |   5.49 |  15.36 |   3.31 |I I 
18:33-Sun-May-14-2017 PM10  |   7.79 |  11.22 |  43.90 |   7.03 |I I 
18:33-Sun-May-14-2017 PM2.5 |   5.34 |   5.48 |  15.36 |   3.31 |I I 
18:34-Sun-May-14-2017 PM10  |  12.06 |  11.29 |  43.90 |   7.03 |I I 
18:34-Sun-May-14-2017 PM2.5 |   5.58 |   5.49 |  15.36 |   3.31 |I I 
18:38-Sun-May-14-2017 PM10  |  10.38 |  11.22 |  43.90 |   7.03 |I I 
18:38-Sun-May-14-2017 PM2.5 |   5.43 |   5.48 |  15.36 |   3.31 |I I 
18:39-Sun-May-14-2017 PM10  |   9.59 |  11.11 |  43.90 |   7.03 |B I 
18:39-Sun-May-14-2017 PM2.5 |   5.24 |   5.47 |  15.36 |   3.31 |B I 
18:43-Sun-May-14-2017 PM10  |   9.44 |  11.01 |  43.90 |   7.03 |B I 
18:43-Sun-May-14-2017 PM2.5 |   5.31 |   5.46 |  15.36 |   3.31 |B I 
18:44-Sun-May-14-2017recover dati per host :salvatorehost.no-ip.org/aria
18:44-Sun-May-14-2017 PM10  |  12.59 |  11.10 |  43.90 |   7.03 |I I 
18:44-Sun-May-14-2017 PM2.5 |   5.50 |   5.46 |  15.36 |   3.31 |I I 
18:48-Sun-May-14-2017 PM10  |  11.23 |  11.11 |  43.90 |   7.03 |I I 
18:48-Sun-May-14-2017 PM2.5 |   5.42 |   5.46 |  15.36 |   3.31 |I I 
18:49-Sun-May-14-2017 PM10  |  13.41 |  11.23 |  43.90 |   7.03 |I I 
18:49-Sun-May-14-2017 PM2.5 |   5.60 |   5.47 |  15.36 |   3.31 |I I 
18:53-Sun-May-14-2017 PM10  |  10.22 |  11.18 |  43.90 |   7.03 |I I 
18:53-Sun-May-14-2017 PM2.5 |   5.35 |   5.46 |  15.36 |   3.31 |I I 
18:54-Sun-May-14-2017 PM10  |  14.56 |  11.34 |  43.90 |   7.03 |I I 
18:54-Sun-May-14-2017 PM2.5 |   5.68 |   5.47 |  15.36 |   3.31 |I I 
18:58-Sun-May-14-2017 PM10  |  13.02 |  11.42 |  43.90 |   7.03 |I I 
18:58-Sun-May-14-2017 PM2.5 |   5.69 |   5.48 |  15.36 |   3.31 |I I 
18:59-Sun-May-14-2017 PM10  |  10.86 |  11.39 |  43.90 |   7.03 |I I 
18:59-Sun-May-14-2017 PM2.5 |   5.23 |   5.47 |  15.36 |   3.31 |I I 
19:03-Sun-May-14-2017 PM10  |  12.91 |  11.46 |  43.90 |   7.03 |I I 
19:03-Sun-May-14-2017 PM2.5 |   5.44 |   5.47 |  15.36 |   3.31 |I I 
19:04-Sun-May-14-2017 PM10  |  11.16 |  11.16 |  43.90 |   7.03 |I I 
19:04-Sun-May-14-2017 PM2.5 |   5.45 |   5.45 |  15.36 |   3.31 |I I 
19:08-Sun-May-14-2017 PM10  |  12.00 |  11.58 |  43.90 |   7.03 |I I 
19:08-Sun-May-14-2017 PM2.5 |   5.40 |   5.42 |  15.36 |   3.31 |I I 
19:09-Sun-May-14-2017 PM10  |  10.89 |  11.35 |  43.90 |   7.03 |I I 
19:09-Sun-May-14-2017 PM2.5 |   5.49 |   5.45 |  15.36 |   3.31 |I I 
19:13-Sun-May-14-2017 PM10  |   8.76 |  10.70 |  43.90 |   7.03 |I I 
19:13-Sun-May-14-2017 PM2.5 |   4.96 |   5.32 |  15.36 |   3.31 |I I 
19:14-Sun-May-14-2017 PM10  |  11.58 |  10.88 |  43.90 |   7.03 |I I 
19:14-Sun-May-14-2017 PM2.5 |   6.07 |   5.47 |  15.36 |   3.31 |I I 
19:18-Sun-May-14-2017 PM10  |  11.48 |  10.98 |  43.90 |   7.03 |I I 
19:18-Sun-May-14-2017 PM2.5 |   5.63 |   5.50 |  15.36 |   3.31 |I I 
19:19-Sun-May-14-2017 PM10  |  11.51 |  11.06 |  43.90 |   7.03 |I I 
19:19-Sun-May-14-2017 PM2.5 |   5.62 |   5.52 |  15.36 |   3.31 |I I 
19:23-Sun-May-14-2017 PM10  |  10.79 |  11.02 |  43.90 |   7.03 |I I 
19:23-Sun-May-14-2017 PM2.5 |   5.21 |   5.48 |  15.36 |   3.31 |I I 
19:24-Sun-May-14-2017 PM10  |  10.95 |  11.01 |  43.90 |   7.03 |I I 
19:24-Sun-May-14-2017 PM2.5 |   5.64 |   5.50 |  15.36 |   3.31 |I I 
19:28-Sun-May-14-2017 PM10  |   9.41 |  10.85 |  43.90 |   7.03 |I I 
19:28-Sun-May-14-2017 PM2.5 |   5.21 |   5.47 |  15.36 |   3.31 |I I 
19:29-Sun-May-14-2017 PM10  |  11.65 |  10.93 |  43.90 |   7.03 |I I 
19:29-Sun-May-14-2017 PM2.5 |   5.47 |   5.47 |  15.36 |   3.31 |I I 
19:33-Sun-May-14-2017 PM10  |  14.70 |  11.24 |  43.90 |   7.03 |I I 
19:33-Sun-May-14-2017 PM2.5 |   5.47 |   5.47 |  15.36 |   3.31 |I I 
19:37-Sun-May-14-2017 PM10  |  14.05 |  11.46 |  43.90 |   7.03 |I I 
19:37-Sun-May-14-2017 PM2.5 |   5.72 |   5.49 |  15.36 |   3.31 |I I 
19:38-Sun-May-14-2017 PM10  |  12.96 |  11.56 |  43.90 |   7.03 |I I 
19:38-Sun-May-14-2017 PM2.5 |   6.23 |   5.54 |  15.36 |   3.31 |I I 
19:42-Sun-May-14-2017 PM10  |  12.83 |  11.65 |  43.90 |   7.03 |I I 
19:42-Sun-May-14-2017 PM2.5 |   5.88 |   5.56 |  15.36 |   3.31 |I I 
19:43-Sun-May-14-2017 PM10  |  15.98 |  11.92 |  43.90 |   7.03 |I I 
19:43-Sun-May-14-2017 PM2.5 |   6.30 |   5.61 |  15.36 |   3.31 |I I 
19:47-Sun-May-14-2017 PM10  |  12.87 |  11.98 |  43.90 |   7.03 |I I 
19:47-Sun-May-14-2017 PM2.5 |   6.12 |   5.64 |  15.36 |   3.31 |I I 
19:48-Sun-May-14-2017 PM10  |  13.51 |  12.06 |  43.90 |   7.03 |I I 
19:48-Sun-May-14-2017 PM2.5 |   5.89 |   5.65 |  15.36 |   3.31 |I I 
19:52-Sun-May-14-2017 PM10  |  14.06 |  12.17 |  43.90 |   7.03 |I I 
19:52-Sun-May-14-2017 PM2.5 |   6.26 |   5.68 |  15.36 |   3.31 |I I 
19:53-Sun-May-14-2017 PM10  |  13.59 |  12.24 |  43.90 |   7.03 |I I 
19:53-Sun-May-14-2017 PM2.5 |   5.73 |   5.69 |  15.36 |   3.31 |I I 
19:57-Sun-May-14-2017 PM10  |  15.70 |  12.40 |  43.90 |   7.03 |I I 
19:57-Sun-May-14-2017 PM2.5 |   5.91 |   5.70 |  15.36 |   3.31 |I I 
19:58-Sun-May-14-2017 PM10  |  15.30 |  12.53 |  43.90 |   7.03 |I I 
19:58-Sun-May-14-2017 PM2.5 |   5.96 |   5.71 |  15.36 |   3.31 |I I 
20:02-Sun-May-14-2017 PM10  |  13.40 |  12.57 |  43.90 |   7.03 |I I 
20:02-Sun-May-14-2017 PM2.5 |   5.78 |   5.71 |  15.36 |   3.31 |I I 
20:03-Sun-May-14-2017 PM10  |  13.70 |  13.70 |  43.90 |   7.03 |I I 
20:03-Sun-May-14-2017 PM2.5 |   5.98 |   5.98 |  15.36 |   3.31 |I I 
20:07-Sun-May-14-2017 PM10  |  14.09 |  13.90 |  43.90 |   7.03 |I I 
20:07-Sun-May-14-2017 PM2.5 |   5.92 |   5.95 |  15.36 |   3.31 |I I 
20:08-Sun-May-14-2017 PM10  |  12.47 |  13.42 |  43.90 |   7.03 |I I 
20:08-Sun-May-14-2017 PM2.5 |   5.58 |   5.83 |  15.36 |   3.31 |I I 
20:12-Sun-May-14-2017 PM10  |  13.81 |  13.52 |  43.90 |   7.03 |I I 
20:12-Sun-May-14-2017 PM2.5 |   6.49 |   5.99 |  15.36 |   3.31 |I I 
20:13-Sun-May-14-2017 PM10  |  12.46 |  13.31 |  43.90 |   7.03 |I I 
20:13-Sun-May-14-2017 PM2.5 |   5.97 |   5.99 |  15.36 |   3.31 |I I 
20:17-Sun-May-14-2017 PM10  |  12.21 |  13.12 |  43.90 |   7.03 |I I 
20:17-Sun-May-14-2017 PM2.5 |   6.05 |   6.00 |  15.36 |   3.31 |I I 
20:19-Sun-May-14-2017 PM10  |  12.76 |  13.07 |  43.90 |   7.03 |I I 
20:19-Sun-May-14-2017 PM2.5 |   5.78 |   5.97 |  15.36 |   3.31 |I I 
20:23-Sun-May-14-2017 PM10  |  12.86 |  13.05 |  43.90 |   7.03 |I I 
20:23-Sun-May-14-2017 PM2.5 |   6.04 |   5.98 |  15.36 |   3.31 |I I 
20:24-Sun-May-14-2017 PM10  |  13.47 |  13.09 |  43.90 |   7.03 |I I 
20:24-Sun-May-14-2017 PM2.5 |   6.46 |   6.03 |  15.36 |   3.31 |I I 
20:28-Sun-May-14-2017 PM10  |  13.36 |  13.12 |  43.90 |   7.03 |I I 
20:28-Sun-May-14-2017 PM2.5 |   6.09 |   6.04 |  15.36 |   3.31 |I I 
20:29-Sun-May-14-2017 PM10  |  12.74 |  13.08 |  43.90 |   7.03 |I I 
20:29-Sun-May-14-2017 PM2.5 |   6.13 |   6.05 |  15.36 |   3.31 |I I 
20:33-Sun-May-14-2017 PM10  |  12.21 |  13.01 |  43.90 |   7.03 |I I 
20:33-Sun-May-14-2017 PM2.5 |   6.20 |   6.06 |  15.36 |   3.31 |I I 
20:34-Sun-May-14-2017 PM10  |  10.94 |  12.85 |  43.90 |   7.03 |I I 
20:34-Sun-May-14-2017 PM2.5 |   5.98 |   6.05 |  15.36 |   3.31 |I I 
20:38-Sun-May-14-2017 PM10  |  11.77 |  12.77 |  43.90 |   7.03 |I I 
20:38-Sun-May-14-2017 PM2.5 |   6.06 |   6.05 |  15.36 |   3.31 |I I 
20:39-Sun-May-14-2017 PM10  |  12.58 |  12.76 |  43.90 |   7.03 |I I 
20:39-Sun-May-14-2017 PM2.5 |   6.29 |   6.07 |  15.36 |   3.31 |I I 
20:43-Sun-May-14-2017 PM10  |  12.10 |  12.72 |  43.90 |   7.03 |I I 
20:43-Sun-May-14-2017 PM2.5 |   6.05 |   6.07 |  15.36 |   3.31 |I I 
20:44-Sun-May-14-2017 PM10  |  13.46 |  12.76 |  43.90 |   7.03 |I I 
20:44-Sun-May-14-2017 PM2.5 |   5.93 |   6.06 |  15.36 |   3.31 |I I 
20:48-Sun-May-14-2017 PM10  |  12.14 |  12.73 |  43.90 |   7.03 |I I 
20:48-Sun-May-14-2017 PM2.5 |   5.88 |   6.05 |  15.36 |   3.31 |I I 
20:49-Sun-May-14-2017 PM10  |  10.99 |  12.64 |  43.90 |   7.03 |I I 
20:49-Sun-May-14-2017 PM2.5 |   5.73 |   6.03 |  15.36 |   3.31 |I I 
20:53-Sun-May-14-2017 PM10  |  11.14 |  12.56 |  43.90 |   7.03 |I I 
20:53-Sun-May-14-2017 PM2.5 |   5.71 |   6.02 |  15.36 |   3.31 |I I 
20:54-Sun-May-14-2017 PM10  |  11.40 |  12.51 |  43.90 |   7.03 |I I 
20:54-Sun-May-14-2017 PM2.5 |   6.20 |   6.03 |  15.36 |   3.31 |I I 
20:58-Sun-May-14-2017 PM10  |  11.24 |  12.45 |  43.90 |   7.03 |I I 
20:58-Sun-May-14-2017 PM2.5 |   6.08 |   6.03 |  15.36 |   3.31 |I I 
20:59-Sun-May-14-2017 PM10  |  12.43 |  12.45 |  43.90 |   7.03 |I I 
20:59-Sun-May-14-2017 PM2.5 |   5.95 |   6.02 |  15.36 |   3.31 |I I 
21:03-Sun-May-14-2017 PM10  |  10.10 |  12.35 |  43.90 |   7.03 |I I 
21:03-Sun-May-14-2017 PM2.5 |   5.81 |   6.02 |  15.36 |   3.31 |I I 
21:04-Sun-May-14-2017 PM10  |  14.05 |  14.05 |  43.90 |   7.03 |I I 
21:04-Sun-May-14-2017 PM2.5 |   5.99 |   5.99 |  15.36 |   3.31 |I I 
21:08-Sun-May-14-2017 PM10  |  13.12 |  13.58 |  43.90 |   7.03 |I I 
21:08-Sun-May-14-2017 PM2.5 |   6.14 |   6.07 |  15.36 |   3.31 |I I 
21:09-Sun-May-14-2017 PM10  |  12.64 |  13.27 |  43.90 |   7.03 |I I 
21:09-Sun-May-14-2017 PM2.5 |   6.41 |   6.18 |  15.36 |   3.31 |I I 
21:13-Sun-May-14-2017 PM10  |  12.65 |  13.11 |  43.90 |   7.03 |I I 
21:13-Sun-May-14-2017 PM2.5 |   6.61 |   6.29 |  15.36 |   3.31 |I I 
21:14-Sun-May-14-2017 PM10  |  14.62 |  13.42 |  43.90 |   7.03 |I I 
21:14-Sun-May-14-2017 PM2.5 |   6.49 |   6.33 |  15.36 |   3.31 |I I 
21:18-Sun-May-14-2017 PM10  |  13.59 |  13.45 |  43.90 |   7.03 |I I 
21:18-Sun-May-14-2017 PM2.5 |   6.25 |   6.32 |  15.36 |   3.31 |I I 
21:19-Sun-May-14-2017 PM10  |  12.17 |  13.26 |  43.90 |   7.03 |I I 
21:19-Sun-May-14-2017 PM2.5 |   5.96 |   6.27 |  15.36 |   3.31 |I I 
21:23-Sun-May-14-2017Timeout Event handler
21:23-Sun-May-14-2017 PM10  |  14.18 |  13.38 |  43.90 |   7.03 |B I 
21:23-Sun-May-14-2017 PM2.5 |   6.09 |   6.24 |  15.36 |   3.31 |B I 
21:24-Sun-May-14-2017recover dati per host :salvatorehost.no-ip.org/aria
21:24-Sun-May-14-2017 PM10  |  11.67 |  13.19 |  43.90 |   7.03 |I I 
21:24-Sun-May-14-2017 PM2.5 |   5.90 |   6.21 |  15.36 |   3.31 |I I 
21:28-Sun-May-14-2017 PM10  |  11.42 |  13.01 |  43.90 |   7.03 |I I 
21:28-Sun-May-14-2017 PM2.5 |   6.02 |   6.19 |  15.36 |   3.31 |I I 
21:32-Sun-May-14-2017 PM10  |  12.36 |  12.95 |  43.90 |   7.03 |I I 
21:32-Sun-May-14-2017 PM2.5 |   5.67 |   6.14 |  15.36 |   3.31 |I I 
21:33-Sun-May-14-2017 PM10  |  12.26 |  12.89 |  43.90 |   7.03 |I I 
21:33-Sun-May-14-2017 PM2.5 |   6.23 |   6.15 |  15.36 |   3.31 |I I 
21:37-Sun-May-14-2017 PM10  |  10.92 |  12.74 |  43.90 |   7.03 |I I 
21:37-Sun-May-14-2017 PM2.5 |   6.04 |   6.14 |  15.36 |   3.31 |I I 
21:38-Sun-May-14-2017 PM10  |  13.20 |  12.78 |  43.90 |   7.03 |I I 
21:38-Sun-May-14-2017 PM2.5 |   5.97 |   6.13 |  15.36 |   3.31 |I I 
21:42-Sun-May-14-2017 PM10  |  17.13 |  13.07 |  43.90 |   7.03 |B I 
21:42-Sun-May-14-2017 PM2.5 |   5.70 |   6.10 |  15.36 |   3.31 |B I 
21:44-Sun-May-14-2017recover dati per host :salvatorehost.no-ip.org/aria
21:44-Sun-May-14-2017 PM10  |  14.70 |  13.17 |  43.90 |   7.03 |I I 
21:44-Sun-May-14-2017 PM2.5 |   5.79 |   6.08 |  15.36 |   3.31 |I I 
21:48-Sun-May-14-2017 PM10  |  14.06 |  13.22 |  43.90 |   7.03 |I B 
21:48-Sun-May-14-2017 PM2.5 |   5.96 |   6.07 |  15.36 |   3.31 |I B 
21:49-Sun-May-14-2017recover dati per host :92.223.147.77/nodered
21:49-Sun-May-14-2017 PM10  |  15.60 |  13.35 |  43.90 |   7.03 |I I 
21:49-Sun-May-14-2017 PM2.5 |   6.23 |   6.08 |  15.36 |   3.31 |I I 
21:53-Sun-May-14-2017 PM10  |  15.11 |  13.45 |  43.90 |   7.03 |I I 
21:53-Sun-May-14-2017 PM2.5 |   5.84 |   6.07 |  15.36 |   3.31 |I I 
21:54-Sun-May-14-2017 PM10  |  16.07 |  13.58 |  43.90 |   7.03 |I I 
21:54-Sun-May-14-2017 PM2.5 |   6.10 |   6.07 |  15.36 |   3.31 |I I 
21:58-Sun-May-14-2017 PM10  |  18.22 |  13.80 |  43.90 |   7.03 |I I 
21:58-Sun-May-14-2017 PM2.5 |   5.95 |   6.06 |  15.36 |   3.31 |I I 
21:59-Sun-May-14-2017 PM10  |  10.29 |  13.64 |  43.90 |   7.03 |I I 
21:59-Sun-May-14-2017 PM2.5 |   5.96 |   6.06 |  15.36 |   3.31 |I I 
22:03-Sun-May-14-2017 PM10  |  12.09 |  13.57 |  43.90 |   7.03 |I I 
22:03-Sun-May-14-2017 PM2.5 |   5.85 |   6.05 |  15.36 |   3.31 |I I 
22:04-Sun-May-14-2017 PM10  |  12.36 |  12.36 |  43.90 |   7.03 |B I 
22:04-Sun-May-14-2017 PM2.5 |   5.94 |   5.94 |  15.36 |   3.31 |B I 
22:08-Sun-May-14-2017recover dati per host :salvatorehost.no-ip.org/aria
22:08-Sun-May-14-2017 PM10  |  10.48 |  11.42 |  43.90 |   7.03 |I I 
22:08-Sun-May-14-2017 PM2.5 |   5.88 |   5.91 |  15.36 |   3.31 |I I 
22:09-Sun-May-14-2017 PM10  |  13.54 |  12.13 |  43.90 |   7.03 |I I 
22:09-Sun-May-14-2017 PM2.5 |   5.68 |   5.84 |  15.36 |   3.31 |I I 
22:13-Sun-May-14-2017 PM10  |  12.00 |  12.09 |  43.90 |   7.03 |I I 
22:13-Sun-May-14-2017 PM2.5 |   5.68 |   5.80 |  15.36 |   3.31 |I I 
22:14-Sun-May-14-2017 PM10  |  10.87 |  11.85 |  43.90 |   7.03 |I I 
22:14-Sun-May-14-2017 PM2.5 |   5.95 |   5.83 |  15.36 |   3.31 |I I 
22:18-Sun-May-14-2017 PM10  |  13.08 |  12.05 |  43.90 |   7.03 |I I 
22:18-Sun-May-14-2017 PM2.5 |   5.75 |   5.81 |  15.36 |   3.31 |I I 
22:19-Sun-May-14-2017 PM10  |  11.66 |  12.00 |  43.90 |   7.03 |I I 
22:19-Sun-May-14-2017 PM2.5 |   6.04 |   5.85 |  15.36 |   3.31 |I I 
22:23-Sun-May-14-2017 PM10  |  13.13 |  12.14 |  43.90 |   7.03 |I I 
22:23-Sun-May-14-2017 PM2.5 |   5.74 |   5.83 |  15.36 |   3.31 |I I 
22:24-Sun-May-14-2017 PM10  |  14.06 |  12.35 |  43.90 |   7.03 |B I 
22:24-Sun-May-14-2017 PM2.5 |   5.56 |   5.80 |  15.36 |   3.31 |B I 
22:28-Sun-May-14-2017recover dati per host :salvatorehost.no-ip.org/aria
22:28-Sun-May-14-2017 PM10  |  11.24 |  12.24 |  43.90 |   7.03 |I I 
22:28-Sun-May-14-2017 PM2.5 |   5.40 |   5.76 |  15.36 |   3.31 |I I 
22:29-Sun-May-14-2017 PM10  |  10.14 |  12.05 |  43.90 |   7.03 |I I 
22:29-Sun-May-14-2017 PM2.5 |   5.72 |   5.76 |  15.36 |   3.31 |I I 
22:33-Sun-May-14-2017 PM10  |  12.32 |  12.07 |  43.90 |   7.03 |I I 
22:33-Sun-May-14-2017 PM2.5 |   5.85 |   5.77 |  15.36 |   3.31 |I I 
22:34-Sun-May-14-2017 PM10  |  12.53 |  12.11 |  43.90 |   7.03 |I I 
22:34-Sun-May-14-2017 PM2.5 |   5.88 |   5.77 |  15.36 |   3.31 |I I 
22:38-Sun-May-14-2017 PM10  |  12.68 |  12.15 |  43.90 |   7.03 |I I 
22:38-Sun-May-14-2017 PM2.5 |   5.54 |   5.76 |  15.36 |   3.31 |I I 
22:39-Sun-May-14-2017 PM10  |  11.80 |  12.13 |  43.90 |   7.03 |I I 
22:39-Sun-May-14-2017 PM2.5 |   5.42 |   5.74 |  15.36 |   3.31 |I I 
22:43-Sun-May-14-2017 PM10  |  14.00 |  12.24 |  43.90 |   7.03 |I I 
22:43-Sun-May-14-2017 PM2.5 |   5.71 |   5.73 |  15.36 |   3.31 |I I 
22:44-Sun-May-14-2017 PM10  |  11.63 |  12.21 |  43.90 |   7.03 |I I 
22:44-Sun-May-14-2017 PM2.5 |   5.74 |   5.73 |  15.36 |   3.31 |I I 
22:47-Sun-May-14-2017 PM10  |  13.33 |  12.27 |  43.90 |   7.03 |I I 
22:47-Sun-May-14-2017 PM2.5 |   5.99 |   5.75 |  15.36 |   3.31 |I I 
22:48-Sun-May-14-2017 PM10  |  10.57 |  12.18 |  43.90 |   7.03 |I I 
22:48-Sun-May-14-2017 PM2.5 |   5.75 |   5.75 |  15.36 |   3.31 |I I 
22:52-Sun-May-14-2017 PM10  |  12.04 |  12.17 |  43.90 |   7.03 |I I 
22:52-Sun-May-14-2017 PM2.5 |   5.39 |   5.73 |  15.36 |   3.31 |I I 
22:53-Sun-May-14-2017 PM10  |  14.06 |  12.26 |  43.90 |   7.03 |I I 
22:53-Sun-May-14-2017 PM2.5 |   5.96 |   5.74 |  15.36 |   3.31 |I I 
22:57-Sun-May-14-2017 PM10  |  11.74 |  12.24 |  43.90 |   7.03 |B I 
22:57-Sun-May-14-2017 PM2.5 |   5.49 |   5.73 |  15.36 |   3.31 |B I 
22:58-Sun-May-14-2017recover dati per host :salvatorehost.no-ip.org/aria
22:59-Sun-May-14-2017 PM10  |  10.31 |  12.16 |  43.90 |   7.03 |I I 
22:59-Sun-May-14-2017 PM2.5 |   5.79 |   5.73 |  15.36 |   3.31 |I I 
23:03-Sun-May-14-2017 PM10  |  12.09 |  12.15 |  43.90 |   7.03 |I I 
23:03-Sun-May-14-2017 PM2.5 |   6.18 |   5.75 |  15.36 |   3.31 |I I 
23:04-Sun-May-14-2017 PM10  |  13.61 |  13.61 |  43.90 |   7.03 |I I 
23:04-Sun-May-14-2017 PM2.5 |   6.03 |   6.03 |  15.36 |   3.31 |I I 
23:08-Sun-May-14-2017 PM10  |  11.82 |  12.71 |  43.90 |   7.03 |I I 
23:08-Sun-May-14-2017 PM2.5 |   5.62 |   5.83 |  15.36 |   3.31 |I I 
23:09-Sun-May-14-2017 PM10  |  10.81 |  12.08 |  43.90 |   7.03 |I I 
23:09-Sun-May-14-2017 PM2.5 |   5.45 |   5.70 |  15.36 |   3.31 |I I 
23:13-Sun-May-14-2017 PM10  |  11.19 |  11.85 |  43.90 |   7.03 |B B 
23:13-Sun-May-14-2017 PM2.5 |   5.37 |   5.62 |  15.36 |   3.31 |B B 
23:14-Sun-May-14-2017recover dati per host :salvatorehost.no-ip.org/aria
23:14-Sun-May-14-2017recover dati per host :92.223.147.77/nodered
23:14-Sun-May-14-2017 PM10  |  11.75 |  11.83 |  43.90 |   7.03 |I I 
23:14-Sun-May-14-2017 PM2.5 |   5.75 |   5.64 |  15.36 |   3.31 |I I 
23:18-Sun-May-14-2017 PM10  |  12.20 |  11.90 |  43.90 |   7.03 |I I 
23:18-Sun-May-14-2017 PM2.5 |   5.67 |   5.65 |  15.36 |   3.31 |I I 
23:19-Sun-May-14-2017 PM10  |  10.65 |  11.72 |  43.90 |   7.03 |I I 
23:19-Sun-May-14-2017 PM2.5 |   5.68 |   5.65 |  15.36 |   3.31 |I I 
23:23-Sun-May-14-2017 PM10  |  12.42 |  11.80 |  43.90 |   7.03 |I I 
23:23-Sun-May-14-2017 PM2.5 |   5.34 |   5.61 |  15.36 |   3.31 |I I 
23:24-Sun-May-14-2017 PM10  |  15.76 |  12.24 |  43.90 |   7.03 |I I 
23:24-Sun-May-14-2017 PM2.5 |   5.95 |   5.65 |  15.36 |   3.31 |I I 
23:28-Sun-May-14-2017 PM10  |  12.42 |  12.26 |  43.90 |   7.03 |I I 
23:28-Sun-May-14-2017 PM2.5 |   5.64 |   5.65 |  15.36 |   3.31 |I I 
23:29-Sun-May-14-2017 PM10  |  11.74 |  12.21 |  43.90 |   7.03 |I I 
23:29-Sun-May-14-2017 PM2.5 |   5.42 |   5.63 |  15.36 |   3.31 |I I 
23:33-Sun-May-14-2017 PM10  |  11.10 |  12.12 |  43.90 |   7.03 |I I 
23:33-Sun-May-14-2017 PM2.5 |   5.42 |   5.61 |  15.36 |   3.31 |I I 
23:34-Sun-May-14-2017 PM10  |  12.04 |  12.11 |  43.90 |   7.03 |I I 
23:34-Sun-May-14-2017 PM2.5 |   5.60 |   5.61 |  15.36 |   3.31 |I I 
23:38-Sun-May-14-2017 PM10  |   9.74 |  11.95 |  43.90 |   7.03 |I I 
23:38-Sun-May-14-2017 PM2.5 |   4.96 |   5.56 |  15.36 |   3.31 |I I 
23:39-Sun-May-14-2017 PM10  |  10.33 |  11.84 |  43.90 |   7.03 |I I 
23:39-Sun-May-14-2017 PM2.5 |   5.27 |   5.54 |  15.36 |   3.31 |I I 
23:43-Sun-May-14-2017 PM10  |  10.35 |  11.74 |  43.90 |   7.03 |I I 
23:43-Sun-May-14-2017 PM2.5 |   5.47 |   5.54 |  15.36 |   3.31 |I I 
23:44-Sun-May-14-2017 PM10  |  11.82 |  11.75 |  43.90 |   7.03 |I I 
23:44-Sun-May-14-2017 PM2.5 |   6.01 |   5.57 |  15.36 |   3.31 |I I 
23:48-Sun-May-14-2017 PM10  |  11.68 |  11.75 |  43.90 |   7.03 |I I 
23:48-Sun-May-14-2017 PM2.5 |   5.31 |   5.55 |  15.36 |   3.31 |I I 
23:49-Sun-May-14-2017 PM10  |  11.05 |  11.71 |  43.90 |   7.03 |I I 
23:49-Sun-May-14-2017 PM2.5 |   5.54 |   5.55 |  15.36 |   3.31 |I I 
23:53-Sun-May-14-2017 PM10  |   8.87 |  11.57 |  43.90 |   7.03 |I I 
23:53-Sun-May-14-2017 PM2.5 |   5.29 |   5.54 |  15.36 |   3.31 |I I 
23:54-Sun-May-14-2017 PM10  |  11.98 |  11.59 |  43.90 |   7.03 |I I 
23:54-Sun-May-14-2017 PM2.5 |   5.57 |   5.54 |  15.36 |   3.31 |I I 
23:58-Sun-May-14-2017 PM10  |   9.58 |  11.50 |  43.90 |   7.03 |I I 
23:58-Sun-May-14-2017 PM2.5 |   5.31 |   5.53 |  15.36 |   3.31 |I I 
23:59-Sun-May-14-2017 PM10  |  11.41 |  11.49 |  43.90 |   7.03 |I B 
23:59-Sun-May-14-2017 PM2.5 |   5.47 |   5.53 |  15.36 |   3.31 |I B 
00:03-Mon-May-15-2017recover dati per host :92.223.147.77/nodered
