[Sun Apr  2 00:00:22 2017] Report del giorno Sunday April 02 2017 -- INVIATO a centraline@googlegroups.com
00:00-Sun-Apr-02-2017 PM2.5 |   9.37 |   7.47 |  10.87 |   4.55 |I I 
00:01-Sun-Apr-02-2017 PM10  |  16.98 |  16.98 |   0.00 |  2000.00|I I 
00:01-Sun-Apr-02-2017 PM2.5 |   8.95 |   8.95 |   0.00 |  2000.00|I I 
00:05-Sun-Apr-02-2017 PM10  |  18.12 |  17.55 |   0.00 |  2000.00|I I 
00:05-Sun-Apr-02-2017 PM2.5 |   9.39 |   9.17 |   0.00 |  2000.00|I I 
00:06-Sun-Apr-02-2017 PM10  |  20.26 |  18.46 |   0.00 |  2000.00|I I 
00:06-Sun-Apr-02-2017 PM2.5 |   8.80 |   9.05 |   0.00 |  2000.00|I I 
00:10-Sun-Apr-02-2017 PM10  |  18.64 |  18.50 |   0.00 |  2000.00|I I 
00:10-Sun-Apr-02-2017 PM2.5 |   8.76 |   8.98 |   0.00 |  2000.00|I I 
00:11-Sun-Apr-02-2017 PM10  |  18.64 |  18.53 |   0.00 |  2000.00|I I 
00:11-Sun-Apr-02-2017 PM2.5 |   8.76 |   8.94 |   0.00 |  2000.00|I I 
00:12-Sun-Apr-02-2017 PM10  |  18.87 |  18.59 |   0.00 |  2000.00|I I 
00:12-Sun-Apr-02-2017 PM2.5 |   8.25 |   8.82 |   0.00 |  2000.00|I I 
00:16-Sun-Apr-02-2017 PM10  |  19.31 |  18.69 |   0.00 |  2000.00|I I 
00:16-Sun-Apr-02-2017 PM2.5 |   8.26 |   8.74 |   0.00 |  2000.00|I I 
00:17-Sun-Apr-02-2017 PM10  |  15.71 |  18.32 |   0.00 |  2000.00|I I 
00:17-Sun-Apr-02-2017 PM2.5 |   7.83 |   8.63 |   0.00 |  2000.00|I I 
00:21-Sun-Apr-02-2017 PM10  |  14.59 |  17.90 |   0.00 |  2000.00|I I 
00:21-Sun-Apr-02-2017 PM2.5 |   8.37 |   8.60 |   0.00 |  2000.00|I I 
00:22-Sun-Apr-02-2017 PM10  |  17.60 |  17.87 |   0.00 |  2000.00|I I 
00:22-Sun-Apr-02-2017 PM2.5 |   8.51 |   8.59 |   0.00 |  2000.00|I I 
00:26-Sun-Apr-02-2017 PM10  |  16.38 |  17.74 |   0.00 |  2000.00|I I 
00:26-Sun-Apr-02-2017 PM2.5 |   8.60 |   8.59 |   0.00 |  2000.00|I I 
00:27-Sun-Apr-02-2017 PM10  |  19.84 |  17.91 |   0.00 |  2000.00|I I 
00:27-Sun-Apr-02-2017 PM2.5 |   8.45 |   8.58 |   0.00 |  2000.00|I I 
00:31-Sun-Apr-02-2017 PM10  |  15.14 |  17.70 |   0.00 |  2000.00|I I 
00:31-Sun-Apr-02-2017 PM2.5 |   7.80 |   8.52 |   0.00 |  2000.00|I I 
00:32-Sun-Apr-02-2017 PM10  |  18.27 |  17.74 |   0.00 |  2000.00|I I 
00:32-Sun-Apr-02-2017 PM2.5 |   8.12 |   8.49 |   0.00 |  2000.00|I I 
00:36-Sun-Apr-02-2017 PM10  |  17.05 |  17.69 |   0.00 |  2000.00|I I 
00:36-Sun-Apr-02-2017 PM2.5 |   8.73 |   8.51 |   0.00 |  2000.00|I I 
00:37-Sun-Apr-02-2017 PM10  |  17.05 |  17.65 |   0.00 |  2000.00|I I 
00:37-Sun-Apr-02-2017 PM2.5 |   8.73 |   8.52 |   0.00 |  2000.00|I I 
00:38-Sun-Apr-02-2017 PM10  |  15.51 |  17.53 |   0.00 |  2000.00|I I 
00:38-Sun-Apr-02-2017 PM2.5 |   7.80 |   8.48 |   0.00 |  2000.00|I I 
00:42-Sun-Apr-02-2017 PM10  |  16.54 |  17.47 |   0.00 |  2000.00|I I 
00:42-Sun-Apr-02-2017 PM2.5 |   8.06 |   8.45 |   0.00 |  2000.00|I I 
00:43-Sun-Apr-02-2017 PM10  |  17.25 |  17.46 |   0.00 |  2000.00|I I 
00:43-Sun-Apr-02-2017 PM2.5 |   7.43 |   8.40 |   0.00 |  2000.00|I I 
00:47-Sun-Apr-02-2017 PM10  |  16.28 |  17.40 |   0.00 |  2000.00|I I 
00:47-Sun-Apr-02-2017 PM2.5 |   8.12 |   8.39 |   0.00 |  2000.00|I I 
00:48-Sun-Apr-02-2017 PM10  |  15.66 |  17.32 |   0.00 |  2000.00|I I 
00:48-Sun-Apr-02-2017 PM2.5 |   7.69 |   8.35 |   0.00 |  2000.00|I I 
00:52-Sun-Apr-02-2017 PM10  |  13.06 |  17.13 |   0.00 |  2000.00|I I 
00:52-Sun-Apr-02-2017 PM2.5 |   7.41 |   8.31 |   0.00 |  2000.00|I I 
00:53-Sun-Apr-02-2017 PM10  |  16.02 |  17.08 |   0.00 |  2000.00|I I 
00:53-Sun-Apr-02-2017 PM2.5 |   7.56 |   8.28 |   0.00 |  2000.00|I I 
00:57-Sun-Apr-02-2017 PM10  |  16.45 |  17.05 |   0.00 |  2000.00|I I 
00:57-Sun-Apr-02-2017 PM2.5 |   8.13 |   8.27 |   0.00 |  2000.00|I I 
00:58-Sun-Apr-02-2017 PM10  |  16.72 |  17.04 |   0.00 |  2000.00|I B 
00:58-Sun-Apr-02-2017 PM2.5 |   7.52 |   8.24 |   0.00 |  2000.00|I B 
01:02-Sun-Apr-02-2017recover dati per host :92.223.147.77/nodered
01:02-Sun-Apr-02-2017 PM10  |  15.93 |  17.00 |  17.00 |  17.00 |I I 
01:02-Sun-Apr-02-2017 PM2.5 |   7.40 |   8.21 |   8.21 |   8.21 |I I 
01:03-Sun-Apr-02-2017 PM10  |  15.93 |  15.93 |  17.00 |  17.00 |I I 
01:03-Sun-Apr-02-2017 PM2.5 |   7.40 |   7.40 |   8.21 |   8.21 |I I 
01:04-Sun-Apr-02-2017 PM10  |  15.56 |  15.75 |  17.00 |  17.00 |I I 
01:04-Sun-Apr-02-2017 PM2.5 |   7.64 |   7.52 |   8.21 |   8.21 |I I 
01:08-Sun-Apr-02-2017 PM10  |  16.15 |  15.88 |  17.00 |  17.00 |I I 
01:08-Sun-Apr-02-2017 PM2.5 |   7.87 |   7.64 |   8.21 |   8.21 |I I 
01:09-Sun-Apr-02-2017 PM10  |  15.51 |  15.79 |  17.00 |  17.00 |I I 
01:09-Sun-Apr-02-2017 PM2.5 |   7.27 |   7.55 |   8.21 |   8.21 |I I 
01:13-Sun-Apr-02-2017 PM10  |  13.44 |  15.32 |  17.00 |  17.00 |I I 
01:13-Sun-Apr-02-2017 PM2.5 |   7.49 |   7.54 |   8.21 |   8.21 |I I 
01:14-Sun-Apr-02-2017 PM10  |  16.95 |  15.59 |  17.00 |  17.00 |I I 
01:14-Sun-Apr-02-2017 PM2.5 |   7.83 |   7.58 |   8.21 |   8.21 |I I 
01:18-Sun-Apr-02-2017 PM10  |  15.76 |  15.61 |  17.00 |  17.00 |I I 
01:18-Sun-Apr-02-2017 PM2.5 |   7.98 |   7.64 |   8.21 |   8.21 |I I 
01:19-Sun-Apr-02-2017 PM10  |  14.38 |  15.46 |  17.00 |  17.00 |I I 
01:19-Sun-Apr-02-2017 PM2.5 |   7.65 |   7.64 |   8.21 |   8.21 |I I 
01:23-Sun-Apr-02-2017 PM10  |  16.68 |  15.60 |  17.00 |  17.00 |I I 
01:23-Sun-Apr-02-2017 PM2.5 |   8.14 |   7.70 |   8.21 |   8.21 |I I 
01:24-Sun-Apr-02-2017 PM10  |  19.07 |  15.94 |  17.00 |  17.00 |I I 
01:24-Sun-Apr-02-2017 PM2.5 |   7.54 |   7.68 |   8.21 |   8.21 |I I 
01:28-Sun-Apr-02-2017 PM10  |  14.84 |  15.84 |  17.00 |  17.00 |I I 
01:28-Sun-Apr-02-2017 PM2.5 |   7.84 |   7.70 |   8.21 |   8.21 |I I 
01:29-Sun-Apr-02-2017 PM10  |  14.84 |  15.76 |  17.00 |  17.00 |I I 
01:29-Sun-Apr-02-2017 PM2.5 |   7.84 |   7.71 |   8.21 |   8.21 |I I 
01:30-Sun-Apr-02-2017 PM10  |  14.96 |  15.70 |  17.00 |  17.00 |I I 
01:30-Sun-Apr-02-2017 PM2.5 |   6.93 |   7.65 |   8.21 |   8.21 |I I 
01:34-Sun-Apr-02-2017 PM10  |  14.36 |  15.60 |  17.00 |  17.00 |I I 
01:34-Sun-Apr-02-2017 PM2.5 |   7.37 |   7.63 |   8.21 |   8.21 |I I 
01:35-Sun-Apr-02-2017 PM10  |  12.97 |  15.43 |  17.00 |  17.00 |I I 
01:35-Sun-Apr-02-2017 PM2.5 |   7.72 |   7.63 |   8.21 |   8.21 |I I 
01:39-Sun-Apr-02-2017 PM10  |  14.49 |  15.37 |  17.00 |  17.00 |I I 
01:39-Sun-Apr-02-2017 PM2.5 |   7.69 |   7.64 |   8.21 |   8.21 |I I 
01:40-Sun-Apr-02-2017 PM10  |  13.70 |  15.27 |  17.00 |  17.00 |I I 
01:40-Sun-Apr-02-2017 PM2.5 |   7.47 |   7.63 |   8.21 |   8.21 |I I 
01:44-Sun-Apr-02-2017 PM10  |  13.82 |  15.19 |  17.00 |  17.00 |I I 
01:44-Sun-Apr-02-2017 PM2.5 |   7.69 |   7.63 |   8.21 |   8.21 |I I 
01:45-Sun-Apr-02-2017 PM10  |  16.08 |  15.24 |  17.00 |  17.00 |I I 
01:45-Sun-Apr-02-2017 PM2.5 |   7.56 |   7.63 |   8.21 |   8.21 |I I 
01:49-Sun-Apr-02-2017 PM10  |  15.29 |  15.24 |  17.00 |  17.00 |I I 
01:49-Sun-Apr-02-2017 PM2.5 |   7.63 |   7.63 |   8.21 |   8.21 |I I 
01:50-Sun-Apr-02-2017 PM10  |  15.20 |  15.24 |  17.00 |  17.00 |I I 
01:50-Sun-Apr-02-2017 PM2.5 |   7.00 |   7.60 |   8.21 |   8.21 |I I 
01:55-Sun-Apr-02-2017 PM10  |  13.69 |  15.17 |  17.00 |  17.00 |I I 
01:55-Sun-Apr-02-2017 PM2.5 |   7.26 |   7.58 |   8.21 |   8.21 |I I 
01:56-Sun-Apr-02-2017 PM10  |  13.69 |  15.10 |  17.00 |  17.00 |I I 
01:56-Sun-Apr-02-2017 PM2.5 |   7.26 |   7.57 |   8.21 |   8.21 |I I 
01:57-Sun-Apr-02-2017 PM10  |  15.46 |  15.12 |  17.00 |  17.00 |I I 
01:57-Sun-Apr-02-2017 PM2.5 |   7.85 |   7.58 |   8.21 |   8.21 |I I 
02:01-Sun-Apr-02-2017 PM10  |  16.72 |  15.18 |  17.00 |  15.18 |I I 
02:01-Sun-Apr-02-2017 PM2.5 |   7.48 |   7.58 |   8.21 |   7.58 |I I 
02:02-Sun-Apr-02-2017 PM10  |  14.11 |  14.11 |  17.00 |  15.18 |I I 
02:02-Sun-Apr-02-2017 PM2.5 |   7.19 |   7.19 |   8.21 |   7.58 |I I 
02:06-Sun-Apr-02-2017 PM10  |  14.61 |  14.36 |  17.00 |  15.18 |I I 
02:06-Sun-Apr-02-2017 PM2.5 |   7.47 |   7.33 |   8.21 |   7.58 |I I 
02:07-Sun-Apr-02-2017 PM10  |  12.68 |  13.80 |  17.00 |  15.18 |I I 
02:07-Sun-Apr-02-2017 PM2.5 |   6.99 |   7.22 |   8.21 |   7.58 |I I 
02:11-Sun-Apr-02-2017 PM10  |  14.82 |  14.05 |  17.00 |  15.18 |I I 
02:11-Sun-Apr-02-2017 PM2.5 |   7.49 |   7.29 |   8.21 |   7.58 |I I 
02:12-Sun-Apr-02-2017 PM10  |  15.44 |  14.33 |  17.00 |  15.18 |I I 
02:12-Sun-Apr-02-2017 PM2.5 |   6.99 |   7.23 |   8.21 |   7.58 |I I 
02:16-Sun-Apr-02-2017 PM10  |  15.72 |  14.56 |  17.00 |  15.18 |I I 
02:16-Sun-Apr-02-2017 PM2.5 |   7.75 |   7.31 |   8.21 |   7.58 |I I 
02:17-Sun-Apr-02-2017 PM10  |  14.95 |  14.62 |  17.00 |  15.18 |I I 
02:17-Sun-Apr-02-2017 PM2.5 |   7.52 |   7.34 |   8.21 |   7.58 |I I 
02:21-Sun-Apr-02-2017 PM10  |  13.87 |  14.52 |  17.00 |  15.18 |I I 
02:21-Sun-Apr-02-2017 PM2.5 |   7.22 |   7.33 |   8.21 |   7.58 |I I 
02:22-Sun-Apr-02-2017 PM10  |  13.87 |  14.45 |  17.00 |  15.18 |I I 
02:22-Sun-Apr-02-2017 PM2.5 |   7.22 |   7.32 |   8.21 |   7.58 |I I 
02:23-Sun-Apr-02-2017 PM10  |  15.29 |  14.53 |  17.00 |  15.18 |I I 
02:23-Sun-Apr-02-2017 PM2.5 |   7.19 |   7.30 |   8.21 |   7.58 |I I 
02:27-Sun-Apr-02-2017 PM10  |  15.47 |  14.62 |  17.00 |  15.18 |I I 
02:27-Sun-Apr-02-2017 PM2.5 |   7.44 |   7.32 |   8.21 |   7.58 |I I 
02:28-Sun-Apr-02-2017 PM10  |  15.22 |  14.67 |  17.00 |  15.18 |I I 
02:28-Sun-Apr-02-2017 PM2.5 |   7.09 |   7.30 |   8.21 |   7.58 |I I 
02:32-Sun-Apr-02-2017 PM10  |  14.10 |  14.63 |  17.00 |  15.18 |I I 
02:32-Sun-Apr-02-2017 PM2.5 |   7.71 |   7.33 |   8.21 |   7.58 |I I 
02:33-Sun-Apr-02-2017 PM10  |  13.29 |  14.53 |  17.00 |  15.18 |I I 
02:33-Sun-Apr-02-2017 PM2.5 |   7.32 |   7.33 |   8.21 |   7.58 |I I 
02:37-Sun-Apr-02-2017 PM10  |  15.46 |  14.59 |  17.00 |  15.18 |I I 
02:37-Sun-Apr-02-2017 PM2.5 |   7.23 |   7.32 |   8.21 |   7.58 |I I 
02:38-Sun-Apr-02-2017 PM10  |  13.49 |  14.52 |  17.00 |  15.18 |I I 
02:38-Sun-Apr-02-2017 PM2.5 |   7.14 |   7.31 |   8.21 |   7.58 |I I 
02:42-Sun-Apr-02-2017 PM10  |  14.59 |  14.53 |  17.00 |  15.18 |I I 
02:42-Sun-Apr-02-2017 PM2.5 |   7.78 |   7.34 |   8.21 |   7.58 |I I 
02:43-Sun-Apr-02-2017 PM10  |  14.35 |  14.52 |  17.00 |  15.18 |I I 
02:43-Sun-Apr-02-2017 PM2.5 |   7.46 |   7.34 |   8.21 |   7.58 |I I 
02:47-Sun-Apr-02-2017 PM10  |  14.05 |  14.49 |  17.00 |  15.18 |I I 
02:47-Sun-Apr-02-2017 PM2.5 |   7.34 |   7.34 |   8.21 |   7.58 |I I 
02:48-Sun-Apr-02-2017 PM10  |  14.05 |  14.47 |  17.00 |  15.18 |I I 
02:48-Sun-Apr-02-2017 PM2.5 |   7.34 |   7.34 |   8.21 |   7.58 |I I 
02:49-Sun-Apr-02-2017 PM10  |  13.18 |  14.41 |  17.00 |  15.18 |I I 
02:49-Sun-Apr-02-2017 PM2.5 |   6.76 |   7.32 |   8.21 |   7.58 |I I 
02:53-Sun-Apr-02-2017 PM10  |  14.00 |  14.39 |  17.00 |  15.18 |I I 
02:53-Sun-Apr-02-2017 PM2.5 |   7.29 |   7.31 |   8.21 |   7.58 |I I 
02:54-Sun-Apr-02-2017 PM10  |  14.39 |  14.39 |  17.00 |  15.18 |I I 
02:54-Sun-Apr-02-2017 PM2.5 |   7.17 |   7.31 |   8.21 |   7.58 |I I 
02:58-Sun-Apr-02-2017 PM10  |  12.04 |  14.29 |  17.00 |  15.18 |I I 
02:58-Sun-Apr-02-2017 PM2.5 |   6.91 |   7.29 |   8.21 |   7.58 |I I 
02:59-Sun-Apr-02-2017 PM10  |  11.69 |  14.19 |  17.00 |  15.18 |I I 
02:59-Sun-Apr-02-2017 PM2.5 |   6.97 |   7.28 |   8.21 |   7.58 |I I 
03:03-Sun-Apr-02-2017 PM10  |  11.91 |  14.10 |  17.00 |  14.10 |I I 
03:03-Sun-Apr-02-2017 PM2.5 |   7.14 |   7.27 |   8.21 |   7.27 |I I 
03:04-Sun-Apr-02-2017 PM10  |  12.83 |  12.83 |  17.00 |  14.10 |I I 
03:04-Sun-Apr-02-2017 PM2.5 |   6.87 |   6.87 |   8.21 |   7.27 |I I 
03:08-Sun-Apr-02-2017 PM10  |  12.74 |  12.78 |  17.00 |  14.10 |I I 
03:08-Sun-Apr-02-2017 PM2.5 |   7.02 |   6.94 |   8.21 |   7.27 |I I 
03:09-Sun-Apr-02-2017 PM10  |  12.06 |  12.54 |  17.00 |  14.10 |I I 
03:09-Sun-Apr-02-2017 PM2.5 |   6.95 |   6.95 |   8.21 |   7.27 |I I 
03:13-Sun-Apr-02-2017 PM10  |  12.90 |  12.63 |  17.00 |  14.10 |I I 
03:13-Sun-Apr-02-2017 PM2.5 |   7.10 |   6.99 |   8.21 |   7.27 |I I 
03:14-Sun-Apr-02-2017 PM10  |  12.90 |  12.69 |  17.00 |  14.10 |I I 
03:14-Sun-Apr-02-2017 PM2.5 |   7.10 |   7.01 |   8.21 |   7.27 |I I 
03:15-Sun-Apr-02-2017 PM10  |  13.35 |  12.80 |  17.00 |  14.10 |I I 
03:15-Sun-Apr-02-2017 PM2.5 |   6.93 |   6.99 |   8.21 |   7.27 |I I 
03:19-Sun-Apr-02-2017 PM10  |  13.92 |  12.96 |  17.00 |  14.10 |I I 
03:19-Sun-Apr-02-2017 PM2.5 |   7.11 |   7.01 |   8.21 |   7.27 |I I 
03:20-Sun-Apr-02-2017 PM10  |  12.85 |  12.95 |  17.00 |  14.10 |I I 
03:20-Sun-Apr-02-2017 PM2.5 |   7.31 |   7.05 |   8.21 |   7.27 |I I 
03:24-Sun-Apr-02-2017 PM10  |  14.98 |  13.17 |  17.00 |  14.10 |I I 
03:24-Sun-Apr-02-2017 PM2.5 |   7.19 |   7.06 |   8.21 |   7.27 |I I 
03:25-Sun-Apr-02-2017 PM10  |  14.34 |  13.29 |  17.00 |  14.10 |I I 
03:25-Sun-Apr-02-2017 PM2.5 |   7.31 |   7.09 |   8.21 |   7.27 |I I 
03:29-Sun-Apr-02-2017 PM10  |  13.70 |  13.32 |  17.00 |  14.10 |I I 
03:29-Sun-Apr-02-2017 PM2.5 |   6.86 |   7.07 |   8.21 |   7.27 |I I 
03:30-Sun-Apr-02-2017 PM10  |  12.07 |  13.22 |  17.00 |  14.10 |I I 
03:30-Sun-Apr-02-2017 PM2.5 |   6.82 |   7.05 |   8.21 |   7.27 |I I 
03:34-Sun-Apr-02-2017 PM10  |  12.21 |  13.14 |  17.00 |  14.10 |I I 
03:34-Sun-Apr-02-2017 PM2.5 |   6.90 |   7.04 |   8.21 |   7.27 |I I 
03:35-Sun-Apr-02-2017 PM10  |  13.82 |  13.19 |  17.00 |  14.10 |I I 
03:35-Sun-Apr-02-2017 PM2.5 |   7.14 |   7.04 |   8.21 |   7.27 |I I 
03:39-Sun-Apr-02-2017 PM10  |  14.08 |  13.25 |  17.00 |  14.10 |I I 
03:39-Sun-Apr-02-2017 PM2.5 |   6.94 |   7.04 |   8.21 |   7.27 |I I 
03:40-Sun-Apr-02-2017 PM10  |  14.08 |  13.30 |  17.00 |  14.10 |I I 
03:40-Sun-Apr-02-2017 PM2.5 |   6.94 |   7.03 |   8.21 |   7.27 |I I 
03:41-Sun-Apr-02-2017 PM10  |  11.51 |  13.20 |  17.00 |  14.10 |I I 
03:41-Sun-Apr-02-2017 PM2.5 |   7.04 |   7.03 |   8.21 |   7.27 |I I 
03:45-Sun-Apr-02-2017 PM10  |  16.81 |  13.40 |  17.00 |  14.10 |I I 
03:45-Sun-Apr-02-2017 PM2.5 |   7.09 |   7.03 |   8.21 |   7.27 |I I 
03:46-Sun-Apr-02-2017 PM10  |  14.79 |  13.47 |  17.00 |  14.10 |I I 
03:46-Sun-Apr-02-2017 PM2.5 |   6.80 |   7.02 |   8.21 |   7.27 |I I 
03:50-Sun-Apr-02-2017 PM10  |  13.93 |  13.49 |  17.00 |  14.10 |I I 
03:50-Sun-Apr-02-2017 PM2.5 |   7.34 |   7.04 |   8.21 |   7.27 |I I 
03:51-Sun-Apr-02-2017 PM10  |  13.22 |  13.48 |  17.00 |  14.10 |I I 
03:51-Sun-Apr-02-2017 PM2.5 |   6.77 |   7.02 |   8.21 |   7.27 |I I 
03:55-Sun-Apr-02-2017 PM10  |  17.22 |  13.65 |  17.00 |  14.10 |I I 
03:55-Sun-Apr-02-2017 PM2.5 |   7.21 |   7.03 |   8.21 |   7.27 |I I 
03:56-Sun-Apr-02-2017 PM10  |  13.36 |  13.64 |  17.00 |  14.10 |I I 
03:56-Sun-Apr-02-2017 PM2.5 |   6.85 |   7.03 |   8.21 |   7.27 |I I 
04:00-Sun-Apr-02-2017 PM10  |  12.83 |  13.60 |  17.00 |  13.60 |I I 
04:00-Sun-Apr-02-2017 PM2.5 |   6.74 |   7.01 |   8.21 |   7.01 |I I 
04:01-Sun-Apr-02-2017 PM10  |  13.11 |  13.11 |  17.00 |  13.60 |I I 
04:01-Sun-Apr-02-2017 PM2.5 |   6.57 |   6.57 |   8.21 |   7.01 |I I 
04:05-Sun-Apr-02-2017 PM10  |  16.23 |  14.67 |  17.00 |  13.60 |I I 
04:05-Sun-Apr-02-2017 PM2.5 |   7.34 |   6.96 |   8.21 |   7.01 |I I 
04:06-Sun-Apr-02-2017 PM10  |  16.23 |  15.19 |  17.00 |  13.60 |I I 
04:06-Sun-Apr-02-2017 PM2.5 |   7.34 |   7.09 |   8.21 |   7.01 |I I 
04:07-Sun-Apr-02-2017 PM10  |  15.94 |  15.38 |  17.00 |  13.60 |I I 
04:07-Sun-Apr-02-2017 PM2.5 |   6.91 |   7.04 |   8.21 |   7.01 |I I 
04:11-Sun-Apr-02-2017 PM10  |  14.29 |  15.16 |  17.00 |  13.60 |I I 
04:11-Sun-Apr-02-2017 PM2.5 |   6.96 |   7.03 |   8.21 |   7.01 |I I 
04:12-Sun-Apr-02-2017 PM10  |  12.26 |  14.68 |  17.00 |  13.60 |I I 
04:12-Sun-Apr-02-2017 PM2.5 |   6.89 |   7.00 |   8.21 |   7.01 |I I 
04:16-Sun-Apr-02-2017 PM10  |  14.20 |  14.61 |  17.00 |  13.60 |I I 
04:16-Sun-Apr-02-2017 PM2.5 |   6.83 |   6.98 |   8.21 |   7.01 |I I 
04:17-Sun-Apr-02-2017 PM10  |  14.15 |  14.55 |  17.00 |  13.60 |I I 
04:17-Sun-Apr-02-2017 PM2.5 |   7.08 |   6.99 |   8.21 |   7.01 |I I 
04:21-Sun-Apr-02-2017 PM10  |  15.06 |  14.61 |  17.00 |  13.60 |I I 
04:21-Sun-Apr-02-2017 PM2.5 |   6.97 |   6.99 |   8.21 |   7.01 |I I 
04:22-Sun-Apr-02-2017 PM10  |  15.37 |  14.69 |  17.00 |  13.60 |I I 
04:22-Sun-Apr-02-2017 PM2.5 |   7.02 |   6.99 |   8.21 |   7.01 |I I 
04:26-Sun-Apr-02-2017 PM10  |  12.02 |  14.44 |  17.00 |  13.60 |I I 
04:26-Sun-Apr-02-2017 PM2.5 |   6.91 |   6.98 |   8.21 |   7.01 |I I 
04:27-Sun-Apr-02-2017 PM10  |  12.24 |  14.26 |  17.00 |  13.60 |I I 
04:27-Sun-Apr-02-2017 PM2.5 |   6.83 |   6.97 |   8.21 |   7.01 |I I 
04:31-Sun-Apr-02-2017 PM10  |  10.61 |  13.98 |  17.00 |  13.60 |I I 
04:31-Sun-Apr-02-2017 PM2.5 |   6.50 |   6.93 |   8.21 |   7.01 |I I 
04:32-Sun-Apr-02-2017 PM10  |  10.61 |  13.74 |  17.00 |  13.60 |I I 
04:32-Sun-Apr-02-2017 PM2.5 |   6.50 |   6.90 |   8.21 |   7.01 |I I 
04:33-Sun-Apr-02-2017 PM10  |  12.34 |  13.65 |  17.00 |  13.60 |I I 
04:33-Sun-Apr-02-2017 PM2.5 |   6.68 |   6.89 |   8.21 |   7.01 |I I 
04:37-Sun-Apr-02-2017 PM10  |  12.71 |  13.59 |  17.00 |  13.60 |I I 
04:37-Sun-Apr-02-2017 PM2.5 |   6.71 |   6.88 |   8.21 |   7.01 |I I 
04:38-Sun-Apr-02-2017 PM10  |  11.72 |  13.48 |  17.00 |  13.60 |I I 
04:38-Sun-Apr-02-2017 PM2.5 |   6.47 |   6.85 |   8.21 |   7.01 |I I 
04:42-Sun-Apr-02-2017 PM10  |  12.41 |  13.42 |  17.00 |  13.60 |I I 
04:42-Sun-Apr-02-2017 PM2.5 |   6.60 |   6.84 |   8.21 |   7.01 |I I 
04:43-Sun-Apr-02-2017 PM10  |  13.79 |  13.44 |  17.00 |  13.60 |I I 
04:43-Sun-Apr-02-2017 PM2.5 |   6.64 |   6.83 |   8.21 |   7.01 |I I 
04:47-Sun-Apr-02-2017 PM10  |  12.50 |  13.39 |  17.00 |  13.60 |I I 
04:47-Sun-Apr-02-2017 PM2.5 |   6.82 |   6.83 |   8.21 |   7.01 |I I 
04:48-Sun-Apr-02-2017 PM10  |  12.49 |  13.35 |  17.00 |  13.60 |I I 
04:48-Sun-Apr-02-2017 PM2.5 |   7.01 |   6.84 |   8.21 |   7.01 |I I 
04:52-Sun-Apr-02-2017 PM10  |  11.35 |  13.26 |  17.00 |  13.60 |I I 
04:52-Sun-Apr-02-2017 PM2.5 |   6.74 |   6.83 |   8.21 |   7.01 |I I 
04:53-Sun-Apr-02-2017 PM10  |  13.71 |  13.28 |  17.00 |  13.60 |I I 
04:53-Sun-Apr-02-2017 PM2.5 |   7.01 |   6.84 |   8.21 |   7.01 |I I 
04:57-Sun-Apr-02-2017 PM10  |  11.52 |  13.20 |  17.00 |  13.60 |I I 
04:57-Sun-Apr-02-2017 PM2.5 |   6.62 |   6.83 |   8.21 |   7.01 |I I 
04:59-Sun-Apr-02-2017 PM10  |  11.52 |  13.14 |  17.00 |  13.60 |I I 
04:59-Sun-Apr-02-2017 PM2.5 |   6.62 |   6.82 |   8.21 |   7.01 |I I 
05:00-Sun-Apr-02-2017 PM10  |  12.00 |  13.09 |  17.00 |  13.09 |I I 
05:00-Sun-Apr-02-2017 PM2.5 |   6.50 |   6.81 |   8.21 |   6.81 |I I 
05:04-Sun-Apr-02-2017 PM10  |  12.42 |  12.42 |  17.00 |  13.09 |I I 
05:04-Sun-Apr-02-2017 PM2.5 |   6.40 |   6.40 |   8.21 |   6.81 |I I 
05:05-Sun-Apr-02-2017 PM10  |  11.58 |  12.00 |  17.00 |  13.09 |I I 
05:05-Sun-Apr-02-2017 PM2.5 |   6.51 |   6.46 |   8.21 |   6.81 |I I 
05:09-Sun-Apr-02-2017 PM10  |  11.49 |  11.83 |  17.00 |  13.09 |I I 
05:09-Sun-Apr-02-2017 PM2.5 |   6.68 |   6.53 |   8.21 |   6.81 |I I 
05:10-Sun-Apr-02-2017 PM10  |  12.23 |  11.93 |  17.00 |  13.09 |I I 
05:10-Sun-Apr-02-2017 PM2.5 |   6.43 |   6.51 |   8.21 |   6.81 |I I 
05:14-Sun-Apr-02-2017 PM10  |  11.41 |  11.82 |  17.00 |  13.09 |I I 
05:14-Sun-Apr-02-2017 PM2.5 |   6.96 |   6.60 |   8.21 |   6.81 |I I 
05:15-Sun-Apr-02-2017 PM10  |  12.95 |  12.01 |  17.00 |  13.09 |I I 
05:15-Sun-Apr-02-2017 PM2.5 |   6.69 |   6.61 |   8.21 |   6.81 |I I 
05:19-Sun-Apr-02-2017 PM10  |  13.10 |  12.17 |  17.00 |  13.09 |I I 
05:19-Sun-Apr-02-2017 PM2.5 |   6.94 |   6.66 |   8.21 |   6.81 |I I 
05:20-Sun-Apr-02-2017 PM10  |  12.61 |  12.22 |  17.00 |  13.09 |I I 
05:20-Sun-Apr-02-2017 PM2.5 |   6.38 |   6.63 |   8.21 |   6.81 |I I 
05:24-Sun-Apr-02-2017 PM10  |  11.90 |  12.19 |  17.00 |  13.09 |I I 
05:24-Sun-Apr-02-2017 PM2.5 |   6.63 |   6.63 |   8.21 |   6.81 |I I 
05:25-Sun-Apr-02-2017 PM10  |  11.90 |  12.16 |  17.00 |  13.09 |I I 
05:25-Sun-Apr-02-2017 PM2.5 |   6.63 |   6.63 |   8.21 |   6.81 |I I 
05:26-Sun-Apr-02-2017 PM10  |  12.63 |  12.20 |  17.00 |  13.09 |I I 
05:26-Sun-Apr-02-2017 PM2.5 |   6.85 |   6.65 |   8.21 |   6.81 |I I 
05:30-Sun-Apr-02-2017 PM10  |  13.66 |  12.32 |  17.00 |  13.09 |I I 
05:30-Sun-Apr-02-2017 PM2.5 |   6.85 |   6.66 |   8.21 |   6.81 |I I 
05:31-Sun-Apr-02-2017 PM10  |  13.09 |  12.38 |  17.00 |  13.09 |I I 
05:31-Sun-Apr-02-2017 PM2.5 |   6.29 |   6.63 |   8.21 |   6.81 |I I 
05:35-Sun-Apr-02-2017 PM10  |  13.37 |  12.45 |  17.00 |  13.09 |I I 
05:35-Sun-Apr-02-2017 PM2.5 |   6.82 |   6.65 |   8.21 |   6.81 |I I 
05:36-Sun-Apr-02-2017 PM10  |  12.28 |  12.44 |  17.00 |  13.09 |I I 
05:36-Sun-Apr-02-2017 PM2.5 |   6.76 |   6.65 |   8.21 |   6.81 |I I 
05:40-Sun-Apr-02-2017 PM10  |  13.62 |  12.51 |  17.00 |  13.09 |I I 
05:40-Sun-Apr-02-2017 PM2.5 |   7.04 |   6.68 |   8.21 |   6.81 |I I 
05:41-Sun-Apr-02-2017 PM10  |  15.16 |  12.67 |  17.00 |  13.09 |I I 
05:41-Sun-Apr-02-2017 PM2.5 |   6.86 |   6.69 |   8.21 |   6.81 |I I 
05:45-Sun-Apr-02-2017 PM10  |  11.80 |  12.62 |  17.00 |  13.09 |I I 
05:45-Sun-Apr-02-2017 PM2.5 |   6.86 |   6.70 |   8.21 |   6.81 |I I 
05:46-Sun-Apr-02-2017 PM10  |  12.42 |  12.61 |  17.00 |  13.09 |I I 
05:46-Sun-Apr-02-2017 PM2.5 |   6.78 |   6.70 |   8.21 |   6.81 |I I 
05:50-Sun-Apr-02-2017 PM10  |  12.96 |  12.63 |  17.00 |  13.09 |I I 
05:50-Sun-Apr-02-2017 PM2.5 |   7.00 |   6.72 |   8.21 |   6.81 |I I 
05:51-Sun-Apr-02-2017 PM10  |  12.96 |  12.64 |  17.00 |  13.09 |I I 
05:51-Sun-Apr-02-2017 PM2.5 |   7.00 |   6.73 |   8.21 |   6.81 |I I 
05:52-Sun-Apr-02-2017 PM10  |  10.88 |  12.56 |  17.00 |  13.09 |I I 
05:52-Sun-Apr-02-2017 PM2.5 |   6.50 |   6.72 |   8.21 |   6.81 |I I 
05:56-Sun-Apr-02-2017 PM10  |  10.92 |  12.49 |  17.00 |  13.09 |I I 
05:56-Sun-Apr-02-2017 PM2.5 |   6.86 |   6.73 |   8.21 |   6.81 |I I 
05:57-Sun-Apr-02-2017 PM10  |  13.05 |  12.52 |  17.00 |  13.09 |I I 
05:57-Sun-Apr-02-2017 PM2.5 |   7.02 |   6.74 |   8.21 |   6.81 |I I 
06:01-Sun-Apr-02-2017 PM10  |  10.73 |  12.44 |  17.00 |  12.44 |I I 
06:01-Sun-Apr-02-2017 PM2.5 |   6.82 |   6.74 |   8.21 |   6.74 |I I 
06:02-Sun-Apr-02-2017 PM10  |  11.02 |  11.02 |  17.00 |  12.44 |I I 
06:02-Sun-Apr-02-2017 PM2.5 |   6.62 |   6.62 |   8.21 |   6.74 |I I 
06:06-Sun-Apr-02-2017 PM10  |  10.51 |  10.77 |  17.00 |  12.44 |I I 
06:06-Sun-Apr-02-2017 PM2.5 |   6.48 |   6.55 |   8.21 |   6.74 |I I 
06:07-Sun-Apr-02-2017 PM10  |  13.54 |  11.69 |  17.00 |  12.44 |I I 
06:07-Sun-Apr-02-2017 PM2.5 |   6.62 |   6.57 |   8.21 |   6.74 |I I 
06:11-Sun-Apr-02-2017 PM10  |  11.28 |  11.59 |  17.00 |  12.44 |I I 
06:11-Sun-Apr-02-2017 PM2.5 |   7.04 |   6.69 |   8.21 |   6.74 |I I 
06:12-Sun-Apr-02-2017 PM10  |  13.13 |  11.90 |  17.00 |  12.44 |I I 
06:12-Sun-Apr-02-2017 PM2.5 |   6.63 |   6.68 |   8.21 |   6.74 |I I 
06:16-Sun-Apr-02-2017 PM10  |  10.74 |  11.71 |  17.00 |  12.44 |I I 
06:16-Sun-Apr-02-2017 PM2.5 |   6.53 |   6.65 |   8.21 |   6.74 |I I 
06:17-Sun-Apr-02-2017 PM10  |  10.74 |  11.57 |  17.00 |  12.44 |I I 
06:17-Sun-Apr-02-2017 PM2.5 |   6.53 |   6.64 |   8.21 |   6.74 |I I 
06:18-Sun-Apr-02-2017 PM10  |  11.36 |  11.54 |  17.00 |  12.44 |I I 
06:18-Sun-Apr-02-2017 PM2.5 |   6.63 |   6.64 |   8.21 |   6.74 |I I 
06:22-Sun-Apr-02-2017 PM10  |  11.44 |  11.53 |  17.00 |  12.44 |I I 
06:22-Sun-Apr-02-2017 PM2.5 |   6.69 |   6.64 |   8.21 |   6.74 |I I 
06:23-Sun-Apr-02-2017 PM10  |  12.11 |  11.59 |  17.00 |  12.44 |I I 
06:23-Sun-Apr-02-2017 PM2.5 |   6.47 |   6.63 |   8.21 |   6.74 |I I 
06:27-Sun-Apr-02-2017 PM10  |  11.26 |  11.56 |  17.00 |  12.44 |I I 
06:27-Sun-Apr-02-2017 PM2.5 |   6.65 |   6.63 |   8.21 |   6.74 |I I 
06:28-Sun-Apr-02-2017 PM10  |  12.99 |  11.68 |  17.00 |  12.44 |I I 
06:28-Sun-Apr-02-2017 PM2.5 |   6.78 |   6.64 |   8.21 |   6.74 |I I 
06:32-Sun-Apr-02-2017 PM10  |  12.66 |  11.75 |  17.00 |  12.44 |I I 
06:32-Sun-Apr-02-2017 PM2.5 |   7.04 |   6.67 |   8.21 |   6.74 |I I 
06:33-Sun-Apr-02-2017 PM10  |  11.78 |  11.76 |  17.00 |  12.44 |I I 
06:33-Sun-Apr-02-2017 PM2.5 |   7.11 |   6.70 |   8.21 |   6.74 |I I 
06:37-Sun-Apr-02-2017 PM10  |  11.90 |  11.76 |  17.00 |  12.44 |I I 
06:37-Sun-Apr-02-2017 PM2.5 |   7.03 |   6.72 |   8.21 |   6.74 |I I 
06:38-Sun-Apr-02-2017 PM10  |  13.70 |  11.89 |  17.00 |  12.44 |I I 
06:38-Sun-Apr-02-2017 PM2.5 |   7.33 |   6.76 |   8.21 |   6.74 |I I 
06:42-Sun-Apr-02-2017 PM10  |  11.51 |  11.86 |  17.00 |  12.44 |I I 
06:42-Sun-Apr-02-2017 PM2.5 |   6.89 |   6.77 |   8.21 |   6.74 |I I 
06:43-Sun-Apr-02-2017 PM10  |  11.51 |  11.84 |  17.00 |  12.44 |I I 
06:43-Sun-Apr-02-2017 PM2.5 |   6.89 |   6.78 |   8.21 |   6.74 |I I 
06:44-Sun-Apr-02-2017 PM10  |  12.55 |  11.88 |  17.00 |  12.44 |I I 
06:44-Sun-Apr-02-2017 PM2.5 |   6.65 |   6.77 |   8.21 |   6.74 |I I 
06:48-Sun-Apr-02-2017 PM10  |  12.27 |  11.90 |  17.00 |  12.44 |I I 
06:48-Sun-Apr-02-2017 PM2.5 |   6.71 |   6.77 |   8.21 |   6.74 |I I 
06:49-Sun-Apr-02-2017 PM10  |  13.26 |  11.97 |  17.00 |  12.44 |I I 
06:49-Sun-Apr-02-2017 PM2.5 |   6.96 |   6.78 |   8.21 |   6.74 |I I 
06:53-Sun-Apr-02-2017 PM10  |  11.44 |  11.94 |  17.00 |  12.44 |I I 
06:53-Sun-Apr-02-2017 PM2.5 |   6.89 |   6.78 |   8.21 |   6.74 |I I 
06:54-Sun-Apr-02-2017 PM10  |  12.13 |  11.95 |  17.00 |  12.44 |I I 
06:54-Sun-Apr-02-2017 PM2.5 |   6.69 |   6.78 |   8.21 |   6.74 |I I 
06:58-Sun-Apr-02-2017 PM10  |  13.40 |  12.01 |  17.00 |  12.44 |I I 
06:58-Sun-Apr-02-2017 PM2.5 |   6.86 |   6.78 |   8.21 |   6.74 |I I 
06:59-Sun-Apr-02-2017 PM10  |  12.62 |  12.04 |  17.00 |  12.44 |I I 
06:59-Sun-Apr-02-2017 PM2.5 |   6.80 |   6.78 |   8.21 |   6.74 |I I 
07:03-Sun-Apr-02-2017 PM10  |  12.20 |  12.04 |  17.00 |  12.04 |I I 
07:03-Sun-Apr-02-2017 PM2.5 |   6.94 |   6.79 |   8.21 |   6.74 |I I 
07:04-Sun-Apr-02-2017 PM10  |  13.60 |  13.60 |  17.00 |  12.04 |I I 
07:04-Sun-Apr-02-2017 PM2.5 |   6.94 |   6.94 |   8.21 |   6.74 |I I 
07:08-Sun-Apr-02-2017 PM10  |  12.22 |  12.91 |  17.00 |  12.04 |I I 
07:08-Sun-Apr-02-2017 PM2.5 |   6.90 |   6.92 |   8.21 |   6.74 |I I 
07:09-Sun-Apr-02-2017 PM10  |  12.22 |  12.68 |  17.00 |  12.04 |I I 
07:09-Sun-Apr-02-2017 PM2.5 |   6.90 |   6.91 |   8.21 |   6.74 |I I 
07:10-Sun-Apr-02-2017 PM10  |  12.15 |  12.55 |  17.00 |  12.04 |I I 
07:10-Sun-Apr-02-2017 PM2.5 |   7.05 |   6.95 |   8.21 |   6.74 |I I 
07:14-Sun-Apr-02-2017 PM10  |  12.29 |  12.50 |  17.00 |  12.04 |I I 
07:14-Sun-Apr-02-2017 PM2.5 |   7.23 |   7.01 |   8.21 |   6.74 |I I 
07:15-Sun-Apr-02-2017 PM10  |  11.46 |  12.32 |  17.00 |  12.04 |I I 
07:15-Sun-Apr-02-2017 PM2.5 |   6.80 |   6.97 |   8.21 |   6.74 |I I 
07:19-Sun-Apr-02-2017 PM10  |  12.20 |  12.31 |  17.00 |  12.04 |I I 
07:19-Sun-Apr-02-2017 PM2.5 |   7.01 |   6.98 |   8.21 |   6.74 |I I 
07:20-Sun-Apr-02-2017 PM10  |  11.68 |  12.23 |  17.00 |  12.04 |I I 
07:20-Sun-Apr-02-2017 PM2.5 |   6.87 |   6.96 |   8.21 |   6.74 |I I 
07:24-Sun-Apr-02-2017 PM10  |  11.72 |  12.17 |  17.00 |  12.04 |I I 
07:24-Sun-Apr-02-2017 PM2.5 |   7.16 |   6.98 |   8.21 |   6.74 |I I 
07:25-Sun-Apr-02-2017 PM10  |  17.16 |  12.67 |  17.00 |  12.04 |I I 
07:25-Sun-Apr-02-2017 PM2.5 |   6.91 |   6.98 |   8.21 |   6.74 |I I 
07:29-Sun-Apr-02-2017 PM10  |  11.64 |  12.58 |  17.00 |  12.04 |I I 
07:29-Sun-Apr-02-2017 PM2.5 |   7.19 |   7.00 |   8.21 |   6.74 |I I 
07:30-Sun-Apr-02-2017 PM10  |  14.22 |  12.71 |  17.00 |  12.04 |I I 
07:30-Sun-Apr-02-2017 PM2.5 |   7.08 |   7.00 |   8.21 |   6.74 |I I 
07:34-Sun-Apr-02-2017 PM10  |  12.85 |  12.72 |  17.00 |  12.04 |I I 
07:34-Sun-Apr-02-2017 PM2.5 |   7.19 |   7.02 |   8.21 |   6.74 |I I 
07:35-Sun-Apr-02-2017 PM10  |  12.85 |  12.73 |  17.00 |  12.04 |I I 
07:35-Sun-Apr-02-2017 PM2.5 |   7.19 |   7.03 |   8.21 |   6.74 |I I 
07:36-Sun-Apr-02-2017 PM10  |  12.24 |  12.70 |  17.00 |  12.04 |I I 
07:36-Sun-Apr-02-2017 PM2.5 |   6.89 |   7.02 |   8.21 |   6.74 |I I 
07:40-Sun-Apr-02-2017 PM10  |  11.05 |  12.60 |  17.00 |  12.04 |I I 
07:40-Sun-Apr-02-2017 PM2.5 |   7.15 |   7.03 |   8.21 |   6.74 |I I 
07:41-Sun-Apr-02-2017 PM10  |  13.35 |  12.64 |  17.00 |  12.04 |I I 
07:41-Sun-Apr-02-2017 PM2.5 |   6.72 |   7.01 |   8.21 |   6.74 |I I 
07:45-Sun-Apr-02-2017 PM10  |   9.84 |  12.49 |  17.00 |  12.04 |I I 
07:45-Sun-Apr-02-2017 PM2.5 |   6.61 |   6.99 |   8.21 |   6.74 |I I 
07:46-Sun-Apr-02-2017 PM10  |  11.67 |  12.44 |  17.00 |  12.04 |I I 
07:46-Sun-Apr-02-2017 PM2.5 |   6.92 |   6.98 |   8.21 |   6.74 |I I 
07:50-Sun-Apr-02-2017 PM10  |  11.44 |  12.39 |  17.00 |  12.04 |I I 
07:50-Sun-Apr-02-2017 PM2.5 |   6.76 |   6.97 |   8.21 |   6.74 |I I 
07:51-Sun-Apr-02-2017 PM10  |  14.20 |  12.48 |  17.00 |  12.04 |I I 
07:51-Sun-Apr-02-2017 PM2.5 |   6.92 |   6.97 |   8.21 |   6.74 |I I 
07:55-Sun-Apr-02-2017 PM10  |  11.59 |  12.44 |  17.00 |  12.04 |I I 
07:55-Sun-Apr-02-2017 PM2.5 |   6.90 |   6.97 |   8.21 |   6.74 |I I 
07:56-Sun-Apr-02-2017 PM10  |  15.43 |  12.57 |  17.00 |  12.04 |I I 
07:56-Sun-Apr-02-2017 PM2.5 |   6.63 |   6.95 |   8.21 |   6.74 |I I 
08:00-Sun-Apr-02-2017 PM10  |  12.77 |  12.58 |  17.00 |  12.04 |I I 
08:00-Sun-Apr-02-2017 PM2.5 |   6.92 |   6.95 |   8.21 |   6.74 |I I 
08:01-Sun-Apr-02-2017 PM10  |  12.77 |  12.77 |  17.00 |  12.04 |I I 
08:01-Sun-Apr-02-2017 PM2.5 |   6.92 |   6.92 |   8.21 |   6.74 |I I 
08:02-Sun-Apr-02-2017 PM10  |  10.67 |  11.72 |  17.00 |  12.04 |I I 
08:02-Sun-Apr-02-2017 PM2.5 |   6.65 |   6.78 |   8.21 |   6.74 |I I 
08:06-Sun-Apr-02-2017 PM10  |  11.88 |  11.77 |  17.00 |  12.04 |I I 
08:06-Sun-Apr-02-2017 PM2.5 |   6.87 |   6.81 |   8.21 |   6.74 |I I 
08:07-Sun-Apr-02-2017 PM10  |  12.27 |  11.90 |  17.00 |  12.04 |I I 
08:07-Sun-Apr-02-2017 PM2.5 |   7.04 |   6.87 |   8.21 |   6.74 |I I 
08:11-Sun-Apr-02-2017 PM10  |  12.22 |  11.96 |  17.00 |  12.04 |I I 
08:11-Sun-Apr-02-2017 PM2.5 |   7.08 |   6.91 |   8.21 |   6.74 |I I 
08:13-Sun-Apr-02-2017 PM10  |  11.31 |  11.85 |  17.00 |  12.04 |I I 
08:13-Sun-Apr-02-2017 PM2.5 |   6.78 |   6.89 |   8.21 |   6.74 |I I 
08:17-Sun-Apr-02-2017 PM10  |  10.92 |  11.72 |  17.00 |  12.04 |I I 
08:17-Sun-Apr-02-2017 PM2.5 |   6.83 |   6.88 |   8.21 |   6.74 |I I 
08:18-Sun-Apr-02-2017 PM10  |  12.22 |  11.78 |  17.00 |  12.04 |I I 
08:18-Sun-Apr-02-2017 PM2.5 |   7.13 |   6.91 |   8.21 |   6.74 |I I 
08:22-Sun-Apr-02-2017 PM10  |  12.55 |  11.87 |  17.00 |  12.04 |I I 
08:22-Sun-Apr-02-2017 PM2.5 |   6.88 |   6.91 |   8.21 |   6.74 |I I 
08:23-Sun-Apr-02-2017 PM10  |  12.63 |  11.94 |  17.00 |  12.04 |I I 
08:23-Sun-Apr-02-2017 PM2.5 |   7.05 |   6.92 |   8.21 |   6.74 |I I 
08:27-Sun-Apr-02-2017 PM10  |  13.06 |  12.05 |  17.00 |  12.04 |I I 
08:27-Sun-Apr-02-2017 PM2.5 |   7.17 |   6.94 |   8.21 |   6.74 |I I 
08:28-Sun-Apr-02-2017 PM10  |  14.12 |  12.22 |  17.00 |  12.04 |I I 
08:28-Sun-Apr-02-2017 PM2.5 |   6.85 |   6.94 |   8.21 |   6.74 |I I 
08:29-Sun-Apr-02-2017 PM10  |  14.12 |  12.36 |  17.00 |  12.04 |I I 
08:29-Sun-Apr-02-2017 PM2.5 |   6.85 |   6.93 |   8.21 |   6.74 |I I 
08:33-Sun-Apr-02-2017 PM10  |  14.70 |  12.53 |  17.00 |  12.04 |I I 
08:33-Sun-Apr-02-2017 PM2.5 |   7.51 |   6.97 |   8.21 |   6.74 |I I 
08:34-Sun-Apr-02-2017 PM10  |  13.65 |  12.61 |  17.00 |  12.04 |I I 
08:34-Sun-Apr-02-2017 PM2.5 |   7.09 |   6.98 |   8.21 |   6.74 |I I 
08:38-Sun-Apr-02-2017 PM10  |  13.42 |  12.66 |  17.00 |  12.04 |I I 
08:38-Sun-Apr-02-2017 PM2.5 |   7.39 |   7.00 |   8.21 |   6.74 |I I 
08:39-Sun-Apr-02-2017 PM10  |  13.62 |  12.71 |  17.00 |  12.04 |I I 
08:39-Sun-Apr-02-2017 PM2.5 |   7.11 |   7.01 |   8.21 |   6.74 |I I 
08:43-Sun-Apr-02-2017 PM10  |  16.64 |  12.93 |  17.00 |  12.04 |I I 
08:43-Sun-Apr-02-2017 PM2.5 |   7.89 |   7.06 |   8.21 |   6.74 |I I 
08:44-Sun-Apr-02-2017 PM10  |  15.53 |  13.07 |  17.00 |  12.04 |I I 
08:44-Sun-Apr-02-2017 PM2.5 |   7.19 |   7.07 |   8.21 |   6.74 |I I 
08:48-Sun-Apr-02-2017 PM10  |  14.16 |  13.12 |  17.00 |  12.04 |I I 
08:48-Sun-Apr-02-2017 PM2.5 |   7.28 |   7.08 |   8.21 |   6.74 |I I 
08:49-Sun-Apr-02-2017 PM10  |  12.41 |  13.09 |  17.00 |  12.04 |I I 
08:49-Sun-Apr-02-2017 PM2.5 |   7.31 |   7.09 |   8.21 |   6.74 |I I 
08:53-Sun-Apr-02-2017 PM10  |  16.28 |  13.23 |  17.00 |  12.04 |I I 
08:53-Sun-Apr-02-2017 PM2.5 |   7.20 |   7.09 |   8.21 |   6.74 |I I 
08:54-Sun-Apr-02-2017 PM10  |  16.28 |  13.37 |  17.00 |  12.04 |I I 
08:54-Sun-Apr-02-2017 PM2.5 |   7.20 |   7.10 |   8.21 |   6.74 |I I 
08:55-Sun-Apr-02-2017 PM10  |  10.15 |  13.23 |  17.00 |  12.04 |I I 
08:55-Sun-Apr-02-2017 PM2.5 |   6.89 |   7.09 |   8.21 |   6.74 |I I 
08:59-Sun-Apr-02-2017 PM10  |  12.94 |  13.22 |  17.00 |  12.04 |I I 
08:59-Sun-Apr-02-2017 PM2.5 |   7.34 |   7.10 |   8.21 |   6.74 |I I 
09:00-Sun-Apr-02-2017 PM10  |  12.82 |  13.20 |  17.00 |  12.04 |I I 
09:00-Sun-Apr-02-2017 PM2.5 |   7.38 |   7.11 |   8.21 |   6.74 |I I 
09:04-Sun-Apr-02-2017 PM10  |  14.65 |  14.65 |  17.00 |  12.04 |I I 
09:04-Sun-Apr-02-2017 PM2.5 |   7.37 |   7.37 |   8.21 |   6.74 |I I 
09:05-Sun-Apr-02-2017 PM10  |  12.27 |  13.46 |  17.00 |  12.04 |I I 
09:05-Sun-Apr-02-2017 PM2.5 |   7.03 |   7.20 |   8.21 |   6.74 |I I 
09:09-Sun-Apr-02-2017 PM10  |  12.33 |  13.08 |  17.00 |  12.04 |I I 
09:09-Sun-Apr-02-2017 PM2.5 |   7.13 |   7.18 |   8.21 |   6.74 |I I 
09:10-Sun-Apr-02-2017 PM10  |  17.64 |  14.22 |  17.00 |  12.04 |I I 
09:10-Sun-Apr-02-2017 PM2.5 |   7.46 |   7.25 |   8.21 |   6.74 |I I 
09:14-Sun-Apr-02-2017 PM10  |  15.46 |  14.47 |  17.00 |  12.04 |I I 
09:14-Sun-Apr-02-2017 PM2.5 |   7.53 |   7.30 |   8.21 |   6.74 |I I 
09:15-Sun-Apr-02-2017 PM10  |  13.60 |  14.32 |  17.00 |  12.04 |I I 
09:15-Sun-Apr-02-2017 PM2.5 |   7.03 |   7.26 |   8.21 |   6.74 |I I 
09:19-Sun-Apr-02-2017 PM10  |  13.46 |  14.20 |  17.00 |  12.04 |I I 
09:19-Sun-Apr-02-2017 PM2.5 |   7.42 |   7.28 |   8.21 |   6.74 |I I 
09:20-Sun-Apr-02-2017 PM10  |  13.46 |  14.11 |  17.00 |  12.04 |I I 
09:20-Sun-Apr-02-2017 PM2.5 |   7.42 |   7.30 |   8.21 |   6.74 |I I 
09:21-Sun-Apr-02-2017 PM10  |  15.21 |  14.23 |  17.00 |  12.04 |I I 
09:21-Sun-Apr-02-2017 PM2.5 |   7.61 |   7.33 |   8.21 |   6.74 |I I 
09:25-Sun-Apr-02-2017 PM10  |  15.17 |  14.32 |  17.00 |  12.04 |I I 
09:25-Sun-Apr-02-2017 PM2.5 |   8.30 |   7.43 |   8.21 |   6.74 |I I 
09:26-Sun-Apr-02-2017 PM10  |  18.57 |  14.71 |  17.00 |  12.04 |I I 
09:26-Sun-Apr-02-2017 PM2.5 |   8.09 |   7.49 |   8.21 |   6.74 |I I 
09:30-Sun-Apr-02-2017 PM10  |  18.97 |  15.07 |  17.00 |  12.04 |I I 
09:30-Sun-Apr-02-2017 PM2.5 |   8.35 |   7.56 |   8.21 |   6.74 |I I 
09:31-Sun-Apr-02-2017 PM10  |  17.63 |  15.26 |  17.00 |  12.04 |I I 
09:31-Sun-Apr-02-2017 PM2.5 |   8.37 |   7.62 |   8.21 |   6.74 |I I 
09:35-Sun-Apr-02-2017 PM10  |  17.80 |  15.44 |  17.00 |  12.04 |I I 
09:35-Sun-Apr-02-2017 PM2.5 |   9.43 |   7.75 |   8.21 |   6.74 |I I 
09:36-Sun-Apr-02-2017 PM10  |  16.94 |  15.54 |  17.00 |  12.04 |I I 
09:36-Sun-Apr-02-2017 PM2.5 |   9.03 |   7.84 |   8.21 |   6.74 |I I 
09:40-Sun-Apr-02-2017 PM10  |  20.43 |  15.85 |  17.00 |  12.04 |I I 
09:40-Sun-Apr-02-2017 PM2.5 |   9.34 |   7.93 |   8.21 |   6.74 |I I 
09:41-Sun-Apr-02-2017 PM10  |  18.06 |  15.98 |  17.00 |  12.04 |I I 
09:41-Sun-Apr-02-2017 PM2.5 |   8.62 |   7.97 |   8.21 |   6.74 |I I 
09:45-Sun-Apr-02-2017 PM10  |  18.65 |  16.13 |  17.00 |  12.04 |I I 
09:45-Sun-Apr-02-2017 PM2.5 |   9.54 |   8.06 |   8.21 |   6.74 |I I 
09:46-Sun-Apr-02-2017 PM10  |  16.05 |  16.12 |  17.00 |  12.04 |I I 
09:46-Sun-Apr-02-2017 PM2.5 |   8.91 |   8.11 |   8.21 |   6.74 |I I 
09:47-Sun-Apr-02-2017 PM10  |  16.05 |  16.12 |  17.00 |  12.04 |I I 
09:47-Sun-Apr-02-2017 PM2.5 |   8.91 |   8.15 |   8.21 |   6.74 |I I 
09:51-Sun-Apr-02-2017 PM10  |  16.83 |  16.15 |  17.00 |  12.04 |I I 
09:51-Sun-Apr-02-2017 PM2.5 |   9.46 |   8.21 |   8.21 |   6.74 |I I 
09:52-Sun-Apr-02-2017 PM10  |  16.84 |  16.19 |  17.00 |  12.04 |I I 
09:52-Sun-Apr-02-2017 PM2.5 |   8.91 |   8.24 |   8.21 |   6.74 |I I 
09:56-Sun-Apr-02-2017 PM10  |  17.34 |  16.24 |  17.00 |  12.04 |I I 
09:56-Sun-Apr-02-2017 PM2.5 |   8.63 |   8.26 |   8.21 |   6.74 |I I 
09:57-Sun-Apr-02-2017 PM10  |  14.10 |  16.15 |  17.00 |  12.04 |I I 
09:57-Sun-Apr-02-2017 PM2.5 |   8.30 |   8.26 |   8.21 |   6.74 |I I 
10:01-Sun-Apr-02-2017 PM10  |  15.60 |  16.12 |  17.00 |  12.04 |I I 
10:01-Sun-Apr-02-2017 PM2.5 |   9.13 |   8.29 |   8.29 |   6.74 |I I 
10:02-Sun-Apr-02-2017 PM10  |  14.31 |  14.31 |  17.00 |  12.04 |I I 
10:02-Sun-Apr-02-2017 PM2.5 |   8.76 |   8.76 |   8.29 |   6.74 |I I 
10:06-Sun-Apr-02-2017 PM10  |  15.92 |  15.11 |  17.00 |  12.04 |I I 
10:06-Sun-Apr-02-2017 PM2.5 |   9.20 |   8.98 |   8.29 |   6.74 |I I 
10:07-Sun-Apr-02-2017 PM10  |  13.21 |  14.48 |  17.00 |  12.04 |I I 
10:07-Sun-Apr-02-2017 PM2.5 |   8.09 |   8.69 |   8.29 |   6.74 |I I 
10:11-Sun-Apr-02-2017 PM10  |  14.29 |  14.43 |  17.00 |  12.04 |I I 
10:11-Sun-Apr-02-2017 PM2.5 |   8.40 |   8.62 |   8.29 |   6.74 |I I 
10:12-Sun-Apr-02-2017 PM10  |  15.03 |  14.55 |  17.00 |  12.04 |I I 
10:12-Sun-Apr-02-2017 PM2.5 |   8.40 |   8.57 |   8.29 |   6.74 |I I 
10:13-Sun-Apr-02-2017 PM10  |  15.03 |  14.63 |  17.00 |  12.04 |I I 
10:13-Sun-Apr-02-2017 PM2.5 |   8.40 |   8.54 |   8.29 |   6.74 |I I 
10:17-Sun-Apr-02-2017 PM10  |  15.31 |  14.73 |  17.00 |  12.04 |I I 
10:17-Sun-Apr-02-2017 PM2.5 |   8.44 |   8.53 |   8.29 |   6.74 |I I 
10:18-Sun-Apr-02-2017 PM10  |  14.13 |  14.65 |  17.00 |  12.04 |I I 
10:18-Sun-Apr-02-2017 PM2.5 |   8.53 |   8.53 |   8.29 |   6.74 |I I 
10:22-Sun-Apr-02-2017 PM10  |  15.77 |  14.78 |  17.00 |  12.04 |I I 
10:22-Sun-Apr-02-2017 PM2.5 |   9.13 |   8.60 |   8.29 |   6.74 |I I 
10:23-Sun-Apr-02-2017 PM10  |  16.59 |  14.96 |  17.00 |  12.04 |I I 
10:23-Sun-Apr-02-2017 PM2.5 |   8.70 |   8.61 |   8.29 |   6.74 |I I 
10:27-Sun-Apr-02-2017 PM10  |  16.99 |  15.14 |  17.00 |  12.04 |I I 
10:27-Sun-Apr-02-2017 PM2.5 |   9.04 |   8.65 |   8.29 |   6.74 |I I 
10:28-Sun-Apr-02-2017 PM10  |  15.57 |  15.18 |  17.00 |  12.04 |I I 
10:28-Sun-Apr-02-2017 PM2.5 |   9.01 |   8.68 |   8.29 |   6.74 |I I 
10:32-Sun-Apr-02-2017 PM10  |  18.76 |  15.45 |  17.00 |  12.04 |I I 
10:32-Sun-Apr-02-2017 PM2.5 |  10.29 |   8.80 |   8.29 |   6.74 |I I 
10:33-Sun-Apr-02-2017 PM10  |  15.60 |  15.47 |  17.00 |  12.04 |I I 
10:33-Sun-Apr-02-2017 PM2.5 |   9.26 |   8.83 |   8.29 |   6.74 |I I 
10:37-Sun-Apr-02-2017 PM10  |  16.86 |  15.56 |  17.00 |  12.04 |I I 
10:37-Sun-Apr-02-2017 PM2.5 |   9.76 |   8.89 |   8.29 |   6.74 |I I 
10:38-Sun-Apr-02-2017 PM10  |  16.33 |  15.61 |  17.00 |  12.04 |I I 
10:38-Sun-Apr-02-2017 PM2.5 |   9.77 |   8.95 |   8.29 |   6.74 |I I 
10:39-Sun-Apr-02-2017 PM10  |  16.33 |  15.65 |  17.00 |  12.04 |I I 
10:39-Sun-Apr-02-2017 PM2.5 |   9.77 |   9.00 |   8.29 |   6.74 |I I 
10:43-Sun-Apr-02-2017 PM10  |  16.48 |  15.69 |  17.00 |  12.04 |I I 
10:43-Sun-Apr-02-2017 PM2.5 |   9.78 |   9.04 |   8.29 |   6.74 |I I 
10:44-Sun-Apr-02-2017 PM10  |  17.44 |  15.79 |  17.00 |  12.04 |I I 
10:44-Sun-Apr-02-2017 PM2.5 |  10.17 |   9.10 |   8.29 |   6.74 |I I 
10:48-Sun-Apr-02-2017 PM10  |  18.64 |  15.93 |  17.00 |  12.04 |I I 
10:48-Sun-Apr-02-2017 PM2.5 |  10.01 |   9.15 |   8.29 |   6.74 |I I 
10:49-Sun-Apr-02-2017 PM10  |  17.34 |  16.00 |  17.00 |  12.04 |I I 
10:49-Sun-Apr-02-2017 PM2.5 |   9.71 |   9.17 |   8.29 |   6.74 |I I 
10:53-Sun-Apr-02-2017 PM10  |  16.71 |  16.03 |  17.00 |  12.04 |I I 
10:53-Sun-Apr-02-2017 PM2.5 |   9.87 |   9.20 |   8.29 |   6.74 |I I 
10:54-Sun-Apr-02-2017 PM10  |  17.61 |  16.10 |  17.00 |  12.04 |I I 
10:54-Sun-Apr-02-2017 PM2.5 |   9.82 |   9.23 |   8.29 |   6.74 |I I 
10:58-Sun-Apr-02-2017 PM10  |  17.43 |  16.15 |  17.00 |  12.04 |I I 
10:58-Sun-Apr-02-2017 PM2.5 |  10.24 |   9.27 |   8.29 |   6.74 |I I 
11:00-Sun-Apr-02-2017 PM10  |  14.74 |  16.10 |  17.00 |  12.04 |I I 
11:00-Sun-Apr-02-2017 PM2.5 |   9.34 |   9.28 |   9.28 |   6.74 |I I 
11:04-Sun-Apr-02-2017 PM10  |  15.80 |  15.80 |  17.00 |  12.04 |I I 
11:04-Sun-Apr-02-2017 PM2.5 |   9.79 |   9.79 |   9.28 |   6.74 |I I 
11:05-Sun-Apr-02-2017 PM10  |  16.01 |  15.91 |  17.00 |  12.04 |I I 
11:05-Sun-Apr-02-2017 PM2.5 |   9.69 |   9.74 |   9.28 |   6.74 |I I 
11:06-Sun-Apr-02-2017 PM10  |  16.01 |  15.94 |  17.00 |  12.04 |I I 
11:06-Sun-Apr-02-2017 PM2.5 |   9.69 |   9.72 |   9.28 |   6.74 |I I 
11:10-Sun-Apr-02-2017 PM10  |  17.55 |  16.35 |  17.00 |  12.04 |I I 
11:10-Sun-Apr-02-2017 PM2.5 |  10.00 |   9.79 |   9.28 |   6.74 |I I 
11:11-Sun-Apr-02-2017 PM10  |  17.16 |  16.51 |  17.00 |  12.04 |I I 
11:11-Sun-Apr-02-2017 PM2.5 |   9.28 |   9.69 |   9.28 |   6.74 |I I 
11:15-Sun-Apr-02-2017 PM10  |  18.20 |  16.79 |  17.00 |  12.04 |I B 
11:15-Sun-Apr-02-2017 PM2.5 |   9.86 |   9.72 |   9.28 |   6.74 |I B 
11:16-Sun-Apr-02-2017recover dati per host :92.223.147.77/nodered
11:16-Sun-Apr-02-2017 PM10  |  19.78 |  17.22 |  17.00 |  12.04 |I I 
11:16-Sun-Apr-02-2017 PM2.5 |   9.79 |   9.73 |   9.28 |   6.74 |I I 
11:20-Sun-Apr-02-2017 PM10  |  18.88 |  17.42 |  17.00 |  12.04 |I I 
11:20-Sun-Apr-02-2017 PM2.5 |  10.29 |   9.80 |   9.28 |   6.74 |I I 
11:21-Sun-Apr-02-2017 PM10  |  15.64 |  17.23 |  17.00 |  12.04 |I I 
11:21-Sun-Apr-02-2017 PM2.5 |   9.48 |   9.76 |   9.28 |   6.74 |I I 
11:25-Sun-Apr-02-2017 PM10  |  19.04 |  17.41 |  17.00 |  12.04 |I I 
11:25-Sun-Apr-02-2017 PM2.5 |   9.77 |   9.76 |   9.28 |   6.74 |I I 
11:26-Sun-Apr-02-2017 PM10  |  21.22 |  17.75 |  17.00 |  12.04 |I I 
11:26-Sun-Apr-02-2017 PM2.5 |  10.36 |   9.82 |   9.28 |   6.74 |I I 
11:30-Sun-Apr-02-2017 PM10  |  22.59 |  18.16 |  17.00 |  12.04 |I I 
11:30-Sun-Apr-02-2017 PM2.5 |  10.23 |   9.85 |   9.28 |   6.74 |I I 
11:31-Sun-Apr-02-2017 PM10  |  18.74 |  18.20 |  17.00 |  12.04 |I I 
11:31-Sun-Apr-02-2017 PM2.5 |   9.59 |   9.83 |   9.28 |   6.74 |I I 
11:35-Sun-Apr-02-2017 PM10  |  17.25 |  18.13 |  17.00 |  12.04 |I I 
11:35-Sun-Apr-02-2017 PM2.5 |   9.88 |   9.84 |   9.28 |   6.74 |I I 
11:36-Sun-Apr-02-2017 PM10  |  17.25 |  18.08 |  17.00 |  12.04 |I I 
11:36-Sun-Apr-02-2017 PM2.5 |   9.88 |   9.84 |   9.28 |   6.74 |I I 
11:37-Sun-Apr-02-2017 PM10  |  19.95 |  18.19 |  17.00 |  12.04 |I I 
11:37-Sun-Apr-02-2017 PM2.5 |  10.25 |   9.86 |   9.28 |   6.74 |I I 
11:41-Sun-Apr-02-2017 PM10  |  16.58 |  18.10 |  17.00 |  12.04 |I I 
11:41-Sun-Apr-02-2017 PM2.5 |  10.01 |   9.87 |   9.28 |   6.74 |I I 
11:42-Sun-Apr-02-2017 PM10  |  15.90 |  17.98 |  17.00 |  12.04 |I I 
11:42-Sun-Apr-02-2017 PM2.5 |   9.33 |   9.84 |   9.28 |   6.74 |I I 
11:46-Sun-Apr-02-2017 PM10  |  17.48 |  17.95 |  17.00 |  12.04 |I I 
11:46-Sun-Apr-02-2017 PM2.5 |  10.14 |   9.86 |   9.28 |   6.74 |I I 
11:47-Sun-Apr-02-2017 PM10  |  14.70 |  17.79 |  17.00 |  12.04 |I I 
11:47-Sun-Apr-02-2017 PM2.5 |   9.21 |   9.83 |   9.28 |   6.74 |I I 
11:51-Sun-Apr-02-2017 PM10  |  17.60 |  17.78 |  17.00 |  12.04 |I I 
11:51-Sun-Apr-02-2017 PM2.5 |   9.56 |   9.81 |   9.28 |   6.74 |I I 
11:52-Sun-Apr-02-2017 PM10  |  15.67 |  17.68 |  17.00 |  12.04 |I I 
11:52-Sun-Apr-02-2017 PM2.5 |   9.30 |   9.79 |   9.28 |   6.74 |I I 
11:56-Sun-Apr-02-2017 PM10  |  17.26 |  17.66 |  17.00 |  12.04 |I I 
11:56-Sun-Apr-02-2017 PM2.5 |   9.68 |   9.79 |   9.28 |   6.74 |I I 
11:57-Sun-Apr-02-2017 PM10  |  17.66 |  17.66 |  17.00 |  12.04 |I I 
11:57-Sun-Apr-02-2017 PM2.5 |   9.72 |   9.78 |   9.28 |   6.74 |I I 
12:01-Sun-Apr-02-2017 PM10  |  17.84 |  17.67 |  17.67 |  12.04 |I I 
12:01-Sun-Apr-02-2017 PM2.5 |   9.83 |   9.78 |   9.78 |   6.74 |I I 
12:02-Sun-Apr-02-2017 PM10  |  17.84 |  17.84 |  17.67 |  12.04 |I I 
12:02-Sun-Apr-02-2017 PM2.5 |   9.83 |   9.83 |   9.78 |   6.74 |I I 
12:03-Sun-Apr-02-2017 PM10  |  15.56 |  16.70 |  17.67 |  12.04 |I I 
12:03-Sun-Apr-02-2017 PM2.5 |   9.24 |   9.53 |   9.78 |   6.74 |I I 
12:07-Sun-Apr-02-2017 PM10  |  17.63 |  17.01 |  17.67 |  12.04 |I I 
12:07-Sun-Apr-02-2017 PM2.5 |   9.64 |   9.57 |   9.78 |   6.74 |I I 
12:08-Sun-Apr-02-2017 PM10  |  16.09 |  16.78 |  17.67 |  12.04 |I I 
12:08-Sun-Apr-02-2017 PM2.5 |   9.62 |   9.58 |   9.78 |   6.74 |I I 
12:12-Sun-Apr-02-2017 PM10  |  17.55 |  16.93 |  17.67 |  12.04 |I I 
12:12-Sun-Apr-02-2017 PM2.5 |  10.23 |   9.71 |   9.78 |   6.74 |I I 
12:13-Sun-Apr-02-2017 PM10  |  19.20 |  17.31 |  17.67 |  12.04 |I I 
12:13-Sun-Apr-02-2017 PM2.5 |  10.21 |   9.80 |   9.78 |   6.74 |I I 
12:17-Sun-Apr-02-2017 PM10  |  18.12 |  17.43 |  17.67 |  12.04 |I I 
12:17-Sun-Apr-02-2017 PM2.5 |  10.02 |   9.83 |   9.78 |   6.74 |I I 
12:18-Sun-Apr-02-2017 PM10  |  16.98 |  17.37 |  17.67 |  12.04 |I I 
12:18-Sun-Apr-02-2017 PM2.5 |   9.97 |   9.85 |   9.78 |   6.74 |I I 
12:22-Sun-Apr-02-2017 PM10  |  17.54 |  17.39 |  17.67 |  12.04 |I I 
12:22-Sun-Apr-02-2017 PM2.5 |  10.43 |   9.91 |   9.78 |   6.74 |I I 
12:23-Sun-Apr-02-2017 PM10  |  19.26 |  17.58 |  17.67 |  12.04 |I I 
12:23-Sun-Apr-02-2017 PM2.5 |  10.35 |   9.95 |   9.78 |   6.74 |I I 
12:27-Sun-Apr-02-2017 PM10  |  19.90 |  17.79 |  17.67 |  12.04 |I I 
12:27-Sun-Apr-02-2017 PM2.5 |  10.51 |  10.00 |   9.78 |   6.74 |I I 
12:28-Sun-Apr-02-2017 PM10  |  19.90 |  17.96 |  17.67 |  12.04 |I I 
12:28-Sun-Apr-02-2017 PM2.5 |  10.51 |  10.05 |   9.78 |   6.74 |I I 
12:29-Sun-Apr-02-2017 PM10  |  18.79 |  18.03 |  17.67 |  12.04 |I I 
12:29-Sun-Apr-02-2017 PM2.5 |  10.33 |  10.07 |   9.78 |   6.74 |I I 
12:33-Sun-Apr-02-2017 PM10  |  17.42 |  17.98 |  17.67 |  12.04 |I I 
12:33-Sun-Apr-02-2017 PM2.5 |  10.07 |  10.07 |   9.78 |   6.74 |I I 
12:34-Sun-Apr-02-2017 PM10  |  17.25 |  17.93 |  17.67 |  12.04 |I I 
12:34-Sun-Apr-02-2017 PM2.5 |   9.48 |  10.03 |   9.78 |   6.74 |I I 
12:38-Sun-Apr-02-2017 PM10  |  17.09 |  17.88 |  17.67 |  12.04 |I I 
12:38-Sun-Apr-02-2017 PM2.5 |  10.40 |  10.05 |   9.78 |   6.74 |I I 
12:39-Sun-Apr-02-2017 PM10  |  19.39 |  17.97 |  17.67 |  12.04 |I I 
12:39-Sun-Apr-02-2017 PM2.5 |  10.36 |  10.07 |   9.78 |   6.74 |I I 
12:43-Sun-Apr-02-2017 PM10  |  19.36 |  18.05 |  17.67 |  12.04 |I I 
12:43-Sun-Apr-02-2017 PM2.5 |  10.47 |  10.09 |   9.78 |   6.74 |I I 
12:44-Sun-Apr-02-2017 PM10  |  17.91 |  18.04 |  17.67 |  12.04 |I I 
12:44-Sun-Apr-02-2017 PM2.5 |  10.04 |  10.09 |   9.78 |   6.74 |I I 
12:48-Sun-Apr-02-2017 PM10  |  20.99 |  18.19 |  17.67 |  12.04 |I I 
12:48-Sun-Apr-02-2017 PM2.5 |   9.70 |  10.07 |   9.78 |   6.74 |I I 
12:49-Sun-Apr-02-2017 PM10  |  16.46 |  18.11 |  17.67 |  12.04 |I I 
12:49-Sun-Apr-02-2017 PM2.5 |   9.77 |  10.06 |   9.78 |   6.74 |I I 
12:53-Sun-Apr-02-2017 PM10  |  16.74 |  18.04 |  17.67 |  12.04 |I I 
12:53-Sun-Apr-02-2017 PM2.5 |  10.17 |  10.06 |   9.78 |   6.74 |I I 
12:54-Sun-Apr-02-2017 PM10  |  16.74 |  17.99 |  17.67 |  12.04 |I I 
12:54-Sun-Apr-02-2017 PM2.5 |  10.17 |  10.07 |   9.78 |   6.74 |I I 
12:55-Sun-Apr-02-2017 PM10  |  17.61 |  17.97 |  17.67 |  12.04 |I I 
12:55-Sun-Apr-02-2017 PM2.5 |  10.05 |  10.07 |   9.78 |   6.74 |I I 
12:59-Sun-Apr-02-2017 PM10  |  16.38 |  17.91 |  17.67 |  12.04 |I I 
12:59-Sun-Apr-02-2017 PM2.5 |  10.12 |  10.07 |   9.78 |   6.74 |I I 
13:00-Sun-Apr-02-2017 PM10  |  18.37 |  17.93 |  17.93 |  12.04 |I I 
13:00-Sun-Apr-02-2017 PM2.5 |  10.17 |  10.07 |  10.07 |   6.74 |I I 
13:04-Sun-Apr-02-2017 PM10  |  19.79 |  19.79 |  17.93 |  12.04 |I I 
13:04-Sun-Apr-02-2017 PM2.5 |  10.08 |  10.08 |  10.07 |   6.74 |I I 
13:05-Sun-Apr-02-2017 PM10  |  19.82 |  19.81 |  17.93 |  12.04 |I I 
13:05-Sun-Apr-02-2017 PM2.5 |   9.84 |   9.96 |  10.07 |   6.74 |I I 
13:09-Sun-Apr-02-2017 PM10  |  26.70 |  22.11 |  17.93 |  12.04 |I I 
13:09-Sun-Apr-02-2017 PM2.5 |  12.25 |  10.72 |  10.07 |   6.74 |I I 
13:10-Sun-Apr-02-2017 PM10  |  71.16 |  34.37 |  17.93 |  12.04 |I I 
13:10-Sun-Apr-02-2017 PM2.5 |  22.65 |  13.70 |  10.07 |   6.74 |I I 
13:14-Sun-Apr-02-2017 PM10  |  61.62 |  39.82 |  17.93 |  12.04 |I I 
13:14-Sun-Apr-02-2017 PM2.5 |  23.30 |  15.62 |  10.07 |   6.74 |I I 
13:15-Sun-Apr-02-2017 PM10  |  85.45 |  47.42 |  17.93 |  12.04 |I I 
13:15-Sun-Apr-02-2017 PM2.5 |  30.21 |  18.05 |  10.07 |   6.74 |I I 
13:19-Sun-Apr-02-2017 PM10  |  97.49 |  54.58 |  17.93 |  12.04 |I I 
13:19-Sun-Apr-02-2017 PM2.5 |  35.17 |  20.50 |  10.07 |   6.74 |I I 
13:20-Sun-Apr-02-2017 PM10  |  97.49 |  59.94 |  17.93 |  12.04 |I I 
13:20-Sun-Apr-02-2017 PM2.5 |  35.17 |  22.33 |  10.07 |   6.74 |I I 
13:21-Sun-Apr-02-2017 PM10  |  118.44|  66.44 |  17.93 |  12.04 |I I 
13:21-Sun-Apr-02-2017 PM2.5 |  40.40 |  24.34 |  10.07 |   6.74 |I I 
13:25-Sun-Apr-02-2017 PM10  |  122.61|  72.06 |  17.93 |  12.04 |I I 
13:25-Sun-Apr-02-2017 PM2.5 |  42.18 |  26.12 |  10.07 |   6.74 |I I 
13:26-Sun-Apr-02-2017 PM10  |  110.81|  75.58 |  17.93 |  12.04 |I I 
13:26-Sun-Apr-02-2017 PM2.5 |  39.57 |  27.35 |  10.07 |   6.74 |I I 
13:30-Sun-Apr-02-2017 PM10  |  112.75|  78.68 |  17.93 |  12.04 |I I 
13:30-Sun-Apr-02-2017 PM2.5 |  40.89 |  28.48 |  10.07 |   6.74 |I I 
13:31-Sun-Apr-02-2017 PM10  |  117.07|  81.63 |  17.93 |  12.04 |I I 
13:31-Sun-Apr-02-2017 PM2.5 |  37.92 |  29.20 |  10.07 |   6.74 |I I 
13:35-Sun-Apr-02-2017 PM10  |  121.71|  84.49 |  17.93 |  12.04 |I I 
13:35-Sun-Apr-02-2017 PM2.5 |  39.28 |  29.92 |  10.07 |   6.74 |I I 
13:36-Sun-Apr-02-2017 PM10  |  104.39|  85.82 |  17.93 |  12.04 |I I 
13:36-Sun-Apr-02-2017 PM2.5 |  36.65 |  30.37 |  10.07 |   6.74 |I I 
13:40-Sun-Apr-02-2017 PM10  |  96.80 |  86.51 |  17.93 |  12.04 |I I 
13:40-Sun-Apr-02-2017 PM2.5 |  37.02 |  30.79 |  10.07 |   6.74 |I I 
13:41-Sun-Apr-02-2017 PM10  |  82.27 |  86.26 |  17.93 |  12.04 |I I 
13:41-Sun-Apr-02-2017 PM2.5 |  33.24 |  30.93 |  10.07 |   6.74 |I I 
13:45-Sun-Apr-02-2017 PM10  |  95.55 |  86.77 |  17.93 |  12.04 |I I 
13:45-Sun-Apr-02-2017 PM2.5 |  36.60 |  31.25 |  10.07 |   6.74 |I I 
13:46-Sun-Apr-02-2017 PM10  |  95.55 |  87.24 |  17.93 |  12.04 |I I 
13:46-Sun-Apr-02-2017 PM2.5 |  36.60 |  31.53 |  10.07 |   6.74 |I I 
13:47-Sun-Apr-02-2017 PM10  |  80.54 |  86.90 |  17.93 |  12.04 |I I 
13:47-Sun-Apr-02-2017 PM2.5 |  31.37 |  31.52 |  10.07 |   6.74 |I I 
13:51-Sun-Apr-02-2017 PM10  |  76.62 |  86.41 |  17.93 |  12.04 |I I 
13:51-Sun-Apr-02-2017 PM2.5 |  31.54 |  31.52 |  10.07 |   6.74 |I I 
13:52-Sun-Apr-02-2017 PM10  |  76.44 |  85.96 |  17.93 |  12.04 |I I 
13:52-Sun-Apr-02-2017 PM2.5 |  30.33 |  31.47 |  10.07 |   6.74 |I I 
13:56-Sun-Apr-02-2017 PM10  |  76.48 |  85.55 |  17.93 |  12.04 |I I 
13:56-Sun-Apr-02-2017 PM2.5 |  29.88 |  31.40 |  10.07 |   6.74 |I I 
13:58-Sun-Apr-02-2017 PM10  |  71.08 |  84.94 |  17.93 |  12.04 |I I 
13:58-Sun-Apr-02-2017 PM2.5 |  27.80 |  31.25 |  10.07 |   6.74 |I I 
14:02-Sun-Apr-02-2017 PM10  |  71.82 |  84.42 |  84.42 |  12.04 |I I 
14:02-Sun-Apr-02-2017 PM2.5 |  28.64 |  31.14 |  31.14 |   6.74 |I I 
14:03-Sun-Apr-02-2017 PM10  |  60.57 |  60.57 |  84.42 |  12.04 |I I 
14:03-Sun-Apr-02-2017 PM2.5 |  26.76 |  26.76 |  31.14 |   6.74 |I I 
14:07-Sun-Apr-02-2017 PM10  |  57.52 |  59.05 |  84.42 |  12.04 |I I 
14:07-Sun-Apr-02-2017 PM2.5 |  26.91 |  26.84 |  31.14 |   6.74 |I I 
14:08-Sun-Apr-02-2017 PM10  |  63.44 |  60.51 |  84.42 |  12.04 |I I 
14:08-Sun-Apr-02-2017 PM2.5 |  26.32 |  26.66 |  31.14 |   6.74 |I I 
14:12-Sun-Apr-02-2017 PM10  |  65.05 |  61.65 |  84.42 |  12.04 |I I 
14:12-Sun-Apr-02-2017 PM2.5 |  27.03 |  26.75 |  31.14 |   6.74 |I I 
14:13-Sun-Apr-02-2017 PM10  |  65.05 |  62.33 |  84.42 |  12.04 |I I 
14:13-Sun-Apr-02-2017 PM2.5 |  27.03 |  26.81 |  31.14 |   6.74 |I I 
14:14-Sun-Apr-02-2017 PM10  |  60.15 |  61.97 |  84.42 |  12.04 |I I 
14:14-Sun-Apr-02-2017 PM2.5 |  25.54 |  26.60 |  31.14 |   6.74 |I I 
14:18-Sun-Apr-02-2017 PM10  |  59.16 |  61.57 |  84.42 |  12.04 |I I 
14:18-Sun-Apr-02-2017 PM2.5 |  25.99 |  26.51 |  31.14 |   6.74 |I I 
14:19-Sun-Apr-02-2017 PM10  |  55.41 |  60.80 |  84.42 |  12.04 |I I 
14:19-Sun-Apr-02-2017 PM2.5 |  25.17 |  26.34 |  31.14 |   6.74 |I I 
14:23-Sun-Apr-02-2017 PM10  |  55.81 |  60.24 |  84.42 |  12.04 |I I 
14:23-Sun-Apr-02-2017 PM2.5 |  25.18 |  26.21 |  31.14 |   6.74 |I I 
14:24-Sun-Apr-02-2017 PM10  |  53.31 |  59.55 |  84.42 |  12.04 |I I 
14:24-Sun-Apr-02-2017 PM2.5 |  23.67 |  25.96 |  31.14 |   6.74 |I I 
14:28-Sun-Apr-02-2017 PM10  |  58.96 |  59.50 |  84.42 |  12.04 |I I 
14:28-Sun-Apr-02-2017 PM2.5 |  25.76 |  25.94 |  31.14 |   6.74 |I I 
14:29-Sun-Apr-02-2017 PM10  |  52.32 |  58.90 |  84.42 |  12.04 |I I 
14:29-Sun-Apr-02-2017 PM2.5 |  23.46 |  25.73 |  31.14 |   6.74 |I I 
14:33-Sun-Apr-02-2017 PM10  |  47.76 |  58.04 |  84.42 |  12.04 |I I 
14:33-Sun-Apr-02-2017 PM2.5 |  23.61 |  25.57 |  31.14 |   6.74 |I I 
14:34-Sun-Apr-02-2017 PM10  |  49.13 |  57.40 |  84.42 |  12.04 |I I 
14:34-Sun-Apr-02-2017 PM2.5 |  22.19 |  25.33 |  31.14 |   6.74 |I I 
14:38-Sun-Apr-02-2017 PM10  |  48.94 |  56.84 |  84.42 |  12.04 |I I 
14:38-Sun-Apr-02-2017 PM2.5 |  23.10 |  25.18 |  31.14 |   6.74 |I I 
14:39-Sun-Apr-02-2017 PM10  |  48.94 |  56.35 |  84.42 |  12.04 |I I 
14:39-Sun-Apr-02-2017 PM2.5 |  23.10 |  25.05 |  31.14 |   6.74 |I I 
14:40-Sun-Apr-02-2017 PM10  |  46.95 |  55.79 |  84.42 |  12.04 |I I 
14:40-Sun-Apr-02-2017 PM2.5 |  21.95 |  24.87 |  31.14 |   6.74 |I I 
14:44-Sun-Apr-02-2017 PM10  |  47.58 |  55.34 |  84.42 |  12.04 |I I 
14:44-Sun-Apr-02-2017 PM2.5 |  22.46 |  24.73 |  31.14 |   6.74 |I I 
14:45-Sun-Apr-02-2017 PM10  |  44.71 |  54.78 |  84.42 |  12.04 |I B 
14:45-Sun-Apr-02-2017 PM2.5 |  21.30 |  24.55 |  31.14 |   6.74 |I B 
14:49-Sun-Apr-02-2017recover dati per host :92.223.147.77/nodered
14:49-Sun-Apr-02-2017 PM10  |  41.39 |  54.11 |  84.42 |  12.04 |I I 
14:49-Sun-Apr-02-2017 PM2.5 |  20.57 |  24.35 |  31.14 |   6.74 |I I 
14:50-Sun-Apr-02-2017 PM10  |  38.41 |  53.36 |  84.42 |  12.04 |I I 
14:50-Sun-Apr-02-2017 PM2.5 |  16.54 |  23.98 |  31.14 |   6.74 |I I 
14:54-Sun-Apr-02-2017 PM10  |  33.22 |  52.45 |  84.42 |  12.04 |I I 
14:54-Sun-Apr-02-2017 PM2.5 |  16.56 |  23.64 |  31.14 |   6.74 |I I 
14:55-Sun-Apr-02-2017 PM10  |  25.67 |  51.28 |  84.42 |  12.04 |I I 
14:55-Sun-Apr-02-2017 PM2.5 |  14.59 |  23.25 |  31.14 |   6.74 |I I 
14:59-Sun-Apr-02-2017 PM10  |  28.02 |  50.31 |  84.42 |  12.04 |I I 
14:59-Sun-Apr-02-2017 PM2.5 |  14.92 |  22.90 |  31.14 |   6.74 |I I 
15:00-Sun-Apr-02-2017 PM10  |  29.84 |  49.49 |  84.42 |  12.04 |I I 
15:00-Sun-Apr-02-2017 PM2.5 |  14.25 |  22.56 |  31.14 |   6.74 |I I 
15:04-Sun-Apr-02-2017 PM10  |  25.18 |  25.18 |  84.42 |  12.04 |I I 
15:04-Sun-Apr-02-2017 PM2.5 |  15.03 |  15.03 |  31.14 |   6.74 |I I 
15:05-Sun-Apr-02-2017 PM10  |  25.18 |  25.18 |  84.42 |  12.04 |I I 
15:05-Sun-Apr-02-2017 PM2.5 |  15.03 |  15.03 |  31.14 |   6.74 |I I 
15:06-Sun-Apr-02-2017 PM10  |  24.90 |  25.09 |  84.42 |  12.04 |I I 
15:06-Sun-Apr-02-2017 PM2.5 |  14.40 |  14.82 |  31.14 |   6.74 |I I 
15:10-Sun-Apr-02-2017 PM10  |  24.24 |  24.87 |  84.42 |  12.04 |I I 
15:10-Sun-Apr-02-2017 PM2.5 |  14.57 |  14.76 |  31.14 |   6.74 |I I 
15:11-Sun-Apr-02-2017 PM10  |  23.84 |  24.67 |  84.42 |  12.04 |I I 
15:11-Sun-Apr-02-2017 PM2.5 |  14.27 |  14.66 |  31.14 |   6.74 |I I 
15:15-Sun-Apr-02-2017 PM10  |  25.58 |  24.82 |  84.42 |  12.04 |I I 
15:15-Sun-Apr-02-2017 PM2.5 |  14.45 |  14.62 |  31.14 |   6.74 |I I 
15:16-Sun-Apr-02-2017 PM10  |  23.95 |  24.70 |  84.42 |  12.04 |I I 
15:16-Sun-Apr-02-2017 PM2.5 |  14.32 |  14.58 |  31.14 |   6.74 |I I 
15:20-Sun-Apr-02-2017 PM10  |  25.41 |  24.78 |  84.42 |  12.04 |I I 
15:20-Sun-Apr-02-2017 PM2.5 |  14.47 |  14.57 |  31.14 |   6.74 |I I 
15:21-Sun-Apr-02-2017 PM10  |  31.45 |  25.53 |  84.42 |  12.04 |I I 
15:21-Sun-Apr-02-2017 PM2.5 |  14.20 |  14.53 |  31.14 |   6.74 |I I 
15:25-Sun-Apr-02-2017 PM10  |  26.21 |  25.59 |  84.42 |  12.04 |I I 
15:25-Sun-Apr-02-2017 PM2.5 |  14.92 |  14.57 |  31.14 |   6.74 |I I 
15:26-Sun-Apr-02-2017 PM10  |  25.93 |  25.62 |  84.42 |  12.04 |I I 
15:26-Sun-Apr-02-2017 PM2.5 |  14.20 |  14.53 |  31.14 |   6.74 |I I 
15:30-Sun-Apr-02-2017 PM10  |  23.40 |  25.44 |  84.42 |  12.04 |I I 
15:30-Sun-Apr-02-2017 PM2.5 |  13.80 |  14.47 |  31.14 |   6.74 |I I 
15:31-Sun-Apr-02-2017 PM10  |  23.40 |  25.28 |  84.42 |  12.04 |I I 
15:31-Sun-Apr-02-2017 PM2.5 |  13.80 |  14.42 |  31.14 |   6.74 |I I 
15:32-Sun-Apr-02-2017 PM10  |  21.75 |  25.03 |  84.42 |  12.04 |I I 
15:32-Sun-Apr-02-2017 PM2.5 |  13.63 |  14.36 |  31.14 |   6.74 |I I 
15:36-Sun-Apr-02-2017 PM10  |  21.12 |  24.77 |  84.42 |  12.04 |I I 
15:36-Sun-Apr-02-2017 PM2.5 |  13.79 |  14.32 |  31.14 |   6.74 |I I 
15:37-Sun-Apr-02-2017 PM10  |  22.11 |  24.60 |  84.42 |  12.04 |I I 
15:37-Sun-Apr-02-2017 PM2.5 |  14.47 |  14.33 |  31.14 |   6.74 |I I 
15:41-Sun-Apr-02-2017 PM10  |  21.50 |  24.42 |  84.42 |  12.04 |I I 
15:41-Sun-Apr-02-2017 PM2.5 |  14.06 |  14.32 |  31.14 |   6.74 |I I 
15:42-Sun-Apr-02-2017 PM10  |  21.90 |  24.28 |  84.42 |  12.04 |I I 
15:42-Sun-Apr-02-2017 PM2.5 |  13.47 |  14.27 |  31.14 |   6.74 |I I 
15:46-Sun-Apr-02-2017 PM10  |  23.33 |  24.23 |  84.42 |  12.04 |I I 
15:46-Sun-Apr-02-2017 PM2.5 |  14.14 |  14.26 |  31.14 |   6.74 |I I 
15:47-Sun-Apr-02-2017 PM10  |  23.05 |  24.17 |  84.42 |  12.04 |I I 
15:47-Sun-Apr-02-2017 PM2.5 |  13.99 |  14.25 |  31.14 |   6.74 |I I 
15:51-Sun-Apr-02-2017 PM10  |  24.35 |  24.18 |  84.42 |  12.04 |I I 
15:51-Sun-Apr-02-2017 PM2.5 |  14.28 |  14.25 |  31.14 |   6.74 |I I 
15:52-Sun-Apr-02-2017 PM10  |  26.43 |  24.28 |  84.42 |  12.04 |I I 
15:52-Sun-Apr-02-2017 PM2.5 |  14.01 |  14.24 |  31.14 |   6.74 |I I 
15:56-Sun-Apr-02-2017 PM10  |  25.42 |  24.33 |  84.42 |  12.04 |I I 
15:56-Sun-Apr-02-2017 PM2.5 |  14.22 |  14.24 |  31.14 |   6.74 |I I 
15:57-Sun-Apr-02-2017 PM10  |  25.42 |  24.38 |  84.42 |  12.04 |I I 
15:57-Sun-Apr-02-2017 PM2.5 |  14.22 |  14.24 |  31.14 |   6.74 |I I 
15:58-Sun-Apr-02-2017 PM10  |  24.42 |  24.38 |  84.42 |  12.04 |I I 
15:58-Sun-Apr-02-2017 PM2.5 |  13.92 |  14.23 |  31.14 |   6.74 |I I 
16:02-Sun-Apr-02-2017 PM10  |  26.99 |  24.48 |  84.42 |  12.04 |I I 
16:02-Sun-Apr-02-2017 PM2.5 |  14.26 |  14.23 |  31.14 |   6.74 |I I 
16:03-Sun-Apr-02-2017 PM10  |  28.04 |  28.04 |  84.42 |  12.04 |I I 
16:03-Sun-Apr-02-2017 PM2.5 |  14.60 |  14.60 |  31.14 |   6.74 |I I 
16:07-Sun-Apr-02-2017 PM10  |  24.62 |  26.33 |  84.42 |  12.04 |I I 
16:07-Sun-Apr-02-2017 PM2.5 |  14.49 |  14.55 |  31.14 |   6.74 |I I 
16:08-Sun-Apr-02-2017 PM10  |  25.53 |  26.06 |  84.42 |  12.04 |I I 
16:08-Sun-Apr-02-2017 PM2.5 |  14.28 |  14.46 |  31.14 |   6.74 |I I 
16:12-Sun-Apr-02-2017 PM10  |  22.50 |  25.17 |  84.42 |  12.04 |I I 
16:12-Sun-Apr-02-2017 PM2.5 |  14.28 |  14.41 |  31.14 |   6.74 |I I 
16:13-Sun-Apr-02-2017 PM10  |  25.49 |  25.24 |  84.42 |  12.04 |I I 
16:13-Sun-Apr-02-2017 PM2.5 |  14.99 |  14.53 |  31.14 |   6.74 |I I 
16:17-Sun-Apr-02-2017 PM10  |  24.66 |  25.14 |  84.42 |  12.04 |I I 
16:17-Sun-Apr-02-2017 PM2.5 |  14.65 |  14.55 |  31.14 |   6.74 |I I 
16:18-Sun-Apr-02-2017 PM10  |  22.70 |  24.79 |  84.42 |  12.04 |I I 
16:18-Sun-Apr-02-2017 PM2.5 |  13.78 |  14.44 |  31.14 |   6.74 |I I 
16:22-Sun-Apr-02-2017 PM10  |  28.37 |  25.24 |  84.42 |  12.04 |I I 
16:22-Sun-Apr-02-2017 PM2.5 |  14.73 |  14.48 |  31.14 |   6.74 |I I 
16:23-Sun-Apr-02-2017 PM10  |  28.37 |  25.59 |  84.42 |  12.04 |I I 
16:23-Sun-Apr-02-2017 PM2.5 |  14.73 |  14.50 |  31.14 |   6.74 |I I 
16:24-Sun-Apr-02-2017 PM10  |  25.70 |  25.60 |  84.42 |  12.04 |I I 
16:24-Sun-Apr-02-2017 PM2.5 |  14.72 |  14.53 |  31.14 |   6.74 |I I 
16:28-Sun-Apr-02-2017 PM10  |  24.91 |  25.54 |  84.42 |  12.04 |I I 
16:28-Sun-Apr-02-2017 PM2.5 |  14.64 |  14.54 |  31.14 |   6.74 |I I 
16:29-Sun-Apr-02-2017 PM10  |  25.65 |  25.55 |  84.42 |  12.04 |I I 
16:29-Sun-Apr-02-2017 PM2.5 |  14.26 |  14.51 |  31.14 |   6.74 |I I 
16:33-Sun-Apr-02-2017 PM10  |  26.45 |  25.61 |  84.42 |  12.04 |I I 
16:33-Sun-Apr-02-2017 PM2.5 |  14.59 |  14.52 |  31.14 |   6.74 |I I 
16:34-Sun-Apr-02-2017 PM10  |  25.89 |  25.63 |  84.42 |  12.04 |I I 
16:34-Sun-Apr-02-2017 PM2.5 |  14.61 |  14.53 |  31.14 |   6.74 |I I 
16:38-Sun-Apr-02-2017 PM10  |  29.51 |  25.89 |  84.42 |  12.04 |I I 
16:38-Sun-Apr-02-2017 PM2.5 |  15.21 |  14.57 |  31.14 |   6.74 |I I 
16:39-Sun-Apr-02-2017 PM10  |  22.91 |  25.71 |  84.42 |  12.04 |I I 
16:39-Sun-Apr-02-2017 PM2.5 |  14.99 |  14.60 |  31.14 |   6.74 |I I 
16:43-Sun-Apr-02-2017 PM10  |  25.62 |  25.70 |  84.42 |  12.04 |I I 
16:43-Sun-Apr-02-2017 PM2.5 |  15.49 |  14.65 |  31.14 |   6.74 |I I 
16:44-Sun-Apr-02-2017 PM10  |  25.12 |  25.67 |  84.42 |  12.04 |I I 
16:44-Sun-Apr-02-2017 PM2.5 |  14.22 |  14.63 |  31.14 |   6.74 |I I 
16:48-Sun-Apr-02-2017 PM10  |  26.17 |  25.70 |  84.42 |  12.04 |I I 
16:48-Sun-Apr-02-2017 PM2.5 |  15.32 |  14.66 |  31.14 |   6.74 |I I 
16:49-Sun-Apr-02-2017 PM10  |  26.17 |  25.72 |  84.42 |  12.04 |I I 
16:49-Sun-Apr-02-2017 PM2.5 |  15.32 |  14.70 |  31.14 |   6.74 |I I 
16:50-Sun-Apr-02-2017 PM10  |  23.32 |  25.60 |  84.42 |  12.04 |I I 
16:50-Sun-Apr-02-2017 PM2.5 |  14.52 |  14.69 |  31.14 |   6.74 |I I 
16:54-Sun-Apr-02-2017 PM10  |  25.56 |  25.60 |  84.42 |  12.04 |I I 
16:54-Sun-Apr-02-2017 PM2.5 |  15.69 |  14.73 |  31.14 |   6.74 |I I 
16:55-Sun-Apr-02-2017 PM10  |  27.79 |  25.70 |  84.42 |  12.04 |I I 
16:55-Sun-Apr-02-2017 PM2.5 |  14.76 |  14.73 |  31.14 |   6.74 |I I 
17:00-Sun-Apr-02-2017 PM10  |  22.93 |  25.58 |  84.42 |  12.04 |I I 
17:00-Sun-Apr-02-2017 PM2.5 |  14.92 |  14.74 |  31.14 |   6.74 |I I 
17:01-Sun-Apr-02-2017 PM10  |  24.50 |  24.50 |  84.42 |  12.04 |I I 
17:01-Sun-Apr-02-2017 PM2.5 |  14.70 |  14.70 |  31.14 |   6.74 |I I 
17:05-Sun-Apr-02-2017 PM10  |  22.83 |  23.66 |  84.42 |  12.04 |I I 
17:05-Sun-Apr-02-2017 PM2.5 |  15.31 |  15.01 |  31.14 |   6.74 |I I 
17:06-Sun-Apr-02-2017 PM10  |  26.73 |  24.69 |  84.42 |  12.04 |I I 
17:06-Sun-Apr-02-2017 PM2.5 |  14.91 |  14.97 |  31.14 |   6.74 |I I 
17:10-Sun-Apr-02-2017 PM10  |  24.68 |  24.68 |  84.42 |  12.04 |I I 
17:10-Sun-Apr-02-2017 PM2.5 |  15.08 |  15.00 |  31.14 |   6.74 |I I 
17:11-Sun-Apr-02-2017 PM10  |  23.50 |  24.45 |  84.42 |  12.04 |I I 
17:11-Sun-Apr-02-2017 PM2.5 |  14.27 |  14.86 |  31.14 |   6.74 |I I 
17:15-Sun-Apr-02-2017 PM10  |  23.04 |  24.21 |  84.42 |  12.04 |I I 
17:15-Sun-Apr-02-2017 PM2.5 |  14.61 |  14.81 |  31.14 |   6.74 |I I 
17:16-Sun-Apr-02-2017 PM10  |  23.04 |  24.05 |  84.42 |  12.04 |I I 
17:16-Sun-Apr-02-2017 PM2.5 |  14.61 |  14.78 |  31.14 |   6.74 |I I 
17:17-Sun-Apr-02-2017 PM10  |  22.51 |  23.85 |  84.42 |  12.04 |I I 
17:17-Sun-Apr-02-2017 PM2.5 |  14.96 |  14.81 |  31.14 |   6.74 |I I 
17:21-Sun-Apr-02-2017 PM10  |  22.77 |  23.73 |  84.42 |  12.04 |I I 
17:21-Sun-Apr-02-2017 PM2.5 |  15.35 |  14.87 |  31.14 |   6.74 |I I 
17:22-Sun-Apr-02-2017 PM10  |  24.62 |  23.82 |  84.42 |  12.04 |I I 
17:22-Sun-Apr-02-2017 PM2.5 |  14.33 |  14.81 |  31.14 |   6.74 |I I 
17:26-Sun-Apr-02-2017 PM10  |  23.15 |  23.76 |  84.42 |  12.04 |I I 
17:26-Sun-Apr-02-2017 PM2.5 |  15.10 |  14.84 |  31.14 |   6.74 |I I 
17:27-Sun-Apr-02-2017 PM10  |  23.92 |  23.77 |  84.42 |  12.04 |I I 
17:27-Sun-Apr-02-2017 PM2.5 |  15.11 |  14.86 |  31.14 |   6.74 |I I 
17:31-Sun-Apr-02-2017 PM10  |  24.18 |  23.81 |  84.42 |  12.04 |I I 
17:31-Sun-Apr-02-2017 PM2.5 |  15.21 |  14.89 |  31.14 |   6.74 |I I 
17:32-Sun-Apr-02-2017 PM10  |  24.97 |  23.89 |  84.42 |  12.04 |I B 
17:32-Sun-Apr-02-2017 PM2.5 |  14.96 |  14.89 |  31.14 |   6.74 |I B 
17:36-Sun-Apr-02-2017recover dati per host :92.223.147.77/nodered
17:36-Sun-Apr-02-2017 PM10  |  23.72 |  23.88 |  84.42 |  12.04 |I I 
17:36-Sun-Apr-02-2017 PM2.5 |  14.87 |  14.89 |  31.14 |   6.74 |I I 
17:37-Sun-Apr-02-2017 PM10  |  23.01 |  23.82 |  84.42 |  12.04 |I I 
17:37-Sun-Apr-02-2017 PM2.5 |  14.63 |  14.88 |  31.14 |   6.74 |I I 
17:41-Sun-Apr-02-2017 PM10  |  23.21 |  23.79 |  84.42 |  12.04 |I I 
17:41-Sun-Apr-02-2017 PM2.5 |  15.04 |  14.89 |  31.14 |   6.74 |I I 
17:42-Sun-Apr-02-2017 PM10  |  22.46 |  23.71 |  84.42 |  12.04 |I I 
17:42-Sun-Apr-02-2017 PM2.5 |  14.30 |  14.85 |  31.14 |   6.74 |I I 
17:43-Sun-Apr-02-2017 PM10  |  22.46 |  23.65 |  84.42 |  12.04 |I I 
17:43-Sun-Apr-02-2017 PM2.5 |  14.30 |  14.82 |  31.14 |   6.74 |I I 
17:47-Sun-Apr-02-2017 PM10  |  22.79 |  23.60 |  84.42 |  12.04 |I I 
17:47-Sun-Apr-02-2017 PM2.5 |  15.01 |  14.83 |  31.14 |   6.74 |I I 
17:48-Sun-Apr-02-2017 PM10  |  22.99 |  23.58 |  84.42 |  12.04 |I I 
17:48-Sun-Apr-02-2017 PM2.5 |  14.28 |  14.81 |  31.14 |   6.74 |I I 
17:52-Sun-Apr-02-2017 PM10  |  20.01 |  23.41 |  84.42 |  12.04 |I I 
17:52-Sun-Apr-02-2017 PM2.5 |  14.29 |  14.78 |  31.14 |   6.74 |I I 
17:53-Sun-Apr-02-2017 PM10  |  22.44 |  23.37 |  84.42 |  12.04 |I I 
17:53-Sun-Apr-02-2017 PM2.5 |  13.83 |  14.74 |  31.14 |   6.74 |I I 
17:57-Sun-Apr-02-2017 PM10  |  21.39 |  23.29 |  84.42 |  12.04 |I I 
17:57-Sun-Apr-02-2017 PM2.5 |  14.40 |  14.73 |  31.14 |   6.74 |I I 
17:58-Sun-Apr-02-2017 PM10  |  21.35 |  23.21 |  84.42 |  12.04 |I I 
17:58-Sun-Apr-02-2017 PM2.5 |  14.19 |  14.71 |  31.14 |   6.74 |I I 
18:02-Sun-Apr-02-2017 PM10  |  20.97 |  23.12 |  84.42 |  12.04 |I I 
18:02-Sun-Apr-02-2017 PM2.5 |  14.01 |  14.68 |  31.14 |   6.74 |I I 
18:03-Sun-Apr-02-2017 PM10  |  21.86 |  21.86 |  84.42 |  12.04 |I I 
18:03-Sun-Apr-02-2017 PM2.5 |  14.13 |  14.13 |  31.14 |   6.74 |I I 
18:07-Sun-Apr-02-2017 PM10  |  20.08 |  20.97 |  84.42 |  12.04 |I I 
18:07-Sun-Apr-02-2017 PM2.5 |  13.70 |  13.91 |  31.14 |   6.74 |I I 
18:08-Sun-Apr-02-2017 PM10  |  22.62 |  21.52 |  84.42 |  12.04 |I I 
18:08-Sun-Apr-02-2017 PM2.5 |  14.06 |  13.96 |  31.14 |   6.74 |I I 
18:12-Sun-Apr-02-2017 PM10  |  23.28 |  21.96 |  84.42 |  12.04 |I I 
18:12-Sun-Apr-02-2017 PM2.5 |  14.18 |  14.02 |  31.14 |   6.74 |I I 
18:13-Sun-Apr-02-2017 PM10  |  21.88 |  21.94 |  84.42 |  12.04 |I I 
18:13-Sun-Apr-02-2017 PM2.5 |  14.43 |  14.10 |  31.14 |   6.74 |I I 
18:14-Sun-Apr-02-2017 PM10  |  21.88 |  21.93 |  84.42 |  12.04 |I B 
18:14-Sun-Apr-02-2017 PM2.5 |  14.43 |  14.15 |  31.14 |   6.74 |I B 
18:17-Sun-Apr-02-2017recover dati per host :92.223.147.77/nodered
18:17-Sun-Apr-02-2017 PM10  |  24.27 |  22.27 |  84.42 |  12.04 |I I 
18:17-Sun-Apr-02-2017 PM2.5 |  14.11 |  14.15 |  31.14 |   6.74 |I I 
18:18-Sun-Apr-02-2017 PM10  |  24.27 |  22.52 |  84.42 |  12.04 |I I 
18:18-Sun-Apr-02-2017 PM2.5 |  14.11 |  14.14 |  31.14 |   6.74 |I I 
18:19-Sun-Apr-02-2017 PM10  |  21.46 |  22.40 |  84.42 |  12.04 |I I 
18:19-Sun-Apr-02-2017 PM2.5 |  13.64 |  14.09 |  31.14 |   6.74 |I I 
18:23-Sun-Apr-02-2017 PM10  |  21.52 |  22.31 |  84.42 |  12.04 |I I 
18:23-Sun-Apr-02-2017 PM2.5 |  13.62 |  14.04 |  31.14 |   6.74 |I I 
18:24-Sun-Apr-02-2017 PM10  |  19.71 |  22.08 |  84.42 |  12.04 |I I 
18:24-Sun-Apr-02-2017 PM2.5 |  13.52 |  13.99 |  31.14 |   6.74 |I I 
18:28-Sun-Apr-02-2017 PM10  |  19.53 |  21.86 |  84.42 |  12.04 |I I 
18:28-Sun-Apr-02-2017 PM2.5 |  13.81 |  13.98 |  31.14 |   6.74 |I I 
18:29-Sun-Apr-02-2017 PM10  |  20.25 |  21.74 |  84.42 |  12.04 |I I 
18:29-Sun-Apr-02-2017 PM2.5 |  13.42 |  13.94 |  31.14 |   6.74 |I I 
18:33-Sun-Apr-02-2017 PM10  |  20.25 |  21.63 |  84.42 |  12.04 |I I 
18:33-Sun-Apr-02-2017 PM2.5 |  13.60 |  13.91 |  31.14 |   6.74 |I I 
18:34-Sun-Apr-02-2017 PM10  |  21.18 |  21.60 |  84.42 |  12.04 |I I 
18:34-Sun-Apr-02-2017 PM2.5 |  13.43 |  13.88 |  31.14 |   6.74 |I I 
18:38-Sun-Apr-02-2017 PM10  |  20.04 |  21.51 |  84.42 |  12.04 |I I 
18:38-Sun-Apr-02-2017 PM2.5 |  13.06 |  13.83 |  31.14 |   6.74 |I I 
18:39-Sun-Apr-02-2017 PM10  |  25.78 |  21.76 |  84.42 |  12.04 |I B 
18:39-Sun-Apr-02-2017 PM2.5 |  13.60 |  13.81 |  31.14 |   6.74 |I B 
18:44-Sun-Apr-02-2017recover dati per host :92.223.147.77/nodered
18:44-Sun-Apr-02-2017 PM10  |  22.29 |  21.79 |  84.42 |  12.04 |I I 
18:44-Sun-Apr-02-2017 PM2.5 |  13.18 |  13.78 |  31.14 |   6.74 |I I 
18:45-Sun-Apr-02-2017 PM10  |  20.22 |  21.70 |  84.42 |  12.04 |I I 
18:45-Sun-Apr-02-2017 PM2.5 |  12.76 |  13.73 |  31.14 |   6.74 |I I 
18:46-Sun-Apr-02-2017 PM10  |  20.22 |  21.63 |  84.42 |  12.04 |I I 
18:46-Sun-Apr-02-2017 PM2.5 |  12.76 |  13.68 |  31.14 |   6.74 |I I 
18:50-Sun-Apr-02-2017 PM10  |  20.20 |  21.56 |  84.42 |  12.04 |I I 
18:50-Sun-Apr-02-2017 PM2.5 |  12.72 |  13.63 |  31.14 |   6.74 |I I 
18:51-Sun-Apr-02-2017 PM10  |  18.57 |  21.43 |  84.42 |  12.04 |I I 
18:51-Sun-Apr-02-2017 PM2.5 |  12.75 |  13.59 |  31.14 |   6.74 |I I 
18:55-Sun-Apr-02-2017 PM10  |  21.02 |  21.41 |  84.42 |  12.04 |I I 
18:55-Sun-Apr-02-2017 PM2.5 |  12.82 |  13.56 |  31.14 |   6.74 |I I 
18:56-Sun-Apr-02-2017 PM10  |  18.49 |  21.29 |  84.42 |  12.04 |I I 
18:56-Sun-Apr-02-2017 PM2.5 |  12.56 |  13.52 |  31.14 |   6.74 |I I 
19:00-Sun-Apr-02-2017 PM10  |  19.96 |  21.23 |  84.42 |  12.04 |I I 
19:00-Sun-Apr-02-2017 PM2.5 |  12.99 |  13.50 |  31.14 |   6.74 |I I 
19:01-Sun-Apr-02-2017 PM10  |  18.20 |  18.20 |  84.42 |  12.04 |I I 
19:01-Sun-Apr-02-2017 PM2.5 |  12.15 |  12.15 |  31.14 |   6.74 |I I 
19:05-Sun-Apr-02-2017 PM10  |  19.83 |  19.02 |  84.42 |  12.04 |I I 
19:05-Sun-Apr-02-2017 PM2.5 |  12.79 |  12.47 |  31.14 |   6.74 |I I 
19:06-Sun-Apr-02-2017 PM10  |  19.02 |  19.02 |  84.42 |  12.04 |I I 
19:06-Sun-Apr-02-2017 PM2.5 |  12.04 |  12.32 |  31.14 |   6.74 |I I 
19:10-Sun-Apr-02-2017 PM10  |  20.37 |  19.36 |  84.42 |  12.04 |I I 
19:10-Sun-Apr-02-2017 PM2.5 |  12.94 |  12.48 |  31.14 |   6.74 |I I 
19:11-Sun-Apr-02-2017 PM10  |  22.63 |  20.01 |  84.42 |  12.04 |I I 
19:11-Sun-Apr-02-2017 PM2.5 |  12.69 |  12.52 |  31.14 |   6.74 |I I 
19:15-Sun-Apr-02-2017 PM10  |  18.66 |  19.78 |  84.42 |  12.04 |I I 
19:15-Sun-Apr-02-2017 PM2.5 |  12.44 |  12.51 |  31.14 |   6.74 |I I 
19:16-Sun-Apr-02-2017 PM10  |  18.66 |  19.62 |  84.42 |  12.04 |I I 
19:16-Sun-Apr-02-2017 PM2.5 |  12.44 |  12.50 |  31.14 |   6.74 |I I 
19:17-Sun-Apr-02-2017 PM10  |  21.61 |  19.87 |  84.42 |  12.04 |I I 
19:17-Sun-Apr-02-2017 PM2.5 |  12.81 |  12.54 |  31.14 |   6.74 |I I 
19:21-Sun-Apr-02-2017 PM10  |  22.70 |  20.19 |  84.42 |  12.04 |I I 
19:21-Sun-Apr-02-2017 PM2.5 |  13.06 |  12.59 |  31.14 |   6.74 |I I 
19:22-Sun-Apr-02-2017 PM10  |  22.90 |  20.46 |  84.42 |  12.04 |I I 
19:22-Sun-Apr-02-2017 PM2.5 |  13.15 |  12.65 |  31.14 |   6.74 |I I 
19:26-Sun-Apr-02-2017 PM10  |  20.19 |  20.43 |  84.42 |  12.04 |I I 
19:26-Sun-Apr-02-2017 PM2.5 |  13.04 |  12.69 |  31.14 |   6.74 |I I 
19:27-Sun-Apr-02-2017 PM10  |  20.77 |  20.46 |  84.42 |  12.04 |I I 
19:27-Sun-Apr-02-2017 PM2.5 |  12.40 |  12.66 |  31.14 |   6.74 |I I 
19:31-Sun-Apr-02-2017 PM10  |  19.98 |  20.42 |  84.42 |  12.04 |I I 
19:31-Sun-Apr-02-2017 PM2.5 |  12.50 |  12.65 |  31.14 |   6.74 |I I 
19:32-Sun-Apr-02-2017 PM10  |  19.79 |  20.38 |  84.42 |  12.04 |I I 
19:32-Sun-Apr-02-2017 PM2.5 |  12.61 |  12.65 |  31.14 |   6.74 |I I 
19:36-Sun-Apr-02-2017 PM10  |  20.47 |  20.38 |  84.42 |  12.04 |I I 
19:36-Sun-Apr-02-2017 PM2.5 |  12.91 |  12.66 |  31.14 |   6.74 |I I 
19:37-Sun-Apr-02-2017 PM10  |  18.73 |  20.28 |  84.42 |  12.04 |I I 
19:37-Sun-Apr-02-2017 PM2.5 |  11.64 |  12.60 |  31.14 |   6.74 |I I 
19:41-Sun-Apr-02-2017 PM10  |  20.89 |  20.32 |  84.42 |  12.04 |I I 
19:41-Sun-Apr-02-2017 PM2.5 |  12.43 |  12.59 |  31.14 |   6.74 |I I 
19:42-Sun-Apr-02-2017 PM10  |  20.89 |  20.35 |  84.42 |  12.04 |I I 
19:42-Sun-Apr-02-2017 PM2.5 |  12.43 |  12.58 |  31.14 |   6.74 |I I 
19:43-Sun-Apr-02-2017 PM10  |  20.26 |  20.34 |  84.42 |  12.04 |I I 
19:43-Sun-Apr-02-2017 PM2.5 |  11.78 |  12.54 |  31.14 |   6.74 |I I 
19:47-Sun-Apr-02-2017 PM10  |  20.27 |  20.34 |  84.42 |  12.04 |I I 
19:47-Sun-Apr-02-2017 PM2.5 |  11.86 |  12.50 |  31.14 |   6.74 |I I 
19:48-Sun-Apr-02-2017 PM10  |  24.24 |  20.53 |  84.42 |  12.04 |I I 
19:48-Sun-Apr-02-2017 PM2.5 |  11.29 |  12.45 |  31.14 |   6.74 |I I 
19:52-Sun-Apr-02-2017 PM10  |  19.69 |  20.49 |  84.42 |  12.04 |I I 
19:52-Sun-Apr-02-2017 PM2.5 |  11.48 |  12.40 |  31.14 |   6.74 |I I 
19:53-Sun-Apr-02-2017 PM10  |  22.76 |  20.59 |  84.42 |  12.04 |I B 
19:53-Sun-Apr-02-2017 PM2.5 |  10.75 |  12.33 |  31.14 |   6.74 |I B 
19:57-Sun-Apr-02-2017recover dati per host :92.223.147.77/nodered
19:57-Sun-Apr-02-2017 PM10  |  20.19 |  20.57 |  84.42 |  12.04 |I I 
19:57-Sun-Apr-02-2017 PM2.5 |  12.05 |  12.32 |  31.14 |   6.74 |I I 
19:58-Sun-Apr-02-2017 PM10  |  19.40 |  20.52 |  84.42 |  12.04 |I I 
19:58-Sun-Apr-02-2017 PM2.5 |  10.48 |  12.25 |  31.14 |   6.74 |I I 
20:02-Sun-Apr-02-2017 PM10  |  17.23 |  20.40 |  84.42 |  12.04 |I I 
20:02-Sun-Apr-02-2017 PM2.5 |  10.63 |  12.18 |  31.14 |   6.74 |I I 
20:03-Sun-Apr-02-2017 PM10  |  17.28 |  17.28 |  84.42 |  12.04 |I I 
20:03-Sun-Apr-02-2017 PM2.5 |  10.83 |  10.83 |  31.14 |   6.74 |I I 
20:07-Sun-Apr-02-2017 PM10  |  19.80 |  18.54 |  84.42 |  12.04 |I I 
20:07-Sun-Apr-02-2017 PM2.5 |  11.16 |  10.99 |  31.14 |   6.74 |I I 
20:08-Sun-Apr-02-2017 PM10  |  17.68 |  18.25 |  84.42 |  12.04 |I I 
20:08-Sun-Apr-02-2017 PM2.5 |  10.30 |  10.76 |  31.14 |   6.74 |I I 
20:09-Sun-Apr-02-2017 PM10  |  17.68 |  18.11 |  84.42 |  12.04 |I I 
20:09-Sun-Apr-02-2017 PM2.5 |  10.30 |  10.65 |  31.14 |   6.74 |I I 
20:13-Sun-Apr-02-2017 PM10  |  19.20 |  18.33 |  84.42 |  12.04 |I I 
20:13-Sun-Apr-02-2017 PM2.5 |  10.80 |  10.68 |  31.14 |   6.74 |I I 
20:14-Sun-Apr-02-2017 PM10  |  19.40 |  18.51 |  84.42 |  12.04 |I I 
20:14-Sun-Apr-02-2017 PM2.5 |  10.58 |  10.66 |  31.14 |   6.74 |I I 
20:18-Sun-Apr-02-2017 PM10  |  21.19 |  18.89 |  84.42 |  12.04 |I I 
20:18-Sun-Apr-02-2017 PM2.5 |  11.16 |  10.73 |  31.14 |   6.74 |I I 
20:19-Sun-Apr-02-2017 PM10  |  19.36 |  18.95 |  84.42 |  12.04 |I I 
20:19-Sun-Apr-02-2017 PM2.5 |  10.86 |  10.75 |  31.14 |   6.74 |I I 
20:23-Sun-Apr-02-2017 PM10  |  19.55 |  19.01 |  84.42 |  12.04 |I I 
20:23-Sun-Apr-02-2017 PM2.5 |  10.75 |  10.75 |  31.14 |   6.74 |I I 
20:24-Sun-Apr-02-2017 PM10  |  19.43 |  19.06 |  84.42 |  12.04 |I I 
20:24-Sun-Apr-02-2017 PM2.5 |  10.77 |  10.75 |  31.14 |   6.74 |I I 
20:28-Sun-Apr-02-2017 PM10  |  18.82 |  19.03 |  84.42 |  12.04 |I I 
20:28-Sun-Apr-02-2017 PM2.5 |  10.93 |  10.77 |  31.14 |   6.74 |I I 
20:29-Sun-Apr-02-2017 PM10  |  17.52 |  18.91 |  84.42 |  12.04 |I I 
20:29-Sun-Apr-02-2017 PM2.5 |   9.90 |  10.69 |  31.14 |   6.74 |I I 
20:33-Sun-Apr-02-2017 PM10  |  17.49 |  18.80 |  84.42 |  12.04 |I I 
20:33-Sun-Apr-02-2017 PM2.5 |  10.91 |  10.71 |  31.14 |   6.74 |I I 
20:34-Sun-Apr-02-2017 PM10  |  16.14 |  18.61 |  84.42 |  12.04 |I I 
20:34-Sun-Apr-02-2017 PM2.5 |   9.99 |  10.66 |  31.14 |   6.74 |I I 
20:38-Sun-Apr-02-2017 PM10  |  17.20 |  18.52 |  84.42 |  12.04 |I I 
20:38-Sun-Apr-02-2017 PM2.5 |  10.37 |  10.64 |  31.14 |   6.74 |I I 
20:39-Sun-Apr-02-2017 PM10  |  17.20 |  18.43 |  84.42 |  12.04 |I I 
20:39-Sun-Apr-02-2017 PM2.5 |  10.37 |  10.62 |  31.14 |   6.74 |I I 
20:40-Sun-Apr-02-2017 PM10  |  19.26 |  18.48 |  84.42 |  12.04 |I I 
20:40-Sun-Apr-02-2017 PM2.5 |   9.87 |  10.58 |  31.14 |   6.74 |I I 
20:44-Sun-Apr-02-2017 PM10  |  20.15 |  18.57 |  84.42 |  12.04 |I B 
20:44-Sun-Apr-02-2017 PM2.5 |  10.09 |  10.55 |  31.14 |   6.74 |I B 
20:45-Sun-Apr-02-2017recover dati per host :92.223.147.77/nodered
20:45-Sun-Apr-02-2017 PM10  |  21.17 |  18.71 |  84.42 |  12.04 |I I 
20:45-Sun-Apr-02-2017 PM2.5 |   9.90 |  10.52 |  31.14 |   6.74 |I I 
20:50-Sun-Apr-02-2017 PM10  |  15.83 |  18.57 |  84.42 |  12.04 |I I 
20:50-Sun-Apr-02-2017 PM2.5 |  10.15 |  10.50 |  31.14 |   6.74 |I I 
20:51-Sun-Apr-02-2017 PM10  |  17.00 |  18.49 |  84.42 |  12.04 |I I 
20:51-Sun-Apr-02-2017 PM2.5 |   9.86 |  10.47 |  31.14 |   6.74 |I I 
20:55-Sun-Apr-02-2017 PM10  |  17.91 |  18.47 |  84.42 |  12.04 |I I 
20:55-Sun-Apr-02-2017 PM2.5 |  10.41 |  10.47 |  31.14 |   6.74 |I I 
20:56-Sun-Apr-02-2017 PM10  |  17.73 |  18.43 |  84.42 |  12.04 |I I 
20:56-Sun-Apr-02-2017 PM2.5 |  10.20 |  10.46 |  31.14 |   6.74 |I I 
21:00-Sun-Apr-02-2017 PM10  |  18.05 |  18.42 |  84.42 |  12.04 |I B 
21:00-Sun-Apr-02-2017 PM2.5 |  10.08 |  10.44 |  31.14 |   6.74 |I B 
21:01-Sun-Apr-02-2017recover dati per host :92.223.147.77/nodered
21:01-Sun-Apr-02-2017 PM10  |  18.55 |  18.55 |  84.42 |  12.04 |I I 
21:01-Sun-Apr-02-2017 PM2.5 |   9.28 |   9.28 |  31.14 |   6.74 |I I 
21:05-Sun-Apr-02-2017 PM10  |  16.90 |  17.73 |  84.42 |  12.04 |I I 
21:05-Sun-Apr-02-2017 PM2.5 |   9.87 |   9.58 |  31.14 |   6.74 |I I 
21:06-Sun-Apr-02-2017 PM10  |  16.90 |  17.45 |  84.42 |  12.04 |I I 
21:06-Sun-Apr-02-2017 PM2.5 |   9.87 |   9.67 |  31.14 |   6.74 |I I 
21:07-Sun-Apr-02-2017 PM10  |  18.90 |  17.81 |  84.42 |  12.04 |I I 
21:07-Sun-Apr-02-2017 PM2.5 |  10.12 |   9.79 |  31.14 |   6.74 |I I 
21:11-Sun-Apr-02-2017 PM10  |  17.89 |  17.83 |  84.42 |  12.04 |I I 
21:11-Sun-Apr-02-2017 PM2.5 |   9.90 |   9.81 |  31.14 |   6.74 |I I 
21:12-Sun-Apr-02-2017 PM10  |  17.61 |  17.79 |  84.42 |  12.04 |I I 
21:12-Sun-Apr-02-2017 PM2.5 |   9.79 |   9.81 |  31.14 |   6.74 |I I 
21:16-Sun-Apr-02-2017 PM10  |  15.56 |  17.47 |  84.42 |  12.04 |I I 
21:16-Sun-Apr-02-2017 PM2.5 |   9.43 |   9.75 |  31.14 |   6.74 |I I 
21:17-Sun-Apr-02-2017 PM10  |  15.89 |  17.27 |  84.42 |  12.04 |I I 
21:17-Sun-Apr-02-2017 PM2.5 |   9.59 |   9.73 |  31.14 |   6.74 |I I 
21:21-Sun-Apr-02-2017 PM10  |  15.14 |  17.04 |  84.42 |  12.04 |I I 
21:21-Sun-Apr-02-2017 PM2.5 |   9.68 |   9.73 |  31.14 |   6.74 |I I 
21:22-Sun-Apr-02-2017 PM10  |  15.49 |  16.88 |  84.42 |  12.04 |I I 
21:22-Sun-Apr-02-2017 PM2.5 |   9.04 |   9.66 |  31.14 |   6.74 |I I 
21:26-Sun-Apr-02-2017 PM10  |  16.20 |  16.82 |  84.42 |  12.04 |I I 
21:26-Sun-Apr-02-2017 PM2.5 |   9.64 |   9.66 |  31.14 |   6.74 |I I 
21:27-Sun-Apr-02-2017 PM10  |  15.54 |  16.71 |  84.42 |  12.04 |I I 
21:27-Sun-Apr-02-2017 PM2.5 |   8.98 |   9.60 |  31.14 |   6.74 |I I 
21:31-Sun-Apr-02-2017 PM10  |  15.75 |  16.64 |  84.42 |  12.04 |I I 
21:31-Sun-Apr-02-2017 PM2.5 |   9.88 |   9.62 |  31.14 |   6.74 |I I 
21:32-Sun-Apr-02-2017 PM10  |  15.75 |  16.58 |  84.42 |  12.04 |I I 
21:32-Sun-Apr-02-2017 PM2.5 |   9.41 |   9.61 |  31.14 |   6.74 |I I 
21:33-Sun-Apr-02-2017 PM10  |  15.75 |  16.52 |  84.42 |  12.04 |I I 
21:33-Sun-Apr-02-2017 PM2.5 |   9.41 |   9.59 |  31.14 |   6.74 |I I 
21:37-Sun-Apr-02-2017 PM10  |  16.92 |  16.54 |  84.42 |  12.04 |I I 
21:37-Sun-Apr-02-2017 PM2.5 |   9.54 |   9.59 |  31.14 |   6.74 |I I 
21:38-Sun-Apr-02-2017 PM10  |  14.80 |  16.44 |  84.42 |  12.04 |I I 
21:38-Sun-Apr-02-2017 PM2.5 |   8.93 |   9.55 |  31.14 |   6.74 |I I 
21:42-Sun-Apr-02-2017 PM10  |  15.61 |  16.40 |  84.42 |  12.04 |I I 
21:42-Sun-Apr-02-2017 PM2.5 |   9.68 |   9.56 |  31.14 |   6.74 |I I 
21:43-Sun-Apr-02-2017 PM10  |  16.92 |  16.42 |  84.42 |  12.04 |I I 
21:43-Sun-Apr-02-2017 PM2.5 |   9.30 |   9.55 |  31.14 |   6.74 |I I 
21:47-Sun-Apr-02-2017 PM10  |  18.70 |  16.54 |  84.42 |  12.04 |I B 
21:47-Sun-Apr-02-2017 PM2.5 |   9.88 |   9.56 |  31.14 |   6.74 |I B 
21:48-Sun-Apr-02-2017recover dati per host :92.223.147.77/nodered
21:48-Sun-Apr-02-2017 PM10  |  15.61 |  16.49 |  84.42 |  12.04 |I I 
21:48-Sun-Apr-02-2017 PM2.5 |   8.74 |   9.52 |  31.14 |   6.74 |I I 
21:52-Sun-Apr-02-2017 PM10  |  17.30 |  16.53 |  84.42 |  12.04 |I I 
21:52-Sun-Apr-02-2017 PM2.5 |   9.06 |   9.50 |  31.14 |   6.74 |I I 
21:53-Sun-Apr-02-2017 PM10  |  14.57 |  16.44 |  84.42 |  12.04 |I I 
21:53-Sun-Apr-02-2017 PM2.5 |   9.00 |   9.48 |  31.14 |   6.74 |I I 
21:57-Sun-Apr-02-2017 PM10  |  16.42 |  16.44 |  84.42 |  12.04 |I I 
21:57-Sun-Apr-02-2017 PM2.5 |   9.68 |   9.49 |  31.14 |   6.74 |I I 
21:58-Sun-Apr-02-2017 PM10  |  14.55 |  16.37 |  84.42 |  12.04 |I I 
21:58-Sun-Apr-02-2017 PM2.5 |   8.93 |   9.47 |  31.14 |   6.74 |I I 
22:02-Sun-Apr-02-2017 PM10  |  14.41 |  16.29 |  84.42 |  12.04 |I I 
22:02-Sun-Apr-02-2017 PM2.5 |   9.43 |   9.46 |  31.14 |   6.74 |I I 
22:03-Sun-Apr-02-2017 PM10  |  14.41 |  14.41 |  84.42 |  12.04 |I I 
22:03-Sun-Apr-02-2017 PM2.5 |   9.43 |   9.43 |  31.14 |   6.74 |I I 
22:04-Sun-Apr-02-2017 PM10  |  18.10 |  16.25 |  84.42 |  12.04 |I I 
22:04-Sun-Apr-02-2017 PM2.5 |   9.39 |   9.41 |  31.14 |   6.74 |I I 
22:08-Sun-Apr-02-2017 PM10  |  16.59 |  16.37 |  84.42 |  12.04 |I I 
22:08-Sun-Apr-02-2017 PM2.5 |   9.73 |   9.52 |  31.14 |   6.74 |I I 
22:09-Sun-Apr-02-2017 PM10  |  17.39 |  16.62 |  84.42 |  12.04 |I I 
22:09-Sun-Apr-02-2017 PM2.5 |   9.53 |   9.52 |  31.14 |   6.74 |I I 
22:13-Sun-Apr-02-2017 PM10  |  18.01 |  16.90 |  84.42 |  12.04 |I B 
22:13-Sun-Apr-02-2017 PM2.5 |  10.16 |   9.65 |  31.14 |   6.74 |I B 
22:14-Sun-Apr-02-2017recover dati per host :92.223.147.77/nodered
22:14-Sun-Apr-02-2017 PM10  |  17.91 |  17.07 |  84.42 |  12.04 |I I 
22:14-Sun-Apr-02-2017 PM2.5 |   9.54 |   9.63 |  31.14 |   6.74 |I I 
22:18-Sun-Apr-02-2017 PM10  |  16.48 |  16.98 |  84.42 |  12.04 |I I 
22:18-Sun-Apr-02-2017 PM2.5 |   9.49 |   9.61 |  31.14 |   6.74 |I I 
22:19-Sun-Apr-02-2017 PM10  |  18.94 |  17.23 |  84.42 |  12.04 |I B 
22:19-Sun-Apr-02-2017 PM2.5 |   9.81 |   9.64 |  31.14 |   6.74 |I B 
22:23-Sun-Apr-02-2017recover dati per host :92.223.147.77/nodered
22:23-Sun-Apr-02-2017 PM10  |  17.99 |  17.31 |  84.42 |  12.04 |I I 
22:23-Sun-Apr-02-2017 PM2.5 |   9.21 |   9.59 |  31.14 |   6.74 |I I 
22:24-Sun-Apr-02-2017 PM10  |  17.63 |  17.35 |  84.42 |  12.04 |I I 
22:24-Sun-Apr-02-2017 PM2.5 |   9.67 |   9.60 |  31.14 |   6.74 |I I 
22:28-Sun-Apr-02-2017 PM10  |  17.33 |  17.34 |  84.42 |  12.04 |I I 
22:28-Sun-Apr-02-2017 PM2.5 |   9.60 |   9.60 |  31.14 |   6.74 |I I 
22:29-Sun-Apr-02-2017 PM10  |  15.34 |  17.18 |  84.42 |  12.04 |I I 
22:29-Sun-Apr-02-2017 PM2.5 |   8.80 |   9.53 |  31.14 |   6.74 |I I 
22:33-Sun-Apr-02-2017 PM10  |  15.32 |  17.04 |  84.42 |  12.04 |I B 
22:33-Sun-Apr-02-2017 PM2.5 |   9.40 |   9.52 |  31.14 |   6.74 |I B 
22:34-Sun-Apr-02-2017recover dati per host :92.223.147.77/nodered
22:34-Sun-Apr-02-2017 PM10  |  15.32 |  16.91 |  84.42 |  12.04 |I I 
22:34-Sun-Apr-02-2017 PM2.5 |   9.40 |   9.51 |  31.14 |   6.74 |I I 
22:35-Sun-Apr-02-2017 PM10  |  15.32 |  16.81 |  84.42 |  12.04 |I I 
22:35-Sun-Apr-02-2017 PM2.5 |   9.19 |   9.49 |  31.14 |   6.74 |I I 
22:39-Sun-Apr-02-2017 PM10  |  13.82 |  16.62 |  84.42 |  12.04 |I I 
22:39-Sun-Apr-02-2017 PM2.5 |   9.30 |   9.48 |  31.14 |   6.74 |I I 
22:41-Sun-Apr-02-2017 PM10  |  17.48 |  16.67 |  84.42 |  12.04 |I I 
22:41-Sun-Apr-02-2017 PM2.5 |   9.28 |   9.47 |  31.14 |   6.74 |I I 
22:45-Sun-Apr-02-2017 PM10  |  17.49 |  16.72 |  84.42 |  12.04 |I I 
22:45-Sun-Apr-02-2017 PM2.5 |  10.14 |   9.50 |  31.14 |   6.74 |I I 
22:46-Sun-Apr-02-2017 PM10  |  15.08 |  16.63 |  84.42 |  12.04 |I I 
22:46-Sun-Apr-02-2017 PM2.5 |   9.66 |   9.51 |  31.14 |   6.74 |I I 
22:50-Sun-Apr-02-2017 PM10  |  16.51 |  16.62 |  84.42 |  12.04 |I I 
22:50-Sun-Apr-02-2017 PM2.5 |   9.91 |   9.53 |  31.14 |   6.74 |I I 
22:51-Sun-Apr-02-2017 PM10  |  18.82 |  16.73 |  84.42 |  12.04 |I I 
22:51-Sun-Apr-02-2017 PM2.5 |   9.45 |   9.53 |  31.14 |   6.74 |I I 
22:55-Sun-Apr-02-2017 PM10  |  17.35 |  16.76 |  84.42 |  12.04 |I I 
22:55-Sun-Apr-02-2017 PM2.5 |   9.68 |   9.54 |  31.14 |   6.74 |I I 
22:56-Sun-Apr-02-2017 PM10  |  14.57 |  16.66 |  84.42 |  12.04 |I I 
22:56-Sun-Apr-02-2017 PM2.5 |   9.32 |   9.53 |  31.14 |   6.74 |I I 
23:00-Sun-Apr-02-2017 PM10  |  16.91 |  16.67 |  84.42 |  12.04 |I I 
23:00-Sun-Apr-02-2017 PM2.5 |   9.81 |   9.54 |  31.14 |   6.74 |I I 
23:01-Sun-Apr-02-2017 PM10  |  16.91 |  16.91 |  84.42 |  12.04 |I I 
23:01-Sun-Apr-02-2017 PM2.5 |   9.81 |   9.81 |  31.14 |   6.74 |I I 
23:02-Sun-Apr-02-2017 PM10  |  15.38 |  16.14 |  84.42 |  12.04 |I I 
23:02-Sun-Apr-02-2017 PM2.5 |   8.89 |   9.35 |  31.14 |   6.74 |I I 
23:06-Sun-Apr-02-2017 PM10  |  17.71 |  16.67 |  84.42 |  12.04 |I I 
23:06-Sun-Apr-02-2017 PM2.5 |   9.35 |   9.35 |  31.14 |   6.74 |I I 
23:07-Sun-Apr-02-2017 PM10  |  17.11 |  16.78 |  84.42 |  12.04 |I I 
23:07-Sun-Apr-02-2017 PM2.5 |   9.23 |   9.32 |  31.14 |   6.74 |I I 
23:11-Sun-Apr-02-2017 PM10  |  16.49 |  16.72 |  84.42 |  12.04 |I I 
23:11-Sun-Apr-02-2017 PM2.5 |   9.34 |   9.32 |  31.14 |   6.74 |I I 
23:12-Sun-Apr-02-2017 PM10  |  15.49 |  16.51 |  84.42 |  12.04 |I I 
23:12-Sun-Apr-02-2017 PM2.5 |   8.74 |   9.23 |  31.14 |   6.74 |I I 
23:16-Sun-Apr-02-2017 PM10  |  14.54 |  16.23 |  84.42 |  12.04 |I I 
23:16-Sun-Apr-02-2017 PM2.5 |   8.61 |   9.14 |  31.14 |   6.74 |I I 
23:17-Sun-Apr-02-2017 PM10  |  17.32 |  16.37 |  84.42 |  12.04 |I I 
23:17-Sun-Apr-02-2017 PM2.5 |   9.48 |   9.18 |  31.14 |   6.74 |I I 
23:21-Sun-Apr-02-2017 PM10  |  16.16 |  16.34 |  84.42 |  12.04 |I I 
23:21-Sun-Apr-02-2017 PM2.5 |   9.49 |   9.22 |  31.14 |   6.74 |I I 
23:22-Sun-Apr-02-2017 PM10  |  17.20 |  16.43 |  84.42 |  12.04 |I I 
23:22-Sun-Apr-02-2017 PM2.5 |   9.60 |   9.25 |  31.14 |   6.74 |I I 
23:26-Sun-Apr-02-2017 PM10  |  21.81 |  16.92 |  84.42 |  12.04 |I I 
23:26-Sun-Apr-02-2017 PM2.5 |  10.01 |   9.32 |  31.14 |   6.74 |I I 
23:27-Sun-Apr-02-2017 PM10  |  14.06 |  16.68 |  84.42 |  12.04 |I I 
23:27-Sun-Apr-02-2017 PM2.5 |   9.08 |   9.30 |  31.14 |   6.74 |I I 
23:28-Sun-Apr-02-2017 PM10  |  14.06 |  16.48 |  84.42 |  12.04 |I I 
23:28-Sun-Apr-02-2017 PM2.5 |   9.08 |   9.29 |  31.14 |   6.74 |I I 
23:32-Sun-Apr-02-2017 PM10  |  15.40 |  16.40 |  84.42 |  12.04 |I I 
23:32-Sun-Apr-02-2017 PM2.5 |   9.58 |   9.31 |  31.14 |   6.74 |I I 
23:33-Sun-Apr-02-2017 PM10  |  15.99 |  16.37 |  84.42 |  12.04 |I I 
23:33-Sun-Apr-02-2017 PM2.5 |   9.54 |   9.32 |  31.14 |   6.74 |I I 
23:37-Sun-Apr-02-2017 PM10  |  14.51 |  16.26 |  84.42 |  12.04 |I I 
23:37-Sun-Apr-02-2017 PM2.5 |   9.13 |   9.31 |  31.14 |   6.74 |I I 
23:38-Sun-Apr-02-2017 PM10  |  17.36 |  16.32 |  84.42 |  12.04 |I I 
23:38-Sun-Apr-02-2017 PM2.5 |   9.18 |   9.30 |  31.14 |   6.74 |I I 
23:42-Sun-Apr-02-2017 PM10  |  18.18 |  16.43 |  84.42 |  12.04 |I I 
23:42-Sun-Apr-02-2017 PM2.5 |  10.11 |   9.35 |  31.14 |   6.74 |I I 
23:43-Sun-Apr-02-2017 PM10  |  14.46 |  16.32 |  84.42 |  12.04 |I I 
23:43-Sun-Apr-02-2017 PM2.5 |   8.71 |   9.31 |  31.14 |   6.74 |I I 
23:47-Sun-Apr-02-2017 PM10  |  15.51 |  16.28 |  84.42 |  12.04 |I I 
23:47-Sun-Apr-02-2017 PM2.5 |   9.44 |   9.32 |  31.14 |   6.74 |I I 
23:48-Sun-Apr-02-2017 PM10  |  14.07 |  16.18 |  84.42 |  12.04 |I I 
23:48-Sun-Apr-02-2017 PM2.5 |   9.23 |   9.32 |  31.14 |   6.74 |I I 
23:52-Sun-Apr-02-2017 PM10  |  14.95 |  16.12 |  84.42 |  12.04 |I I 
23:52-Sun-Apr-02-2017 PM2.5 |   9.16 |   9.31 |  31.14 |   6.74 |I I 
23:53-Sun-Apr-02-2017 PM10  |  17.41 |  16.18 |  84.42 |  12.04 |I I 
23:53-Sun-Apr-02-2017 PM2.5 |   9.18 |   9.30 |  31.14 |   6.74 |I I 
23:54-Sun-Apr-02-2017 PM10  |  17.41 |  16.23 |  84.42 |  12.04 |I I 
23:54-Sun-Apr-02-2017 PM2.5 |   9.18 |   9.30 |  31.14 |   6.74 |I I 
23:58-Sun-Apr-02-2017 PM10  |  16.54 |  16.24 |  84.42 |  12.04 |I I 
23:58-Sun-Apr-02-2017 PM2.5 |   9.34 |   9.30 |  31.14 |   6.74 |I I 
23:59-Sun-Apr-02-2017 PM10  |  16.86 |  16.26 |  84.42 |  12.04 |I I 
23:59-Sun-Apr-02-2017 PM2.5 |   8.99 |   9.29 |  31.14 |   6.74 |I I 
00:03-Mon-Apr-03-2017 PM10  |  17.11 |  16.30 |  84.42 |  12.04 |I I 
