[Sun Apr  9 00:00:20 2017] Report del giorno Sunday April 09 2017 -- INVIATO a centraline@googlegroups.com
00:00-Sun-Apr-09-2017 PM2.5 |   7.45 |   7.46 |  13.82 |   5.75 |I I 
00:04-Sun-Apr-09-2017 PM10  |  12.06 |  12.06 |   0.00 |  2000.00|I I 
00:04-Sun-Apr-09-2017 PM2.5 |   7.68 |   7.68 |   0.00 |  2000.00|I I 
00:05-Sun-Apr-09-2017 PM10  |  11.75 |  11.90 |   0.00 |  2000.00|I I 
00:05-Sun-Apr-09-2017 PM2.5 |   7.07 |   7.37 |   0.00 |  2000.00|I I 
00:09-Sun-Apr-09-2017 PM10  |  12.34 |  12.05 |   0.00 |  2000.00|I I 
00:09-Sun-Apr-09-2017 PM2.5 |   7.54 |   7.43 |   0.00 |  2000.00|I I 
00:10-Sun-Apr-09-2017 PM10  |  11.89 |  12.01 |   0.00 |  2000.00|I I 
00:10-Sun-Apr-09-2017 PM2.5 |   7.01 |   7.32 |   0.00 |  2000.00|I I 
00:14-Sun-Apr-09-2017 PM10  |  11.92 |  11.99 |   0.00 |  2000.00|I I 
00:14-Sun-Apr-09-2017 PM2.5 |   7.16 |   7.29 |   0.00 |  2000.00|I I 
00:15-Sun-Apr-09-2017 PM10  |  12.89 |  12.14 |   0.00 |  2000.00|I I 
00:15-Sun-Apr-09-2017 PM2.5 |   7.10 |   7.26 |   0.00 |  2000.00|I I 
00:19-Sun-Apr-09-2017 PM10  |  11.96 |  12.11 |   0.00 |  2000.00|I I 
00:19-Sun-Apr-09-2017 PM2.5 |   7.41 |   7.28 |   0.00 |  2000.00|I I 
00:20-Sun-Apr-09-2017 PM10  |  11.96 |  12.10 |   0.00 |  2000.00|I I 
00:20-Sun-Apr-09-2017 PM2.5 |   7.41 |   7.29 |   0.00 |  2000.00|I I 
00:21-Sun-Apr-09-2017 PM10  |  10.85 |  11.96 |   0.00 |  2000.00|I I 
00:21-Sun-Apr-09-2017 PM2.5 |   7.12 |   7.28 |   0.00 |  2000.00|I I 
00:25-Sun-Apr-09-2017 PM10  |  11.38 |  11.90 |   0.00 |  2000.00|I I 
00:25-Sun-Apr-09-2017 PM2.5 |   7.24 |   7.27 |   0.00 |  2000.00|I I 
00:26-Sun-Apr-09-2017 PM10  |  12.47 |  11.95 |   0.00 |  2000.00|I I 
00:26-Sun-Apr-09-2017 PM2.5 |   7.18 |   7.26 |   0.00 |  2000.00|I I 
00:30-Sun-Apr-09-2017 PM10  |  13.42 |  12.07 |   0.00 |  2000.00|I I 
00:30-Sun-Apr-09-2017 PM2.5 |   7.71 |   7.30 |   0.00 |  2000.00|I I 
00:31-Sun-Apr-09-2017 PM10  |  13.06 |  12.15 |   0.00 |  2000.00|I I 
00:31-Sun-Apr-09-2017 PM2.5 |   7.40 |   7.31 |   0.00 |  2000.00|I I 
00:35-Sun-Apr-09-2017 PM10  |  12.01 |  12.14 |   0.00 |  2000.00|I I 
00:35-Sun-Apr-09-2017 PM2.5 |   7.47 |   7.32 |   0.00 |  2000.00|I I 
00:36-Sun-Apr-09-2017 PM10  |  11.41 |  12.09 |   0.00 |  2000.00|I I 
00:36-Sun-Apr-09-2017 PM2.5 |   7.22 |   7.31 |   0.00 |  2000.00|I I 
00:40-Sun-Apr-09-2017 PM10  |  12.28 |  12.10 |   0.00 |  2000.00|I I 
00:40-Sun-Apr-09-2017 PM2.5 |   7.49 |   7.32 |   0.00 |  2000.00|I I 
00:41-Sun-Apr-09-2017 PM10  |  12.86 |  12.15 |   0.00 |  2000.00|I I 
00:41-Sun-Apr-09-2017 PM2.5 |   6.87 |   7.30 |   0.00 |  2000.00|I I 
00:45-Sun-Apr-09-2017 PM10  |  13.05 |  12.20 |   0.00 |  2000.00|I I 
00:45-Sun-Apr-09-2017 PM2.5 |   7.45 |   7.31 |   0.00 |  2000.00|I I 
00:46-Sun-Apr-09-2017 PM10  |  13.05 |  12.24 |   0.00 |  2000.00|I I 
00:46-Sun-Apr-09-2017 PM2.5 |   7.45 |   7.31 |   0.00 |  2000.00|I I 
00:47-Sun-Apr-09-2017 PM10  |  12.30 |  12.24 |   0.00 |  2000.00|I I 
00:47-Sun-Apr-09-2017 PM2.5 |   7.70 |   7.33 |   0.00 |  2000.00|I I 
00:51-Sun-Apr-09-2017 PM10  |  11.85 |  12.23 |   0.00 |  2000.00|I I 
00:51-Sun-Apr-09-2017 PM2.5 |   7.76 |   7.35 |   0.00 |  2000.00|I I 
00:52-Sun-Apr-09-2017 PM10  |  11.01 |  12.17 |   0.00 |  2000.00|I I 
00:52-Sun-Apr-09-2017 PM2.5 |   6.94 |   7.33 |   0.00 |  2000.00|I I 
00:56-Sun-Apr-09-2017 PM10  |  11.75 |  12.15 |   0.00 |  2000.00|I I 
00:56-Sun-Apr-09-2017 PM2.5 |   7.52 |   7.34 |   0.00 |  2000.00|I I 
00:57-Sun-Apr-09-2017 PM10  |  11.86 |  12.14 |   0.00 |  2000.00|I I 
00:57-Sun-Apr-09-2017 PM2.5 |   7.22 |   7.34 |   0.00 |  2000.00|I I 
01:01-Sun-Apr-09-2017 PM10  |  13.29 |  12.19 |  12.19 |  12.19 |I I 
01:01-Sun-Apr-09-2017 PM2.5 |   7.08 |   7.33 |   7.33 |   7.33 |I I 
01:02-Sun-Apr-09-2017 PM10  |   9.17 |   9.17 |  12.19 |  12.19 |I I 
01:02-Sun-Apr-09-2017 PM2.5 |   6.67 |   6.67 |   7.33 |   7.33 |I I 
01:06-Sun-Apr-09-2017 PM10  |  10.76 |   9.97 |  12.19 |  12.19 |I I 
01:06-Sun-Apr-09-2017 PM2.5 |   6.99 |   6.83 |   7.33 |   7.33 |I I 
01:07-Sun-Apr-09-2017 PM10  |  12.40 |  10.78 |  12.19 |  12.19 |I I 
01:07-Sun-Apr-09-2017 PM2.5 |   7.18 |   6.95 |   7.33 |   7.33 |I I 
01:11-Sun-Apr-09-2017 PM10  |  10.97 |  10.82 |  12.19 |  12.19 |I I 
01:11-Sun-Apr-09-2017 PM2.5 |   7.03 |   6.97 |   7.33 |   7.33 |I I 
01:12-Sun-Apr-09-2017 PM10  |  10.97 |  10.85 |  12.19 |  12.19 |I I 
01:12-Sun-Apr-09-2017 PM2.5 |   7.03 |   6.98 |   7.33 |   7.33 |I I 
01:13-Sun-Apr-09-2017 PM10  |  11.11 |  10.90 |  12.19 |  12.19 |I I 
01:13-Sun-Apr-09-2017 PM2.5 |   7.10 |   7.00 |   7.33 |   7.33 |I I 
01:17-Sun-Apr-09-2017 PM10  |  10.06 |  10.78 |  12.19 |  12.19 |I I 
01:17-Sun-Apr-09-2017 PM2.5 |   7.24 |   7.03 |   7.33 |   7.33 |I I 
01:18-Sun-Apr-09-2017 PM10  |  11.33 |  10.85 |  12.19 |  12.19 |I I 
01:18-Sun-Apr-09-2017 PM2.5 |   6.97 |   7.03 |   7.33 |   7.33 |I I 
01:22-Sun-Apr-09-2017 PM10  |  12.21 |  11.00 |  12.19 |  12.19 |I I 
01:22-Sun-Apr-09-2017 PM2.5 |   7.10 |   7.03 |   7.33 |   7.33 |I I 
01:23-Sun-Apr-09-2017 PM10  |  13.28 |  11.23 |  12.19 |  12.19 |I I 
01:23-Sun-Apr-09-2017 PM2.5 |   6.89 |   7.02 |   7.33 |   7.33 |I I 
01:27-Sun-Apr-09-2017 PM10  |   9.82 |  11.10 |  12.19 |  12.19 |I I 
01:27-Sun-Apr-09-2017 PM2.5 |   6.77 |   7.00 |   7.33 |   7.33 |I I 
01:28-Sun-Apr-09-2017 PM10  |  12.04 |  11.18 |  12.19 |  12.19 |I I 
01:28-Sun-Apr-09-2017 PM2.5 |   7.21 |   7.01 |   7.33 |   7.33 |I I 
01:32-Sun-Apr-09-2017 PM10  |  12.24 |  11.26 |  12.19 |  12.19 |I I 
01:32-Sun-Apr-09-2017 PM2.5 |   7.30 |   7.04 |   7.33 |   7.33 |I I 
01:33-Sun-Apr-09-2017 PM10  |  10.56 |  11.21 |  12.19 |  12.19 |I I 
01:33-Sun-Apr-09-2017 PM2.5 |   6.83 |   7.02 |   7.33 |   7.33 |I I 
01:37-Sun-Apr-09-2017 PM10  |  11.52 |  11.23 |  12.19 |  12.19 |I I 
01:37-Sun-Apr-09-2017 PM2.5 |   7.02 |   7.02 |   7.33 |   7.33 |I I 
01:38-Sun-Apr-09-2017 PM10  |  11.52 |  11.25 |  12.19 |  12.19 |I I 
01:38-Sun-Apr-09-2017 PM2.5 |   7.02 |   7.02 |   7.33 |   7.33 |I I 
01:39-Sun-Apr-09-2017 PM10  |  11.94 |  11.29 |  12.19 |  12.19 |I I 
01:39-Sun-Apr-09-2017 PM2.5 |   6.57 |   7.00 |   7.33 |   7.33 |I I 
01:43-Sun-Apr-09-2017 PM10  |  11.26 |  11.29 |  12.19 |  12.19 |I I 
01:43-Sun-Apr-09-2017 PM2.5 |   7.18 |   7.01 |   7.33 |   7.33 |I I 
01:44-Sun-Apr-09-2017 PM10  |   9.53 |  11.19 |  12.19 |  12.19 |I I 
01:44-Sun-Apr-09-2017 PM2.5 |   6.45 |   6.98 |   7.33 |   7.33 |I I 
01:48-Sun-Apr-09-2017 PM10  |   9.81 |  11.13 |  12.19 |  12.19 |I I 
01:48-Sun-Apr-09-2017 PM2.5 |   6.52 |   6.95 |   7.33 |   7.33 |I I 
01:49-Sun-Apr-09-2017 PM10  |  10.48 |  11.09 |  12.19 |  12.19 |I I 
01:49-Sun-Apr-09-2017 PM2.5 |   7.06 |   6.96 |   7.33 |   7.33 |I I 
01:53-Sun-Apr-09-2017 PM10  |  11.19 |  11.10 |  12.19 |  12.19 |I I 
01:53-Sun-Apr-09-2017 PM2.5 |   6.76 |   6.95 |   7.33 |   7.33 |I I 
01:54-Sun-Apr-09-2017 PM10  |  13.33 |  11.20 |  12.19 |  12.19 |I I 
01:54-Sun-Apr-09-2017 PM2.5 |   7.21 |   6.96 |   7.33 |   7.33 |I I 
01:58-Sun-Apr-09-2017 PM10  |  10.60 |  11.17 |  12.19 |  12.19 |I I 
01:58-Sun-Apr-09-2017 PM2.5 |   6.75 |   6.95 |   7.33 |   7.33 |I I 
01:59-Sun-Apr-09-2017 PM10  |  11.37 |  11.18 |  12.19 |  12.19 |I I 
01:59-Sun-Apr-09-2017 PM2.5 |   6.82 |   6.95 |   7.33 |   7.33 |I I 
02:04-Sun-Apr-09-2017 PM10  |   9.64 |  11.12 |  12.19 |  11.12 |I I 
02:04-Sun-Apr-09-2017 PM2.5 |   7.00 |   6.95 |   7.33 |   6.95 |I I 
02:05-Sun-Apr-09-2017 PM10  |   9.64 |   9.64 |  12.19 |  11.12 |I I 
02:05-Sun-Apr-09-2017 PM2.5 |   7.00 |   7.00 |   7.33 |   6.95 |I I 
02:06-Sun-Apr-09-2017 PM10  |  12.30 |  10.97 |  12.19 |  11.12 |I I 
02:06-Sun-Apr-09-2017 PM2.5 |   6.82 |   6.91 |   7.33 |   6.95 |I I 
02:10-Sun-Apr-09-2017 PM10  |  10.43 |  10.79 |  12.19 |  11.12 |I I 
02:10-Sun-Apr-09-2017 PM2.5 |   6.95 |   6.92 |   7.33 |   6.95 |I I 
02:11-Sun-Apr-09-2017 PM10  |   9.61 |  10.49 |  12.19 |  11.12 |I I 
02:11-Sun-Apr-09-2017 PM2.5 |   6.38 |   6.79 |   7.33 |   6.95 |I I 
02:15-Sun-Apr-09-2017 PM10  |  10.12 |  10.42 |  12.19 |  11.12 |I I 
02:15-Sun-Apr-09-2017 PM2.5 |   6.62 |   6.75 |   7.33 |   6.95 |I I 
02:16-Sun-Apr-09-2017 PM10  |  10.39 |  10.41 |  12.19 |  11.12 |I I 
02:16-Sun-Apr-09-2017 PM2.5 |   6.97 |   6.79 |   7.33 |   6.95 |I I 
02:20-Sun-Apr-09-2017 PM10  |   9.98 |  10.35 |  12.19 |  11.12 |I I 
02:20-Sun-Apr-09-2017 PM2.5 |   6.99 |   6.82 |   7.33 |   6.95 |I I 
02:21-Sun-Apr-09-2017 PM10  |  11.30 |  10.47 |  12.19 |  11.12 |I I 
02:21-Sun-Apr-09-2017 PM2.5 |   6.67 |   6.80 |   7.33 |   6.95 |I I 
02:25-Sun-Apr-09-2017 PM10  |   9.43 |  10.35 |  12.19 |  11.12 |I I 
02:25-Sun-Apr-09-2017 PM2.5 |   6.79 |   6.80 |   7.33 |   6.95 |I I 
02:26-Sun-Apr-09-2017 PM10  |   9.86 |  10.30 |  12.19 |  11.12 |I I 
02:26-Sun-Apr-09-2017 PM2.5 |   6.19 |   6.74 |   7.33 |   6.95 |I I 
02:30-Sun-Apr-09-2017 PM10  |  11.49 |  10.41 |  12.19 |  11.12 |I I 
02:30-Sun-Apr-09-2017 PM2.5 |   7.13 |   6.77 |   7.33 |   6.95 |I I 
02:31-Sun-Apr-09-2017 PM10  |  11.49 |  10.50 |  12.19 |  11.12 |I I 
02:31-Sun-Apr-09-2017 PM2.5 |   7.13 |   6.80 |   7.33 |   6.95 |I I 
02:32-Sun-Apr-09-2017 PM10  |  10.70 |  10.52 |  12.19 |  11.12 |I I 
02:32-Sun-Apr-09-2017 PM2.5 |   6.72 |   6.80 |   7.33 |   6.95 |I I 
02:36-Sun-Apr-09-2017 PM10  |   9.36 |  10.43 |  12.19 |  11.12 |I I 
02:36-Sun-Apr-09-2017 PM2.5 |   6.91 |   6.81 |   7.33 |   6.95 |I I 
02:37-Sun-Apr-09-2017 PM10  |   9.97 |  10.40 |  12.19 |  11.12 |I I 
02:37-Sun-Apr-09-2017 PM2.5 |   6.43 |   6.78 |   7.33 |   6.95 |I I 
02:41-Sun-Apr-09-2017 PM10  |  10.45 |  10.41 |  12.19 |  11.12 |I I 
02:41-Sun-Apr-09-2017 PM2.5 |   6.95 |   6.79 |   7.33 |   6.95 |I I 
02:42-Sun-Apr-09-2017 PM10  |  10.14 |  10.39 |  12.19 |  11.12 |I I 
02:42-Sun-Apr-09-2017 PM2.5 |   6.68 |   6.78 |   7.33 |   6.95 |I I 
02:46-Sun-Apr-09-2017 PM10  |  11.37 |  10.45 |  12.19 |  11.12 |I I 
02:46-Sun-Apr-09-2017 PM2.5 |   7.09 |   6.80 |   7.33 |   6.95 |I I 
02:47-Sun-Apr-09-2017 PM10  |  10.23 |  10.43 |  12.19 |  11.12 |I I 
02:47-Sun-Apr-09-2017 PM2.5 |   7.00 |   6.81 |   7.33 |   6.95 |I I 
02:51-Sun-Apr-09-2017 PM10  |   9.87 |  10.41 |  12.19 |  11.12 |I I 
02:51-Sun-Apr-09-2017 PM2.5 |   6.41 |   6.79 |   7.33 |   6.95 |I I 
02:52-Sun-Apr-09-2017 PM10  |  10.06 |  10.39 |  12.19 |  11.12 |I I 
02:52-Sun-Apr-09-2017 PM2.5 |   6.42 |   6.77 |   7.33 |   6.95 |I I 
02:56-Sun-Apr-09-2017 PM10  |  10.21 |  10.38 |  12.19 |  11.12 |I I 
02:56-Sun-Apr-09-2017 PM2.5 |   6.80 |   6.78 |   7.33 |   6.95 |I I 
02:57-Sun-Apr-09-2017 PM10  |  10.21 |  10.37 |  12.19 |  11.12 |I I 
02:57-Sun-Apr-09-2017 PM2.5 |   6.80 |   6.78 |   7.33 |   6.95 |I I 
02:58-Sun-Apr-09-2017 PM10  |   9.44 |  10.33 |  12.19 |  11.12 |I I 
02:58-Sun-Apr-09-2017 PM2.5 |   6.41 |   6.76 |   7.33 |   6.95 |I I 
03:02-Sun-Apr-09-2017 PM10  |  12.44 |  10.42 |  12.19 |  10.42 |I I 
03:02-Sun-Apr-09-2017 PM2.5 |   6.82 |   6.76 |   7.33 |   6.76 |I I 
03:03-Sun-Apr-09-2017 PM10  |   9.40 |   9.40 |  12.19 |  10.42 |I I 
03:03-Sun-Apr-09-2017 PM2.5 |   6.44 |   6.44 |   7.33 |   6.76 |I I 
03:07-Sun-Apr-09-2017 PM10  |  11.18 |  10.29 |  12.19 |  10.42 |I I 
03:07-Sun-Apr-09-2017 PM2.5 |   6.95 |   6.69 |   7.33 |   6.76 |I I 
03:08-Sun-Apr-09-2017 PM10  |  10.99 |  10.52 |  12.19 |  10.42 |I I 
03:08-Sun-Apr-09-2017 PM2.5 |   6.72 |   6.70 |   7.33 |   6.76 |I I 
03:12-Sun-Apr-09-2017 PM10  |  10.61 |  10.55 |  12.19 |  10.42 |I I 
03:12-Sun-Apr-09-2017 PM2.5 |   7.05 |   6.79 |   7.33 |   6.76 |I I 
03:13-Sun-Apr-09-2017 PM10  |  12.94 |  11.02 |  12.19 |  10.42 |I I 
03:13-Sun-Apr-09-2017 PM2.5 |   6.55 |   6.74 |   7.33 |   6.76 |I I 
03:17-Sun-Apr-09-2017 PM10  |  10.85 |  10.99 |  12.19 |  10.42 |I I 
03:17-Sun-Apr-09-2017 PM2.5 |   6.90 |   6.77 |   7.33 |   6.76 |I I 
03:18-Sun-Apr-09-2017 PM10  |  10.89 |  10.98 |  12.19 |  10.42 |I I 
03:18-Sun-Apr-09-2017 PM2.5 |   6.68 |   6.76 |   7.33 |   6.76 |I I 
03:22-Sun-Apr-09-2017 PM10  |  11.15 |  11.00 |  12.19 |  10.42 |I I 
03:22-Sun-Apr-09-2017 PM2.5 |   6.81 |   6.76 |   7.33 |   6.76 |I I 
03:23-Sun-Apr-09-2017 PM10  |  11.15 |  11.02 |  12.19 |  10.42 |I I 
03:23-Sun-Apr-09-2017 PM2.5 |   6.81 |   6.77 |   7.33 |   6.76 |I I 
03:24-Sun-Apr-09-2017 PM10  |  11.55 |  11.07 |  12.19 |  10.42 |I I 
03:24-Sun-Apr-09-2017 PM2.5 |   6.58 |   6.75 |   7.33 |   6.76 |I I 
03:28-Sun-Apr-09-2017 PM10  |   9.70 |  10.95 |  12.19 |  10.42 |I I 
03:28-Sun-Apr-09-2017 PM2.5 |   6.81 |   6.76 |   7.33 |   6.76 |I I 
03:29-Sun-Apr-09-2017 PM10  |   9.87 |  10.86 |  12.19 |  10.42 |I I 
03:29-Sun-Apr-09-2017 PM2.5 |   6.46 |   6.73 |   7.33 |   6.76 |I I 
03:33-Sun-Apr-09-2017 PM10  |  10.00 |  10.79 |  12.19 |  10.42 |I I 
03:33-Sun-Apr-09-2017 PM2.5 |   6.63 |   6.72 |   7.33 |   6.76 |I I 
03:34-Sun-Apr-09-2017 PM10  |   9.08 |  10.67 |  12.19 |  10.42 |I I 
03:34-Sun-Apr-09-2017 PM2.5 |   6.44 |   6.70 |   7.33 |   6.76 |I I 
03:38-Sun-Apr-09-2017 PM10  |  12.01 |  10.76 |  12.19 |  10.42 |I I 
03:38-Sun-Apr-09-2017 PM2.5 |   6.60 |   6.70 |   7.33 |   6.76 |I I 
03:39-Sun-Apr-09-2017 PM10  |   9.38 |  10.67 |  12.19 |  10.42 |I I 
03:39-Sun-Apr-09-2017 PM2.5 |   6.80 |   6.70 |   7.33 |   6.76 |I I 
03:43-Sun-Apr-09-2017 PM10  |   9.58 |  10.61 |  12.19 |  10.42 |I I 
03:43-Sun-Apr-09-2017 PM2.5 |   6.45 |   6.69 |   7.33 |   6.76 |I I 
03:44-Sun-Apr-09-2017 PM10  |   9.13 |  10.53 |  12.19 |  10.42 |I I 
03:44-Sun-Apr-09-2017 PM2.5 |   6.33 |   6.67 |   7.33 |   6.76 |I I 
03:48-Sun-Apr-09-2017 PM10  |   9.59 |  10.48 |  12.19 |  10.42 |I I 
03:48-Sun-Apr-09-2017 PM2.5 |   6.63 |   6.67 |   7.33 |   6.76 |I I 
03:49-Sun-Apr-09-2017 PM10  |  11.09 |  10.51 |  12.19 |  10.42 |I I 
03:49-Sun-Apr-09-2017 PM2.5 |   6.30 |   6.65 |   7.33 |   6.76 |I I 
03:50-Sun-Apr-09-2017 PM10  |  11.09 |  10.54 |  12.19 |  10.42 |I I 
03:50-Sun-Apr-09-2017 PM2.5 |   6.30 |   6.63 |   7.33 |   6.76 |I I 
03:54-Sun-Apr-09-2017 PM10  |  10.41 |  10.53 |  12.19 |  10.42 |I I 
03:54-Sun-Apr-09-2017 PM2.5 |   6.50 |   6.62 |   7.33 |   6.76 |I I 
03:55-Sun-Apr-09-2017 PM10  |   9.99 |  10.51 |  12.19 |  10.42 |I I 
03:55-Sun-Apr-09-2017 PM2.5 |   6.15 |   6.60 |   7.33 |   6.76 |I I 
03:59-Sun-Apr-09-2017 PM10  |   9.61 |  10.47 |  12.19 |  10.42 |I I 
03:59-Sun-Apr-09-2017 PM2.5 |   6.25 |   6.59 |   7.33 |   6.76 |I I 
04:00-Sun-Apr-09-2017 PM10  |  12.15 |  10.54 |  12.19 |  10.42 |I I 
04:00-Sun-Apr-09-2017 PM2.5 |   6.30 |   6.58 |   7.33 |   6.58 |I I 
04:04-Sun-Apr-09-2017 PM10  |  10.39 |  10.39 |  12.19 |  10.42 |I I 
04:04-Sun-Apr-09-2017 PM2.5 |   6.38 |   6.38 |   7.33 |   6.58 |I I 
04:05-Sun-Apr-09-2017 PM10  |   9.22 |   9.81 |  12.19 |  10.42 |I I 
04:05-Sun-Apr-09-2017 PM2.5 |   6.37 |   6.37 |   7.33 |   6.58 |I I 
04:09-Sun-Apr-09-2017 PM10  |   9.22 |   9.61 |  12.19 |  10.42 |I I 
04:09-Sun-Apr-09-2017 PM2.5 |   6.84 |   6.53 |   7.33 |   6.58 |I I 
04:10-Sun-Apr-09-2017 PM10  |   8.97 |   9.45 |  12.19 |  10.42 |I I 
04:10-Sun-Apr-09-2017 PM2.5 |   6.47 |   6.51 |   7.33 |   6.58 |I I 
04:14-Sun-Apr-09-2017 PM10  |   9.98 |   9.55 |  12.19 |  10.42 |I I 
04:14-Sun-Apr-09-2017 PM2.5 |   6.70 |   6.55 |   7.33 |   6.58 |I I 
04:15-Sun-Apr-09-2017 PM10  |  10.62 |   9.73 |  12.19 |  10.42 |I I 
04:15-Sun-Apr-09-2017 PM2.5 |   6.66 |   6.57 |   7.33 |   6.58 |I I 
04:16-Sun-Apr-09-2017 PM10  |  10.62 |   9.86 |  12.19 |  10.42 |I I 
04:16-Sun-Apr-09-2017 PM2.5 |   6.66 |   6.58 |   7.33 |   6.58 |I I 
04:20-Sun-Apr-09-2017 PM10  |   9.46 |   9.81 |  12.19 |  10.42 |I I 
04:20-Sun-Apr-09-2017 PM2.5 |   6.52 |   6.58 |   7.33 |   6.58 |I I 
04:21-Sun-Apr-09-2017 PM10  |   8.66 |   9.68 |  12.19 |  10.42 |I I 
04:21-Sun-Apr-09-2017 PM2.5 |   6.18 |   6.53 |   7.33 |   6.58 |I I 
04:25-Sun-Apr-09-2017 PM10  |   9.73 |   9.69 |  12.19 |  10.42 |I I 
04:25-Sun-Apr-09-2017 PM2.5 |   6.32 |   6.51 |   7.33 |   6.58 |I I 
04:26-Sun-Apr-09-2017 PM10  |   8.82 |   9.61 |  12.19 |  10.42 |I I 
04:26-Sun-Apr-09-2017 PM2.5 |   6.45 |   6.50 |   7.33 |   6.58 |I I 
04:30-Sun-Apr-09-2017 PM10  |   9.39 |   9.59 |  12.19 |  10.42 |I I 
04:30-Sun-Apr-09-2017 PM2.5 |   6.42 |   6.50 |   7.33 |   6.58 |I I 
04:31-Sun-Apr-09-2017 PM10  |   9.10 |   9.55 |  12.19 |  10.42 |I I 
04:31-Sun-Apr-09-2017 PM2.5 |   6.46 |   6.49 |   7.33 |   6.58 |I I 
04:35-Sun-Apr-09-2017 PM10  |   7.99 |   9.44 |  12.19 |  10.42 |I I 
04:35-Sun-Apr-09-2017 PM2.5 |   6.01 |   6.46 |   7.33 |   6.58 |I I 
04:36-Sun-Apr-09-2017 PM10  |   9.96 |   9.48 |  12.19 |  10.42 |I I 
04:36-Sun-Apr-09-2017 PM2.5 |   6.33 |   6.45 |   7.33 |   6.58 |I I 
04:40-Sun-Apr-09-2017 PM10  |  12.58 |   9.67 |  12.19 |  10.42 |I I 
04:40-Sun-Apr-09-2017 PM2.5 |   6.36 |   6.45 |   7.33 |   6.58 |I I 
04:41-Sun-Apr-09-2017 PM10  |  12.58 |   9.84 |  12.19 |  10.42 |I I 
04:41-Sun-Apr-09-2017 PM2.5 |   6.36 |   6.44 |   7.33 |   6.58 |I I 
04:42-Sun-Apr-09-2017 PM10  |   9.11 |   9.80 |  12.19 |  10.42 |I I 
04:42-Sun-Apr-09-2017 PM2.5 |   5.88 |   6.41 |   7.33 |   6.58 |I I 
04:46-Sun-Apr-09-2017 PM10  |   9.70 |   9.79 |  12.19 |  10.42 |I I 
04:46-Sun-Apr-09-2017 PM2.5 |   6.51 |   6.41 |   7.33 |   6.58 |I I 
04:47-Sun-Apr-09-2017 PM10  |  12.64 |   9.94 |  12.19 |  10.42 |I I 
04:47-Sun-Apr-09-2017 PM2.5 |   6.11 |   6.40 |   7.33 |   6.58 |I I 
04:51-Sun-Apr-09-2017 PM10  |   8.30 |   9.86 |  12.19 |  10.42 |I I 
04:51-Sun-Apr-09-2017 PM2.5 |   5.83 |   6.37 |   7.33 |   6.58 |I I 
04:52-Sun-Apr-09-2017 PM10  |   9.17 |   9.83 |  12.19 |  10.42 |I I 
04:52-Sun-Apr-09-2017 PM2.5 |   6.16 |   6.36 |   7.33 |   6.58 |I I 
04:56-Sun-Apr-09-2017 PM10  |  10.38 |   9.85 |  12.19 |  10.42 |I I 
04:56-Sun-Apr-09-2017 PM2.5 |   6.57 |   6.37 |   7.33 |   6.58 |I I 
04:58-Sun-Apr-09-2017 PM10  |  10.20 |   9.87 |  12.19 |  10.42 |I I 
04:58-Sun-Apr-09-2017 PM2.5 |   6.33 |   6.37 |   7.33 |   6.58 |I I 
05:02-Sun-Apr-09-2017 PM10  |   9.61 |   9.86 |  12.19 |   9.86 |I I 
05:02-Sun-Apr-09-2017 PM2.5 |   6.83 |   6.39 |   7.33 |   6.39 |I I 
05:03-Sun-Apr-09-2017 PM10  |   9.05 |   9.05 |  12.19 |   9.86 |I I 
05:03-Sun-Apr-09-2017 PM2.5 |   6.18 |   6.18 |   7.33 |   6.39 |I I 
05:07-Sun-Apr-09-2017 PM10  |   8.37 |   8.71 |  12.19 |   9.86 |I I 
05:07-Sun-Apr-09-2017 PM2.5 |   6.52 |   6.35 |   7.33 |   6.39 |I I 
05:08-Sun-Apr-09-2017 PM10  |   9.27 |   8.90 |  12.19 |   9.86 |I I 
05:08-Sun-Apr-09-2017 PM2.5 |   6.18 |   6.29 |   7.33 |   6.39 |I I 
05:09-Sun-Apr-09-2017 PM10  |   9.27 |   8.99 |  12.19 |   9.86 |I I 
05:09-Sun-Apr-09-2017 PM2.5 |   6.18 |   6.27 |   7.33 |   6.39 |I I 
05:13-Sun-Apr-09-2017 PM10  |   9.42 |   9.07 |  12.19 |   9.86 |I I 
05:13-Sun-Apr-09-2017 PM2.5 |   6.34 |   6.28 |   7.33 |   6.39 |I I 
05:14-Sun-Apr-09-2017 PM10  |   8.85 |   9.04 |  12.19 |   9.86 |I I 
05:14-Sun-Apr-09-2017 PM2.5 |   5.98 |   6.23 |   7.33 |   6.39 |I I 
05:18-Sun-Apr-09-2017 PM10  |   8.46 |   8.95 |  12.19 |   9.86 |I I 
05:18-Sun-Apr-09-2017 PM2.5 |   6.35 |   6.25 |   7.33 |   6.39 |I I 
05:19-Sun-Apr-09-2017 PM10  |   8.25 |   8.87 |  12.19 |   9.86 |I I 
05:19-Sun-Apr-09-2017 PM2.5 |   6.00 |   6.22 |   7.33 |   6.39 |I I 
05:23-Sun-Apr-09-2017 PM10  |   8.71 |   8.85 |  12.19 |   9.86 |I I 
05:23-Sun-Apr-09-2017 PM2.5 |   6.35 |   6.23 |   7.33 |   6.39 |I I 
05:24-Sun-Apr-09-2017 PM10  |  10.53 |   9.02 |  12.19 |   9.86 |I I 
05:24-Sun-Apr-09-2017 PM2.5 |   5.75 |   6.18 |   7.33 |   6.39 |I I 
05:28-Sun-Apr-09-2017 PM10  |   9.87 |   9.09 |  12.19 |   9.86 |I I 
05:28-Sun-Apr-09-2017 PM2.5 |   5.99 |   6.16 |   7.33 |   6.39 |I I 
05:29-Sun-Apr-09-2017 PM10  |  10.14 |   9.18 |  12.19 |   9.86 |I I 
05:29-Sun-Apr-09-2017 PM2.5 |   6.00 |   6.15 |   7.33 |   6.39 |I I 
05:33-Sun-Apr-09-2017 PM10  |   8.14 |   9.10 |  12.19 |   9.86 |I I 
05:33-Sun-Apr-09-2017 PM2.5 |   6.19 |   6.15 |   7.33 |   6.39 |I I 
05:34-Sun-Apr-09-2017 PM10  |   9.01 |   9.09 |  12.19 |   9.86 |I I 
05:34-Sun-Apr-09-2017 PM2.5 |   5.91 |   6.14 |   7.33 |   6.39 |I I 
05:35-Sun-Apr-09-2017 PM10  |   9.01 |   9.09 |  12.19 |   9.86 |I I 
05:35-Sun-Apr-09-2017 PM2.5 |   5.91 |   6.12 |   7.33 |   6.39 |I I 
05:39-Sun-Apr-09-2017 PM10  |   9.78 |   9.13 |  12.19 |   9.86 |I I 
05:39-Sun-Apr-09-2017 PM2.5 |   6.46 |   6.14 |   7.33 |   6.39 |I I 
05:40-Sun-Apr-09-2017 PM10  |   8.23 |   9.08 |  12.19 |   9.86 |I I 
05:40-Sun-Apr-09-2017 PM2.5 |   6.05 |   6.14 |   7.33 |   6.39 |I I 
05:44-Sun-Apr-09-2017 PM10  |  10.23 |   9.14 |  12.19 |   9.86 |I I 
05:44-Sun-Apr-09-2017 PM2.5 |   6.16 |   6.14 |   7.33 |   6.39 |I I 
05:45-Sun-Apr-09-2017 PM10  |   8.58 |   9.11 |  12.19 |   9.86 |I I 
05:45-Sun-Apr-09-2017 PM2.5 |   6.19 |   6.14 |   7.33 |   6.39 |I I 
05:49-Sun-Apr-09-2017 PM10  |   9.10 |   9.11 |  12.19 |   9.86 |I I 
05:49-Sun-Apr-09-2017 PM2.5 |   6.21 |   6.15 |   7.33 |   6.39 |I I 
05:50-Sun-Apr-09-2017 PM10  |  12.60 |   9.28 |  12.19 |   9.86 |I I 
05:50-Sun-Apr-09-2017 PM2.5 |   5.96 |   6.14 |   7.33 |   6.39 |I I 
05:54-Sun-Apr-09-2017 PM10  |  10.10 |   9.32 |  12.19 |   9.86 |I I 
05:54-Sun-Apr-09-2017 PM2.5 |   6.18 |   6.14 |   7.33 |   6.39 |I I 
05:55-Sun-Apr-09-2017 PM10  |  10.48 |   9.37 |  12.19 |   9.86 |I I 
05:55-Sun-Apr-09-2017 PM2.5 |   6.05 |   6.13 |   7.33 |   6.39 |I I 
05:59-Sun-Apr-09-2017 PM10  |   8.80 |   9.34 |  12.19 |   9.86 |I I 
05:59-Sun-Apr-09-2017 PM2.5 |   6.14 |   6.13 |   7.33 |   6.39 |I I 
06:00-Sun-Apr-09-2017 PM10  |   9.20 |   9.34 |  12.19 |   9.34 |I I 
06:00-Sun-Apr-09-2017 PM2.5 |   6.13 |   6.13 |   7.33 |   6.13 |I I 
06:01-Sun-Apr-09-2017 PM10  |   9.20 |   9.20 |  12.19 |   9.34 |I I 
06:01-Sun-Apr-09-2017 PM2.5 |   6.13 |   6.13 |   7.33 |   6.13 |I I 
06:05-Sun-Apr-09-2017 PM10  |   9.43 |   9.32 |  12.19 |   9.34 |I I 
06:05-Sun-Apr-09-2017 PM2.5 |   6.05 |   6.09 |   7.33 |   6.13 |I I 
06:06-Sun-Apr-09-2017 PM10  |   8.73 |   9.12 |  12.19 |   9.34 |I I 
06:06-Sun-Apr-09-2017 PM2.5 |   6.13 |   6.11 |   7.33 |   6.13 |I I 
06:10-Sun-Apr-09-2017 PM10  |   9.14 |   9.12 |  12.19 |   9.34 |I I 
06:10-Sun-Apr-09-2017 PM2.5 |   6.02 |   6.08 |   7.33 |   6.13 |I I 
06:11-Sun-Apr-09-2017 PM10  |   9.20 |   9.14 |  12.19 |   9.34 |I I 
06:11-Sun-Apr-09-2017 PM2.5 |   5.90 |   6.05 |   7.33 |   6.13 |I I 
06:15-Sun-Apr-09-2017 PM10  |   9.04 |   9.12 |  12.19 |   9.34 |I I 
06:15-Sun-Apr-09-2017 PM2.5 |   6.32 |   6.09 |   7.33 |   6.13 |I I 
06:16-Sun-Apr-09-2017 PM10  |  10.44 |   9.31 |  12.19 |   9.34 |I I 
06:16-Sun-Apr-09-2017 PM2.5 |   5.83 |   6.06 |   7.33 |   6.13 |I I 
06:20-Sun-Apr-09-2017 PM10  |   8.14 |   9.16 |  12.19 |   9.34 |I I 
06:20-Sun-Apr-09-2017 PM2.5 |   5.98 |   6.05 |   7.33 |   6.13 |I I 
06:21-Sun-Apr-09-2017 PM10  |   8.75 |   9.12 |  12.19 |   9.34 |I I 
06:21-Sun-Apr-09-2017 PM2.5 |   5.65 |   6.00 |   7.33 |   6.13 |I I 
06:25-Sun-Apr-09-2017 PM10  |   8.63 |   9.07 |  12.19 |   9.34 |I I 
06:25-Sun-Apr-09-2017 PM2.5 |   6.00 |   6.00 |   7.33 |   6.13 |I I 
06:26-Sun-Apr-09-2017 PM10  |   9.04 |   9.07 |  12.19 |   9.34 |I I 
06:26-Sun-Apr-09-2017 PM2.5 |   6.06 |   6.01 |   7.33 |   6.13 |I I 
06:27-Sun-Apr-09-2017 PM10  |   9.04 |   9.06 |  12.19 |   9.34 |I I 
06:27-Sun-Apr-09-2017 PM2.5 |   6.06 |   6.01 |   7.33 |   6.13 |I I 
06:31-Sun-Apr-09-2017 PM10  |   9.28 |   9.08 |  12.19 |   9.34 |I I 
06:31-Sun-Apr-09-2017 PM2.5 |   5.89 |   6.00 |   7.33 |   6.13 |I I 
06:32-Sun-Apr-09-2017 PM10  |   8.47 |   9.04 |  12.19 |   9.34 |I I 
06:32-Sun-Apr-09-2017 PM2.5 |   5.86 |   5.99 |   7.33 |   6.13 |I I 
06:36-Sun-Apr-09-2017 PM10  |   8.70 |   9.02 |  12.19 |   9.34 |I I 
06:36-Sun-Apr-09-2017 PM2.5 |   6.07 |   6.00 |   7.33 |   6.13 |I I 
06:37-Sun-Apr-09-2017 PM10  |   9.74 |   9.06 |  12.19 |   9.34 |I I 
06:37-Sun-Apr-09-2017 PM2.5 |   5.98 |   6.00 |   7.33 |   6.13 |I I 
06:41-Sun-Apr-09-2017 PM10  |   8.57 |   9.03 |  12.19 |   9.34 |I I 
06:41-Sun-Apr-09-2017 PM2.5 |   6.04 |   6.00 |   7.33 |   6.13 |I I 
06:42-Sun-Apr-09-2017 PM10  |   8.28 |   8.99 |  12.19 |   9.34 |I I 
06:42-Sun-Apr-09-2017 PM2.5 |   5.90 |   5.99 |   7.33 |   6.13 |I I 
06:46-Sun-Apr-09-2017 PM10  |   9.35 |   9.01 |  12.19 |   9.34 |I I 
06:46-Sun-Apr-09-2017 PM2.5 |   6.09 |   6.00 |   7.33 |   6.13 |I I 
06:47-Sun-Apr-09-2017 PM10  |   8.57 |   8.99 |  12.19 |   9.34 |I I 
06:47-Sun-Apr-09-2017 PM2.5 |   5.73 |   5.99 |   7.33 |   6.13 |I I 
06:51-Sun-Apr-09-2017 PM10  |   8.51 |   8.96 |  12.19 |   9.34 |I I 
06:51-Sun-Apr-09-2017 PM2.5 |   6.10 |   5.99 |   7.33 |   6.13 |I I 
06:52-Sun-Apr-09-2017 PM10  |  11.79 |   9.09 |  12.19 |   9.34 |I I 
06:52-Sun-Apr-09-2017 PM2.5 |   5.96 |   5.99 |   7.33 |   6.13 |I I 
06:53-Sun-Apr-09-2017 PM10  |  11.79 |   9.21 |  12.19 |   9.34 |I I 
06:53-Sun-Apr-09-2017 PM2.5 |   5.96 |   5.99 |   7.33 |   6.13 |I I 
06:57-Sun-Apr-09-2017 PM10  |  10.91 |   9.28 |  12.19 |   9.34 |I I 
06:57-Sun-Apr-09-2017 PM2.5 |   6.03 |   5.99 |   7.33 |   6.13 |I I 
06:58-Sun-Apr-09-2017 PM10  |  10.65 |   9.33 |  12.19 |   9.34 |I I 
06:58-Sun-Apr-09-2017 PM2.5 |   6.10 |   5.99 |   7.33 |   6.13 |I I 
07:02-Sun-Apr-09-2017 PM10  |   8.69 |   9.31 |  12.19 |   9.31 |I I 
07:02-Sun-Apr-09-2017 PM2.5 |   6.00 |   5.99 |   7.33 |   5.99 |I I 
07:03-Sun-Apr-09-2017 PM10  |   9.38 |   9.38 |  12.19 |   9.31 |I I 
07:03-Sun-Apr-09-2017 PM2.5 |   5.77 |   5.77 |   7.33 |   5.99 |I I 
07:07-Sun-Apr-09-2017 PM10  |   9.05 |   9.21 |  12.19 |   9.31 |I I 
07:07-Sun-Apr-09-2017 PM2.5 |   6.11 |   5.94 |   7.33 |   5.99 |I I 
07:08-Sun-Apr-09-2017 PM10  |   9.22 |   9.22 |  12.19 |   9.31 |I I 
07:08-Sun-Apr-09-2017 PM2.5 |   5.91 |   5.93 |   7.33 |   5.99 |I I 
07:12-Sun-Apr-09-2017 PM10  |   9.44 |   9.27 |  12.19 |   9.31 |I I 
07:12-Sun-Apr-09-2017 PM2.5 |   6.05 |   5.96 |   7.33 |   5.99 |I I 
07:13-Sun-Apr-09-2017 PM10  |   9.46 |   9.31 |  12.19 |   9.31 |I I 
07:13-Sun-Apr-09-2017 PM2.5 |   5.97 |   5.96 |   7.33 |   5.99 |I I 
07:17-Sun-Apr-09-2017 PM10  |   9.45 |   9.33 |  12.19 |   9.31 |I I 
07:17-Sun-Apr-09-2017 PM2.5 |   6.19 |   6.00 |   7.33 |   5.99 |I I 
07:18-Sun-Apr-09-2017 PM10  |   8.80 |   9.26 |  12.19 |   9.31 |I I 
07:18-Sun-Apr-09-2017 PM2.5 |   5.96 |   5.99 |   7.33 |   5.99 |I I 
07:19-Sun-Apr-09-2017 PM10  |   8.80 |   9.20 |  12.19 |   9.31 |I I 
07:19-Sun-Apr-09-2017 PM2.5 |   5.96 |   5.99 |   7.33 |   5.99 |I I 
07:23-Sun-Apr-09-2017 PM10  |   8.55 |   9.13 |  12.19 |   9.31 |I I 
07:23-Sun-Apr-09-2017 PM2.5 |   5.81 |   5.97 |   7.33 |   5.99 |I I 
07:24-Sun-Apr-09-2017 PM10  |   9.64 |   9.18 |  12.19 |   9.31 |I I 
07:24-Sun-Apr-09-2017 PM2.5 |   6.29 |   6.00 |   7.33 |   5.99 |I I 
07:28-Sun-Apr-09-2017 PM10  |   8.20 |   9.09 |  12.19 |   9.31 |I I 
07:28-Sun-Apr-09-2017 PM2.5 |   5.68 |   5.97 |   7.33 |   5.99 |I I 
07:29-Sun-Apr-09-2017 PM10  |  12.33 |   9.36 |  12.19 |   9.31 |I I 
07:29-Sun-Apr-09-2017 PM2.5 |   5.84 |   5.96 |   7.33 |   5.99 |I I 
07:33-Sun-Apr-09-2017 PM10  |   8.70 |   9.31 |  12.19 |   9.31 |I I 
07:33-Sun-Apr-09-2017 PM2.5 |   6.04 |   5.97 |   7.33 |   5.99 |I I 
07:34-Sun-Apr-09-2017 PM10  |   8.23 |   9.23 |  12.19 |   9.31 |I I 
07:34-Sun-Apr-09-2017 PM2.5 |   5.62 |   5.94 |   7.33 |   5.99 |I I 
07:38-Sun-Apr-09-2017 PM10  |   9.53 |   9.25 |  12.19 |   9.31 |I I 
07:38-Sun-Apr-09-2017 PM2.5 |   6.02 |   5.95 |   7.33 |   5.99 |I I 
07:39-Sun-Apr-09-2017 PM10  |   8.37 |   9.20 |  12.19 |   9.31 |I I 
07:39-Sun-Apr-09-2017 PM2.5 |   5.93 |   5.95 |   7.33 |   5.99 |I I 
07:43-Sun-Apr-09-2017 PM10  |  10.50 |   9.27 |  12.19 |   9.31 |I I 
07:43-Sun-Apr-09-2017 PM2.5 |   5.97 |   5.95 |   7.33 |   5.99 |I I 
07:44-Sun-Apr-09-2017 PM10  |   9.34 |   9.28 |  12.19 |   9.31 |I I 
07:44-Sun-Apr-09-2017 PM2.5 |   5.98 |   5.95 |   7.33 |   5.99 |I I 
07:45-Sun-Apr-09-2017 PM10  |   9.34 |   9.28 |  12.19 |   9.31 |I I 
07:45-Sun-Apr-09-2017 PM2.5 |   5.98 |   5.95 |   7.33 |   5.99 |I I 
07:49-Sun-Apr-09-2017 PM10  |   8.46 |   9.24 |  12.19 |   9.31 |I I 
07:49-Sun-Apr-09-2017 PM2.5 |   5.77 |   5.94 |   7.33 |   5.99 |I I 
07:50-Sun-Apr-09-2017 PM10  |   8.91 |   9.22 |  12.19 |   9.31 |I I 
07:50-Sun-Apr-09-2017 PM2.5 |   5.99 |   5.94 |   7.33 |   5.99 |I I 
07:54-Sun-Apr-09-2017 PM10  |   8.23 |   9.18 |  12.19 |   9.31 |I I 
07:54-Sun-Apr-09-2017 PM2.5 |   5.81 |   5.94 |   7.33 |   5.99 |I I 
07:55-Sun-Apr-09-2017 PM10  |   8.49 |   9.15 |  12.19 |   9.31 |I I 
07:55-Sun-Apr-09-2017 PM2.5 |   5.79 |   5.93 |   7.33 |   5.99 |I I 
07:59-Sun-Apr-09-2017 PM10  |   9.76 |   9.17 |  12.19 |   9.31 |I I 
07:59-Sun-Apr-09-2017 PM2.5 |   6.17 |   5.94 |   7.33 |   5.99 |I I 
08:00-Sun-Apr-09-2017 PM10  |   8.40 |   9.14 |  12.19 |   9.14 |I I 
08:00-Sun-Apr-09-2017 PM2.5 |   5.63 |   5.93 |   7.33 |   5.93 |I I 
08:05-Sun-Apr-09-2017 PM10  |   7.37 |   7.37 |  12.19 |   9.14 |I I 
08:05-Sun-Apr-09-2017 PM2.5 |   5.70 |   5.70 |   7.33 |   5.93 |I I 
08:06-Sun-Apr-09-2017 PM10  |   9.42 |   8.39 |  12.19 |   9.14 |I I 
08:06-Sun-Apr-09-2017 PM2.5 |   5.73 |   5.71 |   7.33 |   5.93 |I I 
08:10-Sun-Apr-09-2017 PM10  |  10.18 |   8.99 |  12.19 |   9.14 |I I 
08:10-Sun-Apr-09-2017 PM2.5 |   6.05 |   5.83 |   7.33 |   5.93 |I I 
08:11-Sun-Apr-09-2017 PM10  |   8.12 |   8.77 |  12.19 |   9.14 |I I 
08:11-Sun-Apr-09-2017 PM2.5 |   5.58 |   5.77 |   7.33 |   5.93 |I I 
08:12-Sun-Apr-09-2017 PM10  |   8.12 |   8.64 |  12.19 |   9.14 |I I 
08:12-Sun-Apr-09-2017 PM2.5 |   5.58 |   5.73 |   7.33 |   5.93 |I I 
08:16-Sun-Apr-09-2017 PM10  |   9.69 |   8.82 |  12.19 |   9.14 |I I 
08:16-Sun-Apr-09-2017 PM2.5 |   6.14 |   5.80 |   7.33 |   5.93 |I I 
08:17-Sun-Apr-09-2017 PM10  |   8.57 |   8.78 |  12.19 |   9.14 |I I 
08:17-Sun-Apr-09-2017 PM2.5 |   6.06 |   5.84 |   7.33 |   5.93 |I I 
08:21-Sun-Apr-09-2017 PM10  |   8.07 |   8.69 |  12.19 |   9.14 |I I 
08:21-Sun-Apr-09-2017 PM2.5 |   6.08 |   5.87 |   7.33 |   5.93 |I I 
08:22-Sun-Apr-09-2017 PM10  |   6.89 |   8.49 |  12.19 |   9.14 |I I 
08:22-Sun-Apr-09-2017 PM2.5 |   5.44 |   5.82 |   7.33 |   5.93 |I I 
08:26-Sun-Apr-09-2017 PM10  |   8.45 |   8.49 |  12.19 |   9.14 |I I 
08:26-Sun-Apr-09-2017 PM2.5 |   5.70 |   5.81 |   7.33 |   5.93 |I I 
08:27-Sun-Apr-09-2017 PM10  |   8.51 |   8.49 |  12.19 |   9.14 |I I 
08:27-Sun-Apr-09-2017 PM2.5 |   5.76 |   5.80 |   7.33 |   5.93 |I I 
08:31-Sun-Apr-09-2017 PM10  |   8.64 |   8.50 |  12.19 |   9.14 |I I 
08:31-Sun-Apr-09-2017 PM2.5 |   5.47 |   5.78 |   7.33 |   5.93 |I I 
08:32-Sun-Apr-09-2017 PM10  |   8.80 |   8.52 |  12.19 |   9.14 |I I 
08:32-Sun-Apr-09-2017 PM2.5 |   5.58 |   5.76 |   7.33 |   5.93 |I I 
08:36-Sun-Apr-09-2017 PM10  |   9.31 |   8.58 |  12.19 |   9.14 |I I 
08:36-Sun-Apr-09-2017 PM2.5 |   5.72 |   5.76 |   7.33 |   5.93 |I I 
08:37-Sun-Apr-09-2017 PM10  |   7.71 |   8.52 |  12.19 |   9.14 |I I 
08:37-Sun-Apr-09-2017 PM2.5 |   5.66 |   5.75 |   7.33 |   5.93 |I I 
08:38-Sun-Apr-09-2017 PM10  |   7.71 |   8.47 |  12.19 |   9.14 |I I 
08:38-Sun-Apr-09-2017 PM2.5 |   5.66 |   5.75 |   7.33 |   5.93 |I I 
08:42-Sun-Apr-09-2017 PM10  |   7.74 |   8.43 |  12.19 |   9.14 |I I 
08:42-Sun-Apr-09-2017 PM2.5 |   5.81 |   5.75 |   7.33 |   5.93 |I I 
08:43-Sun-Apr-09-2017 PM10  |   8.21 |   8.42 |  12.19 |   9.14 |I I 
08:43-Sun-Apr-09-2017 PM2.5 |   5.85 |   5.75 |   7.33 |   5.93 |I I 
08:47-Sun-Apr-09-2017 PM10  |  10.21 |   8.51 |  12.19 |   9.14 |I I 
08:47-Sun-Apr-09-2017 PM2.5 |   5.87 |   5.76 |   7.33 |   5.93 |I I 
08:48-Sun-Apr-09-2017 PM10  |  11.71 |   8.67 |  12.19 |   9.14 |I I 
08:48-Sun-Apr-09-2017 PM2.5 |   6.44 |   5.79 |   7.33 |   5.93 |I I 
08:52-Sun-Apr-09-2017 PM10  |   9.74 |   8.72 |  12.19 |   9.14 |I I 
08:52-Sun-Apr-09-2017 PM2.5 |   6.78 |   5.84 |   7.33 |   5.93 |I I 
08:53-Sun-Apr-09-2017 PM10  |   9.40 |   8.75 |  12.19 |   9.14 |I I 
08:53-Sun-Apr-09-2017 PM2.5 |   6.10 |   5.85 |   7.33 |   5.93 |I I 
08:57-Sun-Apr-09-2017 PM10  |   9.87 |   8.80 |  12.19 |   9.14 |I I 
08:57-Sun-Apr-09-2017 PM2.5 |   6.06 |   5.86 |   7.33 |   5.93 |I I 
08:58-Sun-Apr-09-2017 PM10  |   8.43 |   8.79 |  12.19 |   9.14 |I I 
08:58-Sun-Apr-09-2017 PM2.5 |   5.80 |   5.86 |   7.33 |   5.93 |I I 
09:02-Sun-Apr-09-2017 PM10  |   9.26 |   8.80 |  12.19 |   8.80 |I I 
09:02-Sun-Apr-09-2017 PM2.5 |   6.16 |   5.87 |   7.33 |   5.87 |I I 
09:03-Sun-Apr-09-2017 PM10  |  11.63 |  11.63 |  12.19 |   8.80 |I I 
09:03-Sun-Apr-09-2017 PM2.5 |   5.95 |   5.95 |   7.33 |   5.87 |I I 
09:04-Sun-Apr-09-2017 PM10  |  11.63 |  11.63 |  12.19 |   8.80 |I I 
09:04-Sun-Apr-09-2017 PM2.5 |   5.95 |   5.95 |   7.33 |   5.87 |I I 
09:08-Sun-Apr-09-2017 PM10  |  10.08 |  11.11 |  12.19 |   8.80 |I I 
09:08-Sun-Apr-09-2017 PM2.5 |   6.06 |   5.99 |   7.33 |   5.87 |I I 
09:09-Sun-Apr-09-2017 PM10  |  11.95 |  11.32 |  12.19 |   8.80 |I I 
09:09-Sun-Apr-09-2017 PM2.5 |   6.06 |   6.00 |   7.33 |   5.87 |I I 
09:13-Sun-Apr-09-2017 PM10  |  10.42 |  11.14 |  12.19 |   8.80 |I I 
09:13-Sun-Apr-09-2017 PM2.5 |   6.42 |   6.09 |   7.33 |   5.87 |I I 
09:14-Sun-Apr-09-2017 PM10  |   9.10 |  10.80 |  12.19 |   8.80 |I I 
09:14-Sun-Apr-09-2017 PM2.5 |   6.08 |   6.09 |   7.33 |   5.87 |I I 
09:18-Sun-Apr-09-2017 PM10  |  10.99 |  10.83 |  12.19 |   8.80 |I I 
09:18-Sun-Apr-09-2017 PM2.5 |   6.42 |   6.13 |   7.33 |   5.87 |I I 
09:19-Sun-Apr-09-2017 PM10  |   9.73 |  10.69 |  12.19 |   8.80 |I I 
09:19-Sun-Apr-09-2017 PM2.5 |   6.08 |   6.13 |   7.33 |   5.87 |I I 
09:23-Sun-Apr-09-2017 PM10  |  12.67 |  10.91 |  12.19 |   8.80 |I I 
09:23-Sun-Apr-09-2017 PM2.5 |   6.21 |   6.14 |   7.33 |   5.87 |I I 
09:24-Sun-Apr-09-2017 PM10  |  11.13 |  10.93 |  12.19 |   8.80 |I I 
09:24-Sun-Apr-09-2017 PM2.5 |   6.07 |   6.13 |   7.33 |   5.87 |I I 
09:28-Sun-Apr-09-2017 PM10  |  10.84 |  10.92 |  12.19 |   8.80 |I I 
09:28-Sun-Apr-09-2017 PM2.5 |   6.14 |   6.13 |   7.33 |   5.87 |I I 
09:29-Sun-Apr-09-2017 PM10  |  10.26 |  10.87 |  12.19 |   8.80 |I I 
09:29-Sun-Apr-09-2017 PM2.5 |   5.98 |   6.12 |   7.33 |   5.87 |I I 
09:30-Sun-Apr-09-2017 PM10  |  10.26 |  10.82 |  12.19 |   8.80 |I I 
09:30-Sun-Apr-09-2017 PM2.5 |   5.98 |   6.11 |   7.33 |   5.87 |I I 
09:34-Sun-Apr-09-2017 PM10  |   9.36 |  10.72 |  12.19 |   8.80 |I I 
09:34-Sun-Apr-09-2017 PM2.5 |   6.18 |   6.11 |   7.33 |   5.87 |I I 
09:35-Sun-Apr-09-2017 PM10  |  12.24 |  10.82 |  12.19 |   8.80 |I I 
09:35-Sun-Apr-09-2017 PM2.5 |   6.29 |   6.13 |   7.33 |   5.87 |I I 
09:39-Sun-Apr-09-2017 PM10  |  14.58 |  11.05 |  12.19 |   8.80 |I I 
09:39-Sun-Apr-09-2017 PM2.5 |   6.32 |   6.14 |   7.33 |   5.87 |I I 
09:40-Sun-Apr-09-2017 PM10  |  12.02 |  11.11 |  12.19 |   8.80 |I I 
09:40-Sun-Apr-09-2017 PM2.5 |   6.68 |   6.17 |   7.33 |   5.87 |I I 
09:44-Sun-Apr-09-2017 PM10  |  14.78 |  11.31 |  12.19 |   8.80 |I I 
09:44-Sun-Apr-09-2017 PM2.5 |   7.07 |   6.22 |   7.33 |   5.87 |I I 
09:45-Sun-Apr-09-2017 PM10  |  14.22 |  11.47 |  12.19 |   8.80 |I I 
09:45-Sun-Apr-09-2017 PM2.5 |   6.48 |   6.23 |   7.33 |   5.87 |I I 
09:49-Sun-Apr-09-2017 PM10  |  11.85 |  11.49 |  12.19 |   8.80 |I I 
09:49-Sun-Apr-09-2017 PM2.5 |   6.47 |   6.25 |   7.33 |   5.87 |I I 
09:50-Sun-Apr-09-2017 PM10  |  12.35 |  11.53 |  12.19 |   8.80 |I I 
09:50-Sun-Apr-09-2017 PM2.5 |   7.04 |   6.28 |   7.33 |   5.87 |I I 
09:54-Sun-Apr-09-2017 PM10  |  12.51 |  11.57 |  12.19 |   8.80 |I B 
09:54-Sun-Apr-09-2017 PM2.5 |   6.95 |   6.31 |   7.33 |   5.87 |I B 
09:55-Sun-Apr-09-2017recover dati per host :92.223.147.77/nodered
09:55-Sun-Apr-09-2017 PM10  |   9.91 |  11.50 |  12.19 |   8.80 |I I 
09:55-Sun-Apr-09-2017 PM2.5 |   6.28 |   6.31 |   7.33 |   5.87 |I I 
09:59-Sun-Apr-09-2017 PM10  |  11.08 |  11.48 |  12.19 |   8.80 |I I 
09:59-Sun-Apr-09-2017 PM2.5 |   6.49 |   6.32 |   7.33 |   5.87 |I I 
10:00-Sun-Apr-09-2017 PM10  |  11.08 |  11.47 |  12.19 |   8.80 |I I 
10:00-Sun-Apr-09-2017 PM2.5 |   6.49 |   6.33 |   7.33 |   5.87 |I I 
10:01-Sun-Apr-09-2017 PM10  |  13.94 |  13.94 |  12.19 |   8.80 |I I 
10:01-Sun-Apr-09-2017 PM2.5 |   5.88 |   5.88 |   7.33 |   5.87 |I I 
10:05-Sun-Apr-09-2017 PM10  |  14.01 |  13.97 |  12.19 |   8.80 |I I 
10:05-Sun-Apr-09-2017 PM2.5 |   6.65 |   6.26 |   7.33 |   5.87 |I I 
10:06-Sun-Apr-09-2017 PM10  |  11.71 |  13.22 |  12.19 |   8.80 |I I 
10:06-Sun-Apr-09-2017 PM2.5 |   6.40 |   6.31 |   7.33 |   5.87 |I I 
10:10-Sun-Apr-09-2017 PM10  |  12.89 |  13.14 |  12.19 |   8.80 |I I 
10:10-Sun-Apr-09-2017 PM2.5 |   6.25 |   6.30 |   7.33 |   5.87 |I I 
10:11-Sun-Apr-09-2017 PM10  |  18.70 |  14.25 |  12.19 |   8.80 |I I 
10:11-Sun-Apr-09-2017 PM2.5 |   6.60 |   6.36 |   7.33 |   5.87 |I I 
10:15-Sun-Apr-09-2017 PM10  |  19.63 |  15.15 |  12.19 |   8.80 |I I 
10:15-Sun-Apr-09-2017 PM2.5 |   6.79 |   6.43 |   7.33 |   5.87 |I I 
10:16-Sun-Apr-09-2017 PM10  |  11.14 |  14.57 |  12.19 |   8.80 |I I 
10:16-Sun-Apr-09-2017 PM2.5 |   6.78 |   6.48 |   7.33 |   5.87 |I I 
10:20-Sun-Apr-09-2017 PM10  |  13.76 |  14.47 |  12.19 |   8.80 |I I 
10:20-Sun-Apr-09-2017 PM2.5 |   6.67 |   6.50 |   7.33 |   5.87 |I I 
10:21-Sun-Apr-09-2017 PM10  |  14.60 |  14.49 |  12.19 |   8.80 |I I 
10:21-Sun-Apr-09-2017 PM2.5 |   6.56 |   6.51 |   7.33 |   5.87 |I I 
10:25-Sun-Apr-09-2017 PM10  |  13.20 |  14.36 |  12.19 |   8.80 |I I 
10:25-Sun-Apr-09-2017 PM2.5 |   6.82 |   6.54 |   7.33 |   5.87 |I I 
10:26-Sun-Apr-09-2017 PM10  |  13.20 |  14.25 |  12.19 |   8.80 |I I 
10:26-Sun-Apr-09-2017 PM2.5 |   6.82 |   6.57 |   7.33 |   5.87 |I I 
10:27-Sun-Apr-09-2017 PM10  |  24.21 |  15.08 |  12.19 |   8.80 |I I 
10:27-Sun-Apr-09-2017 PM2.5 |   6.67 |   6.58 |   7.33 |   5.87 |I I 
10:31-Sun-Apr-09-2017 PM10  |  13.39 |  14.95 |  12.19 |   8.80 |I I 
10:31-Sun-Apr-09-2017 PM2.5 |   6.60 |   6.58 |   7.33 |   5.87 |I I 
10:32-Sun-Apr-09-2017 PM10  |  11.10 |  14.68 |  12.19 |   8.80 |I I 
10:32-Sun-Apr-09-2017 PM2.5 |   5.98 |   6.53 |   7.33 |   5.87 |I I 
10:36-Sun-Apr-09-2017 PM10  |  11.70 |  14.48 |  12.19 |   8.80 |I I 
10:36-Sun-Apr-09-2017 PM2.5 |   5.93 |   6.49 |   7.33 |   5.87 |I I 
10:37-Sun-Apr-09-2017 PM10  |  11.98 |  14.32 |  12.19 |   8.80 |I I 
10:37-Sun-Apr-09-2017 PM2.5 |   6.19 |   6.48 |   7.33 |   5.87 |I I 
10:41-Sun-Apr-09-2017 PM10  |  12.52 |  14.22 |  12.19 |   8.80 |I I 
10:41-Sun-Apr-09-2017 PM2.5 |   6.02 |   6.45 |   7.33 |   5.87 |I I 
10:42-Sun-Apr-09-2017 PM10  |  14.19 |  14.22 |  12.19 |   8.80 |I I 
10:42-Sun-Apr-09-2017 PM2.5 |   5.81 |   6.41 |   7.33 |   5.87 |I I 
10:46-Sun-Apr-09-2017 PM10  |  16.58 |  14.34 |  12.19 |   8.80 |I I 
10:46-Sun-Apr-09-2017 PM2.5 |   6.58 |   6.42 |   7.33 |   5.87 |I I 
10:47-Sun-Apr-09-2017 PM10  |  14.84 |  14.36 |  12.19 |   8.80 |I I 
10:47-Sun-Apr-09-2017 PM2.5 |   6.44 |   6.42 |   7.33 |   5.87 |I I 
10:51-Sun-Apr-09-2017 PM10  |  13.44 |  14.32 |  12.19 |   8.80 |I I 
10:51-Sun-Apr-09-2017 PM2.5 |   6.61 |   6.43 |   7.33 |   5.87 |I I 
10:52-Sun-Apr-09-2017 PM10  |  13.44 |  14.28 |  12.19 |   8.80 |I I 
10:52-Sun-Apr-09-2017 PM2.5 |   6.61 |   6.44 |   7.33 |   5.87 |I I 
10:53-Sun-Apr-09-2017 PM10  |  12.71 |  14.21 |  12.19 |   8.80 |I I 
10:53-Sun-Apr-09-2017 PM2.5 |   6.24 |   6.43 |   7.33 |   5.87 |I I 
10:57-Sun-Apr-09-2017 PM10  |  13.12 |  14.17 |  12.19 |   8.80 |I I 
10:57-Sun-Apr-09-2017 PM2.5 |   6.37 |   6.43 |   7.33 |   5.87 |I I 
10:59-Sun-Apr-09-2017 PM10  |  13.22 |  14.13 |  12.19 |   8.80 |I I 
10:59-Sun-Apr-09-2017 PM2.5 |   6.66 |   6.44 |   7.33 |   5.87 |I I 
11:03-Sun-Apr-09-2017 PM10  |  13.78 |  14.12 |  14.12 |   8.80 |I I 
11:03-Sun-Apr-09-2017 PM2.5 |   6.87 |   6.45 |   7.33 |   5.87 |I I 
11:04-Sun-Apr-09-2017 PM10  |  15.42 |  15.42 |  14.12 |   8.80 |I I 
11:04-Sun-Apr-09-2017 PM2.5 |   6.61 |   6.61 |   7.33 |   5.87 |I I 
11:08-Sun-Apr-09-2017 PM10  |  13.33 |  14.37 |  14.12 |   8.80 |I I 
11:08-Sun-Apr-09-2017 PM2.5 |   6.39 |   6.50 |   7.33 |   5.87 |I I 
11:09-Sun-Apr-09-2017 PM10  |  13.83 |  14.19 |  14.12 |   8.80 |I I 
11:09-Sun-Apr-09-2017 PM2.5 |   6.79 |   6.60 |   7.33 |   5.87 |I I 
11:13-Sun-Apr-09-2017 PM10  |  18.55 |  15.28 |  14.12 |   8.80 |I I 
11:13-Sun-Apr-09-2017 PM2.5 |   8.12 |   6.98 |   7.33 |   5.87 |I I 
11:14-Sun-Apr-09-2017 PM10  |  16.25 |  15.47 |  14.12 |   8.80 |I I 
11:14-Sun-Apr-09-2017 PM2.5 |   7.85 |   7.15 |   7.33 |   5.87 |I I 
11:18-Sun-Apr-09-2017 PM10  |  15.14 |  15.42 |  14.12 |   8.80 |I I 
11:18-Sun-Apr-09-2017 PM2.5 |   7.36 |   7.19 |   7.33 |   5.87 |I I 
11:19-Sun-Apr-09-2017 PM10  |  15.14 |  15.38 |  14.12 |   8.80 |I I 
11:19-Sun-Apr-09-2017 PM2.5 |   7.36 |   7.21 |   7.33 |   5.87 |I I 
11:20-Sun-Apr-09-2017 PM10  |  16.36 |  15.50 |  14.12 |   8.80 |I I 
11:20-Sun-Apr-09-2017 PM2.5 |   7.94 |   7.30 |   7.33 |   5.87 |I I 
11:24-Sun-Apr-09-2017 PM10  |  19.66 |  15.96 |  14.12 |   8.80 |I I 
11:24-Sun-Apr-09-2017 PM2.5 |   7.47 |   7.32 |   7.33 |   5.87 |I I 
11:25-Sun-Apr-09-2017 PM10  |  16.84 |  16.05 |  14.12 |   8.80 |I I 
11:25-Sun-Apr-09-2017 PM2.5 |   6.82 |   7.27 |   7.33 |   5.87 |I I 
11:29-Sun-Apr-09-2017 PM10  |  17.84 |  16.21 |  14.12 |   8.80 |I I 
11:29-Sun-Apr-09-2017 PM2.5 |   7.64 |   7.30 |   7.33 |   5.87 |I I 
11:30-Sun-Apr-09-2017 PM10  |  12.82 |  15.93 |  14.12 |   8.80 |I I 
11:30-Sun-Apr-09-2017 PM2.5 |   7.15 |   7.29 |   7.33 |   5.87 |I I 
11:34-Sun-Apr-09-2017 PM10  |  19.31 |  16.19 |  14.12 |   8.80 |I I 
11:34-Sun-Apr-09-2017 PM2.5 |   7.61 |   7.32 |   7.33 |   5.87 |I I 
11:35-Sun-Apr-09-2017 PM10  |  18.98 |  16.39 |  14.12 |   8.80 |I I 
11:35-Sun-Apr-09-2017 PM2.5 |   8.30 |   7.39 |   7.33 |   5.87 |I I 
11:39-Sun-Apr-09-2017 PM10  |  18.19 |  16.51 |  14.12 |   8.80 |I I 
11:39-Sun-Apr-09-2017 PM2.5 |   8.13 |   7.44 |   7.33 |   5.87 |I I 
11:40-Sun-Apr-09-2017 PM10  |  18.61 |  16.64 |  14.12 |   8.80 |I I 
11:40-Sun-Apr-09-2017 PM2.5 |   8.09 |   7.48 |   7.33 |   5.87 |I I 
11:44-Sun-Apr-09-2017 PM10  |  14.91 |  16.54 |  14.12 |   8.80 |I I 
11:44-Sun-Apr-09-2017 PM2.5 |   8.04 |   7.51 |   7.33 |   5.87 |I I 
11:45-Sun-Apr-09-2017 PM10  |  14.91 |  16.45 |  14.12 |   8.80 |I I 
11:45-Sun-Apr-09-2017 PM2.5 |   8.04 |   7.54 |   7.33 |   5.87 |I I 
11:46-Sun-Apr-09-2017 PM10  |  12.80 |  16.26 |  14.12 |   8.80 |I I 
11:46-Sun-Apr-09-2017 PM2.5 |   7.49 |   7.54 |   7.33 |   5.87 |I I 
11:50-Sun-Apr-09-2017 PM10  |  16.67 |  16.28 |  14.12 |   8.80 |I I 
11:50-Sun-Apr-09-2017 PM2.5 |   8.04 |   7.56 |   7.33 |   5.87 |I I 
11:51-Sun-Apr-09-2017 PM10  |  16.05 |  16.27 |  14.12 |   8.80 |I I 
11:51-Sun-Apr-09-2017 PM2.5 |   7.66 |   7.57 |   7.33 |   5.87 |I I 
11:55-Sun-Apr-09-2017 PM10  |  15.07 |  16.21 |  14.12 |   8.80 |I I 
11:55-Sun-Apr-09-2017 PM2.5 |   8.24 |   7.60 |   7.33 |   5.87 |I I 
11:56-Sun-Apr-09-2017 PM10  |  17.35 |  16.26 |  14.12 |   8.80 |I I 
11:56-Sun-Apr-09-2017 PM2.5 |   8.04 |   7.62 |   7.33 |   5.87 |I I 
12:00-Sun-Apr-09-2017 PM10  |  16.76 |  16.28 |  16.28 |   8.80 |I I 
12:00-Sun-Apr-09-2017 PM2.5 |   8.29 |   7.64 |   7.64 |   5.87 |I I 
12:01-Sun-Apr-09-2017 PM10  |  14.89 |  14.89 |  16.28 |   8.80 |I I 
12:01-Sun-Apr-09-2017 PM2.5 |   9.53 |   9.53 |   7.64 |   5.87 |I I 
12:05-Sun-Apr-09-2017 PM10  |  14.30 |  14.59 |  16.28 |   8.80 |I I 
12:05-Sun-Apr-09-2017 PM2.5 |   9.03 |   9.28 |   7.64 |   5.87 |I I 
12:06-Sun-Apr-09-2017 PM10  |  17.31 |  15.50 |  16.28 |   8.80 |I I 
12:06-Sun-Apr-09-2017 PM2.5 |   8.91 |   9.16 |   7.64 |   5.87 |I I 
12:10-Sun-Apr-09-2017 PM10  |  17.70 |  16.05 |  16.28 |   8.80 |I I 
12:10-Sun-Apr-09-2017 PM2.5 |   9.05 |   9.13 |   7.64 |   5.87 |I I 
12:11-Sun-Apr-09-2017 PM10  |  17.70 |  16.38 |  16.28 |   8.80 |I I 
12:11-Sun-Apr-09-2017 PM2.5 |   9.05 |   9.12 |   7.64 |   5.87 |I I 
12:12-Sun-Apr-09-2017 PM10  |  17.22 |  16.52 |  16.28 |   8.80 |I I 
12:12-Sun-Apr-09-2017 PM2.5 |   8.26 |   8.97 |   7.64 |   5.87 |I I 
12:16-Sun-Apr-09-2017 PM10  |  19.16 |  16.90 |  16.28 |   8.80 |I I 
12:16-Sun-Apr-09-2017 PM2.5 |   8.84 |   8.95 |   7.64 |   5.87 |I I 
12:17-Sun-Apr-09-2017 PM10  |  18.64 |  17.11 |  16.28 |   8.80 |I I 
12:17-Sun-Apr-09-2017 PM2.5 |   8.28 |   8.87 |   7.64 |   5.87 |I I 
12:21-Sun-Apr-09-2017 PM10  |  17.36 |  17.14 |  16.28 |   8.80 |I I 
12:21-Sun-Apr-09-2017 PM2.5 |   8.46 |   8.82 |   7.64 |   5.87 |I I 
12:22-Sun-Apr-09-2017 PM10  |  15.97 |  17.02 |  16.28 |   8.80 |I I 
12:22-Sun-Apr-09-2017 PM2.5 |   9.02 |   8.84 |   7.64 |   5.87 |I I 
12:26-Sun-Apr-09-2017 PM10  |  15.25 |  16.86 |  16.28 |   8.80 |I I 
12:26-Sun-Apr-09-2017 PM2.5 |   8.41 |   8.80 |   7.64 |   5.87 |I I 
12:27-Sun-Apr-09-2017 PM10  |  17.62 |  16.93 |  16.28 |   8.80 |I I 
12:27-Sun-Apr-09-2017 PM2.5 |   8.43 |   8.77 |   7.64 |   5.87 |I I 
12:31-Sun-Apr-09-2017 PM10  |  16.98 |  16.93 |  16.28 |   8.80 |I I 
12:31-Sun-Apr-09-2017 PM2.5 |   8.02 |   8.72 |   7.64 |   5.87 |I I 
12:32-Sun-Apr-09-2017 PM10  |  15.80 |  16.85 |  16.28 |   8.80 |I I 
12:32-Sun-Apr-09-2017 PM2.5 |   8.39 |   8.69 |   7.64 |   5.87 |I I 
12:36-Sun-Apr-09-2017 PM10  |  15.01 |  16.73 |  16.28 |   8.80 |I I 
12:36-Sun-Apr-09-2017 PM2.5 |   8.59 |   8.69 |   7.64 |   5.87 |I I 
12:37-Sun-Apr-09-2017 PM10  |  15.01 |  16.62 |  16.28 |   8.80 |I I 
12:37-Sun-Apr-09-2017 PM2.5 |   8.59 |   8.68 |   7.64 |   5.87 |I I 
12:38-Sun-Apr-09-2017 PM10  |  14.16 |  16.48 |  16.28 |   8.80 |I I 
12:38-Sun-Apr-09-2017 PM2.5 |   7.93 |   8.64 |   7.64 |   5.87 |I I 
12:42-Sun-Apr-09-2017 PM10  |  15.64 |  16.43 |  16.28 |   8.80 |I I 
12:42-Sun-Apr-09-2017 PM2.5 |   8.77 |   8.64 |   7.64 |   5.87 |I I 
12:43-Sun-Apr-09-2017 PM10  |  17.49 |  16.48 |  16.28 |   8.80 |I I 
12:43-Sun-Apr-09-2017 PM2.5 |   7.97 |   8.61 |   7.64 |   5.87 |I I 
12:47-Sun-Apr-09-2017 PM10  |  17.25 |  16.52 |  16.28 |   8.80 |I I 
12:47-Sun-Apr-09-2017 PM2.5 |   8.08 |   8.58 |   7.64 |   5.87 |I I 
12:48-Sun-Apr-09-2017 PM10  |  16.41 |  16.52 |  16.28 |   8.80 |I I 
12:48-Sun-Apr-09-2017 PM2.5 |   8.19 |   8.56 |   7.64 |   5.87 |I I 
12:52-Sun-Apr-09-2017 PM10  |  16.94 |  16.54 |  16.28 |   8.80 |I I 
12:52-Sun-Apr-09-2017 PM2.5 |   8.30 |   8.55 |   7.64 |   5.87 |I I 
12:53-Sun-Apr-09-2017 PM10  |  16.14 |  16.52 |  16.28 |   8.80 |I I 
12:53-Sun-Apr-09-2017 PM2.5 |   8.23 |   8.54 |   7.64 |   5.87 |I I 
12:57-Sun-Apr-09-2017 PM10  |  17.47 |  16.56 |  16.28 |   8.80 |I I 
12:57-Sun-Apr-09-2017 PM2.5 |   8.35 |   8.53 |   7.64 |   5.87 |I I 
12:58-Sun-Apr-09-2017 PM10  |  18.58 |  16.64 |  16.28 |   8.80 |I I 
12:58-Sun-Apr-09-2017 PM2.5 |   7.97 |   8.51 |   7.64 |   5.87 |I I 
13:02-Sun-Apr-09-2017 PM10  |  12.94 |  16.50 |  16.50 |   8.80 |I I 
13:02-Sun-Apr-09-2017 PM2.5 |   8.01 |   8.49 |   8.49 |   5.87 |I I 
13:03-Sun-Apr-09-2017 PM10  |  12.94 |  12.94 |  16.50 |   8.80 |I I 
13:03-Sun-Apr-09-2017 PM2.5 |   8.01 |   8.01 |   8.49 |   5.87 |I I 
13:04-Sun-Apr-09-2017 PM10  |  18.41 |  15.67 |  16.50 |   8.80 |I I 
13:04-Sun-Apr-09-2017 PM2.5 |   8.11 |   8.06 |   8.49 |   5.87 |I I 
13:08-Sun-Apr-09-2017 PM10  |  16.59 |  15.98 |  16.50 |   8.80 |I I 
13:08-Sun-Apr-09-2017 PM2.5 |   8.45 |   8.19 |   8.49 |   5.87 |I I 
13:09-Sun-Apr-09-2017 PM10  |  18.39 |  16.58 |  16.50 |   8.80 |I I 
13:09-Sun-Apr-09-2017 PM2.5 |   8.03 |   8.15 |   8.49 |   5.87 |I I 
13:13-Sun-Apr-09-2017 PM10  |  15.76 |  16.42 |  16.50 |   8.80 |I I 
13:13-Sun-Apr-09-2017 PM2.5 |   8.01 |   8.12 |   8.49 |   5.87 |I I 
13:14-Sun-Apr-09-2017 PM10  |  12.68 |  15.79 |  16.50 |   8.80 |I I 
13:14-Sun-Apr-09-2017 PM2.5 |   7.87 |   8.08 |   8.49 |   5.87 |I I 
13:18-Sun-Apr-09-2017 PM10  |  15.80 |  15.80 |  16.50 |   8.80 |I I 
13:18-Sun-Apr-09-2017 PM2.5 |   7.93 |   8.06 |   8.49 |   5.87 |I I 
13:19-Sun-Apr-09-2017 PM10  |  13.99 |  15.57 |  16.50 |   8.80 |I I 
13:19-Sun-Apr-09-2017 PM2.5 |   7.84 |   8.03 |   8.49 |   5.87 |I I 
13:23-Sun-Apr-09-2017 PM10  |  12.94 |  15.28 |  16.50 |   8.80 |I I 
13:23-Sun-Apr-09-2017 PM2.5 |   7.92 |   8.02 |   8.49 |   5.87 |I I 
13:24-Sun-Apr-09-2017 PM10  |  15.59 |  15.31 |  16.50 |   8.80 |I I 
13:24-Sun-Apr-09-2017 PM2.5 |   7.98 |   8.02 |   8.49 |   5.87 |I I 
13:28-Sun-Apr-09-2017 PM10  |  14.63 |  15.25 |  16.50 |   8.80 |I I 
13:28-Sun-Apr-09-2017 PM2.5 |   8.24 |   8.04 |   8.49 |   5.87 |I I 
13:29-Sun-Apr-09-2017 PM10  |  14.63 |  15.20 |  16.50 |   8.80 |I I 
13:29-Sun-Apr-09-2017 PM2.5 |   8.24 |   8.05 |   8.49 |   5.87 |I I 
13:30-Sun-Apr-09-2017 PM10  |  15.78 |  15.24 |  16.50 |   8.80 |I I 
13:30-Sun-Apr-09-2017 PM2.5 |   8.04 |   8.05 |   8.49 |   5.87 |I I 
13:34-Sun-Apr-09-2017 PM10  |  14.91 |  15.22 |  16.50 |   8.80 |I I 
13:34-Sun-Apr-09-2017 PM2.5 |   8.05 |   8.05 |   8.49 |   5.87 |I I 
13:35-Sun-Apr-09-2017 PM10  |  13.39 |  15.10 |  16.50 |   8.80 |I I 
13:35-Sun-Apr-09-2017 PM2.5 |   7.58 |   8.02 |   8.49 |   5.87 |I I 
13:39-Sun-Apr-09-2017 PM10  |  13.66 |  15.01 |  16.50 |   8.80 |I I 
13:39-Sun-Apr-09-2017 PM2.5 |   8.04 |   8.02 |   8.49 |   5.87 |I I 
13:40-Sun-Apr-09-2017 PM10  |  21.16 |  15.37 |  16.50 |   8.80 |I I 
13:40-Sun-Apr-09-2017 PM2.5 |   8.28 |   8.04 |   8.49 |   5.87 |I I 
13:44-Sun-Apr-09-2017 PM10  |  12.79 |  15.23 |  16.50 |   8.80 |I I 
13:44-Sun-Apr-09-2017 PM2.5 |   7.95 |   8.03 |   8.49 |   5.87 |I I 
13:45-Sun-Apr-09-2017 PM10  |  11.95 |  15.05 |  16.50 |   8.80 |I I 
13:45-Sun-Apr-09-2017 PM2.5 |   7.69 |   8.01 |   8.49 |   5.87 |I I 
13:49-Sun-Apr-09-2017 PM10  |  14.28 |  15.01 |  16.50 |   8.80 |I I 
13:49-Sun-Apr-09-2017 PM2.5 |   8.15 |   8.02 |   8.49 |   5.87 |I I 
13:50-Sun-Apr-09-2017 PM10  |  13.07 |  14.92 |  16.50 |   8.80 |I I 
13:50-Sun-Apr-09-2017 PM2.5 |   8.40 |   8.04 |   8.49 |   5.87 |I I 
13:54-Sun-Apr-09-2017 PM10  |  13.91 |  14.88 |  16.50 |   8.80 |I I 
13:54-Sun-Apr-09-2017 PM2.5 |   8.47 |   8.06 |   8.49 |   5.87 |I I 
13:55-Sun-Apr-09-2017 PM10  |  13.91 |  14.83 |  16.50 |   8.80 |I I 
13:55-Sun-Apr-09-2017 PM2.5 |   8.47 |   8.08 |   8.49 |   5.87 |I I 
13:56-Sun-Apr-09-2017 PM10  |  13.34 |  14.77 |  16.50 |   8.80 |I I 
13:56-Sun-Apr-09-2017 PM2.5 |   7.95 |   8.07 |   8.49 |   5.87 |I I 
14:00-Sun-Apr-09-2017 PM10  |  16.29 |  14.83 |  16.50 |   8.80 |I I 
14:00-Sun-Apr-09-2017 PM2.5 |   8.77 |   8.10 |   8.49 |   5.87 |I I 
14:01-Sun-Apr-09-2017 PM10  |  14.43 |  14.43 |  16.50 |   8.80 |I I 
14:01-Sun-Apr-09-2017 PM2.5 |   8.32 |   8.32 |   8.49 |   5.87 |I I 
14:05-Sun-Apr-09-2017 PM10  |  14.94 |  14.68 |  16.50 |   8.80 |I I 
14:05-Sun-Apr-09-2017 PM2.5 |   8.59 |   8.46 |   8.49 |   5.87 |I I 
14:07-Sun-Apr-09-2017 PM10  |  14.00 |  14.46 |  16.50 |   8.80 |I I 
14:07-Sun-Apr-09-2017 PM2.5 |   7.86 |   8.26 |   8.49 |   5.87 |I I 
14:11-Sun-Apr-09-2017 PM10  |  14.42 |  14.45 |  16.50 |   8.80 |I I 
14:11-Sun-Apr-09-2017 PM2.5 |   8.61 |   8.34 |   8.49 |   5.87 |I I 
14:12-Sun-Apr-09-2017 PM10  |  13.99 |  14.36 |  16.50 |   8.80 |I I 
14:12-Sun-Apr-09-2017 PM2.5 |   8.26 |   8.33 |   8.49 |   5.87 |I I 
14:16-Sun-Apr-09-2017 PM10  |  14.04 |  14.30 |  16.50 |   8.80 |I I 
14:16-Sun-Apr-09-2017 PM2.5 |   8.54 |   8.36 |   8.49 |   5.87 |I I 
14:17-Sun-Apr-09-2017 PM10  |  12.35 |  14.02 |  16.50 |   8.80 |I I 
14:17-Sun-Apr-09-2017 PM2.5 |   7.63 |   8.26 |   8.49 |   5.87 |I I 
14:21-Sun-Apr-09-2017 PM10  |  13.92 |  14.01 |  16.50 |   8.80 |I I 
14:21-Sun-Apr-09-2017 PM2.5 |   8.50 |   8.29 |   8.49 |   5.87 |I I 
14:22-Sun-Apr-09-2017 PM10  |  13.92 |  14.00 |  16.50 |   8.80 |I I 
14:22-Sun-Apr-09-2017 PM2.5 |   8.50 |   8.31 |   8.49 |   5.87 |I I 
14:23-Sun-Apr-09-2017 PM10  |  13.95 |  14.00 |  16.50 |   8.80 |I I 
14:23-Sun-Apr-09-2017 PM2.5 |   8.70 |   8.35 |   8.49 |   5.87 |I I 
14:27-Sun-Apr-09-2017 PM10  |  14.04 |  14.00 |  16.50 |   8.80 |I I 
14:27-Sun-Apr-09-2017 PM2.5 |   8.86 |   8.40 |   8.49 |   5.87 |I I 
14:28-Sun-Apr-09-2017 PM10  |  12.14 |  13.84 |  16.50 |   8.80 |I I 
14:28-Sun-Apr-09-2017 PM2.5 |   8.26 |   8.38 |   8.49 |   5.87 |I I 
14:32-Sun-Apr-09-2017 PM10  |  13.34 |  13.81 |  16.50 |   8.80 |I I 
14:32-Sun-Apr-09-2017 PM2.5 |   8.31 |   8.38 |   8.49 |   5.87 |I I 
14:33-Sun-Apr-09-2017 PM10  |  13.44 |  13.78 |  16.50 |   8.80 |I I 
14:33-Sun-Apr-09-2017 PM2.5 |   8.29 |   8.37 |   8.49 |   5.87 |I I 
14:37-Sun-Apr-09-2017 PM10  |  14.90 |  13.85 |  16.50 |   8.80 |I I 
14:37-Sun-Apr-09-2017 PM2.5 |   8.45 |   8.38 |   8.49 |   5.87 |I I 
14:38-Sun-Apr-09-2017 PM10  |  12.69 |  13.78 |  16.50 |   8.80 |I I 
14:38-Sun-Apr-09-2017 PM2.5 |   8.10 |   8.36 |   8.49 |   5.87 |I I 
14:42-Sun-Apr-09-2017 PM10  |  14.41 |  13.82 |  16.50 |   8.80 |I I 
14:42-Sun-Apr-09-2017 PM2.5 |   8.38 |   8.36 |   8.49 |   5.87 |I I 
14:43-Sun-Apr-09-2017 PM10  |  17.02 |  14.00 |  16.50 |   8.80 |I I 
14:43-Sun-Apr-09-2017 PM2.5 |   8.41 |   8.36 |   8.49 |   5.87 |I I 
14:47-Sun-Apr-09-2017 PM10  |  15.82 |  14.09 |  16.50 |   8.80 |I I 
14:47-Sun-Apr-09-2017 PM2.5 |   8.31 |   8.36 |   8.49 |   5.87 |I I 
14:48-Sun-Apr-09-2017 PM10  |  15.82 |  14.18 |  16.50 |   8.80 |I I 
14:48-Sun-Apr-09-2017 PM2.5 |   8.31 |   8.36 |   8.49 |   5.87 |I I 
14:49-Sun-Apr-09-2017 PM10  |  12.96 |  14.12 |  16.50 |   8.80 |I I 
14:49-Sun-Apr-09-2017 PM2.5 |   8.28 |   8.35 |   8.49 |   5.87 |I I 
14:53-Sun-Apr-09-2017 PM10  |  13.28 |  14.08 |  16.50 |   8.80 |I I 
14:53-Sun-Apr-09-2017 PM2.5 |   8.33 |   8.35 |   8.49 |   5.87 |I I 
14:54-Sun-Apr-09-2017 PM10  |  13.73 |  14.07 |  16.50 |   8.80 |I I 
14:54-Sun-Apr-09-2017 PM2.5 |   7.88 |   8.33 |   8.49 |   5.87 |I I 
14:58-Sun-Apr-09-2017 PM10  |  12.60 |  14.01 |  16.50 |   8.80 |I I 
14:58-Sun-Apr-09-2017 PM2.5 |   8.00 |   8.32 |   8.49 |   5.87 |I I 
14:59-Sun-Apr-09-2017 PM10  |  10.68 |  13.87 |  16.50 |   8.80 |I I 
14:59-Sun-Apr-09-2017 PM2.5 |   7.93 |   8.30 |   8.49 |   5.87 |I I 
15:03-Sun-Apr-09-2017 PM10  |  11.31 |  13.77 |  16.50 |   8.80 |I I 
15:03-Sun-Apr-09-2017 PM2.5 |   8.43 |   8.31 |   8.49 |   5.87 |I I 
15:04-Sun-Apr-09-2017 PM10  |  11.90 |  11.90 |  16.50 |   8.80 |I I 
15:04-Sun-Apr-09-2017 PM2.5 |   7.97 |   7.97 |   8.49 |   5.87 |I I 
15:08-Sun-Apr-09-2017 PM10  |  12.92 |  12.41 |  16.50 |   8.80 |I I 
15:08-Sun-Apr-09-2017 PM2.5 |   8.28 |   8.13 |   8.49 |   5.87 |I I 
15:09-Sun-Apr-09-2017 PM10  |  10.55 |  11.79 |  16.50 |   8.80 |I I 
15:09-Sun-Apr-09-2017 PM2.5 |   7.57 |   7.94 |   8.49 |   5.87 |I I 
15:13-Sun-Apr-09-2017 PM10  |  12.70 |  12.02 |  16.50 |   8.80 |I I 
15:13-Sun-Apr-09-2017 PM2.5 |   7.94 |   7.94 |   8.49 |   5.87 |I I 
15:14-Sun-Apr-09-2017 PM10  |  12.70 |  12.15 |  16.50 |   8.80 |I I 
15:14-Sun-Apr-09-2017 PM2.5 |   7.94 |   7.94 |   8.49 |   5.87 |I I 
15:15-Sun-Apr-09-2017 PM10  |  11.04 |  11.97 |  16.50 |   8.80 |I I 
15:15-Sun-Apr-09-2017 PM2.5 |   7.65 |   7.89 |   8.49 |   5.87 |I I 
15:19-Sun-Apr-09-2017 PM10  |  14.60 |  12.35 |  16.50 |   8.80 |I I 
15:19-Sun-Apr-09-2017 PM2.5 |   8.37 |   7.96 |   8.49 |   5.87 |I I 
15:20-Sun-Apr-09-2017 PM10  |  10.86 |  12.16 |  16.50 |   8.80 |I I 
15:20-Sun-Apr-09-2017 PM2.5 |   7.87 |   7.95 |   8.49 |   5.87 |I I 
15:24-Sun-Apr-09-2017 PM10  |  11.61 |  12.10 |  16.50 |   8.80 |I I 
15:24-Sun-Apr-09-2017 PM2.5 |   8.00 |   7.96 |   8.49 |   5.87 |I I 
15:25-Sun-Apr-09-2017 PM10  |  15.27 |  12.42 |  16.50 |   8.80 |I I 
15:25-Sun-Apr-09-2017 PM2.5 |   8.35 |   8.00 |   8.49 |   5.87 |I I 
15:29-Sun-Apr-09-2017 PM10  |  11.70 |  12.35 |  16.50 |   8.80 |I I 
15:29-Sun-Apr-09-2017 PM2.5 |   8.02 |   8.00 |   8.49 |   5.87 |I I 
15:30-Sun-Apr-09-2017 PM10  |  11.39 |  12.27 |  16.50 |   8.80 |I I 
15:30-Sun-Apr-09-2017 PM2.5 |   7.46 |   7.95 |   8.49 |   5.87 |I I 
15:34-Sun-Apr-09-2017 PM10  |  12.72 |  12.31 |  16.50 |   8.80 |I I 
15:34-Sun-Apr-09-2017 PM2.5 |   7.81 |   7.94 |   8.49 |   5.87 |I I 
15:35-Sun-Apr-09-2017 PM10  |  12.50 |  12.32 |  16.50 |   8.80 |I I 
15:35-Sun-Apr-09-2017 PM2.5 |   7.87 |   7.94 |   8.49 |   5.87 |I I 
15:39-Sun-Apr-09-2017 PM10  |  11.15 |  12.24 |  16.50 |   8.80 |I I 
15:39-Sun-Apr-09-2017 PM2.5 |   7.73 |   7.92 |   8.49 |   5.87 |I I 
15:40-Sun-Apr-09-2017 PM10  |  11.15 |  12.17 |  16.50 |   8.80 |I I 
15:40-Sun-Apr-09-2017 PM2.5 |   7.73 |   7.91 |   8.49 |   5.87 |I I 
15:41-Sun-Apr-09-2017 PM10  |  12.68 |  12.20 |  16.50 |   8.80 |I I 
15:41-Sun-Apr-09-2017 PM2.5 |   7.61 |   7.89 |   8.49 |   5.87 |I I 
15:45-Sun-Apr-09-2017 PM10  |  11.06 |  12.14 |  16.50 |   8.80 |I I 
15:45-Sun-Apr-09-2017 PM2.5 |   7.27 |   7.86 |   8.49 |   5.87 |I I 
15:46-Sun-Apr-09-2017 PM10  |  12.51 |  12.16 |  16.50 |   8.80 |I I 
15:46-Sun-Apr-09-2017 PM2.5 |   7.48 |   7.84 |   8.49 |   5.87 |I I 
15:50-Sun-Apr-09-2017 PM10  |  12.79 |  12.19 |  16.50 |   8.80 |I I 
15:50-Sun-Apr-09-2017 PM2.5 |   7.61 |   7.83 |   8.49 |   5.87 |I I 
15:51-Sun-Apr-09-2017 PM10  |  12.98 |  12.23 |  16.50 |   8.80 |I I 
15:51-Sun-Apr-09-2017 PM2.5 |   7.56 |   7.81 |   8.49 |   5.87 |I I 
15:55-Sun-Apr-09-2017 PM10  |  11.36 |  12.19 |  16.50 |   8.80 |I I 
15:55-Sun-Apr-09-2017 PM2.5 |   7.36 |   7.79 |   8.49 |   5.87 |I I 
15:56-Sun-Apr-09-2017 PM10  |  11.88 |  12.18 |  16.50 |   8.80 |I I 
15:56-Sun-Apr-09-2017 PM2.5 |   7.47 |   7.78 |   8.49 |   5.87 |I I 
16:00-Sun-Apr-09-2017 PM10  |  12.46 |  12.19 |  16.50 |   8.80 |I I 
16:00-Sun-Apr-09-2017 PM2.5 |   7.32 |   7.76 |   8.49 |   5.87 |I I 
16:01-Sun-Apr-09-2017 PM10  |  11.95 |  11.95 |  16.50 |   8.80 |I I 
16:01-Sun-Apr-09-2017 PM2.5 |   7.14 |   7.14 |   8.49 |   5.87 |I I 
16:05-Sun-Apr-09-2017 PM10  |  12.89 |  12.42 |  16.50 |   8.80 |I I 
16:05-Sun-Apr-09-2017 PM2.5 |   7.40 |   7.27 |   8.49 |   5.87 |I I 
16:06-Sun-Apr-09-2017 PM10  |  10.84 |  11.89 |  16.50 |   8.80 |I I 
16:06-Sun-Apr-09-2017 PM2.5 |   7.10 |   7.22 |   8.49 |   5.87 |I I 
16:07-Sun-Apr-09-2017 PM10  |  10.84 |  11.63 |  16.50 |   8.80 |I I 
16:07-Sun-Apr-09-2017 PM2.5 |   7.10 |   7.19 |   8.49 |   5.87 |I I 
16:11-Sun-Apr-09-2017 PM10  |  12.67 |  11.84 |  16.50 |   8.80 |I I 
16:11-Sun-Apr-09-2017 PM2.5 |   7.41 |   7.23 |   8.49 |   5.87 |I I 
16:12-Sun-Apr-09-2017 PM10  |  12.81 |  12.00 |  16.50 |   8.80 |I I 
16:12-Sun-Apr-09-2017 PM2.5 |   7.54 |   7.28 |   8.49 |   5.87 |I I 
16:16-Sun-Apr-09-2017 PM10  |  10.54 |  11.79 |  16.50 |   8.80 |I I 
16:16-Sun-Apr-09-2017 PM2.5 |   7.07 |   7.25 |   8.49 |   5.87 |I I 
16:17-Sun-Apr-09-2017 PM10  |  12.18 |  11.84 |  16.50 |   8.80 |I I 
16:17-Sun-Apr-09-2017 PM2.5 |   7.64 |   7.30 |   8.49 |   5.87 |I I 
16:21-Sun-Apr-09-2017 PM10  |  12.37 |  11.90 |  16.50 |   8.80 |I I 
16:21-Sun-Apr-09-2017 PM2.5 |   7.65 |   7.34 |   8.49 |   5.87 |I I 
16:22-Sun-Apr-09-2017 PM10  |  104.82|  21.19 |  16.50 |   8.80 |I I 
16:22-Sun-Apr-09-2017 PM2.5 |  14.12 |   8.02 |   8.49 |   5.87 |I I 
16:26-Sun-Apr-09-2017 PM10  |  93.83 |  27.79 |  16.50 |   8.80 |I I 
16:26-Sun-Apr-09-2017 PM2.5 |  13.73 |   8.54 |   8.49 |   5.87 |I I 
16:27-Sun-Apr-09-2017 PM10  |  69.11 |  31.24 |  16.50 |   8.80 |I I 
16:27-Sun-Apr-09-2017 PM2.5 |  10.99 |   8.74 |   8.49 |   5.87 |I I 
16:31-Sun-Apr-09-2017 PM10  |  62.06 |  33.61 |  16.50 |   8.80 |I I 
16:31-Sun-Apr-09-2017 PM2.5 |  11.12 |   8.93 |   8.49 |   5.87 |I I 
16:32-Sun-Apr-09-2017 PM10  |  45.46 |  34.46 |  16.50 |   8.80 |I I 
16:32-Sun-Apr-09-2017 PM2.5 |  10.13 |   9.01 |   8.49 |   5.87 |I I 
16:33-Sun-Apr-09-2017 PM10  |  45.46 |  35.19 |  16.50 |   8.80 |I I 
16:33-Sun-Apr-09-2017 PM2.5 |  10.13 |   9.09 |   8.49 |   5.87 |I I 
16:37-Sun-Apr-09-2017 PM10  |  32.36 |  35.01 |  16.50 |   8.80 |I I 
16:37-Sun-Apr-09-2017 PM2.5 |  10.07 |   9.15 |   8.49 |   5.87 |I I 
16:38-Sun-Apr-09-2017 PM10  |  21.07 |  34.19 |  16.50 |   8.80 |I I 
16:38-Sun-Apr-09-2017 PM2.5 |   8.66 |   9.12 |   8.49 |   5.87 |I I 
16:42-Sun-Apr-09-2017 PM10  |  24.62 |  33.66 |  16.50 |   8.80 |I I 
16:42-Sun-Apr-09-2017 PM2.5 |   9.40 |   9.14 |   8.49 |   5.87 |I I 
16:43-Sun-Apr-09-2017 PM10  |  29.77 |  33.46 |  16.50 |   8.80 |I I 
16:43-Sun-Apr-09-2017 PM2.5 |   9.09 |   9.13 |   8.49 |   5.87 |I I 
16:47-Sun-Apr-09-2017 PM10  |  25.05 |  33.04 |  16.50 |   8.80 |I I 
16:47-Sun-Apr-09-2017 PM2.5 |   9.12 |   9.13 |   8.49 |   5.87 |I I 
16:48-Sun-Apr-09-2017 PM10  |  23.19 |  32.57 |  16.50 |   8.80 |I I 
16:48-Sun-Apr-09-2017 PM2.5 |   8.67 |   9.11 |   8.49 |   5.87 |I I 
16:52-Sun-Apr-09-2017 PM10  |  21.25 |  32.05 |  16.50 |   8.80 |I I 
16:52-Sun-Apr-09-2017 PM2.5 |   8.73 |   9.09 |   8.49 |   5.87 |I I 
16:53-Sun-Apr-09-2017 PM10  |  18.04 |  31.44 |  16.50 |   8.80 |I I 
16:53-Sun-Apr-09-2017 PM2.5 |   8.47 |   9.07 |   8.49 |   5.87 |I I 
16:57-Sun-Apr-09-2017 PM10  |  19.15 |  30.93 |  16.50 |   8.80 |I I 
16:57-Sun-Apr-09-2017 PM2.5 |   9.00 |   9.06 |   8.49 |   5.87 |I I 
16:59-Sun-Apr-09-2017 PM10  |  13.67 |  30.24 |  16.50 |   8.80 |I I 
16:59-Sun-Apr-09-2017 PM2.5 |   7.86 |   9.02 |   8.49 |   5.87 |I I 
17:00-Sun-Apr-09-2017 PM10  |  13.67 |  29.60 |  29.60 |   8.80 |I I 
17:00-Sun-Apr-09-2017 PM2.5 |   7.86 |   8.97 |   8.97 |   5.87 |I I 
17:04-Sun-Apr-09-2017 PM10  |  16.08 |  16.08 |  29.60 |   8.80 |I I 
17:04-Sun-Apr-09-2017 PM2.5 |   8.22 |   8.22 |   8.97 |   5.87 |I I 
17:05-Sun-Apr-09-2017 PM10  |  16.74 |  16.41 |  29.60 |   8.80 |I I 
17:05-Sun-Apr-09-2017 PM2.5 |   8.02 |   8.12 |   8.97 |   5.87 |I I 
17:09-Sun-Apr-09-2017 PM10  |  15.58 |  16.13 |  29.60 |   8.80 |I I 
17:09-Sun-Apr-09-2017 PM2.5 |   8.29 |   8.18 |   8.97 |   5.87 |I I 
17:10-Sun-Apr-09-2017 PM10  |  15.39 |  15.94 |  29.60 |   8.80 |I I 
17:10-Sun-Apr-09-2017 PM2.5 |   7.84 |   8.09 |   8.97 |   5.87 |I I 
17:14-Sun-Apr-09-2017 PM10  |  12.20 |  15.20 |  29.60 |   8.80 |I I 
17:14-Sun-Apr-09-2017 PM2.5 |   8.06 |   8.09 |   8.97 |   5.87 |I I 
17:15-Sun-Apr-09-2017 PM10  |  18.73 |  15.78 |  29.60 |   8.80 |I I 
17:15-Sun-Apr-09-2017 PM2.5 |   8.18 |   8.10 |   8.97 |   5.87 |I I 
17:19-Sun-Apr-09-2017 PM10  |  14.99 |  15.67 |  29.60 |   8.80 |I I 
17:19-Sun-Apr-09-2017 PM2.5 |   7.69 |   8.04 |   8.97 |   5.87 |I I 
17:20-Sun-Apr-09-2017 PM10  |  16.31 |  15.75 |  29.60 |   8.80 |I I 
17:20-Sun-Apr-09-2017 PM2.5 |   7.90 |   8.02 |   8.97 |   5.87 |I I 
17:24-Sun-Apr-09-2017 PM10  |  16.19 |  15.80 |  29.60 |   8.80 |I I 
17:24-Sun-Apr-09-2017 PM2.5 |   8.18 |   8.04 |   8.97 |   5.87 |I I 
17:25-Sun-Apr-09-2017 PM10  |  16.08 |  15.83 |  29.60 |   8.80 |I I 
17:25-Sun-Apr-09-2017 PM2.5 |   7.90 |   8.03 |   8.97 |   5.87 |I I 
17:26-Sun-Apr-09-2017 PM10  |  16.08 |  15.85 |  29.60 |   8.80 |I I 
17:26-Sun-Apr-09-2017 PM2.5 |   7.90 |   8.02 |   8.97 |   5.87 |I I 
17:30-Sun-Apr-09-2017 PM10  |  13.33 |  15.64 |  29.60 |   8.80 |I B 
17:30-Sun-Apr-09-2017 PM2.5 |   8.26 |   8.04 |   8.97 |   5.87 |I B 
17:31-Sun-Apr-09-2017recover dati per host :92.223.147.77/nodered
17:31-Sun-Apr-09-2017 PM10  |  16.01 |  15.67 |  29.60 |   8.80 |I I 
17:31-Sun-Apr-09-2017 PM2.5 |   7.84 |   8.02 |   8.97 |   5.87 |I I 
17:35-Sun-Apr-09-2017 PM10  |  11.02 |  15.34 |  29.60 |   8.80 |I I 
17:35-Sun-Apr-09-2017 PM2.5 |   7.67 |   8.00 |   8.97 |   5.87 |I I 
17:36-Sun-Apr-09-2017 PM10  |  11.94 |  15.11 |  29.60 |   8.80 |I I 
17:36-Sun-Apr-09-2017 PM2.5 |   7.39 |   7.96 |   8.97 |   5.87 |I I 
17:40-Sun-Apr-09-2017 PM10  |  11.87 |  14.91 |  29.60 |   8.80 |I I 
17:40-Sun-Apr-09-2017 PM2.5 |   7.66 |   7.94 |   8.97 |   5.87 |I I 
17:41-Sun-Apr-09-2017 PM10  |  11.21 |  14.69 |  29.60 |   8.80 |I I 
17:41-Sun-Apr-09-2017 PM2.5 |   7.52 |   7.91 |   8.97 |   5.87 |I I 
17:45-Sun-Apr-09-2017 PM10  |  11.33 |  14.50 |  29.60 |   8.80 |I I 
17:45-Sun-Apr-09-2017 PM2.5 |   7.45 |   7.89 |   8.97 |   5.87 |I I 
17:46-Sun-Apr-09-2017 PM10  |  12.72 |  14.41 |  29.60 |   8.80 |I I 
17:46-Sun-Apr-09-2017 PM2.5 |   7.41 |   7.86 |   8.97 |   5.87 |I I 
17:50-Sun-Apr-09-2017 PM10  |  11.48 |  14.26 |  29.60 |   8.80 |I I 
17:50-Sun-Apr-09-2017 PM2.5 |   7.43 |   7.84 |   8.97 |   5.87 |I I 
17:51-Sun-Apr-09-2017 PM10  |  12.28 |  14.17 |  29.60 |   8.80 |I I 
17:51-Sun-Apr-09-2017 PM2.5 |   7.13 |   7.81 |   8.97 |   5.87 |I I 
17:52-Sun-Apr-09-2017 PM10  |  12.28 |  14.08 |  29.60 |   8.80 |I I 
17:52-Sun-Apr-09-2017 PM2.5 |   7.13 |   7.78 |   8.97 |   5.87 |I I 
17:56-Sun-Apr-09-2017 PM10  |  12.18 |  14.00 |  29.60 |   8.80 |I I 
17:56-Sun-Apr-09-2017 PM2.5 |   7.50 |   7.76 |   8.97 |   5.87 |I I 
17:57-Sun-Apr-09-2017 PM10  |  12.61 |  13.94 |  29.60 |   8.80 |I I 
17:57-Sun-Apr-09-2017 PM2.5 |   7.42 |   7.75 |   8.97 |   5.87 |I I 
18:01-Sun-Apr-09-2017 PM10  |  11.75 |  13.85 |  29.60 |   8.80 |I I 
18:01-Sun-Apr-09-2017 PM2.5 |   7.38 |   7.74 |   8.97 |   5.87 |I I 
18:02-Sun-Apr-09-2017 PM10  |  11.21 |  11.21 |  29.60 |   8.80 |I I 
18:02-Sun-Apr-09-2017 PM2.5 |   7.24 |   7.24 |   8.97 |   5.87 |I I 
18:06-Sun-Apr-09-2017 PM10  |  11.06 |  11.13 |  29.60 |   8.80 |I I 
18:06-Sun-Apr-09-2017 PM2.5 |   7.18 |   7.21 |   8.97 |   5.87 |I I 
18:07-Sun-Apr-09-2017 PM10  |  13.91 |  12.06 |  29.60 |   8.80 |I I 
18:07-Sun-Apr-09-2017 PM2.5 |   7.26 |   7.22 |   8.97 |   5.87 |I I 
18:11-Sun-Apr-09-2017 PM10  |  12.23 |  12.10 |  29.60 |   8.80 |I I 
18:11-Sun-Apr-09-2017 PM2.5 |   7.73 |   7.35 |   8.97 |   5.87 |I I 
18:12-Sun-Apr-09-2017 PM10  |  10.78 |  11.84 |  29.60 |   8.80 |I I 
18:12-Sun-Apr-09-2017 PM2.5 |   7.13 |   7.31 |   8.97 |   5.87 |I I 
18:16-Sun-Apr-09-2017 PM10  |  12.39 |  11.93 |  29.60 |   8.80 |I I 
18:16-Sun-Apr-09-2017 PM2.5 |   7.42 |   7.32 |   8.97 |   5.87 |I I 
18:17-Sun-Apr-09-2017 PM10  |  14.01 |  12.23 |  29.60 |   8.80 |I I 
18:17-Sun-Apr-09-2017 PM2.5 |   7.40 |   7.33 |   8.97 |   5.87 |I I 
18:18-Sun-Apr-09-2017 PM10  |  14.01 |  12.45 |  29.60 |   8.80 |I I 
18:18-Sun-Apr-09-2017 PM2.5 |   7.40 |   7.34 |   8.97 |   5.87 |I I 
18:22-Sun-Apr-09-2017 PM10  |  15.21 |  12.76 |  29.60 |   8.80 |I I 
18:22-Sun-Apr-09-2017 PM2.5 |   7.89 |   7.40 |   8.97 |   5.87 |I I 
18:23-Sun-Apr-09-2017 PM10  |  10.40 |  12.52 |  29.60 |   8.80 |I I 
18:23-Sun-Apr-09-2017 PM2.5 |   7.16 |   7.38 |   8.97 |   5.87 |I I 
18:27-Sun-Apr-09-2017 PM10  |  10.33 |  12.32 |  29.60 |   8.80 |I I 
18:27-Sun-Apr-09-2017 PM2.5 |   7.16 |   7.36 |   8.97 |   5.87 |I I 
18:28-Sun-Apr-09-2017 PM10  |  13.45 |  12.42 |  29.60 |   8.80 |I I 
18:28-Sun-Apr-09-2017 PM2.5 |   7.69 |   7.39 |   8.97 |   5.87 |I I 
18:32-Sun-Apr-09-2017 PM10  |  12.70 |  12.44 |  29.60 |   8.80 |I I 
18:32-Sun-Apr-09-2017 PM2.5 |   7.68 |   7.41 |   8.97 |   5.87 |I I 
18:33-Sun-Apr-09-2017 PM10  |  11.78 |  12.39 |  29.60 |   8.80 |I I 
18:33-Sun-Apr-09-2017 PM2.5 |   7.29 |   7.40 |   8.97 |   5.87 |I I 
18:37-Sun-Apr-09-2017 PM10  |  11.55 |  12.34 |  29.60 |   8.80 |I I 
18:37-Sun-Apr-09-2017 PM2.5 |   7.21 |   7.39 |   8.97 |   5.87 |I I 
18:38-Sun-Apr-09-2017 PM10  |  12.98 |  12.38 |  29.60 |   8.80 |I I 
18:38-Sun-Apr-09-2017 PM2.5 |   7.28 |   7.38 |   8.97 |   5.87 |I I 
18:42-Sun-Apr-09-2017 PM10  |  13.99 |  12.47 |  29.60 |   8.80 |I I 
18:42-Sun-Apr-09-2017 PM2.5 |   7.40 |   7.38 |   8.97 |   5.87 |I I 
18:43-Sun-Apr-09-2017 PM10  |  10.89 |  12.38 |  29.60 |   8.80 |I I 
18:43-Sun-Apr-09-2017 PM2.5 |   7.38 |   7.38 |   8.97 |   5.87 |I I 
18:44-Sun-Apr-09-2017 PM10  |  10.89 |  12.30 |  29.60 |   8.80 |I I 
18:44-Sun-Apr-09-2017 PM2.5 |   7.38 |   7.38 |   8.97 |   5.87 |I I 
18:48-Sun-Apr-09-2017 PM10  |  11.26 |  12.25 |  29.60 |   8.80 |I I 
18:48-Sun-Apr-09-2017 PM2.5 |   7.27 |   7.38 |   8.97 |   5.87 |I I 
18:49-Sun-Apr-09-2017 PM10  |  11.65 |  12.22 |  29.60 |   8.80 |I I 
18:49-Sun-Apr-09-2017 PM2.5 |   6.99 |   7.36 |   8.97 |   5.87 |I I 
18:53-Sun-Apr-09-2017 PM10  |  11.21 |  12.18 |  29.60 |   8.80 |I I 
18:53-Sun-Apr-09-2017 PM2.5 |   7.42 |   7.36 |   8.97 |   5.87 |I I 
18:54-Sun-Apr-09-2017 PM10  |  13.49 |  12.23 |  29.60 |   8.80 |I I 
18:54-Sun-Apr-09-2017 PM2.5 |   7.12 |   7.35 |   8.97 |   5.87 |I I 
18:58-Sun-Apr-09-2017 PM10  |  14.48 |  12.33 |  29.60 |   8.80 |I I 
18:58-Sun-Apr-09-2017 PM2.5 |   7.33 |   7.35 |   8.97 |   5.87 |I I 
18:59-Sun-Apr-09-2017 PM10  |  13.82 |  12.39 |  29.60 |   8.80 |I I 
18:59-Sun-Apr-09-2017 PM2.5 |   7.16 |   7.34 |   8.97 |   5.87 |I I 
19:03-Sun-Apr-09-2017 PM10  |  11.06 |  12.34 |  29.60 |   8.80 |I I 
19:03-Sun-Apr-09-2017 PM2.5 |   7.03 |   7.33 |   8.97 |   5.87 |I I 
19:04-Sun-Apr-09-2017 PM10  |  12.31 |  12.31 |  29.60 |   8.80 |I I 
19:04-Sun-Apr-09-2017 PM2.5 |   7.17 |   7.17 |   8.97 |   5.87 |I I 
19:08-Sun-Apr-09-2017 PM10  |  10.69 |  11.50 |  29.60 |   8.80 |I I 
19:08-Sun-Apr-09-2017 PM2.5 |   7.43 |   7.30 |   8.97 |   5.87 |I I 
19:09-Sun-Apr-09-2017 PM10  |  11.36 |  11.45 |  29.60 |   8.80 |I I 
19:09-Sun-Apr-09-2017 PM2.5 |   6.91 |   7.17 |   8.97 |   5.87 |I I 
19:10-Sun-Apr-09-2017 PM10  |  11.36 |  11.43 |  29.60 |   8.80 |I I 
19:10-Sun-Apr-09-2017 PM2.5 |   6.91 |   7.10 |   8.97 |   5.87 |I I 
19:14-Sun-Apr-09-2017 PM10  |  11.85 |  11.51 |  29.60 |   8.80 |I I 
19:14-Sun-Apr-09-2017 PM2.5 |   6.75 |   7.03 |   8.97 |   5.87 |I I 
19:15-Sun-Apr-09-2017 PM10  |  11.77 |  11.56 |  29.60 |   8.80 |I I 
19:15-Sun-Apr-09-2017 PM2.5 |   7.14 |   7.05 |   8.97 |   5.87 |I I 
19:19-Sun-Apr-09-2017 PM10  |  12.15 |  11.64 |  29.60 |   8.80 |I I 
19:19-Sun-Apr-09-2017 PM2.5 |   7.26 |   7.08 |   8.97 |   5.87 |I I 
19:20-Sun-Apr-09-2017 PM10  |  11.01 |  11.56 |  29.60 |   8.80 |I I 
19:20-Sun-Apr-09-2017 PM2.5 |   6.69 |   7.03 |   8.97 |   5.87 |I I 
19:24-Sun-Apr-09-2017 PM10  |  12.95 |  11.72 |  29.60 |   8.80 |I I 
19:24-Sun-Apr-09-2017 PM2.5 |   6.92 |   7.02 |   8.97 |   5.87 |I I 
19:25-Sun-Apr-09-2017 PM10  |  10.80 |  11.62 |  29.60 |   8.80 |I I 
19:25-Sun-Apr-09-2017 PM2.5 |   7.10 |   7.03 |   8.97 |   5.87 |I I 
19:29-Sun-Apr-09-2017 PM10  |   9.78 |  11.46 |  29.60 |   8.80 |I I 
19:29-Sun-Apr-09-2017 PM2.5 |   6.60 |   6.99 |   8.97 |   5.87 |I I 
19:30-Sun-Apr-09-2017 PM10  |  11.21 |  11.44 |  29.60 |   8.80 |I I 
19:30-Sun-Apr-09-2017 PM2.5 |   7.16 |   7.00 |   8.97 |   5.87 |I I 
19:34-Sun-Apr-09-2017 PM10  |  13.19 |  11.57 |  29.60 |   8.80 |I I 
19:34-Sun-Apr-09-2017 PM2.5 |   7.13 |   7.01 |   8.97 |   5.87 |I I 
19:35-Sun-Apr-09-2017 PM10  |   9.81 |  11.45 |  29.60 |   8.80 |I I 
19:35-Sun-Apr-09-2017 PM2.5 |   6.62 |   6.99 |   8.97 |   5.87 |I I 
19:36-Sun-Apr-09-2017 PM10  |   9.81 |  11.34 |  29.60 |   8.80 |I I 
19:36-Sun-Apr-09-2017 PM2.5 |   6.62 |   6.96 |   8.97 |   5.87 |I I 
19:40-Sun-Apr-09-2017 PM10  |  11.05 |  11.32 |  29.60 |   8.80 |I I 
19:40-Sun-Apr-09-2017 PM2.5 |   6.60 |   6.94 |   8.97 |   5.87 |I I 
19:41-Sun-Apr-09-2017 PM10  |  11.23 |  11.31 |  29.60 |   8.80 |I I 
19:41-Sun-Apr-09-2017 PM2.5 |   6.72 |   6.92 |   8.97 |   5.87 |I I 
19:45-Sun-Apr-09-2017 PM10  |  11.66 |  11.33 |  29.60 |   8.80 |I I 
19:45-Sun-Apr-09-2017 PM2.5 |   6.69 |   6.91 |   8.97 |   5.87 |I I 
19:46-Sun-Apr-09-2017 PM10  |  13.16 |  11.43 |  29.60 |   8.80 |I I 
19:46-Sun-Apr-09-2017 PM2.5 |   6.94 |   6.91 |   8.97 |   5.87 |I I 
19:50-Sun-Apr-09-2017 PM10  |  10.94 |  11.40 |  29.60 |   8.80 |I I 
19:50-Sun-Apr-09-2017 PM2.5 |   7.05 |   6.92 |   8.97 |   5.87 |I I 
19:51-Sun-Apr-09-2017 PM10  |   9.88 |  11.33 |  29.60 |   8.80 |I I 
19:51-Sun-Apr-09-2017 PM2.5 |   6.47 |   6.90 |   8.97 |   5.87 |I I 
19:55-Sun-Apr-09-2017 PM10  |  14.57 |  11.48 |  29.60 |   8.80 |I I 
19:55-Sun-Apr-09-2017 PM2.5 |   6.84 |   6.90 |   8.97 |   5.87 |I I 
19:56-Sun-Apr-09-2017 PM10  |  10.67 |  11.44 |  29.60 |   8.80 |I I 
19:56-Sun-Apr-09-2017 PM2.5 |   6.60 |   6.88 |   8.97 |   5.87 |I I 
20:00-Sun-Apr-09-2017 PM10  |  13.36 |  11.52 |  29.60 |   8.80 |I I 
20:00-Sun-Apr-09-2017 PM2.5 |   7.01 |   6.89 |   8.97 |   5.87 |I I 
20:01-Sun-Apr-09-2017 PM10  |   9.90 |   9.90 |  29.60 |   8.80 |I I 
20:01-Sun-Apr-09-2017 PM2.5 |   6.32 |   6.32 |   8.97 |   5.87 |I I 
20:02-Sun-Apr-09-2017 PM10  |   9.90 |   9.90 |  29.60 |   8.80 |I I 
20:02-Sun-Apr-09-2017 PM2.5 |   6.32 |   6.32 |   8.97 |   5.87 |I I 
20:07-Sun-Apr-09-2017 PM10  |  14.31 |  11.37 |  29.60 |   8.80 |I I 
20:07-Sun-Apr-09-2017 PM2.5 |   6.78 |   6.48 |   8.97 |   5.87 |I I 
20:08-Sun-Apr-09-2017 PM10  |  10.03 |  11.04 |  29.60 |   8.80 |I I 
20:08-Sun-Apr-09-2017 PM2.5 |   6.33 |   6.44 |   8.97 |   5.87 |I I 
20:12-Sun-Apr-09-2017 PM10  |  12.29 |  11.29 |  29.60 |   8.80 |I I 
20:12-Sun-Apr-09-2017 PM2.5 |   6.78 |   6.51 |   8.97 |   5.87 |I I 
20:13-Sun-Apr-09-2017 PM10  |  11.00 |  11.24 |  29.60 |   8.80 |I I 
20:13-Sun-Apr-09-2017 PM2.5 |   6.56 |   6.52 |   8.97 |   5.87 |I I 
20:17-Sun-Apr-09-2017 PM10  |   9.78 |  11.03 |  29.60 |   8.80 |I I 
20:17-Sun-Apr-09-2017 PM2.5 |   6.70 |   6.54 |   8.97 |   5.87 |I I 
20:18-Sun-Apr-09-2017 PM10  |  11.12 |  11.04 |  29.60 |   8.80 |I I 
20:18-Sun-Apr-09-2017 PM2.5 |   6.16 |   6.50 |   8.97 |   5.87 |I I 
20:22-Sun-Apr-09-2017 PM10  |  10.83 |  11.02 |  29.60 |   8.80 |I I 
20:22-Sun-Apr-09-2017 PM2.5 |   6.54 |   6.50 |   8.97 |   5.87 |I I 
20:23-Sun-Apr-09-2017 PM10  |  10.92 |  11.01 |  29.60 |   8.80 |I I 
20:23-Sun-Apr-09-2017 PM2.5 |   6.62 |   6.51 |   8.97 |   5.87 |I I 
20:27-Sun-Apr-09-2017 PM10  |  10.18 |  10.93 |  29.60 |   8.80 |I I 
20:27-Sun-Apr-09-2017 PM2.5 |   6.44 |   6.51 |   8.97 |   5.87 |I I 
20:28-Sun-Apr-09-2017 PM10  |   9.91 |  10.85 |  29.60 |   8.80 |I I 
20:28-Sun-Apr-09-2017 PM2.5 |   6.63 |   6.52 |   8.97 |   5.87 |I I 
20:29-Sun-Apr-09-2017 PM10  |   9.91 |  10.78 |  29.60 |   8.80 |I I 
20:29-Sun-Apr-09-2017 PM2.5 |   6.63 |   6.53 |   8.97 |   5.87 |I I 
20:33-Sun-Apr-09-2017 PM10  |  11.90 |  10.86 |  29.60 |   8.80 |I I 
20:33-Sun-Apr-09-2017 PM2.5 |   6.86 |   6.55 |   8.97 |   5.87 |I I 
20:34-Sun-Apr-09-2017 PM10  |  10.13 |  10.81 |  29.60 |   8.80 |I I 
20:34-Sun-Apr-09-2017 PM2.5 |   6.40 |   6.54 |   8.97 |   5.87 |I I 
20:38-Sun-Apr-09-2017 PM10  |  13.09 |  10.95 |  29.60 |   8.80 |I I 
20:38-Sun-Apr-09-2017 PM2.5 |   6.95 |   6.56 |   8.97 |   5.87 |I I 
20:39-Sun-Apr-09-2017 PM10  |  11.98 |  11.01 |  29.60 |   8.80 |I I 
20:39-Sun-Apr-09-2017 PM2.5 |   6.64 |   6.57 |   8.97 |   5.87 |I I 
20:43-Sun-Apr-09-2017 PM10  |  10.84 |  11.00 |  29.60 |   8.80 |I I 
20:43-Sun-Apr-09-2017 PM2.5 |   6.67 |   6.57 |   8.97 |   5.87 |I I 
20:44-Sun-Apr-09-2017 PM10  |  15.83 |  11.26 |  29.60 |   8.80 |I I 
20:44-Sun-Apr-09-2017 PM2.5 |   7.88 |   6.64 |   8.97 |   5.87 |I I 
20:48-Sun-Apr-09-2017 PM10  |  20.42 |  11.71 |  29.60 |   8.80 |I I 
20:48-Sun-Apr-09-2017 PM2.5 |  10.39 |   6.83 |   8.97 |   5.87 |I I 
20:49-Sun-Apr-09-2017 PM10  |  146.21|  18.12 |  29.60 |   8.80 |I I 
20:49-Sun-Apr-09-2017 PM2.5 |  53.36 |   9.05 |   8.97 |   5.87 |I I 
20:53-Sun-Apr-09-2017 PM10  |  195.58|  26.18 |  29.60 |   8.80 |I I 
20:53-Sun-Apr-09-2017 PM2.5 |  73.10 |  11.96 |   8.97 |   5.87 |I I 
20:54-Sun-Apr-09-2017 PM10  |  458.45|  44.98 |  29.60 |   8.80 |I I 
20:54-Sun-Apr-09-2017 PM2.5 |  199.20|  20.10 |   8.97 |   5.87 |I I 
20:55-Sun-Apr-09-2017 PM10  |  458.45|  62.21 |  29.60 |   8.80 |I I 
20:55-Sun-Apr-09-2017 PM2.5 |  199.20|  27.56 |   8.97 |   5.87 |I I 
20:59-Sun-Apr-09-2017 PM10  |  556.90|  81.99 |  29.60 |   8.80 |I I 
20:59-Sun-Apr-09-2017 PM2.5 |  255.19|  36.67 |   8.97 |   5.87 |I I 
21:00-Sun-Apr-09-2017 PM10  |  812.62|  110.10|  110.10|   8.80 |I I 
21:00-Sun-Apr-09-2017 PM2.5 |  388.83|  50.21 |  50.21 |   5.87 |I I 
21:04-Sun-Apr-09-2017 PM10  |  876.58|  876.58|  110.10|   8.80 |I I 
21:04-Sun-Apr-09-2017 PM2.5 |  431.08|  431.08|  50.21 |   5.87 |I I 
21:05-Sun-Apr-09-2017 PM10  |  969.97|  923.28|  110.10|   8.80 |I I 
21:05-Sun-Apr-09-2017 PM2.5 |  477.80|  454.44|  50.21 |   5.87 |I I 
21:09-Sun-Apr-09-2017 PM10  |  980.18|  942.25|  110.10|   8.80 |I I 
21:09-Sun-Apr-09-2017 PM2.5 |  494.79|  467.89|  50.21 |   5.87 |I I 
21:10-Sun-Apr-09-2017 PM10  |  982.24|  952.24|  110.10|   8.80 |I I 
21:10-Sun-Apr-09-2017 PM2.5 |  483.82|  471.87|  50.21 |   5.87 |I I 
21:14-Sun-Apr-09-2017 PM10  |  991.63|  960.12|  110.10|   8.80 |I I 
21:14-Sun-Apr-09-2017 PM2.5 |  495.03|  476.50|  50.21 |   5.87 |I I 
21:15-Sun-Apr-09-2017 PM10  |  929.02|  954.94|  110.10|   8.80 |I I 
21:15-Sun-Apr-09-2017 PM2.5 |  453.65|  472.70|  50.21 |   5.87 |I I 
21:19-Sun-Apr-09-2017 PM10  |  901.77|  947.34|  110.10|   8.80 |I I 
21:19-Sun-Apr-09-2017 PM2.5 |  455.83|  470.29|  50.21 |   5.87 |I I 
21:20-Sun-Apr-09-2017 PM10  |  821.44|  931.61|  110.10|   8.80 |I I 
21:20-Sun-Apr-09-2017 PM2.5 |  408.81|  462.60|  50.21 |   5.87 |I I 
21:21-Sun-Apr-09-2017 PM10  |  821.44|  919.36|  110.10|   8.80 |I I 
21:21-Sun-Apr-09-2017 PM2.5 |  408.81|  456.62|  50.21 |   5.87 |I I 
21:25-Sun-Apr-09-2017 PM10  |  848.46|  912.27|  110.10|   8.80 |I I 
21:25-Sun-Apr-09-2017 PM2.5 |  431.23|  454.08|  50.21 |   5.87 |I I 
21:26-Sun-Apr-09-2017 PM10  |  762.04|  898.62|  110.10|   8.80 |I I 
21:26-Sun-Apr-09-2017 PM2.5 |  379.25|  447.28|  50.21 |   5.87 |I I 
21:30-Sun-Apr-09-2017 PM10  |  775.76|  888.38|  110.10|   8.80 |I I 
21:30-Sun-Apr-09-2017 PM2.5 |  390.08|  442.52|  50.21 |   5.87 |I I 
21:31-Sun-Apr-09-2017 PM10  |  707.32|  874.45|  110.10|   8.80 |I I 
21:31-Sun-Apr-09-2017 PM2.5 |  350.81|  435.46|  50.21 |   5.87 |I I 
21:35-Sun-Apr-09-2017 PM10  |  719.27|  863.37|  110.10|   8.80 |I I 
21:35-Sun-Apr-09-2017 PM2.5 |  360.67|  430.12|  50.21 |   5.87 |I I 
21:36-Sun-Apr-09-2017 PM10  |  650.98|  849.21|  110.10|   8.80 |I I 
21:36-Sun-Apr-09-2017 PM2.5 |  324.53|  423.08|  50.21 |   5.87 |I I 
21:40-Sun-Apr-09-2017 PM10  |  628.51|  835.41|  110.10|   8.80 |I I 
21:40-Sun-Apr-09-2017 PM2.5 |  323.48|  416.85|  50.21 |   5.87 |I I 
21:41-Sun-Apr-09-2017 PM10  |  585.23|  820.70|  110.10|   8.80 |I I 
21:41-Sun-Apr-09-2017 PM2.5 |  283.13|  408.99|  50.21 |   5.87 |I I 
21:45-Sun-Apr-09-2017 PM10  |  568.51|  806.69|  110.10|   8.80 |I I 
21:45-Sun-Apr-09-2017 PM2.5 |  285.69|  402.14|  50.21 |   5.87 |I I 
21:46-Sun-Apr-09-2017 PM10  |  483.31|  789.67|  110.10|   8.80 |I I 
21:46-Sun-Apr-09-2017 PM2.5 |  235.98|  393.39|  50.21 |   5.87 |I I 
21:50-Sun-Apr-09-2017 PM10  |  497.20|  775.04|  110.10|   8.80 |I I 
21:50-Sun-Apr-09-2017 PM2.5 |  242.14|  385.83|  50.21 |   5.87 |I I 
21:51-Sun-Apr-09-2017 PM10  |  497.20|  761.81|  110.10|   8.80 |I I 
21:51-Sun-Apr-09-2017 PM2.5 |  242.14|  378.99|  50.21 |   5.87 |I I 
21:52-Sun-Apr-09-2017 PM10  |  415.81|  746.09|  110.10|   8.80 |I I 
21:52-Sun-Apr-09-2017 PM2.5 |  195.71|  370.66|  50.21 |   5.87 |I I 
21:56-Sun-Apr-09-2017 PM10  |  400.58|  731.06|  110.10|   8.80 |I I 
21:56-Sun-Apr-09-2017 PM2.5 |  190.61|  362.83|  50.21 |   5.87 |I I 
21:57-Sun-Apr-09-2017 PM10  |  425.14|  718.32|  110.10|   8.80 |I I 
21:57-Sun-Apr-09-2017 PM2.5 |  199.44|  356.02|  50.21 |   5.87 |I I 
22:01-Sun-Apr-09-2017 PM10  |  422.18|  706.47|  706.47|   8.80 |I I 
22:01-Sun-Apr-09-2017 PM2.5 |  208.40|  350.12|  350.12|   5.87 |I I 
22:02-Sun-Apr-09-2017 PM10  |  454.19|  454.19|  706.47|   8.80 |I I 
22:02-Sun-Apr-09-2017 PM2.5 |  217.67|  217.67|  350.12|   5.87 |I I 
22:06-Sun-Apr-09-2017 PM10  |  458.58|  456.39|  706.47|   8.80 |I I 
22:06-Sun-Apr-09-2017 PM2.5 |  230.61|  224.14|  350.12|   5.87 |I I 
22:07-Sun-Apr-09-2017 PM10  |  432.85|  448.54|  706.47|   8.80 |I I 
22:07-Sun-Apr-09-2017 PM2.5 |  211.92|  220.07|  350.12|   5.87 |I I 
22:11-Sun-Apr-09-2017 PM10  |  411.67|  439.33|  706.47|   8.80 |I I 
22:11-Sun-Apr-09-2017 PM2.5 |  195.01|  213.80|  350.12|   5.87 |I I 
22:12-Sun-Apr-09-2017 PM10  |  348.12|  421.08|  706.47|   8.80 |I I 
22:12-Sun-Apr-09-2017 PM2.5 |  161.50|  203.34|  350.12|   5.87 |I I 
22:16-Sun-Apr-09-2017 PM10  |  332.09|  406.25|  706.47|   8.80 |I I 
22:16-Sun-Apr-09-2017 PM2.5 |  157.20|  195.65|  350.12|   5.87 |I I 
22:17-Sun-Apr-09-2017 PM10  |  332.09|  395.66|  706.47|   8.80 |I I 
22:17-Sun-Apr-09-2017 PM2.5 |  157.20|  190.16|  350.12|   5.87 |I I 
22:18-Sun-Apr-09-2017 PM10  |  301.48|  383.89|  706.47|   8.80 |I I 
22:18-Sun-Apr-09-2017 PM2.5 |  139.14|  183.78|  350.12|   5.87 |I I 
22:22-Sun-Apr-09-2017 PM10  |  311.53|  375.85|  706.47|   8.80 |I I 
22:22-Sun-Apr-09-2017 PM2.5 |  144.65|  179.43|  350.12|   5.87 |I I 
22:23-Sun-Apr-09-2017 PM10  |  300.19|  368.28|  706.47|   8.80 |I I 
22:23-Sun-Apr-09-2017 PM2.5 |  134.86|  174.98|  350.12|   5.87 |I I 
22:27-Sun-Apr-09-2017 PM10  |  320.21|  363.91|  706.47|   8.80 |I I 
22:27-Sun-Apr-09-2017 PM2.5 |  148.34|  172.55|  350.12|   5.87 |I I 
22:28-Sun-Apr-09-2017 PM10  |  320.93|  360.33|  706.47|   8.80 |I I 
22:28-Sun-Apr-09-2017 PM2.5 |  149.80|  170.66|  350.12|   5.87 |I I 
22:32-Sun-Apr-09-2017 PM10  |  338.07|  358.62|  706.47|   8.80 |I I 
22:32-Sun-Apr-09-2017 PM2.5 |  156.00|  169.53|  350.12|   5.87 |I I 
22:33-Sun-Apr-09-2017 PM10  |  324.51|  356.18|  706.47|   8.80 |I I 
22:33-Sun-Apr-09-2017 PM2.5 |  150.23|  168.15|  350.12|   5.87 |I I 
22:37-Sun-Apr-09-2017 PM10  |  317.43|  353.60|  706.47|   8.80 |I I 
22:37-Sun-Apr-09-2017 PM2.5 |  151.95|  167.07|  350.12|   5.87 |I I 
22:38-Sun-Apr-09-2017 PM10  |  306.07|  350.63|  706.47|   8.80 |I I 
22:38-Sun-Apr-09-2017 PM2.5 |  142.38|  165.53|  350.12|   5.87 |I I 
22:42-Sun-Apr-09-2017 PM10  |  295.69|  347.39|  706.47|   8.80 |I I 
22:42-Sun-Apr-09-2017 PM2.5 |  143.93|  164.26|  350.12|   5.87 |I I 
22:43-Sun-Apr-09-2017 PM10  |  295.69|  344.52|  706.47|   8.80 |I I 
22:43-Sun-Apr-09-2017 PM2.5 |  143.93|  163.13|  350.12|   5.87 |I I 
22:44-Sun-Apr-09-2017 PM10  |  287.11|  341.50|  706.47|   8.80 |I I 
22:44-Sun-Apr-09-2017 PM2.5 |  131.93|  161.49|  350.12|   5.87 |I I 
22:48-Sun-Apr-09-2017 PM10  |  290.79|  338.96|  706.47|   8.80 |I I 
22:48-Sun-Apr-09-2017 PM2.5 |  139.18|  160.37|  350.12|   5.87 |I I 
22:49-Sun-Apr-09-2017 PM10  |  277.10|  336.02|  706.47|   8.80 |I I 
22:49-Sun-Apr-09-2017 PM2.5 |  129.61|  158.91|  350.12|   5.87 |I I 
22:54-Sun-Apr-09-2017 PM10  |  283.05|  333.61|  706.47|   8.80 |I I 
22:54-Sun-Apr-09-2017 PM2.5 |  135.48|  157.84|  350.12|   5.87 |I I 
22:55-Sun-Apr-09-2017 PM10  |  276.28|  331.12|  706.47|   8.80 |I I 
22:55-Sun-Apr-09-2017 PM2.5 |  126.64|  156.49|  350.12|   5.87 |I I 
22:59-Sun-Apr-09-2017 PM10  |  277.56|  328.89|  706.47|   8.80 |I I 
22:59-Sun-Apr-09-2017 PM2.5 |  132.85|  155.50|  350.12|   5.87 |I I 
23:00-Sun-Apr-09-2017 PM10  |  264.46|  326.31|  706.47|   8.80 |I I 
23:00-Sun-Apr-09-2017 PM2.5 |  126.70|  154.35|  350.12|   5.87 |I I 
23:04-Sun-Apr-09-2017 PM10  |  267.06|  267.06|  706.47|   8.80 |I I 
23:04-Sun-Apr-09-2017 PM2.5 |  129.37|  129.37|  350.12|   5.87 |I I 
23:05-Sun-Apr-09-2017 PM10  |  261.43|  264.24|  706.47|   8.80 |I I 
23:05-Sun-Apr-09-2017 PM2.5 |  118.89|  124.13|  350.12|   5.87 |I I 
23:09-Sun-Apr-09-2017 PM10  |  265.71|  264.73|  706.47|   8.80 |I I 
23:09-Sun-Apr-09-2017 PM2.5 |  124.37|  124.21|  350.12|   5.87 |I I 
23:10-Sun-Apr-09-2017 PM10  |  265.71|  264.98|  706.47|   8.80 |I I 
23:10-Sun-Apr-09-2017 PM2.5 |  124.37|  124.25|  350.12|   5.87 |I I 
23:11-Sun-Apr-09-2017 PM10  |  260.37|  264.05|  706.47|   8.80 |I I 
23:11-Sun-Apr-09-2017 PM2.5 |  119.03|  123.21|  350.12|   5.87 |I I 
23:15-Sun-Apr-09-2017 PM10  |  259.03|  263.22|  706.47|   8.80 |I B 
23:15-Sun-Apr-09-2017 PM2.5 |  121.94|  123.00|  350.12|   5.87 |I B 
23:16-Sun-Apr-09-2017recover dati per host :92.223.147.77/nodered
23:16-Sun-Apr-09-2017 PM10  |  240.51|  259.97|  706.47|   8.80 |I I 
23:16-Sun-Apr-09-2017 PM2.5 |  112.78|  121.54|  350.12|   5.87 |I I 
23:20-Sun-Apr-09-2017 PM10  |  241.43|  257.66|  706.47|   8.80 |I I 
23:20-Sun-Apr-09-2017 PM2.5 |  117.12|  120.99|  350.12|   5.87 |I I 
23:21-Sun-Apr-09-2017 PM10  |  256.78|  257.56|  706.47|   8.80 |I I 
23:21-Sun-Apr-09-2017 PM2.5 |  113.81|  120.19|  350.12|   5.87 |I I 
23:25-Sun-Apr-09-2017 PM10  |  252.74|  257.08|  706.47|   8.80 |I I 
23:25-Sun-Apr-09-2017 PM2.5 |  117.30|  119.90|  350.12|   5.87 |I I 
23:26-Sun-Apr-09-2017 PM10  |  230.57|  254.67|  706.47|   8.80 |I I 
23:26-Sun-Apr-09-2017 PM2.5 |  105.64|  118.60|  350.12|   5.87 |I I 
23:30-Sun-Apr-09-2017 PM10  |  237.85|  253.27|  706.47|   8.80 |I I 
23:30-Sun-Apr-09-2017 PM2.5 |  114.00|  118.22|  350.12|   5.87 |I I 
23:31-Sun-Apr-09-2017 PM10  |  231.61|  251.60|  706.47|   8.80 |I I 
23:31-Sun-Apr-09-2017 PM2.5 |  107.37|  117.38|  350.12|   5.87 |I I 
23:35-Sun-Apr-09-2017 PM10  |  225.32|  249.72|  706.47|   8.80 |I I 
23:35-Sun-Apr-09-2017 PM2.5 |  108.62|  116.76|  350.12|   5.87 |I I 
23:36-Sun-Apr-09-2017 PM10  |  225.32|  248.10|  706.47|   8.80 |I I 
23:36-Sun-Apr-09-2017 PM2.5 |  108.62|  116.22|  350.12|   5.87 |I I 
23:37-Sun-Apr-09-2017 PM10  |  233.75|  247.20|  706.47|   8.80 |I I 
23:37-Sun-Apr-09-2017 PM2.5 |  107.53|  115.67|  350.12|   5.87 |I I 
23:41-Sun-Apr-09-2017 PM10  |  236.00|  246.54|  706.47|   8.80 |I I 
23:41-Sun-Apr-09-2017 PM2.5 |  108.71|  115.26|  350.12|   5.87 |I I 
23:42-Sun-Apr-09-2017 PM10  |  225.58|  245.38|  706.47|   8.80 |I I 
23:42-Sun-Apr-09-2017 PM2.5 |  102.89|  114.58|  350.12|   5.87 |I I 
23:46-Sun-Apr-09-2017 PM10  |  233.15|  244.73|  706.47|   8.80 |I I 
23:46-Sun-Apr-09-2017 PM2.5 |  109.91|  114.33|  350.12|   5.87 |I I 
23:47-Sun-Apr-09-2017 PM10  |  203.09|  242.65|  706.47|   8.80 |I I 
23:47-Sun-Apr-09-2017 PM2.5 |  96.33 |  113.43|  350.12|   5.87 |I I 
23:51-Sun-Apr-09-2017 PM10  |  214.81|  241.32|  706.47|   8.80 |I I 
23:51-Sun-Apr-09-2017 PM2.5 |  104.78|  113.02|  350.12|   5.87 |I I 
23:52-Sun-Apr-09-2017 PM10  |  201.97|  239.53|  706.47|   8.80 |I I 
23:52-Sun-Apr-09-2017 PM2.5 |  96.25 |  112.26|  350.12|   5.87 |I I 
23:56-Sun-Apr-09-2017 PM10  |  209.45|  238.23|  706.47|   8.80 |I I 
23:56-Sun-Apr-09-2017 PM2.5 |  100.44|  111.74|  350.12|   5.87 |I I 
23:57-Sun-Apr-09-2017 PM10  |  207.34|  236.94|  706.47|   8.80 |I I 
23:57-Sun-Apr-09-2017 PM2.5 |  96.13 |  111.09|  350.12|   5.87 |I I 
00:01-Mon-Apr-10-2017 PM10  |  207.85|  235.78|  706.47|   8.80 |I I 
