[Sun Feb 26 00:02:38 2017] Report del giorno Sunday February 26 2017 -- INVIATO a centraline@googlegroups.com
00:02-Sun-Feb-26-2017 PM2.5 |   3.18 |   2.46 |  11.33 |   2.08 |I I 
00:03-Sun-Feb-26-2017 PM10  |   4.51 |   4.51 |   0.00 |  2000.00|I I 
00:03-Sun-Feb-26-2017 PM2.5 |   2.97 |   2.97 |   0.00 |  2000.00|I I 
00:04-Sun-Feb-26-2017 PM10  |   4.51 |   4.51 |   0.00 |  2000.00|I I 
00:04-Sun-Feb-26-2017 PM2.5 |   2.97 |   2.97 |   0.00 |  2000.00|I I 
00:08-Sun-Feb-26-2017 PM10  |   5.94 |   4.99 |   0.00 |  2000.00|I I 
00:08-Sun-Feb-26-2017 PM2.5 |   3.21 |   3.05 |   0.00 |  2000.00|I I 
00:09-Sun-Feb-26-2017 PM10  |   3.75 |   4.68 |   0.00 |  2000.00|I I 
00:09-Sun-Feb-26-2017 PM2.5 |   2.85 |   3.00 |   0.00 |  2000.00|I I 
00:13-Sun-Feb-26-2017 PM10  |   4.22 |   4.59 |   0.00 |  2000.00|I I 
00:13-Sun-Feb-26-2017 PM2.5 |   3.24 |   3.05 |   0.00 |  2000.00|I I 
00:14-Sun-Feb-26-2017 PM10  |   4.95 |   4.65 |   0.00 |  2000.00|I I 
00:14-Sun-Feb-26-2017 PM2.5 |   3.24 |   3.08 |   0.00 |  2000.00|I I 
00:18-Sun-Feb-26-2017 PM10  |   5.44 |   4.76 |   0.00 |  2000.00|I I 
00:18-Sun-Feb-26-2017 PM2.5 |   3.21 |   3.10 |   0.00 |  2000.00|I I 
00:19-Sun-Feb-26-2017 PM10  |   5.93 |   4.91 |   0.00 |  2000.00|I I 
00:19-Sun-Feb-26-2017 PM2.5 |   3.12 |   3.10 |   0.00 |  2000.00|I I 
00:23-Sun-Feb-26-2017 PM10  |   5.60 |   4.98 |   0.00 |  2000.00|I I 
00:23-Sun-Feb-26-2017 PM2.5 |   3.31 |   3.12 |   0.00 |  2000.00|I I 
00:24-Sun-Feb-26-2017 PM10  |   6.10 |   5.10 |   0.00 |  2000.00|I I 
00:24-Sun-Feb-26-2017 PM2.5 |   3.42 |   3.15 |   0.00 |  2000.00|I I 
00:28-Sun-Feb-26-2017 PM10  |   5.36 |   5.12 |   0.00 |  2000.00|I I 
00:28-Sun-Feb-26-2017 PM2.5 |   3.27 |   3.16 |   0.00 |  2000.00|I I 
00:29-Sun-Feb-26-2017 PM10  |   4.51 |   5.07 |   0.00 |  2000.00|I I 
00:29-Sun-Feb-26-2017 PM2.5 |   2.99 |   3.15 |   0.00 |  2000.00|I I 
00:30-Sun-Feb-26-2017 PM10  |   4.51 |   5.03 |   0.00 |  2000.00|I I 
00:30-Sun-Feb-26-2017 PM2.5 |   2.99 |   3.14 |   0.00 |  2000.00|I I 
00:34-Sun-Feb-26-2017 PM10  |   5.12 |   5.03 |   0.00 |  2000.00|I I 
00:34-Sun-Feb-26-2017 PM2.5 |   3.36 |   3.15 |   0.00 |  2000.00|I I 
00:35-Sun-Feb-26-2017 PM10  |   5.65 |   5.07 |   0.00 |  2000.00|I I 
00:35-Sun-Feb-26-2017 PM2.5 |   3.23 |   3.16 |   0.00 |  2000.00|I I 
00:39-Sun-Feb-26-2017 PM10  |   5.68 |   5.11 |   0.00 |  2000.00|I I 
00:39-Sun-Feb-26-2017 PM2.5 |   3.29 |   3.17 |   0.00 |  2000.00|I I 
00:40-Sun-Feb-26-2017 PM10  |   4.40 |   5.07 |   0.00 |  2000.00|I I 
00:40-Sun-Feb-26-2017 PM2.5 |   3.08 |   3.16 |   0.00 |  2000.00|I I 
00:44-Sun-Feb-26-2017 PM10  |   5.73 |   5.11 |   0.00 |  2000.00|I I 
00:44-Sun-Feb-26-2017 PM2.5 |   3.14 |   3.16 |   0.00 |  2000.00|I I 
00:45-Sun-Feb-26-2017 PM10  |   4.85 |   5.09 |   0.00 |  2000.00|I I 
00:45-Sun-Feb-26-2017 PM2.5 |   2.71 |   3.14 |   0.00 |  2000.00|I I 
00:49-Sun-Feb-26-2017 PM10  |   4.84 |   5.08 |   0.00 |  2000.00|I I 
00:49-Sun-Feb-26-2017 PM2.5 |   2.87 |   3.12 |   0.00 |  2000.00|I I 
00:50-Sun-Feb-26-2017 PM10  |   5.48 |   5.10 |   0.00 |  2000.00|I I 
00:50-Sun-Feb-26-2017 PM2.5 |   3.05 |   3.12 |   0.00 |  2000.00|I I 
00:54-Sun-Feb-26-2017 PM10  |   4.47 |   5.07 |   0.00 |  2000.00|I I 
00:54-Sun-Feb-26-2017 PM2.5 |   2.87 |   3.11 |   0.00 |  2000.00|I I 
00:55-Sun-Feb-26-2017 PM10  |   5.53 |   5.09 |   0.00 |  2000.00|I I 
00:55-Sun-Feb-26-2017 PM2.5 |   3.16 |   3.11 |   0.00 |  2000.00|I I 
00:56-Sun-Feb-26-2017 PM10  |   5.53 |   5.11 |   0.00 |  2000.00|I I 
00:56-Sun-Feb-26-2017 PM2.5 |   3.16 |   3.11 |   0.00 |  2000.00|I I 
00:59-Sun-Feb-26-2017 PM10  |   5.88 |   5.14 |   0.00 |  2000.00|I I 
00:59-Sun-Feb-26-2017 PM2.5 |   3.07 |   3.11 |   0.00 |  2000.00|I I 
01:00-Sun-Feb-26-2017 PM10  |   5.88 |   5.17 |   5.17 |   5.17 |I I 
01:00-Sun-Feb-26-2017 PM2.5 |   3.07 |   3.11 |   3.11 |   3.11 |I I 
01:01-Sun-Feb-26-2017 PM10  |   6.08 |   6.08 |   5.17 |   5.17 |I I 
01:01-Sun-Feb-26-2017 PM2.5 |   3.18 |   3.18 |   3.11 |   3.11 |I I 
01:06-Sun-Feb-26-2017 PM10  |   5.61 |   5.84 |   5.17 |   5.17 |I I 
01:06-Sun-Feb-26-2017 PM2.5 |   3.44 |   3.31 |   3.11 |   3.11 |I I 
01:07-Sun-Feb-26-2017 PM10  |   8.38 |   6.69 |   5.17 |   5.17 |I I 
01:07-Sun-Feb-26-2017 PM2.5 |   3.08 |   3.23 |   3.11 |   3.11 |I I 
01:11-Sun-Feb-26-2017 PM10  |   5.64 |   6.43 |   5.17 |   5.17 |I I 
01:11-Sun-Feb-26-2017 PM2.5 |   3.01 |   3.18 |   3.11 |   3.11 |I I 
01:12-Sun-Feb-26-2017 PM10  |   4.92 |   6.13 |   5.17 |   5.17 |I I 
01:12-Sun-Feb-26-2017 PM2.5 |   2.95 |   3.13 |   3.11 |   3.11 |I I 
01:16-Sun-Feb-26-2017 PM10  |   4.00 |   5.77 |   5.17 |   5.17 |I I 
01:16-Sun-Feb-26-2017 PM2.5 |   2.92 |   3.10 |   3.11 |   3.11 |I I 
01:17-Sun-Feb-26-2017 PM10  |   4.50 |   5.59 |   5.17 |   5.17 |I I 
01:17-Sun-Feb-26-2017 PM2.5 |   3.16 |   3.11 |   3.11 |   3.11 |I I 
01:21-Sun-Feb-26-2017 PM10  |   4.69 |   5.48 |   5.17 |   5.17 |I I 
01:21-Sun-Feb-26-2017 PM2.5 |   3.15 |   3.11 |   3.11 |   3.11 |I I 
01:22-Sun-Feb-26-2017 PM10  |   4.70 |   5.39 |   5.17 |   5.17 |I I 
01:22-Sun-Feb-26-2017 PM2.5 |   3.30 |   3.13 |   3.11 |   3.11 |I I 
01:26-Sun-Feb-26-2017 PM10  |   5.42 |   5.39 |   5.17 |   5.17 |I I 
01:26-Sun-Feb-26-2017 PM2.5 |   3.39 |   3.16 |   3.11 |   3.11 |I I 
01:27-Sun-Feb-26-2017 PM10  |   5.42 |   5.40 |   5.17 |   5.17 |I I 
01:27-Sun-Feb-26-2017 PM2.5 |   3.39 |   3.18 |   3.11 |   3.11 |I I 
01:28-Sun-Feb-26-2017 PM10  |   6.16 |   5.46 |   5.17 |   5.17 |I I 
01:28-Sun-Feb-26-2017 PM2.5 |   3.30 |   3.19 |   3.11 |   3.11 |I I 
01:32-Sun-Feb-26-2017 PM10  |   5.39 |   5.45 |   5.17 |   5.17 |I I 
01:32-Sun-Feb-26-2017 PM2.5 |   3.34 |   3.20 |   3.11 |   3.11 |I I 
01:33-Sun-Feb-26-2017 PM10  |   4.52 |   5.39 |   5.17 |   5.17 |I I 
01:33-Sun-Feb-26-2017 PM2.5 |   3.18 |   3.20 |   3.11 |   3.11 |I I 
01:37-Sun-Feb-26-2017 PM10  |   4.43 |   5.32 |   5.17 |   5.17 |I I 
01:37-Sun-Feb-26-2017 PM2.5 |   3.12 |   3.20 |   3.11 |   3.11 |I I 
01:38-Sun-Feb-26-2017 PM10  |   6.04 |   5.37 |   5.17 |   5.17 |I I 
01:38-Sun-Feb-26-2017 PM2.5 |   3.70 |   3.23 |   3.11 |   3.11 |I I 
01:42-Sun-Feb-26-2017 PM10  |   6.14 |   5.41 |   5.17 |   5.17 |I I 
01:42-Sun-Feb-26-2017 PM2.5 |   3.92 |   3.27 |   3.11 |   3.11 |I I 
01:43-Sun-Feb-26-2017 PM10  |   4.91 |   5.39 |   5.17 |   5.17 |I I 
01:43-Sun-Feb-26-2017 PM2.5 |   3.45 |   3.28 |   3.11 |   3.11 |I I 
01:47-Sun-Feb-26-2017 PM10  |   5.84 |   5.41 |   5.17 |   5.17 |I I 
01:47-Sun-Feb-26-2017 PM2.5 |   3.61 |   3.29 |   3.11 |   3.11 |I I 
01:48-Sun-Feb-26-2017 PM10  |   4.92 |   5.39 |   5.17 |   5.17 |I I 
01:48-Sun-Feb-26-2017 PM2.5 |   3.26 |   3.29 |   3.11 |   3.11 |I I 
01:52-Sun-Feb-26-2017 PM10  |   6.93 |   5.46 |   5.17 |   5.17 |I I 
01:52-Sun-Feb-26-2017 PM2.5 |   3.41 |   3.30 |   3.11 |   3.11 |I I 
01:53-Sun-Feb-26-2017 PM10  |   6.93 |   5.53 |   5.17 |   5.17 |I I 
01:53-Sun-Feb-26-2017 PM2.5 |   3.41 |   3.30 |   3.11 |   3.11 |I I 
01:54-Sun-Feb-26-2017 PM10  |   5.95 |   5.54 |   5.17 |   5.17 |I I 
01:54-Sun-Feb-26-2017 PM2.5 |   3.65 |   3.32 |   3.11 |   3.11 |I I 
01:58-Sun-Feb-26-2017 PM10  |   6.08 |   5.57 |   5.17 |   5.17 |I I 
01:58-Sun-Feb-26-2017 PM2.5 |   3.72 |   3.33 |   3.11 |   3.11 |I I 
01:59-Sun-Feb-26-2017 PM10  |   5.70 |   5.57 |   5.17 |   5.17 |I I 
01:59-Sun-Feb-26-2017 PM2.5 |   3.74 |   3.35 |   3.11 |   3.11 |I I 
02:03-Sun-Feb-26-2017 PM10  |   7.72 |   5.65 |   5.65 |   5.17 |I I 
02:03-Sun-Feb-26-2017 PM2.5 |   4.11 |   3.38 |   3.38 |   3.11 |I I 
02:04-Sun-Feb-26-2017 PM10  |   6.49 |   6.49 |   5.65 |   5.17 |I I 
02:04-Sun-Feb-26-2017 PM2.5 |   3.50 |   3.50 |   3.38 |   3.11 |I I 
02:08-Sun-Feb-26-2017 PM10  |   5.54 |   6.02 |   5.65 |   5.17 |I I 
02:08-Sun-Feb-26-2017 PM2.5 |   3.64 |   3.57 |   3.38 |   3.11 |I I 
02:09-Sun-Feb-26-2017 PM10  |   6.87 |   6.30 |   5.65 |   5.17 |I I 
02:09-Sun-Feb-26-2017 PM2.5 |   3.82 |   3.65 |   3.38 |   3.11 |I I 
02:13-Sun-Feb-26-2017 PM10  |   5.76 |   6.17 |   5.65 |   5.17 |I I 
02:13-Sun-Feb-26-2017 PM2.5 |   3.59 |   3.64 |   3.38 |   3.11 |I I 
02:14-Sun-Feb-26-2017 PM10  |   6.39 |   6.21 |   5.65 |   5.17 |I I 
02:14-Sun-Feb-26-2017 PM2.5 |   3.20 |   3.55 |   3.38 |   3.11 |I I 
02:18-Sun-Feb-26-2017 PM10  |   5.94 |   6.17 |   5.65 |   5.17 |I I 
02:18-Sun-Feb-26-2017 PM2.5 |   3.53 |   3.55 |   3.38 |   3.11 |I I 
02:19-Sun-Feb-26-2017 PM10  |   8.13 |   6.45 |   5.65 |   5.17 |I I 
02:19-Sun-Feb-26-2017 PM2.5 |   3.70 |   3.57 |   3.38 |   3.11 |I I 
02:20-Sun-Feb-26-2017 PM10  |   8.13 |   6.66 |   5.65 |   5.17 |I I 
02:20-Sun-Feb-26-2017 PM2.5 |   3.70 |   3.58 |   3.38 |   3.11 |I I 
02:24-Sun-Feb-26-2017 PM10  |   6.53 |   6.64 |   5.65 |   5.17 |I I 
02:24-Sun-Feb-26-2017 PM2.5 |   3.63 |   3.59 |   3.38 |   3.11 |I I 
02:25-Sun-Feb-26-2017 PM10  |   7.00 |   6.68 |   5.65 |   5.17 |I I 
02:25-Sun-Feb-26-2017 PM2.5 |   3.68 |   3.60 |   3.38 |   3.11 |I I 
02:29-Sun-Feb-26-2017 PM10  |   6.74 |   6.69 |   5.65 |   5.17 |I I 
02:29-Sun-Feb-26-2017 PM2.5 |   3.72 |   3.61 |   3.38 |   3.11 |I I 
02:30-Sun-Feb-26-2017 PM10  |   5.85 |   6.62 |   5.65 |   5.17 |I I 
02:30-Sun-Feb-26-2017 PM2.5 |   3.48 |   3.60 |   3.38 |   3.11 |I I 
02:34-Sun-Feb-26-2017 PM10  |   6.15 |   6.58 |   5.65 |   5.17 |I I 
02:34-Sun-Feb-26-2017 PM2.5 |   3.87 |   3.62 |   3.38 |   3.11 |I I 
02:35-Sun-Feb-26-2017 PM10  |   6.09 |   6.54 |   5.65 |   5.17 |I I 
02:35-Sun-Feb-26-2017 PM2.5 |   3.65 |   3.62 |   3.38 |   3.11 |I I 
02:39-Sun-Feb-26-2017 PM10  |   7.05 |   6.58 |   5.65 |   5.17 |I I 
02:39-Sun-Feb-26-2017 PM2.5 |   3.65 |   3.62 |   3.38 |   3.11 |I I 
02:40-Sun-Feb-26-2017 PM10  |   6.78 |   6.59 |   5.65 |   5.17 |I I 
02:40-Sun-Feb-26-2017 PM2.5 |   3.77 |   3.63 |   3.38 |   3.11 |I I 
02:44-Sun-Feb-26-2017 PM10  |   7.57 |   6.65 |   5.65 |   5.17 |I I 
02:44-Sun-Feb-26-2017 PM2.5 |   3.91 |   3.65 |   3.38 |   3.11 |I I 
02:45-Sun-Feb-26-2017 PM10  |   6.18 |   6.62 |   5.65 |   5.17 |I I 
02:45-Sun-Feb-26-2017 PM2.5 |   3.51 |   3.64 |   3.38 |   3.11 |I I 
02:46-Sun-Feb-26-2017 PM10  |   6.18 |   6.60 |   5.65 |   5.17 |I I 
02:46-Sun-Feb-26-2017 PM2.5 |   3.51 |   3.63 |   3.38 |   3.11 |I I 
02:49-Sun-Feb-26-2017 PM10  |   6.55 |   6.60 |   5.65 |   5.17 |I I 
02:49-Sun-Feb-26-2017 PM2.5 |   3.45 |   3.62 |   3.38 |   3.11 |I I 
02:50-Sun-Feb-26-2017 PM10  |   6.55 |   6.59 |   5.65 |   5.17 |I I 
02:50-Sun-Feb-26-2017 PM2.5 |   3.45 |   3.62 |   3.38 |   3.11 |I I 
02:51-Sun-Feb-26-2017 PM10  |   5.74 |   6.56 |   5.65 |   5.17 |I I 
02:51-Sun-Feb-26-2017 PM2.5 |   3.43 |   3.61 |   3.38 |   3.11 |I I 
02:55-Sun-Feb-26-2017 PM10  |   7.41 |   6.59 |   5.65 |   5.17 |I I 
02:55-Sun-Feb-26-2017 PM2.5 |   4.01 |   3.63 |   3.38 |   3.11 |I I 
02:56-Sun-Feb-26-2017 PM10  |   9.61 |   6.72 |   5.65 |   5.17 |I I 
02:56-Sun-Feb-26-2017 PM2.5 |   3.71 |   3.63 |   3.38 |   3.11 |I I 
03:00-Sun-Feb-26-2017 PM10  |   6.68 |   6.72 |   6.72 |   5.17 |I I 
03:00-Sun-Feb-26-2017 PM2.5 |   3.67 |   3.63 |   3.63 |   3.11 |I I 
03:01-Sun-Feb-26-2017 PM10  |   8.34 |   8.34 |   6.72 |   5.17 |I I 
03:01-Sun-Feb-26-2017 PM2.5 |   4.15 |   4.15 |   3.63 |   3.11 |I I 
03:05-Sun-Feb-26-2017 PM10  |   7.12 |   7.73 |   6.72 |   5.17 |I I 
03:05-Sun-Feb-26-2017 PM2.5 |   3.95 |   4.05 |   3.63 |   3.11 |I I 
03:06-Sun-Feb-26-2017 PM10  |   7.18 |   7.55 |   6.72 |   5.17 |I I 
03:06-Sun-Feb-26-2017 PM2.5 |   3.79 |   3.96 |   3.63 |   3.11 |I I 
03:10-Sun-Feb-26-2017 PM10  |   5.78 |   7.10 |   6.72 |   5.17 |I I 
03:10-Sun-Feb-26-2017 PM2.5 |   3.63 |   3.88 |   3.63 |   3.11 |I I 
03:11-Sun-Feb-26-2017 PM10  |   6.54 |   6.99 |   6.72 |   5.17 |I I 
03:11-Sun-Feb-26-2017 PM2.5 |   3.75 |   3.86 |   3.63 |   3.11 |I I 
03:15-Sun-Feb-26-2017 PM10  |   8.10 |   7.18 |   6.72 |   5.17 |I I 
03:15-Sun-Feb-26-2017 PM2.5 |   3.86 |   3.86 |   3.63 |   3.11 |I I 
03:16-Sun-Feb-26-2017 PM10  |   8.10 |   7.31 |   6.72 |   5.17 |I I 
03:16-Sun-Feb-26-2017 PM2.5 |   3.86 |   3.86 |   3.63 |   3.11 |I I 
03:17-Sun-Feb-26-2017 PM10  |   6.60 |   7.22 |   6.72 |   5.17 |I I 
03:17-Sun-Feb-26-2017 PM2.5 |   4.10 |   3.89 |   3.63 |   3.11 |I I 
03:21-Sun-Feb-26-2017 PM10  |   6.72 |   7.16 |   6.72 |   5.17 |I I 
03:21-Sun-Feb-26-2017 PM2.5 |   4.17 |   3.92 |   3.63 |   3.11 |I I 
03:22-Sun-Feb-26-2017 PM10  |   6.41 |   7.09 |   6.72 |   5.17 |I I 
03:22-Sun-Feb-26-2017 PM2.5 |   3.86 |   3.91 |   3.63 |   3.11 |I I 
03:26-Sun-Feb-26-2017 PM10  |   6.43 |   7.03 |   6.72 |   5.17 |I I 
03:26-Sun-Feb-26-2017 PM2.5 |   3.62 |   3.89 |   3.63 |   3.11 |I I 
03:27-Sun-Feb-26-2017 PM10  |   6.43 |   6.98 |   6.72 |   5.17 |I I 
03:27-Sun-Feb-26-2017 PM2.5 |   4.21 |   3.91 |   3.63 |   3.11 |I I 
03:31-Sun-Feb-26-2017 PM10  |   6.30 |   6.93 |   6.72 |   5.17 |I I 
03:31-Sun-Feb-26-2017 PM2.5 |   4.16 |   3.93 |   3.63 |   3.11 |I I 
03:32-Sun-Feb-26-2017 PM10  |   7.88 |   7.00 |   6.72 |   5.17 |I I 
03:32-Sun-Feb-26-2017 PM2.5 |   3.98 |   3.94 |   3.63 |   3.11 |I I 
03:36-Sun-Feb-26-2017 PM10  |   7.37 |   7.02 |   6.72 |   5.17 |I I 
03:36-Sun-Feb-26-2017 PM2.5 |   4.09 |   3.95 |   3.63 |   3.11 |I I 
03:37-Sun-Feb-26-2017 PM10  |   6.27 |   6.97 |   6.72 |   5.17 |I I 
03:37-Sun-Feb-26-2017 PM2.5 |   3.88 |   3.94 |   3.63 |   3.11 |I I 
03:41-Sun-Feb-26-2017 PM10  |   5.91 |   6.91 |   6.72 |   5.17 |I I 
03:41-Sun-Feb-26-2017 PM2.5 |   3.85 |   3.94 |   3.63 |   3.11 |I I 
03:42-Sun-Feb-26-2017 PM10  |   5.91 |   6.85 |   6.72 |   5.17 |I I 
03:42-Sun-Feb-26-2017 PM2.5 |   3.85 |   3.93 |   3.63 |   3.11 |I I 
03:43-Sun-Feb-26-2017 PM10  |   7.26 |   6.88 |   6.72 |   5.17 |I I 
03:43-Sun-Feb-26-2017 PM2.5 |   4.28 |   3.95 |   3.63 |   3.11 |I I 
03:47-Sun-Feb-26-2017 PM10  |   7.46 |   6.90 |   6.72 |   5.17 |I I 
03:47-Sun-Feb-26-2017 PM2.5 |   4.19 |   3.96 |   3.63 |   3.11 |I I 
03:48-Sun-Feb-26-2017 PM10  |   6.74 |   6.90 |   6.72 |   5.17 |I I 
03:48-Sun-Feb-26-2017 PM2.5 |   4.37 |   3.98 |   3.63 |   3.11 |I I 
03:52-Sun-Feb-26-2017 PM10  |   7.89 |   6.94 |   6.72 |   5.17 |I I 
03:52-Sun-Feb-26-2017 PM2.5 |   4.54 |   4.01 |   3.63 |   3.11 |I I 
03:54-Sun-Feb-26-2017 PM10  |   5.92 |   6.90 |   6.72 |   5.17 |I I 
03:54-Sun-Feb-26-2017 PM2.5 |   4.07 |   4.01 |   3.63 |   3.11 |I I 
03:58-Sun-Feb-26-2017 PM10  |   7.80 |   6.94 |   6.72 |   5.17 |I I 
03:58-Sun-Feb-26-2017 PM2.5 |   4.38 |   4.03 |   3.63 |   3.11 |I I 
03:59-Sun-Feb-26-2017 PM10  |   7.66 |   6.96 |   6.72 |   5.17 |I I 
03:59-Sun-Feb-26-2017 PM2.5 |   4.23 |   4.03 |   3.63 |   3.11 |I I 
04:03-Sun-Feb-26-2017 PM10  |   5.69 |   6.92 |   6.92 |   5.17 |I I 
04:03-Sun-Feb-26-2017 PM2.5 |   4.19 |   4.04 |   4.04 |   3.11 |I I 
04:04-Sun-Feb-26-2017 PM10  |   7.11 |   7.11 |   6.92 |   5.17 |I I 
04:04-Sun-Feb-26-2017 PM2.5 |   4.33 |   4.33 |   4.04 |   3.11 |I I 
04:08-Sun-Feb-26-2017 PM10  |   7.65 |   7.38 |   6.92 |   5.17 |I I 
04:08-Sun-Feb-26-2017 PM2.5 |   4.30 |   4.31 |   4.04 |   3.11 |I I 
04:09-Sun-Feb-26-2017 PM10  |   7.65 |   7.47 |   6.92 |   5.17 |I I 
04:09-Sun-Feb-26-2017 PM2.5 |   4.30 |   4.31 |   4.04 |   3.11 |I I 
04:10-Sun-Feb-26-2017 PM10  |   8.63 |   7.76 |   6.92 |   5.17 |I I 
04:10-Sun-Feb-26-2017 PM2.5 |   4.40 |   4.33 |   4.04 |   3.11 |I I 
04:14-Sun-Feb-26-2017 PM10  |   7.41 |   7.69 |   6.92 |   5.17 |I I 
04:14-Sun-Feb-26-2017 PM2.5 |   4.67 |   4.40 |   4.04 |   3.11 |I I 
04:15-Sun-Feb-26-2017 PM10  |   8.25 |   7.78 |   6.92 |   5.17 |I I 
04:15-Sun-Feb-26-2017 PM2.5 |   4.54 |   4.42 |   4.04 |   3.11 |I I 
04:19-Sun-Feb-26-2017 PM10  |   8.12 |   7.83 |   6.92 |   5.17 |I I 
04:19-Sun-Feb-26-2017 PM2.5 |   4.52 |   4.44 |   4.04 |   3.11 |I I 
04:20-Sun-Feb-26-2017 PM10  |   8.32 |   7.89 |   6.92 |   5.17 |I I 
04:20-Sun-Feb-26-2017 PM2.5 |   4.40 |   4.43 |   4.04 |   3.11 |I I 
04:24-Sun-Feb-26-2017 PM10  |   9.10 |   8.03 |   6.92 |   5.17 |I I 
04:24-Sun-Feb-26-2017 PM2.5 |   5.04 |   4.50 |   4.04 |   3.11 |I I 
04:25-Sun-Feb-26-2017 PM10  |   8.45 |   8.07 |   6.92 |   5.17 |I I 
04:25-Sun-Feb-26-2017 PM2.5 |   4.90 |   4.54 |   4.04 |   3.11 |I I 
04:29-Sun-Feb-26-2017 PM10  |   8.84 |   8.14 |   6.92 |   5.17 |I I 
04:29-Sun-Feb-26-2017 PM2.5 |   4.75 |   4.56 |   4.04 |   3.11 |I I 
04:30-Sun-Feb-26-2017 PM10  |   9.36 |   8.24 |   6.92 |   5.17 |I I 
04:30-Sun-Feb-26-2017 PM2.5 |   4.29 |   4.54 |   4.04 |   3.11 |I I 
04:34-Sun-Feb-26-2017 PM10  |   9.58 |   8.34 |   6.92 |   5.17 |I I 
04:34-Sun-Feb-26-2017 PM2.5 |   4.48 |   4.53 |   4.04 |   3.11 |I I 
04:35-Sun-Feb-26-2017 PM10  |   7.50 |   8.28 |   6.92 |   5.17 |I I 
04:35-Sun-Feb-26-2017 PM2.5 |   4.43 |   4.53 |   4.04 |   3.11 |I I 
04:36-Sun-Feb-26-2017 PM10  |   7.50 |   8.23 |   6.92 |   5.17 |I I 
04:36-Sun-Feb-26-2017 PM2.5 |   4.43 |   4.52 |   4.04 |   3.11 |I I 
04:40-Sun-Feb-26-2017 PM10  |   7.84 |   8.21 |   6.92 |   5.17 |I I 
04:40-Sun-Feb-26-2017 PM2.5 |   4.76 |   4.53 |   4.04 |   3.11 |I I 
04:41-Sun-Feb-26-2017 PM10  |  11.80 |   8.42 |   6.92 |   5.17 |I I 
04:41-Sun-Feb-26-2017 PM2.5 |   4.92 |   4.56 |   4.04 |   3.11 |I I 
04:45-Sun-Feb-26-2017 PM10  |   8.52 |   8.42 |   6.92 |   5.17 |I I 
04:45-Sun-Feb-26-2017 PM2.5 |   4.75 |   4.57 |   4.04 |   3.11 |I I 
04:46-Sun-Feb-26-2017 PM10  |   8.54 |   8.43 |   6.92 |   5.17 |I I 
04:46-Sun-Feb-26-2017 PM2.5 |   4.75 |   4.58 |   4.04 |   3.11 |I I 
04:50-Sun-Feb-26-2017 PM10  |   8.11 |   8.41 |   6.92 |   5.17 |I I 
04:50-Sun-Feb-26-2017 PM2.5 |   4.85 |   4.59 |   4.04 |   3.11 |I I 
04:51-Sun-Feb-26-2017 PM10  |   8.16 |   8.40 |   6.92 |   5.17 |I I 
04:51-Sun-Feb-26-2017 PM2.5 |   4.48 |   4.59 |   4.04 |   3.11 |I I 
04:55-Sun-Feb-26-2017 PM10  |   8.03 |   8.39 |   6.92 |   5.17 |I I 
04:55-Sun-Feb-26-2017 PM2.5 |   4.71 |   4.59 |   4.04 |   3.11 |I I 
04:56-Sun-Feb-26-2017 PM10  |   8.88 |   8.41 |   6.92 |   5.17 |I I 
04:56-Sun-Feb-26-2017 PM2.5 |   4.82 |   4.60 |   4.04 |   3.11 |I I 
05:00-Sun-Feb-26-2017 PM10  |   9.90 |   8.47 |   8.47 |   5.17 |I I 
05:00-Sun-Feb-26-2017 PM2.5 |   5.09 |   4.62 |   4.62 |   3.11 |I I 
05:01-Sun-Feb-26-2017 PM10  |   9.62 |   9.62 |   8.47 |   5.17 |I I 
05:01-Sun-Feb-26-2017 PM2.5 |   5.09 |   5.09 |   4.62 |   3.11 |I I 
05:02-Sun-Feb-26-2017 PM10  |   9.62 |   9.62 |   8.47 |   5.17 |I I 
05:02-Sun-Feb-26-2017 PM2.5 |   5.09 |   5.09 |   4.62 |   3.11 |I I 
05:06-Sun-Feb-26-2017 PM10  |  11.01 |  10.08 |   8.47 |   5.17 |I I 
05:06-Sun-Feb-26-2017 PM2.5 |   4.91 |   5.03 |   4.62 |   3.11 |I I 
05:07-Sun-Feb-26-2017 PM10  |   7.59 |   9.46 |   8.47 |   5.17 |I I 
05:07-Sun-Feb-26-2017 PM2.5 |   4.41 |   4.88 |   4.62 |   3.11 |I I 
05:11-Sun-Feb-26-2017 PM10  |   8.29 |   9.23 |   8.47 |   5.17 |I I 
05:11-Sun-Feb-26-2017 PM2.5 |   4.48 |   4.80 |   4.62 |   3.11 |I I 
05:12-Sun-Feb-26-2017 PM10  |   7.46 |   8.93 |   8.47 |   5.17 |I I 
05:12-Sun-Feb-26-2017 PM2.5 |   4.50 |   4.75 |   4.62 |   3.11 |I I 
05:16-Sun-Feb-26-2017 PM10  |   7.95 |   8.79 |   8.47 |   5.17 |I I 
05:16-Sun-Feb-26-2017 PM2.5 |   4.64 |   4.73 |   4.62 |   3.11 |I I 
05:17-Sun-Feb-26-2017 PM10  |  10.83 |   9.05 |   8.47 |   5.17 |I I 
05:17-Sun-Feb-26-2017 PM2.5 |   4.52 |   4.71 |   4.62 |   3.11 |I I 
05:21-Sun-Feb-26-2017 PM10  |   7.07 |   8.83 |   8.47 |   5.17 |I I 
05:21-Sun-Feb-26-2017 PM2.5 |   4.59 |   4.69 |   4.62 |   3.11 |I I 
05:22-Sun-Feb-26-2017 PM10  |   7.12 |   8.66 |   8.47 |   5.17 |I I 
05:22-Sun-Feb-26-2017 PM2.5 |   4.29 |   4.65 |   4.62 |   3.11 |I I 
05:26-Sun-Feb-26-2017 PM10  |   8.51 |   8.64 |   8.47 |   5.17 |I I 
05:26-Sun-Feb-26-2017 PM2.5 |   4.66 |   4.65 |   4.62 |   3.11 |I I 
05:27-Sun-Feb-26-2017 PM10  |   8.09 |   8.60 |   8.47 |   5.17 |I I 
05:27-Sun-Feb-26-2017 PM2.5 |   4.45 |   4.64 |   4.62 |   3.11 |I I 
05:31-Sun-Feb-26-2017 PM10  |   9.91 |   8.70 |   8.47 |   5.17 |I I 
05:31-Sun-Feb-26-2017 PM2.5 |   4.85 |   4.65 |   4.62 |   3.11 |I I 
05:32-Sun-Feb-26-2017 PM10  |   9.91 |   8.78 |   8.47 |   5.17 |I I 
05:32-Sun-Feb-26-2017 PM2.5 |   4.85 |   4.67 |   4.62 |   3.11 |I I 
05:33-Sun-Feb-26-2017 PM10  |   8.86 |   8.79 |   8.47 |   5.17 |I I 
05:33-Sun-Feb-26-2017 PM2.5 |   4.93 |   4.68 |   4.62 |   3.11 |I I 
05:37-Sun-Feb-26-2017 PM10  |   7.56 |   8.71 |   8.47 |   5.17 |I I 
05:37-Sun-Feb-26-2017 PM2.5 |   4.70 |   4.69 |   4.62 |   3.11 |I I 
05:38-Sun-Feb-26-2017 PM10  |  10.11 |   8.80 |   8.47 |   5.17 |I I 
05:38-Sun-Feb-26-2017 PM2.5 |   5.19 |   4.71 |   4.62 |   3.11 |I I 
05:42-Sun-Feb-26-2017 PM10  |  10.28 |   8.88 |   8.47 |   5.17 |I I 
05:42-Sun-Feb-26-2017 PM2.5 |   5.24 |   4.74 |   4.62 |   3.11 |I I 
05:43-Sun-Feb-26-2017 PM10  |   8.42 |   8.85 |   8.47 |   5.17 |I I 
05:43-Sun-Feb-26-2017 PM2.5 |   4.71 |   4.74 |   4.62 |   3.11 |I I 
05:47-Sun-Feb-26-2017 PM10  |   9.07 |   8.86 |   8.47 |   5.17 |I I 
05:47-Sun-Feb-26-2017 PM2.5 |   5.14 |   4.76 |   4.62 |   3.11 |I I 
05:48-Sun-Feb-26-2017 PM10  |   7.49 |   8.80 |   8.47 |   5.17 |I I 
05:48-Sun-Feb-26-2017 PM2.5 |   4.42 |   4.75 |   4.62 |   3.11 |I I 
05:52-Sun-Feb-26-2017 PM10  |   7.81 |   8.75 |   8.47 |   5.17 |I I 
05:52-Sun-Feb-26-2017 PM2.5 |   4.92 |   4.75 |   4.62 |   3.11 |I I 
05:53-Sun-Feb-26-2017 PM10  |  10.76 |   8.84 |   8.47 |   5.17 |I I 
05:53-Sun-Feb-26-2017 PM2.5 |   4.66 |   4.75 |   4.62 |   3.11 |I I 
05:57-Sun-Feb-26-2017 PM10  |   8.10 |   8.81 |   8.47 |   5.17 |I I 
05:57-Sun-Feb-26-2017 PM2.5 |   4.52 |   4.74 |   4.62 |   3.11 |I I 
05:58-Sun-Feb-26-2017 PM10  |   8.10 |   8.78 |   8.47 |   5.17 |I I 
05:58-Sun-Feb-26-2017 PM2.5 |   4.52 |   4.73 |   4.62 |   3.11 |I I 
05:59-Sun-Feb-26-2017 PM10  |   9.53 |   8.81 |   8.47 |   5.17 |I I 
05:59-Sun-Feb-26-2017 PM2.5 |   4.56 |   4.72 |   4.62 |   3.11 |I I 
06:03-Sun-Feb-26-2017 PM10  |   8.75 |   8.81 |   8.81 |   5.17 |I I 
06:03-Sun-Feb-26-2017 PM2.5 |   4.87 |   4.73 |   4.73 |   3.11 |I I 
06:04-Sun-Feb-26-2017 PM10  |   8.54 |   8.54 |   8.81 |   5.17 |I I 
06:04-Sun-Feb-26-2017 PM2.5 |   4.66 |   4.66 |   4.73 |   3.11 |I I 
06:08-Sun-Feb-26-2017 PM10  |   6.93 |   7.74 |   8.81 |   5.17 |I I 
06:08-Sun-Feb-26-2017 PM2.5 |   4.41 |   4.53 |   4.73 |   3.11 |I I 
06:09-Sun-Feb-26-2017 PM10  |   9.54 |   8.34 |   8.81 |   5.17 |I I 
06:09-Sun-Feb-26-2017 PM2.5 |   4.82 |   4.63 |   4.73 |   3.11 |I I 
06:13-Sun-Feb-26-2017 PM10  |  10.89 |   8.98 |   8.81 |   5.17 |I I 
06:13-Sun-Feb-26-2017 PM2.5 |   5.18 |   4.77 |   4.73 |   3.11 |I I 
06:14-Sun-Feb-26-2017 PM10  |   8.53 |   8.89 |   8.81 |   5.17 |I I 
06:14-Sun-Feb-26-2017 PM2.5 |   4.85 |   4.78 |   4.73 |   3.11 |I I 
06:18-Sun-Feb-26-2017 PM10  |  11.84 |   9.38 |   8.81 |   5.17 |I I 
06:18-Sun-Feb-26-2017 PM2.5 |   5.07 |   4.83 |   4.73 |   3.11 |I I 
06:19-Sun-Feb-26-2017 PM10  |  10.63 |   9.56 |   8.81 |   5.17 |I I 
06:19-Sun-Feb-26-2017 PM2.5 |   5.00 |   4.86 |   4.73 |   3.11 |I I 
06:23-Sun-Feb-26-2017 PM10  |   7.80 |   9.34 |   8.81 |   5.17 |I I 
06:23-Sun-Feb-26-2017 PM2.5 |   5.08 |   4.88 |   4.73 |   3.11 |I I 
06:24-Sun-Feb-26-2017 PM10  |   7.80 |   9.17 |   8.81 |   5.17 |I I 
06:24-Sun-Feb-26-2017 PM2.5 |   5.08 |   4.91 |   4.73 |   3.11 |I I 
06:25-Sun-Feb-26-2017 PM10  |   7.82 |   9.03 |   8.81 |   5.17 |I I 
06:25-Sun-Feb-26-2017 PM2.5 |   4.73 |   4.89 |   4.73 |   3.11 |I I 
06:29-Sun-Feb-26-2017 PM10  |   8.19 |   8.96 |   8.81 |   5.17 |I I 
06:29-Sun-Feb-26-2017 PM2.5 |   4.97 |   4.89 |   4.73 |   3.11 |I I 
06:30-Sun-Feb-26-2017 PM10  |   7.81 |   8.86 |   8.81 |   5.17 |I I 
06:30-Sun-Feb-26-2017 PM2.5 |   4.94 |   4.90 |   4.73 |   3.11 |I I 
06:34-Sun-Feb-26-2017 PM10  |  12.11 |   9.11 |   8.81 |   5.17 |I I 
06:34-Sun-Feb-26-2017 PM2.5 |   5.26 |   4.93 |   4.73 |   3.11 |I I 
06:35-Sun-Feb-26-2017 PM10  |  10.06 |   9.18 |   8.81 |   5.17 |I I 
06:35-Sun-Feb-26-2017 PM2.5 |   5.27 |   4.95 |   4.73 |   3.11 |I I 
06:39-Sun-Feb-26-2017 PM10  |   8.81 |   9.15 |   8.81 |   5.17 |I I 
06:39-Sun-Feb-26-2017 PM2.5 |   5.05 |   4.96 |   4.73 |   3.11 |I I 
06:40-Sun-Feb-26-2017 PM10  |  10.04 |   9.21 |   8.81 |   5.17 |I I 
06:40-Sun-Feb-26-2017 PM2.5 |   4.81 |   4.95 |   4.73 |   3.11 |I I 
06:44-Sun-Feb-26-2017 PM10  |   9.82 |   9.24 |   8.81 |   5.17 |I I 
06:44-Sun-Feb-26-2017 PM2.5 |   5.00 |   4.95 |   4.73 |   3.11 |I I 
06:45-Sun-Feb-26-2017 PM10  |  10.97 |   9.34 |   8.81 |   5.17 |I I 
06:45-Sun-Feb-26-2017 PM2.5 |   5.12 |   4.96 |   4.73 |   3.11 |I I 
06:49-Sun-Feb-26-2017 PM10  |   9.56 |   9.35 |   8.81 |   5.17 |I I 
06:49-Sun-Feb-26-2017 PM2.5 |   5.21 |   4.97 |   4.73 |   3.11 |I I 
06:50-Sun-Feb-26-2017 PM10  |   9.56 |   9.36 |   8.81 |   5.17 |I I 
06:50-Sun-Feb-26-2017 PM2.5 |   5.21 |   4.99 |   4.73 |   3.11 |I I 
06:51-Sun-Feb-26-2017 PM10  |   8.48 |   9.32 |   8.81 |   5.17 |I I 
06:51-Sun-Feb-26-2017 PM2.5 |   4.82 |   4.98 |   4.73 |   3.11 |I I 
06:55-Sun-Feb-26-2017 PM10  |  10.65 |   9.38 |   8.81 |   5.17 |I I 
06:55-Sun-Feb-26-2017 PM2.5 |   5.23 |   4.99 |   4.73 |   3.11 |I I 
06:56-Sun-Feb-26-2017 PM10  |   9.84 |   9.40 |   8.81 |   5.17 |I I 
06:56-Sun-Feb-26-2017 PM2.5 |   5.20 |   5.00 |   4.73 |   3.11 |I I 
07:01-Sun-Feb-26-2017 PM10  |   9.68 |   9.41 |   9.41 |   5.17 |I I 
07:01-Sun-Feb-26-2017 PM2.5 |   5.12 |   5.00 |   5.00 |   3.11 |I I 
07:02-Sun-Feb-26-2017 PM10  |   9.73 |   9.73 |   9.41 |   5.17 |I I 
07:02-Sun-Feb-26-2017 PM2.5 |   5.24 |   5.24 |   5.00 |   3.11 |I I 
07:06-Sun-Feb-26-2017 PM10  |   8.83 |   9.28 |   9.41 |   5.17 |I I 
07:06-Sun-Feb-26-2017 PM2.5 |   5.41 |   5.32 |   5.00 |   3.11 |I I 
07:07-Sun-Feb-26-2017 PM10  |   8.61 |   9.06 |   9.41 |   5.17 |I I 
07:07-Sun-Feb-26-2017 PM2.5 |   5.09 |   5.24 |   5.00 |   3.11 |I I 
07:11-Sun-Feb-26-2017 PM10  |   8.49 |   8.91 |   9.41 |   5.17 |I I 
07:11-Sun-Feb-26-2017 PM2.5 |   5.28 |   5.25 |   5.00 |   3.11 |I I 
07:12-Sun-Feb-26-2017 PM10  |  10.52 |   9.23 |   9.41 |   5.17 |I I 
07:12-Sun-Feb-26-2017 PM2.5 |   5.40 |   5.28 |   5.00 |   3.11 |I I 
07:16-Sun-Feb-26-2017 PM10  |  10.27 |   9.41 |   9.41 |   5.17 |I I 
07:16-Sun-Feb-26-2017 PM2.5 |   5.51 |   5.32 |   5.00 |   3.11 |I I 
07:17-Sun-Feb-26-2017 PM10  |  12.70 |   9.88 |   9.41 |   5.17 |I I 
07:17-Sun-Feb-26-2017 PM2.5 |   5.34 |   5.32 |   5.00 |   3.11 |I I 
07:18-Sun-Feb-26-2017 PM10  |  12.70 |  10.23 |   9.41 |   5.17 |I I 
07:18-Sun-Feb-26-2017 PM2.5 |   5.34 |   5.33 |   5.00 |   3.11 |I I 
07:22-Sun-Feb-26-2017 PM10  |   9.84 |  10.19 |   9.41 |   5.17 |I I 
07:22-Sun-Feb-26-2017 PM2.5 |   5.54 |   5.35 |   5.00 |   3.11 |I I 
07:23-Sun-Feb-26-2017 PM10  |  10.23 |  10.19 |   9.41 |   5.17 |I I 
07:23-Sun-Feb-26-2017 PM2.5 |   5.58 |   5.37 |   5.00 |   3.11 |I I 
07:27-Sun-Feb-26-2017 PM10  |  10.64 |  10.23 |   9.41 |   5.17 |I I 
07:27-Sun-Feb-26-2017 PM2.5 |   5.49 |   5.38 |   5.00 |   3.11 |I I 
07:28-Sun-Feb-26-2017 PM10  |  12.38 |  10.41 |   9.41 |   5.17 |I I 
07:28-Sun-Feb-26-2017 PM2.5 |   5.92 |   5.43 |   5.00 |   3.11 |I I 
07:32-Sun-Feb-26-2017 PM10  |  14.53 |  10.73 |   9.41 |   5.17 |I I 
07:32-Sun-Feb-26-2017 PM2.5 |   6.53 |   5.51 |   5.00 |   3.11 |I I 
07:33-Sun-Feb-26-2017 PM10  |  16.22 |  11.12 |   9.41 |   5.17 |I I 
07:33-Sun-Feb-26-2017 PM2.5 |   6.20 |   5.56 |   5.00 |   3.11 |I I 
07:37-Sun-Feb-26-2017 PM10  |  12.02 |  11.18 |   9.41 |   5.17 |I I 
07:37-Sun-Feb-26-2017 PM2.5 |   5.90 |   5.58 |   5.00 |   3.11 |I I 
07:38-Sun-Feb-26-2017 PM10  |  12.07 |  11.24 |   9.41 |   5.17 |I I 
07:38-Sun-Feb-26-2017 PM2.5 |   5.28 |   5.56 |   5.00 |   3.11 |I I 
07:42-Sun-Feb-26-2017 PM10  |  12.35 |  11.30 |   9.41 |   5.17 |I I 
07:42-Sun-Feb-26-2017 PM2.5 |   5.60 |   5.57 |   5.00 |   3.11 |I I 
07:43-Sun-Feb-26-2017 PM10  |  11.16 |  11.29 |   9.41 |   5.17 |I I 
07:43-Sun-Feb-26-2017 PM2.5 |   5.57 |   5.57 |   5.00 |   3.11 |I I 
07:44-Sun-Feb-26-2017 PM10  |  11.16 |  11.29 |   9.41 |   5.17 |I I 
07:44-Sun-Feb-26-2017 PM2.5 |   5.57 |   5.57 |   5.00 |   3.11 |I I 
07:48-Sun-Feb-26-2017 PM10  |  11.23 |  11.28 |   9.41 |   5.17 |I I 
07:48-Sun-Feb-26-2017 PM2.5 |   5.73 |   5.58 |   5.00 |   3.11 |I I 
07:49-Sun-Feb-26-2017 PM10  |   9.90 |  11.22 |   9.41 |   5.17 |I I 
07:49-Sun-Feb-26-2017 PM2.5 |   5.16 |   5.56 |   5.00 |   3.11 |I I 
07:53-Sun-Feb-26-2017 PM10  |   9.62 |  11.15 |   9.41 |   5.17 |I I 
07:53-Sun-Feb-26-2017 PM2.5 |   5.54 |   5.55 |   5.00 |   3.11 |I I 
07:54-Sun-Feb-26-2017 PM10  |  11.04 |  11.14 |   9.41 |   5.17 |I I 
07:54-Sun-Feb-26-2017 PM2.5 |   5.65 |   5.56 |   5.00 |   3.11 |I I 
07:58-Sun-Feb-26-2017 PM10  |  10.88 |  11.13 |   9.41 |   5.17 |I I 
07:58-Sun-Feb-26-2017 PM2.5 |   5.98 |   5.58 |   5.00 |   3.11 |I I 
07:59-Sun-Feb-26-2017 PM10  |  13.11 |  11.21 |   9.41 |   5.17 |I I 
07:59-Sun-Feb-26-2017 PM2.5 |   5.87 |   5.59 |   5.00 |   3.11 |I I 
08:03-Sun-Feb-26-2017 PM10  |  12.97 |  11.28 |  11.28 |   5.17 |I I 
08:03-Sun-Feb-26-2017 PM2.5 |   6.47 |   5.62 |   5.62 |   3.11 |I I 
08:04-Sun-Feb-26-2017 PM10  |  13.30 |  13.30 |  11.28 |   5.17 |I I 
08:04-Sun-Feb-26-2017 PM2.5 |   6.28 |   6.28 |   5.62 |   3.11 |I I 
08:08-Sun-Feb-26-2017 PM10  |  14.24 |  13.77 |  11.28 |   5.17 |I I 
08:08-Sun-Feb-26-2017 PM2.5 |   6.79 |   6.53 |   5.62 |   3.11 |I I 
08:09-Sun-Feb-26-2017 PM10  |  14.23 |  13.92 |  11.28 |   5.17 |I I 
08:09-Sun-Feb-26-2017 PM2.5 |   6.45 |   6.50 |   5.62 |   3.11 |I I 
08:10-Sun-Feb-26-2017 PM10  |  14.23 |  14.00 |  11.28 |   5.17 |I I 
08:10-Sun-Feb-26-2017 PM2.5 |   6.45 |   6.49 |   5.62 |   3.11 |I I 
08:14-Sun-Feb-26-2017 PM10  |  15.96 |  14.39 |  11.28 |   5.17 |I I 
08:14-Sun-Feb-26-2017 PM2.5 |   6.91 |   6.57 |   5.62 |   3.11 |I I 
08:15-Sun-Feb-26-2017 PM10  |  13.36 |  14.22 |  11.28 |   5.17 |I I 
08:15-Sun-Feb-26-2017 PM2.5 |   6.59 |   6.57 |   5.62 |   3.11 |I I 
08:19-Sun-Feb-26-2017 PM10  |  13.60 |  14.13 |  11.28 |   5.17 |I I 
08:19-Sun-Feb-26-2017 PM2.5 |   6.56 |   6.57 |   5.62 |   3.11 |I I 
08:20-Sun-Feb-26-2017 PM10  |  12.71 |  13.95 |  11.28 |   5.17 |I I 
08:20-Sun-Feb-26-2017 PM2.5 |   6.07 |   6.51 |   5.62 |   3.11 |I I 
08:24-Sun-Feb-26-2017 PM10  |  13.67 |  13.92 |  11.28 |   5.17 |I I 
08:24-Sun-Feb-26-2017 PM2.5 |   6.16 |   6.47 |   5.62 |   3.11 |I I 
08:25-Sun-Feb-26-2017 PM10  |  11.75 |  13.70 |  11.28 |   5.17 |I I 
08:25-Sun-Feb-26-2017 PM2.5 |   5.97 |   6.42 |   5.62 |   3.11 |I I 
08:29-Sun-Feb-26-2017 PM10  |  13.59 |  13.69 |  11.28 |   5.17 |I I 
08:29-Sun-Feb-26-2017 PM2.5 |   6.08 |   6.39 |   5.62 |   3.11 |I I 
08:30-Sun-Feb-26-2017 PM10  |  12.61 |  13.60 |  11.28 |   5.17 |I I 
08:30-Sun-Feb-26-2017 PM2.5 |   6.19 |   6.37 |   5.62 |   3.11 |I I 
08:34-Sun-Feb-26-2017 PM10  |  13.74 |  13.61 |  11.28 |   5.17 |I I 
08:34-Sun-Feb-26-2017 PM2.5 |   6.52 |   6.38 |   5.62 |   3.11 |I I 
08:35-Sun-Feb-26-2017 PM10  |  12.91 |  13.56 |  11.28 |   5.17 |I I 
08:35-Sun-Feb-26-2017 PM2.5 |   6.05 |   6.36 |   5.62 |   3.11 |I I 
08:39-Sun-Feb-26-2017 PM10  |  12.95 |  13.52 |  11.28 |   5.17 |I I 
08:39-Sun-Feb-26-2017 PM2.5 |   6.62 |   6.38 |   5.62 |   3.11 |I I 
08:40-Sun-Feb-26-2017 PM10  |  12.95 |  13.49 |  11.28 |   5.17 |I I 
08:40-Sun-Feb-26-2017 PM2.5 |   6.62 |   6.39 |   5.62 |   3.11 |I I 
08:41-Sun-Feb-26-2017 PM10  |  13.28 |  13.48 |  11.28 |   5.17 |I I 
08:41-Sun-Feb-26-2017 PM2.5 |   6.71 |   6.41 |   5.62 |   3.11 |I I 
08:45-Sun-Feb-26-2017 PM10  |  14.08 |  13.51 |  11.28 |   5.17 |I I 
08:45-Sun-Feb-26-2017 PM2.5 |   6.85 |   6.43 |   5.62 |   3.11 |I I 
08:46-Sun-Feb-26-2017 PM10  |  13.17 |  13.49 |  11.28 |   5.17 |I I 
08:46-Sun-Feb-26-2017 PM2.5 |   6.86 |   6.46 |   5.62 |   3.11 |I I 
08:50-Sun-Feb-26-2017 PM10  |  13.44 |  13.49 |  11.28 |   5.17 |I I 
08:50-Sun-Feb-26-2017 PM2.5 |   6.96 |   6.48 |   5.62 |   3.11 |I I 
08:51-Sun-Feb-26-2017 PM10  |  15.95 |  13.61 |  11.28 |   5.17 |I I 
08:51-Sun-Feb-26-2017 PM2.5 |   7.17 |   6.51 |   5.62 |   3.11 |I I 
08:55-Sun-Feb-26-2017 PM10  |  12.36 |  13.55 |  11.28 |   5.17 |I I 
08:55-Sun-Feb-26-2017 PM2.5 |   6.85 |   6.53 |   5.62 |   3.11 |I I 
08:56-Sun-Feb-26-2017 PM10  |  11.97 |  13.48 |  11.28 |   5.17 |I I 
08:56-Sun-Feb-26-2017 PM2.5 |   6.42 |   6.53 |   5.62 |   3.11 |I I 
09:00-Sun-Feb-26-2017 PM10  |  14.66 |  13.53 |  13.53 |   5.17 |I I 
09:00-Sun-Feb-26-2017 PM2.5 |   7.26 |   6.56 |   6.56 |   3.11 |I I 
09:01-Sun-Feb-26-2017 PM10  |  14.71 |  14.71 |  13.53 |   5.17 |I I 
09:01-Sun-Feb-26-2017 PM2.5 |   7.22 |   7.22 |   6.56 |   3.11 |I I 
09:05-Sun-Feb-26-2017 PM10  |  14.16 |  14.43 |  13.53 |   5.17 |I I 
09:05-Sun-Feb-26-2017 PM2.5 |   7.72 |   7.47 |   6.56 |   3.11 |I I 
09:06-Sun-Feb-26-2017 PM10  |  14.16 |  14.34 |  13.53 |   5.17 |I I 
09:06-Sun-Feb-26-2017 PM2.5 |   7.72 |   7.55 |   6.56 |   3.11 |I I 
09:07-Sun-Feb-26-2017 PM10  |  19.87 |  15.73 |  13.53 |   5.17 |I I 
09:07-Sun-Feb-26-2017 PM2.5 |   7.61 |   7.57 |   6.56 |   3.11 |I I 
09:11-Sun-Feb-26-2017 PM10  |  16.50 |  15.88 |  13.53 |   5.17 |I I 
09:11-Sun-Feb-26-2017 PM2.5 |   8.09 |   7.67 |   6.56 |   3.11 |I I 
09:12-Sun-Feb-26-2017 PM10  |  22.21 |  16.94 |  13.53 |   5.17 |I I 
09:12-Sun-Feb-26-2017 PM2.5 |   9.79 |   8.03 |   6.56 |   3.11 |I I 
09:16-Sun-Feb-26-2017 PM10  |  17.71 |  17.05 |  13.53 |   5.17 |I I 
09:16-Sun-Feb-26-2017 PM2.5 |   8.97 |   8.16 |   6.56 |   3.11 |I I 
09:17-Sun-Feb-26-2017 PM10  |  12.95 |  16.53 |  13.53 |   5.17 |I I 
09:17-Sun-Feb-26-2017 PM2.5 |   7.21 |   8.04 |   6.56 |   3.11 |I I 
09:21-Sun-Feb-26-2017 PM10  |  16.11 |  16.49 |  13.53 |   5.17 |I I 
09:21-Sun-Feb-26-2017 PM2.5 |   8.33 |   8.07 |   6.56 |   3.11 |I I 
09:22-Sun-Feb-26-2017 PM10  |  14.92 |  16.33 |  13.53 |   5.17 |I I 
09:22-Sun-Feb-26-2017 PM2.5 |   7.28 |   7.99 |   6.56 |   3.11 |I I 
09:26-Sun-Feb-26-2017 PM10  |  15.48 |  16.25 |  13.53 |   5.17 |I I 
09:26-Sun-Feb-26-2017 PM2.5 |   7.76 |   7.97 |   6.56 |   3.11 |I I 
09:27-Sun-Feb-26-2017 PM10  |  15.39 |  16.18 |  13.53 |   5.17 |I I 
09:27-Sun-Feb-26-2017 PM2.5 |   7.17 |   7.91 |   6.56 |   3.11 |I I 
09:31-Sun-Feb-26-2017 PM10  |  17.41 |  16.28 |  13.53 |   5.17 |I I 
09:31-Sun-Feb-26-2017 PM2.5 |   7.78 |   7.90 |   6.56 |   3.11 |I I 
09:32-Sun-Feb-26-2017 PM10  |  13.76 |  16.10 |  13.53 |   5.17 |I I 
09:32-Sun-Feb-26-2017 PM2.5 |   7.14 |   7.84 |   6.56 |   3.11 |I I 
09:33-Sun-Feb-26-2017 PM10  |  13.76 |  15.94 |  13.53 |   5.17 |I I 
09:33-Sun-Feb-26-2017 PM2.5 |   7.14 |   7.79 |   6.56 |   3.11 |I I 
09:37-Sun-Feb-26-2017 PM10  |  16.49 |  15.97 |  13.53 |   5.17 |I I 
09:37-Sun-Feb-26-2017 PM2.5 |   7.57 |   7.78 |   6.56 |   3.11 |I I 
09:38-Sun-Feb-26-2017 PM10  |  13.28 |  15.82 |  13.53 |   5.17 |I I 
09:38-Sun-Feb-26-2017 PM2.5 |   7.05 |   7.74 |   6.56 |   3.11 |I I 
09:42-Sun-Feb-26-2017 PM10  |  16.79 |  15.87 |  13.53 |   5.17 |I I 
09:42-Sun-Feb-26-2017 PM2.5 |   7.42 |   7.72 |   6.56 |   3.11 |I I 
09:43-Sun-Feb-26-2017 PM10  |  13.38 |  15.74 |  13.53 |   5.17 |I I 
09:43-Sun-Feb-26-2017 PM2.5 |   6.94 |   7.68 |   6.56 |   3.11 |I I 
09:47-Sun-Feb-26-2017 PM10  |  15.71 |  15.74 |  13.53 |   5.17 |I I 
09:47-Sun-Feb-26-2017 PM2.5 |   7.52 |   7.67 |   6.56 |   3.11 |I I 
09:48-Sun-Feb-26-2017 PM10  |  13.37 |  15.62 |  13.53 |   5.17 |I I 
09:48-Sun-Feb-26-2017 PM2.5 |   6.91 |   7.63 |   6.56 |   3.11 |I I 
09:52-Sun-Feb-26-2017 PM10  |  15.78 |  15.63 |  13.53 |   5.17 |I I 
09:52-Sun-Feb-26-2017 PM2.5 |   7.37 |   7.62 |   6.56 |   3.11 |I I 
09:53-Sun-Feb-26-2017 PM10  |  18.92 |  15.77 |  13.53 |   5.17 |I I 
09:53-Sun-Feb-26-2017 PM2.5 |   7.84 |   7.63 |   6.56 |   3.11 |I I 
09:57-Sun-Feb-26-2017 PM10  |  15.51 |  15.76 |  13.53 |   5.17 |I I 
09:57-Sun-Feb-26-2017 PM2.5 |   8.08 |   7.65 |   6.56 |   3.11 |I I 
09:58-Sun-Feb-26-2017 PM10  |  16.49 |  15.79 |  13.53 |   5.17 |I I 
09:58-Sun-Feb-26-2017 PM2.5 |   8.44 |   7.68 |   6.56 |   3.11 |I I 
10:00-Sun-Feb-26-2017 PM10  |  16.49 |  15.82 |  15.82 |   5.17 |I I 
10:00-Sun-Feb-26-2017 PM2.5 |   8.44 |   7.71 |   7.71 |   3.11 |I I 
10:04-Sun-Feb-26-2017 PM10  |  17.96 |  17.96 |  15.82 |   5.17 |I I 
10:04-Sun-Feb-26-2017 PM2.5 |   8.57 |   8.57 |   7.71 |   3.11 |I I 
10:05-Sun-Feb-26-2017 PM10  |  15.87 |  16.91 |  15.82 |   5.17 |I I 
10:05-Sun-Feb-26-2017 PM2.5 |   8.07 |   8.32 |   7.71 |   3.11 |I I 
10:09-Sun-Feb-26-2017 PM10  |  18.36 |  17.39 |  15.82 |   5.17 |I I 
10:09-Sun-Feb-26-2017 PM2.5 |   8.98 |   8.54 |   7.71 |   3.11 |I I 
10:10-Sun-Feb-26-2017Timeout Event handler
10:10-Sun-Feb-26-2017 PM10  |  17.94 |  17.53 |  15.82 |   5.17 |B I 
10:10-Sun-Feb-26-2017 PM2.5 |   9.06 |   8.67 |   7.71 |   3.11 |B I 
10:14-Sun-Feb-26-2017recover dati per host :salvatorehost.no-ip.org/aria
10:14-Sun-Feb-26-2017 PM10  |  18.13 |  17.65 |  15.82 |   5.17 |I I 
10:14-Sun-Feb-26-2017 PM2.5 |   9.26 |   8.79 |   7.71 |   3.11 |I I 
10:15-Sun-Feb-26-2017 PM10  |  19.21 |  17.91 |  15.82 |   5.17 |I I 
10:15-Sun-Feb-26-2017 PM2.5 |   9.61 |   8.93 |   7.71 |   3.11 |I I 
10:19-Sun-Feb-26-2017 PM10  |  21.46 |  18.42 |  15.82 |   5.17 |I I 
10:19-Sun-Feb-26-2017 PM2.5 |  10.41 |   9.14 |   7.71 |   3.11 |I I 
10:20-Sun-Feb-26-2017 PM10  |  21.11 |  18.75 |  15.82 |   5.17 |I I 
10:20-Sun-Feb-26-2017 PM2.5 |   9.07 |   9.13 |   7.71 |   3.11 |I I 
10:24-Sun-Feb-26-2017 PM10  |  20.23 |  18.92 |  15.82 |   5.17 |I I 
10:24-Sun-Feb-26-2017 PM2.5 |   9.57 |   9.18 |   7.71 |   3.11 |I I 
10:25-Sun-Feb-26-2017 PM10  |  21.63 |  19.19 |  15.82 |   5.17 |I I 
10:25-Sun-Feb-26-2017 PM2.5 |   9.34 |   9.20 |   7.71 |   3.11 |I I 
10:29-Sun-Feb-26-2017 PM10  |  21.74 |  19.42 |  15.82 |   5.17 |I I 
10:29-Sun-Feb-26-2017 PM2.5 |   9.76 |   9.25 |   7.71 |   3.11 |I I 
10:30-Sun-Feb-26-2017 PM10  |  21.74 |  19.61 |  15.82 |   5.17 |I I 
10:30-Sun-Feb-26-2017 PM2.5 |   9.76 |   9.29 |   7.71 |   3.11 |I I 
10:31-Sun-Feb-26-2017 PM10  |  19.50 |  19.61 |  15.82 |   5.17 |I I 
10:31-Sun-Feb-26-2017 PM2.5 |   8.52 |   9.23 |   7.71 |   3.11 |I I 
10:35-Sun-Feb-26-2017 PM10  |  19.11 |  19.57 |  15.82 |   5.17 |I I 
10:35-Sun-Feb-26-2017 PM2.5 |   9.63 |   9.26 |   7.71 |   3.11 |I I 
10:36-Sun-Feb-26-2017 PM10  |  18.44 |  19.50 |  15.82 |   5.17 |I I 
10:36-Sun-Feb-26-2017 PM2.5 |   9.13 |   9.25 |   7.71 |   3.11 |I I 
10:40-Sun-Feb-26-2017 PM10  |  21.16 |  19.60 |  15.82 |   5.17 |I I 
10:40-Sun-Feb-26-2017 PM2.5 |   9.45 |   9.26 |   7.71 |   3.11 |I I 
10:41-Sun-Feb-26-2017 PM10  |  19.62 |  19.60 |  15.82 |   5.17 |I I 
10:41-Sun-Feb-26-2017 PM2.5 |   9.74 |   9.29 |   7.71 |   3.11 |I I 
10:45-Sun-Feb-26-2017 PM10  |  21.15 |  19.69 |  15.82 |   5.17 |I I 
10:45-Sun-Feb-26-2017 PM2.5 |   9.74 |   9.32 |   7.71 |   3.11 |I I 
10:46-Sun-Feb-26-2017 PM10  |  19.85 |  19.70 |  15.82 |   5.17 |I I 
10:46-Sun-Feb-26-2017 PM2.5 |   9.44 |   9.32 |   7.71 |   3.11 |I I 
10:50-Sun-Feb-26-2017 PM10  |  20.81 |  19.75 |  15.82 |   5.17 |I I 
10:50-Sun-Feb-26-2017 PM2.5 |   9.17 |   9.31 |   7.71 |   3.11 |I I 
10:51-Sun-Feb-26-2017 PM10  |  20.16 |  19.77 |  15.82 |   5.17 |I I 
10:51-Sun-Feb-26-2017 PM2.5 |   9.09 |   9.30 |   7.71 |   3.11 |I I 
10:55-Sun-Feb-26-2017 PM10  |  19.89 |  19.78 |  15.82 |   5.17 |I I 
10:55-Sun-Feb-26-2017 PM2.5 |   9.59 |   9.32 |   7.71 |   3.11 |I I 
10:56-Sun-Feb-26-2017 PM10  |  19.81 |  19.78 |  15.82 |   5.17 |I I 
10:56-Sun-Feb-26-2017 PM2.5 |   9.56 |   9.33 |   7.71 |   3.11 |I I 
10:57-Sun-Feb-26-2017 PM10  |  19.81 |  19.78 |  15.82 |   5.17 |I I 
10:57-Sun-Feb-26-2017 PM2.5 |   9.56 |   9.34 |   7.71 |   3.11 |I I 
11:01-Sun-Feb-26-2017 PM10  |  23.04 |  19.91 |  19.91 |   5.17 |I I 
11:01-Sun-Feb-26-2017 PM2.5 |  10.04 |   9.36 |   9.36 |   3.11 |I I 
11:02-Sun-Feb-26-2017 PM10  |  20.72 |  20.72 |  19.91 |   5.17 |I I 
11:02-Sun-Feb-26-2017 PM2.5 |   9.31 |   9.31 |   9.36 |   3.11 |I I 
11:06-Sun-Feb-26-2017 PM10  |  21.99 |  21.36 |  19.91 |   5.17 |I I 
11:06-Sun-Feb-26-2017 PM2.5 |  10.43 |   9.87 |   9.36 |   3.11 |I I 
11:07-Sun-Feb-26-2017 PM10  |  22.08 |  21.60 |  19.91 |   5.17 |I I 
11:07-Sun-Feb-26-2017 PM2.5 |   9.23 |   9.66 |   9.36 |   3.11 |I I 
11:11-Sun-Feb-26-2017 PM10  |  18.79 |  20.90 |  19.91 |   5.17 |I I 
11:11-Sun-Feb-26-2017 PM2.5 |   9.34 |   9.58 |   9.36 |   3.11 |I I 
11:12-Sun-Feb-26-2017 PM10  |  18.43 |  20.40 |  19.91 |   5.17 |I I 
11:12-Sun-Feb-26-2017 PM2.5 |   9.25 |   9.51 |   9.36 |   3.11 |I I 
11:16-Sun-Feb-26-2017 PM10  |  18.36 |  20.06 |  19.91 |   5.17 |I I 
11:16-Sun-Feb-26-2017 PM2.5 |   9.50 |   9.51 |   9.36 |   3.11 |I I 
11:17-Sun-Feb-26-2017 PM10  |  19.27 |  19.95 |  19.91 |   5.17 |I I 
11:17-Sun-Feb-26-2017 PM2.5 |   8.73 |   9.40 |   9.36 |   3.11 |I I 
11:21-Sun-Feb-26-2017 PM10  |  19.02 |  19.83 |  19.91 |   5.17 |I I 
11:21-Sun-Feb-26-2017 PM2.5 |   9.41 |   9.40 |   9.36 |   3.11 |I I 
11:22-Sun-Feb-26-2017 PM10  |  17.96 |  19.63 |  19.91 |   5.17 |I I 
11:22-Sun-Feb-26-2017 PM2.5 |   9.26 |   9.39 |   9.36 |   3.11 |I I 
11:23-Sun-Feb-26-2017 PM10  |  17.96 |  19.46 |  19.91 |   5.17 |I I 
11:23-Sun-Feb-26-2017 PM2.5 |   9.26 |   9.37 |   9.36 |   3.11 |I I 
11:27-Sun-Feb-26-2017 PM10  |  20.85 |  19.59 |  19.91 |   5.17 |I I 
11:27-Sun-Feb-26-2017 PM2.5 |   9.03 |   9.34 |   9.36 |   3.11 |I I 
11:28-Sun-Feb-26-2017 PM10  |  19.57 |  19.59 |  19.91 |   5.17 |I I 
11:28-Sun-Feb-26-2017 PM2.5 |   8.92 |   9.31 |   9.36 |   3.11 |I I 
11:32-Sun-Feb-26-2017 PM10  |  20.45 |  19.65 |  19.91 |   5.17 |I I 
11:32-Sun-Feb-26-2017 PM2.5 |   9.15 |   9.29 |   9.36 |   3.11 |I I 
11:33-Sun-Feb-26-2017 PM10  |  18.37 |  19.56 |  19.91 |   5.17 |I I 
11:33-Sun-Feb-26-2017 PM2.5 |   8.44 |   9.23 |   9.36 |   3.11 |I I 
11:37-Sun-Feb-26-2017 PM10  |  16.69 |  19.37 |  19.91 |   5.17 |I I 
11:37-Sun-Feb-26-2017 PM2.5 |   8.47 |   9.18 |   9.36 |   3.11 |I I 
11:38-Sun-Feb-26-2017 PM10  |  15.31 |  19.12 |  19.91 |   5.17 |I I 
11:38-Sun-Feb-26-2017 PM2.5 |   7.96 |   9.11 |   9.36 |   3.11 |I I 
11:42-Sun-Feb-26-2017 PM10  |  16.03 |  18.93 |  19.91 |   5.17 |I I 
11:42-Sun-Feb-26-2017 PM2.5 |   8.82 |   9.09 |   9.36 |   3.11 |I I 
11:43-Sun-Feb-26-2017 PM10  |  23.68 |  19.20 |  19.91 |   5.17 |I I 
11:43-Sun-Feb-26-2017 PM2.5 |   8.48 |   9.06 |   9.36 |   3.11 |I I 
11:47-Sun-Feb-26-2017 PM10  |  17.71 |  19.12 |  19.91 |   5.17 |I I 
11:47-Sun-Feb-26-2017 PM2.5 |   8.63 |   9.03 |   9.36 |   3.11 |I I 
11:48-Sun-Feb-26-2017 PM10  |  17.07 |  19.02 |  19.91 |   5.17 |I I 
11:48-Sun-Feb-26-2017 PM2.5 |   8.28 |   9.00 |   9.36 |   3.11 |I I 
11:49-Sun-Feb-26-2017 PM10  |  17.07 |  18.92 |  19.91 |   5.17 |I I 
11:49-Sun-Feb-26-2017 PM2.5 |   8.28 |   8.96 |   9.36 |   3.11 |I I 
11:53-Sun-Feb-26-2017 PM10  |  18.91 |  18.92 |  19.91 |   5.17 |I I 
11:53-Sun-Feb-26-2017 PM2.5 |   9.16 |   8.97 |   9.36 |   3.11 |I I 
11:54-Sun-Feb-26-2017 PM10  |  17.22 |  18.85 |  19.91 |   5.17 |I I 
11:54-Sun-Feb-26-2017 PM2.5 |   8.32 |   8.94 |   9.36 |   3.11 |I I 
11:58-Sun-Feb-26-2017 PM10  |  17.30 |  18.79 |  19.91 |   5.17 |I I 
11:58-Sun-Feb-26-2017 PM2.5 |   8.88 |   8.94 |   9.36 |   3.11 |I I 
11:59-Sun-Feb-26-2017 PM10  |  16.60 |  18.70 |  19.91 |   5.17 |I I 
11:59-Sun-Feb-26-2017 PM2.5 |   8.11 |   8.91 |   9.36 |   3.11 |I I 
12:03-Sun-Feb-26-2017 PM10  |  17.62 |  18.66 |  19.91 |   5.17 |I I 
12:03-Sun-Feb-26-2017 PM2.5 |   8.32 |   8.88 |   9.36 |   3.11 |I I 
12:04-Sun-Feb-26-2017 PM10  |  17.45 |  17.45 |  19.91 |   5.17 |I I 
12:04-Sun-Feb-26-2017 PM2.5 |   8.58 |   8.58 |   9.36 |   3.11 |I I 
12:08-Sun-Feb-26-2017 PM10  |  17.99 |  17.72 |  19.91 |   5.17 |I I 
12:08-Sun-Feb-26-2017 PM2.5 |   9.12 |   8.85 |   9.36 |   3.11 |I I 
12:09-Sun-Feb-26-2017 PM10  |  20.47 |  18.64 |  19.91 |   5.17 |I I 
12:09-Sun-Feb-26-2017 PM2.5 |   8.26 |   8.65 |   9.36 |   3.11 |I I 
12:13-Sun-Feb-26-2017 PM10  |  19.27 |  18.80 |  19.91 |   5.17 |I I 
12:13-Sun-Feb-26-2017 PM2.5 |   9.05 |   8.75 |   9.36 |   3.11 |I I 
12:14-Sun-Feb-26-2017 PM10  |  23.89 |  19.82 |  19.91 |   5.17 |I I 
12:14-Sun-Feb-26-2017 PM2.5 |   8.86 |   8.77 |   9.36 |   3.11 |I I 
12:18-Sun-Feb-26-2017 PM10  |  17.86 |  19.49 |  19.91 |   5.17 |I I 
12:18-Sun-Feb-26-2017 PM2.5 |   9.06 |   8.82 |   9.36 |   3.11 |I I 
12:19-Sun-Feb-26-2017 PM10  |  17.86 |  19.26 |  19.91 |   5.17 |I I 
12:19-Sun-Feb-26-2017 PM2.5 |   9.06 |   8.85 |   9.36 |   3.11 |I I 
12:20-Sun-Feb-26-2017 PM10  |  16.65 |  18.93 |  19.91 |   5.17 |I I 
12:20-Sun-Feb-26-2017 PM2.5 |   8.27 |   8.78 |   9.36 |   3.11 |I I 
12:24-Sun-Feb-26-2017 PM10  |  18.96 |  18.94 |  19.91 |   5.17 |I I 
12:24-Sun-Feb-26-2017 PM2.5 |   8.78 |   8.78 |   9.36 |   3.11 |I I 
12:25-Sun-Feb-26-2017 PM10  |  23.83 |  19.43 |  19.91 |   5.17 |I I 
12:25-Sun-Feb-26-2017 PM2.5 |  10.03 |   8.90 |   9.36 |   3.11 |I I 
12:29-Sun-Feb-26-2017 PM10  |  21.45 |  19.61 |  19.91 |   5.17 |I I 
12:29-Sun-Feb-26-2017 PM2.5 |   9.70 |   8.98 |   9.36 |   3.11 |I I 
12:30-Sun-Feb-26-2017 PM10  |  22.87 |  19.88 |  19.91 |   5.17 |I I 
12:30-Sun-Feb-26-2017 PM2.5 |   9.25 |   9.00 |   9.36 |   3.11 |I I 
12:34-Sun-Feb-26-2017 PM10  |  17.16 |  19.67 |  19.91 |   5.17 |I I 
12:34-Sun-Feb-26-2017 PM2.5 |   8.82 |   8.99 |   9.36 |   3.11 |I I 
12:35-Sun-Feb-26-2017 PM10  |  17.95 |  19.55 |  19.91 |   5.17 |I I 
12:35-Sun-Feb-26-2017 PM2.5 |   8.76 |   8.97 |   9.36 |   3.11 |I I 
12:39-Sun-Feb-26-2017 PM10  |  19.12 |  19.52 |  19.91 |   5.17 |I I 
12:39-Sun-Feb-26-2017 PM2.5 |   8.92 |   8.97 |   9.36 |   3.11 |I I 
12:40-Sun-Feb-26-2017 PM10  |  17.67 |  19.40 |  19.91 |   5.17 |I I 
12:40-Sun-Feb-26-2017 PM2.5 |   8.39 |   8.93 |   9.36 |   3.11 |I I 
12:45-Sun-Feb-26-2017 PM10  |  19.42 |  19.41 |  19.91 |   5.17 |I I 
12:45-Sun-Feb-26-2017 PM2.5 |   9.27 |   8.95 |   9.36 |   3.11 |I I 
12:46-Sun-Feb-26-2017 PM10  |  19.42 |  19.41 |  19.91 |   5.17 |I I 
12:46-Sun-Feb-26-2017 PM2.5 |   9.27 |   8.97 |   9.36 |   3.11 |I I 
12:47-Sun-Feb-26-2017 PM10  |  19.76 |  19.43 |  19.91 |   5.17 |I I 
12:47-Sun-Feb-26-2017 PM2.5 |   9.11 |   8.98 |   9.36 |   3.11 |I I 
12:51-Sun-Feb-26-2017 PM10  |  16.79 |  19.29 |  19.91 |   5.17 |I I 
12:51-Sun-Feb-26-2017 PM2.5 |   8.97 |   8.98 |   9.36 |   3.11 |I I 
12:52-Sun-Feb-26-2017 PM10  |  18.50 |  19.26 |  19.91 |   5.17 |I I 
12:52-Sun-Feb-26-2017 PM2.5 |   9.16 |   8.98 |   9.36 |   3.11 |I I 
12:56-Sun-Feb-26-2017 PM10  |  17.79 |  19.19 |  19.91 |   5.17 |I I 
12:56-Sun-Feb-26-2017 PM2.5 |   9.40 |   9.00 |   9.36 |   3.11 |I I 
12:57-Sun-Feb-26-2017 PM10  |  17.49 |  19.11 |  19.91 |   5.17 |I I 
12:57-Sun-Feb-26-2017 PM2.5 |   8.98 |   9.00 |   9.36 |   3.11 |I I 
13:01-Sun-Feb-26-2017 PM10  |  19.83 |  19.14 |  19.91 |   5.17 |I I 
13:01-Sun-Feb-26-2017 PM2.5 |   9.44 |   9.02 |   9.36 |   3.11 |I I 
13:02-Sun-Feb-26-2017 PM10  |  18.71 |  18.71 |  19.91 |   5.17 |I I 
13:02-Sun-Feb-26-2017 PM2.5 |   9.04 |   9.04 |   9.36 |   3.11 |I I 
13:06-Sun-Feb-26-2017 PM10  |  18.29 |  18.50 |  19.91 |   5.17 |I I 
13:06-Sun-Feb-26-2017 PM2.5 |   8.70 |   8.87 |   9.36 |   3.11 |I I 
13:07-Sun-Feb-26-2017 PM10  |  17.90 |  18.30 |  19.91 |   5.17 |I I 
13:07-Sun-Feb-26-2017 PM2.5 |   8.46 |   8.73 |   9.36 |   3.11 |I I 
13:11-Sun-Feb-26-2017 PM10  |  18.81 |  18.43 |  19.91 |   5.17 |I I 
13:11-Sun-Feb-26-2017 PM2.5 |   8.60 |   8.70 |   9.36 |   3.11 |I I 
13:12-Sun-Feb-26-2017 PM10  |  18.81 |  18.50 |  19.91 |   5.17 |I I 
13:12-Sun-Feb-26-2017 PM2.5 |   8.60 |   8.68 |   9.36 |   3.11 |I I 
13:13-Sun-Feb-26-2017 PM10  |  19.74 |  18.71 |  19.91 |   5.17 |I I 
13:13-Sun-Feb-26-2017 PM2.5 |   8.31 |   8.62 |   9.36 |   3.11 |I I 
13:17-Sun-Feb-26-2017 PM10  |  18.99 |  18.75 |  19.91 |   5.17 |I I 
13:17-Sun-Feb-26-2017 PM2.5 |   8.54 |   8.61 |   9.36 |   3.11 |I I 
13:18-Sun-Feb-26-2017 PM10  |  15.32 |  18.32 |  19.91 |   5.17 |I I 
13:18-Sun-Feb-26-2017 PM2.5 |   7.86 |   8.51 |   9.36 |   3.11 |I I 
13:22-Sun-Feb-26-2017 PM10  |  16.81 |  18.15 |  19.91 |   5.17 |I I 
13:22-Sun-Feb-26-2017 PM2.5 |   8.30 |   8.49 |   9.36 |   3.11 |I I 
13:23-Sun-Feb-26-2017 PM10  |  22.99 |  18.64 |  19.91 |   5.17 |I I 
13:23-Sun-Feb-26-2017 PM2.5 |   9.77 |   8.62 |   9.36 |   3.11 |I I 
13:27-Sun-Feb-26-2017 PM10  |  20.85 |  18.84 |  19.91 |   5.17 |I I 
13:27-Sun-Feb-26-2017 PM2.5 |   9.43 |   8.69 |   9.36 |   3.11 |I I 
13:28-Sun-Feb-26-2017 PM10  |  23.79 |  19.25 |  19.91 |   5.17 |I I 
13:28-Sun-Feb-26-2017 PM2.5 |  11.50 |   8.93 |   9.36 |   3.11 |I I 
13:32-Sun-Feb-26-2017 PM10  |  19.53 |  19.27 |  19.91 |   5.17 |I I 
13:32-Sun-Feb-26-2017 PM2.5 |   9.48 |   8.97 |   9.36 |   3.11 |I I 
13:33-Sun-Feb-26-2017 PM10  |  19.71 |  19.30 |  19.91 |   5.17 |I I 
13:33-Sun-Feb-26-2017 PM2.5 |   8.75 |   8.95 |   9.36 |   3.11 |I I 
13:37-Sun-Feb-26-2017 PM10  |  17.51 |  19.18 |  19.91 |   5.17 |I I 
13:37-Sun-Feb-26-2017 PM2.5 |   8.52 |   8.93 |   9.36 |   3.11 |I I 
13:38-Sun-Feb-26-2017 PM10  |  17.51 |  19.08 |  19.91 |   5.17 |I I 
13:38-Sun-Feb-26-2017 PM2.5 |   8.52 |   8.90 |   9.36 |   3.11 |I I 
13:39-Sun-Feb-26-2017 PM10  |  21.20 |  19.20 |  19.91 |   5.17 |I I 
13:39-Sun-Feb-26-2017 PM2.5 |   8.58 |   8.88 |   9.36 |   3.11 |I I 
13:43-Sun-Feb-26-2017 PM10  |  16.96 |  19.08 |  19.91 |   5.17 |I I 
13:43-Sun-Feb-26-2017 PM2.5 |   7.94 |   8.83 |   9.36 |   3.11 |I I 
13:44-Sun-Feb-26-2017 PM10  |  16.09 |  18.92 |  19.91 |   5.17 |I I 
13:44-Sun-Feb-26-2017 PM2.5 |   7.88 |   8.78 |   9.36 |   3.11 |I I 
13:48-Sun-Feb-26-2017 PM10  |  16.56 |  18.80 |  19.91 |   5.17 |I I 
13:48-Sun-Feb-26-2017 PM2.5 |   7.57 |   8.72 |   9.36 |   3.11 |I I 
13:49-Sun-Feb-26-2017 PM10  |  14.72 |  18.61 |  19.91 |   5.17 |I I 
13:49-Sun-Feb-26-2017 PM2.5 |   6.92 |   8.63 |   9.36 |   3.11 |I I 
13:53-Sun-Feb-26-2017 PM10  |  13.47 |  18.38 |  19.91 |   5.17 |I I 
13:53-Sun-Feb-26-2017 PM2.5 |   6.95 |   8.56 |   9.36 |   3.11 |I I 
13:54-Sun-Feb-26-2017 PM10  |  13.72 |  18.17 |  19.91 |   5.17 |I I 
13:54-Sun-Feb-26-2017 PM2.5 |   7.40 |   8.51 |   9.36 |   3.11 |I I 
13:58-Sun-Feb-26-2017 PM10  |  15.26 |  18.05 |  19.91 |   5.17 |I I 
13:58-Sun-Feb-26-2017 PM2.5 |   7.05 |   8.45 |   9.36 |   3.11 |I I 
13:59-Sun-Feb-26-2017 PM10  |  10.49 |  17.75 |  19.91 |   5.17 |I I 
13:59-Sun-Feb-26-2017 PM2.5 |   5.37 |   8.32 |   9.36 |   3.11 |I I 
14:03-Sun-Feb-26-2017 PM10  |  12.14 |  17.53 |  19.91 |   5.17 |I I 
14:03-Sun-Feb-26-2017 PM2.5 |   5.91 |   8.23 |   9.36 |   3.11 |I I 
14:04-Sun-Feb-26-2017 PM10  |  12.14 |  12.14 |  19.91 |   5.17 |I I 
14:04-Sun-Feb-26-2017 PM2.5 |   5.91 |   5.91 |   9.36 |   3.11 |I I 
14:05-Sun-Feb-26-2017 PM10  |  14.14 |  13.14 |  19.91 |   5.17 |I I 
14:05-Sun-Feb-26-2017 PM2.5 |   6.30 |   6.11 |   9.36 |   3.11 |I I 
14:09-Sun-Feb-26-2017 PM10  |  11.77 |  12.68 |  19.91 |   5.17 |I I 
14:09-Sun-Feb-26-2017 PM2.5 |   6.71 |   6.31 |   9.36 |   3.11 |I I 
14:10-Sun-Feb-26-2017 PM10  |   9.54 |  11.89 |  19.91 |   5.17 |I I 
14:10-Sun-Feb-26-2017 PM2.5 |   5.32 |   6.06 |   9.36 |   3.11 |I I 
14:14-Sun-Feb-26-2017 PM10  |  13.65 |  12.25 |  19.91 |   5.17 |I I 
14:14-Sun-Feb-26-2017 PM2.5 |   6.85 |   6.22 |   9.36 |   3.11 |I I 
14:15-Sun-Feb-26-2017 PM10  |  12.00 |  12.21 |  19.91 |   5.17 |I I 
14:15-Sun-Feb-26-2017 PM2.5 |   5.55 |   6.11 |   9.36 |   3.11 |I I 
14:19-Sun-Feb-26-2017 PM10  |  11.30 |  12.08 |  19.91 |   5.17 |I I 
14:19-Sun-Feb-26-2017 PM2.5 |   5.62 |   6.04 |   9.36 |   3.11 |I I 
14:20-Sun-Feb-26-2017 PM10  |  11.87 |  12.05 |  19.91 |   5.17 |I I 
14:20-Sun-Feb-26-2017 PM2.5 |   5.29 |   5.94 |   9.36 |   3.11 |I I 
14:24-Sun-Feb-26-2017 PM10  |  11.49 |  11.99 |  19.91 |   5.17 |I I 
14:24-Sun-Feb-26-2017 PM2.5 |   5.33 |   5.88 |   9.36 |   3.11 |I I 
14:25-Sun-Feb-26-2017 PM10  |   9.77 |  11.77 |  19.91 |   5.17 |I I 
14:25-Sun-Feb-26-2017 PM2.5 |   4.82 |   5.77 |   9.36 |   3.11 |I I 
14:29-Sun-Feb-26-2017 PM10  |  10.06 |  11.61 |  19.91 |   5.17 |I I 
14:29-Sun-Feb-26-2017 PM2.5 |   5.32 |   5.73 |   9.36 |   3.11 |I I 
14:30-Sun-Feb-26-2017 PM10  |  10.06 |  11.48 |  19.91 |   5.17 |I I 
14:30-Sun-Feb-26-2017 PM2.5 |   5.32 |   5.69 |   9.36 |   3.11 |I I 
14:31-Sun-Feb-26-2017 PM10  |  12.26 |  11.54 |  19.91 |   5.17 |I I 
14:31-Sun-Feb-26-2017 PM2.5 |   5.21 |   5.66 |   9.36 |   3.11 |I I 
14:35-Sun-Feb-26-2017 PM10  |   9.10 |  11.37 |  19.91 |   5.17 |I I 
14:35-Sun-Feb-26-2017 PM2.5 |   5.11 |   5.62 |   9.36 |   3.11 |I I 
14:36-Sun-Feb-26-2017 PM10  |  12.55 |  11.45 |  19.91 |   5.17 |I I 
14:36-Sun-Feb-26-2017 PM2.5 |   5.36 |   5.60 |   9.36 |   3.11 |I I 
14:40-Sun-Feb-26-2017 PM10  |  11.97 |  11.48 |  19.91 |   5.17 |I I 
14:40-Sun-Feb-26-2017 PM2.5 |   5.38 |   5.59 |   9.36 |   3.11 |I I 
14:41-Sun-Feb-26-2017 PM10  |   8.93 |  11.33 |  19.91 |   5.17 |I I 
14:41-Sun-Feb-26-2017 PM2.5 |   5.07 |   5.56 |   9.36 |   3.11 |I I 
14:45-Sun-Feb-26-2017 PM10  |   9.93 |  11.25 |  19.91 |   5.17 |I I 
14:45-Sun-Feb-26-2017 PM2.5 |   5.42 |   5.55 |   9.36 |   3.11 |I I 
14:46-Sun-Feb-26-2017 PM10  |  10.45 |  11.21 |  19.91 |   5.17 |I I 
14:46-Sun-Feb-26-2017 PM2.5 |   5.35 |   5.54 |   9.36 |   3.11 |I I 
14:50-Sun-Feb-26-2017 PM10  |   8.75 |  11.09 |  19.91 |   5.17 |I I 
14:50-Sun-Feb-26-2017 PM2.5 |   5.45 |   5.53 |   9.36 |   3.11 |I I 
14:51-Sun-Feb-26-2017 PM10  |  10.85 |  11.08 |  19.91 |   5.17 |I I 
14:51-Sun-Feb-26-2017 PM2.5 |   5.56 |   5.53 |   9.36 |   3.11 |I I 
14:55-Sun-Feb-26-2017 PM10  |  10.54 |  11.05 |  19.91 |   5.17 |I I 
14:55-Sun-Feb-26-2017 PM2.5 |   5.62 |   5.54 |   9.36 |   3.11 |I I 
14:56-Sun-Feb-26-2017 PM10  |  11.59 |  11.07 |  19.91 |   5.17 |I I 
14:56-Sun-Feb-26-2017 PM2.5 |   5.87 |   5.55 |   9.36 |   3.11 |I I 
14:57-Sun-Feb-26-2017 PM10  |  11.59 |  11.10 |  19.91 |   5.17 |I I 
14:57-Sun-Feb-26-2017 PM2.5 |   5.87 |   5.57 |   9.36 |   3.11 |I I 
15:01-Sun-Feb-26-2017 PM10  |  11.18 |  11.10 |  19.91 |   5.17 |I I 
15:01-Sun-Feb-26-2017 PM2.5 |   5.94 |   5.58 |   9.36 |   3.11 |I I 
15:02-Sun-Feb-26-2017 PM10  |  11.89 |  11.89 |  19.91 |   5.17 |I I 
15:02-Sun-Feb-26-2017 PM2.5 |   5.81 |   5.81 |   9.36 |   3.11 |I I 
15:06-Sun-Feb-26-2017 PM10  |  12.00 |  11.95 |  19.91 |   5.17 |I I 
15:06-Sun-Feb-26-2017 PM2.5 |   6.23 |   6.02 |   9.36 |   3.11 |I I 
15:07-Sun-Feb-26-2017 PM10  |  11.61 |  11.83 |  19.91 |   5.17 |I I 
15:07-Sun-Feb-26-2017 PM2.5 |   6.25 |   6.10 |   9.36 |   3.11 |I I 
15:11-Sun-Feb-26-2017 PM10  |  11.85 |  11.84 |  19.91 |   5.17 |I I 
15:11-Sun-Feb-26-2017 PM2.5 |   6.78 |   6.27 |   9.36 |   3.11 |I I 
15:12-Sun-Feb-26-2017 PM10  |  14.60 |  12.39 |  19.91 |   5.17 |I I 
15:12-Sun-Feb-26-2017 PM2.5 |   7.54 |   6.52 |   9.36 |   3.11 |I I 
15:16-Sun-Feb-26-2017 PM10  |  18.14 |  13.35 |  19.91 |   5.17 |I I 
15:16-Sun-Feb-26-2017 PM2.5 |   7.53 |   6.69 |   9.36 |   3.11 |I I 
15:17-Sun-Feb-26-2017 PM10  |  15.79 |  13.70 |  19.91 |   5.17 |I I 
15:17-Sun-Feb-26-2017 PM2.5 |   7.66 |   6.83 |   9.36 |   3.11 |I I 
15:21-Sun-Feb-26-2017 PM10  |  15.13 |  13.88 |  19.91 |   5.17 |I I 
15:21-Sun-Feb-26-2017 PM2.5 |   7.85 |   6.96 |   9.36 |   3.11 |I I 
15:22-Sun-Feb-26-2017 PM10  |  14.70 |  13.97 |  19.91 |   5.17 |I I 
15:22-Sun-Feb-26-2017 PM2.5 |   7.55 |   7.02 |   9.36 |   3.11 |I I 
15:23-Sun-Feb-26-2017 PM10  |  14.70 |  14.04 |  19.91 |   5.17 |I I 
15:23-Sun-Feb-26-2017 PM2.5 |   7.55 |   7.08 |   9.36 |   3.11 |I I 
15:27-Sun-Feb-26-2017 PM10  |  14.69 |  14.10 |  19.91 |   5.17 |I I 
15:27-Sun-Feb-26-2017 PM2.5 |   7.69 |   7.13 |   9.36 |   3.11 |I I 
15:28-Sun-Feb-26-2017 PM10  |  16.72 |  14.32 |  19.91 |   5.17 |I I 
15:28-Sun-Feb-26-2017 PM2.5 |   7.68 |   7.18 |   9.36 |   3.11 |I I 
15:32-Sun-Feb-26-2017 PM10  |  14.46 |  14.33 |  19.91 |   5.17 |I I 
15:32-Sun-Feb-26-2017 PM2.5 |   7.65 |   7.21 |   9.36 |   3.11 |I I 
15:33-Sun-Feb-26-2017 PM10  |  14.02 |  14.31 |  19.91 |   5.17 |I I 
15:33-Sun-Feb-26-2017 PM2.5 |   8.00 |   7.27 |   9.36 |   3.11 |I I 
15:37-Sun-Feb-26-2017 PM10  |  15.84 |  14.41 |  19.91 |   5.17 |I I 
15:37-Sun-Feb-26-2017 PM2.5 |   8.43 |   7.35 |   9.36 |   3.11 |I I 
15:39-Sun-Feb-26-2017 PM10  |  14.63 |  14.42 |  19.91 |   5.17 |I I 
15:39-Sun-Feb-26-2017 PM2.5 |   7.78 |   7.37 |   9.36 |   3.11 |I I 
15:43-Sun-Feb-26-2017 PM10  |  17.78 |  14.62 |  19.91 |   5.17 |I I 
15:43-Sun-Feb-26-2017 PM2.5 |   8.30 |   7.43 |   9.36 |   3.11 |I I 
15:44-Sun-Feb-26-2017 PM10  |  14.52 |  14.62 |  19.91 |   5.17 |I I 
15:44-Sun-Feb-26-2017 PM2.5 |   7.43 |   7.43 |   9.36 |   3.11 |I I 
15:48-Sun-Feb-26-2017 PM10  |  13.48 |  14.56 |  19.91 |   5.17 |I I 
15:48-Sun-Feb-26-2017 PM2.5 |   7.32 |   7.42 |   9.36 |   3.11 |I I 
15:49-Sun-Feb-26-2017 PM10  |  14.57 |  14.56 |  19.91 |   5.17 |I I 
15:49-Sun-Feb-26-2017 PM2.5 |   7.28 |   7.42 |   9.36 |   3.11 |I I 
15:50-Sun-Feb-26-2017 PM10  |  14.57 |  14.56 |  19.91 |   5.17 |I I 
15:50-Sun-Feb-26-2017 PM2.5 |   7.28 |   7.41 |   9.36 |   3.11 |I I 
15:54-Sun-Feb-26-2017 PM10  |  13.52 |  14.51 |  19.91 |   5.17 |I I 
15:54-Sun-Feb-26-2017 PM2.5 |   7.65 |   7.42 |   9.36 |   3.11 |I I 
15:55-Sun-Feb-26-2017 PM10  |  15.10 |  14.54 |  19.91 |   5.17 |I I 
15:55-Sun-Feb-26-2017 PM2.5 |   7.52 |   7.42 |   9.36 |   3.11 |I I 
15:59-Sun-Feb-26-2017 PM10  |  14.88 |  14.55 |  19.91 |   5.17 |I I 
15:59-Sun-Feb-26-2017 PM2.5 |   8.08 |   7.45 |   9.36 |   3.11 |I I 
16:00-Sun-Feb-26-2017 PM10  |  19.71 |  14.76 |  19.91 |   5.17 |I I 
16:00-Sun-Feb-26-2017 PM2.5 |   8.46 |   7.49 |   9.36 |   3.11 |I I 
16:04-Sun-Feb-26-2017 PM10  |  15.64 |  15.64 |  19.91 |   5.17 |I I 
16:04-Sun-Feb-26-2017 PM2.5 |   8.62 |   8.62 |   9.36 |   3.11 |I I 
16:05-Sun-Feb-26-2017 PM10  |  15.58 |  15.61 |  19.91 |   5.17 |I I 
16:05-Sun-Feb-26-2017 PM2.5 |   8.18 |   8.40 |   9.36 |   3.11 |I I 
16:09-Sun-Feb-26-2017 PM10  |  16.74 |  15.99 |  19.91 |   5.17 |I I 
16:09-Sun-Feb-26-2017 PM2.5 |   8.69 |   8.49 |   9.36 |   3.11 |I I 
16:10-Sun-Feb-26-2017 PM10  |  15.05 |  15.75 |  19.91 |   5.17 |I I 
16:10-Sun-Feb-26-2017 PM2.5 |   8.29 |   8.44 |   9.36 |   3.11 |I I 
16:14-Sun-Feb-26-2017 PM10  |  16.02 |  15.81 |  19.91 |   5.17 |I I 
16:14-Sun-Feb-26-2017 PM2.5 |   8.99 |   8.55 |   9.36 |   3.11 |I I 
16:15-Sun-Feb-26-2017 PM10  |  17.65 |  16.12 |  19.91 |   5.17 |I I 
16:15-Sun-Feb-26-2017 PM2.5 |   8.48 |   8.54 |   9.36 |   3.11 |I I 
16:16-Sun-Feb-26-2017 PM10  |  17.65 |  16.34 |  19.91 |   5.17 |I I 
16:16-Sun-Feb-26-2017 PM2.5 |   8.48 |   8.53 |   9.36 |   3.11 |I I 
16:20-Sun-Feb-26-2017 PM10  |  18.74 |  16.64 |  19.91 |   5.17 |I I 
16:20-Sun-Feb-26-2017 PM2.5 |   9.38 |   8.64 |   9.36 |   3.11 |I I 
16:21-Sun-Feb-26-2017 PM10  |  17.61 |  16.74 |  19.91 |   5.17 |I I 
16:21-Sun-Feb-26-2017 PM2.5 |   9.18 |   8.70 |   9.36 |   3.11 |I I 
16:25-Sun-Feb-26-2017 PM10  |  18.02 |  16.87 |  19.91 |   5.17 |I I 
16:25-Sun-Feb-26-2017 PM2.5 |   9.51 |   8.78 |   9.36 |   3.11 |I I 
16:26-Sun-Feb-26-2017 PM10  |  18.18 |  16.99 |  19.91 |   5.17 |I I 
16:26-Sun-Feb-26-2017 PM2.5 |   9.60 |   8.85 |   9.36 |   3.11 |I I 
16:30-Sun-Feb-26-2017 PM10  |  19.29 |  17.18 |  19.91 |   5.17 |I I 
16:30-Sun-Feb-26-2017 PM2.5 |  10.72 |   9.01 |   9.36 |   3.11 |I I 
16:31-Sun-Feb-26-2017 PM10  |  24.19 |  17.72 |  19.91 |   5.17 |I I 
16:31-Sun-Feb-26-2017 PM2.5 |  11.07 |   9.17 |   9.36 |   3.11 |I I 
16:35-Sun-Feb-26-2017 PM10  |  20.08 |  17.89 |  19.91 |   5.17 |I I 
16:35-Sun-Feb-26-2017 PM2.5 |  10.54 |   9.27 |   9.36 |   3.11 |I I 
16:36-Sun-Feb-26-2017 PM10  |  16.85 |  17.82 |  19.91 |   5.17 |I I 
16:36-Sun-Feb-26-2017 PM2.5 |   9.77 |   9.30 |   9.36 |   3.11 |I I 
16:40-Sun-Feb-26-2017 PM10  |  18.44 |  17.86 |  19.91 |   5.17 |I I 
16:40-Sun-Feb-26-2017 PM2.5 |  10.01 |   9.34 |   9.36 |   3.11 |I I 
16:41-Sun-Feb-26-2017 PM10  |  17.24 |  17.82 |  19.91 |   5.17 |I I 
16:41-Sun-Feb-26-2017 PM2.5 |   9.52 |   9.35 |   9.36 |   3.11 |I I 
16:42-Sun-Feb-26-2017 PM10  |  17.24 |  17.79 |  19.91 |   5.17 |I I 
16:42-Sun-Feb-26-2017 PM2.5 |   9.52 |   9.36 |   9.36 |   3.11 |I I 
16:46-Sun-Feb-26-2017 PM10  |  19.63 |  17.89 |  19.91 |   5.17 |I I 
16:46-Sun-Feb-26-2017 PM2.5 |  10.81 |   9.44 |   9.36 |   3.11 |I I 
16:47-Sun-Feb-26-2017 PM10  |  20.49 |  18.02 |  19.91 |   5.17 |I I 
16:47-Sun-Feb-26-2017 PM2.5 |  11.02 |   9.52 |   9.36 |   3.11 |I I 
16:51-Sun-Feb-26-2017 PM10  |  19.89 |  18.11 |  19.91 |   5.17 |I I 
16:51-Sun-Feb-26-2017 PM2.5 |  11.34 |   9.61 |   9.36 |   3.11 |I I 
16:52-Sun-Feb-26-2017 PM10  |  20.61 |  18.22 |  19.91 |   5.17 |I I 
16:52-Sun-Feb-26-2017 PM2.5 |  10.60 |   9.65 |   9.36 |   3.11 |I I 
16:56-Sun-Feb-26-2017 PM10  |  19.35 |  18.27 |  19.91 |   5.17 |I I 
16:56-Sun-Feb-26-2017 PM2.5 |  10.63 |   9.69 |   9.36 |   3.11 |I I 
16:57-Sun-Feb-26-2017 PM10  |  20.53 |  18.36 |  19.91 |   5.17 |I I 
16:57-Sun-Feb-26-2017 PM2.5 |  10.94 |   9.75 |   9.36 |   3.11 |I I 
17:01-Sun-Feb-26-2017 PM10  |  17.03 |  18.31 |  19.91 |   5.17 |I I 
17:01-Sun-Feb-26-2017 PM2.5 |  10.20 |   9.76 |   9.76 |   3.11 |I I 
17:02-Sun-Feb-26-2017 PM10  |  16.45 |  16.45 |  19.91 |   5.17 |I I 
17:02-Sun-Feb-26-2017 PM2.5 |   9.60 |   9.60 |   9.76 |   3.11 |I I 
17:06-Sun-Feb-26-2017 PM10  |  18.37 |  17.41 |  19.91 |   5.17 |I I 
17:06-Sun-Feb-26-2017 PM2.5 |  10.22 |   9.91 |   9.76 |   3.11 |I I 
17:07-Sun-Feb-26-2017 PM10  |  17.42 |  17.41 |  19.91 |   5.17 |I I 
17:07-Sun-Feb-26-2017 PM2.5 |   9.75 |   9.85 |   9.76 |   3.11 |I I 
17:08-Sun-Feb-26-2017 PM10  |  17.42 |  17.41 |  19.91 |   5.17 |I I 
17:08-Sun-Feb-26-2017 PM2.5 |   9.75 |   9.83 |   9.76 |   3.11 |I I 
17:12-Sun-Feb-26-2017 PM10  |  16.48 |  17.23 |  19.91 |   5.17 |I I 
17:12-Sun-Feb-26-2017 PM2.5 |   9.96 |   9.85 |   9.76 |   3.11 |I I 
17:13-Sun-Feb-26-2017 PM10  |  20.08 |  17.70 |  19.91 |   5.17 |I I 
17:13-Sun-Feb-26-2017 PM2.5 |  10.17 |   9.91 |   9.76 |   3.11 |I I 
17:17-Sun-Feb-26-2017 PM10  |  20.59 |  18.12 |  19.91 |   5.17 |I I 
17:17-Sun-Feb-26-2017 PM2.5 |  10.42 |   9.98 |   9.76 |   3.11 |I I 
17:18-Sun-Feb-26-2017 PM10  |  17.46 |  18.03 |  19.91 |   5.17 |I I 
17:18-Sun-Feb-26-2017 PM2.5 |   9.00 |   9.86 |   9.76 |   3.11 |I I 
17:22-Sun-Feb-26-2017 PM10  |  17.00 |  17.92 |  19.91 |   5.17 |I I 
17:22-Sun-Feb-26-2017 PM2.5 |   9.39 |   9.80 |   9.76 |   3.11 |I I 
17:23-Sun-Feb-26-2017 PM10  |  16.58 |  17.79 |  19.91 |   5.17 |I I 
17:23-Sun-Feb-26-2017 PM2.5 |   8.48 |   9.67 |   9.76 |   3.11 |I I 
17:27-Sun-Feb-26-2017 PM10  |  15.17 |  17.55 |  19.91 |   5.17 |I I 
17:27-Sun-Feb-26-2017 PM2.5 |   8.31 |   9.55 |   9.76 |   3.11 |I I 
17:28-Sun-Feb-26-2017 PM10  |  12.92 |  17.16 |  19.91 |   5.17 |I I 
17:28-Sun-Feb-26-2017 PM2.5 |   7.96 |   9.42 |   9.76 |   3.11 |I I 
17:32-Sun-Feb-26-2017 PM10  |  14.24 |  16.94 |  19.91 |   5.17 |I I 
17:32-Sun-Feb-26-2017 PM2.5 |   7.80 |   9.29 |   9.76 |   3.11 |I I 
17:33-Sun-Feb-26-2017 PM10  |  16.04 |  16.87 |  19.91 |   5.17 |I I 
17:33-Sun-Feb-26-2017 PM2.5 |   7.88 |   9.19 |   9.76 |   3.11 |I I 
17:34-Sun-Feb-26-2017 PM10  |  16.04 |  16.82 |  19.91 |   5.17 |I I 
17:34-Sun-Feb-26-2017 PM2.5 |   7.88 |   9.10 |   9.76 |   3.11 |I I 
17:38-Sun-Feb-26-2017 PM10  |  14.49 |  16.67 |  19.91 |   5.17 |I I 
17:38-Sun-Feb-26-2017 PM2.5 |   7.75 |   9.02 |   9.76 |   3.11 |I I 
17:39-Sun-Feb-26-2017 PM10  |  14.30 |  16.53 |  19.91 |   5.17 |I I 
17:39-Sun-Feb-26-2017 PM2.5 |   7.32 |   8.92 |   9.76 |   3.11 |I I 
17:43-Sun-Feb-26-2017 PM10  |  15.51 |  16.48 |  19.91 |   5.17 |I I 
17:43-Sun-Feb-26-2017 PM2.5 |   7.74 |   8.85 |   9.76 |   3.11 |I I 
17:44-Sun-Feb-26-2017 PM10  |  16.13 |  16.46 |  19.91 |   5.17 |I I 
17:44-Sun-Feb-26-2017 PM2.5 |   7.01 |   8.76 |   9.76 |   3.11 |I I 
17:48-Sun-Feb-26-2017 PM10  |  14.22 |  16.35 |  19.91 |   5.17 |I I 
17:48-Sun-Feb-26-2017 PM2.5 |   7.22 |   8.68 |   9.76 |   3.11 |I I 
17:49-Sun-Feb-26-2017 PM10  |  11.07 |  16.09 |  19.91 |   5.17 |I I 
17:49-Sun-Feb-26-2017 PM2.5 |   6.38 |   8.57 |   9.76 |   3.11 |I I 
17:53-Sun-Feb-26-2017 PM10  |  12.56 |  15.93 |  19.91 |   5.17 |I I 
17:53-Sun-Feb-26-2017 PM2.5 |   6.67 |   8.48 |   9.76 |   3.11 |I I 
17:54-Sun-Feb-26-2017 PM10  |  13.14 |  15.81 |  19.91 |   5.17 |I I 
17:54-Sun-Feb-26-2017 PM2.5 |   7.06 |   8.42 |   9.76 |   3.11 |I I 
17:58-Sun-Feb-26-2017 PM10  |  13.23 |  15.70 |  19.91 |   5.17 |I I 
17:58-Sun-Feb-26-2017 PM2.5 |   7.23 |   8.37 |   9.76 |   3.11 |I I 
17:59-Sun-Feb-26-2017 PM10  |  13.77 |  15.63 |  19.91 |   5.17 |I I 
17:59-Sun-Feb-26-2017 PM2.5 |   6.51 |   8.30 |   9.76 |   3.11 |I I 
18:00-Sun-Feb-26-2017 PM10  |  13.77 |  15.56 |  19.91 |   5.17 |I I 
18:00-Sun-Feb-26-2017 PM2.5 |   6.51 |   8.23 |   9.76 |   3.11 |I I 
18:04-Sun-Feb-26-2017 PM10  |  11.36 |  11.36 |  19.91 |   5.17 |I I 
18:04-Sun-Feb-26-2017 PM2.5 |   5.94 |   5.94 |   9.76 |   3.11 |I I 
18:05-Sun-Feb-26-2017 PM10  |  11.77 |  11.56 |  19.91 |   5.17 |I I 
18:05-Sun-Feb-26-2017 PM2.5 |   6.02 |   5.98 |   9.76 |   3.11 |I I 
18:09-Sun-Feb-26-2017 PM10  |  11.12 |  11.41 |  19.91 |   5.17 |I I 
18:09-Sun-Feb-26-2017 PM2.5 |   5.86 |   5.94 |   9.76 |   3.11 |I I 
18:10-Sun-Feb-26-2017 PM10  |   9.71 |  10.99 |  19.91 |   5.17 |I I 
18:10-Sun-Feb-26-2017 PM2.5 |   5.01 |   5.71 |   9.76 |   3.11 |I I 
18:14-Sun-Feb-26-2017 PM10  |  11.67 |  11.12 |  19.91 |   5.17 |I I 
18:14-Sun-Feb-26-2017 PM2.5 |   5.45 |   5.66 |   9.76 |   3.11 |I I 
18:15-Sun-Feb-26-2017 PM10  |  11.68 |  11.22 |  19.91 |   5.17 |I I 
18:15-Sun-Feb-26-2017 PM2.5 |   5.32 |   5.60 |   9.76 |   3.11 |I I 
18:19-Sun-Feb-26-2017 PM10  |  12.29 |  11.37 |  19.91 |   5.17 |I I 
18:19-Sun-Feb-26-2017 PM2.5 |   6.35 |   5.71 |   9.76 |   3.11 |I I 
18:20-Sun-Feb-26-2017 PM10  |  11.48 |  11.38 |  19.91 |   5.17 |I I 
18:20-Sun-Feb-26-2017 PM2.5 |   4.66 |   5.58 |   9.76 |   3.11 |I I 
18:24-Sun-Feb-26-2017 PM10  |   8.04 |  11.01 |  19.91 |   5.17 |I I 
18:24-Sun-Feb-26-2017 PM2.5 |   4.48 |   5.46 |   9.76 |   3.11 |I I 
18:25-Sun-Feb-26-2017 PM10  |   8.28 |  10.74 |  19.91 |   5.17 |I I 
18:25-Sun-Feb-26-2017 PM2.5 |   4.17 |   5.33 |   9.76 |   3.11 |I I 
18:26-Sun-Feb-26-2017 PM10  |   8.28 |  10.52 |  19.91 |   5.17 |I I 
18:26-Sun-Feb-26-2017 PM2.5 |   4.17 |   5.22 |   9.76 |   3.11 |I I 
18:30-Sun-Feb-26-2017 PM10  |   7.68 |  10.28 |  19.91 |   5.17 |I I 
18:30-Sun-Feb-26-2017 PM2.5 |   4.40 |   5.15 |   9.76 |   3.11 |I I 
18:31-Sun-Feb-26-2017 PM10  |   9.92 |  10.25 |  19.91 |   5.17 |I I 
18:31-Sun-Feb-26-2017 PM2.5 |   5.20 |   5.16 |   9.76 |   3.11 |I I 
18:35-Sun-Feb-26-2017 PM10  |  10.00 |  10.23 |  19.91 |   5.17 |I I 
18:35-Sun-Feb-26-2017 PM2.5 |   5.49 |   5.18 |   9.76 |   3.11 |I I 
18:36-Sun-Feb-26-2017 PM10  |  10.87 |  10.28 |  19.91 |   5.17 |I I 
18:36-Sun-Feb-26-2017 PM2.5 |   5.26 |   5.19 |   9.76 |   3.11 |I I 
18:40-Sun-Feb-26-2017 PM10  |  10.13 |  10.27 |  19.91 |   5.17 |I I 
18:40-Sun-Feb-26-2017 PM2.5 |   5.37 |   5.20 |   9.76 |   3.11 |I I 
18:42-Sun-Feb-26-2017 PM10  |  10.46 |  10.28 |  19.91 |   5.17 |I I 
18:42-Sun-Feb-26-2017 PM2.5 |   4.74 |   5.17 |   9.76 |   3.11 |I I 
18:46-Sun-Feb-26-2017 PM10  |  10.83 |  10.31 |  19.91 |   5.17 |I I 
18:46-Sun-Feb-26-2017 PM2.5 |   5.41 |   5.18 |   9.76 |   3.11 |I I 
18:47-Sun-Feb-26-2017 PM10  |  12.21 |  10.41 |  19.91 |   5.17 |I I 
18:47-Sun-Feb-26-2017 PM2.5 |   6.17 |   5.24 |   9.76 |   3.11 |I I 
18:51-Sun-Feb-26-2017 PM10  |  11.53 |  10.46 |  19.91 |   5.17 |I I 
18:51-Sun-Feb-26-2017 PM2.5 |   5.64 |   5.26 |   9.76 |   3.11 |I I 
18:52-Sun-Feb-26-2017 PM10  |  10.57 |  10.47 |  19.91 |   5.17 |I I 
18:52-Sun-Feb-26-2017 PM2.5 |   5.53 |   5.27 |   9.76 |   3.11 |I I 
18:57-Sun-Feb-26-2017 PM10  |  13.95 |  10.63 |  19.91 |   5.17 |I I 
18:57-Sun-Feb-26-2017 PM2.5 |   5.88 |   5.30 |   9.76 |   3.11 |I I 
18:58-Sun-Feb-26-2017 PM10  |  11.13 |  10.65 |  19.91 |   5.17 |I I 
18:58-Sun-Feb-26-2017 PM2.5 |   5.83 |   5.32 |   9.76 |   3.11 |I I 
19:02-Sun-Feb-26-2017 PM10  |  11.16 |  10.67 |  19.91 |   5.17 |I I 
19:02-Sun-Feb-26-2017 PM2.5 |   5.69 |   5.34 |   9.76 |   3.11 |I I 
19:03-Sun-Feb-26-2017 PM10  |  16.71 |  16.71 |  19.91 |   5.17 |I I 
19:03-Sun-Feb-26-2017 PM2.5 |   6.81 |   6.81 |   9.76 |   3.11 |I I 
19:07-Sun-Feb-26-2017 PM10  |  12.70 |  14.70 |  19.91 |   5.17 |I I 
19:07-Sun-Feb-26-2017 PM2.5 |   6.32 |   6.56 |   9.76 |   3.11 |I I 
19:08-Sun-Feb-26-2017 PM10  |  13.40 |  14.27 |  19.91 |   5.17 |I I 
19:08-Sun-Feb-26-2017 PM2.5 |   5.82 |   6.32 |   9.76 |   3.11 |I I 
19:12-Sun-Feb-26-2017 PM10  |  13.59 |  14.10 |  19.91 |   5.17 |I I 
19:12-Sun-Feb-26-2017 PM2.5 |   6.45 |   6.35 |   9.76 |   3.11 |I I 
19:13-Sun-Feb-26-2017 PM10  |  12.54 |  13.79 |  19.91 |   5.17 |I I 
19:13-Sun-Feb-26-2017 PM2.5 |   6.26 |   6.33 |   9.76 |   3.11 |I I 
19:17-Sun-Feb-26-2017 PM10  |  13.36 |  13.72 |  19.91 |   5.17 |I I 
19:17-Sun-Feb-26-2017 PM2.5 |   6.68 |   6.39 |   9.76 |   3.11 |I I 
19:18-Sun-Feb-26-2017 PM10  |  13.82 |  13.73 |  19.91 |   5.17 |I I 
19:18-Sun-Feb-26-2017 PM2.5 |   6.12 |   6.35 |   9.76 |   3.11 |I I 
19:22-Sun-Feb-26-2017 PM10  |  14.53 |  13.83 |  19.91 |   5.17 |I I 
19:22-Sun-Feb-26-2017 PM2.5 |   6.46 |   6.36 |   9.76 |   3.11 |I I 
19:23-Sun-Feb-26-2017 PM10  |  14.53 |  13.91 |  19.91 |   5.17 |I I 
19:23-Sun-Feb-26-2017 PM2.5 |   6.46 |   6.37 |   9.76 |   3.11 |I I 
19:24-Sun-Feb-26-2017 PM10  |  16.62 |  14.18 |  19.91 |   5.17 |I I 
19:24-Sun-Feb-26-2017 PM2.5 |   6.88 |   6.43 |   9.76 |   3.11 |I I 
19:28-Sun-Feb-26-2017 PM10  |  16.75 |  14.41 |  19.91 |   5.17 |I I 
19:28-Sun-Feb-26-2017 PM2.5 |   7.09 |   6.49 |   9.76 |   3.11 |I I 
19:29-Sun-Feb-26-2017 PM10  |  15.81 |  14.53 |  19.91 |   5.17 |I I 
19:29-Sun-Feb-26-2017 PM2.5 |   7.07 |   6.53 |   9.76 |   3.11 |I I 
19:33-Sun-Feb-26-2017 PM10  |  17.45 |  14.76 |  19.91 |   5.17 |I I 
19:33-Sun-Feb-26-2017 PM2.5 |   7.66 |   6.62 |   9.76 |   3.11 |I I 
19:34-Sun-Feb-26-2017 PM10  |  32.50 |  16.02 |  19.91 |   5.17 |I I 
19:34-Sun-Feb-26-2017 PM2.5 |  12.22 |   7.02 |   9.76 |   3.11 |I I 
19:38-Sun-Feb-26-2017 PM10  |  31.85 |  17.08 |  19.91 |   5.17 |I I 
19:38-Sun-Feb-26-2017 PM2.5 |  13.92 |   7.48 |   9.76 |   3.11 |I I 
19:39-Sun-Feb-26-2017 PM10  |  27.93 |  17.76 |  19.91 |   5.17 |I I 
19:39-Sun-Feb-26-2017 PM2.5 |  11.98 |   7.76 |   9.76 |   3.11 |I I 
19:43-Sun-Feb-26-2017 PM10  |  26.58 |  18.28 |  19.91 |   5.17 |I I 
19:43-Sun-Feb-26-2017 PM2.5 |  12.05 |   8.01 |   9.76 |   3.11 |I I 
19:44-Sun-Feb-26-2017 PM10  |  20.67 |  18.41 |  19.91 |   5.17 |I I 
19:44-Sun-Feb-26-2017 PM2.5 |   9.33 |   8.09 |   9.76 |   3.11 |I I 
19:48-Sun-Feb-26-2017 PM10  |  18.20 |  18.40 |  19.91 |   5.17 |I I 
19:48-Sun-Feb-26-2017 PM2.5 |   9.53 |   8.16 |   9.76 |   3.11 |I I 
19:49-Sun-Feb-26-2017 PM10  |  18.20 |  18.39 |  19.91 |   5.17 |I I 
19:49-Sun-Feb-26-2017 PM2.5 |   9.53 |   8.23 |   9.76 |   3.11 |I I 
19:50-Sun-Feb-26-2017 PM10  |  16.19 |  18.28 |  19.91 |   5.17 |I I 
19:50-Sun-Feb-26-2017 PM2.5 |   8.34 |   8.24 |   9.76 |   3.11 |I I 
19:54-Sun-Feb-26-2017 PM10  |  17.17 |  18.23 |  19.91 |   5.17 |I I 
19:54-Sun-Feb-26-2017 PM2.5 |   8.36 |   8.24 |   9.76 |   3.11 |I I 
19:55-Sun-Feb-26-2017 PM10  |  16.94 |  18.18 |  19.91 |   5.17 |I I 
19:55-Sun-Feb-26-2017 PM2.5 |   8.51 |   8.25 |   9.76 |   3.11 |I I 
19:59-Sun-Feb-26-2017 PM10  |  17.59 |  18.15 |  19.91 |   5.17 |I I 
19:59-Sun-Feb-26-2017 PM2.5 |   8.64 |   8.27 |   9.76 |   3.11 |I I 
20:00-Sun-Feb-26-2017 PM10  |  14.59 |  18.01 |  19.91 |   5.17 |I I 
20:00-Sun-Feb-26-2017 PM2.5 |   7.83 |   8.25 |   9.76 |   3.11 |I I 
20:04-Sun-Feb-26-2017 PM10  |  18.28 |  18.28 |  19.91 |   5.17 |I I 
20:04-Sun-Feb-26-2017 PM2.5 |   8.10 |   8.10 |   9.76 |   3.11 |I I 
20:05-Sun-Feb-26-2017 PM10  |  14.59 |  16.44 |  19.91 |   5.17 |I I 
20:05-Sun-Feb-26-2017 PM2.5 |   7.10 |   7.60 |   9.76 |   3.11 |I I 
20:09-Sun-Feb-26-2017 PM10  |  16.38 |  16.42 |  19.91 |   5.17 |I I 
20:09-Sun-Feb-26-2017 PM2.5 |   7.29 |   7.50 |   9.76 |   3.11 |I I 
20:10-Sun-Feb-26-2017 PM10  |  16.54 |  16.45 |  19.91 |   5.17 |I I 
20:10-Sun-Feb-26-2017 PM2.5 |   7.46 |   7.49 |   9.76 |   3.11 |I I 
20:14-Sun-Feb-26-2017 PM10  |  19.74 |  17.11 |  19.91 |   5.17 |I I 
20:14-Sun-Feb-26-2017 PM2.5 |   8.09 |   7.61 |   9.76 |   3.11 |I I 
20:15-Sun-Feb-26-2017 PM10  |  19.74 |  17.55 |  19.91 |   5.17 |I I 
20:15-Sun-Feb-26-2017 PM2.5 |   8.09 |   7.69 |   9.76 |   3.11 |I I 
20:16-Sun-Feb-26-2017 PM10  |  20.16 |  17.92 |  19.91 |   5.17 |I I 
20:16-Sun-Feb-26-2017 PM2.5 |   8.78 |   7.84 |   9.76 |   3.11 |I I 
20:20-Sun-Feb-26-2017 PM10  |  20.19 |  18.21 |  19.91 |   5.17 |I I 
20:20-Sun-Feb-26-2017 PM2.5 |   8.72 |   7.95 |   9.76 |   3.11 |I I 
20:21-Sun-Feb-26-2017 PM10  |  15.69 |  17.93 |  19.91 |   5.17 |I I 
20:21-Sun-Feb-26-2017 PM2.5 |   6.99 |   7.85 |   9.76 |   3.11 |I I 
20:25-Sun-Feb-26-2017 PM10  |  16.22 |  17.76 |  19.91 |   5.17 |I I 
20:25-Sun-Feb-26-2017 PM2.5 |   7.80 |   7.84 |   9.76 |   3.11 |I I 
20:26-Sun-Feb-26-2017 PM10  |  14.61 |  17.47 |  19.91 |   5.17 |I I 
20:26-Sun-Feb-26-2017 PM2.5 |   6.98 |   7.76 |   9.76 |   3.11 |I I 
20:30-Sun-Feb-26-2017 PM10  |  17.09 |  17.44 |  19.91 |   5.17 |I I 
20:30-Sun-Feb-26-2017 PM2.5 |   7.41 |   7.73 |   9.76 |   3.11 |I I 
20:31-Sun-Feb-26-2017 PM10  |  15.71 |  17.31 |  19.91 |   5.17 |I I 
20:31-Sun-Feb-26-2017 PM2.5 |   7.64 |   7.73 |   9.76 |   3.11 |I I 
20:35-Sun-Feb-26-2017 PM10  |  16.32 |  17.24 |  19.91 |   5.17 |I I 
20:35-Sun-Feb-26-2017 PM2.5 |   7.34 |   7.70 |   9.76 |   3.11 |I I 
20:36-Sun-Feb-26-2017 PM10  |  17.57 |  17.26 |  19.91 |   5.17 |I I 
20:36-Sun-Feb-26-2017 PM2.5 |   7.54 |   7.69 |   9.76 |   3.11 |I I 
20:40-Sun-Feb-26-2017 PM10  |  17.83 |  17.29 |  19.91 |   5.17 |I I 
20:40-Sun-Feb-26-2017 PM2.5 |   8.04 |   7.71 |   9.76 |   3.11 |I I 
20:41-Sun-Feb-26-2017 PM10  |  17.51 |  17.31 |  19.91 |   5.17 |I I 
20:41-Sun-Feb-26-2017 PM2.5 |   7.73 |   7.71 |   9.76 |   3.11 |I I 
20:42-Sun-Feb-26-2017 PM10  |  17.51 |  17.32 |  19.91 |   5.17 |I I 
20:42-Sun-Feb-26-2017 PM2.5 |   7.73 |   7.71 |   9.76 |   3.11 |I I 
20:46-Sun-Feb-26-2017 PM10  |  18.54 |  17.38 |  19.91 |   5.17 |I I 
20:46-Sun-Feb-26-2017 PM2.5 |   8.26 |   7.74 |   9.76 |   3.11 |I I 
20:47-Sun-Feb-26-2017 PM10  |  18.19 |  17.42 |  19.91 |   5.17 |I I 
20:47-Sun-Feb-26-2017 PM2.5 |   8.26 |   7.77 |   9.76 |   3.11 |I I 
20:51-Sun-Feb-26-2017 PM10  |  19.39 |  17.52 |  19.91 |   5.17 |I I 
20:51-Sun-Feb-26-2017 PM2.5 |   8.57 |   7.81 |   9.76 |   3.11 |I I 
20:52-Sun-Feb-26-2017 PM10  |  15.56 |  17.43 |  19.91 |   5.17 |I I 
20:52-Sun-Feb-26-2017 PM2.5 |   7.49 |   7.79 |   9.76 |   3.11 |I I 
20:56-Sun-Feb-26-2017 PM10  |  17.27 |  17.42 |  19.91 |   5.17 |I I 
20:56-Sun-Feb-26-2017 PM2.5 |   7.89 |   7.79 |   9.76 |   3.11 |I I 
20:57-Sun-Feb-26-2017 PM10  |  17.15 |  17.41 |  19.91 |   5.17 |I I 
20:57-Sun-Feb-26-2017 PM2.5 |   7.67 |   7.79 |   9.76 |   3.11 |I I 
21:01-Sun-Feb-26-2017 PM10  |  17.86 |  17.43 |  19.91 |   5.17 |I I 
21:01-Sun-Feb-26-2017 PM2.5 |   8.35 |   7.81 |   9.76 |   3.11 |I I 
21:02-Sun-Feb-26-2017 PM10  |  18.03 |  18.03 |  19.91 |   5.17 |I I 
21:02-Sun-Feb-26-2017 PM2.5 |   8.58 |   8.58 |   9.76 |   3.11 |I I 
21:06-Sun-Feb-26-2017 PM10  |  17.82 |  17.93 |  19.91 |   5.17 |I I 
21:06-Sun-Feb-26-2017 PM2.5 |   8.79 |   8.69 |   9.76 |   3.11 |I I 
21:07-Sun-Feb-26-2017 PM10  |  17.11 |  17.65 |  19.91 |   5.17 |I I 
21:07-Sun-Feb-26-2017 PM2.5 |   7.65 |   8.34 |   9.76 |   3.11 |I I 
21:08-Sun-Feb-26-2017 PM10  |  17.11 |  17.52 |  19.91 |   5.17 |I I 
21:08-Sun-Feb-26-2017 PM2.5 |   7.65 |   8.17 |   9.76 |   3.11 |I I 
21:12-Sun-Feb-26-2017 PM10  |  15.42 |  17.10 |  19.91 |   5.17 |I I 
21:12-Sun-Feb-26-2017 PM2.5 |   7.79 |   8.09 |   9.76 |   3.11 |I I 
21:13-Sun-Feb-26-2017 PM10  |  17.37 |  17.14 |  19.91 |   5.17 |I I 
21:13-Sun-Feb-26-2017 PM2.5 |   8.09 |   8.09 |   9.76 |   3.11 |I I 
21:17-Sun-Feb-26-2017 PM10  |  16.17 |  17.01 |  19.91 |   5.17 |I I 
21:17-Sun-Feb-26-2017 PM2.5 |   8.55 |   8.16 |   9.76 |   3.11 |I I 
21:18-Sun-Feb-26-2017 PM10  |  16.80 |  16.98 |  19.91 |   5.17 |I I 
21:18-Sun-Feb-26-2017 PM2.5 |   8.13 |   8.16 |   9.76 |   3.11 |I I 
21:22-Sun-Feb-26-2017 PM10  |  16.82 |  16.96 |  19.91 |   5.17 |I I 
21:22-Sun-Feb-26-2017 PM2.5 |   8.74 |   8.22 |   9.76 |   3.11 |I I 
21:23-Sun-Feb-26-2017 PM10  |  17.44 |  17.01 |  19.91 |   5.17 |I I 
21:23-Sun-Feb-26-2017 PM2.5 |   7.67 |   8.17 |   9.76 |   3.11 |I I 
21:27-Sun-Feb-26-2017 PM10  |  16.03 |  16.92 |  19.91 |   5.17 |I I 
21:27-Sun-Feb-26-2017 PM2.5 |   7.91 |   8.14 |   9.76 |   3.11 |I I 
21:28-Sun-Feb-26-2017 PM10  |  15.71 |  16.82 |  19.91 |   5.17 |I I 
21:28-Sun-Feb-26-2017 PM2.5 |   7.93 |   8.12 |   9.76 |   3.11 |I I 
21:32-Sun-Feb-26-2017 PM10  |  15.51 |  16.72 |  19.91 |   5.17 |I I 
21:32-Sun-Feb-26-2017 PM2.5 |   7.89 |   8.11 |   9.76 |   3.11 |I I 
21:33-Sun-Feb-26-2017 PM10  |  16.93 |  16.73 |  19.91 |   5.17 |I I 
21:33-Sun-Feb-26-2017 PM2.5 |   7.37 |   8.05 |   9.76 |   3.11 |I I 
21:34-Sun-Feb-26-2017 PM10  |  16.93 |  16.75 |  19.91 |   5.17 |I I 
21:34-Sun-Feb-26-2017 PM2.5 |   7.37 |   8.01 |   9.76 |   3.11 |I I 
21:38-Sun-Feb-26-2017 PM10  |  15.18 |  16.65 |  19.91 |   5.17 |I I 
21:38-Sun-Feb-26-2017 PM2.5 |   7.68 |   7.99 |   9.76 |   3.11 |I I 
21:39-Sun-Feb-26-2017 PM10  |  15.91 |  16.60 |  19.91 |   5.17 |I I 
21:39-Sun-Feb-26-2017 PM2.5 |   7.57 |   7.96 |   9.76 |   3.11 |I I 
21:44-Sun-Feb-26-2017 PM10  |  14.16 |  16.47 |  19.91 |   5.17 |I I 
21:44-Sun-Feb-26-2017 PM2.5 |   7.78 |   7.95 |   9.76 |   3.11 |I I 
21:45-Sun-Feb-26-2017 PM10  |  14.74 |  16.38 |  19.91 |   5.17 |I I 
21:45-Sun-Feb-26-2017 PM2.5 |   7.51 |   7.93 |   9.76 |   3.11 |I I 
21:49-Sun-Feb-26-2017 PM10  |  16.31 |  16.37 |  19.91 |   5.17 |I I 
21:49-Sun-Feb-26-2017 PM2.5 |   7.63 |   7.91 |   9.76 |   3.11 |I I 
21:50-Sun-Feb-26-2017 PM10  |  17.94 |  16.45 |  19.91 |   5.17 |I I 
21:50-Sun-Feb-26-2017 PM2.5 |   8.01 |   7.92 |   9.76 |   3.11 |I I 
21:54-Sun-Feb-26-2017 PM10  |  18.13 |  16.53 |  19.91 |   5.17 |I I 
21:54-Sun-Feb-26-2017 PM2.5 |   9.32 |   7.98 |   9.76 |   3.11 |I I 
21:55-Sun-Feb-26-2017 PM10  |  19.96 |  16.67 |  19.91 |   5.17 |I I 
21:55-Sun-Feb-26-2017 PM2.5 |   8.85 |   8.02 |   9.76 |   3.11 |I I 
21:59-Sun-Feb-26-2017 PM10  |  17.88 |  16.73 |  19.91 |   5.17 |I I 
21:59-Sun-Feb-26-2017 PM2.5 |   9.01 |   8.06 |   9.76 |   3.11 |I I 
22:00-Sun-Feb-26-2017 PM10  |  20.06 |  16.86 |  19.91 |   5.17 |I I 
22:00-Sun-Feb-26-2017 PM2.5 |   8.85 |   8.09 |   9.76 |   3.11 |I I 
22:04-Sun-Feb-26-2017 PM10  |  18.39 |  18.39 |  19.91 |   5.17 |I I 
22:04-Sun-Feb-26-2017 PM2.5 |   8.94 |   8.94 |   9.76 |   3.11 |I I 
22:05-Sun-Feb-26-2017 PM10  |  18.39 |  18.39 |  19.91 |   5.17 |I I 
22:05-Sun-Feb-26-2017 PM2.5 |   8.94 |   8.94 |   9.76 |   3.11 |I I 
22:06-Sun-Feb-26-2017 PM10  |  20.12 |  18.97 |  19.91 |   5.17 |I I 
22:06-Sun-Feb-26-2017 PM2.5 |   9.11 |   9.00 |   9.76 |   3.11 |I I 
22:10-Sun-Feb-26-2017 PM10  |  18.25 |  18.79 |  19.91 |   5.17 |I I 
22:10-Sun-Feb-26-2017 PM2.5 |   9.63 |   9.16 |   9.76 |   3.11 |I I 
22:11-Sun-Feb-26-2017 PM10  |  21.31 |  19.29 |  19.91 |   5.17 |I I 
22:11-Sun-Feb-26-2017 PM2.5 |  10.13 |   9.35 |   9.76 |   3.11 |I I 
22:15-Sun-Feb-26-2017 PM10  |  19.33 |  19.30 |  19.91 |   5.17 |I I 
22:15-Sun-Feb-26-2017 PM2.5 |   9.84 |   9.43 |   9.76 |   3.11 |I I 
22:16-Sun-Feb-26-2017 PM10  |  19.12 |  19.27 |  19.91 |   5.17 |I I 
22:16-Sun-Feb-26-2017 PM2.5 |   8.74 |   9.33 |   9.76 |   3.11 |I I 
22:20-Sun-Feb-26-2017 PM10  |  18.64 |  19.19 |  19.91 |   5.17 |I I 
22:20-Sun-Feb-26-2017 PM2.5 |   8.95 |   9.29 |   9.76 |   3.11 |I I 
22:21-Sun-Feb-26-2017 PM10  |  16.21 |  18.86 |  19.91 |   5.17 |I I 
22:21-Sun-Feb-26-2017 PM2.5 |   7.90 |   9.13 |   9.76 |   3.11 |I I 
22:25-Sun-Feb-26-2017 PM10  |  18.38 |  18.81 |  19.91 |   5.17 |I I 
22:25-Sun-Feb-26-2017 PM2.5 |   9.03 |   9.12 |   9.76 |   3.11 |I I 
22:26-Sun-Feb-26-2017 PM10  |  22.24 |  19.13 |  19.91 |   5.17 |I I 
22:26-Sun-Feb-26-2017 PM2.5 |   9.67 |   9.17 |   9.76 |   3.11 |I I 
22:30-Sun-Feb-26-2017 PM10  |  19.37 |  19.15 |  19.91 |   5.17 |I I 
22:30-Sun-Feb-26-2017 PM2.5 |   9.06 |   9.16 |   9.76 |   3.11 |I I 
22:31-Sun-Feb-26-2017 PM10  |  19.37 |  19.16 |  19.91 |   5.17 |I I 
22:31-Sun-Feb-26-2017 PM2.5 |   9.06 |   9.15 |   9.76 |   3.11 |I I 
22:32-Sun-Feb-26-2017 PM10  |  20.66 |  19.27 |  19.91 |   5.17 |I I 
22:32-Sun-Feb-26-2017 PM2.5 |   8.55 |   9.11 |   9.76 |   3.11 |I I 
22:36-Sun-Feb-26-2017 PM10  |  17.47 |  19.15 |  19.91 |   5.17 |I I 
22:36-Sun-Feb-26-2017 PM2.5 |   8.63 |   9.08 |   9.76 |   3.11 |I I 
22:37-Sun-Feb-26-2017 PM10  |  18.21 |  19.09 |  19.91 |   5.17 |I I 
22:37-Sun-Feb-26-2017 PM2.5 |   8.82 |   9.06 |   9.76 |   3.11 |I I 
22:41-Sun-Feb-26-2017 PM10  |  22.36 |  19.28 |  19.91 |   5.17 |I I 
22:41-Sun-Feb-26-2017 PM2.5 |   9.69 |   9.10 |   9.76 |   3.11 |I I 
22:42-Sun-Feb-26-2017 PM10  |  17.02 |  19.16 |  19.91 |   5.17 |I I 
22:42-Sun-Feb-26-2017 PM2.5 |   8.46 |   9.06 |   9.76 |   3.11 |I I 
22:46-Sun-Feb-26-2017 PM10  |  18.43 |  19.12 |  19.91 |   5.17 |I I 
22:46-Sun-Feb-26-2017 PM2.5 |   8.10 |   9.01 |   9.76 |   3.11 |I I 
22:47-Sun-Feb-26-2017 PM10  |  16.54 |  18.99 |  19.91 |   5.17 |I I 
22:47-Sun-Feb-26-2017 PM2.5 |   8.15 |   8.97 |   9.76 |   3.11 |I I 
22:51-Sun-Feb-26-2017 PM10  |  14.95 |  18.80 |  19.91 |   5.17 |I I 
22:51-Sun-Feb-26-2017 PM2.5 |   7.77 |   8.91 |   9.76 |   3.11 |I I 
22:52-Sun-Feb-26-2017 PM10  |  13.91 |  18.58 |  19.91 |   5.17 |I I 
22:52-Sun-Feb-26-2017 PM2.5 |   7.72 |   8.86 |   9.76 |   3.11 |I I 
22:56-Sun-Feb-26-2017 PM10  |  15.08 |  18.42 |  19.91 |   5.17 |I I 
22:56-Sun-Feb-26-2017 PM2.5 |   7.43 |   8.80 |   9.76 |   3.11 |I I 
22:57-Sun-Feb-26-2017 PM10  |  15.08 |  18.29 |  19.91 |   5.17 |I I 
22:57-Sun-Feb-26-2017 PM2.5 |   7.43 |   8.74 |   9.76 |   3.11 |I I 
22:58-Sun-Feb-26-2017 PM10  |  14.36 |  18.13 |  19.91 |   5.17 |I I 
22:58-Sun-Feb-26-2017 PM2.5 |   7.08 |   8.67 |   9.76 |   3.11 |I I 
23:02-Sun-Feb-26-2017 PM10  |  13.42 |  17.95 |  19.91 |   5.17 |I I 
23:02-Sun-Feb-26-2017 PM2.5 |   7.40 |   8.62 |   9.76 |   3.11 |I I 
23:03-Sun-Feb-26-2017 PM10  |  15.02 |  15.02 |  19.91 |   5.17 |I I 
23:03-Sun-Feb-26-2017 PM2.5 |   7.55 |   7.55 |   9.76 |   3.11 |I I 
23:07-Sun-Feb-26-2017 PM10  |  16.75 |  15.89 |  19.91 |   5.17 |I I 
23:07-Sun-Feb-26-2017 PM2.5 |   8.23 |   7.89 |   9.76 |   3.11 |I I 
23:08-Sun-Feb-26-2017 PM10  |  15.04 |  15.60 |  19.91 |   5.17 |I I 
23:08-Sun-Feb-26-2017 PM2.5 |   7.87 |   7.88 |   9.76 |   3.11 |I I 
23:12-Sun-Feb-26-2017 PM10  |  15.53 |  15.59 |  19.91 |   5.17 |I I 
23:12-Sun-Feb-26-2017 PM2.5 |   7.98 |   7.91 |   9.76 |   3.11 |I I 
23:13-Sun-Feb-26-2017 PM10  |  16.81 |  15.83 |  19.91 |   5.17 |I I 
23:13-Sun-Feb-26-2017 PM2.5 |   7.33 |   7.79 |   9.76 |   3.11 |I I 
23:17-Sun-Feb-26-2017 PM10  |  15.94 |  15.85 |  19.91 |   5.17 |I I 
23:17-Sun-Feb-26-2017 PM2.5 |   8.08 |   7.84 |   9.76 |   3.11 |I I 
23:18-Sun-Feb-26-2017 PM10  |  15.52 |  15.80 |  19.91 |   5.17 |I I 
23:18-Sun-Feb-26-2017 PM2.5 |   7.92 |   7.85 |   9.76 |   3.11 |I I 
23:22-Sun-Feb-26-2017 PM10  |  16.05 |  15.83 |  19.91 |   5.17 |I I 
23:22-Sun-Feb-26-2017 PM2.5 |   8.37 |   7.92 |   9.76 |   3.11 |I I 
23:23-Sun-Feb-26-2017 PM10  |  16.34 |  15.89 |  19.91 |   5.17 |I I 
23:23-Sun-Feb-26-2017 PM2.5 |   8.03 |   7.93 |   9.76 |   3.11 |I I 
23:24-Sun-Feb-26-2017 PM10  |  16.34 |  15.93 |  19.91 |   5.17 |I I 
23:24-Sun-Feb-26-2017 PM2.5 |   8.03 |   7.94 |   9.76 |   3.11 |I I 
23:28-Sun-Feb-26-2017 PM10  |  17.61 |  16.09 |  19.91 |   5.17 |I B 
23:28-Sun-Feb-26-2017 PM2.5 |   8.52 |   7.99 |   9.76 |   3.11 |I B 
23:29-Sun-Feb-26-2017recover dati per host :92.223.147.77/nodered
23:29-Sun-Feb-26-2017 PM10  |  16.02 |  16.08 |  19.91 |   5.17 |I I 
23:29-Sun-Feb-26-2017 PM2.5 |   8.18 |   8.01 |   9.76 |   3.11 |I I 
23:33-Sun-Feb-26-2017 PM10  |  17.63 |  16.20 |  19.91 |   5.17 |I I 
23:33-Sun-Feb-26-2017 PM2.5 |   8.30 |   8.03 |   9.76 |   3.11 |I I 
23:34-Sun-Feb-26-2017 PM10  |  16.54 |  16.22 |  19.91 |   5.17 |I I 
23:34-Sun-Feb-26-2017 PM2.5 |   7.48 |   7.99 |   9.76 |   3.11 |I I 
23:38-Sun-Feb-26-2017 PM10  |  16.48 |  16.24 |  19.91 |   5.17 |I I 
23:38-Sun-Feb-26-2017 PM2.5 |   8.28 |   8.01 |   9.76 |   3.11 |I I 
23:39-Sun-Feb-26-2017 PM10  |  16.12 |  16.23 |  19.91 |   5.17 |I I 
23:39-Sun-Feb-26-2017 PM2.5 |   7.41 |   7.97 |   9.76 |   3.11 |I I 
23:43-Sun-Feb-26-2017 PM10  |  14.46 |  16.13 |  19.91 |   5.17 |I I 
23:43-Sun-Feb-26-2017 PM2.5 |   7.46 |   7.94 |   9.76 |   3.11 |I I 
23:44-Sun-Feb-26-2017 PM10  |  18.72 |  16.27 |  19.91 |   5.17 |I I 
23:44-Sun-Feb-26-2017 PM2.5 |   8.31 |   7.96 |   9.76 |   3.11 |I I 
23:48-Sun-Feb-26-2017 PM10  |  20.22 |  16.48 |  19.91 |   5.17 |I I 
23:48-Sun-Feb-26-2017 PM2.5 |   8.77 |   8.00 |   9.76 |   3.11 |I I 
23:49-Sun-Feb-26-2017 PM10  |  18.79 |  16.60 |  19.91 |   5.17 |I I 
23:49-Sun-Feb-26-2017 PM2.5 |   9.12 |   8.06 |   9.76 |   3.11 |I I 
23:53-Sun-Feb-26-2017 PM10  |  20.06 |  16.76 |  19.91 |   5.17 |I I 
23:53-Sun-Feb-26-2017 PM2.5 |  10.18 |   8.16 |   9.76 |   3.11 |I I 
23:54-Sun-Feb-26-2017 PM10  |  20.06 |  16.91 |  19.91 |   5.17 |I I 
23:54-Sun-Feb-26-2017 PM2.5 |  10.18 |   8.25 |   9.76 |   3.11 |I I 
23:55-Sun-Feb-26-2017 PM10  |  16.44 |  16.89 |  19.91 |   5.17 |I I 
23:55-Sun-Feb-26-2017 PM2.5 |   7.58 |   8.22 |   9.76 |   3.11 |I I 
23:59-Sun-Feb-26-2017 PM10  |  15.33 |  16.83 |  19.91 |   5.17 |I I 
23:59-Sun-Feb-26-2017 PM2.5 |   7.54 |   8.19 |   9.76 |   3.11 |I I 
00:00-Mon-Feb-27-2017 PM10  |  16.60 |  16.82 |  19.91 |   5.17 |I I 
