[Fri Mar 24 00:01:04 2017] Report del giorno Friday March 24 2017 -- INVIATO a centraline@googlegroups.com
00:01-Fri-Mar-24-2017 PM2.5 |  46.28 |  53.59 |  53.59 |   5.94 |I I 
00:05-Fri-Mar-24-2017 PM10  |  95.34 |  95.34 |   0.00 |  2000.00|I I 
00:05-Fri-Mar-24-2017 PM2.5 |  49.14 |  49.14 |   0.00 |  2000.00|I I 
00:06-Fri-Mar-24-2017 PM10  |  89.67 |  92.50 |   0.00 |  2000.00|I I 
00:06-Fri-Mar-24-2017 PM2.5 |  46.19 |  47.67 |   0.00 |  2000.00|I I 
00:10-Fri-Mar-24-2017 PM10  |  90.50 |  91.84 |   0.00 |  2000.00|I I 
00:10-Fri-Mar-24-2017 PM2.5 |  48.66 |  48.00 |   0.00 |  2000.00|I I 
00:11-Fri-Mar-24-2017 PM10  |  88.76 |  91.07 |   0.00 |  2000.00|I I 
00:11-Fri-Mar-24-2017 PM2.5 |  44.62 |  47.15 |   0.00 |  2000.00|I I 
00:15-Fri-Mar-24-2017 PM10  |  89.97 |  90.85 |   0.00 |  2000.00|I I 
00:15-Fri-Mar-24-2017 PM2.5 |  47.53 |  47.23 |   0.00 |  2000.00|I I 
00:16-Fri-Mar-24-2017 PM10  |  84.80 |  89.84 |   0.00 |  2000.00|I I 
00:16-Fri-Mar-24-2017 PM2.5 |  42.97 |  46.52 |   0.00 |  2000.00|I I 
00:20-Fri-Mar-24-2017 PM10  |  89.30 |  89.76 |   0.00 |  2000.00|I I 
00:20-Fri-Mar-24-2017 PM2.5 |  46.38 |  46.50 |   0.00 |  2000.00|I I 
00:21-Fri-Mar-24-2017 PM10  |  86.75 |  89.39 |   0.00 |  2000.00|I I 
00:21-Fri-Mar-24-2017 PM2.5 |  44.67 |  46.27 |   0.00 |  2000.00|I I 
00:22-Fri-Mar-24-2017 PM10  |  86.75 |  89.09 |   0.00 |  2000.00|I I 
00:22-Fri-Mar-24-2017 PM2.5 |  44.67 |  46.09 |   0.00 |  2000.00|I I 
00:25-Fri-Mar-24-2017 PM10  |  85.13 |  88.70 |   0.00 |  2000.00|I I 
00:25-Fri-Mar-24-2017 PM2.5 |  45.92 |  46.08 |   0.00 |  2000.00|I I 
00:26-Fri-Mar-24-2017 PM10  |  85.13 |  88.37 |   0.00 |  2000.00|I I 
00:26-Fri-Mar-24-2017 PM2.5 |  45.92 |  46.06 |   0.00 |  2000.00|I I 
00:27-Fri-Mar-24-2017 PM10  |  85.73 |  88.15 |   0.00 |  2000.00|I I 
00:27-Fri-Mar-24-2017 PM2.5 |  43.51 |  45.85 |   0.00 |  2000.00|I I 
00:31-Fri-Mar-24-2017 PM10  |  84.32 |  87.86 |   0.00 |  2000.00|I I 
00:31-Fri-Mar-24-2017 PM2.5 |  44.14 |  45.72 |   0.00 |  2000.00|I I 
00:32-Fri-Mar-24-2017 PM10  |  77.51 |  87.12 |   0.00 |  2000.00|I I 
00:32-Fri-Mar-24-2017 PM2.5 |  41.72 |  45.43 |   0.00 |  2000.00|I I 
00:36-Fri-Mar-24-2017 PM10  |  82.82 |  86.83 |   0.00 |  2000.00|I I 
00:36-Fri-Mar-24-2017 PM2.5 |  43.96 |  45.33 |   0.00 |  2000.00|I I 
00:37-Fri-Mar-24-2017 PM10  |  75.86 |  86.15 |   0.00 |  2000.00|I I 
00:37-Fri-Mar-24-2017 PM2.5 |  40.07 |  45.01 |   0.00 |  2000.00|I I 
00:41-Fri-Mar-24-2017 PM10  |  80.18 |  85.80 |   0.00 |  2000.00|I I 
00:41-Fri-Mar-24-2017 PM2.5 |  41.75 |  44.81 |   0.00 |  2000.00|I I 
00:42-Fri-Mar-24-2017 PM10  |  79.96 |  85.47 |   0.00 |  2000.00|I I 
00:42-Fri-Mar-24-2017 PM2.5 |  39.82 |  44.54 |   0.00 |  2000.00|I I 
00:46-Fri-Mar-24-2017 PM10  |  77.01 |  85.03 |   0.00 |  2000.00|I I 
00:46-Fri-Mar-24-2017 PM2.5 |  40.59 |  44.33 |   0.00 |  2000.00|I I 
00:47-Fri-Mar-24-2017 PM10  |  77.59 |  84.65 |   0.00 |  2000.00|I I 
00:47-Fri-Mar-24-2017 PM2.5 |  39.22 |  44.07 |   0.00 |  2000.00|I I 
00:48-Fri-Mar-24-2017 PM10  |  77.59 |  84.32 |   0.00 |  2000.00|I I 
00:48-Fri-Mar-24-2017 PM2.5 |  39.22 |  43.84 |   0.00 |  2000.00|I I 
00:51-Fri-Mar-24-2017 PM10  |  74.13 |  83.85 |   0.00 |  2000.00|I I 
00:51-Fri-Mar-24-2017 PM2.5 |  40.08 |  43.67 |   0.00 |  2000.00|I I 
00:52-Fri-Mar-24-2017 PM10  |  74.13 |  83.43 |   0.00 |  2000.00|I I 
00:52-Fri-Mar-24-2017 PM2.5 |  40.08 |  43.51 |   0.00 |  2000.00|I I 
00:53-Fri-Mar-24-2017 PM10  |  71.99 |  82.95 |   0.00 |  2000.00|I I 
00:53-Fri-Mar-24-2017 PM2.5 |  37.95 |  43.28 |   0.00 |  2000.00|I I 
00:57-Fri-Mar-24-2017 PM10  |  71.78 |  82.51 |   0.00 |  2000.00|I I 
00:57-Fri-Mar-24-2017 PM2.5 |  39.08 |  43.11 |   0.00 |  2000.00|I I 
00:58-Fri-Mar-24-2017 PM10  |  68.55 |  81.97 |   0.00 |  2000.00|I I 
00:58-Fri-Mar-24-2017 PM2.5 |  36.72 |  42.87 |   0.00 |  2000.00|I I 
01:02-Fri-Mar-24-2017 PM10  |  68.84 |  81.48 |  81.48 |  81.48 |I I 
01:02-Fri-Mar-24-2017 PM2.5 |  38.10 |  42.69 |  42.69 |  42.69 |I I 
01:03-Fri-Mar-24-2017 PM10  |  74.16 |  74.16 |  81.48 |  81.48 |I I 
01:03-Fri-Mar-24-2017 PM2.5 |  37.16 |  37.16 |  42.69 |  42.69 |I I 
01:07-Fri-Mar-24-2017 PM10  |  70.94 |  72.55 |  81.48 |  81.48 |I I 
01:07-Fri-Mar-24-2017 PM2.5 |  38.12 |  37.64 |  42.69 |  42.69 |I I 
01:08-Fri-Mar-24-2017 PM10  |  69.64 |  71.58 |  81.48 |  81.48 |I I 
01:08-Fri-Mar-24-2017 PM2.5 |  37.28 |  37.52 |  42.69 |  42.69 |I I 
01:12-Fri-Mar-24-2017 PM10  |  66.04 |  70.20 |  81.48 |  81.48 |I I 
01:12-Fri-Mar-24-2017 PM2.5 |  37.27 |  37.46 |  42.69 |  42.69 |I I 
01:13-Fri-Mar-24-2017 PM10  |  67.61 |  69.68 |  81.48 |  81.48 |I I 
01:13-Fri-Mar-24-2017 PM2.5 |  36.10 |  37.19 |  42.69 |  42.69 |I I 
01:17-Fri-Mar-24-2017 PM10  |  70.07 |  69.74 |  81.48 |  81.48 |I I 
01:17-Fri-Mar-24-2017 PM2.5 |  37.94 |  37.31 |  42.69 |  42.69 |I I 
01:18-Fri-Mar-24-2017 PM10  |  70.07 |  69.79 |  81.48 |  81.48 |I I 
01:18-Fri-Mar-24-2017 PM2.5 |  37.94 |  37.40 |  42.69 |  42.69 |I I 
01:19-Fri-Mar-24-2017 PM10  |  64.62 |  69.14 |  81.48 |  81.48 |I I 
01:19-Fri-Mar-24-2017 PM2.5 |  35.15 |  37.12 |  42.69 |  42.69 |I I 
01:23-Fri-Mar-24-2017 PM10  |  69.62 |  69.20 |  81.48 |  81.48 |I I 
01:23-Fri-Mar-24-2017 PM2.5 |  37.50 |  37.16 |  42.69 |  42.69 |I I 
01:24-Fri-Mar-24-2017 PM10  |  62.06 |  68.48 |  81.48 |  81.48 |I I 
01:24-Fri-Mar-24-2017 PM2.5 |  34.17 |  36.86 |  42.69 |  42.69 |I I 
01:28-Fri-Mar-24-2017 PM10  |  63.74 |  68.05 |  81.48 |  81.48 |I I 
01:28-Fri-Mar-24-2017 PM2.5 |  35.37 |  36.73 |  42.69 |  42.69 |I I 
01:29-Fri-Mar-24-2017 PM10  |  64.17 |  67.73 |  81.48 |  81.48 |I I 
01:29-Fri-Mar-24-2017 PM2.5 |  35.16 |  36.60 |  42.69 |  42.69 |I I 
01:33-Fri-Mar-24-2017 PM10  |  63.72 |  67.42 |  81.48 |  81.48 |I I 
01:33-Fri-Mar-24-2017 PM2.5 |  35.12 |  36.48 |  42.69 |  42.69 |I I 
01:34-Fri-Mar-24-2017 PM10  |  63.50 |  67.14 |  81.48 |  81.48 |I I 
01:34-Fri-Mar-24-2017 PM2.5 |  33.10 |  36.24 |  42.69 |  42.69 |I I 
01:38-Fri-Mar-24-2017 PM10  |  61.59 |  66.77 |  81.48 |  81.48 |I I 
01:38-Fri-Mar-24-2017 PM2.5 |  34.16 |  36.10 |  42.69 |  42.69 |I I 
01:39-Fri-Mar-24-2017 PM10  |  60.46 |  66.38 |  81.48 |  81.48 |I I 
01:39-Fri-Mar-24-2017 PM2.5 |  32.74 |  35.89 |  42.69 |  42.69 |I I 
01:43-Fri-Mar-24-2017 PM10  |  64.61 |  66.27 |  81.48 |  81.48 |I I 
01:43-Fri-Mar-24-2017 PM2.5 |  34.65 |  35.82 |  42.69 |  42.69 |I I 
01:44-Fri-Mar-24-2017 PM10  |  64.61 |  66.18 |  81.48 |  81.48 |I I 
01:44-Fri-Mar-24-2017 PM2.5 |  34.65 |  35.75 |  42.69 |  42.69 |I I 
01:45-Fri-Mar-24-2017 PM10  |  61.28 |  65.92 |  81.48 |  81.48 |I I 
01:45-Fri-Mar-24-2017 PM2.5 |  32.26 |  35.57 |  42.69 |  42.69 |I I 
01:49-Fri-Mar-24-2017 PM10  |  61.23 |  65.69 |  81.48 |  81.48 |I I 
01:49-Fri-Mar-24-2017 PM2.5 |  34.12 |  35.50 |  42.69 |  42.69 |I I 
01:50-Fri-Mar-24-2017 PM10  |  57.87 |  65.32 |  81.48 |  81.48 |I I 
01:50-Fri-Mar-24-2017 PM2.5 |  31.71 |  35.32 |  42.69 |  42.69 |I I 
01:54-Fri-Mar-24-2017 PM10  |  60.85 |  65.11 |  81.48 |  81.48 |I I 
01:54-Fri-Mar-24-2017 PM2.5 |  33.57 |  35.24 |  42.69 |  42.69 |I I 
01:55-Fri-Mar-24-2017 PM10  |  57.87 |  64.80 |  81.48 |  81.48 |I I 
01:55-Fri-Mar-24-2017 PM2.5 |  30.18 |  35.02 |  42.69 |  42.69 |I I 
01:59-Fri-Mar-24-2017 PM10  |  57.49 |  64.49 |  81.48 |  81.48 |I I 
01:59-Fri-Mar-24-2017 PM2.5 |  31.71 |  34.88 |  42.69 |  42.69 |I I 
02:00-Fri-Mar-24-2017 PM10  |  56.99 |  64.19 |  81.48 |  64.19 |I I 
02:00-Fri-Mar-24-2017 PM2.5 |  31.57 |  34.75 |  42.69 |  34.75 |I I 
02:04-Fri-Mar-24-2017 PM10  |  57.98 |  57.98 |  81.48 |  64.19 |I I 
02:04-Fri-Mar-24-2017 PM2.5 |  32.11 |  32.11 |  42.69 |  34.75 |I I 
02:05-Fri-Mar-24-2017 PM10  |  57.02 |  57.50 |  81.48 |  64.19 |I I 
02:05-Fri-Mar-24-2017 PM2.5 |  30.46 |  31.28 |  42.69 |  34.75 |I I 
02:09-Fri-Mar-24-2017 PM10  |  56.50 |  57.17 |  81.48 |  64.19 |I I 
02:09-Fri-Mar-24-2017 PM2.5 |  30.90 |  31.16 |  42.69 |  34.75 |I I 
02:10-Fri-Mar-24-2017 PM10  |  56.50 |  57.00 |  81.48 |  64.19 |I I 
02:10-Fri-Mar-24-2017 PM2.5 |  30.90 |  31.09 |  42.69 |  34.75 |I I 
02:11-Fri-Mar-24-2017 PM10  |  55.38 |  56.68 |  81.48 |  64.19 |I I 
02:11-Fri-Mar-24-2017 PM2.5 |  29.72 |  30.82 |  42.69 |  34.75 |I I 
02:15-Fri-Mar-24-2017 PM10  |  55.12 |  56.42 |  81.48 |  64.19 |I I 
02:15-Fri-Mar-24-2017 PM2.5 |  31.40 |  30.92 |  42.69 |  34.75 |I I 
02:16-Fri-Mar-24-2017 PM10  |  54.07 |  56.08 |  81.48 |  64.19 |I I 
02:16-Fri-Mar-24-2017 PM2.5 |  29.56 |  30.72 |  42.69 |  34.75 |I I 
02:20-Fri-Mar-24-2017 PM10  |  53.60 |  55.77 |  81.48 |  64.19 |I I 
02:20-Fri-Mar-24-2017 PM2.5 |  30.24 |  30.66 |  42.69 |  34.75 |I I 
02:21-Fri-Mar-24-2017 PM10  |  52.52 |  55.41 |  81.48 |  64.19 |I I 
02:21-Fri-Mar-24-2017 PM2.5 |  28.52 |  30.42 |  42.69 |  34.75 |I I 
02:25-Fri-Mar-24-2017 PM10  |  53.94 |  55.26 |  81.48 |  64.19 |I I 
02:25-Fri-Mar-24-2017 PM2.5 |  29.78 |  30.36 |  42.69 |  34.75 |I I 
02:26-Fri-Mar-24-2017 PM10  |  51.41 |  54.91 |  81.48 |  64.19 |I I 
02:26-Fri-Mar-24-2017 PM2.5 |  28.15 |  30.16 |  42.69 |  34.75 |I I 
02:30-Fri-Mar-24-2017 PM10  |  51.79 |  54.65 |  81.48 |  64.19 |I I 
02:30-Fri-Mar-24-2017 PM2.5 |  29.11 |  30.07 |  42.69 |  34.75 |I I 
02:31-Fri-Mar-24-2017 PM10  |  49.14 |  54.23 |  81.48 |  64.19 |I I 
02:31-Fri-Mar-24-2017 PM2.5 |  27.44 |  29.87 |  42.69 |  34.75 |I I 
02:35-Fri-Mar-24-2017 PM10  |  50.34 |  53.95 |  81.48 |  64.19 |I I 
02:35-Fri-Mar-24-2017 PM2.5 |  29.18 |  29.82 |  42.69 |  34.75 |I I 
02:36-Fri-Mar-24-2017 PM10  |  50.34 |  53.71 |  81.48 |  64.19 |I I 
02:36-Fri-Mar-24-2017 PM2.5 |  29.18 |  29.78 |  42.69 |  34.75 |I I 
02:37-Fri-Mar-24-2017 PM10  |  49.15 |  53.43 |  81.48 |  64.19 |I I 
02:37-Fri-Mar-24-2017 PM2.5 |  26.97 |  29.60 |  42.69 |  34.75 |I I 
02:41-Fri-Mar-24-2017 PM10  |  48.68 |  53.15 |  81.48 |  64.19 |I I 
02:41-Fri-Mar-24-2017 PM2.5 |  27.54 |  29.48 |  42.69 |  34.75 |I I 
02:42-Fri-Mar-24-2017 PM10  |  48.02 |  52.86 |  81.48 |  64.19 |I I 
02:42-Fri-Mar-24-2017 PM2.5 |  26.81 |  29.33 |  42.69 |  34.75 |I I 
02:46-Fri-Mar-24-2017 PM10  |  46.65 |  52.54 |  81.48 |  64.19 |I I 
02:46-Fri-Mar-24-2017 PM2.5 |  27.04 |  29.21 |  42.69 |  34.75 |I I 
02:47-Fri-Mar-24-2017 PM10  |  47.68 |  52.29 |  81.48 |  64.19 |I I 
02:47-Fri-Mar-24-2017 PM2.5 |  26.56 |  29.08 |  42.69 |  34.75 |I I 
02:51-Fri-Mar-24-2017 PM10  |  46.14 |  52.00 |  81.48 |  64.19 |I I 
02:51-Fri-Mar-24-2017 PM2.5 |  26.36 |  28.95 |  42.69 |  34.75 |I I 
02:53-Fri-Mar-24-2017 PM10  |  48.47 |  51.84 |  81.48 |  64.19 |I I 
02:53-Fri-Mar-24-2017 PM2.5 |  26.12 |  28.82 |  42.69 |  34.75 |I I 
02:57-Fri-Mar-24-2017 PM10  |  48.73 |  51.70 |  81.48 |  64.19 |I I 
02:57-Fri-Mar-24-2017 PM2.5 |  27.03 |  28.74 |  42.69 |  34.75 |I I 
02:58-Fri-Mar-24-2017 PM10  |  45.38 |  51.44 |  81.48 |  64.19 |I I 
02:58-Fri-Mar-24-2017 PM2.5 |  24.93 |  28.58 |  42.69 |  34.75 |I I 
03:02-Fri-Mar-24-2017 PM10  |  48.90 |  51.34 |  81.48 |  51.34 |I I 
03:02-Fri-Mar-24-2017 PM2.5 |  27.25 |  28.53 |  42.69 |  28.53 |I I 
03:03-Fri-Mar-24-2017 PM10  |  48.90 |  48.90 |  81.48 |  51.34 |I I 
03:03-Fri-Mar-24-2017 PM2.5 |  27.25 |  27.25 |  42.69 |  28.53 |I I 
03:04-Fri-Mar-24-2017 PM10  |  47.29 |  48.09 |  81.48 |  51.34 |I I 
03:04-Fri-Mar-24-2017 PM2.5 |  25.71 |  26.48 |  42.69 |  28.53 |I I 
03:08-Fri-Mar-24-2017 PM10  |  44.36 |  46.85 |  81.48 |  51.34 |I I 
03:08-Fri-Mar-24-2017 PM2.5 |  25.76 |  26.24 |  42.69 |  28.53 |I I 
03:09-Fri-Mar-24-2017 PM10  |  45.00 |  46.39 |  81.48 |  51.34 |I I 
03:09-Fri-Mar-24-2017 PM2.5 |  24.54 |  25.81 |  42.69 |  28.53 |I I 
03:13-Fri-Mar-24-2017 PM10  |  45.89 |  46.29 |  81.48 |  51.34 |I I 
03:13-Fri-Mar-24-2017 PM2.5 |  25.02 |  25.65 |  42.69 |  28.53 |I I 
03:14-Fri-Mar-24-2017 PM10  |  43.96 |  45.90 |  81.48 |  51.34 |I I 
03:14-Fri-Mar-24-2017 PM2.5 |  24.68 |  25.49 |  42.69 |  28.53 |I I 
03:18-Fri-Mar-24-2017 PM10  |  44.08 |  45.64 |  81.48 |  51.34 |I I 
03:18-Fri-Mar-24-2017 PM2.5 |  25.67 |  25.52 |  42.69 |  28.53 |I I 
03:19-Fri-Mar-24-2017 PM10  |  43.26 |  45.34 |  81.48 |  51.34 |I I 
03:19-Fri-Mar-24-2017 PM2.5 |  23.50 |  25.27 |  42.69 |  28.53 |I I 
03:23-Fri-Mar-24-2017 PM10  |  45.52 |  45.36 |  81.48 |  51.34 |I I 
03:23-Fri-Mar-24-2017 PM2.5 |  24.40 |  25.17 |  42.69 |  28.53 |I I 
03:24-Fri-Mar-24-2017 PM10  |  41.32 |  44.96 |  81.48 |  51.34 |I I 
03:24-Fri-Mar-24-2017 PM2.5 |  22.62 |  24.92 |  42.69 |  28.53 |I I 
03:28-Fri-Mar-24-2017 PM10  |  45.09 |  44.97 |  81.48 |  51.34 |I I 
03:28-Fri-Mar-24-2017 PM2.5 |  24.61 |  24.89 |  42.69 |  28.53 |I I 
03:29-Fri-Mar-24-2017 PM10  |  45.09 |  44.98 |  81.48 |  51.34 |I I 
03:29-Fri-Mar-24-2017 PM2.5 |  24.61 |  24.86 |  42.69 |  28.53 |I I 
03:30-Fri-Mar-24-2017 PM10  |  40.92 |  44.67 |  81.48 |  51.34 |I I 
03:30-Fri-Mar-24-2017 PM2.5 |  23.07 |  24.73 |  42.69 |  28.53 |I I 
03:34-Fri-Mar-24-2017 PM10  |  39.19 |  44.28 |  81.48 |  51.34 |I I 
03:34-Fri-Mar-24-2017 PM2.5 |  23.84 |  24.66 |  42.69 |  28.53 |I I 
03:35-Fri-Mar-24-2017 PM10  |  40.60 |  44.03 |  81.48 |  51.34 |I I 
03:35-Fri-Mar-24-2017 PM2.5 |  23.83 |  24.61 |  42.69 |  28.53 |I I 
03:39-Fri-Mar-24-2017 PM10  |  40.82 |  43.83 |  81.48 |  51.34 |I I 
03:39-Fri-Mar-24-2017 PM2.5 |  23.28 |  24.52 |  42.69 |  28.53 |I I 
03:40-Fri-Mar-24-2017 PM10  |  41.77 |  43.71 |  81.48 |  51.34 |I I 
03:40-Fri-Mar-24-2017 PM2.5 |  22.64 |  24.41 |  42.69 |  28.53 |I I 
03:44-Fri-Mar-24-2017 PM10  |  40.08 |  43.51 |  81.48 |  51.34 |I I 
03:44-Fri-Mar-24-2017 PM2.5 |  23.70 |  24.37 |  42.69 |  28.53 |I I 
03:45-Fri-Mar-24-2017 PM10  |  38.47 |  43.24 |  81.48 |  51.34 |I I 
03:45-Fri-Mar-24-2017 PM2.5 |  22.19 |  24.26 |  42.69 |  28.53 |I I 
03:49-Fri-Mar-24-2017 PM10  |  39.82 |  43.07 |  81.48 |  51.34 |I I 
03:49-Fri-Mar-24-2017 PM2.5 |  23.23 |  24.21 |  42.69 |  28.53 |I I 
03:50-Fri-Mar-24-2017 PM10  |  37.48 |  42.80 |  81.48 |  51.34 |I I 
03:50-Fri-Mar-24-2017 PM2.5 |  21.77 |  24.09 |  42.69 |  28.53 |I I 
03:54-Fri-Mar-24-2017 PM10  |  39.28 |  42.64 |  81.48 |  51.34 |I I 
03:54-Fri-Mar-24-2017 PM2.5 |  22.93 |  24.04 |  42.69 |  28.53 |I I 
03:55-Fri-Mar-24-2017 PM10  |  39.28 |  42.50 |  81.48 |  51.34 |I I 
03:55-Fri-Mar-24-2017 PM2.5 |  22.93 |  23.99 |  42.69 |  28.53 |I I 
03:56-Fri-Mar-24-2017 PM10  |  37.61 |  42.30 |  81.48 |  51.34 |I I 
03:56-Fri-Mar-24-2017 PM2.5 |  21.22 |  23.88 |  42.69 |  28.53 |I I 
04:00-Fri-Mar-24-2017 PM10  |  37.64 |  42.11 |  81.48 |  42.11 |I I 
04:00-Fri-Mar-24-2017 PM2.5 |  22.48 |  23.82 |  42.69 |  23.82 |I I 
04:01-Fri-Mar-24-2017 PM10  |  39.80 |  39.80 |  81.48 |  42.11 |I I 
04:01-Fri-Mar-24-2017 PM2.5 |  21.72 |  21.72 |  42.69 |  23.82 |I I 
04:05-Fri-Mar-24-2017 PM10  |  38.00 |  38.90 |  81.48 |  42.11 |I I 
04:05-Fri-Mar-24-2017 PM2.5 |  22.37 |  22.04 |  42.69 |  23.82 |I I 
04:06-Fri-Mar-24-2017 PM10  |  39.43 |  39.08 |  81.48 |  42.11 |I I 
04:06-Fri-Mar-24-2017 PM2.5 |  20.48 |  21.52 |  42.69 |  23.82 |I I 
04:10-Fri-Mar-24-2017 PM10  |  36.84 |  38.52 |  81.48 |  42.11 |I I 
04:10-Fri-Mar-24-2017 PM2.5 |  21.29 |  21.46 |  42.69 |  23.82 |I I 
04:11-Fri-Mar-24-2017 PM10  |  35.70 |  37.96 |  81.48 |  42.11 |I I 
04:11-Fri-Mar-24-2017 PM2.5 |  20.05 |  21.18 |  42.69 |  23.82 |I I 
04:15-Fri-Mar-24-2017 PM10  |  36.27 |  37.67 |  81.48 |  42.11 |I I 
04:15-Fri-Mar-24-2017 PM2.5 |  20.69 |  21.10 |  42.69 |  23.82 |I I 
04:16-Fri-Mar-24-2017 PM10  |  35.44 |  37.36 |  81.48 |  42.11 |I I 
04:16-Fri-Mar-24-2017 PM2.5 |  20.09 |  20.96 |  42.69 |  23.82 |I I 
04:20-Fri-Mar-24-2017 PM10  |  35.30 |  37.10 |  81.48 |  42.11 |I I 
04:20-Fri-Mar-24-2017 PM2.5 |  20.68 |  20.92 |  42.69 |  23.82 |I I 
04:21-Fri-Mar-24-2017 PM10  |  35.30 |  36.90 |  81.48 |  42.11 |I I 
04:21-Fri-Mar-24-2017 PM2.5 |  20.68 |  20.90 |  42.69 |  23.82 |I I 
04:22-Fri-Mar-24-2017 PM10  |  34.68 |  36.68 |  81.48 |  42.11 |I I 
04:22-Fri-Mar-24-2017 PM2.5 |  19.98 |  20.80 |  42.69 |  23.82 |I I 
04:26-Fri-Mar-24-2017 PM10  |  34.98 |  36.52 |  81.48 |  42.11 |I I 
04:26-Fri-Mar-24-2017 PM2.5 |  20.62 |  20.79 |  42.69 |  23.82 |I I 
04:27-Fri-Mar-24-2017 PM10  |  35.53 |  36.44 |  81.48 |  42.11 |I I 
04:27-Fri-Mar-24-2017 PM2.5 |  19.64 |  20.69 |  42.69 |  23.82 |I I 
04:31-Fri-Mar-24-2017 PM10  |  34.25 |  36.27 |  81.48 |  42.11 |I I 
04:31-Fri-Mar-24-2017 PM2.5 |  19.96 |  20.64 |  42.69 |  23.82 |I I 
04:32-Fri-Mar-24-2017 PM10  |  37.30 |  36.34 |  81.48 |  42.11 |I I 
04:32-Fri-Mar-24-2017 PM2.5 |  20.20 |  20.60 |  42.69 |  23.82 |I I 
04:36-Fri-Mar-24-2017 PM10  |  34.04 |  36.19 |  81.48 |  42.11 |I I 
04:36-Fri-Mar-24-2017 PM2.5 |  20.39 |  20.59 |  42.69 |  23.82 |I I 
04:37-Fri-Mar-24-2017 PM10  |  34.92 |  36.11 |  81.48 |  42.11 |I I 
04:37-Fri-Mar-24-2017 PM2.5 |  19.83 |  20.54 |  42.69 |  23.82 |I I 
04:41-Fri-Mar-24-2017 PM10  |  33.15 |  35.94 |  81.48 |  42.11 |I I 
04:41-Fri-Mar-24-2017 PM2.5 |  20.19 |  20.52 |  42.69 |  23.82 |I I 
04:42-Fri-Mar-24-2017 PM10  |  35.62 |  35.92 |  81.48 |  42.11 |I I 
04:42-Fri-Mar-24-2017 PM2.5 |  20.51 |  20.52 |  42.69 |  23.82 |I I 
04:46-Fri-Mar-24-2017 PM10  |  33.15 |  35.77 |  81.48 |  42.11 |I I 
04:46-Fri-Mar-24-2017 PM2.5 |  19.96 |  20.49 |  42.69 |  23.82 |I I 
04:47-Fri-Mar-24-2017 PM10  |  33.15 |  35.64 |  81.48 |  42.11 |I I 
04:47-Fri-Mar-24-2017 PM2.5 |  19.96 |  20.47 |  42.69 |  23.82 |I I 
04:48-Fri-Mar-24-2017 PM10  |  30.80 |  35.41 |  81.48 |  42.11 |I I 
04:48-Fri-Mar-24-2017 PM2.5 |  18.46 |  20.37 |  42.69 |  23.82 |I I 
04:52-Fri-Mar-24-2017 PM10  |  33.25 |  35.31 |  81.48 |  42.11 |I I 
04:52-Fri-Mar-24-2017 PM2.5 |  19.81 |  20.34 |  42.69 |  23.82 |I I 
04:53-Fri-Mar-24-2017 PM10  |  31.12 |  35.13 |  81.48 |  42.11 |I I 
04:53-Fri-Mar-24-2017 PM2.5 |  17.64 |  20.23 |  42.69 |  23.82 |I I 
04:57-Fri-Mar-24-2017 PM10  |  31.67 |  34.99 |  81.48 |  42.11 |I I 
04:57-Fri-Mar-24-2017 PM2.5 |  18.81 |  20.17 |  42.69 |  23.82 |I I 
04:58-Fri-Mar-24-2017 PM10  |  32.81 |  34.90 |  81.48 |  42.11 |I I 
04:58-Fri-Mar-24-2017 PM2.5 |  18.89 |  20.12 |  42.69 |  23.82 |I I 
05:02-Fri-Mar-24-2017 PM10  |  31.72 |  34.78 |  81.48 |  34.78 |I I 
05:02-Fri-Mar-24-2017 PM2.5 |  19.24 |  20.08 |  42.69 |  20.08 |I I 
05:03-Fri-Mar-24-2017 PM10  |  33.47 |  33.47 |  81.48 |  34.78 |I I 
05:03-Fri-Mar-24-2017 PM2.5 |  18.03 |  18.03 |  42.69 |  20.08 |I I 
05:07-Fri-Mar-24-2017 PM10  |  31.94 |  32.70 |  81.48 |  34.78 |I I 
05:07-Fri-Mar-24-2017 PM2.5 |  18.13 |  18.08 |  42.69 |  20.08 |I I 
05:08-Fri-Mar-24-2017 PM10  |  33.76 |  33.05 |  81.48 |  34.78 |I I 
05:08-Fri-Mar-24-2017 PM2.5 |  17.17 |  17.78 |  42.69 |  20.08 |I I 
05:12-Fri-Mar-24-2017 PM10  |  34.63 |  33.45 |  81.48 |  34.78 |I I 
05:12-Fri-Mar-24-2017 PM2.5 |  18.56 |  17.97 |  42.69 |  20.08 |I I 
05:13-Fri-Mar-24-2017 PM10  |  34.63 |  33.69 |  81.48 |  34.78 |I I 
05:13-Fri-Mar-24-2017 PM2.5 |  18.56 |  18.09 |  42.69 |  20.08 |I I 
05:14-Fri-Mar-24-2017 PM10  |  32.11 |  33.42 |  81.48 |  34.78 |I I 
05:14-Fri-Mar-24-2017 PM2.5 |  17.94 |  18.07 |  42.69 |  20.08 |I I 
05:18-Fri-Mar-24-2017 PM10  |  31.26 |  33.11 |  81.48 |  34.78 |I I 
05:18-Fri-Mar-24-2017 PM2.5 |  18.06 |  18.07 |  42.69 |  20.08 |I I 
05:19-Fri-Mar-24-2017 PM10  |  30.14 |  32.74 |  81.48 |  34.78 |I I 
05:19-Fri-Mar-24-2017 PM2.5 |  17.16 |  17.95 |  42.69 |  20.08 |I I 
05:23-Fri-Mar-24-2017 PM10  |  30.92 |  32.54 |  81.48 |  34.78 |I I 
05:23-Fri-Mar-24-2017 PM2.5 |  18.35 |  18.00 |  42.69 |  20.08 |I I 
05:24-Fri-Mar-24-2017 PM10  |  27.17 |  32.00 |  81.48 |  34.78 |I I 
05:24-Fri-Mar-24-2017 PM2.5 |  17.10 |  17.91 |  42.69 |  20.08 |I I 
05:28-Fri-Mar-24-2017 PM10  |  31.43 |  31.95 |  81.48 |  34.78 |I I 
05:28-Fri-Mar-24-2017 PM2.5 |  18.01 |  17.92 |  42.69 |  20.08 |I I 
05:29-Fri-Mar-24-2017 PM10  |  28.56 |  31.67 |  81.48 |  34.78 |I I 
05:29-Fri-Mar-24-2017 PM2.5 |  17.06 |  17.85 |  42.69 |  20.08 |I I 
05:33-Fri-Mar-24-2017 PM10  |  32.81 |  31.76 |  81.48 |  34.78 |I I 
05:33-Fri-Mar-24-2017 PM2.5 |  17.66 |  17.83 |  42.69 |  20.08 |I I 
05:34-Fri-Mar-24-2017 PM10  |  28.14 |  31.50 |  81.48 |  34.78 |I I 
05:34-Fri-Mar-24-2017 PM2.5 |  16.41 |  17.73 |  42.69 |  20.08 |I I 
05:38-Fri-Mar-24-2017 PM10  |  27.82 |  31.25 |  81.48 |  34.78 |I I 
05:38-Fri-Mar-24-2017 PM2.5 |  17.26 |  17.70 |  42.69 |  20.08 |I I 
05:39-Fri-Mar-24-2017 PM10  |  27.82 |  31.04 |  81.48 |  34.78 |I I 
05:39-Fri-Mar-24-2017 PM2.5 |  17.26 |  17.67 |  42.69 |  20.08 |I I 
05:40-Fri-Mar-24-2017 PM10  |  30.20 |  30.99 |  81.48 |  34.78 |I I 
05:40-Fri-Mar-24-2017 PM2.5 |  16.95 |  17.63 |  42.69 |  20.08 |I I 
05:44-Fri-Mar-24-2017 PM10  |  31.78 |  31.03 |  81.48 |  34.78 |I I 
05:44-Fri-Mar-24-2017 PM2.5 |  17.69 |  17.63 |  42.69 |  20.08 |I I 
05:45-Fri-Mar-24-2017 PM10  |  29.79 |  30.97 |  81.48 |  34.78 |I I 
05:45-Fri-Mar-24-2017 PM2.5 |  16.38 |  17.57 |  42.69 |  20.08 |I I 
05:49-Fri-Mar-24-2017 PM10  |  27.73 |  30.81 |  81.48 |  34.78 |I I 
05:49-Fri-Mar-24-2017 PM2.5 |  16.93 |  17.53 |  42.69 |  20.08 |I I 
05:50-Fri-Mar-24-2017 PM10  |  27.78 |  30.66 |  81.48 |  34.78 |I I 
05:50-Fri-Mar-24-2017 PM2.5 |  16.42 |  17.48 |  42.69 |  20.08 |I I 
05:54-Fri-Mar-24-2017 PM10  |  26.47 |  30.47 |  81.48 |  34.78 |I I 
05:54-Fri-Mar-24-2017 PM2.5 |  16.69 |  17.45 |  42.69 |  20.08 |I I 
05:55-Fri-Mar-24-2017 PM10  |  27.88 |  30.36 |  81.48 |  34.78 |I I 
05:55-Fri-Mar-24-2017 PM2.5 |  15.95 |  17.38 |  42.69 |  20.08 |I I 
06:00-Fri-Mar-24-2017 PM10  |  29.13 |  30.31 |  81.48 |  30.31 |I I 
06:00-Fri-Mar-24-2017 PM2.5 |  16.96 |  17.36 |  42.69 |  17.36 |I I 
06:01-Fri-Mar-24-2017 PM10  |  27.79 |  27.79 |  81.48 |  30.31 |I I 
06:01-Fri-Mar-24-2017 PM2.5 |  15.76 |  15.76 |  42.69 |  17.36 |I I 
06:05-Fri-Mar-24-2017 PM10  |  29.31 |  28.55 |  81.48 |  30.31 |I I 
06:05-Fri-Mar-24-2017 PM2.5 |  16.86 |  16.31 |  42.69 |  17.36 |I I 
06:06-Fri-Mar-24-2017 PM10  |  29.31 |  28.80 |  81.48 |  30.31 |I I 
06:06-Fri-Mar-24-2017 PM2.5 |  16.86 |  16.49 |  42.69 |  17.36 |I I 
06:07-Fri-Mar-24-2017 PM10  |  26.66 |  28.27 |  81.48 |  30.31 |I I 
06:07-Fri-Mar-24-2017 PM2.5 |  15.83 |  16.33 |  42.69 |  17.36 |I I 
06:11-Fri-Mar-24-2017 PM10  |  28.20 |  28.25 |  81.48 |  30.31 |I I 
06:11-Fri-Mar-24-2017 PM2.5 |  16.09 |  16.28 |  42.69 |  17.36 |I I 
06:12-Fri-Mar-24-2017 PM10  |  26.96 |  28.04 |  81.48 |  30.31 |I I 
06:12-Fri-Mar-24-2017 PM2.5 |  15.21 |  16.10 |  42.69 |  17.36 |I I 
06:16-Fri-Mar-24-2017 PM10  |  25.02 |  27.61 |  81.48 |  30.31 |I I 
06:16-Fri-Mar-24-2017 PM2.5 |  15.27 |  15.98 |  42.69 |  17.36 |I I 
06:17-Fri-Mar-24-2017 PM10  |  29.48 |  27.84 |  81.48 |  30.31 |I I 
06:17-Fri-Mar-24-2017 PM2.5 |  15.82 |  15.96 |  42.69 |  17.36 |I I 
06:21-Fri-Mar-24-2017 PM10  |  27.91 |  27.85 |  81.48 |  30.31 |I I 
06:21-Fri-Mar-24-2017 PM2.5 |  15.79 |  15.94 |  42.69 |  17.36 |I I 
06:22-Fri-Mar-24-2017 PM10  |  25.74 |  27.64 |  81.48 |  30.31 |I I 
06:22-Fri-Mar-24-2017 PM2.5 |  14.98 |  15.85 |  42.69 |  17.36 |I I 
06:26-Fri-Mar-24-2017 PM10  |  26.46 |  27.53 |  81.48 |  30.31 |I I 
06:26-Fri-Mar-24-2017 PM2.5 |  15.64 |  15.83 |  42.69 |  17.36 |I I 
06:27-Fri-Mar-24-2017 PM10  |  23.54 |  27.20 |  81.48 |  30.31 |I I 
06:27-Fri-Mar-24-2017 PM2.5 |  14.91 |  15.75 |  42.69 |  17.36 |I I 
06:31-Fri-Mar-24-2017 PM10  |  26.67 |  27.16 |  81.48 |  30.31 |I I 
06:31-Fri-Mar-24-2017 PM2.5 |  15.77 |  15.75 |  42.69 |  17.36 |I I 
06:32-Fri-Mar-24-2017 PM10  |  26.67 |  27.12 |  81.48 |  30.31 |I I 
06:32-Fri-Mar-24-2017 PM2.5 |  15.77 |  15.76 |  42.69 |  17.36 |I I 
06:33-Fri-Mar-24-2017 PM10  |  25.89 |  27.04 |  81.48 |  30.31 |I I 
06:33-Fri-Mar-24-2017 PM2.5 |  15.12 |  15.71 |  42.69 |  17.36 |I I 
06:37-Fri-Mar-24-2017 PM10  |  24.13 |  26.86 |  81.48 |  30.31 |I I 
06:37-Fri-Mar-24-2017 PM2.5 |  15.04 |  15.67 |  42.69 |  17.36 |I I 
06:38-Fri-Mar-24-2017 PM10  |  24.67 |  26.73 |  81.48 |  30.31 |I I 
06:38-Fri-Mar-24-2017 PM2.5 |  14.46 |  15.60 |  42.69 |  17.36 |I I 
06:42-Fri-Mar-24-2017 PM10  |  25.81 |  26.68 |  81.48 |  30.31 |I I 
06:42-Fri-Mar-24-2017 PM2.5 |  15.04 |  15.57 |  42.69 |  17.36 |I I 
06:43-Fri-Mar-24-2017 PM10  |  28.54 |  26.78 |  81.48 |  30.31 |I I 
06:43-Fri-Mar-24-2017 PM2.5 |  15.44 |  15.56 |  42.69 |  17.36 |I I 
06:47-Fri-Mar-24-2017 PM10  |  27.11 |  26.79 |  81.48 |  30.31 |I I 
06:47-Fri-Mar-24-2017 PM2.5 |  15.13 |  15.54 |  42.69 |  17.36 |I I 
06:48-Fri-Mar-24-2017 PM10  |  25.60 |  26.74 |  81.48 |  30.31 |I I 
06:48-Fri-Mar-24-2017 PM2.5 |  14.32 |  15.48 |  42.69 |  17.36 |I I 
06:52-Fri-Mar-24-2017 PM10  |  24.86 |  26.65 |  81.48 |  30.31 |I I 
06:52-Fri-Mar-24-2017 PM2.5 |  14.77 |  15.45 |  42.69 |  17.36 |I I 
06:53-Fri-Mar-24-2017 PM10  |  23.81 |  26.53 |  81.48 |  30.31 |I I 
06:53-Fri-Mar-24-2017 PM2.5 |  14.44 |  15.41 |  42.69 |  17.36 |I I 
06:57-Fri-Mar-24-2017 PM10  |  24.19 |  26.43 |  81.48 |  30.31 |I I 
06:57-Fri-Mar-24-2017 PM2.5 |  14.50 |  15.37 |  42.69 |  17.36 |I I 
06:58-Fri-Mar-24-2017 PM10  |  24.19 |  26.34 |  81.48 |  30.31 |I I 
06:58-Fri-Mar-24-2017 PM2.5 |  14.50 |  15.33 |  42.69 |  17.36 |I I 
06:59-Fri-Mar-24-2017 PM10  |  23.68 |  26.24 |  81.48 |  30.31 |I I 
06:59-Fri-Mar-24-2017 PM2.5 |  13.45 |  15.26 |  42.69 |  17.36 |I I 
07:03-Fri-Mar-24-2017 PM10  |  26.76 |  26.26 |  81.48 |  26.26 |I I 
07:03-Fri-Mar-24-2017 PM2.5 |  14.31 |  15.22 |  42.69 |  15.22 |I I 
07:04-Fri-Mar-24-2017 PM10  |  26.84 |  26.84 |  81.48 |  26.26 |I I 
07:04-Fri-Mar-24-2017 PM2.5 |  13.39 |  13.39 |  42.69 |  15.22 |I I 
07:08-Fri-Mar-24-2017 PM10  |  27.21 |  27.03 |  81.48 |  26.26 |I I 
07:08-Fri-Mar-24-2017 PM2.5 |  14.29 |  13.84 |  42.69 |  15.22 |I I 
07:09-Fri-Mar-24-2017 PM10  |  28.14 |  27.40 |  81.48 |  26.26 |I I 
07:09-Fri-Mar-24-2017 PM2.5 |  13.87 |  13.85 |  42.69 |  15.22 |I I 
07:13-Fri-Mar-24-2017 PM10  |  26.09 |  27.07 |  81.48 |  26.26 |I I 
07:13-Fri-Mar-24-2017 PM2.5 |  14.38 |  13.98 |  42.69 |  15.22 |I I 
07:14-Fri-Mar-24-2017 PM10  |  26.12 |  26.88 |  81.48 |  26.26 |I I 
07:14-Fri-Mar-24-2017 PM2.5 |  13.54 |  13.89 |  42.69 |  15.22 |I I 
07:18-Fri-Mar-24-2017 PM10  |  26.58 |  26.83 |  81.48 |  26.26 |I I 
07:18-Fri-Mar-24-2017 PM2.5 |  13.51 |  13.83 |  42.69 |  15.22 |I I 
07:19-Fri-Mar-24-2017 PM10  |  26.75 |  26.82 |  81.48 |  26.26 |I I 
07:19-Fri-Mar-24-2017 PM2.5 |  13.40 |  13.77 |  42.69 |  15.22 |I I 
07:23-Fri-Mar-24-2017 PM10  |  27.94 |  26.96 |  81.48 |  26.26 |I I 
07:23-Fri-Mar-24-2017 PM2.5 |  14.04 |  13.80 |  42.69 |  15.22 |I I 
07:24-Fri-Mar-24-2017 PM10  |  27.94 |  27.07 |  81.48 |  26.26 |I I 
07:24-Fri-Mar-24-2017 PM2.5 |  14.04 |  13.83 |  42.69 |  15.22 |I I 
07:25-Fri-Mar-24-2017 PM10  |  23.15 |  26.68 |  81.48 |  26.26 |I I 
07:25-Fri-Mar-24-2017 PM2.5 |  13.44 |  13.79 |  42.69 |  15.22 |I I 
07:29-Fri-Mar-24-2017 PM10  |  23.64 |  26.40 |  81.48 |  26.26 |I I 
07:29-Fri-Mar-24-2017 PM2.5 |  13.80 |  13.79 |  42.69 |  15.22 |I I 
07:30-Fri-Mar-24-2017 PM10  |  25.25 |  26.31 |  81.48 |  26.26 |I I 
07:30-Fri-Mar-24-2017 PM2.5 |  12.99 |  13.72 |  42.69 |  15.22 |I I 
07:34-Fri-Mar-24-2017 PM10  |  30.27 |  26.61 |  81.48 |  26.26 |I I 
07:34-Fri-Mar-24-2017 PM2.5 |  14.49 |  13.78 |  42.69 |  15.22 |I I 
07:35-Fri-Mar-24-2017 PM10  |  25.87 |  26.56 |  81.48 |  26.26 |I I 
07:35-Fri-Mar-24-2017 PM2.5 |  13.76 |  13.78 |  42.69 |  15.22 |I I 
07:39-Fri-Mar-24-2017 PM10  |  24.25 |  26.40 |  81.48 |  26.26 |I I 
07:39-Fri-Mar-24-2017 PM2.5 |  13.81 |  13.78 |  42.69 |  15.22 |I I 
07:40-Fri-Mar-24-2017 PM10  |  24.55 |  26.29 |  81.48 |  26.26 |I I 
07:40-Fri-Mar-24-2017 PM2.5 |  13.45 |  13.76 |  42.69 |  15.22 |I I 
07:44-Fri-Mar-24-2017 PM10  |  25.74 |  26.26 |  81.48 |  26.26 |I I 
07:44-Fri-Mar-24-2017 PM2.5 |  13.59 |  13.75 |  42.69 |  15.22 |I I 
07:45-Fri-Mar-24-2017 PM10  |  26.51 |  26.27 |  81.48 |  26.26 |I I 
07:45-Fri-Mar-24-2017 PM2.5 |  13.90 |  13.76 |  42.69 |  15.22 |I I 
07:49-Fri-Mar-24-2017 PM10  |  25.03 |  26.21 |  81.48 |  26.26 |I I 
07:49-Fri-Mar-24-2017 PM2.5 |  14.04 |  13.78 |  42.69 |  15.22 |I I 
07:50-Fri-Mar-24-2017 PM10  |  25.03 |  26.15 |  81.48 |  26.26 |I I 
07:50-Fri-Mar-24-2017 PM2.5 |  14.04 |  13.79 |  42.69 |  15.22 |I I 
07:51-Fri-Mar-24-2017 PM10  |  26.13 |  26.15 |  81.48 |  26.26 |I I 
07:51-Fri-Mar-24-2017 PM2.5 |  13.36 |  13.77 |  42.69 |  15.22 |I I 
07:55-Fri-Mar-24-2017 PM10  |  21.96 |  25.95 |  81.48 |  26.26 |I I 
07:55-Fri-Mar-24-2017 PM2.5 |  13.71 |  13.77 |  42.69 |  15.22 |I I 
07:56-Fri-Mar-24-2017 PM10  |  23.69 |  25.86 |  81.48 |  26.26 |I I 
07:56-Fri-Mar-24-2017 PM2.5 |  12.62 |  13.72 |  42.69 |  15.22 |I I 
08:00-Fri-Mar-24-2017 PM10  |  26.00 |  25.86 |  81.48 |  25.86 |I I 
08:00-Fri-Mar-24-2017 PM2.5 |  13.42 |  13.70 |  42.69 |  13.70 |I I 
08:01-Fri-Mar-24-2017 PM10  |  23.34 |  23.34 |  81.48 |  25.86 |I I 
08:01-Fri-Mar-24-2017 PM2.5 |  12.97 |  12.97 |  42.69 |  13.70 |I I 
08:05-Fri-Mar-24-2017 PM10  |  23.90 |  23.62 |  81.48 |  25.86 |I I 
08:05-Fri-Mar-24-2017 PM2.5 |  13.33 |  13.15 |  42.69 |  13.70 |I I 
08:06-Fri-Mar-24-2017 PM10  |  22.34 |  23.20 |  81.48 |  25.86 |I I 
08:06-Fri-Mar-24-2017 PM2.5 |  12.85 |  13.05 |  42.69 |  13.70 |I I 
08:10-Fri-Mar-24-2017 PM10  |  23.51 |  23.27 |  81.48 |  25.86 |I I 
08:10-Fri-Mar-24-2017 PM2.5 |  13.09 |  13.06 |  42.69 |  13.70 |I I 
08:11-Fri-Mar-24-2017 PM10  |  22.99 |  23.22 |  81.48 |  25.86 |I I 
08:11-Fri-Mar-24-2017 PM2.5 |  12.72 |  12.99 |  42.69 |  13.70 |I I 
08:15-Fri-Mar-24-2017 PM10  |  22.62 |  23.12 |  81.48 |  25.86 |I I 
08:15-Fri-Mar-24-2017 PM2.5 |  13.26 |  13.04 |  42.69 |  13.70 |I I 
08:16-Fri-Mar-24-2017 PM10  |  21.23 |  22.85 |  81.48 |  25.86 |I I 
08:16-Fri-Mar-24-2017 PM2.5 |  11.90 |  12.87 |  42.69 |  13.70 |I I 
08:17-Fri-Mar-24-2017 PM10  |  21.23 |  22.65 |  81.48 |  25.86 |I I 
08:17-Fri-Mar-24-2017 PM2.5 |  11.90 |  12.75 |  42.69 |  13.70 |I I 
08:21-Fri-Mar-24-2017 PM10  |  24.20 |  22.82 |  81.48 |  25.86 |I I 
08:21-Fri-Mar-24-2017 PM2.5 |  13.01 |  12.78 |  42.69 |  13.70 |I I 
08:22-Fri-Mar-24-2017 PM10  |  20.21 |  22.56 |  81.48 |  25.86 |I I 
08:22-Fri-Mar-24-2017 PM2.5 |  12.17 |  12.72 |  42.69 |  13.70 |I I 
08:26-Fri-Mar-24-2017 PM10  |  21.91 |  22.50 |  81.48 |  25.86 |I I 
08:26-Fri-Mar-24-2017 PM2.5 |  12.94 |  12.74 |  42.69 |  13.70 |I I 
08:27-Fri-Mar-24-2017 PM10  |  20.49 |  22.33 |  81.48 |  25.86 |I I 
08:27-Fri-Mar-24-2017 PM2.5 |  12.58 |  12.73 |  42.69 |  13.70 |I I 
08:31-Fri-Mar-24-2017 PM10  |  24.19 |  22.47 |  81.48 |  25.86 |I I 
08:31-Fri-Mar-24-2017 PM2.5 |  13.14 |  12.76 |  42.69 |  13.70 |I I 
08:32-Fri-Mar-24-2017 PM10  |  21.11 |  22.38 |  81.48 |  25.86 |I I 
08:32-Fri-Mar-24-2017 PM2.5 |  12.90 |  12.77 |  42.69 |  13.70 |I I 
08:36-Fri-Mar-24-2017 PM10  |  23.03 |  22.42 |  81.48 |  25.86 |I I 
08:36-Fri-Mar-24-2017 PM2.5 |  12.99 |  12.78 |  42.69 |  13.70 |I I 
08:37-Fri-Mar-24-2017 PM10  |  22.71 |  22.44 |  81.48 |  25.86 |I I 
08:37-Fri-Mar-24-2017 PM2.5 |  12.22 |  12.75 |  42.69 |  13.70 |I I 
08:41-Fri-Mar-24-2017 PM10  |  21.15 |  22.36 |  81.48 |  25.86 |I I 
08:41-Fri-Mar-24-2017 PM2.5 |  12.66 |  12.74 |  42.69 |  13.70 |I I 
08:42-Fri-Mar-24-2017 PM10  |  22.27 |  22.36 |  81.48 |  25.86 |I I 
08:42-Fri-Mar-24-2017 PM2.5 |  12.26 |  12.71 |  42.69 |  13.70 |I I 
08:43-Fri-Mar-24-2017 PM10  |  22.27 |  22.35 |  81.48 |  25.86 |I I 
08:43-Fri-Mar-24-2017 PM2.5 |  12.26 |  12.69 |  42.69 |  13.70 |I I 
08:47-Fri-Mar-24-2017 PM10  |  22.47 |  22.36 |  81.48 |  25.86 |I I 
08:47-Fri-Mar-24-2017 PM2.5 |  12.80 |  12.70 |  42.69 |  13.70 |I I 
08:48-Fri-Mar-24-2017 PM10  |  24.70 |  22.47 |  81.48 |  25.86 |I I 
08:48-Fri-Mar-24-2017 PM2.5 |  11.83 |  12.65 |  42.69 |  13.70 |I I 
08:52-Fri-Mar-24-2017 PM10  |  20.33 |  22.37 |  81.48 |  25.86 |I I 
08:52-Fri-Mar-24-2017 PM2.5 |  11.55 |  12.60 |  42.69 |  13.70 |I I 
08:53-Fri-Mar-24-2017 PM10  |  21.13 |  22.32 |  81.48 |  25.86 |I I 
08:53-Fri-Mar-24-2017 PM2.5 |  12.18 |  12.59 |  42.69 |  13.70 |I I 
08:58-Fri-Mar-24-2017 PM10  |  23.41 |  22.36 |  81.48 |  25.86 |I I 
08:58-Fri-Mar-24-2017 PM2.5 |  12.83 |  12.60 |  42.69 |  13.70 |I I 
08:59-Fri-Mar-24-2017 PM10  |  22.11 |  22.35 |  81.48 |  25.86 |I I 
08:59-Fri-Mar-24-2017 PM2.5 |  12.15 |  12.58 |  42.69 |  13.70 |I I 
09:03-Fri-Mar-24-2017 PM10  |  21.80 |  22.33 |  81.48 |  22.33 |I I 
09:03-Fri-Mar-24-2017 PM2.5 |  12.01 |  12.56 |  42.69 |  12.56 |I I 
09:04-Fri-Mar-24-2017 PM10  |  20.77 |  20.77 |  81.48 |  22.33 |I I 
09:04-Fri-Mar-24-2017 PM2.5 |  12.26 |  12.26 |  42.69 |  12.56 |I I 
09:08-Fri-Mar-24-2017 PM10  |  20.57 |  20.67 |  81.48 |  22.33 |I I 
09:08-Fri-Mar-24-2017 PM2.5 |  12.34 |  12.30 |  42.69 |  12.56 |I I 
09:09-Fri-Mar-24-2017 PM10  |  21.46 |  20.93 |  81.48 |  22.33 |I I 
09:09-Fri-Mar-24-2017 PM2.5 |  11.56 |  12.05 |  42.69 |  12.56 |I I 
09:10-Fri-Mar-24-2017 PM10  |  21.46 |  21.06 |  81.48 |  22.33 |I I 
09:10-Fri-Mar-24-2017 PM2.5 |  11.56 |  11.93 |  42.69 |  12.56 |I I 
09:14-Fri-Mar-24-2017 PM10  |  20.35 |  20.92 |  81.48 |  22.33 |I I 
09:14-Fri-Mar-24-2017 PM2.5 |  12.05 |  11.95 |  42.69 |  12.56 |I I 
09:15-Fri-Mar-24-2017 PM10  |  18.07 |  20.45 |  81.48 |  22.33 |I I 
09:15-Fri-Mar-24-2017 PM2.5 |  10.66 |  11.74 |  42.69 |  12.56 |I I 
09:19-Fri-Mar-24-2017 PM10  |  20.67 |  20.48 |  81.48 |  22.33 |I I 
09:19-Fri-Mar-24-2017 PM2.5 |  12.29 |  11.82 |  42.69 |  12.56 |I I 
09:20-Fri-Mar-24-2017 PM10  |  18.41 |  20.22 |  81.48 |  22.33 |I I 
09:20-Fri-Mar-24-2017 PM2.5 |  11.24 |  11.74 |  42.69 |  12.56 |I I 
09:24-Fri-Mar-24-2017 PM10  |  18.79 |  20.06 |  81.48 |  22.33 |I I 
09:24-Fri-Mar-24-2017 PM2.5 |  11.41 |  11.71 |  42.69 |  12.56 |I I 
09:25-Fri-Mar-24-2017 PM10  |  18.61 |  19.92 |  81.48 |  22.33 |I I 
09:25-Fri-Mar-24-2017 PM2.5 |  11.13 |  11.65 |  42.69 |  12.56 |I I 
09:29-Fri-Mar-24-2017 PM10  |  20.14 |  19.94 |  81.48 |  22.33 |I I 
09:29-Fri-Mar-24-2017 PM2.5 |  11.75 |  11.66 |  42.69 |  12.56 |I I 
09:30-Fri-Mar-24-2017 PM10  |  19.17 |  19.87 |  81.48 |  22.33 |I I 
09:30-Fri-Mar-24-2017 PM2.5 |  10.88 |  11.59 |  42.69 |  12.56 |I I 
09:34-Fri-Mar-24-2017 PM10  |  17.67 |  19.70 |  81.48 |  22.33 |I I 
09:34-Fri-Mar-24-2017 PM2.5 |  10.66 |  11.52 |  42.69 |  12.56 |I I 
09:35-Fri-Mar-24-2017 PM10  |  19.04 |  19.66 |  81.48 |  22.33 |I I 
09:35-Fri-Mar-24-2017 PM2.5 |  11.43 |  11.52 |  42.69 |  12.56 |I I 
09:36-Fri-Mar-24-2017 PM10  |  19.04 |  19.61 |  81.48 |  22.33 |I I 
09:36-Fri-Mar-24-2017 PM2.5 |  11.43 |  11.51 |  42.69 |  12.56 |I I 
09:40-Fri-Mar-24-2017 PM10  |  19.19 |  19.59 |  81.48 |  22.33 |I I 
09:40-Fri-Mar-24-2017 PM2.5 |  11.58 |  11.51 |  42.69 |  12.56 |I I 
09:41-Fri-Mar-24-2017 PM10  |  19.78 |  19.60 |  81.48 |  22.33 |I I 
09:41-Fri-Mar-24-2017 PM2.5 |  11.53 |  11.52 |  42.69 |  12.56 |I I 
09:45-Fri-Mar-24-2017 PM10  |  20.59 |  19.65 |  81.48 |  22.33 |I I 
09:45-Fri-Mar-24-2017 PM2.5 |  11.97 |  11.54 |  42.69 |  12.56 |I I 
09:46-Fri-Mar-24-2017 PM10  |  17.61 |  19.55 |  81.48 |  22.33 |I I 
09:46-Fri-Mar-24-2017 PM2.5 |  11.29 |  11.53 |  42.69 |  12.56 |I I 
09:50-Fri-Mar-24-2017 PM10  |  19.56 |  19.55 |  81.48 |  22.33 |I I 
09:50-Fri-Mar-24-2017 PM2.5 |  11.69 |  11.54 |  42.69 |  12.56 |I I 
09:51-Fri-Mar-24-2017 PM10  |  17.59 |  19.45 |  81.48 |  22.33 |I I 
09:51-Fri-Mar-24-2017 PM2.5 |  10.50 |  11.49 |  42.69 |  12.56 |I I 
09:55-Fri-Mar-24-2017 PM10  |  18.15 |  19.39 |  81.48 |  22.33 |I I 
09:55-Fri-Mar-24-2017 PM2.5 |  11.22 |  11.47 |  42.69 |  12.56 |I I 
09:56-Fri-Mar-24-2017 PM10  |  18.62 |  19.36 |  81.48 |  22.33 |I I 
09:56-Fri-Mar-24-2017 PM2.5 |  10.88 |  11.45 |  42.69 |  12.56 |I I 
10:00-Fri-Mar-24-2017 PM10  |  19.91 |  19.38 |  81.48 |  19.38 |I I 
10:00-Fri-Mar-24-2017 PM2.5 |  11.04 |  11.43 |  42.69 |  11.43 |I I 
10:01-Fri-Mar-24-2017 PM10  |  17.53 |  17.53 |  81.48 |  19.38 |I I 
10:01-Fri-Mar-24-2017 PM2.5 |  11.00 |  11.00 |  42.69 |  11.43 |I I 
10:02-Fri-Mar-24-2017 PM10  |  17.53 |  17.53 |  81.48 |  19.38 |I I 
10:02-Fri-Mar-24-2017 PM2.5 |  11.00 |  11.00 |  42.69 |  11.43 |I I 
10:06-Fri-Mar-24-2017 PM10  |  18.09 |  17.71 |  81.48 |  19.38 |I I 
10:06-Fri-Mar-24-2017 PM2.5 |  11.03 |  11.01 |  42.69 |  11.43 |I I 
10:07-Fri-Mar-24-2017 PM10  |  19.61 |  18.19 |  81.48 |  19.38 |I I 
10:07-Fri-Mar-24-2017 PM2.5 |  11.01 |  11.01 |  42.69 |  11.43 |I I 
10:11-Fri-Mar-24-2017 PM10  |  17.36 |  18.02 |  81.48 |  19.38 |I I 
10:11-Fri-Mar-24-2017 PM2.5 |  11.06 |  11.02 |  42.69 |  11.43 |I I 
10:12-Fri-Mar-24-2017 PM10  |  17.89 |  18.00 |  81.48 |  19.38 |I I 
10:12-Fri-Mar-24-2017 PM2.5 |  10.49 |  10.93 |  42.69 |  11.43 |I I 
10:16-Fri-Mar-24-2017 PM10  |  18.48 |  18.07 |  81.48 |  19.38 |I I 
10:16-Fri-Mar-24-2017 PM2.5 |  10.79 |  10.91 |  42.69 |  11.43 |I I 
10:17-Fri-Mar-24-2017 PM10  |  17.10 |  17.95 |  81.48 |  19.38 |I I 
10:17-Fri-Mar-24-2017 PM2.5 |  11.00 |  10.92 |  42.69 |  11.43 |I I 
10:21-Fri-Mar-24-2017 PM10  |  17.34 |  17.88 |  81.48 |  19.38 |I I 
10:21-Fri-Mar-24-2017 PM2.5 |  11.25 |  10.96 |  42.69 |  11.43 |I I 
10:22-Fri-Mar-24-2017 PM10  |  18.28 |  17.92 |  81.48 |  19.38 |I I 
10:22-Fri-Mar-24-2017 PM2.5 |  10.82 |  10.95 |  42.69 |  11.43 |I I 
10:26-Fri-Mar-24-2017 PM10  |  19.25 |  18.04 |  81.48 |  19.38 |I I 
10:26-Fri-Mar-24-2017 PM2.5 |  11.13 |  10.96 |  42.69 |  11.43 |I I 
10:27-Fri-Mar-24-2017 PM10  |  17.27 |  17.98 |  81.48 |  19.38 |I I 
10:27-Fri-Mar-24-2017 PM2.5 |  10.76 |  10.95 |  42.69 |  11.43 |I I 
10:28-Fri-Mar-24-2017 PM10  |  17.27 |  17.92 |  81.48 |  19.38 |I I 
10:28-Fri-Mar-24-2017 PM2.5 |  10.76 |  10.93 |  42.69 |  11.43 |I I 
10:32-Fri-Mar-24-2017 PM10  |  16.41 |  17.81 |  81.48 |  19.38 |I I 
10:32-Fri-Mar-24-2017 PM2.5 |  10.80 |  10.92 |  42.69 |  11.43 |I I 
10:33-Fri-Mar-24-2017 PM10  |  16.81 |  17.75 |  81.48 |  19.38 |I I 
10:33-Fri-Mar-24-2017 PM2.5 |  10.32 |  10.88 |  42.69 |  11.43 |I I 
10:37-Fri-Mar-24-2017 PM10  |  16.57 |  17.67 |  81.48 |  19.38 |I I 
10:37-Fri-Mar-24-2017 PM2.5 |  10.60 |  10.86 |  42.69 |  11.43 |I I 
10:38-Fri-Mar-24-2017 PM10  |  16.49 |  17.60 |  81.48 |  19.38 |I I 
10:38-Fri-Mar-24-2017 PM2.5 |  10.35 |  10.83 |  42.69 |  11.43 |I I 
10:42-Fri-Mar-24-2017 PM10  |  17.91 |  17.62 |  81.48 |  19.38 |I I 
10:42-Fri-Mar-24-2017 PM2.5 |  10.55 |  10.82 |  42.69 |  11.43 |I I 
10:43-Fri-Mar-24-2017 PM10  |  16.00 |  17.54 |  81.48 |  19.38 |I I 
10:43-Fri-Mar-24-2017 PM2.5 |  10.19 |  10.79 |  42.69 |  11.43 |I I 
10:47-Fri-Mar-24-2017 PM10  |  16.85 |  17.50 |  81.48 |  19.38 |I I 
10:47-Fri-Mar-24-2017 PM2.5 |  10.64 |  10.78 |  42.69 |  11.43 |I I 
10:48-Fri-Mar-24-2017 PM10  |  15.46 |  17.40 |  81.48 |  19.38 |I I 
10:48-Fri-Mar-24-2017 PM2.5 |   9.83 |  10.73 |  42.69 |  11.43 |I I 
10:52-Fri-Mar-24-2017 PM10  |  16.81 |  17.38 |  81.48 |  19.38 |I I 
10:52-Fri-Mar-24-2017 PM2.5 |  10.60 |  10.73 |  42.69 |  11.43 |I I 
10:53-Fri-Mar-24-2017 PM10  |  16.63 |  17.34 |  81.48 |  19.38 |I I 
10:53-Fri-Mar-24-2017 PM2.5 |  10.47 |  10.72 |  42.69 |  11.43 |I I 
10:54-Fri-Mar-24-2017 PM10  |  16.63 |  17.31 |  81.48 |  19.38 |I I 
10:54-Fri-Mar-24-2017 PM2.5 |  10.47 |  10.70 |  42.69 |  11.43 |I I 
10:58-Fri-Mar-24-2017 PM10  |  17.14 |  17.31 |  81.48 |  19.38 |I I 
10:58-Fri-Mar-24-2017 PM2.5 |  10.57 |  10.70 |  42.69 |  11.43 |I I 
10:59-Fri-Mar-24-2017 PM10  |  15.11 |  17.22 |  81.48 |  19.38 |I I 
10:59-Fri-Mar-24-2017 PM2.5 |   9.94 |  10.67 |  42.69 |  11.43 |I I 
11:03-Fri-Mar-24-2017 PM10  |  16.94 |  17.21 |  81.48 |  17.21 |I I 
11:03-Fri-Mar-24-2017 PM2.5 |  10.58 |  10.67 |  42.69 |  10.67 |I I 
11:04-Fri-Mar-24-2017 PM10  |  16.40 |  16.40 |  81.48 |  17.21 |I I 
11:04-Fri-Mar-24-2017 PM2.5 |  10.05 |  10.05 |  42.69 |  10.67 |I I 
11:08-Fri-Mar-24-2017 PM10  |  16.62 |  16.51 |  81.48 |  17.21 |I I 
11:08-Fri-Mar-24-2017 PM2.5 |  10.62 |  10.34 |  42.69 |  10.67 |I I 
11:09-Fri-Mar-24-2017 PM10  |  15.74 |  16.25 |  81.48 |  17.21 |I I 
11:09-Fri-Mar-24-2017 PM2.5 |   9.75 |  10.14 |  42.69 |  10.67 |I I 
11:13-Fri-Mar-24-2017 PM10  |  16.33 |  16.27 |  81.48 |  17.21 |I I 
11:13-Fri-Mar-24-2017 PM2.5 |  10.18 |  10.15 |  42.69 |  10.67 |I I 
11:14-Fri-Mar-24-2017 PM10  |  17.07 |  16.43 |  81.48 |  17.21 |I I 
11:14-Fri-Mar-24-2017 PM2.5 |   9.86 |  10.09 |  42.69 |  10.67 |I I 
11:18-Fri-Mar-24-2017 PM10  |  16.81 |  16.50 |  81.48 |  17.21 |I I 
11:18-Fri-Mar-24-2017 PM2.5 |  10.25 |  10.12 |  42.69 |  10.67 |I I 
11:19-Fri-Mar-24-2017 PM10  |  17.15 |  16.59 |  81.48 |  17.21 |I I 
11:19-Fri-Mar-24-2017 PM2.5 |   9.54 |  10.04 |  42.69 |  10.67 |I I 
11:20-Fri-Mar-24-2017 PM10  |  17.15 |  16.66 |  81.48 |  17.21 |I I 
11:20-Fri-Mar-24-2017 PM2.5 |   9.54 |   9.97 |  42.69 |  10.67 |I I 
11:24-Fri-Mar-24-2017 PM10  |  17.07 |  16.70 |  81.48 |  17.21 |I I 
11:24-Fri-Mar-24-2017 PM2.5 |  10.21 |  10.00 |  42.69 |  10.67 |I I 
11:25-Fri-Mar-24-2017 PM10  |  16.16 |  16.65 |  81.48 |  17.21 |I I 
11:25-Fri-Mar-24-2017 PM2.5 |   9.92 |   9.99 |  42.69 |  10.67 |I I 
11:29-Fri-Mar-24-2017 PM10  |  18.15 |  16.79 |  81.48 |  17.21 |I I 
11:29-Fri-Mar-24-2017 PM2.5 |  10.46 |  10.03 |  42.69 |  10.67 |I I 
11:30-Fri-Mar-24-2017 PM10  |  15.74 |  16.70 |  81.48 |  17.21 |I I 
11:30-Fri-Mar-24-2017 PM2.5 |   9.78 |  10.01 |  42.69 |  10.67 |I I 
11:34-Fri-Mar-24-2017 PM10  |  16.73 |  16.70 |  81.48 |  17.21 |I I 
11:34-Fri-Mar-24-2017 PM2.5 |   9.86 |  10.00 |  42.69 |  10.67 |I I 
11:35-Fri-Mar-24-2017 PM10  |  16.78 |  16.71 |  81.48 |  17.21 |I I 
11:35-Fri-Mar-24-2017 PM2.5 |   9.40 |   9.96 |  42.69 |  10.67 |I I 
11:39-Fri-Mar-24-2017 PM10  |  15.64 |  16.64 |  81.48 |  17.21 |I I 
11:39-Fri-Mar-24-2017 PM2.5 |   9.81 |   9.95 |  42.69 |  10.67 |I I 
11:40-Fri-Mar-24-2017 PM10  |  16.19 |  16.61 |  81.48 |  17.21 |I I 
11:40-Fri-Mar-24-2017 PM2.5 |   9.55 |   9.92 |  42.69 |  10.67 |I I 
11:44-Fri-Mar-24-2017 PM10  |  16.76 |  16.62 |  81.48 |  17.21 |I I 
11:44-Fri-Mar-24-2017 PM2.5 |  10.19 |   9.94 |  42.69 |  10.67 |I I 
11:45-Fri-Mar-24-2017 PM10  |  16.49 |  16.61 |  81.48 |  17.21 |I B 
11:45-Fri-Mar-24-2017 PM2.5 |  10.61 |   9.98 |  42.69 |  10.67 |I B 
11:46-Fri-Mar-24-2017recover dati per host :92.223.147.77/nodered
11:46-Fri-Mar-24-2017 PM10  |  16.49 |  16.60 |  81.48 |  17.21 |I I 
11:46-Fri-Mar-24-2017 PM2.5 |  10.61 |  10.01 |  42.69 |  10.67 |I I 
11:50-Fri-Mar-24-2017 PM10  |  15.97 |  16.57 |  81.48 |  17.21 |I I 
11:50-Fri-Mar-24-2017 PM2.5 |  10.31 |  10.02 |  42.69 |  10.67 |I I 
11:51-Fri-Mar-24-2017 PM10  |  15.29 |  16.51 |  81.48 |  17.21 |I I 
11:51-Fri-Mar-24-2017 PM2.5 |  10.19 |  10.03 |  42.69 |  10.67 |I I 
11:55-Fri-Mar-24-2017 PM10  |  15.96 |  16.49 |  81.48 |  17.21 |I I 
11:55-Fri-Mar-24-2017 PM2.5 |  10.58 |  10.06 |  42.69 |  10.67 |I I 
11:56-Fri-Mar-24-2017 PM10  |  19.88 |  16.63 |  81.48 |  17.21 |I I 
11:56-Fri-Mar-24-2017 PM2.5 |  10.59 |  10.08 |  42.69 |  10.67 |I I 
12:01-Fri-Mar-24-2017 PM10  |  20.44 |  16.79 |  81.48 |  16.79 |I I 
12:01-Fri-Mar-24-2017 PM2.5 |  11.32 |  10.13 |  42.69 |  10.13 |I I 
12:02-Fri-Mar-24-2017 PM10  |  16.47 |  16.47 |  81.48 |  16.79 |I I 
12:02-Fri-Mar-24-2017 PM2.5 |  10.89 |  10.89 |  42.69 |  10.13 |I I 
12:06-Fri-Mar-24-2017 PM10  |  17.35 |  16.91 |  81.48 |  16.79 |I I 
12:06-Fri-Mar-24-2017 PM2.5 |  11.36 |  11.12 |  42.69 |  10.13 |I I 
12:07-Fri-Mar-24-2017 PM10  |  16.39 |  16.74 |  81.48 |  16.79 |I I 
12:07-Fri-Mar-24-2017 PM2.5 |  10.83 |  11.03 |  42.69 |  10.13 |I I 
12:11-Fri-Mar-24-2017 PM10  |  18.00 |  17.05 |  81.48 |  16.79 |I I 
12:11-Fri-Mar-24-2017 PM2.5 |  11.63 |  11.18 |  42.69 |  10.13 |I I 
12:12-Fri-Mar-24-2017 PM10  |  19.02 |  17.45 |  81.48 |  16.79 |I I 
12:12-Fri-Mar-24-2017 PM2.5 |  10.89 |  11.12 |  42.69 |  10.13 |I I 
12:13-Fri-Mar-24-2017 PM10  |  19.02 |  17.71 |  81.48 |  16.79 |I I 
12:13-Fri-Mar-24-2017 PM2.5 |  10.89 |  11.08 |  42.69 |  10.13 |I I 
12:17-Fri-Mar-24-2017 PM10  |  17.96 |  17.75 |  81.48 |  16.79 |I I 
12:17-Fri-Mar-24-2017 PM2.5 |  11.19 |  11.10 |  42.69 |  10.13 |I I 
12:18-Fri-Mar-24-2017 PM10  |  17.83 |  17.76 |  81.48 |  16.79 |I B 
12:18-Fri-Mar-24-2017 PM2.5 |  10.56 |  11.03 |  42.69 |  10.13 |I B 
12:22-Fri-Mar-24-2017recover dati per host :92.223.147.77/nodered
12:22-Fri-Mar-24-2017 PM10  |  18.23 |  17.81 |  81.48 |  16.79 |I I 
12:22-Fri-Mar-24-2017 PM2.5 |  11.48 |  11.08 |  42.69 |  10.13 |I I 
12:23-Fri-Mar-24-2017 PM10  |  19.48 |  17.98 |  81.48 |  16.79 |I I 
12:23-Fri-Mar-24-2017 PM2.5 |  10.84 |  11.06 |  42.69 |  10.13 |I I 
12:27-Fri-Mar-24-2017 PM10  |  17.34 |  17.92 |  81.48 |  16.79 |I I 
12:27-Fri-Mar-24-2017 PM2.5 |  10.98 |  11.05 |  42.69 |  10.13 |I I 
12:28-Fri-Mar-24-2017 PM10  |  17.21 |  17.86 |  81.48 |  16.79 |I I 
12:28-Fri-Mar-24-2017 PM2.5 |  11.27 |  11.07 |  42.69 |  10.13 |I I 
12:32-Fri-Mar-24-2017 PM10  |  16.31 |  17.74 |  81.48 |  16.79 |I I 
12:32-Fri-Mar-24-2017 PM2.5 |  10.80 |  11.05 |  42.69 |  10.13 |I I 
12:33-Fri-Mar-24-2017 PM10  |  16.47 |  17.65 |  81.48 |  16.79 |I I 
12:33-Fri-Mar-24-2017 PM2.5 |  10.89 |  11.04 |  42.69 |  10.13 |I I 
12:37-Fri-Mar-24-2017 PM10  |  17.72 |  17.65 |  81.48 |  16.79 |I I 
12:37-Fri-Mar-24-2017 PM2.5 |  10.59 |  11.01 |  42.69 |  10.13 |I I 
12:38-Fri-Mar-24-2017 PM10  |  16.32 |  17.57 |  81.48 |  16.79 |I I 
12:38-Fri-Mar-24-2017 PM2.5 |  10.48 |  10.97 |  42.69 |  10.13 |I I 
12:42-Fri-Mar-24-2017 PM10  |  16.84 |  17.53 |  81.48 |  16.79 |I I 
12:42-Fri-Mar-24-2017 PM2.5 |  10.70 |  10.96 |  42.69 |  10.13 |I I 
12:43-Fri-Mar-24-2017 PM10  |  16.84 |  17.49 |  81.48 |  16.79 |I I 
12:43-Fri-Mar-24-2017 PM2.5 |  10.70 |  10.94 |  42.69 |  10.13 |I I 
12:44-Fri-Mar-24-2017 PM10  |  18.92 |  17.57 |  81.48 |  16.79 |I I 
12:44-Fri-Mar-24-2017 PM2.5 |  10.41 |  10.91 |  42.69 |  10.13 |I I 
12:48-Fri-Mar-24-2017 PM10  |  16.10 |  17.49 |  81.48 |  16.79 |I I 
12:48-Fri-Mar-24-2017 PM2.5 |  10.53 |  10.89 |  42.69 |  10.13 |I I 
12:49-Fri-Mar-24-2017 PM10  |  15.73 |  17.41 |  81.48 |  16.79 |I I 
12:49-Fri-Mar-24-2017 PM2.5 |  10.08 |  10.86 |  42.69 |  10.13 |I I 
12:53-Fri-Mar-24-2017 PM10  |  15.87 |  17.34 |  81.48 |  16.79 |I I 
12:53-Fri-Mar-24-2017 PM2.5 |  10.51 |  10.84 |  42.69 |  10.13 |I I 
12:54-Fri-Mar-24-2017 PM10  |  16.00 |  17.28 |  81.48 |  16.79 |I I 
12:54-Fri-Mar-24-2017 PM2.5 |  10.40 |  10.82 |  42.69 |  10.13 |I I 
12:58-Fri-Mar-24-2017 PM10  |  16.11 |  17.23 |  81.48 |  16.79 |I I 
12:58-Fri-Mar-24-2017 PM2.5 |  10.83 |  10.82 |  42.69 |  10.13 |I I 
12:59-Fri-Mar-24-2017 PM10  |  15.51 |  17.16 |  81.48 |  16.79 |I I 
12:59-Fri-Mar-24-2017 PM2.5 |  10.06 |  10.79 |  42.69 |  10.13 |I I 
13:03-Fri-Mar-24-2017 PM10  |  15.20 |  17.09 |  81.48 |  16.79 |I I 
13:03-Fri-Mar-24-2017 PM2.5 |  10.06 |  10.76 |  42.69 |  10.13 |I I 
13:04-Fri-Mar-24-2017 PM10  |  15.44 |  15.44 |  81.48 |  16.79 |I I 
13:04-Fri-Mar-24-2017 PM2.5 |   9.99 |   9.99 |  42.69 |  10.13 |I I 
13:08-Fri-Mar-24-2017 PM10  |  14.76 |  15.10 |  81.48 |  16.79 |I I 
13:08-Fri-Mar-24-2017 PM2.5 |  10.12 |  10.05 |  42.69 |  10.13 |I I 
13:09-Fri-Mar-24-2017 PM10  |  14.76 |  14.99 |  81.48 |  16.79 |I I 
13:09-Fri-Mar-24-2017 PM2.5 |  10.12 |  10.07 |  42.69 |  10.13 |I I 
13:10-Fri-Mar-24-2017 PM10  |  17.06 |  15.50 |  81.48 |  16.79 |I I 
13:10-Fri-Mar-24-2017 PM2.5 |  10.30 |  10.13 |  42.69 |  10.13 |I I 
13:14-Fri-Mar-24-2017 PM10  |  15.71 |  15.54 |  81.48 |  16.79 |I I 
13:14-Fri-Mar-24-2017 PM2.5 |  10.15 |  10.13 |  42.69 |  10.13 |I I 
13:15-Fri-Mar-24-2017 PM10  |  18.48 |  16.03 |  81.48 |  16.79 |I I 
13:15-Fri-Mar-24-2017 PM2.5 |   9.89 |  10.09 |  42.69 |  10.13 |I I 
13:19-Fri-Mar-24-2017 PM10  |  17.43 |  16.23 |  81.48 |  16.79 |I I 
13:19-Fri-Mar-24-2017 PM2.5 |  10.25 |  10.12 |  42.69 |  10.13 |I I 
13:20-Fri-Mar-24-2017 PM10  |  14.91 |  16.07 |  81.48 |  16.79 |I I 
13:20-Fri-Mar-24-2017 PM2.5 |   9.92 |  10.09 |  42.69 |  10.13 |I I 
13:24-Fri-Mar-24-2017 PM10  |  14.49 |  15.89 |  81.48 |  16.79 |I I 
13:24-Fri-Mar-24-2017 PM2.5 |   9.76 |  10.05 |  42.69 |  10.13 |I I 
13:25-Fri-Mar-24-2017 PM10  |  14.67 |  15.77 |  81.48 |  16.79 |I I 
13:25-Fri-Mar-24-2017 PM2.5 |   9.65 |  10.01 |  42.69 |  10.13 |I I 
13:29-Fri-Mar-24-2017 PM10  |  15.07 |  15.71 |  81.48 |  16.79 |I I 
13:29-Fri-Mar-24-2017 PM2.5 |   9.50 |   9.97 |  42.69 |  10.13 |I I 
13:30-Fri-Mar-24-2017 PM10  |  14.43 |  15.60 |  81.48 |  16.79 |I I 
13:30-Fri-Mar-24-2017 PM2.5 |   9.32 |   9.91 |  42.69 |  10.13 |I I 
13:34-Fri-Mar-24-2017 PM10  |  14.86 |  15.54 |  81.48 |  16.79 |I I 
13:34-Fri-Mar-24-2017 PM2.5 |   9.59 |   9.89 |  42.69 |  10.13 |I I 
13:35-Fri-Mar-24-2017 PM10  |  14.86 |  15.49 |  81.48 |  16.79 |I I 
13:35-Fri-Mar-24-2017 PM2.5 |   9.59 |   9.87 |  42.69 |  10.13 |I I 
13:36-Fri-Mar-24-2017 PM10  |  14.34 |  15.42 |  81.48 |  16.79 |I I 
13:36-Fri-Mar-24-2017 PM2.5 |   9.28 |   9.83 |  42.69 |  10.13 |I I 
13:40-Fri-Mar-24-2017 PM10  |  14.95 |  15.39 |  81.48 |  16.79 |I I 
13:40-Fri-Mar-24-2017 PM2.5 |   9.75 |   9.82 |  42.69 |  10.13 |I I 
13:41-Fri-Mar-24-2017 PM10  |  13.65 |  15.29 |  81.48 |  16.79 |I I 
13:41-Fri-Mar-24-2017 PM2.5 |   8.97 |   9.77 |  42.69 |  10.13 |I I 
13:45-Fri-Mar-24-2017 PM10  |  14.70 |  15.25 |  81.48 |  16.79 |I I 
13:45-Fri-Mar-24-2017 PM2.5 |   9.43 |   9.75 |  42.69 |  10.13 |I I 
13:46-Fri-Mar-24-2017 PM10  |  13.68 |  15.17 |  81.48 |  16.79 |I I 
13:46-Fri-Mar-24-2017 PM2.5 |   8.37 |   9.68 |  42.69 |  10.13 |I I 
13:50-Fri-Mar-24-2017 PM10  |  14.93 |  15.16 |  81.48 |  16.79 |I I 
13:50-Fri-Mar-24-2017 PM2.5 |   9.31 |   9.66 |  42.69 |  10.13 |I I 
13:51-Fri-Mar-24-2017 PM10  |  15.82 |  15.19 |  81.48 |  16.79 |I I 
13:51-Fri-Mar-24-2017 PM2.5 |   9.33 |   9.65 |  42.69 |  10.13 |I I 
13:55-Fri-Mar-24-2017 PM10  |  13.52 |  15.11 |  81.48 |  16.79 |I I 
13:55-Fri-Mar-24-2017 PM2.5 |   8.97 |   9.61 |  42.69 |  10.13 |I I 
13:56-Fri-Mar-24-2017 PM10  |  14.92 |  15.10 |  81.48 |  16.79 |I I 
13:56-Fri-Mar-24-2017 PM2.5 |   9.38 |   9.60 |  42.69 |  10.13 |I I 
14:00-Fri-Mar-24-2017 PM10  |  13.55 |  15.04 |  81.48 |  15.04 |I I 
14:00-Fri-Mar-24-2017 PM2.5 |   9.47 |   9.60 |  42.69 |   9.60 |I I 
14:01-Fri-Mar-24-2017 PM10  |  13.55 |  13.55 |  81.48 |  15.04 |I I 
14:01-Fri-Mar-24-2017 PM2.5 |   9.47 |   9.47 |  42.69 |   9.60 |I I 
14:02-Fri-Mar-24-2017 PM10  |  13.55 |  13.55 |  81.48 |  15.04 |I I 
14:02-Fri-Mar-24-2017 PM2.5 |   8.98 |   9.23 |  42.69 |   9.60 |I I 
14:06-Fri-Mar-24-2017 PM10  |  16.72 |  14.61 |  81.48 |  15.04 |I I 
14:06-Fri-Mar-24-2017 PM2.5 |   9.23 |   9.23 |  42.69 |   9.60 |I I 
14:07-Fri-Mar-24-2017 PM10  |  14.81 |  14.66 |  81.48 |  15.04 |I I 
14:07-Fri-Mar-24-2017 PM2.5 |   9.09 |   9.19 |  42.69 |   9.60 |I I 
14:11-Fri-Mar-24-2017 PM10  |  14.65 |  14.66 |  81.48 |  15.04 |I I 
14:11-Fri-Mar-24-2017 PM2.5 |   9.01 |   9.16 |  42.69 |   9.60 |I I 
14:12-Fri-Mar-24-2017 PM10  |  13.80 |  14.51 |  81.48 |  15.04 |I I 
14:12-Fri-Mar-24-2017 PM2.5 |   8.18 |   8.99 |  42.69 |   9.60 |I I 
14:16-Fri-Mar-24-2017 PM10  |  13.29 |  14.34 |  81.48 |  15.04 |I I 
14:16-Fri-Mar-24-2017 PM2.5 |   8.91 |   8.98 |  42.69 |   9.60 |I I 
14:17-Fri-Mar-24-2017 PM10  |  14.65 |  14.38 |  81.48 |  15.04 |I I 
14:17-Fri-Mar-24-2017 PM2.5 |   9.71 |   9.07 |  42.69 |   9.60 |I I 
14:21-Fri-Mar-24-2017 PM10  |  13.98 |  14.33 |  81.48 |  15.04 |I I 
14:21-Fri-Mar-24-2017 PM2.5 |   9.00 |   9.07 |  42.69 |   9.60 |I I 
14:22-Fri-Mar-24-2017 PM10  |  13.39 |  14.24 |  81.48 |  15.04 |I I 
14:22-Fri-Mar-24-2017 PM2.5 |   8.94 |   9.05 |  42.69 |   9.60 |I I 
14:26-Fri-Mar-24-2017 PM10  |  13.62 |  14.18 |  81.48 |  15.04 |I I 
14:26-Fri-Mar-24-2017 PM2.5 |   8.76 |   9.03 |  42.69 |   9.60 |I I 
14:27-Fri-Mar-24-2017 PM10  |  13.62 |  14.14 |  81.48 |  15.04 |I I 
14:27-Fri-Mar-24-2017 PM2.5 |   8.76 |   9.00 |  42.69 |   9.60 |I I 
14:28-Fri-Mar-24-2017 PM10  |  13.57 |  14.09 |  81.48 |  15.04 |I I 
14:28-Fri-Mar-24-2017 PM2.5 |   8.55 |   8.97 |  42.69 |   9.60 |I I 
14:32-Fri-Mar-24-2017 PM10  |  15.72 |  14.21 |  81.48 |  15.04 |I I 
14:32-Fri-Mar-24-2017 PM2.5 |   8.33 |   8.92 |  42.69 |   9.60 |I I 
14:33-Fri-Mar-24-2017 PM10  |  12.46 |  14.09 |  81.48 |  15.04 |I I 
14:33-Fri-Mar-24-2017 PM2.5 |   8.67 |   8.91 |  42.69 |   9.60 |I I 
14:37-Fri-Mar-24-2017 PM10  |  13.42 |  14.05 |  81.48 |  15.04 |I I 
14:37-Fri-Mar-24-2017 PM2.5 |   8.65 |   8.89 |  42.69 |   9.60 |I I 
14:38-Fri-Mar-24-2017 PM10  |  14.70 |  14.09 |  81.48 |  15.04 |I I 
14:38-Fri-Mar-24-2017 PM2.5 |   8.91 |   8.89 |  42.69 |   9.60 |I I 
14:42-Fri-Mar-24-2017 PM10  |  16.25 |  14.21 |  81.48 |  15.04 |I I 
14:42-Fri-Mar-24-2017 PM2.5 |   9.63 |   8.93 |  42.69 |   9.60 |I I 
14:43-Fri-Mar-24-2017 PM10  |  16.14 |  14.31 |  81.48 |  15.04 |I I 
14:43-Fri-Mar-24-2017 PM2.5 |   9.61 |   8.97 |  42.69 |   9.60 |I I 
14:47-Fri-Mar-24-2017 PM10  |  15.38 |  14.36 |  81.48 |  15.04 |I I 
14:47-Fri-Mar-24-2017 PM2.5 |   9.72 |   9.01 |  42.69 |   9.60 |I I 
14:48-Fri-Mar-24-2017 PM10  |  15.92 |  14.44 |  81.48 |  15.04 |I I 
14:48-Fri-Mar-24-2017 PM2.5 |   9.91 |   9.05 |  42.69 |   9.60 |I I 
14:52-Fri-Mar-24-2017 PM10  |  15.44 |  14.48 |  81.48 |  15.04 |I I 
14:52-Fri-Mar-24-2017 PM2.5 |   9.61 |   9.07 |  42.69 |   9.60 |I I 
14:53-Fri-Mar-24-2017 PM10  |  15.44 |  14.52 |  81.48 |  15.04 |I I 
14:53-Fri-Mar-24-2017 PM2.5 |   9.61 |   9.10 |  42.69 |   9.60 |I I 
14:54-Fri-Mar-24-2017 PM10  |  14.89 |  14.54 |  81.48 |  15.04 |I I 
14:54-Fri-Mar-24-2017 PM2.5 |   9.13 |   9.10 |  42.69 |   9.60 |I I 
14:59-Fri-Mar-24-2017 PM10  |  15.13 |  14.56 |  81.48 |  15.04 |I B 
14:59-Fri-Mar-24-2017 PM2.5 |   9.14 |   9.10 |  42.69 |   9.60 |I B 
15:00-Fri-Mar-24-2017recover dati per host :92.223.147.77/nodered
15:00-Fri-Mar-24-2017 PM10  |  15.18 |  14.59 |  81.48 |  14.59 |I I 
15:00-Fri-Mar-24-2017 PM2.5 |   8.86 |   9.09 |  42.69 |   9.09 |I I 
15:04-Fri-Mar-24-2017 PM10  |  14.07 |  14.07 |  81.48 |  14.59 |I I 
15:04-Fri-Mar-24-2017 PM2.5 |   9.10 |   9.10 |  42.69 |   9.09 |I I 
15:05-Fri-Mar-24-2017 PM10  |  13.15 |  13.61 |  81.48 |  14.59 |I I 
15:05-Fri-Mar-24-2017 PM2.5 |   8.36 |   8.73 |  42.69 |   9.09 |I I 
15:09-Fri-Mar-24-2017 PM10  |  14.36 |  13.86 |  81.48 |  14.59 |I I 
15:09-Fri-Mar-24-2017 PM2.5 |   8.87 |   8.78 |  42.69 |   9.09 |I I 
15:10-Fri-Mar-24-2017 PM10  |  14.03 |  13.90 |  81.48 |  14.59 |I I 
15:10-Fri-Mar-24-2017 PM2.5 |   8.77 |   8.78 |  42.69 |   9.09 |I I 
15:14-Fri-Mar-24-2017 PM10  |  12.99 |  13.72 |  81.48 |  14.59 |I I 
15:14-Fri-Mar-24-2017 PM2.5 |   8.59 |   8.74 |  42.69 |   9.09 |I I 
15:15-Fri-Mar-24-2017 PM10  |  15.48 |  14.01 |  81.48 |  14.59 |I I 
15:15-Fri-Mar-24-2017 PM2.5 |   8.12 |   8.64 |  42.69 |   9.09 |I I 
15:19-Fri-Mar-24-2017 PM10  |  12.68 |  13.82 |  81.48 |  14.59 |I I 
15:19-Fri-Mar-24-2017 PM2.5 |   8.08 |   8.56 |  42.69 |   9.09 |I I 
15:20-Fri-Mar-24-2017 PM10  |  12.68 |  13.68 |  81.48 |  14.59 |I I 
15:20-Fri-Mar-24-2017 PM2.5 |   8.08 |   8.50 |  42.69 |   9.09 |I I 
15:21-Fri-Mar-24-2017 PM10  |  10.84 |  13.36 |  81.48 |  14.59 |I I 
15:21-Fri-Mar-24-2017 PM2.5 |   7.33 |   8.37 |  42.69 |   9.09 |I I 
15:25-Fri-Mar-24-2017 PM10  |  11.17 |  13.14 |  81.48 |  14.59 |I I 
15:25-Fri-Mar-24-2017 PM2.5 |   7.53 |   8.28 |  42.69 |   9.09 |I I 
15:26-Fri-Mar-24-2017 PM10  |  14.12 |  13.23 |  81.48 |  14.59 |I I 
15:26-Fri-Mar-24-2017 PM2.5 |   7.31 |   8.20 |  42.69 |   9.09 |I I 
15:30-Fri-Mar-24-2017 PM10  |  13.21 |  13.23 |  81.48 |  14.59 |I I 
15:30-Fri-Mar-24-2017 PM2.5 |   7.00 |   8.10 |  42.69 |   9.09 |I I 
15:31-Fri-Mar-24-2017 PM10  |  11.14 |  13.07 |  81.48 |  14.59 |I I 
15:31-Fri-Mar-24-2017 PM2.5 |   6.84 |   8.00 |  42.69 |   9.09 |I I 
15:35-Fri-Mar-24-2017 PM10  |  12.13 |  13.00 |  81.48 |  14.59 |I I 
15:35-Fri-Mar-24-2017 PM2.5 |   6.95 |   7.92 |  42.69 |   9.09 |I I 
15:36-Fri-Mar-24-2017 PM10  |  11.58 |  12.91 |  81.48 |  14.59 |I I 
15:36-Fri-Mar-24-2017 PM2.5 |   6.62 |   7.84 |  42.69 |   9.09 |I I 
15:40-Fri-Mar-24-2017 PM10  |  11.95 |  12.85 |  81.48 |  14.59 |I I 
15:40-Fri-Mar-24-2017 PM2.5 |   6.62 |   7.76 |  42.69 |   9.09 |I I 
15:41-Fri-Mar-24-2017 PM10  |  21.11 |  13.33 |  81.48 |  14.59 |I I 
15:41-Fri-Mar-24-2017 PM2.5 |   6.44 |   7.68 |  42.69 |   9.09 |I I 
15:45-Fri-Mar-24-2017 PM10  |  17.06 |  13.54 |  81.48 |  14.59 |I I 
15:45-Fri-Mar-24-2017 PM2.5 |   6.53 |   7.62 |  42.69 |   9.09 |I I 
15:46-Fri-Mar-24-2017 PM10  |  17.06 |  13.73 |  81.48 |  14.59 |I I 
15:46-Fri-Mar-24-2017 PM2.5 |   6.53 |   7.56 |  42.69 |   9.09 |I I 
15:47-Fri-Mar-24-2017 PM10  |  16.05 |  13.84 |  81.48 |  14.59 |I I 
15:47-Fri-Mar-24-2017 PM2.5 |   6.58 |   7.51 |  42.69 |   9.09 |I I 
15:51-Fri-Mar-24-2017 PM10  |  17.22 |  14.00 |  81.48 |  14.59 |I I 
15:51-Fri-Mar-24-2017 PM2.5 |   6.59 |   7.47 |  42.69 |   9.09 |I I 
15:52-Fri-Mar-24-2017 PM10  |  12.67 |  13.94 |  81.48 |  14.59 |I I 
15:52-Fri-Mar-24-2017 PM2.5 |   6.20 |   7.41 |  42.69 |   9.09 |I I 
15:56-Fri-Mar-24-2017 PM10  |  15.67 |  14.02 |  81.48 |  14.59 |I I 
15:56-Fri-Mar-24-2017 PM2.5 |   6.61 |   7.38 |  42.69 |   9.09 |I I 
15:57-Fri-Mar-24-2017 PM10  |  14.31 |  14.03 |  81.48 |  14.59 |I I 
15:57-Fri-Mar-24-2017 PM2.5 |   6.37 |   7.33 |  42.69 |   9.09 |I I 
16:01-Fri-Mar-24-2017 PM10  |  13.71 |  14.02 |  81.48 |  14.02 |I I 
16:01-Fri-Mar-24-2017 PM2.5 |   6.40 |   7.30 |  42.69 |   7.30 |I I 
16:02-Fri-Mar-24-2017 PM10  |  10.94 |  10.94 |  81.48 |  14.02 |I I 
16:02-Fri-Mar-24-2017 PM2.5 |   6.32 |   6.32 |  42.69 |   7.30 |I I 
16:06-Fri-Mar-24-2017 PM10  |  10.84 |  10.89 |  81.48 |  14.02 |I I 
16:06-Fri-Mar-24-2017 PM2.5 |   6.25 |   6.29 |  42.69 |   7.30 |I I 
16:07-Fri-Mar-24-2017 PM10  |  12.84 |  11.54 |  81.48 |  14.02 |I I 
16:07-Fri-Mar-24-2017 PM2.5 |   5.65 |   6.07 |  42.69 |   7.30 |I I 
16:11-Fri-Mar-24-2017 PM10  |  14.17 |  12.20 |  81.48 |  14.02 |I I 
16:11-Fri-Mar-24-2017 PM2.5 |   6.18 |   6.10 |  42.69 |   7.30 |I I 
16:12-Fri-Mar-24-2017 PM10  |  14.17 |  12.59 |  81.48 |  14.02 |I I 
16:12-Fri-Mar-24-2017 PM2.5 |   6.18 |   6.12 |  42.69 |   7.30 |I I 
16:13-Fri-Mar-24-2017 PM10  |  12.53 |  12.58 |  81.48 |  14.02 |I I 
16:13-Fri-Mar-24-2017 PM2.5 |   6.12 |   6.12 |  42.69 |   7.30 |I I 
16:17-Fri-Mar-24-2017 PM10  |  13.26 |  12.68 |  81.48 |  14.02 |I I 
16:17-Fri-Mar-24-2017 PM2.5 |   6.34 |   6.15 |  42.69 |   7.30 |I I 
16:18-Fri-Mar-24-2017 PM10  |  10.91 |  12.46 |  81.48 |  14.02 |I I 
16:18-Fri-Mar-24-2017 PM2.5 |   6.12 |   6.14 |  42.69 |   7.30 |I I 
16:22-Fri-Mar-24-2017 PM10  |  11.39 |  12.34 |  81.48 |  14.02 |I I 
16:22-Fri-Mar-24-2017 PM2.5 |   6.13 |   6.14 |  42.69 |   7.30 |I I 
16:23-Fri-Mar-24-2017 PM10  |  10.73 |  12.18 |  81.48 |  14.02 |I I 
16:23-Fri-Mar-24-2017 PM2.5 |   5.76 |   6.10 |  42.69 |   7.30 |I I 
16:27-Fri-Mar-24-2017 PM10  |   9.45 |  11.93 |  81.48 |  14.02 |I I 
16:27-Fri-Mar-24-2017 PM2.5 |   5.63 |   6.06 |  42.69 |   7.30 |I I 
16:28-Fri-Mar-24-2017 PM10  |  10.72 |  11.83 |  81.48 |  14.02 |I I 
16:28-Fri-Mar-24-2017 PM2.5 |   5.98 |   6.06 |  42.69 |   7.30 |I I 
16:32-Fri-Mar-24-2017 PM10  |  10.94 |  11.76 |  81.48 |  14.02 |I I 
16:32-Fri-Mar-24-2017 PM2.5 |   6.17 |   6.06 |  42.69 |   7.30 |I I 
16:33-Fri-Mar-24-2017 PM10  |  10.95 |  11.70 |  81.48 |  14.02 |I I 
16:33-Fri-Mar-24-2017 PM2.5 |   5.87 |   6.05 |  42.69 |   7.30 |I I 
16:37-Fri-Mar-24-2017 PM10  |   9.92 |  11.58 |  81.48 |  14.02 |I I 
16:37-Fri-Mar-24-2017 PM2.5 |   5.82 |   6.03 |  42.69 |   7.30 |I I 
16:38-Fri-Mar-24-2017 PM10  |   9.92 |  11.48 |  81.48 |  14.02 |I I 
16:38-Fri-Mar-24-2017 PM2.5 |   5.82 |   6.02 |  42.69 |   7.30 |I I 
16:39-Fri-Mar-24-2017 PM10  |  11.29 |  11.47 |  81.48 |  14.02 |I I 
16:39-Fri-Mar-24-2017 PM2.5 |   5.79 |   6.01 |  42.69 |   7.30 |I I 
16:43-Fri-Mar-24-2017 PM10  |   9.95 |  11.38 |  81.48 |  14.02 |I I 
16:43-Fri-Mar-24-2017 PM2.5 |   5.88 |   6.00 |  42.69 |   7.30 |I I 
16:44-Fri-Mar-24-2017 PM10  |   9.17 |  11.27 |  81.48 |  14.02 |I I 
16:44-Fri-Mar-24-2017 PM2.5 |   5.76 |   5.99 |  42.69 |   7.30 |I I 
16:48-Fri-Mar-24-2017 PM10  |  10.99 |  11.25 |  81.48 |  14.02 |I I 
16:48-Fri-Mar-24-2017 PM2.5 |   6.30 |   6.00 |  42.69 |   7.30 |I I 
16:49-Fri-Mar-24-2017 PM10  |  13.29 |  11.35 |  81.48 |  14.02 |I I 
16:49-Fri-Mar-24-2017 PM2.5 |   6.11 |   6.01 |  42.69 |   7.30 |I I 
16:53-Fri-Mar-24-2017 PM10  |  10.00 |  11.29 |  81.48 |  14.02 |I I 
16:53-Fri-Mar-24-2017 PM2.5 |   6.11 |   6.01 |  42.69 |   7.30 |I I 
16:54-Fri-Mar-24-2017 PM10  |  10.52 |  11.26 |  81.48 |  14.02 |I I 
16:54-Fri-Mar-24-2017 PM2.5 |   5.76 |   6.00 |  42.69 |   7.30 |I I 
16:58-Fri-Mar-24-2017 PM10  |  11.35 |  11.26 |  81.48 |  14.02 |I I 
16:58-Fri-Mar-24-2017 PM2.5 |   5.88 |   6.00 |  42.69 |   7.30 |I I 
16:59-Fri-Mar-24-2017 PM10  |   9.65 |  11.20 |  81.48 |  14.02 |I I 
16:59-Fri-Mar-24-2017 PM2.5 |   5.93 |   5.99 |  42.69 |   7.30 |I I 
17:03-Fri-Mar-24-2017 PM10  |   9.23 |  11.12 |  81.48 |  11.12 |I I 
17:03-Fri-Mar-24-2017 PM2.5 |   5.99 |   5.99 |  42.69 |   5.99 |I I 
17:04-Fri-Mar-24-2017 PM10  |  11.27 |  11.27 |  81.48 |  11.12 |I I 
17:04-Fri-Mar-24-2017 PM2.5 |   6.16 |   6.16 |  42.69 |   5.99 |I I 
17:05-Fri-Mar-24-2017 PM10  |  11.27 |  11.27 |  81.48 |  11.12 |I I 
17:05-Fri-Mar-24-2017 PM2.5 |   6.16 |   6.16 |  42.69 |   5.99 |I I 
17:09-Fri-Mar-24-2017 PM10  |  10.30 |  10.95 |  81.48 |  11.12 |I I 
17:09-Fri-Mar-24-2017 PM2.5 |   6.28 |   6.20 |  42.69 |   5.99 |I I 
17:10-Fri-Mar-24-2017 PM10  |   9.59 |  10.61 |  81.48 |  11.12 |I I 
17:10-Fri-Mar-24-2017 PM2.5 |   5.93 |   6.13 |  42.69 |   5.99 |I I 
17:14-Fri-Mar-24-2017 PM10  |  11.16 |  10.72 |  81.48 |  11.12 |I I 
17:14-Fri-Mar-24-2017 PM2.5 |   6.15 |   6.14 |  42.69 |   5.99 |I I 
17:15-Fri-Mar-24-2017 PM10  |   9.30 |  10.48 |  81.48 |  11.12 |I I 
17:15-Fri-Mar-24-2017 PM2.5 |   6.21 |   6.15 |  42.69 |   5.99 |I I 
17:19-Fri-Mar-24-2017 PM10  |  10.09 |  10.43 |  81.48 |  11.12 |I I 
17:19-Fri-Mar-24-2017 PM2.5 |   6.21 |   6.16 |  42.69 |   5.99 |I I 
17:20-Fri-Mar-24-2017 PM10  |   9.78 |  10.35 |  81.48 |  11.12 |I I 
17:20-Fri-Mar-24-2017 PM2.5 |   5.98 |   6.14 |  42.69 |   5.99 |I I 
17:24-Fri-Mar-24-2017 PM10  |   9.64 |  10.27 |  81.48 |  11.12 |I I 
17:24-Fri-Mar-24-2017 PM2.5 |   6.32 |   6.16 |  42.69 |   5.99 |I I 
17:25-Fri-Mar-24-2017 PM10  |   9.80 |  10.22 |  81.48 |  11.12 |I I 
17:25-Fri-Mar-24-2017 PM2.5 |   6.35 |   6.18 |  42.69 |   5.99 |I I 
17:29-Fri-Mar-24-2017 PM10  |  11.77 |  10.36 |  81.48 |  11.12 |I I 
17:29-Fri-Mar-24-2017 PM2.5 |   6.32 |   6.19 |  42.69 |   5.99 |I I 
17:30-Fri-Mar-24-2017 PM10  |  13.86 |  10.65 |  81.48 |  11.12 |I I 
17:30-Fri-Mar-24-2017 PM2.5 |   6.28 |   6.20 |  42.69 |   5.99 |I I 
17:31-Fri-Mar-24-2017 PM10  |  13.86 |  10.90 |  81.48 |  11.12 |I I 
17:31-Fri-Mar-24-2017 PM2.5 |   6.28 |   6.20 |  42.69 |   5.99 |I I 
17:35-Fri-Mar-24-2017 PM10  |  13.53 |  11.09 |  81.48 |  11.12 |I I 
17:35-Fri-Mar-24-2017 PM2.5 |   6.62 |   6.23 |  42.69 |   5.99 |I I 
17:36-Fri-Mar-24-2017Timeout Event handler
17:36-Fri-Mar-24-2017 PM10  |  10.83 |  11.07 |  81.48 |  11.12 |B B 
17:36-Fri-Mar-24-2017 PM2.5 |   6.52 |   6.25 |  42.69 |   5.99 |B B 
17:41-Fri-Mar-24-2017recover dati per host :salvatorehost.no-ip.org/aria
17:41-Fri-Mar-24-2017recover dati per host :92.223.147.77/nodered
17:41-Fri-Mar-24-2017 PM10  |   9.76 |  10.99 |  81.48 |  11.12 |I I 
17:41-Fri-Mar-24-2017 PM2.5 |   6.58 |   6.27 |  42.69 |   5.99 |I I 
17:42-Fri-Mar-24-2017 PM10  |   9.13 |  10.88 |  81.48 |  11.12 |I I 
17:42-Fri-Mar-24-2017 PM2.5 |   6.33 |   6.28 |  42.69 |   5.99 |I I 
17:46-Fri-Mar-24-2017 PM10  |   9.63 |  10.81 |  81.48 |  11.12 |I I 
17:46-Fri-Mar-24-2017 PM2.5 |   6.84 |   6.31 |  42.69 |   5.99 |I I 
17:47-Fri-Mar-24-2017 PM10  |  11.85 |  10.86 |  81.48 |  11.12 |I I 
17:47-Fri-Mar-24-2017 PM2.5 |   6.58 |   6.32 |  42.69 |   5.99 |I I 
17:51-Fri-Mar-24-2017 PM10  |  11.52 |  10.90 |  81.48 |  11.12 |I I 
17:51-Fri-Mar-24-2017 PM2.5 |   6.83 |   6.35 |  42.69 |   5.99 |I I 
17:52-Fri-Mar-24-2017 PM10  |  10.53 |  10.88 |  81.48 |  11.12 |I I 
17:52-Fri-Mar-24-2017 PM2.5 |   6.55 |   6.36 |  42.69 |   5.99 |I I 
17:56-Fri-Mar-24-2017 PM10  |  11.24 |  10.90 |  81.48 |  11.12 |I I 
17:56-Fri-Mar-24-2017 PM2.5 |   7.06 |   6.39 |  42.69 |   5.99 |I I 
17:57-Fri-Mar-24-2017 PM10  |  14.22 |  11.04 |  81.48 |  11.12 |I I 
17:57-Fri-Mar-24-2017 PM2.5 |   7.38 |   6.43 |  42.69 |   5.99 |I I 
18:01-Fri-Mar-24-2017 PM10  |  12.16 |  11.09 |  81.48 |  11.09 |I I 
18:01-Fri-Mar-24-2017 PM2.5 |   7.40 |   6.47 |  42.69 |   5.99 |I I 
18:02-Fri-Mar-24-2017 PM10  |  12.16 |  12.16 |  81.48 |  11.09 |I I 
18:02-Fri-Mar-24-2017 PM2.5 |   7.40 |   7.40 |  42.69 |   5.99 |I I 
18:03-Fri-Mar-24-2017 PM10  |  11.71 |  11.94 |  81.48 |  11.09 |I I 
18:03-Fri-Mar-24-2017 PM2.5 |   7.02 |   7.21 |  42.69 |   5.99 |I I 
18:07-Fri-Mar-24-2017 PM10  |  11.44 |  11.77 |  81.48 |  11.09 |I I 
18:07-Fri-Mar-24-2017 PM2.5 |   7.08 |   7.17 |  42.69 |   5.99 |I I 
18:08-Fri-Mar-24-2017 PM10  |  11.50 |  11.70 |  81.48 |  11.09 |I I 
18:08-Fri-Mar-24-2017 PM2.5 |   7.00 |   7.13 |  42.69 |   5.99 |I I 
18:12-Fri-Mar-24-2017 PM10  |  13.41 |  12.05 |  81.48 |  11.09 |I I 
18:12-Fri-Mar-24-2017 PM2.5 |   7.45 |   7.19 |  42.69 |   5.99 |I I 
18:13-Fri-Mar-24-2017 PM10  |  11.65 |  11.98 |  81.48 |  11.09 |I I 
18:13-Fri-Mar-24-2017 PM2.5 |   6.99 |   7.16 |  42.69 |   5.99 |I I 
18:17-Fri-Mar-24-2017 PM10  |  13.09 |  12.14 |  81.48 |  11.09 |I I 
18:17-Fri-Mar-24-2017 PM2.5 |   7.53 |   7.21 |  42.69 |   5.99 |I I 
18:18-Fri-Mar-24-2017 PM10  |  11.95 |  12.11 |  81.48 |  11.09 |I I 
18:18-Fri-Mar-24-2017 PM2.5 |   7.22 |   7.21 |  42.69 |   5.99 |I I 
18:22-Fri-Mar-24-2017 PM10  |  12.29 |  12.13 |  81.48 |  11.09 |I I 
18:22-Fri-Mar-24-2017 PM2.5 |   7.35 |   7.23 |  42.69 |   5.99 |I I 
18:23-Fri-Mar-24-2017 PM10  |  11.75 |  12.10 |  81.48 |  11.09 |I I 
18:23-Fri-Mar-24-2017 PM2.5 |   7.21 |   7.22 |  42.69 |   5.99 |I I 
18:27-Fri-Mar-24-2017 PM10  |  11.97 |  12.08 |  81.48 |  11.09 |I I 
18:27-Fri-Mar-24-2017 PM2.5 |   7.11 |   7.21 |  42.69 |   5.99 |I I 
18:28-Fri-Mar-24-2017 PM10  |  11.97 |  12.08 |  81.48 |  11.09 |I I 
18:28-Fri-Mar-24-2017 PM2.5 |   7.11 |   7.21 |  42.69 |   5.99 |I I 
18:29-Fri-Mar-24-2017 PM10  |  13.33 |  12.17 |  81.48 |  11.09 |I I 
18:29-Fri-Mar-24-2017 PM2.5 |   7.09 |   7.20 |  42.69 |   5.99 |I I 
18:33-Fri-Mar-24-2017 PM10  |  12.54 |  12.20 |  81.48 |  11.09 |I I 
18:33-Fri-Mar-24-2017 PM2.5 |   7.92 |   7.25 |  42.69 |   5.99 |I I 
18:34-Fri-Mar-24-2017 PM10  |  12.81 |  12.24 |  81.48 |  11.09 |I I 
18:34-Fri-Mar-24-2017 PM2.5 |   7.23 |   7.25 |  42.69 |   5.99 |I I 
18:38-Fri-Mar-24-2017 PM10  |  12.44 |  12.25 |  81.48 |  11.09 |I I 
18:38-Fri-Mar-24-2017 PM2.5 |   7.74 |   7.28 |  42.69 |   5.99 |I I 
18:39-Fri-Mar-24-2017 PM10  |  15.49 |  12.44 |  81.48 |  11.09 |I I 
18:39-Fri-Mar-24-2017 PM2.5 |   7.15 |   7.27 |  42.69 |   5.99 |I I 
18:43-Fri-Mar-24-2017 PM10  |  12.73 |  12.46 |  81.48 |  11.09 |I I 
18:43-Fri-Mar-24-2017 PM2.5 |   7.88 |   7.30 |  42.69 |   5.99 |I I 
18:44-Fri-Mar-24-2017 PM10  |  12.52 |  12.46 |  81.48 |  11.09 |I I 
18:44-Fri-Mar-24-2017 PM2.5 |   7.39 |   7.31 |  42.69 |   5.99 |I I 
18:48-Fri-Mar-24-2017 PM10  |  13.23 |  12.50 |  81.48 |  11.09 |I I 
18:48-Fri-Mar-24-2017 PM2.5 |   7.94 |   7.34 |  42.69 |   5.99 |I I 
18:49-Fri-Mar-24-2017 PM10  |  14.97 |  12.62 |  81.48 |  11.09 |I I 
18:49-Fri-Mar-24-2017 PM2.5 |   7.49 |   7.35 |  42.69 |   5.99 |I I 
18:53-Fri-Mar-24-2017 PM10  |  16.02 |  12.77 |  81.48 |  11.09 |I I 
18:53-Fri-Mar-24-2017 PM2.5 |   8.21 |   7.39 |  42.69 |   5.99 |I I 
18:54-Fri-Mar-24-2017 PM10  |  16.02 |  12.91 |  81.48 |  11.09 |I I 
18:54-Fri-Mar-24-2017 PM2.5 |   8.21 |   7.42 |  42.69 |   5.99 |I I 
18:55-Fri-Mar-24-2017 PM10  |  15.83 |  13.04 |  81.48 |  11.09 |I I 
18:55-Fri-Mar-24-2017 PM2.5 |   7.80 |   7.44 |  42.69 |   5.99 |I I 
18:59-Fri-Mar-24-2017 PM10  |  16.69 |  13.18 |  81.48 |  11.09 |I I 
18:59-Fri-Mar-24-2017 PM2.5 |   8.39 |   7.48 |  42.69 |   5.99 |I I 
19:00-Fri-Mar-24-2017 PM10  |  15.07 |  13.25 |  81.48 |  11.09 |I I 
19:00-Fri-Mar-24-2017 PM2.5 |   7.80 |   7.49 |  42.69 |   5.99 |I I 
19:04-Fri-Mar-24-2017 PM10  |  16.08 |  16.08 |  81.48 |  11.09 |I I 
19:04-Fri-Mar-24-2017 PM2.5 |   8.17 |   8.17 |  42.69 |   5.99 |I I 
19:05-Fri-Mar-24-2017 PM10  |  16.60 |  16.34 |  81.48 |  11.09 |I I 
19:05-Fri-Mar-24-2017 PM2.5 |   8.13 |   8.15 |  42.69 |   5.99 |I I 
19:09-Fri-Mar-24-2017 PM10  |  13.34 |  15.34 |  81.48 |  11.09 |I I 
19:09-Fri-Mar-24-2017 PM2.5 |   8.10 |   8.13 |  42.69 |   5.99 |I I 
19:10-Fri-Mar-24-2017 PM10  |  15.58 |  15.40 |  81.48 |  11.09 |I I 
19:10-Fri-Mar-24-2017 PM2.5 |   8.17 |   8.14 |  42.69 |   5.99 |I I 
19:14-Fri-Mar-24-2017 PM10  |  18.28 |  15.98 |  81.48 |  11.09 |I I 
19:14-Fri-Mar-24-2017 PM2.5 |   8.61 |   8.24 |  42.69 |   5.99 |I I 
19:15-Fri-Mar-24-2017 PM10  |  16.91 |  16.13 |  81.48 |  11.09 |I I 
19:15-Fri-Mar-24-2017 PM2.5 |   8.47 |   8.27 |  42.69 |   5.99 |I I 
19:19-Fri-Mar-24-2017 PM10  |  14.07 |  15.84 |  81.48 |  11.09 |I I 
19:19-Fri-Mar-24-2017 PM2.5 |   8.22 |   8.27 |  42.69 |   5.99 |I I 
19:20-Fri-Mar-24-2017 PM10  |  14.28 |  15.64 |  81.48 |  11.09 |I I 
19:20-Fri-Mar-24-2017 PM2.5 |   7.88 |   8.22 |  42.69 |   5.99 |I I 
19:21-Fri-Mar-24-2017 PM10  |  14.28 |  15.49 |  81.48 |  11.09 |I I 
19:21-Fri-Mar-24-2017 PM2.5 |   7.88 |   8.18 |  42.69 |   5.99 |I I 
19:25-Fri-Mar-24-2017 PM10  |  14.46 |  15.39 |  81.48 |  11.09 |I I 
19:25-Fri-Mar-24-2017 PM2.5 |   7.96 |   8.16 |  42.69 |   5.99 |I I 
19:26-Fri-Mar-24-2017 PM10  |  14.88 |  15.34 |  81.48 |  11.09 |I I 
19:26-Fri-Mar-24-2017 PM2.5 |   7.50 |   8.10 |  42.69 |   5.99 |I I 
19:30-Fri-Mar-24-2017 PM10  |  13.57 |  15.19 |  81.48 |  11.09 |I I 
19:30-Fri-Mar-24-2017 PM2.5 |   7.73 |   8.07 |  42.69 |   5.99 |I I 
19:31-Fri-Mar-24-2017 PM10  |  12.29 |  14.97 |  81.48 |  11.09 |I I 
19:31-Fri-Mar-24-2017 PM2.5 |   7.05 |   7.99 |  42.69 |   5.99 |I I 
19:35-Fri-Mar-24-2017 PM10  |  13.00 |  14.83 |  81.48 |  11.09 |I I 
19:35-Fri-Mar-24-2017 PM2.5 |   7.68 |   7.97 |  42.69 |   5.99 |I I 
19:36-Fri-Mar-24-2017 PM10  |  13.83 |  14.76 |  81.48 |  11.09 |I I 
19:36-Fri-Mar-24-2017 PM2.5 |   6.76 |   7.89 |  42.69 |   5.99 |I I 
19:40-Fri-Mar-24-2017 PM10  |  12.82 |  14.64 |  81.48 |  11.09 |I I 
19:40-Fri-Mar-24-2017 PM2.5 |   7.08 |   7.84 |  42.69 |   5.99 |I I 
19:41-Fri-Mar-24-2017 PM10  |  11.86 |  14.48 |  81.48 |  11.09 |I I 
19:41-Fri-Mar-24-2017 PM2.5 |   6.81 |   7.78 |  42.69 |   5.99 |I I 
19:45-Fri-Mar-24-2017 PM10  |  13.48 |  14.42 |  81.48 |  11.09 |I I 
19:45-Fri-Mar-24-2017 PM2.5 |   7.54 |   7.76 |  42.69 |   5.99 |I I 
19:46-Fri-Mar-24-2017 PM10  |  13.48 |  14.37 |  81.48 |  11.09 |I I 
19:46-Fri-Mar-24-2017 PM2.5 |   7.54 |   7.75 |  42.69 |   5.99 |I I 
19:47-Fri-Mar-24-2017 PM10  |  13.31 |  14.32 |  81.48 |  11.09 |I I 
19:47-Fri-Mar-24-2017 PM2.5 |   7.19 |   7.72 |  42.69 |   5.99 |I I 
19:51-Fri-Mar-24-2017 PM10  |  11.73 |  14.20 |  81.48 |  11.09 |I I 
19:51-Fri-Mar-24-2017 PM2.5 |   6.67 |   7.67 |  42.69 |   5.99 |I I 
19:52-Fri-Mar-24-2017 PM10  |  12.45 |  14.12 |  81.48 |  11.09 |I I 
19:52-Fri-Mar-24-2017 PM2.5 |   6.91 |   7.64 |  42.69 |   5.99 |I I 
19:56-Fri-Mar-24-2017 PM10  |  12.47 |  14.05 |  81.48 |  11.09 |I I 
19:56-Fri-Mar-24-2017 PM2.5 |   7.08 |   7.61 |  42.69 |   5.99 |I I 
19:57-Fri-Mar-24-2017 PM10  |  12.66 |  13.99 |  81.48 |  11.09 |I I 
19:57-Fri-Mar-24-2017 PM2.5 |   6.63 |   7.57 |  42.69 |   5.99 |I I 
20:01-Fri-Mar-24-2017 PM10  |  13.65 |  13.97 |  81.48 |  11.09 |I I 
20:01-Fri-Mar-24-2017 PM2.5 |   6.85 |   7.54 |  42.69 |   5.99 |I I 
20:02-Fri-Mar-24-2017 PM10  |  15.87 |  15.87 |  81.48 |  11.09 |I I 
20:02-Fri-Mar-24-2017 PM2.5 |   6.94 |   6.94 |  42.69 |   5.99 |I I 
20:06-Fri-Mar-24-2017 PM10  |  11.71 |  13.79 |  81.48 |  11.09 |I I 
20:06-Fri-Mar-24-2017 PM2.5 |   7.15 |   7.04 |  42.69 |   5.99 |I I 
20:07-Fri-Mar-24-2017 PM10  |  15.19 |  14.26 |  81.48 |  11.09 |I I 
20:07-Fri-Mar-24-2017 PM2.5 |   7.57 |   7.22 |  42.69 |   5.99 |I I 
20:11-Fri-Mar-24-2017 PM10  |  14.45 |  14.30 |  81.48 |  11.09 |I I 
20:11-Fri-Mar-24-2017 PM2.5 |   7.86 |   7.38 |  42.69 |   5.99 |I I 
20:12-Fri-Mar-24-2017 PM10  |  14.45 |  14.33 |  81.48 |  11.09 |I I 
20:12-Fri-Mar-24-2017 PM2.5 |   7.86 |   7.48 |  42.69 |   5.99 |I I 
20:13-Fri-Mar-24-2017 PM10  |  12.71 |  14.06 |  81.48 |  11.09 |I I 
20:13-Fri-Mar-24-2017 PM2.5 |   6.75 |   7.36 |  42.69 |   5.99 |I I 
20:17-Fri-Mar-24-2017 PM10  |  10.96 |  13.62 |  81.48 |  11.09 |I I 
20:17-Fri-Mar-24-2017 PM2.5 |   7.14 |   7.32 |  42.69 |   5.99 |I I 
20:18-Fri-Mar-24-2017 PM10  |  11.85 |  13.40 |  81.48 |  11.09 |I I 
20:18-Fri-Mar-24-2017 PM2.5 |   7.11 |   7.30 |  42.69 |   5.99 |I I 
20:22-Fri-Mar-24-2017 PM10  |  12.22 |  13.27 |  81.48 |  11.09 |I I 
20:22-Fri-Mar-24-2017 PM2.5 |   7.45 |   7.31 |  42.69 |   5.99 |I I 
20:23-Fri-Mar-24-2017 PM10  |  15.92 |  13.53 |  81.48 |  11.09 |I I 
20:23-Fri-Mar-24-2017 PM2.5 |   7.23 |   7.30 |  42.69 |   5.99 |I I 
20:27-Fri-Mar-24-2017 PM10  |  14.44 |  13.61 |  81.48 |  11.09 |I I 
20:27-Fri-Mar-24-2017 PM2.5 |   7.67 |   7.34 |  42.69 |   5.99 |I I 
20:28-Fri-Mar-24-2017 PM10  |  14.01 |  13.65 |  81.48 |  11.09 |I I 
20:28-Fri-Mar-24-2017 PM2.5 |   7.45 |   7.35 |  42.69 |   5.99 |I I 
20:32-Fri-Mar-24-2017 PM10  |  13.61 |  13.64 |  81.48 |  11.09 |I I 
20:32-Fri-Mar-24-2017 PM2.5 |   7.31 |   7.34 |  42.69 |   5.99 |I I 
20:33-Fri-Mar-24-2017 PM10  |  18.04 |  13.96 |  81.48 |  11.09 |I I 
20:33-Fri-Mar-24-2017 PM2.5 |   7.34 |   7.34 |  42.69 |   5.99 |I I 
20:38-Fri-Mar-24-2017 PM10  |  14.33 |  13.98 |  81.48 |  11.09 |I I 
20:38-Fri-Mar-24-2017 PM2.5 |   7.05 |   7.33 |  42.69 |   5.99 |I I 
20:39-Fri-Mar-24-2017 PM10  |  14.33 |  14.00 |  81.48 |  11.09 |I I 
20:39-Fri-Mar-24-2017 PM2.5 |   7.05 |   7.31 |  42.69 |   5.99 |I I 
20:40-Fri-Mar-24-2017 PM10  |  11.74 |  13.87 |  81.48 |  11.09 |I I 
20:40-Fri-Mar-24-2017 PM2.5 |   6.77 |   7.28 |  42.69 |   5.99 |I I 
20:44-Fri-Mar-24-2017 PM10  |  12.40 |  13.79 |  81.48 |  11.09 |I I 
20:44-Fri-Mar-24-2017 PM2.5 |   6.77 |   7.25 |  42.69 |   5.99 |I I 
20:45-Fri-Mar-24-2017 PM10  |  12.04 |  13.70 |  81.48 |  11.09 |I I 
20:45-Fri-Mar-24-2017 PM2.5 |   6.60 |   7.21 |  42.69 |   5.99 |I I 
20:49-Fri-Mar-24-2017 PM10  |  10.56 |  13.54 |  81.48 |  11.09 |I I 
20:49-Fri-Mar-24-2017 PM2.5 |   6.59 |   7.18 |  42.69 |   5.99 |I I 
20:50-Fri-Mar-24-2017 PM10  |  12.22 |  13.48 |  81.48 |  11.09 |I I 
20:50-Fri-Mar-24-2017 PM2.5 |   6.86 |   7.17 |  42.69 |   5.99 |I I 
20:54-Fri-Mar-24-2017 PM10  |  13.74 |  13.49 |  81.48 |  11.09 |I I 
20:54-Fri-Mar-24-2017 PM2.5 |   6.78 |   7.15 |  42.69 |   5.99 |I I 
20:55-Fri-Mar-24-2017 PM10  |  13.58 |  13.49 |  81.48 |  11.09 |I I 
20:55-Fri-Mar-24-2017 PM2.5 |   6.80 |   7.13 |  42.69 |   5.99 |I I 
20:59-Fri-Mar-24-2017 PM10  |  12.54 |  13.45 |  81.48 |  11.09 |I I 
20:59-Fri-Mar-24-2017 PM2.5 |   7.20 |   7.14 |  42.69 |   5.99 |I I 
21:00-Fri-Mar-24-2017 PM10  |  13.74 |  13.47 |  81.48 |  11.09 |I I 
21:00-Fri-Mar-24-2017 PM2.5 |   6.57 |   7.11 |  42.69 |   5.99 |I I 
21:04-Fri-Mar-24-2017 PM10  |  15.64 |  15.64 |  81.48 |  11.09 |I I 
21:04-Fri-Mar-24-2017 PM2.5 |   6.99 |   6.99 |  42.69 |   5.99 |I I 
21:05-Fri-Mar-24-2017 PM10  |  10.87 |  13.25 |  81.48 |  11.09 |I I 
21:05-Fri-Mar-24-2017 PM2.5 |   6.47 |   6.73 |  42.69 |   5.99 |I I 
21:06-Fri-Mar-24-2017 PM10  |  10.87 |  12.46 |  81.48 |  11.09 |I I 
21:06-Fri-Mar-24-2017 PM2.5 |   6.47 |   6.65 |  42.69 |   5.99 |I I 
21:10-Fri-Mar-24-2017 PM10  |  11.50 |  12.22 |  81.48 |  11.09 |I I 
21:10-Fri-Mar-24-2017 PM2.5 |   6.77 |   6.68 |  42.69 |   5.99 |I I 
21:11-Fri-Mar-24-2017 PM10  |  12.80 |  12.33 |  81.48 |  11.09 |I I 
21:11-Fri-Mar-24-2017 PM2.5 |   6.86 |   6.71 |  42.69 |   5.99 |I I 
21:15-Fri-Mar-24-2017 PM10  |  11.49 |  12.19 |  81.48 |  11.09 |I I 
21:15-Fri-Mar-24-2017 PM2.5 |   6.76 |   6.72 |  42.69 |   5.99 |I I 
21:16-Fri-Mar-24-2017 PM10  |  17.36 |  12.93 |  81.48 |  11.09 |I I 
21:16-Fri-Mar-24-2017 PM2.5 |   6.36 |   6.67 |  42.69 |   5.99 |I I 
21:20-Fri-Mar-24-2017 PM10  |  12.06 |  12.82 |  81.48 |  11.09 |I I 
21:20-Fri-Mar-24-2017 PM2.5 |   6.64 |   6.67 |  42.69 |   5.99 |I I 
21:21-Fri-Mar-24-2017 PM10  |  10.22 |  12.53 |  81.48 |  11.09 |I I 
21:21-Fri-Mar-24-2017 PM2.5 |   6.26 |   6.62 |  42.69 |   5.99 |I I 
21:25-Fri-Mar-24-2017 PM10  |  10.24 |  12.30 |  81.48 |  11.09 |I I 
21:25-Fri-Mar-24-2017 PM2.5 |   6.69 |   6.63 |  42.69 |   5.99 |I I 
21:26-Fri-Mar-24-2017 PM10  |  10.65 |  12.15 |  81.48 |  11.09 |I I 
21:26-Fri-Mar-24-2017 PM2.5 |   5.94 |   6.57 |  42.69 |   5.99 |I I 
21:30-Fri-Mar-24-2017 PM10  |  12.88 |  12.21 |  81.48 |  11.09 |I I 
21:30-Fri-Mar-24-2017 PM2.5 |   6.50 |   6.56 |  42.69 |   5.99 |I I 
21:31-Fri-Mar-24-2017 PM10  |  12.21 |  12.21 |  81.48 |  11.09 |I I 
21:31-Fri-Mar-24-2017 PM2.5 |   6.40 |   6.55 |  42.69 |   5.99 |I I 
21:32-Fri-Mar-24-2017 PM10  |  12.21 |  12.21 |  81.48 |  11.09 |I I 
21:32-Fri-Mar-24-2017 PM2.5 |   6.40 |   6.54 |  42.69 |   5.99 |I I 
21:36-Fri-Mar-24-2017 PM10  |  11.67 |  12.18 |  81.48 |  11.09 |I I 
21:36-Fri-Mar-24-2017 PM2.5 |   6.69 |   6.55 |  42.69 |   5.99 |I I 
21:37-Fri-Mar-24-2017 PM10  |  10.50 |  12.07 |  81.48 |  11.09 |I I 
21:37-Fri-Mar-24-2017 PM2.5 |   6.45 |   6.54 |  42.69 |   5.99 |I I 
21:41-Fri-Mar-24-2017 PM10  |  12.16 |  12.08 |  81.48 |  11.09 |I I 
21:41-Fri-Mar-24-2017 PM2.5 |   6.30 |   6.53 |  42.69 |   5.99 |I I 
21:42-Fri-Mar-24-2017 PM10  |  10.17 |  11.97 |  81.48 |  11.09 |I I 
21:42-Fri-Mar-24-2017 PM2.5 |   6.11 |   6.50 |  42.69 |   5.99 |I I 
21:46-Fri-Mar-24-2017 PM10  |  11.58 |  11.95 |  81.48 |  11.09 |I I 
21:46-Fri-Mar-24-2017 PM2.5 |   6.51 |   6.50 |  42.69 |   5.99 |I I 
21:47-Fri-Mar-24-2017 PM10  |  12.50 |  11.98 |  81.48 |  11.09 |I I 
21:47-Fri-Mar-24-2017 PM2.5 |   6.29 |   6.49 |  42.69 |   5.99 |I I 
21:51-Fri-Mar-24-2017 PM10  |   9.89 |  11.88 |  81.48 |  11.09 |I I 
21:51-Fri-Mar-24-2017 PM2.5 |   6.23 |   6.48 |  42.69 |   5.99 |I I 
21:52-Fri-Mar-24-2017 PM10  |  12.11 |  11.89 |  81.48 |  11.09 |I I 
21:52-Fri-Mar-24-2017 PM2.5 |   6.28 |   6.47 |  42.69 |   5.99 |I I 
21:56-Fri-Mar-24-2017 PM10  |  11.03 |  11.85 |  81.48 |  11.09 |I I 
21:56-Fri-Mar-24-2017 PM2.5 |   6.46 |   6.47 |  42.69 |   5.99 |I I 
21:57-Fri-Mar-24-2017 PM10  |  10.95 |  11.81 |  81.48 |  11.09 |I I 
21:57-Fri-Mar-24-2017 PM2.5 |   6.35 |   6.47 |  42.69 |   5.99 |I I 
21:58-Fri-Mar-24-2017 PM10  |  10.95 |  11.78 |  81.48 |  11.09 |I I 
21:58-Fri-Mar-24-2017 PM2.5 |   6.35 |   6.46 |  42.69 |   5.99 |I I 
22:02-Fri-Mar-24-2017 PM10  |  12.66 |  11.81 |  81.48 |  11.09 |I I 
22:02-Fri-Mar-24-2017 PM2.5 |   6.70 |   6.47 |  42.69 |   5.99 |I I 
22:03-Fri-Mar-24-2017 PM10  |   9.32 |   9.32 |  81.48 |  11.09 |I I 
22:03-Fri-Mar-24-2017 PM2.5 |   5.94 |   5.94 |  42.69 |   5.99 |I I 
22:07-Fri-Mar-24-2017 PM10  |  11.03 |  10.18 |  81.48 |  11.09 |I I 
22:07-Fri-Mar-24-2017 PM2.5 |   6.10 |   6.02 |  42.69 |   5.99 |I I 
22:08-Fri-Mar-24-2017 PM10  |   9.82 |  10.06 |  81.48 |  11.09 |I I 
22:08-Fri-Mar-24-2017 PM2.5 |   5.85 |   5.96 |  42.69 |   5.99 |I I 
22:12-Fri-Mar-24-2017 PM10  |  11.32 |  10.37 |  81.48 |  11.09 |I I 
22:12-Fri-Mar-24-2017 PM2.5 |   6.35 |   6.06 |  42.69 |   5.99 |I I 
22:13-Fri-Mar-24-2017 PM10  |  13.32 |  10.96 |  81.48 |  11.09 |I I 
22:13-Fri-Mar-24-2017 PM2.5 |   6.54 |   6.16 |  42.69 |   5.99 |I I 
22:17-Fri-Mar-24-2017 PM10  |  10.50 |  10.89 |  81.48 |  11.09 |I I 
22:17-Fri-Mar-24-2017 PM2.5 |   6.39 |   6.19 |  42.69 |   5.99 |I I 
22:18-Fri-Mar-24-2017 PM10  |  14.24 |  11.36 |  81.48 |  11.09 |I I 
22:18-Fri-Mar-24-2017 PM2.5 |   6.19 |   6.19 |  42.69 |   5.99 |I I 
22:22-Fri-Mar-24-2017 PM10  |  11.76 |  11.41 |  81.48 |  11.09 |I I 
22:22-Fri-Mar-24-2017 PM2.5 |   6.36 |   6.21 |  42.69 |   5.99 |I I 
22:23-Fri-Mar-24-2017 PM10  |   9.69 |  11.22 |  81.48 |  11.09 |I I 
22:23-Fri-Mar-24-2017 PM2.5 |   5.79 |   6.17 |  42.69 |   5.99 |I I 
22:24-Fri-Mar-24-2017 PM10  |   9.69 |  11.07 |  81.48 |  11.09 |I I 
22:24-Fri-Mar-24-2017 PM2.5 |   5.79 |   6.13 |  42.69 |   5.99 |I I 
22:28-Fri-Mar-24-2017 PM10  |  11.78 |  11.13 |  81.48 |  11.09 |I I 
22:28-Fri-Mar-24-2017 PM2.5 |   6.31 |   6.15 |  42.69 |   5.99 |I I 
22:29-Fri-Mar-24-2017 PM10  |  12.41 |  11.24 |  81.48 |  11.09 |I I 
22:29-Fri-Mar-24-2017 PM2.5 |   6.30 |   6.16 |  42.69 |   5.99 |I I 
22:33-Fri-Mar-24-2017 PM10  |  13.71 |  11.43 |  81.48 |  11.09 |I I 
22:33-Fri-Mar-24-2017 PM2.5 |   6.46 |   6.18 |  42.69 |   5.99 |I I 
22:34-Fri-Mar-24-2017 PM10  |  11.42 |  11.43 |  81.48 |  11.09 |I I 
22:34-Fri-Mar-24-2017 PM2.5 |   6.04 |   6.17 |  42.69 |   5.99 |I I 
22:38-Fri-Mar-24-2017 PM10  |  12.49 |  11.50 |  81.48 |  11.09 |I I 
22:38-Fri-Mar-24-2017 PM2.5 |   6.28 |   6.18 |  42.69 |   5.99 |I I 
22:39-Fri-Mar-24-2017 PM10  |  11.60 |  11.51 |  81.48 |  11.09 |I I 
22:39-Fri-Mar-24-2017 PM2.5 |   5.83 |   6.16 |  42.69 |   5.99 |I I 
22:43-Fri-Mar-24-2017 PM10  |  10.34 |  11.44 |  81.48 |  11.09 |I I 
22:43-Fri-Mar-24-2017 PM2.5 |   6.02 |   6.15 |  42.69 |   5.99 |I I 
22:44-Fri-Mar-24-2017 PM10  |  10.14 |  11.37 |  81.48 |  11.09 |I I 
22:44-Fri-Mar-24-2017 PM2.5 |   5.50 |   6.11 |  42.69 |   5.99 |I I 
22:48-Fri-Mar-24-2017 PM10  |  11.20 |  11.36 |  81.48 |  11.09 |I I 
22:48-Fri-Mar-24-2017 PM2.5 |   6.36 |   6.13 |  42.69 |   5.99 |I I 
22:49-Fri-Mar-24-2017 PM10  |  11.56 |  11.37 |  81.48 |  11.09 |I I 
22:49-Fri-Mar-24-2017 PM2.5 |   6.06 |   6.12 |  42.69 |   5.99 |I I 
22:50-Fri-Mar-24-2017 PM10  |  11.56 |  11.38 |  81.48 |  11.09 |I I 
22:50-Fri-Mar-24-2017 PM2.5 |   6.06 |   6.12 |  42.69 |   5.99 |I I 
22:54-Fri-Mar-24-2017 PM10  |  11.27 |  11.37 |  81.48 |  11.09 |I I 
22:54-Fri-Mar-24-2017 PM2.5 |   6.19 |   6.12 |  42.69 |   5.99 |I I 
22:55-Fri-Mar-24-2017 PM10  |   9.92 |  11.31 |  81.48 |  11.09 |I I 
22:55-Fri-Mar-24-2017 PM2.5 |   6.02 |   6.12 |  42.69 |   5.99 |I I 
22:59-Fri-Mar-24-2017 PM10  |   9.58 |  11.24 |  81.48 |  11.09 |I I 
22:59-Fri-Mar-24-2017 PM2.5 |   5.74 |   6.10 |  42.69 |   5.99 |I I 
23:00-Fri-Mar-24-2017 PM10  |  10.38 |  11.20 |  81.48 |  11.09 |I I 
23:00-Fri-Mar-24-2017 PM2.5 |   6.17 |   6.11 |  42.69 |   5.99 |I I 
23:04-Fri-Mar-24-2017 PM10  |  14.00 |  14.00 |  81.48 |  11.09 |I I 
23:04-Fri-Mar-24-2017 PM2.5 |   6.52 |   6.52 |  42.69 |   5.99 |I I 
23:05-Fri-Mar-24-2017 PM10  |   9.84 |  11.92 |  81.48 |  11.09 |I I 
23:05-Fri-Mar-24-2017 PM2.5 |   5.92 |   6.22 |  42.69 |   5.99 |I I 
23:09-Fri-Mar-24-2017 PM10  |  11.92 |  11.92 |  81.48 |  11.09 |I I 
23:09-Fri-Mar-24-2017 PM2.5 |   6.49 |   6.31 |  42.69 |   5.99 |I I 
23:10-Fri-Mar-24-2017 PM10  |  11.03 |  11.70 |  81.48 |  11.09 |I I 
23:10-Fri-Mar-24-2017 PM2.5 |   6.57 |   6.38 |  42.69 |   5.99 |I I 
23:14-Fri-Mar-24-2017 PM10  |  11.69 |  11.70 |  81.48 |  11.09 |I I 
23:14-Fri-Mar-24-2017 PM2.5 |   6.34 |   6.37 |  42.69 |   5.99 |I I 
23:15-Fri-Mar-24-2017 PM10  |  10.69 |  11.53 |  81.48 |  11.09 |I I 
23:15-Fri-Mar-24-2017 PM2.5 |   6.43 |   6.38 |  42.69 |   5.99 |I I 
23:16-Fri-Mar-24-2017 PM10  |  10.69 |  11.41 |  81.48 |  11.09 |I I 
23:16-Fri-Mar-24-2017 PM2.5 |   6.43 |   6.39 |  42.69 |   5.99 |I I 
23:20-Fri-Mar-24-2017 PM10  |  10.81 |  11.34 |  81.48 |  11.09 |I I 
23:20-Fri-Mar-24-2017 PM2.5 |   6.51 |   6.40 |  42.69 |   5.99 |I I 
23:21-Fri-Mar-24-2017 PM10  |   9.81 |  11.17 |  81.48 |  11.09 |I I 
23:21-Fri-Mar-24-2017 PM2.5 |   6.11 |   6.37 |  42.69 |   5.99 |I I 
23:25-Fri-Mar-24-2017 PM10  |   9.58 |  11.01 |  81.48 |  11.09 |I I 
23:25-Fri-Mar-24-2017 PM2.5 |   5.78 |   6.31 |  42.69 |   5.99 |I I 
23:26-Fri-Mar-24-2017 PM10  |   9.63 |  10.88 |  81.48 |  11.09 |I I 
23:26-Fri-Mar-24-2017 PM2.5 |   5.76 |   6.26 |  42.69 |   5.99 |I I 
23:30-Fri-Mar-24-2017 PM10  |   9.94 |  10.80 |  81.48 |  11.09 |I I 
23:30-Fri-Mar-24-2017 PM2.5 |   5.96 |   6.24 |  42.69 |   5.99 |I I 
23:31-Fri-Mar-24-2017 PM10  |  14.40 |  11.08 |  81.48 |  11.09 |I I 
23:31-Fri-Mar-24-2017 PM2.5 |   6.02 |   6.22 |  42.69 |   5.99 |I I 
23:36-Fri-Mar-24-2017 PM10  |  10.91 |  11.07 |  81.48 |  11.09 |I I 
23:36-Fri-Mar-24-2017 PM2.5 |   6.06 |   6.21 |  42.69 |   5.99 |I I 
23:37-Fri-Mar-24-2017 PM10  |   8.08 |  10.87 |  81.48 |  11.09 |I I 
23:37-Fri-Mar-24-2017 PM2.5 |   5.88 |   6.19 |  42.69 |   5.99 |I I 
23:41-Fri-Mar-24-2017 PM10  |  10.66 |  10.86 |  81.48 |  11.09 |I I 
23:41-Fri-Mar-24-2017 PM2.5 |   6.10 |   6.18 |  42.69 |   5.99 |I I 
23:42-Fri-Mar-24-2017 PM10  |   9.93 |  10.80 |  81.48 |  11.09 |I I 
23:42-Fri-Mar-24-2017 PM2.5 |   5.54 |   6.14 |  42.69 |   5.99 |I I 
23:43-Fri-Mar-24-2017 PM10  |   9.93 |  10.75 |  81.48 |  11.09 |I I 
23:43-Fri-Mar-24-2017 PM2.5 |   5.54 |   6.11 |  42.69 |   5.99 |I I 
23:47-Fri-Mar-24-2017 PM10  |  10.25 |  10.73 |  81.48 |  11.09 |I I 
23:47-Fri-Mar-24-2017 PM2.5 |   5.88 |   6.10 |  42.69 |   5.99 |I I 
23:48-Fri-Mar-24-2017 PM10  |  10.01 |  10.69 |  81.48 |  11.09 |I I 
23:48-Fri-Mar-24-2017 PM2.5 |   5.98 |   6.09 |  42.69 |   5.99 |I I 
23:52-Fri-Mar-24-2017 PM10  |  10.43 |  10.68 |  81.48 |  11.09 |I I 
23:52-Fri-Mar-24-2017 PM2.5 |   5.94 |   6.08 |  42.69 |   5.99 |I I 
23:53-Fri-Mar-24-2017 PM10  |   9.14 |  10.61 |  81.48 |  11.09 |I I 
23:53-Fri-Mar-24-2017 PM2.5 |   5.73 |   6.07 |  42.69 |   5.99 |I I 
23:57-Fri-Mar-24-2017 PM10  |   9.43 |  10.56 |  81.48 |  11.09 |I I 
23:57-Fri-Mar-24-2017 PM2.5 |   5.77 |   6.06 |  42.69 |   5.99 |I I 
23:58-Fri-Mar-24-2017 PM10  |   8.47 |  10.47 |  81.48 |  11.09 |I I 
23:58-Fri-Mar-24-2017 PM2.5 |   5.73 |   6.04 |  42.69 |   5.99 |I I 
00:02-Sat-Mar-25-2017 PM10  |  10.98 |  10.49 |  81.48 |  10.49 |I I 
