[Fri Mar 17 00:02:53 2017] Report del giorno Friday March 17 2017 -- INVIATO a centraline@googlegroups.com
00:02-Fri-Mar-17-2017 PM2.5 |   7.90 |   7.39 |   8.10 |   5.02 |I I 
00:03-Fri-Mar-17-2017 PM10  |  15.66 |  15.66 |   0.00 |  2000.00|I I 
00:03-Fri-Mar-17-2017 PM2.5 |   7.43 |   7.43 |   0.00 |  2000.00|I I 
00:07-Fri-Mar-17-2017 PM10  |  15.17 |  15.41 |   0.00 |  2000.00|I I 
00:07-Fri-Mar-17-2017 PM2.5 |   7.23 |   7.33 |   0.00 |  2000.00|I I 
00:08-Fri-Mar-17-2017 PM10  |  16.87 |  15.90 |   0.00 |  2000.00|I I 
00:08-Fri-Mar-17-2017 PM2.5 |   7.23 |   7.30 |   0.00 |  2000.00|I I 
00:12-Fri-Mar-17-2017 PM10  |  15.54 |  15.81 |   0.00 |  2000.00|I I 
00:12-Fri-Mar-17-2017 PM2.5 |   7.36 |   7.31 |   0.00 |  2000.00|I I 
00:13-Fri-Mar-17-2017 PM10  |  12.43 |  15.13 |   0.00 |  2000.00|I I 
00:13-Fri-Mar-17-2017 PM2.5 |   6.70 |   7.19 |   0.00 |  2000.00|I I 
00:17-Fri-Mar-17-2017 PM10  |  14.56 |  15.04 |   0.00 |  2000.00|I I 
00:17-Fri-Mar-17-2017 PM2.5 |   7.26 |   7.20 |   0.00 |  2000.00|I I 
00:18-Fri-Mar-17-2017 PM10  |  20.57 |  15.83 |   0.00 |  2000.00|I I 
00:18-Fri-Mar-17-2017 PM2.5 |   7.22 |   7.21 |   0.00 |  2000.00|I I 
00:22-Fri-Mar-17-2017 PM10  |  18.17 |  16.12 |   0.00 |  2000.00|I I 
00:22-Fri-Mar-17-2017 PM2.5 |   7.73 |   7.27 |   0.00 |  2000.00|I I 
00:24-Fri-Mar-17-2017 PM10  |  18.17 |  16.35 |   0.00 |  2000.00|I I 
00:24-Fri-Mar-17-2017 PM2.5 |   7.73 |   7.32 |   0.00 |  2000.00|I I 
00:25-Fri-Mar-17-2017 PM10  |  15.51 |  16.26 |   0.00 |  2000.00|I I 
00:25-Fri-Mar-17-2017 PM2.5 |   7.70 |   7.36 |   0.00 |  2000.00|I I 
00:29-Fri-Mar-17-2017 PM10  |  15.82 |  16.22 |   0.00 |  2000.00|I I 
00:29-Fri-Mar-17-2017 PM2.5 |   7.38 |   7.36 |   0.00 |  2000.00|I I 
00:30-Fri-Mar-17-2017 PM10  |  16.93 |  16.28 |   0.00 |  2000.00|I I 
00:30-Fri-Mar-17-2017 PM2.5 |   7.07 |   7.34 |   0.00 |  2000.00|I I 
00:34-Fri-Mar-17-2017 PM10  |  14.18 |  16.12 |   0.00 |  2000.00|I I 
00:34-Fri-Mar-17-2017 PM2.5 |   7.23 |   7.33 |   0.00 |  2000.00|I I 
00:35-Fri-Mar-17-2017 PM10  |  16.17 |  16.12 |   0.00 |  2000.00|I I 
00:35-Fri-Mar-17-2017 PM2.5 |   7.61 |   7.35 |   0.00 |  2000.00|I I 
00:39-Fri-Mar-17-2017 PM10  |  15.65 |  16.09 |   0.00 |  2000.00|I I 
00:39-Fri-Mar-17-2017 PM2.5 |   7.71 |   7.37 |   0.00 |  2000.00|I I 
00:40-Fri-Mar-17-2017 PM10  |  12.31 |  15.86 |   0.00 |  2000.00|I I 
00:40-Fri-Mar-17-2017 PM2.5 |   6.91 |   7.34 |   0.00 |  2000.00|I I 
00:44-Fri-Mar-17-2017 PM10  |  12.62 |  15.67 |   0.00 |  2000.00|I I 
00:44-Fri-Mar-17-2017 PM2.5 |   7.28 |   7.34 |   0.00 |  2000.00|I I 
00:45-Fri-Mar-17-2017 PM10  |  13.85 |  15.57 |   0.00 |  2000.00|I I 
00:45-Fri-Mar-17-2017 PM2.5 |   7.37 |   7.34 |   0.00 |  2000.00|I I 
00:49-Fri-Mar-17-2017 PM10  |  14.80 |  15.52 |   0.00 |  2000.00|I I 
00:49-Fri-Mar-17-2017 PM2.5 |   7.27 |   7.34 |   0.00 |  2000.00|I I 
00:50-Fri-Mar-17-2017 PM10  |  14.80 |  15.49 |   0.00 |  2000.00|I I 
00:50-Fri-Mar-17-2017 PM2.5 |   7.27 |   7.34 |   0.00 |  2000.00|I I 
00:51-Fri-Mar-17-2017 PM10  |  15.27 |  15.48 |   0.00 |  2000.00|I I 
00:51-Fri-Mar-17-2017 PM2.5 |   7.45 |   7.34 |   0.00 |  2000.00|I I 
00:55-Fri-Mar-17-2017 PM10  |  13.48 |  15.39 |   0.00 |  2000.00|I I 
00:55-Fri-Mar-17-2017 PM2.5 |   7.45 |   7.35 |   0.00 |  2000.00|I I 
00:56-Fri-Mar-17-2017 PM10  |  14.88 |  15.37 |   0.00 |  2000.00|I I 
00:56-Fri-Mar-17-2017 PM2.5 |   7.29 |   7.34 |   0.00 |  2000.00|I I 
01:00-Fri-Mar-17-2017 PM10  |  15.50 |  15.37 |  15.37 |  15.37 |I I 
01:00-Fri-Mar-17-2017 PM2.5 |   7.84 |   7.36 |   7.36 |   7.36 |I I 
01:01-Fri-Mar-17-2017 PM10  |  16.35 |  16.35 |  15.37 |  15.37 |I I 
01:01-Fri-Mar-17-2017 PM2.5 |   6.82 |   6.82 |   7.36 |   7.36 |I I 
01:05-Fri-Mar-17-2017 PM10  |  13.19 |  14.77 |  15.37 |  15.37 |I I 
01:05-Fri-Mar-17-2017 PM2.5 |   7.45 |   7.13 |   7.36 |   7.36 |I I 
01:06-Fri-Mar-17-2017 PM10  |  12.46 |  14.00 |  15.37 |  15.37 |I I 
01:06-Fri-Mar-17-2017 PM2.5 |   6.89 |   7.05 |   7.36 |   7.36 |I I 
01:10-Fri-Mar-17-2017 PM10  |  14.16 |  14.04 |  15.37 |  15.37 |I I 
01:10-Fri-Mar-17-2017 PM2.5 |   7.37 |   7.13 |   7.36 |   7.36 |I I 
01:11-Fri-Mar-17-2017 PM10  |  12.82 |  13.79 |  15.37 |  15.37 |I I 
01:11-Fri-Mar-17-2017 PM2.5 |   6.64 |   7.04 |   7.36 |   7.36 |I I 
01:15-Fri-Mar-17-2017 PM10  |  11.49 |  13.41 |  15.37 |  15.37 |I I 
01:15-Fri-Mar-17-2017 PM2.5 |   7.16 |   7.06 |   7.36 |   7.36 |I I 
01:16-Fri-Mar-17-2017 PM10  |  11.49 |  13.13 |  15.37 |  15.37 |I I 
01:16-Fri-Mar-17-2017 PM2.5 |   7.16 |   7.07 |   7.36 |   7.36 |I I 
01:17-Fri-Mar-17-2017 PM10  |  12.63 |  13.07 |  15.37 |  15.37 |I I 
01:17-Fri-Mar-17-2017 PM2.5 |   6.93 |   7.05 |   7.36 |   7.36 |I I 
01:21-Fri-Mar-17-2017 PM10  |  14.75 |  13.26 |  15.37 |  15.37 |I I 
01:21-Fri-Mar-17-2017 PM2.5 |   7.28 |   7.08 |   7.36 |   7.36 |I I 
01:22-Fri-Mar-17-2017 PM10  |  12.86 |  13.22 |  15.37 |  15.37 |I I 
01:22-Fri-Mar-17-2017 PM2.5 |   7.09 |   7.08 |   7.36 |   7.36 |I I 
01:26-Fri-Mar-17-2017 PM10  |  14.28 |  13.31 |  15.37 |  15.37 |I I 
01:26-Fri-Mar-17-2017 PM2.5 |   7.44 |   7.11 |   7.36 |   7.36 |I I 
01:27-Fri-Mar-17-2017 PM10  |  13.50 |  13.33 |  15.37 |  15.37 |I I 
01:27-Fri-Mar-17-2017 PM2.5 |   6.92 |   7.10 |   7.36 |   7.36 |I I 
01:31-Fri-Mar-17-2017 PM10  |  14.79 |  13.44 |  15.37 |  15.37 |I I 
01:31-Fri-Mar-17-2017 PM2.5 |   7.36 |   7.12 |   7.36 |   7.36 |I I 
01:32-Fri-Mar-17-2017 PM10  |  14.99 |  13.55 |  15.37 |  15.37 |I I 
01:32-Fri-Mar-17-2017 PM2.5 |   7.34 |   7.13 |   7.36 |   7.36 |I I 
01:36-Fri-Mar-17-2017 PM10  |  12.11 |  13.46 |  15.37 |  15.37 |I I 
01:36-Fri-Mar-17-2017 PM2.5 |   6.79 |   7.11 |   7.36 |   7.36 |I I 
01:37-Fri-Mar-17-2017 PM10  |  14.74 |  13.54 |  15.37 |  15.37 |I I 
01:37-Fri-Mar-17-2017 PM2.5 |   6.82 |   7.09 |   7.36 |   7.36 |I I 
01:41-Fri-Mar-17-2017 PM10  |  16.61 |  13.72 |  15.37 |  15.37 |I I 
01:41-Fri-Mar-17-2017 PM2.5 |   7.34 |   7.11 |   7.36 |   7.36 |I I 
01:42-Fri-Mar-17-2017 PM10  |  16.61 |  13.88 |  15.37 |  15.37 |I I 
01:42-Fri-Mar-17-2017 PM2.5 |   7.34 |   7.12 |   7.36 |   7.36 |I I 
01:43-Fri-Mar-17-2017 PM10  |  15.43 |  13.96 |  15.37 |  15.37 |I I 
01:43-Fri-Mar-17-2017 PM2.5 |   6.84 |   7.10 |   7.36 |   7.36 |I I 
01:47-Fri-Mar-17-2017 PM10  |  11.53 |  13.84 |  15.37 |  15.37 |B I 
01:47-Fri-Mar-17-2017 PM2.5 |   6.42 |   7.07 |   7.36 |   7.36 |B I 
01:48-Fri-Mar-17-2017recover dati per host :salvatorehost.no-ip.org/aria
01:48-Fri-Mar-17-2017 PM10  |  12.56 |  13.78 |  15.37 |  15.37 |I I 
01:48-Fri-Mar-17-2017 PM2.5 |   6.62 |   7.05 |   7.36 |   7.36 |I I 
01:52-Fri-Mar-17-2017 PM10  |  12.85 |  13.74 |  15.37 |  15.37 |I I 
01:52-Fri-Mar-17-2017 PM2.5 |   7.11 |   7.05 |   7.36 |   7.36 |I I 
01:53-Fri-Mar-17-2017 PM10  |  11.85 |  13.65 |  15.37 |  15.37 |I I 
01:53-Fri-Mar-17-2017 PM2.5 |   6.03 |   7.01 |   7.36 |   7.36 |I I 
01:57-Fri-Mar-17-2017 PM10  |  12.23 |  13.59 |  15.37 |  15.37 |I I 
01:57-Fri-Mar-17-2017 PM2.5 |   6.77 |   7.00 |   7.36 |   7.36 |I I 
01:58-Fri-Mar-17-2017 PM10  |  15.67 |  13.68 |  15.37 |  15.37 |I I 
01:58-Fri-Mar-17-2017 PM2.5 |   7.24 |   7.01 |   7.36 |   7.36 |I I 
02:02-Fri-Mar-17-2017 PM10  |  12.91 |  13.65 |  15.37 |  13.65 |I I 
02:02-Fri-Mar-17-2017 PM2.5 |   6.69 |   7.00 |   7.36 |   7.00 |I I 
02:03-Fri-Mar-17-2017 PM10  |  12.51 |  12.51 |  15.37 |  13.65 |I I 
02:03-Fri-Mar-17-2017 PM2.5 |   6.60 |   6.60 |   7.36 |   7.00 |I I 
02:07-Fri-Mar-17-2017 PM10  |  11.34 |  11.92 |  15.37 |  13.65 |I I 
02:07-Fri-Mar-17-2017 PM2.5 |   6.81 |   6.70 |   7.36 |   7.00 |I I 
02:08-Fri-Mar-17-2017 PM10  |  11.34 |  11.73 |  15.37 |  13.65 |I I 
02:08-Fri-Mar-17-2017 PM2.5 |   6.81 |   6.74 |   7.36 |   7.00 |I I 
02:09-Fri-Mar-17-2017 PM10  |  13.30 |  12.12 |  15.37 |  13.65 |I I 
02:09-Fri-Mar-17-2017 PM2.5 |   6.82 |   6.76 |   7.36 |   7.00 |I I 
02:13-Fri-Mar-17-2017 PM10  |  12.92 |  12.28 |  15.37 |  13.65 |I I 
02:13-Fri-Mar-17-2017 PM2.5 |   6.74 |   6.76 |   7.36 |   7.00 |I I 
02:14-Fri-Mar-17-2017 PM10  |  11.97 |  12.23 |  15.37 |  13.65 |I I 
02:14-Fri-Mar-17-2017 PM2.5 |   6.49 |   6.71 |   7.36 |   7.00 |I I 
02:18-Fri-Mar-17-2017 PM10  |  12.74 |  12.30 |  15.37 |  13.65 |I I 
02:18-Fri-Mar-17-2017 PM2.5 |   6.88 |   6.74 |   7.36 |   7.00 |I I 
02:19-Fri-Mar-17-2017 PM10  |  13.43 |  12.44 |  15.37 |  13.65 |I I 
02:19-Fri-Mar-17-2017 PM2.5 |   6.87 |   6.75 |   7.36 |   7.00 |I I 
02:23-Fri-Mar-17-2017 PM10  |  11.62 |  12.35 |  15.37 |  13.65 |I I 
02:23-Fri-Mar-17-2017 PM2.5 |   6.69 |   6.75 |   7.36 |   7.00 |I I 
02:24-Fri-Mar-17-2017 PM10  |  12.12 |  12.33 |  15.37 |  13.65 |I I 
02:24-Fri-Mar-17-2017 PM2.5 |   6.33 |   6.71 |   7.36 |   7.00 |I I 
02:28-Fri-Mar-17-2017 PM10  |  10.85 |  12.19 |  15.37 |  13.65 |I I 
02:28-Fri-Mar-17-2017 PM2.5 |   6.74 |   6.71 |   7.36 |   7.00 |I I 
02:29-Fri-Mar-17-2017 PM10  |  14.05 |  12.35 |  15.37 |  13.65 |I I 
02:29-Fri-Mar-17-2017 PM2.5 |   6.72 |   6.71 |   7.36 |   7.00 |I I 
02:33-Fri-Mar-17-2017 PM10  |  11.85 |  12.31 |  15.37 |  13.65 |I I 
02:33-Fri-Mar-17-2017 PM2.5 |   6.92 |   6.73 |   7.36 |   7.00 |I I 
02:34-Fri-Mar-17-2017 PM10  |  11.85 |  12.28 |  15.37 |  13.65 |I I 
02:34-Fri-Mar-17-2017 PM2.5 |   6.92 |   6.74 |   7.36 |   7.00 |I I 
02:35-Fri-Mar-17-2017 PM10  |  13.48 |  12.36 |  15.37 |  13.65 |I I 
02:35-Fri-Mar-17-2017 PM2.5 |   6.89 |   6.75 |   7.36 |   7.00 |I I 
02:39-Fri-Mar-17-2017 PM10  |  12.29 |  12.35 |  15.37 |  13.65 |I I 
02:39-Fri-Mar-17-2017 PM2.5 |   6.71 |   6.75 |   7.36 |   7.00 |I I 
02:40-Fri-Mar-17-2017 PM10  |  11.65 |  12.31 |  15.37 |  13.65 |I I 
02:40-Fri-Mar-17-2017 PM2.5 |   6.42 |   6.73 |   7.36 |   7.00 |I I 
02:44-Fri-Mar-17-2017 PM10  |  12.69 |  12.33 |  15.37 |  13.65 |I I 
02:44-Fri-Mar-17-2017 PM2.5 |   6.92 |   6.74 |   7.36 |   7.00 |I I 
02:45-Fri-Mar-17-2017 PM10  |  10.58 |  12.24 |  15.37 |  13.65 |I I 
02:45-Fri-Mar-17-2017 PM2.5 |   6.46 |   6.72 |   7.36 |   7.00 |I I 
02:49-Fri-Mar-17-2017 PM10  |  13.67 |  12.31 |  15.37 |  13.65 |I I 
02:49-Fri-Mar-17-2017 PM2.5 |   6.91 |   6.73 |   7.36 |   7.00 |I I 
02:50-Fri-Mar-17-2017 PM10  |  12.90 |  12.34 |  15.37 |  13.65 |I I 
02:50-Fri-Mar-17-2017 PM2.5 |   6.85 |   6.74 |   7.36 |   7.00 |I I 
02:54-Fri-Mar-17-2017 PM10  |  13.73 |  12.40 |  15.37 |  13.65 |I I 
02:54-Fri-Mar-17-2017 PM2.5 |   7.20 |   6.76 |   7.36 |   7.00 |I I 
02:55-Fri-Mar-17-2017 PM10  |  11.16 |  12.35 |  15.37 |  13.65 |I I 
02:55-Fri-Mar-17-2017 PM2.5 |   6.83 |   6.76 |   7.36 |   7.00 |I I 
02:59-Fri-Mar-17-2017 PM10  |  11.89 |  12.33 |  15.37 |  13.65 |I I 
02:59-Fri-Mar-17-2017 PM2.5 |   6.60 |   6.76 |   7.36 |   7.00 |I I 
03:00-Fri-Mar-17-2017 PM10  |  11.89 |  12.31 |  15.37 |  12.31 |I I 
03:00-Fri-Mar-17-2017 PM2.5 |   6.60 |   6.75 |   7.36 |   6.75 |I I 
03:01-Fri-Mar-17-2017 PM10  |  13.87 |  13.87 |  15.37 |  12.31 |I I 
03:01-Fri-Mar-17-2017 PM2.5 |   6.89 |   6.89 |   7.36 |   6.75 |I I 
03:05-Fri-Mar-17-2017 PM10  |  12.28 |  13.07 |  15.37 |  12.31 |I I 
03:05-Fri-Mar-17-2017 PM2.5 |   6.85 |   6.87 |   7.36 |   6.75 |I I 
03:06-Fri-Mar-17-2017 PM10  |  12.05 |  12.73 |  15.37 |  12.31 |I I 
03:06-Fri-Mar-17-2017 PM2.5 |   6.40 |   6.71 |   7.36 |   6.75 |I I 
03:10-Fri-Mar-17-2017 PM10  |  11.33 |  12.38 |  15.37 |  12.31 |I I 
03:10-Fri-Mar-17-2017 PM2.5 |   6.67 |   6.70 |   7.36 |   6.75 |I I 
03:11-Fri-Mar-17-2017 PM10  |  11.50 |  12.21 |  15.37 |  12.31 |I I 
03:11-Fri-Mar-17-2017 PM2.5 |   6.52 |   6.67 |   7.36 |   6.75 |I I 
03:15-Fri-Mar-17-2017 PM10  |  16.41 |  12.91 |  15.37 |  12.31 |I I 
03:15-Fri-Mar-17-2017 PM2.5 |   6.75 |   6.68 |   7.36 |   6.75 |I I 
03:16-Fri-Mar-17-2017 PM10  |  11.94 |  12.77 |  15.37 |  12.31 |I I 
03:16-Fri-Mar-17-2017 PM2.5 |   6.42 |   6.64 |   7.36 |   6.75 |I I 
03:20-Fri-Mar-17-2017 PM10  |  10.31 |  12.46 |  15.37 |  12.31 |I I 
03:20-Fri-Mar-17-2017 PM2.5 |   6.43 |   6.62 |   7.36 |   6.75 |I I 
03:21-Fri-Mar-17-2017 PM10  |  11.65 |  12.37 |  15.37 |  12.31 |I I 
03:21-Fri-Mar-17-2017 PM2.5 |   6.44 |   6.60 |   7.36 |   6.75 |I I 
03:25-Fri-Mar-17-2017 PM10  |  12.56 |  12.39 |  15.37 |  12.31 |I I 
03:25-Fri-Mar-17-2017 PM2.5 |   6.71 |   6.61 |   7.36 |   6.75 |I I 
03:27-Fri-Mar-17-2017 PM10  |  12.56 |  12.41 |  15.37 |  12.31 |I I 
03:27-Fri-Mar-17-2017 PM2.5 |   6.71 |   6.62 |   7.36 |   6.75 |I I 
03:28-Fri-Mar-17-2017 PM10  |   9.96 |  12.20 |  15.37 |  12.31 |I I 
03:28-Fri-Mar-17-2017 PM2.5 |   6.32 |   6.59 |   7.36 |   6.75 |I I 
03:32-Fri-Mar-17-2017 PM10  |  11.15 |  12.12 |  15.37 |  12.31 |I I 
03:32-Fri-Mar-17-2017 PM2.5 |   6.45 |   6.58 |   7.36 |   6.75 |I I 
03:33-Fri-Mar-17-2017 PM10  |  12.59 |  12.16 |  15.37 |  12.31 |I I 
03:33-Fri-Mar-17-2017 PM2.5 |   6.67 |   6.59 |   7.36 |   6.75 |I I 
03:37-Fri-Mar-17-2017 PM10  |  11.02 |  12.08 |  15.37 |  12.31 |I I 
03:37-Fri-Mar-17-2017 PM2.5 |   6.51 |   6.58 |   7.36 |   6.75 |I I 
03:38-Fri-Mar-17-2017 PM10  |  11.34 |  12.03 |  15.37 |  12.31 |I I 
03:38-Fri-Mar-17-2017 PM2.5 |   6.57 |   6.58 |   7.36 |   6.75 |I I 
03:42-Fri-Mar-17-2017 PM10  |  11.43 |  12.00 |  15.37 |  12.31 |I I 
03:42-Fri-Mar-17-2017 PM2.5 |   6.57 |   6.58 |   7.36 |   6.75 |I I 
03:43-Fri-Mar-17-2017 PM10  |  11.96 |  12.00 |  15.37 |  12.31 |I I 
03:43-Fri-Mar-17-2017 PM2.5 |   6.52 |   6.58 |   7.36 |   6.75 |I I 
03:47-Fri-Mar-17-2017 PM10  |  11.85 |  11.99 |  15.37 |  12.31 |I I 
03:47-Fri-Mar-17-2017 PM2.5 |   6.66 |   6.58 |   7.36 |   6.75 |I I 
03:48-Fri-Mar-17-2017 PM10  |  11.37 |  11.96 |  15.37 |  12.31 |I I 
03:48-Fri-Mar-17-2017 PM2.5 |   6.75 |   6.59 |   7.36 |   6.75 |I I 
03:52-Fri-Mar-17-2017 PM10  |  11.19 |  11.92 |  15.37 |  12.31 |I I 
03:52-Fri-Mar-17-2017 PM2.5 |   6.32 |   6.58 |   7.36 |   6.75 |I I 
03:53-Fri-Mar-17-2017 PM10  |  11.19 |  11.89 |  15.37 |  12.31 |I I 
03:53-Fri-Mar-17-2017 PM2.5 |   6.32 |   6.57 |   7.36 |   6.75 |I I 
03:54-Fri-Mar-17-2017 PM10  |  10.99 |  11.85 |  15.37 |  12.31 |I I 
03:54-Fri-Mar-17-2017 PM2.5 |   6.48 |   6.56 |   7.36 |   6.75 |I I 
03:58-Fri-Mar-17-2017 PM10  |  10.34 |  11.78 |  15.37 |  12.31 |I I 
03:58-Fri-Mar-17-2017 PM2.5 |   6.37 |   6.55 |   7.36 |   6.75 |I I 
03:59-Fri-Mar-17-2017 PM10  |  12.01 |  11.79 |  15.37 |  12.31 |I I 
03:59-Fri-Mar-17-2017 PM2.5 |   6.66 |   6.56 |   7.36 |   6.75 |I I 
04:03-Fri-Mar-17-2017 PM10  |  12.58 |  11.82 |  15.37 |  11.82 |I I 
04:03-Fri-Mar-17-2017 PM2.5 |   6.70 |   6.56 |   7.36 |   6.56 |I I 
04:04-Fri-Mar-17-2017 PM10  |  10.69 |  10.69 |  15.37 |  11.82 |I I 
04:04-Fri-Mar-17-2017 PM2.5 |   6.41 |   6.41 |   7.36 |   6.56 |I I 
04:08-Fri-Mar-17-2017 PM10  |  11.79 |  11.24 |  15.37 |  11.82 |I I 
04:08-Fri-Mar-17-2017 PM2.5 |   6.46 |   6.43 |   7.36 |   6.56 |I I 
04:09-Fri-Mar-17-2017 PM10  |  10.07 |  10.85 |  15.37 |  11.82 |I I 
04:09-Fri-Mar-17-2017 PM2.5 |   6.30 |   6.39 |   7.36 |   6.56 |I I 
04:13-Fri-Mar-17-2017 PM10  |  13.28 |  11.46 |  15.37 |  11.82 |I I 
04:13-Fri-Mar-17-2017 PM2.5 |   6.51 |   6.42 |   7.36 |   6.56 |I I 
04:14-Fri-Mar-17-2017 PM10  |  12.35 |  11.64 |  15.37 |  11.82 |I I 
04:14-Fri-Mar-17-2017 PM2.5 |   6.43 |   6.42 |   7.36 |   6.56 |I I 
04:18-Fri-Mar-17-2017 PM10  |  12.16 |  11.72 |  15.37 |  11.82 |I I 
04:18-Fri-Mar-17-2017 PM2.5 |   6.38 |   6.41 |   7.36 |   6.56 |I I 
04:19-Fri-Mar-17-2017 PM10  |  13.78 |  12.02 |  15.37 |  11.82 |I I 
04:19-Fri-Mar-17-2017 PM2.5 |   6.30 |   6.40 |   7.36 |   6.56 |I I 
04:20-Fri-Mar-17-2017 PM10  |  13.78 |  12.24 |  15.37 |  11.82 |I I 
04:20-Fri-Mar-17-2017 PM2.5 |   6.30 |   6.38 |   7.36 |   6.56 |I I 
04:24-Fri-Mar-17-2017 PM10  |  11.54 |  12.16 |  15.37 |  11.82 |I I 
04:24-Fri-Mar-17-2017 PM2.5 |   6.37 |   6.38 |   7.36 |   6.56 |I I 
04:25-Fri-Mar-17-2017 PM10  |  11.23 |  12.07 |  15.37 |  11.82 |I I 
04:25-Fri-Mar-17-2017 PM2.5 |   6.28 |   6.37 |   7.36 |   6.56 |I I 
04:29-Fri-Mar-17-2017 PM10  |  10.17 |  11.89 |  15.37 |  11.82 |I I 
04:29-Fri-Mar-17-2017 PM2.5 |   6.31 |   6.37 |   7.36 |   6.56 |I I 
04:30-Fri-Mar-17-2017 PM10  |  10.35 |  11.77 |  15.37 |  11.82 |I I 
04:30-Fri-Mar-17-2017 PM2.5 |   6.04 |   6.34 |   7.36 |   6.56 |I I 
04:34-Fri-Mar-17-2017 PM10  |  11.73 |  11.76 |  15.37 |  11.82 |I I 
04:34-Fri-Mar-17-2017 PM2.5 |   6.13 |   6.32 |   7.36 |   6.56 |I I 
04:35-Fri-Mar-17-2017 PM10  |  12.66 |  11.83 |  15.37 |  11.82 |I I 
04:35-Fri-Mar-17-2017 PM2.5 |   6.48 |   6.33 |   7.36 |   6.56 |I I 
04:39-Fri-Mar-17-2017 PM10  |  11.78 |  11.82 |  15.37 |  11.82 |I I 
04:39-Fri-Mar-17-2017 PM2.5 |   6.84 |   6.37 |   7.36 |   6.56 |I I 
04:40-Fri-Mar-17-2017 PM10  |  13.42 |  11.92 |  15.37 |  11.82 |I I 
04:40-Fri-Mar-17-2017 PM2.5 |   6.10 |   6.35 |   7.36 |   6.56 |I I 
04:44-Fri-Mar-17-2017 PM10  |  11.50 |  11.90 |  15.37 |  11.82 |I I 
04:44-Fri-Mar-17-2017 PM2.5 |   6.46 |   6.36 |   7.36 |   6.56 |I I 
04:45-Fri-Mar-17-2017 PM10  |  11.24 |  11.86 |  15.37 |  11.82 |I I 
04:45-Fri-Mar-17-2017 PM2.5 |   6.42 |   6.36 |   7.36 |   6.56 |I I 
04:46-Fri-Mar-17-2017 PM10  |  11.24 |  11.83 |  15.37 |  11.82 |I I 
04:46-Fri-Mar-17-2017 PM2.5 |   6.42 |   6.36 |   7.36 |   6.56 |I I 
04:50-Fri-Mar-17-2017 PM10  |  10.00 |  11.74 |  15.37 |  11.82 |I I 
04:50-Fri-Mar-17-2017 PM2.5 |   6.57 |   6.37 |   7.36 |   6.56 |I I 
04:51-Fri-Mar-17-2017 PM10  |  10.95 |  11.70 |  15.37 |  11.82 |I I 
04:51-Fri-Mar-17-2017 PM2.5 |   6.30 |   6.37 |   7.36 |   6.56 |I I 
04:55-Fri-Mar-17-2017 PM10  |  10.16 |  11.63 |  15.37 |  11.82 |I I 
04:55-Fri-Mar-17-2017 PM2.5 |   6.05 |   6.36 |   7.36 |   6.56 |I I 
04:56-Fri-Mar-17-2017 PM10  |  10.51 |  11.58 |  15.37 |  11.82 |I I 
04:56-Fri-Mar-17-2017 PM2.5 |   5.85 |   6.33 |   7.36 |   6.56 |I I 
05:00-Fri-Mar-17-2017 PM10  |  10.61 |  11.54 |  15.37 |  11.54 |I I 
05:00-Fri-Mar-17-2017 PM2.5 |   6.10 |   6.32 |   7.36 |   6.32 |I I 
05:01-Fri-Mar-17-2017 PM10  |  11.47 |  11.47 |  15.37 |  11.54 |I I 
05:01-Fri-Mar-17-2017 PM2.5 |   6.33 |   6.33 |   7.36 |   6.32 |I I 
05:05-Fri-Mar-17-2017 PM10  |   9.27 |  10.37 |  15.37 |  11.54 |I I 
05:05-Fri-Mar-17-2017 PM2.5 |   6.03 |   6.18 |   7.36 |   6.32 |I I 
05:06-Fri-Mar-17-2017 PM10  |  12.46 |  11.07 |  15.37 |  11.54 |I I 
05:06-Fri-Mar-17-2017 PM2.5 |   6.34 |   6.23 |   7.36 |   6.32 |I I 
05:10-Fri-Mar-17-2017 PM10  |  12.13 |  11.33 |  15.37 |  11.54 |I I 
05:10-Fri-Mar-17-2017 PM2.5 |   6.64 |   6.33 |   7.36 |   6.32 |I I 
05:11-Fri-Mar-17-2017 PM10  |  12.18 |  11.50 |  15.37 |  11.54 |I I 
05:11-Fri-Mar-17-2017 PM2.5 |   6.03 |   6.27 |   7.36 |   6.32 |I I 
05:12-Fri-Mar-17-2017 PM10  |  12.18 |  11.62 |  15.37 |  11.54 |I I 
05:12-Fri-Mar-17-2017 PM2.5 |   6.03 |   6.23 |   7.36 |   6.32 |I I 
05:16-Fri-Mar-17-2017 PM10  |  11.15 |  11.55 |  15.37 |  11.54 |I I 
05:16-Fri-Mar-17-2017 PM2.5 |   6.38 |   6.25 |   7.36 |   6.32 |I I 
05:17-Fri-Mar-17-2017 PM10  |  12.50 |  11.67 |  15.37 |  11.54 |I I 
05:17-Fri-Mar-17-2017 PM2.5 |   6.04 |   6.23 |   7.36 |   6.32 |I I 
05:21-Fri-Mar-17-2017 PM10  |  10.66 |  11.56 |  15.37 |  11.54 |I I 
05:21-Fri-Mar-17-2017 PM2.5 |   6.37 |   6.24 |   7.36 |   6.32 |I I 
05:22-Fri-Mar-17-2017 PM10  |  11.00 |  11.50 |  15.37 |  11.54 |I I 
05:22-Fri-Mar-17-2017 PM2.5 |   6.17 |   6.24 |   7.36 |   6.32 |I I 
05:26-Fri-Mar-17-2017 PM10  |  11.98 |  11.54 |  15.37 |  11.54 |I I 
05:26-Fri-Mar-17-2017 PM2.5 |   6.15 |   6.23 |   7.36 |   6.32 |I I 
05:27-Fri-Mar-17-2017 PM10  |  13.20 |  11.68 |  15.37 |  11.54 |I I 
05:27-Fri-Mar-17-2017 PM2.5 |   6.47 |   6.25 |   7.36 |   6.32 |I I 
05:31-Fri-Mar-17-2017 PM10  |  12.50 |  11.74 |  15.37 |  11.54 |I I 
05:31-Fri-Mar-17-2017 PM2.5 |   6.29 |   6.25 |   7.36 |   6.32 |I I 
05:32-Fri-Mar-17-2017 PM10  |  11.28 |  11.71 |  15.37 |  11.54 |I I 
05:32-Fri-Mar-17-2017 PM2.5 |   6.28 |   6.25 |   7.36 |   6.32 |I I 
05:36-Fri-Mar-17-2017 PM10  |  10.96 |  11.66 |  15.37 |  11.54 |I I 
05:36-Fri-Mar-17-2017 PM2.5 |   6.30 |   6.26 |   7.36 |   6.32 |I I 
05:37-Fri-Mar-17-2017 PM10  |  12.14 |  11.69 |  15.37 |  11.54 |I I 
05:37-Fri-Mar-17-2017 PM2.5 |   5.91 |   6.23 |   7.36 |   6.32 |I I 
05:38-Fri-Mar-17-2017 PM10  |  12.14 |  11.72 |  15.37 |  11.54 |I I 
05:38-Fri-Mar-17-2017 PM2.5 |   5.91 |   6.22 |   7.36 |   6.32 |I I 
05:42-Fri-Mar-17-2017 PM10  |  13.62 |  11.82 |  15.37 |  11.54 |I I 
05:42-Fri-Mar-17-2017 PM2.5 |   6.46 |   6.23 |   7.36 |   6.32 |I I 
05:43-Fri-Mar-17-2017 PM10  |  11.46 |  11.80 |  15.37 |  11.54 |I I 
05:43-Fri-Mar-17-2017 PM2.5 |   6.45 |   6.24 |   7.36 |   6.32 |I I 
05:47-Fri-Mar-17-2017 PM10  |  10.48 |  11.74 |  15.37 |  11.54 |I I 
05:47-Fri-Mar-17-2017 PM2.5 |   6.59 |   6.26 |   7.36 |   6.32 |I I 
05:48-Fri-Mar-17-2017 PM10  |  11.38 |  11.72 |  15.37 |  11.54 |I I 
05:48-Fri-Mar-17-2017 PM2.5 |   6.08 |   6.25 |   7.36 |   6.32 |I I 
05:52-Fri-Mar-17-2017 PM10  |  10.12 |  11.65 |  15.37 |  11.54 |I I 
05:52-Fri-Mar-17-2017 PM2.5 |   5.91 |   6.23 |   7.36 |   6.32 |I I 
05:53-Fri-Mar-17-2017 PM10  |  12.03 |  11.66 |  15.37 |  11.54 |I I 
05:53-Fri-Mar-17-2017 PM2.5 |   6.46 |   6.24 |   7.36 |   6.32 |I I 
05:57-Fri-Mar-17-2017 PM10  |  10.61 |  11.62 |  15.37 |  11.54 |I I 
05:57-Fri-Mar-17-2017 PM2.5 |   6.32 |   6.25 |   7.36 |   6.32 |I I 
05:58-Fri-Mar-17-2017 PM10  |  12.37 |  11.65 |  15.37 |  11.54 |I I 
05:58-Fri-Mar-17-2017 PM2.5 |   6.75 |   6.27 |   7.36 |   6.32 |I I 
06:02-Fri-Mar-17-2017 PM10  |  11.36 |  11.64 |  15.37 |  11.54 |I I 
06:02-Fri-Mar-17-2017 PM2.5 |   6.52 |   6.28 |   7.36 |   6.28 |I I 
06:03-Fri-Mar-17-2017 PM10  |   9.36 |   9.36 |  15.37 |  11.54 |I I 
06:03-Fri-Mar-17-2017 PM2.5 |   6.14 |   6.14 |   7.36 |   6.28 |I I 
06:04-Fri-Mar-17-2017 PM10  |   9.36 |   9.36 |  15.37 |  11.54 |I I 
06:04-Fri-Mar-17-2017 PM2.5 |   6.14 |   6.14 |   7.36 |   6.28 |I I 
06:08-Fri-Mar-17-2017 PM10  |  10.59 |   9.77 |  15.37 |  11.54 |I I 
06:08-Fri-Mar-17-2017 PM2.5 |   6.50 |   6.26 |   7.36 |   6.28 |I I 
06:09-Fri-Mar-17-2017 PM10  |  10.24 |   9.89 |  15.37 |  11.54 |I I 
06:09-Fri-Mar-17-2017 PM2.5 |   6.20 |   6.25 |   7.36 |   6.28 |I I 
06:13-Fri-Mar-17-2017 PM10  |  10.70 |  10.05 |  15.37 |  11.54 |I I 
06:13-Fri-Mar-17-2017 PM2.5 |   6.49 |   6.29 |   7.36 |   6.28 |I I 
06:14-Fri-Mar-17-2017 PM10  |  11.48 |  10.29 |  15.37 |  11.54 |I I 
06:14-Fri-Mar-17-2017 PM2.5 |   6.47 |   6.32 |   7.36 |   6.28 |I I 
06:18-Fri-Mar-17-2017 PM10  |  11.50 |  10.46 |  15.37 |  11.54 |I I 
06:18-Fri-Mar-17-2017 PM2.5 |   6.87 |   6.40 |   7.36 |   6.28 |I I 
06:19-Fri-Mar-17-2017 PM10  |  10.42 |  10.46 |  15.37 |  11.54 |I I 
06:19-Fri-Mar-17-2017 PM2.5 |   6.63 |   6.43 |   7.36 |   6.28 |I I 
06:24-Fri-Mar-17-2017 PM10  |  12.17 |  10.65 |  15.37 |  11.54 |I I 
06:24-Fri-Mar-17-2017 PM2.5 |   6.65 |   6.45 |   7.36 |   6.28 |I I 
06:25-Fri-Mar-17-2017 PM10  |  12.60 |  10.84 |  15.37 |  11.54 |I I 
06:25-Fri-Mar-17-2017 PM2.5 |   6.43 |   6.45 |   7.36 |   6.28 |I I 
06:29-Fri-Mar-17-2017 PM10  |  10.63 |  10.82 |  15.37 |  11.54 |I I 
06:29-Fri-Mar-17-2017 PM2.5 |   6.87 |   6.49 |   7.36 |   6.28 |I I 
06:30-Fri-Mar-17-2017 PM10  |  10.98 |  10.84 |  15.37 |  11.54 |I I 
06:30-Fri-Mar-17-2017 PM2.5 |   6.74 |   6.51 |   7.36 |   6.28 |I I 
06:31-Fri-Mar-17-2017 PM10  |  10.98 |  10.85 |  15.37 |  11.54 |I I 
06:31-Fri-Mar-17-2017 PM2.5 |   6.74 |   6.53 |   7.36 |   6.28 |I I 
06:35-Fri-Mar-17-2017 PM10  |  12.73 |  10.98 |  15.37 |  11.54 |I I 
06:35-Fri-Mar-17-2017 PM2.5 |   7.10 |   6.57 |   7.36 |   6.28 |I I 
06:36-Fri-Mar-17-2017 PM10  |  12.45 |  11.08 |  15.37 |  11.54 |I I 
06:36-Fri-Mar-17-2017 PM2.5 |   6.66 |   6.57 |   7.36 |   6.28 |I I 
06:40-Fri-Mar-17-2017 PM10  |  12.38 |  11.16 |  15.37 |  11.54 |I I 
06:40-Fri-Mar-17-2017 PM2.5 |   6.59 |   6.58 |   7.36 |   6.28 |I I 
06:41-Fri-Mar-17-2017 PM10  |  12.47 |  11.24 |  15.37 |  11.54 |I I 
06:41-Fri-Mar-17-2017 PM2.5 |   6.84 |   6.59 |   7.36 |   6.28 |I I 
06:45-Fri-Mar-17-2017 PM10  |  11.42 |  11.25 |  15.37 |  11.54 |I I 
06:45-Fri-Mar-17-2017 PM2.5 |   6.93 |   6.61 |   7.36 |   6.28 |I I 
06:46-Fri-Mar-17-2017 PM10  |  11.17 |  11.24 |  15.37 |  11.54 |I I 
06:46-Fri-Mar-17-2017 PM2.5 |   6.52 |   6.61 |   7.36 |   6.28 |I I 
06:50-Fri-Mar-17-2017 PM10  |  14.60 |  11.41 |  15.37 |  11.54 |I I 
06:50-Fri-Mar-17-2017 PM2.5 |   7.62 |   6.66 |   7.36 |   6.28 |I I 
06:51-Fri-Mar-17-2017 PM10  |  13.13 |  11.49 |  15.37 |  11.54 |I I 
06:51-Fri-Mar-17-2017 PM2.5 |   7.34 |   6.69 |   7.36 |   6.28 |I I 
06:55-Fri-Mar-17-2017 PM10  |  12.58 |  11.54 |  15.37 |  11.54 |I I 
06:55-Fri-Mar-17-2017 PM2.5 |   7.29 |   6.72 |   7.36 |   6.28 |I I 
06:56-Fri-Mar-17-2017 PM10  |  14.78 |  11.68 |  15.37 |  11.54 |I I 
06:56-Fri-Mar-17-2017 PM2.5 |   7.20 |   6.74 |   7.36 |   6.28 |I I 
06:57-Fri-Mar-17-2017 PM10  |  14.78 |  11.81 |  15.37 |  11.54 |I I 
06:57-Fri-Mar-17-2017 PM2.5 |   7.20 |   6.76 |   7.36 |   6.28 |I I 
07:01-Fri-Mar-17-2017 PM10  |  13.44 |  11.88 |  15.37 |  11.54 |I I 
07:01-Fri-Mar-17-2017 PM2.5 |   7.41 |   6.78 |   7.36 |   6.28 |I I 
07:02-Fri-Mar-17-2017 PM10  |  12.92 |  12.92 |  15.37 |  11.54 |I I 
07:02-Fri-Mar-17-2017 PM2.5 |   7.00 |   7.00 |   7.36 |   6.28 |I I 
07:06-Fri-Mar-17-2017 PM10  |  13.22 |  13.07 |  15.37 |  11.54 |I I 
07:06-Fri-Mar-17-2017 PM2.5 |   7.37 |   7.18 |   7.36 |   6.28 |I I 
07:07-Fri-Mar-17-2017 PM10  |  15.72 |  13.95 |  15.37 |  11.54 |I I 
07:07-Fri-Mar-17-2017 PM2.5 |   7.14 |   7.17 |   7.36 |   6.28 |I I 
07:11-Fri-Mar-17-2017 PM10  |  17.96 |  14.96 |  15.37 |  11.54 |I I 
07:11-Fri-Mar-17-2017 PM2.5 |   7.41 |   7.23 |   7.36 |   6.28 |I I 
07:12-Fri-Mar-17-2017 PM10  |  13.73 |  14.71 |  15.37 |  11.54 |I I 
07:12-Fri-Mar-17-2017 PM2.5 |   7.24 |   7.23 |   7.36 |   6.28 |I I 
07:16-Fri-Mar-17-2017 PM10  |  12.79 |  14.39 |  15.37 |  11.54 |I I 
07:16-Fri-Mar-17-2017 PM2.5 |   7.08 |   7.21 |   7.36 |   6.28 |I I 
07:17-Fri-Mar-17-2017 PM10  |  13.94 |  14.33 |  15.37 |  11.54 |I I 
07:17-Fri-Mar-17-2017 PM2.5 |   6.87 |   7.16 |   7.36 |   6.28 |I I 
07:21-Fri-Mar-17-2017 PM10  |  16.03 |  14.54 |  15.37 |  11.54 |I I 
07:21-Fri-Mar-17-2017 PM2.5 |   7.45 |   7.19 |   7.36 |   6.28 |I I 
07:22-Fri-Mar-17-2017 PM10  |  13.28 |  14.40 |  15.37 |  11.54 |I I 
07:22-Fri-Mar-17-2017 PM2.5 |   6.85 |   7.16 |   7.36 |   6.28 |I I 
07:23-Fri-Mar-17-2017 PM10  |  13.28 |  14.29 |  15.37 |  11.54 |I I 
07:23-Fri-Mar-17-2017 PM2.5 |   6.85 |   7.13 |   7.36 |   6.28 |I I 
07:27-Fri-Mar-17-2017 PM10  |  16.93 |  14.53 |  15.37 |  11.54 |I I 
07:27-Fri-Mar-17-2017 PM2.5 |   7.48 |   7.16 |   7.36 |   6.28 |I I 
07:28-Fri-Mar-17-2017 PM10  |  19.06 |  14.90 |  15.37 |  11.54 |I I 
07:28-Fri-Mar-17-2017 PM2.5 |   7.52 |   7.19 |   7.36 |   6.28 |I I 
07:32-Fri-Mar-17-2017 PM10  |  17.68 |  15.12 |  15.37 |  11.54 |I I 
07:32-Fri-Mar-17-2017 PM2.5 |   7.47 |   7.21 |   7.36 |   6.28 |I I 
07:33-Fri-Mar-17-2017 PM10  |  15.73 |  15.16 |  15.37 |  11.54 |I I 
07:33-Fri-Mar-17-2017 PM2.5 |   7.30 |   7.22 |   7.36 |   6.28 |I I 
07:37-Fri-Mar-17-2017 PM10  |  14.67 |  15.13 |  15.37 |  11.54 |I I 
07:37-Fri-Mar-17-2017 PM2.5 |   7.39 |   7.23 |   7.36 |   6.28 |I I 
07:38-Fri-Mar-17-2017 PM10  |  15.77 |  15.17 |  15.37 |  11.54 |I I 
07:38-Fri-Mar-17-2017 PM2.5 |   7.54 |   7.25 |   7.36 |   6.28 |I I 
07:42-Fri-Mar-17-2017 PM10  |  14.28 |  15.12 |  15.37 |  11.54 |I I 
07:42-Fri-Mar-17-2017 PM2.5 |   7.31 |   7.25 |   7.36 |   6.28 |I I 
07:43-Fri-Mar-17-2017 PM10  |  15.39 |  15.13 |  15.37 |  11.54 |I I 
07:43-Fri-Mar-17-2017 PM2.5 |   7.40 |   7.26 |   7.36 |   6.28 |I I 
07:47-Fri-Mar-17-2017 PM10  |  15.94 |  15.17 |  15.37 |  11.54 |I I 
07:47-Fri-Mar-17-2017 PM2.5 |   7.36 |   7.26 |   7.36 |   6.28 |I I 
07:48-Fri-Mar-17-2017 PM10  |  13.10 |  15.07 |  15.37 |  11.54 |I I 
07:48-Fri-Mar-17-2017 PM2.5 |   7.34 |   7.27 |   7.36 |   6.28 |I I 
07:49-Fri-Mar-17-2017 PM10  |  13.10 |  14.98 |  15.37 |  11.54 |I I 
07:49-Fri-Mar-17-2017 PM2.5 |   7.34 |   7.27 |   7.36 |   6.28 |I I 
07:52-Fri-Mar-17-2017 PM10  |  12.43 |  14.86 |  15.37 |  11.54 |I I 
07:52-Fri-Mar-17-2017 PM2.5 |   7.38 |   7.28 |   7.36 |   6.28 |I I 
07:53-Fri-Mar-17-2017 PM10  |  12.43 |  14.76 |  15.37 |  11.54 |I I 
07:53-Fri-Mar-17-2017 PM2.5 |   7.38 |   7.28 |   7.36 |   6.28 |I I 
07:54-Fri-Mar-17-2017 PM10  |  16.07 |  14.81 |  15.37 |  11.54 |I I 
07:54-Fri-Mar-17-2017 PM2.5 |   7.19 |   7.28 |   7.36 |   6.28 |I I 
07:58-Fri-Mar-17-2017 PM10  |  15.28 |  14.83 |  15.37 |  11.54 |I I 
07:58-Fri-Mar-17-2017 PM2.5 |   6.94 |   7.26 |   7.36 |   6.28 |I I 
07:59-Fri-Mar-17-2017 PM10  |  13.13 |  14.76 |  15.37 |  11.54 |I I 
07:59-Fri-Mar-17-2017 PM2.5 |   6.91 |   7.25 |   7.36 |   6.28 |I I 
08:03-Fri-Mar-17-2017 PM10  |  11.68 |  14.65 |  15.37 |  11.54 |I I 
08:03-Fri-Mar-17-2017 PM2.5 |   6.89 |   7.24 |   7.36 |   6.28 |I I 
08:04-Fri-Mar-17-2017 PM10  |  13.60 |  13.60 |  15.37 |  11.54 |I I 
08:04-Fri-Mar-17-2017 PM2.5 |   7.36 |   7.36 |   7.36 |   6.28 |I I 
08:08-Fri-Mar-17-2017 PM10  |  11.91 |  12.75 |  15.37 |  11.54 |I I 
08:08-Fri-Mar-17-2017 PM2.5 |   7.23 |   7.30 |   7.36 |   6.28 |I I 
08:09-Fri-Mar-17-2017 PM10  |  14.74 |  13.42 |  15.37 |  11.54 |I I 
08:09-Fri-Mar-17-2017 PM2.5 |   7.53 |   7.37 |   7.36 |   6.28 |I I 
08:13-Fri-Mar-17-2017 PM10  |  16.85 |  14.27 |  15.37 |  11.54 |I I 
08:13-Fri-Mar-17-2017 PM2.5 |   7.81 |   7.48 |   7.36 |   6.28 |I I 
08:14-Fri-Mar-17-2017 PM10  |  12.91 |  14.00 |  15.37 |  11.54 |I I 
08:14-Fri-Mar-17-2017 PM2.5 |   7.04 |   7.39 |   7.36 |   6.28 |I I 
08:18-Fri-Mar-17-2017 PM10  |  11.32 |  13.55 |  15.37 |  11.54 |I I 
08:18-Fri-Mar-17-2017 PM2.5 |   6.85 |   7.30 |   7.36 |   6.28 |I I 
08:19-Fri-Mar-17-2017 PM10  |  11.32 |  13.23 |  15.37 |  11.54 |I I 
08:19-Fri-Mar-17-2017 PM2.5 |   6.85 |   7.24 |   7.36 |   6.28 |I I 
08:20-Fri-Mar-17-2017 PM10  |  13.24 |  13.24 |  15.37 |  11.54 |I I 
08:20-Fri-Mar-17-2017 PM2.5 |   6.84 |   7.19 |   7.36 |   6.28 |I I 
08:24-Fri-Mar-17-2017 PM10  |  13.89 |  13.31 |  15.37 |  11.54 |I I 
08:24-Fri-Mar-17-2017 PM2.5 |   7.59 |   7.23 |   7.36 |   6.28 |I I 
08:25-Fri-Mar-17-2017 PM10  |  13.49 |  13.33 |  15.37 |  11.54 |I I 
08:25-Fri-Mar-17-2017 PM2.5 |   7.46 |   7.26 |   7.36 |   6.28 |I I 
08:29-Fri-Mar-17-2017 PM10  |  10.89 |  13.10 |  15.37 |  11.54 |I I 
08:29-Fri-Mar-17-2017 PM2.5 |   7.19 |   7.25 |   7.36 |   6.28 |I I 
08:30-Fri-Mar-17-2017 PM10  |  12.24 |  13.03 |  15.37 |  11.54 |I I 
08:30-Fri-Mar-17-2017 PM2.5 |   7.40 |   7.26 |   7.36 |   6.28 |I I 
08:34-Fri-Mar-17-2017 PM10  |  13.06 |  13.04 |  15.37 |  11.54 |I I 
08:34-Fri-Mar-17-2017 PM2.5 |   7.61 |   7.29 |   7.36 |   6.28 |I I 
08:35-Fri-Mar-17-2017 PM10  |  13.55 |  13.07 |  15.37 |  11.54 |I I 
08:35-Fri-Mar-17-2017 PM2.5 |   7.07 |   7.27 |   7.36 |   6.28 |I I 
08:39-Fri-Mar-17-2017 PM10  |  14.74 |  13.18 |  15.37 |  11.54 |I I 
08:39-Fri-Mar-17-2017 PM2.5 |   7.10 |   7.26 |   7.36 |   6.28 |I I 
08:40-Fri-Mar-17-2017 PM10  |  14.63 |  13.27 |  15.37 |  11.54 |I I 
08:40-Fri-Mar-17-2017 PM2.5 |   7.02 |   7.25 |   7.36 |   6.28 |I I 
08:44-Fri-Mar-17-2017 PM10  |  13.23 |  13.27 |  15.37 |  11.54 |I I 
08:44-Fri-Mar-17-2017 PM2.5 |   7.41 |   7.26 |   7.36 |   6.28 |I I 
08:45-Fri-Mar-17-2017 PM10  |  13.23 |  13.27 |  15.37 |  11.54 |I I 
08:45-Fri-Mar-17-2017 PM2.5 |   7.41 |   7.26 |   7.36 |   6.28 |I I 
08:46-Fri-Mar-17-2017 PM10  |  11.32 |  13.17 |  15.37 |  11.54 |I I 
08:46-Fri-Mar-17-2017 PM2.5 |   7.12 |   7.26 |   7.36 |   6.28 |I I 
08:50-Fri-Mar-17-2017 PM10  |  11.70 |  13.09 |  15.37 |  11.54 |I I 
08:50-Fri-Mar-17-2017 PM2.5 |   7.08 |   7.25 |   7.36 |   6.28 |I I 
08:51-Fri-Mar-17-2017 PM10  |  13.36 |  13.11 |  15.37 |  11.54 |I I 
08:51-Fri-Mar-17-2017 PM2.5 |   7.14 |   7.24 |   7.36 |   6.28 |I I 
08:55-Fri-Mar-17-2017 PM10  |  11.44 |  13.03 |  15.37 |  11.54 |I I 
08:55-Fri-Mar-17-2017 PM2.5 |   7.26 |   7.24 |   7.36 |   6.28 |I I 
08:56-Fri-Mar-17-2017 PM10  |  12.31 |  13.00 |  15.37 |  11.54 |I I 
08:56-Fri-Mar-17-2017 PM2.5 |   6.69 |   7.22 |   7.36 |   6.28 |I I 
09:00-Fri-Mar-17-2017 PM10  |  14.76 |  13.07 |  15.37 |  11.54 |I I 
09:00-Fri-Mar-17-2017 PM2.5 |   7.63 |   7.24 |   7.36 |   6.28 |I I 
09:01-Fri-Mar-17-2017 PM10  |  11.93 |  11.93 |  15.37 |  11.54 |I I 
09:01-Fri-Mar-17-2017 PM2.5 |   7.22 |   7.22 |   7.36 |   6.28 |I I 
09:05-Fri-Mar-17-2017 PM10  |  13.94 |  12.93 |  15.37 |  11.54 |I I 
09:05-Fri-Mar-17-2017 PM2.5 |   7.80 |   7.51 |   7.36 |   6.28 |I I 
09:06-Fri-Mar-17-2017 PM10  |  13.15 |  13.00 |  15.37 |  11.54 |I I 
09:06-Fri-Mar-17-2017 PM2.5 |   7.12 |   7.38 |   7.36 |   6.28 |I I 
09:10-Fri-Mar-17-2017 PM10  |  16.27 |  13.82 |  15.37 |  11.54 |I I 
09:10-Fri-Mar-17-2017 PM2.5 |   7.71 |   7.46 |   7.36 |   6.28 |I I 
09:11-Fri-Mar-17-2017 PM10  |  16.27 |  14.31 |  15.37 |  11.54 |I I 
09:11-Fri-Mar-17-2017 PM2.5 |   7.71 |   7.51 |   7.36 |   6.28 |I I 
09:13-Fri-Mar-17-2017 PM10  |  12.70 |  14.04 |  15.37 |  11.54 |I I 
09:13-Fri-Mar-17-2017 PM2.5 |   7.55 |   7.52 |   7.36 |   6.28 |I I 
09:17-Fri-Mar-17-2017 PM10  |  12.30 |  13.79 |  15.37 |  11.54 |I I 
09:17-Fri-Mar-17-2017 PM2.5 |   7.23 |   7.48 |   7.36 |   6.28 |I I 
09:18-Fri-Mar-17-2017 PM10  |  12.35 |  13.61 |  15.37 |  11.54 |I I 
09:18-Fri-Mar-17-2017 PM2.5 |   7.25 |   7.45 |   7.36 |   6.28 |I I 
09:22-Fri-Mar-17-2017 PM10  |  13.41 |  13.59 |  15.37 |  11.54 |I I 
09:22-Fri-Mar-17-2017 PM2.5 |   7.69 |   7.48 |   7.36 |   6.28 |I I 
09:23-Fri-Mar-17-2017 PM10  |  12.64 |  13.49 |  15.37 |  11.54 |I I 
09:23-Fri-Mar-17-2017 PM2.5 |   7.16 |   7.44 |   7.36 |   6.28 |I I 
09:27-Fri-Mar-17-2017 PM10  |  10.95 |  13.26 |  15.37 |  11.54 |I I 
09:27-Fri-Mar-17-2017 PM2.5 |   7.05 |   7.41 |   7.36 |   6.28 |I I 
09:28-Fri-Mar-17-2017 PM10  |  17.45 |  13.61 |  15.37 |  11.54 |I I 
09:28-Fri-Mar-17-2017 PM2.5 |   7.40 |   7.41 |   7.36 |   6.28 |I I 
09:32-Fri-Mar-17-2017 PM10  |  12.15 |  13.50 |  15.37 |  11.54 |I I 
09:32-Fri-Mar-17-2017 PM2.5 |   7.51 |   7.42 |   7.36 |   6.28 |I I 
09:33-Fri-Mar-17-2017 PM10  |  13.75 |  13.52 |  15.37 |  11.54 |I I 
09:33-Fri-Mar-17-2017 PM2.5 |   7.83 |   7.45 |   7.36 |   6.28 |I I 
09:37-Fri-Mar-17-2017 PM10  |  12.97 |  13.48 |  15.37 |  11.54 |I I 
09:37-Fri-Mar-17-2017 PM2.5 |   7.82 |   7.47 |   7.36 |   6.28 |I I 
09:38-Fri-Mar-17-2017 PM10  |  12.76 |  13.44 |  15.37 |  11.54 |I I 
09:38-Fri-Mar-17-2017 PM2.5 |   7.36 |   7.46 |   7.36 |   6.28 |I I 
09:39-Fri-Mar-17-2017 PM10  |  12.76 |  13.40 |  15.37 |  11.54 |I I 
09:39-Fri-Mar-17-2017 PM2.5 |   7.36 |   7.46 |   7.36 |   6.28 |I I 
09:43-Fri-Mar-17-2017 PM10  |  12.00 |  13.32 |  15.37 |  11.54 |I I 
09:43-Fri-Mar-17-2017 PM2.5 |   7.92 |   7.48 |   7.36 |   6.28 |I I 
09:44-Fri-Mar-17-2017 PM10  |  13.38 |  13.32 |  15.37 |  11.54 |I I 
09:44-Fri-Mar-17-2017 PM2.5 |   7.86 |   7.50 |   7.36 |   6.28 |I I 
09:48-Fri-Mar-17-2017 PM10  |  13.62 |  13.34 |  15.37 |  11.54 |I I 
09:48-Fri-Mar-17-2017 PM2.5 |   8.27 |   7.54 |   7.36 |   6.28 |I I 
09:49-Fri-Mar-17-2017 PM10  |  11.85 |  13.27 |  15.37 |  11.54 |I I 
09:49-Fri-Mar-17-2017 PM2.5 |   7.40 |   7.53 |   7.36 |   6.28 |I I 
09:53-Fri-Mar-17-2017 PM10  |  13.55 |  13.28 |  15.37 |  11.54 |I I 
09:53-Fri-Mar-17-2017 PM2.5 |   7.49 |   7.53 |   7.36 |   6.28 |I I 
09:54-Fri-Mar-17-2017 PM10  |  12.83 |  13.26 |  15.37 |  11.54 |I I 
09:54-Fri-Mar-17-2017 PM2.5 |   7.61 |   7.54 |   7.36 |   6.28 |I I 
09:58-Fri-Mar-17-2017 PM10  |  13.82 |  13.28 |  15.37 |  11.54 |I I 
09:58-Fri-Mar-17-2017 PM2.5 |   7.80 |   7.55 |   7.36 |   6.28 |I I 
09:59-Fri-Mar-17-2017 PM10  |  12.98 |  13.27 |  15.37 |  11.54 |I I 
09:59-Fri-Mar-17-2017 PM2.5 |   7.68 |   7.55 |   7.36 |   6.28 |I I 
10:03-Fri-Mar-17-2017 PM10  |  11.79 |  13.21 |  15.37 |  11.54 |I I 
10:03-Fri-Mar-17-2017 PM2.5 |   7.20 |   7.54 |   7.54 |   6.28 |I I 
10:04-Fri-Mar-17-2017 PM10  |  12.00 |  12.00 |  15.37 |  11.54 |I I 
10:04-Fri-Mar-17-2017 PM2.5 |   7.27 |   7.27 |   7.54 |   6.28 |I I 
10:05-Fri-Mar-17-2017 PM10  |  12.00 |  12.00 |  15.37 |  11.54 |I I 
10:05-Fri-Mar-17-2017 PM2.5 |   7.27 |   7.27 |   7.54 |   6.28 |I I 
10:09-Fri-Mar-17-2017 PM10  |  12.47 |  12.16 |  15.37 |  11.54 |I I 
10:09-Fri-Mar-17-2017 PM2.5 |   7.73 |   7.42 |   7.54 |   6.28 |I I 
10:10-Fri-Mar-17-2017 PM10  |  13.04 |  12.38 |  15.37 |  11.54 |I I 
10:10-Fri-Mar-17-2017 PM2.5 |   7.67 |   7.48 |   7.54 |   6.28 |I I 
10:14-Fri-Mar-17-2017 PM10  |  13.39 |  12.58 |  15.37 |  11.54 |I I 
10:14-Fri-Mar-17-2017 PM2.5 |   7.87 |   7.56 |   7.54 |   6.28 |I I 
10:15-Fri-Mar-17-2017 PM10  |  12.71 |  12.60 |  15.37 |  11.54 |I I 
10:15-Fri-Mar-17-2017 PM2.5 |   7.60 |   7.57 |   7.54 |   6.28 |I I 
10:19-Fri-Mar-17-2017 PM10  |  11.39 |  12.43 |  15.37 |  11.54 |I I 
10:19-Fri-Mar-17-2017 PM2.5 |   7.45 |   7.55 |   7.54 |   6.28 |I I 
10:20-Fri-Mar-17-2017 PM10  |  13.73 |  12.59 |  15.37 |  11.54 |I I 
10:20-Fri-Mar-17-2017 PM2.5 |   8.25 |   7.64 |   7.54 |   6.28 |I I 
10:24-Fri-Mar-17-2017 PM10  |  13.12 |  12.65 |  15.37 |  11.54 |I I 
10:24-Fri-Mar-17-2017 PM2.5 |   8.29 |   7.71 |   7.54 |   6.28 |I I 
10:25-Fri-Mar-17-2017 PM10  |  13.16 |  12.70 |  15.37 |  11.54 |I I 
10:25-Fri-Mar-17-2017 PM2.5 |   7.66 |   7.71 |   7.54 |   6.28 |I I 
10:29-Fri-Mar-17-2017 PM10  |  12.26 |  12.66 |  15.37 |  11.54 |I I 
10:29-Fri-Mar-17-2017 PM2.5 |   7.95 |   7.73 |   7.54 |   6.28 |I I 
10:30-Fri-Mar-17-2017 PM10  |  14.48 |  12.81 |  15.37 |  11.54 |I I 
10:30-Fri-Mar-17-2017 PM2.5 |   7.68 |   7.72 |   7.54 |   6.28 |I I 
10:31-Fri-Mar-17-2017 PM10  |  14.48 |  12.94 |  15.37 |  11.54 |I I 
10:31-Fri-Mar-17-2017 PM2.5 |   7.68 |   7.72 |   7.54 |   6.28 |I I 
10:35-Fri-Mar-17-2017 PM10  |  14.34 |  13.04 |  15.37 |  11.54 |I I 
10:35-Fri-Mar-17-2017 PM2.5 |   8.19 |   7.75 |   7.54 |   6.28 |I I 
10:36-Fri-Mar-17-2017 PM10  |  13.04 |  13.04 |  15.37 |  11.54 |I I 
10:36-Fri-Mar-17-2017 PM2.5 |   7.72 |   7.75 |   7.54 |   6.28 |I I 
10:40-Fri-Mar-17-2017 PM10  |  12.78 |  13.02 |  15.37 |  11.54 |I I 
10:40-Fri-Mar-17-2017 PM2.5 |   8.31 |   7.79 |   7.54 |   6.28 |I I 
10:41-Fri-Mar-17-2017 PM10  |  12.57 |  13.00 |  15.37 |  11.54 |I I 
10:41-Fri-Mar-17-2017 PM2.5 |   7.51 |   7.77 |   7.54 |   6.28 |I I 
10:45-Fri-Mar-17-2017 PM10  |  13.00 |  13.00 |  15.37 |  11.54 |I I 
10:45-Fri-Mar-17-2017 PM2.5 |   7.78 |   7.77 |   7.54 |   6.28 |I I 
10:46-Fri-Mar-17-2017 PM10  |  11.04 |  12.89 |  15.37 |  11.54 |I I 
10:46-Fri-Mar-17-2017 PM2.5 |   6.88 |   7.72 |   7.54 |   6.28 |I I 
10:50-Fri-Mar-17-2017 PM10  |  12.34 |  12.87 |  15.37 |  11.54 |I I 
10:50-Fri-Mar-17-2017 PM2.5 |   7.74 |   7.73 |   7.54 |   6.28 |I I 
10:51-Fri-Mar-17-2017 PM10  |  12.65 |  12.86 |  15.37 |  11.54 |I I 
10:51-Fri-Mar-17-2017 PM2.5 |   7.32 |   7.71 |   7.54 |   6.28 |I I 
10:55-Fri-Mar-17-2017 PM10  |  12.06 |  12.82 |  15.37 |  11.54 |I I 
10:55-Fri-Mar-17-2017 PM2.5 |   7.76 |   7.71 |   7.54 |   6.28 |I I 
10:56-Fri-Mar-17-2017 PM10  |  12.50 |  12.81 |  15.37 |  11.54 |I I 
10:56-Fri-Mar-17-2017 PM2.5 |   7.41 |   7.70 |   7.54 |   6.28 |I I 
10:57-Fri-Mar-17-2017 PM10  |  12.50 |  12.79 |  15.37 |  11.54 |I I 
10:57-Fri-Mar-17-2017 PM2.5 |   7.41 |   7.68 |   7.54 |   6.28 |I I 
11:01-Fri-Mar-17-2017 PM10  |  13.73 |  12.83 |  15.37 |  11.54 |I I 
11:01-Fri-Mar-17-2017 PM2.5 |   7.45 |   7.67 |   7.67 |   6.28 |I I 
11:02-Fri-Mar-17-2017 PM10  |  10.97 |  10.97 |  15.37 |  11.54 |I I 
11:02-Fri-Mar-17-2017 PM2.5 |   7.24 |   7.24 |   7.67 |   6.28 |I I 
11:06-Fri-Mar-17-2017 PM10  |  11.88 |  11.42 |  15.37 |  11.54 |I I 
11:06-Fri-Mar-17-2017 PM2.5 |   7.36 |   7.30 |   7.67 |   6.28 |I I 
11:07-Fri-Mar-17-2017 PM10  |  11.66 |  11.50 |  15.37 |  11.54 |I I 
11:07-Fri-Mar-17-2017 PM2.5 |   6.91 |   7.17 |   7.67 |   6.28 |I I 
11:11-Fri-Mar-17-2017 PM10  |  12.91 |  11.85 |  15.37 |  11.54 |I I 
11:11-Fri-Mar-17-2017 PM2.5 |   7.45 |   7.24 |   7.67 |   6.28 |I I 
11:12-Fri-Mar-17-2017 PM10  |  12.90 |  12.06 |  15.37 |  11.54 |I I 
11:12-Fri-Mar-17-2017 PM2.5 |   7.19 |   7.23 |   7.67 |   6.28 |I I 
11:16-Fri-Mar-17-2017 PM10  |  12.37 |  12.12 |  15.37 |  11.54 |I I 
11:16-Fri-Mar-17-2017 PM2.5 |   7.32 |   7.24 |   7.67 |   6.28 |I I 
11:17-Fri-Mar-17-2017 PM10  |  11.15 |  11.98 |  15.37 |  11.54 |I I 
11:17-Fri-Mar-17-2017 PM2.5 |   6.92 |   7.20 |   7.67 |   6.28 |I I 
11:21-Fri-Mar-17-2017 PM10  |  11.34 |  11.90 |  15.37 |  11.54 |I I 
11:21-Fri-Mar-17-2017 PM2.5 |   7.33 |   7.21 |   7.67 |   6.28 |I I 
11:22-Fri-Mar-17-2017 PM10  |  12.05 |  11.92 |  15.37 |  11.54 |I I 
11:22-Fri-Mar-17-2017 PM2.5 |   7.35 |   7.23 |   7.67 |   6.28 |I I 
11:23-Fri-Mar-17-2017 PM10  |  12.05 |  11.93 |  15.37 |  11.54 |I I 
11:23-Fri-Mar-17-2017 PM2.5 |   7.35 |   7.24 |   7.67 |   6.28 |I I 
11:27-Fri-Mar-17-2017 PM10  |  12.34 |  11.97 |  15.37 |  11.54 |I I 
11:27-Fri-Mar-17-2017 PM2.5 |   7.52 |   7.27 |   7.67 |   6.28 |I I 
11:28-Fri-Mar-17-2017 PM10  |  12.74 |  12.03 |  15.37 |  11.54 |I I 
11:28-Fri-Mar-17-2017 PM2.5 |   7.74 |   7.31 |   7.67 |   6.28 |I I 
11:32-Fri-Mar-17-2017 PM10  |  11.60 |  12.00 |  15.37 |  11.54 |I I 
11:32-Fri-Mar-17-2017 PM2.5 |   7.56 |   7.33 |   7.67 |   6.28 |I I 
11:33-Fri-Mar-17-2017 PM10  |  14.48 |  12.17 |  15.37 |  11.54 |I I 
11:33-Fri-Mar-17-2017 PM2.5 |   7.90 |   7.37 |   7.67 |   6.28 |I I 
11:37-Fri-Mar-17-2017 PM10  |  13.52 |  12.26 |  15.37 |  11.54 |I I 
11:37-Fri-Mar-17-2017 PM2.5 |   7.95 |   7.41 |   7.67 |   6.28 |I I 
11:38-Fri-Mar-17-2017 PM10  |  14.23 |  12.39 |  15.37 |  11.54 |I I 
11:38-Fri-Mar-17-2017 PM2.5 |   7.74 |   7.43 |   7.67 |   6.28 |I I 
11:42-Fri-Mar-17-2017 PM10  |  15.22 |  12.55 |  15.37 |  11.54 |I I 
11:42-Fri-Mar-17-2017 PM2.5 |   7.71 |   7.44 |   7.67 |   6.28 |I I 
11:43-Fri-Mar-17-2017 PM10  |  12.44 |  12.55 |  15.37 |  11.54 |I I 
11:43-Fri-Mar-17-2017 PM2.5 |   7.58 |   7.45 |   7.67 |   6.28 |I I 
11:47-Fri-Mar-17-2017 PM10  |  13.56 |  12.60 |  15.37 |  11.54 |I I 
11:47-Fri-Mar-17-2017 PM2.5 |   8.09 |   7.48 |   7.67 |   6.28 |I I 
11:48-Fri-Mar-17-2017 PM10  |  12.73 |  12.61 |  15.37 |  11.54 |I I 
11:48-Fri-Mar-17-2017 PM2.5 |   7.83 |   7.50 |   7.67 |   6.28 |I I 
11:49-Fri-Mar-17-2017 PM10  |  12.73 |  12.61 |  15.37 |  11.54 |I I 
11:49-Fri-Mar-17-2017 PM2.5 |   7.83 |   7.52 |   7.67 |   6.28 |I I 
11:53-Fri-Mar-17-2017 PM10  |  14.32 |  12.69 |  15.37 |  11.54 |I I 
11:53-Fri-Mar-17-2017 PM2.5 |   8.11 |   7.54 |   7.67 |   6.28 |I I 
11:54-Fri-Mar-17-2017 PM10  |  13.93 |  12.74 |  15.37 |  11.54 |I I 
11:54-Fri-Mar-17-2017 PM2.5 |   8.20 |   7.57 |   7.67 |   6.28 |I I 
11:58-Fri-Mar-17-2017 PM10  |  13.73 |  12.79 |  15.37 |  11.54 |I I 
11:58-Fri-Mar-17-2017 PM2.5 |   8.49 |   7.61 |   7.67 |   6.28 |I I 
11:59-Fri-Mar-17-2017 PM10  |  13.47 |  12.81 |  15.37 |  11.54 |I I 
11:59-Fri-Mar-17-2017 PM2.5 |   7.92 |   7.62 |   7.67 |   6.28 |I I 
12:03-Fri-Mar-17-2017 PM10  |  14.09 |  12.86 |  15.37 |  11.54 |I I 
12:03-Fri-Mar-17-2017 PM2.5 |   8.18 |   7.64 |   7.67 |   6.28 |I I 
12:04-Fri-Mar-17-2017 PM10  |  15.79 |  15.79 |  15.37 |  11.54 |I I 
12:04-Fri-Mar-17-2017 PM2.5 |   9.38 |   9.38 |   7.67 |   6.28 |I I 
12:08-Fri-Mar-17-2017 PM10  |  16.02 |  15.90 |  15.37 |  11.54 |I I 
12:08-Fri-Mar-17-2017 PM2.5 |   9.49 |   9.44 |   7.67 |   6.28 |I I 
12:09-Fri-Mar-17-2017 PM10  |  15.43 |  15.75 |  15.37 |  11.54 |I I 
12:09-Fri-Mar-17-2017 PM2.5 |   8.95 |   9.27 |   7.67 |   6.28 |I I 
12:13-Fri-Mar-17-2017 PM10  |  15.71 |  15.74 |  15.37 |  11.54 |I I 
12:13-Fri-Mar-17-2017 PM2.5 |   9.33 |   9.29 |   7.67 |   6.28 |I I 
12:14-Fri-Mar-17-2017 PM10  |  17.13 |  16.02 |  15.37 |  11.54 |I I 
12:14-Fri-Mar-17-2017 PM2.5 |   9.55 |   9.34 |   7.67 |   6.28 |I I 
12:15-Fri-Mar-17-2017 PM10  |  17.13 |  16.20 |  15.37 |  11.54 |I I 
12:15-Fri-Mar-17-2017 PM2.5 |   9.55 |   9.38 |   7.67 |   6.28 |I I 
12:20-Fri-Mar-17-2017 PM10  |  16.67 |  16.27 |  15.37 |  11.54 |I I 
12:20-Fri-Mar-17-2017 PM2.5 |   9.72 |   9.42 |   7.67 |   6.28 |I I 
12:21-Fri-Mar-17-2017 PM10  |  15.27 |  16.15 |  15.37 |  11.54 |I I 
12:21-Fri-Mar-17-2017 PM2.5 |   9.17 |   9.39 |   7.67 |   6.28 |I I 
12:25-Fri-Mar-17-2017 PM10  |  15.23 |  16.04 |  15.37 |  11.54 |I I 
12:25-Fri-Mar-17-2017 PM2.5 |   9.38 |   9.39 |   7.67 |   6.28 |I I 
12:26-Fri-Mar-17-2017 PM10  |  14.07 |  15.85 |  15.37 |  11.54 |I I 
12:26-Fri-Mar-17-2017 PM2.5 |   8.74 |   9.33 |   7.67 |   6.28 |I I 
12:30-Fri-Mar-17-2017 PM10  |  14.81 |  15.75 |  15.37 |  11.54 |I I 
12:30-Fri-Mar-17-2017 PM2.5 |   9.12 |   9.31 |   7.67 |   6.28 |I I 
12:31-Fri-Mar-17-2017 PM10  |  17.01 |  15.86 |  15.37 |  11.54 |I I 
12:31-Fri-Mar-17-2017 PM2.5 |   8.66 |   9.25 |   7.67 |   6.28 |I I 
12:35-Fri-Mar-17-2017 PM10  |  14.66 |  15.76 |  15.37 |  11.54 |I I 
12:35-Fri-Mar-17-2017 PM2.5 |   8.56 |   9.20 |   7.67 |   6.28 |I I 
12:36-Fri-Mar-17-2017 PM10  |  16.10 |  15.79 |  15.37 |  11.54 |I I 
12:36-Fri-Mar-17-2017 PM2.5 |   8.79 |   9.17 |   7.67 |   6.28 |I I 
12:40-Fri-Mar-17-2017 PM10  |  14.38 |  15.69 |  15.37 |  11.54 |I I 
12:40-Fri-Mar-17-2017 PM2.5 |   9.00 |   9.16 |   7.67 |   6.28 |I I 
12:41-Fri-Mar-17-2017 PM10  |  15.92 |  15.71 |  15.37 |  11.54 |I I 
12:41-Fri-Mar-17-2017 PM2.5 |   8.75 |   9.13 |   7.67 |   6.28 |I I 
12:42-Fri-Mar-17-2017 PM10  |  15.92 |  15.72 |  15.37 |  11.54 |I I 
12:42-Fri-Mar-17-2017 PM2.5 |   8.75 |   9.11 |   7.67 |   6.28 |I I 
12:46-Fri-Mar-17-2017 PM10  |  15.24 |  15.69 |  15.37 |  11.54 |I I 
12:46-Fri-Mar-17-2017 PM2.5 |   9.18 |   9.12 |   7.67 |   6.28 |I I 
12:47-Fri-Mar-17-2017 PM10  |  21.98 |  16.03 |  15.37 |  11.54 |I I 
12:47-Fri-Mar-17-2017 PM2.5 |   9.58 |   9.14 |   7.67 |   6.28 |I I 
12:51-Fri-Mar-17-2017 PM10  |  18.53 |  16.15 |  15.37 |  11.54 |I I 
12:51-Fri-Mar-17-2017 PM2.5 |   9.48 |   9.16 |   7.67 |   6.28 |I I 
12:52-Fri-Mar-17-2017 PM10  |  20.97 |  16.38 |  15.37 |  11.54 |I I 
12:52-Fri-Mar-17-2017 PM2.5 |   9.14 |   9.16 |   7.67 |   6.28 |I I 
12:56-Fri-Mar-17-2017 PM10  |  20.19 |  16.55 |  15.37 |  11.54 |I I 
12:56-Fri-Mar-17-2017 PM2.5 |   9.81 |   9.19 |   7.67 |   6.28 |I I 
12:57-Fri-Mar-17-2017 PM10  |  16.23 |  16.54 |  15.37 |  11.54 |I I 
12:57-Fri-Mar-17-2017 PM2.5 |   8.97 |   9.18 |   7.67 |   6.28 |I I 
13:01-Fri-Mar-17-2017 PM10  |  15.92 |  16.51 |  16.51 |  11.54 |I I 
13:01-Fri-Mar-17-2017 PM2.5 |   9.45 |   9.19 |   9.19 |   6.28 |I I 
13:02-Fri-Mar-17-2017 PM10  |  16.18 |  16.18 |  16.51 |  11.54 |I I 
13:02-Fri-Mar-17-2017 PM2.5 |   8.94 |   8.94 |   9.19 |   6.28 |I I 
13:06-Fri-Mar-17-2017 PM10  |  18.76 |  17.47 |  16.51 |  11.54 |I I 
13:06-Fri-Mar-17-2017 PM2.5 |   9.60 |   9.27 |   9.19 |   6.28 |I I 
13:07-Fri-Mar-17-2017 PM10  |  16.78 |  17.24 |  16.51 |  11.54 |I I 
13:07-Fri-Mar-17-2017 PM2.5 |   9.21 |   9.25 |   9.19 |   6.28 |I I 
13:08-Fri-Mar-17-2017 PM10  |  16.78 |  17.13 |  16.51 |  11.54 |I I 
13:08-Fri-Mar-17-2017 PM2.5 |   9.21 |   9.24 |   9.19 |   6.28 |I I 
13:12-Fri-Mar-17-2017 PM10  |  18.94 |  17.49 |  16.51 |  11.54 |I I 
13:12-Fri-Mar-17-2017 PM2.5 |   9.35 |   9.26 |   9.19 |   6.28 |I I 
13:13-Fri-Mar-17-2017 PM10  |  17.34 |  17.47 |  16.51 |  11.54 |I I 
13:13-Fri-Mar-17-2017 PM2.5 |   9.37 |   9.28 |   9.19 |   6.28 |I I 
13:17-Fri-Mar-17-2017 PM10  |  15.89 |  17.24 |  16.51 |  11.54 |I I 
13:17-Fri-Mar-17-2017 PM2.5 |   9.66 |   9.33 |   9.19 |   6.28 |I I 
13:18-Fri-Mar-17-2017 PM10  |  14.21 |  16.86 |  16.51 |  11.54 |I I 
13:18-Fri-Mar-17-2017 PM2.5 |   9.00 |   9.29 |   9.19 |   6.28 |I I 
13:22-Fri-Mar-17-2017 PM10  |  15.25 |  16.68 |  16.51 |  11.54 |I I 
13:22-Fri-Mar-17-2017 PM2.5 |   9.83 |   9.35 |   9.19 |   6.28 |I I 
13:23-Fri-Mar-17-2017 PM10  |  17.43 |  16.76 |  16.51 |  11.54 |I I 
13:23-Fri-Mar-17-2017 PM2.5 |   8.92 |   9.31 |   9.19 |   6.28 |I I 
13:27-Fri-Mar-17-2017 PM10  |  17.75 |  16.85 |  16.51 |  11.54 |I I 
13:27-Fri-Mar-17-2017 PM2.5 |   9.34 |   9.31 |   9.19 |   6.28 |I I 
13:28-Fri-Mar-17-2017 PM10  |  19.15 |  17.04 |  16.51 |  11.54 |I I 
13:28-Fri-Mar-17-2017 PM2.5 |   8.77 |   9.27 |   9.19 |   6.28 |I I 
13:32-Fri-Mar-17-2017 PM10  |  16.90 |  17.03 |  16.51 |  11.54 |I I 
13:32-Fri-Mar-17-2017 PM2.5 |   9.42 |   9.28 |   9.19 |   6.28 |I I 
13:33-Fri-Mar-17-2017 PM10  |  16.05 |  16.96 |  16.51 |  11.54 |I I 
13:33-Fri-Mar-17-2017 PM2.5 |   9.36 |   9.28 |   9.19 |   6.28 |I I 
13:34-Fri-Mar-17-2017 PM10  |  16.05 |  16.90 |  16.51 |  11.54 |I I 
13:34-Fri-Mar-17-2017 PM2.5 |   9.36 |   9.29 |   9.19 |   6.28 |I I 
13:38-Fri-Mar-17-2017 PM10  |  16.96 |  16.90 |  16.51 |  11.54 |I I 
13:38-Fri-Mar-17-2017 PM2.5 |   9.64 |   9.31 |   9.19 |   6.28 |I I 
13:39-Fri-Mar-17-2017 PM10  |  16.85 |  16.90 |  16.51 |  11.54 |I I 
13:39-Fri-Mar-17-2017 PM2.5 |   8.94 |   9.29 |   9.19 |   6.28 |I I 
13:43-Fri-Mar-17-2017 PM10  |  17.13 |  16.91 |  16.51 |  11.54 |I I 
13:43-Fri-Mar-17-2017 PM2.5 |   9.48 |   9.30 |   9.19 |   6.28 |I I 
13:44-Fri-Mar-17-2017 PM10  |  17.40 |  16.94 |  16.51 |  11.54 |I I 
13:44-Fri-Mar-17-2017 PM2.5 |   9.57 |   9.31 |   9.19 |   6.28 |I I 
13:48-Fri-Mar-17-2017 PM10  |  17.39 |  16.96 |  16.51 |  11.54 |I I 
13:48-Fri-Mar-17-2017 PM2.5 |   9.20 |   9.31 |   9.19 |   6.28 |I I 
13:49-Fri-Mar-17-2017 PM10  |  14.74 |  16.86 |  16.51 |  11.54 |I I 
13:49-Fri-Mar-17-2017 PM2.5 |   8.64 |   9.28 |   9.19 |   6.28 |I I 
13:53-Fri-Mar-17-2017 PM10  |  16.83 |  16.85 |  16.51 |  11.54 |I I 
13:53-Fri-Mar-17-2017 PM2.5 |   9.34 |   9.28 |   9.19 |   6.28 |I I 
13:54-Fri-Mar-17-2017 PM10  |  16.80 |  16.85 |  16.51 |  11.54 |I I 
13:54-Fri-Mar-17-2017 PM2.5 |   8.51 |   9.25 |   9.19 |   6.28 |I I 
13:58-Fri-Mar-17-2017 PM10  |  15.96 |  16.81 |  16.51 |  11.54 |I I 
13:58-Fri-Mar-17-2017 PM2.5 |   9.01 |   9.24 |   9.19 |   6.28 |I I 
13:59-Fri-Mar-17-2017 PM10  |  15.86 |  16.78 |  16.51 |  11.54 |I I 
13:59-Fri-Mar-17-2017 PM2.5 |   8.71 |   9.21 |   9.19 |   6.28 |I I 
14:00-Fri-Mar-17-2017 PM10  |  15.86 |  16.74 |  16.74 |  11.54 |I I 
14:00-Fri-Mar-17-2017 PM2.5 |   8.71 |   9.20 |   9.20 |   6.28 |I I 
14:03-Fri-Mar-17-2017 PM10  |  16.81 |  16.81 |  16.74 |  11.54 |I I 
14:03-Fri-Mar-17-2017 PM2.5 |   8.89 |   8.89 |   9.20 |   6.28 |I I 
14:04-Fri-Mar-17-2017 PM10  |  16.81 |  16.81 |  16.74 |  11.54 |I I 
14:04-Fri-Mar-17-2017 PM2.5 |   8.89 |   8.89 |   9.20 |   6.28 |I I 
14:05-Fri-Mar-17-2017 PM10  |  19.17 |  17.60 |  16.74 |  11.54 |I I 
14:05-Fri-Mar-17-2017 PM2.5 |   9.13 |   8.97 |   9.20 |   6.28 |I I 
14:09-Fri-Mar-17-2017 PM10  |  20.18 |  18.24 |  16.74 |  11.54 |I I 
14:09-Fri-Mar-17-2017 PM2.5 |   9.25 |   9.04 |   9.20 |   6.28 |I I 
14:10-Fri-Mar-17-2017 PM10  |  18.70 |  18.33 |  16.74 |  11.54 |I I 
14:10-Fri-Mar-17-2017 PM2.5 |   8.87 |   9.01 |   9.20 |   6.28 |I I 
14:14-Fri-Mar-17-2017 PM10  |  17.65 |  18.22 |  16.74 |  11.54 |I I 
14:14-Fri-Mar-17-2017 PM2.5 |   9.14 |   9.03 |   9.20 |   6.28 |I I 
14:15-Fri-Mar-17-2017 PM10  |  18.32 |  18.23 |  16.74 |  11.54 |I I 
14:15-Fri-Mar-17-2017 PM2.5 |   8.65 |   8.97 |   9.20 |   6.28 |I I 
14:19-Fri-Mar-17-2017 PM10  |  16.56 |  18.02 |  16.74 |  11.54 |I I 
14:19-Fri-Mar-17-2017 PM2.5 |   9.19 |   9.00 |   9.20 |   6.28 |I I 
14:20-Fri-Mar-17-2017 PM10  |  17.02 |  17.91 |  16.74 |  11.54 |I I 
14:20-Fri-Mar-17-2017 PM2.5 |   8.01 |   8.89 |   9.20 |   6.28 |I I 
14:24-Fri-Mar-17-2017 PM10  |  17.61 |  17.88 |  16.74 |  11.54 |I I 
14:24-Fri-Mar-17-2017 PM2.5 |   8.40 |   8.84 |   9.20 |   6.28 |I I 
14:25-Fri-Mar-17-2017 PM10  |  13.34 |  17.47 |  16.74 |  11.54 |I I 
14:25-Fri-Mar-17-2017 PM2.5 |   7.84 |   8.75 |   9.20 |   6.28 |I I 
14:26-Fri-Mar-17-2017 PM10  |  13.34 |  17.12 |  16.74 |  11.54 |I I 
14:26-Fri-Mar-17-2017 PM2.5 |   7.84 |   8.67 |   9.20 |   6.28 |I I 
14:29-Fri-Mar-17-2017 PM10  |  16.93 |  17.11 |  16.74 |  11.54 |I I 
14:29-Fri-Mar-17-2017 PM2.5 |   8.07 |   8.63 |   9.20 |   6.28 |I I 
14:30-Fri-Mar-17-2017 PM10  |  16.93 |  17.10 |  16.74 |  11.54 |I I 
14:30-Fri-Mar-17-2017 PM2.5 |   8.07 |   8.59 |   9.20 |   6.28 |I I 
14:31-Fri-Mar-17-2017 PM10  |  14.44 |  16.92 |  16.74 |  11.54 |I I 
14:31-Fri-Mar-17-2017 PM2.5 |   8.20 |   8.56 |   9.20 |   6.28 |I I 
14:35-Fri-Mar-17-2017 PM10  |  15.94 |  16.86 |  16.74 |  11.54 |I I 
14:35-Fri-Mar-17-2017 PM2.5 |   8.30 |   8.55 |   9.20 |   6.28 |I I 
14:36-Fri-Mar-17-2017 PM10  |  13.45 |  16.66 |  16.74 |  11.54 |I I 
14:36-Fri-Mar-17-2017 PM2.5 |   7.83 |   8.50 |   9.20 |   6.28 |I I 
14:40-Fri-Mar-17-2017 PM10  |  15.18 |  16.58 |  16.74 |  11.54 |I I 
14:40-Fri-Mar-17-2017 PM2.5 |   8.56 |   8.51 |   9.20 |   6.28 |I I 
14:41-Fri-Mar-17-2017 PM10  |  13.99 |  16.44 |  16.74 |  11.54 |I I 
14:41-Fri-Mar-17-2017 PM2.5 |   7.86 |   8.47 |   9.20 |   6.28 |I I 
14:45-Fri-Mar-17-2017 PM10  |  14.01 |  16.32 |  16.74 |  11.54 |I I 
14:45-Fri-Mar-17-2017 PM2.5 |   7.89 |   8.44 |   9.20 |   6.28 |I I 
14:46-Fri-Mar-17-2017 PM10  |  15.94 |  16.30 |  16.74 |  11.54 |I I 
14:46-Fri-Mar-17-2017 PM2.5 |   8.46 |   8.44 |   9.20 |   6.28 |I I 
14:50-Fri-Mar-17-2017 PM10  |  15.36 |  16.26 |  16.74 |  11.54 |I I 
14:50-Fri-Mar-17-2017 PM2.5 |   7.99 |   8.42 |   9.20 |   6.28 |I I 
14:51-Fri-Mar-17-2017 PM10  |  14.92 |  16.20 |  16.74 |  11.54 |I I 
14:51-Fri-Mar-17-2017 PM2.5 |   7.89 |   8.40 |   9.20 |   6.28 |I I 
14:55-Fri-Mar-17-2017 PM10  |  16.17 |  16.20 |  16.74 |  11.54 |I I 
14:55-Fri-Mar-17-2017 PM2.5 |   7.85 |   8.38 |   9.20 |   6.28 |I I 
14:56-Fri-Mar-17-2017 PM10  |  16.17 |  16.20 |  16.74 |  11.54 |I I 
14:56-Fri-Mar-17-2017 PM2.5 |   7.85 |   8.36 |   9.20 |   6.28 |I I 
14:57-Fri-Mar-17-2017 PM10  |  14.40 |  16.13 |  16.74 |  11.54 |I I 
14:57-Fri-Mar-17-2017 PM2.5 |   8.10 |   8.35 |   9.20 |   6.28 |I I 
15:01-Fri-Mar-17-2017 PM10  |  14.10 |  16.05 |  16.74 |  11.54 |I I 
15:01-Fri-Mar-17-2017 PM2.5 |   7.81 |   8.33 |   9.20 |   6.28 |I I 
15:02-Fri-Mar-17-2017 PM10  |  16.03 |  16.03 |  16.74 |  11.54 |I I 
15:02-Fri-Mar-17-2017 PM2.5 |   8.03 |   8.03 |   9.20 |   6.28 |I I 
15:06-Fri-Mar-17-2017 PM10  |  14.25 |  15.14 |  16.74 |  11.54 |I I 
15:06-Fri-Mar-17-2017 PM2.5 |   7.93 |   7.98 |   9.20 |   6.28 |I I 
15:07-Fri-Mar-17-2017 PM10  |  15.69 |  15.32 |  16.74 |  11.54 |I I 
15:07-Fri-Mar-17-2017 PM2.5 |   8.23 |   8.06 |   9.20 |   6.28 |I I 
14:17-Fri-Mar-17-2017Start
22:21-Fri-Mar-17-2017 PM10  |  20.60 |  20.60 |  20.60 |  11.54 |I I 
22:21-Fri-Mar-17-2017 PM2.5 |   7.46 |   7.46 |   9.20 |   6.28 |I I 
22:25-Fri-Mar-17-2017 PM10  |  14.84 |  14.84 |  20.60 |  11.54 |I I 
22:25-Fri-Mar-17-2017 PM2.5 |   7.41 |   7.41 |   9.20 |   6.28 |I I 
22:26-Fri-Mar-17-2017 PM10  |  13.76 |  14.30 |  20.60 |  11.54 |I I 
22:26-Fri-Mar-17-2017 PM2.5 |   6.55 |   6.98 |   9.20 |   6.28 |I I 
22:30-Fri-Mar-17-2017 PM10  |  15.82 |  14.81 |  20.60 |  11.54 |I I 
22:30-Fri-Mar-17-2017 PM2.5 |   6.95 |   6.97 |   9.20 |   6.28 |I I 
22:31-Fri-Mar-17-2017 PM10  |  17.90 |  15.58 |  20.60 |  11.54 |I I 
22:31-Fri-Mar-17-2017 PM2.5 |   7.34 |   7.06 |   9.20 |   6.28 |I I 
22:35-Fri-Mar-17-2017 PM10  |  13.98 |  15.26 |  20.60 |  11.54 |I I 
22:35-Fri-Mar-17-2017 PM2.5 |   7.19 |   7.09 |   9.20 |   6.28 |I I 
22:36-Fri-Mar-17-2017 PM10  |  14.12 |  15.07 |  20.60 |  11.54 |I I 
22:36-Fri-Mar-17-2017 PM2.5 |   7.42 |   7.14 |   9.20 |   6.28 |I I 
22:40-Fri-Mar-17-2017 PM10  |  13.46 |  14.84 |  20.60 |  11.54 |I I 
22:40-Fri-Mar-17-2017 PM2.5 |   6.92 |   7.11 |   9.20 |   6.28 |I I 
22:41-Fri-Mar-17-2017 PM10  |  14.85 |  14.84 |  20.60 |  11.54 |I I 
22:41-Fri-Mar-17-2017 PM2.5 |   7.43 |   7.15 |   9.20 |   6.28 |I I 
22:42-Fri-Mar-17-2017 PM10  |  14.85 |  14.84 |  20.60 |  11.54 |I I 
22:42-Fri-Mar-17-2017 PM2.5 |   7.43 |   7.18 |   9.20 |   6.28 |I I 
22:46-Fri-Mar-17-2017 PM10  |  14.51 |  14.81 |  20.60 |  11.54 |I I 
22:46-Fri-Mar-17-2017 PM2.5 |   7.60 |   7.22 |   9.20 |   6.28 |I I 
22:47-Fri-Mar-17-2017 PM10  |  14.45 |  14.78 |  20.60 |  11.54 |I I 
22:47-Fri-Mar-17-2017 PM2.5 |   6.85 |   7.19 |   9.20 |   6.28 |I I 
22:51-Fri-Mar-17-2017 PM10  |  11.39 |  14.49 |  20.60 |  11.54 |I I 
22:51-Fri-Mar-17-2017 PM2.5 |   6.94 |   7.17 |   9.20 |   6.28 |I I 
22:52-Fri-Mar-17-2017 PM10  |  13.73 |  14.44 |  20.60 |  11.54 |I I 
22:52-Fri-Mar-17-2017 PM2.5 |   6.94 |   7.15 |   9.20 |   6.28 |I I 
22:56-Fri-Mar-17-2017 PM10  |  19.63 |  14.81 |  20.60 |  11.54 |I I 
22:56-Fri-Mar-17-2017 PM2.5 |   6.91 |   7.13 |   9.20 |   6.28 |I I 
22:57-Fri-Mar-17-2017 PM10  |  13.76 |  14.74 |  20.60 |  11.54 |I I 
22:57-Fri-Mar-17-2017 PM2.5 |   7.26 |   7.14 |   9.20 |   6.28 |I I 
23:01-Fri-Mar-17-2017 PM10  |  11.03 |  14.51 |  20.60 |  11.54 |I I 
23:01-Fri-Mar-17-2017 PM2.5 |   7.02 |   7.14 |   9.20 |   6.28 |I I 
23:02-Fri-Mar-17-2017 PM10  |  13.55 |  13.55 |  20.60 |  11.54 |I I 
23:02-Fri-Mar-17-2017 PM2.5 |   7.02 |   7.02 |   9.20 |   6.28 |I I 
23:06-Fri-Mar-17-2017 PM10  |  11.73 |  12.64 |  20.60 |  11.54 |I I 
23:06-Fri-Mar-17-2017 PM2.5 |   7.10 |   7.06 |   9.20 |   6.28 |I I 
23:07-Fri-Mar-17-2017 PM10  |  12.87 |  12.72 |  20.60 |  11.54 |I I 
23:07-Fri-Mar-17-2017 PM2.5 |   6.88 |   7.00 |   9.20 |   6.28 |I I 
23:08-Fri-Mar-17-2017 PM10  |  12.87 |  12.75 |  20.60 |  11.54 |I I 
23:08-Fri-Mar-17-2017 PM2.5 |   6.88 |   6.97 |   9.20 |   6.28 |I I 
23:12-Fri-Mar-17-2017 PM10  |  13.78 |  12.96 |  20.60 |  11.54 |I I 
23:12-Fri-Mar-17-2017 PM2.5 |   7.21 |   7.02 |   9.20 |   6.28 |I I 
23:13-Fri-Mar-17-2017 PM10  |  12.34 |  12.86 |  20.60 |  11.54 |I I 
23:13-Fri-Mar-17-2017 PM2.5 |   6.62 |   6.95 |   9.20 |   6.28 |I I 
23:17-Fri-Mar-17-2017 PM10  |  12.13 |  12.75 |  20.60 |  11.54 |I I 
23:17-Fri-Mar-17-2017 PM2.5 |   6.84 |   6.94 |   9.20 |   6.28 |I I 
23:18-Fri-Mar-17-2017 PM10  |  16.66 |  13.24 |  20.60 |  11.54 |I I 
23:18-Fri-Mar-17-2017 PM2.5 |   7.08 |   6.95 |   9.20 |   6.28 |I I 
23:22-Fri-Mar-17-2017 PM10  |  13.36 |  13.26 |  20.60 |  11.54 |I I 
23:22-Fri-Mar-17-2017 PM2.5 |   7.05 |   6.96 |   9.20 |   6.28 |I I 
23:23-Fri-Mar-17-2017 PM10  |  18.26 |  13.76 |  20.60 |  11.54 |I I 
23:23-Fri-Mar-17-2017 PM2.5 |   7.14 |   6.98 |   9.20 |   6.28 |I I 
23:27-Fri-Mar-17-2017 PM10  |  16.27 |  13.98 |  20.60 |  11.54 |I I 
23:27-Fri-Mar-17-2017 PM2.5 |   7.51 |   7.03 |   9.20 |   6.28 |I I 
23:28-Fri-Mar-17-2017 PM10  |  11.19 |  13.75 |  20.60 |  11.54 |I I 
23:28-Fri-Mar-17-2017 PM2.5 |   6.77 |   7.01 |   9.20 |   6.28 |I I 
23:32-Fri-Mar-17-2017 PM10  |  17.46 |  14.04 |  20.60 |  11.54 |I I 
23:32-Fri-Mar-17-2017 PM2.5 |   7.77 |   7.07 |   9.20 |   6.28 |I I 
23:33-Fri-Mar-17-2017 PM10  |  12.16 |  13.90 |  20.60 |  11.54 |I I 
23:33-Fri-Mar-17-2017 PM2.5 |   7.12 |   7.07 |   9.20 |   6.28 |I I 
23:34-Fri-Mar-17-2017 PM10  |  12.16 |  13.79 |  20.60 |  11.54 |I I 
23:34-Fri-Mar-17-2017 PM2.5 |   7.12 |   7.07 |   9.20 |   6.28 |I I 
23:38-Fri-Mar-17-2017 PM10  |  13.32 |  13.76 |  20.60 |  11.54 |I I 
23:38-Fri-Mar-17-2017 PM2.5 |   7.31 |   7.09 |   9.20 |   6.28 |I I 
23:39-Fri-Mar-17-2017 PM10  |  15.54 |  13.86 |  20.60 |  11.54 |I I 
23:39-Fri-Mar-17-2017 PM2.5 |   7.16 |   7.09 |   9.20 |   6.28 |I I 
23:43-Fri-Mar-17-2017 PM10  |  14.01 |  13.87 |  20.60 |  11.54 |I I 
23:43-Fri-Mar-17-2017 PM2.5 |   7.30 |   7.10 |   9.20 |   6.28 |I I 
23:44-Fri-Mar-17-2017 PM10  |  13.95 |  13.88 |  20.60 |  11.54 |I I 
23:44-Fri-Mar-17-2017 PM2.5 |   6.59 |   7.08 |   9.20 |   6.28 |I I 
23:48-Fri-Mar-17-2017 PM10  |  11.63 |  13.76 |  20.60 |  11.54 |I I 
23:48-Fri-Mar-17-2017 PM2.5 |   6.87 |   7.07 |   9.20 |   6.28 |I I 
23:49-Fri-Mar-17-2017 PM10  |  12.75 |  13.72 |  20.60 |  11.54 |I I 
23:49-Fri-Mar-17-2017 PM2.5 |   6.73 |   7.05 |   9.20 |   6.28 |I I 
23:53-Fri-Mar-17-2017 PM10  |  12.59 |  13.66 |  20.60 |  11.54 |I I 
23:53-Fri-Mar-17-2017 PM2.5 |   6.98 |   7.05 |   9.20 |   6.28 |I I 
23:54-Fri-Mar-17-2017 PM10  |  15.73 |  13.75 |  20.60 |  11.54 |I I 
23:54-Fri-Mar-17-2017 PM2.5 |   6.96 |   7.04 |   9.20 |   6.28 |I I 
23:58-Fri-Mar-17-2017 PM10  |  13.36 |  13.74 |  20.60 |  11.54 |I I 
23:58-Fri-Mar-17-2017 PM2.5 |   6.95 |   7.04 |   9.20 |   6.28 |I I 
23:59-Fri-Mar-17-2017 PM10  |  15.20 |  13.80 |  20.60 |  11.54 |I I 
23:59-Fri-Mar-17-2017 PM2.5 |   6.95 |   7.04 |   9.20 |   6.28 |I I 
00:00-Sat-Mar-18-2017 PM10  |  15.20 |  13.85 |  20.60 |  11.54 |I I 
