[Fri May  5 00:00:26 2017] Report del giorno Friday May 05 2017 -- INVIATO a centraline@googlegroups.com
00:00-Fri-May-05-2017recover dati per host :92.223.147.77/nodered
00:00-Fri-May-05-2017 PM10  |  102.24|  102.24|  102.24|  102.24|I I 
00:00-Fri-May-05-2017 PM2.5 |  52.97 |  52.97 |  52.97 |  52.97 |I I 
00:04-Fri-May-05-2017 PM10  |  104.08|  104.08|  102.24|  102.24|I I 
00:04-Fri-May-05-2017 PM2.5 |  55.16 |  55.16 |  52.97 |  52.97 |I I 
00:05-Fri-May-05-2017Timeout Event handler
00:05-Fri-May-05-2017 PM10  |  101.07|  102.57|  102.24|  102.24|B I 
00:05-Fri-May-05-2017 PM2.5 |  52.90 |  54.03 |  52.97 |  52.97 |B I 
00:09-Fri-May-05-2017recover dati per host :salvatorehost.no-ip.org/aria
00:09-Fri-May-05-2017 PM10  |  104.89|  103.35|  102.24|  102.24|I I 
00:09-Fri-May-05-2017 PM2.5 |  55.62 |  54.56 |  52.97 |  52.97 |I I 
00:10-Fri-May-05-2017 PM10  |  96.48 |  101.63|  102.24|  102.24|I I 
00:10-Fri-May-05-2017 PM2.5 |  51.91 |  53.90 |  52.97 |  52.97 |I I 
00:14-Fri-May-05-2017 PM10  |  97.77 |  100.86|  102.24|  102.24|B B 
00:14-Fri-May-05-2017 PM2.5 |  53.25 |  53.77 |  52.97 |  52.97 |B B 
00:15-Fri-May-05-2017recover dati per host :salvatorehost.no-ip.org/aria
00:15-Fri-May-05-2017 PM10  |  96.80 |  100.18|  102.24|  102.24|I B 
00:15-Fri-May-05-2017 PM2.5 |  50.47 |  53.22 |  52.97 |  52.97 |I B 
00:19-Fri-May-05-2017recover dati per host :92.223.147.77/nodered
00:19-Fri-May-05-2017 PM10  |  98.81 |  99.99 |  102.24|  102.24|I I 
00:19-Fri-May-05-2017 PM2.5 |  53.34 |  53.24 |  52.97 |  52.97 |I I 
00:20-Fri-May-05-2017 PM10  |  93.08 |  99.12 |  102.24|  102.24|I I 
00:20-Fri-May-05-2017 PM2.5 |  50.04 |  52.84 |  52.97 |  52.97 |I I 
00:24-Fri-May-05-2017 PM10  |  93.93 |  98.55 |  102.24|  102.24|B B 
00:24-Fri-May-05-2017 PM2.5 |  53.10 |  52.87 |  52.97 |  52.97 |B B 
00:26-Fri-May-05-2017Timeout Event handler
00:26-Fri-May-05-2017 PM10  |  89.57 |  97.65 |  102.24|  102.24|B B 
00:26-Fri-May-05-2017 PM2.5 |  49.38 |  52.52 |  52.97 |  52.97 |B B 
00:29-Fri-May-05-2017 PM10  |  90.90 |  97.04 |  102.24|  102.24|B B 
00:29-Fri-May-05-2017 PM2.5 |  51.85 |  52.46 |  52.97 |  52.97 |B B 
00:30-Fri-May-05-2017recover dati per host :salvatorehost.no-ip.org/aria
00:30-Fri-May-05-2017recover dati per host :92.223.147.77/nodered
00:30-Fri-May-05-2017 PM10  |  88.75 |  96.34 |  102.24|  102.24|I I 
00:30-Fri-May-05-2017 PM2.5 |  48.17 |  52.10 |  52.97 |  52.97 |I I 
00:34-Fri-May-05-2017 PM10  |  87.78 |  95.69 |  102.24|  102.24|I B 
00:34-Fri-May-05-2017 PM2.5 |  50.18 |  51.95 |  52.97 |  52.97 |I B 
00:35-Fri-May-05-2017 PM10  |  87.69 |  95.11 |  102.24|  102.24|I B 
00:35-Fri-May-05-2017 PM2.5 |  47.40 |  51.63 |  52.97 |  52.97 |I B 
00:39-Fri-May-05-2017 PM10  |  86.92 |  94.57 |  102.24|  102.24|B B 
00:39-Fri-May-05-2017 PM2.5 |  49.74 |  51.50 |  52.97 |  52.97 |B B 
00:40-Fri-May-05-2017Timeout Event handler
00:40-Fri-May-05-2017 PM10  |  84.31 |  93.93 |  102.24|  102.24|B B 
00:40-Fri-May-05-2017 PM2.5 |  45.65 |  51.13 |  52.97 |  52.97 |B B 
00:44-Fri-May-05-2017recover dati per host :92.223.147.77/nodered
00:44-Fri-May-05-2017 PM10  |  87.68 |  93.56 |  102.24|  102.24|B I 
00:44-Fri-May-05-2017 PM2.5 |  47.90 |  50.94 |  52.97 |  52.97 |B I 
00:45-Fri-May-05-2017 PM10  |  81.42 |  92.89 |  102.24|  102.24|B I 
00:45-Fri-May-05-2017 PM2.5 |  45.82 |  50.66 |  52.97 |  52.97 |B I 
00:49-Fri-May-05-2017recover dati per host :salvatorehost.no-ip.org/aria
00:49-Fri-May-05-2017 PM10  |  83.24 |  92.38 |  102.24|  102.24|I I 
00:49-Fri-May-05-2017 PM2.5 |  47.89 |  50.51 |  52.97 |  52.97 |I I 
00:50-Fri-May-05-2017 PM10  |  80.42 |  91.78 |  102.24|  102.24|B B 
00:50-Fri-May-05-2017 PM2.5 |  44.10 |  50.19 |  52.97 |  52.97 |B B 
00:54-Fri-May-05-2017 PM10  |  81.84 |  91.31 |  102.24|  102.24|B B 
00:54-Fri-May-05-2017 PM2.5 |  47.30 |  50.06 |  52.97 |  52.97 |B B 
00:55-Fri-May-05-2017recover dati per host :salvatorehost.no-ip.org/aria
00:55-Fri-May-05-2017recover dati per host :92.223.147.77/nodered
00:55-Fri-May-05-2017 PM10  |  81.45 |  90.86 |  102.24|  102.24|I I 
00:55-Fri-May-05-2017 PM2.5 |  44.35 |  49.80 |  52.97 |  52.97 |I I 
00:59-Fri-May-05-2017 PM10  |  85.41 |  90.62 |  102.24|  102.24|I B 
00:59-Fri-May-05-2017 PM2.5 |  47.89 |  49.71 |  52.97 |  52.97 |I B 
01:01-Fri-May-05-2017 PM10  |  80.19 |  90.19 |  102.24|  90.19 |I B 
01:01-Fri-May-05-2017 PM2.5 |  44.39 |  49.49 |  52.97 |  49.49 |I B 
01:04-Fri-May-05-2017 PM10  |  81.15 |  81.15 |  102.24|  90.19 |B B 
01:04-Fri-May-05-2017 PM2.5 |  45.53 |  45.53 |  52.97 |  49.49 |B B 
01:05-Fri-May-05-2017Timeout Event handler
01:05-Fri-May-05-2017 PM10  |  76.95 |  79.05 |  102.24|  90.19 |B B 
01:05-Fri-May-05-2017 PM2.5 |  43.13 |  44.33 |  52.97 |  49.49 |B B 
01:09-Fri-May-05-2017recover dati per host :salvatorehost.no-ip.org/aria
01:09-Fri-May-05-2017recover dati per host :92.223.147.77/nodered
01:09-Fri-May-05-2017 PM10  |  79.60 |  79.23 |  102.24|  90.19 |I I 
01:09-Fri-May-05-2017 PM2.5 |  44.99 |  44.55 |  52.97 |  49.49 |I I 
01:10-Fri-May-05-2017 PM10  |  76.94 |  78.66 |  102.24|  90.19 |I I 
01:10-Fri-May-05-2017 PM2.5 |  42.31 |  43.99 |  52.97 |  49.49 |I I 
01:14-Fri-May-05-2017 PM10  |  74.74 |  77.88 |  102.24|  90.19 |I I 
01:14-Fri-May-05-2017 PM2.5 |  42.85 |  43.76 |  52.97 |  49.49 |I I 
01:15-Fri-May-05-2017 PM10  |  73.27 |  77.11 |  102.24|  90.19 |I I 
01:15-Fri-May-05-2017 PM2.5 |  40.34 |  43.19 |  52.97 |  49.49 |I I 
01:19-Fri-May-05-2017 PM10  |  76.29 |  76.99 |  102.24|  90.19 |I I 
01:19-Fri-May-05-2017 PM2.5 |  43.56 |  43.24 |  52.97 |  49.49 |I I 
01:20-Fri-May-05-2017 PM10  |  75.30 |  76.78 |  102.24|  90.19 |B B 
01:20-Fri-May-05-2017 PM2.5 |  41.31 |  43.00 |  52.97 |  49.49 |B B 
01:24-Fri-May-05-2017recover dati per host :92.223.147.77/nodered
01:24-Fri-May-05-2017 PM10  |  77.85 |  76.90 |  102.24|  90.19 |B I 
01:24-Fri-May-05-2017 PM2.5 |  43.18 |  43.02 |  52.97 |  49.49 |B I 
01:25-Fri-May-05-2017recover dati per host :salvatorehost.no-ip.org/aria
01:25-Fri-May-05-2017 PM10  |  77.51 |  76.96 |  102.24|  90.19 |I I 
01:25-Fri-May-05-2017 PM2.5 |  40.94 |  42.82 |  52.97 |  49.49 |I I 
01:29-Fri-May-05-2017 PM10  |  76.29 |  76.90 |  102.24|  90.19 |B I 
01:29-Fri-May-05-2017 PM2.5 |  42.40 |  42.78 |  52.97 |  49.49 |B I 
01:30-Fri-May-05-2017 PM10  |  71.22 |  76.43 |  102.24|  90.19 |B B 
01:30-Fri-May-05-2017 PM2.5 |  39.43 |  42.50 |  52.97 |  49.49 |B B 
01:34-Fri-May-05-2017recover dati per host :salvatorehost.no-ip.org/aria
01:34-Fri-May-05-2017recover dati per host :92.223.147.77/nodered
01:34-Fri-May-05-2017 PM10  |  74.27 |  76.26 |  102.24|  90.19 |I I 
01:34-Fri-May-05-2017 PM2.5 |  41.22 |  42.40 |  52.97 |  49.49 |I I 
01:35-Fri-May-05-2017 PM10  |  70.02 |  75.81 |  102.24|  90.19 |I I 
01:35-Fri-May-05-2017 PM2.5 |  39.53 |  42.19 |  52.97 |  49.49 |I I 
01:39-Fri-May-05-2017 PM10  |  71.72 |  75.54 |  102.24|  90.19 |B B 
01:39-Fri-May-05-2017 PM2.5 |  41.22 |  42.13 |  52.97 |  49.49 |B B 
01:40-Fri-May-05-2017recover dati per host :salvatorehost.no-ip.org/aria
01:40-Fri-May-05-2017recover dati per host :92.223.147.77/nodered
01:40-Fri-May-05-2017 PM10  |  69.22 |  75.15 |  102.24|  90.19 |I I 
01:40-Fri-May-05-2017 PM2.5 |  38.12 |  41.88 |  52.97 |  49.49 |I I 
01:45-Fri-May-05-2017 PM10  |  68.72 |  74.77 |  102.24|  90.19 |I B 
01:45-Fri-May-05-2017 PM2.5 |  39.42 |  41.73 |  52.97 |  49.49 |I B 
01:46-Fri-May-05-2017 PM10  |  65.35 |  74.24 |  102.24|  90.19 |B B 
01:46-Fri-May-05-2017 PM2.5 |  36.80 |  41.46 |  52.97 |  49.49 |B B 
01:50-Fri-May-05-2017recover dati per host :salvatorehost.no-ip.org/aria
01:50-Fri-May-05-2017recover dati per host :92.223.147.77/nodered
01:50-Fri-May-05-2017 PM10  |  66.44 |  73.83 |  102.24|  90.19 |I I 
01:50-Fri-May-05-2017 PM2.5 |  38.96 |  41.33 |  52.97 |  49.49 |I I 
01:54-Fri-May-05-2017Timeout Event handler
01:54-Fri-May-05-2017 PM10  |  67.85 |  73.53 |  102.24|  90.19 |B I 
01:54-Fri-May-05-2017 PM2.5 |  38.51 |  41.19 |  52.97 |  49.49 |B I 
01:55-Fri-May-05-2017recover dati per host :salvatorehost.no-ip.org/aria
01:55-Fri-May-05-2017 PM10  |  64.17 |  73.09 |  102.24|  90.19 |I B 
01:55-Fri-May-05-2017 PM2.5 |  35.90 |  40.94 |  52.97 |  49.49 |I B 
01:59-Fri-May-05-2017recover dati per host :92.223.147.77/nodered
01:59-Fri-May-05-2017 PM10  |  65.68 |  72.75 |  102.24|  90.19 |I I 
01:59-Fri-May-05-2017 PM2.5 |  38.52 |  40.83 |  52.97 |  49.49 |I I 
02:00-Fri-May-05-2017 PM10  |  63.92 |  72.37 |  102.24|  72.37 |B B 
02:00-Fri-May-05-2017 PM2.5 |  36.31 |  40.63 |  52.97 |  40.63 |B B 
02:04-Fri-May-05-2017recover dati per host :salvatorehost.no-ip.org/aria
02:04-Fri-May-05-2017recover dati per host :92.223.147.77/nodered
02:04-Fri-May-05-2017 PM10  |  65.58 |  65.58 |  102.24|  72.37 |I I 
02:04-Fri-May-05-2017 PM2.5 |  37.93 |  37.93 |  52.97 |  40.63 |I I 
02:05-Fri-May-05-2017 PM10  |  60.53 |  63.05 |  102.24|  72.37 |I I 
02:05-Fri-May-05-2017 PM2.5 |  34.49 |  36.21 |  52.97 |  40.63 |I I 
02:09-Fri-May-05-2017 PM10  |  62.49 |  62.86 |  102.24|  72.37 |I I 
02:09-Fri-May-05-2017 PM2.5 |  36.23 |  36.22 |  52.97 |  40.63 |I I 
02:10-Fri-May-05-2017 PM10  |  59.87 |  62.12 |  102.24|  72.37 |I I 
02:10-Fri-May-05-2017 PM2.5 |  34.66 |  35.83 |  52.97 |  40.63 |I I 
02:14-Fri-May-05-2017 PM10  |  65.38 |  62.77 |  102.24|  72.37 |I I 
02:14-Fri-May-05-2017 PM2.5 |  37.01 |  36.06 |  52.97 |  40.63 |I I 
02:15-Fri-May-05-2017 PM10  |  57.17 |  61.83 |  102.24|  72.37 |I I 
02:15-Fri-May-05-2017 PM2.5 |  33.14 |  35.58 |  52.97 |  40.63 |I I 
02:19-Fri-May-05-2017 PM10  |  61.17 |  61.74 |  102.24|  72.37 |I I 
02:19-Fri-May-05-2017 PM2.5 |  36.27 |  35.68 |  52.97 |  40.63 |I I 
02:20-Fri-May-05-2017 PM10  |  60.61 |  61.60 |  102.24|  72.37 |I I 
02:20-Fri-May-05-2017 PM2.5 |  33.20 |  35.37 |  52.97 |  40.63 |I I 
02:24-Fri-May-05-2017 PM10  |  63.60 |  61.82 |  102.24|  72.37 |I I 
02:24-Fri-May-05-2017 PM2.5 |  34.98 |  35.32 |  52.97 |  40.63 |I I 
02:25-Fri-May-05-2017 PM10  |  60.20 |  61.66 |  102.24|  72.37 |I I 
02:25-Fri-May-05-2017 PM2.5 |  33.71 |  35.16 |  52.97 |  40.63 |I I 
02:29-Fri-May-05-2017Timeout Event handler
02:29-Fri-May-05-2017 PM10  |  57.61 |  61.29 |  102.24|  72.37 |B B 
02:29-Fri-May-05-2017 PM2.5 |  33.77 |  35.04 |  52.97 |  40.63 |B B 
02:31-Fri-May-05-2017 PM10  |  54.51 |  60.72 |  102.24|  72.37 |B B 
02:31-Fri-May-05-2017 PM2.5 |  32.18 |  34.80 |  52.97 |  40.63 |B B 
02:35-Fri-May-05-2017recover dati per host :salvatorehost.no-ip.org/aria
02:35-Fri-May-05-2017recover dati per host :92.223.147.77/nodered
02:35-Fri-May-05-2017 PM10  |  57.99 |  60.51 |  102.24|  72.37 |I I 
02:35-Fri-May-05-2017 PM2.5 |  33.56 |  34.70 |  52.97 |  40.63 |I I 
02:36-Fri-May-05-2017 PM10  |  55.16 |  60.13 |  102.24|  72.37 |I I 
02:36-Fri-May-05-2017 PM2.5 |  31.93 |  34.50 |  52.97 |  40.63 |I I 
02:40-Fri-May-05-2017Timeout Event handler
02:40-Fri-May-05-2017 PM10  |  55.67 |  59.83 |  102.24|  72.37 |B B 
02:40-Fri-May-05-2017 PM2.5 |  32.92 |  34.40 |  52.97 |  40.63 |B B 
02:44-Fri-May-05-2017recover dati per host :salvatorehost.no-ip.org/aria
02:44-Fri-May-05-2017recover dati per host :92.223.147.77/nodered
02:44-Fri-May-05-2017 PM10  |  54.94 |  59.53 |  102.24|  72.37 |I I 
02:44-Fri-May-05-2017 PM2.5 |  32.30 |  34.27 |  52.97 |  40.63 |I I 
02:45-Fri-May-05-2017 PM10  |  54.89 |  59.26 |  102.24|  72.37 |B B 
02:45-Fri-May-05-2017 PM2.5 |  31.08 |  34.08 |  52.97 |  40.63 |B B 
02:49-Fri-May-05-2017recover dati per host :salvatorehost.no-ip.org/aria
02:49-Fri-May-05-2017 PM10  |  55.54 |  59.05 |  102.24|  72.37 |I B 
02:49-Fri-May-05-2017 PM2.5 |  32.27 |  33.98 |  52.97 |  40.63 |I B 
02:50-Fri-May-05-2017recover dati per host :92.223.147.77/nodered
02:50-Fri-May-05-2017 PM10  |  52.11 |  58.68 |  102.24|  72.37 |B I 
02:50-Fri-May-05-2017 PM2.5 |  29.80 |  33.76 |  52.97 |  40.63 |B I 
02:54-Fri-May-05-2017recover dati per host :salvatorehost.no-ip.org/aria
02:54-Fri-May-05-2017 PM10  |  54.16 |  58.46 |  102.24|  72.37 |I B 
02:54-Fri-May-05-2017 PM2.5 |  31.67 |  33.65 |  52.97 |  40.63 |I B 
02:55-Fri-May-05-2017recover dati per host :92.223.147.77/nodered
02:55-Fri-May-05-2017 PM10  |  53.31 |  58.21 |  102.24|  72.37 |I I 
02:55-Fri-May-05-2017 PM2.5 |  29.82 |  33.47 |  52.97 |  40.63 |I I 
02:59-Fri-May-05-2017 PM10  |  53.08 |  57.98 |  102.24|  72.37 |I I 
02:59-Fri-May-05-2017 PM2.5 |  31.72 |  33.39 |  52.97 |  40.63 |I I 
03:00-Fri-May-05-2017 PM10  |  49.43 |  57.61 |  102.24|  57.61 |B B 
03:00-Fri-May-05-2017 PM2.5 |  28.30 |  33.17 |  52.97 |  33.17 |B B 
03:04-Fri-May-05-2017recover dati per host :salvatorehost.no-ip.org/aria
03:04-Fri-May-05-2017recover dati per host :92.223.147.77/nodered
03:04-Fri-May-05-2017 PM10  |  52.08 |  52.08 |  102.24|  57.61 |I I 
03:04-Fri-May-05-2017 PM2.5 |  29.81 |  29.81 |  52.97 |  33.17 |I I 
03:05-Fri-May-05-2017 PM10  |  48.07 |  50.08 |  102.24|  57.61 |B B 
03:05-Fri-May-05-2017 PM2.5 |  28.13 |  28.97 |  52.97 |  33.17 |B B 
03:09-Fri-May-05-2017recover dati per host :salvatorehost.no-ip.org/aria
03:09-Fri-May-05-2017recover dati per host :92.223.147.77/nodered
03:09-Fri-May-05-2017 PM10  |  49.77 |  49.97 |  102.24|  57.61 |I I 
03:09-Fri-May-05-2017 PM2.5 |  29.14 |  29.03 |  52.97 |  33.17 |I I 
03:11-Fri-May-05-2017 PM10  |  49.22 |  49.79 |  102.24|  57.61 |B I 
03:11-Fri-May-05-2017 PM2.5 |  28.07 |  28.79 |  52.97 |  33.17 |B I 
03:15-Fri-May-05-2017recover dati per host :salvatorehost.no-ip.org/aria
03:15-Fri-May-05-2017 PM10  |  51.26 |  50.08 |  102.24|  57.61 |I I 
03:15-Fri-May-05-2017 PM2.5 |  29.62 |  28.95 |  52.97 |  33.17 |I I 
03:16-Fri-May-05-2017 PM10  |  46.80 |  49.53 |  102.24|  57.61 |I I 
03:16-Fri-May-05-2017 PM2.5 |  27.45 |  28.70 |  52.97 |  33.17 |I I 
03:20-Fri-May-05-2017 PM10  |  48.88 |  49.44 |  102.24|  57.61 |I B 
03:20-Fri-May-05-2017 PM2.5 |  29.01 |  28.75 |  52.97 |  33.17 |I B 
03:24-Fri-May-05-2017recover dati per host :92.223.147.77/nodered
03:24-Fri-May-05-2017 PM10  |  47.18 |  49.16 |  102.24|  57.61 |I I 
03:24-Fri-May-05-2017 PM2.5 |  28.22 |  28.68 |  52.97 |  33.17 |I I 
03:25-Fri-May-05-2017 PM10  |  46.86 |  48.90 |  102.24|  57.61 |I I 
03:25-Fri-May-05-2017 PM2.5 |  26.21 |  28.41 |  52.97 |  33.17 |I I 
03:29-Fri-May-05-2017 PM10  |  47.06 |  48.72 |  102.24|  57.61 |I I 
03:29-Fri-May-05-2017 PM2.5 |  27.63 |  28.33 |  52.97 |  33.17 |I I 
03:30-Fri-May-05-2017 PM10  |  47.97 |  48.65 |  102.24|  57.61 |I I 
03:30-Fri-May-05-2017 PM2.5 |  26.79 |  28.19 |  52.97 |  33.17 |I I 
03:34-Fri-May-05-2017 PM10  |  45.72 |  48.41 |  102.24|  57.61 |B B 
03:34-Fri-May-05-2017 PM2.5 |  27.33 |  28.12 |  52.97 |  33.17 |B B 
03:35-Fri-May-05-2017recover dati per host :salvatorehost.no-ip.org/aria
03:35-Fri-May-05-2017recover dati per host :92.223.147.77/nodered
03:35-Fri-May-05-2017 PM10  |  43.44 |  48.02 |  102.24|  57.61 |I I 
03:35-Fri-May-05-2017 PM2.5 |  25.05 |  27.88 |  52.97 |  33.17 |I I 
03:39-Fri-May-05-2017 PM10  |  43.34 |  47.69 |  102.24|  57.61 |I I 
03:39-Fri-May-05-2017 PM2.5 |  26.39 |  27.77 |  52.97 |  33.17 |I I 
03:40-Fri-May-05-2017 PM10  |  44.63 |  47.49 |  102.24|  57.61 |B B 
03:40-Fri-May-05-2017 PM2.5 |  25.54 |  27.63 |  52.97 |  33.17 |B B 
03:44-Fri-May-05-2017 PM10  |  43.95 |  47.26 |  102.24|  57.61 |B B 
03:44-Fri-May-05-2017 PM2.5 |  26.63 |  27.56 |  52.97 |  33.17 |B B 
03:45-Fri-May-05-2017recover dati per host :salvatorehost.no-ip.org/aria
03:45-Fri-May-05-2017recover dati per host :92.223.147.77/nodered
03:45-Fri-May-05-2017 PM10  |  41.76 |  46.94 |  102.24|  57.61 |I I 
03:45-Fri-May-05-2017 PM2.5 |  24.70 |  27.40 |  52.97 |  33.17 |I I 
03:49-Fri-May-05-2017 PM10  |  42.55 |  46.70 |  102.24|  57.61 |B B 
03:49-Fri-May-05-2017 PM2.5 |  25.57 |  27.29 |  52.97 |  33.17 |B B 
03:50-Fri-May-05-2017Timeout Event handler
03:50-Fri-May-05-2017recover dati per host :92.223.147.77/nodered
03:50-Fri-May-05-2017 PM10  |  43.35 |  46.52 |  102.24|  57.61 |B I 
03:50-Fri-May-05-2017 PM2.5 |  24.42 |  27.14 |  52.97 |  33.17 |B I 
03:54-Fri-May-05-2017recover dati per host :salvatorehost.no-ip.org/aria
03:54-Fri-May-05-2017 PM10  |  41.39 |  46.26 |  102.24|  57.61 |I B 
03:54-Fri-May-05-2017 PM2.5 |  25.43 |  27.06 |  52.97 |  33.17 |I B 
03:56-Fri-May-05-2017 PM10  |  38.63 |  45.90 |  102.24|  57.61 |I B 
03:56-Fri-May-05-2017 PM2.5 |  22.94 |  26.86 |  52.97 |  33.17 |I B 
04:00-Fri-May-05-2017 PM10  |  40.63 |  45.66 |  102.24|  45.66 |I B 
04:00-Fri-May-05-2017 PM2.5 |  24.45 |  26.75 |  52.97 |  26.75 |I B 
04:01-Fri-May-05-2017recover dati per host :92.223.147.77/nodered
04:01-Fri-May-05-2017 PM10  |  41.44 |  41.44 |  102.24|  45.66 |I I 
04:01-Fri-May-05-2017 PM2.5 |  23.29 |  23.29 |  52.97 |  26.75 |I I 
04:05-Fri-May-05-2017 PM10  |  40.56 |  41.00 |  102.24|  45.66 |I I 
04:05-Fri-May-05-2017 PM2.5 |  23.72 |  23.50 |  52.97 |  26.75 |I I 
04:06-Fri-May-05-2017 PM10  |  38.01 |  40.00 |  102.24|  45.66 |I I 
04:06-Fri-May-05-2017 PM2.5 |  21.85 |  22.95 |  52.97 |  26.75 |I I 
04:09-Fri-May-05-2017 PM10  |  39.64 |  39.91 |  102.24|  45.66 |I I 
04:09-Fri-May-05-2017 PM2.5 |  23.17 |  23.01 |  52.97 |  26.75 |I I 
04:10-Fri-May-05-2017 PM10  |  38.18 |  39.56 |  102.24|  45.66 |I I 
04:10-Fri-May-05-2017 PM2.5 |  22.09 |  22.82 |  52.97 |  26.75 |I I 
04:14-Fri-May-05-2017 PM10  |  38.41 |  39.37 |  102.24|  45.66 |B B 
04:14-Fri-May-05-2017 PM2.5 |  22.81 |  22.82 |  52.97 |  26.75 |B B 
04:15-Fri-May-05-2017 PM10  |  37.34 |  39.08 |  102.24|  45.66 |B B 
04:15-Fri-May-05-2017 PM2.5 |  21.07 |  22.57 |  52.97 |  26.75 |B B 
04:19-Fri-May-05-2017recover dati per host :salvatorehost.no-ip.org/aria
04:19-Fri-May-05-2017recover dati per host :92.223.147.77/nodered
04:19-Fri-May-05-2017 PM10  |  40.05 |  39.20 |  102.24|  45.66 |I I 
04:19-Fri-May-05-2017 PM2.5 |  23.32 |  22.66 |  52.97 |  26.75 |I I 
04:20-Fri-May-05-2017 PM10  |  40.55 |  39.35 |  102.24|  45.66 |B B 
04:20-Fri-May-05-2017 PM2.5 |  20.93 |  22.47 |  52.97 |  26.75 |B B 
04:24-Fri-May-05-2017recover dati per host :salvatorehost.no-ip.org/aria
04:24-Fri-May-05-2017recover dati per host :92.223.147.77/nodered
04:24-Fri-May-05-2017 PM10  |  40.53 |  39.47 |  102.24|  45.66 |I I 
04:24-Fri-May-05-2017 PM2.5 |  23.13 |  22.54 |  52.97 |  26.75 |I I 
04:25-Fri-May-05-2017 PM10  |  36.43 |  39.19 |  102.24|  45.66 |I I 
04:25-Fri-May-05-2017 PM2.5 |  20.98 |  22.40 |  52.97 |  26.75 |I I 
04:29-Fri-May-05-2017 PM10  |  35.82 |  38.91 |  102.24|  45.66 |I I 
04:29-Fri-May-05-2017 PM2.5 |  21.68 |  22.34 |  52.97 |  26.75 |I I 
04:30-Fri-May-05-2017 PM10  |  35.62 |  38.66 |  102.24|  45.66 |B B 
04:30-Fri-May-05-2017 PM2.5 |  20.36 |  22.18 |  52.97 |  26.75 |B B 
04:34-Fri-May-05-2017recover dati per host :salvatorehost.no-ip.org/aria
04:34-Fri-May-05-2017 PM10  |  36.35 |  38.49 |  102.24|  45.66 |I B 
04:34-Fri-May-05-2017 PM2.5 |  21.55 |  22.14 |  52.97 |  26.75 |I B 
04:35-Fri-May-05-2017recover dati per host :92.223.147.77/nodered
04:35-Fri-May-05-2017 PM10  |  35.31 |  38.28 |  102.24|  45.66 |I I 
04:35-Fri-May-05-2017 PM2.5 |  20.35 |  22.02 |  52.97 |  26.75 |I I 
04:39-Fri-May-05-2017 PM10  |  35.40 |  38.10 |  102.24|  45.66 |I I 
04:39-Fri-May-05-2017 PM2.5 |  20.89 |  21.95 |  52.97 |  26.75 |I I 
04:41-Fri-May-05-2017 PM10  |  31.56 |  37.72 |  102.24|  45.66 |I B 
04:41-Fri-May-05-2017 PM2.5 |  19.31 |  21.79 |  52.97 |  26.75 |I B 
04:45-Fri-May-05-2017recover dati per host :92.223.147.77/nodered
04:45-Fri-May-05-2017 PM10  |  35.66 |  37.60 |  102.24|  45.66 |I I 
04:45-Fri-May-05-2017 PM2.5 |  20.67 |  21.73 |  52.97 |  26.75 |I I 
04:46-Fri-May-05-2017Timeout Event handler
04:46-Fri-May-05-2017 PM10  |  33.87 |  37.41 |  102.24|  45.66 |B I 
04:46-Fri-May-05-2017 PM2.5 |  19.76 |  21.63 |  52.97 |  26.75 |B I 
04:49-Fri-May-05-2017recover dati per host :salvatorehost.no-ip.org/aria
04:49-Fri-May-05-2017 PM10  |  33.07 |  37.19 |  102.24|  45.66 |I I 
04:49-Fri-May-05-2017 PM2.5 |  20.51 |  21.57 |  52.97 |  26.75 |I I 
04:50-Fri-May-05-2017 PM10  |  32.88 |  36.98 |  102.24|  45.66 |I B 
04:50-Fri-May-05-2017 PM2.5 |  18.87 |  21.44 |  52.97 |  26.75 |I B 
04:54-Fri-May-05-2017 PM10  |  33.86 |  36.84 |  102.24|  45.66 |B B 
04:54-Fri-May-05-2017 PM2.5 |  19.37 |  21.35 |  52.97 |  26.75 |B B 
04:55-Fri-May-05-2017 PM10  |  31.52 |  36.61 |  102.24|  45.66 |B B 
04:55-Fri-May-05-2017 PM2.5 |  18.00 |  21.20 |  52.97 |  26.75 |B B 
04:59-Fri-May-05-2017recover dati per host :salvatorehost.no-ip.org/aria
04:59-Fri-May-05-2017recover dati per host :92.223.147.77/nodered
04:59-Fri-May-05-2017 PM10  |  34.89 |  36.54 |  102.24|  45.66 |I I 
04:59-Fri-May-05-2017 PM2.5 |  19.31 |  21.13 |  52.97 |  26.75 |I I 
05:00-Fri-May-05-2017 PM10  |  32.41 |  36.37 |  102.24|  36.37 |I I 
05:00-Fri-May-05-2017 PM2.5 |  18.49 |  21.02 |  52.97 |  21.02 |I I 
05:04-Fri-May-05-2017 PM10  |  33.61 |  33.61 |  102.24|  36.37 |B B 
05:04-Fri-May-05-2017 PM2.5 |  19.65 |  19.65 |  52.97 |  21.02 |B B 
05:05-Fri-May-05-2017recover dati per host :salvatorehost.no-ip.org/aria
05:05-Fri-May-05-2017recover dati per host :92.223.147.77/nodered
05:05-Fri-May-05-2017 PM10  |  29.61 |  31.61 |  102.24|  36.37 |I I 
05:05-Fri-May-05-2017 PM2.5 |  17.61 |  18.63 |  52.97 |  21.02 |I I 
05:09-Fri-May-05-2017 PM10  |  30.70 |  31.31 |  102.24|  36.37 |B I 
05:09-Fri-May-05-2017 PM2.5 |  18.47 |  18.58 |  52.97 |  21.02 |B I 
05:10-Fri-May-05-2017recover dati per host :salvatorehost.no-ip.org/aria
05:10-Fri-May-05-2017 PM10  |  28.82 |  30.68 |  102.24|  36.37 |I I 
05:10-Fri-May-05-2017 PM2.5 |  17.25 |  18.24 |  52.97 |  21.02 |I I 
05:14-Fri-May-05-2017 PM10  |  29.28 |  30.40 |  102.24|  36.37 |I B 
05:14-Fri-May-05-2017 PM2.5 |  18.17 |  18.23 |  52.97 |  21.02 |I B 
05:15-Fri-May-05-2017recover dati per host :92.223.147.77/nodered
05:15-Fri-May-05-2017 PM10  |  30.23 |  30.37 |  102.24|  36.37 |I I 
05:15-Fri-May-05-2017 PM2.5 |  17.55 |  18.12 |  52.97 |  21.02 |I I 
05:20-Fri-May-05-2017Timeout Event handler
05:20-Fri-May-05-2017 PM10  |  31.02 |  30.47 |  102.24|  36.37 |B I 
05:20-Fri-May-05-2017 PM2.5 |  18.46 |  18.16 |  52.97 |  21.02 |B I 
05:21-Fri-May-05-2017recover dati per host :salvatorehost.no-ip.org/aria
05:21-Fri-May-05-2017 PM10  |  30.78 |  30.51 |  102.24|  36.37 |I I 
05:21-Fri-May-05-2017 PM2.5 |  17.51 |  18.08 |  52.97 |  21.02 |I I 
05:25-Fri-May-05-2017 PM10  |  29.08 |  30.35 |  102.24|  36.37 |I B 
05:25-Fri-May-05-2017 PM2.5 |  17.53 |  18.02 |  52.97 |  21.02 |I B 
05:26-Fri-May-05-2017recover dati per host :92.223.147.77/nodered
05:26-Fri-May-05-2017 PM10  |  29.03 |  30.22 |  102.24|  36.37 |I I 
05:26-Fri-May-05-2017 PM2.5 |  16.92 |  17.91 |  52.97 |  21.02 |I I 
05:30-Fri-May-05-2017 PM10  |  29.49 |  30.15 |  102.24|  36.37 |I I 
05:30-Fri-May-05-2017 PM2.5 |  16.99 |  17.83 |  52.97 |  21.02 |I I 
05:34-Fri-May-05-2017 PM10  |  28.38 |  30.00 |  102.24|  36.37 |I I 
05:34-Fri-May-05-2017 PM2.5 |  16.91 |  17.75 |  52.97 |  21.02 |I I 
05:35-Fri-May-05-2017 PM10  |  28.70 |  29.90 |  102.24|  36.37 |B B 
05:35-Fri-May-05-2017 PM2.5 |  16.04 |  17.62 |  52.97 |  21.02 |B B 
05:39-Fri-May-05-2017recover dati per host :salvatorehost.no-ip.org/aria
05:39-Fri-May-05-2017recover dati per host :92.223.147.77/nodered
05:39-Fri-May-05-2017 PM10  |  29.57 |  29.88 |  102.24|  36.37 |I I 
05:39-Fri-May-05-2017 PM2.5 |  16.62 |  17.55 |  52.97 |  21.02 |I I 
05:40-Fri-May-05-2017 PM10  |  22.74 |  29.40 |  102.24|  36.37 |I I 
05:40-Fri-May-05-2017 PM2.5 |  14.08 |  17.32 |  52.97 |  21.02 |I I 
05:44-Fri-May-05-2017 PM10  |  26.95 |  29.25 |  102.24|  36.37 |B B 
05:44-Fri-May-05-2017 PM2.5 |  15.93 |  17.23 |  52.97 |  21.02 |B B 
05:45-Fri-May-05-2017recover dati per host :92.223.147.77/nodered
05:45-Fri-May-05-2017 PM10  |  25.35 |  29.02 |  102.24|  36.37 |B I 
05:45-Fri-May-05-2017 PM2.5 |  15.77 |  17.14 |  52.97 |  21.02 |B I 
05:49-Fri-May-05-2017 PM10  |  26.35 |  28.87 |  102.24|  36.37 |B I 
05:49-Fri-May-05-2017 PM2.5 |  16.08 |  17.09 |  52.97 |  21.02 |B I 
05:50-Fri-May-05-2017 PM10  |  27.69 |  28.81 |  102.24|  36.37 |B B 
05:50-Fri-May-05-2017 PM2.5 |  14.98 |  16.97 |  52.97 |  21.02 |B B 
05:54-Fri-May-05-2017Timeout Event handler
05:54-Fri-May-05-2017recover dati per host :92.223.147.77/nodered
05:54-Fri-May-05-2017 PM10  |  25.10 |  28.62 |  102.24|  36.37 |B I 
05:54-Fri-May-05-2017 PM2.5 |  15.30 |  16.89 |  52.97 |  21.02 |B I 
05:55-Fri-May-05-2017recover dati per host :salvatorehost.no-ip.org/aria
05:55-Fri-May-05-2017 PM10  |  26.80 |  28.54 |  102.24|  36.37 |I I 
05:55-Fri-May-05-2017 PM2.5 |  15.06 |  16.80 |  52.97 |  21.02 |I I 
05:59-Fri-May-05-2017Timeout Event handler
05:59-Fri-May-05-2017 PM10  |  26.53 |  28.45 |  102.24|  36.37 |B I 
05:59-Fri-May-05-2017 PM2.5 |  15.73 |  16.75 |  52.97 |  21.02 |B I 
06:01-Fri-May-05-2017 PM10  |  24.91 |  28.29 |  102.24|  28.29 |B B 
06:01-Fri-May-05-2017 PM2.5 |  14.35 |  16.65 |  52.97 |  16.65 |B B 
06:05-Fri-May-05-2017recover dati per host :salvatorehost.no-ip.org/aria
06:05-Fri-May-05-2017recover dati per host :92.223.147.77/nodered
06:05-Fri-May-05-2017 PM10  |  27.08 |  27.08 |  102.24|  28.29 |I I 
06:05-Fri-May-05-2017 PM2.5 |  15.56 |  15.56 |  52.97 |  16.65 |I I 
06:06-Fri-May-05-2017 PM10  |  22.94 |  25.01 |  102.24|  28.29 |I I 
06:06-Fri-May-05-2017 PM2.5 |  13.65 |  14.61 |  52.97 |  16.65 |I I 
06:10-Fri-May-05-2017 PM10  |  25.36 |  25.12 |  102.24|  28.29 |B B 
06:10-Fri-May-05-2017 PM2.5 |  14.82 |  14.68 |  52.97 |  16.65 |B B 
06:11-Fri-May-05-2017recover dati per host :salvatorehost.no-ip.org/aria
06:11-Fri-May-05-2017recover dati per host :92.223.147.77/nodered
06:11-Fri-May-05-2017 PM10  |  25.66 |  25.26 |  102.24|  28.29 |I I 
06:11-Fri-May-05-2017 PM2.5 |  14.53 |  14.64 |  52.97 |  16.65 |I I 
06:15-Fri-May-05-2017Timeout Event handler
06:15-Fri-May-05-2017 PM10  |  26.93 |  25.59 |  102.24|  28.29 |B I 
06:15-Fri-May-05-2017 PM2.5 |  15.16 |  14.74 |  52.97 |  16.65 |B I 
06:19-Fri-May-05-2017 PM10  |  27.19 |  25.86 |  102.24|  28.29 |B B 
06:19-Fri-May-05-2017 PM2.5 |  15.36 |  14.85 |  52.97 |  16.65 |B B 
06:20-Fri-May-05-2017 PM10  |  25.46 |  25.80 |  102.24|  28.29 |B B 
06:20-Fri-May-05-2017 PM2.5 |  14.10 |  14.74 |  52.97 |  16.65 |B B 
06:24-Fri-May-05-2017recover dati per host :salvatorehost.no-ip.org/aria
06:24-Fri-May-05-2017recover dati per host :92.223.147.77/nodered
06:24-Fri-May-05-2017 PM10  |  25.42 |  25.75 |  102.24|  28.29 |I I 
06:24-Fri-May-05-2017 PM2.5 |  15.24 |  14.80 |  52.97 |  16.65 |I I 
06:25-Fri-May-05-2017 PM10  |  25.22 |  25.70 |  102.24|  28.29 |B B 
06:25-Fri-May-05-2017 PM2.5 |  14.05 |  14.72 |  52.97 |  16.65 |B B 
06:29-Fri-May-05-2017 PM10  |  26.10 |  25.74 |  102.24|  28.29 |B B 
06:29-Fri-May-05-2017 PM2.5 |  14.71 |  14.72 |  52.97 |  16.65 |B B 
06:30-Fri-May-05-2017recover dati per host :92.223.147.77/nodered
06:30-Fri-May-05-2017 PM10  |  25.79 |  25.74 |  102.24|  28.29 |B I 
06:30-Fri-May-05-2017 PM2.5 |  14.68 |  14.71 |  52.97 |  16.65 |B I 
06:34-Fri-May-05-2017recover dati per host :salvatorehost.no-ip.org/aria
06:34-Fri-May-05-2017 PM10  |  26.15 |  25.77 |  102.24|  28.29 |I I 
06:34-Fri-May-05-2017 PM2.5 |  14.46 |  14.69 |  52.97 |  16.65 |I I 
06:36-Fri-May-05-2017 PM10  |  24.41 |  25.67 |  102.24|  28.29 |B B 
06:36-Fri-May-05-2017 PM2.5 |  14.06 |  14.64 |  52.97 |  16.65 |B B 
06:40-Fri-May-05-2017recover dati per host :salvatorehost.no-ip.org/aria
06:40-Fri-May-05-2017recover dati per host :92.223.147.77/nodered
06:40-Fri-May-05-2017 PM10  |  25.23 |  25.64 |  102.24|  28.29 |I I 
06:40-Fri-May-05-2017 PM2.5 |  14.74 |  14.65 |  52.97 |  16.65 |I I 
06:41-Fri-May-05-2017 PM10  |  24.45 |  25.56 |  102.24|  28.29 |I I 
06:41-Fri-May-05-2017 PM2.5 |  13.42 |  14.57 |  52.97 |  16.65 |I I 
06:45-Fri-May-05-2017 PM10  |  22.64 |  25.38 |  102.24|  28.29 |I I 
06:45-Fri-May-05-2017 PM2.5 |  14.16 |  14.54 |  52.97 |  16.65 |I I 
06:46-Fri-May-05-2017 PM10  |  22.55 |  25.21 |  102.24|  28.29 |I I 
06:46-Fri-May-05-2017 PM2.5 |  13.42 |  14.48 |  52.97 |  16.65 |I I 
06:50-Fri-May-05-2017 PM10  |  24.23 |  25.16 |  102.24|  28.29 |B B 
06:50-Fri-May-05-2017 PM2.5 |  14.00 |  14.45 |  52.97 |  16.65 |B B 
06:51-Fri-May-05-2017recover dati per host :salvatorehost.no-ip.org/aria
06:51-Fri-May-05-2017recover dati per host :92.223.147.77/nodered
06:51-Fri-May-05-2017 PM10  |  23.76 |  25.08 |  102.24|  28.29 |I I 
06:51-Fri-May-05-2017 PM2.5 |  12.75 |  14.36 |  52.97 |  16.65 |I I 
06:55-Fri-May-05-2017 PM10  |  21.39 |  24.90 |  102.24|  28.29 |B B 
06:55-Fri-May-05-2017 PM2.5 |  13.54 |  14.32 |  52.97 |  16.65 |B B 
06:59-Fri-May-05-2017recover dati per host :salvatorehost.no-ip.org/aria
06:59-Fri-May-05-2017recover dati per host :92.223.147.77/nodered
06:59-Fri-May-05-2017 PM10  |  21.69 |  24.75 |  102.24|  28.29 |I I 
06:59-Fri-May-05-2017 PM2.5 |  13.48 |  14.28 |  52.97 |  16.65 |I I 
07:00-Fri-May-05-2017 PM10  |  22.64 |  24.65 |  102.24|  24.65 |B B 
07:00-Fri-May-05-2017 PM2.5 |  13.03 |  14.22 |  52.97 |  14.22 |B B 
07:04-Fri-May-05-2017recover dati per host :salvatorehost.no-ip.org/aria
07:04-Fri-May-05-2017recover dati per host :92.223.147.77/nodered
07:04-Fri-May-05-2017 PM10  |  20.38 |  20.38 |  102.24|  24.65 |I I 
07:04-Fri-May-05-2017 PM2.5 |  12.69 |  12.69 |  52.97 |  14.22 |I I 
07:05-Fri-May-05-2017 PM10  |  22.27 |  21.33 |  102.24|  24.65 |B I 
07:05-Fri-May-05-2017 PM2.5 |  12.76 |  12.72 |  52.97 |  14.22 |B I 
07:09-Fri-May-05-2017recover dati per host :salvatorehost.no-ip.org/aria
07:09-Fri-May-05-2017 PM10  |  22.36 |  21.67 |  102.24|  24.65 |I I 
07:09-Fri-May-05-2017 PM2.5 |  13.07 |  12.84 |  52.97 |  14.22 |I I 
07:10-Fri-May-05-2017 PM10  |  20.66 |  21.42 |  102.24|  24.65 |I I 
07:10-Fri-May-05-2017 PM2.5 |  12.54 |  12.76 |  52.97 |  14.22 |I I 
07:14-Fri-May-05-2017 PM10  |  21.27 |  21.39 |  102.24|  24.65 |B B 
07:14-Fri-May-05-2017 PM2.5 |  12.66 |  12.74 |  52.97 |  14.22 |B B 
07:15-Fri-May-05-2017recover dati per host :salvatorehost.no-ip.org/aria
07:15-Fri-May-05-2017recover dati per host :92.223.147.77/nodered
07:15-Fri-May-05-2017 PM10  |  18.09 |  20.84 |  102.24|  24.65 |I I 
07:15-Fri-May-05-2017 PM2.5 |  10.98 |  12.45 |  52.97 |  14.22 |I I 
07:19-Fri-May-05-2017 PM10  |  21.30 |  20.90 |  102.24|  24.65 |I I 
07:19-Fri-May-05-2017 PM2.5 |  12.32 |  12.43 |  52.97 |  14.22 |I I 
07:21-Fri-May-05-2017 PM10  |  18.39 |  20.59 |  102.24|  24.65 |B I 
07:21-Fri-May-05-2017 PM2.5 |  11.32 |  12.29 |  52.97 |  14.22 |B I 
07:25-Fri-May-05-2017 PM10  |  21.88 |  20.73 |  102.24|  24.65 |B I 
07:25-Fri-May-05-2017 PM2.5 |  12.11 |  12.27 |  52.97 |  14.22 |B I 
07:26-Fri-May-05-2017recover dati per host :salvatorehost.no-ip.org/aria
07:26-Fri-May-05-2017 PM10  |  21.64 |  20.82 |  102.24|  24.65 |I I 
07:26-Fri-May-05-2017 PM2.5 |  11.32 |  12.18 |  52.97 |  14.22 |I I 
07:30-Fri-May-05-2017 PM10  |  25.23 |  21.22 |  102.24|  24.65 |I I 
07:30-Fri-May-05-2017 PM2.5 |  12.00 |  12.16 |  52.97 |  14.22 |I I 
07:31-Fri-May-05-2017 PM10  |  23.35 |  21.40 |  102.24|  24.65 |I I 
07:31-Fri-May-05-2017 PM2.5 |  11.25 |  12.08 |  52.97 |  14.22 |I I 
07:35-Fri-May-05-2017 PM10  |  21.01 |  21.37 |  102.24|  24.65 |I I 
07:35-Fri-May-05-2017 PM2.5 |  12.49 |  12.11 |  52.97 |  14.22 |I I 
07:39-Fri-May-05-2017 PM10  |  21.64 |  21.39 |  102.24|  24.65 |B B 
07:39-Fri-May-05-2017 PM2.5 |  11.77 |  12.09 |  52.97 |  14.22 |B B 
07:40-Fri-May-05-2017recover dati per host :salvatorehost.no-ip.org/aria
07:40-Fri-May-05-2017recover dati per host :92.223.147.77/nodered
07:40-Fri-May-05-2017 PM10  |  19.11 |  21.24 |  102.24|  24.65 |I I 
07:40-Fri-May-05-2017 PM2.5 |  11.52 |  12.05 |  52.97 |  14.22 |I I 
07:44-Fri-May-05-2017Timeout Event handler
07:44-Fri-May-05-2017 PM10  |  19.90 |  21.15 |  102.24|  24.65 |B I 
07:44-Fri-May-05-2017 PM2.5 |  11.83 |  12.04 |  52.97 |  14.22 |B I 
07:45-Fri-May-05-2017recover dati per host :salvatorehost.no-ip.org/aria
07:45-Fri-May-05-2017 PM10  |  18.44 |  20.99 |  102.24|  24.65 |I I 
07:45-Fri-May-05-2017 PM2.5 |  11.09 |  11.98 |  52.97 |  14.22 |I I 
07:49-Fri-May-05-2017 PM10  |  18.18 |  20.84 |  102.24|  24.65 |I I 
07:49-Fri-May-05-2017 PM2.5 |  11.27 |  11.94 |  52.97 |  14.22 |I I 
07:50-Fri-May-05-2017 PM10  |  17.22 |  20.65 |  102.24|  24.65 |B B 
07:50-Fri-May-05-2017 PM2.5 |  10.99 |  11.89 |  52.97 |  14.22 |B B 
07:54-Fri-May-05-2017recover dati per host :92.223.147.77/nodered
07:54-Fri-May-05-2017 PM10  |  18.79 |  20.56 |  102.24|  24.65 |B I 
07:54-Fri-May-05-2017 PM2.5 |  11.73 |  11.88 |  52.97 |  14.22 |B I 
07:55-Fri-May-05-2017recover dati per host :salvatorehost.no-ip.org/aria
07:55-Fri-May-05-2017 PM10  |  22.01 |  20.62 |  102.24|  24.65 |I I 
07:55-Fri-May-05-2017 PM2.5 |  11.31 |  11.86 |  52.97 |  14.22 |I I 
07:59-Fri-May-05-2017 PM10  |  21.03 |  20.64 |  102.24|  24.65 |I I 
07:59-Fri-May-05-2017 PM2.5 |  11.39 |  11.84 |  52.97 |  14.22 |I I 
08:00-Fri-May-05-2017 PM10  |  17.87 |  20.52 |  102.24|  20.52 |B I 
08:00-Fri-May-05-2017 PM2.5 |  10.43 |  11.78 |  52.97 |  11.78 |B I 
08:04-Fri-May-05-2017recover dati per host :salvatorehost.no-ip.org/aria
08:04-Fri-May-05-2017 PM10  |  19.16 |  19.16 |  102.24|  20.52 |I I 
08:04-Fri-May-05-2017 PM2.5 |  10.48 |  10.48 |  52.97 |  11.78 |I I 
08:05-Fri-May-05-2017 PM10  |  16.82 |  17.99 |  102.24|  20.52 |I I 
08:05-Fri-May-05-2017 PM2.5 |  10.03 |  10.26 |  52.97 |  11.78 |I I 
08:10-Fri-May-05-2017 PM10  |  17.71 |  17.89 |  102.24|  20.52 |I I 
08:10-Fri-May-05-2017 PM2.5 |  10.65 |  10.39 |  52.97 |  11.78 |I I 
08:11-Fri-May-05-2017 PM10  |  20.52 |  18.55 |  102.24|  20.52 |I I 
08:11-Fri-May-05-2017 PM2.5 |  10.62 |  10.45 |  52.97 |  11.78 |I I 
08:15-Fri-May-05-2017 PM10  |  17.22 |  18.28 |  102.24|  20.52 |B B 
08:15-Fri-May-05-2017 PM2.5 |  10.58 |  10.47 |  52.97 |  11.78 |B B 
08:16-Fri-May-05-2017 PM10  |  18.31 |  18.29 |  102.24|  20.52 |B B 
08:16-Fri-May-05-2017 PM2.5 |  10.17 |  10.42 |  52.97 |  11.78 |B B 
08:20-Fri-May-05-2017recover dati per host :salvatorehost.no-ip.org/aria
08:20-Fri-May-05-2017recover dati per host :92.223.147.77/nodered
08:20-Fri-May-05-2017 PM10  |  16.61 |  18.05 |  102.24|  20.52 |I I 
08:20-Fri-May-05-2017 PM2.5 |  11.09 |  10.52 |  52.97 |  11.78 |I I 
08:24-Fri-May-05-2017 PM10  |  16.97 |  17.91 |  102.24|  20.52 |I I 
08:24-Fri-May-05-2017 PM2.5 |  10.30 |  10.49 |  52.97 |  11.78 |I I 
08:25-Fri-May-05-2017 PM10  |  17.88 |  17.91 |  102.24|  20.52 |I I 
08:25-Fri-May-05-2017 PM2.5 |   9.87 |  10.42 |  52.97 |  11.78 |I I 
08:29-Fri-May-05-2017 PM10  |  17.31 |  17.85 |  102.24|  20.52 |I I 
08:29-Fri-May-05-2017 PM2.5 |  10.59 |  10.44 |  52.97 |  11.78 |I I 
08:30-Fri-May-05-2017 PM10  |  16.66 |  17.74 |  102.24|  20.52 |I I 
08:30-Fri-May-05-2017 PM2.5 |   9.59 |  10.36 |  52.97 |  11.78 |I I 
08:34-Fri-May-05-2017 PM10  |  16.37 |  17.63 |  102.24|  20.52 |I I 
08:34-Fri-May-05-2017 PM2.5 |   9.68 |  10.30 |  52.97 |  11.78 |I I 
08:35-Fri-May-05-2017 PM10  |  16.49 |  17.54 |  102.24|  20.52 |I B 
08:35-Fri-May-05-2017 PM2.5 |   9.66 |  10.26 |  52.97 |  11.78 |I B 
08:39-Fri-May-05-2017 PM10  |  15.63 |  17.40 |  102.24|  20.52 |B B 
08:39-Fri-May-05-2017 PM2.5 |   9.76 |  10.22 |  52.97 |  11.78 |B B 
08:40-Fri-May-05-2017Timeout Event handler
08:40-Fri-May-05-2017recover dati per host :92.223.147.77/nodered
08:40-Fri-May-05-2017 PM10  |  16.07 |  17.31 |  102.24|  20.52 |B I 
08:40-Fri-May-05-2017 PM2.5 |   9.74 |  10.19 |  52.97 |  11.78 |B I 
08:44-Fri-May-05-2017recover dati per host :salvatorehost.no-ip.org/aria
08:44-Fri-May-05-2017 PM10  |  15.32 |  17.19 |  102.24|  20.52 |I I 
08:44-Fri-May-05-2017 PM2.5 |   9.77 |  10.16 |  52.97 |  11.78 |I I 
08:46-Fri-May-05-2017 PM10  |  15.50 |  17.09 |  102.24|  20.52 |B I 
08:46-Fri-May-05-2017 PM2.5 |   9.23 |  10.11 |  52.97 |  11.78 |B I 
08:50-Fri-May-05-2017 PM10  |  15.35 |  16.99 |  102.24|  20.52 |B B 
08:50-Fri-May-05-2017 PM2.5 |   9.68 |  10.08 |  52.97 |  11.78 |B B 
08:51-Fri-May-05-2017recover dati per host :92.223.147.77/nodered
08:51-Fri-May-05-2017 PM10  |  14.41 |  16.86 |  102.24|  20.52 |B I 
08:51-Fri-May-05-2017 PM2.5 |   8.81 |  10.02 |  52.97 |  11.78 |B I 
08:55-Fri-May-05-2017recover dati per host :salvatorehost.no-ip.org/aria
08:55-Fri-May-05-2017 PM10  |  15.28 |  16.78 |  102.24|  20.52 |I I 
08:55-Fri-May-05-2017 PM2.5 |   9.29 |   9.98 |  52.97 |  11.78 |I I 
08:56-Fri-May-05-2017 PM10  |  15.25 |  16.71 |  102.24|  20.52 |B B 
08:56-Fri-May-05-2017 PM2.5 |   9.29 |   9.95 |  52.97 |  11.78 |B B 
09:00-Fri-May-05-2017 PM10  |  15.16 |  16.64 |  102.24|  16.64 |B B 
09:00-Fri-May-05-2017 PM2.5 |   9.17 |   9.91 |  52.97 |   9.91 |B B 
09:01-Fri-May-05-2017recover dati per host :salvatorehost.no-ip.org/aria
09:01-Fri-May-05-2017recover dati per host :92.223.147.77/nodered
09:01-Fri-May-05-2017 PM10  |  16.26 |  16.26 |  102.24|  16.64 |I I 
09:01-Fri-May-05-2017 PM2.5 |   9.18 |   9.18 |  52.97 |   9.91 |I I 
09:05-Fri-May-05-2017 PM10  |  15.97 |  16.12 |  102.24|  16.64 |B B 
09:05-Fri-May-05-2017 PM2.5 |   8.95 |   9.07 |  52.97 |   9.91 |B B 
09:06-Fri-May-05-2017recover dati per host :salvatorehost.no-ip.org/aria
09:06-Fri-May-05-2017recover dati per host :92.223.147.77/nodered
09:06-Fri-May-05-2017 PM10  |  14.48 |  15.57 |  102.24|  16.64 |I I 
09:06-Fri-May-05-2017 PM2.5 |   8.49 |   8.88 |  52.97 |   9.91 |I I 
09:09-Fri-May-05-2017 PM10  |  14.55 |  15.32 |  102.24|  16.64 |I B 
09:09-Fri-May-05-2017 PM2.5 |   9.47 |   9.02 |  52.97 |   9.91 |I B 
09:10-Fri-May-05-2017 PM10  |  12.30 |  14.71 |  102.24|  16.64 |I B 
09:10-Fri-May-05-2017 PM2.5 |   8.46 |   8.91 |  52.97 |   9.91 |I B 
09:14-Fri-May-05-2017recover dati per host :92.223.147.77/nodered
09:14-Fri-May-05-2017 PM10  |  13.47 |  14.51 |  102.24|  16.64 |B I 
09:14-Fri-May-05-2017 PM2.5 |   8.90 |   8.91 |  52.97 |   9.91 |B I 
09:15-Fri-May-05-2017Timeout Event handler
09:15-Fri-May-05-2017 PM10  |  13.33 |  14.34 |  102.24|  16.64 |B I 
09:15-Fri-May-05-2017 PM2.5 |   8.21 |   8.81 |  52.97 |   9.91 |B I 
09:19-Fri-May-05-2017recover dati per host :salvatorehost.no-ip.org/aria
09:19-Fri-May-05-2017 PM10  |  14.61 |  14.37 |  102.24|  16.64 |I I 
09:19-Fri-May-05-2017 PM2.5 |   8.87 |   8.82 |  52.97 |   9.91 |I I 
09:20-Fri-May-05-2017 PM10  |  13.67 |  14.29 |  102.24|  16.64 |I B 
09:20-Fri-May-05-2017 PM2.5 |   8.63 |   8.80 |  52.97 |   9.91 |I B 
09:25-Fri-May-05-2017recover dati per host :92.223.147.77/nodered
09:25-Fri-May-05-2017 PM10  |  17.05 |  14.57 |  102.24|  16.64 |I I 
09:25-Fri-May-05-2017 PM2.5 |   9.35 |   8.85 |  52.97 |   9.91 |I I 
09:26-Fri-May-05-2017 PM10  |  12.68 |  14.40 |  102.24|  16.64 |I I 
09:26-Fri-May-05-2017 PM2.5 |   7.87 |   8.76 |  52.97 |   9.91 |I I 
09:30-Fri-May-05-2017 PM10  |  13.96 |  14.36 |  102.24|  16.64 |I B 
09:30-Fri-May-05-2017 PM2.5 |   8.92 |   8.78 |  52.97 |   9.91 |I B 
09:31-Fri-May-05-2017recover dati per host :92.223.147.77/nodered
09:31-Fri-May-05-2017 PM10  |  12.83 |  14.24 |  102.24|  16.64 |I I 
09:31-Fri-May-05-2017 PM2.5 |   8.05 |   8.72 |  52.97 |   9.91 |I I 
09:35-Fri-May-05-2017 PM10  |  13.28 |  14.17 |  102.24|  16.64 |I I 
09:35-Fri-May-05-2017 PM2.5 |   8.63 |   8.71 |  52.97 |   9.91 |I I 
09:36-Fri-May-05-2017 PM10  |  12.45 |  14.06 |  102.24|  16.64 |I I 
09:36-Fri-May-05-2017 PM2.5 |   8.09 |   8.67 |  52.97 |   9.91 |I I 
09:40-Fri-May-05-2017 PM10  |  13.57 |  14.03 |  102.24|  16.64 |I I 
09:40-Fri-May-05-2017 PM2.5 |   8.41 |   8.66 |  52.97 |   9.91 |I I 
09:41-Fri-May-05-2017 PM10  |  12.14 |  13.92 |  102.24|  16.64 |I I 
09:41-Fri-May-05-2017 PM2.5 |   7.69 |   8.60 |  52.97 |   9.91 |I I 
09:45-Fri-May-05-2017 PM10  |  12.82 |  13.86 |  102.24|  16.64 |B B 
09:45-Fri-May-05-2017 PM2.5 |   8.19 |   8.58 |  52.97 |   9.91 |B B 
09:46-Fri-May-05-2017recover dati per host :92.223.147.77/nodered
09:46-Fri-May-05-2017 PM10  |  12.59 |  13.79 |  102.24|  16.64 |B I 
09:46-Fri-May-05-2017 PM2.5 |   8.05 |   8.55 |  52.97 |   9.91 |B I 
09:50-Fri-May-05-2017recover dati per host :salvatorehost.no-ip.org/aria
09:50-Fri-May-05-2017 PM10  |  12.20 |  13.71 |  102.24|  16.64 |I I 
09:50-Fri-May-05-2017 PM2.5 |   8.08 |   8.53 |  52.97 |   9.91 |I I 
09:51-Fri-May-05-2017 PM10  |  11.58 |  13.61 |  102.24|  16.64 |I I 
09:51-Fri-May-05-2017 PM2.5 |   7.75 |   8.49 |  52.97 |   9.91 |I I 
09:55-Fri-May-05-2017 PM10  |  12.37 |  13.55 |  102.24|  16.64 |I I 
09:55-Fri-May-05-2017 PM2.5 |   7.75 |   8.45 |  52.97 |   9.91 |I I 
09:56-Fri-May-05-2017 PM10  |  14.45 |  13.59 |  102.24|  16.64 |I I 
09:56-Fri-May-05-2017 PM2.5 |   7.58 |   8.42 |  52.97 |   9.91 |I I 
10:00-Fri-May-05-2017 PM10  |  13.78 |  13.60 |  102.24|  13.60 |I I 
10:00-Fri-May-05-2017 PM2.5 |   7.95 |   8.40 |  52.97 |   8.40 |I I 
10:04-Fri-May-05-2017 PM10  |  10.95 |  10.95 |  102.24|  13.60 |B B 
10:04-Fri-May-05-2017 PM2.5 |   7.71 |   7.71 |  52.97 |   8.40 |B B 
10:05-Fri-May-05-2017 PM10  |  10.38 |  10.66 |  102.24|  13.60 |B B 
10:05-Fri-May-05-2017 PM2.5 |   7.04 |   7.37 |  52.97 |   8.40 |B B 
10:09-Fri-May-05-2017Timeout Event handler
10:09-Fri-May-05-2017recover dati per host :92.223.147.77/nodered
10:09-Fri-May-05-2017 PM10  |  10.61 |  10.64 |  102.24|  13.60 |B I 
10:09-Fri-May-05-2017 PM2.5 |   7.18 |   7.31 |  52.97 |   8.40 |B I 
10:11-Fri-May-05-2017 PM10  |  13.04 |  11.24 |  102.24|  13.60 |B B 
10:11-Fri-May-05-2017 PM2.5 |   7.33 |   7.31 |  52.97 |   8.40 |B B 
10:15-Fri-May-05-2017recover dati per host :salvatorehost.no-ip.org/aria
10:15-Fri-May-05-2017recover dati per host :92.223.147.77/nodered
10:15-Fri-May-05-2017 PM10  |  12.03 |  11.40 |  102.24|  13.60 |I I 
10:15-Fri-May-05-2017 PM2.5 |   7.40 |   7.33 |  52.97 |   8.40 |I I 
10:16-Fri-May-05-2017 PM10  |  11.70 |  11.45 |  102.24|  13.60 |I I 
10:16-Fri-May-05-2017 PM2.5 |   6.85 |   7.25 |  52.97 |   8.40 |I I 
10:20-Fri-May-05-2017 PM10  |  11.42 |  11.45 |  102.24|  13.60 |I I 
10:20-Fri-May-05-2017 PM2.5 |   7.63 |   7.31 |  52.97 |   8.40 |I I 
10:21-Fri-May-05-2017 PM10  |  12.00 |  11.52 |  102.24|  13.60 |I I 
10:21-Fri-May-05-2017 PM2.5 |   6.94 |   7.26 |  52.97 |   8.40 |I I 
10:25-Fri-May-05-2017 PM10  |  11.45 |  11.51 |  102.24|  13.60 |B B 
10:25-Fri-May-05-2017 PM2.5 |   7.23 |   7.26 |  52.97 |   8.40 |B B 
10:26-Fri-May-05-2017Timeout Event handler
10:26-Fri-May-05-2017 PM10  |  11.66 |  11.52 |  102.24|  13.60 |B B 
10:26-Fri-May-05-2017 PM2.5 |   7.20 |   7.25 |  52.97 |   8.40 |B B 
10:30-Fri-May-05-2017Timeout Event handler
10:30-Fri-May-05-2017 PM10  |  11.23 |  11.50 |  102.24|  13.60 |B B 
10:30-Fri-May-05-2017 PM2.5 |   7.46 |   7.27 |  52.97 |   8.40 |B B 
10:31-Fri-May-05-2017recover dati per host :92.223.147.77/nodered
10:31-Fri-May-05-2017 PM10  |  10.84 |  11.44 |  102.24|  13.60 |B I 
10:31-Fri-May-05-2017 PM2.5 |   6.69 |   7.22 |  52.97 |   8.40 |B I 
10:35-Fri-May-05-2017 PM10  |  11.72 |  11.46 |  102.24|  13.60 |B B 
10:35-Fri-May-05-2017 PM2.5 |   7.35 |   7.23 |  52.97 |   8.40 |B B 
10:36-Fri-May-05-2017recover dati per host :salvatorehost.no-ip.org/aria
10:36-Fri-May-05-2017recover dati per host :92.223.147.77/nodered
10:36-Fri-May-05-2017 PM10  |  10.81 |  11.42 |  102.24|  13.60 |I I 
10:36-Fri-May-05-2017 PM2.5 |   6.74 |   7.20 |  52.97 |   8.40 |I I 
10:39-Fri-May-05-2017 PM10  |  10.70 |  11.37 |  102.24|  13.60 |I I 
10:39-Fri-May-05-2017 PM2.5 |   7.22 |   7.20 |  52.97 |   8.40 |I I 
10:40-Fri-May-05-2017 PM10  |  11.11 |  11.35 |  102.24|  13.60 |I I 
10:40-Fri-May-05-2017 PM2.5 |   6.47 |   7.15 |  52.97 |   8.40 |I I 
10:44-Fri-May-05-2017 PM10  |  10.28 |  11.29 |  102.24|  13.60 |I B 
10:44-Fri-May-05-2017 PM2.5 |   6.75 |   7.13 |  52.97 |   8.40 |I B 
10:45-Fri-May-05-2017 PM10  |   9.18 |  11.17 |  102.24|  13.60 |B B 
10:45-Fri-May-05-2017 PM2.5 |   5.99 |   7.07 |  52.97 |   8.40 |B B 
10:49-Fri-May-05-2017recover dati per host :92.223.147.77/nodered
10:49-Fri-May-05-2017 PM10  |  11.15 |  11.17 |  102.24|  13.60 |B I 
10:49-Fri-May-05-2017 PM2.5 |   6.56 |   7.04 |  52.97 |   8.40 |B I 
10:51-Fri-May-05-2017 PM10  |   9.13 |  11.07 |  102.24|  13.60 |B B 
10:51-Fri-May-05-2017 PM2.5 |   6.44 |   7.01 |  52.97 |   8.40 |B B 
10:55-Fri-May-05-2017 PM10  |  10.95 |  11.06 |  102.24|  13.60 |B B 
10:55-Fri-May-05-2017 PM2.5 |   7.19 |   7.02 |  52.97 |   8.40 |B B 
10:56-Fri-May-05-2017recover dati per host :salvatorehost.no-ip.org/aria
10:56-Fri-May-05-2017recover dati per host :92.223.147.77/nodered
10:56-Fri-May-05-2017 PM10  |   9.82 |  11.01 |  102.24|  13.60 |I I 
10:56-Fri-May-05-2017 PM2.5 |   6.52 |   7.00 |  52.97 |   8.40 |I I 
11:00-Fri-May-05-2017 PM10  |  11.41 |  11.03 |  102.24|  11.03 |I I 
11:00-Fri-May-05-2017 PM2.5 |   6.83 |   6.99 |  52.97 |   6.99 |I I 
11:01-Fri-May-05-2017 PM10  |  10.26 |  10.26 |  102.24|  11.03 |I I 
11:01-Fri-May-05-2017 PM2.5 |   6.36 |   6.36 |  52.97 |   6.99 |I I 
11:05-Fri-May-05-2017 PM10  |  10.06 |  10.16 |  102.24|  11.03 |B B 
11:05-Fri-May-05-2017 PM2.5 |   6.30 |   6.33 |  52.97 |   6.99 |B B 
11:06-Fri-May-05-2017recover dati per host :salvatorehost.no-ip.org/aria
11:06-Fri-May-05-2017recover dati per host :92.223.147.77/nodered
11:06-Fri-May-05-2017 PM10  |   9.03 |   9.78 |  102.24|  11.03 |I I 
11:06-Fri-May-05-2017 PM2.5 |   6.17 |   6.28 |  52.97 |   6.99 |I I 
11:10-Fri-May-05-2017 PM10  |  11.10 |  10.11 |  102.24|  11.03 |I I 
11:10-Fri-May-05-2017 PM2.5 |   6.83 |   6.41 |  52.97 |   6.99 |I I 
11:11-Fri-May-05-2017 PM10  |   9.02 |   9.89 |  102.24|  11.03 |I I 
11:11-Fri-May-05-2017 PM2.5 |   5.92 |   6.32 |  52.97 |   6.99 |I I 
11:15-Fri-May-05-2017 PM10  |   9.04 |   9.75 |  102.24|  11.03 |B B 
11:15-Fri-May-05-2017 PM2.5 |   6.32 |   6.32 |  52.97 |   6.99 |B B 
11:16-Fri-May-05-2017recover dati per host :salvatorehost.no-ip.org/aria
11:16-Fri-May-05-2017recover dati per host :92.223.147.77/nodered
11:16-Fri-May-05-2017 PM10  |   9.80 |   9.76 |  102.24|  11.03 |I I 
11:16-Fri-May-05-2017 PM2.5 |   6.00 |   6.27 |  52.97 |   6.99 |I I 
11:20-Fri-May-05-2017 PM10  |   9.81 |   9.76 |  102.24|  11.03 |I I 
11:20-Fri-May-05-2017 PM2.5 |   6.49 |   6.30 |  52.97 |   6.99 |I I 
11:21-Fri-May-05-2017 PM10  |  10.48 |   9.84 |  102.24|  11.03 |B B 
11:21-Fri-May-05-2017 PM2.5 |   6.25 |   6.29 |  52.97 |   6.99 |B B 
11:25-Fri-May-05-2017Timeout Event handler
11:25-Fri-May-05-2017 PM10  |   9.89 |   9.85 |  102.24|  11.03 |B B 
11:25-Fri-May-05-2017 PM2.5 |   6.48 |   6.31 |  52.97 |   6.99 |B B 
11:29-Fri-May-05-2017recover dati per host :salvatorehost.no-ip.org/aria
11:29-Fri-May-05-2017recover dati per host :92.223.147.77/nodered
11:29-Fri-May-05-2017 PM10  |   9.47 |   9.81 |  102.24|  11.03 |I I 
11:29-Fri-May-05-2017 PM2.5 |   6.58 |   6.34 |  52.97 |   6.99 |I I 
11:30-Fri-May-05-2017 PM10  |   8.54 |   9.71 |  102.24|  11.03 |I I 
11:30-Fri-May-05-2017 PM2.5 |   5.45 |   6.26 |  52.97 |   6.99 |I I 
11:34-Fri-May-05-2017 PM10  |   9.55 |   9.69 |  102.24|  11.03 |I I 
11:34-Fri-May-05-2017 PM2.5 |   6.01 |   6.24 |  52.97 |   6.99 |I I 
11:35-Fri-May-05-2017Timeout Event handler
11:35-Fri-May-05-2017 PM10  |  10.03 |   9.72 |  102.24|  11.03 |B B 
11:35-Fri-May-05-2017 PM2.5 |   5.85 |   6.22 |  52.97 |   6.99 |B B 
11:39-Fri-May-05-2017recover dati per host :salvatorehost.no-ip.org/aria
11:39-Fri-May-05-2017recover dati per host :92.223.147.77/nodered
11:39-Fri-May-05-2017 PM10  |  10.72 |   9.79 |  102.24|  11.03 |I I 
11:39-Fri-May-05-2017 PM2.5 |   6.09 |   6.21 |  52.97 |   6.99 |I I 
11:41-Fri-May-05-2017 PM10  |   9.63 |   9.78 |  102.24|  11.03 |B I 
11:41-Fri-May-05-2017 PM2.5 |   6.02 |   6.20 |  52.97 |   6.99 |B I 
11:45-Fri-May-05-2017recover dati per host :salvatorehost.no-ip.org/aria
11:45-Fri-May-05-2017 PM10  |   9.43 |   9.76 |  102.24|  11.03 |I I 
11:45-Fri-May-05-2017 PM2.5 |   6.30 |   6.20 |  52.97 |   6.99 |I I 
11:46-Fri-May-05-2017 PM10  |   8.77 |   9.70 |  102.24|  11.03 |I B 
11:46-Fri-May-05-2017 PM2.5 |   5.68 |   6.17 |  52.97 |   6.99 |I B 
11:50-Fri-May-05-2017 PM10  |   8.29 |   9.63 |  102.24|  11.03 |B B 
11:50-Fri-May-05-2017 PM2.5 |   5.78 |   6.15 |  52.97 |   6.99 |B B 
11:51-Fri-May-05-2017recover dati per host :92.223.147.77/nodered
11:51-Fri-May-05-2017 PM10  |   8.54 |   9.57 |  102.24|  11.03 |B I 
11:51-Fri-May-05-2017 PM2.5 |   5.67 |   6.13 |  52.97 |   6.99 |B I 
11:55-Fri-May-05-2017recover dati per host :salvatorehost.no-ip.org/aria
11:55-Fri-May-05-2017 PM10  |   9.69 |   9.58 |  102.24|  11.03 |I I 
11:55-Fri-May-05-2017 PM2.5 |   5.72 |   6.11 |  52.97 |   6.99 |I I 
11:56-Fri-May-05-2017 PM10  |   7.50 |   9.48 |  102.24|  11.03 |B B 
11:56-Fri-May-05-2017 PM2.5 |   5.46 |   6.08 |  52.97 |   6.99 |B B 
12:00-Fri-May-05-2017recover dati per host :salvatorehost.no-ip.org/aria
12:00-Fri-May-05-2017recover dati per host :92.223.147.77/nodered
12:00-Fri-May-05-2017 PM10  |   9.33 |   9.48 |  102.24|   9.48 |I I 
12:00-Fri-May-05-2017 PM2.5 |   6.05 |   6.08 |  52.97 |   6.08 |I I 
12:01-Fri-May-05-2017 PM10  |   8.28 |   8.28 |  102.24|   9.48 |B B 
12:01-Fri-May-05-2017 PM2.5 |   5.39 |   5.39 |  52.97 |   6.08 |B B 
12:05-Fri-May-05-2017 PM10  |   8.59 |   8.43 |  102.24|   9.48 |B B 
12:05-Fri-May-05-2017 PM2.5 |   5.54 |   5.47 |  52.97 |   6.08 |B B 
12:06-Fri-May-05-2017recover dati per host :salvatorehost.no-ip.org/aria
12:06-Fri-May-05-2017 PM10  |   8.18 |   8.35 |  102.24|   9.48 |I B 
12:06-Fri-May-05-2017 PM2.5 |   5.80 |   5.58 |  52.97 |   6.08 |I B 
12:10-Fri-May-05-2017 PM10  |   8.28 |   8.33 |  102.24|   9.48 |B B 
12:10-Fri-May-05-2017 PM2.5 |   5.71 |   5.61 |  52.97 |   6.08 |B B 
12:11-Fri-May-05-2017recover dati per host :92.223.147.77/nodered
12:11-Fri-May-05-2017 PM10  |   7.92 |   8.25 |  102.24|   9.48 |B I 
12:11-Fri-May-05-2017 PM2.5 |   5.75 |   5.64 |  52.97 |   6.08 |B I 
12:14-Fri-May-05-2017 PM10  |   8.53 |   8.30 |  102.24|   9.48 |B B 
12:14-Fri-May-05-2017 PM2.5 |   5.68 |   5.65 |  52.97 |   6.08 |B B 
12:15-Fri-May-05-2017recover dati per host :salvatorehost.no-ip.org/aria
12:15-Fri-May-05-2017recover dati per host :92.223.147.77/nodered
12:15-Fri-May-05-2017 PM10  |   6.30 |   8.01 |  102.24|   9.48 |I I 
12:15-Fri-May-05-2017 PM2.5 |   4.85 |   5.53 |  52.97 |   6.08 |I I 
12:19-Fri-May-05-2017 PM10  |   8.06 |   8.02 |  102.24|   9.48 |I B 
12:19-Fri-May-05-2017 PM2.5 |   5.59 |   5.54 |  52.97 |   6.08 |I B 
12:20-Fri-May-05-2017recover dati per host :92.223.147.77/nodered
12:20-Fri-May-05-2017 PM10  |   8.02 |   8.02 |  102.24|   9.48 |I I 
12:20-Fri-May-05-2017 PM2.5 |   5.33 |   5.52 |  52.97 |   6.08 |I I 
12:24-Fri-May-05-2017 PM10  |   8.50 |   8.07 |  102.24|   9.48 |I I 
12:24-Fri-May-05-2017 PM2.5 |   5.35 |   5.50 |  52.97 |   6.08 |I I 
12:25-Fri-May-05-2017 PM10  |   7.50 |   8.02 |  102.24|   9.48 |I I 
12:25-Fri-May-05-2017 PM2.5 |   5.19 |   5.47 |  52.97 |   6.08 |I I 
12:29-Fri-May-05-2017 PM10  |   7.38 |   7.96 |  102.24|   9.48 |I I 
12:29-Fri-May-05-2017 PM2.5 |   5.27 |   5.46 |  52.97 |   6.08 |I I 
12:31-Fri-May-05-2017 PM10  |   7.27 |   7.91 |  102.24|   9.48 |I I 
12:31-Fri-May-05-2017 PM2.5 |   5.10 |   5.43 |  52.97 |   6.08 |I I 
12:35-Fri-May-05-2017 PM10  |   6.84 |   7.83 |  102.24|   9.48 |I I 
12:35-Fri-May-05-2017 PM2.5 |   5.11 |   5.41 |  52.97 |   6.08 |I I 
12:36-Fri-May-05-2017 PM10  |   8.22 |   7.86 |  102.24|   9.48 |B B 
12:36-Fri-May-05-2017 PM2.5 |   4.86 |   5.37 |  52.97 |   6.08 |B B 
12:40-Fri-May-05-2017 PM10  |   7.59 |   7.84 |  102.24|   9.48 |B B 
12:40-Fri-May-05-2017 PM2.5 |   5.18 |   5.36 |  52.97 |   6.08 |B B 
12:41-Fri-May-05-2017recover dati per host :salvatorehost.no-ip.org/aria
12:41-Fri-May-05-2017recover dati per host :92.223.147.77/nodered
12:41-Fri-May-05-2017 PM10  |   6.92 |   7.79 |  102.24|   9.48 |I I 
12:41-Fri-May-05-2017 PM2.5 |   4.94 |   5.33 |  52.97 |   6.08 |I I 
12:45-Fri-May-05-2017 PM10  |   6.72 |   7.73 |  102.24|   9.48 |I I 
12:45-Fri-May-05-2017 PM2.5 |   4.63 |   5.29 |  52.97 |   6.08 |I I 
12:46-Fri-May-05-2017 PM10  |   7.61 |   7.72 |  102.24|   9.48 |I I 
12:46-Fri-May-05-2017 PM2.5 |   4.94 |   5.28 |  52.97 |   6.08 |I I 
12:50-Fri-May-05-2017 PM10  |   7.96 |   7.73 |  102.24|   9.48 |I I 
12:50-Fri-May-05-2017 PM2.5 |   5.36 |   5.28 |  52.97 |   6.08 |I I 
12:51-Fri-May-05-2017 PM10  |   6.39 |   7.67 |  102.24|   9.48 |I I 
12:51-Fri-May-05-2017 PM2.5 |   4.71 |   5.25 |  52.97 |   6.08 |I I 
12:55-Fri-May-05-2017 PM10  |   7.09 |   7.64 |  102.24|   9.48 |I B 
12:55-Fri-May-05-2017 PM2.5 |   5.11 |   5.25 |  52.97 |   6.08 |I B 
12:56-Fri-May-05-2017recover dati per host :92.223.147.77/nodered
12:56-Fri-May-05-2017 PM10  |   6.73 |   7.60 |  102.24|   9.48 |I I 
12:56-Fri-May-05-2017 PM2.5 |   4.97 |   5.23 |  52.97 |   6.08 |I I 
13:00-Fri-May-05-2017 PM10  |   7.11 |   7.58 |  102.24|   7.58 |I I 
13:00-Fri-May-05-2017 PM2.5 |   5.32 |   5.24 |  52.97 |   5.24 |I I 
13:01-Fri-May-05-2017 PM10  |   6.77 |   6.77 |  102.24|   7.58 |I I 
13:01-Fri-May-05-2017 PM2.5 |   5.03 |   5.03 |  52.97 |   5.24 |I I 
13:05-Fri-May-05-2017 PM10  |   7.80 |   7.29 |  102.24|   7.58 |I I 
13:05-Fri-May-05-2017 PM2.5 |   5.32 |   5.17 |  52.97 |   5.24 |I I 
13:06-Fri-May-05-2017 PM10  |   6.33 |   6.97 |  102.24|   7.58 |I I 
13:06-Fri-May-05-2017 PM2.5 |   4.62 |   4.99 |  52.97 |   5.24 |I I 
13:10-Fri-May-05-2017 PM10  |   7.79 |   7.17 |  102.24|   7.58 |I I 
13:10-Fri-May-05-2017 PM2.5 |   4.84 |   4.95 |  52.97 |   5.24 |I I 
13:11-Fri-May-05-2017 PM10  |   8.71 |   7.48 |  102.24|   7.58 |I I 
13:11-Fri-May-05-2017 PM2.5 |   4.82 |   4.92 |  52.97 |   5.24 |I I 
13:14-Fri-May-05-2017 PM10  |   8.03 |   7.57 |  102.24|   7.58 |B B 
13:14-Fri-May-05-2017 PM2.5 |   5.12 |   4.96 |  52.97 |   5.24 |B B 
13:15-Fri-May-05-2017recover dati per host :salvatorehost.no-ip.org/aria
13:15-Fri-May-05-2017recover dati per host :92.223.147.77/nodered
13:15-Fri-May-05-2017 PM10  |   6.86 |   7.47 |  102.24|   7.58 |I I 
13:15-Fri-May-05-2017 PM2.5 |   4.83 |   4.94 |  52.97 |   5.24 |I I 
13:19-Fri-May-05-2017 PM10  |   6.99 |   7.41 |  102.24|   7.58 |B B 
13:19-Fri-May-05-2017 PM2.5 |   4.83 |   4.93 |  52.97 |   5.24 |B B 
13:20-Fri-May-05-2017recover dati per host :salvatorehost.no-ip.org/aria
13:20-Fri-May-05-2017recover dati per host :92.223.147.77/nodered
13:20-Fri-May-05-2017 PM10  |   5.85 |   7.24 |  102.24|   7.58 |I I 
13:20-Fri-May-05-2017 PM2.5 |   4.19 |   4.85 |  52.97 |   5.24 |I I 
13:24-Fri-May-05-2017 PM10  |   5.49 |   7.06 |  102.24|   7.58 |I B 
13:24-Fri-May-05-2017 PM2.5 |   4.23 |   4.78 |  52.97 |   5.24 |I B 
13:25-Fri-May-05-2017recover dati per host :92.223.147.77/nodered
13:25-Fri-May-05-2017 PM10  |   6.15 |   6.98 |  102.24|   7.58 |I I 
13:25-Fri-May-05-2017 PM2.5 |   4.37 |   4.75 |  52.97 |   5.24 |I I 
13:30-Fri-May-05-2017 PM10  |   6.61 |   6.95 |  102.24|   7.58 |I I 
13:30-Fri-May-05-2017 PM2.5 |   4.58 |   4.73 |  52.97 |   5.24 |I I 
13:31-Fri-May-05-2017 PM10  |   7.55 |   6.99 |  102.24|   7.58 |B I 
13:31-Fri-May-05-2017 PM2.5 |   4.57 |   4.72 |  52.97 |   5.24 |B I 
13:35-Fri-May-05-2017recover dati per host :salvatorehost.no-ip.org/aria
13:35-Fri-May-05-2017 PM10  |   5.89 |   6.92 |  102.24|   7.58 |I I 
13:35-Fri-May-05-2017 PM2.5 |   4.63 |   4.71 |  52.97 |   5.24 |I I 
13:36-Fri-May-05-2017 PM10  |   6.43 |   6.88 |  102.24|   7.58 |I I 
13:36-Fri-May-05-2017 PM2.5 |   4.42 |   4.69 |  52.97 |   5.24 |I I 
13:40-Fri-May-05-2017 PM10  |   6.38 |   6.85 |  102.24|   7.58 |I I 
13:40-Fri-May-05-2017 PM2.5 |   4.76 |   4.70 |  52.97 |   5.24 |I I 
13:41-Fri-May-05-2017 PM10  |   5.86 |   6.79 |  102.24|   7.58 |I I 
13:41-Fri-May-05-2017 PM2.5 |   4.36 |   4.68 |  52.97 |   5.24 |I I 
13:45-Fri-May-05-2017 PM10  |   7.70 |   6.84 |  102.24|   7.58 |B I 
13:45-Fri-May-05-2017 PM2.5 |   4.89 |   4.69 |  52.97 |   5.24 |B I 
13:46-Fri-May-05-2017 PM10  |   6.32 |   6.82 |  102.24|   7.58 |B B 
13:46-Fri-May-05-2017 PM2.5 |   4.46 |   4.68 |  52.97 |   5.24 |B B 
13:50-Fri-May-05-2017 PM10  |   6.07 |   6.78 |  102.24|   7.58 |B B 
13:50-Fri-May-05-2017 PM2.5 |   4.60 |   4.67 |  52.97 |   5.24 |B B 
13:51-Fri-May-05-2017 PM10  |   6.75 |   6.78 |  102.24|   7.58 |B B 
13:51-Fri-May-05-2017 PM2.5 |   4.38 |   4.66 |  52.97 |   5.24 |B B 
13:55-Fri-May-05-2017recover dati per host :salvatorehost.no-ip.org/aria
13:55-Fri-May-05-2017recover dati per host :92.223.147.77/nodered
13:55-Fri-May-05-2017 PM10  |   8.71 |   6.86 |  102.24|   7.58 |I I 
13:55-Fri-May-05-2017 PM2.5 |   4.74 |   4.66 |  52.97 |   5.24 |I I 
13:56-Fri-May-05-2017 PM10  |   5.41 |   6.80 |  102.24|   7.58 |I I 
13:56-Fri-May-05-2017 PM2.5 |   4.06 |   4.64 |  52.97 |   5.24 |I I 
14:00-Fri-May-05-2017 PM10  |   5.92 |   6.76 |  102.24|   6.76 |I I 
14:00-Fri-May-05-2017 PM2.5 |   4.39 |   4.63 |  52.97 |   4.63 |I I 
14:01-Fri-May-05-2017 PM10  |   5.84 |   5.84 |  102.24|   6.76 |B B 
14:01-Fri-May-05-2017 PM2.5 |   4.27 |   4.27 |  52.97 |   4.63 |B B 
14:04-Fri-May-05-2017recover dati per host :salvatorehost.no-ip.org/aria
14:04-Fri-May-05-2017recover dati per host :92.223.147.77/nodered
14:04-Fri-May-05-2017 PM10  |   6.10 |   5.97 |  102.24|   6.76 |I I 
14:04-Fri-May-05-2017 PM2.5 |   4.17 |   4.22 |  52.97 |   4.63 |I I 
14:05-Fri-May-05-2017 PM10  |   6.61 |   6.18 |  102.24|   6.76 |I B 
14:05-Fri-May-05-2017 PM2.5 |   4.28 |   4.24 |  52.97 |   4.63 |I B 
14:10-Fri-May-05-2017 PM10  |   6.26 |   6.20 |  102.24|   6.76 |B B 
14:10-Fri-May-05-2017 PM2.5 |   4.26 |   4.24 |  52.97 |   4.63 |B B 
14:11-Fri-May-05-2017Timeout Event handler
14:11-Fri-May-05-2017 PM10  |   6.11 |   6.18 |  102.24|   6.76 |B B 
14:11-Fri-May-05-2017 PM2.5 |   4.42 |   4.28 |  52.97 |   4.63 |B B 
14:15-Fri-May-05-2017 PM10  |   5.68 |   6.10 |  102.24|   6.76 |B B 
14:15-Fri-May-05-2017 PM2.5 |   4.47 |   4.31 |  52.97 |   4.63 |B B 
14:16-Fri-May-05-2017recover dati per host :salvatorehost.no-ip.org/aria
14:16-Fri-May-05-2017recover dati per host :92.223.147.77/nodered
14:16-Fri-May-05-2017 PM10  |   5.34 |   5.99 |  102.24|   6.76 |I I 
14:16-Fri-May-05-2017 PM2.5 |   4.14 |   4.29 |  52.97 |   4.63 |I I 
14:20-Fri-May-05-2017 PM10  |   6.04 |   6.00 |  102.24|   6.76 |I B 
14:20-Fri-May-05-2017 PM2.5 |   4.41 |   4.30 |  52.97 |   4.63 |I B 
14:21-Fri-May-05-2017recover dati per host :92.223.147.77/nodered
14:21-Fri-May-05-2017 PM10  |   6.40 |   6.04 |  102.24|   6.76 |I I 
14:21-Fri-May-05-2017 PM2.5 |   4.30 |   4.30 |  52.97 |   4.63 |I I 
14:25-Fri-May-05-2017 PM10  |   5.64 |   6.00 |  102.24|   6.76 |B I 
14:25-Fri-May-05-2017 PM2.5 |   4.26 |   4.30 |  52.97 |   4.63 |B I 
14:26-Fri-May-05-2017recover dati per host :salvatorehost.no-ip.org/aria
14:26-Fri-May-05-2017 PM10  |   7.16 |   6.11 |  102.24|   6.76 |I I 
14:26-Fri-May-05-2017 PM2.5 |   3.95 |   4.27 |  52.97 |   4.63 |I I 
14:30-Fri-May-05-2017 PM10  |   6.55 |   6.14 |  102.24|   6.76 |I I 
14:30-Fri-May-05-2017 PM2.5 |   4.13 |   4.25 |  52.97 |   4.63 |I I 
14:31-Fri-May-05-2017 PM10  |   5.23 |   6.07 |  102.24|   6.76 |I I 
14:31-Fri-May-05-2017 PM2.5 |   4.00 |   4.24 |  52.97 |   4.63 |I I 
14:35-Fri-May-05-2017 PM10  |   5.34 |   6.02 |  102.24|   6.76 |I I 
14:35-Fri-May-05-2017 PM2.5 |   4.18 |   4.23 |  52.97 |   4.63 |I I 
14:36-Fri-May-05-2017 PM10  |   5.61 |   5.99 |  102.24|   6.76 |B B 
14:36-Fri-May-05-2017 PM2.5 |   4.12 |   4.22 |  52.97 |   4.63 |B B 
14:40-Fri-May-05-2017recover dati per host :salvatorehost.no-ip.org/aria
14:40-Fri-May-05-2017recover dati per host :92.223.147.77/nodered
14:40-Fri-May-05-2017 PM10  |   5.41 |   5.96 |  102.24|   6.76 |I I 
14:40-Fri-May-05-2017 PM2.5 |   4.06 |   4.21 |  52.97 |   4.63 |I I 
14:41-Fri-May-05-2017 PM10  |   6.29 |   5.98 |  102.24|   6.76 |B I 
14:41-Fri-May-05-2017 PM2.5 |   4.09 |   4.21 |  52.97 |   4.63 |B I 
14:45-Fri-May-05-2017recover dati per host :salvatorehost.no-ip.org/aria
14:45-Fri-May-05-2017 PM10  |   6.38 |   6.00 |  102.24|   6.76 |I I 
14:45-Fri-May-05-2017 PM2.5 |   4.26 |   4.21 |  52.97 |   4.63 |I I 
14:46-Fri-May-05-2017 PM10  |   6.88 |   6.04 |  102.24|   6.76 |I I 
14:46-Fri-May-05-2017 PM2.5 |   3.94 |   4.20 |  52.97 |   4.63 |I I 
14:49-Fri-May-05-2017 PM10  |   5.39 |   6.01 |  102.24|   6.76 |B I 
14:49-Fri-May-05-2017 PM2.5 |   4.12 |   4.19 |  52.97 |   4.63 |B I 
14:50-Fri-May-05-2017 PM10  |   5.74 |   6.00 |  102.24|   6.76 |B B 
14:50-Fri-May-05-2017 PM2.5 |   3.81 |   4.17 |  52.97 |   4.63 |B B 
14:54-Fri-May-05-2017recover dati per host :salvatorehost.no-ip.org/aria
14:55-Fri-May-05-2017recover dati per host :92.223.147.77/nodered
14:55-Fri-May-05-2017 PM10  |   6.00 |   6.00 |  102.24|   6.76 |I I 
14:55-Fri-May-05-2017 PM2.5 |   4.16 |   4.17 |  52.97 |   4.63 |I I 
14:56-Fri-May-05-2017 PM10  |   6.37 |   6.01 |  102.24|   6.76 |I I 
14:56-Fri-May-05-2017 PM2.5 |   4.18 |   4.17 |  52.97 |   4.63 |I I 
15:00-Fri-May-05-2017 PM10  |   5.64 |   6.00 |  102.24|   6.00 |B B 
15:00-Fri-May-05-2017 PM2.5 |   4.09 |   4.17 |  52.97 |   4.17 |B B 
15:01-Fri-May-05-2017recover dati per host :salvatorehost.no-ip.org/aria
15:01-Fri-May-05-2017recover dati per host :92.223.147.77/nodered
15:01-Fri-May-05-2017 PM10  |   5.08 |   5.08 |  102.24|   6.00 |I I 
15:01-Fri-May-05-2017 PM2.5 |   4.06 |   4.06 |  52.97 |   4.17 |I I 
15:05-Fri-May-05-2017 PM10  |   5.65 |   5.37 |  102.24|   6.00 |B B 
15:05-Fri-May-05-2017 PM2.5 |   4.21 |   4.13 |  52.97 |   4.17 |B B 
15:06-Fri-May-05-2017recover dati per host :salvatorehost.no-ip.org/aria
15:06-Fri-May-05-2017recover dati per host :92.223.147.77/nodered
15:06-Fri-May-05-2017 PM10  |   5.66 |   5.46 |  102.24|   6.00 |I I 
15:06-Fri-May-05-2017 PM2.5 |   3.99 |   4.09 |  52.97 |   4.17 |I I 
15:10-Fri-May-05-2017 PM10  |   6.63 |   5.75 |  102.24|   6.00 |I I 
15:10-Fri-May-05-2017 PM2.5 |   4.14 |   4.10 |  52.97 |   4.17 |I I 
15:11-Fri-May-05-2017 PM10  |   4.76 |   5.55 |  102.24|   6.00 |I I 
15:11-Fri-May-05-2017 PM2.5 |   3.80 |   4.04 |  52.97 |   4.17 |I I 
15:15-Fri-May-05-2017 PM10  |   5.64 |   5.57 |  102.24|   6.00 |B B 
15:15-Fri-May-05-2017 PM2.5 |   3.95 |   4.02 |  52.97 |   4.17 |B B 
15:16-Fri-May-05-2017recover dati per host :salvatorehost.no-ip.org/aria
15:16-Fri-May-05-2017recover dati per host :92.223.147.77/nodered
15:16-Fri-May-05-2017 PM10  |   5.26 |   5.53 |  102.24|   6.00 |I I 
15:16-Fri-May-05-2017 PM2.5 |   3.89 |   4.00 |  52.97 |   4.17 |I I 
15:20-Fri-May-05-2017 PM10  |   5.28 |   5.49 |  102.24|   6.00 |I I 
15:20-Fri-May-05-2017 PM2.5 |   3.94 |   4.00 |  52.97 |   4.17 |I I 
15:21-Fri-May-05-2017 PM10  |   4.91 |   5.43 |  102.24|   6.00 |I I 
15:21-Fri-May-05-2017 PM2.5 |   3.98 |   3.99 |  52.97 |   4.17 |I I 
15:25-Fri-May-05-2017 PM10  |   5.23 |   5.41 |  102.24|   6.00 |I I 
15:25-Fri-May-05-2017 PM2.5 |   4.04 |   4.00 |  52.97 |   4.17 |I I 
15:26-Fri-May-05-2017 PM10  |   4.64 |   5.34 |  102.24|   6.00 |B B 
15:26-Fri-May-05-2017 PM2.5 |   3.61 |   3.96 |  52.97 |   4.17 |B B 
15:30-Fri-May-05-2017 PM10  |   5.41 |   5.35 |  102.24|   6.00 |B B 
15:30-Fri-May-05-2017 PM2.5 |   3.75 |   3.95 |  52.97 |   4.17 |B B 
15:31-Fri-May-05-2017Timeout Event handler
15:31-Fri-May-05-2017 PM10  |   4.88 |   5.31 |  102.24|   6.00 |B B 
15:31-Fri-May-05-2017 PM2.5 |   3.70 |   3.93 |  52.97 |   4.17 |B B 
15:35-Fri-May-05-2017 PM10  |   5.12 |   5.30 |  102.24|   6.00 |B B 
15:35-Fri-May-05-2017 PM2.5 |   3.98 |   3.93 |  52.97 |   4.17 |B B 
15:36-Fri-May-05-2017Timeout Event handler
15:36-Fri-May-05-2017 PM10  |   4.52 |   5.24 |  102.24|   6.00 |B B 
15:36-Fri-May-05-2017 PM2.5 |   3.63 |   3.91 |  52.97 |   4.17 |B B 
15:39-Fri-May-05-2017recover dati per host :salvatorehost.no-ip.org/aria
15:40-Fri-May-05-2017recover dati per host :92.223.147.77/nodered
15:40-Fri-May-05-2017 PM10  |   5.40 |   5.25 |  102.24|   6.00 |I I 
15:40-Fri-May-05-2017 PM2.5 |   4.06 |   3.92 |  52.97 |   4.17 |I I 
15:41-Fri-May-05-2017 PM10  |   4.95 |   5.24 |  102.24|   6.00 |I B 
15:41-Fri-May-05-2017 PM2.5 |   3.64 |   3.90 |  52.97 |   4.17 |I B 
15:45-Fri-May-05-2017recover dati per host :92.223.147.77/nodered
15:45-Fri-May-05-2017 PM10  |   4.97 |   5.22 |  102.24|   6.00 |I I 
15:45-Fri-May-05-2017 PM2.5 |   3.80 |   3.90 |  52.97 |   4.17 |I I 
15:46-Fri-May-05-2017 PM10  |   5.16 |   5.22 |  102.24|   6.00 |B B 
15:46-Fri-May-05-2017 PM2.5 |   3.56 |   3.88 |  52.97 |   4.17 |B B 
15:50-Fri-May-05-2017recover dati per host :salvatorehost.no-ip.org/aria
15:50-Fri-May-05-2017recover dati per host :92.223.147.77/nodered
15:50-Fri-May-05-2017 PM10  |   6.00 |   5.26 |  102.24|   6.00 |I I 
15:50-Fri-May-05-2017 PM2.5 |   3.91 |   3.88 |  52.97 |   4.17 |I I 
15:51-Fri-May-05-2017 PM10  |   4.89 |   5.24 |  102.24|   6.00 |B B 
15:51-Fri-May-05-2017 PM2.5 |   3.58 |   3.87 |  52.97 |   4.17 |B B 
15:55-Fri-May-05-2017recover dati per host :salvatorehost.no-ip.org/aria
15:55-Fri-May-05-2017recover dati per host :92.223.147.77/nodered
15:55-Fri-May-05-2017 PM10  |   5.57 |   5.25 |  102.24|   6.00 |I I 
15:55-Fri-May-05-2017 PM2.5 |   3.90 |   3.87 |  52.97 |   4.17 |I I 
15:56-Fri-May-05-2017 PM10  |   4.99 |   5.24 |  102.24|   6.00 |I I 
15:56-Fri-May-05-2017 PM2.5 |   3.74 |   3.86 |  52.97 |   4.17 |I I 
16:00-Fri-May-05-2017 PM10  |   4.86 |   5.23 |  102.24|   5.23 |I I 
16:00-Fri-May-05-2017 PM2.5 |   3.96 |   3.87 |  52.97 |   3.87 |I I 
16:01-Fri-May-05-2017 PM10  |   5.33 |   5.33 |  102.24|   5.23 |B B 
16:01-Fri-May-05-2017 PM2.5 |   3.90 |   3.90 |  52.97 |   3.87 |B B 
16:05-Fri-May-05-2017recover dati per host :salvatorehost.no-ip.org/aria
16:05-Fri-May-05-2017recover dati per host :92.223.147.77/nodered
16:05-Fri-May-05-2017 PM10  |   5.04 |   5.18 |  102.24|   5.23 |I I 
16:05-Fri-May-05-2017 PM2.5 |   3.92 |   3.91 |  52.97 |   3.87 |I I 
16:06-Fri-May-05-2017 PM10  |   5.36 |   5.24 |  102.24|   5.23 |I I 
16:06-Fri-May-05-2017 PM2.5 |   3.67 |   3.83 |  52.97 |   3.87 |I I 
16:10-Fri-May-05-2017 PM10  |   6.76 |   5.62 |  102.24|   5.23 |I I 
16:10-Fri-May-05-2017 PM2.5 |   3.98 |   3.87 |  52.97 |   3.87 |I I 
16:11-Fri-May-05-2017Timeout Event handler
16:11-Fri-May-05-2017 PM10  |   4.43 |   5.38 |  102.24|   5.23 |B B 
16:11-Fri-May-05-2017 PM2.5 |   3.47 |   3.79 |  52.97 |   3.87 |B B 
16:15-Fri-May-05-2017recover dati per host :salvatorehost.no-ip.org/aria
16:15-Fri-May-05-2017recover dati per host :92.223.147.77/nodered
16:15-Fri-May-05-2017 PM10  |   4.64 |   5.26 |  102.24|   5.23 |I I 
16:15-Fri-May-05-2017 PM2.5 |   3.85 |   3.80 |  52.97 |   3.87 |I I 
16:16-Fri-May-05-2017 PM10  |   6.01 |   5.37 |  102.24|   5.23 |I I 
16:16-Fri-May-05-2017 PM2.5 |   3.78 |   3.80 |  52.97 |   3.87 |I I 
16:20-Fri-May-05-2017 PM10  |   5.23 |   5.35 |  102.24|   5.23 |I I 
16:20-Fri-May-05-2017 PM2.5 |   3.82 |   3.80 |  52.97 |   3.87 |I I 
16:21-Fri-May-05-2017 PM10  |   4.29 |   5.23 |  102.24|   5.23 |I I 
16:21-Fri-May-05-2017 PM2.5 |   3.53 |   3.77 |  52.97 |   3.87 |I I 
16:24-Fri-May-05-2017 PM10  |   5.72 |   5.28 |  102.24|   5.23 |B I 
16:24-Fri-May-05-2017 PM2.5 |   3.88 |   3.78 |  52.97 |   3.87 |B I 
16:26-Fri-May-05-2017recover dati per host :salvatorehost.no-ip.org/aria
16:26-Fri-May-05-2017 PM10  |   5.16 |   5.27 |  102.24|   5.23 |I I 
16:26-Fri-May-05-2017 PM2.5 |   3.73 |   3.78 |  52.97 |   3.87 |I I 
16:30-Fri-May-05-2017Timeout Event handler
16:30-Fri-May-05-2017 PM10  |   5.12 |   5.26 |  102.24|   5.23 |B B 
16:30-Fri-May-05-2017 PM2.5 |   3.89 |   3.78 |  52.97 |   3.87 |B B 
16:31-Fri-May-05-2017recover dati per host :salvatorehost.no-ip.org/aria
16:31-Fri-May-05-2017recover dati per host :92.223.147.77/nodered
16:31-Fri-May-05-2017 PM10  |   5.29 |   5.26 |  102.24|   5.23 |I I 
16:31-Fri-May-05-2017 PM2.5 |   3.94 |   3.80 |  52.97 |   3.87 |I I 
16:35-Fri-May-05-2017 PM10  |   5.67 |   5.29 |  102.24|   5.23 |I I 
16:35-Fri-May-05-2017 PM2.5 |   3.98 |   3.81 |  52.97 |   3.87 |I I 
16:36-Fri-May-05-2017 PM10  |   6.06 |   5.34 |  102.24|   5.23 |B B 
16:36-Fri-May-05-2017 PM2.5 |   3.59 |   3.79 |  52.97 |   3.87 |B B 
16:40-Fri-May-05-2017 PM10  |   4.76 |   5.30 |  102.24|   5.23 |B B 
16:40-Fri-May-05-2017 PM2.5 |   3.39 |   3.77 |  52.97 |   3.87 |B B 
16:41-Fri-May-05-2017 PM10  |   4.60 |   5.26 |  102.24|   5.23 |B B 
16:41-Fri-May-05-2017 PM2.5 |   3.57 |   3.76 |  52.97 |   3.87 |B B 
16:45-Fri-May-05-2017recover dati per host :92.223.147.77/nodered
16:45-Fri-May-05-2017 PM10  |   4.55 |   5.22 |  102.24|   5.23 |B I 
16:45-Fri-May-05-2017 PM2.5 |   3.59 |   3.75 |  52.97 |   3.87 |B I 
16:46-Fri-May-05-2017 PM10  |   4.79 |   5.20 |  102.24|   5.23 |B B 
16:46-Fri-May-05-2017 PM2.5 |   3.42 |   3.73 |  52.97 |   3.87 |B B 
16:50-Fri-May-05-2017recover dati per host :salvatorehost.no-ip.org/aria
16:50-Fri-May-05-2017recover dati per host :92.223.147.77/nodered
16:50-Fri-May-05-2017 PM10  |   4.43 |   5.16 |  102.24|   5.23 |I I 
16:50-Fri-May-05-2017 PM2.5 |   3.48 |   3.72 |  52.97 |   3.87 |I I 
16:51-Fri-May-05-2017 PM10  |   4.87 |   5.15 |  102.24|   5.23 |B B 
16:51-Fri-May-05-2017 PM2.5 |   3.57 |   3.71 |  52.97 |   3.87 |B B 
16:55-Fri-May-05-2017 PM10  |   5.38 |   5.16 |  102.24|   5.23 |B B 
16:55-Fri-May-05-2017 PM2.5 |   3.58 |   3.71 |  52.97 |   3.87 |B B 
16:56-Fri-May-05-2017recover dati per host :salvatorehost.no-ip.org/aria
16:56-Fri-May-05-2017recover dati per host :92.223.147.77/nodered
16:56-Fri-May-05-2017 PM10  |   3.86 |   5.10 |  102.24|   5.23 |I I 
16:56-Fri-May-05-2017 PM2.5 |   3.25 |   3.69 |  52.97 |   3.87 |I I 
17:00-Fri-May-05-2017 PM10  |   4.73 |   5.09 |  102.24|   5.09 |I B 
17:00-Fri-May-05-2017 PM2.5 |   3.50 |   3.68 |  52.97 |   3.68 |I B 
17:01-Fri-May-05-2017recover dati per host :92.223.147.77/nodered
17:01-Fri-May-05-2017 PM10  |   4.72 |   4.72 |  102.24|   5.09 |I I 
17:01-Fri-May-05-2017 PM2.5 |   3.57 |   3.57 |  52.97 |   3.68 |I I 
17:06-Fri-May-05-2017 PM10  |   5.16 |   4.94 |  102.24|   5.09 |B B 
17:06-Fri-May-05-2017 PM2.5 |   3.69 |   3.63 |  52.97 |   3.68 |B B 
17:10-Fri-May-05-2017recover dati per host :salvatorehost.no-ip.org/aria
17:10-Fri-May-05-2017recover dati per host :92.223.147.77/nodered
17:10-Fri-May-05-2017 PM10  |   4.99 |   4.95 |  102.24|   5.09 |I I 
17:10-Fri-May-05-2017 PM2.5 |   3.59 |   3.62 |  52.97 |   3.68 |I I 
17:11-Fri-May-05-2017 PM10  |   5.14 |   5.00 |  102.24|   5.09 |I I 
17:11-Fri-May-05-2017 PM2.5 |   3.44 |   3.57 |  52.97 |   3.68 |I I 
17:15-Fri-May-05-2017 PM10  |   4.93 |   4.98 |  102.24|   5.09 |I I 
17:15-Fri-May-05-2017 PM2.5 |   3.38 |   3.54 |  52.97 |   3.68 |I I 
17:16-Fri-May-05-2017 PM10  |   4.50 |   4.90 |  102.24|   5.09 |B B 
17:16-Fri-May-05-2017 PM2.5 |   3.47 |   3.53 |  52.97 |   3.68 |B B 
17:20-Fri-May-05-2017 PM10  |   4.28 |   4.82 |  102.24|   5.09 |B B 
17:20-Fri-May-05-2017 PM2.5 |   3.43 |   3.51 |  52.97 |   3.68 |B B 
17:21-Fri-May-05-2017 PM10  |   4.73 |   4.80 |  102.24|   5.09 |B B 
17:21-Fri-May-05-2017 PM2.5 |   3.41 |   3.50 |  52.97 |   3.68 |B B 
17:25-Fri-May-05-2017recover dati per host :salvatorehost.no-ip.org/aria
17:25-Fri-May-05-2017recover dati per host :92.223.147.77/nodered
17:25-Fri-May-05-2017 PM10  |   4.16 |   4.73 |  102.24|   5.09 |I I 
17:25-Fri-May-05-2017 PM2.5 |   3.27 |   3.47 |  52.97 |   3.68 |I I 
17:26-Fri-May-05-2017 PM10  |   5.10 |   4.77 |  102.24|   5.09 |I I 
17:26-Fri-May-05-2017 PM2.5 |   3.39 |   3.47 |  52.97 |   3.68 |I I 
17:30-Fri-May-05-2017 PM10  |   4.59 |   4.75 |  102.24|   5.09 |I I 
17:30-Fri-May-05-2017 PM2.5 |   3.38 |   3.46 |  52.97 |   3.68 |I I 
17:31-Fri-May-05-2017 PM10  |   4.42 |   4.73 |  102.24|   5.09 |I I 
17:31-Fri-May-05-2017 PM2.5 |   3.16 |   3.43 |  52.97 |   3.68 |I I 
17:35-Fri-May-05-2017 PM10  |   4.66 |   4.72 |  102.24|   5.09 |I I 
17:35-Fri-May-05-2017 PM2.5 |   3.56 |   3.44 |  52.97 |   3.68 |I I 
17:36-Fri-May-05-2017 PM10  |   3.91 |   4.66 |  102.24|   5.09 |I I 
17:36-Fri-May-05-2017 PM2.5 |   3.20 |   3.43 |  52.97 |   3.68 |I I 
17:40-Fri-May-05-2017 PM10  |   4.71 |   4.67 |  102.24|   5.09 |I I 
17:40-Fri-May-05-2017 PM2.5 |   3.17 |   3.41 |  52.97 |   3.68 |I I 
17:41-Fri-May-05-2017 PM10  |   4.03 |   4.63 |  102.24|   5.09 |I I 
17:41-Fri-May-05-2017 PM2.5 |   3.23 |   3.40 |  52.97 |   3.68 |I I 
17:45-Fri-May-05-2017Timeout Event handler
17:45-Fri-May-05-2017 PM10  |   3.89 |   4.58 |  102.24|   5.09 |B I 
17:45-Fri-May-05-2017 PM2.5 |   3.19 |   3.38 |  52.97 |   3.68 |B I 
17:46-Fri-May-05-2017recover dati per host :salvatorehost.no-ip.org/aria
17:46-Fri-May-05-2017 PM10  |   4.14 |   4.56 |  102.24|   5.09 |I B 
17:46-Fri-May-05-2017 PM2.5 |   3.33 |   3.38 |  52.97 |   3.68 |I B 
17:50-Fri-May-05-2017 PM10  |   4.90 |   4.58 |  102.24|   5.09 |B B 
17:50-Fri-May-05-2017 PM2.5 |   3.52 |   3.39 |  52.97 |   3.68 |B B 
17:51-Fri-May-05-2017recover dati per host :92.223.147.77/nodered
17:51-Fri-May-05-2017 PM10  |   4.02 |   4.55 |  102.24|   5.09 |B I 
17:51-Fri-May-05-2017 PM2.5 |   2.99 |   3.37 |  52.97 |   3.68 |B I 
17:55-Fri-May-05-2017recover dati per host :salvatorehost.no-ip.org/aria
17:55-Fri-May-05-2017 PM10  |   4.15 |   4.53 |  102.24|   5.09 |I I 
17:55-Fri-May-05-2017 PM2.5 |   3.30 |   3.37 |  52.97 |   3.68 |I I 
17:56-Fri-May-05-2017 PM10  |   3.83 |   4.50 |  102.24|   5.09 |I I 
17:56-Fri-May-05-2017 PM2.5 |   3.18 |   3.36 |  52.97 |   3.68 |I I 
18:00-Fri-May-05-2017 PM10  |   4.09 |   4.48 |  102.24|   4.48 |I I 
18:00-Fri-May-05-2017 PM2.5 |   3.30 |   3.35 |  52.97 |   3.35 |I I 
18:02-Fri-May-05-2017 PM10  |   5.31 |   5.31 |  102.24|   4.48 |I I 
18:02-Fri-May-05-2017 PM2.5 |   3.30 |   3.30 |  52.97 |   3.35 |I I 
18:06-Fri-May-05-2017 PM10  |   5.00 |   5.15 |  102.24|   4.48 |I I 
18:06-Fri-May-05-2017 PM2.5 |   3.50 |   3.40 |  52.97 |   3.35 |I I 
18:10-Fri-May-05-2017 PM10  |   4.03 |   4.78 |  102.24|   4.48 |I I 
18:10-Fri-May-05-2017 PM2.5 |   3.02 |   3.27 |  52.97 |   3.35 |I I 
18:11-Fri-May-05-2017 PM10  |   4.67 |   4.75 |  102.24|   4.48 |I I 
18:11-Fri-May-05-2017 PM2.5 |   3.19 |   3.25 |  52.97 |   3.35 |I I 
18:15-Fri-May-05-2017 PM10  |   5.42 |   4.89 |  102.24|   4.48 |I I 
18:15-Fri-May-05-2017 PM2.5 |   3.26 |   3.25 |  52.97 |   3.35 |I I 
18:16-Fri-May-05-2017 PM10  |   4.45 |   4.81 |  102.24|   4.48 |I I 
18:16-Fri-May-05-2017 PM2.5 |   2.85 |   3.19 |  52.97 |   3.35 |I I 
18:20-Fri-May-05-2017 PM10  |   4.66 |   4.79 |  102.24|   4.48 |I I 
18:20-Fri-May-05-2017 PM2.5 |   3.05 |   3.17 |  52.97 |   3.35 |I I 
18:21-Fri-May-05-2017 PM10  |   4.29 |   4.73 |  102.24|   4.48 |I I 
18:21-Fri-May-05-2017 PM2.5 |   3.07 |   3.15 |  52.97 |   3.35 |I I 
18:25-Fri-May-05-2017 PM10  |   4.22 |   4.67 |  102.24|   4.48 |I I 
18:25-Fri-May-05-2017 PM2.5 |   3.08 |   3.15 |  52.97 |   3.35 |I I 
18:26-Fri-May-05-2017 PM10  |   5.39 |   4.74 |  102.24|   4.48 |I I 
18:26-Fri-May-05-2017 PM2.5 |   3.17 |   3.15 |  52.97 |   3.35 |I I 
18:30-Fri-May-05-2017 PM10  |   4.44 |   4.72 |  102.24|   4.48 |B I 
18:30-Fri-May-05-2017 PM2.5 |   3.28 |   3.16 |  52.97 |   3.35 |B I 
18:31-Fri-May-05-2017recover dati per host :salvatorehost.no-ip.org/aria
18:31-Fri-May-05-2017 PM10  |   3.68 |   4.63 |  102.24|   4.48 |I I 
18:31-Fri-May-05-2017 PM2.5 |   3.02 |   3.15 |  52.97 |   3.35 |I I 
18:35-Fri-May-05-2017 PM10  |   4.54 |   4.62 |  102.24|   4.48 |I I 
18:35-Fri-May-05-2017 PM2.5 |   3.07 |   3.14 |  52.97 |   3.35 |I I 
18:36-Fri-May-05-2017 PM10  |   4.57 |   4.62 |  102.24|   4.48 |I I 
18:36-Fri-May-05-2017 PM2.5 |   3.13 |   3.14 |  52.97 |   3.35 |I I 
18:40-Fri-May-05-2017 PM10  |   5.48 |   4.68 |  102.24|   4.48 |I I 
18:40-Fri-May-05-2017 PM2.5 |   3.17 |   3.14 |  52.97 |   3.35 |I I 
18:41-Fri-May-05-2017 PM10  |   4.16 |   4.64 |  102.24|   4.48 |I I 
18:41-Fri-May-05-2017 PM2.5 |   3.21 |   3.15 |  52.97 |   3.35 |I I 
18:45-Fri-May-05-2017 PM10  |   4.30 |   4.62 |  102.24|   4.48 |I B 
18:45-Fri-May-05-2017 PM2.5 |   3.15 |   3.15 |  52.97 |   3.35 |I B 
18:46-Fri-May-05-2017recover dati per host :92.223.147.77/nodered
18:46-Fri-May-05-2017 PM10  |   4.66 |   4.63 |  102.24|   4.48 |I I 
18:46-Fri-May-05-2017 PM2.5 |   2.99 |   3.14 |  52.97 |   3.35 |I I 
18:50-Fri-May-05-2017 PM10  |   5.43 |   4.67 |  102.24|   4.48 |I I 
18:50-Fri-May-05-2017 PM2.5 |   3.31 |   3.15 |  52.97 |   3.35 |I I 
18:51-Fri-May-05-2017 PM10  |   4.22 |   4.65 |  102.24|   4.48 |I I 
18:51-Fri-May-05-2017 PM2.5 |   3.00 |   3.14 |  52.97 |   3.35 |I I 
18:55-Fri-May-05-2017 PM10  |   4.46 |   4.64 |  102.24|   4.48 |I I 
18:55-Fri-May-05-2017 PM2.5 |   3.20 |   3.14 |  52.97 |   3.35 |I I 
18:56-Fri-May-05-2017 PM10  |   4.35 |   4.62 |  102.24|   4.48 |B I 
18:56-Fri-May-05-2017 PM2.5 |   3.04 |   3.14 |  52.97 |   3.35 |B I 
19:00-Fri-May-05-2017recover dati per host :salvatorehost.no-ip.org/aria
19:00-Fri-May-05-2017 PM10  |   4.19 |   4.61 |  102.24|   4.48 |I I 
19:00-Fri-May-05-2017 PM2.5 |   2.99 |   3.13 |  52.97 |   3.13 |I I 
19:01-Fri-May-05-2017 PM10  |   6.63 |   6.63 |  102.24|   4.48 |I I 
19:01-Fri-May-05-2017 PM2.5 |   3.09 |   3.09 |  52.97 |   3.13 |I I 
19:05-Fri-May-05-2017 PM10  |   4.36 |   5.49 |  102.24|   4.48 |I I 
19:05-Fri-May-05-2017 PM2.5 |   3.15 |   3.12 |  52.97 |   3.13 |I I 
19:06-Fri-May-05-2017 PM10  |   4.51 |   5.17 |  102.24|   4.48 |B B 
19:06-Fri-May-05-2017 PM2.5 |   2.88 |   3.04 |  52.97 |   3.13 |B B 
19:10-Fri-May-05-2017recover dati per host :salvatorehost.no-ip.org/aria
19:10-Fri-May-05-2017recover dati per host :92.223.147.77/nodered
19:10-Fri-May-05-2017 PM10  |   3.79 |   4.82 |  102.24|   4.48 |I I 
19:10-Fri-May-05-2017 PM2.5 |   3.18 |   3.07 |  52.97 |   3.13 |I I 
19:11-Fri-May-05-2017 PM10  |   3.43 |   4.54 |  102.24|   4.48 |I I 
19:11-Fri-May-05-2017 PM2.5 |   2.84 |   3.02 |  52.97 |   3.13 |I I 
19:15-Fri-May-05-2017 PM10  |   4.64 |   4.56 |  102.24|   4.48 |I I 
19:15-Fri-May-05-2017 PM2.5 |   3.11 |   3.04 |  52.97 |   3.13 |I I 
19:16-Fri-May-05-2017 PM10  |   4.00 |   4.48 |  102.24|   4.48 |I I 
19:16-Fri-May-05-2017 PM2.5 |   2.96 |   3.03 |  52.97 |   3.13 |I I 
19:20-Fri-May-05-2017 PM10  |   3.92 |   4.41 |  102.24|   4.48 |I I 
19:20-Fri-May-05-2017 PM2.5 |   3.06 |   3.03 |  52.97 |   3.13 |I I 
19:22-Fri-May-05-2017 PM10  |   3.87 |   4.35 |  102.24|   4.48 |I I 
19:22-Fri-May-05-2017 PM2.5 |   3.02 |   3.03 |  52.97 |   3.13 |I I 
19:26-Fri-May-05-2017 PM10  |   5.29 |   4.44 |  102.24|   4.48 |I I 
19:26-Fri-May-05-2017 PM2.5 |   3.18 |   3.04 |  52.97 |   3.13 |I I 
19:27-Fri-May-05-2017 PM10  |   7.26 |   4.70 |  102.24|   4.48 |I I 
19:27-Fri-May-05-2017 PM2.5 |   3.11 |   3.05 |  52.97 |   3.13 |I I 
19:31-Fri-May-05-2017 PM10  |   4.36 |   4.67 |  102.24|   4.48 |I I 
19:31-Fri-May-05-2017 PM2.5 |   2.95 |   3.04 |  52.97 |   3.13 |I I 
19:35-Fri-May-05-2017 PM10  |   6.63 |   4.82 |  102.24|   4.48 |I I 
19:35-Fri-May-05-2017 PM2.5 |   2.89 |   3.03 |  52.97 |   3.13 |I I 
19:36-Fri-May-05-2017 PM10  |   7.43 |   5.01 |  102.24|   4.48 |I I 
19:36-Fri-May-05-2017 PM2.5 |   3.02 |   3.03 |  52.97 |   3.13 |I I 
19:40-Fri-May-05-2017 PM10  |   7.81 |   5.20 |  102.24|   4.48 |I I 
19:40-Fri-May-05-2017 PM2.5 |   2.97 |   3.03 |  52.97 |   3.13 |I I 
19:41-Fri-May-05-2017 PM10  |   6.58 |   5.28 |  102.24|   4.48 |I I 
19:41-Fri-May-05-2017 PM2.5 |   3.26 |   3.04 |  52.97 |   3.13 |I I 
19:45-Fri-May-05-2017 PM10  |   7.47 |   5.41 |  102.24|   4.48 |I I 
19:45-Fri-May-05-2017 PM2.5 |   3.26 |   3.05 |  52.97 |   3.13 |I I 
19:46-Fri-May-05-2017 PM10  |   6.11 |   5.45 |  102.24|   4.48 |I I 
19:46-Fri-May-05-2017 PM2.5 |   2.87 |   3.04 |  52.97 |   3.13 |I I 
19:50-Fri-May-05-2017 PM10  |   5.94 |   5.48 |  102.24|   4.48 |I I 
19:50-Fri-May-05-2017 PM2.5 |   3.10 |   3.05 |  52.97 |   3.13 |I I 
19:51-Fri-May-05-2017 PM10  |   4.96 |   5.45 |  102.24|   4.48 |I I 
19:51-Fri-May-05-2017 PM2.5 |   2.78 |   3.03 |  52.97 |   3.13 |I I 
19:55-Fri-May-05-2017 PM10  |   6.57 |   5.50 |  102.24|   4.48 |I I 
19:55-Fri-May-05-2017 PM2.5 |   3.16 |   3.04 |  52.97 |   3.13 |I I 
19:56-Fri-May-05-2017 PM10  |   7.81 |   5.61 |  102.24|   4.48 |I I 
19:56-Fri-May-05-2017 PM2.5 |   2.97 |   3.04 |  52.97 |   3.13 |I I 
20:00-Fri-May-05-2017 PM10  |   9.72 |   5.79 |  102.24|   4.48 |I I 
20:00-Fri-May-05-2017 PM2.5 |   3.30 |   3.05 |  52.97 |   3.05 |I I 
20:01-Fri-May-05-2017 PM10  |   6.61 |   6.61 |  102.24|   4.48 |I I 
20:01-Fri-May-05-2017 PM2.5 |   3.09 |   3.09 |  52.97 |   3.05 |I I 
20:05-Fri-May-05-2017 PM10  |   4.24 |   5.43 |  102.24|   4.48 |I I 
20:05-Fri-May-05-2017 PM2.5 |   3.02 |   3.06 |  52.97 |   3.05 |I I 
20:06-Fri-May-05-2017 PM10  |   5.88 |   5.58 |  102.24|   4.48 |I I 
20:06-Fri-May-05-2017 PM2.5 |   2.92 |   3.01 |  52.97 |   3.05 |I I 
20:10-Fri-May-05-2017 PM10  |   8.13 |   6.22 |  102.24|   4.48 |I I 
20:10-Fri-May-05-2017 PM2.5 |   3.12 |   3.04 |  52.97 |   3.05 |I I 
20:11-Fri-May-05-2017 PM10  |   5.67 |   6.11 |  102.24|   4.48 |I I 
20:11-Fri-May-05-2017 PM2.5 |   3.05 |   3.04 |  52.97 |   3.05 |I I 
20:15-Fri-May-05-2017 PM10  |   9.59 |   6.69 |  102.24|   4.48 |I I 
20:15-Fri-May-05-2017 PM2.5 |   3.35 |   3.09 |  52.97 |   3.05 |I I 
20:16-Fri-May-05-2017 PM10  |   7.68 |   6.83 |  102.24|   4.48 |I I 
20:16-Fri-May-05-2017 PM2.5 |   3.06 |   3.09 |  52.97 |   3.05 |I I 
20:20-Fri-May-05-2017 PM10  |  11.03 |   7.35 |  102.24|   4.48 |I I 
20:20-Fri-May-05-2017 PM2.5 |   3.27 |   3.11 |  52.97 |   3.05 |I I 
20:21-Fri-May-05-2017 PM10  |   6.66 |   7.28 |  102.24|   4.48 |I I 
20:21-Fri-May-05-2017 PM2.5 |   3.01 |   3.10 |  52.97 |   3.05 |I I 
20:25-Fri-May-05-2017 PM10  |   7.56 |   7.31 |  102.24|   4.48 |I I 
20:25-Fri-May-05-2017 PM2.5 |   3.27 |   3.12 |  52.97 |   3.05 |I I 
20:26-Fri-May-05-2017 PM10  |   8.79 |   7.44 |  102.24|   4.48 |I I 
20:26-Fri-May-05-2017 PM2.5 |   3.50 |   3.15 |  52.97 |   3.05 |I I 
20:30-Fri-May-05-2017 PM10  |   6.79 |   7.39 |  102.24|   4.48 |I I 
20:30-Fri-May-05-2017 PM2.5 |   3.27 |   3.16 |  52.97 |   3.05 |I I 
20:31-Fri-May-05-2017 PM10  |   8.41 |   7.46 |  102.24|   4.48 |I I 
20:31-Fri-May-05-2017 PM2.5 |   3.31 |   3.17 |  52.97 |   3.05 |I I 
20:35-Fri-May-05-2017 PM10  |  14.36 |   7.96 |  102.24|   4.48 |I I 
20:35-Fri-May-05-2017 PM2.5 |   3.75 |   3.21 |  52.97 |   3.05 |I I 
20:36-Fri-May-05-2017 PM10  |   7.35 |   7.92 |  102.24|   4.48 |I I 
20:36-Fri-May-05-2017 PM2.5 |   3.41 |   3.23 |  52.97 |   3.05 |I I 
20:40-Fri-May-05-2017 PM10  |   8.95 |   7.98 |  102.24|   4.48 |I I 
20:40-Fri-May-05-2017 PM2.5 |   3.67 |   3.26 |  52.97 |   3.05 |I I 
20:41-Fri-May-05-2017 PM10  |   8.35 |   8.00 |  102.24|   4.48 |I B 
20:41-Fri-May-05-2017 PM2.5 |   3.52 |   3.27 |  52.97 |   3.05 |I B 
20:45-Fri-May-05-2017recover dati per host :92.223.147.77/nodered
20:45-Fri-May-05-2017 PM10  |   6.96 |   7.94 |  102.24|   4.48 |I I 
20:45-Fri-May-05-2017 PM2.5 |   3.69 |   3.29 |  52.97 |   3.05 |I I 
20:46-Fri-May-05-2017 PM10  |   7.28 |   7.91 |  102.24|   4.48 |I I 
20:46-Fri-May-05-2017 PM2.5 |   3.49 |   3.30 |  52.97 |   3.05 |I I 
20:50-Fri-May-05-2017 PM10  |   9.62 |   8.00 |  102.24|   4.48 |I I 
20:50-Fri-May-05-2017 PM2.5 |   3.84 |   3.33 |  52.97 |   3.05 |I I 
20:51-Fri-May-05-2017 PM10  |   8.41 |   8.02 |  102.24|   4.48 |I I 
20:51-Fri-May-05-2017 PM2.5 |   3.44 |   3.34 |  52.97 |   3.05 |I I 
20:56-Fri-May-05-2017 PM10  |   7.67 |   8.00 |  102.24|   4.48 |I I 
20:56-Fri-May-05-2017 PM2.5 |   3.73 |   3.35 |  52.97 |   3.05 |I I 
20:57-Fri-May-05-2017 PM10  |   9.92 |   8.08 |  102.24|   4.48 |I I 
20:57-Fri-May-05-2017 PM2.5 |   3.65 |   3.37 |  52.97 |   3.05 |I I 
21:01-Fri-May-05-2017 PM10  |  12.64 |   8.27 |  102.24|   4.48 |I I 
21:01-Fri-May-05-2017 PM2.5 |   3.74 |   3.38 |  52.97 |   3.05 |I I 
21:02-Fri-May-05-2017 PM10  |   9.97 |   9.97 |  102.24|   4.48 |I I 
21:02-Fri-May-05-2017 PM2.5 |   3.86 |   3.86 |  52.97 |   3.05 |I I 
21:06-Fri-May-05-2017 PM10  |  11.66 |  10.82 |  102.24|   4.48 |I I 
21:06-Fri-May-05-2017 PM2.5 |   3.95 |   3.90 |  52.97 |   3.05 |I I 
21:07-Fri-May-05-2017 PM10  |   8.04 |   9.89 |  102.24|   4.48 |I I 
21:07-Fri-May-05-2017 PM2.5 |   3.74 |   3.85 |  52.97 |   3.05 |I I 
21:11-Fri-May-05-2017 PM10  |   9.58 |   9.81 |  102.24|   4.48 |I I 
21:11-Fri-May-05-2017 PM2.5 |   3.96 |   3.88 |  52.97 |   3.05 |I I 
21:12-Fri-May-05-2017 PM10  |   8.44 |   9.54 |  102.24|   4.48 |I I 
21:12-Fri-May-05-2017 PM2.5 |   3.86 |   3.88 |  52.97 |   3.05 |I I 
21:15-Fri-May-05-2017 PM10  |  11.69 |   9.90 |  102.24|   4.48 |I I 
21:15-Fri-May-05-2017 PM2.5 |   4.38 |   3.96 |  52.97 |   3.05 |I I 
21:16-Fri-May-05-2017 PM10  |   6.49 |   9.41 |  102.24|   4.48 |I I 
21:16-Fri-May-05-2017 PM2.5 |   3.47 |   3.89 |  52.97 |   3.05 |I I 
21:20-Fri-May-05-2017 PM10  |   7.46 |   9.17 |  102.24|   4.48 |I I 
21:20-Fri-May-05-2017 PM2.5 |   3.83 |   3.88 |  52.97 |   3.05 |I I 
21:21-Fri-May-05-2017 PM10  |   6.57 |   8.88 |  102.24|   4.48 |I I 
21:21-Fri-May-05-2017 PM2.5 |   3.99 |   3.89 |  52.97 |   3.05 |I I 
21:25-Fri-May-05-2017 PM10  |   7.03 |   8.69 |  102.24|   4.48 |I I 
21:25-Fri-May-05-2017 PM2.5 |   3.78 |   3.88 |  52.97 |   3.05 |I I 
21:26-Fri-May-05-2017 PM10  |   9.41 |   8.76 |  102.24|   4.48 |I I 
21:26-Fri-May-05-2017 PM2.5 |   3.83 |   3.88 |  52.97 |   3.05 |I I 
21:30-Fri-May-05-2017 PM10  |   8.87 |   8.77 |  102.24|   4.48 |I I 
21:30-Fri-May-05-2017 PM2.5 |   4.07 |   3.89 |  52.97 |   3.05 |I I 
21:31-Fri-May-05-2017 PM10  |   9.85 |   8.85 |  102.24|   4.48 |I I 
21:31-Fri-May-05-2017 PM2.5 |   4.06 |   3.91 |  52.97 |   3.05 |I I 
21:35-Fri-May-05-2017 PM10  |   8.05 |   8.79 |  102.24|   4.48 |I I 
21:35-Fri-May-05-2017 PM2.5 |   3.75 |   3.90 |  52.97 |   3.05 |I I 
21:36-Fri-May-05-2017 PM10  |   6.10 |   8.61 |  102.24|   4.48 |I I 
21:36-Fri-May-05-2017 PM2.5 |   3.75 |   3.89 |  52.97 |   3.05 |I I 
21:40-Fri-May-05-2017 PM10  |   8.65 |   8.62 |  102.24|   4.48 |I I 
21:40-Fri-May-05-2017 PM2.5 |   3.73 |   3.88 |  52.97 |   3.05 |I I 
21:41-Fri-May-05-2017 PM10  |  11.07 |   8.76 |  102.24|   4.48 |I I 
21:41-Fri-May-05-2017 PM2.5 |   3.82 |   3.87 |  52.97 |   3.05 |I I 
21:45-Fri-May-05-2017 PM10  |   8.40 |   8.74 |  102.24|   4.48 |I I 
21:45-Fri-May-05-2017 PM2.5 |   3.66 |   3.86 |  52.97 |   3.05 |I I 
21:46-Fri-May-05-2017 PM10  |   6.60 |   8.63 |  102.24|   4.48 |I I 
21:46-Fri-May-05-2017 PM2.5 |   3.60 |   3.85 |  52.97 |   3.05 |I I 
21:50-Fri-May-05-2017 PM10  |   7.22 |   8.56 |  102.24|   4.48 |I I 
21:50-Fri-May-05-2017 PM2.5 |   3.79 |   3.84 |  52.97 |   3.05 |I I 
21:51-Fri-May-05-2017 PM10  |   8.43 |   8.55 |  102.24|   4.48 |I I 
21:51-Fri-May-05-2017 PM2.5 |   3.71 |   3.84 |  52.97 |   3.05 |I I 
21:55-Fri-May-05-2017 PM10  |   8.95 |   8.57 |  102.24|   4.48 |I I 
21:55-Fri-May-05-2017 PM2.5 |   4.10 |   3.85 |  52.97 |   3.05 |I I 
21:56-Fri-May-05-2017 PM10  |   8.33 |   8.56 |  102.24|   4.48 |I I 
21:56-Fri-May-05-2017 PM2.5 |   3.69 |   3.84 |  52.97 |   3.05 |I I 
22:00-Fri-May-05-2017 PM10  |   7.84 |   8.53 |  102.24|   4.48 |I I 
22:00-Fri-May-05-2017 PM2.5 |   4.04 |   3.85 |  52.97 |   3.05 |I I 
22:01-Fri-May-05-2017 PM10  |   8.96 |   8.96 |  102.24|   4.48 |I I 
22:01-Fri-May-05-2017 PM2.5 |   3.98 |   3.98 |  52.97 |   3.05 |I I 
22:05-Fri-May-05-2017 PM10  |  10.66 |   9.81 |  102.24|   4.48 |I I 
22:05-Fri-May-05-2017 PM2.5 |   4.18 |   4.08 |  52.97 |   3.05 |I I 
22:06-Fri-May-05-2017 PM10  |  11.45 |  10.36 |  102.24|   4.48 |I I 
22:06-Fri-May-05-2017 PM2.5 |   4.39 |   4.18 |  52.97 |   3.05 |I I 
22:10-Fri-May-05-2017 PM10  |  12.73 |  10.95 |  102.24|   4.48 |I I 
22:10-Fri-May-05-2017 PM2.5 |   4.27 |   4.20 |  52.97 |   3.05 |I I 
22:11-Fri-May-05-2017 PM10  |   9.55 |  10.67 |  102.24|   4.48 |I I 
22:11-Fri-May-05-2017 PM2.5 |   3.83 |   4.13 |  52.97 |   3.05 |I I 
22:15-Fri-May-05-2017 PM10  |  11.10 |  10.74 |  102.24|   4.48 |I I 
22:15-Fri-May-05-2017 PM2.5 |   4.25 |   4.15 |  52.97 |   3.05 |I I 
22:16-Fri-May-05-2017 PM10  |   8.06 |  10.36 |  102.24|   4.48 |I I 
22:16-Fri-May-05-2017 PM2.5 |   4.05 |   4.14 |  52.97 |   3.05 |I I 
22:20-Fri-May-05-2017 PM10  |  10.31 |  10.35 |  102.24|   4.48 |I I 
22:20-Fri-May-05-2017 PM2.5 |   4.30 |   4.16 |  52.97 |   3.05 |I I 
22:21-Fri-May-05-2017 PM10  |  11.16 |  10.44 |  102.24|   4.48 |I I 
22:21-Fri-May-05-2017 PM2.5 |   3.87 |   4.13 |  52.97 |   3.05 |I I 
22:25-Fri-May-05-2017 PM10  |  10.25 |  10.42 |  102.24|   4.48 |I I 
22:25-Fri-May-05-2017 PM2.5 |   4.07 |   4.12 |  52.97 |   3.05 |I I 
22:26-Fri-May-05-2017 PM10  |  10.20 |  10.40 |  102.24|   4.48 |I I 
22:26-Fri-May-05-2017 PM2.5 |   3.95 |   4.10 |  52.97 |   3.05 |I I 
22:30-Fri-May-05-2017 PM10  |  12.06 |  10.54 |  102.24|   4.48 |I I 
22:30-Fri-May-05-2017 PM2.5 |   4.11 |   4.11 |  52.97 |   3.05 |I I 
22:31-Fri-May-05-2017 PM10  |   9.89 |  10.49 |  102.24|   4.48 |I I 
22:31-Fri-May-05-2017 PM2.5 |   3.80 |   4.08 |  52.97 |   3.05 |I I 
22:36-Fri-May-05-2017 PM10  |  12.08 |  10.60 |  102.24|   4.48 |I I 
22:36-Fri-May-05-2017 PM2.5 |   3.91 |   4.07 |  52.97 |   3.05 |I I 
22:37-Fri-May-05-2017 PM10  |   9.58 |  10.54 |  102.24|   4.48 |I I 
22:37-Fri-May-05-2017 PM2.5 |   3.98 |   4.06 |  52.97 |   3.05 |I I 
22:41-Fri-May-05-2017 PM10  |  11.50 |  10.60 |  102.24|   4.48 |I I 
22:41-Fri-May-05-2017 PM2.5 |   4.20 |   4.07 |  52.97 |   3.05 |I I 
22:42-Fri-May-05-2017 PM10  |  11.94 |  10.68 |  102.24|   4.48 |I I 
22:42-Fri-May-05-2017 PM2.5 |   4.13 |   4.07 |  52.97 |   3.05 |I I 
22:46-Fri-May-05-2017 PM10  |  10.90 |  10.69 |  102.24|   4.48 |I I 
22:46-Fri-May-05-2017 PM2.5 |   4.22 |   4.08 |  52.97 |   3.05 |I I 
22:47-Fri-May-05-2017 PM10  |  11.94 |  10.75 |  102.24|   4.48 |I I 
22:47-Fri-May-05-2017 PM2.5 |   4.17 |   4.09 |  52.97 |   3.05 |I I 
22:51-Fri-May-05-2017 PM10  |   8.35 |  10.63 |  102.24|   4.48 |I I 
22:51-Fri-May-05-2017 PM2.5 |   4.35 |   4.10 |  52.97 |   3.05 |I I 
22:52-Fri-May-05-2017 PM10  |   9.08 |  10.56 |  102.24|   4.48 |I I 
22:52-Fri-May-05-2017 PM2.5 |   3.78 |   4.09 |  52.97 |   3.05 |I I 
22:56-Fri-May-05-2017 PM10  |   9.90 |  10.53 |  102.24|   4.48 |I I 
22:56-Fri-May-05-2017 PM2.5 |   3.58 |   4.06 |  52.97 |   3.05 |I I 
22:57-Fri-May-05-2017 PM10  |  10.02 |  10.51 |  102.24|   4.48 |I I 
22:57-Fri-May-05-2017 PM2.5 |   3.86 |   4.05 |  52.97 |   3.05 |I I 
23:01-Fri-May-05-2017 PM10  |   8.29 |  10.41 |  102.24|   4.48 |I I 
23:01-Fri-May-05-2017 PM2.5 |   3.92 |   4.05 |  52.97 |   3.05 |I I 
23:02-Fri-May-05-2017 PM10  |   9.85 |   9.85 |  102.24|   4.48 |I I 
23:02-Fri-May-05-2017 PM2.5 |   4.05 |   4.05 |  52.97 |   3.05 |I I 
23:06-Fri-May-05-2017 PM10  |   9.29 |   9.57 |  102.24|   4.48 |I I 
23:06-Fri-May-05-2017 PM2.5 |   4.10 |   4.08 |  52.97 |   3.05 |I I 
23:07-Fri-May-05-2017 PM10  |   9.00 |   9.38 |  102.24|   4.48 |I I 
23:07-Fri-May-05-2017 PM2.5 |   3.84 |   4.00 |  52.97 |   3.05 |I I 
23:10-Fri-May-05-2017 PM10  |  10.13 |   9.57 |  102.24|   4.48 |I I 
23:10-Fri-May-05-2017 PM2.5 |   3.82 |   3.95 |  52.97 |   3.05 |I I 
23:11-Fri-May-05-2017 PM10  |   6.47 |   8.95 |  102.24|   4.48 |I I 
23:11-Fri-May-05-2017 PM2.5 |   3.58 |   3.88 |  52.97 |   3.05 |I I 
23:15-Fri-May-05-2017 PM10  |   7.46 |   8.70 |  102.24|   4.48 |I I 
23:15-Fri-May-05-2017 PM2.5 |   4.05 |   3.91 |  52.97 |   3.05 |I I 
23:16-Fri-May-05-2017 PM10  |   5.77 |   8.28 |  102.24|   4.48 |I I 
23:16-Fri-May-05-2017 PM2.5 |   3.54 |   3.86 |  52.97 |   3.05 |I I 
23:20-Fri-May-05-2017 PM10  |   8.28 |   8.28 |  102.24|   4.48 |I I 
23:20-Fri-May-05-2017 PM2.5 |   3.89 |   3.86 |  52.97 |   3.05 |I I 
23:21-Fri-May-05-2017 PM10  |   9.20 |   8.38 |  102.24|   4.48 |I I 
23:21-Fri-May-05-2017 PM2.5 |   4.02 |   3.88 |  52.97 |   3.05 |I I 
23:25-Fri-May-05-2017 PM10  |  10.08 |   8.55 |  102.24|   4.48 |I I 
23:25-Fri-May-05-2017 PM2.5 |   4.15 |   3.90 |  52.97 |   3.05 |I I 
23:26-Fri-May-05-2017 PM10  |   8.61 |   8.56 |  102.24|   4.48 |I I 
23:26-Fri-May-05-2017 PM2.5 |   3.94 |   3.91 |  52.97 |   3.05 |I I 
23:30-Fri-May-05-2017 PM10  |   8.57 |   8.56 |  102.24|   4.48 |I I 
23:30-Fri-May-05-2017 PM2.5 |   3.79 |   3.90 |  52.97 |   3.05 |I I 
23:31-Fri-May-05-2017 PM10  |   7.85 |   8.50 |  102.24|   4.48 |I I 
23:31-Fri-May-05-2017 PM2.5 |   3.90 |   3.90 |  52.97 |   3.05 |I I 
23:35-Fri-May-05-2017 PM10  |   8.76 |   8.52 |  102.24|   4.48 |I I 
23:35-Fri-May-05-2017 PM2.5 |   3.88 |   3.90 |  52.97 |   3.05 |I I 
23:36-Fri-May-05-2017 PM10  |   6.40 |   8.38 |  102.24|   4.48 |I I 
23:36-Fri-May-05-2017 PM2.5 |   3.49 |   3.87 |  52.97 |   3.05 |I I 
23:40-Fri-May-05-2017 PM10  |   6.92 |   8.29 |  102.24|   4.48 |I I 
23:40-Fri-May-05-2017 PM2.5 |   3.66 |   3.86 |  52.97 |   3.05 |I I 
23:41-Fri-May-05-2017 PM10  |   9.97 |   8.39 |  102.24|   4.48 |I I 
23:41-Fri-May-05-2017 PM2.5 |   4.09 |   3.87 |  52.97 |   3.05 |I I 
23:45-Fri-May-05-2017 PM10  |   7.71 |   8.35 |  102.24|   4.48 |I I 
23:45-Fri-May-05-2017 PM2.5 |   3.75 |   3.86 |  52.97 |   3.05 |I I 
23:46-Fri-May-05-2017 PM10  |   6.28 |   8.24 |  102.24|   4.48 |I I 
23:46-Fri-May-05-2017 PM2.5 |   3.52 |   3.85 |  52.97 |   3.05 |I I 
23:50-Fri-May-05-2017 PM10  |   7.04 |   8.18 |  102.24|   4.48 |I I 
23:50-Fri-May-05-2017 PM2.5 |   3.86 |   3.85 |  52.97 |   3.05 |I I 
23:51-Fri-May-05-2017 PM10  |   6.50 |   8.10 |  102.24|   4.48 |I I 
23:51-Fri-May-05-2017 PM2.5 |   3.53 |   3.83 |  52.97 |   3.05 |I I 
23:55-Fri-May-05-2017 PM10  |   8.23 |   8.11 |  102.24|   4.48 |I I 
23:55-Fri-May-05-2017 PM2.5 |   3.94 |   3.84 |  52.97 |   3.05 |I I 
23:56-Fri-May-05-2017 PM10  |   8.09 |   8.11 |  102.24|   4.48 |I I 
23:56-Fri-May-05-2017 PM2.5 |   3.75 |   3.83 |  52.97 |   3.05 |I I 
00:00-Sat-May-06-2017 PM10  |  10.26 |   8.20 |  102.24|   4.48 |B I 
