[Fri Feb 10 00:00:13 2017] Report del giorno Friday February 10 2017 -- INVIATO a centraline@googlegroups.com
00:00-Fri-Feb-10-2017 PM2.5 |  10.73 |  10.08 |  10.71 |   7.45 |I I 
00:01-Fri-Feb-10-2017 PM10  |  19.21 |  19.21 |   0.00 |  2000.00|I I 
00:01-Fri-Feb-10-2017 PM2.5 |   9.61 |   9.61 |   0.00 |  2000.00|I I 
00:05-Fri-Feb-10-2017 PM10  |  22.34 |  20.78 |   0.00 |  2000.00|I I 
00:05-Fri-Feb-10-2017 PM2.5 |  10.57 |  10.09 |   0.00 |  2000.00|I I 
00:06-Fri-Feb-10-2017 PM10  |  23.56 |  21.70 |   0.00 |  2000.00|I I 
00:06-Fri-Feb-10-2017 PM2.5 |   9.75 |   9.98 |   0.00 |  2000.00|I I 
00:10-Fri-Feb-10-2017 PM10  |  20.81 |  21.48 |   0.00 |  2000.00|I I 
00:10-Fri-Feb-10-2017 PM2.5 |  10.52 |  10.11 |   0.00 |  2000.00|I I 
00:11-Fri-Feb-10-2017 PM10  |  22.72 |  21.73 |   0.00 |  2000.00|I I 
00:11-Fri-Feb-10-2017 PM2.5 |   9.40 |   9.97 |   0.00 |  2000.00|I I 
00:15-Fri-Feb-10-2017 PM10  |  23.86 |  22.08 |   0.00 |  2000.00|I I 
00:15-Fri-Feb-10-2017 PM2.5 |  10.41 |  10.04 |   0.00 |  2000.00|I I 
00:16-Fri-Feb-10-2017 PM10  |  19.69 |  21.74 |   0.00 |  2000.00|I I 
00:16-Fri-Feb-10-2017 PM2.5 |   9.44 |   9.96 |   0.00 |  2000.00|I I 
00:20-Fri-Feb-10-2017 PM10  |  20.17 |  21.54 |   0.00 |  2000.00|I I 
00:20-Fri-Feb-10-2017 PM2.5 |   9.99 |   9.96 |   0.00 |  2000.00|I I 
00:21-Fri-Feb-10-2017 PM10  |  20.43 |  21.42 |   0.00 |  2000.00|I I 
00:21-Fri-Feb-10-2017 PM2.5 |   9.68 |   9.93 |   0.00 |  2000.00|I I 
00:25-Fri-Feb-10-2017 PM10  |  19.59 |  21.24 |   0.00 |  2000.00|I I 
00:25-Fri-Feb-10-2017 PM2.5 |  10.62 |  10.00 |   0.00 |  2000.00|I I 
00:26-Fri-Feb-10-2017 PM10  |  17.54 |  20.90 |   0.00 |  2000.00|I I 
00:26-Fri-Feb-10-2017 PM2.5 |   9.52 |   9.96 |   0.00 |  2000.00|I I 
00:30-Fri-Feb-10-2017 PM10  |  20.59 |  20.88 |   0.00 |  2000.00|I I 
00:30-Fri-Feb-10-2017 PM2.5 |  10.53 |  10.00 |   0.00 |  2000.00|I I 
00:31-Fri-Feb-10-2017 PM10  |  21.00 |  20.89 |   0.00 |  2000.00|I I 
00:31-Fri-Feb-10-2017 PM2.5 |  10.22 |  10.02 |   0.00 |  2000.00|I I 
00:35-Fri-Feb-10-2017 PM10  |  21.91 |  20.96 |   0.00 |  2000.00|I I 
00:35-Fri-Feb-10-2017 PM2.5 |  10.60 |  10.06 |   0.00 |  2000.00|I I 
00:36-Fri-Feb-10-2017 PM10  |  20.89 |  20.95 |   0.00 |  2000.00|I I 
00:36-Fri-Feb-10-2017 PM2.5 |  10.00 |  10.06 |   0.00 |  2000.00|I I 
00:40-Fri-Feb-10-2017 PM10  |  20.51 |  20.93 |   0.00 |  2000.00|I I 
00:40-Fri-Feb-10-2017 PM2.5 |  10.32 |  10.07 |   0.00 |  2000.00|I I 
00:41-Fri-Feb-10-2017 PM10  |  23.10 |  21.05 |   0.00 |  2000.00|I I 
00:41-Fri-Feb-10-2017 PM2.5 |   9.80 |  10.06 |   0.00 |  2000.00|I I 
00:45-Fri-Feb-10-2017 PM10  |  22.28 |  21.12 |   0.00 |  2000.00|I I 
00:45-Fri-Feb-10-2017 PM2.5 |  10.49 |  10.08 |   0.00 |  2000.00|I I 
00:46-Fri-Feb-10-2017 PM10  |  18.97 |  21.01 |   0.00 |  2000.00|I I 
00:46-Fri-Feb-10-2017 PM2.5 |   9.38 |  10.05 |   0.00 |  2000.00|I I 
00:50-Fri-Feb-10-2017 PM10  |  22.52 |  21.09 |   0.00 |  2000.00|I I 
00:50-Fri-Feb-10-2017 PM2.5 |  10.48 |  10.07 |   0.00 |  2000.00|I I 
00:51-Fri-Feb-10-2017 PM10  |  20.36 |  21.05 |   0.00 |  2000.00|I I 
00:51-Fri-Feb-10-2017 PM2.5 |   9.72 |  10.05 |   0.00 |  2000.00|I I 
00:55-Fri-Feb-10-2017 PM10  |  20.77 |  21.04 |   0.00 |  2000.00|I I 
00:55-Fri-Feb-10-2017 PM2.5 |  10.00 |  10.05 |   0.00 |  2000.00|I I 
00:56-Fri-Feb-10-2017 PM10  |  19.89 |  20.99 |   0.00 |  2000.00|I I 
00:56-Fri-Feb-10-2017 PM2.5 |   9.30 |  10.02 |   0.00 |  2000.00|I I 
01:00-Fri-Feb-10-2017 PM10  |  23.38 |  21.09 |  21.09 |  21.09 |I I 
01:00-Fri-Feb-10-2017 PM2.5 |  10.44 |  10.03 |  10.03 |  10.03 |I I 
01:01-Fri-Feb-10-2017 PM10  |  21.59 |  21.59 |  21.09 |  21.09 |I I 
01:01-Fri-Feb-10-2017 PM2.5 |   9.91 |   9.91 |  10.03 |  10.03 |I I 
01:05-Fri-Feb-10-2017 PM10  |  21.64 |  21.61 |  21.09 |  21.09 |I I 
01:05-Fri-Feb-10-2017 PM2.5 |  10.61 |  10.26 |  10.03 |  10.03 |I I 
01:06-Fri-Feb-10-2017 PM10  |  20.50 |  21.24 |  21.09 |  21.09 |I I 
01:06-Fri-Feb-10-2017 PM2.5 |   9.75 |  10.09 |  10.03 |  10.03 |I I 
01:10-Fri-Feb-10-2017 PM10  |  20.08 |  20.95 |  21.09 |  21.09 |I I 
01:10-Fri-Feb-10-2017 PM2.5 |  10.69 |  10.24 |  10.03 |  10.03 |I I 
01:11-Fri-Feb-10-2017 PM10  |  22.27 |  21.22 |  21.09 |  21.09 |I I 
01:11-Fri-Feb-10-2017 PM2.5 |  10.43 |  10.28 |  10.03 |  10.03 |I I 
01:15-Fri-Feb-10-2017 PM10  |  22.25 |  21.39 |  21.09 |  21.09 |I I 
01:15-Fri-Feb-10-2017 PM2.5 |  10.19 |  10.26 |  10.03 |  10.03 |I I 
01:16-Fri-Feb-10-2017 PM10  |  17.98 |  20.90 |  21.09 |  21.09 |I I 
01:16-Fri-Feb-10-2017 PM2.5 |   9.23 |  10.12 |  10.03 |  10.03 |I I 
01:20-Fri-Feb-10-2017 PM10  |  20.37 |  20.83 |  21.09 |  21.09 |I I 
01:20-Fri-Feb-10-2017 PM2.5 |  10.49 |  10.16 |  10.03 |  10.03 |I I 
01:21-Fri-Feb-10-2017 PM10  |  21.12 |  20.87 |  21.09 |  21.09 |I I 
01:21-Fri-Feb-10-2017 PM2.5 |   9.63 |  10.10 |  10.03 |  10.03 |I I 
01:25-Fri-Feb-10-2017 PM10  |  21.02 |  20.88 |  21.09 |  21.09 |I I 
01:25-Fri-Feb-10-2017 PM2.5 |  10.17 |  10.11 |  10.03 |  10.03 |I I 
01:26-Fri-Feb-10-2017 PM10  |  20.52 |  20.85 |  21.09 |  21.09 |I I 
01:26-Fri-Feb-10-2017 PM2.5 |   9.76 |  10.08 |  10.03 |  10.03 |I I 
01:30-Fri-Feb-10-2017 PM10  |  21.81 |  20.93 |  21.09 |  21.09 |I I 
01:30-Fri-Feb-10-2017 PM2.5 |  10.21 |  10.09 |  10.03 |  10.03 |I I 
01:31-Fri-Feb-10-2017 PM10  |  21.89 |  21.00 |  21.09 |  21.09 |I I 
01:31-Fri-Feb-10-2017 PM2.5 |   9.74 |  10.06 |  10.03 |  10.03 |I I 
01:35-Fri-Feb-10-2017 PM10  |  22.39 |  21.10 |  21.09 |  21.09 |I I 
01:35-Fri-Feb-10-2017 PM2.5 |  11.02 |  10.13 |  10.03 |  10.03 |I I 
01:36-Fri-Feb-10-2017 PM10  |  18.37 |  20.92 |  21.09 |  21.09 |I I 
01:36-Fri-Feb-10-2017 PM2.5 |   9.34 |  10.08 |  10.03 |  10.03 |I I 
01:40-Fri-Feb-10-2017 PM10  |  19.35 |  20.82 |  21.09 |  21.09 |I I 
01:40-Fri-Feb-10-2017 PM2.5 |  10.15 |  10.08 |  10.03 |  10.03 |I I 
01:41-Fri-Feb-10-2017 PM10  |  19.55 |  20.75 |  21.09 |  21.09 |I I 
01:41-Fri-Feb-10-2017 PM2.5 |   9.25 |  10.03 |  10.03 |  10.03 |I I 
01:45-Fri-Feb-10-2017 PM10  |  20.92 |  20.76 |  21.09 |  21.09 |I I 
01:45-Fri-Feb-10-2017 PM2.5 |   9.52 |  10.01 |  10.03 |  10.03 |I I 
01:46-Fri-Feb-10-2017 PM10  |  18.44 |  20.63 |  21.09 |  21.09 |I I 
01:46-Fri-Feb-10-2017 PM2.5 |   8.94 |   9.95 |  10.03 |  10.03 |I I 
01:50-Fri-Feb-10-2017 PM10  |  19.95 |  20.60 |  21.09 |  21.09 |I I 
01:50-Fri-Feb-10-2017 PM2.5 |   9.74 |   9.94 |  10.03 |  10.03 |I I 
01:51-Fri-Feb-10-2017 PM10  |  22.88 |  20.71 |  21.09 |  21.09 |I I 
01:51-Fri-Feb-10-2017 PM2.5 |   9.95 |   9.94 |  10.03 |  10.03 |I I 
01:55-Fri-Feb-10-2017 PM10  |  22.94 |  20.81 |  21.09 |  21.09 |I I 
01:55-Fri-Feb-10-2017 PM2.5 |  10.68 |   9.97 |  10.03 |  10.03 |I I 
01:56-Fri-Feb-10-2017 PM10  |  18.32 |  20.70 |  21.09 |  21.09 |I I 
01:56-Fri-Feb-10-2017 PM2.5 |   9.15 |   9.94 |  10.03 |  10.03 |I I 
02:00-Fri-Feb-10-2017 PM10  |  19.96 |  20.67 |  21.09 |  20.67 |I I 
02:00-Fri-Feb-10-2017 PM2.5 |  10.18 |   9.95 |  10.03 |   9.95 |I I 
02:01-Fri-Feb-10-2017 PM10  |  20.54 |  20.54 |  21.09 |  20.67 |I I 
02:01-Fri-Feb-10-2017 PM2.5 |   9.36 |   9.36 |  10.03 |   9.95 |I I 
02:05-Fri-Feb-10-2017 PM10  |  22.09 |  21.31 |  21.09 |  20.67 |I I 
02:05-Fri-Feb-10-2017 PM2.5 |  10.33 |   9.84 |  10.03 |   9.95 |I I 
02:06-Fri-Feb-10-2017 PM10  |  20.55 |  21.06 |  21.09 |  20.67 |I I 
02:06-Fri-Feb-10-2017 PM2.5 |   9.66 |   9.78 |  10.03 |   9.95 |I I 
02:10-Fri-Feb-10-2017 PM10  |  23.53 |  21.68 |  21.09 |  20.67 |I I 
02:10-Fri-Feb-10-2017 PM2.5 |  10.77 |  10.03 |  10.03 |   9.95 |I I 
02:11-Fri-Feb-10-2017 PM10  |  19.41 |  21.22 |  21.09 |  20.67 |I I 
02:11-Fri-Feb-10-2017 PM2.5 |   9.16 |   9.85 |  10.03 |   9.95 |I I 
02:15-Fri-Feb-10-2017 PM10  |  22.34 |  21.41 |  21.09 |  20.67 |I I 
02:15-Fri-Feb-10-2017 PM2.5 |  10.02 |   9.88 |  10.03 |   9.95 |I I 
02:16-Fri-Feb-10-2017 PM10  |  18.73 |  21.03 |  21.09 |  20.67 |I I 
02:16-Fri-Feb-10-2017 PM2.5 |   9.46 |   9.82 |  10.03 |   9.95 |I I 
02:20-Fri-Feb-10-2017 PM10  |  21.57 |  21.09 |  21.09 |  20.67 |I I 
02:20-Fri-Feb-10-2017 PM2.5 |  10.48 |   9.90 |  10.03 |   9.95 |I I 
02:21-Fri-Feb-10-2017 PM10  |  22.95 |  21.30 |  21.09 |  20.67 |I I 
02:21-Fri-Feb-10-2017 PM2.5 |  10.30 |   9.95 |  10.03 |   9.95 |I I 
02:25-Fri-Feb-10-2017 PM10  |  21.16 |  21.29 |  21.09 |  20.67 |I I 
02:25-Fri-Feb-10-2017 PM2.5 |  10.78 |  10.03 |  10.03 |   9.95 |I I 
02:26-Fri-Feb-10-2017 PM10  |  20.12 |  21.18 |  21.09 |  20.67 |I I 
02:26-Fri-Feb-10-2017 PM2.5 |   9.13 |   9.95 |  10.03 |   9.95 |I I 
02:31-Fri-Feb-10-2017 PM10  |  22.11 |  21.26 |  21.09 |  20.67 |I I 
02:31-Fri-Feb-10-2017 PM2.5 |  10.23 |   9.97 |  10.03 |   9.95 |I I 
02:32-Fri-Feb-10-2017 PM10  |  21.14 |  21.25 |  21.09 |  20.67 |I I 
02:32-Fri-Feb-10-2017 PM2.5 |  10.11 |   9.98 |  10.03 |   9.95 |I I 
02:36-Fri-Feb-10-2017 PM10  |  23.02 |  21.38 |  21.09 |  20.67 |B B 
02:36-Fri-Feb-10-2017 PM2.5 |  11.26 |  10.07 |  10.03 |   9.95 |B B 
02:40-Fri-Feb-10-2017recover dati per host :92.223.147.77/nodered
02:40-Fri-Feb-10-2017 PM10  |  21.98 |  21.42 |  21.09 |  20.67 |B I 
02:40-Fri-Feb-10-2017 PM2.5 |  10.99 |  10.14 |  10.03 |   9.95 |B I 
02:41-Fri-Feb-10-2017recover dati per host :salvatorehost.no-ip.org/aria
02:41-Fri-Feb-10-2017 PM10  |  19.94 |  21.32 |  21.09 |  20.67 |I I 
02:41-Fri-Feb-10-2017 PM2.5 |   9.08 |  10.07 |  10.03 |   9.95 |I I 
02:45-Fri-Feb-10-2017 PM10  |  20.44 |  21.27 |  21.09 |  20.67 |I I 
02:45-Fri-Feb-10-2017 PM2.5 |  10.33 |  10.09 |  10.03 |   9.95 |I I 
02:46-Fri-Feb-10-2017 PM10  |  20.36 |  21.22 |  21.09 |  20.67 |I I 
02:46-Fri-Feb-10-2017 PM2.5 |   9.42 |  10.05 |  10.03 |   9.95 |I I 
02:50-Fri-Feb-10-2017 PM10  |  22.20 |  21.27 |  21.09 |  20.67 |I I 
02:50-Fri-Feb-10-2017 PM2.5 |  10.41 |  10.07 |  10.03 |   9.95 |I I 
02:51-Fri-Feb-10-2017 PM10  |  21.64 |  21.29 |  21.09 |  20.67 |I I 
02:51-Fri-Feb-10-2017 PM2.5 |   9.22 |  10.02 |  10.03 |   9.95 |I I 
02:55-Fri-Feb-10-2017 PM10  |  20.46 |  21.25 |  21.09 |  20.67 |I I 
02:55-Fri-Feb-10-2017 PM2.5 |  10.33 |  10.04 |  10.03 |   9.95 |I I 
02:56-Fri-Feb-10-2017 PM10  |  21.38 |  21.26 |  21.09 |  20.67 |I I 
02:56-Fri-Feb-10-2017 PM2.5 |   9.37 |  10.01 |  10.03 |   9.95 |I I 
03:00-Fri-Feb-10-2017 PM10  |  19.79 |  21.19 |  21.19 |  20.67 |I I 
03:00-Fri-Feb-10-2017 PM2.5 |   9.69 |   9.99 |  10.03 |   9.95 |I I 
03:01-Fri-Feb-10-2017 PM10  |  21.09 |  21.09 |  21.19 |  20.67 |I I 
03:01-Fri-Feb-10-2017 PM2.5 |   9.47 |   9.47 |  10.03 |   9.95 |I I 
03:05-Fri-Feb-10-2017 PM10  |  24.01 |  22.55 |  21.19 |  20.67 |I I 
03:05-Fri-Feb-10-2017 PM2.5 |  10.41 |   9.94 |  10.03 |   9.95 |I I 
03:06-Fri-Feb-10-2017 PM10  |  20.83 |  21.97 |  21.19 |  20.67 |I I 
03:06-Fri-Feb-10-2017 PM2.5 |   9.80 |   9.89 |  10.03 |   9.95 |I I 
03:10-Fri-Feb-10-2017 PM10  |  21.31 |  21.81 |  21.19 |  20.67 |I I 
03:10-Fri-Feb-10-2017 PM2.5 |  10.43 |  10.03 |  10.03 |   9.95 |I I 
03:11-Fri-Feb-10-2017 PM10  |  19.06 |  21.26 |  21.19 |  20.67 |I I 
03:11-Fri-Feb-10-2017 PM2.5 |   9.25 |   9.87 |  10.03 |   9.95 |I I 
03:15-Fri-Feb-10-2017 PM10  |  21.71 |  21.33 |  21.19 |  20.67 |I I 
03:15-Fri-Feb-10-2017 PM2.5 |  10.32 |   9.95 |  10.03 |   9.95 |I I 
03:16-Fri-Feb-10-2017 PM10  |  21.17 |  21.31 |  21.19 |  20.67 |I I 
03:16-Fri-Feb-10-2017 PM2.5 |   9.74 |   9.92 |  10.03 |   9.95 |I I 
03:20-Fri-Feb-10-2017 PM10  |  22.08 |  21.41 |  21.19 |  20.67 |I I 
03:20-Fri-Feb-10-2017 PM2.5 |   9.98 |   9.92 |  10.03 |   9.95 |I I 
03:21-Fri-Feb-10-2017 PM10  |  18.42 |  21.08 |  21.19 |  20.67 |I I 
03:21-Fri-Feb-10-2017 PM2.5 |   8.43 |   9.76 |  10.03 |   9.95 |I I 
03:25-Fri-Feb-10-2017 PM10  |  19.11 |  20.88 |  21.19 |  20.67 |I I 
03:25-Fri-Feb-10-2017 PM2.5 |   9.13 |   9.70 |  10.03 |   9.95 |I I 
03:26-Fri-Feb-10-2017 PM10  |  21.07 |  20.90 |  21.19 |  20.67 |I I 
03:26-Fri-Feb-10-2017 PM2.5 |   9.36 |   9.67 |  10.03 |   9.95 |I I 
03:30-Fri-Feb-10-2017 PM10  |  23.19 |  21.09 |  21.19 |  20.67 |I I 
03:30-Fri-Feb-10-2017 PM2.5 |  10.52 |   9.74 |  10.03 |   9.95 |I I 
03:31-Fri-Feb-10-2017 PM10  |  19.26 |  20.95 |  21.19 |  20.67 |I I 
03:31-Fri-Feb-10-2017 PM2.5 |   8.91 |   9.67 |  10.03 |   9.95 |I I 
03:35-Fri-Feb-10-2017 PM10  |  18.98 |  20.81 |  21.19 |  20.67 |I I 
03:35-Fri-Feb-10-2017 PM2.5 |   9.51 |   9.66 |  10.03 |   9.95 |I I 
03:36-Fri-Feb-10-2017 PM10  |  22.71 |  20.93 |  21.19 |  20.67 |I I 
03:36-Fri-Feb-10-2017 PM2.5 |   9.17 |   9.63 |  10.03 |   9.95 |I I 
03:40-Fri-Feb-10-2017 PM10  |  20.80 |  20.92 |  21.19 |  20.67 |I I 
03:40-Fri-Feb-10-2017 PM2.5 |  10.49 |   9.68 |  10.03 |   9.95 |I I 
03:41-Fri-Feb-10-2017 PM10  |  19.44 |  20.84 |  21.19 |  20.67 |I I 
03:41-Fri-Feb-10-2017 PM2.5 |   8.76 |   9.63 |  10.03 |   9.95 |I I 
03:45-Fri-Feb-10-2017 PM10  |  20.61 |  20.82 |  21.19 |  20.67 |I I 
03:45-Fri-Feb-10-2017 PM2.5 |   9.44 |   9.62 |  10.03 |   9.95 |I I 
03:46-Fri-Feb-10-2017 PM10  |  21.09 |  20.84 |  21.19 |  20.67 |I I 
03:46-Fri-Feb-10-2017 PM2.5 |   9.60 |   9.62 |  10.03 |   9.95 |I I 
03:50-Fri-Feb-10-2017 PM10  |  19.02 |  20.75 |  21.19 |  20.67 |I I 
03:50-Fri-Feb-10-2017 PM2.5 |   9.28 |   9.60 |  10.03 |   9.95 |I I 
03:51-Fri-Feb-10-2017 PM10  |  21.71 |  20.79 |  21.19 |  20.67 |I I 
03:51-Fri-Feb-10-2017 PM2.5 |   8.58 |   9.55 |  10.03 |   9.95 |I I 
03:55-Fri-Feb-10-2017 PM10  |  21.65 |  20.83 |  21.19 |  20.67 |I I 
03:55-Fri-Feb-10-2017 PM2.5 |   9.93 |   9.57 |  10.03 |   9.95 |I I 
03:56-Fri-Feb-10-2017 PM10  |  17.74 |  20.70 |  21.19 |  20.67 |I I 
03:56-Fri-Feb-10-2017 PM2.5 |   8.83 |   9.54 |  10.03 |   9.95 |I I 
04:00-Fri-Feb-10-2017 PM10  |  17.78 |  20.58 |  21.19 |  20.58 |I I 
04:00-Fri-Feb-10-2017 PM2.5 |   9.65 |   9.54 |  10.03 |   9.54 |I I 
04:01-Fri-Feb-10-2017 PM10  |  18.25 |  18.25 |  21.19 |  20.58 |I I 
04:01-Fri-Feb-10-2017 PM2.5 |   8.61 |   8.61 |  10.03 |   9.54 |I I 
04:05-Fri-Feb-10-2017 PM10  |  18.66 |  18.46 |  21.19 |  20.58 |I I 
04:05-Fri-Feb-10-2017 PM2.5 |   9.23 |   8.92 |  10.03 |   9.54 |I I 
04:06-Fri-Feb-10-2017 PM10  |  19.85 |  18.92 |  21.19 |  20.58 |I I 
04:06-Fri-Feb-10-2017 PM2.5 |   8.78 |   8.87 |  10.03 |   9.54 |I I 
04:10-Fri-Feb-10-2017 PM10  |  19.74 |  19.13 |  21.19 |  20.58 |I I 
04:10-Fri-Feb-10-2017 PM2.5 |   9.04 |   8.91 |  10.03 |   9.54 |I I 
04:11-Fri-Feb-10-2017 PM10  |  16.89 |  18.68 |  21.19 |  20.58 |I I 
04:11-Fri-Feb-10-2017 PM2.5 |   8.11 |   8.75 |  10.03 |   9.54 |I I 
04:15-Fri-Feb-10-2017 PM10  |  18.01 |  18.57 |  21.19 |  20.58 |I I 
04:15-Fri-Feb-10-2017 PM2.5 |   9.48 |   8.87 |  10.03 |   9.54 |I I 
04:16-Fri-Feb-10-2017 PM10  |  16.61 |  18.29 |  21.19 |  20.58 |I I 
04:16-Fri-Feb-10-2017 PM2.5 |   8.88 |   8.87 |  10.03 |   9.54 |I I 
04:20-Fri-Feb-10-2017 PM10  |  18.65 |  18.33 |  21.19 |  20.58 |I I 
04:20-Fri-Feb-10-2017 PM2.5 |   9.87 |   9.00 |  10.03 |   9.54 |I I 
04:21-Fri-Feb-10-2017 PM10  |  18.41 |  18.34 |  21.19 |  20.58 |I I 
04:21-Fri-Feb-10-2017 PM2.5 |   9.06 |   9.01 |  10.03 |   9.54 |I I 
04:25-Fri-Feb-10-2017 PM10  |  18.12 |  18.32 |  21.19 |  20.58 |I I 
04:25-Fri-Feb-10-2017 PM2.5 |   9.13 |   9.02 |  10.03 |   9.54 |I I 
04:26-Fri-Feb-10-2017 PM10  |  14.87 |  18.01 |  21.19 |  20.58 |I I 
04:26-Fri-Feb-10-2017 PM2.5 |   8.18 |   8.94 |  10.03 |   9.54 |I I 
04:30-Fri-Feb-10-2017 PM10  |  17.71 |  17.98 |  21.19 |  20.58 |I I 
04:30-Fri-Feb-10-2017 PM2.5 |   8.87 |   8.94 |  10.03 |   9.54 |I I 
04:31-Fri-Feb-10-2017 PM10  |  17.04 |  17.91 |  21.19 |  20.58 |I I 
04:31-Fri-Feb-10-2017 PM2.5 |   8.15 |   8.88 |  10.03 |   9.54 |I I 
04:35-Fri-Feb-10-2017 PM10  |  16.53 |  17.81 |  21.19 |  20.58 |I I 
04:35-Fri-Feb-10-2017 PM2.5 |   8.91 |   8.88 |  10.03 |   9.54 |I I 
04:36-Fri-Feb-10-2017 PM10  |  16.69 |  17.73 |  21.19 |  20.58 |I I 
04:36-Fri-Feb-10-2017 PM2.5 |   8.16 |   8.83 |  10.03 |   9.54 |I I 
04:40-Fri-Feb-10-2017 PM10  |  17.40 |  17.71 |  21.19 |  20.58 |I I 
04:40-Fri-Feb-10-2017 PM2.5 |   9.06 |   8.84 |  10.03 |   9.54 |I I 
04:41-Fri-Feb-10-2017 PM10  |  17.24 |  17.69 |  21.19 |  20.58 |I I 
04:41-Fri-Feb-10-2017 PM2.5 |   8.32 |   8.81 |  10.03 |   9.54 |I I 
04:45-Fri-Feb-10-2017 PM10  |  18.17 |  17.71 |  21.19 |  20.58 |I I 
04:45-Fri-Feb-10-2017 PM2.5 |   9.17 |   8.83 |  10.03 |   9.54 |I I 
04:46-Fri-Feb-10-2017 PM10  |  17.37 |  17.70 |  21.19 |  20.58 |I I 
04:46-Fri-Feb-10-2017 PM2.5 |   8.46 |   8.81 |  10.03 |   9.54 |I I 
04:50-Fri-Feb-10-2017 PM10  |  18.83 |  17.75 |  21.19 |  20.58 |I I 
04:50-Fri-Feb-10-2017 PM2.5 |   9.48 |   8.85 |  10.03 |   9.54 |I I 
04:51-Fri-Feb-10-2017 PM10  |  18.37 |  17.78 |  21.19 |  20.58 |I I 
04:51-Fri-Feb-10-2017 PM2.5 |   8.24 |   8.82 |  10.03 |   9.54 |I I 
04:55-Fri-Feb-10-2017 PM10  |  18.13 |  17.80 |  21.19 |  20.58 |I I 
04:55-Fri-Feb-10-2017 PM2.5 |   9.17 |   8.83 |  10.03 |   9.54 |I I 
04:56-Fri-Feb-10-2017 PM10  |  21.02 |  17.94 |  21.19 |  20.58 |I I 
04:56-Fri-Feb-10-2017 PM2.5 |   8.92 |   8.84 |  10.03 |   9.54 |I I 
05:01-Fri-Feb-10-2017 PM10  |  21.08 |  18.07 |  21.19 |  18.07 |I I 
05:01-Fri-Feb-10-2017 PM2.5 |   9.79 |   8.88 |  10.03 |   8.88 |I I 
05:02-Fri-Feb-10-2017 PM10  |  15.48 |  15.48 |  21.19 |  18.07 |I I 
05:02-Fri-Feb-10-2017 PM2.5 |   8.50 |   8.50 |  10.03 |   8.88 |I I 
05:06-Fri-Feb-10-2017 PM10  |  20.33 |  17.91 |  21.19 |  18.07 |I I 
05:06-Fri-Feb-10-2017 PM2.5 |   9.78 |   9.14 |  10.03 |   8.88 |I I 
05:07-Fri-Feb-10-2017 PM10  |  16.51 |  17.44 |  21.19 |  18.07 |I I 
05:07-Fri-Feb-10-2017 PM2.5 |   7.93 |   8.74 |  10.03 |   8.88 |I I 
05:11-Fri-Feb-10-2017 PM10  |  18.17 |  17.62 |  21.19 |  18.07 |I I 
05:11-Fri-Feb-10-2017 PM2.5 |   9.05 |   8.81 |  10.03 |   8.88 |I I 
05:12-Fri-Feb-10-2017 PM10  |  15.12 |  17.12 |  21.19 |  18.07 |I I 
05:12-Fri-Feb-10-2017 PM2.5 |   7.86 |   8.62 |  10.03 |   8.88 |I I 
05:16-Fri-Feb-10-2017 PM10  |  17.40 |  17.17 |  21.19 |  18.07 |I I 
05:16-Fri-Feb-10-2017 PM2.5 |   8.71 |   8.64 |  10.03 |   8.88 |I I 
05:17-Fri-Feb-10-2017 PM10  |  17.55 |  17.22 |  21.19 |  18.07 |I I 
05:17-Fri-Feb-10-2017 PM2.5 |   8.46 |   8.61 |  10.03 |   8.88 |I I 
05:21-Fri-Feb-10-2017 PM10  |  19.57 |  17.52 |  21.19 |  18.07 |I I 
05:21-Fri-Feb-10-2017 PM2.5 |   9.08 |   8.67 |  10.03 |   8.88 |I I 
05:22-Fri-Feb-10-2017 PM10  |  15.55 |  17.30 |  21.19 |  18.07 |I I 
05:22-Fri-Feb-10-2017 PM2.5 |   8.06 |   8.60 |  10.03 |   8.88 |I I 
05:26-Fri-Feb-10-2017 PM10  |  18.29 |  17.40 |  21.19 |  18.07 |I I 
05:26-Fri-Feb-10-2017 PM2.5 |   9.18 |   8.66 |  10.03 |   8.88 |I I 
05:27-Fri-Feb-10-2017 PM10  |  18.69 |  17.51 |  21.19 |  18.07 |I I 
05:27-Fri-Feb-10-2017 PM2.5 |   8.81 |   8.67 |  10.03 |   8.88 |I I 
05:31-Fri-Feb-10-2017 PM10  |  18.80 |  17.62 |  21.19 |  18.07 |I I 
05:31-Fri-Feb-10-2017 PM2.5 |   9.36 |   8.73 |  10.03 |   8.88 |I I 
05:32-Fri-Feb-10-2017 PM10  |  17.91 |  17.64 |  21.19 |  18.07 |I I 
05:32-Fri-Feb-10-2017 PM2.5 |   8.57 |   8.72 |  10.03 |   8.88 |I I 
05:36-Fri-Feb-10-2017 PM10  |  17.82 |  17.66 |  21.19 |  18.07 |I I 
05:36-Fri-Feb-10-2017 PM2.5 |   8.97 |   8.74 |  10.03 |   8.88 |I I 
05:37-Fri-Feb-10-2017 PM10  |  20.05 |  17.82 |  21.19 |  18.07 |I I 
05:37-Fri-Feb-10-2017 PM2.5 |   8.46 |   8.72 |  10.03 |   8.88 |I I 
05:41-Fri-Feb-10-2017 PM10  |  18.84 |  17.88 |  21.19 |  18.07 |I I 
05:41-Fri-Feb-10-2017 PM2.5 |   9.37 |   8.76 |  10.03 |   8.88 |I I 
05:42-Fri-Feb-10-2017 PM10  |  17.13 |  17.84 |  21.19 |  18.07 |I I 
05:42-Fri-Feb-10-2017 PM2.5 |   8.29 |   8.73 |  10.03 |   8.88 |I I 
05:46-Fri-Feb-10-2017 PM10  |  19.51 |  17.93 |  21.19 |  18.07 |I I 
05:46-Fri-Feb-10-2017 PM2.5 |   9.49 |   8.77 |  10.03 |   8.88 |I I 
05:47-Fri-Feb-10-2017 PM10  |  17.24 |  17.89 |  21.19 |  18.07 |I I 
05:47-Fri-Feb-10-2017 PM2.5 |   8.16 |   8.74 |  10.03 |   8.88 |I I 
05:51-Fri-Feb-10-2017 PM10  |  17.48 |  17.87 |  21.19 |  18.07 |I I 
05:51-Fri-Feb-10-2017 PM2.5 |   9.38 |   8.77 |  10.03 |   8.88 |I I 
05:52-Fri-Feb-10-2017 PM10  |  15.89 |  17.78 |  21.19 |  18.07 |I I 
05:52-Fri-Feb-10-2017 PM2.5 |   7.81 |   8.73 |  10.03 |   8.88 |I I 
05:56-Fri-Feb-10-2017 PM10  |  18.05 |  17.79 |  21.19 |  18.07 |I I 
05:56-Fri-Feb-10-2017 PM2.5 |   8.57 |   8.72 |  10.03 |   8.88 |I I 
05:57-Fri-Feb-10-2017 PM10  |  17.40 |  17.77 |  21.19 |  18.07 |I I 
05:57-Fri-Feb-10-2017 PM2.5 |   8.63 |   8.72 |  10.03 |   8.88 |I I 
06:01-Fri-Feb-10-2017 PM10  |  19.41 |  17.84 |  21.19 |  17.84 |I I 
06:01-Fri-Feb-10-2017 PM2.5 |   9.19 |   8.74 |  10.03 |   8.74 |I I 
06:02-Fri-Feb-10-2017 PM10  |  17.05 |  17.05 |  21.19 |  17.84 |I I 
06:02-Fri-Feb-10-2017 PM2.5 |   8.39 |   8.39 |  10.03 |   8.74 |I I 
06:06-Fri-Feb-10-2017 PM10  |  19.70 |  18.38 |  21.19 |  17.84 |I I 
06:06-Fri-Feb-10-2017 PM2.5 |   9.50 |   8.95 |  10.03 |   8.74 |I I 
06:07-Fri-Feb-10-2017 PM10  |  18.66 |  18.47 |  21.19 |  17.84 |I I 
06:07-Fri-Feb-10-2017 PM2.5 |   8.32 |   8.74 |  10.03 |   8.74 |I I 
06:11-Fri-Feb-10-2017 PM10  |  18.13 |  18.38 |  21.19 |  17.84 |I I 
06:11-Fri-Feb-10-2017 PM2.5 |   9.03 |   8.81 |  10.03 |   8.74 |I I 
06:12-Fri-Feb-10-2017 PM10  |  15.58 |  17.82 |  21.19 |  17.84 |I I 
06:12-Fri-Feb-10-2017 PM2.5 |   7.83 |   8.61 |  10.03 |   8.74 |I I 
06:16-Fri-Feb-10-2017 PM10  |  19.05 |  18.03 |  21.19 |  17.84 |I I 
06:16-Fri-Feb-10-2017 PM2.5 |   9.60 |   8.78 |  10.03 |   8.74 |I I 
06:20-Fri-Feb-10-2017 PM10  |  16.00 |  17.74 |  21.19 |  17.84 |I I 
06:20-Fri-Feb-10-2017 PM2.5 |   8.96 |   8.80 |  10.03 |   8.74 |I I 
06:21-Fri-Feb-10-2017 PM10  |  18.64 |  17.85 |  21.19 |  17.84 |I I 
06:21-Fri-Feb-10-2017 PM2.5 |   8.48 |   8.76 |  10.03 |   8.74 |I I 
06:25-Fri-Feb-10-2017 PM10  |  19.24 |  18.00 |  21.19 |  17.84 |I I 
06:25-Fri-Feb-10-2017 PM2.5 |   9.24 |   8.82 |  10.03 |   8.74 |I I 
06:26-Fri-Feb-10-2017 PM10  |  16.37 |  17.84 |  21.19 |  17.84 |I I 
06:26-Fri-Feb-10-2017 PM2.5 |   7.51 |   8.69 |  10.03 |   8.74 |I I 
06:30-Fri-Feb-10-2017 PM10  |  15.51 |  17.63 |  21.19 |  17.84 |I I 
06:30-Fri-Feb-10-2017 PM2.5 |   8.26 |   8.65 |  10.03 |   8.74 |I I 
06:31-Fri-Feb-10-2017 PM10  |  17.36 |  17.61 |  21.19 |  17.84 |I I 
06:31-Fri-Feb-10-2017 PM2.5 |   8.30 |   8.62 |  10.03 |   8.74 |I I 
06:35-Fri-Feb-10-2017 PM10  |  16.48 |  17.52 |  21.19 |  17.84 |I I 
06:35-Fri-Feb-10-2017 PM2.5 |   9.38 |   8.68 |  10.03 |   8.74 |I I 
06:36-Fri-Feb-10-2017 PM10  |  16.67 |  17.46 |  21.19 |  17.84 |I I 
06:36-Fri-Feb-10-2017 PM2.5 |   8.07 |   8.63 |  10.03 |   8.74 |I I 
06:40-Fri-Feb-10-2017 PM10  |  16.75 |  17.41 |  21.19 |  17.84 |I I 
06:40-Fri-Feb-10-2017 PM2.5 |   8.73 |   8.64 |  10.03 |   8.74 |I I 
06:41-Fri-Feb-10-2017 PM10  |  17.41 |  17.41 |  21.19 |  17.84 |I I 
06:41-Fri-Feb-10-2017 PM2.5 |   8.20 |   8.61 |  10.03 |   8.74 |I I 
06:45-Fri-Feb-10-2017 PM10  |  15.84 |  17.32 |  21.19 |  17.84 |I I 
06:45-Fri-Feb-10-2017 PM2.5 |   8.40 |   8.60 |  10.03 |   8.74 |I I 
06:46-Fri-Feb-10-2017 PM10  |  16.92 |  17.30 |  21.19 |  17.84 |I I 
06:46-Fri-Feb-10-2017 PM2.5 |   8.47 |   8.59 |  10.03 |   8.74 |I I 
06:50-Fri-Feb-10-2017 PM10  |  15.88 |  17.22 |  21.19 |  17.84 |I I 
06:50-Fri-Feb-10-2017 PM2.5 |   9.12 |   8.62 |  10.03 |   8.74 |I I 
06:51-Fri-Feb-10-2017 PM10  |  20.49 |  17.39 |  21.19 |  17.84 |I I 
06:51-Fri-Feb-10-2017 PM2.5 |   9.86 |   8.68 |  10.03 |   8.74 |I I 
06:55-Fri-Feb-10-2017 PM10  |  22.02 |  17.61 |  21.19 |  17.84 |I I 
06:55-Fri-Feb-10-2017 PM2.5 |  10.38 |   8.76 |  10.03 |   8.74 |I I 
06:56-Fri-Feb-10-2017 PM10  |  20.90 |  17.76 |  21.19 |  17.84 |I I 
06:56-Fri-Feb-10-2017 PM2.5 |   9.79 |   8.81 |  10.03 |   8.74 |I I 
07:00-Fri-Feb-10-2017 PM10  |  20.63 |  17.88 |  21.19 |  17.84 |I I 
07:00-Fri-Feb-10-2017 PM2.5 |  10.94 |   8.90 |  10.03 |   8.74 |I I 
07:01-Fri-Feb-10-2017 PM10  |  20.24 |  20.24 |  21.19 |  17.84 |I I 
07:01-Fri-Feb-10-2017 PM2.5 |   9.12 |   9.12 |  10.03 |   8.74 |I I 
07:05-Fri-Feb-10-2017 PM10  |  20.50 |  20.37 |  21.19 |  17.84 |I I 
07:05-Fri-Feb-10-2017 PM2.5 |  10.09 |   9.60 |  10.03 |   8.74 |I I 
07:06-Fri-Feb-10-2017 PM10  |  21.53 |  20.76 |  21.19 |  17.84 |I I 
07:06-Fri-Feb-10-2017 PM2.5 |  10.26 |   9.82 |  10.03 |   8.74 |I I 
07:10-Fri-Feb-10-2017 PM10  |  20.76 |  20.76 |  21.19 |  17.84 |I I 
07:10-Fri-Feb-10-2017 PM2.5 |  10.56 |  10.01 |  10.03 |   8.74 |I I 
07:11-Fri-Feb-10-2017 PM10  |  20.85 |  20.78 |  21.19 |  17.84 |I I 
07:11-Fri-Feb-10-2017 PM2.5 |   9.97 |  10.00 |  10.03 |   8.74 |I I 
07:15-Fri-Feb-10-2017 PM10  |  21.44 |  20.89 |  21.19 |  17.84 |I I 
07:15-Fri-Feb-10-2017 PM2.5 |  10.78 |  10.13 |  10.03 |   8.74 |I I 
07:16-Fri-Feb-10-2017 PM10  |  20.35 |  20.81 |  21.19 |  17.84 |I I 
07:16-Fri-Feb-10-2017 PM2.5 |   9.54 |  10.05 |  10.03 |   8.74 |I I 
07:20-Fri-Feb-10-2017 PM10  |  19.36 |  20.63 |  21.19 |  17.84 |I I 
07:20-Fri-Feb-10-2017 PM2.5 |  10.24 |  10.07 |  10.03 |   8.74 |I I 
07:21-Fri-Feb-10-2017 PM10  |  18.54 |  20.40 |  21.19 |  17.84 |I I 
07:21-Fri-Feb-10-2017 PM2.5 |   9.17 |   9.97 |  10.03 |   8.74 |I I 
07:25-Fri-Feb-10-2017 PM10  |  20.02 |  20.36 |  21.19 |  17.84 |I I 
07:25-Fri-Feb-10-2017 PM2.5 |   9.52 |   9.93 |  10.03 |   8.74 |I I 
07:26-Fri-Feb-10-2017 PM10  |  18.87 |  20.22 |  21.19 |  17.84 |I I 
07:26-Fri-Feb-10-2017 PM2.5 |   9.00 |   9.84 |  10.03 |   8.74 |I I 
07:30-Fri-Feb-10-2017 PM10  |  18.41 |  20.07 |  21.19 |  17.84 |I I 
07:30-Fri-Feb-10-2017 PM2.5 |   9.35 |   9.80 |  10.03 |   8.74 |I I 
07:31-Fri-Feb-10-2017 PM10  |  17.90 |  19.91 |  21.19 |  17.84 |I I 
07:31-Fri-Feb-10-2017 PM2.5 |   8.59 |   9.71 |  10.03 |   8.74 |I I 
07:35-Fri-Feb-10-2017 PM10  |  18.09 |  19.78 |  21.19 |  17.84 |I I 
07:35-Fri-Feb-10-2017 PM2.5 |   8.89 |   9.65 |  10.03 |   8.74 |I I 
07:36-Fri-Feb-10-2017 PM10  |  15.99 |  19.52 |  21.19 |  17.84 |I I 
07:36-Fri-Feb-10-2017 PM2.5 |   7.96 |   9.54 |  10.03 |   8.74 |I I 
07:40-Fri-Feb-10-2017 PM10  |  17.29 |  19.38 |  21.19 |  17.84 |I I 
07:40-Fri-Feb-10-2017 PM2.5 |   9.05 |   9.51 |  10.03 |   8.74 |I I 
07:41-Fri-Feb-10-2017 PM10  |  14.96 |  19.12 |  21.19 |  17.84 |I I 
07:41-Fri-Feb-10-2017 PM2.5 |   7.57 |   9.39 |  10.03 |   8.74 |I I 
07:45-Fri-Feb-10-2017 PM10  |  17.28 |  19.02 |  21.19 |  17.84 |I I 
07:45-Fri-Feb-10-2017 PM2.5 |   8.83 |   9.36 |  10.03 |   8.74 |I I 
07:46-Fri-Feb-10-2017 PM10  |  19.37 |  19.04 |  21.19 |  17.84 |I I 
07:46-Fri-Feb-10-2017 PM2.5 |   8.44 |   9.31 |  10.03 |   8.74 |I I 
07:50-Fri-Feb-10-2017 PM10  |  19.51 |  19.06 |  21.19 |  17.84 |I I 
07:50-Fri-Feb-10-2017 PM2.5 |   9.15 |   9.31 |  10.03 |   8.74 |I I 
07:51-Fri-Feb-10-2017 PM10  |  19.76 |  19.10 |  21.19 |  17.84 |I I 
07:51-Fri-Feb-10-2017 PM2.5 |   8.90 |   9.29 |  10.03 |   8.74 |I I 
07:55-Fri-Feb-10-2017 PM10  |  23.08 |  19.28 |  21.19 |  17.84 |I I 
07:55-Fri-Feb-10-2017 PM2.5 |  10.66 |   9.35 |  10.03 |   8.74 |I I 
07:56-Fri-Feb-10-2017 PM10  |  22.03 |  19.40 |  21.19 |  17.84 |I I 
07:56-Fri-Feb-10-2017 PM2.5 |   9.66 |   9.36 |  10.03 |   8.74 |I I 
08:00-Fri-Feb-10-2017 PM10  |  20.72 |  19.45 |  21.19 |  17.84 |I I 
08:00-Fri-Feb-10-2017 PM2.5 |  10.60 |   9.41 |  10.03 |   8.74 |I I 
08:01-Fri-Feb-10-2017 PM10  |  23.73 |  23.73 |  21.19 |  17.84 |I I 
08:01-Fri-Feb-10-2017 PM2.5 |  10.25 |  10.25 |  10.03 |   8.74 |I I 
08:05-Fri-Feb-10-2017 PM10  |  26.12 |  24.92 |  21.19 |  17.84 |I I 
08:05-Fri-Feb-10-2017 PM2.5 |  11.46 |  10.86 |  10.03 |   8.74 |I I 
08:07-Fri-Feb-10-2017 PM10  |  24.55 |  24.80 |  21.19 |  17.84 |I I 
08:07-Fri-Feb-10-2017 PM2.5 |  11.25 |  10.99 |  10.03 |   8.74 |I I 
08:11-Fri-Feb-10-2017 PM10  |  24.60 |  24.75 |  21.19 |  17.84 |I I 
08:11-Fri-Feb-10-2017 PM2.5 |  12.14 |  11.27 |  10.03 |   8.74 |I I 
08:12-Fri-Feb-10-2017 PM10  |  24.18 |  24.64 |  21.19 |  17.84 |I I 
08:12-Fri-Feb-10-2017 PM2.5 |  10.32 |  11.08 |  10.03 |   8.74 |I I 
08:16-Fri-Feb-10-2017 PM10  |  26.21 |  24.90 |  21.19 |  17.84 |I I 
08:16-Fri-Feb-10-2017 PM2.5 |  11.77 |  11.20 |  10.03 |   8.74 |I I 
08:17-Fri-Feb-10-2017 PM10  |  22.68 |  24.58 |  21.19 |  17.84 |I I 
08:17-Fri-Feb-10-2017 PM2.5 |   9.91 |  11.01 |  10.03 |   8.74 |I I 
08:21-Fri-Feb-10-2017 PM10  |  26.78 |  24.86 |  21.19 |  17.84 |I I 
08:21-Fri-Feb-10-2017 PM2.5 |  11.66 |  11.09 |  10.03 |   8.74 |I I 
08:22-Fri-Feb-10-2017 PM10  |  24.23 |  24.79 |  21.19 |  17.84 |I I 
08:22-Fri-Feb-10-2017 PM2.5 |  10.86 |  11.07 |  10.03 |   8.74 |I I 
08:26-Fri-Feb-10-2017 PM10  |  27.08 |  25.02 |  21.19 |  17.84 |I I 
08:26-Fri-Feb-10-2017 PM2.5 |  11.94 |  11.16 |  10.03 |   8.74 |I I 
08:27-Fri-Feb-10-2017 PM10  |  23.12 |  24.84 |  21.19 |  17.84 |I I 
08:27-Fri-Feb-10-2017 PM2.5 |  10.88 |  11.13 |  10.03 |   8.74 |I I 
08:31-Fri-Feb-10-2017 PM10  |  24.34 |  24.80 |  21.19 |  17.84 |I I 
08:31-Fri-Feb-10-2017 PM2.5 |  11.88 |  11.19 |  10.03 |   8.74 |I I 
08:32-Fri-Feb-10-2017 PM10  |  21.43 |  24.54 |  21.19 |  17.84 |I I 
08:32-Fri-Feb-10-2017 PM2.5 |  10.31 |  11.13 |  10.03 |   8.74 |I I 
08:36-Fri-Feb-10-2017 PM10  |  23.09 |  24.44 |  21.19 |  17.84 |I I 
08:36-Fri-Feb-10-2017 PM2.5 |  10.99 |  11.12 |  10.03 |   8.74 |I I 
08:37-Fri-Feb-10-2017 PM10  |  20.66 |  24.19 |  21.19 |  17.84 |I I 
08:37-Fri-Feb-10-2017 PM2.5 |   9.67 |  11.02 |  10.03 |   8.74 |I I 
08:41-Fri-Feb-10-2017 PM10  |  19.24 |  23.88 |  21.19 |  17.84 |I I 
08:41-Fri-Feb-10-2017 PM2.5 |  10.18 |  10.97 |  10.03 |   8.74 |I I 
08:42-Fri-Feb-10-2017 PM10  |  16.95 |  23.47 |  21.19 |  17.84 |I I 
08:42-Fri-Feb-10-2017 PM2.5 |   8.75 |  10.84 |  10.03 |   8.74 |I I 
08:46-Fri-Feb-10-2017 PM10  |  18.95 |  23.22 |  21.19 |  17.84 |I I 
08:46-Fri-Feb-10-2017 PM2.5 |   9.55 |  10.77 |  10.03 |   8.74 |I I 
08:47-Fri-Feb-10-2017 PM10  |  20.18 |  23.06 |  21.19 |  17.84 |I I 
08:47-Fri-Feb-10-2017 PM2.5 |   9.12 |  10.68 |  10.03 |   8.74 |I I 
08:51-Fri-Feb-10-2017 PM10  |  22.44 |  23.03 |  21.19 |  17.84 |I I 
08:51-Fri-Feb-10-2017 PM2.5 |   9.97 |  10.64 |  10.03 |   8.74 |I I 
08:52-Fri-Feb-10-2017 PM10  |  18.66 |  22.82 |  21.19 |  17.84 |I I 
08:52-Fri-Feb-10-2017 PM2.5 |   9.07 |  10.57 |  10.03 |   8.74 |I I 
08:56-Fri-Feb-10-2017 PM10  |  21.19 |  22.75 |  21.19 |  17.84 |I I 
08:56-Fri-Feb-10-2017 PM2.5 |  10.65 |  10.57 |  10.03 |   8.74 |I I 
08:57-Fri-Feb-10-2017 PM10  |  19.56 |  22.61 |  21.19 |  17.84 |I I 
08:57-Fri-Feb-10-2017 PM2.5 |   8.94 |  10.50 |  10.03 |   8.74 |I I 
09:01-Fri-Feb-10-2017 PM10  |  17.42 |  22.39 |  22.39 |  17.84 |I I 
09:01-Fri-Feb-10-2017 PM2.5 |   9.01 |  10.44 |  10.44 |   8.74 |I I 
09:02-Fri-Feb-10-2017 PM10  |  22.29 |  22.29 |  22.39 |  17.84 |I I 
09:02-Fri-Feb-10-2017 PM2.5 |  10.36 |  10.36 |  10.44 |   8.74 |I I 
09:06-Fri-Feb-10-2017 PM10  |  22.57 |  22.43 |  22.39 |  17.84 |I I 
09:06-Fri-Feb-10-2017 PM2.5 |  10.81 |  10.58 |  10.44 |   8.74 |I I 
09:07-Fri-Feb-10-2017 PM10  |  15.95 |  20.27 |  22.39 |  17.84 |I I 
09:07-Fri-Feb-10-2017 PM2.5 |   7.75 |   9.64 |  10.44 |   8.74 |I I 
09:11-Fri-Feb-10-2017 PM10  |  15.97 |  19.20 |  22.39 |  17.84 |I I 
09:11-Fri-Feb-10-2017 PM2.5 |   9.16 |   9.52 |  10.44 |   8.74 |I I 
09:12-Fri-Feb-10-2017 PM10  |  17.69 |  18.89 |  22.39 |  17.84 |I I 
09:12-Fri-Feb-10-2017 PM2.5 |   8.80 |   9.37 |  10.44 |   8.74 |I I 
09:16-Fri-Feb-10-2017 PM10  |  18.41 |  18.81 |  22.39 |  17.84 |I I 
09:16-Fri-Feb-10-2017 PM2.5 |   8.93 |   9.30 |  10.44 |   8.74 |I I 
09:17-Fri-Feb-10-2017 PM10  |  16.04 |  18.42 |  22.39 |  17.84 |I I 
09:17-Fri-Feb-10-2017 PM2.5 |   7.90 |   9.10 |  10.44 |   8.74 |I I 
09:21-Fri-Feb-10-2017 PM10  |  17.95 |  18.36 |  22.39 |  17.84 |I I 
09:21-Fri-Feb-10-2017 PM2.5 |   9.23 |   9.12 |  10.44 |   8.74 |I I 
09:22-Fri-Feb-10-2017 PM10  |  17.26 |  18.24 |  22.39 |  17.84 |I I 
09:22-Fri-Feb-10-2017 PM2.5 |   8.53 |   9.05 |  10.44 |   8.74 |I I 
09:26-Fri-Feb-10-2017 PM10  |  21.35 |  18.55 |  22.39 |  17.84 |I I 
09:26-Fri-Feb-10-2017 PM2.5 |   9.74 |   9.12 |  10.44 |   8.74 |I I 
09:27-Fri-Feb-10-2017 PM10  |  19.77 |  18.66 |  22.39 |  17.84 |I I 
09:27-Fri-Feb-10-2017 PM2.5 |   9.35 |   9.14 |  10.44 |   8.74 |I I 
09:31-Fri-Feb-10-2017 PM10  |  18.55 |  18.65 |  22.39 |  17.84 |I I 
09:31-Fri-Feb-10-2017 PM2.5 |  10.34 |   9.24 |  10.44 |   8.74 |I I 
09:32-Fri-Feb-10-2017 PM10  |  21.61 |  18.88 |  22.39 |  17.84 |I I 
09:32-Fri-Feb-10-2017 PM2.5 |   9.05 |   9.23 |  10.44 |   8.74 |I I 
09:36-Fri-Feb-10-2017 PM10  |  21.78 |  19.09 |  22.39 |  17.84 |I I 
09:36-Fri-Feb-10-2017 PM2.5 |   9.70 |   9.26 |  10.44 |   8.74 |I I 
09:37-Fri-Feb-10-2017 PM10  |  18.21 |  19.03 |  22.39 |  17.84 |I I 
09:37-Fri-Feb-10-2017 PM2.5 |   8.65 |   9.22 |  10.44 |   8.74 |I I 
09:41-Fri-Feb-10-2017 PM10  |  18.40 |  18.99 |  22.39 |  17.84 |I I 
09:41-Fri-Feb-10-2017 PM2.5 |   8.98 |   9.20 |  10.44 |   8.74 |I I 
09:42-Fri-Feb-10-2017 PM10  |  18.44 |  18.96 |  22.39 |  17.84 |I I 
09:42-Fri-Feb-10-2017 PM2.5 |   8.37 |   9.15 |  10.44 |   8.74 |I I 
09:46-Fri-Feb-10-2017 PM10  |  16.53 |  18.82 |  22.39 |  17.84 |I I 
09:46-Fri-Feb-10-2017 PM2.5 |   8.20 |   9.10 |  10.44 |   8.74 |I I 
09:47-Fri-Feb-10-2017 PM10  |  14.83 |  18.61 |  22.39 |  17.84 |I I 
09:47-Fri-Feb-10-2017 PM2.5 |   7.62 |   9.02 |  10.44 |   8.74 |I I 
09:51-Fri-Feb-10-2017 PM10  |  19.69 |  18.66 |  22.39 |  17.84 |I I 
09:51-Fri-Feb-10-2017 PM2.5 |   8.62 |   9.00 |  10.44 |   8.74 |I I 
09:52-Fri-Feb-10-2017 PM10  |  15.48 |  18.51 |  22.39 |  17.84 |I I 
09:52-Fri-Feb-10-2017 PM2.5 |   7.47 |   8.93 |  10.44 |   8.74 |I I 
09:56-Fri-Feb-10-2017 PM10  |  17.03 |  18.45 |  22.39 |  17.84 |I I 
09:56-Fri-Feb-10-2017 PM2.5 |   8.60 |   8.92 |  10.44 |   8.74 |I I 
09:57-Fri-Feb-10-2017 PM10  |  19.66 |  18.50 |  22.39 |  17.84 |I I 
09:57-Fri-Feb-10-2017 PM2.5 |   9.04 |   8.92 |  10.44 |   8.74 |I I 
10:01-Fri-Feb-10-2017 PM10  |  17.48 |  18.46 |  22.39 |  17.84 |I I 
10:01-Fri-Feb-10-2017 PM2.5 |   9.52 |   8.95 |  10.44 |   8.74 |I I 
10:02-Fri-Feb-10-2017 PM10  |  15.10 |  15.10 |  22.39 |  17.84 |I I 
10:02-Fri-Feb-10-2017 PM2.5 |   7.88 |   7.88 |  10.44 |   8.74 |I I 
10:06-Fri-Feb-10-2017 PM10  |  18.88 |  16.99 |  22.39 |  17.84 |I I 
10:06-Fri-Feb-10-2017 PM2.5 |   9.65 |   8.76 |  10.44 |   8.74 |I I 
10:10-Fri-Feb-10-2017 PM10  |  19.76 |  17.92 |  22.39 |  17.84 |I I 
10:10-Fri-Feb-10-2017 PM2.5 |   9.00 |   8.84 |  10.44 |   8.74 |I I 
10:11-Fri-Feb-10-2017 PM10  |  13.66 |  16.85 |  22.39 |  17.84 |I I 
10:11-Fri-Feb-10-2017 PM2.5 |   7.27 |   8.45 |  10.44 |   8.74 |I I 
10:15-Fri-Feb-10-2017 PM10  |  14.55 |  16.39 |  22.39 |  17.84 |I I 
10:15-Fri-Feb-10-2017 PM2.5 |   8.37 |   8.43 |  10.44 |   8.74 |I I 
10:16-Fri-Feb-10-2017 PM10  |  15.78 |  16.29 |  22.39 |  17.84 |I I 
10:16-Fri-Feb-10-2017 PM2.5 |   7.18 |   8.22 |  10.44 |   8.74 |I I 
10:20-Fri-Feb-10-2017 PM10  |  14.29 |  16.00 |  22.39 |  17.84 |I I 
10:20-Fri-Feb-10-2017 PM2.5 |   7.92 |   8.18 |  10.44 |   8.74 |I I 
10:21-Fri-Feb-10-2017 PM10  |  19.90 |  16.49 |  22.39 |  17.84 |I I 
10:21-Fri-Feb-10-2017 PM2.5 |   9.14 |   8.30 |  10.44 |   8.74 |I I 
10:25-Fri-Feb-10-2017 PM10  |  20.59 |  16.95 |  22.39 |  17.84 |I I 
10:25-Fri-Feb-10-2017 PM2.5 |  10.01 |   8.49 |  10.44 |   8.74 |I I 
10:26-Fri-Feb-10-2017 PM10  |  17.99 |  17.05 |  22.39 |  17.84 |I I 
10:26-Fri-Feb-10-2017 PM2.5 |   8.57 |   8.50 |  10.44 |   8.74 |I I 
10:30-Fri-Feb-10-2017 PM10  |  17.27 |  17.07 |  22.39 |  17.84 |I I 
10:30-Fri-Feb-10-2017 PM2.5 |   8.60 |   8.51 |  10.44 |   8.74 |I I 
10:31-Fri-Feb-10-2017 PM10  |  17.94 |  17.14 |  22.39 |  17.84 |I I 
10:31-Fri-Feb-10-2017 PM2.5 |   8.74 |   8.53 |  10.44 |   8.74 |I I 
10:35-Fri-Feb-10-2017 PM10  |  16.45 |  17.09 |  22.39 |  17.84 |I I 
10:35-Fri-Feb-10-2017 PM2.5 |   8.76 |   8.55 |  10.44 |   8.74 |I I 
10:36-Fri-Feb-10-2017 PM10  |  14.44 |  16.90 |  22.39 |  17.84 |I I 
10:36-Fri-Feb-10-2017 PM2.5 |   8.22 |   8.52 |  10.44 |   8.74 |I I 
10:40-Fri-Feb-10-2017 PM10  |  15.73 |  16.82 |  22.39 |  17.84 |I I 
10:40-Fri-Feb-10-2017 PM2.5 |   8.83 |   8.54 |  10.44 |   8.74 |I I 
10:41-Fri-Feb-10-2017 PM10  |  15.32 |  16.73 |  22.39 |  17.84 |I I 
10:41-Fri-Feb-10-2017 PM2.5 |   8.35 |   8.53 |  10.44 |   8.74 |I I 
10:45-Fri-Feb-10-2017 PM10  |  18.75 |  16.85 |  22.39 |  17.84 |I I 
10:45-Fri-Feb-10-2017 PM2.5 |   9.23 |   8.57 |  10.44 |   8.74 |I I 
10:46-Fri-Feb-10-2017 PM10  |  21.30 |  17.10 |  22.39 |  17.84 |I I 
10:46-Fri-Feb-10-2017 PM2.5 |   9.12 |   8.60 |  10.44 |   8.74 |I I 
10:50-Fri-Feb-10-2017 PM10  |  21.84 |  17.34 |  22.39 |  17.84 |I I 
10:50-Fri-Feb-10-2017 PM2.5 |  10.64 |   8.71 |  10.44 |   8.74 |I I 
10:51-Fri-Feb-10-2017 PM10  |  26.36 |  17.80 |  22.39 |  17.84 |I I 
10:51-Fri-Feb-10-2017 PM2.5 |  11.17 |   8.83 |  10.44 |   8.74 |I I 
10:55-Fri-Feb-10-2017 PM10  |  26.10 |  18.19 |  22.39 |  17.84 |I I 
10:55-Fri-Feb-10-2017 PM2.5 |  12.22 |   8.99 |  10.44 |   8.74 |I I 
10:56-Fri-Feb-10-2017 PM10  |  25.43 |  18.52 |  22.39 |  17.84 |I I 
10:56-Fri-Feb-10-2017 PM2.5 |  10.15 |   9.05 |  10.44 |   8.74 |I I 
11:00-Fri-Feb-10-2017 PM10  |  26.04 |  18.85 |  22.39 |  17.84 |I I 
11:00-Fri-Feb-10-2017 PM2.5 |  11.91 |   9.17 |  10.44 |   8.74 |I I 
11:01-Fri-Feb-10-2017 PM10  |  17.92 |  17.92 |  22.39 |  17.84 |I I 
11:01-Fri-Feb-10-2017 PM2.5 |   8.83 |   8.83 |  10.44 |   8.74 |I I 
11:05-Fri-Feb-10-2017 PM10  |  18.05 |  17.99 |  22.39 |  17.84 |I I 
11:05-Fri-Feb-10-2017 PM2.5 |   9.86 |   9.34 |  10.44 |   8.74 |I I 
11:06-Fri-Feb-10-2017 PM10  |  18.69 |  18.22 |  22.39 |  17.84 |I I 
11:06-Fri-Feb-10-2017 PM2.5 |   9.39 |   9.36 |  10.44 |   8.74 |I I 
11:10-Fri-Feb-10-2017 PM10  |  19.46 |  18.53 |  22.39 |  17.84 |I I 
11:10-Fri-Feb-10-2017 PM2.5 |   9.93 |   9.50 |  10.44 |   8.74 |I I 
11:11-Fri-Feb-10-2017 PM10  |  21.49 |  19.12 |  22.39 |  17.84 |I I 
11:11-Fri-Feb-10-2017 PM2.5 |   9.06 |   9.41 |  10.44 |   8.74 |I I 
11:15-Fri-Feb-10-2017 PM10  |  20.78 |  19.40 |  22.39 |  17.84 |I I 
11:15-Fri-Feb-10-2017 PM2.5 |  10.18 |   9.54 |  10.44 |   8.74 |I I 
11:16-Fri-Feb-10-2017 PM10  |  15.86 |  18.89 |  22.39 |  17.84 |I I 
11:16-Fri-Feb-10-2017 PM2.5 |   8.62 |   9.41 |  10.44 |   8.74 |I I 
11:21-Fri-Feb-10-2017 PM10  |  18.38 |  18.83 |  22.39 |  17.84 |I I 
11:21-Fri-Feb-10-2017 PM2.5 |   9.51 |   9.42 |  10.44 |   8.74 |I I 
11:22-Fri-Feb-10-2017 PM10  |  16.98 |  18.62 |  22.39 |  17.84 |I I 
11:22-Fri-Feb-10-2017 PM2.5 |   8.90 |   9.36 |  10.44 |   8.74 |I I 
11:26-Fri-Feb-10-2017 PM10  |  16.37 |  18.40 |  22.39 |  17.84 |I I 
11:26-Fri-Feb-10-2017 PM2.5 |   9.05 |   9.33 |  10.44 |   8.74 |I I 
11:27-Fri-Feb-10-2017 PM10  |  13.56 |  17.96 |  22.39 |  17.84 |I I 
11:27-Fri-Feb-10-2017 PM2.5 |   7.19 |   9.14 |  10.44 |   8.74 |I I 
11:31-Fri-Feb-10-2017 PM10  |  16.10 |  17.80 |  22.39 |  17.84 |I I 
11:31-Fri-Feb-10-2017 PM2.5 |   8.36 |   9.07 |  10.44 |   8.74 |I I 
11:32-Fri-Feb-10-2017 PM10  |  15.80 |  17.65 |  22.39 |  17.84 |I I 
11:32-Fri-Feb-10-2017 PM2.5 |   8.09 |   9.00 |  10.44 |   8.74 |I I 
11:36-Fri-Feb-10-2017 PM10  |  17.45 |  17.64 |  22.39 |  17.84 |I I 
11:36-Fri-Feb-10-2017 PM2.5 |   9.08 |   9.00 |  10.44 |   8.74 |I I 
11:37-Fri-Feb-10-2017 PM10  |  15.32 |  17.48 |  22.39 |  17.84 |I I 
11:37-Fri-Feb-10-2017 PM2.5 |   8.20 |   8.95 |  10.44 |   8.74 |I I 
11:41-Fri-Feb-10-2017 PM10  |  16.52 |  17.42 |  22.39 |  17.84 |I I 
11:41-Fri-Feb-10-2017 PM2.5 |   8.87 |   8.94 |  10.44 |   8.74 |I I 
11:42-Fri-Feb-10-2017 PM10  |  15.84 |  17.33 |  22.39 |  17.84 |I I 
11:42-Fri-Feb-10-2017 PM2.5 |   7.91 |   8.88 |  10.44 |   8.74 |I I 
11:46-Fri-Feb-10-2017 PM10  |  16.54 |  17.28 |  22.39 |  17.84 |I I 
11:46-Fri-Feb-10-2017 PM2.5 |   8.81 |   8.88 |  10.44 |   8.74 |I I 
11:47-Fri-Feb-10-2017 PM10  |  21.33 |  17.50 |  22.39 |  17.84 |I I 
11:47-Fri-Feb-10-2017 PM2.5 |   8.65 |   8.87 |  10.44 |   8.74 |I I 
11:51-Fri-Feb-10-2017 PM10  |  23.54 |  17.80 |  22.39 |  17.84 |I I 
11:51-Fri-Feb-10-2017 PM2.5 |   9.51 |   8.90 |  10.44 |   8.74 |I I 
11:52-Fri-Feb-10-2017 PM10  |  16.94 |  17.76 |  22.39 |  17.84 |I I 
11:52-Fri-Feb-10-2017 PM2.5 |   8.16 |   8.86 |  10.44 |   8.74 |I I 
11:56-Fri-Feb-10-2017 PM10  |  14.41 |  17.61 |  22.39 |  17.84 |I I 
11:56-Fri-Feb-10-2017 PM2.5 |   8.39 |   8.84 |  10.44 |   8.74 |I I 
11:57-Fri-Feb-10-2017 PM10  |  14.92 |  17.49 |  22.39 |  17.84 |I I 
11:57-Fri-Feb-10-2017 PM2.5 |   8.00 |   8.81 |  10.44 |   8.74 |I I 
12:01-Fri-Feb-10-2017 PM10  |  14.80 |  17.38 |  22.39 |  17.38 |I I 
12:01-Fri-Feb-10-2017 PM2.5 |   8.39 |   8.79 |  10.44 |   8.74 |I I 
12:02-Fri-Feb-10-2017 PM10  |  16.13 |  16.13 |  22.39 |  17.38 |I I 
12:02-Fri-Feb-10-2017 PM2.5 |   8.53 |   8.53 |  10.44 |   8.74 |I I 
12:06-Fri-Feb-10-2017 PM10  |  19.35 |  17.74 |  22.39 |  17.38 |I I 
12:06-Fri-Feb-10-2017 PM2.5 |   9.59 |   9.06 |  10.44 |   8.74 |I I 
12:07-Fri-Feb-10-2017 PM10  |  16.26 |  17.25 |  22.39 |  17.38 |I I 
12:07-Fri-Feb-10-2017 PM2.5 |   8.37 |   8.83 |  10.44 |   8.74 |I I 
12:11-Fri-Feb-10-2017 PM10  |  18.95 |  17.67 |  22.39 |  17.38 |I I 
12:11-Fri-Feb-10-2017 PM2.5 |   9.26 |   8.94 |  10.44 |   8.74 |I I 
12:12-Fri-Feb-10-2017 PM10  |  22.23 |  18.58 |  22.39 |  17.38 |I I 
12:12-Fri-Feb-10-2017 PM2.5 |  10.74 |   9.30 |  10.44 |   8.74 |I I 
12:16-Fri-Feb-10-2017 PM10  |  20.19 |  18.85 |  22.39 |  17.38 |I I 
12:16-Fri-Feb-10-2017 PM2.5 |  10.69 |   9.53 |  10.44 |   8.74 |I I 
12:17-Fri-Feb-10-2017 PM10  |  16.20 |  18.47 |  22.39 |  17.38 |I I 
12:17-Fri-Feb-10-2017 PM2.5 |   8.18 |   9.34 |  10.44 |   8.74 |I I 
12:21-Fri-Feb-10-2017 PM10  |  17.26 |  18.32 |  22.39 |  17.38 |I I 
12:21-Fri-Feb-10-2017 PM2.5 |   8.88 |   9.28 |  10.44 |   8.74 |I I 
12:22-Fri-Feb-10-2017 PM10  |  16.13 |  18.08 |  22.39 |  17.38 |I I 
12:22-Fri-Feb-10-2017 PM2.5 |   8.39 |   9.18 |  10.44 |   8.74 |I I 
12:26-Fri-Feb-10-2017 PM10  |  16.94 |  17.96 |  22.39 |  17.38 |I I 
12:26-Fri-Feb-10-2017 PM2.5 |   8.62 |   9.13 |  10.44 |   8.74 |I I 
12:27-Fri-Feb-10-2017 PM10  |  15.12 |  17.70 |  22.39 |  17.38 |I I 
12:27-Fri-Feb-10-2017 PM2.5 |   8.27 |   9.05 |  10.44 |   8.74 |I I 
12:31-Fri-Feb-10-2017 PM10  |  16.24 |  17.58 |  22.39 |  17.38 |I I 
12:31-Fri-Feb-10-2017 PM2.5 |   9.19 |   9.06 |  10.44 |   8.74 |I I 
12:32-Fri-Feb-10-2017 PM10  |  12.10 |  17.16 |  22.39 |  17.38 |I I 
12:32-Fri-Feb-10-2017 PM2.5 |   6.95 |   8.90 |  10.44 |   8.74 |I I 
12:36-Fri-Feb-10-2017 PM10  |  16.25 |  17.10 |  22.39 |  17.38 |I I 
12:36-Fri-Feb-10-2017 PM2.5 |   8.22 |   8.85 |  10.44 |   8.74 |I I 
12:37-Fri-Feb-10-2017 PM10  |  14.68 |  16.93 |  22.39 |  17.38 |I I 
12:37-Fri-Feb-10-2017 PM2.5 |   7.78 |   8.78 |  10.44 |   8.74 |I I 
12:41-Fri-Feb-10-2017 PM10  |  14.39 |  16.78 |  22.39 |  17.38 |I I 
12:41-Fri-Feb-10-2017 PM2.5 |   7.76 |   8.71 |  10.44 |   8.74 |I I 
12:42-Fri-Feb-10-2017 PM10  |  15.78 |  16.72 |  22.39 |  17.38 |I I 
12:42-Fri-Feb-10-2017 PM2.5 |   8.24 |   8.69 |  10.44 |   8.74 |I I 
12:46-Fri-Feb-10-2017 PM10  |  14.75 |  16.61 |  22.39 |  17.38 |I I 
12:46-Fri-Feb-10-2017 PM2.5 |   8.35 |   8.67 |  10.44 |   8.74 |I I 
12:47-Fri-Feb-10-2017 PM10  |  14.43 |  16.49 |  22.39 |  17.38 |I I 
12:47-Fri-Feb-10-2017 PM2.5 |   7.84 |   8.62 |  10.44 |   8.74 |I I 
12:51-Fri-Feb-10-2017 PM10  |  17.21 |  16.53 |  22.39 |  17.38 |I I 
12:51-Fri-Feb-10-2017 PM2.5 |   9.20 |   8.65 |  10.44 |   8.74 |I I 
12:52-Fri-Feb-10-2017 PM10  |  15.73 |  16.49 |  22.39 |  17.38 |I I 
12:52-Fri-Feb-10-2017 PM2.5 |   7.57 |   8.60 |  10.44 |   8.74 |I I 
12:56-Fri-Feb-10-2017 PM10  |  14.06 |  16.38 |  22.39 |  17.38 |I I 
12:56-Fri-Feb-10-2017 PM2.5 |   8.07 |   8.58 |  10.44 |   8.74 |I I 
12:57-Fri-Feb-10-2017 PM10  |  16.38 |  16.38 |  22.39 |  17.38 |I I 
12:57-Fri-Feb-10-2017 PM2.5 |   7.36 |   8.52 |  10.44 |   8.74 |I I 
13:01-Fri-Feb-10-2017 PM10  |  14.46 |  16.30 |  22.39 |  16.30 |I I 
13:01-Fri-Feb-10-2017 PM2.5 |   7.79 |   8.49 |  10.44 |   8.49 |I I 
13:02-Fri-Feb-10-2017 PM10  |  16.26 |  16.26 |  22.39 |  16.30 |I I 
13:02-Fri-Feb-10-2017 PM2.5 |   8.22 |   8.22 |  10.44 |   8.49 |I I 
13:06-Fri-Feb-10-2017 PM10  |  15.14 |  15.70 |  22.39 |  16.30 |I I 
13:06-Fri-Feb-10-2017 PM2.5 |   8.23 |   8.22 |  10.44 |   8.49 |I I 
13:07-Fri-Feb-10-2017 PM10  |  16.02 |  15.81 |  22.39 |  16.30 |I I 
13:07-Fri-Feb-10-2017 PM2.5 |   7.47 |   7.97 |  10.44 |   8.49 |I I 
13:11-Fri-Feb-10-2017 PM10  |  17.25 |  16.17 |  22.39 |  16.30 |I I 
13:11-Fri-Feb-10-2017 PM2.5 |   8.17 |   8.02 |  10.44 |   8.49 |I I 
13:12-Fri-Feb-10-2017 PM10  |  15.22 |  15.98 |  22.39 |  16.30 |I I 
13:12-Fri-Feb-10-2017 PM2.5 |   7.56 |   7.93 |  10.44 |   8.49 |I I 
13:16-Fri-Feb-10-2017 PM10  |  15.58 |  15.91 |  22.39 |  16.30 |I I 
13:16-Fri-Feb-10-2017 PM2.5 |   8.94 |   8.10 |  10.44 |   8.49 |I I 
13:17-Fri-Feb-10-2017 PM10  |  15.99 |  15.92 |  22.39 |  16.30 |I I 
13:17-Fri-Feb-10-2017 PM2.5 |   8.17 |   8.11 |  10.44 |   8.49 |I I 
13:21-Fri-Feb-10-2017 PM10  |  17.39 |  16.11 |  22.39 |  16.30 |I I 
13:21-Fri-Feb-10-2017 PM2.5 |   8.80 |   8.19 |  10.44 |   8.49 |I I 
13:22-Fri-Feb-10-2017 PM10  |  16.35 |  16.13 |  22.39 |  16.30 |I I 
13:22-Fri-Feb-10-2017 PM2.5 |   8.73 |   8.25 |  10.44 |   8.49 |I I 
13:26-Fri-Feb-10-2017 PM10  |  17.46 |  16.27 |  22.39 |  16.30 |I I 
13:26-Fri-Feb-10-2017 PM2.5 |   8.62 |   8.29 |  10.44 |   8.49 |I I 
13:27-Fri-Feb-10-2017 PM10  |  18.63 |  16.48 |  22.39 |  16.30 |I I 
13:27-Fri-Feb-10-2017 PM2.5 |   7.92 |   8.26 |  10.44 |   8.49 |I I 
13:30-Fri-Feb-10-2017 PM10  |  15.80 |  16.42 |  22.39 |  16.30 |I I 
13:30-Fri-Feb-10-2017 PM2.5 |   9.19 |   8.34 |  10.44 |   8.49 |I I 
13:31-Fri-Feb-10-2017 PM10  |  16.67 |  16.44 |  22.39 |  16.30 |I I 
13:31-Fri-Feb-10-2017 PM2.5 |   8.48 |   8.35 |  10.44 |   8.49 |I I 
13:36-Fri-Feb-10-2017 PM10  |  15.04 |  16.34 |  22.39 |  16.30 |I I 
13:36-Fri-Feb-10-2017 PM2.5 |   8.84 |   8.38 |  10.44 |   8.49 |I I 
13:37-Fri-Feb-10-2017 PM10  |  16.02 |  16.32 |  22.39 |  16.30 |I I 
13:37-Fri-Feb-10-2017 PM2.5 |   7.96 |   8.35 |  10.44 |   8.49 |I I 
13:41-Fri-Feb-10-2017 PM10  |  16.86 |  16.35 |  22.39 |  16.30 |I I 
13:41-Fri-Feb-10-2017 PM2.5 |   9.06 |   8.40 |  10.44 |   8.49 |I I 
13:42-Fri-Feb-10-2017 PM10  |  18.27 |  16.47 |  22.39 |  16.30 |I I 
13:42-Fri-Feb-10-2017 PM2.5 |   8.52 |   8.40 |  10.44 |   8.49 |I I 
13:46-Fri-Feb-10-2017 PM10  |  16.71 |  16.48 |  22.39 |  16.30 |I I 
13:46-Fri-Feb-10-2017 PM2.5 |   9.14 |   8.45 |  10.44 |   8.49 |I I 
13:47-Fri-Feb-10-2017 PM10  |  15.65 |  16.44 |  22.39 |  16.30 |I I 
13:47-Fri-Feb-10-2017 PM2.5 |   8.04 |   8.42 |  10.44 |   8.49 |I I 
13:51-Fri-Feb-10-2017 PM10  |  16.58 |  16.44 |  22.39 |  16.30 |I I 
13:51-Fri-Feb-10-2017 PM2.5 |   8.53 |   8.43 |  10.44 |   8.49 |I I 
13:52-Fri-Feb-10-2017 PM10  |  16.08 |  16.43 |  22.39 |  16.30 |I I 
13:52-Fri-Feb-10-2017 PM2.5 |   7.77 |   8.40 |  10.44 |   8.49 |I I 
13:56-Fri-Feb-10-2017 PM10  |  17.22 |  16.46 |  22.39 |  16.30 |I I 
13:56-Fri-Feb-10-2017 PM2.5 |   8.83 |   8.42 |  10.44 |   8.49 |I I 
13:57-Fri-Feb-10-2017 PM10  |  14.26 |  16.37 |  22.39 |  16.30 |I I 
13:57-Fri-Feb-10-2017 PM2.5 |   7.85 |   8.39 |  10.44 |   8.49 |I I 
14:01-Fri-Feb-10-2017 PM10  |  15.53 |  16.33 |  22.39 |  16.30 |I I 
14:01-Fri-Feb-10-2017 PM2.5 |   7.99 |   8.38 |  10.44 |   8.38 |I I 
14:02-Fri-Feb-10-2017 PM10  |  12.68 |  12.68 |  22.39 |  16.30 |I I 
14:02-Fri-Feb-10-2017 PM2.5 |   7.08 |   7.08 |  10.44 |   8.38 |I I 
14:06-Fri-Feb-10-2017 PM10  |  13.80 |  13.24 |  22.39 |  16.30 |I I 
14:06-Fri-Feb-10-2017 PM2.5 |   7.99 |   7.53 |  10.44 |   8.38 |I I 
14:07-Fri-Feb-10-2017 PM10  |  15.52 |  14.00 |  22.39 |  16.30 |I I 
14:07-Fri-Feb-10-2017 PM2.5 |   8.33 |   7.80 |  10.44 |   8.38 |I I 
14:11-Fri-Feb-10-2017 PM10  |  15.43 |  14.36 |  22.39 |  16.30 |I I 
14:11-Fri-Feb-10-2017 PM2.5 |   8.57 |   7.99 |  10.44 |   8.38 |I I 
14:12-Fri-Feb-10-2017 PM10  |  15.67 |  14.62 |  22.39 |  16.30 |I I 
14:12-Fri-Feb-10-2017 PM2.5 |   7.87 |   7.97 |  10.44 |   8.38 |I I 
14:16-Fri-Feb-10-2017 PM10  |  18.07 |  15.19 |  22.39 |  16.30 |I I 
14:16-Fri-Feb-10-2017 PM2.5 |   8.80 |   8.11 |  10.44 |   8.38 |I I 
14:17-Fri-Feb-10-2017 PM10  |  16.85 |  15.43 |  22.39 |  16.30 |I I 
14:17-Fri-Feb-10-2017 PM2.5 |   7.83 |   8.07 |  10.44 |   8.38 |I I 
14:21-Fri-Feb-10-2017 PM10  |  18.87 |  15.86 |  22.39 |  16.30 |I I 
14:21-Fri-Feb-10-2017 PM2.5 |   8.46 |   8.12 |  10.44 |   8.38 |I I 
14:22-Fri-Feb-10-2017 PM10  |  13.78 |  15.63 |  22.39 |  16.30 |I I 
14:22-Fri-Feb-10-2017 PM2.5 |   8.14 |   8.12 |  10.44 |   8.38 |I I 
14:26-Fri-Feb-10-2017 PM10  |  14.96 |  15.56 |  22.39 |  16.30 |I I 
14:26-Fri-Feb-10-2017 PM2.5 |   8.73 |   8.18 |  10.44 |   8.38 |I I 
15:25-Fri-Feb-10-2017Start
15:30-Fri-Feb-10-2017 PM10  |  15.52 |  15.52 |  22.39 |  16.30 |I I 
15:30-Fri-Feb-10-2017 PM2.5 |   8.42 |   8.42 |  10.44 |   8.38 |I I 
15:34-Fri-Feb-10-2017 PM10  |  16.57 |  16.05 |  22.39 |  16.30 |I I 
15:34-Fri-Feb-10-2017 PM2.5 |   8.76 |   8.59 |  10.44 |   8.38 |I I 
15:35-Fri-Feb-10-2017 PM10  |  15.45 |  15.85 |  22.39 |  16.30 |I I 
15:35-Fri-Feb-10-2017 PM2.5 |   8.37 |   8.52 |  10.44 |   8.38 |I I 
15:39-Fri-Feb-10-2017 PM10  |  16.92 |  16.12 |  22.39 |  16.30 |I I 
15:39-Fri-Feb-10-2017 PM2.5 |   9.10 |   8.66 |  10.44 |   8.38 |I I 
15:40-Fri-Feb-10-2017 PM10  |  17.65 |  16.42 |  22.39 |  16.30 |I I 
15:40-Fri-Feb-10-2017 PM2.5 |   9.66 |   8.86 |  10.44 |   8.38 |I I 
15:44-Fri-Feb-10-2017 PM10  |  20.49 |  17.10 |  22.39 |  16.30 |I I 
15:44-Fri-Feb-10-2017 PM2.5 |  10.63 |   9.16 |  10.44 |   8.38 |I I 
15:45-Fri-Feb-10-2017 PM10  |  17.62 |  17.18 |  22.39 |  16.30 |I I 
15:45-Fri-Feb-10-2017 PM2.5 |   9.29 |   9.18 |  10.44 |   8.38 |I I 
15:49-Fri-Feb-10-2017 PM10  |  20.35 |  17.57 |  22.39 |  16.30 |I I 
15:49-Fri-Feb-10-2017 PM2.5 |  10.28 |   9.31 |  10.44 |   8.38 |I I 
15:50-Fri-Feb-10-2017 PM10  |  19.62 |  17.80 |  22.39 |  16.30 |I I 
15:50-Fri-Feb-10-2017 PM2.5 |  10.01 |   9.39 |  10.44 |   8.38 |I I 
15:51-Fri-Feb-10-2017 PM10  |  19.62 |  17.98 |  22.39 |  16.30 |I I 
15:51-Fri-Feb-10-2017 PM2.5 |  10.01 |   9.45 |  10.44 |   8.38 |I I 
15:55-Fri-Feb-10-2017 PM10  |  20.15 |  18.18 |  22.39 |  16.30 |I I 
15:55-Fri-Feb-10-2017 PM2.5 |  10.21 |   9.52 |  10.44 |   8.38 |I I 
15:56-Fri-Feb-10-2017 PM10  |  19.98 |  18.33 |  22.39 |  16.30 |I I 
15:56-Fri-Feb-10-2017 PM2.5 |   9.68 |   9.53 |  10.44 |   8.38 |I I 
16:00-Fri-Feb-10-2017 PM10  |  20.39 |  18.49 |  22.39 |  16.30 |I I 
16:00-Fri-Feb-10-2017 PM2.5 |   9.95 |   9.57 |  10.44 |   8.38 |I I 
16:01-Fri-Feb-10-2017 PM10  |  20.41 |  20.41 |  22.39 |  16.30 |I I 
16:01-Fri-Feb-10-2017 PM2.5 |   9.35 |   9.35 |  10.44 |   8.38 |I I 
16:05-Fri-Feb-10-2017 PM10  |  19.61 |  20.01 |  22.39 |  16.30 |I I 
16:05-Fri-Feb-10-2017 PM2.5 |  10.20 |   9.77 |  10.44 |   8.38 |I I 
16:06-Fri-Feb-10-2017 PM10  |  17.75 |  19.26 |  22.39 |  16.30 |I I 
16:06-Fri-Feb-10-2017 PM2.5 |   8.48 |   9.34 |  10.44 |   8.38 |I I 
16:10-Fri-Feb-10-2017 PM10  |  15.42 |  18.30 |  22.39 |  16.30 |I I 
16:10-Fri-Feb-10-2017 PM2.5 |   8.18 |   9.05 |  10.44 |   8.38 |I I 
16:11-Fri-Feb-10-2017 PM10  |  16.91 |  18.02 |  22.39 |  16.30 |I I 
16:11-Fri-Feb-10-2017 PM2.5 |   8.44 |   8.93 |  10.44 |   8.38 |I I 
16:15-Fri-Feb-10-2017 PM10  |  18.99 |  18.18 |  22.39 |  16.30 |I I 
16:15-Fri-Feb-10-2017 PM2.5 |   9.23 |   8.98 |  10.44 |   8.38 |I I 
16:16-Fri-Feb-10-2017 PM10  |  14.77 |  17.70 |  22.39 |  16.30 |I I 
16:16-Fri-Feb-10-2017 PM2.5 |   8.16 |   8.86 |  10.44 |   8.38 |I I 
16:20-Fri-Feb-10-2017 PM10  |  15.24 |  17.39 |  22.39 |  16.30 |I I 
16:20-Fri-Feb-10-2017 PM2.5 |   8.72 |   8.85 |  10.44 |   8.38 |I I 
16:21-Fri-Feb-10-2017 PM10  |  15.24 |  17.15 |  22.39 |  16.30 |I I 
16:21-Fri-Feb-10-2017 PM2.5 |   8.72 |   8.83 |  10.44 |   8.38 |I I 
16:22-Fri-Feb-10-2017 PM10  |  15.15 |  16.95 |  22.39 |  16.30 |I I 
16:22-Fri-Feb-10-2017 PM2.5 |   7.37 |   8.69 |  10.44 |   8.38 |I I 
16:23-Fri-Feb-10-2017Start
16:28-Fri-Feb-10-2017 PM10  |  15.81 |  15.81 |  22.39 |  16.30 |I I 
16:28-Fri-Feb-10-2017 PM2.5 |   8.22 |   8.22 |  10.44 |   8.38 |I I 
16:32-Fri-Feb-10-2017 PM10  |  15.61 |  15.71 |  22.39 |  16.30 |I I 
16:32-Fri-Feb-10-2017 PM2.5 |   8.38 |   8.30 |  10.44 |   8.38 |I I 
16:33-Fri-Feb-10-2017 PM10  |  15.38 |  15.60 |  22.39 |  16.30 |I I 
16:33-Fri-Feb-10-2017 PM2.5 |   8.53 |   8.38 |  10.44 |   8.38 |I I 
16:37-Fri-Feb-10-2017 PM10  |  16.65 |  15.87 |  22.39 |  16.30 |I I 
16:37-Fri-Feb-10-2017 PM2.5 |   9.04 |   8.54 |  10.44 |   8.38 |I I 
16:39-Fri-Feb-10-2017 PM10  |  15.93 |  15.88 |  22.39 |  16.30 |I I 
16:39-Fri-Feb-10-2017 PM2.5 |   8.47 |   8.53 |  10.44 |   8.38 |I I 
16:43-Fri-Feb-10-2017 PM10  |  15.89 |  15.88 |  22.39 |  16.30 |I I 
16:43-Fri-Feb-10-2017 PM2.5 |   8.61 |   8.54 |  10.44 |   8.38 |I I 
16:44-Fri-Feb-10-2017 PM10  |  17.35 |  16.09 |  22.39 |  16.30 |I I 
16:44-Fri-Feb-10-2017 PM2.5 |   8.69 |   8.56 |  10.44 |   8.38 |I I 
16:48-Fri-Feb-10-2017 PM10  |  16.13 |  16.09 |  22.39 |  16.30 |I I 
16:48-Fri-Feb-10-2017 PM2.5 |   8.83 |   8.60 |  10.44 |   8.38 |I I 
16:49-Fri-Feb-10-2017 PM10  |  17.57 |  16.26 |  22.39 |  16.30 |I I 
16:49-Fri-Feb-10-2017 PM2.5 |   8.91 |   8.63 |  10.44 |   8.38 |I I 
16:50-Fri-Feb-10-2017 PM10  |  17.57 |  16.39 |  22.39 |  16.30 |I I 
16:50-Fri-Feb-10-2017 PM2.5 |   8.91 |   8.66 |  10.44 |   8.38 |I I 
16:54-Fri-Feb-10-2017 PM10  |  17.89 |  16.53 |  22.39 |  16.30 |I I 
16:54-Fri-Feb-10-2017 PM2.5 |   8.76 |   8.67 |  10.44 |   8.38 |I I 
16:55-Fri-Feb-10-2017 PM10  |  18.46 |  16.69 |  22.39 |  16.30 |I I 
16:55-Fri-Feb-10-2017 PM2.5 |   9.26 |   8.72 |  10.44 |   8.38 |I I 
16:59-Fri-Feb-10-2017 PM10  |  17.65 |  16.76 |  22.39 |  16.30 |I I 
16:59-Fri-Feb-10-2017 PM2.5 |   9.61 |   8.79 |  10.44 |   8.38 |I I 
17:00-Fri-Feb-10-2017 PM10  |  19.02 |  16.92 |  22.39 |  16.30 |I I 
17:00-Fri-Feb-10-2017 PM2.5 |   9.33 |   8.82 |  10.44 |   8.38 |I I 
17:04-Fri-Feb-10-2017 PM10  |  17.51 |  17.51 |  22.39 |  16.30 |I I 
17:04-Fri-Feb-10-2017 PM2.5 |   9.62 |   9.62 |  10.44 |   8.38 |I I 
17:05-Fri-Feb-10-2017 PM10  |  19.59 |  18.55 |  22.39 |  16.30 |I I 
17:05-Fri-Feb-10-2017 PM2.5 |   9.00 |   9.31 |  10.44 |   8.38 |I I 
17:09-Fri-Feb-10-2017 PM10  |  15.38 |  17.49 |  22.39 |  16.30 |I I 
17:09-Fri-Feb-10-2017 PM2.5 |   9.07 |   9.23 |  10.44 |   8.38 |I I 
17:10-Fri-Feb-10-2017 PM10  |  19.48 |  17.99 |  22.39 |  16.30 |I I 
17:10-Fri-Feb-10-2017 PM2.5 |  10.12 |   9.45 |  10.44 |   8.38 |I I 
17:14-Fri-Feb-10-2017 PM10  |  20.32 |  18.46 |  22.39 |  16.30 |I I 
17:14-Fri-Feb-10-2017 PM2.5 |  10.60 |   9.68 |  10.44 |   8.38 |I I 
17:15-Fri-Feb-10-2017 PM10  |  18.63 |  18.48 |  22.39 |  16.30 |I I 
17:15-Fri-Feb-10-2017 PM2.5 |   9.49 |   9.65 |  10.44 |   8.38 |I I 
17:19-Fri-Feb-10-2017 PM10  |  18.23 |  18.45 |  22.39 |  16.30 |I I 
17:19-Fri-Feb-10-2017 PM2.5 |   9.53 |   9.63 |  10.44 |   8.38 |I I 
17:20-Fri-Feb-10-2017 PM10  |  18.23 |  18.42 |  22.39 |  16.30 |I I 
17:20-Fri-Feb-10-2017 PM2.5 |   9.53 |   9.62 |  10.44 |   8.38 |I I 
17:21-Fri-Feb-10-2017 PM10  |  16.72 |  18.23 |  22.39 |  16.30 |I I 
17:21-Fri-Feb-10-2017 PM2.5 |   9.00 |   9.55 |  10.44 |   8.38 |I I 
17:25-Fri-Feb-10-2017 PM10  |  17.20 |  18.13 |  22.39 |  16.30 |I I 
17:25-Fri-Feb-10-2017 PM2.5 |   9.72 |   9.57 |  10.44 |   8.38 |I I 
17:26-Fri-Feb-10-2017 PM10  |  17.47 |  18.07 |  22.39 |  16.30 |I I 
17:26-Fri-Feb-10-2017 PM2.5 |   9.25 |   9.54 |  10.44 |   8.38 |I I 
17:30-Fri-Feb-10-2017 PM10  |  20.27 |  18.25 |  22.39 |  16.30 |I I 
17:30-Fri-Feb-10-2017 PM2.5 |  10.13 |   9.59 |  10.44 |   8.38 |I I 
17:31-Fri-Feb-10-2017 PM10  |  17.07 |  18.16 |  22.39 |  16.30 |I I 
17:31-Fri-Feb-10-2017 PM2.5 |   8.21 |   9.48 |  10.44 |   8.38 |I I 
17:35-Fri-Feb-10-2017 PM10  |  18.82 |  18.21 |  22.39 |  16.30 |I I 
17:35-Fri-Feb-10-2017 PM2.5 |   9.60 |   9.49 |  10.44 |   8.38 |I I 
17:36-Fri-Feb-10-2017 PM10  |  17.07 |  18.13 |  22.39 |  16.30 |I I 
17:36-Fri-Feb-10-2017 PM2.5 |   8.91 |   9.45 |  10.44 |   8.38 |I I 
17:40-Fri-Feb-10-2017 PM10  |  18.43 |  18.15 |  22.39 |  16.30 |I I 
17:40-Fri-Feb-10-2017 PM2.5 |   9.58 |   9.46 |  10.44 |   8.38 |I I 
17:41-Fri-Feb-10-2017 PM10  |  17.26 |  18.10 |  22.39 |  16.30 |I I 
17:41-Fri-Feb-10-2017 PM2.5 |   9.19 |   9.44 |  10.44 |   8.38 |I I 
17:45-Fri-Feb-10-2017 PM10  |  18.69 |  18.13 |  22.39 |  16.30 |I I 
17:45-Fri-Feb-10-2017 PM2.5 |   9.98 |   9.47 |  10.44 |   8.38 |I I 
17:46-Fri-Feb-10-2017 PM10  |  18.69 |  18.16 |  22.39 |  16.30 |I I 
17:46-Fri-Feb-10-2017 PM2.5 |   9.98 |   9.50 |  10.44 |   8.38 |I I 
17:47-Fri-Feb-10-2017 PM10  |  18.83 |  18.19 |  22.39 |  16.30 |I I 
17:47-Fri-Feb-10-2017 PM2.5 |   9.08 |   9.48 |  10.44 |   8.38 |I I 
17:51-Fri-Feb-10-2017 PM10  |  16.17 |  18.10 |  22.39 |  16.30 |I I 
17:51-Fri-Feb-10-2017 PM2.5 |   8.88 |   9.45 |  10.44 |   8.38 |I I 
17:52-Fri-Feb-10-2017 PM10  |  19.36 |  18.16 |  22.39 |  16.30 |I I 
17:52-Fri-Feb-10-2017 PM2.5 |   8.78 |   9.42 |  10.44 |   8.38 |I I 
17:56-Fri-Feb-10-2017 PM10  |  20.05 |  18.24 |  22.39 |  16.30 |I I 
17:56-Fri-Feb-10-2017 PM2.5 |   9.73 |   9.43 |  10.44 |   8.38 |I I 
17:57-Fri-Feb-10-2017 PM10  |  16.62 |  18.17 |  22.39 |  16.30 |I I 
17:57-Fri-Feb-10-2017 PM2.5 |   8.55 |   9.40 |  10.44 |   8.38 |I I 
18:01-Fri-Feb-10-2017 PM10  |  18.78 |  18.20 |  22.39 |  16.30 |I I 
18:01-Fri-Feb-10-2017 PM2.5 |   9.22 |   9.39 |  10.44 |   8.38 |I I 
18:02-Fri-Feb-10-2017 PM10  |  18.63 |  18.63 |  22.39 |  16.30 |I I 
18:02-Fri-Feb-10-2017 PM2.5 |   9.17 |   9.17 |  10.44 |   8.38 |I I 
18:06-Fri-Feb-10-2017 PM10  |  17.51 |  18.07 |  22.39 |  16.30 |I I 
18:06-Fri-Feb-10-2017 PM2.5 |   9.48 |   9.32 |  10.44 |   8.38 |I I 
18:07-Fri-Feb-10-2017 PM10  |  19.19 |  18.44 |  22.39 |  16.30 |I I 
18:07-Fri-Feb-10-2017 PM2.5 |   8.91 |   9.19 |  10.44 |   8.38 |I I 
18:11-Fri-Feb-10-2017 PM10  |  15.87 |  17.80 |  22.39 |  16.30 |I I 
18:11-Fri-Feb-10-2017 PM2.5 |   8.94 |   9.12 |  10.44 |   8.38 |I I 
18:12-Fri-Feb-10-2017 PM10  |  15.87 |  17.41 |  22.39 |  16.30 |I I 
18:12-Fri-Feb-10-2017 PM2.5 |   8.94 |   9.09 |  10.44 |   8.38 |I I 
18:13-Fri-Feb-10-2017 PM10  |  17.58 |  17.44 |  22.39 |  16.30 |I I 
18:13-Fri-Feb-10-2017 PM2.5 |   8.83 |   9.04 |  10.44 |   8.38 |I I 
18:17-Fri-Feb-10-2017 PM10  |  15.53 |  17.17 |  22.39 |  16.30 |I I 
18:17-Fri-Feb-10-2017 PM2.5 |   8.76 |   9.00 |  10.44 |   8.38 |I I 
18:18-Fri-Feb-10-2017 PM10  |  20.63 |  17.60 |  22.39 |  16.30 |I I 
18:18-Fri-Feb-10-2017 PM2.5 |   9.00 |   9.00 |  10.44 |   8.38 |I I 
18:22-Fri-Feb-10-2017 PM10  |  18.46 |  17.70 |  22.39 |  16.30 |I I 
18:22-Fri-Feb-10-2017 PM2.5 |   9.04 |   9.01 |  10.44 |   8.38 |I I 
18:23-Fri-Feb-10-2017 PM10  |  16.13 |  17.54 |  22.39 |  16.30 |I I 
18:23-Fri-Feb-10-2017 PM2.5 |   8.45 |   8.95 |  10.44 |   8.38 |I I 
18:27-Fri-Feb-10-2017 PM10  |  18.83 |  17.66 |  22.39 |  16.30 |I I 
18:27-Fri-Feb-10-2017 PM2.5 |   9.71 |   9.02 |  10.44 |   8.38 |I I 
18:28-Fri-Feb-10-2017 PM10  |  17.85 |  17.67 |  22.39 |  16.30 |I I 
18:28-Fri-Feb-10-2017 PM2.5 |   8.98 |   9.02 |  10.44 |   8.38 |I I 
18:32-Fri-Feb-10-2017 PM10  |  18.34 |  17.72 |  22.39 |  16.30 |I I 
18:32-Fri-Feb-10-2017 PM2.5 |   9.99 |   9.09 |  10.44 |   8.38 |I I 
18:33-Fri-Feb-10-2017 PM10  |  17.36 |  17.70 |  22.39 |  16.30 |I I 
18:33-Fri-Feb-10-2017 PM2.5 |   8.74 |   9.07 |  10.44 |   8.38 |I I 
18:37-Fri-Feb-10-2017 PM10  |  18.41 |  17.75 |  22.39 |  16.30 |I I 
18:37-Fri-Feb-10-2017 PM2.5 |   9.26 |   9.08 |  10.44 |   8.38 |I I 
18:38-Fri-Feb-10-2017 PM10  |  15.39 |  17.60 |  22.39 |  16.30 |I I 
18:38-Fri-Feb-10-2017 PM2.5 |   8.61 |   9.05 |  10.44 |   8.38 |I I 
18:39-Fri-Feb-10-2017 PM10  |  15.39 |  17.47 |  22.39 |  16.30 |I I 
18:39-Fri-Feb-10-2017 PM2.5 |   8.61 |   9.03 |  10.44 |   8.38 |I I 
18:43-Fri-Feb-10-2017 PM10  |  18.92 |  17.55 |  22.39 |  16.30 |I I 
18:43-Fri-Feb-10-2017 PM2.5 |   9.56 |   9.06 |  10.44 |   8.38 |I I 
18:44-Fri-Feb-10-2017 PM10  |  19.52 |  17.65 |  22.39 |  16.30 |I I 
18:44-Fri-Feb-10-2017 PM2.5 |   9.55 |   9.08 |  10.44 |   8.38 |I I 
18:48-Fri-Feb-10-2017 PM10  |  17.34 |  17.64 |  22.39 |  16.30 |I I 
18:48-Fri-Feb-10-2017 PM2.5 |   8.95 |   9.07 |  10.44 |   8.38 |I I 
18:49-Fri-Feb-10-2017 PM10  |  18.14 |  17.66 |  22.39 |  16.30 |I I 
18:49-Fri-Feb-10-2017 PM2.5 |   8.58 |   9.05 |  10.44 |   8.38 |I I 
18:53-Fri-Feb-10-2017 PM10  |  16.46 |  17.61 |  22.39 |  16.30 |I I 
18:53-Fri-Feb-10-2017 PM2.5 |   8.93 |   9.05 |  10.44 |   8.38 |I I 
18:54-Fri-Feb-10-2017 PM10  |  18.06 |  17.63 |  22.39 |  16.30 |I I 
18:54-Fri-Feb-10-2017 PM2.5 |   8.64 |   9.03 |  10.44 |   8.38 |I I 
18:58-Fri-Feb-10-2017 PM10  |  19.03 |  17.68 |  22.39 |  16.30 |I I 
18:58-Fri-Feb-10-2017 PM2.5 |   9.34 |   9.04 |  10.44 |   8.38 |I I 
18:59-Fri-Feb-10-2017 PM10  |  19.78 |  17.77 |  22.39 |  16.30 |I I 
18:59-Fri-Feb-10-2017 PM2.5 |   8.74 |   9.03 |  10.44 |   8.38 |I I 
19:03-Fri-Feb-10-2017 PM10  |  20.80 |  17.88 |  22.39 |  16.30 |I I 
19:03-Fri-Feb-10-2017 PM2.5 |   9.32 |   9.04 |  10.44 |   8.38 |I I 
19:04-Fri-Feb-10-2017 PM10  |  21.24 |  21.24 |  22.39 |  16.30 |I I 
19:04-Fri-Feb-10-2017 PM2.5 |   9.38 |   9.38 |  10.44 |   8.38 |I I 
19:05-Fri-Feb-10-2017 PM10  |  21.24 |  21.24 |  22.39 |  16.30 |I I 
19:05-Fri-Feb-10-2017 PM2.5 |   9.38 |   9.38 |  10.44 |   8.38 |I I 
19:09-Fri-Feb-10-2017 PM10  |  20.31 |  20.93 |  22.39 |  16.30 |I I 
19:09-Fri-Feb-10-2017 PM2.5 |   9.47 |   9.41 |  10.44 |   8.38 |I I 
19:10-Fri-Feb-10-2017 PM10  |  16.73 |  19.88 |  22.39 |  16.30 |I I 
19:10-Fri-Feb-10-2017 PM2.5 |   8.95 |   9.29 |  10.44 |   8.38 |I I 
19:14-Fri-Feb-10-2017 PM10  |  17.04 |  19.31 |  22.39 |  16.30 |I I 
19:14-Fri-Feb-10-2017 PM2.5 |   9.46 |   9.33 |  10.44 |   8.38 |I I 
19:15-Fri-Feb-10-2017 PM10  |  17.54 |  19.02 |  22.39 |  16.30 |I I 
19:15-Fri-Feb-10-2017 PM2.5 |   9.53 |   9.36 |  10.44 |   8.38 |I I 
19:19-Fri-Feb-10-2017 PM10  |  18.94 |  19.00 |  22.39 |  16.30 |I I 
19:19-Fri-Feb-10-2017 PM2.5 |  10.00 |   9.45 |  10.44 |   8.38 |I I 
19:20-Fri-Feb-10-2017 PM10  |  18.84 |  18.98 |  22.39 |  16.30 |I I 
19:20-Fri-Feb-10-2017 PM2.5 |   9.02 |   9.40 |  10.44 |   8.38 |I I 
19:24-Fri-Feb-10-2017 PM10  |  17.31 |  18.80 |  22.39 |  16.30 |I I 
19:24-Fri-Feb-10-2017 PM2.5 |   9.08 |   9.36 |  10.44 |   8.38 |I I 
19:25-Fri-Feb-10-2017 PM10  |  20.23 |  18.94 |  22.39 |  16.30 |I I 
19:25-Fri-Feb-10-2017 PM2.5 |   9.44 |   9.37 |  10.44 |   8.38 |I I 
19:29-Fri-Feb-10-2017 PM10  |  18.57 |  18.91 |  22.39 |  16.30 |I I 
19:29-Fri-Feb-10-2017 PM2.5 |   9.89 |   9.42 |  10.44 |   8.38 |I I 
19:30-Fri-Feb-10-2017 PM10  |  20.94 |  19.08 |  22.39 |  16.30 |I I 
19:30-Fri-Feb-10-2017 PM2.5 |   9.13 |   9.39 |  10.44 |   8.38 |I I 
19:31-Fri-Feb-10-2017 PM10  |  20.94 |  19.22 |  22.39 |  16.30 |I I 
19:31-Fri-Feb-10-2017 PM2.5 |   9.13 |   9.37 |  10.44 |   8.38 |I I 
19:35-Fri-Feb-10-2017 PM10  |  18.25 |  19.15 |  22.39 |  16.30 |I I 
19:35-Fri-Feb-10-2017 PM2.5 |   9.21 |   9.36 |  10.44 |   8.38 |I I 
19:36-Fri-Feb-10-2017 PM10  |  18.25 |  19.09 |  22.39 |  16.30 |I I 
19:36-Fri-Feb-10-2017 PM2.5 |   9.21 |   9.35 |  10.44 |   8.38 |I I 
19:37-Fri-Feb-10-2017 PM10  |  18.36 |  19.05 |  22.39 |  16.30 |I I 
19:37-Fri-Feb-10-2017 PM2.5 |   9.24 |   9.34 |  10.44 |   8.38 |I I 
19:41-Fri-Feb-10-2017 PM10  |  19.63 |  19.08 |  22.39 |  16.30 |I I 
19:41-Fri-Feb-10-2017 PM2.5 |  10.23 |   9.40 |  10.44 |   8.38 |I I 
19:42-Fri-Feb-10-2017 PM10  |  23.11 |  19.30 |  22.39 |  16.30 |I I 
19:42-Fri-Feb-10-2017 PM2.5 |  11.69 |   9.52 |  10.44 |   8.38 |I I 
19:46-Fri-Feb-10-2017 PM10  |  40.50 |  20.42 |  22.39 |  16.30 |I I 
19:46-Fri-Feb-10-2017 PM2.5 |  19.11 |  10.03 |  10.44 |   8.38 |I I 
19:47-Fri-Feb-10-2017 PM10  |  35.63 |  21.18 |  22.39 |  16.30 |I I 
19:47-Fri-Feb-10-2017 PM2.5 |  15.51 |  10.30 |  10.44 |   8.38 |I I 
19:51-Fri-Feb-10-2017 PM10  |  38.57 |  22.01 |  22.39 |  16.30 |I I 
19:51-Fri-Feb-10-2017 PM2.5 |  17.08 |  10.62 |  10.44 |   8.38 |I I 
19:52-Fri-Feb-10-2017 PM10  |  39.42 |  22.80 |  22.39 |  16.30 |I I 
19:52-Fri-Feb-10-2017 PM2.5 |  17.36 |  10.93 |  10.44 |   8.38 |I I 
19:56-Fri-Feb-10-2017 PM10  |  39.71 |  23.53 |  22.39 |  16.30 |I I 
19:56-Fri-Feb-10-2017 PM2.5 |  18.16 |  11.25 |  10.44 |   8.38 |I I 
19:57-Fri-Feb-10-2017 PM10  |  33.28 |  23.94 |  22.39 |  16.30 |I I 
19:57-Fri-Feb-10-2017 PM2.5 |  16.10 |  11.45 |  10.44 |   8.38 |I I 
20:01-Fri-Feb-10-2017 PM10  |  38.30 |  24.52 |  24.52 |  16.30 |I I 
20:01-Fri-Feb-10-2017 PM2.5 |  17.64 |  11.70 |  11.70 |   8.38 |I I 
20:02-Fri-Feb-10-2017 PM10  |  38.30 |  38.30 |  24.52 |  16.30 |I I 
20:02-Fri-Feb-10-2017 PM2.5 |  17.64 |  17.64 |  11.70 |   8.38 |I I 
20:02-Fri-Feb-10-2017Start
20:03-Fri-Feb-10-2017 PM10  |  43.40 |  40.85 |  24.52 |  16.30 |I I 
20:03-Fri-Feb-10-2017 PM2.5 |  19.48 |  18.56 |  11.70 |   8.38 |I I 
20:04-Fri-Feb-10-2017 PM10  |  43.40 |  41.70 |  24.52 |  16.30 |I I 
20:04-Fri-Feb-10-2017 PM2.5 |  19.48 |  18.87 |  11.70 |   8.38 |I I 
20:05-Fri-Feb-10-2017 PM10  |  43.40 |  42.12 |  24.52 |  16.30 |I I 
20:05-Fri-Feb-10-2017 PM2.5 |  19.48 |  19.02 |  11.70 |   8.38 |I I 
20:06-Fri-Feb-10-2017 PM10  |  43.40 |  42.38 |  24.52 |  16.30 |I I 
20:06-Fri-Feb-10-2017 PM2.5 |  19.48 |  19.11 |  11.70 |   8.38 |I I 
20:07-Fri-Feb-10-2017 PM10  |  43.40 |  42.55 |  24.52 |  16.30 |I I 
20:07-Fri-Feb-10-2017 PM2.5 |  19.48 |  19.17 |  11.70 |   8.38 |I I 
20:07-Fri-Feb-10-2017 PM10  |  45.67 |  45.67 |  24.52 |  16.30 |I I 
20:07-Fri-Feb-10-2017 PM2.5 |  19.28 |  19.28 |  11.70 |   8.38 |I I 
20:08-Fri-Feb-10-2017 PM10  |  43.40 |  42.67 |  24.52 |  16.30 |I I 
20:08-Fri-Feb-10-2017 PM2.5 |  19.48 |  19.22 |  11.70 |   8.38 |I I 
20:09-Fri-Feb-10-2017 PM10  |  43.40 |  42.76 |  24.52 |  16.30 |I I 
20:09-Fri-Feb-10-2017 PM2.5 |  19.48 |  19.25 |  11.70 |   8.38 |I I 
20:10-Fri-Feb-10-2017 PM10  |  43.40 |  42.83 |  24.52 |  16.30 |I I 
20:10-Fri-Feb-10-2017 PM2.5 |  19.48 |  19.28 |  11.70 |   8.38 |I I 
20:11-Fri-Feb-10-2017 PM10  |  43.40 |  42.89 |  24.52 |  16.30 |I I 
20:11-Fri-Feb-10-2017 PM2.5 |  19.48 |  19.30 |  11.70 |   8.38 |I I 
20:11-Fri-Feb-10-2017 PM10  |  42.12 |  43.89 |  24.52 |  16.30 |I I 
20:11-Fri-Feb-10-2017 PM2.5 |  19.69 |  19.48 |  11.70 |   8.38 |I I 
20:12-Fri-Feb-10-2017 PM10  |  43.40 |  42.94 |  24.52 |  16.30 |I I 
20:12-Fri-Feb-10-2017 PM2.5 |  19.48 |  19.31 |  11.70 |   8.38 |I I 
20:13-Fri-Feb-10-2017 PM10  |  43.40 |  42.97 |  24.52 |  16.30 |I I 
20:13-Fri-Feb-10-2017 PM2.5 |  19.48 |  19.33 |  11.70 |   8.38 |I I 
20:14-Fri-Feb-10-2017 PM10  |  43.40 |  43.01 |  24.52 |  16.30 |I I 
20:14-Fri-Feb-10-2017 PM2.5 |  19.48 |  19.34 |  11.70 |   8.38 |I I 
20:15-Fri-Feb-10-2017 PM10  |  43.40 |  43.04 |  24.52 |  16.30 |I I 
20:15-Fri-Feb-10-2017 PM2.5 |  19.48 |  19.35 |  11.70 |   8.38 |I I 
20:16-Fri-Feb-10-2017 PM10  |  43.40 |  43.06 |  24.52 |  16.30 |I B 
20:16-Fri-Feb-10-2017 PM2.5 |  19.48 |  19.36 |  11.70 |   8.38 |I B 
20:17-Fri-Feb-10-2017recover dati per host :92.223.147.77/nodered
20:17-Fri-Feb-10-2017 PM10  |  43.40 |  43.08 |  24.52 |  16.30 |I I 
20:17-Fri-Feb-10-2017 PM2.5 |  19.48 |  19.36 |  11.70 |   8.38 |I I 
20:18-Fri-Feb-10-2017 PM10  |  43.40 |  43.10 |  24.52 |  16.30 |I I 
20:18-Fri-Feb-10-2017 PM2.5 |  19.48 |  19.37 |  11.70 |   8.38 |I I 
20:19-Fri-Feb-10-2017 PM10  |  43.40 |  43.12 |  24.52 |  16.30 |I I 
20:19-Fri-Feb-10-2017 PM2.5 |  19.48 |  19.38 |  11.70 |   8.38 |I I 
20:20-Fri-Feb-10-2017 PM10  |  43.40 |  43.13 |  24.52 |  16.30 |I I 
20:20-Fri-Feb-10-2017 PM2.5 |  19.48 |  19.38 |  11.70 |   8.38 |I I 
20:21-Fri-Feb-10-2017 PM10  |  43.40 |  43.14 |  24.52 |  16.30 |I I 
20:21-Fri-Feb-10-2017 PM2.5 |  19.48 |  19.39 |  11.70 |   8.38 |I I 
20:22-Fri-Feb-10-2017 PM10  |  43.40 |  43.16 |  24.52 |  16.30 |I I 
20:22-Fri-Feb-10-2017 PM2.5 |  19.48 |  19.39 |  11.70 |   8.38 |I I 
20:23-Fri-Feb-10-2017 PM10  |  43.40 |  43.17 |  24.52 |  16.30 |I I 
20:23-Fri-Feb-10-2017 PM2.5 |  19.48 |  19.40 |  11.70 |   8.38 |I I 
20:24-Fri-Feb-10-2017 PM10  |  43.40 |  43.18 |  24.52 |  16.30 |I I 
20:24-Fri-Feb-10-2017 PM2.5 |  19.48 |  19.40 |  11.70 |   8.38 |I I 
20:25-Fri-Feb-10-2017 PM10  |  43.40 |  43.19 |  24.52 |  16.30 |I I 
20:25-Fri-Feb-10-2017 PM2.5 |  19.48 |  19.40 |  11.70 |   8.38 |I I 
20:26-Fri-Feb-10-2017 PM10  |  43.40 |  43.20 |  24.52 |  16.30 |I I 
20:26-Fri-Feb-10-2017 PM2.5 |  19.48 |  19.41 |  11.70 |   8.38 |I I 
20:27-Fri-Feb-10-2017 PM10  |  43.40 |  43.20 |  24.52 |  16.30 |I I 
20:27-Fri-Feb-10-2017 PM2.5 |  19.48 |  19.41 |  11.70 |   8.38 |I I 
20:28-Fri-Feb-10-2017 PM10  |  43.40 |  43.21 |  24.52 |  16.30 |I I 
20:28-Fri-Feb-10-2017 PM2.5 |  19.48 |  19.41 |  11.70 |   8.38 |I I 
20:29-Fri-Feb-10-2017 PM10  |  43.40 |  43.22 |  24.52 |  16.30 |I I 
20:29-Fri-Feb-10-2017 PM2.5 |  19.48 |  19.41 |  11.70 |   8.38 |I I 
20:30-Fri-Feb-10-2017 PM10  |  43.40 |  43.22 |  24.52 |  16.30 |I I 
20:30-Fri-Feb-10-2017 PM2.5 |  19.48 |  19.42 |  11.70 |   8.38 |I I 
20:31-Fri-Feb-10-2017 PM10  |  43.40 |  43.23 |  24.52 |  16.30 |I I 
20:31-Fri-Feb-10-2017 PM2.5 |  19.48 |  19.42 |  11.70 |   8.38 |I I 
20:32-Fri-Feb-10-2017 PM10  |  43.40 |  43.24 |  24.52 |  16.30 |I I 
20:32-Fri-Feb-10-2017 PM2.5 |  19.48 |  19.42 |  11.70 |   8.38 |I I 
20:33-Fri-Feb-10-2017Start
20:38-Fri-Feb-10-2017 PM10  |  49.56 |  49.56 |  24.52 |  16.30 |I I 
20:38-Fri-Feb-10-2017 PM2.5 |  18.17 |  18.17 |  11.70 |   8.38 |I I 
20:42-Fri-Feb-10-2017 PM10  |  47.13 |  48.34 |  24.52 |  16.30 |I I 
20:42-Fri-Feb-10-2017 PM2.5 |  19.64 |  18.90 |  11.70 |   8.38 |I I 
20:43-Fri-Feb-10-2017 PM10  |  45.86 |  47.52 |  24.52 |  16.30 |I I 
20:43-Fri-Feb-10-2017 PM2.5 |  17.62 |  18.48 |  11.70 |   8.38 |I I 
20:47-Fri-Feb-10-2017 PM10  |  42.22 |  46.19 |  24.52 |  16.30 |I I 
20:47-Fri-Feb-10-2017 PM2.5 |  18.94 |  18.59 |  11.70 |   8.38 |I I 
20:48-Fri-Feb-10-2017 PM10  |  39.60 |  44.87 |  24.52 |  16.30 |I I 
20:48-Fri-Feb-10-2017 PM2.5 |  15.51 |  17.98 |  11.70 |   8.38 |I I 
20:52-Fri-Feb-10-2017 PM10  |  39.40 |  43.96 |  24.52 |  16.30 |I I 
20:52-Fri-Feb-10-2017 PM2.5 |  17.42 |  17.88 |  11.70 |   8.38 |I I 
20:53-Fri-Feb-10-2017 PM10  |  33.14 |  42.42 |  24.52 |  16.30 |I I 
20:53-Fri-Feb-10-2017 PM2.5 |  15.01 |  17.47 |  11.70 |   8.38 |I I 
20:57-Fri-Feb-10-2017 PM10  |  35.03 |  41.49 |  24.52 |  16.30 |I I 
20:57-Fri-Feb-10-2017 PM2.5 |  16.28 |  17.32 |  11.70 |   8.38 |I I 
21:02-Fri-Feb-10-2017Start
21:07-Fri-Feb-10-2017 PM10  |  36.57 |  36.57 |  24.52 |  16.30 |I I 
21:07-Fri-Feb-10-2017 PM2.5 |  14.83 |  14.83 |  11.70 |   8.38 |I I 
21:11-Fri-Feb-10-2017 PM10  |  37.68 |  37.12 |  24.52 |  16.30 |I I 
21:11-Fri-Feb-10-2017 PM2.5 |  16.90 |  15.86 |  11.70 |   8.38 |I I 
21:12-Fri-Feb-10-2017 PM10  |  33.05 |  35.77 |  24.52 |  16.30 |I I 
21:12-Fri-Feb-10-2017 PM2.5 |  15.33 |  15.69 |  11.70 |   8.38 |I I 
21:16-Fri-Feb-10-2017 PM10  |  39.38 |  36.67 |  24.52 |  16.30 |I I 
21:16-Fri-Feb-10-2017 PM2.5 |  16.98 |  16.01 |  11.70 |   8.38 |I I 
21:17-Fri-Feb-10-2017 PM10  |  41.60 |  37.66 |  24.52 |  16.30 |I I 
21:17-Fri-Feb-10-2017 PM2.5 |  17.87 |  16.38 |  11.70 |   8.38 |I I 
21:21-Fri-Feb-10-2017 PM10  |  37.26 |  37.59 |  24.52 |  16.30 |I I 
21:21-Fri-Feb-10-2017 PM2.5 |  17.27 |  16.53 |  11.70 |   8.38 |I I 
21:22-Fri-Feb-10-2017 PM10  |  41.03 |  38.08 |  24.52 |  16.30 |I I 
21:22-Fri-Feb-10-2017 PM2.5 |  17.12 |  16.61 |  11.70 |   8.38 |I I 
21:26-Fri-Feb-10-2017 PM10  |  41.61 |  38.52 |  24.52 |  16.30 |I I 
21:26-Fri-Feb-10-2017 PM2.5 |  17.84 |  16.77 |  11.70 |   8.38 |I I 
21:27-Fri-Feb-10-2017 PM10  |  39.63 |  38.64 |  24.52 |  16.30 |I I 
21:27-Fri-Feb-10-2017 PM2.5 |  16.29 |  16.71 |  11.70 |   8.38 |I I 
21:31-Fri-Feb-10-2017 PM10  |  36.65 |  38.45 |  24.52 |  16.30 |I I 
21:31-Fri-Feb-10-2017 PM2.5 |  17.29 |  16.77 |  11.70 |   8.38 |I I 
21:32-Fri-Feb-10-2017 PM10  |  31.98 |  37.86 |  24.52 |  16.30 |I I 
21:32-Fri-Feb-10-2017 PM2.5 |  14.41 |  16.56 |  11.70 |   8.38 |I I 
21:36-Fri-Feb-10-2017 PM10  |  32.98 |  37.45 |  24.52 |  16.30 |I I 
21:36-Fri-Feb-10-2017 PM2.5 |  15.05 |  16.43 |  11.70 |   8.38 |I I 
21:38-Fri-Feb-10-2017 PM10  |  33.37 |  37.14 |  24.52 |  16.30 |I I 
21:38-Fri-Feb-10-2017 PM2.5 |  13.40 |  16.20 |  11.70 |   8.38 |I I 
21:42-Fri-Feb-10-2017 PM10  |  31.31 |  36.72 |  24.52 |  16.30 |I I 
21:42-Fri-Feb-10-2017 PM2.5 |  14.51 |  16.08 |  11.70 |   8.38 |I I 
21:43-Fri-Feb-10-2017 PM10  |  27.44 |  36.10 |  24.52 |  16.30 |I I 
21:43-Fri-Feb-10-2017 PM2.5 |  13.03 |  15.87 |  11.70 |   8.38 |I I 
21:47-Fri-Feb-10-2017 PM10  |  29.60 |  35.70 |  24.52 |  16.30 |I I 
21:47-Fri-Feb-10-2017 PM2.5 |  14.51 |  15.79 |  11.70 |   8.38 |I I 
21:48-Fri-Feb-10-2017 PM10  |  30.89 |  35.41 |  24.52 |  16.30 |I I 
21:48-Fri-Feb-10-2017 PM2.5 |  13.95 |  15.68 |  11.70 |   8.38 |I I 
21:52-Fri-Feb-10-2017 PM10  |  28.96 |  35.06 |  24.52 |  16.30 |I I 
21:52-Fri-Feb-10-2017 PM2.5 |  14.74 |  15.63 |  11.70 |   8.38 |I I 
21:53-Fri-Feb-10-2017 PM10  |  30.63 |  34.82 |  24.52 |  16.30 |I I 
21:53-Fri-Feb-10-2017 PM2.5 |  13.91 |  15.54 |  11.70 |   8.38 |I I 
21:57-Fri-Feb-10-2017 PM10  |  35.59 |  34.86 |  24.52 |  16.30 |I I 
21:57-Fri-Feb-10-2017 PM2.5 |  15.76 |  15.55 |  11.70 |   8.38 |I I 
21:58-Fri-Feb-10-2017 PM10  |  37.62 |  34.99 |  24.52 |  16.30 |I I 
21:58-Fri-Feb-10-2017 PM2.5 |  17.17 |  15.63 |  11.70 |   8.38 |I I 
22:02-Fri-Feb-10-2017 PM10  |  39.94 |  35.22 |  35.22 |  16.30 |I I 
22:02-Fri-Feb-10-2017 PM2.5 |  18.96 |  15.78 |  15.78 |   8.38 |I I 
22:03-Fri-Feb-10-2017 PM10  |  39.20 |  39.20 |  35.22 |  16.30 |I I 
22:03-Fri-Feb-10-2017 PM2.5 |  17.43 |  17.43 |  15.78 |   8.38 |I I 
22:07-Fri-Feb-10-2017 PM10  |  41.86 |  40.53 |  35.22 |  16.30 |I I 
22:07-Fri-Feb-10-2017 PM2.5 |  19.78 |  18.60 |  15.78 |   8.38 |I I 
22:08-Fri-Feb-10-2017 PM10  |  39.66 |  40.24 |  35.22 |  16.30 |I I 
22:08-Fri-Feb-10-2017 PM2.5 |  17.65 |  18.29 |  15.78 |   8.38 |I I 
22:12-Fri-Feb-10-2017 PM10  |  39.50 |  40.06 |  35.22 |  16.30 |I I 
22:12-Fri-Feb-10-2017 PM2.5 |  18.73 |  18.40 |  15.78 |   8.38 |I I 
22:13-Fri-Feb-10-2017 PM10  |  39.55 |  39.95 |  35.22 |  16.30 |I I 
22:13-Fri-Feb-10-2017 PM2.5 |  16.70 |  18.06 |  15.78 |   8.38 |I I 
22:17-Fri-Feb-10-2017 PM10  |  37.58 |  39.56 |  35.22 |  16.30 |I I 
22:17-Fri-Feb-10-2017 PM2.5 |  17.79 |  18.01 |  15.78 |   8.38 |I I 
22:18-Fri-Feb-10-2017 PM10  |  36.48 |  39.12 |  35.22 |  16.30 |I I 
22:18-Fri-Feb-10-2017 PM2.5 |  16.15 |  17.75 |  15.78 |   8.38 |I I 
22:22-Fri-Feb-10-2017 PM10  |  39.84 |  39.21 |  35.22 |  16.30 |I I 
22:22-Fri-Feb-10-2017 PM2.5 |  18.59 |  17.85 |  15.78 |   8.38 |I I 
22:23-Fri-Feb-10-2017 PM10  |  36.84 |  38.95 |  35.22 |  16.30 |I I 
22:23-Fri-Feb-10-2017 PM2.5 |  15.99 |  17.64 |  15.78 |   8.38 |I I 
22:27-Fri-Feb-10-2017 PM10  |  37.95 |  38.85 |  35.22 |  16.30 |I I 
22:27-Fri-Feb-10-2017 PM2.5 |  17.99 |  17.68 |  15.78 |   8.38 |I I 
22:28-Fri-Feb-10-2017 PM10  |  35.00 |  38.50 |  35.22 |  16.30 |I I 
22:28-Fri-Feb-10-2017 PM2.5 |  15.28 |  17.46 |  15.78 |   8.38 |I I 
22:32-Fri-Feb-10-2017 PM10  |  34.97 |  38.20 |  35.22 |  16.30 |I I 
22:32-Fri-Feb-10-2017 PM2.5 |  16.20 |  17.36 |  15.78 |   8.38 |I I 
22:33-Fri-Feb-10-2017 PM10  |  37.31 |  38.13 |  35.22 |  16.30 |I I 
22:33-Fri-Feb-10-2017 PM2.5 |  16.77 |  17.31 |  15.78 |   8.38 |I I 
22:37-Fri-Feb-10-2017 PM10  |  40.21 |  38.28 |  35.22 |  16.30 |I I 
22:37-Fri-Feb-10-2017 PM2.5 |  18.55 |  17.40 |  15.78 |   8.38 |I I 
22:38-Fri-Feb-10-2017 PM10  |  37.86 |  38.25 |  35.22 |  16.30 |I I 
22:38-Fri-Feb-10-2017 PM2.5 |  16.34 |  17.33 |  15.78 |   8.38 |I I 
22:42-Fri-Feb-10-2017 PM10  |  43.96 |  38.61 |  35.22 |  16.30 |I I 
22:42-Fri-Feb-10-2017 PM2.5 |  18.80 |  17.42 |  15.78 |   8.38 |I I 
22:43-Fri-Feb-10-2017 PM10  |  39.23 |  38.65 |  35.22 |  16.30 |I I 
22:43-Fri-Feb-10-2017 PM2.5 |  16.19 |  17.35 |  15.78 |   8.38 |I I 
22:47-Fri-Feb-10-2017 PM10  |  38.30 |  38.63 |  35.22 |  16.30 |I I 
22:47-Fri-Feb-10-2017 PM2.5 |  17.07 |  17.33 |  15.78 |   8.38 |I I 
22:48-Fri-Feb-10-2017 PM10  |  37.22 |  38.55 |  35.22 |  16.30 |I I 
22:48-Fri-Feb-10-2017 PM2.5 |  16.45 |  17.29 |  15.78 |   8.38 |I I 
22:52-Fri-Feb-10-2017 PM10  |  39.40 |  38.60 |  35.22 |  16.30 |I I 
22:52-Fri-Feb-10-2017 PM2.5 |  16.95 |  17.27 |  15.78 |   8.38 |I I 
22:53-Fri-Feb-10-2017 PM10  |  35.13 |  38.43 |  35.22 |  16.30 |I I 
22:53-Fri-Feb-10-2017 PM2.5 |  16.24 |  17.22 |  15.78 |   8.38 |I I 
22:56-Fri-Feb-10-2017 PM10  |  37.31 |  38.38 |  35.22 |  16.30 |I I 
22:56-Fri-Feb-10-2017 PM2.5 |  18.05 |  17.26 |  15.78 |   8.38 |I I 
22:57-Fri-Feb-10-2017 PM10  |  35.79 |  38.27 |  35.22 |  16.30 |I I 
22:57-Fri-Feb-10-2017 PM2.5 |  15.33 |  17.17 |  15.78 |   8.38 |I I 
23:01-Fri-Feb-10-2017 PM10  |  37.62 |  38.24 |  38.24 |  16.30 |I I 
23:01-Fri-Feb-10-2017 PM2.5 |  17.51 |  17.19 |  17.19 |   8.38 |I I 
23:02-Fri-Feb-10-2017 PM10  |  34.67 |  34.67 |  38.24 |  16.30 |I I 
23:02-Fri-Feb-10-2017 PM2.5 |  16.08 |  16.08 |  17.19 |   8.38 |I I 
23:06-Fri-Feb-10-2017 PM10  |  39.08 |  36.88 |  38.24 |  16.30 |I I 
23:06-Fri-Feb-10-2017 PM2.5 |  17.75 |  16.92 |  17.19 |   8.38 |I I 
23:07-Fri-Feb-10-2017 PM10  |  37.20 |  36.98 |  38.24 |  16.30 |I I 
23:07-Fri-Feb-10-2017 PM2.5 |  15.88 |  16.57 |  17.19 |   8.38 |I I 
23:11-Fri-Feb-10-2017 PM10  |  39.21 |  37.54 |  38.24 |  16.30 |I I 
23:11-Fri-Feb-10-2017 PM2.5 |  16.55 |  16.57 |  17.19 |   8.38 |I I 
23:12-Fri-Feb-10-2017 PM10  |  34.56 |  36.94 |  38.24 |  16.30 |I I 
23:12-Fri-Feb-10-2017 PM2.5 |  15.41 |  16.34 |  17.19 |   8.38 |I I 
23:16-Fri-Feb-10-2017 PM10  |  34.59 |  36.55 |  38.24 |  16.30 |I I 
23:16-Fri-Feb-10-2017 PM2.5 |  16.73 |  16.40 |  17.19 |   8.38 |I I 
23:17-Fri-Feb-10-2017 PM10  |  32.91 |  36.03 |  38.24 |  16.30 |I I 
23:17-Fri-Feb-10-2017 PM2.5 |  14.32 |  16.10 |  17.19 |   8.38 |I I 
23:21-Fri-Feb-10-2017 PM10  |  34.05 |  35.78 |  38.24 |  16.30 |I I 
23:21-Fri-Feb-10-2017 PM2.5 |  15.58 |  16.04 |  17.19 |   8.38 |I I 
23:22-Fri-Feb-10-2017 PM10  |  27.74 |  34.89 |  38.24 |  16.30 |I I 
23:22-Fri-Feb-10-2017 PM2.5 |  12.74 |  15.67 |  17.19 |   8.38 |I I 
23:26-Fri-Feb-10-2017 PM10  |  32.35 |  34.64 |  38.24 |  16.30 |I I 
23:26-Fri-Feb-10-2017 PM2.5 |  14.79 |  15.58 |  17.19 |   8.38 |I I 
23:27-Fri-Feb-10-2017 PM10  |  26.85 |  33.93 |  38.24 |  16.30 |I I 
23:27-Fri-Feb-10-2017 PM2.5 |  12.74 |  15.33 |  17.19 |   8.38 |I I 
23:31-Fri-Feb-10-2017 PM10  |  28.91 |  33.51 |  38.24 |  16.30 |I I 
23:31-Fri-Feb-10-2017 PM2.5 |  14.37 |  15.25 |  17.19 |   8.38 |I I 
23:32-Fri-Feb-10-2017 PM10  |  26.93 |  33.00 |  38.24 |  16.30 |I I 
23:32-Fri-Feb-10-2017 PM2.5 |  13.24 |  15.09 |  17.19 |   8.38 |I I 
23:36-Fri-Feb-10-2017 PM10  |  31.40 |  32.89 |  38.24 |  16.30 |I I 
23:36-Fri-Feb-10-2017 PM2.5 |  14.13 |  15.02 |  17.19 |   8.38 |I I 
23:37-Fri-Feb-10-2017 PM10  |  31.72 |  32.81 |  38.24 |  16.30 |I I 
23:37-Fri-Feb-10-2017 PM2.5 |  14.01 |  14.96 |  17.19 |   8.38 |I I 
23:41-Fri-Feb-10-2017 PM10  |  33.15 |  32.83 |  38.24 |  16.30 |I I 
23:41-Fri-Feb-10-2017 PM2.5 |  15.32 |  14.98 |  17.19 |   8.38 |I I 
23:42-Fri-Feb-10-2017 PM10  |  31.88 |  32.78 |  38.24 |  16.30 |I I 
23:42-Fri-Feb-10-2017 PM2.5 |  13.95 |  14.92 |  17.19 |   8.38 |I I 
23:46-Fri-Feb-10-2017 PM10  |  31.45 |  32.70 |  38.24 |  16.30 |I I 
23:46-Fri-Feb-10-2017 PM2.5 |  14.48 |  14.89 |  17.19 |   8.38 |I I 
23:47-Fri-Feb-10-2017 PM10  |  30.27 |  32.57 |  38.24 |  16.30 |I I 
23:47-Fri-Feb-10-2017 PM2.5 |  13.84 |  14.84 |  17.19 |   8.38 |I I 
23:51-Fri-Feb-10-2017 PM10  |  31.57 |  32.52 |  38.24 |  16.30 |I I 
23:51-Fri-Feb-10-2017 PM2.5 |  15.19 |  14.86 |  17.19 |   8.38 |I I 
23:52-Fri-Feb-10-2017 PM10  |  27.41 |  32.28 |  38.24 |  16.30 |I I 
23:52-Fri-Feb-10-2017 PM2.5 |  12.95 |  14.77 |  17.19 |   8.38 |I I 
23:56-Fri-Feb-10-2017 PM10  |  31.48 |  32.24 |  38.24 |  16.30 |I I 
23:56-Fri-Feb-10-2017 PM2.5 |  14.95 |  14.77 |  17.19 |   8.38 |I I 
23:57-Fri-Feb-10-2017 PM10  |  30.04 |  32.15 |  38.24 |  16.30 |I I 
23:57-Fri-Feb-10-2017 PM2.5 |  13.57 |  14.72 |  17.19 |   8.38 |I I 
00:01-Sat-Feb-11-2017 PM10  |  30.16 |  32.06 |  38.24 |  16.30 |I I 
