[Fri Mar 31 00:00:32 2017] Report del giorno Friday March 31 2017 -- INVIATO a centraline@googlegroups.com
00:00-Fri-Mar-31-2017 PM2.5 |   5.33 |   5.39 |   6.01 |   4.15 |I I 
00:01-Fri-Mar-31-2017 PM10  |   9.72 |   9.72 |   0.00 |  2000.00|I I 
00:01-Fri-Mar-31-2017 PM2.5 |   5.42 |   5.42 |   0.00 |  2000.00|I I 
00:05-Fri-Mar-31-2017 PM10  |  13.46 |  11.59 |   0.00 |  2000.00|I I 
00:05-Fri-Mar-31-2017 PM2.5 |   5.58 |   5.50 |   0.00 |  2000.00|I I 
00:06-Fri-Mar-31-2017 PM10  |   9.96 |  11.05 |   0.00 |  2000.00|I I 
00:06-Fri-Mar-31-2017 PM2.5 |   5.40 |   5.46 |   0.00 |  2000.00|I I 
00:10-Fri-Mar-31-2017 PM10  |  12.20 |  11.34 |   0.00 |  2000.00|I I 
00:10-Fri-Mar-31-2017 PM2.5 |   5.19 |   5.40 |   0.00 |  2000.00|I I 
00:11-Fri-Mar-31-2017 PM10  |  11.91 |  11.45 |   0.00 |  2000.00|I I 
00:11-Fri-Mar-31-2017 PM2.5 |   5.35 |   5.39 |   0.00 |  2000.00|I I 
00:15-Fri-Mar-31-2017 PM10  |   9.50 |  11.13 |   0.00 |  2000.00|I I 
00:15-Fri-Mar-31-2017 PM2.5 |   5.12 |   5.34 |   0.00 |  2000.00|I I 
00:16-Fri-Mar-31-2017 PM10  |   9.81 |  10.94 |   0.00 |  2000.00|I I 
00:16-Fri-Mar-31-2017 PM2.5 |   5.40 |   5.35 |   0.00 |  2000.00|I I 
00:20-Fri-Mar-31-2017 PM10  |   9.78 |  10.79 |   0.00 |  2000.00|I I 
00:20-Fri-Mar-31-2017 PM2.5 |   5.61 |   5.38 |   0.00 |  2000.00|I I 
00:21-Fri-Mar-31-2017 PM10  |   9.39 |  10.64 |   0.00 |  2000.00|I I 
00:21-Fri-Mar-31-2017 PM2.5 |   5.44 |   5.39 |   0.00 |  2000.00|I I 
00:22-Fri-Mar-31-2017 PM10  |   9.39 |  10.51 |   0.00 |  2000.00|I I 
00:22-Fri-Mar-31-2017 PM2.5 |   5.44 |   5.39 |   0.00 |  2000.00|I I 
00:26-Fri-Mar-31-2017 PM10  |  12.79 |  10.72 |   0.00 |  2000.00|I I 
00:26-Fri-Mar-31-2017 PM2.5 |   5.68 |   5.42 |   0.00 |  2000.00|I I 
00:27-Fri-Mar-31-2017 PM10  |  12.30 |  10.85 |   0.00 |  2000.00|I I 
00:27-Fri-Mar-31-2017 PM2.5 |   5.77 |   5.45 |   0.00 |  2000.00|I I 
00:31-Fri-Mar-31-2017 PM10  |  11.22 |  10.88 |   0.00 |  2000.00|I I 
00:31-Fri-Mar-31-2017 PM2.5 |   5.97 |   5.49 |   0.00 |  2000.00|I I 
00:32-Fri-Mar-31-2017 PM10  |  12.20 |  10.97 |   0.00 |  2000.00|I I 
00:32-Fri-Mar-31-2017 PM2.5 |   5.53 |   5.49 |   0.00 |  2000.00|I I 
00:36-Fri-Mar-31-2017 PM10  |  11.00 |  10.98 |   0.00 |  2000.00|I I 
00:36-Fri-Mar-31-2017 PM2.5 |   5.46 |   5.49 |   0.00 |  2000.00|I I 
00:37-Fri-Mar-31-2017 PM10  |  10.21 |  10.93 |   0.00 |  2000.00|I I 
00:37-Fri-Mar-31-2017 PM2.5 |   5.52 |   5.49 |   0.00 |  2000.00|I I 
00:41-Fri-Mar-31-2017 PM10  |  11.80 |  10.98 |   0.00 |  2000.00|I I 
00:41-Fri-Mar-31-2017 PM2.5 |   5.92 |   5.52 |   0.00 |  2000.00|I I 
00:42-Fri-Mar-31-2017 PM10  |  11.29 |  11.00 |   0.00 |  2000.00|I I 
00:42-Fri-Mar-31-2017 PM2.5 |   5.75 |   5.53 |   0.00 |  2000.00|I I 
00:46-Fri-Mar-31-2017 PM10  |  11.48 |  11.02 |   0.00 |  2000.00|I I 
00:46-Fri-Mar-31-2017 PM2.5 |   5.59 |   5.53 |   0.00 |  2000.00|I I 
00:47-Fri-Mar-31-2017 PM10  |  10.83 |  11.01 |   0.00 |  2000.00|I I 
00:47-Fri-Mar-31-2017 PM2.5 |   5.45 |   5.53 |   0.00 |  2000.00|I I 
00:48-Fri-Mar-31-2017 PM10  |  10.83 |  11.00 |   0.00 |  2000.00|I I 
00:48-Fri-Mar-31-2017 PM2.5 |   5.45 |   5.53 |   0.00 |  2000.00|I I 
00:52-Fri-Mar-31-2017 PM10  |  11.67 |  11.03 |   0.00 |  2000.00|I I 
00:52-Fri-Mar-31-2017 PM2.5 |   5.51 |   5.53 |   0.00 |  2000.00|I I 
00:53-Fri-Mar-31-2017 PM10  |  13.16 |  11.13 |   0.00 |  2000.00|I I 
00:53-Fri-Mar-31-2017 PM2.5 |   5.43 |   5.52 |   0.00 |  2000.00|I I 
00:57-Fri-Mar-31-2017 PM10  |   9.35 |  11.05 |   0.00 |  2000.00|I I 
00:57-Fri-Mar-31-2017 PM2.5 |   5.62 |   5.53 |   0.00 |  2000.00|I I 
00:58-Fri-Mar-31-2017 PM10  |  12.26 |  11.10 |   0.00 |  2000.00|I I 
00:58-Fri-Mar-31-2017 PM2.5 |   5.51 |   5.52 |   0.00 |  2000.00|I I 
01:02-Fri-Mar-31-2017 PM10  |  11.31 |  11.11 |  11.11 |  11.11 |I I 
01:02-Fri-Mar-31-2017 PM2.5 |   5.62 |   5.53 |   5.53 |   5.53 |I I 
01:03-Fri-Mar-31-2017 PM10  |   9.47 |   9.47 |  11.11 |  11.11 |I I 
01:03-Fri-Mar-31-2017 PM2.5 |   5.43 |   5.43 |   5.53 |   5.53 |I I 
01:07-Fri-Mar-31-2017 PM10  |  11.99 |  10.73 |  11.11 |  11.11 |I I 
01:07-Fri-Mar-31-2017 PM2.5 |   5.99 |   5.71 |   5.53 |   5.53 |I I 
01:08-Fri-Mar-31-2017 PM10  |  11.08 |  10.84 |  11.11 |  11.11 |I I 
01:08-Fri-Mar-31-2017 PM2.5 |   5.29 |   5.57 |   5.53 |   5.53 |I I 
01:12-Fri-Mar-31-2017 PM10  |   9.79 |  10.58 |  11.11 |  11.11 |I I 
01:12-Fri-Mar-31-2017 PM2.5 |   5.68 |   5.59 |   5.53 |   5.53 |I I 
01:13-Fri-Mar-31-2017 PM10  |  11.24 |  10.71 |  11.11 |  11.11 |I I 
01:13-Fri-Mar-31-2017 PM2.5 |   5.09 |   5.49 |   5.53 |   5.53 |I I 
01:14-Fri-Mar-31-2017 PM10  |  11.24 |  10.80 |  11.11 |  11.11 |I I 
01:14-Fri-Mar-31-2017 PM2.5 |   5.09 |   5.43 |   5.53 |   5.53 |I I 
01:18-Fri-Mar-31-2017 PM10  |  12.29 |  11.01 |  11.11 |  11.11 |I I 
01:18-Fri-Mar-31-2017 PM2.5 |   5.78 |   5.48 |   5.53 |   5.53 |I I 
01:19-Fri-Mar-31-2017 PM10  |   9.19 |  10.78 |  11.11 |  11.11 |I I 
01:19-Fri-Mar-31-2017 PM2.5 |   5.47 |   5.48 |   5.53 |   5.53 |I I 
01:23-Fri-Mar-31-2017 PM10  |   9.72 |  10.67 |  11.11 |  11.11 |I I 
01:23-Fri-Mar-31-2017 PM2.5 |   5.54 |   5.48 |   5.53 |   5.53 |I I 
01:25-Fri-Mar-31-2017 PM10  |   7.85 |  10.38 |  11.11 |  11.11 |I I 
01:25-Fri-Mar-31-2017 PM2.5 |   5.15 |   5.45 |   5.53 |   5.53 |I I 
01:29-Fri-Mar-31-2017 PM10  |   9.65 |  10.32 |  11.11 |  11.11 |I I 
01:29-Fri-Mar-31-2017 PM2.5 |   5.62 |   5.47 |   5.53 |   5.53 |I I 
01:30-Fri-Mar-31-2017 PM10  |  10.41 |  10.32 |  11.11 |  11.11 |I I 
01:30-Fri-Mar-31-2017 PM2.5 |   5.32 |   5.45 |   5.53 |   5.53 |I I 
01:34-Fri-Mar-31-2017 PM10  |  12.32 |  10.48 |  11.11 |  11.11 |I I 
01:34-Fri-Mar-31-2017 PM2.5 |   5.69 |   5.47 |   5.53 |   5.53 |I I 
01:35-Fri-Mar-31-2017 PM10  |  10.67 |  10.49 |  11.11 |  11.11 |I I 
01:35-Fri-Mar-31-2017 PM2.5 |   5.34 |   5.46 |   5.53 |   5.53 |I I 
01:39-Fri-Mar-31-2017 PM10  |   9.93 |  10.45 |  11.11 |  11.11 |I I 
01:39-Fri-Mar-31-2017 PM2.5 |   5.73 |   5.48 |   5.53 |   5.53 |I I 
01:40-Fri-Mar-31-2017 PM10  |  11.30 |  10.51 |  11.11 |  11.11 |I I 
01:40-Fri-Mar-31-2017 PM2.5 |   5.85 |   5.50 |   5.53 |   5.53 |I I 
01:41-Fri-Mar-31-2017 PM10  |  11.30 |  10.55 |  11.11 |  11.11 |I I 
01:41-Fri-Mar-31-2017 PM2.5 |   5.85 |   5.52 |   5.53 |   5.53 |I I 
01:45-Fri-Mar-31-2017 PM10  |  10.74 |  10.56 |  11.11 |  11.11 |I I 
01:45-Fri-Mar-31-2017 PM2.5 |   5.82 |   5.54 |   5.53 |   5.53 |I I 
01:46-Fri-Mar-31-2017 PM10  |  10.27 |  10.55 |  11.11 |  11.11 |I I 
01:46-Fri-Mar-31-2017 PM2.5 |   5.24 |   5.52 |   5.53 |   5.53 |I I 
01:50-Fri-Mar-31-2017 PM10  |   9.14 |  10.48 |  11.11 |  11.11 |I I 
01:50-Fri-Mar-31-2017 PM2.5 |   5.30 |   5.51 |   5.53 |   5.53 |I I 
01:51-Fri-Mar-31-2017 PM10  |  10.72 |  10.49 |  11.11 |  11.11 |I I 
01:51-Fri-Mar-31-2017 PM2.5 |   5.40 |   5.51 |   5.53 |   5.53 |I I 
01:55-Fri-Mar-31-2017 PM10  |   7.76 |  10.37 |  11.11 |  11.11 |I I 
01:55-Fri-Mar-31-2017 PM2.5 |   5.44 |   5.50 |   5.53 |   5.53 |I I 
01:56-Fri-Mar-31-2017 PM10  |   9.44 |  10.33 |  11.11 |  11.11 |I I 
01:56-Fri-Mar-31-2017 PM2.5 |   5.53 |   5.51 |   5.53 |   5.53 |I I 
02:00-Fri-Mar-31-2017 PM10  |   9.85 |  10.31 |  11.11 |  10.31 |I I 
02:00-Fri-Mar-31-2017 PM2.5 |   5.84 |   5.52 |   5.53 |   5.52 |I I 
02:01-Fri-Mar-31-2017 PM10  |  10.94 |  10.94 |  11.11 |  10.31 |I I 
02:01-Fri-Mar-31-2017 PM2.5 |   5.38 |   5.38 |   5.53 |   5.52 |I I 
02:05-Fri-Mar-31-2017 PM10  |   9.87 |  10.40 |  11.11 |  10.31 |I I 
02:05-Fri-Mar-31-2017 PM2.5 |   5.49 |   5.44 |   5.53 |   5.52 |I I 
02:06-Fri-Mar-31-2017 PM10  |   9.59 |  10.13 |  11.11 |  10.31 |I I 
02:06-Fri-Mar-31-2017 PM2.5 |   5.32 |   5.40 |   5.53 |   5.52 |I I 
02:07-Fri-Mar-31-2017 PM10  |   9.59 |  10.00 |  11.11 |  10.31 |I I 
02:07-Fri-Mar-31-2017 PM2.5 |   5.32 |   5.38 |   5.53 |   5.52 |I I 
02:11-Fri-Mar-31-2017 PM10  |   8.05 |   9.61 |  11.11 |  10.31 |I I 
02:11-Fri-Mar-31-2017 PM2.5 |   5.37 |   5.38 |   5.53 |   5.52 |I I 
02:12-Fri-Mar-31-2017 PM10  |  14.11 |  10.36 |  11.11 |  10.31 |I I 
02:12-Fri-Mar-31-2017 PM2.5 |   6.83 |   5.62 |   5.53 |   5.52 |I I 
02:16-Fri-Mar-31-2017 PM10  |  12.33 |  10.64 |  11.11 |  10.31 |I I 
02:16-Fri-Mar-31-2017 PM2.5 |   6.13 |   5.69 |   5.53 |   5.52 |I I 
02:17-Fri-Mar-31-2017 PM10  |  10.49 |  10.62 |  11.11 |  10.31 |I I 
02:17-Fri-Mar-31-2017 PM2.5 |   5.46 |   5.66 |   5.53 |   5.52 |I I 
02:21-Fri-Mar-31-2017 PM10  |  11.71 |  10.74 |  11.11 |  10.31 |I I 
02:21-Fri-Mar-31-2017 PM2.5 |   6.06 |   5.71 |   5.53 |   5.52 |I I 
02:22-Fri-Mar-31-2017 PM10  |  11.79 |  10.85 |  11.11 |  10.31 |I I 
02:22-Fri-Mar-31-2017 PM2.5 |   5.82 |   5.72 |   5.53 |   5.52 |I I 
02:26-Fri-Mar-31-2017 PM10  |  11.84 |  10.94 |  11.11 |  10.31 |I I 
02:26-Fri-Mar-31-2017 PM2.5 |   5.86 |   5.73 |   5.53 |   5.52 |I I 
02:27-Fri-Mar-31-2017 PM10  |   9.43 |  10.81 |  11.11 |  10.31 |I I 
02:27-Fri-Mar-31-2017 PM2.5 |   5.77 |   5.73 |   5.53 |   5.52 |I I 
02:31-Fri-Mar-31-2017 PM10  |   9.76 |  10.73 |  11.11 |  10.31 |I I 
02:31-Fri-Mar-31-2017 PM2.5 |   5.81 |   5.74 |   5.53 |   5.52 |I I 
02:32-Fri-Mar-31-2017 PM10  |   9.99 |  10.68 |  11.11 |  10.31 |I I 
02:32-Fri-Mar-31-2017 PM2.5 |   5.91 |   5.75 |   5.53 |   5.52 |I I 
02:33-Fri-Mar-31-2017 PM10  |   9.99 |  10.63 |  11.11 |  10.31 |I I 
02:33-Fri-Mar-31-2017 PM2.5 |   5.91 |   5.76 |   5.53 |   5.52 |I I 
02:37-Fri-Mar-31-2017 PM10  |  10.22 |  10.61 |  11.11 |  10.31 |I I 
02:37-Fri-Mar-31-2017 PM2.5 |   5.98 |   5.78 |   5.53 |   5.52 |I I 
02:38-Fri-Mar-31-2017 PM10  |  13.78 |  10.79 |  11.11 |  10.31 |I I 
02:38-Fri-Mar-31-2017 PM2.5 |   6.49 |   5.82 |   5.53 |   5.52 |I I 
02:42-Fri-Mar-31-2017 PM10  |  11.65 |  10.84 |  11.11 |  10.31 |I I 
02:42-Fri-Mar-31-2017 PM2.5 |   6.04 |   5.83 |   5.53 |   5.52 |I I 
02:43-Fri-Mar-31-2017 PM10  |   9.92 |  10.79 |  11.11 |  10.31 |I I 
02:43-Fri-Mar-31-2017 PM2.5 |   5.95 |   5.84 |   5.53 |   5.52 |I I 
02:47-Fri-Mar-31-2017 PM10  |  10.47 |  10.78 |  11.11 |  10.31 |I I 
02:47-Fri-Mar-31-2017 PM2.5 |   5.89 |   5.84 |   5.53 |   5.52 |I I 
02:48-Fri-Mar-31-2017 PM10  |  10.12 |  10.74 |  11.11 |  10.31 |I I 
02:48-Fri-Mar-31-2017 PM2.5 |   6.16 |   5.85 |   5.53 |   5.52 |I I 
02:52-Fri-Mar-31-2017 PM10  |  11.24 |  10.77 |  11.11 |  10.31 |I I 
02:52-Fri-Mar-31-2017 PM2.5 |   6.22 |   5.87 |   5.53 |   5.52 |I I 
02:53-Fri-Mar-31-2017 PM10  |  10.49 |  10.75 |  11.11 |  10.31 |I I 
02:53-Fri-Mar-31-2017 PM2.5 |   5.85 |   5.87 |   5.53 |   5.52 |I I 
02:57-Fri-Mar-31-2017 PM10  |  10.86 |  10.76 |  11.11 |  10.31 |I I 
02:57-Fri-Mar-31-2017 PM2.5 |   6.06 |   5.88 |   5.53 |   5.52 |I I 
02:58-Fri-Mar-31-2017 PM10  |   9.07 |  10.69 |  11.11 |  10.31 |I I 
02:58-Fri-Mar-31-2017 PM2.5 |   5.60 |   5.87 |   5.53 |   5.52 |I I 
02:59-Fri-Mar-31-2017 PM10  |   9.07 |  10.63 |  11.11 |  10.31 |I I 
02:59-Fri-Mar-31-2017 PM2.5 |   5.60 |   5.86 |   5.53 |   5.52 |I I 
03:03-Fri-Mar-31-2017 PM10  |   9.49 |  10.59 |  11.11 |  10.31 |I I 
03:03-Fri-Mar-31-2017 PM2.5 |   6.05 |   5.86 |   5.86 |   5.52 |I I 
03:04-Fri-Mar-31-2017 PM10  |  11.20 |  11.20 |  11.11 |  10.31 |I I 
03:04-Fri-Mar-31-2017 PM2.5 |   5.98 |   5.98 |   5.86 |   5.52 |I I 
03:08-Fri-Mar-31-2017 PM10  |   9.51 |  10.35 |  11.11 |  10.31 |I I 
03:08-Fri-Mar-31-2017 PM2.5 |   5.88 |   5.93 |   5.86 |   5.52 |I I 
03:09-Fri-Mar-31-2017 PM10  |  12.86 |  11.19 |  11.11 |  10.31 |I I 
03:09-Fri-Mar-31-2017 PM2.5 |   6.13 |   6.00 |   5.86 |   5.52 |I I 
03:13-Fri-Mar-31-2017 PM10  |  12.36 |  11.48 |  11.11 |  10.31 |I I 
03:13-Fri-Mar-31-2017 PM2.5 |   6.10 |   6.02 |   5.86 |   5.52 |I I 
03:14-Fri-Mar-31-2017 PM10  |  11.03 |  11.39 |  11.11 |  10.31 |I I 
03:14-Fri-Mar-31-2017 PM2.5 |   5.83 |   5.98 |   5.86 |   5.52 |I I 
03:18-Fri-Mar-31-2017 PM10  |  11.36 |  11.39 |  11.11 |  10.31 |I I 
03:18-Fri-Mar-31-2017 PM2.5 |   5.82 |   5.96 |   5.86 |   5.52 |I I 
03:19-Fri-Mar-31-2017 PM10  |  10.91 |  11.32 |  11.11 |  10.31 |I I 
03:19-Fri-Mar-31-2017 PM2.5 |   5.91 |   5.95 |   5.86 |   5.52 |I I 
03:23-Fri-Mar-31-2017 PM10  |  11.93 |  11.39 |  11.11 |  10.31 |I I 
03:23-Fri-Mar-31-2017 PM2.5 |   6.09 |   5.97 |   5.86 |   5.52 |I I 
03:24-Fri-Mar-31-2017 PM10  |   9.87 |  11.22 |  11.11 |  10.31 |I I 
03:24-Fri-Mar-31-2017 PM2.5 |   6.03 |   5.97 |   5.86 |   5.52 |I I 
03:25-Fri-Mar-31-2017 PM10  |   9.87 |  11.09 |  11.11 |  10.31 |I I 
03:25-Fri-Mar-31-2017 PM2.5 |   6.03 |   5.98 |   5.86 |   5.52 |I I 
03:29-Fri-Mar-31-2017 PM10  |  10.16 |  11.00 |  11.11 |  10.31 |I I 
03:29-Fri-Mar-31-2017 PM2.5 |   6.09 |   5.99 |   5.86 |   5.52 |I I 
03:30-Fri-Mar-31-2017 PM10  |  11.38 |  11.04 |  11.11 |  10.31 |I I 
03:30-Fri-Mar-31-2017 PM2.5 |   6.04 |   5.99 |   5.86 |   5.52 |I I 
03:34-Fri-Mar-31-2017 PM10  |  10.89 |  11.02 |  11.11 |  10.31 |I I 
03:34-Fri-Mar-31-2017 PM2.5 |   5.93 |   5.99 |   5.86 |   5.52 |I I 
03:35-Fri-Mar-31-2017 PM10  |  11.36 |  11.05 |  11.11 |  10.31 |I I 
03:35-Fri-Mar-31-2017 PM2.5 |   5.67 |   5.97 |   5.86 |   5.52 |I I 
03:39-Fri-Mar-31-2017 PM10  |   9.87 |  10.97 |  11.11 |  10.31 |I I 
03:39-Fri-Mar-31-2017 PM2.5 |   6.05 |   5.97 |   5.86 |   5.52 |I I 
03:40-Fri-Mar-31-2017 PM10  |  10.00 |  10.91 |  11.11 |  10.31 |I I 
03:40-Fri-Mar-31-2017 PM2.5 |   5.56 |   5.95 |   5.86 |   5.52 |I I 
03:44-Fri-Mar-31-2017 PM10  |  10.62 |  10.89 |  11.11 |  10.31 |I I 
03:44-Fri-Mar-31-2017 PM2.5 |   5.86 |   5.94 |   5.86 |   5.52 |I I 
03:45-Fri-Mar-31-2017 PM10  |  10.50 |  10.87 |  11.11 |  10.31 |I I 
03:45-Fri-Mar-31-2017 PM2.5 |   5.88 |   5.94 |   5.86 |   5.52 |I I 
03:49-Fri-Mar-31-2017 PM10  |   9.41 |  10.79 |  11.11 |  10.31 |I I 
03:49-Fri-Mar-31-2017 PM2.5 |   5.58 |   5.92 |   5.86 |   5.52 |I I 
03:50-Fri-Mar-31-2017 PM10  |   9.21 |  10.71 |  11.11 |  10.31 |I I 
03:50-Fri-Mar-31-2017 PM2.5 |   5.66 |   5.91 |   5.86 |   5.52 |I I 
03:51-Fri-Mar-31-2017 PM10  |   9.21 |  10.64 |  11.11 |  10.31 |I I 
03:51-Fri-Mar-31-2017 PM2.5 |   5.66 |   5.89 |   5.86 |   5.52 |I I 
03:55-Fri-Mar-31-2017 PM10  |   9.41 |  10.59 |  11.11 |  10.31 |I I 
03:55-Fri-Mar-31-2017 PM2.5 |   5.98 |   5.90 |   5.86 |   5.52 |I I 
03:56-Fri-Mar-31-2017 PM10  |   8.28 |  10.49 |  11.11 |  10.31 |I I 
03:56-Fri-Mar-31-2017 PM2.5 |   5.52 |   5.88 |   5.86 |   5.52 |I I 
04:00-Fri-Mar-31-2017 PM10  |   8.74 |  10.41 |  11.11 |  10.31 |I I 
04:00-Fri-Mar-31-2017 PM2.5 |   5.72 |   5.87 |   5.87 |   5.52 |I I 
04:01-Fri-Mar-31-2017 PM10  |   8.52 |   8.52 |  11.11 |  10.31 |I I 
04:01-Fri-Mar-31-2017 PM2.5 |   5.45 |   5.45 |   5.87 |   5.52 |I I 
04:05-Fri-Mar-31-2017 PM10  |  10.76 |   9.64 |  11.11 |  10.31 |I I 
04:05-Fri-Mar-31-2017 PM2.5 |   5.64 |   5.55 |   5.87 |   5.52 |I I 
04:06-Fri-Mar-31-2017 PM10  |  12.55 |  10.61 |  11.11 |  10.31 |I I 
04:06-Fri-Mar-31-2017 PM2.5 |   5.81 |   5.63 |   5.87 |   5.52 |I I 
04:10-Fri-Mar-31-2017 PM10  |  10.52 |  10.59 |  11.11 |  10.31 |I I 
04:10-Fri-Mar-31-2017 PM2.5 |   5.67 |   5.64 |   5.87 |   5.52 |I I 
04:11-Fri-Mar-31-2017 PM10  |  12.26 |  10.92 |  11.11 |  10.31 |I I 
04:11-Fri-Mar-31-2017 PM2.5 |   5.51 |   5.62 |   5.87 |   5.52 |I I 
04:15-Fri-Mar-31-2017 PM10  |  11.38 |  11.00 |  11.11 |  10.31 |I I 
04:15-Fri-Mar-31-2017 PM2.5 |   6.05 |   5.69 |   5.87 |   5.52 |I I 
04:16-Fri-Mar-31-2017 PM10  |  10.72 |  10.96 |  11.11 |  10.31 |I I 
04:16-Fri-Mar-31-2017 PM2.5 |   5.71 |   5.69 |   5.87 |   5.52 |I I 
04:17-Fri-Mar-31-2017 PM10  |  10.72 |  10.93 |  11.11 |  10.31 |I I 
04:17-Fri-Mar-31-2017 PM2.5 |   5.71 |   5.69 |   5.87 |   5.52 |I I 
04:21-Fri-Mar-31-2017 PM10  |  10.01 |  10.83 |  11.11 |  10.31 |I I 
04:21-Fri-Mar-31-2017 PM2.5 |   5.52 |   5.67 |   5.87 |   5.52 |I I 
04:22-Fri-Mar-31-2017 PM10  |  10.05 |  10.75 |  11.11 |  10.31 |I I 
04:22-Fri-Mar-31-2017 PM2.5 |   5.64 |   5.67 |   5.87 |   5.52 |I I 
04:26-Fri-Mar-31-2017 PM10  |   9.87 |  10.67 |  11.11 |  10.31 |I I 
04:26-Fri-Mar-31-2017 PM2.5 |   5.95 |   5.69 |   5.87 |   5.52 |I I 
04:27-Fri-Mar-31-2017 PM10  |   9.76 |  10.59 |  11.11 |  10.31 |I I 
04:27-Fri-Mar-31-2017 PM2.5 |   5.43 |   5.67 |   5.87 |   5.52 |I I 
04:31-Fri-Mar-31-2017 PM10  |   9.36 |  10.50 |  11.11 |  10.31 |I I 
04:31-Fri-Mar-31-2017 PM2.5 |   5.90 |   5.69 |   5.87 |   5.52 |I I 
04:32-Fri-Mar-31-2017 PM10  |   9.50 |  10.43 |  11.11 |  10.31 |I I 
04:32-Fri-Mar-31-2017 PM2.5 |   5.32 |   5.66 |   5.87 |   5.52 |I I 
04:36-Fri-Mar-31-2017 PM10  |   9.92 |  10.39 |  11.11 |  10.31 |I I 
04:36-Fri-Mar-31-2017 PM2.5 |   5.53 |   5.65 |   5.87 |   5.52 |I I 
04:37-Fri-Mar-31-2017 PM10  |  10.97 |  10.43 |  11.11 |  10.31 |I I 
04:37-Fri-Mar-31-2017 PM2.5 |   5.88 |   5.67 |   5.87 |   5.52 |I I 
04:42-Fri-Mar-31-2017 PM10  |  10.28 |  10.42 |  11.11 |  10.31 |I I 
04:42-Fri-Mar-31-2017 PM2.5 |   5.67 |   5.67 |   5.87 |   5.52 |I I 
04:43-Fri-Mar-31-2017 PM10  |   9.26 |  10.36 |  11.11 |  10.31 |I I 
04:43-Fri-Mar-31-2017 PM2.5 |   5.36 |   5.65 |   5.87 |   5.52 |I I 
04:44-Fri-Mar-31-2017 PM10  |   9.26 |  10.30 |  11.11 |  10.31 |I I 
04:44-Fri-Mar-31-2017 PM2.5 |   5.36 |   5.64 |   5.87 |   5.52 |I I 
04:48-Fri-Mar-31-2017 PM10  |  10.08 |  10.29 |  11.11 |  10.31 |I I 
04:48-Fri-Mar-31-2017 PM2.5 |   5.73 |   5.64 |   5.87 |   5.52 |I I 
04:49-Fri-Mar-31-2017 PM10  |   9.29 |  10.24 |  11.11 |  10.31 |I I 
04:49-Fri-Mar-31-2017 PM2.5 |   5.15 |   5.62 |   5.87 |   5.52 |I I 
04:53-Fri-Mar-31-2017 PM10  |   9.42 |  10.20 |  11.11 |  10.31 |I I 
04:53-Fri-Mar-31-2017 PM2.5 |   5.93 |   5.63 |   5.87 |   5.52 |I I 
04:54-Fri-Mar-31-2017 PM10  |  11.13 |  10.24 |  11.11 |  10.31 |I I 
04:54-Fri-Mar-31-2017 PM2.5 |   5.48 |   5.63 |   5.87 |   5.52 |I I 
04:58-Fri-Mar-31-2017 PM10  |   9.24 |  10.20 |  11.11 |  10.31 |I I 
04:58-Fri-Mar-31-2017 PM2.5 |   5.72 |   5.63 |   5.87 |   5.52 |I I 
04:59-Fri-Mar-31-2017 PM10  |   6.89 |  10.07 |  11.11 |  10.31 |I I 
04:59-Fri-Mar-31-2017 PM2.5 |   5.13 |   5.61 |   5.87 |   5.52 |I I 
05:03-Fri-Mar-31-2017 PM10  |   8.81 |  10.02 |  11.11 |  10.02 |I I 
05:03-Fri-Mar-31-2017 PM2.5 |   5.74 |   5.61 |   5.87 |   5.52 |I I 
05:04-Fri-Mar-31-2017 PM10  |   9.46 |   9.46 |  11.11 |  10.02 |I I 
05:04-Fri-Mar-31-2017 PM2.5 |   5.37 |   5.37 |   5.87 |   5.52 |I I 
05:08-Fri-Mar-31-2017 PM10  |   7.98 |   8.72 |  11.11 |  10.02 |I I 
05:08-Fri-Mar-31-2017 PM2.5 |   5.26 |   5.31 |   5.87 |   5.52 |I I 
05:09-Fri-Mar-31-2017 PM10  |   9.74 |   9.06 |  11.11 |  10.02 |I I 
05:09-Fri-Mar-31-2017 PM2.5 |   5.85 |   5.49 |   5.87 |   5.52 |I I 
05:10-Fri-Mar-31-2017 PM10  |   9.74 |   9.23 |  11.11 |  10.02 |I I 
05:10-Fri-Mar-31-2017 PM2.5 |   5.85 |   5.58 |   5.87 |   5.52 |I I 
05:14-Fri-Mar-31-2017 PM10  |   8.17 |   9.02 |  11.11 |  10.02 |I I 
05:14-Fri-Mar-31-2017 PM2.5 |   5.47 |   5.56 |   5.87 |   5.52 |I I 
05:15-Fri-Mar-31-2017 PM10  |  11.02 |   9.35 |  11.11 |  10.02 |I I 
05:15-Fri-Mar-31-2017 PM2.5 |   5.48 |   5.55 |   5.87 |   5.52 |I I 
05:19-Fri-Mar-31-2017 PM10  |  10.17 |   9.47 |  11.11 |  10.02 |I I 
05:19-Fri-Mar-31-2017 PM2.5 |   5.52 |   5.54 |   5.87 |   5.52 |I I 
05:20-Fri-Mar-31-2017 PM10  |   9.32 |   9.45 |  11.11 |  10.02 |I I 
05:20-Fri-Mar-31-2017 PM2.5 |   5.45 |   5.53 |   5.87 |   5.52 |I I 
05:24-Fri-Mar-31-2017 PM10  |  10.82 |   9.60 |  11.11 |  10.02 |I I 
05:24-Fri-Mar-31-2017 PM2.5 |   5.50 |   5.53 |   5.87 |   5.52 |I I 
05:25-Fri-Mar-31-2017 PM10  |  10.70 |   9.71 |  11.11 |  10.02 |I I 
05:25-Fri-Mar-31-2017 PM2.5 |   5.67 |   5.54 |   5.87 |   5.52 |I I 
05:29-Fri-Mar-31-2017 PM10  |   9.56 |   9.70 |  11.11 |  10.02 |I I 
05:29-Fri-Mar-31-2017 PM2.5 |   5.40 |   5.53 |   5.87 |   5.52 |I I 
05:30-Fri-Mar-31-2017 PM10  |   7.18 |   9.49 |  11.11 |  10.02 |I I 
05:30-Fri-Mar-31-2017 PM2.5 |   5.38 |   5.52 |   5.87 |   5.52 |I I 
05:34-Fri-Mar-31-2017 PM10  |   7.90 |   9.37 |  11.11 |  10.02 |I I 
05:34-Fri-Mar-31-2017 PM2.5 |   5.49 |   5.52 |   5.87 |   5.52 |I I 
05:35-Fri-Mar-31-2017 PM10  |  10.35 |   9.44 |  11.11 |  10.02 |I I 
05:35-Fri-Mar-31-2017 PM2.5 |   5.52 |   5.52 |   5.87 |   5.52 |I I 
05:36-Fri-Mar-31-2017 PM10  |  10.35 |   9.50 |  11.11 |  10.02 |I I 
05:36-Fri-Mar-31-2017 PM2.5 |   5.52 |   5.52 |   5.87 |   5.52 |I I 
05:40-Fri-Mar-31-2017 PM10  |   8.62 |   9.44 |  11.11 |  10.02 |I I 
05:40-Fri-Mar-31-2017 PM2.5 |   5.45 |   5.51 |   5.87 |   5.52 |I I 
05:41-Fri-Mar-31-2017 PM10  |   9.90 |   9.47 |  11.11 |  10.02 |I I 
05:41-Fri-Mar-31-2017 PM2.5 |   5.42 |   5.51 |   5.87 |   5.52 |I I 
05:45-Fri-Mar-31-2017 PM10  |   8.99 |   9.44 |  11.11 |  10.02 |I I 
05:45-Fri-Mar-31-2017 PM2.5 |   5.36 |   5.50 |   5.87 |   5.52 |I I 
05:46-Fri-Mar-31-2017 PM10  |  10.35 |   9.49 |  11.11 |  10.02 |I I 
05:46-Fri-Mar-31-2017 PM2.5 |   5.49 |   5.50 |   5.87 |   5.52 |I I 
05:50-Fri-Mar-31-2017 PM10  |   8.50 |   9.44 |  11.11 |  10.02 |I I 
05:50-Fri-Mar-31-2017 PM2.5 |   5.44 |   5.50 |   5.87 |   5.52 |I I 
05:51-Fri-Mar-31-2017 PM10  |   7.45 |   9.35 |  11.11 |  10.02 |I I 
05:51-Fri-Mar-31-2017 PM2.5 |   5.17 |   5.48 |   5.87 |   5.52 |I I 
05:55-Fri-Mar-31-2017 PM10  |   8.21 |   9.30 |  11.11 |  10.02 |I I 
05:55-Fri-Mar-31-2017 PM2.5 |   5.40 |   5.48 |   5.87 |   5.52 |I I 
05:56-Fri-Mar-31-2017 PM10  |   8.25 |   9.25 |  11.11 |  10.02 |I I 
05:56-Fri-Mar-31-2017 PM2.5 |   5.48 |   5.48 |   5.87 |   5.52 |I I 
06:00-Fri-Mar-31-2017 PM10  |   9.55 |   9.26 |  11.11 |   9.26 |I I 
06:00-Fri-Mar-31-2017 PM2.5 |   5.80 |   5.49 |   5.87 |   5.49 |I I 
06:01-Fri-Mar-31-2017 PM10  |   8.37 |   8.37 |  11.11 |   9.26 |I I 
06:01-Fri-Mar-31-2017 PM2.5 |   5.55 |   5.55 |   5.87 |   5.49 |I I 
06:02-Fri-Mar-31-2017 PM10  |   8.37 |   8.37 |  11.11 |   9.26 |I I 
06:02-Fri-Mar-31-2017 PM2.5 |   5.55 |   5.55 |   5.87 |   5.49 |I I 
06:06-Fri-Mar-31-2017 PM10  |   8.09 |   8.27 |  11.11 |   9.26 |I I 
06:06-Fri-Mar-31-2017 PM2.5 |   5.38 |   5.49 |   5.87 |   5.49 |I I 
06:07-Fri-Mar-31-2017 PM10  |   8.95 |   8.44 |  11.11 |   9.26 |I I 
06:07-Fri-Mar-31-2017 PM2.5 |   5.10 |   5.39 |   5.87 |   5.49 |I I 
06:11-Fri-Mar-31-2017 PM10  |   7.43 |   8.24 |  11.11 |   9.26 |I I 
06:11-Fri-Mar-31-2017 PM2.5 |   5.28 |   5.37 |   5.87 |   5.49 |I I 
06:12-Fri-Mar-31-2017 PM10  |   9.31 |   8.42 |  11.11 |   9.26 |I I 
06:12-Fri-Mar-31-2017 PM2.5 |   5.33 |   5.36 |   5.87 |   5.49 |I I 
06:16-Fri-Mar-31-2017 PM10  |   8.71 |   8.46 |  11.11 |   9.26 |I I 
06:16-Fri-Mar-31-2017 PM2.5 |   5.28 |   5.35 |   5.87 |   5.49 |I I 
06:17-Fri-Mar-31-2017 PM10  |   8.56 |   8.47 |  11.11 |   9.26 |I I 
06:17-Fri-Mar-31-2017 PM2.5 |   5.22 |   5.33 |   5.87 |   5.49 |I I 
06:21-Fri-Mar-31-2017 PM10  |   9.08 |   8.54 |  11.11 |   9.26 |I I 
06:21-Fri-Mar-31-2017 PM2.5 |   5.46 |   5.35 |   5.87 |   5.49 |I I 
06:22-Fri-Mar-31-2017 PM10  |   9.48 |   8.63 |  11.11 |   9.26 |I I 
06:22-Fri-Mar-31-2017 PM2.5 |   5.51 |   5.36 |   5.87 |   5.49 |I I 
06:26-Fri-Mar-31-2017 PM10  |  11.22 |   8.87 |  11.11 |   9.26 |I I 
06:26-Fri-Mar-31-2017 PM2.5 |   5.59 |   5.39 |   5.87 |   5.49 |I I 
06:27-Fri-Mar-31-2017 PM10  |  10.15 |   8.97 |  11.11 |   9.26 |I I 
06:27-Fri-Mar-31-2017 PM2.5 |   5.30 |   5.38 |   5.87 |   5.49 |I I 
06:28-Fri-Mar-31-2017 PM10  |  10.15 |   9.07 |  11.11 |   9.26 |I I 
06:28-Fri-Mar-31-2017 PM2.5 |   5.30 |   5.37 |   5.87 |   5.49 |I I 
06:32-Fri-Mar-31-2017 PM10  |   9.96 |   9.13 |  11.11 |   9.26 |I I 
06:32-Fri-Mar-31-2017 PM2.5 |   5.42 |   5.38 |   5.87 |   5.49 |I I 
06:33-Fri-Mar-31-2017 PM10  |   9.61 |   9.16 |  11.11 |   9.26 |I I 
06:33-Fri-Mar-31-2017 PM2.5 |   5.35 |   5.37 |   5.87 |   5.49 |I I 
06:37-Fri-Mar-31-2017 PM10  |   9.10 |   9.16 |  11.11 |   9.26 |I I 
06:37-Fri-Mar-31-2017 PM2.5 |   5.47 |   5.38 |   5.87 |   5.49 |I I 
06:38-Fri-Mar-31-2017 PM10  |   9.11 |   9.15 |  11.11 |   9.26 |I I 
06:38-Fri-Mar-31-2017 PM2.5 |   5.28 |   5.37 |   5.87 |   5.49 |I I 
06:42-Fri-Mar-31-2017 PM10  |   9.76 |   9.19 |  11.11 |   9.26 |I I 
06:42-Fri-Mar-31-2017 PM2.5 |   5.26 |   5.37 |   5.87 |   5.49 |I I 
06:43-Fri-Mar-31-2017 PM10  |   9.92 |   9.23 |  11.11 |   9.26 |I I 
06:43-Fri-Mar-31-2017 PM2.5 |   5.23 |   5.36 |   5.87 |   5.49 |I I 
06:47-Fri-Mar-31-2017 PM10  |  14.85 |   9.51 |  11.11 |   9.26 |I I 
06:47-Fri-Mar-31-2017 PM2.5 |   5.45 |   5.36 |   5.87 |   5.49 |I I 
06:48-Fri-Mar-31-2017 PM10  |  11.35 |   9.60 |  11.11 |   9.26 |I I 
06:48-Fri-Mar-31-2017 PM2.5 |   5.51 |   5.37 |   5.87 |   5.49 |I I 
06:52-Fri-Mar-31-2017 PM10  |  12.06 |   9.71 |  11.11 |   9.26 |I I 
06:52-Fri-Mar-31-2017 PM2.5 |   5.48 |   5.38 |   5.87 |   5.49 |I I 
06:53-Fri-Mar-31-2017 PM10  |  15.88 |   9.98 |  11.11 |   9.26 |I I 
06:53-Fri-Mar-31-2017 PM2.5 |   6.37 |   5.42 |   5.87 |   5.49 |I I 
06:54-Fri-Mar-31-2017 PM10  |  15.88 |  10.22 |  11.11 |   9.26 |I I 
06:54-Fri-Mar-31-2017 PM2.5 |   6.37 |   5.46 |   5.87 |   5.49 |I I 
06:58-Fri-Mar-31-2017 PM10  |  14.06 |  10.38 |  11.11 |   9.26 |I I 
06:58-Fri-Mar-31-2017 PM2.5 |   6.08 |   5.48 |   5.87 |   5.49 |I I 
06:59-Fri-Mar-31-2017 PM10  |  11.87 |  10.43 |  11.11 |   9.26 |I I 
06:59-Fri-Mar-31-2017 PM2.5 |   5.67 |   5.49 |   5.87 |   5.49 |I I 
07:03-Fri-Mar-31-2017 PM10  |  11.93 |  10.49 |  11.11 |   9.26 |I I 
07:03-Fri-Mar-31-2017 PM2.5 |   5.85 |   5.50 |   5.87 |   5.49 |I I 
07:04-Fri-Mar-31-2017 PM10  |  12.04 |  12.04 |  11.11 |   9.26 |I I 
07:04-Fri-Mar-31-2017 PM2.5 |   5.38 |   5.38 |   5.87 |   5.49 |I I 
07:08-Fri-Mar-31-2017 PM10  |  13.18 |  12.61 |  11.11 |   9.26 |I I 
07:08-Fri-Mar-31-2017 PM2.5 |   5.81 |   5.60 |   5.87 |   5.49 |I I 
07:09-Fri-Mar-31-2017 PM10  |  13.27 |  12.83 |  11.11 |   9.26 |I I 
07:09-Fri-Mar-31-2017 PM2.5 |   5.60 |   5.60 |   5.87 |   5.49 |I I 
07:13-Fri-Mar-31-2017 PM10  |  13.19 |  12.92 |  11.11 |   9.26 |I I 
07:13-Fri-Mar-31-2017 PM2.5 |   5.73 |   5.63 |   5.87 |   5.49 |I I 
07:14-Fri-Mar-31-2017 PM10  |  15.24 |  13.39 |  11.11 |   9.26 |I I 
07:14-Fri-Mar-31-2017 PM2.5 |   5.69 |   5.64 |   5.87 |   5.49 |I I 
07:18-Fri-Mar-31-2017 PM10  |  12.15 |  13.18 |  11.11 |   9.26 |I I 
07:18-Fri-Mar-31-2017 PM2.5 |   5.59 |   5.63 |   5.87 |   5.49 |I I 
07:19-Fri-Mar-31-2017 PM10  |  13.26 |  13.19 |  11.11 |   9.26 |I I 
07:19-Fri-Mar-31-2017 PM2.5 |   5.88 |   5.67 |   5.87 |   5.49 |I I 
07:20-Fri-Mar-31-2017 PM10  |  13.26 |  13.20 |  11.11 |   9.26 |I I 
07:20-Fri-Mar-31-2017 PM2.5 |   5.88 |   5.70 |   5.87 |   5.49 |I I 
07:24-Fri-Mar-31-2017 PM10  |  11.94 |  13.06 |  11.11 |   9.26 |I I 
07:24-Fri-Mar-31-2017 PM2.5 |   5.94 |   5.72 |   5.87 |   5.49 |I I 
07:25-Fri-Mar-31-2017 PM10  |  10.01 |  12.75 |  11.11 |   9.26 |I I 
07:25-Fri-Mar-31-2017 PM2.5 |   5.69 |   5.72 |   5.87 |   5.49 |I I 
07:29-Fri-Mar-31-2017 PM10  |  11.59 |  12.65 |  11.11 |   9.26 |I I 
07:29-Fri-Mar-31-2017 PM2.5 |   5.72 |   5.72 |   5.87 |   5.49 |I I 
07:30-Fri-Mar-31-2017 PM10  |  16.06 |  12.93 |  11.11 |   9.26 |I I 
07:30-Fri-Mar-31-2017 PM2.5 |   5.59 |   5.71 |   5.87 |   5.49 |I I 
07:34-Fri-Mar-31-2017 PM10  |  10.56 |  12.75 |  11.11 |   9.26 |I I 
07:34-Fri-Mar-31-2017 PM2.5 |   5.35 |   5.68 |   5.87 |   5.49 |I I 
07:35-Fri-Mar-31-2017 PM10  |  11.53 |  12.66 |  11.11 |   9.26 |I I 
07:35-Fri-Mar-31-2017 PM2.5 |   5.39 |   5.66 |   5.87 |   5.49 |I I 
07:39-Fri-Mar-31-2017 PM10  |  11.37 |  12.58 |  11.11 |   9.26 |I I 
07:39-Fri-Mar-31-2017 PM2.5 |   5.39 |   5.64 |   5.87 |   5.49 |I I 
07:40-Fri-Mar-31-2017 PM10  |  13.81 |  12.65 |  11.11 |   9.26 |I I 
07:40-Fri-Mar-31-2017 PM2.5 |   5.48 |   5.63 |   5.87 |   5.49 |I I 
07:44-Fri-Mar-31-2017 PM10  |  11.45 |  12.58 |  11.11 |   9.26 |I I 
07:44-Fri-Mar-31-2017 PM2.5 |   5.48 |   5.62 |   5.87 |   5.49 |I I 
07:45-Fri-Mar-31-2017 PM10  |  14.94 |  12.71 |  11.11 |   9.26 |I I 
07:45-Fri-Mar-31-2017 PM2.5 |   6.02 |   5.64 |   5.87 |   5.49 |I I 
07:46-Fri-Mar-31-2017 PM10  |  14.94 |  12.83 |  11.11 |   9.26 |I I 
07:46-Fri-Mar-31-2017 PM2.5 |   6.02 |   5.66 |   5.87 |   5.49 |I I 
07:51-Fri-Mar-31-2017 PM10  |  17.48 |  13.06 |  11.11 |   9.26 |I I 
07:51-Fri-Mar-31-2017 PM2.5 |   6.00 |   5.68 |   5.87 |   5.49 |I I 
07:52-Fri-Mar-31-2017 PM10  |   9.71 |  12.90 |  11.11 |   9.26 |I I 
07:52-Fri-Mar-31-2017 PM2.5 |   5.46 |   5.67 |   5.87 |   5.49 |I I 
07:56-Fri-Mar-31-2017 PM10  |  10.43 |  12.79 |  11.11 |   9.26 |I I 
07:56-Fri-Mar-31-2017 PM2.5 |   5.60 |   5.67 |   5.87 |   5.49 |I I 
07:57-Fri-Mar-31-2017 PM10  |   8.67 |  12.61 |  11.11 |   9.26 |I I 
07:57-Fri-Mar-31-2017 PM2.5 |   5.08 |   5.64 |   5.87 |   5.49 |I I 
08:01-Fri-Mar-31-2017 PM10  |  10.57 |  12.53 |  12.53 |   9.26 |I I 
08:01-Fri-Mar-31-2017 PM2.5 |   5.69 |   5.64 |   5.87 |   5.49 |I I 
08:02-Fri-Mar-31-2017 PM10  |   8.93 |   8.93 |  12.53 |   9.26 |I I 
08:02-Fri-Mar-31-2017 PM2.5 |   5.52 |   5.52 |   5.87 |   5.49 |I I 
08:06-Fri-Mar-31-2017 PM10  |  12.92 |  10.93 |  12.53 |   9.26 |I I 
08:06-Fri-Mar-31-2017 PM2.5 |   5.78 |   5.65 |   5.87 |   5.49 |I I 
08:07-Fri-Mar-31-2017 PM10  |  12.62 |  11.49 |  12.53 |   9.26 |I I 
08:07-Fri-Mar-31-2017 PM2.5 |   5.25 |   5.52 |   5.87 |   5.49 |I I 
08:11-Fri-Mar-31-2017 PM10  |  12.29 |  11.69 |  12.53 |   9.26 |I I 
08:11-Fri-Mar-31-2017 PM2.5 |   5.76 |   5.58 |   5.87 |   5.49 |I I 
08:12-Fri-Mar-31-2017 PM10  |   9.03 |  11.16 |  12.53 |   9.26 |I I 
08:12-Fri-Mar-31-2017 PM2.5 |   5.21 |   5.50 |   5.87 |   5.49 |I I 
08:13-Fri-Mar-31-2017 PM10  |   9.03 |  10.81 |  12.53 |   9.26 |I I 
08:13-Fri-Mar-31-2017 PM2.5 |   5.21 |   5.45 |   5.87 |   5.49 |I I 
08:17-Fri-Mar-31-2017 PM10  |   8.87 |  10.53 |  12.53 |   9.26 |I I 
08:17-Fri-Mar-31-2017 PM2.5 |   5.08 |   5.40 |   5.87 |   5.49 |I I 
08:18-Fri-Mar-31-2017 PM10  |   9.48 |  10.40 |  12.53 |   9.26 |I I 
08:18-Fri-Mar-31-2017 PM2.5 |   5.36 |   5.39 |   5.87 |   5.49 |I I 
08:22-Fri-Mar-31-2017 PM10  |  11.35 |  10.51 |  12.53 |   9.26 |I I 
08:22-Fri-Mar-31-2017 PM2.5 |   5.61 |   5.42 |   5.87 |   5.49 |I I 
08:23-Fri-Mar-31-2017 PM10  |  10.62 |  10.52 |  12.53 |   9.26 |I I 
08:23-Fri-Mar-31-2017 PM2.5 |   5.62 |   5.44 |   5.87 |   5.49 |I I 
08:27-Fri-Mar-31-2017 PM10  |  10.73 |  10.54 |  12.53 |   9.26 |I I 
08:27-Fri-Mar-31-2017 PM2.5 |   5.18 |   5.41 |   5.87 |   5.49 |I I 
08:28-Fri-Mar-31-2017 PM10  |  10.58 |  10.54 |  12.53 |   9.26 |I I 
08:28-Fri-Mar-31-2017 PM2.5 |   5.33 |   5.41 |   5.87 |   5.49 |I I 
08:32-Fri-Mar-31-2017 PM10  |  11.32 |  10.60 |  12.53 |   9.26 |I I 
08:32-Fri-Mar-31-2017 PM2.5 |   5.93 |   5.45 |   5.87 |   5.49 |I I 
08:33-Fri-Mar-31-2017 PM10  |  11.59 |  10.67 |  12.53 |   9.26 |I I 
08:33-Fri-Mar-31-2017 PM2.5 |   5.35 |   5.44 |   5.87 |   5.49 |I I 
08:37-Fri-Mar-31-2017 PM10  |   9.59 |  10.60 |  12.53 |   9.26 |I I 
08:37-Fri-Mar-31-2017 PM2.5 |   5.52 |   5.45 |   5.87 |   5.49 |I I 
08:38-Fri-Mar-31-2017 PM10  |  11.24 |  10.64 |  12.53 |   9.26 |I I 
08:38-Fri-Mar-31-2017 PM2.5 |   5.31 |   5.44 |   5.87 |   5.49 |I I 
08:39-Fri-Mar-31-2017 PM10  |  11.24 |  10.67 |  12.53 |   9.26 |I I 
08:39-Fri-Mar-31-2017 PM2.5 |   5.31 |   5.43 |   5.87 |   5.49 |I I 
08:43-Fri-Mar-31-2017 PM10  |  12.31 |  10.76 |  12.53 |   9.26 |I I 
08:43-Fri-Mar-31-2017 PM2.5 |   5.58 |   5.44 |   5.87 |   5.49 |I I 
08:44-Fri-Mar-31-2017 PM10  |  11.39 |  10.80 |  12.53 |   9.26 |I I 
08:44-Fri-Mar-31-2017 PM2.5 |   5.50 |   5.44 |   5.87 |   5.49 |I I 
08:48-Fri-Mar-31-2017 PM10  |   8.93 |  10.70 |  12.53 |   9.26 |I I 
08:48-Fri-Mar-31-2017 PM2.5 |   5.58 |   5.45 |   5.87 |   5.49 |I I 
08:49-Fri-Mar-31-2017 PM10  |   9.89 |  10.67 |  12.53 |   9.26 |I I 
08:49-Fri-Mar-31-2017 PM2.5 |   5.18 |   5.44 |   5.87 |   5.49 |I I 
08:53-Fri-Mar-31-2017 PM10  |   9.19 |  10.60 |  12.53 |   9.26 |I I 
08:53-Fri-Mar-31-2017 PM2.5 |   5.57 |   5.44 |   5.87 |   5.49 |I I 
08:54-Fri-Mar-31-2017 PM10  |  10.94 |  10.61 |  12.53 |   9.26 |I I 
08:54-Fri-Mar-31-2017 PM2.5 |   5.52 |   5.44 |   5.87 |   5.49 |I I 
08:58-Fri-Mar-31-2017 PM10  |  10.93 |  10.63 |  12.53 |   9.26 |I I 
08:58-Fri-Mar-31-2017 PM2.5 |   5.69 |   5.46 |   5.87 |   5.49 |I I 
08:59-Fri-Mar-31-2017 PM10  |   9.46 |  10.58 |  12.53 |   9.26 |I I 
08:59-Fri-Mar-31-2017 PM2.5 |   5.40 |   5.45 |   5.87 |   5.49 |I I 
09:03-Fri-Mar-31-2017 PM10  |  10.55 |  10.58 |  12.53 |   9.26 |I I 
09:03-Fri-Mar-31-2017 PM2.5 |   5.65 |   5.46 |   5.87 |   5.46 |I I 
09:04-Fri-Mar-31-2017 PM10  |   9.54 |   9.54 |  12.53 |   9.26 |I I 
09:04-Fri-Mar-31-2017 PM2.5 |   5.08 |   5.08 |   5.87 |   5.46 |I I 
09:05-Fri-Mar-31-2017 PM10  |   9.54 |   9.54 |  12.53 |   9.26 |I I 
09:05-Fri-Mar-31-2017 PM2.5 |   5.08 |   5.08 |   5.87 |   5.46 |I I 
09:09-Fri-Mar-31-2017Timeout Event handler
09:09-Fri-Mar-31-2017 PM10  |  10.83 |   9.97 |  12.53 |   9.26 |B I 
09:09-Fri-Mar-31-2017 PM2.5 |   5.73 |   5.30 |   5.87 |   5.46 |B I 
09:10-Fri-Mar-31-2017recover dati per host :salvatorehost.no-ip.org/aria
09:10-Fri-Mar-31-2017 PM10  |   9.75 |   9.91 |  12.53 |   9.26 |I I 
09:10-Fri-Mar-31-2017 PM2.5 |   5.48 |   5.34 |   5.87 |   5.46 |I I 
09:14-Fri-Mar-31-2017 PM10  |  10.56 |  10.04 |  12.53 |   9.26 |I I 
09:14-Fri-Mar-31-2017 PM2.5 |   5.35 |   5.34 |   5.87 |   5.46 |I I 
09:15-Fri-Mar-31-2017 PM10  |   9.06 |   9.88 |  12.53 |   9.26 |I I 
09:15-Fri-Mar-31-2017 PM2.5 |   5.64 |   5.39 |   5.87 |   5.46 |I I 
09:19-Fri-Mar-31-2017 PM10  |   9.87 |   9.88 |  12.53 |   9.26 |I I 
09:19-Fri-Mar-31-2017 PM2.5 |   5.83 |   5.46 |   5.87 |   5.46 |I I 
09:20-Fri-Mar-31-2017 PM10  |   9.70 |   9.85 |  12.53 |   9.26 |I I 
09:20-Fri-Mar-31-2017 PM2.5 |   5.77 |   5.49 |   5.87 |   5.46 |I I 
09:24-Fri-Mar-31-2017 PM10  |   9.64 |   9.83 |  12.53 |   9.26 |I I 
09:24-Fri-Mar-31-2017 PM2.5 |   5.77 |   5.53 |   5.87 |   5.46 |I I 
09:25-Fri-Mar-31-2017 PM10  |   9.48 |   9.80 |  12.53 |   9.26 |I I 
09:25-Fri-Mar-31-2017 PM2.5 |   5.27 |   5.50 |   5.87 |   5.46 |I I 
09:29-Fri-Mar-31-2017 PM10  |  11.15 |   9.92 |  12.53 |   9.26 |I I 
09:29-Fri-Mar-31-2017 PM2.5 |   6.26 |   5.57 |   5.87 |   5.46 |I I 
09:30-Fri-Mar-31-2017 PM10  |   9.70 |   9.90 |  12.53 |   9.26 |I I 
09:30-Fri-Mar-31-2017 PM2.5 |   6.03 |   5.61 |   5.87 |   5.46 |I I 
09:34-Fri-Mar-31-2017 PM10  |  11.35 |  10.01 |  12.53 |   9.26 |I I 
09:34-Fri-Mar-31-2017 PM2.5 |   6.24 |   5.66 |   5.87 |   5.46 |I I 
09:35-Fri-Mar-31-2017 PM10  |  11.35 |  10.11 |  12.53 |   9.26 |I I 
09:35-Fri-Mar-31-2017 PM2.5 |   6.24 |   5.70 |   5.87 |   5.46 |I I 
09:36-Fri-Mar-31-2017 PM10  |  11.22 |  10.18 |  12.53 |   9.26 |I I 
09:36-Fri-Mar-31-2017 PM2.5 |   5.96 |   5.72 |   5.87 |   5.46 |I I 
09:40-Fri-Mar-31-2017 PM10  |  12.86 |  10.35 |  12.53 |   9.26 |I I 
09:40-Fri-Mar-31-2017 PM2.5 |   6.21 |   5.75 |   5.87 |   5.46 |I I 
09:41-Fri-Mar-31-2017 PM10  |   9.56 |  10.30 |  12.53 |   9.26 |I I 
09:41-Fri-Mar-31-2017 PM2.5 |   5.87 |   5.75 |   5.87 |   5.46 |I I 
09:45-Fri-Mar-31-2017 PM10  |  10.91 |  10.34 |  12.53 |   9.26 |I I 
09:45-Fri-Mar-31-2017 PM2.5 |   5.86 |   5.76 |   5.87 |   5.46 |I I 
09:46-Fri-Mar-31-2017 PM10  |   9.91 |  10.31 |  12.53 |   9.26 |I I 
09:46-Fri-Mar-31-2017 PM2.5 |   6.23 |   5.78 |   5.87 |   5.46 |I I 
09:50-Fri-Mar-31-2017 PM10  |  11.93 |  10.40 |  12.53 |   9.26 |I I 
09:50-Fri-Mar-31-2017 PM2.5 |   6.44 |   5.82 |   5.87 |   5.46 |I I 
09:51-Fri-Mar-31-2017 PM10  |  10.65 |  10.41 |  12.53 |   9.26 |I I 
09:51-Fri-Mar-31-2017 PM2.5 |   6.05 |   5.83 |   5.87 |   5.46 |I I 
09:55-Fri-Mar-31-2017 PM10  |  11.36 |  10.45 |  12.53 |   9.26 |I I 
09:55-Fri-Mar-31-2017 PM2.5 |   6.13 |   5.84 |   5.87 |   5.46 |I I 
09:56-Fri-Mar-31-2017 PM10  |  14.59 |  10.63 |  12.53 |   9.26 |I I 
09:56-Fri-Mar-31-2017 PM2.5 |   6.48 |   5.87 |   5.87 |   5.46 |I I 
10:00-Fri-Mar-31-2017 PM10  |  11.97 |  10.69 |  12.53 |   9.26 |I I 
10:00-Fri-Mar-31-2017 PM2.5 |   6.48 |   5.90 |   5.90 |   5.46 |I I 
10:01-Fri-Mar-31-2017 PM10  |  11.97 |  11.97 |  12.53 |   9.26 |I I 
10:01-Fri-Mar-31-2017 PM2.5 |   6.48 |   6.48 |   5.90 |   5.46 |I I 
10:02-Fri-Mar-31-2017 PM10  |  13.90 |  12.94 |  12.53 |   9.26 |I I 
10:02-Fri-Mar-31-2017 PM2.5 |   6.61 |   6.55 |   5.90 |   5.46 |I I 
10:06-Fri-Mar-31-2017 PM10  |  11.03 |  12.30 |  12.53 |   9.26 |I I 
10:06-Fri-Mar-31-2017 PM2.5 |   6.80 |   6.63 |   5.90 |   5.46 |I I 
10:07-Fri-Mar-31-2017 PM10  |   9.99 |  11.72 |  12.53 |   9.26 |I I 
10:07-Fri-Mar-31-2017 PM2.5 |   5.75 |   6.41 |   5.90 |   5.46 |I I 
10:11-Fri-Mar-31-2017 PM10  |   8.05 |  10.99 |  12.53 |   9.26 |I I 
10:11-Fri-Mar-31-2017 PM2.5 |   5.43 |   6.21 |   5.90 |   5.46 |I I 
10:12-Fri-Mar-31-2017 PM10  |   8.30 |  10.54 |  12.53 |   9.26 |I I 
10:12-Fri-Mar-31-2017 PM2.5 |   5.58 |   6.11 |   5.90 |   5.46 |I I 
10:16-Fri-Mar-31-2017 PM10  |  11.35 |  10.66 |  12.53 |   9.26 |I I 
10:16-Fri-Mar-31-2017 PM2.5 |   6.44 |   6.15 |   5.90 |   5.46 |I I 
10:17-Fri-Mar-31-2017 PM10  |  10.47 |  10.63 |  12.53 |   9.26 |I I 
10:17-Fri-Mar-31-2017 PM2.5 |   5.99 |   6.13 |   5.90 |   5.46 |I I 
10:21-Fri-Mar-31-2017 PM10  |  10.92 |  10.67 |  12.53 |   9.26 |I I 
10:21-Fri-Mar-31-2017 PM2.5 |   5.96 |   6.11 |   5.90 |   5.46 |I I 
10:22-Fri-Mar-31-2017 PM10  |  12.00 |  10.80 |  12.53 |   9.26 |I I 
10:22-Fri-Mar-31-2017 PM2.5 |   6.04 |   6.11 |   5.90 |   5.46 |I I 
10:26-Fri-Mar-31-2017 PM10  |  11.17 |  10.83 |  12.53 |   9.26 |I I 
10:26-Fri-Mar-31-2017 PM2.5 |   6.24 |   6.12 |   5.90 |   5.46 |I I 
10:27-Fri-Mar-31-2017 PM10  |  11.17 |  10.86 |  12.53 |   9.26 |I I 
10:27-Fri-Mar-31-2017 PM2.5 |   6.24 |   6.13 |   5.90 |   5.46 |I I 
10:28-Fri-Mar-31-2017 PM10  |   9.71 |  10.77 |  12.53 |   9.26 |I I 
10:28-Fri-Mar-31-2017 PM2.5 |   5.76 |   6.10 |   5.90 |   5.46 |I I 
10:32-Fri-Mar-31-2017 PM10  |  10.75 |  10.77 |  12.53 |   9.26 |I I 
10:32-Fri-Mar-31-2017 PM2.5 |   6.01 |   6.09 |   5.90 |   5.46 |I I 
10:33-Fri-Mar-31-2017 PM10  |  14.49 |  11.02 |  12.53 |   9.26 |I I 
10:33-Fri-Mar-31-2017 PM2.5 |   6.49 |   6.12 |   5.90 |   5.46 |I I 
10:37-Fri-Mar-31-2017 PM10  |  10.56 |  10.99 |  12.53 |   9.26 |I I 
10:37-Fri-Mar-31-2017 PM2.5 |   6.03 |   6.11 |   5.90 |   5.46 |I I 
10:38-Fri-Mar-31-2017 PM10  |  10.33 |  10.95 |  12.53 |   9.26 |I I 
10:38-Fri-Mar-31-2017 PM2.5 |   5.87 |   6.10 |   5.90 |   5.46 |I I 
10:43-Fri-Mar-31-2017 PM10  |  12.36 |  11.03 |  12.53 |   9.26 |I I 
10:43-Fri-Mar-31-2017 PM2.5 |   6.15 |   6.10 |   5.90 |   5.46 |I I 
10:44-Fri-Mar-31-2017 PM10  |   9.26 |  10.94 |  12.53 |   9.26 |I I 
10:44-Fri-Mar-31-2017 PM2.5 |   6.09 |   6.10 |   5.90 |   5.46 |I I 
10:48-Fri-Mar-31-2017 PM10  |  11.47 |  10.96 |  12.53 |   9.26 |I I 
10:48-Fri-Mar-31-2017 PM2.5 |   6.24 |   6.11 |   5.90 |   5.46 |I I 
10:49-Fri-Mar-31-2017 PM10  |  10.86 |  10.96 |  12.53 |   9.26 |I I 
10:49-Fri-Mar-31-2017 PM2.5 |   6.80 |   6.14 |   5.90 |   5.46 |I I 
10:53-Fri-Mar-31-2017 PM10  |  11.50 |  10.98 |  12.53 |   9.26 |I I 
10:53-Fri-Mar-31-2017 PM2.5 |   6.82 |   6.17 |   5.90 |   5.46 |I I 
10:54-Fri-Mar-31-2017 PM10  |  11.50 |  11.01 |  12.53 |   9.26 |I I 
10:54-Fri-Mar-31-2017 PM2.5 |   6.82 |   6.20 |   5.90 |   5.46 |I I 
10:55-Fri-Mar-31-2017 PM10  |  13.57 |  11.11 |  12.53 |   9.26 |I I 
10:55-Fri-Mar-31-2017 PM2.5 |   6.51 |   6.21 |   5.90 |   5.46 |I I 
10:59-Fri-Mar-31-2017 PM10  |  10.73 |  11.10 |  12.53 |   9.26 |I I 
10:59-Fri-Mar-31-2017 PM2.5 |   6.39 |   6.22 |   5.90 |   5.46 |I I 
11:00-Fri-Mar-31-2017 PM10  |   9.76 |  11.05 |  12.53 |   9.26 |I I 
11:00-Fri-Mar-31-2017 PM2.5 |   5.91 |   6.21 |   6.21 |   5.46 |I I 
11:04-Fri-Mar-31-2017 PM10  |   8.69 |   8.69 |  12.53 |   9.26 |I I 
11:04-Fri-Mar-31-2017 PM2.5 |   5.69 |   5.69 |   6.21 |   5.46 |I I 
11:05-Fri-Mar-31-2017 PM10  |  12.38 |  10.53 |  12.53 |   9.26 |I I 
11:05-Fri-Mar-31-2017 PM2.5 |   6.55 |   6.12 |   6.21 |   5.46 |I I 
11:09-Fri-Mar-31-2017 PM10  |  11.86 |  10.98 |  12.53 |   9.26 |I I 
11:09-Fri-Mar-31-2017 PM2.5 |   6.31 |   6.18 |   6.21 |   5.46 |I I 
11:10-Fri-Mar-31-2017 PM10  |   9.66 |  10.65 |  12.53 |   9.26 |I I 
11:10-Fri-Mar-31-2017 PM2.5 |   5.99 |   6.13 |   6.21 |   5.46 |I I 
11:14-Fri-Mar-31-2017 PM10  |  11.85 |  10.89 |  12.53 |   9.26 |I I 
11:14-Fri-Mar-31-2017 PM2.5 |   6.52 |   6.21 |   6.21 |   5.46 |I I 
11:15-Fri-Mar-31-2017 PM10  |  10.80 |  10.87 |  12.53 |   9.26 |I I 
11:15-Fri-Mar-31-2017 PM2.5 |   5.88 |   6.16 |   6.21 |   5.46 |I I 
11:19-Fri-Mar-31-2017 PM10  |   8.91 |  10.59 |  12.53 |   9.26 |I I 
11:19-Fri-Mar-31-2017 PM2.5 |   5.58 |   6.07 |   6.21 |   5.46 |I I 
11:20-Fri-Mar-31-2017 PM10  |   8.91 |  10.38 |  12.53 |   9.26 |I I 
11:20-Fri-Mar-31-2017 PM2.5 |   5.58 |   6.01 |   6.21 |   5.46 |I I 
11:21-Fri-Mar-31-2017 PM10  |   9.60 |  10.30 |  12.53 |   9.26 |I I 
11:21-Fri-Mar-31-2017 PM2.5 |   6.25 |   6.04 |   6.21 |   5.46 |I I 
11:25-Fri-Mar-31-2017 PM10  |   8.61 |  10.13 |  12.53 |   9.26 |I I 
11:25-Fri-Mar-31-2017 PM2.5 |   5.90 |   6.02 |   6.21 |   5.46 |I I 
11:26-Fri-Mar-31-2017 PM10  |  10.18 |  10.13 |  12.53 |   9.26 |I I 
11:26-Fri-Mar-31-2017 PM2.5 |   6.49 |   6.07 |   6.21 |   5.46 |I I 
11:30-Fri-Mar-31-2017 PM10  |  10.36 |  10.15 |  12.53 |   9.26 |I I 
11:30-Fri-Mar-31-2017 PM2.5 |   6.72 |   6.12 |   6.21 |   5.46 |I I 
11:31-Fri-Mar-31-2017 PM10  |  11.79 |  10.28 |  12.53 |   9.26 |I I 
11:31-Fri-Mar-31-2017 PM2.5 |   6.48 |   6.15 |   6.21 |   5.46 |I I 
11:35-Fri-Mar-31-2017 PM10  |  11.34 |  10.35 |  12.53 |   9.26 |I I 
11:35-Fri-Mar-31-2017 PM2.5 |   6.31 |   6.16 |   6.21 |   5.46 |I I 
11:36-Fri-Mar-31-2017 PM10  |  12.17 |  10.47 |  12.53 |   9.26 |I I 
11:36-Fri-Mar-31-2017 PM2.5 |   6.33 |   6.17 |   6.21 |   5.46 |I I 
11:40-Fri-Mar-31-2017 PM10  |  12.05 |  10.57 |  12.53 |   9.26 |I I 
11:40-Fri-Mar-31-2017 PM2.5 |   6.90 |   6.22 |   6.21 |   5.46 |I I 
11:41-Fri-Mar-31-2017 PM10  |  10.12 |  10.55 |  12.53 |   9.26 |I I 
11:41-Fri-Mar-31-2017 PM2.5 |   6.39 |   6.23 |   6.21 |   5.46 |I I 
11:45-Fri-Mar-31-2017 PM10  |  11.48 |  10.60 |  12.53 |   9.26 |I I 
11:45-Fri-Mar-31-2017 PM2.5 |   5.91 |   6.21 |   6.21 |   5.46 |I I 
11:46-Fri-Mar-31-2017 PM10  |  11.48 |  10.64 |  12.53 |   9.26 |I I 
11:46-Fri-Mar-31-2017 PM2.5 |   5.91 |   6.20 |   6.21 |   5.46 |I I 
11:47-Fri-Mar-31-2017 PM10  |   9.63 |  10.59 |  12.53 |   9.26 |I I 
11:47-Fri-Mar-31-2017 PM2.5 |   5.93 |   6.18 |   6.21 |   5.46 |I I 
11:51-Fri-Mar-31-2017 PM10  |   9.06 |  10.52 |  12.53 |   9.26 |I I 
11:51-Fri-Mar-31-2017 PM2.5 |   6.07 |   6.18 |   6.21 |   5.46 |I I 
11:52-Fri-Mar-31-2017 PM10  |  10.28 |  10.51 |  12.53 |   9.26 |I I 
11:52-Fri-Mar-31-2017 PM2.5 |   6.03 |   6.17 |   6.21 |   5.46 |I I 
11:56-Fri-Mar-31-2017 PM10  |   9.42 |  10.46 |  12.53 |   9.26 |I I 
11:56-Fri-Mar-31-2017 PM2.5 |   6.26 |   6.17 |   6.21 |   5.46 |I I 
11:57-Fri-Mar-31-2017 PM10  |  10.95 |  10.48 |  12.53 |   9.26 |I I 
11:57-Fri-Mar-31-2017 PM2.5 |   6.53 |   6.19 |   6.21 |   5.46 |I I 
12:01-Fri-Mar-31-2017 PM10  |   8.55 |  10.41 |  12.53 |   9.26 |I I 
12:01-Fri-Mar-31-2017 PM2.5 |   6.13 |   6.19 |   6.21 |   5.46 |I I 
12:02-Fri-Mar-31-2017 PM10  |   9.50 |   9.50 |  12.53 |   9.26 |I I 
12:02-Fri-Mar-31-2017 PM2.5 |   5.64 |   5.64 |   6.21 |   5.46 |I I 
12:06-Fri-Mar-31-2017 PM10  |  12.26 |  10.88 |  12.53 |   9.26 |I I 
12:06-Fri-Mar-31-2017 PM2.5 |   6.14 |   5.89 |   6.21 |   5.46 |I I 
12:07-Fri-Mar-31-2017 PM10  |  10.43 |  10.73 |  12.53 |   9.26 |I I 
12:07-Fri-Mar-31-2017 PM2.5 |   6.03 |   5.94 |   6.21 |   5.46 |I I 
12:11-Fri-Mar-31-2017 PM10  |  10.87 |  10.76 |  12.53 |   9.26 |I I 
12:11-Fri-Mar-31-2017 PM2.5 |   6.59 |   6.10 |   6.21 |   5.46 |I I 
12:12-Fri-Mar-31-2017 PM10  |  10.87 |  10.78 |  12.53 |   9.26 |I I 
12:12-Fri-Mar-31-2017 PM2.5 |   6.59 |   6.20 |   6.21 |   5.46 |I I 
12:13-Fri-Mar-31-2017 PM10  |  10.67 |  10.77 |  12.53 |   9.26 |I I 
12:13-Fri-Mar-31-2017 PM2.5 |   6.18 |   6.20 |   6.21 |   5.46 |I I 
12:17-Fri-Mar-31-2017 PM10  |  10.25 |  10.69 |  12.53 |   9.26 |I I 
12:17-Fri-Mar-31-2017 PM2.5 |   6.01 |   6.17 |   6.21 |   5.46 |I I 
12:18-Fri-Mar-31-2017 PM10  |  10.87 |  10.71 |  12.53 |   9.26 |I I 
12:18-Fri-Mar-31-2017 PM2.5 |   6.18 |   6.17 |   6.21 |   5.46 |I I 
12:22-Fri-Mar-31-2017 PM10  |  17.55 |  11.47 |  12.53 |   9.26 |I I 
12:22-Fri-Mar-31-2017 PM2.5 |   5.83 |   6.13 |   6.21 |   5.46 |I I 
12:23-Fri-Mar-31-2017 PM10  |   9.10 |  11.24 |  12.53 |   9.26 |I I 
12:23-Fri-Mar-31-2017 PM2.5 |   5.82 |   6.10 |   6.21 |   5.46 |I I 
12:27-Fri-Mar-31-2017 PM10  |   8.17 |  10.96 |  12.53 |   9.26 |I I 
12:27-Fri-Mar-31-2017 PM2.5 |   5.69 |   6.07 |   6.21 |   5.46 |I I 
12:28-Fri-Mar-31-2017 PM10  |  10.12 |  10.89 |  12.53 |   9.26 |I I 
12:28-Fri-Mar-31-2017 PM2.5 |   5.97 |   6.06 |   6.21 |   5.46 |I I 
12:32-Fri-Mar-31-2017 PM10  |  10.71 |  10.88 |  12.53 |   9.26 |I I 
12:32-Fri-Mar-31-2017 PM2.5 |   6.07 |   6.06 |   6.21 |   5.46 |I I 
12:33-Fri-Mar-31-2017 PM10  |   8.76 |  10.72 |  12.53 |   9.26 |I I 
12:33-Fri-Mar-31-2017 PM2.5 |   5.57 |   6.02 |   6.21 |   5.46 |I I 
12:37-Fri-Mar-31-2017 PM10  |   9.49 |  10.64 |  12.53 |   9.26 |I I 
12:37-Fri-Mar-31-2017 PM2.5 |   5.75 |   6.01 |   6.21 |   5.46 |I I 
12:38-Fri-Mar-31-2017 PM10  |   9.49 |  10.57 |  12.53 |   9.26 |I I 
12:38-Fri-Mar-31-2017 PM2.5 |   5.75 |   5.99 |   6.21 |   5.46 |I I 
12:39-Fri-Mar-31-2017 PM10  |   9.65 |  10.52 |  12.53 |   9.26 |I I 
12:39-Fri-Mar-31-2017 PM2.5 |   5.98 |   5.99 |   6.21 |   5.46 |I I 
12:43-Fri-Mar-31-2017 PM10  |   9.53 |  10.46 |  12.53 |   9.26 |I I 
12:43-Fri-Mar-31-2017 PM2.5 |   5.81 |   5.98 |   6.21 |   5.46 |I I 
12:44-Fri-Mar-31-2017 PM10  |   9.77 |  10.42 |  12.53 |   9.26 |I I 
12:44-Fri-Mar-31-2017 PM2.5 |   6.10 |   5.99 |   6.21 |   5.46 |I I 
12:48-Fri-Mar-31-2017 PM10  |   9.70 |  10.39 |  12.53 |   9.26 |I I 
12:48-Fri-Mar-31-2017 PM2.5 |   6.33 |   6.00 |   6.21 |   5.46 |I I 
12:49-Fri-Mar-31-2017 PM10  |   9.47 |  10.34 |  12.53 |   9.26 |I I 
12:49-Fri-Mar-31-2017 PM2.5 |   5.60 |   5.98 |   6.21 |   5.46 |I I 
12:53-Fri-Mar-31-2017 PM10  |   8.52 |  10.26 |  12.53 |   9.26 |I I 
12:53-Fri-Mar-31-2017 PM2.5 |   5.41 |   5.96 |   6.21 |   5.46 |I I 
12:54-Fri-Mar-31-2017 PM10  |  10.46 |  10.27 |  12.53 |   9.26 |I I 
12:54-Fri-Mar-31-2017 PM2.5 |   5.85 |   5.95 |   6.21 |   5.46 |I I 
12:58-Fri-Mar-31-2017 PM10  |  11.55 |  10.32 |  12.53 |   9.26 |I I 
12:58-Fri-Mar-31-2017 PM2.5 |   5.93 |   5.95 |   6.21 |   5.46 |I I 
12:59-Fri-Mar-31-2017 PM10  |  10.07 |  10.31 |  12.53 |   9.26 |I I 
12:59-Fri-Mar-31-2017 PM2.5 |   5.57 |   5.94 |   6.21 |   5.46 |I I 
13:03-Fri-Mar-31-2017 PM10  |  10.93 |  10.34 |  12.53 |   9.26 |I I 
13:03-Fri-Mar-31-2017 PM2.5 |   6.21 |   5.95 |   6.21 |   5.46 |I I 
13:04-Fri-Mar-31-2017 PM10  |  10.93 |  10.93 |  12.53 |   9.26 |I I 
13:04-Fri-Mar-31-2017 PM2.5 |   6.21 |   6.21 |   6.21 |   5.46 |I I 
13:05-Fri-Mar-31-2017 PM10  |   9.26 |  10.10 |  12.53 |   9.26 |I I 
13:05-Fri-Mar-31-2017 PM2.5 |   5.45 |   5.83 |   6.21 |   5.46 |I I 
13:09-Fri-Mar-31-2017 PM10  |   9.04 |   9.74 |  12.53 |   9.26 |I I 
13:09-Fri-Mar-31-2017 PM2.5 |   5.66 |   5.77 |   6.21 |   5.46 |I I 
13:10-Fri-Mar-31-2017 PM10  |   9.38 |   9.65 |  12.53 |   9.26 |I I 
13:10-Fri-Mar-31-2017 PM2.5 |   5.90 |   5.81 |   6.21 |   5.46 |I I 
13:14-Fri-Mar-31-2017 PM10  |   8.30 |   9.38 |  12.53 |   9.26 |I I 
13:14-Fri-Mar-31-2017 PM2.5 |   5.37 |   5.72 |   6.21 |   5.46 |I I 
13:15-Fri-Mar-31-2017 PM10  |   8.03 |   9.16 |  12.53 |   9.26 |I I 
13:15-Fri-Mar-31-2017 PM2.5 |   5.59 |   5.70 |   6.21 |   5.46 |I I 
13:19-Fri-Mar-31-2017 PM10  |   8.62 |   9.08 |  12.53 |   9.26 |I I 
13:19-Fri-Mar-31-2017 PM2.5 |   5.81 |   5.71 |   6.21 |   5.46 |I I 
13:20-Fri-Mar-31-2017 PM10  |   8.26 |   8.98 |  12.53 |   9.26 |I I 
13:20-Fri-Mar-31-2017 PM2.5 |   5.66 |   5.71 |   6.21 |   5.46 |I I 
13:24-Fri-Mar-31-2017 PM10  |   9.10 |   8.99 |  12.53 |   9.26 |I I 
13:24-Fri-Mar-31-2017 PM2.5 |   5.94 |   5.73 |   6.21 |   5.46 |I I 
13:25-Fri-Mar-31-2017 PM10  |   8.44 |   8.94 |  12.53 |   9.26 |I I 
13:25-Fri-Mar-31-2017 PM2.5 |   5.46 |   5.71 |   6.21 |   5.46 |I I 
13:29-Fri-Mar-31-2017 PM10  |   9.00 |   8.94 |  12.53 |   9.26 |I I 
13:29-Fri-Mar-31-2017 PM2.5 |   5.63 |   5.70 |   6.21 |   5.46 |I I 
13:30-Fri-Mar-31-2017 PM10  |   9.00 |   8.95 |  12.53 |   9.26 |I I 
13:30-Fri-Mar-31-2017 PM2.5 |   5.63 |   5.69 |   6.21 |   5.46 |I I 
13:31-Fri-Mar-31-2017 PM10  |   9.62 |   9.00 |  12.53 |   9.26 |I I 
13:31-Fri-Mar-31-2017 PM2.5 |   5.73 |   5.70 |   6.21 |   5.46 |I I 
13:35-Fri-Mar-31-2017 PM10  |   9.40 |   9.03 |  12.53 |   9.26 |I I 
13:35-Fri-Mar-31-2017 PM2.5 |   5.78 |   5.70 |   6.21 |   5.46 |I I 
13:36-Fri-Mar-31-2017 PM10  |   8.79 |   9.01 |  12.53 |   9.26 |I I 
13:36-Fri-Mar-31-2017 PM2.5 |   5.25 |   5.67 |   6.21 |   5.46 |I I 
13:40-Fri-Mar-31-2017 PM10  |  10.06 |   9.08 |  12.53 |   9.26 |I I 
13:40-Fri-Mar-31-2017 PM2.5 |   6.08 |   5.70 |   6.21 |   5.46 |I I 
13:41-Fri-Mar-31-2017 PM10  |   8.03 |   9.02 |  12.53 |   9.26 |I I 
13:41-Fri-Mar-31-2017 PM2.5 |   5.23 |   5.67 |   6.21 |   5.46 |I I 
13:45-Fri-Mar-31-2017 PM10  |   8.77 |   9.00 |  12.53 |   9.26 |I I 
13:45-Fri-Mar-31-2017 PM2.5 |   5.58 |   5.66 |   6.21 |   5.46 |I I 
13:46-Fri-Mar-31-2017 PM10  |   7.90 |   8.94 |  12.53 |   9.26 |I I 
13:46-Fri-Mar-31-2017 PM2.5 |   5.40 |   5.65 |   6.21 |   5.46 |I I 
13:50-Fri-Mar-31-2017 PM10  |  10.34 |   9.01 |  12.53 |   9.26 |I I 
13:50-Fri-Mar-31-2017 PM2.5 |   5.87 |   5.66 |   6.21 |   5.46 |I I 
13:51-Fri-Mar-31-2017 PM10  |   8.38 |   8.98 |  12.53 |   9.26 |I I 
13:51-Fri-Mar-31-2017 PM2.5 |   5.12 |   5.64 |   6.21 |   5.46 |I I 
13:55-Fri-Mar-31-2017 PM10  |   9.04 |   8.99 |  12.53 |   9.26 |I I 
13:55-Fri-Mar-31-2017 PM2.5 |   5.18 |   5.62 |   6.21 |   5.46 |I I 
13:56-Fri-Mar-31-2017 PM10  |   9.04 |   8.99 |  12.53 |   9.26 |I I 
13:56-Fri-Mar-31-2017 PM2.5 |   5.18 |   5.60 |   6.21 |   5.46 |I I 
13:58-Fri-Mar-31-2017 PM10  |  10.48 |   9.05 |  12.53 |   9.26 |I I 
13:58-Fri-Mar-31-2017 PM2.5 |   5.58 |   5.60 |   6.21 |   5.46 |I I 
14:02-Fri-Mar-31-2017 PM10  |   9.73 |   9.08 |  12.53 |   9.08 |I I 
14:02-Fri-Mar-31-2017 PM2.5 |   5.56 |   5.59 |   6.21 |   5.46 |I I 
14:03-Fri-Mar-31-2017 PM10  |  11.07 |  11.07 |  12.53 |   9.08 |I I 
14:03-Fri-Mar-31-2017 PM2.5 |   5.53 |   5.53 |   6.21 |   5.46 |I I 
14:07-Fri-Mar-31-2017 PM10  |  10.26 |  10.66 |  12.53 |   9.08 |I I 
14:07-Fri-Mar-31-2017 PM2.5 |   5.70 |   5.62 |   6.21 |   5.46 |I I 
14:08-Fri-Mar-31-2017 PM10  |   8.50 |   9.94 |  12.53 |   9.08 |I I 
14:08-Fri-Mar-31-2017 PM2.5 |   5.35 |   5.53 |   6.21 |   5.46 |I I 
14:12-Fri-Mar-31-2017 PM10  |   9.07 |   9.72 |  12.53 |   9.08 |I I 
14:12-Fri-Mar-31-2017 PM2.5 |   5.42 |   5.50 |   6.21 |   5.46 |I I 
14:13-Fri-Mar-31-2017 PM10  |   9.85 |   9.75 |  12.53 |   9.08 |I I 
14:13-Fri-Mar-31-2017 PM2.5 |   5.21 |   5.44 |   6.21 |   5.46 |I I 
14:17-Fri-Mar-31-2017 PM10  |   8.28 |   9.50 |  12.53 |   9.08 |I I 
14:17-Fri-Mar-31-2017 PM2.5 |   5.23 |   5.41 |   6.21 |   5.46 |I I 
14:18-Fri-Mar-31-2017 PM10  |   8.74 |   9.39 |  12.53 |   9.08 |I I 
14:18-Fri-Mar-31-2017 PM2.5 |   5.42 |   5.41 |   6.21 |   5.46 |I I 
14:23-Fri-Mar-31-2017 PM10  |   9.08 |   9.35 |  12.53 |   9.08 |I I 
14:23-Fri-Mar-31-2017 PM2.5 |   5.38 |   5.41 |   6.21 |   5.46 |I I 
14:24-Fri-Mar-31-2017 PM10  |   8.02 |   9.21 |  12.53 |   9.08 |I I 
14:24-Fri-Mar-31-2017 PM2.5 |   4.91 |   5.35 |   6.21 |   5.46 |I I 
14:28-Fri-Mar-31-2017 PM10  |   8.89 |   9.17 |  12.53 |   9.08 |I I 
14:28-Fri-Mar-31-2017 PM2.5 |   5.39 |   5.36 |   6.21 |   5.46 |I I 
14:29-Fri-Mar-31-2017 PM10  |   8.50 |   9.11 |  12.53 |   9.08 |I I 
14:29-Fri-Mar-31-2017 PM2.5 |   5.61 |   5.38 |   6.21 |   5.46 |I I 
14:33-Fri-Mar-31-2017 PM10  |   9.39 |   9.14 |  12.53 |   9.08 |I I 
14:33-Fri-Mar-31-2017 PM2.5 |   5.64 |   5.40 |   6.21 |   5.46 |I I 
14:34-Fri-Mar-31-2017 PM10  |   9.23 |   9.14 |  12.53 |   9.08 |I I 
14:34-Fri-Mar-31-2017 PM2.5 |   5.63 |   5.42 |   6.21 |   5.46 |I I 
14:38-Fri-Mar-31-2017 PM10  |  10.14 |   9.22 |  12.53 |   9.08 |I I 
14:38-Fri-Mar-31-2017 PM2.5 |   5.76 |   5.44 |   6.21 |   5.46 |I I 
14:39-Fri-Mar-31-2017 PM10  |   9.49 |   9.23 |  12.53 |   9.08 |I I 
14:39-Fri-Mar-31-2017 PM2.5 |   5.78 |   5.47 |   6.21 |   5.46 |I I 
14:43-Fri-Mar-31-2017 PM10  |  10.42 |   9.31 |  12.53 |   9.08 |I I 
14:43-Fri-Mar-31-2017 PM2.5 |   6.15 |   5.51 |   6.21 |   5.46 |I I 
14:44-Fri-Mar-31-2017 PM10  |   8.25 |   9.25 |  12.53 |   9.08 |I I 
14:44-Fri-Mar-31-2017 PM2.5 |   5.54 |   5.51 |   6.21 |   5.46 |I I 
14:45-Fri-Mar-31-2017 PM10  |   8.25 |   9.19 |  12.53 |   9.08 |I I 
14:45-Fri-Mar-31-2017 PM2.5 |   5.54 |   5.51 |   6.21 |   5.46 |I I 
14:49-Fri-Mar-31-2017 PM10  |   8.07 |   9.13 |  12.53 |   9.08 |I I 
14:49-Fri-Mar-31-2017 PM2.5 |   5.74 |   5.52 |   6.21 |   5.46 |I I 
14:50-Fri-Mar-31-2017 PM10  |   9.72 |   9.16 |  12.53 |   9.08 |I I 
14:50-Fri-Mar-31-2017 PM2.5 |   5.85 |   5.54 |   6.21 |   5.46 |I I 
14:54-Fri-Mar-31-2017 PM10  |   9.68 |   9.19 |  12.53 |   9.08 |I I 
14:54-Fri-Mar-31-2017 PM2.5 |   5.92 |   5.56 |   6.21 |   5.46 |I I 
14:55-Fri-Mar-31-2017 PM10  |   8.03 |   9.13 |  12.53 |   9.08 |I I 
14:55-Fri-Mar-31-2017 PM2.5 |   5.73 |   5.57 |   6.21 |   5.46 |I I 
14:59-Fri-Mar-31-2017 PM10  |   7.71 |   9.07 |  12.53 |   9.08 |I I 
14:59-Fri-Mar-31-2017 PM2.5 |   5.61 |   5.57 |   6.21 |   5.46 |I I 
15:00-Fri-Mar-31-2017 PM10  |  10.53 |   9.13 |  12.53 |   9.08 |I I 
15:00-Fri-Mar-31-2017 PM2.5 |   5.75 |   5.58 |   6.21 |   5.46 |I I 
15:04-Fri-Mar-31-2017 PM10  |   9.35 |   9.35 |  12.53 |   9.08 |I I 
15:04-Fri-Mar-31-2017 PM2.5 |   5.52 |   5.52 |   6.21 |   5.46 |I I 
15:05-Fri-Mar-31-2017 PM10  |   7.63 |   8.49 |  12.53 |   9.08 |I I 
15:05-Fri-Mar-31-2017 PM2.5 |   5.60 |   5.56 |   6.21 |   5.46 |I I 
15:09-Fri-Mar-31-2017 PM10  |  10.07 |   9.01 |  12.53 |   9.08 |I I 
15:09-Fri-Mar-31-2017 PM2.5 |   6.40 |   5.84 |   6.21 |   5.46 |I I 
15:10-Fri-Mar-31-2017 PM10  |  11.95 |   9.75 |  12.53 |   9.08 |I I 
15:10-Fri-Mar-31-2017 PM2.5 |   6.62 |   6.04 |   6.21 |   5.46 |I I 
15:11-Fri-Mar-31-2017 PM10  |  11.95 |  10.19 |  12.53 |   9.08 |I I 
15:11-Fri-Mar-31-2017 PM2.5 |   6.62 |   6.15 |   6.21 |   5.46 |I I 
15:15-Fri-Mar-31-2017 PM10  |  11.69 |  10.44 |  12.53 |   9.08 |I I 
15:15-Fri-Mar-31-2017 PM2.5 |   6.84 |   6.27 |   6.21 |   5.46 |I I 
15:16-Fri-Mar-31-2017 PM10  |  10.71 |  10.48 |  12.53 |   9.08 |I I 
15:16-Fri-Mar-31-2017 PM2.5 |   6.23 |   6.26 |   6.21 |   5.46 |I I 
15:20-Fri-Mar-31-2017 PM10  |   9.65 |  10.37 |  12.53 |   9.08 |I I 
15:20-Fri-Mar-31-2017 PM2.5 |   6.24 |   6.26 |   6.21 |   5.46 |I I 
15:21-Fri-Mar-31-2017 PM10  |  13.67 |  10.74 |  12.53 |   9.08 |I I 
15:21-Fri-Mar-31-2017 PM2.5 |   6.36 |   6.27 |   6.21 |   5.46 |I I 
15:25-Fri-Mar-31-2017 PM10  |  11.03 |  10.77 |  12.53 |   9.08 |I I 
15:25-Fri-Mar-31-2017 PM2.5 |   6.49 |   6.29 |   6.21 |   5.46 |I I 
15:26-Fri-Mar-31-2017 PM10  |   9.83 |  10.68 |  12.53 |   9.08 |I I 
15:26-Fri-Mar-31-2017 PM2.5 |   6.31 |   6.29 |   6.21 |   5.46 |I I 
15:30-Fri-Mar-31-2017 PM10  |  12.28 |  10.82 |  12.53 |   9.08 |I I 
15:30-Fri-Mar-31-2017 PM2.5 |   6.46 |   6.31 |   6.21 |   5.46 |I I 
15:31-Fri-Mar-31-2017 PM10  |  10.99 |  10.83 |  12.53 |   9.08 |I I 
15:31-Fri-Mar-31-2017 PM2.5 |   6.50 |   6.32 |   6.21 |   5.46 |I I 
15:35-Fri-Mar-31-2017 PM10  |  12.54 |  10.95 |  12.53 |   9.08 |I I 
15:35-Fri-Mar-31-2017 PM2.5 |   7.40 |   6.40 |   6.21 |   5.46 |I I 
15:36-Fri-Mar-31-2017 PM10  |  10.36 |  10.91 |  12.53 |   9.08 |I I 
15:36-Fri-Mar-31-2017 PM2.5 |   6.48 |   6.40 |   6.21 |   5.46 |I I 
15:40-Fri-Mar-31-2017 PM10  |  10.78 |  10.90 |  12.53 |   9.08 |I I 
15:40-Fri-Mar-31-2017 PM2.5 |   6.25 |   6.39 |   6.21 |   5.46 |I I 
15:41-Fri-Mar-31-2017 PM10  |  10.78 |  10.90 |  12.53 |   9.08 |I I 
15:41-Fri-Mar-31-2017 PM2.5 |   6.25 |   6.38 |   6.21 |   5.46 |I I 
15:42-Fri-Mar-31-2017 PM10  |  10.61 |  10.88 |  12.53 |   9.08 |I I 
15:42-Fri-Mar-31-2017 PM2.5 |   6.34 |   6.38 |   6.21 |   5.46 |I I 
15:46-Fri-Mar-31-2017 PM10  |  12.11 |  10.95 |  12.53 |   9.08 |I I 
15:46-Fri-Mar-31-2017 PM2.5 |   6.38 |   6.38 |   6.21 |   5.46 |I I 
15:47-Fri-Mar-31-2017 PM10  |   9.88 |  10.89 |  12.53 |   9.08 |I I 
15:47-Fri-Mar-31-2017 PM2.5 |   6.26 |   6.38 |   6.21 |   5.46 |I I 
15:51-Fri-Mar-31-2017 PM10  |  11.52 |  10.92 |  12.53 |   9.08 |I I 
15:51-Fri-Mar-31-2017 PM2.5 |   6.55 |   6.38 |   6.21 |   5.46 |I I 
15:52-Fri-Mar-31-2017 PM10  |   9.74 |  10.87 |  12.53 |   9.08 |I I 
15:52-Fri-Mar-31-2017 PM2.5 |   6.24 |   6.38 |   6.21 |   5.46 |I I 
15:56-Fri-Mar-31-2017 PM10  |  11.36 |  10.89 |  12.53 |   9.08 |I I 
15:56-Fri-Mar-31-2017 PM2.5 |   6.62 |   6.39 |   6.21 |   5.46 |I I 
15:57-Fri-Mar-31-2017 PM10  |  11.19 |  10.90 |  12.53 |   9.08 |I I 
15:57-Fri-Mar-31-2017 PM2.5 |   5.97 |   6.37 |   6.21 |   5.46 |I I 
16:01-Fri-Mar-31-2017 PM10  |   9.21 |  10.83 |  12.53 |   9.08 |I I 
16:01-Fri-Mar-31-2017 PM2.5 |   6.28 |   6.37 |   6.37 |   5.46 |I I 
16:02-Fri-Mar-31-2017 PM10  |  11.52 |  11.52 |  12.53 |   9.08 |I I 
16:02-Fri-Mar-31-2017 PM2.5 |   6.16 |   6.16 |   6.37 |   5.46 |I I 
16:06-Fri-Mar-31-2017 PM10  |  11.15 |  11.34 |  12.53 |   9.08 |I I 
16:06-Fri-Mar-31-2017 PM2.5 |   6.12 |   6.14 |   6.37 |   5.46 |I I 
16:07-Fri-Mar-31-2017 PM10  |  11.15 |  11.27 |  12.53 |   9.08 |I I 
16:07-Fri-Mar-31-2017 PM2.5 |   6.12 |   6.14 |   6.37 |   5.46 |I I 
16:08-Fri-Mar-31-2017 PM10  |   9.88 |  10.93 |  12.53 |   9.08 |I I 
16:08-Fri-Mar-31-2017 PM2.5 |   6.19 |   6.15 |   6.37 |   5.46 |I I 
16:12-Fri-Mar-31-2017 PM10  |  11.04 |  10.95 |  12.53 |   9.08 |I I 
16:12-Fri-Mar-31-2017 PM2.5 |   6.35 |   6.19 |   6.37 |   5.46 |I I 
16:13-Fri-Mar-31-2017 PM10  |   9.18 |  10.65 |  12.53 |   9.08 |I I 
16:13-Fri-Mar-31-2017 PM2.5 |   6.13 |   6.18 |   6.37 |   5.46 |I I 
16:17-Fri-Mar-31-2017 PM10  |  12.21 |  10.88 |  12.53 |   9.08 |I I 
16:17-Fri-Mar-31-2017 PM2.5 |   6.64 |   6.25 |   6.37 |   5.46 |I I 
16:18-Fri-Mar-31-2017 PM10  |  10.18 |  10.79 |  12.53 |   9.08 |I I 
16:18-Fri-Mar-31-2017 PM2.5 |   5.85 |   6.20 |   6.37 |   5.46 |I I 
16:22-Fri-Mar-31-2017 PM10  |  10.09 |  10.71 |  12.53 |   9.08 |I I 
16:22-Fri-Mar-31-2017 PM2.5 |   6.11 |   6.19 |   6.37 |   5.46 |I I 
16:23-Fri-Mar-31-2017 PM10  |  11.70 |  10.81 |  12.53 |   9.08 |I I 
16:23-Fri-Mar-31-2017 PM2.5 |   5.88 |   6.16 |   6.37 |   5.46 |I I 
16:27-Fri-Mar-31-2017 PM10  |  11.12 |  10.84 |  12.53 |   9.08 |I I 
16:27-Fri-Mar-31-2017 PM2.5 |   6.27 |   6.17 |   6.37 |   5.46 |I I 
16:28-Fri-Mar-31-2017 PM10  |  12.26 |  10.96 |  12.53 |   9.08 |I I 
16:28-Fri-Mar-31-2017 PM2.5 |   6.18 |   6.17 |   6.37 |   5.46 |I I 
16:32-Fri-Mar-31-2017 PM10  |  11.48 |  11.00 |  12.53 |   9.08 |I I 
16:32-Fri-Mar-31-2017 PM2.5 |   6.28 |   6.18 |   6.37 |   5.46 |I I 
16:33-Fri-Mar-31-2017 PM10  |  11.48 |  11.03 |  12.53 |   9.08 |I I 
16:33-Fri-Mar-31-2017 PM2.5 |   6.28 |   6.18 |   6.37 |   5.46 |I I 
16:34-Fri-Mar-31-2017 PM10  |  10.39 |  10.99 |  12.53 |   9.08 |I I 
16:34-Fri-Mar-31-2017 PM2.5 |   5.90 |   6.17 |   6.37 |   5.46 |I I 
16:38-Fri-Mar-31-2017 PM10  |  11.19 |  11.00 |  12.53 |   9.08 |I I 
16:38-Fri-Mar-31-2017 PM2.5 |   6.23 |   6.17 |   6.37 |   5.46 |I I 
16:39-Fri-Mar-31-2017 PM10  |  11.36 |  11.02 |  12.53 |   9.08 |I I 
16:39-Fri-Mar-31-2017 PM2.5 |   6.49 |   6.19 |   6.37 |   5.46 |I I 
16:43-Fri-Mar-31-2017 PM10  |  11.89 |  11.07 |  12.53 |   9.08 |I I 
16:43-Fri-Mar-31-2017 PM2.5 |   6.53 |   6.21 |   6.37 |   5.46 |I I 
16:45-Fri-Mar-31-2017 PM10  |  10.11 |  11.02 |  12.53 |   9.08 |I I 
16:45-Fri-Mar-31-2017 PM2.5 |   5.90 |   6.19 |   6.37 |   5.46 |I I 
16:49-Fri-Mar-31-2017 PM10  |  11.50 |  11.05 |  12.53 |   9.08 |I I 
16:49-Fri-Mar-31-2017 PM2.5 |   6.34 |   6.20 |   6.37 |   5.46 |I I 
16:50-Fri-Mar-31-2017 PM10  |  11.50 |  11.07 |  12.53 |   9.08 |I I 
16:50-Fri-Mar-31-2017 PM2.5 |   6.07 |   6.19 |   6.37 |   5.46 |I I 
16:54-Fri-Mar-31-2017 PM10  |  11.62 |  11.09 |  12.53 |   9.08 |I I 
16:54-Fri-Mar-31-2017 PM2.5 |   6.46 |   6.20 |   6.37 |   5.46 |I I 
16:55-Fri-Mar-31-2017 PM10  |   9.99 |  11.04 |  12.53 |   9.08 |I I 
16:55-Fri-Mar-31-2017 PM2.5 |   5.95 |   6.19 |   6.37 |   5.46 |I I 
16:59-Fri-Mar-31-2017 PM10  |  11.17 |  11.05 |  12.53 |   9.08 |I I 
16:59-Fri-Mar-31-2017 PM2.5 |   6.34 |   6.20 |   6.37 |   5.46 |I I 
17:00-Fri-Mar-31-2017 PM10  |  12.29 |  11.10 |  12.53 |   9.08 |I I 
17:00-Fri-Mar-31-2017 PM2.5 |   6.02 |   6.19 |   6.37 |   5.46 |I I 
17:01-Fri-Mar-31-2017 PM10  |  12.29 |  12.29 |  12.53 |   9.08 |I I 
17:01-Fri-Mar-31-2017 PM2.5 |   6.02 |   6.02 |   6.37 |   5.46 |I I 
17:05-Fri-Mar-31-2017 PM10  |  10.00 |  11.15 |  12.53 |   9.08 |I I 
17:05-Fri-Mar-31-2017 PM2.5 |   5.94 |   5.98 |   6.37 |   5.46 |I I 
17:06-Fri-Mar-31-2017 PM10  |  10.20 |  10.83 |  12.53 |   9.08 |I I 
17:06-Fri-Mar-31-2017 PM2.5 |   6.17 |   6.05 |   6.37 |   5.46 |I I 
17:10-Fri-Mar-31-2017 PM10  |  10.81 |  10.83 |  12.53 |   9.08 |I I 
17:10-Fri-Mar-31-2017 PM2.5 |   6.02 |   6.04 |   6.37 |   5.46 |I I 
17:11-Fri-Mar-31-2017 PM10  |  11.48 |  10.96 |  12.53 |   9.08 |I I 
17:11-Fri-Mar-31-2017 PM2.5 |   6.20 |   6.07 |   6.37 |   5.46 |I I 
17:15-Fri-Mar-31-2017 PM10  |   9.82 |  10.77 |  12.53 |   9.08 |I I 
17:15-Fri-Mar-31-2017 PM2.5 |   5.86 |   6.04 |   6.37 |   5.46 |I I 
17:16-Fri-Mar-31-2017 PM10  |  11.43 |  10.86 |  12.53 |   9.08 |I I 
17:16-Fri-Mar-31-2017 PM2.5 |   5.70 |   5.99 |   6.37 |   5.46 |I I 
17:20-Fri-Mar-31-2017 PM10  |   9.18 |  10.65 |  12.53 |   9.08 |I I 
17:20-Fri-Mar-31-2017 PM2.5 |   6.10 |   6.00 |   6.37 |   5.46 |I I 
17:21-Fri-Mar-31-2017 PM10  |   9.85 |  10.56 |  12.53 |   9.08 |I I 
17:21-Fri-Mar-31-2017 PM2.5 |   6.17 |   6.02 |   6.37 |   5.46 |I I 
17:25-Fri-Mar-31-2017 PM10  |   8.94 |  10.40 |  12.53 |   9.08 |I I 
17:25-Fri-Mar-31-2017 PM2.5 |   5.97 |   6.02 |   6.37 |   5.46 |I I 
17:26-Fri-Mar-31-2017 PM10  |  10.25 |  10.39 |  12.53 |   9.08 |I I 
17:26-Fri-Mar-31-2017 PM2.5 |   5.83 |   6.00 |   6.37 |   5.46 |I I 
17:27-Fri-Mar-31-2017 PM10  |  10.25 |  10.38 |  12.53 |   9.08 |I I 
17:27-Fri-Mar-31-2017 PM2.5 |   5.83 |   5.99 |   6.37 |   5.46 |I I 
17:31-Fri-Mar-31-2017 PM10  |  12.24 |  10.52 |  12.53 |   9.08 |I I 
17:31-Fri-Mar-31-2017 PM2.5 |   6.66 |   6.04 |   6.37 |   5.46 |I I 
17:32-Fri-Mar-31-2017 PM10  |  10.28 |  10.50 |  12.53 |   9.08 |I I 
17:32-Fri-Mar-31-2017 PM2.5 |   5.95 |   6.03 |   6.37 |   5.46 |I I 
17:36-Fri-Mar-31-2017 PM10  |  10.18 |  10.48 |  12.53 |   9.08 |I I 
17:36-Fri-Mar-31-2017 PM2.5 |   6.25 |   6.05 |   6.37 |   5.46 |I I 
17:37-Fri-Mar-31-2017 PM10  |  11.49 |  10.54 |  12.53 |   9.08 |I I 
17:37-Fri-Mar-31-2017 PM2.5 |   6.56 |   6.08 |   6.37 |   5.46 |I I 
17:41-Fri-Mar-31-2017 PM10  |  10.20 |  10.52 |  12.53 |   9.08 |I I 
17:41-Fri-Mar-31-2017 PM2.5 |   6.43 |   6.10 |   6.37 |   5.46 |I I 
17:42-Fri-Mar-31-2017 PM10  |  13.62 |  10.70 |  12.53 |   9.08 |I I 
17:42-Fri-Mar-31-2017 PM2.5 |   5.93 |   6.09 |   6.37 |   5.46 |I I 
17:46-Fri-Mar-31-2017 PM10  |  10.34 |  10.68 |  12.53 |   9.08 |I I 
17:46-Fri-Mar-31-2017 PM2.5 |   6.24 |   6.10 |   6.37 |   5.46 |I I 
17:47-Fri-Mar-31-2017 PM10  |  10.27 |  10.66 |  12.53 |   9.08 |I I 
17:47-Fri-Mar-31-2017 PM2.5 |   6.43 |   6.11 |   6.37 |   5.46 |I I 
17:51-Fri-Mar-31-2017 PM10  |  10.76 |  10.66 |  12.53 |   9.08 |I I 
17:51-Fri-Mar-31-2017 PM2.5 |   6.18 |   6.12 |   6.37 |   5.46 |I I 
17:52-Fri-Mar-31-2017 PM10  |  13.12 |  10.77 |  12.53 |   9.08 |I I 
17:52-Fri-Mar-31-2017 PM2.5 |   6.41 |   6.13 |   6.37 |   5.46 |I I 
17:53-Fri-Mar-31-2017 PM10  |  13.12 |  10.88 |  12.53 |   9.08 |I I 
17:53-Fri-Mar-31-2017 PM2.5 |   6.41 |   6.14 |   6.37 |   5.46 |I I 
17:57-Fri-Mar-31-2017 PM10  |  10.81 |  10.87 |  12.53 |   9.08 |I I 
17:57-Fri-Mar-31-2017 PM2.5 |   6.51 |   6.16 |   6.37 |   5.46 |I I 
17:58-Fri-Mar-31-2017 PM10  |  14.56 |  11.02 |  12.53 |   9.08 |I I 
17:58-Fri-Mar-31-2017 PM2.5 |   6.83 |   6.18 |   6.37 |   5.46 |I I 
18:02-Fri-Mar-31-2017 PM10  |  10.30 |  10.99 |  12.53 |   9.08 |I I 
18:02-Fri-Mar-31-2017 PM2.5 |   6.68 |   6.20 |   6.37 |   5.46 |I I 
18:03-Fri-Mar-31-2017 PM10  |  12.33 |  12.33 |  12.53 |   9.08 |I I 
18:03-Fri-Mar-31-2017 PM2.5 |   6.57 |   6.57 |   6.37 |   5.46 |I I 
18:07-Fri-Mar-31-2017 PM10  |  11.93 |  12.13 |  12.53 |   9.08 |I I 
18:07-Fri-Mar-31-2017 PM2.5 |   6.45 |   6.51 |   6.37 |   5.46 |I I 
18:08-Fri-Mar-31-2017 PM10  |  13.47 |  12.58 |  12.53 |   9.08 |I I 
18:08-Fri-Mar-31-2017 PM2.5 |   6.87 |   6.63 |   6.37 |   5.46 |I I 
18:12-Fri-Mar-31-2017 PM10  |  10.42 |  12.04 |  12.53 |   9.08 |I I 
18:12-Fri-Mar-31-2017 PM2.5 |   6.61 |   6.63 |   6.37 |   5.46 |I I 
18:13-Fri-Mar-31-2017 PM10  |  12.03 |  12.04 |  12.53 |   9.08 |I I 
18:13-Fri-Mar-31-2017 PM2.5 |   6.71 |   6.64 |   6.37 |   5.46 |I I 
18:17-Fri-Mar-31-2017 PM10  |  14.68 |  12.48 |  12.53 |   9.08 |I I 
18:17-Fri-Mar-31-2017 PM2.5 |   7.02 |   6.71 |   6.37 |   5.46 |I I 
18:18-Fri-Mar-31-2017 PM10  |  12.82 |  12.52 |  12.53 |   9.08 |I I 
18:18-Fri-Mar-31-2017 PM2.5 |   7.24 |   6.78 |   6.37 |   5.46 |I I 
18:19-Fri-Mar-31-2017 PM10  |  12.82 |  12.56 |  12.53 |   9.08 |I I 
18:19-Fri-Mar-31-2017 PM2.5 |   7.24 |   6.84 |   6.37 |   5.46 |I I 
18:23-Fri-Mar-31-2017 PM10  |  11.60 |  12.45 |  12.53 |   9.08 |I I 
18:23-Fri-Mar-31-2017 PM2.5 |   7.30 |   6.89 |   6.37 |   5.46 |I I 
18:24-Fri-Mar-31-2017 PM10  |  12.74 |  12.48 |  12.53 |   9.08 |I I 
18:24-Fri-Mar-31-2017 PM2.5 |   6.85 |   6.89 |   6.37 |   5.46 |I I 
18:28-Fri-Mar-31-2017 PM10  |  14.64 |  12.68 |  12.53 |   9.08 |I I 
18:28-Fri-Mar-31-2017 PM2.5 |   7.61 |   6.95 |   6.37 |   5.46 |I I 
18:29-Fri-Mar-31-2017 PM10  |  13.28 |  12.73 |  12.53 |   9.08 |I I 
18:29-Fri-Mar-31-2017 PM2.5 |   7.60 |   7.01 |   6.37 |   5.46 |I I 
18:33-Fri-Mar-31-2017 PM10  |  14.08 |  12.83 |  12.53 |   9.08 |I I 
18:33-Fri-Mar-31-2017 PM2.5 |   7.50 |   7.04 |   6.37 |   5.46 |I I 
18:34-Fri-Mar-31-2017 PM10  |  14.61 |  12.96 |  12.53 |   9.08 |I I 
18:34-Fri-Mar-31-2017 PM2.5 |   7.01 |   7.04 |   6.37 |   5.46 |I I 
18:38-Fri-Mar-31-2017 PM10  |  13.15 |  12.97 |  12.53 |   9.08 |I I 
18:38-Fri-Mar-31-2017 PM2.5 |   7.21 |   7.05 |   6.37 |   5.46 |I I 
18:39-Fri-Mar-31-2017 PM10  |  13.54 |  13.01 |  12.53 |   9.08 |I I 
18:39-Fri-Mar-31-2017 PM2.5 |   7.55 |   7.08 |   6.37 |   5.46 |I I 
18:43-Fri-Mar-31-2017 PM10  |  13.84 |  13.06 |  12.53 |   9.08 |I I 
18:43-Fri-Mar-31-2017 PM2.5 |   7.52 |   7.11 |   6.37 |   5.46 |I I 
18:44-Fri-Mar-31-2017 PM10  |  13.32 |  13.07 |  12.53 |   9.08 |I I 
18:44-Fri-Mar-31-2017 PM2.5 |   7.31 |   7.12 |   6.37 |   5.46 |I I 
18:45-Fri-Mar-31-2017 PM10  |  13.32 |  13.08 |  12.53 |   9.08 |I I 
18:45-Fri-Mar-31-2017 PM2.5 |   7.31 |   7.13 |   6.37 |   5.46 |I I 
18:49-Fri-Mar-31-2017 PM10  |  13.61 |  13.11 |  12.53 |   9.08 |I I 
18:49-Fri-Mar-31-2017 PM2.5 |   7.32 |   7.14 |   6.37 |   5.46 |I I 
18:50-Fri-Mar-31-2017 PM10  |  17.69 |  13.33 |  12.53 |   9.08 |I I 
18:50-Fri-Mar-31-2017 PM2.5 |   7.62 |   7.16 |   6.37 |   5.46 |I I 
18:54-Fri-Mar-31-2017 PM10  |  15.77 |  13.44 |  12.53 |   9.08 |I I 
18:54-Fri-Mar-31-2017 PM2.5 |   7.94 |   7.20 |   6.37 |   5.46 |I I 
18:55-Fri-Mar-31-2017 PM10  |  13.84 |  13.46 |  12.53 |   9.08 |I I 
18:55-Fri-Mar-31-2017 PM2.5 |   7.43 |   7.21 |   6.37 |   5.46 |I I 
18:59-Fri-Mar-31-2017 PM10  |  15.28 |  13.53 |  12.53 |   9.08 |I I 
18:59-Fri-Mar-31-2017 PM2.5 |   7.98 |   7.24 |   6.37 |   5.46 |I I 
19:00-Fri-Mar-31-2017 PM10  |  15.43 |  13.61 |  13.61 |   9.08 |I I 
19:00-Fri-Mar-31-2017 PM2.5 |   7.79 |   7.26 |   7.26 |   5.46 |I I 
19:04-Fri-Mar-31-2017 PM10  |  14.19 |  14.19 |  13.61 |   9.08 |I I 
19:04-Fri-Mar-31-2017 PM2.5 |   8.16 |   8.16 |   7.26 |   5.46 |I I 
19:05-Fri-Mar-31-2017 PM10  |  19.13 |  16.66 |  13.61 |   9.08 |I I 
19:05-Fri-Mar-31-2017 PM2.5 |   8.79 |   8.48 |   7.26 |   5.46 |I I 
19:09-Fri-Mar-31-2017 PM10  |  19.90 |  17.74 |  13.61 |   9.08 |I I 
19:09-Fri-Mar-31-2017 PM2.5 |   8.37 |   8.44 |   7.26 |   5.46 |I I 
19:10-Fri-Mar-31-2017 PM10  |  16.17 |  17.35 |  13.61 |   9.08 |I I 
19:10-Fri-Mar-31-2017 PM2.5 |   7.61 |   8.23 |   7.26 |   5.46 |I I 
19:11-Fri-Mar-31-2017 PM10  |  16.17 |  17.11 |  13.61 |   9.08 |I I 
19:11-Fri-Mar-31-2017 PM2.5 |   7.61 |   8.11 |   7.26 |   5.46 |I I 
19:15-Fri-Mar-31-2017 PM10  |  16.99 |  17.09 |  13.61 |   9.08 |I I 
19:15-Fri-Mar-31-2017 PM2.5 |   8.13 |   8.11 |   7.26 |   5.46 |I I 
19:16-Fri-Mar-31-2017 PM10  |  14.68 |  16.75 |  13.61 |   9.08 |I I 
19:16-Fri-Mar-31-2017 PM2.5 |   8.03 |   8.10 |   7.26 |   5.46 |I I 
19:20-Fri-Mar-31-2017 PM10  |  16.13 |  16.67 |  13.61 |   9.08 |I I 
19:20-Fri-Mar-31-2017 PM2.5 |   8.52 |   8.15 |   7.26 |   5.46 |I I 
19:21-Fri-Mar-31-2017 PM10  |  16.83 |  16.69 |  13.61 |   9.08 |I I 
19:21-Fri-Mar-31-2017 PM2.5 |   7.96 |   8.13 |   7.26 |   5.46 |I I 
19:25-Fri-Mar-31-2017 PM10  |  14.58 |  16.48 |  13.61 |   9.08 |I I 
19:25-Fri-Mar-31-2017 PM2.5 |   8.23 |   8.14 |   7.26 |   5.46 |I I 
19:26-Fri-Mar-31-2017 PM10  |  17.18 |  16.54 |  13.61 |   9.08 |I I 
19:26-Fri-Mar-31-2017 PM2.5 |   8.49 |   8.17 |   7.26 |   5.46 |I I 
19:30-Fri-Mar-31-2017 PM10  |  14.34 |  16.36 |  13.61 |   9.08 |I I 
19:30-Fri-Mar-31-2017 PM2.5 |   7.98 |   8.16 |   7.26 |   5.46 |I I 
19:31-Fri-Mar-31-2017 PM10  |  12.64 |  16.07 |  13.61 |   9.08 |I I 
19:31-Fri-Mar-31-2017 PM2.5 |   7.80 |   8.13 |   7.26 |   5.46 |I I 
19:35-Fri-Mar-31-2017 PM10  |  16.18 |  16.08 |  13.61 |   9.08 |I I 
19:35-Fri-Mar-31-2017 PM2.5 |   8.39 |   8.15 |   7.26 |   5.46 |I I 
19:36-Fri-Mar-31-2017 PM10  |  15.35 |  16.03 |  13.61 |   9.08 |I I 
19:36-Fri-Mar-31-2017 PM2.5 |   8.01 |   8.14 |   7.26 |   5.46 |I I 
19:37-Fri-Mar-31-2017 PM10  |  15.35 |  15.99 |  13.61 |   9.08 |I I 
19:37-Fri-Mar-31-2017 PM2.5 |   8.01 |   8.13 |   7.26 |   5.46 |I I 
19:41-Fri-Mar-31-2017 PM10  |  14.62 |  15.91 |  13.61 |   9.08 |I I 
19:41-Fri-Mar-31-2017 PM2.5 |   8.09 |   8.13 |   7.26 |   5.46 |I I 
19:42-Fri-Mar-31-2017 PM10  |  17.29 |  15.98 |  13.61 |   9.08 |I I 
19:42-Fri-Mar-31-2017 PM2.5 |   8.90 |   8.17 |   7.26 |   5.46 |I I 
19:47-Fri-Mar-31-2017 PM10  |  17.71 |  16.08 |  13.61 |   9.08 |I I 
19:47-Fri-Mar-31-2017 PM2.5 |   9.19 |   8.23 |   7.26 |   5.46 |I I 
19:48-Fri-Mar-31-2017 PM10  |  17.53 |  16.15 |  13.61 |   9.08 |I I 
19:48-Fri-Mar-31-2017 PM2.5 |   8.56 |   8.24 |   7.26 |   5.46 |I I 
19:52-Fri-Mar-31-2017 PM10  |  21.08 |  16.38 |  13.61 |   9.08 |I I 
19:52-Fri-Mar-31-2017 PM2.5 |   8.38 |   8.25 |   7.26 |   5.46 |I I 
19:53-Fri-Mar-31-2017 PM10  |  13.66 |  16.26 |  13.61 |   9.08 |I I 
19:53-Fri-Mar-31-2017 PM2.5 |   7.92 |   8.23 |   7.26 |   5.46 |I I 
19:57-Fri-Mar-31-2017 PM10  |  17.56 |  16.32 |  13.61 |   9.08 |I I 
19:57-Fri-Mar-31-2017 PM2.5 |   8.79 |   8.26 |   7.26 |   5.46 |I I 
19:58-Fri-Mar-31-2017 PM10  |  19.35 |  16.44 |  13.61 |   9.08 |I I 
19:58-Fri-Mar-31-2017 PM2.5 |   8.20 |   8.26 |   7.26 |   5.46 |I I 
20:02-Fri-Mar-31-2017 PM10  |  15.89 |  16.42 |  16.42 |   9.08 |I I 
20:02-Fri-Mar-31-2017 PM2.5 |   8.29 |   8.26 |   8.26 |   5.46 |I I 
20:03-Fri-Mar-31-2017 PM10  |  14.09 |  14.09 |  16.42 |   9.08 |I I 
20:03-Fri-Mar-31-2017 PM2.5 |   8.01 |   8.01 |   8.26 |   5.46 |I I 
20:04-Fri-Mar-31-2017 PM10  |  14.09 |  14.09 |  16.42 |   9.08 |I I 
20:04-Fri-Mar-31-2017 PM2.5 |   8.01 |   8.01 |   8.26 |   5.46 |I I 
20:07-Fri-Mar-31-2017 PM10  |  13.22 |  13.80 |  16.42 |   9.08 |I I 
20:07-Fri-Mar-31-2017 PM2.5 |   8.36 |   8.13 |   8.26 |   5.46 |I I 
20:08-Fri-Mar-31-2017 PM10  |  13.22 |  13.66 |  16.42 |   9.08 |I I 
20:08-Fri-Mar-31-2017 PM2.5 |   8.36 |   8.19 |   8.26 |   5.46 |I I 
20:09-Fri-Mar-31-2017 PM10  |  14.15 |  13.75 |  16.42 |   9.08 |I I 
20:09-Fri-Mar-31-2017 PM2.5 |   7.97 |   8.14 |   8.26 |   5.46 |I I 
20:13-Fri-Mar-31-2017 PM10  |  14.80 |  13.93 |  16.42 |   9.08 |I I 
20:13-Fri-Mar-31-2017 PM2.5 |   8.60 |   8.22 |   8.26 |   5.46 |I I 
20:14-Fri-Mar-31-2017 PM10  |  13.59 |  13.88 |  16.42 |   9.08 |I I 
20:14-Fri-Mar-31-2017 PM2.5 |   7.92 |   8.18 |   8.26 |   5.46 |I I 
20:18-Fri-Mar-31-2017 PM10  |  14.00 |  13.90 |  16.42 |   9.08 |I I 
20:18-Fri-Mar-31-2017 PM2.5 |   8.33 |   8.20 |   8.26 |   5.46 |I I 
20:19-Fri-Mar-31-2017 PM10  |  14.20 |  13.93 |  16.42 |   9.08 |I I 
20:19-Fri-Mar-31-2017 PM2.5 |   8.01 |   8.17 |   8.26 |   5.46 |I I 
20:23-Fri-Mar-31-2017 PM10  |  16.45 |  14.18 |  16.42 |   9.08 |I I 
20:23-Fri-Mar-31-2017 PM2.5 |   8.48 |   8.21 |   8.26 |   5.46 |I I 
20:24-Fri-Mar-31-2017 PM10  |  16.56 |  14.40 |  16.42 |   9.08 |I I 
20:24-Fri-Mar-31-2017 PM2.5 |   8.31 |   8.21 |   8.26 |   5.46 |I I 
20:28-Fri-Mar-31-2017 PM10  |  13.49 |  14.32 |  16.42 |   9.08 |I I 
20:28-Fri-Mar-31-2017 PM2.5 |   8.45 |   8.23 |   8.26 |   5.46 |I I 
20:29-Fri-Mar-31-2017 PM10  |  15.16 |  14.39 |  16.42 |   9.08 |I I 
20:29-Fri-Mar-31-2017 PM2.5 |   8.07 |   8.22 |   8.26 |   5.46 |I I 
20:30-Fri-Mar-31-2017 PM10  |  15.16 |  14.44 |  16.42 |   9.08 |I I 
20:30-Fri-Mar-31-2017 PM2.5 |   8.07 |   8.21 |   8.26 |   5.46 |I I 
20:33-Fri-Mar-31-2017 PM10  |  16.34 |  14.57 |  16.42 |   9.08 |I I 
20:33-Fri-Mar-31-2017 PM2.5 |   8.82 |   8.25 |   8.26 |   5.46 |I I 
20:34-Fri-Mar-31-2017 PM10  |  16.34 |  14.68 |  16.42 |   9.08 |I I 
20:34-Fri-Mar-31-2017 PM2.5 |   8.82 |   8.29 |   8.26 |   5.46 |I I 
20:35-Fri-Mar-31-2017 PM10  |  14.23 |  14.65 |  16.42 |   9.08 |I I 
20:35-Fri-Mar-31-2017 PM2.5 |   8.38 |   8.29 |   8.26 |   5.46 |I I 
20:39-Fri-Mar-31-2017 PM10  |  18.14 |  14.85 |  16.42 |   9.08 |I I 
20:39-Fri-Mar-31-2017 PM2.5 |   8.45 |   8.30 |   8.26 |   5.46 |I I 
20:40-Fri-Mar-31-2017 PM10  |  18.10 |  15.02 |  16.42 |   9.08 |I I 
20:40-Fri-Mar-31-2017 PM2.5 |   8.41 |   8.31 |   8.26 |   5.46 |I I 
20:44-Fri-Mar-31-2017 PM10  |  17.96 |  15.16 |  16.42 |   9.08 |I I 
20:44-Fri-Mar-31-2017 PM2.5 |   8.32 |   8.31 |   8.26 |   5.46 |I I 
20:45-Fri-Mar-31-2017 PM10  |  19.65 |  15.38 |  16.42 |   9.08 |I B 
20:45-Fri-Mar-31-2017 PM2.5 |   8.59 |   8.32 |   8.26 |   5.46 |I B 
20:49-Fri-Mar-31-2017recover dati per host :92.223.147.77/nodered
20:49-Fri-Mar-31-2017 PM10  |  19.30 |  15.56 |  16.42 |   9.08 |I I 
20:49-Fri-Mar-31-2017 PM2.5 |   8.03 |   8.31 |   8.26 |   5.46 |I I 
20:50-Fri-Mar-31-2017 PM10  |  17.10 |  15.62 |  16.42 |   9.08 |I I 
20:50-Fri-Mar-31-2017 PM2.5 |   8.21 |   8.30 |   8.26 |   5.46 |I I 
20:54-Fri-Mar-31-2017 PM10  |  20.39 |  15.82 |  16.42 |   9.08 |I I 
20:54-Fri-Mar-31-2017 PM2.5 |   8.47 |   8.31 |   8.26 |   5.46 |I I 
20:55-Fri-Mar-31-2017 PM10  |  16.54 |  15.85 |  16.42 |   9.08 |I I 
20:55-Fri-Mar-31-2017 PM2.5 |   8.08 |   8.30 |   8.26 |   5.46 |I I 
20:59-Fri-Mar-31-2017 PM10  |  16.58 |  15.88 |  16.42 |   9.08 |I I 
20:59-Fri-Mar-31-2017 PM2.5 |   8.62 |   8.31 |   8.26 |   5.46 |I I 
21:00-Fri-Mar-31-2017 PM10  |  16.58 |  15.91 |  16.42 |   9.08 |I I 
21:00-Fri-Mar-31-2017 PM2.5 |   8.62 |   8.33 |   8.33 |   5.46 |I I 
21:01-Fri-Mar-31-2017 PM10  |  15.41 |  15.41 |  16.42 |   9.08 |I I 
21:01-Fri-Mar-31-2017 PM2.5 |   7.95 |   7.95 |   8.33 |   5.46 |I I 
21:05-Fri-Mar-31-2017 PM10  |  16.34 |  15.87 |  16.42 |   9.08 |I I 
21:05-Fri-Mar-31-2017 PM2.5 |   8.28 |   8.11 |   8.33 |   5.46 |I I 
21:06-Fri-Mar-31-2017 PM10  |  18.73 |  16.83 |  16.42 |   9.08 |I I 
21:06-Fri-Mar-31-2017 PM2.5 |   8.63 |   8.29 |   8.33 |   5.46 |I I 
21:10-Fri-Mar-31-2017 PM10  |  16.97 |  16.86 |  16.42 |   9.08 |I I 
21:10-Fri-Mar-31-2017 PM2.5 |   8.16 |   8.25 |   8.33 |   5.46 |I I 
21:11-Fri-Mar-31-2017 PM10  |  16.61 |  16.81 |  16.42 |   9.08 |I I 
21:11-Fri-Mar-31-2017 PM2.5 |   8.07 |   8.22 |   8.33 |   5.46 |I I 
21:15-Fri-Mar-31-2017 PM10  |  15.63 |  16.61 |  16.42 |   9.08 |I I 
21:15-Fri-Mar-31-2017 PM2.5 |   8.32 |   8.23 |   8.33 |   5.46 |I I 
21:16-Fri-Mar-31-2017 PM10  |  14.29 |  16.28 |  16.42 |   9.08 |I I 
21:16-Fri-Mar-31-2017 PM2.5 |   7.52 |   8.13 |   8.33 |   5.46 |I I 
21:20-Fri-Mar-31-2017 PM10  |  13.81 |  15.97 |  16.42 |   9.08 |I I 
21:20-Fri-Mar-31-2017 PM2.5 |   7.77 |   8.09 |   8.33 |   5.46 |I I 
21:21-Fri-Mar-31-2017 PM10  |  15.87 |  15.96 |  16.42 |   9.08 |I I 
21:21-Fri-Mar-31-2017 PM2.5 |   7.62 |   8.04 |   8.33 |   5.46 |I I 
21:25-Fri-Mar-31-2017 PM10  |  13.98 |  15.76 |  16.42 |   9.08 |I I 
21:25-Fri-Mar-31-2017 PM2.5 |   8.54 |   8.09 |   8.33 |   5.46 |I I 
21:26-Fri-Mar-31-2017 PM10  |  13.98 |  15.60 |  16.42 |   9.08 |I B 
21:26-Fri-Mar-31-2017 PM2.5 |   8.54 |   8.13 |   8.33 |   5.46 |I B 
21:27-Fri-Mar-31-2017recover dati per host :92.223.147.77/nodered
21:27-Fri-Mar-31-2017 PM10  |  15.50 |  15.59 |  16.42 |   9.08 |I I 
21:27-Fri-Mar-31-2017 PM2.5 |   8.46 |   8.16 |   8.33 |   5.46 |I I 
21:31-Fri-Mar-31-2017 PM10  |  18.76 |  15.84 |  16.42 |   9.08 |I I 
21:31-Fri-Mar-31-2017 PM2.5 |   9.24 |   8.24 |   8.33 |   5.46 |I I 
21:32-Fri-Mar-31-2017 PM10  |  18.18 |  16.00 |  16.42 |   9.08 |I I 
21:32-Fri-Mar-31-2017 PM2.5 |   8.21 |   8.24 |   8.33 |   5.46 |I I 
21:36-Fri-Mar-31-2017 PM10  |  14.37 |  15.89 |  16.42 |   9.08 |I I 
21:36-Fri-Mar-31-2017 PM2.5 |   8.19 |   8.23 |   8.33 |   5.46 |I I 
21:37-Fri-Mar-31-2017 PM10  |  12.88 |  15.71 |  16.42 |   9.08 |I I 
21:37-Fri-Mar-31-2017 PM2.5 |   7.46 |   8.18 |   8.33 |   5.46 |I I 
21:41-Fri-Mar-31-2017 PM10  |  15.18 |  15.68 |  16.42 |   9.08 |I I 
21:41-Fri-Mar-31-2017 PM2.5 |   8.36 |   8.20 |   8.33 |   5.46 |I I 
21:42-Fri-Mar-31-2017 PM10  |  14.56 |  15.61 |  16.42 |   9.08 |I I 
21:42-Fri-Mar-31-2017 PM2.5 |   7.98 |   8.18 |   8.33 |   5.46 |I I 
21:46-Fri-Mar-31-2017 PM10  |  13.25 |  15.49 |  16.42 |   9.08 |I I 
21:46-Fri-Mar-31-2017 PM2.5 |   8.13 |   8.18 |   8.33 |   5.46 |I I 
21:47-Fri-Mar-31-2017 PM10  |  13.54 |  15.39 |  16.42 |   9.08 |I I 
21:47-Fri-Mar-31-2017 PM2.5 |   7.43 |   8.14 |   8.33 |   5.46 |I I 
21:51-Fri-Mar-31-2017 PM10  |  18.04 |  15.52 |  16.42 |   9.08 |I I 
21:51-Fri-Mar-31-2017 PM2.5 |   8.05 |   8.14 |   8.33 |   5.46 |I I 
21:52-Fri-Mar-31-2017 PM10  |  18.04 |  15.63 |  16.42 |   9.08 |I I 
21:52-Fri-Mar-31-2017 PM2.5 |   8.05 |   8.13 |   8.33 |   5.46 |I I 
21:53-Fri-Mar-31-2017 PM10  |  14.52 |  15.58 |  16.42 |   9.08 |I B 
21:53-Fri-Mar-31-2017 PM2.5 |   7.68 |   8.11 |   8.33 |   5.46 |I B 
21:57-Fri-Mar-31-2017recover dati per host :92.223.147.77/nodered
21:57-Fri-Mar-31-2017 PM10  |  14.26 |  15.53 |  16.42 |   9.08 |I I 
21:57-Fri-Mar-31-2017 PM2.5 |   7.91 |   8.11 |   8.33 |   5.46 |I I 
21:58-Fri-Mar-31-2017 PM10  |  14.45 |  15.49 |  16.42 |   9.08 |I I 
21:58-Fri-Mar-31-2017 PM2.5 |   7.83 |   8.10 |   8.33 |   5.46 |I I 
22:02-Fri-Mar-31-2017 PM10  |  12.62 |  15.38 |  16.42 |   9.08 |I I 
22:02-Fri-Mar-31-2017 PM2.5 |   8.03 |   8.09 |   8.33 |   5.46 |I I 
22:03-Fri-Mar-31-2017 PM10  |  14.16 |  14.16 |  16.42 |   9.08 |I I 
22:03-Fri-Mar-31-2017 PM2.5 |   8.25 |   8.25 |   8.33 |   5.46 |I I 
22:07-Fri-Mar-31-2017 PM10  |  13.13 |  13.65 |  16.42 |   9.08 |I I 
22:07-Fri-Mar-31-2017 PM2.5 |   7.81 |   8.03 |   8.33 |   5.46 |I I 
22:08-Fri-Mar-31-2017 PM10  |  11.74 |  13.01 |  16.42 |   9.08 |I I 
22:08-Fri-Mar-31-2017 PM2.5 |   7.14 |   7.73 |   8.33 |   5.46 |I I 
22:12-Fri-Mar-31-2017 PM10  |  16.05 |  13.77 |  16.42 |   9.08 |I I 
22:12-Fri-Mar-31-2017 PM2.5 |   8.49 |   7.92 |   8.33 |   5.46 |I I 
22:13-Fri-Mar-31-2017 PM10  |  13.37 |  13.69 |  16.42 |   9.08 |I I 
22:13-Fri-Mar-31-2017 PM2.5 |   7.57 |   7.85 |   8.33 |   5.46 |I I 
22:17-Fri-Mar-31-2017 PM10  |  16.36 |  14.14 |  16.42 |   9.08 |I I 
22:17-Fri-Mar-31-2017 PM2.5 |   8.17 |   7.91 |   8.33 |   5.46 |I I 
22:18-Fri-Mar-31-2017 PM10  |  16.36 |  14.45 |  16.42 |   9.08 |I I 
22:18-Fri-Mar-31-2017 PM2.5 |   8.17 |   7.94 |   8.33 |   5.46 |I I 
22:19-Fri-Mar-31-2017 PM10  |  14.95 |  14.52 |  16.42 |   9.08 |I I 
22:19-Fri-Mar-31-2017 PM2.5 |   7.98 |   7.95 |   8.33 |   5.46 |I I 
22:23-Fri-Mar-31-2017 PM10  |  17.31 |  14.83 |  16.42 |   9.08 |I I 
22:23-Fri-Mar-31-2017 PM2.5 |   8.33 |   7.99 |   8.33 |   5.46 |I I 
22:24-Fri-Mar-31-2017 PM10  |  15.55 |  14.90 |  16.42 |   9.08 |I B 
22:24-Fri-Mar-31-2017 PM2.5 |   8.13 |   8.00 |   8.33 |   5.46 |I B 
22:28-Fri-Mar-31-2017recover dati per host :92.223.147.77/nodered
22:28-Fri-Mar-31-2017 PM10  |  15.62 |  14.96 |  16.42 |   9.08 |I I 
22:28-Fri-Mar-31-2017 PM2.5 |   7.86 |   7.99 |   8.33 |   5.46 |I I 
22:29-Fri-Mar-31-2017 PM10  |  14.53 |  14.93 |  16.42 |   9.08 |I I 
22:29-Fri-Mar-31-2017 PM2.5 |   7.97 |   7.99 |   8.33 |   5.46 |I I 
22:33-Fri-Mar-31-2017 PM10  |  13.55 |  14.82 |  16.42 |   9.08 |I I 
22:33-Fri-Mar-31-2017 PM2.5 |   8.30 |   8.01 |   8.33 |   5.46 |I I 
22:34-Fri-Mar-31-2017 PM10  |  15.23 |  14.85 |  16.42 |   9.08 |I I 
22:34-Fri-Mar-31-2017 PM2.5 |   8.54 |   8.05 |   8.33 |   5.46 |I I 
22:38-Fri-Mar-31-2017 PM10  |  14.10 |  14.80 |  16.42 |   9.08 |I I 
22:38-Fri-Mar-31-2017 PM2.5 |   8.10 |   8.05 |   8.33 |   5.46 |I I 
22:39-Fri-Mar-31-2017 PM10  |  13.24 |  14.70 |  16.42 |   9.08 |I I 
22:39-Fri-Mar-31-2017 PM2.5 |   7.74 |   8.03 |   8.33 |   5.46 |I I 
22:44-Fri-Mar-31-2017 PM10  |  16.64 |  14.82 |  16.42 |   9.08 |I I 
22:44-Fri-Mar-31-2017 PM2.5 |   8.51 |   8.06 |   8.33 |   5.46 |I I 
22:45-Fri-Mar-31-2017 PM10  |  16.64 |  14.92 |  16.42 |   9.08 |I I 
22:45-Fri-Mar-31-2017 PM2.5 |   8.51 |   8.09 |   8.33 |   5.46 |I I 
22:46-Fri-Mar-31-2017 PM10  |  17.21 |  15.04 |  16.42 |   9.08 |I I 
22:46-Fri-Mar-31-2017 PM2.5 |   8.18 |   8.09 |   8.33 |   5.46 |I I 
22:50-Fri-Mar-31-2017 PM10  |  12.30 |  14.90 |  16.42 |   9.08 |I I 
22:50-Fri-Mar-31-2017 PM2.5 |   7.99 |   8.09 |   8.33 |   5.46 |I I 
22:51-Fri-Mar-31-2017 PM10  |  14.57 |  14.89 |  16.42 |   9.08 |I I 
22:51-Fri-Mar-31-2017 PM2.5 |   7.90 |   8.08 |   8.33 |   5.46 |I I 
22:55-Fri-Mar-31-2017 PM10  |  15.34 |  14.91 |  16.42 |   9.08 |I I 
22:55-Fri-Mar-31-2017 PM2.5 |   8.23 |   8.09 |   8.33 |   5.46 |I I 
22:56-Fri-Mar-31-2017 PM10  |  15.17 |  14.92 |  16.42 |   9.08 |I I 
22:56-Fri-Mar-31-2017 PM2.5 |   7.77 |   8.07 |   8.33 |   5.46 |I I 
23:00-Fri-Mar-31-2017 PM10  |  14.82 |  14.91 |  16.42 |   9.08 |I I 
23:00-Fri-Mar-31-2017 PM2.5 |   8.19 |   8.08 |   8.33 |   5.46 |I I 
23:01-Fri-Mar-31-2017 PM10  |  17.72 |  17.72 |  16.42 |   9.08 |I I 
23:01-Fri-Mar-31-2017 PM2.5 |   8.32 |   8.32 |   8.33 |   5.46 |I I 
23:05-Fri-Mar-31-2017 PM10  |  13.50 |  15.61 |  16.42 |   9.08 |I I 
23:05-Fri-Mar-31-2017 PM2.5 |   8.19 |   8.25 |   8.33 |   5.46 |I I 
23:06-Fri-Mar-31-2017 PM10  |  14.12 |  15.11 |  16.42 |   9.08 |I I 
23:06-Fri-Mar-31-2017 PM2.5 |   7.64 |   8.05 |   8.33 |   5.46 |I I 
23:10-Fri-Mar-31-2017 PM10  |  17.38 |  15.68 |  16.42 |   9.08 |I I 
23:10-Fri-Mar-31-2017 PM2.5 |   8.52 |   8.17 |   8.33 |   5.46 |I I 
23:11-Fri-Mar-31-2017 PM10  |  17.38 |  16.02 |  16.42 |   9.08 |I I 
23:11-Fri-Mar-31-2017 PM2.5 |   8.52 |   8.24 |   8.33 |   5.46 |I I 
23:12-Fri-Mar-31-2017 PM10  |  14.81 |  15.82 |  16.42 |   9.08 |I I 
23:12-Fri-Mar-31-2017 PM2.5 |   7.86 |   8.17 |   8.33 |   5.46 |I I 
23:16-Fri-Mar-31-2017 PM10  |  12.95 |  15.41 |  16.42 |   9.08 |I I 
23:16-Fri-Mar-31-2017 PM2.5 |   7.87 |   8.13 |   8.33 |   5.46 |I I 
23:17-Fri-Mar-31-2017 PM10  |  13.14 |  15.12 |  16.42 |   9.08 |I I 
23:17-Fri-Mar-31-2017 PM2.5 |   8.35 |   8.16 |   8.33 |   5.46 |I I 
23:21-Fri-Mar-31-2017 PM10  |  11.60 |  14.73 |  16.42 |   9.08 |I I 
23:21-Fri-Mar-31-2017 PM2.5 |   7.80 |   8.12 |   8.33 |   5.46 |I I 
23:22-Fri-Mar-31-2017 PM10  |  11.24 |  14.38 |  16.42 |   9.08 |I I 
23:22-Fri-Mar-31-2017 PM2.5 |   7.79 |   8.08 |   8.33 |   5.46 |I I 
23:26-Fri-Mar-31-2017 PM10  |  13.13 |  14.27 |  16.42 |   9.08 |I I 
23:26-Fri-Mar-31-2017 PM2.5 |   7.56 |   8.04 |   8.33 |   5.46 |I I 
23:27-Fri-Mar-31-2017 PM10  |  14.10 |  14.25 |  16.42 |   9.08 |I I 
23:27-Fri-Mar-31-2017 PM2.5 |   7.77 |   8.01 |   8.33 |   5.46 |I I 
23:31-Fri-Mar-31-2017 PM10  |  12.47 |  14.12 |  16.42 |   9.08 |I I 
23:31-Fri-Mar-31-2017 PM2.5 |   8.19 |   8.03 |   8.33 |   5.46 |I I 
23:32-Fri-Mar-31-2017 PM10  |  14.67 |  14.16 |  16.42 |   9.08 |I I 
23:32-Fri-Mar-31-2017 PM2.5 |   7.87 |   8.02 |   8.33 |   5.46 |I I 
23:36-Fri-Mar-31-2017 PM10  |  14.53 |  14.18 |  16.42 |   9.08 |I I 
23:36-Fri-Mar-31-2017 PM2.5 |   8.34 |   8.04 |   8.33 |   5.46 |I I 
23:37-Fri-Mar-31-2017 PM10  |  14.53 |  14.20 |  16.42 |   9.08 |I I 
23:37-Fri-Mar-31-2017 PM2.5 |   8.34 |   8.06 |   8.33 |   5.46 |I I 
23:38-Fri-Mar-31-2017 PM10  |  14.61 |  14.23 |  16.42 |   9.08 |I I 
23:38-Fri-Mar-31-2017 PM2.5 |   8.05 |   8.06 |   8.33 |   5.46 |I I 
23:42-Fri-Mar-31-2017 PM10  |  14.79 |  14.26 |  16.42 |   9.08 |I I 
23:42-Fri-Mar-31-2017 PM2.5 |   8.01 |   8.05 |   8.33 |   5.46 |I I 
23:43-Fri-Mar-31-2017 PM10  |  12.67 |  14.17 |  16.42 |   9.08 |I I 
23:43-Fri-Mar-31-2017 PM2.5 |   7.83 |   8.04 |   8.33 |   5.46 |I I 
23:47-Fri-Mar-31-2017 PM10  |  15.93 |  14.26 |  16.42 |   9.08 |I I 
23:47-Fri-Mar-31-2017 PM2.5 |   8.29 |   8.05 |   8.33 |   5.46 |I I 
23:48-Fri-Mar-31-2017 PM10  |  14.89 |  14.29 |  16.42 |   9.08 |I I 
23:48-Fri-Mar-31-2017 PM2.5 |   8.33 |   8.07 |   8.33 |   5.46 |I I 
23:52-Fri-Mar-31-2017 PM10  |  12.28 |  14.20 |  16.42 |   9.08 |I I 
23:52-Fri-Mar-31-2017 PM2.5 |   7.81 |   8.06 |   8.33 |   5.46 |I I 
23:53-Fri-Mar-31-2017 PM10  |  11.96 |  14.10 |  16.42 |   9.08 |I I 
23:53-Fri-Mar-31-2017 PM2.5 |   7.50 |   8.03 |   8.33 |   5.46 |I I 
23:57-Fri-Mar-31-2017 PM10  |  12.35 |  14.03 |  16.42 |   9.08 |I I 
23:57-Fri-Mar-31-2017 PM2.5 |   8.22 |   8.04 |   8.33 |   5.46 |I I 
23:58-Fri-Mar-31-2017 PM10  |  12.97 |  13.99 |  16.42 |   9.08 |I I 
23:58-Fri-Mar-31-2017 PM2.5 |   7.54 |   8.02 |   8.33 |   5.46 |I I 
00:02-Sat-Apr-01-2017 PM10  |  12.27 |  13.92 |  16.42 |   9.08 |I I 
