[Fri Mar 10 00:00:36 2017] Report del giorno Friday March 10 2017 -- INVIATO a centraline@googlegroups.com
00:00-Fri-Mar-10-2017 PM2.5 |   5.64 |   5.33 |   5.59 |   3.54 |I I 
00:01-Fri-Mar-10-2017 PM10  |  12.99 |  12.99 |   0.00 |  2000.00|I I 
00:01-Fri-Mar-10-2017 PM2.5 |   5.17 |   5.17 |   0.00 |  2000.00|I I 
00:05-Fri-Mar-10-2017 PM10  |  11.51 |  12.25 |   0.00 |  2000.00|I I 
00:05-Fri-Mar-10-2017 PM2.5 |   5.48 |   5.33 |   0.00 |  2000.00|I I 
00:06-Fri-Mar-10-2017 PM10  |  10.09 |  11.53 |   0.00 |  2000.00|I I 
00:06-Fri-Mar-10-2017 PM2.5 |   5.37 |   5.34 |   0.00 |  2000.00|I I 
00:10-Fri-Mar-10-2017 PM10  |  11.26 |  11.46 |   0.00 |  2000.00|I I 
00:10-Fri-Mar-10-2017 PM2.5 |   5.37 |   5.35 |   0.00 |  2000.00|I I 
00:11-Fri-Mar-10-2017 PM10  |  12.79 |  11.73 |   0.00 |  2000.00|I I 
00:11-Fri-Mar-10-2017 PM2.5 |   5.03 |   5.28 |   0.00 |  2000.00|I I 
00:15-Fri-Mar-10-2017 PM10  |  10.40 |  11.51 |   0.00 |  2000.00|I I 
00:15-Fri-Mar-10-2017 PM2.5 |   5.10 |   5.25 |   0.00 |  2000.00|I I 
00:16-Fri-Mar-10-2017 PM10  |  10.87 |  11.41 |   0.00 |  2000.00|I I 
00:16-Fri-Mar-10-2017 PM2.5 |   4.94 |   5.21 |   0.00 |  2000.00|I I 
00:20-Fri-Mar-10-2017 PM10  |  10.78 |  11.33 |   0.00 |  2000.00|I I 
00:20-Fri-Mar-10-2017 PM2.5 |   5.13 |   5.20 |   0.00 |  2000.00|I I 
00:21-Fri-Mar-10-2017 PM10  |   9.75 |  11.16 |   0.00 |  2000.00|I I 
00:21-Fri-Mar-10-2017 PM2.5 |   4.98 |   5.17 |   0.00 |  2000.00|I I 
00:25-Fri-Mar-10-2017 PM10  |  10.55 |  11.10 |   0.00 |  2000.00|I I 
00:25-Fri-Mar-10-2017 PM2.5 |   5.44 |   5.20 |   0.00 |  2000.00|I I 
00:26-Fri-Mar-10-2017 PM10  |  10.12 |  11.01 |   0.00 |  2000.00|I I 
00:26-Fri-Mar-10-2017 PM2.5 |   4.93 |   5.18 |   0.00 |  2000.00|I I 
00:30-Fri-Mar-10-2017 PM10  |  10.57 |  10.97 |   0.00 |  2000.00|I I 
00:30-Fri-Mar-10-2017 PM2.5 |   5.06 |   5.17 |   0.00 |  2000.00|I I 
00:31-Fri-Mar-10-2017 PM10  |  10.57 |  10.94 |   0.00 |  2000.00|I I 
00:31-Fri-Mar-10-2017 PM2.5 |   5.06 |   5.16 |   0.00 |  2000.00|I I 
00:32-Fri-Mar-10-2017 PM10  |   9.95 |  10.87 |   0.00 |  2000.00|I I 
00:32-Fri-Mar-10-2017 PM2.5 |   5.04 |   5.15 |   0.00 |  2000.00|I I 
00:36-Fri-Mar-10-2017 PM10  |  12.12 |  10.95 |   0.00 |  2000.00|I I 
00:36-Fri-Mar-10-2017 PM2.5 |   5.22 |   5.15 |   0.00 |  2000.00|I I 
00:37-Fri-Mar-10-2017 PM10  |   9.28 |  10.85 |   0.00 |  2000.00|I I 
00:37-Fri-Mar-10-2017 PM2.5 |   4.99 |   5.14 |   0.00 |  2000.00|I I 
00:42-Fri-Mar-10-2017 PM10  |  12.54 |  10.95 |   0.00 |  2000.00|I I 
00:42-Fri-Mar-10-2017 PM2.5 |   5.03 |   5.14 |   0.00 |  2000.00|I I 
00:43-Fri-Mar-10-2017 PM10  |   8.62 |  10.82 |   0.00 |  2000.00|I I 
00:43-Fri-Mar-10-2017 PM2.5 |   5.07 |   5.13 |   0.00 |  2000.00|I I 
00:47-Fri-Mar-10-2017 PM10  |  10.25 |  10.79 |   0.00 |  2000.00|I I 
00:47-Fri-Mar-10-2017 PM2.5 |   5.35 |   5.14 |   0.00 |  2000.00|I I 
00:48-Fri-Mar-10-2017 PM10  |  10.68 |  10.78 |   0.00 |  2000.00|I I 
00:48-Fri-Mar-10-2017 PM2.5 |   5.28 |   5.15 |   0.00 |  2000.00|I I 
00:52-Fri-Mar-10-2017 PM10  |  10.53 |  10.77 |   0.00 |  2000.00|I I 
00:52-Fri-Mar-10-2017 PM2.5 |   5.20 |   5.15 |   0.00 |  2000.00|I I 
00:53-Fri-Mar-10-2017 PM10  |   8.81 |  10.68 |   0.00 |  2000.00|I I 
00:53-Fri-Mar-10-2017 PM2.5 |   4.93 |   5.14 |   0.00 |  2000.00|I I 
00:57-Fri-Mar-10-2017 PM10  |   9.66 |  10.64 |   0.00 |  2000.00|I I 
00:57-Fri-Mar-10-2017 PM2.5 |   5.66 |   5.17 |   0.00 |  2000.00|I I 
00:58-Fri-Mar-10-2017 PM10  |   9.95 |  10.61 |   0.00 |  2000.00|I I 
00:58-Fri-Mar-10-2017 PM2.5 |   5.02 |   5.16 |   0.00 |  2000.00|I I 
00:59-Fri-Mar-10-2017 PM10  |   9.95 |  10.58 |   0.00 |  2000.00|I I 
00:59-Fri-Mar-10-2017 PM2.5 |   5.02 |   5.15 |   0.00 |  2000.00|I I 
01:02-Fri-Mar-10-2017 PM10  |  10.77 |  10.59 |  10.59 |  10.59 |I I 
01:02-Fri-Mar-10-2017 PM2.5 |   5.16 |   5.15 |   5.15 |   5.15 |I I 
01:03-Fri-Mar-10-2017 PM10  |  10.77 |  10.77 |  10.59 |  10.59 |I I 
01:03-Fri-Mar-10-2017 PM2.5 |   5.16 |   5.16 |   5.15 |   5.15 |I I 
01:04-Fri-Mar-10-2017 PM10  |  11.26 |  11.02 |  10.59 |  10.59 |I I 
01:04-Fri-Mar-10-2017 PM2.5 |   5.07 |   5.12 |   5.15 |   5.15 |I I 
01:08-Fri-Mar-10-2017 PM10  |   9.08 |  10.37 |  10.59 |  10.59 |I I 
01:08-Fri-Mar-10-2017 PM2.5 |   4.85 |   5.03 |   5.15 |   5.15 |I I 
01:09-Fri-Mar-10-2017 PM10  |   8.65 |   9.94 |  10.59 |  10.59 |I I 
01:09-Fri-Mar-10-2017 PM2.5 |   4.84 |   4.98 |   5.15 |   5.15 |I I 
01:13-Fri-Mar-10-2017 PM10  |  10.00 |   9.95 |  10.59 |  10.59 |I I 
01:13-Fri-Mar-10-2017 PM2.5 |   5.16 |   5.02 |   5.15 |   5.15 |I I 
01:14-Fri-Mar-10-2017 PM10  |   8.81 |   9.76 |  10.59 |  10.59 |I I 
01:14-Fri-Mar-10-2017 PM2.5 |   4.81 |   4.98 |   5.15 |   5.15 |I I 
01:18-Fri-Mar-10-2017 PM10  |   9.36 |   9.70 |  10.59 |  10.59 |I I 
01:18-Fri-Mar-10-2017 PM2.5 |   5.21 |   5.02 |   5.15 |   5.15 |I I 
01:19-Fri-Mar-10-2017 PM10  |   9.24 |   9.65 |  10.59 |  10.59 |I I 
01:19-Fri-Mar-10-2017 PM2.5 |   5.33 |   5.06 |   5.15 |   5.15 |I I 
01:23-Fri-Mar-10-2017 PM10  |  11.14 |   9.81 |  10.59 |  10.59 |I I 
01:23-Fri-Mar-10-2017 PM2.5 |   5.65 |   5.12 |   5.15 |   5.15 |I I 
01:24-Fri-Mar-10-2017 PM10  |  10.57 |   9.89 |  10.59 |  10.59 |I I 
01:24-Fri-Mar-10-2017 PM2.5 |   5.22 |   5.13 |   5.15 |   5.15 |I I 
01:28-Fri-Mar-10-2017 PM10  |   9.43 |   9.85 |  10.59 |  10.59 |I I 
01:28-Fri-Mar-10-2017 PM2.5 |   5.33 |   5.15 |   5.15 |   5.15 |I I 
01:29-Fri-Mar-10-2017 PM10  |   8.19 |   9.71 |  10.59 |  10.59 |I I 
01:29-Fri-Mar-10-2017 PM2.5 |   4.92 |   5.13 |   5.15 |   5.15 |I I 
01:30-Fri-Mar-10-2017 PM10  |   8.19 |   9.59 |  10.59 |  10.59 |I I 
01:30-Fri-Mar-10-2017 PM2.5 |   4.92 |   5.11 |   5.15 |   5.15 |I I 
01:34-Fri-Mar-10-2017 PM10  |   8.07 |   9.48 |  10.59 |  10.59 |I I 
01:34-Fri-Mar-10-2017 PM2.5 |   4.91 |   5.10 |   5.15 |   5.15 |I I 
01:35-Fri-Mar-10-2017 PM10  |   9.60 |   9.49 |  10.59 |  10.59 |I I 
01:35-Fri-Mar-10-2017 PM2.5 |   4.96 |   5.09 |   5.15 |   5.15 |I I 
01:39-Fri-Mar-10-2017 PM10  |   9.63 |   9.50 |  10.59 |  10.59 |I I 
01:39-Fri-Mar-10-2017 PM2.5 |   5.35 |   5.11 |   5.15 |   5.15 |I I 
01:40-Fri-Mar-10-2017 PM10  |   8.86 |   9.46 |  10.59 |  10.59 |I I 
01:40-Fri-Mar-10-2017 PM2.5 |   4.90 |   5.09 |   5.15 |   5.15 |I I 
01:44-Fri-Mar-10-2017 PM10  |   9.65 |   9.47 |  10.59 |  10.59 |I I 
01:44-Fri-Mar-10-2017 PM2.5 |   5.26 |   5.10 |   5.15 |   5.15 |I I 
01:45-Fri-Mar-10-2017 PM10  |   9.57 |   9.48 |  10.59 |  10.59 |I I 
01:45-Fri-Mar-10-2017 PM2.5 |   5.38 |   5.12 |   5.15 |   5.15 |I I 
01:49-Fri-Mar-10-2017 PM10  |   9.54 |   9.48 |  10.59 |  10.59 |I I 
01:49-Fri-Mar-10-2017 PM2.5 |   5.56 |   5.14 |   5.15 |   5.15 |I I 
01:50-Fri-Mar-10-2017 PM10  |   9.29 |   9.47 |  10.59 |  10.59 |I I 
01:50-Fri-Mar-10-2017 PM2.5 |   5.25 |   5.15 |   5.15 |   5.15 |I I 
01:54-Fri-Mar-10-2017 PM10  |  10.03 |   9.50 |  10.59 |  10.59 |I I 
01:54-Fri-Mar-10-2017 PM2.5 |   5.46 |   5.16 |   5.15 |   5.15 |I I 
01:55-Fri-Mar-10-2017 PM10  |  11.23 |   9.57 |  10.59 |  10.59 |I I 
01:55-Fri-Mar-10-2017 PM2.5 |   5.58 |   5.18 |   5.15 |   5.15 |I I 
01:59-Fri-Mar-10-2017 PM10  |  10.82 |   9.62 |  10.59 |  10.59 |I I 
01:59-Fri-Mar-10-2017 PM2.5 |   5.21 |   5.18 |   5.15 |   5.15 |I I 
02:00-Fri-Mar-10-2017 PM10  |  10.82 |   9.67 |  10.59 |   9.67 |I I 
02:00-Fri-Mar-10-2017 PM2.5 |   5.21 |   5.18 |   5.18 |   5.15 |I I 
02:01-Fri-Mar-10-2017 PM10  |   9.13 |   9.13 |  10.59 |   9.67 |I I 
02:01-Fri-Mar-10-2017 PM2.5 |   4.94 |   4.94 |   5.18 |   5.15 |I I 
02:05-Fri-Mar-10-2017 PM10  |   8.25 |   8.69 |  10.59 |   9.67 |I I 
02:05-Fri-Mar-10-2017 PM2.5 |   5.02 |   4.98 |   5.18 |   5.15 |I I 
02:06-Fri-Mar-10-2017 PM10  |   9.94 |   9.11 |  10.59 |   9.67 |I I 
02:06-Fri-Mar-10-2017 PM2.5 |   4.88 |   4.95 |   5.18 |   5.15 |I I 
02:10-Fri-Mar-10-2017 PM10  |  11.25 |   9.64 |  10.59 |   9.67 |I I 
02:10-Fri-Mar-10-2017 PM2.5 |   5.20 |   5.01 |   5.18 |   5.15 |I I 
02:11-Fri-Mar-10-2017 PM10  |  10.79 |   9.87 |  10.59 |   9.67 |I I 
02:11-Fri-Mar-10-2017 PM2.5 |   5.18 |   5.04 |   5.18 |   5.15 |I I 
02:15-Fri-Mar-10-2017 PM10  |   8.06 |   9.57 |  10.59 |   9.67 |I I 
02:15-Fri-Mar-10-2017 PM2.5 |   5.25 |   5.08 |   5.18 |   5.15 |I I 
02:16-Fri-Mar-10-2017 PM10  |   9.20 |   9.52 |  10.59 |   9.67 |I I 
02:16-Fri-Mar-10-2017 PM2.5 |   4.83 |   5.04 |   5.18 |   5.15 |I I 
02:20-Fri-Mar-10-2017 PM10  |   9.18 |   9.47 |  10.59 |   9.67 |I I 
02:20-Fri-Mar-10-2017 PM2.5 |   4.95 |   5.03 |   5.18 |   5.15 |I I 
02:21-Fri-Mar-10-2017 PM10  |  13.45 |   9.92 |  10.59 |   9.67 |I I 
02:21-Fri-Mar-10-2017 PM2.5 |   5.03 |   5.03 |   5.18 |   5.15 |I I 
02:26-Fri-Mar-10-2017 PM10  |   9.23 |   9.85 |  10.59 |   9.67 |I I 
02:26-Fri-Mar-10-2017 PM2.5 |   5.16 |   5.04 |   5.18 |   5.15 |I I 
02:27-Fri-Mar-10-2017 PM10  |  10.82 |   9.94 |  10.59 |   9.67 |I I 
02:27-Fri-Mar-10-2017 PM2.5 |   5.50 |   5.08 |   5.18 |   5.15 |I I 
02:28-Fri-Mar-10-2017 PM10  |  10.82 |  10.01 |  10.59 |   9.67 |I I 
02:28-Fri-Mar-10-2017 PM2.5 |   5.50 |   5.12 |   5.18 |   5.15 |I I 
02:31-Fri-Mar-10-2017 PM10  |  10.49 |  10.05 |  10.59 |   9.67 |I I 
02:31-Fri-Mar-10-2017 PM2.5 |   5.20 |   5.13 |   5.18 |   5.15 |I I 
02:32-Fri-Mar-10-2017 PM10  |  10.49 |  10.08 |  10.59 |   9.67 |I I 
02:32-Fri-Mar-10-2017 PM2.5 |   5.20 |   5.13 |   5.18 |   5.15 |I I 
02:33-Fri-Mar-10-2017 PM10  |   9.77 |  10.06 |  10.59 |   9.67 |I I 
02:33-Fri-Mar-10-2017 PM2.5 |   5.30 |   5.14 |   5.18 |   5.15 |I I 
02:37-Fri-Mar-10-2017 PM10  |  11.04 |  10.12 |  10.59 |   9.67 |I I 
02:37-Fri-Mar-10-2017 PM2.5 |   5.41 |   5.16 |   5.18 |   5.15 |I I 
02:38-Fri-Mar-10-2017 PM10  |  10.26 |  10.13 |  10.59 |   9.67 |I I 
02:38-Fri-Mar-10-2017 PM2.5 |   5.70 |   5.19 |   5.18 |   5.15 |I I 
02:42-Fri-Mar-10-2017 PM10  |   9.28 |  10.08 |  10.59 |   9.67 |I I 
02:42-Fri-Mar-10-2017 PM2.5 |   5.32 |   5.20 |   5.18 |   5.15 |I I 
02:43-Fri-Mar-10-2017 PM10  |   8.99 |  10.02 |  10.59 |   9.67 |I I 
02:43-Fri-Mar-10-2017 PM2.5 |   5.48 |   5.21 |   5.18 |   5.15 |I I 
02:47-Fri-Mar-10-2017 PM10  |   9.20 |   9.98 |  10.59 |   9.67 |I I 
02:47-Fri-Mar-10-2017 PM2.5 |   5.42 |   5.22 |   5.18 |   5.15 |I I 
02:48-Fri-Mar-10-2017 PM10  |   9.04 |   9.94 |  10.59 |   9.67 |I I 
02:48-Fri-Mar-10-2017 PM2.5 |   5.21 |   5.22 |   5.18 |   5.15 |I I 
02:52-Fri-Mar-10-2017 PM10  |   9.47 |   9.92 |  10.59 |   9.67 |I I 
02:52-Fri-Mar-10-2017 PM2.5 |   5.29 |   5.23 |   5.18 |   5.15 |I I 
02:53-Fri-Mar-10-2017Timeout Event handler
02:53-Fri-Mar-10-2017 PM10  |  10.35 |   9.93 |  10.59 |   9.67 |B I 
02:53-Fri-Mar-10-2017 PM2.5 |   5.36 |   5.23 |   5.18 |   5.15 |B I 
02:57-Fri-Mar-10-2017recover dati per host :salvatorehost.no-ip.org/aria
02:57-Fri-Mar-10-2017 PM10  |   9.90 |   9.93 |  10.59 |   9.67 |I I 
02:57-Fri-Mar-10-2017 PM2.5 |   5.58 |   5.25 |   5.18 |   5.15 |I I 
02:58-Fri-Mar-10-2017 PM10  |  10.61 |   9.96 |  10.59 |   9.67 |I I 
02:58-Fri-Mar-10-2017 PM2.5 |   5.31 |   5.25 |   5.18 |   5.15 |I I 
03:02-Fri-Mar-10-2017 PM10  |  10.66 |   9.99 |  10.59 |   9.67 |I I 
03:02-Fri-Mar-10-2017 PM2.5 |   5.12 |   5.24 |   5.24 |   5.15 |I I 
03:03-Fri-Mar-10-2017 PM10  |   8.79 |   8.79 |  10.59 |   9.67 |I I 
03:03-Fri-Mar-10-2017 PM2.5 |   4.82 |   4.82 |   5.24 |   5.15 |I I 
03:04-Fri-Mar-10-2017 PM10  |   8.79 |   8.79 |  10.59 |   9.67 |I I 
03:04-Fri-Mar-10-2017 PM2.5 |   4.82 |   4.82 |   5.24 |   5.15 |I I 
03:07-Fri-Mar-10-2017 PM10  |   8.39 |   8.66 |  10.59 |   9.67 |I I 
03:07-Fri-Mar-10-2017 PM2.5 |   4.58 |   4.74 |   5.24 |   5.15 |I I 
03:08-Fri-Mar-10-2017 PM10  |   8.39 |   8.59 |  10.59 |   9.67 |I I 
03:08-Fri-Mar-10-2017 PM2.5 |   4.58 |   4.70 |   5.24 |   5.15 |I I 
03:09-Fri-Mar-10-2017 PM10  |  10.87 |   9.04 |  10.59 |   9.67 |I I 
03:09-Fri-Mar-10-2017 PM2.5 |   4.91 |   4.74 |   5.24 |   5.15 |I I 
03:13-Fri-Mar-10-2017 PM10  |   9.14 |   9.06 |  10.59 |   9.67 |I I 
03:13-Fri-Mar-10-2017 PM2.5 |   5.00 |   4.78 |   5.24 |   5.15 |I I 
03:14-Fri-Mar-10-2017 PM10  |   8.57 |   8.99 |  10.59 |   9.67 |I I 
03:14-Fri-Mar-10-2017 PM2.5 |   5.24 |   4.85 |   5.24 |   5.15 |I I 
03:18-Fri-Mar-10-2017 PM10  |   7.44 |   8.80 |  10.59 |   9.67 |I I 
03:18-Fri-Mar-10-2017 PM2.5 |   4.90 |   4.85 |   5.24 |   5.15 |I I 
03:19-Fri-Mar-10-2017 PM10  |   8.25 |   8.74 |  10.59 |   9.67 |I I 
03:19-Fri-Mar-10-2017 PM2.5 |   5.02 |   4.87 |   5.24 |   5.15 |I I 
03:23-Fri-Mar-10-2017 PM10  |   7.58 |   8.62 |  10.59 |   9.67 |I I 
03:23-Fri-Mar-10-2017 PM2.5 |   4.96 |   4.88 |   5.24 |   5.15 |I I 
03:24-Fri-Mar-10-2017 PM10  |  10.33 |   8.78 |  10.59 |   9.67 |I I 
03:24-Fri-Mar-10-2017 PM2.5 |   5.01 |   4.89 |   5.24 |   5.15 |I I 
03:28-Fri-Mar-10-2017 PM10  |   9.55 |   8.84 |  10.59 |   9.67 |I I 
03:28-Fri-Mar-10-2017 PM2.5 |   5.24 |   4.92 |   5.24 |   5.15 |I I 
03:29-Fri-Mar-10-2017 PM10  |   8.50 |   8.81 |  10.59 |   9.67 |I I 
03:29-Fri-Mar-10-2017 PM2.5 |   4.69 |   4.90 |   5.24 |   5.15 |I I 
03:33-Fri-Mar-10-2017 PM10  |   8.32 |   8.78 |  10.59 |   9.67 |I I 
03:33-Fri-Mar-10-2017 PM2.5 |   5.08 |   4.92 |   5.24 |   5.15 |I I 
03:34-Fri-Mar-10-2017 PM10  |   9.72 |   8.84 |  10.59 |   9.67 |I I 
03:34-Fri-Mar-10-2017 PM2.5 |   5.20 |   4.93 |   5.24 |   5.15 |I I 
03:35-Fri-Mar-10-2017 PM10  |   9.72 |   8.90 |  10.59 |   9.67 |I I 
03:35-Fri-Mar-10-2017 PM2.5 |   5.20 |   4.95 |   5.24 |   5.15 |I I 
03:39-Fri-Mar-10-2017 PM10  |   8.60 |   8.88 |  10.59 |   9.67 |I I 
03:39-Fri-Mar-10-2017 PM2.5 |   5.35 |   4.97 |   5.24 |   5.15 |I I 
03:40-Fri-Mar-10-2017 PM10  |   9.01 |   8.89 |  10.59 |   9.67 |I I 
03:40-Fri-Mar-10-2017 PM2.5 |   5.06 |   4.98 |   5.24 |   5.15 |I I 
03:45-Fri-Mar-10-2017 PM10  |  10.61 |   8.98 |  10.59 |   9.67 |I I 
03:45-Fri-Mar-10-2017 PM2.5 |   5.22 |   4.99 |   5.24 |   5.15 |I I 
03:46-Fri-Mar-10-2017 PM10  |   8.87 |   8.97 |  10.59 |   9.67 |I I 
03:46-Fri-Mar-10-2017 PM2.5 |   5.25 |   5.00 |   5.24 |   5.15 |I I 
03:50-Fri-Mar-10-2017 PM10  |   9.60 |   9.00 |  10.59 |   9.67 |I I 
03:50-Fri-Mar-10-2017 PM2.5 |   5.36 |   5.02 |   5.24 |   5.15 |I I 
03:51-Fri-Mar-10-2017 PM10  |   8.98 |   9.00 |  10.59 |   9.67 |I I 
03:51-Fri-Mar-10-2017 PM2.5 |   4.89 |   5.02 |   5.24 |   5.15 |I I 
03:55-Fri-Mar-10-2017 PM10  |   9.22 |   9.01 |  10.59 |   9.67 |I I 
03:55-Fri-Mar-10-2017 PM2.5 |   5.20 |   5.02 |   5.24 |   5.15 |I I 
03:56-Fri-Mar-10-2017 PM10  |   9.10 |   9.01 |  10.59 |   9.67 |I I 
03:56-Fri-Mar-10-2017 PM2.5 |   5.20 |   5.03 |   5.24 |   5.15 |I I 
04:00-Fri-Mar-10-2017 PM10  |   8.54 |   9.00 |  10.59 |   9.00 |I I 
04:00-Fri-Mar-10-2017 PM2.5 |   4.84 |   5.02 |   5.24 |   5.02 |I I 
04:01-Fri-Mar-10-2017 PM10  |  10.36 |  10.36 |  10.59 |   9.00 |I I 
04:01-Fri-Mar-10-2017 PM2.5 |   5.26 |   5.26 |   5.24 |   5.02 |I I 
04:05-Fri-Mar-10-2017 PM10  |  10.73 |  10.55 |  10.59 |   9.00 |I I 
04:05-Fri-Mar-10-2017 PM2.5 |   5.32 |   5.29 |   5.24 |   5.02 |I I 
04:06-Fri-Mar-10-2017 PM10  |  10.73 |  10.61 |  10.59 |   9.00 |I I 
04:06-Fri-Mar-10-2017 PM2.5 |   5.32 |   5.30 |   5.24 |   5.02 |I I 
04:07-Fri-Mar-10-2017 PM10  |   8.10 |   9.98 |  10.59 |   9.00 |I I 
04:07-Fri-Mar-10-2017 PM2.5 |   4.89 |   5.20 |   5.24 |   5.02 |I I 
04:11-Fri-Mar-10-2017 PM10  |  10.50 |  10.09 |  10.59 |   9.00 |I I 
04:11-Fri-Mar-10-2017 PM2.5 |   5.02 |   5.16 |   5.24 |   5.02 |I I 
04:12-Fri-Mar-10-2017 PM10  |   8.30 |   9.79 |  10.59 |   9.00 |I I 
04:12-Fri-Mar-10-2017 PM2.5 |   4.72 |   5.09 |   5.24 |   5.02 |I I 
04:16-Fri-Mar-10-2017 PM10  |   8.83 |   9.65 |  10.59 |   9.00 |I I 
04:16-Fri-Mar-10-2017 PM2.5 |   4.89 |   5.06 |   5.24 |   5.02 |I I 
04:17-Fri-Mar-10-2017 PM10  |   7.89 |   9.43 |  10.59 |   9.00 |I I 
04:17-Fri-Mar-10-2017 PM2.5 |   4.72 |   5.02 |   5.24 |   5.02 |I I 
04:21-Fri-Mar-10-2017 PM10  |   8.79 |   9.36 |  10.59 |   9.00 |I I 
04:21-Fri-Mar-10-2017 PM2.5 |   5.09 |   5.02 |   5.24 |   5.02 |I I 
04:22-Fri-Mar-10-2017 PM10  |   8.34 |   9.26 |  10.59 |   9.00 |I I 
04:22-Fri-Mar-10-2017 PM2.5 |   4.65 |   4.99 |   5.24 |   5.02 |I I 
04:26-Fri-Mar-10-2017 PM10  |   8.67 |   9.20 |  10.59 |   9.00 |I I 
04:26-Fri-Mar-10-2017 PM2.5 |   5.19 |   5.01 |   5.24 |   5.02 |I I 
04:27-Fri-Mar-10-2017 PM10  |   7.78 |   9.09 |  10.59 |   9.00 |I I 
04:27-Fri-Mar-10-2017 PM2.5 |   4.76 |   4.98 |   5.24 |   5.02 |I I 
04:31-Fri-Mar-10-2017 PM10  |   8.17 |   9.01 |  10.59 |   9.00 |I I 
04:31-Fri-Mar-10-2017 PM2.5 |   5.18 |   5.00 |   5.24 |   5.02 |I I 
04:32-Fri-Mar-10-2017 PM10  |   8.85 |   9.00 |  10.59 |   9.00 |I I 
04:32-Fri-Mar-10-2017 PM2.5 |   4.92 |   4.99 |   5.24 |   5.02 |I I 
04:33-Fri-Mar-10-2017 PM10  |   8.85 |   8.99 |  10.59 |   9.00 |I I 
04:33-Fri-Mar-10-2017 PM2.5 |   4.92 |   4.99 |   5.24 |   5.02 |I I 
04:37-Fri-Mar-10-2017 PM10  |   8.62 |   8.97 |  10.59 |   9.00 |I I 
04:37-Fri-Mar-10-2017 PM2.5 |   4.78 |   4.98 |   5.24 |   5.02 |I I 
04:38-Fri-Mar-10-2017 PM10  |   8.71 |   8.95 |  10.59 |   9.00 |I I 
04:38-Fri-Mar-10-2017 PM2.5 |   4.97 |   4.98 |   5.24 |   5.02 |I I 
04:42-Fri-Mar-10-2017 PM10  |  10.44 |   9.04 |  10.59 |   9.00 |I I 
04:42-Fri-Mar-10-2017 PM2.5 |   5.31 |   4.99 |   5.24 |   5.02 |I I 
04:43-Fri-Mar-10-2017 PM10  |   9.02 |   9.04 |  10.59 |   9.00 |I I 
04:43-Fri-Mar-10-2017 PM2.5 |   4.84 |   4.99 |   5.24 |   5.02 |I I 
04:47-Fri-Mar-10-2017 PM10  |   9.39 |   9.05 |  10.59 |   9.00 |I I 
04:47-Fri-Mar-10-2017 PM2.5 |   4.89 |   4.98 |   5.24 |   5.02 |I I 
04:48-Fri-Mar-10-2017 PM10  |   8.39 |   9.02 |  10.59 |   9.00 |I I 
04:48-Fri-Mar-10-2017 PM2.5 |   4.78 |   4.97 |   5.24 |   5.02 |I I 
04:52-Fri-Mar-10-2017 PM10  |  10.40 |   9.08 |  10.59 |   9.00 |I I 
04:52-Fri-Mar-10-2017 PM2.5 |   5.08 |   4.98 |   5.24 |   5.02 |I I 
04:53-Fri-Mar-10-2017 PM10  |   9.24 |   9.09 |  10.59 |   9.00 |I I 
04:53-Fri-Mar-10-2017 PM2.5 |   4.99 |   4.98 |   5.24 |   5.02 |I I 
04:57-Fri-Mar-10-2017 PM10  |   9.96 |   9.13 |  10.59 |   9.00 |I I 
04:57-Fri-Mar-10-2017 PM2.5 |   5.14 |   4.98 |   5.24 |   5.02 |I I 
04:58-Fri-Mar-10-2017 PM10  |   9.46 |   9.14 |  10.59 |   9.00 |I I 
04:58-Fri-Mar-10-2017 PM2.5 |   5.16 |   4.99 |   5.24 |   5.02 |I I 
05:02-Fri-Mar-10-2017 PM10  |   8.12 |   9.10 |  10.59 |   9.00 |I I 
05:02-Fri-Mar-10-2017 PM2.5 |   4.64 |   4.98 |   5.24 |   4.98 |I I 
05:03-Fri-Mar-10-2017 PM10  |   8.12 |   8.12 |  10.59 |   9.00 |I I 
05:03-Fri-Mar-10-2017 PM2.5 |   4.64 |   4.64 |   5.24 |   4.98 |I I 
05:04-Fri-Mar-10-2017 PM10  |   8.88 |   8.50 |  10.59 |   9.00 |I I 
05:04-Fri-Mar-10-2017 PM2.5 |   4.57 |   4.60 |   5.24 |   4.98 |I I 
05:08-Fri-Mar-10-2017 PM10  |   8.84 |   8.61 |  10.59 |   9.00 |I I 
05:08-Fri-Mar-10-2017 PM2.5 |   4.98 |   4.73 |   5.24 |   4.98 |I I 
05:09-Fri-Mar-10-2017 PM10  |   8.60 |   8.61 |  10.59 |   9.00 |I I 
05:09-Fri-Mar-10-2017 PM2.5 |   4.99 |   4.79 |   5.24 |   4.98 |I I 
05:13-Fri-Mar-10-2017 PM10  |   8.78 |   8.64 |  10.59 |   9.00 |I I 
05:13-Fri-Mar-10-2017 PM2.5 |   5.05 |   4.85 |   5.24 |   4.98 |I I 
05:14-Fri-Mar-10-2017 PM10  |   8.18 |   8.57 |  10.59 |   9.00 |I I 
05:14-Fri-Mar-10-2017 PM2.5 |   4.53 |   4.79 |   5.24 |   4.98 |I I 
05:18-Fri-Mar-10-2017 PM10  |   7.98 |   8.48 |  10.59 |   9.00 |I I 
05:18-Fri-Mar-10-2017 PM2.5 |   4.97 |   4.82 |   5.24 |   4.98 |I I 
05:19-Fri-Mar-10-2017 PM10  |   7.57 |   8.37 |  10.59 |   9.00 |I I 
05:19-Fri-Mar-10-2017 PM2.5 |   4.57 |   4.79 |   5.24 |   4.98 |I I 
05:23-Fri-Mar-10-2017 PM10  |   7.50 |   8.27 |  10.59 |   9.00 |I I 
05:23-Fri-Mar-10-2017 PM2.5 |   4.79 |   4.79 |   5.24 |   4.98 |I I 
05:24-Fri-Mar-10-2017 PM10  |   8.07 |   8.25 |  10.59 |   9.00 |I I 
05:24-Fri-Mar-10-2017 PM2.5 |   4.88 |   4.80 |   5.24 |   4.98 |I I 
05:28-Fri-Mar-10-2017 PM10  |   8.79 |   8.30 |  10.59 |   9.00 |I I 
05:28-Fri-Mar-10-2017 PM2.5 |   5.34 |   4.85 |   5.24 |   4.98 |I I 
05:29-Fri-Mar-10-2017 PM10  |   7.99 |   8.27 |  10.59 |   9.00 |I I 
05:29-Fri-Mar-10-2017 PM2.5 |   4.65 |   4.83 |   5.24 |   4.98 |I I 
05:33-Fri-Mar-10-2017 PM10  |   8.82 |   8.32 |  10.59 |   9.00 |I I 
05:33-Fri-Mar-10-2017 PM2.5 |   4.55 |   4.81 |   5.24 |   4.98 |I I 
05:35-Fri-Mar-10-2017 PM10  |   8.82 |   8.35 |  10.59 |   9.00 |I I 
05:35-Fri-Mar-10-2017 PM2.5 |   4.55 |   4.79 |   5.24 |   4.98 |I I 
05:36-Fri-Mar-10-2017 PM10  |   7.17 |   8.27 |  10.59 |   9.00 |I I 
05:36-Fri-Mar-10-2017 PM2.5 |   4.63 |   4.78 |   5.24 |   4.98 |I I 
05:40-Fri-Mar-10-2017 PM10  |   7.94 |   8.25 |  10.59 |   9.00 |I I 
05:40-Fri-Mar-10-2017 PM2.5 |   4.81 |   4.78 |   5.24 |   4.98 |I I 
05:41-Fri-Mar-10-2017 PM10  |   8.47 |   8.27 |  10.59 |   9.00 |I I 
05:41-Fri-Mar-10-2017 PM2.5 |   4.55 |   4.77 |   5.24 |   4.98 |I I 
05:45-Fri-Mar-10-2017 PM10  |   8.82 |   8.30 |  10.59 |   9.00 |I I 
05:45-Fri-Mar-10-2017 PM2.5 |   4.88 |   4.77 |   5.24 |   4.98 |I I 
05:46-Fri-Mar-10-2017 PM10  |   8.83 |   8.32 |  10.59 |   9.00 |I I 
05:46-Fri-Mar-10-2017 PM2.5 |   4.86 |   4.78 |   5.24 |   4.98 |I I 
05:50-Fri-Mar-10-2017 PM10  |   9.94 |   8.41 |  10.59 |   9.00 |I I 
05:50-Fri-Mar-10-2017 PM2.5 |   5.07 |   4.79 |   5.24 |   4.98 |I I 
05:51-Fri-Mar-10-2017 PM10  |   7.37 |   8.36 |  10.59 |   9.00 |I I 
05:51-Fri-Mar-10-2017 PM2.5 |   4.65 |   4.79 |   5.24 |   4.98 |I I 
05:55-Fri-Mar-10-2017 PM10  |   9.25 |   8.40 |  10.59 |   9.00 |I I 
05:55-Fri-Mar-10-2017 PM2.5 |   4.76 |   4.79 |   5.24 |   4.98 |I I 
05:56-Fri-Mar-10-2017 PM10  |   9.50 |   8.44 |  10.59 |   9.00 |I I 
05:56-Fri-Mar-10-2017 PM2.5 |   5.03 |   4.80 |   5.24 |   4.98 |I I 
06:00-Fri-Mar-10-2017 PM10  |   9.16 |   8.47 |  10.59 |   8.47 |I I 
06:00-Fri-Mar-10-2017 PM2.5 |   4.93 |   4.80 |   5.24 |   4.80 |I I 
06:01-Fri-Mar-10-2017 PM10  |   8.19 |   8.19 |  10.59 |   8.47 |I I 
06:01-Fri-Mar-10-2017 PM2.5 |   4.73 |   4.73 |   5.24 |   4.80 |I I 
06:02-Fri-Mar-10-2017 PM10  |   8.19 |   8.19 |  10.59 |   8.47 |I I 
06:02-Fri-Mar-10-2017 PM2.5 |   4.73 |   4.73 |   5.24 |   4.80 |I I 
06:06-Fri-Mar-10-2017 PM10  |   8.10 |   8.16 |  10.59 |   8.47 |I I 
06:06-Fri-Mar-10-2017 PM2.5 |   4.71 |   4.72 |   5.24 |   4.80 |I I 
06:07-Fri-Mar-10-2017 PM10  |   9.10 |   8.40 |  10.59 |   8.47 |I I 
06:07-Fri-Mar-10-2017 PM2.5 |   4.87 |   4.76 |   5.24 |   4.80 |I I 
06:11-Fri-Mar-10-2017 PM10  |   9.79 |   8.67 |  10.59 |   8.47 |I I 
06:11-Fri-Mar-10-2017 PM2.5 |   5.17 |   4.84 |   5.24 |   4.80 |I I 
06:12-Fri-Mar-10-2017 PM10  |   9.82 |   8.87 |  10.59 |   8.47 |I I 
06:12-Fri-Mar-10-2017 PM2.5 |   4.54 |   4.79 |   5.24 |   4.80 |I I 
06:16-Fri-Mar-10-2017 PM10  |   9.73 |   8.99 |  10.59 |   8.47 |I I 
06:16-Fri-Mar-10-2017 PM2.5 |   4.69 |   4.78 |   5.24 |   4.80 |I I 
06:17-Fri-Mar-10-2017 PM10  |  10.74 |   9.21 |  10.59 |   8.47 |I I 
06:17-Fri-Mar-10-2017 PM2.5 |   5.07 |   4.81 |   5.24 |   4.80 |I I 
06:21-Fri-Mar-10-2017 PM10  |  11.30 |   9.44 |  10.59 |   8.47 |I I 
06:21-Fri-Mar-10-2017 PM2.5 |   5.21 |   4.86 |   5.24 |   4.80 |I I 
06:22-Fri-Mar-10-2017 PM10  |   9.09 |   9.41 |  10.59 |   8.47 |I I 
06:22-Fri-Mar-10-2017 PM2.5 |   4.82 |   4.85 |   5.24 |   4.80 |I I 
06:26-Fri-Mar-10-2017 PM10  |   8.39 |   9.31 |  10.59 |   8.47 |I I 
06:26-Fri-Mar-10-2017 PM2.5 |   4.79 |   4.85 |   5.24 |   4.80 |I I 
06:27-Fri-Mar-10-2017 PM10  |   8.24 |   9.22 |  10.59 |   8.47 |I I 
06:27-Fri-Mar-10-2017 PM2.5 |   4.78 |   4.84 |   5.24 |   4.80 |I I 
06:31-Fri-Mar-10-2017 PM10  |   9.34 |   9.23 |  10.59 |   8.47 |I I 
06:31-Fri-Mar-10-2017 PM2.5 |   4.95 |   4.85 |   5.24 |   4.80 |I I 
06:32-Fri-Mar-10-2017 PM10  |   9.24 |   9.23 |  10.59 |   8.47 |I I 
06:32-Fri-Mar-10-2017 PM2.5 |   5.15 |   4.87 |   5.24 |   4.80 |I I 
06:33-Fri-Mar-10-2017 PM10  |   9.24 |   9.23 |  10.59 |   8.47 |I I 
06:33-Fri-Mar-10-2017 PM2.5 |   5.15 |   4.89 |   5.24 |   4.80 |I I 
06:37-Fri-Mar-10-2017 PM10  |  10.04 |   9.28 |  10.59 |   8.47 |I I 
06:37-Fri-Mar-10-2017 PM2.5 |   5.53 |   4.93 |   5.24 |   4.80 |I I 
06:38-Fri-Mar-10-2017 PM10  |   8.22 |   9.22 |  10.59 |   8.47 |I I 
06:38-Fri-Mar-10-2017 PM2.5 |   4.87 |   4.93 |   5.24 |   4.80 |I I 
06:42-Fri-Mar-10-2017 PM10  |   9.22 |   9.22 |  10.59 |   8.47 |I I 
06:42-Fri-Mar-10-2017 PM2.5 |   4.82 |   4.92 |   5.24 |   4.80 |I I 
06:43-Fri-Mar-10-2017 PM10  |   9.65 |   9.24 |  10.59 |   8.47 |I I 
06:43-Fri-Mar-10-2017 PM2.5 |   5.26 |   4.94 |   5.24 |   4.80 |I I 
06:47-Fri-Mar-10-2017 PM10  |  10.16 |   9.29 |  10.59 |   8.47 |I I 
06:47-Fri-Mar-10-2017 PM2.5 |   5.25 |   4.95 |   5.24 |   4.80 |I I 
06:48-Fri-Mar-10-2017 PM10  |  11.58 |   9.40 |  10.59 |   8.47 |I I 
06:48-Fri-Mar-10-2017 PM2.5 |   4.93 |   4.95 |   5.24 |   4.80 |I I 
06:52-Fri-Mar-10-2017 PM10  |   9.11 |   9.39 |  10.59 |   8.47 |I I 
06:52-Fri-Mar-10-2017 PM2.5 |   4.97 |   4.95 |   5.24 |   4.80 |I I 
06:53-Fri-Mar-10-2017 PM10  |   8.16 |   9.33 |  10.59 |   8.47 |I I 
06:53-Fri-Mar-10-2017 PM2.5 |   4.83 |   4.95 |   5.24 |   4.80 |I I 
06:57-Fri-Mar-10-2017 PM10  |   8.15 |   9.28 |  10.59 |   8.47 |I I 
06:57-Fri-Mar-10-2017 PM2.5 |   4.96 |   4.95 |   5.24 |   4.80 |I I 
06:58-Fri-Mar-10-2017 PM10  |   8.00 |   9.23 |  10.59 |   8.47 |I I 
06:58-Fri-Mar-10-2017 PM2.5 |   4.51 |   4.93 |   5.24 |   4.80 |I I 
07:02-Fri-Mar-10-2017 PM10  |  10.51 |   9.28 |  10.59 |   8.47 |I I 
07:02-Fri-Mar-10-2017 PM2.5 |   4.91 |   4.93 |   5.24 |   4.80 |I I 
07:03-Fri-Mar-10-2017 PM10  |  10.51 |  10.51 |  10.59 |   8.47 |I I 
07:03-Fri-Mar-10-2017 PM2.5 |   4.91 |   4.91 |   5.24 |   4.80 |I I 
07:04-Fri-Mar-10-2017 PM10  |  14.10 |  12.30 |  10.59 |   8.47 |I I 
07:04-Fri-Mar-10-2017 PM2.5 |   4.94 |   4.93 |   5.24 |   4.80 |I I 
07:08-Fri-Mar-10-2017 PM10  |  13.69 |  12.77 |  10.59 |   8.47 |I I 
07:08-Fri-Mar-10-2017 PM2.5 |   5.09 |   4.98 |   5.24 |   4.80 |I I 
07:09-Fri-Mar-10-2017 PM10  |  11.85 |  12.54 |  10.59 |   8.47 |I I 
07:09-Fri-Mar-10-2017 PM2.5 |   4.82 |   4.94 |   5.24 |   4.80 |I I 
07:13-Fri-Mar-10-2017 PM10  |  11.86 |  12.40 |  10.59 |   8.47 |I I 
07:13-Fri-Mar-10-2017 PM2.5 |   5.03 |   4.96 |   5.24 |   4.80 |I I 
07:14-Fri-Mar-10-2017 PM10  |  15.09 |  12.85 |  10.59 |   8.47 |I I 
07:14-Fri-Mar-10-2017 PM2.5 |   5.10 |   4.98 |   5.24 |   4.80 |I I 
07:19-Fri-Mar-10-2017 PM10  |  11.18 |  12.61 |  10.59 |   8.47 |I I 
07:19-Fri-Mar-10-2017 PM2.5 |   5.17 |   5.01 |   5.24 |   4.80 |I I 
07:20-Fri-Mar-10-2017 PM10  |  16.08 |  13.05 |  10.59 |   8.47 |I I 
07:20-Fri-Mar-10-2017 PM2.5 |   5.35 |   5.05 |   5.24 |   4.80 |I I 
07:24-Fri-Mar-10-2017 PM10  |  17.12 |  13.50 |  10.59 |   8.47 |I I 
07:24-Fri-Mar-10-2017 PM2.5 |   5.40 |   5.09 |   5.24 |   4.80 |I I 
07:25-Fri-Mar-10-2017 PM10  |  12.28 |  13.38 |  10.59 |   8.47 |I I 
07:25-Fri-Mar-10-2017 PM2.5 |   5.09 |   5.09 |   5.24 |   4.80 |I I 
07:29-Fri-Mar-10-2017 PM10  |  12.49 |  13.30 |  10.59 |   8.47 |I I 
07:29-Fri-Mar-10-2017 PM2.5 |   5.36 |   5.11 |   5.24 |   4.80 |I I 
07:30-Fri-Mar-10-2017 PM10  |  12.79 |  13.25 |  10.59 |   8.47 |I I 
07:30-Fri-Mar-10-2017 PM2.5 |   4.73 |   5.08 |   5.24 |   4.80 |I I 
07:31-Fri-Mar-10-2017 PM10  |  12.79 |  13.22 |  10.59 |   8.47 |I I 
07:31-Fri-Mar-10-2017 PM2.5 |   4.73 |   5.05 |   5.24 |   4.80 |I I 
07:34-Fri-Mar-10-2017 PM10  |  12.16 |  13.14 |  10.59 |   8.47 |I I 
07:34-Fri-Mar-10-2017 PM2.5 |   5.03 |   5.05 |   5.24 |   4.80 |I I 
07:35-Fri-Mar-10-2017 PM10  |  12.16 |  13.08 |  10.59 |   8.47 |I I 
07:35-Fri-Mar-10-2017 PM2.5 |   5.03 |   5.05 |   5.24 |   4.80 |I I 
07:36-Fri-Mar-10-2017 PM10  |  11.84 |  13.00 |  10.59 |   8.47 |I I 
07:36-Fri-Mar-10-2017 PM2.5 |   5.45 |   5.08 |   5.24 |   4.80 |I I 
07:40-Fri-Mar-10-2017 PM10  |  10.81 |  12.87 |  10.59 |   8.47 |I I 
07:40-Fri-Mar-10-2017 PM2.5 |   5.43 |   5.10 |   5.24 |   4.80 |I I 
07:41-Fri-Mar-10-2017 PM10  |   9.29 |  12.67 |  10.59 |   8.47 |I I 
07:41-Fri-Mar-10-2017 PM2.5 |   5.04 |   5.09 |   5.24 |   4.80 |I I 
07:45-Fri-Mar-10-2017 PM10  |  11.37 |  12.60 |  10.59 |   8.47 |I I 
07:45-Fri-Mar-10-2017 PM2.5 |   5.57 |   5.12 |   5.24 |   4.80 |I I 
07:46-Fri-Mar-10-2017 PM10  |  15.42 |  12.75 |  10.59 |   8.47 |I I 
07:46-Fri-Mar-10-2017 PM2.5 |   5.33 |   5.13 |   5.24 |   4.80 |I I 
07:50-Fri-Mar-10-2017 PM10  |  17.06 |  12.95 |  10.59 |   8.47 |I I 
07:50-Fri-Mar-10-2017 PM2.5 |   5.91 |   5.17 |   5.24 |   4.80 |I I 
07:51-Fri-Mar-10-2017 PM10  |  10.59 |  12.84 |  10.59 |   8.47 |I I 
07:51-Fri-Mar-10-2017 PM2.5 |   5.27 |   5.17 |   5.24 |   4.80 |I I 
07:55-Fri-Mar-10-2017 PM10  |  13.74 |  12.88 |  10.59 |   8.47 |I I 
07:55-Fri-Mar-10-2017 PM2.5 |   5.52 |   5.19 |   5.24 |   4.80 |I I 
07:56-Fri-Mar-10-2017 PM10  |  15.24 |  12.98 |  10.59 |   8.47 |I I 
07:56-Fri-Mar-10-2017 PM2.5 |   5.70 |   5.21 |   5.24 |   4.80 |I I 
08:00-Fri-Mar-10-2017 PM10  |  10.64 |  12.89 |  12.89 |   8.47 |I I 
08:00-Fri-Mar-10-2017 PM2.5 |   5.59 |   5.22 |   5.24 |   4.80 |I I 
08:01-Fri-Mar-10-2017 PM10  |  10.92 |  10.92 |  12.89 |   8.47 |I I 
08:01-Fri-Mar-10-2017 PM2.5 |   5.18 |   5.18 |   5.24 |   4.80 |I I 
08:02-Fri-Mar-10-2017 PM10  |  10.92 |  10.92 |  12.89 |   8.47 |I I 
08:02-Fri-Mar-10-2017 PM2.5 |   5.18 |   5.18 |   5.24 |   4.80 |I I 
08:06-Fri-Mar-10-2017 PM10  |   9.92 |  10.59 |  12.89 |   8.47 |I I 
08:06-Fri-Mar-10-2017 PM2.5 |   5.10 |   5.15 |   5.24 |   4.80 |I I 
08:07-Fri-Mar-10-2017 PM10  |  12.87 |  11.16 |  12.89 |   8.47 |I I 
08:07-Fri-Mar-10-2017 PM2.5 |   5.34 |   5.20 |   5.24 |   4.80 |I I 
08:11-Fri-Mar-10-2017 PM10  |  10.28 |  10.98 |  12.89 |   8.47 |I I 
08:11-Fri-Mar-10-2017 PM2.5 |   5.62 |   5.28 |   5.24 |   4.80 |I I 
08:12-Fri-Mar-10-2017 PM10  |   8.85 |  10.63 |  12.89 |   8.47 |I I 
08:12-Fri-Mar-10-2017 PM2.5 |   4.97 |   5.23 |   5.24 |   4.80 |I I 
08:16-Fri-Mar-10-2017 PM10  |  10.84 |  10.66 |  12.89 |   8.47 |I I 
08:16-Fri-Mar-10-2017 PM2.5 |   5.28 |   5.24 |   5.24 |   4.80 |I I 
08:17-Fri-Mar-10-2017 PM10  |  10.78 |  10.67 |  12.89 |   8.47 |I I 
08:17-Fri-Mar-10-2017 PM2.5 |   5.12 |   5.22 |   5.24 |   4.80 |I I 
08:21-Fri-Mar-10-2017 PM10  |  10.65 |  10.67 |  12.89 |   8.47 |I I 
08:21-Fri-Mar-10-2017 PM2.5 |   5.61 |   5.27 |   5.24 |   4.80 |I I 
08:22-Fri-Mar-10-2017 PM10  |  10.16 |  10.62 |  12.89 |   8.47 |I I 
08:22-Fri-Mar-10-2017 PM2.5 |   5.13 |   5.25 |   5.24 |   4.80 |I I 
08:26-Fri-Mar-10-2017 PM10  |  11.66 |  10.71 |  12.89 |   8.47 |I I 
08:26-Fri-Mar-10-2017 PM2.5 |   5.24 |   5.25 |   5.24 |   4.80 |I I 
08:27-Fri-Mar-10-2017 PM10  |   8.93 |  10.56 |  12.89 |   8.47 |I I 
08:27-Fri-Mar-10-2017 PM2.5 |   5.39 |   5.26 |   5.24 |   4.80 |I I 
08:31-Fri-Mar-10-2017 PM10  |  13.76 |  10.81 |  12.89 |   8.47 |I I 
08:31-Fri-Mar-10-2017 PM2.5 |   5.80 |   5.30 |   5.24 |   4.80 |I I 
08:32-Fri-Mar-10-2017 PM10  |  13.76 |  11.02 |  12.89 |   8.47 |I I 
08:32-Fri-Mar-10-2017 PM2.5 |   5.80 |   5.34 |   5.24 |   4.80 |I I 
08:33-Fri-Mar-10-2017 PM10  |  13.59 |  11.19 |  12.89 |   8.47 |I I 
08:33-Fri-Mar-10-2017 PM2.5 |   5.19 |   5.33 |   5.24 |   4.80 |I I 
08:37-Fri-Mar-10-2017 PM10  |  12.87 |  11.30 |  12.89 |   8.47 |I I 
08:37-Fri-Mar-10-2017 PM2.5 |   5.58 |   5.34 |   5.24 |   4.80 |I I 
08:38-Fri-Mar-10-2017 PM10  |  11.78 |  11.32 |  12.89 |   8.47 |I I 
08:38-Fri-Mar-10-2017 PM2.5 |   5.30 |   5.34 |   5.24 |   4.80 |I I 
08:42-Fri-Mar-10-2017 PM10  |  12.87 |  11.41 |  12.89 |   8.47 |I I 
08:42-Fri-Mar-10-2017 PM2.5 |   5.34 |   5.34 |   5.24 |   4.80 |I I 
08:43-Fri-Mar-10-2017 PM10  |  12.01 |  11.44 |  12.89 |   8.47 |I I 
08:43-Fri-Mar-10-2017 PM2.5 |   5.50 |   5.35 |   5.24 |   4.80 |I I 
08:47-Fri-Mar-10-2017 PM10  |  12.58 |  11.50 |  12.89 |   8.47 |I I 
08:47-Fri-Mar-10-2017 PM2.5 |   5.98 |   5.38 |   5.24 |   4.80 |I I 
08:48-Fri-Mar-10-2017 PM10  |  10.24 |  11.44 |  12.89 |   8.47 |I I 
08:48-Fri-Mar-10-2017 PM2.5 |   5.52 |   5.39 |   5.24 |   4.80 |I I 
08:52-Fri-Mar-10-2017 PM10  |  10.45 |  11.39 |  12.89 |   8.47 |I I 
08:52-Fri-Mar-10-2017 PM2.5 |   5.51 |   5.39 |   5.24 |   4.80 |I I 
08:54-Fri-Mar-10-2017 PM10  |  10.38 |  11.35 |  12.89 |   8.47 |I I 
08:54-Fri-Mar-10-2017 PM2.5 |   5.42 |   5.40 |   5.24 |   4.80 |I I 
08:58-Fri-Mar-10-2017 PM10  |  12.15 |  11.38 |  12.89 |   8.47 |I I 
08:58-Fri-Mar-10-2017 PM2.5 |   5.96 |   5.42 |   5.24 |   4.80 |I I 
08:59-Fri-Mar-10-2017 PM10  |  11.40 |  11.38 |  12.89 |   8.47 |I I 
08:59-Fri-Mar-10-2017 PM2.5 |   5.80 |   5.43 |   5.24 |   4.80 |I I 
09:03-Fri-Mar-10-2017 PM10  |  10.83 |  11.36 |  12.89 |   8.47 |I I 
09:03-Fri-Mar-10-2017 PM2.5 |   5.90 |   5.45 |   5.45 |   4.80 |I I 
09:04-Fri-Mar-10-2017 PM10  |  10.83 |  10.83 |  12.89 |   8.47 |I I 
09:04-Fri-Mar-10-2017 PM2.5 |   5.90 |   5.90 |   5.45 |   4.80 |I I 
09:05-Fri-Mar-10-2017 PM10  |  11.69 |  11.26 |  12.89 |   8.47 |I I 
09:05-Fri-Mar-10-2017 PM2.5 |   5.66 |   5.78 |   5.45 |   4.80 |I I 
09:09-Fri-Mar-10-2017 PM10  |  11.10 |  11.21 |  12.89 |   8.47 |I I 
09:09-Fri-Mar-10-2017 PM2.5 |   5.75 |   5.77 |   5.45 |   4.80 |I I 
09:10-Fri-Mar-10-2017 PM10  |  11.69 |  11.33 |  12.89 |   8.47 |I I 
09:10-Fri-Mar-10-2017 PM2.5 |   6.05 |   5.84 |   5.45 |   4.80 |I I 
09:14-Fri-Mar-10-2017 PM10  |  12.63 |  11.59 |  12.89 |   8.47 |I I 
09:14-Fri-Mar-10-2017 PM2.5 |   6.14 |   5.90 |   5.45 |   4.80 |I I 
09:15-Fri-Mar-10-2017 PM10  |  10.53 |  11.41 |  12.89 |   8.47 |I I 
09:15-Fri-Mar-10-2017 PM2.5 |   5.94 |   5.91 |   5.45 |   4.80 |I I 
09:19-Fri-Mar-10-2017 PM10  |  12.21 |  11.53 |  12.89 |   8.47 |I I 
09:19-Fri-Mar-10-2017 PM2.5 |   6.22 |   5.95 |   5.45 |   4.80 |I I 
09:20-Fri-Mar-10-2017 PM10  |  14.73 |  11.93 |  12.89 |   8.47 |I I 
09:20-Fri-Mar-10-2017 PM2.5 |   6.21 |   5.98 |   5.45 |   4.80 |I I 
09:24-Fri-Mar-10-2017 PM10  |  13.40 |  12.09 |  12.89 |   8.47 |I I 
09:24-Fri-Mar-10-2017 PM2.5 |   6.02 |   5.99 |   5.45 |   4.80 |I I 
09:25-Fri-Mar-10-2017 PM10  |  12.00 |  12.08 |  12.89 |   8.47 |I I 
09:25-Fri-Mar-10-2017 PM2.5 |   6.05 |   5.99 |   5.45 |   4.80 |I I 
09:29-Fri-Mar-10-2017 PM10  |  11.21 |  12.00 |  12.89 |   8.47 |I I 
09:29-Fri-Mar-10-2017 PM2.5 |   5.84 |   5.98 |   5.45 |   4.80 |I I 
09:30-Fri-Mar-10-2017 PM10  |  11.26 |  11.94 |  12.89 |   8.47 |I I 
09:30-Fri-Mar-10-2017 PM2.5 |   5.46 |   5.94 |   5.45 |   4.80 |I I 
09:34-Fri-Mar-10-2017 PM10  |  10.92 |  11.86 |  12.89 |   8.47 |I I 
09:34-Fri-Mar-10-2017 PM2.5 |   6.03 |   5.94 |   5.45 |   4.80 |I I 
09:35-Fri-Mar-10-2017 PM10  |  10.92 |  11.79 |  12.89 |   8.47 |I I 
09:35-Fri-Mar-10-2017 PM2.5 |   6.03 |   5.95 |   5.45 |   4.80 |I I 
09:36-Fri-Mar-10-2017 PM10  |  11.31 |  11.76 |  12.89 |   8.47 |I I 
09:36-Fri-Mar-10-2017 PM2.5 |   5.43 |   5.92 |   5.45 |   4.80 |I I 
09:40-Fri-Mar-10-2017 PM10  |  12.34 |  11.80 |  12.89 |   8.47 |I I 
09:40-Fri-Mar-10-2017 PM2.5 |   5.81 |   5.91 |   5.45 |   4.80 |I I 
09:41-Fri-Mar-10-2017 PM10  |  10.98 |  11.75 |  12.89 |   8.47 |I I 
09:41-Fri-Mar-10-2017 PM2.5 |   5.73 |   5.90 |   5.45 |   4.80 |I I 
09:45-Fri-Mar-10-2017 PM10  |  11.68 |  11.75 |  12.89 |   8.47 |I I 
09:45-Fri-Mar-10-2017 PM2.5 |   6.24 |   5.92 |   5.45 |   4.80 |I I 
09:46-Fri-Mar-10-2017 PM10  |  10.06 |  11.66 |  12.89 |   8.47 |I I 
09:46-Fri-Mar-10-2017 PM2.5 |   5.68 |   5.91 |   5.45 |   4.80 |I I 
09:50-Fri-Mar-10-2017 PM10  |  13.38 |  11.74 |  12.89 |   8.47 |I I 
09:50-Fri-Mar-10-2017 PM2.5 |   5.77 |   5.90 |   5.45 |   4.80 |I I 
09:51-Fri-Mar-10-2017 PM10  |  11.67 |  11.74 |  12.89 |   8.47 |I I 
09:51-Fri-Mar-10-2017 PM2.5 |   6.11 |   5.91 |   5.45 |   4.80 |I I 
09:55-Fri-Mar-10-2017 PM10  |  11.27 |  11.72 |  12.89 |   8.47 |I I 
09:55-Fri-Mar-10-2017 PM2.5 |   5.55 |   5.89 |   5.45 |   4.80 |I I 
09:56-Fri-Mar-10-2017 PM10  |  10.27 |  11.66 |  12.89 |   8.47 |I I 
09:56-Fri-Mar-10-2017 PM2.5 |   6.05 |   5.90 |   5.45 |   4.80 |I I 
10:00-Fri-Mar-10-2017 PM10  |  12.23 |  11.68 |  12.89 |   8.47 |I I 
10:00-Fri-Mar-10-2017 PM2.5 |   6.17 |   5.91 |   5.91 |   4.80 |I I 
10:01-Fri-Mar-10-2017 PM10  |  11.18 |  11.18 |  12.89 |   8.47 |I I 
10:01-Fri-Mar-10-2017 PM2.5 |   5.97 |   5.97 |   5.91 |   4.80 |I I 
10:02-Fri-Mar-10-2017 PM10  |  11.18 |  11.18 |  12.89 |   8.47 |I I 
10:02-Fri-Mar-10-2017 PM2.5 |   5.97 |   5.97 |   5.91 |   4.80 |I I 
10:06-Fri-Mar-10-2017 PM10  |   9.50 |  10.62 |  12.89 |   8.47 |I I 
10:06-Fri-Mar-10-2017 PM2.5 |   6.08 |   6.01 |   5.91 |   4.80 |I I 
10:07-Fri-Mar-10-2017 PM10  |  12.25 |  11.03 |  12.89 |   8.47 |I I 
10:07-Fri-Mar-10-2017 PM2.5 |   5.84 |   5.96 |   5.91 |   4.80 |I I 
10:11-Fri-Mar-10-2017 PM10  |  12.69 |  11.36 |  12.89 |   8.47 |I I 
10:11-Fri-Mar-10-2017 PM2.5 |   6.20 |   6.01 |   5.91 |   4.80 |I I 
10:12-Fri-Mar-10-2017 PM10  |  11.90 |  11.45 |  12.89 |   8.47 |I I 
10:12-Fri-Mar-10-2017 PM2.5 |   5.52 |   5.93 |   5.91 |   4.80 |I I 
10:16-Fri-Mar-10-2017 PM10  |  11.27 |  11.43 |  12.89 |   8.47 |I I 
10:16-Fri-Mar-10-2017 PM2.5 |   6.17 |   5.96 |   5.91 |   4.80 |I I 
10:17-Fri-Mar-10-2017 PM10  |  10.54 |  11.32 |  12.89 |   8.47 |I I 
10:17-Fri-Mar-10-2017 PM2.5 |   5.83 |   5.95 |   5.91 |   4.80 |I I 
10:21-Fri-Mar-10-2017 PM10  |  11.71 |  11.36 |  12.89 |   8.47 |I I 
10:21-Fri-Mar-10-2017 PM2.5 |   6.24 |   5.98 |   5.91 |   4.80 |I I 
10:22-Fri-Mar-10-2017 PM10  |  13.54 |  11.58 |  12.89 |   8.47 |I I 
10:22-Fri-Mar-10-2017 PM2.5 |   6.96 |   6.08 |   5.91 |   4.80 |I I 
10:26-Fri-Mar-10-2017 PM10  |   9.97 |  11.43 |  12.89 |   8.47 |I I 
10:26-Fri-Mar-10-2017 PM2.5 |   6.15 |   6.08 |   5.91 |   4.80 |I I 
10:27-Fri-Mar-10-2017 PM10  |  10.52 |  11.35 |  12.89 |   8.47 |I I 
10:27-Fri-Mar-10-2017 PM2.5 |   5.95 |   6.07 |   5.91 |   4.80 |I I 
10:31-Fri-Mar-10-2017 PM10  |  11.44 |  11.36 |  12.89 |   8.47 |I I 
10:31-Fri-Mar-10-2017 PM2.5 |   6.56 |   6.11 |   5.91 |   4.80 |I I 
10:32-Fri-Mar-10-2017 PM10  |  11.44 |  11.37 |  12.89 |   8.47 |I I 
10:32-Fri-Mar-10-2017 PM2.5 |   6.56 |   6.14 |   5.91 |   4.80 |I I 
10:33-Fri-Mar-10-2017 PM10  |  13.10 |  11.48 |  12.89 |   8.47 |I I 
10:33-Fri-Mar-10-2017 PM2.5 |   6.54 |   6.17 |   5.91 |   4.80 |I I 
10:37-Fri-Mar-10-2017 PM10  |   9.92 |  11.38 |  12.89 |   8.47 |I I 
10:37-Fri-Mar-10-2017 PM2.5 |   6.00 |   6.16 |   5.91 |   4.80 |I I 
10:38-Fri-Mar-10-2017 PM10  |  11.92 |  11.42 |  12.89 |   8.47 |I I 
10:38-Fri-Mar-10-2017 PM2.5 |   6.16 |   6.16 |   5.91 |   4.80 |I I 
10:42-Fri-Mar-10-2017 PM10  |  11.43 |  11.42 |  12.89 |   8.47 |I I 
10:42-Fri-Mar-10-2017 PM2.5 |   6.90 |   6.20 |   5.91 |   4.80 |I I 
10:44-Fri-Mar-10-2017 PM10  |  11.18 |  11.40 |  12.89 |   8.47 |I I 
10:44-Fri-Mar-10-2017 PM2.5 |   6.48 |   6.21 |   5.91 |   4.80 |I I 
10:48-Fri-Mar-10-2017 PM10  |  10.75 |  11.37 |  12.89 |   8.47 |I I 
10:48-Fri-Mar-10-2017 PM2.5 |   6.47 |   6.23 |   5.91 |   4.80 |I I 
10:49-Fri-Mar-10-2017 PM10  |  14.16 |  11.50 |  12.89 |   8.47 |I I 
10:49-Fri-Mar-10-2017 PM2.5 |   7.43 |   6.28 |   5.91 |   4.80 |I I 
10:53-Fri-Mar-10-2017 PM10  |  13.79 |  11.61 |  12.89 |   8.47 |I I 
10:53-Fri-Mar-10-2017 PM2.5 |   7.36 |   6.33 |   5.91 |   4.80 |I I 
10:54-Fri-Mar-10-2017 PM10  |  11.42 |  11.60 |  12.89 |   8.47 |I I 
10:54-Fri-Mar-10-2017 PM2.5 |   6.59 |   6.34 |   5.91 |   4.80 |I I 
10:58-Fri-Mar-10-2017 PM10  |  12.21 |  11.62 |  12.89 |   8.47 |I I 
10:58-Fri-Mar-10-2017 PM2.5 |   6.77 |   6.36 |   5.91 |   4.80 |I I 
10:59-Fri-Mar-10-2017 PM10  |  11.38 |  11.61 |  12.89 |   8.47 |I I 
10:59-Fri-Mar-10-2017 PM2.5 |   6.76 |   6.38 |   5.91 |   4.80 |I I 
11:00-Fri-Mar-10-2017 PM10  |  11.38 |  11.61 |  12.89 |   8.47 |I I 
11:00-Fri-Mar-10-2017 PM2.5 |   6.76 |   6.39 |   6.39 |   4.80 |I I 
11:04-Fri-Mar-10-2017 PM10  |  12.26 |  12.26 |  12.89 |   8.47 |I I 
11:04-Fri-Mar-10-2017 PM2.5 |   6.69 |   6.69 |   6.39 |   4.80 |I I 
11:05-Fri-Mar-10-2017 PM10  |  10.06 |  11.16 |  12.89 |   8.47 |I I 
11:05-Fri-Mar-10-2017 PM2.5 |   6.04 |   6.36 |   6.39 |   4.80 |I I 
11:09-Fri-Mar-10-2017 PM10  |  10.25 |  10.86 |  12.89 |   8.47 |I I 
11:09-Fri-Mar-10-2017 PM2.5 |   6.19 |   6.31 |   6.39 |   4.80 |I I 
11:10-Fri-Mar-10-2017 PM10  |  10.46 |  10.76 |  12.89 |   8.47 |I I 
11:10-Fri-Mar-10-2017 PM2.5 |   5.79 |   6.18 |   6.39 |   4.80 |I I 
11:14-Fri-Mar-10-2017 PM10  |  10.11 |  10.63 |  12.89 |   8.47 |I I 
11:14-Fri-Mar-10-2017 PM2.5 |   5.78 |   6.10 |   6.39 |   4.80 |I I 
11:15-Fri-Mar-10-2017 PM10  |  13.03 |  11.03 |  12.89 |   8.47 |I I 
11:15-Fri-Mar-10-2017 PM2.5 |   6.00 |   6.08 |   6.39 |   4.80 |I I 
11:19-Fri-Mar-10-2017 PM10  |  10.25 |  10.92 |  12.89 |   8.47 |I I 
11:19-Fri-Mar-10-2017 PM2.5 |   6.08 |   6.08 |   6.39 |   4.80 |I I 
11:20-Fri-Mar-10-2017 PM10  |   9.38 |  10.72 |  12.89 |   8.47 |I I 
11:20-Fri-Mar-10-2017 PM2.5 |   5.19 |   5.97 |   6.39 |   4.80 |I I 
11:24-Fri-Mar-10-2017 PM10  |  11.51 |  10.81 |  12.89 |   8.47 |I I 
11:24-Fri-Mar-10-2017 PM2.5 |   5.43 |   5.91 |   6.39 |   4.80 |I I 
11:25-Fri-Mar-10-2017 PM10  |   8.48 |  10.58 |  12.89 |   8.47 |I I 
11:25-Fri-Mar-10-2017 PM2.5 |   4.89 |   5.81 |   6.39 |   4.80 |I I 
11:29-Fri-Mar-10-2017 PM10  |  10.34 |  10.56 |  12.89 |   8.47 |I I 
11:29-Fri-Mar-10-2017 PM2.5 |   5.53 |   5.78 |   6.39 |   4.80 |I I 
11:30-Fri-Mar-10-2017 PM10  |  10.34 |  10.54 |  12.89 |   8.47 |I I 
11:30-Fri-Mar-10-2017 PM2.5 |   5.53 |   5.76 |   6.39 |   4.80 |I I 
11:31-Fri-Mar-10-2017 PM10  |   7.16 |  10.28 |  12.89 |   8.47 |I I 
11:31-Fri-Mar-10-2017 PM2.5 |   4.78 |   5.69 |   6.39 |   4.80 |I I 
11:35-Fri-Mar-10-2017 PM10  |   8.79 |  10.17 |  12.89 |   8.47 |I I 
11:35-Fri-Mar-10-2017 PM2.5 |   5.42 |   5.67 |   6.39 |   4.80 |I I 
11:36-Fri-Mar-10-2017 PM10  |   8.68 |  10.07 |  12.89 |   8.47 |I I 
11:36-Fri-Mar-10-2017 PM2.5 |   5.14 |   5.63 |   6.39 |   4.80 |I I 
11:40-Fri-Mar-10-2017 PM10  |   9.36 |  10.03 |  12.89 |   8.47 |I I 
11:40-Fri-Mar-10-2017 PM2.5 |   4.95 |   5.59 |   6.39 |   4.80 |I I 
11:41-Fri-Mar-10-2017 PM10  |   8.72 |   9.95 |  12.89 |   8.47 |I I 
11:41-Fri-Mar-10-2017 PM2.5 |   4.94 |   5.55 |   6.39 |   4.80 |I I 
11:45-Fri-Mar-10-2017 PM10  |  10.33 |   9.97 |  12.89 |   8.47 |I I 
11:45-Fri-Mar-10-2017 PM2.5 |   5.09 |   5.52 |   6.39 |   4.80 |I I 
11:46-Fri-Mar-10-2017 PM10  |   9.42 |   9.94 |  12.89 |   8.47 |I I 
11:46-Fri-Mar-10-2017 PM2.5 |   4.81 |   5.49 |   6.39 |   4.80 |I I 
11:50-Fri-Mar-10-2017 PM10  |   9.48 |   9.92 |  12.89 |   8.47 |I I 
11:50-Fri-Mar-10-2017 PM2.5 |   5.13 |   5.47 |   6.39 |   4.80 |I I 
11:51-Fri-Mar-10-2017 PM10  |   7.77 |   9.82 |  12.89 |   8.47 |I I 
11:51-Fri-Mar-10-2017 PM2.5 |   4.79 |   5.44 |   6.39 |   4.80 |I I 
11:55-Fri-Mar-10-2017 PM10  |   8.91 |   9.78 |  12.89 |   8.47 |I I 
11:55-Fri-Mar-10-2017 PM2.5 |   4.79 |   5.41 |   6.39 |   4.80 |I I 
11:56-Fri-Mar-10-2017 PM10  |   7.86 |   9.69 |  12.89 |   8.47 |I I 
11:56-Fri-Mar-10-2017 PM2.5 |   4.46 |   5.37 |   6.39 |   4.80 |I I 
11:57-Fri-Mar-10-2017 PM10  |   7.86 |   9.62 |  12.89 |   8.47 |I I 
11:57-Fri-Mar-10-2017 PM2.5 |   4.46 |   5.33 |   6.39 |   4.80 |I I 
12:01-Fri-Mar-10-2017 PM10  |   7.60 |   9.54 |  12.89 |   8.47 |I I 
12:01-Fri-Mar-10-2017 PM2.5 |   4.53 |   5.30 |   6.39 |   4.80 |I I 
12:02-Fri-Mar-10-2017 PM10  |   6.39 |   6.39 |  12.89 |   8.47 |I I 
12:02-Fri-Mar-10-2017 PM2.5 |   4.27 |   4.27 |   6.39 |   4.80 |I I 
12:06-Fri-Mar-10-2017 PM10  |   7.04 |   6.72 |  12.89 |   8.47 |I I 
12:06-Fri-Mar-10-2017 PM2.5 |   4.58 |   4.42 |   6.39 |   4.80 |I I 
12:07-Fri-Mar-10-2017 PM10  |  10.25 |   7.90 |  12.89 |   8.47 |I I 
12:07-Fri-Mar-10-2017 PM2.5 |   4.92 |   4.59 |   6.39 |   4.80 |I I 
12:11-Fri-Mar-10-2017 PM10  |   8.29 |   7.99 |  12.89 |   8.47 |I I 
12:11-Fri-Mar-10-2017 PM2.5 |   4.85 |   4.66 |   6.39 |   4.80 |I I 
12:12-Fri-Mar-10-2017 PM10  |   7.90 |   7.98 |  12.89 |   8.47 |I I 
12:12-Fri-Mar-10-2017 PM2.5 |   4.46 |   4.62 |   6.39 |   4.80 |I I 
12:16-Fri-Mar-10-2017 PM10  |   7.95 |   7.97 |  12.89 |   8.47 |I I 
12:16-Fri-Mar-10-2017 PM2.5 |   4.49 |   4.60 |   6.39 |   4.80 |I I 
12:17-Fri-Mar-10-2017 PM10  |   8.19 |   8.00 |  12.89 |   8.47 |I I 
12:17-Fri-Mar-10-2017 PM2.5 |   4.68 |   4.61 |   6.39 |   4.80 |I I 
12:21-Fri-Mar-10-2017 PM10  |   6.92 |   7.87 |  12.89 |   8.47 |I I 
12:21-Fri-Mar-10-2017 PM2.5 |   4.37 |   4.58 |   6.39 |   4.80 |I I 
12:22-Fri-Mar-10-2017 PM10  |   8.23 |   7.91 |  12.89 |   8.47 |I I 
12:22-Fri-Mar-10-2017 PM2.5 |   4.39 |   4.56 |   6.39 |   4.80 |I I 
12:26-Fri-Mar-10-2017 PM10  |   8.49 |   7.97 |  12.89 |   8.47 |I I 
12:26-Fri-Mar-10-2017 PM2.5 |   4.47 |   4.55 |   6.39 |   4.80 |I I 
12:27-Fri-Mar-10-2017 PM10  |   8.49 |   8.01 |  12.89 |   8.47 |I I 
12:27-Fri-Mar-10-2017 PM2.5 |   4.47 |   4.54 |   6.39 |   4.80 |I I 
12:28-Fri-Mar-10-2017 PM10  |  10.16 |   8.19 |  12.89 |   8.47 |I I 
12:28-Fri-Mar-10-2017 PM2.5 |   4.25 |   4.52 |   6.39 |   4.80 |I I 
12:32-Fri-Mar-10-2017 PM10  |   7.84 |   8.16 |  12.89 |   8.47 |I I 
12:32-Fri-Mar-10-2017 PM2.5 |   3.90 |   4.47 |   6.39 |   4.80 |I I 
12:33-Fri-Mar-10-2017 PM10  |   7.32 |   8.10 |  12.89 |   8.47 |I I 
12:33-Fri-Mar-10-2017 PM2.5 |   4.30 |   4.46 |   6.39 |   4.80 |I I 
12:37-Fri-Mar-10-2017 PM10  |   7.02 |   8.03 |  12.89 |   8.47 |I I 
12:37-Fri-Mar-10-2017 PM2.5 |   4.23 |   4.44 |   6.39 |   4.80 |I I 
12:38-Fri-Mar-10-2017 PM10  |   7.61 |   8.01 |  12.89 |   8.47 |I I 
12:38-Fri-Mar-10-2017 PM2.5 |   4.09 |   4.42 |   6.39 |   4.80 |I I 
12:43-Fri-Mar-10-2017 PM10  |   6.33 |   7.91 |  12.89 |   8.47 |I I 
12:43-Fri-Mar-10-2017 PM2.5 |   4.14 |   4.40 |   6.39 |   4.80 |I I 
12:44-Fri-Mar-10-2017 PM10  |   6.38 |   7.82 |  12.89 |   8.47 |I I 
12:44-Fri-Mar-10-2017 PM2.5 |   4.14 |   4.39 |   6.39 |   4.80 |I I 
12:48-Fri-Mar-10-2017 PM10  |   6.43 |   7.75 |  12.89 |   8.47 |I I 
12:48-Fri-Mar-10-2017 PM2.5 |   4.06 |   4.37 |   6.39 |   4.80 |I I 
12:49-Fri-Mar-10-2017 PM10  |   6.98 |   7.71 |  12.89 |   8.47 |I I 
12:49-Fri-Mar-10-2017 PM2.5 |   3.96 |   4.35 |   6.39 |   4.80 |I I 
12:53-Fri-Mar-10-2017 PM10  |   6.94 |   7.67 |  12.89 |   8.47 |I I 
12:53-Fri-Mar-10-2017 PM2.5 |   3.98 |   4.33 |   6.39 |   4.80 |I I 
12:54-Fri-Mar-10-2017 PM10  |   6.94 |   7.64 |  12.89 |   8.47 |I I 
12:54-Fri-Mar-10-2017 PM2.5 |   3.98 |   4.32 |   6.39 |   4.80 |I I 
12:55-Fri-Mar-10-2017 PM10  |   6.82 |   7.60 |  12.89 |   8.47 |I I 
12:55-Fri-Mar-10-2017 PM2.5 |   3.90 |   4.30 |   6.39 |   4.80 |I I 
12:59-Fri-Mar-10-2017 PM10  |   5.57 |   7.52 |  12.89 |   8.47 |I I 
12:59-Fri-Mar-10-2017 PM2.5 |   3.77 |   4.28 |   6.39 |   4.80 |I I 
13:00-Fri-Mar-10-2017 PM10  |   7.96 |   7.54 |  12.89 |   7.54 |I I 
13:00-Fri-Mar-10-2017 PM2.5 |   4.41 |   4.28 |   6.39 |   4.28 |I I 
13:04-Fri-Mar-10-2017 PM10  |   6.97 |   6.97 |  12.89 |   7.54 |I I 
13:04-Fri-Mar-10-2017 PM2.5 |   4.33 |   4.33 |   6.39 |   4.28 |I I 
13:05-Fri-Mar-10-2017 PM10  |   7.65 |   7.31 |  12.89 |   7.54 |I I 
13:05-Fri-Mar-10-2017 PM2.5 |   4.03 |   4.18 |   6.39 |   4.28 |I I 
13:09-Fri-Mar-10-2017 PM10  |   8.20 |   7.61 |  12.89 |   7.54 |I I 
13:09-Fri-Mar-10-2017 PM2.5 |   4.23 |   4.20 |   6.39 |   4.28 |I I 
13:10-Fri-Mar-10-2017 PM10  |   6.06 |   7.22 |  12.89 |   7.54 |I I 
13:10-Fri-Mar-10-2017 PM2.5 |   3.72 |   4.08 |   6.39 |   4.28 |I I 
13:14-Fri-Mar-10-2017 PM10  |   5.96 |   6.97 |  12.89 |   7.54 |I I 
13:14-Fri-Mar-10-2017 PM2.5 |   3.91 |   4.04 |   6.39 |   4.28 |I I 
13:15-Fri-Mar-10-2017 PM10  |   6.76 |   6.93 |  12.89 |   7.54 |I I 
13:15-Fri-Mar-10-2017 PM2.5 |   3.75 |   4.00 |   6.39 |   4.28 |I I 
13:19-Fri-Mar-10-2017 PM10  |   7.04 |   6.95 |  12.89 |   7.54 |I I 
13:19-Fri-Mar-10-2017 PM2.5 |   3.93 |   3.99 |   6.39 |   4.28 |I I 
13:20-Fri-Mar-10-2017 PM10  |   6.49 |   6.89 |  12.89 |   7.54 |I I 
13:20-Fri-Mar-10-2017 PM2.5 |   4.01 |   3.99 |   6.39 |   4.28 |I I 
13:24-Fri-Mar-10-2017 PM10  |   5.67 |   6.76 |  12.89 |   7.54 |I I 
13:24-Fri-Mar-10-2017 PM2.5 |   3.89 |   3.98 |   6.39 |   4.28 |I I 
13:25-Fri-Mar-10-2017 PM10  |   5.67 |   6.65 |  12.89 |   7.54 |I I 
13:25-Fri-Mar-10-2017 PM2.5 |   3.89 |   3.97 |   6.39 |   4.28 |I I 
13:26-Fri-Mar-10-2017 PM10  |   6.79 |   6.66 |  12.89 |   7.54 |I I 
13:26-Fri-Mar-10-2017 PM2.5 |   3.91 |   3.96 |   6.39 |   4.28 |I I 
13:30-Fri-Mar-10-2017 PM10  |   8.04 |   6.78 |  12.89 |   7.54 |I I 
13:30-Fri-Mar-10-2017 PM2.5 |   4.01 |   3.97 |   6.39 |   4.28 |I I 
13:31-Fri-Mar-10-2017 PM10  |   6.43 |   6.75 |  12.89 |   7.54 |I I 
13:31-Fri-Mar-10-2017 PM2.5 |   3.94 |   3.97 |   6.39 |   4.28 |I I 
13:35-Fri-Mar-10-2017 PM10  |   6.62 |   6.74 |  12.89 |   7.54 |I I 
13:35-Fri-Mar-10-2017 PM2.5 |   4.29 |   3.99 |   6.39 |   4.28 |I I 
13:36-Fri-Mar-10-2017 PM10  |   8.70 |   6.87 |  12.89 |   7.54 |I I 
13:36-Fri-Mar-10-2017 PM2.5 |   4.14 |   4.00 |   6.39 |   4.28 |I I 
13:40-Fri-Mar-10-2017 PM10  |   8.88 |   7.00 |  12.89 |   7.54 |I I 
13:40-Fri-Mar-10-2017 PM2.5 |   3.94 |   3.99 |   6.39 |   4.28 |I I 
13:41-Fri-Mar-10-2017 PM10  |   7.35 |   7.02 |  12.89 |   7.54 |I I 
13:41-Fri-Mar-10-2017 PM2.5 |   3.75 |   3.98 |   6.39 |   4.28 |I I 
13:45-Fri-Mar-10-2017 PM10  |   7.82 |   7.06 |  12.89 |   7.54 |I I 
13:45-Fri-Mar-10-2017 PM2.5 |   4.00 |   3.98 |   6.39 |   4.28 |I I 
13:46-Fri-Mar-10-2017 PM10  |   6.64 |   7.04 |  12.89 |   7.54 |I I 
13:46-Fri-Mar-10-2017 PM2.5 |   3.69 |   3.97 |   6.39 |   4.28 |I I 
13:50-Fri-Mar-10-2017 PM10  |   6.80 |   7.03 |  12.89 |   7.54 |I I 
13:50-Fri-Mar-10-2017 PM2.5 |   3.94 |   3.96 |   6.39 |   4.28 |I I 
13:51-Fri-Mar-10-2017 PM10  |   5.57 |   6.96 |  12.89 |   7.54 |I I 
13:51-Fri-Mar-10-2017 PM2.5 |   3.50 |   3.94 |   6.39 |   4.28 |I I 
13:52-Fri-Mar-10-2017 PM10  |   5.57 |   6.90 |  12.89 |   7.54 |I I 
13:52-Fri-Mar-10-2017 PM2.5 |   3.50 |   3.92 |   6.39 |   4.28 |I I 
13:56-Fri-Mar-10-2017 PM10  |   6.02 |   6.86 |  12.89 |   7.54 |I I 
13:56-Fri-Mar-10-2017 PM2.5 |   3.84 |   3.92 |   6.39 |   4.28 |I I 
13:57-Fri-Mar-10-2017 PM10  |   7.39 |   6.88 |  12.89 |   7.54 |I I 
13:57-Fri-Mar-10-2017 PM2.5 |   3.87 |   3.92 |   6.39 |   4.28 |I I 
14:01-Fri-Mar-10-2017 PM10  |   9.34 |   6.98 |  12.89 |   6.98 |I I 
14:01-Fri-Mar-10-2017 PM2.5 |   4.06 |   3.92 |   6.39 |   3.92 |I I 
14:02-Fri-Mar-10-2017 PM10  |   9.17 |   9.17 |  12.89 |   6.98 |I I 
14:02-Fri-Mar-10-2017 PM2.5 |   4.19 |   4.19 |   6.39 |   3.92 |I I 
14:06-Fri-Mar-10-2017 PM10  |   6.95 |   8.06 |  12.89 |   6.98 |I I 
14:06-Fri-Mar-10-2017 PM2.5 |   4.00 |   4.10 |   6.39 |   3.92 |I I 
14:07-Fri-Mar-10-2017 PM10  |   7.18 |   7.77 |  12.89 |   6.98 |I I 
14:07-Fri-Mar-10-2017 PM2.5 |   3.83 |   4.01 |   6.39 |   3.92 |I I 
14:11-Fri-Mar-10-2017 PM10  |   6.61 |   7.48 |  12.89 |   6.98 |I I 
14:11-Fri-Mar-10-2017 PM2.5 |   3.86 |   3.97 |   6.39 |   3.92 |I I 
14:12-Fri-Mar-10-2017 PM10  |   6.94 |   7.37 |  12.89 |   6.98 |I I 
14:12-Fri-Mar-10-2017 PM2.5 |   3.68 |   3.91 |   6.39 |   3.92 |I I 
14:16-Fri-Mar-10-2017 PM10  |   6.62 |   7.24 |  12.89 |   6.98 |I I 
14:16-Fri-Mar-10-2017 PM2.5 |   3.90 |   3.91 |   6.39 |   3.92 |I I 
14:17-Fri-Mar-10-2017 PM10  |   7.67 |   7.31 |  12.89 |   6.98 |I I 
14:17-Fri-Mar-10-2017 PM2.5 |   3.89 |   3.91 |   6.39 |   3.92 |I I 
14:21-Fri-Mar-10-2017 PM10  |  10.43 |   7.70 |  12.89 |   6.98 |I I 
14:21-Fri-Mar-10-2017 PM2.5 |   4.63 |   4.00 |   6.39 |   3.92 |I I 
14:22-Fri-Mar-10-2017 PM10  |  10.43 |   8.00 |  12.89 |   6.98 |I I 
14:22-Fri-Mar-10-2017 PM2.5 |   4.63 |   4.07 |   6.39 |   3.92 |I I 
14:23-Fri-Mar-10-2017 PM10  |   9.76 |   8.18 |  12.89 |   6.98 |I I 
14:23-Fri-Mar-10-2017 PM2.5 |   5.61 |   4.22 |   6.39 |   3.92 |I I 
14:27-Fri-Mar-10-2017 PM10  |  10.67 |   8.40 |  12.89 |   6.98 |I I 
14:27-Fri-Mar-10-2017 PM2.5 |   5.44 |   4.33 |   6.39 |   3.92 |I I 
14:29-Fri-Mar-10-2017 PM10  |   6.87 |   8.28 |  12.89 |   6.98 |I I 
14:29-Fri-Mar-10-2017 PM2.5 |   4.26 |   4.33 |   6.39 |   3.92 |I I 
14:33-Fri-Mar-10-2017 PM10  |   7.61 |   8.22 |  12.89 |   6.98 |I I 
14:33-Fri-Mar-10-2017 PM2.5 |   4.51 |   4.34 |   6.39 |   3.92 |I I 
14:34-Fri-Mar-10-2017 PM10  |  10.25 |   8.37 |  12.89 |   6.98 |I I 
14:34-Fri-Mar-10-2017 PM2.5 |   4.32 |   4.34 |   6.39 |   3.92 |I I 
14:38-Fri-Mar-10-2017 PM10  |  10.04 |   8.48 |  12.89 |   6.98 |I I 
14:38-Fri-Mar-10-2017 PM2.5 |   4.40 |   4.34 |   6.39 |   3.92 |I I 
14:39-Fri-Mar-10-2017 PM10  |   8.80 |   8.50 |  12.89 |   6.98 |I I 
14:39-Fri-Mar-10-2017 PM2.5 |   4.42 |   4.35 |   6.39 |   3.92 |I I 
14:43-Fri-Mar-10-2017 PM10  |   9.06 |   8.53 |  12.89 |   6.98 |I I 
14:43-Fri-Mar-10-2017 PM2.5 |   4.38 |   4.35 |   6.39 |   3.92 |I I 
14:44-Fri-Mar-10-2017 PM10  |   9.75 |   8.60 |  12.89 |   6.98 |I I 
14:44-Fri-Mar-10-2017 PM2.5 |   4.38 |   4.35 |   6.39 |   3.92 |I I 
14:48-Fri-Mar-10-2017 PM10  |   9.29 |   8.64 |  12.89 |   6.98 |I I 
14:48-Fri-Mar-10-2017 PM2.5 |   4.16 |   4.34 |   6.39 |   3.92 |I I 
14:49-Fri-Mar-10-2017 PM10  |   6.75 |   8.54 |  12.89 |   6.98 |I I 
14:49-Fri-Mar-10-2017 PM2.5 |   4.07 |   4.33 |   6.39 |   3.92 |I I 
14:50-Fri-Mar-10-2017 PM10  |   6.75 |   8.46 |  12.89 |   6.98 |I I 
14:50-Fri-Mar-10-2017 PM2.5 |   4.07 |   4.32 |   6.39 |   3.92 |I I 
14:54-Fri-Mar-10-2017 PM10  |   7.14 |   8.40 |  12.89 |   6.98 |I I 
14:54-Fri-Mar-10-2017 PM2.5 |   4.20 |   4.31 |   6.39 |   3.92 |I I 
14:55-Fri-Mar-10-2017 PM10  |   8.96 |   8.42 |  12.89 |   6.98 |I I 
14:55-Fri-Mar-10-2017 PM2.5 |   4.19 |   4.31 |   6.39 |   3.92 |I I 
14:59-Fri-Mar-10-2017 PM10  |   7.88 |   8.40 |  12.89 |   6.98 |I I 
14:59-Fri-Mar-10-2017 PM2.5 |   4.29 |   4.30 |   6.39 |   3.92 |I I 
15:00-Fri-Mar-10-2017 PM10  |   6.76 |   8.33 |  12.89 |   6.98 |I I 
15:00-Fri-Mar-10-2017 PM2.5 |   3.52 |   4.27 |   6.39 |   3.92 |I I 
15:04-Fri-Mar-10-2017 PM10  |  10.35 |  10.35 |  12.89 |   6.98 |I I 
15:04-Fri-Mar-10-2017 PM2.5 |   4.06 |   4.06 |   6.39 |   3.92 |I I 
15:05-Fri-Mar-10-2017 PM10  |   7.78 |   9.06 |  12.89 |   6.98 |I I 
15:05-Fri-Mar-10-2017 PM2.5 |   4.27 |   4.17 |   6.39 |   3.92 |I I 
15:09-Fri-Mar-10-2017 PM10  |   6.93 |   8.35 |  12.89 |   6.98 |I I 
15:09-Fri-Mar-10-2017 PM2.5 |   3.97 |   4.10 |   6.39 |   3.92 |I I 
15:10-Fri-Mar-10-2017 PM10  |   9.79 |   8.71 |  12.89 |   6.98 |I I 
15:10-Fri-Mar-10-2017 PM2.5 |   4.37 |   4.17 |   6.39 |   3.92 |I I 
15:14-Fri-Mar-10-2017 PM10  |  10.48 |   9.07 |  12.89 |   6.98 |I I 
15:14-Fri-Mar-10-2017 PM2.5 |   4.64 |   4.26 |   6.39 |   3.92 |I I 
15:15-Fri-Mar-10-2017 PM10  |   8.69 |   9.00 |  12.89 |   6.98 |I I 
15:15-Fri-Mar-10-2017 PM2.5 |   4.30 |   4.27 |   6.39 |   3.92 |I I 
15:19-Fri-Mar-10-2017 PM10  |   9.43 |   9.06 |  12.89 |   6.98 |I I 
15:19-Fri-Mar-10-2017 PM2.5 |   4.44 |   4.29 |   6.39 |   3.92 |I I 
15:20-Fri-Mar-10-2017 PM10  |   9.09 |   9.07 |  12.89 |   6.98 |I I 
15:20-Fri-Mar-10-2017 PM2.5 |   4.03 |   4.26 |   6.39 |   3.92 |I I 
15:21-Fri-Mar-10-2017 PM10  |   9.09 |   9.07 |  12.89 |   6.98 |I I 
15:21-Fri-Mar-10-2017 PM2.5 |   4.03 |   4.23 |   6.39 |   3.92 |I I 
15:25-Fri-Mar-10-2017 PM10  |   8.31 |   8.99 |  12.89 |   6.98 |I I 
15:25-Fri-Mar-10-2017 PM2.5 |   4.26 |   4.24 |   6.39 |   3.92 |I I 
15:26-Fri-Mar-10-2017 PM10  |   8.48 |   8.95 |  12.89 |   6.98 |I I 
15:26-Fri-Mar-10-2017 PM2.5 |   4.73 |   4.28 |   6.39 |   3.92 |I I 
15:30-Fri-Mar-10-2017 PM10  |  10.65 |   9.09 |  12.89 |   6.98 |I I 
15:30-Fri-Mar-10-2017 PM2.5 |   5.05 |   4.35 |   6.39 |   3.92 |I I 
15:31-Fri-Mar-10-2017 PM10  |   8.77 |   9.07 |  12.89 |   6.98 |I I 
15:31-Fri-Mar-10-2017 PM2.5 |   4.79 |   4.38 |   6.39 |   3.92 |I I 
15:35-Fri-Mar-10-2017 PM10  |   9.30 |   9.08 |  12.89 |   6.98 |I I 
15:35-Fri-Mar-10-2017 PM2.5 |   4.97 |   4.42 |   6.39 |   3.92 |I I 
15:36-Fri-Mar-10-2017 PM10  |  11.19 |   9.22 |  12.89 |   6.98 |I I 
15:36-Fri-Mar-10-2017 PM2.5 |   5.21 |   4.48 |   6.39 |   3.92 |I I 
15:40-Fri-Mar-10-2017 PM10  |  11.21 |   9.35 |  12.89 |   6.98 |I I 
15:40-Fri-Mar-10-2017 PM2.5 |   5.63 |   4.55 |   6.39 |   3.92 |I I 
15:41-Fri-Mar-10-2017 PM10  |   9.67 |   9.37 |  12.89 |   6.98 |I I 
15:41-Fri-Mar-10-2017 PM2.5 |   5.02 |   4.58 |   6.39 |   3.92 |I I 
15:45-Fri-Mar-10-2017 PM10  |   8.90 |   9.34 |  12.89 |   6.98 |I I 
15:45-Fri-Mar-10-2017 PM2.5 |   5.05 |   4.60 |   6.39 |   3.92 |I I 
15:46-Fri-Mar-10-2017 PM10  |  10.46 |   9.40 |  12.89 |   6.98 |I I 
15:46-Fri-Mar-10-2017 PM2.5 |   5.26 |   4.64 |   6.39 |   3.92 |I I 
15:50-Fri-Mar-10-2017 PM10  |  10.77 |   9.47 |  12.89 |   6.98 |I I 
15:50-Fri-Mar-10-2017 PM2.5 |   5.97 |   4.70 |   6.39 |   3.92 |I I 
15:51-Fri-Mar-10-2017 PM10  |  10.77 |   9.53 |  12.89 |   6.98 |I I 
15:51-Fri-Mar-10-2017 PM2.5 |   5.97 |   4.76 |   6.39 |   3.92 |I I 
15:52-Fri-Mar-10-2017 PM10  |  11.98 |   9.64 |  12.89 |   6.98 |I I 
15:52-Fri-Mar-10-2017 PM2.5 |   5.41 |   4.79 |   6.39 |   3.92 |I I 
15:56-Fri-Mar-10-2017 PM10  |  10.51 |   9.68 |  12.89 |   6.98 |I I 
15:56-Fri-Mar-10-2017 PM2.5 |   5.78 |   4.84 |   6.39 |   3.92 |I I 
15:57-Fri-Mar-10-2017 PM10  |  11.67 |   9.76 |  12.89 |   6.98 |I I 
15:57-Fri-Mar-10-2017 PM2.5 |   5.66 |   4.87 |   6.39 |   3.92 |I I 
16:01-Fri-Mar-10-2017 PM10  |   9.42 |   9.75 |  12.89 |   6.98 |I I 
16:01-Fri-Mar-10-2017 PM2.5 |   5.56 |   4.90 |   6.39 |   3.92 |I I 
16:02-Fri-Mar-10-2017 PM10  |  10.62 |  10.62 |  12.89 |   6.98 |I I 
16:02-Fri-Mar-10-2017 PM2.5 |   5.81 |   5.81 |   6.39 |   3.92 |I I 
16:06-Fri-Mar-10-2017 PM10  |  10.71 |  10.67 |  12.89 |   6.98 |I I 
16:06-Fri-Mar-10-2017 PM2.5 |   6.16 |   5.98 |   6.39 |   3.92 |I I 
16:07-Fri-Mar-10-2017 PM10  |  13.76 |  11.70 |  12.89 |   6.98 |I I 
16:07-Fri-Mar-10-2017 PM2.5 |   6.29 |   6.09 |   6.39 |   3.92 |I I 
16:11-Fri-Mar-10-2017 PM10  |  18.16 |  13.31 |  12.89 |   6.98 |I I 
16:11-Fri-Mar-10-2017 PM2.5 |   6.74 |   6.25 |   6.39 |   3.92 |I I 
16:12-Fri-Mar-10-2017 PM10  |  18.83 |  14.42 |  12.89 |   6.98 |I I 
16:12-Fri-Mar-10-2017 PM2.5 |   6.20 |   6.24 |   6.39 |   3.92 |I I 
16:16-Fri-Mar-10-2017 PM10  |  13.92 |  14.33 |  12.89 |   6.98 |I I 
16:16-Fri-Mar-10-2017 PM2.5 |   6.36 |   6.26 |   6.39 |   3.92 |I I 
16:18-Fri-Mar-10-2017 PM10  |  12.85 |  14.12 |  12.89 |   6.98 |I I 
16:18-Fri-Mar-10-2017 PM2.5 |   5.86 |   6.20 |   6.39 |   3.92 |I I 
16:19-Fri-Mar-10-2017 PM10  |  12.85 |  13.96 |  12.89 |   6.98 |I I 
16:19-Fri-Mar-10-2017 PM2.5 |   5.86 |   6.16 |   6.39 |   3.92 |I I 
16:23-Fri-Mar-10-2017 PM10  |  16.60 |  14.26 |  12.89 |   6.98 |I I 
16:23-Fri-Mar-10-2017 PM2.5 |   6.39 |   6.18 |   6.39 |   3.92 |I I 
16:24-Fri-Mar-10-2017 PM10  |  12.81 |  14.11 |  12.89 |   6.98 |I I 
16:24-Fri-Mar-10-2017 PM2.5 |   6.09 |   6.17 |   6.39 |   3.92 |I I 
16:28-Fri-Mar-10-2017 PM10  |  14.03 |  14.11 |  12.89 |   6.98 |I I 
16:28-Fri-Mar-10-2017 PM2.5 |   5.94 |   6.15 |   6.39 |   3.92 |I I 
16:29-Fri-Mar-10-2017 PM10  |  16.42 |  14.30 |  12.89 |   6.98 |I I 
16:29-Fri-Mar-10-2017 PM2.5 |   5.86 |   6.13 |   6.39 |   3.92 |I I 
16:33-Fri-Mar-10-2017 PM10  |  12.92 |  14.19 |  12.89 |   6.98 |I I 
16:33-Fri-Mar-10-2017 PM2.5 |   5.66 |   6.09 |   6.39 |   3.92 |I I 
16:34-Fri-Mar-10-2017 PM10  |  12.39 |  14.06 |  12.89 |   6.98 |I I 
16:34-Fri-Mar-10-2017 PM2.5 |   5.54 |   6.05 |   6.39 |   3.92 |I I 
16:38-Fri-Mar-10-2017 PM10  |  12.35 |  13.95 |  12.89 |   6.98 |I I 
16:38-Fri-Mar-10-2017 PM2.5 |   5.65 |   6.03 |   6.39 |   3.92 |I I 
16:39-Fri-Mar-10-2017 PM10  |  12.21 |  13.84 |  12.89 |   6.98 |I I 
16:39-Fri-Mar-10-2017 PM2.5 |   5.29 |   5.98 |   6.39 |   3.92 |I I 
16:43-Fri-Mar-10-2017 PM10  |  13.64 |  13.83 |  12.89 |   6.98 |I I 
16:43-Fri-Mar-10-2017 PM2.5 |   5.49 |   5.95 |   6.39 |   3.92 |I I 
16:44-Fri-Mar-10-2017 PM10  |  11.68 |  13.71 |  12.89 |   6.98 |I I 
16:44-Fri-Mar-10-2017 PM2.5 |   5.52 |   5.93 |   6.39 |   3.92 |I I 
16:48-Fri-Mar-10-2017 PM10  |   9.95 |  13.51 |  12.89 |   6.98 |I I 
16:48-Fri-Mar-10-2017 PM2.5 |   5.28 |   5.89 |   6.39 |   3.92 |I I 
16:49-Fri-Mar-10-2017 PM10  |   9.95 |  13.33 |  12.89 |   6.98 |I I 
16:49-Fri-Mar-10-2017 PM2.5 |   5.28 |   5.86 |   6.39 |   3.92 |I I 
16:50-Fri-Mar-10-2017 PM10  |  14.46 |  13.39 |  12.89 |   6.98 |I I 
16:50-Fri-Mar-10-2017 PM2.5 |   5.46 |   5.84 |   6.39 |   3.92 |I I 
16:54-Fri-Mar-10-2017 PM10  |  13.13 |  13.38 |  12.89 |   6.98 |I I 
16:54-Fri-Mar-10-2017 PM2.5 |   5.45 |   5.83 |   6.39 |   3.92 |I I 
16:55-Fri-Mar-10-2017 PM10  |   9.18 |  13.19 |  12.89 |   6.98 |I I 
16:55-Fri-Mar-10-2017 PM2.5 |   4.83 |   5.78 |   6.39 |   3.92 |I I 
16:59-Fri-Mar-10-2017 PM10  |  10.44 |  13.08 |  12.89 |   6.98 |I I 
16:59-Fri-Mar-10-2017 PM2.5 |   5.02 |   5.75 |   6.39 |   3.92 |I I 
17:00-Fri-Mar-10-2017 PM10  |   9.51 |  12.94 |  12.94 |   6.98 |I I 
17:00-Fri-Mar-10-2017 PM2.5 |   4.89 |   5.72 |   6.39 |   3.92 |I I 
17:04-Fri-Mar-10-2017 PM10  |  11.85 |  11.85 |  12.94 |   6.98 |I I 
17:04-Fri-Mar-10-2017 PM2.5 |   4.94 |   4.94 |   6.39 |   3.92 |I I 
17:05-Fri-Mar-10-2017 PM10  |   8.60 |  10.23 |  12.94 |   6.98 |I I 
17:05-Fri-Mar-10-2017 PM2.5 |   4.34 |   4.64 |   6.39 |   3.92 |I I 
17:09-Fri-Mar-10-2017 PM10  |   9.23 |   9.89 |  12.94 |   6.98 |I I 
17:09-Fri-Mar-10-2017 PM2.5 |   4.70 |   4.66 |   6.39 |   3.92 |I I 
17:10-Fri-Mar-10-2017 PM10  |   8.57 |   9.56 |  12.94 |   6.98 |I I 
17:10-Fri-Mar-10-2017 PM2.5 |   4.41 |   4.60 |   6.39 |   3.92 |I I 
17:14-Fri-Mar-10-2017 PM10  |   9.74 |   9.60 |  12.94 |   6.98 |I I 
17:14-Fri-Mar-10-2017 PM2.5 |   4.64 |   4.61 |   6.39 |   3.92 |I I 
17:15-Fri-Mar-10-2017 PM10  |   6.99 |   9.16 |  12.94 |   6.98 |I I 
17:15-Fri-Mar-10-2017 PM2.5 |   3.92 |   4.49 |   6.39 |   3.92 |I I 
17:16-Fri-Mar-10-2017 PM10  |   6.99 |   8.85 |  12.94 |   6.98 |I I 
17:16-Fri-Mar-10-2017 PM2.5 |   3.92 |   4.41 |   6.39 |   3.92 |I I 
17:19-Fri-Mar-10-2017 PM10  |   8.76 |   8.84 |  12.94 |   6.98 |I I 
17:19-Fri-Mar-10-2017 PM2.5 |   4.37 |   4.40 |   6.39 |   3.92 |I I 
17:20-Fri-Mar-10-2017 PM10  |   8.76 |   8.83 |  12.94 |   6.98 |I I 
17:20-Fri-Mar-10-2017 PM2.5 |   4.37 |   4.40 |   6.39 |   3.92 |I I 
17:21-Fri-Mar-10-2017 PM10  |   8.04 |   8.75 |  12.94 |   6.98 |I I 
17:21-Fri-Mar-10-2017 PM2.5 |   3.82 |   4.34 |   6.39 |   3.92 |I I 
17:25-Fri-Mar-10-2017 PM10  |   7.20 |   8.61 |  12.94 |   6.98 |I I 
17:25-Fri-Mar-10-2017 PM2.5 |   3.73 |   4.29 |   6.39 |   3.92 |I I 
17:26-Fri-Mar-10-2017 PM10  |   9.70 |   8.70 |  12.94 |   6.98 |I I 
17:26-Fri-Mar-10-2017 PM2.5 |   3.87 |   4.25 |   6.39 |   3.92 |I I 
17:30-Fri-Mar-10-2017 PM10  |   8.86 |   8.71 |  12.94 |   6.98 |I I 
17:30-Fri-Mar-10-2017 PM2.5 |   3.80 |   4.22 |   6.39 |   3.92 |I I 
17:31-Fri-Mar-10-2017 PM10  |   6.95 |   8.59 |  12.94 |   6.98 |I I 
17:31-Fri-Mar-10-2017 PM2.5 |   3.85 |   4.19 |   6.39 |   3.92 |I I 
17:35-Fri-Mar-10-2017 PM10  |   6.32 |   8.44 |  12.94 |   6.98 |I I 
17:35-Fri-Mar-10-2017 PM2.5 |   3.56 |   4.15 |   6.39 |   3.92 |I I 
17:36-Fri-Mar-10-2017 PM10  |   5.49 |   8.25 |  12.94 |   6.98 |I I 
17:36-Fri-Mar-10-2017 PM2.5 |   3.51 |   4.11 |   6.39 |   3.92 |I I 
17:40-Fri-Mar-10-2017 PM10  |   6.18 |   8.13 |  12.94 |   6.98 |I I 
17:40-Fri-Mar-10-2017 PM2.5 |   3.75 |   4.09 |   6.39 |   3.92 |I I 
17:41-Fri-Mar-10-2017 PM10  |   9.03 |   8.18 |  12.94 |   6.98 |I I 
17:41-Fri-Mar-10-2017 PM2.5 |   3.39 |   4.05 |   6.39 |   3.92 |I I 
17:45-Fri-Mar-10-2017 PM10  |   5.65 |   8.05 |  12.94 |   6.98 |I I 
17:45-Fri-Mar-10-2017 PM2.5 |   3.51 |   4.02 |   6.39 |   3.92 |I I 
17:46-Fri-Mar-10-2017 PM10  |   5.65 |   7.93 |  12.94 |   6.98 |I I 
17:46-Fri-Mar-10-2017 PM2.5 |   3.51 |   3.99 |   6.39 |   3.92 |I I 
17:47-Fri-Mar-10-2017 PM10  |   6.60 |   7.86 |  12.94 |   6.98 |I I 
17:47-Fri-Mar-10-2017 PM2.5 |   3.41 |   3.97 |   6.39 |   3.92 |I I 
17:51-Fri-Mar-10-2017 PM10  |   5.56 |   7.76 |  12.94 |   6.98 |I I 
17:51-Fri-Mar-10-2017 PM2.5 |   3.21 |   3.93 |   6.39 |   3.92 |I I 
17:52-Fri-Mar-10-2017 PM10  |   5.83 |   7.68 |  12.94 |   6.98 |I I 
17:52-Fri-Mar-10-2017 PM2.5 |   3.55 |   3.92 |   6.39 |   3.92 |I I 
17:56-Fri-Mar-10-2017 PM10  |   6.26 |   7.62 |  12.94 |   6.98 |I I 
17:56-Fri-Mar-10-2017 PM2.5 |   3.72 |   3.91 |   6.39 |   3.92 |I I 
17:57-Fri-Mar-10-2017 PM10  |   9.28 |   7.68 |  12.94 |   6.98 |I I 
17:57-Fri-Mar-10-2017 PM2.5 |   3.63 |   3.90 |   6.39 |   3.92 |I I 
18:01-Fri-Mar-10-2017 PM10  |   7.06 |   7.66 |  12.94 |   6.98 |I I 
18:01-Fri-Mar-10-2017 PM2.5 |   3.96 |   3.90 |   6.39 |   3.90 |I I 
18:02-Fri-Mar-10-2017 PM10  |   6.85 |   6.85 |  12.94 |   6.98 |I I 
18:02-Fri-Mar-10-2017 PM2.5 |   3.49 |   3.49 |   6.39 |   3.90 |I I 
18:06-Fri-Mar-10-2017 PM10  |   6.83 |   6.84 |  12.94 |   6.98 |I I 
18:06-Fri-Mar-10-2017 PM2.5 |   3.79 |   3.64 |   6.39 |   3.90 |I I 
18:07-Fri-Mar-10-2017 PM10  |   6.34 |   6.67 |  12.94 |   6.98 |I I 
18:07-Fri-Mar-10-2017 PM2.5 |   3.86 |   3.71 |   6.39 |   3.90 |I I 
18:11-Fri-Mar-10-2017 PM10  |   6.99 |   6.75 |  12.94 |   6.98 |I I 
18:11-Fri-Mar-10-2017 PM2.5 |   3.74 |   3.72 |   6.39 |   3.90 |I I 
18:12-Fri-Mar-10-2017 PM10  |   6.02 |   6.61 |  12.94 |   6.98 |I I 
18:12-Fri-Mar-10-2017 PM2.5 |   3.52 |   3.68 |   6.39 |   3.90 |I I 
18:13-Fri-Mar-10-2017 PM10  |   6.02 |   6.51 |  12.94 |   6.98 |I I 
18:13-Fri-Mar-10-2017 PM2.5 |   3.52 |   3.66 |   6.39 |   3.90 |I I 
18:17-Fri-Mar-10-2017 PM10  |   7.51 |   6.65 |  12.94 |   6.98 |I I 
18:17-Fri-Mar-10-2017 PM2.5 |   3.50 |   3.63 |   6.39 |   3.90 |I I 
18:18-Fri-Mar-10-2017 PM10  |   5.89 |   6.56 |  12.94 |   6.98 |I I 
18:18-Fri-Mar-10-2017 PM2.5 |   3.58 |   3.63 |   6.39 |   3.90 |I I 
18:23-Fri-Mar-10-2017 PM10  |   6.89 |   6.59 |  12.94 |   6.98 |I I 
18:23-Fri-Mar-10-2017 PM2.5 |   3.54 |   3.62 |   6.39 |   3.90 |I I 
18:24-Fri-Mar-10-2017 PM10  |   5.98 |   6.53 |  12.94 |   6.98 |I I 
18:24-Fri-Mar-10-2017 PM2.5 |   3.82 |   3.64 |   6.39 |   3.90 |I I 
18:28-Fri-Mar-10-2017 PM10  |   5.77 |   6.46 |  12.94 |   6.98 |I I 
18:28-Fri-Mar-10-2017 PM2.5 |   3.50 |   3.63 |   6.39 |   3.90 |I I 
18:29-Fri-Mar-10-2017 PM10  |   7.49 |   6.55 |  12.94 |   6.98 |I I 
18:29-Fri-Mar-10-2017 PM2.5 |   3.69 |   3.63 |   6.39 |   3.90 |I I 
18:33-Fri-Mar-10-2017 PM10  |   6.00 |   6.51 |  12.94 |   6.98 |I I 
18:33-Fri-Mar-10-2017 PM2.5 |   3.66 |   3.63 |   6.39 |   3.90 |I I 
18:34-Fri-Mar-10-2017 PM10  |   5.84 |   6.46 |  12.94 |   6.98 |I I 
18:34-Fri-Mar-10-2017 PM2.5 |   3.56 |   3.63 |   6.39 |   3.90 |I I 
18:38-Fri-Mar-10-2017 PM10  |   5.70 |   6.41 |  12.94 |   6.98 |I I 
18:38-Fri-Mar-10-2017 PM2.5 |   3.73 |   3.64 |   6.39 |   3.90 |I I 
18:39-Fri-Mar-10-2017 PM10  |   6.68 |   6.42 |  12.94 |   6.98 |I I 
18:39-Fri-Mar-10-2017 PM2.5 |   3.39 |   3.62 |   6.39 |   3.90 |I I 
18:43-Fri-Mar-10-2017 PM10  |   6.14 |   6.41 |  12.94 |   6.98 |I I 
18:43-Fri-Mar-10-2017 PM2.5 |   3.73 |   3.63 |   6.39 |   3.90 |I I 
18:44-Fri-Mar-10-2017 PM10  |   6.14 |   6.39 |  12.94 |   6.98 |I I 
18:44-Fri-Mar-10-2017 PM2.5 |   3.73 |   3.63 |   6.39 |   3.90 |I I 
18:45-Fri-Mar-10-2017 PM10  |   6.16 |   6.38 |  12.94 |   6.98 |I I 
18:45-Fri-Mar-10-2017 PM2.5 |   3.69 |   3.64 |   6.39 |   3.90 |I I 
18:49-Fri-Mar-10-2017 PM10  |   9.09 |   6.52 |  12.94 |   6.98 |I I 
18:49-Fri-Mar-10-2017 PM2.5 |   3.47 |   3.63 |   6.39 |   3.90 |I I 
18:50-Fri-Mar-10-2017 PM10  |   5.60 |   6.47 |  12.94 |   6.98 |I I 
18:50-Fri-Mar-10-2017 PM2.5 |   3.36 |   3.61 |   6.39 |   3.90 |I I 
18:54-Fri-Mar-10-2017 PM10  |   6.03 |   6.45 |  12.94 |   6.98 |I I 
18:54-Fri-Mar-10-2017 PM2.5 |   3.63 |   3.62 |   6.39 |   3.90 |I I 
18:55-Fri-Mar-10-2017 PM10  |   7.86 |   6.51 |  12.94 |   6.98 |I I 
18:55-Fri-Mar-10-2017 PM2.5 |   3.63 |   3.62 |   6.39 |   3.90 |I I 
18:59-Fri-Mar-10-2017 PM10  |   7.43 |   6.55 |  12.94 |   6.98 |I I 
18:59-Fri-Mar-10-2017 PM2.5 |   3.71 |   3.62 |   6.39 |   3.90 |I I 
19:00-Fri-Mar-10-2017 PM10  |   6.14 |   6.53 |  12.94 |   6.53 |I I 
19:00-Fri-Mar-10-2017 PM2.5 |   3.53 |   3.62 |   6.39 |   3.62 |I I 
19:04-Fri-Mar-10-2017 PM10  |   6.99 |   6.99 |  12.94 |   6.53 |I I 
19:04-Fri-Mar-10-2017 PM2.5 |   3.57 |   3.57 |   6.39 |   3.62 |I I 
19:05-Fri-Mar-10-2017 PM10  |   5.91 |   6.45 |  12.94 |   6.53 |I I 
19:05-Fri-Mar-10-2017 PM2.5 |   3.42 |   3.49 |   6.39 |   3.62 |I I 
19:09-Fri-Mar-10-2017 PM10  |   6.23 |   6.38 |  12.94 |   6.53 |I I 
19:09-Fri-Mar-10-2017 PM2.5 |   3.45 |   3.48 |   6.39 |   3.62 |I I 
19:10-Fri-Mar-10-2017 PM10  |   5.78 |   6.23 |  12.94 |   6.53 |I I 
19:10-Fri-Mar-10-2017 PM2.5 |   3.71 |   3.54 |   6.39 |   3.62 |I I 
19:11-Fri-Mar-10-2017 PM10  |   5.78 |   6.14 |  12.94 |   6.53 |I I 
19:11-Fri-Mar-10-2017 PM2.5 |   3.71 |   3.57 |   6.39 |   3.62 |I I 
19:15-Fri-Mar-10-2017 PM10  |   6.13 |   6.14 |  12.94 |   6.53 |I I 
19:15-Fri-Mar-10-2017 PM2.5 |   3.59 |   3.58 |   6.39 |   3.62 |I I 
19:16-Fri-Mar-10-2017 PM10  |   6.46 |   6.18 |  12.94 |   6.53 |I I 
19:16-Fri-Mar-10-2017 PM2.5 |   3.66 |   3.59 |   6.39 |   3.62 |I I 
19:20-Fri-Mar-10-2017 PM10  |   6.03 |   6.16 |  12.94 |   6.53 |I I 
19:20-Fri-Mar-10-2017 PM2.5 |   3.63 |   3.59 |   6.39 |   3.62 |I I 
19:21-Fri-Mar-10-2017 PM10  |   6.25 |   6.17 |  12.94 |   6.53 |I I 
19:21-Fri-Mar-10-2017 PM2.5 |   3.54 |   3.59 |   6.39 |   3.62 |I I 
19:25-Fri-Mar-10-2017 PM10  |   8.30 |   6.39 |  12.94 |   6.53 |I I 
19:25-Fri-Mar-10-2017 PM2.5 |   3.78 |   3.61 |   6.39 |   3.62 |I I 
19:26-Fri-Mar-10-2017 PM10  |   5.96 |   6.35 |  12.94 |   6.53 |I I 
19:26-Fri-Mar-10-2017 PM2.5 |   3.40 |   3.59 |   6.39 |   3.62 |I I 
19:30-Fri-Mar-10-2017 PM10  |   6.55 |   6.36 |  12.94 |   6.53 |I I 
19:30-Fri-Mar-10-2017 PM2.5 |   3.36 |   3.57 |   6.39 |   3.62 |I I 
19:31-Fri-Mar-10-2017 PM10  |   5.65 |   6.31 |  12.94 |   6.53 |I I 
19:31-Fri-Mar-10-2017 PM2.5 |   3.54 |   3.57 |   6.39 |   3.62 |I I 
19:35-Fri-Mar-10-2017 PM10  |   8.09 |   6.44 |  12.94 |   6.53 |I I 
19:35-Fri-Mar-10-2017 PM2.5 |   3.47 |   3.56 |   6.39 |   3.62 |I I 
19:36-Fri-Mar-10-2017 PM10  |   6.23 |   6.42 |  12.94 |   6.53 |I I 
19:36-Fri-Mar-10-2017 PM2.5 |   3.41 |   3.55 |   6.39 |   3.62 |I I 
19:37-Fri-Mar-10-2017 PM10  |   6.23 |   6.41 |  12.94 |   6.53 |I I 
19:37-Fri-Mar-10-2017 PM2.5 |   3.41 |   3.54 |   6.39 |   3.62 |I I 
19:41-Fri-Mar-10-2017 PM10  |   6.54 |   6.42 |  12.94 |   6.53 |I I 
19:41-Fri-Mar-10-2017 PM2.5 |   3.44 |   3.54 |   6.39 |   3.62 |I I 
19:42-Fri-Mar-10-2017 PM10  |   5.79 |   6.38 |  12.94 |   6.53 |I I 
19:42-Fri-Mar-10-2017 PM2.5 |   3.75 |   3.55 |   6.39 |   3.62 |I I 
19:46-Fri-Mar-10-2017 PM10  |   8.32 |   6.49 |  12.94 |   6.53 |I I 
19:46-Fri-Mar-10-2017 PM2.5 |   3.63 |   3.55 |   6.39 |   3.62 |I I 
19:47-Fri-Mar-10-2017 PM10  |   8.17 |   6.57 |  12.94 |   6.53 |I I 
19:47-Fri-Mar-10-2017 PM2.5 |   3.69 |   3.56 |   6.39 |   3.62 |I I 
19:51-Fri-Mar-10-2017 PM10  |   6.86 |   6.58 |  12.94 |   6.53 |I I 
19:51-Fri-Mar-10-2017 PM2.5 |   3.81 |   3.57 |   6.39 |   3.62 |I I 
19:52-Fri-Mar-10-2017 PM10  |   7.25 |   6.61 |  12.94 |   6.53 |I I 
19:52-Fri-Mar-10-2017 PM2.5 |   3.59 |   3.57 |   6.39 |   3.62 |I I 
19:56-Fri-Mar-10-2017 PM10  |   7.12 |   6.64 |  12.94 |   6.53 |I I 
19:56-Fri-Mar-10-2017 PM2.5 |   3.52 |   3.57 |   6.39 |   3.62 |I I 
19:57-Fri-Mar-10-2017 PM10  |   8.32 |   6.71 |  12.94 |   6.53 |I I 
19:57-Fri-Mar-10-2017 PM2.5 |   3.43 |   3.56 |   6.39 |   3.62 |I I 
20:01-Fri-Mar-10-2017 PM10  |   7.77 |   6.75 |  12.94 |   6.53 |I I 
20:01-Fri-Mar-10-2017 PM2.5 |   3.57 |   3.56 |   6.39 |   3.56 |I I 
20:02-Fri-Mar-10-2017 PM10  |   7.33 |   7.33 |  12.94 |   6.53 |I I 
20:02-Fri-Mar-10-2017 PM2.5 |   3.93 |   3.93 |   6.39 |   3.56 |I I 
20:06-Fri-Mar-10-2017 PM10  |   6.59 |   6.96 |  12.94 |   6.53 |I I 
20:06-Fri-Mar-10-2017 PM2.5 |   3.66 |   3.79 |   6.39 |   3.56 |I I 
20:07-Fri-Mar-10-2017 PM10  |   6.59 |   6.84 |  12.94 |   6.53 |I I 
20:07-Fri-Mar-10-2017 PM2.5 |   3.66 |   3.75 |   6.39 |   3.56 |I I 
20:08-Fri-Mar-10-2017 PM10  |   8.19 |   7.18 |  12.94 |   6.53 |I I 
20:08-Fri-Mar-10-2017 PM2.5 |   3.86 |   3.78 |   6.39 |   3.56 |I I 
20:12-Fri-Mar-10-2017 PM10  |   6.79 |   7.10 |  12.94 |   6.53 |I I 
20:12-Fri-Mar-10-2017 PM2.5 |   3.71 |   3.76 |   6.39 |   3.56 |I I 
20:13-Fri-Mar-10-2017 PM10  |  21.41 |   9.48 |  12.94 |   6.53 |I I 
20:13-Fri-Mar-10-2017 PM2.5 |   5.57 |   4.06 |   6.39 |   3.56 |I I 
20:17-Fri-Mar-10-2017 PM10  |  19.40 |  10.90 |  12.94 |   6.53 |I I 
20:17-Fri-Mar-10-2017 PM2.5 |   6.18 |   4.37 |   6.39 |   3.56 |I I 
20:18-Fri-Mar-10-2017 PM10  |  27.61 |  12.99 |  12.94 |   6.53 |I I 
20:18-Fri-Mar-10-2017 PM2.5 |   6.59 |   4.64 |   6.39 |   3.56 |I I 
20:22-Fri-Mar-10-2017 PM10  |  32.42 |  15.15 |  12.94 |   6.53 |I I 
20:22-Fri-Mar-10-2017 PM2.5 |   7.25 |   4.93 |   6.39 |   3.56 |I I 
20:23-Fri-Mar-10-2017 PM10  |  36.11 |  17.24 |  12.94 |   6.53 |I I 
20:23-Fri-Mar-10-2017 PM2.5 |   8.36 |   5.28 |   6.39 |   3.56 |I I 
20:27-Fri-Mar-10-2017 PM10  |  36.22 |  18.97 |  12.94 |   6.53 |I I 
20:27-Fri-Mar-10-2017 PM2.5 |   8.52 |   5.57 |   6.39 |   3.56 |I I 
20:28-Fri-Mar-10-2017 PM10  |  33.68 |  20.20 |  12.94 |   6.53 |I I 
20:28-Fri-Mar-10-2017 PM2.5 |   8.64 |   5.83 |   6.39 |   3.56 |I I 
20:32-Fri-Mar-10-2017 PM10  |  40.56 |  21.76 |  12.94 |   6.53 |I I 
20:32-Fri-Mar-10-2017 PM2.5 |  10.15 |   6.16 |   6.39 |   3.56 |I I 
20:33-Fri-Mar-10-2017 PM10  |  40.56 |  23.10 |  12.94 |   6.53 |I I 
20:33-Fri-Mar-10-2017 PM2.5 |  10.15 |   6.44 |   6.39 |   3.56 |I I 
20:35-Fri-Mar-10-2017 PM10  |  39.51 |  24.20 |  12.94 |   6.53 |I I 
20:35-Fri-Mar-10-2017 PM2.5 |   9.21 |   6.63 |   6.39 |   3.56 |I I 
20:39-Fri-Mar-10-2017 PM10  |  44.27 |  25.45 |  12.94 |   6.53 |I I 
20:39-Fri-Mar-10-2017 PM2.5 |   9.83 |   6.83 |   6.39 |   3.56 |I I 
20:40-Fri-Mar-10-2017 PM10  |  43.34 |  26.51 |  12.94 |   6.53 |I I 
20:40-Fri-Mar-10-2017 PM2.5 |   9.46 |   6.98 |   6.39 |   3.56 |I I 
20:44-Fri-Mar-10-2017 PM10  |  44.86 |  27.53 |  12.94 |   6.53 |I I 
20:44-Fri-Mar-10-2017 PM2.5 |  10.66 |   7.19 |   6.39 |   3.56 |I I 
20:45-Fri-Mar-10-2017 PM10  |  41.27 |  28.25 |  12.94 |   6.53 |I I 
20:45-Fri-Mar-10-2017 PM2.5 |   9.33 |   7.30 |   6.39 |   3.56 |I I 
20:49-Fri-Mar-10-2017 PM10  |  41.27 |  28.90 |  12.94 |   6.53 |I I 
20:49-Fri-Mar-10-2017 PM2.5 |  10.01 |   7.44 |   6.39 |   3.56 |I I 
20:50-Fri-Mar-10-2017 PM10  |  44.61 |  29.65 |  12.94 |   6.53 |I I 
20:50-Fri-Mar-10-2017 PM2.5 |   9.91 |   7.55 |   6.39 |   3.56 |I I 
20:54-Fri-Mar-10-2017 PM10  |  36.20 |  29.95 |  12.94 |   6.53 |I I 
20:54-Fri-Mar-10-2017 PM2.5 |   8.70 |   7.61 |   6.39 |   3.56 |I I 
20:55-Fri-Mar-10-2017 PM10  |  40.63 |  30.41 |  12.94 |   6.53 |I I 
20:55-Fri-Mar-10-2017 PM2.5 |   9.04 |   7.67 |   6.39 |   3.56 |I I 
20:59-Fri-Mar-10-2017 PM10  |  34.62 |  30.59 |  12.94 |   6.53 |I I 
20:59-Fri-Mar-10-2017 PM2.5 |   8.78 |   7.72 |   6.39 |   3.56 |I I 
21:00-Fri-Mar-10-2017 PM10  |  34.96 |  30.76 |  30.76 |   6.53 |I I 
21:00-Fri-Mar-10-2017 PM2.5 |   7.90 |   7.72 |   7.72 |   3.56 |I I 
21:01-Fri-Mar-10-2017 PM10  |  34.96 |  34.96 |  30.76 |   6.53 |I I 
21:01-Fri-Mar-10-2017 PM2.5 |   7.90 |   7.90 |   7.72 |   3.56 |I I 
21:05-Fri-Mar-10-2017 PM10  |  32.86 |  33.91 |  30.76 |   6.53 |I I 
21:05-Fri-Mar-10-2017 PM2.5 |   8.53 |   8.22 |   7.72 |   3.56 |I I 
21:06-Fri-Mar-10-2017 PM10  |  35.57 |  34.46 |  30.76 |   6.53 |I I 
21:06-Fri-Mar-10-2017 PM2.5 |   8.26 |   8.23 |   7.72 |   3.56 |I I 
21:10-Fri-Mar-10-2017 PM10  |  30.50 |  33.47 |  30.76 |   6.53 |I I 
21:10-Fri-Mar-10-2017 PM2.5 |   8.14 |   8.21 |   7.72 |   3.56 |I I 
21:11-Fri-Mar-10-2017 PM10  |  33.13 |  33.40 |  30.76 |   6.53 |I I 
21:11-Fri-Mar-10-2017 PM2.5 |   8.83 |   8.33 |   7.72 |   3.56 |I I 
21:15-Fri-Mar-10-2017 PM10  |  33.71 |  33.45 |  30.76 |   6.53 |I I 
21:15-Fri-Mar-10-2017 PM2.5 |   8.73 |   8.40 |   7.72 |   3.56 |I I 
21:16-Fri-Mar-10-2017 PM10  |  27.47 |  32.60 |  30.76 |   6.53 |I I 
21:16-Fri-Mar-10-2017 PM2.5 |   7.97 |   8.34 |   7.72 |   3.56 |I I 
21:20-Fri-Mar-10-2017 PM10  |  32.09 |  32.54 |  30.76 |   6.53 |I I 
21:20-Fri-Mar-10-2017 PM2.5 |   8.62 |   8.37 |   7.72 |   3.56 |I I 
21:21-Fri-Mar-10-2017 PM10  |  35.66 |  32.88 |  30.76 |   6.53 |I I 
21:21-Fri-Mar-10-2017 PM2.5 |   8.07 |   8.34 |   7.72 |   3.56 |I I 
21:25-Fri-Mar-10-2017 PM10  |  28.54 |  32.45 |  30.76 |   6.53 |I I 
21:25-Fri-Mar-10-2017 PM2.5 |   8.05 |   8.31 |   7.72 |   3.56 |I I 
21:26-Fri-Mar-10-2017 PM10  |  25.22 |  31.79 |  30.76 |   6.53 |I I 
21:26-Fri-Mar-10-2017 PM2.5 |   7.46 |   8.23 |   7.72 |   3.56 |I I 
21:30-Fri-Mar-10-2017 PM10  |  31.21 |  31.74 |  30.76 |   6.53 |I I 
21:30-Fri-Mar-10-2017 PM2.5 |   7.99 |   8.21 |   7.72 |   3.56 |I I 
21:31-Fri-Mar-10-2017 PM10  |  31.21 |  31.70 |  30.76 |   6.53 |I I 
21:31-Fri-Mar-10-2017 PM2.5 |   7.99 |   8.20 |   7.72 |   3.56 |I I 
21:32-Fri-Mar-10-2017 PM10  |  31.37 |  31.68 |  30.76 |   6.53 |I I 
21:32-Fri-Mar-10-2017 PM2.5 |   7.64 |   8.16 |   7.72 |   3.56 |I I 
21:36-Fri-Mar-10-2017 PM10  |  28.59 |  31.47 |  30.76 |   6.53 |I I 
21:36-Fri-Mar-10-2017 PM2.5 |   7.75 |   8.13 |   7.72 |   3.56 |I I 
21:37-Fri-Mar-10-2017 PM10  |  26.56 |  31.16 |  30.76 |   6.53 |I I 
21:37-Fri-Mar-10-2017 PM2.5 |   7.07 |   8.06 |   7.72 |   3.56 |I I 
21:41-Fri-Mar-10-2017 PM10  |  26.99 |  30.92 |  30.76 |   6.53 |I I 
21:41-Fri-Mar-10-2017 PM2.5 |   7.60 |   8.04 |   7.72 |   3.56 |I I 
21:42-Fri-Mar-10-2017 PM10  |  25.71 |  30.63 |  30.76 |   6.53 |I I 
21:42-Fri-Mar-10-2017 PM2.5 |   7.12 |   7.99 |   7.72 |   3.56 |I I 
21:46-Fri-Mar-10-2017 PM10  |  29.10 |  30.55 |  30.76 |   6.53 |I I 
21:46-Fri-Mar-10-2017 PM2.5 |   7.51 |   7.96 |   7.72 |   3.56 |I I 
21:47-Fri-Mar-10-2017 PM10  |  27.62 |  30.40 |  30.76 |   6.53 |I I 
21:47-Fri-Mar-10-2017 PM2.5 |   6.72 |   7.90 |   7.72 |   3.56 |I I 
21:51-Fri-Mar-10-2017 PM10  |  24.41 |  30.12 |  30.76 |   6.53 |I I 
21:51-Fri-Mar-10-2017 PM2.5 |   6.51 |   7.83 |   7.72 |   3.56 |I I 
21:52-Fri-Mar-10-2017 PM10  |  24.16 |  29.85 |  30.76 |   6.53 |I I 
21:52-Fri-Mar-10-2017 PM2.5 |   6.86 |   7.79 |   7.72 |   3.56 |I I 
21:56-Fri-Mar-10-2017 PM10  |  27.54 |  29.75 |  30.76 |   6.53 |I I 
21:56-Fri-Mar-10-2017 PM2.5 |   6.70 |   7.74 |   7.72 |   3.56 |I I 
21:57-Fri-Mar-10-2017 PM10  |  32.40 |  29.86 |  30.76 |   6.53 |I I 
21:57-Fri-Mar-10-2017 PM2.5 |   6.84 |   7.70 |   7.72 |   3.56 |I I 
21:58-Fri-Mar-10-2017 PM10  |  32.40 |  29.96 |  30.76 |   6.53 |I I 
21:58-Fri-Mar-10-2017 PM2.5 |   6.84 |   7.67 |   7.72 |   3.56 |I I 
22:02-Fri-Mar-10-2017 PM10  |  22.30 |  29.66 |  30.76 |   6.53 |I I 
22:02-Fri-Mar-10-2017 PM2.5 |   6.96 |   7.64 |   7.72 |   3.56 |I I 
22:03-Fri-Mar-10-2017 PM10  |  20.80 |  20.80 |  30.76 |   6.53 |I I 
22:03-Fri-Mar-10-2017 PM2.5 |   6.51 |   6.51 |   7.72 |   3.56 |I I 
22:07-Fri-Mar-10-2017 PM10  |  21.53 |  21.16 |  30.76 |   6.53 |I I 
22:07-Fri-Mar-10-2017 PM2.5 |   6.22 |   6.36 |   7.72 |   3.56 |I I 
22:08-Fri-Mar-10-2017 PM10  |  26.88 |  23.07 |  30.76 |   6.53 |I I 
22:08-Fri-Mar-10-2017 PM2.5 |   6.43 |   6.39 |   7.72 |   3.56 |I I 
22:12-Fri-Mar-10-2017 PM10  |  25.59 |  23.70 |  30.76 |   6.53 |I I 
22:12-Fri-Mar-10-2017 PM2.5 |   6.53 |   6.42 |   7.72 |   3.56 |I I 
22:13-Fri-Mar-10-2017 PM10  |  19.13 |  22.79 |  30.76 |   6.53 |I I 
22:13-Fri-Mar-10-2017 PM2.5 |   5.87 |   6.31 |   7.72 |   3.56 |I I 
22:17-Fri-Mar-10-2017 PM10  |  21.10 |  22.50 |  30.76 |   6.53 |I I 
22:17-Fri-Mar-10-2017 PM2.5 |   6.62 |   6.36 |   7.72 |   3.56 |I I 
22:18-Fri-Mar-10-2017 PM10  |  20.45 |  22.21 |  30.76 |   6.53 |I I 
22:18-Fri-Mar-10-2017 PM2.5 |   5.74 |   6.28 |   7.72 |   3.56 |I I 
22:22-Fri-Mar-10-2017 PM10  |  23.48 |  22.37 |  30.76 |   6.53 |I I 
22:22-Fri-Mar-10-2017 PM2.5 |   6.33 |   6.28 |   7.72 |   3.56 |I I 
22:23-Fri-Mar-10-2017 PM10  |  21.31 |  22.25 |  30.76 |   6.53 |I I 
22:23-Fri-Mar-10-2017 PM2.5 |   6.21 |   6.27 |   7.72 |   3.56 |I I 
22:27-Fri-Mar-10-2017 PM10  |  18.46 |  21.87 |  30.76 |   6.53 |I I 
22:27-Fri-Mar-10-2017 PM2.5 |   6.26 |   6.27 |   7.72 |   3.56 |I I 
22:28-Fri-Mar-10-2017 PM10  |  18.46 |  21.56 |  30.76 |   6.53 |I I 
22:28-Fri-Mar-10-2017 PM2.5 |   6.26 |   6.27 |   7.72 |   3.56 |I I 
22:29-Fri-Mar-10-2017 PM10  |  19.24 |  21.37 |  30.76 |   6.53 |I I 
22:29-Fri-Mar-10-2017 PM2.5 |   5.64 |   6.22 |   7.72 |   3.56 |I I 
22:33-Fri-Mar-10-2017 PM10  |  22.43 |  21.45 |  30.76 |   6.53 |I I 
22:33-Fri-Mar-10-2017 PM2.5 |   5.94 |   6.20 |   7.72 |   3.56 |I I 
22:34-Fri-Mar-10-2017 PM10  |  18.24 |  21.22 |  30.76 |   6.53 |I I 
22:34-Fri-Mar-10-2017 PM2.5 |   5.17 |   6.12 |   7.72 |   3.56 |I I 
22:39-Fri-Mar-10-2017 PM10  |  19.63 |  21.12 |  30.76 |   6.53 |I I 
22:39-Fri-Mar-10-2017 PM2.5 |   5.53 |   6.08 |   7.72 |   3.56 |I I 
22:40-Fri-Mar-10-2017 PM10  |  17.75 |  20.91 |  30.76 |   6.53 |I I 
22:40-Fri-Mar-10-2017 PM2.5 |   5.06 |   6.02 |   7.72 |   3.56 |I I 
22:44-Fri-Mar-10-2017 PM10  |  19.26 |  20.81 |  30.76 |   6.53 |I I 
22:44-Fri-Mar-10-2017 PM2.5 |   5.49 |   5.99 |   7.72 |   3.56 |I I 
22:45-Fri-Mar-10-2017 PM10  |  16.08 |  20.55 |  30.76 |   6.53 |I I 
22:45-Fri-Mar-10-2017 PM2.5 |   4.94 |   5.93 |   7.72 |   3.56 |I I 
22:49-Fri-Mar-10-2017 PM10  |  17.15 |  20.37 |  30.76 |   6.53 |I I 
22:49-Fri-Mar-10-2017 PM2.5 |   5.31 |   5.90 |   7.72 |   3.56 |I I 
22:50-Fri-Mar-10-2017 PM10  |  15.56 |  20.13 |  30.76 |   6.53 |I I 
22:50-Fri-Mar-10-2017 PM2.5 |   5.36 |   5.87 |   7.72 |   3.56 |I I 
22:54-Fri-Mar-10-2017 PM10  |  17.73 |  20.01 |  30.76 |   6.53 |I I 
22:54-Fri-Mar-10-2017 PM2.5 |   5.45 |   5.85 |   7.72 |   3.56 |I I 
22:55-Fri-Mar-10-2017 PM10  |  17.73 |  19.91 |  30.76 |   6.53 |I I 
22:55-Fri-Mar-10-2017 PM2.5 |   5.45 |   5.83 |   7.72 |   3.56 |I I 
22:56-Fri-Mar-10-2017 PM10  |  21.43 |  19.98 |  30.76 |   6.53 |I I 
22:56-Fri-Mar-10-2017 PM2.5 |   5.18 |   5.80 |   7.72 |   3.56 |I I 
23:00-Fri-Mar-10-2017 PM10  |  19.62 |  19.96 |  30.76 |   6.53 |I I 
23:00-Fri-Mar-10-2017 PM2.5 |   5.60 |   5.80 |   7.72 |   3.56 |I I 
23:01-Fri-Mar-10-2017 PM10  |  15.48 |  15.48 |  30.76 |   6.53 |I I 
23:01-Fri-Mar-10-2017 PM2.5 |   5.12 |   5.12 |   7.72 |   3.56 |I I 
23:05-Fri-Mar-10-2017 PM10  |  17.87 |  16.67 |  30.76 |   6.53 |I I 
23:05-Fri-Mar-10-2017 PM2.5 |   5.14 |   5.13 |   7.72 |   3.56 |I I 
23:06-Fri-Mar-10-2017 PM10  |  14.83 |  16.06 |  30.76 |   6.53 |I I 
23:06-Fri-Mar-10-2017 PM2.5 |   4.66 |   4.97 |   7.72 |   3.56 |I I 
23:10-Fri-Mar-10-2017 PM10  |  17.47 |  16.41 |  30.76 |   6.53 |I I 
23:10-Fri-Mar-10-2017 PM2.5 |   4.97 |   4.97 |   7.72 |   3.56 |I I 
23:11-Fri-Mar-10-2017 PM10  |  14.71 |  16.07 |  30.76 |   6.53 |I I 
23:11-Fri-Mar-10-2017 PM2.5 |   4.92 |   4.96 |   7.72 |   3.56 |I I 
23:15-Fri-Mar-10-2017 PM10  |  17.21 |  16.26 |  30.76 |   6.53 |I I 
23:15-Fri-Mar-10-2017 PM2.5 |   5.12 |   4.99 |   7.72 |   3.56 |I I 
23:16-Fri-Mar-10-2017 PM10  |  16.46 |  16.29 |  30.76 |   6.53 |I I 
23:16-Fri-Mar-10-2017 PM2.5 |   4.78 |   4.96 |   7.72 |   3.56 |I I 
23:20-Fri-Mar-10-2017 PM10  |  15.24 |  16.16 |  30.76 |   6.53 |I I 
23:20-Fri-Mar-10-2017 PM2.5 |   5.32 |   5.00 |   7.72 |   3.56 |I I 
23:21-Fri-Mar-10-2017 PM10  |  16.49 |  16.19 |  30.76 |   6.53 |I I 
23:21-Fri-Mar-10-2017 PM2.5 |   4.82 |   4.98 |   7.72 |   3.56 |I I 
23:22-Fri-Mar-10-2017 PM10  |  16.49 |  16.22 |  30.76 |   6.53 |I I 
23:22-Fri-Mar-10-2017 PM2.5 |   4.82 |   4.97 |   7.72 |   3.56 |I I 
23:26-Fri-Mar-10-2017 PM10  |  14.52 |  16.07 |  30.76 |   6.53 |I I 
23:26-Fri-Mar-10-2017 PM2.5 |   4.72 |   4.95 |   7.72 |   3.56 |I I 
23:27-Fri-Mar-10-2017 PM10  |  13.76 |  15.88 |  30.76 |   6.53 |I I 
23:27-Fri-Mar-10-2017 PM2.5 |   4.73 |   4.93 |   7.72 |   3.56 |I I 
23:31-Fri-Mar-10-2017 PM10  |  14.99 |  15.81 |  30.76 |   6.53 |I I 
23:31-Fri-Mar-10-2017 PM2.5 |   4.76 |   4.91 |   7.72 |   3.56 |I I 
23:32-Fri-Mar-10-2017 PM10  |  14.63 |  15.72 |  30.76 |   6.53 |I I 
23:32-Fri-Mar-10-2017 PM2.5 |   4.82 |   4.91 |   7.72 |   3.56 |I I 
23:36-Fri-Mar-10-2017 PM10  |  15.63 |  15.72 |  30.76 |   6.53 |I I 
23:36-Fri-Mar-10-2017 PM2.5 |   4.44 |   4.88 |   7.72 |   3.56 |I I 
23:37-Fri-Mar-10-2017 PM10  |  15.88 |  15.73 |  30.76 |   6.53 |I I 
23:37-Fri-Mar-10-2017 PM2.5 |   4.45 |   4.85 |   7.72 |   3.56 |I I 
23:41-Fri-Mar-10-2017 PM10  |  13.66 |  15.61 |  30.76 |   6.53 |I I 
23:41-Fri-Mar-10-2017 PM2.5 |   4.45 |   4.83 |   7.72 |   3.56 |I I 
23:42-Fri-Mar-10-2017 PM10  |  15.92 |  15.62 |  30.76 |   6.53 |I I 
23:42-Fri-Mar-10-2017 PM2.5 |   4.73 |   4.82 |   7.72 |   3.56 |I I 
23:46-Fri-Mar-10-2017 PM10  |  14.81 |  15.58 |  30.76 |   6.53 |I I 
23:46-Fri-Mar-10-2017 PM2.5 |   4.86 |   4.82 |   7.72 |   3.56 |I I 
23:47-Fri-Mar-10-2017 PM10  |  12.40 |  15.42 |  30.76 |   6.53 |I I 
23:47-Fri-Mar-10-2017 PM2.5 |   4.39 |   4.80 |   7.72 |   3.56 |I I 
23:48-Fri-Mar-10-2017 PM10  |  12.40 |  15.28 |  30.76 |   6.53 |I I 
23:48-Fri-Mar-10-2017 PM2.5 |   4.39 |   4.78 |   7.72 |   3.56 |I I 
23:52-Fri-Mar-10-2017 PM10  |  12.43 |  15.15 |  30.76 |   6.53 |I I 
23:52-Fri-Mar-10-2017 PM2.5 |   4.38 |   4.76 |   7.72 |   3.56 |I I 
23:53-Fri-Mar-10-2017 PM10  |  11.54 |  14.99 |  30.76 |   6.53 |I I 
23:53-Fri-Mar-10-2017 PM2.5 |   4.18 |   4.74 |   7.72 |   3.56 |I I 
23:57-Fri-Mar-10-2017 PM10  |  14.73 |  14.98 |  30.76 |   6.53 |I I 
23:57-Fri-Mar-10-2017 PM2.5 |   4.62 |   4.73 |   7.72 |   3.56 |I I 
23:58-Fri-Mar-10-2017 PM10  |  12.70 |  14.89 |  30.76 |   6.53 |I I 
23:58-Fri-Mar-10-2017 PM2.5 |   4.44 |   4.72 |   7.72 |   3.56 |I I 
00:02-Sat-Mar-11-2017 PM10  |  12.49 |  14.80 |  30.76 |   6.53 |I I 
