[Sat May 20 00:00:17 2017] Report del giorno Saturday May 20 2017 -- INVIATO a centraline@googlegroups.com
00:00-Sat-May-20-2017 PM2.5 |   4.33 |   4.31 |   7.49 |   4.10 |I I 
00:01-Sat-May-20-2017 PM10  |   6.55 |   6.55 |   0.00 |  2000.00|I I 
00:01-Sat-May-20-2017 PM2.5 |   4.39 |   4.39 |   0.00 |  2000.00|I I 
00:05-Sat-May-20-2017 PM10  |   5.48 |   6.01 |   0.00 |  2000.00|I I 
00:05-Sat-May-20-2017 PM2.5 |   4.15 |   4.27 |   0.00 |  2000.00|I I 
00:06-Sat-May-20-2017 PM10  |   6.52 |   6.18 |   0.00 |  2000.00|I I 
00:06-Sat-May-20-2017 PM2.5 |   4.50 |   4.35 |   0.00 |  2000.00|I I 
00:10-Sat-May-20-2017 PM10  |   6.12 |   6.17 |   0.00 |  2000.00|I I 
00:10-Sat-May-20-2017 PM2.5 |   4.21 |   4.31 |   0.00 |  2000.00|I I 
00:11-Sat-May-20-2017 PM10  |   8.59 |   6.65 |   0.00 |  2000.00|I I 
00:11-Sat-May-20-2017 PM2.5 |   4.69 |   4.39 |   0.00 |  2000.00|I I 
00:15-Sat-May-20-2017 PM10  |   5.74 |   6.50 |   0.00 |  2000.00|I I 
00:15-Sat-May-20-2017 PM2.5 |   4.07 |   4.34 |   0.00 |  2000.00|I I 
00:16-Sat-May-20-2017 PM10  |   8.20 |   6.74 |   0.00 |  2000.00|I I 
00:16-Sat-May-20-2017 PM2.5 |   4.50 |   4.36 |   0.00 |  2000.00|I I 
00:20-Sat-May-20-2017 PM10  |   6.72 |   6.74 |   0.00 |  2000.00|I I 
00:20-Sat-May-20-2017 PM2.5 |   4.11 |   4.33 |   0.00 |  2000.00|I I 
00:21-Sat-May-20-2017 PM10  |   5.59 |   6.61 |   0.00 |  2000.00|I I 
00:21-Sat-May-20-2017 PM2.5 |   3.92 |   4.28 |   0.00 |  2000.00|I I 
00:25-Sat-May-20-2017 PM10  |   5.61 |   6.51 |   0.00 |  2000.00|I I 
00:25-Sat-May-20-2017 PM2.5 |   4.34 |   4.29 |   0.00 |  2000.00|I I 
00:26-Sat-May-20-2017 PM10  |   8.46 |   6.69 |   0.00 |  2000.00|I I 
00:26-Sat-May-20-2017 PM2.5 |   4.40 |   4.30 |   0.00 |  2000.00|I I 
00:30-Sat-May-20-2017 PM10  |   6.35 |   6.66 |   0.00 |  2000.00|I I 
00:30-Sat-May-20-2017 PM2.5 |   4.21 |   4.29 |   0.00 |  2000.00|I I 
00:31-Sat-May-20-2017 PM10  |   7.63 |   6.73 |   0.00 |  2000.00|I I 
00:31-Sat-May-20-2017 PM2.5 |   4.27 |   4.29 |   0.00 |  2000.00|I I 
00:35-Sat-May-20-2017 PM10  |   5.56 |   6.65 |   0.00 |  2000.00|I I 
00:35-Sat-May-20-2017 PM2.5 |   4.15 |   4.28 |   0.00 |  2000.00|I I 
00:36-Sat-May-20-2017 PM10  |   6.73 |   6.66 |   0.00 |  2000.00|I I 
00:36-Sat-May-20-2017 PM2.5 |   4.15 |   4.27 |   0.00 |  2000.00|I I 
00:40-Sat-May-20-2017 PM10  |   5.33 |   6.57 |   0.00 |  2000.00|I I 
00:40-Sat-May-20-2017 PM2.5 |   4.31 |   4.27 |   0.00 |  2000.00|I I 
00:41-Sat-May-20-2017 PM10  |   5.47 |   6.51 |   0.00 |  2000.00|I I 
00:41-Sat-May-20-2017 PM2.5 |   4.08 |   4.26 |   0.00 |  2000.00|I I 
00:45-Sat-May-20-2017 PM10  |   4.15 |   6.38 |   0.00 |  2000.00|I I 
00:45-Sat-May-20-2017 PM2.5 |   3.94 |   4.24 |   0.00 |  2000.00|I I 
00:46-Sat-May-20-2017 PM10  |   7.16 |   6.42 |   0.00 |  2000.00|I I 
00:46-Sat-May-20-2017 PM2.5 |   4.10 |   4.24 |   0.00 |  2000.00|I I 
00:50-Sat-May-20-2017 PM10  |   5.74 |   6.38 |   0.00 |  2000.00|I I 
00:50-Sat-May-20-2017 PM2.5 |   4.24 |   4.24 |   0.00 |  2000.00|I I 
00:54-Sat-May-20-2017 PM10  |   4.88 |   6.31 |   0.00 |  2000.00|I I 
00:54-Sat-May-20-2017 PM2.5 |   4.00 |   4.23 |   0.00 |  2000.00|I I 
00:55-Sat-May-20-2017 PM10  |   8.08 |   6.39 |   0.00 |  2000.00|I I 
00:55-Sat-May-20-2017 PM2.5 |   4.51 |   4.24 |   0.00 |  2000.00|I I 
00:59-Sat-May-20-2017 PM10  |   7.54 |   6.44 |   0.00 |  2000.00|I I 
00:59-Sat-May-20-2017 PM2.5 |   4.30 |   4.24 |   0.00 |  2000.00|I I 
01:00-Sat-May-20-2017 PM10  |   7.07 |   6.47 |   6.47 |   6.47 |I I 
01:00-Sat-May-20-2017 PM2.5 |   4.49 |   4.25 |   4.25 |   4.25 |I I 
01:04-Sat-May-20-2017 PM10  |   5.35 |   5.35 |   6.47 |   6.47 |I I 
01:04-Sat-May-20-2017 PM2.5 |   4.44 |   4.44 |   4.25 |   4.25 |I I 
01:05-Sat-May-20-2017 PM10  |   9.23 |   7.29 |   6.47 |   6.47 |I I 
01:05-Sat-May-20-2017 PM2.5 |   4.35 |   4.39 |   4.25 |   4.25 |I I 
01:09-Sat-May-20-2017 PM10  |   6.89 |   7.16 |   6.47 |   6.47 |I I 
01:09-Sat-May-20-2017 PM2.5 |   4.14 |   4.31 |   4.25 |   4.25 |I I 
01:10-Sat-May-20-2017 PM10  |   5.88 |   6.84 |   6.47 |   6.47 |I I 
01:10-Sat-May-20-2017 PM2.5 |   4.32 |   4.31 |   4.25 |   4.25 |I I 
01:14-Sat-May-20-2017 PM10  |   5.17 |   6.50 |   6.47 |   6.47 |I I 
01:14-Sat-May-20-2017 PM2.5 |   4.05 |   4.26 |   4.25 |   4.25 |I I 
01:15-Sat-May-20-2017 PM10  |   6.73 |   6.54 |   6.47 |   6.47 |I I 
01:15-Sat-May-20-2017 PM2.5 |   4.12 |   4.24 |   4.25 |   4.25 |I I 
01:20-Sat-May-20-2017 PM10  |   5.98 |   6.46 |   6.47 |   6.47 |I I 
01:20-Sat-May-20-2017 PM2.5 |   3.89 |   4.19 |   4.25 |   4.25 |I I 
01:21-Sat-May-20-2017 PM10  |   6.79 |   6.50 |   6.47 |   6.47 |I I 
01:21-Sat-May-20-2017 PM2.5 |   4.04 |   4.17 |   4.25 |   4.25 |I I 
01:25-Sat-May-20-2017 PM10  |   6.06 |   6.45 |   6.47 |   6.47 |I I 
01:25-Sat-May-20-2017 PM2.5 |   3.71 |   4.12 |   4.25 |   4.25 |I I 
01:26-Sat-May-20-2017 PM10  |   7.69 |   6.58 |   6.47 |   6.47 |I I 
01:26-Sat-May-20-2017 PM2.5 |   3.95 |   4.10 |   4.25 |   4.25 |I I 
01:30-Sat-May-20-2017 PM10  |   8.42 |   6.74 |   6.47 |   6.47 |I I 
01:30-Sat-May-20-2017 PM2.5 |   3.83 |   4.08 |   4.25 |   4.25 |I I 
01:31-Sat-May-20-2017 PM10  |   7.88 |   6.84 |   6.47 |   6.47 |I I 
01:31-Sat-May-20-2017 PM2.5 |   3.98 |   4.07 |   4.25 |   4.25 |I I 
01:35-Sat-May-20-2017 PM10  |   5.31 |   6.72 |   6.47 |   6.47 |I I 
01:35-Sat-May-20-2017 PM2.5 |   3.92 |   4.06 |   4.25 |   4.25 |I I 
01:36-Sat-May-20-2017 PM10  |   6.27 |   6.69 |   6.47 |   6.47 |I I 
01:36-Sat-May-20-2017 PM2.5 |   3.80 |   4.04 |   4.25 |   4.25 |I I 
01:40-Sat-May-20-2017 PM10  |   4.66 |   6.55 |   6.47 |   6.47 |I I 
01:40-Sat-May-20-2017 PM2.5 |   3.44 |   4.00 |   4.25 |   4.25 |I I 
01:41-Sat-May-20-2017 PM10  |   5.69 |   6.50 |   6.47 |   6.47 |I I 
01:41-Sat-May-20-2017 PM2.5 |   3.73 |   3.98 |   4.25 |   4.25 |I I 
01:45-Sat-May-20-2017 PM10  |   5.25 |   6.43 |   6.47 |   6.47 |I I 
01:45-Sat-May-20-2017 PM2.5 |   3.32 |   3.94 |   4.25 |   4.25 |I I 
01:46-Sat-May-20-2017 PM10  |   9.49 |   6.60 |   6.47 |   6.47 |I I 
01:46-Sat-May-20-2017 PM2.5 |   3.49 |   3.92 |   4.25 |   4.25 |I I 
01:50-Sat-May-20-2017 PM10  |   5.58 |   6.54 |   6.47 |   6.47 |I I 
01:50-Sat-May-20-2017 PM2.5 |   3.29 |   3.88 |   4.25 |   4.25 |I I 
01:51-Sat-May-20-2017 PM10  |   6.02 |   6.52 |   6.47 |   6.47 |I I 
01:51-Sat-May-20-2017 PM2.5 |   3.57 |   3.87 |   4.25 |   4.25 |I I 
01:55-Sat-May-20-2017 PM10  |   5.63 |   6.47 |   6.47 |   6.47 |I I 
01:55-Sat-May-20-2017 PM2.5 |   3.48 |   3.85 |   4.25 |   4.25 |I I 
01:56-Sat-May-20-2017 PM10  |   9.75 |   6.62 |   6.47 |   6.47 |I I 
01:56-Sat-May-20-2017 PM2.5 |   3.39 |   3.83 |   4.25 |   4.25 |I I 
02:00-Sat-May-20-2017 PM10  |   5.75 |   6.59 |   6.59 |   6.47 |I I 
02:00-Sat-May-20-2017 PM2.5 |   3.27 |   3.81 |   4.25 |   3.81 |I I 
02:01-Sat-May-20-2017 PM10  |   6.94 |   6.94 |   6.59 |   6.47 |B I 
02:01-Sat-May-20-2017 PM2.5 |   3.74 |   3.74 |   4.25 |   3.81 |B I 
02:05-Sat-May-20-2017recover dati per host :salvatorehost.no-ip.org/aria
02:05-Sat-May-20-2017 PM10  |   5.09 |   6.02 |   6.59 |   6.47 |I I 
02:05-Sat-May-20-2017 PM2.5 |   3.37 |   3.56 |   4.25 |   3.81 |I I 
02:06-Sat-May-20-2017 PM10  |   8.04 |   6.69 |   6.59 |   6.47 |I I 
02:06-Sat-May-20-2017 PM2.5 |   3.46 |   3.53 |   4.25 |   3.81 |I I 
02:10-Sat-May-20-2017 PM10  |   7.47 |   6.88 |   6.59 |   6.47 |I I 
02:10-Sat-May-20-2017 PM2.5 |   3.39 |   3.49 |   4.25 |   3.81 |I I 
02:11-Sat-May-20-2017 PM10  |   8.26 |   7.16 |   6.59 |   6.47 |I I 
02:11-Sat-May-20-2017 PM2.5 |   3.28 |   3.45 |   4.25 |   3.81 |I I 
02:15-Sat-May-20-2017 PM10  |   7.15 |   7.16 |   6.59 |   6.47 |I I 
02:15-Sat-May-20-2017 PM2.5 |   3.36 |   3.43 |   4.25 |   3.81 |I I 
02:16-Sat-May-20-2017 PM10  |   8.13 |   7.30 |   6.59 |   6.47 |I I 
02:16-Sat-May-20-2017 PM2.5 |   3.53 |   3.45 |   4.25 |   3.81 |I I 
02:20-Sat-May-20-2017 PM10  |   6.13 |   7.15 |   6.59 |   6.47 |I I 
02:20-Sat-May-20-2017 PM2.5 |   3.42 |   3.44 |   4.25 |   3.81 |I I 
02:21-Sat-May-20-2017 PM10  |   6.95 |   7.13 |   6.59 |   6.47 |I B 
02:21-Sat-May-20-2017 PM2.5 |   3.41 |   3.44 |   4.25 |   3.81 |I B 
02:25-Sat-May-20-2017recover dati per host :92.223.147.77/nodered
02:25-Sat-May-20-2017 PM10  |   6.05 |   7.02 |   6.59 |   6.47 |I I 
02:25-Sat-May-20-2017 PM2.5 |   3.41 |   3.44 |   4.25 |   3.81 |I I 
02:26-Sat-May-20-2017 PM10  |   9.47 |   7.24 |   6.59 |   6.47 |I I 
02:26-Sat-May-20-2017 PM2.5 |   3.25 |   3.42 |   4.25 |   3.81 |I I 
02:30-Sat-May-20-2017 PM10  |   7.57 |   7.27 |   6.59 |   6.47 |I I 
02:30-Sat-May-20-2017 PM2.5 |   3.12 |   3.40 |   4.25 |   3.81 |I I 
02:34-Sat-May-20-2017 PM10  |   6.22 |   7.19 |   6.59 |   6.47 |I I 
02:34-Sat-May-20-2017 PM2.5 |   3.27 |   3.39 |   4.25 |   3.81 |I I 
02:35-Sat-May-20-2017 PM10  |   6.03 |   7.11 |   6.59 |   6.47 |I I 
02:35-Sat-May-20-2017 PM2.5 |   3.46 |   3.39 |   4.25 |   3.81 |I I 
02:39-Sat-May-20-2017 PM10  |   6.46 |   7.06 |   6.59 |   6.47 |I I 
02:39-Sat-May-20-2017 PM2.5 |   3.56 |   3.40 |   4.25 |   3.81 |I I 
02:41-Sat-May-20-2017 PM10  |  10.21 |   7.26 |   6.59 |   6.47 |I I 
02:41-Sat-May-20-2017 PM2.5 |   3.88 |   3.43 |   4.25 |   3.81 |I I 
02:45-Sat-May-20-2017 PM10  |   6.69 |   7.23 |   6.59 |   6.47 |I I 
02:45-Sat-May-20-2017 PM2.5 |   3.28 |   3.42 |   4.25 |   3.81 |I I 
02:46-Sat-May-20-2017 PM10  |  10.53 |   7.41 |   6.59 |   6.47 |I I 
02:46-Sat-May-20-2017 PM2.5 |   3.95 |   3.45 |   4.25 |   3.81 |I I 
02:50-Sat-May-20-2017 PM10  |   8.15 |   7.45 |   6.59 |   6.47 |I I 
02:50-Sat-May-20-2017 PM2.5 |   3.60 |   3.46 |   4.25 |   3.81 |I I 
02:51-Sat-May-20-2017 PM10  |   7.75 |   7.47 |   6.59 |   6.47 |I I 
02:51-Sat-May-20-2017 PM2.5 |   3.41 |   3.46 |   4.25 |   3.81 |I I 
02:55-Sat-May-20-2017 PM10  |   8.60 |   7.52 |   6.59 |   6.47 |I I 
02:55-Sat-May-20-2017 PM2.5 |   3.60 |   3.46 |   4.25 |   3.81 |I I 
02:56-Sat-May-20-2017 PM10  |   9.50 |   7.61 |   6.59 |   6.47 |I I 
02:56-Sat-May-20-2017 PM2.5 |   3.62 |   3.47 |   4.25 |   3.81 |I I 
03:00-Sat-May-20-2017 PM10  |   7.08 |   7.59 |   7.59 |   6.47 |I I 
03:00-Sat-May-20-2017 PM2.5 |   3.35 |   3.47 |   4.25 |   3.47 |I I 
03:01-Sat-May-20-2017 PM10  |   6.75 |   6.75 |   7.59 |   6.47 |I I 
03:01-Sat-May-20-2017 PM2.5 |   3.79 |   3.79 |   4.25 |   3.47 |I I 
03:05-Sat-May-20-2017 PM10  |   5.02 |   5.89 |   7.59 |   6.47 |I I 
03:05-Sat-May-20-2017 PM2.5 |   3.49 |   3.64 |   4.25 |   3.47 |I I 
03:06-Sat-May-20-2017 PM10  |   7.14 |   6.30 |   7.59 |   6.47 |I I 
03:06-Sat-May-20-2017 PM2.5 |   3.95 |   3.74 |   4.25 |   3.47 |I I 
03:10-Sat-May-20-2017 PM10  |   8.38 |   6.82 |   7.59 |   6.47 |I I 
03:10-Sat-May-20-2017 PM2.5 |   3.69 |   3.73 |   4.25 |   3.47 |I I 
03:11-Sat-May-20-2017 PM10  |   7.75 |   7.01 |   7.59 |   6.47 |I I 
03:11-Sat-May-20-2017 PM2.5 |   3.85 |   3.76 |   4.25 |   3.47 |I I 
03:15-Sat-May-20-2017 PM10  |  11.89 |   7.82 |   7.59 |   6.47 |I I 
03:15-Sat-May-20-2017 PM2.5 |   3.86 |   3.77 |   4.25 |   3.47 |I I 
03:16-Sat-May-20-2017 PM10  |   7.83 |   7.82 |   7.59 |   6.47 |I I 
03:16-Sat-May-20-2017 PM2.5 |   3.85 |   3.78 |   4.25 |   3.47 |I I 
03:20-Sat-May-20-2017 PM10  |   7.95 |   7.84 |   7.59 |   6.47 |I I 
03:20-Sat-May-20-2017 PM2.5 |   3.78 |   3.78 |   4.25 |   3.47 |I I 
03:21-Sat-May-20-2017 PM10  |   7.55 |   7.81 |   7.59 |   6.47 |I I 
03:21-Sat-May-20-2017 PM2.5 |   3.91 |   3.80 |   4.25 |   3.47 |I I 
03:25-Sat-May-20-2017 PM10  |   6.73 |   7.70 |   7.59 |   6.47 |I I 
03:25-Sat-May-20-2017 PM2.5 |   3.75 |   3.79 |   4.25 |   3.47 |I I 
03:26-Sat-May-20-2017 PM10  |  10.18 |   7.93 |   7.59 |   6.47 |I I 
03:26-Sat-May-20-2017 PM2.5 |   3.88 |   3.80 |   4.25 |   3.47 |I I 
03:30-Sat-May-20-2017 PM10  |   6.67 |   7.82 |   7.59 |   6.47 |I I 
03:30-Sat-May-20-2017 PM2.5 |   3.27 |   3.76 |   4.25 |   3.47 |I I 
03:31-Sat-May-20-2017 PM10  |   9.13 |   7.92 |   7.59 |   6.47 |I I 
03:31-Sat-May-20-2017 PM2.5 |   3.87 |   3.77 |   4.25 |   3.47 |I I 
03:35-Sat-May-20-2017 PM10  |   7.46 |   7.89 |   7.59 |   6.47 |I I 
03:35-Sat-May-20-2017 PM2.5 |   3.50 |   3.75 |   4.25 |   3.47 |I I 
03:36-Sat-May-20-2017 PM10  |   7.49 |   7.86 |   7.59 |   6.47 |I I 
03:36-Sat-May-20-2017 PM2.5 |   3.50 |   3.73 |   4.25 |   3.47 |I I 
03:40-Sat-May-20-2017 PM10  |   6.23 |   7.76 |   7.59 |   6.47 |I B 
03:40-Sat-May-20-2017 PM2.5 |   3.56 |   3.72 |   4.25 |   3.47 |I B 
03:41-Sat-May-20-2017recover dati per host :92.223.147.77/nodered
03:41-Sat-May-20-2017 PM10  |   9.11 |   7.84 |   7.59 |   6.47 |I I 
03:41-Sat-May-20-2017 PM2.5 |   3.54 |   3.71 |   4.25 |   3.47 |I I 
03:45-Sat-May-20-2017 PM10  |   8.81 |   7.89 |   7.59 |   6.47 |I B 
03:45-Sat-May-20-2017 PM2.5 |   3.59 |   3.70 |   4.25 |   3.47 |I B 
03:46-Sat-May-20-2017recover dati per host :92.223.147.77/nodered
03:46-Sat-May-20-2017 PM10  |   5.41 |   7.76 |   7.59 |   6.47 |I I 
03:46-Sat-May-20-2017 PM2.5 |   3.25 |   3.68 |   4.25 |   3.47 |I I 
03:50-Sat-May-20-2017 PM10  |   8.21 |   7.79 |   7.59 |   6.47 |I I 
03:50-Sat-May-20-2017 PM2.5 |   3.41 |   3.67 |   4.25 |   3.47 |I I 
03:51-Sat-May-20-2017 PM10  |  10.15 |   7.90 |   7.59 |   6.47 |I I 
03:51-Sat-May-20-2017 PM2.5 |   3.56 |   3.66 |   4.25 |   3.47 |I I 
03:55-Sat-May-20-2017 PM10  |   8.52 |   7.93 |   7.59 |   6.47 |I I 
03:55-Sat-May-20-2017 PM2.5 |   3.31 |   3.64 |   4.25 |   3.47 |I I 
03:56-Sat-May-20-2017 PM10  |  13.15 |   8.15 |   7.59 |   6.47 |I I 
03:56-Sat-May-20-2017 PM2.5 |   3.83 |   3.65 |   4.25 |   3.47 |I I 
04:00-Sat-May-20-2017 PM10  |   8.94 |   8.19 |   8.19 |   6.47 |I I 
04:00-Sat-May-20-2017 PM2.5 |   3.73 |   3.66 |   4.25 |   3.47 |I I 
04:01-Sat-May-20-2017 PM10  |   7.95 |   7.95 |   8.19 |   6.47 |I I 
04:01-Sat-May-20-2017 PM2.5 |   3.34 |   3.34 |   4.25 |   3.47 |I I 
04:05-Sat-May-20-2017 PM10  |  11.01 |   9.48 |   8.19 |   6.47 |I I 
04:05-Sat-May-20-2017 PM2.5 |   3.40 |   3.37 |   4.25 |   3.47 |I I 
04:06-Sat-May-20-2017 PM10  |   7.30 |   8.76 |   8.19 |   6.47 |B I 
04:06-Sat-May-20-2017 PM2.5 |   3.40 |   3.38 |   4.25 |   3.47 |B I 
04:10-Sat-May-20-2017recover dati per host :salvatorehost.no-ip.org/aria
04:10-Sat-May-20-2017 PM10  |   7.28 |   8.39 |   8.19 |   6.47 |I I 
04:10-Sat-May-20-2017 PM2.5 |   3.24 |   3.35 |   4.25 |   3.47 |I I 
04:11-Sat-May-20-2017 PM10  |   6.09 |   7.93 |   8.19 |   6.47 |I B 
04:11-Sat-May-20-2017 PM2.5 |   3.47 |   3.37 |   4.25 |   3.47 |I B 
04:15-Sat-May-20-2017recover dati per host :92.223.147.77/nodered
04:15-Sat-May-20-2017 PM10  |   9.70 |   8.22 |   8.19 |   6.47 |I I 
04:15-Sat-May-20-2017 PM2.5 |   3.41 |   3.38 |   4.25 |   3.47 |I I 
04:16-Sat-May-20-2017 PM10  |   7.80 |   8.16 |   8.19 |   6.47 |I I 
04:16-Sat-May-20-2017 PM2.5 |   3.28 |   3.36 |   4.25 |   3.47 |I I 
04:20-Sat-May-20-2017 PM10  |   6.94 |   8.01 |   8.19 |   6.47 |I I 
04:20-Sat-May-20-2017 PM2.5 |   3.27 |   3.35 |   4.25 |   3.47 |I I 
04:22-Sat-May-20-2017 PM10  |   9.54 |   8.18 |   8.19 |   6.47 |I I 
04:22-Sat-May-20-2017 PM2.5 |   3.38 |   3.36 |   4.25 |   3.47 |I I 
04:25-Sat-May-20-2017 PM10  |   7.54 |   8.11 |   8.19 |   6.47 |I I 
04:25-Sat-May-20-2017 PM2.5 |   3.08 |   3.33 |   4.25 |   3.47 |I I 
04:26-Sat-May-20-2017 PM10  |   6.33 |   7.95 |   8.19 |   6.47 |I I 
04:26-Sat-May-20-2017 PM2.5 |   3.33 |   3.33 |   4.25 |   3.47 |I I 
04:30-Sat-May-20-2017 PM10  |   6.24 |   7.81 |   8.19 |   6.47 |I I 
04:30-Sat-May-20-2017 PM2.5 |   3.41 |   3.34 |   4.25 |   3.47 |I I 
04:31-Sat-May-20-2017 PM10  |   8.21 |   7.84 |   8.19 |   6.47 |I I 
04:31-Sat-May-20-2017 PM2.5 |   3.58 |   3.35 |   4.25 |   3.47 |I I 
04:35-Sat-May-20-2017 PM10  |   5.67 |   7.69 |   8.19 |   6.47 |I I 
04:35-Sat-May-20-2017 PM2.5 |   3.38 |   3.36 |   4.25 |   3.47 |I I 
04:36-Sat-May-20-2017 PM10  |  10.11 |   7.85 |   8.19 |   6.47 |I I 
04:36-Sat-May-20-2017 PM2.5 |   3.47 |   3.36 |   4.25 |   3.47 |I I 
04:40-Sat-May-20-2017 PM10  |   7.53 |   7.83 |   8.19 |   6.47 |I I 
04:40-Sat-May-20-2017 PM2.5 |   3.09 |   3.35 |   4.25 |   3.47 |I I 
04:41-Sat-May-20-2017 PM10  |   8.52 |   7.87 |   8.19 |   6.47 |I I 
04:41-Sat-May-20-2017 PM2.5 |   3.45 |   3.35 |   4.25 |   3.47 |I I 
04:45-Sat-May-20-2017 PM10  |   8.09 |   7.88 |   8.19 |   6.47 |I I 
04:45-Sat-May-20-2017 PM2.5 |   3.44 |   3.36 |   4.25 |   3.47 |I I 
04:46-Sat-May-20-2017 PM10  |   7.44 |   7.86 |   8.19 |   6.47 |I I 
04:46-Sat-May-20-2017 PM2.5 |   3.35 |   3.36 |   4.25 |   3.47 |I I 
04:50-Sat-May-20-2017 PM10  |   5.98 |   7.76 |   8.19 |   6.47 |I I 
04:50-Sat-May-20-2017 PM2.5 |   3.00 |   3.34 |   4.25 |   3.47 |I I 
04:51-Sat-May-20-2017 PM10  |   8.06 |   7.78 |   8.19 |   6.47 |I I 
04:51-Sat-May-20-2017 PM2.5 |   3.38 |   3.34 |   4.25 |   3.47 |I I 
04:55-Sat-May-20-2017 PM10  |   6.66 |   7.73 |   8.19 |   6.47 |I I 
04:55-Sat-May-20-2017 PM2.5 |   3.06 |   3.33 |   4.25 |   3.47 |I I 
04:56-Sat-May-20-2017 PM10  |   8.23 |   7.75 |   8.19 |   6.47 |I I 
04:56-Sat-May-20-2017 PM2.5 |   3.34 |   3.33 |   4.25 |   3.47 |I I 
05:00-Sat-May-20-2017 PM10  |   8.04 |   7.76 |   8.19 |   6.47 |I I 
05:00-Sat-May-20-2017 PM2.5 |   3.56 |   3.34 |   4.25 |   3.34 |I I 
05:01-Sat-May-20-2017 PM10  |   7.57 |   7.57 |   8.19 |   6.47 |I I 
05:01-Sat-May-20-2017 PM2.5 |   3.52 |   3.52 |   4.25 |   3.34 |I I 
05:05-Sat-May-20-2017 PM10  |   6.16 |   6.86 |   8.19 |   6.47 |I I 
05:05-Sat-May-20-2017 PM2.5 |   3.30 |   3.41 |   4.25 |   3.34 |I I 
05:06-Sat-May-20-2017 PM10  |   7.12 |   6.95 |   8.19 |   6.47 |I I 
05:06-Sat-May-20-2017 PM2.5 |   3.48 |   3.44 |   4.25 |   3.34 |I I 
05:10-Sat-May-20-2017 PM10  |   5.79 |   6.66 |   8.19 |   6.47 |I I 
05:10-Sat-May-20-2017 PM2.5 |   2.91 |   3.30 |   4.25 |   3.34 |I I 
05:11-Sat-May-20-2017 PM10  |   8.41 |   7.01 |   8.19 |   6.47 |I I 
05:11-Sat-May-20-2017 PM2.5 |   3.14 |   3.27 |   4.25 |   3.34 |I I 
05:15-Sat-May-20-2017 PM10  |   8.21 |   7.21 |   8.19 |   6.47 |I I 
05:15-Sat-May-20-2017 PM2.5 |   3.02 |   3.23 |   4.25 |   3.34 |I I 
05:16-Sat-May-20-2017 PM10  |   6.98 |   7.18 |   8.19 |   6.47 |I I 
05:16-Sat-May-20-2017 PM2.5 |   3.17 |   3.22 |   4.25 |   3.34 |I I 
05:20-Sat-May-20-2017 PM10  |   7.71 |   7.24 |   8.19 |   6.47 |I I 
05:20-Sat-May-20-2017 PM2.5 |   3.20 |   3.22 |   4.25 |   3.34 |I I 
05:21-Sat-May-20-2017 PM10  |   9.72 |   7.52 |   8.19 |   6.47 |I I 
05:21-Sat-May-20-2017 PM2.5 |   3.70 |   3.27 |   4.25 |   3.34 |I I 
05:25-Sat-May-20-2017 PM10  |   5.62 |   7.33 |   8.19 |   6.47 |I I 
05:25-Sat-May-20-2017 PM2.5 |   3.20 |   3.26 |   4.25 |   3.34 |I I 
05:26-Sat-May-20-2017 PM10  |  11.15 |   7.68 |   8.19 |   6.47 |I I 
05:26-Sat-May-20-2017 PM2.5 |   3.30 |   3.27 |   4.25 |   3.34 |I I 
05:30-Sat-May-20-2017 PM10  |   7.59 |   7.67 |   8.19 |   6.47 |I I 
05:30-Sat-May-20-2017 PM2.5 |   3.31 |   3.27 |   4.25 |   3.34 |I I 
05:31-Sat-May-20-2017 PM10  |   8.35 |   7.72 |   8.19 |   6.47 |I I 
05:31-Sat-May-20-2017 PM2.5 |   3.43 |   3.28 |   4.25 |   3.34 |I I 
05:35-Sat-May-20-2017 PM10  |   9.97 |   7.88 |   8.19 |   6.47 |B I 
05:35-Sat-May-20-2017 PM2.5 |   2.94 |   3.26 |   4.25 |   3.34 |B I 
05:36-Sat-May-20-2017recover dati per host :salvatorehost.no-ip.org/aria
05:36-Sat-May-20-2017 PM10  |   5.61 |   7.73 |   8.19 |   6.47 |I I 
05:36-Sat-May-20-2017 PM2.5 |   3.12 |   3.25 |   4.25 |   3.34 |I I 
05:40-Sat-May-20-2017 PM10  |   6.23 |   7.64 |   8.19 |   6.47 |I I 
05:40-Sat-May-20-2017 PM2.5 |   3.15 |   3.24 |   4.25 |   3.34 |I I 
05:41-Sat-May-20-2017 PM10  |   6.80 |   7.59 |   8.19 |   6.47 |I I 
05:41-Sat-May-20-2017 PM2.5 |   3.13 |   3.24 |   4.25 |   3.34 |I I 
05:45-Sat-May-20-2017 PM10  |   6.13 |   7.51 |   8.19 |   6.47 |I I 
05:45-Sat-May-20-2017 PM2.5 |   2.84 |   3.21 |   4.25 |   3.34 |I I 
05:46-Sat-May-20-2017 PM10  |   7.46 |   7.51 |   8.19 |   6.47 |I I 
05:46-Sat-May-20-2017 PM2.5 |   3.39 |   3.22 |   4.25 |   3.34 |I I 
05:50-Sat-May-20-2017 PM10  |   6.57 |   7.46 |   8.19 |   6.47 |I I 
05:50-Sat-May-20-2017 PM2.5 |   3.20 |   3.22 |   4.25 |   3.34 |I I 
05:51-Sat-May-20-2017 PM10  |   8.28 |   7.50 |   8.19 |   6.47 |I I 
05:51-Sat-May-20-2017 PM2.5 |   3.17 |   3.22 |   4.25 |   3.34 |I I 
05:55-Sat-May-20-2017 PM10  |   7.53 |   7.50 |   8.19 |   6.47 |I I 
05:55-Sat-May-20-2017 PM2.5 |   2.84 |   3.20 |   4.25 |   3.34 |I I 
05:56-Sat-May-20-2017 PM10  |   7.61 |   7.50 |   8.19 |   6.47 |I I 
05:56-Sat-May-20-2017 PM2.5 |   3.07 |   3.20 |   4.25 |   3.34 |I I 
06:00-Sat-May-20-2017 PM10  |   5.95 |   7.44 |   8.19 |   6.47 |I I 
06:00-Sat-May-20-2017 PM2.5 |   2.94 |   3.19 |   4.25 |   3.19 |I I 
06:01-Sat-May-20-2017 PM10  |   9.42 |   9.42 |   8.19 |   6.47 |I I 
06:01-Sat-May-20-2017 PM2.5 |   3.41 |   3.41 |   4.25 |   3.19 |I I 
06:05-Sat-May-20-2017 PM10  |   6.55 |   7.99 |   8.19 |   6.47 |I I 
06:05-Sat-May-20-2017 PM2.5 |   2.89 |   3.15 |   4.25 |   3.19 |I I 
06:06-Sat-May-20-2017 PM10  |  10.02 |   8.66 |   8.19 |   6.47 |I I 
06:06-Sat-May-20-2017 PM2.5 |   3.26 |   3.19 |   4.25 |   3.19 |I I 
06:10-Sat-May-20-2017 PM10  |   9.16 |   8.79 |   8.19 |   6.47 |I I 
06:10-Sat-May-20-2017 PM2.5 |   2.83 |   3.10 |   4.25 |   3.19 |I I 
06:11-Sat-May-20-2017 PM10  |   7.74 |   8.58 |   8.19 |   6.47 |I I 
06:11-Sat-May-20-2017 PM2.5 |   3.40 |   3.16 |   4.25 |   3.19 |I I 
06:15-Sat-May-20-2017 PM10  |   8.12 |   8.50 |   8.19 |   6.47 |I I 
06:15-Sat-May-20-2017 PM2.5 |   2.92 |   3.12 |   4.25 |   3.19 |I I 
06:16-Sat-May-20-2017 PM10  |   9.14 |   8.59 |   8.19 |   6.47 |I I 
06:16-Sat-May-20-2017 PM2.5 |   3.21 |   3.13 |   4.25 |   3.19 |I I 
06:20-Sat-May-20-2017 PM10  |   6.21 |   8.29 |   8.19 |   6.47 |I I 
06:20-Sat-May-20-2017 PM2.5 |   2.92 |   3.10 |   4.25 |   3.19 |I I 
06:22-Sat-May-20-2017 PM10  |   7.27 |   8.18 |   8.19 |   6.47 |I I 
06:22-Sat-May-20-2017 PM2.5 |   3.13 |   3.11 |   4.25 |   3.19 |I I 
06:26-Sat-May-20-2017 PM10  |   7.12 |   8.07 |   8.19 |   6.47 |I I 
06:26-Sat-May-20-2017 PM2.5 |   2.96 |   3.09 |   4.25 |   3.19 |I I 
06:27-Sat-May-20-2017 PM10  |   7.50 |   8.02 |   8.19 |   6.47 |I I 
06:27-Sat-May-20-2017 PM2.5 |   2.90 |   3.07 |   4.25 |   3.19 |I I 
06:31-Sat-May-20-2017 PM10  |   7.18 |   7.95 |   8.19 |   6.47 |I I 
06:31-Sat-May-20-2017 PM2.5 |   2.92 |   3.06 |   4.25 |   3.19 |I I 
06:32-Sat-May-20-2017 PM10  |   8.27 |   7.98 |   8.19 |   6.47 |I I 
06:32-Sat-May-20-2017 PM2.5 |   3.39 |   3.09 |   4.25 |   3.19 |I I 
06:36-Sat-May-20-2017 PM10  |  10.59 |   8.16 |   8.19 |   6.47 |I I 
06:36-Sat-May-20-2017 PM2.5 |   3.14 |   3.09 |   4.25 |   3.19 |I I 
06:37-Sat-May-20-2017 PM10  |  10.15 |   8.30 |   8.19 |   6.47 |I I 
06:37-Sat-May-20-2017 PM2.5 |   3.03 |   3.09 |   4.25 |   3.19 |I I 
06:41-Sat-May-20-2017 PM10  |   9.48 |   8.37 |   8.19 |   6.47 |I I 
06:41-Sat-May-20-2017 PM2.5 |   2.88 |   3.07 |   4.25 |   3.19 |I I 
06:42-Sat-May-20-2017 PM10  |   9.01 |   8.41 |   8.19 |   6.47 |B B 
06:42-Sat-May-20-2017 PM2.5 |   3.49 |   3.10 |   4.25 |   3.19 |B B 
06:46-Sat-May-20-2017recover dati per host :salvatorehost.no-ip.org/aria
06:46-Sat-May-20-2017recover dati per host :92.223.147.77/nodered
06:46-Sat-May-20-2017 PM10  |   6.75 |   8.31 |   8.19 |   6.47 |I I 
06:46-Sat-May-20-2017 PM2.5 |   3.20 |   3.10 |   4.25 |   3.19 |I I 
06:50-Sat-May-20-2017 PM10  |   6.77 |   8.23 |   8.19 |   6.47 |I I 
06:50-Sat-May-20-2017 PM2.5 |   3.11 |   3.10 |   4.25 |   3.19 |I I 
06:51-Sat-May-20-2017 PM10  |   7.68 |   8.21 |   8.19 |   6.47 |I I 
06:51-Sat-May-20-2017 PM2.5 |   3.48 |   3.12 |   4.25 |   3.19 |I I 
06:55-Sat-May-20-2017 PM10  |   6.80 |   8.14 |   8.19 |   6.47 |I I 
06:55-Sat-May-20-2017 PM2.5 |   3.07 |   3.12 |   4.25 |   3.19 |I I 
06:56-Sat-May-20-2017 PM10  |   9.36 |   8.19 |   8.19 |   6.47 |I I 
06:56-Sat-May-20-2017 PM2.5 |   3.41 |   3.13 |   4.25 |   3.19 |I I 
07:00-Sat-May-20-2017 PM10  |  10.14 |   8.28 |   8.28 |   6.47 |B I 
07:00-Sat-May-20-2017 PM2.5 |   3.05 |   3.13 |   4.25 |   3.13 |B I 
07:01-Sat-May-20-2017recover dati per host :salvatorehost.no-ip.org/aria
07:01-Sat-May-20-2017 PM10  |   6.79 |   6.79 |   8.28 |   6.47 |I I 
07:01-Sat-May-20-2017 PM2.5 |   3.10 |   3.10 |   4.25 |   3.13 |I I 
07:05-Sat-May-20-2017 PM10  |   8.11 |   7.45 |   8.28 |   6.47 |I I 
07:05-Sat-May-20-2017 PM2.5 |   3.23 |   3.16 |   4.25 |   3.13 |I I 
07:06-Sat-May-20-2017 PM10  |   7.87 |   7.59 |   8.28 |   6.47 |I I 
07:06-Sat-May-20-2017 PM2.5 |   3.14 |   3.15 |   4.25 |   3.13 |I I 
07:10-Sat-May-20-2017 PM10  |   8.33 |   7.78 |   8.28 |   6.47 |I I 
07:10-Sat-May-20-2017 PM2.5 |   3.08 |   3.14 |   4.25 |   3.13 |I I 
07:11-Sat-May-20-2017 PM10  |   8.78 |   7.98 |   8.28 |   6.47 |I I 
07:11-Sat-May-20-2017 PM2.5 |   2.84 |   3.08 |   4.25 |   3.13 |I I 
07:15-Sat-May-20-2017 PM10  |  11.15 |   8.51 |   8.28 |   6.47 |I I 
07:15-Sat-May-20-2017 PM2.5 |   3.05 |   3.07 |   4.25 |   3.13 |I I 
07:16-Sat-May-20-2017 PM10  |   9.49 |   8.65 |   8.28 |   6.47 |I I 
07:16-Sat-May-20-2017 PM2.5 |   3.57 |   3.14 |   4.25 |   3.13 |I I 
07:20-Sat-May-20-2017 PM10  |   8.89 |   8.68 |   8.28 |   6.47 |I I 
07:20-Sat-May-20-2017 PM2.5 |   3.12 |   3.14 |   4.25 |   3.13 |I I 
07:21-Sat-May-20-2017 PM10  |   9.18 |   8.73 |   8.28 |   6.47 |I I 
07:21-Sat-May-20-2017 PM2.5 |   3.72 |   3.21 |   4.25 |   3.13 |I I 
07:25-Sat-May-20-2017 PM10  |  10.66 |   8.93 |   8.28 |   6.47 |I I 
07:25-Sat-May-20-2017 PM2.5 |   2.99 |   3.18 |   4.25 |   3.13 |I I 
07:26-Sat-May-20-2017 PM10  |   9.90 |   9.01 |   8.28 |   6.47 |I I 
07:26-Sat-May-20-2017 PM2.5 |   3.43 |   3.21 |   4.25 |   3.13 |I I 
07:30-Sat-May-20-2017 PM10  |   8.37 |   8.96 |   8.28 |   6.47 |I I 
07:30-Sat-May-20-2017 PM2.5 |   3.20 |   3.21 |   4.25 |   3.13 |I I 
07:31-Sat-May-20-2017 PM10  |   9.24 |   8.98 |   8.28 |   6.47 |B I 
07:31-Sat-May-20-2017 PM2.5 |   3.29 |   3.21 |   4.25 |   3.13 |B I 
07:35-Sat-May-20-2017recover dati per host :salvatorehost.no-ip.org/aria
07:35-Sat-May-20-2017 PM10  |   7.67 |   8.89 |   8.28 |   6.47 |I I 
07:35-Sat-May-20-2017 PM2.5 |   3.06 |   3.20 |   4.25 |   3.13 |I I 
07:36-Sat-May-20-2017 PM10  |   8.05 |   8.83 |   8.28 |   6.47 |I I 
07:36-Sat-May-20-2017 PM2.5 |   3.10 |   3.19 |   4.25 |   3.13 |I I 
07:40-Sat-May-20-2017 PM10  |   7.91 |   8.77 |   8.28 |   6.47 |I I 
07:40-Sat-May-20-2017 PM2.5 |   3.06 |   3.19 |   4.25 |   3.13 |I I 
07:41-Sat-May-20-2017 PM10  |   9.02 |   8.79 |   8.28 |   6.47 |I I 
07:41-Sat-May-20-2017 PM2.5 |   3.19 |   3.19 |   4.25 |   3.13 |I I 
07:45-Sat-May-20-2017 PM10  |   9.53 |   8.83 |   8.28 |   6.47 |I I 
07:45-Sat-May-20-2017 PM2.5 |   3.35 |   3.20 |   4.25 |   3.13 |I I 
07:46-Sat-May-20-2017 PM10  |  11.40 |   8.97 |   8.28 |   6.47 |I I 
07:46-Sat-May-20-2017 PM2.5 |   3.48 |   3.21 |   4.25 |   3.13 |I I 
07:50-Sat-May-20-2017 PM10  |   9.83 |   9.01 |   8.28 |   6.47 |I I 
07:50-Sat-May-20-2017 PM2.5 |   3.25 |   3.21 |   4.25 |   3.13 |I I 
07:51-Sat-May-20-2017 PM10  |   9.39 |   9.03 |   8.28 |   6.47 |I I 
07:51-Sat-May-20-2017 PM2.5 |   3.31 |   3.22 |   4.25 |   3.13 |I I 
07:55-Sat-May-20-2017 PM10  |   6.08 |   8.89 |   8.28 |   6.47 |I I 
07:55-Sat-May-20-2017 PM2.5 |   2.95 |   3.21 |   4.25 |   3.13 |I I 
07:56-Sat-May-20-2017 PM10  |  11.96 |   9.03 |   8.28 |   6.47 |I I 
07:56-Sat-May-20-2017 PM2.5 |   3.47 |   3.22 |   4.25 |   3.13 |I I 
08:00-Sat-May-20-2017 PM10  |  10.49 |   9.09 |   9.09 |   6.47 |I I 
08:00-Sat-May-20-2017 PM2.5 |   2.94 |   3.21 |   4.25 |   3.13 |I I 
08:01-Sat-May-20-2017Timeout Event handler
08:01-Sat-May-20-2017 PM10  |   6.92 |   6.92 |   9.09 |   6.47 |B I 
08:01-Sat-May-20-2017 PM2.5 |   3.02 |   3.02 |   4.25 |   3.13 |B I 
08:05-Sat-May-20-2017recover dati per host :salvatorehost.no-ip.org/aria
08:05-Sat-May-20-2017 PM10  |   9.30 |   8.11 |   9.09 |   6.47 |I I 
08:05-Sat-May-20-2017 PM2.5 |   3.02 |   3.02 |   4.25 |   3.13 |I I 
08:06-Sat-May-20-2017 PM10  |   5.80 |   7.34 |   9.09 |   6.47 |I B 
08:06-Sat-May-20-2017 PM2.5 |   2.85 |   2.96 |   4.25 |   3.13 |I B 
08:10-Sat-May-20-2017recover dati per host :92.223.147.77/nodered
08:10-Sat-May-20-2017 PM10  |   8.25 |   7.57 |   9.09 |   6.47 |I I 
08:10-Sat-May-20-2017 PM2.5 |   3.03 |   2.98 |   4.25 |   3.13 |I I 
08:12-Sat-May-20-2017 PM10  |   8.20 |   7.69 |   9.09 |   6.47 |I I 
08:12-Sat-May-20-2017 PM2.5 |   3.22 |   3.03 |   4.25 |   3.13 |I I 
08:16-Sat-May-20-2017 PM10  |   6.08 |   7.43 |   9.09 |   6.47 |I I 
08:16-Sat-May-20-2017 PM2.5 |   2.84 |   2.99 |   4.25 |   3.13 |I I 
08:17-Sat-May-20-2017 PM10  |   8.55 |   7.59 |   9.09 |   6.47 |I I 
08:17-Sat-May-20-2017 PM2.5 |   2.85 |   2.97 |   4.25 |   3.13 |I I 
08:21-Sat-May-20-2017 PM10  |   8.47 |   7.70 |   9.09 |   6.47 |I I 
08:21-Sat-May-20-2017 PM2.5 |   3.39 |   3.03 |   4.25 |   3.13 |I I 
08:22-Sat-May-20-2017 PM10  |  10.98 |   8.06 |   9.09 |   6.47 |I I 
08:22-Sat-May-20-2017 PM2.5 |   3.18 |   3.04 |   4.25 |   3.13 |I I 
08:26-Sat-May-20-2017 PM10  |   9.13 |   8.17 |   9.09 |   6.47 |I I 
08:26-Sat-May-20-2017 PM2.5 |   3.05 |   3.04 |   4.25 |   3.13 |I I 
08:27-Sat-May-20-2017 PM10  |  10.25 |   8.36 |   9.09 |   6.47 |I I 
08:27-Sat-May-20-2017 PM2.5 |   3.41 |   3.08 |   4.25 |   3.13 |I I 
08:31-Sat-May-20-2017 PM10  |  11.13 |   8.59 |   9.09 |   6.47 |I I 
08:31-Sat-May-20-2017 PM2.5 |   3.32 |   3.10 |   4.25 |   3.13 |I I 
08:32-Sat-May-20-2017 PM10  |  11.26 |   8.79 |   9.09 |   6.47 |I I 
08:32-Sat-May-20-2017 PM2.5 |   3.38 |   3.12 |   4.25 |   3.13 |I I 
08:36-Sat-May-20-2017 PM10  |  12.84 |   9.08 |   9.09 |   6.47 |I I 
08:36-Sat-May-20-2017 PM2.5 |   3.33 |   3.13 |   4.25 |   3.13 |I I 
08:37-Sat-May-20-2017 PM10  |  12.16 |   9.29 |   9.09 |   6.47 |I I 
08:37-Sat-May-20-2017 PM2.5 |   3.20 |   3.14 |   4.25 |   3.13 |I I 
08:41-Sat-May-20-2017 PM10  |   7.33 |   9.17 |   9.09 |   6.47 |I I 
08:41-Sat-May-20-2017 PM2.5 |   2.86 |   3.12 |   4.25 |   3.13 |I I 
08:42-Sat-May-20-2017 PM10  |  10.76 |   9.26 |   9.09 |   6.47 |I I 
08:42-Sat-May-20-2017 PM2.5 |   3.19 |   3.13 |   4.25 |   3.13 |I I 
08:46-Sat-May-20-2017 PM10  |  16.07 |   9.64 |   9.09 |   6.47 |I I 
08:46-Sat-May-20-2017 PM2.5 |   2.96 |   3.12 |   4.25 |   3.13 |I I 
08:47-Sat-May-20-2017 PM10  |   9.09 |   9.61 |   9.09 |   6.47 |I I 
08:47-Sat-May-20-2017 PM2.5 |   3.10 |   3.12 |   4.25 |   3.13 |I I 
08:51-Sat-May-20-2017 PM10  |   9.70 |   9.61 |   9.09 |   6.47 |I I 
08:51-Sat-May-20-2017 PM2.5 |   2.65 |   3.09 |   4.25 |   3.13 |I I 
08:52-Sat-May-20-2017 PM10  |  12.81 |   9.77 |   9.09 |   6.47 |I I 
08:52-Sat-May-20-2017 PM2.5 |   3.16 |   3.10 |   4.25 |   3.13 |I I 
08:56-Sat-May-20-2017 PM10  |  11.21 |   9.83 |   9.09 |   6.47 |I I 
08:56-Sat-May-20-2017 PM2.5 |   2.98 |   3.09 |   4.25 |   3.13 |I I 
08:57-Sat-May-20-2017 PM10  |  14.21 |  10.02 |   9.09 |   6.47 |I I 
08:57-Sat-May-20-2017 PM2.5 |   3.31 |   3.10 |   4.25 |   3.13 |I I 
09:00-Sat-May-20-2017 PM10  |  12.66 |  10.13 |  10.13 |   6.47 |I I 
09:00-Sat-May-20-2017 PM2.5 |   3.27 |   3.11 |   4.25 |   3.11 |I I 
09:01-Sat-May-20-2017 PM10  |  16.23 |  16.23 |  10.13 |   6.47 |I I 
09:01-Sat-May-20-2017 PM2.5 |   3.44 |   3.44 |   4.25 |   3.11 |I I 
09:05-Sat-May-20-2017 PM10  |  16.03 |  16.13 |  10.13 |   6.47 |I I 
09:05-Sat-May-20-2017 PM2.5 |   3.19 |   3.31 |   4.25 |   3.11 |I I 
09:06-Sat-May-20-2017 PM10  |  12.93 |  15.06 |  10.13 |   6.47 |I I 
09:06-Sat-May-20-2017 PM2.5 |   2.98 |   3.20 |   4.25 |   3.11 |I I 
09:10-Sat-May-20-2017 PM10  |  12.50 |  14.42 |  10.13 |   6.47 |I I 
09:10-Sat-May-20-2017 PM2.5 |   2.98 |   3.15 |   4.25 |   3.11 |I I 
09:11-Sat-May-20-2017 PM10  |  12.89 |  14.12 |  10.13 |   6.47 |I I 
09:11-Sat-May-20-2017 PM2.5 |   3.35 |   3.19 |   4.25 |   3.11 |I I 
09:15-Sat-May-20-2017 PM10  |  14.73 |  14.22 |  10.13 |   6.47 |I I 
09:15-Sat-May-20-2017 PM2.5 |   3.07 |   3.17 |   4.25 |   3.11 |I I 
09:16-Sat-May-20-2017 PM10  |  13.40 |  14.10 |  10.13 |   6.47 |I I 
09:16-Sat-May-20-2017 PM2.5 |   3.43 |   3.21 |   4.25 |   3.11 |I I 
09:20-Sat-May-20-2017 PM10  |  11.17 |  13.74 |  10.13 |   6.47 |I I 
09:20-Sat-May-20-2017 PM2.5 |   3.04 |   3.18 |   4.25 |   3.11 |I I 
09:21-Sat-May-20-2017 PM10  |  10.87 |  13.42 |  10.13 |   6.47 |B I 
09:21-Sat-May-20-2017 PM2.5 |   3.06 |   3.17 |   4.25 |   3.11 |B I 
09:25-Sat-May-20-2017recover dati per host :salvatorehost.no-ip.org/aria
09:25-Sat-May-20-2017 PM10  |  14.44 |  13.52 |  10.13 |   6.47 |I I 
09:25-Sat-May-20-2017 PM2.5 |   3.03 |   3.16 |   4.25 |   3.11 |I I 
09:26-Sat-May-20-2017 PM10  |  15.09 |  13.66 |  10.13 |   6.47 |I I 
09:26-Sat-May-20-2017 PM2.5 |   3.55 |   3.19 |   4.25 |   3.11 |I I 
09:30-Sat-May-20-2017 PM10  |  12.71 |  13.58 |  10.13 |   6.47 |I I 
09:30-Sat-May-20-2017 PM2.5 |   3.34 |   3.20 |   4.25 |   3.11 |I I 
09:31-Sat-May-20-2017 PM10  |  11.73 |  13.44 |  10.13 |   6.47 |I I 
09:31-Sat-May-20-2017 PM2.5 |   3.25 |   3.21 |   4.25 |   3.11 |I I 
09:35-Sat-May-20-2017 PM10  |  10.78 |  13.25 |  10.13 |   6.47 |I I 
09:35-Sat-May-20-2017 PM2.5 |   2.99 |   3.19 |   4.25 |   3.11 |I I 
09:36-Sat-May-20-2017 PM10  |  12.28 |  13.19 |  10.13 |   6.47 |I I 
09:36-Sat-May-20-2017 PM2.5 |   3.55 |   3.22 |   4.25 |   3.11 |I I 
09:40-Sat-May-20-2017 PM10  |  11.66 |  13.09 |  10.13 |   6.47 |I I 
09:40-Sat-May-20-2017 PM2.5 |   3.32 |   3.22 |   4.25 |   3.11 |I I 
09:41-Sat-May-20-2017 PM10  |  15.41 |  13.23 |  10.13 |   6.47 |I I 
09:41-Sat-May-20-2017 PM2.5 |   3.71 |   3.25 |   4.25 |   3.11 |I I 
09:45-Sat-May-20-2017 PM10  |  12.09 |  13.16 |  10.13 |   6.47 |I I 
09:45-Sat-May-20-2017 PM2.5 |   3.59 |   3.27 |   4.25 |   3.11 |I I 
09:46-Sat-May-20-2017 PM10  |  10.81 |  13.04 |  10.13 |   6.47 |I I 
09:46-Sat-May-20-2017 PM2.5 |   3.05 |   3.26 |   4.25 |   3.11 |I I 
09:50-Sat-May-20-2017 PM10  |   9.98 |  12.89 |  10.13 |   6.47 |I I 
09:50-Sat-May-20-2017 PM2.5 |   3.25 |   3.26 |   4.25 |   3.11 |I I 
09:51-Sat-May-20-2017 PM10  |  13.86 |  12.93 |  10.13 |   6.47 |I I 
09:51-Sat-May-20-2017 PM2.5 |   3.59 |   3.27 |   4.25 |   3.11 |I I 
09:55-Sat-May-20-2017 PM10  |  15.86 |  13.07 |  10.13 |   6.47 |I I 
09:55-Sat-May-20-2017 PM2.5 |   3.63 |   3.29 |   4.25 |   3.11 |I I 
09:56-Sat-May-20-2017 PM10  |  16.38 |  13.21 |  10.13 |   6.47 |I I 
09:56-Sat-May-20-2017 PM2.5 |   3.34 |   3.29 |   4.25 |   3.11 |I I 
10:01-Sat-May-20-2017 PM10  |  21.50 |  13.56 |  13.56 |   6.47 |B B 
10:01-Sat-May-20-2017 PM2.5 |   3.57 |   3.30 |   4.25 |   3.11 |B B 
10:02-Sat-May-20-2017recover dati per host :salvatorehost.no-ip.org/aria
10:02-Sat-May-20-2017recover dati per host :92.223.147.77/nodered
10:02-Sat-May-20-2017 PM10  |  14.38 |  14.38 |  13.56 |   6.47 |I I 
10:02-Sat-May-20-2017 PM2.5 |   3.72 |   3.72 |   4.25 |   3.11 |I I 
10:06-Sat-May-20-2017 PM10  |  13.68 |  14.03 |  13.56 |   6.47 |I I 
10:06-Sat-May-20-2017 PM2.5 |   3.54 |   3.63 |   4.25 |   3.11 |I I 
10:07-Sat-May-20-2017 PM10  |  15.66 |  14.57 |  13.56 |   6.47 |I I 
10:07-Sat-May-20-2017 PM2.5 |   3.41 |   3.56 |   4.25 |   3.11 |I I 
10:11-Sat-May-20-2017 PM10  |  14.62 |  14.58 |  13.56 |   6.47 |I I 
10:11-Sat-May-20-2017 PM2.5 |   3.54 |   3.55 |   4.25 |   3.11 |I I 
10:12-Sat-May-20-2017 PM10  |  16.09 |  14.89 |  13.56 |   6.47 |I I 
10:12-Sat-May-20-2017 PM2.5 |   3.87 |   3.61 |   4.25 |   3.11 |I I 
10:16-Sat-May-20-2017 PM10  |  16.61 |  15.17 |  13.56 |   6.47 |B B 
10:16-Sat-May-20-2017 PM2.5 |   3.76 |   3.64 |   4.25 |   3.11 |B B 
10:17-Sat-May-20-2017recover dati per host :salvatorehost.no-ip.org/aria
10:17-Sat-May-20-2017recover dati per host :92.223.147.77/nodered
10:17-Sat-May-20-2017 PM10  |  10.97 |  14.57 |  13.56 |   6.47 |I I 
10:17-Sat-May-20-2017 PM2.5 |   3.42 |   3.61 |   4.25 |   3.11 |I I 
10:21-Sat-May-20-2017 PM10  |  17.22 |  14.90 |  13.56 |   6.47 |I I 
10:21-Sat-May-20-2017 PM2.5 |   3.53 |   3.60 |   4.25 |   3.11 |I I 
10:22-Sat-May-20-2017 PM10  |   9.57 |  14.31 |  13.56 |   6.47 |I I 
10:22-Sat-May-20-2017 PM2.5 |   3.15 |   3.55 |   4.25 |   3.11 |I I 
10:26-Sat-May-20-2017 PM10  |  10.94 |  13.97 |  13.56 |   6.47 |I I 
10:26-Sat-May-20-2017 PM2.5 |   3.07 |   3.50 |   4.25 |   3.11 |I I 
10:27-Sat-May-20-2017 PM10  |  13.86 |  13.96 |  13.56 |   6.47 |I I 
10:27-Sat-May-20-2017 PM2.5 |   3.69 |   3.52 |   4.25 |   3.11 |I I 
10:31-Sat-May-20-2017 PM10  |  12.59 |  13.85 |  13.56 |   6.47 |I I 
10:31-Sat-May-20-2017 PM2.5 |   3.29 |   3.50 |   4.25 |   3.11 |I I 
10:35-Sat-May-20-2017 PM10  |  11.41 |  13.66 |  13.56 |   6.47 |I I 
10:35-Sat-May-20-2017 PM2.5 |   3.60 |   3.51 |   4.25 |   3.11 |I I 
10:36-Sat-May-20-2017 PM10  |  14.20 |  13.70 |  13.56 |   6.47 |I I 
10:36-Sat-May-20-2017 PM2.5 |   4.00 |   3.54 |   4.25 |   3.11 |I I 
10:40-Sat-May-20-2017 PM10  |  11.92 |  13.58 |  13.56 |   6.47 |B B 
10:40-Sat-May-20-2017 PM2.5 |   3.27 |   3.52 |   4.25 |   3.11 |B B 
10:41-Sat-May-20-2017recover dati per host :salvatorehost.no-ip.org/aria
10:41-Sat-May-20-2017recover dati per host :92.223.147.77/nodered
10:41-Sat-May-20-2017 PM10  |  10.50 |  13.39 |  13.56 |   6.47 |I I 
10:41-Sat-May-20-2017 PM2.5 |   3.69 |   3.53 |   4.25 |   3.11 |I I 
10:45-Sat-May-20-2017 PM10  |  10.02 |  13.19 |  13.56 |   6.47 |B I 
10:45-Sat-May-20-2017 PM2.5 |   3.55 |   3.54 |   4.25 |   3.11 |B I 
10:46-Sat-May-20-2017recover dati per host :salvatorehost.no-ip.org/aria
10:46-Sat-May-20-2017 PM10  |  13.12 |  13.19 |  13.56 |   6.47 |I I 
10:46-Sat-May-20-2017 PM2.5 |   3.63 |   3.54 |   4.25 |   3.11 |I I 
10:50-Sat-May-20-2017 PM10  |  10.62 |  13.05 |  13.56 |   6.47 |I I 
10:50-Sat-May-20-2017 PM2.5 |   3.47 |   3.54 |   4.25 |   3.11 |I I 
10:51-Sat-May-20-2017 PM10  |  11.71 |  12.98 |  13.56 |   6.47 |I I 
10:51-Sat-May-20-2017 PM2.5 |   3.56 |   3.54 |   4.25 |   3.11 |I I 
10:55-Sat-May-20-2017 PM10  |   9.54 |  12.82 |  13.56 |   6.47 |I I 
10:55-Sat-May-20-2017 PM2.5 |   3.18 |   3.52 |   4.25 |   3.11 |I I 
10:56-Sat-May-20-2017 PM10  |  10.88 |  12.73 |  13.56 |   6.47 |I I 
10:56-Sat-May-20-2017 PM2.5 |   3.54 |   3.52 |   4.25 |   3.11 |I I 
11:00-Sat-May-20-2017 PM10  |   8.87 |  12.56 |  13.56 |   6.47 |I I 
11:00-Sat-May-20-2017 PM2.5 |   3.47 |   3.52 |   4.25 |   3.11 |I I 
11:01-Sat-May-20-2017 PM10  |  11.70 |  11.70 |  13.56 |   6.47 |B B 
11:01-Sat-May-20-2017 PM2.5 |   3.73 |   3.73 |   4.25 |   3.11 |B B 
11:05-Sat-May-20-2017recover dati per host :salvatorehost.no-ip.org/aria
11:06-Sat-May-20-2017recover dati per host :92.223.147.77/nodered
11:06-Sat-May-20-2017 PM10  |  12.56 |  12.13 |  13.56 |   6.47 |I I 
11:06-Sat-May-20-2017 PM2.5 |   3.71 |   3.72 |   4.25 |   3.11 |I I 
11:07-Sat-May-20-2017 PM10  |  13.08 |  12.44 |  13.56 |   6.47 |I I 
11:07-Sat-May-20-2017 PM2.5 |   3.74 |   3.73 |   4.25 |   3.11 |I I 
11:11-Sat-May-20-2017 PM10  |  10.41 |  11.94 |  13.56 |   6.47 |I I 
11:11-Sat-May-20-2017 PM2.5 |   3.31 |   3.62 |   4.25 |   3.11 |I I 
11:12-Sat-May-20-2017 PM10  |  12.34 |  12.02 |  13.56 |   6.47 |I I 
11:12-Sat-May-20-2017 PM2.5 |   3.59 |   3.62 |   4.25 |   3.11 |I I 
11:16-Sat-May-20-2017 PM10  |   8.02 |  11.35 |  13.56 |   6.47 |I I 
11:16-Sat-May-20-2017 PM2.5 |   3.47 |   3.59 |   4.25 |   3.11 |I I 
11:17-Sat-May-20-2017 PM10  |  10.97 |  11.30 |  13.56 |   6.47 |I I 
11:17-Sat-May-20-2017 PM2.5 |   3.84 |   3.63 |   4.25 |   3.11 |I I 
11:21-Sat-May-20-2017 PM10  |  10.88 |  11.24 |  13.56 |   6.47 |I I 
11:21-Sat-May-20-2017 PM2.5 |   3.58 |   3.62 |   4.25 |   3.11 |I I 
11:22-Sat-May-20-2017 PM10  |  10.62 |  11.18 |  13.56 |   6.47 |I I 
11:22-Sat-May-20-2017 PM2.5 |   3.70 |   3.63 |   4.25 |   3.11 |I I 
11:26-Sat-May-20-2017 PM10  |   9.77 |  11.04 |  13.56 |   6.47 |I I 
11:26-Sat-May-20-2017 PM2.5 |   3.45 |   3.61 |   4.25 |   3.11 |I I 
11:27-Sat-May-20-2017 PM10  |  12.48 |  11.17 |  13.56 |   6.47 |I I 
11:27-Sat-May-20-2017 PM2.5 |   3.44 |   3.60 |   4.25 |   3.11 |I I 
11:31-Sat-May-20-2017 PM10  |  10.76 |  11.13 |  13.56 |   6.47 |I I 
11:31-Sat-May-20-2017 PM2.5 |   3.30 |   3.57 |   4.25 |   3.11 |I I 
11:32-Sat-May-20-2017 PM10  |   9.64 |  11.02 |  13.56 |   6.47 |I I 
11:32-Sat-May-20-2017 PM2.5 |   3.65 |   3.58 |   4.25 |   3.11 |I I 
11:36-Sat-May-20-2017 PM10  |   7.83 |  10.79 |  13.56 |   6.47 |B B 
11:36-Sat-May-20-2017 PM2.5 |   3.26 |   3.56 |   4.25 |   3.11 |B B 
11:37-Sat-May-20-2017recover dati per host :salvatorehost.no-ip.org/aria
11:37-Sat-May-20-2017recover dati per host :92.223.147.77/nodered
11:37-Sat-May-20-2017 PM10  |   9.50 |  10.70 |  13.56 |   6.47 |I I 
11:37-Sat-May-20-2017 PM2.5 |   3.59 |   3.56 |   4.25 |   3.11 |I I 
11:41-Sat-May-20-2017 PM10  |   8.13 |  10.54 |  13.56 |   6.47 |I I 
11:41-Sat-May-20-2017 PM2.5 |   3.14 |   3.53 |   4.25 |   3.11 |I I 
11:42-Sat-May-20-2017 PM10  |   8.43 |  10.42 |  13.56 |   6.47 |I I 
11:42-Sat-May-20-2017 PM2.5 |   3.21 |   3.51 |   4.25 |   3.11 |I I 
11:45-Sat-May-20-2017 PM10  |  10.59 |  10.43 |  13.56 |   6.47 |I B 
11:45-Sat-May-20-2017 PM2.5 |   3.23 |   3.50 |   4.25 |   3.11 |I B 
11:46-Sat-May-20-2017recover dati per host :92.223.147.77/nodered
11:46-Sat-May-20-2017 PM10  |  11.25 |  10.47 |  13.56 |   6.47 |I I 
11:46-Sat-May-20-2017 PM2.5 |   3.08 |   3.48 |   4.25 |   3.11 |I I 
11:50-Sat-May-20-2017 PM10  |  10.52 |  10.47 |  13.56 |   6.47 |I I 
11:50-Sat-May-20-2017 PM2.5 |   2.94 |   3.45 |   4.25 |   3.11 |I I 
11:51-Sat-May-20-2017 PM10  |   9.84 |  10.44 |  13.56 |   6.47 |I I 
11:51-Sat-May-20-2017 PM2.5 |   3.20 |   3.44 |   4.25 |   3.11 |I I 
11:55-Sat-May-20-2017 PM10  |   8.60 |  10.36 |  13.56 |   6.47 |B B 
11:55-Sat-May-20-2017 PM2.5 |   3.26 |   3.43 |   4.25 |   3.11 |B B 
11:56-Sat-May-20-2017 PM10  |  10.73 |  10.38 |  13.56 |   6.47 |B B 
11:56-Sat-May-20-2017 PM2.5 |   3.22 |   3.42 |   4.25 |   3.11 |B B 
12:00-Sat-May-20-2017recover dati per host :salvatorehost.no-ip.org/aria
12:00-Sat-May-20-2017recover dati per host :92.223.147.77/nodered
12:00-Sat-May-20-2017 PM10  |   7.35 |  10.25 |  13.56 |   6.47 |I I 
12:00-Sat-May-20-2017 PM2.5 |   2.74 |   3.39 |   4.25 |   3.11 |I I 
12:01-Sat-May-20-2017 PM10  |  11.52 |  11.52 |  13.56 |   6.47 |B B 
12:01-Sat-May-20-2017 PM2.5 |   3.25 |   3.25 |   4.25 |   3.11 |B B 
12:05-Sat-May-20-2017recover dati per host :salvatorehost.no-ip.org/aria
12:05-Sat-May-20-2017recover dati per host :92.223.147.77/nodered
12:05-Sat-May-20-2017 PM10  |  11.49 |  11.50 |  13.56 |   6.47 |I I 
12:05-Sat-May-20-2017 PM2.5 |   3.33 |   3.29 |   4.25 |   3.11 |I I 
12:06-Sat-May-20-2017 PM10  |   8.88 |  10.63 |  13.56 |   6.47 |I I 
12:06-Sat-May-20-2017 PM2.5 |   3.01 |   3.20 |   4.25 |   3.11 |I I 
12:10-Sat-May-20-2017 PM10  |  11.54 |  10.86 |  13.56 |   6.47 |I I 
12:10-Sat-May-20-2017 PM2.5 |   3.03 |   3.16 |   4.25 |   3.11 |I I 
12:11-Sat-May-20-2017 PM10  |   8.29 |  10.34 |  13.56 |   6.47 |I I 
12:11-Sat-May-20-2017 PM2.5 |   2.56 |   3.04 |   4.25 |   3.11 |I I 
12:15-Sat-May-20-2017 PM10  |   7.90 |   9.94 |  13.56 |   6.47 |I I 
12:15-Sat-May-20-2017 PM2.5 |   2.70 |   2.98 |   4.25 |   3.11 |I I 
12:16-Sat-May-20-2017 PM10  |   9.68 |   9.90 |  13.56 |   6.47 |I I 
12:16-Sat-May-20-2017 PM2.5 |   2.39 |   2.90 |   4.25 |   3.11 |I I 
12:20-Sat-May-20-2017 PM10  |   7.95 |   9.66 |  13.56 |   6.47 |I I 
12:20-Sat-May-20-2017 PM2.5 |   2.40 |   2.84 |   4.25 |   3.11 |I I 
12:21-Sat-May-20-2017 PM10  |   7.81 |   9.45 |  13.56 |   6.47 |I I 
12:21-Sat-May-20-2017 PM2.5 |   2.52 |   2.80 |   4.25 |   3.11 |I I 
12:26-Sat-May-20-2017 PM10  |   8.60 |   9.37 |  13.56 |   6.47 |B B 
12:26-Sat-May-20-2017 PM2.5 |   2.12 |   2.73 |   4.25 |   3.11 |B B 
12:27-Sat-May-20-2017recover dati per host :salvatorehost.no-ip.org/aria
12:27-Sat-May-20-2017recover dati per host :92.223.147.77/nodered
12:27-Sat-May-20-2017 PM10  |   8.63 |   9.30 |  13.56 |   6.47 |I I 
12:27-Sat-May-20-2017 PM2.5 |   2.63 |   2.72 |   4.25 |   3.11 |I I 
12:31-Sat-May-20-2017 PM10  |  12.15 |   9.54 |  13.56 |   6.47 |I I 
12:31-Sat-May-20-2017 PM2.5 |   2.08 |   2.67 |   4.25 |   3.11 |I I 
12:32-Sat-May-20-2017 PM10  |   7.47 |   9.38 |  13.56 |   6.47 |I I 
12:32-Sat-May-20-2017 PM2.5 |   2.28 |   2.64 |   4.25 |   3.11 |I I 
12:36-Sat-May-20-2017 PM10  |   7.31 |   9.23 |  13.56 |   6.47 |I I 
12:36-Sat-May-20-2017 PM2.5 |   1.76 |   2.58 |   4.25 |   3.11 |I I 
12:37-Sat-May-20-2017 PM10  |   7.90 |   9.14 |  13.56 |   6.47 |I I 
12:37-Sat-May-20-2017 PM2.5 |   2.67 |   2.58 |   4.25 |   3.11 |I I 
12:41-Sat-May-20-2017 PM10  |   5.69 |   8.93 |  13.56 |   6.47 |I I 
12:41-Sat-May-20-2017 PM2.5 |   2.38 |   2.57 |   4.25 |   3.11 |I I 
12:42-Sat-May-20-2017 PM10  |   9.86 |   8.98 |  13.56 |   6.47 |I I 
12:42-Sat-May-20-2017 PM2.5 |   2.19 |   2.55 |   4.25 |   3.11 |I I 
12:46-Sat-May-20-2017 PM10  |   5.17 |   8.77 |  13.56 |   6.47 |I I 
12:46-Sat-May-20-2017 PM2.5 |   2.00 |   2.52 |   4.25 |   3.11 |I I 
12:47-Sat-May-20-2017 PM10  |  10.19 |   8.84 |  13.56 |   6.47 |I I 
12:47-Sat-May-20-2017 PM2.5 |   2.31 |   2.51 |   4.25 |   3.11 |I I 
12:51-Sat-May-20-2017 PM10  |   6.11 |   8.71 |  13.56 |   6.47 |I I 
12:51-Sat-May-20-2017 PM2.5 |   1.93 |   2.48 |   4.25 |   3.11 |I I 
12:52-Sat-May-20-2017 PM10  |   7.64 |   8.66 |  13.56 |   6.47 |I I 
12:52-Sat-May-20-2017 PM2.5 |   2.30 |   2.47 |   4.25 |   3.11 |I I 
12:56-Sat-May-20-2017 PM10  |   9.04 |   8.67 |  13.56 |   6.47 |I I 
12:56-Sat-May-20-2017 PM2.5 |   2.09 |   2.45 |   4.25 |   3.11 |I I 
12:57-Sat-May-20-2017 PM10  |   9.29 |   8.70 |  13.56 |   6.47 |B I 
12:57-Sat-May-20-2017 PM2.5 |   2.50 |   2.45 |   4.25 |   3.11 |B I 
13:01-Sat-May-20-2017recover dati per host :salvatorehost.no-ip.org/aria
13:01-Sat-May-20-2017 PM10  |   6.18 |   8.60 |  13.56 |   6.47 |I I 
13:01-Sat-May-20-2017 PM2.5 |   2.10 |   2.44 |   4.25 |   2.44 |I I 
13:02-Sat-May-20-2017 PM10  |   7.55 |   7.55 |  13.56 |   6.47 |I B 
13:02-Sat-May-20-2017 PM2.5 |   2.21 |   2.21 |   4.25 |   2.44 |I B 
13:06-Sat-May-20-2017recover dati per host :92.223.147.77/nodered
13:06-Sat-May-20-2017 PM10  |   8.07 |   7.81 |  13.56 |   6.47 |I I 
13:06-Sat-May-20-2017 PM2.5 |   2.14 |   2.18 |   4.25 |   2.44 |I I 
13:10-Sat-May-20-2017 PM10  |   9.59 |   8.40 |  13.56 |   6.47 |I I 
13:10-Sat-May-20-2017 PM2.5 |   2.16 |   2.17 |   4.25 |   2.44 |I I 
13:11-Sat-May-20-2017 PM10  |  11.48 |   9.17 |  13.56 |   6.47 |I I 
13:11-Sat-May-20-2017 PM2.5 |   2.51 |   2.26 |   4.25 |   2.44 |I I 
13:15-Sat-May-20-2017 PM10  |   9.33 |   9.20 |  13.56 |   6.47 |I I 
13:15-Sat-May-20-2017 PM2.5 |   2.31 |   2.27 |   4.25 |   2.44 |I I 
13:16-Sat-May-20-2017 PM10  |  14.21 |  10.04 |  13.56 |   6.47 |I I 
13:16-Sat-May-20-2017 PM2.5 |   2.52 |   2.31 |   4.25 |   2.44 |I I 
13:20-Sat-May-20-2017 PM10  |   6.03 |   9.46 |  13.56 |   6.47 |I I 
13:20-Sat-May-20-2017 PM2.5 |   2.01 |   2.27 |   4.25 |   2.44 |I I 
13:21-Sat-May-20-2017 PM10  |   6.28 |   9.07 |  13.56 |   6.47 |I I 
13:21-Sat-May-20-2017 PM2.5 |   2.28 |   2.27 |   4.25 |   2.44 |I I 
13:26-Sat-May-20-2017 PM10  |   7.09 |   8.85 |  13.56 |   6.47 |I I 
13:26-Sat-May-20-2017 PM2.5 |   2.09 |   2.25 |   4.25 |   2.44 |I I 
13:27-Sat-May-20-2017 PM10  |   5.66 |   8.53 |  13.56 |   6.47 |I I 
13:27-Sat-May-20-2017 PM2.5 |   2.19 |   2.24 |   4.25 |   2.44 |I I 
13:31-Sat-May-20-2017 PM10  |   6.19 |   8.32 |  13.56 |   6.47 |I I 
13:31-Sat-May-20-2017 PM2.5 |   1.85 |   2.21 |   4.25 |   2.44 |I I 
13:32-Sat-May-20-2017 PM10  |   8.48 |   8.33 |  13.56 |   6.47 |I I 
13:32-Sat-May-20-2017 PM2.5 |   2.15 |   2.20 |   4.25 |   2.44 |I I 
13:36-Sat-May-20-2017 PM10  |   7.92 |   8.30 |  13.56 |   6.47 |I B 
13:36-Sat-May-20-2017 PM2.5 |   2.30 |   2.21 |   4.25 |   2.44 |I B 
13:37-Sat-May-20-2017recover dati per host :92.223.147.77/nodered
13:37-Sat-May-20-2017 PM10  |   6.15 |   8.15 |  13.56 |   6.47 |I I 
13:37-Sat-May-20-2017 PM2.5 |   2.36 |   2.22 |   4.25 |   2.44 |I I 
13:41-Sat-May-20-2017 PM10  |  10.94 |   8.33 |  13.56 |   6.47 |I I 
13:41-Sat-May-20-2017 PM2.5 |   2.55 |   2.24 |   4.25 |   2.44 |I I 
13:42-Sat-May-20-2017 PM10  |  11.96 |   8.56 |  13.56 |   6.47 |I B 
13:42-Sat-May-20-2017 PM2.5 |   2.20 |   2.24 |   4.25 |   2.44 |I B 
13:46-Sat-May-20-2017recover dati per host :92.223.147.77/nodered
13:46-Sat-May-20-2017 PM10  |   7.14 |   8.48 |  13.56 |   6.47 |I I 
13:46-Sat-May-20-2017 PM2.5 |   2.03 |   2.23 |   4.25 |   2.44 |I I 
13:47-Sat-May-20-2017 PM10  |   8.55 |   8.48 |  13.56 |   6.47 |I I 
13:47-Sat-May-20-2017 PM2.5 |   2.23 |   2.23 |   4.25 |   2.44 |I I 
13:51-Sat-May-20-2017 PM10  |   6.81 |   8.39 |  13.56 |   6.47 |I I 
13:51-Sat-May-20-2017 PM2.5 |   2.17 |   2.22 |   4.25 |   2.44 |I I 
13:52-Sat-May-20-2017 PM10  |   9.33 |   8.44 |  13.56 |   6.47 |I I 
13:52-Sat-May-20-2017 PM2.5 |   2.28 |   2.23 |   4.25 |   2.44 |I I 
13:56-Sat-May-20-2017 PM10  |   7.49 |   8.39 |  13.56 |   6.47 |I I 
13:56-Sat-May-20-2017 PM2.5 |   1.99 |   2.22 |   4.25 |   2.44 |I I 
13:57-Sat-May-20-2017 PM10  |   6.40 |   8.30 |  13.56 |   6.47 |I I 
13:57-Sat-May-20-2017 PM2.5 |   2.06 |   2.21 |   4.25 |   2.44 |I I 
14:01-Sat-May-20-2017 PM10  |   9.16 |   8.34 |  13.56 |   6.47 |I I 
14:01-Sat-May-20-2017 PM2.5 |   2.15 |   2.21 |   4.25 |   2.21 |I I 
14:05-Sat-May-20-2017 PM10  |   6.18 |   6.18 |  13.56 |   6.47 |I I 
14:05-Sat-May-20-2017 PM2.5 |   1.97 |   1.97 |   4.25 |   2.21 |I I 
14:06-Sat-May-20-2017 PM10  |   9.66 |   7.92 |  13.56 |   6.47 |I I 
14:06-Sat-May-20-2017 PM2.5 |   2.69 |   2.33 |   4.25 |   2.21 |I I 
14:10-Sat-May-20-2017 PM10  |   9.37 |   8.40 |  13.56 |   6.47 |I I 
14:10-Sat-May-20-2017 PM2.5 |   2.11 |   2.26 |   4.25 |   2.21 |I I 
14:11-Sat-May-20-2017 PM10  |   7.15 |   8.09 |  13.56 |   6.47 |I I 
14:11-Sat-May-20-2017 PM2.5 |   2.10 |   2.22 |   4.25 |   2.21 |I I 
14:15-Sat-May-20-2017 PM10  |   7.71 |   8.01 |  13.56 |   6.47 |I I 
14:15-Sat-May-20-2017 PM2.5 |   1.84 |   2.14 |   4.25 |   2.21 |I I 
14:16-Sat-May-20-2017 PM10  |   7.46 |   7.92 |  13.56 |   6.47 |I I 
14:16-Sat-May-20-2017 PM2.5 |   2.13 |   2.14 |   4.25 |   2.21 |I I 
14:20-Sat-May-20-2017 PM10  |   5.46 |   7.57 |  13.56 |   6.47 |I I 
14:20-Sat-May-20-2017 PM2.5 |   1.85 |   2.10 |   4.25 |   2.21 |I I 
14:21-Sat-May-20-2017 PM10  |   6.88 |   7.48 |  13.56 |   6.47 |I I 
14:21-Sat-May-20-2017 PM2.5 |   2.25 |   2.12 |   4.25 |   2.21 |I I 
14:25-Sat-May-20-2017 PM10  |   8.05 |   7.55 |  13.56 |   6.47 |I I 
14:25-Sat-May-20-2017 PM2.5 |   1.84 |   2.09 |   4.25 |   2.21 |I I 
14:26-Sat-May-20-2017 PM10  |   8.01 |   7.59 |  13.56 |   6.47 |I I 
14:26-Sat-May-20-2017 PM2.5 |   2.38 |   2.12 |   4.25 |   2.21 |I I 
14:30-Sat-May-20-2017 PM10  |   5.38 |   7.39 |  13.56 |   6.47 |I I 
14:30-Sat-May-20-2017 PM2.5 |   1.78 |   2.09 |   4.25 |   2.21 |I I 
14:31-Sat-May-20-2017 PM10  |   8.67 |   7.50 |  13.56 |   6.47 |I I 
14:31-Sat-May-20-2017 PM2.5 |   2.20 |   2.10 |   4.25 |   2.21 |I I 
14:35-Sat-May-20-2017 PM10  |   8.12 |   7.55 |  13.56 |   6.47 |I I 
14:35-Sat-May-20-2017 PM2.5 |   1.84 |   2.08 |   4.25 |   2.21 |I I 
14:36-Sat-May-20-2017 PM10  |   5.49 |   7.40 |  13.56 |   6.47 |I I 
14:36-Sat-May-20-2017 PM2.5 |   1.97 |   2.07 |   4.25 |   2.21 |I I 
14:40-Sat-May-20-2017 PM10  |   4.95 |   7.23 |  13.56 |   6.47 |I I 
14:40-Sat-May-20-2017 PM2.5 |   1.83 |   2.05 |   4.25 |   2.21 |I I 
14:41-Sat-May-20-2017 PM10  |   7.21 |   7.23 |  13.56 |   6.47 |I I 
14:41-Sat-May-20-2017 PM2.5 |   2.22 |   2.06 |   4.25 |   2.21 |I I 
14:45-Sat-May-20-2017 PM10  |   4.84 |   7.09 |  13.56 |   6.47 |I I 
14:45-Sat-May-20-2017 PM2.5 |   1.77 |   2.05 |   4.25 |   2.21 |I I 
14:46-Sat-May-20-2017 PM10  |   7.99 |   7.14 |  13.56 |   6.47 |I I 
14:46-Sat-May-20-2017 PM2.5 |   2.21 |   2.05 |   4.25 |   2.21 |I I 
14:50-Sat-May-20-2017 PM10  |   5.34 |   7.05 |  13.56 |   6.47 |I I 
14:50-Sat-May-20-2017 PM2.5 |   1.81 |   2.04 |   4.25 |   2.21 |I I 
14:51-Sat-May-20-2017 PM10  |   7.08 |   7.05 |  13.56 |   6.47 |I I 
14:51-Sat-May-20-2017 PM2.5 |   2.43 |   2.06 |   4.25 |   2.21 |I I 
14:55-Sat-May-20-2017 PM10  |   3.30 |   6.87 |  13.56 |   6.47 |I I 
14:55-Sat-May-20-2017 PM2.5 |   1.76 |   2.05 |   4.25 |   2.21 |I I 
14:56-Sat-May-20-2017 PM10  |   6.89 |   6.87 |  13.56 |   6.47 |I I 
14:56-Sat-May-20-2017 PM2.5 |   2.06 |   2.05 |   4.25 |   2.21 |I I 
15:00-Sat-May-20-2017 PM10  |   7.56 |   6.90 |  13.56 |   6.47 |I I 
15:00-Sat-May-20-2017 PM2.5 |   1.87 |   2.04 |   4.25 |   2.04 |I I 
15:01-Sat-May-20-2017 PM10  |  10.99 |  10.99 |  13.56 |   6.47 |I I 
15:01-Sat-May-20-2017 PM2.5 |   2.38 |   2.38 |   4.25 |   2.04 |I I 
15:06-Sat-May-20-2017 PM10  |   7.62 |   9.31 |  13.56 |   6.47 |I I 
15:06-Sat-May-20-2017 PM2.5 |   2.00 |   2.19 |   4.25 |   2.04 |I I 
15:07-Sat-May-20-2017 PM10  |   6.12 |   8.24 |  13.56 |   6.47 |I I 
15:07-Sat-May-20-2017 PM2.5 |   2.17 |   2.18 |   4.25 |   2.04 |I I 
15:11-Sat-May-20-2017 PM10  |   4.95 |   7.42 |  13.56 |   6.47 |I I 
15:11-Sat-May-20-2017 PM2.5 |   1.74 |   2.07 |   4.25 |   2.04 |I I 
15:12-Sat-May-20-2017 PM10  |   8.16 |   7.57 |  13.56 |   6.47 |I I 
15:12-Sat-May-20-2017 PM2.5 |   2.50 |   2.16 |   4.25 |   2.04 |I I 
15:16-Sat-May-20-2017 PM10  |   8.28 |   7.69 |  13.56 |   6.47 |I I 
15:16-Sat-May-20-2017 PM2.5 |   2.17 |   2.16 |   4.25 |   2.04 |I I 
15:17-Sat-May-20-2017 PM10  |   7.88 |   7.71 |  13.56 |   6.47 |I I 
15:17-Sat-May-20-2017 PM2.5 |   2.15 |   2.16 |   4.25 |   2.04 |I I 
15:21-Sat-May-20-2017 PM10  |   4.56 |   7.32 |  13.56 |   6.47 |I I 
15:21-Sat-May-20-2017 PM2.5 |   1.69 |   2.10 |   4.25 |   2.04 |I I 
15:22-Sat-May-20-2017 PM10  |   9.87 |   7.60 |  13.56 |   6.47 |I I 
15:22-Sat-May-20-2017 PM2.5 |   2.32 |   2.13 |   4.25 |   2.04 |I I 
15:26-Sat-May-20-2017 PM10  |   9.00 |   7.74 |  13.56 |   6.47 |I I 
15:26-Sat-May-20-2017 PM2.5 |   1.87 |   2.10 |   4.25 |   2.04 |I I 
15:27-Sat-May-20-2017 PM10  |   7.15 |   7.69 |  13.56 |   6.47 |I I 
15:27-Sat-May-20-2017 PM2.5 |   1.99 |   2.09 |   4.25 |   2.04 |I I 
15:31-Sat-May-20-2017 PM10  |  11.94 |   8.04 |  13.56 |   6.47 |I I 
15:31-Sat-May-20-2017 PM2.5 |   2.02 |   2.08 |   4.25 |   2.04 |I I 
15:32-Sat-May-20-2017 PM10  |  12.28 |   8.37 |  13.56 |   6.47 |I I 
15:32-Sat-May-20-2017 PM2.5 |   2.74 |   2.13 |   4.25 |   2.04 |I I 
15:36-Sat-May-20-2017 PM10  |   6.96 |   8.27 |  13.56 |   6.47 |I I 
15:36-Sat-May-20-2017 PM2.5 |   2.00 |   2.12 |   4.25 |   2.04 |I I 
15:37-Sat-May-20-2017 PM10  |   7.48 |   8.22 |  13.56 |   6.47 |I I 
15:37-Sat-May-20-2017 PM2.5 |   2.10 |   2.12 |   4.25 |   2.04 |I I 
15:41-Sat-May-20-2017 PM10  |   8.66 |   8.24 |  13.56 |   6.47 |I I 
15:41-Sat-May-20-2017 PM2.5 |   2.04 |   2.12 |   4.25 |   2.04 |I I 
15:42-Sat-May-20-2017 PM10  |   8.39 |   8.25 |  13.56 |   6.47 |B I 
15:42-Sat-May-20-2017 PM2.5 |   2.12 |   2.12 |   4.25 |   2.04 |B I 
15:46-Sat-May-20-2017recover dati per host :salvatorehost.no-ip.org/aria
15:46-Sat-May-20-2017 PM10  |   6.20 |   8.14 |  13.56 |   6.47 |I I 
15:46-Sat-May-20-2017 PM2.5 |   1.76 |   2.10 |   4.25 |   2.04 |I I 
15:47-Sat-May-20-2017 PM10  |   6.38 |   8.05 |  13.56 |   6.47 |I I 
15:47-Sat-May-20-2017 PM2.5 |   2.21 |   2.10 |   4.25 |   2.04 |I I 
15:51-Sat-May-20-2017 PM10  |   7.37 |   8.01 |  13.56 |   6.47 |I I 
15:51-Sat-May-20-2017 PM2.5 |   1.84 |   2.09 |   4.25 |   2.04 |I I 
15:52-Sat-May-20-2017 PM10  |   7.25 |   7.98 |  13.56 |   6.47 |I I 
15:52-Sat-May-20-2017 PM2.5 |   2.05 |   2.09 |   4.25 |   2.04 |I I 
15:56-Sat-May-20-2017 PM10  |   7.50 |   7.95 |  13.56 |   6.47 |I I 
15:56-Sat-May-20-2017 PM2.5 |   1.81 |   2.08 |   4.25 |   2.04 |I I 
15:57-Sat-May-20-2017 PM10  |   7.81 |   7.95 |  13.56 |   6.47 |I I 
15:57-Sat-May-20-2017 PM2.5 |   1.93 |   2.07 |   4.25 |   2.04 |I I 
16:01-Sat-May-20-2017 PM10  |   6.30 |   7.88 |  13.56 |   6.47 |I I 
16:01-Sat-May-20-2017 PM2.5 |   1.69 |   2.05 |   4.25 |   2.04 |I I 
16:02-Sat-May-20-2017 PM10  |   8.73 |   8.73 |  13.56 |   6.47 |I I 
16:02-Sat-May-20-2017 PM2.5 |   2.27 |   2.27 |   4.25 |   2.04 |I I 
16:06-Sat-May-20-2017 PM10  |   4.65 |   6.69 |  13.56 |   6.47 |I I 
16:06-Sat-May-20-2017 PM2.5 |   1.95 |   2.11 |   4.25 |   2.04 |I I 
16:07-Sat-May-20-2017 PM10  |   8.12 |   7.17 |  13.56 |   6.47 |I I 
16:07-Sat-May-20-2017 PM2.5 |   1.99 |   2.07 |   4.25 |   2.04 |I I 
16:11-Sat-May-20-2017 PM10  |   5.57 |   6.77 |  13.56 |   6.47 |I I 
16:11-Sat-May-20-2017 PM2.5 |   1.85 |   2.02 |   4.25 |   2.04 |I I 
16:12-Sat-May-20-2017 PM10  |   7.13 |   6.84 |  13.56 |   6.47 |I I 
16:12-Sat-May-20-2017 PM2.5 |   1.81 |   1.97 |   4.25 |   2.04 |I I 
16:16-Sat-May-20-2017 PM10  |   8.39 |   7.10 |  13.56 |   6.47 |I I 
16:16-Sat-May-20-2017 PM2.5 |   1.84 |   1.95 |   4.25 |   2.04 |I I 
16:17-Sat-May-20-2017 PM10  |   7.68 |   7.18 |  13.56 |   6.47 |I I 
16:17-Sat-May-20-2017 PM2.5 |   1.92 |   1.95 |   4.25 |   2.04 |I I 
16:21-Sat-May-20-2017 PM10  |   4.45 |   6.84 |  13.56 |   6.47 |I I 
16:21-Sat-May-20-2017 PM2.5 |   1.59 |   1.90 |   4.25 |   2.04 |I I 
16:22-Sat-May-20-2017 PM10  |   4.01 |   6.52 |  13.56 |   6.47 |I I 
16:22-Sat-May-20-2017 PM2.5 |   1.83 |   1.90 |   4.25 |   2.04 |I I 
16:26-Sat-May-20-2017 PM10  |   8.25 |   6.70 |  13.56 |   6.47 |I I 
16:26-Sat-May-20-2017 PM2.5 |   1.82 |   1.89 |   4.25 |   2.04 |I I 
16:27-Sat-May-20-2017 PM10  |   8.12 |   6.83 |  13.56 |   6.47 |I I 
16:27-Sat-May-20-2017 PM2.5 |   1.84 |   1.88 |   4.25 |   2.04 |I I 
16:31-Sat-May-20-2017 PM10  |   6.13 |   6.77 |  13.56 |   6.47 |I I 
16:31-Sat-May-20-2017 PM2.5 |   1.51 |   1.85 |   4.25 |   2.04 |I I 
16:35-Sat-May-20-2017 PM10  |   4.21 |   6.57 |  13.56 |   6.47 |I I 
16:35-Sat-May-20-2017 PM2.5 |   1.45 |   1.82 |   4.25 |   2.04 |I I 
16:36-Sat-May-20-2017 PM10  |   5.10 |   6.47 |  13.56 |   6.47 |I I 
16:36-Sat-May-20-2017 PM2.5 |   1.75 |   1.82 |   4.25 |   2.04 |I I 
16:40-Sat-May-20-2017 PM10  |   3.73 |   6.28 |  13.56 |   6.47 |I I 
16:40-Sat-May-20-2017 PM2.5 |   1.45 |   1.79 |   4.25 |   2.04 |I I 
16:41-Sat-May-20-2017 PM10  |   5.79 |   6.25 |  13.56 |   6.47 |I I 
16:41-Sat-May-20-2017 PM2.5 |   1.94 |   1.80 |   4.25 |   2.04 |I I 
16:45-Sat-May-20-2017 PM10  |   6.79 |   6.29 |  13.56 |   6.47 |I I 
16:45-Sat-May-20-2017 PM2.5 |   1.75 |   1.80 |   4.25 |   2.04 |I I 
16:46-Sat-May-20-2017 PM10  |   6.06 |   6.27 |  13.56 |   6.47 |I I 
16:46-Sat-May-20-2017 PM2.5 |   1.99 |   1.81 |   4.25 |   2.04 |I I 
16:50-Sat-May-20-2017 PM10  |  11.42 |   6.54 |  13.56 |   6.47 |I I 
16:50-Sat-May-20-2017 PM2.5 |   1.97 |   1.82 |   4.25 |   2.04 |I I 
16:51-Sat-May-20-2017 PM10  |   7.32 |   6.58 |  13.56 |   6.47 |I I 
16:51-Sat-May-20-2017 PM2.5 |   2.43 |   1.85 |   4.25 |   2.04 |I I 
16:55-Sat-May-20-2017 PM10  |   6.06 |   6.56 |  13.56 |   6.47 |I I 
16:55-Sat-May-20-2017 PM2.5 |   1.82 |   1.85 |   4.25 |   2.04 |I I 
16:56-Sat-May-20-2017 PM10  |   8.91 |   6.66 |  13.56 |   6.47 |I I 
16:56-Sat-May-20-2017 PM2.5 |   2.09 |   1.86 |   4.25 |   2.04 |I I 
17:00-Sat-May-20-2017 PM10  |   4.07 |   6.55 |  13.56 |   6.47 |I I 
17:00-Sat-May-20-2017 PM2.5 |   1.61 |   1.85 |   4.25 |   1.85 |I I 
17:01-Sat-May-20-2017 PM10  |   9.51 |   9.51 |  13.56 |   6.47 |I I 
17:01-Sat-May-20-2017 PM2.5 |   2.48 |   2.48 |   4.25 |   1.85 |I I 
17:05-Sat-May-20-2017 PM10  |   6.20 |   7.85 |  13.56 |   6.47 |I I 
17:05-Sat-May-20-2017 PM2.5 |   2.12 |   2.30 |   4.25 |   1.85 |I I 
17:06-Sat-May-20-2017 PM10  |   9.83 |   8.51 |  13.56 |   6.47 |I I 
17:06-Sat-May-20-2017 PM2.5 |   2.52 |   2.37 |   4.25 |   1.85 |I I 
17:11-Sat-May-20-2017 PM10  |   6.41 |   7.98 |  13.56 |   6.47 |I I 
17:11-Sat-May-20-2017 PM2.5 |   2.18 |   2.32 |   4.25 |   1.85 |I I 
17:12-Sat-May-20-2017 PM10  |   9.40 |   8.27 |  13.56 |   6.47 |I I 
17:12-Sat-May-20-2017 PM2.5 |   2.26 |   2.31 |   4.25 |   1.85 |I I 
17:16-Sat-May-20-2017 PM10  |   7.34 |   8.11 |  13.56 |   6.47 |I I 
17:16-Sat-May-20-2017 PM2.5 |   2.21 |   2.29 |   4.25 |   1.85 |I I 
17:17-Sat-May-20-2017 PM10  |   9.04 |   8.25 |  13.56 |   6.47 |I I 
17:17-Sat-May-20-2017 PM2.5 |   2.39 |   2.31 |   4.25 |   1.85 |I I 
17:21-Sat-May-20-2017 PM10  |   7.76 |   8.19 |  13.56 |   6.47 |I I 
17:21-Sat-May-20-2017 PM2.5 |   2.27 |   2.30 |   4.25 |   1.85 |I I 
17:22-Sat-May-20-2017 PM10  |   7.43 |   8.10 |  13.56 |   6.47 |I I 
17:22-Sat-May-20-2017 PM2.5 |   2.42 |   2.32 |   4.25 |   1.85 |I I 
17:26-Sat-May-20-2017 PM10  |   6.26 |   7.92 |  13.56 |   6.47 |I I 
17:26-Sat-May-20-2017 PM2.5 |   1.94 |   2.28 |   4.25 |   1.85 |I I 
17:27-Sat-May-20-2017 PM10  |   9.29 |   8.04 |  13.56 |   6.47 |I I 
17:27-Sat-May-20-2017 PM2.5 |   2.46 |   2.29 |   4.25 |   1.85 |I I 
17:31-Sat-May-20-2017 PM10  |   9.88 |   8.20 |  13.56 |   6.47 |I I 
17:31-Sat-May-20-2017 PM2.5 |   2.40 |   2.30 |   4.25 |   1.85 |I I 
17:32-Sat-May-20-2017 PM10  |  10.44 |   8.37 |  13.56 |   6.47 |I I 
17:32-Sat-May-20-2017 PM2.5 |   2.50 |   2.32 |   4.25 |   1.85 |I I 
17:36-Sat-May-20-2017 PM10  |   8.18 |   8.35 |  13.56 |   6.47 |I I 
17:36-Sat-May-20-2017 PM2.5 |   2.40 |   2.33 |   4.25 |   1.85 |I I 
17:37-Sat-May-20-2017 PM10  |   9.14 |   8.41 |  13.56 |   6.47 |I I 
17:37-Sat-May-20-2017 PM2.5 |   2.42 |   2.33 |   4.25 |   1.85 |I I 
17:41-Sat-May-20-2017 PM10  |   6.73 |   8.30 |  13.56 |   6.47 |I I 
17:41-Sat-May-20-2017 PM2.5 |   2.01 |   2.31 |   4.25 |   1.85 |I I 
17:42-Sat-May-20-2017 PM10  |  15.52 |   8.73 |  13.56 |   6.47 |I I 
17:42-Sat-May-20-2017 PM2.5 |   2.48 |   2.32 |   4.25 |   1.85 |I I 
17:46-Sat-May-20-2017 PM10  |   9.58 |   8.77 |  13.56 |   6.47 |I I 
17:46-Sat-May-20-2017 PM2.5 |   2.16 |   2.31 |   4.25 |   1.85 |I I 
17:47-Sat-May-20-2017 PM10  |   8.45 |   8.76 |  13.56 |   6.47 |I I 
17:47-Sat-May-20-2017 PM2.5 |   2.00 |   2.30 |   4.25 |   1.85 |I I 
17:51-Sat-May-20-2017 PM10  |   7.39 |   8.69 |  13.56 |   6.47 |I I 
17:51-Sat-May-20-2017 PM2.5 |   2.01 |   2.28 |   4.25 |   1.85 |I I 
17:52-Sat-May-20-2017 PM10  |   9.53 |   8.73 |  13.56 |   6.47 |I I 
17:52-Sat-May-20-2017 PM2.5 |   2.50 |   2.29 |   4.25 |   1.85 |I I 
17:56-Sat-May-20-2017 PM10  |   9.97 |   8.78 |  13.56 |   6.47 |I I 
17:56-Sat-May-20-2017 PM2.5 |   2.19 |   2.29 |   4.25 |   1.85 |I I 
17:57-Sat-May-20-2017 PM10  |   6.13 |   8.67 |  13.56 |   6.47 |I I 
17:57-Sat-May-20-2017 PM2.5 |   2.26 |   2.29 |   4.25 |   1.85 |I I 
18:01-Sat-May-20-2017 PM10  |   6.59 |   8.58 |  13.56 |   6.47 |I I 
18:01-Sat-May-20-2017 PM2.5 |   2.28 |   2.29 |   4.25 |   1.85 |I I 
18:02-Sat-May-20-2017 PM10  |   9.37 |   9.37 |  13.56 |   6.47 |I I 
18:02-Sat-May-20-2017 PM2.5 |   2.41 |   2.41 |   4.25 |   1.85 |I I 
18:06-Sat-May-20-2017 PM10  |   7.97 |   8.67 |  13.56 |   6.47 |I I 
18:06-Sat-May-20-2017 PM2.5 |   2.57 |   2.49 |   4.25 |   1.85 |I I 
18:07-Sat-May-20-2017 PM10  |  13.58 |  10.31 |  13.56 |   6.47 |I I 
18:07-Sat-May-20-2017 PM2.5 |   2.68 |   2.55 |   4.25 |   1.85 |I I 
18:11-Sat-May-20-2017 PM10  |   7.44 |   9.59 |  13.56 |   6.47 |I I 
18:11-Sat-May-20-2017 PM2.5 |   2.34 |   2.50 |   4.25 |   1.85 |I I 
18:12-Sat-May-20-2017 PM10  |   7.02 |   9.08 |  13.56 |   6.47 |I I 
18:12-Sat-May-20-2017 PM2.5 |   2.46 |   2.49 |   4.25 |   1.85 |I I 
18:16-Sat-May-20-2017 PM10  |  10.57 |   9.32 |  13.56 |   6.47 |I I 
18:16-Sat-May-20-2017 PM2.5 |   2.62 |   2.52 |   4.25 |   1.85 |I I 
18:17-Sat-May-20-2017 PM10  |   7.08 |   9.00 |  13.56 |   6.47 |I I 
18:17-Sat-May-20-2017 PM2.5 |   2.58 |   2.52 |   4.25 |   1.85 |I I 
18:21-Sat-May-20-2017 PM10  |   7.08 |   8.76 |  13.56 |   6.47 |I I 
18:21-Sat-May-20-2017 PM2.5 |   2.02 |   2.46 |   4.25 |   1.85 |I I 
18:22-Sat-May-20-2017 PM10  |   5.26 |   8.37 |  13.56 |   6.47 |I I 
18:22-Sat-May-20-2017 PM2.5 |   2.16 |   2.43 |   4.25 |   1.85 |I I 
18:26-Sat-May-20-2017 PM10  |   4.02 |   7.94 |  13.56 |   6.47 |I I 
18:26-Sat-May-20-2017 PM2.5 |   1.88 |   2.37 |   4.25 |   1.85 |I I 
18:27-Sat-May-20-2017 PM10  |   5.20 |   7.69 |  13.56 |   6.47 |I I 
18:27-Sat-May-20-2017 PM2.5 |   2.06 |   2.34 |   4.25 |   1.85 |I I 
18:31-Sat-May-20-2017 PM10  |   3.81 |   7.37 |  13.56 |   6.47 |I I 
18:31-Sat-May-20-2017 PM2.5 |   1.72 |   2.29 |   4.25 |   1.85 |I I 
18:32-Sat-May-20-2017 PM10  |   3.78 |   7.09 |  13.56 |   6.47 |I I 
18:32-Sat-May-20-2017 PM2.5 |   2.01 |   2.27 |   4.25 |   1.85 |I I 
18:36-Sat-May-20-2017 PM10  |   2.70 |   6.78 |  13.56 |   6.47 |I I 
18:36-Sat-May-20-2017 PM2.5 |   1.50 |   2.22 |   4.25 |   1.85 |I I 
18:37-Sat-May-20-2017 PM10  |   3.89 |   6.58 |  13.56 |   6.47 |I I 
18:37-Sat-May-20-2017 PM2.5 |   1.81 |   2.19 |   4.25 |   1.85 |I I 
18:41-Sat-May-20-2017 PM10  |   2.02 |   6.30 |  13.56 |   6.47 |I I 
18:41-Sat-May-20-2017 PM2.5 |   1.66 |   2.16 |   4.25 |   1.85 |I I 
18:42-Sat-May-20-2017 PM10  |   2.96 |   6.10 |  13.56 |   6.47 |I I 
18:42-Sat-May-20-2017 PM2.5 |   1.81 |   2.14 |   4.25 |   1.85 |I I 
18:46-Sat-May-20-2017 PM10  |   1.87 |   5.87 |  13.56 |   6.47 |I I 
18:46-Sat-May-20-2017 PM2.5 |   1.61 |   2.11 |   4.25 |   1.85 |I I 
18:47-Sat-May-20-2017 PM10  |   5.56 |   5.85 |  13.56 |   6.47 |I I 
18:47-Sat-May-20-2017 PM2.5 |   2.03 |   2.10 |   4.25 |   1.85 |I I 
18:51-Sat-May-20-2017 PM10  |   2.30 |   5.67 |  13.56 |   6.47 |I I 
18:51-Sat-May-20-2017 PM2.5 |   1.66 |   2.08 |   4.25 |   1.85 |I I 
18:52-Sat-May-20-2017 PM10  |   4.89 |   5.64 |  13.56 |   6.47 |I I 
18:52-Sat-May-20-2017 PM2.5 |   2.11 |   2.08 |   4.25 |   1.85 |I I 
18:56-Sat-May-20-2017 PM10  |   3.62 |   5.54 |  13.56 |   6.47 |I I 
18:56-Sat-May-20-2017 PM2.5 |   1.64 |   2.06 |   4.25 |   1.85 |I I 
18:57-Sat-May-20-2017 PM10  |   2.64 |   5.42 |  13.56 |   6.47 |I I 
18:57-Sat-May-20-2017 PM2.5 |   1.61 |   2.04 |   4.25 |   1.85 |I I 
19:01-Sat-May-20-2017 PM10  |   1.73 |   5.26 |  13.56 |   5.26 |I I 
19:01-Sat-May-20-2017 PM2.5 |   1.54 |   2.02 |   4.25 |   1.85 |I I 
19:02-Sat-May-20-2017 PM10  |   2.96 |   2.96 |  13.56 |   5.26 |I I 
19:02-Sat-May-20-2017 PM2.5 |   1.65 |   1.65 |   4.25 |   1.85 |I I 
19:06-Sat-May-20-2017 PM10  |   2.86 |   2.91 |  13.56 |   5.26 |I I 
19:06-Sat-May-20-2017 PM2.5 |   1.47 |   1.56 |   4.25 |   1.85 |I I 
19:10-Sat-May-20-2017 PM10  |   2.12 |   2.65 |  13.56 |   5.26 |I I 
19:10-Sat-May-20-2017 PM2.5 |   1.21 |   1.44 |   4.25 |   1.85 |I I 
19:11-Sat-May-20-2017 PM10  |   4.65 |   3.15 |  13.56 |   5.26 |I I 
19:11-Sat-May-20-2017 PM2.5 |   1.62 |   1.49 |   4.25 |   1.85 |I I 
19:15-Sat-May-20-2017 PM10  |   1.55 |   2.83 |  13.56 |   5.26 |I I 
19:15-Sat-May-20-2017 PM2.5 |   1.23 |   1.44 |   4.25 |   1.85 |I I 
19:16-Sat-May-20-2017 PM10  |   3.83 |   3.00 |  13.56 |   5.26 |I I 
19:16-Sat-May-20-2017 PM2.5 |   1.77 |   1.49 |   4.25 |   1.85 |I I 
19:20-Sat-May-20-2017 PM10  |   2.51 |   2.93 |  13.56 |   5.26 |I I 
19:20-Sat-May-20-2017 PM2.5 |   1.31 |   1.47 |   4.25 |   1.85 |I I 
19:21-Sat-May-20-2017 PM10  |   2.40 |   2.86 |  13.56 |   5.26 |I I 
19:21-Sat-May-20-2017 PM2.5 |   1.78 |   1.50 |   4.25 |   1.85 |I I 
19:25-Sat-May-20-2017 PM10  |   2.87 |   2.86 |  13.56 |   5.26 |I I 
19:25-Sat-May-20-2017 PM2.5 |   1.22 |   1.47 |   4.25 |   1.85 |I I 
19:26-Sat-May-20-2017 PM10  |   2.09 |   2.78 |  13.56 |   5.26 |I I 
19:26-Sat-May-20-2017 PM2.5 |   1.68 |   1.49 |   4.25 |   1.85 |I I 
19:30-Sat-May-20-2017 PM10  |   1.94 |   2.71 |  13.56 |   5.26 |I I 
19:30-Sat-May-20-2017 PM2.5 |   1.70 |   1.51 |   4.25 |   1.85 |I I 
19:31-Sat-May-20-2017 PM10  |   2.47 |   2.69 |  13.56 |   5.26 |I I 
19:31-Sat-May-20-2017 PM2.5 |   1.75 |   1.53 |   4.25 |   1.85 |I I 
19:35-Sat-May-20-2017 PM10  |   2.92 |   2.70 |  13.56 |   5.26 |I I 
19:35-Sat-May-20-2017 PM2.5 |   1.61 |   1.54 |   4.25 |   1.85 |I I 
19:36-Sat-May-20-2017 PM10  |   3.32 |   2.75 |  13.56 |   5.26 |I I 
19:36-Sat-May-20-2017 PM2.5 |   1.73 |   1.55 |   4.25 |   1.85 |I I 
19:41-Sat-May-20-2017 PM10  |   2.93 |   2.76 |  13.56 |   5.26 |I I 
19:41-Sat-May-20-2017 PM2.5 |   1.64 |   1.56 |   4.25 |   1.85 |I I 
19:42-Sat-May-20-2017 PM10  |   2.68 |   2.76 |  13.56 |   5.26 |I I 
19:42-Sat-May-20-2017 PM2.5 |   1.74 |   1.57 |   4.25 |   1.85 |I I 
19:46-Sat-May-20-2017 PM10  |   2.48 |   2.74 |  13.56 |   5.26 |I I 
19:46-Sat-May-20-2017 PM2.5 |   1.54 |   1.57 |   4.25 |   1.85 |I I 
19:47-Sat-May-20-2017 PM10  |   3.45 |   2.78 |  13.56 |   5.26 |I I 
19:47-Sat-May-20-2017 PM2.5 |   1.66 |   1.57 |   4.25 |   1.85 |I I 
19:51-Sat-May-20-2017 PM10  |   2.03 |   2.74 |  13.56 |   5.26 |I I 
19:51-Sat-May-20-2017 PM2.5 |   1.48 |   1.57 |   4.25 |   1.85 |I I 
19:52-Sat-May-20-2017 PM10  |   2.87 |   2.75 |  13.56 |   5.26 |I I 
19:52-Sat-May-20-2017 PM2.5 |   1.90 |   1.58 |   4.25 |   1.85 |I I 
19:56-Sat-May-20-2017 PM10  |   2.92 |   2.75 |  13.56 |   5.26 |I I 
19:56-Sat-May-20-2017 PM2.5 |   1.75 |   1.59 |   4.25 |   1.85 |I I 
19:57-Sat-May-20-2017 PM10  |   7.92 |   2.99 |  13.56 |   5.26 |I I 
19:57-Sat-May-20-2017 PM2.5 |   2.17 |   1.62 |   4.25 |   1.85 |I I 
20:01-Sat-May-20-2017 PM10  |   3.92 |   3.03 |  13.56 |   3.03 |I I 
20:01-Sat-May-20-2017 PM2.5 |   1.66 |   1.62 |   4.25 |   1.62 |I I 
20:02-Sat-May-20-2017 PM10  |   6.33 |   6.33 |  13.56 |   3.03 |I I 
20:02-Sat-May-20-2017 PM2.5 |   2.16 |   2.16 |   4.25 |   1.62 |I I 
20:06-Sat-May-20-2017 PM10  |   3.56 |   4.94 |  13.56 |   3.03 |I I 
20:06-Sat-May-20-2017 PM2.5 |   1.88 |   2.02 |   4.25 |   1.62 |I I 
20:07-Sat-May-20-2017 PM10  |   6.63 |   5.51 |  13.56 |   3.03 |I I 
20:07-Sat-May-20-2017 PM2.5 |   2.19 |   2.08 |   4.25 |   1.62 |I I 
20:11-Sat-May-20-2017 PM10  |   8.26 |   6.20 |  13.56 |   3.03 |I I 
20:11-Sat-May-20-2017 PM2.5 |   1.78 |   2.00 |   4.25 |   1.62 |I I 
20:12-Sat-May-20-2017 PM10  |   7.78 |   6.51 |  13.56 |   3.03 |I I 
20:12-Sat-May-20-2017 PM2.5 |   2.13 |   2.03 |   4.25 |   1.62 |I I 
20:16-Sat-May-20-2017 PM10  |   3.63 |   6.03 |  13.56 |   3.03 |I I 
20:16-Sat-May-20-2017 PM2.5 |   1.88 |   2.00 |   4.25 |   1.62 |I I 
20:17-Sat-May-20-2017 PM10  |   6.03 |   6.03 |  13.56 |   3.03 |I I 
20:17-Sat-May-20-2017 PM2.5 |   2.13 |   2.02 |   4.25 |   1.62 |I I 
20:21-Sat-May-20-2017 PM10  |   3.85 |   5.76 |  13.56 |   3.03 |I I 
20:21-Sat-May-20-2017 PM2.5 |   1.82 |   2.00 |   4.25 |   1.62 |I I 
20:22-Sat-May-20-2017 PM10  |   7.05 |   5.90 |  13.56 |   3.03 |I I 
20:22-Sat-May-20-2017 PM2.5 |   2.22 |   2.02 |   4.25 |   1.62 |I I 
20:26-Sat-May-20-2017 PM10  |   6.75 |   5.99 |  13.56 |   3.03 |I I 
20:26-Sat-May-20-2017 PM2.5 |   1.96 |   2.01 |   4.25 |   1.62 |I I 
20:27-Sat-May-20-2017 PM10  |  11.85 |   6.52 |  13.56 |   3.03 |I I 
20:27-Sat-May-20-2017 PM2.5 |   2.52 |   2.06 |   4.25 |   1.62 |I I 
20:31-Sat-May-20-2017 PM10  |   8.74 |   6.71 |  13.56 |   3.03 |I I 
20:31-Sat-May-20-2017 PM2.5 |   2.23 |   2.07 |   4.25 |   1.62 |I I 
20:32-Sat-May-20-2017 PM10  |   6.15 |   6.66 |  13.56 |   3.03 |I I 
20:32-Sat-May-20-2017 PM2.5 |   2.06 |   2.07 |   4.25 |   1.62 |I I 
20:36-Sat-May-20-2017 PM10  |   3.87 |   6.46 |  13.56 |   3.03 |I I 
20:36-Sat-May-20-2017 PM2.5 |   1.88 |   2.06 |   4.25 |   1.62 |I I 
20:37-Sat-May-20-2017 PM10  |   4.45 |   6.33 |  13.56 |   3.03 |I I 
20:37-Sat-May-20-2017 PM2.5 |   2.15 |   2.07 |   4.25 |   1.62 |I I 
20:41-Sat-May-20-2017 PM10  |   4.10 |   6.19 |  13.56 |   3.03 |I I 
20:41-Sat-May-20-2017 PM2.5 |   2.14 |   2.07 |   4.25 |   1.62 |I I 
20:42-Sat-May-20-2017 PM10  |   3.41 |   6.03 |  13.56 |   3.03 |I I 
20:42-Sat-May-20-2017 PM2.5 |   2.05 |   2.07 |   4.25 |   1.62 |I I 
20:46-Sat-May-20-2017 PM10  |   4.05 |   5.92 |  13.56 |   3.03 |I I 
20:46-Sat-May-20-2017 PM2.5 |   2.01 |   2.07 |   4.25 |   1.62 |I I 
20:47-Sat-May-20-2017 PM10  |   4.25 |   5.83 |  13.56 |   3.03 |I I 
20:47-Sat-May-20-2017 PM2.5 |   2.25 |   2.08 |   4.25 |   1.62 |I I 
20:51-Sat-May-20-2017 PM10  |   6.04 |   5.84 |  13.56 |   3.03 |I I 
20:51-Sat-May-20-2017 PM2.5 |   2.02 |   2.07 |   4.25 |   1.62 |I I 
20:52-Sat-May-20-2017 PM10  |   6.47 |   5.87 |  13.56 |   3.03 |I I 
20:52-Sat-May-20-2017 PM2.5 |   2.56 |   2.10 |   4.25 |   1.62 |I I 
20:56-Sat-May-20-2017 PM10  |   3.36 |   5.75 |  13.56 |   3.03 |I I 
20:56-Sat-May-20-2017 PM2.5 |   2.51 |   2.12 |   4.25 |   1.62 |I I 
20:57-Sat-May-20-2017 PM10  |   6.92 |   5.81 |  13.56 |   3.03 |I I 
20:57-Sat-May-20-2017 PM2.5 |   2.59 |   2.14 |   4.25 |   1.62 |I I 
21:01-Sat-May-20-2017 PM10  |  11.43 |   6.04 |  13.56 |   3.03 |I I 
21:01-Sat-May-20-2017 PM2.5 |   2.49 |   2.15 |   4.25 |   1.62 |I I 
21:02-Sat-May-20-2017 PM10  |   5.39 |   5.39 |  13.56 |   3.03 |I I 
21:02-Sat-May-20-2017 PM2.5 |   2.84 |   2.84 |   4.25 |   1.62 |I I 
21:06-Sat-May-20-2017 PM10  |   5.75 |   5.57 |  13.56 |   3.03 |I I 
21:06-Sat-May-20-2017 PM2.5 |   2.42 |   2.63 |   4.25 |   1.62 |I I 
21:07-Sat-May-20-2017 PM10  |   5.82 |   5.65 |  13.56 |   3.03 |I I 
21:07-Sat-May-20-2017 PM2.5 |   2.50 |   2.59 |   4.25 |   1.62 |I I 
21:11-Sat-May-20-2017 PM10  |   5.06 |   5.50 |  13.56 |   3.03 |I I 
21:11-Sat-May-20-2017 PM2.5 |   2.36 |   2.53 |   4.25 |   1.62 |I I 
21:12-Sat-May-20-2017 PM10  |   5.59 |   5.52 |  13.56 |   3.03 |I I 
21:12-Sat-May-20-2017 PM2.5 |   2.80 |   2.58 |   4.25 |   1.62 |I I 
21:16-Sat-May-20-2017 PM10  |   3.09 |   5.12 |  13.56 |   3.03 |I I 
21:16-Sat-May-20-2017 PM2.5 |   2.32 |   2.54 |   4.25 |   1.62 |I I 
21:17-Sat-May-20-2017 PM10  |   7.86 |   5.51 |  13.56 |   3.03 |I I 
21:17-Sat-May-20-2017 PM2.5 |   2.59 |   2.55 |   4.25 |   1.62 |I I 
21:21-Sat-May-20-2017 PM10  |   4.35 |   5.36 |  13.56 |   3.03 |I I 
21:21-Sat-May-20-2017 PM2.5 |   2.17 |   2.50 |   4.25 |   1.62 |I I 
21:22-Sat-May-20-2017 PM10  |   4.86 |   5.31 |  13.56 |   3.03 |I I 
21:22-Sat-May-20-2017 PM2.5 |   2.42 |   2.49 |   4.25 |   1.62 |I I 
21:26-Sat-May-20-2017 PM10  |   5.81 |   5.36 |  13.56 |   3.03 |I I 
21:26-Sat-May-20-2017 PM2.5 |   2.45 |   2.49 |   4.25 |   1.62 |I I 
21:27-Sat-May-20-2017 PM10  |   5.82 |   5.40 |  13.56 |   3.03 |I I 
21:27-Sat-May-20-2017 PM2.5 |   2.66 |   2.50 |   4.25 |   1.62 |I I 
21:31-Sat-May-20-2017 PM10  |   3.47 |   5.24 |  13.56 |   3.03 |I I 
21:31-Sat-May-20-2017 PM2.5 |   2.44 |   2.50 |   4.25 |   1.62 |I I 
21:32-Sat-May-20-2017 PM10  |   6.07 |   5.30 |  13.56 |   3.03 |I I 
21:32-Sat-May-20-2017 PM2.5 |   2.51 |   2.50 |   4.25 |   1.62 |I I 
21:36-Sat-May-20-2017 PM10  |   4.85 |   5.27 |  13.56 |   3.03 |I I 
21:36-Sat-May-20-2017 PM2.5 |   2.22 |   2.48 |   4.25 |   1.62 |I I 
21:37-Sat-May-20-2017 PM10  |   7.21 |   5.40 |  13.56 |   3.03 |I I 
21:37-Sat-May-20-2017 PM2.5 |   2.72 |   2.49 |   4.25 |   1.62 |I I 
21:41-Sat-May-20-2017 PM10  |   4.00 |   5.31 |  13.56 |   3.03 |I I 
21:41-Sat-May-20-2017 PM2.5 |   2.49 |   2.49 |   4.25 |   1.62 |I I 
21:42-Sat-May-20-2017 PM10  |   3.79 |   5.22 |  13.56 |   3.03 |I I 
21:42-Sat-May-20-2017 PM2.5 |   2.46 |   2.49 |   4.25 |   1.62 |I I 
21:46-Sat-May-20-2017 PM10  |   4.15 |   5.16 |  13.56 |   3.03 |I I 
21:46-Sat-May-20-2017 PM2.5 |   2.25 |   2.48 |   4.25 |   1.62 |I I 
21:47-Sat-May-20-2017 PM10  |   6.39 |   5.23 |  13.56 |   3.03 |I I 
21:47-Sat-May-20-2017 PM2.5 |   2.56 |   2.48 |   4.25 |   1.62 |I I 
21:51-Sat-May-20-2017 PM10  |   4.66 |   5.20 |  13.56 |   3.03 |I I 
21:51-Sat-May-20-2017 PM2.5 |   2.37 |   2.48 |   4.25 |   1.62 |I I 
21:52-Sat-May-20-2017 PM10  |   7.42 |   5.30 |  13.56 |   3.03 |I I 
21:52-Sat-May-20-2017 PM2.5 |   2.56 |   2.48 |   4.25 |   1.62 |I I 
21:56-Sat-May-20-2017 PM10  |   5.59 |   5.32 |  13.56 |   3.03 |I I 
21:56-Sat-May-20-2017 PM2.5 |   2.45 |   2.48 |   4.25 |   1.62 |I I 
21:57-Sat-May-20-2017 PM10  |   8.08 |   5.44 |  13.56 |   3.03 |I I 
21:57-Sat-May-20-2017 PM2.5 |   2.48 |   2.48 |   4.25 |   1.62 |I I 
22:01-Sat-May-20-2017 PM10  |   5.49 |   5.44 |  13.56 |   3.03 |I I 
22:01-Sat-May-20-2017 PM2.5 |   2.56 |   2.48 |   4.25 |   1.62 |I I 
22:02-Sat-May-20-2017 PM10  |   6.23 |   6.23 |  13.56 |   3.03 |I I 
22:02-Sat-May-20-2017 PM2.5 |   2.47 |   2.47 |   4.25 |   1.62 |I I 
22:06-Sat-May-20-2017 PM10  |   5.48 |   5.86 |  13.56 |   3.03 |I I 
22:06-Sat-May-20-2017 PM2.5 |   2.50 |   2.49 |   4.25 |   1.62 |I I 
22:07-Sat-May-20-2017 PM10  |   5.49 |   5.73 |  13.56 |   3.03 |I I 
22:07-Sat-May-20-2017 PM2.5 |   2.54 |   2.51 |   4.25 |   1.62 |I I 
22:11-Sat-May-20-2017 PM10  |   8.49 |   6.42 |  13.56 |   3.03 |I I 
22:11-Sat-May-20-2017 PM2.5 |   2.59 |   2.53 |   4.25 |   1.62 |I I 
22:12-Sat-May-20-2017 PM10  |   8.25 |   6.79 |  13.56 |   3.03 |I I 
22:12-Sat-May-20-2017 PM2.5 |   2.91 |   2.60 |   4.25 |   1.62 |I I 
22:16-Sat-May-20-2017 PM10  |   4.59 |   6.42 |  13.56 |   3.03 |I I 
22:16-Sat-May-20-2017 PM2.5 |   2.56 |   2.60 |   4.25 |   1.62 |I I 
22:17-Sat-May-20-2017 PM10  |   7.30 |   6.55 |  13.56 |   3.03 |I I 
22:17-Sat-May-20-2017 PM2.5 |   3.07 |   2.66 |   4.25 |   1.62 |I I 
22:21-Sat-May-20-2017 PM10  |   6.66 |   6.56 |  13.56 |   3.03 |I I 
22:21-Sat-May-20-2017 PM2.5 |   2.78 |   2.68 |   4.25 |   1.62 |I I 
22:22-Sat-May-20-2017 PM10  |   5.02 |   6.39 |  13.56 |   3.03 |I I 
22:22-Sat-May-20-2017 PM2.5 |   2.82 |   2.69 |   4.25 |   1.62 |I I 
22:26-Sat-May-20-2017 PM10  |   5.17 |   6.27 |  13.56 |   3.03 |I I 
22:26-Sat-May-20-2017 PM2.5 |   2.49 |   2.67 |   4.25 |   1.62 |I I 
22:27-Sat-May-20-2017 PM10  |   7.65 |   6.39 |  13.56 |   3.03 |I I 
22:27-Sat-May-20-2017 PM2.5 |   3.07 |   2.71 |   4.25 |   1.62 |I I 
22:31-Sat-May-20-2017 PM10  |   6.04 |   6.36 |  13.56 |   3.03 |I I 
22:31-Sat-May-20-2017 PM2.5 |   2.63 |   2.70 |   4.25 |   1.62 |I I 
22:33-Sat-May-20-2017 PM10  |   7.34 |   6.44 |  13.56 |   3.03 |I I 
22:33-Sat-May-20-2017 PM2.5 |   3.03 |   2.73 |   4.25 |   1.62 |I I 
22:37-Sat-May-20-2017 PM10  |   8.19 |   6.56 |  13.56 |   3.03 |I I 
22:37-Sat-May-20-2017 PM2.5 |   3.28 |   2.77 |   4.25 |   1.62 |I I 
22:38-Sat-May-20-2017 PM10  |   5.60 |   6.50 |  13.56 |   3.03 |I I 
22:38-Sat-May-20-2017 PM2.5 |   3.01 |   2.78 |   4.25 |   1.62 |I I 
22:42-Sat-May-20-2017 PM10  |   5.62 |   6.44 |  13.56 |   3.03 |I I 
22:42-Sat-May-20-2017 PM2.5 |   2.66 |   2.78 |   4.25 |   1.62 |I I 
22:46-Sat-May-20-2017 PM10  |   4.59 |   6.34 |  13.56 |   3.03 |I I 
22:46-Sat-May-20-2017 PM2.5 |   2.49 |   2.76 |   4.25 |   1.62 |I I 
22:47-Sat-May-20-2017 PM10  |   4.25 |   6.22 |  13.56 |   3.03 |I I 
22:47-Sat-May-20-2017 PM2.5 |   2.60 |   2.75 |   4.25 |   1.62 |I I 
22:51-Sat-May-20-2017 PM10  |   4.40 |   6.12 |  13.56 |   3.03 |I I 
22:51-Sat-May-20-2017 PM2.5 |   2.49 |   2.74 |   4.25 |   1.62 |I I 
22:52-Sat-May-20-2017 PM10  |   4.51 |   6.04 |  13.56 |   3.03 |I I 
22:52-Sat-May-20-2017 PM2.5 |   2.69 |   2.73 |   4.25 |   1.62 |I I 
22:56-Sat-May-20-2017 PM10  |   5.13 |   6.00 |  13.56 |   3.03 |I I 
22:56-Sat-May-20-2017 PM2.5 |   2.54 |   2.73 |   4.25 |   1.62 |I I 
22:57-Sat-May-20-2017 PM10  |   5.94 |   6.00 |  13.56 |   3.03 |I I 
22:57-Sat-May-20-2017 PM2.5 |   2.72 |   2.72 |   4.25 |   1.62 |I I 
23:01-Sat-May-20-2017 PM10  |   3.70 |   5.90 |  13.56 |   3.03 |I I 
23:01-Sat-May-20-2017 PM2.5 |   2.67 |   2.72 |   4.25 |   1.62 |I I 
23:02-Sat-May-20-2017 PM10  |   7.57 |   7.57 |  13.56 |   3.03 |I I 
23:02-Sat-May-20-2017 PM2.5 |   2.62 |   2.62 |   4.25 |   1.62 |I I 
23:06-Sat-May-20-2017 PM10  |   6.65 |   7.11 |  13.56 |   3.03 |I I 
23:06-Sat-May-20-2017 PM2.5 |   2.75 |   2.68 |   4.25 |   1.62 |I I 
23:07-Sat-May-20-2017 PM10  |   5.66 |   6.63 |  13.56 |   3.03 |I I 
23:07-Sat-May-20-2017 PM2.5 |   2.73 |   2.70 |   4.25 |   1.62 |I I 
23:11-Sat-May-20-2017 PM10  |   6.00 |   6.47 |  13.56 |   3.03 |I I 
23:11-Sat-May-20-2017 PM2.5 |   2.86 |   2.74 |   4.25 |   1.62 |I I 
23:12-Sat-May-20-2017 PM10  |   4.47 |   6.07 |  13.56 |   3.03 |I I 
23:12-Sat-May-20-2017 PM2.5 |   2.69 |   2.73 |   4.25 |   1.62 |I I 
23:16-Sat-May-20-2017 PM10  |   3.23 |   5.60 |  13.56 |   3.03 |I I 
23:16-Sat-May-20-2017 PM2.5 |   2.48 |   2.69 |   4.25 |   1.62 |I I 
23:17-Sat-May-20-2017 PM10  |   4.48 |   5.44 |  13.56 |   3.03 |I I 
23:17-Sat-May-20-2017 PM2.5 |   3.05 |   2.74 |   4.25 |   1.62 |I I 
23:21-Sat-May-20-2017 PM10  |   5.22 |   5.41 |  13.56 |   3.03 |I I 
23:21-Sat-May-20-2017 PM2.5 |   2.84 |   2.75 |   4.25 |   1.62 |I I 
23:22-Sat-May-20-2017 PM10  |   7.37 |   5.63 |  13.56 |   3.03 |I I 
23:22-Sat-May-20-2017 PM2.5 |   2.77 |   2.75 |   4.25 |   1.62 |I I 
23:26-Sat-May-20-2017 PM10  |   3.87 |   5.45 |  13.56 |   3.03 |I I 
23:26-Sat-May-20-2017 PM2.5 |   2.52 |   2.73 |   4.25 |   1.62 |I I 
23:27-Sat-May-20-2017 PM10  |   4.62 |   5.38 |  13.56 |   3.03 |I I 
23:27-Sat-May-20-2017 PM2.5 |   2.54 |   2.71 |   4.25 |   1.62 |I I 
23:31-Sat-May-20-2017 PM10  |   3.20 |   5.19 |  13.56 |   3.03 |I I 
23:31-Sat-May-20-2017 PM2.5 |   2.32 |   2.68 |   4.25 |   1.62 |I I 
23:32-Sat-May-20-2017 PM10  |   6.30 |   5.28 |  13.56 |   3.03 |I I 
23:32-Sat-May-20-2017 PM2.5 |   4.00 |   2.78 |   4.25 |   1.62 |I I 
23:36-Sat-May-20-2017 PM10  |   5.63 |   5.30 |  13.56 |   3.03 |I I 
23:36-Sat-May-20-2017 PM2.5 |   3.94 |   2.86 |   4.25 |   1.62 |I I 
23:37-Sat-May-20-2017 PM10  |   4.77 |   5.27 |  13.56 |   3.03 |I I 
23:37-Sat-May-20-2017 PM2.5 |   3.56 |   2.91 |   4.25 |   1.62 |I I 
23:41-Sat-May-20-2017 PM10  |   3.38 |   5.15 |  13.56 |   3.03 |I I 
23:41-Sat-May-20-2017 PM2.5 |   2.89 |   2.91 |   4.25 |   1.62 |I I 
23:42-Sat-May-20-2017 PM10  |   7.38 |   5.28 |  13.56 |   3.03 |I I 
23:42-Sat-May-20-2017 PM2.5 |   3.41 |   2.94 |   4.25 |   1.62 |I I 
23:46-Sat-May-20-2017 PM10  |   7.22 |   5.39 |  13.56 |   3.03 |I I 
23:46-Sat-May-20-2017 PM2.5 |   3.18 |   2.95 |   4.25 |   1.62 |I I 
23:47-Sat-May-20-2017 PM10  |   5.10 |   5.37 |  13.56 |   3.03 |I I 
23:47-Sat-May-20-2017 PM2.5 |   3.24 |   2.97 |   4.25 |   1.62 |I I 
23:51-Sat-May-20-2017 PM10  |   5.31 |   5.37 |  13.56 |   3.03 |I I 
23:51-Sat-May-20-2017 PM2.5 |   3.24 |   2.98 |   4.25 |   1.62 |I I 
23:52-Sat-May-20-2017 PM10  |   5.88 |   5.40 |  13.56 |   3.03 |I I 
23:52-Sat-May-20-2017 PM2.5 |   3.08 |   2.99 |   4.25 |   1.62 |I I 
23:56-Sat-May-20-2017 PM10  |   5.53 |   5.40 |  13.56 |   3.03 |I I 
23:56-Sat-May-20-2017 PM2.5 |   2.98 |   2.99 |   4.25 |   1.62 |I I 
23:57-Sat-May-20-2017 PM10  |   7.56 |   5.50 |  13.56 |   3.03 |I I 
23:57-Sat-May-20-2017 PM2.5 |   3.03 |   2.99 |   4.25 |   1.62 |I I 
00:01-Sun-May-21-2017 PM10  |   5.72 |   5.50 |  13.56 |   3.03 |I I 
