[Sat Mar 25 00:02:08 2017] Report del giorno Saturday March 25 2017 -- INVIATO a centraline@googlegroups.com
00:02-Sat-Mar-25-2017 PM2.5 |   6.34 |   6.05 |  42.69 |   5.99 |I I 
00:03-Sat-Mar-25-2017 PM10  |   9.96 |   9.96 |   0.00 |  2000.00|I I 
00:03-Sat-Mar-25-2017 PM2.5 |   5.95 |   5.95 |   0.00 |  2000.00|I I 
00:07-Sat-Mar-25-2017 PM10  |   9.63 |   9.80 |   0.00 |  2000.00|I I 
00:07-Sat-Mar-25-2017 PM2.5 |   5.85 |   5.90 |   0.00 |  2000.00|I I 
00:08-Sat-Mar-25-2017 PM10  |  10.52 |  10.04 |   0.00 |  2000.00|I I 
00:08-Sat-Mar-25-2017 PM2.5 |   6.28 |   6.02 |   0.00 |  2000.00|I I 
00:09-Sat-Mar-25-2017 PM10  |  10.52 |  10.16 |   0.00 |  2000.00|I I 
00:09-Sat-Mar-25-2017 PM2.5 |   6.28 |   6.09 |   0.00 |  2000.00|I I 
00:13-Sat-Mar-25-2017 PM10  |  11.56 |  10.44 |   0.00 |  2000.00|I I 
00:13-Sat-Mar-25-2017 PM2.5 |   6.53 |   6.18 |   0.00 |  2000.00|I I 
00:14-Sat-Mar-25-2017 PM10  |  10.43 |  10.44 |   0.00 |  2000.00|I I 
00:14-Sat-Mar-25-2017 PM2.5 |   6.20 |   6.18 |   0.00 |  2000.00|I I 
00:18-Sat-Mar-25-2017 PM10  |  12.04 |  10.66 |   0.00 |  2000.00|I I 
00:18-Sat-Mar-25-2017 PM2.5 |   6.29 |   6.20 |   0.00 |  2000.00|I I 
00:19-Sat-Mar-25-2017 PM10  |   9.14 |  10.47 |   0.00 |  2000.00|I I 
00:19-Sat-Mar-25-2017 PM2.5 |   5.60 |   6.12 |   0.00 |  2000.00|I I 
00:23-Sat-Mar-25-2017 PM10  |  12.02 |  10.65 |   0.00 |  2000.00|I I 
00:23-Sat-Mar-25-2017 PM2.5 |   6.00 |   6.11 |   0.00 |  2000.00|I I 
00:24-Sat-Mar-25-2017 PM10  |  11.18 |  10.70 |   0.00 |  2000.00|I I 
00:24-Sat-Mar-25-2017 PM2.5 |   5.96 |   6.09 |   0.00 |  2000.00|I I 
00:28-Sat-Mar-25-2017 PM10  |  10.86 |  10.71 |   0.00 |  2000.00|I I 
00:28-Sat-Mar-25-2017 PM2.5 |   6.07 |   6.09 |   0.00 |  2000.00|I I 
00:29-Sat-Mar-25-2017 PM10  |  12.99 |  10.90 |   0.00 |  2000.00|I I 
00:29-Sat-Mar-25-2017 PM2.5 |   5.99 |   6.08 |   0.00 |  2000.00|I I 
00:33-Sat-Mar-25-2017 PM10  |  10.20 |  10.85 |   0.00 |  2000.00|I I 
00:33-Sat-Mar-25-2017 PM2.5 |   6.20 |   6.09 |   0.00 |  2000.00|I I 
00:34-Sat-Mar-25-2017 PM10  |   9.50 |  10.75 |   0.00 |  2000.00|I I 
00:34-Sat-Mar-25-2017 PM2.5 |   5.86 |   6.08 |   0.00 |  2000.00|I I 
00:35-Sat-Mar-25-2017 PM10  |   9.50 |  10.67 |   0.00 |  2000.00|I I 
00:35-Sat-Mar-25-2017 PM2.5 |   5.86 |   6.06 |   0.00 |  2000.00|I I 
00:39-Sat-Mar-25-2017 PM10  |  10.27 |  10.64 |   0.00 |  2000.00|I I 
00:39-Sat-Mar-25-2017 PM2.5 |   6.30 |   6.08 |   0.00 |  2000.00|I I 
00:40-Sat-Mar-25-2017 PM10  |   8.41 |  10.51 |   0.00 |  2000.00|I I 
00:40-Sat-Mar-25-2017 PM2.5 |   5.64 |   6.05 |   0.00 |  2000.00|I I 
00:44-Sat-Mar-25-2017 PM10  |  10.27 |  10.50 |   0.00 |  2000.00|I I 
00:44-Sat-Mar-25-2017 PM2.5 |   6.07 |   6.05 |   0.00 |  2000.00|I I 
00:45-Sat-Mar-25-2017 PM10  |  14.83 |  10.73 |   0.00 |  2000.00|I I 
00:45-Sat-Mar-25-2017 PM2.5 |   6.23 |   6.06 |   0.00 |  2000.00|I I 
00:49-Sat-Mar-25-2017 PM10  |  10.00 |  10.69 |   0.00 |  2000.00|I I 
00:49-Sat-Mar-25-2017 PM2.5 |   6.64 |   6.09 |   0.00 |  2000.00|I I 
00:50-Sat-Mar-25-2017 PM10  |   9.44 |  10.63 |   0.00 |  2000.00|I I 
00:50-Sat-Mar-25-2017 PM2.5 |   6.13 |   6.09 |   0.00 |  2000.00|I I 
00:54-Sat-Mar-25-2017 PM10  |  10.36 |  10.62 |   0.00 |  2000.00|I I 
00:54-Sat-Mar-25-2017 PM2.5 |   6.07 |   6.09 |   0.00 |  2000.00|I I 
00:55-Sat-Mar-25-2017 PM10  |   9.53 |  10.57 |   0.00 |  2000.00|I I 
00:55-Sat-Mar-25-2017 PM2.5 |   6.11 |   6.09 |   0.00 |  2000.00|I I 
00:59-Sat-Mar-25-2017 PM10  |  11.16 |  10.60 |   0.00 |  2000.00|I I 
00:59-Sat-Mar-25-2017 PM2.5 |   6.09 |   6.09 |   0.00 |  2000.00|I I 
01:00-Sat-Mar-25-2017 PM10  |  11.31 |  10.62 |  10.62 |  10.62 |I I 
01:00-Sat-Mar-25-2017 PM2.5 |   6.06 |   6.09 |   6.09 |   6.09 |I I 
01:01-Sat-Mar-25-2017 PM10  |  11.31 |  11.31 |  10.62 |  10.62 |I I 
01:01-Sat-Mar-25-2017 PM2.5 |   6.06 |   6.06 |   6.09 |   6.09 |I I 
01:05-Sat-Mar-25-2017 PM10  |  11.12 |  11.21 |  10.62 |  10.62 |I I 
01:05-Sat-Mar-25-2017 PM2.5 |   6.47 |   6.27 |   6.09 |   6.09 |I I 
01:06-Sat-Mar-25-2017 PM10  |  11.76 |  11.40 |  10.62 |  10.62 |I I 
01:06-Sat-Mar-25-2017 PM2.5 |   6.51 |   6.35 |   6.09 |   6.09 |I I 
01:10-Sat-Mar-25-2017 PM10  |  12.68 |  11.72 |  10.62 |  10.62 |I I 
01:10-Sat-Mar-25-2017 PM2.5 |   6.85 |   6.47 |   6.09 |   6.09 |I I 
01:11-Sat-Mar-25-2017 PM10  |   9.74 |  11.32 |  10.62 |  10.62 |I I 
01:11-Sat-Mar-25-2017 PM2.5 |   6.41 |   6.46 |   6.09 |   6.09 |I I 
01:15-Sat-Mar-25-2017 PM10  |  11.05 |  11.28 |  10.62 |  10.62 |I I 
01:15-Sat-Mar-25-2017 PM2.5 |   6.54 |   6.47 |   6.09 |   6.09 |I I 
01:16-Sat-Mar-25-2017 PM10  |  11.89 |  11.37 |  10.62 |  10.62 |I I 
01:16-Sat-Mar-25-2017 PM2.5 |   6.02 |   6.41 |   6.09 |   6.09 |I I 
01:20-Sat-Mar-25-2017 PM10  |  11.63 |  11.40 |  10.62 |  10.62 |I I 
01:20-Sat-Mar-25-2017 PM2.5 |   6.14 |   6.38 |   6.09 |   6.09 |I I 
01:21-Sat-Mar-25-2017 PM10  |  10.80 |  11.33 |  10.62 |  10.62 |I I 
01:21-Sat-Mar-25-2017 PM2.5 |   6.35 |   6.37 |   6.09 |   6.09 |I I 
01:25-Sat-Mar-25-2017 PM10  |  10.34 |  11.23 |  10.62 |  10.62 |I I 
01:25-Sat-Mar-25-2017 PM2.5 |   6.44 |   6.38 |   6.09 |   6.09 |I I 
01:26-Sat-Mar-25-2017 PM10  |  10.78 |  11.19 |  10.62 |  10.62 |I I 
01:26-Sat-Mar-25-2017 PM2.5 |   6.58 |   6.40 |   6.09 |   6.09 |I I 
01:30-Sat-Mar-25-2017 PM10  |  10.15 |  11.11 |  10.62 |  10.62 |I I 
01:30-Sat-Mar-25-2017 PM2.5 |   6.37 |   6.39 |   6.09 |   6.09 |I I 
01:31-Sat-Mar-25-2017 PM10  |  10.15 |  11.03 |  10.62 |  10.62 |I I 
01:31-Sat-Mar-25-2017 PM2.5 |   6.37 |   6.39 |   6.09 |   6.09 |I I 
01:32-Sat-Mar-25-2017 PM10  |  10.62 |  11.00 |  10.62 |  10.62 |I I 
01:32-Sat-Mar-25-2017 PM2.5 |   5.76 |   6.35 |   6.09 |   6.09 |I I 
01:36-Sat-Mar-25-2017 PM10  |   9.72 |  10.92 |  10.62 |  10.62 |I I 
01:36-Sat-Mar-25-2017 PM2.5 |   5.98 |   6.32 |   6.09 |   6.09 |I I 
01:37-Sat-Mar-25-2017 PM10  |  11.12 |  10.93 |  10.62 |  10.62 |I I 
01:37-Sat-Mar-25-2017 PM2.5 |   6.41 |   6.33 |   6.09 |   6.09 |I I 
01:41-Sat-Mar-25-2017 PM10  |  10.04 |  10.88 |  10.62 |  10.62 |I I 
01:41-Sat-Mar-25-2017 PM2.5 |   6.29 |   6.33 |   6.09 |   6.09 |I I 
01:42-Sat-Mar-25-2017 PM10  |   9.40 |  10.80 |  10.62 |  10.62 |I I 
01:42-Sat-Mar-25-2017 PM2.5 |   5.89 |   6.30 |   6.09 |   6.09 |I I 
01:46-Sat-Mar-25-2017 PM10  |   9.78 |  10.74 |  10.62 |  10.62 |I I 
01:46-Sat-Mar-25-2017 PM2.5 |   5.70 |   6.27 |   6.09 |   6.09 |I I 
01:47-Sat-Mar-25-2017 PM10  |  12.63 |  10.84 |  10.62 |  10.62 |I I 
01:47-Sat-Mar-25-2017 PM2.5 |   6.03 |   6.26 |   6.09 |   6.09 |I I 
01:51-Sat-Mar-25-2017 PM10  |   9.82 |  10.79 |  10.62 |  10.62 |I I 
01:51-Sat-Mar-25-2017 PM2.5 |   6.20 |   6.25 |   6.09 |   6.09 |I I 
01:52-Sat-Mar-25-2017 PM10  |  12.03 |  10.85 |  10.62 |  10.62 |I I 
01:52-Sat-Mar-25-2017 PM2.5 |   6.29 |   6.26 |   6.09 |   6.09 |I I 
01:53-Sat-Mar-25-2017 PM10  |  12.03 |  10.90 |  10.62 |  10.62 |I I 
01:53-Sat-Mar-25-2017 PM2.5 |   6.29 |   6.26 |   6.09 |   6.09 |I I 
01:56-Sat-Mar-25-2017 PM10  |  11.93 |  10.94 |  10.62 |  10.62 |I I 
01:56-Sat-Mar-25-2017 PM2.5 |   6.39 |   6.26 |   6.09 |   6.09 |I I 
01:57-Sat-Mar-25-2017 PM10  |  11.93 |  10.98 |  10.62 |  10.62 |I I 
01:57-Sat-Mar-25-2017 PM2.5 |   6.39 |   6.27 |   6.09 |   6.09 |I I 
01:58-Sat-Mar-25-2017 PM10  |  10.18 |  10.95 |  10.62 |  10.62 |I I 
01:58-Sat-Mar-25-2017 PM2.5 |   6.16 |   6.26 |   6.09 |   6.09 |I I 
02:02-Sat-Mar-25-2017 PM10  |   9.28 |  10.89 |  10.89 |  10.62 |I I 
02:02-Sat-Mar-25-2017 PM2.5 |   6.32 |   6.27 |   6.27 |   6.09 |I I 
02:03-Sat-Mar-25-2017 PM10  |  12.99 |  12.99 |  10.89 |  10.62 |I I 
02:03-Sat-Mar-25-2017 PM2.5 |   6.29 |   6.29 |   6.27 |   6.09 |I I 
02:07-Sat-Mar-25-2017 PM10  |   9.99 |  11.49 |  10.89 |  10.62 |I I 
02:07-Sat-Mar-25-2017 PM2.5 |   6.15 |   6.22 |   6.27 |   6.09 |I I 
02:08-Sat-Mar-25-2017 PM10  |  10.23 |  11.07 |  10.89 |  10.62 |I I 
02:08-Sat-Mar-25-2017 PM2.5 |   6.31 |   6.25 |   6.27 |   6.09 |I I 
02:12-Sat-Mar-25-2017 PM10  |  11.72 |  11.23 |  10.89 |  10.62 |I I 
02:12-Sat-Mar-25-2017 PM2.5 |   6.55 |   6.32 |   6.27 |   6.09 |I I 
02:13-Sat-Mar-25-2017 PM10  |  11.04 |  11.19 |  10.89 |  10.62 |I I 
02:13-Sat-Mar-25-2017 PM2.5 |   6.30 |   6.32 |   6.27 |   6.09 |I I 
02:17-Sat-Mar-25-2017 PM10  |  10.27 |  11.04 |  10.89 |  10.62 |I I 
02:17-Sat-Mar-25-2017 PM2.5 |   6.23 |   6.30 |   6.27 |   6.09 |I I 
02:18-Sat-Mar-25-2017 PM10  |   9.36 |  10.80 |  10.89 |  10.62 |I I 
02:18-Sat-Mar-25-2017 PM2.5 |   6.30 |   6.30 |   6.27 |   6.09 |I I 
02:22-Sat-Mar-25-2017 PM10  |  11.48 |  10.88 |  10.89 |  10.62 |I I 
02:22-Sat-Mar-25-2017 PM2.5 |   6.37 |   6.31 |   6.27 |   6.09 |I I 
02:23-Sat-Mar-25-2017 PM10  |  11.48 |  10.95 |  10.89 |  10.62 |I I 
02:23-Sat-Mar-25-2017 PM2.5 |   6.37 |   6.32 |   6.27 |   6.09 |I I 
02:24-Sat-Mar-25-2017 PM10  |  10.79 |  10.93 |  10.89 |  10.62 |I I 
02:24-Sat-Mar-25-2017 PM2.5 |   6.43 |   6.33 |   6.27 |   6.09 |I I 
02:28-Sat-Mar-25-2017 PM10  |  10.66 |  10.91 |  10.89 |  10.62 |I I 
02:28-Sat-Mar-25-2017 PM2.5 |   6.42 |   6.34 |   6.27 |   6.09 |I I 
02:29-Sat-Mar-25-2017 PM10  |   9.60 |  10.80 |  10.89 |  10.62 |I I 
02:29-Sat-Mar-25-2017 PM2.5 |   5.89 |   6.30 |   6.27 |   6.09 |I I 
02:33-Sat-Mar-25-2017 PM10  |  10.07 |  10.74 |  10.89 |  10.62 |I I 
02:33-Sat-Mar-25-2017 PM2.5 |   6.18 |   6.29 |   6.27 |   6.09 |I I 
02:35-Sat-Mar-25-2017 PM10  |  10.95 |  10.76 |  10.89 |  10.62 |I I 
02:35-Sat-Mar-25-2017 PM2.5 |   6.55 |   6.31 |   6.27 |   6.09 |I I 
02:39-Sat-Mar-25-2017 PM10  |  11.26 |  10.79 |  10.89 |  10.62 |I I 
02:39-Sat-Mar-25-2017 PM2.5 |   6.51 |   6.32 |   6.27 |   6.09 |I I 
02:40-Sat-Mar-25-2017 PM10  |  11.42 |  10.83 |  10.89 |  10.62 |I I 
02:40-Sat-Mar-25-2017 PM2.5 |   6.27 |   6.32 |   6.27 |   6.09 |I I 
02:44-Sat-Mar-25-2017 PM10  |  11.66 |  10.88 |  10.89 |  10.62 |I I 
02:44-Sat-Mar-25-2017 PM2.5 |   6.88 |   6.35 |   6.27 |   6.09 |I I 
02:45-Sat-Mar-25-2017 PM10  |  11.53 |  10.92 |  10.89 |  10.62 |I I 
02:45-Sat-Mar-25-2017 PM2.5 |   6.42 |   6.36 |   6.27 |   6.09 |I I 
02:49-Sat-Mar-25-2017 PM10  |  10.21 |  10.88 |  10.89 |  10.62 |I I 
02:49-Sat-Mar-25-2017 PM2.5 |   6.42 |   6.36 |   6.27 |   6.09 |I I 
02:50-Sat-Mar-25-2017 PM10  |  10.21 |  10.85 |  10.89 |  10.62 |I I 
02:50-Sat-Mar-25-2017 PM2.5 |   6.42 |   6.36 |   6.27 |   6.09 |I I 
02:51-Sat-Mar-25-2017 PM10  |  12.27 |  10.91 |  10.89 |  10.62 |I I 
02:51-Sat-Mar-25-2017 PM2.5 |   6.70 |   6.38 |   6.27 |   6.09 |I I 
02:55-Sat-Mar-25-2017 PM10  |   9.27 |  10.84 |  10.89 |  10.62 |I I 
02:55-Sat-Mar-25-2017 PM2.5 |   6.02 |   6.36 |   6.27 |   6.09 |I I 
02:56-Sat-Mar-25-2017 PM10  |  10.86 |  10.84 |  10.89 |  10.62 |I I 
02:56-Sat-Mar-25-2017 PM2.5 |   5.78 |   6.34 |   6.27 |   6.09 |I I 
03:00-Sat-Mar-25-2017 PM10  |  10.17 |  10.81 |  10.89 |  10.62 |I I 
03:00-Sat-Mar-25-2017 PM2.5 |   5.95 |   6.32 |   6.32 |   6.09 |I I 
03:01-Sat-Mar-25-2017 PM10  |   8.49 |   8.49 |  10.89 |  10.62 |I I 
03:01-Sat-Mar-25-2017 PM2.5 |   5.64 |   5.64 |   6.32 |   6.09 |I I 
03:05-Sat-Mar-25-2017 PM10  |   9.68 |   9.08 |  10.89 |  10.62 |I I 
03:05-Sat-Mar-25-2017 PM2.5 |   6.02 |   5.83 |   6.32 |   6.09 |I I 
03:06-Sat-Mar-25-2017 PM10  |   9.21 |   9.13 |  10.89 |  10.62 |I I 
03:06-Sat-Mar-25-2017 PM2.5 |   5.74 |   5.80 |   6.32 |   6.09 |I I 
03:10-Sat-Mar-25-2017 PM10  |  10.22 |   9.40 |  10.89 |  10.62 |I I 
03:10-Sat-Mar-25-2017 PM2.5 |   6.02 |   5.85 |   6.32 |   6.09 |I I 
03:11-Sat-Mar-25-2017 PM10  |  10.35 |   9.59 |  10.89 |  10.62 |I I 
03:11-Sat-Mar-25-2017 PM2.5 |   5.66 |   5.81 |   6.32 |   6.09 |I I 
03:15-Sat-Mar-25-2017 PM10  |  11.34 |   9.88 |  10.89 |  10.62 |I I 
03:15-Sat-Mar-25-2017 PM2.5 |   6.09 |   5.86 |   6.32 |   6.09 |I I 
03:16-Sat-Mar-25-2017 PM10  |  11.34 |  10.09 |  10.89 |  10.62 |I I 
03:16-Sat-Mar-25-2017 PM2.5 |   6.09 |   5.89 |   6.32 |   6.09 |I I 
03:17-Sat-Mar-25-2017 PM10  |  10.69 |  10.16 |  10.89 |  10.62 |I I 
03:17-Sat-Mar-25-2017 PM2.5 |   6.32 |   5.95 |   6.32 |   6.09 |I I 
03:21-Sat-Mar-25-2017 PM10  |   9.90 |  10.14 |  10.89 |  10.62 |I I 
03:21-Sat-Mar-25-2017 PM2.5 |   6.47 |   6.01 |   6.32 |   6.09 |I I 
03:22-Sat-Mar-25-2017 PM10  |  11.76 |  10.30 |  10.89 |  10.62 |I I 
03:22-Sat-Mar-25-2017 PM2.5 |   5.98 |   6.00 |   6.32 |   6.09 |I I 
03:26-Sat-Mar-25-2017 PM10  |  10.75 |  10.34 |  10.89 |  10.62 |I I 
03:26-Sat-Mar-25-2017 PM2.5 |   6.37 |   6.04 |   6.32 |   6.09 |I I 
03:27-Sat-Mar-25-2017 PM10  |  13.18 |  10.58 |  10.89 |  10.62 |I I 
03:27-Sat-Mar-25-2017 PM2.5 |   5.86 |   6.02 |   6.32 |   6.09 |I I 
03:31-Sat-Mar-25-2017 PM10  |  10.20 |  10.55 |  10.89 |  10.62 |I I 
03:31-Sat-Mar-25-2017 PM2.5 |   6.21 |   6.04 |   6.32 |   6.09 |I I 
03:32-Sat-Mar-25-2017 PM10  |  10.47 |  10.54 |  10.89 |  10.62 |I I 
03:32-Sat-Mar-25-2017 PM2.5 |   6.24 |   6.05 |   6.32 |   6.09 |I I 
03:36-Sat-Mar-25-2017 PM10  |  10.27 |  10.52 |  10.89 |  10.62 |I I 
03:36-Sat-Mar-25-2017 PM2.5 |   6.44 |   6.08 |   6.32 |   6.09 |I I 
03:37-Sat-Mar-25-2017 PM10  |   9.70 |  10.47 |  10.89 |  10.62 |I I 
03:37-Sat-Mar-25-2017 PM2.5 |   6.37 |   6.09 |   6.32 |   6.09 |I I 
03:41-Sat-Mar-25-2017 PM10  |  11.32 |  10.52 |  10.89 |  10.62 |I I 
03:41-Sat-Mar-25-2017 PM2.5 |   6.05 |   6.09 |   6.32 |   6.09 |I I 
03:42-Sat-Mar-25-2017 PM10  |  11.32 |  10.57 |  10.89 |  10.62 |I I 
03:42-Sat-Mar-25-2017 PM2.5 |   6.05 |   6.09 |   6.32 |   6.09 |I I 
03:43-Sat-Mar-25-2017 PM10  |  11.19 |  10.60 |  10.89 |  10.62 |I I 
03:43-Sat-Mar-25-2017 PM2.5 |   6.29 |   6.10 |   6.32 |   6.09 |I I 
03:47-Sat-Mar-25-2017 PM10  |  12.49 |  10.69 |  10.89 |  10.62 |I I 
03:47-Sat-Mar-25-2017 PM2.5 |   6.62 |   6.13 |   6.32 |   6.09 |I I 
03:48-Sat-Mar-25-2017 PM10  |  10.01 |  10.66 |  10.89 |  10.62 |I I 
03:48-Sat-Mar-25-2017 PM2.5 |   6.50 |   6.14 |   6.32 |   6.09 |I I 
03:52-Sat-Mar-25-2017 PM10  |  12.03 |  10.72 |  10.89 |  10.62 |I I 
03:52-Sat-Mar-25-2017 PM2.5 |   7.12 |   6.19 |   6.32 |   6.09 |I I 
03:53-Sat-Mar-25-2017 PM10  |  12.02 |  10.78 |  10.89 |  10.62 |I I 
03:53-Sat-Mar-25-2017 PM2.5 |   6.48 |   6.20 |   6.32 |   6.09 |I I 
03:57-Sat-Mar-25-2017 PM10  |  13.30 |  10.89 |  10.89 |  10.62 |I I 
03:57-Sat-Mar-25-2017 PM2.5 |   6.54 |   6.21 |   6.32 |   6.09 |I I 
03:58-Sat-Mar-25-2017 PM10  |  10.37 |  10.86 |  10.89 |  10.62 |I I 
03:58-Sat-Mar-25-2017 PM2.5 |   6.44 |   6.22 |   6.32 |   6.09 |I I 
04:02-Sat-Mar-25-2017 PM10  |  10.37 |  10.85 |  10.89 |  10.62 |I I 
04:02-Sat-Mar-25-2017 PM2.5 |   6.29 |   6.23 |   6.32 |   6.09 |I I 
04:03-Sat-Mar-25-2017 PM10  |  12.17 |  12.17 |  10.89 |  10.62 |I I 
04:03-Sat-Mar-25-2017 PM2.5 |   5.95 |   5.95 |   6.32 |   6.09 |I I 
04:07-Sat-Mar-25-2017 PM10  |  10.87 |  11.52 |  10.89 |  10.62 |I I 
04:07-Sat-Mar-25-2017 PM2.5 |   6.24 |   6.09 |   6.32 |   6.09 |I I 
04:08-Sat-Mar-25-2017 PM10  |  10.87 |  11.30 |  10.89 |  10.62 |I I 
04:08-Sat-Mar-25-2017 PM2.5 |   6.24 |   6.14 |   6.32 |   6.09 |I I 
04:09-Sat-Mar-25-2017 PM10  |   9.67 |  10.89 |  10.89 |  10.62 |I I 
04:09-Sat-Mar-25-2017 PM2.5 |   6.11 |   6.13 |   6.32 |   6.09 |I I 
04:13-Sat-Mar-25-2017 PM10  |  10.26 |  10.77 |  10.89 |  10.62 |I I 
04:13-Sat-Mar-25-2017 PM2.5 |   6.12 |   6.13 |   6.32 |   6.09 |I I 
04:14-Sat-Mar-25-2017 PM10  |  11.48 |  10.89 |  10.89 |  10.62 |I I 
04:14-Sat-Mar-25-2017 PM2.5 |   5.93 |   6.10 |   6.32 |   6.09 |I I 
04:18-Sat-Mar-25-2017 PM10  |  11.79 |  11.02 |  10.89 |  10.62 |I I 
04:18-Sat-Mar-25-2017 PM2.5 |   6.45 |   6.15 |   6.32 |   6.09 |I I 
04:19-Sat-Mar-25-2017 PM10  |   9.55 |  10.83 |  10.89 |  10.62 |I I 
04:19-Sat-Mar-25-2017 PM2.5 |   6.17 |   6.15 |   6.32 |   6.09 |I I 
04:23-Sat-Mar-25-2017 PM10  |  10.47 |  10.79 |  10.89 |  10.62 |I I 
04:23-Sat-Mar-25-2017 PM2.5 |   6.28 |   6.16 |   6.32 |   6.09 |I I 
04:24-Sat-Mar-25-2017 PM10  |   9.64 |  10.68 |  10.89 |  10.62 |I I 
04:24-Sat-Mar-25-2017 PM2.5 |   6.06 |   6.15 |   6.32 |   6.09 |I I 
04:28-Sat-Mar-25-2017 PM10  |   9.56 |  10.58 |  10.89 |  10.62 |I I 
04:28-Sat-Mar-25-2017 PM2.5 |   6.31 |   6.17 |   6.32 |   6.09 |I I 
04:29-Sat-Mar-25-2017 PM10  |  11.10 |  10.62 |  10.89 |  10.62 |I I 
04:29-Sat-Mar-25-2017 PM2.5 |   6.27 |   6.18 |   6.32 |   6.09 |I I 
04:30-Sat-Mar-25-2017 PM10  |  11.10 |  10.66 |  10.89 |  10.62 |I I 
04:30-Sat-Mar-25-2017 PM2.5 |   6.27 |   6.18 |   6.32 |   6.09 |I I 
04:33-Sat-Mar-25-2017 PM10  |   9.90 |  10.60 |  10.89 |  10.62 |I I 
04:33-Sat-Mar-25-2017 PM2.5 |   6.32 |   6.19 |   6.32 |   6.09 |I I 
04:34-Sat-Mar-25-2017 PM10  |   9.90 |  10.56 |  10.89 |  10.62 |I I 
04:34-Sat-Mar-25-2017 PM2.5 |   6.32 |   6.20 |   6.32 |   6.09 |I I 
04:35-Sat-Mar-25-2017 PM10  |  10.26 |  10.54 |  10.89 |  10.62 |I I 
04:35-Sat-Mar-25-2017 PM2.5 |   6.33 |   6.21 |   6.32 |   6.09 |I I 
04:39-Sat-Mar-25-2017 PM10  |  11.16 |  10.57 |  10.89 |  10.62 |I I 
04:39-Sat-Mar-25-2017 PM2.5 |   6.49 |   6.23 |   6.32 |   6.09 |I I 
04:40-Sat-Mar-25-2017 PM10  |   9.40 |  10.51 |  10.89 |  10.62 |I I 
04:40-Sat-Mar-25-2017 PM2.5 |   5.77 |   6.20 |   6.32 |   6.09 |I I 
04:44-Sat-Mar-25-2017 PM10  |  10.78 |  10.52 |  10.89 |  10.62 |I I 
04:44-Sat-Mar-25-2017 PM2.5 |   6.83 |   6.23 |   6.32 |   6.09 |I I 
04:45-Sat-Mar-25-2017 PM10  |  10.42 |  10.52 |  10.89 |  10.62 |I I 
04:45-Sat-Mar-25-2017 PM2.5 |   6.58 |   6.25 |   6.32 |   6.09 |I I 
04:49-Sat-Mar-25-2017 PM10  |  11.56 |  10.57 |  10.89 |  10.62 |I I 
04:49-Sat-Mar-25-2017 PM2.5 |   6.42 |   6.26 |   6.32 |   6.09 |I I 
04:50-Sat-Mar-25-2017 PM10  |   9.77 |  10.53 |  10.89 |  10.62 |I I 
04:50-Sat-Mar-25-2017 PM2.5 |   6.21 |   6.26 |   6.32 |   6.09 |I I 
04:54-Sat-Mar-25-2017 PM10  |   9.48 |  10.49 |  10.89 |  10.62 |I I 
04:54-Sat-Mar-25-2017 PM2.5 |   6.41 |   6.26 |   6.32 |   6.09 |I I 
04:55-Sat-Mar-25-2017 PM10  |  10.12 |  10.47 |  10.89 |  10.62 |I I 
04:55-Sat-Mar-25-2017 PM2.5 |   6.21 |   6.26 |   6.32 |   6.09 |I I 
04:59-Sat-Mar-25-2017 PM10  |   9.57 |  10.43 |  10.89 |  10.62 |I I 
04:59-Sat-Mar-25-2017 PM2.5 |   6.11 |   6.25 |   6.32 |   6.09 |I I 
05:00-Sat-Mar-25-2017 PM10  |   9.57 |  10.40 |  10.89 |  10.40 |I I 
05:00-Sat-Mar-25-2017 PM2.5 |   6.11 |   6.25 |   6.32 |   6.09 |I I 
05:01-Sat-Mar-25-2017 PM10  |  10.44 |  10.44 |  10.89 |  10.40 |I I 
05:01-Sat-Mar-25-2017 PM2.5 |   6.10 |   6.10 |   6.32 |   6.09 |I I 
05:05-Sat-Mar-25-2017 PM10  |   9.46 |   9.95 |  10.89 |  10.40 |I I 
05:05-Sat-Mar-25-2017 PM2.5 |   5.89 |   6.00 |   6.32 |   6.09 |I I 
05:06-Sat-Mar-25-2017 PM10  |  11.98 |  10.63 |  10.89 |  10.40 |I I 
05:06-Sat-Mar-25-2017 PM2.5 |   6.04 |   6.01 |   6.32 |   6.09 |I I 
05:10-Sat-Mar-25-2017 PM10  |  10.30 |  10.55 |  10.89 |  10.40 |I I 
05:10-Sat-Mar-25-2017 PM2.5 |   6.48 |   6.13 |   6.32 |   6.09 |I I 
05:11-Sat-Mar-25-2017 PM10  |  11.27 |  10.69 |  10.89 |  10.40 |I I 
05:11-Sat-Mar-25-2017 PM2.5 |   6.37 |   6.18 |   6.32 |   6.09 |I I 
05:15-Sat-Mar-25-2017 PM10  |   8.60 |  10.34 |  10.89 |  10.40 |I I 
05:15-Sat-Mar-25-2017 PM2.5 |   6.15 |   6.17 |   6.32 |   6.09 |I I 
05:16-Sat-Mar-25-2017 PM10  |   8.25 |  10.05 |  10.89 |  10.40 |I I 
05:16-Sat-Mar-25-2017 PM2.5 |   5.97 |   6.14 |   6.32 |   6.09 |I I 
05:20-Sat-Mar-25-2017 PM10  |   9.08 |   9.92 |  10.89 |  10.40 |I I 
05:20-Sat-Mar-25-2017 PM2.5 |   6.27 |   6.16 |   6.32 |   6.09 |I I 
05:21-Sat-Mar-25-2017 PM10  |  10.25 |   9.96 |  10.89 |  10.40 |I I 
05:21-Sat-Mar-25-2017 PM2.5 |   6.02 |   6.14 |   6.32 |   6.09 |I I 
05:25-Sat-Mar-25-2017 PM10  |   9.54 |   9.92 |  10.89 |  10.40 |I I 
05:25-Sat-Mar-25-2017 PM2.5 |   6.45 |   6.18 |   6.32 |   6.09 |I I 
05:26-Sat-Mar-25-2017 PM10  |   9.54 |   9.88 |  10.89 |  10.40 |I I 
05:26-Sat-Mar-25-2017 PM2.5 |   6.45 |   6.20 |   6.32 |   6.09 |I I 
05:27-Sat-Mar-25-2017 PM10  |  10.24 |   9.91 |  10.89 |  10.40 |I I 
05:27-Sat-Mar-25-2017 PM2.5 |   6.06 |   6.19 |   6.32 |   6.09 |I I 
05:31-Sat-Mar-25-2017 PM10  |   9.42 |   9.88 |  10.89 |  10.40 |I I 
05:31-Sat-Mar-25-2017 PM2.5 |   5.95 |   6.17 |   6.32 |   6.09 |I I 
05:32-Sat-Mar-25-2017 PM10  |  10.09 |   9.89 |  10.89 |  10.40 |I I 
05:32-Sat-Mar-25-2017 PM2.5 |   5.98 |   6.16 |   6.32 |   6.09 |I I 
05:36-Sat-Mar-25-2017 PM10  |  10.16 |   9.91 |  10.89 |  10.40 |I I 
05:36-Sat-Mar-25-2017 PM2.5 |   6.19 |   6.16 |   6.32 |   6.09 |I I 
05:37-Sat-Mar-25-2017 PM10  |  10.75 |   9.96 |  10.89 |  10.40 |I I 
05:37-Sat-Mar-25-2017 PM2.5 |   6.13 |   6.16 |   6.32 |   6.09 |I I 
05:42-Sat-Mar-25-2017 PM10  |  10.40 |   9.99 |  10.89 |  10.40 |I I 
05:42-Sat-Mar-25-2017 PM2.5 |   6.46 |   6.18 |   6.32 |   6.09 |I I 
05:43-Sat-Mar-25-2017 PM10  |   9.48 |   9.96 |  10.89 |  10.40 |I I 
05:43-Sat-Mar-25-2017 PM2.5 |   5.98 |   6.17 |   6.32 |   6.09 |I I 
05:47-Sat-Mar-25-2017 PM10  |  10.54 |   9.99 |  10.89 |  10.40 |I I 
05:47-Sat-Mar-25-2017 PM2.5 |   6.33 |   6.17 |   6.32 |   6.09 |I I 
05:48-Sat-Mar-25-2017 PM10  |  12.57 |  10.12 |  10.89 |  10.40 |I I 
05:48-Sat-Mar-25-2017 PM2.5 |   6.38 |   6.18 |   6.32 |   6.09 |I I 
05:52-Sat-Mar-25-2017 PM10  |  10.50 |  10.14 |  10.89 |  10.40 |I I 
05:52-Sat-Mar-25-2017 PM2.5 |   6.02 |   6.18 |   6.32 |   6.09 |I I 
05:53-Sat-Mar-25-2017 PM10  |  10.50 |  10.15 |  10.89 |  10.40 |I I 
05:53-Sat-Mar-25-2017 PM2.5 |   6.02 |   6.17 |   6.32 |   6.09 |I I 
05:54-Sat-Mar-25-2017 PM10  |   8.99 |  10.10 |  10.89 |  10.40 |I I 
05:54-Sat-Mar-25-2017 PM2.5 |   5.53 |   6.14 |   6.32 |   6.09 |I I 
05:58-Sat-Mar-25-2017 PM10  |   9.16 |  10.06 |  10.89 |  10.40 |I I 
05:58-Sat-Mar-25-2017 PM2.5 |   6.00 |   6.14 |   6.32 |   6.09 |I I 
05:59-Sat-Mar-25-2017 PM10  |   9.33 |  10.03 |  10.89 |  10.40 |I I 
05:59-Sat-Mar-25-2017 PM2.5 |   5.85 |   6.12 |   6.32 |   6.09 |I I 
06:03-Sat-Mar-25-2017 PM10  |   9.87 |  10.03 |  10.89 |  10.03 |I I 
06:03-Sat-Mar-25-2017 PM2.5 |   6.36 |   6.13 |   6.32 |   6.09 |I I 
06:04-Sat-Mar-25-2017 PM10  |  14.03 |  14.03 |  10.89 |  10.03 |I I 
06:04-Sat-Mar-25-2017 PM2.5 |   6.14 |   6.14 |   6.32 |   6.09 |I I 
06:08-Sat-Mar-25-2017 PM10  |  10.18 |  12.10 |  10.89 |  10.03 |I I 
06:08-Sat-Mar-25-2017 PM2.5 |   6.35 |   6.24 |   6.32 |   6.09 |I I 
06:09-Sat-Mar-25-2017 PM10  |  11.85 |  12.02 |  10.89 |  10.03 |I I 
06:09-Sat-Mar-25-2017 PM2.5 |   6.22 |   6.24 |   6.32 |   6.09 |I I 
06:13-Sat-Mar-25-2017 PM10  |  11.37 |  11.86 |  10.89 |  10.03 |I I 
06:13-Sat-Mar-25-2017 PM2.5 |   6.41 |   6.28 |   6.32 |   6.09 |I I 
06:14-Sat-Mar-25-2017 PM10  |   9.11 |  11.31 |  10.89 |  10.03 |I I 
06:14-Sat-Mar-25-2017 PM2.5 |   6.31 |   6.28 |   6.32 |   6.09 |I I 
06:18-Sat-Mar-25-2017 PM10  |  10.34 |  11.14 |  10.89 |  10.03 |I I 
06:18-Sat-Mar-25-2017 PM2.5 |   6.55 |   6.33 |   6.32 |   6.09 |I I 
06:19-Sat-Mar-25-2017 PM10  |  10.34 |  11.03 |  10.89 |  10.03 |I I 
06:19-Sat-Mar-25-2017 PM2.5 |   6.55 |   6.36 |   6.32 |   6.09 |I I 
06:20-Sat-Mar-25-2017 PM10  |   9.97 |  10.90 |  10.89 |  10.03 |I I 
06:20-Sat-Mar-25-2017 PM2.5 |   5.87 |   6.30 |   6.32 |   6.09 |I I 
06:24-Sat-Mar-25-2017 PM10  |  12.49 |  11.07 |  10.89 |  10.03 |I I 
06:24-Sat-Mar-25-2017 PM2.5 |   6.24 |   6.29 |   6.32 |   6.09 |I I 
06:25-Sat-Mar-25-2017 PM10  |  10.69 |  11.04 |  10.89 |  10.03 |I I 
06:25-Sat-Mar-25-2017 PM2.5 |   6.40 |   6.30 |   6.32 |   6.09 |I I 
06:29-Sat-Mar-25-2017 PM10  |   9.75 |  10.92 |  10.89 |  10.03 |I I 
06:29-Sat-Mar-25-2017 PM2.5 |   6.26 |   6.30 |   6.32 |   6.09 |I I 
06:30-Sat-Mar-25-2017 PM10  |   9.29 |  10.78 |  10.89 |  10.03 |I I 
06:30-Sat-Mar-25-2017 PM2.5 |   6.29 |   6.30 |   6.32 |   6.09 |I I 
06:34-Sat-Mar-25-2017 PM10  |   9.10 |  10.65 |  10.89 |  10.03 |I I 
06:34-Sat-Mar-25-2017 PM2.5 |   6.00 |   6.28 |   6.32 |   6.09 |I I 
06:35-Sat-Mar-25-2017 PM10  |   9.47 |  10.57 |  10.89 |  10.03 |I I 
06:35-Sat-Mar-25-2017 PM2.5 |   5.93 |   6.25 |   6.32 |   6.09 |I I 
06:39-Sat-Mar-25-2017 PM10  |  10.86 |  10.59 |  10.89 |  10.03 |I I 
06:39-Sat-Mar-25-2017 PM2.5 |   6.44 |   6.26 |   6.32 |   6.09 |I I 
06:40-Sat-Mar-25-2017 PM10  |   9.89 |  10.54 |  10.89 |  10.03 |I I 
06:40-Sat-Mar-25-2017 PM2.5 |   5.95 |   6.24 |   6.32 |   6.09 |I I 
06:44-Sat-Mar-25-2017 PM10  |   8.73 |  10.44 |  10.89 |  10.03 |I I 
06:44-Sat-Mar-25-2017 PM2.5 |   6.22 |   6.24 |   6.32 |   6.09 |I I 
06:45-Sat-Mar-25-2017 PM10  |   8.73 |  10.34 |  10.89 |  10.03 |I I 
06:45-Sat-Mar-25-2017 PM2.5 |   6.22 |   6.24 |   6.32 |   6.09 |I I 
06:46-Sat-Mar-25-2017 PM10  |   9.32 |  10.29 |  10.89 |  10.03 |I I 
06:46-Sat-Mar-25-2017 PM2.5 |   6.00 |   6.23 |   6.32 |   6.09 |I I 
06:50-Sat-Mar-25-2017 PM10  |   8.67 |  10.21 |  10.89 |  10.03 |I I 
06:50-Sat-Mar-25-2017 PM2.5 |   6.07 |   6.22 |   6.32 |   6.09 |I I 
06:51-Sat-Mar-25-2017 PM10  |  10.95 |  10.24 |  10.89 |  10.03 |I I 
06:51-Sat-Mar-25-2017 PM2.5 |   5.93 |   6.21 |   6.32 |   6.09 |I I 
06:55-Sat-Mar-25-2017 PM10  |  12.01 |  10.32 |  10.89 |  10.03 |I I 
06:55-Sat-Mar-25-2017 PM2.5 |   6.45 |   6.22 |   6.32 |   6.09 |I I 
06:56-Sat-Mar-25-2017 PM10  |  10.09 |  10.31 |  10.89 |  10.03 |I I 
06:56-Sat-Mar-25-2017 PM2.5 |   6.24 |   6.22 |   6.32 |   6.09 |I I 
07:00-Sat-Mar-25-2017 PM10  |   9.36 |  10.27 |  10.89 |  10.03 |I I 
07:00-Sat-Mar-25-2017 PM2.5 |   5.98 |   6.21 |   6.32 |   6.09 |I I 
07:01-Sat-Mar-25-2017 PM10  |   7.63 |   7.63 |  10.89 |  10.03 |I I 
07:01-Sat-Mar-25-2017 PM2.5 |   5.62 |   5.62 |   6.32 |   6.09 |I I 
07:05-Sat-Mar-25-2017 PM10  |  11.07 |   9.35 |  10.89 |  10.03 |I I 
07:05-Sat-Mar-25-2017 PM2.5 |   5.94 |   5.78 |   6.32 |   6.09 |I I 
07:06-Sat-Mar-25-2017 PM10  |  11.75 |  10.15 |  10.89 |  10.03 |I I 
07:06-Sat-Mar-25-2017 PM2.5 |   6.44 |   6.00 |   6.32 |   6.09 |I I 
07:10-Sat-Mar-25-2017 PM10  |  11.75 |  10.55 |  10.89 |  10.03 |I I 
07:10-Sat-Mar-25-2017 PM2.5 |   6.52 |   6.13 |   6.32 |   6.09 |I I 
07:11-Sat-Mar-25-2017 PM10  |  11.75 |  10.79 |  10.89 |  10.03 |I I 
07:11-Sat-Mar-25-2017 PM2.5 |   6.52 |   6.21 |   6.32 |   6.09 |I I 
07:12-Sat-Mar-25-2017 PM10  |   9.92 |  10.65 |  10.89 |  10.03 |I I 
07:12-Sat-Mar-25-2017 PM2.5 |   5.92 |   6.16 |   6.32 |   6.09 |I I 
07:16-Sat-Mar-25-2017 PM10  |   8.68 |  10.36 |  10.89 |  10.03 |I I 
07:16-Sat-Mar-25-2017 PM2.5 |   5.98 |   6.13 |   6.32 |   6.09 |I I 
07:17-Sat-Mar-25-2017 PM10  |  11.51 |  10.51 |  10.89 |  10.03 |I I 
07:17-Sat-Mar-25-2017 PM2.5 |   6.09 |   6.13 |   6.32 |   6.09 |I I 
07:21-Sat-Mar-25-2017 PM10  |  11.86 |  10.66 |  10.89 |  10.03 |I I 
07:21-Sat-Mar-25-2017 PM2.5 |   6.41 |   6.16 |   6.32 |   6.09 |I I 
07:22-Sat-Mar-25-2017 PM10  |   9.30 |  10.52 |  10.89 |  10.03 |I I 
07:22-Sat-Mar-25-2017 PM2.5 |   6.26 |   6.17 |   6.32 |   6.09 |I I 
07:26-Sat-Mar-25-2017 PM10  |  10.62 |  10.53 |  10.89 |  10.03 |I I 
07:26-Sat-Mar-25-2017 PM2.5 |   6.50 |   6.20 |   6.32 |   6.09 |I I 
07:27-Sat-Mar-25-2017 PM10  |  10.36 |  10.52 |  10.89 |  10.03 |I I 
07:27-Sat-Mar-25-2017 PM2.5 |   6.28 |   6.21 |   6.32 |   6.09 |I I 
07:31-Sat-Mar-25-2017 PM10  |  11.37 |  10.58 |  10.89 |  10.03 |I I 
07:31-Sat-Mar-25-2017 PM2.5 |   6.12 |   6.20 |   6.32 |   6.09 |I I 
07:32-Sat-Mar-25-2017 PM10  |   8.42 |  10.43 |  10.89 |  10.03 |I I 
07:32-Sat-Mar-25-2017 PM2.5 |   5.91 |   6.18 |   6.32 |   6.09 |I I 
07:36-Sat-Mar-25-2017 PM10  |  10.17 |  10.41 |  10.89 |  10.03 |I I 
07:36-Sat-Mar-25-2017 PM2.5 |   6.22 |   6.18 |   6.32 |   6.09 |I I 
07:37-Sat-Mar-25-2017 PM10  |  10.17 |  10.40 |  10.89 |  10.03 |I I 
07:37-Sat-Mar-25-2017 PM2.5 |   6.22 |   6.18 |   6.32 |   6.09 |I I 
07:38-Sat-Mar-25-2017 PM10  |   9.99 |  10.37 |  10.89 |  10.03 |I I 
07:38-Sat-Mar-25-2017 PM2.5 |   5.92 |   6.17 |   6.32 |   6.09 |I I 
07:42-Sat-Mar-25-2017 PM10  |   9.52 |  10.32 |  10.89 |  10.03 |I I 
07:42-Sat-Mar-25-2017 PM2.5 |   6.07 |   6.16 |   6.32 |   6.09 |I I 
07:43-Sat-Mar-25-2017 PM10  |  10.06 |  10.31 |  10.89 |  10.03 |I I 
07:43-Sat-Mar-25-2017 PM2.5 |   6.45 |   6.18 |   6.32 |   6.09 |I I 
07:47-Sat-Mar-25-2017 PM10  |  10.43 |  10.32 |  10.89 |  10.03 |I I 
07:47-Sat-Mar-25-2017 PM2.5 |   6.56 |   6.20 |   6.32 |   6.09 |I I 
07:48-Sat-Mar-25-2017 PM10  |  10.18 |  10.31 |  10.89 |  10.03 |I I 
07:48-Sat-Mar-25-2017 PM2.5 |   6.24 |   6.20 |   6.32 |   6.09 |I I 
07:52-Sat-Mar-25-2017 PM10  |   9.64 |  10.28 |  10.89 |  10.03 |I I 
07:52-Sat-Mar-25-2017 PM2.5 |   6.26 |   6.20 |   6.32 |   6.09 |I I 
07:53-Sat-Mar-25-2017 PM10  |  11.39 |  10.33 |  10.89 |  10.03 |I I 
07:53-Sat-Mar-25-2017 PM2.5 |   6.37 |   6.21 |   6.32 |   6.09 |I I 
07:57-Sat-Mar-25-2017 PM10  |  11.51 |  10.38 |  10.89 |  10.03 |I I 
07:57-Sat-Mar-25-2017 PM2.5 |   6.64 |   6.23 |   6.32 |   6.09 |I I 
07:58-Sat-Mar-25-2017 PM10  |  10.64 |  10.39 |  10.89 |  10.03 |I I 
07:58-Sat-Mar-25-2017 PM2.5 |   6.47 |   6.24 |   6.32 |   6.09 |I I 
08:02-Sat-Mar-25-2017 PM10  |  10.56 |  10.39 |  10.89 |  10.03 |I I 
08:02-Sat-Mar-25-2017 PM2.5 |   6.57 |   6.25 |   6.32 |   6.09 |I I 
08:03-Sat-Mar-25-2017 PM10  |  10.56 |  10.56 |  10.89 |  10.03 |I I 
08:03-Sat-Mar-25-2017 PM2.5 |   6.57 |   6.57 |   6.32 |   6.09 |I I 
08:04-Sat-Mar-25-2017 PM10  |  11.20 |  10.88 |  10.89 |  10.03 |I I 
08:04-Sat-Mar-25-2017 PM2.5 |   6.34 |   6.46 |   6.32 |   6.09 |I I 
08:08-Sat-Mar-25-2017 PM10  |  11.05 |  10.94 |  10.89 |  10.03 |I I 
08:08-Sat-Mar-25-2017 PM2.5 |   5.87 |   6.26 |   6.32 |   6.09 |I I 
08:09-Sat-Mar-25-2017 PM10  |  11.48 |  11.07 |  10.89 |  10.03 |I I 
08:09-Sat-Mar-25-2017 PM2.5 |   6.37 |   6.29 |   6.32 |   6.09 |I I 
08:13-Sat-Mar-25-2017 PM10  |  13.33 |  11.53 |  10.89 |  10.03 |I I 
08:13-Sat-Mar-25-2017 PM2.5 |   6.40 |   6.31 |   6.32 |   6.09 |I I 
08:14-Sat-Mar-25-2017 PM10  |   9.94 |  11.26 |  10.89 |  10.03 |I I 
08:14-Sat-Mar-25-2017 PM2.5 |   6.09 |   6.27 |   6.32 |   6.09 |I I 
08:18-Sat-Mar-25-2017 PM10  |  10.01 |  11.08 |  10.89 |  10.03 |I I 
08:18-Sat-Mar-25-2017 PM2.5 |   5.87 |   6.22 |   6.32 |   6.09 |I I 
08:19-Sat-Mar-25-2017 PM10  |  10.60 |  11.02 |  10.89 |  10.03 |I I 
08:19-Sat-Mar-25-2017 PM2.5 |   6.39 |   6.24 |   6.32 |   6.09 |I I 
08:23-Sat-Mar-25-2017 PM10  |   9.03 |  10.80 |  10.89 |  10.03 |I I 
08:23-Sat-Mar-25-2017 PM2.5 |   5.99 |   6.21 |   6.32 |   6.09 |I I 
08:24-Sat-Mar-25-2017 PM10  |  11.19 |  10.84 |  10.89 |  10.03 |I I 
08:24-Sat-Mar-25-2017 PM2.5 |   6.43 |   6.23 |   6.32 |   6.09 |I I 
08:28-Sat-Mar-25-2017 PM10  |  13.49 |  11.08 |  10.89 |  10.03 |I I 
08:28-Sat-Mar-25-2017 PM2.5 |   6.74 |   6.28 |   6.32 |   6.09 |I I 
08:29-Sat-Mar-25-2017 PM10  |  13.49 |  11.28 |  10.89 |  10.03 |I I 
08:29-Sat-Mar-25-2017 PM2.5 |   6.74 |   6.32 |   6.32 |   6.09 |I I 
08:30-Sat-Mar-25-2017 PM10  |  11.44 |  11.29 |  10.89 |  10.03 |I I 
08:30-Sat-Mar-25-2017 PM2.5 |   6.55 |   6.33 |   6.32 |   6.09 |I I 
08:34-Sat-Mar-25-2017 PM10  |  13.71 |  11.47 |  10.89 |  10.03 |I I 
08:34-Sat-Mar-25-2017 PM2.5 |   6.70 |   6.36 |   6.32 |   6.09 |I I 
08:35-Sat-Mar-25-2017 PM10  |  18.17 |  11.91 |  10.89 |  10.03 |I I 
08:35-Sat-Mar-25-2017 PM2.5 |   6.83 |   6.39 |   6.32 |   6.09 |I I 
08:39-Sat-Mar-25-2017 PM10  |  12.46 |  11.95 |  10.89 |  10.03 |I I 
08:39-Sat-Mar-25-2017 PM2.5 |   6.58 |   6.40 |   6.32 |   6.09 |I I 
08:40-Sat-Mar-25-2017 PM10  |  13.39 |  12.03 |  10.89 |  10.03 |I I 
08:40-Sat-Mar-25-2017 PM2.5 |   6.50 |   6.41 |   6.32 |   6.09 |I I 
08:44-Sat-Mar-25-2017 PM10  |  12.06 |  12.03 |  10.89 |  10.03 |I I 
08:44-Sat-Mar-25-2017 PM2.5 |   6.23 |   6.40 |   6.32 |   6.09 |I I 
08:45-Sat-Mar-25-2017 PM10  |  13.70 |  12.12 |  10.89 |  10.03 |I I 
08:45-Sat-Mar-25-2017 PM2.5 |   6.84 |   6.42 |   6.32 |   6.09 |I I 
08:49-Sat-Mar-25-2017 PM10  |   9.97 |  12.01 |  10.89 |  10.03 |I I 
08:49-Sat-Mar-25-2017 PM2.5 |   6.16 |   6.41 |   6.32 |   6.09 |I I 
08:50-Sat-Mar-25-2017 PM10  |  13.78 |  12.10 |  10.89 |  10.03 |I I 
08:50-Sat-Mar-25-2017 PM2.5 |   6.32 |   6.40 |   6.32 |   6.09 |I I 
08:55-Sat-Mar-25-2017 PM10  |  12.78 |  12.13 |  10.89 |  10.03 |I I 
08:55-Sat-Mar-25-2017 PM2.5 |   6.50 |   6.41 |   6.32 |   6.09 |I I 
08:56-Sat-Mar-25-2017 PM10  |  12.78 |  12.16 |  10.89 |  10.03 |I I 
08:56-Sat-Mar-25-2017 PM2.5 |   6.50 |   6.41 |   6.32 |   6.09 |I I 
08:57-Sat-Mar-25-2017 PM10  |  17.37 |  12.37 |  10.89 |  10.03 |I I 
08:57-Sat-Mar-25-2017 PM2.5 |   6.30 |   6.41 |   6.32 |   6.09 |I I 
09:01-Sat-Mar-25-2017 PM10  |  16.03 |  12.52 |  12.52 |  10.03 |I I 
09:01-Sat-Mar-25-2017 PM2.5 |   6.07 |   6.39 |   6.39 |   6.09 |I I 
09:02-Sat-Mar-25-2017 PM10  |  12.46 |  12.46 |  12.52 |  10.03 |I I 
09:02-Sat-Mar-25-2017 PM2.5 |   6.50 |   6.50 |   6.39 |   6.09 |I I 
09:06-Sat-Mar-25-2017 PM10  |  16.56 |  14.51 |  12.52 |  10.03 |I I 
09:06-Sat-Mar-25-2017 PM2.5 |   6.94 |   6.72 |   6.39 |   6.09 |I I 
09:07-Sat-Mar-25-2017 PM10  |  15.21 |  14.74 |  12.52 |  10.03 |I I 
09:07-Sat-Mar-25-2017 PM2.5 |   6.65 |   6.70 |   6.39 |   6.09 |I I 
09:11-Sat-Mar-25-2017 PM10  |  15.89 |  15.03 |  12.52 |  10.03 |I I 
09:11-Sat-Mar-25-2017 PM2.5 |   6.93 |   6.76 |   6.39 |   6.09 |I I 
09:12-Sat-Mar-25-2017 PM10  |  16.53 |  15.33 |  12.52 |  10.03 |I I 
09:12-Sat-Mar-25-2017 PM2.5 |   6.84 |   6.77 |   6.39 |   6.09 |I I 
09:16-Sat-Mar-25-2017 PM10  |  18.13 |  15.80 |  12.52 |  10.03 |I I 
09:16-Sat-Mar-25-2017 PM2.5 |   7.37 |   6.87 |   6.39 |   6.09 |I I 
09:17-Sat-Mar-25-2017 PM10  |  17.03 |  15.97 |  12.52 |  10.03 |I I 
09:17-Sat-Mar-25-2017 PM2.5 |   7.47 |   6.96 |   6.39 |   6.09 |I I 
09:21-Sat-Mar-25-2017 PM10  |  19.95 |  16.47 |  12.52 |  10.03 |I I 
09:21-Sat-Mar-25-2017 PM2.5 |   8.03 |   7.09 |   6.39 |   6.09 |I I 
09:22-Sat-Mar-25-2017 PM10  |  19.95 |  16.86 |  12.52 |  10.03 |I I 
09:22-Sat-Mar-25-2017 PM2.5 |   8.03 |   7.20 |   6.39 |   6.09 |I I 
09:23-Sat-Mar-25-2017 PM10  |  19.12 |  17.08 |  12.52 |  10.03 |I I 
09:23-Sat-Mar-25-2017 PM2.5 |   7.93 |   7.27 |   6.39 |   6.09 |I I 
09:27-Sat-Mar-25-2017 PM10  |  16.63 |  17.04 |  12.52 |  10.03 |I I 
09:27-Sat-Mar-25-2017 PM2.5 |   7.78 |   7.32 |   6.39 |   6.09 |I I 
09:28-Sat-Mar-25-2017 PM10  |  19.54 |  17.25 |  12.52 |  10.03 |I I 
09:28-Sat-Mar-25-2017 PM2.5 |   7.93 |   7.37 |   6.39 |   6.09 |I I 
09:32-Sat-Mar-25-2017 PM10  |  17.91 |  17.30 |  12.52 |  10.03 |I I 
09:32-Sat-Mar-25-2017 PM2.5 |   7.92 |   7.41 |   6.39 |   6.09 |I I 
09:33-Sat-Mar-25-2017 PM10  |  18.20 |  17.37 |  12.52 |  10.03 |I I 
09:33-Sat-Mar-25-2017 PM2.5 |   7.90 |   7.44 |   6.39 |   6.09 |I I 
09:37-Sat-Mar-25-2017 PM10  |  17.09 |  17.35 |  12.52 |  10.03 |I I 
09:37-Sat-Mar-25-2017 PM2.5 |   7.90 |   7.47 |   6.39 |   6.09 |I I 
09:38-Sat-Mar-25-2017 PM10  |  18.84 |  17.44 |  12.52 |  10.03 |I I 
09:38-Sat-Mar-25-2017 PM2.5 |   7.77 |   7.49 |   6.39 |   6.09 |I I 
09:42-Sat-Mar-25-2017 PM10  |  15.94 |  17.35 |  12.52 |  10.03 |I I 
09:42-Sat-Mar-25-2017 PM2.5 |   7.81 |   7.51 |   6.39 |   6.09 |I I 
09:43-Sat-Mar-25-2017 PM10  |  16.28 |  17.29 |  12.52 |  10.03 |I I 
09:43-Sat-Mar-25-2017 PM2.5 |   8.23 |   7.55 |   6.39 |   6.09 |I I 
09:47-Sat-Mar-25-2017 PM10  |  16.43 |  17.25 |  12.52 |  10.03 |I I 
09:47-Sat-Mar-25-2017 PM2.5 |   7.74 |   7.56 |   6.39 |   6.09 |I I 
09:48-Sat-Mar-25-2017 PM10  |  16.43 |  17.21 |  12.52 |  10.03 |I I 
09:48-Sat-Mar-25-2017 PM2.5 |   7.74 |   7.57 |   6.39 |   6.09 |I I 
09:49-Sat-Mar-25-2017 PM10  |  15.11 |  17.11 |  12.52 |  10.03 |I I 
09:49-Sat-Mar-25-2017 PM2.5 |   7.79 |   7.58 |   6.39 |   6.09 |I I 
09:53-Sat-Mar-25-2017 PM10  |  19.64 |  17.22 |  12.52 |  10.03 |I I 
09:53-Sat-Mar-25-2017 PM2.5 |   7.92 |   7.60 |   6.39 |   6.09 |I I 
09:54-Sat-Mar-25-2017 PM10  |  16.74 |  17.20 |  12.52 |  10.03 |I I 
09:54-Sat-Mar-25-2017 PM2.5 |   7.57 |   7.60 |   6.39 |   6.09 |I I 
09:58-Sat-Mar-25-2017 PM10  |  14.08 |  17.07 |  12.52 |  10.03 |I I 
09:58-Sat-Mar-25-2017 PM2.5 |   7.74 |   7.60 |   6.39 |   6.09 |I I 
09:59-Sat-Mar-25-2017 PM10  |  17.28 |  17.08 |  12.52 |  10.03 |I I 
09:59-Sat-Mar-25-2017 PM2.5 |   7.88 |   7.61 |   6.39 |   6.09 |I I 
10:03-Sat-Mar-25-2017 PM10  |  15.52 |  17.02 |  17.02 |  10.03 |I I 
10:03-Sat-Mar-25-2017 PM2.5 |   7.89 |   7.62 |   7.62 |   6.09 |I I 
10:04-Sat-Mar-25-2017 PM10  |  13.79 |  13.79 |  17.02 |  10.03 |I I 
10:04-Sat-Mar-25-2017 PM2.5 |   6.77 |   6.77 |   7.62 |   6.09 |I I 
10:08-Sat-Mar-25-2017 PM10  |  16.34 |  15.06 |  17.02 |  10.03 |I I 
10:08-Sat-Mar-25-2017 PM2.5 |   7.90 |   7.34 |   7.62 |   6.09 |I I 
10:09-Sat-Mar-25-2017 PM10  |  13.75 |  14.63 |  17.02 |  10.03 |I I 
10:09-Sat-Mar-25-2017 PM2.5 |   7.16 |   7.28 |   7.62 |   6.09 |I I 
10:13-Sat-Mar-25-2017 PM10  |  15.42 |  14.83 |  17.02 |  10.03 |I I 
10:13-Sat-Mar-25-2017 PM2.5 |   7.87 |   7.42 |   7.62 |   6.09 |I I 
10:14-Sat-Mar-25-2017 PM10  |  15.42 |  14.95 |  17.02 |  10.03 |I I 
10:14-Sat-Mar-25-2017 PM2.5 |   7.87 |   7.51 |   7.62 |   6.09 |I I 
10:15-Sat-Mar-25-2017 PM10  |  17.47 |  15.37 |  17.02 |  10.03 |I I 
10:15-Sat-Mar-25-2017 PM2.5 |   7.92 |   7.58 |   7.62 |   6.09 |I I 
10:19-Sat-Mar-25-2017 PM10  |  14.97 |  15.31 |  17.02 |  10.03 |I I 
10:19-Sat-Mar-25-2017 PM2.5 |   8.21 |   7.67 |   7.62 |   6.09 |I I 
10:20-Sat-Mar-25-2017 PM10  |  18.88 |  15.76 |  17.02 |  10.03 |I I 
10:20-Sat-Mar-25-2017 PM2.5 |   7.60 |   7.66 |   7.62 |   6.09 |I I 
10:24-Sat-Mar-25-2017 PM10  |  16.13 |  15.80 |  17.02 |  10.03 |I I 
10:24-Sat-Mar-25-2017 PM2.5 |   7.81 |   7.68 |   7.62 |   6.09 |I I 
10:25-Sat-Mar-25-2017 PM10  |  18.40 |  16.06 |  17.02 |  10.03 |I I 
10:25-Sat-Mar-25-2017 PM2.5 |   8.09 |   7.72 |   7.62 |   6.09 |I I 
10:29-Sat-Mar-25-2017 PM10  |  15.64 |  16.02 |  17.02 |  10.03 |I I 
10:29-Sat-Mar-25-2017 PM2.5 |   7.81 |   7.73 |   7.62 |   6.09 |I I 
10:30-Sat-Mar-25-2017 PM10  |  14.84 |  15.92 |  17.02 |  10.03 |I I 
10:30-Sat-Mar-25-2017 PM2.5 |   7.55 |   7.71 |   7.62 |   6.09 |I I 
10:34-Sat-Mar-25-2017 PM10  |  14.78 |  15.83 |  17.02 |  10.03 |I I 
10:34-Sat-Mar-25-2017 PM2.5 |   7.71 |   7.71 |   7.62 |   6.09 |I I 
10:35-Sat-Mar-25-2017 PM10  |  13.68 |  15.68 |  17.02 |  10.03 |I I 
10:35-Sat-Mar-25-2017 PM2.5 |   7.75 |   7.72 |   7.62 |   6.09 |I I 
10:39-Sat-Mar-25-2017 PM10  |  14.82 |  15.62 |  17.02 |  10.03 |I I 
10:39-Sat-Mar-25-2017 PM2.5 |   7.23 |   7.68 |   7.62 |   6.09 |I I 
10:40-Sat-Mar-25-2017 PM10  |  12.31 |  15.42 |  17.02 |  10.03 |I I 
10:40-Sat-Mar-25-2017 PM2.5 |   6.91 |   7.64 |   7.62 |   6.09 |I I 
10:41-Sat-Mar-25-2017 PM10  |  12.31 |  15.23 |  17.02 |  10.03 |I I 
10:41-Sat-Mar-25-2017 PM2.5 |   6.91 |   7.59 |   7.62 |   6.09 |I I 
10:45-Sat-Mar-25-2017 PM10  |  12.99 |  15.11 |  17.02 |  10.03 |I I 
10:45-Sat-Mar-25-2017 PM2.5 |   7.36 |   7.58 |   7.62 |   6.09 |I I 
10:46-Sat-Mar-25-2017 PM10  |  17.21 |  15.22 |  17.02 |  10.03 |I I 
10:46-Sat-Mar-25-2017 PM2.5 |   7.10 |   7.55 |   7.62 |   6.09 |I I 
10:50-Sat-Mar-25-2017 PM10  |  16.89 |  15.30 |  17.02 |  10.03 |I I 
10:50-Sat-Mar-25-2017 PM2.5 |   7.46 |   7.55 |   7.62 |   6.09 |I I 
10:51-Sat-Mar-25-2017 PM10  |  19.22 |  15.49 |  17.02 |  10.03 |I I 
10:51-Sat-Mar-25-2017 PM2.5 |   6.99 |   7.52 |   7.62 |   6.09 |I I 
10:55-Sat-Mar-25-2017 PM10  |  13.93 |  15.42 |  17.02 |  10.03 |I I 
10:55-Sat-Mar-25-2017 PM2.5 |   7.31 |   7.51 |   7.62 |   6.09 |I I 
10:56-Sat-Mar-25-2017 PM10  |  12.91 |  15.31 |  17.02 |  10.03 |I I 
10:56-Sat-Mar-25-2017 PM2.5 |   7.00 |   7.49 |   7.62 |   6.09 |I I 
11:00-Sat-Mar-25-2017 PM10  |  13.52 |  15.24 |  17.02 |  10.03 |I I 
11:00-Sat-Mar-25-2017 PM2.5 |   7.01 |   7.47 |   7.62 |   6.09 |I I 
11:01-Sat-Mar-25-2017 PM10  |  16.63 |  16.63 |  17.02 |  10.03 |I I 
11:01-Sat-Mar-25-2017 PM2.5 |   7.03 |   7.03 |   7.62 |   6.09 |I I 
11:05-Sat-Mar-25-2017 PM10  |  15.07 |  15.85 |  17.02 |  10.03 |I I 
11:05-Sat-Mar-25-2017 PM2.5 |   7.28 |   7.15 |   7.62 |   6.09 |I I 
11:06-Sat-Mar-25-2017 PM10  |  14.00 |  15.24 |  17.02 |  10.03 |I I 
11:06-Sat-Mar-25-2017 PM2.5 |   6.98 |   7.10 |   7.62 |   6.09 |I I 
11:07-Sat-Mar-25-2017 PM10  |  14.00 |  14.93 |  17.02 |  10.03 |I I 
11:07-Sat-Mar-25-2017 PM2.5 |   6.98 |   7.07 |   7.62 |   6.09 |I I 
11:11-Sat-Mar-25-2017 PM10  |  14.08 |  14.76 |  17.02 |  10.03 |I I 
11:11-Sat-Mar-25-2017 PM2.5 |   7.17 |   7.09 |   7.62 |   6.09 |I I 
11:12-Sat-Mar-25-2017 PM10  |  13.27 |  14.51 |  17.02 |  10.03 |I I 
11:12-Sat-Mar-25-2017 PM2.5 |   6.50 |   6.99 |   7.62 |   6.09 |I I 
11:16-Sat-Mar-25-2017 PM10  |  14.47 |  14.51 |  17.02 |  10.03 |I I 
11:16-Sat-Mar-25-2017 PM2.5 |   7.01 |   6.99 |   7.62 |   6.09 |I I 
11:17-Sat-Mar-25-2017 PM10  |  17.16 |  14.84 |  17.02 |  10.03 |I I 
11:17-Sat-Mar-25-2017 PM2.5 |   6.71 |   6.96 |   7.62 |   6.09 |I I 
11:21-Sat-Mar-25-2017 PM10  |  15.39 |  14.90 |  17.02 |  10.03 |I I 
11:21-Sat-Mar-25-2017 PM2.5 |   6.70 |   6.93 |   7.62 |   6.09 |I I 
11:22-Sat-Mar-25-2017 PM10  |  14.80 |  14.89 |  17.02 |  10.03 |I I 
11:22-Sat-Mar-25-2017 PM2.5 |   6.88 |   6.92 |   7.62 |   6.09 |I I 
11:26-Sat-Mar-25-2017 PM10  |  17.54 |  15.13 |  17.02 |  10.03 |I I 
11:26-Sat-Mar-25-2017 PM2.5 |   7.35 |   6.96 |   7.62 |   6.09 |I I 
11:27-Sat-Mar-25-2017 PM10  |  14.24 |  15.06 |  17.02 |  10.03 |I I 
11:27-Sat-Mar-25-2017 PM2.5 |   6.54 |   6.93 |   7.62 |   6.09 |I I 
11:31-Sat-Mar-25-2017 PM10  |  16.19 |  15.14 |  17.02 |  10.03 |I I 
11:31-Sat-Mar-25-2017 PM2.5 |   7.11 |   6.94 |   7.62 |   6.09 |I I 
11:32-Sat-Mar-25-2017 PM10  |  15.04 |  15.14 |  17.02 |  10.03 |I I 
11:32-Sat-Mar-25-2017 PM2.5 |   6.92 |   6.94 |   7.62 |   6.09 |I I 
11:33-Sat-Mar-25-2017 PM10  |  15.04 |  15.13 |  17.02 |  10.03 |I I 
11:33-Sat-Mar-25-2017 PM2.5 |   6.92 |   6.94 |   7.62 |   6.09 |I I 
11:37-Sat-Mar-25-2017 PM10  |  13.66 |  15.04 |  17.02 |  10.03 |I I 
11:37-Sat-Mar-25-2017 PM2.5 |   6.96 |   6.94 |   7.62 |   6.09 |I I 
11:38-Sat-Mar-25-2017 PM10  |  13.76 |  14.96 |  17.02 |  10.03 |I I 
11:38-Sat-Mar-25-2017 PM2.5 |   6.39 |   6.91 |   7.62 |   6.09 |I I 
11:42-Sat-Mar-25-2017 PM10  |  12.58 |  14.83 |  17.02 |  10.03 |I I 
11:42-Sat-Mar-25-2017 PM2.5 |   7.09 |   6.92 |   7.62 |   6.09 |I I 
11:44-Sat-Mar-25-2017 PM10  |  13.12 |  14.74 |  17.02 |  10.03 |I I 
11:44-Sat-Mar-25-2017 PM2.5 |   6.56 |   6.90 |   7.62 |   6.09 |I I 
11:48-Sat-Mar-25-2017 PM10  |  12.67 |  14.64 |  17.02 |  10.03 |I I 
11:48-Sat-Mar-25-2017 PM2.5 |   6.89 |   6.90 |   7.62 |   6.09 |I I 
11:49-Sat-Mar-25-2017 PM10  |  13.89 |  14.60 |  17.02 |  10.03 |I I 
11:49-Sat-Mar-25-2017 PM2.5 |   6.60 |   6.88 |   7.62 |   6.09 |I I 
11:53-Sat-Mar-25-2017 PM10  |  12.91 |  14.52 |  17.02 |  10.03 |I I 
11:53-Sat-Mar-25-2017 PM2.5 |   6.48 |   6.87 |   7.62 |   6.09 |I I 
11:54-Sat-Mar-25-2017 PM10  |  14.29 |  14.51 |  17.02 |  10.03 |I I 
11:54-Sat-Mar-25-2017 PM2.5 |   6.54 |   6.85 |   7.62 |   6.09 |I I 
11:58-Sat-Mar-25-2017 PM10  |  12.73 |  14.44 |  17.02 |  10.03 |I I 
11:58-Sat-Mar-25-2017 PM2.5 |   6.53 |   6.84 |   7.62 |   6.09 |I I 
11:59-Sat-Mar-25-2017 PM10  |  11.69 |  14.33 |  17.02 |  10.03 |I I 
11:59-Sat-Mar-25-2017 PM2.5 |   6.44 |   6.82 |   7.62 |   6.09 |I I 
12:00-Sat-Mar-25-2017 PM10  |  11.69 |  14.23 |  17.02 |  10.03 |I I 
12:00-Sat-Mar-25-2017 PM2.5 |   6.44 |   6.81 |   7.62 |   6.09 |I I 
12:04-Sat-Mar-25-2017 PM10  |  11.38 |  11.38 |  17.02 |  10.03 |I I 
12:04-Sat-Mar-25-2017 PM2.5 |   6.68 |   6.68 |   7.62 |   6.09 |I I 
12:05-Sat-Mar-25-2017 PM10  |  12.66 |  12.02 |  17.02 |  10.03 |I I 
12:05-Sat-Mar-25-2017 PM2.5 |   6.55 |   6.61 |   7.62 |   6.09 |I I 
12:09-Sat-Mar-25-2017 PM10  |  12.73 |  12.26 |  17.02 |  10.03 |I I 
12:09-Sat-Mar-25-2017 PM2.5 |   6.63 |   6.62 |   7.62 |   6.09 |I I 
12:10-Sat-Mar-25-2017 PM10  |  10.76 |  11.88 |  17.02 |  10.03 |I I 
12:10-Sat-Mar-25-2017 PM2.5 |   6.60 |   6.61 |   7.62 |   6.09 |I I 
12:14-Sat-Mar-25-2017 PM10  |  13.30 |  12.17 |  17.02 |  10.03 |I I 
12:14-Sat-Mar-25-2017 PM2.5 |   6.76 |   6.64 |   7.62 |   6.09 |I I 
12:15-Sat-Mar-25-2017 PM10  |  14.54 |  12.56 |  17.02 |  10.03 |I I 
12:15-Sat-Mar-25-2017 PM2.5 |   6.56 |   6.63 |   7.62 |   6.09 |I I 
12:19-Sat-Mar-25-2017 PM10  |  13.00 |  12.62 |  17.02 |  10.03 |I I 
12:19-Sat-Mar-25-2017 PM2.5 |   6.32 |   6.59 |   7.62 |   6.09 |I I 
12:20-Sat-Mar-25-2017 PM10  |  13.08 |  12.68 |  17.02 |  10.03 |I I 
12:20-Sat-Mar-25-2017 PM2.5 |   7.01 |   6.64 |   7.62 |   6.09 |I I 
12:24-Sat-Mar-25-2017 PM10  |  11.83 |  12.59 |  17.02 |  10.03 |I I 
12:24-Sat-Mar-25-2017 PM2.5 |   7.08 |   6.69 |   7.62 |   6.09 |I I 
12:25-Sat-Mar-25-2017 PM10  |  12.59 |  12.59 |  17.02 |  10.03 |I I 
12:25-Sat-Mar-25-2017 PM2.5 |   6.65 |   6.68 |   7.62 |   6.09 |I I 
12:26-Sat-Mar-25-2017 PM10  |  12.59 |  12.59 |  17.02 |  10.03 |I I 
12:26-Sat-Mar-25-2017 PM2.5 |   6.65 |   6.68 |   7.62 |   6.09 |I I 
12:30-Sat-Mar-25-2017 PM10  |  11.31 |  12.48 |  17.02 |  10.03 |I I 
12:30-Sat-Mar-25-2017 PM2.5 |   7.01 |   6.71 |   7.62 |   6.09 |I I 
12:31-Sat-Mar-25-2017 PM10  |  14.34 |  12.62 |  17.02 |  10.03 |I I 
12:31-Sat-Mar-25-2017 PM2.5 |   6.30 |   6.68 |   7.62 |   6.09 |I I 
12:35-Sat-Mar-25-2017 PM10  |  15.22 |  12.81 |  17.02 |  10.03 |I I 
12:35-Sat-Mar-25-2017 PM2.5 |   7.34 |   6.72 |   7.62 |   6.09 |I I 
12:36-Sat-Mar-25-2017 PM10  |  11.36 |  12.71 |  17.02 |  10.03 |I I 
12:36-Sat-Mar-25-2017 PM2.5 |   6.64 |   6.72 |   7.62 |   6.09 |I I 
12:40-Sat-Mar-25-2017 PM10  |  10.18 |  12.55 |  17.02 |  10.03 |I I 
12:40-Sat-Mar-25-2017 PM2.5 |   6.59 |   6.71 |   7.62 |   6.09 |I I 
12:41-Sat-Mar-25-2017 PM10  |  13.61 |  12.62 |  17.02 |  10.03 |I I 
12:41-Sat-Mar-25-2017 PM2.5 |   6.66 |   6.71 |   7.62 |   6.09 |I I 
12:45-Sat-Mar-25-2017 PM10  |  13.97 |  12.69 |  17.02 |  10.03 |I I 
12:45-Sat-Mar-25-2017 PM2.5 |   6.86 |   6.72 |   7.62 |   6.09 |I I 
12:46-Sat-Mar-25-2017 PM10  |  14.62 |  12.79 |  17.02 |  10.03 |I I 
12:46-Sat-Mar-25-2017 PM2.5 |   6.25 |   6.69 |   7.62 |   6.09 |I I 
12:50-Sat-Mar-25-2017 PM10  |  16.11 |  12.96 |  17.02 |  10.03 |I I 
12:50-Sat-Mar-25-2017 PM2.5 |   6.98 |   6.71 |   7.62 |   6.09 |I I 
12:51-Sat-Mar-25-2017 PM10  |  15.93 |  13.10 |  17.02 |  10.03 |I I 
12:51-Sat-Mar-25-2017 PM2.5 |   7.43 |   6.74 |   7.62 |   6.09 |I I 
12:52-Sat-Mar-25-2017 PM10  |  15.93 |  13.23 |  17.02 |  10.03 |I I 
12:52-Sat-Mar-25-2017 PM2.5 |   7.43 |   6.77 |   7.62 |   6.09 |I I 
12:56-Sat-Mar-25-2017 PM10  |  15.89 |  13.34 |  17.02 |  10.03 |I I 
12:56-Sat-Mar-25-2017 PM2.5 |   7.49 |   6.80 |   7.62 |   6.09 |I I 
12:57-Sat-Mar-25-2017 PM10  |  14.90 |  13.41 |  17.02 |  10.03 |I I 
12:57-Sat-Mar-25-2017 PM2.5 |   7.23 |   6.82 |   7.62 |   6.09 |I I 
13:01-Sat-Mar-25-2017 PM10  |  13.24 |  13.40 |  17.02 |  10.03 |I I 
13:01-Sat-Mar-25-2017 PM2.5 |   7.83 |   6.86 |   7.62 |   6.09 |I I 
13:02-Sat-Mar-25-2017 PM10  |  16.25 |  16.25 |  17.02 |  10.03 |I I 
13:02-Sat-Mar-25-2017 PM2.5 |   7.59 |   7.59 |   7.62 |   6.09 |I I 
13:06-Sat-Mar-25-2017 PM10  |  17.92 |  17.09 |  17.02 |  10.03 |I I 
13:06-Sat-Mar-25-2017 PM2.5 |   7.92 |   7.76 |   7.62 |   6.09 |I I 
13:07-Sat-Mar-25-2017 PM10  |  15.17 |  16.45 |  17.02 |  10.03 |I I 
13:07-Sat-Mar-25-2017 PM2.5 |   7.78 |   7.77 |   7.62 |   6.09 |I I 
13:11-Sat-Mar-25-2017 PM10  |  16.70 |  16.51 |  17.02 |  10.03 |I I 
13:11-Sat-Mar-25-2017 PM2.5 |   7.90 |   7.80 |   7.62 |   6.09 |I I 
13:12-Sat-Mar-25-2017 PM10  |  18.26 |  16.86 |  17.02 |  10.03 |I I 
13:12-Sat-Mar-25-2017 PM2.5 |   7.75 |   7.79 |   7.62 |   6.09 |I I 
13:16-Sat-Mar-25-2017 PM10  |  19.03 |  17.22 |  17.02 |  10.03 |I I 
13:16-Sat-Mar-25-2017 PM2.5 |   8.20 |   7.86 |   7.62 |   6.09 |I I 
13:17-Sat-Mar-25-2017 PM10  |  13.09 |  16.63 |  17.02 |  10.03 |I I 
13:17-Sat-Mar-25-2017 PM2.5 |   7.36 |   7.79 |   7.62 |   6.09 |I I 
13:18-Sat-Mar-25-2017 PM10  |  13.09 |  16.19 |  17.02 |  10.03 |I I 
13:18-Sat-Mar-25-2017 PM2.5 |   7.36 |   7.73 |   7.62 |   6.09 |I I 
13:21-Sat-Mar-25-2017 PM10  |  14.92 |  16.05 |  17.02 |  10.03 |I I 
13:21-Sat-Mar-25-2017 PM2.5 |   8.16 |   7.78 |   7.62 |   6.09 |I I 
13:22-Sat-Mar-25-2017 PM10  |  14.92 |  15.93 |  17.02 |  10.03 |I I 
13:22-Sat-Mar-25-2017 PM2.5 |   8.16 |   7.82 |   7.62 |   6.09 |I I 
13:23-Sat-Mar-25-2017 PM10  |  17.18 |  16.05 |  17.02 |  10.03 |I I 
13:23-Sat-Mar-25-2017 PM2.5 |   7.84 |   7.82 |   7.62 |   6.09 |I I 
13:27-Sat-Mar-25-2017 PM10  |  14.23 |  15.90 |  17.02 |  10.03 |I I 
13:27-Sat-Mar-25-2017 PM2.5 |   7.57 |   7.80 |   7.62 |   6.09 |I I 
13:28-Sat-Mar-25-2017 PM10  |  15.11 |  15.84 |  17.02 |  10.03 |I I 
13:28-Sat-Mar-25-2017 PM2.5 |   7.46 |   7.78 |   7.62 |   6.09 |I I 
13:32-Sat-Mar-25-2017 PM10  |  13.18 |  15.65 |  17.02 |  10.03 |I I 
13:32-Sat-Mar-25-2017 PM2.5 |   7.67 |   7.77 |   7.62 |   6.09 |I I 
13:33-Sat-Mar-25-2017 PM10  |  13.14 |  15.48 |  17.02 |  10.03 |I I 
13:33-Sat-Mar-25-2017 PM2.5 |   7.59 |   7.76 |   7.62 |   6.09 |I I 
13:37-Sat-Mar-25-2017 PM10  |  13.54 |  15.36 |  17.02 |  10.03 |I I 
13:37-Sat-Mar-25-2017 PM2.5 |   7.82 |   7.76 |   7.62 |   6.09 |I I 
13:38-Sat-Mar-25-2017 PM10  |  16.05 |  15.40 |  17.02 |  10.03 |I I 
13:38-Sat-Mar-25-2017 PM2.5 |   8.19 |   7.79 |   7.62 |   6.09 |I I 
13:42-Sat-Mar-25-2017 PM10  |  14.05 |  15.32 |  17.02 |  10.03 |I I 
13:42-Sat-Mar-25-2017 PM2.5 |   7.87 |   7.79 |   7.62 |   6.09 |I I 
13:43-Sat-Mar-25-2017 PM10  |  15.24 |  15.32 |  17.02 |  10.03 |I I 
13:43-Sat-Mar-25-2017 PM2.5 |   7.54 |   7.78 |   7.62 |   6.09 |I I 
13:47-Sat-Mar-25-2017 PM10  |  16.33 |  15.37 |  17.02 |  10.03 |I I 
13:47-Sat-Mar-25-2017 PM2.5 |   8.07 |   7.79 |   7.62 |   6.09 |I I 
13:48-Sat-Mar-25-2017 PM10  |  16.33 |  15.42 |  17.02 |  10.03 |I I 
13:48-Sat-Mar-25-2017 PM2.5 |   8.07 |   7.80 |   7.62 |   6.09 |I I 
13:49-Sat-Mar-25-2017 PM10  |  12.43 |  15.28 |  17.02 |  10.03 |I I 
13:49-Sat-Mar-25-2017 PM2.5 |   7.22 |   7.78 |   7.62 |   6.09 |I I 
13:53-Sat-Mar-25-2017 PM10  |  15.37 |  15.28 |  17.02 |  10.03 |I I 
13:53-Sat-Mar-25-2017 PM2.5 |   7.97 |   7.79 |   7.62 |   6.09 |I I 
13:54-Sat-Mar-25-2017 PM10  |  14.49 |  15.25 |  17.02 |  10.03 |I I 
13:54-Sat-Mar-25-2017 PM2.5 |   7.79 |   7.79 |   7.62 |   6.09 |I I 
13:58-Sat-Mar-25-2017 PM10  |  12.66 |  15.15 |  17.02 |  10.03 |I I 
13:58-Sat-Mar-25-2017 PM2.5 |   7.45 |   7.77 |   7.62 |   6.09 |I I 
13:59-Sat-Mar-25-2017 PM10  |  11.24 |  15.00 |  17.02 |  10.03 |I I 
13:59-Sat-Mar-25-2017 PM2.5 |   6.90 |   7.74 |   7.62 |   6.09 |I I 
14:03-Sat-Mar-25-2017 PM10  |  13.29 |  14.93 |  17.02 |  10.03 |I I 
14:03-Sat-Mar-25-2017 PM2.5 |   7.74 |   7.74 |   7.74 |   6.09 |I I 
14:04-Sat-Mar-25-2017 PM10  |  14.18 |  14.18 |  17.02 |  10.03 |I I 
14:04-Sat-Mar-25-2017 PM2.5 |   7.60 |   7.60 |   7.74 |   6.09 |I I 
14:08-Sat-Mar-25-2017 PM10  |  13.31 |  13.75 |  17.02 |  10.03 |I I 
14:08-Sat-Mar-25-2017 PM2.5 |   7.63 |   7.62 |   7.74 |   6.09 |I I 
14:09-Sat-Mar-25-2017 PM10  |  14.95 |  14.15 |  17.02 |  10.03 |I I 
14:09-Sat-Mar-25-2017 PM2.5 |   7.42 |   7.55 |   7.74 |   6.09 |I I 
14:13-Sat-Mar-25-2017 PM10  |  14.33 |  14.19 |  17.02 |  10.03 |I I 
14:13-Sat-Mar-25-2017 PM2.5 |   7.48 |   7.54 |   7.74 |   6.09 |I I 
14:14-Sat-Mar-25-2017 PM10  |  14.33 |  14.22 |  17.02 |  10.03 |I I 
14:14-Sat-Mar-25-2017 PM2.5 |   7.48 |   7.53 |   7.74 |   6.09 |I I 
14:15-Sat-Mar-25-2017 PM10  |  11.80 |  13.82 |  17.02 |  10.03 |I I 
14:15-Sat-Mar-25-2017 PM2.5 |   7.35 |   7.50 |   7.74 |   6.09 |I I 
14:19-Sat-Mar-25-2017 PM10  |  13.23 |  13.73 |  17.02 |  10.03 |I I 
14:19-Sat-Mar-25-2017 PM2.5 |   7.92 |   7.56 |   7.74 |   6.09 |I I 
14:20-Sat-Mar-25-2017 PM10  |  12.14 |  13.53 |  17.02 |  10.03 |I I 
14:20-Sat-Mar-25-2017 PM2.5 |   6.81 |   7.46 |   7.74 |   6.09 |I I 
14:24-Sat-Mar-25-2017 PM10  |  13.61 |  13.54 |  17.02 |  10.03 |I B 
14:24-Sat-Mar-25-2017 PM2.5 |   7.49 |   7.47 |   7.74 |   6.09 |I B 
14:25-Sat-Mar-25-2017recover dati per host :92.223.147.77/nodered
14:25-Sat-Mar-25-2017 PM10  |  13.62 |  13.55 |  17.02 |  10.03 |I I 
14:25-Sat-Mar-25-2017 PM2.5 |   7.35 |   7.45 |   7.74 |   6.09 |I I 
14:29-Sat-Mar-25-2017 PM10  |  12.80 |  13.48 |  17.02 |  10.03 |I I 
14:29-Sat-Mar-25-2017 PM2.5 |   7.28 |   7.44 |   7.74 |   6.09 |I I 
14:30-Sat-Mar-25-2017 PM10  |  14.41 |  13.56 |  17.02 |  10.03 |I I 
14:30-Sat-Mar-25-2017 PM2.5 |   7.48 |   7.44 |   7.74 |   6.09 |I I 
14:35-Sat-Mar-25-2017 PM10  |  13.49 |  13.55 |  17.02 |  10.03 |I I 
14:35-Sat-Mar-25-2017 PM2.5 |   7.76 |   7.47 |   7.74 |   6.09 |I I 
14:36-Sat-Mar-25-2017 PM10  |  12.80 |  13.50 |  17.02 |  10.03 |I I 
14:36-Sat-Mar-25-2017 PM2.5 |   7.18 |   7.45 |   7.74 |   6.09 |I I 
14:40-Sat-Mar-25-2017 PM10  |  11.61 |  13.37 |  17.02 |  10.03 |I I 
14:40-Sat-Mar-25-2017 PM2.5 |   7.32 |   7.44 |   7.74 |   6.09 |I I 
14:41-Sat-Mar-25-2017 PM10  |  11.61 |  13.26 |  17.02 |  10.03 |I I 
14:41-Sat-Mar-25-2017 PM2.5 |   7.32 |   7.43 |   7.74 |   6.09 |I I 
14:42-Sat-Mar-25-2017 PM10  |  13.65 |  13.29 |  17.02 |  10.03 |I I 
14:42-Sat-Mar-25-2017 PM2.5 |   7.31 |   7.42 |   7.74 |   6.09 |I I 
14:46-Sat-Mar-25-2017 PM10  |  13.03 |  13.27 |  17.02 |  10.03 |I I 
14:46-Sat-Mar-25-2017 PM2.5 |   7.37 |   7.42 |   7.74 |   6.09 |I I 
14:47-Sat-Mar-25-2017 PM10  |  12.27 |  13.22 |  17.02 |  10.03 |I I 
14:47-Sat-Mar-25-2017 PM2.5 |   7.51 |   7.42 |   7.74 |   6.09 |I I 
14:51-Sat-Mar-25-2017 PM10  |  11.42 |  13.13 |  17.02 |  10.03 |I I 
14:51-Sat-Mar-25-2017 PM2.5 |   7.50 |   7.43 |   7.74 |   6.09 |I I 
14:52-Sat-Mar-25-2017 PM10  |  15.20 |  13.23 |  17.02 |  10.03 |I I 
14:52-Sat-Mar-25-2017 PM2.5 |   7.08 |   7.41 |   7.74 |   6.09 |I I 
14:56-Sat-Mar-25-2017 PM10  |  11.48 |  13.15 |  17.02 |  10.03 |I I 
14:56-Sat-Mar-25-2017 PM2.5 |   7.30 |   7.41 |   7.74 |   6.09 |I I 
14:57-Sat-Mar-25-2017 PM10  |  11.57 |  13.08 |  17.02 |  10.03 |I I 
14:57-Sat-Mar-25-2017 PM2.5 |   6.75 |   7.38 |   7.74 |   6.09 |I I 
15:01-Sat-Mar-25-2017 PM10  |  11.72 |  13.02 |  17.02 |  10.03 |I I 
15:01-Sat-Mar-25-2017 PM2.5 |   7.37 |   7.38 |   7.74 |   6.09 |I I 
15:02-Sat-Mar-25-2017 PM10  |  10.48 |  10.48 |  17.02 |  10.03 |I I 
15:02-Sat-Mar-25-2017 PM2.5 |   6.81 |   6.81 |   7.74 |   6.09 |I I 
15:06-Sat-Mar-25-2017 PM10  |  11.79 |  11.13 |  17.02 |  10.03 |I I 
15:06-Sat-Mar-25-2017 PM2.5 |   7.59 |   7.20 |   7.74 |   6.09 |I I 
15:07-Sat-Mar-25-2017 PM10  |  11.79 |  11.35 |  17.02 |  10.03 |I I 
15:07-Sat-Mar-25-2017 PM2.5 |   7.59 |   7.33 |   7.74 |   6.09 |I I 
15:08-Sat-Mar-25-2017 PM10  |  11.82 |  11.47 |  17.02 |  10.03 |I I 
15:08-Sat-Mar-25-2017 PM2.5 |   6.56 |   7.14 |   7.74 |   6.09 |I I 
15:12-Sat-Mar-25-2017 PM10  |  12.09 |  11.59 |  17.02 |  10.03 |I I 
15:12-Sat-Mar-25-2017 PM2.5 |   7.33 |   7.18 |   7.74 |   6.09 |I I 
15:13-Sat-Mar-25-2017 PM10  |  13.33 |  11.88 |  17.02 |  10.03 |I I 
15:13-Sat-Mar-25-2017 PM2.5 |   7.03 |   7.15 |   7.74 |   6.09 |I I 
15:17-Sat-Mar-25-2017 PM10  |  14.89 |  12.31 |  17.02 |  10.03 |I I 
15:17-Sat-Mar-25-2017 PM2.5 |   7.27 |   7.17 |   7.74 |   6.09 |I I 
15:18-Sat-Mar-25-2017 PM10  |  10.66 |  12.11 |  17.02 |  10.03 |I I 
15:18-Sat-Mar-25-2017 PM2.5 |   6.87 |   7.13 |   7.74 |   6.09 |I I 
15:22-Sat-Mar-25-2017 PM10  |  10.30 |  11.90 |  17.02 |  10.03 |I I 
15:22-Sat-Mar-25-2017 PM2.5 |   7.18 |   7.14 |   7.74 |   6.09 |I I 
15:23-Sat-Mar-25-2017 PM10  |  12.53 |  11.97 |  17.02 |  10.03 |I I 
15:23-Sat-Mar-25-2017 PM2.5 |   6.97 |   7.12 |   7.74 |   6.09 |I I 
15:27-Sat-Mar-25-2017 PM10  |  11.58 |  11.93 |  17.02 |  10.03 |I I 
15:27-Sat-Mar-25-2017 PM2.5 |   7.18 |   7.13 |   7.74 |   6.09 |I I 
15:28-Sat-Mar-25-2017 PM10  |  10.57 |  11.82 |  17.02 |  10.03 |I I 
15:28-Sat-Mar-25-2017 PM2.5 |   6.85 |   7.10 |   7.74 |   6.09 |I I 
15:32-Sat-Mar-25-2017 PM10  |  10.91 |  11.75 |  17.02 |  10.03 |I I 
15:32-Sat-Mar-25-2017 PM2.5 |   7.01 |   7.10 |   7.74 |   6.09 |I I 
15:33-Sat-Mar-25-2017 PM10  |  10.91 |  11.69 |  17.02 |  10.03 |I I 
15:33-Sat-Mar-25-2017 PM2.5 |   7.01 |   7.09 |   7.74 |   6.09 |I I 
15:34-Sat-Mar-25-2017 PM10  |  10.78 |  11.63 |  17.02 |  10.03 |I I 
15:34-Sat-Mar-25-2017 PM2.5 |   6.82 |   7.07 |   7.74 |   6.09 |I I 
15:38-Sat-Mar-25-2017 PM10  |  11.54 |  11.62 |  17.02 |  10.03 |I I 
15:38-Sat-Mar-25-2017 PM2.5 |   6.92 |   7.06 |   7.74 |   6.09 |I I 
15:39-Sat-Mar-25-2017 PM10  |  10.59 |  11.56 |  17.02 |  10.03 |I I 
15:39-Sat-Mar-25-2017 PM2.5 |   6.59 |   7.04 |   7.74 |   6.09 |I I 
15:43-Sat-Mar-25-2017 PM10  |  10.75 |  11.52 |  17.02 |  10.03 |I I 
15:43-Sat-Mar-25-2017 PM2.5 |   6.61 |   7.01 |   7.74 |   6.09 |I I 
15:44-Sat-Mar-25-2017 PM10  |  10.41 |  11.46 |  17.02 |  10.03 |I I 
15:44-Sat-Mar-25-2017 PM2.5 |   6.54 |   6.99 |   7.74 |   6.09 |I I 
15:48-Sat-Mar-25-2017 PM10  |  10.16 |  11.39 |  17.02 |  10.03 |I I 
15:48-Sat-Mar-25-2017 PM2.5 |   6.99 |   6.99 |   7.74 |   6.09 |I I 
15:49-Sat-Mar-25-2017 PM10  |  12.17 |  11.43 |  17.02 |  10.03 |I I 
15:49-Sat-Mar-25-2017 PM2.5 |   7.06 |   6.99 |   7.74 |   6.09 |I I 
15:53-Sat-Mar-25-2017 PM10  |  13.22 |  11.51 |  17.02 |  10.03 |I I 
15:53-Sat-Mar-25-2017 PM2.5 |   7.12 |   7.00 |   7.74 |   6.09 |I I 
15:54-Sat-Mar-25-2017 PM10  |  11.42 |  11.51 |  17.02 |  10.03 |I I 
15:54-Sat-Mar-25-2017 PM2.5 |   6.97 |   7.00 |   7.74 |   6.09 |I I 
15:58-Sat-Mar-25-2017 PM10  |  11.57 |  11.51 |  17.02 |  10.03 |I I 
15:58-Sat-Mar-25-2017 PM2.5 |   6.90 |   6.99 |   7.74 |   6.09 |I I 
15:59-Sat-Mar-25-2017 PM10  |  11.57 |  11.51 |  17.02 |  10.03 |I I 
15:59-Sat-Mar-25-2017 PM2.5 |   6.90 |   6.99 |   7.74 |   6.09 |I I 
16:00-Sat-Mar-25-2017 PM10  |  12.70 |  11.56 |  17.02 |  10.03 |I I 
16:00-Sat-Mar-25-2017 PM2.5 |   6.83 |   6.98 |   7.74 |   6.09 |I I 
16:04-Sat-Mar-25-2017 PM10  |  11.72 |  11.72 |  17.02 |  10.03 |I I 
16:04-Sat-Mar-25-2017 PM2.5 |   7.16 |   7.16 |   7.74 |   6.09 |I I 
16:05-Sat-Mar-25-2017 PM10  |  12.32 |  12.02 |  17.02 |  10.03 |I I 
16:05-Sat-Mar-25-2017 PM2.5 |   7.03 |   7.10 |   7.74 |   6.09 |I I 
16:09-Sat-Mar-25-2017 PM10  |  10.25 |  11.43 |  17.02 |  10.03 |I I 
16:09-Sat-Mar-25-2017 PM2.5 |   6.89 |   7.03 |   7.74 |   6.09 |I I 
16:10-Sat-Mar-25-2017 PM10  |  12.55 |  11.71 |  17.02 |  10.03 |I I 
16:10-Sat-Mar-25-2017 PM2.5 |   6.93 |   7.00 |   7.74 |   6.09 |I I 
16:14-Sat-Mar-25-2017 PM10  |  10.40 |  11.45 |  17.02 |  10.03 |I I 
16:14-Sat-Mar-25-2017 PM2.5 |   6.64 |   6.93 |   7.74 |   6.09 |I I 
16:15-Sat-Mar-25-2017 PM10  |   9.47 |  11.12 |  17.02 |  10.03 |I I 
16:15-Sat-Mar-25-2017 PM2.5 |   6.19 |   6.81 |   7.74 |   6.09 |I I 
16:19-Sat-Mar-25-2017 PM10  |  10.90 |  11.09 |  17.02 |  10.03 |I I 
16:19-Sat-Mar-25-2017 PM2.5 |   7.06 |   6.84 |   7.74 |   6.09 |I I 
16:20-Sat-Mar-25-2017 PM10  |  11.09 |  11.09 |  17.02 |  10.03 |I I 
16:20-Sat-Mar-25-2017 PM2.5 |   6.85 |   6.84 |   7.74 |   6.09 |I I 
16:24-Sat-Mar-25-2017 PM10  |  12.31 |  11.22 |  17.02 |  10.03 |I I 
16:24-Sat-Mar-25-2017 PM2.5 |   6.97 |   6.86 |   7.74 |   6.09 |I I 
16:25-Sat-Mar-25-2017 PM10  |  11.51 |  11.25 |  17.02 |  10.03 |I I 
16:25-Sat-Mar-25-2017 PM2.5 |   6.68 |   6.84 |   7.74 |   6.09 |I I 
16:26-Sat-Mar-25-2017 PM10  |  11.51 |  11.27 |  17.02 |  10.03 |I I 
16:26-Sat-Mar-25-2017 PM2.5 |   6.68 |   6.82 |   7.74 |   6.09 |I I 
16:30-Sat-Mar-25-2017 PM10  |  11.29 |  11.28 |  17.02 |  10.03 |I I 
16:30-Sat-Mar-25-2017 PM2.5 |   7.07 |   6.84 |   7.74 |   6.09 |I I 
16:31-Sat-Mar-25-2017 PM10  |  11.06 |  11.26 |  17.02 |  10.03 |I I 
16:31-Sat-Mar-25-2017 PM2.5 |   6.84 |   6.84 |   7.74 |   6.09 |I I 
16:35-Sat-Mar-25-2017 PM10  |  12.69 |  11.36 |  17.02 |  10.03 |I I 
16:35-Sat-Mar-25-2017 PM2.5 |   7.24 |   6.87 |   7.74 |   6.09 |I I 
16:36-Sat-Mar-25-2017 PM10  |  15.88 |  11.66 |  17.02 |  10.03 |I I 
16:36-Sat-Mar-25-2017 PM2.5 |   7.17 |   6.89 |   7.74 |   6.09 |I I 
16:40-Sat-Mar-25-2017 PM10  |  11.03 |  11.62 |  17.02 |  10.03 |I I 
16:40-Sat-Mar-25-2017 PM2.5 |   6.99 |   6.90 |   7.74 |   6.09 |I I 
16:41-Sat-Mar-25-2017 PM10  |  11.66 |  11.63 |  17.02 |  10.03 |I I 
16:41-Sat-Mar-25-2017 PM2.5 |   7.23 |   6.92 |   7.74 |   6.09 |I I 
16:45-Sat-Mar-25-2017 PM10  |  12.27 |  11.66 |  17.02 |  10.03 |I I 
16:45-Sat-Mar-25-2017 PM2.5 |   7.60 |   6.95 |   7.74 |   6.09 |I I 
16:46-Sat-Mar-25-2017 PM10  |  12.56 |  11.71 |  17.02 |  10.03 |I I 
16:46-Sat-Mar-25-2017 PM2.5 |   7.14 |   6.96 |   7.74 |   6.09 |I I 
16:50-Sat-Mar-25-2017 PM10  |  11.69 |  11.71 |  17.02 |  10.03 |I I 
16:50-Sat-Mar-25-2017 PM2.5 |   7.26 |   6.98 |   7.74 |   6.09 |I I 
16:51-Sat-Mar-25-2017 PM10  |  11.46 |  11.70 |  17.02 |  10.03 |I I 
16:51-Sat-Mar-25-2017 PM2.5 |   6.51 |   6.96 |   7.74 |   6.09 |I I 
16:52-Sat-Mar-25-2017 PM10  |  11.46 |  11.68 |  17.02 |  10.03 |I I 
16:52-Sat-Mar-25-2017 PM2.5 |   6.51 |   6.94 |   7.74 |   6.09 |I I 
16:56-Sat-Mar-25-2017 PM10  |  11.73 |  11.69 |  17.02 |  10.03 |I I 
16:56-Sat-Mar-25-2017 PM2.5 |   6.93 |   6.94 |   7.74 |   6.09 |I I 
16:57-Sat-Mar-25-2017 PM10  |   9.45 |  11.59 |  17.02 |  10.03 |I I 
16:57-Sat-Mar-25-2017 PM2.5 |   6.78 |   6.93 |   7.74 |   6.09 |I I 
17:01-Sat-Mar-25-2017 PM10  |  10.02 |  11.53 |  17.02 |  10.03 |I I 
17:01-Sat-Mar-25-2017 PM2.5 |   7.16 |   6.94 |   7.74 |   6.09 |I I 
17:02-Sat-Mar-25-2017 PM10  |  10.23 |  10.23 |  17.02 |  10.03 |I I 
17:02-Sat-Mar-25-2017 PM2.5 |   6.71 |   6.71 |   7.74 |   6.09 |I I 
17:06-Sat-Mar-25-2017 PM10  |  11.41 |  10.82 |  17.02 |  10.03 |I I 
17:06-Sat-Mar-25-2017 PM2.5 |   7.19 |   6.95 |   7.74 |   6.09 |I I 
17:07-Sat-Mar-25-2017 PM10  |  11.17 |  10.94 |  17.02 |  10.03 |I I 
17:07-Sat-Mar-25-2017 PM2.5 |   7.01 |   6.97 |   7.74 |   6.09 |I I 
17:11-Sat-Mar-25-2017 PM10  |   9.63 |  10.61 |  17.02 |  10.03 |I I 
17:11-Sat-Mar-25-2017 PM2.5 |   6.60 |   6.88 |   7.74 |   6.09 |I I 
17:12-Sat-Mar-25-2017 PM10  |   9.58 |  10.40 |  17.02 |  10.03 |I I 
17:12-Sat-Mar-25-2017 PM2.5 |   6.73 |   6.85 |   7.74 |   6.09 |I I 
17:16-Sat-Mar-25-2017 PM10  |  10.44 |  10.41 |  17.02 |  10.03 |I I 
17:16-Sat-Mar-25-2017 PM2.5 |   7.07 |   6.89 |   7.74 |   6.09 |I I 
17:17-Sat-Mar-25-2017 PM10  |  10.49 |  10.42 |  17.02 |  10.03 |I I 
17:17-Sat-Mar-25-2017 PM2.5 |   6.88 |   6.88 |   7.74 |   6.09 |I I 
17:18-Sat-Mar-25-2017 PM10  |  10.49 |  10.43 |  17.02 |  10.03 |I I 
17:18-Sat-Mar-25-2017 PM2.5 |   6.88 |   6.88 |   7.74 |   6.09 |I I 
17:22-Sat-Mar-25-2017 PM10  |  11.38 |  10.54 |  17.02 |  10.03 |I I 
17:22-Sat-Mar-25-2017 PM2.5 |   7.53 |   6.96 |   7.74 |   6.09 |I I 
17:23-Sat-Mar-25-2017 PM10  |  13.03 |  10.78 |  17.02 |  10.03 |I I 
17:23-Sat-Mar-25-2017 PM2.5 |   7.26 |   6.99 |   7.74 |   6.09 |I I 
17:27-Sat-Mar-25-2017 PM10  |  12.67 |  10.96 |  17.02 |  10.03 |I I 
17:27-Sat-Mar-25-2017 PM2.5 |   7.40 |   7.02 |   7.74 |   6.09 |I I 
17:29-Sat-Mar-25-2017 PM10  |  10.00 |  10.88 |  17.02 |  10.03 |I I 
17:29-Sat-Mar-25-2017 PM2.5 |   7.06 |   7.03 |   7.74 |   6.09 |I I 
17:33-Sat-Mar-25-2017 PM10  |  10.21 |  10.82 |  17.02 |  10.03 |I I 
17:33-Sat-Mar-25-2017 PM2.5 |   6.96 |   7.02 |   7.74 |   6.09 |I I 
17:34-Sat-Mar-25-2017 PM10  |  12.12 |  10.92 |  17.02 |  10.03 |I I 
17:34-Sat-Mar-25-2017 PM2.5 |   6.89 |   7.01 |   7.74 |   6.09 |I I 
17:38-Sat-Mar-25-2017 PM10  |  11.67 |  10.97 |  17.02 |  10.03 |I I 
17:38-Sat-Mar-25-2017 PM2.5 |   7.38 |   7.04 |   7.74 |   6.09 |I I 
17:39-Sat-Mar-25-2017 PM10  |  10.27 |  10.92 |  17.02 |  10.03 |I I 
17:39-Sat-Mar-25-2017 PM2.5 |   6.91 |   7.03 |   7.74 |   6.09 |I I 
17:43-Sat-Mar-25-2017 PM10  |  11.78 |  10.97 |  17.02 |  10.03 |I I 
17:43-Sat-Mar-25-2017 PM2.5 |   7.50 |   7.06 |   7.74 |   6.09 |I I 
17:44-Sat-Mar-25-2017 PM10  |  11.13 |  10.98 |  17.02 |  10.03 |I I 
17:44-Sat-Mar-25-2017 PM2.5 |   6.97 |   7.05 |   7.74 |   6.09 |I I 
17:45-Sat-Mar-25-2017 PM10  |  11.13 |  10.99 |  17.02 |  10.03 |I I 
17:45-Sat-Mar-25-2017 PM2.5 |   6.97 |   7.05 |   7.74 |   6.09 |I I 
17:49-Sat-Mar-25-2017 PM10  |  10.84 |  10.98 |  17.02 |  10.03 |I I 
17:49-Sat-Mar-25-2017 PM2.5 |   7.34 |   7.06 |   7.74 |   6.09 |I I 
17:50-Sat-Mar-25-2017 PM10  |  11.59 |  11.01 |  17.02 |  10.03 |I I 
17:50-Sat-Mar-25-2017 PM2.5 |   7.50 |   7.08 |   7.74 |   6.09 |I I 
17:54-Sat-Mar-25-2017 PM10  |  11.80 |  11.05 |  17.02 |  10.03 |I I 
17:54-Sat-Mar-25-2017 PM2.5 |   7.37 |   7.10 |   7.74 |   6.09 |I I 
17:55-Sat-Mar-25-2017 PM10  |   9.56 |  10.98 |  17.02 |  10.03 |I I 
17:55-Sat-Mar-25-2017 PM2.5 |   6.74 |   7.08 |   7.74 |   6.09 |I I 
17:59-Sat-Mar-25-2017 PM10  |  10.37 |  10.96 |  17.02 |  10.03 |I I 
17:59-Sat-Mar-25-2017 PM2.5 |   6.91 |   7.07 |   7.74 |   6.09 |I I 
18:00-Sat-Mar-25-2017 PM10  |  10.18 |  10.93 |  17.02 |  10.03 |I I 
18:00-Sat-Mar-25-2017 PM2.5 |   6.83 |   7.06 |   7.74 |   6.09 |I I 
18:04-Sat-Mar-25-2017 PM10  |  11.20 |  11.20 |  17.02 |  10.03 |I I 
18:04-Sat-Mar-25-2017 PM2.5 |   7.12 |   7.12 |   7.74 |   6.09 |I I 
18:05-Sat-Mar-25-2017 PM10  |  11.38 |  11.29 |  17.02 |  10.03 |I I 
18:05-Sat-Mar-25-2017 PM2.5 |   7.01 |   7.07 |   7.74 |   6.09 |I I 
18:09-Sat-Mar-25-2017 PM10  |  12.57 |  11.72 |  17.02 |  10.03 |I I 
18:09-Sat-Mar-25-2017 PM2.5 |   7.33 |   7.15 |   7.74 |   6.09 |I I 
18:10-Sat-Mar-25-2017 PM10  |  10.90 |  11.51 |  17.02 |  10.03 |I I 
18:10-Sat-Mar-25-2017 PM2.5 |   6.87 |   7.08 |   7.74 |   6.09 |I I 
18:11-Sat-Mar-25-2017 PM10  |  10.90 |  11.39 |  17.02 |  10.03 |I I 
18:11-Sat-Mar-25-2017 PM2.5 |   6.87 |   7.04 |   7.74 |   6.09 |I I 
18:15-Sat-Mar-25-2017 PM10  |  11.25 |  11.37 |  17.02 |  10.03 |I I 
18:15-Sat-Mar-25-2017 PM2.5 |   7.37 |   7.09 |   7.74 |   6.09 |I I 
18:16-Sat-Mar-25-2017 PM10  |  11.47 |  11.38 |  17.02 |  10.03 |I I 
18:16-Sat-Mar-25-2017 PM2.5 |   7.11 |   7.10 |   7.74 |   6.09 |I I 
18:20-Sat-Mar-25-2017 PM10  |  10.79 |  11.31 |  17.02 |  10.03 |I I 
18:20-Sat-Mar-25-2017 PM2.5 |   7.20 |   7.11 |   7.74 |   6.09 |I I 
18:21-Sat-Mar-25-2017 PM10  |  10.67 |  11.24 |  17.02 |  10.03 |I I 
18:21-Sat-Mar-25-2017 PM2.5 |   6.73 |   7.07 |   7.74 |   6.09 |I I 
18:25-Sat-Mar-25-2017 PM10  |  11.18 |  11.23 |  17.02 |  10.03 |I I 
18:25-Sat-Mar-25-2017 PM2.5 |   7.50 |   7.11 |   7.74 |   6.09 |I I 
18:26-Sat-Mar-25-2017 PM10  |   9.54 |  11.08 |  17.02 |  10.03 |I I 
18:26-Sat-Mar-25-2017 PM2.5 |   6.44 |   7.05 |   7.74 |   6.09 |I I 
18:30-Sat-Mar-25-2017 PM10  |   9.64 |  10.96 |  17.02 |  10.03 |I I 
18:30-Sat-Mar-25-2017 PM2.5 |   6.93 |   7.04 |   7.74 |   6.09 |I I 
18:31-Sat-Mar-25-2017 PM10  |   9.89 |  10.87 |  17.02 |  10.03 |I I 
18:31-Sat-Mar-25-2017 PM2.5 |   6.98 |   7.04 |   7.74 |   6.09 |I I 
18:35-Sat-Mar-25-2017 PM10  |  11.53 |  10.92 |  17.02 |  10.03 |I I 
18:35-Sat-Mar-25-2017 PM2.5 |   7.29 |   7.05 |   7.74 |   6.09 |I I 
18:36-Sat-Mar-25-2017 PM10  |  12.36 |  11.02 |  17.02 |  10.03 |I I 
18:36-Sat-Mar-25-2017 PM2.5 |   7.84 |   7.11 |   7.74 |   6.09 |I I 
18:37-Sat-Mar-25-2017 PM10  |  12.36 |  11.10 |  17.02 |  10.03 |I I 
18:37-Sat-Mar-25-2017 PM2.5 |   7.84 |   7.15 |   7.74 |   6.09 |I I 
18:41-Sat-Mar-25-2017 PM10  |  13.84 |  11.26 |  17.02 |  10.03 |I I 
18:41-Sat-Mar-25-2017 PM2.5 |   7.80 |   7.19 |   7.74 |   6.09 |I I 
18:42-Sat-Mar-25-2017 PM10  |  11.84 |  11.29 |  17.02 |  10.03 |I I 
18:42-Sat-Mar-25-2017 PM2.5 |   7.16 |   7.19 |   7.74 |   6.09 |I I 
18:46-Sat-Mar-25-2017 PM10  |  12.68 |  11.37 |  17.02 |  10.03 |I I 
18:46-Sat-Mar-25-2017 PM2.5 |   7.65 |   7.21 |   7.74 |   6.09 |I I 
18:47-Sat-Mar-25-2017 PM10  |  12.60 |  11.43 |  17.02 |  10.03 |I I 
18:47-Sat-Mar-25-2017 PM2.5 |   7.62 |   7.23 |   7.74 |   6.09 |I I 
18:51-Sat-Mar-25-2017 PM10  |  15.07 |  11.60 |  17.02 |  10.03 |I I 
18:51-Sat-Mar-25-2017 PM2.5 |   8.22 |   7.28 |   7.74 |   6.09 |I I 
18:52-Sat-Mar-25-2017 PM10  |  15.38 |  11.77 |  17.02 |  10.03 |I I 
18:52-Sat-Mar-25-2017 PM2.5 |   7.79 |   7.30 |   7.74 |   6.09 |I I 
18:56-Sat-Mar-25-2017 PM10  |  16.09 |  11.96 |  17.02 |  10.03 |I I 
18:56-Sat-Mar-25-2017 PM2.5 |   8.15 |   7.34 |   7.74 |   6.09 |I I 
18:57-Sat-Mar-25-2017 PM10  |  14.93 |  12.08 |  17.02 |  10.03 |I I 
18:57-Sat-Mar-25-2017 PM2.5 |   8.14 |   7.37 |   7.74 |   6.09 |I I 
19:01-Sat-Mar-25-2017 PM10  |  14.67 |  12.19 |  17.02 |  10.03 |I I 
19:01-Sat-Mar-25-2017 PM2.5 |   8.13 |   7.40 |   7.74 |   6.09 |I I 
19:02-Sat-Mar-25-2017 PM10  |  12.40 |  12.40 |  17.02 |  10.03 |I I 
19:02-Sat-Mar-25-2017 PM2.5 |   7.84 |   7.84 |   7.74 |   6.09 |I I 
19:03-Sat-Mar-25-2017 PM10  |  12.40 |  12.40 |  17.02 |  10.03 |I I 
19:03-Sat-Mar-25-2017 PM2.5 |   7.84 |   7.84 |   7.74 |   6.09 |I I 
19:07-Sat-Mar-25-2017 PM10  |  14.36 |  13.06 |  17.02 |  10.03 |I I 
19:07-Sat-Mar-25-2017 PM2.5 |   8.05 |   7.91 |   7.74 |   6.09 |I I 
19:08-Sat-Mar-25-2017 PM10  |  15.49 |  13.66 |  17.02 |  10.03 |I I 
19:08-Sat-Mar-25-2017 PM2.5 |   8.17 |   7.98 |   7.74 |   6.09 |I I 
19:12-Sat-Mar-25-2017 PM10  |  19.50 |  14.83 |  17.02 |  10.03 |I I 
19:12-Sat-Mar-25-2017 PM2.5 |   8.31 |   8.04 |   7.74 |   6.09 |I I 
19:13-Sat-Mar-25-2017 PM10  |  13.86 |  14.67 |  17.02 |  10.03 |I I 
19:13-Sat-Mar-25-2017 PM2.5 |   8.26 |   8.08 |   7.74 |   6.09 |I I 
19:17-Sat-Mar-25-2017 PM10  |  15.87 |  14.84 |  17.02 |  10.03 |I I 
19:17-Sat-Mar-25-2017 PM2.5 |   8.75 |   8.18 |   7.74 |   6.09 |I I 
19:18-Sat-Mar-25-2017 PM10  |  15.24 |  14.89 |  17.02 |  10.03 |I I 
19:18-Sat-Mar-25-2017 PM2.5 |   8.13 |   8.17 |   7.74 |   6.09 |I I 
19:22-Sat-Mar-25-2017 PM10  |  15.19 |  14.92 |  17.02 |  10.03 |I I 
19:22-Sat-Mar-25-2017 PM2.5 |   8.28 |   8.18 |   7.74 |   6.09 |I I 
19:23-Sat-Mar-25-2017 PM10  |  12.90 |  14.72 |  17.02 |  10.03 |I I 
19:23-Sat-Mar-25-2017 PM2.5 |   7.93 |   8.16 |   7.74 |   6.09 |I I 
19:27-Sat-Mar-25-2017 PM10  |  15.86 |  14.82 |  17.02 |  10.03 |I I 
19:27-Sat-Mar-25-2017 PM2.5 |   8.21 |   8.16 |   7.74 |   6.09 |I I 
19:28-Sat-Mar-25-2017 PM10  |  17.55 |  15.05 |  17.02 |  10.03 |I I 
19:28-Sat-Mar-25-2017 PM2.5 |   8.81 |   8.22 |   7.74 |   6.09 |I I 
19:29-Sat-Mar-25-2017 PM10  |  17.55 |  15.24 |  17.02 |  10.03 |I I 
19:29-Sat-Mar-25-2017 PM2.5 |   8.81 |   8.26 |   7.74 |   6.09 |I I 
19:33-Sat-Mar-25-2017 PM10  |  15.00 |  15.23 |  17.02 |  10.03 |I I 
19:33-Sat-Mar-25-2017 PM2.5 |   8.70 |   8.29 |   7.74 |   6.09 |I I 
19:34-Sat-Mar-25-2017 PM10  |  15.32 |  15.23 |  17.02 |  10.03 |I I 
19:34-Sat-Mar-25-2017 PM2.5 |   8.78 |   8.33 |   7.74 |   6.09 |I I 
19:38-Sat-Mar-25-2017 PM10  |  15.86 |  15.27 |  17.02 |  10.03 |I I 
19:38-Sat-Mar-25-2017 PM2.5 |   8.92 |   8.36 |   7.74 |   6.09 |I I 
19:39-Sat-Mar-25-2017 PM10  |  17.70 |  15.42 |  17.02 |  10.03 |I I 
19:39-Sat-Mar-25-2017 PM2.5 |   8.91 |   8.40 |   7.74 |   6.09 |I I 
19:43-Sat-Mar-25-2017 PM10  |  19.30 |  15.63 |  17.02 |  10.03 |I I 
19:43-Sat-Mar-25-2017 PM2.5 |   8.91 |   8.42 |   7.74 |   6.09 |I I 
19:44-Sat-Mar-25-2017 PM10  |  15.52 |  15.63 |  17.02 |  10.03 |I I 
19:44-Sat-Mar-25-2017 PM2.5 |   8.75 |   8.44 |   7.74 |   6.09 |I I 
19:48-Sat-Mar-25-2017 PM10  |  15.97 |  15.64 |  17.02 |  10.03 |I I 
19:48-Sat-Mar-25-2017 PM2.5 |   8.96 |   8.47 |   7.74 |   6.09 |I I 
19:49-Sat-Mar-25-2017 PM10  |  14.75 |  15.60 |  17.02 |  10.03 |I I 
19:49-Sat-Mar-25-2017 PM2.5 |   8.55 |   8.47 |   7.74 |   6.09 |I I 
19:53-Sat-Mar-25-2017 PM10  |  17.22 |  15.67 |  17.02 |  10.03 |I I 
19:53-Sat-Mar-25-2017 PM2.5 |   9.00 |   8.50 |   7.74 |   6.09 |I I 
19:54-Sat-Mar-25-2017 PM10  |  17.22 |  15.74 |  17.02 |  10.03 |I I 
19:54-Sat-Mar-25-2017 PM2.5 |   9.00 |   8.52 |   7.74 |   6.09 |I I 
19:55-Sat-Mar-25-2017 PM10  |  16.42 |  15.77 |  17.02 |  10.03 |I I 
19:55-Sat-Mar-25-2017 PM2.5 |   8.45 |   8.51 |   7.74 |   6.09 |I I 
19:59-Sat-Mar-25-2017 PM10  |  17.01 |  15.82 |  17.02 |  10.03 |I I 
19:59-Sat-Mar-25-2017 PM2.5 |   8.57 |   8.52 |   7.74 |   6.09 |I I 
20:00-Sat-Mar-25-2017 PM10  |  15.47 |  15.81 |  17.02 |  10.03 |I I 
20:00-Sat-Mar-25-2017 PM2.5 |   8.03 |   8.50 |   8.50 |   6.09 |I I 
20:04-Sat-Mar-25-2017 PM10  |  16.41 |  16.41 |  17.02 |  10.03 |I I 
20:04-Sat-Mar-25-2017 PM2.5 |   8.42 |   8.42 |   8.50 |   6.09 |I I 
20:05-Sat-Mar-25-2017 PM10  |  17.86 |  17.14 |  17.02 |  10.03 |I I 
20:05-Sat-Mar-25-2017 PM2.5 |   8.49 |   8.45 |   8.50 |   6.09 |I I 
20:09-Sat-Mar-25-2017 PM10  |  22.35 |  18.88 |  17.02 |  10.03 |I I 
20:09-Sat-Mar-25-2017 PM2.5 |   8.59 |   8.50 |   8.50 |   6.09 |I I 
20:10-Sat-Mar-25-2017 PM10  |  16.85 |  18.37 |  17.02 |  10.03 |I I 
20:10-Sat-Mar-25-2017 PM2.5 |   8.04 |   8.38 |   8.50 |   6.09 |I I 
20:14-Sat-Mar-25-2017 PM10  |  19.59 |  18.61 |  17.02 |  10.03 |I I 
20:14-Sat-Mar-25-2017 PM2.5 |   8.72 |   8.45 |   8.50 |   6.09 |I I 
20:15-Sat-Mar-25-2017 PM10  |  22.04 |  19.18 |  17.02 |  10.03 |I I 
20:15-Sat-Mar-25-2017 PM2.5 |   8.89 |   8.52 |   8.50 |   6.09 |I I 
20:19-Sat-Mar-25-2017 PM10  |  19.88 |  19.28 |  17.02 |  10.03 |I I 
20:19-Sat-Mar-25-2017 PM2.5 |   8.94 |   8.58 |   8.50 |   6.09 |I I 
20:20-Sat-Mar-25-2017 PM10  |  19.88 |  19.36 |  17.02 |  10.03 |I I 
20:20-Sat-Mar-25-2017 PM2.5 |   8.94 |   8.63 |   8.50 |   6.09 |I I 
20:21-Sat-Mar-25-2017 PM10  |  21.71 |  19.62 |  17.02 |  10.03 |I I 
20:21-Sat-Mar-25-2017 PM2.5 |   8.69 |   8.63 |   8.50 |   6.09 |I I 
20:25-Sat-Mar-25-2017 PM10  |  19.09 |  19.56 |  17.02 |  10.03 |I I 
20:25-Sat-Mar-25-2017 PM2.5 |   8.96 |   8.67 |   8.50 |   6.09 |I I 
20:26-Sat-Mar-25-2017 PM10  |  23.44 |  19.92 |  17.02 |  10.03 |I I 
20:26-Sat-Mar-25-2017 PM2.5 |   8.74 |   8.67 |   8.50 |   6.09 |I I 
20:30-Sat-Mar-25-2017 PM10  |  19.96 |  19.92 |  17.02 |  10.03 |I I 
20:30-Sat-Mar-25-2017 PM2.5 |   8.82 |   8.69 |   8.50 |   6.09 |I I 
20:31-Sat-Mar-25-2017 PM10  |  19.72 |  19.90 |  17.02 |  10.03 |I I 
20:31-Sat-Mar-25-2017 PM2.5 |   7.92 |   8.63 |   8.50 |   6.09 |I I 
20:35-Sat-Mar-25-2017 PM10  |  18.72 |  19.82 |  17.02 |  10.03 |I I 
20:35-Sat-Mar-25-2017 PM2.5 |   8.32 |   8.60 |   8.50 |   6.09 |I I 
20:36-Sat-Mar-25-2017 PM10  |  16.17 |  19.58 |  17.02 |  10.03 |I I 
20:36-Sat-Mar-25-2017 PM2.5 |   8.08 |   8.57 |   8.50 |   6.09 |I I 
20:40-Sat-Mar-25-2017 PM10  |  18.36 |  19.50 |  17.02 |  10.03 |I I 
20:40-Sat-Mar-25-2017 PM2.5 |   8.36 |   8.56 |   8.50 |   6.09 |I I 
20:41-Sat-Mar-25-2017 PM10  |  21.95 |  19.64 |  17.02 |  10.03 |I I 
20:41-Sat-Mar-25-2017 PM2.5 |   8.49 |   8.55 |   8.50 |   6.09 |I I 
20:46-Sat-Mar-25-2017 PM10  |  18.24 |  19.57 |  17.02 |  10.03 |I I 
20:46-Sat-Mar-25-2017 PM2.5 |   8.48 |   8.55 |   8.50 |   6.09 |I I 
20:47-Sat-Mar-25-2017 PM10  |  15.32 |  19.34 |  17.02 |  10.03 |I I 
20:47-Sat-Mar-25-2017 PM2.5 |   7.39 |   8.49 |   8.50 |   6.09 |I I 
20:48-Sat-Mar-25-2017 PM10  |  15.32 |  19.14 |  17.02 |  10.03 |I I 
20:48-Sat-Mar-25-2017 PM2.5 |   7.39 |   8.43 |   8.50 |   6.09 |I I 
20:52-Sat-Mar-25-2017 PM10  |  16.64 |  19.02 |  17.02 |  10.03 |I I 
20:52-Sat-Mar-25-2017 PM2.5 |   7.88 |   8.41 |   8.50 |   6.09 |I I 
20:53-Sat-Mar-25-2017 PM10  |  17.62 |  18.96 |  17.02 |  10.03 |I I 
20:53-Sat-Mar-25-2017 PM2.5 |   7.26 |   8.35 |   8.50 |   6.09 |I I 
20:57-Sat-Mar-25-2017 PM10  |  18.75 |  18.95 |  17.02 |  10.03 |I I 
20:57-Sat-Mar-25-2017 PM2.5 |   7.47 |   8.32 |   8.50 |   6.09 |I I 
20:58-Sat-Mar-25-2017 PM10  |  16.59 |  18.85 |  17.02 |  10.03 |I I 
20:58-Sat-Mar-25-2017 PM2.5 |   7.02 |   8.26 |   8.50 |   6.09 |I I 
21:02-Sat-Mar-25-2017 PM10  |  15.79 |  18.73 |  18.73 |  10.03 |I I 
21:02-Sat-Mar-25-2017 PM2.5 |   7.13 |   8.22 |   8.50 |   6.09 |I I 
21:03-Sat-Mar-25-2017 PM10  |  17.58 |  17.58 |  18.73 |  10.03 |I I 
21:03-Sat-Mar-25-2017 PM2.5 |   7.62 |   7.62 |   8.50 |   6.09 |I I 
21:07-Sat-Mar-25-2017 PM10  |  21.13 |  19.36 |  18.73 |  10.03 |I I 
21:07-Sat-Mar-25-2017 PM2.5 |   7.73 |   7.68 |   8.50 |   6.09 |I I 
21:08-Sat-Mar-25-2017 PM10  |  14.06 |  17.59 |  18.73 |  10.03 |I I 
21:08-Sat-Mar-25-2017 PM2.5 |   6.81 |   7.39 |   8.50 |   6.09 |I I 
21:12-Sat-Mar-25-2017 PM10  |  16.86 |  17.41 |  18.73 |  10.03 |I I 
21:12-Sat-Mar-25-2017 PM2.5 |   6.90 |   7.27 |   8.50 |   6.09 |I I 
21:13-Sat-Mar-25-2017 PM10  |  18.65 |  17.66 |  18.73 |  10.03 |I I 
21:13-Sat-Mar-25-2017 PM2.5 |   6.85 |   7.18 |   8.50 |   6.09 |I I 
21:14-Sat-Mar-25-2017 PM10  |  18.65 |  17.82 |  18.73 |  10.03 |I I 
21:14-Sat-Mar-25-2017 PM2.5 |   6.85 |   7.13 |   8.50 |   6.09 |I I 
21:18-Sat-Mar-25-2017 PM10  |  18.98 |  17.99 |  18.73 |  10.03 |I I 
21:18-Sat-Mar-25-2017 PM2.5 |   6.66 |   7.06 |   8.50 |   6.09 |I I 
21:19-Sat-Mar-25-2017 PM10  |  19.49 |  18.18 |  18.73 |  10.03 |I I 
21:19-Sat-Mar-25-2017 PM2.5 |   6.68 |   7.01 |   8.50 |   6.09 |I I 
21:23-Sat-Mar-25-2017 PM10  |  17.05 |  18.05 |  18.73 |  10.03 |I I 
21:23-Sat-Mar-25-2017 PM2.5 |   6.85 |   7.00 |   8.50 |   6.09 |I I 
21:24-Sat-Mar-25-2017 PM10  |  20.23 |  18.27 |  18.73 |  10.03 |I I 
21:24-Sat-Mar-25-2017 PM2.5 |   7.13 |   7.01 |   8.50 |   6.09 |I I 
21:28-Sat-Mar-25-2017 PM10  |  19.67 |  18.40 |  18.73 |  10.03 |I I 
21:28-Sat-Mar-25-2017 PM2.5 |   6.89 |   7.00 |   8.50 |   6.09 |I I 
21:29-Sat-Mar-25-2017 PM10  |  17.19 |  18.29 |  18.73 |  10.03 |I I 
21:29-Sat-Mar-25-2017 PM2.5 |   6.39 |   6.95 |   8.50 |   6.09 |I I 
21:33-Sat-Mar-25-2017 PM10  |  14.06 |  17.97 |  18.73 |  10.03 |I I 
21:33-Sat-Mar-25-2017 PM2.5 |   6.24 |   6.89 |   8.50 |   6.09 |I I 
21:34-Sat-Mar-25-2017 PM10  |  18.64 |  18.02 |  18.73 |  10.03 |I I 
21:34-Sat-Mar-25-2017 PM2.5 |   5.77 |   6.81 |   8.50 |   6.09 |I I 
21:38-Sat-Mar-25-2017 PM10  |  18.45 |  18.05 |  18.73 |  10.03 |I I 
21:38-Sat-Mar-25-2017 PM2.5 |   6.46 |   6.79 |   8.50 |   6.09 |I I 
21:39-Sat-Mar-25-2017 PM10  |  18.28 |  18.06 |  18.73 |  10.03 |I I 
21:39-Sat-Mar-25-2017 PM2.5 |   6.43 |   6.77 |   8.50 |   6.09 |I I 
21:40-Sat-Mar-25-2017 PM10  |  18.28 |  18.07 |  18.73 |  10.03 |I I 
21:40-Sat-Mar-25-2017 PM2.5 |   6.43 |   6.75 |   8.50 |   6.09 |I I 
21:44-Sat-Mar-25-2017 PM10  |  20.08 |  18.18 |  18.73 |  10.03 |I I 
21:44-Sat-Mar-25-2017 PM2.5 |   6.51 |   6.73 |   8.50 |   6.09 |I I 
21:45-Sat-Mar-25-2017 PM10  |  14.17 |  17.97 |  18.73 |  10.03 |I I 
21:45-Sat-Mar-25-2017 PM2.5 |   6.26 |   6.71 |   8.50 |   6.09 |I I 
21:49-Sat-Mar-25-2017 PM10  |  14.30 |  17.79 |  18.73 |  10.03 |I I 
21:49-Sat-Mar-25-2017 PM2.5 |   6.43 |   6.70 |   8.50 |   6.09 |I I 
21:50-Sat-Mar-25-2017 PM10  |  17.21 |  17.76 |  18.73 |  10.03 |I I 
21:50-Sat-Mar-25-2017 PM2.5 |   5.95 |   6.66 |   8.50 |   6.09 |I I 
21:54-Sat-Mar-25-2017 PM10  |  15.18 |  17.65 |  18.73 |  10.03 |I I 
21:54-Sat-Mar-25-2017 PM2.5 |   6.02 |   6.63 |   8.50 |   6.09 |I I 
21:55-Sat-Mar-25-2017 PM10  |  16.89 |  17.61 |  18.73 |  10.03 |I I 
21:55-Sat-Mar-25-2017 PM2.5 |   5.64 |   6.59 |   8.50 |   6.09 |I I 
21:59-Sat-Mar-25-2017 PM10  |  18.20 |  17.64 |  18.73 |  10.03 |I I 
21:59-Sat-Mar-25-2017 PM2.5 |   6.13 |   6.57 |   8.50 |   6.09 |I I 
22:00-Sat-Mar-25-2017 PM10  |  15.32 |  17.54 |  18.73 |  10.03 |I I 
22:00-Sat-Mar-25-2017 PM2.5 |   5.79 |   6.54 |   8.50 |   6.09 |I I 
22:04-Sat-Mar-25-2017 PM10  |  13.22 |  13.22 |  18.73 |  10.03 |I I 
22:04-Sat-Mar-25-2017 PM2.5 |   5.51 |   5.51 |   8.50 |   6.09 |I I 
22:05-Sat-Mar-25-2017 PM10  |  16.78 |  15.00 |  18.73 |  10.03 |I I 
22:05-Sat-Mar-25-2017 PM2.5 |   5.74 |   5.62 |   8.50 |   6.09 |I I 
22:06-Sat-Mar-25-2017 PM10  |  16.78 |  15.59 |  18.73 |  10.03 |I I 
22:06-Sat-Mar-25-2017 PM2.5 |   5.74 |   5.66 |   8.50 |   6.09 |I I 
22:10-Sat-Mar-25-2017 PM10  |  15.11 |  15.47 |  18.73 |  10.03 |I I 
22:10-Sat-Mar-25-2017 PM2.5 |   5.70 |   5.67 |   8.50 |   6.09 |I I 
22:11-Sat-Mar-25-2017 PM10  |  14.68 |  15.31 |  18.73 |  10.03 |I I 
22:11-Sat-Mar-25-2017 PM2.5 |   5.72 |   5.68 |   8.50 |   6.09 |I I 
22:15-Sat-Mar-25-2017 PM10  |  17.49 |  15.67 |  18.73 |  10.03 |I I 
22:15-Sat-Mar-25-2017 PM2.5 |   6.41 |   5.80 |   8.50 |   6.09 |I I 
22:16-Sat-Mar-25-2017 PM10  |  12.20 |  15.18 |  18.73 |  10.03 |I I 
22:16-Sat-Mar-25-2017 PM2.5 |   5.72 |   5.79 |   8.50 |   6.09 |I I 
22:20-Sat-Mar-25-2017 PM10  |  15.61 |  15.23 |  18.73 |  10.03 |I I 
22:20-Sat-Mar-25-2017 PM2.5 |   6.09 |   5.83 |   8.50 |   6.09 |I I 
22:21-Sat-Mar-25-2017 PM10  |  11.10 |  14.77 |  18.73 |  10.03 |I I 
22:21-Sat-Mar-25-2017 PM2.5 |   4.92 |   5.73 |   8.50 |   6.09 |I I 
22:25-Sat-Mar-25-2017 PM10  |  15.98 |  14.89 |  18.73 |  10.03 |I I 
22:25-Sat-Mar-25-2017 PM2.5 |   5.38 |   5.69 |   8.50 |   6.09 |I I 
22:26-Sat-Mar-25-2017 PM10  |  12.22 |  14.65 |  18.73 |  10.03 |I I 
22:26-Sat-Mar-25-2017 PM2.5 |   5.16 |   5.64 |   8.50 |   6.09 |I I 
22:30-Sat-Mar-25-2017 PM10  |  14.96 |  14.68 |  18.73 |  10.03 |I I 
22:30-Sat-Mar-25-2017 PM2.5 |   5.57 |   5.64 |   8.50 |   6.09 |I I 
22:31-Sat-Mar-25-2017 PM10  |  14.18 |  14.64 |  18.73 |  10.03 |I I 
22:31-Sat-Mar-25-2017 PM2.5 |   5.30 |   5.61 |   8.50 |   6.09 |I I 
22:32-Sat-Mar-25-2017 PM10  |  14.18 |  14.60 |  18.73 |  10.03 |I I 
22:32-Sat-Mar-25-2017 PM2.5 |   5.30 |   5.59 |   8.50 |   6.09 |I I 
22:36-Sat-Mar-25-2017 PM10  |  13.38 |  14.52 |  18.73 |  10.03 |I I 
22:36-Sat-Mar-25-2017 PM2.5 |   5.14 |   5.56 |   8.50 |   6.09 |I I 
22:37-Sat-Mar-25-2017 PM10  |  14.49 |  14.52 |  18.73 |  10.03 |I I 
22:37-Sat-Mar-25-2017 PM2.5 |   5.30 |   5.54 |   8.50 |   6.09 |I I 
22:41-Sat-Mar-25-2017 PM10  |  16.19 |  14.62 |  18.73 |  10.03 |I I 
22:41-Sat-Mar-25-2017 PM2.5 |   5.78 |   5.56 |   8.50 |   6.09 |I I 
22:42-Sat-Mar-25-2017 PM10  |  13.63 |  14.56 |  18.73 |  10.03 |I I 
22:42-Sat-Mar-25-2017 PM2.5 |   4.98 |   5.53 |   8.50 |   6.09 |I I 
22:46-Sat-Mar-25-2017 PM10  |  11.29 |  14.39 |  18.73 |  10.03 |I I 
22:46-Sat-Mar-25-2017 PM2.5 |   5.50 |   5.52 |   8.50 |   6.09 |I I 
22:47-Sat-Mar-25-2017 PM10  |  14.28 |  14.39 |  18.73 |  10.03 |I I 
22:47-Sat-Mar-25-2017 PM2.5 |   5.40 |   5.52 |   8.50 |   6.09 |I I 
22:51-Sat-Mar-25-2017 PM10  |  16.57 |  14.49 |  18.73 |  10.03 |I I 
22:51-Sat-Mar-25-2017 PM2.5 |   5.39 |   5.51 |   8.50 |   6.09 |I I 
22:52-Sat-Mar-25-2017 PM10  |  14.45 |  14.49 |  18.73 |  10.03 |I I 
22:52-Sat-Mar-25-2017 PM2.5 |   5.23 |   5.50 |   8.50 |   6.09 |I I 
22:56-Sat-Mar-25-2017 PM10  |  15.04 |  14.51 |  18.73 |  10.03 |I I 
22:56-Sat-Mar-25-2017 PM2.5 |   5.18 |   5.49 |   8.50 |   6.09 |I I 
22:57-Sat-Mar-25-2017 PM10  |  13.01 |  14.45 |  18.73 |  10.03 |I I 
22:57-Sat-Mar-25-2017 PM2.5 |   5.10 |   5.47 |   8.50 |   6.09 |I I 
22:58-Sat-Mar-25-2017 PM10  |  13.01 |  14.39 |  18.73 |  10.03 |I I 
22:58-Sat-Mar-25-2017 PM2.5 |   5.10 |   5.45 |   8.50 |   6.09 |I I 
23:02-Sat-Mar-25-2017 PM10  |   9.68 |  14.21 |  18.73 |  10.03 |I I 
23:02-Sat-Mar-25-2017 PM2.5 |   4.67 |   5.42 |   8.50 |   5.42 |I I 
23:03-Sat-Mar-25-2017 PM10  |   9.29 |   9.29 |  18.73 |  10.03 |I I 
23:03-Sat-Mar-25-2017 PM2.5 |   4.42 |   4.42 |   8.50 |   5.42 |I I 
23:07-Sat-Mar-25-2017 PM10  |  10.18 |   9.74 |  18.73 |  10.03 |I I 
23:07-Sat-Mar-25-2017 PM2.5 |   4.71 |   4.56 |   8.50 |   5.42 |I I 
23:08-Sat-Mar-25-2017 PM10  |  14.58 |  11.35 |  18.73 |  10.03 |I I 
23:08-Sat-Mar-25-2017 PM2.5 |   4.62 |   4.58 |   8.50 |   5.42 |I I 
23:12-Sat-Mar-25-2017 PM10  |  10.97 |  11.25 |  18.73 |  10.03 |I I 
23:12-Sat-Mar-25-2017 PM2.5 |   4.42 |   4.54 |   8.50 |   5.42 |I I 
23:13-Sat-Mar-25-2017 PM10  |  18.33 |  12.67 |  18.73 |  10.03 |I I 
23:13-Sat-Mar-25-2017 PM2.5 |   4.29 |   4.49 |   8.50 |   5.42 |I I 
23:17-Sat-Mar-25-2017 PM10  |  16.45 |  13.30 |  18.73 |  10.03 |I I 
23:17-Sat-Mar-25-2017 PM2.5 |   4.67 |   4.52 |   8.50 |   5.42 |I I 
23:18-Sat-Mar-25-2017 PM10  |  13.52 |  13.33 |  18.73 |  10.03 |I I 
23:18-Sat-Mar-25-2017 PM2.5 |   4.40 |   4.50 |   8.50 |   5.42 |I I 
23:22-Sat-Mar-25-2017 PM10  |  11.40 |  13.09 |  18.73 |  10.03 |I I 
23:22-Sat-Mar-25-2017 PM2.5 |   3.92 |   4.43 |   8.50 |   5.42 |I I 
23:23-Sat-Mar-25-2017 PM10  |  10.89 |  12.84 |  18.73 |  10.03 |I I 
23:23-Sat-Mar-25-2017 PM2.5 |   3.98 |   4.38 |   8.50 |   5.42 |I I 
23:24-Sat-Mar-25-2017 PM10  |  10.89 |  12.65 |  18.73 |  10.03 |I I 
23:24-Sat-Mar-25-2017 PM2.5 |   3.98 |   4.34 |   8.50 |   5.42 |I I 
23:28-Sat-Mar-25-2017 PM10  |  11.18 |  12.52 |  18.73 |  10.03 |I I 
23:28-Sat-Mar-25-2017 PM2.5 |   4.04 |   4.31 |   8.50 |   5.42 |I I 
23:29-Sat-Mar-25-2017 PM10  |  12.47 |  12.51 |  18.73 |  10.03 |I I 
23:29-Sat-Mar-25-2017 PM2.5 |   4.26 |   4.31 |   8.50 |   5.42 |I I 
23:33-Sat-Mar-25-2017 PM10  |  10.65 |  12.37 |  18.73 |  10.03 |I I 
23:33-Sat-Mar-25-2017 PM2.5 |   4.22 |   4.30 |   8.50 |   5.42 |I I 
23:34-Sat-Mar-25-2017 PM10  |  11.28 |  12.29 |  18.73 |  10.03 |I I 
23:34-Sat-Mar-25-2017 PM2.5 |   4.61 |   4.32 |   8.50 |   5.42 |I I 
23:38-Sat-Mar-25-2017 PM10  |  11.56 |  12.24 |  18.73 |  10.03 |I I 
23:38-Sat-Mar-25-2017 PM2.5 |   4.43 |   4.33 |   8.50 |   5.42 |I I 
23:39-Sat-Mar-25-2017 PM10  |   8.89 |  12.03 |  18.73 |  10.03 |I I 
23:39-Sat-Mar-25-2017 PM2.5 |   4.08 |   4.32 |   8.50 |   5.42 |I I 
23:43-Sat-Mar-25-2017 PM10  |  12.78 |  12.08 |  18.73 |  10.03 |I I 
23:43-Sat-Mar-25-2017 PM2.5 |   4.55 |   4.33 |   8.50 |   5.42 |I I 
23:45-Sat-Mar-25-2017 PM10  |  12.38 |  12.09 |  18.73 |  10.03 |I I 
23:45-Sat-Mar-25-2017 PM2.5 |   4.52 |   4.34 |   8.50 |   5.42 |I I 
23:49-Sat-Mar-25-2017 PM10  |   9.27 |  11.94 |  18.73 |  10.03 |I I 
23:49-Sat-Mar-25-2017 PM2.5 |   4.54 |   4.35 |   8.50 |   5.42 |I I 
23:50-Sat-Mar-25-2017 PM10  |   8.72 |  11.78 |  18.73 |  10.03 |I I 
23:50-Sat-Mar-25-2017 PM2.5 |   4.34 |   4.35 |   8.50 |   5.42 |I I 
23:51-Sat-Mar-25-2017 PM10  |   8.72 |  11.64 |  18.73 |  10.03 |I B 
23:51-Sat-Mar-25-2017 PM2.5 |   4.34 |   4.35 |   8.50 |   5.42 |I B 
23:55-Sat-Mar-25-2017recover dati per host :92.223.147.77/nodered
23:55-Sat-Mar-25-2017 PM10  |   9.90 |  11.56 |  18.73 |  10.03 |I I 
23:55-Sat-Mar-25-2017 PM2.5 |   4.33 |   4.35 |   8.50 |   5.42 |I I 
23:56-Sat-Mar-25-2017 PM10  |   8.35 |  11.42 |  18.73 |  10.03 |I I 
23:56-Sat-Mar-25-2017 PM2.5 |   4.16 |   4.34 |   8.50 |   5.42 |I I 
00:00-Sun-Mar-26-2017 PM10  |   9.65 |  11.35 |  18.73 |  10.03 |I I 
