[Sat May  6 00:01:01 2017] Report del giorno Saturday May 06 2017 -- INVIATO a centraline@googlegroups.com
00:01-Sat-May-06-2017 PM2.5 |   4.08 |   3.84 |  52.97 |   3.05 |B I 
00:02-Sat-May-06-2017recover dati per host :salvatorehost.no-ip.org/aria
00:02-Sat-May-06-2017 PM10  |   7.39 |   7.39 |   0.00 |  2000.00|I I 
00:02-Sat-May-06-2017 PM2.5 |   3.68 |   3.68 |   0.00 |  2000.00|I I 
00:06-Sat-May-06-2017 PM10  |   9.29 |   8.34 |   0.00 |  2000.00|I I 
00:06-Sat-May-06-2017 PM2.5 |   4.28 |   3.98 |   0.00 |  2000.00|I I 
00:07-Sat-May-06-2017 PM10  |   5.69 |   7.46 |   0.00 |  2000.00|I I 
00:07-Sat-May-06-2017 PM2.5 |   3.72 |   3.90 |   0.00 |  2000.00|I I 
00:11-Sat-May-06-2017 PM10  |   8.79 |   7.79 |   0.00 |  2000.00|I I 
00:11-Sat-May-06-2017 PM2.5 |   3.88 |   3.89 |   0.00 |  2000.00|I I 
00:12-Sat-May-06-2017 PM10  |   6.59 |   7.55 |   0.00 |  2000.00|I I 
00:12-Sat-May-06-2017 PM2.5 |   3.63 |   3.84 |   0.00 |  2000.00|I I 
00:16-Sat-May-06-2017 PM10  |   6.56 |   7.38 |   0.00 |  2000.00|I I 
00:16-Sat-May-06-2017 PM2.5 |   3.65 |   3.81 |   0.00 |  2000.00|I I 
00:17-Sat-May-06-2017 PM10  |  11.06 |   7.91 |   0.00 |  2000.00|I I 
00:17-Sat-May-06-2017 PM2.5 |   3.90 |   3.82 |   0.00 |  2000.00|I I 
00:21-Sat-May-06-2017 PM10  |   9.82 |   8.15 |   0.00 |  2000.00|I I 
00:21-Sat-May-06-2017 PM2.5 |   3.80 |   3.82 |   0.00 |  2000.00|I I 
00:22-Sat-May-06-2017 PM10  |   5.94 |   7.90 |   0.00 |  2000.00|I I 
00:22-Sat-May-06-2017 PM2.5 |   3.37 |   3.77 |   0.00 |  2000.00|I I 
00:26-Sat-May-06-2017 PM10  |   8.73 |   7.99 |   0.00 |  2000.00|I I 
00:26-Sat-May-06-2017 PM2.5 |   3.61 |   3.75 |   0.00 |  2000.00|I I 
00:27-Sat-May-06-2017 PM10  |   6.96 |   7.89 |   0.00 |  2000.00|I I 
00:27-Sat-May-06-2017 PM2.5 |   3.87 |   3.76 |   0.00 |  2000.00|I I 
00:31-Sat-May-06-2017 PM10  |   6.67 |   7.79 |   0.00 |  2000.00|I I 
00:31-Sat-May-06-2017 PM2.5 |   3.95 |   3.78 |   0.00 |  2000.00|I I 
00:32-Sat-May-06-2017 PM10  |   6.13 |   7.66 |   0.00 |  2000.00|I I 
00:32-Sat-May-06-2017 PM2.5 |   3.56 |   3.76 |   0.00 |  2000.00|I I 
00:36-Sat-May-06-2017 PM10  |   5.22 |   7.49 |   0.00 |  2000.00|I I 
00:36-Sat-May-06-2017 PM2.5 |   3.55 |   3.75 |   0.00 |  2000.00|I I 
00:40-Sat-May-06-2017 PM10  |   7.49 |   7.49 |   0.00 |  2000.00|I I 
00:40-Sat-May-06-2017 PM2.5 |   3.89 |   3.76 |   0.00 |  2000.00|I I 
00:41-Sat-May-06-2017 PM10  |   7.29 |   7.48 |   0.00 |  2000.00|I I 
00:41-Sat-May-06-2017 PM2.5 |   3.78 |   3.76 |   0.00 |  2000.00|I I 
00:45-Sat-May-06-2017 PM10  |   9.58 |   7.60 |   0.00 |  2000.00|I I 
00:45-Sat-May-06-2017 PM2.5 |   4.17 |   3.78 |   0.00 |  2000.00|I I 
00:46-Sat-May-06-2017 PM10  |   8.86 |   7.67 |   0.00 |  2000.00|I I 
00:46-Sat-May-06-2017 PM2.5 |   3.89 |   3.79 |   0.00 |  2000.00|I I 
00:50-Sat-May-06-2017 PM10  |   8.89 |   7.73 |   0.00 |  2000.00|I I 
00:50-Sat-May-06-2017 PM2.5 |   3.69 |   3.78 |   0.00 |  2000.00|I I 
00:51-Sat-May-06-2017 PM10  |   7.31 |   7.71 |   0.00 |  2000.00|I I 
00:51-Sat-May-06-2017 PM2.5 |   3.58 |   3.77 |   0.00 |  2000.00|I I 
00:55-Sat-May-06-2017 PM10  |   7.43 |   7.70 |   0.00 |  2000.00|I I 
00:55-Sat-May-06-2017 PM2.5 |   3.86 |   3.78 |   0.00 |  2000.00|I I 
00:56-Sat-May-06-2017 PM10  |   9.08 |   7.76 |   0.00 |  2000.00|I I 
00:56-Sat-May-06-2017 PM2.5 |   3.86 |   3.78 |   0.00 |  2000.00|I I 
01:00-Sat-May-06-2017 PM10  |   8.10 |   7.78 |   7.78 |   7.78 |I I 
01:00-Sat-May-06-2017 PM2.5 |   3.80 |   3.78 |   3.78 |   3.78 |I I 
01:01-Sat-May-06-2017 PM10  |   6.32 |   6.32 |   7.78 |   7.78 |I I 
01:01-Sat-May-06-2017 PM2.5 |   3.59 |   3.59 |   3.78 |   3.78 |I I 
01:05-Sat-May-06-2017 PM10  |   8.43 |   7.38 |   7.78 |   7.78 |I I 
01:05-Sat-May-06-2017 PM2.5 |   3.70 |   3.65 |   3.78 |   3.78 |I I 
01:06-Sat-May-06-2017 PM10  |  10.20 |   8.32 |   7.78 |   7.78 |I I 
01:06-Sat-May-06-2017 PM2.5 |   3.82 |   3.70 |   3.78 |   3.78 |I I 
01:10-Sat-May-06-2017 PM10  |   7.28 |   8.06 |   7.78 |   7.78 |I I 
01:10-Sat-May-06-2017 PM2.5 |   3.90 |   3.75 |   3.78 |   3.78 |I I 
01:11-Sat-May-06-2017 PM10  |   6.10 |   7.67 |   7.78 |   7.78 |I I 
01:11-Sat-May-06-2017 PM2.5 |   3.46 |   3.69 |   3.78 |   3.78 |I I 
01:15-Sat-May-06-2017 PM10  |   7.60 |   7.65 |   7.78 |   7.78 |I I 
01:15-Sat-May-06-2017 PM2.5 |   3.81 |   3.71 |   3.78 |   3.78 |I I 
01:16-Sat-May-06-2017 PM10  |   5.94 |   7.41 |   7.78 |   7.78 |I I 
01:16-Sat-May-06-2017 PM2.5 |   3.59 |   3.70 |   3.78 |   3.78 |I I 
01:20-Sat-May-06-2017 PM10  |   5.90 |   7.22 |   7.78 |   7.78 |I I 
01:20-Sat-May-06-2017 PM2.5 |   3.72 |   3.70 |   3.78 |   3.78 |I I 
01:21-Sat-May-06-2017 PM10  |   6.23 |   7.11 |   7.78 |   7.78 |I I 
01:21-Sat-May-06-2017 PM2.5 |   3.55 |   3.68 |   3.78 |   3.78 |I I 
01:25-Sat-May-06-2017 PM10  |   4.99 |   6.90 |   7.78 |   7.78 |I I 
01:25-Sat-May-06-2017 PM2.5 |   3.65 |   3.68 |   3.78 |   3.78 |I I 
01:26-Sat-May-06-2017 PM10  |   7.42 |   6.95 |   7.78 |   7.78 |I I 
01:26-Sat-May-06-2017 PM2.5 |   3.67 |   3.68 |   3.78 |   3.78 |I I 
01:30-Sat-May-06-2017 PM10  |   6.63 |   6.92 |   7.78 |   7.78 |I I 
01:30-Sat-May-06-2017 PM2.5 |   3.93 |   3.70 |   3.78 |   3.78 |I I 
01:31-Sat-May-06-2017 PM10  |   5.02 |   6.77 |   7.78 |   7.78 |I I 
01:31-Sat-May-06-2017 PM2.5 |   3.50 |   3.68 |   3.78 |   3.78 |I I 
01:35-Sat-May-06-2017 PM10  |   6.72 |   6.77 |   7.78 |   7.78 |I I 
01:35-Sat-May-06-2017 PM2.5 |   4.05 |   3.71 |   3.78 |   3.78 |I I 
01:36-Sat-May-06-2017 PM10  |   7.46 |   6.82 |   7.78 |   7.78 |I I 
01:36-Sat-May-06-2017 PM2.5 |   3.63 |   3.70 |   3.78 |   3.78 |I I 
01:40-Sat-May-06-2017 PM10  |   7.18 |   6.84 |   7.78 |   7.78 |I I 
01:40-Sat-May-06-2017 PM2.5 |   4.11 |   3.73 |   3.78 |   3.78 |I I 
01:41-Sat-May-06-2017 PM10  |   6.54 |   6.82 |   7.78 |   7.78 |I I 
01:41-Sat-May-06-2017 PM2.5 |   3.72 |   3.73 |   3.78 |   3.78 |I I 
01:46-Sat-May-06-2017 PM10  |   6.01 |   6.78 |   7.78 |   7.78 |I I 
01:46-Sat-May-06-2017 PM2.5 |   3.87 |   3.74 |   3.78 |   3.78 |I I 
01:47-Sat-May-06-2017 PM10  |   7.04 |   6.79 |   7.78 |   7.78 |I B 
01:47-Sat-May-06-2017 PM2.5 |   3.61 |   3.73 |   3.78 |   3.78 |I B 
01:51-Sat-May-06-2017recover dati per host :92.223.147.77/nodered
01:51-Sat-May-06-2017 PM10  |   6.82 |   6.79 |   7.78 |   7.78 |I I 
01:51-Sat-May-06-2017 PM2.5 |   3.87 |   3.74 |   3.78 |   3.78 |I I 
01:52-Sat-May-06-2017 PM10  |   6.78 |   6.79 |   7.78 |   7.78 |I I 
01:52-Sat-May-06-2017 PM2.5 |   3.71 |   3.74 |   3.78 |   3.78 |I I 
01:56-Sat-May-06-2017 PM10  |  10.70 |   6.97 |   7.78 |   7.78 |I I 
01:56-Sat-May-06-2017 PM2.5 |   3.83 |   3.74 |   3.78 |   3.78 |I I 
01:57-Sat-May-06-2017 PM10  |   6.11 |   6.93 |   7.78 |   7.78 |I I 
01:57-Sat-May-06-2017 PM2.5 |   3.35 |   3.72 |   3.78 |   3.78 |I I 
02:01-Sat-May-06-2017 PM10  |   7.02 |   6.93 |   7.78 |   6.93 |I I 
02:01-Sat-May-06-2017 PM2.5 |   3.79 |   3.73 |   3.78 |   3.73 |I I 
02:02-Sat-May-06-2017 PM10  |   6.17 |   6.17 |   7.78 |   6.93 |I I 
02:02-Sat-May-06-2017 PM2.5 |   3.67 |   3.67 |   3.78 |   3.73 |I I 
02:06-Sat-May-06-2017 PM10  |   6.40 |   6.29 |   7.78 |   6.93 |I I 
02:06-Sat-May-06-2017 PM2.5 |   3.65 |   3.66 |   3.78 |   3.73 |I I 
02:07-Sat-May-06-2017 PM10  |   5.81 |   6.13 |   7.78 |   6.93 |I I 
02:07-Sat-May-06-2017 PM2.5 |   3.69 |   3.67 |   3.78 |   3.73 |I I 
02:11-Sat-May-06-2017 PM10  |   7.34 |   6.43 |   7.78 |   6.93 |I I 
02:11-Sat-May-06-2017 PM2.5 |   4.09 |   3.78 |   3.78 |   3.73 |I I 
02:12-Sat-May-06-2017 PM10  |   6.38 |   6.42 |   7.78 |   6.93 |I B 
02:12-Sat-May-06-2017 PM2.5 |   3.59 |   3.74 |   3.78 |   3.73 |I B 
02:16-Sat-May-06-2017recover dati per host :92.223.147.77/nodered
02:16-Sat-May-06-2017 PM10  |   6.14 |   6.37 |   7.78 |   6.93 |I I 
02:16-Sat-May-06-2017 PM2.5 |   3.78 |   3.75 |   3.78 |   3.73 |I I 
02:17-Sat-May-06-2017 PM10  |   5.60 |   6.26 |   7.78 |   6.93 |B I 
02:17-Sat-May-06-2017 PM2.5 |   3.51 |   3.71 |   3.78 |   3.73 |B I 
02:21-Sat-May-06-2017recover dati per host :salvatorehost.no-ip.org/aria
02:21-Sat-May-06-2017 PM10  |   5.60 |   6.18 |   7.78 |   6.93 |I I 
02:21-Sat-May-06-2017 PM2.5 |   3.56 |   3.69 |   3.78 |   3.73 |I I 
02:22-Sat-May-06-2017 PM10  |   6.48 |   6.21 |   7.78 |   6.93 |I I 
02:22-Sat-May-06-2017 PM2.5 |   3.49 |   3.67 |   3.78 |   3.73 |I I 
02:25-Sat-May-06-2017 PM10  |   7.73 |   6.36 |   7.78 |   6.93 |I I 
02:25-Sat-May-06-2017 PM2.5 |   3.73 |   3.68 |   3.78 |   3.73 |I I 
02:26-Sat-May-06-2017 PM10  |   5.60 |   6.29 |   7.78 |   6.93 |I I 
02:26-Sat-May-06-2017 PM2.5 |   3.45 |   3.66 |   3.78 |   3.73 |I I 
02:30-Sat-May-06-2017 PM10  |   5.68 |   6.24 |   7.78 |   6.93 |I I 
02:30-Sat-May-06-2017 PM2.5 |   3.80 |   3.67 |   3.78 |   3.73 |I I 
02:31-Sat-May-06-2017 PM10  |   5.87 |   6.22 |   7.78 |   6.93 |I I 
02:31-Sat-May-06-2017 PM2.5 |   3.40 |   3.65 |   3.78 |   3.73 |I I 
02:35-Sat-May-06-2017 PM10  |   5.15 |   6.14 |   7.78 |   6.93 |I B 
02:35-Sat-May-06-2017 PM2.5 |   3.62 |   3.64 |   3.78 |   3.73 |I B 
02:36-Sat-May-06-2017recover dati per host :92.223.147.77/nodered
02:36-Sat-May-06-2017 PM10  |   4.87 |   6.05 |   7.78 |   6.93 |I I 
02:36-Sat-May-06-2017 PM2.5 |   3.43 |   3.63 |   3.78 |   3.73 |I I 
02:40-Sat-May-06-2017 PM10  |   5.36 |   6.01 |   7.78 |   6.93 |I I 
02:40-Sat-May-06-2017 PM2.5 |   3.69 |   3.63 |   3.78 |   3.73 |I I 
02:41-Sat-May-06-2017 PM10  |   5.53 |   5.98 |   7.78 |   6.93 |I I 
02:41-Sat-May-06-2017 PM2.5 |   3.53 |   3.63 |   3.78 |   3.73 |I I 
02:45-Sat-May-06-2017 PM10  |   6.59 |   6.02 |   7.78 |   6.93 |I I 
02:45-Sat-May-06-2017 PM2.5 |   3.85 |   3.64 |   3.78 |   3.73 |I I 
02:46-Sat-May-06-2017 PM10  |   6.08 |   6.02 |   7.78 |   6.93 |I I 
02:46-Sat-May-06-2017 PM2.5 |   3.83 |   3.65 |   3.78 |   3.73 |I I 
02:50-Sat-May-06-2017Timeout Event handler
02:51-Sat-May-06-2017 PM10  |   5.05 |   5.97 |   7.78 |   6.93 |B I 
02:51-Sat-May-06-2017 PM2.5 |   3.79 |   3.66 |   3.78 |   3.73 |B I 
02:52-Sat-May-06-2017recover dati per host :salvatorehost.no-ip.org/aria
02:52-Sat-May-06-2017 PM10  |   6.62 |   6.00 |   7.78 |   6.93 |I I 
02:52-Sat-May-06-2017 PM2.5 |   3.74 |   3.66 |   3.78 |   3.73 |I I 
02:56-Sat-May-06-2017 PM10  |   6.80 |   6.04 |   7.78 |   6.93 |I B 
02:56-Sat-May-06-2017 PM2.5 |   3.90 |   3.67 |   3.78 |   3.73 |I B 
02:57-Sat-May-06-2017recover dati per host :92.223.147.77/nodered
02:57-Sat-May-06-2017 PM10  |   6.82 |   6.07 |   7.78 |   6.93 |I I 
02:57-Sat-May-06-2017 PM2.5 |   3.61 |   3.67 |   3.78 |   3.73 |I I 
03:01-Sat-May-06-2017 PM10  |   7.83 |   6.15 |   7.78 |   6.15 |I I 
03:01-Sat-May-06-2017 PM2.5 |   3.79 |   3.67 |   3.78 |   3.67 |I I 
03:02-Sat-May-06-2017 PM10  |   5.32 |   5.32 |   7.78 |   6.15 |I I 
03:02-Sat-May-06-2017 PM2.5 |   3.20 |   3.20 |   3.78 |   3.67 |I I 
03:06-Sat-May-06-2017 PM10  |   6.43 |   5.88 |   7.78 |   6.15 |I I 
03:06-Sat-May-06-2017 PM2.5 |   3.47 |   3.33 |   3.78 |   3.67 |I I 
03:07-Sat-May-06-2017 PM10  |   6.38 |   6.04 |   7.78 |   6.15 |I I 
03:07-Sat-May-06-2017 PM2.5 |   3.63 |   3.43 |   3.78 |   3.67 |I I 
03:11-Sat-May-06-2017 PM10  |   6.79 |   6.23 |   7.78 |   6.15 |I I 
03:11-Sat-May-06-2017 PM2.5 |   3.75 |   3.51 |   3.78 |   3.67 |I I 
03:12-Sat-May-06-2017 PM10  |   6.02 |   6.19 |   7.78 |   6.15 |I B 
03:12-Sat-May-06-2017 PM2.5 |   3.56 |   3.52 |   3.78 |   3.67 |I B 
03:15-Sat-May-06-2017 PM10  |   7.26 |   6.37 |   7.78 |   6.15 |B B 
03:15-Sat-May-06-2017 PM2.5 |   3.61 |   3.54 |   3.78 |   3.67 |B B 
03:16-Sat-May-06-2017recover dati per host :salvatorehost.no-ip.org/aria
03:16-Sat-May-06-2017recover dati per host :92.223.147.77/nodered
03:16-Sat-May-06-2017 PM10  |   5.46 |   6.24 |   7.78 |   6.15 |I I 
03:16-Sat-May-06-2017 PM2.5 |   3.48 |   3.53 |   3.78 |   3.67 |I I 
03:20-Sat-May-06-2017 PM10  |   7.45 |   6.39 |   7.78 |   6.15 |I I 
03:20-Sat-May-06-2017 PM2.5 |   3.84 |   3.57 |   3.78 |   3.67 |I I 
03:21-Sat-May-06-2017 PM10  |   8.19 |   6.59 |   7.78 |   6.15 |I I 
03:21-Sat-May-06-2017 PM2.5 |   3.63 |   3.58 |   3.78 |   3.67 |I I 
03:25-Sat-May-06-2017 PM10  |   8.00 |   6.73 |   7.78 |   6.15 |I I 
03:25-Sat-May-06-2017 PM2.5 |   3.83 |   3.60 |   3.78 |   3.67 |I I 
03:26-Sat-May-06-2017 PM10  |   6.51 |   6.71 |   7.78 |   6.15 |B I 
03:26-Sat-May-06-2017 PM2.5 |   3.54 |   3.60 |   3.78 |   3.67 |B I 
03:31-Sat-May-06-2017recover dati per host :salvatorehost.no-ip.org/aria
03:31-Sat-May-06-2017 PM10  |   6.31 |   6.68 |   7.78 |   6.15 |I I 
03:31-Sat-May-06-2017 PM2.5 |   3.72 |   3.61 |   3.78 |   3.67 |I I 
03:32-Sat-May-06-2017 PM10  |   8.60 |   6.82 |   7.78 |   6.15 |I B 
03:32-Sat-May-06-2017 PM2.5 |   3.59 |   3.61 |   3.78 |   3.67 |I B 
03:36-Sat-May-06-2017recover dati per host :92.223.147.77/nodered
03:36-Sat-May-06-2017 PM10  |   5.78 |   6.75 |   7.78 |   6.15 |I I 
03:36-Sat-May-06-2017 PM2.5 |   3.67 |   3.61 |   3.78 |   3.67 |I I 
03:37-Sat-May-06-2017 PM10  |   4.39 |   6.59 |   7.78 |   6.15 |I I 
03:37-Sat-May-06-2017 PM2.5 |   3.46 |   3.60 |   3.78 |   3.67 |I I 
03:41-Sat-May-06-2017 PM10  |   5.74 |   6.54 |   7.78 |   6.15 |I I 
03:41-Sat-May-06-2017 PM2.5 |   3.76 |   3.61 |   3.78 |   3.67 |I I 
03:42-Sat-May-06-2017 PM10  |   7.21 |   6.58 |   7.78 |   6.15 |I I 
03:42-Sat-May-06-2017 PM2.5 |   3.51 |   3.60 |   3.78 |   3.67 |I I 
03:46-Sat-May-06-2017 PM10  |   6.31 |   6.56 |   7.78 |   6.15 |I I 
03:46-Sat-May-06-2017 PM2.5 |   3.70 |   3.61 |   3.78 |   3.67 |I I 
03:47-Sat-May-06-2017 PM10  |   5.66 |   6.52 |   7.78 |   6.15 |I B 
03:47-Sat-May-06-2017 PM2.5 |   3.54 |   3.61 |   3.78 |   3.67 |I B 
03:51-Sat-May-06-2017recover dati per host :92.223.147.77/nodered
03:51-Sat-May-06-2017 PM10  |   4.53 |   6.42 |   7.78 |   6.15 |I I 
03:51-Sat-May-06-2017 PM2.5 |   3.54 |   3.60 |   3.78 |   3.67 |I I 
03:52-Sat-May-06-2017 PM10  |   8.85 |   6.53 |   7.78 |   6.15 |I I 
03:52-Sat-May-06-2017 PM2.5 |   3.90 |   3.62 |   3.78 |   3.67 |I I 
03:56-Sat-May-06-2017 PM10  |   7.07 |   6.56 |   7.78 |   6.15 |I I 
03:56-Sat-May-06-2017 PM2.5 |   3.53 |   3.61 |   3.78 |   3.67 |I I 
03:57-Sat-May-06-2017 PM10  |   5.14 |   6.50 |   7.78 |   6.15 |I I 
03:57-Sat-May-06-2017 PM2.5 |   3.21 |   3.60 |   3.78 |   3.67 |I I 
04:01-Sat-May-06-2017 PM10  |   5.68 |   6.46 |   7.78 |   6.15 |I I 
04:01-Sat-May-06-2017 PM2.5 |   3.75 |   3.60 |   3.78 |   3.60 |I I 
04:05-Sat-May-06-2017 PM10  |   6.26 |   6.26 |   7.78 |   6.15 |I I 
04:05-Sat-May-06-2017 PM2.5 |   3.52 |   3.52 |   3.78 |   3.60 |I I 
04:06-Sat-May-06-2017 PM10  |   8.24 |   7.25 |   7.78 |   6.15 |I I 
04:06-Sat-May-06-2017 PM2.5 |   3.50 |   3.51 |   3.78 |   3.60 |I I 
04:10-Sat-May-06-2017 PM10  |   6.00 |   6.83 |   7.78 |   6.15 |I I 
04:10-Sat-May-06-2017 PM2.5 |   3.86 |   3.63 |   3.78 |   3.60 |I I 
04:11-Sat-May-06-2017 PM10  |   6.42 |   6.73 |   7.78 |   6.15 |I I 
04:11-Sat-May-06-2017 PM2.5 |   3.70 |   3.64 |   3.78 |   3.60 |I I 
04:15-Sat-May-06-2017Timeout Event handler
04:15-Sat-May-06-2017 PM10  |   7.67 |   6.92 |   7.78 |   6.15 |B I 
04:15-Sat-May-06-2017 PM2.5 |   3.72 |   3.66 |   3.78 |   3.60 |B I 
04:16-Sat-May-06-2017recover dati per host :salvatorehost.no-ip.org/aria
04:16-Sat-May-06-2017 PM10  |   5.23 |   6.64 |   7.78 |   6.15 |I I 
04:16-Sat-May-06-2017 PM2.5 |   3.62 |   3.65 |   3.78 |   3.60 |I I 
04:21-Sat-May-06-2017Timeout Event handler
04:21-Sat-May-06-2017 PM10  |   4.99 |   6.40 |   7.78 |   6.15 |B B 
04:21-Sat-May-06-2017 PM2.5 |   3.45 |   3.62 |   3.78 |   3.60 |B B 
04:22-Sat-May-06-2017recover dati per host :salvatorehost.no-ip.org/aria
04:22-Sat-May-06-2017recover dati per host :92.223.147.77/nodered
04:22-Sat-May-06-2017 PM10  |   5.80 |   6.33 |   7.78 |   6.15 |I I 
04:22-Sat-May-06-2017 PM2.5 |   3.45 |   3.60 |   3.78 |   3.60 |I I 
04:26-Sat-May-06-2017 PM10  |   6.39 |   6.33 |   7.78 |   6.15 |B I 
04:26-Sat-May-06-2017 PM2.5 |   3.59 |   3.60 |   3.78 |   3.60 |B I 
04:27-Sat-May-06-2017recover dati per host :salvatorehost.no-ip.org/aria
04:27-Sat-May-06-2017 PM10  |   6.71 |   6.37 |   7.78 |   6.15 |I I 
04:27-Sat-May-06-2017 PM2.5 |   3.67 |   3.61 |   3.78 |   3.60 |I I 
04:31-Sat-May-06-2017 PM10  |   5.72 |   6.31 |   7.78 |   6.15 |B B 
04:31-Sat-May-06-2017 PM2.5 |   3.87 |   3.63 |   3.78 |   3.60 |B B 
04:32-Sat-May-06-2017recover dati per host :salvatorehost.no-ip.org/aria
04:32-Sat-May-06-2017recover dati per host :92.223.147.77/nodered
04:32-Sat-May-06-2017 PM10  |   6.67 |   6.34 |   7.78 |   6.15 |I I 
04:32-Sat-May-06-2017 PM2.5 |   3.77 |   3.64 |   3.78 |   3.60 |I I 
04:36-Sat-May-06-2017 PM10  |   7.54 |   6.43 |   7.78 |   6.15 |I I 
04:36-Sat-May-06-2017 PM2.5 |   4.12 |   3.68 |   3.78 |   3.60 |I I 
04:37-Sat-May-06-2017 PM10  |   5.42 |   6.36 |   7.78 |   6.15 |I I 
04:37-Sat-May-06-2017 PM2.5 |   3.56 |   3.67 |   3.78 |   3.60 |I I 
04:41-Sat-May-06-2017 PM10  |   6.01 |   6.34 |   7.78 |   6.15 |I B 
04:41-Sat-May-06-2017 PM2.5 |   3.65 |   3.67 |   3.78 |   3.60 |I B 
04:42-Sat-May-06-2017 PM10  |   5.12 |   6.26 |   7.78 |   6.15 |I B 
04:42-Sat-May-06-2017 PM2.5 |   3.51 |   3.66 |   3.78 |   3.60 |I B 
04:46-Sat-May-06-2017recover dati per host :92.223.147.77/nodered
04:46-Sat-May-06-2017 PM10  |   4.67 |   6.17 |   7.78 |   6.15 |I I 
04:46-Sat-May-06-2017 PM2.5 |   3.62 |   3.66 |   3.78 |   3.60 |I I 
04:47-Sat-May-06-2017 PM10  |   4.92 |   6.10 |   7.78 |   6.15 |I B 
04:47-Sat-May-06-2017 PM2.5 |   3.49 |   3.65 |   3.78 |   3.60 |I B 
04:51-Sat-May-06-2017recover dati per host :92.223.147.77/nodered
04:51-Sat-May-06-2017 PM10  |   4.52 |   6.02 |   7.78 |   6.15 |I I 
04:51-Sat-May-06-2017 PM2.5 |   3.42 |   3.64 |   3.78 |   3.60 |I I 
04:52-Sat-May-06-2017 PM10  |   6.11 |   6.02 |   7.78 |   6.15 |I I 
04:52-Sat-May-06-2017 PM2.5 |   3.33 |   3.62 |   3.78 |   3.60 |I I 
04:56-Sat-May-06-2017 PM10  |   5.73 |   6.01 |   7.78 |   6.15 |I I 
04:56-Sat-May-06-2017 PM2.5 |   3.81 |   3.63 |   3.78 |   3.60 |I I 
04:57-Sat-May-06-2017 PM10  |   4.24 |   5.93 |   7.78 |   6.15 |I B 
04:57-Sat-May-06-2017 PM2.5 |   3.20 |   3.61 |   3.78 |   3.60 |I B 
05:01-Sat-May-06-2017recover dati per host :92.223.147.77/nodered
05:01-Sat-May-06-2017 PM10  |   4.82 |   5.88 |   7.78 |   5.88 |I I 
05:01-Sat-May-06-2017 PM2.5 |   3.62 |   3.61 |   3.78 |   3.60 |I I 
05:05-Sat-May-06-2017 PM10  |   5.92 |   5.92 |   7.78 |   5.88 |I I 
05:05-Sat-May-06-2017 PM2.5 |   3.75 |   3.75 |   3.78 |   3.60 |I I 
05:06-Sat-May-06-2017 PM10  |   7.02 |   6.47 |   7.78 |   5.88 |I I 
05:06-Sat-May-06-2017 PM2.5 |   3.45 |   3.60 |   3.78 |   3.60 |I I 
05:10-Sat-May-06-2017 PM10  |   5.13 |   6.02 |   7.78 |   5.88 |I I 
05:10-Sat-May-06-2017 PM2.5 |   3.52 |   3.57 |   3.78 |   3.60 |I I 
05:11-Sat-May-06-2017 PM10  |   5.61 |   5.92 |   7.78 |   5.88 |I I 
05:11-Sat-May-06-2017 PM2.5 |   3.49 |   3.55 |   3.78 |   3.60 |I I 
05:15-Sat-May-06-2017 PM10  |   5.76 |   5.89 |   7.78 |   5.88 |I I 
05:15-Sat-May-06-2017 PM2.5 |   3.51 |   3.54 |   3.78 |   3.60 |I I 
05:16-Sat-May-06-2017 PM10  |   5.76 |   5.87 |   7.78 |   5.88 |I I 
05:16-Sat-May-06-2017 PM2.5 |   3.51 |   3.54 |   3.78 |   3.60 |I I 
05:20-Sat-May-06-2017 PM10  |   5.52 |   5.82 |   7.78 |   5.88 |I I 
05:20-Sat-May-06-2017 PM2.5 |   3.81 |   3.58 |   3.78 |   3.60 |I I 
05:22-Sat-May-06-2017 PM10  |   5.72 |   5.80 |   7.78 |   5.88 |B B 
05:22-Sat-May-06-2017 PM2.5 |   3.46 |   3.56 |   3.78 |   3.60 |B B 
05:26-Sat-May-06-2017recover dati per host :salvatorehost.no-ip.org/aria
05:26-Sat-May-06-2017recover dati per host :92.223.147.77/nodered
05:26-Sat-May-06-2017 PM10  |   5.40 |   5.76 |   7.78 |   5.88 |I I 
05:26-Sat-May-06-2017 PM2.5 |   3.60 |   3.57 |   3.78 |   3.60 |I I 
05:27-Sat-May-06-2017 PM10  |   4.57 |   5.64 |   7.78 |   5.88 |B B 
05:27-Sat-May-06-2017 PM2.5 |   3.39 |   3.55 |   3.78 |   3.60 |B B 
05:31-Sat-May-06-2017recover dati per host :salvatorehost.no-ip.org/aria
05:31-Sat-May-06-2017recover dati per host :92.223.147.77/nodered
05:31-Sat-May-06-2017 PM10  |   6.30 |   5.70 |   7.78 |   5.88 |I I 
05:31-Sat-May-06-2017 PM2.5 |   3.96 |   3.59 |   3.78 |   3.60 |I I 
05:32-Sat-May-06-2017 PM10  |   4.88 |   5.63 |   7.78 |   5.88 |I I 
05:32-Sat-May-06-2017 PM2.5 |   3.21 |   3.56 |   3.78 |   3.60 |I I 
05:36-Sat-May-06-2017Timeout Event handler
05:36-Sat-May-06-2017 PM10  |   6.35 |   5.69 |   7.78 |   5.88 |B I 
05:36-Sat-May-06-2017 PM2.5 |   3.77 |   3.57 |   3.78 |   3.60 |B I 
05:37-Sat-May-06-2017 PM10  |   5.23 |   5.66 |   7.78 |   5.88 |B B 
05:37-Sat-May-06-2017 PM2.5 |   3.55 |   3.57 |   3.78 |   3.60 |B B 
05:41-Sat-May-06-2017recover dati per host :salvatorehost.no-ip.org/aria
05:41-Sat-May-06-2017recover dati per host :92.223.147.77/nodered
05:41-Sat-May-06-2017 PM10  |   6.46 |   5.71 |   7.78 |   5.88 |I I 
05:41-Sat-May-06-2017 PM2.5 |   3.57 |   3.57 |   3.78 |   3.60 |I I 
05:42-Sat-May-06-2017 PM10  |   4.31 |   5.62 |   7.78 |   5.88 |I I 
05:42-Sat-May-06-2017 PM2.5 |   3.36 |   3.56 |   3.78 |   3.60 |I I 
05:46-Sat-May-06-2017 PM10  |   5.54 |   5.62 |   7.78 |   5.88 |B B 
05:46-Sat-May-06-2017 PM2.5 |   3.48 |   3.55 |   3.78 |   3.60 |B B 
05:47-Sat-May-06-2017 PM10  |   5.67 |   5.62 |   7.78 |   5.88 |B B 
05:47-Sat-May-06-2017 PM2.5 |   3.24 |   3.54 |   3.78 |   3.60 |B B 
05:51-Sat-May-06-2017recover dati per host :salvatorehost.no-ip.org/aria
05:51-Sat-May-06-2017recover dati per host :92.223.147.77/nodered
05:51-Sat-May-06-2017 PM10  |   5.36 |   5.61 |   7.78 |   5.88 |I I 
05:51-Sat-May-06-2017 PM2.5 |   3.50 |   3.53 |   3.78 |   3.60 |I I 
05:52-Sat-May-06-2017 PM10  |   5.09 |   5.58 |   7.78 |   5.88 |I I 
05:52-Sat-May-06-2017 PM2.5 |   3.46 |   3.53 |   3.78 |   3.60 |I I 
05:56-Sat-May-06-2017 PM10  |   4.75 |   5.54 |   7.78 |   5.88 |I I 
05:56-Sat-May-06-2017 PM2.5 |   3.39 |   3.52 |   3.78 |   3.60 |I I 
06:00-Sat-May-06-2017 PM10  |   5.30 |   5.53 |   7.78 |   5.53 |I I 
06:00-Sat-May-06-2017 PM2.5 |   3.50 |   3.52 |   3.78 |   3.52 |I I 
06:01-Sat-May-06-2017 PM10  |   5.03 |   5.03 |   7.78 |   5.53 |I I 
06:01-Sat-May-06-2017 PM2.5 |   3.44 |   3.44 |   3.78 |   3.52 |I I 
06:05-Sat-May-06-2017 PM10  |   7.18 |   6.11 |   7.78 |   5.53 |I I 
06:05-Sat-May-06-2017 PM2.5 |   3.60 |   3.52 |   3.78 |   3.52 |I I 
06:06-Sat-May-06-2017 PM10  |   5.01 |   5.74 |   7.78 |   5.53 |B B 
06:06-Sat-May-06-2017 PM2.5 |   3.41 |   3.48 |   3.78 |   3.52 |B B 
06:11-Sat-May-06-2017recover dati per host :salvatorehost.no-ip.org/aria
06:11-Sat-May-06-2017recover dati per host :92.223.147.77/nodered
06:11-Sat-May-06-2017 PM10  |   6.01 |   5.81 |   7.78 |   5.53 |I I 
06:11-Sat-May-06-2017 PM2.5 |   3.55 |   3.50 |   3.78 |   3.52 |I I 
06:12-Sat-May-06-2017 PM10  |   5.90 |   5.83 |   7.78 |   5.53 |I B 
06:12-Sat-May-06-2017 PM2.5 |   3.18 |   3.44 |   3.78 |   3.52 |I B 
06:16-Sat-May-06-2017recover dati per host :92.223.147.77/nodered
06:16-Sat-May-06-2017 PM10  |   5.40 |   5.76 |   7.78 |   5.53 |I I 
06:16-Sat-May-06-2017 PM2.5 |   3.32 |   3.42 |   3.78 |   3.52 |I I 
06:17-Sat-May-06-2017 PM10  |   5.16 |   5.67 |   7.78 |   5.53 |I I 
06:17-Sat-May-06-2017 PM2.5 |   3.24 |   3.39 |   3.78 |   3.52 |I I 
06:21-Sat-May-06-2017 PM10  |   4.83 |   5.57 |   7.78 |   5.53 |B B 
06:21-Sat-May-06-2017 PM2.5 |   3.32 |   3.38 |   3.78 |   3.52 |B B 
06:22-Sat-May-06-2017recover dati per host :salvatorehost.no-ip.org/aria
06:22-Sat-May-06-2017recover dati per host :92.223.147.77/nodered
06:22-Sat-May-06-2017 PM10  |   4.80 |   5.48 |   7.78 |   5.53 |I I 
06:22-Sat-May-06-2017 PM2.5 |   3.44 |   3.39 |   3.78 |   3.52 |I I 
06:26-Sat-May-06-2017 PM10  |   5.22 |   5.45 |   7.78 |   5.53 |I I 
06:26-Sat-May-06-2017 PM2.5 |   3.36 |   3.39 |   3.78 |   3.52 |I I 
06:27-Sat-May-06-2017 PM10  |   4.79 |   5.39 |   7.78 |   5.53 |I B 
06:27-Sat-May-06-2017 PM2.5 |   3.62 |   3.41 |   3.78 |   3.52 |I B 
06:31-Sat-May-06-2017recover dati per host :92.223.147.77/nodered
06:31-Sat-May-06-2017 PM10  |   6.06 |   5.45 |   7.78 |   5.53 |I I 
06:31-Sat-May-06-2017 PM2.5 |   3.62 |   3.43 |   3.78 |   3.52 |I I 
06:32-Sat-May-06-2017 PM10  |   5.09 |   5.42 |   7.78 |   5.53 |I I 
06:32-Sat-May-06-2017 PM2.5 |   3.37 |   3.42 |   3.78 |   3.52 |I I 
06:36-Sat-May-06-2017 PM10  |   4.42 |   5.35 |   7.78 |   5.53 |I I 
06:36-Sat-May-06-2017 PM2.5 |   3.43 |   3.42 |   3.78 |   3.52 |I I 
06:37-Sat-May-06-2017 PM10  |   4.88 |   5.32 |   7.78 |   5.53 |I B 
06:37-Sat-May-06-2017 PM2.5 |   3.43 |   3.42 |   3.78 |   3.52 |I B 
06:41-Sat-May-06-2017recover dati per host :92.223.147.77/nodered
06:41-Sat-May-06-2017 PM10  |   5.89 |   5.35 |   7.78 |   5.53 |I I 
06:41-Sat-May-06-2017 PM2.5 |   3.58 |   3.43 |   3.78 |   3.52 |I I 
06:42-Sat-May-06-2017 PM10  |   4.19 |   5.29 |   7.78 |   5.53 |I I 
06:42-Sat-May-06-2017 PM2.5 |   3.21 |   3.42 |   3.78 |   3.52 |I I 
06:46-Sat-May-06-2017 PM10  |   5.28 |   5.29 |   7.78 |   5.53 |I I 
06:46-Sat-May-06-2017 PM2.5 |   3.57 |   3.43 |   3.78 |   3.52 |I I 
06:47-Sat-May-06-2017 PM10  |   4.56 |   5.25 |   7.78 |   5.53 |I I 
06:47-Sat-May-06-2017 PM2.5 |   3.38 |   3.43 |   3.78 |   3.52 |I I 
06:51-Sat-May-06-2017 PM10  |   4.18 |   5.19 |   7.78 |   5.53 |B I 
06:51-Sat-May-06-2017 PM2.5 |   3.39 |   3.42 |   3.78 |   3.52 |B I 
06:55-Sat-May-06-2017 PM10  |   4.33 |   5.15 |   7.78 |   5.53 |B I 
06:55-Sat-May-06-2017 PM2.5 |   3.38 |   3.42 |   3.78 |   3.52 |B I 
06:56-Sat-May-06-2017recover dati per host :salvatorehost.no-ip.org/aria
06:56-Sat-May-06-2017 PM10  |   5.22 |   5.16 |   7.78 |   5.53 |I I 
06:56-Sat-May-06-2017 PM2.5 |   3.54 |   3.43 |   3.78 |   3.52 |I I 
07:00-Sat-May-06-2017 PM10  |   5.70 |   5.18 |   7.78 |   5.18 |I I 
07:00-Sat-May-06-2017 PM2.5 |   3.64 |   3.44 |   3.78 |   3.44 |I I 
07:02-Sat-May-06-2017 PM10  |   5.39 |   5.39 |   7.78 |   5.18 |I I 
07:02-Sat-May-06-2017 PM2.5 |   3.19 |   3.19 |   3.78 |   3.44 |I I 
07:06-Sat-May-06-2017 PM10  |   5.92 |   5.66 |   7.78 |   5.18 |I I 
07:06-Sat-May-06-2017 PM2.5 |   3.47 |   3.33 |   3.78 |   3.44 |I I 
07:07-Sat-May-06-2017 PM10  |   4.43 |   5.25 |   7.78 |   5.18 |I I 
07:07-Sat-May-06-2017 PM2.5 |   3.48 |   3.38 |   3.78 |   3.44 |I I 
07:11-Sat-May-06-2017Timeout Event handler
07:11-Sat-May-06-2017 PM10  |   5.96 |   5.43 |   7.78 |   5.18 |B I 
07:11-Sat-May-06-2017 PM2.5 |   3.67 |   3.45 |   3.78 |   3.44 |B I 
07:12-Sat-May-06-2017 PM10  |   5.73 |   5.49 |   7.78 |   5.18 |B I 
07:12-Sat-May-06-2017 PM2.5 |   3.58 |   3.48 |   3.78 |   3.44 |B I 
07:16-Sat-May-06-2017recover dati per host :salvatorehost.no-ip.org/aria
07:16-Sat-May-06-2017 PM10  |   4.81 |   5.37 |   7.78 |   5.18 |I I 
07:16-Sat-May-06-2017 PM2.5 |   3.51 |   3.48 |   3.78 |   3.44 |I I 
07:17-Sat-May-06-2017 PM10  |   4.74 |   5.28 |   7.78 |   5.18 |I B 
07:17-Sat-May-06-2017 PM2.5 |   3.30 |   3.46 |   3.78 |   3.44 |I B 
07:21-Sat-May-06-2017 PM10  |   5.25 |   5.28 |   7.78 |   5.18 |I B 
07:21-Sat-May-06-2017 PM2.5 |   3.52 |   3.47 |   3.78 |   3.44 |I B 
07:22-Sat-May-06-2017 PM10  |   4.83 |   5.23 |   7.78 |   5.18 |I B 
07:22-Sat-May-06-2017 PM2.5 |   3.31 |   3.45 |   3.78 |   3.44 |I B 
07:26-Sat-May-06-2017recover dati per host :92.223.147.77/nodered
07:26-Sat-May-06-2017 PM10  |   9.22 |   5.63 |   7.78 |   5.18 |I I 
07:26-Sat-May-06-2017 PM2.5 |   3.67 |   3.47 |   3.78 |   3.44 |I I 
07:27-Sat-May-06-2017 PM10  |   6.23 |   5.68 |   7.78 |   5.18 |B B 
07:27-Sat-May-06-2017 PM2.5 |   3.10 |   3.44 |   3.78 |   3.44 |B B 
07:31-Sat-May-06-2017recover dati per host :salvatorehost.no-ip.org/aria
07:31-Sat-May-06-2017recover dati per host :92.223.147.77/nodered
07:31-Sat-May-06-2017 PM10  |   5.68 |   5.68 |   7.78 |   5.18 |I I 
07:31-Sat-May-06-2017 PM2.5 |   3.72 |   3.46 |   3.78 |   3.44 |I I 
07:32-Sat-May-06-2017 PM10  |   5.83 |   5.69 |   7.78 |   5.18 |I I 
07:32-Sat-May-06-2017 PM2.5 |   3.36 |   3.45 |   3.78 |   3.44 |I I 
07:36-Sat-May-06-2017 PM10  |   6.82 |   5.77 |   7.78 |   5.18 |I I 
07:36-Sat-May-06-2017 PM2.5 |   3.68 |   3.47 |   3.78 |   3.44 |I I 
07:37-Sat-May-06-2017 PM10  |   6.32 |   5.81 |   7.78 |   5.18 |I I 
07:37-Sat-May-06-2017 PM2.5 |   3.54 |   3.47 |   3.78 |   3.44 |I I 
07:40-Sat-May-06-2017 PM10  |   5.28 |   5.78 |   7.78 |   5.18 |B B 
07:40-Sat-May-06-2017 PM2.5 |   3.46 |   3.47 |   3.78 |   3.44 |B B 
07:42-Sat-May-06-2017recover dati per host :salvatorehost.no-ip.org/aria
07:42-Sat-May-06-2017recover dati per host :92.223.147.77/nodered
07:42-Sat-May-06-2017 PM10  |  12.90 |   6.20 |   7.78 |   5.18 |I I 
07:42-Sat-May-06-2017 PM2.5 |   3.75 |   3.49 |   3.78 |   3.44 |I I 
07:46-Sat-May-06-2017 PM10  |  10.29 |   6.42 |   7.78 |   5.18 |I I 
07:46-Sat-May-06-2017 PM2.5 |   3.98 |   3.52 |   3.78 |   3.44 |I I 
07:47-Sat-May-06-2017 PM10  |  11.34 |   6.68 |   7.78 |   5.18 |I I 
07:47-Sat-May-06-2017 PM2.5 |   3.34 |   3.51 |   3.78 |   3.44 |I I 
07:51-Sat-May-06-2017 PM10  |  10.50 |   6.87 |   7.78 |   5.18 |I I 
07:51-Sat-May-06-2017 PM2.5 |   3.46 |   3.50 |   3.78 |   3.44 |I I 
07:52-Sat-May-06-2017 PM10  |   9.98 |   7.02 |   7.78 |   5.18 |I I 
07:52-Sat-May-06-2017 PM2.5 |   3.72 |   3.51 |   3.78 |   3.44 |I I 
07:56-Sat-May-06-2017 PM10  |  10.89 |   7.20 |   7.78 |   5.18 |I I 
07:56-Sat-May-06-2017 PM2.5 |   3.84 |   3.53 |   3.78 |   3.44 |I I 
07:57-Sat-May-06-2017 PM10  |   9.37 |   7.29 |   7.78 |   5.18 |I I 
07:57-Sat-May-06-2017 PM2.5 |   3.77 |   3.54 |   3.78 |   3.44 |I I 
08:01-Sat-May-06-2017 PM10  |  10.59 |   7.43 |   7.78 |   5.18 |B I 
08:01-Sat-May-06-2017 PM2.5 |   3.90 |   3.56 |   3.78 |   3.44 |B I 
08:02-Sat-May-06-2017recover dati per host :salvatorehost.no-ip.org/aria
08:02-Sat-May-06-2017 PM10  |  10.71 |  10.71 |   7.78 |   5.18 |I I 
08:02-Sat-May-06-2017 PM2.5 |   3.95 |   3.95 |   3.78 |   3.44 |I I 
08:06-Sat-May-06-2017 PM10  |   8.21 |   9.46 |   7.78 |   5.18 |I I 
08:06-Sat-May-06-2017 PM2.5 |   3.77 |   3.86 |   3.78 |   3.44 |I I 
08:07-Sat-May-06-2017Timeout Event handler
08:07-Sat-May-06-2017 PM10  |  10.39 |   9.77 |   7.78 |   5.18 |B B 
08:07-Sat-May-06-2017 PM2.5 |   3.65 |   3.79 |   3.78 |   3.44 |B B 
08:11-Sat-May-06-2017recover dati per host :salvatorehost.no-ip.org/aria
08:11-Sat-May-06-2017recover dati per host :92.223.147.77/nodered
08:11-Sat-May-06-2017 PM10  |   9.56 |   9.72 |   7.78 |   5.18 |I I 
08:11-Sat-May-06-2017 PM2.5 |   3.94 |   3.83 |   3.78 |   3.44 |I I 
08:12-Sat-May-06-2017 PM10  |   6.56 |   9.08 |   7.78 |   5.18 |I I 
08:12-Sat-May-06-2017 PM2.5 |   3.59 |   3.78 |   3.78 |   3.44 |I I 
08:16-Sat-May-06-2017 PM10  |  10.81 |   9.37 |   7.78 |   5.18 |I I 
08:16-Sat-May-06-2017 PM2.5 |   3.90 |   3.80 |   3.78 |   3.44 |I I 
08:17-Sat-May-06-2017 PM10  |   7.87 |   9.16 |   7.78 |   5.18 |I I 
08:17-Sat-May-06-2017 PM2.5 |   3.56 |   3.77 |   3.78 |   3.44 |I I 
08:21-Sat-May-06-2017 PM10  |  10.91 |   9.38 |   7.78 |   5.18 |I I 
08:21-Sat-May-06-2017 PM2.5 |   4.59 |   3.87 |   3.78 |   3.44 |I I 
08:22-Sat-May-06-2017 PM10  |  14.56 |   9.95 |   7.78 |   5.18 |I I 
08:22-Sat-May-06-2017 PM2.5 |   4.55 |   3.95 |   3.78 |   3.44 |I I 
08:26-Sat-May-06-2017 PM10  |  12.72 |  10.23 |   7.78 |   5.18 |I I 
08:26-Sat-May-06-2017 PM2.5 |   4.92 |   4.04 |   3.78 |   3.44 |I I 
08:27-Sat-May-06-2017 PM10  |  15.12 |  10.67 |   7.78 |   5.18 |I I 
08:27-Sat-May-06-2017 PM2.5 |   4.90 |   4.12 |   3.78 |   3.44 |I I 
08:31-Sat-May-06-2017 PM10  |  11.91 |  10.78 |   7.78 |   5.18 |I I 
08:31-Sat-May-06-2017 PM2.5 |   4.92 |   4.19 |   3.78 |   3.44 |I I 
08:32-Sat-May-06-2017 PM10  |  11.03 |  10.80 |   7.78 |   5.18 |I I 
08:32-Sat-May-06-2017 PM2.5 |   4.75 |   4.23 |   3.78 |   3.44 |I I 
08:35-Sat-May-06-2017 PM10  |   7.88 |  10.59 |   7.78 |   5.18 |I I 
08:35-Sat-May-06-2017 PM2.5 |   4.89 |   4.28 |   3.78 |   3.44 |I I 
08:36-Sat-May-06-2017 PM10  |  11.43 |  10.64 |   7.78 |   5.18 |I I 
08:36-Sat-May-06-2017 PM2.5 |   4.86 |   4.32 |   3.78 |   3.44 |I I 
08:41-Sat-May-06-2017 PM10  |  12.22 |  10.74 |   7.78 |   5.18 |I I 
08:41-Sat-May-06-2017 PM2.5 |   5.23 |   4.37 |   3.78 |   3.44 |I I 
08:42-Sat-May-06-2017 PM10  |  12.76 |  10.86 |   7.78 |   5.18 |I I 
08:42-Sat-May-06-2017 PM2.5 |   5.09 |   4.42 |   3.78 |   3.44 |I I 
08:46-Sat-May-06-2017 PM10  |  10.43 |  10.84 |   7.78 |   5.18 |I I 
08:46-Sat-May-06-2017 PM2.5 |   5.13 |   4.46 |   3.78 |   3.44 |I I 
08:47-Sat-May-06-2017 PM10  |  11.43 |  10.87 |   7.78 |   5.18 |I I 
08:47-Sat-May-06-2017 PM2.5 |   4.64 |   4.47 |   3.78 |   3.44 |I I 
08:51-Sat-May-06-2017 PM10  |  12.69 |  10.96 |   7.78 |   5.18 |I I 
08:51-Sat-May-06-2017 PM2.5 |   4.44 |   4.46 |   3.78 |   3.44 |I I 
08:52-Sat-May-06-2017 PM10  |  10.01 |  10.92 |   7.78 |   5.18 |I I 
08:52-Sat-May-06-2017 PM2.5 |   4.42 |   4.46 |   3.78 |   3.44 |I I 
08:56-Sat-May-06-2017 PM10  |   8.66 |  10.81 |   7.78 |   5.18 |I I 
08:56-Sat-May-06-2017 PM2.5 |   4.51 |   4.46 |   3.78 |   3.44 |I I 
08:57-Sat-May-06-2017 PM10  |   7.56 |  10.67 |   7.78 |   5.18 |I I 
08:57-Sat-May-06-2017 PM2.5 |   4.00 |   4.44 |   3.78 |   3.44 |I I 
09:01-Sat-May-06-2017 PM10  |   9.31 |  10.61 |  10.61 |   5.18 |I I 
09:01-Sat-May-06-2017 PM2.5 |   4.13 |   4.43 |   4.43 |   3.44 |I I 
09:02-Sat-May-06-2017 PM10  |  12.47 |  12.47 |  10.61 |   5.18 |I I 
09:02-Sat-May-06-2017 PM2.5 |   4.69 |   4.69 |   4.43 |   3.44 |I I 
09:06-Sat-May-06-2017 PM10  |  12.21 |  12.34 |  10.61 |   5.18 |I I 
09:06-Sat-May-06-2017 PM2.5 |   5.08 |   4.88 |   4.43 |   3.44 |I I 
09:07-Sat-May-06-2017 PM10  |   8.29 |  10.99 |  10.61 |   5.18 |I I 
09:07-Sat-May-06-2017 PM2.5 |   4.04 |   4.60 |   4.43 |   3.44 |I I 
09:11-Sat-May-06-2017 PM10  |   7.14 |  10.03 |  10.61 |   5.18 |I I 
09:11-Sat-May-06-2017 PM2.5 |   4.42 |   4.56 |   4.43 |   3.44 |I I 
09:12-Sat-May-06-2017 PM10  |  10.50 |  10.12 |  10.61 |   5.18 |I I 
09:12-Sat-May-06-2017 PM2.5 |   4.34 |   4.51 |   4.43 |   3.44 |I I 
09:16-Sat-May-06-2017 PM10  |   8.79 |   9.90 |  10.61 |   5.18 |I I 
09:16-Sat-May-06-2017 PM2.5 |   4.44 |   4.50 |   4.43 |   3.44 |I I 
09:17-Sat-May-06-2017 PM10  |   8.64 |   9.72 |  10.61 |   5.18 |I I 
09:17-Sat-May-06-2017 PM2.5 |   4.42 |   4.49 |   4.43 |   3.44 |I I 
09:21-Sat-May-06-2017 PM10  |   8.33 |   9.55 |  10.61 |   5.18 |I I 
09:21-Sat-May-06-2017 PM2.5 |   4.63 |   4.51 |   4.43 |   3.44 |I I 
09:22-Sat-May-06-2017 PM10  |   9.05 |   9.49 |  10.61 |   5.18 |I I 
09:22-Sat-May-06-2017 PM2.5 |   4.13 |   4.47 |   4.43 |   3.44 |I I 
09:26-Sat-May-06-2017 PM10  |   8.15 |   9.36 |  10.61 |   5.18 |I I 
09:26-Sat-May-06-2017 PM2.5 |   4.22 |   4.44 |   4.43 |   3.44 |I I 
09:27-Sat-May-06-2017 PM10  |   9.54 |   9.38 |  10.61 |   5.18 |I I 
09:27-Sat-May-06-2017 PM2.5 |   4.34 |   4.43 |   4.43 |   3.44 |I I 
09:31-Sat-May-06-2017 PM10  |  17.44 |  10.05 |  10.61 |   5.18 |I I 
09:31-Sat-May-06-2017 PM2.5 |   5.00 |   4.48 |   4.43 |   3.44 |I I 
09:32-Sat-May-06-2017 PM10  |   9.03 |   9.97 |  10.61 |   5.18 |I I 
09:32-Sat-May-06-2017 PM2.5 |   3.92 |   4.44 |   4.43 |   3.44 |I I 
09:36-Sat-May-06-2017 PM10  |   6.69 |   9.74 |  10.61 |   5.18 |I I 
09:36-Sat-May-06-2017 PM2.5 |   4.23 |   4.42 |   4.43 |   3.44 |I I 
09:37-Sat-May-06-2017 PM10  |   8.73 |   9.67 |  10.61 |   5.18 |I I 
09:37-Sat-May-06-2017 PM2.5 |   3.80 |   4.38 |   4.43 |   3.44 |I I 
09:41-Sat-May-06-2017 PM10  |   8.19 |   9.58 |  10.61 |   5.18 |I I 
09:41-Sat-May-06-2017 PM2.5 |   3.91 |   4.35 |   4.43 |   3.44 |I I 
09:42-Sat-May-06-2017 PM10  |   7.04 |   9.43 |  10.61 |   5.18 |I I 
09:42-Sat-May-06-2017 PM2.5 |   3.91 |   4.33 |   4.43 |   3.44 |I I 
09:46-Sat-May-06-2017 PM10  |   9.02 |   9.40 |  10.61 |   5.18 |I I 
09:46-Sat-May-06-2017 PM2.5 |   4.03 |   4.31 |   4.43 |   3.44 |I I 
09:47-Sat-May-06-2017 PM10  |   8.55 |   9.36 |  10.61 |   5.18 |I I 
09:47-Sat-May-06-2017 PM2.5 |   4.05 |   4.30 |   4.43 |   3.44 |I I 
09:51-Sat-May-06-2017 PM10  |  10.70 |   9.43 |  10.61 |   5.18 |I I 
09:51-Sat-May-06-2017 PM2.5 |   4.13 |   4.29 |   4.43 |   3.44 |I I 
09:52-Sat-May-06-2017 PM10  |   7.80 |   9.35 |  10.61 |   5.18 |I I 
09:52-Sat-May-06-2017 PM2.5 |   3.68 |   4.26 |   4.43 |   3.44 |I I 
09:56-Sat-May-06-2017 PM10  |   7.88 |   9.28 |  10.61 |   5.18 |I I 
09:56-Sat-May-06-2017 PM2.5 |   3.78 |   4.24 |   4.43 |   3.44 |I I 
09:57-Sat-May-06-2017 PM10  |   7.35 |   9.20 |  10.61 |   5.18 |I I 
09:57-Sat-May-06-2017 PM2.5 |   3.86 |   4.22 |   4.43 |   3.44 |I I 
10:01-Sat-May-06-2017 PM10  |   6.58 |   9.09 |  10.61 |   5.18 |I I 
10:01-Sat-May-06-2017 PM2.5 |   3.83 |   4.20 |   4.43 |   3.44 |I I 
10:02-Sat-May-06-2017 PM10  |   9.35 |   9.35 |  10.61 |   5.18 |I I 
10:02-Sat-May-06-2017 PM2.5 |   3.88 |   3.88 |   4.43 |   3.44 |I I 
10:06-Sat-May-06-2017 PM10  |   9.63 |   9.49 |  10.61 |   5.18 |I I 
10:06-Sat-May-06-2017 PM2.5 |   4.03 |   3.96 |   4.43 |   3.44 |I I 
10:07-Sat-May-06-2017 PM10  |   6.98 |   8.65 |  10.61 |   5.18 |I I 
10:07-Sat-May-06-2017 PM2.5 |   3.69 |   3.87 |   4.43 |   3.44 |I I 
10:11-Sat-May-06-2017 PM10  |  10.73 |   9.17 |  10.61 |   5.18 |I I 
10:11-Sat-May-06-2017 PM2.5 |   4.05 |   3.91 |   4.43 |   3.44 |I I 
10:12-Sat-May-06-2017 PM10  |   7.05 |   8.75 |  10.61 |   5.18 |I I 
10:12-Sat-May-06-2017 PM2.5 |   3.68 |   3.87 |   4.43 |   3.44 |I I 
10:16-Sat-May-06-2017 PM10  |   7.90 |   8.61 |  10.61 |   5.18 |B B 
10:16-Sat-May-06-2017 PM2.5 |   4.19 |   3.92 |   4.43 |   3.44 |B B 
10:17-Sat-May-06-2017recover dati per host :salvatorehost.no-ip.org/aria
10:17-Sat-May-06-2017recover dati per host :92.223.147.77/nodered
10:17-Sat-May-06-2017 PM10  |  12.58 |   9.17 |  10.61 |   5.18 |I I 
10:17-Sat-May-06-2017 PM2.5 |   4.32 |   3.98 |   4.43 |   3.44 |I I 
10:21-Sat-May-06-2017 PM10  |   8.55 |   9.10 |  10.61 |   5.18 |I I 
10:21-Sat-May-06-2017 PM2.5 |   4.08 |   3.99 |   4.43 |   3.44 |I I 
10:22-Sat-May-06-2017 PM10  |  10.38 |   9.24 |  10.61 |   5.18 |I I 
10:22-Sat-May-06-2017 PM2.5 |   4.21 |   4.01 |   4.43 |   3.44 |I I 
10:26-Sat-May-06-2017 PM10  |  11.40 |   9.45 |  10.61 |   5.18 |I I 
10:26-Sat-May-06-2017 PM2.5 |   4.15 |   4.03 |   4.43 |   3.44 |I I 
10:27-Sat-May-06-2017 PM10  |  11.00 |   9.60 |  10.61 |   5.18 |I I 
10:27-Sat-May-06-2017 PM2.5 |   4.23 |   4.05 |   4.43 |   3.44 |I I 
10:31-Sat-May-06-2017 PM10  |  12.97 |   9.88 |  10.61 |   5.18 |I I 
10:31-Sat-May-06-2017 PM2.5 |   4.51 |   4.08 |   4.43 |   3.44 |I I 
10:32-Sat-May-06-2017 PM10  |   9.31 |   9.83 |  10.61 |   5.18 |I I 
10:32-Sat-May-06-2017 PM2.5 |   4.21 |   4.09 |   4.43 |   3.44 |I I 
10:36-Sat-May-06-2017 PM10  |  12.23 |  10.00 |  10.61 |   5.18 |I I 
10:36-Sat-May-06-2017 PM2.5 |   4.60 |   4.13 |   4.43 |   3.44 |I I 
10:37-Sat-May-06-2017 PM10  |   8.57 |   9.91 |  10.61 |   5.18 |I I 
10:37-Sat-May-06-2017 PM2.5 |   4.18 |   4.13 |   4.43 |   3.44 |I I 
10:41-Sat-May-06-2017 PM10  |  11.47 |  10.01 |  10.61 |   5.18 |I I 
10:41-Sat-May-06-2017 PM2.5 |   4.67 |   4.17 |   4.43 |   3.44 |I I 
10:42-Sat-May-06-2017 PM10  |  11.77 |  10.11 |  10.61 |   5.18 |I I 
10:42-Sat-May-06-2017 PM2.5 |   4.36 |   4.18 |   4.43 |   3.44 |I I 
10:46-Sat-May-06-2017 PM10  |  11.50 |  10.19 |  10.61 |   5.18 |I I 
10:46-Sat-May-06-2017 PM2.5 |   4.74 |   4.21 |   4.43 |   3.44 |I I 
10:47-Sat-May-06-2017 PM10  |   7.80 |  10.06 |  10.61 |   5.18 |I I 
10:47-Sat-May-06-2017 PM2.5 |   4.37 |   4.22 |   4.43 |   3.44 |I I 
10:51-Sat-May-06-2017 PM10  |   9.16 |  10.02 |  10.61 |   5.18 |I I 
10:51-Sat-May-06-2017 PM2.5 |   4.49 |   4.23 |   4.43 |   3.44 |I I 
10:53-Sat-May-06-2017 PM10  |   9.44 |   9.99 |  10.61 |   5.18 |I I 
10:53-Sat-May-06-2017 PM2.5 |   4.31 |   4.24 |   4.43 |   3.44 |I I 
10:56-Sat-May-06-2017 PM10  |   7.23 |   9.86 |  10.61 |   5.18 |I I 
10:56-Sat-May-06-2017 PM2.5 |   4.25 |   4.24 |   4.43 |   3.44 |I I 
10:57-Sat-May-06-2017 PM10  |  11.78 |   9.95 |  10.61 |   5.18 |I I 
10:57-Sat-May-06-2017 PM2.5 |   4.50 |   4.25 |   4.43 |   3.44 |I I 
11:01-Sat-May-06-2017 PM10  |   9.74 |   9.94 |  10.61 |   5.18 |I I 
11:01-Sat-May-06-2017 PM2.5 |   4.55 |   4.26 |   4.43 |   3.44 |I I 
11:02-Sat-May-06-2017 PM10  |  11.62 |  11.62 |  10.61 |   5.18 |I I 
11:02-Sat-May-06-2017 PM2.5 |   4.33 |   4.33 |   4.43 |   3.44 |I I 
11:06-Sat-May-06-2017 PM10  |   7.21 |   9.41 |  10.61 |   5.18 |I I 
11:06-Sat-May-06-2017 PM2.5 |   4.13 |   4.23 |   4.43 |   3.44 |I I 
11:07-Sat-May-06-2017 PM10  |   8.19 |   9.01 |  10.61 |   5.18 |I I 
11:07-Sat-May-06-2017 PM2.5 |   4.59 |   4.35 |   4.43 |   3.44 |I I 
11:11-Sat-May-06-2017 PM10  |  11.09 |   9.53 |  10.61 |   5.18 |I I 
11:11-Sat-May-06-2017 PM2.5 |   4.60 |   4.41 |   4.43 |   3.44 |I I 
11:12-Sat-May-06-2017 PM10  |   8.98 |   9.42 |  10.61 |   5.18 |I I 
11:12-Sat-May-06-2017 PM2.5 |   4.36 |   4.40 |   4.43 |   3.44 |I I 
11:16-Sat-May-06-2017 PM10  |   6.37 |   8.91 |  10.61 |   5.18 |I I 
11:16-Sat-May-06-2017 PM2.5 |   4.07 |   4.35 |   4.43 |   3.44 |I I 
11:17-Sat-May-06-2017 PM10  |   6.34 |   8.54 |  10.61 |   5.18 |I I 
11:17-Sat-May-06-2017 PM2.5 |   4.13 |   4.32 |   4.43 |   3.44 |I I 
11:21-Sat-May-06-2017 PM10  |   7.31 |   8.39 |  10.61 |   5.18 |I I 
11:21-Sat-May-06-2017 PM2.5 |   4.04 |   4.28 |   4.43 |   3.44 |I I 
11:22-Sat-May-06-2017 PM10  |   7.91 |   8.33 |  10.61 |   5.18 |I I 
11:22-Sat-May-06-2017 PM2.5 |   4.31 |   4.29 |   4.43 |   3.44 |I I 
11:26-Sat-May-06-2017 PM10  |   7.99 |   8.30 |  10.61 |   5.18 |I I 
11:26-Sat-May-06-2017 PM2.5 |   4.35 |   4.29 |   4.43 |   3.44 |I I 
11:27-Sat-May-06-2017 PM10  |   6.57 |   8.14 |  10.61 |   5.18 |I I 
11:27-Sat-May-06-2017 PM2.5 |   4.25 |   4.29 |   4.43 |   3.44 |I I 
11:31-Sat-May-06-2017 PM10  |   7.44 |   8.08 |  10.61 |   5.18 |I I 
11:31-Sat-May-06-2017 PM2.5 |   4.56 |   4.31 |   4.43 |   3.44 |I I 
11:32-Sat-May-06-2017 PM10  |   6.30 |   7.95 |  10.61 |   5.18 |I I 
11:32-Sat-May-06-2017 PM2.5 |   4.17 |   4.30 |   4.43 |   3.44 |I I 
11:36-Sat-May-06-2017 PM10  |   8.92 |   8.02 |  10.61 |   5.18 |I I 
11:36-Sat-May-06-2017 PM2.5 |   4.68 |   4.33 |   4.43 |   3.44 |I I 
11:37-Sat-May-06-2017 PM10  |   8.24 |   8.03 |  10.61 |   5.18 |I I 
11:37-Sat-May-06-2017 PM2.5 |   4.54 |   4.34 |   4.43 |   3.44 |I I 
11:41-Sat-May-06-2017 PM10  |   9.49 |   8.12 |  10.61 |   5.18 |I I 
11:41-Sat-May-06-2017 PM2.5 |   4.61 |   4.36 |   4.43 |   3.44 |I I 
11:42-Sat-May-06-2017 PM10  |   7.27 |   8.07 |  10.61 |   5.18 |I I 
11:42-Sat-May-06-2017 PM2.5 |   4.08 |   4.34 |   4.43 |   3.44 |I I 
11:46-Sat-May-06-2017 PM10  |   7.77 |   8.06 |  10.61 |   5.18 |I I 
11:46-Sat-May-06-2017 PM2.5 |   4.43 |   4.35 |   4.43 |   3.44 |I I 
11:47-Sat-May-06-2017 PM10  |   5.90 |   7.94 |  10.61 |   5.18 |B I 
11:47-Sat-May-06-2017 PM2.5 |   4.12 |   4.33 |   4.43 |   3.44 |B I 
11:51-Sat-May-06-2017recover dati per host :salvatorehost.no-ip.org/aria
11:51-Sat-May-06-2017 PM10  |   9.42 |   8.02 |  10.61 |   5.18 |I I 
11:51-Sat-May-06-2017 PM2.5 |   4.63 |   4.35 |   4.43 |   3.44 |I I 
11:52-Sat-May-06-2017 PM10  |  12.32 |   8.22 |  10.61 |   5.18 |I I 
11:52-Sat-May-06-2017 PM2.5 |   5.32 |   4.40 |   4.43 |   3.44 |I I 
11:56-Sat-May-06-2017 PM10  |  10.88 |   8.34 |  10.61 |   5.18 |I I 
11:56-Sat-May-06-2017 PM2.5 |   5.39 |   4.44 |   4.43 |   3.44 |I I 
11:57-Sat-May-06-2017 PM10  |  10.78 |   8.45 |  10.61 |   5.18 |I I 
11:57-Sat-May-06-2017 PM2.5 |   4.99 |   4.46 |   4.43 |   3.44 |I I 
12:01-Sat-May-06-2017 PM10  |   9.28 |   8.48 |  10.61 |   5.18 |I I 
12:01-Sat-May-06-2017 PM2.5 |   4.69 |   4.47 |   4.47 |   3.44 |I I 
12:02-Sat-May-06-2017 PM10  |   9.79 |   9.79 |  10.61 |   5.18 |I I 
12:02-Sat-May-06-2017 PM2.5 |   4.43 |   4.43 |   4.47 |   3.44 |I I 
12:06-Sat-May-06-2017 PM10  |  14.06 |  11.93 |  10.61 |   5.18 |I I 
12:06-Sat-May-06-2017 PM2.5 |   5.13 |   4.78 |   4.47 |   3.44 |I I 
12:07-Sat-May-06-2017 PM10  |   7.03 |  10.29 |  10.61 |   5.18 |I I 
12:07-Sat-May-06-2017 PM2.5 |   4.35 |   4.64 |   4.47 |   3.44 |I I 
12:11-Sat-May-06-2017 PM10  |   7.77 |   9.66 |  10.61 |   5.18 |I I 
12:11-Sat-May-06-2017 PM2.5 |   4.27 |   4.54 |   4.47 |   3.44 |I I 
12:12-Sat-May-06-2017 PM10  |   8.24 |   9.38 |  10.61 |   5.18 |I I 
12:12-Sat-May-06-2017 PM2.5 |   4.30 |   4.49 |   4.47 |   3.44 |I I 
12:16-Sat-May-06-2017 PM10  |   8.27 |   9.20 |  10.61 |   5.18 |I I 
12:16-Sat-May-06-2017 PM2.5 |   4.61 |   4.51 |   4.47 |   3.44 |I I 
12:17-Sat-May-06-2017 PM10  |   5.99 |   8.74 |  10.61 |   5.18 |I I 
12:17-Sat-May-06-2017 PM2.5 |   4.34 |   4.49 |   4.47 |   3.44 |I I 
12:21-Sat-May-06-2017 PM10  |   8.07 |   8.65 |  10.61 |   5.18 |I I 
12:21-Sat-May-06-2017 PM2.5 |   4.78 |   4.53 |   4.47 |   3.44 |I I 
12:22-Sat-May-06-2017 PM10  |   7.38 |   8.51 |  10.61 |   5.18 |I I 
12:22-Sat-May-06-2017 PM2.5 |   4.48 |   4.52 |   4.47 |   3.44 |I I 
12:26-Sat-May-06-2017 PM10  |   8.12 |   8.47 |  10.61 |   5.18 |I I 
12:26-Sat-May-06-2017 PM2.5 |   5.01 |   4.57 |   4.47 |   3.44 |I I 
12:27-Sat-May-06-2017 PM10  |   7.66 |   8.40 |  10.61 |   5.18 |I I 
12:27-Sat-May-06-2017 PM2.5 |   4.40 |   4.55 |   4.47 |   3.44 |I I 
12:31-Sat-May-06-2017 PM10  |   9.34 |   8.48 |  10.61 |   5.18 |I I 
12:31-Sat-May-06-2017 PM2.5 |   4.73 |   4.57 |   4.47 |   3.44 |I I 
12:32-Sat-May-06-2017 PM10  |   9.19 |   8.53 |  10.61 |   5.18 |I I 
12:32-Sat-May-06-2017 PM2.5 |   4.60 |   4.57 |   4.47 |   3.44 |I I 
12:36-Sat-May-06-2017 PM10  |   8.32 |   8.52 |  10.61 |   5.18 |I I 
12:36-Sat-May-06-2017 PM2.5 |   4.79 |   4.59 |   4.47 |   3.44 |I I 
12:37-Sat-May-06-2017 PM10  |   9.21 |   8.56 |  10.61 |   5.18 |I I 
12:37-Sat-May-06-2017 PM2.5 |   4.85 |   4.60 |   4.47 |   3.44 |I I 
12:41-Sat-May-06-2017 PM10  |  10.15 |   8.66 |  10.61 |   5.18 |I I 
12:41-Sat-May-06-2017 PM2.5 |   5.24 |   4.64 |   4.47 |   3.44 |I I 
12:42-Sat-May-06-2017 PM10  |   7.98 |   8.62 |  10.61 |   5.18 |I I 
12:42-Sat-May-06-2017 PM2.5 |   4.63 |   4.64 |   4.47 |   3.44 |I I 
12:46-Sat-May-06-2017 PM10  |   8.28 |   8.60 |  10.61 |   5.18 |I I 
12:46-Sat-May-06-2017 PM2.5 |   4.87 |   4.66 |   4.47 |   3.44 |I I 
12:47-Sat-May-06-2017 PM10  |   9.20 |   8.63 |  10.61 |   5.18 |I I 
12:47-Sat-May-06-2017 PM2.5 |   4.66 |   4.66 |   4.47 |   3.44 |I I 
12:52-Sat-May-06-2017 PM10  |   8.88 |   8.65 |  10.61 |   5.18 |B I 
12:52-Sat-May-06-2017 PM2.5 |   5.09 |   4.68 |   4.47 |   3.44 |B I 
12:53-Sat-May-06-2017recover dati per host :salvatorehost.no-ip.org/aria
12:53-Sat-May-06-2017 PM10  |  10.88 |   8.75 |  10.61 |   5.18 |I I 
12:53-Sat-May-06-2017 PM2.5 |   5.38 |   4.71 |   4.47 |   3.44 |I I 
12:57-Sat-May-06-2017 PM10  |   9.40 |   8.78 |  10.61 |   5.18 |I I 
12:57-Sat-May-06-2017 PM2.5 |   5.48 |   4.75 |   4.47 |   3.44 |I I 
12:58-Sat-May-06-2017 PM10  |   7.10 |   8.71 |  10.61 |   5.18 |I I 
12:58-Sat-May-06-2017 PM2.5 |   4.42 |   4.73 |   4.47 |   3.44 |I I 
13:02-Sat-May-06-2017 PM10  |   7.72 |   8.67 |  10.61 |   5.18 |I I 
13:02-Sat-May-06-2017 PM2.5 |   4.67 |   4.73 |   4.73 |   3.44 |I I 
13:03-Sat-May-06-2017 PM10  |  10.91 |  10.91 |  10.61 |   5.18 |I I 
13:03-Sat-May-06-2017 PM2.5 |   4.75 |   4.75 |   4.73 |   3.44 |I I 
13:07-Sat-May-06-2017 PM10  |   7.92 |   9.41 |  10.61 |   5.18 |I I 
13:07-Sat-May-06-2017 PM2.5 |   4.81 |   4.78 |   4.73 |   3.44 |I I 
13:11-Sat-May-06-2017 PM10  |   8.39 |   9.07 |  10.61 |   5.18 |I I 
13:11-Sat-May-06-2017 PM2.5 |   4.91 |   4.82 |   4.73 |   3.44 |I I 
13:12-Sat-May-06-2017 PM10  |   9.84 |   9.27 |  10.61 |   5.18 |I I 
13:12-Sat-May-06-2017 PM2.5 |   4.57 |   4.76 |   4.73 |   3.44 |I I 
13:16-Sat-May-06-2017 PM10  |  11.88 |   9.79 |  10.61 |   5.18 |I I 
13:16-Sat-May-06-2017 PM2.5 |   4.79 |   4.76 |   4.73 |   3.44 |I I 
13:17-Sat-May-06-2017 PM10  |   9.08 |   9.67 |  10.61 |   5.18 |I I 
13:17-Sat-May-06-2017 PM2.5 |   4.27 |   4.68 |   4.73 |   3.44 |I I 
13:21-Sat-May-06-2017 PM10  |   9.26 |   9.61 |  10.61 |   5.18 |I I 
13:21-Sat-May-06-2017 PM2.5 |   4.65 |   4.68 |   4.73 |   3.44 |I I 
13:22-Sat-May-06-2017 PM10  |   7.58 |   9.36 |  10.61 |   5.18 |I I 
13:22-Sat-May-06-2017 PM2.5 |   4.69 |   4.68 |   4.73 |   3.44 |I I 
13:26-Sat-May-06-2017 PM10  |   8.23 |   9.23 |  10.61 |   5.18 |I I 
13:26-Sat-May-06-2017 PM2.5 |   4.81 |   4.69 |   4.73 |   3.44 |I I 
13:27-Sat-May-06-2017 PM10  |   7.83 |   9.09 |  10.61 |   5.18 |I I 
13:27-Sat-May-06-2017 PM2.5 |   4.00 |   4.62 |   4.73 |   3.44 |I I 
13:31-Sat-May-06-2017 PM10  |   7.59 |   8.96 |  10.61 |   5.18 |I I 
13:31-Sat-May-06-2017 PM2.5 |   4.16 |   4.58 |   4.73 |   3.44 |I I 
13:32-Sat-May-06-2017 PM10  |   7.09 |   8.80 |  10.61 |   5.18 |I I 
13:32-Sat-May-06-2017 PM2.5 |   4.28 |   4.56 |   4.73 |   3.44 |I I 
13:36-Sat-May-06-2017 PM10  |   8.27 |   8.76 |  10.61 |   5.18 |I I 
13:36-Sat-May-06-2017 PM2.5 |   4.35 |   4.54 |   4.73 |   3.44 |I I 
13:37-Sat-May-06-2017 PM10  |   8.27 |   8.72 |  10.61 |   5.18 |I I 
13:37-Sat-May-06-2017 PM2.5 |   4.00 |   4.50 |   4.73 |   3.44 |I I 
13:41-Sat-May-06-2017 PM10  |   8.24 |   8.69 |  10.61 |   5.18 |I I 
13:41-Sat-May-06-2017 PM2.5 |   4.48 |   4.50 |   4.73 |   3.44 |I I 
13:42-Sat-May-06-2017 PM10  |  11.44 |   8.86 |  10.61 |   5.18 |I I 
13:42-Sat-May-06-2017 PM2.5 |   4.20 |   4.48 |   4.73 |   3.44 |I I 
13:46-Sat-May-06-2017 PM10  |   8.96 |   8.87 |  10.61 |   5.18 |I I 
13:46-Sat-May-06-2017 PM2.5 |   4.56 |   4.49 |   4.73 |   3.44 |I I 
13:47-Sat-May-06-2017 PM10  |  10.00 |   8.93 |  10.61 |   5.18 |I I 
13:47-Sat-May-06-2017 PM2.5 |   4.32 |   4.48 |   4.73 |   3.44 |I I 
13:51-Sat-May-06-2017 PM10  |  10.59 |   9.02 |  10.61 |   5.18 |I I 
13:51-Sat-May-06-2017 PM2.5 |   4.28 |   4.47 |   4.73 |   3.44 |I I 
13:52-Sat-May-06-2017 PM10  |  11.45 |   9.14 |  10.61 |   5.18 |I I 
13:52-Sat-May-06-2017 PM2.5 |   4.76 |   4.48 |   4.73 |   3.44 |I I 
13:56-Sat-May-06-2017 PM10  |  12.07 |   9.28 |  10.61 |   5.18 |I I 
13:56-Sat-May-06-2017 PM2.5 |   4.85 |   4.50 |   4.73 |   3.44 |I I 
13:57-Sat-May-06-2017 PM10  |  12.78 |   9.44 |  10.61 |   5.18 |I I 
13:57-Sat-May-06-2017 PM2.5 |   4.30 |   4.49 |   4.73 |   3.44 |I I 
14:01-Sat-May-06-2017 PM10  |  10.38 |   9.48 |  10.61 |   5.18 |I I 
14:01-Sat-May-06-2017 PM2.5 |   4.85 |   4.51 |   4.73 |   3.44 |I I 
14:02-Sat-May-06-2017 PM10  |  10.72 |  10.72 |  10.61 |   5.18 |I I 
14:02-Sat-May-06-2017 PM2.5 |   4.68 |   4.68 |   4.73 |   3.44 |I I 
14:06-Sat-May-06-2017 PM10  |   8.75 |   9.73 |  10.61 |   5.18 |I I 
14:06-Sat-May-06-2017 PM2.5 |   4.93 |   4.81 |   4.73 |   3.44 |I I 
14:07-Sat-May-06-2017 PM10  |   8.31 |   9.26 |  10.61 |   5.18 |I I 
14:07-Sat-May-06-2017 PM2.5 |   4.77 |   4.79 |   4.73 |   3.44 |I I 
14:11-Sat-May-06-2017 PM10  |  10.55 |   9.58 |  10.61 |   5.18 |I I 
14:11-Sat-May-06-2017 PM2.5 |   4.93 |   4.83 |   4.73 |   3.44 |I I 
14:12-Sat-May-06-2017 PM10  |   9.71 |   9.61 |  10.61 |   5.18 |I I 
14:12-Sat-May-06-2017 PM2.5 |   4.57 |   4.78 |   4.73 |   3.44 |I I 
14:16-Sat-May-06-2017 PM10  |  11.28 |   9.89 |  10.61 |   5.18 |I I 
14:16-Sat-May-06-2017 PM2.5 |   4.97 |   4.81 |   4.73 |   3.44 |I I 
14:17-Sat-May-06-2017 PM10  |   8.97 |   9.76 |  10.61 |   5.18 |I I 
14:17-Sat-May-06-2017 PM2.5 |   4.64 |   4.79 |   4.73 |   3.44 |I I 
14:21-Sat-May-06-2017 PM10  |   8.13 |   9.55 |  10.61 |   5.18 |I I 
14:21-Sat-May-06-2017 PM2.5 |   4.52 |   4.75 |   4.73 |   3.44 |I I 
14:22-Sat-May-06-2017 PM10  |   8.80 |   9.47 |  10.61 |   5.18 |I I 
14:22-Sat-May-06-2017 PM2.5 |   4.65 |   4.74 |   4.73 |   3.44 |I I 
14:26-Sat-May-06-2017 PM10  |   8.39 |   9.36 |  10.61 |   5.18 |I I 
14:26-Sat-May-06-2017 PM2.5 |   4.41 |   4.71 |   4.73 |   3.44 |I I 
14:27-Sat-May-06-2017 PM10  |   9.32 |   9.36 |  10.61 |   5.18 |I I 
14:27-Sat-May-06-2017 PM2.5 |   4.34 |   4.67 |   4.73 |   3.44 |I I 
14:31-Sat-May-06-2017 PM10  |   9.34 |   9.36 |  10.61 |   5.18 |I I 
14:31-Sat-May-06-2017 PM2.5 |   4.60 |   4.67 |   4.73 |   3.44 |I I 
14:32-Sat-May-06-2017 PM10  |  11.71 |   9.54 |  10.61 |   5.18 |I I 
14:32-Sat-May-06-2017 PM2.5 |   4.34 |   4.64 |   4.73 |   3.44 |I I 
14:36-Sat-May-06-2017 PM10  |  10.68 |   9.62 |  10.61 |   5.18 |I I 
14:36-Sat-May-06-2017 PM2.5 |   4.62 |   4.64 |   4.73 |   3.44 |I I 
14:37-Sat-May-06-2017 PM10  |   7.42 |   9.47 |  10.61 |   5.18 |I I 
14:37-Sat-May-06-2017 PM2.5 |   4.21 |   4.61 |   4.73 |   3.44 |I I 
14:41-Sat-May-06-2017 PM10  |   9.08 |   9.45 |  10.61 |   5.18 |I I 
14:41-Sat-May-06-2017 PM2.5 |   4.60 |   4.61 |   4.73 |   3.44 |I I 
14:42-Sat-May-06-2017 PM10  |   7.99 |   9.36 |  10.61 |   5.18 |I I 
14:42-Sat-May-06-2017 PM2.5 |   4.20 |   4.59 |   4.73 |   3.44 |I I 
14:46-Sat-May-06-2017 PM10  |  12.17 |   9.52 |  10.61 |   5.18 |I I 
14:46-Sat-May-06-2017 PM2.5 |   4.89 |   4.60 |   4.73 |   3.44 |I I 
14:47-Sat-May-06-2017 PM10  |   9.51 |   9.52 |  10.61 |   5.18 |I I 
14:47-Sat-May-06-2017 PM2.5 |   4.16 |   4.58 |   4.73 |   3.44 |I I 
14:51-Sat-May-06-2017 PM10  |  11.94 |   9.64 |  10.61 |   5.18 |I I 
14:51-Sat-May-06-2017 PM2.5 |   4.49 |   4.58 |   4.73 |   3.44 |I I 
14:52-Sat-May-06-2017 PM10  |   8.93 |   9.61 |  10.61 |   5.18 |I I 
14:52-Sat-May-06-2017 PM2.5 |   4.62 |   4.58 |   4.73 |   3.44 |I I 
14:57-Sat-May-06-2017 PM10  |  10.87 |   9.66 |  10.61 |   5.18 |I I 
14:57-Sat-May-06-2017 PM2.5 |   4.93 |   4.59 |   4.73 |   3.44 |I I 
14:58-Sat-May-06-2017 PM10  |   8.04 |   9.59 |  10.61 |   5.18 |I I 
14:58-Sat-May-06-2017 PM2.5 |   4.75 |   4.60 |   4.73 |   3.44 |I I 
15:02-Sat-May-06-2017 PM10  |   8.99 |   9.57 |  10.61 |   5.18 |I I 
15:02-Sat-May-06-2017 PM2.5 |   5.24 |   4.63 |   4.73 |   3.44 |I I 
15:03-Sat-May-06-2017 PM10  |   9.12 |   9.12 |  10.61 |   5.18 |I I 
15:03-Sat-May-06-2017 PM2.5 |   5.16 |   5.16 |   4.73 |   3.44 |I I 
15:07-Sat-May-06-2017 PM10  |   9.98 |   9.55 |  10.61 |   5.18 |I I 
15:07-Sat-May-06-2017 PM2.5 |   4.93 |   5.04 |   4.73 |   3.44 |I I 
15:08-Sat-May-06-2017 PM10  |   9.10 |   9.40 |  10.61 |   5.18 |I I 
15:08-Sat-May-06-2017 PM2.5 |   4.83 |   4.97 |   4.73 |   3.44 |I I 
15:12-Sat-May-06-2017 PM10  |   9.39 |   9.40 |  10.61 |   5.18 |I I 
15:12-Sat-May-06-2017 PM2.5 |   5.31 |   5.06 |   4.73 |   3.44 |I I 
15:13-Sat-May-06-2017 PM10  |   8.59 |   9.24 |  10.61 |   5.18 |I I 
15:13-Sat-May-06-2017 PM2.5 |   4.06 |   4.86 |   4.73 |   3.44 |I I 
15:17-Sat-May-06-2017 PM10  |   8.76 |   9.16 |  10.61 |   5.18 |I I 
15:17-Sat-May-06-2017 PM2.5 |   4.65 |   4.82 |   4.73 |   3.44 |I I 
15:18-Sat-May-06-2017 PM10  |   7.08 |   8.86 |  10.61 |   5.18 |I I 
15:18-Sat-May-06-2017 PM2.5 |   4.43 |   4.77 |   4.73 |   3.44 |I I 
15:22-Sat-May-06-2017 PM10  |  10.22 |   9.03 |  10.61 |   5.18 |I I 
15:22-Sat-May-06-2017 PM2.5 |   4.71 |   4.76 |   4.73 |   3.44 |I I 
15:26-Sat-May-06-2017 PM10  |   8.93 |   9.02 |  10.61 |   5.18 |I I 
15:26-Sat-May-06-2017 PM2.5 |   4.92 |   4.78 |   4.73 |   3.44 |I I 
15:27-Sat-May-06-2017 PM10  |   8.40 |   8.96 |  10.61 |   5.18 |I I 
15:27-Sat-May-06-2017 PM2.5 |   4.42 |   4.74 |   4.73 |   3.44 |I I 
15:31-Sat-May-06-2017 PM10  |   8.63 |   8.93 |  10.61 |   5.18 |I I 
15:31-Sat-May-06-2017 PM2.5 |   4.60 |   4.73 |   4.73 |   3.44 |I I 
15:32-Sat-May-06-2017 PM10  |   6.39 |   8.72 |  10.61 |   5.18 |I I 
15:32-Sat-May-06-2017 PM2.5 |   4.06 |   4.67 |   4.73 |   3.44 |I I 
15:36-Sat-May-06-2017 PM10  |   7.90 |   8.65 |  10.61 |   5.18 |I I 
15:36-Sat-May-06-2017 PM2.5 |   4.40 |   4.65 |   4.73 |   3.44 |I I 
15:37-Sat-May-06-2017 PM10  |   8.10 |   8.61 |  10.61 |   5.18 |I I 
15:37-Sat-May-06-2017 PM2.5 |   4.62 |   4.65 |   4.73 |   3.44 |I I 
15:41-Sat-May-06-2017 PM10  |   7.61 |   8.55 |  10.61 |   5.18 |I I 
15:41-Sat-May-06-2017 PM2.5 |   4.65 |   4.65 |   4.73 |   3.44 |I I 
15:42-Sat-May-06-2017 PM10  |   6.80 |   8.44 |  10.61 |   5.18 |I I 
15:42-Sat-May-06-2017 PM2.5 |   4.21 |   4.62 |   4.73 |   3.44 |I I 
15:46-Sat-May-06-2017 PM10  |   9.34 |   8.49 |  10.61 |   5.18 |I I 
15:46-Sat-May-06-2017 PM2.5 |   4.49 |   4.61 |   4.73 |   3.44 |I I 
15:47-Sat-May-06-2017 PM10  |   8.61 |   8.50 |  10.61 |   5.18 |I I 
15:47-Sat-May-06-2017 PM2.5 |   4.44 |   4.60 |   4.73 |   3.44 |I I 
15:51-Sat-May-06-2017 PM10  |   8.79 |   8.51 |  10.61 |   5.18 |I I 
15:51-Sat-May-06-2017 PM2.5 |   4.33 |   4.59 |   4.73 |   3.44 |I I 
15:52-Sat-May-06-2017 PM10  |   7.47 |   8.46 |  10.61 |   5.18 |I I 
15:52-Sat-May-06-2017 PM2.5 |   4.46 |   4.58 |   4.73 |   3.44 |I I 
15:56-Sat-May-06-2017 PM10  |   9.50 |   8.51 |  10.61 |   5.18 |I I 
15:56-Sat-May-06-2017 PM2.5 |   4.51 |   4.58 |   4.73 |   3.44 |I I 
15:57-Sat-May-06-2017 PM10  |   7.63 |   8.47 |  10.61 |   5.18 |I I 
15:57-Sat-May-06-2017 PM2.5 |   4.20 |   4.56 |   4.73 |   3.44 |I I 
16:01-Sat-May-06-2017 PM10  |   7.80 |   8.44 |  10.61 |   5.18 |I I 
16:01-Sat-May-06-2017 PM2.5 |   4.63 |   4.57 |   4.73 |   3.44 |I I 
16:02-Sat-May-06-2017 PM10  |   7.16 |   7.16 |  10.61 |   5.18 |I I 
16:02-Sat-May-06-2017 PM2.5 |   4.25 |   4.25 |   4.73 |   3.44 |I I 
16:06-Sat-May-06-2017 PM10  |   7.77 |   7.46 |  10.61 |   5.18 |I I 
16:06-Sat-May-06-2017 PM2.5 |   4.58 |   4.42 |   4.73 |   3.44 |I I 
16:07-Sat-May-06-2017 PM10  |   7.44 |   7.45 |  10.61 |   5.18 |I I 
16:07-Sat-May-06-2017 PM2.5 |   4.66 |   4.50 |   4.73 |   3.44 |I I 
16:11-Sat-May-06-2017 PM10  |   7.33 |   7.42 |  10.61 |   5.18 |I I 
16:11-Sat-May-06-2017 PM2.5 |   4.48 |   4.49 |   4.73 |   3.44 |I I 
16:12-Sat-May-06-2017 PM10  |   7.87 |   7.51 |  10.61 |   5.18 |I I 
16:12-Sat-May-06-2017 PM2.5 |   4.33 |   4.46 |   4.73 |   3.44 |I I 
16:16-Sat-May-06-2017 PM10  |   8.56 |   7.69 |  10.61 |   5.18 |I I 
16:16-Sat-May-06-2017 PM2.5 |   4.77 |   4.51 |   4.73 |   3.44 |I I 
16:17-Sat-May-06-2017 PM10  |   7.47 |   7.66 |  10.61 |   5.18 |I I 
16:17-Sat-May-06-2017 PM2.5 |   4.79 |   4.55 |   4.73 |   3.44 |I I 
16:21-Sat-May-06-2017 PM10  |  10.07 |   7.96 |  10.61 |   5.18 |I I 
16:21-Sat-May-06-2017 PM2.5 |   4.96 |   4.60 |   4.73 |   3.44 |I I 
16:22-Sat-May-06-2017 PM10  |  10.24 |   8.21 |  10.61 |   5.18 |I I 
16:22-Sat-May-06-2017 PM2.5 |   4.68 |   4.61 |   4.73 |   3.44 |I I 
16:26-Sat-May-06-2017 PM10  |   8.41 |   8.23 |  10.61 |   5.18 |I I 
16:26-Sat-May-06-2017 PM2.5 |   4.87 |   4.64 |   4.73 |   3.44 |I I 
16:27-Sat-May-06-2017 PM10  |   9.33 |   8.33 |  10.61 |   5.18 |I I 
16:27-Sat-May-06-2017 PM2.5 |   4.28 |   4.61 |   4.73 |   3.44 |I I 
16:31-Sat-May-06-2017 PM10  |   9.86 |   8.46 |  10.61 |   5.18 |I I 
16:31-Sat-May-06-2017 PM2.5 |   4.88 |   4.63 |   4.73 |   3.44 |I I 
16:32-Sat-May-06-2017 PM10  |   7.77 |   8.40 |  10.61 |   5.18 |I I 
16:32-Sat-May-06-2017 PM2.5 |   4.45 |   4.61 |   4.73 |   3.44 |I I 
16:36-Sat-May-06-2017 PM10  |   7.94 |   8.37 |  10.61 |   5.18 |I I 
16:36-Sat-May-06-2017 PM2.5 |   4.81 |   4.63 |   4.73 |   3.44 |I I 
16:37-Sat-May-06-2017 PM10  |   8.31 |   8.37 |  10.61 |   5.18 |I I 
16:37-Sat-May-06-2017 PM2.5 |   4.46 |   4.62 |   4.73 |   3.44 |I I 
16:41-Sat-May-06-2017 PM10  |   8.35 |   8.37 |  10.61 |   5.18 |I I 
16:41-Sat-May-06-2017 PM2.5 |   4.94 |   4.64 |   4.73 |   3.44 |I I 
16:42-Sat-May-06-2017 PM10  |   6.73 |   8.27 |  10.61 |   5.18 |I I 
16:42-Sat-May-06-2017 PM2.5 |   4.54 |   4.63 |   4.73 |   3.44 |I I 
16:47-Sat-May-06-2017 PM10  |  10.71 |   8.41 |  10.61 |   5.18 |I I 
16:47-Sat-May-06-2017 PM2.5 |   5.40 |   4.68 |   4.73 |   3.44 |I I 
16:48-Sat-May-06-2017 PM10  |  10.63 |   8.52 |  10.61 |   5.18 |I I 
16:48-Sat-May-06-2017 PM2.5 |   4.91 |   4.69 |   4.73 |   3.44 |I I 
16:52-Sat-May-06-2017 PM10  |   7.55 |   8.48 |  10.61 |   5.18 |I I 
16:52-Sat-May-06-2017 PM2.5 |   4.77 |   4.69 |   4.73 |   3.44 |I I 
16:53-Sat-May-06-2017 PM10  |  11.27 |   8.61 |  10.61 |   5.18 |I I 
16:53-Sat-May-06-2017 PM2.5 |   4.96 |   4.70 |   4.73 |   3.44 |I I 
16:57-Sat-May-06-2017 PM10  |   8.39 |   8.60 |  10.61 |   5.18 |I I 
16:57-Sat-May-06-2017 PM2.5 |   4.76 |   4.71 |   4.73 |   3.44 |I I 
16:58-Sat-May-06-2017 PM10  |   8.48 |   8.59 |  10.61 |   5.18 |I I 
16:58-Sat-May-06-2017 PM2.5 |   4.43 |   4.69 |   4.73 |   3.44 |I I 
17:02-Sat-May-06-2017 PM10  |   7.80 |   8.56 |  10.61 |   5.18 |I I 
17:02-Sat-May-06-2017 PM2.5 |   4.87 |   4.70 |   4.73 |   3.44 |I I 
17:03-Sat-May-06-2017 PM10  |   9.75 |   9.75 |  10.61 |   5.18 |I I 
17:03-Sat-May-06-2017 PM2.5 |   4.84 |   4.84 |   4.73 |   3.44 |I I 
17:07-Sat-May-06-2017 PM10  |  10.05 |   9.90 |  10.61 |   5.18 |I I 
17:07-Sat-May-06-2017 PM2.5 |   5.11 |   4.97 |   4.73 |   3.44 |I I 
17:08-Sat-May-06-2017 PM10  |   9.03 |   9.61 |  10.61 |   5.18 |I I 
17:08-Sat-May-06-2017 PM2.5 |   4.71 |   4.89 |   4.73 |   3.44 |I I 
17:12-Sat-May-06-2017 PM10  |   7.06 |   8.97 |  10.61 |   5.18 |I I 
17:12-Sat-May-06-2017 PM2.5 |   4.91 |   4.89 |   4.73 |   3.44 |I I 
17:13-Sat-May-06-2017 PM10  |   7.31 |   8.64 |  10.61 |   5.18 |I I 
17:13-Sat-May-06-2017 PM2.5 |   4.69 |   4.85 |   4.73 |   3.44 |I I 
17:17-Sat-May-06-2017 PM10  |   8.81 |   8.67 |  10.61 |   5.18 |I I 
17:17-Sat-May-06-2017 PM2.5 |   5.08 |   4.89 |   4.73 |   3.44 |I I 
17:18-Sat-May-06-2017 PM10  |   7.38 |   8.48 |  10.61 |   5.18 |I I 
17:18-Sat-May-06-2017 PM2.5 |   4.41 |   4.82 |   4.73 |   3.44 |I I 
17:22-Sat-May-06-2017 PM10  |   8.91 |   8.54 |  10.61 |   5.18 |I I 
17:22-Sat-May-06-2017 PM2.5 |   4.62 |   4.80 |   4.73 |   3.44 |I I 
17:23-Sat-May-06-2017 PM10  |   8.85 |   8.57 |  10.61 |   5.18 |I I 
17:23-Sat-May-06-2017 PM2.5 |   4.82 |   4.80 |   4.73 |   3.44 |I I 
17:27-Sat-May-06-2017 PM10  |   8.34 |   8.55 |  10.61 |   5.18 |I I 
17:27-Sat-May-06-2017 PM2.5 |   4.55 |   4.78 |   4.73 |   3.44 |I I 
17:28-Sat-May-06-2017 PM10  |   8.37 |   8.53 |  10.61 |   5.18 |I I 
17:28-Sat-May-06-2017 PM2.5 |   4.75 |   4.77 |   4.73 |   3.44 |I I 
17:32-Sat-May-06-2017 PM10  |   7.37 |   8.43 |  10.61 |   5.18 |I I 
17:32-Sat-May-06-2017 PM2.5 |   4.81 |   4.78 |   4.73 |   3.44 |I I 
17:33-Sat-May-06-2017 PM10  |   6.40 |   8.28 |  10.61 |   5.18 |I I 
17:33-Sat-May-06-2017 PM2.5 |   4.34 |   4.74 |   4.73 |   3.44 |I I 
17:37-Sat-May-06-2017 PM10  |   9.88 |   8.39 |  10.61 |   5.18 |I I 
17:37-Sat-May-06-2017 PM2.5 |   4.97 |   4.76 |   4.73 |   3.44 |I I 
17:38-Sat-May-06-2017 PM10  |   7.75 |   8.35 |  10.61 |   5.18 |I I 
17:38-Sat-May-06-2017 PM2.5 |   4.46 |   4.74 |   4.73 |   3.44 |I I 
17:42-Sat-May-06-2017 PM10  |   7.88 |   8.32 |  10.61 |   5.18 |I I 
17:42-Sat-May-06-2017 PM2.5 |   4.59 |   4.73 |   4.73 |   3.44 |I I 
17:43-Sat-May-06-2017 PM10  |   7.35 |   8.26 |  10.61 |   5.18 |I I 
17:43-Sat-May-06-2017 PM2.5 |   4.62 |   4.72 |   4.73 |   3.44 |I I 
17:47-Sat-May-06-2017 PM10  |   6.63 |   8.17 |  10.61 |   5.18 |I I 
17:47-Sat-May-06-2017 PM2.5 |   4.46 |   4.71 |   4.73 |   3.44 |I I 
17:48-Sat-May-06-2017 PM10  |   8.38 |   8.18 |  10.61 |   5.18 |I I 
17:48-Sat-May-06-2017 PM2.5 |   4.07 |   4.67 |   4.73 |   3.44 |I I 
17:52-Sat-May-06-2017 PM10  |   8.44 |   8.20 |  10.61 |   5.18 |I I 
17:52-Sat-May-06-2017 PM2.5 |   4.48 |   4.66 |   4.73 |   3.44 |I I 
17:53-Sat-May-06-2017 PM10  |   7.37 |   8.16 |  10.61 |   5.18 |I I 
17:53-Sat-May-06-2017 PM2.5 |   4.27 |   4.65 |   4.73 |   3.44 |I I 
17:56-Sat-May-06-2017 PM10  |   8.67 |   8.18 |  10.61 |   5.18 |I I 
17:56-Sat-May-06-2017 PM2.5 |   4.70 |   4.65 |   4.73 |   3.44 |I I 
17:57-Sat-May-06-2017 PM10  |   6.39 |   8.10 |  10.61 |   5.18 |I I 
17:57-Sat-May-06-2017 PM2.5 |   4.01 |   4.62 |   4.73 |   3.44 |I I 
18:01-Sat-May-06-2017 PM10  |   8.11 |   8.10 |  10.61 |   5.18 |I I 
18:01-Sat-May-06-2017 PM2.5 |   4.23 |   4.60 |   4.73 |   3.44 |I I 
18:02-Sat-May-06-2017 PM10  |   6.40 |   6.40 |  10.61 |   5.18 |I I 
18:02-Sat-May-06-2017 PM2.5 |   4.13 |   4.13 |   4.73 |   3.44 |I I 
18:06-Sat-May-06-2017 PM10  |   7.17 |   6.79 |  10.61 |   5.18 |I I 
18:06-Sat-May-06-2017 PM2.5 |   4.24 |   4.19 |   4.73 |   3.44 |I I 
18:07-Sat-May-06-2017 PM10  |   7.15 |   6.91 |  10.61 |   5.18 |I I 
18:07-Sat-May-06-2017 PM2.5 |   4.06 |   4.15 |   4.73 |   3.44 |I I 
18:11-Sat-May-06-2017 PM10  |   7.92 |   7.16 |  10.61 |   5.18 |I I 
18:11-Sat-May-06-2017 PM2.5 |   4.85 |   4.32 |   4.73 |   3.44 |I I 
18:12-Sat-May-06-2017 PM10  |   9.60 |   7.65 |  10.61 |   5.18 |I I 
18:12-Sat-May-06-2017 PM2.5 |   4.30 |   4.32 |   4.73 |   3.44 |I I 
18:16-Sat-May-06-2017 PM10  |   7.45 |   7.62 |  10.61 |   5.18 |I I 
18:16-Sat-May-06-2017 PM2.5 |   4.50 |   4.35 |   4.73 |   3.44 |I I 
18:17-Sat-May-06-2017 PM10  |   6.51 |   7.46 |  10.61 |   5.18 |I I 
18:17-Sat-May-06-2017 PM2.5 |   4.06 |   4.31 |   4.73 |   3.44 |I I 
18:21-Sat-May-06-2017 PM10  |   6.32 |   7.31 |  10.61 |   5.18 |I I 
18:21-Sat-May-06-2017 PM2.5 |   4.29 |   4.30 |   4.73 |   3.44 |I I 
18:22-Sat-May-06-2017 PM10  |   6.75 |   7.25 |  10.61 |   5.18 |I I 
18:22-Sat-May-06-2017 PM2.5 |   4.10 |   4.28 |   4.73 |   3.44 |I I 
18:26-Sat-May-06-2017 PM10  |   9.83 |   7.51 |  10.61 |   5.18 |I I 
18:26-Sat-May-06-2017 PM2.5 |   4.46 |   4.30 |   4.73 |   3.44 |I I 
18:27-Sat-May-06-2017 PM10  |   7.57 |   7.51 |  10.61 |   5.18 |I I 
18:27-Sat-May-06-2017 PM2.5 |   4.32 |   4.30 |   4.73 |   3.44 |I I 
18:31-Sat-May-06-2017 PM10  |  10.15 |   7.73 |  10.61 |   5.18 |I I 
18:31-Sat-May-06-2017 PM2.5 |   4.92 |   4.35 |   4.73 |   3.44 |I I 
18:32-Sat-May-06-2017 PM10  |   8.90 |   7.82 |  10.61 |   5.18 |I I 
18:32-Sat-May-06-2017 PM2.5 |   4.66 |   4.38 |   4.73 |   3.44 |I I 
18:36-Sat-May-06-2017 PM10  |  11.22 |   8.07 |  10.61 |   5.18 |I I 
18:36-Sat-May-06-2017 PM2.5 |   4.91 |   4.42 |   4.73 |   3.44 |I I 
18:37-Sat-May-06-2017 PM10  |  10.19 |   8.21 |  10.61 |   5.18 |I I 
18:37-Sat-May-06-2017 PM2.5 |   5.29 |   4.47 |   4.73 |   3.44 |I I 
18:41-Sat-May-06-2017 PM10  |  10.91 |   8.38 |  10.61 |   5.18 |I I 
18:41-Sat-May-06-2017 PM2.5 |   5.27 |   4.52 |   4.73 |   3.44 |I I 
18:42-Sat-May-06-2017 PM10  |  11.83 |   8.58 |  10.61 |   5.18 |I I 
18:42-Sat-May-06-2017 PM2.5 |   5.00 |   4.55 |   4.73 |   3.44 |I I 
18:46-Sat-May-06-2017 PM10  |  11.82 |   8.76 |  10.61 |   5.18 |I I 
18:46-Sat-May-06-2017 PM2.5 |   5.24 |   4.59 |   4.73 |   3.44 |I I 
18:47-Sat-May-06-2017 PM10  |  11.66 |   8.91 |  10.61 |   5.18 |I I 
18:47-Sat-May-06-2017 PM2.5 |   5.28 |   4.63 |   4.73 |   3.44 |I I 
18:51-Sat-May-06-2017 PM10  |  18.11 |   9.37 |  10.61 |   5.18 |I I 
18:51-Sat-May-06-2017 PM2.5 |   6.02 |   4.70 |   4.73 |   3.44 |I I 
18:52-Sat-May-06-2017 PM10  |  13.96 |   9.59 |  10.61 |   5.18 |I I 
18:52-Sat-May-06-2017 PM2.5 |   5.41 |   4.73 |   4.73 |   3.44 |I I 
18:56-Sat-May-06-2017 PM10  |  13.71 |   9.78 |  10.61 |   5.18 |I I 
18:56-Sat-May-06-2017 PM2.5 |   5.63 |   4.77 |   4.73 |   3.44 |I I 
18:57-Sat-May-06-2017 PM10  |  10.31 |   9.80 |  10.61 |   5.18 |I I 
18:57-Sat-May-06-2017 PM2.5 |   4.76 |   4.77 |   4.73 |   3.44 |I I 
19:01-Sat-May-06-2017 PM10  |  16.32 |  10.07 |  10.61 |   5.18 |I I 
19:01-Sat-May-06-2017 PM2.5 |   5.69 |   4.81 |   4.81 |   3.44 |I I 
19:02-Sat-May-06-2017 PM10  |  14.70 |  14.70 |  10.61 |   5.18 |I I 
19:02-Sat-May-06-2017 PM2.5 |   5.11 |   5.11 |   4.81 |   3.44 |I I 
19:06-Sat-May-06-2017 PM10  |  10.79 |  12.74 |  10.61 |   5.18 |I I 
19:06-Sat-May-06-2017 PM2.5 |   5.45 |   5.28 |   4.81 |   3.44 |I I 
19:07-Sat-May-06-2017 PM10  |  14.17 |  13.22 |  10.61 |   5.18 |I I 
19:07-Sat-May-06-2017 PM2.5 |   5.56 |   5.37 |   4.81 |   3.44 |I I 
19:11-Sat-May-06-2017 PM10  |  14.35 |  13.50 |  10.61 |   5.18 |I I 
19:11-Sat-May-06-2017 PM2.5 |   5.29 |   5.35 |   4.81 |   3.44 |I I 
19:12-Sat-May-06-2017 PM10  |  12.78 |  13.36 |  10.61 |   5.18 |I I 
19:12-Sat-May-06-2017 PM2.5 |   5.23 |   5.33 |   4.81 |   3.44 |I I 
19:16-Sat-May-06-2017 PM10  |  14.12 |  13.49 |  10.61 |   5.18 |I I 
19:16-Sat-May-06-2017 PM2.5 |   5.23 |   5.31 |   4.81 |   3.44 |I I 
19:17-Sat-May-06-2017 PM10  |  15.59 |  13.79 |  10.61 |   5.18 |I I 
19:17-Sat-May-06-2017 PM2.5 |   5.29 |   5.31 |   4.81 |   3.44 |I I 
19:21-Sat-May-06-2017 PM10  |  14.38 |  13.86 |  10.61 |   5.18 |I I 
19:21-Sat-May-06-2017 PM2.5 |   5.39 |   5.32 |   4.81 |   3.44 |I I 
19:22-Sat-May-06-2017 PM10  |  13.62 |  13.83 |  10.61 |   5.18 |I I 
19:22-Sat-May-06-2017 PM2.5 |   5.45 |   5.33 |   4.81 |   3.44 |I I 
19:27-Sat-May-06-2017 PM10  |  13.36 |  13.79 |  10.61 |   5.18 |I I 
19:27-Sat-May-06-2017 PM2.5 |   5.44 |   5.34 |   4.81 |   3.44 |I I 
19:28-Sat-May-06-2017 PM10  |  19.48 |  14.30 |  10.61 |   5.18 |I I 
19:28-Sat-May-06-2017 PM2.5 |   6.30 |   5.43 |   4.81 |   3.44 |I I 
19:32-Sat-May-06-2017Timeout Event handler
19:32-Sat-May-06-2017 PM10  |  17.45 |  14.57 |  10.61 |   5.18 |B I 
19:32-Sat-May-06-2017 PM2.5 |   6.26 |   5.50 |   4.81 |   3.44 |B I 
19:33-Sat-May-06-2017recover dati per host :salvatorehost.no-ip.org/aria
19:33-Sat-May-06-2017 PM10  |  17.37 |  14.78 |  10.61 |   5.18 |I I 
19:33-Sat-May-06-2017 PM2.5 |   6.13 |   5.55 |   4.81 |   3.44 |I I 
19:37-Sat-May-06-2017 PM10  |  16.31 |  14.89 |  10.61 |   5.18 |I I 
19:37-Sat-May-06-2017 PM2.5 |   6.68 |   5.63 |   4.81 |   3.44 |I I 
19:38-Sat-May-06-2017 PM10  |  19.50 |  15.20 |  10.61 |   5.18 |I I 
19:38-Sat-May-06-2017 PM2.5 |   6.77 |   5.70 |   4.81 |   3.44 |I I 
19:42-Sat-May-06-2017 PM10  |  22.65 |  15.66 |  10.61 |   5.18 |I I 
19:42-Sat-May-06-2017 PM2.5 |   6.85 |   5.78 |   4.81 |   3.44 |I I 
19:43-Sat-May-06-2017 PM10  |  21.85 |  16.03 |  10.61 |   5.18 |I I 
19:43-Sat-May-06-2017 PM2.5 |   6.55 |   5.82 |   4.81 |   3.44 |I I 
19:47-Sat-May-06-2017 PM10  |  18.02 |  16.14 |  10.61 |   5.18 |I I 
19:47-Sat-May-06-2017 PM2.5 |   6.84 |   5.88 |   4.81 |   3.44 |I I 
19:48-Sat-May-06-2017 PM10  |  20.42 |  16.36 |  10.61 |   5.18 |I I 
19:48-Sat-May-06-2017 PM2.5 |   6.73 |   5.92 |   4.81 |   3.44 |I I 
19:52-Sat-May-06-2017 PM10  |  24.52 |  16.77 |  10.61 |   5.18 |I I 
19:52-Sat-May-06-2017 PM2.5 |   7.92 |   6.02 |   4.81 |   3.44 |I I 
19:53-Sat-May-06-2017 PM10  |  18.69 |  16.86 |  10.61 |   5.18 |I I 
19:53-Sat-May-06-2017 PM2.5 |   7.00 |   6.07 |   4.81 |   3.44 |I I 
19:57-Sat-May-06-2017 PM10  |  20.00 |  17.01 |  10.61 |   5.18 |I I 
19:57-Sat-May-06-2017 PM2.5 |   7.34 |   6.13 |   4.81 |   3.44 |I I 
19:58-Sat-May-06-2017 PM10  |  19.64 |  17.12 |  10.61 |   5.18 |I I 
19:58-Sat-May-06-2017 PM2.5 |   7.02 |   6.17 |   4.81 |   3.44 |I I 
20:02-Sat-May-06-2017 PM10  |  20.24 |  17.25 |  17.25 |   5.18 |I I 
20:02-Sat-May-06-2017 PM2.5 |   7.28 |   6.21 |   6.21 |   3.44 |I I 
20:03-Sat-May-06-2017 PM10  |  17.51 |  17.51 |  17.25 |   5.18 |I I 
20:03-Sat-May-06-2017 PM2.5 |   6.34 |   6.34 |   6.21 |   3.44 |I I 
20:07-Sat-May-06-2017 PM10  |  18.70 |  18.11 |  17.25 |   5.18 |I I 
20:07-Sat-May-06-2017 PM2.5 |   6.60 |   6.47 |   6.21 |   3.44 |I I 
20:08-Sat-May-06-2017 PM10  |  15.23 |  17.15 |  17.25 |   5.18 |I I 
20:08-Sat-May-06-2017 PM2.5 |   6.28 |   6.41 |   6.21 |   3.44 |I I 
20:12-Sat-May-06-2017 PM10  |  17.64 |  17.27 |  17.25 |   5.18 |I I 
20:12-Sat-May-06-2017 PM2.5 |   6.48 |   6.43 |   6.21 |   3.44 |I I 
20:13-Sat-May-06-2017 PM10  |  13.69 |  16.56 |  17.25 |   5.18 |I I 
20:13-Sat-May-06-2017 PM2.5 |   5.88 |   6.32 |   6.21 |   3.44 |I I 
20:17-Sat-May-06-2017 PM10  |  19.58 |  17.06 |  17.25 |   5.18 |I I 
20:17-Sat-May-06-2017 PM2.5 |   7.05 |   6.44 |   6.21 |   3.44 |I I 
20:18-Sat-May-06-2017 PM10  |  16.76 |  17.02 |  17.25 |   5.18 |I I 
20:18-Sat-May-06-2017 PM2.5 |   6.78 |   6.49 |   6.21 |   3.44 |I I 
20:22-Sat-May-06-2017 PM10  |  16.86 |  17.00 |  17.25 |   5.18 |I I 
20:22-Sat-May-06-2017 PM2.5 |   7.18 |   6.58 |   6.21 |   3.44 |I I 
20:23-Sat-May-06-2017 PM10  |  18.25 |  17.14 |  17.25 |   5.18 |I I 
20:23-Sat-May-06-2017 PM2.5 |   6.47 |   6.56 |   6.21 |   3.44 |I I 
20:27-Sat-May-06-2017 PM10  |  20.23 |  17.45 |  17.25 |   5.18 |I I 
20:27-Sat-May-06-2017 PM2.5 |   7.00 |   6.61 |   6.21 |   3.44 |I I 
20:28-Sat-May-06-2017 PM10  |  16.19 |  17.33 |  17.25 |   5.18 |I I 
20:28-Sat-May-06-2017 PM2.5 |   6.52 |   6.60 |   6.21 |   3.44 |I I 
20:32-Sat-May-06-2017 PM10  |  17.12 |  17.31 |  17.25 |   5.18 |I I 
20:32-Sat-May-06-2017 PM2.5 |   6.67 |   6.60 |   6.21 |   3.44 |I I 
20:33-Sat-May-06-2017 PM10  |  14.98 |  17.13 |  17.25 |   5.18 |I I 
20:33-Sat-May-06-2017 PM2.5 |   6.37 |   6.59 |   6.21 |   3.44 |I I 
20:37-Sat-May-06-2017 PM10  |  16.79 |  17.11 |  17.25 |   5.18 |I I 
20:37-Sat-May-06-2017 PM2.5 |   6.71 |   6.60 |   6.21 |   3.44 |I I 
20:38-Sat-May-06-2017 PM10  |  15.67 |  17.01 |  17.25 |   5.18 |I I 
20:38-Sat-May-06-2017 PM2.5 |   6.26 |   6.57 |   6.21 |   3.44 |I I 
20:42-Sat-May-06-2017 PM10  |  17.20 |  17.03 |  17.25 |   5.18 |I I 
20:42-Sat-May-06-2017 PM2.5 |   6.36 |   6.56 |   6.21 |   3.44 |I I 
20:43-Sat-May-06-2017 PM10  |  13.66 |  16.83 |  17.25 |   5.18 |I I 
20:43-Sat-May-06-2017 PM2.5 |   6.11 |   6.53 |   6.21 |   3.44 |I I 
20:47-Sat-May-06-2017 PM10  |  15.52 |  16.76 |  17.25 |   5.18 |I I 
20:47-Sat-May-06-2017 PM2.5 |   6.46 |   6.53 |   6.21 |   3.44 |I I 
20:48-Sat-May-06-2017 PM10  |  15.93 |  16.71 |  17.25 |   5.18 |I I 
20:48-Sat-May-06-2017 PM2.5 |   6.60 |   6.53 |   6.21 |   3.44 |I I 
20:51-Sat-May-06-2017 PM10  |  18.20 |  16.79 |  17.25 |   5.18 |I I 
20:51-Sat-May-06-2017 PM2.5 |   6.88 |   6.55 |   6.21 |   3.44 |I I 
20:52-Sat-May-06-2017 PM10  |  14.08 |  16.66 |  17.25 |   5.18 |I B 
20:52-Sat-May-06-2017 PM2.5 |   5.83 |   6.52 |   6.21 |   3.44 |I B 
20:56-Sat-May-06-2017recover dati per host :92.223.147.77/nodered
20:56-Sat-May-06-2017 PM10  |  12.35 |  16.46 |  17.25 |   5.18 |I I 
20:56-Sat-May-06-2017 PM2.5 |   6.12 |   6.50 |   6.21 |   3.44 |I I 
20:57-Sat-May-06-2017 PM10  |  12.62 |  16.29 |  17.25 |   5.18 |I I 
20:57-Sat-May-06-2017 PM2.5 |   6.16 |   6.48 |   6.21 |   3.44 |I I 
21:01-Sat-May-06-2017 PM10  |  13.54 |  16.18 |  17.25 |   5.18 |I I 
21:01-Sat-May-06-2017 PM2.5 |   6.31 |   6.48 |   6.48 |   3.44 |I I 
21:02-Sat-May-06-2017 PM10  |  13.89 |  13.89 |  17.25 |   5.18 |I I 
21:02-Sat-May-06-2017 PM2.5 |   5.95 |   5.95 |   6.48 |   3.44 |I I 
21:06-Sat-May-06-2017 PM10  |  12.22 |  13.05 |  17.25 |   5.18 |I I 
21:06-Sat-May-06-2017 PM2.5 |   6.11 |   6.03 |   6.48 |   3.44 |I I 
21:07-Sat-May-06-2017 PM10  |  15.31 |  13.80 |  17.25 |   5.18 |I I 
21:07-Sat-May-06-2017 PM2.5 |   5.85 |   5.97 |   6.48 |   3.44 |I I 
21:11-Sat-May-06-2017 PM10  |  16.38 |  14.45 |  17.25 |   5.18 |I I 
21:11-Sat-May-06-2017 PM2.5 |   6.69 |   6.15 |   6.48 |   3.44 |I I 
21:12-Sat-May-06-2017 PM10  |  14.29 |  14.42 |  17.25 |   5.18 |I I 
21:12-Sat-May-06-2017 PM2.5 |   5.49 |   6.02 |   6.48 |   3.44 |I I 
21:16-Sat-May-06-2017 PM10  |  14.08 |  14.36 |  17.25 |   5.18 |I I 
21:16-Sat-May-06-2017 PM2.5 |   6.00 |   6.01 |   6.48 |   3.44 |I I 
21:17-Sat-May-06-2017 PM10  |  12.13 |  14.04 |  17.25 |   5.18 |I I 
21:17-Sat-May-06-2017 PM2.5 |   5.48 |   5.94 |   6.48 |   3.44 |I I 
21:21-Sat-May-06-2017 PM10  |  17.53 |  14.48 |  17.25 |   5.18 |I I 
21:21-Sat-May-06-2017 PM2.5 |   6.19 |   5.97 |   6.48 |   3.44 |I I 
21:22-Sat-May-06-2017 PM10  |  12.66 |  14.28 |  17.25 |   5.18 |I I 
21:22-Sat-May-06-2017 PM2.5 |   5.83 |   5.95 |   6.48 |   3.44 |I I 
21:26-Sat-May-06-2017 PM10  |  12.44 |  14.09 |  17.25 |   5.18 |I I 
21:26-Sat-May-06-2017 PM2.5 |   6.43 |   6.00 |   6.48 |   3.44 |I I 
21:27-Sat-May-06-2017 PM10  |  12.71 |  13.97 |  17.25 |   5.18 |I I 
21:27-Sat-May-06-2017 PM2.5 |   5.52 |   5.96 |   6.48 |   3.44 |I I 
21:31-Sat-May-06-2017 PM10  |  15.42 |  14.09 |  17.25 |   5.18 |I I 
21:31-Sat-May-06-2017 PM2.5 |   5.93 |   5.95 |   6.48 |   3.44 |I I 
21:32-Sat-May-06-2017 PM10  |  13.35 |  14.03 |  17.25 |   5.18 |I I 
21:32-Sat-May-06-2017 PM2.5 |   5.71 |   5.94 |   6.48 |   3.44 |I I 
21:36-Sat-May-06-2017 PM10  |  11.97 |  13.88 |  17.25 |   5.18 |I I 
21:36-Sat-May-06-2017 PM2.5 |   6.02 |   5.94 |   6.48 |   3.44 |I I 
21:37-Sat-May-06-2017 PM10  |  12.59 |  13.80 |  17.25 |   5.18 |I I 
21:37-Sat-May-06-2017 PM2.5 |   5.90 |   5.94 |   6.48 |   3.44 |I I 
21:41-Sat-May-06-2017 PM10  |  13.02 |  13.75 |  17.25 |   5.18 |I I 
21:41-Sat-May-06-2017 PM2.5 |   6.39 |   5.97 |   6.48 |   3.44 |I I 
21:43-Sat-May-06-2017 PM10  |  10.51 |  13.56 |  17.25 |   5.18 |I I 
21:43-Sat-May-06-2017 PM2.5 |   5.74 |   5.95 |   6.48 |   3.44 |I I 
21:47-Sat-May-06-2017 PM10  |  12.53 |  13.50 |  17.25 |   5.18 |I I 
21:47-Sat-May-06-2017 PM2.5 |   6.01 |   5.96 |   6.48 |   3.44 |I I 
21:48-Sat-May-06-2017 PM10  |  11.64 |  13.40 |  17.25 |   5.18 |I I 
21:48-Sat-May-06-2017 PM2.5 |   5.85 |   5.95 |   6.48 |   3.44 |I I 
21:52-Sat-May-06-2017 PM10  |  14.56 |  13.46 |  17.25 |   5.18 |I I 
21:52-Sat-May-06-2017 PM2.5 |   6.34 |   5.97 |   6.48 |   3.44 |I I 
21:53-Sat-May-06-2017 PM10  |  10.14 |  13.30 |  17.25 |   5.18 |I I 
21:53-Sat-May-06-2017 PM2.5 |   5.61 |   5.95 |   6.48 |   3.44 |I I 
21:57-Sat-May-06-2017 PM10  |  12.41 |  13.26 |  17.25 |   5.18 |I I 
21:57-Sat-May-06-2017 PM2.5 |   5.92 |   5.95 |   6.48 |   3.44 |I I 
21:58-Sat-May-06-2017 PM10  |  12.51 |  13.23 |  17.25 |   5.18 |I I 
21:58-Sat-May-06-2017 PM2.5 |   5.85 |   5.95 |   6.48 |   3.44 |I I 
22:02-Sat-May-06-2017 PM10  |  12.01 |  13.18 |  17.25 |   5.18 |I I 
22:02-Sat-May-06-2017 PM2.5 |   6.07 |   5.95 |   6.48 |   3.44 |I I 
22:03-Sat-May-06-2017 PM10  |  13.81 |  13.81 |  17.25 |   5.18 |I I 
22:03-Sat-May-06-2017 PM2.5 |   5.74 |   5.74 |   6.48 |   3.44 |I I 
22:07-Sat-May-06-2017 PM10  |  10.97 |  12.39 |  17.25 |   5.18 |I I 
22:07-Sat-May-06-2017 PM2.5 |   5.79 |   5.76 |   6.48 |   3.44 |I I 
22:08-Sat-May-06-2017 PM10  |  11.87 |  12.21 |  17.25 |   5.18 |I I 
22:08-Sat-May-06-2017 PM2.5 |   5.31 |   5.61 |   6.48 |   3.44 |I I 
22:12-Sat-May-06-2017 PM10  |  13.49 |  12.53 |  17.25 |   5.18 |I I 
22:12-Sat-May-06-2017 PM2.5 |   5.68 |   5.63 |   6.48 |   3.44 |I I 
22:13-Sat-May-06-2017 PM10  |  11.01 |  12.23 |  17.25 |   5.18 |I I 
22:13-Sat-May-06-2017 PM2.5 |   5.65 |   5.63 |   6.48 |   3.44 |I I 
22:17-Sat-May-06-2017 PM10  |  11.18 |  12.05 |  17.25 |   5.18 |I I 
22:17-Sat-May-06-2017 PM2.5 |   5.74 |   5.65 |   6.48 |   3.44 |I I 
22:18-Sat-May-06-2017 PM10  |  10.77 |  11.87 |  17.25 |   5.18 |I I 
22:18-Sat-May-06-2017 PM2.5 |   5.13 |   5.58 |   6.48 |   3.44 |I I 
22:22-Sat-May-06-2017 PM10  |  11.60 |  11.84 |  17.25 |   5.18 |I I 
22:22-Sat-May-06-2017 PM2.5 |   5.90 |   5.62 |   6.48 |   3.44 |I I 
22:23-Sat-May-06-2017 PM10  |  13.47 |  12.02 |  17.25 |   5.18 |I I 
22:23-Sat-May-06-2017 PM2.5 |   5.51 |   5.61 |   6.48 |   3.44 |I I 
22:27-Sat-May-06-2017 PM10  |  12.54 |  12.07 |  17.25 |   5.18 |I I 
22:27-Sat-May-06-2017 PM2.5 |   5.61 |   5.61 |   6.48 |   3.44 |I I 
22:28-Sat-May-06-2017 PM10  |  14.59 |  12.30 |  17.25 |   5.18 |I I 
22:28-Sat-May-06-2017 PM2.5 |   5.64 |   5.61 |   6.48 |   3.44 |I I 
22:32-Sat-May-06-2017 PM10  |  12.90 |  12.35 |  17.25 |   5.18 |I I 
22:32-Sat-May-06-2017 PM2.5 |   5.86 |   5.63 |   6.48 |   3.44 |I I 
22:33-Sat-May-06-2017 PM10  |  14.45 |  12.51 |  17.25 |   5.18 |I I 
22:33-Sat-May-06-2017 PM2.5 |   5.66 |   5.63 |   6.48 |   3.44 |I I 
22:37-Sat-May-06-2017 PM10  |  19.98 |  13.05 |  17.25 |   5.18 |I I 
22:37-Sat-May-06-2017 PM2.5 |   6.26 |   5.68 |   6.48 |   3.44 |I I 
22:38-Sat-May-06-2017 PM10  |  18.73 |  13.42 |  17.25 |   5.18 |I I 
22:38-Sat-May-06-2017 PM2.5 |   5.69 |   5.68 |   6.48 |   3.44 |I I 
22:42-Sat-May-06-2017 PM10  |  20.00 |  13.83 |  17.25 |   5.18 |I I 
22:42-Sat-May-06-2017 PM2.5 |   6.20 |   5.71 |   6.48 |   3.44 |I I 
22:43-Sat-May-06-2017 PM10  |  18.46 |  14.11 |  17.25 |   5.18 |I I 
22:43-Sat-May-06-2017 PM2.5 |   5.72 |   5.71 |   6.48 |   3.44 |I I 
22:47-Sat-May-06-2017 PM10  |  14.37 |  14.12 |  17.25 |   5.18 |I I 
22:47-Sat-May-06-2017 PM2.5 |   5.84 |   5.72 |   6.48 |   3.44 |I I 
22:48-Sat-May-06-2017 PM10  |  12.37 |  14.03 |  17.25 |   5.18 |I I 
22:48-Sat-May-06-2017 PM2.5 |   5.73 |   5.72 |   6.48 |   3.44 |I I 
22:52-Sat-May-06-2017 PM10  |  12.68 |  13.96 |  17.25 |   5.18 |I I 
22:52-Sat-May-06-2017 PM2.5 |   5.55 |   5.71 |   6.48 |   3.44 |I I 
22:53-Sat-May-06-2017 PM10  |  15.52 |  14.04 |  17.25 |   5.18 |I I 
22:53-Sat-May-06-2017 PM2.5 |   5.69 |   5.71 |   6.48 |   3.44 |I I 
22:57-Sat-May-06-2017 PM10  |  12.74 |  13.98 |  17.25 |   5.18 |I I 
22:57-Sat-May-06-2017 PM2.5 |   5.86 |   5.72 |   6.48 |   3.44 |I I 
22:58-Sat-May-06-2017 PM10  |   9.99 |  13.80 |  17.25 |   5.18 |I I 
22:58-Sat-May-06-2017 PM2.5 |   5.54 |   5.71 |   6.48 |   3.44 |I I 
23:02-Sat-May-06-2017 PM10  |  13.85 |  13.81 |  17.25 |   5.18 |I I 
23:02-Sat-May-06-2017 PM2.5 |   5.52 |   5.70 |   6.48 |   3.44 |I I 
23:03-Sat-May-06-2017 PM10  |  11.05 |  11.05 |  17.25 |   5.18 |I I 
23:03-Sat-May-06-2017 PM2.5 |   5.13 |   5.13 |   6.48 |   3.44 |I I 
23:07-Sat-May-06-2017 PM10  |  14.49 |  12.77 |  17.25 |   5.18 |I I 
23:07-Sat-May-06-2017 PM2.5 |   5.33 |   5.23 |   6.48 |   3.44 |I I 
23:11-Sat-May-06-2017 PM10  |   9.55 |  11.70 |  17.25 |   5.18 |I I 
23:11-Sat-May-06-2017 PM2.5 |   5.21 |   5.22 |   6.48 |   3.44 |I I 
23:12-Sat-May-06-2017 PM10  |   9.27 |  11.09 |  17.25 |   5.18 |I I 
23:12-Sat-May-06-2017 PM2.5 |   5.13 |   5.20 |   6.48 |   3.44 |I I 
23:16-Sat-May-06-2017 PM10  |  12.58 |  11.39 |  17.25 |   5.18 |I I 
23:16-Sat-May-06-2017 PM2.5 |   5.72 |   5.30 |   6.48 |   3.44 |I I 
23:17-Sat-May-06-2017 PM10  |   9.31 |  11.04 |  17.25 |   5.18 |I I 
23:17-Sat-May-06-2017 PM2.5 |   5.02 |   5.26 |   6.48 |   3.44 |I I 
23:21-Sat-May-06-2017 PM10  |   9.30 |  10.79 |  17.25 |   5.18 |I I 
23:21-Sat-May-06-2017 PM2.5 |   5.43 |   5.28 |   6.48 |   3.44 |I I 
23:22-Sat-May-06-2017 PM10  |  12.98 |  11.07 |  17.25 |   5.18 |I I 
23:22-Sat-May-06-2017 PM2.5 |   5.12 |   5.26 |   6.48 |   3.44 |I I 
23:26-Sat-May-06-2017 PM10  |  11.93 |  11.16 |  17.25 |   5.18 |I I 
23:26-Sat-May-06-2017 PM2.5 |   5.27 |   5.26 |   6.48 |   3.44 |I I 
23:27-Sat-May-06-2017 PM10  |  10.66 |  11.11 |  17.25 |   5.18 |I I 
23:27-Sat-May-06-2017 PM2.5 |   4.70 |   5.21 |   6.48 |   3.44 |I I 
23:31-Sat-May-06-2017 PM10  |  14.10 |  11.38 |  17.25 |   5.18 |I I 
23:31-Sat-May-06-2017 PM2.5 |   5.55 |   5.24 |   6.48 |   3.44 |I I 
23:32-Sat-May-06-2017 PM10  |  12.28 |  11.46 |  17.25 |   5.18 |I I 
23:32-Sat-May-06-2017 PM2.5 |   4.99 |   5.22 |   6.48 |   3.44 |I I 
23:36-Sat-May-06-2017 PM10  |  10.47 |  11.38 |  17.25 |   5.18 |I I 
23:36-Sat-May-06-2017 PM2.5 |   5.19 |   5.21 |   6.48 |   3.44 |I I 
23:37-Sat-May-06-2017 PM10  |   9.42 |  11.24 |  17.25 |   5.18 |I I 
23:37-Sat-May-06-2017 PM2.5 |   4.77 |   5.18 |   6.48 |   3.44 |I I 
23:41-Sat-May-06-2017 PM10  |  11.75 |  11.27 |  17.25 |   5.18 |I I 
23:41-Sat-May-06-2017 PM2.5 |   5.21 |   5.19 |   6.48 |   3.44 |I I 
23:43-Sat-May-06-2017 PM10  |  15.73 |  11.55 |  17.25 |   5.18 |I I 
23:43-Sat-May-06-2017 PM2.5 |   5.03 |   5.18 |   6.48 |   3.44 |I I 
23:47-Sat-May-06-2017 PM10  |  12.65 |  11.62 |  17.25 |   5.18 |I I 
23:47-Sat-May-06-2017 PM2.5 |   5.03 |   5.17 |   6.48 |   3.44 |I I 
23:48-Sat-May-06-2017 PM10  |   9.42 |  11.49 |  17.25 |   5.18 |I I 
23:48-Sat-May-06-2017 PM2.5 |   4.61 |   5.14 |   6.48 |   3.44 |I I 
23:52-Sat-May-06-2017 PM10  |  10.77 |  11.46 |  17.25 |   5.18 |I I 
23:52-Sat-May-06-2017 PM2.5 |   4.71 |   5.11 |   6.48 |   3.44 |I I 
23:53-Sat-May-06-2017 PM10  |   7.48 |  11.26 |  17.25 |   5.18 |I I 
23:53-Sat-May-06-2017 PM2.5 |   4.39 |   5.08 |   6.48 |   3.44 |I I 
23:57-Sat-May-06-2017 PM10  |  11.66 |  11.28 |  17.25 |   5.18 |I I 
23:57-Sat-May-06-2017 PM2.5 |   4.89 |   5.07 |   6.48 |   3.44 |I I 
23:58-Sat-May-06-2017 PM10  |   9.82 |  11.21 |  17.25 |   5.18 |I I 
23:58-Sat-May-06-2017 PM2.5 |   4.73 |   5.05 |   6.48 |   3.44 |I I 
00:02-Sun-May-07-2017 PM10  |  12.11 |  11.25 |  17.25 |   5.18 |I I 
