[Sat Mar 11 00:02:34 2017] Report del giorno Saturday March 11 2017 -- INVIATO a centraline@googlegroups.com
00:02-Sat-Mar-11-2017 PM2.5 |   4.51 |   4.71 |   7.72 |   3.56 |I I 
00:03-Sat-Mar-11-2017 PM10  |  14.62 |  14.62 |   0.00 |  2000.00|I I 
00:03-Sat-Mar-11-2017 PM2.5 |   4.53 |   4.53 |   0.00 |  2000.00|I I 
00:07-Sat-Mar-11-2017 PM10  |  12.46 |  13.54 |   0.00 |  2000.00|I I 
00:07-Sat-Mar-11-2017 PM2.5 |   4.51 |   4.52 |   0.00 |  2000.00|I I 
00:08-Sat-Mar-11-2017 PM10  |  11.27 |  12.78 |   0.00 |  2000.00|I I 
00:08-Sat-Mar-11-2017 PM2.5 |   4.50 |   4.51 |   0.00 |  2000.00|I I 
00:12-Sat-Mar-11-2017 PM10  |  11.79 |  12.54 |   0.00 |  2000.00|I I 
00:12-Sat-Mar-11-2017 PM2.5 |   4.45 |   4.49 |   0.00 |  2000.00|I I 
00:13-Sat-Mar-11-2017 PM10  |  11.84 |  12.40 |   0.00 |  2000.00|I I 
00:13-Sat-Mar-11-2017 PM2.5 |   4.09 |   4.41 |   0.00 |  2000.00|I I 
00:17-Sat-Mar-11-2017 PM10  |   9.76 |  11.96 |   0.00 |  2000.00|I I 
00:17-Sat-Mar-11-2017 PM2.5 |   4.27 |   4.39 |   0.00 |  2000.00|I I 
00:18-Sat-Mar-11-2017 PM10  |   9.76 |  11.64 |   0.00 |  2000.00|I I 
00:18-Sat-Mar-11-2017 PM2.5 |   4.27 |   4.37 |   0.00 |  2000.00|I I 
00:19-Sat-Mar-11-2017 PM10  |  12.44 |  11.74 |   0.00 |  2000.00|I I 
00:19-Sat-Mar-11-2017 PM2.5 |   4.00 |   4.33 |   0.00 |  2000.00|I I 
00:23-Sat-Mar-11-2017 PM10  |  13.62 |  11.95 |   0.00 |  2000.00|I I 
00:23-Sat-Mar-11-2017 PM2.5 |   4.32 |   4.33 |   0.00 |  2000.00|I I 
00:24-Sat-Mar-11-2017 PM10  |  13.02 |  12.06 |   0.00 |  2000.00|I I 
00:24-Sat-Mar-11-2017 PM2.5 |   4.08 |   4.30 |   0.00 |  2000.00|I I 
00:28-Sat-Mar-11-2017 PM10  |  12.31 |  12.08 |   0.00 |  2000.00|I I 
00:28-Sat-Mar-11-2017 PM2.5 |   4.48 |   4.32 |   0.00 |  2000.00|I I 
00:29-Sat-Mar-11-2017 PM10  |  13.47 |  12.20 |   0.00 |  2000.00|I I 
00:29-Sat-Mar-11-2017 PM2.5 |   4.17 |   4.31 |   0.00 |  2000.00|I I 
00:33-Sat-Mar-11-2017 PM10  |  15.26 |  12.43 |   0.00 |  2000.00|I I 
00:33-Sat-Mar-11-2017 PM2.5 |   4.35 |   4.31 |   0.00 |  2000.00|I I 
00:34-Sat-Mar-11-2017 PM10  |  11.00 |  12.33 |   0.00 |  2000.00|I I 
00:34-Sat-Mar-11-2017 PM2.5 |   3.93 |   4.28 |   0.00 |  2000.00|I I 
00:38-Sat-Mar-11-2017 PM10  |  11.30 |  12.26 |   0.00 |  2000.00|I I 
00:38-Sat-Mar-11-2017 PM2.5 |   4.11 |   4.27 |   0.00 |  2000.00|I I 
00:39-Sat-Mar-11-2017 PM10  |  11.28 |  12.20 |   0.00 |  2000.00|I I 
00:39-Sat-Mar-11-2017 PM2.5 |   3.80 |   4.24 |   0.00 |  2000.00|I I 
00:43-Sat-Mar-11-2017 PM10  |  13.36 |  12.27 |   0.00 |  2000.00|I I 
00:43-Sat-Mar-11-2017 PM2.5 |   4.20 |   4.24 |   0.00 |  2000.00|I I 
00:44-Sat-Mar-11-2017 PM10  |  13.36 |  12.33 |   0.00 |  2000.00|I I 
00:44-Sat-Mar-11-2017 PM2.5 |   4.20 |   4.24 |   0.00 |  2000.00|I I 
00:45-Sat-Mar-11-2017 PM10  |  12.73 |  12.35 |   0.00 |  2000.00|I I 
00:45-Sat-Mar-11-2017 PM2.5 |   4.18 |   4.23 |   0.00 |  2000.00|I I 
00:49-Sat-Mar-11-2017 PM10  |  11.80 |  12.32 |   0.00 |  2000.00|I I 
00:49-Sat-Mar-11-2017 PM2.5 |   4.47 |   4.24 |   0.00 |  2000.00|I I 
00:50-Sat-Mar-11-2017 PM10  |  13.38 |  12.37 |   0.00 |  2000.00|I I 
00:50-Sat-Mar-11-2017 PM2.5 |   4.10 |   4.24 |   0.00 |  2000.00|I I 
00:54-Sat-Mar-11-2017 PM10  |  13.49 |  12.42 |   0.00 |  2000.00|I I 
00:54-Sat-Mar-11-2017 PM2.5 |   4.51 |   4.25 |   0.00 |  2000.00|I I 
00:55-Sat-Mar-11-2017 PM10  |  12.16 |  12.41 |   0.00 |  2000.00|I I 
00:55-Sat-Mar-11-2017 PM2.5 |   4.14 |   4.24 |   0.00 |  2000.00|I I 
00:59-Sat-Mar-11-2017 PM10  |  13.86 |  12.47 |   0.00 |  2000.00|I I 
00:59-Sat-Mar-11-2017 PM2.5 |   4.03 |   4.24 |   0.00 |  2000.00|I I 
01:00-Sat-Mar-11-2017 PM10  |   9.94 |  12.37 |  12.37 |  12.37 |I I 
01:00-Sat-Mar-11-2017 PM2.5 |   3.90 |   4.22 |   4.22 |   4.22 |I I 
01:04-Sat-Mar-11-2017 PM10  |  12.24 |  12.24 |  12.37 |  12.37 |I I 
01:04-Sat-Mar-11-2017 PM2.5 |   4.20 |   4.20 |   4.22 |   4.22 |I I 
01:05-Sat-Mar-11-2017 PM10  |   9.89 |  11.07 |  12.37 |  12.37 |I I 
01:05-Sat-Mar-11-2017 PM2.5 |   4.02 |   4.11 |   4.22 |   4.22 |I I 
01:09-Sat-Mar-11-2017 PM10  |  10.25 |  10.79 |  12.37 |  12.37 |I I 
01:09-Sat-Mar-11-2017 PM2.5 |   3.99 |   4.07 |   4.22 |   4.22 |I I 
01:10-Sat-Mar-11-2017 PM10  |  10.25 |  10.66 |  12.37 |  12.37 |I I 
01:10-Sat-Mar-11-2017 PM2.5 |   3.99 |   4.05 |   4.22 |   4.22 |I I 
01:11-Sat-Mar-11-2017 PM10  |  11.91 |  10.91 |  12.37 |  12.37 |I I 
01:11-Sat-Mar-11-2017 PM2.5 |   4.16 |   4.07 |   4.22 |   4.22 |I I 
01:16-Sat-Mar-11-2017 PM10  |   9.45 |  10.66 |  12.37 |  12.37 |I I 
01:16-Sat-Mar-11-2017 PM2.5 |   3.87 |   4.04 |   4.22 |   4.22 |I I 
01:17-Sat-Mar-11-2017 PM10  |  10.84 |  10.69 |  12.37 |  12.37 |I I 
01:17-Sat-Mar-11-2017 PM2.5 |   3.91 |   4.02 |   4.22 |   4.22 |I I 
01:21-Sat-Mar-11-2017 PM10  |   9.21 |  10.51 |  12.37 |  12.37 |I I 
01:21-Sat-Mar-11-2017 PM2.5 |   3.63 |   3.97 |   4.22 |   4.22 |I I 
01:22-Sat-Mar-11-2017 PM10  |   8.04 |  10.23 |  12.37 |  12.37 |I I 
01:22-Sat-Mar-11-2017 PM2.5 |   3.57 |   3.93 |   4.22 |   4.22 |I I 
01:26-Sat-Mar-11-2017 PM10  |  10.54 |  10.26 |  12.37 |  12.37 |I I 
01:26-Sat-Mar-11-2017 PM2.5 |   3.89 |   3.92 |   4.22 |   4.22 |I I 
01:27-Sat-Mar-11-2017 PM10  |   8.19 |  10.07 |  12.37 |  12.37 |I I 
01:27-Sat-Mar-11-2017 PM2.5 |   3.52 |   3.89 |   4.22 |   4.22 |I I 
01:31-Sat-Mar-11-2017 PM10  |   8.87 |   9.97 |  12.37 |  12.37 |I I 
01:31-Sat-Mar-11-2017 PM2.5 |   3.72 |   3.87 |   4.22 |   4.22 |I I 
01:32-Sat-Mar-11-2017 PM10  |   8.70 |   9.88 |  12.37 |  12.37 |I I 
01:32-Sat-Mar-11-2017 PM2.5 |   3.47 |   3.84 |   4.22 |   4.22 |I I 
01:36-Sat-Mar-11-2017 PM10  |  10.75 |   9.94 |  12.37 |  12.37 |I I 
01:36-Sat-Mar-11-2017 PM2.5 |   3.82 |   3.84 |   4.22 |   4.22 |I I 
01:37-Sat-Mar-11-2017 PM10  |  10.75 |   9.99 |  12.37 |  12.37 |I I 
01:37-Sat-Mar-11-2017 PM2.5 |   3.82 |   3.84 |   4.22 |   4.22 |I I 
01:38-Sat-Mar-11-2017 PM10  |   8.57 |   9.90 |  12.37 |  12.37 |I I 
01:38-Sat-Mar-11-2017 PM2.5 |   3.62 |   3.82 |   4.22 |   4.22 |I I 
01:42-Sat-Mar-11-2017 PM10  |  10.38 |   9.93 |  12.37 |  12.37 |I I 
01:42-Sat-Mar-11-2017 PM2.5 |   3.82 |   3.82 |   4.22 |   4.22 |I I 
01:43-Sat-Mar-11-2017 PM10  |   7.07 |   9.77 |  12.37 |  12.37 |I I 
01:43-Sat-Mar-11-2017 PM2.5 |   3.47 |   3.80 |   4.22 |   4.22 |I I 
01:47-Sat-Mar-11-2017 PM10  |   9.53 |   9.76 |  12.37 |  12.37 |I I 
01:47-Sat-Mar-11-2017 PM2.5 |   3.74 |   3.80 |   4.22 |   4.22 |I I 
01:48-Sat-Mar-11-2017 PM10  |   8.10 |   9.68 |  12.37 |  12.37 |I I 
01:48-Sat-Mar-11-2017 PM2.5 |   3.49 |   3.79 |   4.22 |   4.22 |I I 
01:52-Sat-Mar-11-2017 PM10  |  11.21 |   9.75 |  12.37 |  12.37 |I I 
01:52-Sat-Mar-11-2017 PM2.5 |   3.77 |   3.78 |   4.22 |   4.22 |I I 
01:53-Sat-Mar-11-2017 PM10  |   9.24 |   9.73 |  12.37 |  12.37 |I I 
01:53-Sat-Mar-11-2017 PM2.5 |   3.72 |   3.78 |   4.22 |   4.22 |I I 
01:57-Sat-Mar-11-2017 PM10  |  10.44 |   9.76 |  12.37 |  12.37 |I I 
01:57-Sat-Mar-11-2017 PM2.5 |   3.75 |   3.78 |   4.22 |   4.22 |I I 
01:58-Sat-Mar-11-2017 PM10  |   7.94 |   9.68 |  12.37 |  12.37 |I I 
01:58-Sat-Mar-11-2017 PM2.5 |   3.14 |   3.75 |   4.22 |   4.22 |I I 
02:02-Sat-Mar-11-2017 PM10  |   7.83 |   9.61 |  12.37 |   9.61 |I I 
02:02-Sat-Mar-11-2017 PM2.5 |   3.66 |   3.75 |   4.22 |   3.75 |I I 
02:03-Sat-Mar-11-2017 PM10  |   9.08 |   9.08 |  12.37 |   9.61 |I I 
02:03-Sat-Mar-11-2017 PM2.5 |   3.46 |   3.46 |   4.22 |   3.75 |I I 
02:04-Sat-Mar-11-2017 PM10  |   9.08 |   9.08 |  12.37 |   9.61 |I I 
02:04-Sat-Mar-11-2017 PM2.5 |   3.46 |   3.46 |   4.22 |   3.75 |I I 
02:08-Sat-Mar-11-2017 PM10  |   8.87 |   9.01 |  12.37 |   9.61 |I I 
02:08-Sat-Mar-11-2017 PM2.5 |   3.34 |   3.42 |   4.22 |   3.75 |I I 
02:09-Sat-Mar-11-2017 PM10  |   8.07 |   8.78 |  12.37 |   9.61 |I I 
02:09-Sat-Mar-11-2017 PM2.5 |   3.31 |   3.39 |   4.22 |   3.75 |I I 
02:13-Sat-Mar-11-2017 PM10  |   8.80 |   8.78 |  12.37 |   9.61 |I I 
02:13-Sat-Mar-11-2017 PM2.5 |   3.47 |   3.41 |   4.22 |   3.75 |I I 
02:14-Sat-Mar-11-2017 PM10  |   9.40 |   8.89 |  12.37 |   9.61 |I I 
02:14-Sat-Mar-11-2017 PM2.5 |   3.16 |   3.37 |   4.22 |   3.75 |I I 
02:18-Sat-Mar-11-2017 PM10  |   5.93 |   8.47 |  12.37 |   9.61 |I I 
02:18-Sat-Mar-11-2017 PM2.5 |   3.07 |   3.33 |   4.22 |   3.75 |I I 
02:19-Sat-Mar-11-2017 PM10  |   7.13 |   8.30 |  12.37 |   9.61 |I I 
02:19-Sat-Mar-11-2017 PM2.5 |   3.43 |   3.34 |   4.22 |   3.75 |I I 
02:23-Sat-Mar-11-2017 PM10  |   7.44 |   8.20 |  12.37 |   9.61 |I I 
02:23-Sat-Mar-11-2017 PM2.5 |   3.55 |   3.36 |   4.22 |   3.75 |I I 
02:24-Sat-Mar-11-2017 PM10  |   6.90 |   8.07 |  12.37 |   9.61 |I I 
02:24-Sat-Mar-11-2017 PM2.5 |   3.18 |   3.34 |   4.22 |   3.75 |I I 
02:28-Sat-Mar-11-2017 PM10  |   8.39 |   8.10 |  12.37 |   9.61 |I I 
02:28-Sat-Mar-11-2017 PM2.5 |   3.55 |   3.36 |   4.22 |   3.75 |I I 
02:29-Sat-Mar-11-2017 PM10  |   8.42 |   8.13 |  12.37 |   9.61 |I I 
02:29-Sat-Mar-11-2017 PM2.5 |   3.21 |   3.35 |   4.22 |   3.75 |I I 
02:30-Sat-Mar-11-2017 PM10  |   8.42 |   8.15 |  12.37 |   9.61 |I I 
02:30-Sat-Mar-11-2017 PM2.5 |   3.21 |   3.34 |   4.22 |   3.75 |I I 
02:34-Sat-Mar-11-2017 PM10  |   7.04 |   8.07 |  12.37 |   9.61 |I I 
02:34-Sat-Mar-11-2017 PM2.5 |   3.03 |   3.32 |   4.22 |   3.75 |I I 
02:35-Sat-Mar-11-2017 PM10  |   8.50 |   8.10 |  12.37 |   9.61 |I I 
02:35-Sat-Mar-11-2017 PM2.5 |   3.15 |   3.31 |   4.22 |   3.75 |I I 
02:39-Sat-Mar-11-2017 PM10  |   8.26 |   8.11 |  12.37 |   9.61 |I I 
02:39-Sat-Mar-11-2017 PM2.5 |   3.34 |   3.31 |   4.22 |   3.75 |I I 
02:40-Sat-Mar-11-2017 PM10  |   7.83 |   8.09 |  12.37 |   9.61 |I I 
02:40-Sat-Mar-11-2017 PM2.5 |   3.22 |   3.30 |   4.22 |   3.75 |I I 
02:44-Sat-Mar-11-2017 PM10  |   7.65 |   8.07 |  12.37 |   9.61 |I I 
02:44-Sat-Mar-11-2017 PM2.5 |   3.36 |   3.31 |   4.22 |   3.75 |I I 
02:45-Sat-Mar-11-2017 PM10  |   6.77 |   8.00 |  12.37 |   9.61 |I I 
02:45-Sat-Mar-11-2017 PM2.5 |   2.86 |   3.28 |   4.22 |   3.75 |I I 
02:49-Sat-Mar-11-2017 PM10  |   7.64 |   7.98 |  12.37 |   9.61 |I I 
02:49-Sat-Mar-11-2017 PM2.5 |   3.32 |   3.29 |   4.22 |   3.75 |I I 
02:50-Sat-Mar-11-2017 PM10  |   6.57 |   7.92 |  12.37 |   9.61 |I I 
02:50-Sat-Mar-11-2017 PM2.5 |   3.00 |   3.27 |   4.22 |   3.75 |I I 
02:54-Sat-Mar-11-2017 PM10  |   6.99 |   7.87 |  12.37 |   9.61 |I I 
02:54-Sat-Mar-11-2017 PM2.5 |   3.08 |   3.26 |   4.22 |   3.75 |I I 
02:55-Sat-Mar-11-2017 PM10  |   7.67 |   7.86 |  12.37 |   9.61 |I I 
02:55-Sat-Mar-11-2017 PM2.5 |   3.15 |   3.26 |   4.22 |   3.75 |I I 
02:56-Sat-Mar-11-2017 PM10  |   7.67 |   7.86 |  12.37 |   9.61 |I I 
02:56-Sat-Mar-11-2017 PM2.5 |   3.15 |   3.25 |   4.22 |   3.75 |I I 
03:00-Sat-Mar-11-2017 PM10  |   7.19 |   7.83 |  12.37 |   7.83 |I I 
03:00-Sat-Mar-11-2017 PM2.5 |   3.09 |   3.25 |   4.22 |   3.25 |I I 
03:01-Sat-Mar-11-2017 PM10  |   7.44 |   7.44 |  12.37 |   7.83 |I I 
03:01-Sat-Mar-11-2017 PM2.5 |   3.32 |   3.32 |   4.22 |   3.25 |I I 
03:05-Sat-Mar-11-2017 PM10  |   6.62 |   7.03 |  12.37 |   7.83 |I I 
03:05-Sat-Mar-11-2017 PM2.5 |   2.81 |   3.06 |   4.22 |   3.25 |I I 
03:06-Sat-Mar-11-2017 PM10  |   7.66 |   7.24 |  12.37 |   7.83 |I I 
03:06-Sat-Mar-11-2017 PM2.5 |   3.09 |   3.07 |   4.22 |   3.25 |I I 
03:10-Sat-Mar-11-2017 PM10  |   6.04 |   6.94 |  12.37 |   7.83 |I I 
03:10-Sat-Mar-11-2017 PM2.5 |   2.85 |   3.02 |   4.22 |   3.25 |I I 
03:11-Sat-Mar-11-2017 PM10  |   6.47 |   6.85 |  12.37 |   7.83 |I I 
03:11-Sat-Mar-11-2017 PM2.5 |   2.85 |   2.98 |   4.22 |   3.25 |I I 
03:15-Sat-Mar-11-2017 PM10  |   7.49 |   6.95 |  12.37 |   7.83 |I I 
03:15-Sat-Mar-11-2017 PM2.5 |   3.16 |   3.01 |   4.22 |   3.25 |I I 
03:16-Sat-Mar-11-2017 PM10  |   6.32 |   6.86 |  12.37 |   7.83 |I I 
03:16-Sat-Mar-11-2017 PM2.5 |   2.87 |   2.99 |   4.22 |   3.25 |I I 
03:20-Sat-Mar-11-2017 PM10  |   7.04 |   6.89 |  12.37 |   7.83 |I I 
03:20-Sat-Mar-11-2017 PM2.5 |   3.13 |   3.01 |   4.22 |   3.25 |I I 
03:21-Sat-Mar-11-2017 PM10  |   6.91 |   6.89 |  12.37 |   7.83 |I I 
03:21-Sat-Mar-11-2017 PM2.5 |   3.03 |   3.01 |   4.22 |   3.25 |I I 
03:25-Sat-Mar-11-2017 PM10  |   7.43 |   6.94 |  12.37 |   7.83 |I I 
03:25-Sat-Mar-11-2017 PM2.5 |   2.87 |   3.00 |   4.22 |   3.25 |I I 
03:26-Sat-Mar-11-2017 PM10  |   7.43 |   6.99 |  12.37 |   7.83 |I I 
03:26-Sat-Mar-11-2017 PM2.5 |   2.87 |   2.99 |   4.22 |   3.25 |I I 
03:27-Sat-Mar-11-2017 PM10  |   5.96 |   6.90 |  12.37 |   7.83 |I I 
03:27-Sat-Mar-11-2017 PM2.5 |   2.75 |   2.97 |   4.22 |   3.25 |I I 
03:31-Sat-Mar-11-2017 PM10  |   7.18 |   6.92 |  12.37 |   7.83 |I I 
03:31-Sat-Mar-11-2017 PM2.5 |   2.81 |   2.96 |   4.22 |   3.25 |I I 
03:32-Sat-Mar-11-2017 PM10  |   8.29 |   7.02 |  12.37 |   7.83 |I I 
03:32-Sat-Mar-11-2017 PM2.5 |   2.90 |   2.95 |   4.22 |   3.25 |I I 
03:36-Sat-Mar-11-2017 PM10  |   8.85 |   7.14 |  12.37 |   7.83 |I I 
03:36-Sat-Mar-11-2017 PM2.5 |   3.13 |   2.96 |   4.22 |   3.25 |I I 
03:37-Sat-Mar-11-2017 PM10  |   7.13 |   7.14 |  12.37 |   7.83 |I I 
03:37-Sat-Mar-11-2017 PM2.5 |   2.88 |   2.96 |   4.22 |   3.25 |I I 
03:41-Sat-Mar-11-2017 PM10  |   8.08 |   7.20 |  12.37 |   7.83 |I I 
03:41-Sat-Mar-11-2017 PM2.5 |   2.94 |   2.96 |   4.22 |   3.25 |I I 
03:42-Sat-Mar-11-2017 PM10  |   5.29 |   7.09 |  12.37 |   7.83 |I I 
03:42-Sat-Mar-11-2017 PM2.5 |   2.51 |   2.93 |   4.22 |   3.25 |I I 
03:46-Sat-Mar-11-2017 PM10  |   7.21 |   7.10 |  12.37 |   7.83 |I I 
03:46-Sat-Mar-11-2017 PM2.5 |   2.66 |   2.92 |   4.22 |   3.25 |I I 
03:47-Sat-Mar-11-2017 PM10  |   6.84 |   7.09 |  12.37 |   7.83 |I I 
03:47-Sat-Mar-11-2017 PM2.5 |   2.79 |   2.91 |   4.22 |   3.25 |I I 
03:51-Sat-Mar-11-2017 PM10  |   7.51 |   7.11 |  12.37 |   7.83 |I I 
03:51-Sat-Mar-11-2017 PM2.5 |   3.00 |   2.92 |   4.22 |   3.25 |I I 
03:52-Sat-Mar-11-2017 PM10  |   7.51 |   7.12 |  12.37 |   7.83 |I I 
03:52-Sat-Mar-11-2017 PM2.5 |   3.00 |   2.92 |   4.22 |   3.25 |I I 
03:54-Sat-Mar-11-2017 PM10  |   6.19 |   7.08 |  12.37 |   7.83 |I I 
03:54-Sat-Mar-11-2017 PM2.5 |   2.91 |   2.92 |   4.22 |   3.25 |I I 
03:58-Sat-Mar-11-2017 PM10  |   5.53 |   7.02 |  12.37 |   7.83 |I I 
03:58-Sat-Mar-11-2017 PM2.5 |   2.77 |   2.91 |   4.22 |   3.25 |I I 
03:59-Sat-Mar-11-2017 PM10  |   7.01 |   7.02 |  12.37 |   7.83 |I I 
03:59-Sat-Mar-11-2017 PM2.5 |   3.18 |   2.92 |   4.22 |   3.25 |I I 
04:03-Sat-Mar-11-2017 PM10  |   6.93 |   7.01 |  12.37 |   7.01 |I I 
04:03-Sat-Mar-11-2017 PM2.5 |   3.06 |   2.93 |   4.22 |   2.93 |I I 
04:04-Sat-Mar-11-2017 PM10  |   6.44 |   6.44 |  12.37 |   7.01 |I I 
04:04-Sat-Mar-11-2017 PM2.5 |   2.54 |   2.54 |   4.22 |   2.93 |I I 
04:08-Sat-Mar-11-2017 PM10  |   6.52 |   6.48 |  12.37 |   7.01 |I I 
04:08-Sat-Mar-11-2017 PM2.5 |   2.62 |   2.58 |   4.22 |   2.93 |I I 
04:09-Sat-Mar-11-2017 PM10  |   6.11 |   6.36 |  12.37 |   7.01 |I I 
04:09-Sat-Mar-11-2017 PM2.5 |   2.85 |   2.67 |   4.22 |   2.93 |I I 
04:13-Sat-Mar-11-2017 PM10  |   4.91 |   5.99 |  12.37 |   7.01 |I I 
04:13-Sat-Mar-11-2017 PM2.5 |   2.93 |   2.74 |   4.22 |   2.93 |I I 
04:14-Sat-Mar-11-2017 PM10  |   9.81 |   6.76 |  12.37 |   7.01 |I I 
04:14-Sat-Mar-11-2017 PM2.5 |   3.15 |   2.82 |   4.22 |   2.93 |I I 
04:18-Sat-Mar-11-2017 PM10  |   8.03 |   6.97 |  12.37 |   7.01 |I I 
04:18-Sat-Mar-11-2017 PM2.5 |   2.90 |   2.83 |   4.22 |   2.93 |I I 
04:19-Sat-Mar-11-2017 PM10  |   8.03 |   7.12 |  12.37 |   7.01 |I I 
04:19-Sat-Mar-11-2017 PM2.5 |   2.90 |   2.84 |   4.22 |   2.93 |I I 
04:20-Sat-Mar-11-2017 PM10  |   5.99 |   6.98 |  12.37 |   7.01 |I I 
04:20-Sat-Mar-11-2017 PM2.5 |   2.83 |   2.84 |   4.22 |   2.93 |I I 
04:24-Sat-Mar-11-2017 PM10  |   6.63 |   6.94 |  12.37 |   7.01 |I I 
04:24-Sat-Mar-11-2017 PM2.5 |   2.74 |   2.83 |   4.22 |   2.93 |I I 
04:25-Sat-Mar-11-2017 PM10  |   4.75 |   6.72 |  12.37 |   7.01 |I I 
04:25-Sat-Mar-11-2017 PM2.5 |   2.66 |   2.81 |   4.22 |   2.93 |I I 
04:29-Sat-Mar-11-2017 PM10  |   7.30 |   6.77 |  12.37 |   7.01 |I I 
04:29-Sat-Mar-11-2017 PM2.5 |   3.04 |   2.83 |   4.22 |   2.93 |I I 
04:30-Sat-Mar-11-2017 PM10  |   5.62 |   6.68 |  12.37 |   7.01 |I I 
04:30-Sat-Mar-11-2017 PM2.5 |   2.60 |   2.81 |   4.22 |   2.93 |I I 
04:34-Sat-Mar-11-2017 PM10  |  11.29 |   7.03 |  12.37 |   7.01 |I I 
04:34-Sat-Mar-11-2017 PM2.5 |   2.94 |   2.82 |   4.22 |   2.93 |I I 
04:35-Sat-Mar-11-2017 PM10  |   6.08 |   6.96 |  12.37 |   7.01 |I I 
04:35-Sat-Mar-11-2017 PM2.5 |   2.61 |   2.81 |   4.22 |   2.93 |I I 
04:39-Sat-Mar-11-2017 PM10  |   5.61 |   6.87 |  12.37 |   7.01 |I I 
04:39-Sat-Mar-11-2017 PM2.5 |   2.83 |   2.81 |   4.22 |   2.93 |I I 
04:40-Sat-Mar-11-2017 PM10  |   5.06 |   6.76 |  12.37 |   7.01 |I I 
04:40-Sat-Mar-11-2017 PM2.5 |   2.66 |   2.80 |   4.22 |   2.93 |I I 
04:44-Sat-Mar-11-2017 PM10  |   6.51 |   6.75 |  12.37 |   7.01 |I I 
04:44-Sat-Mar-11-2017 PM2.5 |   2.93 |   2.81 |   4.22 |   2.93 |I I 
04:45-Sat-Mar-11-2017 PM10  |   6.51 |   6.73 |  12.37 |   7.01 |I I 
04:45-Sat-Mar-11-2017 PM2.5 |   2.93 |   2.81 |   4.22 |   2.93 |I I 
04:46-Sat-Mar-11-2017 PM10  |   5.78 |   6.68 |  12.37 |   7.01 |I I 
04:46-Sat-Mar-11-2017 PM2.5 |   2.48 |   2.80 |   4.22 |   2.93 |I I 
04:50-Sat-Mar-11-2017 PM10  |   7.08 |   6.70 |  12.37 |   7.01 |I I 
04:50-Sat-Mar-11-2017 PM2.5 |   2.70 |   2.79 |   4.22 |   2.93 |I I 
04:51-Sat-Mar-11-2017 PM10  |   6.06 |   6.67 |  12.37 |   7.01 |I I 
04:51-Sat-Mar-11-2017 PM2.5 |   2.39 |   2.77 |   4.22 |   2.93 |I I 
04:55-Sat-Mar-11-2017 PM10  |   5.97 |   6.64 |  12.37 |   7.01 |I I 
04:55-Sat-Mar-11-2017 PM2.5 |   2.75 |   2.77 |   4.22 |   2.93 |I I 
04:56-Sat-Mar-11-2017 PM10  |   5.19 |   6.58 |  12.37 |   7.01 |I I 
04:56-Sat-Mar-11-2017 PM2.5 |   2.44 |   2.76 |   4.22 |   2.93 |I I 
05:00-Sat-Mar-11-2017 PM10  |   4.84 |   6.50 |  12.37 |   6.50 |I I 
05:00-Sat-Mar-11-2017 PM2.5 |   2.30 |   2.74 |   4.22 |   2.74 |I I 
05:01-Sat-Mar-11-2017 PM10  |   5.51 |   5.51 |  12.37 |   6.50 |I B 
05:01-Sat-Mar-11-2017 PM2.5 |   2.33 |   2.33 |   4.22 |   2.74 |I B 
05:05-Sat-Mar-11-2017recover dati per host :92.223.147.77/nodered
05:05-Sat-Mar-11-2017 PM10  |   6.06 |   5.79 |  12.37 |   6.50 |I I 
05:05-Sat-Mar-11-2017 PM2.5 |   2.55 |   2.44 |   4.22 |   2.74 |I I 
05:06-Sat-Mar-11-2017 PM10  |   7.89 |   6.49 |  12.37 |   6.50 |I I 
05:06-Sat-Mar-11-2017 PM2.5 |   2.56 |   2.48 |   4.22 |   2.74 |I I 
05:10-Sat-Mar-11-2017 PM10  |   6.40 |   6.47 |  12.37 |   6.50 |I I 
05:10-Sat-Mar-11-2017 PM2.5 |   2.41 |   2.46 |   4.22 |   2.74 |I I 
05:11-Sat-Mar-11-2017 PM10  |   5.50 |   6.27 |  12.37 |   6.50 |I I 
05:11-Sat-Mar-11-2017 PM2.5 |   2.57 |   2.48 |   4.22 |   2.74 |I I 
05:12-Sat-Mar-11-2017 PM10  |   5.50 |   6.14 |  12.37 |   6.50 |I I 
05:12-Sat-Mar-11-2017 PM2.5 |   2.57 |   2.50 |   4.22 |   2.74 |I I 
05:16-Sat-Mar-11-2017 PM10  |   4.66 |   5.93 |  12.37 |   6.50 |I I 
05:16-Sat-Mar-11-2017 PM2.5 |   2.62 |   2.51 |   4.22 |   2.74 |I I 
05:17-Sat-Mar-11-2017 PM10  |   4.15 |   5.71 |  12.37 |   6.50 |I I 
05:17-Sat-Mar-11-2017 PM2.5 |   2.18 |   2.47 |   4.22 |   2.74 |I I 
05:21-Sat-Mar-11-2017 PM10  |   4.93 |   5.62 |  12.37 |   6.50 |I I 
05:21-Sat-Mar-11-2017 PM2.5 |   2.26 |   2.45 |   4.22 |   2.74 |I I 
05:22-Sat-Mar-11-2017 PM10  |   5.15 |   5.58 |  12.37 |   6.50 |I I 
05:22-Sat-Mar-11-2017 PM2.5 |   2.38 |   2.44 |   4.22 |   2.74 |I I 
05:26-Sat-Mar-11-2017 PM10  |   5.40 |   5.56 |  12.37 |   6.50 |I I 
05:26-Sat-Mar-11-2017 PM2.5 |   2.53 |   2.45 |   4.22 |   2.74 |I I 
05:27-Sat-Mar-11-2017 PM10  |   4.75 |   5.49 |  12.37 |   6.50 |I I 
05:27-Sat-Mar-11-2017 PM2.5 |   2.66 |   2.47 |   4.22 |   2.74 |I I 
05:31-Sat-Mar-11-2017 PM10  |   5.60 |   5.50 |  12.37 |   6.50 |I I 
05:31-Sat-Mar-11-2017 PM2.5 |   2.62 |   2.48 |   4.22 |   2.74 |I I 
05:32-Sat-Mar-11-2017 PM10  |   9.20 |   5.76 |  12.37 |   6.50 |I I 
05:32-Sat-Mar-11-2017 PM2.5 |   2.61 |   2.49 |   4.22 |   2.74 |I I 
05:36-Sat-Mar-11-2017 PM10  |   5.44 |   5.74 |  12.37 |   6.50 |I I 
05:36-Sat-Mar-11-2017 PM2.5 |   2.51 |   2.49 |   4.22 |   2.74 |I I 
05:37-Sat-Mar-11-2017 PM10  |   5.66 |   5.74 |  12.37 |   6.50 |I I 
05:37-Sat-Mar-11-2017 PM2.5 |   2.33 |   2.48 |   4.22 |   2.74 |I I 
05:38-Sat-Mar-11-2017 PM10  |   5.66 |   5.73 |  12.37 |   6.50 |I I 
05:38-Sat-Mar-11-2017 PM2.5 |   2.33 |   2.47 |   4.22 |   2.74 |I I 
05:42-Sat-Mar-11-2017 PM10  |   4.49 |   5.66 |  12.37 |   6.50 |I I 
05:42-Sat-Mar-11-2017 PM2.5 |   2.15 |   2.45 |   4.22 |   2.74 |I I 
05:43-Sat-Mar-11-2017 PM10  |   7.46 |   5.76 |  12.37 |   6.50 |I I 
05:43-Sat-Mar-11-2017 PM2.5 |   2.53 |   2.46 |   4.22 |   2.74 |I I 
05:47-Sat-Mar-11-2017 PM10  |   7.40 |   5.84 |  12.37 |   6.50 |I I 
05:47-Sat-Mar-11-2017 PM2.5 |   2.55 |   2.46 |   4.22 |   2.74 |I I 
05:48-Sat-Mar-11-2017 PM10  |   7.95 |   5.94 |  12.37 |   6.50 |I I 
05:48-Sat-Mar-11-2017 PM2.5 |   2.64 |   2.47 |   4.22 |   2.74 |I I 
05:52-Sat-Mar-11-2017 PM10  |   6.59 |   5.97 |  12.37 |   6.50 |I I 
05:52-Sat-Mar-11-2017 PM2.5 |   2.40 |   2.47 |   4.22 |   2.74 |I I 
05:53-Sat-Mar-11-2017 PM10  |   5.39 |   5.95 |  12.37 |   6.50 |I I 
05:53-Sat-Mar-11-2017 PM2.5 |   2.71 |   2.48 |   4.22 |   2.74 |I I 
05:57-Sat-Mar-11-2017 PM10  |   5.00 |   5.91 |  12.37 |   6.50 |I I 
05:57-Sat-Mar-11-2017 PM2.5 |   2.46 |   2.48 |   4.22 |   2.74 |I I 
05:58-Sat-Mar-11-2017 PM10  |   4.57 |   5.85 |  12.37 |   6.50 |I I 
05:58-Sat-Mar-11-2017 PM2.5 |   2.27 |   2.47 |   4.22 |   2.74 |I I 
06:02-Sat-Mar-11-2017 PM10  |   3.50 |   5.76 |  12.37 |   5.76 |I I 
06:02-Sat-Mar-11-2017 PM2.5 |   2.21 |   2.46 |   4.22 |   2.46 |I I 
06:03-Sat-Mar-11-2017 PM10  |   5.89 |   5.89 |  12.37 |   5.76 |I I 
06:03-Sat-Mar-11-2017 PM2.5 |   2.62 |   2.62 |   4.22 |   2.46 |I I 
06:04-Sat-Mar-11-2017 PM10  |   5.89 |   5.89 |  12.37 |   5.76 |I I 
06:04-Sat-Mar-11-2017 PM2.5 |   2.62 |   2.62 |   4.22 |   2.46 |I I 
06:08-Sat-Mar-11-2017 PM10  |   6.76 |   6.18 |  12.37 |   5.76 |I I 
06:08-Sat-Mar-11-2017 PM2.5 |   2.45 |   2.56 |   4.22 |   2.46 |I I 
06:09-Sat-Mar-11-2017 PM10  |   5.92 |   6.12 |  12.37 |   5.76 |I I 
06:09-Sat-Mar-11-2017 PM2.5 |   2.56 |   2.56 |   4.22 |   2.46 |I I 
06:13-Sat-Mar-11-2017 PM10  |   4.71 |   5.83 |  12.37 |   5.76 |I I 
06:13-Sat-Mar-11-2017 PM2.5 |   2.26 |   2.50 |   4.22 |   2.46 |I I 
06:14-Sat-Mar-11-2017 PM10  |   5.25 |   5.74 |  12.37 |   5.76 |I I 
06:14-Sat-Mar-11-2017 PM2.5 |   2.37 |   2.48 |   4.22 |   2.46 |I I 
06:18-Sat-Mar-11-2017 PM10  |   5.16 |   5.65 |  12.37 |   5.76 |I I 
06:18-Sat-Mar-11-2017 PM2.5 |   2.31 |   2.46 |   4.22 |   2.46 |I I 
06:19-Sat-Mar-11-2017 PM10  |   4.48 |   5.51 |  12.37 |   5.76 |I I 
06:19-Sat-Mar-11-2017 PM2.5 |   2.31 |   2.44 |   4.22 |   2.46 |I I 
06:23-Sat-Mar-11-2017 PM10  |   3.89 |   5.33 |  12.37 |   5.76 |I I 
06:23-Sat-Mar-11-2017 PM2.5 |   2.20 |   2.41 |   4.22 |   2.46 |I I 
06:24-Sat-Mar-11-2017 PM10  |   7.79 |   5.57 |  12.37 |   5.76 |I I 
06:24-Sat-Mar-11-2017 PM2.5 |   2.71 |   2.44 |   4.22 |   2.46 |I I 
06:28-Sat-Mar-11-2017 PM10  |   5.08 |   5.53 |  12.37 |   5.76 |I I 
06:28-Sat-Mar-11-2017 PM2.5 |   2.31 |   2.43 |   4.22 |   2.46 |I I 
06:29-Sat-Mar-11-2017 PM10  |   3.44 |   5.36 |  12.37 |   5.76 |I I 
06:29-Sat-Mar-11-2017 PM2.5 |   2.17 |   2.41 |   4.22 |   2.46 |I I 
06:34-Sat-Mar-11-2017 PM10  |   3.60 |   5.22 |  12.37 |   5.76 |I I 
06:34-Sat-Mar-11-2017 PM2.5 |   2.14 |   2.39 |   4.22 |   2.46 |I I 
06:35-Sat-Mar-11-2017 PM10  |   3.95 |   5.13 |  12.37 |   5.76 |I I 
06:35-Sat-Mar-11-2017 PM2.5 |   2.09 |   2.37 |   4.22 |   2.46 |I I 
06:40-Sat-Mar-11-2017 PM10  |   5.53 |   5.16 |  12.37 |   5.76 |I I 
06:40-Sat-Mar-11-2017 PM2.5 |   2.41 |   2.37 |   4.22 |   2.46 |I I 
06:41-Sat-Mar-11-2017 PM10  |   6.78 |   5.26 |  12.37 |   5.76 |I I 
06:41-Sat-Mar-11-2017 PM2.5 |   2.21 |   2.36 |   4.22 |   2.46 |I I 
06:45-Sat-Mar-11-2017 PM10  |   5.52 |   5.27 |  12.37 |   5.76 |I I 
06:45-Sat-Mar-11-2017 PM2.5 |   2.58 |   2.37 |   4.22 |   2.46 |I I 
06:46-Sat-Mar-11-2017 PM10  |   3.44 |   5.17 |  12.37 |   5.76 |I I 
06:46-Sat-Mar-11-2017 PM2.5 |   2.07 |   2.36 |   4.22 |   2.46 |I I 
06:50-Sat-Mar-11-2017 PM10  |   5.11 |   5.17 |  12.37 |   5.76 |I I 
06:50-Sat-Mar-11-2017 PM2.5 |   2.23 |   2.35 |   4.22 |   2.46 |I I 
06:51-Sat-Mar-11-2017 PM10  |   6.70 |   5.24 |  12.37 |   5.76 |I I 
06:51-Sat-Mar-11-2017 PM2.5 |   2.07 |   2.34 |   4.22 |   2.46 |I I 
06:55-Sat-Mar-11-2017 PM10  |   7.25 |   5.34 |  12.37 |   5.76 |I I 
06:55-Sat-Mar-11-2017 PM2.5 |   2.10 |   2.32 |   4.22 |   2.46 |I I 
06:56-Sat-Mar-11-2017 PM10  |   5.16 |   5.33 |  12.37 |   5.76 |I I 
06:56-Sat-Mar-11-2017 PM2.5 |   2.23 |   2.32 |   4.22 |   2.46 |I I 
07:00-Sat-Mar-11-2017 PM10  |   4.37 |   5.29 |  12.37 |   5.29 |I I 
07:00-Sat-Mar-11-2017 PM2.5 |   2.27 |   2.32 |   4.22 |   2.32 |I I 
07:01-Sat-Mar-11-2017 PM10  |   4.37 |   4.37 |  12.37 |   5.29 |I I 
07:01-Sat-Mar-11-2017 PM2.5 |   2.27 |   2.27 |   4.22 |   2.32 |I I 
07:02-Sat-Mar-11-2017 PM10  |   4.80 |   4.59 |  12.37 |   5.29 |I I 
07:02-Sat-Mar-11-2017 PM2.5 |   2.03 |   2.15 |   4.22 |   2.32 |I I 
07:06-Sat-Mar-11-2017 PM10  |   6.30 |   5.16 |  12.37 |   5.29 |I I 
07:06-Sat-Mar-11-2017 PM2.5 |   2.42 |   2.24 |   4.22 |   2.32 |I I 
07:07-Sat-Mar-11-2017 PM10  |   7.38 |   5.71 |  12.37 |   5.29 |I I 
07:07-Sat-Mar-11-2017 PM2.5 |   2.29 |   2.25 |   4.22 |   2.32 |I I 
07:11-Sat-Mar-11-2017 PM10  |   5.28 |   5.63 |  12.37 |   5.29 |I I 
07:11-Sat-Mar-11-2017 PM2.5 |   2.07 |   2.21 |   4.22 |   2.32 |I I 
07:12-Sat-Mar-11-2017 PM10  |   5.51 |   5.61 |  12.37 |   5.29 |I I 
07:12-Sat-Mar-11-2017 PM2.5 |   2.29 |   2.23 |   4.22 |   2.32 |I I 
07:16-Sat-Mar-11-2017 PM10  |   7.46 |   5.87 |  12.37 |   5.29 |I I 
07:16-Sat-Mar-11-2017 PM2.5 |   2.87 |   2.32 |   4.22 |   2.32 |I I 
07:17-Sat-Mar-11-2017 PM10  |   5.67 |   5.85 |  12.37 |   5.29 |I I 
07:17-Sat-Mar-11-2017 PM2.5 |   2.37 |   2.33 |   4.22 |   2.32 |I I 
07:21-Sat-Mar-11-2017 PM10  |   6.04 |   5.87 |  12.37 |   5.29 |I I 
07:21-Sat-Mar-11-2017 PM2.5 |   2.46 |   2.34 |   4.22 |   2.32 |I I 
07:22-Sat-Mar-11-2017 PM10  |   5.56 |   5.84 |  12.37 |   5.29 |I I 
07:22-Sat-Mar-11-2017 PM2.5 |   2.18 |   2.32 |   4.22 |   2.32 |I I 
07:26-Sat-Mar-11-2017 PM10  |   7.01 |   5.94 |  12.37 |   5.29 |I I 
07:26-Sat-Mar-11-2017 PM2.5 |   2.35 |   2.33 |   4.22 |   2.32 |I I 
07:27-Sat-Mar-11-2017 PM10  |   7.01 |   6.03 |  12.37 |   5.29 |I I 
07:27-Sat-Mar-11-2017 PM2.5 |   2.35 |   2.33 |   4.22 |   2.32 |I I 
07:28-Sat-Mar-11-2017 PM10  |   7.39 |   6.14 |  12.37 |   5.29 |I I 
07:28-Sat-Mar-11-2017 PM2.5 |   2.30 |   2.33 |   4.22 |   2.32 |I I 
07:32-Sat-Mar-11-2017 PM10  |   7.66 |   6.25 |  12.37 |   5.29 |I I 
07:32-Sat-Mar-11-2017 PM2.5 |   2.35 |   2.33 |   4.22 |   2.32 |I I 
07:33-Sat-Mar-11-2017 PM10  |  11.98 |   6.63 |  12.37 |   5.29 |I I 
07:33-Sat-Mar-11-2017 PM2.5 |   2.32 |   2.33 |   4.22 |   2.32 |I I 
07:37-Sat-Mar-11-2017 PM10  |  13.90 |   7.08 |  12.37 |   5.29 |I I 
07:37-Sat-Mar-11-2017 PM2.5 |   2.47 |   2.34 |   4.22 |   2.32 |I I 
07:38-Sat-Mar-11-2017 PM10  |   6.14 |   7.03 |  12.37 |   5.29 |I I 
07:38-Sat-Mar-11-2017 PM2.5 |   2.33 |   2.34 |   4.22 |   2.32 |I I 
07:42-Sat-Mar-11-2017 PM10  |   7.25 |   7.04 |  12.37 |   5.29 |I I 
07:42-Sat-Mar-11-2017 PM2.5 |   2.36 |   2.34 |   4.22 |   2.32 |I I 
07:43-Sat-Mar-11-2017 PM10  |   6.82 |   7.03 |  12.37 |   5.29 |I I 
07:43-Sat-Mar-11-2017 PM2.5 |   2.30 |   2.33 |   4.22 |   2.32 |I I 
07:47-Sat-Mar-11-2017 PM10  |   6.10 |   6.98 |  12.37 |   5.29 |I I 
07:47-Sat-Mar-11-2017 PM2.5 |   2.50 |   2.34 |   4.22 |   2.32 |I I 
07:48-Sat-Mar-11-2017 PM10  |   4.36 |   6.86 |  12.37 |   5.29 |I I 
07:48-Sat-Mar-11-2017 PM2.5 |   2.22 |   2.34 |   4.22 |   2.32 |I I 
07:52-Sat-Mar-11-2017 PM10  |   7.84 |   6.90 |  12.37 |   5.29 |I I 
07:52-Sat-Mar-11-2017 PM2.5 |   2.33 |   2.34 |   4.22 |   2.32 |I I 
07:53-Sat-Mar-11-2017 PM10  |   7.84 |   6.94 |  12.37 |   5.29 |I I 
07:53-Sat-Mar-11-2017 PM2.5 |   2.33 |   2.34 |   4.22 |   2.32 |I I 
07:54-Sat-Mar-11-2017 PM10  |   8.04 |   6.99 |  12.37 |   5.29 |I I 
07:54-Sat-Mar-11-2017 PM2.5 |   2.56 |   2.35 |   4.22 |   2.32 |I I 
07:58-Sat-Mar-11-2017 PM10  |   9.23 |   7.08 |  12.37 |   5.29 |I I 
07:58-Sat-Mar-11-2017 PM2.5 |   2.81 |   2.36 |   4.22 |   2.32 |I I 
07:59-Sat-Mar-11-2017 PM10  |   7.60 |   7.10 |  12.37 |   5.29 |I I 
07:59-Sat-Mar-11-2017 PM2.5 |   2.44 |   2.37 |   4.22 |   2.32 |I I 
08:03-Sat-Mar-11-2017 PM10  |   6.74 |   7.08 |  12.37 |   5.29 |I I 
08:03-Sat-Mar-11-2017 PM2.5 |   2.60 |   2.38 |   4.22 |   2.32 |I I 
08:04-Sat-Mar-11-2017 PM10  |   5.34 |   5.34 |  12.37 |   5.29 |I I 
08:04-Sat-Mar-11-2017 PM2.5 |   2.53 |   2.53 |   4.22 |   2.32 |I I 
08:08-Sat-Mar-11-2017 PM10  |   5.34 |   5.34 |  12.37 |   5.29 |I I 
08:08-Sat-Mar-11-2017 PM2.5 |   2.65 |   2.59 |   4.22 |   2.32 |I I 
08:09-Sat-Mar-11-2017 PM10  |   4.75 |   5.14 |  12.37 |   5.29 |I I 
08:09-Sat-Mar-11-2017 PM2.5 |   2.29 |   2.49 |   4.22 |   2.32 |I I 
08:13-Sat-Mar-11-2017 PM10  |   6.24 |   5.42 |  12.37 |   5.29 |I I 
08:13-Sat-Mar-11-2017 PM2.5 |   2.46 |   2.48 |   4.22 |   2.32 |I I 
08:14-Sat-Mar-11-2017 PM10  |   5.20 |   5.37 |  12.37 |   5.29 |I I 
08:14-Sat-Mar-11-2017 PM2.5 |   2.22 |   2.43 |   4.22 |   2.32 |I I 
08:18-Sat-Mar-11-2017 PM10  |   7.28 |   5.69 |  12.37 |   5.29 |I I 
08:18-Sat-Mar-11-2017 PM2.5 |   2.21 |   2.39 |   4.22 |   2.32 |I I 
08:19-Sat-Mar-11-2017 PM10  |   3.67 |   5.40 |  12.37 |   5.29 |I I 
08:19-Sat-Mar-11-2017 PM2.5 |   2.28 |   2.38 |   4.22 |   2.32 |I I 
08:20-Sat-Mar-11-2017 PM10  |   3.67 |   5.19 |  12.37 |   5.29 |I I 
08:20-Sat-Mar-11-2017 PM2.5 |   2.28 |   2.37 |   4.22 |   2.32 |I I 
08:24-Sat-Mar-11-2017 PM10  |  10.05 |   5.73 |  12.37 |   5.29 |I I 
08:24-Sat-Mar-11-2017 PM2.5 |   2.34 |   2.36 |   4.22 |   2.32 |I I 
08:25-Sat-Mar-11-2017 PM10  |   5.22 |   5.68 |  12.37 |   5.29 |I I 
08:25-Sat-Mar-11-2017 PM2.5 |   2.20 |   2.35 |   4.22 |   2.32 |I I 
08:29-Sat-Mar-11-2017 PM10  |   5.60 |   5.67 |  12.37 |   5.29 |I I 
08:29-Sat-Mar-11-2017 PM2.5 |   2.33 |   2.35 |   4.22 |   2.32 |I I 
08:30-Sat-Mar-11-2017 PM10  |   4.46 |   5.57 |  12.37 |   5.29 |I I 
08:30-Sat-Mar-11-2017 PM2.5 |   2.26 |   2.34 |   4.22 |   2.32 |I I 
08:34-Sat-Mar-11-2017 PM10  |   5.95 |   5.60 |  12.37 |   5.29 |I I 
08:34-Sat-Mar-11-2017 PM2.5 |   2.32 |   2.34 |   4.22 |   2.32 |I I 
08:35-Sat-Mar-11-2017 PM10  |   4.05 |   5.49 |  12.37 |   5.29 |I I 
08:35-Sat-Mar-11-2017 PM2.5 |   2.11 |   2.32 |   4.22 |   2.32 |I I 
08:39-Sat-Mar-11-2017 PM10  |   3.90 |   5.38 |  12.37 |   5.29 |I I 
08:39-Sat-Mar-11-2017 PM2.5 |   2.12 |   2.31 |   4.22 |   2.32 |I I 
08:40-Sat-Mar-11-2017 PM10  |   5.48 |   5.39 |  12.37 |   5.29 |I I 
08:40-Sat-Mar-11-2017 PM2.5 |   2.25 |   2.30 |   4.22 |   2.32 |I I 
08:44-Sat-Mar-11-2017 PM10  |   6.44 |   5.45 |  12.37 |   5.29 |I I 
08:44-Sat-Mar-11-2017 PM2.5 |   2.39 |   2.31 |   4.22 |   2.32 |I I 
08:45-Sat-Mar-11-2017 PM10  |   9.63 |   5.68 |  12.37 |   5.29 |I I 
08:45-Sat-Mar-11-2017 PM2.5 |   2.77 |   2.33 |   4.22 |   2.32 |I I 
08:46-Sat-Mar-11-2017 PM10  |   9.63 |   5.89 |  12.37 |   5.29 |I I 
08:46-Sat-Mar-11-2017 PM2.5 |   2.77 |   2.36 |   4.22 |   2.32 |I I 
08:50-Sat-Mar-11-2017 PM10  |  16.07 |   6.40 |  12.37 |   5.29 |I I 
08:50-Sat-Mar-11-2017 PM2.5 |   2.57 |   2.37 |   4.22 |   2.32 |I I 
08:51-Sat-Mar-11-2017 PM10  |   7.59 |   6.45 |  12.37 |   5.29 |I I 
08:51-Sat-Mar-11-2017 PM2.5 |   2.74 |   2.39 |   4.22 |   2.32 |I I 
08:55-Sat-Mar-11-2017 PM10  |   6.51 |   6.46 |  12.37 |   5.29 |I I 
08:55-Sat-Mar-11-2017 PM2.5 |   2.56 |   2.39 |   4.22 |   2.32 |I I 
08:56-Sat-Mar-11-2017 PM10  |   8.84 |   6.56 |  12.37 |   5.29 |I I 
08:56-Sat-Mar-11-2017 PM2.5 |   2.41 |   2.39 |   4.22 |   2.32 |I I 
09:00-Sat-Mar-11-2017 PM10  |   9.08 |   6.67 |  12.37 |   5.29 |I I 
09:00-Sat-Mar-11-2017 PM2.5 |   2.50 |   2.40 |   4.22 |   2.32 |I I 
09:01-Sat-Mar-11-2017 PM10  |  16.42 |  16.42 |  12.37 |   5.29 |I I 
09:01-Sat-Mar-11-2017 PM2.5 |   2.79 |   2.79 |   4.22 |   2.32 |I I 
09:05-Sat-Mar-11-2017 PM10  |  11.85 |  14.14 |  12.37 |   5.29 |I I 
09:05-Sat-Mar-11-2017 PM2.5 |   2.64 |   2.72 |   4.22 |   2.32 |I I 
09:06-Sat-Mar-11-2017 PM10  |  12.56 |  13.61 |  12.37 |   5.29 |I I 
09:06-Sat-Mar-11-2017 PM2.5 |   2.59 |   2.68 |   4.22 |   2.32 |I I 
09:10-Sat-Mar-11-2017 PM10  |   8.06 |  12.22 |  12.37 |   5.29 |I I 
09:10-Sat-Mar-11-2017 PM2.5 |   2.34 |   2.59 |   4.22 |   2.32 |I I 
09:11-Sat-Mar-11-2017 PM10  |  10.10 |  11.80 |  12.37 |   5.29 |I I 
09:11-Sat-Mar-11-2017 PM2.5 |   2.43 |   2.56 |   4.22 |   2.32 |I I 
09:12-Sat-Mar-11-2017 PM10  |  10.10 |  11.52 |  12.37 |   5.29 |I I 
09:12-Sat-Mar-11-2017 PM2.5 |   2.43 |   2.54 |   4.22 |   2.32 |I I 
09:15-Sat-Mar-11-2017 PM10  |   7.99 |  11.01 |  12.37 |   5.29 |I I 
09:15-Sat-Mar-11-2017 PM2.5 |   2.32 |   2.51 |   4.22 |   2.32 |I I 
09:17-Sat-Mar-11-2017 PM10  |   7.99 |  10.63 |  12.37 |   5.29 |I I 
09:17-Sat-Mar-11-2017 PM2.5 |   2.32 |   2.48 |   4.22 |   2.32 |I I 
09:18-Sat-Mar-11-2017 PM10  |   9.96 |  10.56 |  12.37 |   5.29 |I I 
09:18-Sat-Mar-11-2017 PM2.5 |   2.37 |   2.47 |   4.22 |   2.32 |I I 
09:22-Sat-Mar-11-2017 PM10  |   9.56 |  10.46 |  12.37 |   5.29 |I I 
09:22-Sat-Mar-11-2017 PM2.5 |   2.41 |   2.46 |   4.22 |   2.32 |I I 
09:23-Sat-Mar-11-2017 PM10  |   6.31 |  10.08 |  12.37 |   5.29 |I I 
09:23-Sat-Mar-11-2017 PM2.5 |   2.39 |   2.46 |   4.22 |   2.32 |I I 
09:27-Sat-Mar-11-2017 PM10  |   8.06 |   9.91 |  12.37 |   5.29 |I I 
09:27-Sat-Mar-11-2017 PM2.5 |   2.31 |   2.45 |   4.22 |   2.32 |I I 
09:28-Sat-Mar-11-2017 PM10  |   5.39 |   9.56 |  12.37 |   5.29 |I I 
09:28-Sat-Mar-11-2017 PM2.5 |   2.28 |   2.43 |   4.22 |   2.32 |I I 
09:32-Sat-Mar-11-2017 PM10  |   7.75 |   9.44 |  12.37 |   5.29 |I I 
09:32-Sat-Mar-11-2017 PM2.5 |   2.61 |   2.45 |   4.22 |   2.32 |I I 
09:33-Sat-Mar-11-2017 PM10  |   8.66 |   9.38 |  12.37 |   5.29 |I I 
09:33-Sat-Mar-11-2017 PM2.5 |   2.39 |   2.44 |   4.22 |   2.32 |I I 
09:37-Sat-Mar-11-2017 PM10  |   8.08 |   9.30 |  12.37 |   5.29 |I I 
09:37-Sat-Mar-11-2017 PM2.5 |   2.49 |   2.44 |   4.22 |   2.32 |I I 
09:38-Sat-Mar-11-2017 PM10  |   6.14 |   9.12 |  12.37 |   5.29 |I I 
09:38-Sat-Mar-11-2017 PM2.5 |   2.19 |   2.43 |   4.22 |   2.32 |I I 
09:42-Sat-Mar-11-2017 PM10  |   5.22 |   8.90 |  12.37 |   5.29 |I I 
09:42-Sat-Mar-11-2017 PM2.5 |   2.17 |   2.42 |   4.22 |   2.32 |I I 
09:43-Sat-Mar-11-2017 PM10  |   5.16 |   8.70 |  12.37 |   5.29 |I I 
09:43-Sat-Mar-11-2017 PM2.5 |   2.25 |   2.41 |   4.22 |   2.32 |I I 
09:44-Sat-Mar-11-2017 PM10  |   5.16 |   8.52 |  12.37 |   5.29 |I I 
09:44-Sat-Mar-11-2017 PM2.5 |   2.25 |   2.40 |   4.22 |   2.32 |I I 
09:48-Sat-Mar-11-2017 PM10  |   5.61 |   8.39 |  12.37 |   5.29 |I I 
09:48-Sat-Mar-11-2017 PM2.5 |   2.21 |   2.39 |   4.22 |   2.32 |I I 
09:49-Sat-Mar-11-2017 PM10  |   5.11 |   8.24 |  12.37 |   5.29 |I I 
09:49-Sat-Mar-11-2017 PM2.5 |   2.17 |   2.38 |   4.22 |   2.32 |I I 
09:53-Sat-Mar-11-2017 PM10  |   3.88 |   8.05 |  12.37 |   5.29 |I I 
09:53-Sat-Mar-11-2017 PM2.5 |   2.05 |   2.37 |   4.22 |   2.32 |I I 
09:54-Sat-Mar-11-2017 PM10  |   6.31 |   7.98 |  12.37 |   5.29 |I I 
09:54-Sat-Mar-11-2017 PM2.5 |   2.16 |   2.36 |   4.22 |   2.32 |I I 
09:58-Sat-Mar-11-2017 PM10  |   3.82 |   7.81 |  12.37 |   5.29 |I I 
09:58-Sat-Mar-11-2017 PM2.5 |   2.25 |   2.35 |   4.22 |   2.32 |I I 
09:59-Sat-Mar-11-2017 PM10  |   5.41 |   7.72 |  12.37 |   5.29 |I I 
09:59-Sat-Mar-11-2017 PM2.5 |   2.32 |   2.35 |   4.22 |   2.32 |I I 
10:03-Sat-Mar-11-2017 PM10  |   6.10 |   7.66 |  12.37 |   5.29 |I I 
10:03-Sat-Mar-11-2017 PM2.5 |   2.47 |   2.36 |   4.22 |   2.32 |I I 
10:04-Sat-Mar-11-2017 PM10  |   7.57 |   7.57 |  12.37 |   5.29 |I I 
10:04-Sat-Mar-11-2017 PM2.5 |   2.26 |   2.26 |   4.22 |   2.32 |I I 
10:08-Sat-Mar-11-2017 PM10  |   5.27 |   6.42 |  12.37 |   5.29 |I I 
10:08-Sat-Mar-11-2017 PM2.5 |   2.17 |   2.21 |   4.22 |   2.32 |I I 
10:09-Sat-Mar-11-2017 PM10  |   3.87 |   5.57 |  12.37 |   5.29 |I I 
10:09-Sat-Mar-11-2017 PM2.5 |   2.03 |   2.15 |   4.22 |   2.32 |I I 
10:10-Sat-Mar-11-2017 PM10  |   3.87 |   5.15 |  12.37 |   5.29 |I I 
10:10-Sat-Mar-11-2017 PM2.5 |   2.03 |   2.12 |   4.22 |   2.32 |I I 
10:13-Sat-Mar-11-2017 PM10  |   4.37 |   4.99 |  12.37 |   5.29 |I I 
10:13-Sat-Mar-11-2017 PM2.5 |   2.09 |   2.12 |   4.22 |   2.32 |I I 
10:14-Sat-Mar-11-2017 PM10  |   4.37 |   4.89 |  12.37 |   5.29 |I I 
10:14-Sat-Mar-11-2017 PM2.5 |   2.09 |   2.11 |   4.22 |   2.32 |I I 
10:15-Sat-Mar-11-2017 PM10  |   4.69 |   4.86 |  12.37 |   5.29 |I I 
10:15-Sat-Mar-11-2017 PM2.5 |   2.17 |   2.12 |   4.22 |   2.32 |I I 
10:19-Sat-Mar-11-2017 PM10  |   4.23 |   4.78 |  12.37 |   5.29 |I I 
10:19-Sat-Mar-11-2017 PM2.5 |   2.09 |   2.12 |   4.22 |   2.32 |I I 
10:20-Sat-Mar-11-2017 PM10  |   8.52 |   5.20 |  12.37 |   5.29 |I I 
10:20-Sat-Mar-11-2017 PM2.5 |   2.49 |   2.16 |   4.22 |   2.32 |I I 
10:24-Sat-Mar-11-2017 PM10  |   4.05 |   5.08 |  12.37 |   5.29 |I I 
10:24-Sat-Mar-11-2017 PM2.5 |   2.34 |   2.18 |   4.22 |   2.32 |I I 
10:25-Sat-Mar-11-2017 PM10  |   4.55 |   5.03 |  12.37 |   5.29 |I I 
10:25-Sat-Mar-11-2017 PM2.5 |   2.25 |   2.18 |   4.22 |   2.32 |I I 
10:29-Sat-Mar-11-2017 PM10  |   7.14 |   5.21 |  12.37 |   5.29 |I I 
10:29-Sat-Mar-11-2017 PM2.5 |   2.32 |   2.19 |   4.22 |   2.32 |I I 
10:30-Sat-Mar-11-2017 PM10  |   4.39 |   5.15 |  12.37 |   5.29 |I I 
10:30-Sat-Mar-11-2017 PM2.5 |   2.14 |   2.19 |   4.22 |   2.32 |I I 
10:34-Sat-Mar-11-2017 PM10  |   4.48 |   5.10 |  12.37 |   5.29 |I I 
10:34-Sat-Mar-11-2017 PM2.5 |   2.25 |   2.19 |   4.22 |   2.32 |I I 
10:35-Sat-Mar-11-2017 PM10  |   6.29 |   5.18 |  12.37 |   5.29 |I I 
10:35-Sat-Mar-11-2017 PM2.5 |   2.21 |   2.19 |   4.22 |   2.32 |I I 
10:39-Sat-Mar-11-2017 PM10  |   8.80 |   5.40 |  12.37 |   5.29 |I I 
10:39-Sat-Mar-11-2017 PM2.5 |   2.22 |   2.20 |   4.22 |   2.32 |I I 
10:40-Sat-Mar-11-2017 PM10  |   4.79 |   5.37 |  12.37 |   5.29 |I I 
10:40-Sat-Mar-11-2017 PM2.5 |   2.12 |   2.19 |   4.22 |   2.32 |I I 
10:41-Sat-Mar-11-2017 PM10  |   4.79 |   5.34 |  12.37 |   5.29 |I I 
10:41-Sat-Mar-11-2017 PM2.5 |   2.12 |   2.19 |   4.22 |   2.32 |I I 
10:45-Sat-Mar-11-2017 PM10  |   4.70 |   5.30 |  12.37 |   5.29 |I I 
10:45-Sat-Mar-11-2017 PM2.5 |   2.22 |   2.19 |   4.22 |   2.32 |I I 
10:46-Sat-Mar-11-2017 PM10  |   5.22 |   5.30 |  12.37 |   5.29 |I I 
10:46-Sat-Mar-11-2017 PM2.5 |   2.29 |   2.20 |   4.22 |   2.32 |I I 
10:50-Sat-Mar-11-2017 PM10  |   4.72 |   5.27 |  12.37 |   5.29 |I I 
10:50-Sat-Mar-11-2017 PM2.5 |   2.21 |   2.20 |   4.22 |   2.32 |I I 
10:51-Sat-Mar-11-2017 PM10  |   3.50 |   5.19 |  12.37 |   5.29 |I I 
10:51-Sat-Mar-11-2017 PM2.5 |   2.07 |   2.19 |   4.22 |   2.32 |I I 
10:55-Sat-Mar-11-2017 PM10  |   7.00 |   5.27 |  12.37 |   5.29 |I I 
10:55-Sat-Mar-11-2017 PM2.5 |   2.28 |   2.19 |   4.22 |   2.32 |I I 
10:56-Sat-Mar-11-2017 PM10  |   4.44 |   5.23 |  12.37 |   5.29 |I I 
10:56-Sat-Mar-11-2017 PM2.5 |   2.35 |   2.20 |   4.22 |   2.32 |I I 
11:00-Sat-Mar-11-2017 PM10  |   5.60 |   5.25 |  12.37 |   5.25 |I I 
11:00-Sat-Mar-11-2017 PM2.5 |   2.25 |   2.20 |   4.22 |   2.20 |I I 
11:01-Sat-Mar-11-2017 PM10  |   6.05 |   6.05 |  12.37 |   5.25 |I I 
11:01-Sat-Mar-11-2017 PM2.5 |   2.19 |   2.19 |   4.22 |   2.20 |I I 
11:05-Sat-Mar-11-2017 PM10  |   4.62 |   5.33 |  12.37 |   5.25 |I I 
11:05-Sat-Mar-11-2017 PM2.5 |   2.21 |   2.20 |   4.22 |   2.20 |I I 
11:06-Sat-Mar-11-2017 PM10  |   6.77 |   5.81 |  12.37 |   5.25 |I I 
11:06-Sat-Mar-11-2017 PM2.5 |   2.14 |   2.18 |   4.22 |   2.20 |I I 
11:07-Sat-Mar-11-2017 PM10  |   6.77 |   6.05 |  12.37 |   5.25 |I I 
11:07-Sat-Mar-11-2017 PM2.5 |   2.14 |   2.17 |   4.22 |   2.20 |I I 
11:10-Sat-Mar-11-2017 PM10  |   5.06 |   5.86 |  12.37 |   5.25 |I I 
11:10-Sat-Mar-11-2017 PM2.5 |   2.29 |   2.19 |   4.22 |   2.20 |I I 
11:11-Sat-Mar-11-2017 PM10  |   5.06 |   5.72 |  12.37 |   5.25 |I I 
11:11-Sat-Mar-11-2017 PM2.5 |   2.29 |   2.21 |   4.22 |   2.20 |I I 
11:13-Sat-Mar-11-2017 PM10  |   5.96 |   5.76 |  12.37 |   5.25 |I I 
11:13-Sat-Mar-11-2017 PM2.5 |   2.10 |   2.19 |   4.22 |   2.20 |I I 
11:17-Sat-Mar-11-2017 PM10  |   7.02 |   5.91 |  12.37 |   5.25 |I I 
11:17-Sat-Mar-11-2017 PM2.5 |   2.22 |   2.20 |   4.22 |   2.20 |I I 
11:18-Sat-Mar-11-2017 PM10  |   3.76 |   5.68 |  12.37 |   5.25 |I I 
11:18-Sat-Mar-11-2017 PM2.5 |   2.03 |   2.18 |   4.22 |   2.20 |I I 
11:22-Sat-Mar-11-2017 PM10  |   6.20 |   5.73 |  12.37 |   5.25 |I I 
11:22-Sat-Mar-11-2017 PM2.5 |   2.04 |   2.16 |   4.22 |   2.20 |I I 
11:23-Sat-Mar-11-2017 PM10  |   5.47 |   5.70 |  12.37 |   5.25 |I I 
11:23-Sat-Mar-11-2017 PM2.5 |   2.11 |   2.16 |   4.22 |   2.20 |I I 
11:27-Sat-Mar-11-2017 PM10  |   6.43 |   5.76 |  12.37 |   5.25 |I I 
11:27-Sat-Mar-11-2017 PM2.5 |   2.16 |   2.16 |   4.22 |   2.20 |I I 
11:28-Sat-Mar-11-2017 PM10  |   5.46 |   5.74 |  12.37 |   5.25 |I I 
11:28-Sat-Mar-11-2017 PM2.5 |   2.19 |   2.16 |   4.22 |   2.20 |I I 
11:32-Sat-Mar-11-2017 PM10  |   6.34 |   5.78 |  12.37 |   5.25 |I I 
11:32-Sat-Mar-11-2017 PM2.5 |   2.10 |   2.16 |   4.22 |   2.20 |I I 
11:33-Sat-Mar-11-2017 PM10  |   4.35 |   5.69 |  12.37 |   5.25 |I I 
11:33-Sat-Mar-11-2017 PM2.5 |   2.09 |   2.15 |   4.22 |   2.20 |I I 
11:37-Sat-Mar-11-2017 PM10  |   5.88 |   5.70 |  12.37 |   5.25 |I I 
11:37-Sat-Mar-11-2017 PM2.5 |   2.26 |   2.16 |   4.22 |   2.20 |I I 
11:38-Sat-Mar-11-2017 PM10  |   5.88 |   5.71 |  12.37 |   5.25 |I I 
11:38-Sat-Mar-11-2017 PM2.5 |   2.26 |   2.17 |   4.22 |   2.20 |I I 
11:39-Sat-Mar-11-2017 PM10  |   3.93 |   5.61 |  12.37 |   5.25 |I I 
11:39-Sat-Mar-11-2017 PM2.5 |   1.95 |   2.15 |   4.22 |   2.20 |I I 
11:43-Sat-Mar-11-2017 PM10  |   6.94 |   5.68 |  12.37 |   5.25 |I I 
11:43-Sat-Mar-11-2017 PM2.5 |   2.17 |   2.15 |   4.22 |   2.20 |I I 
11:44-Sat-Mar-11-2017 PM10  |   6.24 |   5.71 |  12.37 |   5.25 |I I 
11:44-Sat-Mar-11-2017 PM2.5 |   2.23 |   2.16 |   4.22 |   2.20 |I I 
11:48-Sat-Mar-11-2017 PM10  |   6.84 |   5.76 |  12.37 |   5.25 |I I 
11:48-Sat-Mar-11-2017 PM2.5 |   2.29 |   2.16 |   4.22 |   2.20 |I I 
11:49-Sat-Mar-11-2017 PM10  |   4.12 |   5.69 |  12.37 |   5.25 |I I 
11:49-Sat-Mar-11-2017 PM2.5 |   2.00 |   2.16 |   4.22 |   2.20 |I I 
11:53-Sat-Mar-11-2017 PM10  |   3.75 |   5.60 |  12.37 |   5.25 |I I 
11:53-Sat-Mar-11-2017 PM2.5 |   1.89 |   2.15 |   4.22 |   2.20 |I I 
11:54-Sat-Mar-11-2017 PM10  |   3.78 |   5.53 |  12.37 |   5.25 |I I 
11:54-Sat-Mar-11-2017 PM2.5 |   1.97 |   2.14 |   4.22 |   2.20 |I I 
11:58-Sat-Mar-11-2017 PM10  |   7.71 |   5.61 |  12.37 |   5.25 |I I 
11:58-Sat-Mar-11-2017 PM2.5 |   2.05 |   2.13 |   4.22 |   2.20 |I I 
11:59-Sat-Mar-11-2017 PM10  |   5.01 |   5.59 |  12.37 |   5.25 |I I 
11:59-Sat-Mar-11-2017 PM2.5 |   2.10 |   2.13 |   4.22 |   2.20 |I I 
12:03-Sat-Mar-11-2017 PM10  |   4.50 |   5.55 |  12.37 |   5.25 |I I 
12:03-Sat-Mar-11-2017 PM2.5 |   2.15 |   2.13 |   4.22 |   2.13 |I I 
12:04-Sat-Mar-11-2017 PM10  |   4.85 |   4.85 |  12.37 |   5.25 |I I 
12:04-Sat-Mar-11-2017 PM2.5 |   1.94 |   1.94 |   4.22 |   2.13 |I I 
12:08-Sat-Mar-11-2017 PM10  |   4.36 |   4.60 |  12.37 |   5.25 |I I 
12:08-Sat-Mar-11-2017 PM2.5 |   2.06 |   2.00 |   4.22 |   2.13 |I I 
12:09-Sat-Mar-11-2017 PM10  |   4.36 |   4.52 |  12.37 |   5.25 |I I 
12:09-Sat-Mar-11-2017 PM2.5 |   2.06 |   2.02 |   4.22 |   2.13 |I I 
12:10-Sat-Mar-11-2017 PM10  |   5.62 |   4.80 |  12.37 |   5.25 |I I 
12:10-Sat-Mar-11-2017 PM2.5 |   2.17 |   2.06 |   4.22 |   2.13 |I I 
12:14-Sat-Mar-11-2017 PM10  |   3.99 |   4.63 |  12.37 |   5.25 |I I 
12:14-Sat-Mar-11-2017 PM2.5 |   2.00 |   2.05 |   4.22 |   2.13 |I I 
12:15-Sat-Mar-11-2017 PM10  |   5.35 |   4.75 |  12.37 |   5.25 |I I 
12:15-Sat-Mar-11-2017 PM2.5 |   2.54 |   2.13 |   4.22 |   2.13 |I I 
12:19-Sat-Mar-11-2017 PM10  |   7.38 |   5.13 |  12.37 |   5.25 |I I 
12:19-Sat-Mar-11-2017 PM2.5 |   2.40 |   2.17 |   4.22 |   2.13 |I I 
12:20-Sat-Mar-11-2017 PM10  |   7.08 |   5.37 |  12.37 |   5.25 |I I 
12:20-Sat-Mar-11-2017 PM2.5 |   2.51 |   2.21 |   4.22 |   2.13 |I I 
12:24-Sat-Mar-11-2017 PM10  |  10.36 |   5.93 |  12.37 |   5.25 |I I 
12:24-Sat-Mar-11-2017 PM2.5 |   2.47 |   2.24 |   4.22 |   2.13 |I I 
12:25-Sat-Mar-11-2017 PM10  |   9.77 |   6.31 |  12.37 |   5.25 |I I 
12:25-Sat-Mar-11-2017 PM2.5 |   2.35 |   2.25 |   4.22 |   2.13 |I I 
12:29-Sat-Mar-11-2017 PM10  |   5.31 |   6.22 |  12.37 |   5.25 |I I 
12:29-Sat-Mar-11-2017 PM2.5 |   2.22 |   2.25 |   4.22 |   2.13 |I I 
12:30-Sat-Mar-11-2017 PM10  |   4.84 |   6.10 |  12.37 |   5.25 |I I 
12:30-Sat-Mar-11-2017 PM2.5 |   2.13 |   2.24 |   4.22 |   2.13 |I I 
12:34-Sat-Mar-11-2017 PM10  |   5.79 |   6.08 |  12.37 |   5.25 |I I 
12:34-Sat-Mar-11-2017 PM2.5 |   2.14 |   2.23 |   4.22 |   2.13 |I I 
12:35-Sat-Mar-11-2017 PM10  |   5.42 |   6.03 |  12.37 |   5.25 |I I 
12:35-Sat-Mar-11-2017 PM2.5 |   1.98 |   2.21 |   4.22 |   2.13 |I I 
12:36-Sat-Mar-11-2017 PM10  |   5.42 |   5.99 |  12.37 |   5.25 |I I 
12:36-Sat-Mar-11-2017 PM2.5 |   1.98 |   2.20 |   4.22 |   2.13 |I I 
12:40-Sat-Mar-11-2017 PM10  |   4.88 |   5.92 |  12.37 |   5.25 |I I 
12:40-Sat-Mar-11-2017 PM2.5 |   1.99 |   2.18 |   4.22 |   2.13 |I I 
12:41-Sat-Mar-11-2017 PM10  |   4.34 |   5.83 |  12.37 |   5.25 |I I 
12:41-Sat-Mar-11-2017 PM2.5 |   2.02 |   2.17 |   4.22 |   2.13 |I I 
12:45-Sat-Mar-11-2017 PM10  |   3.89 |   5.72 |  12.37 |   5.25 |I I 
12:45-Sat-Mar-11-2017 PM2.5 |   1.94 |   2.16 |   4.22 |   2.13 |I I 
12:46-Sat-Mar-11-2017 PM10  |   4.96 |   5.68 |  12.37 |   5.25 |I I 
12:46-Sat-Mar-11-2017 PM2.5 |   2.00 |   2.15 |   4.22 |   2.13 |I I 
12:50-Sat-Mar-11-2017 PM10  |   4.50 |   5.62 |  12.37 |   5.25 |I I 
12:50-Sat-Mar-11-2017 PM2.5 |   1.89 |   2.14 |   4.22 |   2.13 |I I 
12:51-Sat-Mar-11-2017 PM10  |   7.09 |   5.69 |  12.37 |   5.25 |I I 
12:51-Sat-Mar-11-2017 PM2.5 |   2.22 |   2.14 |   4.22 |   2.13 |I I 
12:55-Sat-Mar-11-2017 PM10  |   5.42 |   5.68 |  12.37 |   5.25 |I I 
12:55-Sat-Mar-11-2017 PM2.5 |   2.00 |   2.14 |   4.22 |   2.13 |I I 
12:56-Sat-Mar-11-2017 PM10  |   6.11 |   5.70 |  12.37 |   5.25 |I I 
12:56-Sat-Mar-11-2017 PM2.5 |   2.04 |   2.13 |   4.22 |   2.13 |I I 
13:00-Sat-Mar-11-2017 PM10  |   7.89 |   5.79 |  12.37 |   5.25 |I I 
13:00-Sat-Mar-11-2017 PM2.5 |   2.32 |   2.14 |   4.22 |   2.13 |I I 
13:01-Sat-Mar-11-2017 PM10  |   7.47 |   7.47 |  12.37 |   5.25 |I I 
13:01-Sat-Mar-11-2017 PM2.5 |   2.14 |   2.14 |   4.22 |   2.13 |I I 
13:02-Sat-Mar-11-2017 PM10  |   7.47 |   7.47 |  12.37 |   5.25 |I I 
13:02-Sat-Mar-11-2017 PM2.5 |   2.14 |   2.14 |   4.22 |   2.13 |I I 
13:05-Sat-Mar-11-2017 PM10  |   8.44 |   7.79 |  12.37 |   5.25 |I I 
13:05-Sat-Mar-11-2017 PM2.5 |   2.14 |   2.14 |   4.22 |   2.13 |I I 
13:06-Sat-Mar-11-2017 PM10  |   8.44 |   7.96 |  12.37 |   5.25 |I I 
13:06-Sat-Mar-11-2017 PM2.5 |   2.14 |   2.14 |   4.22 |   2.13 |I I 
13:07-Sat-Mar-11-2017 PM10  |   3.40 |   7.04 |  12.37 |   5.25 |I I 
13:07-Sat-Mar-11-2017 PM2.5 |   1.98 |   2.11 |   4.22 |   2.13 |I I 
13:12-Sat-Mar-11-2017 PM10  |   6.87 |   7.01 |  12.37 |   5.25 |I I 
13:12-Sat-Mar-11-2017 PM2.5 |   2.25 |   2.13 |   4.22 |   2.13 |I I 
13:13-Sat-Mar-11-2017 PM10  |  11.08 |   7.60 |  12.37 |   5.25 |I I 
13:13-Sat-Mar-11-2017 PM2.5 |   2.78 |   2.23 |   4.22 |   2.13 |I I 
13:17-Sat-Mar-11-2017 PM10  |   9.72 |   7.86 |  12.37 |   5.25 |I I 
13:17-Sat-Mar-11-2017 PM2.5 |   2.88 |   2.31 |   4.22 |   2.13 |I I 
13:18-Sat-Mar-11-2017 PM10  |  10.38 |   8.14 |  12.37 |   5.25 |I I 
13:18-Sat-Mar-11-2017 PM2.5 |   2.81 |   2.36 |   4.22 |   2.13 |I I 
13:22-Sat-Mar-11-2017 PM10  |   8.62 |   8.19 |  12.37 |   5.25 |I I 
13:22-Sat-Mar-11-2017 PM2.5 |   2.98 |   2.42 |   4.22 |   2.13 |I I 
13:23-Sat-Mar-11-2017 PM10  |   9.69 |   8.33 |  12.37 |   5.25 |I I 
13:23-Sat-Mar-11-2017 PM2.5 |   3.03 |   2.48 |   4.22 |   2.13 |I I 
13:27-Sat-Mar-11-2017 PM10  |   7.76 |   8.28 |  12.37 |   5.25 |I I 
13:27-Sat-Mar-11-2017 PM2.5 |   2.83 |   2.51 |   4.22 |   2.13 |I I 
13:28-Sat-Mar-11-2017 PM10  |  11.13 |   8.50 |  12.37 |   5.25 |I I 
13:28-Sat-Mar-11-2017 PM2.5 |   2.75 |   2.53 |   4.22 |   2.13 |I I 
13:32-Sat-Mar-11-2017 PM10  |  10.78 |   8.66 |  12.37 |   5.25 |I I 
13:32-Sat-Mar-11-2017 PM2.5 |   2.60 |   2.53 |   4.22 |   2.13 |I I 
13:33-Sat-Mar-11-2017 PM10  |  10.78 |   8.80 |  12.37 |   5.25 |I I 
13:33-Sat-Mar-11-2017 PM2.5 |   2.60 |   2.54 |   4.22 |   2.13 |I I 
13:34-Sat-Mar-11-2017 PM10  |  11.36 |   8.96 |  12.37 |   5.25 |I I 
13:34-Sat-Mar-11-2017 PM2.5 |   2.81 |   2.55 |   4.22 |   2.13 |I I 
13:38-Sat-Mar-11-2017 PM10  |  14.02 |   9.26 |  12.37 |   5.25 |I I 
13:38-Sat-Mar-11-2017 PM2.5 |   3.23 |   2.59 |   4.22 |   2.13 |I I 
13:39-Sat-Mar-11-2017 PM10  |  11.32 |   9.37 |  12.37 |   5.25 |I I 
13:39-Sat-Mar-11-2017 PM2.5 |   2.92 |   2.61 |   4.22 |   2.13 |I I 
13:43-Sat-Mar-11-2017 PM10  |  12.66 |   9.55 |  12.37 |   5.25 |I I 
13:43-Sat-Mar-11-2017 PM2.5 |   3.24 |   2.64 |   4.22 |   2.13 |I I 
13:44-Sat-Mar-11-2017 PM10  |  11.25 |   9.63 |  12.37 |   5.25 |I I 
13:44-Sat-Mar-11-2017 PM2.5 |   2.69 |   2.65 |   4.22 |   2.13 |I I 
13:48-Sat-Mar-11-2017 PM10  |  12.49 |   9.77 |  12.37 |   5.25 |I I 
13:48-Sat-Mar-11-2017 PM2.5 |   3.20 |   2.67 |   4.22 |   2.13 |I I 
13:49-Sat-Mar-11-2017 PM10  |  11.68 |   9.86 |  12.37 |   5.25 |I I 
13:49-Sat-Mar-11-2017 PM2.5 |   3.34 |   2.70 |   4.22 |   2.13 |I I 
13:53-Sat-Mar-11-2017 PM10  |  14.14 |  10.04 |  12.37 |   5.25 |I I 
13:53-Sat-Mar-11-2017 PM2.5 |   3.56 |   2.74 |   4.22 |   2.13 |I I 
13:54-Sat-Mar-11-2017 PM10  |   8.53 |   9.98 |  12.37 |   5.25 |I I 
13:54-Sat-Mar-11-2017 PM2.5 |   3.11 |   2.76 |   4.22 |   2.13 |I I 
13:58-Sat-Mar-11-2017 PM10  |  11.02 |  10.02 |  12.37 |   5.25 |I I 
13:58-Sat-Mar-11-2017 PM2.5 |   3.26 |   2.78 |   4.22 |   2.13 |I I 
13:59-Sat-Mar-11-2017 PM10  |  11.02 |  10.06 |  12.37 |   5.25 |I I 
13:59-Sat-Mar-11-2017 PM2.5 |   3.26 |   2.79 |   4.22 |   2.13 |I I 
14:00-Sat-Mar-11-2017 PM10  |   9.72 |  10.05 |  12.37 |   5.25 |I I 
14:00-Sat-Mar-11-2017 PM2.5 |   2.94 |   2.80 |   4.22 |   2.13 |I I 
14:04-Sat-Mar-11-2017 PM10  |  10.38 |  10.38 |  12.37 |   5.25 |I I 
14:04-Sat-Mar-11-2017 PM2.5 |   2.88 |   2.88 |   4.22 |   2.13 |I I 
14:05-Sat-Mar-11-2017 PM10  |  13.04 |  11.71 |  12.37 |   5.25 |I I 
14:05-Sat-Mar-11-2017 PM2.5 |   3.04 |   2.96 |   4.22 |   2.13 |I I 
14:09-Sat-Mar-11-2017 PM10  |  15.73 |  13.05 |  12.37 |   5.25 |I I 
14:09-Sat-Mar-11-2017 PM2.5 |   3.08 |   3.00 |   4.22 |   2.13 |I I 
14:10-Sat-Mar-11-2017 PM10  |  15.55 |  13.68 |  12.37 |   5.25 |I I 
14:10-Sat-Mar-11-2017 PM2.5 |   3.24 |   3.06 |   4.22 |   2.13 |I I 
14:14-Sat-Mar-11-2017 PM10  |  10.59 |  13.06 |  12.37 |   5.25 |I I 
14:14-Sat-Mar-11-2017 PM2.5 |   3.24 |   3.09 |   4.22 |   2.13 |I I 
14:15-Sat-Mar-11-2017 PM10  |  10.60 |  12.65 |  12.37 |   5.25 |I I 
14:15-Sat-Mar-11-2017 PM2.5 |   3.33 |   3.13 |   4.22 |   2.13 |I I 
14:19-Sat-Mar-11-2017 PM10  |  10.22 |  12.30 |  12.37 |   5.25 |I I 
14:19-Sat-Mar-11-2017 PM2.5 |   3.06 |   3.12 |   4.22 |   2.13 |I I 
14:20-Sat-Mar-11-2017 PM10  |  14.52 |  12.58 |  12.37 |   5.25 |I I 
14:20-Sat-Mar-11-2017 PM2.5 |   3.46 |   3.17 |   4.22 |   2.13 |I I 
14:24-Sat-Mar-11-2017 PM10  |  24.55 |  13.91 |  12.37 |   5.25 |I I 
14:24-Sat-Mar-11-2017 PM2.5 |   3.40 |   3.19 |   4.22 |   2.13 |I I 
14:25-Sat-Mar-11-2017 PM10  |  12.69 |  13.79 |  12.37 |   5.25 |I I 
14:25-Sat-Mar-11-2017 PM2.5 |   2.62 |   3.14 |   4.22 |   2.13 |I I 
14:26-Sat-Mar-11-2017 PM10  |  12.69 |  13.69 |  12.37 |   5.25 |I I 
14:26-Sat-Mar-11-2017 PM2.5 |   2.62 |   3.09 |   4.22 |   2.13 |I I 
14:30-Sat-Mar-11-2017 PM10  |   5.79 |  13.03 |  12.37 |   5.25 |I I 
14:30-Sat-Mar-11-2017 PM2.5 |   2.47 |   3.04 |   4.22 |   2.13 |I I 
14:31-Sat-Mar-11-2017 PM10  |   7.13 |  12.58 |  12.37 |   5.25 |I I 
14:31-Sat-Mar-11-2017 PM2.5 |   2.61 |   3.00 |   4.22 |   2.13 |I I 
14:35-Sat-Mar-11-2017 PM10  |   8.71 |  12.30 |  12.37 |   5.25 |I I 
14:35-Sat-Mar-11-2017 PM2.5 |   2.90 |   3.00 |   4.22 |   2.13 |I I 
14:36-Sat-Mar-11-2017 PM10  |  10.41 |  12.17 |  12.37 |   5.25 |I I 
14:36-Sat-Mar-11-2017 PM2.5 |   2.91 |   2.99 |   4.22 |   2.13 |I I 
14:40-Sat-Mar-11-2017 PM10  |  10.01 |  12.04 |  12.37 |   5.25 |I I 
14:40-Sat-Mar-11-2017 PM2.5 |   2.79 |   2.98 |   4.22 |   2.13 |I I 
14:41-Sat-Mar-11-2017 PM10  |  11.55 |  12.01 |  12.37 |   5.25 |I I 
14:41-Sat-Mar-11-2017 PM2.5 |   2.68 |   2.96 |   4.22 |   2.13 |I I 
14:45-Sat-Mar-11-2017 PM10  |   9.03 |  11.84 |  12.37 |   5.25 |I I 
14:45-Sat-Mar-11-2017 PM2.5 |   2.70 |   2.95 |   4.22 |   2.13 |I I 
14:46-Sat-Mar-11-2017 PM10  |   8.13 |  11.65 |  12.37 |   5.25 |I I 
14:46-Sat-Mar-11-2017 PM2.5 |   2.68 |   2.93 |   4.22 |   2.13 |I I 
14:50-Sat-Mar-11-2017 PM10  |  10.26 |  11.58 |  12.37 |   5.25 |I I 
14:50-Sat-Mar-11-2017 PM2.5 |   2.89 |   2.93 |   4.22 |   2.13 |I I 
14:51-Sat-Mar-11-2017 PM10  |   7.90 |  11.40 |  12.37 |   5.25 |I I 
14:51-Sat-Mar-11-2017 PM2.5 |   2.55 |   2.91 |   4.22 |   2.13 |I I 
14:52-Sat-Mar-11-2017 PM10  |   7.90 |  11.24 |  12.37 |   5.25 |I I 
14:52-Sat-Mar-11-2017 PM2.5 |   2.55 |   2.90 |   4.22 |   2.13 |I I 
14:55-Sat-Mar-11-2017 PM10  |   9.07 |  11.15 |  12.37 |   5.25 |I I 
14:55-Sat-Mar-11-2017 PM2.5 |   2.80 |   2.89 |   4.22 |   2.13 |I I 
14:56-Sat-Mar-11-2017 PM10  |   9.07 |  11.06 |  12.37 |   5.25 |I I 
14:56-Sat-Mar-11-2017 PM2.5 |   2.80 |   2.89 |   4.22 |   2.13 |I I 
14:57-Sat-Mar-11-2017 PM10  |   9.90 |  11.02 |  12.37 |   5.25 |I I 
14:57-Sat-Mar-11-2017 PM2.5 |   2.74 |   2.88 |   4.22 |   2.13 |I I 
15:01-Sat-Mar-11-2017 PM10  |  10.58 |  11.00 |  12.37 |   5.25 |I I 
15:01-Sat-Mar-11-2017 PM2.5 |   2.80 |   2.88 |   4.22 |   2.13 |I I 
15:02-Sat-Mar-11-2017 PM10  |  10.77 |  10.77 |  12.37 |   5.25 |I I 
15:02-Sat-Mar-11-2017 PM2.5 |   2.87 |   2.87 |   4.22 |   2.13 |I I 
15:06-Sat-Mar-11-2017 PM10  |   8.49 |   9.63 |  12.37 |   5.25 |I I 
15:06-Sat-Mar-11-2017 PM2.5 |   2.86 |   2.86 |   4.22 |   2.13 |I I 
15:07-Sat-Mar-11-2017 PM10  |   8.67 |   9.31 |  12.37 |   5.25 |I I 
15:07-Sat-Mar-11-2017 PM2.5 |   2.68 |   2.80 |   4.22 |   2.13 |I I 
15:11-Sat-Mar-11-2017 PM10  |   7.11 |   8.76 |  12.37 |   5.25 |I I 
15:11-Sat-Mar-11-2017 PM2.5 |   2.53 |   2.73 |   4.22 |   2.13 |I I 
15:12-Sat-Mar-11-2017 PM10  |   9.39 |   8.89 |  12.37 |   5.25 |I I 
15:12-Sat-Mar-11-2017 PM2.5 |   3.03 |   2.79 |   4.22 |   2.13 |I I 
15:16-Sat-Mar-11-2017 PM10  |  10.11 |   9.09 |  12.37 |   5.25 |I I 
15:16-Sat-Mar-11-2017 PM2.5 |   2.81 |   2.80 |   4.22 |   2.13 |I I 
15:17-Sat-Mar-11-2017 PM10  |   8.78 |   9.05 |  12.37 |   5.25 |I I 
15:17-Sat-Mar-11-2017 PM2.5 |   2.65 |   2.78 |   4.22 |   2.13 |I I 
15:21-Sat-Mar-11-2017 PM10  |   9.15 |   9.06 |  12.37 |   5.25 |I I 
15:21-Sat-Mar-11-2017 PM2.5 |   2.70 |   2.77 |   4.22 |   2.13 |I I 
15:22-Sat-Mar-11-2017 PM10  |   9.15 |   9.07 |  12.37 |   5.25 |I I 
15:22-Sat-Mar-11-2017 PM2.5 |   2.70 |   2.76 |   4.22 |   2.13 |I I 
15:23-Sat-Mar-11-2017 PM10  |   5.25 |   8.69 |  12.37 |   5.25 |I I 
15:23-Sat-Mar-11-2017 PM2.5 |   2.50 |   2.73 |   4.22 |   2.13 |I I 
15:27-Sat-Mar-11-2017 PM10  |   5.97 |   8.44 |  12.37 |   5.25 |I I 
15:27-Sat-Mar-11-2017 PM2.5 |   2.75 |   2.73 |   4.22 |   2.13 |I I 
15:28-Sat-Mar-11-2017 PM10  |   4.99 |   8.15 |  12.37 |   5.25 |I I 
15:28-Sat-Mar-11-2017 PM2.5 |   2.30 |   2.70 |   4.22 |   2.13 |I I 
15:32-Sat-Mar-11-2017 PM10  |   5.56 |   7.95 |  12.37 |   5.25 |I I 
15:32-Sat-Mar-11-2017 PM2.5 |   2.46 |   2.68 |   4.22 |   2.13 |I I 
15:34-Sat-Mar-11-2017 PM10  |   5.73 |   7.79 |  12.37 |   5.25 |I I 
15:34-Sat-Mar-11-2017 PM2.5 |   2.58 |   2.67 |   4.22 |   2.13 |I I 
15:38-Sat-Mar-11-2017 PM10  |   5.61 |   7.65 |  12.37 |   5.25 |I I 
15:38-Sat-Mar-11-2017 PM2.5 |   2.23 |   2.64 |   4.22 |   2.13 |I I 
15:39-Sat-Mar-11-2017 PM10  |   5.74 |   7.53 |  12.37 |   5.25 |I I 
15:39-Sat-Mar-11-2017 PM2.5 |   2.23 |   2.62 |   4.22 |   2.13 |I I 
15:43-Sat-Mar-11-2017 PM10  |   5.22 |   7.39 |  12.37 |   5.25 |I I 
15:43-Sat-Mar-11-2017 PM2.5 |   2.36 |   2.60 |   4.22 |   2.13 |I I 
15:44-Sat-Mar-11-2017 PM10  |   4.34 |   7.22 |  12.37 |   5.25 |I I 
15:44-Sat-Mar-11-2017 PM2.5 |   2.21 |   2.58 |   4.22 |   2.13 |I I 
15:48-Sat-Mar-11-2017 PM10  |   4.48 |   7.08 |  12.37 |   5.25 |I I 
15:48-Sat-Mar-11-2017 PM2.5 |   2.18 |   2.56 |   4.22 |   2.13 |I I 
15:49-Sat-Mar-11-2017 PM10  |   4.35 |   6.94 |  12.37 |   5.25 |I I 
15:49-Sat-Mar-11-2017 PM2.5 |   2.06 |   2.53 |   4.22 |   2.13 |I I 
15:50-Sat-Mar-11-2017 PM10  |   4.35 |   6.82 |  12.37 |   5.25 |I I 
15:50-Sat-Mar-11-2017 PM2.5 |   2.06 |   2.51 |   4.22 |   2.13 |I I 
15:54-Sat-Mar-11-2017 PM10  |   8.85 |   6.91 |  12.37 |   5.25 |I I 
15:54-Sat-Mar-11-2017 PM2.5 |   2.09 |   2.49 |   4.22 |   2.13 |I I 
15:55-Sat-Mar-11-2017 PM10  |   6.63 |   6.90 |  12.37 |   5.25 |I I 
15:55-Sat-Mar-11-2017 PM2.5 |   2.12 |   2.48 |   4.22 |   2.13 |I I 
15:59-Sat-Mar-11-2017 PM10  |   4.42 |   6.80 |  12.37 |   5.25 |I I 
15:59-Sat-Mar-11-2017 PM2.5 |   2.24 |   2.47 |   4.22 |   2.13 |I I 
16:00-Sat-Mar-11-2017 PM10  |   5.31 |   6.74 |  12.37 |   5.25 |I I 
16:00-Sat-Mar-11-2017 PM2.5 |   2.22 |   2.46 |   4.22 |   2.13 |I I 
16:04-Sat-Mar-11-2017 PM10  |   8.37 |   8.37 |  12.37 |   5.25 |I I 
16:04-Sat-Mar-11-2017 PM2.5 |   2.17 |   2.17 |   4.22 |   2.13 |I I 
16:05-Sat-Mar-11-2017 PM10  |   2.96 |   5.66 |  12.37 |   5.25 |I I 
16:05-Sat-Mar-11-2017 PM2.5 |   2.02 |   2.10 |   4.22 |   2.13 |I I 
16:09-Sat-Mar-11-2017 PM10  |   3.99 |   5.11 |  12.37 |   5.25 |I I 
16:09-Sat-Mar-11-2017 PM2.5 |   2.15 |   2.12 |   4.22 |   2.13 |I I 
16:10-Sat-Mar-11-2017 PM10  |   3.78 |   4.78 |  12.37 |   5.25 |I I 
16:10-Sat-Mar-11-2017 PM2.5 |   2.11 |   2.12 |   4.22 |   2.13 |I I 
16:14-Sat-Mar-11-2017 PM10  |   4.61 |   4.74 |  12.37 |   5.25 |I I 
16:14-Sat-Mar-11-2017 PM2.5 |   2.19 |   2.13 |   4.22 |   2.13 |I I 
16:15-Sat-Mar-11-2017 PM10  |   3.77 |   4.58 |  12.37 |   5.25 |I I 
16:15-Sat-Mar-11-2017 PM2.5 |   2.09 |   2.12 |   4.22 |   2.13 |I I 
16:16-Sat-Mar-11-2017 PM10  |   3.77 |   4.46 |  12.37 |   5.25 |I I 
16:16-Sat-Mar-11-2017 PM2.5 |   2.09 |   2.12 |   4.22 |   2.13 |I I 
16:20-Sat-Mar-11-2017 PM10  |   3.75 |   4.38 |  12.37 |   5.25 |I I 
16:20-Sat-Mar-11-2017 PM2.5 |   2.05 |   2.11 |   4.22 |   2.13 |I I 
16:21-Sat-Mar-11-2017 PM10  |   5.62 |   4.51 |  12.37 |   5.25 |I I 
16:21-Sat-Mar-11-2017 PM2.5 |   2.15 |   2.12 |   4.22 |   2.13 |I I 
16:25-Sat-Mar-11-2017 PM10  |   4.53 |   4.52 |  12.37 |   5.25 |I I 
16:25-Sat-Mar-11-2017 PM2.5 |   2.17 |   2.12 |   4.22 |   2.13 |I I 
16:26-Sat-Mar-11-2017 PM10  |   7.42 |   4.78 |  12.37 |   5.25 |I I 
16:26-Sat-Mar-11-2017 PM2.5 |   2.39 |   2.15 |   4.22 |   2.13 |I I 
16:30-Sat-Mar-11-2017 PM10  |   5.13 |   4.81 |  12.37 |   5.25 |I I 
16:30-Sat-Mar-11-2017 PM2.5 |   2.44 |   2.17 |   4.22 |   2.13 |I I 
16:31-Sat-Mar-11-2017 PM10  |   3.44 |   4.70 |  12.37 |   5.25 |I I 
16:31-Sat-Mar-11-2017 PM2.5 |   2.10 |   2.16 |   4.22 |   2.13 |I I 
16:35-Sat-Mar-11-2017 PM10  |   5.85 |   4.79 |  12.37 |   5.25 |I I 
16:35-Sat-Mar-11-2017 PM2.5 |   2.14 |   2.16 |   4.22 |   2.13 |I I 
16:36-Sat-Mar-11-2017 PM10  |   3.23 |   4.68 |  12.37 |   5.25 |I I 
16:36-Sat-Mar-11-2017 PM2.5 |   2.10 |   2.16 |   4.22 |   2.13 |I I 
16:40-Sat-Mar-11-2017 PM10  |   4.12 |   4.65 |  12.37 |   5.25 |I I 
16:40-Sat-Mar-11-2017 PM2.5 |   2.13 |   2.16 |   4.22 |   2.13 |I I 
16:41-Sat-Mar-11-2017 PM10  |   5.73 |   4.71 |  12.37 |   5.25 |I I 
16:41-Sat-Mar-11-2017 PM2.5 |   2.27 |   2.16 |   4.22 |   2.13 |I I 
16:45-Sat-Mar-11-2017 PM10  |   6.28 |   4.80 |  12.37 |   5.25 |I I 
16:45-Sat-Mar-11-2017 PM2.5 |   2.09 |   2.16 |   4.22 |   2.13 |I I 
16:46-Sat-Mar-11-2017 PM10  |   6.28 |   4.88 |  12.37 |   5.25 |I I 
16:46-Sat-Mar-11-2017 PM2.5 |   2.09 |   2.16 |   4.22 |   2.13 |I I 
16:47-Sat-Mar-11-2017 PM10  |   5.96 |   4.93 |  12.37 |   5.25 |I I 
16:47-Sat-Mar-11-2017 PM2.5 |   2.35 |   2.17 |   4.22 |   2.13 |I I 
16:51-Sat-Mar-11-2017 PM10  |   4.87 |   4.93 |  12.37 |   5.25 |I I 
16:51-Sat-Mar-11-2017 PM2.5 |   2.27 |   2.17 |   4.22 |   2.13 |I I 
16:52-Sat-Mar-11-2017 PM10  |  14.73 |   5.37 |  12.37 |   5.25 |I I 
16:52-Sat-Mar-11-2017 PM2.5 |   2.54 |   2.19 |   4.22 |   2.13 |I I 
16:56-Sat-Mar-11-2017 PM10  |  13.09 |   5.71 |  12.37 |   5.25 |I I 
16:56-Sat-Mar-11-2017 PM2.5 |   2.52 |   2.20 |   4.22 |   2.13 |I I 
16:57-Sat-Mar-11-2017 PM10  |   5.38 |   5.69 |  12.37 |   5.25 |I I 
16:57-Sat-Mar-11-2017 PM2.5 |   2.12 |   2.20 |   4.22 |   2.13 |I I 
17:01-Sat-Mar-11-2017 PM10  |   5.34 |   5.68 |  12.37 |   5.25 |I I 
17:01-Sat-Mar-11-2017 PM2.5 |   2.19 |   2.20 |   4.22 |   2.13 |I I 
17:02-Sat-Mar-11-2017 PM10  |   9.67 |   9.67 |  12.37 |   5.25 |I I 
17:02-Sat-Mar-11-2017 PM2.5 |   2.43 |   2.43 |   4.22 |   2.13 |I I 
17:06-Sat-Mar-11-2017 PM10  |  10.70 |  10.19 |  12.37 |   5.25 |I I 
17:06-Sat-Mar-11-2017 PM2.5 |   2.43 |   2.43 |   4.22 |   2.13 |I I 
17:07-Sat-Mar-11-2017 PM10  |   7.24 |   9.20 |  12.37 |   5.25 |I I 
17:07-Sat-Mar-11-2017 PM2.5 |   2.36 |   2.41 |   4.22 |   2.13 |I I 
17:11-Sat-Mar-11-2017 PM10  |  13.29 |  10.22 |  12.37 |   5.25 |I I 
17:11-Sat-Mar-11-2017 PM2.5 |   3.00 |   2.56 |   4.22 |   2.13 |I I 
17:12-Sat-Mar-11-2017 PM10  |   9.11 |  10.00 |  12.37 |   5.25 |I I 
17:12-Sat-Mar-11-2017 PM2.5 |   3.31 |   2.71 |   4.22 |   2.13 |I I 
17:13-Sat-Mar-11-2017 PM10  |   9.11 |   9.85 |  12.37 |   5.25 |I I 
17:13-Sat-Mar-11-2017 PM2.5 |   3.31 |   2.81 |   4.22 |   2.13 |I I 
17:17-Sat-Mar-11-2017 PM10  |   9.69 |   9.83 |  12.37 |   5.25 |I I 
17:17-Sat-Mar-11-2017 PM2.5 |   3.86 |   2.96 |   4.22 |   2.13 |I I 
17:18-Sat-Mar-11-2017 PM10  |  10.31 |   9.89 |  12.37 |   5.25 |I I 
17:18-Sat-Mar-11-2017 PM2.5 |   4.41 |   3.14 |   4.22 |   2.13 |I I 
17:22-Sat-Mar-11-2017 PM10  |   8.98 |   9.79 |  12.37 |   5.25 |I I 
17:22-Sat-Mar-11-2017 PM2.5 |   4.43 |   3.28 |   4.22 |   2.13 |I I 
17:23-Sat-Mar-11-2017 PM10  |   7.32 |   9.54 |  12.37 |   5.25 |I I 
17:23-Sat-Mar-11-2017 PM2.5 |   3.55 |   3.31 |   4.22 |   2.13 |I I 
17:27-Sat-Mar-11-2017 PM10  |   9.12 |   9.50 |  12.37 |   5.25 |I I 
17:27-Sat-Mar-11-2017 PM2.5 |   3.79 |   3.35 |   4.22 |   2.13 |I I 
17:28-Sat-Mar-11-2017 PM10  |   6.44 |   9.25 |  12.37 |   5.25 |I I 
17:28-Sat-Mar-11-2017 PM2.5 |   3.50 |   3.37 |   4.22 |   2.13 |I I 
17:32-Sat-Mar-11-2017 PM10  |   8.22 |   9.17 |  12.37 |   5.25 |I I 
17:32-Sat-Mar-11-2017 PM2.5 |   3.65 |   3.39 |   4.22 |   2.13 |I I 
17:33-Sat-Mar-11-2017 PM10  |   6.43 |   8.97 |  12.37 |   5.25 |I I 
17:33-Sat-Mar-11-2017 PM2.5 |   3.46 |   3.39 |   4.22 |   2.13 |I I 
17:37-Sat-Mar-11-2017 PM10  |   6.02 |   8.78 |  12.37 |   5.25 |I I 
17:37-Sat-Mar-11-2017 PM2.5 |   3.11 |   3.37 |   4.22 |   2.13 |I I 
17:38-Sat-Mar-11-2017 PM10  |   9.00 |   8.79 |  12.37 |   5.25 |I I 
17:38-Sat-Mar-11-2017 PM2.5 |   3.55 |   3.38 |   4.22 |   2.13 |I I 
17:39-Sat-Mar-11-2017 PM10  |   9.00 |   8.80 |  12.37 |   5.25 |I I 
17:39-Sat-Mar-11-2017 PM2.5 |   3.55 |   3.39 |   4.22 |   2.13 |I I 
17:43-Sat-Mar-11-2017 PM10  |   6.21 |   8.66 |  12.37 |   5.25 |I I 
17:43-Sat-Mar-11-2017 PM2.5 |   3.59 |   3.40 |   4.22 |   2.13 |I I 
17:44-Sat-Mar-11-2017 PM10  |   9.69 |   8.71 |  12.37 |   5.25 |I I 
17:44-Sat-Mar-11-2017 PM2.5 |   3.42 |   3.41 |   4.22 |   2.13 |I I 
17:48-Sat-Mar-11-2017 PM10  |   6.21 |   8.59 |  12.37 |   5.25 |I I 
17:48-Sat-Mar-11-2017 PM2.5 |   3.49 |   3.41 |   4.22 |   2.13 |I I 
17:50-Sat-Mar-11-2017 PM10  |   8.15 |   8.57 |  12.37 |   5.25 |I I 
17:50-Sat-Mar-11-2017 PM2.5 |   3.49 |   3.41 |   4.22 |   2.13 |I I 
17:54-Sat-Mar-11-2017 PM10  |  10.04 |   8.63 |  12.37 |   5.25 |I I 
17:54-Sat-Mar-11-2017 PM2.5 |   3.31 |   3.41 |   4.22 |   2.13 |I I 
17:55-Sat-Mar-11-2017 PM10  |  12.24 |   8.79 |  12.37 |   5.25 |I I 
17:55-Sat-Mar-11-2017 PM2.5 |   3.39 |   3.41 |   4.22 |   2.13 |I I 
17:59-Sat-Mar-11-2017 PM10  |   9.70 |   8.83 |  12.37 |   5.25 |I I 
17:59-Sat-Mar-11-2017 PM2.5 |   3.66 |   3.42 |   4.22 |   2.13 |I I 
18:00-Sat-Mar-11-2017 PM10  |  10.02 |   8.88 |  12.37 |   5.25 |I I 
18:00-Sat-Mar-11-2017 PM2.5 |   3.46 |   3.42 |   4.22 |   2.13 |I I 
18:04-Sat-Mar-11-2017 PM10  |  15.26 |  15.26 |  12.37 |   5.25 |I I 
18:04-Sat-Mar-11-2017 PM2.5 |   3.90 |   3.90 |   4.22 |   2.13 |I I 
18:05-Sat-Mar-11-2017 PM10  |   7.58 |  11.42 |  12.37 |   5.25 |I I 
18:05-Sat-Mar-11-2017 PM2.5 |   3.40 |   3.65 |   4.22 |   2.13 |I I 
18:09-Sat-Mar-11-2017 PM10  |   7.64 |  10.16 |  12.37 |   5.25 |I I 
18:09-Sat-Mar-11-2017 PM2.5 |   3.76 |   3.69 |   4.22 |   2.13 |I I 
18:10-Sat-Mar-11-2017 PM10  |   7.64 |   9.53 |  12.37 |   5.25 |I I 
18:10-Sat-Mar-11-2017 PM2.5 |   3.76 |   3.71 |   4.22 |   2.13 |I I 
18:11-Sat-Mar-11-2017 PM10  |  12.52 |  10.13 |  12.37 |   5.25 |B I 
18:11-Sat-Mar-11-2017 PM2.5 |   3.85 |   3.74 |   4.22 |   2.13 |B I 
18:15-Sat-Mar-11-2017 PM10  |   9.00 |   9.94 |  12.37 |   5.25 |B I 
18:15-Sat-Mar-11-2017 PM2.5 |   3.68 |   3.73 |   4.22 |   2.13 |B I 
18:16-Sat-Mar-11-2017 PM10  |  10.59 |  10.03 |  12.37 |   5.25 |B I 
18:16-Sat-Mar-11-2017 PM2.5 |   3.55 |   3.70 |   4.22 |   2.13 |B I 
18:20-Sat-Mar-11-2017 PM10  |   7.09 |   9.66 |  12.37 |   5.25 |B I 
18:20-Sat-Mar-11-2017 PM2.5 |   3.74 |   3.70 |   4.22 |   2.13 |B I 
18:21-Sat-Mar-11-2017 PM10  |   7.39 |   9.41 |  12.37 |   5.25 |B I 
18:21-Sat-Mar-11-2017 PM2.5 |   3.91 |   3.73 |   4.22 |   2.13 |B I 
18:25-Sat-Mar-11-2017 PM10  |   9.18 |   9.39 |  12.37 |   5.25 |B I 
18:25-Sat-Mar-11-2017 PM2.5 |   3.66 |   3.72 |   4.22 |   2.13 |B I 
18:26-Sat-Mar-11-2017recover dati per host :salvatorehost.no-ip.org/aria
18:26-Sat-Mar-11-2017 PM10  |   7.18 |   9.19 |  12.37 |   5.25 |I I 
18:26-Sat-Mar-11-2017 PM2.5 |   3.63 |   3.71 |   4.22 |   2.13 |I I 
18:30-Sat-Mar-11-2017 PM10  |   7.22 |   9.02 |  12.37 |   5.25 |I I 
18:30-Sat-Mar-11-2017 PM2.5 |   3.26 |   3.67 |   4.22 |   2.13 |I I 
18:31-Sat-Mar-11-2017 PM10  |   5.86 |   8.78 |  12.37 |   5.25 |I I 
18:31-Sat-Mar-11-2017 PM2.5 |   3.15 |   3.63 |   4.22 |   2.13 |I I 
18:35-Sat-Mar-11-2017 PM10  |   5.93 |   8.58 |  12.37 |   5.25 |B I 
18:35-Sat-Mar-11-2017 PM2.5 |   3.07 |   3.59 |   4.22 |   2.13 |B I 
18:36-Sat-Mar-11-2017recover dati per host :salvatorehost.no-ip.org/aria
18:36-Sat-Mar-11-2017 PM10  |   7.71 |   8.52 |  12.37 |   5.25 |I I 
18:36-Sat-Mar-11-2017 PM2.5 |   3.20 |   3.57 |   4.22 |   2.13 |I I 
18:40-Sat-Mar-11-2017 PM10  |   8.88 |   8.54 |  12.37 |   5.25 |I I 
18:40-Sat-Mar-11-2017 PM2.5 |   3.51 |   3.56 |   4.22 |   2.13 |I I 
18:41-Sat-Mar-11-2017 PM10  |   9.97 |   8.62 |  12.37 |   5.25 |I I 
18:41-Sat-Mar-11-2017 PM2.5 |   3.11 |   3.54 |   4.22 |   2.13 |I I 
18:42-Sat-Mar-11-2017 PM10  |   9.97 |   8.70 |  12.37 |   5.25 |I I 
18:42-Sat-Mar-11-2017 PM2.5 |   3.11 |   3.51 |   4.22 |   2.13 |I I 
18:46-Sat-Mar-11-2017 PM10  |   7.24 |   8.62 |  12.37 |   5.25 |I I 
18:46-Sat-Mar-11-2017 PM2.5 |   3.32 |   3.50 |   4.22 |   2.13 |I I 
18:47-Sat-Mar-11-2017 PM10  |   7.92 |   8.59 |  12.37 |   5.25 |I I 
18:47-Sat-Mar-11-2017 PM2.5 |   3.26 |   3.49 |   4.22 |   2.13 |I I 
18:51-Sat-Mar-11-2017 PM10  |   7.68 |   8.54 |  12.37 |   5.25 |I I 
18:51-Sat-Mar-11-2017 PM2.5 |   3.20 |   3.48 |   4.22 |   2.13 |I I 
18:52-Sat-Mar-11-2017 PM10  |   8.20 |   8.53 |  12.37 |   5.25 |I I 
18:52-Sat-Mar-11-2017 PM2.5 |   3.05 |   3.46 |   4.22 |   2.13 |I I 
18:56-Sat-Mar-11-2017 PM10  |   8.73 |   8.54 |  12.37 |   5.25 |I I 
18:56-Sat-Mar-11-2017 PM2.5 |   3.41 |   3.46 |   4.22 |   2.13 |I I 
18:57-Sat-Mar-11-2017 PM10  |   8.80 |   8.55 |  12.37 |   5.25 |I I 
18:57-Sat-Mar-11-2017 PM2.5 |   3.16 |   3.44 |   4.22 |   2.13 |I I 
19:01-Sat-Mar-11-2017 PM10  |   8.05 |   8.53 |  12.37 |   5.25 |I I 
19:01-Sat-Mar-11-2017 PM2.5 |   3.04 |   3.43 |   4.22 |   2.13 |I I 
19:02-Sat-Mar-11-2017 PM10  |   6.73 |   6.73 |  12.37 |   5.25 |I I 
19:02-Sat-Mar-11-2017 PM2.5 |   3.11 |   3.11 |   4.22 |   2.13 |I I 
19:06-Sat-Mar-11-2017 PM10  |   6.91 |   6.82 |  12.37 |   5.25 |B I 
19:06-Sat-Mar-11-2017 PM2.5 |   3.06 |   3.08 |   4.22 |   2.13 |B I 
19:07-Sat-Mar-11-2017 PM10  |   8.05 |   7.23 |  12.37 |   5.25 |B I 
19:07-Sat-Mar-11-2017 PM2.5 |   3.30 |   3.15 |   4.22 |   2.13 |B I 
19:11-Sat-Mar-11-2017recover dati per host :salvatorehost.no-ip.org/aria
19:11-Sat-Mar-11-2017 PM10  |   6.32 |   7.00 |  12.37 |   5.25 |I I 
19:11-Sat-Mar-11-2017 PM2.5 |   3.08 |   3.14 |   4.22 |   2.13 |I I 
19:12-Sat-Mar-11-2017 PM10  |   6.32 |   6.87 |  12.37 |   5.25 |I I 
19:12-Sat-Mar-11-2017 PM2.5 |   3.08 |   3.12 |   4.22 |   2.13 |I I 
19:13-Sat-Mar-11-2017 PM10  |   6.04 |   6.73 |  12.37 |   5.25 |I I 
19:13-Sat-Mar-11-2017 PM2.5 |   3.20 |   3.14 |   4.22 |   2.13 |I I 
19:17-Sat-Mar-11-2017 PM10  |   5.80 |   6.60 |  12.37 |   5.25 |I I 
19:17-Sat-Mar-11-2017 PM2.5 |   3.12 |   3.13 |   4.22 |   2.13 |I I 
19:18-Sat-Mar-11-2017 PM10  |  11.48 |   7.21 |  12.37 |   5.25 |I I 
19:18-Sat-Mar-11-2017 PM2.5 |   2.88 |   3.10 |   4.22 |   2.13 |I I 
19:22-Sat-Mar-11-2017 PM10  |   7.16 |   7.20 |  12.37 |   5.25 |I I 
19:22-Sat-Mar-11-2017 PM2.5 |   3.04 |   3.09 |   4.22 |   2.13 |I I 
19:23-Sat-Mar-11-2017 PM10  |   6.04 |   7.09 |  12.37 |   5.25 |I I 
19:23-Sat-Mar-11-2017 PM2.5 |   3.09 |   3.09 |   4.22 |   2.13 |I I 
19:27-Sat-Mar-11-2017 PM10  |   7.12 |   7.09 |  12.37 |   5.25 |I I 
19:27-Sat-Mar-11-2017 PM2.5 |   3.08 |   3.09 |   4.22 |   2.13 |I I 
19:29-Sat-Mar-11-2017 PM10  |   6.55 |   7.04 |  12.37 |   5.25 |I I 
19:29-Sat-Mar-11-2017 PM2.5 |   3.13 |   3.10 |   4.22 |   2.13 |I I 
19:33-Sat-Mar-11-2017 PM10  |   9.24 |   7.21 |  12.37 |   5.25 |I I 
19:33-Sat-Mar-11-2017 PM2.5 |   3.31 |   3.11 |   4.22 |   2.13 |I I 
19:34-Sat-Mar-11-2017 PM10  |   6.70 |   7.18 |  12.37 |   5.25 |I I 
19:34-Sat-Mar-11-2017 PM2.5 |   2.81 |   3.09 |   4.22 |   2.13 |I I 
19:38-Sat-Mar-11-2017 PM10  |   6.51 |   7.13 |  12.37 |   5.25 |I I 
19:38-Sat-Mar-11-2017 PM2.5 |   2.96 |   3.08 |   4.22 |   2.13 |I I 
19:39-Sat-Mar-11-2017 PM10  |   6.51 |   7.09 |  12.37 |   5.25 |I I 
19:39-Sat-Mar-11-2017 PM2.5 |   2.96 |   3.07 |   4.22 |   2.13 |I I 
19:40-Sat-Mar-11-2017 PM10  |   5.98 |   7.03 |  12.37 |   5.25 |I I 
19:40-Sat-Mar-11-2017 PM2.5 |   3.13 |   3.08 |   4.22 |   2.13 |I I 
19:44-Sat-Mar-11-2017 PM10  |   6.79 |   7.01 |  12.37 |   5.25 |I I 
19:44-Sat-Mar-11-2017 PM2.5 |   3.27 |   3.09 |   4.22 |   2.13 |I I 
19:45-Sat-Mar-11-2017 PM10  |   8.10 |   7.07 |  12.37 |   5.25 |I I 
19:45-Sat-Mar-11-2017 PM2.5 |   2.90 |   3.08 |   4.22 |   2.13 |I I 
19:49-Sat-Mar-11-2017 PM10  |   8.06 |   7.12 |  12.37 |   5.25 |I I 
19:49-Sat-Mar-11-2017 PM2.5 |   2.99 |   3.07 |   4.22 |   2.13 |I I 
19:50-Sat-Mar-11-2017 PM10  |   7.69 |   7.15 |  12.37 |   5.25 |I I 
19:50-Sat-Mar-11-2017 PM2.5 |   2.82 |   3.06 |   4.22 |   2.13 |I I 
19:54-Sat-Mar-11-2017 PM10  |  10.84 |   7.32 |  12.37 |   5.25 |I I 
19:54-Sat-Mar-11-2017 PM2.5 |   3.13 |   3.06 |   4.22 |   2.13 |I I 
19:55-Sat-Mar-11-2017 PM10  |   8.43 |   7.36 |  12.37 |   5.25 |I I 
19:55-Sat-Mar-11-2017 PM2.5 |   2.94 |   3.06 |   4.22 |   2.13 |I I 
19:59-Sat-Mar-11-2017 PM10  |   7.42 |   7.37 |  12.37 |   5.25 |I I 
19:59-Sat-Mar-11-2017 PM2.5 |   2.90 |   3.05 |   4.22 |   2.13 |I I 
20:00-Sat-Mar-11-2017 PM10  |  10.52 |   7.49 |  12.37 |   5.25 |I I 
20:00-Sat-Mar-11-2017 PM2.5 |   3.17 |   3.06 |   4.22 |   2.13 |I I 
20:04-Sat-Mar-11-2017 PM10  |   7.59 |   7.59 |  12.37 |   5.25 |I I 
20:04-Sat-Mar-11-2017 PM2.5 |   3.36 |   3.36 |   4.22 |   2.13 |I I 
20:05-Sat-Mar-11-2017 PM10  |   8.08 |   7.83 |  12.37 |   5.25 |I I 
20:05-Sat-Mar-11-2017 PM2.5 |   3.01 |   3.18 |   4.22 |   2.13 |I I 
20:06-Sat-Mar-11-2017 PM10  |   8.08 |   7.92 |  12.37 |   5.25 |I I 
20:06-Sat-Mar-11-2017 PM2.5 |   3.01 |   3.13 |   4.22 |   2.13 |I I 
20:10-Sat-Mar-11-2017 PM10  |   6.61 |   7.59 |  12.37 |   5.25 |I I 
20:10-Sat-Mar-11-2017 PM2.5 |   2.95 |   3.08 |   4.22 |   2.13 |I I 
20:11-Sat-Mar-11-2017 PM10  |   6.37 |   7.34 |  12.37 |   5.25 |I I 
20:11-Sat-Mar-11-2017 PM2.5 |   2.96 |   3.06 |   4.22 |   2.13 |I I 
20:15-Sat-Mar-11-2017 PM10  |   8.18 |   7.48 |  12.37 |   5.25 |I I 
20:15-Sat-Mar-11-2017 PM2.5 |   3.12 |   3.07 |   4.22 |   2.13 |I I 
20:16-Sat-Mar-11-2017 PM10  |   5.61 |   7.22 |  12.37 |   5.25 |I I 
20:16-Sat-Mar-11-2017 PM2.5 |   3.02 |   3.06 |   4.22 |   2.13 |I I 
20:20-Sat-Mar-11-2017 PM10  |   8.77 |   7.41 |  12.37 |   5.25 |I I 
20:20-Sat-Mar-11-2017 PM2.5 |   3.15 |   3.07 |   4.22 |   2.13 |I I 
20:21-Sat-Mar-11-2017 PM10  |   7.29 |   7.40 |  12.37 |   5.25 |I I 
20:21-Sat-Mar-11-2017 PM2.5 |   2.87 |   3.05 |   4.22 |   2.13 |I I 
20:25-Sat-Mar-11-2017 PM10  |  10.26 |   7.68 |  12.37 |   5.25 |I I 
20:25-Sat-Mar-11-2017 PM2.5 |   3.14 |   3.06 |   4.22 |   2.13 |I I 
20:26-Sat-Mar-11-2017 PM10  |   7.82 |   7.69 |  12.37 |   5.25 |I I 
20:26-Sat-Mar-11-2017 PM2.5 |   2.98 |   3.05 |   4.22 |   2.13 |I I 
20:30-Sat-Mar-11-2017 PM10  |   7.65 |   7.69 |  12.37 |   5.25 |I I 
20:30-Sat-Mar-11-2017 PM2.5 |   3.05 |   3.05 |   4.22 |   2.13 |I I 
20:31-Sat-Mar-11-2017 PM10  |   9.46 |   7.83 |  12.37 |   5.25 |I I 
20:31-Sat-Mar-11-2017 PM2.5 |   2.97 |   3.04 |   4.22 |   2.13 |I I 
20:32-Sat-Mar-11-2017 PM10  |   9.46 |   7.94 |  12.37 |   5.25 |I I 
20:32-Sat-Mar-11-2017 PM2.5 |   2.97 |   3.04 |   4.22 |   2.13 |I I 
20:36-Sat-Mar-11-2017 PM10  |   8.52 |   7.98 |  12.37 |   5.25 |I I 
20:36-Sat-Mar-11-2017 PM2.5 |   3.07 |   3.04 |   4.22 |   2.13 |I I 
20:37-Sat-Mar-11-2017 PM10  |   6.11 |   7.87 |  12.37 |   5.25 |I I 
20:37-Sat-Mar-11-2017 PM2.5 |   3.02 |   3.04 |   4.22 |   2.13 |I I 
20:41-Sat-Mar-11-2017 PM10  |   6.96 |   7.81 |  12.37 |   5.25 |B I 
20:41-Sat-Mar-11-2017 PM2.5 |   3.20 |   3.05 |   4.22 |   2.13 |B I 
20:42-Sat-Mar-11-2017 PM10  |   8.09 |   7.83 |  12.37 |   5.25 |B I 
20:42-Sat-Mar-11-2017 PM2.5 |   3.19 |   3.06 |   4.22 |   2.13 |B I 
20:46-Sat-Mar-11-2017 PM10  |   8.52 |   7.86 |  12.37 |   5.25 |B I 
20:46-Sat-Mar-11-2017 PM2.5 |   3.15 |   3.06 |   4.22 |   2.13 |B I 
20:47-Sat-Mar-11-2017recover dati per host :salvatorehost.no-ip.org/aria
20:47-Sat-Mar-11-2017 PM10  |   8.35 |   7.89 |  12.37 |   5.25 |I I 
20:47-Sat-Mar-11-2017 PM2.5 |   2.96 |   3.06 |   4.22 |   2.13 |I I 
20:51-Sat-Mar-11-2017 PM10  |   5.33 |   7.77 |  12.37 |   5.25 |I I 
20:51-Sat-Mar-11-2017 PM2.5 |   3.08 |   3.06 |   4.22 |   2.13 |I I 
20:52-Sat-Mar-11-2017 PM10  |   5.64 |   7.67 |  12.37 |   5.25 |I I 
20:52-Sat-Mar-11-2017 PM2.5 |   2.97 |   3.05 |   4.22 |   2.13 |I I 
20:56-Sat-Mar-11-2017 PM10  |  10.24 |   7.78 |  12.37 |   5.25 |I I 
20:56-Sat-Mar-11-2017 PM2.5 |   3.33 |   3.07 |   4.22 |   2.13 |I I 
20:57-Sat-Mar-11-2017 PM10  |  15.94 |   8.12 |  12.37 |   5.25 |I I 
20:57-Sat-Mar-11-2017 PM2.5 |   3.15 |   3.07 |   4.22 |   2.13 |I I 
21:01-Sat-Mar-11-2017 PM10  |   9.35 |   8.17 |  12.37 |   5.25 |I I 
21:01-Sat-Mar-11-2017 PM2.5 |   3.28 |   3.08 |   4.22 |   2.13 |I I 
21:02-Sat-Mar-11-2017 PM10  |   9.35 |   9.35 |  12.37 |   5.25 |I I 
21:02-Sat-Mar-11-2017 PM2.5 |   3.28 |   3.28 |   4.22 |   2.13 |I I 
21:03-Sat-Mar-11-2017 PM10  |   9.69 |   9.52 |  12.37 |   5.25 |I I 
21:03-Sat-Mar-11-2017 PM2.5 |   3.52 |   3.40 |   4.22 |   2.13 |I I 
21:07-Sat-Mar-11-2017 PM10  |   9.20 |   9.41 |  12.37 |   5.25 |I I 
21:07-Sat-Mar-11-2017 PM2.5 |   3.58 |   3.46 |   4.22 |   2.13 |I I 
21:08-Sat-Mar-11-2017 PM10  |   7.01 |   8.81 |  12.37 |   5.25 |I I 
21:08-Sat-Mar-11-2017 PM2.5 |   3.35 |   3.43 |   4.22 |   2.13 |I I 
21:12-Sat-Mar-11-2017 PM10  |   8.83 |   8.82 |  12.37 |   5.25 |I I 
21:12-Sat-Mar-11-2017 PM2.5 |   3.41 |   3.43 |   4.22 |   2.13 |I I 
21:13-Sat-Mar-11-2017 PM10  |   9.83 |   8.98 |  12.37 |   5.25 |I I 
21:13-Sat-Mar-11-2017 PM2.5 |   3.69 |   3.47 |   4.22 |   2.13 |I I 
21:17-Sat-Mar-11-2017 PM10  |   8.84 |   8.96 |  12.37 |   5.25 |I I 
21:17-Sat-Mar-11-2017 PM2.5 |   3.88 |   3.53 |   4.22 |   2.13 |I I 
21:18-Sat-Mar-11-2017 PM10  |  10.24 |   9.12 |  12.37 |   5.25 |I I 
21:18-Sat-Mar-11-2017 PM2.5 |   3.48 |   3.52 |   4.22 |   2.13 |I I 
21:22-Sat-Mar-11-2017 PM10  |   8.88 |   9.10 |  12.37 |   5.25 |I I 
21:22-Sat-Mar-11-2017 PM2.5 |   3.44 |   3.52 |   4.22 |   2.13 |I I 
21:23-Sat-Mar-11-2017 PM10  |  11.21 |   9.31 |  12.37 |   5.25 |I I 
21:23-Sat-Mar-11-2017 PM2.5 |   3.83 |   3.55 |   4.22 |   2.13 |I I 
21:27-Sat-Mar-11-2017 PM10  |  10.67 |   9.43 |  12.37 |   5.25 |I I 
21:27-Sat-Mar-11-2017 PM2.5 |   4.04 |   3.59 |   4.22 |   2.13 |I I 
21:28-Sat-Mar-11-2017 PM10  |  10.49 |   9.52 |  12.37 |   5.25 |I I 
21:28-Sat-Mar-11-2017 PM2.5 |   3.90 |   3.62 |   4.22 |   2.13 |I I 
21:29-Sat-Mar-11-2017 PM10  |  10.49 |   9.59 |  12.37 |   5.25 |I I 
21:29-Sat-Mar-11-2017 PM2.5 |   3.90 |   3.64 |   4.22 |   2.13 |I I 
21:33-Sat-Mar-11-2017 PM10  |  13.90 |   9.90 |  12.37 |   5.25 |I I 
21:33-Sat-Mar-11-2017 PM2.5 |   3.89 |   3.66 |   4.22 |   2.13 |I I 
21:34-Sat-Mar-11-2017 PM10  |   7.37 |   9.73 |  12.37 |   5.25 |I I 
21:34-Sat-Mar-11-2017 PM2.5 |   3.41 |   3.64 |   4.22 |   2.13 |I I 
21:38-Sat-Mar-11-2017 PM10  |  10.80 |   9.80 |  12.37 |   5.25 |I I 
21:38-Sat-Mar-11-2017 PM2.5 |   4.19 |   3.68 |   4.22 |   2.13 |I I 
21:39-Sat-Mar-11-2017 PM10  |   8.16 |   9.70 |  12.37 |   5.25 |I I 
21:39-Sat-Mar-11-2017 PM2.5 |   3.73 |   3.68 |   4.22 |   2.13 |I I 
21:43-Sat-Mar-11-2017 PM10  |  10.26 |   9.73 |  12.37 |   5.25 |I I 
21:43-Sat-Mar-11-2017 PM2.5 |   3.73 |   3.68 |   4.22 |   2.13 |I I 
21:44-Sat-Mar-11-2017 PM10  |  11.09 |   9.81 |  12.37 |   5.25 |I I 
21:44-Sat-Mar-11-2017 PM2.5 |   3.65 |   3.68 |   4.22 |   2.13 |I I 
21:49-Sat-Mar-11-2017 PM10  |   8.23 |   9.73 |  12.37 |   5.25 |I I 
21:49-Sat-Mar-11-2017 PM2.5 |   3.66 |   3.68 |   4.22 |   2.13 |I I 
21:50-Sat-Mar-11-2017 PM10  |  10.28 |   9.75 |  12.37 |   5.25 |I I 
21:50-Sat-Mar-11-2017 PM2.5 |   3.62 |   3.68 |   4.22 |   2.13 |I I 
21:54-Sat-Mar-11-2017 PM10  |   8.59 |   9.70 |  12.37 |   5.25 |I I 
21:54-Sat-Mar-11-2017 PM2.5 |   3.76 |   3.68 |   4.22 |   2.13 |I I 
21:55-Sat-Mar-11-2017 PM10  |   8.38 |   9.64 |  12.37 |   5.25 |I I 
21:55-Sat-Mar-11-2017 PM2.5 |   3.75 |   3.68 |   4.22 |   2.13 |I I 
21:56-Sat-Mar-11-2017 PM10  |   8.38 |   9.59 |  12.37 |   5.25 |I I 
21:56-Sat-Mar-11-2017 PM2.5 |   3.75 |   3.69 |   4.22 |   2.13 |I I 
22:00-Sat-Mar-11-2017 PM10  |   7.86 |   9.52 |  12.37 |   5.25 |I I 
22:00-Sat-Mar-11-2017 PM2.5 |   3.65 |   3.68 |   4.22 |   2.13 |I I 
22:01-Sat-Mar-11-2017 PM10  |  10.65 |  10.65 |  12.37 |   5.25 |I I 
22:01-Sat-Mar-11-2017 PM2.5 |   4.05 |   4.05 |   4.22 |   2.13 |I I 
22:05-Sat-Mar-11-2017 PM10  |  10.19 |  10.42 |  12.37 |   5.25 |I I 
22:05-Sat-Mar-11-2017 PM2.5 |   4.12 |   4.08 |   4.22 |   2.13 |I I 
22:06-Sat-Mar-11-2017 PM10  |   7.11 |   9.32 |  12.37 |   5.25 |I I 
22:06-Sat-Mar-11-2017 PM2.5 |   3.40 |   3.85 |   4.22 |   2.13 |I I 
22:10-Sat-Mar-11-2017 PM10  |   9.77 |   9.43 |  12.37 |   5.25 |I I 
22:10-Sat-Mar-11-2017 PM2.5 |   3.65 |   3.80 |   4.22 |   2.13 |I I 
22:11-Sat-Mar-11-2017 PM10  |  10.73 |   9.69 |  12.37 |   5.25 |I I 
22:11-Sat-Mar-11-2017 PM2.5 |   3.77 |   3.80 |   4.22 |   2.13 |I I 
22:15-Sat-Mar-11-2017 PM10  |   9.16 |   9.60 |  12.37 |   5.25 |I I 
22:15-Sat-Mar-11-2017 PM2.5 |   3.54 |   3.76 |   4.22 |   2.13 |I I 
22:16-Sat-Mar-11-2017 PM10  |   8.41 |   9.43 |  12.37 |   5.25 |I I 
22:16-Sat-Mar-11-2017 PM2.5 |   3.79 |   3.76 |   4.22 |   2.13 |I I 
22:20-Sat-Mar-11-2017 PM10  |   6.72 |   9.09 |  12.37 |   5.25 |I I 
22:20-Sat-Mar-11-2017 PM2.5 |   3.75 |   3.76 |   4.22 |   2.13 |I I 
22:21-Sat-Mar-11-2017 PM10  |   8.73 |   9.05 |  12.37 |   5.25 |I I 
22:21-Sat-Mar-11-2017 PM2.5 |   3.80 |   3.76 |   4.22 |   2.13 |I I 
22:25-Sat-Mar-11-2017 PM10  |   7.37 |   8.89 |  12.37 |   5.25 |I I 
22:25-Sat-Mar-11-2017 PM2.5 |   3.58 |   3.75 |   4.22 |   2.13 |I I 
22:26-Sat-Mar-11-2017 PM10  |   7.37 |   8.75 |  12.37 |   5.25 |I I 
22:26-Sat-Mar-11-2017 PM2.5 |   3.58 |   3.73 |   4.22 |   2.13 |I I 
22:27-Sat-Mar-11-2017 PM10  |   9.44 |   8.81 |  12.37 |   5.25 |I I 
22:27-Sat-Mar-11-2017 PM2.5 |   3.77 |   3.73 |   4.22 |   2.13 |I I 
22:31-Sat-Mar-11-2017 PM10  |   9.87 |   8.89 |  12.37 |   5.25 |I I 
22:31-Sat-Mar-11-2017 PM2.5 |   3.79 |   3.74 |   4.22 |   2.13 |I I 
22:32-Sat-Mar-11-2017 PM10  |   7.51 |   8.79 |  12.37 |   5.25 |I I 
22:32-Sat-Mar-11-2017 PM2.5 |   3.44 |   3.72 |   4.22 |   2.13 |I I 
22:36-Sat-Mar-11-2017 PM10  |  10.20 |   8.88 |  12.37 |   5.25 |I I 
22:36-Sat-Mar-11-2017 PM2.5 |   3.78 |   3.72 |   4.22 |   2.13 |I I 
22:37-Sat-Mar-11-2017 PM10  |  11.03 |   9.02 |  12.37 |   5.25 |I I 
22:37-Sat-Mar-11-2017 PM2.5 |   3.88 |   3.73 |   4.22 |   2.13 |I I 
22:41-Sat-Mar-11-2017 PM10  |  11.76 |   9.18 |  12.37 |   5.25 |I I 
22:41-Sat-Mar-11-2017 PM2.5 |   3.58 |   3.72 |   4.22 |   2.13 |I I 
22:42-Sat-Mar-11-2017 PM10  |  11.97 |   9.33 |  12.37 |   5.25 |I I 
22:42-Sat-Mar-11-2017 PM2.5 |   3.90 |   3.73 |   4.22 |   2.13 |I I 
22:46-Sat-Mar-11-2017 PM10  |   9.17 |   9.32 |  12.37 |   5.25 |I I 
22:46-Sat-Mar-11-2017 PM2.5 |   3.61 |   3.73 |   4.22 |   2.13 |I I 
22:47-Sat-Mar-11-2017 PM10  |   8.71 |   9.29 |  12.37 |   5.25 |I I 
22:47-Sat-Mar-11-2017 PM2.5 |   3.49 |   3.72 |   4.22 |   2.13 |I I 
22:51-Sat-Mar-11-2017 PM10  |   8.13 |   9.24 |  12.37 |   5.25 |I I 
22:51-Sat-Mar-11-2017 PM2.5 |   3.59 |   3.71 |   4.22 |   2.13 |I I 
22:52-Sat-Mar-11-2017 PM10  |   9.67 |   9.26 |  12.37 |   5.25 |I I 
22:52-Sat-Mar-11-2017 PM2.5 |   3.54 |   3.70 |   4.22 |   2.13 |I I 
22:53-Sat-Mar-11-2017 PM10  |   9.67 |   9.28 |  12.37 |   5.25 |I I 
22:53-Sat-Mar-11-2017 PM2.5 |   3.54 |   3.69 |   4.22 |   2.13 |I I 
22:57-Sat-Mar-11-2017 PM10  |   7.34 |   9.20 |  12.37 |   5.25 |I I 
22:57-Sat-Mar-11-2017 PM2.5 |   3.64 |   3.69 |   4.22 |   2.13 |I I 
22:58-Sat-Mar-11-2017 PM10  |   7.99 |   9.15 |  12.37 |   5.25 |I I 
22:58-Sat-Mar-11-2017 PM2.5 |   3.52 |   3.69 |   4.22 |   2.13 |I I 
23:02-Sat-Mar-11-2017 PM10  |   8.16 |   9.11 |  12.37 |   5.25 |I I 
23:02-Sat-Mar-11-2017 PM2.5 |   3.94 |   3.70 |   4.22 |   2.13 |I I 
23:03-Sat-Mar-11-2017 PM10  |   9.39 |   9.39 |  12.37 |   5.25 |I I 
23:03-Sat-Mar-11-2017 PM2.5 |   3.95 |   3.95 |   4.22 |   2.13 |I I 
23:07-Sat-Mar-11-2017 PM10  |  10.08 |   9.73 |  12.37 |   5.25 |I I 
23:07-Sat-Mar-11-2017 PM2.5 |   3.62 |   3.79 |   4.22 |   2.13 |I I 
23:08-Sat-Mar-11-2017 PM10  |   6.59 |   8.68 |  12.37 |   5.25 |I I 
23:08-Sat-Mar-11-2017 PM2.5 |   3.58 |   3.72 |   4.22 |   2.13 |I I 
23:12-Sat-Mar-11-2017 PM10  |   8.05 |   8.53 |  12.37 |   5.25 |I I 
23:12-Sat-Mar-11-2017 PM2.5 |   3.95 |   3.78 |   4.22 |   2.13 |I I 
23:13-Sat-Mar-11-2017 PM10  |  10.10 |   8.84 |  12.37 |   5.25 |I I 
23:13-Sat-Mar-11-2017 PM2.5 |   3.89 |   3.80 |   4.22 |   2.13 |I I 
23:17-Sat-Mar-11-2017 PM10  |   8.70 |   8.82 |  12.37 |   5.25 |I I 
23:17-Sat-Mar-11-2017 PM2.5 |   3.66 |   3.78 |   4.22 |   2.13 |I I 
23:18-Sat-Mar-11-2017 PM10  |   7.86 |   8.68 |  12.37 |   5.25 |I I 
23:18-Sat-Mar-11-2017 PM2.5 |   3.61 |   3.75 |   4.22 |   2.13 |I I 
23:19-Sat-Mar-11-2017 PM10  |   7.86 |   8.58 |  12.37 |   5.25 |I I 
23:19-Sat-Mar-11-2017 PM2.5 |   3.61 |   3.73 |   4.22 |   2.13 |I I 
23:23-Sat-Mar-11-2017 PM10  |  10.60 |   8.80 |  12.37 |   5.25 |I I 
23:23-Sat-Mar-11-2017 PM2.5 |   3.70 |   3.73 |   4.22 |   2.13 |I I 
23:24-Sat-Mar-11-2017 PM10  |   8.52 |   8.78 |  12.37 |   5.25 |I I 
23:24-Sat-Mar-11-2017 PM2.5 |   3.83 |   3.74 |   4.22 |   2.13 |I I 
23:28-Sat-Mar-11-2017 PM10  |   6.26 |   8.55 |  12.37 |   5.25 |I I 
23:28-Sat-Mar-11-2017 PM2.5 |   3.41 |   3.71 |   4.22 |   2.13 |I I 
23:29-Sat-Mar-11-2017 PM10  |   6.48 |   8.37 |  12.37 |   5.25 |I I 
23:29-Sat-Mar-11-2017 PM2.5 |   3.57 |   3.70 |   4.22 |   2.13 |I I 
23:33-Sat-Mar-11-2017 PM10  |   7.55 |   8.31 |  12.37 |   5.25 |I I 
23:33-Sat-Mar-11-2017 PM2.5 |   3.67 |   3.70 |   4.22 |   2.13 |I I 
23:34-Sat-Mar-11-2017 PM10  |   7.69 |   8.27 |  12.37 |   5.25 |I I 
23:34-Sat-Mar-11-2017 PM2.5 |   3.79 |   3.70 |   4.22 |   2.13 |I I 
23:38-Sat-Mar-11-2017 PM10  |   8.05 |   8.25 |  12.37 |   5.25 |I I 
23:38-Sat-Mar-11-2017 PM2.5 |   3.51 |   3.69 |   4.22 |   2.13 |I I 
23:39-Sat-Mar-11-2017 PM10  |   8.08 |   8.24 |  12.37 |   5.25 |I I 
23:39-Sat-Mar-11-2017 PM2.5 |   3.67 |   3.69 |   4.22 |   2.13 |I I 
23:43-Sat-Mar-11-2017 PM10  |   7.47 |   8.20 |  12.37 |   5.25 |I I 
23:43-Sat-Mar-11-2017 PM2.5 |   3.64 |   3.68 |   4.22 |   2.13 |I I 
23:44-Sat-Mar-11-2017 PM10  |   8.64 |   8.22 |  12.37 |   5.25 |I I 
23:44-Sat-Mar-11-2017 PM2.5 |   3.83 |   3.69 |   4.22 |   2.13 |I I 
23:48-Sat-Mar-11-2017 PM10  |   8.65 |   8.24 |  12.37 |   5.25 |I I 
23:48-Sat-Mar-11-2017 PM2.5 |   3.72 |   3.69 |   4.22 |   2.13 |I I 
23:49-Sat-Mar-11-2017 PM10  |   8.65 |   8.26 |  12.37 |   5.25 |I I 
23:49-Sat-Mar-11-2017 PM2.5 |   3.72 |   3.70 |   4.22 |   2.13 |I I 
23:50-Sat-Mar-11-2017 PM10  |   7.76 |   8.24 |  12.37 |   5.25 |I I 
23:50-Sat-Mar-11-2017 PM2.5 |   3.81 |   3.70 |   4.22 |   2.13 |I I 
23:54-Sat-Mar-11-2017 PM10  |   8.81 |   8.27 |  12.37 |   5.25 |I I 
23:54-Sat-Mar-11-2017 PM2.5 |   3.74 |   3.70 |   4.22 |   2.13 |I I 
23:55-Sat-Mar-11-2017 PM10  |   7.63 |   8.24 |  12.37 |   5.25 |I I 
23:55-Sat-Mar-11-2017 PM2.5 |   3.74 |   3.70 |   4.22 |   2.13 |I I 
23:59-Sat-Mar-11-2017 PM10  |   6.74 |   8.18 |  12.37 |   5.25 |I I 
23:59-Sat-Mar-11-2017 PM2.5 |   3.82 |   3.71 |   4.22 |   2.13 |I I 
00:00-Sun-Mar-12-2017 PM10  |   8.70 |   8.20 |  12.37 |   5.25 |I I 
