[Sat Mar  4 00:00:49 2017] Report del giorno Saturday March 04 2017 -- INVIATO a centraline@googlegroups.com
00:00-Sat-Mar-04-2017 PM2.5 |   6.71 |   6.96 |  14.11 |   5.47 |I I 
00:01-Sat-Mar-04-2017 PM10  |  13.43 |  13.43 |   0.00 |  2000.00|I I 
00:01-Sat-Mar-04-2017 PM2.5 |   6.20 |   6.20 |   0.00 |  2000.00|I I 
00:05-Sat-Mar-04-2017 PM10  |  12.78 |  13.11 |   0.00 |  2000.00|I I 
00:05-Sat-Mar-04-2017 PM2.5 |   6.59 |   6.40 |   0.00 |  2000.00|I I 
00:06-Sat-Mar-04-2017 PM10  |  12.23 |  12.81 |   0.00 |  2000.00|I I 
00:06-Sat-Mar-04-2017 PM2.5 |   6.51 |   6.43 |   0.00 |  2000.00|I I 
00:10-Sat-Mar-04-2017 PM10  |  13.07 |  12.88 |   0.00 |  2000.00|I I 
00:10-Sat-Mar-04-2017 PM2.5 |   6.48 |   6.45 |   0.00 |  2000.00|I I 
00:11-Sat-Mar-04-2017 PM10  |  13.07 |  12.92 |   0.00 |  2000.00|I I 
00:11-Sat-Mar-04-2017 PM2.5 |   6.48 |   6.45 |   0.00 |  2000.00|I I 
00:12-Sat-Mar-04-2017 PM10  |  12.62 |  12.87 |   0.00 |  2000.00|I I 
00:12-Sat-Mar-04-2017 PM2.5 |   6.36 |   6.44 |   0.00 |  2000.00|I I 
00:16-Sat-Mar-04-2017 PM10  |  13.76 |  13.00 |   0.00 |  2000.00|I I 
00:16-Sat-Mar-04-2017 PM2.5 |   6.83 |   6.49 |   0.00 |  2000.00|I I 
00:17-Sat-Mar-04-2017 PM10  |  13.55 |  13.06 |   0.00 |  2000.00|I I 
00:17-Sat-Mar-04-2017 PM2.5 |   6.47 |   6.49 |   0.00 |  2000.00|I I 
00:21-Sat-Mar-04-2017 PM10  |  10.63 |  12.79 |   0.00 |  2000.00|I I 
00:21-Sat-Mar-04-2017 PM2.5 |   6.19 |   6.46 |   0.00 |  2000.00|I I 
00:22-Sat-Mar-04-2017 PM10  |  13.17 |  12.83 |   0.00 |  2000.00|I I 
00:22-Sat-Mar-04-2017 PM2.5 |   6.76 |   6.49 |   0.00 |  2000.00|I I 
00:26-Sat-Mar-04-2017 PM10  |  12.97 |  12.84 |   0.00 |  2000.00|I I 
00:26-Sat-Mar-04-2017 PM2.5 |   6.95 |   6.53 |   0.00 |  2000.00|I I 
00:27-Sat-Mar-04-2017 PM10  |  13.02 |  12.86 |   0.00 |  2000.00|I I 
00:27-Sat-Mar-04-2017 PM2.5 |   6.55 |   6.53 |   0.00 |  2000.00|I I 
00:32-Sat-Mar-04-2017 PM10  |  12.46 |  12.83 |   0.00 |  2000.00|I I 
00:32-Sat-Mar-04-2017 PM2.5 |   6.37 |   6.52 |   0.00 |  2000.00|I I 
00:33-Sat-Mar-04-2017 PM10  |  12.27 |  12.79 |   0.00 |  2000.00|I I 
00:33-Sat-Mar-04-2017 PM2.5 |   6.41 |   6.51 |   0.00 |  2000.00|I I 
00:37-Sat-Mar-04-2017 PM10  |  11.38 |  12.69 |   0.00 |  2000.00|I I 
00:37-Sat-Mar-04-2017 PM2.5 |   6.33 |   6.50 |   0.00 |  2000.00|I I 
00:38-Sat-Mar-04-2017 PM10  |  13.28 |  12.73 |   0.00 |  2000.00|I I 
00:38-Sat-Mar-04-2017 PM2.5 |   7.00 |   6.53 |   0.00 |  2000.00|I I 
00:39-Sat-Mar-04-2017 PM10  |  13.28 |  12.76 |   0.00 |  2000.00|I I 
00:39-Sat-Mar-04-2017 PM2.5 |   7.00 |   6.56 |   0.00 |  2000.00|I I 
00:43-Sat-Mar-04-2017 PM10  |  12.57 |  12.75 |   0.00 |  2000.00|I I 
00:43-Sat-Mar-04-2017 PM2.5 |   6.55 |   6.56 |   0.00 |  2000.00|I I 
00:44-Sat-Mar-04-2017 PM10  |  13.90 |  12.81 |   0.00 |  2000.00|I I 
00:44-Sat-Mar-04-2017 PM2.5 |   6.53 |   6.56 |   0.00 |  2000.00|I I 
00:48-Sat-Mar-04-2017 PM10  |  12.67 |  12.81 |   0.00 |  2000.00|I I 
00:48-Sat-Mar-04-2017 PM2.5 |   6.63 |   6.56 |   0.00 |  2000.00|I I 
00:49-Sat-Mar-04-2017 PM10  |  11.17 |  12.73 |   0.00 |  2000.00|I I 
00:49-Sat-Mar-04-2017 PM2.5 |   5.91 |   6.53 |   0.00 |  2000.00|I I 
00:53-Sat-Mar-04-2017 PM10  |  11.32 |  12.66 |   0.00 |  2000.00|I I 
00:53-Sat-Mar-04-2017 PM2.5 |   6.06 |   6.51 |   0.00 |  2000.00|I I 
00:54-Sat-Mar-04-2017 PM10  |  12.81 |  12.67 |   0.00 |  2000.00|I I 
00:54-Sat-Mar-04-2017 PM2.5 |   6.04 |   6.49 |   0.00 |  2000.00|I I 
00:58-Sat-Mar-04-2017 PM10  |   9.85 |  12.55 |   0.00 |  2000.00|I I 
00:58-Sat-Mar-04-2017 PM2.5 |   5.92 |   6.46 |   0.00 |  2000.00|I I 
00:59-Sat-Mar-04-2017 PM10  |  12.79 |  12.56 |   0.00 |  2000.00|I I 
00:59-Sat-Mar-04-2017 PM2.5 |   6.80 |   6.48 |   0.00 |  2000.00|I I 
01:03-Sat-Mar-04-2017 PM10  |  12.19 |  12.55 |  12.55 |  12.55 |I I 
01:03-Sat-Mar-04-2017 PM2.5 |   6.29 |   6.47 |   6.47 |   6.47 |I I 
01:04-Sat-Mar-04-2017 PM10  |  12.11 |  12.11 |  12.55 |  12.55 |I I 
01:04-Sat-Mar-04-2017 PM2.5 |   6.06 |   6.06 |   6.47 |   6.47 |I I 
01:05-Sat-Mar-04-2017 PM10  |  12.11 |  12.11 |  12.55 |  12.55 |I I 
01:05-Sat-Mar-04-2017 PM2.5 |   6.06 |   6.06 |   6.47 |   6.47 |I I 
01:09-Sat-Mar-04-2017 PM10  |  12.45 |  12.22 |  12.55 |  12.55 |I I 
01:09-Sat-Mar-04-2017 PM2.5 |   6.38 |   6.17 |   6.47 |   6.47 |I I 
01:10-Sat-Mar-04-2017 PM10  |  11.34 |  12.00 |  12.55 |  12.55 |I I 
01:10-Sat-Mar-04-2017 PM2.5 |   6.37 |   6.22 |   6.47 |   6.47 |I I 
01:14-Sat-Mar-04-2017 PM10  |  11.91 |  11.98 |  12.55 |  12.55 |I I 
01:14-Sat-Mar-04-2017 PM2.5 |   6.14 |   6.20 |   6.47 |   6.47 |I I 
01:15-Sat-Mar-04-2017 PM10  |  11.26 |  11.86 |  12.55 |  12.55 |I I 
01:15-Sat-Mar-04-2017 PM2.5 |   6.38 |   6.23 |   6.47 |   6.47 |I I 
01:19-Sat-Mar-04-2017 PM10  |  12.49 |  11.95 |  12.55 |  12.55 |I I 
01:19-Sat-Mar-04-2017 PM2.5 |   6.42 |   6.26 |   6.47 |   6.47 |I I 
01:20-Sat-Mar-04-2017 PM10  |  15.25 |  12.36 |  12.55 |  12.55 |I I 
01:20-Sat-Mar-04-2017 PM2.5 |   6.32 |   6.27 |   6.47 |   6.47 |I I 
01:24-Sat-Mar-04-2017 PM10  |  15.81 |  12.75 |  12.55 |  12.55 |I I 
01:24-Sat-Mar-04-2017 PM2.5 |   6.30 |   6.27 |   6.47 |   6.47 |I I 
01:25-Sat-Mar-04-2017 PM10  |  14.77 |  12.95 |  12.55 |  12.55 |I I 
01:25-Sat-Mar-04-2017 PM2.5 |   6.48 |   6.29 |   6.47 |   6.47 |I I 
01:29-Sat-Mar-04-2017 PM10  |  12.08 |  12.87 |  12.55 |  12.55 |I I 
01:29-Sat-Mar-04-2017 PM2.5 |   6.22 |   6.29 |   6.47 |   6.47 |I I 
01:30-Sat-Mar-04-2017 PM10  |  12.30 |  12.82 |  12.55 |  12.55 |I I 
01:30-Sat-Mar-04-2017 PM2.5 |   6.30 |   6.29 |   6.47 |   6.47 |I I 
01:31-Sat-Mar-04-2017 PM10  |  12.30 |  12.78 |  12.55 |  12.55 |I I 
01:31-Sat-Mar-04-2017 PM2.5 |   6.30 |   6.29 |   6.47 |   6.47 |I I 
01:35-Sat-Mar-04-2017 PM10  |  11.22 |  12.67 |  12.55 |  12.55 |I I 
01:35-Sat-Mar-04-2017 PM2.5 |   6.31 |   6.29 |   6.47 |   6.47 |I I 
01:36-Sat-Mar-04-2017 PM10  |  11.47 |  12.59 |  12.55 |  12.55 |I I 
01:36-Sat-Mar-04-2017 PM2.5 |   6.36 |   6.29 |   6.47 |   6.47 |I I 
01:40-Sat-Mar-04-2017 PM10  |  12.01 |  12.56 |  12.55 |  12.55 |I I 
01:40-Sat-Mar-04-2017 PM2.5 |   6.06 |   6.28 |   6.47 |   6.47 |I I 
01:41-Sat-Mar-04-2017 PM10  |  12.73 |  12.57 |  12.55 |  12.55 |I I 
01:41-Sat-Mar-04-2017 PM2.5 |   5.92 |   6.26 |   6.47 |   6.47 |I I 
01:45-Sat-Mar-04-2017 PM10  |  13.66 |  12.63 |  12.55 |  12.55 |I I 
01:45-Sat-Mar-04-2017 PM2.5 |   5.94 |   6.24 |   6.47 |   6.47 |I I 
01:46-Sat-Mar-04-2017 PM10  |  11.98 |  12.59 |  12.55 |  12.55 |I I 
01:46-Sat-Mar-04-2017 PM2.5 |   6.35 |   6.25 |   6.47 |   6.47 |I I 
01:50-Sat-Mar-04-2017 PM10  |  10.88 |  12.51 |  12.55 |  12.55 |I I 
01:50-Sat-Mar-04-2017 PM2.5 |   6.12 |   6.24 |   6.47 |   6.47 |I I 
01:51-Sat-Mar-04-2017 PM10  |   9.57 |  12.37 |  12.55 |  12.55 |I I 
01:51-Sat-Mar-04-2017 PM2.5 |   5.83 |   6.22 |   6.47 |   6.47 |I I 
01:55-Sat-Mar-04-2017 PM10  |  10.89 |  12.30 |  12.55 |  12.55 |I I 
01:55-Sat-Mar-04-2017 PM2.5 |   6.14 |   6.22 |   6.47 |   6.47 |I I 
01:56-Sat-Mar-04-2017 PM10  |  12.98 |  12.33 |  12.55 |  12.55 |I I 
01:56-Sat-Mar-04-2017 PM2.5 |   5.77 |   6.20 |   6.47 |   6.47 |I I 
02:00-Sat-Mar-04-2017 PM10  |  13.04 |  12.36 |  12.55 |  12.36 |I I 
02:00-Sat-Mar-04-2017 PM2.5 |   6.16 |   6.20 |   6.47 |   6.20 |I I 
02:01-Sat-Mar-04-2017 PM10  |  13.04 |  13.04 |  12.55 |  12.36 |I I 
02:01-Sat-Mar-04-2017 PM2.5 |   6.16 |   6.16 |   6.47 |   6.20 |I I 
02:02-Sat-Mar-04-2017 PM10  |  12.70 |  12.87 |  12.55 |  12.36 |I I 
02:02-Sat-Mar-04-2017 PM2.5 |   5.43 |   5.79 |   6.47 |   6.20 |I I 
02:06-Sat-Mar-04-2017 PM10  |   9.94 |  11.89 |  12.55 |  12.36 |I I 
02:06-Sat-Mar-04-2017 PM2.5 |   5.64 |   5.74 |   6.47 |   6.20 |I I 
02:07-Sat-Mar-04-2017 PM10  |  10.44 |  11.53 |  12.55 |  12.36 |I I 
02:07-Sat-Mar-04-2017 PM2.5 |   5.44 |   5.67 |   6.47 |   6.20 |I I 
02:11-Sat-Mar-04-2017 PM10  |  11.44 |  11.51 |  12.55 |  12.36 |I I 
02:11-Sat-Mar-04-2017 PM2.5 |   5.95 |   5.72 |   6.47 |   6.20 |I I 
02:12-Sat-Mar-04-2017 PM10  |  10.62 |  11.36 |  12.55 |  12.36 |I I 
02:12-Sat-Mar-04-2017 PM2.5 |   5.44 |   5.68 |   6.47 |   6.20 |I I 
02:16-Sat-Mar-04-2017 PM10  |  13.97 |  11.74 |  12.55 |  12.36 |I I 
02:16-Sat-Mar-04-2017 PM2.5 |   5.58 |   5.66 |   6.47 |   6.20 |I I 
02:17-Sat-Mar-04-2017 PM10  |  10.59 |  11.59 |  12.55 |  12.36 |I I 
02:17-Sat-Mar-04-2017 PM2.5 |   5.71 |   5.67 |   6.47 |   6.20 |I I 
02:21-Sat-Mar-04-2017 PM10  |  12.29 |  11.67 |  12.55 |  12.36 |I I 
02:21-Sat-Mar-04-2017 PM2.5 |   5.86 |   5.69 |   6.47 |   6.20 |I I 
02:22-Sat-Mar-04-2017 PM10  |  10.95 |  11.60 |  12.55 |  12.36 |I I 
02:22-Sat-Mar-04-2017 PM2.5 |   5.89 |   5.71 |   6.47 |   6.20 |I I 
02:26-Sat-Mar-04-2017 PM10  |  12.60 |  11.69 |  12.55 |  12.36 |I I 
02:26-Sat-Mar-04-2017 PM2.5 |   5.87 |   5.72 |   6.47 |   6.20 |I I 
02:27-Sat-Mar-04-2017 PM10  |  12.60 |  11.77 |  12.55 |  12.36 |I I 
02:27-Sat-Mar-04-2017 PM2.5 |   5.87 |   5.74 |   6.47 |   6.20 |I I 
02:28-Sat-Mar-04-2017 PM10  |  15.77 |  12.07 |  12.55 |  12.36 |I I 
02:28-Sat-Mar-04-2017 PM2.5 |   6.26 |   5.78 |   6.47 |   6.20 |I I 
02:32-Sat-Mar-04-2017 PM10  |  10.65 |  11.97 |  12.55 |  12.36 |I I 
02:32-Sat-Mar-04-2017 PM2.5 |   5.63 |   5.77 |   6.47 |   6.20 |I I 
02:33-Sat-Mar-04-2017 PM10  |  11.71 |  11.95 |  12.55 |  12.36 |I I 
02:33-Sat-Mar-04-2017 PM2.5 |   5.82 |   5.77 |   6.47 |   6.20 |I I 
02:37-Sat-Mar-04-2017 PM10  |  11.17 |  11.91 |  12.55 |  12.36 |I I 
02:37-Sat-Mar-04-2017 PM2.5 |   5.98 |   5.78 |   6.47 |   6.20 |I I 
02:38-Sat-Mar-04-2017 PM10  |   9.84 |  11.78 |  12.55 |  12.36 |I I 
02:38-Sat-Mar-04-2017 PM2.5 |   5.86 |   5.79 |   6.47 |   6.20 |I I 
02:42-Sat-Mar-04-2017 PM10  |   9.23 |  11.64 |  12.55 |  12.36 |I I 
02:42-Sat-Mar-04-2017 PM2.5 |   5.59 |   5.78 |   6.47 |   6.20 |I I 
02:43-Sat-Mar-04-2017 PM10  |  13.31 |  11.73 |  12.55 |  12.36 |I I 
02:43-Sat-Mar-04-2017 PM2.5 |   5.40 |   5.76 |   6.47 |   6.20 |I I 
02:47-Sat-Mar-04-2017 PM10  |   8.59 |  11.57 |  12.55 |  12.36 |I I 
02:47-Sat-Mar-04-2017 PM2.5 |   5.30 |   5.73 |   6.47 |   6.20 |I I 
02:48-Sat-Mar-04-2017 PM10  |   9.80 |  11.49 |  12.55 |  12.36 |I I 
02:48-Sat-Mar-04-2017 PM2.5 |   5.65 |   5.73 |   6.47 |   6.20 |I I 
02:52-Sat-Mar-04-2017 PM10  |  12.38 |  11.53 |  12.55 |  12.36 |I I 
02:52-Sat-Mar-04-2017 PM2.5 |   5.49 |   5.72 |   6.47 |   6.20 |I I 
02:53-Sat-Mar-04-2017 PM10  |  12.38 |  11.57 |  12.55 |  12.36 |I I 
02:53-Sat-Mar-04-2017 PM2.5 |   5.49 |   5.71 |   6.47 |   6.20 |I I 
02:54-Sat-Mar-04-2017 PM10  |  10.35 |  11.52 |  12.55 |  12.36 |I I 
02:54-Sat-Mar-04-2017 PM2.5 |   5.37 |   5.69 |   6.47 |   6.20 |I I 
02:58-Sat-Mar-04-2017 PM10  |  11.50 |  11.52 |  12.55 |  12.36 |I I 
02:58-Sat-Mar-04-2017 PM2.5 |   5.54 |   5.69 |   6.47 |   6.20 |I I 
02:59-Sat-Mar-04-2017 PM10  |   8.77 |  11.41 |  12.55 |  12.36 |I I 
02:59-Sat-Mar-04-2017 PM2.5 |   5.14 |   5.67 |   6.47 |   6.20 |I I 
03:03-Sat-Mar-04-2017 PM10  |   9.89 |  11.35 |  12.55 |  11.35 |I I 
03:03-Sat-Mar-04-2017 PM2.5 |   5.30 |   5.65 |   6.47 |   5.65 |I I 
03:04-Sat-Mar-04-2017 PM10  |  11.60 |  11.60 |  12.55 |  11.35 |I I 
03:04-Sat-Mar-04-2017 PM2.5 |   5.01 |   5.01 |   6.47 |   5.65 |I I 
03:09-Sat-Mar-04-2017 PM10  |  12.03 |  11.82 |  12.55 |  11.35 |I I 
03:09-Sat-Mar-04-2017 PM2.5 |   5.55 |   5.28 |   6.47 |   5.65 |I I 
03:10-Sat-Mar-04-2017 PM10  |  11.92 |  11.85 |  12.55 |  11.35 |I I 
03:10-Sat-Mar-04-2017 PM2.5 |   6.00 |   5.52 |   6.47 |   5.65 |I I 
03:14-Sat-Mar-04-2017 PM10  |  11.37 |  11.73 |  12.55 |  11.35 |I I 
03:14-Sat-Mar-04-2017 PM2.5 |   5.49 |   5.51 |   6.47 |   5.65 |I I 
03:15-Sat-Mar-04-2017 PM10  |   9.17 |  11.22 |  12.55 |  11.35 |I I 
03:15-Sat-Mar-04-2017 PM2.5 |   5.19 |   5.45 |   6.47 |   5.65 |I I 
03:19-Sat-Mar-04-2017 PM10  |  10.55 |  11.11 |  12.55 |  11.35 |I I 
03:19-Sat-Mar-04-2017 PM2.5 |   5.48 |   5.45 |   6.47 |   5.65 |I I 
03:20-Sat-Mar-04-2017 PM10  |  10.56 |  11.03 |  12.55 |  11.35 |I I 
03:20-Sat-Mar-04-2017 PM2.5 |   5.48 |   5.46 |   6.47 |   5.65 |I I 
03:21-Sat-Mar-04-2017 PM10  |  10.56 |  10.97 |  12.55 |  11.35 |I I 
03:21-Sat-Mar-04-2017 PM2.5 |   5.48 |   5.46 |   6.47 |   5.65 |I I 
03:25-Sat-Mar-04-2017 PM10  |  15.82 |  11.51 |  12.55 |  11.35 |I I 
03:25-Sat-Mar-04-2017 PM2.5 |   5.64 |   5.48 |   6.47 |   5.65 |I I 
03:26-Sat-Mar-04-2017 PM10  |  10.29 |  11.39 |  12.55 |  11.35 |I I 
03:26-Sat-Mar-04-2017 PM2.5 |   5.23 |   5.46 |   6.47 |   5.65 |I I 
03:30-Sat-Mar-04-2017 PM10  |  10.24 |  11.28 |  12.55 |  11.35 |I I 
03:30-Sat-Mar-04-2017 PM2.5 |   5.35 |   5.45 |   6.47 |   5.65 |I I 
03:31-Sat-Mar-04-2017 PM10  |  12.29 |  11.37 |  12.55 |  11.35 |I I 
03:31-Sat-Mar-04-2017 PM2.5 |   5.41 |   5.44 |   6.47 |   5.65 |I I 
03:35-Sat-Mar-04-2017 PM10  |   9.16 |  11.20 |  12.55 |  11.35 |I I 
03:35-Sat-Mar-04-2017 PM2.5 |   5.25 |   5.43 |   6.47 |   5.65 |I I 
03:36-Sat-Mar-04-2017 PM10  |   9.74 |  11.09 |  12.55 |  11.35 |I I 
03:36-Sat-Mar-04-2017 PM2.5 |   4.98 |   5.40 |   6.47 |   5.65 |I I 
03:40-Sat-Mar-04-2017 PM10  |   8.05 |  10.89 |  12.55 |  11.35 |I I 
03:40-Sat-Mar-04-2017 PM2.5 |   5.22 |   5.38 |   6.47 |   5.65 |I I 
03:41-Sat-Mar-04-2017 PM10  |  10.27 |  10.85 |  12.55 |  11.35 |I I 
03:41-Sat-Mar-04-2017 PM2.5 |   5.41 |   5.39 |   6.47 |   5.65 |I I 
03:45-Sat-Mar-04-2017 PM10  |   9.52 |  10.77 |  12.55 |  11.35 |I I 
03:45-Sat-Mar-04-2017 PM2.5 |   5.26 |   5.38 |   6.47 |   5.65 |I I 
03:46-Sat-Mar-04-2017 PM10  |  10.35 |  10.75 |  12.55 |  11.35 |I I 
03:46-Sat-Mar-04-2017 PM2.5 |   5.58 |   5.39 |   6.47 |   5.65 |I I 
03:47-Sat-Mar-04-2017 PM10  |  10.35 |  10.73 |  12.55 |  11.35 |I I 
03:47-Sat-Mar-04-2017 PM2.5 |   5.58 |   5.40 |   6.47 |   5.65 |I I 
03:51-Sat-Mar-04-2017 PM10  |   8.66 |  10.62 |  12.55 |  11.35 |I I 
03:51-Sat-Mar-04-2017 PM2.5 |   5.43 |   5.40 |   6.47 |   5.65 |I I 
03:52-Sat-Mar-04-2017 PM10  |  11.82 |  10.68 |  12.55 |  11.35 |I I 
03:52-Sat-Mar-04-2017 PM2.5 |   5.40 |   5.40 |   6.47 |   5.65 |I I 
03:56-Sat-Mar-04-2017 PM10  |   9.16 |  10.61 |  12.55 |  11.35 |I I 
03:56-Sat-Mar-04-2017 PM2.5 |   5.07 |   5.39 |   6.47 |   5.65 |I I 
03:57-Sat-Mar-04-2017 PM10  |   9.70 |  10.57 |  12.55 |  11.35 |I I 
03:57-Sat-Mar-04-2017 PM2.5 |   5.67 |   5.40 |   6.47 |   5.65 |I I 
04:01-Sat-Mar-04-2017 PM10  |   8.20 |  10.47 |  12.55 |  10.47 |I I 
04:01-Sat-Mar-04-2017 PM2.5 |   4.92 |   5.38 |   6.47 |   5.38 |I I 
04:02-Sat-Mar-04-2017 PM10  |   8.01 |   8.01 |  12.55 |  10.47 |I I 
04:02-Sat-Mar-04-2017 PM2.5 |   5.02 |   5.02 |   6.47 |   5.38 |I I 
04:06-Sat-Mar-04-2017 PM10  |   9.38 |   8.70 |  12.55 |  10.47 |I I 
04:06-Sat-Mar-04-2017 PM2.5 |   5.07 |   5.05 |   6.47 |   5.38 |I I 
04:07-Sat-Mar-04-2017 PM10  |   9.85 |   9.08 |  12.55 |  10.47 |I I 
04:07-Sat-Mar-04-2017 PM2.5 |   5.26 |   5.12 |   6.47 |   5.38 |I I 
04:11-Sat-Mar-04-2017 PM10  |  11.02 |   9.56 |  12.55 |  10.47 |I I 
04:11-Sat-Mar-04-2017 PM2.5 |   5.34 |   5.17 |   6.47 |   5.38 |I I 
04:12-Sat-Mar-04-2017 PM10  |   8.47 |   9.35 |  12.55 |  10.47 |I I 
04:12-Sat-Mar-04-2017 PM2.5 |   5.32 |   5.20 |   6.47 |   5.38 |I I 
04:16-Sat-Mar-04-2017 PM10  |  10.47 |   9.53 |  12.55 |  10.47 |I I 
04:16-Sat-Mar-04-2017 PM2.5 |   5.45 |   5.24 |   6.47 |   5.38 |I I 
04:17-Sat-Mar-04-2017 PM10  |  10.47 |   9.67 |  12.55 |  10.47 |I I 
04:17-Sat-Mar-04-2017 PM2.5 |   5.45 |   5.27 |   6.47 |   5.38 |I I 
04:18-Sat-Mar-04-2017 PM10  |  12.09 |   9.97 |  12.55 |  10.47 |I I 
04:18-Sat-Mar-04-2017 PM2.5 |   5.29 |   5.27 |   6.47 |   5.38 |I I 
04:22-Sat-Mar-04-2017 PM10  |  11.60 |  10.15 |  12.55 |  10.47 |I I 
04:22-Sat-Mar-04-2017 PM2.5 |   5.23 |   5.27 |   6.47 |   5.38 |I I 
04:23-Sat-Mar-04-2017 PM10  |  10.72 |  10.21 |  12.55 |  10.47 |I I 
04:23-Sat-Mar-04-2017 PM2.5 |   5.54 |   5.30 |   6.47 |   5.38 |I I 
04:27-Sat-Mar-04-2017 PM10  |  10.57 |  10.24 |  12.55 |  10.47 |I I 
04:27-Sat-Mar-04-2017 PM2.5 |   5.24 |   5.29 |   6.47 |   5.38 |I I 
04:28-Sat-Mar-04-2017 PM10  |  10.28 |  10.25 |  12.55 |  10.47 |I I 
04:28-Sat-Mar-04-2017 PM2.5 |   5.02 |   5.27 |   6.47 |   5.38 |I I 
04:32-Sat-Mar-04-2017 PM10  |   9.99 |  10.23 |  12.55 |  10.47 |I I 
04:32-Sat-Mar-04-2017 PM2.5 |   5.09 |   5.26 |   6.47 |   5.38 |I I 
04:33-Sat-Mar-04-2017 PM10  |  10.40 |  10.24 |  12.55 |  10.47 |I I 
04:33-Sat-Mar-04-2017 PM2.5 |   4.87 |   5.23 |   6.47 |   5.38 |I I 
04:37-Sat-Mar-04-2017 PM10  |  12.09 |  10.36 |  12.55 |  10.47 |I I 
04:37-Sat-Mar-04-2017 PM2.5 |   5.34 |   5.24 |   6.47 |   5.38 |I I 
04:38-Sat-Mar-04-2017 PM10  |   8.75 |  10.26 |  12.55 |  10.47 |I I 
04:38-Sat-Mar-04-2017 PM2.5 |   4.93 |   5.22 |   6.47 |   5.38 |I I 
04:42-Sat-Mar-04-2017 PM10  |   8.93 |  10.18 |  12.55 |  10.47 |I I 
04:42-Sat-Mar-04-2017 PM2.5 |   5.20 |   5.22 |   6.47 |   5.38 |I I 
04:43-Sat-Mar-04-2017 PM10  |   8.93 |  10.11 |  12.55 |  10.47 |I I 
04:43-Sat-Mar-04-2017 PM2.5 |   5.20 |   5.21 |   6.47 |   5.38 |I I 
04:44-Sat-Mar-04-2017 PM10  |   9.50 |  10.08 |  12.55 |  10.47 |I I 
04:44-Sat-Mar-04-2017 PM2.5 |   4.72 |   5.19 |   6.47 |   5.38 |I I 
04:48-Sat-Mar-04-2017 PM10  |   9.92 |  10.07 |  12.55 |  10.47 |I I 
04:48-Sat-Mar-04-2017 PM2.5 |   5.24 |   5.19 |   6.47 |   5.38 |I I 
04:49-Sat-Mar-04-2017 PM10  |   9.27 |  10.04 |  12.55 |  10.47 |I I 
04:49-Sat-Mar-04-2017 PM2.5 |   4.74 |   5.17 |   6.47 |   5.38 |I I 
04:53-Sat-Mar-04-2017 PM10  |   8.52 |   9.97 |  12.55 |  10.47 |I I 
04:53-Sat-Mar-04-2017 PM2.5 |   5.09 |   5.17 |   6.47 |   5.38 |I I 
04:54-Sat-Mar-04-2017 PM10  |  11.16 |  10.02 |  12.55 |  10.47 |I I 
04:54-Sat-Mar-04-2017 PM2.5 |   4.59 |   5.14 |   6.47 |   5.38 |I I 
04:58-Sat-Mar-04-2017 PM10  |  11.40 |  10.08 |  12.55 |  10.47 |I I 
04:58-Sat-Mar-04-2017 PM2.5 |   4.72 |   5.12 |   6.47 |   5.38 |I I 
04:59-Sat-Mar-04-2017 PM10  |   8.88 |  10.03 |  12.55 |  10.47 |I I 
04:59-Sat-Mar-04-2017 PM2.5 |   4.65 |   5.10 |   6.47 |   5.38 |I I 
05:03-Sat-Mar-04-2017 PM10  |   9.70 |  10.02 |  12.55 |  10.02 |I I 
05:03-Sat-Mar-04-2017 PM2.5 |   4.61 |   5.09 |   6.47 |   5.09 |I I 
05:04-Sat-Mar-04-2017 PM10  |  10.12 |  10.12 |  12.55 |  10.02 |I I 
05:04-Sat-Mar-04-2017 PM2.5 |   4.57 |   4.57 |   6.47 |   5.09 |I I 
05:08-Sat-Mar-04-2017 PM10  |   9.77 |   9.94 |  12.55 |  10.02 |I I 
05:08-Sat-Mar-04-2017 PM2.5 |   5.25 |   4.91 |   6.47 |   5.09 |I I 
05:09-Sat-Mar-04-2017 PM10  |   9.77 |   9.89 |  12.55 |  10.02 |I I 
05:09-Sat-Mar-04-2017 PM2.5 |   5.25 |   5.02 |   6.47 |   5.09 |I I 
05:10-Sat-Mar-04-2017 PM10  |   9.29 |   9.74 |  12.55 |  10.02 |I I 
05:10-Sat-Mar-04-2017 PM2.5 |   5.05 |   5.03 |   6.47 |   5.09 |I I 
05:14-Sat-Mar-04-2017 PM10  |  10.09 |   9.81 |  12.55 |  10.02 |I I 
05:14-Sat-Mar-04-2017 PM2.5 |   4.96 |   5.01 |   6.47 |   5.09 |I I 
05:15-Sat-Mar-04-2017 PM10  |   8.50 |   9.59 |  12.55 |  10.02 |I I 
05:15-Sat-Mar-04-2017 PM2.5 |   4.46 |   4.92 |   6.47 |   5.09 |I I 
05:19-Sat-Mar-04-2017 PM10  |   9.84 |   9.63 |  12.55 |  10.02 |I I 
05:19-Sat-Mar-04-2017 PM2.5 |   4.86 |   4.91 |   6.47 |   5.09 |I I 
05:20-Sat-Mar-04-2017 PM10  |   7.94 |   9.41 |  12.55 |  10.02 |I I 
05:20-Sat-Mar-04-2017 PM2.5 |   4.51 |   4.86 |   6.47 |   5.09 |I I 
05:24-Sat-Mar-04-2017 PM10  |   9.42 |   9.42 |  12.55 |  10.02 |I I 
05:24-Sat-Mar-04-2017 PM2.5 |   4.63 |   4.84 |   6.47 |   5.09 |I I 
05:25-Sat-Mar-04-2017 PM10  |   8.35 |   9.31 |  12.55 |  10.02 |I I 
05:25-Sat-Mar-04-2017 PM2.5 |   4.40 |   4.79 |   6.47 |   5.09 |I I 
05:29-Sat-Mar-04-2017 PM10  |  11.38 |   9.50 |  12.55 |  10.02 |I I 
05:29-Sat-Mar-04-2017 PM2.5 |   4.93 |   4.80 |   6.47 |   5.09 |I I 
05:30-Sat-Mar-04-2017 PM10  |  14.08 |   9.88 |  12.55 |  10.02 |I I 
05:30-Sat-Mar-04-2017 PM2.5 |   4.84 |   4.81 |   6.47 |   5.09 |I I 
05:34-Sat-Mar-04-2017 PM10  |  10.49 |   9.93 |  12.55 |  10.02 |I I 
05:34-Sat-Mar-04-2017 PM2.5 |   4.80 |   4.81 |   6.47 |   5.09 |I I 
05:35-Sat-Mar-04-2017 PM10  |  10.49 |   9.97 |  12.55 |  10.02 |I I 
05:35-Sat-Mar-04-2017 PM2.5 |   4.80 |   4.81 |   6.47 |   5.09 |I I 
05:36-Sat-Mar-04-2017 PM10  |   9.01 |   9.90 |  12.55 |  10.02 |I I 
05:36-Sat-Mar-04-2017 PM2.5 |   4.33 |   4.77 |   6.47 |   5.09 |I I 
05:40-Sat-Mar-04-2017 PM10  |  10.93 |   9.97 |  12.55 |  10.02 |I I 
05:40-Sat-Mar-04-2017 PM2.5 |   4.62 |   4.77 |   6.47 |   5.09 |I I 
05:41-Sat-Mar-04-2017 PM10  |   9.36 |   9.93 |  12.55 |  10.02 |I I 
05:41-Sat-Mar-04-2017 PM2.5 |   4.77 |   4.77 |   6.47 |   5.09 |I I 
05:46-Sat-Mar-04-2017 PM10  |   8.10 |   9.83 |  12.55 |  10.02 |I I 
05:46-Sat-Mar-04-2017 PM2.5 |   4.50 |   4.75 |   6.47 |   5.09 |I I 
05:47-Sat-Mar-04-2017 PM10  |  11.21 |   9.90 |  12.55 |  10.02 |I I 
05:47-Sat-Mar-04-2017 PM2.5 |   4.56 |   4.74 |   6.47 |   5.09 |I I 
05:51-Sat-Mar-04-2017 PM10  |   8.89 |   9.85 |  12.55 |  10.02 |I I 
05:51-Sat-Mar-04-2017 PM2.5 |   4.42 |   4.72 |   6.47 |   5.09 |I I 
05:52-Sat-Mar-04-2017 PM10  |   9.48 |   9.83 |  12.55 |  10.02 |I I 
05:52-Sat-Mar-04-2017 PM2.5 |   4.36 |   4.71 |   6.47 |   5.09 |I I 
05:56-Sat-Mar-04-2017 PM10  |   8.93 |   9.79 |  12.55 |  10.02 |I I 
05:56-Sat-Mar-04-2017 PM2.5 |   4.59 |   4.70 |   6.47 |   5.09 |I I 
05:57-Sat-Mar-04-2017 PM10  |   7.64 |   9.70 |  12.55 |  10.02 |I I 
05:57-Sat-Mar-04-2017 PM2.5 |   4.27 |   4.68 |   6.47 |   5.09 |I I 
06:01-Sat-Mar-04-2017 PM10  |   9.33 |   9.68 |  12.55 |   9.68 |I I 
06:01-Sat-Mar-04-2017 PM2.5 |   4.72 |   4.68 |   6.47 |   4.68 |I I 
06:02-Sat-Mar-04-2017 PM10  |   9.04 |   9.04 |  12.55 |   9.68 |I I 
06:02-Sat-Mar-04-2017 PM2.5 |   4.27 |   4.27 |   6.47 |   4.68 |I I 
06:03-Sat-Mar-04-2017 PM10  |   9.04 |   9.04 |  12.55 |   9.68 |I I 
06:03-Sat-Mar-04-2017 PM2.5 |   4.27 |   4.27 |   6.47 |   4.68 |I I 
06:07-Sat-Mar-04-2017 PM10  |   6.75 |   8.28 |  12.55 |   9.68 |I I 
06:07-Sat-Mar-04-2017 PM2.5 |   4.16 |   4.23 |   6.47 |   4.68 |I I 
06:08-Sat-Mar-04-2017 PM10  |   7.92 |   8.19 |  12.55 |   9.68 |I I 
06:08-Sat-Mar-04-2017 PM2.5 |   4.55 |   4.31 |   6.47 |   4.68 |I I 
06:12-Sat-Mar-04-2017 PM10  |   8.25 |   8.20 |  12.55 |   9.68 |I I 
06:12-Sat-Mar-04-2017 PM2.5 |   4.58 |   4.36 |   6.47 |   4.68 |I I 
06:13-Sat-Mar-04-2017 PM10  |   8.70 |   8.28 |  12.55 |   9.68 |I I 
06:13-Sat-Mar-04-2017 PM2.5 |   4.29 |   4.35 |   6.47 |   4.68 |I I 
06:17-Sat-Mar-04-2017 PM10  |   9.94 |   8.52 |  12.55 |   9.68 |I I 
06:17-Sat-Mar-04-2017 PM2.5 |   4.41 |   4.36 |   6.47 |   4.68 |I I 
06:18-Sat-Mar-04-2017 PM10  |   7.47 |   8.39 |  12.55 |   9.68 |I I 
06:18-Sat-Mar-04-2017 PM2.5 |   4.20 |   4.34 |   6.47 |   4.68 |I I 
06:22-Sat-Mar-04-2017 PM10  |   6.86 |   8.22 |  12.55 |   9.68 |I I 
06:22-Sat-Mar-04-2017 PM2.5 |   4.16 |   4.32 |   6.47 |   4.68 |I I 
06:23-Sat-Mar-04-2017 PM10  |  10.18 |   8.42 |  12.55 |   9.68 |I I 
06:23-Sat-Mar-04-2017 PM2.5 |   4.15 |   4.30 |   6.47 |   4.68 |I I 
06:27-Sat-Mar-04-2017 PM10  |  10.55 |   8.61 |  12.55 |   9.68 |I I 
06:27-Sat-Mar-04-2017 PM2.5 |   4.33 |   4.31 |   6.47 |   4.68 |I I 
06:28-Sat-Mar-04-2017 PM10  |   8.55 |   8.60 |  12.55 |   9.68 |I I 
06:28-Sat-Mar-04-2017 PM2.5 |   4.40 |   4.31 |   6.47 |   4.68 |I I 
06:29-Sat-Mar-04-2017 PM10  |   8.55 |   8.60 |  12.55 |   9.68 |I I 
06:29-Sat-Mar-04-2017 PM2.5 |   4.40 |   4.32 |   6.47 |   4.68 |I I 
06:33-Sat-Mar-04-2017 PM10  |   9.55 |   8.67 |  12.55 |   9.68 |I I 
06:33-Sat-Mar-04-2017 PM2.5 |   4.40 |   4.33 |   6.47 |   4.68 |I I 
06:34-Sat-Mar-04-2017 PM10  |   9.12 |   8.70 |  12.55 |   9.68 |I I 
06:34-Sat-Mar-04-2017 PM2.5 |   4.24 |   4.32 |   6.47 |   4.68 |I I 
06:38-Sat-Mar-04-2017 PM10  |   8.51 |   8.69 |  12.55 |   9.68 |I I 
06:38-Sat-Mar-04-2017 PM2.5 |   4.31 |   4.32 |   6.47 |   4.68 |I I 
06:39-Sat-Mar-04-2017 PM10  |   8.09 |   8.65 |  12.55 |   9.68 |I I 
06:39-Sat-Mar-04-2017 PM2.5 |   3.90 |   4.29 |   6.47 |   4.68 |I I 
06:43-Sat-Mar-04-2017 PM10  |   7.20 |   8.57 |  12.55 |   9.68 |I I 
06:43-Sat-Mar-04-2017 PM2.5 |   4.11 |   4.28 |   6.47 |   4.68 |I I 
06:44-Sat-Mar-04-2017 PM10  |   6.26 |   8.45 |  12.55 |   9.68 |I I 
06:44-Sat-Mar-04-2017 PM2.5 |   3.85 |   4.26 |   6.47 |   4.68 |I I 
06:48-Sat-Mar-04-2017 PM10  |   7.60 |   8.41 |  12.55 |   9.68 |I I 
06:48-Sat-Mar-04-2017 PM2.5 |   4.07 |   4.25 |   6.47 |   4.68 |I I 
06:49-Sat-Mar-04-2017 PM10  |   8.28 |   8.40 |  12.55 |   9.68 |I I 
06:49-Sat-Mar-04-2017 PM2.5 |   4.18 |   4.25 |   6.47 |   4.68 |I I 
06:53-Sat-Mar-04-2017 PM10  |   7.71 |   8.37 |  12.55 |   9.68 |I I 
06:53-Sat-Mar-04-2017 PM2.5 |   4.20 |   4.25 |   6.47 |   4.68 |I I 
06:54-Sat-Mar-04-2017 PM10  |   7.78 |   8.34 |  12.55 |   9.68 |I I 
06:54-Sat-Mar-04-2017 PM2.5 |   4.03 |   4.24 |   6.47 |   4.68 |I I 
06:55-Sat-Mar-04-2017 PM10  |   7.78 |   8.32 |  12.55 |   9.68 |I I 
06:55-Sat-Mar-04-2017 PM2.5 |   4.03 |   4.23 |   6.47 |   4.68 |I I 
06:59-Sat-Mar-04-2017 PM10  |   8.29 |   8.32 |  12.55 |   9.68 |I I 
06:59-Sat-Mar-04-2017 PM2.5 |   4.23 |   4.23 |   6.47 |   4.68 |I I 
07:00-Sat-Mar-04-2017 PM10  |  10.27 |   8.39 |  12.55 |   8.39 |I I 
07:00-Sat-Mar-04-2017 PM2.5 |   4.10 |   4.22 |   6.47 |   4.22 |I I 
07:04-Sat-Mar-04-2017 PM10  |   8.58 |   8.58 |  12.55 |   8.39 |I I 
07:04-Sat-Mar-04-2017 PM2.5 |   3.90 |   3.90 |   6.47 |   4.22 |I I 
07:05-Sat-Mar-04-2017 PM10  |   7.56 |   8.07 |  12.55 |   8.39 |I I 
07:05-Sat-Mar-04-2017 PM2.5 |   4.06 |   3.98 |   6.47 |   4.22 |I I 
07:09-Sat-Mar-04-2017 PM10  |   9.50 |   8.55 |  12.55 |   8.39 |I I 
07:09-Sat-Mar-04-2017 PM2.5 |   4.46 |   4.14 |   6.47 |   4.22 |I I 
07:10-Sat-Mar-04-2017 PM10  |   8.84 |   8.62 |  12.55 |   8.39 |I I 
07:10-Sat-Mar-04-2017 PM2.5 |   4.33 |   4.19 |   6.47 |   4.22 |I I 
07:14-Sat-Mar-04-2017 PM10  |   9.46 |   8.79 |  12.55 |   8.39 |I I 
07:14-Sat-Mar-04-2017 PM2.5 |   4.12 |   4.18 |   6.47 |   4.22 |I I 
07:15-Sat-Mar-04-2017 PM10  |  11.52 |   9.24 |  12.55 |   8.39 |I I 
07:15-Sat-Mar-04-2017 PM2.5 |   4.12 |   4.17 |   6.47 |   4.22 |I I 
07:19-Sat-Mar-04-2017 PM10  |   9.48 |   9.28 |  12.55 |   8.39 |I I 
07:19-Sat-Mar-04-2017 PM2.5 |   4.32 |   4.19 |   6.47 |   4.22 |I I 
07:20-Sat-Mar-04-2017 PM10  |   8.46 |   9.17 |  12.55 |   8.39 |I I 
07:20-Sat-Mar-04-2017 PM2.5 |   3.95 |   4.16 |   6.47 |   4.22 |I I 
07:24-Sat-Mar-04-2017 PM10  |   8.37 |   9.09 |  12.55 |   8.39 |I I 
07:24-Sat-Mar-04-2017 PM2.5 |   3.96 |   4.14 |   6.47 |   4.22 |I I 
07:25-Sat-Mar-04-2017 PM10  |   8.37 |   9.01 |  12.55 |   8.39 |I I 
07:25-Sat-Mar-04-2017 PM2.5 |   3.96 |   4.12 |   6.47 |   4.22 |I I 
07:26-Sat-Mar-04-2017 PM10  |  10.05 |   9.11 |  12.55 |   8.39 |I I 
07:26-Sat-Mar-04-2017 PM2.5 |   4.05 |   4.11 |   6.47 |   4.22 |I I 
07:30-Sat-Mar-04-2017 PM10  |  10.23 |   9.20 |  12.55 |   8.39 |I I 
07:30-Sat-Mar-04-2017 PM2.5 |   4.15 |   4.12 |   6.47 |   4.22 |I I 
07:31-Sat-Mar-04-2017 PM10  |   8.35 |   9.14 |  12.55 |   8.39 |I I 
07:31-Sat-Mar-04-2017 PM2.5 |   3.85 |   4.10 |   6.47 |   4.22 |I I 
07:35-Sat-Mar-04-2017 PM10  |   7.84 |   9.05 |  12.55 |   8.39 |I I 
07:35-Sat-Mar-04-2017 PM2.5 |   3.94 |   4.08 |   6.47 |   4.22 |I I 
07:36-Sat-Mar-04-2017 PM10  |   7.16 |   8.92 |  12.55 |   8.39 |I I 
07:36-Sat-Mar-04-2017 PM2.5 |   3.83 |   4.07 |   6.47 |   4.22 |I I 
07:40-Sat-Mar-04-2017 PM10  |   8.16 |   8.87 |  12.55 |   8.39 |I I 
07:40-Sat-Mar-04-2017 PM2.5 |   4.07 |   4.07 |   6.47 |   4.22 |I I 
07:41-Sat-Mar-04-2017 PM10  |   9.01 |   8.88 |  12.55 |   8.39 |I I 
07:41-Sat-Mar-04-2017 PM2.5 |   4.07 |   4.07 |   6.47 |   4.22 |I I 
07:45-Sat-Mar-04-2017 PM10  |   8.13 |   8.84 |  12.55 |   8.39 |I I 
07:45-Sat-Mar-04-2017 PM2.5 |   4.06 |   4.07 |   6.47 |   4.22 |I I 
07:46-Sat-Mar-04-2017 PM10  |   8.20 |   8.81 |  12.55 |   8.39 |I I 
07:46-Sat-Mar-04-2017 PM2.5 |   3.93 |   4.06 |   6.47 |   4.22 |I I 
07:50-Sat-Mar-04-2017 PM10  |   8.09 |   8.77 |  12.55 |   8.39 |I I 
07:50-Sat-Mar-04-2017 PM2.5 |   4.10 |   4.06 |   6.47 |   4.22 |I I 
07:51-Sat-Mar-04-2017 PM10  |   8.09 |   8.74 |  12.55 |   8.39 |I I 
07:51-Sat-Mar-04-2017 PM2.5 |   4.10 |   4.06 |   6.47 |   4.22 |I I 
07:52-Sat-Mar-04-2017 PM10  |   7.41 |   8.68 |  12.55 |   8.39 |I I 
07:52-Sat-Mar-04-2017 PM2.5 |   3.75 |   4.05 |   6.47 |   4.22 |I I 
07:56-Sat-Mar-04-2017 PM10  |   8.02 |   8.65 |  12.55 |   8.39 |I I 
07:56-Sat-Mar-04-2017 PM2.5 |   4.00 |   4.05 |   6.47 |   4.22 |I I 
07:57-Sat-Mar-04-2017 PM10  |   9.94 |   8.70 |  12.55 |   8.39 |I I 
07:57-Sat-Mar-04-2017 PM2.5 |   4.05 |   4.05 |   6.47 |   4.22 |I I 
08:01-Sat-Mar-04-2017 PM10  |  11.97 |   8.83 |  12.55 |   8.39 |I I 
08:01-Sat-Mar-04-2017 PM2.5 |   3.98 |   4.04 |   6.47 |   4.04 |I I 
08:02-Sat-Mar-04-2017 PM10  |  11.34 |  11.34 |  12.55 |   8.39 |I I 
08:02-Sat-Mar-04-2017 PM2.5 |   4.06 |   4.06 |   6.47 |   4.04 |I I 
08:06-Sat-Mar-04-2017 PM10  |  10.97 |  11.16 |  12.55 |   8.39 |I I 
08:06-Sat-Mar-04-2017 PM2.5 |   4.30 |   4.18 |   6.47 |   4.04 |I I 
08:07-Sat-Mar-04-2017 PM10  |  11.25 |  11.19 |  12.55 |   8.39 |I I 
08:07-Sat-Mar-04-2017 PM2.5 |   4.56 |   4.30 |   6.47 |   4.04 |I I 
08:11-Sat-Mar-04-2017 PM10  |  10.99 |  11.14 |  12.55 |   8.39 |I I 
08:11-Sat-Mar-04-2017 PM2.5 |   4.10 |   4.25 |   6.47 |   4.04 |I I 
08:12-Sat-Mar-04-2017 PM10  |   9.66 |  10.84 |  12.55 |   8.39 |I I 
08:12-Sat-Mar-04-2017 PM2.5 |   4.01 |   4.20 |   6.47 |   4.04 |I I 
08:16-Sat-Mar-04-2017 PM10  |  12.02 |  11.04 |  12.55 |   8.39 |I I 
08:16-Sat-Mar-04-2017 PM2.5 |   4.09 |   4.19 |   6.47 |   4.04 |I I 
08:17-Sat-Mar-04-2017 PM10  |   9.45 |  10.81 |  12.55 |   8.39 |I I 
08:17-Sat-Mar-04-2017 PM2.5 |   3.85 |   4.14 |   6.47 |   4.04 |I I 
08:18-Sat-Mar-04-2017 PM10  |   9.45 |  10.64 |  12.55 |   8.39 |I I 
08:18-Sat-Mar-04-2017 PM2.5 |   3.85 |   4.10 |   6.47 |   4.04 |I I 
08:22-Sat-Mar-04-2017 PM10  |  11.09 |  10.69 |  12.55 |   8.39 |I I 
08:22-Sat-Mar-04-2017 PM2.5 |   4.12 |   4.10 |   6.47 |   4.04 |I I 
08:23-Sat-Mar-04-2017 PM10  |   9.47 |  10.57 |  12.55 |   8.39 |I I 
08:23-Sat-Mar-04-2017 PM2.5 |   4.16 |   4.11 |   6.47 |   4.04 |I I 
08:28-Sat-Mar-04-2017 PM10  |  13.38 |  10.82 |  12.55 |   8.39 |I I 
08:28-Sat-Mar-04-2017 PM2.5 |   4.44 |   4.14 |   6.47 |   4.04 |I I 
08:29-Sat-Mar-04-2017 PM10  |  18.54 |  11.47 |  12.55 |   8.39 |I I 
08:29-Sat-Mar-04-2017 PM2.5 |   4.42 |   4.16 |   6.47 |   4.04 |I I 
08:33-Sat-Mar-04-2017 PM10  |  16.88 |  11.88 |  12.55 |   8.39 |I I 
08:33-Sat-Mar-04-2017 PM2.5 |   4.47 |   4.19 |   6.47 |   4.04 |I I 
08:34-Sat-Mar-04-2017 PM10  |   9.27 |  11.70 |  12.55 |   8.39 |I I 
08:34-Sat-Mar-04-2017 PM2.5 |   4.02 |   4.17 |   6.47 |   4.04 |I I 
08:38-Sat-Mar-04-2017 PM10  |  20.30 |  12.27 |  12.55 |   8.39 |I I 
08:38-Sat-Mar-04-2017 PM2.5 |   4.59 |   4.20 |   6.47 |   4.04 |I I 
08:39-Sat-Mar-04-2017 PM10  |  16.12 |  12.51 |  12.55 |   8.39 |I I 
08:39-Sat-Mar-04-2017 PM2.5 |   4.42 |   4.22 |   6.47 |   4.04 |I I 
08:43-Sat-Mar-04-2017 PM10  |  14.79 |  12.64 |  12.55 |   8.39 |I I 
08:43-Sat-Mar-04-2017 PM2.5 |   4.47 |   4.23 |   6.47 |   4.04 |I I 
08:44-Sat-Mar-04-2017 PM10  |  12.22 |  12.62 |  12.55 |   8.39 |I I 
08:44-Sat-Mar-04-2017 PM2.5 |   4.20 |   4.23 |   6.47 |   4.04 |I I 
08:45-Sat-Mar-04-2017 PM10  |  12.22 |  12.60 |  12.55 |   8.39 |I I 
08:45-Sat-Mar-04-2017 PM2.5 |   4.20 |   4.23 |   6.47 |   4.04 |I I 
08:49-Sat-Mar-04-2017 PM10  |  14.31 |  12.68 |  12.55 |   8.39 |I I 
08:49-Sat-Mar-04-2017 PM2.5 |   4.65 |   4.25 |   6.47 |   4.04 |I I 
08:50-Sat-Mar-04-2017 PM10  |  11.22 |  12.61 |  12.55 |   8.39 |I I 
08:50-Sat-Mar-04-2017 PM2.5 |   4.61 |   4.27 |   6.47 |   4.04 |I I 
08:54-Sat-Mar-04-2017 PM10  |  11.99 |  12.59 |  12.55 |   8.39 |I I 
08:54-Sat-Mar-04-2017 PM2.5 |   4.51 |   4.28 |   6.47 |   4.04 |I I 
08:55-Sat-Mar-04-2017 PM10  |  13.37 |  12.62 |  12.55 |   8.39 |I I 
08:55-Sat-Mar-04-2017 PM2.5 |   4.35 |   4.28 |   6.47 |   4.04 |I I 
08:59-Sat-Mar-04-2017 PM10  |  14.22 |  12.69 |  12.55 |   8.39 |I I 
08:59-Sat-Mar-04-2017 PM2.5 |   4.53 |   4.29 |   6.47 |   4.04 |I I 
09:00-Sat-Mar-04-2017 PM10  |  15.49 |  12.80 |  12.80 |   8.39 |I I 
09:00-Sat-Mar-04-2017 PM2.5 |   4.42 |   4.30 |   6.47 |   4.04 |I I 
09:04-Sat-Mar-04-2017 PM10  |  24.73 |  24.73 |  12.80 |   8.39 |I I 
09:04-Sat-Mar-04-2017 PM2.5 |   5.12 |   5.12 |   6.47 |   4.04 |I I 
09:05-Sat-Mar-04-2017 PM10  |  12.19 |  18.46 |  12.80 |   8.39 |I I 
09:05-Sat-Mar-04-2017 PM2.5 |   4.20 |   4.66 |   6.47 |   4.04 |I I 
09:09-Sat-Mar-04-2017 PM10  |  14.55 |  17.16 |  12.80 |   8.39 |I I 
09:09-Sat-Mar-04-2017 PM2.5 |   4.40 |   4.57 |   6.47 |   4.04 |I I 
09:10-Sat-Mar-04-2017 PM10  |  11.93 |  15.85 |  12.80 |   8.39 |I I 
09:10-Sat-Mar-04-2017 PM2.5 |   4.07 |   4.45 |   6.47 |   4.04 |I I 
09:11-Sat-Mar-04-2017 PM10  |  11.93 |  15.07 |  12.80 |   8.39 |I I 
09:11-Sat-Mar-04-2017 PM2.5 |   4.07 |   4.37 |   6.47 |   4.04 |I I 
09:15-Sat-Mar-04-2017 PM10  |  16.55 |  15.31 |  12.80 |   8.39 |I I 
09:15-Sat-Mar-04-2017 PM2.5 |   4.41 |   4.38 |   6.47 |   4.04 |I I 
09:16-Sat-Mar-04-2017 PM10  |   9.34 |  14.46 |  12.80 |   8.39 |I I 
09:16-Sat-Mar-04-2017 PM2.5 |   4.14 |   4.35 |   6.47 |   4.04 |I I 
09:20-Sat-Mar-04-2017 PM10  |  10.88 |  14.01 |  12.80 |   8.39 |I I 
09:20-Sat-Mar-04-2017 PM2.5 |   4.67 |   4.39 |   6.47 |   4.04 |I I 
09:21-Sat-Mar-04-2017 PM10  |  15.56 |  14.18 |  12.80 |   8.39 |I I 
09:21-Sat-Mar-04-2017 PM2.5 |   4.08 |   4.35 |   6.47 |   4.04 |I I 
09:25-Sat-Mar-04-2017 PM10  |  14.61 |  14.23 |  12.80 |   8.39 |I I 
09:25-Sat-Mar-04-2017 PM2.5 |   4.33 |   4.35 |   6.47 |   4.04 |I I 
09:26-Sat-Mar-04-2017 PM10  |  11.56 |  13.99 |  12.80 |   8.39 |I I 
09:26-Sat-Mar-04-2017 PM2.5 |   4.35 |   4.35 |   6.47 |   4.04 |I I 
09:30-Sat-Mar-04-2017 PM10  |  11.84 |  13.81 |  12.80 |   8.39 |I I 
09:30-Sat-Mar-04-2017 PM2.5 |   4.37 |   4.35 |   6.47 |   4.04 |I I 
09:31-Sat-Mar-04-2017 PM10  |   8.96 |  13.43 |  12.80 |   8.39 |I I 
09:31-Sat-Mar-04-2017 PM2.5 |   4.32 |   4.35 |   6.47 |   4.04 |I I 
09:35-Sat-Mar-04-2017 PM10  |  11.89 |  13.32 |  12.80 |   8.39 |I I 
09:35-Sat-Mar-04-2017 PM2.5 |   4.82 |   4.38 |   6.47 |   4.04 |I I 
09:36-Sat-Mar-04-2017 PM10  |  11.36 |  13.19 |  12.80 |   8.39 |I I 
09:36-Sat-Mar-04-2017 PM2.5 |   4.37 |   4.38 |   6.47 |   4.04 |I I 
09:40-Sat-Mar-04-2017 PM10  |   8.44 |  12.90 |  12.80 |   8.39 |I I 
09:40-Sat-Mar-04-2017 PM2.5 |   3.89 |   4.35 |   6.47 |   4.04 |I I 
09:41-Sat-Mar-04-2017 PM10  |   8.44 |  12.63 |  12.80 |   8.39 |I I 
09:41-Sat-Mar-04-2017 PM2.5 |   3.89 |   4.32 |   6.47 |   4.04 |I I 
09:42-Sat-Mar-04-2017 PM10  |  14.27 |  12.72 |  12.80 |   8.39 |I I 
09:42-Sat-Mar-04-2017 PM2.5 |   4.33 |   4.32 |   6.47 |   4.04 |I I 
09:46-Sat-Mar-04-2017 PM10  |   9.98 |  12.58 |  12.80 |   8.39 |I I 
09:46-Sat-Mar-04-2017 PM2.5 |   3.96 |   4.31 |   6.47 |   4.04 |I I 
09:47-Sat-Mar-04-2017 PM10  |  12.37 |  12.57 |  12.80 |   8.39 |I I 
09:47-Sat-Mar-04-2017 PM2.5 |   4.19 |   4.30 |   6.47 |   4.04 |I I 
09:51-Sat-Mar-04-2017 PM10  |  11.28 |  12.51 |  12.80 |   8.39 |I I 
09:51-Sat-Mar-04-2017 PM2.5 |   4.19 |   4.29 |   6.47 |   4.04 |I I 
09:52-Sat-Mar-04-2017 PM10  |  11.76 |  12.47 |  12.80 |   8.39 |I I 
09:52-Sat-Mar-04-2017 PM2.5 |   5.27 |   4.34 |   6.47 |   4.04 |I I 
09:56-Sat-Mar-04-2017 PM10  |  28.15 |  13.15 |  12.80 |   8.39 |I I 
09:56-Sat-Mar-04-2017 PM2.5 |  11.43 |   4.65 |   6.47 |   4.04 |I I 
09:57-Sat-Mar-04-2017 PM10  |  21.95 |  13.52 |  12.80 |   8.39 |I I 
09:57-Sat-Mar-04-2017 PM2.5 |  10.02 |   4.87 |   6.47 |   4.04 |I I 
10:01-Sat-Mar-04-2017 PM10  |  22.45 |  13.88 |  13.88 |   8.39 |I I 
10:01-Sat-Mar-04-2017 PM2.5 |  10.59 |   5.10 |   6.47 |   4.04 |I I 
10:02-Sat-Mar-04-2017 PM10  |  14.74 |  14.74 |  13.88 |   8.39 |I I 
10:02-Sat-Mar-04-2017 PM2.5 |   7.14 |   7.14 |   6.47 |   4.04 |I I 
10:06-Sat-Mar-04-2017 PM10  |  17.12 |  15.93 |  13.88 |   8.39 |I I 
10:06-Sat-Mar-04-2017 PM2.5 |   7.43 |   7.29 |   6.47 |   4.04 |I I 
10:07-Sat-Mar-04-2017 PM10  |  14.40 |  15.42 |  13.88 |   8.39 |I I 
10:07-Sat-Mar-04-2017 PM2.5 |   6.71 |   7.09 |   6.47 |   4.04 |I I 
10:08-Sat-Mar-04-2017 PM10  |  14.40 |  15.16 |  13.88 |   8.39 |I I 
10:08-Sat-Mar-04-2017 PM2.5 |   6.71 |   7.00 |   6.47 |   4.04 |I I 
10:12-Sat-Mar-04-2017 PM10  |  14.34 |  15.00 |  13.88 |   8.39 |I I 
10:12-Sat-Mar-04-2017 PM2.5 |   6.27 |   6.85 |   6.47 |   4.04 |I I 
10:13-Sat-Mar-04-2017 PM10  |  17.53 |  15.42 |  13.88 |   8.39 |I I 
10:13-Sat-Mar-04-2017 PM2.5 |   6.35 |   6.77 |   6.47 |   4.04 |I I 
10:17-Sat-Mar-04-2017 PM10  |  15.12 |  15.38 |  13.88 |   8.39 |I I 
10:17-Sat-Mar-04-2017 PM2.5 |   6.37 |   6.71 |   6.47 |   4.04 |I I 
10:18-Sat-Mar-04-2017 PM10  |  14.39 |  15.26 |  13.88 |   8.39 |I I 
10:18-Sat-Mar-04-2017 PM2.5 |   6.43 |   6.68 |   6.47 |   4.04 |I I 
10:22-Sat-Mar-04-2017 PM10  |  15.15 |  15.24 |  13.88 |   8.39 |I I 
10:22-Sat-Mar-04-2017 PM2.5 |   6.36 |   6.64 |   6.47 |   4.04 |I I 
10:23-Sat-Mar-04-2017 PM10  |  15.85 |  15.30 |  13.88 |   8.39 |I I 
10:23-Sat-Mar-04-2017 PM2.5 |   6.07 |   6.58 |   6.47 |   4.04 |I I 
10:27-Sat-Mar-04-2017 PM10  |  14.43 |  15.22 |  13.88 |   8.39 |I I 
10:27-Sat-Mar-04-2017 PM2.5 |   6.39 |   6.57 |   6.47 |   4.04 |I I 
10:28-Sat-Mar-04-2017 PM10  |  13.64 |  15.09 |  13.88 |   8.39 |I I 
10:28-Sat-Mar-04-2017 PM2.5 |   6.60 |   6.57 |   6.47 |   4.04 |I I 
10:32-Sat-Mar-04-2017 PM10  |  11.95 |  14.85 |  13.88 |   8.39 |I I 
10:32-Sat-Mar-04-2017 PM2.5 |   6.32 |   6.55 |   6.47 |   4.04 |I I 
10:33-Sat-Mar-04-2017 PM10  |  13.06 |  14.72 |  13.88 |   8.39 |I I 
10:33-Sat-Mar-04-2017 PM2.5 |   6.16 |   6.52 |   6.47 |   4.04 |I I 
10:34-Sat-Mar-04-2017 PM10  |  13.06 |  14.61 |  13.88 |   8.39 |I I 
10:34-Sat-Mar-04-2017 PM2.5 |   6.16 |   6.50 |   6.47 |   4.04 |I I 
10:37-Sat-Mar-04-2017 PM10  |  14.78 |  14.62 |  13.88 |   8.39 |I I 
10:37-Sat-Mar-04-2017 PM2.5 |   6.58 |   6.50 |   6.47 |   4.04 |I I 
10:39-Sat-Mar-04-2017 PM10  |  14.78 |  14.63 |  13.88 |   8.39 |I I 
10:39-Sat-Mar-04-2017 PM2.5 |   6.58 |   6.51 |   6.47 |   4.04 |I I 
10:40-Sat-Mar-04-2017 PM10  |  12.76 |  14.53 |  13.88 |   8.39 |I I 
10:40-Sat-Mar-04-2017 PM2.5 |   6.37 |   6.50 |   6.47 |   4.04 |I I 
10:44-Sat-Mar-04-2017 PM10  |  15.58 |  14.58 |  13.88 |   8.39 |I I 
10:44-Sat-Mar-04-2017 PM2.5 |   6.63 |   6.51 |   6.47 |   4.04 |I I 
10:45-Sat-Mar-04-2017 PM10  |  13.80 |  14.54 |  13.88 |   8.39 |I I 
10:45-Sat-Mar-04-2017 PM2.5 |   6.29 |   6.50 |   6.47 |   4.04 |I I 
10:49-Sat-Mar-04-2017 PM10  |  12.16 |  14.43 |  13.88 |   8.39 |I I 
10:49-Sat-Mar-04-2017 PM2.5 |   6.47 |   6.49 |   6.47 |   4.04 |I I 
10:50-Sat-Mar-04-2017 PM10  |  13.41 |  14.38 |  13.88 |   8.39 |I I 
10:50-Sat-Mar-04-2017 PM2.5 |   6.42 |   6.49 |   6.47 |   4.04 |I I 
10:54-Sat-Mar-04-2017 PM10  |  14.62 |  14.39 |  13.88 |   8.39 |I I 
10:54-Sat-Mar-04-2017 PM2.5 |   6.37 |   6.49 |   6.47 |   4.04 |I I 
10:55-Sat-Mar-04-2017 PM10  |  12.74 |  14.33 |  13.88 |   8.39 |I I 
10:55-Sat-Mar-04-2017 PM2.5 |   6.37 |   6.48 |   6.47 |   4.04 |I I 
10:59-Sat-Mar-04-2017 PM10  |  14.84 |  14.35 |  13.88 |   8.39 |I I 
10:59-Sat-Mar-04-2017 PM2.5 |   6.51 |   6.48 |   6.47 |   4.04 |I I 
11:00-Sat-Mar-04-2017 PM10  |  15.58 |  14.39 |  14.39 |   8.39 |I I 
11:00-Sat-Mar-04-2017 PM2.5 |   6.34 |   6.48 |   6.48 |   4.04 |I I 
11:04-Sat-Mar-04-2017 PM10  |  13.43 |  13.43 |  14.39 |   8.39 |I I 
11:04-Sat-Mar-04-2017 PM2.5 |   6.24 |   6.24 |   6.48 |   4.04 |I I 
11:05-Sat-Mar-04-2017 PM10  |  14.09 |  13.76 |  14.39 |   8.39 |I I 
11:05-Sat-Mar-04-2017 PM2.5 |   6.13 |   6.18 |   6.48 |   4.04 |I I 
11:06-Sat-Mar-04-2017 PM10  |  14.09 |  13.87 |  14.39 |   8.39 |I I 
11:06-Sat-Mar-04-2017 PM2.5 |   6.13 |   6.17 |   6.48 |   4.04 |I I 
11:10-Sat-Mar-04-2017 PM10  |  14.05 |  13.92 |  14.39 |   8.39 |I I 
11:10-Sat-Mar-04-2017 PM2.5 |   6.48 |   6.24 |   6.48 |   4.04 |I I 
11:11-Sat-Mar-04-2017 PM10  |  13.43 |  13.82 |  14.39 |   8.39 |I I 
11:11-Sat-Mar-04-2017 PM2.5 |   6.36 |   6.27 |   6.48 |   4.04 |I I 
11:15-Sat-Mar-04-2017 PM10  |  11.42 |  13.42 |  14.39 |   8.39 |I I 
11:15-Sat-Mar-04-2017 PM2.5 |   6.02 |   6.23 |   6.48 |   4.04 |I I 
11:16-Sat-Mar-04-2017 PM10  |  11.55 |  13.15 |  14.39 |   8.39 |I I 
11:16-Sat-Mar-04-2017 PM2.5 |   6.24 |   6.23 |   6.48 |   4.04 |I I 
11:20-Sat-Mar-04-2017 PM10  |  11.25 |  12.91 |  14.39 |   8.39 |I I 
11:20-Sat-Mar-04-2017 PM2.5 |   6.14 |   6.22 |   6.48 |   4.04 |I I 
11:21-Sat-Mar-04-2017 PM10  |  12.53 |  12.87 |  14.39 |   8.39 |I I 
11:21-Sat-Mar-04-2017 PM2.5 |   6.05 |   6.20 |   6.48 |   4.04 |I I 
11:25-Sat-Mar-04-2017 PM10  |  14.87 |  13.07 |  14.39 |   8.39 |I I 
11:25-Sat-Mar-04-2017 PM2.5 |   6.71 |   6.25 |   6.48 |   4.04 |I I 
11:26-Sat-Mar-04-2017 PM10  |  13.88 |  13.14 |  14.39 |   8.39 |I I 
11:26-Sat-Mar-04-2017 PM2.5 |   6.24 |   6.25 |   6.48 |   4.04 |I I 
11:30-Sat-Mar-04-2017 PM10  |  11.85 |  13.04 |  14.39 |   8.39 |I I 
11:30-Sat-Mar-04-2017 PM2.5 |   6.53 |   6.27 |   6.48 |   4.04 |I I 
11:31-Sat-Mar-04-2017 PM10  |  12.32 |  12.98 |  14.39 |   8.39 |I I 
11:31-Sat-Mar-04-2017 PM2.5 |   6.26 |   6.27 |   6.48 |   4.04 |I I 
11:35-Sat-Mar-04-2017 PM10  |  12.12 |  12.92 |  14.39 |   8.39 |I I 
11:35-Sat-Mar-04-2017 PM2.5 |   6.46 |   6.29 |   6.48 |   4.04 |I I 
11:36-Sat-Mar-04-2017 PM10  |  12.12 |  12.87 |  14.39 |   8.39 |I I 
11:36-Sat-Mar-04-2017 PM2.5 |   6.46 |   6.30 |   6.48 |   4.04 |I I 
11:37-Sat-Mar-04-2017 PM10  |  11.96 |  12.81 |  14.39 |   8.39 |I I 
11:37-Sat-Mar-04-2017 PM2.5 |   6.12 |   6.29 |   6.48 |   4.04 |I I 
11:41-Sat-Mar-04-2017 PM10  |  14.71 |  12.92 |  14.39 |   8.39 |I I 
11:41-Sat-Mar-04-2017 PM2.5 |   6.33 |   6.29 |   6.48 |   4.04 |I I 
11:42-Sat-Mar-04-2017 PM10  |  12.29 |  12.89 |  14.39 |   8.39 |I I 
11:42-Sat-Mar-04-2017 PM2.5 |   5.83 |   6.26 |   6.48 |   4.04 |I I 
11:46-Sat-Mar-04-2017 PM10  |  12.37 |  12.86 |  14.39 |   8.39 |I I 
11:46-Sat-Mar-04-2017 PM2.5 |   6.51 |   6.28 |   6.48 |   4.04 |I I 
11:47-Sat-Mar-04-2017 PM10  |  14.95 |  12.96 |  14.39 |   8.39 |I I 
11:47-Sat-Mar-04-2017 PM2.5 |   6.15 |   6.27 |   6.48 |   4.04 |I I 
11:51-Sat-Mar-04-2017 PM10  |  13.47 |  12.99 |  14.39 |   8.39 |I B 
11:51-Sat-Mar-04-2017 PM2.5 |   6.15 |   6.26 |   6.48 |   4.04 |I B 
11:52-Sat-Mar-04-2017recover dati per host :92.223.147.77/nodered
11:52-Sat-Mar-04-2017 PM10  |  11.90 |  12.94 |  14.39 |   8.39 |I I 
11:52-Sat-Mar-04-2017 PM2.5 |   5.79 |   6.24 |   6.48 |   4.04 |I I 
11:56-Sat-Mar-04-2017 PM10  |  12.67 |  12.93 |  14.39 |   8.39 |I I 
11:56-Sat-Mar-04-2017 PM2.5 |   6.17 |   6.24 |   6.48 |   4.04 |I I 
11:57-Sat-Mar-04-2017 PM10  |  14.93 |  13.01 |  14.39 |   8.39 |I I 
11:57-Sat-Mar-04-2017 PM2.5 |   6.80 |   6.26 |   6.48 |   4.04 |I I 
12:01-Sat-Mar-04-2017 PM10  |  12.48 |  12.99 |  14.39 |   8.39 |I I 
12:01-Sat-Mar-04-2017 PM2.5 |   6.14 |   6.26 |   6.48 |   4.04 |I I 
12:02-Sat-Mar-04-2017 PM10  |  12.48 |  12.48 |  14.39 |   8.39 |I I 
12:02-Sat-Mar-04-2017 PM2.5 |   6.14 |   6.14 |   6.48 |   4.04 |I I 
12:03-Sat-Mar-04-2017 PM10  |  13.63 |  13.06 |  14.39 |   8.39 |I I 
12:03-Sat-Mar-04-2017 PM2.5 |   5.92 |   6.03 |   6.48 |   4.04 |I I 
12:07-Sat-Mar-04-2017 PM10  |  12.63 |  12.91 |  14.39 |   8.39 |I I 
12:07-Sat-Mar-04-2017 PM2.5 |   6.34 |   6.13 |   6.48 |   4.04 |I I 
12:08-Sat-Mar-04-2017 PM10  |  11.51 |  12.56 |  14.39 |   8.39 |I I 
12:08-Sat-Mar-04-2017 PM2.5 |   6.12 |   6.13 |   6.48 |   4.04 |I I 
12:12-Sat-Mar-04-2017 PM10  |  13.36 |  12.72 |  14.39 |   8.39 |I I 
12:12-Sat-Mar-04-2017 PM2.5 |   6.67 |   6.24 |   6.48 |   4.04 |I I 
12:13-Sat-Mar-04-2017 PM10  |  13.33 |  12.82 |  14.39 |   8.39 |I I 
12:13-Sat-Mar-04-2017 PM2.5 |   6.51 |   6.28 |   6.48 |   4.04 |I I 
12:17-Sat-Mar-04-2017 PM10  |  12.07 |  12.72 |  14.39 |   8.39 |I I 
12:17-Sat-Mar-04-2017 PM2.5 |   6.41 |   6.30 |   6.48 |   4.04 |I I 
12:18-Sat-Mar-04-2017 PM10  |  11.46 |  12.56 |  14.39 |   8.39 |I I 
12:18-Sat-Mar-04-2017 PM2.5 |   6.13 |   6.28 |   6.48 |   4.04 |I I 
12:22-Sat-Mar-04-2017 PM10  |  12.14 |  12.51 |  14.39 |   8.39 |I I 
12:22-Sat-Mar-04-2017 PM2.5 |   6.26 |   6.28 |   6.48 |   4.04 |I I 
12:23-Sat-Mar-04-2017 PM10  |  13.07 |  12.57 |  14.39 |   8.39 |I I 
12:23-Sat-Mar-04-2017 PM2.5 |   6.21 |   6.27 |   6.48 |   4.04 |I I 
12:27-Sat-Mar-04-2017 PM10  |  14.49 |  12.74 |  14.39 |   8.39 |I I 
12:27-Sat-Mar-04-2017 PM2.5 |   6.42 |   6.28 |   6.48 |   4.04 |I I 
12:28-Sat-Mar-04-2017 PM10  |  11.62 |  12.65 |  14.39 |   8.39 |I I 
12:28-Sat-Mar-04-2017 PM2.5 |   5.87 |   6.25 |   6.48 |   4.04 |I I 
12:29-Sat-Mar-04-2017 PM10  |  11.62 |  12.57 |  14.39 |   8.39 |I I 
12:29-Sat-Mar-04-2017 PM2.5 |   5.87 |   6.22 |   6.48 |   4.04 |I I 
12:33-Sat-Mar-04-2017 PM10  |  10.55 |  12.43 |  14.39 |   8.39 |I I 
12:33-Sat-Mar-04-2017 PM2.5 |   5.87 |   6.20 |   6.48 |   4.04 |I I 
12:34-Sat-Mar-04-2017 PM10  |  11.24 |  12.35 |  14.39 |   8.39 |I I 
12:34-Sat-Mar-04-2017 PM2.5 |   5.63 |   6.16 |   6.48 |   4.04 |I I 
12:38-Sat-Mar-04-2017 PM10  |  10.91 |  12.26 |  14.39 |   8.39 |I I 
12:38-Sat-Mar-04-2017 PM2.5 |   6.38 |   6.17 |   6.48 |   4.04 |I I 
12:39-Sat-Mar-04-2017 PM10  |  12.89 |  12.29 |  14.39 |   8.39 |I I 
12:39-Sat-Mar-04-2017 PM2.5 |   6.20 |   6.17 |   6.48 |   4.04 |I I 
12:44-Sat-Mar-04-2017 PM10  |  11.30 |  12.24 |  14.39 |   8.39 |I I 
12:44-Sat-Mar-04-2017 PM2.5 |   6.31 |   6.18 |   6.48 |   4.04 |I I 
12:45-Sat-Mar-04-2017 PM10  |  11.83 |  12.22 |  14.39 |   8.39 |I I 
12:45-Sat-Mar-04-2017 PM2.5 |   6.17 |   6.18 |   6.48 |   4.04 |I I 
12:49-Sat-Mar-04-2017 PM10  |  12.29 |  12.22 |  14.39 |   8.39 |I I 
12:49-Sat-Mar-04-2017 PM2.5 |   6.14 |   6.18 |   6.48 |   4.04 |I I 
12:50-Sat-Mar-04-2017 PM10  |  11.12 |  12.17 |  14.39 |   8.39 |I I 
12:50-Sat-Mar-04-2017 PM2.5 |   6.11 |   6.17 |   6.48 |   4.04 |I I 
12:54-Sat-Mar-04-2017 PM10  |  10.15 |  12.08 |  14.39 |   8.39 |I I 
12:54-Sat-Mar-04-2017 PM2.5 |   6.39 |   6.18 |   6.48 |   4.04 |I I 
12:55-Sat-Mar-04-2017 PM10  |  10.79 |  12.02 |  14.39 |   8.39 |I I 
12:55-Sat-Mar-04-2017 PM2.5 |   6.02 |   6.18 |   6.48 |   4.04 |I I 
12:59-Sat-Mar-04-2017 PM10  |  12.07 |  12.02 |  14.39 |   8.39 |I I 
12:59-Sat-Mar-04-2017 PM2.5 |   6.14 |   6.18 |   6.48 |   4.04 |I I 
13:00-Sat-Mar-04-2017 PM10  |  12.07 |  12.03 |  14.39 |   8.39 |I I 
13:00-Sat-Mar-04-2017 PM2.5 |   6.14 |   6.17 |   6.48 |   4.04 |I I 
13:01-Sat-Mar-04-2017 PM10  |  10.16 |  10.16 |  14.39 |   8.39 |I I 
13:01-Sat-Mar-04-2017 PM2.5 |   5.82 |   5.82 |   6.48 |   4.04 |I I 
13:05-Sat-Mar-04-2017 PM10  |  13.01 |  11.58 |  14.39 |   8.39 |I I 
13:05-Sat-Mar-04-2017 PM2.5 |   6.06 |   5.94 |   6.48 |   4.04 |I I 
13:06-Sat-Mar-04-2017 PM10  |   8.80 |  10.66 |  14.39 |   8.39 |I I 
13:06-Sat-Mar-04-2017 PM2.5 |   5.83 |   5.90 |   6.48 |   4.04 |I I 
13:10-Sat-Mar-04-2017 PM10  |  10.86 |  10.71 |  14.39 |   8.39 |I I 
13:10-Sat-Mar-04-2017 PM2.5 |   6.53 |   6.06 |   6.48 |   4.04 |I I 
13:11-Sat-Mar-04-2017 PM10  |  12.72 |  11.11 |  14.39 |   8.39 |I I 
13:11-Sat-Mar-04-2017 PM2.5 |   6.65 |   6.18 |   6.48 |   4.04 |I I 
13:15-Sat-Mar-04-2017 PM10  |  10.62 |  11.03 |  14.39 |   8.39 |I I 
13:15-Sat-Mar-04-2017 PM2.5 |   6.07 |   6.16 |   6.48 |   4.04 |I I 
13:16-Sat-Mar-04-2017 PM10  |  12.12 |  11.18 |  14.39 |   8.39 |I I 
13:16-Sat-Mar-04-2017 PM2.5 |   5.82 |   6.11 |   6.48 |   4.04 |I I 
13:20-Sat-Mar-04-2017 PM10  |  11.74 |  11.25 |  14.39 |   8.39 |I I 
13:20-Sat-Mar-04-2017 PM2.5 |   5.91 |   6.09 |   6.48 |   4.04 |I I 
13:21-Sat-Mar-04-2017 PM10  |  11.31 |  11.26 |  14.39 |   8.39 |I I 
13:21-Sat-Mar-04-2017 PM2.5 |   5.55 |   6.03 |   6.48 |   4.04 |I I 
13:25-Sat-Mar-04-2017 PM10  |  11.98 |  11.33 |  14.39 |   8.39 |I I 
13:25-Sat-Mar-04-2017 PM2.5 |   5.98 |   6.02 |   6.48 |   4.04 |I I 
13:26-Sat-Mar-04-2017 PM10  |  11.98 |  11.39 |  14.39 |   8.39 |I I 
13:26-Sat-Mar-04-2017 PM2.5 |   5.98 |   6.02 |   6.48 |   4.04 |I I 
13:27-Sat-Mar-04-2017 PM10  |  10.19 |  11.29 |  14.39 |   8.39 |I I 
13:27-Sat-Mar-04-2017 PM2.5 |   5.85 |   6.00 |   6.48 |   4.04 |I I 
13:31-Sat-Mar-04-2017 PM10  |  12.73 |  11.40 |  14.39 |   8.39 |I I 
13:31-Sat-Mar-04-2017 PM2.5 |   6.33 |   6.03 |   6.48 |   4.04 |I I 
13:32-Sat-Mar-04-2017 PM10  |  11.83 |  11.43 |  14.39 |   8.39 |I I 
13:32-Sat-Mar-04-2017 PM2.5 |   5.77 |   6.01 |   6.48 |   4.04 |I I 
13:36-Sat-Mar-04-2017 PM10  |   9.36 |  11.29 |  14.39 |   8.39 |I I 
13:36-Sat-Mar-04-2017 PM2.5 |   5.50 |   5.98 |   6.48 |   4.04 |I I 
13:37-Sat-Mar-04-2017 PM10  |   9.74 |  11.20 |  14.39 |   8.39 |I I 
13:37-Sat-Mar-04-2017 PM2.5 |   5.96 |   5.98 |   6.48 |   4.04 |I I 
13:41-Sat-Mar-04-2017 PM10  |   9.09 |  11.07 |  14.39 |   8.39 |I I 
13:41-Sat-Mar-04-2017 PM2.5 |   5.80 |   5.96 |   6.48 |   4.04 |I I 
13:42-Sat-Mar-04-2017 PM10  |  10.02 |  11.01 |  14.39 |   8.39 |I I 
13:42-Sat-Mar-04-2017 PM2.5 |   5.88 |   5.96 |   6.48 |   4.04 |I I 
13:46-Sat-Mar-04-2017 PM10  |  10.22 |  10.97 |  14.39 |   8.39 |I I 
13:46-Sat-Mar-04-2017 PM2.5 |   5.90 |   5.96 |   6.48 |   4.04 |I I 
13:47-Sat-Mar-04-2017 PM10  |   9.16 |  10.88 |  14.39 |   8.39 |I I 
13:47-Sat-Mar-04-2017 PM2.5 |   5.62 |   5.94 |   6.48 |   4.04 |I I 
13:51-Sat-Mar-04-2017 PM10  |   9.53 |  10.82 |  14.39 |   8.39 |I I 
13:51-Sat-Mar-04-2017 PM2.5 |   5.61 |   5.92 |   6.48 |   4.04 |I I 
13:52-Sat-Mar-04-2017 PM10  |  12.16 |  10.88 |  14.39 |   8.39 |I I 
13:52-Sat-Mar-04-2017 PM2.5 |   5.93 |   5.92 |   6.48 |   4.04 |I I 
13:53-Sat-Mar-04-2017 PM10  |  12.16 |  10.93 |  14.39 |   8.39 |I I 
13:53-Sat-Mar-04-2017 PM2.5 |   5.93 |   5.92 |   6.48 |   4.04 |I I 
13:57-Sat-Mar-04-2017 PM10  |  11.51 |  10.96 |  14.39 |   8.39 |I I 
13:57-Sat-Mar-04-2017 PM2.5 |   5.86 |   5.92 |   6.48 |   4.04 |I I 
13:58-Sat-Mar-04-2017 PM10  |  11.56 |  10.98 |  14.39 |   8.39 |I I 
13:58-Sat-Mar-04-2017 PM2.5 |   5.43 |   5.90 |   6.48 |   4.04 |I I 
14:02-Sat-Mar-04-2017 PM10  |  11.43 |  11.00 |  14.39 |   8.39 |I I 
14:02-Sat-Mar-04-2017 PM2.5 |   5.94 |   5.90 |   6.48 |   4.04 |I I 
14:03-Sat-Mar-04-2017 PM10  |   9.70 |   9.70 |  14.39 |   8.39 |I I 
14:03-Sat-Mar-04-2017 PM2.5 |   5.47 |   5.47 |   6.48 |   4.04 |I I 
14:07-Sat-Mar-04-2017 PM10  |  10.78 |  10.24 |  14.39 |   8.39 |I I 
14:07-Sat-Mar-04-2017 PM2.5 |   5.76 |   5.61 |   6.48 |   4.04 |I I 
14:08-Sat-Mar-04-2017 PM10  |  10.74 |  10.40 |  14.39 |   8.39 |I I 
14:08-Sat-Mar-04-2017 PM2.5 |   5.35 |   5.52 |   6.48 |   4.04 |I I 
14:12-Sat-Mar-04-2017 PM10  |   8.45 |   9.92 |  14.39 |   8.39 |I I 
14:12-Sat-Mar-04-2017 PM2.5 |   5.14 |   5.43 |   6.48 |   4.04 |I I 
14:13-Sat-Mar-04-2017 PM10  |   9.82 |   9.90 |  14.39 |   8.39 |I I 
14:13-Sat-Mar-04-2017 PM2.5 |   5.51 |   5.44 |   6.48 |   4.04 |I I 
14:17-Sat-Mar-04-2017 PM10  |   9.76 |   9.87 |  14.39 |   8.39 |I I 
14:17-Sat-Mar-04-2017 PM2.5 |   5.70 |   5.49 |   6.48 |   4.04 |I I 
14:18-Sat-Mar-04-2017 PM10  |  11.76 |  10.14 |  14.39 |   8.39 |I I 
14:18-Sat-Mar-04-2017 PM2.5 |   5.63 |   5.51 |   6.48 |   4.04 |I I 
14:22-Sat-Mar-04-2017 PM10  |  10.23 |  10.15 |  14.39 |   8.39 |I I 
14:22-Sat-Mar-04-2017 PM2.5 |   5.79 |   5.54 |   6.48 |   4.04 |I I 
14:23-Sat-Mar-04-2017 PM10  |  10.23 |  10.16 |  14.39 |   8.39 |I I 
14:23-Sat-Mar-04-2017 PM2.5 |   5.79 |   5.57 |   6.48 |   4.04 |I I 
14:24-Sat-Mar-04-2017 PM10  |   8.38 |   9.98 |  14.39 |   8.39 |I I 
14:24-Sat-Mar-04-2017 PM2.5 |   5.00 |   5.51 |   6.48 |   4.04 |I I 
14:28-Sat-Mar-04-2017 PM10  |   9.04 |   9.90 |  14.39 |   8.39 |I I 
14:28-Sat-Mar-04-2017 PM2.5 |   5.34 |   5.50 |   6.48 |   4.04 |I I 
14:29-Sat-Mar-04-2017 PM10  |   9.45 |   9.86 |  14.39 |   8.39 |I I 
14:29-Sat-Mar-04-2017 PM2.5 |   5.32 |   5.48 |   6.48 |   4.04 |I I 
14:33-Sat-Mar-04-2017 PM10  |  10.30 |   9.89 |  14.39 |   8.39 |I I 
14:33-Sat-Mar-04-2017 PM2.5 |   5.41 |   5.48 |   6.48 |   4.04 |I I 
14:34-Sat-Mar-04-2017 PM10  |   9.86 |   9.89 |  14.39 |   8.39 |I I 
14:34-Sat-Mar-04-2017 PM2.5 |   5.34 |   5.47 |   6.48 |   4.04 |I I 
14:38-Sat-Mar-04-2017 PM10  |  11.32 |   9.99 |  14.39 |   8.39 |I I 
14:38-Sat-Mar-04-2017 PM2.5 |   5.59 |   5.48 |   6.48 |   4.04 |I I 
14:39-Sat-Mar-04-2017 PM10  |   8.33 |   9.88 |  14.39 |   8.39 |I I 
14:39-Sat-Mar-04-2017 PM2.5 |   5.19 |   5.46 |   6.48 |   4.04 |I I 
14:43-Sat-Mar-04-2017 PM10  |   9.97 |   9.89 |  14.39 |   8.39 |I I 
14:43-Sat-Mar-04-2017 PM2.5 |   5.55 |   5.46 |   6.48 |   4.04 |I I 
14:44-Sat-Mar-04-2017 PM10  |   9.53 |   9.87 |  14.39 |   8.39 |I I 
14:44-Sat-Mar-04-2017 PM2.5 |   5.34 |   5.46 |   6.48 |   4.04 |I I 
14:48-Sat-Mar-04-2017 PM10  |   9.60 |   9.85 |  14.39 |   8.39 |I I 
14:48-Sat-Mar-04-2017 PM2.5 |   5.38 |   5.45 |   6.48 |   4.04 |I I 
14:49-Sat-Mar-04-2017 PM10  |  10.80 |   9.90 |  14.39 |   8.39 |I I 
14:49-Sat-Mar-04-2017 PM2.5 |   5.57 |   5.46 |   6.48 |   4.04 |I I 
14:50-Sat-Mar-04-2017 PM10  |  10.80 |   9.94 |  14.39 |   8.39 |I I 
14:50-Sat-Mar-04-2017 PM2.5 |   5.57 |   5.46 |   6.48 |   4.04 |I I 
14:54-Sat-Mar-04-2017 PM10  |  10.57 |   9.97 |  14.39 |   8.39 |I I 
14:54-Sat-Mar-04-2017 PM2.5 |   5.71 |   5.47 |   6.48 |   4.04 |I I 
14:56-Sat-Mar-04-2017 PM10  |   9.84 |   9.97 |  14.39 |   8.39 |I I 
14:56-Sat-Mar-04-2017 PM2.5 |   5.46 |   5.47 |   6.48 |   4.04 |I I 
15:00-Sat-Mar-04-2017 PM10  |   8.87 |   9.92 |  14.39 |   8.39 |I I 
15:00-Sat-Mar-04-2017 PM2.5 |   5.33 |   5.47 |   6.48 |   4.04 |I I 
15:01-Sat-Mar-04-2017 PM10  |   8.61 |   8.61 |  14.39 |   8.39 |I I 
15:01-Sat-Mar-04-2017 PM2.5 |   5.13 |   5.13 |   6.48 |   4.04 |I I 
15:05-Sat-Mar-04-2017 PM10  |   7.99 |   8.30 |  14.39 |   8.39 |I I 
15:05-Sat-Mar-04-2017 PM2.5 |   5.30 |   5.21 |   6.48 |   4.04 |I I 
15:06-Sat-Mar-04-2017 PM10  |   8.55 |   8.38 |  14.39 |   8.39 |I I 
15:06-Sat-Mar-04-2017 PM2.5 |   4.99 |   5.14 |   6.48 |   4.04 |I I 
15:10-Sat-Mar-04-2017 PM10  |   8.69 |   8.46 |  14.39 |   8.39 |I I 
15:10-Sat-Mar-04-2017 PM2.5 |   5.27 |   5.17 |   6.48 |   4.04 |I I 
15:11-Sat-Mar-04-2017 PM10  |  11.64 |   9.10 |  14.39 |   8.39 |I I 
15:11-Sat-Mar-04-2017 PM2.5 |   5.11 |   5.16 |   6.48 |   4.04 |I I 
15:15-Sat-Mar-04-2017 PM10  |   9.64 |   9.19 |  14.39 |   8.39 |I I 
15:15-Sat-Mar-04-2017 PM2.5 |   5.37 |   5.20 |   6.48 |   4.04 |I I 
15:16-Sat-Mar-04-2017 PM10  |   9.36 |   9.21 |  14.39 |   8.39 |I I 
15:16-Sat-Mar-04-2017 PM2.5 |   5.02 |   5.17 |   6.48 |   4.04 |I I 
15:17-Sat-Mar-04-2017 PM10  |   9.36 |   9.23 |  14.39 |   8.39 |I I 
15:17-Sat-Mar-04-2017 PM2.5 |   5.02 |   5.15 |   6.48 |   4.04 |I I 
15:20-Sat-Mar-04-2017 PM10  |  10.48 |   9.37 |  14.39 |   8.39 |I I 
15:20-Sat-Mar-04-2017 PM2.5 |   5.49 |   5.19 |   6.48 |   4.04 |I I 
15:21-Sat-Mar-04-2017 PM10  |  10.48 |   9.48 |  14.39 |   8.39 |I I 
15:21-Sat-Mar-04-2017 PM2.5 |   5.49 |   5.22 |   6.48 |   4.04 |I I 
15:22-Sat-Mar-04-2017 PM10  |  12.17 |   9.72 |  14.39 |   8.39 |I I 
15:22-Sat-Mar-04-2017 PM2.5 |   5.56 |   5.25 |   6.48 |   4.04 |I I 
15:26-Sat-Mar-04-2017 PM10  |  10.57 |   9.80 |  14.39 |   8.39 |I I 
15:26-Sat-Mar-04-2017 PM2.5 |   5.47 |   5.27 |   6.48 |   4.04 |I I 
15:27-Sat-Mar-04-2017 PM10  |   9.67 |   9.79 |  14.39 |   8.39 |I I 
15:27-Sat-Mar-04-2017 PM2.5 |   5.11 |   5.26 |   6.48 |   4.04 |I I 
15:31-Sat-Mar-04-2017 PM10  |  12.05 |   9.95 |  14.39 |   8.39 |I I 
15:31-Sat-Mar-04-2017 PM2.5 |   5.64 |   5.28 |   6.48 |   4.04 |I I 
15:32-Sat-Mar-04-2017 PM10  |  12.95 |  10.15 |  14.39 |   8.39 |I I 
15:32-Sat-Mar-04-2017 PM2.5 |   5.57 |   5.30 |   6.48 |   4.04 |I I 
15:36-Sat-Mar-04-2017 PM10  |  12.31 |  10.28 |  14.39 |   8.39 |I I 
15:36-Sat-Mar-04-2017 PM2.5 |   6.00 |   5.35 |   6.48 |   4.04 |I I 
15:37-Sat-Mar-04-2017 PM10  |  13.95 |  10.50 |  14.39 |   8.39 |I I 
15:37-Sat-Mar-04-2017 PM2.5 |   6.02 |   5.39 |   6.48 |   4.04 |I I 
15:41-Sat-Mar-04-2017 PM10  |  10.55 |  10.50 |  14.39 |   8.39 |I I 
15:41-Sat-Mar-04-2017 PM2.5 |   5.93 |   5.42 |   6.48 |   4.04 |I I 
15:42-Sat-Mar-04-2017 PM10  |  11.16 |  10.54 |  14.39 |   8.39 |I I 
15:42-Sat-Mar-04-2017 PM2.5 |   5.38 |   5.41 |   6.48 |   4.04 |I I 
15:46-Sat-Mar-04-2017 PM10  |  13.36 |  10.68 |  14.39 |   8.39 |I I 
15:46-Sat-Mar-04-2017 PM2.5 |   5.33 |   5.41 |   6.48 |   4.04 |I I 
15:47-Sat-Mar-04-2017 PM10  |  13.36 |  10.80 |  14.39 |   8.39 |I I 
15:47-Sat-Mar-04-2017 PM2.5 |   5.33 |   5.41 |   6.48 |   4.04 |I I 
15:48-Sat-Mar-04-2017 PM10  |  10.80 |  10.80 |  14.39 |   8.39 |I I 
15:48-Sat-Mar-04-2017 PM2.5 |   5.31 |   5.40 |   6.48 |   4.04 |I I 
15:52-Sat-Mar-04-2017 PM10  |  10.91 |  10.81 |  14.39 |   8.39 |I I 
15:52-Sat-Mar-04-2017 PM2.5 |   5.55 |   5.41 |   6.48 |   4.04 |I I 
15:53-Sat-Mar-04-2017 PM10  |  11.72 |  10.85 |  14.39 |   8.39 |I I 
15:53-Sat-Mar-04-2017 PM2.5 |   5.02 |   5.39 |   6.48 |   4.04 |I I 
15:57-Sat-Mar-04-2017 PM10  |  11.76 |  10.88 |  14.39 |   8.39 |I I 
15:57-Sat-Mar-04-2017 PM2.5 |   5.41 |   5.39 |   6.48 |   4.04 |I I 
15:58-Sat-Mar-04-2017 PM10  |  10.42 |  10.87 |  14.39 |   8.39 |I I 
15:58-Sat-Mar-04-2017 PM2.5 |   5.03 |   5.38 |   6.48 |   4.04 |I I 
16:02-Sat-Mar-04-2017 PM10  |  10.07 |  10.84 |  14.39 |   8.39 |I I 
16:02-Sat-Mar-04-2017 PM2.5 |   5.11 |   5.37 |   6.48 |   4.04 |I I 
16:03-Sat-Mar-04-2017 PM10  |  13.92 |  13.92 |  14.39 |   8.39 |I I 
16:03-Sat-Mar-04-2017 PM2.5 |   4.92 |   4.92 |   6.48 |   4.04 |I I 
16:07-Sat-Mar-04-2017 PM10  |  10.56 |  12.24 |  14.39 |   8.39 |I I 
16:07-Sat-Mar-04-2017 PM2.5 |   4.93 |   4.93 |   6.48 |   4.04 |I I 
16:08-Sat-Mar-04-2017 PM10  |  11.77 |  12.08 |  14.39 |   8.39 |I I 
16:08-Sat-Mar-04-2017 PM2.5 |   5.33 |   5.06 |   6.48 |   4.04 |I I 
16:12-Sat-Mar-04-2017 PM10  |  10.25 |  11.63 |  14.39 |   8.39 |I I 
16:12-Sat-Mar-04-2017 PM2.5 |   4.78 |   4.99 |   6.48 |   4.04 |I I 
16:13-Sat-Mar-04-2017 PM10  |  11.42 |  11.59 |  14.39 |   8.39 |I I 
16:13-Sat-Mar-04-2017 PM2.5 |   4.62 |   4.92 |   6.48 |   4.04 |I I 
16:14-Sat-Mar-04-2017 PM10  |  11.42 |  11.56 |  14.39 |   8.39 |I I 
16:14-Sat-Mar-04-2017 PM2.5 |   4.62 |   4.87 |   6.48 |   4.04 |I I 
16:18-Sat-Mar-04-2017 PM10  |  11.67 |  11.57 |  14.39 |   8.39 |I I 
16:18-Sat-Mar-04-2017 PM2.5 |   4.78 |   4.85 |   6.48 |   4.04 |I I 
16:19-Sat-Mar-04-2017 PM10  |  12.36 |  11.67 |  14.39 |   8.39 |I I 
16:19-Sat-Mar-04-2017 PM2.5 |   4.78 |   4.84 |   6.48 |   4.04 |I I 
16:23-Sat-Mar-04-2017 PM10  |  11.42 |  11.65 |  14.39 |   8.39 |I I 
16:23-Sat-Mar-04-2017 PM2.5 |   4.73 |   4.83 |   6.48 |   4.04 |I I 
16:24-Sat-Mar-04-2017 PM10  |  11.34 |  11.61 |  14.39 |   8.39 |I I 
16:24-Sat-Mar-04-2017 PM2.5 |   4.42 |   4.79 |   6.48 |   4.04 |I I 
16:28-Sat-Mar-04-2017 PM10  |  10.56 |  11.52 |  14.39 |   8.39 |I I 
16:28-Sat-Mar-04-2017 PM2.5 |   4.61 |   4.77 |   6.48 |   4.04 |I I 
16:29-Sat-Mar-04-2017 PM10  |   9.32 |  11.34 |  14.39 |   8.39 |I I 
16:29-Sat-Mar-04-2017 PM2.5 |   4.83 |   4.78 |   6.48 |   4.04 |I I 
16:33-Sat-Mar-04-2017 PM10  |   9.27 |  11.18 |  14.39 |   8.39 |I I 
16:33-Sat-Mar-04-2017 PM2.5 |   4.61 |   4.77 |   6.48 |   4.04 |I I 
16:34-Sat-Mar-04-2017 PM10  |   9.81 |  11.08 |  14.39 |   8.39 |I I 
16:34-Sat-Mar-04-2017 PM2.5 |   4.67 |   4.76 |   6.48 |   4.04 |I I 
16:38-Sat-Mar-04-2017 PM10  |  11.73 |  11.12 |  14.39 |   8.39 |I I 
16:38-Sat-Mar-04-2017 PM2.5 |   4.93 |   4.77 |   6.48 |   4.04 |I I 
16:39-Sat-Mar-04-2017 PM10  |   9.35 |  11.01 |  14.39 |   8.39 |I I 
16:39-Sat-Mar-04-2017 PM2.5 |   4.68 |   4.76 |   6.48 |   4.04 |I I 
16:40-Sat-Mar-04-2017 PM10  |   9.35 |  10.91 |  14.39 |   8.39 |I I 
16:40-Sat-Mar-04-2017 PM2.5 |   4.68 |   4.76 |   6.48 |   4.04 |I I 
16:44-Sat-Mar-04-2017 PM10  |   9.44 |  10.83 |  14.39 |   8.39 |I I 
16:44-Sat-Mar-04-2017 PM2.5 |   4.64 |   4.75 |   6.48 |   4.04 |I I 
16:45-Sat-Mar-04-2017 PM10  |   8.50 |  10.71 |  14.39 |   8.39 |I I 
16:45-Sat-Mar-04-2017 PM2.5 |   4.00 |   4.71 |   6.48 |   4.04 |I I 
16:49-Sat-Mar-04-2017 PM10  |  10.02 |  10.67 |  14.39 |   8.39 |I I 
16:49-Sat-Mar-04-2017 PM2.5 |   4.12 |   4.68 |   6.48 |   4.04 |I I 
16:50-Sat-Mar-04-2017 PM10  |   9.39 |  10.61 |  14.39 |   8.39 |I I 
16:50-Sat-Mar-04-2017 PM2.5 |   4.38 |   4.67 |   6.48 |   4.04 |I I 
16:54-Sat-Mar-04-2017 PM10  |  11.14 |  10.64 |  14.39 |   8.39 |I I 
16:54-Sat-Mar-04-2017 PM2.5 |   4.49 |   4.66 |   6.48 |   4.04 |I I 
16:55-Sat-Mar-04-2017 PM10  |  11.07 |  10.66 |  14.39 |   8.39 |I I 
16:55-Sat-Mar-04-2017 PM2.5 |   4.39 |   4.65 |   6.48 |   4.04 |I I 
16:59-Sat-Mar-04-2017 PM10  |   9.52 |  10.61 |  14.39 |   8.39 |I I 
16:59-Sat-Mar-04-2017 PM2.5 |   4.19 |   4.63 |   6.48 |   4.04 |I I 
17:00-Sat-Mar-04-2017 PM10  |   7.07 |  10.47 |  14.39 |   8.39 |I I 
17:00-Sat-Mar-04-2017 PM2.5 |   4.11 |   4.61 |   6.48 |   4.04 |I I 
17:04-Sat-Mar-04-2017 PM10  |  10.49 |  10.49 |  14.39 |   8.39 |I I 
17:04-Sat-Mar-04-2017 PM2.5 |   4.51 |   4.51 |   6.48 |   4.04 |I I 
17:05-Sat-Mar-04-2017 PM10  |  10.86 |  10.67 |  14.39 |   8.39 |I I 
17:05-Sat-Mar-04-2017 PM2.5 |   4.48 |   4.50 |   6.48 |   4.04 |I I 
17:09-Sat-Mar-04-2017 PM10  |  12.14 |  11.16 |  14.39 |   8.39 |I I 
17:09-Sat-Mar-04-2017 PM2.5 |   4.46 |   4.48 |   6.48 |   4.04 |I I 
17:10-Sat-Mar-04-2017 PM10  |  12.14 |  11.41 |  14.39 |   8.39 |I I 
17:10-Sat-Mar-04-2017 PM2.5 |   4.46 |   4.48 |   6.48 |   4.04 |I I 
17:12-Sat-Mar-04-2017 PM10  |  10.31 |  11.19 |  14.39 |   8.39 |I I 
17:12-Sat-Mar-04-2017 PM2.5 |   4.38 |   4.46 |   6.48 |   4.04 |I I 
17:16-Sat-Mar-04-2017 PM10  |   8.23 |  10.69 |  14.39 |   8.39 |I I 
17:16-Sat-Mar-04-2017 PM2.5 |   4.11 |   4.40 |   6.48 |   4.04 |I I 
17:17-Sat-Mar-04-2017 PM10  |   9.55 |  10.53 |  14.39 |   8.39 |I I 
17:17-Sat-Mar-04-2017 PM2.5 |   4.05 |   4.35 |   6.48 |   4.04 |I I 
17:21-Sat-Mar-04-2017 PM10  |   9.16 |  10.36 |  14.39 |   8.39 |I I 
17:21-Sat-Mar-04-2017 PM2.5 |   4.52 |   4.37 |   6.48 |   4.04 |I I 
17:22-Sat-Mar-04-2017 PM10  |   7.79 |  10.07 |  14.39 |   8.39 |I I 
17:22-Sat-Mar-04-2017 PM2.5 |   4.01 |   4.33 |   6.48 |   4.04 |I I 
17:26-Sat-Mar-04-2017 PM10  |   9.13 |   9.98 |  14.39 |   8.39 |I I 
17:26-Sat-Mar-04-2017 PM2.5 |   4.22 |   4.32 |   6.48 |   4.04 |I I 
17:27-Sat-Mar-04-2017 PM10  |  11.89 |  10.15 |  14.39 |   8.39 |I I 
17:27-Sat-Mar-04-2017 PM2.5 |   4.20 |   4.31 |   6.48 |   4.04 |I I 
17:31-Sat-Mar-04-2017 PM10  |   8.21 |   9.99 |  14.39 |   8.39 |I I 
17:31-Sat-Mar-04-2017 PM2.5 |   4.10 |   4.29 |   6.48 |   4.04 |I I 
17:32-Sat-Mar-04-2017 PM10  |   8.48 |   9.88 |  14.39 |   8.39 |I I 
17:32-Sat-Mar-04-2017 PM2.5 |   4.03 |   4.27 |   6.48 |   4.04 |I I 
17:36-Sat-Mar-04-2017 PM10  |   9.56 |   9.85 |  14.39 |   8.39 |I I 
17:36-Sat-Mar-04-2017 PM2.5 |   4.35 |   4.28 |   6.48 |   4.04 |I I 
17:37-Sat-Mar-04-2017 PM10  |   8.14 |   9.74 |  14.39 |   8.39 |I I 
17:37-Sat-Mar-04-2017 PM2.5 |   4.19 |   4.27 |   6.48 |   4.04 |I I 
17:38-Sat-Mar-04-2017 PM10  |   8.14 |   9.64 |  14.39 |   8.39 |I I 
17:38-Sat-Mar-04-2017 PM2.5 |   4.19 |   4.27 |   6.48 |   4.04 |I I 
17:42-Sat-Mar-04-2017 PM10  |   8.93 |   9.60 |  14.39 |   8.39 |I I 
17:42-Sat-Mar-04-2017 PM2.5 |   4.46 |   4.28 |   6.48 |   4.04 |I I 
17:43-Sat-Mar-04-2017 PM10  |   7.75 |   9.50 |  14.39 |   8.39 |I I 
17:43-Sat-Mar-04-2017 PM2.5 |   3.94 |   4.26 |   6.48 |   4.04 |I I 
17:47-Sat-Mar-04-2017 PM10  |   9.30 |   9.49 |  14.39 |   8.39 |I I 
17:47-Sat-Mar-04-2017 PM2.5 |   4.12 |   4.25 |   6.48 |   4.04 |I I 
17:48-Sat-Mar-04-2017 PM10  |   9.32 |   9.48 |  14.39 |   8.39 |I I 
17:48-Sat-Mar-04-2017 PM2.5 |   4.24 |   4.25 |   6.48 |   4.04 |I I 
17:52-Sat-Mar-04-2017 PM10  |   7.95 |   9.40 |  14.39 |   8.39 |I I 
17:52-Sat-Mar-04-2017 PM2.5 |   4.15 |   4.25 |   6.48 |   4.04 |I I 
17:53-Sat-Mar-04-2017 PM10  |   7.77 |   9.33 |  14.39 |   8.39 |I I 
17:53-Sat-Mar-04-2017 PM2.5 |   3.91 |   4.23 |   6.48 |   4.04 |I I 
17:57-Sat-Mar-04-2017 PM10  |   7.72 |   9.26 |  14.39 |   8.39 |I I 
17:57-Sat-Mar-04-2017 PM2.5 |   4.03 |   4.22 |   6.48 |   4.04 |I I 
17:58-Sat-Mar-04-2017 PM10  |   9.16 |   9.26 |  14.39 |   8.39 |I I 
17:58-Sat-Mar-04-2017 PM2.5 |   3.84 |   4.21 |   6.48 |   4.04 |I I 
18:02-Sat-Mar-04-2017 PM10  |   8.06 |   9.21 |  14.39 |   8.39 |I I 
18:02-Sat-Mar-04-2017 PM2.5 |   4.07 |   4.20 |   6.48 |   4.04 |I I 
18:03-Sat-Mar-04-2017 PM10  |   7.84 |   7.84 |  14.39 |   8.39 |I I 
18:03-Sat-Mar-04-2017 PM2.5 |   4.05 |   4.05 |   6.48 |   4.04 |I I 
18:04-Sat-Mar-04-2017 PM10  |   7.84 |   7.84 |  14.39 |   8.39 |I I 
18:04-Sat-Mar-04-2017 PM2.5 |   4.05 |   4.05 |   6.48 |   4.04 |I I 
18:08-Sat-Mar-04-2017 PM10  |   9.48 |   8.39 |  14.39 |   8.39 |I I 
18:08-Sat-Mar-04-2017 PM2.5 |   4.43 |   4.18 |   6.48 |   4.04 |I I 
18:09-Sat-Mar-04-2017 PM10  |   9.03 |   8.55 |  14.39 |   8.39 |I I 
18:09-Sat-Mar-04-2017 PM2.5 |   4.39 |   4.23 |   6.48 |   4.04 |I I 
18:13-Sat-Mar-04-2017 PM10  |   8.50 |   8.54 |  14.39 |   8.39 |I I 
18:13-Sat-Mar-04-2017 PM2.5 |   4.46 |   4.27 |   6.48 |   4.04 |I I 
18:14-Sat-Mar-04-2017 PM10  |   7.85 |   8.42 |  14.39 |   8.39 |I I 
18:14-Sat-Mar-04-2017 PM2.5 |   3.83 |   4.20 |   6.48 |   4.04 |I I 
18:18-Sat-Mar-04-2017 PM10  |   8.01 |   8.37 |  14.39 |   8.39 |I I 
18:18-Sat-Mar-04-2017 PM2.5 |   4.02 |   4.17 |   6.48 |   4.04 |I I 
18:19-Sat-Mar-04-2017 PM10  |   6.41 |   8.12 |  14.39 |   8.39 |I I 
18:19-Sat-Mar-04-2017 PM2.5 |   3.70 |   4.12 |   6.48 |   4.04 |I I 
18:23-Sat-Mar-04-2017 PM10  |   8.76 |   8.19 |  14.39 |   8.39 |I I 
18:23-Sat-Mar-04-2017 PM2.5 |   4.11 |   4.11 |   6.48 |   4.04 |I I 
18:24-Sat-Mar-04-2017 PM10  |   9.53 |   8.33 |  14.39 |   8.39 |I I 
18:24-Sat-Mar-04-2017 PM2.5 |   3.81 |   4.08 |   6.48 |   4.04 |I I 
18:28-Sat-Mar-04-2017 PM10  |   8.75 |   8.36 |  14.39 |   8.39 |I I 
18:28-Sat-Mar-04-2017 PM2.5 |   4.01 |   4.08 |   6.48 |   4.04 |I I 
18:29-Sat-Mar-04-2017 PM10  |   7.36 |   8.28 |  14.39 |   8.39 |I I 
18:29-Sat-Mar-04-2017 PM2.5 |   3.78 |   4.05 |   6.48 |   4.04 |I I 
18:33-Sat-Mar-04-2017 PM10  |   6.01 |   8.11 |  14.39 |   8.39 |I I 
18:33-Sat-Mar-04-2017 PM2.5 |   3.69 |   4.02 |   6.48 |   4.04 |I I 
18:34-Sat-Mar-04-2017 PM10  |   6.01 |   7.96 |  14.39 |   8.39 |I I 
18:34-Sat-Mar-04-2017 PM2.5 |   3.69 |   4.00 |   6.48 |   4.04 |I I 
18:35-Sat-Mar-04-2017 PM10  |   7.70 |   7.94 |  14.39 |   8.39 |I I 
18:35-Sat-Mar-04-2017 PM2.5 |   3.54 |   3.97 |   6.48 |   4.04 |I I 
18:39-Sat-Mar-04-2017 PM10  |   8.78 |   7.99 |  14.39 |   8.39 |I I 
18:39-Sat-Mar-04-2017 PM2.5 |   3.88 |   3.96 |   6.48 |   4.04 |I I 
18:40-Sat-Mar-04-2017 PM10  |   8.02 |   7.99 |  14.39 |   8.39 |I I 
18:40-Sat-Mar-04-2017 PM2.5 |   3.98 |   3.97 |   6.48 |   4.04 |I I 
18:44-Sat-Mar-04-2017 PM10  |   7.74 |   7.98 |  14.39 |   8.39 |I I 
18:44-Sat-Mar-04-2017 PM2.5 |   3.79 |   3.96 |   6.48 |   4.04 |I I 
18:45-Sat-Mar-04-2017 PM10  |   8.27 |   7.99 |  14.39 |   8.39 |I I 
18:45-Sat-Mar-04-2017 PM2.5 |   3.80 |   3.95 |   6.48 |   4.04 |I I 
18:49-Sat-Mar-04-2017 PM10  |   7.59 |   7.97 |  14.39 |   8.39 |I I 
18:49-Sat-Mar-04-2017 PM2.5 |   3.93 |   3.95 |   6.48 |   4.04 |I I 
18:50-Sat-Mar-04-2017 PM10  |   8.03 |   7.98 |  14.39 |   8.39 |I I 
18:50-Sat-Mar-04-2017 PM2.5 |   3.87 |   3.94 |   6.48 |   4.04 |I I 
18:54-Sat-Mar-04-2017 PM10  |   7.32 |   7.95 |  14.39 |   8.39 |I I 
18:54-Sat-Mar-04-2017 PM2.5 |   3.71 |   3.93 |   6.48 |   4.04 |I I 
18:55-Sat-Mar-04-2017 PM10  |   8.01 |   7.95 |  14.39 |   8.39 |I I 
18:55-Sat-Mar-04-2017 PM2.5 |   3.65 |   3.92 |   6.48 |   4.04 |I I 
18:59-Sat-Mar-04-2017 PM10  |   8.50 |   7.97 |  14.39 |   8.39 |I I 
18:59-Sat-Mar-04-2017 PM2.5 |   3.71 |   3.91 |   6.48 |   4.04 |I I 
19:00-Sat-Mar-04-2017 PM10  |   8.50 |   7.99 |  14.39 |   7.99 |I I 
19:00-Sat-Mar-04-2017 PM2.5 |   3.71 |   3.90 |   6.48 |   3.90 |I I 
19:01-Sat-Mar-04-2017 PM10  |   8.08 |   8.08 |  14.39 |   7.99 |I I 
19:01-Sat-Mar-04-2017 PM2.5 |   3.66 |   3.66 |   6.48 |   3.90 |I I 
19:05-Sat-Mar-04-2017 PM10  |   9.68 |   8.88 |  14.39 |   7.99 |I I 
19:05-Sat-Mar-04-2017 PM2.5 |   3.98 |   3.82 |   6.48 |   3.90 |I I 
19:06-Sat-Mar-04-2017 PM10  |   7.32 |   8.36 |  14.39 |   7.99 |I I 
19:06-Sat-Mar-04-2017 PM2.5 |   3.65 |   3.76 |   6.48 |   3.90 |I I 
19:10-Sat-Mar-04-2017 PM10  |   8.03 |   8.28 |  14.39 |   7.99 |I I 
19:10-Sat-Mar-04-2017 PM2.5 |   3.91 |   3.80 |   6.48 |   3.90 |I I 
19:11-Sat-Mar-04-2017 PM10  |   7.51 |   8.12 |  14.39 |   7.99 |I I 
19:11-Sat-Mar-04-2017 PM2.5 |   3.84 |   3.81 |   6.48 |   3.90 |I I 
19:15-Sat-Mar-04-2017 PM10  |   6.97 |   7.93 |  14.39 |   7.99 |I I 
19:15-Sat-Mar-04-2017 PM2.5 |   3.85 |   3.82 |   6.48 |   3.90 |I I 
19:16-Sat-Mar-04-2017 PM10  |   9.91 |   8.21 |  14.39 |   7.99 |I I 
19:16-Sat-Mar-04-2017 PM2.5 |   3.97 |   3.84 |   6.48 |   3.90 |I I 
19:20-Sat-Mar-04-2017 PM10  |   9.38 |   8.36 |  14.39 |   7.99 |I I 
19:20-Sat-Mar-04-2017 PM2.5 |   3.84 |   3.84 |   6.48 |   3.90 |I I 
19:21-Sat-Mar-04-2017 PM10  |   6.54 |   8.16 |  14.39 |   7.99 |I I 
19:21-Sat-Mar-04-2017 PM2.5 |   3.66 |   3.82 |   6.48 |   3.90 |I I 
19:25-Sat-Mar-04-2017 PM10  |   6.10 |   7.95 |  14.39 |   7.99 |I I 
19:25-Sat-Mar-04-2017 PM2.5 |   3.58 |   3.79 |   6.48 |   3.90 |I I 
19:26-Sat-Mar-04-2017 PM10  |   6.10 |   7.78 |  14.39 |   7.99 |I I 
19:26-Sat-Mar-04-2017 PM2.5 |   3.58 |   3.77 |   6.48 |   3.90 |I I 
19:27-Sat-Mar-04-2017 PM10  |   8.61 |   7.85 |  14.39 |   7.99 |I I 
19:27-Sat-Mar-04-2017 PM2.5 |   3.76 |   3.77 |   6.48 |   3.90 |I I 
19:31-Sat-Mar-04-2017 PM10  |   8.08 |   7.87 |  14.39 |   7.99 |I I 
19:31-Sat-Mar-04-2017 PM2.5 |   3.73 |   3.77 |   6.48 |   3.90 |I I 
19:32-Sat-Mar-04-2017 PM10  |   5.89 |   7.73 |  14.39 |   7.99 |I I 
19:32-Sat-Mar-04-2017 PM2.5 |   3.62 |   3.76 |   6.48 |   3.90 |I I 
19:36-Sat-Mar-04-2017 PM10  |   6.73 |   7.66 |  14.39 |   7.99 |I I 
19:36-Sat-Mar-04-2017 PM2.5 |   3.71 |   3.76 |   6.48 |   3.90 |I I 
19:37-Sat-Mar-04-2017 PM10  |   6.53 |   7.59 |  14.39 |   7.99 |I I 
19:37-Sat-Mar-04-2017 PM2.5 |   3.79 |   3.76 |   6.48 |   3.90 |I I 
19:42-Sat-Mar-04-2017 PM10  |   7.62 |   7.59 |  14.39 |   7.99 |I I 
19:42-Sat-Mar-04-2017 PM2.5 |   3.96 |   3.77 |   6.48 |   3.90 |I I 
19:43-Sat-Mar-04-2017 PM10  |   6.99 |   7.56 |  14.39 |   7.99 |I I 
19:43-Sat-Mar-04-2017 PM2.5 |   4.03 |   3.78 |   6.48 |   3.90 |I I 
19:47-Sat-Mar-04-2017 PM10  |   7.16 |   7.54 |  14.39 |   7.99 |I I 
19:47-Sat-Mar-04-2017 PM2.5 |   4.01 |   3.80 |   6.48 |   3.90 |I I 
19:48-Sat-Mar-04-2017 PM10  |   6.83 |   7.50 |  14.39 |   7.99 |I I 
19:48-Sat-Mar-04-2017 PM2.5 |   3.85 |   3.80 |   6.48 |   3.90 |I I 
19:52-Sat-Mar-04-2017 PM10  |   7.53 |   7.50 |  14.39 |   7.99 |I I 
19:52-Sat-Mar-04-2017 PM2.5 |   3.90 |   3.80 |   6.48 |   3.90 |I I 
19:53-Sat-Mar-04-2017 PM10  |   7.56 |   7.51 |  14.39 |   7.99 |I I 
19:53-Sat-Mar-04-2017 PM2.5 |   3.79 |   3.80 |   6.48 |   3.90 |I I 
19:54-Sat-Mar-04-2017 PM10  |   7.56 |   7.51 |  14.39 |   7.99 |I I 
19:54-Sat-Mar-04-2017 PM2.5 |   3.79 |   3.80 |   6.48 |   3.90 |I I 
19:58-Sat-Mar-04-2017 PM10  |   7.24 |   7.50 |  14.39 |   7.99 |I I 
19:58-Sat-Mar-04-2017 PM2.5 |   3.85 |   3.80 |   6.48 |   3.90 |I I 
19:59-Sat-Mar-04-2017 PM10  |   8.20 |   7.53 |  14.39 |   7.99 |I I 
19:59-Sat-Mar-04-2017 PM2.5 |   3.95 |   3.81 |   6.48 |   3.90 |I I 
20:03-Sat-Mar-04-2017 PM10  |   9.17 |   7.59 |  14.39 |   7.59 |I I 
20:03-Sat-Mar-04-2017 PM2.5 |   4.12 |   3.82 |   6.48 |   3.82 |I I 
20:04-Sat-Mar-04-2017 PM10  |   8.22 |   8.22 |  14.39 |   7.59 |I I 
20:04-Sat-Mar-04-2017 PM2.5 |   4.05 |   4.05 |   6.48 |   3.82 |I I 
20:08-Sat-Mar-04-2017 PM10  |   7.41 |   7.82 |  14.39 |   7.59 |I I 
20:08-Sat-Mar-04-2017 PM2.5 |   3.79 |   3.92 |   6.48 |   3.82 |I I 
20:09-Sat-Mar-04-2017 PM10  |   7.20 |   7.61 |  14.39 |   7.59 |I I 
20:09-Sat-Mar-04-2017 PM2.5 |   3.63 |   3.82 |   6.48 |   3.82 |I I 
20:13-Sat-Mar-04-2017 PM10  |   7.34 |   7.54 |  14.39 |   7.59 |I I 
20:13-Sat-Mar-04-2017 PM2.5 |   3.98 |   3.86 |   6.48 |   3.82 |I I 
20:14-Sat-Mar-04-2017 PM10  |   6.76 |   7.39 |  14.39 |   7.59 |I I 
20:14-Sat-Mar-04-2017 PM2.5 |   3.83 |   3.86 |   6.48 |   3.82 |I I 
20:18-Sat-Mar-04-2017 PM10  |   8.08 |   7.50 |  14.39 |   7.59 |I I 
20:18-Sat-Mar-04-2017 PM2.5 |   4.13 |   3.90 |   6.48 |   3.82 |I I 
20:19-Sat-Mar-04-2017 PM10  |   8.24 |   7.61 |  14.39 |   7.59 |I I 
20:19-Sat-Mar-04-2017 PM2.5 |   4.07 |   3.93 |   6.48 |   3.82 |I I 
20:20-Sat-Mar-04-2017 PM10  |   8.24 |   7.69 |  14.39 |   7.59 |I I 
20:20-Sat-Mar-04-2017 PM2.5 |   4.07 |   3.94 |   6.48 |   3.82 |I I 
20:24-Sat-Mar-04-2017 PM10  |   8.31 |   7.76 |  14.39 |   7.59 |I I 
20:24-Sat-Mar-04-2017 PM2.5 |   3.95 |   3.94 |   6.48 |   3.82 |I I 
20:25-Sat-Mar-04-2017 PM10  |   7.90 |   7.77 |  14.39 |   7.59 |I I 
20:25-Sat-Mar-04-2017 PM2.5 |   3.97 |   3.95 |   6.48 |   3.82 |I I 
20:29-Sat-Mar-04-2017 PM10  |   9.35 |   7.91 |  14.39 |   7.59 |I I 
20:29-Sat-Mar-04-2017 PM2.5 |   4.26 |   3.98 |   6.48 |   3.82 |I I 
20:30-Sat-Mar-04-2017 PM10  |   6.87 |   7.83 |  14.39 |   7.59 |I I 
20:30-Sat-Mar-04-2017 PM2.5 |   3.68 |   3.95 |   6.48 |   3.82 |I I 
20:34-Sat-Mar-04-2017 PM10  |   7.68 |   7.82 |  14.39 |   7.59 |I I 
20:34-Sat-Mar-04-2017 PM2.5 |   4.12 |   3.96 |   6.48 |   3.82 |I I 
20:35-Sat-Mar-04-2017 PM10  |   8.84 |   7.89 |  14.39 |   7.59 |I I 
20:35-Sat-Mar-04-2017 PM2.5 |   4.52 |   4.00 |   6.48 |   3.82 |I I 
20:39-Sat-Mar-04-2017 PM10  |   7.89 |   7.89 |  14.39 |   7.59 |I I 
20:39-Sat-Mar-04-2017 PM2.5 |   4.18 |   4.02 |   6.48 |   3.82 |I I 
20:40-Sat-Mar-04-2017 PM10  |   7.83 |   7.89 |  14.39 |   7.59 |I I 
20:40-Sat-Mar-04-2017 PM2.5 |   4.29 |   4.03 |   6.48 |   3.82 |I I 
20:44-Sat-Mar-04-2017 PM10  |   8.09 |   7.90 |  14.39 |   7.59 |I I 
20:44-Sat-Mar-04-2017 PM2.5 |   4.29 |   4.05 |   6.48 |   3.82 |I I 
20:45-Sat-Mar-04-2017 PM10  |   7.14 |   7.85 |  14.39 |   7.59 |I I 
20:45-Sat-Mar-04-2017 PM2.5 |   4.20 |   4.06 |   6.48 |   3.82 |I I 
20:49-Sat-Mar-04-2017 PM10  |   7.86 |   7.86 |  14.39 |   7.59 |I I 
20:49-Sat-Mar-04-2017 PM2.5 |   4.40 |   4.07 |   6.48 |   3.82 |I I 
20:50-Sat-Mar-04-2017 PM10  |   7.86 |   7.86 |  14.39 |   7.59 |I I 
20:50-Sat-Mar-04-2017 PM2.5 |   4.40 |   4.09 |   6.48 |   3.82 |I I 
20:51-Sat-Mar-04-2017 PM10  |   9.02 |   7.91 |  14.39 |   7.59 |I I 
20:51-Sat-Mar-04-2017 PM2.5 |   4.32 |   4.10 |   6.48 |   3.82 |I I 
20:55-Sat-Mar-04-2017 PM10  |   7.96 |   7.91 |  14.39 |   7.59 |I I 
20:55-Sat-Mar-04-2017 PM2.5 |   4.03 |   4.10 |   6.48 |   3.82 |I I 
20:56-Sat-Mar-04-2017 PM10  |   7.85 |   7.91 |  14.39 |   7.59 |I I 
20:56-Sat-Mar-04-2017 PM2.5 |   4.59 |   4.12 |   6.48 |   3.82 |I I 
21:00-Sat-Mar-04-2017 PM10  |   7.94 |   7.91 |  14.39 |   7.59 |I I 
21:00-Sat-Mar-04-2017 PM2.5 |   4.28 |   4.13 |   6.48 |   3.82 |I I 
21:01-Sat-Mar-04-2017 PM10  |   7.97 |   7.97 |  14.39 |   7.59 |I I 
21:01-Sat-Mar-04-2017 PM2.5 |   4.31 |   4.31 |   6.48 |   3.82 |I I 
21:05-Sat-Mar-04-2017 PM10  |   8.62 |   8.29 |  14.39 |   7.59 |I I 
21:05-Sat-Mar-04-2017 PM2.5 |   4.41 |   4.36 |   6.48 |   3.82 |I I 
21:06-Sat-Mar-04-2017 PM10  |   7.10 |   7.89 |  14.39 |   7.59 |I I 
21:06-Sat-Mar-04-2017 PM2.5 |   4.06 |   4.26 |   6.48 |   3.82 |I I 
21:10-Sat-Mar-04-2017 PM10  |   8.65 |   8.08 |  14.39 |   7.59 |I I 
21:10-Sat-Mar-04-2017 PM2.5 |   4.46 |   4.31 |   6.48 |   3.82 |I I 
21:11-Sat-Mar-04-2017 PM10  |   8.68 |   8.20 |  14.39 |   7.59 |I I 
21:11-Sat-Mar-04-2017 PM2.5 |   4.39 |   4.32 |   6.48 |   3.82 |I I 
21:15-Sat-Mar-04-2017 PM10  |   8.94 |   8.32 |  14.39 |   7.59 |I I 
21:15-Sat-Mar-04-2017 PM2.5 |   4.35 |   4.33 |   6.48 |   3.82 |I I 
21:16-Sat-Mar-04-2017 PM10  |  10.51 |   8.64 |  14.39 |   7.59 |I I 
21:16-Sat-Mar-04-2017 PM2.5 |   4.82 |   4.40 |   6.48 |   3.82 |I I 
21:17-Sat-Mar-04-2017 PM10  |  10.51 |   8.87 |  14.39 |   7.59 |I I 
21:17-Sat-Mar-04-2017 PM2.5 |   4.82 |   4.45 |   6.48 |   3.82 |I I 
21:21-Sat-Mar-04-2017 PM10  |   7.79 |   8.75 |  14.39 |   7.59 |I I 
21:21-Sat-Mar-04-2017 PM2.5 |   4.30 |   4.43 |   6.48 |   3.82 |I I 
21:22-Sat-Mar-04-2017 PM10  |   8.59 |   8.73 |  14.39 |   7.59 |I I 
21:22-Sat-Mar-04-2017 PM2.5 |   4.37 |   4.43 |   6.48 |   3.82 |I I 
21:26-Sat-Mar-04-2017 PM10  |   9.43 |   8.80 |  14.39 |   7.59 |I I 
21:26-Sat-Mar-04-2017 PM2.5 |   4.49 |   4.43 |   6.48 |   3.82 |I I 
21:27-Sat-Mar-04-2017 PM10  |   7.43 |   8.68 |  14.39 |   7.59 |I I 
21:27-Sat-Mar-04-2017 PM2.5 |   4.25 |   4.42 |   6.48 |   3.82 |I I 
21:31-Sat-Mar-04-2017 PM10  |   7.92 |   8.63 |  14.39 |   7.59 |I I 
21:31-Sat-Mar-04-2017 PM2.5 |   4.22 |   4.40 |   6.48 |   3.82 |I I 
21:32-Sat-Mar-04-2017 PM10  |   6.77 |   8.49 |  14.39 |   7.59 |I I 
21:32-Sat-Mar-04-2017 PM2.5 |   3.73 |   4.36 |   6.48 |   3.82 |I I 
21:36-Sat-Mar-04-2017 PM10  |   8.51 |   8.49 |  14.39 |   7.59 |I I 
21:36-Sat-Mar-04-2017 PM2.5 |   4.01 |   4.33 |   6.48 |   3.82 |I I 
21:37-Sat-Mar-04-2017 PM10  |   8.37 |   8.49 |  14.39 |   7.59 |I I 
21:37-Sat-Mar-04-2017 PM2.5 |   4.07 |   4.32 |   6.48 |   3.82 |I I 
21:41-Sat-Mar-04-2017 PM10  |   8.10 |   8.46 |  14.39 |   7.59 |I I 
21:41-Sat-Mar-04-2017 PM2.5 |   4.23 |   4.31 |   6.48 |   3.82 |I I 
21:42-Sat-Mar-04-2017 PM10  |   7.29 |   8.40 |  14.39 |   7.59 |I I 
21:42-Sat-Mar-04-2017 PM2.5 |   3.97 |   4.29 |   6.48 |   3.82 |I I 
21:43-Sat-Mar-04-2017 PM10  |   7.29 |   8.34 |  14.39 |   7.59 |I I 
21:43-Sat-Mar-04-2017 PM2.5 |   3.97 |   4.27 |   6.48 |   3.82 |I I 
21:47-Sat-Mar-04-2017 PM10  |   7.29 |   8.29 |  14.39 |   7.59 |I I 
21:47-Sat-Mar-04-2017 PM2.5 |   4.17 |   4.27 |   6.48 |   3.82 |I I 
21:48-Sat-Mar-04-2017 PM10  |   9.43 |   8.34 |  14.39 |   7.59 |I I 
21:48-Sat-Mar-04-2017 PM2.5 |   4.33 |   4.27 |   6.48 |   3.82 |I I 
21:52-Sat-Mar-04-2017 PM10  |   9.17 |   8.38 |  14.39 |   7.59 |I I 
21:52-Sat-Mar-04-2017 PM2.5 |   4.29 |   4.27 |   6.48 |   3.82 |I I 
21:53-Sat-Mar-04-2017 PM10  |   8.43 |   8.38 |  14.39 |   7.59 |I I 
21:53-Sat-Mar-04-2017 PM2.5 |   4.15 |   4.27 |   6.48 |   3.82 |I I 
21:57-Sat-Mar-04-2017 PM10  |   8.08 |   8.37 |  14.39 |   7.59 |I I 
21:57-Sat-Mar-04-2017 PM2.5 |   4.13 |   4.26 |   6.48 |   3.82 |I I 
21:58-Sat-Mar-04-2017 PM10  |   7.62 |   8.34 |  14.39 |   7.59 |I I 
21:58-Sat-Mar-04-2017 PM2.5 |   3.93 |   4.25 |   6.48 |   3.82 |I I 
22:02-Sat-Mar-04-2017 PM10  |   7.60 |   8.31 |  14.39 |   7.59 |I I 
22:02-Sat-Mar-04-2017 PM2.5 |   4.12 |   4.24 |   6.48 |   3.82 |I I 
22:03-Sat-Mar-04-2017 PM10  |   7.52 |   7.52 |  14.39 |   7.59 |I I 
22:03-Sat-Mar-04-2017 PM2.5 |   3.83 |   3.83 |   6.48 |   3.82 |I I 
22:07-Sat-Mar-04-2017 PM10  |   6.89 |   7.20 |  14.39 |   7.59 |I I 
22:07-Sat-Mar-04-2017 PM2.5 |   3.99 |   3.91 |   6.48 |   3.82 |I I 
22:09-Sat-Mar-04-2017 PM10  |   6.56 |   6.99 |  14.39 |   7.59 |I I 
22:09-Sat-Mar-04-2017 PM2.5 |   4.04 |   3.95 |   6.48 |   3.82 |I I 
22:10-Sat-Mar-04-2017 PM10  |   6.56 |   6.88 |  14.39 |   7.59 |I I 
22:10-Sat-Mar-04-2017 PM2.5 |   4.04 |   3.97 |   6.48 |   3.82 |I I 
22:13-Sat-Mar-04-2017 PM10  |   7.54 |   7.01 |  14.39 |   7.59 |I I 
22:13-Sat-Mar-04-2017 PM2.5 |   4.22 |   4.02 |   6.48 |   3.82 |I I 
22:14-Sat-Mar-04-2017 PM10  |   7.54 |   7.10 |  14.39 |   7.59 |I I 
22:14-Sat-Mar-04-2017 PM2.5 |   4.22 |   4.05 |   6.48 |   3.82 |I I 
22:15-Sat-Mar-04-2017 PM10  |   6.96 |   7.08 |  14.39 |   7.59 |I I 
22:15-Sat-Mar-04-2017 PM2.5 |   3.94 |   4.04 |   6.48 |   3.82 |I I 
22:19-Sat-Mar-04-2017 PM10  |   6.78 |   7.04 |  14.39 |   7.59 |I I 
22:19-Sat-Mar-04-2017 PM2.5 |   4.07 |   4.04 |   6.48 |   3.82 |I I 
22:20-Sat-Mar-04-2017 PM10  |   7.85 |   7.13 |  14.39 |   7.59 |I I 
22:20-Sat-Mar-04-2017 PM2.5 |   4.55 |   4.10 |   6.48 |   3.82 |I I 
22:24-Sat-Mar-04-2017 PM10  |   6.64 |   7.08 |  14.39 |   7.59 |I I 
22:24-Sat-Mar-04-2017 PM2.5 |   4.17 |   4.11 |   6.48 |   3.82 |I I 
22:25-Sat-Mar-04-2017 PM10  |   8.06 |   7.17 |  14.39 |   7.59 |I I 
22:25-Sat-Mar-04-2017 PM2.5 |   4.14 |   4.11 |   6.48 |   3.82 |I I 
22:29-Sat-Mar-04-2017 PM10  |   7.80 |   7.22 |  14.39 |   7.59 |I I 
22:29-Sat-Mar-04-2017 PM2.5 |   4.29 |   4.12 |   6.48 |   3.82 |I I 
22:30-Sat-Mar-04-2017 PM10  |   7.52 |   7.25 |  14.39 |   7.59 |I I 
22:30-Sat-Mar-04-2017 PM2.5 |   4.07 |   4.12 |   6.48 |   3.82 |I I 
22:34-Sat-Mar-04-2017 PM10  |   8.40 |   7.33 |  14.39 |   7.59 |I I 
22:34-Sat-Mar-04-2017 PM2.5 |   4.27 |   4.13 |   6.48 |   3.82 |I I 
22:35-Sat-Mar-04-2017 PM10  |   7.79 |   7.36 |  14.39 |   7.59 |I I 
22:35-Sat-Mar-04-2017 PM2.5 |   4.06 |   4.13 |   6.48 |   3.82 |I I 
22:39-Sat-Mar-04-2017 PM10  |   9.10 |   7.47 |  14.39 |   7.59 |I I 
22:39-Sat-Mar-04-2017 PM2.5 |   4.62 |   4.16 |   6.48 |   3.82 |I I 
22:40-Sat-Mar-04-2017 PM10  |   8.59 |   7.54 |  14.39 |   7.59 |I I 
22:40-Sat-Mar-04-2017 PM2.5 |   3.97 |   4.15 |   6.48 |   3.82 |I I 
22:41-Sat-Mar-04-2017 PM10  |   8.59 |   7.59 |  14.39 |   7.59 |I I 
22:41-Sat-Mar-04-2017 PM2.5 |   3.97 |   4.14 |   6.48 |   3.82 |I I 
22:45-Sat-Mar-04-2017 PM10  |   9.12 |   7.67 |  14.39 |   7.59 |I I 
22:45-Sat-Mar-04-2017 PM2.5 |   4.30 |   4.14 |   6.48 |   3.82 |I I 
22:46-Sat-Mar-04-2017 PM10  |   9.15 |   7.75 |  14.39 |   7.59 |I I 
22:46-Sat-Mar-04-2017 PM2.5 |   4.30 |   4.15 |   6.48 |   3.82 |I I 
22:50-Sat-Mar-04-2017 PM10  |   8.20 |   7.77 |  14.39 |   7.59 |I I 
22:50-Sat-Mar-04-2017 PM2.5 |   4.29 |   4.16 |   6.48 |   3.82 |I I 
22:51-Sat-Mar-04-2017 PM10  |   8.18 |   7.79 |  14.39 |   7.59 |I I 
22:51-Sat-Mar-04-2017 PM2.5 |   4.11 |   4.16 |   6.48 |   3.82 |I I 
22:55-Sat-Mar-04-2017 PM10  |   7.48 |   7.77 |  14.39 |   7.59 |I I 
22:55-Sat-Mar-04-2017 PM2.5 |   4.54 |   4.17 |   6.48 |   3.82 |I I 
22:56-Sat-Mar-04-2017 PM10  |   7.15 |   7.75 |  14.39 |   7.59 |I I 
22:56-Sat-Mar-04-2017 PM2.5 |   4.07 |   4.17 |   6.48 |   3.82 |I I 
23:00-Sat-Mar-04-2017 PM10  |   7.60 |   7.74 |  14.39 |   7.59 |I I 
23:00-Sat-Mar-04-2017 PM2.5 |   4.09 |   4.17 |   6.48 |   3.82 |I I 
23:01-Sat-Mar-04-2017 PM10  |   7.99 |   7.99 |  14.39 |   7.59 |I I 
23:01-Sat-Mar-04-2017 PM2.5 |   4.43 |   4.43 |   6.48 |   3.82 |I I 
23:05-Sat-Mar-04-2017 PM10  |   8.61 |   8.30 |  14.39 |   7.59 |I I 
23:05-Sat-Mar-04-2017 PM2.5 |   4.64 |   4.54 |   6.48 |   3.82 |I I 
23:06-Sat-Mar-04-2017 PM10  |   8.55 |   8.38 |  14.39 |   7.59 |I I 
23:06-Sat-Mar-04-2017 PM2.5 |   4.35 |   4.47 |   6.48 |   3.82 |I I 
23:07-Sat-Mar-04-2017 PM10  |   8.55 |   8.42 |  14.39 |   7.59 |I I 
23:07-Sat-Mar-04-2017 PM2.5 |   4.35 |   4.44 |   6.48 |   3.82 |I I 
23:11-Sat-Mar-04-2017 PM10  |   7.24 |   8.19 |  14.39 |   7.59 |I I 
23:11-Sat-Mar-04-2017 PM2.5 |   4.39 |   4.43 |   6.48 |   3.82 |I I 
23:12-Sat-Mar-04-2017 PM10  |   7.44 |   8.06 |  14.39 |   7.59 |I I 
23:12-Sat-Mar-04-2017 PM2.5 |   4.19 |   4.39 |   6.48 |   3.82 |I I 
23:16-Sat-Mar-04-2017 PM10  |   7.61 |   8.00 |  14.39 |   7.59 |I I 
23:16-Sat-Mar-04-2017 PM2.5 |   4.46 |   4.40 |   6.48 |   3.82 |I I 
23:17-Sat-Mar-04-2017 PM10  |   7.78 |   7.97 |  14.39 |   7.59 |I I 
23:17-Sat-Mar-04-2017 PM2.5 |   4.20 |   4.37 |   6.48 |   3.82 |I I 
23:21-Sat-Mar-04-2017 PM10  |   7.52 |   7.92 |  14.39 |   7.59 |I I 
23:21-Sat-Mar-04-2017 PM2.5 |   4.22 |   4.36 |   6.48 |   3.82 |I I 
23:22-Sat-Mar-04-2017 PM10  |   7.68 |   7.90 |  14.39 |   7.59 |I I 
23:22-Sat-Mar-04-2017 PM2.5 |   4.24 |   4.35 |   6.48 |   3.82 |I I 
23:26-Sat-Mar-04-2017 PM10  |   8.48 |   7.95 |  14.39 |   7.59 |I I 
23:26-Sat-Mar-04-2017 PM2.5 |   4.49 |   4.36 |   6.48 |   3.82 |I I 
23:27-Sat-Mar-04-2017 PM10  |   7.73 |   7.93 |  14.39 |   7.59 |I I 
23:27-Sat-Mar-04-2017 PM2.5 |   4.59 |   4.38 |   6.48 |   3.82 |I I 
23:31-Sat-Mar-04-2017 PM10  |   7.90 |   7.93 |  14.39 |   7.59 |I I 
23:31-Sat-Mar-04-2017 PM2.5 |   4.41 |   4.38 |   6.48 |   3.82 |I I 
23:32-Sat-Mar-04-2017 PM10  |   7.33 |   7.89 |  14.39 |   7.59 |I I 
23:32-Sat-Mar-04-2017 PM2.5 |   4.19 |   4.37 |   6.48 |   3.82 |I I 
23:36-Sat-Mar-04-2017 PM10  |   7.37 |   7.85 |  14.39 |   7.59 |I I 
23:36-Sat-Mar-04-2017 PM2.5 |   4.16 |   4.35 |   6.48 |   3.82 |I I 
23:37-Sat-Mar-04-2017 PM10  |   7.37 |   7.82 |  14.39 |   7.59 |I I 
23:37-Sat-Mar-04-2017 PM2.5 |   4.16 |   4.34 |   6.48 |   3.82 |I I 
23:38-Sat-Mar-04-2017 PM10  |   8.80 |   7.88 |  14.39 |   7.59 |I I 
23:38-Sat-Mar-04-2017 PM2.5 |   4.35 |   4.34 |   6.48 |   3.82 |I I 
23:42-Sat-Mar-04-2017 PM10  |   7.70 |   7.87 |  14.39 |   7.59 |I I 
23:42-Sat-Mar-04-2017 PM2.5 |   3.99 |   4.32 |   6.48 |   3.82 |I I 
23:43-Sat-Mar-04-2017 PM10  |   7.61 |   7.85 |  14.39 |   7.59 |I I 
23:43-Sat-Mar-04-2017 PM2.5 |   4.03 |   4.31 |   6.48 |   3.82 |I I 
23:47-Sat-Mar-04-2017 PM10  |   7.88 |   7.86 |  14.39 |   7.59 |I I 
23:47-Sat-Mar-04-2017 PM2.5 |   4.20 |   4.30 |   6.48 |   3.82 |I I 
23:48-Sat-Mar-04-2017 PM10  |   7.81 |   7.85 |  14.39 |   7.59 |I I 
23:48-Sat-Mar-04-2017 PM2.5 |   4.30 |   4.30 |   6.48 |   3.82 |I I 
23:52-Sat-Mar-04-2017 PM10  |   8.42 |   7.88 |  14.39 |   7.59 |I I 
23:52-Sat-Mar-04-2017 PM2.5 |   4.54 |   4.31 |   6.48 |   3.82 |I I 
23:53-Sat-Mar-04-2017 PM10  |   6.47 |   7.82 |  14.39 |   7.59 |I I 
23:53-Sat-Mar-04-2017 PM2.5 |   3.84 |   4.29 |   6.48 |   3.82 |I I 
23:57-Sat-Mar-04-2017 PM10  |   7.05 |   7.79 |  14.39 |   7.59 |I I 
23:57-Sat-Mar-04-2017 PM2.5 |   4.33 |   4.29 |   6.48 |   3.82 |I I 
23:58-Sat-Mar-04-2017 PM10  |   7.72 |   7.78 |  14.39 |   7.59 |I I 
23:58-Sat-Mar-04-2017 PM2.5 |   4.35 |   4.30 |   6.48 |   3.82 |I I 
00:02-Sun-Mar-05-2017 PM10  |   6.59 |   7.74 |  14.39 |   7.59 |I I 
