00:01-Sat-Feb-25-2017[Errno -2] Name or service not known
10:17-Sat-Feb-25-2017Start
11:00-Sat-Feb-25-2017recover dati per host :salvatorehost.no-ip.org/aria
11:00-Sat-Feb-25-2017recover dati per host :92.223.147.77/nodered
11:00-Sat-Feb-25-2017 PM10  |   4.33 |   4.33 |  29.23 |   4.33 |I I 
11:00-Sat-Feb-25-2017 PM2.5 |   2.15 |   2.15 |  11.33 |   2.15 |I I 
11:03-Sat-Feb-25-2017 PM10  |   4.12 |   4.12 |  29.23 |   4.33 |I I 
11:03-Sat-Feb-25-2017 PM2.5 |   1.89 |   1.89 |  11.33 |   2.15 |I I 
11:04-Sat-Feb-25-2017 PM10  |   4.12 |   4.12 |  29.23 |   4.33 |I I 
11:04-Sat-Feb-25-2017 PM2.5 |   1.89 |   1.89 |  11.33 |   2.15 |I I 
11:05-Sat-Feb-25-2017 PM10  |   6.36 |   4.86 |  29.23 |   4.33 |I I 
11:05-Sat-Feb-25-2017 PM2.5 |   2.13 |   1.97 |  11.33 |   2.15 |I I 
11:09-Sat-Feb-25-2017 PM10  |   7.23 |   5.46 |  29.23 |   4.33 |I I 
11:09-Sat-Feb-25-2017 PM2.5 |   2.01 |   1.98 |  11.33 |   2.15 |I I 
11:10-Sat-Feb-25-2017 PM10  |   5.42 |   5.45 |  29.23 |   4.33 |I I 
11:10-Sat-Feb-25-2017 PM2.5 |   2.02 |   1.99 |  11.33 |   2.15 |I I 
11:14-Sat-Feb-25-2017 PM10  |   4.14 |   5.23 |  29.23 |   4.33 |I I 
11:14-Sat-Feb-25-2017 PM2.5 |   2.01 |   1.99 |  11.33 |   2.15 |I I 
11:15-Sat-Feb-25-2017 PM10  |   3.37 |   4.97 |  29.23 |   4.33 |I I 
11:15-Sat-Feb-25-2017 PM2.5 |   1.87 |   1.97 |  11.33 |   2.15 |I I 
11:19-Sat-Feb-25-2017 PM10  |   5.09 |   4.98 |  29.23 |   4.33 |I I 
11:19-Sat-Feb-25-2017 PM2.5 |   2.11 |   1.99 |  11.33 |   2.15 |I I 
11:20-Sat-Feb-25-2017 PM10  |   3.66 |   4.83 |  29.23 |   4.33 |I I 
11:20-Sat-Feb-25-2017 PM2.5 |   2.18 |   2.01 |  11.33 |   2.15 |I I 
11:24-Sat-Feb-25-2017 PM10  |   7.56 |   5.11 |  29.23 |   4.33 |I I 
11:24-Sat-Feb-25-2017 PM2.5 |   2.14 |   2.02 |  11.33 |   2.15 |I I 
11:25-Sat-Feb-25-2017 PM10  |   4.06 |   5.01 |  29.23 |   4.33 |I I 
11:25-Sat-Feb-25-2017 PM2.5 |   1.99 |   2.02 |  11.33 |   2.15 |I I 
11:29-Sat-Feb-25-2017 PM10  |   5.87 |   5.08 |  29.23 |   4.33 |I I 
11:29-Sat-Feb-25-2017 PM2.5 |   2.04 |   2.02 |  11.33 |   2.15 |I I 
11:30-Sat-Feb-25-2017 PM10  |   5.87 |   5.14 |  29.23 |   4.33 |I I 
11:30-Sat-Feb-25-2017 PM2.5 |   2.04 |   2.02 |  11.33 |   2.15 |I I 
11:31-Sat-Feb-25-2017 PM10  |   5.10 |   5.14 |  29.23 |   4.33 |I I 
11:31-Sat-Feb-25-2017 PM2.5 |   2.24 |   2.04 |  11.33 |   2.15 |I I 
11:35-Sat-Feb-25-2017 PM10  |   7.29 |   5.28 |  29.23 |   4.33 |I I 
11:35-Sat-Feb-25-2017 PM2.5 |   2.27 |   2.05 |  11.33 |   2.15 |I I 
11:36-Sat-Feb-25-2017 PM10  |   3.21 |   5.15 |  29.23 |   4.33 |I I 
11:36-Sat-Feb-25-2017 PM2.5 |   2.00 |   2.05 |  11.33 |   2.15 |I I 
11:40-Sat-Feb-25-2017 PM10  |   3.34 |   5.05 |  29.23 |   4.33 |I I 
11:40-Sat-Feb-25-2017 PM2.5 |   1.94 |   2.04 |  11.33 |   2.15 |I I 
11:41-Sat-Feb-25-2017 PM10  |   5.06 |   5.05 |  29.23 |   4.33 |I I 
11:41-Sat-Feb-25-2017 PM2.5 |   2.21 |   2.05 |  11.33 |   2.15 |I I 
11:45-Sat-Feb-25-2017 PM10  |   4.69 |   5.03 |  29.23 |   4.33 |I I 
11:45-Sat-Feb-25-2017 PM2.5 |   2.46 |   2.07 |  11.33 |   2.15 |I I 
11:46-Sat-Feb-25-2017 PM10  |   5.67 |   5.06 |  29.23 |   4.33 |I I 
11:46-Sat-Feb-25-2017 PM2.5 |   2.52 |   2.10 |  11.33 |   2.15 |I I 
11:50-Sat-Feb-25-2017 PM10  |   4.98 |   5.06 |  29.23 |   4.33 |I I 
11:50-Sat-Feb-25-2017 PM2.5 |   2.46 |   2.11 |  11.33 |   2.15 |I I 
11:51-Sat-Feb-25-2017 PM10  |   4.47 |   5.03 |  29.23 |   4.33 |I I 
11:51-Sat-Feb-25-2017 PM2.5 |   2.25 |   2.12 |  11.33 |   2.15 |I I 
11:55-Sat-Feb-25-2017 PM10  |   4.40 |   5.00 |  29.23 |   4.33 |I I 
11:55-Sat-Feb-25-2017 PM2.5 |   2.06 |   2.12 |  11.33 |   2.15 |I I 
11:56-Sat-Feb-25-2017 PM10  |   4.40 |   4.98 |  29.23 |   4.33 |I I 
11:56-Sat-Feb-25-2017 PM2.5 |   2.06 |   2.12 |  11.33 |   2.15 |I I 
11:57-Sat-Feb-25-2017 PM10  |   5.26 |   4.99 |  29.23 |   4.33 |I I 
11:57-Sat-Feb-25-2017 PM2.5 |   1.98 |   2.11 |  11.33 |   2.15 |I I 
12:01-Sat-Feb-25-2017 PM10  |   6.38 |   5.04 |  29.23 |   4.33 |I I 
12:01-Sat-Feb-25-2017 PM2.5 |   2.26 |   2.12 |  11.33 |   2.12 |I I 
12:02-Sat-Feb-25-2017 PM10  |   4.98 |   4.98 |  29.23 |   4.33 |I I 
12:02-Sat-Feb-25-2017 PM2.5 |   2.49 |   2.49 |  11.33 |   2.12 |I I 
12:06-Sat-Feb-25-2017 PM10  |   7.37 |   6.18 |  29.23 |   4.33 |I I 
12:06-Sat-Feb-25-2017 PM2.5 |   2.19 |   2.34 |  11.33 |   2.12 |I I 
12:07-Sat-Feb-25-2017 PM10  |   6.78 |   6.38 |  29.23 |   4.33 |I I 
12:07-Sat-Feb-25-2017 PM2.5 |   2.00 |   2.22 |  11.33 |   2.12 |I I 
12:11-Sat-Feb-25-2017 PM10  |   6.30 |   6.36 |  29.23 |   4.33 |I I 
12:11-Sat-Feb-25-2017 PM2.5 |   2.15 |   2.21 |  11.33 |   2.12 |I I 
12:12-Sat-Feb-25-2017 PM10  |   3.76 |   5.84 |  29.23 |   4.33 |I I 
12:12-Sat-Feb-25-2017 PM2.5 |   1.87 |   2.14 |  11.33 |   2.12 |I I 
12:16-Sat-Feb-25-2017 PM10  |   4.70 |   5.65 |  29.23 |   4.33 |I I 
12:16-Sat-Feb-25-2017 PM2.5 |   1.99 |   2.11 |  11.33 |   2.12 |I I 
12:17-Sat-Feb-25-2017 PM10  |   5.05 |   5.56 |  29.23 |   4.33 |I I 
12:17-Sat-Feb-25-2017 PM2.5 |   2.29 |   2.14 |  11.33 |   2.12 |I I 
12:21-Sat-Feb-25-2017 PM10  |   3.65 |   5.32 |  29.23 |   4.33 |I I 
12:21-Sat-Feb-25-2017 PM2.5 |   2.01 |   2.12 |  11.33 |   2.12 |I I 
12:22-Sat-Feb-25-2017 PM10  |   4.71 |   5.26 |  29.23 |   4.33 |I I 
12:22-Sat-Feb-25-2017 PM2.5 |   1.90 |   2.10 |  11.33 |   2.12 |I I 
12:23-Sat-Feb-25-2017 PM10  |   4.71 |   5.20 |  29.23 |   4.33 |I I 
12:23-Sat-Feb-25-2017 PM2.5 |   1.90 |   2.08 |  11.33 |   2.12 |I I 
12:27-Sat-Feb-25-2017 PM10  |   5.05 |   5.19 |  29.23 |   4.33 |I I 
12:27-Sat-Feb-25-2017 PM2.5 |   2.11 |   2.08 |  11.33 |   2.12 |I I 
12:28-Sat-Feb-25-2017 PM10  |   3.73 |   5.07 |  29.23 |   4.33 |I I 
12:28-Sat-Feb-25-2017 PM2.5 |   1.99 |   2.07 |  11.33 |   2.12 |I I 
12:31-Sat-Feb-25-2017Start
12:38-Sat-Feb-25-2017Start
12:43-Sat-Feb-25-2017 PM10  |   4.65 |   4.65 |  29.23 |   4.33 |I I 
12:43-Sat-Feb-25-2017 PM2.5 |   2.06 |   2.06 |  11.33 |   2.12 |I I 
12:47-Sat-Feb-25-2017 PM10  |   4.65 |   4.65 |  29.23 |   4.33 |I I 
12:47-Sat-Feb-25-2017 PM2.5 |   2.05 |   2.05 |  11.33 |   2.12 |I I 
12:48-Sat-Feb-25-2017 PM10  |   7.22 |   5.51 |  29.23 |   4.33 |I I 
12:48-Sat-Feb-25-2017 PM2.5 |   2.12 |   2.08 |  11.33 |   2.12 |I I 
12:52-Sat-Feb-25-2017 PM10  |   5.24 |   5.44 |  29.23 |   4.33 |I I 
12:52-Sat-Feb-25-2017 PM2.5 |   1.98 |   2.05 |  11.33 |   2.12 |I I 
12:53-Sat-Feb-25-2017 PM10  |   3.91 |   5.13 |  29.23 |   4.33 |I I 
12:53-Sat-Feb-25-2017 PM2.5 |   2.04 |   2.05 |  11.33 |   2.12 |I I 
12:57-Sat-Feb-25-2017 PM10  |   4.39 |   5.01 |  29.23 |   4.33 |I I 
12:57-Sat-Feb-25-2017 PM2.5 |   2.06 |   2.05 |  11.33 |   2.12 |I I 
12:58-Sat-Feb-25-2017 PM10  |   4.32 |   4.91 |  29.23 |   4.33 |I I 
12:58-Sat-Feb-25-2017 PM2.5 |   2.29 |   2.09 |  11.33 |   2.12 |I I 
13:02-Sat-Feb-25-2017 PM10  |   4.24 |   4.83 |  29.23 |   4.33 |I I 
13:02-Sat-Feb-25-2017 PM2.5 |   2.01 |   2.08 |  11.33 |   2.08 |I I 
13:03-Sat-Feb-25-2017 PM10  |   4.20 |   4.20 |  29.23 |   4.33 |I I 
13:03-Sat-Feb-25-2017 PM2.5 |   2.12 |   2.12 |  11.33 |   2.08 |I I 
13:04-Sat-Feb-25-2017 PM10  |   4.20 |   4.20 |  29.23 |   4.33 |I I 
13:04-Sat-Feb-25-2017 PM2.5 |   2.12 |   2.12 |  11.33 |   2.08 |I I 
13:07-Sat-Feb-25-2017 PM10  |   4.95 |   4.45 |  29.23 |   4.33 |I I 
13:07-Sat-Feb-25-2017 PM2.5 |   2.22 |   2.16 |  11.33 |   2.08 |I I 
13:08-Sat-Feb-25-2017 PM10  |   4.95 |   4.58 |  29.23 |   4.33 |I I 
13:08-Sat-Feb-25-2017 PM2.5 |   2.22 |   2.17 |  11.33 |   2.08 |I I 
13:09-Sat-Feb-25-2017 PM10  |   5.52 |   4.76 |  29.23 |   4.33 |I I 
13:09-Sat-Feb-25-2017 PM2.5 |   2.08 |   2.15 |  11.33 |   2.08 |I I 
13:13-Sat-Feb-25-2017 PM10  |   4.86 |   4.78 |  29.23 |   4.33 |I I 
13:13-Sat-Feb-25-2017 PM2.5 |   2.11 |   2.15 |  11.33 |   2.08 |I I 
13:14-Sat-Feb-25-2017 PM10  |   3.22 |   4.56 |  29.23 |   4.33 |I I 
13:14-Sat-Feb-25-2017 PM2.5 |   2.13 |   2.14 |  11.33 |   2.08 |I I 
13:18-Sat-Feb-25-2017 PM10  |   5.08 |   4.62 |  29.23 |   4.33 |I I 
13:18-Sat-Feb-25-2017 PM2.5 |   2.36 |   2.17 |  11.33 |   2.08 |I I 
13:19-Sat-Feb-25-2017 PM10  |   4.67 |   4.63 |  29.23 |   4.33 |I I 
13:19-Sat-Feb-25-2017 PM2.5 |   2.26 |   2.18 |  11.33 |   2.08 |I I 
13:23-Sat-Feb-25-2017 PM10  |   4.21 |   4.59 |  29.23 |   4.33 |I I 
13:23-Sat-Feb-25-2017 PM2.5 |   2.32 |   2.19 |  11.33 |   2.08 |I I 
13:24-Sat-Feb-25-2017 PM10  |   3.73 |   4.51 |  29.23 |   4.33 |I I 
13:24-Sat-Feb-25-2017 PM2.5 |   2.33 |   2.21 |  11.33 |   2.08 |I I 
13:28-Sat-Feb-25-2017 PM10  |   6.96 |   4.71 |  29.23 |   4.33 |I I 
13:28-Sat-Feb-25-2017 PM2.5 |   2.48 |   2.23 |  11.33 |   2.08 |I I 
13:29-Sat-Feb-25-2017 PM10  |   4.70 |   4.71 |  29.23 |   4.33 |I I 
13:29-Sat-Feb-25-2017 PM2.5 |   2.39 |   2.24 |  11.33 |   2.08 |I I 
13:33-Sat-Feb-25-2017 PM10  |   6.80 |   4.86 |  29.23 |   4.33 |I I 
13:33-Sat-Feb-25-2017 PM2.5 |   2.42 |   2.25 |  11.33 |   2.08 |I I 
13:34-Sat-Feb-25-2017 PM10  |   6.80 |   4.99 |  29.23 |   4.33 |I I 
13:34-Sat-Feb-25-2017 PM2.5 |   2.42 |   2.26 |  11.33 |   2.08 |I I 
13:35-Sat-Feb-25-2017 PM10  |   6.38 |   5.08 |  29.23 |   4.33 |I I 
13:35-Sat-Feb-25-2017 PM2.5 |   2.45 |   2.28 |  11.33 |   2.08 |I I 
13:39-Sat-Feb-25-2017 PM10  |   3.94 |   5.01 |  29.23 |   4.33 |I I 
13:39-Sat-Feb-25-2017 PM2.5 |   2.39 |   2.28 |  11.33 |   2.08 |I I 
13:40-Sat-Feb-25-2017 PM10  |   6.86 |   5.11 |  29.23 |   4.33 |I I 
13:40-Sat-Feb-25-2017 PM2.5 |   2.24 |   2.28 |  11.33 |   2.08 |I I 
13:44-Sat-Feb-25-2017 PM10  |   5.86 |   5.15 |  29.23 |   4.33 |I I 
13:44-Sat-Feb-25-2017 PM2.5 |   2.27 |   2.28 |  11.33 |   2.08 |I I 
13:45-Sat-Feb-25-2017 PM10  |   6.99 |   5.24 |  29.23 |   4.33 |I I 
13:45-Sat-Feb-25-2017 PM2.5 |   2.44 |   2.29 |  11.33 |   2.08 |I I 
13:49-Sat-Feb-25-2017 PM10  |   5.44 |   5.25 |  29.23 |   4.33 |I I 
13:49-Sat-Feb-25-2017 PM2.5 |   2.38 |   2.29 |  11.33 |   2.08 |I I 
13:50-Sat-Feb-25-2017 PM10  |   5.56 |   5.27 |  29.23 |   4.33 |I I 
13:50-Sat-Feb-25-2017 PM2.5 |   2.26 |   2.29 |  11.33 |   2.08 |I I 
13:54-Sat-Feb-25-2017 PM10  |   4.47 |   5.23 |  29.23 |   4.33 |I I 
13:54-Sat-Feb-25-2017 PM2.5 |   2.34 |   2.29 |  11.33 |   2.08 |I I 
13:55-Sat-Feb-25-2017 PM10  |   7.81 |   5.34 |  29.23 |   4.33 |I I 
13:55-Sat-Feb-25-2017 PM2.5 |   2.49 |   2.30 |  11.33 |   2.08 |I I 
13:59-Sat-Feb-25-2017 PM10  |   5.47 |   5.34 |  29.23 |   4.33 |B I 
13:59-Sat-Feb-25-2017 PM2.5 |   2.31 |   2.30 |  11.33 |   2.08 |B I 
14:00-Sat-Feb-25-2017recover dati per host :salvatorehost.no-ip.org/aria
14:01-Sat-Feb-25-2017[Errno 2] No such file or directory: 'cat /home/pi/alfetta/backup_salvatorehost.no-ip.org_aria >> /home/alfetta/var/log/databuffer.doc'
14:28-Sat-Feb-25-2017Start
14:33-Sat-Feb-25-2017recover dati per host :salvatorehost.no-ip.org/aria
14:33-Sat-Feb-25-2017[Errno 2] No such file or directory: 'cat /home/pi/alfetta/backup_salvatorehost.no-ip.org_aria >> /home/pi/alfetta/var/log/databuffer.doc'
14:39-Sat-Feb-25-2017Start
14:48-Sat-Feb-25-2017Start
14:53-Sat-Feb-25-2017recover dati per host :salvatorehost.no-ip.org/aria
14:54-Sat-Feb-25-2017[Errno 2] No such file or directory: 'cat /home/pi/alfetta/backup_salvatorehost.no-ip.org_aria >> /home/pi/alfetta/var/log/databuffer.doc'
15:01-Sat-Feb-25-2017Start
15:03-Sat-Feb-25-2017Start
15:11-Sat-Feb-25-2017Start
15:16-Sat-Feb-25-2017recover dati per host :salvatorehost.no-ip.org/aria
15:16-Sat-Feb-25-2017[Errno 2] No such file or directory: 'cat /home/pi/alfetta/backup_salvatorehost.no-ip.org_aria >> /home/pi/alfetta/var/log/databuffer.doc'
15:26-Sat-Feb-25-2017Start
15:31-Sat-Feb-25-2017recover dati per host :salvatorehost.no-ip.org/aria
15:31-Sat-Feb-25-2017[Errno 2] No such file or directory: 'cat /home/pi/alfetta/backup_salvatorehost.no-ip.org_aria >> /home/pi/alfetta/var/log/databuffer.doc'
15:34-Sat-Feb-25-2017Start
15:39-Sat-Feb-25-2017recover dati per host :salvatorehost.no-ip.org/aria
15:39-Sat-Feb-25-2017[Errno 2] No such file or directory: 'cat /home/pi/alfetta/backup_salvatorehost.no-ip.org_aria >> /home/pi/alfetta/var/log/databuffer.doc'
15:51-Sat-Feb-25-2017Start
15:52-Sat-Feb-25-2017Start
15:53-Sat-Feb-25-2017Start
15:58-Sat-Feb-25-2017recover dati per host :salvatorehost.no-ip.org/aria
15:58-Sat-Feb-25-2017 PM10  |   5.98 |   5.98 |  29.23 |   4.33 |I I 
15:58-Sat-Feb-25-2017 PM2.5 |   2.11 |   2.11 |  11.33 |   2.08 |I I 
16:02-Sat-Feb-25-2017 PM10  |   5.74 |   5.86 |  29.23 |   4.33 |I I 
16:02-Sat-Feb-25-2017 PM2.5 |   2.09 |   2.10 |  11.33 |   2.08 |I I 
16:03-Sat-Feb-25-2017 PM10  |   4.03 |   4.03 |  29.23 |   4.33 |I I 
16:03-Sat-Feb-25-2017 PM2.5 |   1.96 |   1.96 |  11.33 |   2.08 |I I 
16:07-Sat-Feb-25-2017 PM10  |   4.75 |   4.39 |  29.23 |   4.33 |I I 
16:07-Sat-Feb-25-2017 PM2.5 |   1.85 |   1.91 |  11.33 |   2.08 |I I 
16:08-Sat-Feb-25-2017 PM10  |   6.05 |   4.94 |  29.23 |   4.33 |I I 
16:08-Sat-Feb-25-2017 PM2.5 |   2.19 |   2.00 |  11.33 |   2.08 |I I 
16:12-Sat-Feb-25-2017 PM10  |   3.89 |   4.68 |  29.23 |   4.33 |I I 
16:12-Sat-Feb-25-2017 PM2.5 |   2.15 |   2.04 |  11.33 |   2.08 |I I 
16:13-Sat-Feb-25-2017 PM10  |   7.26 |   5.20 |  29.23 |   4.33 |I I 
16:13-Sat-Feb-25-2017 PM2.5 |   2.24 |   2.08 |  11.33 |   2.08 |I I 
16:17-Sat-Feb-25-2017 PM10  |   4.60 |   5.10 |  29.23 |   4.33 |I I 
16:17-Sat-Feb-25-2017 PM2.5 |   2.12 |   2.09 |  11.33 |   2.08 |I I 
16:18-Sat-Feb-25-2017 PM10  |   5.93 |   5.22 |  29.23 |   4.33 |I I 
16:18-Sat-Feb-25-2017 PM2.5 |   2.15 |   2.09 |  11.33 |   2.08 |I I 
16:19-Sat-Feb-25-2017Start
16:24-Sat-Feb-25-2017 PM10  |   4.15 |   4.15 |  29.23 |   4.33 |I I 
16:24-Sat-Feb-25-2017 PM2.5 |   2.56 |   2.56 |  11.33 |   2.08 |I I 
16:28-Sat-Feb-25-2017 PM10  |   5.00 |   4.57 |  29.23 |   4.33 |I I 
16:28-Sat-Feb-25-2017 PM2.5 |   2.04 |   2.30 |  11.33 |   2.08 |I I 
16:29-Sat-Feb-25-2017 PM10  |   5.07 |   4.74 |  29.23 |   4.33 |I I 
16:29-Sat-Feb-25-2017 PM2.5 |   2.13 |   2.24 |  11.33 |   2.08 |I I 
16:33-Sat-Feb-25-2017 PM10  |   5.46 |   4.92 |  29.23 |   4.33 |I I 
16:33-Sat-Feb-25-2017 PM2.5 |   2.17 |   2.22 |  11.33 |   2.08 |I I 
16:34-Sat-Feb-25-2017 PM10  |   3.06 |   4.55 |  29.23 |   4.33 |I I 
16:34-Sat-Feb-25-2017 PM2.5 |   1.80 |   2.14 |  11.33 |   2.08 |I I 
16:38-Sat-Feb-25-2017 PM10  |   3.47 |   4.37 |  29.23 |   4.33 |I I 
16:38-Sat-Feb-25-2017 PM2.5 |   2.09 |   2.13 |  11.33 |   2.08 |I I 
16:39-Sat-Feb-25-2017 PM10  |   7.07 |   4.75 |  29.23 |   4.33 |I I 
16:39-Sat-Feb-25-2017 PM2.5 |   2.33 |   2.16 |  11.33 |   2.08 |I I 
16:43-Sat-Feb-25-2017 PM10  |   7.00 |   5.04 |  29.23 |   4.33 |I I 
16:43-Sat-Feb-25-2017 PM2.5 |   2.34 |   2.18 |  11.33 |   2.08 |I I 
16:44-Sat-Feb-25-2017 PM10  |   6.03 |   5.15 |  29.23 |   4.33 |I I 
16:44-Sat-Feb-25-2017 PM2.5 |   2.32 |   2.20 |  11.33 |   2.08 |I I 
16:45-Sat-Feb-25-2017 PM10  |   6.03 |   5.23 |  29.23 |   4.33 |I I 
16:45-Sat-Feb-25-2017 PM2.5 |   2.32 |   2.21 |  11.33 |   2.08 |I I 
16:49-Sat-Feb-25-2017 PM10  |   4.01 |   5.12 |  29.23 |   4.33 |I I 
16:49-Sat-Feb-25-2017 PM2.5 |   2.27 |   2.22 |  11.33 |   2.08 |I I 
16:50-Sat-Feb-25-2017 PM10  |   7.22 |   5.30 |  29.23 |   4.33 |I I 
16:50-Sat-Feb-25-2017 PM2.5 |   2.23 |   2.22 |  11.33 |   2.08 |I I 
16:54-Sat-Feb-25-2017 PM10  |   5.13 |   5.28 |  29.23 |   4.33 |I I 
16:54-Sat-Feb-25-2017 PM2.5 |   2.30 |   2.22 |  11.33 |   2.08 |I I 
16:55-Sat-Feb-25-2017 PM10  |   4.35 |   5.22 |  29.23 |   4.33 |I I 
16:55-Sat-Feb-25-2017 PM2.5 |   2.10 |   2.21 |  11.33 |   2.08 |I I 
17:00-Sat-Feb-25-2017 PM10  |   3.46 |   5.10 |  29.23 |   4.33 |I I 
17:00-Sat-Feb-25-2017 PM2.5 |   2.38 |   2.23 |  11.33 |   2.08 |I I 
17:01-Sat-Feb-25-2017 PM10  |   6.09 |   6.09 |  29.23 |   4.33 |I I 
17:01-Sat-Feb-25-2017 PM2.5 |   2.17 |   2.17 |  11.33 |   2.08 |I I 
17:05-Sat-Feb-25-2017 PM10  |   8.14 |   7.11 |  29.23 |   4.33 |I I 
17:05-Sat-Feb-25-2017 PM2.5 |   6.93 |   4.55 |  11.33 |   2.08 |I I 
17:06-Sat-Feb-25-2017 PM10  |   3.89 |   6.04 |  29.23 |   4.33 |I I 
17:06-Sat-Feb-25-2017 PM2.5 |   2.40 |   3.83 |  11.33 |   2.08 |I I 
17:10-Sat-Feb-25-2017 PM10  |   5.26 |   5.84 |  29.23 |   4.33 |I I 
17:10-Sat-Feb-25-2017 PM2.5 |   3.35 |   3.71 |  11.33 |   2.08 |I I 
17:11-Sat-Feb-25-2017 PM10  |   6.06 |   5.89 |  29.23 |   4.33 |I I 
17:11-Sat-Feb-25-2017 PM2.5 |   2.11 |   3.39 |  11.33 |   2.08 |I I 
17:12-Sat-Feb-25-2017 PM10  |   6.06 |   5.92 |  29.23 |   4.33 |I I 
17:12-Sat-Feb-25-2017 PM2.5 |   2.11 |   3.18 |  11.33 |   2.08 |I I 
17:16-Sat-Feb-25-2017 PM10  |   8.85 |   6.33 |  29.23 |   4.33 |I I 
17:16-Sat-Feb-25-2017 PM2.5 |   2.75 |   3.12 |  11.33 |   2.08 |I I 
17:17-Sat-Feb-25-2017 PM10  |   4.17 |   6.06 |  29.23 |   4.33 |I I 
17:17-Sat-Feb-25-2017 PM2.5 |   2.49 |   3.04 |  11.33 |   2.08 |I I 
17:21-Sat-Feb-25-2017 PM10  |   5.66 |   6.02 |  29.23 |   4.33 |I I 
17:21-Sat-Feb-25-2017 PM2.5 |   3.68 |   3.11 |  11.33 |   2.08 |I I 
17:22-Sat-Feb-25-2017 PM10  |   4.86 |   5.90 |  29.23 |   4.33 |I I 
17:22-Sat-Feb-25-2017 PM2.5 |   3.76 |   3.18 |  11.33 |   2.08 |I I 
17:26-Sat-Feb-25-2017 PM10  |   4.14 |   5.74 |  29.23 |   4.33 |I I 
17:26-Sat-Feb-25-2017 PM2.5 |   2.49 |   3.11 |  11.33 |   2.08 |I I 
17:27-Sat-Feb-25-2017 PM10  |   5.46 |   5.72 |  29.23 |   4.33 |I I 
17:27-Sat-Feb-25-2017 PM2.5 |   2.44 |   3.06 |  11.33 |   2.08 |I I 
17:31-Sat-Feb-25-2017 PM10  |   4.35 |   5.61 |  29.23 |   4.33 |I I 
17:31-Sat-Feb-25-2017 PM2.5 |   2.45 |   3.01 |  11.33 |   2.08 |I I 
17:32-Sat-Feb-25-2017 PM10  |   5.00 |   5.57 |  29.23 |   4.33 |I I 
17:32-Sat-Feb-25-2017 PM2.5 |   2.26 |   2.96 |  11.33 |   2.08 |I I 
17:36-Sat-Feb-25-2017 PM10  |   4.17 |   5.48 |  29.23 |   4.33 |I I 
17:36-Sat-Feb-25-2017 PM2.5 |   2.18 |   2.90 |  11.33 |   2.08 |I I 
17:37-Sat-Feb-25-2017 PM10  |   5.16 |   5.46 |  29.23 |   4.33 |I I 
17:37-Sat-Feb-25-2017 PM2.5 |   2.32 |   2.87 |  11.33 |   2.08 |I I 
17:38-Sat-Feb-25-2017 PM10  |   5.16 |   5.44 |  29.23 |   4.33 |I I 
17:38-Sat-Feb-25-2017 PM2.5 |   2.32 |   2.84 |  11.33 |   2.08 |I I 
17:42-Sat-Feb-25-2017 PM10  |   3.99 |   5.36 |  29.23 |   4.33 |I I 
17:42-Sat-Feb-25-2017 PM2.5 |   2.25 |   2.80 |  11.33 |   2.08 |I I 
17:43-Sat-Feb-25-2017 PM10  |   4.39 |   5.31 |  29.23 |   4.33 |I I 
17:43-Sat-Feb-25-2017 PM2.5 |   2.35 |   2.78 |  11.33 |   2.08 |I I 
17:47-Sat-Feb-25-2017 PM10  |   4.60 |   5.27 |  29.23 |   4.33 |I I 
17:47-Sat-Feb-25-2017 PM2.5 |   2.18 |   2.75 |  11.33 |   2.08 |I I 
17:48-Sat-Feb-25-2017 PM10  |   3.68 |   5.20 |  29.23 |   4.33 |I I 
17:48-Sat-Feb-25-2017 PM2.5 |   2.40 |   2.73 |  11.33 |   2.08 |I I 
17:52-Sat-Feb-25-2017 PM10  |   5.03 |   5.19 |  29.23 |   4.33 |I I 
17:52-Sat-Feb-25-2017 PM2.5 |   2.51 |   2.72 |  11.33 |   2.08 |I I 
17:53-Sat-Feb-25-2017 PM10  |   3.98 |   5.14 |  29.23 |   4.33 |I I 
17:53-Sat-Feb-25-2017 PM2.5 |   2.26 |   2.70 |  11.33 |   2.08 |I I 
17:57-Sat-Feb-25-2017 PM10  |   4.98 |   5.13 |  29.23 |   4.33 |I I 
17:57-Sat-Feb-25-2017 PM2.5 |   2.26 |   2.68 |  11.33 |   2.08 |I I 
17:58-Sat-Feb-25-2017 PM10  |   4.07 |   5.09 |  29.23 |   4.33 |I I 
17:58-Sat-Feb-25-2017 PM2.5 |   2.30 |   2.67 |  11.33 |   2.08 |I I 
18:02-Sat-Feb-25-2017 PM10  |   4.21 |   5.05 |  29.23 |   4.33 |I I 
18:02-Sat-Feb-25-2017 PM2.5 |   1.94 |   2.64 |  11.33 |   2.08 |I I 
18:03-Sat-Feb-25-2017 PM10  |   4.48 |   4.48 |  29.23 |   4.33 |I I 
18:03-Sat-Feb-25-2017 PM2.5 |   2.30 |   2.30 |  11.33 |   2.08 |I I 
18:04-Sat-Feb-25-2017 PM10  |   4.48 |   4.48 |  29.23 |   4.33 |I I 
18:04-Sat-Feb-25-2017 PM2.5 |   2.30 |   2.30 |  11.33 |   2.08 |I I 
18:08-Sat-Feb-25-2017 PM10  |   3.63 |   4.20 |  29.23 |   4.33 |I I 
18:08-Sat-Feb-25-2017 PM2.5 |   2.35 |   2.32 |  11.33 |   2.08 |I I 
18:09-Sat-Feb-25-2017 PM10  |   3.74 |   4.08 |  29.23 |   4.33 |I I 
18:09-Sat-Feb-25-2017 PM2.5 |   2.24 |   2.30 |  11.33 |   2.08 |I I 
18:13-Sat-Feb-25-2017 PM10  |   4.78 |   4.22 |  29.23 |   4.33 |I I 
18:13-Sat-Feb-25-2017 PM2.5 |   2.15 |   2.27 |  11.33 |   2.08 |I I 
18:14-Sat-Feb-25-2017 PM10  |   3.15 |   4.04 |  29.23 |   4.33 |I I 
18:14-Sat-Feb-25-2017 PM2.5 |   2.13 |   2.25 |  11.33 |   2.08 |I I 
18:18-Sat-Feb-25-2017 PM10  |   3.36 |   3.95 |  29.23 |   4.33 |I I 
18:18-Sat-Feb-25-2017 PM2.5 |   2.03 |   2.21 |  11.33 |   2.08 |I I 
18:19-Sat-Feb-25-2017 PM10  |   4.24 |   3.98 |  29.23 |   4.33 |I I 
18:19-Sat-Feb-25-2017 PM2.5 |   1.98 |   2.19 |  11.33 |   2.08 |I I 
18:23-Sat-Feb-25-2017 PM10  |   4.37 |   4.03 |  29.23 |   4.33 |I I 
18:23-Sat-Feb-25-2017 PM2.5 |   2.15 |   2.18 |  11.33 |   2.08 |I I 
18:24-Sat-Feb-25-2017 PM10  |   3.46 |   3.97 |  29.23 |   4.33 |I I 
18:24-Sat-Feb-25-2017 PM2.5 |   2.19 |   2.18 |  11.33 |   2.08 |I I 
18:28-Sat-Feb-25-2017 PM10  |   5.36 |   4.10 |  29.23 |   4.33 |I I 
18:28-Sat-Feb-25-2017 PM2.5 |   2.37 |   2.20 |  11.33 |   2.08 |I I 
18:29-Sat-Feb-25-2017 PM10  |   3.16 |   4.02 |  29.23 |   4.33 |I I 
18:29-Sat-Feb-25-2017 PM2.5 |   2.06 |   2.19 |  11.33 |   2.08 |I I 
18:33-Sat-Feb-25-2017 PM10  |   4.34 |   4.04 |  29.23 |   4.33 |I I 
18:33-Sat-Feb-25-2017 PM2.5 |   2.23 |   2.19 |  11.33 |   2.08 |I I 
18:34-Sat-Feb-25-2017 PM10  |   4.34 |   4.06 |  29.23 |   4.33 |I I 
18:34-Sat-Feb-25-2017 PM2.5 |   2.23 |   2.19 |  11.33 |   2.08 |I I 
18:35-Sat-Feb-25-2017 PM10  |   4.69 |   4.11 |  29.23 |   4.33 |I I 
18:35-Sat-Feb-25-2017 PM2.5 |   2.29 |   2.20 |  11.33 |   2.08 |I I 
18:39-Sat-Feb-25-2017 PM10  |   4.25 |   4.11 |  29.23 |   4.33 |I I 
18:39-Sat-Feb-25-2017 PM2.5 |   2.30 |   2.21 |  11.33 |   2.08 |I I 
18:40-Sat-Feb-25-2017 PM10  |   4.04 |   4.11 |  29.23 |   4.33 |I I 
18:40-Sat-Feb-25-2017 PM2.5 |   2.27 |   2.21 |  11.33 |   2.08 |I I 
18:44-Sat-Feb-25-2017 PM10  |   4.31 |   4.12 |  29.23 |   4.33 |I I 
18:44-Sat-Feb-25-2017 PM2.5 |   2.10 |   2.20 |  11.33 |   2.08 |I I 
18:45-Sat-Feb-25-2017 PM10  |   5.40 |   4.19 |  29.23 |   4.33 |I I 
18:45-Sat-Feb-25-2017 PM2.5 |   2.22 |   2.21 |  11.33 |   2.08 |I I 
18:49-Sat-Feb-25-2017 PM10  |   5.33 |   4.25 |  29.23 |   4.33 |I I 
18:49-Sat-Feb-25-2017 PM2.5 |   2.07 |   2.20 |  11.33 |   2.08 |I I 
18:50-Sat-Feb-25-2017 PM10  |   2.94 |   4.18 |  29.23 |   4.33 |I I 
18:50-Sat-Feb-25-2017 PM2.5 |   1.91 |   2.18 |  11.33 |   2.08 |I I 
18:54-Sat-Feb-25-2017 PM10  |   2.77 |   4.12 |  29.23 |   4.33 |I I 
18:54-Sat-Feb-25-2017 PM2.5 |   1.96 |   2.17 |  11.33 |   2.08 |I I 
18:55-Sat-Feb-25-2017 PM10  |   5.44 |   4.18 |  29.23 |   4.33 |I I 
18:55-Sat-Feb-25-2017 PM2.5 |   2.31 |   2.18 |  11.33 |   2.08 |I I 
18:59-Sat-Feb-25-2017 PM10  |   5.99 |   4.25 |  29.23 |   4.33 |I I 
18:59-Sat-Feb-25-2017 PM2.5 |   2.80 |   2.21 |  11.33 |   2.08 |I I 
19:00-Sat-Feb-25-2017 PM10  |   5.99 |   4.32 |  29.23 |   4.32 |I I 
19:00-Sat-Feb-25-2017 PM2.5 |   2.80 |   2.23 |  11.33 |   2.08 |I I 
19:01-Sat-Feb-25-2017 PM10  |   3.74 |   3.74 |  29.23 |   4.32 |I I 
19:01-Sat-Feb-25-2017 PM2.5 |   2.13 |   2.13 |  11.33 |   2.08 |I I 
19:05-Sat-Feb-25-2017 PM10  |   4.76 |   4.25 |  29.23 |   4.32 |I I 
19:05-Sat-Feb-25-2017 PM2.5 |   2.21 |   2.17 |  11.33 |   2.08 |I I 
19:06-Sat-Feb-25-2017 PM10  |   4.78 |   4.43 |  29.23 |   4.32 |I I 
19:06-Sat-Feb-25-2017 PM2.5 |   2.13 |   2.16 |  11.33 |   2.08 |I I 
19:10-Sat-Feb-25-2017 PM10  |   5.26 |   4.64 |  29.23 |   4.32 |I I 
19:10-Sat-Feb-25-2017 PM2.5 |   2.31 |   2.20 |  11.33 |   2.08 |I I 
19:11-Sat-Feb-25-2017 PM10  |   4.13 |   4.54 |  29.23 |   4.32 |I I 
19:11-Sat-Feb-25-2017 PM2.5 |   2.12 |   2.18 |  11.33 |   2.08 |I I 
19:15-Sat-Feb-25-2017 PM10  |   4.74 |   4.57 |  29.23 |   4.32 |I I 
19:15-Sat-Feb-25-2017 PM2.5 |   2.32 |   2.21 |  11.33 |   2.08 |I I 
19:16-Sat-Feb-25-2017 PM10  |   4.21 |   4.52 |  29.23 |   4.32 |I I 
19:16-Sat-Feb-25-2017 PM2.5 |   2.29 |   2.22 |  11.33 |   2.08 |I I 
19:20-Sat-Feb-25-2017 PM10  |   2.91 |   4.32 |  29.23 |   4.32 |I I 
19:20-Sat-Feb-25-2017 PM2.5 |   2.21 |   2.22 |  11.33 |   2.08 |I I 
19:21-Sat-Feb-25-2017 PM10  |   3.77 |   4.26 |  29.23 |   4.32 |I I 
19:21-Sat-Feb-25-2017 PM2.5 |   2.30 |   2.23 |  11.33 |   2.08 |I I 
19:25-Sat-Feb-25-2017 PM10  |   4.40 |   4.27 |  29.23 |   4.32 |I I 
19:25-Sat-Feb-25-2017 PM2.5 |   2.58 |   2.26 |  11.33 |   2.08 |I I 
19:26-Sat-Feb-25-2017Timeout Event handler
19:26-Sat-Feb-25-2017 PM10  |   4.40 |   4.28 |  29.23 |   4.32 |B I 
19:26-Sat-Feb-25-2017 PM2.5 |   2.58 |   2.29 |  11.33 |   2.08 |B I 
19:27-Sat-Feb-25-2017recover dati per host :salvatorehost.no-ip.org/aria
19:27-Sat-Feb-25-2017 PM10  |   4.02 |   4.26 |  29.23 |   4.32 |I I 
19:27-Sat-Feb-25-2017 PM2.5 |   2.45 |   2.30 |  11.33 |   2.08 |I I 
19:31-Sat-Feb-25-2017 PM10  |   4.72 |   4.30 |  29.23 |   4.32 |I I 
19:31-Sat-Feb-25-2017 PM2.5 |   2.71 |   2.34 |  11.33 |   2.08 |I I 
19:32-Sat-Feb-25-2017 PM10  |   5.44 |   4.38 |  29.23 |   4.32 |I I 
19:32-Sat-Feb-25-2017 PM2.5 |   2.75 |   2.37 |  11.33 |   2.08 |I I 
19:36-Sat-Feb-25-2017 PM10  |   6.27 |   4.51 |  29.23 |   4.32 |I I 
19:36-Sat-Feb-25-2017 PM2.5 |   2.59 |   2.38 |  11.33 |   2.08 |I I 
19:38-Sat-Feb-25-2017Timeout Event handler
19:38-Sat-Feb-25-2017 PM10  |   3.61 |   4.45 |  29.23 |   4.32 |B I 
19:38-Sat-Feb-25-2017 PM2.5 |   2.43 |   2.38 |  11.33 |   2.08 |B I 
19:42-Sat-Feb-25-2017recover dati per host :salvatorehost.no-ip.org/aria
19:42-Sat-Feb-25-2017 PM10  |   5.13 |   4.49 |  29.23 |   4.32 |I I 
19:42-Sat-Feb-25-2017 PM2.5 |   2.63 |   2.40 |  11.33 |   2.08 |I I 
19:43-Sat-Feb-25-2017 PM10  |   2.60 |   4.39 |  29.23 |   4.32 |I I 
19:43-Sat-Feb-25-2017 PM2.5 |   2.00 |   2.38 |  11.33 |   2.08 |I I 
19:47-Sat-Feb-25-2017 PM10  |   2.94 |   4.31 |  29.23 |   4.32 |I I 
19:47-Sat-Feb-25-2017 PM2.5 |   2.11 |   2.36 |  11.33 |   2.08 |I I 
19:48-Sat-Feb-25-2017 PM10  |   4.07 |   4.30 |  29.23 |   4.32 |I I 
19:48-Sat-Feb-25-2017 PM2.5 |   2.21 |   2.35 |  11.33 |   2.08 |I I 
19:52-Sat-Feb-25-2017 PM10  |   5.73 |   4.37 |  29.23 |   4.32 |I I 
19:52-Sat-Feb-25-2017 PM2.5 |   2.38 |   2.36 |  11.33 |   2.08 |I I 
19:53-Sat-Feb-25-2017 PM10  |   4.24 |   4.36 |  29.23 |   4.32 |I I 
19:53-Sat-Feb-25-2017 PM2.5 |   2.44 |   2.36 |  11.33 |   2.08 |I I 
19:57-Sat-Feb-25-2017 PM10  |   3.74 |   4.33 |  29.23 |   4.32 |I I 
19:57-Sat-Feb-25-2017 PM2.5 |   2.19 |   2.35 |  11.33 |   2.08 |I I 
19:58-Sat-Feb-25-2017 PM10  |   3.97 |   4.32 |  29.23 |   4.32 |I I 
19:58-Sat-Feb-25-2017 PM2.5 |   2.33 |   2.35 |  11.33 |   2.08 |I I 
19:59-Sat-Feb-25-2017 PM10  |   3.97 |   4.30 |  29.23 |   4.32 |I I 
19:59-Sat-Feb-25-2017 PM2.5 |   2.33 |   2.35 |  11.33 |   2.08 |I I 
20:03-Sat-Feb-25-2017 PM10  |   3.59 |   4.28 |  29.23 |   4.28 |I I 
20:03-Sat-Feb-25-2017 PM2.5 |   2.16 |   2.34 |  11.33 |   2.08 |I I 
20:04-Sat-Feb-25-2017 PM10  |   4.53 |   4.53 |  29.23 |   4.28 |I I 
20:04-Sat-Feb-25-2017 PM2.5 |   2.45 |   2.45 |  11.33 |   2.08 |I I 
20:08-Sat-Feb-25-2017 PM10  |   4.86 |   4.70 |  29.23 |   4.28 |I I 
20:08-Sat-Feb-25-2017 PM2.5 |   2.14 |   2.29 |  11.33 |   2.08 |I I 
20:09-Sat-Feb-25-2017 PM10  |   4.99 |   4.80 |  29.23 |   4.28 |I I 
20:09-Sat-Feb-25-2017 PM2.5 |   2.25 |   2.28 |  11.33 |   2.08 |I I 
20:13-Sat-Feb-25-2017 PM10  |   4.43 |   4.70 |  29.23 |   4.28 |I I 
20:13-Sat-Feb-25-2017 PM2.5 |   2.13 |   2.24 |  11.33 |   2.08 |I I 
20:14-Sat-Feb-25-2017 PM10  |   3.86 |   4.53 |  29.23 |   4.28 |I I 
20:14-Sat-Feb-25-2017 PM2.5 |   2.09 |   2.21 |  11.33 |   2.08 |I I 
20:18-Sat-Feb-25-2017 PM10  |   3.98 |   4.44 |  29.23 |   4.28 |I I 
20:18-Sat-Feb-25-2017 PM2.5 |   2.15 |   2.20 |  11.33 |   2.08 |I I 
20:19-Sat-Feb-25-2017 PM10  |   4.11 |   4.39 |  29.23 |   4.28 |I I 
20:19-Sat-Feb-25-2017 PM2.5 |   2.27 |   2.21 |  11.33 |   2.08 |I I 
20:23-Sat-Feb-25-2017 PM10  |   3.78 |   4.32 |  29.23 |   4.28 |I I 
20:23-Sat-Feb-25-2017 PM2.5 |   2.16 |   2.21 |  11.33 |   2.08 |I I 
20:24-Sat-Feb-25-2017 PM10  |   3.60 |   4.24 |  29.23 |   4.28 |I I 
20:24-Sat-Feb-25-2017 PM2.5 |   2.30 |   2.22 |  11.33 |   2.08 |I I 
20:25-Sat-Feb-25-2017 PM10  |   3.60 |   4.17 |  29.23 |   4.28 |I I 
20:25-Sat-Feb-25-2017 PM2.5 |   2.30 |   2.23 |  11.33 |   2.08 |I I 
20:28-Sat-Feb-25-2017 PM10  |   4.01 |   4.16 |  29.23 |   4.28 |I I 
20:28-Sat-Feb-25-2017 PM2.5 |   2.20 |   2.22 |  11.33 |   2.08 |I I 
20:29-Sat-Feb-25-2017 PM10  |   4.01 |   4.15 |  29.23 |   4.28 |I I 
20:29-Sat-Feb-25-2017 PM2.5 |   2.20 |   2.22 |  11.33 |   2.08 |I I 
20:30-Sat-Feb-25-2017 PM10  |   3.32 |   4.08 |  29.23 |   4.28 |I I 
20:30-Sat-Feb-25-2017 PM2.5 |   2.17 |   2.22 |  11.33 |   2.08 |I I 
20:34-Sat-Feb-25-2017 PM10  |   3.46 |   4.04 |  29.23 |   4.28 |I I 
20:34-Sat-Feb-25-2017 PM2.5 |   2.39 |   2.23 |  11.33 |   2.08 |I I 
20:35-Sat-Feb-25-2017 PM10  |   5.45 |   4.13 |  29.23 |   4.28 |I I 
20:35-Sat-Feb-25-2017 PM2.5 |   2.08 |   2.22 |  11.33 |   2.08 |I I 
20:39-Sat-Feb-25-2017 PM10  |   3.15 |   4.07 |  29.23 |   4.28 |I I 
20:39-Sat-Feb-25-2017 PM2.5 |   2.13 |   2.22 |  11.33 |   2.08 |I I 
20:40-Sat-Feb-25-2017 PM10  |   3.82 |   4.06 |  29.23 |   4.28 |I I 
20:40-Sat-Feb-25-2017 PM2.5 |   2.23 |   2.22 |  11.33 |   2.08 |I I 
20:44-Sat-Feb-25-2017 PM10  |   3.79 |   4.04 |  29.23 |   4.28 |I I 
20:44-Sat-Feb-25-2017 PM2.5 |   2.18 |   2.21 |  11.33 |   2.08 |I I 
20:45-Sat-Feb-25-2017 PM10  |   3.54 |   4.01 |  29.23 |   4.28 |I I 
20:45-Sat-Feb-25-2017 PM2.5 |   2.24 |   2.22 |  11.33 |   2.08 |I I 
20:49-Sat-Feb-25-2017 PM10  |   4.25 |   4.03 |  29.23 |   4.28 |I I 
20:49-Sat-Feb-25-2017 PM2.5 |   2.30 |   2.22 |  11.33 |   2.08 |I I 
20:50-Sat-Feb-25-2017 PM10  |   4.73 |   4.06 |  29.23 |   4.28 |I I 
20:50-Sat-Feb-25-2017 PM2.5 |   2.23 |   2.22 |  11.33 |   2.08 |I I 
20:54-Sat-Feb-25-2017 PM10  |   3.68 |   4.04 |  29.23 |   4.28 |I I 
20:54-Sat-Feb-25-2017 PM2.5 |   2.29 |   2.22 |  11.33 |   2.08 |I I 
20:55-Sat-Feb-25-2017 PM10  |   3.68 |   4.03 |  29.23 |   4.28 |B I 
20:55-Sat-Feb-25-2017 PM2.5 |   2.29 |   2.23 |  11.33 |   2.08 |B I 
20:56-Sat-Feb-25-2017recover dati per host :salvatorehost.no-ip.org/aria
20:56-Sat-Feb-25-2017 PM10  |   4.49 |   4.05 |  29.23 |   4.28 |I I 
20:56-Sat-Feb-25-2017 PM2.5 |   2.23 |   2.23 |  11.33 |   2.08 |I I 
21:00-Sat-Feb-25-2017 PM10  |   4.02 |   4.05 |  29.23 |   4.05 |I I 
21:00-Sat-Feb-25-2017 PM2.5 |   2.11 |   2.22 |  11.33 |   2.08 |I I 
21:01-Sat-Feb-25-2017 PM10  |   3.79 |   3.79 |  29.23 |   4.05 |I I 
21:01-Sat-Feb-25-2017 PM2.5 |   2.25 |   2.25 |  11.33 |   2.08 |I I 
21:05-Sat-Feb-25-2017 PM10  |   3.25 |   3.52 |  29.23 |   4.05 |I I 
21:05-Sat-Feb-25-2017 PM2.5 |   2.24 |   2.25 |  11.33 |   2.08 |I I 
21:06-Sat-Feb-25-2017 PM10  |   4.46 |   3.83 |  29.23 |   4.05 |I I 
21:06-Sat-Feb-25-2017 PM2.5 |   2.29 |   2.26 |  11.33 |   2.08 |I I 
21:10-Sat-Feb-25-2017 PM10  |   4.27 |   3.94 |  29.23 |   4.05 |I I 
21:10-Sat-Feb-25-2017 PM2.5 |   2.22 |   2.25 |  11.33 |   2.08 |I I 
21:11-Sat-Feb-25-2017 PM10  |   2.75 |   3.70 |  29.23 |   4.05 |I I 
21:11-Sat-Feb-25-2017 PM2.5 |   2.01 |   2.20 |  11.33 |   2.08 |I I 
21:15-Sat-Feb-25-2017 PM10  |   3.78 |   3.72 |  29.23 |   4.05 |I I 
21:15-Sat-Feb-25-2017 PM2.5 |   2.14 |   2.19 |  11.33 |   2.08 |I I 
21:16-Sat-Feb-25-2017 PM10  |   5.01 |   3.90 |  29.23 |   4.05 |I I 
21:16-Sat-Feb-25-2017 PM2.5 |   2.17 |   2.19 |  11.33 |   2.08 |I I 
21:20-Sat-Feb-25-2017 PM10  |   4.38 |   3.96 |  29.23 |   4.05 |I I 
21:20-Sat-Feb-25-2017 PM2.5 |   2.32 |   2.20 |  11.33 |   2.08 |I I 
21:21-Sat-Feb-25-2017 PM10  |   4.19 |   3.99 |  29.23 |   4.05 |I I 
21:21-Sat-Feb-25-2017 PM2.5 |   2.56 |   2.24 |  11.33 |   2.08 |I I 
21:22-Sat-Feb-25-2017 PM10  |   4.19 |   4.01 |  29.23 |   4.05 |I I 
21:22-Sat-Feb-25-2017 PM2.5 |   2.56 |   2.28 |  11.33 |   2.08 |I I 
21:26-Sat-Feb-25-2017 PM10  |   7.72 |   4.34 |  29.23 |   4.05 |I I 
21:26-Sat-Feb-25-2017 PM2.5 |   2.37 |   2.28 |  11.33 |   2.08 |I I 
21:27-Sat-Feb-25-2017 PM10  |   5.36 |   4.43 |  29.23 |   4.05 |I I 
21:27-Sat-Feb-25-2017 PM2.5 |   2.34 |   2.29 |  11.33 |   2.08 |I I 
21:31-Sat-Feb-25-2017 PM10  |   3.58 |   4.36 |  29.23 |   4.05 |I I 
21:31-Sat-Feb-25-2017 PM2.5 |   2.26 |   2.29 |  11.33 |   2.08 |I I 
21:32-Sat-Feb-25-2017 PM10  |   3.57 |   4.31 |  29.23 |   4.05 |I I 
21:32-Sat-Feb-25-2017 PM2.5 |   2.20 |   2.28 |  11.33 |   2.08 |I I 
21:36-Sat-Feb-25-2017 PM10  |   4.05 |   4.29 |  29.23 |   4.05 |I I 
21:36-Sat-Feb-25-2017 PM2.5 |   2.13 |   2.27 |  11.33 |   2.08 |I I 
21:37-Sat-Feb-25-2017 PM10  |   3.50 |   4.24 |  29.23 |   4.05 |I I 
21:37-Sat-Feb-25-2017 PM2.5 |   2.38 |   2.28 |  11.33 |   2.08 |I I 
21:41-Sat-Feb-25-2017 PM10  |   5.36 |   4.31 |  29.23 |   4.05 |I I 
21:41-Sat-Feb-25-2017 PM2.5 |   2.45 |   2.29 |  11.33 |   2.08 |I I 
21:42-Sat-Feb-25-2017 PM10  |   3.44 |   4.26 |  29.23 |   4.05 |I I 
21:42-Sat-Feb-25-2017 PM2.5 |   2.18 |   2.28 |  11.33 |   2.08 |I I 
21:46-Sat-Feb-25-2017 PM10  |   4.27 |   4.26 |  29.23 |   4.05 |I I 
21:46-Sat-Feb-25-2017 PM2.5 |   2.32 |   2.28 |  11.33 |   2.08 |I I 
21:47-Sat-Feb-25-2017 PM10  |   5.96 |   4.34 |  29.23 |   4.05 |I I 
21:47-Sat-Feb-25-2017 PM2.5 |   2.21 |   2.28 |  11.33 |   2.08 |I I 
21:48-Sat-Feb-25-2017 PM10  |   5.96 |   4.42 |  29.23 |   4.05 |I I 
21:48-Sat-Feb-25-2017 PM2.5 |   2.21 |   2.28 |  11.33 |   2.08 |I I 
21:52-Sat-Feb-25-2017 PM10  |   4.07 |   4.40 |  29.23 |   4.05 |I I 
21:52-Sat-Feb-25-2017 PM2.5 |   2.09 |   2.27 |  11.33 |   2.08 |I I 
21:53-Sat-Feb-25-2017 PM10  |   3.61 |   4.37 |  29.23 |   4.05 |I I 
21:53-Sat-Feb-25-2017 PM2.5 |   2.00 |   2.26 |  11.33 |   2.08 |I I 
21:57-Sat-Feb-25-2017 PM10  |   3.98 |   4.35 |  29.23 |   4.05 |I I 
21:57-Sat-Feb-25-2017 PM2.5 |   2.17 |   2.25 |  11.33 |   2.08 |I I 
21:58-Sat-Feb-25-2017 PM10  |   3.58 |   4.32 |  29.23 |   4.05 |I I 
21:58-Sat-Feb-25-2017 PM2.5 |   2.32 |   2.25 |  11.33 |   2.08 |I I 
22:02-Sat-Feb-25-2017 PM10  |   3.96 |   4.31 |  29.23 |   4.05 |I I 
22:02-Sat-Feb-25-2017 PM2.5 |   2.38 |   2.26 |  11.33 |   2.08 |I I 
22:03-Sat-Feb-25-2017 PM10  |   4.20 |   4.20 |  29.23 |   4.05 |I I 
22:03-Sat-Feb-25-2017 PM2.5 |   2.42 |   2.42 |  11.33 |   2.08 |I I 
22:07-Sat-Feb-25-2017 PM10  |   3.35 |   3.78 |  29.23 |   4.05 |I I 
22:07-Sat-Feb-25-2017 PM2.5 |   2.30 |   2.36 |  11.33 |   2.08 |I I 
22:09-Sat-Feb-25-2017 PM10  |   3.09 |   3.55 |  29.23 |   4.05 |I I 
22:09-Sat-Feb-25-2017 PM2.5 |   2.16 |   2.29 |  11.33 |   2.08 |I I 
22:13-Sat-Feb-25-2017 PM10  |   3.87 |   3.63 |  29.23 |   4.05 |I I 
22:13-Sat-Feb-25-2017 PM2.5 |   2.31 |   2.30 |  11.33 |   2.08 |I I 
22:14-Sat-Feb-25-2017 PM10  |   2.98 |   3.50 |  29.23 |   4.05 |I I 
22:14-Sat-Feb-25-2017 PM2.5 |   2.12 |   2.26 |  11.33 |   2.08 |I I 
22:15-Sat-Feb-25-2017 PM10  |   2.98 |   3.41 |  29.23 |   4.05 |I I 
22:15-Sat-Feb-25-2017 PM2.5 |   2.12 |   2.24 |  11.33 |   2.08 |I I 
22:19-Sat-Feb-25-2017 PM10  |   3.17 |   3.38 |  29.23 |   4.05 |I I 
22:19-Sat-Feb-25-2017 PM2.5 |   2.09 |   2.22 |  11.33 |   2.08 |I I 
22:20-Sat-Feb-25-2017 PM10  |   4.23 |   3.48 |  29.23 |   4.05 |I I 
22:20-Sat-Feb-25-2017 PM2.5 |   2.21 |   2.22 |  11.33 |   2.08 |I I 
22:24-Sat-Feb-25-2017 PM10  |   4.29 |   3.57 |  29.23 |   4.05 |I I 
22:24-Sat-Feb-25-2017 PM2.5 |   2.26 |   2.22 |  11.33 |   2.08 |I I 
22:25-Sat-Feb-25-2017 PM10  |   4.67 |   3.68 |  29.23 |   4.05 |I I 
22:25-Sat-Feb-25-2017 PM2.5 |   2.36 |   2.24 |  11.33 |   2.08 |I I 
22:29-Sat-Feb-25-2017 PM10  |   5.25 |   3.83 |  29.23 |   4.05 |I I 
22:29-Sat-Feb-25-2017 PM2.5 |   2.56 |   2.27 |  11.33 |   2.08 |I I 
22:30-Sat-Feb-25-2017 PM10  |   4.79 |   3.91 |  29.23 |   4.05 |I I 
22:30-Sat-Feb-25-2017 PM2.5 |   2.31 |   2.27 |  11.33 |   2.08 |I I 
22:34-Sat-Feb-25-2017 PM10  |   5.22 |   4.01 |  29.23 |   4.05 |I I 
22:34-Sat-Feb-25-2017 PM2.5 |   2.53 |   2.29 |  11.33 |   2.08 |I I 
22:35-Sat-Feb-25-2017 PM10  |   4.37 |   4.03 |  29.23 |   4.05 |I I 
22:35-Sat-Feb-25-2017 PM2.5 |   2.42 |   2.30 |  11.33 |   2.08 |I I 
22:39-Sat-Feb-25-2017 PM10  |   5.04 |   4.10 |  29.23 |   4.05 |I I 
22:39-Sat-Feb-25-2017 PM2.5 |   2.37 |   2.30 |  11.33 |   2.08 |I I 
22:40-Sat-Feb-25-2017 PM10  |   3.82 |   4.08 |  29.23 |   4.05 |I I 
22:40-Sat-Feb-25-2017 PM2.5 |   2.40 |   2.31 |  11.33 |   2.08 |I I 
22:44-Sat-Feb-25-2017 PM10  |   3.95 |   4.07 |  29.23 |   4.05 |I I 
22:44-Sat-Feb-25-2017 PM2.5 |   2.30 |   2.31 |  11.33 |   2.08 |I I 
22:45-Sat-Feb-25-2017 PM10  |   3.95 |   4.07 |  29.23 |   4.05 |I I 
22:45-Sat-Feb-25-2017 PM2.5 |   2.30 |   2.31 |  11.33 |   2.08 |I I 
22:46-Sat-Feb-25-2017 PM10  |   5.69 |   4.15 |  29.23 |   4.05 |I I 
22:46-Sat-Feb-25-2017 PM2.5 |   2.56 |   2.32 |  11.33 |   2.08 |I I 
22:50-Sat-Feb-25-2017 PM10  |   4.08 |   4.15 |  29.23 |   4.05 |I I 
22:50-Sat-Feb-25-2017 PM2.5 |   2.30 |   2.32 |  11.33 |   2.08 |I I 
22:51-Sat-Feb-25-2017 PM10  |   3.84 |   4.13 |  29.23 |   4.05 |I I 
22:51-Sat-Feb-25-2017 PM2.5 |   2.34 |   2.32 |  11.33 |   2.08 |I I 
22:55-Sat-Feb-25-2017 PM10  |   4.33 |   4.14 |  29.23 |   4.05 |I I 
22:55-Sat-Feb-25-2017 PM2.5 |   2.43 |   2.33 |  11.33 |   2.08 |I I 
22:56-Sat-Feb-25-2017 PM10  |   3.52 |   4.12 |  29.23 |   4.05 |I I 
22:56-Sat-Feb-25-2017 PM2.5 |   2.30 |   2.33 |  11.33 |   2.08 |I I 
23:00-Sat-Feb-25-2017 PM10  |   3.90 |   4.11 |  29.23 |   4.05 |I I 
23:00-Sat-Feb-25-2017 PM2.5 |   2.49 |   2.33 |  11.33 |   2.08 |I I 
23:01-Sat-Feb-25-2017 PM10  |   3.76 |   3.76 |  29.23 |   4.05 |I I 
23:01-Sat-Feb-25-2017 PM2.5 |   2.27 |   2.27 |  11.33 |   2.08 |I I 
23:05-Sat-Feb-25-2017 PM10  |   3.30 |   3.53 |  29.23 |   4.05 |I I 
23:05-Sat-Feb-25-2017 PM2.5 |   2.13 |   2.20 |  11.33 |   2.08 |I I 
23:06-Sat-Feb-25-2017 PM10  |   5.09 |   4.05 |  29.23 |   4.05 |I I 
23:06-Sat-Feb-25-2017 PM2.5 |   2.28 |   2.23 |  11.33 |   2.08 |I I 
23:10-Sat-Feb-25-2017 PM10  |   3.59 |   3.93 |  29.23 |   4.05 |I I 
23:10-Sat-Feb-25-2017 PM2.5 |   2.46 |   2.28 |  11.33 |   2.08 |I I 
23:11-Sat-Feb-25-2017 PM10  |   3.59 |   3.86 |  29.23 |   4.05 |I I 
23:11-Sat-Feb-25-2017 PM2.5 |   2.46 |   2.32 |  11.33 |   2.08 |I I 
23:12-Sat-Feb-25-2017 PM10  |   3.54 |   3.81 |  29.23 |   4.05 |I I 
23:12-Sat-Feb-25-2017 PM2.5 |   2.18 |   2.30 |  11.33 |   2.08 |I I 
23:16-Sat-Feb-25-2017 PM10  |   3.01 |   3.70 |  29.23 |   4.05 |I I 
23:16-Sat-Feb-25-2017 PM2.5 |   2.31 |   2.30 |  11.33 |   2.08 |I I 
23:17-Sat-Feb-25-2017 PM10  |   4.29 |   3.77 |  29.23 |   4.05 |I I 
23:17-Sat-Feb-25-2017 PM2.5 |   2.19 |   2.29 |  11.33 |   2.08 |I I 
23:21-Sat-Feb-25-2017 PM10  |   4.04 |   3.80 |  29.23 |   4.05 |I I 
23:21-Sat-Feb-25-2017 PM2.5 |   2.24 |   2.28 |  11.33 |   2.08 |I I 
23:22-Sat-Feb-25-2017 PM10  |   2.86 |   3.71 |  29.23 |   4.05 |I I 
23:22-Sat-Feb-25-2017 PM2.5 |   2.21 |   2.27 |  11.33 |   2.08 |I I 
23:26-Sat-Feb-25-2017 PM10  |   3.17 |   3.66 |  29.23 |   4.05 |I I 
23:26-Sat-Feb-25-2017 PM2.5 |   2.28 |   2.27 |  11.33 |   2.08 |I I 
23:27-Sat-Feb-25-2017 PM10  |   3.66 |   3.66 |  29.23 |   4.05 |I I 
23:27-Sat-Feb-25-2017 PM2.5 |   2.43 |   2.29 |  11.33 |   2.08 |I I 
23:31-Sat-Feb-25-2017 PM10  |   3.39 |   3.64 |  29.23 |   4.05 |I I 
23:31-Sat-Feb-25-2017 PM2.5 |   2.41 |   2.30 |  11.33 |   2.08 |I I 
23:32-Sat-Feb-25-2017 PM10  |   3.62 |   3.63 |  29.23 |   4.05 |I I 
23:32-Sat-Feb-25-2017 PM2.5 |   2.28 |   2.30 |  11.33 |   2.08 |I I 
23:36-Sat-Feb-25-2017 PM10  |   3.56 |   3.63 |  29.23 |   4.05 |I I 
23:36-Sat-Feb-25-2017 PM2.5 |   2.30 |   2.30 |  11.33 |   2.08 |I I 
23:37-Sat-Feb-25-2017 PM10  |   3.56 |   3.63 |  29.23 |   4.05 |I I 
23:37-Sat-Feb-25-2017 PM2.5 |   2.30 |   2.30 |  11.33 |   2.08 |I I 
23:38-Sat-Feb-25-2017 PM10  |   3.59 |   3.62 |  29.23 |   4.05 |I I 
23:38-Sat-Feb-25-2017 PM2.5 |   2.30 |   2.30 |  11.33 |   2.08 |I I 
23:42-Sat-Feb-25-2017 PM10  |   3.46 |   3.61 |  29.23 |   4.05 |I I 
23:42-Sat-Feb-25-2017 PM2.5 |   2.38 |   2.30 |  11.33 |   2.08 |I I 
23:43-Sat-Feb-25-2017 PM10  |   3.77 |   3.62 |  29.23 |   4.05 |I I 
23:43-Sat-Feb-25-2017 PM2.5 |   2.38 |   2.31 |  11.33 |   2.08 |I I 
23:47-Sat-Feb-25-2017 PM10  |   4.25 |   3.65 |  29.23 |   4.05 |I I 
23:47-Sat-Feb-25-2017 PM2.5 |   2.48 |   2.31 |  11.33 |   2.08 |I I 
23:48-Sat-Feb-25-2017 PM10  |   4.60 |   3.70 |  29.23 |   4.05 |I I 
23:48-Sat-Feb-25-2017 PM2.5 |   2.81 |   2.34 |  11.33 |   2.08 |I I 
23:52-Sat-Feb-25-2017 PM10  |   4.33 |   3.73 |  29.23 |   4.05 |I I 
23:52-Sat-Feb-25-2017 PM2.5 |   2.69 |   2.35 |  11.33 |   2.08 |I I 
23:53-Sat-Feb-25-2017 PM10  |   5.38 |   3.80 |  29.23 |   4.05 |I I 
23:53-Sat-Feb-25-2017 PM2.5 |   3.03 |   2.38 |  11.33 |   2.08 |I I 
23:57-Sat-Feb-25-2017 PM10  |   4.85 |   3.84 |  29.23 |   4.05 |I I 
23:57-Sat-Feb-25-2017 PM2.5 |   2.98 |   2.41 |  11.33 |   2.08 |I I 
23:58-Sat-Feb-25-2017 PM10  |   5.05 |   3.89 |  29.23 |   4.05 |I I 
23:58-Sat-Feb-25-2017 PM2.5 |   2.88 |   2.43 |  11.33 |   2.08 |I I 
00:02-Sun-Feb-26-2017 PM10  |   5.63 |   3.96 |  29.23 |   3.96 |I I 
