[Wed Mar  1 00:02:38 2017] Report del giorno Wednesday March 01 2017 -- INVIATO a centraline@googlegroups.com
00:02-Wed-Mar-01-2017 PM2.5 |   2.75 |   4.50 |  13.14 |   4.43 |I I 
00:03-Wed-Mar-01-2017 PM10  |  10.57 |  10.57 |   0.00 |  2000.00|I I 
00:03-Wed-Mar-01-2017 PM2.5 |   3.25 |   3.25 |   0.00 |  2000.00|I I 
00:07-Wed-Mar-01-2017 PM10  |  11.35 |  10.96 |   0.00 |  2000.00|I I 
00:07-Wed-Mar-01-2017 PM2.5 |   3.01 |   3.13 |   0.00 |  2000.00|I I 
00:08-Wed-Mar-01-2017 PM10  |  16.56 |  12.82 |   0.00 |  2000.00|I I 
00:08-Wed-Mar-01-2017 PM2.5 |   3.62 |   3.29 |   0.00 |  2000.00|I I 
00:09-Wed-Mar-01-2017 PM10  |  16.56 |  13.76 |   0.00 |  2000.00|I I 
00:09-Wed-Mar-01-2017 PM2.5 |   3.62 |   3.37 |   0.00 |  2000.00|I I 
00:13-Wed-Mar-01-2017 PM10  |  12.14 |  13.43 |   0.00 |  2000.00|I I 
00:13-Wed-Mar-01-2017 PM2.5 |   3.40 |   3.38 |   0.00 |  2000.00|I I 
00:14-Wed-Mar-01-2017 PM10  |   8.96 |  12.69 |   0.00 |  2000.00|I I 
00:14-Wed-Mar-01-2017 PM2.5 |   3.50 |   3.40 |   0.00 |  2000.00|I I 
00:18-Wed-Mar-01-2017 PM10  |   6.87 |  11.86 |   0.00 |  2000.00|I I 
00:18-Wed-Mar-01-2017 PM2.5 |   3.25 |   3.38 |   0.00 |  2000.00|I I 
00:19-Wed-Mar-01-2017 PM10  |   8.90 |  11.49 |   0.00 |  2000.00|I I 
00:19-Wed-Mar-01-2017 PM2.5 |   3.25 |   3.36 |   0.00 |  2000.00|I I 
00:23-Wed-Mar-01-2017 PM10  |  10.45 |  11.37 |   0.00 |  2000.00|I I 
00:23-Wed-Mar-01-2017 PM2.5 |   3.41 |   3.37 |   0.00 |  2000.00|I I 
00:24-Wed-Mar-01-2017 PM10  |  10.50 |  11.29 |   0.00 |  2000.00|I I 
00:24-Wed-Mar-01-2017 PM2.5 |   3.39 |   3.37 |   0.00 |  2000.00|I I 
00:28-Wed-Mar-01-2017 PM10  |  10.53 |  11.22 |   0.00 |  2000.00|I I 
00:28-Wed-Mar-01-2017 PM2.5 |   3.23 |   3.36 |   0.00 |  2000.00|I I 
00:29-Wed-Mar-01-2017 PM10  |   9.81 |  11.10 |   0.00 |  2000.00|I B 
00:29-Wed-Mar-01-2017 PM2.5 |   3.02 |   3.33 |   0.00 |  2000.00|I B 
00:33-Wed-Mar-01-2017recover dati per host :92.223.147.77/nodered
00:33-Wed-Mar-01-2017 PM10  |   8.48 |  10.90 |   0.00 |  2000.00|I I 
00:33-Wed-Mar-01-2017 PM2.5 |   2.84 |   3.29 |   0.00 |  2000.00|I I 
00:34-Wed-Mar-01-2017 PM10  |   6.93 |  10.61 |   0.00 |  2000.00|I I 
00:34-Wed-Mar-01-2017 PM2.5 |   2.65 |   3.25 |   0.00 |  2000.00|I I 
00:38-Wed-Mar-01-2017 PM10  |   7.87 |  10.43 |   0.00 |  2000.00|I I 
00:38-Wed-Mar-01-2017 PM2.5 |   2.87 |   3.22 |   0.00 |  2000.00|I I 
00:39-Wed-Mar-01-2017 PM10  |   7.87 |  10.27 |   0.00 |  2000.00|I I 
00:39-Wed-Mar-01-2017 PM2.5 |   2.87 |   3.20 |   0.00 |  2000.00|I I 
00:40-Wed-Mar-01-2017 PM10  |   9.16 |  10.21 |   0.00 |  2000.00|I I 
00:40-Wed-Mar-01-2017 PM2.5 |   3.08 |   3.19 |   0.00 |  2000.00|I I 
00:44-Wed-Mar-01-2017 PM10  |   8.26 |  10.10 |   0.00 |  2000.00|I I 
00:44-Wed-Mar-01-2017 PM2.5 |   2.85 |   3.17 |   0.00 |  2000.00|I I 
00:45-Wed-Mar-01-2017 PM10  |  12.30 |  10.21 |   0.00 |  2000.00|I I 
00:45-Wed-Mar-01-2017 PM2.5 |   3.38 |   3.18 |   0.00 |  2000.00|I I 
00:49-Wed-Mar-01-2017 PM10  |  10.09 |  10.21 |   0.00 |  2000.00|I I 
00:49-Wed-Mar-01-2017 PM2.5 |   3.24 |   3.19 |   0.00 |  2000.00|I I 
00:50-Wed-Mar-01-2017 PM10  |   9.44 |  10.17 |   0.00 |  2000.00|I I 
00:50-Wed-Mar-01-2017 PM2.5 |   3.08 |   3.18 |   0.00 |  2000.00|I I 
00:54-Wed-Mar-01-2017 PM10  |  10.37 |  10.18 |   0.00 |  2000.00|I I 
00:54-Wed-Mar-01-2017 PM2.5 |   3.09 |   3.18 |   0.00 |  2000.00|I I 
00:55-Wed-Mar-01-2017 PM10  |  11.96 |  10.26 |   0.00 |  2000.00|I I 
00:55-Wed-Mar-01-2017 PM2.5 |   3.35 |   3.18 |   0.00 |  2000.00|I I 
00:59-Wed-Mar-01-2017 PM10  |  12.70 |  10.36 |   0.00 |  2000.00|I I 
00:59-Wed-Mar-01-2017 PM2.5 |   3.60 |   3.20 |   0.00 |  2000.00|I I 
01:00-Wed-Mar-01-2017 PM10  |  14.95 |  10.54 |  10.54 |  10.54 |I I 
01:00-Wed-Mar-01-2017 PM2.5 |   3.48 |   3.21 |   3.21 |   3.21 |I I 
01:05-Wed-Mar-01-2017 PM10  |  11.59 |  11.59 |  10.54 |  10.54 |I I 
01:05-Wed-Mar-01-2017 PM2.5 |   3.46 |   3.46 |   3.21 |   3.21 |I I 
01:06-Wed-Mar-01-2017 PM10  |  11.59 |  11.59 |  10.54 |  10.54 |I I 
01:06-Wed-Mar-01-2017 PM2.5 |   3.46 |   3.46 |   3.21 |   3.21 |I I 
01:07-Wed-Mar-01-2017 PM10  |  11.39 |  11.52 |  10.54 |  10.54 |I I 
01:07-Wed-Mar-01-2017 PM2.5 |   3.40 |   3.44 |   3.21 |   3.21 |I I 
01:11-Wed-Mar-01-2017 PM10  |  12.07 |  11.66 |  10.54 |  10.54 |I I 
01:11-Wed-Mar-01-2017 PM2.5 |   3.57 |   3.47 |   3.21 |   3.21 |I I 
01:12-Wed-Mar-01-2017 PM10  |  12.99 |  11.92 |  10.54 |  10.54 |I I 
01:12-Wed-Mar-01-2017 PM2.5 |   3.30 |   3.44 |   3.21 |   3.21 |I I 
01:16-Wed-Mar-01-2017 PM10  |  13.60 |  12.20 |  10.54 |  10.54 |I I 
01:16-Wed-Mar-01-2017 PM2.5 |   3.43 |   3.43 |   3.21 |   3.21 |I I 
01:17-Wed-Mar-01-2017 PM10  |  13.52 |  12.39 |  10.54 |  10.54 |I I 
01:17-Wed-Mar-01-2017 PM2.5 |   3.35 |   3.42 |   3.21 |   3.21 |I I 
01:21-Wed-Mar-01-2017 PM10  |  16.21 |  12.87 |  10.54 |  10.54 |I I 
01:21-Wed-Mar-01-2017 PM2.5 |   3.41 |   3.42 |   3.21 |   3.21 |I I 
01:22-Wed-Mar-01-2017 PM10  |  16.40 |  13.26 |  10.54 |  10.54 |I I 
01:22-Wed-Mar-01-2017 PM2.5 |   3.36 |   3.41 |   3.21 |   3.21 |I I 
01:26-Wed-Mar-01-2017 PM10  |  19.46 |  13.88 |  10.54 |  10.54 |I I 
01:26-Wed-Mar-01-2017 PM2.5 |   3.50 |   3.42 |   3.21 |   3.21 |I I 
01:27-Wed-Mar-01-2017 PM10  |  14.84 |  13.97 |  10.54 |  10.54 |I I 
01:27-Wed-Mar-01-2017 PM2.5 |   3.40 |   3.42 |   3.21 |   3.21 |I I 
01:31-Wed-Mar-01-2017 PM10  |  16.73 |  14.20 |  10.54 |  10.54 |I I 
01:31-Wed-Mar-01-2017 PM2.5 |   3.46 |   3.42 |   3.21 |   3.21 |I I 
01:32-Wed-Mar-01-2017 PM10  |  16.73 |  14.39 |  10.54 |  10.54 |I I 
01:32-Wed-Mar-01-2017 PM2.5 |   3.46 |   3.43 |   3.21 |   3.21 |I I 
01:33-Wed-Mar-01-2017 PM10  |  17.95 |  14.65 |  10.54 |  10.54 |I I 
01:33-Wed-Mar-01-2017 PM2.5 |   3.66 |   3.44 |   3.21 |   3.21 |I I 
01:37-Wed-Mar-01-2017 PM10  |  16.10 |  14.74 |  10.54 |  10.54 |I I 
01:37-Wed-Mar-01-2017 PM2.5 |   3.53 |   3.45 |   3.21 |   3.21 |I I 
01:38-Wed-Mar-01-2017 PM10  |  14.88 |  14.75 |  10.54 |  10.54 |I I 
01:38-Wed-Mar-01-2017 PM2.5 |   3.59 |   3.46 |   3.21 |   3.21 |I I 
01:42-Wed-Mar-01-2017 PM10  |  16.06 |  14.83 |  10.54 |  10.54 |I I 
01:42-Wed-Mar-01-2017 PM2.5 |   3.86 |   3.48 |   3.21 |   3.21 |I I 
01:43-Wed-Mar-01-2017 PM10  |  18.73 |  15.05 |  10.54 |  10.54 |I I 
01:43-Wed-Mar-01-2017 PM2.5 |   3.34 |   3.47 |   3.21 |   3.21 |I I 
01:47-Wed-Mar-01-2017 PM10  |  17.79 |  15.19 |  10.54 |  10.54 |I I 
01:47-Wed-Mar-01-2017 PM2.5 |   3.73 |   3.49 |   3.21 |   3.21 |I I 
01:48-Wed-Mar-01-2017 PM10  |  16.14 |  15.24 |  10.54 |  10.54 |I I 
01:48-Wed-Mar-01-2017 PM2.5 |   3.17 |   3.47 |   3.21 |   3.21 |I I 
01:52-Wed-Mar-01-2017 PM10  |  16.86 |  15.32 |  10.54 |  10.54 |I I 
01:52-Wed-Mar-01-2017 PM2.5 |   3.69 |   3.48 |   3.21 |   3.21 |I I 
01:53-Wed-Mar-01-2017 PM10  |  21.01 |  15.57 |  10.54 |  10.54 |I I 
01:53-Wed-Mar-01-2017 PM2.5 |   3.40 |   3.48 |   3.21 |   3.21 |I I 
01:57-Wed-Mar-01-2017 PM10  |  15.49 |  15.57 |  10.54 |  10.54 |I I 
01:57-Wed-Mar-01-2017 PM2.5 |   3.30 |   3.47 |   3.21 |   3.21 |I I 
01:58-Wed-Mar-01-2017 PM10  |  19.28 |  15.72 |  10.54 |  10.54 |I I 
01:58-Wed-Mar-01-2017 PM2.5 |   3.02 |   3.45 |   3.21 |   3.21 |I I 
01:59-Wed-Mar-01-2017 PM10  |  19.28 |  15.87 |  10.54 |  10.54 |I I 
01:59-Wed-Mar-01-2017 PM2.5 |   3.02 |   3.43 |   3.21 |   3.21 |I I 
02:03-Wed-Mar-01-2017 PM10  |  17.51 |  15.93 |  15.93 |  10.54 |I I 
02:03-Wed-Mar-01-2017 PM2.5 |   3.23 |   3.43 |   3.43 |   3.21 |I I 
02:04-Wed-Mar-01-2017 PM10  |  16.45 |  16.45 |  15.93 |  10.54 |I I 
02:04-Wed-Mar-01-2017 PM2.5 |   3.43 |   3.43 |   3.43 |   3.21 |I I 
02:08-Wed-Mar-01-2017 PM10  |  20.18 |  18.31 |  15.93 |  10.54 |I I 
02:08-Wed-Mar-01-2017 PM2.5 |   3.50 |   3.47 |   3.43 |   3.21 |I I 
02:09-Wed-Mar-01-2017 PM10  |  17.46 |  18.03 |  15.93 |  10.54 |I I 
02:09-Wed-Mar-01-2017 PM2.5 |   3.37 |   3.43 |   3.43 |   3.21 |I I 
02:13-Wed-Mar-01-2017 PM10  |  23.94 |  19.51 |  15.93 |  10.54 |I I 
02:13-Wed-Mar-01-2017 PM2.5 |   3.70 |   3.50 |   3.43 |   3.21 |I I 
02:14-Wed-Mar-01-2017 PM10  |  14.39 |  18.48 |  15.93 |  10.54 |I I 
02:14-Wed-Mar-01-2017 PM2.5 |   3.17 |   3.44 |   3.43 |   3.21 |I I 
02:18-Wed-Mar-01-2017 PM10  |  17.28 |  18.28 |  15.93 |  10.54 |I I 
02:18-Wed-Mar-01-2017 PM2.5 |   3.37 |   3.42 |   3.43 |   3.21 |I I 
02:19-Wed-Mar-01-2017 PM10  |  21.29 |  18.71 |  15.93 |  10.54 |I I 
02:19-Wed-Mar-01-2017 PM2.5 |   3.57 |   3.45 |   3.43 |   3.21 |I I 
02:23-Wed-Mar-01-2017 PM10  |  19.76 |  18.84 |  15.93 |  10.54 |I I 
02:23-Wed-Mar-01-2017 PM2.5 |   3.38 |   3.44 |   3.43 |   3.21 |I I 
02:24-Wed-Mar-01-2017 PM10  |  17.44 |  18.69 |  15.93 |  10.54 |I I 
02:24-Wed-Mar-01-2017 PM2.5 |   3.58 |   3.45 |   3.43 |   3.21 |I I 
02:25-Wed-Mar-01-2017 PM10  |  17.44 |  18.56 |  15.93 |  10.54 |I I 
02:25-Wed-Mar-01-2017 PM2.5 |   3.58 |   3.47 |   3.43 |   3.21 |I I 
02:29-Wed-Mar-01-2017 PM10  |  18.18 |  18.53 |  15.93 |  10.54 |I I 
02:29-Wed-Mar-01-2017 PM2.5 |   3.49 |   3.47 |   3.43 |   3.21 |I I 
02:30-Wed-Mar-01-2017 PM10  |  14.94 |  18.23 |  15.93 |  10.54 |I I 
02:30-Wed-Mar-01-2017 PM2.5 |   3.14 |   3.44 |   3.43 |   3.21 |I I 
02:34-Wed-Mar-01-2017 PM10  |  18.97 |  18.29 |  15.93 |  10.54 |I I 
02:34-Wed-Mar-01-2017 PM2.5 |   3.22 |   3.43 |   3.43 |   3.21 |I I 
02:35-Wed-Mar-01-2017 PM10  |  18.43 |  18.30 |  15.93 |  10.54 |I I 
02:35-Wed-Mar-01-2017 PM2.5 |   3.28 |   3.41 |   3.43 |   3.21 |I I 
02:39-Wed-Mar-01-2017 PM10  |  16.71 |  18.19 |  15.93 |  10.54 |I I 
02:39-Wed-Mar-01-2017 PM2.5 |   3.45 |   3.42 |   3.43 |   3.21 |I I 
02:40-Wed-Mar-01-2017 PM10  |  19.68 |  18.28 |  15.93 |  10.54 |I I 
02:40-Wed-Mar-01-2017 PM2.5 |   3.13 |   3.40 |   3.43 |   3.21 |I I 
02:44-Wed-Mar-01-2017 PM10  |  19.10 |  18.33 |  15.93 |  10.54 |I I 
02:44-Wed-Mar-01-2017 PM2.5 |   3.96 |   3.43 |   3.43 |   3.21 |I I 
02:45-Wed-Mar-01-2017 PM10  |  25.00 |  18.70 |  15.93 |  10.54 |I I 
02:45-Wed-Mar-01-2017 PM2.5 |   3.51 |   3.44 |   3.43 |   3.21 |I I 
02:49-Wed-Mar-01-2017 PM10  |  20.94 |  18.82 |  15.93 |  10.54 |I I 
02:49-Wed-Mar-01-2017 PM2.5 |   3.87 |   3.46 |   3.43 |   3.21 |I I 
02:50-Wed-Mar-01-2017 PM10  |  19.95 |  18.88 |  15.93 |  10.54 |I I 
02:50-Wed-Mar-01-2017 PM2.5 |   3.99 |   3.49 |   3.43 |   3.21 |I I 
02:54-Wed-Mar-01-2017 PM10  |  24.05 |  19.12 |  15.93 |  10.54 |I I 
02:54-Wed-Mar-01-2017 PM2.5 |   3.90 |   3.51 |   3.43 |   3.21 |I I 
02:55-Wed-Mar-01-2017 PM10  |  24.05 |  19.35 |  15.93 |  10.54 |I I 
02:55-Wed-Mar-01-2017 PM2.5 |   3.90 |   3.52 |   3.43 |   3.21 |I I 
02:56-Wed-Mar-01-2017 PM10  |  23.97 |  19.55 |  15.93 |  10.54 |I I 
02:56-Wed-Mar-01-2017 PM2.5 |   3.61 |   3.53 |   3.43 |   3.21 |I I 
03:00-Wed-Mar-01-2017 PM10  |  25.62 |  19.80 |  19.80 |  10.54 |I I 
03:00-Wed-Mar-01-2017 PM2.5 |   3.66 |   3.53 |   3.53 |   3.21 |I I 
03:01-Wed-Mar-01-2017 PM10  |  25.02 |  25.02 |  19.80 |  10.54 |I I 
03:01-Wed-Mar-01-2017 PM2.5 |   3.90 |   3.90 |   3.53 |   3.21 |I I 
03:05-Wed-Mar-01-2017 PM10  |  14.44 |  19.73 |  19.80 |  10.54 |I I 
03:05-Wed-Mar-01-2017 PM2.5 |   3.59 |   3.74 |   3.53 |   3.21 |I I 
03:06-Wed-Mar-01-2017 PM10  |  18.55 |  19.33 |  19.80 |  10.54 |I I 
03:06-Wed-Mar-01-2017 PM2.5 |   3.95 |   3.81 |   3.53 |   3.21 |I I 
03:10-Wed-Mar-01-2017 PM10  |  19.82 |  19.46 |  19.80 |  10.54 |I I 
03:10-Wed-Mar-01-2017 PM2.5 |   3.76 |   3.80 |   3.53 |   3.21 |I I 
03:11-Wed-Mar-01-2017 PM10  |  22.30 |  20.02 |  19.80 |  10.54 |I I 
03:11-Wed-Mar-01-2017 PM2.5 |   4.57 |   3.95 |   3.53 |   3.21 |I I 
03:15-Wed-Mar-01-2017 PM10  |  22.45 |  20.43 |  19.80 |  10.54 |I I 
03:15-Wed-Mar-01-2017 PM2.5 |   4.25 |   4.00 |   3.53 |   3.21 |I I 
03:16-Wed-Mar-01-2017 PM10  |  21.92 |  20.64 |  19.80 |  10.54 |I I 
03:16-Wed-Mar-01-2017 PM2.5 |   4.43 |   4.06 |   3.53 |   3.21 |I I 
03:20-Wed-Mar-01-2017 PM10  |  23.40 |  20.99 |  19.80 |  10.54 |I I 
03:20-Wed-Mar-01-2017 PM2.5 |   4.81 |   4.16 |   3.53 |   3.21 |I I 
03:21-Wed-Mar-01-2017 PM10  |  23.40 |  21.26 |  19.80 |  10.54 |I I 
03:21-Wed-Mar-01-2017 PM2.5 |   4.81 |   4.23 |   3.53 |   3.21 |I I 
03:22-Wed-Mar-01-2017 PM10  |  18.39 |  20.97 |  19.80 |  10.54 |I I 
03:22-Wed-Mar-01-2017 PM2.5 |   3.64 |   4.17 |   3.53 |   3.21 |I I 
03:26-Wed-Mar-01-2017 PM10  |  21.59 |  21.03 |  19.80 |  10.54 |I I 
03:26-Wed-Mar-01-2017 PM2.5 |   3.86 |   4.14 |   3.53 |   3.21 |I I 
03:27-Wed-Mar-01-2017 PM10  |  21.38 |  21.05 |  19.80 |  10.54 |I I 
03:27-Wed-Mar-01-2017 PM2.5 |   3.89 |   4.12 |   3.53 |   3.21 |I I 
03:31-Wed-Mar-01-2017 PM10  |  25.07 |  21.36 |  19.80 |  10.54 |I I 
03:31-Wed-Mar-01-2017 PM2.5 |   5.10 |   4.20 |   3.53 |   3.21 |I I 
03:32-Wed-Mar-01-2017 PM10  |  24.38 |  21.58 |  19.80 |  10.54 |I I 
03:32-Wed-Mar-01-2017 PM2.5 |   5.23 |   4.27 |   3.53 |   3.21 |I I 
03:36-Wed-Mar-01-2017 PM10  |  31.70 |  22.25 |  19.80 |  10.54 |I I 
03:36-Wed-Mar-01-2017 PM2.5 |   6.09 |   4.39 |   3.53 |   3.21 |I I 
03:37-Wed-Mar-01-2017 PM10  |  23.77 |  22.35 |  19.80 |  10.54 |I I 
03:37-Wed-Mar-01-2017 PM2.5 |   5.69 |   4.47 |   3.53 |   3.21 |I I 
03:41-Wed-Mar-01-2017 PM10  |  26.85 |  22.61 |  19.80 |  10.54 |I I 
03:41-Wed-Mar-01-2017 PM2.5 |   5.74 |   4.55 |   3.53 |   3.21 |I I 
03:42-Wed-Mar-01-2017 PM10  |  24.03 |  22.69 |  19.80 |  10.54 |I I 
03:42-Wed-Mar-01-2017 PM2.5 |   4.56 |   4.55 |   3.53 |   3.21 |I I 
03:46-Wed-Mar-01-2017 PM10  |  21.75 |  22.64 |  19.80 |  10.54 |I I 
03:46-Wed-Mar-01-2017 PM2.5 |   4.36 |   4.54 |   3.53 |   3.21 |I I 
03:47-Wed-Mar-01-2017 PM10  |  21.75 |  22.60 |  19.80 |  10.54 |I I 
03:47-Wed-Mar-01-2017 PM2.5 |   4.36 |   4.53 |   3.53 |   3.21 |I I 
03:48-Wed-Mar-01-2017 PM10  |  22.41 |  22.59 |  19.80 |  10.54 |I I 
03:48-Wed-Mar-01-2017 PM2.5 |   3.62 |   4.49 |   3.53 |   3.21 |I I 
03:52-Wed-Mar-01-2017 PM10  |  20.72 |  22.50 |  19.80 |  10.54 |I I 
03:52-Wed-Mar-01-2017 PM2.5 |   3.84 |   4.46 |   3.53 |   3.21 |I I 
03:53-Wed-Mar-01-2017 PM10  |  22.14 |  22.49 |  19.80 |  10.54 |I I 
03:53-Wed-Mar-01-2017 PM2.5 |   3.90 |   4.43 |   3.53 |   3.21 |I I 
03:57-Wed-Mar-01-2017 PM10  |  24.12 |  22.56 |  19.80 |  10.54 |I I 
03:57-Wed-Mar-01-2017 PM2.5 |   4.11 |   4.42 |   3.53 |   3.21 |I I 
03:58-Wed-Mar-01-2017 PM10  |  23.36 |  22.59 |  19.80 |  10.54 |I I 
03:58-Wed-Mar-01-2017 PM2.5 |   3.32 |   4.38 |   3.53 |   3.21 |I I 
04:02-Wed-Mar-01-2017 PM10  |  24.13 |  22.65 |  22.65 |  10.54 |I I 
04:02-Wed-Mar-01-2017 PM2.5 |   4.13 |   4.37 |   4.37 |   3.21 |I I 
04:04-Wed-Mar-01-2017 PM10  |  35.60 |  35.60 |  22.65 |  10.54 |I I 
04:04-Wed-Mar-01-2017 PM2.5 |   4.22 |   4.22 |   4.37 |   3.21 |I I 
04:08-Wed-Mar-01-2017 PM10  |  23.80 |  29.70 |  22.65 |  10.54 |I I 
04:08-Wed-Mar-01-2017 PM2.5 |   4.21 |   4.21 |   4.37 |   3.21 |I I 
04:09-Wed-Mar-01-2017 PM10  |  22.06 |  27.15 |  22.65 |  10.54 |I I 
04:09-Wed-Mar-01-2017 PM2.5 |   3.99 |   4.14 |   4.37 |   3.21 |I I 
04:13-Wed-Mar-01-2017 PM10  |  25.72 |  26.79 |  22.65 |  10.54 |I I 
04:13-Wed-Mar-01-2017 PM2.5 |   4.23 |   4.16 |   4.37 |   3.21 |I I 
04:14-Wed-Mar-01-2017 PM10  |  25.72 |  26.58 |  22.65 |  10.54 |I I 
04:14-Wed-Mar-01-2017 PM2.5 |   4.23 |   4.17 |   4.37 |   3.21 |I I 
04:15-Wed-Mar-01-2017 PM10  |  25.46 |  26.39 |  22.65 |  10.54 |I I 
04:15-Wed-Mar-01-2017 PM2.5 |   4.32 |   4.20 |   4.37 |   3.21 |I I 
04:19-Wed-Mar-01-2017 PM10  |  23.72 |  26.01 |  22.65 |  10.54 |I I 
04:19-Wed-Mar-01-2017 PM2.5 |   4.16 |   4.19 |   4.37 |   3.21 |I I 
04:20-Wed-Mar-01-2017 PM10  |  23.65 |  25.72 |  22.65 |  10.54 |I I 
04:20-Wed-Mar-01-2017 PM2.5 |   4.21 |   4.20 |   4.37 |   3.21 |I I 
04:24-Wed-Mar-01-2017 PM10  |  29.04 |  26.09 |  22.65 |  10.54 |I I 
04:24-Wed-Mar-01-2017 PM2.5 |   4.41 |   4.22 |   4.37 |   3.21 |I I 
04:25-Wed-Mar-01-2017 PM10  |  25.68 |  26.05 |  22.65 |  10.54 |I I 
04:25-Wed-Mar-01-2017 PM2.5 |   3.89 |   4.19 |   4.37 |   3.21 |I I 
04:29-Wed-Mar-01-2017 PM10  |  29.40 |  26.35 |  22.65 |  10.54 |I I 
04:29-Wed-Mar-01-2017 PM2.5 |   3.84 |   4.16 |   4.37 |   3.21 |I I 
04:30-Wed-Mar-01-2017 PM10  |  20.16 |  25.84 |  22.65 |  10.54 |I I 
04:30-Wed-Mar-01-2017 PM2.5 |   3.90 |   4.13 |   4.37 |   3.21 |I I 
04:34-Wed-Mar-01-2017 PM10  |  27.37 |  25.95 |  22.65 |  10.54 |I I 
04:34-Wed-Mar-01-2017 PM2.5 |   4.17 |   4.14 |   4.37 |   3.21 |I I 
04:35-Wed-Mar-01-2017 PM10  |  26.06 |  25.96 |  22.65 |  10.54 |I I 
04:35-Wed-Mar-01-2017 PM2.5 |   4.13 |   4.14 |   4.37 |   3.21 |I I 
04:39-Wed-Mar-01-2017 PM10  |  24.76 |  25.88 |  22.65 |  10.54 |I I 
04:39-Wed-Mar-01-2017 PM2.5 |   4.24 |   4.14 |   4.37 |   3.21 |I I 
04:40-Wed-Mar-01-2017 PM10  |  32.02 |  26.26 |  22.65 |  10.54 |I I 
04:40-Wed-Mar-01-2017 PM2.5 |   5.01 |   4.20 |   4.37 |   3.21 |I I 
04:41-Wed-Mar-01-2017 PM10  |  32.02 |  26.60 |  22.65 |  10.54 |I I 
04:41-Wed-Mar-01-2017 PM2.5 |   5.01 |   4.25 |   4.37 |   3.21 |I I 
04:45-Wed-Mar-01-2017 PM10  |  32.95 |  26.96 |  22.65 |  10.54 |I I 
04:45-Wed-Mar-01-2017 PM2.5 |   4.74 |   4.27 |   4.37 |   3.21 |I I 
04:46-Wed-Mar-01-2017 PM10  |  23.29 |  26.76 |  22.65 |  10.54 |I I 
04:46-Wed-Mar-01-2017 PM2.5 |   3.82 |   4.25 |   4.37 |   3.21 |I I 
04:50-Wed-Mar-01-2017 PM10  |  28.01 |  26.83 |  22.65 |  10.54 |I I 
04:50-Wed-Mar-01-2017 PM2.5 |   4.54 |   4.26 |   4.37 |   3.21 |I I 
04:51-Wed-Mar-01-2017 PM10  |  28.81 |  26.92 |  22.65 |  10.54 |I I 
04:51-Wed-Mar-01-2017 PM2.5 |   4.94 |   4.30 |   4.37 |   3.21 |I I 
04:55-Wed-Mar-01-2017 PM10  |  31.39 |  27.12 |  22.65 |  10.54 |I I 
04:55-Wed-Mar-01-2017 PM2.5 |   5.46 |   4.35 |   4.37 |   3.21 |I I 
04:56-Wed-Mar-01-2017 PM10  |  28.79 |  27.20 |  22.65 |  10.54 |I I 
04:56-Wed-Mar-01-2017 PM2.5 |   5.40 |   4.39 |   4.37 |   3.21 |I I 
05:00-Wed-Mar-01-2017 PM10  |  37.62 |  27.63 |  27.63 |  10.54 |I I 
05:00-Wed-Mar-01-2017 PM2.5 |   6.36 |   4.48 |   4.48 |   3.21 |I I 
05:01-Wed-Mar-01-2017 PM10  |  28.90 |  28.90 |  27.63 |  10.54 |I I 
05:01-Wed-Mar-01-2017 PM2.5 |   5.69 |   5.69 |   4.48 |   3.21 |I I 
05:05-Wed-Mar-01-2017 PM10  |  32.54 |  30.72 |  27.63 |  10.54 |I I 
05:05-Wed-Mar-01-2017 PM2.5 |   6.41 |   6.05 |   4.48 |   3.21 |I I 
05:06-Wed-Mar-01-2017 PM10  |  31.15 |  30.86 |  27.63 |  10.54 |I I 
05:06-Wed-Mar-01-2017 PM2.5 |   5.81 |   5.97 |   4.48 |   3.21 |I I 
05:07-Wed-Mar-01-2017 PM10  |  31.15 |  30.93 |  27.63 |  10.54 |I I 
05:07-Wed-Mar-01-2017 PM2.5 |   5.81 |   5.93 |   4.48 |   3.21 |I I 
05:11-Wed-Mar-01-2017 PM10  |  33.89 |  31.52 |  27.63 |  10.54 |I I 
05:11-Wed-Mar-01-2017 PM2.5 |   6.23 |   5.99 |   4.48 |   3.21 |I I 
05:12-Wed-Mar-01-2017 PM10  |  38.53 |  32.69 |  27.63 |  10.54 |I I 
05:12-Wed-Mar-01-2017 PM2.5 |   5.85 |   5.97 |   4.48 |   3.21 |I I 
05:16-Wed-Mar-01-2017 PM10  |  26.44 |  31.80 |  27.63 |  10.54 |I I 
05:16-Wed-Mar-01-2017 PM2.5 |   5.69 |   5.93 |   4.48 |   3.21 |I I 
05:17-Wed-Mar-01-2017 PM10  |  32.20 |  31.85 |  27.63 |  10.54 |I I 
05:17-Wed-Mar-01-2017 PM2.5 |   5.89 |   5.92 |   4.48 |   3.21 |I I 
05:21-Wed-Mar-01-2017 PM10  |  29.26 |  31.56 |  27.63 |  10.54 |I I 
05:21-Wed-Mar-01-2017 PM2.5 |   6.04 |   5.94 |   4.48 |   3.21 |I I 
05:22-Wed-Mar-01-2017 PM10  |  31.56 |  31.56 |  27.63 |  10.54 |I I 
05:22-Wed-Mar-01-2017 PM2.5 |   5.10 |   5.85 |   4.48 |   3.21 |I I 
05:26-Wed-Mar-01-2017 PM10  |  36.62 |  32.02 |  27.63 |  10.54 |I I 
05:26-Wed-Mar-01-2017 PM2.5 |   6.27 |   5.89 |   4.48 |   3.21 |I I 
05:27-Wed-Mar-01-2017 PM10  |  25.68 |  31.49 |  27.63 |  10.54 |I I 
05:27-Wed-Mar-01-2017 PM2.5 |   5.00 |   5.82 |   4.48 |   3.21 |I I 
05:31-Wed-Mar-01-2017 PM10  |  28.14 |  31.23 |  27.63 |  10.54 |I I 
05:31-Wed-Mar-01-2017 PM2.5 |   5.58 |   5.80 |   4.48 |   3.21 |I I 
05:32-Wed-Mar-01-2017 PM10  |  30.49 |  31.18 |  27.63 |  10.54 |I I 
05:32-Wed-Mar-01-2017 PM2.5 |   5.60 |   5.78 |   4.48 |   3.21 |I I 
05:33-Wed-Mar-01-2017 PM10  |  30.49 |  31.14 |  27.63 |  10.54 |I I 
05:33-Wed-Mar-01-2017 PM2.5 |   5.60 |   5.77 |   4.48 |   3.21 |I I 
05:37-Wed-Mar-01-2017 PM10  |  36.08 |  31.44 |  27.63 |  10.54 |I I 
05:37-Wed-Mar-01-2017 PM2.5 |   6.10 |   5.79 |   4.48 |   3.21 |I I 
05:38-Wed-Mar-01-2017 PM10  |  29.31 |  31.32 |  27.63 |  10.54 |I I 
05:38-Wed-Mar-01-2017 PM2.5 |   5.16 |   5.75 |   4.48 |   3.21 |I I 
05:42-Wed-Mar-01-2017 PM10  |  38.13 |  31.70 |  27.63 |  10.54 |I I 
05:42-Wed-Mar-01-2017 PM2.5 |   6.13 |   5.78 |   4.48 |   3.21 |I I 
05:43-Wed-Mar-01-2017 PM10  |  27.26 |  31.46 |  27.63 |  10.54 |I I 
05:43-Wed-Mar-01-2017 PM2.5 |   5.16 |   5.74 |   4.48 |   3.21 |I I 
05:47-Wed-Mar-01-2017 PM10  |  30.83 |  31.43 |  27.63 |  10.54 |I I 
05:47-Wed-Mar-01-2017 PM2.5 |   5.41 |   5.73 |   4.48 |   3.21 |I I 
05:48-Wed-Mar-01-2017 PM10  |  30.95 |  31.41 |  27.63 |  10.54 |I I 
05:48-Wed-Mar-01-2017 PM2.5 |   5.16 |   5.70 |   4.48 |   3.21 |I I 
05:52-Wed-Mar-01-2017 PM10  |  29.77 |  31.33 |  27.63 |  10.54 |I I 
05:52-Wed-Mar-01-2017 PM2.5 |   5.72 |   5.70 |   4.48 |   3.21 |I I 
05:53-Wed-Mar-01-2017 PM10  |  28.70 |  31.22 |  27.63 |  10.54 |I I 
05:53-Wed-Mar-01-2017 PM2.5 |   5.00 |   5.67 |   4.48 |   3.21 |I I 
05:57-Wed-Mar-01-2017 PM10  |  29.89 |  31.16 |  27.63 |  10.54 |I I 
05:57-Wed-Mar-01-2017 PM2.5 |   5.31 |   5.65 |   4.48 |   3.21 |I I 
05:58-Wed-Mar-01-2017 PM10  |  29.92 |  31.12 |  27.63 |  10.54 |I I 
05:58-Wed-Mar-01-2017 PM2.5 |   4.68 |   5.62 |   4.48 |   3.21 |I I 
05:59-Wed-Mar-01-2017 PM10  |  29.92 |  31.07 |  27.63 |  10.54 |I I 
05:59-Wed-Mar-01-2017 PM2.5 |   4.68 |   5.58 |   4.48 |   3.21 |I I 
06:02-Wed-Mar-01-2017 PM10  |  31.99 |  31.10 |  31.10 |  10.54 |I I 
06:02-Wed-Mar-01-2017 PM2.5 |   4.89 |   5.55 |   5.55 |   3.21 |I I 
06:03-Wed-Mar-01-2017 PM10  |  31.99 |  31.99 |  31.10 |  10.54 |I I 
06:03-Wed-Mar-01-2017 PM2.5 |   4.89 |   4.89 |   5.55 |   3.21 |I I 
06:04-Wed-Mar-01-2017 PM10  |  21.68 |  26.83 |  31.10 |  10.54 |I I 
06:04-Wed-Mar-01-2017 PM2.5 |   4.29 |   4.59 |   5.55 |   3.21 |I I 
06:08-Wed-Mar-01-2017 PM10  |  23.13 |  25.60 |  31.10 |  10.54 |I I 
06:08-Wed-Mar-01-2017 PM2.5 |   4.42 |   4.53 |   5.55 |   3.21 |I I 
06:09-Wed-Mar-01-2017 PM10  |  31.57 |  27.09 |  31.10 |  10.54 |I I 
06:09-Wed-Mar-01-2017 PM2.5 |   4.22 |   4.46 |   5.55 |   3.21 |I I 
06:13-Wed-Mar-01-2017 PM10  |  31.50 |  27.97 |  31.10 |  10.54 |I I 
06:13-Wed-Mar-01-2017 PM2.5 |   4.50 |   4.46 |   5.55 |   3.21 |I I 
06:14-Wed-Mar-01-2017 PM10  |  30.32 |  28.36 |  31.10 |  10.54 |I I 
06:14-Wed-Mar-01-2017 PM2.5 |   4.24 |   4.43 |   5.55 |   3.21 |I I 
06:18-Wed-Mar-01-2017 PM10  |  27.03 |  28.17 |  31.10 |  10.54 |I I 
06:18-Wed-Mar-01-2017 PM2.5 |   4.36 |   4.42 |   5.55 |   3.21 |I I 
06:19-Wed-Mar-01-2017 PM10  |  23.49 |  27.59 |  31.10 |  10.54 |I I 
06:19-Wed-Mar-01-2017 PM2.5 |   4.38 |   4.41 |   5.55 |   3.21 |I I 
06:23-Wed-Mar-01-2017 PM10  |  28.46 |  27.68 |  31.10 |  10.54 |I I 
06:23-Wed-Mar-01-2017 PM2.5 |   4.90 |   4.47 |   5.55 |   3.21 |I I 
06:24-Wed-Mar-01-2017 PM10  |  29.71 |  27.89 |  31.10 |  10.54 |I I 
06:24-Wed-Mar-01-2017 PM2.5 |   4.63 |   4.48 |   5.55 |   3.21 |I I 
06:28-Wed-Mar-01-2017 PM10  |  31.04 |  28.17 |  31.10 |  10.54 |I I 
06:28-Wed-Mar-01-2017 PM2.5 |   4.52 |   4.49 |   5.55 |   3.21 |I I 
06:29-Wed-Mar-01-2017 PM10  |  31.04 |  28.41 |  31.10 |  10.54 |I I 
06:29-Wed-Mar-01-2017 PM2.5 |   4.52 |   4.49 |   5.55 |   3.21 |I I 
06:30-Wed-Mar-01-2017 PM10  |  27.80 |  28.37 |  31.10 |  10.54 |I I 
06:30-Wed-Mar-01-2017 PM2.5 |   4.41 |   4.48 |   5.55 |   3.21 |I I 
06:34-Wed-Mar-01-2017 PM10  |  24.04 |  28.06 |  31.10 |  10.54 |I I 
06:34-Wed-Mar-01-2017 PM2.5 |   4.56 |   4.49 |   5.55 |   3.21 |I I 
06:35-Wed-Mar-01-2017 PM10  |  31.05 |  28.26 |  31.10 |  10.54 |I I 
06:35-Wed-Mar-01-2017 PM2.5 |   4.51 |   4.49 |   5.55 |   3.21 |I I 
06:39-Wed-Mar-01-2017 PM10  |  25.09 |  28.06 |  31.10 |  10.54 |I I 
06:39-Wed-Mar-01-2017 PM2.5 |   4.58 |   4.50 |   5.55 |   3.21 |I I 
06:40-Wed-Mar-01-2017 PM10  |  26.04 |  27.94 |  31.10 |  10.54 |I I 
06:40-Wed-Mar-01-2017 PM2.5 |   4.29 |   4.48 |   5.55 |   3.21 |I I 
06:44-Wed-Mar-01-2017 PM10  |  31.23 |  28.12 |  31.10 |  10.54 |I I 
06:44-Wed-Mar-01-2017 PM2.5 |   5.21 |   4.52 |   5.55 |   3.21 |I I 
06:45-Wed-Mar-01-2017 PM10  |  23.71 |  27.89 |  31.10 |  10.54 |I I 
06:45-Wed-Mar-01-2017 PM2.5 |   4.73 |   4.53 |   5.55 |   3.21 |I I 
06:49-Wed-Mar-01-2017 PM10  |  29.61 |  27.98 |  31.10 |  10.54 |I I 
06:49-Wed-Mar-01-2017 PM2.5 |   5.03 |   4.56 |   5.55 |   3.21 |I I 
06:50-Wed-Mar-01-2017 PM10  |  35.46 |  28.33 |  31.10 |  10.54 |I I 
06:50-Wed-Mar-01-2017 PM2.5 |   5.37 |   4.60 |   5.55 |   3.21 |I I 
06:54-Wed-Mar-01-2017 PM10  |  34.69 |  28.62 |  31.10 |  10.54 |I I 
06:54-Wed-Mar-01-2017 PM2.5 |   5.36 |   4.63 |   5.55 |   3.21 |I I 
06:55-Wed-Mar-01-2017 PM10  |  34.69 |  28.89 |  31.10 |  10.54 |I I 
06:55-Wed-Mar-01-2017 PM2.5 |   5.36 |   4.66 |   5.55 |   3.21 |I I 
06:56-Wed-Mar-01-2017 PM10  |  24.75 |  28.71 |  31.10 |  10.54 |I I 
06:56-Wed-Mar-01-2017 PM2.5 |   4.80 |   4.67 |   5.55 |   3.21 |I I 
07:00-Wed-Mar-01-2017 PM10  |  21.43 |  28.42 |  31.10 |  10.54 |I I 
07:00-Wed-Mar-01-2017 PM2.5 |   4.60 |   4.67 |   5.55 |   3.21 |I I 
07:01-Wed-Mar-01-2017 PM10  |  28.16 |  28.16 |  31.10 |  10.54 |I I 
07:01-Wed-Mar-01-2017 PM2.5 |   4.56 |   4.56 |   5.55 |   3.21 |I I 
07:06-Wed-Mar-01-2017 PM10  |  35.66 |  31.91 |  31.10 |  10.54 |I I 
07:06-Wed-Mar-01-2017 PM2.5 |   5.27 |   4.91 |   5.55 |   3.21 |I I 
07:07-Wed-Mar-01-2017 PM10  |  26.21 |  30.01 |  31.10 |  10.54 |I I 
07:07-Wed-Mar-01-2017 PM2.5 |   4.52 |   4.78 |   5.55 |   3.21 |I I 
07:11-Wed-Mar-01-2017 PM10  |  23.50 |  28.38 |  31.10 |  10.54 |I I 
07:11-Wed-Mar-01-2017 PM2.5 |   4.62 |   4.74 |   5.55 |   3.21 |I I 
07:12-Wed-Mar-01-2017 PM10  |  26.85 |  28.08 |  31.10 |  10.54 |I I 
07:12-Wed-Mar-01-2017 PM2.5 |   4.50 |   4.69 |   5.55 |   3.21 |I I 
07:16-Wed-Mar-01-2017 PM10  |  26.77 |  27.86 |  31.10 |  10.54 |I I 
07:16-Wed-Mar-01-2017 PM2.5 |   5.14 |   4.77 |   5.55 |   3.21 |I I 
07:17-Wed-Mar-01-2017 PM10  |  21.02 |  26.88 |  31.10 |  10.54 |I I 
07:17-Wed-Mar-01-2017 PM2.5 |   4.29 |   4.70 |   5.55 |   3.21 |I I 
07:21-Wed-Mar-01-2017 PM10  |  28.50 |  27.08 |  31.10 |  10.54 |I I 
07:21-Wed-Mar-01-2017 PM2.5 |   5.28 |   4.77 |   5.55 |   3.21 |I I 
07:22-Wed-Mar-01-2017 PM10  |  28.50 |  27.24 |  31.10 |  10.54 |I I 
07:22-Wed-Mar-01-2017 PM2.5 |   5.28 |   4.83 |   5.55 |   3.21 |I I 
07:23-Wed-Mar-01-2017 PM10  |  28.24 |  27.34 |  31.10 |  10.54 |I I 
07:23-Wed-Mar-01-2017 PM2.5 |   4.76 |   4.82 |   5.55 |   3.21 |I I 
07:27-Wed-Mar-01-2017 PM10  |  28.53 |  27.45 |  31.10 |  10.54 |I I 
07:27-Wed-Mar-01-2017 PM2.5 |   4.85 |   4.82 |   5.55 |   3.21 |I I 
07:28-Wed-Mar-01-2017 PM10  |  27.51 |  27.45 |  31.10 |  10.54 |I I 
07:28-Wed-Mar-01-2017 PM2.5 |   4.42 |   4.79 |   5.55 |   3.21 |I I 
07:32-Wed-Mar-01-2017 PM10  |  29.79 |  27.63 |  31.10 |  10.54 |I I 
07:32-Wed-Mar-01-2017 PM2.5 |   4.82 |   4.79 |   5.55 |   3.21 |I I 
07:33-Wed-Mar-01-2017 PM10  |  22.38 |  27.26 |  31.10 |  10.54 |I I 
07:33-Wed-Mar-01-2017 PM2.5 |   4.60 |   4.78 |   5.55 |   3.21 |I I 
07:37-Wed-Mar-01-2017 PM10  |  26.74 |  27.22 |  31.10 |  10.54 |I I 
07:37-Wed-Mar-01-2017 PM2.5 |   4.43 |   4.76 |   5.55 |   3.21 |I I 
07:38-Wed-Mar-01-2017 PM10  |  21.73 |  26.88 |  31.10 |  10.54 |I I 
07:38-Wed-Mar-01-2017 PM2.5 |   4.44 |   4.74 |   5.55 |   3.21 |I I 
07:42-Wed-Mar-01-2017 PM10  |  23.68 |  26.69 |  31.10 |  10.54 |I I 
07:42-Wed-Mar-01-2017 PM2.5 |   4.90 |   4.75 |   5.55 |   3.21 |I I 
07:43-Wed-Mar-01-2017 PM10  |  26.29 |  26.67 |  31.10 |  10.54 |I I 
07:43-Wed-Mar-01-2017 PM2.5 |   4.86 |   4.75 |   5.55 |   3.21 |I I 
07:47-Wed-Mar-01-2017 PM10  |  32.04 |  26.95 |  31.10 |  10.54 |I I 
07:47-Wed-Mar-01-2017 PM2.5 |   4.94 |   4.76 |   5.55 |   3.21 |I I 
07:48-Wed-Mar-01-2017 PM10  |  22.47 |  26.73 |  31.10 |  10.54 |I I 
07:48-Wed-Mar-01-2017 PM2.5 |   4.65 |   4.76 |   5.55 |   3.21 |I I 
07:49-Wed-Mar-01-2017 PM10  |  22.47 |  26.53 |  31.10 |  10.54 |I I 
07:49-Wed-Mar-01-2017 PM2.5 |   4.65 |   4.75 |   5.55 |   3.21 |I I 
07:53-Wed-Mar-01-2017 PM10  |  30.06 |  26.69 |  31.10 |  10.54 |I I 
07:53-Wed-Mar-01-2017 PM2.5 |   5.12 |   4.77 |   5.55 |   3.21 |I I 
07:54-Wed-Mar-01-2017 PM10  |  27.13 |  26.71 |  31.10 |  10.54 |I I 
07:54-Wed-Mar-01-2017 PM2.5 |   4.96 |   4.78 |   5.55 |   3.21 |I I 
07:58-Wed-Mar-01-2017 PM10  |  29.02 |  26.80 |  31.10 |  10.54 |I I 
07:58-Wed-Mar-01-2017 PM2.5 |   4.99 |   4.79 |   5.55 |   3.21 |I I 
07:59-Wed-Mar-01-2017 PM10  |  26.17 |  26.78 |  31.10 |  10.54 |I I 
07:59-Wed-Mar-01-2017 PM2.5 |   4.91 |   4.79 |   5.55 |   3.21 |I I 
08:03-Wed-Mar-01-2017 PM10  |  34.63 |  27.08 |  31.10 |  10.54 |I I 
08:03-Wed-Mar-01-2017 PM2.5 |   5.49 |   4.82 |   5.55 |   3.21 |I I 
08:04-Wed-Mar-01-2017 PM10  |  31.37 |  31.37 |  31.10 |  10.54 |I I 
08:04-Wed-Mar-01-2017 PM2.5 |   5.23 |   5.23 |   5.55 |   3.21 |I I 
08:08-Wed-Mar-01-2017 PM10  |  31.54 |  31.45 |  31.10 |  10.54 |I I 
08:08-Wed-Mar-01-2017 PM2.5 |   5.33 |   5.28 |   5.55 |   3.21 |I I 
08:09-Wed-Mar-01-2017 PM10  |  25.43 |  29.45 |  31.10 |  10.54 |I I 
08:09-Wed-Mar-01-2017 PM2.5 |   5.12 |   5.23 |   5.55 |   3.21 |I I 
08:13-Wed-Mar-01-2017 PM10  |  28.26 |  29.15 |  31.10 |  10.54 |I I 
08:13-Wed-Mar-01-2017 PM2.5 |   5.52 |   5.30 |   5.55 |   3.21 |I I 
08:14-Wed-Mar-01-2017 PM10  |  28.27 |  28.97 |  31.10 |  10.54 |I I 
08:14-Wed-Mar-01-2017 PM2.5 |   4.82 |   5.20 |   5.55 |   3.21 |I I 
08:18-Wed-Mar-01-2017 PM10  |  32.67 |  29.59 |  31.10 |  10.54 |I I 
08:18-Wed-Mar-01-2017 PM2.5 |   5.56 |   5.26 |   5.55 |   3.21 |I I 
08:19-Wed-Mar-01-2017 PM10  |  32.67 |  30.03 |  31.10 |  10.54 |I I 
08:19-Wed-Mar-01-2017 PM2.5 |   5.56 |   5.30 |   5.55 |   3.21 |I I 
08:20-Wed-Mar-01-2017 PM10  |  39.14 |  31.17 |  31.10 |  10.54 |I I 
08:20-Wed-Mar-01-2017 PM2.5 |   8.66 |   5.72 |   5.55 |   3.21 |I I 
08:24-Wed-Mar-01-2017 PM10  |  50.27 |  33.29 |  31.10 |  10.54 |I I 
08:24-Wed-Mar-01-2017 PM2.5 |  13.15 |   6.55 |   5.55 |   3.21 |I I 
08:25-Wed-Mar-01-2017 PM10  |  71.60 |  37.12 |  31.10 |  10.54 |I I 
08:25-Wed-Mar-01-2017 PM2.5 |  22.04 |   8.10 |   5.55 |   3.21 |I I 
08:29-Wed-Mar-01-2017 PM10  |  88.93 |  41.83 |  31.10 |  10.54 |I I 
08:29-Wed-Mar-01-2017 PM2.5 |  30.82 |  10.16 |   5.55 |   3.21 |I I 
08:30-Wed-Mar-01-2017 PM10  |  87.43 |  45.63 |  31.10 |  10.54 |I I 
08:30-Wed-Mar-01-2017 PM2.5 |  27.45 |  11.60 |   5.55 |   3.21 |I I 
08:34-Wed-Mar-01-2017 PM10  |  71.83 |  47.65 |  31.10 |  10.54 |I I 
08:34-Wed-Mar-01-2017 PM2.5 |  24.16 |  12.57 |   5.55 |   3.21 |I I 
08:35-Wed-Mar-01-2017 PM10  |  33.74 |  46.65 |  31.10 |  10.54 |I I 
08:35-Wed-Mar-01-2017 PM2.5 |   7.75 |  12.23 |   5.55 |   3.21 |I I 
08:39-Wed-Mar-01-2017 PM10  |  35.52 |  45.91 |  31.10 |  10.54 |I I 
08:39-Wed-Mar-01-2017 PM2.5 |   6.49 |  11.84 |   5.55 |   3.21 |I I 
08:40-Wed-Mar-01-2017 PM10  |  29.52 |  44.89 |  31.10 |  10.54 |I I 
08:40-Wed-Mar-01-2017 PM2.5 |   5.70 |  11.46 |   5.55 |   3.21 |I I 
08:44-Wed-Mar-01-2017 PM10  |  36.04 |  44.37 |  31.10 |  10.54 |I I 
08:44-Wed-Mar-01-2017 PM2.5 |   6.32 |  11.16 |   5.55 |   3.21 |I I 
08:45-Wed-Mar-01-2017 PM10  |  25.55 |  43.32 |  31.10 |  10.54 |I I 
08:45-Wed-Mar-01-2017 PM2.5 |   4.69 |  10.80 |   5.55 |   3.21 |I I 
08:46-Wed-Mar-01-2017 PM10  |  25.55 |  42.38 |  31.10 |  10.54 |I I 
08:46-Wed-Mar-01-2017 PM2.5 |   4.69 |  10.48 |   5.55 |   3.21 |I I 
08:50-Wed-Mar-01-2017 PM10  |  27.07 |  41.62 |  31.10 |  10.54 |I I 
08:50-Wed-Mar-01-2017 PM2.5 |   4.67 |  10.19 |   5.55 |   3.21 |I I 
08:51-Wed-Mar-01-2017 PM10  |  29.28 |  41.03 |  31.10 |  10.54 |I I 
08:51-Wed-Mar-01-2017 PM2.5 |   5.26 |   9.95 |   5.55 |   3.21 |I I 
08:55-Wed-Mar-01-2017 PM10  |  27.93 |  40.44 |  31.10 |  10.54 |I I 
08:55-Wed-Mar-01-2017 PM2.5 |   4.93 |   9.72 |   5.55 |   3.21 |I I 
08:56-Wed-Mar-01-2017 PM10  |  21.00 |  39.59 |  31.10 |  10.54 |I I 
08:56-Wed-Mar-01-2017 PM2.5 |   4.34 |   9.49 |   5.55 |   3.21 |I I 
09:00-Wed-Mar-01-2017 PM10  |  28.87 |  39.14 |  39.14 |  10.54 |I I 
09:00-Wed-Mar-01-2017 PM2.5 |   4.99 |   9.30 |   9.30 |   3.21 |I I 
09:01-Wed-Mar-01-2017 PM10  |  28.06 |  28.06 |  39.14 |  10.54 |I I 
09:01-Wed-Mar-01-2017 PM2.5 |   5.02 |   5.02 |   9.30 |   3.21 |I I 
09:05-Wed-Mar-01-2017 PM10  |  28.36 |  28.21 |  39.14 |  10.54 |I I 
09:05-Wed-Mar-01-2017 PM2.5 |   5.43 |   5.22 |   9.30 |   3.21 |I I 
09:06-Wed-Mar-01-2017 PM10  |  25.15 |  27.19 |  39.14 |  10.54 |I I 
09:06-Wed-Mar-01-2017 PM2.5 |   5.32 |   5.26 |   9.30 |   3.21 |I I 
09:10-Wed-Mar-01-2017 PM10  |  26.91 |  27.12 |  39.14 |  10.54 |I I 
09:10-Wed-Mar-01-2017 PM2.5 |   5.35 |   5.28 |   9.30 |   3.21 |I I 
09:11-Wed-Mar-01-2017 PM10  |  30.46 |  27.78 |  39.14 |  10.54 |I I 
09:11-Wed-Mar-01-2017 PM2.5 |   6.39 |   5.50 |   9.30 |   3.21 |I I 
09:12-Wed-Mar-01-2017 PM10  |  30.46 |  28.23 |  39.14 |  10.54 |I I 
09:12-Wed-Mar-01-2017 PM2.5 |   6.39 |   5.65 |   9.30 |   3.21 |I I 
09:16-Wed-Mar-01-2017 PM10  |  31.58 |  28.71 |  39.14 |  10.54 |I I 
09:16-Wed-Mar-01-2017 PM2.5 |   7.31 |   5.88 |   9.30 |   3.21 |I I 
09:17-Wed-Mar-01-2017 PM10  |  31.49 |  29.06 |  39.14 |  10.54 |I I 
09:17-Wed-Mar-01-2017 PM2.5 |   6.43 |   5.95 |   9.30 |   3.21 |I I 
09:21-Wed-Mar-01-2017 PM10  |  35.97 |  29.82 |  39.14 |  10.54 |I I 
09:21-Wed-Mar-01-2017 PM2.5 |   7.98 |   6.18 |   9.30 |   3.21 |I I 
09:22-Wed-Mar-01-2017 PM10  |  39.41 |  30.78 |  39.14 |  10.54 |I I 
09:22-Wed-Mar-01-2017 PM2.5 |   7.33 |   6.29 |   9.30 |   3.21 |I I 
09:26-Wed-Mar-01-2017 PM10  |  38.22 |  31.46 |  39.14 |  10.54 |I I 
09:26-Wed-Mar-01-2017 PM2.5 |   7.61 |   6.41 |   9.30 |   3.21 |I I 
09:27-Wed-Mar-01-2017 PM10  |  32.97 |  31.58 |  39.14 |  10.54 |I I 
09:27-Wed-Mar-01-2017 PM2.5 |   5.66 |   6.35 |   9.30 |   3.21 |I I 
09:31-Wed-Mar-01-2017 PM10  |  33.18 |  31.71 |  39.14 |  10.54 |I I 
09:31-Wed-Mar-01-2017 PM2.5 |   6.00 |   6.32 |   9.30 |   3.21 |I I 
09:32-Wed-Mar-01-2017 PM10  |  32.10 |  31.74 |  39.14 |  10.54 |I I 
09:32-Wed-Mar-01-2017 PM2.5 |   5.25 |   6.25 |   9.30 |   3.21 |I I 
09:37-Wed-Mar-01-2017Timeout Event handler
09:37-Wed-Mar-01-2017 PM10  |  25.97 |  31.35 |  39.14 |  10.54 |B I 
09:37-Wed-Mar-01-2017 PM2.5 |   5.79 |   6.22 |   9.30 |   3.21 |B I 
09:38-Wed-Mar-01-2017recover dati per host :salvatorehost.no-ip.org/aria
09:38-Wed-Mar-01-2017 PM10  |  22.79 |  30.82 |  39.14 |  10.54 |I I 
09:38-Wed-Mar-01-2017 PM2.5 |   4.72 |   6.12 |   9.30 |   3.21 |I I 
09:42-Wed-Mar-01-2017 PM10  |  29.99 |  30.77 |  39.14 |  10.54 |I I 
09:42-Wed-Mar-01-2017 PM2.5 |   5.27 |   6.07 |   9.30 |   3.21 |I I 
09:43-Wed-Mar-01-2017 PM10  |  29.99 |  30.72 |  39.14 |  10.54 |I I 
09:43-Wed-Mar-01-2017 PM2.5 |   5.27 |   6.03 |   9.30 |   3.21 |I I 
09:44-Wed-Mar-01-2017 PM10  |  22.01 |  30.27 |  39.14 |  10.54 |I I 
09:44-Wed-Mar-01-2017 PM2.5 |   5.01 |   5.97 |   9.30 |   3.21 |I I 
09:48-Wed-Mar-01-2017 PM10  |  27.61 |  30.13 |  39.14 |  10.54 |I I 
09:48-Wed-Mar-01-2017 PM2.5 |   5.20 |   5.93 |   9.30 |   3.21 |I I 
09:49-Wed-Mar-01-2017 PM10  |  27.40 |  30.00 |  39.14 |  10.54 |I I 
09:49-Wed-Mar-01-2017 PM2.5 |   5.09 |   5.89 |   9.30 |   3.21 |I I 
09:53-Wed-Mar-01-2017 PM10  |  24.31 |  29.74 |  39.14 |  10.54 |I I 
09:53-Wed-Mar-01-2017 PM2.5 |   5.09 |   5.86 |   9.30 |   3.21 |I I 
09:54-Wed-Mar-01-2017 PM10  |  30.51 |  29.78 |  39.14 |  10.54 |I I 
09:54-Wed-Mar-01-2017 PM2.5 |   4.96 |   5.82 |   9.30 |   3.21 |I I 
09:58-Wed-Mar-01-2017 PM10  |  26.41 |  29.64 |  39.14 |  10.54 |I I 
09:58-Wed-Mar-01-2017 PM2.5 |   5.33 |   5.80 |   9.30 |   3.21 |I I 
09:59-Wed-Mar-01-2017 PM10  |  28.05 |  29.57 |  39.14 |  10.54 |I I 
09:59-Wed-Mar-01-2017 PM2.5 |   5.39 |   5.78 |   9.30 |   3.21 |I I 
10:03-Wed-Mar-01-2017 PM10  |  25.88 |  29.43 |  39.14 |  10.54 |I I 
10:03-Wed-Mar-01-2017 PM2.5 |   5.60 |   5.77 |   9.30 |   3.21 |I I 
10:04-Wed-Mar-01-2017 PM10  |  29.23 |  29.23 |  39.14 |  10.54 |I I 
10:04-Wed-Mar-01-2017 PM2.5 |   5.64 |   5.64 |   9.30 |   3.21 |I I 
10:08-Wed-Mar-01-2017 PM10  |  37.12 |  33.18 |  39.14 |  10.54 |I I 
10:08-Wed-Mar-01-2017 PM2.5 |   5.85 |   5.75 |   9.30 |   3.21 |I I 
10:09-Wed-Mar-01-2017 PM10  |  32.23 |  32.86 |  39.14 |  10.54 |I I 
10:09-Wed-Mar-01-2017 PM2.5 |   5.64 |   5.71 |   9.30 |   3.21 |I I 
10:10-Wed-Mar-01-2017 PM10  |  32.23 |  32.70 |  39.14 |  10.54 |I I 
10:10-Wed-Mar-01-2017 PM2.5 |   5.64 |   5.69 |   9.30 |   3.21 |I I 
10:14-Wed-Mar-01-2017 PM10  |  29.67 |  32.10 |  39.14 |  10.54 |I I 
10:14-Wed-Mar-01-2017 PM2.5 |   5.95 |   5.75 |   9.30 |   3.21 |I I 
10:15-Wed-Mar-01-2017 PM10  |  26.40 |  31.15 |  39.14 |  10.54 |I I 
10:15-Wed-Mar-01-2017 PM2.5 |   5.02 |   5.62 |   9.30 |   3.21 |I I 
10:19-Wed-Mar-01-2017 PM10  |  24.51 |  30.20 |  39.14 |  10.54 |I I 
10:19-Wed-Mar-01-2017 PM2.5 |   5.16 |   5.56 |   9.30 |   3.21 |I I 
10:20-Wed-Mar-01-2017 PM10  |  29.57 |  30.12 |  39.14 |  10.54 |I I 
10:20-Wed-Mar-01-2017 PM2.5 |   5.24 |   5.52 |   9.30 |   3.21 |I I 
10:24-Wed-Mar-01-2017 PM10  |  32.62 |  30.40 |  39.14 |  10.54 |I I 
10:24-Wed-Mar-01-2017 PM2.5 |   5.89 |   5.56 |   9.30 |   3.21 |I I 
10:25-Wed-Mar-01-2017 PM10  |  23.25 |  29.68 |  39.14 |  10.54 |I I 
10:25-Wed-Mar-01-2017 PM2.5 |   4.91 |   5.49 |   9.30 |   3.21 |I I 
10:29-Wed-Mar-01-2017 PM10  |  29.59 |  29.67 |  39.14 |  10.54 |I I 
10:29-Wed-Mar-01-2017 PM2.5 |   5.16 |   5.46 |   9.30 |   3.21 |I I 
10:30-Wed-Mar-01-2017 PM10  |  24.99 |  29.28 |  39.14 |  10.54 |I I 
10:30-Wed-Mar-01-2017 PM2.5 |   4.93 |   5.42 |   9.30 |   3.21 |I I 
10:34-Wed-Mar-01-2017 PM10  |  29.56 |  29.31 |  39.14 |  10.54 |I I 
10:34-Wed-Mar-01-2017 PM2.5 |   5.08 |   5.39 |   9.30 |   3.21 |I I 
10:35-Wed-Mar-01-2017 PM10  |  25.19 |  29.01 |  39.14 |  10.54 |I I 
10:35-Wed-Mar-01-2017 PM2.5 |   4.79 |   5.35 |   9.30 |   3.21 |I I 
10:36-Wed-Mar-01-2017 PM10  |  25.19 |  28.76 |  39.14 |  10.54 |I I 
10:36-Wed-Mar-01-2017 PM2.5 |   4.79 |   5.31 |   9.30 |   3.21 |I I 
10:40-Wed-Mar-01-2017 PM10  |  25.44 |  28.55 |  39.14 |  10.54 |I I 
10:40-Wed-Mar-01-2017 PM2.5 |   4.59 |   5.27 |   9.30 |   3.21 |I I 
10:41-Wed-Mar-01-2017 PM10  |  20.00 |  28.05 |  39.14 |  10.54 |I I 
10:41-Wed-Mar-01-2017 PM2.5 |   4.50 |   5.22 |   9.30 |   3.21 |I I 
10:45-Wed-Mar-01-2017 PM10  |  23.56 |  27.80 |  39.14 |  10.54 |I I 
10:45-Wed-Mar-01-2017 PM2.5 |   4.82 |   5.20 |   9.30 |   3.21 |I I 
10:46-Wed-Mar-01-2017 PM10  |  23.14 |  27.55 |  39.14 |  10.54 |I I 
10:46-Wed-Mar-01-2017 PM2.5 |   4.73 |   5.18 |   9.30 |   3.21 |I I 
10:50-Wed-Mar-01-2017 PM10  |  21.70 |  27.26 |  39.14 |  10.54 |I I 
10:50-Wed-Mar-01-2017 PM2.5 |   4.57 |   5.15 |   9.30 |   3.21 |I I 
10:51-Wed-Mar-01-2017 PM10  |  16.76 |  26.76 |  39.14 |  10.54 |I I 
10:51-Wed-Mar-01-2017 PM2.5 |   4.04 |   5.09 |   9.30 |   3.21 |I I 
10:55-Wed-Mar-01-2017 PM10  |  19.15 |  26.41 |  39.14 |  10.54 |I I 
10:55-Wed-Mar-01-2017 PM2.5 |   4.21 |   5.05 |   9.30 |   3.21 |I I 
10:56-Wed-Mar-01-2017 PM10  |  18.84 |  26.08 |  39.14 |  10.54 |I I 
10:56-Wed-Mar-01-2017 PM2.5 |   4.02 |   5.01 |   9.30 |   3.21 |I I 
11:00-Wed-Mar-01-2017 PM10  |  21.73 |  25.90 |  39.14 |  10.54 |I I 
11:00-Wed-Mar-01-2017 PM2.5 |   3.99 |   4.97 |   9.30 |   3.21 |I I 
11:01-Wed-Mar-01-2017 PM10  |  11.79 |  11.79 |  39.14 |  10.54 |I I 
11:01-Wed-Mar-01-2017 PM2.5 |   3.62 |   3.62 |   9.30 |   3.21 |I I 
11:05-Wed-Mar-01-2017 PM10  |  13.04 |  12.42 |  39.14 |  10.54 |I I 
11:05-Wed-Mar-01-2017 PM2.5 |   3.47 |   3.55 |   9.30 |   3.21 |I I 
11:06-Wed-Mar-01-2017 PM10  |  13.04 |  12.63 |  39.14 |  10.54 |I I 
11:06-Wed-Mar-01-2017 PM2.5 |   3.47 |   3.52 |   9.30 |   3.21 |I I 
11:07-Wed-Mar-01-2017 PM10  |  11.26 |  12.28 |  39.14 |  10.54 |I I 
11:07-Wed-Mar-01-2017 PM2.5 |   3.43 |   3.50 |   9.30 |   3.21 |I I 
11:11-Wed-Mar-01-2017 PM10  |  12.17 |  12.26 |  39.14 |  10.54 |I I 
11:11-Wed-Mar-01-2017 PM2.5 |   3.53 |   3.50 |   9.30 |   3.21 |I I 
11:12-Wed-Mar-01-2017 PM10  |  11.30 |  12.10 |  39.14 |  10.54 |I I 
11:12-Wed-Mar-01-2017 PM2.5 |   3.51 |   3.50 |   9.30 |   3.21 |I I 
11:16-Wed-Mar-01-2017 PM10  |  13.08 |  12.24 |  39.14 |  10.54 |I I 
11:16-Wed-Mar-01-2017 PM2.5 |   3.58 |   3.52 |   9.30 |   3.21 |I I 
11:17-Wed-Mar-01-2017 PM10  |  15.93 |  12.70 |  39.14 |  10.54 |I I 
11:17-Wed-Mar-01-2017 PM2.5 |   3.45 |   3.51 |   9.30 |   3.21 |I I 
11:21-Wed-Mar-01-2017 PM10  |  16.48 |  13.12 |  39.14 |  10.54 |I I 
11:21-Wed-Mar-01-2017 PM2.5 |   3.59 |   3.52 |   9.30 |   3.21 |I I 
11:22-Wed-Mar-01-2017 PM10  |  12.23 |  13.03 |  39.14 |  10.54 |I I 
11:22-Wed-Mar-01-2017 PM2.5 |   3.22 |   3.49 |   9.30 |   3.21 |I I 
11:26-Wed-Mar-01-2017 PM10  |  12.62 |  12.99 |  39.14 |  10.54 |I I 
11:26-Wed-Mar-01-2017 PM2.5 |   3.23 |   3.46 |   9.30 |   3.21 |I I 
11:27-Wed-Mar-01-2017 PM10  |  22.86 |  13.82 |  39.14 |  10.54 |I I 
11:27-Wed-Mar-01-2017 PM2.5 |   5.08 |   3.60 |   9.30 |   3.21 |I I 
11:31-Wed-Mar-01-2017 PM10  |  25.52 |  14.72 |  39.14 |  10.54 |I I 
11:31-Wed-Mar-01-2017 PM2.5 |   6.02 |   3.78 |   9.30 |   3.21 |I I 
11:32-Wed-Mar-01-2017 PM10  |  25.52 |  15.49 |  39.14 |  10.54 |I I 
11:32-Wed-Mar-01-2017 PM2.5 |   6.02 |   3.94 |   9.30 |   3.21 |I I 
11:33-Wed-Mar-01-2017 PM10  |  26.13 |  16.20 |  39.14 |  10.54 |I I 
11:33-Wed-Mar-01-2017 PM2.5 |   4.70 |   3.99 |   9.30 |   3.21 |I I 
11:37-Wed-Mar-01-2017 PM10  |  18.86 |  16.36 |  39.14 |  10.54 |I I 
11:37-Wed-Mar-01-2017 PM2.5 |   4.36 |   4.02 |   9.30 |   3.21 |I I 
11:38-Wed-Mar-01-2017 PM10  |  20.01 |  16.58 |  39.14 |  10.54 |I I 
11:38-Wed-Mar-01-2017 PM2.5 |   3.76 |   4.00 |   9.30 |   3.21 |I I 
11:42-Wed-Mar-01-2017 PM10  |  18.42 |  16.68 |  39.14 |  10.54 |I I 
11:42-Wed-Mar-01-2017 PM2.5 |   3.72 |   3.99 |   9.30 |   3.21 |I I 
11:43-Wed-Mar-01-2017 PM10  |  16.78 |  16.69 |  39.14 |  10.54 |I I 
11:43-Wed-Mar-01-2017 PM2.5 |   3.66 |   3.97 |   9.30 |   3.21 |I I 
11:47-Wed-Mar-01-2017 PM10  |  12.07 |  16.46 |  39.14 |  10.54 |I I 
11:47-Wed-Mar-01-2017 PM2.5 |   3.54 |   3.95 |   9.30 |   3.21 |I I 
11:48-Wed-Mar-01-2017 PM10  |  15.09 |  16.39 |  39.14 |  10.54 |I I 
11:48-Wed-Mar-01-2017 PM2.5 |   3.47 |   3.93 |   9.30 |   3.21 |I I 
11:52-Wed-Mar-01-2017 PM10  |  13.44 |  16.26 |  39.14 |  10.54 |I I 
11:52-Wed-Mar-01-2017 PM2.5 |   3.30 |   3.90 |   9.30 |   3.21 |I I 
11:53-Wed-Mar-01-2017 PM10  |  15.44 |  16.22 |  39.14 |  10.54 |I I 
11:53-Wed-Mar-01-2017 PM2.5 |   3.68 |   3.89 |   9.30 |   3.21 |I I 
11:57-Wed-Mar-01-2017 PM10  |  18.26 |  16.31 |  39.14 |  10.54 |I I 
11:57-Wed-Mar-01-2017 PM2.5 |   3.56 |   3.87 |   9.30 |   3.21 |I I 
11:58-Wed-Mar-01-2017 PM10  |  15.02 |  16.25 |  39.14 |  10.54 |I I 
11:58-Wed-Mar-01-2017 PM2.5 |   4.08 |   3.88 |   9.30 |   3.21 |I I 
11:59-Wed-Mar-01-2017 PM10  |  15.02 |  16.21 |  39.14 |  10.54 |I I 
11:59-Wed-Mar-01-2017 PM2.5 |   4.08 |   3.89 |   9.30 |   3.21 |I I 
12:04-Wed-Mar-01-2017Timeout Event handler
12:04-Wed-Mar-01-2017 PM10  |  21.22 |  16.39 |  39.14 |  10.54 |B I 
12:04-Wed-Mar-01-2017 PM2.5 |   4.29 |   3.90 |   9.30 |   3.21 |B I 
12:05-Wed-Mar-01-2017recover dati per host :salvatorehost.no-ip.org/aria
12:05-Wed-Mar-01-2017 PM10  |  22.91 |  22.91 |  39.14 |  10.54 |I I 
12:05-Wed-Mar-01-2017 PM2.5 |   3.63 |   3.63 |   9.30 |   3.21 |I I 
12:09-Wed-Mar-01-2017 PM10  |  16.75 |  19.83 |  39.14 |  10.54 |I I 
12:09-Wed-Mar-01-2017 PM2.5 |   3.55 |   3.59 |   9.30 |   3.21 |I I 
12:10-Wed-Mar-01-2017 PM10  |  20.45 |  20.04 |  39.14 |  10.54 |I I 
12:10-Wed-Mar-01-2017 PM2.5 |   4.06 |   3.75 |   9.30 |   3.21 |I I 
12:14-Wed-Mar-01-2017 PM10  |  17.86 |  19.49 |  39.14 |  10.54 |I I 
12:14-Wed-Mar-01-2017 PM2.5 |   4.19 |   3.86 |   9.30 |   3.21 |I I 
12:15-Wed-Mar-01-2017 PM10  |  24.66 |  20.53 |  39.14 |  10.54 |I I 
12:15-Wed-Mar-01-2017 PM2.5 |   4.01 |   3.89 |   9.30 |   3.21 |I I 
12:19-Wed-Mar-01-2017 PM10  |  18.83 |  20.24 |  39.14 |  10.54 |I I 
12:19-Wed-Mar-01-2017 PM2.5 |   3.61 |   3.84 |   9.30 |   3.21 |I I 
12:20-Wed-Mar-01-2017 PM10  |  18.22 |  19.96 |  39.14 |  10.54 |I I 
12:20-Wed-Mar-01-2017 PM2.5 |   4.11 |   3.88 |   9.30 |   3.21 |I I 
12:24-Wed-Mar-01-2017 PM10  |  19.83 |  19.94 |  39.14 |  10.54 |I I 
12:24-Wed-Mar-01-2017 PM2.5 |   3.96 |   3.89 |   9.30 |   3.21 |I I 
12:25-Wed-Mar-01-2017 PM10  |  14.93 |  19.38 |  39.14 |  10.54 |I I 
12:25-Wed-Mar-01-2017 PM2.5 |   3.49 |   3.85 |   9.30 |   3.21 |I I 
12:29-Wed-Mar-01-2017Timeout Event handler
12:29-Wed-Mar-01-2017 PM10  |  15.68 |  19.01 |  39.14 |  10.54 |B I 
12:29-Wed-Mar-01-2017 PM2.5 |   3.53 |   3.81 |   9.30 |   3.21 |B I 
12:30-Wed-Mar-01-2017recover dati per host :salvatorehost.no-ip.org/aria
12:30-Wed-Mar-01-2017 PM10  |  16.62 |  18.80 |  39.14 |  10.54 |I I 
12:30-Wed-Mar-01-2017 PM2.5 |   3.34 |   3.77 |   9.30 |   3.21 |I I 
12:31-Wed-Mar-01-2017 PM10  |  16.62 |  18.61 |  39.14 |  10.54 |I I 
12:31-Wed-Mar-01-2017 PM2.5 |   3.34 |   3.73 |   9.30 |   3.21 |I I 
12:35-Wed-Mar-01-2017 PM10  |  18.91 |  18.64 |  39.14 |  10.54 |I I 
12:35-Wed-Mar-01-2017 PM2.5 |   3.67 |   3.73 |   9.30 |   3.21 |I I 
12:36-Wed-Mar-01-2017 PM10  |  17.54 |  18.56 |  39.14 |  10.54 |I I 
12:36-Wed-Mar-01-2017 PM2.5 |   3.32 |   3.70 |   9.30 |   3.21 |I I 
12:40-Wed-Mar-01-2017 PM10  |  16.41 |  18.42 |  39.14 |  10.54 |I I 
12:40-Wed-Mar-01-2017 PM2.5 |   3.55 |   3.69 |   9.30 |   3.21 |I I 
12:41-Wed-Mar-01-2017 PM10  |  13.24 |  18.09 |  39.14 |  10.54 |I I 
12:41-Wed-Mar-01-2017 PM2.5 |   3.22 |   3.66 |   9.30 |   3.21 |I I 
12:45-Wed-Mar-01-2017 PM10  |  17.02 |  18.03 |  39.14 |  10.54 |I I 
12:45-Wed-Mar-01-2017 PM2.5 |   3.46 |   3.65 |   9.30 |   3.21 |I I 
12:46-Wed-Mar-01-2017 PM10  |  21.26 |  18.21 |  39.14 |  10.54 |I I 
12:46-Wed-Mar-01-2017 PM2.5 |   3.43 |   3.64 |   9.30 |   3.21 |I I 
12:50-Wed-Mar-01-2017 PM10  |  20.04 |  18.31 |  39.14 |  10.54 |I I 
12:50-Wed-Mar-01-2017 PM2.5 |   3.92 |   3.65 |   9.30 |   3.21 |I I 
12:51-Wed-Mar-01-2017 PM10  |  18.64 |  18.32 |  39.14 |  10.54 |I I 
12:51-Wed-Mar-01-2017 PM2.5 |   3.67 |   3.65 |   9.30 |   3.21 |I I 
12:55-Wed-Mar-01-2017 PM10  |  41.44 |  19.42 |  39.14 |  10.54 |I I 
12:55-Wed-Mar-01-2017 PM2.5 |   5.30 |   3.73 |   9.30 |   3.21 |I I 
12:56-Wed-Mar-01-2017 PM10  |  13.93 |  19.17 |  39.14 |  10.54 |I I 
12:56-Wed-Mar-01-2017 PM2.5 |   3.21 |   3.71 |   9.30 |   3.21 |I I 
12:57-Wed-Mar-01-2017 PM10  |  13.93 |  18.95 |  39.14 |  10.54 |I I 
12:57-Wed-Mar-01-2017 PM2.5 |   3.21 |   3.69 |   9.30 |   3.21 |I I 
13:01-Wed-Mar-01-2017 PM10  |  17.49 |  18.88 |  39.14 |  10.54 |I I 
13:01-Wed-Mar-01-2017 PM2.5 |   3.63 |   3.68 |   9.30 |   3.21 |I I 
13:02-Wed-Mar-01-2017 PM10  |  13.28 |  13.28 |  39.14 |  10.54 |I I 
13:02-Wed-Mar-01-2017 PM2.5 |   3.12 |   3.12 |   9.30 |   3.21 |I I 
13:06-Wed-Mar-01-2017 PM10  |  14.06 |  13.67 |  39.14 |  10.54 |I I 
13:06-Wed-Mar-01-2017 PM2.5 |   3.50 |   3.31 |   9.30 |   3.21 |I I 
13:07-Wed-Mar-01-2017 PM10  |  15.29 |  14.21 |  39.14 |  10.54 |I I 
13:07-Wed-Mar-01-2017 PM2.5 |   3.16 |   3.26 |   9.30 |   3.21 |I I 
13:11-Wed-Mar-01-2017 PM10  |  15.78 |  14.60 |  39.14 |  10.54 |I I 
13:11-Wed-Mar-01-2017 PM2.5 |   3.53 |   3.33 |   9.30 |   3.21 |I I 
13:12-Wed-Mar-01-2017 PM10  |  19.02 |  15.49 |  39.14 |  10.54 |I I 
13:12-Wed-Mar-01-2017 PM2.5 |   3.47 |   3.36 |   9.30 |   3.21 |I I 
13:16-Wed-Mar-01-2017 PM10  |  14.61 |  15.34 |  39.14 |  10.54 |I I 
13:16-Wed-Mar-01-2017 PM2.5 |   3.60 |   3.40 |   9.30 |   3.21 |I I 
13:17-Wed-Mar-01-2017 PM10  |  14.45 |  15.21 |  39.14 |  10.54 |I I 
13:17-Wed-Mar-01-2017 PM2.5 |   2.94 |   3.33 |   9.30 |   3.21 |I I 
13:21-Wed-Mar-01-2017 PM10  |  14.03 |  15.07 |  39.14 |  10.54 |I I 
13:21-Wed-Mar-01-2017 PM2.5 |   2.88 |   3.28 |   9.30 |   3.21 |I I 
13:22-Wed-Mar-01-2017 PM10  |  16.18 |  15.19 |  39.14 |  10.54 |I I 
13:22-Wed-Mar-01-2017 PM2.5 |   3.54 |   3.31 |   9.30 |   3.21 |I I 
13:26-Wed-Mar-01-2017 PM10  |  13.92 |  15.06 |  39.14 |  10.54 |I I 
13:26-Wed-Mar-01-2017 PM2.5 |   3.19 |   3.29 |   9.30 |   3.21 |I I 
13:27-Wed-Mar-01-2017 PM10  |  14.69 |  15.03 |  39.14 |  10.54 |I I 
13:27-Wed-Mar-01-2017 PM2.5 |   3.47 |   3.31 |   9.30 |   3.21 |I I 
13:28-Wed-Mar-01-2017 PM10  |  14.69 |  15.00 |  39.14 |  10.54 |I I 
13:28-Wed-Mar-01-2017 PM2.5 |   3.47 |   3.32 |   9.30 |   3.21 |I I 
13:32-Wed-Mar-01-2017 PM10  |  15.73 |  15.06 |  39.14 |  10.54 |I I 
13:32-Wed-Mar-01-2017 PM2.5 |   3.49 |   3.34 |   9.30 |   3.21 |I I 
13:33-Wed-Mar-01-2017 PM10  |  15.30 |  15.07 |  39.14 |  10.54 |I I 
13:33-Wed-Mar-01-2017 PM2.5 |   3.46 |   3.35 |   9.30 |   3.21 |I I 
13:37-Wed-Mar-01-2017 PM10  |  15.70 |  15.12 |  39.14 |  10.54 |I I 
13:37-Wed-Mar-01-2017 PM2.5 |   3.65 |   3.37 |   9.30 |   3.21 |I I 
13:38-Wed-Mar-01-2017 PM10  |  20.36 |  15.44 |  39.14 |  10.54 |I I 
13:38-Wed-Mar-01-2017 PM2.5 |   4.30 |   3.42 |   9.30 |   3.21 |I I 
13:42-Wed-Mar-01-2017 PM10  |  21.23 |  15.78 |  39.14 |  10.54 |I I 
13:42-Wed-Mar-01-2017 PM2.5 |   4.03 |   3.46 |   9.30 |   3.21 |I I 
13:43-Wed-Mar-01-2017 PM10  |  18.28 |  15.92 |  39.14 |  10.54 |I I 
13:43-Wed-Mar-01-2017 PM2.5 |   3.95 |   3.49 |   9.30 |   3.21 |I I 
13:47-Wed-Mar-01-2017 PM10  |  13.85 |  15.81 |  39.14 |  10.54 |I I 
13:47-Wed-Mar-01-2017 PM2.5 |   4.11 |   3.52 |   9.30 |   3.21 |I I 
13:48-Wed-Mar-01-2017 PM10  |  12.76 |  15.66 |  39.14 |  10.54 |I I 
13:48-Wed-Mar-01-2017 PM2.5 |   3.73 |   3.53 |   9.30 |   3.21 |I I 
13:52-Wed-Mar-01-2017 PM10  |  15.14 |  15.64 |  39.14 |  10.54 |I I 
13:52-Wed-Mar-01-2017 PM2.5 |   4.02 |   3.55 |   9.30 |   3.21 |I I 
13:53-Wed-Mar-01-2017 PM10  |  15.12 |  15.61 |  39.14 |  10.54 |I I 
13:53-Wed-Mar-01-2017 PM2.5 |   3.82 |   3.57 |   9.30 |   3.21 |I I 
13:54-Wed-Mar-01-2017 PM10  |  15.12 |  15.59 |  39.14 |  10.54 |I I 
13:54-Wed-Mar-01-2017 PM2.5 |   3.82 |   3.58 |   9.30 |   3.21 |I I 
13:58-Wed-Mar-01-2017 PM10  |  18.78 |  15.72 |  39.14 |  10.54 |I I 
13:58-Wed-Mar-01-2017 PM2.5 |   4.68 |   3.62 |   9.30 |   3.21 |I I 
13:59-Wed-Mar-01-2017 PM10  |  16.33 |  15.75 |  39.14 |  10.54 |I I 
13:59-Wed-Mar-01-2017 PM2.5 |   4.02 |   3.64 |   9.30 |   3.21 |I I 
14:03-Wed-Mar-01-2017 PM10  |  19.53 |  15.89 |  39.14 |  10.54 |I I 
14:03-Wed-Mar-01-2017 PM2.5 |   4.08 |   3.66 |   9.30 |   3.21 |I I 
14:04-Wed-Mar-01-2017 PM10  |  18.41 |  18.41 |  39.14 |  10.54 |I I 
14:04-Wed-Mar-01-2017 PM2.5 |   3.77 |   3.77 |   9.30 |   3.21 |I I 
14:09-Wed-Mar-01-2017 PM10  |  18.24 |  18.32 |  39.14 |  10.54 |I I 
14:09-Wed-Mar-01-2017 PM2.5 |   4.29 |   4.03 |   9.30 |   3.21 |I I 
14:10-Wed-Mar-01-2017 PM10  |  18.10 |  18.25 |  39.14 |  10.54 |I I 
14:10-Wed-Mar-01-2017 PM2.5 |   3.88 |   3.98 |   9.30 |   3.21 |I I 
14:14-Wed-Mar-01-2017 PM10  |  20.51 |  18.81 |  39.14 |  10.54 |I I 
14:14-Wed-Mar-01-2017 PM2.5 |   4.00 |   3.99 |   9.30 |   3.21 |I I 
14:15-Wed-Mar-01-2017 PM10  |  20.19 |  19.09 |  39.14 |  10.54 |I I 
14:15-Wed-Mar-01-2017 PM2.5 |   3.75 |   3.94 |   9.30 |   3.21 |I I 
14:19-Wed-Mar-01-2017 PM10  |  17.43 |  18.81 |  39.14 |  10.54 |I I 
14:19-Wed-Mar-01-2017 PM2.5 |   3.92 |   3.93 |   9.30 |   3.21 |I I 
14:20-Wed-Mar-01-2017 PM10  |  16.13 |  18.43 |  39.14 |  10.54 |I I 
14:20-Wed-Mar-01-2017 PM2.5 |   3.73 |   3.91 |   9.30 |   3.21 |I I 
14:21-Wed-Mar-01-2017 PM10  |  16.13 |  18.14 |  39.14 |  10.54 |I I 
14:21-Wed-Mar-01-2017 PM2.5 |   3.73 |   3.88 |   9.30 |   3.21 |I I 
14:25-Wed-Mar-01-2017 PM10  |  20.18 |  18.37 |  39.14 |  10.54 |I I 
14:25-Wed-Mar-01-2017 PM2.5 |   3.88 |   3.88 |   9.30 |   3.21 |I I 
14:26-Wed-Mar-01-2017 PM10  |  15.73 |  18.10 |  39.14 |  10.54 |I I 
14:26-Wed-Mar-01-2017 PM2.5 |   3.82 |   3.88 |   9.30 |   3.21 |I I 
14:30-Wed-Mar-01-2017 PM10  |  19.16 |  18.20 |  39.14 |  10.54 |I I 
14:30-Wed-Mar-01-2017 PM2.5 |   4.23 |   3.91 |   9.30 |   3.21 |I I 
14:31-Wed-Mar-01-2017 PM10  |  13.75 |  17.83 |  39.14 |  10.54 |I I 
14:31-Wed-Mar-01-2017 PM2.5 |   3.34 |   3.86 |   9.30 |   3.21 |I I 
14:35-Wed-Mar-01-2017 PM10  |  16.68 |  17.74 |  39.14 |  10.54 |I I 
14:35-Wed-Mar-01-2017 PM2.5 |   3.84 |   3.86 |   9.30 |   3.21 |I I 
14:36-Wed-Mar-01-2017 PM10  |  18.87 |  17.82 |  39.14 |  10.54 |I I 
14:36-Wed-Mar-01-2017 PM2.5 |   3.57 |   3.84 |   9.30 |   3.21 |I I 
14:40-Wed-Mar-01-2017 PM10  |  15.79 |  17.69 |  39.14 |  10.54 |I I 
14:40-Wed-Mar-01-2017 PM2.5 |   3.86 |   3.84 |   9.30 |   3.21 |I I 
14:41-Wed-Mar-01-2017 PM10  |  15.88 |  17.57 |  39.14 |  10.54 |I I 
14:41-Wed-Mar-01-2017 PM2.5 |   3.91 |   3.85 |   9.30 |   3.21 |I I 
14:45-Wed-Mar-01-2017 PM10  |  17.54 |  17.57 |  39.14 |  10.54 |I I 
14:45-Wed-Mar-01-2017 PM2.5 |   3.98 |   3.85 |   9.30 |   3.21 |I I 
14:46-Wed-Mar-01-2017 PM10  |  17.96 |  17.59 |  39.14 |  10.54 |I I 
14:46-Wed-Mar-01-2017 PM2.5 |   4.17 |   3.87 |   9.30 |   3.21 |I I 
14:47-Wed-Mar-01-2017 PM10  |  17.96 |  17.61 |  39.14 |  10.54 |I I 
14:47-Wed-Mar-01-2017 PM2.5 |   4.17 |   3.89 |   9.30 |   3.21 |I I 
14:51-Wed-Mar-01-2017 PM10  |  14.82 |  17.47 |  39.14 |  10.54 |I I 
14:51-Wed-Mar-01-2017 PM2.5 |   3.75 |   3.88 |   9.30 |   3.21 |I I 
14:52-Wed-Mar-01-2017 PM10  |  15.79 |  17.39 |  39.14 |  10.54 |I I 
14:52-Wed-Mar-01-2017 PM2.5 |   3.86 |   3.88 |   9.30 |   3.21 |I I 
14:56-Wed-Mar-01-2017 PM10  |  18.66 |  17.45 |  39.14 |  10.54 |I I 
14:56-Wed-Mar-01-2017 PM2.5 |   4.20 |   3.89 |   9.30 |   3.21 |I I 
14:57-Wed-Mar-01-2017 PM10  |  18.05 |  17.48 |  39.14 |  10.54 |I I 
14:57-Wed-Mar-01-2017 PM2.5 |   3.90 |   3.89 |   9.30 |   3.21 |I I 
15:01-Wed-Mar-01-2017 PM10  |  21.76 |  17.66 |  39.14 |  10.54 |I I 
15:01-Wed-Mar-01-2017 PM2.5 |   4.62 |   3.92 |   9.30 |   3.21 |I I 
15:02-Wed-Mar-01-2017 PM10  |  18.91 |  18.91 |  39.14 |  10.54 |I I 
15:02-Wed-Mar-01-2017 PM2.5 |   4.31 |   4.31 |   9.30 |   3.21 |I I 
15:06-Wed-Mar-01-2017 PM10  |  20.80 |  19.85 |  39.14 |  10.54 |I I 
15:06-Wed-Mar-01-2017 PM2.5 |   4.66 |   4.49 |   9.30 |   3.21 |I I 
15:07-Wed-Mar-01-2017 PM10  |  22.24 |  20.65 |  39.14 |  10.54 |I I 
15:07-Wed-Mar-01-2017 PM2.5 |   5.10 |   4.69 |   9.30 |   3.21 |I I 
15:11-Wed-Mar-01-2017 PM10  |  21.37 |  20.83 |  39.14 |  10.54 |I I 
15:11-Wed-Mar-01-2017 PM2.5 |   5.25 |   4.83 |   9.30 |   3.21 |I I 
15:12-Wed-Mar-01-2017 PM10  |  18.16 |  20.30 |  39.14 |  10.54 |I I 
15:12-Wed-Mar-01-2017 PM2.5 |   3.74 |   4.61 |   9.30 |   3.21 |I I 
15:13-Wed-Mar-01-2017 PM10  |  18.16 |  19.94 |  39.14 |  10.54 |I I 
15:13-Wed-Mar-01-2017 PM2.5 |   3.74 |   4.47 |   9.30 |   3.21 |I I 
15:17-Wed-Mar-01-2017 PM10  |  17.59 |  19.60 |  39.14 |  10.54 |I I 
15:17-Wed-Mar-01-2017 PM2.5 |   3.93 |   4.39 |   9.30 |   3.21 |I I 
15:18-Wed-Mar-01-2017 PM10  |  18.89 |  19.52 |  39.14 |  10.54 |I I 
15:18-Wed-Mar-01-2017 PM2.5 |   3.87 |   4.33 |   9.30 |   3.21 |I I 
15:22-Wed-Mar-01-2017 PM10  |  12.80 |  18.77 |  39.14 |  10.54 |I I 
15:22-Wed-Mar-01-2017 PM2.5 |   3.52 |   4.24 |   9.30 |   3.21 |I I 
15:23-Wed-Mar-01-2017 PM10  |  17.16 |  18.61 |  39.14 |  10.54 |I I 
15:23-Wed-Mar-01-2017 PM2.5 |   3.68 |   4.18 |   9.30 |   3.21 |I I 
15:27-Wed-Mar-01-2017 PM10  |  19.36 |  18.68 |  39.14 |  10.54 |I I 
15:27-Wed-Mar-01-2017 PM2.5 |   4.13 |   4.18 |   9.30 |   3.21 |I I 
15:28-Wed-Mar-01-2017 PM10  |  15.88 |  18.44 |  39.14 |  10.54 |I I 
15:28-Wed-Mar-01-2017 PM2.5 |   3.92 |   4.15 |   9.30 |   3.21 |I I 
15:32-Wed-Mar-01-2017 PM10  |  17.80 |  18.39 |  39.14 |  10.54 |I I 
15:32-Wed-Mar-01-2017 PM2.5 |   4.39 |   4.17 |   9.30 |   3.21 |I I 
15:33-Wed-Mar-01-2017 PM10  |  21.18 |  18.59 |  39.14 |  10.54 |I I 
15:33-Wed-Mar-01-2017 PM2.5 |   4.33 |   4.18 |   9.30 |   3.21 |I I 
15:37-Wed-Mar-01-2017 PM10  |  19.92 |  18.68 |  39.14 |  10.54 |I I 
15:37-Wed-Mar-01-2017 PM2.5 |   4.67 |   4.22 |   9.30 |   3.21 |I I 
15:38-Wed-Mar-01-2017 PM10  |  17.13 |  18.58 |  39.14 |  10.54 |I I 
15:38-Wed-Mar-01-2017 PM2.5 |   3.97 |   4.20 |   9.30 |   3.21 |I I 
15:39-Wed-Mar-01-2017 PM10  |  17.13 |  18.50 |  39.14 |  10.54 |I I 
15:39-Wed-Mar-01-2017 PM2.5 |   3.97 |   4.19 |   9.30 |   3.21 |I I 
15:43-Wed-Mar-01-2017 PM10  |  19.60 |  18.56 |  39.14 |  10.54 |I I 
15:43-Wed-Mar-01-2017 PM2.5 |   4.12 |   4.18 |   9.30 |   3.21 |I I 
15:44-Wed-Mar-01-2017 PM10  |  19.65 |  18.62 |  39.14 |  10.54 |I I 
15:44-Wed-Mar-01-2017 PM2.5 |   4.38 |   4.19 |   9.30 |   3.21 |I I 
15:48-Wed-Mar-01-2017 PM10  |  15.46 |  18.46 |  39.14 |  10.54 |I I 
15:48-Wed-Mar-01-2017 PM2.5 |   3.75 |   4.17 |   9.30 |   3.21 |I I 
15:49-Wed-Mar-01-2017 PM10  |  18.72 |  18.47 |  39.14 |  10.54 |I I 
15:49-Wed-Mar-01-2017 PM2.5 |   4.69 |   4.20 |   9.30 |   3.21 |I I 
15:53-Wed-Mar-01-2017 PM10  |  17.90 |  18.45 |  39.14 |  10.54 |I I 
15:53-Wed-Mar-01-2017 PM2.5 |   4.44 |   4.21 |   9.30 |   3.21 |I I 
15:54-Wed-Mar-01-2017 PM10  |  13.73 |  18.24 |  39.14 |  10.54 |I I 
15:54-Wed-Mar-01-2017 PM2.5 |   4.15 |   4.20 |   9.30 |   3.21 |I I 
15:58-Wed-Mar-01-2017 PM10  |  14.74 |  18.10 |  39.14 |  10.54 |I I 
15:58-Wed-Mar-01-2017 PM2.5 |   4.11 |   4.20 |   9.30 |   3.21 |I I 
15:59-Wed-Mar-01-2017 PM10  |  16.47 |  18.03 |  39.14 |  10.54 |I I 
15:59-Wed-Mar-01-2017 PM2.5 |   4.17 |   4.20 |   9.30 |   3.21 |I I 
16:03-Wed-Mar-01-2017 PM10  |  17.52 |  18.01 |  39.14 |  10.54 |I I 
16:03-Wed-Mar-01-2017 PM2.5 |   4.38 |   4.21 |   9.30 |   3.21 |I I 
16:04-Wed-Mar-01-2017 PM10  |  17.46 |  17.46 |  39.14 |  10.54 |I I 
16:04-Wed-Mar-01-2017 PM2.5 |   4.26 |   4.26 |   9.30 |   3.21 |I I 
16:05-Wed-Mar-01-2017 PM10  |  17.46 |  17.46 |  39.14 |  10.54 |I I 
16:05-Wed-Mar-01-2017 PM2.5 |   4.26 |   4.26 |   9.30 |   3.21 |I I 
16:08-Wed-Mar-01-2017 PM10  |  23.47 |  19.47 |  39.14 |  10.54 |I I 
16:08-Wed-Mar-01-2017 PM2.5 |   4.69 |   4.41 |   9.30 |   3.21 |I I 
16:09-Wed-Mar-01-2017 PM10  |  23.47 |  20.47 |  39.14 |  10.54 |I I 
16:09-Wed-Mar-01-2017 PM2.5 |   4.69 |   4.48 |   9.30 |   3.21 |I I 
16:10-Wed-Mar-01-2017 PM10  |  18.86 |  20.15 |  39.14 |  10.54 |I I 
16:10-Wed-Mar-01-2017 PM2.5 |   4.18 |   4.42 |   9.30 |   3.21 |I I 
16:14-Wed-Mar-01-2017 PM10  |  24.72 |  20.91 |  39.14 |  10.54 |I I 
16:14-Wed-Mar-01-2017 PM2.5 |   5.07 |   4.52 |   9.30 |   3.21 |I I 
16:15-Wed-Mar-01-2017 PM10  |  20.38 |  20.83 |  39.14 |  10.54 |I I 
16:15-Wed-Mar-01-2017 PM2.5 |   4.43 |   4.51 |   9.30 |   3.21 |I I 
16:19-Wed-Mar-01-2017 PM10  |  20.93 |  20.84 |  39.14 |  10.54 |I I 
16:19-Wed-Mar-01-2017 PM2.5 |   4.70 |   4.53 |   9.30 |   3.21 |I I 
16:20-Wed-Mar-01-2017Timeout Event handler
16:20-Wed-Mar-01-2017 PM10  |  20.26 |  20.78 |  39.14 |  10.54 |B I 
16:20-Wed-Mar-01-2017 PM2.5 |   4.45 |   4.52 |   9.30 |   3.21 |B I 
16:24-Wed-Mar-01-2017recover dati per host :salvatorehost.no-ip.org/aria
16:24-Wed-Mar-01-2017 PM10  |  22.61 |  20.96 |  39.14 |  10.54 |I I 
16:24-Wed-Mar-01-2017 PM2.5 |   4.75 |   4.55 |   9.30 |   3.21 |I I 
16:25-Wed-Mar-01-2017 PM10  |  21.45 |  21.01 |  39.14 |  10.54 |I I 
16:25-Wed-Mar-01-2017 PM2.5 |   4.29 |   4.52 |   9.30 |   3.21 |I I 
16:29-Wed-Mar-01-2017 PM10  |  23.75 |  21.24 |  39.14 |  10.54 |I I 
16:29-Wed-Mar-01-2017 PM2.5 |   4.71 |   4.54 |   9.30 |   3.21 |I I 
16:30-Wed-Mar-01-2017 PM10  |  22.67 |  21.35 |  39.14 |  10.54 |I I 
16:30-Wed-Mar-01-2017 PM2.5 |   4.56 |   4.54 |   9.30 |   3.21 |I I 
16:35-Wed-Mar-01-2017 PM10  |  22.15 |  21.40 |  39.14 |  10.54 |I I 
16:35-Wed-Mar-01-2017 PM2.5 |   5.18 |   4.59 |   9.30 |   3.21 |I I 
16:36-Wed-Mar-01-2017 PM10  |  22.85 |  21.50 |  39.14 |  10.54 |I I 
16:36-Wed-Mar-01-2017 PM2.5 |   4.99 |   4.61 |   9.30 |   3.21 |I I 
16:37-Wed-Mar-01-2017 PM10  |  22.85 |  21.58 |  39.14 |  10.54 |I I 
16:37-Wed-Mar-01-2017 PM2.5 |   4.99 |   4.64 |   9.30 |   3.21 |I I 
16:41-Wed-Mar-01-2017 PM10  |  20.77 |  21.54 |  39.14 |  10.54 |I I 
16:41-Wed-Mar-01-2017 PM2.5 |   5.13 |   4.67 |   9.30 |   3.21 |I I 
16:42-Wed-Mar-01-2017 PM10  |  22.57 |  21.59 |  39.14 |  10.54 |I I 
16:42-Wed-Mar-01-2017 PM2.5 |   4.55 |   4.66 |   9.30 |   3.21 |I I 
16:46-Wed-Mar-01-2017 PM10  |  26.86 |  21.87 |  39.14 |  10.54 |I I 
16:46-Wed-Mar-01-2017 PM2.5 |   4.67 |   4.66 |   9.30 |   3.21 |I I 
16:47-Wed-Mar-01-2017 PM10  |  20.72 |  21.81 |  39.14 |  10.54 |I I 
16:47-Wed-Mar-01-2017 PM2.5 |   4.52 |   4.65 |   9.30 |   3.21 |I I 
16:51-Wed-Mar-01-2017 PM10  |  22.65 |  21.85 |  39.14 |  10.54 |I I 
16:51-Wed-Mar-01-2017 PM2.5 |   4.56 |   4.65 |   9.30 |   3.21 |I I 
16:52-Wed-Mar-01-2017 PM10  |  21.82 |  21.85 |  39.14 |  10.54 |I I 
16:52-Wed-Mar-01-2017 PM2.5 |   5.20 |   4.67 |   9.30 |   3.21 |I I 
16:56-Wed-Mar-01-2017 PM10  |  22.47 |  21.88 |  39.14 |  10.54 |I I 
16:56-Wed-Mar-01-2017 PM2.5 |   4.90 |   4.68 |   9.30 |   3.21 |I I 
16:57-Wed-Mar-01-2017 PM10  |  20.18 |  21.81 |  39.14 |  10.54 |I I 
16:57-Wed-Mar-01-2017 PM2.5 |   4.36 |   4.67 |   9.30 |   3.21 |I I 
17:01-Wed-Mar-01-2017 PM10  |  21.82 |  21.81 |  39.14 |  10.54 |I I 
17:01-Wed-Mar-01-2017 PM2.5 |   4.48 |   4.66 |   9.30 |   3.21 |I I 
17:02-Wed-Mar-01-2017 PM10  |  19.00 |  19.00 |  39.14 |  10.54 |I I 
17:02-Wed-Mar-01-2017 PM2.5 |   4.20 |   4.20 |   9.30 |   3.21 |I I 
17:03-Wed-Mar-01-2017 PM10  |  19.00 |  19.00 |  39.14 |  10.54 |I I 
17:03-Wed-Mar-01-2017 PM2.5 |   4.20 |   4.20 |   9.30 |   3.21 |I I 
17:07-Wed-Mar-01-2017 PM10  |  22.17 |  20.06 |  39.14 |  10.54 |I I 
17:07-Wed-Mar-01-2017 PM2.5 |   4.36 |   4.25 |   9.30 |   3.21 |I I 
17:08-Wed-Mar-01-2017 PM10  |  15.00 |  18.79 |  39.14 |  10.54 |I I 
17:08-Wed-Mar-01-2017 PM2.5 |   3.93 |   4.17 |   9.30 |   3.21 |I I 
17:12-Wed-Mar-01-2017 PM10  |  20.22 |  19.08 |  39.14 |  10.54 |I I 
17:12-Wed-Mar-01-2017 PM2.5 |   4.26 |   4.19 |   9.30 |   3.21 |I I 
17:13-Wed-Mar-01-2017 PM10  |  16.88 |  18.71 |  39.14 |  10.54 |I I 
17:13-Wed-Mar-01-2017 PM2.5 |   3.92 |   4.14 |   9.30 |   3.21 |I I 
17:17-Wed-Mar-01-2017 PM10  |  21.66 |  19.13 |  39.14 |  10.54 |I I 
17:17-Wed-Mar-01-2017 PM2.5 |   4.36 |   4.17 |   9.30 |   3.21 |I I 
17:18-Wed-Mar-01-2017 PM10  |  19.52 |  19.18 |  39.14 |  10.54 |I I 
17:18-Wed-Mar-01-2017 PM2.5 |   3.54 |   4.10 |   9.30 |   3.21 |I I 
17:22-Wed-Mar-01-2017 PM10  |  21.23 |  19.41 |  39.14 |  10.54 |I I 
17:22-Wed-Mar-01-2017 PM2.5 |   4.08 |   4.09 |   9.30 |   3.21 |I I 
17:23-Wed-Mar-01-2017 PM10  |  21.17 |  19.59 |  39.14 |  10.54 |I I 
17:23-Wed-Mar-01-2017 PM2.5 |   4.15 |   4.10 |   9.30 |   3.21 |I I 
17:27-Wed-Mar-01-2017 PM10  |  22.08 |  19.81 |  39.14 |  10.54 |I I 
17:27-Wed-Mar-01-2017 PM2.5 |   3.98 |   4.09 |   9.30 |   3.21 |I I 
17:28-Wed-Mar-01-2017 PM10  |  21.36 |  19.94 |  39.14 |  10.54 |I I 
17:28-Wed-Mar-01-2017 PM2.5 |   4.50 |   4.12 |   9.30 |   3.21 |I I 
17:29-Wed-Mar-01-2017 PM10  |  21.36 |  20.05 |  39.14 |  10.54 |I I 
17:29-Wed-Mar-01-2017 PM2.5 |   4.50 |   4.15 |   9.30 |   3.21 |I I 
17:33-Wed-Mar-01-2017 PM10  |  25.19 |  20.42 |  39.14 |  10.54 |I I 
17:33-Wed-Mar-01-2017 PM2.5 |   4.87 |   4.20 |   9.30 |   3.21 |I I 
17:34-Wed-Mar-01-2017 PM10  |  20.97 |  20.45 |  39.14 |  10.54 |I I 
17:34-Wed-Mar-01-2017 PM2.5 |   4.42 |   4.22 |   9.30 |   3.21 |I I 
17:38-Wed-Mar-01-2017 PM10  |  20.29 |  20.44 |  39.14 |  10.54 |I I 
17:38-Wed-Mar-01-2017 PM2.5 |   4.75 |   4.25 |   9.30 |   3.21 |I I 
17:39-Wed-Mar-01-2017 PM10  |  23.86 |  20.64 |  39.14 |  10.54 |I I 
17:39-Wed-Mar-01-2017 PM2.5 |   4.87 |   4.29 |   9.30 |   3.21 |I I 
17:43-Wed-Mar-01-2017 PM10  |  21.13 |  20.67 |  39.14 |  10.54 |I I 
17:43-Wed-Mar-01-2017 PM2.5 |   4.97 |   4.33 |   9.30 |   3.21 |I I 
17:44-Wed-Mar-01-2017 PM10  |  20.50 |  20.66 |  39.14 |  10.54 |I I 
17:44-Wed-Mar-01-2017 PM2.5 |   4.46 |   4.33 |   9.30 |   3.21 |I I 
17:48-Wed-Mar-01-2017 PM10  |  21.02 |  20.68 |  39.14 |  10.54 |I I 
17:48-Wed-Mar-01-2017 PM2.5 |   4.54 |   4.34 |   9.30 |   3.21 |I I 
17:49-Wed-Mar-01-2017 PM10  |  25.12 |  20.89 |  39.14 |  10.54 |I I 
17:49-Wed-Mar-01-2017 PM2.5 |   4.59 |   4.35 |   9.30 |   3.21 |I I 
17:53-Wed-Mar-01-2017 PM10  |  22.33 |  20.96 |  39.14 |  10.54 |I I 
17:53-Wed-Mar-01-2017 PM2.5 |   4.42 |   4.36 |   9.30 |   3.21 |I I 
17:54-Wed-Mar-01-2017 PM10  |  24.93 |  21.13 |  39.14 |  10.54 |I I 
17:54-Wed-Mar-01-2017 PM2.5 |   4.60 |   4.37 |   9.30 |   3.21 |I I 
17:55-Wed-Mar-01-2017 PM10  |  24.93 |  21.29 |  39.14 |  10.54 |I I 
17:55-Wed-Mar-01-2017 PM2.5 |   4.60 |   4.38 |   9.30 |   3.21 |I I 
17:58-Wed-Mar-01-2017 PM10  |  25.35 |  21.45 |  39.14 |  10.54 |I I 
17:58-Wed-Mar-01-2017 PM2.5 |   4.51 |   4.38 |   9.30 |   3.21 |I I 
17:59-Wed-Mar-01-2017 PM10  |  25.35 |  21.60 |  39.14 |  10.54 |I I 
17:59-Wed-Mar-01-2017 PM2.5 |   4.51 |   4.39 |   9.30 |   3.21 |I I 
18:00-Wed-Mar-01-2017 PM10  |  21.68 |  21.60 |  39.14 |  10.54 |I I 
18:00-Wed-Mar-01-2017 PM2.5 |   3.96 |   4.37 |   9.30 |   3.21 |I I 
18:04-Wed-Mar-01-2017 PM10  |  28.57 |  28.57 |  39.14 |  10.54 |I I 
18:04-Wed-Mar-01-2017 PM2.5 |   4.36 |   4.36 |   9.30 |   3.21 |I I 
18:05-Wed-Mar-01-2017 PM10  |  21.33 |  24.95 |  39.14 |  10.54 |I I 
18:05-Wed-Mar-01-2017 PM2.5 |   4.34 |   4.35 |   9.30 |   3.21 |I I 
18:09-Wed-Mar-01-2017 PM10  |  21.76 |  23.88 |  39.14 |  10.54 |I I 
18:09-Wed-Mar-01-2017 PM2.5 |   4.73 |   4.48 |   9.30 |   3.21 |I I 
18:10-Wed-Mar-01-2017 PM10  |  20.72 |  23.09 |  39.14 |  10.54 |I I 
18:10-Wed-Mar-01-2017 PM2.5 |   4.11 |   4.39 |   9.30 |   3.21 |I I 
18:14-Wed-Mar-01-2017 PM10  |  26.33 |  23.74 |  39.14 |  10.54 |I I 
18:14-Wed-Mar-01-2017 PM2.5 |   4.68 |   4.45 |   9.30 |   3.21 |I I 
18:15-Wed-Mar-01-2017 PM10  |  19.89 |  23.10 |  39.14 |  10.54 |I I 
18:15-Wed-Mar-01-2017 PM2.5 |   4.46 |   4.45 |   9.30 |   3.21 |I I 
18:19-Wed-Mar-01-2017 PM10  |  24.59 |  23.31 |  39.14 |  10.54 |I I 
18:19-Wed-Mar-01-2017 PM2.5 |   4.75 |   4.49 |   9.30 |   3.21 |I I 
18:20-Wed-Mar-01-2017 PM10  |  21.00 |  23.02 |  39.14 |  10.54 |I I 
18:20-Wed-Mar-01-2017 PM2.5 |   3.81 |   4.41 |   9.30 |   3.21 |I I 
18:24-Wed-Mar-01-2017 PM10  |  24.79 |  23.22 |  39.14 |  10.54 |I I 
18:24-Wed-Mar-01-2017 PM2.5 |   4.61 |   4.43 |   9.30 |   3.21 |I I 
18:25-Wed-Mar-01-2017 PM10  |  24.79 |  23.38 |  39.14 |  10.54 |I I 
18:25-Wed-Mar-01-2017 PM2.5 |   4.61 |   4.45 |   9.30 |   3.21 |I I 
18:26-Wed-Mar-01-2017 PM10  |  25.42 |  23.56 |  39.14 |  10.54 |I I 
18:26-Wed-Mar-01-2017 PM2.5 |   4.14 |   4.42 |   9.30 |   3.21 |I I 
18:30-Wed-Mar-01-2017 PM10  |  23.36 |  23.55 |  39.14 |  10.54 |I I 
18:30-Wed-Mar-01-2017 PM2.5 |   4.93 |   4.46 |   9.30 |   3.21 |I I 
18:31-Wed-Mar-01-2017 PM10  |  19.79 |  23.26 |  39.14 |  10.54 |I I 
18:31-Wed-Mar-01-2017 PM2.5 |   4.26 |   4.45 |   9.30 |   3.21 |I I 
18:35-Wed-Mar-01-2017 PM10  |  28.01 |  23.60 |  39.14 |  10.54 |I I 
18:35-Wed-Mar-01-2017 PM2.5 |   4.52 |   4.45 |   9.30 |   3.21 |I I 
18:36-Wed-Mar-01-2017 PM10  |  21.99 |  23.49 |  39.14 |  10.54 |I I 
18:36-Wed-Mar-01-2017 PM2.5 |   4.06 |   4.43 |   9.30 |   3.21 |I I 
18:40-Wed-Mar-01-2017 PM10  |  26.28 |  23.66 |  39.14 |  10.54 |I I 
18:40-Wed-Mar-01-2017 PM2.5 |   4.42 |   4.43 |   9.30 |   3.21 |I I 
18:41-Wed-Mar-01-2017 PM10  |  19.51 |  23.42 |  39.14 |  10.54 |I I 
18:41-Wed-Mar-01-2017 PM2.5 |   3.92 |   4.40 |   9.30 |   3.21 |I I 
18:45-Wed-Mar-01-2017 PM10  |  24.34 |  23.47 |  39.14 |  10.54 |I I 
18:45-Wed-Mar-01-2017 PM2.5 |   4.11 |   4.38 |   9.30 |   3.21 |I I 
18:46-Wed-Mar-01-2017 PM10  |  24.29 |  23.51 |  39.14 |  10.54 |I I 
18:46-Wed-Mar-01-2017 PM2.5 |   4.08 |   4.36 |   9.30 |   3.21 |I I 
18:50-Wed-Mar-01-2017 PM10  |  23.37 |  23.51 |  39.14 |  10.54 |I I 
18:50-Wed-Mar-01-2017 PM2.5 |   4.23 |   4.36 |   9.30 |   3.21 |I I 
18:51-Wed-Mar-01-2017 PM10  |  23.37 |  23.50 |  39.14 |  10.54 |I I 
18:51-Wed-Mar-01-2017 PM2.5 |   4.23 |   4.35 |   9.30 |   3.21 |I I 
18:52-Wed-Mar-01-2017 PM10  |  22.01 |  23.43 |  39.14 |  10.54 |I I 
18:52-Wed-Mar-01-2017 PM2.5 |   4.62 |   4.36 |   9.30 |   3.21 |I I 
18:56-Wed-Mar-01-2017 PM10  |  27.25 |  23.60 |  39.14 |  10.54 |I I 
18:56-Wed-Mar-01-2017 PM2.5 |   4.42 |   4.37 |   9.30 |   3.21 |I I 
18:57-Wed-Mar-01-2017 PM10  |  27.91 |  23.78 |  39.14 |  10.54 |I I 
18:57-Wed-Mar-01-2017 PM2.5 |   4.48 |   4.37 |   9.30 |   3.21 |I I 
19:01-Wed-Mar-01-2017 PM10  |  30.88 |  24.06 |  39.14 |  10.54 |I I 
19:01-Wed-Mar-01-2017 PM2.5 |   5.30 |   4.41 |   9.30 |   3.21 |I I 
19:02-Wed-Mar-01-2017 PM10  |  23.02 |  23.02 |  39.14 |  10.54 |I I 
19:02-Wed-Mar-01-2017 PM2.5 |   4.67 |   4.67 |   9.30 |   3.21 |I I 
19:06-Wed-Mar-01-2017 PM10  |  27.38 |  25.20 |  39.14 |  10.54 |I I 
19:06-Wed-Mar-01-2017 PM2.5 |   5.38 |   5.02 |   9.30 |   3.21 |I I 
19:07-Wed-Mar-01-2017 PM10  |  26.34 |  25.58 |  39.14 |  10.54 |I I 
19:07-Wed-Mar-01-2017 PM2.5 |   4.68 |   4.91 |   9.30 |   3.21 |I I 
19:11-Wed-Mar-01-2017 PM10  |  27.44 |  26.04 |  39.14 |  10.54 |I I 
19:11-Wed-Mar-01-2017 PM2.5 |   5.14 |   4.97 |   9.30 |   3.21 |I I 
19:12-Wed-Mar-01-2017 PM10  |  31.35 |  27.10 |  39.14 |  10.54 |I I 
19:12-Wed-Mar-01-2017 PM2.5 |   4.84 |   4.94 |   9.30 |   3.21 |I I 
19:16-Wed-Mar-01-2017 PM10  |  29.81 |  27.56 |  39.14 |  10.54 |I I 
19:16-Wed-Mar-01-2017 PM2.5 |   5.47 |   5.03 |   9.30 |   3.21 |I I 
19:17-Wed-Mar-01-2017 PM10  |  25.14 |  27.21 |  39.14 |  10.54 |I I 
19:17-Wed-Mar-01-2017 PM2.5 |   4.98 |   5.02 |   9.30 |   3.21 |I I 
19:18-Wed-Mar-01-2017 PM10  |  25.14 |  26.95 |  39.14 |  10.54 |I I 
19:18-Wed-Mar-01-2017 PM2.5 |   4.98 |   5.02 |   9.30 |   3.21 |I I 
19:22-Wed-Mar-01-2017 PM10  |  22.28 |  26.43 |  39.14 |  10.54 |I I 
19:22-Wed-Mar-01-2017 PM2.5 |   4.65 |   4.98 |   9.30 |   3.21 |I I 
19:23-Wed-Mar-01-2017 PM10  |  27.91 |  26.58 |  39.14 |  10.54 |I I 
19:23-Wed-Mar-01-2017 PM2.5 |   4.83 |   4.96 |   9.30 |   3.21 |I I 
19:28-Wed-Mar-01-2017 PM10  |  25.18 |  26.45 |  39.14 |  10.54 |I I 
19:28-Wed-Mar-01-2017 PM2.5 |   4.69 |   4.94 |   9.30 |   3.21 |I I 
19:29-Wed-Mar-01-2017 PM10  |  22.83 |  26.15 |  39.14 |  10.54 |I I 
19:29-Wed-Mar-01-2017 PM2.5 |   4.39 |   4.89 |   9.30 |   3.21 |I I 
19:33-Wed-Mar-01-2017 PM10  |  24.43 |  26.02 |  39.14 |  10.54 |I I 
19:33-Wed-Mar-01-2017 PM2.5 |   4.66 |   4.87 |   9.30 |   3.21 |I I 
19:34-Wed-Mar-01-2017 PM10  |  25.74 |  26.00 |  39.14 |  10.54 |I I 
19:34-Wed-Mar-01-2017 PM2.5 |   4.63 |   4.86 |   9.30 |   3.21 |I I 
19:38-Wed-Mar-01-2017 PM10  |  28.84 |  26.19 |  39.14 |  10.54 |I I 
19:38-Wed-Mar-01-2017 PM2.5 |   4.91 |   4.86 |   9.30 |   3.21 |I I 
19:39-Wed-Mar-01-2017 PM10  |  28.02 |  26.30 |  39.14 |  10.54 |I I 
19:39-Wed-Mar-01-2017 PM2.5 |   5.44 |   4.90 |   9.30 |   3.21 |I I 
19:43-Wed-Mar-01-2017 PM10  |  25.36 |  26.25 |  39.14 |  10.54 |I I 
19:43-Wed-Mar-01-2017 PM2.5 |   5.03 |   4.90 |   9.30 |   3.21 |I I 
19:44-Wed-Mar-01-2017 PM10  |  24.90 |  26.17 |  39.14 |  10.54 |I I 
19:44-Wed-Mar-01-2017 PM2.5 |   4.52 |   4.88 |   9.30 |   3.21 |I I 
19:45-Wed-Mar-01-2017 PM10  |  24.90 |  26.11 |  39.14 |  10.54 |I I 
19:45-Wed-Mar-01-2017 PM2.5 |   4.52 |   4.86 |   9.30 |   3.21 |I I 
19:49-Wed-Mar-01-2017 PM10  |  24.11 |  26.01 |  39.14 |  10.54 |I I 
19:49-Wed-Mar-01-2017 PM2.5 |   4.37 |   4.84 |   9.30 |   3.21 |I I 
19:50-Wed-Mar-01-2017 PM10  |  24.76 |  25.95 |  39.14 |  10.54 |I I 
19:50-Wed-Mar-01-2017 PM2.5 |   4.34 |   4.82 |   9.30 |   3.21 |I I 
19:54-Wed-Mar-01-2017 PM10  |  23.01 |  25.81 |  39.14 |  10.54 |I I 
19:54-Wed-Mar-01-2017 PM2.5 |   4.56 |   4.80 |   9.30 |   3.21 |I I 
19:55-Wed-Mar-01-2017 PM10  |  29.75 |  25.98 |  39.14 |  10.54 |I I 
19:55-Wed-Mar-01-2017 PM2.5 |   4.66 |   4.80 |   9.30 |   3.21 |I I 
19:59-Wed-Mar-01-2017 PM10  |  25.87 |  25.98 |  39.14 |  10.54 |I I 
19:59-Wed-Mar-01-2017 PM2.5 |   4.70 |   4.79 |   9.30 |   3.21 |I I 
20:00-Wed-Mar-01-2017 PM10  |  24.45 |  25.92 |  39.14 |  10.54 |I I 
20:00-Wed-Mar-01-2017 PM2.5 |   4.45 |   4.78 |   9.30 |   3.21 |I I 
20:04-Wed-Mar-01-2017 PM10  |  31.69 |  31.69 |  39.14 |  10.54 |I I 
20:04-Wed-Mar-01-2017 PM2.5 |   4.90 |   4.90 |   9.30 |   3.21 |I I 
20:05-Wed-Mar-01-2017 PM10  |  24.05 |  27.87 |  39.14 |  10.54 |I I 
20:05-Wed-Mar-01-2017 PM2.5 |   4.58 |   4.74 |   9.30 |   3.21 |I I 
20:09-Wed-Mar-01-2017 PM10  |  24.85 |  26.86 |  39.14 |  10.54 |I I 
20:09-Wed-Mar-01-2017 PM2.5 |   4.71 |   4.73 |   9.30 |   3.21 |I I 
20:10-Wed-Mar-01-2017 PM10  |  23.99 |  26.15 |  39.14 |  10.54 |I I 
20:10-Wed-Mar-01-2017 PM2.5 |   4.62 |   4.70 |   9.30 |   3.21 |I I 
20:11-Wed-Mar-01-2017 PM10  |  23.99 |  25.71 |  39.14 |  10.54 |I I 
20:11-Wed-Mar-01-2017 PM2.5 |   4.62 |   4.68 |   9.30 |   3.21 |I I 
20:15-Wed-Mar-01-2017 PM10  |  24.08 |  25.44 |  39.14 |  10.54 |I I 
20:15-Wed-Mar-01-2017 PM2.5 |   4.66 |   4.68 |   9.30 |   3.21 |I I 
20:16-Wed-Mar-01-2017 PM10  |  21.58 |  24.89 |  39.14 |  10.54 |I I 
20:16-Wed-Mar-01-2017 PM2.5 |   4.11 |   4.60 |   9.30 |   3.21 |I I 
20:20-Wed-Mar-01-2017 PM10  |  21.84 |  24.51 |  39.14 |  10.54 |I I 
20:20-Wed-Mar-01-2017 PM2.5 |   4.23 |   4.55 |   9.30 |   3.21 |I I 
20:21-Wed-Mar-01-2017 PM10  |  26.00 |  24.67 |  39.14 |  10.54 |I I 
20:21-Wed-Mar-01-2017 PM2.5 |   5.16 |   4.62 |   9.30 |   3.21 |I I 
20:25-Wed-Mar-01-2017 PM10  |  28.55 |  25.06 |  39.14 |  10.54 |I I 
20:25-Wed-Mar-01-2017 PM2.5 |   5.47 |   4.70 |   9.30 |   3.21 |I I 
20:26-Wed-Mar-01-2017 PM10  |  25.40 |  25.09 |  39.14 |  10.54 |I I 
20:26-Wed-Mar-01-2017 PM2.5 |   4.68 |   4.70 |   9.30 |   3.21 |I I 
20:30-Wed-Mar-01-2017 PM10  |  29.46 |  25.46 |  39.14 |  10.54 |I I 
20:30-Wed-Mar-01-2017 PM2.5 |   5.02 |   4.73 |   9.30 |   3.21 |I I 
20:31-Wed-Mar-01-2017 PM10  |  24.10 |  25.35 |  39.14 |  10.54 |I I 
20:31-Wed-Mar-01-2017 PM2.5 |   4.50 |   4.71 |   9.30 |   3.21 |I I 
20:35-Wed-Mar-01-2017 PM10  |  29.54 |  25.65 |  39.14 |  10.54 |I I 
20:35-Wed-Mar-01-2017 PM2.5 |   5.85 |   4.79 |   9.30 |   3.21 |I I 
20:36-Wed-Mar-01-2017 PM10  |  26.04 |  25.68 |  39.14 |  10.54 |I I 
20:36-Wed-Mar-01-2017 PM2.5 |   4.89 |   4.80 |   9.30 |   3.21 |I I 
20:40-Wed-Mar-01-2017 PM10  |  27.40 |  25.78 |  39.14 |  10.54 |I I 
20:40-Wed-Mar-01-2017 PM2.5 |   4.91 |   4.81 |   9.30 |   3.21 |I I 
20:41-Wed-Mar-01-2017 PM10  |  27.40 |  25.88 |  39.14 |  10.54 |I I 
20:41-Wed-Mar-01-2017 PM2.5 |   4.91 |   4.81 |   9.30 |   3.21 |I I 
20:42-Wed-Mar-01-2017 PM10  |  30.00 |  26.11 |  39.14 |  10.54 |I I 
20:42-Wed-Mar-01-2017 PM2.5 |   5.49 |   4.85 |   9.30 |   3.21 |I I 
20:46-Wed-Mar-01-2017 PM10  |  27.87 |  26.20 |  39.14 |  10.54 |I I 
20:46-Wed-Mar-01-2017 PM2.5 |   5.42 |   4.88 |   9.30 |   3.21 |I I 
20:47-Wed-Mar-01-2017 PM10  |  27.27 |  26.25 |  39.14 |  10.54 |I I 
20:47-Wed-Mar-01-2017 PM2.5 |   4.80 |   4.88 |   9.30 |   3.21 |I I 
20:51-Wed-Mar-01-2017 PM10  |  25.02 |  26.20 |  39.14 |  10.54 |I I 
20:51-Wed-Mar-01-2017 PM2.5 |   5.29 |   4.90 |   9.30 |   3.21 |I I 
20:52-Wed-Mar-01-2017 PM10  |  24.53 |  26.12 |  39.14 |  10.54 |I I 
20:52-Wed-Mar-01-2017 PM2.5 |   4.70 |   4.89 |   9.30 |   3.21 |I I 
20:56-Wed-Mar-01-2017 PM10  |  24.97 |  26.07 |  39.14 |  10.54 |I I 
20:56-Wed-Mar-01-2017 PM2.5 |   5.47 |   4.91 |   9.30 |   3.21 |I I 
20:57-Wed-Mar-01-2017 PM10  |  26.75 |  26.10 |  39.14 |  10.54 |I I 
20:57-Wed-Mar-01-2017 PM2.5 |   4.70 |   4.90 |   9.30 |   3.21 |I I 
21:01-Wed-Mar-01-2017 PM10  |  32.04 |  26.34 |  39.14 |  10.54 |I I 
21:01-Wed-Mar-01-2017 PM2.5 |   5.31 |   4.92 |   9.30 |   3.21 |I I 
21:02-Wed-Mar-01-2017 PM10  |  30.26 |  30.26 |  39.14 |  10.54 |I I 
21:02-Wed-Mar-01-2017 PM2.5 |   4.79 |   4.79 |   9.30 |   3.21 |I I 
21:06-Wed-Mar-01-2017 PM10  |  28.74 |  29.50 |  39.14 |  10.54 |I I 
21:06-Wed-Mar-01-2017 PM2.5 |   5.53 |   5.16 |   9.30 |   3.21 |I I 
21:07-Wed-Mar-01-2017 PM10  |  28.74 |  29.25 |  39.14 |  10.54 |I I 
21:07-Wed-Mar-01-2017 PM2.5 |   5.53 |   5.28 |   9.30 |   3.21 |I I 
21:08-Wed-Mar-01-2017 PM10  |  32.60 |  30.08 |  39.14 |  10.54 |I I 
21:08-Wed-Mar-01-2017 PM2.5 |   6.03 |   5.47 |   9.30 |   3.21 |I I 
21:12-Wed-Mar-01-2017 PM10  |  29.02 |  29.87 |  39.14 |  10.54 |I I 
21:12-Wed-Mar-01-2017 PM2.5 |   6.28 |   5.63 |   9.30 |   3.21 |I I 
21:13-Wed-Mar-01-2017 PM10  |  29.11 |  29.74 |  39.14 |  10.54 |I I 
21:13-Wed-Mar-01-2017 PM2.5 |   6.30 |   5.74 |   9.30 |   3.21 |I I 
21:17-Wed-Mar-01-2017 PM10  |  30.64 |  29.87 |  39.14 |  10.54 |I I 
21:17-Wed-Mar-01-2017 PM2.5 |   6.73 |   5.89 |   9.30 |   3.21 |I I 
21:18-Wed-Mar-01-2017 PM10  |  28.40 |  29.69 |  39.14 |  10.54 |I I 
21:18-Wed-Mar-01-2017 PM2.5 |   6.23 |   5.93 |   9.30 |   3.21 |I I 
21:22-Wed-Mar-01-2017 PM10  |  31.00 |  29.83 |  39.14 |  10.54 |I I 
21:22-Wed-Mar-01-2017 PM2.5 |   6.36 |   5.98 |   9.30 |   3.21 |I I 
21:23-Wed-Mar-01-2017 PM10  |  32.63 |  30.11 |  39.14 |  10.54 |I I 
21:23-Wed-Mar-01-2017 PM2.5 |   7.16 |   6.10 |   9.30 |   3.21 |I I 
21:27-Wed-Mar-01-2017 PM10  |  33.11 |  30.39 |  39.14 |  10.54 |I I 
21:27-Wed-Mar-01-2017 PM2.5 |   7.94 |   6.26 |   9.30 |   3.21 |I I 
21:28-Wed-Mar-01-2017 PM10  |  33.03 |  30.61 |  39.14 |  10.54 |I I 
21:28-Wed-Mar-01-2017 PM2.5 |   7.45 |   6.36 |   9.30 |   3.21 |I I 
21:32-Wed-Mar-01-2017 PM10  |  34.97 |  30.94 |  39.14 |  10.54 |I I 
21:32-Wed-Mar-01-2017 PM2.5 |   7.82 |   6.47 |   9.30 |   3.21 |I I 
21:33-Wed-Mar-01-2017 PM10  |  34.97 |  31.23 |  39.14 |  10.54 |I I 
21:33-Wed-Mar-01-2017 PM2.5 |   7.82 |   6.57 |   9.30 |   3.21 |I I 
21:34-Wed-Mar-01-2017 PM10  |  31.61 |  31.25 |  39.14 |  10.54 |I I 
21:34-Wed-Mar-01-2017 PM2.5 |   7.96 |   6.66 |   9.30 |   3.21 |I I 
21:38-Wed-Mar-01-2017 PM10  |  36.02 |  31.55 |  39.14 |  10.54 |I I 
21:38-Wed-Mar-01-2017 PM2.5 |   7.75 |   6.73 |   9.30 |   3.21 |I I 
21:39-Wed-Mar-01-2017 PM10  |  29.86 |  31.45 |  39.14 |  10.54 |I I 
21:39-Wed-Mar-01-2017 PM2.5 |   7.11 |   6.75 |   9.30 |   3.21 |I I 
21:43-Wed-Mar-01-2017 PM10  |  31.65 |  31.46 |  39.14 |  10.54 |I I 
21:43-Wed-Mar-01-2017 PM2.5 |   6.98 |   6.77 |   9.30 |   3.21 |I I 
21:44-Wed-Mar-01-2017 PM10  |  29.30 |  31.35 |  39.14 |  10.54 |I I 
21:44-Wed-Mar-01-2017 PM2.5 |   6.98 |   6.78 |   9.30 |   3.21 |I I 
21:48-Wed-Mar-01-2017 PM10  |  27.07 |  31.14 |  39.14 |  10.54 |I I 
21:48-Wed-Mar-01-2017 PM2.5 |   6.50 |   6.76 |   9.30 |   3.21 |I I 
21:49-Wed-Mar-01-2017 PM10  |  30.57 |  31.11 |  39.14 |  10.54 |I I 
21:49-Wed-Mar-01-2017 PM2.5 |   5.87 |   6.72 |   9.30 |   3.21 |I I 
21:53-Wed-Mar-01-2017 PM10  |  27.92 |  30.96 |  39.14 |  10.54 |I I 
21:53-Wed-Mar-01-2017 PM2.5 |   7.06 |   6.74 |   9.30 |   3.21 |I I 
21:54-Wed-Mar-01-2017 PM10  |  23.27 |  30.63 |  39.14 |  10.54 |I I 
21:54-Wed-Mar-01-2017 PM2.5 |   5.88 |   6.70 |   9.30 |   3.21 |I I 
21:58-Wed-Mar-01-2017 PM10  |  21.45 |  30.25 |  39.14 |  10.54 |I I 
21:58-Wed-Mar-01-2017 PM2.5 |   6.05 |   6.67 |   9.30 |   3.21 |I I 
21:59-Wed-Mar-01-2017 PM10  |  22.08 |  29.92 |  39.14 |  10.54 |I I 
21:59-Wed-Mar-01-2017 PM2.5 |   5.36 |   6.62 |   9.30 |   3.21 |I I 
22:00-Wed-Mar-01-2017 PM10  |  22.08 |  29.62 |  39.14 |  10.54 |I I 
22:00-Wed-Mar-01-2017 PM2.5 |   5.36 |   6.57 |   9.30 |   3.21 |I I 
22:04-Wed-Mar-01-2017 PM10  |  27.64 |  27.64 |  39.14 |  10.54 |I I 
22:04-Wed-Mar-01-2017 PM2.5 |   6.08 |   6.08 |   9.30 |   3.21 |I I 
22:05-Wed-Mar-01-2017 PM10  |  25.87 |  26.76 |  39.14 |  10.54 |I I 
22:05-Wed-Mar-01-2017 PM2.5 |   5.98 |   6.03 |   9.30 |   3.21 |I I 
22:09-Wed-Mar-01-2017 PM10  |  25.62 |  26.38 |  39.14 |  10.54 |I I 
22:09-Wed-Mar-01-2017 PM2.5 |   6.38 |   6.15 |   9.30 |   3.21 |I I 
22:10-Wed-Mar-01-2017 PM10  |  25.68 |  26.20 |  39.14 |  10.54 |I I 
22:10-Wed-Mar-01-2017 PM2.5 |   6.56 |   6.25 |   9.30 |   3.21 |I I 
22:14-Wed-Mar-01-2017 PM10  |  23.04 |  25.57 |  39.14 |  10.54 |I I 
22:14-Wed-Mar-01-2017 PM2.5 |   6.73 |   6.35 |   9.30 |   3.21 |I I 
22:15-Wed-Mar-01-2017 PM10  |  26.32 |  25.70 |  39.14 |  10.54 |I I 
22:15-Wed-Mar-01-2017 PM2.5 |   5.98 |   6.29 |   9.30 |   3.21 |I I 
22:19-Wed-Mar-01-2017 PM10  |  25.21 |  25.63 |  39.14 |  10.54 |I I 
22:19-Wed-Mar-01-2017 PM2.5 |   5.96 |   6.24 |   9.30 |   3.21 |I I 
22:20-Wed-Mar-01-2017 PM10  |  30.96 |  26.29 |  39.14 |  10.54 |I I 
22:20-Wed-Mar-01-2017 PM2.5 |   5.98 |   6.21 |   9.30 |   3.21 |I I 
22:25-Wed-Mar-01-2017 PM10  |  28.89 |  26.58 |  39.14 |  10.54 |I I 
22:25-Wed-Mar-01-2017 PM2.5 |   6.80 |   6.27 |   9.30 |   3.21 |I I 
22:26-Wed-Mar-01-2017 PM10  |  33.37 |  27.26 |  39.14 |  10.54 |I I 
22:26-Wed-Mar-01-2017 PM2.5 |   5.97 |   6.24 |   9.30 |   3.21 |I I 
22:27-Wed-Mar-01-2017 PM10  |  33.37 |  27.82 |  39.14 |  10.54 |I I 
22:27-Wed-Mar-01-2017 PM2.5 |   5.97 |   6.22 |   9.30 |   3.21 |I I 
22:31-Wed-Mar-01-2017 PM10  |  25.63 |  27.64 |  39.14 |  10.54 |I I 
22:31-Wed-Mar-01-2017 PM2.5 |   5.40 |   6.15 |   9.30 |   3.21 |I I 
22:32-Wed-Mar-01-2017 PM10  |  24.99 |  27.43 |  39.14 |  10.54 |I I 
22:32-Wed-Mar-01-2017 PM2.5 |   5.83 |   6.13 |   9.30 |   3.21 |I I 
22:36-Wed-Mar-01-2017 PM10  |  25.27 |  27.28 |  39.14 |  10.54 |I I 
22:36-Wed-Mar-01-2017 PM2.5 |   6.05 |   6.12 |   9.30 |   3.21 |I I 
22:37-Wed-Mar-01-2017 PM10  |  27.81 |  27.31 |  39.14 |  10.54 |I I 
22:37-Wed-Mar-01-2017 PM2.5 |   6.23 |   6.13 |   9.30 |   3.21 |I I 
22:41-Wed-Mar-01-2017 PM10  |  29.47 |  27.45 |  39.14 |  10.54 |I I 
22:41-Wed-Mar-01-2017 PM2.5 |   6.11 |   6.13 |   9.30 |   3.21 |I I 
22:42-Wed-Mar-01-2017 PM10  |  28.89 |  27.53 |  39.14 |  10.54 |I I 
22:42-Wed-Mar-01-2017 PM2.5 |   6.37 |   6.14 |   9.30 |   3.21 |I I 
22:46-Wed-Mar-01-2017 PM10  |  28.95 |  27.61 |  39.14 |  10.54 |I I 
22:46-Wed-Mar-01-2017 PM2.5 |   6.37 |   6.15 |   9.30 |   3.21 |I I 
22:47-Wed-Mar-01-2017 PM10  |  28.76 |  27.67 |  39.14 |  10.54 |I I 
22:47-Wed-Mar-01-2017 PM2.5 |   5.78 |   6.13 |   9.30 |   3.21 |I I 
22:51-Wed-Mar-01-2017 PM10  |  32.12 |  27.89 |  39.14 |  10.54 |I I 
22:51-Wed-Mar-01-2017 PM2.5 |   6.48 |   6.15 |   9.30 |   3.21 |I I 
22:52-Wed-Mar-01-2017 PM10  |  24.78 |  27.75 |  39.14 |  10.54 |I I 
22:52-Wed-Mar-01-2017 PM2.5 |   6.04 |   6.15 |   9.30 |   3.21 |I I 
22:53-Wed-Mar-01-2017 PM10  |  24.78 |  27.61 |  39.14 |  10.54 |I I 
22:53-Wed-Mar-01-2017 PM2.5 |   6.04 |   6.14 |   9.30 |   3.21 |I I 
22:57-Wed-Mar-01-2017 PM10  |  26.78 |  27.57 |  39.14 |  10.54 |I I 
22:57-Wed-Mar-01-2017 PM2.5 |   5.95 |   6.13 |   9.30 |   3.21 |I I 
22:58-Wed-Mar-01-2017 PM10  |  31.67 |  27.75 |  39.14 |  10.54 |I I 
22:58-Wed-Mar-01-2017 PM2.5 |   6.54 |   6.15 |   9.30 |   3.21 |I I 
23:02-Wed-Mar-01-2017 PM10  |  27.33 |  27.73 |  39.14 |  10.54 |I I 
23:02-Wed-Mar-01-2017 PM2.5 |   6.11 |   6.15 |   9.30 |   3.21 |I I 
23:03-Wed-Mar-01-2017 PM10  |  31.07 |  31.07 |  39.14 |  10.54 |I I 
23:03-Wed-Mar-01-2017 PM2.5 |   6.54 |   6.54 |   9.30 |   3.21 |I I 
23:07-Wed-Mar-01-2017 PM10  |  28.52 |  29.79 |  39.14 |  10.54 |I I 
23:07-Wed-Mar-01-2017 PM2.5 |   6.14 |   6.34 |   9.30 |   3.21 |I I 
23:08-Wed-Mar-01-2017 PM10  |  22.41 |  27.33 |  39.14 |  10.54 |I I 
23:08-Wed-Mar-01-2017 PM2.5 |   5.87 |   6.18 |   9.30 |   3.21 |I I 
23:12-Wed-Mar-01-2017 PM10  |  27.79 |  27.45 |  39.14 |  10.54 |I I 
23:12-Wed-Mar-01-2017 PM2.5 |   6.05 |   6.15 |   9.30 |   3.21 |I I 
23:13-Wed-Mar-01-2017 PM10  |  24.23 |  26.80 |  39.14 |  10.54 |I I 
23:13-Wed-Mar-01-2017 PM2.5 |   6.25 |   6.17 |   9.30 |   3.21 |I I 
23:17-Wed-Mar-01-2017 PM10  |  25.84 |  26.64 |  39.14 |  10.54 |I I 
23:17-Wed-Mar-01-2017 PM2.5 |   5.88 |   6.12 |   9.30 |   3.21 |I I 
23:18-Wed-Mar-01-2017 PM10  |  22.03 |  25.98 |  39.14 |  10.54 |I I 
23:18-Wed-Mar-01-2017 PM2.5 |   5.22 |   5.99 |   9.30 |   3.21 |I I 
23:22-Wed-Mar-01-2017 PM10  |  30.45 |  26.54 |  39.14 |  10.54 |I I 
23:22-Wed-Mar-01-2017 PM2.5 |   5.90 |   5.98 |   9.30 |   3.21 |I I 
23:23-Wed-Mar-01-2017 PM10  |  30.45 |  26.98 |  39.14 |  10.54 |I I 
23:23-Wed-Mar-01-2017 PM2.5 |   5.90 |   5.97 |   9.30 |   3.21 |I I 
23:24-Wed-Mar-01-2017 PM10  |  26.12 |  26.89 |  39.14 |  10.54 |I I 
23:24-Wed-Mar-01-2017 PM2.5 |   5.52 |   5.93 |   9.30 |   3.21 |I I 
23:28-Wed-Mar-01-2017 PM10  |  28.32 |  27.02 |  39.14 |  10.54 |I I 
23:28-Wed-Mar-01-2017 PM2.5 |   5.76 |   5.91 |   9.30 |   3.21 |I I 
23:29-Wed-Mar-01-2017 PM10  |  24.15 |  26.78 |  39.14 |  10.54 |I I 
23:29-Wed-Mar-01-2017 PM2.5 |   5.60 |   5.89 |   9.30 |   3.21 |I I 
23:33-Wed-Mar-01-2017 PM10  |  27.34 |  26.82 |  39.14 |  10.54 |I I 
23:33-Wed-Mar-01-2017 PM2.5 |   5.59 |   5.86 |   9.30 |   3.21 |I I 
23:34-Wed-Mar-01-2017 PM10  |  27.98 |  26.91 |  39.14 |  10.54 |I I 
23:34-Wed-Mar-01-2017 PM2.5 |   5.40 |   5.83 |   9.30 |   3.21 |I I 
23:38-Wed-Mar-01-2017 PM10  |  29.63 |  27.09 |  39.14 |  10.54 |I I 
23:38-Wed-Mar-01-2017 PM2.5 |   5.61 |   5.81 |   9.30 |   3.21 |I I 
23:39-Wed-Mar-01-2017 PM10  |  26.04 |  27.02 |  39.14 |  10.54 |I I 
23:39-Wed-Mar-01-2017 PM2.5 |   5.62 |   5.80 |   9.30 |   3.21 |I I 
23:43-Wed-Mar-01-2017 PM10  |  31.41 |  27.28 |  39.14 |  10.54 |I I 
23:43-Wed-Mar-01-2017 PM2.5 |   5.78 |   5.80 |   9.30 |   3.21 |I I 
23:44-Wed-Mar-01-2017 PM10  |  24.61 |  27.13 |  39.14 |  10.54 |I I 
23:44-Wed-Mar-01-2017 PM2.5 |   5.72 |   5.80 |   9.30 |   3.21 |I I 
23:48-Wed-Mar-01-2017 PM10  |  27.03 |  27.13 |  39.14 |  10.54 |I I 
23:48-Wed-Mar-01-2017 PM2.5 |   6.35 |   5.83 |   9.30 |   3.21 |I I 
23:49-Wed-Mar-01-2017 PM10  |  27.03 |  27.12 |  39.14 |  10.54 |I I 
23:49-Wed-Mar-01-2017 PM2.5 |   6.35 |   5.85 |   9.30 |   3.21 |I I 
23:50-Wed-Mar-01-2017 PM10  |  27.59 |  27.15 |  39.14 |  10.54 |I I 
23:50-Wed-Mar-01-2017 PM2.5 |   5.96 |   5.86 |   9.30 |   3.21 |I I 
23:54-Wed-Mar-01-2017 PM10  |  25.09 |  27.05 |  39.14 |  10.54 |I I 
23:54-Wed-Mar-01-2017 PM2.5 |   6.00 |   5.86 |   9.30 |   3.21 |I I 
23:55-Wed-Mar-01-2017 PM10  |  26.99 |  27.05 |  39.14 |  10.54 |I I 
23:55-Wed-Mar-01-2017 PM2.5 |   5.43 |   5.84 |   9.30 |   3.21 |I I 
23:59-Wed-Mar-01-2017 PM10  |  29.24 |  27.14 |  39.14 |  10.54 |I I 
23:59-Wed-Mar-01-2017 PM2.5 |   6.07 |   5.85 |   9.30 |   3.21 |I I 
00:00-Thu-Mar-02-2017Timeout Event handler
