[Wed Mar  8 00:00:22 2017] Report del giorno Wednesday March 08 2017 -- INVIATO a centraline@googlegroups.com
00:00-Wed-Mar-08-2017 PM2.5 |   3.39 |   3.55 |   5.77 |   2.18 |I I 
00:01-Wed-Mar-08-2017 PM10  |   6.49 |   6.49 |   0.00 |  2000.00|I I 
00:01-Wed-Mar-08-2017 PM2.5 |   3.37 |   3.37 |   0.00 |  2000.00|I I 
00:05-Wed-Mar-08-2017 PM10  |   7.52 |   7.00 |   0.00 |  2000.00|I I 
00:05-Wed-Mar-08-2017 PM2.5 |   3.52 |   3.45 |   0.00 |  2000.00|I I 
00:06-Wed-Mar-08-2017 PM10  |   6.45 |   6.82 |   0.00 |  2000.00|I I 
00:06-Wed-Mar-08-2017 PM2.5 |   3.42 |   3.44 |   0.00 |  2000.00|I I 
00:10-Wed-Mar-08-2017 PM10  |   6.95 |   6.85 |   0.00 |  2000.00|I I 
00:10-Wed-Mar-08-2017 PM2.5 |   3.74 |   3.51 |   0.00 |  2000.00|I I 
00:11-Wed-Mar-08-2017 PM10  |   5.46 |   6.57 |   0.00 |  2000.00|I I 
00:11-Wed-Mar-08-2017 PM2.5 |   3.02 |   3.41 |   0.00 |  2000.00|I I 
00:15-Wed-Mar-08-2017 PM10  |   7.32 |   6.70 |   0.00 |  2000.00|I I 
00:15-Wed-Mar-08-2017 PM2.5 |   3.18 |   3.38 |   0.00 |  2000.00|I I 
00:16-Wed-Mar-08-2017 PM10  |   7.32 |   6.79 |   0.00 |  2000.00|I I 
00:16-Wed-Mar-08-2017 PM2.5 |   3.18 |   3.35 |   0.00 |  2000.00|I I 
00:17-Wed-Mar-08-2017 PM10  |   6.74 |   6.78 |   0.00 |  2000.00|I I 
00:17-Wed-Mar-08-2017 PM2.5 |   3.00 |   3.30 |   0.00 |  2000.00|I I 
00:21-Wed-Mar-08-2017 PM10  |   8.55 |   6.98 |   0.00 |  2000.00|I I 
00:21-Wed-Mar-08-2017 PM2.5 |   3.31 |   3.31 |   0.00 |  2000.00|I I 
00:22-Wed-Mar-08-2017 PM10  |   9.12 |   7.19 |   0.00 |  2000.00|I I 
00:22-Wed-Mar-08-2017 PM2.5 |   3.12 |   3.29 |   0.00 |  2000.00|I I 
00:26-Wed-Mar-08-2017 PM10  |   6.21 |   7.10 |   0.00 |  2000.00|I I 
00:26-Wed-Mar-08-2017 PM2.5 |   3.15 |   3.28 |   0.00 |  2000.00|I I 
00:27-Wed-Mar-08-2017 PM10  |   6.68 |   7.07 |   0.00 |  2000.00|I I 
00:27-Wed-Mar-08-2017 PM2.5 |   3.24 |   3.27 |   0.00 |  2000.00|I I 
00:31-Wed-Mar-08-2017 PM10  |   8.03 |   7.14 |   0.00 |  2000.00|I I 
00:31-Wed-Mar-08-2017 PM2.5 |   3.30 |   3.27 |   0.00 |  2000.00|I I 
00:32-Wed-Mar-08-2017 PM10  |   7.32 |   7.15 |   0.00 |  2000.00|I I 
00:32-Wed-Mar-08-2017 PM2.5 |   3.16 |   3.27 |   0.00 |  2000.00|I I 
00:36-Wed-Mar-08-2017 PM10  |   6.74 |   7.13 |   0.00 |  2000.00|I I 
00:36-Wed-Mar-08-2017 PM2.5 |   3.40 |   3.27 |   0.00 |  2000.00|I I 
00:37-Wed-Mar-08-2017 PM10  |   6.96 |   7.12 |   0.00 |  2000.00|I I 
00:37-Wed-Mar-08-2017 PM2.5 |   3.25 |   3.27 |   0.00 |  2000.00|I I 
00:41-Wed-Mar-08-2017 PM10  |   8.25 |   7.18 |   0.00 |  2000.00|I I 
00:41-Wed-Mar-08-2017 PM2.5 |   3.18 |   3.27 |   0.00 |  2000.00|I I 
00:42-Wed-Mar-08-2017 PM10  |   6.24 |   7.13 |   0.00 |  2000.00|I I 
00:42-Wed-Mar-08-2017 PM2.5 |   3.03 |   3.25 |   0.00 |  2000.00|I I 
00:43-Wed-Mar-08-2017 PM10  |   6.24 |   7.08 |   0.00 |  2000.00|I I 
00:43-Wed-Mar-08-2017 PM2.5 |   3.03 |   3.24 |   0.00 |  2000.00|I I 
00:47-Wed-Mar-08-2017 PM10  |   7.69 |   7.11 |   0.00 |  2000.00|I I 
00:47-Wed-Mar-08-2017 PM2.5 |   3.38 |   3.25 |   0.00 |  2000.00|I I 
00:48-Wed-Mar-08-2017 PM10  |   6.36 |   7.08 |   0.00 |  2000.00|I I 
00:48-Wed-Mar-08-2017 PM2.5 |   3.06 |   3.24 |   0.00 |  2000.00|I I 
00:52-Wed-Mar-08-2017 PM10  |   6.21 |   7.04 |   0.00 |  2000.00|I I 
00:52-Wed-Mar-08-2017 PM2.5 |   3.18 |   3.24 |   0.00 |  2000.00|I I 
00:53-Wed-Mar-08-2017 PM10  |   6.04 |   6.99 |   0.00 |  2000.00|I I 
00:53-Wed-Mar-08-2017 PM2.5 |   2.65 |   3.21 |   0.00 |  2000.00|I I 
00:57-Wed-Mar-08-2017 PM10  |   6.47 |   6.97 |   0.00 |  2000.00|I I 
00:57-Wed-Mar-08-2017 PM2.5 |   3.08 |   3.21 |   0.00 |  2000.00|I I 
00:58-Wed-Mar-08-2017 PM10  |   5.97 |   6.93 |   0.00 |  2000.00|I I 
00:58-Wed-Mar-08-2017 PM2.5 |   2.99 |   3.20 |   0.00 |  2000.00|I I 
01:02-Wed-Mar-08-2017 PM10  |   6.90 |   6.93 |   6.93 |   6.93 |I I 
01:02-Wed-Mar-08-2017 PM2.5 |   2.93 |   3.19 |   3.19 |   3.19 |I I 
01:03-Wed-Mar-08-2017 PM10  |   7.22 |   7.22 |   6.93 |   6.93 |I I 
01:03-Wed-Mar-08-2017 PM2.5 |   2.81 |   2.81 |   3.19 |   3.19 |I I 
01:07-Wed-Mar-08-2017 PM10  |   4.99 |   6.10 |   6.93 |   6.93 |I I 
01:07-Wed-Mar-08-2017 PM2.5 |   2.85 |   2.83 |   3.19 |   3.19 |I I 
01:08-Wed-Mar-08-2017 PM10  |   6.27 |   6.16 |   6.93 |   6.93 |I I 
01:08-Wed-Mar-08-2017 PM2.5 |   3.03 |   2.90 |   3.19 |   3.19 |I I 
01:09-Wed-Mar-08-2017 PM10  |   6.27 |   6.19 |   6.93 |   6.93 |I I 
01:09-Wed-Mar-08-2017 PM2.5 |   3.03 |   2.93 |   3.19 |   3.19 |I I 
01:13-Wed-Mar-08-2017 PM10  |   8.86 |   6.72 |   6.93 |   6.93 |I I 
01:13-Wed-Mar-08-2017 PM2.5 |   3.14 |   2.97 |   3.19 |   3.19 |I I 
01:14-Wed-Mar-08-2017 PM10  |   5.41 |   6.50 |   6.93 |   6.93 |I I 
01:14-Wed-Mar-08-2017 PM2.5 |   3.09 |   2.99 |   3.19 |   3.19 |I I 
01:18-Wed-Mar-08-2017 PM10  |   7.31 |   6.62 |   6.93 |   6.93 |I I 
01:18-Wed-Mar-08-2017 PM2.5 |   3.11 |   3.01 |   3.19 |   3.19 |I I 
01:19-Wed-Mar-08-2017 PM10  |   6.67 |   6.62 |   6.93 |   6.93 |I I 
01:19-Wed-Mar-08-2017 PM2.5 |   2.75 |   2.98 |   3.19 |   3.19 |I I 
01:23-Wed-Mar-08-2017 PM10  |   9.35 |   6.93 |   6.93 |   6.93 |I I 
01:23-Wed-Mar-08-2017 PM2.5 |   3.28 |   3.01 |   3.19 |   3.19 |I I 
01:24-Wed-Mar-08-2017 PM10  |   4.95 |   6.73 |   6.93 |   6.93 |I I 
01:24-Wed-Mar-08-2017 PM2.5 |   2.86 |   3.00 |   3.19 |   3.19 |I I 
01:28-Wed-Mar-08-2017 PM10  |   6.10 |   6.67 |   6.93 |   6.93 |I I 
01:28-Wed-Mar-08-2017 PM2.5 |   2.92 |   2.99 |   3.19 |   3.19 |I I 
01:29-Wed-Mar-08-2017 PM10  |   6.58 |   6.67 |   6.93 |   6.93 |I I 
01:29-Wed-Mar-08-2017 PM2.5 |   2.89 |   2.98 |   3.19 |   3.19 |I I 
01:33-Wed-Mar-08-2017 PM10  |   8.51 |   6.81 |   6.93 |   6.93 |I I 
01:33-Wed-Mar-08-2017 PM2.5 |   3.06 |   2.99 |   3.19 |   3.19 |I I 
01:35-Wed-Mar-08-2017 PM10  |   5.53 |   6.72 |   6.93 |   6.93 |I I 
01:35-Wed-Mar-08-2017 PM2.5 |   2.90 |   2.98 |   3.19 |   3.19 |I I 
01:36-Wed-Mar-08-2017 PM10  |   5.53 |   6.64 |   6.93 |   6.93 |I I 
01:36-Wed-Mar-08-2017 PM2.5 |   2.90 |   2.98 |   3.19 |   3.19 |I I 
01:39-Wed-Mar-08-2017 PM10  |   5.46 |   6.56 |   6.93 |   6.93 |I I 
01:39-Wed-Mar-08-2017 PM2.5 |   2.94 |   2.97 |   3.19 |   3.19 |I I 
01:40-Wed-Mar-08-2017 PM10  |   5.46 |   6.50 |   6.93 |   6.93 |I I 
01:40-Wed-Mar-08-2017 PM2.5 |   2.94 |   2.97 |   3.19 |   3.19 |I I 
01:41-Wed-Mar-08-2017 PM10  |   6.49 |   6.50 |   6.93 |   6.93 |I I 
01:41-Wed-Mar-08-2017 PM2.5 |   2.95 |   2.97 |   3.19 |   3.19 |I I 
01:45-Wed-Mar-08-2017 PM10  |   7.76 |   6.57 |   6.93 |   6.93 |I I 
01:45-Wed-Mar-08-2017 PM2.5 |   2.95 |   2.97 |   3.19 |   3.19 |I I 
01:46-Wed-Mar-08-2017 PM10  |   7.71 |   6.62 |   6.93 |   6.93 |I I 
01:46-Wed-Mar-08-2017 PM2.5 |   2.90 |   2.97 |   3.19 |   3.19 |I I 
01:50-Wed-Mar-08-2017 PM10  |   6.58 |   6.62 |   6.93 |   6.93 |I I 
01:50-Wed-Mar-08-2017 PM2.5 |   2.75 |   2.95 |   3.19 |   3.19 |I I 
01:51-Wed-Mar-08-2017 PM10  |   7.63 |   6.67 |   6.93 |   6.93 |I I 
01:51-Wed-Mar-08-2017 PM2.5 |   2.91 |   2.95 |   3.19 |   3.19 |I I 
01:55-Wed-Mar-08-2017 PM10  |   7.42 |   6.70 |   6.93 |   6.93 |I I 
01:55-Wed-Mar-08-2017 PM2.5 |   3.08 |   2.96 |   3.19 |   3.19 |I I 
01:56-Wed-Mar-08-2017 PM10  |   6.51 |   6.69 |   6.93 |   6.93 |I I 
01:56-Wed-Mar-08-2017 PM2.5 |   2.75 |   2.95 |   3.19 |   3.19 |I I 
02:00-Wed-Mar-08-2017 PM10  |   6.54 |   6.69 |   6.93 |   6.69 |I I 
02:00-Wed-Mar-08-2017 PM2.5 |   2.64 |   2.94 |   3.19 |   2.94 |I I 
02:01-Wed-Mar-08-2017 PM10  |   4.68 |   4.68 |   6.93 |   6.69 |I I 
02:01-Wed-Mar-08-2017 PM2.5 |   2.79 |   2.79 |   3.19 |   2.94 |I I 
02:05-Wed-Mar-08-2017 PM10  |   5.90 |   5.29 |   6.93 |   6.69 |I I 
02:05-Wed-Mar-08-2017 PM2.5 |   2.76 |   2.78 |   3.19 |   2.94 |I I 
02:06-Wed-Mar-08-2017 PM10  |   5.90 |   5.49 |   6.93 |   6.69 |I I 
02:06-Wed-Mar-08-2017 PM2.5 |   2.76 |   2.77 |   3.19 |   2.94 |I I 
02:07-Wed-Mar-08-2017 PM10  |   5.94 |   5.61 |   6.93 |   6.69 |I I 
02:07-Wed-Mar-08-2017 PM2.5 |   2.86 |   2.79 |   3.19 |   2.94 |I I 
02:11-Wed-Mar-08-2017 PM10  |   7.14 |   5.91 |   6.93 |   6.69 |I I 
02:11-Wed-Mar-08-2017 PM2.5 |   3.12 |   2.86 |   3.19 |   2.94 |I I 
02:12-Wed-Mar-08-2017 PM10  |   7.65 |   6.20 |   6.93 |   6.69 |I I 
02:12-Wed-Mar-08-2017 PM2.5 |   2.81 |   2.85 |   3.19 |   2.94 |I I 
02:16-Wed-Mar-08-2017 PM10  |   6.90 |   6.30 |   6.93 |   6.69 |I I 
02:16-Wed-Mar-08-2017 PM2.5 |   2.81 |   2.85 |   3.19 |   2.94 |I I 
02:17-Wed-Mar-08-2017 PM10  |   5.09 |   6.15 |   6.93 |   6.69 |I I 
02:17-Wed-Mar-08-2017 PM2.5 |   2.78 |   2.84 |   3.19 |   2.94 |I I 
02:21-Wed-Mar-08-2017 PM10  |   5.59 |   6.09 |   6.93 |   6.69 |I I 
02:21-Wed-Mar-08-2017 PM2.5 |   2.64 |   2.81 |   3.19 |   2.94 |I I 
02:22-Wed-Mar-08-2017 PM10  |   5.63 |   6.04 |   6.93 |   6.69 |I I 
02:22-Wed-Mar-08-2017 PM2.5 |   2.81 |   2.81 |   3.19 |   2.94 |I I 
02:26-Wed-Mar-08-2017 PM10  |   6.01 |   6.04 |   6.93 |   6.69 |I I 
02:26-Wed-Mar-08-2017 PM2.5 |   2.78 |   2.81 |   3.19 |   2.94 |I I 
02:27-Wed-Mar-08-2017 PM10  |   6.61 |   6.09 |   6.93 |   6.69 |I I 
02:27-Wed-Mar-08-2017 PM2.5 |   2.68 |   2.80 |   3.19 |   2.94 |I I 
02:31-Wed-Mar-08-2017 PM10  |  16.05 |   6.85 |   6.93 |   6.69 |I I 
02:31-Wed-Mar-08-2017 PM2.5 |   3.07 |   2.82 |   3.19 |   2.94 |I I 
02:32-Wed-Mar-08-2017 PM10  |  16.05 |   7.51 |   6.93 |   6.69 |I I 
02:32-Wed-Mar-08-2017 PM2.5 |   3.07 |   2.84 |   3.19 |   2.94 |I I 
02:33-Wed-Mar-08-2017 PM10  |   4.76 |   7.33 |   6.93 |   6.69 |I I 
02:33-Wed-Mar-08-2017 PM2.5 |   2.67 |   2.83 |   3.19 |   2.94 |I I 
02:37-Wed-Mar-08-2017 PM10  |   4.79 |   7.17 |   6.93 |   6.69 |I I 
02:37-Wed-Mar-08-2017 PM2.5 |   2.62 |   2.81 |   3.19 |   2.94 |I I 
02:38-Wed-Mar-08-2017 PM10  |   6.41 |   7.12 |   6.93 |   6.69 |I I 
02:38-Wed-Mar-08-2017 PM2.5 |   2.91 |   2.82 |   3.19 |   2.94 |I I 
02:42-Wed-Mar-08-2017 PM10  |   5.70 |   7.04 |   6.93 |   6.69 |I I 
02:42-Wed-Mar-08-2017 PM2.5 |   2.96 |   2.83 |   3.19 |   2.94 |I I 
02:43-Wed-Mar-08-2017 PM10  |   6.55 |   7.02 |   6.93 |   6.69 |I I 
02:43-Wed-Mar-08-2017 PM2.5 |   2.62 |   2.82 |   3.19 |   2.94 |I I 
02:47-Wed-Mar-08-2017 PM10  |   5.36 |   6.94 |   6.93 |   6.69 |I I 
02:47-Wed-Mar-08-2017 PM2.5 |   2.73 |   2.81 |   3.19 |   2.94 |I I 
02:48-Wed-Mar-08-2017 PM10  |   5.36 |   6.86 |   6.93 |   6.69 |I I 
02:48-Wed-Mar-08-2017 PM2.5 |   2.81 |   2.81 |   3.19 |   2.94 |I I 
02:52-Wed-Mar-08-2017 PM10  |   7.08 |   6.87 |   6.93 |   6.69 |I I 
02:52-Wed-Mar-08-2017 PM2.5 |   2.86 |   2.81 |   3.19 |   2.94 |I I 
02:53-Wed-Mar-08-2017 PM10  |   6.62 |   6.86 |   6.93 |   6.69 |I I 
02:53-Wed-Mar-08-2017 PM2.5 |   2.86 |   2.82 |   3.19 |   2.94 |I I 
02:57-Wed-Mar-08-2017 PM10  |   3.86 |   6.73 |   6.93 |   6.69 |I I 
02:57-Wed-Mar-08-2017 PM2.5 |   2.55 |   2.80 |   3.19 |   2.94 |I I 
02:58-Wed-Mar-08-2017 PM10  |   3.86 |   6.62 |   6.93 |   6.69 |I I 
02:58-Wed-Mar-08-2017 PM2.5 |   2.55 |   2.79 |   3.19 |   2.94 |I I 
02:59-Wed-Mar-08-2017 PM10  |   5.12 |   6.56 |   6.93 |   6.69 |I I 
02:59-Wed-Mar-08-2017 PM2.5 |   2.63 |   2.79 |   3.19 |   2.94 |I I 
03:03-Wed-Mar-08-2017 PM10  |   4.18 |   6.47 |   6.93 |   6.47 |I I 
03:03-Wed-Mar-08-2017 PM2.5 |   2.62 |   2.78 |   3.19 |   2.78 |I I 
03:04-Wed-Mar-08-2017 PM10  |   5.07 |   5.07 |   6.93 |   6.47 |I I 
03:04-Wed-Mar-08-2017 PM2.5 |   2.60 |   2.60 |   3.19 |   2.78 |I I 
03:08-Wed-Mar-08-2017 PM10  |   3.43 |   4.25 |   6.93 |   6.47 |I I 
03:08-Wed-Mar-08-2017 PM2.5 |   2.47 |   2.54 |   3.19 |   2.78 |I I 
03:09-Wed-Mar-08-2017 PM10  |   4.07 |   4.19 |   6.93 |   6.47 |I I 
03:09-Wed-Mar-08-2017 PM2.5 |   2.64 |   2.57 |   3.19 |   2.78 |I I 
03:13-Wed-Mar-08-2017 PM10  |   3.53 |   4.03 |   6.93 |   6.47 |I I 
03:13-Wed-Mar-08-2017 PM2.5 |   2.65 |   2.59 |   3.19 |   2.78 |I I 
03:14-Wed-Mar-08-2017 PM10  |   4.44 |   4.11 |   6.93 |   6.47 |I I 
03:14-Wed-Mar-08-2017 PM2.5 |   2.52 |   2.58 |   3.19 |   2.78 |I I 
03:18-Wed-Mar-08-2017 PM10  |   6.43 |   4.49 |   6.93 |   6.47 |I I 
03:18-Wed-Mar-08-2017 PM2.5 |   2.76 |   2.61 |   3.19 |   2.78 |I I 
03:19-Wed-Mar-08-2017 PM10  |   4.99 |   4.56 |   6.93 |   6.47 |I I 
03:19-Wed-Mar-08-2017 PM2.5 |   2.71 |   2.62 |   3.19 |   2.78 |I I 
03:23-Wed-Mar-08-2017 PM10  |   3.81 |   4.47 |   6.93 |   6.47 |I I 
03:23-Wed-Mar-08-2017 PM2.5 |   2.62 |   2.62 |   3.19 |   2.78 |I I 
03:24-Wed-Mar-08-2017 PM10  |   3.81 |   4.40 |   6.93 |   6.47 |I I 
03:24-Wed-Mar-08-2017 PM2.5 |   2.62 |   2.62 |   3.19 |   2.78 |I I 
03:25-Wed-Mar-08-2017 PM10  |   4.20 |   4.38 |   6.93 |   6.47 |I I 
03:25-Wed-Mar-08-2017 PM2.5 |   2.38 |   2.60 |   3.19 |   2.78 |I I 
03:29-Wed-Mar-08-2017 PM10  |   4.39 |   4.38 |   6.93 |   6.47 |I I 
03:29-Wed-Mar-08-2017 PM2.5 |   2.66 |   2.60 |   3.19 |   2.78 |I I 
03:30-Wed-Mar-08-2017 PM10  |   4.66 |   4.40 |   6.93 |   6.47 |I I 
03:30-Wed-Mar-08-2017 PM2.5 |   2.65 |   2.61 |   3.19 |   2.78 |I I 
03:34-Wed-Mar-08-2017 PM10  |   5.83 |   4.51 |   6.93 |   6.47 |I I 
03:34-Wed-Mar-08-2017 PM2.5 |   2.77 |   2.62 |   3.19 |   2.78 |I I 
03:35-Wed-Mar-08-2017 PM10  |   4.78 |   4.53 |   6.93 |   6.47 |I I 
03:35-Wed-Mar-08-2017 PM2.5 |   3.08 |   2.65 |   3.19 |   2.78 |I I 
03:39-Wed-Mar-08-2017 PM10  |   4.74 |   4.54 |   6.93 |   6.47 |I I 
03:39-Wed-Mar-08-2017 PM2.5 |   2.72 |   2.66 |   3.19 |   2.78 |I I 
03:40-Wed-Mar-08-2017 PM10  |   7.01 |   4.70 |   6.93 |   6.47 |I I 
03:40-Wed-Mar-08-2017 PM2.5 |   2.60 |   2.65 |   3.19 |   2.78 |I I 
03:44-Wed-Mar-08-2017 PM10  |   5.97 |   4.77 |   6.93 |   6.47 |I I 
03:44-Wed-Mar-08-2017 PM2.5 |   2.70 |   2.66 |   3.19 |   2.78 |I I 
03:45-Wed-Mar-08-2017 PM10  |   4.81 |   4.78 |   6.93 |   6.47 |I I 
03:45-Wed-Mar-08-2017 PM2.5 |   2.89 |   2.67 |   3.19 |   2.78 |I I 
03:49-Wed-Mar-08-2017 PM10  |   6.87 |   4.89 |   6.93 |   6.47 |I I 
03:49-Wed-Mar-08-2017 PM2.5 |   2.84 |   2.68 |   3.19 |   2.78 |I I 
03:50-Wed-Mar-08-2017 PM10  |   5.02 |   4.89 |   6.93 |   6.47 |I I 
03:50-Wed-Mar-08-2017 PM2.5 |   2.65 |   2.68 |   3.19 |   2.78 |I I 
03:51-Wed-Mar-08-2017 PM10  |   5.02 |   4.90 |   6.93 |   6.47 |I I 
03:51-Wed-Mar-08-2017 PM2.5 |   2.65 |   2.68 |   3.19 |   2.78 |I I 
03:55-Wed-Mar-08-2017 PM10  |   4.84 |   4.90 |   6.93 |   6.47 |I I 
03:55-Wed-Mar-08-2017 PM2.5 |   2.63 |   2.67 |   3.19 |   2.78 |I I 
03:56-Wed-Mar-08-2017 PM10  |   3.92 |   4.85 |   6.93 |   6.47 |I I 
03:56-Wed-Mar-08-2017 PM2.5 |   2.63 |   2.67 |   3.19 |   2.78 |I I 
04:00-Wed-Mar-08-2017 PM10  |   4.10 |   4.82 |   6.93 |   4.82 |I I 
04:00-Wed-Mar-08-2017 PM2.5 |   2.45 |   2.66 |   3.19 |   2.66 |I I 
04:01-Wed-Mar-08-2017 PM10  |   4.28 |   4.28 |   6.93 |   4.82 |I I 
04:01-Wed-Mar-08-2017 PM2.5 |   2.51 |   2.51 |   3.19 |   2.66 |I I 
04:05-Wed-Mar-08-2017 PM10  |   3.75 |   4.01 |   6.93 |   4.82 |I I 
04:05-Wed-Mar-08-2017 PM2.5 |   2.55 |   2.53 |   3.19 |   2.66 |I I 
04:06-Wed-Mar-08-2017 PM10  |   5.13 |   4.38 |   6.93 |   4.82 |I I 
04:06-Wed-Mar-08-2017 PM2.5 |   2.45 |   2.50 |   3.19 |   2.66 |I I 
04:10-Wed-Mar-08-2017 PM10  |   4.37 |   4.38 |   6.93 |   4.82 |I I 
04:10-Wed-Mar-08-2017 PM2.5 |   2.35 |   2.47 |   3.19 |   2.66 |I I 
04:11-Wed-Mar-08-2017 PM10  |   3.99 |   4.30 |   6.93 |   4.82 |I I 
04:11-Wed-Mar-08-2017 PM2.5 |   2.49 |   2.47 |   3.19 |   2.66 |I I 
04:15-Wed-Mar-08-2017 PM10  |   4.17 |   4.28 |   6.93 |   4.82 |I I 
04:15-Wed-Mar-08-2017 PM2.5 |   2.55 |   2.48 |   3.19 |   2.66 |I I 
04:16-Wed-Mar-08-2017 PM10  |   5.17 |   4.41 |   6.93 |   4.82 |I I 
04:16-Wed-Mar-08-2017 PM2.5 |   2.48 |   2.48 |   3.19 |   2.66 |I I 
04:17-Wed-Mar-08-2017 PM10  |   5.17 |   4.50 |   6.93 |   4.82 |I I 
04:17-Wed-Mar-08-2017 PM2.5 |   2.48 |   2.48 |   3.19 |   2.66 |I I 
04:21-Wed-Mar-08-2017 PM10  |   4.18 |   4.47 |   6.93 |   4.82 |I I 
04:21-Wed-Mar-08-2017 PM2.5 |   2.34 |   2.47 |   3.19 |   2.66 |I I 
04:22-Wed-Mar-08-2017 PM10  |   3.88 |   4.41 |   6.93 |   4.82 |I I 
04:22-Wed-Mar-08-2017 PM2.5 |   2.62 |   2.48 |   3.19 |   2.66 |I I 
04:27-Wed-Mar-08-2017 PM10  |   4.51 |   4.42 |   6.93 |   4.82 |I I 
04:27-Wed-Mar-08-2017 PM2.5 |   2.57 |   2.49 |   3.19 |   2.66 |I I 
04:28-Wed-Mar-08-2017 PM10  |   4.77 |   4.45 |   6.93 |   4.82 |I I 
04:28-Wed-Mar-08-2017 PM2.5 |   2.41 |   2.48 |   3.19 |   2.66 |I I 
04:32-Wed-Mar-08-2017 PM10  |   5.23 |   4.51 |   6.93 |   4.82 |I I 
04:32-Wed-Mar-08-2017 PM2.5 |   2.60 |   2.49 |   3.19 |   2.66 |I I 
04:33-Wed-Mar-08-2017 PM10  |   5.07 |   4.55 |   6.93 |   4.82 |I I 
04:33-Wed-Mar-08-2017 PM2.5 |   2.60 |   2.50 |   3.19 |   2.66 |I I 
04:37-Wed-Mar-08-2017 PM10  |   4.61 |   4.55 |   6.93 |   4.82 |I I 
04:37-Wed-Mar-08-2017 PM2.5 |   2.50 |   2.50 |   3.19 |   2.66 |I I 
04:38-Wed-Mar-08-2017 PM10  |   4.43 |   4.54 |   6.93 |   4.82 |I I 
04:38-Wed-Mar-08-2017 PM2.5 |   2.40 |   2.49 |   3.19 |   2.66 |I I 
04:42-Wed-Mar-08-2017 PM10  |   3.50 |   4.48 |   6.93 |   4.82 |I I 
04:42-Wed-Mar-08-2017 PM2.5 |   2.41 |   2.49 |   3.19 |   2.66 |I I 
04:43-Wed-Mar-08-2017 PM10  |   4.77 |   4.50 |   6.93 |   4.82 |I I 
04:43-Wed-Mar-08-2017 PM2.5 |   2.40 |   2.48 |   3.19 |   2.66 |I I 
04:44-Wed-Mar-08-2017 PM10  |   4.77 |   4.51 |   6.93 |   4.82 |I I 
04:44-Wed-Mar-08-2017 PM2.5 |   2.40 |   2.48 |   3.19 |   2.66 |I I 
04:48-Wed-Mar-08-2017 PM10  |   4.81 |   4.53 |   6.93 |   4.82 |I I 
04:48-Wed-Mar-08-2017 PM2.5 |   2.53 |   2.48 |   3.19 |   2.66 |I I 
04:49-Wed-Mar-08-2017 PM10  |   4.10 |   4.51 |   6.93 |   4.82 |I I 
04:49-Wed-Mar-08-2017 PM2.5 |   2.33 |   2.47 |   3.19 |   2.66 |I I 
04:53-Wed-Mar-08-2017 PM10  |   5.29 |   4.54 |   6.93 |   4.82 |I I 
04:53-Wed-Mar-08-2017 PM2.5 |   2.42 |   2.47 |   3.19 |   2.66 |I I 
04:54-Wed-Mar-08-2017 PM10  |   4.54 |   4.54 |   6.93 |   4.82 |I I 
04:54-Wed-Mar-08-2017 PM2.5 |   2.61 |   2.48 |   3.19 |   2.66 |I I 
04:58-Wed-Mar-08-2017 PM10  |   4.32 |   4.53 |   6.93 |   4.82 |I I 
04:58-Wed-Mar-08-2017 PM2.5 |   2.60 |   2.48 |   3.19 |   2.66 |I I 
04:59-Wed-Mar-08-2017 PM10  |   5.36 |   4.57 |   6.93 |   4.82 |I I 
04:59-Wed-Mar-08-2017 PM2.5 |   2.40 |   2.48 |   3.19 |   2.66 |I I 
05:03-Wed-Mar-08-2017 PM10  |   4.06 |   4.55 |   6.93 |   4.55 |I I 
05:03-Wed-Mar-08-2017 PM2.5 |   2.48 |   2.48 |   3.19 |   2.48 |I I 
05:04-Wed-Mar-08-2017 PM10  |   4.69 |   4.69 |   6.93 |   4.55 |I I 
05:04-Wed-Mar-08-2017 PM2.5 |   2.46 |   2.46 |   3.19 |   2.48 |I I 
05:08-Wed-Mar-08-2017 PM10  |   3.29 |   3.99 |   6.93 |   4.55 |I I 
05:08-Wed-Mar-08-2017 PM2.5 |   2.32 |   2.39 |   3.19 |   2.48 |I I 
05:09-Wed-Mar-08-2017 PM10  |   4.94 |   4.31 |   6.93 |   4.55 |I I 
05:09-Wed-Mar-08-2017 PM2.5 |   2.51 |   2.43 |   3.19 |   2.48 |I I 
05:10-Wed-Mar-08-2017 PM10  |   4.94 |   4.46 |   6.93 |   4.55 |I I 
05:10-Wed-Mar-08-2017 PM2.5 |   2.51 |   2.45 |   3.19 |   2.48 |I I 
05:14-Wed-Mar-08-2017 PM10  |   4.61 |   4.49 |   6.93 |   4.55 |I I 
05:14-Wed-Mar-08-2017 PM2.5 |   2.41 |   2.44 |   3.19 |   2.48 |I I 
05:15-Wed-Mar-08-2017 PM10  |   9.16 |   5.27 |   6.93 |   4.55 |I I 
05:15-Wed-Mar-08-2017 PM2.5 |   2.52 |   2.46 |   3.19 |   2.48 |I I 
05:19-Wed-Mar-08-2017 PM10  |   5.84 |   5.35 |   6.93 |   4.55 |I I 
05:19-Wed-Mar-08-2017 PM2.5 |   2.35 |   2.44 |   3.19 |   2.48 |I I 
05:20-Wed-Mar-08-2017 PM10  |   4.39 |   5.23 |   6.93 |   4.55 |I I 
05:20-Wed-Mar-08-2017 PM2.5 |   2.37 |   2.43 |   3.19 |   2.48 |I I 
05:24-Wed-Mar-08-2017 PM10  |   5.63 |   5.28 |   6.93 |   4.55 |I I 
05:24-Wed-Mar-08-2017 PM2.5 |   2.45 |   2.43 |   3.19 |   2.48 |I I 
05:25-Wed-Mar-08-2017 PM10  |   4.56 |   5.21 |   6.93 |   4.55 |I I 
05:25-Wed-Mar-08-2017 PM2.5 |   2.48 |   2.44 |   3.19 |   2.48 |I I 
05:29-Wed-Mar-08-2017 PM10  |   4.85 |   5.17 |   6.93 |   4.55 |I I 
05:29-Wed-Mar-08-2017 PM2.5 |   2.42 |   2.44 |   3.19 |   2.48 |I I 
05:30-Wed-Mar-08-2017 PM10  |   5.17 |   5.17 |   6.93 |   4.55 |I I 
05:30-Wed-Mar-08-2017 PM2.5 |   2.32 |   2.43 |   3.19 |   2.48 |I I 
05:34-Wed-Mar-08-2017 PM10  |   4.27 |   5.10 |   6.93 |   4.55 |I I 
05:34-Wed-Mar-08-2017 PM2.5 |   2.42 |   2.43 |   3.19 |   2.48 |I I 
05:35-Wed-Mar-08-2017 PM10  |   4.87 |   5.09 |   6.93 |   4.55 |I I 
05:35-Wed-Mar-08-2017 PM2.5 |   2.27 |   2.42 |   3.19 |   2.48 |I I 
05:36-Wed-Mar-08-2017 PM10  |   4.87 |   5.07 |   6.93 |   4.55 |I I 
05:36-Wed-Mar-08-2017 PM2.5 |   2.27 |   2.41 |   3.19 |   2.48 |I I 
05:39-Wed-Mar-08-2017 PM10  |   3.89 |   5.00 |   6.93 |   4.55 |I I 
05:39-Wed-Mar-08-2017 PM2.5 |   2.39 |   2.40 |   3.19 |   2.48 |I I 
05:40-Wed-Mar-08-2017 PM10  |   3.89 |   4.93 |   6.93 |   4.55 |I I 
05:40-Wed-Mar-08-2017 PM2.5 |   2.39 |   2.40 |   3.19 |   2.48 |I I 
05:41-Wed-Mar-08-2017 PM10  |   6.96 |   5.05 |   6.93 |   4.55 |I I 
05:41-Wed-Mar-08-2017 PM2.5 |   2.65 |   2.42 |   3.19 |   2.48 |I I 
05:45-Wed-Mar-08-2017 PM10  |   6.34 |   5.11 |   6.93 |   4.55 |I I 
05:45-Wed-Mar-08-2017 PM2.5 |   2.62 |   2.43 |   3.19 |   2.48 |I I 
05:46-Wed-Mar-08-2017 PM10  |   3.63 |   5.04 |   6.93 |   4.55 |I I 
05:46-Wed-Mar-08-2017 PM2.5 |   2.26 |   2.42 |   3.19 |   2.48 |I I 
05:50-Wed-Mar-08-2017 PM10  |   4.53 |   5.02 |   6.93 |   4.55 |I I 
05:50-Wed-Mar-08-2017 PM2.5 |   2.38 |   2.42 |   3.19 |   2.48 |I I 
05:51-Wed-Mar-08-2017 PM10  |   4.60 |   5.00 |   6.93 |   4.55 |I I 
05:51-Wed-Mar-08-2017 PM2.5 |   2.42 |   2.42 |   3.19 |   2.48 |I I 
05:55-Wed-Mar-08-2017 PM10  |   4.29 |   4.97 |   6.93 |   4.55 |I I 
05:55-Wed-Mar-08-2017 PM2.5 |   2.38 |   2.42 |   3.19 |   2.48 |I I 
05:56-Wed-Mar-08-2017 PM10  |   4.28 |   4.94 |   6.93 |   4.55 |I I 
05:56-Wed-Mar-08-2017 PM2.5 |   2.31 |   2.41 |   3.19 |   2.48 |I I 
06:00-Wed-Mar-08-2017 PM10  |   4.63 |   4.92 |   6.93 |   4.55 |I I 
06:00-Wed-Mar-08-2017 PM2.5 |   2.48 |   2.41 |   3.19 |   2.41 |I I 
06:01-Wed-Mar-08-2017 PM10  |   7.28 |   7.28 |   6.93 |   4.55 |I I 
06:01-Wed-Mar-08-2017 PM2.5 |   2.41 |   2.41 |   3.19 |   2.41 |I I 
06:05-Wed-Mar-08-2017 PM10  |   3.37 |   5.32 |   6.93 |   4.55 |I I 
06:05-Wed-Mar-08-2017 PM2.5 |   2.42 |   2.41 |   3.19 |   2.41 |I I 
06:06-Wed-Mar-08-2017 PM10  |   3.37 |   4.67 |   6.93 |   4.55 |I I 
06:06-Wed-Mar-08-2017 PM2.5 |   2.42 |   2.41 |   3.19 |   2.41 |I I 
06:07-Wed-Mar-08-2017 PM10  |   3.48 |   4.37 |   6.93 |   4.55 |I I 
06:07-Wed-Mar-08-2017 PM2.5 |   2.33 |   2.39 |   3.19 |   2.41 |I I 
06:11-Wed-Mar-08-2017 PM10  |   4.58 |   4.42 |   6.93 |   4.55 |I I 
06:11-Wed-Mar-08-2017 PM2.5 |   2.29 |   2.37 |   3.19 |   2.41 |I I 
06:12-Wed-Mar-08-2017 PM10  |   3.45 |   4.26 |   6.93 |   4.55 |I I 
06:12-Wed-Mar-08-2017 PM2.5 |   2.24 |   2.35 |   3.19 |   2.41 |I I 
06:16-Wed-Mar-08-2017 PM10  |   4.87 |   4.34 |   6.93 |   4.55 |I I 
06:16-Wed-Mar-08-2017 PM2.5 |   2.36 |   2.35 |   3.19 |   2.41 |I I 
06:17-Wed-Mar-08-2017 PM10  |   5.85 |   4.53 |   6.93 |   4.55 |I I 
06:17-Wed-Mar-08-2017 PM2.5 |   2.36 |   2.35 |   3.19 |   2.41 |I I 
06:21-Wed-Mar-08-2017 PM10  |   3.32 |   4.40 |   6.93 |   4.55 |I I 
06:21-Wed-Mar-08-2017 PM2.5 |   2.45 |   2.36 |   3.19 |   2.41 |I I 
06:22-Wed-Mar-08-2017 PM10  |   3.02 |   4.26 |   6.93 |   4.55 |I I 
06:22-Wed-Mar-08-2017 PM2.5 |   2.24 |   2.35 |   3.19 |   2.41 |I I 
06:26-Wed-Mar-08-2017 PM10  |   4.45 |   4.28 |   6.93 |   4.55 |I I 
06:26-Wed-Mar-08-2017 PM2.5 |   2.43 |   2.36 |   3.19 |   2.41 |I I 
06:27-Wed-Mar-08-2017 PM10  |   4.00 |   4.25 |   6.93 |   4.55 |I I 
06:27-Wed-Mar-08-2017 PM2.5 |   2.30 |   2.35 |   3.19 |   2.41 |I I 
06:31-Wed-Mar-08-2017 PM10  |   4.57 |   4.28 |   6.93 |   4.55 |I I 
06:31-Wed-Mar-08-2017 PM2.5 |   2.38 |   2.36 |   3.19 |   2.41 |I I 
06:32-Wed-Mar-08-2017 PM10  |   4.57 |   4.30 |   6.93 |   4.55 |I I 
06:32-Wed-Mar-08-2017 PM2.5 |   2.38 |   2.36 |   3.19 |   2.41 |I I 
06:33-Wed-Mar-08-2017 PM10  |   3.39 |   4.24 |   6.93 |   4.55 |I I 
06:33-Wed-Mar-08-2017 PM2.5 |   2.35 |   2.36 |   3.19 |   2.41 |I I 
06:37-Wed-Mar-08-2017 PM10  |   5.27 |   4.30 |   6.93 |   4.55 |I I 
06:37-Wed-Mar-08-2017 PM2.5 |   2.34 |   2.36 |   3.19 |   2.41 |I I 
06:38-Wed-Mar-08-2017 PM10  |   4.46 |   4.31 |   6.93 |   4.55 |I I 
06:38-Wed-Mar-08-2017 PM2.5 |   2.39 |   2.36 |   3.19 |   2.41 |I I 
06:42-Wed-Mar-08-2017 PM10  |   3.69 |   4.28 |   6.93 |   4.55 |I I 
06:42-Wed-Mar-08-2017 PM2.5 |   2.26 |   2.35 |   3.19 |   2.41 |I I 
06:43-Wed-Mar-08-2017 PM10  |   4.26 |   4.28 |   6.93 |   4.55 |I I 
06:43-Wed-Mar-08-2017 PM2.5 |   2.41 |   2.36 |   3.19 |   2.41 |I I 
06:47-Wed-Mar-08-2017 PM10  |   4.04 |   4.26 |   6.93 |   4.55 |I I 
06:47-Wed-Mar-08-2017 PM2.5 |   2.41 |   2.36 |   3.19 |   2.41 |I I 
06:48-Wed-Mar-08-2017 PM10  |   4.00 |   4.25 |   6.93 |   4.55 |I I 
06:48-Wed-Mar-08-2017 PM2.5 |   2.29 |   2.35 |   3.19 |   2.41 |I I 
06:52-Wed-Mar-08-2017 PM10  |   3.25 |   4.21 |   6.93 |   4.55 |I I 
06:52-Wed-Mar-08-2017 PM2.5 |   2.29 |   2.35 |   3.19 |   2.41 |I I 
06:53-Wed-Mar-08-2017 PM10  |   5.83 |   4.28 |   6.93 |   4.55 |I I 
06:53-Wed-Mar-08-2017 PM2.5 |   2.59 |   2.36 |   3.19 |   2.41 |I I 
06:57-Wed-Mar-08-2017 PM10  |   6.76 |   4.38 |   6.93 |   4.55 |I I 
06:57-Wed-Mar-08-2017 PM2.5 |   2.53 |   2.37 |   3.19 |   2.41 |I I 
06:58-Wed-Mar-08-2017 PM10  |   6.76 |   4.48 |   6.93 |   4.55 |I I 
06:58-Wed-Mar-08-2017 PM2.5 |   2.53 |   2.38 |   3.19 |   2.41 |I I 
06:59-Wed-Mar-08-2017 PM10  |   5.00 |   4.50 |   6.93 |   4.55 |I I 
06:59-Wed-Mar-08-2017 PM2.5 |   2.42 |   2.38 |   3.19 |   2.41 |I I 
07:03-Wed-Mar-08-2017 PM10  |   3.96 |   4.48 |   6.93 |   4.48 |I I 
07:03-Wed-Mar-08-2017 PM2.5 |   2.35 |   2.38 |   3.19 |   2.38 |I I 
07:04-Wed-Mar-08-2017 PM10  |   7.09 |   7.09 |   6.93 |   4.48 |I I 
07:04-Wed-Mar-08-2017 PM2.5 |   2.55 |   2.55 |   3.19 |   2.38 |I I 
07:08-Wed-Mar-08-2017 PM10  |   5.93 |   6.51 |   6.93 |   4.48 |I I 
07:08-Wed-Mar-08-2017 PM2.5 |   2.52 |   2.53 |   3.19 |   2.38 |I I 
07:09-Wed-Mar-08-2017 PM10  |  13.72 |   8.91 |   6.93 |   4.48 |I I 
07:09-Wed-Mar-08-2017 PM2.5 |   2.49 |   2.52 |   3.19 |   2.38 |I I 
07:14-Wed-Mar-08-2017 PM10  |   7.91 |   8.66 |   6.93 |   4.48 |I I 
07:14-Wed-Mar-08-2017 PM2.5 |   2.38 |   2.48 |   3.19 |   2.38 |I I 
07:15-Wed-Mar-08-2017 PM10  |   8.17 |   8.56 |   6.93 |   4.48 |I I 
07:15-Wed-Mar-08-2017 PM2.5 |   2.35 |   2.46 |   3.19 |   2.38 |I I 
07:19-Wed-Mar-08-2017 PM10  |   9.07 |   8.65 |   6.93 |   4.48 |I I 
07:19-Wed-Mar-08-2017 PM2.5 |   2.39 |   2.45 |   3.19 |   2.38 |I I 
07:20-Wed-Mar-08-2017 PM10  |   6.56 |   8.35 |   6.93 |   4.48 |I I 
07:20-Wed-Mar-08-2017 PM2.5 |   2.67 |   2.48 |   3.19 |   2.38 |I I 
07:24-Wed-Mar-08-2017 PM10  |   6.15 |   8.08 |   6.93 |   4.48 |I I 
07:24-Wed-Mar-08-2017 PM2.5 |   2.78 |   2.52 |   3.19 |   2.38 |I I 
07:25-Wed-Mar-08-2017 PM10  |   6.15 |   7.86 |   6.93 |   4.48 |I I 
07:25-Wed-Mar-08-2017 PM2.5 |   2.78 |   2.55 |   3.19 |   2.38 |I I 
07:26-Wed-Mar-08-2017 PM10  |   9.15 |   7.99 |   6.93 |   4.48 |I I 
07:26-Wed-Mar-08-2017 PM2.5 |   2.78 |   2.57 |   3.19 |   2.38 |I I 
07:30-Wed-Mar-08-2017 PM10  |   9.16 |   8.10 |   6.93 |   4.48 |I I 
07:30-Wed-Mar-08-2017 PM2.5 |   2.85 |   2.59 |   3.19 |   2.38 |I I 
07:31-Wed-Mar-08-2017 PM10  |   7.21 |   8.02 |   6.93 |   4.48 |I I 
07:31-Wed-Mar-08-2017 PM2.5 |   2.84 |   2.62 |   3.19 |   2.38 |I I 
07:35-Wed-Mar-08-2017 PM10  |  12.84 |   8.39 |   6.93 |   4.48 |I I 
07:35-Wed-Mar-08-2017 PM2.5 |   2.90 |   2.64 |   3.19 |   2.38 |I I 
07:36-Wed-Mar-08-2017 PM10  |   8.86 |   8.43 |   6.93 |   4.48 |I I 
07:36-Wed-Mar-08-2017 PM2.5 |   2.57 |   2.63 |   3.19 |   2.38 |I I 
07:40-Wed-Mar-08-2017 PM10  |   7.93 |   8.39 |   6.93 |   4.48 |I I 
07:40-Wed-Mar-08-2017 PM2.5 |   2.76 |   2.64 |   3.19 |   2.38 |I I 
07:41-Wed-Mar-08-2017 PM10  |   8.01 |   8.37 |   6.93 |   4.48 |I I 
07:41-Wed-Mar-08-2017 PM2.5 |   2.85 |   2.65 |   3.19 |   2.38 |I I 
07:45-Wed-Mar-08-2017 PM10  |   6.97 |   8.29 |   6.93 |   4.48 |I I 
07:45-Wed-Mar-08-2017 PM2.5 |   2.68 |   2.66 |   3.19 |   2.38 |I I 
07:46-Wed-Mar-08-2017 PM10  |   8.55 |   8.30 |   6.93 |   4.48 |I I 
07:46-Wed-Mar-08-2017 PM2.5 |   2.85 |   2.67 |   3.19 |   2.38 |I I 
07:50-Wed-Mar-08-2017 PM10  |   6.62 |   8.21 |   6.93 |   4.48 |I I 
07:50-Wed-Mar-08-2017 PM2.5 |   2.73 |   2.67 |   3.19 |   2.38 |I I 
07:51-Wed-Mar-08-2017 PM10  |   8.73 |   8.24 |   6.93 |   4.48 |I I 
07:51-Wed-Mar-08-2017 PM2.5 |   2.96 |   2.68 |   3.19 |   2.38 |I I 
07:52-Wed-Mar-08-2017 PM10  |   8.73 |   8.26 |   6.93 |   4.48 |I I 
07:52-Wed-Mar-08-2017 PM2.5 |   2.96 |   2.70 |   3.19 |   2.38 |I I 
07:56-Wed-Mar-08-2017 PM10  |   7.07 |   8.21 |   6.93 |   4.48 |I I 
07:56-Wed-Mar-08-2017 PM2.5 |   2.57 |   2.69 |   3.19 |   2.38 |I I 
07:57-Wed-Mar-08-2017 PM10  |   5.86 |   8.11 |   6.93 |   4.48 |I I 
07:57-Wed-Mar-08-2017 PM2.5 |   2.78 |   2.70 |   3.19 |   2.38 |I I 
08:01-Wed-Mar-08-2017 PM10  |   5.68 |   8.01 |   8.01 |   4.48 |I I 
08:01-Wed-Mar-08-2017 PM2.5 |   2.75 |   2.70 |   3.19 |   2.38 |I I 
08:02-Wed-Mar-08-2017 PM10  |   6.63 |   6.63 |   8.01 |   4.48 |I I 
08:02-Wed-Mar-08-2017 PM2.5 |   2.83 |   2.83 |   3.19 |   2.38 |I I 
08:06-Wed-Mar-08-2017 PM10  |   4.57 |   5.60 |   8.01 |   4.48 |I I 
08:06-Wed-Mar-08-2017 PM2.5 |   2.64 |   2.73 |   3.19 |   2.38 |I I 
08:07-Wed-Mar-08-2017 PM10  |   6.29 |   5.83 |   8.01 |   4.48 |I I 
08:07-Wed-Mar-08-2017 PM2.5 |   2.67 |   2.71 |   3.19 |   2.38 |I I 
08:11-Wed-Mar-08-2017 PM10  |   6.99 |   6.12 |   8.01 |   4.48 |I I 
08:11-Wed-Mar-08-2017 PM2.5 |   2.42 |   2.64 |   3.19 |   2.38 |I I 
08:12-Wed-Mar-08-2017 PM10  |   5.66 |   6.03 |   8.01 |   4.48 |I I 
08:12-Wed-Mar-08-2017 PM2.5 |   2.53 |   2.62 |   3.19 |   2.38 |I I 
08:16-Wed-Mar-08-2017 PM10  |   7.10 |   6.21 |   8.01 |   4.48 |I I 
08:16-Wed-Mar-08-2017 PM2.5 |   2.52 |   2.60 |   3.19 |   2.38 |I I 
08:17-Wed-Mar-08-2017 PM10  |   5.87 |   6.16 |   8.01 |   4.48 |I I 
08:17-Wed-Mar-08-2017 PM2.5 |   2.63 |   2.60 |   3.19 |   2.38 |I I 
08:18-Wed-Mar-08-2017 PM10  |   5.87 |   6.12 |   8.01 |   4.48 |I I 
08:18-Wed-Mar-08-2017 PM2.5 |   2.63 |   2.61 |   3.19 |   2.38 |I I 
08:22-Wed-Mar-08-2017 PM10  |   5.98 |   6.11 |   8.01 |   4.48 |I I 
08:22-Wed-Mar-08-2017 PM2.5 |   2.71 |   2.62 |   3.19 |   2.38 |I I 
08:23-Wed-Mar-08-2017 PM10  |   4.76 |   5.97 |   8.01 |   4.48 |I I 
08:23-Wed-Mar-08-2017 PM2.5 |   2.61 |   2.62 |   3.19 |   2.38 |I I 
08:27-Wed-Mar-08-2017 PM10  |   5.14 |   5.90 |   8.01 |   4.48 |I I 
08:27-Wed-Mar-08-2017 PM2.5 |   2.49 |   2.61 |   3.19 |   2.38 |I I 
08:28-Wed-Mar-08-2017 PM10  |   5.77 |   5.89 |   8.01 |   4.48 |I I 
08:28-Wed-Mar-08-2017 PM2.5 |   2.66 |   2.61 |   3.19 |   2.38 |I I 
08:32-Wed-Mar-08-2017 PM10  |   6.09 |   5.90 |   8.01 |   4.48 |I I 
08:32-Wed-Mar-08-2017 PM2.5 |   2.79 |   2.62 |   3.19 |   2.38 |I I 
08:33-Wed-Mar-08-2017 PM10  |   5.37 |   5.86 |   8.01 |   4.48 |I I 
08:33-Wed-Mar-08-2017 PM2.5 |   2.52 |   2.62 |   3.19 |   2.38 |I I 
08:37-Wed-Mar-08-2017 PM10  |   5.78 |   5.86 |   8.01 |   4.48 |I I 
08:37-Wed-Mar-08-2017 PM2.5 |   2.66 |   2.62 |   3.19 |   2.38 |I I 
08:38-Wed-Mar-08-2017 PM10  |   7.84 |   5.98 |   8.01 |   4.48 |I I 
08:38-Wed-Mar-08-2017 PM2.5 |   2.91 |   2.64 |   3.19 |   2.38 |I I 
08:42-Wed-Mar-08-2017 PM10  |   5.08 |   5.93 |   8.01 |   4.48 |I I 
08:42-Wed-Mar-08-2017 PM2.5 |   2.67 |   2.64 |   3.19 |   2.38 |I I 
08:43-Wed-Mar-08-2017 PM10  |   5.83 |   5.92 |   8.01 |   4.48 |I I 
08:43-Wed-Mar-08-2017 PM2.5 |   2.43 |   2.63 |   3.19 |   2.38 |I I 
08:44-Wed-Mar-08-2017 PM10  |   5.83 |   5.92 |   8.01 |   4.48 |I I 
08:44-Wed-Mar-08-2017 PM2.5 |   2.43 |   2.62 |   3.19 |   2.38 |I I 
08:48-Wed-Mar-08-2017 PM10  |   4.99 |   5.87 |   8.01 |   4.48 |I I 
08:48-Wed-Mar-08-2017 PM2.5 |   2.60 |   2.62 |   3.19 |   2.38 |I I 
08:49-Wed-Mar-08-2017 PM10  |   4.89 |   5.83 |   8.01 |   4.48 |I I 
08:49-Wed-Mar-08-2017 PM2.5 |   2.49 |   2.61 |   3.19 |   2.38 |I I 
08:53-Wed-Mar-08-2017 PM10  |   5.64 |   5.82 |   8.01 |   4.48 |I I 
08:53-Wed-Mar-08-2017 PM2.5 |   2.61 |   2.61 |   3.19 |   2.38 |I I 
08:54-Wed-Mar-08-2017 PM10  |   5.51 |   5.80 |   8.01 |   4.48 |I I 
08:54-Wed-Mar-08-2017 PM2.5 |   2.73 |   2.62 |   3.19 |   2.38 |I I 
08:58-Wed-Mar-08-2017 PM10  |   5.47 |   5.79 |   8.01 |   4.48 |I I 
08:58-Wed-Mar-08-2017 PM2.5 |   2.84 |   2.62 |   3.19 |   2.38 |I I 
08:59-Wed-Mar-08-2017 PM10  |   4.93 |   5.76 |   8.01 |   4.48 |I I 
08:59-Wed-Mar-08-2017 PM2.5 |   2.52 |   2.62 |   3.19 |   2.38 |I I 
09:03-Wed-Mar-08-2017 PM10  |   4.96 |   5.72 |   8.01 |   4.48 |I I 
09:03-Wed-Mar-08-2017 PM2.5 |   2.56 |   2.62 |   3.19 |   2.38 |I I 
09:04-Wed-Mar-08-2017 PM10  |   5.72 |   5.72 |   8.01 |   4.48 |I I 
09:04-Wed-Mar-08-2017 PM2.5 |   2.64 |   2.64 |   3.19 |   2.38 |I I 
09:08-Wed-Mar-08-2017 PM10  |   5.38 |   5.55 |   8.01 |   4.48 |I I 
09:08-Wed-Mar-08-2017 PM2.5 |   2.86 |   2.75 |   3.19 |   2.38 |I I 
09:09-Wed-Mar-08-2017 PM10  |   5.62 |   5.58 |   8.01 |   4.48 |I I 
09:09-Wed-Mar-08-2017 PM2.5 |   2.91 |   2.80 |   3.19 |   2.38 |I I 
09:10-Wed-Mar-08-2017 PM10  |   5.62 |   5.59 |   8.01 |   4.48 |I I 
09:10-Wed-Mar-08-2017 PM2.5 |   2.91 |   2.83 |   3.19 |   2.38 |I I 
09:14-Wed-Mar-08-2017 PM10  |   4.23 |   5.31 |   8.01 |   4.48 |I I 
09:14-Wed-Mar-08-2017 PM2.5 |   2.63 |   2.79 |   3.19 |   2.38 |I I 
09:15-Wed-Mar-08-2017 PM10  |   5.40 |   5.33 |   8.01 |   4.48 |I I 
09:15-Wed-Mar-08-2017 PM2.5 |   2.74 |   2.78 |   3.19 |   2.38 |I I 
09:19-Wed-Mar-08-2017 PM10  |   4.93 |   5.27 |   8.01 |   4.48 |I I 
09:19-Wed-Mar-08-2017 PM2.5 |   2.45 |   2.73 |   3.19 |   2.38 |I I 
09:20-Wed-Mar-08-2017 PM10  |   3.59 |   5.06 |   8.01 |   4.48 |I I 
09:20-Wed-Mar-08-2017 PM2.5 |   2.38 |   2.69 |   3.19 |   2.38 |I I 
09:24-Wed-Mar-08-2017 PM10  |   4.49 |   5.00 |   8.01 |   4.48 |I I 
09:24-Wed-Mar-08-2017 PM2.5 |   2.57 |   2.68 |   3.19 |   2.38 |I I 
09:25-Wed-Mar-08-2017 PM10  |   5.03 |   5.00 |   8.01 |   4.48 |I I 
09:25-Wed-Mar-08-2017 PM2.5 |   2.70 |   2.68 |   3.19 |   2.38 |I I 
09:29-Wed-Mar-08-2017 PM10  |   5.88 |   5.08 |   8.01 |   4.48 |I I 
09:29-Wed-Mar-08-2017 PM2.5 |   2.73 |   2.68 |   3.19 |   2.38 |I I 
09:30-Wed-Mar-08-2017 PM10  |   5.63 |   5.13 |   8.01 |   4.48 |I I 
09:30-Wed-Mar-08-2017 PM2.5 |   2.89 |   2.70 |   3.19 |   2.38 |I I 
09:34-Wed-Mar-08-2017 PM10  |   4.78 |   5.10 |   8.01 |   4.48 |I I 
09:34-Wed-Mar-08-2017 PM2.5 |   2.66 |   2.70 |   3.19 |   2.38 |I I 
09:35-Wed-Mar-08-2017 PM10  |   4.15 |   5.03 |   8.01 |   4.48 |I I 
09:35-Wed-Mar-08-2017 PM2.5 |   2.31 |   2.67 |   3.19 |   2.38 |I I 
09:36-Wed-Mar-08-2017 PM10  |   4.15 |   4.97 |   8.01 |   4.48 |I I 
09:36-Wed-Mar-08-2017 PM2.5 |   2.31 |   2.65 |   3.19 |   2.38 |I I 
09:40-Wed-Mar-08-2017 PM10  |   3.60 |   4.89 |   8.01 |   4.48 |I I 
09:40-Wed-Mar-08-2017 PM2.5 |   2.42 |   2.63 |   3.19 |   2.38 |I I 
09:41-Wed-Mar-08-2017 PM10  |   4.57 |   4.87 |   8.01 |   4.48 |I I 
09:41-Wed-Mar-08-2017 PM2.5 |   2.52 |   2.62 |   3.19 |   2.38 |I I 
09:45-Wed-Mar-08-2017 PM10  |   5.30 |   4.89 |   8.01 |   4.48 |I I 
09:45-Wed-Mar-08-2017 PM2.5 |   2.41 |   2.61 |   3.19 |   2.38 |I I 
09:46-Wed-Mar-08-2017 PM10  |   4.31 |   4.86 |   8.01 |   4.48 |I I 
09:46-Wed-Mar-08-2017 PM2.5 |   2.61 |   2.61 |   3.19 |   2.38 |I I 
09:50-Wed-Mar-08-2017 PM10  |   4.21 |   4.83 |   8.01 |   4.48 |I I 
09:50-Wed-Mar-08-2017 PM2.5 |   2.48 |   2.61 |   3.19 |   2.38 |I I 
09:51-Wed-Mar-08-2017 PM10  |   3.67 |   4.77 |   8.01 |   4.48 |I I 
09:51-Wed-Mar-08-2017 PM2.5 |   2.30 |   2.59 |   3.19 |   2.38 |I I 
09:55-Wed-Mar-08-2017 PM10  |   3.52 |   4.72 |   8.01 |   4.48 |I I 
09:55-Wed-Mar-08-2017 PM2.5 |   2.26 |   2.58 |   3.19 |   2.38 |I I 
09:56-Wed-Mar-08-2017 PM10  |   5.24 |   4.74 |   8.01 |   4.48 |I I 
09:56-Wed-Mar-08-2017 PM2.5 |   2.50 |   2.57 |   3.19 |   2.38 |I I 
10:00-Wed-Mar-08-2017 PM10  |   5.86 |   4.79 |   8.01 |   4.48 |I I 
10:00-Wed-Mar-08-2017 PM2.5 |   2.55 |   2.57 |   3.19 |   2.38 |I I 
10:01-Wed-Mar-08-2017 PM10  |   3.74 |   3.74 |   8.01 |   4.48 |I I 
10:01-Wed-Mar-08-2017 PM2.5 |   2.41 |   2.41 |   3.19 |   2.38 |I I 
10:02-Wed-Mar-08-2017 PM10  |   3.74 |   3.74 |   8.01 |   4.48 |I I 
10:02-Wed-Mar-08-2017 PM2.5 |   2.41 |   2.41 |   3.19 |   2.38 |I I 
10:06-Wed-Mar-08-2017 PM10  |   3.66 |   3.71 |   8.01 |   4.48 |I I 
10:06-Wed-Mar-08-2017 PM2.5 |   2.29 |   2.37 |   3.19 |   2.38 |I I 
10:07-Wed-Mar-08-2017 PM10  |   3.99 |   3.78 |   8.01 |   4.48 |I I 
10:07-Wed-Mar-08-2017 PM2.5 |   2.37 |   2.37 |   3.19 |   2.38 |I I 
10:12-Wed-Mar-08-2017 PM10  |   5.36 |   4.10 |   8.01 |   4.48 |I I 
10:12-Wed-Mar-08-2017 PM2.5 |   2.40 |   2.38 |   3.19 |   2.38 |I I 
10:13-Wed-Mar-08-2017 PM10  |   3.98 |   4.08 |   8.01 |   4.48 |I I 
10:13-Wed-Mar-08-2017 PM2.5 |   2.36 |   2.37 |   3.19 |   2.38 |I I 
10:17-Wed-Mar-08-2017 PM10  |   6.18 |   4.38 |   8.01 |   4.48 |I I 
10:17-Wed-Mar-08-2017 PM2.5 |   2.25 |   2.36 |   3.19 |   2.38 |I I 
10:18-Wed-Mar-08-2017 PM10  |   5.02 |   4.46 |   8.01 |   4.48 |I I 
10:18-Wed-Mar-08-2017 PM2.5 |   2.44 |   2.37 |   3.19 |   2.38 |I I 
10:22-Wed-Mar-08-2017 PM10  |   3.92 |   4.40 |   8.01 |   4.48 |I I 
10:22-Wed-Mar-08-2017 PM2.5 |   2.35 |   2.36 |   3.19 |   2.38 |I I 
10:23-Wed-Mar-08-2017 PM10  |   4.21 |   4.38 |   8.01 |   4.48 |I I 
10:23-Wed-Mar-08-2017 PM2.5 |   2.37 |   2.37 |   3.19 |   2.38 |I I 
10:27-Wed-Mar-08-2017 PM10  |  10.21 |   4.91 |   8.01 |   4.48 |I I 
10:27-Wed-Mar-08-2017 PM2.5 |   2.45 |   2.37 |   3.19 |   2.38 |I I 
10:28-Wed-Mar-08-2017 PM10  |   5.80 |   4.98 |   8.01 |   4.48 |I I 
10:28-Wed-Mar-08-2017 PM2.5 |   2.64 |   2.40 |   3.19 |   2.38 |I I 
10:29-Wed-Mar-08-2017 PM10  |   5.80 |   5.05 |   8.01 |   4.48 |I I 
10:29-Wed-Mar-08-2017 PM2.5 |   2.64 |   2.41 |   3.19 |   2.38 |I I 
10:32-Wed-Mar-08-2017 PM10  |   3.81 |   4.96 |   8.01 |   4.48 |I I 
10:32-Wed-Mar-08-2017 PM2.5 |   2.45 |   2.42 |   3.19 |   2.38 |I I 
10:33-Wed-Mar-08-2017 PM10  |   3.81 |   4.88 |   8.01 |   4.48 |I I 
10:33-Wed-Mar-08-2017 PM2.5 |   2.45 |   2.42 |   3.19 |   2.38 |I I 
10:34-Wed-Mar-08-2017 PM10  |   4.14 |   4.84 |   8.01 |   4.48 |I I 
10:34-Wed-Mar-08-2017 PM2.5 |   2.44 |   2.42 |   3.19 |   2.38 |I I 
10:38-Wed-Mar-08-2017 PM10  |   5.94 |   4.90 |   8.01 |   4.48 |I I 
10:38-Wed-Mar-08-2017 PM2.5 |   2.42 |   2.42 |   3.19 |   2.38 |I I 
10:39-Wed-Mar-08-2017 PM10  |   4.38 |   4.87 |   8.01 |   4.48 |I I 
10:39-Wed-Mar-08-2017 PM2.5 |   2.50 |   2.42 |   3.19 |   2.38 |I I 
10:43-Wed-Mar-08-2017 PM10  |   4.35 |   4.84 |   8.01 |   4.48 |I I 
10:43-Wed-Mar-08-2017 PM2.5 |   2.49 |   2.43 |   3.19 |   2.38 |I I 
10:44-Wed-Mar-08-2017 PM10  |   6.03 |   4.90 |   8.01 |   4.48 |I I 
10:44-Wed-Mar-08-2017 PM2.5 |   2.43 |   2.43 |   3.19 |   2.38 |I I 
10:48-Wed-Mar-08-2017 PM10  |   4.41 |   4.88 |   8.01 |   4.48 |I I 
10:48-Wed-Mar-08-2017 PM2.5 |   2.32 |   2.42 |   3.19 |   2.38 |I I 
10:49-Wed-Mar-08-2017 PM10  |   4.81 |   4.88 |   8.01 |   4.48 |I I 
10:49-Wed-Mar-08-2017 PM2.5 |   2.44 |   2.42 |   3.19 |   2.38 |I I 
10:53-Wed-Mar-08-2017 PM10  |   5.65 |   4.91 |   8.01 |   4.48 |I I 
10:53-Wed-Mar-08-2017 PM2.5 |   2.55 |   2.43 |   3.19 |   2.38 |I I 
10:54-Wed-Mar-08-2017 PM10  |   4.68 |   4.90 |   8.01 |   4.48 |I I 
10:54-Wed-Mar-08-2017 PM2.5 |   2.46 |   2.43 |   3.19 |   2.38 |I I 
10:58-Wed-Mar-08-2017 PM10  |   4.40 |   4.88 |   8.01 |   4.48 |I I 
10:58-Wed-Mar-08-2017 PM2.5 |   2.38 |   2.43 |   3.19 |   2.38 |I I 
10:59-Wed-Mar-08-2017 PM10  |   4.40 |   4.86 |   8.01 |   4.48 |I I 
10:59-Wed-Mar-08-2017 PM2.5 |   2.38 |   2.43 |   3.19 |   2.38 |I I 
11:00-Wed-Mar-08-2017 PM10  |   3.81 |   4.82 |   8.01 |   4.48 |I I 
11:00-Wed-Mar-08-2017 PM2.5 |   2.22 |   2.42 |   3.19 |   2.38 |I I 
11:04-Wed-Mar-08-2017 PM10  |   3.68 |   3.68 |   8.01 |   4.48 |I I 
11:04-Wed-Mar-08-2017 PM2.5 |   2.31 |   2.31 |   3.19 |   2.38 |I I 
11:05-Wed-Mar-08-2017 PM10  |   4.82 |   4.25 |   8.01 |   4.48 |I I 
11:05-Wed-Mar-08-2017 PM2.5 |   2.51 |   2.41 |   3.19 |   2.38 |I I 
11:09-Wed-Mar-08-2017 PM10  |   7.94 |   5.48 |   8.01 |   4.48 |I I 
11:09-Wed-Mar-08-2017 PM2.5 |   2.54 |   2.46 |   3.19 |   2.38 |I I 
11:10-Wed-Mar-08-2017 PM10  |   4.47 |   5.23 |   8.01 |   4.48 |I I 
11:10-Wed-Mar-08-2017 PM2.5 |   2.45 |   2.45 |   3.19 |   2.38 |I I 
11:14-Wed-Mar-08-2017 PM10  |   3.89 |   4.96 |   8.01 |   4.48 |I I 
11:14-Wed-Mar-08-2017 PM2.5 |   2.29 |   2.42 |   3.19 |   2.38 |I I 
11:15-Wed-Mar-08-2017 PM10  |   4.57 |   4.89 |   8.01 |   4.48 |I I 
11:15-Wed-Mar-08-2017 PM2.5 |   2.19 |   2.38 |   3.19 |   2.38 |I I 
11:19-Wed-Mar-08-2017 PM10  |   4.92 |   4.90 |   8.01 |   4.48 |I I 
11:19-Wed-Mar-08-2017 PM2.5 |   2.46 |   2.39 |   3.19 |   2.38 |I I 
11:20-Wed-Mar-08-2017 PM10  |   5.66 |   4.99 |   8.01 |   4.48 |I I 
11:20-Wed-Mar-08-2017 PM2.5 |   2.38 |   2.39 |   3.19 |   2.38 |I I 
11:24-Wed-Mar-08-2017 PM10  |   4.62 |   4.95 |   8.01 |   4.48 |I I 
11:24-Wed-Mar-08-2017 PM2.5 |   2.29 |   2.38 |   3.19 |   2.38 |I I 
11:25-Wed-Mar-08-2017 PM10  |   4.62 |   4.92 |   8.01 |   4.48 |I I 
11:25-Wed-Mar-08-2017 PM2.5 |   2.29 |   2.37 |   3.19 |   2.38 |I I 
11:26-Wed-Mar-08-2017 PM10  |   4.66 |   4.90 |   8.01 |   4.48 |I I 
11:26-Wed-Mar-08-2017 PM2.5 |   2.50 |   2.38 |   3.19 |   2.38 |I I 
11:30-Wed-Mar-08-2017 PM10  |   4.29 |   4.85 |   8.01 |   4.48 |I I 
11:30-Wed-Mar-08-2017 PM2.5 |   2.50 |   2.39 |   3.19 |   2.38 |I I 
11:31-Wed-Mar-08-2017 PM10  |   3.78 |   4.76 |   8.01 |   4.48 |I I 
11:31-Wed-Mar-08-2017 PM2.5 |   2.28 |   2.38 |   3.19 |   2.38 |I I 
11:35-Wed-Mar-08-2017 PM10  |   3.86 |   4.70 |   8.01 |   4.48 |I I 
11:35-Wed-Mar-08-2017 PM2.5 |   2.39 |   2.38 |   3.19 |   2.38 |I I 
11:36-Wed-Mar-08-2017 PM10  |   4.40 |   4.68 |   8.01 |   4.48 |I I 
11:36-Wed-Mar-08-2017 PM2.5 |   2.36 |   2.38 |   3.19 |   2.38 |I I 
11:40-Wed-Mar-08-2017 PM10  |   6.21 |   4.77 |   8.01 |   4.48 |I I 
11:40-Wed-Mar-08-2017 PM2.5 |   2.38 |   2.38 |   3.19 |   2.38 |I I 
11:41-Wed-Mar-08-2017 PM10  |   5.19 |   4.80 |   8.01 |   4.48 |I I 
11:41-Wed-Mar-08-2017 PM2.5 |   2.48 |   2.39 |   3.19 |   2.38 |I I 
11:45-Wed-Mar-08-2017 PM10  |   4.55 |   4.79 |   8.01 |   4.48 |I I 
11:45-Wed-Mar-08-2017 PM2.5 |   2.26 |   2.38 |   3.19 |   2.38 |I I 
11:46-Wed-Mar-08-2017 PM10  |   5.39 |   4.82 |   8.01 |   4.48 |I I 
11:46-Wed-Mar-08-2017 PM2.5 |   2.37 |   2.38 |   3.19 |   2.38 |I I 
11:50-Wed-Mar-08-2017 PM10  |   3.63 |   4.76 |   8.01 |   4.48 |I I 
11:50-Wed-Mar-08-2017 PM2.5 |   2.27 |   2.38 |   3.19 |   2.38 |I I 
11:51-Wed-Mar-08-2017 PM10  |   3.63 |   4.70 |   8.01 |   4.48 |I I 
11:51-Wed-Mar-08-2017 PM2.5 |   2.27 |   2.37 |   3.19 |   2.38 |I I 
11:52-Wed-Mar-08-2017 PM10  |   4.07 |   4.68 |   8.01 |   4.48 |I I 
11:52-Wed-Mar-08-2017 PM2.5 |   2.26 |   2.37 |   3.19 |   2.38 |I I 
11:56-Wed-Mar-08-2017 PM10  |   5.07 |   4.69 |   8.01 |   4.48 |I I 
11:56-Wed-Mar-08-2017 PM2.5 |   2.40 |   2.37 |   3.19 |   2.38 |I I 
11:57-Wed-Mar-08-2017 PM10  |   4.97 |   4.70 |   8.01 |   4.48 |I I 
11:57-Wed-Mar-08-2017 PM2.5 |   2.49 |   2.37 |   3.19 |   2.38 |I I 
12:01-Wed-Mar-08-2017 PM10  |   4.55 |   4.70 |   8.01 |   4.48 |I I 
12:01-Wed-Mar-08-2017 PM2.5 |   2.42 |   2.37 |   3.19 |   2.37 |I I 
12:02-Wed-Mar-08-2017 PM10  |   3.85 |   3.85 |   8.01 |   4.48 |I I 
12:02-Wed-Mar-08-2017 PM2.5 |   2.22 |   2.22 |   3.19 |   2.37 |I I 
12:06-Wed-Mar-08-2017 PM10  |   3.60 |   3.72 |   8.01 |   4.48 |I I 
12:06-Wed-Mar-08-2017 PM2.5 |   2.24 |   2.23 |   3.19 |   2.37 |I I 
12:07-Wed-Mar-08-2017 PM10  |   4.39 |   3.95 |   8.01 |   4.48 |I I 
12:07-Wed-Mar-08-2017 PM2.5 |   2.10 |   2.19 |   3.19 |   2.37 |I I 
12:11-Wed-Mar-08-2017 PM10  |   3.95 |   3.95 |   8.01 |   4.48 |I I 
12:11-Wed-Mar-08-2017 PM2.5 |   2.11 |   2.17 |   3.19 |   2.37 |I I 
12:12-Wed-Mar-08-2017 PM10  |   5.05 |   4.17 |   8.01 |   4.48 |I I 
12:12-Wed-Mar-08-2017 PM2.5 |   2.25 |   2.18 |   3.19 |   2.37 |I I 
12:16-Wed-Mar-08-2017 PM10  |   4.23 |   4.18 |   8.01 |   4.48 |I I 
12:16-Wed-Mar-08-2017 PM2.5 |   2.33 |   2.21 |   3.19 |   2.37 |I I 
12:17-Wed-Mar-08-2017 PM10  |   4.23 |   4.19 |   8.01 |   4.48 |I I 
12:17-Wed-Mar-08-2017 PM2.5 |   2.33 |   2.23 |   3.19 |   2.37 |I I 
12:18-Wed-Mar-08-2017 PM10  |   4.61 |   4.24 |   8.01 |   4.48 |I I 
12:18-Wed-Mar-08-2017 PM2.5 |   2.11 |   2.21 |   3.19 |   2.37 |I I 
12:22-Wed-Mar-08-2017 PM10  |   3.29 |   4.14 |   8.01 |   4.48 |I I 
12:22-Wed-Mar-08-2017 PM2.5 |   2.01 |   2.19 |   3.19 |   2.37 |I I 
12:23-Wed-Mar-08-2017 PM10  |   3.16 |   4.04 |   8.01 |   4.48 |I I 
12:23-Wed-Mar-08-2017 PM2.5 |   2.10 |   2.18 |   3.19 |   2.37 |I I 
12:27-Wed-Mar-08-2017 PM10  |   3.79 |   4.02 |   8.01 |   4.48 |I I 
12:27-Wed-Mar-08-2017 PM2.5 |   2.12 |   2.17 |   3.19 |   2.37 |I I 
12:28-Wed-Mar-08-2017 PM10  |   4.55 |   4.06 |   8.01 |   4.48 |I I 
12:28-Wed-Mar-08-2017 PM2.5 |   2.13 |   2.17 |   3.19 |   2.37 |I I 
12:32-Wed-Mar-08-2017 PM10  |   3.71 |   4.03 |   8.01 |   4.48 |I I 
12:32-Wed-Mar-08-2017 PM2.5 |   2.21 |   2.17 |   3.19 |   2.37 |I I 
12:33-Wed-Mar-08-2017 PM10  |   3.10 |   3.97 |   8.01 |   4.48 |I I 
12:33-Wed-Mar-08-2017 PM2.5 |   2.10 |   2.17 |   3.19 |   2.37 |I I 
12:37-Wed-Mar-08-2017 PM10  |   4.70 |   4.02 |   8.01 |   4.48 |I I 
12:37-Wed-Mar-08-2017 PM2.5 |   2.21 |   2.17 |   3.19 |   2.37 |I I 
12:38-Wed-Mar-08-2017 PM10  |   4.40 |   4.04 |   8.01 |   4.48 |I I 
12:38-Wed-Mar-08-2017 PM2.5 |   1.97 |   2.16 |   3.19 |   2.37 |I I 
12:42-Wed-Mar-08-2017 PM10  |   4.23 |   4.05 |   8.01 |   4.48 |I I 
12:42-Wed-Mar-08-2017 PM2.5 |   2.06 |   2.15 |   3.19 |   2.37 |I I 
12:43-Wed-Mar-08-2017 PM10  |   3.76 |   4.03 |   8.01 |   4.48 |I I 
12:43-Wed-Mar-08-2017 PM2.5 |   1.94 |   2.14 |   3.19 |   2.37 |I I 
12:44-Wed-Mar-08-2017 PM10  |   3.76 |   4.02 |   8.01 |   4.48 |I I 
12:44-Wed-Mar-08-2017 PM2.5 |   1.94 |   2.13 |   3.19 |   2.37 |I I 
12:48-Wed-Mar-08-2017 PM10  |   3.93 |   4.02 |   8.01 |   4.48 |I I 
12:48-Wed-Mar-08-2017 PM2.5 |   2.14 |   2.13 |   3.19 |   2.37 |I I 
12:49-Wed-Mar-08-2017 PM10  |   3.84 |   4.01 |   8.01 |   4.48 |I I 
12:49-Wed-Mar-08-2017 PM2.5 |   2.11 |   2.13 |   3.19 |   2.37 |I I 
12:54-Wed-Mar-08-2017 PM10  |   3.13 |   3.97 |   8.01 |   4.48 |I I 
12:54-Wed-Mar-08-2017 PM2.5 |   2.05 |   2.13 |   3.19 |   2.37 |I I 
12:55-Wed-Mar-08-2017 PM10  |   4.30 |   3.98 |   8.01 |   4.48 |I I 
12:55-Wed-Mar-08-2017 PM2.5 |   2.19 |   2.13 |   3.19 |   2.37 |I I 
12:59-Wed-Mar-08-2017 PM10  |   4.17 |   3.99 |   8.01 |   4.48 |I I 
12:59-Wed-Mar-08-2017 PM2.5 |   2.07 |   2.13 |   3.19 |   2.37 |I I 
13:00-Wed-Mar-08-2017 PM10  |   3.18 |   3.96 |   8.01 |   3.96 |I I 
13:00-Wed-Mar-08-2017 PM2.5 |   2.25 |   2.13 |   3.19 |   2.13 |I I 
13:04-Wed-Mar-08-2017 PM10  |   3.48 |   3.48 |   8.01 |   3.96 |I I 
13:04-Wed-Mar-08-2017 PM2.5 |   2.15 |   2.15 |   3.19 |   2.13 |I I 
13:05-Wed-Mar-08-2017 PM10  |   4.37 |   3.92 |   8.01 |   3.96 |I I 
13:05-Wed-Mar-08-2017 PM2.5 |   2.14 |   2.14 |   3.19 |   2.13 |I I 
13:09-Wed-Mar-08-2017 PM10  |   5.82 |   4.56 |   8.01 |   3.96 |I I 
13:09-Wed-Mar-08-2017 PM2.5 |   2.21 |   2.16 |   3.19 |   2.13 |I I 
13:10-Wed-Mar-08-2017 PM10  |   4.69 |   4.59 |   8.01 |   3.96 |I I 
13:10-Wed-Mar-08-2017 PM2.5 |   2.25 |   2.18 |   3.19 |   2.13 |I I 
13:14-Wed-Mar-08-2017 PM10  |   4.79 |   4.63 |   8.01 |   3.96 |I I 
13:14-Wed-Mar-08-2017 PM2.5 |   2.37 |   2.22 |   3.19 |   2.13 |I I 
13:15-Wed-Mar-08-2017 PM10  |   4.81 |   4.66 |   8.01 |   3.96 |I I 
13:15-Wed-Mar-08-2017 PM2.5 |   2.20 |   2.22 |   3.19 |   2.13 |I I 
13:16-Wed-Mar-08-2017 PM10  |   4.81 |   4.68 |   8.01 |   3.96 |I I 
13:16-Wed-Mar-08-2017 PM2.5 |   2.20 |   2.22 |   3.19 |   2.13 |I I 
13:20-Wed-Mar-08-2017 PM10  |   4.80 |   4.69 |   8.01 |   3.96 |I I 
13:20-Wed-Mar-08-2017 PM2.5 |   2.16 |   2.21 |   3.19 |   2.13 |I I 
13:21-Wed-Mar-08-2017 PM10  |   4.79 |   4.70 |   8.01 |   3.96 |I I 
13:21-Wed-Mar-08-2017 PM2.5 |   2.33 |   2.22 |   3.19 |   2.13 |I I 
13:25-Wed-Mar-08-2017 PM10  |   4.79 |   4.71 |   8.01 |   3.96 |I I 
13:25-Wed-Mar-08-2017 PM2.5 |   2.27 |   2.23 |   3.19 |   2.13 |I I 
13:26-Wed-Mar-08-2017 PM10  |   5.76 |   4.81 |   8.01 |   3.96 |I I 
13:26-Wed-Mar-08-2017 PM2.5 |   2.16 |   2.22 |   3.19 |   2.13 |I I 
13:30-Wed-Mar-08-2017 PM10  |   4.59 |   4.79 |   8.01 |   3.96 |I I 
13:30-Wed-Mar-08-2017 PM2.5 |   2.05 |   2.21 |   3.19 |   2.13 |I I 
13:31-Wed-Mar-08-2017 PM10  |   6.65 |   4.93 |   8.01 |   3.96 |I I 
13:31-Wed-Mar-08-2017 PM2.5 |   2.28 |   2.21 |   3.19 |   2.13 |I I 
13:35-Wed-Mar-08-2017 PM10  |   6.06 |   5.01 |   8.01 |   3.96 |I I 
13:35-Wed-Mar-08-2017 PM2.5 |   2.48 |   2.23 |   3.19 |   2.13 |I I 
13:36-Wed-Mar-08-2017 PM10  |   9.30 |   5.30 |   8.01 |   3.96 |I I 
13:36-Wed-Mar-08-2017 PM2.5 |   2.64 |   2.26 |   3.19 |   2.13 |I I 
13:40-Wed-Mar-08-2017 PM10  |   7.69 |   5.45 |   8.01 |   3.96 |I I 
13:40-Wed-Mar-08-2017 PM2.5 |   2.55 |   2.28 |   3.19 |   2.13 |I I 
13:41-Wed-Mar-08-2017 PM10  |   8.98 |   5.66 |   8.01 |   3.96 |I I 
13:41-Wed-Mar-08-2017 PM2.5 |   2.70 |   2.30 |   3.19 |   2.13 |I I 
13:42-Wed-Mar-08-2017 PM10  |   8.98 |   5.84 |   8.01 |   3.96 |I I 
13:42-Wed-Mar-08-2017 PM2.5 |   2.70 |   2.32 |   3.19 |   2.13 |I I 
13:45-Wed-Mar-08-2017 PM10  |   7.29 |   5.92 |   8.01 |   3.96 |I I 
13:45-Wed-Mar-08-2017 PM2.5 |   2.56 |   2.34 |   3.19 |   2.13 |I I 
13:46-Wed-Mar-08-2017 PM10  |   7.29 |   5.99 |   8.01 |   3.96 |I I 
13:46-Wed-Mar-08-2017 PM2.5 |   2.56 |   2.35 |   3.19 |   2.13 |I I 
13:47-Wed-Mar-08-2017 PM10  |   7.59 |   6.06 |   8.01 |   3.96 |I I 
13:47-Wed-Mar-08-2017 PM2.5 |   2.67 |   2.36 |   3.19 |   2.13 |I I 
13:51-Wed-Mar-08-2017 PM10  |   9.45 |   6.22 |   8.01 |   3.96 |I I 
13:51-Wed-Mar-08-2017 PM2.5 |   3.08 |   2.40 |   3.19 |   2.13 |I I 
13:52-Wed-Mar-08-2017 PM10  |   7.46 |   6.27 |   8.01 |   3.96 |I I 
13:52-Wed-Mar-08-2017 PM2.5 |   2.70 |   2.41 |   3.19 |   2.13 |I I 
13:56-Wed-Mar-08-2017 PM10  |   9.46 |   6.40 |   8.01 |   3.96 |I I 
13:56-Wed-Mar-08-2017 PM2.5 |   2.88 |   2.43 |   3.19 |   2.13 |I I 
13:57-Wed-Mar-08-2017 PM10  |   5.37 |   6.36 |   8.01 |   3.96 |I I 
13:57-Wed-Mar-08-2017 PM2.5 |   2.64 |   2.44 |   3.19 |   2.13 |I I 
14:01-Wed-Mar-08-2017 PM10  |   7.05 |   6.39 |   8.01 |   3.96 |I I 
14:01-Wed-Mar-08-2017 PM2.5 |   2.82 |   2.45 |   3.19 |   2.13 |I I 
14:02-Wed-Mar-08-2017 PM10  |   7.76 |   7.76 |   8.01 |   3.96 |I I 
14:02-Wed-Mar-08-2017 PM2.5 |   2.95 |   2.95 |   3.19 |   2.13 |I I 
14:06-Wed-Mar-08-2017 PM10  |   8.77 |   8.27 |   8.01 |   3.96 |I I 
14:06-Wed-Mar-08-2017 PM2.5 |   2.81 |   2.88 |   3.19 |   2.13 |I I 
14:07-Wed-Mar-08-2017 PM10  |  10.87 |   9.14 |   8.01 |   3.96 |I I 
14:07-Wed-Mar-08-2017 PM2.5 |   2.75 |   2.83 |   3.19 |   2.13 |I I 
14:11-Wed-Mar-08-2017 PM10  |   9.84 |   9.31 |   8.01 |   3.96 |I I 
14:11-Wed-Mar-08-2017 PM2.5 |   3.11 |   2.90 |   3.19 |   2.13 |I I 
14:12-Wed-Mar-08-2017 PM10  |   9.84 |   9.42 |   8.01 |   3.96 |I I 
14:12-Wed-Mar-08-2017 PM2.5 |   3.11 |   2.94 |   3.19 |   2.13 |I I 
14:13-Wed-Mar-08-2017 PM10  |   6.21 |   8.88 |   8.01 |   3.96 |I I 
14:13-Wed-Mar-08-2017 PM2.5 |   2.87 |   2.93 |   3.19 |   2.13 |I I 
14:17-Wed-Mar-08-2017 PM10  |   6.51 |   8.54 |   8.01 |   3.96 |I I 
14:17-Wed-Mar-08-2017 PM2.5 |   2.67 |   2.89 |   3.19 |   2.13 |I I 
14:18-Wed-Mar-08-2017 PM10  |   6.32 |   8.26 |   8.01 |   3.96 |I I 
14:18-Wed-Mar-08-2017 PM2.5 |   2.82 |   2.89 |   3.19 |   2.13 |I I 
14:22-Wed-Mar-08-2017 PM10  |   4.97 |   7.90 |   8.01 |   3.96 |I I 
14:22-Wed-Mar-08-2017 PM2.5 |   2.70 |   2.86 |   3.19 |   2.13 |I I 
14:23-Wed-Mar-08-2017 PM10  |   5.93 |   7.70 |   8.01 |   3.96 |I I 
14:23-Wed-Mar-08-2017 PM2.5 |   2.67 |   2.85 |   3.19 |   2.13 |I I 
14:27-Wed-Mar-08-2017 PM10  |   7.35 |   7.67 |   8.01 |   3.96 |I I 
14:27-Wed-Mar-08-2017 PM2.5 |   2.55 |   2.82 |   3.19 |   2.13 |I I 
14:28-Wed-Mar-08-2017 PM10  |   7.62 |   7.67 |   8.01 |   3.96 |I I 
14:28-Wed-Mar-08-2017 PM2.5 |   2.67 |   2.81 |   3.19 |   2.13 |I I 
14:32-Wed-Mar-08-2017 PM10  |   5.81 |   7.52 |   8.01 |   3.96 |I I 
14:32-Wed-Mar-08-2017 PM2.5 |   2.71 |   2.80 |   3.19 |   2.13 |I I 
14:33-Wed-Mar-08-2017 PM10  |   5.88 |   7.41 |   8.01 |   3.96 |I I 
14:33-Wed-Mar-08-2017 PM2.5 |   2.73 |   2.80 |   3.19 |   2.13 |I I 
14:37-Wed-Mar-08-2017 PM10  |   6.30 |   7.33 |   8.01 |   3.96 |I I 
14:37-Wed-Mar-08-2017 PM2.5 |   2.70 |   2.79 |   3.19 |   2.13 |I I 
14:38-Wed-Mar-08-2017 PM10  |   8.28 |   7.39 |   8.01 |   3.96 |I I 
14:38-Wed-Mar-08-2017 PM2.5 |   2.77 |   2.79 |   3.19 |   2.13 |I I 
14:39-Wed-Mar-08-2017 PM10  |   8.28 |   7.44 |   8.01 |   3.96 |I I 
14:39-Wed-Mar-08-2017 PM2.5 |   2.77 |   2.79 |   3.19 |   2.13 |I I 
14:43-Wed-Mar-08-2017 PM10  |   5.14 |   7.32 |   8.01 |   3.96 |I I 
14:43-Wed-Mar-08-2017 PM2.5 |   2.62 |   2.78 |   3.19 |   2.13 |I I 
14:44-Wed-Mar-08-2017 PM10  |   7.17 |   7.31 |   8.01 |   3.96 |I I 
14:44-Wed-Mar-08-2017 PM2.5 |   2.81 |   2.78 |   3.19 |   2.13 |I I 
14:48-Wed-Mar-08-2017 PM10  |   9.15 |   7.40 |   8.01 |   3.96 |I I 
14:48-Wed-Mar-08-2017 PM2.5 |   3.05 |   2.79 |   3.19 |   2.13 |I I 
14:49-Wed-Mar-08-2017 PM10  |   7.38 |   7.40 |   8.01 |   3.96 |I I 
14:49-Wed-Mar-08-2017 PM2.5 |   2.98 |   2.80 |   3.19 |   2.13 |I I 
14:53-Wed-Mar-08-2017 PM10  |  10.12 |   7.52 |   8.01 |   3.96 |I I 
14:53-Wed-Mar-08-2017 PM2.5 |   3.13 |   2.82 |   3.19 |   2.13 |I I 
14:54-Wed-Mar-08-2017 PM10  |   6.15 |   7.46 |   8.01 |   3.96 |I I 
14:54-Wed-Mar-08-2017 PM2.5 |   2.72 |   2.81 |   3.19 |   2.13 |I I 
14:59-Wed-Mar-08-2017 PM10  |   6.16 |   7.41 |   8.01 |   3.96 |I I 
14:59-Wed-Mar-08-2017 PM2.5 |   2.53 |   2.80 |   3.19 |   2.13 |I I 
15:00-Wed-Mar-08-2017 PM10  |   7.97 |   7.43 |   8.01 |   3.96 |I I 
15:00-Wed-Mar-08-2017 PM2.5 |   2.58 |   2.79 |   3.19 |   2.13 |I I 
15:04-Wed-Mar-08-2017 PM10  |   8.01 |   8.01 |   8.01 |   3.96 |I I 
15:04-Wed-Mar-08-2017 PM2.5 |   2.58 |   2.58 |   3.19 |   2.13 |I I 
15:05-Wed-Mar-08-2017 PM10  |   5.63 |   6.82 |   8.01 |   3.96 |I I 
15:05-Wed-Mar-08-2017 PM2.5 |   2.39 |   2.48 |   3.19 |   2.13 |I I 
15:06-Wed-Mar-08-2017 PM10  |   5.63 |   6.42 |   8.01 |   3.96 |I I 
15:06-Wed-Mar-08-2017 PM2.5 |   2.39 |   2.45 |   3.19 |   2.13 |I I 
15:10-Wed-Mar-08-2017 PM10  |   5.18 |   6.11 |   8.01 |   3.96 |I I 
15:10-Wed-Mar-08-2017 PM2.5 |   2.35 |   2.43 |   3.19 |   2.13 |I I 
15:11-Wed-Mar-08-2017 PM10  |   4.73 |   5.84 |   8.01 |   3.96 |I I 
15:11-Wed-Mar-08-2017 PM2.5 |   2.55 |   2.45 |   3.19 |   2.13 |I I 
15:15-Wed-Mar-08-2017 PM10  |   3.48 |   5.44 |   8.01 |   3.96 |I I 
15:15-Wed-Mar-08-2017 PM2.5 |   2.38 |   2.44 |   3.19 |   2.13 |I I 
15:16-Wed-Mar-08-2017 PM10  |   5.03 |   5.38 |   8.01 |   3.96 |I I 
15:16-Wed-Mar-08-2017 PM2.5 |   2.26 |   2.41 |   3.19 |   2.13 |I I 
15:20-Wed-Mar-08-2017 PM10  |   3.41 |   5.14 |   8.01 |   3.96 |I I 
15:20-Wed-Mar-08-2017 PM2.5 |   2.23 |   2.39 |   3.19 |   2.13 |I I 
15:21-Wed-Mar-08-2017 PM10  |   4.85 |   5.10 |   8.01 |   3.96 |I I 
15:21-Wed-Mar-08-2017 PM2.5 |   2.46 |   2.40 |   3.19 |   2.13 |I I 
15:25-Wed-Mar-08-2017 PM10  |   5.31 |   5.13 |   8.01 |   3.96 |I I 
15:25-Wed-Mar-08-2017 PM2.5 |   2.58 |   2.42 |   3.19 |   2.13 |I I 
15:26-Wed-Mar-08-2017 PM10  |   3.88 |   5.01 |   8.01 |   3.96 |I I 
15:26-Wed-Mar-08-2017 PM2.5 |   2.42 |   2.42 |   3.19 |   2.13 |I I 
15:30-Wed-Mar-08-2017 PM10  |   3.92 |   4.92 |   8.01 |   3.96 |I I 
15:30-Wed-Mar-08-2017 PM2.5 |   2.71 |   2.44 |   3.19 |   2.13 |I I 
15:31-Wed-Mar-08-2017 PM10  |  50.48 |   8.43 |   8.01 |   3.96 |I I 
15:31-Wed-Mar-08-2017 PM2.5 |   4.66 |   2.61 |   3.19 |   2.13 |I I 
15:32-Wed-Mar-08-2017 PM10  |  50.48 |  11.43 |   8.01 |   3.96 |I I 
15:32-Wed-Mar-08-2017 PM2.5 |   4.66 |   2.76 |   3.19 |   2.13 |I I 
15:35-Wed-Mar-08-2017 PM10  |  47.77 |  13.85 |   8.01 |   3.96 |I I 
15:35-Wed-Mar-08-2017 PM2.5 |   5.05 |   2.91 |   3.19 |   2.13 |I I 
15:36-Wed-Mar-08-2017 PM10  |  47.77 |  15.97 |   8.01 |   3.96 |I I 
15:36-Wed-Mar-08-2017 PM2.5 |   5.05 |   3.04 |   3.19 |   2.13 |I I 
15:37-Wed-Mar-08-2017 PM10  |  14.55 |  15.89 |   8.01 |   3.96 |I I 
15:37-Wed-Mar-08-2017 PM2.5 |   3.11 |   3.05 |   3.19 |   2.13 |I I 
15:41-Wed-Mar-08-2017 PM10  |  12.98 |  15.73 |   8.01 |   3.96 |I I 
15:41-Wed-Mar-08-2017 PM2.5 |   2.78 |   3.03 |   3.19 |   2.13 |I I 
15:42-Wed-Mar-08-2017 PM10  |  11.13 |  15.49 |   8.01 |   3.96 |I I 
15:42-Wed-Mar-08-2017 PM2.5 |   2.64 |   3.01 |   3.19 |   2.13 |I I 
15:46-Wed-Mar-08-2017 PM10  |  12.54 |  15.34 |   8.01 |   3.96 |I I 
15:46-Wed-Mar-08-2017 PM2.5 |   2.86 |   3.00 |   3.19 |   2.13 |I I 
15:47-Wed-Mar-08-2017 PM10  |   9.49 |  15.06 |   8.01 |   3.96 |I I 
15:47-Wed-Mar-08-2017 PM2.5 |   2.45 |   2.98 |   3.19 |   2.13 |I I 
15:51-Wed-Mar-08-2017 PM10  |  13.81 |  15.00 |   8.01 |   3.96 |I I 
15:51-Wed-Mar-08-2017 PM2.5 |   2.84 |   2.97 |   3.19 |   2.13 |I I 
15:52-Wed-Mar-08-2017 PM10  |  11.45 |  14.85 |   8.01 |   3.96 |I I 
15:52-Wed-Mar-08-2017 PM2.5 |   3.04 |   2.97 |   3.19 |   2.13 |I I 
15:56-Wed-Mar-08-2017 PM10  |  12.02 |  14.73 |   8.01 |   3.96 |I I 
15:56-Wed-Mar-08-2017 PM2.5 |   2.93 |   2.97 |   3.19 |   2.13 |I I 
15:57-Wed-Mar-08-2017 PM10  |  14.53 |  14.72 |   8.01 |   3.96 |I I 
15:57-Wed-Mar-08-2017 PM2.5 |   2.91 |   2.97 |   3.19 |   2.13 |I I 
16:01-Wed-Mar-08-2017 PM10  |   8.17 |  14.47 |  14.47 |   3.96 |I I 
16:01-Wed-Mar-08-2017 PM2.5 |   2.70 |   2.96 |   3.19 |   2.13 |I I 
16:02-Wed-Mar-08-2017 PM10  |   8.17 |   8.17 |  14.47 |   3.96 |I I 
16:02-Wed-Mar-08-2017 PM2.5 |   2.70 |   2.70 |   3.19 |   2.13 |I I 
16:03-Wed-Mar-08-2017 PM10  |   9.47 |   8.82 |  14.47 |   3.96 |I I 
16:03-Wed-Mar-08-2017 PM2.5 |   2.79 |   2.75 |   3.19 |   2.13 |I I 
16:07-Wed-Mar-08-2017 PM10  |   7.77 |   8.47 |  14.47 |   3.96 |I I 
16:07-Wed-Mar-08-2017 PM2.5 |   2.93 |   2.81 |   3.19 |   2.13 |I I 
16:08-Wed-Mar-08-2017 PM10  |   5.60 |   7.75 |  14.47 |   3.96 |I I 
16:08-Wed-Mar-08-2017 PM2.5 |   2.63 |   2.76 |   3.19 |   2.13 |I I 
16:12-Wed-Mar-08-2017 PM10  |   6.51 |   7.51 |  14.47 |   3.96 |I I 
16:12-Wed-Mar-08-2017 PM2.5 |   2.73 |   2.76 |   3.19 |   2.13 |I I 
16:13-Wed-Mar-08-2017 PM10  |  18.66 |   9.36 |  14.47 |   3.96 |I I 
16:13-Wed-Mar-08-2017 PM2.5 |   3.14 |   2.82 |   3.19 |   2.13 |I I 
16:17-Wed-Mar-08-2017 PM10  |  14.73 |  10.13 |  14.47 |   3.96 |I I 
16:17-Wed-Mar-08-2017 PM2.5 |   2.94 |   2.84 |   3.19 |   2.13 |I I 
16:18-Wed-Mar-08-2017 PM10  |  11.82 |  10.34 |  14.47 |   3.96 |I I 
16:18-Wed-Mar-08-2017 PM2.5 |   2.63 |   2.81 |   3.19 |   2.13 |I I 
16:22-Wed-Mar-08-2017 PM10  |  11.18 |  10.44 |  14.47 |   3.96 |I I 
16:22-Wed-Mar-08-2017 PM2.5 |   2.85 |   2.82 |   3.19 |   2.13 |I I 
16:23-Wed-Mar-08-2017 PM10  |   9.99 |  10.39 |  14.47 |   3.96 |I I 
16:23-Wed-Mar-08-2017 PM2.5 |   2.79 |   2.81 |   3.19 |   2.13 |I I 
16:27-Wed-Mar-08-2017 PM10  |  12.02 |  10.54 |  14.47 |   3.96 |I I 
16:27-Wed-Mar-08-2017 PM2.5 |   2.51 |   2.79 |   3.19 |   2.13 |I I 
16:28-Wed-Mar-08-2017 PM10  |  12.02 |  10.66 |  14.47 |   3.96 |I I 
16:28-Wed-Mar-08-2017 PM2.5 |   2.51 |   2.76 |   3.19 |   2.13 |I I 
16:29-Wed-Mar-08-2017 PM10  |  10.44 |  10.65 |  14.47 |   3.96 |I I 
16:29-Wed-Mar-08-2017 PM2.5 |   2.76 |   2.76 |   3.19 |   2.13 |I I 
16:33-Wed-Mar-08-2017 PM10  |  10.07 |  10.60 |  14.47 |   3.96 |I I 
16:33-Wed-Mar-08-2017 PM2.5 |   2.60 |   2.75 |   3.19 |   2.13 |I I 
16:34-Wed-Mar-08-2017 PM10  |  11.62 |  10.67 |  14.47 |   3.96 |I I 
16:34-Wed-Mar-08-2017 PM2.5 |   2.46 |   2.73 |   3.19 |   2.13 |I I 
16:38-Wed-Mar-08-2017 PM10  |   7.42 |  10.47 |  14.47 |   3.96 |I I 
16:38-Wed-Mar-08-2017 PM2.5 |   2.52 |   2.72 |   3.19 |   2.13 |I I 
16:39-Wed-Mar-08-2017 PM10  |   7.88 |  10.32 |  14.47 |   3.96 |I I 
16:39-Wed-Mar-08-2017 PM2.5 |   2.48 |   2.70 |   3.19 |   2.13 |I I 
16:43-Wed-Mar-08-2017 PM10  |   8.59 |  10.22 |  14.47 |   3.96 |I I 
16:43-Wed-Mar-08-2017 PM2.5 |   2.37 |   2.69 |   3.19 |   2.13 |I I 
16:44-Wed-Mar-08-2017 PM10  |   5.07 |   9.95 |  14.47 |   3.96 |I I 
16:44-Wed-Mar-08-2017 PM2.5 |   2.28 |   2.66 |   3.19 |   2.13 |I I 
16:48-Wed-Mar-08-2017 PM10  |   5.94 |   9.75 |  14.47 |   3.96 |I I 
16:48-Wed-Mar-08-2017 PM2.5 |   2.56 |   2.66 |   3.19 |   2.13 |I I 
16:49-Wed-Mar-08-2017 PM10  |   6.13 |   9.58 |  14.47 |   3.96 |I I 
16:49-Wed-Mar-08-2017 PM2.5 |   2.21 |   2.64 |   3.19 |   2.13 |I I 
16:53-Wed-Mar-08-2017 PM10  |   7.38 |   9.48 |  14.47 |   3.96 |I I 
16:53-Wed-Mar-08-2017 PM2.5 |   2.33 |   2.62 |   3.19 |   2.13 |I I 
16:54-Wed-Mar-08-2017 PM10  |   4.57 |   9.26 |  14.47 |   3.96 |I I 
16:54-Wed-Mar-08-2017 PM2.5 |   2.20 |   2.60 |   3.19 |   2.13 |I I 
16:55-Wed-Mar-08-2017 PM10  |   4.57 |   9.07 |  14.47 |   3.96 |I I 
16:55-Wed-Mar-08-2017 PM2.5 |   2.20 |   2.59 |   3.19 |   2.13 |I I 
16:59-Wed-Mar-08-2017 PM10  |   7.50 |   9.01 |  14.47 |   3.96 |I I 
16:59-Wed-Mar-08-2017 PM2.5 |   2.69 |   2.59 |   3.19 |   2.13 |I I 
17:00-Wed-Mar-08-2017 PM10  |   5.38 |   8.87 |  14.47 |   3.96 |I I 
17:00-Wed-Mar-08-2017 PM2.5 |   2.72 |   2.60 |   3.19 |   2.13 |I I 
17:04-Wed-Mar-08-2017 PM10  |   4.44 |   4.44 |  14.47 |   3.96 |I I 
17:04-Wed-Mar-08-2017 PM2.5 |   2.24 |   2.24 |   3.19 |   2.13 |I I 
17:05-Wed-Mar-08-2017 PM10  |  10.38 |   7.41 |  14.47 |   3.96 |I I 
17:05-Wed-Mar-08-2017 PM2.5 |   2.64 |   2.44 |   3.19 |   2.13 |I I 
17:09-Wed-Mar-08-2017 PM10  |   4.02 |   6.28 |  14.47 |   3.96 |I I 
17:09-Wed-Mar-08-2017 PM2.5 |   2.19 |   2.36 |   3.19 |   2.13 |I I 
17:10-Wed-Mar-08-2017 PM10  |   6.14 |   6.24 |  14.47 |   3.96 |I I 
17:10-Wed-Mar-08-2017 PM2.5 |   2.27 |   2.34 |   3.19 |   2.13 |I I 
17:14-Wed-Mar-08-2017 PM10  |   4.64 |   5.92 |  14.47 |   3.96 |I I 
17:14-Wed-Mar-08-2017 PM2.5 |   2.24 |   2.32 |   3.19 |   2.13 |I I 
17:15-Wed-Mar-08-2017 PM10  |   5.29 |   5.82 |  14.47 |   3.96 |I I 
17:15-Wed-Mar-08-2017 PM2.5 |   2.41 |   2.33 |   3.19 |   2.13 |I I 
17:19-Wed-Mar-08-2017 PM10  |   6.32 |   5.89 |  14.47 |   3.96 |I I 
17:19-Wed-Mar-08-2017 PM2.5 |   2.29 |   2.33 |   3.19 |   2.13 |I I 
17:20-Wed-Mar-08-2017 PM10  |   6.03 |   5.91 |  14.47 |   3.96 |I I 
17:20-Wed-Mar-08-2017 PM2.5 |   2.26 |   2.32 |   3.19 |   2.13 |I I 
17:21-Wed-Mar-08-2017 PM10  |   6.03 |   5.92 |  14.47 |   3.96 |I I 
17:21-Wed-Mar-08-2017 PM2.5 |   2.26 |   2.31 |   3.19 |   2.13 |I I 
17:25-Wed-Mar-08-2017 PM10  |   5.39 |   5.87 |  14.47 |   3.96 |I I 
17:25-Wed-Mar-08-2017 PM2.5 |   2.27 |   2.31 |   3.19 |   2.13 |I I 
17:26-Wed-Mar-08-2017 PM10  |   3.30 |   5.63 |  14.47 |   3.96 |I I 
17:26-Wed-Mar-08-2017 PM2.5 |   2.09 |   2.29 |   3.19 |   2.13 |I I 
17:30-Wed-Mar-08-2017 PM10  |   3.95 |   5.49 |  14.47 |   3.96 |I I 
17:30-Wed-Mar-08-2017 PM2.5 |   2.23 |   2.28 |   3.19 |   2.13 |I I 
17:31-Wed-Mar-08-2017 PM10  |   4.89 |   5.45 |  14.47 |   3.96 |I I 
17:31-Wed-Mar-08-2017 PM2.5 |   2.24 |   2.28 |   3.19 |   2.13 |I I 
17:35-Wed-Mar-08-2017 PM10  |   6.26 |   5.50 |  14.47 |   3.96 |I I 
17:35-Wed-Mar-08-2017 PM2.5 |   2.16 |   2.27 |   3.19 |   2.13 |I I 
17:36-Wed-Mar-08-2017 PM10  |   5.94 |   5.53 |  14.47 |   3.96 |I I 
17:36-Wed-Mar-08-2017 PM2.5 |   2.39 |   2.28 |   3.19 |   2.13 |I I 
17:41-Wed-Mar-08-2017 PM10  |   3.11 |   5.38 |  14.47 |   3.96 |I I 
17:41-Wed-Mar-08-2017 PM2.5 |   2.15 |   2.27 |   3.19 |   2.13 |I I 
17:42-Wed-Mar-08-2017 PM10  |   5.98 |   5.42 |  14.47 |   3.96 |I I 
17:42-Wed-Mar-08-2017 PM2.5 |   2.24 |   2.27 |   3.19 |   2.13 |I I 
17:46-Wed-Mar-08-2017 PM10  |   4.40 |   5.36 |  14.47 |   3.96 |I I 
17:46-Wed-Mar-08-2017 PM2.5 |   2.40 |   2.28 |   3.19 |   2.13 |I I 
17:47-Wed-Mar-08-2017 PM10  |   4.28 |   5.30 |  14.47 |   3.96 |I I 
17:47-Wed-Mar-08-2017 PM2.5 |   2.21 |   2.27 |   3.19 |   2.13 |I I 
17:48-Wed-Mar-08-2017 PM10  |   4.28 |   5.25 |  14.47 |   3.96 |I I 
17:48-Wed-Mar-08-2017 PM2.5 |   2.21 |   2.27 |   3.19 |   2.13 |I I 
17:52-Wed-Mar-08-2017 PM10  |   4.11 |   5.20 |  14.47 |   3.96 |I I 
17:52-Wed-Mar-08-2017 PM2.5 |   2.27 |   2.27 |   3.19 |   2.13 |I I 
17:53-Wed-Mar-08-2017 PM10  |   3.28 |   5.11 |  14.47 |   3.96 |I I 
17:53-Wed-Mar-08-2017 PM2.5 |   2.19 |   2.27 |   3.19 |   2.13 |I I 
17:57-Wed-Mar-08-2017 PM10  |   4.45 |   5.08 |  14.47 |   3.96 |I I 
17:57-Wed-Mar-08-2017 PM2.5 |   2.47 |   2.28 |   3.19 |   2.13 |I I 
17:58-Wed-Mar-08-2017 PM10  |   3.14 |   5.00 |  14.47 |   3.96 |I I 
17:58-Wed-Mar-08-2017 PM2.5 |   2.25 |   2.28 |   3.19 |   2.13 |I I 
18:02-Wed-Mar-08-2017 PM10  |   6.39 |   5.06 |  14.47 |   3.96 |I I 
18:02-Wed-Mar-08-2017 PM2.5 |   3.45 |   2.32 |   3.19 |   2.13 |I I 
18:03-Wed-Mar-08-2017 PM10  |  10.42 |  10.42 |  14.47 |   3.96 |I I 
18:03-Wed-Mar-08-2017 PM2.5 |   4.90 |   4.90 |   3.19 |   2.13 |I I 
18:07-Wed-Mar-08-2017 PM10  |   7.50 |   8.96 |  14.47 |   3.96 |I I 
18:07-Wed-Mar-08-2017 PM2.5 |   3.95 |   4.43 |   3.19 |   2.13 |I I 
18:08-Wed-Mar-08-2017 PM10  |   4.69 |   7.53 |  14.47 |   3.96 |I I 
18:08-Wed-Mar-08-2017 PM2.5 |   3.29 |   4.05 |   3.19 |   2.13 |I I 
18:12-Wed-Mar-08-2017 PM10  |   4.69 |   6.82 |  14.47 |   3.96 |I I 
18:12-Wed-Mar-08-2017 PM2.5 |   3.33 |   3.87 |   3.19 |   2.13 |I I 
18:13-Wed-Mar-08-2017 PM10  |   4.65 |   6.39 |  14.47 |   3.96 |I I 
18:13-Wed-Mar-08-2017 PM2.5 |   3.27 |   3.75 |   3.19 |   2.13 |I I 
18:14-Wed-Mar-08-2017 PM10  |   4.65 |   6.10 |  14.47 |   3.96 |I I 
18:14-Wed-Mar-08-2017 PM2.5 |   3.27 |   3.67 |   3.19 |   2.13 |I I 
18:18-Wed-Mar-08-2017 PM10  |   6.37 |   6.14 |  14.47 |   3.96 |I I 
18:18-Wed-Mar-08-2017 PM2.5 |   3.57 |   3.66 |   3.19 |   2.13 |I I 
18:19-Wed-Mar-08-2017 PM10  |   6.32 |   6.16 |  14.47 |   3.96 |I I 
18:19-Wed-Mar-08-2017 PM2.5 |   3.46 |   3.63 |   3.19 |   2.13 |I I 
18:23-Wed-Mar-08-2017 PM10  |   6.13 |   6.16 |  14.47 |   3.96 |I I 
18:23-Wed-Mar-08-2017 PM2.5 |   3.43 |   3.61 |   3.19 |   2.13 |I I 
18:24-Wed-Mar-08-2017 PM10  |   6.01 |   6.14 |  14.47 |   3.96 |I I 
18:24-Wed-Mar-08-2017 PM2.5 |   3.48 |   3.60 |   3.19 |   2.13 |I I 
18:28-Wed-Mar-08-2017 PM10  |   5.54 |   6.09 |  14.47 |   3.96 |I I 
18:28-Wed-Mar-08-2017 PM2.5 |   3.59 |   3.60 |   3.19 |   2.13 |I I 
18:29-Wed-Mar-08-2017 PM10  |   6.28 |   6.10 |  14.47 |   3.96 |I I 
18:29-Wed-Mar-08-2017 PM2.5 |   3.68 |   3.60 |   3.19 |   2.13 |I I 
18:33-Wed-Mar-08-2017 PM10  |   5.25 |   6.04 |  14.47 |   3.96 |I I 
18:33-Wed-Mar-08-2017 PM2.5 |   3.37 |   3.58 |   3.19 |   2.13 |I I 
18:34-Wed-Mar-08-2017 PM10  |   4.95 |   5.96 |  14.47 |   3.96 |I I 
18:34-Wed-Mar-08-2017 PM2.5 |   3.46 |   3.58 |   3.19 |   2.13 |I I 
18:38-Wed-Mar-08-2017 PM10  |   5.42 |   5.92 |  14.47 |   3.96 |I I 
18:38-Wed-Mar-08-2017 PM2.5 |   3.78 |   3.59 |   3.19 |   2.13 |I I 
18:39-Wed-Mar-08-2017 PM10  |   6.88 |   5.98 |  14.47 |   3.96 |I I 
18:39-Wed-Mar-08-2017 PM2.5 |   3.87 |   3.61 |   3.19 |   2.13 |I I 
18:40-Wed-Mar-08-2017 PM10  |   6.88 |   6.04 |  14.47 |   3.96 |I I 
18:40-Wed-Mar-08-2017 PM2.5 |   3.87 |   3.62 |   3.19 |   2.13 |I I 
18:44-Wed-Mar-08-2017 PM10  |   5.44 |   6.00 |  14.47 |   3.96 |I I 
18:44-Wed-Mar-08-2017 PM2.5 |   3.80 |   3.63 |   3.19 |   2.13 |I I 
18:45-Wed-Mar-08-2017 PM10  |   9.01 |   6.16 |  14.47 |   3.96 |I I 
18:45-Wed-Mar-08-2017 PM2.5 |   4.55 |   3.68 |   3.19 |   2.13 |I I 
18:49-Wed-Mar-08-2017 PM10  |   8.74 |   6.29 |  14.47 |   3.96 |I I 
18:49-Wed-Mar-08-2017 PM2.5 |   4.84 |   3.74 |   3.19 |   2.13 |I I 
18:50-Wed-Mar-08-2017 PM10  |   7.28 |   6.34 |  14.47 |   3.96 |I I 
18:50-Wed-Mar-08-2017 PM2.5 |   4.42 |   3.77 |   3.19 |   2.13 |I I 
18:54-Wed-Mar-08-2017 PM10  |   7.80 |   6.40 |  14.47 |   3.96 |I I 
18:54-Wed-Mar-08-2017 PM2.5 |   4.74 |   3.82 |   3.19 |   2.13 |I I 
18:55-Wed-Mar-08-2017 PM10  |   7.22 |   6.44 |  14.47 |   3.96 |I I 
18:55-Wed-Mar-08-2017 PM2.5 |   4.49 |   3.84 |   3.19 |   2.13 |I I 
18:59-Wed-Mar-08-2017 PM10  |   8.08 |   6.51 |  14.47 |   3.96 |I I 
18:59-Wed-Mar-08-2017 PM2.5 |   4.69 |   3.88 |   3.19 |   2.13 |I I 
19:00-Wed-Mar-08-2017 PM10  |   7.43 |   6.54 |  14.47 |   3.96 |I I 
19:00-Wed-Mar-08-2017 PM2.5 |   4.38 |   3.90 |   3.90 |   2.13 |I I 
19:04-Wed-Mar-08-2017 PM10  |   8.20 |   8.20 |  14.47 |   3.96 |I I 
19:04-Wed-Mar-08-2017 PM2.5 |   4.43 |   4.43 |   3.90 |   2.13 |I I 
19:05-Wed-Mar-08-2017 PM10  |  17.43 |  12.82 |  14.47 |   3.96 |I I 
19:05-Wed-Mar-08-2017 PM2.5 |   9.39 |   6.91 |   3.90 |   2.13 |I I 
19:06-Wed-Mar-08-2017 PM10  |  17.43 |  14.35 |  14.47 |   3.96 |I I 
19:06-Wed-Mar-08-2017 PM2.5 |   9.39 |   7.74 |   3.90 |   2.13 |I I 
19:10-Wed-Mar-08-2017 PM10  |  18.11 |  15.29 |  14.47 |   3.96 |I I 
19:10-Wed-Mar-08-2017 PM2.5 |   9.58 |   8.20 |   3.90 |   2.13 |I I 
19:11-Wed-Mar-08-2017 PM10  |  14.74 |  15.18 |  14.47 |   3.96 |I I 
19:11-Wed-Mar-08-2017 PM2.5 |   6.75 |   7.91 |   3.90 |   2.13 |I I 
19:15-Wed-Mar-08-2017 PM10  |  13.71 |  14.94 |  14.47 |   3.96 |I I 
19:15-Wed-Mar-08-2017 PM2.5 |   7.08 |   7.77 |   3.90 |   2.13 |I I 
19:16-Wed-Mar-08-2017 PM10  |  14.24 |  14.84 |  14.47 |   3.96 |I I 
19:16-Wed-Mar-08-2017 PM2.5 |   5.87 |   7.50 |   3.90 |   2.13 |I I 
19:20-Wed-Mar-08-2017 PM10  |  14.87 |  14.84 |  14.47 |   3.96 |I I 
19:20-Wed-Mar-08-2017 PM2.5 |   5.76 |   7.28 |   3.90 |   2.13 |I I 
19:21-Wed-Mar-08-2017 PM10  |  11.55 |  14.48 |  14.47 |   3.96 |I I 
19:21-Wed-Mar-08-2017 PM2.5 |   6.02 |   7.14 |   3.90 |   2.13 |I I 
19:25-Wed-Mar-08-2017 PM10  |  10.14 |  14.04 |  14.47 |   3.96 |I I 
19:25-Wed-Mar-08-2017 PM2.5 |   5.93 |   7.02 |   3.90 |   2.13 |I I 
19:26-Wed-Mar-08-2017 PM10  |   9.88 |  13.67 |  14.47 |   3.96 |I I 
19:26-Wed-Mar-08-2017 PM2.5 |   5.27 |   6.86 |   3.90 |   2.13 |I I 
19:30-Wed-Mar-08-2017 PM10  |  10.76 |  13.42 |  14.47 |   3.96 |I I 
19:30-Wed-Mar-08-2017 PM2.5 |   5.55 |   6.75 |   3.90 |   2.13 |I I 
19:31-Wed-Mar-08-2017 PM10  |  10.46 |  13.19 |  14.47 |   3.96 |I I 
19:31-Wed-Mar-08-2017 PM2.5 |   5.36 |   6.64 |   3.90 |   2.13 |I I 
19:32-Wed-Mar-08-2017 PM10  |  10.46 |  13.00 |  14.47 |   3.96 |I I 
19:32-Wed-Mar-08-2017 PM2.5 |   5.36 |   6.55 |   3.90 |   2.13 |I I 
19:35-Wed-Mar-08-2017 PM10  |  12.17 |  12.94 |  14.47 |   3.96 |I I 
19:35-Wed-Mar-08-2017 PM2.5 |   5.72 |   6.50 |   3.90 |   2.13 |I I 
19:36-Wed-Mar-08-2017 PM10  |  12.17 |  12.90 |  14.47 |   3.96 |I I 
19:36-Wed-Mar-08-2017 PM2.5 |   5.72 |   6.45 |   3.90 |   2.13 |I I 
19:37-Wed-Mar-08-2017 PM10  |  11.31 |  12.80 |  14.47 |   3.96 |I I 
19:37-Wed-Mar-08-2017 PM2.5 |   5.67 |   6.40 |   3.90 |   2.13 |I I 
19:41-Wed-Mar-08-2017 PM10  |  11.69 |  12.74 |  14.47 |   3.96 |I I 
19:41-Wed-Mar-08-2017 PM2.5 |   5.69 |   6.36 |   3.90 |   2.13 |I I 
19:42-Wed-Mar-08-2017 PM10  |  10.36 |  12.62 |  14.47 |   3.96 |I I 
19:42-Wed-Mar-08-2017 PM2.5 |   6.17 |   6.35 |   3.90 |   2.13 |I I 
19:46-Wed-Mar-08-2017 PM10  |  10.82 |  12.53 |  14.47 |   3.96 |I I 
19:46-Wed-Mar-08-2017 PM2.5 |   6.37 |   6.35 |   3.90 |   2.13 |I I 
19:47-Wed-Mar-08-2017 PM10  |  13.46 |  12.57 |  14.47 |   3.96 |I I 
19:47-Wed-Mar-08-2017 PM2.5 |   6.04 |   6.34 |   3.90 |   2.13 |I I 
19:51-Wed-Mar-08-2017 PM10  |  10.36 |  12.47 |  14.47 |   3.96 |I I 
19:51-Wed-Mar-08-2017 PM2.5 |   6.35 |   6.34 |   3.90 |   2.13 |I I 
19:52-Wed-Mar-08-2017 PM10  |  10.80 |  12.40 |  14.47 |   3.96 |I I 
19:52-Wed-Mar-08-2017 PM2.5 |   6.30 |   6.34 |   3.90 |   2.13 |I I 
19:56-Wed-Mar-08-2017 PM10  |  12.72 |  12.41 |  14.47 |   3.96 |I I 
19:56-Wed-Mar-08-2017 PM2.5 |   6.39 |   6.34 |   3.90 |   2.13 |I I 
19:57-Wed-Mar-08-2017 PM10  |  11.54 |  12.38 |  14.47 |   3.96 |I I 
19:57-Wed-Mar-08-2017 PM2.5 |   6.15 |   6.33 |   3.90 |   2.13 |I I 
20:01-Wed-Mar-08-2017 PM10  |  13.39 |  12.42 |  14.47 |   3.96 |I I 
20:01-Wed-Mar-08-2017 PM2.5 |   6.75 |   6.35 |   6.35 |   2.13 |I I 
20:02-Wed-Mar-08-2017 PM10  |  13.39 |  13.39 |  14.47 |   3.96 |I I 
20:02-Wed-Mar-08-2017 PM2.5 |   6.75 |   6.75 |   6.35 |   2.13 |I I 
20:03-Wed-Mar-08-2017 PM10  |  10.23 |  11.81 |  14.47 |   3.96 |I I 
20:03-Wed-Mar-08-2017 PM2.5 |   6.43 |   6.59 |   6.35 |   2.13 |I I 
20:07-Wed-Mar-08-2017 PM10  |  11.44 |  11.69 |  14.47 |   3.96 |I I 
20:07-Wed-Mar-08-2017 PM2.5 |   6.55 |   6.58 |   6.35 |   2.13 |I I 
20:08-Wed-Mar-08-2017 PM10  |  12.88 |  11.99 |  14.47 |   3.96 |I I 
20:08-Wed-Mar-08-2017 PM2.5 |   7.14 |   6.72 |   6.35 |   2.13 |I I 
20:12-Wed-Mar-08-2017 PM10  |  13.52 |  12.29 |  14.47 |   3.96 |I I 
20:12-Wed-Mar-08-2017 PM2.5 |   7.30 |   6.84 |   6.35 |   2.13 |I I 
20:13-Wed-Mar-08-2017 PM10  |  15.14 |  12.77 |  14.47 |   3.96 |I I 
20:13-Wed-Mar-08-2017 PM2.5 |   7.39 |   6.93 |   6.35 |   2.13 |I I 
20:17-Wed-Mar-08-2017 PM10  |  12.77 |  12.77 |  14.47 |   3.96 |I I 
20:17-Wed-Mar-08-2017 PM2.5 |   7.00 |   6.94 |   6.35 |   2.13 |I I 
20:18-Wed-Mar-08-2017 PM10  |  13.14 |  12.81 |  14.47 |   3.96 |I I 
20:18-Wed-Mar-08-2017 PM2.5 |   7.20 |   6.97 |   6.35 |   2.13 |I I 
20:22-Wed-Mar-08-2017 PM10  |  14.53 |  13.00 |  14.47 |   3.96 |I I 
20:22-Wed-Mar-08-2017 PM2.5 |   7.51 |   7.03 |   6.35 |   2.13 |I I 
20:23-Wed-Mar-08-2017 PM10  |  11.38 |  12.84 |  14.47 |   3.96 |I I 
20:23-Wed-Mar-08-2017 PM2.5 |   6.69 |   7.00 |   6.35 |   2.13 |I I 
20:27-Wed-Mar-08-2017 PM10  |  11.79 |  12.75 |  14.47 |   3.96 |I I 
20:27-Wed-Mar-08-2017 PM2.5 |   6.97 |   7.00 |   6.35 |   2.13 |I I 
20:28-Wed-Mar-08-2017 PM10  |  11.79 |  12.67 |  14.47 |   3.96 |I I 
20:28-Wed-Mar-08-2017 PM2.5 |   6.97 |   6.99 |   6.35 |   2.13 |I I 
20:29-Wed-Mar-08-2017 PM10  |  12.57 |  12.66 |  14.47 |   3.96 |I I 
20:29-Wed-Mar-08-2017 PM2.5 |   6.69 |   6.97 |   6.35 |   2.13 |I I 
20:33-Wed-Mar-08-2017 PM10  |  12.00 |  12.61 |  14.47 |   3.96 |I I 
20:33-Wed-Mar-08-2017 PM2.5 |   7.00 |   6.97 |   6.35 |   2.13 |I I 
20:35-Wed-Mar-08-2017 PM10  |  12.92 |  12.63 |  14.47 |   3.96 |I I 
20:35-Wed-Mar-08-2017 PM2.5 |   6.90 |   6.97 |   6.35 |   2.13 |I I 
20:39-Wed-Mar-08-2017 PM10  |  12.32 |  12.61 |  14.47 |   3.96 |I I 
20:39-Wed-Mar-08-2017 PM2.5 |   6.93 |   6.97 |   6.35 |   2.13 |I I 
20:40-Wed-Mar-08-2017 PM10  |  12.70 |  12.62 |  14.47 |   3.96 |I I 
20:40-Wed-Mar-08-2017 PM2.5 |   6.53 |   6.94 |   6.35 |   2.13 |I I 
20:44-Wed-Mar-08-2017 PM10  |  13.38 |  12.66 |  14.47 |   3.96 |I I 
20:44-Wed-Mar-08-2017 PM2.5 |   7.39 |   6.97 |   6.35 |   2.13 |I I 
20:45-Wed-Mar-08-2017 PM10  |  13.52 |  12.71 |  14.47 |   3.96 |I I 
20:45-Wed-Mar-08-2017 PM2.5 |   6.91 |   6.96 |   6.35 |   2.13 |I I 
20:49-Wed-Mar-08-2017 PM10  |  12.79 |  12.71 |  14.47 |   3.96 |I I 
20:49-Wed-Mar-08-2017 PM2.5 |   7.29 |   6.98 |   6.35 |   2.13 |I I 
20:50-Wed-Mar-08-2017 PM10  |  14.28 |  12.78 |  14.47 |   3.96 |I I 
20:50-Wed-Mar-08-2017 PM2.5 |   7.41 |   7.00 |   6.35 |   2.13 |I I 
20:54-Wed-Mar-08-2017 PM10  |  13.79 |  12.83 |  14.47 |   3.96 |I I 
20:54-Wed-Mar-08-2017 PM2.5 |   6.89 |   6.99 |   6.35 |   2.13 |I I 
20:55-Wed-Mar-08-2017 PM10  |  13.79 |  12.87 |  14.47 |   3.96 |I I 
20:55-Wed-Mar-08-2017 PM2.5 |   6.89 |   6.99 |   6.35 |   2.13 |I I 
20:56-Wed-Mar-08-2017 PM10  |  15.50 |  12.98 |  14.47 |   3.96 |I I 
20:56-Wed-Mar-08-2017 PM2.5 |   7.41 |   7.01 |   6.35 |   2.13 |I I 
21:00-Wed-Mar-08-2017 PM10  |  14.05 |  13.02 |  14.47 |   3.96 |I I 
21:00-Wed-Mar-08-2017 PM2.5 |   7.47 |   7.03 |   7.03 |   2.13 |I I 
21:01-Wed-Mar-08-2017 PM10  |  15.77 |  15.77 |  14.47 |   3.96 |I I 
21:01-Wed-Mar-08-2017 PM2.5 |   7.55 |   7.55 |   7.03 |   2.13 |I I 
21:05-Wed-Mar-08-2017 PM10  |  14.87 |  15.32 |  14.47 |   3.96 |I I 
21:05-Wed-Mar-08-2017 PM2.5 |   7.89 |   7.72 |   7.03 |   2.13 |I I 
21:06-Wed-Mar-08-2017 PM10  |  17.79 |  16.14 |  14.47 |   3.96 |I I 
21:06-Wed-Mar-08-2017 PM2.5 |   7.56 |   7.67 |   7.03 |   2.13 |I I 
21:10-Wed-Mar-08-2017 PM10  |  19.73 |  17.04 |  14.47 |   3.96 |I I 
21:10-Wed-Mar-08-2017 PM2.5 |   7.87 |   7.72 |   7.03 |   2.13 |I I 
21:11-Wed-Mar-08-2017 PM10  |  13.32 |  16.30 |  14.47 |   3.96 |I I 
21:11-Wed-Mar-08-2017 PM2.5 |   7.26 |   7.63 |   7.03 |   2.13 |I I 
21:15-Wed-Mar-08-2017 PM10  |  13.65 |  15.85 |  14.47 |   3.96 |I I 
21:15-Wed-Mar-08-2017 PM2.5 |   7.48 |   7.60 |   7.03 |   2.13 |I I 
21:16-Wed-Mar-08-2017 PM10  |  16.40 |  15.93 |  14.47 |   3.96 |I I 
21:16-Wed-Mar-08-2017 PM2.5 |   7.43 |   7.58 |   7.03 |   2.13 |I I 
21:20-Wed-Mar-08-2017 PM10  |  18.81 |  16.29 |  14.47 |   3.96 |I I 
21:20-Wed-Mar-08-2017 PM2.5 |   7.76 |   7.60 |   7.03 |   2.13 |I I 
21:21-Wed-Mar-08-2017 PM10  |  18.81 |  16.57 |  14.47 |   3.96 |I I 
21:21-Wed-Mar-08-2017 PM2.5 |   7.76 |   7.62 |   7.03 |   2.13 |I I 
21:22-Wed-Mar-08-2017 PM10  |  17.05 |  16.62 |  14.47 |   3.96 |I I 
21:22-Wed-Mar-08-2017 PM2.5 |   7.17 |   7.57 |   7.03 |   2.13 |I I 
21:26-Wed-Mar-08-2017 PM10  |  14.51 |  16.43 |  14.47 |   3.96 |I I 
21:26-Wed-Mar-08-2017 PM2.5 |   7.63 |   7.58 |   7.03 |   2.13 |I I 
21:27-Wed-Mar-08-2017 PM10  |  13.38 |  16.17 |  14.47 |   3.96 |I I 
21:27-Wed-Mar-08-2017 PM2.5 |   7.49 |   7.57 |   7.03 |   2.13 |I I 
21:31-Wed-Mar-08-2017 PM10  |  13.52 |  15.97 |  14.47 |   3.96 |I I 
21:31-Wed-Mar-08-2017 PM2.5 |   7.28 |   7.55 |   7.03 |   2.13 |I I 
21:32-Wed-Mar-08-2017 PM10  |  17.82 |  16.10 |  14.47 |   3.96 |I I 
21:32-Wed-Mar-08-2017 PM2.5 |   7.46 |   7.54 |   7.03 |   2.13 |I I 
21:36-Wed-Mar-08-2017 PM10  |  15.33 |  16.05 |  14.47 |   3.96 |I I 
21:36-Wed-Mar-08-2017 PM2.5 |   7.27 |   7.52 |   7.03 |   2.13 |I I 
21:37-Wed-Mar-08-2017 PM10  |  19.96 |  16.30 |  14.47 |   3.96 |I I 
21:37-Wed-Mar-08-2017 PM2.5 |   7.27 |   7.51 |   7.03 |   2.13 |I I 
21:41-Wed-Mar-08-2017 PM10  |  13.76 |  16.15 |  14.47 |   3.96 |I I 
21:41-Wed-Mar-08-2017 PM2.5 |   7.18 |   7.49 |   7.03 |   2.13 |I I 
21:42-Wed-Mar-08-2017 PM10  |  16.16 |  16.15 |  14.47 |   3.96 |I I 
21:42-Wed-Mar-08-2017 PM2.5 |   7.40 |   7.48 |   7.03 |   2.13 |I I 
21:46-Wed-Mar-08-2017 PM10  |  16.84 |  16.18 |  14.47 |   3.96 |I I 
21:46-Wed-Mar-08-2017 PM2.5 |   7.90 |   7.51 |   7.03 |   2.13 |I I 
21:47-Wed-Mar-08-2017 PM10  |  16.84 |  16.22 |  14.47 |   3.96 |I I 
21:47-Wed-Mar-08-2017 PM2.5 |   7.90 |   7.53 |   7.03 |   2.13 |I I 
21:48-Wed-Mar-08-2017 PM10  |  13.95 |  16.11 |  14.47 |   3.96 |I I 
21:48-Wed-Mar-08-2017 PM2.5 |   6.51 |   7.48 |   7.03 |   2.13 |I I 
21:52-Wed-Mar-08-2017 PM10  |  17.11 |  16.15 |  14.47 |   3.96 |I I 
21:52-Wed-Mar-08-2017 PM2.5 |   7.40 |   7.47 |   7.03 |   2.13 |I I 
21:53-Wed-Mar-08-2017 PM10  |  15.25 |  16.11 |  14.47 |   3.96 |I I 
21:53-Wed-Mar-08-2017 PM2.5 |   6.76 |   7.44 |   7.03 |   2.13 |I I 
21:57-Wed-Mar-08-2017 PM10  |  15.37 |  16.08 |  14.47 |   3.96 |I I 
21:57-Wed-Mar-08-2017 PM2.5 |   6.99 |   7.42 |   7.03 |   2.13 |I I 
21:58-Wed-Mar-08-2017 PM10  |  11.19 |  15.89 |  14.47 |   3.96 |I I 
21:58-Wed-Mar-08-2017 PM2.5 |   6.41 |   7.38 |   7.03 |   2.13 |I I 
22:02-Wed-Mar-08-2017 PM10  |  12.24 |  15.75 |  15.75 |   3.96 |I I 
22:02-Wed-Mar-08-2017 PM2.5 |   6.74 |   7.36 |   7.36 |   2.13 |I I 
22:03-Wed-Mar-08-2017 PM10  |  13.80 |  13.80 |  15.75 |   3.96 |I I 
22:03-Wed-Mar-08-2017 PM2.5 |   6.76 |   6.76 |   7.36 |   2.13 |I I 
22:07-Wed-Mar-08-2017 PM10  |  12.45 |  13.13 |  15.75 |   3.96 |I I 
22:07-Wed-Mar-08-2017 PM2.5 |   6.80 |   6.78 |   7.36 |   2.13 |I I 
22:08-Wed-Mar-08-2017 PM10  |  16.16 |  14.14 |  15.75 |   3.96 |I I 
22:08-Wed-Mar-08-2017 PM2.5 |   6.77 |   6.78 |   7.36 |   2.13 |I I 
22:12-Wed-Mar-08-2017 PM10  |  11.91 |  13.58 |  15.75 |   3.96 |I I 
22:12-Wed-Mar-08-2017 PM2.5 |   6.63 |   6.74 |   7.36 |   2.13 |I I 
22:13-Wed-Mar-08-2017 PM10  |  11.91 |  13.25 |  15.75 |   3.96 |I I 
22:13-Wed-Mar-08-2017 PM2.5 |   6.63 |   6.72 |   7.36 |   2.13 |I I 
22:14-Wed-Mar-08-2017 PM10  |  13.39 |  13.27 |  15.75 |   3.96 |I I 
22:14-Wed-Mar-08-2017 PM2.5 |   7.03 |   6.77 |   7.36 |   2.13 |I I 
22:18-Wed-Mar-08-2017 PM10  |  16.69 |  13.76 |  15.75 |   3.96 |I I 
22:18-Wed-Mar-08-2017 PM2.5 |   7.68 |   6.90 |   7.36 |   2.13 |I I 
22:19-Wed-Mar-08-2017 PM10  |  16.87 |  14.15 |  15.75 |   3.96 |I I 
22:19-Wed-Mar-08-2017 PM2.5 |   6.52 |   6.85 |   7.36 |   2.13 |I I 
22:23-Wed-Mar-08-2017 PM10  |  15.63 |  14.31 |  15.75 |   3.96 |I I 
22:23-Wed-Mar-08-2017 PM2.5 |   6.65 |   6.83 |   7.36 |   2.13 |I I 
22:24-Wed-Mar-08-2017 PM10  |  12.86 |  14.17 |  15.75 |   3.96 |I I 
22:24-Wed-Mar-08-2017 PM2.5 |   6.30 |   6.78 |   7.36 |   2.13 |I I 
22:28-Wed-Mar-08-2017 PM10  |  14.60 |  14.21 |  15.75 |   3.96 |I I 
22:28-Wed-Mar-08-2017 PM2.5 |   6.78 |   6.78 |   7.36 |   2.13 |I I 
22:29-Wed-Mar-08-2017 PM10  |  18.77 |  14.59 |  15.75 |   3.96 |I I 
22:29-Wed-Mar-08-2017 PM2.5 |   6.19 |   6.73 |   7.36 |   2.13 |I I 
22:33-Wed-Mar-08-2017 PM10  |  11.52 |  14.35 |  15.75 |   3.96 |I I 
22:33-Wed-Mar-08-2017 PM2.5 |   6.13 |   6.68 |   7.36 |   2.13 |I I 
22:34-Wed-Mar-08-2017 PM10  |  10.73 |  14.09 |  15.75 |   3.96 |I I 
22:34-Wed-Mar-08-2017 PM2.5 |   5.92 |   6.63 |   7.36 |   2.13 |I I 
22:38-Wed-Mar-08-2017 PM10  |  11.36 |  13.91 |  15.75 |   3.96 |I I 
22:38-Wed-Mar-08-2017 PM2.5 |   6.39 |   6.61 |   7.36 |   2.13 |I I 
22:39-Wed-Mar-08-2017 PM10  |  11.65 |  13.77 |  15.75 |   3.96 |I I 
22:39-Wed-Mar-08-2017 PM2.5 |   6.29 |   6.59 |   7.36 |   2.13 |I I 
22:40-Wed-Mar-08-2017 PM10  |  11.65 |  13.64 |  15.75 |   3.96 |I I 
22:40-Wed-Mar-08-2017 PM2.5 |   6.29 |   6.57 |   7.36 |   2.13 |I I 
22:44-Wed-Mar-08-2017 PM10  |  14.27 |  13.68 |  15.75 |   3.96 |I I 
22:44-Wed-Mar-08-2017 PM2.5 |   6.42 |   6.56 |   7.36 |   2.13 |I I 
22:45-Wed-Mar-08-2017 PM10  |  11.41 |  13.56 |  15.75 |   3.96 |I I 
22:45-Wed-Mar-08-2017 PM2.5 |   6.20 |   6.55 |   7.36 |   2.13 |I I 
22:49-Wed-Mar-08-2017 PM10  |  13.63 |  13.56 |  15.75 |   3.96 |I I 
22:49-Wed-Mar-08-2017 PM2.5 |   6.36 |   6.54 |   7.36 |   2.13 |I I 
22:50-Wed-Mar-08-2017 PM10  |  12.77 |  13.53 |  15.75 |   3.96 |I I 
22:50-Wed-Mar-08-2017 PM2.5 |   6.02 |   6.51 |   7.36 |   2.13 |I I 
22:54-Wed-Mar-08-2017 PM10  |  12.33 |  13.47 |  15.75 |   3.96 |I I 
22:54-Wed-Mar-08-2017 PM2.5 |   6.17 |   6.50 |   7.36 |   2.13 |I I 
22:55-Wed-Mar-08-2017 PM10  |  11.00 |  13.36 |  15.75 |   3.96 |I I 
22:55-Wed-Mar-08-2017 PM2.5 |   5.63 |   6.46 |   7.36 |   2.13 |I I 
22:59-Wed-Mar-08-2017 PM10  |  12.83 |  13.34 |  15.75 |   3.96 |I I 
22:59-Wed-Mar-08-2017 PM2.5 |   6.06 |   6.44 |   7.36 |   2.13 |I I 
23:00-Wed-Mar-08-2017 PM10  |  11.59 |  13.27 |  15.75 |   3.96 |I I 
23:00-Wed-Mar-08-2017 PM2.5 |   6.16 |   6.43 |   7.36 |   2.13 |I I 
23:04-Wed-Mar-08-2017 PM10  |  12.27 |  12.27 |  15.75 |   3.96 |I I 
23:04-Wed-Mar-08-2017 PM2.5 |   5.82 |   5.82 |   7.36 |   2.13 |I I 
23:05-Wed-Mar-08-2017 PM10  |  10.02 |  11.14 |  15.75 |   3.96 |I I 
23:05-Wed-Mar-08-2017 PM2.5 |   5.60 |   5.71 |   7.36 |   2.13 |I I 
23:06-Wed-Mar-08-2017 PM10  |  10.02 |  10.77 |  15.75 |   3.96 |I I 
23:06-Wed-Mar-08-2017 PM2.5 |   5.60 |   5.67 |   7.36 |   2.13 |I I 
23:10-Wed-Mar-08-2017 PM10  |  10.77 |  10.77 |  15.75 |   3.96 |I I 
23:10-Wed-Mar-08-2017 PM2.5 |   5.83 |   5.71 |   7.36 |   2.13 |I I 
23:11-Wed-Mar-08-2017 PM10  |  12.12 |  11.04 |  15.75 |   3.96 |I I 
23:11-Wed-Mar-08-2017 PM2.5 |   5.75 |   5.72 |   7.36 |   2.13 |I I 
23:15-Wed-Mar-08-2017 PM10  |  10.40 |  10.93 |  15.75 |   3.96 |I I 
23:15-Wed-Mar-08-2017 PM2.5 |   5.58 |   5.70 |   7.36 |   2.13 |I I 
23:16-Wed-Mar-08-2017 PM10  |  11.55 |  11.02 |  15.75 |   3.96 |I I 
23:16-Wed-Mar-08-2017 PM2.5 |   5.75 |   5.71 |   7.36 |   2.13 |I I 
23:20-Wed-Mar-08-2017 PM10  |  12.24 |  11.17 |  15.75 |   3.96 |I I 
23:20-Wed-Mar-08-2017 PM2.5 |   6.05 |   5.75 |   7.36 |   2.13 |I I 
23:21-Wed-Mar-08-2017 PM10  |  12.59 |  11.33 |  15.75 |   3.96 |I I 
23:21-Wed-Mar-08-2017 PM2.5 |   6.00 |   5.78 |   7.36 |   2.13 |I I 
23:25-Wed-Mar-08-2017 PM10  |  10.83 |  11.28 |  15.75 |   3.96 |I I 
23:25-Wed-Mar-08-2017 PM2.5 |   5.99 |   5.80 |   7.36 |   2.13 |I I 
23:26-Wed-Mar-08-2017 PM10  |  11.93 |  11.34 |  15.75 |   3.96 |I I 
23:26-Wed-Mar-08-2017 PM2.5 |   5.92 |   5.81 |   7.36 |   2.13 |I I 
23:30-Wed-Mar-08-2017 PM10  |  11.04 |  11.32 |  15.75 |   3.96 |I I 
23:30-Wed-Mar-08-2017 PM2.5 |   5.63 |   5.79 |   7.36 |   2.13 |I I 
23:31-Wed-Mar-08-2017 PM10  |  11.78 |  11.35 |  15.75 |   3.96 |I I 
23:31-Wed-Mar-08-2017 PM2.5 |   6.13 |   5.82 |   7.36 |   2.13 |I I 
23:33-Wed-Mar-08-2017 PM10  |  11.78 |  11.38 |  15.75 |   3.96 |I I 
23:33-Wed-Mar-08-2017 PM2.5 |   6.13 |   5.84 |   7.36 |   2.13 |I I 
23:37-Wed-Mar-08-2017 PM10  |  11.64 |  11.40 |  15.75 |   3.96 |I I 
23:37-Wed-Mar-08-2017 PM2.5 |   5.91 |   5.85 |   7.36 |   2.13 |I I 
23:38-Wed-Mar-08-2017 PM10  |  13.19 |  11.51 |  15.75 |   3.96 |I I 
23:38-Wed-Mar-08-2017 PM2.5 |   5.91 |   5.85 |   7.36 |   2.13 |I I 
23:42-Wed-Mar-08-2017 PM10  |  11.63 |  11.52 |  15.75 |   3.96 |I I 
23:42-Wed-Mar-08-2017 PM2.5 |   5.99 |   5.86 |   7.36 |   2.13 |I I 
23:43-Wed-Mar-08-2017 PM10  |  11.41 |  11.51 |  15.75 |   3.96 |I I 
23:43-Wed-Mar-08-2017 PM2.5 |   5.60 |   5.84 |   7.36 |   2.13 |I I 
23:47-Wed-Mar-08-2017 PM10  |  10.86 |  11.48 |  15.75 |   3.96 |I I 
23:47-Wed-Mar-08-2017 PM2.5 |   5.98 |   5.85 |   7.36 |   2.13 |I I 
23:48-Wed-Mar-08-2017 PM10  |  11.93 |  11.50 |  15.75 |   3.96 |I I 
23:48-Wed-Mar-08-2017 PM2.5 |   6.01 |   5.86 |   7.36 |   2.13 |I I 
23:52-Wed-Mar-08-2017 PM10  |  11.69 |  11.51 |  15.75 |   3.96 |I I 
23:52-Wed-Mar-08-2017 PM2.5 |   5.95 |   5.86 |   7.36 |   2.13 |I I 
23:53-Wed-Mar-08-2017 PM10  |  11.46 |  11.51 |  15.75 |   3.96 |I I 
23:53-Wed-Mar-08-2017 PM2.5 |   5.87 |   5.86 |   7.36 |   2.13 |I I 
23:57-Wed-Mar-08-2017 PM10  |  11.79 |  11.52 |  15.75 |   3.96 |I I 
23:57-Wed-Mar-08-2017 PM2.5 |   6.10 |   5.87 |   7.36 |   2.13 |I I 
23:58-Wed-Mar-08-2017 PM10  |   9.96 |  11.45 |  15.75 |   3.96 |I I 
23:58-Wed-Mar-08-2017 PM2.5 |   5.59 |   5.86 |   7.36 |   2.13 |I I 
23:59-Wed-Mar-08-2017 PM10  |   9.96 |  11.39 |  15.75 |   3.96 |I I 
23:59-Wed-Mar-08-2017 PM2.5 |   5.59 |   5.85 |   7.36 |   2.13 |I I 
00:03-Thu-Mar-09-2017 PM10  |  10.39 |  11.36 |  15.75 |   3.96 |I I 
