[Wed Apr  5 00:03:19 2017] Report del giorno Wednesday April 05 2017 -- INVIATO a centraline@googlegroups.com
00:03-Wed-Apr-05-2017 PM2.5 |  26.12 |  28.72 |  37.69 |   6.63 |I I 
00:04-Wed-Apr-05-2017 PM10  |  27.80 |  27.80 |   0.00 |  2000.00|I I 
00:04-Wed-Apr-05-2017 PM2.5 |  26.04 |  26.04 |   0.00 |  2000.00|I I 
00:05-Wed-Apr-05-2017 PM10  |  27.80 |  27.80 |   0.00 |  2000.00|I I 
00:05-Wed-Apr-05-2017 PM2.5 |  26.04 |  26.04 |   0.00 |  2000.00|I I 
00:09-Wed-Apr-05-2017 PM10  |  28.89 |  28.17 |   0.00 |  2000.00|I I 
00:09-Wed-Apr-05-2017 PM2.5 |  27.49 |  26.52 |   0.00 |  2000.00|I I 
00:10-Wed-Apr-05-2017 PM10  |  27.09 |  27.90 |   0.00 |  2000.00|I I 
00:10-Wed-Apr-05-2017 PM2.5 |  25.35 |  26.23 |   0.00 |  2000.00|I I 
00:14-Wed-Apr-05-2017 PM10  |  27.40 |  27.80 |   0.00 |  2000.00|I I 
00:14-Wed-Apr-05-2017 PM2.5 |  25.53 |  26.09 |   0.00 |  2000.00|I I 
00:15-Wed-Apr-05-2017 PM10  |  26.32 |  27.55 |   0.00 |  2000.00|I I 
00:15-Wed-Apr-05-2017 PM2.5 |  24.33 |  25.80 |   0.00 |  2000.00|I I 
00:19-Wed-Apr-05-2017 PM10  |  26.88 |  27.46 |   0.00 |  2000.00|I I 
00:19-Wed-Apr-05-2017 PM2.5 |  24.75 |  25.65 |   0.00 |  2000.00|I I 
00:20-Wed-Apr-05-2017 PM10  |  27.47 |  27.46 |   0.00 |  2000.00|I I 
00:20-Wed-Apr-05-2017 PM2.5 |  24.62 |  25.52 |   0.00 |  2000.00|I I 
00:24-Wed-Apr-05-2017 PM10  |  28.03 |  27.52 |   0.00 |  2000.00|I I 
00:24-Wed-Apr-05-2017 PM2.5 |  25.93 |  25.56 |   0.00 |  2000.00|I I 
00:25-Wed-Apr-05-2017 PM10  |  28.37 |  27.61 |   0.00 |  2000.00|I I 
00:25-Wed-Apr-05-2017 PM2.5 |  24.62 |  25.47 |   0.00 |  2000.00|I I 
00:29-Wed-Apr-05-2017 PM10  |  26.89 |  27.54 |   0.00 |  2000.00|I I 
00:29-Wed-Apr-05-2017 PM2.5 |  25.07 |  25.43 |   0.00 |  2000.00|I I 
00:30-Wed-Apr-05-2017 PM10  |  27.91 |  27.57 |   0.00 |  2000.00|I I 
00:30-Wed-Apr-05-2017 PM2.5 |  25.00 |  25.40 |   0.00 |  2000.00|I I 
00:31-Wed-Apr-05-2017 PM10  |  27.91 |  27.60 |   0.00 |  2000.00|I I 
00:31-Wed-Apr-05-2017 PM2.5 |  25.00 |  25.37 |   0.00 |  2000.00|I I 
00:35-Wed-Apr-05-2017 PM10  |  26.43 |  27.51 |   0.00 |  2000.00|I I 
00:35-Wed-Apr-05-2017 PM2.5 |  25.13 |  25.35 |   0.00 |  2000.00|I I 
00:36-Wed-Apr-05-2017 PM10  |  25.49 |  27.38 |   0.00 |  2000.00|I I 
00:36-Wed-Apr-05-2017 PM2.5 |  24.02 |  25.26 |   0.00 |  2000.00|I I 
00:40-Wed-Apr-05-2017 PM10  |  26.40 |  27.32 |   0.00 |  2000.00|I I 
00:40-Wed-Apr-05-2017 PM2.5 |  24.15 |  25.19 |   0.00 |  2000.00|I I 
00:41-Wed-Apr-05-2017 PM10  |  26.61 |  27.28 |   0.00 |  2000.00|I I 
00:41-Wed-Apr-05-2017 PM2.5 |  23.85 |  25.11 |   0.00 |  2000.00|I I 
00:45-Wed-Apr-05-2017 PM10  |  25.70 |  27.19 |   0.00 |  2000.00|I I 
00:45-Wed-Apr-05-2017 PM2.5 |  23.95 |  25.05 |   0.00 |  2000.00|I I 
00:46-Wed-Apr-05-2017 PM10  |  25.74 |  27.11 |   0.00 |  2000.00|I I 
00:46-Wed-Apr-05-2017 PM2.5 |  24.29 |  25.01 |   0.00 |  2000.00|I I 
00:50-Wed-Apr-05-2017 PM10  |  24.38 |  26.98 |   0.00 |  2000.00|I I 
00:50-Wed-Apr-05-2017 PM2.5 |  23.08 |  24.91 |   0.00 |  2000.00|I I 
00:51-Wed-Apr-05-2017 PM10  |  23.54 |  26.81 |   0.00 |  2000.00|I I 
00:51-Wed-Apr-05-2017 PM2.5 |  22.36 |  24.79 |   0.00 |  2000.00|I I 
00:55-Wed-Apr-05-2017 PM10  |  24.74 |  26.72 |   0.00 |  2000.00|I I 
00:55-Wed-Apr-05-2017 PM2.5 |  23.54 |  24.73 |   0.00 |  2000.00|I I 
00:56-Wed-Apr-05-2017 PM10  |  23.91 |  26.60 |   0.00 |  2000.00|I I 
00:56-Wed-Apr-05-2017 PM2.5 |  22.68 |  24.64 |   0.00 |  2000.00|I I 
00:57-Wed-Apr-05-2017 PM10  |  23.91 |  26.48 |   0.00 |  2000.00|I I 
00:57-Wed-Apr-05-2017 PM2.5 |  22.68 |  24.56 |   0.00 |  2000.00|I I 
01:01-Wed-Apr-05-2017 PM10  |  24.99 |  26.42 |  26.42 |  26.42 |I I 
01:01-Wed-Apr-05-2017 PM2.5 |  23.33 |  24.51 |  24.51 |  24.51 |I I 
01:02-Wed-Apr-05-2017 PM10  |  25.12 |  25.12 |  26.42 |  26.42 |I I 
01:02-Wed-Apr-05-2017 PM2.5 |  22.52 |  22.52 |  24.51 |  24.51 |I I 
01:06-Wed-Apr-05-2017 PM10  |  24.86 |  24.99 |  26.42 |  26.42 |I I 
01:06-Wed-Apr-05-2017 PM2.5 |  22.53 |  22.52 |  24.51 |  24.51 |I I 
01:07-Wed-Apr-05-2017 PM10  |  23.94 |  24.64 |  26.42 |  26.42 |I I 
01:07-Wed-Apr-05-2017 PM2.5 |  22.43 |  22.49 |  24.51 |  24.51 |I I 
01:11-Wed-Apr-05-2017 PM10  |  23.72 |  24.41 |  26.42 |  26.42 |I I 
01:11-Wed-Apr-05-2017 PM2.5 |  22.54 |  22.50 |  24.51 |  24.51 |I I 
01:12-Wed-Apr-05-2017 PM10  |  24.19 |  24.36 |  26.42 |  26.42 |I I 
01:12-Wed-Apr-05-2017 PM2.5 |  22.50 |  22.50 |  24.51 |  24.51 |I I 
01:16-Wed-Apr-05-2017 PM10  |  24.13 |  24.32 |  26.42 |  26.42 |I I 
01:16-Wed-Apr-05-2017 PM2.5 |  22.93 |  22.57 |  24.51 |  24.51 |I I 
01:17-Wed-Apr-05-2017 PM10  |  24.02 |  24.28 |  26.42 |  26.42 |I I 
01:17-Wed-Apr-05-2017 PM2.5 |  21.82 |  22.47 |  24.51 |  24.51 |I I 
01:21-Wed-Apr-05-2017 PM10  |  24.11 |  24.26 |  26.42 |  26.42 |I I 
01:21-Wed-Apr-05-2017 PM2.5 |  22.14 |  22.43 |  24.51 |  24.51 |I I 
01:22-Wed-Apr-05-2017 PM10  |  23.66 |  24.19 |  26.42 |  26.42 |I I 
01:22-Wed-Apr-05-2017 PM2.5 |  22.46 |  22.43 |  24.51 |  24.51 |I I 
01:26-Wed-Apr-05-2017 PM10  |  22.98 |  24.07 |  26.42 |  26.42 |I I 
01:26-Wed-Apr-05-2017 PM2.5 |  21.52 |  22.34 |  24.51 |  24.51 |I I 
01:27-Wed-Apr-05-2017 PM10  |  22.98 |  23.97 |  26.42 |  26.42 |I I 
01:27-Wed-Apr-05-2017 PM2.5 |  21.52 |  22.26 |  24.51 |  24.51 |I I 
01:28-Wed-Apr-05-2017 PM10  |  22.64 |  23.86 |  26.42 |  26.42 |I I 
01:28-Wed-Apr-05-2017 PM2.5 |  21.36 |  22.19 |  24.51 |  24.51 |I I 
01:32-Wed-Apr-05-2017 PM10  |  28.21 |  24.20 |  26.42 |  26.42 |I I 
01:32-Wed-Apr-05-2017 PM2.5 |  21.52 |  22.14 |  24.51 |  24.51 |I I 
01:33-Wed-Apr-05-2017 PM10  |  24.05 |  24.19 |  26.42 |  26.42 |I I 
01:33-Wed-Apr-05-2017 PM2.5 |  21.80 |  22.11 |  24.51 |  24.51 |I I 
01:37-Wed-Apr-05-2017 PM10  |  22.08 |  24.05 |  26.42 |  26.42 |I I 
01:37-Wed-Apr-05-2017 PM2.5 |  20.95 |  22.03 |  24.51 |  24.51 |I I 
01:38-Wed-Apr-05-2017 PM10  |  23.87 |  24.03 |  26.42 |  26.42 |I I 
01:38-Wed-Apr-05-2017 PM2.5 |  21.22 |  21.98 |  24.51 |  24.51 |I I 
01:42-Wed-Apr-05-2017 PM10  |  21.73 |  23.90 |  26.42 |  26.42 |I I 
01:42-Wed-Apr-05-2017 PM2.5 |  20.31 |  21.88 |  24.51 |  24.51 |I I 
01:43-Wed-Apr-05-2017 PM10  |  21.99 |  23.79 |  26.42 |  26.42 |I B 
01:43-Wed-Apr-05-2017 PM2.5 |  20.45 |  21.81 |  24.51 |  24.51 |I B 
01:47-Wed-Apr-05-2017recover dati per host :92.223.147.77/nodered
01:47-Wed-Apr-05-2017 PM10  |  22.42 |  23.72 |  26.42 |  26.42 |I I 
01:47-Wed-Apr-05-2017 PM2.5 |  20.78 |  21.75 |  24.51 |  24.51 |I I 
01:49-Wed-Apr-05-2017 PM10  |  22.02 |  23.64 |  26.42 |  26.42 |I I 
01:49-Wed-Apr-05-2017 PM2.5 |  20.60 |  21.69 |  24.51 |  24.51 |I I 
01:53-Wed-Apr-05-2017 PM10  |  22.74 |  23.59 |  26.42 |  26.42 |I I 
01:53-Wed-Apr-05-2017 PM2.5 |  20.57 |  21.64 |  24.51 |  24.51 |I I 
01:54-Wed-Apr-05-2017 PM10  |  22.74 |  23.55 |  26.42 |  26.42 |I I 
01:54-Wed-Apr-05-2017 PM2.5 |  20.57 |  21.59 |  24.51 |  24.51 |I I 
01:55-Wed-Apr-05-2017 PM10  |  21.46 |  23.46 |  26.42 |  26.42 |I I 
01:55-Wed-Apr-05-2017 PM2.5 |  19.98 |  21.52 |  24.51 |  24.51 |I I 
01:59-Wed-Apr-05-2017 PM10  |  21.58 |  23.38 |  26.42 |  26.42 |I I 
01:59-Wed-Apr-05-2017 PM2.5 |  19.77 |  21.45 |  24.51 |  24.51 |I I 
02:00-Wed-Apr-05-2017 PM10  |  21.56 |  23.31 |  26.42 |  23.31 |I I 
02:00-Wed-Apr-05-2017 PM2.5 |  20.36 |  21.40 |  24.51 |  21.40 |I I 
02:04-Wed-Apr-05-2017 PM10  |  22.25 |  22.25 |  26.42 |  23.31 |I I 
02:04-Wed-Apr-05-2017 PM2.5 |  20.69 |  20.69 |  24.51 |  21.40 |I I 
02:05-Wed-Apr-05-2017 PM10  |  20.43 |  21.34 |  26.42 |  23.31 |I I 
02:05-Wed-Apr-05-2017 PM2.5 |  19.43 |  20.06 |  24.51 |  21.40 |I I 
02:09-Wed-Apr-05-2017 PM10  |  21.80 |  21.49 |  26.42 |  23.31 |I I 
02:09-Wed-Apr-05-2017 PM2.5 |  19.77 |  19.96 |  24.51 |  21.40 |I I 
02:10-Wed-Apr-05-2017 PM10  |  20.24 |  21.18 |  26.42 |  23.31 |I I 
02:10-Wed-Apr-05-2017 PM2.5 |  19.23 |  19.78 |  24.51 |  21.40 |I I 
02:14-Wed-Apr-05-2017 PM10  |  21.16 |  21.18 |  26.42 |  23.31 |I I 
02:14-Wed-Apr-05-2017 PM2.5 |  19.84 |  19.79 |  24.51 |  21.40 |I I 
02:15-Wed-Apr-05-2017 PM10  |  20.66 |  21.09 |  26.42 |  23.31 |I I 
02:15-Wed-Apr-05-2017 PM2.5 |  19.17 |  19.69 |  24.51 |  21.40 |I I 
02:19-Wed-Apr-05-2017 PM10  |  21.29 |  21.12 |  26.42 |  23.31 |I I 
02:19-Wed-Apr-05-2017 PM2.5 |  20.22 |  19.77 |  24.51 |  21.40 |I I 
02:20-Wed-Apr-05-2017 PM10  |  21.29 |  21.14 |  26.42 |  23.31 |I I 
02:20-Wed-Apr-05-2017 PM2.5 |  20.22 |  19.82 |  24.51 |  21.40 |I I 
02:21-Wed-Apr-05-2017 PM10  |  20.71 |  21.09 |  26.42 |  23.31 |I I 
02:21-Wed-Apr-05-2017 PM2.5 |  19.47 |  19.78 |  24.51 |  21.40 |I I 
02:25-Wed-Apr-05-2017 PM10  |  20.20 |  21.00 |  26.42 |  23.31 |I I 
02:25-Wed-Apr-05-2017 PM2.5 |  18.89 |  19.69 |  24.51 |  21.40 |I I 
02:26-Wed-Apr-05-2017 PM10  |  20.55 |  20.96 |  26.42 |  23.31 |I I 
02:26-Wed-Apr-05-2017 PM2.5 |  19.03 |  19.63 |  24.51 |  21.40 |I I 
02:30-Wed-Apr-05-2017 PM10  |  21.07 |  20.97 |  26.42 |  23.31 |I I 
02:30-Wed-Apr-05-2017 PM2.5 |  19.15 |  19.59 |  24.51 |  21.40 |I I 
02:31-Wed-Apr-05-2017 PM10  |  19.10 |  20.83 |  26.42 |  23.31 |I I 
02:31-Wed-Apr-05-2017 PM2.5 |  18.14 |  19.48 |  24.51 |  21.40 |I I 
02:35-Wed-Apr-05-2017 PM10  |  19.36 |  20.72 |  26.42 |  23.31 |I I 
02:35-Wed-Apr-05-2017 PM2.5 |  18.36 |  19.40 |  24.51 |  21.40 |I I 
02:36-Wed-Apr-05-2017 PM10  |  20.61 |  20.71 |  26.42 |  23.31 |I I 
02:36-Wed-Apr-05-2017 PM2.5 |  18.69 |  19.35 |  24.51 |  21.40 |I I 
02:40-Wed-Apr-05-2017 PM10  |  19.13 |  20.61 |  26.42 |  23.31 |I I 
02:40-Wed-Apr-05-2017 PM2.5 |  18.14 |  19.28 |  24.51 |  21.40 |I I 
02:41-Wed-Apr-05-2017 PM10  |  19.06 |  20.52 |  26.42 |  23.31 |I I 
02:41-Wed-Apr-05-2017 PM2.5 |  17.76 |  19.19 |  24.51 |  21.40 |I I 
02:45-Wed-Apr-05-2017 PM10  |  19.41 |  20.46 |  26.42 |  23.31 |I I 
02:45-Wed-Apr-05-2017 PM2.5 |  18.42 |  19.15 |  24.51 |  21.40 |I I 
02:46-Wed-Apr-05-2017 PM10  |  19.41 |  20.41 |  26.42 |  23.31 |I I 
02:46-Wed-Apr-05-2017 PM2.5 |  18.42 |  19.11 |  24.51 |  21.40 |I I 
02:47-Wed-Apr-05-2017 PM10  |  19.20 |  20.35 |  26.42 |  23.31 |I I 
02:47-Wed-Apr-05-2017 PM2.5 |  18.22 |  19.06 |  24.51 |  21.40 |I I 
02:51-Wed-Apr-05-2017 PM10  |  20.20 |  20.34 |  26.42 |  23.31 |I I 
02:51-Wed-Apr-05-2017 PM2.5 |  18.51 |  19.04 |  24.51 |  21.40 |I I 
02:52-Wed-Apr-05-2017 PM10  |  20.99 |  20.37 |  26.42 |  23.31 |I I 
02:52-Wed-Apr-05-2017 PM2.5 |  18.18 |  19.00 |  24.51 |  21.40 |I I 
02:56-Wed-Apr-05-2017 PM10  |  19.67 |  20.34 |  26.42 |  23.31 |I I 
02:56-Wed-Apr-05-2017 PM2.5 |  18.52 |  18.98 |  24.51 |  21.40 |I I 
02:57-Wed-Apr-05-2017 PM10  |  20.81 |  20.36 |  26.42 |  23.31 |I I 
02:57-Wed-Apr-05-2017 PM2.5 |  17.56 |  18.92 |  24.51 |  21.40 |I I 
03:01-Wed-Apr-05-2017 PM10  |  19.18 |  20.31 |  26.42 |  20.31 |I I 
03:01-Wed-Apr-05-2017 PM2.5 |  17.98 |  18.88 |  24.51 |  18.88 |I I 
03:02-Wed-Apr-05-2017 PM10  |  19.99 |  19.99 |  26.42 |  20.31 |I I 
03:02-Wed-Apr-05-2017 PM2.5 |  17.73 |  17.73 |  24.51 |  18.88 |I I 
03:06-Wed-Apr-05-2017 PM10  |  18.94 |  19.47 |  26.42 |  20.31 |I I 
03:06-Wed-Apr-05-2017 PM2.5 |  17.48 |  17.61 |  24.51 |  18.88 |I I 
03:07-Wed-Apr-05-2017 PM10  |  18.39 |  19.11 |  26.42 |  20.31 |I I 
03:07-Wed-Apr-05-2017 PM2.5 |  17.50 |  17.57 |  24.51 |  18.88 |I I 
03:11-Wed-Apr-05-2017 PM10  |  18.52 |  18.96 |  26.42 |  20.31 |I I 
03:11-Wed-Apr-05-2017 PM2.5 |  17.63 |  17.58 |  24.51 |  18.88 |I I 
03:12-Wed-Apr-05-2017 PM10  |  18.52 |  18.88 |  26.42 |  20.31 |I I 
03:12-Wed-Apr-05-2017 PM2.5 |  17.63 |  17.59 |  24.51 |  18.88 |I I 
03:13-Wed-Apr-05-2017 PM10  |  18.76 |  18.86 |  26.42 |  20.31 |I I 
03:13-Wed-Apr-05-2017 PM2.5 |  17.76 |  17.62 |  24.51 |  18.88 |I I 
03:17-Wed-Apr-05-2017 PM10  |  19.76 |  18.98 |  26.42 |  20.31 |I I 
03:17-Wed-Apr-05-2017 PM2.5 |  17.97 |  17.67 |  24.51 |  18.88 |I I 
03:18-Wed-Apr-05-2017 PM10  |  22.58 |  19.43 |  26.42 |  20.31 |I I 
03:18-Wed-Apr-05-2017 PM2.5 |  17.96 |  17.71 |  24.51 |  18.88 |I I 
03:22-Wed-Apr-05-2017 PM10  |  20.27 |  19.53 |  26.42 |  20.31 |I I 
03:22-Wed-Apr-05-2017 PM2.5 |  18.12 |  17.75 |  24.51 |  18.88 |I I 
03:23-Wed-Apr-05-2017 PM10  |  19.55 |  19.53 |  26.42 |  20.31 |I I 
03:23-Wed-Apr-05-2017 PM2.5 |  16.43 |  17.62 |  24.51 |  18.88 |I I 
03:27-Wed-Apr-05-2017 PM10  |  21.93 |  19.75 |  26.42 |  20.31 |I I 
03:27-Wed-Apr-05-2017 PM2.5 |  17.10 |  17.57 |  24.51 |  18.88 |I I 
03:28-Wed-Apr-05-2017 PM10  |  18.49 |  19.64 |  26.42 |  20.31 |I I 
03:28-Wed-Apr-05-2017 PM2.5 |  17.09 |  17.53 |  24.51 |  18.88 |I I 
03:32-Wed-Apr-05-2017 PM10  |  18.33 |  19.54 |  26.42 |  20.31 |I I 
03:32-Wed-Apr-05-2017 PM2.5 |  17.14 |  17.50 |  24.51 |  18.88 |I I 
03:33-Wed-Apr-05-2017 PM10  |  19.17 |  19.52 |  26.42 |  20.31 |I I 
03:33-Wed-Apr-05-2017 PM2.5 |  17.58 |  17.51 |  24.51 |  18.88 |I I 
03:37-Wed-Apr-05-2017 PM10  |  17.34 |  19.37 |  26.42 |  20.31 |I I 
03:37-Wed-Apr-05-2017 PM2.5 |  16.47 |  17.44 |  24.51 |  18.88 |I I 
03:38-Wed-Apr-05-2017 PM10  |  17.34 |  19.24 |  26.42 |  20.31 |I I 
03:38-Wed-Apr-05-2017 PM2.5 |  16.47 |  17.38 |  24.51 |  18.88 |I I 
03:39-Wed-Apr-05-2017 PM10  |  18.28 |  19.19 |  26.42 |  20.31 |I I 
03:39-Wed-Apr-05-2017 PM2.5 |  17.37 |  17.38 |  24.51 |  18.88 |I I 
03:43-Wed-Apr-05-2017 PM10  |  17.64 |  19.10 |  26.42 |  20.31 |I I 
03:43-Wed-Apr-05-2017 PM2.5 |  16.40 |  17.32 |  24.51 |  18.88 |I I 
03:44-Wed-Apr-05-2017 PM10  |  17.23 |  19.00 |  26.42 |  20.31 |I I 
03:44-Wed-Apr-05-2017 PM2.5 |  16.12 |  17.26 |  24.51 |  18.88 |I I 
03:48-Wed-Apr-05-2017 PM10  |  17.35 |  18.92 |  26.42 |  20.31 |I I 
03:48-Wed-Apr-05-2017 PM2.5 |  16.29 |  17.21 |  24.51 |  18.88 |I I 
03:49-Wed-Apr-05-2017 PM10  |  18.10 |  18.88 |  26.42 |  20.31 |I I 
03:49-Wed-Apr-05-2017 PM2.5 |  16.74 |  17.19 |  24.51 |  18.88 |I I 
03:53-Wed-Apr-05-2017 PM10  |  17.70 |  18.83 |  26.42 |  20.31 |I I 
03:53-Wed-Apr-05-2017 PM2.5 |  16.54 |  17.16 |  24.51 |  18.88 |I I 
03:54-Wed-Apr-05-2017 PM10  |  18.52 |  18.81 |  26.42 |  20.31 |I I 
03:54-Wed-Apr-05-2017 PM2.5 |  16.73 |  17.14 |  24.51 |  18.88 |I I 
03:58-Wed-Apr-05-2017 PM10  |  18.53 |  18.80 |  26.42 |  20.31 |I I 
03:58-Wed-Apr-05-2017 PM2.5 |  16.27 |  17.10 |  24.51 |  18.88 |I I 
03:59-Wed-Apr-05-2017 PM10  |  18.93 |  18.81 |  26.42 |  20.31 |I I 
03:59-Wed-Apr-05-2017 PM2.5 |  15.82 |  17.05 |  24.51 |  18.88 |I I 
04:03-Wed-Apr-05-2017 PM10  |  17.77 |  18.77 |  26.42 |  18.77 |I I 
04:03-Wed-Apr-05-2017 PM2.5 |  15.67 |  17.00 |  24.51 |  17.00 |I I 
04:04-Wed-Apr-05-2017 PM10  |  17.77 |  17.77 |  26.42 |  18.77 |I I 
04:04-Wed-Apr-05-2017 PM2.5 |  15.67 |  15.67 |  24.51 |  17.00 |I I 
04:05-Wed-Apr-05-2017 PM10  |  17.48 |  17.62 |  26.42 |  18.77 |I I 
04:05-Wed-Apr-05-2017 PM2.5 |  16.09 |  15.88 |  24.51 |  17.00 |I I 
04:09-Wed-Apr-05-2017 PM10  |  19.30 |  18.18 |  26.42 |  18.77 |I I 
04:09-Wed-Apr-05-2017 PM2.5 |  15.84 |  15.87 |  24.51 |  17.00 |I I 
04:10-Wed-Apr-05-2017 PM10  |  18.60 |  18.29 |  26.42 |  18.77 |I I 
04:10-Wed-Apr-05-2017 PM2.5 |  15.77 |  15.84 |  24.51 |  17.00 |I I 
04:14-Wed-Apr-05-2017 PM10  |  21.33 |  18.89 |  26.42 |  18.77 |I I 
04:14-Wed-Apr-05-2017 PM2.5 |  15.91 |  15.86 |  24.51 |  17.00 |I I 
04:15-Wed-Apr-05-2017 PM10  |  18.68 |  18.86 |  26.42 |  18.77 |I I 
04:15-Wed-Apr-05-2017 PM2.5 |  15.26 |  15.76 |  24.51 |  17.00 |I I 
04:19-Wed-Apr-05-2017 PM10  |  17.89 |  18.72 |  26.42 |  18.77 |I I 
04:19-Wed-Apr-05-2017 PM2.5 |  15.41 |  15.71 |  24.51 |  17.00 |I I 
04:20-Wed-Apr-05-2017 PM10  |  16.55 |  18.45 |  26.42 |  18.77 |I I 
04:20-Wed-Apr-05-2017 PM2.5 |  14.93 |  15.61 |  24.51 |  17.00 |I I 
04:24-Wed-Apr-05-2017 PM10  |  15.83 |  18.16 |  26.42 |  18.77 |I I 
04:24-Wed-Apr-05-2017 PM2.5 |  14.67 |  15.51 |  24.51 |  17.00 |I I 
04:25-Wed-Apr-05-2017 PM10  |  18.81 |  18.22 |  26.42 |  18.77 |I I 
04:25-Wed-Apr-05-2017 PM2.5 |  15.46 |  15.50 |  24.51 |  17.00 |I I 
04:29-Wed-Apr-05-2017 PM10  |  17.39 |  18.15 |  26.42 |  18.77 |I I 
04:29-Wed-Apr-05-2017 PM2.5 |  15.78 |  15.53 |  24.51 |  17.00 |I I 
04:30-Wed-Apr-05-2017 PM10  |  17.39 |  18.09 |  26.42 |  18.77 |I I 
04:30-Wed-Apr-05-2017 PM2.5 |  15.78 |  15.55 |  24.51 |  17.00 |I I 
04:31-Wed-Apr-05-2017 PM10  |  16.65 |  17.97 |  26.42 |  18.77 |I I 
04:31-Wed-Apr-05-2017 PM2.5 |  14.78 |  15.49 |  24.51 |  17.00 |I I 
04:35-Wed-Apr-05-2017 PM10  |  16.79 |  17.89 |  26.42 |  18.77 |I I 
04:35-Wed-Apr-05-2017 PM2.5 |  14.83 |  15.44 |  24.51 |  17.00 |I I 
04:36-Wed-Apr-05-2017 PM10  |  19.15 |  17.97 |  26.42 |  18.77 |I I 
04:36-Wed-Apr-05-2017 PM2.5 |  15.08 |  15.42 |  24.51 |  17.00 |I I 
04:40-Wed-Apr-05-2017 PM10  |  16.88 |  17.91 |  26.42 |  18.77 |I I 
04:40-Wed-Apr-05-2017 PM2.5 |  15.24 |  15.41 |  24.51 |  17.00 |I I 
04:41-Wed-Apr-05-2017 PM10  |  17.39 |  17.88 |  26.42 |  18.77 |I I 
04:41-Wed-Apr-05-2017 PM2.5 |  14.80 |  15.37 |  24.51 |  17.00 |I I 
04:45-Wed-Apr-05-2017 PM10  |  16.29 |  17.79 |  26.42 |  18.77 |I I 
04:45-Wed-Apr-05-2017 PM2.5 |  14.67 |  15.33 |  24.51 |  17.00 |I I 
04:47-Wed-Apr-05-2017 PM10  |  18.36 |  17.82 |  26.42 |  18.77 |I I 
04:47-Wed-Apr-05-2017 PM2.5 |  14.74 |  15.30 |  24.51 |  17.00 |I I 
04:51-Wed-Apr-05-2017 PM10  |  17.31 |  17.79 |  26.42 |  18.77 |I I 
04:51-Wed-Apr-05-2017 PM2.5 |  14.38 |  15.25 |  24.51 |  17.00 |I I 
04:52-Wed-Apr-05-2017 PM10  |  14.59 |  17.64 |  26.42 |  18.77 |I I 
04:52-Wed-Apr-05-2017 PM2.5 |  13.72 |  15.18 |  24.51 |  17.00 |I I 
04:56-Wed-Apr-05-2017 PM10  |  16.62 |  17.59 |  26.42 |  18.77 |I I 
04:56-Wed-Apr-05-2017 PM2.5 |  14.58 |  15.15 |  24.51 |  17.00 |I I 
04:57-Wed-Apr-05-2017 PM10  |  16.62 |  17.55 |  26.42 |  18.77 |I I 
04:57-Wed-Apr-05-2017 PM2.5 |  14.58 |  15.13 |  24.51 |  17.00 |I I 
04:58-Wed-Apr-05-2017 PM10  |  15.99 |  17.49 |  26.42 |  18.77 |I I 
04:58-Wed-Apr-05-2017 PM2.5 |  14.08 |  15.09 |  24.51 |  17.00 |I I 
05:02-Wed-Apr-05-2017 PM10  |  16.94 |  17.46 |  26.42 |  17.46 |I I 
05:02-Wed-Apr-05-2017 PM2.5 |  14.53 |  15.06 |  24.51 |  15.06 |I I 
05:03-Wed-Apr-05-2017 PM10  |  16.52 |  16.52 |  26.42 |  17.46 |I I 
05:03-Wed-Apr-05-2017 PM2.5 |  14.30 |  14.30 |  24.51 |  15.06 |I I 
05:07-Wed-Apr-05-2017 PM10  |  16.01 |  16.26 |  26.42 |  17.46 |I I 
05:07-Wed-Apr-05-2017 PM2.5 |  13.84 |  14.07 |  24.51 |  15.06 |I I 
05:08-Wed-Apr-05-2017 PM10  |  20.13 |  17.55 |  26.42 |  17.46 |I I 
05:08-Wed-Apr-05-2017 PM2.5 |  13.77 |  13.97 |  24.51 |  15.06 |I I 
05:12-Wed-Apr-05-2017 PM10  |  16.37 |  17.26 |  26.42 |  17.46 |I I 
05:12-Wed-Apr-05-2017 PM2.5 |  13.79 |  13.93 |  24.51 |  15.06 |I I 
05:13-Wed-Apr-05-2017 PM10  |  16.08 |  17.02 |  26.42 |  17.46 |I I 
05:13-Wed-Apr-05-2017 PM2.5 |  13.68 |  13.88 |  24.51 |  15.06 |I I 
05:17-Wed-Apr-05-2017 PM10  |  16.38 |  16.91 |  26.42 |  17.46 |I I 
05:17-Wed-Apr-05-2017 PM2.5 |  13.20 |  13.77 |  24.51 |  15.06 |I I 
05:18-Wed-Apr-05-2017 PM10  |  17.81 |  17.04 |  26.42 |  17.46 |I I 
05:18-Wed-Apr-05-2017 PM2.5 |  13.84 |  13.78 |  24.51 |  15.06 |I I 
05:22-Wed-Apr-05-2017 PM10  |  17.04 |  17.04 |  26.42 |  17.46 |I I 
05:22-Wed-Apr-05-2017 PM2.5 |  13.78 |  13.78 |  24.51 |  15.06 |I I 
05:23-Wed-Apr-05-2017 PM10  |  17.04 |  17.04 |  26.42 |  17.46 |I I 
05:23-Wed-Apr-05-2017 PM2.5 |  13.78 |  13.78 |  24.51 |  15.06 |I I 
05:24-Wed-Apr-05-2017 PM10  |  15.09 |  16.85 |  26.42 |  17.46 |I I 
05:24-Wed-Apr-05-2017 PM2.5 |  13.38 |  13.74 |  24.51 |  15.06 |I I 
05:28-Wed-Apr-05-2017 PM10  |  16.19 |  16.79 |  26.42 |  17.46 |I I 
05:28-Wed-Apr-05-2017 PM2.5 |  13.72 |  13.74 |  24.51 |  15.06 |I I 
05:29-Wed-Apr-05-2017 PM10  |  19.12 |  16.98 |  26.42 |  17.46 |I I 
05:29-Wed-Apr-05-2017 PM2.5 |  13.17 |  13.69 |  24.51 |  15.06 |I I 
05:33-Wed-Apr-05-2017 PM10  |  15.01 |  16.83 |  26.42 |  17.46 |I I 
05:33-Wed-Apr-05-2017 PM2.5 |  13.12 |  13.64 |  24.51 |  15.06 |I I 
05:34-Wed-Apr-05-2017 PM10  |  15.04 |  16.70 |  26.42 |  17.46 |I I 
05:34-Wed-Apr-05-2017 PM2.5 |  13.34 |  13.62 |  24.51 |  15.06 |I I 
05:38-Wed-Apr-05-2017 PM10  |  16.25 |  16.67 |  26.42 |  17.46 |I I 
05:38-Wed-Apr-05-2017 PM2.5 |  13.71 |  13.63 |  24.51 |  15.06 |I I 
05:39-Wed-Apr-05-2017 PM10  |  16.32 |  16.65 |  26.42 |  17.46 |I I 
05:39-Wed-Apr-05-2017 PM2.5 |  13.14 |  13.60 |  24.51 |  15.06 |I I 
05:43-Wed-Apr-05-2017 PM10  |  14.56 |  16.53 |  26.42 |  17.46 |I I 
05:43-Wed-Apr-05-2017 PM2.5 |  12.95 |  13.56 |  24.51 |  15.06 |I I 
05:44-Wed-Apr-05-2017 PM10  |  17.93 |  16.60 |  26.42 |  17.46 |I I 
05:44-Wed-Apr-05-2017 PM2.5 |  13.26 |  13.54 |  24.51 |  15.06 |I I 
05:48-Wed-Apr-05-2017 PM10  |  15.87 |  16.57 |  26.42 |  17.46 |I I 
05:48-Wed-Apr-05-2017 PM2.5 |  12.98 |  13.51 |  24.51 |  15.06 |I I 
05:49-Wed-Apr-05-2017 PM10  |  15.87 |  16.53 |  26.42 |  17.46 |I I 
05:49-Wed-Apr-05-2017 PM2.5 |  12.98 |  13.49 |  24.51 |  15.06 |I I 
05:50-Wed-Apr-05-2017 PM10  |  17.00 |  16.55 |  26.42 |  17.46 |I I 
05:50-Wed-Apr-05-2017 PM2.5 |  12.80 |  13.45 |  24.51 |  15.06 |I I 
05:54-Wed-Apr-05-2017 PM10  |  17.46 |  16.59 |  26.42 |  17.46 |I I 
05:54-Wed-Apr-05-2017 PM2.5 |  13.11 |  13.44 |  24.51 |  15.06 |I I 
05:55-Wed-Apr-05-2017 PM10  |  18.45 |  16.67 |  26.42 |  17.46 |I I 
05:55-Wed-Apr-05-2017 PM2.5 |  13.25 |  13.43 |  24.51 |  15.06 |I I 
05:59-Wed-Apr-05-2017 PM10  |  15.39 |  16.62 |  26.42 |  17.46 |I I 
05:59-Wed-Apr-05-2017 PM2.5 |  12.95 |  13.41 |  24.51 |  15.06 |I I 
06:00-Wed-Apr-05-2017 PM10  |  15.10 |  16.56 |  26.42 |  16.56 |I I 
06:00-Wed-Apr-05-2017 PM2.5 |  13.02 |  13.39 |  24.51 |  13.39 |I I 
06:04-Wed-Apr-05-2017 PM10  |  15.28 |  15.28 |  26.42 |  16.56 |I I 
06:04-Wed-Apr-05-2017 PM2.5 |  13.17 |  13.17 |  24.51 |  13.39 |I I 
06:05-Wed-Apr-05-2017 PM10  |  14.24 |  14.76 |  26.42 |  16.56 |I I 
06:05-Wed-Apr-05-2017 PM2.5 |  12.47 |  12.82 |  24.51 |  13.39 |I I 
06:09-Wed-Apr-05-2017 PM10  |  16.08 |  15.20 |  26.42 |  16.56 |I I 
06:09-Wed-Apr-05-2017 PM2.5 |  12.77 |  12.80 |  24.51 |  13.39 |I I 
06:10-Wed-Apr-05-2017 PM10  |  16.50 |  15.52 |  26.42 |  16.56 |I I 
06:10-Wed-Apr-05-2017 PM2.5 |  13.16 |  12.89 |  24.51 |  13.39 |I I 
06:14-Wed-Apr-05-2017 PM10  |  15.51 |  15.52 |  26.42 |  16.56 |I I 
06:14-Wed-Apr-05-2017 PM2.5 |  12.87 |  12.89 |  24.51 |  13.39 |I I 
06:15-Wed-Apr-05-2017 PM10  |  15.51 |  15.52 |  26.42 |  16.56 |I I 
06:15-Wed-Apr-05-2017 PM2.5 |  12.87 |  12.88 |  24.51 |  13.39 |I I 
06:16-Wed-Apr-05-2017 PM10  |  14.46 |  15.37 |  26.42 |  16.56 |I I 
06:16-Wed-Apr-05-2017 PM2.5 |  12.27 |  12.80 |  24.51 |  13.39 |I I 
06:20-Wed-Apr-05-2017 PM10  |  13.85 |  15.18 |  26.42 |  16.56 |I I 
06:20-Wed-Apr-05-2017 PM2.5 |  12.14 |  12.71 |  24.51 |  13.39 |I I 
06:21-Wed-Apr-05-2017 PM10  |  17.67 |  15.45 |  26.42 |  16.56 |I I 
06:21-Wed-Apr-05-2017 PM2.5 |  12.90 |  12.74 |  24.51 |  13.39 |I I 
06:25-Wed-Apr-05-2017 PM10  |  15.98 |  15.51 |  26.42 |  16.56 |I I 
06:25-Wed-Apr-05-2017 PM2.5 |  12.61 |  12.72 |  24.51 |  13.39 |I I 
06:26-Wed-Apr-05-2017 PM10  |  17.40 |  15.68 |  26.42 |  16.56 |I I 
06:26-Wed-Apr-05-2017 PM2.5 |  12.36 |  12.69 |  24.51 |  13.39 |I I 
06:30-Wed-Apr-05-2017 PM10  |  14.47 |  15.58 |  26.42 |  16.56 |I I 
06:30-Wed-Apr-05-2017 PM2.5 |  12.16 |  12.65 |  24.51 |  13.39 |I I 
06:31-Wed-Apr-05-2017 PM10  |  15.50 |  15.57 |  26.42 |  16.56 |I I 
06:31-Wed-Apr-05-2017 PM2.5 |  12.39 |  12.63 |  24.51 |  13.39 |I I 
06:35-Wed-Apr-05-2017 PM10  |  16.15 |  15.61 |  26.42 |  16.56 |I I 
06:35-Wed-Apr-05-2017 PM2.5 |  12.83 |  12.64 |  24.51 |  13.39 |I I 
06:36-Wed-Apr-05-2017 PM10  |  13.74 |  15.49 |  26.42 |  16.56 |I I 
06:36-Wed-Apr-05-2017 PM2.5 |  11.95 |  12.59 |  24.51 |  13.39 |I I 
06:40-Wed-Apr-05-2017 PM10  |  13.21 |  15.35 |  26.42 |  16.56 |I I 
06:40-Wed-Apr-05-2017 PM2.5 |  12.01 |  12.56 |  24.51 |  13.39 |I I 
06:41-Wed-Apr-05-2017 PM10  |  13.21 |  15.22 |  26.42 |  16.56 |I I 
06:41-Wed-Apr-05-2017 PM2.5 |  12.01 |  12.53 |  24.51 |  13.39 |I I 
06:42-Wed-Apr-05-2017 PM10  |  18.20 |  15.39 |  26.42 |  16.56 |I I 
06:42-Wed-Apr-05-2017 PM2.5 |  12.00 |  12.50 |  24.51 |  13.39 |I I 
06:46-Wed-Apr-05-2017 PM10  |  17.21 |  15.48 |  26.42 |  16.56 |I I 
06:46-Wed-Apr-05-2017 PM2.5 |  12.11 |  12.48 |  24.51 |  13.39 |I I 
06:47-Wed-Apr-05-2017 PM10  |  15.59 |  15.49 |  26.42 |  16.56 |I I 
06:47-Wed-Apr-05-2017 PM2.5 |  11.97 |  12.45 |  24.51 |  13.39 |I I 
06:51-Wed-Apr-05-2017 PM10  |  14.82 |  15.46 |  26.42 |  16.56 |I I 
06:51-Wed-Apr-05-2017 PM2.5 |  11.95 |  12.43 |  24.51 |  13.39 |I I 
06:52-Wed-Apr-05-2017 PM10  |  16.02 |  15.48 |  26.42 |  16.56 |I I 
06:52-Wed-Apr-05-2017 PM2.5 |  11.69 |  12.39 |  24.51 |  13.39 |I I 
06:56-Wed-Apr-05-2017 PM10  |  16.43 |  15.52 |  26.42 |  16.56 |I I 
06:56-Wed-Apr-05-2017 PM2.5 |  11.76 |  12.37 |  24.51 |  13.39 |I I 
06:57-Wed-Apr-05-2017 PM10  |  16.43 |  15.56 |  26.42 |  16.56 |I I 
06:57-Wed-Apr-05-2017 PM2.5 |  11.42 |  12.33 |  24.51 |  13.39 |I I 
07:01-Wed-Apr-05-2017 PM10  |  15.88 |  15.57 |  26.42 |  15.57 |I I 
07:01-Wed-Apr-05-2017 PM2.5 |  11.66 |  12.30 |  24.51 |  12.30 |I I 
07:02-Wed-Apr-05-2017 PM10  |  15.35 |  15.35 |  26.42 |  15.57 |I I 
07:02-Wed-Apr-05-2017 PM2.5 |  11.67 |  11.67 |  24.51 |  12.30 |I I 
07:06-Wed-Apr-05-2017 PM10  |  17.40 |  16.37 |  26.42 |  15.57 |I I 
07:06-Wed-Apr-05-2017 PM2.5 |  11.85 |  11.76 |  24.51 |  12.30 |I I 
07:07-Wed-Apr-05-2017 PM10  |  17.40 |  16.71 |  26.42 |  15.57 |I I 
07:07-Wed-Apr-05-2017 PM2.5 |  11.85 |  11.79 |  24.51 |  12.30 |I I 
07:08-Wed-Apr-05-2017 PM10  |  16.36 |  16.63 |  26.42 |  15.57 |I I 
07:08-Wed-Apr-05-2017 PM2.5 |  11.58 |  11.74 |  24.51 |  12.30 |I I 
07:12-Wed-Apr-05-2017 PM10  |  17.30 |  16.76 |  26.42 |  15.57 |I I 
07:12-Wed-Apr-05-2017 PM2.5 |  11.52 |  11.69 |  24.51 |  12.30 |I I 
07:13-Wed-Apr-05-2017 PM10  |  16.35 |  16.69 |  26.42 |  15.57 |I I 
07:13-Wed-Apr-05-2017 PM2.5 |  11.48 |  11.66 |  24.51 |  12.30 |I I 
07:17-Wed-Apr-05-2017 PM10  |  15.24 |  16.48 |  26.42 |  15.57 |I I 
07:17-Wed-Apr-05-2017 PM2.5 |  11.31 |  11.61 |  24.51 |  12.30 |I I 
07:18-Wed-Apr-05-2017 PM10  |  20.28 |  16.96 |  26.42 |  15.57 |I I 
07:18-Wed-Apr-05-2017 PM2.5 |  11.26 |  11.56 |  24.51 |  12.30 |I I 
07:22-Wed-Apr-05-2017 PM10  |  15.49 |  16.80 |  26.42 |  15.57 |I I 
07:22-Wed-Apr-05-2017 PM2.5 |  11.83 |  11.59 |  24.51 |  12.30 |I I 
07:23-Wed-Apr-05-2017 PM10  |  17.99 |  16.92 |  26.42 |  15.57 |I I 
07:23-Wed-Apr-05-2017 PM2.5 |  11.29 |  11.56 |  24.51 |  12.30 |I I 
07:27-Wed-Apr-05-2017 PM10  |  16.19 |  16.85 |  26.42 |  15.57 |I I 
07:27-Wed-Apr-05-2017 PM2.5 |  11.35 |  11.54 |  24.51 |  12.30 |I I 
07:28-Wed-Apr-05-2017 PM10  |  15.29 |  16.72 |  26.42 |  15.57 |I I 
07:28-Wed-Apr-05-2017 PM2.5 |  11.46 |  11.54 |  24.51 |  12.30 |I I 
07:32-Wed-Apr-05-2017 PM10  |  18.02 |  16.82 |  26.42 |  15.57 |I I 
07:32-Wed-Apr-05-2017 PM2.5 |  10.91 |  11.49 |  24.51 |  12.30 |I I 
07:33-Wed-Apr-05-2017 PM10  |  18.02 |  16.90 |  26.42 |  15.57 |I I 
07:33-Wed-Apr-05-2017 PM2.5 |  10.91 |  11.45 |  24.51 |  12.30 |I I 
07:34-Wed-Apr-05-2017 PM10  |  13.58 |  16.68 |  26.42 |  15.57 |I I 
07:34-Wed-Apr-05-2017 PM2.5 |  11.12 |  11.42 |  24.51 |  12.30 |I I 
07:38-Wed-Apr-05-2017 PM10  |  13.93 |  16.51 |  26.42 |  15.57 |I I 
07:38-Wed-Apr-05-2017 PM2.5 |  11.34 |  11.42 |  24.51 |  12.30 |I I 
07:39-Wed-Apr-05-2017 PM10  |  15.90 |  16.48 |  26.42 |  15.57 |I I 
07:39-Wed-Apr-05-2017 PM2.5 |  10.79 |  11.38 |  24.51 |  12.30 |I I 
07:43-Wed-Apr-05-2017 PM10  |  18.09 |  16.57 |  26.42 |  15.57 |I I 
07:43-Wed-Apr-05-2017 PM2.5 |  11.21 |  11.37 |  24.51 |  12.30 |I I 
07:44-Wed-Apr-05-2017 PM10  |  13.86 |  16.42 |  26.42 |  15.57 |I I 
07:44-Wed-Apr-05-2017 PM2.5 |  10.74 |  11.34 |  24.51 |  12.30 |I I 
07:48-Wed-Apr-05-2017 PM10  |  16.72 |  16.44 |  26.42 |  15.57 |I I 
07:48-Wed-Apr-05-2017 PM2.5 |  11.32 |  11.34 |  24.51 |  12.30 |I I 
07:49-Wed-Apr-05-2017 PM10  |  15.69 |  16.40 |  26.42 |  15.57 |I I 
07:49-Wed-Apr-05-2017 PM2.5 |  11.21 |  11.33 |  24.51 |  12.30 |I I 
07:53-Wed-Apr-05-2017 PM10  |  14.19 |  16.30 |  26.42 |  15.57 |I I 
07:53-Wed-Apr-05-2017 PM2.5 |  10.99 |  11.32 |  24.51 |  12.30 |I I 
07:54-Wed-Apr-05-2017 PM10  |  15.58 |  16.27 |  26.42 |  15.57 |I I 
07:54-Wed-Apr-05-2017 PM2.5 |  11.01 |  11.30 |  24.51 |  12.30 |I I 
07:58-Wed-Apr-05-2017 PM10  |  15.47 |  16.24 |  26.42 |  15.57 |I I 
07:58-Wed-Apr-05-2017 PM2.5 |  10.51 |  11.27 |  24.51 |  12.30 |I I 
08:00-Wed-Apr-05-2017 PM10  |  15.47 |  16.21 |  26.42 |  15.57 |I I 
08:00-Wed-Apr-05-2017 PM2.5 |  10.51 |  11.24 |  24.51 |  11.24 |I I 
08:01-Wed-Apr-05-2017 PM10  |  14.48 |  14.48 |  26.42 |  15.57 |I I 
08:01-Wed-Apr-05-2017 PM2.5 |  11.26 |  11.26 |  24.51 |  11.24 |I I 
08:05-Wed-Apr-05-2017 PM10  |  16.00 |  15.24 |  26.42 |  15.57 |I I 
08:05-Wed-Apr-05-2017 PM2.5 |  11.59 |  11.42 |  24.51 |  11.24 |I I 
08:06-Wed-Apr-05-2017 PM10  |  16.44 |  15.64 |  26.42 |  15.57 |I I 
08:06-Wed-Apr-05-2017 PM2.5 |  10.88 |  11.24 |  24.51 |  11.24 |I I 
08:10-Wed-Apr-05-2017 PM10  |  17.07 |  16.00 |  26.42 |  15.57 |I I 
08:10-Wed-Apr-05-2017 PM2.5 |  10.98 |  11.18 |  24.51 |  11.24 |I I 
08:11-Wed-Apr-05-2017 PM10  |  14.50 |  15.70 |  26.42 |  15.57 |I I 
08:11-Wed-Apr-05-2017 PM2.5 |  10.89 |  11.12 |  24.51 |  11.24 |I I 
08:15-Wed-Apr-05-2017 PM10  |  14.66 |  15.52 |  26.42 |  15.57 |I I 
08:15-Wed-Apr-05-2017 PM2.5 |  10.62 |  11.04 |  24.51 |  11.24 |I I 
08:16-Wed-Apr-05-2017 PM10  |  16.14 |  15.61 |  26.42 |  15.57 |I I 
08:16-Wed-Apr-05-2017 PM2.5 |  11.13 |  11.05 |  24.51 |  11.24 |I I 
08:20-Wed-Apr-05-2017 PM10  |  14.63 |  15.49 |  26.42 |  15.57 |I I 
08:20-Wed-Apr-05-2017 PM2.5 |  10.95 |  11.04 |  24.51 |  11.24 |I I 
08:21-Wed-Apr-05-2017 PM10  |  14.51 |  15.38 |  26.42 |  15.57 |I I 
08:21-Wed-Apr-05-2017 PM2.5 |  10.62 |  10.99 |  24.51 |  11.24 |I I 
08:25-Wed-Apr-05-2017 PM10  |  13.70 |  15.21 |  26.42 |  15.57 |I I 
08:25-Wed-Apr-05-2017 PM2.5 |  10.68 |  10.96 |  24.51 |  11.24 |I I 
08:26-Wed-Apr-05-2017 PM10  |  13.70 |  15.08 |  26.42 |  15.57 |I I 
08:26-Wed-Apr-05-2017 PM2.5 |  10.68 |  10.93 |  24.51 |  11.24 |I I 
08:27-Wed-Apr-05-2017 PM10  |  13.02 |  14.90 |  26.42 |  15.57 |I I 
08:27-Wed-Apr-05-2017 PM2.5 |  10.37 |  10.89 |  24.51 |  11.24 |I I 
08:31-Wed-Apr-05-2017 PM10  |  13.83 |  14.82 |  26.42 |  15.57 |I I 
08:31-Wed-Apr-05-2017 PM2.5 |  10.61 |  10.87 |  24.51 |  11.24 |I I 
08:32-Wed-Apr-05-2017 PM10  |  14.97 |  14.83 |  26.42 |  15.57 |I I 
08:32-Wed-Apr-05-2017 PM2.5 |  10.48 |  10.84 |  24.51 |  11.24 |I I 
08:36-Wed-Apr-05-2017 PM10  |  15.02 |  14.84 |  26.42 |  15.57 |I I 
08:36-Wed-Apr-05-2017 PM2.5 |  10.63 |  10.82 |  24.51 |  11.24 |I I 
08:37-Wed-Apr-05-2017 PM10  |  13.19 |  14.74 |  26.42 |  15.57 |I I 
08:37-Wed-Apr-05-2017 PM2.5 |  10.20 |  10.79 |  24.51 |  11.24 |I I 
08:41-Wed-Apr-05-2017 PM10  |  14.46 |  14.72 |  26.42 |  15.57 |I I 
08:41-Wed-Apr-05-2017 PM2.5 |  10.58 |  10.77 |  24.51 |  11.24 |I I 
08:42-Wed-Apr-05-2017 PM10  |  14.39 |  14.71 |  26.42 |  15.57 |I I 
08:42-Wed-Apr-05-2017 PM2.5 |  10.82 |  10.78 |  24.51 |  11.24 |I I 
08:46-Wed-Apr-05-2017 PM10  |  15.21 |  14.73 |  26.42 |  15.57 |I I 
08:46-Wed-Apr-05-2017 PM2.5 |  10.81 |  10.78 |  24.51 |  11.24 |I I 
08:47-Wed-Apr-05-2017 PM10  |  15.08 |  14.75 |  26.42 |  15.57 |I I 
08:47-Wed-Apr-05-2017 PM2.5 |  10.72 |  10.77 |  24.51 |  11.24 |I I 
08:51-Wed-Apr-05-2017 PM10  |  14.11 |  14.72 |  26.42 |  15.57 |I I 
08:51-Wed-Apr-05-2017 PM2.5 |  10.45 |  10.76 |  24.51 |  11.24 |I I 
08:52-Wed-Apr-05-2017 PM10  |  14.11 |  14.69 |  26.42 |  15.57 |I I 
08:52-Wed-Apr-05-2017 PM2.5 |  10.45 |  10.75 |  24.51 |  11.24 |I I 
08:53-Wed-Apr-05-2017 PM10  |  15.50 |  14.73 |  26.42 |  15.57 |I I 
08:53-Wed-Apr-05-2017 PM2.5 |  10.28 |  10.73 |  24.51 |  11.24 |I I 
08:57-Wed-Apr-05-2017 PM10  |  16.03 |  14.78 |  26.42 |  15.57 |I I 
08:57-Wed-Apr-05-2017 PM2.5 |  10.22 |  10.70 |  24.51 |  11.24 |I I 
08:58-Wed-Apr-05-2017 PM10  |  13.23 |  14.72 |  26.42 |  15.57 |I I 
08:58-Wed-Apr-05-2017 PM2.5 |   9.90 |  10.67 |  24.51 |  11.24 |I I 
09:02-Wed-Apr-05-2017 PM10  |  14.67 |  14.72 |  26.42 |  14.72 |I I 
09:02-Wed-Apr-05-2017 PM2.5 |  10.07 |  10.65 |  24.51 |  10.65 |I I 
09:03-Wed-Apr-05-2017 PM10  |  12.87 |  12.87 |  26.42 |  14.72 |I I 
09:03-Wed-Apr-05-2017 PM2.5 |   9.79 |   9.79 |  24.51 |  10.65 |I I 
09:07-Wed-Apr-05-2017 PM10  |  14.24 |  13.56 |  26.42 |  14.72 |I I 
09:07-Wed-Apr-05-2017 PM2.5 |  10.24 |  10.02 |  24.51 |  10.65 |I I 
09:08-Wed-Apr-05-2017 PM10  |  13.81 |  13.64 |  26.42 |  14.72 |I I 
09:08-Wed-Apr-05-2017 PM2.5 |   9.70 |   9.91 |  24.51 |  10.65 |I I 
09:12-Wed-Apr-05-2017 PM10  |  15.60 |  14.13 |  26.42 |  14.72 |I I 
09:12-Wed-Apr-05-2017 PM2.5 |  10.29 |  10.01 |  24.51 |  10.65 |I I 
09:13-Wed-Apr-05-2017 PM10  |  14.18 |  14.14 |  26.42 |  14.72 |I I 
09:13-Wed-Apr-05-2017 PM2.5 |   9.73 |   9.95 |  24.51 |  10.65 |I I 
09:17-Wed-Apr-05-2017 PM10  |  15.61 |  14.39 |  26.42 |  14.72 |I I 
09:17-Wed-Apr-05-2017 PM2.5 |   9.93 |   9.95 |  24.51 |  10.65 |I I 
09:18-Wed-Apr-05-2017 PM10  |  15.61 |  14.56 |  26.42 |  14.72 |I I 
09:18-Wed-Apr-05-2017 PM2.5 |   9.93 |   9.94 |  24.51 |  10.65 |I I 
09:19-Wed-Apr-05-2017 PM10  |  12.95 |  14.36 |  26.42 |  14.72 |I I 
09:19-Wed-Apr-05-2017 PM2.5 |  10.09 |   9.96 |  24.51 |  10.65 |I I 
09:23-Wed-Apr-05-2017 PM10  |  16.08 |  14.55 |  26.42 |  14.72 |I I 
09:23-Wed-Apr-05-2017 PM2.5 |  10.89 |  10.06 |  24.51 |  10.65 |I I 
09:24-Wed-Apr-05-2017 PM10  |  13.38 |  14.43 |  26.42 |  14.72 |I I 
09:24-Wed-Apr-05-2017 PM2.5 |  10.42 |  10.10 |  24.51 |  10.65 |I I 
09:28-Wed-Apr-05-2017 PM10  |  14.49 |  14.44 |  26.42 |  14.72 |I I 
09:28-Wed-Apr-05-2017 PM2.5 |  10.38 |  10.13 |  24.51 |  10.65 |I I 
09:29-Wed-Apr-05-2017 PM10  |  12.57 |  14.28 |  26.42 |  14.72 |I I 
09:29-Wed-Apr-05-2017 PM2.5 |   9.77 |  10.10 |  24.51 |  10.65 |I I 
09:33-Wed-Apr-05-2017 PM10  |  13.04 |  14.19 |  26.42 |  14.72 |I I 
09:33-Wed-Apr-05-2017 PM2.5 |   9.62 |  10.06 |  24.51 |  10.65 |I I 
09:34-Wed-Apr-05-2017 PM10  |  13.18 |  14.12 |  26.42 |  14.72 |I I 
09:34-Wed-Apr-05-2017 PM2.5 |  10.11 |  10.06 |  24.51 |  10.65 |I I 
09:38-Wed-Apr-05-2017 PM10  |  12.63 |  14.02 |  26.42 |  14.72 |I I 
09:38-Wed-Apr-05-2017 PM2.5 |  10.04 |  10.06 |  24.51 |  10.65 |I I 
09:39-Wed-Apr-05-2017 PM10  |  15.12 |  14.09 |  26.42 |  14.72 |I I 
09:39-Wed-Apr-05-2017 PM2.5 |  10.36 |  10.08 |  24.51 |  10.65 |I I 
09:43-Wed-Apr-05-2017 PM10  |  13.31 |  14.04 |  26.42 |  14.72 |I I 
09:43-Wed-Apr-05-2017 PM2.5 |  10.21 |  10.09 |  24.51 |  10.65 |I I 
09:44-Wed-Apr-05-2017 PM10  |  13.31 |  14.00 |  26.42 |  14.72 |I I 
09:44-Wed-Apr-05-2017 PM2.5 |  10.21 |  10.09 |  24.51 |  10.65 |I I 
09:45-Wed-Apr-05-2017 PM10  |  13.12 |  13.95 |  26.42 |  14.72 |I I 
09:45-Wed-Apr-05-2017 PM2.5 |  10.26 |  10.10 |  24.51 |  10.65 |I I 
09:49-Wed-Apr-05-2017 PM10  |  15.17 |  14.01 |  26.42 |  14.72 |I I 
09:49-Wed-Apr-05-2017 PM2.5 |  11.21 |  10.16 |  24.51 |  10.65 |I I 
09:50-Wed-Apr-05-2017 PM10  |  15.24 |  14.07 |  26.42 |  14.72 |I I 
09:50-Wed-Apr-05-2017 PM2.5 |  11.07 |  10.20 |  24.51 |  10.65 |I I 
09:54-Wed-Apr-05-2017 PM10  |  15.72 |  14.15 |  26.42 |  14.72 |I I 
09:54-Wed-Apr-05-2017 PM2.5 |  11.19 |  10.25 |  24.51 |  10.65 |I I 
09:55-Wed-Apr-05-2017 PM10  |  13.13 |  14.10 |  26.42 |  14.72 |I I 
09:55-Wed-Apr-05-2017 PM2.5 |  10.36 |  10.25 |  24.51 |  10.65 |I I 
09:59-Wed-Apr-05-2017 PM10  |  13.00 |  14.06 |  26.42 |  14.72 |I I 
09:59-Wed-Apr-05-2017 PM2.5 |  10.50 |  10.26 |  24.51 |  10.65 |I I 
10:00-Wed-Apr-05-2017 PM10  |  13.82 |  14.05 |  26.42 |  14.05 |I I 
10:00-Wed-Apr-05-2017 PM2.5 |   9.90 |  10.25 |  24.51 |  10.25 |I I 
10:04-Wed-Apr-05-2017 PM10  |  15.53 |  15.53 |  26.42 |  14.05 |I I 
10:04-Wed-Apr-05-2017 PM2.5 |  10.46 |  10.46 |  24.51 |  10.25 |I I 
10:05-Wed-Apr-05-2017 PM10  |  13.91 |  14.72 |  26.42 |  14.05 |I I 
10:05-Wed-Apr-05-2017 PM2.5 |   9.86 |  10.16 |  24.51 |  10.25 |I I 
10:09-Wed-Apr-05-2017 PM10  |  13.14 |  14.20 |  26.42 |  14.05 |I I 
10:09-Wed-Apr-05-2017 PM2.5 |  10.11 |  10.14 |  24.51 |  10.25 |I I 
10:10-Wed-Apr-05-2017 PM10  |  13.14 |  13.93 |  26.42 |  14.05 |I I 
10:10-Wed-Apr-05-2017 PM2.5 |  10.11 |  10.13 |  24.51 |  10.25 |I I 
10:11-Wed-Apr-05-2017 PM10  |  14.17 |  13.98 |  26.42 |  14.05 |I I 
10:11-Wed-Apr-05-2017 PM2.5 |   9.80 |  10.07 |  24.51 |  10.25 |I I 
10:15-Wed-Apr-05-2017 PM10  |  14.96 |  14.14 |  26.42 |  14.05 |I I 
10:15-Wed-Apr-05-2017 PM2.5 |  10.04 |  10.06 |  24.51 |  10.25 |I I 
10:16-Wed-Apr-05-2017 PM10  |  13.37 |  14.03 |  26.42 |  14.05 |I I 
10:16-Wed-Apr-05-2017 PM2.5 |   9.96 |  10.05 |  24.51 |  10.25 |I I 
10:20-Wed-Apr-05-2017 PM10  |  13.06 |  13.91 |  26.42 |  14.05 |I I 
10:20-Wed-Apr-05-2017 PM2.5 |   9.93 |  10.03 |  24.51 |  10.25 |I I 
10:21-Wed-Apr-05-2017 PM10  |  12.31 |  13.73 |  26.42 |  14.05 |I I 
10:21-Wed-Apr-05-2017 PM2.5 |   9.60 |   9.99 |  24.51 |  10.25 |I I 
10:25-Wed-Apr-05-2017 PM10  |  12.42 |  13.60 |  26.42 |  14.05 |I I 
10:25-Wed-Apr-05-2017 PM2.5 |   9.95 |   9.98 |  24.51 |  10.25 |I I 
10:26-Wed-Apr-05-2017 PM10  |  12.84 |  13.53 |  26.42 |  14.05 |I I 
10:26-Wed-Apr-05-2017 PM2.5 |  10.19 |  10.00 |  24.51 |  10.25 |I I 
10:30-Wed-Apr-05-2017 PM10  |  13.00 |  13.49 |  26.42 |  14.05 |I I 
10:30-Wed-Apr-05-2017 PM2.5 |  10.39 |  10.03 |  24.51 |  10.25 |I I 
10:31-Wed-Apr-05-2017 PM10  |  15.92 |  13.68 |  26.42 |  14.05 |I I 
10:31-Wed-Apr-05-2017 PM2.5 |  10.21 |  10.05 |  24.51 |  10.25 |I I 
10:35-Wed-Apr-05-2017 PM10  |  14.81 |  13.76 |  26.42 |  14.05 |I I 
10:35-Wed-Apr-05-2017 PM2.5 |  10.32 |  10.07 |  24.51 |  10.25 |I I 
10:36-Wed-Apr-05-2017 PM10  |  14.81 |  13.83 |  26.42 |  14.05 |I I 
10:36-Wed-Apr-05-2017 PM2.5 |  10.32 |  10.08 |  24.51 |  10.25 |I I 
10:37-Wed-Apr-05-2017 PM10  |  13.94 |  13.83 |  26.42 |  14.05 |I I 
10:37-Wed-Apr-05-2017 PM2.5 |   9.73 |  10.06 |  24.51 |  10.25 |I I 
10:41-Wed-Apr-05-2017 PM10  |  14.18 |  13.86 |  26.42 |  14.05 |I I 
10:41-Wed-Apr-05-2017 PM2.5 |   9.67 |  10.04 |  24.51 |  10.25 |I I 
10:42-Wed-Apr-05-2017 PM10  |  13.80 |  13.85 |  26.42 |  14.05 |I I 
10:42-Wed-Apr-05-2017 PM2.5 |  10.57 |  10.07 |  24.51 |  10.25 |I I 
10:46-Wed-Apr-05-2017 PM10  |  17.23 |  14.03 |  26.42 |  14.05 |I I 
10:46-Wed-Apr-05-2017 PM2.5 |  10.90 |  10.11 |  24.51 |  10.25 |I I 
10:47-Wed-Apr-05-2017 PM10  |  12.55 |  13.96 |  26.42 |  14.05 |I I 
10:47-Wed-Apr-05-2017 PM2.5 |  10.48 |  10.13 |  24.51 |  10.25 |I I 
10:51-Wed-Apr-05-2017 PM10  |  13.31 |  13.92 |  26.42 |  14.05 |I I 
10:51-Wed-Apr-05-2017 PM2.5 |  10.50 |  10.15 |  24.51 |  10.25 |I I 
10:52-Wed-Apr-05-2017 PM10  |  14.31 |  13.94 |  26.42 |  14.05 |I I 
10:52-Wed-Apr-05-2017 PM2.5 |  10.30 |  10.15 |  24.51 |  10.25 |I I 
10:56-Wed-Apr-05-2017 PM10  |  14.36 |  13.96 |  26.42 |  14.05 |I I 
10:56-Wed-Apr-05-2017 PM2.5 |  10.69 |  10.18 |  24.51 |  10.25 |I I 
10:57-Wed-Apr-05-2017 PM10  |  15.91 |  14.04 |  26.42 |  14.05 |I I 
10:57-Wed-Apr-05-2017 PM2.5 |  10.17 |  10.18 |  24.51 |  10.25 |I I 
11:01-Wed-Apr-05-2017 PM10  |  13.96 |  14.04 |  26.42 |  14.04 |I I 
11:01-Wed-Apr-05-2017 PM2.5 |  10.15 |  10.18 |  24.51 |  10.18 |I I 
11:02-Wed-Apr-05-2017 PM10  |  13.96 |  13.96 |  26.42 |  14.04 |I I 
11:02-Wed-Apr-05-2017 PM2.5 |  10.15 |  10.15 |  24.51 |  10.18 |I I 
11:03-Wed-Apr-05-2017 PM10  |  13.27 |  13.61 |  26.42 |  14.04 |I I 
11:03-Wed-Apr-05-2017 PM2.5 |  10.19 |  10.17 |  24.51 |  10.18 |I I 
11:07-Wed-Apr-05-2017 PM10  |  15.26 |  14.16 |  26.42 |  14.04 |I I 
11:07-Wed-Apr-05-2017 PM2.5 |  10.30 |  10.22 |  24.51 |  10.18 |I I 
11:08-Wed-Apr-05-2017 PM10  |  12.38 |  13.71 |  26.42 |  14.04 |I I 
11:08-Wed-Apr-05-2017 PM2.5 |   9.77 |  10.10 |  24.51 |  10.18 |I I 
11:13-Wed-Apr-05-2017 PM10  |  12.68 |  13.51 |  26.42 |  14.04 |I I 
11:13-Wed-Apr-05-2017 PM2.5 |  10.49 |  10.18 |  24.51 |  10.18 |I I 
11:14-Wed-Apr-05-2017 PM10  |  13.63 |  13.53 |  26.42 |  14.04 |I I 
11:14-Wed-Apr-05-2017 PM2.5 |  10.34 |  10.21 |  24.51 |  10.18 |I I 
11:18-Wed-Apr-05-2017 PM10  |  13.96 |  13.59 |  26.42 |  14.04 |I I 
11:18-Wed-Apr-05-2017 PM2.5 |  10.52 |  10.25 |  24.51 |  10.18 |I I 
11:19-Wed-Apr-05-2017 PM10  |  12.96 |  13.51 |  26.42 |  14.04 |I I 
11:19-Wed-Apr-05-2017 PM2.5 |  10.26 |  10.25 |  24.51 |  10.18 |I I 
11:23-Wed-Apr-05-2017 PM10  |  13.94 |  13.56 |  26.42 |  14.04 |I I 
11:23-Wed-Apr-05-2017 PM2.5 |  10.44 |  10.27 |  24.51 |  10.18 |I I 
11:24-Wed-Apr-05-2017 PM10  |  14.34 |  13.64 |  26.42 |  14.04 |I I 
11:24-Wed-Apr-05-2017 PM2.5 |  10.85 |  10.33 |  24.51 |  10.18 |I I 
11:28-Wed-Apr-05-2017 PM10  |  15.53 |  13.81 |  26.42 |  14.04 |I I 
11:28-Wed-Apr-05-2017 PM2.5 |  10.79 |  10.37 |  24.51 |  10.18 |I I 
11:29-Wed-Apr-05-2017 PM10  |  15.53 |  13.95 |  26.42 |  14.04 |I I 
11:29-Wed-Apr-05-2017 PM2.5 |  10.79 |  10.41 |  24.51 |  10.18 |I I 
11:30-Wed-Apr-05-2017 PM10  |  14.79 |  14.02 |  26.42 |  14.04 |I I 
11:30-Wed-Apr-05-2017 PM2.5 |  10.37 |  10.40 |  24.51 |  10.18 |I I 
11:34-Wed-Apr-05-2017 PM10  |  15.32 |  14.11 |  26.42 |  14.04 |I I 
11:34-Wed-Apr-05-2017 PM2.5 |  10.98 |  10.45 |  24.51 |  10.18 |I I 
11:35-Wed-Apr-05-2017 PM10  |  13.77 |  14.09 |  26.42 |  14.04 |I I 
11:35-Wed-Apr-05-2017 PM2.5 |  10.72 |  10.46 |  24.51 |  10.18 |I I 
11:39-Wed-Apr-05-2017 PM10  |  14.59 |  14.12 |  26.42 |  14.04 |I I 
11:39-Wed-Apr-05-2017 PM2.5 |  10.71 |  10.48 |  24.51 |  10.18 |I I 
11:40-Wed-Apr-05-2017 PM10  |  15.85 |  14.22 |  26.42 |  14.04 |I I 
11:40-Wed-Apr-05-2017 PM2.5 |  10.81 |  10.50 |  24.51 |  10.18 |I I 
11:44-Wed-Apr-05-2017 PM10  |  15.08 |  14.27 |  26.42 |  14.04 |I I 
11:44-Wed-Apr-05-2017 PM2.5 |  10.67 |  10.51 |  24.51 |  10.18 |I I 
11:45-Wed-Apr-05-2017 PM10  |  14.87 |  14.30 |  26.42 |  14.04 |I I 
11:45-Wed-Apr-05-2017 PM2.5 |  10.82 |  10.52 |  24.51 |  10.18 |I I 
11:49-Wed-Apr-05-2017 PM10  |  15.81 |  14.37 |  26.42 |  14.04 |I I 
11:49-Wed-Apr-05-2017 PM2.5 |  10.90 |  10.54 |  24.51 |  10.18 |I I 
11:50-Wed-Apr-05-2017 PM10  |  14.67 |  14.39 |  26.42 |  14.04 |I I 
11:50-Wed-Apr-05-2017 PM2.5 |  11.05 |  10.57 |  24.51 |  10.18 |I I 
11:54-Wed-Apr-05-2017 PM10  |  16.48 |  14.48 |  26.42 |  14.04 |I I 
11:54-Wed-Apr-05-2017 PM2.5 |  11.11 |  10.59 |  24.51 |  10.18 |I I 
11:55-Wed-Apr-05-2017 PM10  |  16.48 |  14.57 |  26.42 |  14.04 |I I 
11:55-Wed-Apr-05-2017 PM2.5 |  11.11 |  10.61 |  24.51 |  10.18 |I I 
11:56-Wed-Apr-05-2017 PM10  |  16.02 |  14.63 |  26.42 |  14.04 |I I 
11:56-Wed-Apr-05-2017 PM2.5 |  10.96 |  10.63 |  24.51 |  10.18 |I I 
12:00-Wed-Apr-05-2017 PM10  |  16.82 |  14.72 |  26.42 |  14.04 |I I 
12:00-Wed-Apr-05-2017 PM2.5 |  11.31 |  10.66 |  24.51 |  10.18 |I I 
12:01-Wed-Apr-05-2017 PM10  |  17.15 |  17.15 |  26.42 |  14.04 |I I 
12:01-Wed-Apr-05-2017 PM2.5 |  11.81 |  11.81 |  24.51 |  10.18 |I I 
12:05-Wed-Apr-05-2017 PM10  |  15.06 |  16.10 |  26.42 |  14.04 |I I 
12:05-Wed-Apr-05-2017 PM2.5 |  11.44 |  11.62 |  24.51 |  10.18 |I I 
12:06-Wed-Apr-05-2017 PM10  |  17.46 |  16.56 |  26.42 |  14.04 |I I 
12:06-Wed-Apr-05-2017 PM2.5 |  11.50 |  11.58 |  24.51 |  10.18 |I I 
12:10-Wed-Apr-05-2017 PM10  |  17.71 |  16.85 |  26.42 |  14.04 |I I 
12:10-Wed-Apr-05-2017 PM2.5 |  11.82 |  11.64 |  24.51 |  10.18 |I I 
12:11-Wed-Apr-05-2017 PM10  |  19.55 |  17.39 |  26.42 |  14.04 |I I 
12:11-Wed-Apr-05-2017 PM2.5 |  12.35 |  11.78 |  24.51 |  10.18 |I I 
12:15-Wed-Apr-05-2017 PM10  |  17.78 |  17.45 |  26.42 |  14.04 |I I 
12:15-Wed-Apr-05-2017 PM2.5 |  12.16 |  11.85 |  24.51 |  10.18 |I I 
12:16-Wed-Apr-05-2017 PM10  |  18.71 |  17.63 |  26.42 |  14.04 |I I 
12:16-Wed-Apr-05-2017 PM2.5 |  12.15 |  11.89 |  24.51 |  10.18 |I I 
12:20-Wed-Apr-05-2017 PM10  |  18.46 |  17.74 |  26.42 |  14.04 |I I 
12:20-Wed-Apr-05-2017 PM2.5 |  12.25 |  11.93 |  24.51 |  10.18 |I I 
12:21-Wed-Apr-05-2017 PM10  |  18.56 |  17.83 |  26.42 |  14.04 |I I 
12:21-Wed-Apr-05-2017 PM2.5 |  12.60 |  12.01 |  24.51 |  10.18 |I I 
12:22-Wed-Apr-05-2017 PM10  |  18.56 |  17.90 |  26.42 |  14.04 |I I 
12:22-Wed-Apr-05-2017 PM2.5 |  12.60 |  12.07 |  24.51 |  10.18 |I I 
12:26-Wed-Apr-05-2017 PM10  |  17.35 |  17.85 |  26.42 |  14.04 |I I 
12:26-Wed-Apr-05-2017 PM2.5 |  12.52 |  12.11 |  24.51 |  10.18 |I I 
12:27-Wed-Apr-05-2017 PM10  |  17.59 |  17.83 |  26.42 |  14.04 |I I 
12:27-Wed-Apr-05-2017 PM2.5 |  12.10 |  12.11 |  24.51 |  10.18 |I I 
12:31-Wed-Apr-05-2017 PM10  |  18.72 |  17.90 |  26.42 |  14.04 |I I 
12:31-Wed-Apr-05-2017 PM2.5 |  12.94 |  12.17 |  24.51 |  10.18 |I I 
12:32-Wed-Apr-05-2017 PM10  |  18.27 |  17.92 |  26.42 |  14.04 |I I 
12:32-Wed-Apr-05-2017 PM2.5 |  12.49 |  12.20 |  24.51 |  10.18 |I I 
12:36-Wed-Apr-05-2017 PM10  |  18.44 |  17.96 |  26.42 |  14.04 |I I 
12:36-Wed-Apr-05-2017 PM2.5 |  13.24 |  12.26 |  24.51 |  10.18 |I I 
12:37-Wed-Apr-05-2017 PM10  |  18.08 |  17.97 |  26.42 |  14.04 |I I 
12:37-Wed-Apr-05-2017 PM2.5 |  12.54 |  12.28 |  24.51 |  10.18 |I I 
12:41-Wed-Apr-05-2017 PM10  |  18.02 |  17.97 |  26.42 |  14.04 |I I 
12:41-Wed-Apr-05-2017 PM2.5 |  13.22 |  12.34 |  24.51 |  10.18 |I I 
12:42-Wed-Apr-05-2017 PM10  |  22.24 |  18.21 |  26.42 |  14.04 |I I 
12:42-Wed-Apr-05-2017 PM2.5 |  12.72 |  12.36 |  24.51 |  10.18 |I I 
12:46-Wed-Apr-05-2017 PM10  |  21.49 |  18.38 |  26.42 |  14.04 |I I 
12:46-Wed-Apr-05-2017 PM2.5 |  13.48 |  12.42 |  24.51 |  10.18 |I I 
12:47-Wed-Apr-05-2017 PM10  |  20.82 |  18.50 |  26.42 |  14.04 |I I 
12:47-Wed-Apr-05-2017 PM2.5 |  12.74 |  12.43 |  24.51 |  10.18 |I I 
12:48-Wed-Apr-05-2017 PM10  |  20.82 |  18.61 |  26.42 |  14.04 |I I 
12:48-Wed-Apr-05-2017 PM2.5 |  12.74 |  12.45 |  24.51 |  10.18 |I I 
12:52-Wed-Apr-05-2017 PM10  |  20.67 |  18.71 |  26.42 |  14.04 |I I 
12:52-Wed-Apr-05-2017 PM2.5 |  13.59 |  12.50 |  24.51 |  10.18 |I I 
12:53-Wed-Apr-05-2017 PM10  |  19.38 |  18.74 |  26.42 |  14.04 |I I 
12:53-Wed-Apr-05-2017 PM2.5 |  12.38 |  12.49 |  24.51 |  10.18 |I I 
12:57-Wed-Apr-05-2017 PM10  |  18.26 |  18.72 |  26.42 |  14.04 |I I 
12:57-Wed-Apr-05-2017 PM2.5 |  13.11 |  12.52 |  24.51 |  10.18 |I I 
12:58-Wed-Apr-05-2017 PM10  |  18.69 |  18.71 |  26.42 |  14.04 |I I 
12:58-Wed-Apr-05-2017 PM2.5 |  12.69 |  12.53 |  24.51 |  10.18 |I I 
13:02-Wed-Apr-05-2017 PM10  |  21.43 |  18.82 |  26.42 |  14.04 |I I 
13:02-Wed-Apr-05-2017 PM2.5 |  13.51 |  12.57 |  24.51 |  10.18 |I I 
13:03-Wed-Apr-05-2017 PM10  |  20.25 |  20.25 |  26.42 |  14.04 |I I 
13:03-Wed-Apr-05-2017 PM2.5 |  13.13 |  13.13 |  24.51 |  10.18 |I I 
13:07-Wed-Apr-05-2017 PM10  |  22.57 |  21.41 |  26.42 |  14.04 |I I 
13:07-Wed-Apr-05-2017 PM2.5 |  13.19 |  13.16 |  24.51 |  10.18 |I I 
13:08-Wed-Apr-05-2017 PM10  |  20.39 |  21.07 |  26.42 |  14.04 |I I 
13:08-Wed-Apr-05-2017 PM2.5 |  13.15 |  13.16 |  24.51 |  10.18 |I I 
13:12-Wed-Apr-05-2017 PM10  |  19.53 |  20.69 |  26.42 |  14.04 |I I 
13:12-Wed-Apr-05-2017 PM2.5 |  13.33 |  13.20 |  24.51 |  10.18 |I I 
13:13-Wed-Apr-05-2017 PM10  |  19.54 |  20.46 |  26.42 |  14.04 |I I 
13:13-Wed-Apr-05-2017 PM2.5 |  12.83 |  13.13 |  24.51 |  10.18 |I I 
13:14-Wed-Apr-05-2017 PM10  |  19.54 |  20.30 |  26.42 |  14.04 |I I 
13:14-Wed-Apr-05-2017 PM2.5 |  12.83 |  13.08 |  24.51 |  10.18 |I I 
13:18-Wed-Apr-05-2017 PM10  |  20.64 |  20.35 |  26.42 |  14.04 |I I 
13:18-Wed-Apr-05-2017 PM2.5 |  13.74 |  13.17 |  24.51 |  10.18 |I I 
13:19-Wed-Apr-05-2017 PM10  |  20.58 |  20.38 |  26.42 |  14.04 |I I 
13:19-Wed-Apr-05-2017 PM2.5 |  13.38 |  13.20 |  24.51 |  10.18 |I I 
13:23-Wed-Apr-05-2017 PM10  |  20.05 |  20.34 |  26.42 |  14.04 |I I 
13:23-Wed-Apr-05-2017 PM2.5 |  14.34 |  13.33 |  24.51 |  10.18 |I I 
13:24-Wed-Apr-05-2017 PM10  |  20.99 |  20.41 |  26.42 |  14.04 |I I 
13:24-Wed-Apr-05-2017 PM2.5 |  13.32 |  13.33 |  24.51 |  10.18 |I I 
13:28-Wed-Apr-05-2017 PM10  |  22.62 |  20.61 |  26.42 |  14.04 |I I 
13:28-Wed-Apr-05-2017 PM2.5 |  14.06 |  13.39 |  24.51 |  10.18 |I I 
13:29-Wed-Apr-05-2017 PM10  |  20.89 |  20.63 |  26.42 |  14.04 |I I 
13:29-Wed-Apr-05-2017 PM2.5 |  13.25 |  13.38 |  24.51 |  10.18 |I I 
13:33-Wed-Apr-05-2017 PM10  |  19.81 |  20.57 |  26.42 |  14.04 |I I 
13:33-Wed-Apr-05-2017 PM2.5 |  13.32 |  13.38 |  24.51 |  10.18 |I I 
13:34-Wed-Apr-05-2017 PM10  |  20.70 |  20.58 |  26.42 |  14.04 |I I 
13:34-Wed-Apr-05-2017 PM2.5 |  13.89 |  13.41 |  24.51 |  10.18 |I I 
13:38-Wed-Apr-05-2017 PM10  |  21.40 |  20.63 |  26.42 |  14.04 |I I 
13:38-Wed-Apr-05-2017 PM2.5 |  14.41 |  13.48 |  24.51 |  10.18 |I I 
13:39-Wed-Apr-05-2017 PM10  |  20.04 |  20.60 |  26.42 |  14.04 |I I 
13:39-Wed-Apr-05-2017 PM2.5 |  13.00 |  13.45 |  24.51 |  10.18 |I I 
13:40-Wed-Apr-05-2017 PM10  |  20.04 |  20.56 |  26.42 |  14.04 |I I 
13:40-Wed-Apr-05-2017 PM2.5 |  13.00 |  13.42 |  24.51 |  10.18 |I I 
13:44-Wed-Apr-05-2017 PM10  |  21.63 |  20.62 |  26.42 |  14.04 |I I 
13:44-Wed-Apr-05-2017 PM2.5 |  14.21 |  13.47 |  24.51 |  10.18 |I I 
13:45-Wed-Apr-05-2017 PM10  |  22.37 |  20.72 |  26.42 |  14.04 |I I 
13:45-Wed-Apr-05-2017 PM2.5 |  14.26 |  13.51 |  24.51 |  10.18 |I I 
13:49-Wed-Apr-05-2017 PM10  |  21.32 |  20.75 |  26.42 |  14.04 |I I 
13:49-Wed-Apr-05-2017 PM2.5 |  14.27 |  13.55 |  24.51 |  10.18 |I I 
13:50-Wed-Apr-05-2017 PM10  |  21.94 |  20.80 |  26.42 |  14.04 |I I 
13:50-Wed-Apr-05-2017 PM2.5 |  13.62 |  13.55 |  24.51 |  10.18 |I I 
13:54-Wed-Apr-05-2017 PM10  |  22.04 |  20.86 |  26.42 |  14.04 |I I 
13:54-Wed-Apr-05-2017 PM2.5 |  14.09 |  13.57 |  24.51 |  10.18 |I I 
13:55-Wed-Apr-05-2017 PM10  |  21.83 |  20.90 |  26.42 |  14.04 |I I 
13:55-Wed-Apr-05-2017 PM2.5 |  13.70 |  13.58 |  24.51 |  10.18 |I I 
13:59-Wed-Apr-05-2017 PM10  |  20.62 |  20.89 |  26.42 |  14.04 |I I 
13:59-Wed-Apr-05-2017 PM2.5 |  14.02 |  13.60 |  24.51 |  10.18 |I I 
14:00-Wed-Apr-05-2017 PM10  |  21.58 |  20.92 |  26.42 |  14.04 |I I 
14:00-Wed-Apr-05-2017 PM2.5 |  13.39 |  13.59 |  24.51 |  10.18 |I I 
14:04-Wed-Apr-05-2017 PM10  |  23.50 |  23.50 |  26.42 |  14.04 |I I 
14:04-Wed-Apr-05-2017 PM2.5 |  14.46 |  14.46 |  24.51 |  10.18 |I I 
14:05-Wed-Apr-05-2017 PM10  |  22.56 |  23.03 |  26.42 |  14.04 |I I 
14:05-Wed-Apr-05-2017 PM2.5 |  13.47 |  13.96 |  24.51 |  10.18 |I I 
14:06-Wed-Apr-05-2017 PM10  |  22.56 |  22.88 |  26.42 |  14.04 |I I 
14:06-Wed-Apr-05-2017 PM2.5 |  13.47 |  13.80 |  24.51 |  10.18 |I I 
14:11-Wed-Apr-05-2017 PM10  |  20.07 |  22.18 |  26.42 |  14.04 |I I 
14:11-Wed-Apr-05-2017 PM2.5 |  13.77 |  13.79 |  24.51 |  10.18 |I I 
14:12-Wed-Apr-05-2017 PM10  |  19.59 |  21.66 |  26.42 |  14.04 |I I 
14:12-Wed-Apr-05-2017 PM2.5 |  13.32 |  13.70 |  24.51 |  10.18 |I I 
14:16-Wed-Apr-05-2017 PM10  |  21.36 |  21.61 |  26.42 |  14.04 |I I 
14:16-Wed-Apr-05-2017 PM2.5 |  13.84 |  13.72 |  24.51 |  10.18 |I I 
14:17-Wed-Apr-05-2017 PM10  |  20.37 |  21.43 |  26.42 |  14.04 |I I 
14:17-Wed-Apr-05-2017 PM2.5 |  13.65 |  13.71 |  24.51 |  10.18 |I I 
14:21-Wed-Apr-05-2017 PM10  |  22.07 |  21.51 |  26.42 |  14.04 |I I 
14:21-Wed-Apr-05-2017 PM2.5 |  14.20 |  13.77 |  24.51 |  10.18 |I I 
14:22-Wed-Apr-05-2017 PM10  |  19.25 |  21.26 |  26.42 |  14.04 |I I 
14:22-Wed-Apr-05-2017 PM2.5 |  12.88 |  13.67 |  24.51 |  10.18 |I I 
14:26-Wed-Apr-05-2017 PM10  |  21.07 |  21.24 |  26.42 |  14.04 |I I 
14:26-Wed-Apr-05-2017 PM2.5 |  13.80 |  13.69 |  24.51 |  10.18 |I I 
14:27-Wed-Apr-05-2017 PM10  |  19.99 |  21.13 |  26.42 |  14.04 |I I 
14:27-Wed-Apr-05-2017 PM2.5 |  12.83 |  13.61 |  24.51 |  10.18 |I I 
14:31-Wed-Apr-05-2017 PM10  |  21.47 |  21.16 |  26.42 |  14.04 |I I 
14:31-Wed-Apr-05-2017 PM2.5 |  13.44 |  13.59 |  24.51 |  10.18 |I I 
14:32-Wed-Apr-05-2017 PM10  |  21.62 |  21.19 |  26.42 |  14.04 |I I 
14:32-Wed-Apr-05-2017 PM2.5 |  13.83 |  13.61 |  24.51 |  10.18 |I I 
14:33-Wed-Apr-05-2017 PM10  |  21.62 |  21.22 |  26.42 |  14.04 |I I 
14:33-Wed-Apr-05-2017 PM2.5 |  13.83 |  13.63 |  24.51 |  10.18 |I I 
14:37-Wed-Apr-05-2017 PM10  |  21.11 |  21.21 |  26.42 |  14.04 |I I 
14:37-Wed-Apr-05-2017 PM2.5 |  13.44 |  13.62 |  24.51 |  10.18 |I I 
14:38-Wed-Apr-05-2017 PM10  |  21.19 |  21.21 |  26.42 |  14.04 |I I 
14:38-Wed-Apr-05-2017 PM2.5 |  13.65 |  13.62 |  24.51 |  10.18 |I I 
14:42-Wed-Apr-05-2017 PM10  |  20.34 |  21.16 |  26.42 |  14.04 |I I 
14:42-Wed-Apr-05-2017 PM2.5 |  13.76 |  13.63 |  24.51 |  10.18 |I I 
14:43-Wed-Apr-05-2017 PM10  |  24.74 |  21.36 |  26.42 |  14.04 |I I 
14:43-Wed-Apr-05-2017 PM2.5 |  13.57 |  13.62 |  24.51 |  10.18 |I I 
14:47-Wed-Apr-05-2017 PM10  |  21.29 |  21.36 |  26.42 |  14.04 |I I 
14:47-Wed-Apr-05-2017 PM2.5 |  13.89 |  13.64 |  24.51 |  10.18 |I I 
14:48-Wed-Apr-05-2017 PM10  |  21.09 |  21.34 |  26.42 |  14.04 |I I 
14:48-Wed-Apr-05-2017 PM2.5 |  13.35 |  13.62 |  24.51 |  10.18 |I I 
14:52-Wed-Apr-05-2017 PM10  |  20.07 |  21.28 |  26.42 |  14.04 |I I 
14:52-Wed-Apr-05-2017 PM2.5 |  13.60 |  13.62 |  24.51 |  10.18 |I I 
14:53-Wed-Apr-05-2017 PM10  |  21.08 |  21.27 |  26.42 |  14.04 |I I 
14:53-Wed-Apr-05-2017 PM2.5 |  13.75 |  13.63 |  24.51 |  10.18 |I I 
14:57-Wed-Apr-05-2017 PM10  |  20.57 |  21.24 |  26.42 |  14.04 |I I 
14:57-Wed-Apr-05-2017 PM2.5 |  13.79 |  13.63 |  24.51 |  10.18 |I I 
14:58-Wed-Apr-05-2017 PM10  |  22.03 |  21.28 |  26.42 |  14.04 |I I 
14:58-Wed-Apr-05-2017 PM2.5 |  13.85 |  13.64 |  24.51 |  10.18 |I I 
14:59-Wed-Apr-05-2017 PM10  |  22.03 |  21.31 |  26.42 |  14.04 |I I 
14:59-Wed-Apr-05-2017 PM2.5 |  13.85 |  13.65 |  24.51 |  10.18 |I I 
15:03-Wed-Apr-05-2017 PM10  |  21.19 |  21.30 |  26.42 |  14.04 |I I 
15:03-Wed-Apr-05-2017 PM2.5 |  14.29 |  13.68 |  24.51 |  10.18 |I I 
15:04-Wed-Apr-05-2017 PM10  |  24.68 |  24.68 |  26.42 |  14.04 |I I 
15:04-Wed-Apr-05-2017 PM2.5 |  14.58 |  14.58 |  24.51 |  10.18 |I I 
15:08-Wed-Apr-05-2017 PM10  |  23.48 |  24.08 |  26.42 |  14.04 |I I 
15:08-Wed-Apr-05-2017 PM2.5 |  14.53 |  14.55 |  24.51 |  10.18 |I I 
15:09-Wed-Apr-05-2017 PM10  |  20.21 |  22.79 |  26.42 |  14.04 |I I 
15:09-Wed-Apr-05-2017 PM2.5 |  14.13 |  14.41 |  24.51 |  10.18 |I I 
15:13-Wed-Apr-05-2017 PM10  |  22.14 |  22.63 |  26.42 |  14.04 |I I 
15:13-Wed-Apr-05-2017 PM2.5 |  14.81 |  14.51 |  24.51 |  10.18 |I I 
15:14-Wed-Apr-05-2017 PM10  |  21.55 |  22.41 |  26.42 |  14.04 |I I 
15:14-Wed-Apr-05-2017 PM2.5 |  13.99 |  14.41 |  24.51 |  10.18 |I I 
15:18-Wed-Apr-05-2017 PM10  |  21.87 |  22.32 |  26.42 |  14.04 |I I 
15:18-Wed-Apr-05-2017 PM2.5 |  14.77 |  14.47 |  24.51 |  10.18 |I I 
15:19-Wed-Apr-05-2017 PM10  |  21.19 |  22.16 |  26.42 |  14.04 |I I 
15:19-Wed-Apr-05-2017 PM2.5 |  13.57 |  14.34 |  24.51 |  10.18 |I I 
15:23-Wed-Apr-05-2017 PM10  |  23.03 |  22.27 |  26.42 |  14.04 |I I 
15:23-Wed-Apr-05-2017 PM2.5 |  14.47 |  14.36 |  24.51 |  10.18 |I I 
15:24-Wed-Apr-05-2017 PM10  |  20.03 |  22.02 |  26.42 |  14.04 |I I 
15:24-Wed-Apr-05-2017 PM2.5 |  14.30 |  14.35 |  24.51 |  10.18 |I I 
15:25-Wed-Apr-05-2017 PM10  |  20.03 |  21.82 |  26.42 |  14.04 |I I 
15:25-Wed-Apr-05-2017 PM2.5 |  14.30 |  14.35 |  24.51 |  10.18 |I I 
15:29-Wed-Apr-05-2017 PM10  |  19.96 |  21.65 |  26.42 |  14.04 |I I 
15:29-Wed-Apr-05-2017 PM2.5 |  14.20 |  14.33 |  24.51 |  10.18 |I I 
15:30-Wed-Apr-05-2017 PM10  |  20.92 |  21.59 |  26.42 |  14.04 |I I 
15:30-Wed-Apr-05-2017 PM2.5 |  14.13 |  14.32 |  24.51 |  10.18 |I I 
15:34-Wed-Apr-05-2017 PM10  |  21.81 |  21.61 |  26.42 |  14.04 |I I 
15:34-Wed-Apr-05-2017 PM2.5 |  14.60 |  14.34 |  24.51 |  10.18 |I I 
15:35-Wed-Apr-05-2017 PM10  |  21.67 |  21.61 |  26.42 |  14.04 |I I 
15:35-Wed-Apr-05-2017 PM2.5 |  13.89 |  14.31 |  24.51 |  10.18 |I I 
15:39-Wed-Apr-05-2017 PM10  |  21.61 |  21.61 |  26.42 |  14.04 |I I 
15:39-Wed-Apr-05-2017 PM2.5 |  14.02 |  14.29 |  24.51 |  10.18 |I I 
15:40-Wed-Apr-05-2017 PM10  |  22.36 |  21.66 |  26.42 |  14.04 |I I 
15:40-Wed-Apr-05-2017 PM2.5 |  14.26 |  14.29 |  24.51 |  10.18 |I I 
15:44-Wed-Apr-05-2017 PM10  |  20.51 |  21.59 |  26.42 |  14.04 |I I 
15:44-Wed-Apr-05-2017 PM2.5 |  14.82 |  14.32 |  24.51 |  10.18 |I I 
15:45-Wed-Apr-05-2017 PM10  |  22.74 |  21.66 |  26.42 |  14.04 |I I 
15:45-Wed-Apr-05-2017 PM2.5 |  13.73 |  14.28 |  24.51 |  10.18 |I I 
15:49-Wed-Apr-05-2017 PM10  |  20.80 |  21.61 |  26.42 |  14.04 |I I 
15:49-Wed-Apr-05-2017 PM2.5 |  14.40 |  14.29 |  24.51 |  10.18 |I I 
15:50-Wed-Apr-05-2017 PM10  |  20.34 |  21.55 |  26.42 |  14.04 |I I 
15:50-Wed-Apr-05-2017 PM2.5 |  13.52 |  14.25 |  24.51 |  10.18 |I I 
15:51-Wed-Apr-05-2017 PM10  |  20.34 |  21.49 |  26.42 |  14.04 |I I 
15:51-Wed-Apr-05-2017 PM2.5 |  13.52 |  14.22 |  24.51 |  10.18 |I I 
15:55-Wed-Apr-05-2017 PM10  |  21.31 |  21.48 |  26.42 |  14.04 |I I 
15:55-Wed-Apr-05-2017 PM2.5 |  14.41 |  14.23 |  24.51 |  10.18 |I I 
15:56-Wed-Apr-05-2017 PM10  |  20.07 |  21.42 |  26.42 |  14.04 |I I 
15:56-Wed-Apr-05-2017 PM2.5 |  13.78 |  14.21 |  24.51 |  10.18 |I I 
16:00-Wed-Apr-05-2017 PM10  |  21.51 |  21.42 |  26.42 |  14.04 |I I 
16:00-Wed-Apr-05-2017 PM2.5 |  14.32 |  14.21 |  24.51 |  10.18 |I I 
16:01-Wed-Apr-05-2017 PM10  |  24.00 |  24.00 |  26.42 |  14.04 |I I 
16:01-Wed-Apr-05-2017 PM2.5 |  14.11 |  14.11 |  24.51 |  10.18 |I I 
16:05-Wed-Apr-05-2017 PM10  |  22.49 |  23.25 |  26.42 |  14.04 |I I 
16:05-Wed-Apr-05-2017 PM2.5 |  14.06 |  14.09 |  24.51 |  10.18 |I I 
16:06-Wed-Apr-05-2017 PM10  |  19.72 |  22.07 |  26.42 |  14.04 |I I 
16:06-Wed-Apr-05-2017 PM2.5 |  13.30 |  13.82 |  24.51 |  10.18 |I I 
16:10-Wed-Apr-05-2017 PM10  |  21.08 |  21.82 |  26.42 |  14.04 |I I 
16:10-Wed-Apr-05-2017 PM2.5 |  13.91 |  13.84 |  24.51 |  10.18 |I I 
16:11-Wed-Apr-05-2017 PM10  |  21.30 |  21.72 |  26.42 |  14.04 |I I 
16:11-Wed-Apr-05-2017 PM2.5 |  14.24 |  13.92 |  24.51 |  10.18 |I I 
16:15-Wed-Apr-05-2017 PM10  |  19.93 |  21.42 |  26.42 |  14.04 |I I 
16:15-Wed-Apr-05-2017 PM2.5 |  14.28 |  13.98 |  24.51 |  10.18 |I I 
16:16-Wed-Apr-05-2017 PM10  |  21.85 |  21.48 |  26.42 |  14.04 |I I 
16:16-Wed-Apr-05-2017 PM2.5 |  13.74 |  13.95 |  24.51 |  10.18 |I I 
16:17-Wed-Apr-05-2017 PM10  |  21.85 |  21.53 |  26.42 |  14.04 |I I 
16:17-Wed-Apr-05-2017 PM2.5 |  13.74 |  13.92 |  24.51 |  10.18 |I I 
16:21-Wed-Apr-05-2017 PM10  |  20.96 |  21.46 |  26.42 |  14.04 |I I 
16:21-Wed-Apr-05-2017 PM2.5 |  14.25 |  13.96 |  24.51 |  10.18 |I I 
16:22-Wed-Apr-05-2017 PM10  |  19.60 |  21.28 |  26.42 |  14.04 |I I 
16:22-Wed-Apr-05-2017 PM2.5 |  13.74 |  13.94 |  24.51 |  10.18 |I I 
16:26-Wed-Apr-05-2017 PM10  |  21.11 |  21.26 |  26.42 |  14.04 |I I 
16:26-Wed-Apr-05-2017 PM2.5 |  14.03 |  13.95 |  24.51 |  10.18 |I I 
16:27-Wed-Apr-05-2017 PM10  |  19.66 |  21.13 |  26.42 |  14.04 |I I 
16:27-Wed-Apr-05-2017 PM2.5 |  13.05 |  13.87 |  24.51 |  10.18 |I I 
16:31-Wed-Apr-05-2017 PM10  |  20.44 |  21.08 |  26.42 |  14.04 |I I 
16:31-Wed-Apr-05-2017 PM2.5 |  14.46 |  13.92 |  24.51 |  10.18 |I I 
16:32-Wed-Apr-05-2017 PM10  |  22.92 |  21.21 |  26.42 |  14.04 |I I 
16:32-Wed-Apr-05-2017 PM2.5 |  13.32 |  13.87 |  24.51 |  10.18 |I I 
16:36-Wed-Apr-05-2017 PM10  |  22.52 |  21.30 |  26.42 |  14.04 |I I 
16:36-Wed-Apr-05-2017 PM2.5 |  14.06 |  13.89 |  24.51 |  10.18 |I I 
16:37-Wed-Apr-05-2017 PM10  |  20.70 |  21.26 |  26.42 |  14.04 |I I 
16:37-Wed-Apr-05-2017 PM2.5 |  13.62 |  13.87 |  24.51 |  10.18 |I I 
16:41-Wed-Apr-05-2017 PM10  |  20.24 |  21.20 |  26.42 |  14.04 |I I 
16:41-Wed-Apr-05-2017 PM2.5 |  13.44 |  13.84 |  24.51 |  10.18 |I I 
16:42-Wed-Apr-05-2017 PM10  |  19.56 |  21.11 |  26.42 |  14.04 |I I 
16:42-Wed-Apr-05-2017 PM2.5 |  13.60 |  13.83 |  24.51 |  10.18 |I I 
16:43-Wed-Apr-05-2017 PM10  |  19.56 |  21.03 |  26.42 |  14.04 |I I 
16:43-Wed-Apr-05-2017 PM2.5 |  13.60 |  13.82 |  24.51 |  10.18 |I I 
16:47-Wed-Apr-05-2017 PM10  |  21.50 |  21.05 |  26.42 |  14.04 |I I 
16:47-Wed-Apr-05-2017 PM2.5 |  14.68 |  13.86 |  24.51 |  10.18 |I I 
16:48-Wed-Apr-05-2017 PM10  |  23.95 |  21.19 |  26.42 |  14.04 |I I 
16:48-Wed-Apr-05-2017 PM2.5 |  13.86 |  13.86 |  24.51 |  10.18 |I I 
16:52-Wed-Apr-05-2017 PM10  |  22.85 |  21.26 |  26.42 |  14.04 |I I 
16:52-Wed-Apr-05-2017 PM2.5 |  14.56 |  13.89 |  24.51 |  10.18 |I I 
16:53-Wed-Apr-05-2017 PM10  |  20.31 |  21.22 |  26.42 |  14.04 |I I 
16:53-Wed-Apr-05-2017 PM2.5 |  13.41 |  13.87 |  24.51 |  10.18 |I I 
16:57-Wed-Apr-05-2017 PM10  |  19.93 |  21.17 |  26.42 |  14.04 |I I 
16:57-Wed-Apr-05-2017 PM2.5 |  14.03 |  13.88 |  24.51 |  10.18 |I I 
16:58-Wed-Apr-05-2017 PM10  |  22.63 |  21.23 |  26.42 |  14.04 |I I 
16:58-Wed-Apr-05-2017 PM2.5 |  13.48 |  13.86 |  24.51 |  10.18 |I I 
17:02-Wed-Apr-05-2017 PM10  |  22.20 |  21.26 |  26.42 |  14.04 |I I 
17:02-Wed-Apr-05-2017 PM2.5 |  14.01 |  13.87 |  24.51 |  10.18 |I I 
17:03-Wed-Apr-05-2017 PM10  |  21.43 |  21.43 |  26.42 |  14.04 |I I 
17:03-Wed-Apr-05-2017 PM2.5 |  13.58 |  13.58 |  24.51 |  10.18 |I I 
17:07-Wed-Apr-05-2017 PM10  |  21.09 |  21.26 |  26.42 |  14.04 |I I 
17:07-Wed-Apr-05-2017 PM2.5 |  13.59 |  13.59 |  24.51 |  10.18 |I I 
17:08-Wed-Apr-05-2017 PM10  |  20.88 |  21.14 |  26.42 |  14.04 |I I 
17:08-Wed-Apr-05-2017 PM2.5 |  13.40 |  13.53 |  24.51 |  10.18 |I I 
17:09-Wed-Apr-05-2017 PM10  |  20.88 |  21.07 |  26.42 |  14.04 |I I 
17:09-Wed-Apr-05-2017 PM2.5 |  13.40 |  13.50 |  24.51 |  10.18 |I I 
17:13-Wed-Apr-05-2017 PM10  |  20.05 |  20.87 |  26.42 |  14.04 |I I 
17:13-Wed-Apr-05-2017 PM2.5 |  13.39 |  13.47 |  24.51 |  10.18 |I I 
17:15-Wed-Apr-05-2017 PM10  |  20.81 |  20.86 |  26.42 |  14.04 |I I 
17:15-Wed-Apr-05-2017 PM2.5 |  13.54 |  13.49 |  24.51 |  10.18 |I I 
17:19-Wed-Apr-05-2017 PM10  |  20.73 |  20.84 |  26.42 |  14.04 |I I 
17:19-Wed-Apr-05-2017 PM2.5 |  13.41 |  13.47 |  24.51 |  10.18 |I I 
17:20-Wed-Apr-05-2017 PM10  |  22.63 |  21.06 |  26.42 |  14.04 |I I 
17:20-Wed-Apr-05-2017 PM2.5 |  13.59 |  13.49 |  24.51 |  10.18 |I I 
17:24-Wed-Apr-05-2017 PM10  |  23.20 |  21.30 |  26.42 |  14.04 |I I 
17:24-Wed-Apr-05-2017 PM2.5 |  14.02 |  13.55 |  24.51 |  10.18 |I I 
17:25-Wed-Apr-05-2017 PM10  |  21.27 |  21.30 |  26.42 |  14.04 |I I 
17:25-Wed-Apr-05-2017 PM2.5 |  13.49 |  13.54 |  24.51 |  10.18 |I I 
17:29-Wed-Apr-05-2017 PM10  |  21.71 |  21.33 |  26.42 |  14.04 |I I 
17:29-Wed-Apr-05-2017 PM2.5 |  13.76 |  13.56 |  24.51 |  10.18 |I I 
17:30-Wed-Apr-05-2017 PM10  |  20.43 |  21.26 |  26.42 |  14.04 |I I 
17:30-Wed-Apr-05-2017 PM2.5 |  13.44 |  13.55 |  24.51 |  10.18 |I I 
17:34-Wed-Apr-05-2017 PM10  |  23.61 |  21.44 |  26.42 |  14.04 |I I 
17:34-Wed-Apr-05-2017 PM2.5 |  13.91 |  13.58 |  24.51 |  10.18 |I I 
17:35-Wed-Apr-05-2017 PM10  |  25.71 |  21.74 |  26.42 |  14.04 |I I 
17:35-Wed-Apr-05-2017 PM2.5 |  14.00 |  13.61 |  24.51 |  10.18 |I I 
17:39-Wed-Apr-05-2017 PM10  |  23.38 |  21.85 |  26.42 |  14.04 |I I 
17:39-Wed-Apr-05-2017 PM2.5 |  13.38 |  13.59 |  24.51 |  10.18 |I I 
17:40-Wed-Apr-05-2017 PM10  |  23.38 |  21.95 |  26.42 |  14.04 |I I 
17:40-Wed-Apr-05-2017 PM2.5 |  13.38 |  13.58 |  24.51 |  10.18 |I I 
17:41-Wed-Apr-05-2017 PM10  |  20.55 |  21.87 |  26.42 |  14.04 |I I 
17:41-Wed-Apr-05-2017 PM2.5 |  13.07 |  13.55 |  24.51 |  10.18 |I I 
17:45-Wed-Apr-05-2017 PM10  |  22.11 |  21.88 |  26.42 |  14.04 |I I 
17:45-Wed-Apr-05-2017 PM2.5 |  13.53 |  13.55 |  24.51 |  10.18 |I I 
17:46-Wed-Apr-05-2017 PM10  |  21.61 |  21.87 |  26.42 |  14.04 |I I 
17:46-Wed-Apr-05-2017 PM2.5 |  12.90 |  13.52 |  24.51 |  10.18 |I I 
17:50-Wed-Apr-05-2017 PM10  |  20.39 |  21.79 |  26.42 |  14.04 |I I 
17:50-Wed-Apr-05-2017 PM2.5 |  13.58 |  13.52 |  24.51 |  10.18 |I I 
17:51-Wed-Apr-05-2017 PM10  |  23.32 |  21.87 |  26.42 |  14.04 |I I 
17:51-Wed-Apr-05-2017 PM2.5 |  13.12 |  13.50 |  24.51 |  10.18 |I I 
17:55-Wed-Apr-05-2017 PM10  |  20.26 |  21.79 |  26.42 |  14.04 |I I 
17:55-Wed-Apr-05-2017 PM2.5 |  13.12 |  13.48 |  24.51 |  10.18 |I I 
17:56-Wed-Apr-05-2017 PM10  |  19.92 |  21.71 |  26.42 |  14.04 |I I 
17:56-Wed-Apr-05-2017 PM2.5 |  12.75 |  13.45 |  24.51 |  10.18 |I I 
18:00-Wed-Apr-05-2017 PM10  |  19.66 |  21.63 |  26.42 |  14.04 |I I 
18:00-Wed-Apr-05-2017 PM2.5 |  12.67 |  13.42 |  24.51 |  10.18 |I I 
18:01-Wed-Apr-05-2017 PM10  |  21.00 |  21.00 |  26.42 |  14.04 |I I 
18:01-Wed-Apr-05-2017 PM2.5 |  12.91 |  12.91 |  24.51 |  10.18 |I I 
18:05-Wed-Apr-05-2017 PM10  |  22.43 |  21.71 |  26.42 |  14.04 |I I 
18:05-Wed-Apr-05-2017 PM2.5 |  13.59 |  13.25 |  24.51 |  10.18 |I I 
18:06-Wed-Apr-05-2017 PM10  |  22.43 |  21.95 |  26.42 |  14.04 |I I 
18:06-Wed-Apr-05-2017 PM2.5 |  13.59 |  13.36 |  24.51 |  10.18 |I I 
18:07-Wed-Apr-05-2017 PM10  |  20.52 |  21.59 |  26.42 |  14.04 |I I 
18:07-Wed-Apr-05-2017 PM2.5 |  13.67 |  13.44 |  24.51 |  10.18 |I I 
18:11-Wed-Apr-05-2017 PM10  |  20.32 |  21.34 |  26.42 |  14.04 |I I 
18:11-Wed-Apr-05-2017 PM2.5 |  13.23 |  13.40 |  24.51 |  10.18 |I I 
18:12-Wed-Apr-05-2017 PM10  |  21.08 |  21.30 |  26.42 |  14.04 |I I 
18:12-Wed-Apr-05-2017 PM2.5 |  13.70 |  13.45 |  24.51 |  10.18 |I I 
18:16-Wed-Apr-05-2017 PM10  |  21.79 |  21.37 |  26.42 |  14.04 |I I 
18:16-Wed-Apr-05-2017 PM2.5 |  14.42 |  13.59 |  24.51 |  10.18 |I I 
18:17-Wed-Apr-05-2017 PM10  |  26.02 |  21.95 |  26.42 |  14.04 |I I 
18:17-Wed-Apr-05-2017 PM2.5 |  15.30 |  13.80 |  24.51 |  10.18 |I I 
18:21-Wed-Apr-05-2017 PM10  |  25.26 |  22.32 |  26.42 |  14.04 |I I 
18:21-Wed-Apr-05-2017 PM2.5 |  16.42 |  14.09 |  24.51 |  10.18 |I I 
18:22-Wed-Apr-05-2017 PM10  |  24.62 |  22.55 |  26.42 |  14.04 |I I 
18:22-Wed-Apr-05-2017 PM2.5 |  15.25 |  14.21 |  24.51 |  10.18 |I I 
18:26-Wed-Apr-05-2017 PM10  |  24.69 |  22.74 |  26.42 |  14.04 |I I 
18:26-Wed-Apr-05-2017 PM2.5 |  16.49 |  14.42 |  24.51 |  10.18 |I I 
18:27-Wed-Apr-05-2017 PM10  |  27.34 |  23.13 |  26.42 |  14.04 |I I 
18:27-Wed-Apr-05-2017 PM2.5 |  16.54 |  14.59 |  24.51 |  10.18 |I I 
18:31-Wed-Apr-05-2017 PM10  |  26.93 |  23.42 |  26.42 |  14.04 |I I 
18:31-Wed-Apr-05-2017 PM2.5 |  17.11 |  14.79 |  24.51 |  10.18 |I I 
18:32-Wed-Apr-05-2017 PM10  |  26.93 |  23.67 |  26.42 |  14.04 |I I 
18:32-Wed-Apr-05-2017 PM2.5 |  17.11 |  14.95 |  24.51 |  10.18 |I I 
18:33-Wed-Apr-05-2017 PM10  |  25.68 |  23.80 |  26.42 |  14.04 |I I 
18:33-Wed-Apr-05-2017 PM2.5 |  16.02 |  15.02 |  24.51 |  10.18 |I I 
18:37-Wed-Apr-05-2017 PM10  |  23.89 |  23.81 |  26.42 |  14.04 |I I 
18:37-Wed-Apr-05-2017 PM2.5 |  16.21 |  15.10 |  24.51 |  10.18 |I I 
18:38-Wed-Apr-05-2017 PM10  |  25.26 |  23.89 |  26.42 |  14.04 |I I 
18:38-Wed-Apr-05-2017 PM2.5 |  16.18 |  15.16 |  24.51 |  10.18 |I I 
18:42-Wed-Apr-05-2017 PM10  |  26.55 |  24.04 |  26.42 |  14.04 |I I 
18:42-Wed-Apr-05-2017 PM2.5 |  16.91 |  15.26 |  24.51 |  10.18 |I I 
18:43-Wed-Apr-05-2017 PM10  |  24.72 |  24.08 |  26.42 |  14.04 |I I 
18:43-Wed-Apr-05-2017 PM2.5 |  15.99 |  15.30 |  24.51 |  10.18 |I I 
18:47-Wed-Apr-05-2017 PM10  |  24.59 |  24.10 |  26.42 |  14.04 |I I 
18:47-Wed-Apr-05-2017 PM2.5 |  16.78 |  15.37 |  24.51 |  10.18 |I I 
18:48-Wed-Apr-05-2017 PM10  |  26.72 |  24.23 |  26.42 |  14.04 |I I 
18:48-Wed-Apr-05-2017 PM2.5 |  15.82 |  15.39 |  24.51 |  10.18 |I I 
18:52-Wed-Apr-05-2017 PM10  |  24.05 |  24.22 |  26.42 |  14.04 |I I 
18:52-Wed-Apr-05-2017 PM2.5 |  16.09 |  15.42 |  24.51 |  10.18 |I I 
18:53-Wed-Apr-05-2017 PM10  |  23.24 |  24.18 |  26.42 |  14.04 |I I 
18:53-Wed-Apr-05-2017 PM2.5 |  14.98 |  15.40 |  24.51 |  10.18 |I I 
18:57-Wed-Apr-05-2017 PM10  |  23.82 |  24.16 |  26.42 |  14.04 |I B 
18:57-Wed-Apr-05-2017 PM2.5 |  15.40 |  15.40 |  24.51 |  10.18 |I B 
18:58-Wed-Apr-05-2017recover dati per host :92.223.147.77/nodered
18:58-Wed-Apr-05-2017 PM10  |  23.82 |  24.15 |  26.42 |  14.04 |I I 
18:58-Wed-Apr-05-2017 PM2.5 |  15.40 |  15.40 |  24.51 |  10.18 |I I 
18:59-Wed-Apr-05-2017 PM10  |  22.83 |  24.10 |  26.42 |  14.04 |I I 
18:59-Wed-Apr-05-2017 PM2.5 |  14.80 |  15.38 |  24.51 |  10.18 |I I 
19:03-Wed-Apr-05-2017 PM10  |  21.72 |  24.01 |  26.42 |  14.04 |I I 
19:03-Wed-Apr-05-2017 PM2.5 |  15.39 |  15.38 |  24.51 |  10.18 |I I 
19:04-Wed-Apr-05-2017 PM10  |  22.88 |  22.88 |  26.42 |  14.04 |I I 
19:04-Wed-Apr-05-2017 PM2.5 |  14.79 |  14.79 |  24.51 |  10.18 |I I 
19:08-Wed-Apr-05-2017 PM10  |  21.50 |  22.19 |  26.42 |  14.04 |I I 
19:08-Wed-Apr-05-2017 PM2.5 |  14.92 |  14.86 |  24.51 |  10.18 |I I 
19:09-Wed-Apr-05-2017 PM10  |  23.30 |  22.56 |  26.42 |  14.04 |I I 
19:09-Wed-Apr-05-2017 PM2.5 |  14.29 |  14.67 |  24.51 |  10.18 |I I 
19:13-Wed-Apr-05-2017 PM10  |  22.81 |  22.62 |  26.42 |  14.04 |I I 
19:13-Wed-Apr-05-2017 PM2.5 |  14.41 |  14.60 |  24.51 |  10.18 |I I 
19:14-Wed-Apr-05-2017 PM10  |  23.22 |  22.74 |  26.42 |  14.04 |I I 
19:14-Wed-Apr-05-2017 PM2.5 |  13.90 |  14.46 |  24.51 |  10.18 |I I 
19:18-Wed-Apr-05-2017 PM10  |  19.54 |  22.21 |  26.42 |  14.04 |I I 
19:18-Wed-Apr-05-2017 PM2.5 |  14.20 |  14.42 |  24.51 |  10.18 |I I 
19:19-Wed-Apr-05-2017 PM10  |  25.95 |  22.74 |  26.42 |  14.04 |I I 
19:19-Wed-Apr-05-2017 PM2.5 |  14.32 |  14.40 |  24.51 |  10.18 |I I 
19:23-Wed-Apr-05-2017 PM10  |  21.06 |  22.53 |  26.42 |  14.04 |I I 
19:23-Wed-Apr-05-2017 PM2.5 |  14.34 |  14.40 |  24.51 |  10.18 |I I 
19:24-Wed-Apr-05-2017 PM10  |  21.06 |  22.37 |  26.42 |  14.04 |I I 
19:24-Wed-Apr-05-2017 PM2.5 |  14.34 |  14.39 |  24.51 |  10.18 |I I 
19:25-Wed-Apr-05-2017 PM10  |  22.23 |  22.35 |  26.42 |  14.04 |I I 
19:25-Wed-Apr-05-2017 PM2.5 |  13.60 |  14.31 |  24.51 |  10.18 |I I 
19:29-Wed-Apr-05-2017 PM10  |  29.46 |  23.00 |  26.42 |  14.04 |I I 
19:29-Wed-Apr-05-2017 PM2.5 |  14.44 |  14.32 |  24.51 |  10.18 |I I 
19:30-Wed-Apr-05-2017 PM10  |  21.55 |  22.88 |  26.42 |  14.04 |I I 
19:30-Wed-Apr-05-2017 PM2.5 |  13.30 |  14.24 |  24.51 |  10.18 |I I 
19:34-Wed-Apr-05-2017 PM10  |  20.22 |  22.67 |  26.42 |  14.04 |I I 
19:34-Wed-Apr-05-2017 PM2.5 |  13.25 |  14.16 |  24.51 |  10.18 |I I 
19:35-Wed-Apr-05-2017 PM10  |  18.48 |  22.37 |  26.42 |  14.04 |I I 
19:35-Wed-Apr-05-2017 PM2.5 |  12.56 |  14.05 |  24.51 |  10.18 |I I 
19:39-Wed-Apr-05-2017 PM10  |  18.14 |  22.09 |  26.42 |  14.04 |I I 
19:39-Wed-Apr-05-2017 PM2.5 |  12.56 |  13.95 |  24.51 |  10.18 |I I 
19:40-Wed-Apr-05-2017 PM10  |  18.38 |  21.86 |  26.42 |  14.04 |I I 
19:40-Wed-Apr-05-2017 PM2.5 |  12.32 |  13.85 |  24.51 |  10.18 |I I 
19:44-Wed-Apr-05-2017 PM10  |  17.72 |  21.62 |  26.42 |  14.04 |I I 
19:44-Wed-Apr-05-2017 PM2.5 |  12.16 |  13.75 |  24.51 |  10.18 |I I 
19:45-Wed-Apr-05-2017 PM10  |  20.90 |  21.58 |  26.42 |  14.04 |I I 
19:45-Wed-Apr-05-2017 PM2.5 |  12.81 |  13.70 |  24.51 |  10.18 |I I 
19:49-Wed-Apr-05-2017 PM10  |  20.46 |  21.52 |  26.42 |  14.04 |I I 
19:49-Wed-Apr-05-2017 PM2.5 |  12.86 |  13.65 |  24.51 |  10.18 |I I 
19:50-Wed-Apr-05-2017 PM10  |  20.46 |  21.47 |  26.42 |  14.04 |I I 
19:50-Wed-Apr-05-2017 PM2.5 |  12.86 |  13.61 |  24.51 |  10.18 |I I 
19:51-Wed-Apr-05-2017 PM10  |  19.93 |  21.39 |  26.42 |  14.04 |I I 
19:51-Wed-Apr-05-2017 PM2.5 |  12.30 |  13.55 |  24.51 |  10.18 |I I 
19:55-Wed-Apr-05-2017 PM10  |  19.01 |  21.28 |  26.42 |  14.04 |I I 
19:55-Wed-Apr-05-2017 PM2.5 |  12.33 |  13.49 |  24.51 |  10.18 |I I 
19:56-Wed-Apr-05-2017 PM10  |  19.50 |  21.21 |  26.42 |  14.04 |I I 
19:56-Wed-Apr-05-2017 PM2.5 |  12.25 |  13.44 |  24.51 |  10.18 |I I 
20:00-Wed-Apr-05-2017 PM10  |  20.75 |  21.19 |  26.42 |  14.04 |I I 
20:00-Wed-Apr-05-2017 PM2.5 |  12.78 |  13.41 |  24.51 |  10.18 |I I 
20:01-Wed-Apr-05-2017 PM10  |  20.54 |  20.54 |  26.42 |  14.04 |I I 
20:01-Wed-Apr-05-2017 PM2.5 |  12.70 |  12.70 |  24.51 |  10.18 |I I 
20:05-Wed-Apr-05-2017 PM10  |  21.79 |  21.16 |  26.42 |  14.04 |I I 
20:05-Wed-Apr-05-2017 PM2.5 |  12.75 |  12.72 |  24.51 |  10.18 |I I 
20:06-Wed-Apr-05-2017 PM10  |  21.23 |  21.18 |  26.42 |  14.04 |I I 
20:06-Wed-Apr-05-2017 PM2.5 |  12.42 |  12.62 |  24.51 |  10.18 |I I 
20:10-Wed-Apr-05-2017 PM10  |  20.30 |  20.96 |  26.42 |  14.04 |I I 
20:10-Wed-Apr-05-2017 PM2.5 |  12.53 |  12.60 |  24.51 |  10.18 |I I 
20:11-Wed-Apr-05-2017 PM10  |  25.28 |  21.83 |  26.42 |  14.04 |I I 
20:11-Wed-Apr-05-2017 PM2.5 |  12.71 |  12.62 |  24.51 |  10.18 |I I 
20:15-Wed-Apr-05-2017 PM10  |  24.21 |  22.22 |  26.42 |  14.04 |I I 
20:15-Wed-Apr-05-2017 PM2.5 |  13.23 |  12.72 |  24.51 |  10.18 |I I 
20:16-Wed-Apr-05-2017 PM10  |  24.21 |  22.51 |  26.42 |  14.04 |I I 
20:16-Wed-Apr-05-2017 PM2.5 |  13.23 |  12.80 |  24.51 |  10.18 |I I 
20:18-Wed-Apr-05-2017 PM10  |  21.37 |  22.36 |  26.42 |  14.04 |I I 
20:18-Wed-Apr-05-2017 PM2.5 |  12.61 |  12.77 |  24.51 |  10.18 |I I 
20:22-Wed-Apr-05-2017 PM10  |  21.98 |  22.32 |  26.42 |  14.04 |I I 
20:22-Wed-Apr-05-2017 PM2.5 |  12.96 |  12.79 |  24.51 |  10.18 |I I 
20:23-Wed-Apr-05-2017 PM10  |  20.89 |  22.18 |  26.42 |  14.04 |I I 
20:23-Wed-Apr-05-2017 PM2.5 |  12.15 |  12.73 |  24.51 |  10.18 |I I 
20:27-Wed-Apr-05-2017 PM10  |  25.10 |  22.44 |  26.42 |  14.04 |I I 
20:27-Wed-Apr-05-2017 PM2.5 |  13.13 |  12.77 |  24.51 |  10.18 |I I 
20:28-Wed-Apr-05-2017 PM10  |  20.78 |  22.30 |  26.42 |  14.04 |I I 
20:28-Wed-Apr-05-2017 PM2.5 |  12.47 |  12.74 |  24.51 |  10.18 |I I 
20:32-Wed-Apr-05-2017 PM10  |  21.00 |  22.20 |  26.42 |  14.04 |I I 
20:32-Wed-Apr-05-2017 PM2.5 |  13.04 |  12.76 |  24.51 |  10.18 |I I 
20:33-Wed-Apr-05-2017 PM10  |  21.06 |  22.12 |  26.42 |  14.04 |I I 
20:33-Wed-Apr-05-2017 PM2.5 |  12.26 |  12.73 |  24.51 |  10.18 |I I 
20:37-Wed-Apr-05-2017 PM10  |  19.90 |  21.97 |  26.42 |  14.04 |I I 
20:37-Wed-Apr-05-2017 PM2.5 |  13.28 |  12.77 |  24.51 |  10.18 |I I 
20:38-Wed-Apr-05-2017 PM10  |  19.23 |  21.80 |  26.42 |  14.04 |I I 
20:38-Wed-Apr-05-2017 PM2.5 |  12.15 |  12.73 |  24.51 |  10.18 |I I 
20:42-Wed-Apr-05-2017 PM10  |  17.70 |  21.56 |  26.42 |  14.04 |I I 
20:42-Wed-Apr-05-2017 PM2.5 |  12.31 |  12.70 |  24.51 |  10.18 |I I 
20:43-Wed-Apr-05-2017 PM10  |  17.70 |  21.35 |  26.42 |  14.04 |I I 
20:43-Wed-Apr-05-2017 PM2.5 |  12.31 |  12.68 |  24.51 |  10.18 |I I 
20:44-Wed-Apr-05-2017 PM10  |  19.90 |  21.27 |  26.42 |  14.04 |I I 
20:44-Wed-Apr-05-2017 PM2.5 |  12.01 |  12.64 |  24.51 |  10.18 |I I 
20:48-Wed-Apr-05-2017 PM10  |  20.28 |  21.22 |  26.42 |  14.04 |I I 
20:48-Wed-Apr-05-2017 PM2.5 |  12.29 |  12.63 |  24.51 |  10.18 |I I 
20:49-Wed-Apr-05-2017 PM10  |  19.14 |  21.12 |  26.42 |  14.04 |I I 
20:49-Wed-Apr-05-2017 PM2.5 |  11.90 |  12.59 |  24.51 |  10.18 |I I 
20:53-Wed-Apr-05-2017 PM10  |  19.14 |  21.03 |  26.42 |  14.04 |I I 
20:53-Wed-Apr-05-2017 PM2.5 |  11.48 |  12.54 |  24.51 |  10.18 |I I 
20:54-Wed-Apr-05-2017 PM10  |  20.77 |  21.02 |  26.42 |  14.04 |I I 
20:54-Wed-Apr-05-2017 PM2.5 |  11.60 |  12.50 |  24.51 |  10.18 |I I 
20:58-Wed-Apr-05-2017 PM10  |  20.72 |  21.01 |  26.42 |  14.04 |I I 
20:58-Wed-Apr-05-2017 PM2.5 |  12.15 |  12.49 |  24.51 |  10.18 |I I 
20:59-Wed-Apr-05-2017 PM10  |  19.78 |  20.96 |  26.42 |  14.04 |I I 
20:59-Wed-Apr-05-2017 PM2.5 |  11.37 |  12.44 |  24.51 |  10.18 |I I 
21:03-Wed-Apr-05-2017 PM10  |  17.33 |  20.82 |  26.42 |  14.04 |I I 
21:03-Wed-Apr-05-2017 PM2.5 |  11.22 |  12.39 |  24.51 |  10.18 |I I 
21:04-Wed-Apr-05-2017 PM10  |  15.96 |  15.96 |  26.42 |  14.04 |I I 
21:04-Wed-Apr-05-2017 PM2.5 |  11.05 |  11.05 |  24.51 |  10.18 |I I 
21:08-Wed-Apr-05-2017 PM10  |  18.94 |  17.45 |  26.42 |  14.04 |I I 
21:08-Wed-Apr-05-2017 PM2.5 |  11.66 |  11.35 |  24.51 |  10.18 |I I 
21:09-Wed-Apr-05-2017 PM10  |  18.94 |  17.95 |  26.42 |  14.04 |I I 
21:09-Wed-Apr-05-2017 PM2.5 |  11.66 |  11.46 |  24.51 |  10.18 |I I 
21:10-Wed-Apr-05-2017 PM10  |  19.91 |  18.44 |  26.42 |  14.04 |I I 
21:10-Wed-Apr-05-2017 PM2.5 |  10.59 |  11.24 |  24.51 |  10.18 |I I 
21:14-Wed-Apr-05-2017 PM10  |  16.99 |  18.15 |  26.42 |  14.04 |I I 
21:14-Wed-Apr-05-2017 PM2.5 |  10.68 |  11.13 |  24.51 |  10.18 |I I 
21:15-Wed-Apr-05-2017 PM10  |  22.17 |  18.82 |  26.42 |  14.04 |I I 
21:15-Wed-Apr-05-2017 PM2.5 |  11.76 |  11.23 |  24.51 |  10.18 |I I 
21:19-Wed-Apr-05-2017 PM10  |  20.29 |  19.03 |  26.42 |  14.04 |I I 
21:19-Wed-Apr-05-2017 PM2.5 |  11.18 |  11.22 |  24.51 |  10.18 |I I 
21:20-Wed-Apr-05-2017 PM10  |  21.40 |  19.33 |  26.42 |  14.04 |I I 
21:20-Wed-Apr-05-2017 PM2.5 |  10.83 |  11.18 |  24.51 |  10.18 |I I 
21:24-Wed-Apr-05-2017 PM10  |  19.43 |  19.34 |  26.42 |  14.04 |I I 
21:24-Wed-Apr-05-2017 PM2.5 |  10.96 |  11.15 |  24.51 |  10.18 |I I 
21:25-Wed-Apr-05-2017 PM10  |  17.33 |  19.14 |  26.42 |  14.04 |I I 
21:25-Wed-Apr-05-2017 PM2.5 |  10.29 |  11.07 |  24.51 |  10.18 |I I 
21:29-Wed-Apr-05-2017 PM10  |  16.35 |  18.88 |  26.42 |  14.04 |I I 
21:29-Wed-Apr-05-2017 PM2.5 |  10.52 |  11.02 |  24.51 |  10.18 |I I 
21:30-Wed-Apr-05-2017 PM10  |  20.41 |  19.01 |  26.42 |  14.04 |I I 
21:30-Wed-Apr-05-2017 PM2.5 |  10.98 |  11.01 |  24.51 |  10.18 |I I 
21:34-Wed-Apr-05-2017 PM10  |  18.48 |  18.97 |  26.42 |  14.04 |I I 
21:34-Wed-Apr-05-2017 PM2.5 |  11.14 |  11.02 |  24.51 |  10.18 |I I 
21:35-Wed-Apr-05-2017 PM10  |  18.48 |  18.93 |  26.42 |  14.04 |I I 
21:35-Wed-Apr-05-2017 PM2.5 |  11.14 |  11.03 |  24.51 |  10.18 |I I 
21:36-Wed-Apr-05-2017 PM10  |  18.63 |  18.91 |  26.42 |  14.04 |I I 
21:36-Wed-Apr-05-2017 PM2.5 |  10.39 |  10.99 |  24.51 |  10.18 |I I 
21:40-Wed-Apr-05-2017 PM10  |  19.33 |  18.94 |  26.42 |  14.04 |I I 
21:40-Wed-Apr-05-2017 PM2.5 |  11.01 |  10.99 |  24.51 |  10.18 |I I 
21:41-Wed-Apr-05-2017 PM10  |  18.99 |  18.94 |  26.42 |  14.04 |I I 
21:41-Wed-Apr-05-2017 PM2.5 |  10.81 |  10.98 |  24.51 |  10.18 |I I 
21:45-Wed-Apr-05-2017 PM10  |  20.99 |  19.06 |  26.42 |  14.04 |I I 
21:45-Wed-Apr-05-2017 PM2.5 |  10.61 |  10.96 |  24.51 |  10.18 |I I 
21:46-Wed-Apr-05-2017 PM10  |  19.93 |  19.10 |  26.42 |  14.04 |I I 
21:46-Wed-Apr-05-2017 PM2.5 |  10.27 |  10.92 |  24.51 |  10.18 |I I 
21:50-Wed-Apr-05-2017 PM10  |  24.93 |  19.39 |  26.42 |  14.04 |I I 
21:50-Wed-Apr-05-2017 PM2.5 |  10.41 |  10.90 |  24.51 |  10.18 |I I 
21:51-Wed-Apr-05-2017 PM10  |  16.95 |  19.28 |  26.42 |  14.04 |I I 
21:51-Wed-Apr-05-2017 PM2.5 |  10.29 |  10.87 |  24.51 |  10.18 |I I 
21:55-Wed-Apr-05-2017 PM10  |  18.53 |  19.24 |  26.42 |  14.04 |I I 
21:55-Wed-Apr-05-2017 PM2.5 |  10.10 |  10.83 |  24.51 |  10.18 |I I 
21:56-Wed-Apr-05-2017 PM10  |  15.05 |  19.06 |  26.42 |  14.04 |I I 
21:56-Wed-Apr-05-2017 PM2.5 |   9.92 |  10.79 |  24.51 |  10.18 |I I 
22:00-Wed-Apr-05-2017 PM10  |  18.88 |  19.05 |  26.42 |  14.04 |I I 
22:00-Wed-Apr-05-2017 PM2.5 |  10.51 |  10.78 |  24.51 |  10.18 |I I 
22:01-Wed-Apr-05-2017 PM10  |  18.88 |  18.88 |  26.42 |  14.04 |I I 
22:01-Wed-Apr-05-2017 PM2.5 |  10.51 |  10.51 |  24.51 |  10.18 |I I 
22:02-Wed-Apr-05-2017 PM10  |  15.44 |  17.16 |  26.42 |  14.04 |I I 
22:02-Wed-Apr-05-2017 PM2.5 |  10.44 |  10.47 |  24.51 |  10.18 |I I 
22:06-Wed-Apr-05-2017 PM10  |  14.21 |  16.17 |  26.42 |  14.04 |I I 
22:06-Wed-Apr-05-2017 PM2.5 |   9.95 |  10.30 |  24.51 |  10.18 |I I 
22:07-Wed-Apr-05-2017 PM10  |  16.11 |  16.16 |  26.42 |  14.04 |I I 
22:07-Wed-Apr-05-2017 PM2.5 |   9.66 |  10.14 |  24.51 |  10.18 |I I 
22:11-Wed-Apr-05-2017 PM10  |  15.92 |  16.11 |  26.42 |  14.04 |I I 
22:11-Wed-Apr-05-2017 PM2.5 |   9.96 |  10.11 |  24.51 |  10.18 |I I 
22:12-Wed-Apr-05-2017 PM10  |  14.90 |  15.91 |  26.42 |  14.04 |I I 
22:12-Wed-Apr-05-2017 PM2.5 |   9.75 |  10.05 |  24.51 |  10.18 |I I 
22:16-Wed-Apr-05-2017 PM10  |  14.78 |  15.75 |  26.42 |  14.04 |I I 
22:16-Wed-Apr-05-2017 PM2.5 |   9.57 |   9.98 |  24.51 |  10.18 |I I 
22:17-Wed-Apr-05-2017 PM10  |  15.84 |  15.76 |  26.42 |  14.04 |I I 
22:17-Wed-Apr-05-2017 PM2.5 |   9.88 |   9.97 |  24.51 |  10.18 |I I 
22:21-Wed-Apr-05-2017 PM10  |  14.63 |  15.63 |  26.42 |  14.04 |I I 
22:21-Wed-Apr-05-2017 PM2.5 |   9.96 |   9.97 |  24.51 |  10.18 |I I 
22:22-Wed-Apr-05-2017 PM10  |  14.86 |  15.56 |  26.42 |  14.04 |I I 
22:22-Wed-Apr-05-2017 PM2.5 |   9.58 |   9.93 |  24.51 |  10.18 |I I 
22:26-Wed-Apr-05-2017 PM10  |  14.77 |  15.48 |  26.42 |  14.04 |I I 
22:26-Wed-Apr-05-2017 PM2.5 |   9.84 |   9.92 |  24.51 |  10.18 |I I 
22:27-Wed-Apr-05-2017 PM10  |  14.77 |  15.42 |  26.42 |  14.04 |I I 
22:27-Wed-Apr-05-2017 PM2.5 |   9.84 |   9.91 |  24.51 |  10.18 |I I 
22:28-Wed-Apr-05-2017 PM10  |  15.01 |  15.39 |  26.42 |  14.04 |I I 
22:28-Wed-Apr-05-2017 PM2.5 |   9.58 |   9.89 |  24.51 |  10.18 |I I 
22:32-Wed-Apr-05-2017 PM10  |  16.09 |  15.44 |  26.42 |  14.04 |I I 
22:32-Wed-Apr-05-2017 PM2.5 |  10.01 |   9.89 |  24.51 |  10.18 |I I 
22:33-Wed-Apr-05-2017 PM10  |  14.33 |  15.37 |  26.42 |  14.04 |I I 
22:33-Wed-Apr-05-2017 PM2.5 |   9.77 |   9.89 |  24.51 |  10.18 |I I 
22:37-Wed-Apr-05-2017 PM10  |  17.33 |  15.49 |  26.42 |  14.04 |I I 
22:37-Wed-Apr-05-2017 PM2.5 |   9.65 |   9.87 |  24.51 |  10.18 |I I 
22:38-Wed-Apr-05-2017 PM10  |  13.58 |  15.38 |  26.42 |  14.04 |I I 
22:38-Wed-Apr-05-2017 PM2.5 |   9.34 |   9.84 |  24.51 |  10.18 |I I 
22:42-Wed-Apr-05-2017 PM10  |  13.66 |  15.28 |  26.42 |  14.04 |I I 
22:42-Wed-Apr-05-2017 PM2.5 |   9.45 |   9.82 |  24.51 |  10.18 |I I 
22:43-Wed-Apr-05-2017 PM10  |  15.20 |  15.28 |  26.42 |  14.04 |I I 
22:43-Wed-Apr-05-2017 PM2.5 |   9.37 |   9.80 |  24.51 |  10.18 |I I 
22:47-Wed-Apr-05-2017 PM10  |  16.86 |  15.36 |  26.42 |  14.04 |I I 
22:47-Wed-Apr-05-2017 PM2.5 |   9.89 |   9.80 |  24.51 |  10.18 |I I 
22:48-Wed-Apr-05-2017 PM10  |  15.29 |  15.35 |  26.42 |  14.04 |I I 
22:48-Wed-Apr-05-2017 PM2.5 |   9.63 |   9.79 |  24.51 |  10.18 |I I 
22:52-Wed-Apr-05-2017 PM10  |  16.66 |  15.41 |  26.42 |  14.04 |I I 
22:52-Wed-Apr-05-2017 PM2.5 |   9.63 |   9.79 |  24.51 |  10.18 |I I 
22:53-Wed-Apr-05-2017 PM10  |  16.66 |  15.47 |  26.42 |  14.04 |I I 
22:53-Wed-Apr-05-2017 PM2.5 |   9.63 |   9.78 |  24.51 |  10.18 |I I 
22:54-Wed-Apr-05-2017 PM10  |  14.71 |  15.44 |  26.42 |  14.04 |I I 
22:54-Wed-Apr-05-2017 PM2.5 |   9.49 |   9.77 |  24.51 |  10.18 |I I 
22:58-Wed-Apr-05-2017 PM10  |  16.08 |  15.46 |  26.42 |  14.04 |I I 
22:58-Wed-Apr-05-2017 PM2.5 |  10.27 |   9.79 |  24.51 |  10.18 |I I 
22:59-Wed-Apr-05-2017 PM10  |  15.72 |  15.47 |  26.42 |  14.04 |I I 
22:59-Wed-Apr-05-2017 PM2.5 |   9.74 |   9.79 |  24.51 |  10.18 |I I 
23:03-Wed-Apr-05-2017 PM10  |  15.62 |  15.48 |  26.42 |  14.04 |I I 
23:03-Wed-Apr-05-2017 PM2.5 |   9.72 |   9.78 |  24.51 |   9.78 |I I 
23:04-Wed-Apr-05-2017 PM10  |  20.00 |  20.00 |  26.42 |  14.04 |I I 
23:04-Wed-Apr-05-2017 PM2.5 |   9.86 |   9.86 |  24.51 |   9.78 |I I 
23:08-Wed-Apr-05-2017 PM10  |  14.71 |  17.36 |  26.42 |  14.04 |I I 
23:08-Wed-Apr-05-2017 PM2.5 |   9.65 |   9.75 |  24.51 |   9.78 |I I 
23:09-Wed-Apr-05-2017 PM10  |  15.25 |  16.65 |  26.42 |  14.04 |I I 
23:09-Wed-Apr-05-2017 PM2.5 |   9.64 |   9.72 |  24.51 |   9.78 |I I 
23:13-Wed-Apr-05-2017 PM10  |  13.27 |  15.81 |  26.42 |  14.04 |I I 
23:13-Wed-Apr-05-2017 PM2.5 |   9.16 |   9.58 |  24.51 |   9.78 |I I 
23:15-Wed-Apr-05-2017 PM10  |  13.74 |  15.39 |  26.42 |  14.04 |I I 
23:15-Wed-Apr-05-2017 PM2.5 |   9.24 |   9.51 |  24.51 |   9.78 |I I 
23:19-Wed-Apr-05-2017 PM10  |  15.44 |  15.40 |  26.42 |  14.04 |I I 
23:19-Wed-Apr-05-2017 PM2.5 |  10.00 |   9.59 |  24.51 |   9.78 |I I 
23:20-Wed-Apr-05-2017 PM10  |  14.81 |  15.31 |  26.42 |  14.04 |I I 
23:20-Wed-Apr-05-2017 PM2.5 |   9.33 |   9.55 |  24.51 |   9.78 |I I 
23:21-Wed-Apr-05-2017 PM10  |  14.81 |  15.25 |  26.42 |  14.04 |I I 
23:21-Wed-Apr-05-2017 PM2.5 |   9.33 |   9.53 |  24.51 |   9.78 |I I 
23:25-Wed-Apr-05-2017 PM10  |  14.57 |  15.18 |  26.42 |  14.04 |I I 
23:25-Wed-Apr-05-2017 PM2.5 |   9.42 |   9.52 |  24.51 |   9.78 |I I 
23:26-Wed-Apr-05-2017 PM10  |  14.15 |  15.07 |  26.42 |  14.04 |I I 
23:26-Wed-Apr-05-2017 PM2.5 |   9.26 |   9.49 |  24.51 |   9.78 |I I 
23:30-Wed-Apr-05-2017 PM10  |  16.30 |  15.18 |  26.42 |  14.04 |I I 
23:30-Wed-Apr-05-2017 PM2.5 |   9.48 |   9.49 |  24.51 |   9.78 |I I 
23:31-Wed-Apr-05-2017 PM10  |  14.53 |  15.13 |  26.42 |  14.04 |I I 
23:31-Wed-Apr-05-2017 PM2.5 |   9.03 |   9.45 |  24.51 |   9.78 |I I 
23:35-Wed-Apr-05-2017 PM10  |  14.91 |  15.11 |  26.42 |  14.04 |I I 
23:35-Wed-Apr-05-2017 PM2.5 |   9.36 |   9.44 |  24.51 |   9.78 |I I 
23:36-Wed-Apr-05-2017 PM10  |  15.29 |  15.13 |  26.42 |  14.04 |I I 
23:36-Wed-Apr-05-2017 PM2.5 |   9.09 |   9.42 |  24.51 |   9.78 |I I 
23:40-Wed-Apr-05-2017 PM10  |  12.94 |  14.98 |  26.42 |  14.04 |I I 
23:40-Wed-Apr-05-2017 PM2.5 |   9.51 |   9.43 |  24.51 |   9.78 |I I 
23:41-Wed-Apr-05-2017 PM10  |  13.96 |  14.92 |  26.42 |  14.04 |I I 
23:41-Wed-Apr-05-2017 PM2.5 |   9.26 |   9.41 |  24.51 |   9.78 |I I 
23:45-Wed-Apr-05-2017 PM10  |  16.31 |  15.00 |  26.42 |  14.04 |I I 
23:45-Wed-Apr-05-2017 PM2.5 |   9.46 |   9.42 |  24.51 |   9.78 |I I 
23:46-Wed-Apr-05-2017 PM10  |  14.12 |  14.95 |  26.42 |  14.04 |I I 
23:46-Wed-Apr-05-2017 PM2.5 |   9.29 |   9.41 |  24.51 |   9.78 |I I 
23:47-Wed-Apr-05-2017 PM10  |  14.12 |  14.90 |  26.42 |  14.04 |I I 
23:47-Wed-Apr-05-2017 PM2.5 |   9.29 |   9.40 |  24.51 |   9.78 |I I 
23:51-Wed-Apr-05-2017 PM10  |  15.11 |  14.92 |  26.42 |  14.04 |I I 
23:51-Wed-Apr-05-2017 PM2.5 |   9.31 |   9.40 |  24.51 |   9.78 |I I 
23:52-Wed-Apr-05-2017 PM10  |  14.58 |  14.90 |  26.42 |  14.04 |I I 
23:52-Wed-Apr-05-2017 PM2.5 |   9.22 |   9.39 |  24.51 |   9.78 |I I 
23:56-Wed-Apr-05-2017 PM10  |  12.33 |  14.78 |  26.42 |  14.04 |I I 
23:56-Wed-Apr-05-2017 PM2.5 |   8.88 |   9.37 |  24.51 |   9.78 |I I 
23:57-Wed-Apr-05-2017 PM10  |  13.65 |  14.73 |  26.42 |  14.04 |I I 
23:57-Wed-Apr-05-2017 PM2.5 |   8.91 |   9.35 |  24.51 |   9.78 |I I 
00:01-Thu-Apr-06-2017 PM10  |  14.28 |  14.71 |  26.42 |  14.04 |I I 
