Nuovo File del Wed Feb  8 08:57:14 2017
08:57-Wed-Feb-08-2017Start
09:02-Wed-Feb-08-2017 PM10  |  19.35 |  19.35 |  19.35 |  19.35 |I I 
09:02-Wed-Feb-08-2017 PM2.5 |  10.19 |  10.19 |  10.19 |  10.19 |I I 
[Wed Feb  8 09:40:15 2017] Report del giorno Wednesday February 08 2017 -- INVIATO a s.moretti@bertolottispa.it
10:33-Wed-Feb-08-2017Start
10:49-Wed-Feb-08-2017Start
10:56-Wed-Feb-08-2017Start
11:03-Wed-Feb-08-2017Start
11:08-Wed-Feb-08-2017 PM10  |   7.51 |   7.51 |   0.00 |  2000.00|I I 
11:08-Wed-Feb-08-2017 PM2.5 |   4.67 |   4.67 |   0.00 |  2000.00|I I 
11:12-Wed-Feb-08-2017 PM10  |   7.17 |   7.34 |   0.00 |  2000.00|I I 
11:12-Wed-Feb-08-2017 PM2.5 |   4.46 |   4.57 |   0.00 |  2000.00|I I 
11:13-Wed-Feb-08-2017 PM10  |   9.47 |   8.05 |   0.00 |  2000.00|I I 
11:13-Wed-Feb-08-2017 PM2.5 |   4.92 |   4.68 |   0.00 |  2000.00|I I 
11:17-Wed-Feb-08-2017 PM10  |   7.87 |   8.00 |   0.00 |  2000.00|I I 
11:17-Wed-Feb-08-2017 PM2.5 |   4.75 |   4.70 |   0.00 |  2000.00|I I 
11:18-Wed-Feb-08-2017 PM10  |   8.79 |   8.16 |   0.00 |  2000.00|I I 
11:18-Wed-Feb-08-2017 PM2.5 |   4.17 |   4.60 |   0.00 |  2000.00|I I 
11:22-Wed-Feb-08-2017 PM10  |   7.93 |   8.12 |   0.00 |  2000.00|I I 
11:22-Wed-Feb-08-2017 PM2.5 |   3.87 |   4.47 |   0.00 |  2000.00|I I 
11:23-Wed-Feb-08-2017 PM10  |   7.79 |   8.07 |   0.00 |  2000.00|I I 
11:23-Wed-Feb-08-2017 PM2.5 |   4.26 |   4.44 |   0.00 |  2000.00|I I 
11:31-Wed-Feb-08-2017Start
11:36-Wed-Feb-08-2017 PM10  |   7.70 |   7.70 |   0.00 |  2000.00|I I 
11:36-Wed-Feb-08-2017 PM2.5 |   4.37 |   4.37 |   0.00 |  2000.00|I I 
11:40-Wed-Feb-08-2017 PM10  |  11.40 |   9.55 |   0.00 |  2000.00|I I 
11:40-Wed-Feb-08-2017 PM2.5 |   5.37 |   4.87 |   0.00 |  2000.00|I I 
11:41-Wed-Feb-08-2017 PM10  |   7.23 |   8.78 |   0.00 |  2000.00|I I 
11:41-Wed-Feb-08-2017 PM2.5 |   4.52 |   4.75 |   0.00 |  2000.00|I I 
11:45-Wed-Feb-08-2017 PM10  |   8.07 |   8.60 |   0.00 |  2000.00|I I 
11:45-Wed-Feb-08-2017 PM2.5 |   4.84 |   4.77 |   0.00 |  2000.00|I I 
11:46-Wed-Feb-08-2017 PM10  |   7.27 |   8.33 |   0.00 |  2000.00|I I 
11:46-Wed-Feb-08-2017 PM2.5 |   4.28 |   4.67 |   0.00 |  2000.00|I I 
11:51-Wed-Feb-08-2017 PM10  |   8.18 |   8.31 |   0.00 |  2000.00|I I 
11:51-Wed-Feb-08-2017 PM2.5 |   4.41 |   4.63 |   0.00 |  2000.00|I I 
11:52-Wed-Feb-08-2017 PM10  |   6.83 |   8.10 |   0.00 |  2000.00|I I 
11:52-Wed-Feb-08-2017 PM2.5 |   4.21 |   4.57 |   0.00 |  2000.00|I I 
11:56-Wed-Feb-08-2017 PM10  |   5.81 |   7.81 |   0.00 |  2000.00|I I 
11:56-Wed-Feb-08-2017 PM2.5 |   4.15 |   4.52 |   0.00 |  2000.00|I I 
11:57-Wed-Feb-08-2017 PM10  |   6.62 |   7.68 |   0.00 |  2000.00|I I 
11:57-Wed-Feb-08-2017 PM2.5 |   3.98 |   4.46 |   0.00 |  2000.00|I I 
11:58-Wed-Feb-08-2017 PM10  |   6.62 |   7.57 |   0.00 |  2000.00|I I 
11:58-Wed-Feb-08-2017 PM2.5 |   3.98 |   4.41 |   0.00 |  2000.00|I I 
12:02-Wed-Feb-08-2017 PM10  |   7.00 |   7.52 |   7.52 |   7.52 |I I 
12:02-Wed-Feb-08-2017 PM2.5 |   4.41 |   4.41 |   4.41 |   4.41 |I I 
12:03-Wed-Feb-08-2017 PM10  |   7.98 |   7.98 |   7.52 |   7.52 |I I 
12:03-Wed-Feb-08-2017 PM2.5 |   4.54 |   4.54 |   4.41 |   4.41 |I I 
12:07-Wed-Feb-08-2017 PM10  |   7.64 |   7.81 |   7.52 |   7.52 |I I 
12:07-Wed-Feb-08-2017 PM2.5 |   4.24 |   4.39 |   4.41 |   4.41 |I I 
12:08-Wed-Feb-08-2017 PM10  |   7.91 |   7.84 |   7.52 |   7.52 |I I 
12:08-Wed-Feb-08-2017 PM2.5 |   4.06 |   4.28 |   4.41 |   4.41 |I I 
12:12-Wed-Feb-08-2017 PM10  |   7.82 |   7.84 |   7.52 |   7.52 |I I 
12:12-Wed-Feb-08-2017 PM2.5 |   4.34 |   4.30 |   4.41 |   4.41 |I I 
12:13-Wed-Feb-08-2017 PM10  |   7.71 |   7.81 |   7.52 |   7.52 |I I 
12:13-Wed-Feb-08-2017 PM2.5 |   4.28 |   4.29 |   4.41 |   4.41 |I I 
12:17-Wed-Feb-08-2017 PM10  |   7.22 |   7.71 |   7.52 |   7.52 |I I 
12:17-Wed-Feb-08-2017 PM2.5 |   4.39 |   4.31 |   4.41 |   4.41 |I I 
12:18-Wed-Feb-08-2017 PM10  |   6.84 |   7.59 |   7.52 |   7.52 |I I 
12:18-Wed-Feb-08-2017 PM2.5 |   4.15 |   4.29 |   4.41 |   4.41 |I I 
12:22-Wed-Feb-08-2017 PM10  |   7.79 |   7.61 |   7.52 |   7.52 |I I 
12:22-Wed-Feb-08-2017 PM2.5 |   4.57 |   4.32 |   4.41 |   4.41 |I I 
12:23-Wed-Feb-08-2017 PM10  |   8.14 |   7.67 |   7.52 |   7.52 |I I 
12:23-Wed-Feb-08-2017 PM2.5 |   4.52 |   4.34 |   4.41 |   4.41 |I I 
12:24-Wed-Feb-08-2017 PM10  |   8.14 |   7.72 |   7.52 |   7.52 |I I 
12:24-Wed-Feb-08-2017 PM2.5 |   4.52 |   4.36 |   4.41 |   4.41 |I I 
12:28-Wed-Feb-08-2017 PM10  |   7.84 |   7.73 |   7.52 |   7.52 |I I 
12:28-Wed-Feb-08-2017 PM2.5 |   4.66 |   4.39 |   4.41 |   4.41 |I I 
12:28-Wed-Feb-08-2017Start
12:33-Wed-Feb-08-2017 PM10  |   9.36 |   9.36 |   7.52 |   7.52 |I I 
12:33-Wed-Feb-08-2017 PM2.5 |   5.16 |   5.16 |   4.41 |   4.41 |I I 
12:37-Wed-Feb-08-2017 PM10  |   9.57 |   9.46 |   7.52 |   7.52 |I I 
12:37-Wed-Feb-08-2017 PM2.5 |   5.15 |   5.16 |   4.41 |   4.41 |I I 
12:38-Wed-Feb-08-2017 PM10  |   7.77 |   8.90 |   7.52 |   7.52 |I I 
12:38-Wed-Feb-08-2017 PM2.5 |   4.72 |   5.01 |   4.41 |   4.41 |I I 
12:42-Wed-Feb-08-2017 PM10  |   9.18 |   8.97 |   7.52 |   7.52 |I I 
12:42-Wed-Feb-08-2017 PM2.5 |   5.02 |   5.01 |   4.41 |   4.41 |I I 
12:43-Wed-Feb-08-2017 PM10  |   6.89 |   8.55 |   7.52 |   7.52 |I I 
12:43-Wed-Feb-08-2017 PM2.5 |   4.27 |   4.86 |   4.41 |   4.41 |I I 
12:47-Wed-Feb-08-2017 PM10  |   7.57 |   8.39 |   7.52 |   7.52 |I I 
12:47-Wed-Feb-08-2017 PM2.5 |   4.59 |   4.82 |   4.41 |   4.41 |I I 
12:51-Wed-Feb-08-2017 PM10  |   8.42 |   8.39 |   7.52 |   7.52 |I I 
12:51-Wed-Feb-08-2017 PM2.5 |   4.93 |   4.83 |   4.41 |   4.41 |I I 
12:52-Wed-Feb-08-2017 PM10  |   9.22 |   8.50 |   7.52 |   7.52 |I I 
12:52-Wed-Feb-08-2017 PM2.5 |   4.91 |   4.84 |   4.41 |   4.41 |I I 
12:56-Wed-Feb-08-2017 PM10  |   8.14 |   8.46 |   7.52 |   7.52 |I I 
12:56-Wed-Feb-08-2017 PM2.5 |   5.06 |   4.87 |   4.41 |   4.41 |I I 
12:57-Wed-Feb-08-2017 PM10  |   7.95 |   8.41 |   7.52 |   7.52 |I I 
12:57-Wed-Feb-08-2017 PM2.5 |   4.58 |   4.84 |   4.41 |   4.41 |I I 
13:01-Wed-Feb-08-2017 PM10  |   8.63 |   8.43 |   8.43 |   7.52 |I I 
13:01-Wed-Feb-08-2017 PM2.5 |   5.17 |   4.87 |   4.87 |   4.41 |I I 
13:02-Wed-Feb-08-2017 PM10  |   8.12 |   8.12 |   8.43 |   7.52 |I I 
13:02-Wed-Feb-08-2017 PM2.5 |   4.78 |   4.78 |   4.87 |   4.41 |I I 
13:06-Wed-Feb-08-2017 PM10  |   8.62 |   8.37 |   8.43 |   7.52 |I I 
13:06-Wed-Feb-08-2017 PM2.5 |   5.23 |   5.01 |   4.87 |   4.41 |I I 
13:07-Wed-Feb-08-2017 PM10  |   7.66 |   8.13 |   8.43 |   7.52 |I I 
13:07-Wed-Feb-08-2017 PM2.5 |   4.86 |   4.96 |   4.87 |   4.41 |I I 
13:11-Wed-Feb-08-2017 PM10  |   8.52 |   8.23 |   8.43 |   7.52 |I I 
13:11-Wed-Feb-08-2017 PM2.5 |   5.32 |   5.05 |   4.87 |   4.41 |I I 
13:12-Wed-Feb-08-2017 PM10  |   8.03 |   8.19 |   8.43 |   7.52 |I I 
13:12-Wed-Feb-08-2017 PM2.5 |   5.12 |   5.06 |   4.87 |   4.41 |I I 
13:16-Wed-Feb-08-2017 PM10  |   8.02 |   8.16 |   8.43 |   7.52 |I I 
13:16-Wed-Feb-08-2017 PM2.5 |   5.24 |   5.09 |   4.87 |   4.41 |I I 
13:17-Wed-Feb-08-2017 PM10  |  10.43 |   8.49 |   8.43 |   7.52 |I I 
13:17-Wed-Feb-08-2017 PM2.5 |   5.01 |   5.08 |   4.87 |   4.41 |I I 
13:21-Wed-Feb-08-2017 PM10  |   9.15 |   8.57 |   8.43 |   7.52 |I I 
13:21-Wed-Feb-08-2017 PM2.5 |   5.38 |   5.12 |   4.87 |   4.41 |I I 
13:22-Wed-Feb-08-2017 PM10  |   8.34 |   8.54 |   8.43 |   7.52 |I I 
13:22-Wed-Feb-08-2017 PM2.5 |   4.85 |   5.09 |   4.87 |   4.41 |I I 
13:26-Wed-Feb-08-2017 PM10  |   7.67 |   8.46 |   8.43 |   7.52 |I I 
13:26-Wed-Feb-08-2017 PM2.5 |   5.26 |   5.11 |   4.87 |   4.41 |I I 
13:27-Wed-Feb-08-2017 PM10  |   8.43 |   8.45 |   8.43 |   7.52 |I I 
13:27-Wed-Feb-08-2017 PM2.5 |   4.93 |   5.09 |   4.87 |   4.41 |I I 
13:31-Wed-Feb-08-2017 PM10  |  15.59 |   9.05 |   8.43 |   7.52 |I I 
13:31-Wed-Feb-08-2017 PM2.5 |   5.43 |   5.12 |   4.87 |   4.41 |I I 
13:33-Wed-Feb-08-2017 PM10  |   8.31 |   8.99 |   8.43 |   7.52 |I I 
13:33-Wed-Feb-08-2017 PM2.5 |   5.05 |   5.11 |   4.87 |   4.41 |I I 
13:37-Wed-Feb-08-2017 PM10  |   8.96 |   8.99 |   8.43 |   7.52 |I I 
13:37-Wed-Feb-08-2017 PM2.5 |   5.42 |   5.13 |   4.87 |   4.41 |I I 
13:38-Wed-Feb-08-2017 PM10  |   9.84 |   9.05 |   8.43 |   7.52 |I I 
13:38-Wed-Feb-08-2017 PM2.5 |   5.28 |   5.14 |   4.87 |   4.41 |I I 
13:42-Wed-Feb-08-2017 PM10  |   8.82 |   9.03 |   8.43 |   7.52 |I I 
13:42-Wed-Feb-08-2017 PM2.5 |   5.50 |   5.17 |   4.87 |   4.41 |I I 
13:43-Wed-Feb-08-2017 PM10  |   9.40 |   9.05 |   8.43 |   7.52 |I I 
13:43-Wed-Feb-08-2017 PM2.5 |   5.36 |   5.18 |   4.87 |   4.41 |I I 
15:14-Wed-Feb-08-2017Start
15:19-Wed-Feb-08-2017 PM10  |  13.05 |  13.05 |   8.43 |   7.52 |I I 
15:19-Wed-Feb-08-2017 PM2.5 |   7.05 |   7.05 |   4.87 |   4.41 |I I 
15:23-Wed-Feb-08-2017 PM10  |  13.57 |  13.31 |   8.43 |   7.52 |I I 
15:23-Wed-Feb-08-2017 PM2.5 |   7.72 |   7.38 |   4.87 |   4.41 |I I 
15:24-Wed-Feb-08-2017 PM10  |  11.47 |  12.70 |   8.43 |   7.52 |I I 
15:24-Wed-Feb-08-2017 PM2.5 |   7.01 |   7.26 |   4.87 |   4.41 |I I 
15:28-Wed-Feb-08-2017 PM10  |  15.14 |  13.31 |   8.43 |   7.52 |I I 
15:28-Wed-Feb-08-2017 PM2.5 |   8.32 |   7.52 |   4.87 |   4.41 |I I 
15:29-Wed-Feb-08-2017 PM10  |  14.47 |  13.54 |   8.43 |   7.52 |I I 
15:29-Wed-Feb-08-2017 PM2.5 |   7.85 |   7.59 |   4.87 |   4.41 |I I 
15:33-Wed-Feb-08-2017 PM10  |  13.45 |  13.53 |   8.43 |   7.52 |I I 
15:33-Wed-Feb-08-2017 PM2.5 |   8.04 |   7.66 |   4.87 |   4.41 |I I 
15:34-Wed-Feb-08-2017 PM10  |  12.18 |  13.33 |   8.43 |   7.52 |I I 
15:34-Wed-Feb-08-2017 PM2.5 |   6.99 |   7.57 |   4.87 |   4.41 |I I 
15:38-Wed-Feb-08-2017 PM10  |  13.35 |  13.34 |   8.43 |   7.52 |I I 
15:38-Wed-Feb-08-2017 PM2.5 |   7.46 |   7.55 |   4.87 |   4.41 |I I 
15:39-Wed-Feb-08-2017 PM10  |  14.77 |  13.49 |   8.43 |   7.52 |I I 
15:39-Wed-Feb-08-2017 PM2.5 |   7.76 |   7.58 |   4.87 |   4.41 |I I 
15:40-Wed-Feb-08-2017 PM10  |  14.77 |  13.62 |   8.43 |   7.52 |I I 
15:40-Wed-Feb-08-2017 PM2.5 |   7.76 |   7.60 |   4.87 |   4.41 |I I 
15:44-Wed-Feb-08-2017 PM10  |  15.30 |  13.77 |   8.43 |   7.52 |I I 
15:44-Wed-Feb-08-2017 PM2.5 |   8.39 |   7.67 |   4.87 |   4.41 |I I 
15:45-Wed-Feb-08-2017 PM10  |  15.57 |  13.92 |   8.43 |   7.52 |I I 
15:45-Wed-Feb-08-2017 PM2.5 |   7.88 |   7.69 |   4.87 |   4.41 |I I 
15:49-Wed-Feb-08-2017 PM10  |  17.10 |  14.17 |   8.43 |   7.52 |I I 
15:49-Wed-Feb-08-2017 PM2.5 |   8.42 |   7.74 |   4.87 |   4.41 |I I 
15:50-Wed-Feb-08-2017 PM10  |  15.65 |  14.27 |   8.43 |   7.52 |I I 
15:50-Wed-Feb-08-2017 PM2.5 |   8.46 |   7.79 |   4.87 |   4.41 |I I 
15:54-Wed-Feb-08-2017 PM10  |  18.34 |  14.55 |   8.43 |   7.52 |I I 
15:54-Wed-Feb-08-2017 PM2.5 |   9.60 |   7.91 |   4.87 |   4.41 |I I 
15:55-Wed-Feb-08-2017 PM10  |  17.03 |  14.70 |   8.43 |   7.52 |I I 
15:55-Wed-Feb-08-2017 PM2.5 |   8.95 |   7.98 |   4.87 |   4.41 |I I 
15:59-Wed-Feb-08-2017 PM10  |  18.17 |  14.91 |   8.43 |   7.52 |I I 
15:59-Wed-Feb-08-2017 PM2.5 |   9.79 |   8.09 |   4.87 |   4.41 |I I 
16:00-Wed-Feb-08-2017 PM10  |  18.02 |  15.08 |  15.08 |   7.52 |I I 
16:00-Wed-Feb-08-2017 PM2.5 |   9.49 |   8.16 |   8.16 |   4.41 |I I 
16:04-Wed-Feb-08-2017 PM10  |  20.16 |  20.16 |  15.08 |   7.52 |I I 
16:04-Wed-Feb-08-2017 PM2.5 |  10.00 |  10.00 |   8.16 |   4.41 |I I 
16:05-Wed-Feb-08-2017 PM10  |  16.21 |  18.19 |  15.08 |   7.52 |I I 
16:05-Wed-Feb-08-2017 PM2.5 |   7.92 |   8.96 |   8.16 |   4.41 |I I 
16:06-Wed-Feb-08-2017 PM10  |  16.21 |  17.53 |  15.08 |   7.52 |I I 
16:06-Wed-Feb-08-2017 PM2.5 |   7.92 |   8.61 |   8.16 |   4.41 |I I 
16:10-Wed-Feb-08-2017 PM10  |  14.72 |  16.83 |  15.08 |   7.52 |I I 
16:10-Wed-Feb-08-2017 PM2.5 |   8.76 |   8.65 |   8.16 |   4.41 |I I 
16:11-Wed-Feb-08-2017 PM10  |  17.76 |  17.01 |  15.08 |   7.52 |I I 
16:11-Wed-Feb-08-2017 PM2.5 |   9.14 |   8.75 |   8.16 |   4.41 |I I 
16:15-Wed-Feb-08-2017 PM10  |  16.74 |  16.97 |  15.08 |   7.52 |I I 
16:15-Wed-Feb-08-2017 PM2.5 |   9.53 |   8.88 |   8.16 |   4.41 |I I 
16:16-Wed-Feb-08-2017 PM10  |  17.97 |  17.11 |  15.08 |   7.52 |I I 
16:16-Wed-Feb-08-2017 PM2.5 |   9.39 |   8.95 |   8.16 |   4.41 |I I 
16:20-Wed-Feb-08-2017 PM10  |  16.39 |  17.02 |  15.08 |   7.52 |I I 
16:20-Wed-Feb-08-2017 PM2.5 |   9.11 |   8.97 |   8.16 |   4.41 |I I 
16:21-Wed-Feb-08-2017 PM10  |  20.75 |  17.43 |  15.08 |   7.52 |I I 
16:21-Wed-Feb-08-2017 PM2.5 |  10.55 |   9.15 |   8.16 |   4.41 |I I 
16:25-Wed-Feb-08-2017 PM10  |  21.68 |  17.86 |  15.08 |   7.52 |I I 
16:25-Wed-Feb-08-2017 PM2.5 |  10.87 |   9.32 |   8.16 |   4.41 |I I 
16:26-Wed-Feb-08-2017 PM10  |  19.48 |  18.01 |  15.08 |   7.52 |I I 
16:26-Wed-Feb-08-2017 PM2.5 |   8.85 |   9.28 |   8.16 |   4.41 |I I 
16:30-Wed-Feb-08-2017 PM10  |  18.47 |  18.04 |  15.08 |   7.52 |I I 
16:30-Wed-Feb-08-2017 PM2.5 |   9.46 |   9.29 |   8.16 |   4.41 |I I 
16:31-Wed-Feb-08-2017 PM10  |  18.73 |  18.10 |  15.08 |   7.52 |I I 
16:31-Wed-Feb-08-2017 PM2.5 |   9.38 |   9.30 |   8.16 |   4.41 |I I 
16:35-Wed-Feb-08-2017 PM10  |  20.54 |  18.27 |  15.08 |   7.52 |I I 
16:35-Wed-Feb-08-2017 PM2.5 |  10.48 |   9.38 |   8.16 |   4.41 |I I 
16:36-Wed-Feb-08-2017 PM10  |  20.54 |  18.42 |  15.08 |   7.52 |I I 
16:36-Wed-Feb-08-2017 PM2.5 |  10.48 |   9.46 |   8.16 |   4.41 |I I 
16:37-Wed-Feb-08-2017 PM10  |  18.69 |  18.44 |  15.08 |   7.52 |I I 
16:37-Wed-Feb-08-2017 PM2.5 |   9.62 |   9.47 |   8.16 |   4.41 |I I 
16:41-Wed-Feb-08-2017 PM10  |  20.11 |  18.54 |  15.08 |   7.52 |I I 
16:41-Wed-Feb-08-2017 PM2.5 |  10.27 |   9.51 |   8.16 |   4.41 |I I 
16:42-Wed-Feb-08-2017 PM10  |  19.71 |  18.60 |  15.08 |   7.52 |I I 
16:42-Wed-Feb-08-2017 PM2.5 |   9.87 |   9.53 |   8.16 |   4.41 |I I 
16:46-Wed-Feb-08-2017 PM10  |  18.78 |  18.61 |  15.08 |   7.52 |I I 
16:46-Wed-Feb-08-2017 PM2.5 |  10.49 |   9.58 |   8.16 |   4.41 |I I 
16:47-Wed-Feb-08-2017 PM10  |  19.09 |  18.64 |  15.08 |   7.52 |I I 
16:47-Wed-Feb-08-2017 PM2.5 |  10.23 |   9.62 |   8.16 |   4.41 |I I 
16:51-Wed-Feb-08-2017 PM10  |  18.87 |  18.65 |  15.08 |   7.52 |I I 
16:51-Wed-Feb-08-2017 PM2.5 |  10.27 |   9.65 |   8.16 |   4.41 |I I 
16:52-Wed-Feb-08-2017 PM10  |  18.88 |  18.66 |  15.08 |   7.52 |I I 
16:52-Wed-Feb-08-2017 PM2.5 |   9.70 |   9.65 |   8.16 |   4.41 |I I 
16:56-Wed-Feb-08-2017 PM10  |  19.23 |  18.68 |  15.08 |   7.52 |I I 
16:56-Wed-Feb-08-2017 PM2.5 |   9.56 |   9.65 |   8.16 |   4.41 |I I 
16:57-Wed-Feb-08-2017 PM10  |  25.11 |  18.95 |  15.08 |   7.52 |I I 
16:57-Wed-Feb-08-2017 PM2.5 |   9.24 |   9.63 |   8.16 |   4.41 |I I 
17:01-Wed-Feb-08-2017 PM10  |  19.04 |  18.95 |  18.95 |   7.52 |I I 
17:01-Wed-Feb-08-2017 PM2.5 |   9.70 |   9.63 |   9.63 |   4.41 |I I 
17:02-Wed-Feb-08-2017 PM10  |  19.04 |  19.04 |  18.95 |   7.52 |I I 
17:02-Wed-Feb-08-2017 PM2.5 |   9.70 |   9.70 |   9.63 |   4.41 |I I 
17:03-Wed-Feb-08-2017 PM10  |  21.57 |  20.30 |  18.95 |   7.52 |I I 
17:03-Wed-Feb-08-2017 PM2.5 |   8.97 |   9.34 |   9.63 |   4.41 |I I 
17:07-Wed-Feb-08-2017 PM10  |  19.64 |  20.08 |  18.95 |   7.52 |I I 
17:07-Wed-Feb-08-2017 PM2.5 |   9.75 |   9.47 |   9.63 |   4.41 |I I 
17:08-Wed-Feb-08-2017 PM10  |  19.42 |  19.92 |  18.95 |   7.52 |I I 
17:08-Wed-Feb-08-2017 PM2.5 |   9.03 |   9.36 |   9.63 |   4.41 |I I 
17:12-Wed-Feb-08-2017 PM10  |  18.74 |  19.68 |  18.95 |   7.52 |I I 
17:12-Wed-Feb-08-2017 PM2.5 |   9.53 |   9.39 |   9.63 |   4.41 |I I 
17:13-Wed-Feb-08-2017 PM10  |  15.59 |  19.00 |  18.95 |   7.52 |I I 
17:13-Wed-Feb-08-2017 PM2.5 |   8.29 |   9.21 |   9.63 |   4.41 |I I 
17:17-Wed-Feb-08-2017 PM10  |  18.79 |  18.97 |  18.95 |   7.52 |I I 
17:17-Wed-Feb-08-2017 PM2.5 |   9.47 |   9.25 |   9.63 |   4.41 |I I 
17:18-Wed-Feb-08-2017 PM10  |  17.28 |  18.76 |  18.95 |   7.52 |I I 
17:18-Wed-Feb-08-2017 PM2.5 |   8.92 |   9.21 |   9.63 |   4.41 |I I 
17:22-Wed-Feb-08-2017 PM10  |  17.74 |  18.65 |  18.95 |   7.52 |I I 
17:22-Wed-Feb-08-2017 PM2.5 |   9.71 |   9.26 |   9.63 |   4.41 |I I 
17:23-Wed-Feb-08-2017 PM10  |  18.63 |  18.64 |  18.95 |   7.52 |I I 
17:23-Wed-Feb-08-2017 PM2.5 |   9.48 |   9.28 |   9.63 |   4.41 |I I 
17:27-Wed-Feb-08-2017 PM10  |  21.12 |  18.87 |  18.95 |   7.52 |I I 
17:27-Wed-Feb-08-2017 PM2.5 |   9.86 |   9.34 |   9.63 |   4.41 |I I 
17:28-Wed-Feb-08-2017 PM10  |  21.12 |  19.06 |  18.95 |   7.52 |I I 
17:28-Wed-Feb-08-2017 PM2.5 |   9.86 |   9.38 |   9.63 |   4.41 |I I 
17:29-Wed-Feb-08-2017 PM10  |  19.50 |  19.09 |  18.95 |   7.52 |I I 
17:29-Wed-Feb-08-2017 PM2.5 |   9.46 |   9.39 |   9.63 |   4.41 |I I 
19:14-Wed-Feb-08-2017Start
19:19-Wed-Feb-08-2017 PM10  |  21.09 |  21.09 |  18.95 |   7.52 |I I 
19:19-Wed-Feb-08-2017 PM2.5 |   8.12 |   8.12 |   9.63 |   4.41 |I I 
19:23-Wed-Feb-08-2017 PM10  |  20.64 |  20.86 |  18.95 |   7.52 |I I 
19:23-Wed-Feb-08-2017 PM2.5 |   9.62 |   8.87 |   9.63 |   4.41 |I I 
19:24-Wed-Feb-08-2017 PM10  |  21.80 |  21.18 |  18.95 |   7.52 |I I 
19:24-Wed-Feb-08-2017 PM2.5 |   8.62 |   8.79 |   9.63 |   4.41 |I I 
19:26-Wed-Feb-08-2017Start
19:28-Wed-Feb-08-2017 PM10  |  19.89 |  20.86 |  18.95 |   7.52 |I I 
19:28-Wed-Feb-08-2017 PM2.5 |   9.32 |   8.92 |   9.63 |   4.41 |I I 
19:29-Wed-Feb-08-2017 PM10  |  19.41 |  20.57 |  18.95 |   7.52 |I I 
19:29-Wed-Feb-08-2017 PM2.5 |   8.91 |   8.92 |   9.63 |   4.41 |I I 
19:33-Wed-Feb-08-2017 PM10  |  19.56 |  20.40 |  18.95 |   7.52 |I I 
19:33-Wed-Feb-08-2017 PM2.5 |   9.77 |   9.06 |   9.63 |   4.41 |I I 
19:34-Wed-Feb-08-2017 PM10  |  18.77 |  20.17 |  18.95 |   7.52 |I I 
19:34-Wed-Feb-08-2017 PM2.5 |   9.21 |   9.08 |   9.63 |   4.41 |I I 
19:38-Wed-Feb-08-2017 PM10  |  18.76 |  19.99 |  18.95 |   7.52 |I I 
19:38-Wed-Feb-08-2017 PM2.5 |   9.46 |   9.13 |   9.63 |   4.41 |I I 
19:39-Wed-Feb-08-2017 PM10  |  20.79 |  20.08 |  18.95 |   7.52 |I I 
19:39-Wed-Feb-08-2017 PM2.5 |   8.87 |   9.10 |   9.63 |   4.41 |I I 
19:40-Wed-Feb-08-2017 PM10  |  20.79 |  20.15 |  18.95 |   7.52 |I I 
19:40-Wed-Feb-08-2017 PM2.5 |   8.87 |   9.08 |   9.63 |   4.41 |I I 
19:44-Wed-Feb-08-2017Start
19:49-Wed-Feb-08-2017 PM10  |  17.98 |  17.98 |  18.95 |   7.52 |I I 
19:49-Wed-Feb-08-2017 PM2.5 |   8.67 |   8.67 |   9.63 |   4.41 |I I 
19:53-Wed-Feb-08-2017 PM10  |  18.37 |  18.17 |  18.95 |   7.52 |I I 
19:53-Wed-Feb-08-2017 PM2.5 |   8.92 |   8.79 |   9.63 |   4.41 |I I 
19:54-Wed-Feb-08-2017 PM10  |  17.61 |  17.99 |  18.95 |   7.52 |I I 
19:54-Wed-Feb-08-2017 PM2.5 |   8.19 |   8.59 |   9.63 |   4.41 |I I 
19:58-Wed-Feb-08-2017 PM10  |  16.56 |  17.63 |  18.95 |   7.52 |I I 
19:58-Wed-Feb-08-2017 PM2.5 |   8.29 |   8.52 |   9.63 |   4.41 |I I 
19:59-Wed-Feb-08-2017 PM10  |  17.11 |  17.53 |  18.95 |   7.52 |I I 
19:59-Wed-Feb-08-2017 PM2.5 |   8.06 |   8.42 |   9.63 |   4.41 |I I 
20:03-Wed-Feb-08-2017 PM10  |  21.15 |  18.13 |  18.95 |   7.52 |I I 
20:03-Wed-Feb-08-2017 PM2.5 |   8.85 |   8.49 |   9.63 |   4.41 |I I 
20:04-Wed-Feb-08-2017 PM10  |  19.73 |  19.73 |  18.95 |   7.52 |I I 
20:04-Wed-Feb-08-2017 PM2.5 |   8.16 |   8.16 |   9.63 |   4.41 |I I 
20:08-Wed-Feb-08-2017 PM10  |  17.82 |  18.77 |  18.95 |   7.52 |I I 
20:08-Wed-Feb-08-2017 PM2.5 |   8.66 |   8.41 |   9.63 |   4.41 |I I 
20:09-Wed-Feb-08-2017 PM10  |  19.13 |  18.89 |  18.95 |   7.52 |I I 
20:09-Wed-Feb-08-2017 PM2.5 |   7.90 |   8.24 |   9.63 |   4.41 |I I 
20:10-Wed-Feb-08-2017 PM10  |  19.13 |  18.95 |  18.95 |   7.52 |I I 
20:10-Wed-Feb-08-2017 PM2.5 |   7.90 |   8.16 |   9.63 |   4.41 |I I 
20:14-Wed-Feb-08-2017 PM10  |  16.25 |  18.41 |  18.95 |   7.52 |I I 
20:14-Wed-Feb-08-2017 PM2.5 |   8.64 |   8.25 |   9.63 |   4.41 |I I 
20:15-Wed-Feb-08-2017 PM10  |  14.83 |  17.82 |  18.95 |   7.52 |I I 
20:15-Wed-Feb-08-2017 PM2.5 |   8.04 |   8.22 |   9.63 |   4.41 |I I 
20:19-Wed-Feb-08-2017 PM10  |  14.73 |  17.38 |  18.95 |   7.52 |I I 
20:19-Wed-Feb-08-2017 PM2.5 |   8.39 |   8.24 |   9.63 |   4.41 |I I 
20:20-Wed-Feb-08-2017 PM10  |  20.76 |  17.80 |  18.95 |   7.52 |I I 
20:20-Wed-Feb-08-2017 PM2.5 |   8.44 |   8.27 |   9.63 |   4.41 |I I 
20:24-Wed-Feb-08-2017 PM10  |  16.19 |  17.62 |  18.95 |   7.52 |I I 
20:24-Wed-Feb-08-2017 PM2.5 |   8.38 |   8.28 |   9.63 |   4.41 |I I 
20:25-Wed-Feb-08-2017 PM10  |  17.69 |  17.63 |  18.95 |   7.52 |I I 
20:25-Wed-Feb-08-2017 PM2.5 |   8.03 |   8.25 |   9.63 |   4.41 |I I 
20:29-Wed-Feb-08-2017 PM10  |  16.86 |  17.56 |  18.95 |   7.52 |I I 
20:29-Wed-Feb-08-2017 PM2.5 |   8.46 |   8.27 |   9.63 |   4.41 |I I 
20:30-Wed-Feb-08-2017 PM10  |  18.40 |  17.63 |  18.95 |   7.52 |I I 
20:30-Wed-Feb-08-2017 PM2.5 |   8.18 |   8.26 |   9.63 |   4.41 |I I 
20:34-Wed-Feb-08-2017 PM10  |  19.51 |  17.77 |  18.95 |   7.52 |I I 
20:34-Wed-Feb-08-2017 PM2.5 |   8.44 |   8.28 |   9.63 |   4.41 |I I 
20:35-Wed-Feb-08-2017 PM10  |  17.61 |  17.76 |  18.95 |   7.52 |I I 
20:35-Wed-Feb-08-2017 PM2.5 |   7.92 |   8.25 |   9.63 |   4.41 |I I 
20:39-Wed-Feb-08-2017 PM10  |  18.98 |  17.84 |  18.95 |   7.52 |I I 
20:39-Wed-Feb-08-2017 PM2.5 |   8.93 |   8.30 |   9.63 |   4.41 |I I 
20:40-Wed-Feb-08-2017 PM10  |  18.98 |  17.91 |  18.95 |   7.52 |I I 
20:40-Wed-Feb-08-2017 PM2.5 |   8.93 |   8.34 |   9.63 |   4.41 |I I 
20:41-Wed-Feb-08-2017 PM10  |  18.22 |  17.93 |  18.95 |   7.52 |I I 
20:41-Wed-Feb-08-2017 PM2.5 |   8.36 |   8.34 |   9.63 |   4.41 |I I 
20:45-Wed-Feb-08-2017 PM10  |  19.55 |  18.02 |  18.95 |   7.52 |I I 
20:45-Wed-Feb-08-2017 PM2.5 |   9.03 |   8.38 |   9.63 |   4.41 |I I 
21:05-Wed-Feb-08-2017Start
21:10-Wed-Feb-08-2017 PM10  |  17.99 |  17.99 |  18.95 |   7.52 |I I 
21:10-Wed-Feb-08-2017 PM2.5 |   8.21 |   8.21 |   9.63 |   4.41 |I I 
21:14-Wed-Feb-08-2017 PM10  |  16.16 |  17.07 |  18.95 |   7.52 |I I 
21:14-Wed-Feb-08-2017 PM2.5 |   8.15 |   8.18 |   9.63 |   4.41 |I I 
21:17-Wed-Feb-08-2017Start
21:22-Wed-Feb-08-2017 PM10  |  17.16 |  17.16 |  18.95 |   7.52 |I I 
21:22-Wed-Feb-08-2017 PM2.5 |   7.51 |   7.51 |   9.63 |   4.41 |I I 
21:26-Wed-Feb-08-2017 PM10  |  16.46 |  16.81 |  18.95 |   7.52 |I I 
21:26-Wed-Feb-08-2017 PM2.5 |   8.49 |   8.00 |   9.63 |   4.41 |I I 
21:27-Wed-Feb-08-2017 PM10  |  15.17 |  16.27 |  18.95 |   7.52 |I I 
21:27-Wed-Feb-08-2017 PM2.5 |   7.58 |   7.86 |   9.63 |   4.41 |I I 
21:31-Wed-Feb-08-2017 PM10  |  16.28 |  16.27 |  18.95 |   7.52 |I I 
21:31-Wed-Feb-08-2017 PM2.5 |   8.37 |   7.99 |   9.63 |   4.41 |I I 
21:32-Wed-Feb-08-2017 PM10  |  14.81 |  15.98 |  18.95 |   7.52 |I I 
21:32-Wed-Feb-08-2017 PM2.5 |   7.44 |   7.88 |   9.63 |   4.41 |I I 
21:36-Wed-Feb-08-2017 PM10  |  16.79 |  16.11 |  18.95 |   7.52 |I I 
21:36-Wed-Feb-08-2017 PM2.5 |   8.03 |   7.90 |   9.63 |   4.41 |I I 
21:37-Wed-Feb-08-2017 PM10  |  17.73 |  16.34 |  18.95 |   7.52 |I I 
21:37-Wed-Feb-08-2017 PM2.5 |   8.16 |   7.94 |   9.63 |   4.41 |I I 
21:41-Wed-Feb-08-2017 PM10  |  17.63 |  16.50 |  18.95 |   7.52 |I I 
21:41-Wed-Feb-08-2017 PM2.5 |   8.23 |   7.97 |   9.63 |   4.41 |I I 
21:42-Wed-Feb-08-2017 PM10  |  15.37 |  16.38 |  18.95 |   7.52 |I I 
21:42-Wed-Feb-08-2017 PM2.5 |   7.38 |   7.91 |   9.63 |   4.41 |I I 
21:43-Wed-Feb-08-2017 PM10  |  15.37 |  16.28 |  18.95 |   7.52 |I I 
21:43-Wed-Feb-08-2017 PM2.5 |   7.38 |   7.86 |   9.63 |   4.41 |I I 
21:47-Wed-Feb-08-2017 PM10  |  16.06 |  16.26 |  18.95 |   7.52 |I I 
21:47-Wed-Feb-08-2017 PM2.5 |   7.71 |   7.84 |   9.63 |   4.41 |I I 
21:48-Wed-Feb-08-2017 PM10  |  15.50 |  16.20 |  18.95 |   7.52 |I I 
21:48-Wed-Feb-08-2017 PM2.5 |   7.70 |   7.83 |   9.63 |   4.41 |I I 
21:52-Wed-Feb-08-2017 PM10  |  15.40 |  16.13 |  18.95 |   7.52 |I I 
21:52-Wed-Feb-08-2017 PM2.5 |   7.79 |   7.83 |   9.63 |   4.41 |I I 
21:53-Wed-Feb-08-2017 PM10  |  15.17 |  16.06 |  18.95 |   7.52 |I I 
21:53-Wed-Feb-08-2017 PM2.5 |   7.90 |   7.83 |   9.63 |   4.41 |I I 
21:58-Wed-Feb-08-2017 PM10  |  14.13 |  15.94 |  18.95 |   7.52 |I I 
21:58-Wed-Feb-08-2017 PM2.5 |   8.17 |   7.85 |   9.63 |   4.41 |I I 
21:59-Wed-Feb-08-2017 PM10  |  16.86 |  15.99 |  18.95 |   7.52 |I I 
21:59-Wed-Feb-08-2017 PM2.5 |   7.81 |   7.85 |   9.63 |   4.41 |I I 
22:03-Wed-Feb-08-2017 PM10  |  17.35 |  16.07 |  18.95 |   7.52 |I I 
22:03-Wed-Feb-08-2017 PM2.5 |   8.09 |   7.87 |   9.63 |   4.41 |I I 
22:04-Wed-Feb-08-2017 PM10  |  16.02 |  16.02 |  18.95 |   7.52 |I I 
22:04-Wed-Feb-08-2017 PM2.5 |   7.80 |   7.80 |   9.63 |   4.41 |I I 
22:08-Wed-Feb-08-2017 PM10  |  13.87 |  14.95 |  18.95 |   7.52 |I I 
22:08-Wed-Feb-08-2017 PM2.5 |   7.67 |   7.74 |   9.63 |   4.41 |I I 
22:09-Wed-Feb-08-2017 PM10  |  17.12 |  15.67 |  18.95 |   7.52 |I I 
22:09-Wed-Feb-08-2017 PM2.5 |   7.60 |   7.69 |   9.63 |   4.41 |I I 
22:10-Wed-Feb-08-2017 PM10  |  17.12 |  16.03 |  18.95 |   7.52 |I I 
22:10-Wed-Feb-08-2017 PM2.5 |   7.60 |   7.67 |   9.63 |   4.41 |I I 
22:13-Wed-Feb-08-2017 PM10  |  14.93 |  15.81 |  18.95 |   7.52 |I I 
22:13-Wed-Feb-08-2017 PM2.5 |   7.99 |   7.73 |   9.63 |   4.41 |I I 
22:14-Wed-Feb-08-2017 PM10  |  14.93 |  15.66 |  18.95 |   7.52 |I I 
22:14-Wed-Feb-08-2017 PM2.5 |   7.99 |   7.77 |   9.63 |   4.41 |I I 
22:15-Wed-Feb-08-2017 PM10  |  19.08 |  16.15 |  18.95 |   7.52 |I I 
22:15-Wed-Feb-08-2017 PM2.5 |   8.33 |   7.85 |   9.63 |   4.41 |I I 
22:19-Wed-Feb-08-2017 PM10  |  18.57 |  16.45 |  18.95 |   7.52 |I I 
22:19-Wed-Feb-08-2017 PM2.5 |   8.93 |   7.99 |   9.63 |   4.41 |I I 
22:20-Wed-Feb-08-2017 PM10  |  14.33 |  16.22 |  18.95 |   7.52 |I I 
22:20-Wed-Feb-08-2017 PM2.5 |   7.45 |   7.93 |   9.63 |   4.41 |I I 
22:24-Wed-Feb-08-2017 PM10  |  13.51 |  15.95 |  18.95 |   7.52 |I I 
22:24-Wed-Feb-08-2017 PM2.5 |   7.50 |   7.88 |   9.63 |   4.41 |I I 
22:25-Wed-Feb-08-2017 PM10  |  14.02 |  15.77 |  18.95 |   7.52 |I I 
22:25-Wed-Feb-08-2017 PM2.5 |   7.36 |   7.84 |   9.63 |   4.41 |I I 
22:29-Wed-Feb-08-2017 PM10  |  15.26 |  15.73 |  18.95 |   7.52 |I I 
22:29-Wed-Feb-08-2017 PM2.5 |   7.89 |   7.84 |   9.63 |   4.41 |I I 
22:30-Wed-Feb-08-2017 PM10  |  18.75 |  15.96 |  18.95 |   7.52 |I I 
22:30-Wed-Feb-08-2017 PM2.5 |   7.62 |   7.82 |   9.63 |   4.41 |I I 
22:34-Wed-Feb-08-2017 PM10  |  15.95 |  15.96 |  18.95 |   7.52 |I I 
22:34-Wed-Feb-08-2017 PM2.5 |   8.32 |   7.86 |   9.63 |   4.41 |I I 
22:35-Wed-Feb-08-2017 PM10  |  14.53 |  15.87 |  18.95 |   7.52 |I I 
22:35-Wed-Feb-08-2017 PM2.5 |   7.59 |   7.84 |   9.63 |   4.41 |I I 
22:39-Wed-Feb-08-2017 PM10  |  16.44 |  15.90 |  18.95 |   7.52 |I I 
22:39-Wed-Feb-08-2017 PM2.5 |   8.11 |   7.86 |   9.63 |   4.41 |I I 
22:40-Wed-Feb-08-2017 PM10  |  16.44 |  15.93 |  18.95 |   7.52 |I I 
22:40-Wed-Feb-08-2017 PM2.5 |   8.11 |   7.87 |   9.63 |   4.41 |I I 
22:41-Wed-Feb-08-2017 PM10  |  12.87 |  15.76 |  18.95 |   7.52 |I I 
22:41-Wed-Feb-08-2017 PM2.5 |   7.16 |   7.83 |   9.63 |   4.41 |I I 
22:45-Wed-Feb-08-2017 PM10  |  14.19 |  15.68 |  18.95 |   7.52 |I I 
22:45-Wed-Feb-08-2017 PM2.5 |   7.55 |   7.82 |   9.63 |   4.41 |I I 
22:46-Wed-Feb-08-2017 PM10  |  14.44 |  15.62 |  18.95 |   7.52 |I I 
22:46-Wed-Feb-08-2017 PM2.5 |   6.84 |   7.77 |   9.63 |   4.41 |I I 
22:50-Wed-Feb-08-2017 PM10  |  12.79 |  15.48 |  18.95 |   7.52 |I I 
22:50-Wed-Feb-08-2017 PM2.5 |   7.15 |   7.74 |   9.63 |   4.41 |I I 
22:51-Wed-Feb-08-2017 PM10  |  14.50 |  15.44 |  18.95 |   7.52 |I I 
22:51-Wed-Feb-08-2017 PM2.5 |   6.80 |   7.70 |   9.63 |   4.41 |I I 
22:55-Wed-Feb-08-2017 PM10  |  15.35 |  15.43 |  18.95 |   7.52 |I I 
22:55-Wed-Feb-08-2017 PM2.5 |   7.63 |   7.69 |   9.63 |   4.41 |I I 
22:56-Wed-Feb-08-2017 PM10  |  12.36 |  15.31 |  18.95 |   7.52 |I I 
22:56-Wed-Feb-08-2017 PM2.5 |   6.68 |   7.65 |   9.63 |   4.41 |I I 
23:00-Wed-Feb-08-2017 PM10  |  13.32 |  15.23 |  18.95 |   7.52 |I I 
23:00-Wed-Feb-08-2017 PM2.5 |   7.17 |   7.63 |   9.63 |   4.41 |I I 
23:01-Wed-Feb-08-2017 PM10  |  12.87 |  12.87 |  18.95 |   7.52 |I I 
23:01-Wed-Feb-08-2017 PM2.5 |   6.76 |   6.76 |   9.63 |   4.41 |I I 
23:05-Wed-Feb-08-2017 PM10  |  14.14 |  13.50 |  18.95 |   7.52 |I I 
23:05-Wed-Feb-08-2017 PM2.5 |   7.33 |   7.05 |   9.63 |   4.41 |I I 
23:06-Wed-Feb-08-2017 PM10  |  14.69 |  13.90 |  18.95 |   7.52 |I I 
23:06-Wed-Feb-08-2017 PM2.5 |   7.28 |   7.12 |   9.63 |   4.41 |I I 
23:07-Wed-Feb-08-2017 PM10  |  14.69 |  14.10 |  18.95 |   7.52 |I I 
23:07-Wed-Feb-08-2017 PM2.5 |   7.28 |   7.16 |   9.63 |   4.41 |I I 
23:11-Wed-Feb-08-2017 PM10  |  14.95 |  14.27 |  18.95 |   7.52 |I I 
23:11-Wed-Feb-08-2017 PM2.5 |   7.30 |   7.19 |   9.63 |   4.41 |I I 
23:12-Wed-Feb-08-2017 PM10  |  17.28 |  14.77 |  18.95 |   7.52 |I I 
23:12-Wed-Feb-08-2017 PM2.5 |   7.43 |   7.23 |   9.63 |   4.41 |I I 
23:16-Wed-Feb-08-2017 PM10  |  12.58 |  14.46 |  18.95 |   7.52 |I I 
23:16-Wed-Feb-08-2017 PM2.5 |   7.00 |   7.20 |   9.63 |   4.41 |I I 
23:17-Wed-Feb-08-2017 PM10  |  13.92 |  14.39 |  18.95 |   7.52 |I I 
23:17-Wed-Feb-08-2017 PM2.5 |   7.33 |   7.21 |   9.63 |   4.41 |I I 
23:21-Wed-Feb-08-2017 PM10  |  12.99 |  14.23 |  18.95 |   7.52 |I I 
23:21-Wed-Feb-08-2017 PM2.5 |   7.04 |   7.19 |   9.63 |   4.41 |I I 
23:22-Wed-Feb-08-2017 PM10  |  13.29 |  14.14 |  18.95 |   7.52 |I I 
23:22-Wed-Feb-08-2017 PM2.5 |   6.96 |   7.17 |   9.63 |   4.41 |I I 
23:26-Wed-Feb-08-2017 PM10  |  16.88 |  14.39 |  18.95 |   7.52 |I I 
23:26-Wed-Feb-08-2017 PM2.5 |   7.47 |   7.20 |   9.63 |   4.41 |I I 
23:27-Wed-Feb-08-2017 PM10  |  16.20 |  14.54 |  18.95 |   7.52 |I I 
23:27-Wed-Feb-08-2017 PM2.5 |   7.55 |   7.23 |   9.63 |   4.41 |I I 
23:31-Wed-Feb-08-2017 PM10  |  12.60 |  14.39 |  18.95 |   7.52 |I I 
23:31-Wed-Feb-08-2017 PM2.5 |   7.62 |   7.26 |   9.63 |   4.41 |I I 
23:32-Wed-Feb-08-2017 PM10  |  10.54 |  14.12 |  18.95 |   7.52 |I I 
23:32-Wed-Feb-08-2017 PM2.5 |   6.20 |   7.18 |   9.63 |   4.41 |I I 
23:33-Wed-Feb-08-2017 PM10  |  10.54 |  13.88 |  18.95 |   7.52 |I I 
23:33-Wed-Feb-08-2017 PM2.5 |   6.20 |   7.12 |   9.63 |   4.41 |I I 
23:37-Wed-Feb-08-2017 PM10  |  13.86 |  13.88 |  18.95 |   7.52 |I I 
23:37-Wed-Feb-08-2017 PM2.5 |   7.38 |   7.13 |   9.63 |   4.41 |I I 
23:38-Wed-Feb-08-2017 PM10  |  13.70 |  13.87 |  18.95 |   7.52 |I I 
23:38-Wed-Feb-08-2017 PM2.5 |   6.87 |   7.12 |   9.63 |   4.41 |I I 
23:42-Wed-Feb-08-2017 PM10  |  13.26 |  13.83 |  18.95 |   7.52 |I I 
23:42-Wed-Feb-08-2017 PM2.5 |   7.24 |   7.12 |   9.63 |   4.41 |I I 
23:43-Wed-Feb-08-2017 PM10  |  13.26 |  13.80 |  18.95 |   7.52 |I I 
23:43-Wed-Feb-08-2017 PM2.5 |   6.89 |   7.11 |   9.63 |   4.41 |I I 
23:47-Wed-Feb-08-2017 PM10  |  15.86 |  13.90 |  18.95 |   7.52 |I I 
23:47-Wed-Feb-08-2017 PM2.5 |   7.53 |   7.13 |   9.63 |   4.41 |I I 
23:48-Wed-Feb-08-2017 PM10  |  14.49 |  13.93 |  18.95 |   7.52 |I I 
23:48-Wed-Feb-08-2017 PM2.5 |   6.61 |   7.11 |   9.63 |   4.41 |I I 
23:52-Wed-Feb-08-2017 PM10  |  14.77 |  13.97 |  18.95 |   7.52 |I I 
23:52-Wed-Feb-08-2017 PM2.5 |   7.06 |   7.11 |   9.63 |   4.41 |I I 
23:53-Wed-Feb-08-2017 PM10  |  14.21 |  13.98 |  18.95 |   7.52 |I I 
23:53-Wed-Feb-08-2017 PM2.5 |   6.79 |   7.09 |   9.63 |   4.41 |I I 
23:57-Wed-Feb-08-2017 PM10  |  14.29 |  13.99 |  18.95 |   7.52 |I I 
23:57-Wed-Feb-08-2017 PM2.5 |   7.33 |   7.10 |   9.63 |   4.41 |I I 
23:58-Wed-Feb-08-2017 PM10  |  14.83 |  14.03 |  18.95 |   7.52 |I I 
23:58-Wed-Feb-08-2017 PM2.5 |   7.21 |   7.11 |   9.63 |   4.41 |I I 
00:02-Thu-Feb-09-2017 PM10  |  17.27 |  14.15 |  18.95 |   7.52 |I I 
