[Wed Feb 15 00:02:42 2017] Report del giorno Wednesday February 15 2017 -- INVIATO a centraline@googlegroups.com
00:02-Wed-Feb-15-2017 PM2.5 |  18.35 |  15.91 |  26.13 |   8.86 |I I 
00:03-Wed-Feb-15-2017 PM10  |  43.41 |  43.41 |   0.00 |  2000.00|I I 
00:03-Wed-Feb-15-2017 PM2.5 |  17.92 |  17.92 |   0.00 |  2000.00|I I 
00:07-Wed-Feb-15-2017 PM10  |  41.75 |  42.58 |   0.00 |  2000.00|I I 
00:07-Wed-Feb-15-2017 PM2.5 |  18.60 |  18.26 |   0.00 |  2000.00|I I 
00:08-Wed-Feb-15-2017 PM10  |  42.15 |  42.44 |   0.00 |  2000.00|I I 
00:08-Wed-Feb-15-2017 PM2.5 |  16.18 |  17.57 |   0.00 |  2000.00|I I 
00:12-Wed-Feb-15-2017 PM10  |  42.11 |  42.36 |   0.00 |  2000.00|I I 
00:12-Wed-Feb-15-2017 PM2.5 |  18.16 |  17.71 |   0.00 |  2000.00|I I 
00:13-Wed-Feb-15-2017 PM10  |  39.12 |  41.71 |   0.00 |  2000.00|I I 
00:13-Wed-Feb-15-2017 PM2.5 |  16.35 |  17.44 |   0.00 |  2000.00|I I 
00:17-Wed-Feb-15-2017 PM10  |  41.57 |  41.69 |   0.00 |  2000.00|I I 
00:17-Wed-Feb-15-2017 PM2.5 |  18.68 |  17.65 |   0.00 |  2000.00|I I 
00:18-Wed-Feb-15-2017 PM10  |  38.00 |  41.16 |   0.00 |  2000.00|I I 
00:18-Wed-Feb-15-2017 PM2.5 |  16.65 |  17.51 |   0.00 |  2000.00|I I 
00:22-Wed-Feb-15-2017 PM10  |  40.36 |  41.06 |   0.00 |  2000.00|I I 
00:22-Wed-Feb-15-2017 PM2.5 |  18.39 |  17.62 |   0.00 |  2000.00|I I 
00:23-Wed-Feb-15-2017 PM10  |  40.37 |  40.98 |   0.00 |  2000.00|I I 
00:23-Wed-Feb-15-2017 PM2.5 |  16.53 |  17.50 |   0.00 |  2000.00|I I 
00:27-Wed-Feb-15-2017 PM10  |  41.06 |  40.99 |   0.00 |  2000.00|I I 
00:27-Wed-Feb-15-2017 PM2.5 |  18.41 |  17.59 |   0.00 |  2000.00|I I 
00:28-Wed-Feb-15-2017 PM10  |  38.79 |  40.79 |   0.00 |  2000.00|I I 
00:28-Wed-Feb-15-2017 PM2.5 |  17.48 |  17.58 |   0.00 |  2000.00|I I 
00:32-Wed-Feb-15-2017 PM10  |  40.82 |  40.79 |   0.00 |  2000.00|I I 
00:32-Wed-Feb-15-2017 PM2.5 |  18.96 |  17.69 |   0.00 |  2000.00|I I 
00:33-Wed-Feb-15-2017 PM10  |  37.98 |  40.58 |   0.00 |  2000.00|I I 
00:33-Wed-Feb-15-2017 PM2.5 |  17.07 |  17.64 |   0.00 |  2000.00|I I 
00:37-Wed-Feb-15-2017 PM10  |  40.10 |  40.54 |   0.00 |  2000.00|I I 
00:37-Wed-Feb-15-2017 PM2.5 |  18.88 |  17.73 |   0.00 |  2000.00|I I 
00:38-Wed-Feb-15-2017 PM10  |  37.90 |  40.37 |   0.00 |  2000.00|I I 
00:38-Wed-Feb-15-2017 PM2.5 |  17.01 |  17.68 |   0.00 |  2000.00|I I 
00:42-Wed-Feb-15-2017 PM10  |  45.66 |  40.70 |   0.00 |  2000.00|I I 
00:42-Wed-Feb-15-2017 PM2.5 |  19.08 |  17.77 |   0.00 |  2000.00|I I 
00:43-Wed-Feb-15-2017 PM10  |  44.28 |  40.91 |   0.00 |  2000.00|I I 
00:43-Wed-Feb-15-2017 PM2.5 |  17.45 |  17.75 |   0.00 |  2000.00|I I 
00:47-Wed-Feb-15-2017 PM10  |  39.31 |  40.82 |   0.00 |  2000.00|I I 
00:47-Wed-Feb-15-2017 PM2.5 |  18.54 |  17.80 |   0.00 |  2000.00|I I 
00:48-Wed-Feb-15-2017 PM10  |  39.90 |  40.77 |   0.00 |  2000.00|I I 
00:48-Wed-Feb-15-2017 PM2.5 |  17.15 |  17.76 |   0.00 |  2000.00|I I 
00:52-Wed-Feb-15-2017 PM10  |  39.97 |  40.73 |   0.00 |  2000.00|I I 
00:52-Wed-Feb-15-2017 PM2.5 |  18.70 |  17.81 |   0.00 |  2000.00|I I 
00:53-Wed-Feb-15-2017 PM10  |  37.93 |  40.60 |   0.00 |  2000.00|I I 
00:53-Wed-Feb-15-2017 PM2.5 |  17.05 |  17.77 |   0.00 |  2000.00|I I 
00:57-Wed-Feb-15-2017 PM10  |  44.59 |  40.78 |   0.00 |  2000.00|I I 
00:57-Wed-Feb-15-2017 PM2.5 |  18.79 |  17.82 |   0.00 |  2000.00|I I 
00:59-Wed-Feb-15-2017 PM10  |  41.08 |  40.79 |   0.00 |  2000.00|I I 
00:59-Wed-Feb-15-2017 PM2.5 |  16.66 |  17.77 |   0.00 |  2000.00|I I 
01:03-Wed-Feb-15-2017 PM10  |  42.25 |  40.85 |  40.85 |  40.85 |I I 
01:03-Wed-Feb-15-2017 PM2.5 |  18.75 |  17.81 |  17.81 |  17.81 |I I 
01:04-Wed-Feb-15-2017 PM10  |  39.34 |  39.34 |  40.85 |  40.85 |I I 
01:04-Wed-Feb-15-2017 PM2.5 |  16.60 |  16.60 |  17.81 |  17.81 |I I 
01:08-Wed-Feb-15-2017 PM10  |  41.06 |  40.20 |  40.85 |  40.85 |I I 
01:08-Wed-Feb-15-2017 PM2.5 |  18.68 |  17.64 |  17.81 |  17.81 |I I 
01:09-Wed-Feb-15-2017 PM10  |  39.05 |  39.81 |  40.85 |  40.85 |I I 
01:09-Wed-Feb-15-2017 PM2.5 |  16.62 |  17.30 |  17.81 |  17.81 |I I 
01:13-Wed-Feb-15-2017 PM10  |  41.79 |  40.31 |  40.85 |  40.85 |I I 
01:13-Wed-Feb-15-2017 PM2.5 |  18.23 |  17.53 |  17.81 |  17.81 |I I 
01:17-Wed-Feb-15-2017 PM10  |  37.33 |  39.71 |  40.85 |  40.85 |I I 
01:17-Wed-Feb-15-2017 PM2.5 |  17.15 |  17.46 |  17.81 |  17.81 |I I 
01:18-Wed-Feb-15-2017 PM10  |  34.39 |  38.82 |  40.85 |  40.85 |I I 
01:18-Wed-Feb-15-2017 PM2.5 |  15.01 |  17.05 |  17.81 |  17.81 |I I 
01:22-Wed-Feb-15-2017 PM10  |  36.07 |  38.43 |  40.85 |  40.85 |I I 
01:22-Wed-Feb-15-2017 PM2.5 |  16.94 |  17.03 |  17.81 |  17.81 |I I 
01:23-Wed-Feb-15-2017 PM10  |  29.45 |  37.31 |  40.85 |  40.85 |I I 
01:23-Wed-Feb-15-2017 PM2.5 |  13.52 |  16.59 |  17.81 |  17.81 |I I 
01:27-Wed-Feb-15-2017 PM10  |  34.23 |  36.97 |  40.85 |  40.85 |I I 
01:27-Wed-Feb-15-2017 PM2.5 |  16.27 |  16.56 |  17.81 |  17.81 |I I 
01:28-Wed-Feb-15-2017 PM10  |  33.50 |  36.62 |  40.85 |  40.85 |I I 
01:28-Wed-Feb-15-2017 PM2.5 |  15.27 |  16.43 |  17.81 |  17.81 |I I 
01:32-Wed-Feb-15-2017 PM10  |  34.78 |  36.45 |  40.85 |  40.85 |I I 
01:32-Wed-Feb-15-2017 PM2.5 |  16.10 |  16.40 |  17.81 |  17.81 |I I 
01:33-Wed-Feb-15-2017 PM10  |  32.79 |  36.15 |  40.85 |  40.85 |I I 
01:33-Wed-Feb-15-2017 PM2.5 |  14.89 |  16.27 |  17.81 |  17.81 |I I 
01:37-Wed-Feb-15-2017 PM10  |  34.19 |  36.00 |  40.85 |  40.85 |I I 
01:37-Wed-Feb-15-2017 PM2.5 |  16.67 |  16.30 |  17.81 |  17.81 |I I 
01:38-Wed-Feb-15-2017 PM10  |  34.29 |  35.88 |  40.85 |  40.85 |I I 
01:38-Wed-Feb-15-2017 PM2.5 |  14.98 |  16.21 |  17.81 |  17.81 |I I 
01:42-Wed-Feb-15-2017 PM10  |  35.26 |  35.83 |  40.85 |  40.85 |I I 
01:42-Wed-Feb-15-2017 PM2.5 |  16.36 |  16.22 |  17.81 |  17.81 |I I 
01:43-Wed-Feb-15-2017 PM10  |  34.35 |  35.74 |  40.85 |  40.85 |I I 
01:43-Wed-Feb-15-2017 PM2.5 |  15.52 |  16.18 |  17.81 |  17.81 |I I 
01:47-Wed-Feb-15-2017 PM10  |  35.85 |  35.75 |  40.85 |  40.85 |I I 
01:47-Wed-Feb-15-2017 PM2.5 |  17.15 |  16.23 |  17.81 |  17.81 |I I 
01:48-Wed-Feb-15-2017 PM10  |  31.92 |  35.54 |  40.85 |  40.85 |I I 
01:48-Wed-Feb-15-2017 PM2.5 |  14.50 |  16.14 |  17.81 |  17.81 |I I 
01:52-Wed-Feb-15-2017 PM10  |  34.16 |  35.46 |  40.85 |  40.85 |I I 
01:52-Wed-Feb-15-2017 PM2.5 |  16.35 |  16.15 |  17.81 |  17.81 |I I 
01:53-Wed-Feb-15-2017 PM10  |  35.09 |  35.44 |  40.85 |  40.85 |I I 
01:53-Wed-Feb-15-2017 PM2.5 |  15.11 |  16.10 |  17.81 |  17.81 |I I 
01:57-Wed-Feb-15-2017 PM10  |  34.49 |  35.40 |  40.85 |  40.85 |I I 
01:57-Wed-Feb-15-2017 PM2.5 |  15.50 |  16.07 |  17.81 |  17.81 |I I 
01:58-Wed-Feb-15-2017 PM10  |  34.29 |  35.35 |  40.85 |  40.85 |I I 
01:58-Wed-Feb-15-2017 PM2.5 |  14.50 |  16.00 |  17.81 |  17.81 |I I 
02:02-Wed-Feb-15-2017 PM10  |  33.92 |  35.29 |  40.85 |  35.29 |I I 
02:02-Wed-Feb-15-2017 PM2.5 |  15.65 |  15.98 |  17.81 |  15.98 |I I 
02:03-Wed-Feb-15-2017 PM10  |  34.14 |  34.14 |  40.85 |  35.29 |I I 
02:03-Wed-Feb-15-2017 PM2.5 |  15.14 |  15.14 |  17.81 |  15.98 |I I 
02:07-Wed-Feb-15-2017 PM10  |  36.24 |  35.19 |  40.85 |  35.29 |I I 
02:07-Wed-Feb-15-2017 PM2.5 |  16.29 |  15.72 |  17.81 |  15.98 |I I 
02:08-Wed-Feb-15-2017 PM10  |  32.60 |  34.33 |  40.85 |  35.29 |I I 
02:08-Wed-Feb-15-2017 PM2.5 |  13.81 |  15.08 |  17.81 |  15.98 |I I 
02:12-Wed-Feb-15-2017 PM10  |  35.49 |  34.62 |  40.85 |  35.29 |I I 
02:12-Wed-Feb-15-2017 PM2.5 |  16.33 |  15.39 |  17.81 |  15.98 |I I 
02:13-Wed-Feb-15-2017 PM10  |  30.77 |  33.85 |  40.85 |  35.29 |I I 
02:13-Wed-Feb-15-2017 PM2.5 |  14.43 |  15.20 |  17.81 |  15.98 |I I 
02:17-Wed-Feb-15-2017 PM10  |  33.56 |  33.80 |  40.85 |  35.29 |I I 
02:17-Wed-Feb-15-2017 PM2.5 |  15.58 |  15.26 |  17.81 |  15.98 |I I 
02:18-Wed-Feb-15-2017 PM10  |  38.42 |  34.46 |  40.85 |  35.29 |I I 
02:18-Wed-Feb-15-2017 PM2.5 |  15.18 |  15.25 |  17.81 |  15.98 |I I 
02:22-Wed-Feb-15-2017 PM10  |  37.82 |  34.88 |  40.85 |  35.29 |I I 
02:22-Wed-Feb-15-2017 PM2.5 |  16.82 |  15.45 |  17.81 |  15.98 |I I 
02:23-Wed-Feb-15-2017 PM10  |  36.24 |  35.03 |  40.85 |  35.29 |I I 
02:23-Wed-Feb-15-2017 PM2.5 |  15.26 |  15.43 |  17.81 |  15.98 |I I 
02:27-Wed-Feb-15-2017 PM10  |  35.19 |  35.05 |  40.85 |  35.29 |I I 
02:27-Wed-Feb-15-2017 PM2.5 |  16.18 |  15.50 |  17.81 |  15.98 |I I 
02:28-Wed-Feb-15-2017 PM10  |  33.42 |  34.90 |  40.85 |  35.29 |I I 
02:28-Wed-Feb-15-2017 PM2.5 |  14.64 |  15.42 |  17.81 |  15.98 |I I 
02:32-Wed-Feb-15-2017 PM10  |  34.59 |  34.87 |  40.85 |  35.29 |I I 
02:32-Wed-Feb-15-2017 PM2.5 |  16.09 |  15.48 |  17.81 |  15.98 |I I 
02:33-Wed-Feb-15-2017 PM10  |  34.51 |  34.85 |  40.85 |  35.29 |I I 
02:33-Wed-Feb-15-2017 PM2.5 |  14.21 |  15.38 |  17.81 |  15.98 |I I 
02:37-Wed-Feb-15-2017 PM10  |  34.84 |  34.85 |  40.85 |  35.29 |I I 
02:37-Wed-Feb-15-2017 PM2.5 |  15.64 |  15.40 |  17.81 |  15.98 |I I 
02:38-Wed-Feb-15-2017 PM10  |  35.75 |  34.91 |  40.85 |  35.29 |I I 
02:38-Wed-Feb-15-2017 PM2.5 |  15.18 |  15.39 |  17.81 |  15.98 |I I 
02:42-Wed-Feb-15-2017 PM10  |  37.88 |  35.09 |  40.85 |  35.29 |I I 
02:42-Wed-Feb-15-2017 PM2.5 |  16.57 |  15.46 |  17.81 |  15.98 |I I 
02:43-Wed-Feb-15-2017 PM10  |  31.39 |  34.87 |  40.85 |  35.29 |I I 
02:43-Wed-Feb-15-2017 PM2.5 |  14.26 |  15.39 |  17.81 |  15.98 |I I 
02:47-Wed-Feb-15-2017 PM10  |  37.26 |  35.01 |  40.85 |  35.29 |I I 
02:47-Wed-Feb-15-2017 PM2.5 |  16.55 |  15.45 |  17.81 |  15.98 |I I 
02:48-Wed-Feb-15-2017 PM10  |  38.99 |  35.22 |  40.85 |  35.29 |I I 
02:48-Wed-Feb-15-2017 PM2.5 |  15.53 |  15.46 |  17.81 |  15.98 |I I 
02:52-Wed-Feb-15-2017 PM10  |  37.26 |  35.32 |  40.85 |  35.29 |I I 
02:52-Wed-Feb-15-2017 PM2.5 |  17.28 |  15.55 |  17.81 |  15.98 |I I 
02:53-Wed-Feb-15-2017 PM10  |  37.62 |  35.43 |  40.85 |  35.29 |I I 
02:53-Wed-Feb-15-2017 PM2.5 |  14.52 |  15.50 |  17.81 |  15.98 |I I 
02:57-Wed-Feb-15-2017 PM10  |  36.48 |  35.48 |  40.85 |  35.29 |I I 
02:57-Wed-Feb-15-2017 PM2.5 |  16.25 |  15.53 |  17.81 |  15.98 |I I 
02:58-Wed-Feb-15-2017 PM10  |  35.10 |  35.46 |  40.85 |  35.29 |I I 
02:58-Wed-Feb-15-2017 PM2.5 |  14.18 |  15.48 |  17.81 |  15.98 |I I 
03:02-Wed-Feb-15-2017 PM10  |  36.84 |  35.52 |  40.85 |  35.29 |I I 
03:02-Wed-Feb-15-2017 PM2.5 |  16.91 |  15.54 |  17.81 |  15.54 |I I 
03:03-Wed-Feb-15-2017 PM10  |  37.23 |  37.23 |  40.85 |  35.29 |I I 
03:03-Wed-Feb-15-2017 PM2.5 |  15.74 |  15.74 |  17.81 |  15.54 |I I 
03:07-Wed-Feb-15-2017 PM10  |  37.66 |  37.44 |  40.85 |  35.29 |I I 
03:07-Wed-Feb-15-2017 PM2.5 |  16.86 |  16.30 |  17.81 |  15.54 |I I 
03:08-Wed-Feb-15-2017 PM10  |  35.97 |  36.95 |  40.85 |  35.29 |I I 
03:08-Wed-Feb-15-2017 PM2.5 |  14.80 |  15.80 |  17.81 |  15.54 |I I 
03:12-Wed-Feb-15-2017 PM10  |  39.75 |  37.65 |  40.85 |  35.29 |I I 
03:12-Wed-Feb-15-2017 PM2.5 |  17.47 |  16.22 |  17.81 |  15.54 |I I 
03:13-Wed-Feb-15-2017 PM10  |  34.98 |  37.12 |  40.85 |  35.29 |I I 
03:13-Wed-Feb-15-2017 PM2.5 |  15.01 |  15.98 |  17.81 |  15.54 |I I 
03:17-Wed-Feb-15-2017 PM10  |  35.62 |  36.87 |  40.85 |  35.29 |I I 
03:17-Wed-Feb-15-2017 PM2.5 |  16.65 |  16.09 |  17.81 |  15.54 |I I 
03:18-Wed-Feb-15-2017 PM10  |  32.53 |  36.25 |  40.85 |  35.29 |I I 
03:18-Wed-Feb-15-2017 PM2.5 |  15.00 |  15.93 |  17.81 |  15.54 |I I 
03:22-Wed-Feb-15-2017 PM10  |  39.25 |  36.62 |  40.85 |  35.29 |I I 
03:22-Wed-Feb-15-2017 PM2.5 |  17.39 |  16.11 |  17.81 |  15.54 |I I 
03:23-Wed-Feb-15-2017 PM10  |  35.22 |  36.47 |  40.85 |  35.29 |I I 
03:23-Wed-Feb-15-2017 PM2.5 |  14.88 |  15.98 |  17.81 |  15.54 |I I 
03:27-Wed-Feb-15-2017 PM10  |  37.73 |  36.59 |  40.85 |  35.29 |I I 
03:27-Wed-Feb-15-2017 PM2.5 |  16.42 |  16.02 |  17.81 |  15.54 |I I 
03:28-Wed-Feb-15-2017 PM10  |  34.90 |  36.44 |  40.85 |  35.29 |I I 
03:28-Wed-Feb-15-2017 PM2.5 |  15.24 |  15.95 |  17.81 |  15.54 |I I 
03:32-Wed-Feb-15-2017 PM10  |  36.39 |  36.43 |  40.85 |  35.29 |I I 
03:32-Wed-Feb-15-2017 PM2.5 |  16.35 |  15.98 |  17.81 |  15.54 |I I 
03:33-Wed-Feb-15-2017 PM10  |  32.21 |  36.11 |  40.85 |  35.29 |I I 
03:33-Wed-Feb-15-2017 PM2.5 |  14.76 |  15.89 |  17.81 |  15.54 |I I 
03:37-Wed-Feb-15-2017 PM10  |  35.63 |  36.08 |  40.85 |  35.29 |I I 
03:37-Wed-Feb-15-2017 PM2.5 |  16.66 |  15.95 |  17.81 |  15.54 |I I 
03:38-Wed-Feb-15-2017 PM10  |  33.45 |  35.90 |  40.85 |  35.29 |I I 
03:38-Wed-Feb-15-2017 PM2.5 |  14.04 |  15.82 |  17.81 |  15.54 |I I 
03:42-Wed-Feb-15-2017 PM10  |  34.05 |  35.78 |  40.85 |  35.29 |I I 
03:42-Wed-Feb-15-2017 PM2.5 |  15.25 |  15.78 |  17.81 |  15.54 |I I 
03:43-Wed-Feb-15-2017 PM10  |  37.65 |  35.89 |  40.85 |  35.29 |I I 
03:43-Wed-Feb-15-2017 PM2.5 |  14.49 |  15.71 |  17.81 |  15.54 |I I 
03:47-Wed-Feb-15-2017 PM10  |  37.61 |  35.99 |  40.85 |  35.29 |I I 
03:47-Wed-Feb-15-2017 PM2.5 |  15.99 |  15.72 |  17.81 |  15.54 |I I 
03:48-Wed-Feb-15-2017 PM10  |  32.09 |  35.78 |  40.85 |  35.29 |I I 
03:48-Wed-Feb-15-2017 PM2.5 |  14.28 |  15.65 |  17.81 |  15.54 |I I 
03:52-Wed-Feb-15-2017 PM10  |  36.33 |  35.81 |  40.85 |  35.29 |I I 
03:52-Wed-Feb-15-2017 PM2.5 |  16.02 |  15.66 |  17.81 |  15.54 |I I 
03:53-Wed-Feb-15-2017 PM10  |  27.87 |  35.43 |  40.85 |  35.29 |I I 
03:53-Wed-Feb-15-2017 PM2.5 |  12.83 |  15.53 |  17.81 |  15.54 |I I 
03:57-Wed-Feb-15-2017 PM10  |  31.49 |  35.25 |  40.85 |  35.29 |I I 
03:57-Wed-Feb-15-2017 PM2.5 |  14.75 |  15.49 |  17.81 |  15.54 |I I 
03:58-Wed-Feb-15-2017 PM10  |  29.44 |  35.00 |  40.85 |  35.29 |I I 
03:58-Wed-Feb-15-2017 PM2.5 |  13.17 |  15.39 |  17.81 |  15.54 |I I 
04:02-Wed-Feb-15-2017 PM10  |  34.52 |  34.98 |  40.85 |  34.98 |I I 
04:02-Wed-Feb-15-2017 PM2.5 |  14.67 |  15.36 |  17.81 |  15.36 |I I 
04:03-Wed-Feb-15-2017 PM10  |  27.33 |  27.33 |  40.85 |  34.98 |I I 
04:03-Wed-Feb-15-2017 PM2.5 |  12.01 |  12.01 |  17.81 |  15.36 |I I 
04:07-Wed-Feb-15-2017 PM10  |  28.37 |  27.85 |  40.85 |  34.98 |I I 
04:07-Wed-Feb-15-2017 PM2.5 |  12.39 |  12.20 |  17.81 |  15.36 |I I 
04:08-Wed-Feb-15-2017 PM10  |  26.88 |  27.53 |  40.85 |  34.98 |I I 
04:08-Wed-Feb-15-2017 PM2.5 |  11.65 |  12.01 |  17.81 |  15.36 |I I 
04:12-Wed-Feb-15-2017 PM10  |  30.52 |  28.27 |  40.85 |  34.98 |I I 
04:12-Wed-Feb-15-2017 PM2.5 |  13.66 |  12.43 |  17.81 |  15.36 |I I 
04:14-Wed-Feb-15-2017 PM10  |  25.93 |  27.81 |  40.85 |  34.98 |I I 
04:14-Wed-Feb-15-2017 PM2.5 |  12.07 |  12.35 |  17.81 |  15.36 |I I 
04:18-Wed-Feb-15-2017 PM10  |  29.54 |  28.10 |  40.85 |  34.98 |I I 
04:18-Wed-Feb-15-2017 PM2.5 |  13.20 |  12.50 |  17.81 |  15.36 |I I 
04:19-Wed-Feb-15-2017 PM10  |  29.42 |  28.28 |  40.85 |  34.98 |I I 
04:19-Wed-Feb-15-2017 PM2.5 |  12.47 |  12.49 |  17.81 |  15.36 |I I 
04:23-Wed-Feb-15-2017 PM10  |  33.56 |  28.94 |  40.85 |  34.98 |I I 
04:23-Wed-Feb-15-2017 PM2.5 |  14.02 |  12.68 |  17.81 |  15.36 |I I 
04:24-Wed-Feb-15-2017 PM10  |  27.79 |  28.81 |  40.85 |  34.98 |I I 
04:24-Wed-Feb-15-2017 PM2.5 |  11.63 |  12.57 |  17.81 |  15.36 |I I 
04:28-Wed-Feb-15-2017 PM10  |  32.47 |  29.18 |  40.85 |  34.98 |I I 
04:28-Wed-Feb-15-2017 PM2.5 |  14.20 |  12.73 |  17.81 |  15.36 |I I 
04:29-Wed-Feb-15-2017 PM10  |  31.74 |  29.41 |  40.85 |  34.98 |I I 
04:29-Wed-Feb-15-2017 PM2.5 |  13.40 |  12.79 |  17.81 |  15.36 |I I 
04:33-Wed-Feb-15-2017 PM10  |  32.55 |  29.68 |  40.85 |  34.98 |I I 
04:33-Wed-Feb-15-2017 PM2.5 |  14.57 |  12.94 |  17.81 |  15.36 |I I 
04:34-Wed-Feb-15-2017 PM10  |  33.22 |  29.95 |  40.85 |  34.98 |I I 
04:34-Wed-Feb-15-2017 PM2.5 |  13.21 |  12.96 |  17.81 |  15.36 |I I 
04:38-Wed-Feb-15-2017 PM10  |  34.70 |  30.29 |  40.85 |  34.98 |I I 
04:38-Wed-Feb-15-2017 PM2.5 |  14.24 |  13.05 |  17.81 |  15.36 |I I 
04:39-Wed-Feb-15-2017 PM10  |  27.24 |  30.08 |  40.85 |  34.98 |I I 
04:39-Wed-Feb-15-2017 PM2.5 |  12.57 |  13.02 |  17.81 |  15.36 |I I 
04:43-Wed-Feb-15-2017 PM10  |  34.51 |  30.36 |  40.85 |  34.98 |I I 
04:43-Wed-Feb-15-2017 PM2.5 |  14.78 |  13.13 |  17.81 |  15.36 |I I 
04:44-Wed-Feb-15-2017 PM10  |  32.35 |  30.48 |  40.85 |  34.98 |I I 
04:44-Wed-Feb-15-2017 PM2.5 |  12.75 |  13.11 |  17.81 |  15.36 |I I 
04:48-Wed-Feb-15-2017 PM10  |  32.28 |  30.58 |  40.85 |  34.98 |I I 
04:48-Wed-Feb-15-2017 PM2.5 |  14.38 |  13.18 |  17.81 |  15.36 |I I 
04:49-Wed-Feb-15-2017 PM10  |  29.74 |  30.53 |  40.85 |  34.98 |I I 
04:49-Wed-Feb-15-2017 PM2.5 |  12.88 |  13.16 |  17.81 |  15.36 |I I 
04:53-Wed-Feb-15-2017 PM10  |  32.70 |  30.64 |  40.85 |  34.98 |I I 
04:53-Wed-Feb-15-2017 PM2.5 |  13.79 |  13.19 |  17.81 |  15.36 |I I 
04:54-Wed-Feb-15-2017 PM10  |  30.40 |  30.63 |  40.85 |  34.98 |I I 
04:54-Wed-Feb-15-2017 PM2.5 |  13.41 |  13.20 |  17.81 |  15.36 |I I 
04:58-Wed-Feb-15-2017 PM10  |  31.90 |  30.69 |  40.85 |  34.98 |I I 
04:58-Wed-Feb-15-2017 PM2.5 |  14.85 |  13.28 |  17.81 |  15.36 |I I 
04:59-Wed-Feb-15-2017 PM10  |  33.47 |  30.81 |  40.85 |  34.98 |I I 
04:59-Wed-Feb-15-2017 PM2.5 |  13.14 |  13.27 |  17.81 |  15.36 |I I 
05:03-Wed-Feb-15-2017 PM10  |  35.28 |  31.00 |  40.85 |  31.00 |I I 
05:03-Wed-Feb-15-2017 PM2.5 |  14.75 |  13.33 |  17.81 |  13.33 |I I 
05:04-Wed-Feb-15-2017 PM10  |  28.62 |  28.62 |  40.85 |  31.00 |I I 
05:04-Wed-Feb-15-2017 PM2.5 |  13.08 |  13.08 |  17.81 |  13.33 |I I 
05:08-Wed-Feb-15-2017 PM10  |  30.66 |  29.64 |  40.85 |  31.00 |I I 
05:08-Wed-Feb-15-2017 PM2.5 |  14.07 |  13.57 |  17.81 |  13.33 |I I 
05:12-Wed-Feb-15-2017 PM10  |  34.85 |  31.37 |  40.85 |  31.00 |I I 
05:12-Wed-Feb-15-2017 PM2.5 |  14.47 |  13.87 |  17.81 |  13.33 |I I 
05:13-Wed-Feb-15-2017 PM10  |  30.11 |  31.06 |  40.85 |  31.00 |I I 
05:13-Wed-Feb-15-2017 PM2.5 |  12.96 |  13.64 |  17.81 |  13.33 |I I 
05:17-Wed-Feb-15-2017 PM10  |  32.98 |  31.44 |  40.85 |  31.00 |I I 
05:17-Wed-Feb-15-2017 PM2.5 |  14.53 |  13.82 |  17.81 |  13.33 |I I 
05:18-Wed-Feb-15-2017 PM10  |  37.68 |  32.48 |  40.85 |  31.00 |I I 
05:18-Wed-Feb-15-2017 PM2.5 |  13.56 |  13.78 |  17.81 |  13.33 |I I 
05:22-Wed-Feb-15-2017 PM10  |  34.34 |  32.75 |  40.85 |  31.00 |I I 
05:22-Wed-Feb-15-2017 PM2.5 |  15.41 |  14.01 |  17.81 |  13.33 |I I 
05:23-Wed-Feb-15-2017 PM10  |  30.96 |  32.52 |  40.85 |  31.00 |I I 
05:23-Wed-Feb-15-2017 PM2.5 |  13.16 |  13.91 |  17.81 |  13.33 |I I 
05:27-Wed-Feb-15-2017 PM10  |  33.66 |  32.65 |  40.85 |  31.00 |I I 
05:27-Wed-Feb-15-2017 PM2.5 |  14.89 |  14.02 |  17.81 |  13.33 |I I 
05:28-Wed-Feb-15-2017 PM10  |  33.42 |  32.73 |  40.85 |  31.00 |I I 
05:28-Wed-Feb-15-2017 PM2.5 |  13.11 |  13.92 |  17.81 |  13.33 |I I 
05:32-Wed-Feb-15-2017 PM10  |  33.80 |  32.83 |  40.85 |  31.00 |I I 
05:32-Wed-Feb-15-2017 PM2.5 |  14.79 |  14.00 |  17.81 |  13.33 |I I 
05:33-Wed-Feb-15-2017 PM10  |  31.14 |  32.68 |  40.85 |  31.00 |I I 
05:33-Wed-Feb-15-2017 PM2.5 |  12.99 |  13.92 |  17.81 |  13.33 |I I 
05:37-Wed-Feb-15-2017 PM10  |  33.82 |  32.77 |  40.85 |  31.00 |I I 
05:37-Wed-Feb-15-2017 PM2.5 |  15.03 |  14.00 |  17.81 |  13.33 |I I 
05:38-Wed-Feb-15-2017 PM10  |  30.41 |  32.60 |  40.85 |  31.00 |I I 
05:38-Wed-Feb-15-2017 PM2.5 |  12.97 |  13.93 |  17.81 |  13.33 |I I 
05:42-Wed-Feb-15-2017 PM10  |  33.95 |  32.69 |  40.85 |  31.00 |I I 
05:42-Wed-Feb-15-2017 PM2.5 |  14.78 |  13.99 |  17.81 |  13.33 |I I 
05:43-Wed-Feb-15-2017 PM10  |  31.95 |  32.65 |  40.85 |  31.00 |I I 
05:43-Wed-Feb-15-2017 PM2.5 |  13.50 |  13.96 |  17.81 |  13.33 |I I 
05:47-Wed-Feb-15-2017 PM10  |  33.51 |  32.70 |  40.85 |  31.00 |I I 
05:47-Wed-Feb-15-2017 PM2.5 |  15.25 |  14.03 |  17.81 |  13.33 |I I 
05:48-Wed-Feb-15-2017 PM10  |  30.41 |  32.57 |  40.85 |  31.00 |I I 
05:48-Wed-Feb-15-2017 PM2.5 |  13.21 |  13.99 |  17.81 |  13.33 |I I 
05:52-Wed-Feb-15-2017 PM10  |  33.93 |  32.64 |  40.85 |  31.00 |I I 
05:52-Wed-Feb-15-2017 PM2.5 |  15.04 |  14.04 |  17.81 |  13.33 |I I 
05:53-Wed-Feb-15-2017 PM10  |  28.94 |  32.46 |  40.85 |  31.00 |I I 
05:53-Wed-Feb-15-2017 PM2.5 |  12.72 |  13.98 |  17.81 |  13.33 |I I 
05:57-Wed-Feb-15-2017 PM10  |  33.13 |  32.49 |  40.85 |  31.00 |I I 
05:57-Wed-Feb-15-2017 PM2.5 |  15.07 |  14.03 |  17.81 |  13.33 |I I 
05:58-Wed-Feb-15-2017 PM10  |  33.29 |  32.53 |  40.85 |  31.00 |I I 
05:58-Wed-Feb-15-2017 PM2.5 |  13.34 |  14.00 |  17.81 |  13.33 |I I 
06:02-Wed-Feb-15-2017 PM10  |  34.95 |  32.63 |  40.85 |  31.00 |I I 
06:02-Wed-Feb-15-2017 PM2.5 |  15.52 |  14.06 |  17.81 |  13.33 |I I 
06:03-Wed-Feb-15-2017 PM10  |  32.97 |  32.97 |  40.85 |  31.00 |I I 
06:03-Wed-Feb-15-2017 PM2.5 |  14.19 |  14.19 |  17.81 |  13.33 |I I 
06:07-Wed-Feb-15-2017 PM10  |  34.46 |  33.72 |  40.85 |  31.00 |I I 
06:07-Wed-Feb-15-2017 PM2.5 |  15.87 |  15.03 |  17.81 |  13.33 |I I 
06:08-Wed-Feb-15-2017 PM10  |  32.61 |  33.35 |  40.85 |  31.00 |I I 
06:08-Wed-Feb-15-2017 PM2.5 |  14.15 |  14.74 |  17.81 |  13.33 |I I 
06:12-Wed-Feb-15-2017 PM10  |  35.85 |  33.97 |  40.85 |  31.00 |I I 
06:12-Wed-Feb-15-2017 PM2.5 |  15.57 |  14.94 |  17.81 |  13.33 |I I 
06:13-Wed-Feb-15-2017 PM10  |  31.18 |  33.42 |  40.85 |  31.00 |I I 
06:13-Wed-Feb-15-2017 PM2.5 |  13.54 |  14.66 |  17.81 |  13.33 |I I 
06:17-Wed-Feb-15-2017 PM10  |  34.45 |  33.59 |  40.85 |  31.00 |I I 
06:17-Wed-Feb-15-2017 PM2.5 |  15.27 |  14.76 |  17.81 |  13.33 |I I 
06:18-Wed-Feb-15-2017 PM10  |  34.00 |  33.65 |  40.85 |  31.00 |I I 
06:18-Wed-Feb-15-2017 PM2.5 |  14.30 |  14.70 |  17.81 |  13.33 |I I 
06:22-Wed-Feb-15-2017 PM10  |  36.11 |  33.96 |  40.85 |  31.00 |I I 
06:22-Wed-Feb-15-2017 PM2.5 |  15.13 |  14.75 |  17.81 |  13.33 |I I 
06:23-Wed-Feb-15-2017 PM10  |  28.48 |  33.35 |  40.85 |  31.00 |I I 
06:23-Wed-Feb-15-2017 PM2.5 |  13.18 |  14.58 |  17.81 |  13.33 |I I 
06:27-Wed-Feb-15-2017 PM10  |  31.34 |  33.15 |  40.85 |  31.00 |I I 
06:27-Wed-Feb-15-2017 PM2.5 |  13.85 |  14.50 |  17.81 |  13.33 |I I 
06:28-Wed-Feb-15-2017 PM10  |  25.59 |  32.46 |  40.85 |  31.00 |I I 
06:28-Wed-Feb-15-2017 PM2.5 |  11.86 |  14.26 |  17.81 |  13.33 |I I 
06:32-Wed-Feb-15-2017 PM10  |  30.28 |  32.28 |  40.85 |  31.00 |I I 
06:32-Wed-Feb-15-2017 PM2.5 |  13.55 |  14.20 |  17.81 |  13.33 |I I 
06:33-Wed-Feb-15-2017 PM10  |  25.96 |  31.79 |  40.85 |  31.00 |I I 
06:33-Wed-Feb-15-2017 PM2.5 |  11.45 |  13.99 |  17.81 |  13.33 |I I 
06:37-Wed-Feb-15-2017 PM10  |  31.28 |  31.76 |  40.85 |  31.00 |I I 
06:37-Wed-Feb-15-2017 PM2.5 |  13.80 |  13.98 |  17.81 |  13.33 |I I 
06:38-Wed-Feb-15-2017 PM10  |  30.68 |  31.68 |  40.85 |  31.00 |I I 
06:38-Wed-Feb-15-2017 PM2.5 |  12.01 |  13.85 |  17.81 |  13.33 |I I 
06:42-Wed-Feb-15-2017 PM10  |  30.80 |  31.63 |  40.85 |  31.00 |I I 
06:42-Wed-Feb-15-2017 PM2.5 |  13.25 |  13.81 |  17.81 |  13.33 |I I 
06:43-Wed-Feb-15-2017 PM10  |  27.73 |  31.40 |  40.85 |  31.00 |I I 
06:43-Wed-Feb-15-2017 PM2.5 |  11.75 |  13.69 |  17.81 |  13.33 |I I 
06:47-Wed-Feb-15-2017 PM10  |  26.86 |  31.15 |  40.85 |  31.00 |I I 
06:47-Wed-Feb-15-2017 PM2.5 |  12.36 |  13.62 |  17.81 |  13.33 |I I 
06:48-Wed-Feb-15-2017 PM10  |  27.01 |  30.93 |  40.85 |  31.00 |I I 
06:48-Wed-Feb-15-2017 PM2.5 |  11.43 |  13.50 |  17.81 |  13.33 |I I 
06:52-Wed-Feb-15-2017 PM10  |  31.19 |  30.94 |  40.85 |  31.00 |I I 
06:52-Wed-Feb-15-2017 PM2.5 |  13.91 |  13.52 |  17.81 |  13.33 |I I 
06:53-Wed-Feb-15-2017 PM10  |  27.88 |  30.80 |  40.85 |  31.00 |I I 
06:53-Wed-Feb-15-2017 PM2.5 |  11.39 |  13.42 |  17.81 |  13.33 |I I 
06:57-Wed-Feb-15-2017 PM10  |  32.16 |  30.86 |  40.85 |  31.00 |I I 
06:57-Wed-Feb-15-2017 PM2.5 |  13.58 |  13.43 |  17.81 |  13.33 |I I 
06:58-Wed-Feb-15-2017 PM10  |  31.85 |  30.90 |  40.85 |  31.00 |I I 
06:58-Wed-Feb-15-2017 PM2.5 |  12.26 |  13.38 |  17.81 |  13.33 |I I 
07:02-Wed-Feb-15-2017 PM10  |  35.02 |  31.07 |  40.85 |  31.00 |I I 
07:02-Wed-Feb-15-2017 PM2.5 |  14.13 |  13.41 |  17.81 |  13.33 |I I 
07:03-Wed-Feb-15-2017 PM10  |  33.14 |  33.14 |  40.85 |  31.00 |I I 
07:03-Wed-Feb-15-2017 PM2.5 |  13.94 |  13.94 |  17.81 |  13.33 |I I 
07:07-Wed-Feb-15-2017 PM10  |  36.87 |  35.00 |  40.85 |  31.00 |I I 
07:07-Wed-Feb-15-2017 PM2.5 |  15.94 |  14.94 |  17.81 |  13.33 |I I 
07:08-Wed-Feb-15-2017 PM10  |  31.60 |  33.87 |  40.85 |  31.00 |I I 
07:08-Wed-Feb-15-2017 PM2.5 |  14.08 |  14.65 |  17.81 |  13.33 |I I 
07:12-Wed-Feb-15-2017 PM10  |  36.67 |  34.57 |  40.85 |  31.00 |I B 
07:12-Wed-Feb-15-2017 PM2.5 |  16.28 |  15.06 |  17.81 |  13.33 |I B 
07:13-Wed-Feb-15-2017recover dati per host :92.223.147.77/nodered
07:13-Wed-Feb-15-2017 PM10  |  31.71 |  34.00 |  40.85 |  31.00 |I I 
07:13-Wed-Feb-15-2017 PM2.5 |  13.33 |  14.71 |  17.81 |  13.33 |I I 
07:17-Wed-Feb-15-2017 PM10  |  35.65 |  34.27 |  40.85 |  31.00 |I I 
07:17-Wed-Feb-15-2017 PM2.5 |  15.18 |  14.79 |  17.81 |  13.33 |I I 
07:18-Wed-Feb-15-2017 PM10  |  30.77 |  33.77 |  40.85 |  31.00 |I I 
07:18-Wed-Feb-15-2017 PM2.5 |  13.24 |  14.57 |  17.81 |  13.33 |I I 
07:22-Wed-Feb-15-2017 PM10  |  35.78 |  34.02 |  40.85 |  31.00 |I I 
07:22-Wed-Feb-15-2017 PM2.5 |  15.33 |  14.66 |  17.81 |  13.33 |I I 
07:23-Wed-Feb-15-2017 PM10  |  36.47 |  34.30 |  40.85 |  31.00 |I I 
07:23-Wed-Feb-15-2017 PM2.5 |  13.56 |  14.54 |  17.81 |  13.33 |I I 
07:28-Wed-Feb-15-2017 PM10  |  34.50 |  34.32 |  40.85 |  31.00 |I I 
07:28-Wed-Feb-15-2017 PM2.5 |  15.36 |  14.62 |  17.81 |  13.33 |I I 
07:29-Wed-Feb-15-2017 PM10  |  39.65 |  34.80 |  40.85 |  31.00 |I I 
07:29-Wed-Feb-15-2017 PM2.5 |  15.39 |  14.69 |  17.81 |  13.33 |I I 
07:33-Wed-Feb-15-2017 PM10  |  44.13 |  35.58 |  40.85 |  31.00 |I I 
07:33-Wed-Feb-15-2017 PM2.5 |  18.23 |  14.99 |  17.81 |  13.33 |I I 
07:34-Wed-Feb-15-2017 PM10  |  36.44 |  35.65 |  40.85 |  31.00 |I I 
07:34-Wed-Feb-15-2017 PM2.5 |  14.38 |  14.94 |  17.81 |  13.33 |I I 
07:38-Wed-Feb-15-2017 PM10  |  38.68 |  35.86 |  40.85 |  31.00 |I I 
07:38-Wed-Feb-15-2017 PM2.5 |  16.46 |  15.05 |  17.81 |  13.33 |I I 
07:39-Wed-Feb-15-2017 PM10  |  36.76 |  35.92 |  40.85 |  31.00 |I I 
07:39-Wed-Feb-15-2017 PM2.5 |  14.28 |  15.00 |  17.81 |  13.33 |I I 
07:43-Wed-Feb-15-2017 PM10  |  35.13 |  35.87 |  40.85 |  31.00 |I I 
07:43-Wed-Feb-15-2017 PM2.5 |  16.13 |  15.07 |  17.81 |  13.33 |I I 
07:44-Wed-Feb-15-2017 PM10  |  35.00 |  35.82 |  40.85 |  31.00 |I I 
07:44-Wed-Feb-15-2017 PM2.5 |  14.21 |  15.02 |  17.81 |  13.33 |I I 
07:48-Wed-Feb-15-2017 PM10  |  38.88 |  35.99 |  40.85 |  31.00 |I I 
07:48-Wed-Feb-15-2017 PM2.5 |  16.23 |  15.09 |  17.81 |  13.33 |I I 
07:49-Wed-Feb-15-2017 PM10  |  36.63 |  36.02 |  40.85 |  31.00 |I I 
07:49-Wed-Feb-15-2017 PM2.5 |  14.21 |  15.04 |  17.81 |  13.33 |I I 
07:53-Wed-Feb-15-2017 PM10  |  34.81 |  35.96 |  40.85 |  31.00 |I I 
07:53-Wed-Feb-15-2017 PM2.5 |  16.28 |  15.10 |  17.81 |  13.33 |I I 
07:54-Wed-Feb-15-2017 PM10  |  35.35 |  35.93 |  40.85 |  31.00 |I I 
07:54-Wed-Feb-15-2017 PM2.5 |  15.57 |  15.12 |  17.81 |  13.33 |I I 
07:58-Wed-Feb-15-2017 PM10  |  39.94 |  36.12 |  40.85 |  31.00 |I I 
07:58-Wed-Feb-15-2017 PM2.5 |  16.75 |  15.20 |  17.81 |  13.33 |I I 
07:59-Wed-Feb-15-2017 PM10  |  36.95 |  36.15 |  40.85 |  31.00 |I I 
07:59-Wed-Feb-15-2017 PM2.5 |  14.42 |  15.16 |  17.81 |  13.33 |I I 
08:03-Wed-Feb-15-2017 PM10  |  38.00 |  36.23 |  40.85 |  31.00 |I I 
08:03-Wed-Feb-15-2017 PM2.5 |  16.20 |  15.21 |  17.81 |  13.33 |I I 
08:04-Wed-Feb-15-2017 PM10  |  32.72 |  32.72 |  40.85 |  31.00 |I I 
08:04-Wed-Feb-15-2017 PM2.5 |  14.00 |  14.00 |  17.81 |  13.33 |I I 
08:08-Wed-Feb-15-2017 PM10  |  38.29 |  35.51 |  40.85 |  31.00 |I I 
08:08-Wed-Feb-15-2017 PM2.5 |  16.52 |  15.26 |  17.81 |  13.33 |I I 
08:09-Wed-Feb-15-2017 PM10  |  37.04 |  36.02 |  40.85 |  31.00 |I I 
08:09-Wed-Feb-15-2017 PM2.5 |  15.05 |  15.19 |  17.81 |  13.33 |I I 
08:13-Wed-Feb-15-2017 PM10  |  35.75 |  35.95 |  40.85 |  31.00 |I I 
08:13-Wed-Feb-15-2017 PM2.5 |  15.84 |  15.35 |  17.81 |  13.33 |I I 
08:14-Wed-Feb-15-2017 PM10  |  39.12 |  36.59 |  40.85 |  31.00 |I I 
08:14-Wed-Feb-15-2017 PM2.5 |  15.11 |  15.30 |  17.81 |  13.33 |I I 
08:18-Wed-Feb-15-2017 PM10  |  45.21 |  38.02 |  40.85 |  31.00 |I I 
08:18-Wed-Feb-15-2017 PM2.5 |  17.30 |  15.64 |  17.81 |  13.33 |I I 
08:19-Wed-Feb-15-2017 PM10  |  35.96 |  37.73 |  40.85 |  31.00 |I I 
08:19-Wed-Feb-15-2017 PM2.5 |  14.81 |  15.52 |  17.81 |  13.33 |I I 
08:23-Wed-Feb-15-2017 PM10  |  43.70 |  38.47 |  40.85 |  31.00 |I I 
08:23-Wed-Feb-15-2017 PM2.5 |  16.60 |  15.65 |  17.81 |  13.33 |I I 
08:24-Wed-Feb-15-2017 PM10  |  36.01 |  38.20 |  40.85 |  31.00 |I I 
08:24-Wed-Feb-15-2017 PM2.5 |  14.57 |  15.53 |  17.81 |  13.33 |I I 
08:28-Wed-Feb-15-2017 PM10  |  35.88 |  37.97 |  40.85 |  31.00 |I I 
08:28-Wed-Feb-15-2017 PM2.5 |  16.24 |  15.60 |  17.81 |  13.33 |I I 
08:29-Wed-Feb-15-2017 PM10  |  38.28 |  38.00 |  40.85 |  31.00 |I I 
08:29-Wed-Feb-15-2017 PM2.5 |  14.95 |  15.55 |  17.81 |  13.33 |I I 
08:33-Wed-Feb-15-2017 PM10  |  36.96 |  37.91 |  40.85 |  31.00 |I I 
08:33-Wed-Feb-15-2017 PM2.5 |  16.34 |  15.61 |  17.81 |  13.33 |I I 
08:34-Wed-Feb-15-2017 PM10  |  37.75 |  37.90 |  40.85 |  31.00 |I I 
08:34-Wed-Feb-15-2017 PM2.5 |  14.53 |  15.53 |  17.81 |  13.33 |I I 
08:38-Wed-Feb-15-2017 PM10  |  38.01 |  37.91 |  40.85 |  31.00 |I I 
08:38-Wed-Feb-15-2017 PM2.5 |  16.50 |  15.60 |  17.81 |  13.33 |I I 
08:39-Wed-Feb-15-2017 PM10  |  39.08 |  37.98 |  40.85 |  31.00 |I I 
08:39-Wed-Feb-15-2017 PM2.5 |  16.31 |  15.65 |  17.81 |  13.33 |I I 
08:43-Wed-Feb-15-2017 PM10  |  40.06 |  38.11 |  40.85 |  31.00 |I I 
08:43-Wed-Feb-15-2017 PM2.5 |  17.36 |  15.75 |  17.81 |  13.33 |I I 
08:44-Wed-Feb-15-2017 PM10  |  38.99 |  38.17 |  40.85 |  31.00 |I I 
08:44-Wed-Feb-15-2017 PM2.5 |  16.11 |  15.77 |  17.81 |  13.33 |I I 
08:48-Wed-Feb-15-2017 PM10  |  40.68 |  38.30 |  40.85 |  31.00 |I I 
08:48-Wed-Feb-15-2017 PM2.5 |  17.51 |  15.87 |  17.81 |  13.33 |I I 
08:49-Wed-Feb-15-2017 PM10  |  40.24 |  38.41 |  40.85 |  31.00 |I I 
08:49-Wed-Feb-15-2017 PM2.5 |  16.63 |  15.91 |  17.81 |  13.33 |I I 
08:53-Wed-Feb-15-2017 PM10  |  47.98 |  38.89 |  40.85 |  31.00 |I I 
08:53-Wed-Feb-15-2017 PM2.5 |  19.09 |  16.07 |  17.81 |  13.33 |I I 
08:54-Wed-Feb-15-2017 PM10  |  37.70 |  38.83 |  40.85 |  31.00 |I I 
08:54-Wed-Feb-15-2017 PM2.5 |  17.01 |  16.11 |  17.81 |  13.33 |I I 
08:58-Wed-Feb-15-2017 PM10  |  41.60 |  38.96 |  40.85 |  31.00 |I I 
08:58-Wed-Feb-15-2017 PM2.5 |  19.12 |  16.25 |  17.81 |  13.33 |I I 
08:59-Wed-Feb-15-2017 PM10  |  43.82 |  39.17 |  40.85 |  31.00 |I I 
08:59-Wed-Feb-15-2017 PM2.5 |  18.26 |  16.34 |  17.81 |  13.33 |I I 
09:03-Wed-Feb-15-2017 PM10  |  45.30 |  39.42 |  40.85 |  31.00 |I I 
09:03-Wed-Feb-15-2017 PM2.5 |  20.02 |  16.49 |  17.81 |  13.33 |I I 
09:07-Wed-Feb-15-2017 PM10  |  45.89 |  45.89 |  40.85 |  31.00 |I I 
09:07-Wed-Feb-15-2017 PM2.5 |  20.70 |  20.70 |  17.81 |  13.33 |I I 
09:08-Wed-Feb-15-2017 PM10  |  39.47 |  42.68 |  40.85 |  31.00 |I I 
09:08-Wed-Feb-15-2017 PM2.5 |  17.39 |  19.05 |  17.81 |  13.33 |I I 
09:12-Wed-Feb-15-2017 PM10  |  43.10 |  42.82 |  40.85 |  31.00 |I I 
09:12-Wed-Feb-15-2017 PM2.5 |  20.06 |  19.38 |  17.81 |  13.33 |I I 
09:13-Wed-Feb-15-2017 PM10  |  46.24 |  43.68 |  40.85 |  31.00 |I I 
09:13-Wed-Feb-15-2017 PM2.5 |  19.79 |  19.49 |  17.81 |  13.33 |I I 
09:17-Wed-Feb-15-2017 PM10  |  50.62 |  45.06 |  40.85 |  31.00 |I I 
09:17-Wed-Feb-15-2017 PM2.5 |  22.14 |  20.02 |  17.81 |  13.33 |I I 
09:18-Wed-Feb-15-2017 PM10  |  47.94 |  45.54 |  40.85 |  31.00 |I I 
09:18-Wed-Feb-15-2017 PM2.5 |  19.92 |  20.00 |  17.81 |  13.33 |I I 
09:22-Wed-Feb-15-2017 PM10  |  49.43 |  46.10 |  40.85 |  31.00 |I I 
09:22-Wed-Feb-15-2017 PM2.5 |  21.91 |  20.27 |  17.81 |  13.33 |I I 
09:23-Wed-Feb-15-2017 PM10  |  48.38 |  46.38 |  40.85 |  31.00 |I I 
09:23-Wed-Feb-15-2017 PM2.5 |  21.02 |  20.37 |  17.81 |  13.33 |I I 
09:27-Wed-Feb-15-2017 PM10  |  53.73 |  47.20 |  40.85 |  31.00 |I I 
09:27-Wed-Feb-15-2017 PM2.5 |  24.07 |  20.78 |  17.81 |  13.33 |I I 
09:28-Wed-Feb-15-2017 PM10  |  43.77 |  46.86 |  40.85 |  31.00 |I I 
09:28-Wed-Feb-15-2017 PM2.5 |  19.98 |  20.70 |  17.81 |  13.33 |I I 
09:32-Wed-Feb-15-2017 PM10  |  50.19 |  47.16 |  40.85 |  31.00 |I I 
09:32-Wed-Feb-15-2017 PM2.5 |  22.40 |  20.85 |  17.81 |  13.33 |I I 
09:33-Wed-Feb-15-2017 PM10  |  46.20 |  47.08 |  40.85 |  31.00 |I I 
09:33-Wed-Feb-15-2017 PM2.5 |  19.93 |  20.78 |  17.81 |  13.33 |I I 
09:37-Wed-Feb-15-2017 PM10  |  49.60 |  47.27 |  40.85 |  31.00 |I I 
09:37-Wed-Feb-15-2017 PM2.5 |  22.45 |  20.90 |  17.81 |  13.33 |I I 
09:38-Wed-Feb-15-2017 PM10  |  45.42 |  47.14 |  40.85 |  31.00 |I I 
09:38-Wed-Feb-15-2017 PM2.5 |  19.19 |  20.78 |  17.81 |  13.33 |I I 
09:42-Wed-Feb-15-2017 PM10  |  48.75 |  47.25 |  40.85 |  31.00 |I I 
09:42-Wed-Feb-15-2017 PM2.5 |  21.81 |  20.85 |  17.81 |  13.33 |I I 
09:43-Wed-Feb-15-2017 PM10  |  44.18 |  47.06 |  40.85 |  31.00 |I I 
09:43-Wed-Feb-15-2017 PM2.5 |  19.30 |  20.75 |  17.81 |  13.33 |I I 
09:47-Wed-Feb-15-2017 PM10  |  47.98 |  47.11 |  40.85 |  31.00 |I I 
09:47-Wed-Feb-15-2017 PM2.5 |  21.89 |  20.82 |  17.81 |  13.33 |I I 
09:48-Wed-Feb-15-2017 PM10  |  38.37 |  46.63 |  40.85 |  31.00 |I I 
09:48-Wed-Feb-15-2017 PM2.5 |  16.66 |  20.59 |  17.81 |  13.33 |I I 
09:52-Wed-Feb-15-2017 PM10  |  40.50 |  46.30 |  40.85 |  31.00 |I I 
09:52-Wed-Feb-15-2017 PM2.5 |  18.63 |  20.49 |  17.81 |  13.33 |I I 
09:53-Wed-Feb-15-2017 PM10  |  39.40 |  45.96 |  40.85 |  31.00 |I I 
09:53-Wed-Feb-15-2017 PM2.5 |  17.88 |  20.36 |  17.81 |  13.33 |I I 
09:57-Wed-Feb-15-2017 PM10  |  45.53 |  45.94 |  40.85 |  31.00 |I I 
09:57-Wed-Feb-15-2017 PM2.5 |  20.22 |  20.35 |  17.81 |  13.33 |I I 
09:58-Wed-Feb-15-2017 PM10  |  38.77 |  45.61 |  40.85 |  31.00 |I I 
09:58-Wed-Feb-15-2017 PM2.5 |  17.64 |  20.23 |  17.81 |  13.33 |I I 
10:02-Wed-Feb-15-2017 PM10  |  44.52 |  45.56 |  45.56 |  31.00 |I I 
10:02-Wed-Feb-15-2017 PM2.5 |  20.13 |  20.22 |  20.22 |  13.33 |I I 
10:03-Wed-Feb-15-2017 PM10  |  43.27 |  43.27 |  45.56 |  31.00 |I I 
10:03-Wed-Feb-15-2017 PM2.5 |  18.83 |  18.83 |  20.22 |  13.33 |I I 
10:07-Wed-Feb-15-2017 PM10  |  46.89 |  45.08 |  45.56 |  31.00 |I I 
10:07-Wed-Feb-15-2017 PM2.5 |  20.71 |  19.77 |  20.22 |  13.33 |I I 
10:08-Wed-Feb-15-2017 PM10  |  43.92 |  44.69 |  45.56 |  31.00 |I I 
10:08-Wed-Feb-15-2017 PM2.5 |  18.27 |  19.27 |  20.22 |  13.33 |I I 
10:12-Wed-Feb-15-2017 PM10  |  46.04 |  45.03 |  45.56 |  31.00 |I I 
10:12-Wed-Feb-15-2017 PM2.5 |  20.55 |  19.59 |  20.22 |  13.33 |I I 
10:13-Wed-Feb-15-2017 PM10  |  39.57 |  43.94 |  45.56 |  31.00 |I I 
10:13-Wed-Feb-15-2017 PM2.5 |  17.60 |  19.19 |  20.22 |  13.33 |I I 
10:17-Wed-Feb-15-2017 PM10  |  46.64 |  44.39 |  45.56 |  31.00 |I I 
10:17-Wed-Feb-15-2017 PM2.5 |  20.56 |  19.42 |  20.22 |  13.33 |I I 
10:18-Wed-Feb-15-2017 PM10  |  42.81 |  44.16 |  45.56 |  31.00 |I I 
10:18-Wed-Feb-15-2017 PM2.5 |  18.48 |  19.29 |  20.22 |  13.33 |I I 
10:22-Wed-Feb-15-2017 PM10  |  44.68 |  44.23 |  45.56 |  31.00 |I I 
10:22-Wed-Feb-15-2017 PM2.5 |  20.37 |  19.42 |  20.22 |  13.33 |I I 
10:23-Wed-Feb-15-2017 PM10  |  42.92 |  44.08 |  45.56 |  31.00 |I I 
10:23-Wed-Feb-15-2017 PM2.5 |  18.98 |  19.37 |  20.22 |  13.33 |I I 
10:27-Wed-Feb-15-2017 PM10  |  43.32 |  44.01 |  45.56 |  31.00 |I I 
10:27-Wed-Feb-15-2017 PM2.5 |  20.37 |  19.47 |  20.22 |  13.33 |I I 
10:28-Wed-Feb-15-2017 PM10  |  43.16 |  43.93 |  45.56 |  31.00 |I I 
10:28-Wed-Feb-15-2017 PM2.5 |  19.33 |  19.46 |  20.22 |  13.33 |I I 
10:32-Wed-Feb-15-2017 PM10  |  45.90 |  44.09 |  45.56 |  31.00 |I I 
10:32-Wed-Feb-15-2017 PM2.5 |  21.37 |  19.62 |  20.22 |  13.33 |I I 
10:33-Wed-Feb-15-2017 PM10  |  47.45 |  44.35 |  45.56 |  31.00 |I I 
10:33-Wed-Feb-15-2017 PM2.5 |  19.94 |  19.64 |  20.22 |  13.33 |I I 
10:37-Wed-Feb-15-2017 PM10  |  49.37 |  44.71 |  45.56 |  31.00 |I I 
10:37-Wed-Feb-15-2017 PM2.5 |  22.68 |  19.86 |  20.22 |  13.33 |I I 
10:38-Wed-Feb-15-2017 PM10  |  45.10 |  44.74 |  45.56 |  31.00 |I I 
10:38-Wed-Feb-15-2017 PM2.5 |  19.03 |  19.80 |  20.22 |  13.33 |I I 
10:43-Wed-Feb-15-2017 PM10  |  46.37 |  44.84 |  45.56 |  31.00 |I I 
10:43-Wed-Feb-15-2017 PM2.5 |  20.91 |  19.87 |  20.22 |  13.33 |I I 
10:44-Wed-Feb-15-2017 PM10  |  43.37 |  44.75 |  45.56 |  31.00 |I I 
10:44-Wed-Feb-15-2017 PM2.5 |  18.22 |  19.78 |  20.22 |  13.33 |I I 
10:48-Wed-Feb-15-2017 PM10  |  52.32 |  45.17 |  45.56 |  31.00 |I I 
10:48-Wed-Feb-15-2017 PM2.5 |  21.33 |  19.86 |  20.22 |  13.33 |I I 
10:49-Wed-Feb-15-2017 PM10  |  44.65 |  45.14 |  45.56 |  31.00 |I I 
10:49-Wed-Feb-15-2017 PM2.5 |  18.64 |  19.80 |  20.22 |  13.33 |I I 
10:53-Wed-Feb-15-2017 PM10  |  47.88 |  45.28 |  45.56 |  31.00 |I I 
10:53-Wed-Feb-15-2017 PM2.5 |  20.96 |  19.86 |  20.22 |  13.33 |I I 
10:54-Wed-Feb-15-2017 PM10  |  42.96 |  45.17 |  45.56 |  31.00 |I I 
10:54-Wed-Feb-15-2017 PM2.5 |  18.59 |  19.80 |  20.22 |  13.33 |I I 
10:58-Wed-Feb-15-2017 PM10  |  48.45 |  45.32 |  45.56 |  31.00 |I I 
10:58-Wed-Feb-15-2017 PM2.5 |  20.51 |  19.83 |  20.22 |  13.33 |I I 
10:59-Wed-Feb-15-2017 PM10  |  46.46 |  45.37 |  45.56 |  31.00 |I I 
10:59-Wed-Feb-15-2017 PM2.5 |  18.90 |  19.79 |  20.22 |  13.33 |I I 
11:03-Wed-Feb-15-2017 PM10  |  44.18 |  45.32 |  45.56 |  31.00 |I I 
11:03-Wed-Feb-15-2017 PM2.5 |  20.49 |  19.82 |  20.22 |  13.33 |I I 
11:04-Wed-Feb-15-2017 PM10  |  37.64 |  37.64 |  45.56 |  31.00 |I I 
11:04-Wed-Feb-15-2017 PM2.5 |  17.13 |  17.13 |  20.22 |  13.33 |I I 
11:08-Wed-Feb-15-2017 PM10  |  41.45 |  39.55 |  45.56 |  31.00 |I I 
11:08-Wed-Feb-15-2017 PM2.5 |  19.57 |  18.35 |  20.22 |  13.33 |I I 
11:09-Wed-Feb-15-2017 PM10  |  41.72 |  40.27 |  45.56 |  31.00 |I I 
11:09-Wed-Feb-15-2017 PM2.5 |  17.35 |  18.02 |  20.22 |  13.33 |I I 
11:13-Wed-Feb-15-2017 PM10  |  42.92 |  40.93 |  45.56 |  31.00 |I I 
11:13-Wed-Feb-15-2017 PM2.5 |  19.10 |  18.29 |  20.22 |  13.33 |I I 
11:14-Wed-Feb-15-2017 PM10  |  43.14 |  41.37 |  45.56 |  31.00 |I I 
11:14-Wed-Feb-15-2017 PM2.5 |  16.88 |  18.01 |  20.22 |  13.33 |I I 
11:18-Wed-Feb-15-2017 PM10  |  47.09 |  42.33 |  45.56 |  31.00 |I I 
11:18-Wed-Feb-15-2017 PM2.5 |  19.77 |  18.30 |  20.22 |  13.33 |I I 
11:19-Wed-Feb-15-2017 PM10  |  41.74 |  42.24 |  45.56 |  31.00 |I I 
11:19-Wed-Feb-15-2017 PM2.5 |  18.03 |  18.26 |  20.22 |  13.33 |I I 
11:23-Wed-Feb-15-2017 PM10  |  43.13 |  42.35 |  45.56 |  31.00 |I I 
11:23-Wed-Feb-15-2017 PM2.5 |  19.63 |  18.43 |  20.22 |  13.33 |I I 
11:24-Wed-Feb-15-2017 PM10  |  39.52 |  42.04 |  45.56 |  31.00 |I I 
11:24-Wed-Feb-15-2017 PM2.5 |  16.07 |  18.17 |  20.22 |  13.33 |I I 
11:28-Wed-Feb-15-2017 PM10  |  42.83 |  42.12 |  45.56 |  31.00 |I I 
11:28-Wed-Feb-15-2017 PM2.5 |  18.59 |  18.21 |  20.22 |  13.33 |I I 
11:29-Wed-Feb-15-2017 PM10  |  35.33 |  41.50 |  45.56 |  31.00 |I I 
11:29-Wed-Feb-15-2017 PM2.5 |  16.10 |  18.02 |  20.22 |  13.33 |I I 
11:33-Wed-Feb-15-2017 PM10  |  38.73 |  41.27 |  45.56 |  31.00 |I I 
11:33-Wed-Feb-15-2017 PM2.5 |  17.74 |  18.00 |  20.22 |  13.33 |I I 
11:34-Wed-Feb-15-2017 PM10  |  40.51 |  41.21 |  45.56 |  31.00 |I I 
11:34-Wed-Feb-15-2017 PM2.5 |  17.41 |  17.95 |  20.22 |  13.33 |I I 
11:38-Wed-Feb-15-2017 PM10  |  41.92 |  41.26 |  45.56 |  31.00 |I I 
11:38-Wed-Feb-15-2017 PM2.5 |  18.98 |  18.02 |  20.22 |  13.33 |I I 
11:39-Wed-Feb-15-2017 PM10  |  39.32 |  41.13 |  45.56 |  31.00 |I I 
11:39-Wed-Feb-15-2017 PM2.5 |  18.28 |  18.04 |  20.22 |  13.33 |I I 
11:43-Wed-Feb-15-2017 PM10  |  42.14 |  41.20 |  45.56 |  31.00 |I I 
11:43-Wed-Feb-15-2017 PM2.5 |  19.11 |  18.11 |  20.22 |  13.33 |I I 
11:44-Wed-Feb-15-2017 PM10  |  40.89 |  41.18 |  45.56 |  31.00 |I I 
11:44-Wed-Feb-15-2017 PM2.5 |  17.86 |  18.09 |  20.22 |  13.33 |I I 
11:48-Wed-Feb-15-2017 PM10  |  43.94 |  41.33 |  45.56 |  31.00 |I I 
11:48-Wed-Feb-15-2017 PM2.5 |  19.73 |  18.19 |  20.22 |  13.33 |I I 
11:49-Wed-Feb-15-2017 PM10  |  40.88 |  41.31 |  45.56 |  31.00 |I I 
11:49-Wed-Feb-15-2017 PM2.5 |  19.20 |  18.24 |  20.22 |  13.33 |I I 
11:53-Wed-Feb-15-2017 PM10  |  45.11 |  41.50 |  45.56 |  31.00 |I I 
11:53-Wed-Feb-15-2017 PM2.5 |  20.80 |  18.37 |  20.22 |  13.33 |I I 
11:54-Wed-Feb-15-2017 PM10  |  45.88 |  41.71 |  45.56 |  31.00 |I I 
11:54-Wed-Feb-15-2017 PM2.5 |  19.42 |  18.42 |  20.22 |  13.33 |I I 
11:58-Wed-Feb-15-2017 PM10  |  47.65 |  41.98 |  45.56 |  31.00 |I I 
11:58-Wed-Feb-15-2017 PM2.5 |  21.89 |  18.57 |  20.22 |  13.33 |I I 
11:59-Wed-Feb-15-2017 PM10  |  44.25 |  42.08 |  45.56 |  31.00 |I I 
11:59-Wed-Feb-15-2017 PM2.5 |  20.20 |  18.65 |  20.22 |  13.33 |I I 
12:03-Wed-Feb-15-2017 PM10  |  46.48 |  42.26 |  45.56 |  31.00 |I I 
12:03-Wed-Feb-15-2017 PM2.5 |  21.58 |  18.77 |  20.22 |  13.33 |I I 
12:04-Wed-Feb-15-2017 PM10  |  45.60 |  45.60 |  45.56 |  31.00 |I I 
12:04-Wed-Feb-15-2017 PM2.5 |  19.04 |  19.04 |  20.22 |  13.33 |I I 
12:08-Wed-Feb-15-2017 PM10  |  48.01 |  46.80 |  45.56 |  31.00 |I I 
12:08-Wed-Feb-15-2017 PM2.5 |  20.73 |  19.89 |  20.22 |  13.33 |I I 
12:09-Wed-Feb-15-2017 PM10  |  42.74 |  45.45 |  45.56 |  31.00 |I I 
12:09-Wed-Feb-15-2017 PM2.5 |  18.08 |  19.29 |  20.22 |  13.33 |I I 
12:13-Wed-Feb-15-2017 PM10  |  43.60 |  44.99 |  45.56 |  31.00 |I I 
12:13-Wed-Feb-15-2017 PM2.5 |  20.54 |  19.60 |  20.22 |  13.33 |I I 
12:14-Wed-Feb-15-2017 PM10  |  41.48 |  44.29 |  45.56 |  31.00 |I I 
12:14-Wed-Feb-15-2017 PM2.5 |  18.49 |  19.38 |  20.22 |  13.33 |I I 
12:18-Wed-Feb-15-2017 PM10  |  44.02 |  44.24 |  45.56 |  31.00 |I I 
12:18-Wed-Feb-15-2017 PM2.5 |  20.83 |  19.62 |  20.22 |  13.33 |I I 
12:19-Wed-Feb-15-2017 PM10  |  44.46 |  44.27 |  45.56 |  31.00 |I I 
12:19-Wed-Feb-15-2017 PM2.5 |  18.31 |  19.43 |  20.22 |  13.33 |I I 
12:23-Wed-Feb-15-2017 PM10  |  41.06 |  43.87 |  45.56 |  31.00 |I I 
12:23-Wed-Feb-15-2017 PM2.5 |  19.41 |  19.43 |  20.22 |  13.33 |I I 
12:24-Wed-Feb-15-2017 PM10  |  41.67 |  43.63 |  45.56 |  31.00 |I I 
12:24-Wed-Feb-15-2017 PM2.5 |  17.97 |  19.27 |  20.22 |  13.33 |I I 
12:28-Wed-Feb-15-2017 PM10  |  41.95 |  43.46 |  45.56 |  31.00 |I I 
12:28-Wed-Feb-15-2017 PM2.5 |  20.05 |  19.35 |  20.22 |  13.33 |I I 
12:29-Wed-Feb-15-2017 PM10  |  41.71 |  43.30 |  45.56 |  31.00 |I I 
12:29-Wed-Feb-15-2017 PM2.5 |  17.69 |  19.20 |  20.22 |  13.33 |I I 
12:33-Wed-Feb-15-2017 PM10  |  40.76 |  43.09 |  45.56 |  31.00 |I I 
12:33-Wed-Feb-15-2017 PM2.5 |  18.71 |  19.15 |  20.22 |  13.33 |I I 
12:34-Wed-Feb-15-2017 PM10  |  40.91 |  42.92 |  45.56 |  31.00 |I I 
12:34-Wed-Feb-15-2017 PM2.5 |  18.11 |  19.07 |  20.22 |  13.33 |I I 
12:38-Wed-Feb-15-2017 PM10  |  44.05 |  43.00 |  45.56 |  31.00 |I I 
12:38-Wed-Feb-15-2017 PM2.5 |  19.81 |  19.13 |  20.22 |  13.33 |I I 
12:39-Wed-Feb-15-2017 PM10  |  38.33 |  42.69 |  45.56 |  31.00 |I I 
12:39-Wed-Feb-15-2017 PM2.5 |  17.70 |  19.03 |  20.22 |  13.33 |I I 
12:43-Wed-Feb-15-2017 PM10  |  41.48 |  42.61 |  45.56 |  31.00 |I I 
12:43-Wed-Feb-15-2017 PM2.5 |  19.66 |  19.07 |  20.22 |  13.33 |I I 
12:44-Wed-Feb-15-2017 PM10  |  41.78 |  42.57 |  45.56 |  31.00 |I I 
12:44-Wed-Feb-15-2017 PM2.5 |  17.59 |  18.98 |  20.22 |  13.33 |I I 
12:48-Wed-Feb-15-2017 PM10  |  45.06 |  42.70 |  45.56 |  31.00 |I I 
12:48-Wed-Feb-15-2017 PM2.5 |  19.61 |  19.02 |  20.22 |  13.33 |I I 
12:49-Wed-Feb-15-2017 PM10  |  37.55 |  42.43 |  45.56 |  31.00 |I I 
12:49-Wed-Feb-15-2017 PM2.5 |  16.80 |  18.90 |  20.22 |  13.33 |I I 
12:53-Wed-Feb-15-2017 PM10  |  39.22 |  42.27 |  45.56 |  31.00 |I I 
12:53-Wed-Feb-15-2017 PM2.5 |  18.56 |  18.88 |  20.22 |  13.33 |I I 
12:54-Wed-Feb-15-2017 PM10  |  37.24 |  42.03 |  45.56 |  31.00 |I I 
12:54-Wed-Feb-15-2017 PM2.5 |  16.55 |  18.77 |  20.22 |  13.33 |I I 
12:58-Wed-Feb-15-2017 PM10  |  41.54 |  42.01 |  45.56 |  31.00 |I I 
12:58-Wed-Feb-15-2017 PM2.5 |  18.49 |  18.76 |  20.22 |  13.33 |I I 
12:59-Wed-Feb-15-2017 PM10  |  37.49 |  41.81 |  45.56 |  31.00 |I I 
12:59-Wed-Feb-15-2017 PM2.5 |  17.04 |  18.69 |  20.22 |  13.33 |I I 
13:03-Wed-Feb-15-2017 PM10  |  38.21 |  41.66 |  45.56 |  31.00 |I I 
13:03-Wed-Feb-15-2017 PM2.5 |  18.14 |  18.66 |  20.22 |  13.33 |I I 
13:04-Wed-Feb-15-2017 PM10  |  33.48 |  33.48 |  45.56 |  31.00 |I I 
13:04-Wed-Feb-15-2017 PM2.5 |  16.63 |  16.63 |  20.22 |  13.33 |I I 
13:07-Wed-Feb-15-2017 PM10  |  36.52 |  35.00 |  45.56 |  31.00 |I I 
13:07-Wed-Feb-15-2017 PM2.5 |  18.91 |  17.77 |  20.22 |  13.33 |I I 
13:08-Wed-Feb-15-2017 PM10  |  31.92 |  33.97 |  45.56 |  31.00 |I I 
13:08-Wed-Feb-15-2017 PM2.5 |  16.03 |  17.19 |  20.22 |  13.33 |I I 
13:12-Wed-Feb-15-2017 PM10  |  36.12 |  34.51 |  45.56 |  31.00 |I I 
13:12-Wed-Feb-15-2017 PM2.5 |  17.71 |  17.32 |  20.22 |  13.33 |I I 
13:13-Wed-Feb-15-2017 PM10  |  29.85 |  33.58 |  45.56 |  31.00 |I I 
13:13-Wed-Feb-15-2017 PM2.5 |  16.22 |  17.10 |  20.22 |  13.33 |I I 
13:17-Wed-Feb-15-2017 PM10  |  36.11 |  34.00 |  45.56 |  31.00 |I I 
13:17-Wed-Feb-15-2017 PM2.5 |  17.98 |  17.25 |  20.22 |  13.33 |I I 
13:18-Wed-Feb-15-2017 PM10  |  30.43 |  33.49 |  45.56 |  31.00 |I I 
13:18-Wed-Feb-15-2017 PM2.5 |  16.30 |  17.11 |  20.22 |  13.33 |I I 
13:22-Wed-Feb-15-2017 PM10  |  33.68 |  33.51 |  45.56 |  31.00 |I I 
13:22-Wed-Feb-15-2017 PM2.5 |  17.89 |  17.21 |  20.22 |  13.33 |I I 
13:23-Wed-Feb-15-2017 PM10  |  27.48 |  32.84 |  45.56 |  31.00 |I I 
13:23-Wed-Feb-15-2017 PM2.5 |  15.81 |  17.05 |  20.22 |  13.33 |I I 
13:27-Wed-Feb-15-2017 PM10  |  30.62 |  32.62 |  45.56 |  31.00 |I I 
13:27-Wed-Feb-15-2017 PM2.5 |  16.70 |  17.02 |  20.22 |  13.33 |I I 
13:28-Wed-Feb-15-2017 PM10  |  30.14 |  32.40 |  45.56 |  31.00 |I I 
13:28-Wed-Feb-15-2017 PM2.5 |  15.60 |  16.89 |  20.22 |  13.33 |I I 
13:32-Wed-Feb-15-2017 PM10  |  30.81 |  32.26 |  45.56 |  31.00 |I I 
13:32-Wed-Feb-15-2017 PM2.5 |  17.19 |  16.91 |  20.22 |  13.33 |I I 
13:33-Wed-Feb-15-2017 PM10  |  25.75 |  31.76 |  45.56 |  31.00 |I I 
13:33-Wed-Feb-15-2017 PM2.5 |  14.48 |  16.73 |  20.22 |  13.33 |I I 
13:37-Wed-Feb-15-2017 PM10  |  26.72 |  31.40 |  45.56 |  31.00 |I I 
13:37-Wed-Feb-15-2017 PM2.5 |  15.92 |  16.67 |  20.22 |  13.33 |I I 
13:38-Wed-Feb-15-2017 PM10  |  24.62 |  30.95 |  45.56 |  31.00 |I I 
13:38-Wed-Feb-15-2017 PM2.5 |  13.91 |  16.49 |  20.22 |  13.33 |I I 
13:42-Wed-Feb-15-2017 PM10  |  25.43 |  30.60 |  45.56 |  31.00 |I I 
13:42-Wed-Feb-15-2017 PM2.5 |  15.12 |  16.40 |  20.22 |  13.33 |I I 
13:43-Wed-Feb-15-2017 PM10  |  23.30 |  30.17 |  45.56 |  31.00 |I I 
13:43-Wed-Feb-15-2017 PM2.5 |  12.92 |  16.20 |  20.22 |  13.33 |I I 
13:47-Wed-Feb-15-2017 PM10  |  25.52 |  29.92 |  45.56 |  31.00 |I I 
13:47-Wed-Feb-15-2017 PM2.5 |  14.24 |  16.09 |  20.22 |  13.33 |I I 
13:48-Wed-Feb-15-2017 PM10  |  22.12 |  29.51 |  45.56 |  31.00 |I I 
13:48-Wed-Feb-15-2017 PM2.5 |  13.11 |  15.93 |  20.22 |  13.33 |I I 
13:52-Wed-Feb-15-2017 PM10  |  20.89 |  29.08 |  45.56 |  31.00 |I I 
13:52-Wed-Feb-15-2017 PM2.5 |  13.24 |  15.80 |  20.22 |  13.33 |I I 
13:53-Wed-Feb-15-2017 PM10  |  20.99 |  28.69 |  45.56 |  31.00 |I I 
13:53-Wed-Feb-15-2017 PM2.5 |  12.19 |  15.62 |  20.22 |  13.33 |I I 
13:58-Wed-Feb-15-2017 PM10  |  19.55 |  28.27 |  45.56 |  31.00 |I I 
13:58-Wed-Feb-15-2017 PM2.5 |  12.12 |  15.47 |  20.22 |  13.33 |I I 
13:59-Wed-Feb-15-2017 PM10  |  18.74 |  27.86 |  45.56 |  31.00 |I I 
13:59-Wed-Feb-15-2017 PM2.5 |  11.23 |  15.28 |  20.22 |  13.33 |I I 
14:03-Wed-Feb-15-2017 PM10  |  16.98 |  27.41 |  45.56 |  27.41 |I I 
14:03-Wed-Feb-15-2017 PM2.5 |  11.39 |  15.12 |  20.22 |  13.33 |I I 
14:04-Wed-Feb-15-2017 PM10  |  20.56 |  20.56 |  45.56 |  27.41 |I I 
14:04-Wed-Feb-15-2017 PM2.5 |  11.33 |  11.33 |  20.22 |  13.33 |I I 
14:08-Wed-Feb-15-2017 PM10  |  17.26 |  18.91 |  45.56 |  27.41 |I I 
14:08-Wed-Feb-15-2017 PM2.5 |  11.34 |  11.34 |  20.22 |  13.33 |I I 
14:09-Wed-Feb-15-2017 PM10  |  17.28 |  18.37 |  45.56 |  27.41 |I I 
14:09-Wed-Feb-15-2017 PM2.5 |   9.95 |  10.88 |  20.22 |  13.33 |I I 
14:13-Wed-Feb-15-2017 PM10  |  15.09 |  17.55 |  45.56 |  27.41 |I I 
14:13-Wed-Feb-15-2017 PM2.5 |   9.85 |  10.62 |  20.22 |  13.33 |I I 
14:14-Wed-Feb-15-2017 PM10  |  15.70 |  17.18 |  45.56 |  27.41 |I I 
14:14-Wed-Feb-15-2017 PM2.5 |   9.56 |  10.41 |  20.22 |  13.33 |I I 
14:18-Wed-Feb-15-2017 PM10  |  13.98 |  16.65 |  45.56 |  27.41 |I I 
14:18-Wed-Feb-15-2017 PM2.5 |   9.88 |  10.32 |  20.22 |  13.33 |I I 
14:19-Wed-Feb-15-2017 PM10  |  12.88 |  16.11 |  45.56 |  27.41 |I I 
14:19-Wed-Feb-15-2017 PM2.5 |   9.00 |  10.13 |  20.22 |  13.33 |I I 
14:23-Wed-Feb-15-2017 PM10  |  12.14 |  15.61 |  45.56 |  27.41 |I I 
14:23-Wed-Feb-15-2017 PM2.5 |   9.09 |  10.00 |  20.22 |  13.33 |I I 
14:24-Wed-Feb-15-2017 PM10  |  14.28 |  15.47 |  45.56 |  27.41 |I I 
14:24-Wed-Feb-15-2017 PM2.5 |   8.24 |   9.81 |  20.22 |  13.33 |I I 
14:28-Wed-Feb-15-2017 PM10  |  12.25 |  15.14 |  45.56 |  27.41 |I I 
14:28-Wed-Feb-15-2017 PM2.5 |   8.83 |   9.71 |  20.22 |  13.33 |I I 
14:29-Wed-Feb-15-2017 PM10  |  12.29 |  14.88 |  45.56 |  27.41 |I I 
14:29-Wed-Feb-15-2017 PM2.5 |   8.36 |   9.59 |  20.22 |  13.33 |I I 
14:33-Wed-Feb-15-2017 PM10  |  11.46 |  14.60 |  45.56 |  27.41 |I I 
14:33-Wed-Feb-15-2017 PM2.5 |   8.40 |   9.49 |  20.22 |  13.33 |I I 
14:34-Wed-Feb-15-2017 PM10  |  13.43 |  14.51 |  45.56 |  27.41 |I I 
14:34-Wed-Feb-15-2017 PM2.5 |   8.32 |   9.40 |  20.22 |  13.33 |I I 
14:38-Wed-Feb-15-2017 PM10  |  14.24 |  14.49 |  45.56 |  27.41 |I I 
14:38-Wed-Feb-15-2017 PM2.5 |   8.64 |   9.34 |  20.22 |  13.33 |I I 
14:39-Wed-Feb-15-2017 PM10  |  12.02 |  14.33 |  45.56 |  27.41 |I I 
14:39-Wed-Feb-15-2017 PM2.5 |   7.86 |   9.24 |  20.22 |  13.33 |I I 
14:43-Wed-Feb-15-2017 PM10  |  11.39 |  14.14 |  45.56 |  27.41 |I I 
14:43-Wed-Feb-15-2017 PM2.5 |   8.29 |   9.18 |  20.22 |  13.33 |I I 
14:44-Wed-Feb-15-2017 PM10  |  11.14 |  13.96 |  45.56 |  27.41 |I I 
14:44-Wed-Feb-15-2017 PM2.5 |   7.65 |   9.09 |  20.22 |  13.33 |I I 
14:48-Wed-Feb-15-2017 PM10  |  11.88 |  13.85 |  45.56 |  27.41 |I I 
14:48-Wed-Feb-15-2017 PM2.5 |   8.01 |   9.03 |  20.22 |  13.33 |I I 
14:49-Wed-Feb-15-2017 PM10  |  11.17 |  13.71 |  45.56 |  27.41 |I I 
14:49-Wed-Feb-15-2017 PM2.5 |   7.05 |   8.93 |  20.22 |  13.33 |I I 
14:53-Wed-Feb-15-2017 PM10  |  10.72 |  13.56 |  45.56 |  27.41 |I I 
14:53-Wed-Feb-15-2017 PM2.5 |   7.09 |   8.84 |  20.22 |  13.33 |I I 
14:54-Wed-Feb-15-2017 PM10  |  13.48 |  13.56 |  45.56 |  27.41 |I I 
14:54-Wed-Feb-15-2017 PM2.5 |   7.18 |   8.76 |  20.22 |  13.33 |I I 
14:58-Wed-Feb-15-2017 PM10  |   9.96 |  13.39 |  45.56 |  27.41 |I I 
14:58-Wed-Feb-15-2017 PM2.5 |   7.07 |   8.68 |  20.22 |  13.33 |I I 
14:59-Wed-Feb-15-2017 PM10  |  13.04 |  13.38 |  45.56 |  27.41 |I I 
14:59-Wed-Feb-15-2017 PM2.5 |   6.94 |   8.61 |  20.22 |  13.33 |I I 
15:03-Wed-Feb-15-2017 PM10  |  13.25 |  13.37 |  45.56 |  13.37 |I I 
15:03-Wed-Feb-15-2017 PM2.5 |   7.72 |   8.57 |  20.22 |   8.57 |I I 
15:04-Wed-Feb-15-2017 PM10  |  11.57 |  11.57 |  45.56 |  13.37 |I I 
15:04-Wed-Feb-15-2017 PM2.5 |   6.53 |   6.53 |  20.22 |   8.57 |I I 
15:08-Wed-Feb-15-2017 PM10  |  14.32 |  12.94 |  45.56 |  13.37 |I I 
15:08-Wed-Feb-15-2017 PM2.5 |   6.46 |   6.49 |  20.22 |   8.57 |I I 
15:09-Wed-Feb-15-2017 PM10  |   9.14 |  11.67 |  45.56 |  13.37 |I I 
15:09-Wed-Feb-15-2017 PM2.5 |   5.68 |   6.22 |  20.22 |   8.57 |I I 
15:13-Wed-Feb-15-2017 PM10  |   9.83 |  11.21 |  45.56 |  13.37 |I I 
15:13-Wed-Feb-15-2017 PM2.5 |   6.14 |   6.20 |  20.22 |   8.57 |I I 
15:14-Wed-Feb-15-2017 PM10  |  11.95 |  11.36 |  45.56 |  13.37 |I I 
15:14-Wed-Feb-15-2017 PM2.5 |   6.47 |   6.25 |  20.22 |   8.57 |I I 
15:18-Wed-Feb-15-2017 PM10  |  10.94 |  11.29 |  45.56 |  13.37 |I I 
15:18-Wed-Feb-15-2017 PM2.5 |   6.31 |   6.26 |  20.22 |   8.57 |I I 
15:19-Wed-Feb-15-2017 PM10  |  17.20 |  12.13 |  45.56 |  13.37 |I I 
15:19-Wed-Feb-15-2017 PM2.5 |   8.08 |   6.52 |  20.22 |   8.57 |I I 
15:23-Wed-Feb-15-2017 PM10  |  11.40 |  12.04 |  45.56 |  13.37 |I I 
15:23-Wed-Feb-15-2017 PM2.5 |   6.65 |   6.54 |  20.22 |   8.57 |I I 
15:24-Wed-Feb-15-2017 PM10  |  13.11 |  12.16 |  45.56 |  13.37 |I I 
15:24-Wed-Feb-15-2017 PM2.5 |   6.13 |   6.49 |  20.22 |   8.57 |I I 
15:28-Wed-Feb-15-2017 PM10  |  12.46 |  12.19 |  45.56 |  13.37 |I I 
15:28-Wed-Feb-15-2017 PM2.5 |   6.28 |   6.47 |  20.22 |   8.57 |I I 
15:29-Wed-Feb-15-2017 PM10  |  11.43 |  12.12 |  45.56 |  13.37 |I I 
15:29-Wed-Feb-15-2017 PM2.5 |   6.20 |   6.45 |  20.22 |   8.57 |I I 
15:33-Wed-Feb-15-2017 PM10  |  12.51 |  12.15 |  45.56 |  13.37 |I I 
15:33-Wed-Feb-15-2017 PM2.5 |   6.68 |   6.47 |  20.22 |   8.57 |I I 
15:34-Wed-Feb-15-2017 PM10  |  12.74 |  12.20 |  45.56 |  13.37 |I I 
15:34-Wed-Feb-15-2017 PM2.5 |   6.60 |   6.48 |  20.22 |   8.57 |I I 
15:38-Wed-Feb-15-2017 PM10  |  11.26 |  12.13 |  45.56 |  13.37 |I I 
15:38-Wed-Feb-15-2017 PM2.5 |   6.43 |   6.47 |  20.22 |   8.57 |I I 
15:39-Wed-Feb-15-2017 PM10  |  10.18 |  12.00 |  45.56 |  13.37 |I I 
15:39-Wed-Feb-15-2017 PM2.5 |   5.40 |   6.40 |  20.22 |   8.57 |I I 
15:43-Wed-Feb-15-2017 PM10  |  10.79 |  11.93 |  45.56 |  13.37 |I I 
15:43-Wed-Feb-15-2017 PM2.5 |   5.93 |   6.37 |  20.22 |   8.57 |I I 
15:44-Wed-Feb-15-2017 PM10  |   9.96 |  11.81 |  45.56 |  13.37 |I I 
15:44-Wed-Feb-15-2017 PM2.5 |   5.76 |   6.34 |  20.22 |   8.57 |I I 
15:48-Wed-Feb-15-2017 PM10  |  11.26 |  11.78 |  45.56 |  13.37 |I I 
15:48-Wed-Feb-15-2017 PM2.5 |   6.23 |   6.33 |  20.22 |   8.57 |I I 
15:49-Wed-Feb-15-2017 PM10  |   8.65 |  11.61 |  45.56 |  13.37 |I I 
15:49-Wed-Feb-15-2017 PM2.5 |   5.23 |   6.27 |  20.22 |   8.57 |I I 
15:53-Wed-Feb-15-2017 PM10  |   9.58 |  11.51 |  45.56 |  13.37 |I I 
15:53-Wed-Feb-15-2017 PM2.5 |   6.06 |   6.26 |  20.22 |   8.57 |I I 
15:54-Wed-Feb-15-2017 PM10  |  10.82 |  11.48 |  45.56 |  13.37 |I I 
15:54-Wed-Feb-15-2017 PM2.5 |   5.74 |   6.24 |  20.22 |   8.57 |I I 
15:58-Wed-Feb-15-2017 PM10  |  11.88 |  11.50 |  45.56 |  13.37 |I I 
15:58-Wed-Feb-15-2017 PM2.5 |   5.99 |   6.23 |  20.22 |   8.57 |I I 
15:59-Wed-Feb-15-2017 PM10  |  12.57 |  11.54 |  45.56 |  13.37 |I I 
15:59-Wed-Feb-15-2017 PM2.5 |   5.80 |   6.21 |  20.22 |   8.57 |I I 
16:03-Wed-Feb-15-2017 PM10  |  10.81 |  11.51 |  45.56 |  11.51 |I I 
16:03-Wed-Feb-15-2017 PM2.5 |   6.16 |   6.21 |  20.22 |   6.21 |I I 
16:04-Wed-Feb-15-2017 PM10  |   8.93 |   8.93 |  45.56 |  11.51 |I I 
16:04-Wed-Feb-15-2017 PM2.5 |   4.95 |   4.95 |  20.22 |   6.21 |I I 
16:08-Wed-Feb-15-2017 PM10  |   9.64 |   9.29 |  45.56 |  11.51 |I I 
16:08-Wed-Feb-15-2017 PM2.5 |   5.89 |   5.42 |  20.22 |   6.21 |I I 
16:09-Wed-Feb-15-2017 PM10  |   9.88 |   9.48 |  45.56 |  11.51 |I I 
16:09-Wed-Feb-15-2017 PM2.5 |   5.30 |   5.38 |  20.22 |   6.21 |I I 
16:13-Wed-Feb-15-2017 PM10  |   9.12 |   9.39 |  45.56 |  11.51 |I I 
16:13-Wed-Feb-15-2017 PM2.5 |   5.32 |   5.36 |  20.22 |   6.21 |I I 
16:14-Wed-Feb-15-2017 PM10  |   8.26 |   9.17 |  45.56 |  11.51 |I I 
16:14-Wed-Feb-15-2017 PM2.5 |   5.39 |   5.37 |  20.22 |   6.21 |I I 
16:18-Wed-Feb-15-2017 PM10  |  11.79 |   9.61 |  45.56 |  11.51 |I I 
16:18-Wed-Feb-15-2017 PM2.5 |   7.18 |   5.67 |  20.22 |   6.21 |I I 
16:19-Wed-Feb-15-2017 PM10  |  12.64 |  10.04 |  45.56 |  11.51 |I I 
16:19-Wed-Feb-15-2017 PM2.5 |   5.75 |   5.68 |  20.22 |   6.21 |I I 
16:23-Wed-Feb-15-2017 PM10  |  12.02 |  10.29 |  45.56 |  11.51 |I I 
16:23-Wed-Feb-15-2017 PM2.5 |   6.34 |   5.76 |  20.22 |   6.21 |I I 
16:24-Wed-Feb-15-2017 PM10  |  10.06 |  10.26 |  45.56 |  11.51 |I I 
16:24-Wed-Feb-15-2017 PM2.5 |   5.53 |   5.74 |  20.22 |   6.21 |I I 
16:28-Wed-Feb-15-2017 PM10  |  11.97 |  10.43 |  45.56 |  11.51 |I I 
16:28-Wed-Feb-15-2017 PM2.5 |   6.06 |   5.77 |  20.22 |   6.21 |I I 
16:29-Wed-Feb-15-2017 PM10  |  10.24 |  10.41 |  45.56 |  11.51 |I I 
16:29-Wed-Feb-15-2017 PM2.5 |   5.95 |   5.79 |  20.22 |   6.21 |I I 
16:33-Wed-Feb-15-2017 PM10  |  12.23 |  10.57 |  45.56 |  11.51 |I I 
16:33-Wed-Feb-15-2017 PM2.5 |   6.71 |   5.86 |  20.22 |   6.21 |I I 
16:34-Wed-Feb-15-2017 PM10  |  11.30 |  10.62 |  45.56 |  11.51 |I I 
16:34-Wed-Feb-15-2017 PM2.5 |   6.26 |   5.89 |  20.22 |   6.21 |I I 
16:38-Wed-Feb-15-2017 PM10  |  13.20 |  10.81 |  45.56 |  11.51 |I I 
16:38-Wed-Feb-15-2017 PM2.5 |   7.24 |   5.99 |  20.22 |   6.21 |I I 
16:39-Wed-Feb-15-2017 PM10  |   9.81 |  10.74 |  45.56 |  11.51 |I I 
16:39-Wed-Feb-15-2017 PM2.5 |   6.69 |   6.04 |  20.22 |   6.21 |I I 
16:43-Wed-Feb-15-2017 PM10  |  12.35 |  10.84 |  45.56 |  11.51 |I I 
16:43-Wed-Feb-15-2017 PM2.5 |   7.29 |   6.11 |  20.22 |   6.21 |I I 
16:44-Wed-Feb-15-2017 PM10  |  13.93 |  11.02 |  45.56 |  11.51 |I I 
16:44-Wed-Feb-15-2017 PM2.5 |   7.36 |   6.19 |  20.22 |   6.21 |I I 
16:48-Wed-Feb-15-2017 PM10  |  12.73 |  11.12 |  45.56 |  11.51 |I I 
16:48-Wed-Feb-15-2017 PM2.5 |   7.11 |   6.24 |  20.22 |   6.21 |I I 
16:49-Wed-Feb-15-2017 PM10  |  14.76 |  11.31 |  45.56 |  11.51 |I I 
16:49-Wed-Feb-15-2017 PM2.5 |   7.66 |   6.31 |  20.22 |   6.21 |I I 
16:53-Wed-Feb-15-2017 PM10  |  13.75 |  11.43 |  45.56 |  11.51 |I I 
16:53-Wed-Feb-15-2017 PM2.5 |   7.70 |   6.38 |  20.22 |   6.21 |I I 
16:54-Wed-Feb-15-2017 PM10  |  12.60 |  11.49 |  45.56 |  11.51 |I I 
16:54-Wed-Feb-15-2017 PM2.5 |   7.44 |   6.43 |  20.22 |   6.21 |I I 
16:57-Wed-Feb-15-2017 PM10  |  14.58 |  11.63 |  45.56 |  11.51 |I I 
16:57-Wed-Feb-15-2017 PM2.5 |   8.04 |   6.51 |  20.22 |   6.21 |I I 
16:59-Wed-Feb-15-2017 PM10  |  12.12 |  11.65 |  45.56 |  11.51 |I I 
16:59-Wed-Feb-15-2017 PM2.5 |   7.32 |   6.54 |  20.22 |   6.21 |I I 
17:03-Wed-Feb-15-2017 PM10  |  13.67 |  11.73 |  45.56 |  11.51 |I I 
17:03-Wed-Feb-15-2017 PM2.5 |   7.88 |   6.60 |  20.22 |   6.21 |I I 
17:04-Wed-Feb-15-2017 PM10  |  14.21 |  14.21 |  45.56 |  11.51 |I I 
17:04-Wed-Feb-15-2017 PM2.5 |   7.80 |   7.80 |  20.22 |   6.21 |I I 
17:08-Wed-Feb-15-2017 PM10  |  16.14 |  15.18 |  45.56 |  11.51 |I I 
17:08-Wed-Feb-15-2017 PM2.5 |   8.52 |   8.16 |  20.22 |   6.21 |I I 
17:09-Wed-Feb-15-2017 PM10  |  16.59 |  15.65 |  45.56 |  11.51 |I I 
17:09-Wed-Feb-15-2017 PM2.5 |   8.20 |   8.17 |  20.22 |   6.21 |I I 
17:13-Wed-Feb-15-2017 PM10  |  16.20 |  15.79 |  45.56 |  11.51 |I I 
17:13-Wed-Feb-15-2017 PM2.5 |   9.18 |   8.42 |  20.22 |   6.21 |I I 
17:14-Wed-Feb-15-2017 PM10  |  17.12 |  16.05 |  45.56 |  11.51 |I I 
17:14-Wed-Feb-15-2017 PM2.5 |   9.09 |   8.56 |  20.22 |   6.21 |I I 
17:18-Wed-Feb-15-2017 PM10  |  19.04 |  16.55 |  45.56 |  11.51 |I I 
17:18-Wed-Feb-15-2017 PM2.5 |   9.96 |   8.79 |  20.22 |   6.21 |I I 
17:19-Wed-Feb-15-2017 PM10  |  19.95 |  17.04 |  45.56 |  11.51 |I I 
17:19-Wed-Feb-15-2017 PM2.5 |   9.92 |   8.95 |  20.22 |   6.21 |I I 
17:23-Wed-Feb-15-2017 PM10  |  18.84 |  17.26 |  45.56 |  11.51 |I I 
17:23-Wed-Feb-15-2017 PM2.5 |  10.39 |   9.13 |  20.22 |   6.21 |I I 
17:24-Wed-Feb-15-2017 PM10  |  24.57 |  18.07 |  45.56 |  11.51 |I I 
17:24-Wed-Feb-15-2017 PM2.5 |  10.77 |   9.31 |  20.22 |   6.21 |I I 
17:28-Wed-Feb-15-2017 PM10  |  18.72 |  18.14 |  45.56 |  11.51 |I I 
17:28-Wed-Feb-15-2017 PM2.5 |  11.10 |   9.49 |  20.22 |   6.21 |I I 
17:29-Wed-Feb-15-2017 PM10  |  20.29 |  18.33 |  45.56 |  11.51 |I I 
17:29-Wed-Feb-15-2017 PM2.5 |  10.50 |   9.58 |  20.22 |   6.21 |I I 
17:33-Wed-Feb-15-2017 PM10  |  21.69 |  18.61 |  45.56 |  11.51 |I I 
17:33-Wed-Feb-15-2017 PM2.5 |  11.60 |   9.75 |  20.22 |   6.21 |I I 
17:34-Wed-Feb-15-2017 PM10  |  22.49 |  18.91 |  45.56 |  11.51 |I I 
17:34-Wed-Feb-15-2017 PM2.5 |  10.89 |   9.84 |  20.22 |   6.21 |I I 
17:38-Wed-Feb-15-2017 PM10  |  23.29 |  19.23 |  45.56 |  11.51 |I I 
17:38-Wed-Feb-15-2017 PM2.5 |  11.52 |   9.96 |  20.22 |   6.21 |I I 
17:39-Wed-Feb-15-2017 PM10  |  22.63 |  19.45 |  45.56 |  11.51 |I I 
17:39-Wed-Feb-15-2017 PM2.5 |  10.58 |  10.00 |  20.22 |   6.21 |I I 
17:43-Wed-Feb-15-2017 PM10  |  24.71 |  19.78 |  45.56 |  11.51 |I I 
17:43-Wed-Feb-15-2017 PM2.5 |  11.98 |  10.12 |  20.22 |   6.21 |I I 
17:44-Wed-Feb-15-2017 PM10  |  21.88 |  19.90 |  45.56 |  11.51 |I I 
17:44-Wed-Feb-15-2017 PM2.5 |  11.33 |  10.20 |  20.22 |   6.21 |I I 
17:48-Wed-Feb-15-2017 PM10  |  23.88 |  20.13 |  45.56 |  11.51 |I I 
17:48-Wed-Feb-15-2017 PM2.5 |  12.52 |  10.32 |  20.22 |   6.21 |I I 
17:49-Wed-Feb-15-2017 PM10  |  23.01 |  20.28 |  45.56 |  11.51 |I I 
17:49-Wed-Feb-15-2017 PM2.5 |  11.65 |  10.39 |  20.22 |   6.21 |I I 
17:53-Wed-Feb-15-2017 PM10  |  28.00 |  20.66 |  45.56 |  11.51 |I I 
17:53-Wed-Feb-15-2017 PM2.5 |  13.31 |  10.54 |  20.22 |   6.21 |I I 
17:54-Wed-Feb-15-2017 PM10  |  23.90 |  20.82 |  45.56 |  11.51 |I I 
17:54-Wed-Feb-15-2017 PM2.5 |  12.20 |  10.62 |  20.22 |   6.21 |I I 
17:58-Wed-Feb-15-2017 PM10  |  28.15 |  21.15 |  45.56 |  11.51 |I I 
17:58-Wed-Feb-15-2017 PM2.5 |  13.63 |  10.76 |  20.22 |   6.21 |I I 
17:59-Wed-Feb-15-2017 PM10  |  28.58 |  21.47 |  45.56 |  11.51 |I I 
17:59-Wed-Feb-15-2017 PM2.5 |  12.67 |  10.84 |  20.22 |   6.21 |I I 
18:03-Wed-Feb-15-2017 PM10  |  27.49 |  21.72 |  45.56 |  11.51 |I I 
18:03-Wed-Feb-15-2017 PM2.5 |  13.58 |  10.95 |  20.22 |   6.21 |I I 
18:04-Wed-Feb-15-2017 PM10  |  23.22 |  23.22 |  45.56 |  11.51 |I I 
18:04-Wed-Feb-15-2017 PM2.5 |  11.58 |  11.58 |  20.22 |   6.21 |I I 
18:08-Wed-Feb-15-2017 PM10  |  27.66 |  25.44 |  45.56 |  11.51 |I I 
18:08-Wed-Feb-15-2017 PM2.5 |  12.06 |  11.82 |  20.22 |   6.21 |I I 
18:09-Wed-Feb-15-2017 PM10  |  21.22 |  24.03 |  45.56 |  11.51 |I I 
18:09-Wed-Feb-15-2017 PM2.5 |  10.11 |  11.25 |  20.22 |   6.21 |I I 
18:13-Wed-Feb-15-2017 PM10  |  21.54 |  23.41 |  45.56 |  11.51 |I I 
18:13-Wed-Feb-15-2017 PM2.5 |  10.71 |  11.12 |  20.22 |   6.21 |I I 
18:14-Wed-Feb-15-2017 PM10  |  24.49 |  23.63 |  45.56 |  11.51 |I I 
18:14-Wed-Feb-15-2017 PM2.5 |  10.40 |  10.97 |  20.22 |   6.21 |I I 
18:18-Wed-Feb-15-2017 PM10  |  25.92 |  24.01 |  45.56 |  11.51 |I I 
18:18-Wed-Feb-15-2017 PM2.5 |  10.74 |  10.93 |  20.22 |   6.21 |I I 
18:19-Wed-Feb-15-2017 PM10  |  18.68 |  23.25 |  45.56 |  11.51 |I I 
18:19-Wed-Feb-15-2017 PM2.5 |   9.73 |  10.76 |  20.22 |   6.21 |I I 
18:23-Wed-Feb-15-2017 PM10  |  24.73 |  23.43 |  45.56 |  11.51 |I I 
18:23-Wed-Feb-15-2017 PM2.5 |  10.99 |  10.79 |  20.22 |   6.21 |I I 
18:24-Wed-Feb-15-2017 PM10  |  19.56 |  23.00 |  45.56 |  11.51 |I I 
18:24-Wed-Feb-15-2017 PM2.5 |  10.21 |  10.73 |  20.22 |   6.21 |I I 
18:28-Wed-Feb-15-2017 PM10  |  25.47 |  23.25 |  45.56 |  11.51 |I I 
18:28-Wed-Feb-15-2017 PM2.5 |  10.89 |  10.74 |  20.22 |   6.21 |I I 
18:29-Wed-Feb-15-2017 PM10  |  23.43 |  23.26 |  45.56 |  11.51 |I I 
18:29-Wed-Feb-15-2017 PM2.5 |  10.63 |  10.73 |  20.22 |   6.21 |I I 
18:33-Wed-Feb-15-2017 PM10  |  22.15 |  23.17 |  45.56 |  11.51 |I I 
18:33-Wed-Feb-15-2017 PM2.5 |  11.26 |  10.78 |  20.22 |   6.21 |I I 
18:34-Wed-Feb-15-2017 PM10  |  20.59 |  22.97 |  45.56 |  11.51 |I I 
18:34-Wed-Feb-15-2017 PM2.5 |  10.42 |  10.75 |  20.22 |   6.21 |I I 
18:38-Wed-Feb-15-2017 PM10  |  26.16 |  23.20 |  45.56 |  11.51 |I I 
18:38-Wed-Feb-15-2017 PM2.5 |  11.37 |  10.79 |  20.22 |   6.21 |I I 
18:39-Wed-Feb-15-2017 PM10  |  24.45 |  23.28 |  45.56 |  11.51 |I I 
18:39-Wed-Feb-15-2017 PM2.5 |  10.68 |  10.79 |  20.22 |   6.21 |I I 
18:43-Wed-Feb-15-2017 PM10  |  26.69 |  23.50 |  45.56 |  11.51 |I I 
18:43-Wed-Feb-15-2017 PM2.5 |  12.12 |  10.87 |  20.22 |   6.21 |I I 
18:44-Wed-Feb-15-2017 PM10  |  25.31 |  23.60 |  45.56 |  11.51 |I I 
18:44-Wed-Feb-15-2017 PM2.5 |  10.25 |  10.83 |  20.22 |   6.21 |I I 
18:48-Wed-Feb-15-2017 PM10  |  23.39 |  23.59 |  45.56 |  11.51 |I I 
18:48-Wed-Feb-15-2017 PM2.5 |  11.40 |  10.86 |  20.22 |   6.21 |I I 
18:49-Wed-Feb-15-2017 PM10  |  21.80 |  23.50 |  45.56 |  11.51 |I I 
18:49-Wed-Feb-15-2017 PM2.5 |  10.37 |  10.84 |  20.22 |   6.21 |I I 
18:53-Wed-Feb-15-2017 PM10  |  25.64 |  23.60 |  45.56 |  11.51 |I I 
18:53-Wed-Feb-15-2017 PM2.5 |  11.68 |  10.88 |  20.22 |   6.21 |I I 
18:54-Wed-Feb-15-2017 PM10  |  19.02 |  23.39 |  45.56 |  11.51 |I I 
18:54-Wed-Feb-15-2017 PM2.5 |  10.20 |  10.85 |  20.22 |   6.21 |I I 
18:58-Wed-Feb-15-2017 PM10  |  23.21 |  23.38 |  45.56 |  11.51 |I I 
18:58-Wed-Feb-15-2017 PM2.5 |  10.79 |  10.84 |  20.22 |   6.21 |I I 
18:59-Wed-Feb-15-2017 PM10  |  26.28 |  23.50 |  45.56 |  11.51 |I I 
18:59-Wed-Feb-15-2017 PM2.5 |  10.78 |  10.84 |  20.22 |   6.21 |I I 
19:03-Wed-Feb-15-2017 PM10  |  23.15 |  23.49 |  45.56 |  11.51 |I I 
19:03-Wed-Feb-15-2017 PM2.5 |  11.33 |  10.86 |  20.22 |   6.21 |I I 
19:04-Wed-Feb-15-2017 PM10  |  26.79 |  26.79 |  45.56 |  11.51 |I I 
19:04-Wed-Feb-15-2017 PM2.5 |  10.70 |  10.70 |  20.22 |   6.21 |I I 
19:08-Wed-Feb-15-2017 PM10  |  23.84 |  25.32 |  45.56 |  11.51 |I I 
19:08-Wed-Feb-15-2017 PM2.5 |  11.47 |  11.09 |  20.22 |   6.21 |I I 
19:09-Wed-Feb-15-2017 PM10  |  23.72 |  24.79 |  45.56 |  11.51 |I I 
19:09-Wed-Feb-15-2017 PM2.5 |  11.68 |  11.28 |  20.22 |   6.21 |I I 
19:13-Wed-Feb-15-2017 PM10  |  26.88 |  25.31 |  45.56 |  11.51 |I I 
19:13-Wed-Feb-15-2017 PM2.5 |  12.05 |  11.48 |  20.22 |   6.21 |I I 
19:14-Wed-Feb-15-2017 PM10  |  22.07 |  24.66 |  45.56 |  11.51 |I I 
19:14-Wed-Feb-15-2017 PM2.5 |  10.79 |  11.34 |  20.22 |   6.21 |I I 
19:18-Wed-Feb-15-2017 PM10  |  26.36 |  24.94 |  45.56 |  11.51 |I I 
19:18-Wed-Feb-15-2017 PM2.5 |  12.20 |  11.48 |  20.22 |   6.21 |I I 
19:19-Wed-Feb-15-2017 PM10  |  25.29 |  24.99 |  45.56 |  11.51 |I I 
19:19-Wed-Feb-15-2017 PM2.5 |  11.54 |  11.49 |  20.22 |   6.21 |I I 
19:23-Wed-Feb-15-2017 PM10  |  29.32 |  25.53 |  45.56 |  11.51 |I I 
19:23-Wed-Feb-15-2017 PM2.5 |  12.52 |  11.62 |  20.22 |   6.21 |I I 
19:24-Wed-Feb-15-2017 PM10  |  24.64 |  25.43 |  45.56 |  11.51 |I I 
19:24-Wed-Feb-15-2017 PM2.5 |  12.05 |  11.67 |  20.22 |   6.21 |I I 
19:28-Wed-Feb-15-2017 PM10  |  26.30 |  25.52 |  45.56 |  11.51 |I I 
19:28-Wed-Feb-15-2017 PM2.5 |  13.10 |  11.81 |  20.22 |   6.21 |I I 
19:29-Wed-Feb-15-2017 PM10  |  24.48 |  25.43 |  45.56 |  11.51 |I I 
19:29-Wed-Feb-15-2017 PM2.5 |  11.96 |  11.82 |  20.22 |   6.21 |I I 
19:33-Wed-Feb-15-2017 PM10  |  24.30 |  25.33 |  45.56 |  11.51 |I I 
19:33-Wed-Feb-15-2017 PM2.5 |  12.59 |  11.89 |  20.22 |   6.21 |I I 
19:34-Wed-Feb-15-2017 PM10  |  26.05 |  25.39 |  45.56 |  11.51 |I I 
19:34-Wed-Feb-15-2017 PM2.5 |  12.39 |  11.93 |  20.22 |   6.21 |I I 
19:38-Wed-Feb-15-2017 PM10  |  30.23 |  25.73 |  45.56 |  11.51 |I I 
19:38-Wed-Feb-15-2017 PM2.5 |  14.13 |  12.08 |  20.22 |   6.21 |I I 
19:39-Wed-Feb-15-2017 PM10  |  30.29 |  26.04 |  45.56 |  11.51 |I I 
19:39-Wed-Feb-15-2017 PM2.5 |  12.02 |  12.08 |  20.22 |   6.21 |I I 
19:43-Wed-Feb-15-2017 PM10  |  28.09 |  26.17 |  45.56 |  11.51 |I I 
19:43-Wed-Feb-15-2017 PM2.5 |  13.14 |  12.15 |  20.22 |   6.21 |I I 
19:44-Wed-Feb-15-2017 PM10  |  23.45 |  26.01 |  45.56 |  11.51 |I I 
19:44-Wed-Feb-15-2017 PM2.5 |  11.94 |  12.13 |  20.22 |   6.21 |I I 
19:48-Wed-Feb-15-2017 PM10  |  25.61 |  25.98 |  45.56 |  11.51 |I I 
19:48-Wed-Feb-15-2017 PM2.5 |  12.47 |  12.15 |  20.22 |   6.21 |I I 
19:49-Wed-Feb-15-2017 PM10  |  27.96 |  26.09 |  45.56 |  11.51 |I I 
19:49-Wed-Feb-15-2017 PM2.5 |  12.34 |  12.16 |  20.22 |   6.21 |I I 
19:53-Wed-Feb-15-2017 PM10  |  29.67 |  26.27 |  45.56 |  11.51 |I I 
19:53-Wed-Feb-15-2017 PM2.5 |  13.56 |  12.23 |  20.22 |   6.21 |I I 
19:54-Wed-Feb-15-2017 PM10  |  28.61 |  26.38 |  45.56 |  11.51 |I I 
19:54-Wed-Feb-15-2017 PM2.5 |  12.31 |  12.24 |  20.22 |   6.21 |I I 
19:58-Wed-Feb-15-2017 PM10  |  28.82 |  26.49 |  45.56 |  11.51 |I I 
19:58-Wed-Feb-15-2017 PM2.5 |  13.54 |  12.30 |  20.22 |   6.21 |I I 
19:59-Wed-Feb-15-2017 PM10  |  26.11 |  26.47 |  45.56 |  11.51 |I I 
19:59-Wed-Feb-15-2017 PM2.5 |  13.01 |  12.33 |  20.22 |   6.21 |I I 
20:03-Wed-Feb-15-2017 PM10  |  25.63 |  26.44 |  45.56 |  11.51 |I I 
20:03-Wed-Feb-15-2017 PM2.5 |  14.05 |  12.40 |  20.22 |   6.21 |I I 
20:04-Wed-Feb-15-2017 PM10  |  25.69 |  25.69 |  45.56 |  11.51 |I I 
20:04-Wed-Feb-15-2017 PM2.5 |  12.50 |  12.50 |  20.22 |   6.21 |I I 
20:09-Wed-Feb-15-2017 PM10  |  25.83 |  25.76 |  45.56 |  11.51 |I I 
20:09-Wed-Feb-15-2017 PM2.5 |  13.40 |  12.95 |  20.22 |   6.21 |I I 
20:10-Wed-Feb-15-2017 PM10  |  32.09 |  27.87 |  45.56 |  11.51 |I I 
20:10-Wed-Feb-15-2017 PM2.5 |  12.74 |  12.88 |  20.22 |   6.21 |I I 
20:14-Wed-Feb-15-2017 PM10  |  29.83 |  28.36 |  45.56 |  11.51 |I I 
20:14-Wed-Feb-15-2017 PM2.5 |  13.26 |  12.97 |  20.22 |   6.21 |I I 
20:15-Wed-Feb-15-2017 PM10  |  24.55 |  27.60 |  45.56 |  11.51 |I I 
20:15-Wed-Feb-15-2017 PM2.5 |  12.01 |  12.78 |  20.22 |   6.21 |I I 
20:19-Wed-Feb-15-2017 PM10  |  27.32 |  27.55 |  45.56 |  11.51 |I I 
20:19-Wed-Feb-15-2017 PM2.5 |  13.17 |  12.85 |  20.22 |   6.21 |I I 
20:20-Wed-Feb-15-2017 PM10  |  26.60 |  27.41 |  45.56 |  11.51 |I I 
20:20-Wed-Feb-15-2017 PM2.5 |  12.12 |  12.74 |  20.22 |   6.21 |I I 
20:24-Wed-Feb-15-2017 PM10  |  28.51 |  27.55 |  45.56 |  11.51 |I I 
20:24-Wed-Feb-15-2017 PM2.5 |  13.33 |  12.82 |  20.22 |   6.21 |I I 
20:25-Wed-Feb-15-2017 PM10  |  26.81 |  27.47 |  45.56 |  11.51 |I I 
20:25-Wed-Feb-15-2017 PM2.5 |  12.48 |  12.78 |  20.22 |   6.21 |I I 
20:29-Wed-Feb-15-2017 PM10  |  25.93 |  27.31 |  45.56 |  11.51 |I I 
20:29-Wed-Feb-15-2017 PM2.5 |  13.34 |  12.83 |  20.22 |   6.21 |I I 
20:30-Wed-Feb-15-2017 PM10  |  26.23 |  27.22 |  45.56 |  11.51 |I I 
20:30-Wed-Feb-15-2017 PM2.5 |  12.31 |  12.79 |  20.22 |   6.21 |I I 
20:34-Wed-Feb-15-2017 PM10  |  27.05 |  27.20 |  45.56 |  11.51 |I I 
20:34-Wed-Feb-15-2017 PM2.5 |  13.51 |  12.85 |  20.22 |   6.21 |I I 
20:35-Wed-Feb-15-2017 PM10  |  27.68 |  27.24 |  45.56 |  11.51 |I I 
20:35-Wed-Feb-15-2017 PM2.5 |  12.52 |  12.82 |  20.22 |   6.21 |I I 
20:39-Wed-Feb-15-2017 PM10  |  28.05 |  27.30 |  45.56 |  11.51 |I I 
20:39-Wed-Feb-15-2017 PM2.5 |  13.34 |  12.86 |  20.22 |   6.21 |I I 
20:40-Wed-Feb-15-2017 PM10  |  25.63 |  27.19 |  45.56 |  11.51 |I I 
20:40-Wed-Feb-15-2017 PM2.5 |  11.68 |  12.78 |  20.22 |   6.21 |I I 
20:44-Wed-Feb-15-2017 PM10  |  30.15 |  27.37 |  45.56 |  11.51 |I I 
20:44-Wed-Feb-15-2017 PM2.5 |  13.40 |  12.82 |  20.22 |   6.21 |I I 
20:45-Wed-Feb-15-2017 PM10  |  25.94 |  27.29 |  45.56 |  11.51 |I I 
20:45-Wed-Feb-15-2017 PM2.5 |  11.75 |  12.76 |  20.22 |   6.21 |I I 
20:48-Wed-Feb-15-2017 PM10  |  27.29 |  27.29 |  45.56 |  11.51 |I I 
20:48-Wed-Feb-15-2017 PM2.5 |  12.69 |  12.75 |  20.22 |   6.21 |I I 
20:49-Wed-Feb-15-2017 PM10  |  27.16 |  27.28 |  45.56 |  11.51 |I I 
20:49-Wed-Feb-15-2017 PM2.5 |  12.02 |  12.71 |  20.22 |   6.21 |I I 
20:53-Wed-Feb-15-2017 PM10  |  29.06 |  27.37 |  45.56 |  11.51 |I I 
20:53-Wed-Feb-15-2017 PM2.5 |  12.88 |  12.72 |  20.22 |   6.21 |I I 
20:54-Wed-Feb-15-2017 PM10  |  27.77 |  27.39 |  45.56 |  11.51 |I I 
20:54-Wed-Feb-15-2017 PM2.5 |  12.04 |  12.69 |  20.22 |   6.21 |I I 
20:58-Wed-Feb-15-2017 PM10  |  28.80 |  27.45 |  45.56 |  11.51 |I I 
20:58-Wed-Feb-15-2017 PM2.5 |  13.33 |  12.72 |  20.22 |   6.21 |I I 
20:59-Wed-Feb-15-2017 PM10  |  25.37 |  27.36 |  45.56 |  11.51 |I I 
20:59-Wed-Feb-15-2017 PM2.5 |  12.48 |  12.71 |  20.22 |   6.21 |I I 
21:03-Wed-Feb-15-2017 PM10  |  26.35 |  27.32 |  45.56 |  11.51 |I I 
21:03-Wed-Feb-15-2017 PM2.5 |  13.16 |  12.73 |  20.22 |   6.21 |I I 
21:04-Wed-Feb-15-2017 PM10  |  27.47 |  27.47 |  45.56 |  11.51 |I I 
21:04-Wed-Feb-15-2017 PM2.5 |  12.37 |  12.37 |  20.22 |   6.21 |I I 
21:08-Wed-Feb-15-2017 PM10  |  29.58 |  28.52 |  45.56 |  11.51 |I I 
21:08-Wed-Feb-15-2017 PM2.5 |  13.62 |  12.99 |  20.22 |   6.21 |I I 
21:09-Wed-Feb-15-2017 PM10  |  24.95 |  27.33 |  45.56 |  11.51 |I I 
21:09-Wed-Feb-15-2017 PM2.5 |  11.87 |  12.62 |  20.22 |   6.21 |I I 
21:13-Wed-Feb-15-2017 PM10  |  28.19 |  27.55 |  45.56 |  11.51 |I I 
21:13-Wed-Feb-15-2017 PM2.5 |  13.85 |  12.93 |  20.22 |   6.21 |I I 
22:01-Wed-Feb-15-2017Start
22:06-Wed-Feb-15-2017Start
22:09-Wed-Feb-15-2017Start
22:10-Wed-Feb-15-2017integer division or modulo by zero
22:10-Wed-Feb-15-2017Start
22:10-Wed-Feb-15-2017integer division or modulo by zero
22:12-Wed-Feb-15-2017Start
22:17-Wed-Feb-15-2017 PM10  |  28.83 |  28.83 |  45.56 |  11.51 |I I 
22:17-Wed-Feb-15-2017 PM2.5 |  13.58 |  13.58 |  20.22 |   6.21 |I I 
22:21-Wed-Feb-15-2017 PM10  |  29.52 |  29.17 |  45.56 |  11.51 |I I 
22:21-Wed-Feb-15-2017 PM2.5 |  14.83 |  14.20 |  20.22 |   6.21 |I I 
22:22-Wed-Feb-15-2017 PM10  |  31.42 |  29.92 |  45.56 |  11.51 |I I 
22:22-Wed-Feb-15-2017 PM2.5 |  14.21 |  14.20 |  20.22 |   6.21 |I I 
22:26-Wed-Feb-15-2017 PM10  |  34.16 |  30.98 |  45.56 |  11.51 |I I 
22:26-Wed-Feb-15-2017 PM2.5 |  15.34 |  14.49 |  20.22 |   6.21 |I I 
22:27-Wed-Feb-15-2017 PM10  |  30.81 |  30.95 |  45.56 |  11.51 |I I 
22:27-Wed-Feb-15-2017 PM2.5 |  14.10 |  14.41 |  20.22 |   6.21 |I I 
22:31-Wed-Feb-15-2017 PM10  |  32.21 |  31.16 |  45.56 |  11.51 |I I 
22:31-Wed-Feb-15-2017 PM2.5 |  15.74 |  14.63 |  20.22 |   6.21 |I I 
22:32-Wed-Feb-15-2017 PM10  |  32.46 |  31.34 |  45.56 |  11.51 |I I 
22:32-Wed-Feb-15-2017 PM2.5 |  14.60 |  14.63 |  20.22 |   6.21 |I I 
22:36-Wed-Feb-15-2017 PM10  |  34.15 |  31.69 |  45.56 |  11.51 |I I 
22:36-Wed-Feb-15-2017 PM2.5 |  16.39 |  14.85 |  20.22 |   6.21 |I I 
22:37-Wed-Feb-15-2017 PM10  |  30.69 |  31.58 |  45.56 |  11.51 |I I 
22:37-Wed-Feb-15-2017 PM2.5 |  15.01 |  14.87 |  20.22 |   6.21 |I I 
22:41-Wed-Feb-15-2017 PM10  |  31.04 |  31.53 |  45.56 |  11.51 |I I 
22:41-Wed-Feb-15-2017 PM2.5 |  15.31 |  14.91 |  20.22 |   6.21 |I I 
22:42-Wed-Feb-15-2017 PM10  |  31.04 |  31.49 |  45.56 |  11.51 |I I 
22:42-Wed-Feb-15-2017 PM2.5 |  15.31 |  14.95 |  20.22 |   6.21 |I I 
22:43-Wed-Feb-15-2017 PM10  |  30.81 |  31.43 |  45.56 |  11.51 |I I 
22:43-Wed-Feb-15-2017 PM2.5 |  14.47 |  14.91 |  20.22 |   6.21 |I I 
22:47-Wed-Feb-15-2017 PM10  |  37.07 |  31.86 |  45.56 |  11.51 |I I 
22:47-Wed-Feb-15-2017 PM2.5 |  16.40 |  15.02 |  20.22 |   6.21 |I I 
22:48-Wed-Feb-15-2017 PM10  |  34.55 |  32.05 |  45.56 |  11.51 |I I 
22:48-Wed-Feb-15-2017 PM2.5 |  15.48 |  15.05 |  20.22 |   6.21 |I I 
22:52-Wed-Feb-15-2017 PM10  |  34.50 |  32.22 |  45.56 |  11.51 |I I 
22:52-Wed-Feb-15-2017 PM2.5 |  15.88 |  15.11 |  20.22 |   6.21 |I I 
22:53-Wed-Feb-15-2017 PM10  |  29.74 |  32.06 |  45.56 |  11.51 |I I 
22:53-Wed-Feb-15-2017 PM2.5 |  14.18 |  15.05 |  20.22 |   6.21 |I I 
22:57-Wed-Feb-15-2017 PM10  |  33.67 |  32.16 |  45.56 |  11.51 |I I 
22:57-Wed-Feb-15-2017 PM2.5 |  15.31 |  15.07 |  20.22 |   6.21 |I I 
22:58-Wed-Feb-15-2017 PM10  |  32.05 |  32.15 |  45.56 |  11.51 |I I 
22:58-Wed-Feb-15-2017 PM2.5 |  14.70 |  15.05 |  20.22 |   6.21 |I I 
23:02-Wed-Feb-15-2017 PM10  |  33.44 |  32.22 |  45.56 |  11.51 |I I 
23:02-Wed-Feb-15-2017 PM2.5 |  15.56 |  15.07 |  20.22 |   6.21 |I I 
23:03-Wed-Feb-15-2017 PM10  |  31.35 |  31.35 |  45.56 |  11.51 |I I 
23:03-Wed-Feb-15-2017 PM2.5 |  14.61 |  14.61 |  20.22 |   6.21 |I I 
23:07-Wed-Feb-15-2017 PM10  |  30.81 |  31.08 |  45.56 |  11.51 |I I 
23:07-Wed-Feb-15-2017 PM2.5 |  15.63 |  15.12 |  20.22 |   6.21 |I I 
23:08-Wed-Feb-15-2017 PM10  |  30.81 |  30.99 |  45.56 |  11.51 |I I 
23:08-Wed-Feb-15-2017 PM2.5 |  15.63 |  15.29 |  20.22 |   6.21 |I I 
23:09-Wed-Feb-15-2017 PM10  |  32.05 |  31.26 |  45.56 |  11.51 |I I 
23:09-Wed-Feb-15-2017 PM2.5 |  14.90 |  15.19 |  20.22 |   6.21 |I I 
23:13-Wed-Feb-15-2017 PM10  |  31.69 |  31.35 |  45.56 |  11.51 |I I 
23:13-Wed-Feb-15-2017 PM2.5 |  15.99 |  15.35 |  20.22 |   6.21 |I I 
23:14-Wed-Feb-15-2017 PM10  |  33.29 |  31.67 |  45.56 |  11.51 |I I 
23:14-Wed-Feb-15-2017 PM2.5 |  14.38 |  15.19 |  20.22 |   6.21 |I I 
23:18-Wed-Feb-15-2017 PM10  |  32.61 |  31.81 |  45.56 |  11.51 |I I 
23:18-Wed-Feb-15-2017 PM2.5 |  15.84 |  15.28 |  20.22 |   6.21 |I I 
23:19-Wed-Feb-15-2017 PM10  |  31.66 |  31.79 |  45.56 |  11.51 |I I 
23:19-Wed-Feb-15-2017 PM2.5 |  14.73 |  15.21 |  20.22 |   6.21 |I I 
23:23-Wed-Feb-15-2017 PM10  |  32.53 |  31.87 |  45.56 |  11.51 |I I 
23:23-Wed-Feb-15-2017 PM2.5 |  15.94 |  15.29 |  20.22 |   6.21 |I I 
23:24-Wed-Feb-15-2017 PM10  |  29.92 |  31.67 |  45.56 |  11.51 |I I 
23:24-Wed-Feb-15-2017 PM2.5 |  14.65 |  15.23 |  20.22 |   6.21 |I I 
23:28-Wed-Feb-15-2017 PM10  |  31.14 |  31.63 |  45.56 |  11.51 |I I 
23:28-Wed-Feb-15-2017 PM2.5 |  15.50 |  15.25 |  20.22 |   6.21 |I I 
23:29-Wed-Feb-15-2017 PM10  |  33.34 |  31.77 |  45.56 |  11.51 |I I 
23:29-Wed-Feb-15-2017 PM2.5 |  14.99 |  15.23 |  20.22 |   6.21 |I I 
23:33-Wed-Feb-15-2017 PM10  |  35.70 |  32.07 |  45.56 |  11.51 |I I 
23:33-Wed-Feb-15-2017 PM2.5 |  16.36 |  15.32 |  20.22 |   6.21 |I I 
23:34-Wed-Feb-15-2017 PM10  |  35.70 |  32.33 |  45.56 |  11.51 |I I 
23:34-Wed-Feb-15-2017 PM2.5 |  16.36 |  15.39 |  20.22 |   6.21 |I I 
23:35-Wed-Feb-15-2017 PM10  |  33.11 |  32.38 |  45.56 |  11.51 |I I 
23:35-Wed-Feb-15-2017 PM2.5 |  15.54 |  15.40 |  20.22 |   6.21 |I I 
23:39-Wed-Feb-15-2017 PM10  |  37.85 |  32.72 |  45.56 |  11.51 |I I 
23:39-Wed-Feb-15-2017 PM2.5 |  16.31 |  15.46 |  20.22 |   6.21 |I I 
23:40-Wed-Feb-15-2017 PM10  |  31.58 |  32.66 |  45.56 |  11.51 |I I 
23:40-Wed-Feb-15-2017 PM2.5 |  15.46 |  15.46 |  20.22 |   6.21 |I I 
23:44-Wed-Feb-15-2017 PM10  |  31.31 |  32.58 |  45.56 |  11.51 |I I 
23:44-Wed-Feb-15-2017 PM2.5 |  16.25 |  15.50 |  20.22 |   6.21 |I I 
23:45-Wed-Feb-15-2017 PM10  |  31.68 |  32.53 |  45.56 |  11.51 |I I 
23:45-Wed-Feb-15-2017 PM2.5 |  15.94 |  15.53 |  20.22 |   6.21 |I I 
23:49-Wed-Feb-15-2017 PM10  |  36.19 |  32.72 |  45.56 |  11.51 |I I 
23:49-Wed-Feb-15-2017 PM2.5 |  17.08 |  15.60 |  20.22 |   6.21 |I I 
23:50-Wed-Feb-15-2017 PM10  |  33.63 |  32.76 |  45.56 |  11.51 |I I 
23:50-Wed-Feb-15-2017 PM2.5 |  15.92 |  15.62 |  20.22 |   6.21 |I I 
23:54-Wed-Feb-15-2017 PM10  |  36.64 |  32.94 |  45.56 |  11.51 |I I 
23:54-Wed-Feb-15-2017 PM2.5 |  17.10 |  15.69 |  20.22 |   6.21 |I I 
23:55-Wed-Feb-15-2017 PM10  |  34.35 |  33.00 |  45.56 |  11.51 |I I 
23:55-Wed-Feb-15-2017 PM2.5 |  16.27 |  15.71 |  20.22 |   6.21 |I I 
23:59-Wed-Feb-15-2017 PM10  |  34.95 |  33.08 |  45.56 |  11.51 |I I 
23:59-Wed-Feb-15-2017 PM2.5 |  17.02 |  15.77 |  20.22 |   6.21 |I I 
00:00-Thu-Feb-16-2017 PM10  |  36.13 |  33.20 |  45.56 |  11.51 |I I 
