[Wed Apr 12 00:02:48 2017] Report del giorno Wednesday April 12 2017 -- INVIATO a centraline@googlegroups.com
00:02-Wed-Apr-12-2017 PM2.5 |   6.73 |   6.31 |   9.05 |   5.67 |I I 
00:03-Wed-Apr-12-2017 PM10  |  12.05 |  12.05 |   0.00 |  2000.00|I I 
00:03-Wed-Apr-12-2017 PM2.5 |   6.28 |   6.28 |   0.00 |  2000.00|I I 
00:07-Wed-Apr-12-2017 PM10  |  11.84 |  11.94 |   0.00 |  2000.00|I I 
00:07-Wed-Apr-12-2017 PM2.5 |   6.31 |   6.29 |   0.00 |  2000.00|I I 
00:08-Wed-Apr-12-2017 PM10  |  12.18 |  12.02 |   0.00 |  2000.00|I I 
00:08-Wed-Apr-12-2017 PM2.5 |   6.22 |   6.27 |   0.00 |  2000.00|I I 
00:12-Wed-Apr-12-2017 PM10  |  11.39 |  11.86 |   0.00 |  2000.00|I I 
00:12-Wed-Apr-12-2017 PM2.5 |   6.28 |   6.27 |   0.00 |  2000.00|I I 
00:13-Wed-Apr-12-2017 PM10  |  11.02 |  11.69 |   0.00 |  2000.00|I I 
00:13-Wed-Apr-12-2017 PM2.5 |   6.27 |   6.27 |   0.00 |  2000.00|I I 
00:17-Wed-Apr-12-2017 PM10  |  11.45 |  11.65 |   0.00 |  2000.00|I I 
00:17-Wed-Apr-12-2017 PM2.5 |   6.34 |   6.28 |   0.00 |  2000.00|I I 
00:18-Wed-Apr-12-2017 PM10  |   9.62 |  11.36 |   0.00 |  2000.00|I I 
00:18-Wed-Apr-12-2017 PM2.5 |   6.12 |   6.26 |   0.00 |  2000.00|I I 
00:19-Wed-Apr-12-2017 PM10  |   9.62 |  11.14 |   0.00 |  2000.00|I I 
00:19-Wed-Apr-12-2017 PM2.5 |   6.12 |   6.24 |   0.00 |  2000.00|I I 
00:23-Wed-Apr-12-2017 PM10  |  10.47 |  11.07 |   0.00 |  2000.00|I I 
00:23-Wed-Apr-12-2017 PM2.5 |   6.54 |   6.27 |   0.00 |  2000.00|I I 
00:24-Wed-Apr-12-2017 PM10  |  11.12 |  11.07 |   0.00 |  2000.00|I I 
00:24-Wed-Apr-12-2017 PM2.5 |   6.45 |   6.29 |   0.00 |  2000.00|I I 
00:28-Wed-Apr-12-2017 PM10  |  11.04 |  11.07 |   0.00 |  2000.00|I I 
00:28-Wed-Apr-12-2017 PM2.5 |   6.37 |   6.30 |   0.00 |  2000.00|I I 
00:29-Wed-Apr-12-2017 PM10  |  10.22 |  11.00 |   0.00 |  2000.00|I I 
00:29-Wed-Apr-12-2017 PM2.5 |   6.38 |   6.31 |   0.00 |  2000.00|I I 
00:33-Wed-Apr-12-2017 PM10  |  12.37 |  11.11 |   0.00 |  2000.00|I I 
00:33-Wed-Apr-12-2017 PM2.5 |   6.83 |   6.35 |   0.00 |  2000.00|I I 
00:34-Wed-Apr-12-2017 PM10  |  10.21 |  11.04 |   0.00 |  2000.00|I I 
00:34-Wed-Apr-12-2017 PM2.5 |   6.09 |   6.33 |   0.00 |  2000.00|I I 
00:39-Wed-Apr-12-2017 PM10  |  10.95 |  11.04 |   0.00 |  2000.00|I I 
00:39-Wed-Apr-12-2017 PM2.5 |   6.73 |   6.35 |   0.00 |  2000.00|I I 
00:40-Wed-Apr-12-2017 PM10  |  12.21 |  11.11 |   0.00 |  2000.00|I I 
00:40-Wed-Apr-12-2017 PM2.5 |   6.32 |   6.35 |   0.00 |  2000.00|I I 
00:44-Wed-Apr-12-2017 PM10  |  10.37 |  11.07 |   0.00 |  2000.00|I I 
00:44-Wed-Apr-12-2017 PM2.5 |   6.32 |   6.35 |   0.00 |  2000.00|I I 
00:45-Wed-Apr-12-2017 PM10  |  12.48 |  11.14 |   0.00 |  2000.00|I I 
00:45-Wed-Apr-12-2017 PM2.5 |   6.01 |   6.33 |   0.00 |  2000.00|I I 
00:46-Wed-Apr-12-2017 PM10  |  12.48 |  11.21 |   0.00 |  2000.00|I I 
00:46-Wed-Apr-12-2017 PM2.5 |   6.01 |   6.31 |   0.00 |  2000.00|I I 
00:50-Wed-Apr-12-2017 PM10  |  10.29 |  11.17 |   0.00 |  2000.00|I I 
00:50-Wed-Apr-12-2017 PM2.5 |   5.99 |   6.30 |   0.00 |  2000.00|I I 
00:51-Wed-Apr-12-2017 PM10  |  11.73 |  11.19 |   0.00 |  2000.00|I I 
00:51-Wed-Apr-12-2017 PM2.5 |   6.07 |   6.29 |   0.00 |  2000.00|I I 
00:55-Wed-Apr-12-2017 PM10  |  10.12 |  11.15 |   0.00 |  2000.00|I I 
00:55-Wed-Apr-12-2017 PM2.5 |   6.36 |   6.29 |   0.00 |  2000.00|I I 
00:56-Wed-Apr-12-2017 PM10  |  12.02 |  11.18 |   0.00 |  2000.00|I I 
00:56-Wed-Apr-12-2017 PM2.5 |   6.13 |   6.28 |   0.00 |  2000.00|I I 
01:00-Wed-Apr-12-2017 PM10  |  10.12 |  11.14 |  11.14 |  11.14 |I I 
01:00-Wed-Apr-12-2017 PM2.5 |   6.31 |   6.28 |   6.28 |   6.28 |I I 
01:01-Wed-Apr-12-2017 PM10  |  10.02 |  10.02 |  11.14 |  11.14 |I I 
01:01-Wed-Apr-12-2017 PM2.5 |   6.29 |   6.29 |   6.28 |   6.28 |I I 
01:05-Wed-Apr-12-2017 PM10  |  10.54 |  10.28 |  11.14 |  11.14 |I I 
01:05-Wed-Apr-12-2017 PM2.5 |   6.24 |   6.27 |   6.28 |   6.28 |I I 
01:06-Wed-Apr-12-2017 PM10  |  10.14 |  10.24 |  11.14 |  11.14 |I I 
01:06-Wed-Apr-12-2017 PM2.5 |   6.55 |   6.36 |   6.28 |   6.28 |I I 
01:10-Wed-Apr-12-2017 PM10  |  10.42 |  10.28 |  11.14 |  11.14 |I I 
01:10-Wed-Apr-12-2017 PM2.5 |   6.46 |   6.39 |   6.28 |   6.28 |I I 
01:11-Wed-Apr-12-2017 PM10  |   9.63 |  10.15 |  11.14 |  11.14 |I I 
01:11-Wed-Apr-12-2017 PM2.5 |   6.36 |   6.38 |   6.28 |   6.28 |I I 
01:12-Wed-Apr-12-2017 PM10  |   9.63 |  10.07 |  11.14 |  11.14 |I I 
01:12-Wed-Apr-12-2017 PM2.5 |   6.36 |   6.38 |   6.28 |   6.28 |I I 
01:15-Wed-Apr-12-2017 PM10  |   8.86 |   9.89 |  11.14 |  11.14 |I I 
01:15-Wed-Apr-12-2017 PM2.5 |   6.31 |   6.37 |   6.28 |   6.28 |I I 
01:16-Wed-Apr-12-2017 PM10  |   8.86 |   9.76 |  11.14 |  11.14 |I I 
01:16-Wed-Apr-12-2017 PM2.5 |   6.31 |   6.36 |   6.28 |   6.28 |I I 
01:17-Wed-Apr-12-2017 PM10  |  10.34 |   9.83 |  11.14 |  11.14 |I I 
01:17-Wed-Apr-12-2017 PM2.5 |   6.19 |   6.34 |   6.28 |   6.28 |I I 
01:21-Wed-Apr-12-2017 PM10  |  11.64 |  10.01 |  11.14 |  11.14 |I I 
01:21-Wed-Apr-12-2017 PM2.5 |   6.73 |   6.38 |   6.28 |   6.28 |I I 
01:22-Wed-Apr-12-2017 PM10  |   9.54 |   9.97 |  11.14 |  11.14 |I I 
01:22-Wed-Apr-12-2017 PM2.5 |   6.13 |   6.36 |   6.28 |   6.28 |I I 
01:26-Wed-Apr-12-2017 PM10  |  11.39 |  10.09 |  11.14 |  11.14 |I I 
01:26-Wed-Apr-12-2017 PM2.5 |   6.51 |   6.37 |   6.28 |   6.28 |I I 
01:27-Wed-Apr-12-2017 PM10  |  11.72 |  10.21 |  11.14 |  11.14 |I I 
01:27-Wed-Apr-12-2017 PM2.5 |   6.12 |   6.35 |   6.28 |   6.28 |I I 
01:31-Wed-Apr-12-2017 PM10  |  13.09 |  10.42 |  11.14 |  11.14 |I I 
01:31-Wed-Apr-12-2017 PM2.5 |   6.50 |   6.36 |   6.28 |   6.28 |I I 
01:32-Wed-Apr-12-2017 PM10  |  11.26 |  10.47 |  11.14 |  11.14 |I I 
01:32-Wed-Apr-12-2017 PM2.5 |   6.35 |   6.36 |   6.28 |   6.28 |I I 
01:36-Wed-Apr-12-2017 PM10  |  11.08 |  10.51 |  11.14 |  11.14 |I I 
01:36-Wed-Apr-12-2017 PM2.5 |   6.52 |   6.37 |   6.28 |   6.28 |I I 
01:37-Wed-Apr-12-2017 PM10  |  10.44 |  10.51 |  11.14 |  11.14 |I I 
01:37-Wed-Apr-12-2017 PM2.5 |   6.26 |   6.36 |   6.28 |   6.28 |I I 
01:41-Wed-Apr-12-2017 PM10  |   9.67 |  10.46 |  11.14 |  11.14 |I I 
01:41-Wed-Apr-12-2017 PM2.5 |   6.59 |   6.38 |   6.28 |   6.28 |I I 
01:42-Wed-Apr-12-2017 PM10  |   9.67 |  10.42 |  11.14 |  11.14 |I I 
01:42-Wed-Apr-12-2017 PM2.5 |   6.59 |   6.39 |   6.28 |   6.28 |I I 
01:43-Wed-Apr-12-2017 PM10  |  11.97 |  10.50 |  11.14 |  11.14 |I I 
01:43-Wed-Apr-12-2017 PM2.5 |   6.71 |   6.40 |   6.28 |   6.28 |I I 
01:47-Wed-Apr-12-2017 PM10  |  10.29 |  10.49 |  11.14 |  11.14 |I I 
01:47-Wed-Apr-12-2017 PM2.5 |   6.60 |   6.41 |   6.28 |   6.28 |I I 
01:48-Wed-Apr-12-2017 PM10  |  10.90 |  10.51 |  11.14 |  11.14 |I I 
01:48-Wed-Apr-12-2017 PM2.5 |   6.27 |   6.41 |   6.28 |   6.28 |I I 
01:52-Wed-Apr-12-2017 PM10  |  10.32 |  10.50 |  11.14 |  11.14 |I I 
01:52-Wed-Apr-12-2017 PM2.5 |   6.07 |   6.39 |   6.28 |   6.28 |I I 
01:53-Wed-Apr-12-2017 PM10  |   9.53 |  10.46 |  11.14 |  11.14 |I I 
01:53-Wed-Apr-12-2017 PM2.5 |   6.07 |   6.38 |   6.28 |   6.28 |I I 
01:57-Wed-Apr-12-2017 PM10  |  11.96 |  10.52 |  11.14 |  11.14 |I I 
01:57-Wed-Apr-12-2017 PM2.5 |   7.07 |   6.41 |   6.28 |   6.28 |I I 
01:58-Wed-Apr-12-2017 PM10  |   9.85 |  10.49 |  11.14 |  11.14 |I I 
01:58-Wed-Apr-12-2017 PM2.5 |   6.52 |   6.41 |   6.28 |   6.28 |I I 
02:02-Wed-Apr-12-2017 PM10  |  11.10 |  10.51 |  11.14 |  10.51 |I I 
02:02-Wed-Apr-12-2017 PM2.5 |   6.59 |   6.42 |   6.42 |   6.28 |I I 
02:03-Wed-Apr-12-2017 PM10  |  11.23 |  11.23 |  11.14 |  10.51 |I I 
02:03-Wed-Apr-12-2017 PM2.5 |   6.32 |   6.32 |   6.42 |   6.28 |I I 
02:04-Wed-Apr-12-2017 PM10  |  11.23 |  11.23 |  11.14 |  10.51 |I B 
02:04-Wed-Apr-12-2017 PM2.5 |   6.32 |   6.32 |   6.42 |   6.28 |I B 
02:07-Wed-Apr-12-2017recover dati per host :92.223.147.77/nodered
02:07-Wed-Apr-12-2017 PM10  |  10.89 |  11.11 |  11.14 |  10.51 |I I 
02:07-Wed-Apr-12-2017 PM2.5 |   6.22 |   6.29 |   6.42 |   6.28 |I I 
02:08-Wed-Apr-12-2017 PM10  |  10.89 |  11.06 |  11.14 |  10.51 |I I 
02:08-Wed-Apr-12-2017 PM2.5 |   6.22 |   6.27 |   6.42 |   6.28 |I I 
02:09-Wed-Apr-12-2017 PM10  |   9.26 |  10.70 |  11.14 |  10.51 |I I 
02:09-Wed-Apr-12-2017 PM2.5 |   6.22 |   6.26 |   6.42 |   6.28 |I I 
02:13-Wed-Apr-12-2017 PM10  |   9.74 |  10.54 |  11.14 |  10.51 |I I 
02:13-Wed-Apr-12-2017 PM2.5 |   6.49 |   6.30 |   6.42 |   6.28 |I I 
02:14-Wed-Apr-12-2017 PM10  |   9.95 |  10.45 |  11.14 |  10.51 |I I 
02:14-Wed-Apr-12-2017 PM2.5 |   6.10 |   6.27 |   6.42 |   6.28 |I I 
02:18-Wed-Apr-12-2017 PM10  |   9.57 |  10.34 |  11.14 |  10.51 |I I 
02:18-Wed-Apr-12-2017 PM2.5 |   6.45 |   6.29 |   6.42 |   6.28 |I I 
02:19-Wed-Apr-12-2017 PM10  |   9.88 |  10.29 |  11.14 |  10.51 |I I 
02:19-Wed-Apr-12-2017 PM2.5 |   6.15 |   6.28 |   6.42 |   6.28 |I I 
02:23-Wed-Apr-12-2017 PM10  |   9.99 |  10.26 |  11.14 |  10.51 |I I 
02:23-Wed-Apr-12-2017 PM2.5 |   6.20 |   6.27 |   6.42 |   6.28 |I I 
02:24-Wed-Apr-12-2017 PM10  |  10.70 |  10.30 |  11.14 |  10.51 |I I 
02:24-Wed-Apr-12-2017 PM2.5 |   6.04 |   6.25 |   6.42 |   6.28 |I I 
02:28-Wed-Apr-12-2017 PM10  |   8.60 |  10.16 |  11.14 |  10.51 |I I 
02:28-Wed-Apr-12-2017 PM2.5 |   6.35 |   6.26 |   6.42 |   6.28 |I I 
02:29-Wed-Apr-12-2017 PM10  |  10.51 |  10.19 |  11.14 |  10.51 |I I 
02:29-Wed-Apr-12-2017 PM2.5 |   6.35 |   6.26 |   6.42 |   6.28 |I I 
02:33-Wed-Apr-12-2017 PM10  |  11.72 |  10.30 |  11.14 |  10.51 |I I 
02:33-Wed-Apr-12-2017 PM2.5 |   6.33 |   6.27 |   6.42 |   6.28 |I I 
02:34-Wed-Apr-12-2017 PM10  |  11.72 |  10.39 |  11.14 |  10.51 |I I 
02:34-Wed-Apr-12-2017 PM2.5 |   6.33 |   6.27 |   6.42 |   6.28 |I I 
02:35-Wed-Apr-12-2017 PM10  |  10.22 |  10.38 |  11.14 |  10.51 |I I 
02:35-Wed-Apr-12-2017 PM2.5 |   6.07 |   6.26 |   6.42 |   6.28 |I I 
02:39-Wed-Apr-12-2017 PM10  |  11.37 |  10.44 |  11.14 |  10.51 |I I 
02:39-Wed-Apr-12-2017 PM2.5 |   6.51 |   6.28 |   6.42 |   6.28 |I I 
02:40-Wed-Apr-12-2017 PM10  |   9.78 |  10.40 |  11.14 |  10.51 |I I 
02:40-Wed-Apr-12-2017 PM2.5 |   6.10 |   6.27 |   6.42 |   6.28 |I I 
02:44-Wed-Apr-12-2017 PM10  |  10.82 |  10.42 |  11.14 |  10.51 |I I 
02:44-Wed-Apr-12-2017 PM2.5 |   6.47 |   6.28 |   6.42 |   6.28 |I I 
02:45-Wed-Apr-12-2017 PM10  |  10.54 |  10.43 |  11.14 |  10.51 |I I 
02:45-Wed-Apr-12-2017 PM2.5 |   6.27 |   6.28 |   6.42 |   6.28 |I I 
02:49-Wed-Apr-12-2017 PM10  |  10.68 |  10.44 |  11.14 |  10.51 |I I 
02:49-Wed-Apr-12-2017 PM2.5 |   6.30 |   6.28 |   6.42 |   6.28 |I I 
02:50-Wed-Apr-12-2017 PM10  |  10.07 |  10.42 |  11.14 |  10.51 |I I 
02:50-Wed-Apr-12-2017 PM2.5 |   6.58 |   6.29 |   6.42 |   6.28 |I I 
02:54-Wed-Apr-12-2017 PM10  |   9.97 |  10.41 |  11.14 |  10.51 |I I 
02:54-Wed-Apr-12-2017 PM2.5 |   6.65 |   6.31 |   6.42 |   6.28 |I I 
02:55-Wed-Apr-12-2017 PM10  |   8.86 |  10.34 |  11.14 |  10.51 |I I 
02:55-Wed-Apr-12-2017 PM2.5 |   6.31 |   6.31 |   6.42 |   6.28 |I I 
02:59-Wed-Apr-12-2017 PM10  |  11.88 |  10.40 |  11.14 |  10.51 |I I 
02:59-Wed-Apr-12-2017 PM2.5 |   6.57 |   6.32 |   6.42 |   6.28 |I I 
03:00-Wed-Apr-12-2017 PM10  |  11.88 |  10.46 |  11.14 |  10.46 |I I 
03:00-Wed-Apr-12-2017 PM2.5 |   6.57 |   6.33 |   6.42 |   6.28 |I I 
03:01-Wed-Apr-12-2017 PM10  |   9.54 |   9.54 |  11.14 |  10.46 |I I 
03:01-Wed-Apr-12-2017 PM2.5 |   6.29 |   6.29 |   6.42 |   6.28 |I I 
03:05-Wed-Apr-12-2017 PM10  |  10.02 |   9.78 |  11.14 |  10.46 |I I 
03:05-Wed-Apr-12-2017 PM2.5 |   6.63 |   6.46 |   6.42 |   6.28 |I I 
03:06-Wed-Apr-12-2017 PM10  |  10.56 |  10.04 |  11.14 |  10.46 |I I 
03:06-Wed-Apr-12-2017 PM2.5 |   6.47 |   6.46 |   6.42 |   6.28 |I I 
03:10-Wed-Apr-12-2017 PM10  |  11.01 |  10.28 |  11.14 |  10.46 |I I 
03:10-Wed-Apr-12-2017 PM2.5 |   6.64 |   6.51 |   6.42 |   6.28 |I I 
03:11-Wed-Apr-12-2017 PM10  |  10.43 |  10.31 |  11.14 |  10.46 |I I 
03:11-Wed-Apr-12-2017 PM2.5 |   6.42 |   6.49 |   6.42 |   6.28 |I I 
03:15-Wed-Apr-12-2017 PM10  |  10.91 |  10.41 |  11.14 |  10.46 |I I 
03:15-Wed-Apr-12-2017 PM2.5 |   6.43 |   6.48 |   6.42 |   6.28 |I I 
03:16-Wed-Apr-12-2017 PM10  |  11.55 |  10.58 |  11.14 |  10.46 |I I 
03:16-Wed-Apr-12-2017 PM2.5 |   6.18 |   6.44 |   6.42 |   6.28 |I I 
03:20-Wed-Apr-12-2017 PM10  |  10.29 |  10.54 |  11.14 |  10.46 |I I 
03:20-Wed-Apr-12-2017 PM2.5 |   6.46 |   6.44 |   6.42 |   6.28 |I I 
03:21-Wed-Apr-12-2017 PM10  |   9.99 |  10.48 |  11.14 |  10.46 |I I 
03:21-Wed-Apr-12-2017 PM2.5 |   6.03 |   6.39 |   6.42 |   6.28 |I I 
03:25-Wed-Apr-12-2017 PM10  |  10.69 |  10.50 |  11.14 |  10.46 |I I 
03:25-Wed-Apr-12-2017 PM2.5 |   6.30 |   6.39 |   6.42 |   6.28 |I I 
03:26-Wed-Apr-12-2017 PM10  |  10.69 |  10.52 |  11.14 |  10.46 |I I 
03:26-Wed-Apr-12-2017 PM2.5 |   6.30 |   6.38 |   6.42 |   6.28 |I I 
03:27-Wed-Apr-12-2017 PM10  |  10.21 |  10.49 |  11.14 |  10.46 |I I 
03:27-Wed-Apr-12-2017 PM2.5 |   6.08 |   6.35 |   6.42 |   6.28 |I I 
03:31-Wed-Apr-12-2017 PM10  |   9.35 |  10.40 |  11.14 |  10.46 |I I 
03:31-Wed-Apr-12-2017 PM2.5 |   6.78 |   6.39 |   6.42 |   6.28 |I I 
03:32-Wed-Apr-12-2017 PM10  |  11.10 |  10.45 |  11.14 |  10.46 |I I 
03:32-Wed-Apr-12-2017 PM2.5 |   6.31 |   6.38 |   6.42 |   6.28 |I I 
03:36-Wed-Apr-12-2017 PM10  |   9.29 |  10.38 |  11.14 |  10.46 |I I 
03:36-Wed-Apr-12-2017 PM2.5 |   5.95 |   6.35 |   6.42 |   6.28 |I I 
03:38-Wed-Apr-12-2017 PM10  |  12.75 |  10.52 |  11.14 |  10.46 |I I 
03:38-Wed-Apr-12-2017 PM2.5 |   6.28 |   6.35 |   6.42 |   6.28 |I I 
03:42-Wed-Apr-12-2017 PM10  |   9.55 |  10.47 |  11.14 |  10.46 |I I 
03:42-Wed-Apr-12-2017 PM2.5 |   5.95 |   6.32 |   6.42 |   6.28 |I I 
03:43-Wed-Apr-12-2017 PM10  |   9.23 |  10.40 |  11.14 |  10.46 |I I 
03:43-Wed-Apr-12-2017 PM2.5 |   6.08 |   6.31 |   6.42 |   6.28 |I I 
03:47-Wed-Apr-12-2017 PM10  |   9.57 |  10.35 |  11.14 |  10.46 |I I 
03:47-Wed-Apr-12-2017 PM2.5 |   6.02 |   6.29 |   6.42 |   6.28 |I I 
03:48-Wed-Apr-12-2017 PM10  |  12.18 |  10.45 |  11.14 |  10.46 |I I 
03:48-Wed-Apr-12-2017 PM2.5 |   6.20 |   6.29 |   6.42 |   6.28 |I I 
03:52-Wed-Apr-12-2017 PM10  |  10.04 |  10.43 |  11.14 |  10.46 |I I 
03:52-Wed-Apr-12-2017 PM2.5 |   6.61 |   6.30 |   6.42 |   6.28 |I I 
03:53-Wed-Apr-12-2017 PM10  |  10.04 |  10.41 |  11.14 |  10.46 |I I 
03:53-Wed-Apr-12-2017 PM2.5 |   6.61 |   6.32 |   6.42 |   6.28 |I I 
03:54-Wed-Apr-12-2017 PM10  |   9.10 |  10.35 |  11.14 |  10.46 |I I 
03:54-Wed-Apr-12-2017 PM2.5 |   6.35 |   6.32 |   6.42 |   6.28 |I I 
03:58-Wed-Apr-12-2017 PM10  |   9.79 |  10.33 |  11.14 |  10.46 |I I 
03:58-Wed-Apr-12-2017 PM2.5 |   6.51 |   6.33 |   6.42 |   6.28 |I I 
03:59-Wed-Apr-12-2017 PM10  |  10.69 |  10.34 |  11.14 |  10.46 |I I 
03:59-Wed-Apr-12-2017 PM2.5 |   5.98 |   6.31 |   6.42 |   6.28 |I I 
04:03-Wed-Apr-12-2017 PM10  |  10.05 |  10.33 |  11.14 |  10.33 |I I 
04:03-Wed-Apr-12-2017 PM2.5 |   6.53 |   6.32 |   6.42 |   6.28 |I I 
04:04-Wed-Apr-12-2017 PM10  |  10.43 |  10.43 |  11.14 |  10.33 |I I 
04:04-Wed-Apr-12-2017 PM2.5 |   6.17 |   6.17 |   6.42 |   6.28 |I I 
04:08-Wed-Apr-12-2017 PM10  |   9.83 |  10.13 |  11.14 |  10.33 |I I 
04:08-Wed-Apr-12-2017 PM2.5 |   6.57 |   6.37 |   6.42 |   6.28 |I I 
04:09-Wed-Apr-12-2017 PM10  |   9.87 |  10.05 |  11.14 |  10.33 |I I 
04:09-Wed-Apr-12-2017 PM2.5 |   6.07 |   6.27 |   6.42 |   6.28 |I I 
04:13-Wed-Apr-12-2017 PM10  |   9.71 |   9.96 |  11.14 |  10.33 |I I 
04:13-Wed-Apr-12-2017 PM2.5 |   6.42 |   6.31 |   6.42 |   6.28 |I I 
04:14-Wed-Apr-12-2017 PM10  |   7.36 |   9.44 |  11.14 |  10.33 |I I 
04:14-Wed-Apr-12-2017 PM2.5 |   5.64 |   6.17 |   6.42 |   6.28 |I I 
04:18-Wed-Apr-12-2017 PM10  |   9.23 |   9.41 |  11.14 |  10.33 |I I 
04:18-Wed-Apr-12-2017 PM2.5 |   6.27 |   6.19 |   6.42 |   6.28 |I I 
04:19-Wed-Apr-12-2017 PM10  |   9.23 |   9.38 |  11.14 |  10.33 |I I 
04:19-Wed-Apr-12-2017 PM2.5 |   6.27 |   6.20 |   6.42 |   6.28 |I I 
04:20-Wed-Apr-12-2017 PM10  |   9.64 |   9.41 |  11.14 |  10.33 |I I 
04:20-Wed-Apr-12-2017 PM2.5 |   6.01 |   6.18 |   6.42 |   6.28 |I I 
04:24-Wed-Apr-12-2017 PM10  |   8.70 |   9.34 |  11.14 |  10.33 |I I 
04:24-Wed-Apr-12-2017 PM2.5 |   6.20 |   6.18 |   6.42 |   6.28 |I I 
04:25-Wed-Apr-12-2017 PM10  |  10.16 |   9.42 |  11.14 |  10.33 |I I 
04:25-Wed-Apr-12-2017 PM2.5 |   6.09 |   6.17 |   6.42 |   6.28 |I I 
04:29-Wed-Apr-12-2017 PM10  |   8.37 |   9.32 |  11.14 |  10.33 |I I 
04:29-Wed-Apr-12-2017 PM2.5 |   6.26 |   6.18 |   6.42 |   6.28 |I I 
04:30-Wed-Apr-12-2017 PM10  |   9.99 |   9.38 |  11.14 |  10.33 |I I 
04:30-Wed-Apr-12-2017 PM2.5 |   5.97 |   6.16 |   6.42 |   6.28 |I I 
04:34-Wed-Apr-12-2017 PM10  |  11.92 |   9.57 |  11.14 |  10.33 |I I 
04:34-Wed-Apr-12-2017 PM2.5 |   6.36 |   6.18 |   6.42 |   6.28 |I I 
04:35-Wed-Apr-12-2017 PM10  |  10.26 |   9.62 |  11.14 |  10.33 |I I 
04:35-Wed-Apr-12-2017 PM2.5 |   6.04 |   6.17 |   6.42 |   6.28 |I I 
04:39-Wed-Apr-12-2017 PM10  |   9.75 |   9.63 |  11.14 |  10.33 |I I 
04:39-Wed-Apr-12-2017 PM2.5 |   6.08 |   6.16 |   6.42 |   6.28 |I I 
04:40-Wed-Apr-12-2017 PM10  |  10.57 |   9.69 |  11.14 |  10.33 |I I 
04:40-Wed-Apr-12-2017 PM2.5 |   6.44 |   6.18 |   6.42 |   6.28 |I I 
04:44-Wed-Apr-12-2017 PM10  |  11.10 |   9.77 |  11.14 |  10.33 |I I 
04:44-Wed-Apr-12-2017 PM2.5 |   6.50 |   6.20 |   6.42 |   6.28 |I I 
04:45-Wed-Apr-12-2017 PM10  |  11.10 |   9.85 |  11.14 |  10.33 |I B 
04:45-Wed-Apr-12-2017 PM2.5 |   6.50 |   6.21 |   6.42 |   6.28 |I B 
04:46-Wed-Apr-12-2017recover dati per host :92.223.147.77/nodered
04:46-Wed-Apr-12-2017 PM10  |  10.07 |   9.86 |  11.14 |  10.33 |I I 
04:46-Wed-Apr-12-2017 PM2.5 |   6.13 |   6.21 |   6.42 |   6.28 |I I 
04:50-Wed-Apr-12-2017 PM10  |   9.61 |   9.85 |  11.14 |  10.33 |I I 
04:50-Wed-Apr-12-2017 PM2.5 |   6.25 |   6.21 |   6.42 |   6.28 |I I 
04:51-Wed-Apr-12-2017 PM10  |   9.42 |   9.83 |  11.14 |  10.33 |I I 
04:51-Wed-Apr-12-2017 PM2.5 |   5.96 |   6.20 |   6.42 |   6.28 |I I 
04:55-Wed-Apr-12-2017 PM10  |   8.93 |   9.79 |  11.14 |  10.33 |I I 
04:55-Wed-Apr-12-2017 PM2.5 |   5.90 |   6.19 |   6.42 |   6.28 |I I 
04:56-Wed-Apr-12-2017 PM10  |   8.90 |   9.75 |  11.14 |  10.33 |I I 
04:56-Wed-Apr-12-2017 PM2.5 |   6.04 |   6.18 |   6.42 |   6.28 |I I 
05:00-Wed-Apr-12-2017 PM10  |  10.85 |   9.79 |  11.14 |   9.79 |I I 
05:00-Wed-Apr-12-2017 PM2.5 |   5.97 |   6.17 |   6.42 |   6.17 |I I 
05:01-Wed-Apr-12-2017 PM10  |   9.01 |   9.01 |  11.14 |   9.79 |I I 
05:01-Wed-Apr-12-2017 PM2.5 |   5.99 |   5.99 |   6.42 |   6.17 |I I 
05:05-Wed-Apr-12-2017 PM10  |   9.87 |   9.44 |  11.14 |   9.79 |I I 
05:05-Wed-Apr-12-2017 PM2.5 |   6.25 |   6.12 |   6.42 |   6.17 |I I 
05:06-Wed-Apr-12-2017 PM10  |   9.66 |   9.51 |  11.14 |   9.79 |I I 
05:06-Wed-Apr-12-2017 PM2.5 |   5.81 |   6.01 |   6.42 |   6.17 |I I 
05:10-Wed-Apr-12-2017 PM10  |   8.97 |   9.38 |  11.14 |   9.79 |I I 
05:10-Wed-Apr-12-2017 PM2.5 |   6.06 |   6.03 |   6.42 |   6.17 |I I 
05:11-Wed-Apr-12-2017 PM10  |   8.97 |   9.29 |  11.14 |   9.79 |I I 
05:11-Wed-Apr-12-2017 PM2.5 |   6.06 |   6.03 |   6.42 |   6.17 |I I 
05:12-Wed-Apr-12-2017 PM10  |   9.12 |   9.26 |  11.14 |   9.79 |I I 
05:12-Wed-Apr-12-2017 PM2.5 |   5.53 |   5.95 |   6.42 |   6.17 |I I 
05:16-Wed-Apr-12-2017 PM10  |  10.27 |   9.41 |  11.14 |   9.79 |I I 
05:16-Wed-Apr-12-2017 PM2.5 |   6.07 |   5.97 |   6.42 |   6.17 |I I 
05:17-Wed-Apr-12-2017 PM10  |   9.44 |   9.41 |  11.14 |   9.79 |I I 
05:17-Wed-Apr-12-2017 PM2.5 |   5.74 |   5.94 |   6.42 |   6.17 |I I 
05:21-Wed-Apr-12-2017 PM10  |   8.64 |   9.33 |  11.14 |   9.79 |I I 
05:21-Wed-Apr-12-2017 PM2.5 |   6.03 |   5.95 |   6.42 |   6.17 |I I 
05:22-Wed-Apr-12-2017 PM10  |   8.71 |   9.26 |  11.14 |   9.79 |I I 
05:22-Wed-Apr-12-2017 PM2.5 |   5.74 |   5.93 |   6.42 |   6.17 |I I 
05:26-Wed-Apr-12-2017 PM10  |   9.10 |   9.25 |  11.14 |   9.79 |I I 
05:26-Wed-Apr-12-2017 PM2.5 |   5.94 |   5.93 |   6.42 |   6.17 |I I 
05:27-Wed-Apr-12-2017 PM10  |   9.71 |   9.29 |  11.14 |   9.79 |I I 
05:27-Wed-Apr-12-2017 PM2.5 |   5.85 |   5.92 |   6.42 |   6.17 |I I 
05:31-Wed-Apr-12-2017 PM10  |   8.07 |   9.19 |  11.14 |   9.79 |I I 
05:31-Wed-Apr-12-2017 PM2.5 |   5.48 |   5.89 |   6.42 |   6.17 |I I 
05:32-Wed-Apr-12-2017 PM10  |  11.61 |   9.37 |  11.14 |   9.79 |I I 
05:32-Wed-Apr-12-2017 PM2.5 |   6.11 |   5.90 |   6.42 |   6.17 |I I 
05:36-Wed-Apr-12-2017 PM10  |  10.96 |   9.47 |  11.14 |   9.79 |I I 
05:36-Wed-Apr-12-2017 PM2.5 |   6.18 |   5.92 |   6.42 |   6.17 |I I 
05:37-Wed-Apr-12-2017 PM10  |  10.96 |   9.57 |  11.14 |   9.79 |I I 
05:37-Wed-Apr-12-2017 PM2.5 |   6.18 |   5.94 |   6.42 |   6.17 |I I 
05:38-Wed-Apr-12-2017 PM10  |   9.36 |   9.55 |  11.14 |   9.79 |I I 
05:38-Wed-Apr-12-2017 PM2.5 |   5.78 |   5.93 |   6.42 |   6.17 |I I 
05:42-Wed-Apr-12-2017 PM10  |   9.04 |   9.53 |  11.14 |   9.79 |I I 
05:42-Wed-Apr-12-2017 PM2.5 |   5.97 |   5.93 |   6.42 |   6.17 |I I 
05:43-Wed-Apr-12-2017 PM10  |  10.43 |   9.57 |  11.14 |   9.79 |I I 
05:43-Wed-Apr-12-2017 PM2.5 |   5.78 |   5.92 |   6.42 |   6.17 |I I 
05:47-Wed-Apr-12-2017 PM10  |   9.38 |   9.56 |  11.14 |   9.79 |I I 
05:47-Wed-Apr-12-2017 PM2.5 |   5.92 |   5.92 |   6.42 |   6.17 |I I 
05:48-Wed-Apr-12-2017 PM10  |   9.94 |   9.58 |  11.14 |   9.79 |I I 
05:48-Wed-Apr-12-2017 PM2.5 |   5.93 |   5.92 |   6.42 |   6.17 |I I 
05:52-Wed-Apr-12-2017 PM10  |   8.15 |   9.52 |  11.14 |   9.79 |I I 
05:52-Wed-Apr-12-2017 PM2.5 |   5.54 |   5.91 |   6.42 |   6.17 |I I 
05:53-Wed-Apr-12-2017 PM10  |   8.20 |   9.46 |  11.14 |   9.79 |I I 
05:53-Wed-Apr-12-2017 PM2.5 |   5.97 |   5.91 |   6.42 |   6.17 |I I 
05:57-Wed-Apr-12-2017 PM10  |   9.88 |   9.48 |  11.14 |   9.79 |I I 
05:57-Wed-Apr-12-2017 PM2.5 |   6.09 |   5.92 |   6.42 |   6.17 |I I 
05:58-Wed-Apr-12-2017 PM10  |   7.74 |   9.41 |  11.14 |   9.79 |I I 
05:58-Wed-Apr-12-2017 PM2.5 |   5.52 |   5.90 |   6.42 |   6.17 |I I 
06:02-Wed-Apr-12-2017 PM10  |   8.69 |   9.38 |  11.14 |   9.38 |I I 
06:02-Wed-Apr-12-2017 PM2.5 |   5.56 |   5.89 |   6.42 |   5.89 |I I 
06:03-Wed-Apr-12-2017 PM10  |  10.20 |  10.20 |  11.14 |   9.38 |I I 
06:03-Wed-Apr-12-2017 PM2.5 |   5.62 |   5.62 |   6.42 |   5.89 |I I 
06:04-Wed-Apr-12-2017 PM10  |  10.20 |  10.20 |  11.14 |   9.38 |I I 
06:04-Wed-Apr-12-2017 PM2.5 |   5.62 |   5.62 |   6.42 |   5.89 |I I 
06:08-Wed-Apr-12-2017 PM10  |  10.70 |  10.37 |  11.14 |   9.38 |I I 
06:08-Wed-Apr-12-2017 PM2.5 |   5.54 |   5.59 |   6.42 |   5.89 |I I 
06:09-Wed-Apr-12-2017 PM10  |  10.16 |  10.32 |  11.14 |   9.38 |I I 
06:09-Wed-Apr-12-2017 PM2.5 |   5.57 |   5.59 |   6.42 |   5.89 |I I 
06:13-Wed-Apr-12-2017 PM10  |  10.01 |  10.25 |  11.14 |   9.38 |I I 
06:13-Wed-Apr-12-2017 PM2.5 |   5.90 |   5.65 |   6.42 |   5.89 |I I 
06:14-Wed-Apr-12-2017 PM10  |   9.10 |  10.06 |  11.14 |   9.38 |I I 
06:14-Wed-Apr-12-2017 PM2.5 |   5.45 |   5.62 |   6.42 |   5.89 |I I 
06:18-Wed-Apr-12-2017 PM10  |   8.63 |   9.86 |  11.14 |   9.38 |I I 
06:18-Wed-Apr-12-2017 PM2.5 |   5.96 |   5.67 |   6.42 |   5.89 |I I 
06:19-Wed-Apr-12-2017 PM10  |   9.35 |   9.79 |  11.14 |   9.38 |I I 
06:19-Wed-Apr-12-2017 PM2.5 |   5.70 |   5.67 |   6.42 |   5.89 |I I 
06:23-Wed-Apr-12-2017 PM10  |   9.96 |   9.81 |  11.14 |   9.38 |I I 
06:23-Wed-Apr-12-2017 PM2.5 |   5.73 |   5.68 |   6.42 |   5.89 |I I 
06:24-Wed-Apr-12-2017 PM10  |  10.15 |   9.85 |  11.14 |   9.38 |I I 
06:24-Wed-Apr-12-2017 PM2.5 |   5.58 |   5.67 |   6.42 |   5.89 |I I 
06:28-Wed-Apr-12-2017 PM10  |   8.78 |   9.75 |  11.14 |   9.38 |I I 
06:28-Wed-Apr-12-2017 PM2.5 |   5.80 |   5.68 |   6.42 |   5.89 |I I 
06:30-Wed-Apr-12-2017 PM10  |   7.84 |   9.59 |  11.14 |   9.38 |I I 
06:30-Wed-Apr-12-2017 PM2.5 |   5.60 |   5.67 |   6.42 |   5.89 |I I 
06:31-Wed-Apr-12-2017 PM10  |   7.84 |   9.46 |  11.14 |   9.38 |I I 
06:31-Wed-Apr-12-2017 PM2.5 |   5.60 |   5.67 |   6.42 |   5.89 |I I 
06:35-Wed-Apr-12-2017 PM10  |  10.08 |   9.50 |  11.14 |   9.38 |I I 
06:35-Wed-Apr-12-2017 PM2.5 |   5.65 |   5.66 |   6.42 |   5.89 |I I 
06:36-Wed-Apr-12-2017 PM10  |   7.99 |   9.40 |  11.14 |   9.38 |I I 
06:36-Wed-Apr-12-2017 PM2.5 |   5.27 |   5.64 |   6.42 |   5.89 |I I 
06:40-Wed-Apr-12-2017 PM10  |   9.74 |   9.42 |  11.14 |   9.38 |I I 
06:40-Wed-Apr-12-2017 PM2.5 |   5.67 |   5.64 |   6.42 |   5.89 |I I 
06:41-Wed-Apr-12-2017 PM10  |  10.26 |   9.47 |  11.14 |   9.38 |I I 
06:41-Wed-Apr-12-2017 PM2.5 |   5.30 |   5.62 |   6.42 |   5.89 |I I 
06:45-Wed-Apr-12-2017 PM10  |   7.48 |   9.36 |  11.14 |   9.38 |I I 
06:45-Wed-Apr-12-2017 PM2.5 |   5.40 |   5.61 |   6.42 |   5.89 |I I 
06:46-Wed-Apr-12-2017 PM10  |  10.90 |   9.44 |  11.14 |   9.38 |I I 
06:46-Wed-Apr-12-2017 PM2.5 |   5.55 |   5.61 |   6.42 |   5.89 |I I 
06:50-Wed-Apr-12-2017 PM10  |   8.87 |   9.41 |  11.14 |   9.38 |I I 
06:50-Wed-Apr-12-2017 PM2.5 |   5.52 |   5.60 |   6.42 |   5.89 |I I 
06:51-Wed-Apr-12-2017 PM10  |   9.92 |   9.44 |  11.14 |   9.38 |I I 
06:51-Wed-Apr-12-2017 PM2.5 |   5.76 |   5.61 |   6.42 |   5.89 |I I 
06:55-Wed-Apr-12-2017 PM10  |  11.27 |   9.52 |  11.14 |   9.38 |I I 
06:55-Wed-Apr-12-2017 PM2.5 |   6.03 |   5.63 |   6.42 |   5.89 |I I 
06:56-Wed-Apr-12-2017 PM10  |   8.81 |   9.49 |  11.14 |   9.38 |I I 
06:56-Wed-Apr-12-2017 PM2.5 |   5.25 |   5.61 |   6.42 |   5.89 |I I 
06:57-Wed-Apr-12-2017 PM10  |   8.81 |   9.46 |  11.14 |   9.38 |I I 
06:57-Wed-Apr-12-2017 PM2.5 |   5.25 |   5.60 |   6.42 |   5.89 |I I 
07:01-Wed-Apr-12-2017 PM10  |  11.91 |   9.56 |  11.14 |   9.38 |I I 
07:01-Wed-Apr-12-2017 PM2.5 |   5.43 |   5.59 |   6.42 |   5.59 |I I 
07:02-Wed-Apr-12-2017 PM10  |  10.90 |  10.90 |  11.14 |   9.38 |I I 
07:02-Wed-Apr-12-2017 PM2.5 |   5.88 |   5.88 |   6.42 |   5.59 |I I 
07:06-Wed-Apr-12-2017 PM10  |  10.25 |  10.57 |  11.14 |   9.38 |I I 
07:06-Wed-Apr-12-2017 PM2.5 |   5.75 |   5.82 |   6.42 |   5.59 |I I 
07:07-Wed-Apr-12-2017 PM10  |  15.13 |  12.09 |  11.14 |   9.38 |I I 
07:07-Wed-Apr-12-2017 PM2.5 |   6.33 |   5.99 |   6.42 |   5.59 |I I 
07:11-Wed-Apr-12-2017 PM10  |  13.20 |  12.37 |  11.14 |   9.38 |I I 
07:11-Wed-Apr-12-2017 PM2.5 |   5.81 |   5.94 |   6.42 |   5.59 |I I 
07:12-Wed-Apr-12-2017 PM10  |  11.22 |  12.14 |  11.14 |   9.38 |I I 
07:12-Wed-Apr-12-2017 PM2.5 |   5.41 |   5.84 |   6.42 |   5.59 |I I 
07:16-Wed-Apr-12-2017 PM10  |   9.95 |  11.77 |  11.14 |   9.38 |I I 
07:16-Wed-Apr-12-2017 PM2.5 |   5.61 |   5.80 |   6.42 |   5.59 |I I 
07:17-Wed-Apr-12-2017 PM10  |  12.04 |  11.81 |  11.14 |   9.38 |I I 
07:17-Wed-Apr-12-2017 PM2.5 |   5.87 |   5.81 |   6.42 |   5.59 |I I 
07:21-Wed-Apr-12-2017 PM10  |  13.13 |  11.98 |  11.14 |   9.38 |I I 
07:21-Wed-Apr-12-2017 PM2.5 |   6.02 |   5.84 |   6.42 |   5.59 |I I 
07:22-Wed-Apr-12-2017 PM10  |  13.13 |  12.10 |  11.14 |   9.38 |I I 
07:22-Wed-Apr-12-2017 PM2.5 |   6.02 |   5.86 |   6.42 |   5.59 |I I 
07:23-Wed-Apr-12-2017 PM10  |  13.55 |  12.25 |  11.14 |   9.38 |I I 
07:23-Wed-Apr-12-2017 PM2.5 |   6.04 |   5.88 |   6.42 |   5.59 |I I 
07:27-Wed-Apr-12-2017 PM10  |  12.77 |  12.30 |  11.14 |   9.38 |I I 
07:27-Wed-Apr-12-2017 PM2.5 |   5.94 |   5.88 |   6.42 |   5.59 |I I 
07:28-Wed-Apr-12-2017 PM10  |  11.44 |  12.22 |  11.14 |   9.38 |I I 
07:28-Wed-Apr-12-2017 PM2.5 |   5.42 |   5.84 |   6.42 |   5.59 |I I 
07:32-Wed-Apr-12-2017 PM10  |  13.36 |  12.31 |  11.14 |   9.38 |I I 
07:32-Wed-Apr-12-2017 PM2.5 |   5.93 |   5.85 |   6.42 |   5.59 |I I 
07:33-Wed-Apr-12-2017 PM10  |  11.63 |  12.26 |  11.14 |   9.38 |I I 
07:33-Wed-Apr-12-2017 PM2.5 |   6.13 |   5.87 |   6.42 |   5.59 |I I 
07:37-Wed-Apr-12-2017 PM10  |  12.19 |  12.26 |  11.14 |   9.38 |I I 
07:37-Wed-Apr-12-2017 PM2.5 |   6.14 |   5.89 |   6.42 |   5.59 |I I 
07:38-Wed-Apr-12-2017 PM10  |  12.08 |  12.25 |  11.14 |   9.38 |I I 
07:38-Wed-Apr-12-2017 PM2.5 |   5.54 |   5.87 |   6.42 |   5.59 |I I 
07:42-Wed-Apr-12-2017 PM10  |  12.67 |  12.27 |  11.14 |   9.38 |I I 
07:42-Wed-Apr-12-2017 PM2.5 |   5.76 |   5.86 |   6.42 |   5.59 |I I 
07:43-Wed-Apr-12-2017 PM10  |   9.44 |  12.12 |  11.14 |   9.38 |I I 
07:43-Wed-Apr-12-2017 PM2.5 |   5.67 |   5.85 |   6.42 |   5.59 |I I 
07:47-Wed-Apr-12-2017 PM10  |  10.04 |  12.01 |  11.14 |   9.38 |I I 
07:47-Wed-Apr-12-2017 PM2.5 |   5.91 |   5.85 |   6.42 |   5.59 |I I 
07:48-Wed-Apr-12-2017 PM10  |  10.04 |  11.91 |  11.14 |   9.38 |I I 
07:48-Wed-Apr-12-2017 PM2.5 |   5.91 |   5.86 |   6.42 |   5.59 |I I 
07:49-Wed-Apr-12-2017 PM10  |  12.01 |  11.91 |  11.14 |   9.38 |I I 
07:49-Wed-Apr-12-2017 PM2.5 |   5.84 |   5.86 |   6.42 |   5.59 |I I 
07:53-Wed-Apr-12-2017 PM10  |  10.91 |  11.87 |  11.14 |   9.38 |I I 
07:53-Wed-Apr-12-2017 PM2.5 |   5.61 |   5.84 |   6.42 |   5.59 |I I 
07:54-Wed-Apr-12-2017 PM10  |  14.24 |  11.97 |  11.14 |   9.38 |I I 
07:54-Wed-Apr-12-2017 PM2.5 |   5.72 |   5.84 |   6.42 |   5.59 |I I 
07:58-Wed-Apr-12-2017 PM10  |  10.94 |  11.93 |  11.14 |   9.38 |I I 
07:58-Wed-Apr-12-2017 PM2.5 |   5.52 |   5.83 |   6.42 |   5.59 |I I 
07:59-Wed-Apr-12-2017 PM10  |  10.27 |  11.86 |  11.14 |   9.38 |I I 
07:59-Wed-Apr-12-2017 PM2.5 |   5.54 |   5.81 |   6.42 |   5.59 |I I 
08:03-Wed-Apr-12-2017 PM10  |  13.28 |  11.92 |  11.92 |   9.38 |I I 
08:03-Wed-Apr-12-2017 PM2.5 |   5.57 |   5.80 |   6.42 |   5.59 |I I 
08:04-Wed-Apr-12-2017 PM10  |  11.80 |  11.80 |  11.92 |   9.38 |I I 
08:04-Wed-Apr-12-2017 PM2.5 |   5.64 |   5.64 |   6.42 |   5.59 |I I 
08:08-Wed-Apr-12-2017 PM10  |  11.55 |  11.68 |  11.92 |   9.38 |I I 
08:08-Wed-Apr-12-2017 PM2.5 |   5.54 |   5.59 |   6.42 |   5.59 |I I 
08:09-Wed-Apr-12-2017 PM10  |   9.55 |  10.97 |  11.92 |   9.38 |I I 
08:09-Wed-Apr-12-2017 PM2.5 |   5.43 |   5.54 |   6.42 |   5.59 |I I 
08:13-Wed-Apr-12-2017 PM10  |  11.91 |  11.20 |  11.92 |   9.38 |I I 
08:13-Wed-Apr-12-2017 PM2.5 |   5.61 |   5.55 |   6.42 |   5.59 |I I 
08:14-Wed-Apr-12-2017 PM10  |  11.91 |  11.35 |  11.92 |   9.38 |I I 
08:14-Wed-Apr-12-2017 PM2.5 |   5.61 |   5.56 |   6.42 |   5.59 |I I 
08:15-Wed-Apr-12-2017 PM10  |  10.44 |  11.19 |  11.92 |   9.38 |I I 
08:15-Wed-Apr-12-2017 PM2.5 |   5.33 |   5.53 |   6.42 |   5.59 |I I 
08:19-Wed-Apr-12-2017 PM10  |  11.06 |  11.18 |  11.92 |   9.38 |I I 
08:19-Wed-Apr-12-2017 PM2.5 |   5.55 |   5.53 |   6.42 |   5.59 |I I 
08:20-Wed-Apr-12-2017 PM10  |  10.53 |  11.10 |  11.92 |   9.38 |I I 
08:20-Wed-Apr-12-2017 PM2.5 |   5.56 |   5.53 |   6.42 |   5.59 |I I 
08:24-Wed-Apr-12-2017 PM10  |   9.81 |  10.95 |  11.92 |   9.38 |I I 
08:24-Wed-Apr-12-2017 PM2.5 |   5.41 |   5.52 |   6.42 |   5.59 |I I 
08:25-Wed-Apr-12-2017 PM10  |  10.33 |  10.89 |  11.92 |   9.38 |I I 
08:25-Wed-Apr-12-2017 PM2.5 |   5.20 |   5.49 |   6.42 |   5.59 |I I 
08:29-Wed-Apr-12-2017 PM10  |  11.27 |  10.92 |  11.92 |   9.38 |I I 
08:29-Wed-Apr-12-2017 PM2.5 |   5.73 |   5.51 |   6.42 |   5.59 |I I 
08:30-Wed-Apr-12-2017 PM10  |   7.85 |  10.67 |  11.92 |   9.38 |I I 
08:30-Wed-Apr-12-2017 PM2.5 |   5.15 |   5.48 |   6.42 |   5.59 |I I 
08:34-Wed-Apr-12-2017 PM10  |  11.50 |  10.73 |  11.92 |   9.38 |I I 
08:34-Wed-Apr-12-2017 PM2.5 |   5.53 |   5.48 |   6.42 |   5.59 |I I 
08:35-Wed-Apr-12-2017 PM10  |   9.72 |  10.66 |  11.92 |   9.38 |I I 
08:35-Wed-Apr-12-2017 PM2.5 |   5.24 |   5.47 |   6.42 |   5.59 |I I 
08:39-Wed-Apr-12-2017 PM10  |   9.43 |  10.58 |  11.92 |   9.38 |I I 
08:39-Wed-Apr-12-2017 PM2.5 |   5.35 |   5.46 |   6.42 |   5.59 |I I 
08:40-Wed-Apr-12-2017 PM10  |   9.43 |  10.51 |  11.92 |   9.38 |I I 
08:40-Wed-Apr-12-2017 PM2.5 |   5.35 |   5.45 |   6.42 |   5.59 |I I 
08:41-Wed-Apr-12-2017 PM10  |   9.72 |  10.46 |  11.92 |   9.38 |I I 
08:41-Wed-Apr-12-2017 PM2.5 |   5.03 |   5.43 |   6.42 |   5.59 |I I 
08:45-Wed-Apr-12-2017 PM10  |   8.41 |  10.35 |  11.92 |   9.38 |I I 
08:45-Wed-Apr-12-2017 PM2.5 |   5.11 |   5.41 |   6.42 |   5.59 |I I 
08:46-Wed-Apr-12-2017 PM10  |   8.56 |  10.25 |  11.92 |   9.38 |I I 
08:46-Wed-Apr-12-2017 PM2.5 |   5.06 |   5.39 |   6.42 |   5.59 |I I 
08:50-Wed-Apr-12-2017 PM10  |  11.49 |  10.31 |  11.92 |   9.38 |I I 
08:50-Wed-Apr-12-2017 PM2.5 |   5.43 |   5.39 |   6.42 |   5.59 |I I 
08:51-Wed-Apr-12-2017 PM10  |   8.87 |  10.25 |  11.92 |   9.38 |I I 
08:51-Wed-Apr-12-2017 PM2.5 |   5.39 |   5.39 |   6.42 |   5.59 |I I 
08:55-Wed-Apr-12-2017 PM10  |   8.78 |  10.18 |  11.92 |   9.38 |I I 
08:55-Wed-Apr-12-2017 PM2.5 |   5.44 |   5.39 |   6.42 |   5.59 |I I 
08:56-Wed-Apr-12-2017 PM10  |   9.88 |  10.17 |  11.92 |   9.38 |I I 
08:56-Wed-Apr-12-2017 PM2.5 |   5.13 |   5.38 |   6.42 |   5.59 |I I 
09:00-Wed-Apr-12-2017 PM10  |   9.16 |  10.12 |  11.92 |   9.38 |I I 
09:00-Wed-Apr-12-2017 PM2.5 |   5.22 |   5.38 |   6.42 |   5.38 |I I 
09:01-Wed-Apr-12-2017 PM10  |   7.85 |   7.85 |  11.92 |   9.38 |I I 
09:01-Wed-Apr-12-2017 PM2.5 |   4.96 |   4.96 |   6.42 |   5.38 |I I 
09:05-Wed-Apr-12-2017 PM10  |   9.23 |   8.54 |  11.92 |   9.38 |I I 
09:05-Wed-Apr-12-2017 PM2.5 |   5.69 |   5.32 |   6.42 |   5.38 |I I 
09:06-Wed-Apr-12-2017 PM10  |   9.23 |   8.77 |  11.92 |   9.38 |I I 
09:06-Wed-Apr-12-2017 PM2.5 |   5.69 |   5.45 |   6.42 |   5.38 |I I 
09:07-Wed-Apr-12-2017 PM10  |   8.30 |   8.65 |  11.92 |   9.38 |I I 
09:07-Wed-Apr-12-2017 PM2.5 |   5.12 |   5.36 |   6.42 |   5.38 |I I 
09:11-Wed-Apr-12-2017 PM10  |   8.77 |   8.68 |  11.92 |   9.38 |I I 
09:11-Wed-Apr-12-2017 PM2.5 |   5.44 |   5.38 |   6.42 |   5.38 |I I 
09:12-Wed-Apr-12-2017 PM10  |   8.86 |   8.71 |  11.92 |   9.38 |I I 
09:12-Wed-Apr-12-2017 PM2.5 |   5.10 |   5.33 |   6.42 |   5.38 |I I 
09:16-Wed-Apr-12-2017 PM10  |  10.23 |   8.93 |  11.92 |   9.38 |I I 
09:16-Wed-Apr-12-2017 PM2.5 |   5.35 |   5.34 |   6.42 |   5.38 |I I 
09:17-Wed-Apr-12-2017 PM10  |   7.51 |   8.75 |  11.92 |   9.38 |I I 
09:17-Wed-Apr-12-2017 PM2.5 |   5.30 |   5.33 |   6.42 |   5.38 |I I 
09:21-Wed-Apr-12-2017 PM10  |   8.29 |   8.70 |  11.92 |   9.38 |I I 
09:21-Wed-Apr-12-2017 PM2.5 |   5.25 |   5.32 |   6.42 |   5.38 |I I 
09:22-Wed-Apr-12-2017 PM10  |   8.95 |   8.72 |  11.92 |   9.38 |I I 
09:22-Wed-Apr-12-2017 PM2.5 |   4.92 |   5.28 |   6.42 |   5.38 |I I 
09:26-Wed-Apr-12-2017 PM10  |  11.36 |   8.96 |  11.92 |   9.38 |I I 
09:26-Wed-Apr-12-2017 PM2.5 |   5.26 |   5.28 |   6.42 |   5.38 |I I 
09:27-Wed-Apr-12-2017 PM10  |   7.83 |   8.87 |  11.92 |   9.38 |I I 
09:27-Wed-Apr-12-2017 PM2.5 |   5.38 |   5.29 |   6.42 |   5.38 |I I 
09:31-Wed-Apr-12-2017 PM10  |  11.36 |   9.06 |  11.92 |   9.38 |I I 
09:31-Wed-Apr-12-2017 PM2.5 |   5.60 |   5.31 |   6.42 |   5.38 |I I 
09:32-Wed-Apr-12-2017 PM10  |  11.36 |   9.22 |  11.92 |   9.38 |I I 
09:32-Wed-Apr-12-2017 PM2.5 |   5.60 |   5.33 |   6.42 |   5.38 |I I 
09:33-Wed-Apr-12-2017 PM10  |   8.65 |   9.19 |  11.92 |   9.38 |I I 
09:33-Wed-Apr-12-2017 PM2.5 |   5.70 |   5.36 |   6.42 |   5.38 |I I 
09:37-Wed-Apr-12-2017 PM10  |   8.15 |   9.12 |  11.92 |   9.38 |I I 
09:37-Wed-Apr-12-2017 PM2.5 |   5.29 |   5.35 |   6.42 |   5.38 |I I 
09:38-Wed-Apr-12-2017 PM10  |   7.81 |   9.04 |  11.92 |   9.38 |I I 
09:38-Wed-Apr-12-2017 PM2.5 |   5.45 |   5.36 |   6.42 |   5.38 |I I 
09:42-Wed-Apr-12-2017 PM10  |   8.68 |   9.02 |  11.92 |   9.38 |I I 
09:42-Wed-Apr-12-2017 PM2.5 |   5.52 |   5.37 |   6.42 |   5.38 |I I 
09:44-Wed-Apr-12-2017 PM10  |   8.32 |   8.99 |  11.92 |   9.38 |I I 
09:44-Wed-Apr-12-2017 PM2.5 |   5.29 |   5.36 |   6.42 |   5.38 |I I 
09:48-Wed-Apr-12-2017 PM10  |   8.48 |   8.96 |  11.92 |   9.38 |I I 
09:48-Wed-Apr-12-2017 PM2.5 |   5.18 |   5.35 |   6.42 |   5.38 |I I 
09:49-Wed-Apr-12-2017 PM10  |   7.63 |   8.90 |  11.92 |   9.38 |I I 
09:49-Wed-Apr-12-2017 PM2.5 |   4.89 |   5.33 |   6.42 |   5.38 |I I 
09:53-Wed-Apr-12-2017 PM10  |   7.75 |   8.85 |  11.92 |   9.38 |I I 
09:53-Wed-Apr-12-2017 PM2.5 |   5.19 |   5.32 |   6.42 |   5.38 |I I 
09:54-Wed-Apr-12-2017 PM10  |   7.08 |   8.77 |  11.92 |   9.38 |I I 
09:54-Wed-Apr-12-2017 PM2.5 |   4.81 |   5.30 |   6.42 |   5.38 |I I 
09:58-Wed-Apr-12-2017 PM10  |   9.09 |   8.78 |  11.92 |   9.38 |I I 
09:58-Wed-Apr-12-2017 PM2.5 |   5.04 |   5.29 |   6.42 |   5.38 |I I 
09:59-Wed-Apr-12-2017 PM10  |   9.09 |   8.80 |  11.92 |   9.38 |I I 
09:59-Wed-Apr-12-2017 PM2.5 |   5.04 |   5.28 |   6.42 |   5.38 |I I 
10:00-Wed-Apr-12-2017 PM10  |   7.25 |   8.74 |  11.92 |   8.74 |I I 
10:00-Wed-Apr-12-2017 PM2.5 |   5.07 |   5.27 |   6.42 |   5.27 |I I 
10:04-Wed-Apr-12-2017 PM10  |   8.23 |   8.23 |  11.92 |   8.74 |I I 
10:04-Wed-Apr-12-2017 PM2.5 |   5.25 |   5.25 |   6.42 |   5.27 |I I 
10:05-Wed-Apr-12-2017 PM10  |  11.23 |   9.73 |  11.92 |   8.74 |I I 
10:05-Wed-Apr-12-2017 PM2.5 |   5.74 |   5.50 |   6.42 |   5.27 |I I 
10:09-Wed-Apr-12-2017 PM10  |  10.91 |  10.12 |  11.92 |   8.74 |I I 
10:09-Wed-Apr-12-2017 PM2.5 |   5.45 |   5.48 |   6.42 |   5.27 |I I 
10:10-Wed-Apr-12-2017 PM10  |   9.11 |   9.87 |  11.92 |   8.74 |I I 
10:10-Wed-Apr-12-2017 PM2.5 |   5.20 |   5.41 |   6.42 |   5.27 |I I 
10:14-Wed-Apr-12-2017 PM10  |   8.28 |   9.55 |  11.92 |   8.74 |I I 
10:14-Wed-Apr-12-2017 PM2.5 |   5.13 |   5.35 |   6.42 |   5.27 |I I 
10:15-Wed-Apr-12-2017 PM10  |   7.92 |   9.28 |  11.92 |   8.74 |I I 
10:15-Wed-Apr-12-2017 PM2.5 |   4.99 |   5.29 |   6.42 |   5.27 |I I 
10:19-Wed-Apr-12-2017 PM10  |   8.25 |   9.13 |  11.92 |   8.74 |I I 
10:19-Wed-Apr-12-2017 PM2.5 |   5.06 |   5.26 |   6.42 |   5.27 |I I 
10:20-Wed-Apr-12-2017 PM10  |   9.92 |   9.23 |  11.92 |   8.74 |I I 
10:20-Wed-Apr-12-2017 PM2.5 |   5.24 |   5.26 |   6.42 |   5.27 |I I 
10:24-Wed-Apr-12-2017 PM10  |   8.14 |   9.11 |  11.92 |   8.74 |I I 
10:24-Wed-Apr-12-2017 PM2.5 |   5.04 |   5.23 |   6.42 |   5.27 |I I 
10:25-Wed-Apr-12-2017 PM10  |   8.14 |   9.01 |  11.92 |   8.74 |I I 
10:25-Wed-Apr-12-2017 PM2.5 |   5.04 |   5.21 |   6.42 |   5.27 |I I 
10:26-Wed-Apr-12-2017 PM10  |   8.25 |   8.94 |  11.92 |   8.74 |I I 
10:26-Wed-Apr-12-2017 PM2.5 |   5.57 |   5.25 |   6.42 |   5.27 |I I 
10:30-Wed-Apr-12-2017 PM10  |   8.00 |   8.86 |  11.92 |   8.74 |I I 
10:30-Wed-Apr-12-2017 PM2.5 |   5.50 |   5.27 |   6.42 |   5.27 |I I 
10:31-Wed-Apr-12-2017 PM10  |   7.10 |   8.73 |  11.92 |   8.74 |I I 
10:31-Wed-Apr-12-2017 PM2.5 |   5.01 |   5.25 |   6.42 |   5.27 |I I 
10:35-Wed-Apr-12-2017 PM10  |   7.60 |   8.65 |  11.92 |   8.74 |I I 
10:35-Wed-Apr-12-2017 PM2.5 |   5.06 |   5.23 |   6.42 |   5.27 |I I 
10:36-Wed-Apr-12-2017 PM10  |   7.41 |   8.57 |  11.92 |   8.74 |I I 
10:36-Wed-Apr-12-2017 PM2.5 |   4.92 |   5.21 |   6.42 |   5.27 |I I 
10:40-Wed-Apr-12-2017 PM10  |   7.40 |   8.49 |  11.92 |   8.74 |I I 
10:40-Wed-Apr-12-2017 PM2.5 |   4.75 |   5.18 |   6.42 |   5.27 |I I 
10:41-Wed-Apr-12-2017 PM10  |   7.01 |   8.41 |  11.92 |   8.74 |I I 
10:41-Wed-Apr-12-2017 PM2.5 |   4.94 |   5.17 |   6.42 |   5.27 |I I 
10:45-Wed-Apr-12-2017 PM10  |   7.70 |   8.37 |  11.92 |   8.74 |I I 
10:45-Wed-Apr-12-2017 PM2.5 |   5.06 |   5.16 |   6.42 |   5.27 |I I 
10:46-Wed-Apr-12-2017 PM10  |   7.52 |   8.32 |  11.92 |   8.74 |I I 
10:46-Wed-Apr-12-2017 PM2.5 |   4.96 |   5.15 |   6.42 |   5.27 |I I 
10:50-Wed-Apr-12-2017 PM10  |   9.27 |   8.37 |  11.92 |   8.74 |I I 
10:50-Wed-Apr-12-2017 PM2.5 |   5.08 |   5.15 |   6.42 |   5.27 |I I 
10:51-Wed-Apr-12-2017 PM10  |   9.27 |   8.41 |  11.92 |   8.74 |I I 
10:51-Wed-Apr-12-2017 PM2.5 |   5.08 |   5.15 |   6.42 |   5.27 |I I 
10:52-Wed-Apr-12-2017 PM10  |   8.71 |   8.43 |  11.92 |   8.74 |I I 
10:52-Wed-Apr-12-2017 PM2.5 |   5.13 |   5.15 |   6.42 |   5.27 |I I 
10:56-Wed-Apr-12-2017 PM10  |   8.44 |   8.43 |  11.92 |   8.74 |I I 
10:56-Wed-Apr-12-2017 PM2.5 |   5.14 |   5.14 |   6.42 |   5.27 |I I 
10:57-Wed-Apr-12-2017 PM10  |   8.80 |   8.44 |  11.92 |   8.74 |I I 
10:57-Wed-Apr-12-2017 PM2.5 |   5.02 |   5.14 |   6.42 |   5.27 |I I 
11:01-Wed-Apr-12-2017 PM10  |   9.21 |   8.47 |  11.92 |   8.47 |I I 
11:01-Wed-Apr-12-2017 PM2.5 |   5.20 |   5.14 |   6.42 |   5.14 |I I 
11:02-Wed-Apr-12-2017 PM10  |   8.07 |   8.07 |  11.92 |   8.47 |I I 
11:02-Wed-Apr-12-2017 PM2.5 |   4.69 |   4.69 |   6.42 |   5.14 |I I 
11:06-Wed-Apr-12-2017 PM10  |   6.49 |   7.28 |  11.92 |   8.47 |I I 
11:06-Wed-Apr-12-2017 PM2.5 |   4.73 |   4.71 |   6.42 |   5.14 |I I 
11:07-Wed-Apr-12-2017 PM10  |   6.43 |   7.00 |  11.92 |   8.47 |I I 
11:07-Wed-Apr-12-2017 PM2.5 |   4.70 |   4.71 |   6.42 |   5.14 |I I 
11:11-Wed-Apr-12-2017 PM10  |   8.21 |   7.30 |  11.92 |   8.47 |I I 
11:11-Wed-Apr-12-2017 PM2.5 |   5.03 |   4.79 |   6.42 |   5.14 |I I 
11:12-Wed-Apr-12-2017 PM10  |   8.36 |   7.51 |  11.92 |   8.47 |I I 
11:12-Wed-Apr-12-2017 PM2.5 |   4.97 |   4.82 |   6.42 |   5.14 |I I 
11:16-Wed-Apr-12-2017 PM10  |   8.99 |   7.76 |  11.92 |   8.47 |I I 
11:16-Wed-Apr-12-2017 PM2.5 |   4.99 |   4.85 |   6.42 |   5.14 |I I 
11:17-Wed-Apr-12-2017 PM10  |   7.73 |   7.76 |  11.92 |   8.47 |I I 
11:17-Wed-Apr-12-2017 PM2.5 |   4.56 |   4.81 |   6.42 |   5.14 |I I 
11:18-Wed-Apr-12-2017 PM10  |   7.73 |   7.75 |  11.92 |   8.47 |I I 
11:18-Wed-Apr-12-2017 PM2.5 |   4.56 |   4.78 |   6.42 |   5.14 |I I 
11:22-Wed-Apr-12-2017 PM10  |   7.64 |   7.74 |  11.92 |   8.47 |I I 
11:22-Wed-Apr-12-2017 PM2.5 |   4.90 |   4.79 |   6.42 |   5.14 |I I 
11:23-Wed-Apr-12-2017 PM10  |   6.01 |   7.57 |  11.92 |   8.47 |I I 
11:23-Wed-Apr-12-2017 PM2.5 |   4.59 |   4.77 |   6.42 |   5.14 |I I 
11:27-Wed-Apr-12-2017 PM10  |   7.00 |   7.52 |  11.92 |   8.47 |I I 
11:27-Wed-Apr-12-2017 PM2.5 |   4.87 |   4.78 |   6.42 |   5.14 |I I 
11:28-Wed-Apr-12-2017 PM10  |   8.76 |   7.62 |  11.92 |   8.47 |I I 
11:28-Wed-Apr-12-2017 PM2.5 |   5.12 |   4.81 |   6.42 |   5.14 |I I 
11:32-Wed-Apr-12-2017 PM10  |   8.21 |   7.67 |  11.92 |   8.47 |I I 
11:32-Wed-Apr-12-2017 PM2.5 |   4.99 |   4.82 |   6.42 |   5.14 |I I 
11:33-Wed-Apr-12-2017 PM10  |   6.82 |   7.61 |  11.92 |   8.47 |I I 
11:33-Wed-Apr-12-2017 PM2.5 |   4.66 |   4.81 |   6.42 |   5.14 |I I 
11:37-Wed-Apr-12-2017 PM10  |   7.87 |   7.62 |  11.92 |   8.47 |I I 
11:37-Wed-Apr-12-2017 PM2.5 |   4.67 |   4.80 |   6.42 |   5.14 |I I 
11:38-Wed-Apr-12-2017 PM10  |   8.72 |   7.69 |  11.92 |   8.47 |I I 
11:38-Wed-Apr-12-2017 PM2.5 |   4.84 |   4.80 |   6.42 |   5.14 |I I 
11:42-Wed-Apr-12-2017 PM10  |   6.96 |   7.65 |  11.92 |   8.47 |I I 
11:42-Wed-Apr-12-2017 PM2.5 |   4.60 |   4.79 |   6.42 |   5.14 |I I 
11:43-Wed-Apr-12-2017 PM10  |   6.96 |   7.61 |  11.92 |   8.47 |I I 
11:43-Wed-Apr-12-2017 PM2.5 |   4.60 |   4.78 |   6.42 |   5.14 |I I 
11:44-Wed-Apr-12-2017 PM10  |   5.87 |   7.52 |  11.92 |   8.47 |I I 
11:44-Wed-Apr-12-2017 PM2.5 |   4.48 |   4.77 |   6.42 |   5.14 |I I 
11:48-Wed-Apr-12-2017 PM10  |   6.97 |   7.49 |  11.92 |   8.47 |I I 
11:48-Wed-Apr-12-2017 PM2.5 |   4.74 |   4.76 |   6.42 |   5.14 |I I 
11:49-Wed-Apr-12-2017 PM10  |   7.41 |   7.49 |  11.92 |   8.47 |I I 
11:49-Wed-Apr-12-2017 PM2.5 |   4.45 |   4.75 |   6.42 |   5.14 |I I 
11:53-Wed-Apr-12-2017 PM10  |   6.29 |   7.43 |  11.92 |   8.47 |I I 
11:53-Wed-Apr-12-2017 PM2.5 |   4.66 |   4.75 |   6.42 |   5.14 |I I 
11:54-Wed-Apr-12-2017 PM10  |   7.91 |   7.45 |  11.92 |   8.47 |I I 
11:54-Wed-Apr-12-2017 PM2.5 |   4.99 |   4.76 |   6.42 |   5.14 |I I 
11:58-Wed-Apr-12-2017 PM10  |   8.37 |   7.49 |  11.92 |   8.47 |I I 
11:58-Wed-Apr-12-2017 PM2.5 |   4.68 |   4.75 |   6.42 |   5.14 |I I 
11:59-Wed-Apr-12-2017 PM10  |   8.05 |   7.51 |  11.92 |   8.47 |I I 
11:59-Wed-Apr-12-2017 PM2.5 |   4.78 |   4.75 |   6.42 |   5.14 |I I 
12:03-Wed-Apr-12-2017 PM10  |   6.67 |   7.48 |  11.92 |   7.48 |I I 
12:03-Wed-Apr-12-2017 PM2.5 |   4.92 |   4.76 |   6.42 |   4.76 |I I 
12:04-Wed-Apr-12-2017 PM10  |   8.02 |   8.02 |  11.92 |   7.48 |I I 
12:04-Wed-Apr-12-2017 PM2.5 |   4.76 |   4.76 |   6.42 |   4.76 |I I 
12:08-Wed-Apr-12-2017 PM10  |   6.30 |   7.16 |  11.92 |   7.48 |I I 
12:08-Wed-Apr-12-2017 PM2.5 |   4.81 |   4.78 |   6.42 |   4.76 |I I 
12:09-Wed-Apr-12-2017 PM10  |   6.30 |   6.87 |  11.92 |   7.48 |I I 
12:09-Wed-Apr-12-2017 PM2.5 |   4.81 |   4.79 |   6.42 |   4.76 |I I 
12:10-Wed-Apr-12-2017 PM10  |   7.36 |   7.00 |  11.92 |   7.48 |I I 
12:10-Wed-Apr-12-2017 PM2.5 |   4.89 |   4.82 |   6.42 |   4.76 |I I 
12:14-Wed-Apr-12-2017 PM10  |   7.80 |   7.16 |  11.92 |   7.48 |I I 
12:14-Wed-Apr-12-2017 PM2.5 |   4.70 |   4.80 |   6.42 |   4.76 |I I 
12:15-Wed-Apr-12-2017 PM10  |   7.50 |   7.21 |  11.92 |   7.48 |I I 
12:15-Wed-Apr-12-2017 PM2.5 |   4.53 |   4.75 |   6.42 |   4.76 |I I 
12:19-Wed-Apr-12-2017 PM10  |   7.95 |   7.32 |  11.92 |   7.48 |I I 
12:19-Wed-Apr-12-2017 PM2.5 |   4.66 |   4.74 |   6.42 |   4.76 |I I 
12:20-Wed-Apr-12-2017 PM10  |   5.72 |   7.12 |  11.92 |   7.48 |I I 
12:20-Wed-Apr-12-2017 PM2.5 |   4.17 |   4.67 |   6.42 |   4.76 |I I 
12:24-Wed-Apr-12-2017 PM10  |   6.34 |   7.03 |  11.92 |   7.48 |I I 
12:24-Wed-Apr-12-2017 PM2.5 |   4.48 |   4.65 |   6.42 |   4.76 |I I 
12:25-Wed-Apr-12-2017 PM10  |   8.14 |   7.14 |  11.92 |   7.48 |I I 
12:25-Wed-Apr-12-2017 PM2.5 |   4.34 |   4.62 |   6.42 |   4.76 |I I 
12:29-Wed-Apr-12-2017 PM10  |   8.27 |   7.25 |  11.92 |   7.48 |I I 
12:29-Wed-Apr-12-2017 PM2.5 |   4.99 |   4.65 |   6.42 |   4.76 |I I 
12:30-Wed-Apr-12-2017 PM10  |   7.91 |   7.30 |  11.92 |   7.48 |I I 
12:30-Wed-Apr-12-2017 PM2.5 |   4.88 |   4.67 |   6.42 |   4.76 |I I 
12:34-Wed-Apr-12-2017 PM10  |   6.52 |   7.24 |  11.92 |   7.48 |I I 
12:34-Wed-Apr-12-2017 PM2.5 |   4.62 |   4.67 |   6.42 |   4.76 |I I 
12:35-Wed-Apr-12-2017 PM10  |   6.52 |   7.19 |  11.92 |   7.48 |I I 
12:35-Wed-Apr-12-2017 PM2.5 |   4.62 |   4.66 |   6.42 |   4.76 |I I 
12:36-Wed-Apr-12-2017 PM10  |   5.51 |   7.08 |  11.92 |   7.48 |I I 
12:36-Wed-Apr-12-2017 PM2.5 |   4.34 |   4.64 |   6.42 |   4.76 |I I 
12:40-Wed-Apr-12-2017 PM10  |   6.22 |   7.02 |  11.92 |   7.48 |I I 
12:40-Wed-Apr-12-2017 PM2.5 |   4.50 |   4.63 |   6.42 |   4.76 |I I 
12:41-Wed-Apr-12-2017 PM10  |   6.06 |   6.97 |  11.92 |   7.48 |I I 
12:41-Wed-Apr-12-2017 PM2.5 |   4.23 |   4.61 |   6.42 |   4.76 |I I 
12:45-Wed-Apr-12-2017 PM10  |   7.99 |   7.02 |  11.92 |   7.48 |I I 
12:45-Wed-Apr-12-2017 PM2.5 |   4.65 |   4.61 |   6.42 |   4.76 |I I 
12:46-Wed-Apr-12-2017 PM10  |   6.08 |   6.97 |  11.92 |   7.48 |I I 
12:46-Wed-Apr-12-2017 PM2.5 |   4.09 |   4.58 |   6.42 |   4.76 |I I 
12:51-Wed-Apr-12-2017 PM10  |   6.90 |   6.97 |  11.92 |   7.48 |I I 
12:51-Wed-Apr-12-2017 PM2.5 |   4.23 |   4.57 |   6.42 |   4.76 |I I 
12:52-Wed-Apr-12-2017 PM10  |   6.19 |   6.93 |  11.92 |   7.48 |I I 
12:52-Wed-Apr-12-2017 PM2.5 |   4.11 |   4.54 |   6.42 |   4.76 |I I 
12:56-Wed-Apr-12-2017 PM10  |   6.28 |   6.90 |  11.92 |   7.48 |I I 
12:56-Wed-Apr-12-2017 PM2.5 |   4.52 |   4.54 |   6.42 |   4.76 |I I 
12:57-Wed-Apr-12-2017 PM10  |   6.39 |   6.88 |  11.92 |   7.48 |I I 
12:57-Wed-Apr-12-2017 PM2.5 |   4.19 |   4.53 |   6.42 |   4.76 |I I 
13:01-Wed-Apr-12-2017 PM10  |   5.88 |   6.84 |  11.92 |   6.84 |I I 
13:01-Wed-Apr-12-2017 PM2.5 |   4.29 |   4.52 |   6.42 |   4.52 |I I 
13:02-Wed-Apr-12-2017 PM10  |   5.88 |   5.88 |  11.92 |   6.84 |I I 
13:02-Wed-Apr-12-2017 PM2.5 |   4.29 |   4.29 |   6.42 |   4.52 |I I 
13:03-Wed-Apr-12-2017 PM10  |   6.33 |   6.10 |  11.92 |   6.84 |I I 
13:03-Wed-Apr-12-2017 PM2.5 |   4.17 |   4.23 |   6.42 |   4.52 |I I 
13:07-Wed-Apr-12-2017 PM10  |   6.22 |   6.14 |  11.92 |   6.84 |I I 
13:07-Wed-Apr-12-2017 PM2.5 |   4.46 |   4.31 |   6.42 |   4.52 |I I 
13:08-Wed-Apr-12-2017 PM10  |   7.57 |   6.50 |  11.92 |   6.84 |I I 
13:08-Wed-Apr-12-2017 PM2.5 |   4.26 |   4.29 |   6.42 |   4.52 |I I 
13:12-Wed-Apr-12-2017 PM10  |   7.74 |   6.75 |  11.92 |   6.84 |I I 
13:12-Wed-Apr-12-2017 PM2.5 |   4.46 |   4.33 |   6.42 |   4.52 |I I 
13:13-Wed-Apr-12-2017 PM10  |   7.52 |   6.88 |  11.92 |   6.84 |I I 
13:13-Wed-Apr-12-2017 PM2.5 |   4.47 |   4.35 |   6.42 |   4.52 |I I 
13:17-Wed-Apr-12-2017 PM10  |   6.59 |   6.84 |  11.92 |   6.84 |I I 
13:17-Wed-Apr-12-2017 PM2.5 |   4.46 |   4.37 |   6.42 |   4.52 |I I 
13:18-Wed-Apr-12-2017 PM10  |   9.95 |   7.23 |  11.92 |   6.84 |I I 
13:18-Wed-Apr-12-2017 PM2.5 |   5.52 |   4.51 |   6.42 |   4.52 |I I 
13:22-Wed-Apr-12-2017 PM10  |   9.17 |   7.44 |  11.92 |   6.84 |I I 
13:22-Wed-Apr-12-2017 PM2.5 |   5.69 |   4.64 |   6.42 |   4.52 |I I 
13:23-Wed-Apr-12-2017 PM10  |  10.78 |   7.78 |  11.92 |   6.84 |I I 
13:23-Wed-Apr-12-2017 PM2.5 |   6.28 |   4.81 |   6.42 |   4.52 |I I 
13:27-Wed-Apr-12-2017 PM10  |  10.46 |   8.02 |  11.92 |   6.84 |I I 
13:27-Wed-Apr-12-2017 PM2.5 |   6.25 |   4.94 |   6.42 |   4.52 |I I 
13:28-Wed-Apr-12-2017 PM10  |  10.46 |   8.22 |  11.92 |   6.84 |I I 
13:28-Wed-Apr-12-2017 PM2.5 |   6.25 |   5.05 |   6.42 |   4.52 |I I 
13:29-Wed-Apr-12-2017 PM10  |   9.72 |   8.34 |  11.92 |   6.84 |I I 
13:29-Wed-Apr-12-2017 PM2.5 |   6.01 |   5.12 |   6.42 |   4.52 |I I 
13:33-Wed-Apr-12-2017 PM10  |   9.85 |   8.45 |  11.92 |   6.84 |I I 
13:33-Wed-Apr-12-2017 PM2.5 |   6.69 |   5.23 |   6.42 |   4.52 |I I 
13:34-Wed-Apr-12-2017 PM10  |  10.18 |   8.56 |  11.92 |   6.84 |I I 
13:34-Wed-Apr-12-2017 PM2.5 |   6.17 |   5.30 |   6.42 |   4.52 |I I 
13:38-Wed-Apr-12-2017 PM10  |   9.11 |   8.60 |  11.92 |   6.84 |I I 
13:38-Wed-Apr-12-2017 PM2.5 |   6.38 |   5.36 |   6.42 |   4.52 |I I 
13:39-Wed-Apr-12-2017 PM10  |   9.04 |   8.62 |  11.92 |   6.84 |I I 
13:39-Wed-Apr-12-2017 PM2.5 |   6.47 |   5.43 |   6.42 |   4.52 |I I 
13:43-Wed-Apr-12-2017 PM10  |   9.65 |   8.68 |  11.92 |   6.84 |I I 
13:43-Wed-Apr-12-2017 PM2.5 |   6.71 |   5.50 |   6.42 |   4.52 |I I 
13:44-Wed-Apr-12-2017 PM10  |  10.21 |   8.76 |  11.92 |   6.84 |I I 
13:44-Wed-Apr-12-2017 PM2.5 |   6.65 |   5.56 |   6.42 |   4.52 |I I 
13:48-Wed-Apr-12-2017 PM10  |  10.83 |   8.86 |  11.92 |   6.84 |I I 
13:48-Wed-Apr-12-2017 PM2.5 |   7.07 |   5.64 |   6.42 |   4.52 |I I 
13:49-Wed-Apr-12-2017 PM10  |   8.77 |   8.86 |  11.92 |   6.84 |I I 
13:49-Wed-Apr-12-2017 PM2.5 |   5.97 |   5.65 |   6.42 |   4.52 |I I 
13:53-Wed-Apr-12-2017 PM10  |  10.43 |   8.93 |  11.92 |   6.84 |I I 
13:53-Wed-Apr-12-2017 PM2.5 |   6.57 |   5.69 |   6.42 |   4.52 |I I 
13:54-Wed-Apr-12-2017 PM10  |   8.71 |   8.92 |  11.92 |   6.84 |I I 
13:54-Wed-Apr-12-2017 PM2.5 |   6.47 |   5.73 |   6.42 |   4.52 |I I 
13:55-Wed-Apr-12-2017 PM10  |   8.71 |   8.91 |  11.92 |   6.84 |I I 
13:55-Wed-Apr-12-2017 PM2.5 |   6.47 |   5.76 |   6.42 |   4.52 |I I 
13:59-Wed-Apr-12-2017 PM10  |   9.37 |   8.93 |  11.92 |   6.84 |I I 
13:59-Wed-Apr-12-2017 PM2.5 |   6.30 |   5.78 |   6.42 |   4.52 |I I 
14:00-Wed-Apr-12-2017 PM10  |  10.07 |   8.97 |  11.92 |   6.84 |I I 
14:00-Wed-Apr-12-2017 PM2.5 |   6.22 |   5.80 |   6.42 |   4.52 |I I 
14:04-Wed-Apr-12-2017 PM10  |  10.53 |  10.53 |  11.92 |   6.84 |I I 
14:04-Wed-Apr-12-2017 PM2.5 |   6.18 |   6.18 |   6.42 |   4.52 |I I 
14:05-Wed-Apr-12-2017 PM10  |   8.68 |   9.61 |  11.92 |   6.84 |I I 
14:05-Wed-Apr-12-2017 PM2.5 |   6.06 |   6.12 |   6.42 |   4.52 |I I 
14:09-Wed-Apr-12-2017 PM10  |   8.82 |   9.34 |  11.92 |   6.84 |I I 
14:09-Wed-Apr-12-2017 PM2.5 |   5.96 |   6.06 |   6.42 |   4.52 |I I 
14:10-Wed-Apr-12-2017 PM10  |   9.10 |   9.28 |  11.92 |   6.84 |I I 
14:10-Wed-Apr-12-2017 PM2.5 |   5.83 |   6.01 |   6.42 |   4.52 |I I 
14:14-Wed-Apr-12-2017 PM10  |   8.81 |   9.19 |  11.92 |   6.84 |I I 
14:14-Wed-Apr-12-2017 PM2.5 |   5.99 |   6.00 |   6.42 |   4.52 |I I 
14:15-Wed-Apr-12-2017 PM10  |   8.55 |   9.08 |  11.92 |   6.84 |I I 
14:15-Wed-Apr-12-2017 PM2.5 |   5.78 |   5.97 |   6.42 |   4.52 |I I 
14:19-Wed-Apr-12-2017 PM10  |   8.41 |   8.99 |  11.92 |   6.84 |I I 
14:19-Wed-Apr-12-2017 PM2.5 |   5.75 |   5.94 |   6.42 |   4.52 |I I 
14:20-Wed-Apr-12-2017 PM10  |   8.80 |   8.96 |  11.92 |   6.84 |I I 
14:20-Wed-Apr-12-2017 PM2.5 |   5.58 |   5.89 |   6.42 |   4.52 |I I 
14:21-Wed-Apr-12-2017 PM10  |   8.80 |   8.95 |  11.92 |   6.84 |I I 
14:21-Wed-Apr-12-2017 PM2.5 |   5.58 |   5.86 |   6.42 |   4.52 |I I 
14:25-Wed-Apr-12-2017 PM10  |   8.72 |   8.92 |  11.92 |   6.84 |I I 
14:25-Wed-Apr-12-2017 PM2.5 |   6.14 |   5.89 |   6.42 |   4.52 |I I 
14:26-Wed-Apr-12-2017 PM10  |   7.30 |   8.77 |  11.92 |   6.84 |I I 
14:26-Wed-Apr-12-2017 PM2.5 |   5.49 |   5.85 |   6.42 |   4.52 |I I 
14:30-Wed-Apr-12-2017 PM10  |   8.22 |   8.73 |  11.92 |   6.84 |I I 
14:30-Wed-Apr-12-2017 PM2.5 |   5.94 |   5.86 |   6.42 |   4.52 |I I 
14:31-Wed-Apr-12-2017 PM10  |   7.94 |   8.67 |  11.92 |   6.84 |I I 
14:31-Wed-Apr-12-2017 PM2.5 |   5.86 |   5.86 |   6.42 |   4.52 |I I 
14:35-Wed-Apr-12-2017 PM10  |   8.81 |   8.68 |  11.92 |   6.84 |I I 
14:35-Wed-Apr-12-2017 PM2.5 |   5.89 |   5.86 |   6.42 |   4.52 |I I 
14:36-Wed-Apr-12-2017 PM10  |  10.17 |   8.78 |  11.92 |   6.84 |I I 
14:36-Wed-Apr-12-2017 PM2.5 |   5.68 |   5.85 |   6.42 |   4.52 |I I 
14:40-Wed-Apr-12-2017 PM10  |   7.67 |   8.71 |  11.92 |   6.84 |I I 
14:40-Wed-Apr-12-2017 PM2.5 |   5.66 |   5.84 |   6.42 |   4.52 |I I 
14:41-Wed-Apr-12-2017 PM10  |   9.68 |   8.76 |  11.92 |   6.84 |I I 
14:41-Wed-Apr-12-2017 PM2.5 |   5.51 |   5.82 |   6.42 |   4.52 |I I 
14:45-Wed-Apr-12-2017 PM10  |   9.31 |   8.79 |  11.92 |   6.84 |I I 
14:45-Wed-Apr-12-2017 PM2.5 |   5.88 |   5.82 |   6.42 |   4.52 |I I 
14:46-Wed-Apr-12-2017 PM10  |   9.10 |   8.81 |  11.92 |   6.84 |I I 
14:46-Wed-Apr-12-2017 PM2.5 |   6.04 |   5.83 |   6.42 |   4.52 |I I 
14:47-Wed-Apr-12-2017 PM10  |   9.10 |   8.83 |  11.92 |   6.84 |I I 
14:47-Wed-Apr-12-2017 PM2.5 |   6.04 |   5.84 |   6.42 |   4.52 |I I 
14:51-Wed-Apr-12-2017 PM10  |   8.02 |   8.79 |  11.92 |   6.84 |I I 
14:51-Wed-Apr-12-2017 PM2.5 |   5.67 |   5.83 |   6.42 |   4.52 |I I 
14:52-Wed-Apr-12-2017 PM10  |   8.86 |   8.79 |  11.92 |   6.84 |I I 
14:52-Wed-Apr-12-2017 PM2.5 |   5.98 |   5.84 |   6.42 |   4.52 |I I 
14:56-Wed-Apr-12-2017 PM10  |   9.04 |   8.80 |  11.92 |   6.84 |I I 
14:56-Wed-Apr-12-2017 PM2.5 |   5.96 |   5.85 |   6.42 |   4.52 |I I 
14:57-Wed-Apr-12-2017 PM10  |   8.65 |   8.80 |  11.92 |   6.84 |I I 
14:57-Wed-Apr-12-2017 PM2.5 |   5.54 |   5.83 |   6.42 |   4.52 |I I 
15:01-Wed-Apr-12-2017 PM10  |   8.48 |   8.78 |  11.92 |   6.84 |I B 
15:01-Wed-Apr-12-2017 PM2.5 |   5.73 |   5.83 |   6.42 |   4.52 |I B 
15:02-Wed-Apr-12-2017recover dati per host :92.223.147.77/nodered
15:02-Wed-Apr-12-2017 PM10  |   7.94 |   7.94 |  11.92 |   6.84 |I I 
15:02-Wed-Apr-12-2017 PM2.5 |   5.63 |   5.63 |   6.42 |   4.52 |I I 
15:06-Wed-Apr-12-2017 PM10  |   9.11 |   8.52 |  11.92 |   6.84 |I I 
15:06-Wed-Apr-12-2017 PM2.5 |   5.98 |   5.81 |   6.42 |   4.52 |I I 
15:07-Wed-Apr-12-2017 PM10  |   7.84 |   8.29 |  11.92 |   6.84 |I I 
15:07-Wed-Apr-12-2017 PM2.5 |   5.40 |   5.67 |   6.42 |   4.52 |I I 
15:11-Wed-Apr-12-2017 PM10  |   8.39 |   8.32 |  11.92 |   6.84 |I I 
15:11-Wed-Apr-12-2017 PM2.5 |   5.45 |   5.62 |   6.42 |   4.52 |I I 
15:12-Wed-Apr-12-2017 PM10  |  11.27 |   8.91 |  11.92 |   6.84 |I I 
15:12-Wed-Apr-12-2017 PM2.5 |   6.34 |   5.76 |   6.42 |   4.52 |I I 
15:13-Wed-Apr-12-2017 PM10  |  11.27 |   9.30 |  11.92 |   6.84 |I I 
15:13-Wed-Apr-12-2017 PM2.5 |   6.34 |   5.86 |   6.42 |   4.52 |I I 
15:17-Wed-Apr-12-2017 PM10  |   9.23 |   9.29 |  11.92 |   6.84 |I I 
15:17-Wed-Apr-12-2017 PM2.5 |   5.48 |   5.80 |   6.42 |   4.52 |I I 
15:18-Wed-Apr-12-2017 PM10  |   7.65 |   9.09 |  11.92 |   6.84 |I I 
15:18-Wed-Apr-12-2017 PM2.5 |   5.15 |   5.72 |   6.42 |   4.52 |I I 
15:22-Wed-Apr-12-2017 PM10  |   7.23 |   8.88 |  11.92 |   6.84 |I I 
15:22-Wed-Apr-12-2017 PM2.5 |   5.60 |   5.71 |   6.42 |   4.52 |I I 
15:23-Wed-Apr-12-2017 PM10  |   8.42 |   8.83 |  11.92 |   6.84 |I I 
15:23-Wed-Apr-12-2017 PM2.5 |   5.13 |   5.65 |   6.42 |   4.52 |I I 
15:27-Wed-Apr-12-2017 PM10  |   8.34 |   8.79 |  11.92 |   6.84 |I I 
15:27-Wed-Apr-12-2017 PM2.5 |   5.22 |   5.61 |   6.42 |   4.52 |I I 
15:28-Wed-Apr-12-2017 PM10  |   7.23 |   8.66 |  11.92 |   6.84 |I I 
15:28-Wed-Apr-12-2017 PM2.5 |   4.89 |   5.55 |   6.42 |   4.52 |I I 
15:32-Wed-Apr-12-2017 PM10  |   7.62 |   8.58 |  11.92 |   6.84 |I I 
15:32-Wed-Apr-12-2017 PM2.5 |   5.07 |   5.51 |   6.42 |   4.52 |I I 
15:33-Wed-Apr-12-2017 PM10  |   8.20 |   8.55 |  11.92 |   6.84 |I I 
15:33-Wed-Apr-12-2017 PM2.5 |   5.18 |   5.49 |   6.42 |   4.52 |I I 
15:37-Wed-Apr-12-2017 PM10  |   7.15 |   8.46 |  11.92 |   6.84 |I I 
15:37-Wed-Apr-12-2017 PM2.5 |   5.02 |   5.46 |   6.42 |   4.52 |I I 
15:38-Wed-Apr-12-2017 PM10  |   8.15 |   8.44 |  11.92 |   6.84 |I I 
15:38-Wed-Apr-12-2017 PM2.5 |   4.87 |   5.42 |   6.42 |   4.52 |I I 
15:39-Wed-Apr-12-2017 PM10  |   8.15 |   8.42 |  11.92 |   6.84 |I I 
15:39-Wed-Apr-12-2017 PM2.5 |   4.87 |   5.39 |   6.42 |   4.52 |I I 
15:44-Wed-Apr-12-2017 PM10  |   7.57 |   8.37 |  11.92 |   6.84 |I I 
15:44-Wed-Apr-12-2017 PM2.5 |   5.14 |   5.37 |   6.42 |   4.52 |I I 
15:45-Wed-Apr-12-2017 PM10  |   7.60 |   8.33 |  11.92 |   6.84 |I I 
15:45-Wed-Apr-12-2017 PM2.5 |   5.03 |   5.36 |   6.42 |   4.52 |I I 
15:49-Wed-Apr-12-2017 PM10  |   8.71 |   8.35 |  11.92 |   6.84 |I I 
15:49-Wed-Apr-12-2017 PM2.5 |   4.95 |   5.34 |   6.42 |   4.52 |I I 
15:50-Wed-Apr-12-2017 PM10  |   6.55 |   8.27 |  11.92 |   6.84 |I I 
15:50-Wed-Apr-12-2017 PM2.5 |   4.72 |   5.31 |   6.42 |   4.52 |I I 
15:54-Wed-Apr-12-2017 PM10  |   6.68 |   8.20 |  11.92 |   6.84 |I I 
15:54-Wed-Apr-12-2017 PM2.5 |   4.74 |   5.28 |   6.42 |   4.52 |I I 
15:55-Wed-Apr-12-2017 PM10  |   9.78 |   8.26 |  11.92 |   6.84 |I I 
15:55-Wed-Apr-12-2017 PM2.5 |   5.02 |   5.27 |   6.42 |   4.52 |I I 
15:59-Wed-Apr-12-2017 PM10  |   6.76 |   8.20 |  11.92 |   6.84 |I I 
15:59-Wed-Apr-12-2017 PM2.5 |   4.93 |   5.26 |   6.42 |   4.52 |I I 
16:00-Wed-Apr-12-2017 PM10  |   6.82 |   8.15 |  11.92 |   6.84 |I I 
16:00-Wed-Apr-12-2017 PM2.5 |   4.60 |   5.23 |   6.42 |   4.52 |I I 
16:04-Wed-Apr-12-2017 PM10  |   7.96 |   7.96 |  11.92 |   6.84 |I I 
16:04-Wed-Apr-12-2017 PM2.5 |   4.93 |   4.93 |   6.42 |   4.52 |I I 
16:05-Wed-Apr-12-2017 PM10  |   7.37 |   7.67 |  11.92 |   6.84 |I I 
16:05-Wed-Apr-12-2017 PM2.5 |   4.88 |   4.91 |   6.42 |   4.52 |I I 
16:06-Wed-Apr-12-2017 PM10  |   7.37 |   7.57 |  11.92 |   6.84 |I I 
16:06-Wed-Apr-12-2017 PM2.5 |   4.88 |   4.90 |   6.42 |   4.52 |I I 
16:10-Wed-Apr-12-2017 PM10  |   6.81 |   7.38 |  11.92 |   6.84 |I I 
16:10-Wed-Apr-12-2017 PM2.5 |   4.92 |   4.90 |   6.42 |   4.52 |I I 
16:11-Wed-Apr-12-2017 PM10  |   6.30 |   7.16 |  11.92 |   6.84 |I I 
16:11-Wed-Apr-12-2017 PM2.5 |   4.53 |   4.83 |   6.42 |   4.52 |I I 
16:15-Wed-Apr-12-2017 PM10  |   7.58 |   7.23 |  11.92 |   6.84 |I I 
16:15-Wed-Apr-12-2017 PM2.5 |   5.40 |   4.92 |   6.42 |   4.52 |I I 
16:16-Wed-Apr-12-2017 PM10  |   5.78 |   7.03 |  11.92 |   6.84 |I I 
16:16-Wed-Apr-12-2017 PM2.5 |   4.40 |   4.85 |   6.42 |   4.52 |I I 
16:20-Wed-Apr-12-2017 PM10  |   6.55 |   6.97 |  11.92 |   6.84 |I I 
16:20-Wed-Apr-12-2017 PM2.5 |   5.16 |   4.89 |   6.42 |   4.52 |I I 
16:21-Wed-Apr-12-2017 PM10  |   7.57 |   7.03 |  11.92 |   6.84 |I I 
16:21-Wed-Apr-12-2017 PM2.5 |   4.66 |   4.86 |   6.42 |   4.52 |I I 
16:25-Wed-Apr-12-2017 PM10  |   7.63 |   7.09 |  11.92 |   6.84 |I I 
16:25-Wed-Apr-12-2017 PM2.5 |   4.81 |   4.86 |   6.42 |   4.52 |I I 
16:26-Wed-Apr-12-2017 PM10  |   7.29 |   7.11 |  11.92 |   6.84 |I I 
16:26-Wed-Apr-12-2017 PM2.5 |   5.21 |   4.89 |   6.42 |   4.52 |I I 
16:30-Wed-Apr-12-2017 PM10  |   7.71 |   7.16 |  11.92 |   6.84 |I I 
16:30-Wed-Apr-12-2017 PM2.5 |   4.94 |   4.89 |   6.42 |   4.52 |I I 
16:31-Wed-Apr-12-2017 PM10  |   7.81 |   7.21 |  11.92 |   6.84 |I I 
16:31-Wed-Apr-12-2017 PM2.5 |   4.93 |   4.90 |   6.42 |   4.52 |I I 
16:32-Wed-Apr-12-2017 PM10  |   7.81 |   7.25 |  11.92 |   6.84 |I I 
16:32-Wed-Apr-12-2017 PM2.5 |   4.93 |   4.90 |   6.42 |   4.52 |I I 
16:36-Wed-Apr-12-2017 PM10  |   6.77 |   7.22 |  11.92 |   6.84 |I I 
16:36-Wed-Apr-12-2017 PM2.5 |   4.94 |   4.90 |   6.42 |   4.52 |I I 
16:37-Wed-Apr-12-2017 PM10  |  11.44 |   7.48 |  11.92 |   6.84 |I I 
16:37-Wed-Apr-12-2017 PM2.5 |   5.46 |   4.94 |   6.42 |   4.52 |I I 
16:41-Wed-Apr-12-2017 PM10  |   8.83 |   7.56 |  11.92 |   6.84 |I I 
16:41-Wed-Apr-12-2017 PM2.5 |   5.48 |   4.97 |   6.42 |   4.52 |I I 
16:42-Wed-Apr-12-2017 PM10  |   8.29 |   7.60 |  11.92 |   6.84 |I I 
16:42-Wed-Apr-12-2017 PM2.5 |   4.82 |   4.96 |   6.42 |   4.52 |I I 
16:46-Wed-Apr-12-2017 PM10  |   7.73 |   7.61 |  11.92 |   6.84 |I I 
16:46-Wed-Apr-12-2017 PM2.5 |   5.28 |   4.98 |   6.42 |   4.52 |I I 
16:47-Wed-Apr-12-2017 PM10  |   8.48 |   7.65 |  11.92 |   6.84 |I I 
16:47-Wed-Apr-12-2017 PM2.5 |   4.81 |   4.97 |   6.42 |   4.52 |I I 
16:51-Wed-Apr-12-2017 PM10  |   6.85 |   7.62 |  11.92 |   6.84 |I I 
16:51-Wed-Apr-12-2017 PM2.5 |   4.99 |   4.97 |   6.42 |   4.52 |I I 
16:52-Wed-Apr-12-2017 PM10  |   6.35 |   7.56 |  11.92 |   6.84 |I I 
16:52-Wed-Apr-12-2017 PM2.5 |   4.88 |   4.96 |   6.42 |   4.52 |I I 
16:56-Wed-Apr-12-2017 PM10  |   7.39 |   7.55 |  11.92 |   6.84 |I I 
16:56-Wed-Apr-12-2017 PM2.5 |   4.85 |   4.96 |   6.42 |   4.52 |I I 
16:57-Wed-Apr-12-2017 PM10  |  10.22 |   7.66 |  11.92 |   6.84 |I I 
16:57-Wed-Apr-12-2017 PM2.5 |   5.20 |   4.97 |   6.42 |   4.52 |I I 
16:58-Wed-Apr-12-2017 PM10  |  10.22 |   7.76 |  11.92 |   6.84 |I I 
16:58-Wed-Apr-12-2017 PM2.5 |   5.20 |   4.98 |   6.42 |   4.52 |I I 
17:02-Wed-Apr-12-2017 PM10  |  10.39 |   7.86 |  11.92 |   6.84 |I I 
17:02-Wed-Apr-12-2017 PM2.5 |   5.17 |   4.99 |   6.42 |   4.52 |I I 
17:03-Wed-Apr-12-2017 PM10  |   7.56 |   7.56 |  11.92 |   6.84 |I I 
17:03-Wed-Apr-12-2017 PM2.5 |   4.90 |   4.90 |   6.42 |   4.52 |I I 
17:07-Wed-Apr-12-2017 PM10  |   7.00 |   7.28 |  11.92 |   6.84 |I I 
17:07-Wed-Apr-12-2017 PM2.5 |   5.02 |   4.96 |   6.42 |   4.52 |I I 
17:08-Wed-Apr-12-2017 PM10  |   7.42 |   7.33 |  11.92 |   6.84 |I I 
17:08-Wed-Apr-12-2017 PM2.5 |   5.15 |   5.02 |   6.42 |   4.52 |I I 
17:12-Wed-Apr-12-2017 PM10  |   7.41 |   7.35 |  11.92 |   6.84 |I I 
17:12-Wed-Apr-12-2017 PM2.5 |   5.02 |   5.02 |   6.42 |   4.52 |I I 
17:13-Wed-Apr-12-2017 PM10  |   7.71 |   7.42 |  11.92 |   6.84 |I I 
17:13-Wed-Apr-12-2017 PM2.5 |   5.36 |   5.09 |   6.42 |   4.52 |I I 
17:17-Wed-Apr-12-2017 PM10  |   7.06 |   7.36 |  11.92 |   6.84 |I I 
17:17-Wed-Apr-12-2017 PM2.5 |   5.07 |   5.09 |   6.42 |   4.52 |I I 
17:18-Wed-Apr-12-2017 PM10  |   7.59 |   7.39 |  11.92 |   6.84 |I I 
17:18-Wed-Apr-12-2017 PM2.5 |   5.09 |   5.09 |   6.42 |   4.52 |I I 
17:22-Wed-Apr-12-2017 PM10  |   9.61 |   7.67 |  11.92 |   6.84 |I I 
17:22-Wed-Apr-12-2017 PM2.5 |   5.54 |   5.14 |   6.42 |   4.52 |I I 
17:23-Wed-Apr-12-2017 PM10  |   9.24 |   7.84 |  11.92 |   6.84 |I I 
17:23-Wed-Apr-12-2017 PM2.5 |   5.46 |   5.18 |   6.42 |   4.52 |I I 
17:24-Wed-Apr-12-2017 PM10  |   9.24 |   7.98 |  11.92 |   6.84 |I I 
17:24-Wed-Apr-12-2017 PM2.5 |   5.46 |   5.21 |   6.42 |   4.52 |I I 
17:28-Wed-Apr-12-2017 PM10  |   8.44 |   8.03 |  11.92 |   6.84 |I I 
17:28-Wed-Apr-12-2017 PM2.5 |   5.46 |   5.23 |   6.42 |   4.52 |I I 
17:29-Wed-Apr-12-2017 PM10  |   8.50 |   8.07 |  11.92 |   6.84 |I I 
17:29-Wed-Apr-12-2017 PM2.5 |   5.69 |   5.27 |   6.42 |   4.52 |I I 
17:33-Wed-Apr-12-2017 PM10  |   8.53 |   8.10 |  11.92 |   6.84 |I I 
17:33-Wed-Apr-12-2017 PM2.5 |   6.02 |   5.33 |   6.42 |   4.52 |I I 
17:34-Wed-Apr-12-2017 PM10  |  12.00 |   8.38 |  11.92 |   6.84 |I I 
17:34-Wed-Apr-12-2017 PM2.5 |   5.85 |   5.36 |   6.42 |   4.52 |I I 
17:38-Wed-Apr-12-2017 PM10  |   9.38 |   8.45 |  11.92 |   6.84 |I I 
17:38-Wed-Apr-12-2017 PM2.5 |   5.96 |   5.40 |   6.42 |   4.52 |I I 
17:39-Wed-Apr-12-2017 PM10  |  11.86 |   8.66 |  11.92 |   6.84 |I I 
17:39-Wed-Apr-12-2017 PM2.5 |   6.37 |   5.46 |   6.42 |   4.52 |I I 
17:43-Wed-Apr-12-2017 PM10  |  11.55 |   8.83 |  11.92 |   6.84 |I I 
17:43-Wed-Apr-12-2017 PM2.5 |   6.39 |   5.52 |   6.42 |   4.52 |I I 
17:44-Wed-Apr-12-2017 PM10  |  12.69 |   9.04 |  11.92 |   6.84 |I I 
17:44-Wed-Apr-12-2017 PM2.5 |   6.79 |   5.59 |   6.42 |   4.52 |I I 
17:48-Wed-Apr-12-2017 PM10  |  12.51 |   9.23 |  11.92 |   6.84 |I I 
17:48-Wed-Apr-12-2017 PM2.5 |   6.86 |   5.65 |   6.42 |   4.52 |I I 
17:49-Wed-Apr-12-2017 PM10  |  10.54 |   9.29 |  11.92 |   6.84 |I I 
17:49-Wed-Apr-12-2017 PM2.5 |   6.85 |   5.71 |   6.42 |   4.52 |I I 
17:50-Wed-Apr-12-2017 PM10  |  10.54 |   9.35 |  11.92 |   6.84 |I I 
17:50-Wed-Apr-12-2017 PM2.5 |   6.85 |   5.77 |   6.42 |   4.52 |I I 
17:54-Wed-Apr-12-2017 PM10  |   8.93 |   9.33 |  11.92 |   6.84 |I I 
17:54-Wed-Apr-12-2017 PM2.5 |   6.43 |   5.80 |   6.42 |   4.52 |I I 
17:55-Wed-Apr-12-2017 PM10  |  11.22 |   9.41 |  11.92 |   6.84 |I I 
17:55-Wed-Apr-12-2017 PM2.5 |   6.54 |   5.83 |   6.42 |   4.52 |I I 
17:59-Wed-Apr-12-2017 PM10  |  12.67 |   9.55 |  11.92 |   6.84 |I I 
17:59-Wed-Apr-12-2017 PM2.5 |   6.74 |   5.87 |   6.42 |   4.52 |I I 
18:00-Wed-Apr-12-2017 PM10  |  11.13 |   9.61 |  11.92 |   6.84 |I I 
18:00-Wed-Apr-12-2017 PM2.5 |   6.69 |   5.90 |   6.42 |   4.52 |I I 
18:04-Wed-Apr-12-2017 PM10  |  10.47 |  10.47 |  11.92 |   6.84 |I I 
18:04-Wed-Apr-12-2017 PM2.5 |   6.61 |   6.61 |   6.42 |   4.52 |I I 
18:05-Wed-Apr-12-2017 PM10  |  12.07 |  11.27 |  11.92 |   6.84 |I I 
18:05-Wed-Apr-12-2017 PM2.5 |   6.82 |   6.71 |   6.42 |   4.52 |I I 
18:09-Wed-Apr-12-2017 PM10  |  12.00 |  11.51 |  11.92 |   6.84 |I I 
18:09-Wed-Apr-12-2017 PM2.5 |   7.33 |   6.92 |   6.42 |   4.52 |I I 
18:10-Wed-Apr-12-2017 PM10  |  10.59 |  11.28 |  11.92 |   6.84 |I I 
18:10-Wed-Apr-12-2017 PM2.5 |   6.76 |   6.88 |   6.42 |   4.52 |I I 
18:14-Wed-Apr-12-2017 PM10  |  10.51 |  11.13 |  11.92 |   6.84 |I I 
18:14-Wed-Apr-12-2017 PM2.5 |   6.97 |   6.90 |   6.42 |   4.52 |I I 
18:15-Wed-Apr-12-2017 PM10  |  12.24 |  11.32 |  11.92 |   6.84 |I I 
18:15-Wed-Apr-12-2017 PM2.5 |   6.91 |   6.90 |   6.42 |   4.52 |I I 
18:16-Wed-Apr-12-2017 PM10  |  12.24 |  11.45 |  11.92 |   6.84 |I I 
18:16-Wed-Apr-12-2017 PM2.5 |   6.91 |   6.90 |   6.42 |   4.52 |I I 
18:20-Wed-Apr-12-2017 PM10  |  10.29 |  11.30 |  11.92 |   6.84 |I I 
18:20-Wed-Apr-12-2017 PM2.5 |   6.56 |   6.86 |   6.42 |   4.52 |I I 
18:21-Wed-Apr-12-2017 PM10  |  11.27 |  11.30 |  11.92 |   6.84 |I I 
18:21-Wed-Apr-12-2017 PM2.5 |   6.88 |   6.86 |   6.42 |   4.52 |I I 
18:25-Wed-Apr-12-2017 PM10  |  10.52 |  11.22 |  11.92 |   6.84 |I I 
18:25-Wed-Apr-12-2017 PM2.5 |   7.05 |   6.88 |   6.42 |   4.52 |I I 
18:26-Wed-Apr-12-2017 PM10  |  11.22 |  11.22 |  11.92 |   6.84 |I I 
18:26-Wed-Apr-12-2017 PM2.5 |   6.67 |   6.86 |   6.42 |   4.52 |I I 
18:30-Wed-Apr-12-2017 PM10  |  10.12 |  11.13 |  11.92 |   6.84 |I I 
18:30-Wed-Apr-12-2017 PM2.5 |   6.79 |   6.86 |   6.42 |   4.52 |I I 
18:31-Wed-Apr-12-2017 PM10  |  10.22 |  11.06 |  11.92 |   6.84 |I I 
18:31-Wed-Apr-12-2017 PM2.5 |   6.31 |   6.81 |   6.42 |   4.52 |I I 
18:35-Wed-Apr-12-2017 PM10  |  10.00 |  10.98 |  11.92 |   6.84 |I I 
18:35-Wed-Apr-12-2017 PM2.5 |   6.44 |   6.79 |   6.42 |   4.52 |I I 
18:36-Wed-Apr-12-2017 PM10  |   9.59 |  10.89 |  11.92 |   6.84 |I I 
18:36-Wed-Apr-12-2017 PM2.5 |   6.69 |   6.78 |   6.42 |   4.52 |I I 
18:40-Wed-Apr-12-2017 PM10  |  10.08 |  10.84 |  11.92 |   6.84 |I I 
18:40-Wed-Apr-12-2017 PM2.5 |   6.45 |   6.76 |   6.42 |   4.52 |I I 
18:41-Wed-Apr-12-2017 PM10  |  11.16 |  10.86 |  11.92 |   6.84 |I I 
18:41-Wed-Apr-12-2017 PM2.5 |   6.55 |   6.75 |   6.42 |   4.52 |I I 
18:42-Wed-Apr-12-2017 PM10  |  11.16 |  10.88 |  11.92 |   6.84 |I I 
18:42-Wed-Apr-12-2017 PM2.5 |   6.55 |   6.74 |   6.42 |   4.52 |I I 
18:47-Wed-Apr-12-2017 PM10  |  10.07 |  10.83 |  11.92 |   6.84 |I I 
18:47-Wed-Apr-12-2017 PM2.5 |   6.78 |   6.74 |   6.42 |   4.52 |I I 
18:48-Wed-Apr-12-2017 PM10  |  10.04 |  10.79 |  11.92 |   6.84 |I I 
18:48-Wed-Apr-12-2017 PM2.5 |   6.27 |   6.71 |   6.42 |   4.52 |I I 
18:52-Wed-Apr-12-2017 PM10  |   9.44 |  10.73 |  11.92 |   6.84 |I I 
18:52-Wed-Apr-12-2017 PM2.5 |   6.52 |   6.71 |   6.42 |   4.52 |I I 
18:53-Wed-Apr-12-2017 PM10  |  10.50 |  10.72 |  11.92 |   6.84 |I I 
18:53-Wed-Apr-12-2017 PM2.5 |   5.99 |   6.67 |   6.42 |   4.52 |I I 
18:57-Wed-Apr-12-2017 PM10  |   8.66 |  10.63 |  11.92 |   6.84 |I I 
18:57-Wed-Apr-12-2017 PM2.5 |   6.15 |   6.65 |   6.42 |   4.52 |I I 
18:58-Wed-Apr-12-2017 PM10  |   9.70 |  10.59 |  11.92 |   6.84 |I I 
18:58-Wed-Apr-12-2017 PM2.5 |   6.20 |   6.63 |   6.42 |   4.52 |I I 
19:02-Wed-Apr-12-2017 PM10  |  10.20 |  10.58 |  11.92 |   6.84 |I I 
19:02-Wed-Apr-12-2017 PM2.5 |   6.56 |   6.63 |   6.63 |   4.52 |I I 
19:03-Wed-Apr-12-2017 PM10  |  11.46 |  11.46 |  11.92 |   6.84 |I I 
19:03-Wed-Apr-12-2017 PM2.5 |   6.43 |   6.43 |   6.63 |   4.52 |I I 
19:07-Wed-Apr-12-2017 PM10  |  10.53 |  11.00 |  11.92 |   6.84 |I I 
19:07-Wed-Apr-12-2017 PM2.5 |   6.69 |   6.56 |   6.63 |   4.52 |I I 
19:08-Wed-Apr-12-2017 PM10  |   9.12 |  10.37 |  11.92 |   6.84 |I I 
19:08-Wed-Apr-12-2017 PM2.5 |   6.18 |   6.44 |   6.63 |   4.52 |I I 
19:09-Wed-Apr-12-2017 PM10  |   9.12 |  10.06 |  11.92 |   6.84 |I I 
19:09-Wed-Apr-12-2017 PM2.5 |   6.18 |   6.37 |   6.63 |   4.52 |I I 
19:12-Wed-Apr-12-2017 PM10  |  10.47 |  10.14 |  11.92 |   6.84 |I I 
19:12-Wed-Apr-12-2017 PM2.5 |   6.28 |   6.35 |   6.63 |   4.52 |I I 
19:13-Wed-Apr-12-2017 PM10  |  10.47 |  10.20 |  11.92 |   6.84 |I I 
19:13-Wed-Apr-12-2017 PM2.5 |   6.28 |   6.34 |   6.63 |   4.52 |I I 
19:14-Wed-Apr-12-2017 PM10  |  10.56 |  10.25 |  11.92 |   6.84 |I I 
19:14-Wed-Apr-12-2017 PM2.5 |   6.34 |   6.34 |   6.63 |   4.52 |I I 
19:18-Wed-Apr-12-2017 PM10  |  10.29 |  10.25 |  11.92 |   6.84 |I I 
19:18-Wed-Apr-12-2017 PM2.5 |   6.37 |   6.35 |   6.63 |   4.52 |I I 
19:19-Wed-Apr-12-2017 PM10  |  10.74 |  10.31 |  11.92 |   6.84 |I I 
19:19-Wed-Apr-12-2017 PM2.5 |   5.92 |   6.30 |   6.63 |   4.52 |I I 
19:23-Wed-Apr-12-2017 PM10  |  12.02 |  10.48 |  11.92 |   6.84 |I I 
19:23-Wed-Apr-12-2017 PM2.5 |   6.68 |   6.34 |   6.63 |   4.52 |I I 
19:24-Wed-Apr-12-2017 PM10  |  10.93 |  10.52 |  11.92 |   6.84 |I I 
19:24-Wed-Apr-12-2017 PM2.5 |   6.16 |   6.32 |   6.63 |   4.52 |I I 
19:28-Wed-Apr-12-2017 PM10  |   9.10 |  10.40 |  11.92 |   6.84 |I I 
19:28-Wed-Apr-12-2017 PM2.5 |   5.78 |   6.28 |   6.63 |   4.52 |I I 
19:29-Wed-Apr-12-2017 PM10  |  11.51 |  10.49 |  11.92 |   6.84 |I I 
19:29-Wed-Apr-12-2017 PM2.5 |   6.46 |   6.29 |   6.63 |   4.52 |I I 
19:33-Wed-Apr-12-2017 PM10  |   9.28 |  10.40 |  11.92 |   6.84 |I I 
19:33-Wed-Apr-12-2017 PM2.5 |   5.91 |   6.26 |   6.63 |   4.52 |I I 
19:34-Wed-Apr-12-2017 PM10  |  10.03 |  10.38 |  11.92 |   6.84 |I I 
19:34-Wed-Apr-12-2017 PM2.5 |   5.58 |   6.22 |   6.63 |   4.52 |I I 
19:38-Wed-Apr-12-2017 PM10  |  11.10 |  10.42 |  11.92 |   6.84 |I I 
19:38-Wed-Apr-12-2017 PM2.5 |   6.10 |   6.21 |   6.63 |   4.52 |I I 
19:39-Wed-Apr-12-2017 PM10  |  11.10 |  10.46 |  11.92 |   6.84 |I I 
19:39-Wed-Apr-12-2017 PM2.5 |   6.10 |   6.20 |   6.63 |   4.52 |I I 
19:40-Wed-Apr-12-2017 PM10  |  16.25 |  10.78 |  11.92 |   6.84 |I I 
19:40-Wed-Apr-12-2017 PM2.5 |   6.70 |   6.23 |   6.63 |   4.52 |I I 
19:44-Wed-Apr-12-2017 PM10  |  12.35 |  10.86 |  11.92 |   6.84 |I I 
19:44-Wed-Apr-12-2017 PM2.5 |   6.26 |   6.23 |   6.63 |   4.52 |I I 
19:45-Wed-Apr-12-2017 PM10  |  10.35 |  10.84 |  11.92 |   6.84 |I I 
19:45-Wed-Apr-12-2017 PM2.5 |   6.29 |   6.23 |   6.63 |   4.52 |I I 
19:49-Wed-Apr-12-2017 PM10  |  11.62 |  10.88 |  11.92 |   6.84 |I I 
19:49-Wed-Apr-12-2017 PM2.5 |   6.19 |   6.23 |   6.63 |   4.52 |I I 
19:50-Wed-Apr-12-2017 PM10  |  11.81 |  10.92 |  11.92 |   6.84 |I I 
19:50-Wed-Apr-12-2017 PM2.5 |   6.39 |   6.24 |   6.63 |   4.52 |I I 
19:54-Wed-Apr-12-2017 PM10  |  13.48 |  11.03 |  11.92 |   6.84 |I I 
19:54-Wed-Apr-12-2017 PM2.5 |   6.50 |   6.25 |   6.63 |   4.52 |I I 
19:55-Wed-Apr-12-2017 PM10  |   9.93 |  10.98 |  11.92 |   6.84 |I I 
19:55-Wed-Apr-12-2017 PM2.5 |   6.10 |   6.24 |   6.63 |   4.52 |I I 
19:59-Wed-Apr-12-2017 PM10  |  10.29 |  10.96 |  11.92 |   6.84 |I I 
19:59-Wed-Apr-12-2017 PM2.5 |   6.33 |   6.25 |   6.63 |   4.52 |I I 
20:00-Wed-Apr-12-2017 PM10  |  11.43 |  10.97 |  11.92 |   6.84 |I I 
20:00-Wed-Apr-12-2017 PM2.5 |   6.12 |   6.24 |   6.63 |   4.52 |I I 
20:04-Wed-Apr-12-2017 PM10  |  15.19 |  15.19 |  11.92 |   6.84 |I I 
20:04-Wed-Apr-12-2017 PM2.5 |   6.14 |   6.14 |   6.63 |   4.52 |I I 
20:05-Wed-Apr-12-2017 PM10  |  15.19 |  15.19 |  11.92 |   6.84 |I I 
20:05-Wed-Apr-12-2017 PM2.5 |   6.14 |   6.14 |   6.63 |   4.52 |I I 
20:06-Wed-Apr-12-2017 PM10  |  10.45 |  13.61 |  11.92 |   6.84 |I I 
20:06-Wed-Apr-12-2017 PM2.5 |   6.12 |   6.14 |   6.63 |   4.52 |I I 
20:10-Wed-Apr-12-2017 PM10  |  10.39 |  12.81 |  11.92 |   6.84 |I I 
20:10-Wed-Apr-12-2017 PM2.5 |   6.06 |   6.12 |   6.63 |   4.52 |I I 
20:11-Wed-Apr-12-2017 PM10  |  13.37 |  12.92 |  11.92 |   6.84 |I I 
20:11-Wed-Apr-12-2017 PM2.5 |   6.20 |   6.13 |   6.63 |   4.52 |I I 
20:15-Wed-Apr-12-2017 PM10  |  12.85 |  12.91 |  11.92 |   6.84 |I I 
20:15-Wed-Apr-12-2017 PM2.5 |   6.26 |   6.15 |   6.63 |   4.52 |I I 
20:16-Wed-Apr-12-2017 PM10  |  12.59 |  12.86 |  11.92 |   6.84 |I I 
20:16-Wed-Apr-12-2017 PM2.5 |   6.51 |   6.20 |   6.63 |   4.52 |I I 
20:20-Wed-Apr-12-2017 PM10  |  10.83 |  12.61 |  11.92 |   6.84 |I I 
20:20-Wed-Apr-12-2017 PM2.5 |   6.45 |   6.24 |   6.63 |   4.52 |I I 
20:21-Wed-Apr-12-2017 PM10  |  12.63 |  12.61 |  11.92 |   6.84 |I I 
20:21-Wed-Apr-12-2017 PM2.5 |   6.19 |   6.23 |   6.63 |   4.52 |I I 
20:25-Wed-Apr-12-2017 PM10  |  12.24 |  12.57 |  11.92 |   6.84 |I I 
20:25-Wed-Apr-12-2017 PM2.5 |   6.43 |   6.25 |   6.63 |   4.52 |I I 
20:26-Wed-Apr-12-2017 PM10  |  14.16 |  12.72 |  11.92 |   6.84 |I I 
20:26-Wed-Apr-12-2017 PM2.5 |   7.21 |   6.34 |   6.63 |   4.52 |I I 
20:30-Wed-Apr-12-2017 PM10  |  12.44 |  12.69 |  11.92 |   6.84 |I I 
20:30-Wed-Apr-12-2017 PM2.5 |   6.79 |   6.38 |   6.63 |   4.52 |I I 
20:31-Wed-Apr-12-2017 PM10  |  12.44 |  12.67 |  11.92 |   6.84 |I I 
20:31-Wed-Apr-12-2017 PM2.5 |   6.79 |   6.41 |   6.63 |   4.52 |I I 
20:32-Wed-Apr-12-2017 PM10  |  17.50 |  13.02 |  11.92 |   6.84 |I I 
20:32-Wed-Apr-12-2017 PM2.5 |   7.26 |   6.47 |   6.63 |   4.52 |I I 
20:36-Wed-Apr-12-2017 PM10  |  18.65 |  13.40 |  11.92 |   6.84 |I I 
20:36-Wed-Apr-12-2017 PM2.5 |   7.66 |   6.55 |   6.63 |   4.52 |I I 
20:37-Wed-Apr-12-2017 PM10  |  20.15 |  13.82 |  11.92 |   6.84 |I I 
20:37-Wed-Apr-12-2017 PM2.5 |   7.92 |   6.63 |   6.63 |   4.52 |I I 
20:41-Wed-Apr-12-2017 PM10  |  21.35 |  14.26 |  11.92 |   6.84 |I I 
20:41-Wed-Apr-12-2017 PM2.5 |   8.28 |   6.73 |   6.63 |   4.52 |I I 
20:42-Wed-Apr-12-2017 PM10  |  22.39 |  14.71 |  11.92 |   6.84 |I I 
20:42-Wed-Apr-12-2017 PM2.5 |   7.99 |   6.80 |   6.63 |   4.52 |I I 
20:46-Wed-Apr-12-2017 PM10  |  21.86 |  15.09 |  11.92 |   6.84 |I I 
20:46-Wed-Apr-12-2017 PM2.5 |   8.29 |   6.88 |   6.63 |   4.52 |I I 
20:47-Wed-Apr-12-2017 PM10  |  20.84 |  15.38 |  11.92 |   6.84 |I I 
20:47-Wed-Apr-12-2017 PM2.5 |   8.30 |   6.95 |   6.63 |   4.52 |I I 
20:51-Wed-Apr-12-2017 PM10  |  23.09 |  15.74 |  11.92 |   6.84 |I I 
20:51-Wed-Apr-12-2017 PM2.5 |   8.26 |   7.01 |   6.63 |   4.52 |I I 
20:52-Wed-Apr-12-2017 PM10  |  23.55 |  16.10 |  11.92 |   6.84 |I I 
20:52-Wed-Apr-12-2017 PM2.5 |   8.61 |   7.09 |   6.63 |   4.52 |I I 
20:56-Wed-Apr-12-2017 PM10  |  25.69 |  16.52 |  11.92 |   6.84 |I I 
20:56-Wed-Apr-12-2017 PM2.5 |   8.41 |   7.14 |   6.63 |   4.52 |I I 
20:57-Wed-Apr-12-2017 PM10  |  25.69 |  16.90 |  11.92 |   6.84 |I I 
20:57-Wed-Apr-12-2017 PM2.5 |   8.41 |   7.20 |   6.63 |   4.52 |I I 
20:58-Wed-Apr-12-2017 PM10  |  21.25 |  17.07 |  11.92 |   6.84 |I I 
20:58-Wed-Apr-12-2017 PM2.5 |   8.25 |   7.24 |   6.63 |   4.52 |I I 
21:02-Wed-Apr-12-2017 PM10  |  20.78 |  17.21 |  17.21 |   6.84 |I I 
21:02-Wed-Apr-12-2017 PM2.5 |   8.28 |   7.28 |   7.28 |   4.52 |I I 
21:03-Wed-Apr-12-2017 PM10  |  19.82 |  19.82 |  17.21 |   6.84 |I I 
21:03-Wed-Apr-12-2017 PM2.5 |   8.25 |   8.25 |   7.28 |   4.52 |I I 
21:07-Wed-Apr-12-2017 PM10  |  21.32 |  20.57 |  17.21 |   6.84 |I I 
21:07-Wed-Apr-12-2017 PM2.5 |   8.36 |   8.30 |   7.28 |   4.52 |I I 
21:08-Wed-Apr-12-2017 PM10  |  22.56 |  21.23 |  17.21 |   6.84 |I I 
21:08-Wed-Apr-12-2017 PM2.5 |   7.97 |   8.19 |   7.28 |   4.52 |I I 
21:12-Wed-Apr-12-2017 PM10  |  21.96 |  21.42 |  17.21 |   6.84 |I I 
21:12-Wed-Apr-12-2017 PM2.5 |   7.99 |   8.14 |   7.28 |   4.52 |I I 
21:13-Wed-Apr-12-2017 PM10  |  17.28 |  20.59 |  17.21 |   6.84 |I I 
21:13-Wed-Apr-12-2017 PM2.5 |   7.82 |   8.08 |   7.28 |   4.52 |I I 
21:17-Wed-Apr-12-2017 PM10  |  20.82 |  20.63 |  17.21 |   6.84 |I I 
21:17-Wed-Apr-12-2017 PM2.5 |   8.02 |   8.07 |   7.28 |   4.52 |I I 
21:18-Wed-Apr-12-2017 PM10  |  20.41 |  20.60 |  17.21 |   6.84 |I I 
21:18-Wed-Apr-12-2017 PM2.5 |   7.30 |   7.96 |   7.28 |   4.52 |I I 
21:22-Wed-Apr-12-2017 PM10  |  19.87 |  20.51 |  17.21 |   6.84 |I I 
21:22-Wed-Apr-12-2017 PM2.5 |   7.84 |   7.94 |   7.28 |   4.52 |I I 
21:23-Wed-Apr-12-2017 PM10  |  19.87 |  20.44 |  17.21 |   6.84 |I I 
21:23-Wed-Apr-12-2017 PM2.5 |   7.84 |   7.93 |   7.28 |   4.52 |I I 
21:24-Wed-Apr-12-2017 PM10  |  16.22 |  20.01 |  17.21 |   6.84 |I I 
21:24-Wed-Apr-12-2017 PM2.5 |   7.65 |   7.90 |   7.28 |   4.52 |I I 
21:28-Wed-Apr-12-2017 PM10  |  17.80 |  19.81 |  17.21 |   6.84 |I I 
21:28-Wed-Apr-12-2017 PM2.5 |   8.13 |   7.92 |   7.28 |   4.52 |I I 
21:29-Wed-Apr-12-2017 PM10  |  16.80 |  19.56 |  17.21 |   6.84 |I I 
21:29-Wed-Apr-12-2017 PM2.5 |   7.61 |   7.90 |   7.28 |   4.52 |I I 
21:33-Wed-Apr-12-2017 PM10  |  16.22 |  19.30 |  17.21 |   6.84 |I I 
21:33-Wed-Apr-12-2017 PM2.5 |   7.95 |   7.90 |   7.28 |   4.52 |I I 
21:34-Wed-Apr-12-2017 PM10  |  19.62 |  19.33 |  17.21 |   6.84 |I I 
21:34-Wed-Apr-12-2017 PM2.5 |   7.39 |   7.86 |   7.28 |   4.52 |I I 
21:38-Wed-Apr-12-2017 PM10  |  17.87 |  19.23 |  17.21 |   6.84 |I I 
21:38-Wed-Apr-12-2017 PM2.5 |   7.68 |   7.85 |   7.28 |   4.52 |I I 
21:39-Wed-Apr-12-2017 PM10  |  18.15 |  19.16 |  17.21 |   6.84 |I I 
21:39-Wed-Apr-12-2017 PM2.5 |   7.35 |   7.82 |   7.28 |   4.52 |I I 
21:43-Wed-Apr-12-2017 PM10  |  18.81 |  19.14 |  17.21 |   6.84 |I I 
21:43-Wed-Apr-12-2017 PM2.5 |   7.52 |   7.80 |   7.28 |   4.52 |I I 
21:44-Wed-Apr-12-2017 PM10  |  19.43 |  19.16 |  17.21 |   6.84 |I I 
21:44-Wed-Apr-12-2017 PM2.5 |   7.19 |   7.77 |   7.28 |   4.52 |I I 
21:49-Wed-Apr-12-2017 PM10  |  18.51 |  19.12 |  17.21 |   6.84 |I I 
21:49-Wed-Apr-12-2017 PM2.5 |   7.64 |   7.76 |   7.28 |   4.52 |I I 
21:50-Wed-Apr-12-2017 PM10  |  18.51 |  19.09 |  17.21 |   6.84 |I I 
21:50-Wed-Apr-12-2017 PM2.5 |   7.64 |   7.76 |   7.28 |   4.52 |I I 
21:51-Wed-Apr-12-2017 PM10  |  17.65 |  19.02 |  17.21 |   6.84 |I I 
21:51-Wed-Apr-12-2017 PM2.5 |   7.27 |   7.73 |   7.28 |   4.52 |I I 
21:55-Wed-Apr-12-2017 PM10  |  16.88 |  18.93 |  17.21 |   6.84 |I I 
21:55-Wed-Apr-12-2017 PM2.5 |   7.87 |   7.74 |   7.28 |   4.52 |I I 
21:56-Wed-Apr-12-2017 PM10  |  16.28 |  18.81 |  17.21 |   6.84 |I I 
21:56-Wed-Apr-12-2017 PM2.5 |   7.01 |   7.71 |   7.28 |   4.52 |I I 
22:00-Wed-Apr-12-2017 PM10  |  21.11 |  18.91 |  18.91 |   6.84 |I I 
22:00-Wed-Apr-12-2017 PM2.5 |   7.78 |   7.71 |   7.71 |   4.52 |I I 
22:01-Wed-Apr-12-2017 PM10  |  16.97 |  16.97 |  18.91 |   6.84 |I I 
22:01-Wed-Apr-12-2017 PM2.5 |   7.84 |   7.84 |   7.71 |   4.52 |I I 
22:05-Wed-Apr-12-2017 PM10  |  22.37 |  19.67 |  18.91 |   6.84 |I I 
22:05-Wed-Apr-12-2017 PM2.5 |   8.37 |   8.10 |   7.71 |   4.52 |I I 
22:06-Wed-Apr-12-2017 PM10  |  14.51 |  17.95 |  18.91 |   6.84 |I I 
22:06-Wed-Apr-12-2017 PM2.5 |   7.61 |   7.94 |   7.71 |   4.52 |I I 
22:10-Wed-Apr-12-2017 PM10  |  14.43 |  17.07 |  18.91 |   6.84 |I I 
22:10-Wed-Apr-12-2017 PM2.5 |   7.86 |   7.92 |   7.71 |   4.52 |I I 
22:11-Wed-Apr-12-2017 PM10  |  15.72 |  16.80 |  18.91 |   6.84 |I I 
22:11-Wed-Apr-12-2017 PM2.5 |   7.30 |   7.79 |   7.71 |   4.52 |I I 
22:15-Wed-Apr-12-2017 PM10  |  17.03 |  16.84 |  18.91 |   6.84 |I I 
22:15-Wed-Apr-12-2017 PM2.5 |   7.17 |   7.69 |   7.71 |   4.52 |I I 
22:16-Wed-Apr-12-2017 PM10  |  17.03 |  16.87 |  18.91 |   6.84 |I I 
22:16-Wed-Apr-12-2017 PM2.5 |   7.17 |   7.62 |   7.71 |   4.52 |I I 
22:17-Wed-Apr-12-2017 PM10  |  18.68 |  17.09 |  18.91 |   6.84 |I I 
22:17-Wed-Apr-12-2017 PM2.5 |   7.45 |   7.59 |   7.71 |   4.52 |I I 
22:21-Wed-Apr-12-2017 PM10  |  19.70 |  17.38 |  18.91 |   6.84 |I I 
22:21-Wed-Apr-12-2017 PM2.5 |   7.82 |   7.62 |   7.71 |   4.52 |I I 
22:22-Wed-Apr-12-2017 PM10  |  14.41 |  17.09 |  18.91 |   6.84 |I I 
22:22-Wed-Apr-12-2017 PM2.5 |   7.26 |   7.58 |   7.71 |   4.52 |I I 
22:26-Wed-Apr-12-2017 PM10  |  20.76 |  17.42 |  18.91 |   6.84 |I I 
22:26-Wed-Apr-12-2017 PM2.5 |   7.83 |   7.61 |   7.71 |   4.52 |I I 
22:27-Wed-Apr-12-2017 PM10  |  14.35 |  17.16 |  18.91 |   6.84 |I I 
22:27-Wed-Apr-12-2017 PM2.5 |   7.58 |   7.60 |   7.71 |   4.52 |I I 
22:31-Wed-Apr-12-2017 PM10  |  17.38 |  17.18 |  18.91 |   6.84 |I I 
22:31-Wed-Apr-12-2017 PM2.5 |   7.95 |   7.63 |   7.71 |   4.52 |I I 
22:32-Wed-Apr-12-2017 PM10  |  22.28 |  17.54 |  18.91 |   6.84 |I I 
22:32-Wed-Apr-12-2017 PM2.5 |   7.90 |   7.65 |   7.71 |   4.52 |I I 
22:36-Wed-Apr-12-2017 PM10  |  21.02 |  17.78 |  18.91 |   6.84 |I I 
22:36-Wed-Apr-12-2017 PM2.5 |   7.91 |   7.67 |   7.71 |   4.52 |I I 
22:37-Wed-Apr-12-2017 PM10  |  19.03 |  17.85 |  18.91 |   6.84 |I I 
22:37-Wed-Apr-12-2017 PM2.5 |   7.79 |   7.67 |   7.71 |   4.52 |I I 
22:41-Wed-Apr-12-2017 PM10  |  17.76 |  17.85 |  18.91 |   6.84 |I I 
22:41-Wed-Apr-12-2017 PM2.5 |   7.64 |   7.67 |   7.71 |   4.52 |I I 
22:42-Wed-Apr-12-2017 PM10  |  17.76 |  17.84 |  18.91 |   6.84 |I I 
22:42-Wed-Apr-12-2017 PM2.5 |   7.64 |   7.67 |   7.71 |   4.52 |I I 
22:43-Wed-Apr-12-2017 PM10  |  19.57 |  17.94 |  18.91 |   6.84 |I I 
22:43-Wed-Apr-12-2017 PM2.5 |   7.74 |   7.67 |   7.71 |   4.52 |I I 
22:47-Wed-Apr-12-2017 PM10  |  14.15 |  17.75 |  18.91 |   6.84 |I I 
22:47-Wed-Apr-12-2017 PM2.5 |   7.30 |   7.66 |   7.71 |   4.52 |I I 
22:48-Wed-Apr-12-2017 PM10  |  17.68 |  17.74 |  18.91 |   6.84 |I I 
22:48-Wed-Apr-12-2017 PM2.5 |   7.49 |   7.65 |   7.71 |   4.52 |I I 
22:52-Wed-Apr-12-2017 PM10  |  17.61 |  17.74 |  18.91 |   6.84 |I I 
22:52-Wed-Apr-12-2017 PM2.5 |   7.75 |   7.65 |   7.71 |   4.52 |I I 
22:53-Wed-Apr-12-2017 PM10  |  16.30 |  17.67 |  18.91 |   6.84 |I I 
22:53-Wed-Apr-12-2017 PM2.5 |   7.19 |   7.63 |   7.71 |   4.52 |I I 
22:57-Wed-Apr-12-2017 PM10  |  13.14 |  17.49 |  18.91 |   6.84 |I I 
22:57-Wed-Apr-12-2017 PM2.5 |   7.56 |   7.63 |   7.71 |   4.52 |I I 
22:58-Wed-Apr-12-2017 PM10  |  15.39 |  17.40 |  18.91 |   6.84 |I I 
22:58-Wed-Apr-12-2017 PM2.5 |   7.73 |   7.63 |   7.71 |   4.52 |I I 
23:02-Wed-Apr-12-2017 PM10  |  16.66 |  17.37 |  18.91 |   6.84 |I I 
23:02-Wed-Apr-12-2017 PM2.5 |   7.89 |   7.64 |   7.71 |   4.52 |I I 
23:03-Wed-Apr-12-2017 PM10  |  14.15 |  14.15 |  18.91 |   6.84 |I I 
23:03-Wed-Apr-12-2017 PM2.5 |   7.25 |   7.25 |   7.71 |   4.52 |I I 
23:07-Wed-Apr-12-2017 PM10  |  14.79 |  14.47 |  18.91 |   6.84 |I I 
23:07-Wed-Apr-12-2017 PM2.5 |   7.26 |   7.25 |   7.71 |   4.52 |I I 
23:08-Wed-Apr-12-2017 PM10  |  14.79 |  14.58 |  18.91 |   6.84 |I I 
23:08-Wed-Apr-12-2017 PM2.5 |   7.26 |   7.25 |   7.71 |   4.52 |I I 
23:09-Wed-Apr-12-2017 PM10  |  17.20 |  15.23 |  18.91 |   6.84 |I I 
23:09-Wed-Apr-12-2017 PM2.5 |   7.10 |   7.22 |   7.71 |   4.52 |I I 
23:13-Wed-Apr-12-2017 PM10  |  13.95 |  14.98 |  18.91 |   6.84 |I I 
23:13-Wed-Apr-12-2017 PM2.5 |   7.00 |   7.17 |   7.71 |   4.52 |I I 
23:14-Wed-Apr-12-2017 PM10  |  18.89 |  15.63 |  18.91 |   6.84 |I I 
23:14-Wed-Apr-12-2017 PM2.5 |   7.62 |   7.25 |   7.71 |   4.52 |I I 
23:18-Wed-Apr-12-2017 PM10  |  15.46 |  15.61 |  18.91 |   6.84 |I I 
23:18-Wed-Apr-12-2017 PM2.5 |   7.61 |   7.30 |   7.71 |   4.52 |I I 
23:19-Wed-Apr-12-2017 PM10  |  14.60 |  15.48 |  18.91 |   6.84 |I I 
23:19-Wed-Apr-12-2017 PM2.5 |   6.85 |   7.24 |   7.71 |   4.52 |I I 
23:23-Wed-Apr-12-2017 PM10  |  16.20 |  15.56 |  18.91 |   6.84 |I I 
23:23-Wed-Apr-12-2017 PM2.5 |   7.86 |   7.31 |   7.71 |   4.52 |I I 
23:24-Wed-Apr-12-2017 PM10  |  16.01 |  15.60 |  18.91 |   6.84 |I I 
23:24-Wed-Apr-12-2017 PM2.5 |   7.38 |   7.32 |   7.71 |   4.52 |I I 
23:28-Wed-Apr-12-2017 PM10  |  14.91 |  15.54 |  18.91 |   6.84 |I I 
23:28-Wed-Apr-12-2017 PM2.5 |   7.68 |   7.35 |   7.71 |   4.52 |I I 
23:29-Wed-Apr-12-2017 PM10  |  17.88 |  15.74 |  18.91 |   6.84 |I I 
23:29-Wed-Apr-12-2017 PM2.5 |   7.49 |   7.36 |   7.71 |   4.52 |I I 
23:33-Wed-Apr-12-2017 PM10  |  14.00 |  15.60 |  18.91 |   6.84 |I I 
23:33-Wed-Apr-12-2017 PM2.5 |   7.44 |   7.37 |   7.71 |   4.52 |I I 
23:34-Wed-Apr-12-2017 PM10  |  14.00 |  15.49 |  18.91 |   6.84 |I I 
23:34-Wed-Apr-12-2017 PM2.5 |   7.44 |   7.37 |   7.71 |   4.52 |I I 
23:35-Wed-Apr-12-2017 PM10  |  12.63 |  15.30 |  18.91 |   6.84 |I I 
23:35-Wed-Apr-12-2017 PM2.5 |   7.02 |   7.35 |   7.71 |   4.52 |I I 
23:39-Wed-Apr-12-2017 PM10  |  14.59 |  15.25 |  18.91 |   6.84 |I I 
23:39-Wed-Apr-12-2017 PM2.5 |   7.12 |   7.34 |   7.71 |   4.52 |I I 
23:40-Wed-Apr-12-2017 PM10  |  12.33 |  15.08 |  18.91 |   6.84 |I I 
23:40-Wed-Apr-12-2017 PM2.5 |   7.01 |   7.32 |   7.71 |   4.52 |I I 
23:44-Wed-Apr-12-2017 PM10  |  15.99 |  15.13 |  18.91 |   6.84 |I I 
23:44-Wed-Apr-12-2017 PM2.5 |   7.21 |   7.31 |   7.71 |   4.52 |I I 
23:45-Wed-Apr-12-2017 PM10  |  11.43 |  14.94 |  18.91 |   6.84 |I I 
23:45-Wed-Apr-12-2017 PM2.5 |   7.09 |   7.30 |   7.71 |   4.52 |I I 
23:49-Wed-Apr-12-2017 PM10  |  13.74 |  14.88 |  18.91 |   6.84 |I I 
23:49-Wed-Apr-12-2017 PM2.5 |   7.73 |   7.32 |   7.71 |   4.52 |I I 
23:50-Wed-Apr-12-2017 PM10  |  11.80 |  14.73 |  18.91 |   6.84 |I I 
23:50-Wed-Apr-12-2017 PM2.5 |   7.41 |   7.32 |   7.71 |   4.52 |I I 
23:54-Wed-Apr-12-2017 PM10  |  13.23 |  14.66 |  18.91 |   6.84 |I I 
23:54-Wed-Apr-12-2017 PM2.5 |   7.41 |   7.33 |   7.71 |   4.52 |I I 
23:55-Wed-Apr-12-2017 PM10  |  10.81 |  14.50 |  18.91 |   6.84 |I I 
23:55-Wed-Apr-12-2017 PM2.5 |   6.91 |   7.31 |   7.71 |   4.52 |I I 
23:59-Wed-Apr-12-2017 PM10  |  16.29 |  14.57 |  18.91 |   6.84 |I I 
23:59-Wed-Apr-12-2017 PM2.5 |   7.36 |   7.31 |   7.71 |   4.52 |I I 
00:00-Thu-Apr-13-2017 PM10  |  16.29 |  14.64 |  18.91 |   6.84 |I I 
