[Sun Feb  5 00:00:33 2017] Report del giorno Sunday February 05 2017 -- INVIATO a centraline@googlegroups.com
00:00-Sun-Feb-05-2017 PM2.5 |   4.70 |   4.63 |   5.69 |   3.68 |   0.00 |   0.00 |
00:01-Sun-Feb-05-2017 PM10  |  17.80 |  17.80 |  17.80 |  17.80 |   0.00 |   0.00 |
00:01-Sun-Feb-05-2017 PM2.5 |   4.60 |   4.60 |   4.60 |   4.60 |   0.00 |   0.00 |
00:06-Sun-Feb-05-2017 PM10  |  14.73 |  16.27 |  17.80 |  14.73 |   0.00 |   0.00 |
00:06-Sun-Feb-05-2017 PM2.5 |   4.76 |   4.68 |   4.76 |   4.60 |   0.00 |   0.00 |
00:07-Sun-Feb-05-2017 PM10  |  12.53 |  15.02 |  17.80 |  12.53 |   0.00 |   0.00 |
00:07-Sun-Feb-05-2017 PM2.5 |   4.32 |   4.56 |   4.76 |   4.32 |   0.00 |   0.00 |
00:12-Sun-Feb-05-2017 PM10  |  14.79 |  14.96 |  17.80 |  12.53 |   0.00 |   0.00 |
00:12-Sun-Feb-05-2017 PM2.5 |   4.82 |   4.63 |   4.82 |   4.32 |   0.00 |   0.00 |
00:13-Sun-Feb-05-2017 PM10  |  14.79 |  14.93 |  17.80 |  12.53 |   0.00 |   0.00 |
00:13-Sun-Feb-05-2017 PM2.5 |   4.82 |   4.66 |   4.82 |   4.32 |   0.00 |   0.00 |
00:14-Sun-Feb-05-2017 PM10  |  15.24 |  14.98 |  17.80 |  12.53 |   0.00 |   0.00 |
00:14-Sun-Feb-05-2017 PM2.5 |   4.56 |   4.65 |   4.82 |   4.32 |   0.00 |   0.00 |
00:19-Sun-Feb-05-2017 PM10  |  14.54 |  14.92 |  17.80 |  12.53 |   0.00 |   0.00 |
00:19-Sun-Feb-05-2017 PM2.5 |   4.65 |   4.65 |   4.82 |   4.32 |   0.00 |   0.00 |
00:20-Sun-Feb-05-2017 PM10  |  15.40 |  14.98 |  17.80 |  12.53 |   0.00 |   0.00 |
00:20-Sun-Feb-05-2017 PM2.5 |   4.71 |   4.66 |   4.82 |   4.32 |   0.00 |   0.00 |
00:25-Sun-Feb-05-2017 PM10  |  16.26 |  15.12 |  17.80 |  12.53 |   0.00 |   0.00 |
00:25-Sun-Feb-05-2017 PM2.5 |   4.62 |   4.65 |   4.82 |   4.32 |   0.00 |   0.00 |
00:26-Sun-Feb-05-2017 PM10  |  12.32 |  14.84 |  17.80 |  12.32 |   0.00 |   0.00 |
00:26-Sun-Feb-05-2017 PM2.5 |   4.42 |   4.63 |   4.82 |   4.32 |   0.00 |   0.00 |
00:31-Sun-Feb-05-2017 PM10  |  17.08 |  15.05 |  17.80 |  12.32 |   0.00 |   0.00 |
00:31-Sun-Feb-05-2017 PM2.5 |   4.34 |   4.60 |   4.82 |   4.32 |   0.00 |   0.00 |
00:32-Sun-Feb-05-2017 PM10  |  11.39 |  14.74 |  17.80 |  11.39 |   0.00 |   0.00 |
00:32-Sun-Feb-05-2017 PM2.5 |   4.43 |   4.59 |   4.82 |   4.32 |   0.00 |   0.00 |
00:37-Sun-Feb-05-2017 PM10  |  12.31 |  14.55 |  17.80 |  11.39 |   0.00 |   0.00 |
00:37-Sun-Feb-05-2017 PM2.5 |   4.32 |   4.57 |   4.82 |   4.32 |   0.00 |   0.00 |
00:38-Sun-Feb-05-2017 PM10  |  16.22 |  14.67 |  17.80 |  11.39 |   0.00 |   0.00 |
00:38-Sun-Feb-05-2017 PM2.5 |   4.39 |   4.55 |   4.82 |   4.32 |   0.00 |   0.00 |
00:43-Sun-Feb-05-2017 PM10  |  18.16 |  14.91 |  18.16 |  11.39 |   0.00 |   0.00 |
00:43-Sun-Feb-05-2017 PM2.5 |   4.36 |   4.54 |   4.82 |   4.32 |   0.00 |   0.00 |
00:44-Sun-Feb-05-2017 PM10  |  18.16 |  15.11 |  18.16 |  11.39 |   0.00 |   0.00 |
00:44-Sun-Feb-05-2017 PM2.5 |   4.36 |   4.53 |   4.82 |   4.32 |   0.00 |   0.00 |
00:45-Sun-Feb-05-2017 PM10  |  14.81 |  15.09 |  18.16 |  11.39 |   0.00 |   0.00 |
00:45-Sun-Feb-05-2017 PM2.5 |   4.33 |   4.52 |   4.82 |   4.32 |   0.00 |   0.00 |
00:50-Sun-Feb-05-2017 PM10  |  13.92 |  15.03 |  18.16 |  11.39 |   0.00 |   0.00 |
00:50-Sun-Feb-05-2017 PM2.5 |   4.53 |   4.52 |   4.82 |   4.32 |   0.00 |   0.00 |
00:51-Sun-Feb-05-2017 PM10  |  13.50 |  14.95 |  18.16 |  11.39 |   0.00 |   0.00 |
00:51-Sun-Feb-05-2017 PM2.5 |   4.51 |   4.52 |   4.82 |   4.32 |   0.00 |   0.00 |
00:56-Sun-Feb-05-2017 PM10  |  15.36 |  14.97 |  18.16 |  11.39 |   0.00 |   0.00 |
00:56-Sun-Feb-05-2017 PM2.5 |   4.67 |   4.53 |   4.82 |   4.32 |   0.00 |   0.00 |
00:57-Sun-Feb-05-2017 PM10  |  11.84 |  14.82 |  18.16 |  11.39 |   0.00 |   0.00 |
00:57-Sun-Feb-05-2017 PM2.5 |   3.96 |   4.50 |   4.82 |   3.96 |   0.00 |   0.00 |
01:02-Sun-Feb-05-2017 PM10  |  13.53 |  14.76 |  18.16 |  11.39 |   0.00 |   0.00 |
01:02-Sun-Feb-05-2017 PM2.5 |   4.55 |   4.50 |   4.82 |   3.96 |   0.00 |   0.00 |
01:03-Sun-Feb-05-2017 PM10  |  12.10 |  14.64 |  18.16 |  11.39 |   0.00 |   0.00 |
01:03-Sun-Feb-05-2017 PM2.5 |   4.50 |   4.50 |   4.82 |   3.96 |   0.00 |   0.00 |
01:08-Sun-Feb-05-2017 PM10  |  13.66 |  14.60 |  18.16 |  11.39 |   0.00 |   0.00 |
01:08-Sun-Feb-05-2017 PM2.5 |   4.32 |   4.49 |   4.82 |   3.96 |   0.00 |   0.00 |
01:09-Sun-Feb-05-2017 PM10  |  16.61 |  14.68 |  18.16 |  11.39 |   0.00 |   0.00 |
01:09-Sun-Feb-05-2017 PM2.5 |   4.10 |   4.48 |   4.82 |   3.96 |   0.00 |   0.00 |
01:10-Sun-Feb-05-2017 PM10  |  16.61 |  14.76 |  18.16 |  11.39 |   0.00 |   0.00 |
01:10-Sun-Feb-05-2017 PM2.5 |   4.10 |   4.46 |   4.82 |   3.96 |   0.00 |   0.00 |
01:15-Sun-Feb-05-2017 PM10  |  14.96 |  14.76 |  18.16 |  11.39 |   0.00 |   0.00 |
01:15-Sun-Feb-05-2017 PM2.5 |   4.57 |   4.47 |   4.82 |   3.96 |   0.00 |   0.00 |
01:16-Sun-Feb-05-2017 PM10  |  12.86 |  14.70 |  18.16 |  11.39 |   0.00 |   0.00 |
01:16-Sun-Feb-05-2017 PM2.5 |   4.38 |   4.46 |   4.82 |   3.96 |   0.00 |   0.00 |
01:21-Sun-Feb-05-2017 PM10  |  17.30 |  14.79 |  18.16 |  11.39 |   0.00 |   0.00 |
01:21-Sun-Feb-05-2017 PM2.5 |   4.53 |   4.47 |   4.82 |   3.96 |   0.00 |   0.00 |
01:22-Sun-Feb-05-2017 PM10  |  11.73 |  14.68 |  18.16 |  11.39 |   0.00 |   0.00 |
01:22-Sun-Feb-05-2017 PM2.5 |   4.15 |   4.46 |   4.82 |   3.96 |   0.00 |   0.00 |
01:27-Sun-Feb-05-2017 PM10  |  13.09 |  14.63 |  18.16 |  11.39 |   0.00 |   0.00 |
01:27-Sun-Feb-05-2017 PM2.5 |   4.24 |   4.45 |   4.82 |   3.96 |   0.00 |   0.00 |
01:28-Sun-Feb-05-2017 PM10  |  13.41 |  14.59 |  18.16 |  11.39 |   0.00 |   0.00 |
01:28-Sun-Feb-05-2017 PM2.5 |   4.33 |   4.45 |   4.82 |   3.96 |   0.00 |   0.00 |
01:33-Sun-Feb-05-2017 PM10  |  11.94 |  14.51 |  18.16 |  11.39 |   0.00 |   0.00 |
01:33-Sun-Feb-05-2017 PM2.5 |   4.35 |   4.44 |   4.82 |   3.96 |   0.00 |   0.00 |
01:34-Sun-Feb-05-2017 PM10  |  15.16 |  14.53 |  18.16 |  11.39 |   0.00 |   0.00 |
01:34-Sun-Feb-05-2017 PM2.5 |   4.40 |   4.44 |   4.82 |   3.96 |   0.00 |   0.00 |
01:39-Sun-Feb-05-2017 PM10  |  12.44 |  14.47 |  18.16 |  11.39 |   0.00 |   0.00 |
01:39-Sun-Feb-05-2017 PM2.5 |   4.12 |   4.43 |   4.82 |   3.96 |   0.00 |   0.00 |
01:40-Sun-Feb-05-2017 PM10  |  13.29 |  14.44 |  18.16 |  11.39 |   0.00 |   0.00 |
01:40-Sun-Feb-05-2017 PM2.5 |   4.17 |   4.42 |   4.82 |   3.96 |   0.00 |   0.00 |
01:41-Sun-Feb-05-2017 PM10  |  13.29 |  14.41 |  18.16 |  11.39 |   0.00 |   0.00 |
01:41-Sun-Feb-05-2017 PM2.5 |   4.17 |   4.42 |   4.82 |   3.96 |   0.00 |   0.00 |
01:46-Sun-Feb-05-2017 PM10  |  11.30 |  14.33 |  18.16 |  11.30 |   0.00 |   0.00 |
01:46-Sun-Feb-05-2017 PM2.5 |   4.05 |   4.41 |   4.82 |   3.96 |   0.00 |   0.00 |
01:47-Sun-Feb-05-2017 PM10  |  12.12 |  14.27 |  18.16 |  11.30 |   0.00 |   0.00 |
01:47-Sun-Feb-05-2017 PM2.5 |   3.88 |   4.39 |   4.82 |   3.88 |   0.00 |   0.00 |
01:52-Sun-Feb-05-2017 PM10  |  14.79 |  14.28 |  18.16 |  11.30 |   0.00 |   0.00 |
01:52-Sun-Feb-05-2017 PM2.5 |   4.27 |   4.39 |   4.82 |   3.88 |   0.00 |   0.00 |
01:53-Sun-Feb-05-2017 PM10  |  15.81 |  14.32 |  18.16 |  11.30 |   0.00 |   0.00 |
01:53-Sun-Feb-05-2017 PM2.5 |   4.75 |   4.40 |   4.82 |   3.88 |   0.00 |   0.00 |
01:58-Sun-Feb-05-2017 PM10  |  13.31 |  14.30 |  18.16 |  11.30 |   0.00 |   0.00 |
01:58-Sun-Feb-05-2017 PM2.5 |   4.53 |   4.40 |   4.82 |   3.88 |   0.00 |   0.00 |
01:59-Sun-Feb-05-2017 PM10  |  15.33 |  14.32 |  18.16 |  11.30 |   0.00 |   0.00 |
01:59-Sun-Feb-05-2017 PM2.5 |   4.30 |   4.40 |   4.82 |   3.88 |   0.00 |   0.00 |
02:04-Sun-Feb-05-2017 PM10  |  13.24 |  14.30 |  18.16 |  11.30 |   0.00 |   0.00 |
02:04-Sun-Feb-05-2017 PM2.5 |   4.26 |   4.40 |   4.82 |   3.88 |   0.00 |   0.00 |
02:05-Sun-Feb-05-2017 PM10  |  14.45 |  14.30 |  18.16 |  11.30 |   0.00 |   0.00 |
02:05-Sun-Feb-05-2017 PM2.5 |   4.41 |   4.40 |   4.82 |   3.88 |   0.00 |   0.00 |
02:10-Sun-Feb-05-2017 PM10  |  16.31 |  14.34 |  18.16 |  11.30 |   0.00 |   0.00 |
02:10-Sun-Feb-05-2017 PM2.5 |   4.98 |   4.41 |   4.98 |   3.88 |   0.00 |   0.00 |
02:11-Sun-Feb-05-2017 PM10  |  16.31 |  14.39 |  18.16 |  11.30 |   0.00 |   0.00 |
02:11-Sun-Feb-05-2017 PM2.5 |   4.98 |   4.42 |   4.98 |   3.88 |   0.00 |   0.00 |
02:12-Sun-Feb-05-2017 PM10  |  13.31 |  14.36 |  18.16 |  11.30 |   0.00 |   0.00 |
02:12-Sun-Feb-05-2017 PM2.5 |   4.46 |   4.42 |   4.98 |   3.88 |   0.00 |   0.00 |
02:17-Sun-Feb-05-2017 PM10  |  15.28 |  14.38 |  18.16 |  11.30 |   0.00 |   0.00 |
02:17-Sun-Feb-05-2017 PM2.5 |   4.47 |   4.42 |   4.98 |   3.88 |   0.00 |   0.00 |
02:18-Sun-Feb-05-2017 PM10  |  14.66 |  14.39 |  18.16 |  11.30 |   0.00 |   0.00 |
02:18-Sun-Feb-05-2017 PM2.5 |   4.67 |   4.43 |   4.98 |   3.88 |   0.00 |   0.00 |
02:23-Sun-Feb-05-2017 PM10  |  13.13 |  14.36 |  18.16 |  11.30 |   0.00 |   0.00 |
02:23-Sun-Feb-05-2017 PM2.5 |   3.87 |   4.42 |   4.98 |   3.87 |   0.00 |   0.00 |
02:24-Sun-Feb-05-2017 PM10  |  11.47 |  14.31 |  18.16 |  11.30 |   0.00 |   0.00 |
02:24-Sun-Feb-05-2017 PM2.5 |   4.04 |   4.41 |   4.98 |   3.87 |   0.00 |   0.00 |
02:29-Sun-Feb-05-2017 PM10  |  14.79 |  14.32 |  18.16 |  11.30 |   0.00 |   0.00 |
02:29-Sun-Feb-05-2017 PM2.5 |   4.43 |   4.41 |   4.98 |   3.87 |   0.00 |   0.00 |
02:30-Sun-Feb-05-2017 PM10  |  12.25 |  14.28 |  18.16 |  11.30 |   0.00 |   0.00 |
02:30-Sun-Feb-05-2017 PM2.5 |   4.25 |   4.41 |   4.98 |   3.87 |   0.00 |   0.00 |
02:35-Sun-Feb-05-2017 PM10  |  12.91 |  14.25 |  18.16 |  11.30 |   0.00 |   0.00 |
02:35-Sun-Feb-05-2017 PM2.5 |   4.45 |   4.41 |   4.98 |   3.87 |   0.00 |   0.00 |
02:37-Sun-Feb-05-2017 PM10  |  10.85 |  14.19 |  18.16 |  10.85 |   0.00 |   0.00 |
02:37-Sun-Feb-05-2017 PM2.5 |   4.44 |   4.41 |   4.98 |   3.87 |   0.00 |   0.00 |
02:42-Sun-Feb-05-2017 PM10  |  12.84 |  14.17 |  18.16 |  10.85 |   0.00 |   0.00 |
02:42-Sun-Feb-05-2017 PM2.5 |   4.50 |   4.41 |   4.98 |   3.87 |   0.00 |   0.00 |
02:43-Sun-Feb-05-2017 PM10  |  12.84 |  14.15 |  18.16 |  10.85 |   0.00 |   0.00 |
02:43-Sun-Feb-05-2017 PM2.5 |   4.50 |   4.41 |   4.98 |   3.87 |   0.00 |   0.00 |
02:44-Sun-Feb-05-2017 PM10  |  13.51 |  14.13 |  18.16 |  10.85 |   0.00 |   0.00 |
02:44-Sun-Feb-05-2017 PM2.5 |   4.39 |   4.41 |   4.98 |   3.87 |   0.00 |   0.00 |
02:49-Sun-Feb-05-2017 PM10  |  14.19 |  14.14 |  18.16 |  10.85 |   0.00 |   0.00 |
02:49-Sun-Feb-05-2017 PM2.5 |   4.43 |   4.41 |   4.98 |   3.87 |   0.00 |   0.00 |
02:50-Sun-Feb-05-2017 PM10  |  13.61 |  14.13 |  18.16 |  10.85 |   0.00 |   0.00 |
02:50-Sun-Feb-05-2017 PM2.5 |   4.03 |   4.41 |   4.98 |   3.87 |   0.00 |   0.00 |
02:55-Sun-Feb-05-2017 PM10  |  11.39 |  14.08 |  18.16 |  10.85 |   0.00 |   0.00 |
02:55-Sun-Feb-05-2017 PM2.5 |   4.19 |   4.40 |   4.98 |   3.87 |   0.00 |   0.00 |
02:56-Sun-Feb-05-2017 PM10  |  13.27 |  14.07 |  18.16 |  10.85 |   0.00 |   0.00 |
02:56-Sun-Feb-05-2017 PM2.5 |   4.50 |   4.40 |   4.98 |   3.87 |   0.00 |   0.00 |
03:01-Sun-Feb-05-2017 PM10  |  14.77 |  14.08 |  18.16 |  10.85 |   0.00 |   0.00 |
03:01-Sun-Feb-05-2017 PM2.5 |   4.09 |   4.40 |   4.98 |   3.87 |   0.00 |   0.00 |
03:02-Sun-Feb-05-2017 PM10  |  13.09 |  14.07 |  18.16 |  10.85 |   0.00 |   0.00 |
03:02-Sun-Feb-05-2017 PM2.5 |   4.54 |   4.40 |   4.98 |   3.87 |   0.00 |   0.00 |
03:07-Sun-Feb-05-2017 PM10  |  11.75 |  14.03 |  18.16 |  10.85 |   0.00 |   0.00 |
03:07-Sun-Feb-05-2017 PM2.5 |   4.03 |   4.40 |   4.98 |   3.87 |   0.00 |   0.00 |
03:08-Sun-Feb-05-2017 PM10  |  15.67 |  14.06 |  18.16 |  10.85 |   0.00 |   0.00 |
03:08-Sun-Feb-05-2017 PM2.5 |   4.58 |   4.40 |   4.98 |   3.87 |   0.00 |   0.00 |
03:13-Sun-Feb-05-2017 PM10  |  12.08 |  14.03 |  18.16 |  10.85 |   0.00 |   0.00 |
03:13-Sun-Feb-05-2017 PM2.5 |   4.44 |   4.40 |   4.98 |   3.87 |   0.00 |   0.00 |
03:14-Sun-Feb-05-2017 PM10  |  12.08 |  14.00 |  18.16 |  10.85 |   0.00 |   0.00 |
03:14-Sun-Feb-05-2017 PM2.5 |   4.44 |   4.40 |   4.98 |   3.87 |   0.00 |   0.00 |
03:15-Sun-Feb-05-2017 PM10  |  11.77 |  13.97 |  18.16 |  10.85 |   0.00 |   0.00 |
03:15-Sun-Feb-05-2017 PM2.5 |   3.93 |   4.39 |   4.98 |   3.87 |   0.00 |   0.00 |
03:20-Sun-Feb-05-2017 PM10  |  13.00 |  13.95 |  18.16 |  10.85 |   0.00 |   0.00 |
03:20-Sun-Feb-05-2017 PM2.5 |   4.11 |   4.39 |   4.98 |   3.87 |   0.00 |   0.00 |
03:21-Sun-Feb-05-2017 PM10  |  12.17 |  13.93 |  18.16 |  10.85 |   0.00 |   0.00 |
03:21-Sun-Feb-05-2017 PM2.5 |   4.29 |   4.39 |   4.98 |   3.87 |   0.00 |   0.00 |
03:26-Sun-Feb-05-2017 PM10  |  13.13 |  13.92 |  18.16 |  10.85 |   0.00 |   0.00 |
03:26-Sun-Feb-05-2017 PM2.5 |   4.06 |   4.38 |   4.98 |   3.87 |   0.00 |   0.00 |
03:27-Sun-Feb-05-2017 PM10  |  11.54 |  13.88 |  18.16 |  10.85 |   0.00 |   0.00 |
03:27-Sun-Feb-05-2017 PM2.5 |   4.28 |   4.38 |   4.98 |   3.87 |   0.00 |   0.00 |
03:32-Sun-Feb-05-2017 PM10  |  13.45 |  13.88 |  18.16 |  10.85 |   0.00 |   0.00 |
03:32-Sun-Feb-05-2017 PM2.5 |   4.41 |   4.38 |   4.98 |   3.87 |   0.00 |   0.00 |
03:33-Sun-Feb-05-2017 PM10  |  12.70 |  13.86 |  18.16 |  10.85 |   0.00 |   0.00 |
03:33-Sun-Feb-05-2017 PM2.5 |   4.47 |   4.38 |   4.98 |   3.87 |   0.00 |   0.00 |
03:38-Sun-Feb-05-2017 PM10  |  13.78 |  13.86 |  18.16 |  10.85 |   0.00 |   0.00 |
03:38-Sun-Feb-05-2017 PM2.5 |   4.57 |   4.39 |   4.98 |   3.87 |   0.00 |   0.00 |
03:39-Sun-Feb-05-2017 PM10  |  12.73 |  13.85 |  18.16 |  10.85 |   0.00 |   0.00 |
03:39-Sun-Feb-05-2017 PM2.5 |   4.14 |   4.38 |   4.98 |   3.87 |   0.00 |   0.00 |
03:40-Sun-Feb-05-2017 PM10  |  12.73 |  13.83 |  18.16 |  10.85 |   0.00 |   0.00 |
03:40-Sun-Feb-05-2017 PM2.5 |   4.14 |   4.38 |   4.98 |   3.87 |   0.00 |   0.00 |
03:45-Sun-Feb-05-2017 PM10  |  11.43 |  13.80 |  18.16 |  10.85 |   0.00 |   0.00 |
03:45-Sun-Feb-05-2017 PM2.5 |   4.19 |   4.38 |   4.98 |   3.87 |   0.00 |   0.00 |
03:46-Sun-Feb-05-2017 PM10  |  14.64 |  13.81 |  18.16 |  10.85 |   0.00 |   0.00 |
03:46-Sun-Feb-05-2017 PM2.5 |   4.23 |   4.38 |   4.98 |   3.87 |   0.00 |   0.00 |
03:51-Sun-Feb-05-2017 PM10  |  12.52 |  13.80 |  18.16 |  10.85 |   0.00 |   0.00 |
03:51-Sun-Feb-05-2017 PM2.5 |   4.45 |   4.38 |   4.98 |   3.87 |   0.00 |   0.00 |
03:52-Sun-Feb-05-2017 PM10  |  14.58 |  13.81 |  18.16 |  10.85 |   0.00 |   0.00 |
03:52-Sun-Feb-05-2017 PM2.5 |   4.73 |   4.38 |   4.98 |   3.87 |   0.00 |   0.00 |
03:57-Sun-Feb-05-2017 PM10  |  11.09 |  13.78 |  18.16 |  10.85 |   0.00 |   0.00 |
03:57-Sun-Feb-05-2017 PM2.5 |   4.05 |   4.38 |   4.98 |   3.87 |   0.00 |   0.00 |
03:58-Sun-Feb-05-2017 PM10  |  12.74 |  13.76 |  18.16 |  10.85 |   0.00 |   0.00 |
03:58-Sun-Feb-05-2017 PM2.5 |   4.11 |   4.37 |   4.98 |   3.87 |   0.00 |   0.00 |
04:03-Sun-Feb-05-2017 PM10  |  12.20 |  13.74 |  18.16 |  10.85 |   0.00 |   0.00 |
04:03-Sun-Feb-05-2017 PM2.5 |   4.13 |   4.37 |   4.98 |   3.87 |   0.00 |   0.00 |
04:04-Sun-Feb-05-2017 PM10  |  12.16 |  13.73 |  18.16 |  10.85 |   0.00 |   0.00 |
04:04-Sun-Feb-05-2017 PM2.5 |   4.33 |   4.37 |   4.98 |   3.87 |   0.00 |   0.00 |
04:09-Sun-Feb-05-2017 PM10  |  17.68 |  13.77 |  18.16 |  10.85 |   0.00 |   0.00 |
04:09-Sun-Feb-05-2017 PM2.5 |   4.73 |   4.37 |   4.98 |   3.87 |   0.00 |   0.00 |
04:10-Sun-Feb-05-2017 PM10  |  10.18 |  13.73 |  18.16 |  10.18 |   0.00 |   0.00 |
04:10-Sun-Feb-05-2017 PM2.5 |   3.84 |   4.37 |   4.98 |   3.84 |   0.00 |   0.00 |
04:11-Sun-Feb-05-2017 PM10  |  10.18 |  13.69 |  18.16 |  10.18 |   0.00 |   0.00 |
04:11-Sun-Feb-05-2017 PM2.5 |   3.84 |   4.36 |   4.98 |   3.84 |   0.00 |   0.00 |
04:16-Sun-Feb-05-2017 PM10  |   9.79 |  13.65 |  18.16 |   9.79 |   0.00 |   0.00 |
04:16-Sun-Feb-05-2017 PM2.5 |   3.89 |   4.36 |   4.98 |   3.84 |   0.00 |   0.00 |
04:17-Sun-Feb-05-2017 PM10  |   8.94 |  13.60 |  18.16 |   8.94 |   0.00 |   0.00 |
04:17-Sun-Feb-05-2017 PM2.5 |   3.69 |   4.35 |   4.98 |   3.69 |   0.00 |   0.00 |
04:22-Sun-Feb-05-2017 PM10  |  10.03 |  13.56 |  18.16 |   8.94 |   0.00 |   0.00 |
04:22-Sun-Feb-05-2017 PM2.5 |   4.18 |   4.35 |   4.98 |   3.69 |   0.00 |   0.00 |
04:23-Sun-Feb-05-2017 PM10  |  11.97 |  13.54 |  18.16 |   8.94 |   0.00 |   0.00 |
04:23-Sun-Feb-05-2017 PM2.5 |   3.98 |   4.34 |   4.98 |   3.69 |   0.00 |   0.00 |
04:28-Sun-Feb-05-2017 PM10  |  12.27 |  13.53 |  18.16 |   8.94 |   0.00 |   0.00 |
04:28-Sun-Feb-05-2017 PM2.5 |   4.07 |   4.34 |   4.98 |   3.69 |   0.00 |   0.00 |
04:29-Sun-Feb-05-2017 PM10  |  11.46 |  13.51 |  18.16 |   8.94 |   0.00 |   0.00 |
04:29-Sun-Feb-05-2017 PM2.5 |   4.21 |   4.34 |   4.98 |   3.69 |   0.00 |   0.00 |
04:34-Sun-Feb-05-2017 PM10  |  11.09 |  13.48 |  18.16 |   8.94 |   0.00 |   0.00 |
04:34-Sun-Feb-05-2017 PM2.5 |   3.87 |   4.34 |   4.98 |   3.69 |   0.00 |   0.00 |
04:35-Sun-Feb-05-2017 PM10  |  12.73 |  13.47 |  18.16 |   8.94 |   0.00 |   0.00 |
04:35-Sun-Feb-05-2017 PM2.5 |   4.19 |   4.33 |   4.98 |   3.69 |   0.00 |   0.00 |
04:40-Sun-Feb-05-2017 PM10  |  13.00 |  13.47 |  18.16 |   8.94 |   0.00 |   0.00 |
04:40-Sun-Feb-05-2017 PM2.5 |   4.10 |   4.33 |   4.98 |   3.69 |   0.00 |   0.00 |
04:41-Sun-Feb-05-2017 PM10  |  10.49 |  13.44 |  18.16 |   8.94 |   0.00 |   0.00 |
04:41-Sun-Feb-05-2017 PM2.5 |   3.79 |   4.33 |   4.98 |   3.69 |   0.00 |   0.00 |
04:42-Sun-Feb-05-2017 PM10  |  10.49 |  13.41 |  18.16 |   8.94 |   0.00 |   0.00 |
04:42-Sun-Feb-05-2017 PM2.5 |   3.79 |   4.32 |   4.98 |   3.69 |   0.00 |   0.00 |
04:47-Sun-Feb-05-2017 PM10  |  13.11 |  13.41 |  18.16 |   8.94 |   0.00 |   0.00 |
04:47-Sun-Feb-05-2017 PM2.5 |   3.83 |   4.32 |   4.98 |   3.69 |   0.00 |   0.00 |
04:48-Sun-Feb-05-2017 PM10  |  11.99 |  13.39 |  18.16 |   8.94 |   0.00 |   0.00 |
04:48-Sun-Feb-05-2017 PM2.5 |   3.84 |   4.31 |   4.98 |   3.69 |   0.00 |   0.00 |
04:53-Sun-Feb-05-2017 PM10  |  11.74 |  13.38 |  18.16 |   8.94 |   0.00 |   0.00 |
04:53-Sun-Feb-05-2017 PM2.5 |   4.23 |   4.31 |   4.98 |   3.69 |   0.00 |   0.00 |
04:54-Sun-Feb-05-2017 PM10  |  10.32 |  13.35 |  18.16 |   8.94 |   0.00 |   0.00 |
04:54-Sun-Feb-05-2017 PM2.5 |   3.97 |   4.31 |   4.98 |   3.69 |   0.00 |   0.00 |
04:59-Sun-Feb-05-2017 PM10  |  11.14 |  13.33 |  18.16 |   8.94 |   0.00 |   0.00 |
04:59-Sun-Feb-05-2017 PM2.5 |   3.99 |   4.30 |   4.98 |   3.69 |   0.00 |   0.00 |
05:00-Sun-Feb-05-2017 PM10  |  10.97 |  13.31 |  18.16 |   8.94 |   0.00 |   0.00 |
05:00-Sun-Feb-05-2017 PM2.5 |   4.21 |   4.30 |   4.98 |   3.69 |   0.00 |   0.00 |
05:05-Sun-Feb-05-2017 PM10  |  11.86 |  13.29 |  18.16 |   8.94 |   0.00 |   0.00 |
05:05-Sun-Feb-05-2017 PM2.5 |   4.08 |   4.30 |   4.98 |   3.69 |   0.00 |   0.00 |
05:06-Sun-Feb-05-2017 PM10  |  11.18 |  13.27 |  18.16 |   8.94 |   0.00 |   0.00 |
05:06-Sun-Feb-05-2017 PM2.5 |   3.99 |   4.30 |   4.98 |   3.69 |   0.00 |   0.00 |
05:11-Sun-Feb-05-2017 PM10  |  11.31 |  13.26 |  18.16 |   8.94 |   0.00 |   0.00 |
05:11-Sun-Feb-05-2017 PM2.5 |   3.92 |   4.29 |   4.98 |   3.69 |   0.00 |   0.00 |
05:12-Sun-Feb-05-2017 PM10  |  11.31 |  13.24 |  18.16 |   8.94 |   0.00 |   0.00 |
05:12-Sun-Feb-05-2017 PM2.5 |   3.92 |   4.29 |   4.98 |   3.69 |   0.00 |   0.00 |
05:13-Sun-Feb-05-2017 PM10  |  14.25 |  13.25 |  18.16 |   8.94 |   0.00 |   0.00 |
05:13-Sun-Feb-05-2017 PM2.5 |   4.60 |   4.29 |   4.98 |   3.69 |   0.00 |   0.00 |
05:18-Sun-Feb-05-2017 PM10  |  11.55 |  13.23 |  18.16 |   8.94 |   0.00 |   0.00 |
05:18-Sun-Feb-05-2017 PM2.5 |   3.73 |   4.29 |   4.98 |   3.69 |   0.00 |   0.00 |
05:19-Sun-Feb-05-2017 PM10  |  10.38 |  13.21 |  18.16 |   8.94 |   0.00 |   0.00 |
05:19-Sun-Feb-05-2017 PM2.5 |   3.67 |   4.28 |   4.98 |   3.67 |   0.00 |   0.00 |
05:24-Sun-Feb-05-2017 PM10  |  11.25 |  13.19 |  18.16 |   8.94 |   0.00 |   0.00 |
05:24-Sun-Feb-05-2017 PM2.5 |   3.94 |   4.28 |   4.98 |   3.67 |   0.00 |   0.00 |
05:25-Sun-Feb-05-2017 PM10  |  10.98 |  13.17 |  18.16 |   8.94 |   0.00 |   0.00 |
05:25-Sun-Feb-05-2017 PM2.5 |   4.13 |   4.28 |   4.98 |   3.67 |   0.00 |   0.00 |
05:30-Sun-Feb-05-2017 PM10  |  11.38 |  13.16 |  18.16 |   8.94 |   0.00 |   0.00 |
05:30-Sun-Feb-05-2017 PM2.5 |   3.97 |   4.28 |   4.98 |   3.67 |   0.00 |   0.00 |
05:31-Sun-Feb-05-2017 PM10  |  12.47 |  13.15 |  18.16 |   8.94 |   0.00 |   0.00 |
05:31-Sun-Feb-05-2017 PM2.5 |   3.96 |   4.27 |   4.98 |   3.67 |   0.00 |   0.00 |
05:36-Sun-Feb-05-2017 PM10  |  11.92 |  13.14 |  18.16 |   8.94 |   0.00 |   0.00 |
05:36-Sun-Feb-05-2017 PM2.5 |   3.97 |   4.27 |   4.98 |   3.67 |   0.00 |   0.00 |
05:37-Sun-Feb-05-2017 PM10  |  11.61 |  13.13 |  18.16 |   8.94 |   0.00 |   0.00 |
05:37-Sun-Feb-05-2017 PM2.5 |   3.67 |   4.27 |   4.98 |   3.67 |   0.00 |   0.00 |
05:42-Sun-Feb-05-2017 PM10  |  10.86 |  13.11 |  18.16 |   8.94 |   0.00 |   0.00 |
05:42-Sun-Feb-05-2017 PM2.5 |   3.86 |   4.26 |   4.98 |   3.67 |   0.00 |   0.00 |
05:43-Sun-Feb-05-2017 PM10  |  10.86 |  13.09 |  18.16 |   8.94 |   0.00 |   0.00 |
05:43-Sun-Feb-05-2017 PM2.5 |   3.86 |   4.26 |   4.98 |   3.67 |   0.00 |   0.00 |
05:44-Sun-Feb-05-2017 PM10  |  13.14 |  13.09 |  18.16 |   8.94 |   0.00 |   0.00 |
05:44-Sun-Feb-05-2017 PM2.5 |   3.96 |   4.26 |   4.98 |   3.67 |   0.00 |   0.00 |
05:49-Sun-Feb-05-2017 PM10  |  10.13 |  13.07 |  18.16 |   8.94 |   0.00 |   0.00 |
05:49-Sun-Feb-05-2017 PM2.5 |   3.90 |   4.25 |   4.98 |   3.67 |   0.00 |   0.00 |
05:50-Sun-Feb-05-2017 PM10  |  13.63 |  13.07 |  18.16 |   8.94 |   0.00 |   0.00 |
05:50-Sun-Feb-05-2017 PM2.5 |   3.86 |   4.25 |   4.98 |   3.67 |   0.00 |   0.00 |
05:55-Sun-Feb-05-2017 PM10  |  10.97 |  13.05 |  18.16 |   8.94 |   0.00 |   0.00 |
05:55-Sun-Feb-05-2017 PM2.5 |   4.04 |   4.25 |   4.98 |   3.67 |   0.00 |   0.00 |
05:56-Sun-Feb-05-2017 PM10  |   9.78 |  13.03 |  18.16 |   8.94 |   0.00 |   0.00 |
05:56-Sun-Feb-05-2017 PM2.5 |   3.78 |   4.25 |   4.98 |   3.67 |   0.00 |   0.00 |
06:01-Sun-Feb-05-2017 PM10  |  11.42 |  13.02 |  18.16 |   8.94 |   0.00 |   0.00 |
06:01-Sun-Feb-05-2017 PM2.5 |   4.28 |   4.25 |   4.98 |   3.67 |   0.00 |   0.00 |
06:02-Sun-Feb-05-2017 PM10  |   9.15 |  12.99 |  18.16 |   8.94 |   0.00 |   0.00 |
06:02-Sun-Feb-05-2017 PM2.5 |   3.59 |   4.24 |   4.98 |   3.59 |   0.00 |   0.00 |
06:07-Sun-Feb-05-2017 PM10  |  10.99 |  12.97 |  18.16 |   8.94 |   0.00 |   0.00 |
06:07-Sun-Feb-05-2017 PM2.5 |   3.84 |   4.24 |   4.98 |   3.59 |   0.00 |   0.00 |
06:08-Sun-Feb-05-2017 PM10  |   9.96 |  12.95 |  18.16 |   8.94 |   0.00 |   0.00 |
06:08-Sun-Feb-05-2017 PM2.5 |   3.92 |   4.24 |   4.98 |   3.59 |   0.00 |   0.00 |
06:13-Sun-Feb-05-2017 PM10  |   9.52 |  12.92 |  18.16 |   8.94 |   0.00 |   0.00 |
06:13-Sun-Feb-05-2017 PM2.5 |   3.47 |   4.23 |   4.98 |   3.47 |   0.00 |   0.00 |
06:14-Sun-Feb-05-2017 PM10  |   9.52 |  12.90 |  18.16 |   8.94 |   0.00 |   0.00 |
06:14-Sun-Feb-05-2017 PM2.5 |   3.47 |   4.22 |   4.98 |   3.47 |   0.00 |   0.00 |
06:15-Sun-Feb-05-2017 PM10  |  12.16 |  12.89 |  18.16 |   8.94 |   0.00 |   0.00 |
06:15-Sun-Feb-05-2017 PM2.5 |   3.72 |   4.22 |   4.98 |   3.47 |   0.00 |   0.00 |
06:20-Sun-Feb-05-2017 PM10  |  13.12 |  12.89 |  18.16 |   8.94 |   0.00 |   0.00 |
06:20-Sun-Feb-05-2017 PM2.5 |   3.62 |   4.22 |   4.98 |   3.47 |   0.00 |   0.00 |
06:21-Sun-Feb-05-2017 PM10  |   9.85 |  12.87 |  18.16 |   8.94 |   0.00 |   0.00 |
06:21-Sun-Feb-05-2017 PM2.5 |   3.51 |   4.21 |   4.98 |   3.47 |   0.00 |   0.00 |
06:26-Sun-Feb-05-2017 PM10  |   9.73 |  12.85 |  18.16 |   8.94 |   0.00 |   0.00 |
06:26-Sun-Feb-05-2017 PM2.5 |   3.68 |   4.21 |   4.98 |   3.47 |   0.00 |   0.00 |
06:27-Sun-Feb-05-2017 PM10  |  12.81 |  12.85 |  18.16 |   8.94 |   0.00 |   0.00 |
06:27-Sun-Feb-05-2017 PM2.5 |   3.83 |   4.20 |   4.98 |   3.47 |   0.00 |   0.00 |
06:32-Sun-Feb-05-2017 PM10  |   8.13 |  12.81 |  18.16 |   8.13 |   0.00 |   0.00 |
06:32-Sun-Feb-05-2017 PM2.5 |   3.48 |   4.20 |   4.98 |   3.47 |   0.00 |   0.00 |
06:33-Sun-Feb-05-2017 PM10  |  11.27 |  12.80 |  18.16 |   8.13 |   0.00 |   0.00 |
06:33-Sun-Feb-05-2017 PM2.5 |   3.95 |   4.20 |   4.98 |   3.47 |   0.00 |   0.00 |
06:38-Sun-Feb-05-2017 PM10  |  10.46 |  12.78 |  18.16 |   8.13 |   0.00 |   0.00 |
06:38-Sun-Feb-05-2017 PM2.5 |   3.92 |   4.19 |   4.98 |   3.47 |   0.00 |   0.00 |
06:39-Sun-Feb-05-2017 PM10  |  10.32 |  12.77 |  18.16 |   8.13 |   0.00 |   0.00 |
06:39-Sun-Feb-05-2017 PM2.5 |   3.42 |   4.19 |   4.98 |   3.42 |   0.00 |   0.00 |
06:44-Sun-Feb-05-2017 PM10  |  10.99 |  12.76 |  18.16 |   8.13 |   0.00 |   0.00 |
06:44-Sun-Feb-05-2017 PM2.5 |   3.57 |   4.19 |   4.98 |   3.42 |   0.00 |   0.00 |
06:45-Sun-Feb-05-2017 PM10  |  10.99 |  12.74 |  18.16 |   8.13 |   0.00 |   0.00 |
06:45-Sun-Feb-05-2017 PM2.5 |   3.57 |   4.18 |   4.98 |   3.42 |   0.00 |   0.00 |
06:46-Sun-Feb-05-2017 PM10  |   8.49 |  12.71 |  18.16 |   8.13 |   0.00 |   0.00 |
06:46-Sun-Feb-05-2017 PM2.5 |   3.34 |   4.18 |   4.98 |   3.34 |   0.00 |   0.00 |
06:51-Sun-Feb-05-2017 PM10  |   8.95 |  12.69 |  18.16 |   8.13 |   0.00 |   0.00 |
06:51-Sun-Feb-05-2017 PM2.5 |   3.76 |   4.17 |   4.98 |   3.34 |   0.00 |   0.00 |
06:52-Sun-Feb-05-2017 PM10  |  11.79 |  12.68 |  18.16 |   8.13 |   0.00 |   0.00 |
06:52-Sun-Feb-05-2017 PM2.5 |   3.64 |   4.17 |   4.98 |   3.34 |   0.00 |   0.00 |
06:57-Sun-Feb-05-2017 PM10  |   9.69 |  12.66 |  18.16 |   8.13 |   0.00 |   0.00 |
06:57-Sun-Feb-05-2017 PM2.5 |   3.61 |   4.16 |   4.98 |   3.34 |   0.00 |   0.00 |
06:58-Sun-Feb-05-2017 PM10  |   9.77 |  12.64 |  18.16 |   8.13 |   0.00 |   0.00 |
06:58-Sun-Feb-05-2017 PM2.5 |   3.49 |   4.16 |   4.98 |   3.34 |   0.00 |   0.00 |
07:03-Sun-Feb-05-2017 PM10  |  11.25 |  12.63 |  18.16 |   8.13 |   0.00 |   0.00 |
07:03-Sun-Feb-05-2017 PM2.5 |   3.91 |   4.16 |   4.98 |   3.34 |   0.00 |   0.00 |
07:04-Sun-Feb-05-2017 PM10  |  12.00 |  12.63 |  18.16 |   8.13 |   0.00 |   0.00 |
07:04-Sun-Feb-05-2017 PM2.5 |   3.69 |   4.16 |   4.98 |   3.34 |   0.00 |   0.00 |
07:09-Sun-Feb-05-2017 PM10  |   9.71 |  12.61 |  18.16 |   8.13 |   0.00 |   0.00 |
07:09-Sun-Feb-05-2017 PM2.5 |   3.54 |   4.15 |   4.98 |   3.34 |   0.00 |   0.00 |
07:10-Sun-Feb-05-2017 PM10  |  12.41 |  12.61 |  18.16 |   8.13 |   0.00 |   0.00 |
07:10-Sun-Feb-05-2017 PM2.5 |   3.84 |   4.15 |   4.98 |   3.34 |   0.00 |   0.00 |
07:11-Sun-Feb-05-2017 PM10  |  12.41 |  12.61 |  18.16 |   8.13 |   0.00 |   0.00 |
07:11-Sun-Feb-05-2017 PM2.5 |   3.84 |   4.15 |   4.98 |   3.34 |   0.00 |   0.00 |
07:16-Sun-Feb-05-2017 PM10  |  14.61 |  12.62 |  18.16 |   8.13 |   0.00 |   0.00 |
07:16-Sun-Feb-05-2017 PM2.5 |   3.55 |   4.14 |   4.98 |   3.34 |   0.00 |   0.00 |
07:17-Sun-Feb-05-2017 PM10  |   9.43 |  12.60 |  18.16 |   8.13 |   0.00 |   0.00 |
07:17-Sun-Feb-05-2017 PM2.5 |   3.04 |   4.14 |   4.98 |   3.04 |   0.00 |   0.00 |
07:22-Sun-Feb-05-2017 PM10  |   9.67 |  12.58 |  18.16 |   8.13 |   0.00 |   0.00 |
07:22-Sun-Feb-05-2017 PM2.5 |   3.68 |   4.13 |   4.98 |   3.04 |   0.00 |   0.00 |
07:23-Sun-Feb-05-2017 PM10  |  10.35 |  12.57 |  18.16 |   8.13 |   0.00 |   0.00 |
07:23-Sun-Feb-05-2017 PM2.5 |   3.38 |   4.13 |   4.98 |   3.04 |   0.00 |   0.00 |
07:28-Sun-Feb-05-2017 PM10  |  12.37 |  12.57 |  18.16 |   8.13 |   0.00 |   0.00 |
07:28-Sun-Feb-05-2017 PM2.5 |   3.77 |   4.13 |   4.98 |   3.04 |   0.00 |   0.00 |
07:29-Sun-Feb-05-2017 PM10  |  11.15 |  12.56 |  18.16 |   8.13 |   0.00 |   0.00 |
07:29-Sun-Feb-05-2017 PM2.5 |   3.37 |   4.12 |   4.98 |   3.04 |   0.00 |   0.00 |
07:34-Sun-Feb-05-2017 PM10  |   9.37 |  12.54 |  18.16 |   8.13 |   0.00 |   0.00 |
07:34-Sun-Feb-05-2017 PM2.5 |   3.61 |   4.12 |   4.98 |   3.04 |   0.00 |   0.00 |
07:35-Sun-Feb-05-2017 PM10  |  12.07 |  12.53 |  18.16 |   8.13 |   0.00 |   0.00 |
07:35-Sun-Feb-05-2017 PM2.5 |   3.32 |   4.11 |   4.98 |   3.04 |   0.00 |   0.00 |
07:40-Sun-Feb-05-2017 PM10  |   8.86 |  12.51 |  18.16 |   8.13 |   0.00 |   0.00 |
07:40-Sun-Feb-05-2017 PM2.5 |   3.15 |   4.11 |   4.98 |   3.04 |   0.00 |   0.00 |
07:41-Sun-Feb-05-2017 PM10  |  10.65 |  12.50 |  18.16 |   8.13 |   0.00 |   0.00 |
07:41-Sun-Feb-05-2017 PM2.5 |   3.45 |   4.10 |   4.98 |   3.04 |   0.00 |   0.00 |
07:42-Sun-Feb-05-2017 PM10  |  10.65 |  12.49 |  18.16 |   8.13 |   0.00 |   0.00 |
07:42-Sun-Feb-05-2017 PM2.5 |   3.45 |   4.10 |   4.98 |   3.04 |   0.00 |   0.00 |
07:47-Sun-Feb-05-2017 PM10  |   6.91 |  12.45 |  18.16 |   6.91 |   0.00 |   0.00 |
07:47-Sun-Feb-05-2017 PM2.5 |   3.26 |   4.09 |   4.98 |   3.04 |   0.00 |   0.00 |
07:48-Sun-Feb-05-2017 PM10  |   9.86 |  12.44 |  18.16 |   6.91 |   0.00 |   0.00 |
07:48-Sun-Feb-05-2017 PM2.5 |   3.38 |   4.09 |   4.98 |   3.04 |   0.00 |   0.00 |
07:53-Sun-Feb-05-2017 PM10  |  10.30 |  12.43 |  18.16 |   6.91 |   0.00 |   0.00 |
07:53-Sun-Feb-05-2017 PM2.5 |   3.54 |   4.09 |   4.98 |   3.04 |   0.00 |   0.00 |
07:54-Sun-Feb-05-2017 PM10  |   8.17 |  12.40 |  18.16 |   6.91 |   0.00 |   0.00 |
07:54-Sun-Feb-05-2017 PM2.5 |   3.12 |   4.08 |   4.98 |   3.04 |   0.00 |   0.00 |
07:59-Sun-Feb-05-2017 PM10  |  11.76 |  12.40 |  18.16 |   6.91 |   0.00 |   0.00 |
07:59-Sun-Feb-05-2017 PM2.5 |   3.62 |   4.08 |   4.98 |   3.04 |   0.00 |   0.00 |
08:00-Sun-Feb-05-2017 PM10  |   8.32 |  12.37 |  18.16 |   6.91 |   0.00 |   0.00 |
08:00-Sun-Feb-05-2017 PM2.5 |   3.23 |   4.07 |   4.98 |   3.04 |   0.00 |   0.00 |
08:05-Sun-Feb-05-2017 PM10  |   8.74 |  12.35 |  18.16 |   6.91 |   0.00 |   0.00 |
08:05-Sun-Feb-05-2017 PM2.5 |   3.28 |   4.07 |   4.98 |   3.04 |   0.00 |   0.00 |
08:06-Sun-Feb-05-2017 PM10  |  10.81 |  12.34 |  18.16 |   6.91 |   0.00 |   0.00 |
08:06-Sun-Feb-05-2017 PM2.5 |   3.43 |   4.07 |   4.98 |   3.04 |   0.00 |   0.00 |
08:11-Sun-Feb-05-2017 PM10  |   9.24 |  12.33 |  18.16 |   6.91 |   0.00 |   0.00 |
08:11-Sun-Feb-05-2017 PM2.5 |   3.38 |   4.06 |   4.98 |   3.04 |   0.00 |   0.00 |
08:12-Sun-Feb-05-2017 PM10  |   8.86 |  12.31 |  18.16 |   6.91 |   0.00 |   0.00 |
08:12-Sun-Feb-05-2017 PM2.5 |   2.95 |   4.06 |   4.98 |   2.95 |   0.00 |   0.00 |
08:13-Sun-Feb-05-2017 PM10  |   8.86 |  12.29 |  18.16 |   6.91 |   0.00 |   0.00 |
08:13-Sun-Feb-05-2017 PM2.5 |   2.95 |   4.05 |   4.98 |   2.95 |   0.00 |   0.00 |
08:18-Sun-Feb-05-2017 PM10  |   9.42 |  12.27 |  18.16 |   6.91 |   0.00 |   0.00 |
08:18-Sun-Feb-05-2017 PM2.5 |   3.22 |   4.04 |   4.98 |   2.95 |   0.00 |   0.00 |
08:20-Sun-Feb-05-2017 PM10  |  12.05 |  12.27 |  18.16 |   6.91 |   0.00 |   0.00 |
08:20-Sun-Feb-05-2017 PM2.5 |   3.27 |   4.04 |   4.98 |   2.95 |   0.00 |   0.00 |
08:25-Sun-Feb-05-2017 PM10  |   7.76 |  12.24 |  18.16 |   6.91 |   0.00 |   0.00 |
08:25-Sun-Feb-05-2017 PM2.5 |   3.23 |   4.04 |   4.98 |   2.95 |   0.00 |   0.00 |
08:26-Sun-Feb-05-2017 PM10  |   6.73 |  12.21 |  18.16 |   6.73 |   0.00 |   0.00 |
08:26-Sun-Feb-05-2017 PM2.5 |   3.18 |   4.03 |   4.98 |   2.95 |   0.00 |   0.00 |
08:31-Sun-Feb-05-2017 PM10  |   7.61 |  12.19 |  18.16 |   6.73 |   0.00 |   0.00 |
08:31-Sun-Feb-05-2017 PM2.5 |   3.17 |   4.03 |   4.98 |   2.95 |   0.00 |   0.00 |
08:32-Sun-Feb-05-2017 PM10  |   6.66 |  12.16 |  18.16 |   6.66 |   0.00 |   0.00 |
08:32-Sun-Feb-05-2017 PM2.5 |   3.10 |   4.02 |   4.98 |   2.95 |   0.00 |   0.00 |
08:37-Sun-Feb-05-2017 PM10  |   8.38 |  12.14 |  18.16 |   6.66 |   0.00 |   0.00 |
08:37-Sun-Feb-05-2017 PM2.5 |   3.37 |   4.02 |   4.98 |   2.95 |   0.00 |   0.00 |
08:38-Sun-Feb-05-2017 PM10  |   8.56 |  12.12 |  18.16 |   6.66 |   0.00 |   0.00 |
08:38-Sun-Feb-05-2017 PM2.5 |   3.07 |   4.01 |   4.98 |   2.95 |   0.00 |   0.00 |
08:43-Sun-Feb-05-2017 PM10  |   7.78 |  12.09 |  18.16 |   6.66 |   0.00 |   0.00 |
08:43-Sun-Feb-05-2017 PM2.5 |   3.26 |   4.01 |   4.98 |   2.95 |   0.00 |   0.00 |
08:44-Sun-Feb-05-2017 PM10  |   7.64 |  12.07 |  18.16 |   6.66 |   0.00 |   0.00 |
08:44-Sun-Feb-05-2017 PM2.5 |   2.87 |   4.00 |   4.98 |   2.87 |   0.00 |   0.00 |
08:45-Sun-Feb-05-2017 PM10  |   7.64 |  12.05 |  18.16 |   6.66 |   0.00 |   0.00 |
08:45-Sun-Feb-05-2017 PM2.5 |   2.87 |   4.00 |   4.98 |   2.87 |   0.00 |   0.00 |
08:50-Sun-Feb-05-2017 PM10  |   9.86 |  12.03 |  18.16 |   6.66 |   0.00 |   0.00 |
08:50-Sun-Feb-05-2017 PM2.5 |   3.22 |   3.99 |   4.98 |   2.87 |   0.00 |   0.00 |
08:51-Sun-Feb-05-2017 PM10  |   8.33 |  12.02 |  18.16 |   6.66 |   0.00 |   0.00 |
08:51-Sun-Feb-05-2017 PM2.5 |   3.14 |   3.99 |   4.98 |   2.87 |   0.00 |   0.00 |
08:56-Sun-Feb-05-2017 PM10  |   7.42 |  11.99 |  18.16 |   6.66 |   0.00 |   0.00 |
08:56-Sun-Feb-05-2017 PM2.5 |   2.93 |   3.98 |   4.98 |   2.87 |   0.00 |   0.00 |
08:57-Sun-Feb-05-2017 PM10  |   6.84 |  11.96 |  18.16 |   6.66 |   0.00 |   0.00 |
08:57-Sun-Feb-05-2017 PM2.5 |   2.66 |   3.97 |   4.98 |   2.66 |   0.00 |   0.00 |
09:02-Sun-Feb-05-2017 PM10  |   7.94 |  11.94 |  18.16 |   6.66 |   0.00 |   0.00 |
09:02-Sun-Feb-05-2017 PM2.5 |   2.87 |   3.97 |   4.98 |   2.66 |   0.00 |   0.00 |
09:03-Sun-Feb-05-2017 PM10  |  10.25 |  11.93 |  18.16 |   6.66 |   0.00 |   0.00 |
09:03-Sun-Feb-05-2017 PM2.5 |   3.32 |   3.97 |   4.98 |   2.66 |   0.00 |   0.00 |
09:08-Sun-Feb-05-2017 PM10  |  10.37 |  11.93 |  18.16 |   6.66 |   0.00 |   0.00 |
09:08-Sun-Feb-05-2017 PM2.5 |   3.11 |   3.96 |   4.98 |   2.66 |   0.00 |   0.00 |
09:09-Sun-Feb-05-2017 PM10  |   6.15 |  11.90 |  18.16 |   6.15 |   0.00 |   0.00 |
09:09-Sun-Feb-05-2017 PM2.5 |   2.89 |   3.96 |   4.98 |   2.66 |   0.00 |   0.00 |
09:14-Sun-Feb-05-2017 PM10  |   7.10 |  11.87 |  18.16 |   6.15 |   0.00 |   0.00 |
09:14-Sun-Feb-05-2017 PM2.5 |   2.89 |   3.95 |   4.98 |   2.66 |   0.00 |   0.00 |
09:15-Sun-Feb-05-2017 PM10  |   7.10 |  11.85 |  18.16 |   6.15 |   0.00 |   0.00 |
09:15-Sun-Feb-05-2017 PM2.5 |   2.89 |   3.94 |   4.98 |   2.66 |   0.00 |   0.00 |
09:16-Sun-Feb-05-2017 PM10  |   7.11 |  11.82 |  18.16 |   6.15 |   0.00 |   0.00 |
09:16-Sun-Feb-05-2017 PM2.5 |   3.23 |   3.94 |   4.98 |   2.66 |   0.00 |   0.00 |
09:21-Sun-Feb-05-2017 PM10  |   6.79 |  11.80 |  18.16 |   6.15 |   0.00 |   0.00 |
09:21-Sun-Feb-05-2017 PM2.5 |   2.87 |   3.94 |   4.98 |   2.66 |   0.00 |   0.00 |
09:22-Sun-Feb-05-2017 PM10  |   7.03 |  11.77 |  18.16 |   6.15 |   0.00 |   0.00 |
09:22-Sun-Feb-05-2017 PM2.5 |   2.95 |   3.93 |   4.98 |   2.66 |   0.00 |   0.00 |
09:27-Sun-Feb-05-2017 PM10  |   7.18 |  11.75 |  18.16 |   6.15 |   0.00 |   0.00 |
09:27-Sun-Feb-05-2017 PM2.5 |   2.95 |   3.93 |   4.98 |   2.66 |   0.00 |   0.00 |
09:28-Sun-Feb-05-2017 PM10  |   6.92 |  11.73 |  18.16 |   6.15 |   0.00 |   0.00 |
09:28-Sun-Feb-05-2017 PM2.5 |   2.97 |   3.92 |   4.98 |   2.66 |   0.00 |   0.00 |
09:33-Sun-Feb-05-2017 PM10  |   7.36 |  11.71 |  18.16 |   6.15 |   0.00 |   0.00 |
09:33-Sun-Feb-05-2017 PM2.5 |   2.74 |   3.92 |   4.98 |   2.66 |   0.00 |   0.00 |
09:34-Sun-Feb-05-2017 PM10  |  10.44 |  11.70 |  18.16 |   6.15 |   0.00 |   0.00 |
09:34-Sun-Feb-05-2017 PM2.5 |   3.14 |   3.91 |   4.98 |   2.66 |   0.00 |   0.00 |
09:39-Sun-Feb-05-2017 PM10  |   8.71 |  11.69 |  18.16 |   6.15 |   0.00 |   0.00 |
09:39-Sun-Feb-05-2017 PM2.5 |   2.89 |   3.91 |   4.98 |   2.66 |   0.00 |   0.00 |
09:40-Sun-Feb-05-2017 PM10  |   5.87 |  11.66 |  18.16 |   5.87 |   0.00 |   0.00 |
09:40-Sun-Feb-05-2017 PM2.5 |   2.48 |   3.90 |   4.98 |   2.48 |   0.00 |   0.00 |
09:45-Sun-Feb-05-2017 PM10  |   7.63 |  11.64 |  18.16 |   5.87 |   0.00 |   0.00 |
09:45-Sun-Feb-05-2017 PM2.5 |   3.02 |   3.90 |   4.98 |   2.48 |   0.00 |   0.00 |
09:46-Sun-Feb-05-2017 PM10  |   7.63 |  11.62 |  18.16 |   5.87 |   0.00 |   0.00 |
09:46-Sun-Feb-05-2017 PM2.5 |   3.02 |   3.89 |   4.98 |   2.48 |   0.00 |   0.00 |
09:47-Sun-Feb-05-2017 PM10  |   9.47 |  11.61 |  18.16 |   5.87 |   0.00 |   0.00 |
09:47-Sun-Feb-05-2017 PM2.5 |   3.02 |   3.89 |   4.98 |   2.48 |   0.00 |   0.00 |
09:52-Sun-Feb-05-2017 PM10  |   7.74 |  11.59 |  18.16 |   5.87 |   0.00 |   0.00 |
09:52-Sun-Feb-05-2017 PM2.5 |   3.10 |   3.88 |   4.98 |   2.48 |   0.00 |   0.00 |
09:53-Sun-Feb-05-2017 PM10  |   9.30 |  11.58 |  18.16 |   5.87 |   0.00 |   0.00 |
09:53-Sun-Feb-05-2017 PM2.5 |   3.11 |   3.88 |   4.98 |   2.48 |   0.00 |   0.00 |
09:58-Sun-Feb-05-2017 PM10  |   8.65 |  11.57 |  18.16 |   5.87 |   0.00 |   0.00 |
09:58-Sun-Feb-05-2017 PM2.5 |   3.06 |   3.88 |   4.98 |   2.48 |   0.00 |   0.00 |
09:59-Sun-Feb-05-2017 PM10  |  13.30 |  11.57 |  18.16 |   5.87 |   0.00 |   0.00 |
09:59-Sun-Feb-05-2017 PM2.5 |   3.55 |   3.87 |   4.98 |   2.48 |   0.00 |   0.00 |
10:04-Sun-Feb-05-2017 PM10  |  10.15 |  11.57 |  18.16 |   5.87 |   0.00 |   0.00 |
10:04-Sun-Feb-05-2017 PM2.5 |   3.27 |   3.87 |   4.98 |   2.48 |   0.00 |   0.00 |
10:05-Sun-Feb-05-2017 PM10  |  11.55 |  11.57 |  18.16 |   5.87 |   0.00 |   0.00 |
10:05-Sun-Feb-05-2017 PM2.5 |   3.62 |   3.87 |   4.98 |   2.48 |   0.00 |   0.00 |
10:10-Sun-Feb-05-2017 PM10  |  11.74 |  11.57 |  18.16 |   5.87 |   0.00 |   0.00 |
10:10-Sun-Feb-05-2017 PM2.5 |   3.62 |   3.87 |   4.98 |   2.48 |   0.00 |   0.00 |
10:11-Sun-Feb-05-2017 PM10  |   9.41 |  11.56 |  18.16 |   5.87 |   0.00 |   0.00 |
10:11-Sun-Feb-05-2017 PM2.5 |   3.69 |   3.87 |   4.98 |   2.48 |   0.00 |   0.00 |
10:16-Sun-Feb-05-2017 PM10  |  10.44 |  11.55 |  18.16 |   5.87 |   0.00 |   0.00 |
10:16-Sun-Feb-05-2017 PM2.5 |   3.81 |   3.87 |   4.98 |   2.48 |   0.00 |   0.00 |
10:17-Sun-Feb-05-2017 PM10  |  10.44 |  11.55 |  18.16 |   5.87 |   0.00 |   0.00 |
10:17-Sun-Feb-05-2017 PM2.5 |   3.81 |   3.87 |   4.98 |   2.48 |   0.00 |   0.00 |
10:18-Sun-Feb-05-2017 PM10  |  10.24 |  11.54 |  18.16 |   5.87 |   0.00 |   0.00 |
10:18-Sun-Feb-05-2017 PM2.5 |   3.48 |   3.87 |   4.98 |   2.48 |   0.00 |   0.00 |
10:23-Sun-Feb-05-2017 PM10  |   8.78 |  11.53 |  18.16 |   5.87 |   0.00 |   0.00 |
10:23-Sun-Feb-05-2017 PM2.5 |   3.66 |   3.87 |   4.98 |   2.48 |   0.00 |   0.00 |
10:24-Sun-Feb-05-2017 PM10  |  14.88 |  11.54 |  18.16 |   5.87 |   0.00 |   0.00 |
10:24-Sun-Feb-05-2017 PM2.5 |   3.66 |   3.86 |   4.98 |   2.48 |   0.00 |   0.00 |
10:29-Sun-Feb-05-2017 PM10  |  10.94 |  11.54 |  18.16 |   5.87 |   0.00 |   0.00 |
10:29-Sun-Feb-05-2017 PM2.5 |   4.74 |   3.87 |   4.98 |   2.48 |   0.00 |   0.00 |
10:30-Sun-Feb-05-2017 PM10  |  10.90 |  11.54 |  18.16 |   5.87 |   0.00 |   0.00 |
10:30-Sun-Feb-05-2017 PM2.5 |   3.76 |   3.87 |   4.98 |   2.48 |   0.00 |   0.00 |
10:35-Sun-Feb-05-2017 PM10  |  11.70 |  11.54 |  18.16 |   5.87 |   0.00 |   0.00 |
10:35-Sun-Feb-05-2017 PM2.5 |   4.02 |   3.87 |   4.98 |   2.48 |   0.00 |   0.00 |
10:36-Sun-Feb-05-2017 PM10  |  13.82 |  11.55 |  18.16 |   5.87 |   0.00 |   0.00 |
10:36-Sun-Feb-05-2017 PM2.5 |   3.85 |   3.87 |   4.98 |   2.48 |   0.00 |   0.00 |
10:41-Sun-Feb-05-2017 PM10  |  13.07 |  11.56 |  18.16 |   5.87 |   0.00 |   0.00 |
10:41-Sun-Feb-05-2017 PM2.5 |   3.90 |   3.87 |   4.98 |   2.48 |   0.00 |   0.00 |
10:42-Sun-Feb-05-2017 PM10  |  10.57 |  11.55 |  18.16 |   5.87 |   0.00 |   0.00 |
10:42-Sun-Feb-05-2017 PM2.5 |   3.99 |   3.87 |   4.98 |   2.48 |   0.00 |   0.00 |
10:47-Sun-Feb-05-2017 PM10  |   8.47 |  11.54 |  18.16 |   5.87 |   0.00 |   0.00 |
10:47-Sun-Feb-05-2017 PM2.5 |   3.76 |   3.87 |   4.98 |   2.48 |   0.00 |   0.00 |
10:48-Sun-Feb-05-2017 PM10  |   8.47 |  11.53 |  18.16 |   5.87 |   0.00 |   0.00 |
10:48-Sun-Feb-05-2017 PM2.5 |   3.76 |   3.87 |   4.98 |   2.48 |   0.00 |   0.00 |
10:49-Sun-Feb-05-2017 PM10  |  13.31 |  11.53 |  18.16 |   5.87 |   0.00 |   0.00 |
10:49-Sun-Feb-05-2017 PM2.5 |   4.04 |   3.87 |   4.98 |   2.48 |   0.00 |   0.00 |
10:54-Sun-Feb-05-2017 PM10  |  11.68 |  11.53 |  18.16 |   5.87 |   0.00 |   0.00 |
10:54-Sun-Feb-05-2017 PM2.5 |   3.85 |   3.87 |   4.98 |   2.48 |   0.00 |   0.00 |
10:55-Sun-Feb-05-2017 PM10  |  11.44 |  11.53 |  18.16 |   5.87 |   0.00 |   0.00 |
10:55-Sun-Feb-05-2017 PM2.5 |   4.12 |   3.87 |   4.98 |   2.48 |   0.00 |   0.00 |
11:00-Sun-Feb-05-2017 PM10  |  10.95 |  11.53 |  18.16 |   5.87 |   0.00 |   0.00 |
11:00-Sun-Feb-05-2017 PM2.5 |   4.09 |   3.87 |   4.98 |   2.48 |   0.00 |   0.00 |
11:01-Sun-Feb-05-2017 PM10  |   9.19 |  11.52 |  18.16 |   5.87 |   0.00 |   0.00 |
11:01-Sun-Feb-05-2017 PM2.5 |   3.95 |   3.87 |   4.98 |   2.48 |   0.00 |   0.00 |
11:06-Sun-Feb-05-2017 PM10  |   8.96 |  11.51 |  18.16 |   5.87 |   0.00 |   0.00 |
11:06-Sun-Feb-05-2017 PM2.5 |   3.74 |   3.87 |   4.98 |   2.48 |   0.00 |   0.00 |
11:07-Sun-Feb-05-2017 PM10  |  13.79 |  11.52 |  18.16 |   5.87 |   0.00 |   0.00 |
11:07-Sun-Feb-05-2017 PM2.5 |   4.30 |   3.87 |   4.98 |   2.48 |   0.00 |   0.00 |
11:12-Sun-Feb-05-2017 PM10  |  12.92 |  11.53 |  18.16 |   5.87 |   0.00 |   0.00 |
11:12-Sun-Feb-05-2017 PM2.5 |   4.23 |   3.87 |   4.98 |   2.48 |   0.00 |   0.00 |
11:13-Sun-Feb-05-2017 PM10  |  11.91 |  11.53 |  18.16 |   5.87 |   0.00 |   0.00 |
11:13-Sun-Feb-05-2017 PM2.5 |   3.72 |   3.87 |   4.98 |   2.48 |   0.00 |   0.00 |
11:14-Sun-Feb-05-2017 PM10  |  11.91 |  11.53 |  18.16 |   5.87 |   0.00 |   0.00 |
11:14-Sun-Feb-05-2017 PM2.5 |   3.72 |   3.87 |   4.98 |   2.48 |   0.00 |   0.00 |
11:19-Sun-Feb-05-2017 PM10  |  10.59 |  11.52 |  18.16 |   5.87 |   0.00 |   0.00 |
11:19-Sun-Feb-05-2017 PM2.5 |   3.89 |   3.87 |   4.98 |   2.48 |   0.00 |   0.00 |
11:20-Sun-Feb-05-2017 PM10  |   9.76 |  11.52 |  18.16 |   5.87 |   0.00 |   0.00 |
11:20-Sun-Feb-05-2017 PM2.5 |   3.62 |   3.87 |   4.98 |   2.48 |   0.00 |   0.00 |
11:25-Sun-Feb-05-2017 PM10  |  10.05 |  11.51 |  18.16 |   5.87 |   0.00 |   0.00 |
11:25-Sun-Feb-05-2017 PM2.5 |   3.72 |   3.87 |   4.98 |   2.48 |   0.00 |   0.00 |
11:26-Sun-Feb-05-2017 PM10  |  12.87 |  11.52 |  18.16 |   5.87 |   0.00 |   0.00 |
11:26-Sun-Feb-05-2017 PM2.5 |   3.83 |   3.87 |   4.98 |   2.48 |   0.00 |   0.00 |
11:31-Sun-Feb-05-2017 PM10  |   9.43 |  11.51 |  18.16 |   5.87 |   0.00 |   0.00 |
11:31-Sun-Feb-05-2017 PM2.5 |   3.76 |   3.87 |   4.98 |   2.48 |   0.00 |   0.00 |
11:32-Sun-Feb-05-2017 PM10  |  10.84 |  11.51 |  18.16 |   5.87 |   0.00 |   0.00 |
11:32-Sun-Feb-05-2017 PM2.5 |   3.69 |   3.87 |   4.98 |   2.48 |   0.00 |   0.00 |
11:37-Sun-Feb-05-2017 PM10  |  11.63 |  11.51 |  18.16 |   5.87 |   0.00 |   0.00 |
11:37-Sun-Feb-05-2017 PM2.5 |   4.19 |   3.87 |   4.98 |   2.48 |   0.00 |   0.00 |
11:38-Sun-Feb-05-2017 PM10  |   7.48 |  11.49 |  18.16 |   5.87 |   0.00 |   0.00 |
11:38-Sun-Feb-05-2017 PM2.5 |   3.49 |   3.87 |   4.98 |   2.48 |   0.00 |   0.00 |
11:43-Sun-Feb-05-2017 PM10  |   7.70 |  11.47 |  18.16 |   5.87 |   0.00 |   0.00 |
11:43-Sun-Feb-05-2017 PM2.5 |   3.31 |   3.87 |   4.98 |   2.48 |   0.00 |   0.00 |
11:44-Sun-Feb-05-2017 PM10  |  11.49 |  11.47 |  18.16 |   5.87 |   0.00 |   0.00 |
11:44-Sun-Feb-05-2017 PM2.5 |   3.68 |   3.87 |   4.98 |   2.48 |   0.00 |   0.00 |
11:45-Sun-Feb-05-2017 PM10  |  11.49 |  11.47 |  18.16 |   5.87 |   0.00 |   0.00 |
11:45-Sun-Feb-05-2017 PM2.5 |   3.68 |   3.87 |   4.98 |   2.48 |   0.00 |   0.00 |
11:50-Sun-Feb-05-2017 PM10  |   9.65 |  11.47 |  18.16 |   5.87 |   0.00 |   0.00 |
11:50-Sun-Feb-05-2017 PM2.5 |   3.58 |   3.86 |   4.98 |   2.48 |   0.00 |   0.00 |
11:51-Sun-Feb-05-2017 PM10  |  12.95 |  11.47 |  18.16 |   5.87 |   0.00 |   0.00 |
11:51-Sun-Feb-05-2017 PM2.5 |   3.71 |   3.86 |   4.98 |   2.48 |   0.00 |   0.00 |
11:56-Sun-Feb-05-2017 PM10  |   9.13 |  11.46 |  18.16 |   5.87 |   0.00 |   0.00 |
11:56-Sun-Feb-05-2017 PM2.5 |   3.59 |   3.86 |   4.98 |   2.48 |   0.00 |   0.00 |
11:57-Sun-Feb-05-2017 PM10  |  10.34 |  11.46 |  18.16 |   5.87 |   0.00 |   0.00 |
11:57-Sun-Feb-05-2017 PM2.5 |   3.42 |   3.86 |   4.98 |   2.48 |   0.00 |   0.00 |
12:02-Sun-Feb-05-2017 PM10  |  10.30 |  11.46 |  18.16 |   5.87 |   0.00 |   0.00 |
12:02-Sun-Feb-05-2017 PM2.5 |   3.50 |   3.86 |   4.98 |   2.48 |   0.00 |   0.00 |
12:03-Sun-Feb-05-2017 PM10  |   7.33 |  11.44 |  18.16 |   5.87 |   0.00 |   0.00 |
12:03-Sun-Feb-05-2017 PM2.5 |   3.66 |   3.86 |   4.98 |   2.48 |   0.00 |   0.00 |
12:08-Sun-Feb-05-2017 PM10  |   9.21 |  11.43 |  18.16 |   5.87 |   0.00 |   0.00 |
12:08-Sun-Feb-05-2017 PM2.5 |   3.39 |   3.86 |   4.98 |   2.48 |   0.00 |   0.00 |
12:09-Sun-Feb-05-2017 PM10  |   8.94 |  11.42 |  18.16 |   5.87 |   0.00 |   0.00 |
12:09-Sun-Feb-05-2017 PM2.5 |   3.72 |   3.86 |   4.98 |   2.48 |   0.00 |   0.00 |
12:14-Sun-Feb-05-2017 PM10  |  14.08 |  11.43 |  18.16 |   5.87 |   0.00 |   0.00 |
12:14-Sun-Feb-05-2017 PM2.5 |   3.76 |   3.86 |   4.98 |   2.48 |   0.00 |   0.00 |
12:15-Sun-Feb-05-2017 PM10  |   9.07 |  11.42 |  18.16 |   5.87 |   0.00 |   0.00 |
12:15-Sun-Feb-05-2017 PM2.5 |   3.39 |   3.85 |   4.98 |   2.48 |   0.00 |   0.00 |
12:16-Sun-Feb-05-2017 PM10  |   9.07 |  11.41 |  18.16 |   5.87 |   0.00 |   0.00 |
12:16-Sun-Feb-05-2017 PM2.5 |   3.39 |   3.85 |   4.98 |   2.48 |   0.00 |   0.00 |
12:21-Sun-Feb-05-2017 PM10  |   9.52 |  11.41 |  18.16 |   5.87 |   0.00 |   0.00 |
12:21-Sun-Feb-05-2017 PM2.5 |   3.63 |   3.85 |   4.98 |   2.48 |   0.00 |   0.00 |
12:22-Sun-Feb-05-2017 PM10  |  10.57 |  11.40 |  18.16 |   5.87 |   0.00 |   0.00 |
12:22-Sun-Feb-05-2017 PM2.5 |   3.77 |   3.85 |   4.98 |   2.48 |   0.00 |   0.00 |
12:27-Sun-Feb-05-2017 PM10  |  10.96 |  11.40 |  18.16 |   5.87 |   0.00 |   0.00 |
12:27-Sun-Feb-05-2017 PM2.5 |   3.74 |   3.85 |   4.98 |   2.48 |   0.00 |   0.00 |
12:28-Sun-Feb-05-2017 PM10  |  10.49 |  11.40 |  18.16 |   5.87 |   0.00 |   0.00 |
12:28-Sun-Feb-05-2017 PM2.5 |   3.61 |   3.85 |   4.98 |   2.48 |   0.00 |   0.00 |
12:33-Sun-Feb-05-2017 PM10  |  12.99 |  11.40 |  18.16 |   5.87 |   0.00 |   0.00 |
12:33-Sun-Feb-05-2017 PM2.5 |   4.06 |   3.85 |   4.98 |   2.48 |   0.00 |   0.00 |
12:34-Sun-Feb-05-2017 PM10  |  10.86 |  11.40 |  18.16 |   5.87 |   0.00 |   0.00 |
12:34-Sun-Feb-05-2017 PM2.5 |   3.78 |   3.85 |   4.98 |   2.48 |   0.00 |   0.00 |
12:39-Sun-Feb-05-2017 PM10  |   7.85 |  11.39 |  18.16 |   5.87 |   0.00 |   0.00 |
12:39-Sun-Feb-05-2017 PM2.5 |   3.60 |   3.85 |   4.98 |   2.48 |   0.00 |   0.00 |
12:40-Sun-Feb-05-2017 PM10  |  15.03 |  11.40 |  18.16 |   5.87 |   0.00 |   0.00 |
12:40-Sun-Feb-05-2017 PM2.5 |   3.82 |   3.85 |   4.98 |   2.48 |   0.00 |   0.00 |
12:45-Sun-Feb-05-2017 PM10  |  10.87 |  11.40 |  18.16 |   5.87 |   0.00 |   0.00 |
12:45-Sun-Feb-05-2017 PM2.5 |   3.44 |   3.85 |   4.98 |   2.48 |   0.00 |   0.00 |
12:46-Sun-Feb-05-2017 PM10  |  10.87 |  11.40 |  18.16 |   5.87 |   0.00 |   0.00 |
12:46-Sun-Feb-05-2017 PM2.5 |   3.44 |   3.85 |   4.98 |   2.48 |   0.00 |   0.00 |
12:47-Sun-Feb-05-2017 PM10  |  11.01 |  11.40 |  18.16 |   5.87 |   0.00 |   0.00 |
12:47-Sun-Feb-05-2017 PM2.5 |   3.70 |   3.85 |   4.98 |   2.48 |   0.00 |   0.00 |
12:52-Sun-Feb-05-2017 PM10  |   8.28 |  11.39 |  18.16 |   5.87 |   0.00 |   0.00 |
12:52-Sun-Feb-05-2017 PM2.5 |   3.75 |   3.85 |   4.98 |   2.48 |   0.00 |   0.00 |
12:53-Sun-Feb-05-2017 PM10  |   8.03 |  11.37 |  18.16 |   5.87 |   0.00 |   0.00 |
12:53-Sun-Feb-05-2017 PM2.5 |   3.51 |   3.84 |   4.98 |   2.48 |   0.00 |   0.00 |
12:58-Sun-Feb-05-2017 PM10  |  10.50 |  11.37 |  18.16 |   5.87 |   0.00 |   0.00 |
12:58-Sun-Feb-05-2017 PM2.5 |   3.92 |   3.84 |   4.98 |   2.48 |   0.00 |   0.00 |
12:59-Sun-Feb-05-2017 PM10  |   9.59 |  11.36 |  18.16 |   5.87 |   0.00 |   0.00 |
12:59-Sun-Feb-05-2017 PM2.5 |   3.81 |   3.84 |   4.98 |   2.48 |   0.00 |   0.00 |
13:04-Sun-Feb-05-2017 PM10  |   8.05 |  11.35 |  18.16 |   5.87 |   0.00 |   0.00 |
13:04-Sun-Feb-05-2017 PM2.5 |   3.98 |   3.85 |   4.98 |   2.48 |   0.00 |   0.00 |
13:05-Sun-Feb-05-2017 PM10  |  12.85 |  11.36 |  18.16 |   5.87 |   0.00 |   0.00 |
13:05-Sun-Feb-05-2017 PM2.5 |   4.06 |   3.85 |   4.98 |   2.48 |   0.00 |   0.00 |
13:10-Sun-Feb-05-2017 PM10  |  11.97 |  11.36 |  18.16 |   5.87 |   0.00 |   0.00 |
13:10-Sun-Feb-05-2017 PM2.5 |   3.72 |   3.85 |   4.98 |   2.48 |   0.00 |   0.00 |
13:11-Sun-Feb-05-2017 PM10  |   9.08 |  11.35 |  18.16 |   5.87 |   0.00 |   0.00 |
13:11-Sun-Feb-05-2017 PM2.5 |   3.52 |   3.84 |   4.98 |   2.48 |   0.00 |   0.00 |
13:16-Sun-Feb-05-2017 PM10  |   9.01 |  11.34 |  18.16 |   5.87 |   0.00 |   0.00 |
13:16-Sun-Feb-05-2017 PM2.5 |   3.43 |   3.84 |   4.98 |   2.48 |   0.00 |   0.00 |
13:17-Sun-Feb-05-2017 PM10  |   9.01 |  11.33 |  18.16 |   5.87 |   0.00 |   0.00 |
13:17-Sun-Feb-05-2017 PM2.5 |   3.43 |   3.84 |   4.98 |   2.48 |   0.00 |   0.00 |
13:18-Sun-Feb-05-2017 PM10  |   9.58 |  11.33 |  18.16 |   5.87 |   0.00 |   0.00 |
13:18-Sun-Feb-05-2017 PM2.5 |   3.64 |   3.84 |   4.98 |   2.48 |   0.00 |   0.00 |
13:23-Sun-Feb-05-2017 PM10  |  10.63 |  11.33 |  18.16 |   5.87 |   0.00 |   0.00 |
13:23-Sun-Feb-05-2017 PM2.5 |   3.89 |   3.84 |   4.98 |   2.48 |   0.00 |   0.00 |
13:24-Sun-Feb-05-2017 PM10  |   8.55 |  11.32 |  18.16 |   5.87 |   0.00 |   0.00 |
13:24-Sun-Feb-05-2017 PM2.5 |   3.46 |   3.84 |   4.98 |   2.48 |   0.00 |   0.00 |
13:29-Sun-Feb-05-2017 PM10  |   8.84 |  11.31 |  18.16 |   5.87 |   0.00 |   0.00 |
13:29-Sun-Feb-05-2017 PM2.5 |   3.67 |   3.84 |   4.98 |   2.48 |   0.00 |   0.00 |
13:30-Sun-Feb-05-2017 PM10  |  13.41 |  11.31 |  18.16 |   5.87 |   0.00 |   0.00 |
13:30-Sun-Feb-05-2017 PM2.5 |   4.34 |   3.84 |   4.98 |   2.48 |   0.00 |   0.00 |
13:35-Sun-Feb-05-2017 PM10  |  14.56 |  11.33 |  18.16 |   5.87 |   0.00 |   0.00 |
13:35-Sun-Feb-05-2017 PM2.5 |   4.24 |   3.84 |   4.98 |   2.48 |   0.00 |   0.00 |
13:36-Sun-Feb-05-2017 PM10  |  13.20 |  11.33 |  18.16 |   5.87 |   0.00 |   0.00 |
13:36-Sun-Feb-05-2017 PM2.5 |   4.25 |   3.84 |   4.98 |   2.48 |   0.00 |   0.00 |
13:41-Sun-Feb-05-2017 PM10  |  12.20 |  11.34 |  18.16 |   5.87 |   0.00 |   0.00 |
13:41-Sun-Feb-05-2017 PM2.5 |   4.52 |   3.85 |   4.98 |   2.48 |   0.00 |   0.00 |
13:42-Sun-Feb-05-2017 PM10  |  13.65 |  11.34 |  18.16 |   5.87 |   0.00 |   0.00 |
13:42-Sun-Feb-05-2017 PM2.5 |   4.40 |   3.85 |   4.98 |   2.48 |   0.00 |   0.00 |
13:43-Sun-Feb-05-2017 PM10  |  13.65 |  11.35 |  18.16 |   5.87 |   0.00 |   0.00 |
13:43-Sun-Feb-05-2017 PM2.5 |   4.40 |   3.85 |   4.98 |   2.48 |   0.00 |   0.00 |
13:47-Sun-Feb-05-2017 PM10  |  14.62 |  11.36 |  18.16 |   5.87 |   0.00 |   0.00 |
13:47-Sun-Feb-05-2017 PM2.5 |   5.00 |   3.85 |   5.00 |   2.48 |   0.00 |   0.00 |
13:48-Sun-Feb-05-2017 PM10  |  14.62 |  11.37 |  18.16 |   5.87 |   0.00 |   0.00 |
13:48-Sun-Feb-05-2017 PM2.5 |   5.00 |   3.86 |   5.00 |   2.48 |   0.00 |   0.00 |
13:49-Sun-Feb-05-2017 PM10  |  13.98 |  11.38 |  18.16 |   5.87 |   0.00 |   0.00 |
13:49-Sun-Feb-05-2017 PM2.5 |   4.27 |   3.86 |   5.00 |   2.48 |   0.00 |   0.00 |
13:54-Sun-Feb-05-2017 PM10  |  11.38 |  11.38 |  18.16 |   5.87 |   0.00 |   0.00 |
13:54-Sun-Feb-05-2017 PM2.5 |   4.53 |   3.86 |   5.00 |   2.48 |   0.00 |   0.00 |
13:55-Sun-Feb-05-2017 PM10  |  13.95 |  11.39 |  18.16 |   5.87 |   0.00 |   0.00 |
13:55-Sun-Feb-05-2017 PM2.5 |   4.29 |   3.86 |   5.00 |   2.48 |   0.00 |   0.00 |
14:01-Sun-Feb-05-2017 PM10  |  16.63 |  11.41 |  18.16 |   5.87 |   0.00 |   0.00 |
14:01-Sun-Feb-05-2017 PM2.5 |   4.86 |   3.87 |   5.00 |   2.48 |   0.00 |   0.00 |
14:02-Sun-Feb-05-2017 PM10  |  11.42 |  11.41 |  18.16 |   5.87 |   0.00 |   0.00 |
14:02-Sun-Feb-05-2017 PM2.5 |   4.40 |   3.87 |   5.00 |   2.48 |   0.00 |   0.00 |
14:07-Sun-Feb-05-2017 PM10  |  11.12 |  11.41 |  18.16 |   5.87 |   0.00 |   0.00 |
14:07-Sun-Feb-05-2017 PM2.5 |   4.33 |   3.87 |   5.00 |   2.48 |   0.00 |   0.00 |
14:08-Sun-Feb-05-2017 PM10  |  10.90 |  11.41 |  18.16 |   5.87 |   0.00 |   0.00 |
14:08-Sun-Feb-05-2017 PM2.5 |   4.33 |   3.87 |   5.00 |   2.48 |   0.00 |   0.00 |
15:40-Sun-Feb-05-2017 PM10  |   9.07 |   9.07 |  9.07 alle |   9.07 |   0.00 |   0.00 |
15:40-Sun-Feb-05-2017 PM2.5 |   4.12 |   4.12 |   4.12 |   4.12 |   0.00 |   0.00 |
15:45-Sun-Feb-05-2017 PM10  |   8.77 |   8.92 |  9.07 alle |   8.77 |   0.00 |   0.00 |
15:45-Sun-Feb-05-2017 PM2.5 |   4.16 |   4.14 |   4.16 |   4.12 |   0.00 |   0.00 |
15:46-Sun-Feb-05-2017 PM10  |   7.65 |   8.50 |  9.07 alle |   7.65 |   0.00 |   0.00 |
15:46-Sun-Feb-05-2017 PM2.5 |   3.60 |   3.96 |   4.16 |   3.60 |   0.00 |   0.00 |
15:55-Sun-Feb-05-2017 PM10  |   8.17 |   8.17 |  8.17 alle |   8.17 |   0.00 |   0.00 |
15:55-Sun-Feb-05-2017 PM2.5 |   3.66 |   3.66 |   3.66 |   3.66 |   0.00 |   0.00 |
16:17-Sun-Feb-05-2017 PM10  |   7.81 |   7.81 |  7.81 alle |   7.81 |   0.00 |   0.00 |
16:17-Sun-Feb-05-2017 PM2.5 |   3.66 |   3.66 |   3.66 |   3.66 |   0.00 |   0.00 |
16:22-Sun-Feb-05-2017 PM10  |   8.85 |   8.33 |  8.85 alle |   7.81 |   0.00 |   0.00 |
16:22-Sun-Feb-05-2017 PM2.5 |   3.87 |   3.76 |   3.87 |   3.66 |   0.00 |   0.00 |
16:23-Sun-Feb-05-2017 PM10  |  14.14 |  10.27 |  14.14 alle |   7.81 |   0.00 |   0.00 |
16:23-Sun-Feb-05-2017 PM2.5 |   3.74 |   3.75 |   3.87 |   3.66 |   0.00 |   0.00 |
16:28-Sun-Feb-05-2017 PM10  |   9.54 |  10.08 |  14.14 alle |   7.81 |   0.00 |   0.00 |
16:28-Sun-Feb-05-2017 PM2.5 |   3.63 |   3.72 |   3.87 |   3.63 |   0.00 |   0.00 |
16:29-Sun-Feb-05-2017 PM10  |  11.39 |  10.34 |  14.14 alle |   7.81 |   0.00 |   0.00 |
16:29-Sun-Feb-05-2017 PM2.5 |   3.74 |   3.73 |   3.87 |   3.63 |   0.00 |   0.00 |
16:34-Sun-Feb-05-2017 PM10  |  12.10 |  10.64 |  14.14 alle |   7.81 |   0.00 |   0.00 |
16:34-Sun-Feb-05-2017 PM2.5 |   4.02 |   3.78 |   4.02 |   3.63 |   0.00 |   0.00 |
16:35-Sun-Feb-05-2017 PM10  |   8.46 |  10.33 |  14.14 alle |   7.81 |   0.00 |   0.00 |
16:35-Sun-Feb-05-2017 PM2.5 |   3.61 |   3.75 |   4.02 |   3.61 |   0.00 |   0.00 |
16:40-Sun-Feb-05-2017 PM10  |  11.19 |  10.43 |  14.14 alle |   7.81 |   0.00 |   0.00 |
16:40-Sun-Feb-05-2017 PM2.5 |   3.92 |   3.77 |   4.02 |   3.61 |   0.00 |   0.00 |
16:41-Sun-Feb-05-2017 PM10  |  15.15 |  10.96 |  15.15 alle |   7.81 |   0.00 |   0.00 |
16:41-Sun-Feb-05-2017 PM2.5 |   4.55 |   3.86 |   4.55 |   3.61 |   0.00 |   0.00 |
16:42-Sun-Feb-05-2017 PM10  |  15.15 |  11.38 |  15.15 alle |   7.81 |   0.00 |   0.00 |
16:42-Sun-Feb-05-2017 PM2.5 |   4.55 |   3.93 |   4.55 |   3.61 |   0.00 |   0.00 |
16:47-Sun-Feb-05-2017 PM10  |  11.58 |  11.40 |  15.15 alle |   7.81 |   0.00 |   0.00 |
16:47-Sun-Feb-05-2017 PM2.5 |   4.49 |   3.98 |   4.55 |   3.61 |   0.00 |   0.00 |
16:48-Sun-Feb-05-2017 PM10  |  10.27 |  11.30 |  15.15 alle |   7.81 |   0.00 |   0.00 |
16:48-Sun-Feb-05-2017 PM2.5 |   3.93 |   3.98 |   4.55 |   3.61 |   0.00 |   0.00 |
16:53-Sun-Feb-05-2017 PM10  |  10.78 |  11.26 |  15.15 alle |   7.81 |   0.00 |   0.00 |
16:53-Sun-Feb-05-2017 PM2.5 |   4.17 |   3.99 |   4.55 |   3.61 |   0.00 |   0.00 |
16:54-Sun-Feb-05-2017 PM10  |   9.93 |  11.17 |  15.15 alle |   7.81 |   0.00 |   0.00 |
16:54-Sun-Feb-05-2017 PM2.5 |   4.21 |   4.01 |   4.55 |   3.61 |   0.00 |   0.00 |
17:06-Sun-Feb-05-2017Start
17:07-Sun-Feb-05-2017Start
17:07-Sun-Feb-05-2017Start
17:08-Sun-Feb-05-2017Start
17:10-Sun-Feb-05-2017Start
17:16-Sun-Feb-05-2017 PM10  |  14.13 |  14.13 |  14.13 |  14.13 |   0.00 |   0.00 |
17:16-Sun-Feb-05-2017 PM2.5 |   4.01 |   4.01 |   4.01 |   4.01 |   0.00 |   0.00 |
17:17-Sun-Feb-05-2017Start
17:23-Sun-Feb-05-2017 PM10  |  16.82 |  16.82 |  16.82 |  16.82 |   0.00 |   0.00 |
17:23-Sun-Feb-05-2017 PM2.5 |   3.72 |   3.72 |   3.72 |   3.72 |   0.00 |   0.00 |
17:28-Sun-Feb-05-2017 PM10  |   9.06 |  12.94 |  16.82 |   9.06 |   0.00 |   0.00 |
17:28-Sun-Feb-05-2017 PM2.5 |   4.14 |   3.93 |   4.14 |   3.72 |   0.00 |   0.00 |
17:29-Sun-Feb-05-2017 PM10  |  14.79 |  13.56 |  16.82 |   9.06 |   0.00 |   0.00 |
17:29-Sun-Feb-05-2017 PM2.5 |   3.80 |   3.88 |   4.14 |   3.72 |   0.00 |   0.00 |
17:34-Sun-Feb-05-2017 PM10  |   9.18 |  12.46 |  16.82 |   9.06 |   0.00 |   0.00 |
17:34-Sun-Feb-05-2017 PM2.5 |   3.57 |   3.80 |   4.14 |   3.57 |   0.00 |   0.00 |
17:35-Sun-Feb-05-2017 PM10  |   8.46 |  11.66 |  16.82 |   8.46 |   0.00 |   0.00 |
17:35-Sun-Feb-05-2017 PM2.5 |   3.74 |   3.79 |   4.14 |   3.57 |   0.00 |   0.00 |
17:17-Sun-Feb-05-2017Start
17:46-Sun-Feb-05-2017 PM10  |   4.89 |   4.89 |   4.89 |   4.89 |   0.00 |   0.00 |
17:46-Sun-Feb-05-2017 PM2.5 |   2.55 |   2.55 |   2.55 |   2.55 |   0.00 |   0.00 |
17:51-Sun-Feb-05-2017 PM10  |   5.93 |   5.41 |   5.93 |   4.89 |   0.00 |   0.00 |
17:51-Sun-Feb-05-2017 PM2.5 |   2.83 |   2.69 |   2.83 |   2.55 |   0.00 |   0.00 |
17:52-Sun-Feb-05-2017 PM10  |   5.94 |   5.59 |   5.94 |   4.89 |   0.00 |   0.00 |
17:52-Sun-Feb-05-2017 PM2.5 |   2.68 |   2.69 |   2.83 |   2.55 |   0.00 |   0.00 |
17:57-Sun-Feb-05-2017 PM10  |   6.28 |   5.76 |   6.28 |   4.89 |   0.00 |   0.00 |
17:57-Sun-Feb-05-2017 PM2.5 |   2.86 |   2.73 |   2.86 |   2.55 |   0.00 |   0.00 |
17:58-Sun-Feb-05-2017 PM10  |   6.49 |   5.90 |   6.49 |   4.89 |   0.00 |   0.00 |
17:58-Sun-Feb-05-2017 PM2.5 |   3.20 |   2.82 |   3.20 |   2.55 |   0.00 |   0.00 |
18:03-Sun-Feb-05-2017 PM10  |   5.80 |   5.89 |   6.49 |   4.89 |   0.00 |   0.00 |
18:03-Sun-Feb-05-2017 PM2.5 |   3.25 |   2.89 |   3.25 |   2.55 |   0.00 |   0.00 |
18:04-Sun-Feb-05-2017 PM10  |   4.17 |   5.64 |   6.49 |   4.17 |   0.00 |   0.00 |
18:04-Sun-Feb-05-2017 PM2.5 |   2.63 |   2.86 |   3.25 |   2.55 |   0.00 |   0.00 |
18:09-Sun-Feb-05-2017 PM10  |   4.45 |   5.49 |   6.49 |   4.17 |   0.00 |   0.00 |
18:09-Sun-Feb-05-2017 PM2.5 |   2.84 |   2.85 |   3.25 |   2.55 |   0.00 |   0.00 |
18:10-Sun-Feb-05-2017 PM10  |   4.56 |   5.39 |   6.49 |   4.17 |   0.00 |   0.00 |
18:10-Sun-Feb-05-2017 PM2.5 |   2.81 |   2.85 |   3.25 |   2.55 |   0.00 |   0.00 |
18:11-Sun-Feb-05-2017 PM10  |   4.56 |   5.31 |   6.49 |   4.17 |   0.00 |   0.00 |
18:11-Sun-Feb-05-2017 PM2.5 |   2.81 |   2.85 |   3.25 |   2.55 |   0.00 |   0.00 |
18:16-Sun-Feb-05-2017 PM10  |   4.09 |   5.20 |   6.49 |   4.09 |   0.00 |   0.00 |
18:16-Sun-Feb-05-2017 PM2.5 |   2.48 |   2.81 |   3.25 |   2.48 |   0.00 |   0.00 |
18:17-Sun-Feb-05-2017 PM10  |   3.36 |   5.04 |   6.49 |   3.36 |   0.00 |   0.00 |
18:17-Sun-Feb-05-2017 PM2.5 |   2.64 |   2.80 |   3.25 |   2.48 |   0.00 |   0.00 |
18:22-Sun-Feb-05-2017 PM10  |   5.07 |   5.04 |   6.49 |   3.36 |   0.00 |   0.00 |
18:22-Sun-Feb-05-2017 PM2.5 |   3.12 |   2.82 |   3.25 |   2.48 |   0.00 |   0.00 |
18:23-Sun-Feb-05-2017 PM10  |   4.79 |   5.03 |   6.49 |   3.36 |   0.00 |   0.00 |
18:23-Sun-Feb-05-2017 PM2.5 |   2.94 |   2.83 |   3.25 |   2.48 |   0.00 |   0.00 |
18:29-Sun-Feb-05-2017 PM10  |   6.71 |   5.14 |   6.71 |   3.36 |   0.00 |   0.00 |
18:29-Sun-Feb-05-2017 PM2.5 |   3.17 |   2.85 |   3.25 |   2.48 |   0.00 |   0.00 |
18:30-Sun-Feb-05-2017 PM10  |  11.05 |   5.51 |  11.05 |   3.36 |   0.00 |   0.00 |
18:30-Sun-Feb-05-2017 PM2.5 |   4.67 |   2.97 |   4.67 |   2.48 |   0.00 |   0.00 |
18:35-Sun-Feb-05-2017 PM10  |   7.81 |   5.64 |  11.05 |   3.36 |   0.00 |   0.00 |
18:35-Sun-Feb-05-2017 PM2.5 |   4.18 |   3.04 |   4.67 |   2.48 |   0.00 |   0.00 |
18:36-Sun-Feb-05-2017 PM10  |  16.89 |   6.27 |  16.89 |   3.36 |   0.00 |   0.00 |
18:36-Sun-Feb-05-2017 PM2.5 |   4.33 |   3.11 |   4.67 |   2.48 |   0.00 |   0.00 |
18:41-Sun-Feb-05-2017 PM10  |  14.46 |   6.70 |  16.89 |   3.36 |   0.00 |   0.00 |
18:41-Sun-Feb-05-2017 PM2.5 |   5.08 |   3.21 |   5.08 |   2.48 |   0.00 |   0.00 |
18:42-Sun-Feb-05-2017 PM10  |  11.20 |   6.92 |  16.89 |   3.36 |   0.00 |   0.00 |
18:42-Sun-Feb-05-2017 PM2.5 |   4.57 |   3.28 |   5.08 |   2.48 |   0.00 |   0.00 |
18:43-Sun-Feb-05-2017 PM10  |  11.20 |   7.13 |  16.89 |   3.36 |   0.00 |   0.00 |
18:43-Sun-Feb-05-2017 PM2.5 |   4.57 |   3.34 |   5.08 |   2.48 |   0.00 |   0.00 |
18:48-Sun-Feb-05-2017 PM10  |  14.99 |   7.49 |  16.89 |   3.36 |   0.00 |   0.00 |
18:48-Sun-Feb-05-2017 PM2.5 |   5.03 |   3.42 |   5.08 |   2.48 |   0.00 |   0.00 |
18:49-Sun-Feb-05-2017 PM10  |  18.89 |   7.98 |  18.89 |   3.36 |   0.00 |   0.00 |
18:49-Sun-Feb-05-2017 PM2.5 |   5.38 |   3.51 |   5.38 |   2.48 |   0.00 |   0.00 |
18:54-Sun-Feb-05-2017 PM10  |  18.56 |   8.42 |  18.89 |   3.36 |   0.00 |   0.00 |
18:54-Sun-Feb-05-2017 PM2.5 |   5.80 |   3.60 |   5.80 |   2.48 |   0.00 |   0.00 |
18:55-Sun-Feb-05-2017 PM10  |  16.27 |   8.74 |  18.89 |   3.36 |   0.00 |   0.00 |
18:55-Sun-Feb-05-2017 PM2.5 |   5.75 |   3.69 |   5.80 |   2.48 |   0.00 |   0.00 |
19:00-Sun-Feb-05-2017 PM10  |  20.27 |   9.18 |  20.27 |   3.36 |   0.00 |   1.00 |
19:00-Sun-Feb-05-2017 PM2.5 |   6.27 |   3.79 |   6.27 |   2.48 |   0.00 |   0.00 |
19:01-Sun-Feb-05-2017 PM10  |  17.41 |   9.48 |  20.27 |   3.36 |   0.00 |   1.00 |
19:01-Sun-Feb-05-2017 PM2.5 |   5.60 |   3.85 |   6.27 |   2.48 |   0.00 |   0.00 |
19:06-Sun-Feb-05-2017 PM10  |  16.78 |   9.75 |  20.27 |   3.36 |   0.00 |   1.00 |
19:06-Sun-Feb-05-2017 PM2.5 |   5.66 |   3.92 |   6.27 |   2.48 |   0.00 |   0.00 |
19:07-Sun-Feb-05-2017 PM10  |  20.45 |  10.11 |  20.45 |   3.36 |   0.00 |   2.00 |
19:07-Sun-Feb-05-2017 PM2.5 |   5.64 |   3.98 |   6.27 |   2.48 |   0.00 |   0.00 |
19:12-Sun-Feb-05-2017 PM10  |  20.75 |  10.47 |  20.75 |   3.36 |   0.00 |   2.00 |
19:12-Sun-Feb-05-2017 PM2.5 |   6.26 |   4.05 |   6.27 |   2.48 |   0.00 |   0.00 |
19:13-Sun-Feb-05-2017 PM10  |  23.31 |  10.88 |  23.31 |   3.36 |   0.00 |   3.00 |
19:13-Sun-Feb-05-2017 PM2.5 |   6.10 |   4.12 |   6.27 |   2.48 |   0.00 |   0.00 |
19:14-Sun-Feb-05-2017 PM10  |  23.31 |  11.27 |  23.31 |   3.36 |   0.00 |   3.00 |
19:14-Sun-Feb-05-2017 PM2.5 |   6.10 |   4.18 |   6.27 |   2.48 |   0.00 |   0.00 |
19:19-Sun-Feb-05-2017 PM10  |  25.87 |  11.71 |  25.87 |   3.36 |   0.00 |   4.00 |
19:19-Sun-Feb-05-2017 PM2.5 |   6.31 |   4.25 |   6.31 |   2.48 |   0.00 |   0.00 |
19:20-Sun-Feb-05-2017 PM10  |  22.74 |  12.04 |  25.87 |   3.36 |   0.00 |   4.00 |
19:20-Sun-Feb-05-2017 PM2.5 |   5.21 |   4.27 |   6.31 |   2.48 |   0.00 |   0.00 |
19:25-Sun-Feb-05-2017 PM10  |  24.27 |  12.39 |  25.87 |   3.36 |   0.00 |   5.00 |
19:25-Sun-Feb-05-2017 PM2.5 |   5.96 |   4.32 |   6.31 |   2.48 |   0.00 |   0.00 |
19:26-Sun-Feb-05-2017 PM10  |  26.75 |  12.79 |  26.75 |   3.36 |   0.00 |   5.00 |
19:26-Sun-Feb-05-2017 PM2.5 |   6.07 |   4.37 |   6.31 |   2.48 |   0.00 |   0.00 |
19:31-Sun-Feb-05-2017 PM10  |  29.27 |  13.23 |  29.27 |   3.36 |   0.00 |   6.00 |
19:31-Sun-Feb-05-2017 PM2.5 |   6.15 |   4.42 |   6.31 |   2.48 |   0.00 |   0.00 |
19:32-Sun-Feb-05-2017 PM10  |  24.37 |  13.53 |  29.27 |   3.36 |   0.00 |   6.00 |
19:32-Sun-Feb-05-2017 PM2.5 |   5.37 |   4.44 |   6.31 |   2.48 |   0.00 |   0.00 |
19:37-Sun-Feb-05-2017 PM10  |  29.17 |  13.93 |  29.27 |   3.36 |   0.00 |   7.00 |
19:37-Sun-Feb-05-2017 PM2.5 |   6.19 |   4.49 |   6.31 |   2.48 |   0.00 |   0.00 |
19:38-Sun-Feb-05-2017 PM10  |  22.84 |  14.15 |  29.27 |   3.36 |   0.00 |   7.00 |
19:38-Sun-Feb-05-2017 PM2.5 |   4.64 |   4.49 |   6.31 |   2.48 |   0.00 |   0.00 |
19:43-Sun-Feb-05-2017 PM10  |  27.75 |  14.48 |  29.27 |   3.36 |   0.00 |   8.00 |
19:43-Sun-Feb-05-2017 PM2.5 |   5.72 |   4.52 |   6.31 |   2.48 |   0.00 |   0.00 |
19:44-Sun-Feb-05-2017 PM10  |  27.91 |  14.80 |  29.27 |   3.36 |   0.00 |   8.00 |
19:44-Sun-Feb-05-2017 PM2.5 |   5.73 |   4.55 |   6.31 |   2.48 |   0.00 |   0.00 |
19:45-Sun-Feb-05-2017 PM10  |  27.91 |  15.11 |  29.27 |   3.36 |   0.00 |   9.00 |
19:45-Sun-Feb-05-2017 PM2.5 |   5.73 |   4.58 |   6.31 |   2.48 |   0.00 |   0.00 |
19:50-Sun-Feb-05-2017 PM10  |  29.47 |  15.43 |  29.47 |   3.36 |   0.00 |   9.00 |
19:50-Sun-Feb-05-2017 PM2.5 |   6.27 |   4.62 |   6.31 |   2.48 |   0.00 |   0.00 |
19:51-Sun-Feb-05-2017 PM10  |  29.27 |  15.74 |  29.47 |   3.36 |   0.00 |  10.00 |
19:51-Sun-Feb-05-2017 PM2.5 |   5.11 |   4.63 |   6.31 |   2.48 |   0.00 |   0.00 |
19:56-Sun-Feb-05-2017 PM10  |  25.76 |  15.96 |  29.47 |   3.36 |   0.00 |  10.00 |
19:56-Sun-Feb-05-2017 PM2.5 |   6.10 |   4.66 |   6.31 |   2.48 |   0.00 |   0.00 |
19:57-Sun-Feb-05-2017 PM10  |  22.35 |  16.09 |  29.47 |   3.36 |   0.00 |  11.00 |
19:57-Sun-Feb-05-2017 PM2.5 |   5.77 |   4.68 |   6.31 |   2.48 |   0.00 |   0.00 |
20:02-Sun-Feb-05-2017 PM10  |  26.66 |  16.31 |  29.47 |   3.36 |   0.00 |  11.00 |
20:02-Sun-Feb-05-2017 PM2.5 |   6.02 |   4.71 |   6.31 |   2.48 |   0.00 |   0.00 |
20:03-Sun-Feb-05-2017 PM10  |  20.80 |  16.41 |  29.47 |   3.36 |   0.00 |  12.00 |
20:03-Sun-Feb-05-2017 PM2.5 |   4.98 |   4.72 |   6.31 |   2.48 |   0.00 |   0.00 |
20:08-Sun-Feb-05-2017 PM10  |  20.58 |  16.49 |  29.47 |   3.36 |   0.00 |  12.00 |
20:08-Sun-Feb-05-2017 PM2.5 |   5.53 |   4.73 |   6.31 |   2.48 |   0.00 |   0.00 |
20:09-Sun-Feb-05-2017 PM10  |  25.79 |  16.67 |  29.47 |   3.36 |   0.00 |  13.00 |
20:09-Sun-Feb-05-2017 PM2.5 |   5.01 |   4.74 |   6.31 |   2.48 |   0.00 |   0.00 |
20:14-Sun-Feb-05-2017 PM10  |  25.39 |  16.84 |  29.47 |   3.36 |   0.00 |  13.00 |
20:14-Sun-Feb-05-2017 PM2.5 |   4.17 |   4.73 |   6.31 |   2.48 |   0.00 |   0.00 |
20:15-Sun-Feb-05-2017 PM10  |  12.89 |  16.76 |  29.47 |   3.36 |   0.00 |  13.00 |
20:15-Sun-Feb-05-2017 PM2.5 |   2.87 |   4.69 |   6.31 |   2.48 |   0.00 |   0.00 |
20:20-Sun-Feb-05-2017 PM10  |  11.88 |  16.67 |  29.47 |   3.36 |   0.00 |  13.00 |
20:20-Sun-Feb-05-2017 PM2.5 |   2.80 |   4.66 |   6.31 |   2.48 |   0.00 |   0.00 |
20:21-Sun-Feb-05-2017 PM10  |  10.12 |  16.55 |  29.47 |   3.36 |   0.00 |  13.00 |
20:21-Sun-Feb-05-2017 PM2.5 |   2.44 |   4.62 |   6.31 |   2.44 |   0.00 |   0.00 |
20:26-Sun-Feb-05-2017 PM10  |   9.58 |  16.43 |  29.47 |   3.36 |   0.00 |  13.00 |
20:26-Sun-Feb-05-2017 PM2.5 |   2.54 |   4.58 |   6.31 |   2.44 |   0.00 |   0.00 |
20:27-Sun-Feb-05-2017 PM10  |   8.85 |  16.30 |  29.47 |   3.36 |   0.00 |  13.00 |
20:27-Sun-Feb-05-2017 PM2.5 |   2.53 |   4.54 |   6.31 |   2.44 |   0.00 |   0.00 |
20:32-Sun-Feb-05-2017 PM10  |   8.26 |  16.16 |  29.47 |   3.36 |   0.00 |  13.00 |
20:32-Sun-Feb-05-2017 PM2.5 |   2.75 |   4.51 |   6.31 |   2.44 |   0.00 |   0.00 |
20:33-Sun-Feb-05-2017 PM10  |   6.23 |  15.99 |  29.47 |   3.36 |   0.00 |  13.00 |
20:33-Sun-Feb-05-2017 PM2.5 |   2.36 |   4.48 |   6.31 |   2.36 |   0.00 |   0.00 |
20:38-Sun-Feb-05-2017 PM10  |   8.54 |  15.87 |  29.47 |   3.36 |   0.00 |  13.00 |
20:38-Sun-Feb-05-2017 PM2.5 |   2.98 |   4.45 |   6.31 |   2.36 |   0.00 |   0.00 |
20:39-Sun-Feb-05-2017 PM10  |   9.85 |  15.77 |  29.47 |   3.36 |   0.00 |  13.00 |
20:39-Sun-Feb-05-2017 PM2.5 |   2.80 |   4.42 |   6.31 |   2.36 |   0.00 |   0.00 |
20:44-Sun-Feb-05-2017 PM10  |   7.12 |  15.63 |  29.47 |   3.36 |   0.00 |  13.00 |
20:44-Sun-Feb-05-2017 PM2.5 |   2.62 |   4.40 |   6.31 |   2.36 |   0.00 |   0.00 |
20:45-Sun-Feb-05-2017 PM10  |   8.62 |  15.52 |  29.47 |   3.36 |   0.00 |  13.00 |
20:45-Sun-Feb-05-2017 PM2.5 |   3.14 |   4.38 |   6.31 |   2.36 |   0.00 |   0.00 |
20:50-Sun-Feb-05-2017 PM10  |   8.27 |  15.40 |  29.47 |   3.36 |   0.00 |  13.00 |
20:50-Sun-Feb-05-2017 PM2.5 |   3.03 |   4.35 |   6.31 |   2.36 |   0.00 |   0.00 |
20:51-Sun-Feb-05-2017 PM10  |   7.56 |  15.28 |  29.47 |   3.36 |   0.00 |  13.00 |
20:51-Sun-Feb-05-2017 PM2.5 |   3.81 |   4.35 |   6.31 |   2.36 |   0.00 |   0.00 |
20:56-Sun-Feb-05-2017 PM10  |   9.23 |  15.19 |  29.47 |   3.36 |   0.00 |  13.00 |
20:56-Sun-Feb-05-2017 PM2.5 |   4.07 |   4.34 |   6.31 |   2.36 |   0.00 |   0.00 |
20:57-Sun-Feb-05-2017 PM10  |   8.42 |  15.09 |  29.47 |   3.36 |   0.00 |  13.00 |
20:57-Sun-Feb-05-2017 PM2.5 |   3.71 |   4.33 |   6.31 |   2.36 |   0.00 |   0.00 |
21:02-Sun-Feb-05-2017 PM10  |  10.65 |  15.02 |  29.47 |   3.36 |   0.00 |  13.00 |
21:02-Sun-Feb-05-2017 PM2.5 |   5.08 |   4.34 |   6.31 |   2.36 |   0.00 |   0.00 |
21:03-Sun-Feb-05-2017 PM10  |   7.71 |  14.92 |  29.47 |   3.36 |   0.00 |  13.00 |
21:03-Sun-Feb-05-2017 PM2.5 |   3.14 |   4.33 |   6.31 |   2.36 |   0.00 |   0.00 |
21:07-Sun-Feb-05-2017 PM10  |   7.34 |  14.81 |  29.47 |   3.36 |   0.00 |  13.00 |
21:07-Sun-Feb-05-2017 PM2.5 |   3.35 |   4.31 |   6.31 |   2.36 |   0.00 |   0.00 |
21:08-Sun-Feb-05-2017 PM10  |   6.83 |  14.70 |  29.47 |   3.36 |   0.00 |  13.00 |
21:08-Sun-Feb-05-2017 PM2.5 |   2.83 |   4.29 |   6.31 |   2.36 |   0.00 |   0.00 |
21:13-Sun-Feb-05-2017 PM10  |   8.51 |  14.61 |  29.47 |   3.36 |   0.00 |  13.00 |
21:13-Sun-Feb-05-2017 PM2.5 |   3.25 |   4.28 |   6.31 |   2.36 |   0.00 |   0.00 |
21:14-Sun-Feb-05-2017 PM10  |   8.01 |  14.52 |  29.47 |   3.36 |   0.00 |  13.00 |
21:14-Sun-Feb-05-2017 PM2.5 |   3.72 |   4.27 |   6.31 |   2.36 |   0.00 |   0.00 |
21:19-Sun-Feb-05-2017 PM10  |  12.46 |  14.49 |  29.47 |   3.36 |   0.00 |  13.00 |
21:19-Sun-Feb-05-2017 PM2.5 |   5.88 |   4.29 |   6.31 |   2.36 |   0.00 |   0.00 |
21:20-Sun-Feb-05-2017 PM10  |  10.42 |  14.44 |  29.47 |   3.36 |   0.00 |  13.00 |
21:20-Sun-Feb-05-2017 PM2.5 |   3.51 |   4.28 |   6.31 |   2.36 |   0.00 |   0.00 |
21:25-Sun-Feb-05-2017 PM10  |   8.97 |  14.37 |  29.47 |   3.36 |   0.00 |  13.00 |
21:25-Sun-Feb-05-2017 PM2.5 |   3.71 |   4.27 |   6.31 |   2.36 |   0.00 |   0.00 |
21:26-Sun-Feb-05-2017 PM10  |  13.52 |  14.36 |  29.47 |   3.36 |   0.00 |  13.00 |
21:26-Sun-Feb-05-2017 PM2.5 |   5.87 |   4.29 |   6.31 |   2.36 |   0.00 |   0.00 |
21:31-Sun-Feb-05-2017 PM10  |  11.87 |  14.32 |  29.47 |   3.36 |   0.00 |  13.00 |
21:31-Sun-Feb-05-2017 PM2.5 |   5.17 |   4.31 |   6.31 |   2.36 |   0.00 |   0.00 |
21:32-Sun-Feb-05-2017 PM10  |  11.07 |  14.28 |  29.47 |   3.36 |   0.00 |  13.00 |
21:32-Sun-Feb-05-2017 PM2.5 |   6.00 |   4.33 |   6.31 |   2.36 |   0.00 |   0.00 |
21:37-Sun-Feb-05-2017 PM10  |  14.36 |  14.28 |  29.47 |   3.36 |   0.00 |  13.00 |
21:37-Sun-Feb-05-2017 PM2.5 |   5.24 |   4.34 |   6.31 |   2.36 |   0.00 |   0.00 |
21:38-Sun-Feb-05-2017 PM10  |  11.57 |  14.25 |  29.47 |   3.36 |   0.00 |  13.00 |
21:38-Sun-Feb-05-2017 PM2.5 |   5.60 |   4.35 |   6.31 |   2.36 |   0.00 |   0.00 |
21:43-Sun-Feb-05-2017 PM10  |  11.35 |  14.22 |  29.47 |   3.36 |   0.00 |  13.00 |
21:43-Sun-Feb-05-2017 PM2.5 |   5.34 |   4.37 |   6.31 |   2.36 |   0.00 |   0.00 |
21:44-Sun-Feb-05-2017 PM10  |  10.41 |  14.17 |  29.47 |   3.36 |   0.00 |  13.00 |
21:44-Sun-Feb-05-2017 PM2.5 |   4.32 |   4.36 |   6.31 |   2.36 |   0.00 |   0.00 |
21:49-Sun-Feb-05-2017 PM10  |  12.32 |  14.15 |  29.47 |   3.36 |   0.00 |  13.00 |
21:49-Sun-Feb-05-2017 PM2.5 |   5.49 |   4.38 |   6.31 |   2.36 |   0.00 |   0.00 |
21:50-Sun-Feb-05-2017 PM10  |  12.94 |  14.13 |  29.47 |   3.36 |   0.00 |  13.00 |
21:50-Sun-Feb-05-2017 PM2.5 |   5.78 |   4.39 |   6.31 |   2.36 |   0.00 |   0.00 |
21:55-Sun-Feb-05-2017 PM10  |  13.54 |  14.13 |  29.47 |   3.36 |   0.00 |  13.00 |
21:55-Sun-Feb-05-2017 PM2.5 |   5.89 |   4.41 |   6.31 |   2.36 |   0.00 |   0.00 |
21:56-Sun-Feb-05-2017 PM10  |  14.29 |  14.13 |  29.47 |   3.36 |   0.00 |  13.00 |
21:56-Sun-Feb-05-2017 PM2.5 |   5.51 |   4.42 |   6.31 |   2.36 |   0.00 |   0.00 |
22:01-Sun-Feb-05-2017 PM10  |  15.06 |  14.14 |  29.47 |   3.36 |   0.00 |  13.00 |
22:01-Sun-Feb-05-2017 PM2.5 |   6.01 |   4.44 |   6.31 |   2.36 |   0.00 |   0.00 |
22:03-Sun-Feb-05-2017Start
22:10-Sun-Feb-05-2017Start
22:24-Sun-Feb-05-2017Start
22:30-Sun-Feb-05-2017 PM10  |  18.97 |  18.97 |   0.00 |   0.00 
22:30-Sun-Feb-05-2017 PM2.5 |   7.28 |   7.28 |   7.28 |   7.28 
22:35-Sun-Feb-05-2017 PM10  |  17.62 |  18.29 |   0.00 |   0.00 
22:35-Sun-Feb-05-2017 PM2.5 |   7.16 |   7.22 |   7.28 |   7.16 
22:36-Sun-Feb-05-2017 PM10  |  14.17 |  16.92 |   0.00 |   0.00 
22:36-Sun-Feb-05-2017 PM2.5 |   6.61 |   7.02 |   7.28 |   6.61 
22:41-Sun-Feb-05-2017 PM10  |  15.25 |  16.50 |   0.00 |   0.00 
22:41-Sun-Feb-05-2017 PM2.5 |   7.43 |   7.12 |   7.43 |   6.61 
22:42-Sun-Feb-05-2017 PM10  |  14.90 |  16.18 |   0.00 |   0.00 
22:42-Sun-Feb-05-2017 PM2.5 |   6.69 |   7.04 |   7.43 |   6.61 
22:45-Sun-Feb-05-2017Start
22:51-Sun-Feb-05-2017 PM10  |  11.45 |  11.45 |   0.00 |   0.00 |
22:51-Sun-Feb-05-2017 PM2.5 |   6.47 |   6.47 |   0.00 |   6.47 |
22:56-Sun-Feb-05-2017 PM10  |  16.91 |  14.18 |   0.00 |   0.00 |
22:56-Sun-Feb-05-2017 PM2.5 |   7.63 |   7.05 |   0.00 |   7.63 |
22:57-Sun-Feb-05-2017 PM10  |  12.92 |  13.76 |   0.00 |   0.00 |
22:57-Sun-Feb-05-2017 PM2.5 |   7.06 |   7.05 |   0.00 |   7.06 |
23:00-Sun-Feb-05-2017Start
23:06-Sun-Feb-05-2017 PM10  |  14.00 |  14.00 |   0.00 |   0.00 |
23:06-Sun-Feb-05-2017 PM2.5 |   7.31 |   7.31 |   0.00 |   0.00 |
23:10-Sun-Feb-05-2017 PM10  |  15.70 |  14.85 |   0.00 |   0.00 |
23:10-Sun-Feb-05-2017 PM2.5 |   7.09 |   7.20 |   0.00 |   0.00 |
23:11-Sun-Feb-05-2017 PM10  |  13.35 |  14.35 |   0.00 |   0.00 |
23:11-Sun-Feb-05-2017 PM2.5 |   6.00 |   6.80 |   0.00 |   0.00 |
23:15-Sun-Feb-05-2017 PM10  |  15.62 |  14.67 |   0.00 |   0.00 |
23:15-Sun-Feb-05-2017 PM2.5 |   6.27 |   6.67 |   0.00 |   0.00 |
23:16-Sun-Feb-05-2017 PM10  |  12.85 |  14.30 |   0.00 |   0.00 |
23:16-Sun-Feb-05-2017 PM2.5 |   5.24 |   6.38 |   0.00 |   0.00 |
23:20-Sun-Feb-05-2017 PM10  |  10.51 |  13.67 |   0.00 |   0.00 |
23:20-Sun-Feb-05-2017 PM2.5 |   5.21 |   6.19 |   0.00 |   0.00 |
23:21-Sun-Feb-05-2017 PM10  |  12.58 |  13.52 |   0.00 |   0.00 |
23:21-Sun-Feb-05-2017 PM2.5 |   4.78 |   5.99 |   0.00 |   0.00 |
23:25-Sun-Feb-05-2017 PM10  |  11.87 |  13.31 |   0.00 |   0.00 |
23:25-Sun-Feb-05-2017 PM2.5 |   5.80 |   5.96 |   0.00 |   0.00 |
23:26-Sun-Feb-05-2017 PM10  |  13.67 |  13.35 |   0.00 |   0.00 |
23:26-Sun-Feb-05-2017 PM2.5 |   5.17 |   5.88 |   0.00 |   0.00 |
23:30-Sun-Feb-05-2017 PM10  |  11.45 |  13.16 |   0.00 |   0.00 |
23:30-Sun-Feb-05-2017 PM2.5 |   5.65 |   5.85 |   0.00 |   0.00 |
23:31-Sun-Feb-05-2017 PM10  |  11.45 |  13.00 |   0.00 |   0.00 |
23:31-Sun-Feb-05-2017 PM2.5 |   5.65 |   5.83 |   0.00 |   0.00 |
23:32-Sun-Feb-05-2017 PM10  |  11.69 |  12.89 |   0.00 |   0.00 |
23:32-Sun-Feb-05-2017 PM2.5 |   4.57 |   5.73 |   0.00 |   0.00 |
23:36-Sun-Feb-05-2017 PM10  |  12.85 |  12.89 |   0.00 |   0.00 |
23:36-Sun-Feb-05-2017 PM2.5 |   5.33 |   5.70 |   0.00 |   0.00 |
23:37-Sun-Feb-05-2017 PM10  |  10.26 |  12.70 |   0.00 |   0.00 |
23:37-Sun-Feb-05-2017 PM2.5 |   4.91 |   5.64 |   0.00 |   0.00 |
23:41-Sun-Feb-05-2017 PM10  |   8.76 |  12.44 |   0.00 |   0.00 |
23:41-Sun-Feb-05-2017 PM2.5 |   4.84 |   5.59 |   0.00 |   0.00 |
23:42-Sun-Feb-05-2017 PM10  |  10.93 |  12.35 |   0.00 |   0.00 |
23:42-Sun-Feb-05-2017 PM2.5 |   4.57 |   5.52 |   0.00 |   0.00 |
23:46-Sun-Feb-05-2017 PM10  |  12.35 |  12.35 |   0.00 |   0.00 |
23:46-Sun-Feb-05-2017 PM2.5 |   4.88 |   5.49 |   0.00 |   0.00 |
23:47-Sun-Feb-05-2017 PM10  |   9.72 |  12.20 |   0.00 |   0.00 |
23:47-Sun-Feb-05-2017 PM2.5 |   4.76 |   5.45 |   0.00 |   0.00 |
23:51-Sun-Feb-05-2017 PM10  |  12.83 |  12.23 |   0.00 |   0.00 |
23:51-Sun-Feb-05-2017 PM2.5 |   5.35 |   5.44 |   0.00 |   0.00 |
23:52-Sun-Feb-05-2017 PM10  |  10.54 |  12.15 |   0.00 |   0.00 |
23:52-Sun-Feb-05-2017 PM2.5 |   5.25 |   5.43 |   0.00 |   0.00 |
23:53-Sun-Feb-05-2017 PM10  |  10.54 |  12.07 |   0.00 |   0.00 |
23:53-Sun-Feb-05-2017 PM2.5 |   5.25 |   5.42 |   0.00 |   0.00 |
23:57-Sun-Feb-05-2017 PM10  |  11.28 |  12.04 |   0.00 |   0.00 |
23:57-Sun-Feb-05-2017 PM2.5 |   5.36 |   5.42 |   0.00 |   0.00 |
23:58-Sun-Feb-05-2017 PM10  |  10.08 |  11.95 |   0.00 |   0.00 |
23:58-Sun-Feb-05-2017 PM2.5 |   4.47 |   5.38 |   0.00 |   0.00 |
09:14-Mon-Feb-06-2017Start
09:19-Mon-Feb-06-2017 PM10  |   2.32 |   2.32 |   0.00 |  2000.00|
09:19-Mon-Feb-06-2017 PM2.5 |   1.67 |   1.67 |   0.00 |  2000.00|
09:23-Mon-Feb-06-2017 PM10  |   4.58 |   3.45 |   0.00 |  2000.00|
09:23-Mon-Feb-06-2017 PM2.5 |   1.87 |   1.77 |   0.00 |  2000.00|
09:24-Mon-Feb-06-2017 PM10  |   3.05 |   3.32 |   0.00 |  2000.00|
09:24-Mon-Feb-06-2017 PM2.5 |   1.91 |   1.82 |   0.00 |  2000.00|
09:28-Mon-Feb-06-2017 PM10  |   3.65 |   3.40 |   0.00 |  2000.00|
09:28-Mon-Feb-06-2017 PM2.5 |   2.17 |   1.90 |   0.00 |  2000.00|
09:29-Mon-Feb-06-2017 PM10  |   4.55 |   3.63 |   0.00 |  2000.00|
09:29-Mon-Feb-06-2017 PM2.5 |   2.12 |   1.95 |   0.00 |  2000.00|
09:33-Mon-Feb-06-2017 PM10  |   3.34 |   3.58 |   0.00 |  2000.00|
09:33-Mon-Feb-06-2017 PM2.5 |   2.07 |   1.97 |   0.00 |  2000.00|
09:34-Mon-Feb-06-2017 PM10  |   1.96 |   3.35 |   0.00 |  2000.00|
09:34-Mon-Feb-06-2017 PM2.5 |   1.69 |   1.93 |   0.00 |  2000.00|
09:38-Mon-Feb-06-2017 PM10  |   2.83 |   3.28 |   0.00 |  2000.00|
09:38-Mon-Feb-06-2017 PM2.5 |   1.71 |   1.90 |   0.00 |  2000.00|
09:40-Mon-Feb-06-2017Start
09:45-Mon-Feb-06-2017 PM10  |   1.56 |   1.56 |   0.00 |  2000.00|
09:45-Mon-Feb-06-2017 PM2.5 |   1.53 |   1.53 |   0.00 |  2000.00|
09:49-Mon-Feb-06-2017 PM10  |   2.51 |   2.04 |   0.00 |  2000.00|
09:49-Mon-Feb-06-2017 PM2.5 |   1.90 |   1.72 |   0.00 |  2000.00|
09:50-Mon-Feb-06-2017 PM10  |   1.73 |   1.93 |   0.00 |  2000.00|
09:50-Mon-Feb-06-2017 PM2.5 |   1.61 |   1.68 |   0.00 |  2000.00|
09:54-Mon-Feb-06-2017 PM10  |   1.64 |   1.86 |   0.00 |  2000.00|
09:54-Mon-Feb-06-2017 PM2.5 |   1.53 |   1.64 |   0.00 |  2000.00|
09:55-Mon-Feb-06-2017 PM10  |   1.58 |   1.80 |   0.00 |  2000.00|
09:55-Mon-Feb-06-2017 PM2.5 |   1.47 |   1.61 |   0.00 |  2000.00|
09:59-Mon-Feb-06-2017 PM10  |   1.78 |   1.80 |   0.00 |  2000.00|
09:59-Mon-Feb-06-2017 PM2.5 |   1.58 |   1.60 |   0.00 |  2000.00|
10:36-Mon-Feb-06-2017Start
10:41-Mon-Feb-06-2017 PM10  |   2.29 |   2.29 |   0.00 |  2000.00|
10:41-Mon-Feb-06-2017 PM2.5 |   1.79 |   1.79 |   0.00 |  2000.00|
10:45-Mon-Feb-06-2017 PM10  |   2.24 |   2.27 |   0.00 |  2000.00|
10:45-Mon-Feb-06-2017 PM2.5 |   1.81 |   1.80 |   0.00 |  2000.00|
10:46-Mon-Feb-06-2017 PM10  |   2.35 |   2.30 |   0.00 |  2000.00|
10:46-Mon-Feb-06-2017 PM2.5 |   1.80 |   1.80 |   0.00 |  2000.00|
10:50-Mon-Feb-06-2017 PM10  |   3.48 |   2.59 |   0.00 |  2000.00|
10:50-Mon-Feb-06-2017 PM2.5 |   2.17 |   1.89 |   0.00 |  2000.00|
10:51-Mon-Feb-06-2017 PM10  |   1.99 |   2.47 |   0.00 |  2000.00|
10:51-Mon-Feb-06-2017 PM2.5 |   1.75 |   1.86 |   0.00 |  2000.00|
10:55-Mon-Feb-06-2017 PM10  |   2.44 |   2.47 |   0.00 |  2000.00|
10:55-Mon-Feb-06-2017 PM2.5 |   1.98 |   1.88 |   0.00 |  2000.00|
10:56-Mon-Feb-06-2017 PM10  |   4.46 |   2.75 |   0.00 |  2000.00|
10:56-Mon-Feb-06-2017 PM2.5 |   2.72 |   2.00 |   0.00 |  2000.00|
12:54-Mon-Feb-06-2017Start
12:59-Mon-Feb-06-2017 PM10  |   2.69 |   2.69 |   0.00 |  2000.00|
12:59-Mon-Feb-06-2017 PM2.5 |   1.75 |   1.75 |   0.00 |  2000.00|
13:32-Mon-Feb-06-2017Start
13:37-Mon-Feb-06-2017 PM10  |   2.96 |   2.96 |   0.00 |  2000.00|
13:37-Mon-Feb-06-2017 PM2.5 |   1.91 |   1.91 |   0.00 |  2000.00|
13:41-Mon-Feb-06-2017 PM10  |   2.09 |   2.53 |   0.00 |  2000.00|
13:41-Mon-Feb-06-2017 PM2.5 |   1.95 |   1.93 |   0.00 |  2000.00|
13:42-Mon-Feb-06-2017 PM10  |   2.99 |   2.68 |   0.00 |  2000.00|
13:42-Mon-Feb-06-2017 PM2.5 |   2.12 |   1.99 |   0.00 |  2000.00|
13:46-Mon-Feb-06-2017 PM10  |   4.51 |   3.14 |   0.00 |  2000.00|
13:46-Mon-Feb-06-2017 PM2.5 |   2.36 |   2.09 |   0.00 |  2000.00|
13:47-Mon-Feb-06-2017 PM10  |   5.48 |   3.61 |   0.00 |  2000.00|
13:47-Mon-Feb-06-2017 PM2.5 |   2.52 |   2.17 |   0.00 |  2000.00|
13:51-Mon-Feb-06-2017 PM10  |   4.88 |   3.82 |   0.00 |  2000.00|
13:51-Mon-Feb-06-2017 PM2.5 |   2.31 |   2.20 |   0.00 |  2000.00|
13:52-Mon-Feb-06-2017 PM10  |   5.96 |   4.12 |   0.00 |  2000.00|
13:52-Mon-Feb-06-2017 PM2.5 |   2.48 |   2.24 |   0.00 |  2000.00|
13:56-Mon-Feb-06-2017 PM10  |   4.20 |   4.13 |   0.00 |  2000.00|
13:56-Mon-Feb-06-2017 PM2.5 |   2.61 |   2.28 |   0.00 |  2000.00|
13:57-Mon-Feb-06-2017 PM10  |   4.30 |   4.15 |   0.00 |  2000.00|
13:57-Mon-Feb-06-2017 PM2.5 |   2.31 |   2.29 |   0.00 |  2000.00|
13:58-Mon-Feb-06-2017 PM10  |   4.30 |   4.17 |   0.00 |  2000.00|
13:58-Mon-Feb-06-2017 PM2.5 |   2.31 |   2.29 |   0.00 |  2000.00|
14:02-Mon-Feb-06-2017 PM10  |   3.39 |   4.10 |   4.10 |   4.10 |
14:02-Mon-Feb-06-2017 PM2.5 |   2.03 |   2.26 |   2.26 |   2.26 |
14:03-Mon-Feb-06-2017 PM10  |   3.63 |   3.63 |   4.10 |   4.10 |
14:03-Mon-Feb-06-2017 PM2.5 |   2.63 |   2.63 |   2.26 |   2.26 |
14:07-Mon-Feb-06-2017 PM10  |   3.66 |   3.64 |   4.10 |   4.10 |
14:07-Mon-Feb-06-2017 PM2.5 |   2.29 |   2.46 |   2.26 |   2.26 |
14:08-Mon-Feb-06-2017 PM10  |   2.88 |   3.39 |   4.10 |   4.10 |
14:08-Mon-Feb-06-2017 PM2.5 |   2.08 |   2.33 |   2.26 |   2.26 |
14:12-Mon-Feb-06-2017 PM10  |   2.57 |   3.19 |   4.10 |   4.10 |
14:12-Mon-Feb-06-2017 PM2.5 |   2.16 |   2.29 |   2.26 |   2.26 |
14:13-Mon-Feb-06-2017 PM10  |   5.09 |   3.57 |   4.10 |   4.10 |
14:13-Mon-Feb-06-2017 PM2.5 |   2.27 |   2.29 |   2.26 |   2.26 |
14:17-Mon-Feb-06-2017 PM10  |   3.84 |   3.61 |   4.10 |   4.10 |
14:17-Mon-Feb-06-2017 PM2.5 |   2.24 |   2.28 |   2.26 |   2.26 |
14:18-Mon-Feb-06-2017 PM10  |   4.01 |   3.67 |   4.10 |   4.10 |
14:18-Mon-Feb-06-2017 PM2.5 |   2.44 |   2.30 |   2.26 |   2.26 |
19:26-Mon-Feb-06-2017Start
19:31-Mon-Feb-06-2017 PM10  |   2.33 |   2.33 |   0.00 |  2000.00|
19:31-Mon-Feb-06-2017 PM2.5 |   2.01 |   2.01 |   0.00 |  2000.00|
19:35-Mon-Feb-06-2017 PM10  |   2.52 |   2.43 |   0.00 |  2000.00|
19:35-Mon-Feb-06-2017 PM2.5 |   2.15 |   2.08 |   0.00 |  2000.00|
19:36-Mon-Feb-06-2017 PM10  |   2.54 |   2.46 |   0.00 |  2000.00|
19:36-Mon-Feb-06-2017 PM2.5 |   2.13 |   2.10 |   0.00 |  2000.00|
19:40-Mon-Feb-06-2017 PM10  |   2.95 |   2.58 |   0.00 |  2000.00|
19:40-Mon-Feb-06-2017 PM2.5 |   2.19 |   2.12 |   0.00 |  2000.00|
19:41-Mon-Feb-06-2017 PM10  |   2.66 |   2.60 |   0.00 |  2000.00|
19:41-Mon-Feb-06-2017 PM2.5 |   2.24 |   2.14 |   0.00 |  2000.00|
19:45-Mon-Feb-06-2017 PM10  |   2.72 |   2.62 |   0.00 |  2000.00|
19:45-Mon-Feb-06-2017 PM2.5 |   2.26 |   2.16 |   0.00 |  2000.00|
19:46-Mon-Feb-06-2017 PM10  |   3.31 |   2.72 |   0.00 |  2000.00|
19:46-Mon-Feb-06-2017 PM2.5 |   2.30 |   2.18 |   0.00 |  2000.00|
19:50-Mon-Feb-06-2017 PM10  |   2.88 |   2.74 |   0.00 |  2000.00|
19:50-Mon-Feb-06-2017 PM2.5 |   2.07 |   2.17 |   0.00 |  2000.00|
19:51-Mon-Feb-06-2017 PM10  |   2.31 |   2.69 |   0.00 |  2000.00|
19:51-Mon-Feb-06-2017 PM2.5 |   1.87 |   2.14 |   0.00 |  2000.00|
19:52-Mon-Feb-06-2017 PM10  |   2.31 |   2.65 |   0.00 |  2000.00|
19:52-Mon-Feb-06-2017 PM2.5 |   1.87 |   2.11 |   0.00 |  2000.00|
19:56-Mon-Feb-06-2017 PM10  |   2.27 |   2.62 |   0.00 |  2000.00|
19:56-Mon-Feb-06-2017 PM2.5 |   1.88 |   2.09 |   0.00 |  2000.00|
19:57-Mon-Feb-06-2017 PM10  |   2.97 |   2.65 |   0.00 |  2000.00|
19:57-Mon-Feb-06-2017 PM2.5 |   2.01 |   2.08 |   0.00 |  2000.00|
20:01-Mon-Feb-06-2017 PM10  |   2.53 |   2.64 |   2.64 |   2.64 |
20:01-Mon-Feb-06-2017 PM2.5 |   2.05 |   2.08 |   2.08 |   2.08 |
20:02-Mon-Feb-06-2017 PM10  |   2.13 |   2.13 |   2.64 |   2.64 |
20:02-Mon-Feb-06-2017 PM2.5 |   1.97 |   1.97 |   2.08 |   2.08 |
20:06-Mon-Feb-06-2017 PM10  |   2.55 |   2.34 |   2.64 |   2.64 |
20:06-Mon-Feb-06-2017 PM2.5 |   1.96 |   1.97 |   2.08 |   2.08 |
20:07-Mon-Feb-06-2017 PM10  |   6.52 |   3.73 |   2.64 |   2.64 |
20:07-Mon-Feb-06-2017 PM2.5 |   2.92 |   2.28 |   2.08 |   2.08 |
20:11-Mon-Feb-06-2017 PM10  |   3.53 |   3.68 |   2.64 |   2.64 |
20:11-Mon-Feb-06-2017 PM2.5 |   2.48 |   2.33 |   2.08 |   2.08 |
20:12-Mon-Feb-06-2017 PM10  |   5.00 |   3.95 |   2.64 |   2.64 |
20:12-Mon-Feb-06-2017 PM2.5 |   2.65 |   2.40 |   2.08 |   2.08 |
20:16-Mon-Feb-06-2017 PM10  |   5.38 |   4.18 |   2.64 |   2.64 |
20:16-Mon-Feb-06-2017 PM2.5 |   2.55 |   2.42 |   2.08 |   2.08 |
20:17-Mon-Feb-06-2017 PM10  |   3.81 |   4.13 |   2.64 |   2.64 |
20:17-Mon-Feb-06-2017 PM2.5 |   2.39 |   2.42 |   2.08 |   2.08 |
20:18-Mon-Feb-06-2017 PM10  |   3.81 |   4.09 |   2.64 |   2.64 |
20:18-Mon-Feb-06-2017 PM2.5 |   2.39 |   2.41 |   2.08 |   2.08 |
20:22-Mon-Feb-06-2017 PM10  |   4.40 |   4.12 |   2.64 |   2.64 |
20:22-Mon-Feb-06-2017 PM2.5 |   2.08 |   2.38 |   2.08 |   2.08 |
20:23-Mon-Feb-06-2017 PM10  |   4.08 |   4.12 |   2.64 |   2.64 |
20:23-Mon-Feb-06-2017 PM2.5 |   2.18 |   2.36 |   2.08 |   2.08 |
20:27-Mon-Feb-06-2017 PM10  |   4.51 |   4.16 |   2.64 |   2.64 |
20:27-Mon-Feb-06-2017 PM2.5 |   2.21 |   2.34 |   2.08 |   2.08 |
20:28-Mon-Feb-06-2017 PM10  |   2.78 |   4.04 |   2.64 |   2.64 |
20:28-Mon-Feb-06-2017 PM2.5 |   1.91 |   2.31 |   2.08 |   2.08 |
20:32-Mon-Feb-06-2017 PM10  |   3.39 |   3.99 |   2.64 |   2.64 |
20:32-Mon-Feb-06-2017 PM2.5 |   1.96 |   2.28 |   2.08 |   2.08 |
20:33-Mon-Feb-06-2017 PM10  |   2.25 |   3.87 |   2.64 |   2.64 |
20:33-Mon-Feb-06-2017 PM2.5 |   1.61 |   2.23 |   2.08 |   2.08 |
20:37-Mon-Feb-06-2017 PM10  |   2.68 |   3.79 |   2.64 |   2.64 |
20:37-Mon-Feb-06-2017 PM2.5 |   1.70 |   2.20 |   2.08 |   2.08 |
20:38-Mon-Feb-06-2017 PM10  |   3.26 |   3.75 |   2.64 |   2.64 |
20:38-Mon-Feb-06-2017 PM2.5 |   2.08 |   2.19 |   2.08 |   2.08 |
20:42-Mon-Feb-06-2017 PM10  |   2.87 |   3.70 |   2.64 |   2.64 |
20:42-Mon-Feb-06-2017 PM2.5 |   1.92 |   2.17 |   2.08 |   2.08 |
20:43-Mon-Feb-06-2017 PM10  |   3.10 |   3.67 |   2.64 |   2.64 |
20:43-Mon-Feb-06-2017 PM2.5 |   1.88 |   2.16 |   2.08 |   2.08 |
20:44-Mon-Feb-06-2017 PM10  |   3.10 |   3.64 |   2.64 |   2.64 |
20:44-Mon-Feb-06-2017 PM2.5 |   1.88 |   2.14 |   2.08 |   2.08 |
20:48-Mon-Feb-06-2017 PM10  |   5.21 |   3.72 |   2.64 |   2.64 |
20:48-Mon-Feb-06-2017 PM2.5 |   1.91 |   2.13 |   2.08 |   2.08 |
20:49-Mon-Feb-06-2017 PM10  |   3.20 |   3.69 |   2.64 |   2.64 |
20:49-Mon-Feb-06-2017 PM2.5 |   2.16 |   2.13 |   2.08 |   2.08 |
20:53-Mon-Feb-06-2017 PM10  |   4.15 |   3.71 |   2.64 |   2.64 |
20:53-Mon-Feb-06-2017 PM2.5 |   2.24 |   2.14 |   2.08 |   2.08 |
20:54-Mon-Feb-06-2017 PM10  |   6.61 |   3.84 |   2.64 |   2.64 |
20:54-Mon-Feb-06-2017 PM2.5 |   3.63 |   2.20 |   2.08 |   2.08 |
20:58-Mon-Feb-06-2017 PM10  |   4.64 |   3.87 |   2.64 |   2.64 |
20:58-Mon-Feb-06-2017 PM2.5 |   2.10 |   2.20 |   2.08 |   2.08 |
20:59-Mon-Feb-06-2017 PM10  |   3.67 |   3.86 |   2.64 |   2.64 |
20:59-Mon-Feb-06-2017 PM2.5 |   1.86 |   2.18 |   2.08 |   2.08 |
21:03-Mon-Feb-06-2017 PM10  |   4.11 |   3.87 |   3.87 |   2.64 |
21:03-Mon-Feb-06-2017 PM2.5 |   1.94 |   2.17 |   2.17 |   2.08 |
21:04-Mon-Feb-06-2017 PM10  |   2.84 |   2.84 |   3.87 |   2.64 |
21:04-Mon-Feb-06-2017 PM2.5 |   2.09 |   2.09 |   2.17 |   2.08 |
21:08-Mon-Feb-06-2017 PM10  |   3.77 |   3.30 |   3.87 |   2.64 |
21:08-Mon-Feb-06-2017 PM2.5 |   1.97 |   2.03 |   2.17 |   2.08 |
21:09-Mon-Feb-06-2017 PM10  |   2.66 |   3.09 |   3.87 |   2.64 |
21:09-Mon-Feb-06-2017 PM2.5 |   1.97 |   2.01 |   2.17 |   2.08 |
21:10-Mon-Feb-06-2017 PM10  |   2.66 |   2.98 |   3.87 |   2.64 |
21:10-Mon-Feb-06-2017 PM2.5 |   1.97 |   2.00 |   2.17 |   2.08 |
21:14-Mon-Feb-06-2017 PM10  |   3.81 |   3.15 |   3.87 |   2.64 |
21:14-Mon-Feb-06-2017 PM2.5 |   2.10 |   2.02 |   2.17 |   2.08 |
21:15-Mon-Feb-06-2017 PM10  |   2.25 |   3.00 |   3.87 |   2.64 |
21:15-Mon-Feb-06-2017 PM2.5 |   1.96 |   2.01 |   2.17 |   2.08 |
21:19-Mon-Feb-06-2017 PM10  |   4.30 |   3.19 |   3.87 |   2.64 |
21:19-Mon-Feb-06-2017 PM2.5 |   1.96 |   2.00 |   2.17 |   2.08 |
21:20-Mon-Feb-06-2017 PM10  |   3.13 |   3.18 |   3.87 |   2.64 |
21:20-Mon-Feb-06-2017 PM2.5 |   2.14 |   2.02 |   2.17 |   2.08 |
21:24-Mon-Feb-06-2017 PM10  |   3.33 |   3.19 |   3.87 |   2.64 |
21:24-Mon-Feb-06-2017 PM2.5 |   1.96 |   2.01 |   2.17 |   2.08 |
21:25-Mon-Feb-06-2017 PM10  |   3.85 |   3.26 |   3.87 |   2.64 |
21:25-Mon-Feb-06-2017 PM2.5 |   2.05 |   2.02 |   2.17 |   2.08 |
21:29-Mon-Feb-06-2017 PM10  |   3.60 |   3.29 |   3.87 |   2.64 |
21:29-Mon-Feb-06-2017 PM2.5 |   2.06 |   2.02 |   2.17 |   2.08 |
21:30-Mon-Feb-06-2017 PM10  |   2.55 |   3.23 |   3.87 |   2.64 |
21:30-Mon-Feb-06-2017 PM2.5 |   1.93 |   2.01 |   2.17 |   2.08 |
21:34-Mon-Feb-06-2017 PM10  |   2.39 |   3.16 |   3.87 |   2.64 |
21:34-Mon-Feb-06-2017 PM2.5 |   1.88 |   2.00 |   2.17 |   2.08 |
21:35-Mon-Feb-06-2017 PM10  |   2.39 |   3.11 |   3.87 |   2.64 |
21:35-Mon-Feb-06-2017 PM2.5 |   1.88 |   1.99 |   2.17 |   2.08 |
21:36-Mon-Feb-06-2017 PM10  |   2.78 |   3.09 |   3.87 |   2.64 |
21:36-Mon-Feb-06-2017 PM2.5 |   2.11 |   2.00 |   2.17 |   2.08 |
21:40-Mon-Feb-06-2017 PM10  |   2.77 |   3.07 |   3.87 |   2.64 |
21:40-Mon-Feb-06-2017 PM2.5 |   2.04 |   2.00 |   2.17 |   2.08 |
21:41-Mon-Feb-06-2017 PM10  |   2.82 |   3.05 |   3.87 |   2.64 |
21:41-Mon-Feb-06-2017 PM2.5 |   1.99 |   2.00 |   2.17 |   2.08 |
21:45-Mon-Feb-06-2017 PM10  |   3.40 |   3.07 |   3.87 |   2.64 |
21:45-Mon-Feb-06-2017 PM2.5 |   2.19 |   2.01 |   2.17 |   2.08 |
21:46-Mon-Feb-06-2017 PM10  |   3.71 |   3.11 |   3.87 |   2.64 |
21:46-Mon-Feb-06-2017 PM2.5 |   2.38 |   2.03 |   2.17 |   2.08 |
21:50-Mon-Feb-06-2017 PM10  |   3.71 |   3.14 |   3.87 |   2.64 |
21:50-Mon-Feb-06-2017 PM2.5 |   2.02 |   2.03 |   2.17 |   2.08 |
21:51-Mon-Feb-06-2017 PM10  |   4.75 |   3.21 |   3.87 |   2.64 |
21:51-Mon-Feb-06-2017 PM2.5 |   1.94 |   2.03 |   2.17 |   2.08 |
21:55-Mon-Feb-06-2017 PM10  |   3.41 |   3.22 |   3.87 |   2.64 |
21:55-Mon-Feb-06-2017 PM2.5 |   1.97 |   2.02 |   2.17 |   2.08 |
21:56-Mon-Feb-06-2017 PM10  |   3.69 |   3.24 |   3.87 |   2.64 |
21:56-Mon-Feb-06-2017 PM2.5 |   1.75 |   2.01 |   2.17 |   2.08 |
22:00-Mon-Feb-06-2017 PM10  |   1.86 |   3.18 |   3.87 |   2.64 |
22:00-Mon-Feb-06-2017 PM2.5 |   1.68 |   2.00 |   2.17 |   2.00 |
22:01-Mon-Feb-06-2017 PM10  |   1.86 |   1.86 |   3.87 |   2.64 |
22:01-Mon-Feb-06-2017 PM2.5 |   1.68 |   1.68 |   2.17 |   2.00 |
22:02-Mon-Feb-06-2017 PM10  |   2.14 |   2.00 |   3.87 |   2.64 |
22:02-Mon-Feb-06-2017 PM2.5 |   1.69 |   1.68 |   2.17 |   2.00 |
22:06-Mon-Feb-06-2017 PM10  |   2.87 |   2.29 |   3.87 |   2.64 |
22:06-Mon-Feb-06-2017 PM2.5 |   1.59 |   1.65 |   2.17 |   2.00 |
22:07-Mon-Feb-06-2017 PM10  |   3.94 |   2.70 |   3.87 |   2.64 |
22:07-Mon-Feb-06-2017 PM2.5 |   1.78 |   1.69 |   2.17 |   2.00 |
22:11-Mon-Feb-06-2017 PM10  |   2.80 |   2.72 |   3.87 |   2.64 |
22:11-Mon-Feb-06-2017 PM2.5 |   1.70 |   1.69 |   2.17 |   2.00 |
22:12-Mon-Feb-06-2017 PM10  |   3.80 |   2.90 |   3.87 |   2.64 |
22:12-Mon-Feb-06-2017 PM2.5 |   1.95 |   1.73 |   2.17 |   2.00 |
22:16-Mon-Feb-06-2017 PM10  |   2.66 |   2.87 |   3.87 |   2.64 |
22:16-Mon-Feb-06-2017 PM2.5 |   1.94 |   1.76 |   2.17 |   2.00 |
22:17-Mon-Feb-06-2017 PM10  |   2.40 |   2.81 |   3.87 |   2.64 |
22:17-Mon-Feb-06-2017 PM2.5 |   1.64 |   1.75 |   2.17 |   2.00 |
22:21-Mon-Feb-06-2017 PM10  |   3.41 |   2.88 |   3.87 |   2.64 |
22:21-Mon-Feb-06-2017 PM2.5 |   1.99 |   1.77 |   2.17 |   2.00 |
22:22-Mon-Feb-06-2017 PM10  |   2.81 |   2.87 |   3.87 |   2.64 |
22:22-Mon-Feb-06-2017 PM2.5 |   1.87 |   1.78 |   2.17 |   2.00 |
22:26-Mon-Feb-06-2017 PM10  |   3.39 |   2.92 |   3.87 |   2.64 |
22:26-Mon-Feb-06-2017 PM2.5 |   1.84 |   1.79 |   2.17 |   2.00 |
22:27-Mon-Feb-06-2017 PM10  |   3.39 |   2.96 |   3.87 |   2.64 |
22:27-Mon-Feb-06-2017 PM2.5 |   1.84 |   1.79 |   2.17 |   2.00 |
22:28-Mon-Feb-06-2017 PM10  |   2.65 |   2.93 |   3.87 |   2.64 |
22:28-Mon-Feb-06-2017 PM2.5 |   1.93 |   1.80 |   2.17 |   2.00 |
22:33-Mon-Feb-06-2017 PM10  |   3.49 |   2.97 |   3.87 |   2.64 |
22:33-Mon-Feb-06-2017 PM2.5 |   1.91 |   1.81 |   2.17 |   2.00 |
22:34-Mon-Feb-06-2017 PM10  |   2.27 |   2.92 |   3.87 |   2.64 |
22:34-Mon-Feb-06-2017 PM2.5 |   1.80 |   1.81 |   2.17 |   2.00 |
22:38-Mon-Feb-06-2017 PM10  |   3.08 |   2.93 |   3.87 |   2.64 |
22:38-Mon-Feb-06-2017 PM2.5 |   1.96 |   1.82 |   2.17 |   2.00 |
22:39-Mon-Feb-06-2017 PM10  |   2.58 |   2.91 |   3.87 |   2.64 |
22:39-Mon-Feb-06-2017 PM2.5 |   1.72 |   1.81 |   2.17 |   2.00 |
22:43-Mon-Feb-06-2017 PM10  |   2.75 |   2.90 |   3.87 |   2.64 |
22:43-Mon-Feb-06-2017 PM2.5 |   1.65 |   1.80 |   2.17 |   2.00 |
22:44-Mon-Feb-06-2017 PM10  |   3.00 |   2.91 |   3.87 |   2.64 |
22:44-Mon-Feb-06-2017 PM2.5 |   1.95 |   1.81 |   2.17 |   2.00 |
22:48-Mon-Feb-06-2017 PM10  |   2.82 |   2.90 |   3.87 |   2.64 |
22:48-Mon-Feb-06-2017 PM2.5 |   1.84 |   1.81 |   2.17 |   2.00 |
22:49-Mon-Feb-06-2017 PM10  |   3.10 |   2.91 |   3.87 |   2.64 |
22:49-Mon-Feb-06-2017 PM2.5 |   1.87 |   1.82 |   2.17 |   2.00 |
22:53-Mon-Feb-06-2017 PM10  |   4.92 |   3.01 |   3.87 |   2.64 |
22:53-Mon-Feb-06-2017 PM2.5 |   2.03 |   1.83 |   2.17 |   2.00 |
22:54-Mon-Feb-06-2017 PM10  |   4.92 |   3.09 |   3.87 |   2.64 |
22:54-Mon-Feb-06-2017 PM2.5 |   2.03 |   1.83 |   2.17 |   2.00 |
22:55-Mon-Feb-06-2017 PM10  |   2.73 |   3.07 |   3.87 |   2.64 |
22:55-Mon-Feb-06-2017 PM2.5 |   1.90 |   1.84 |   2.17 |   2.00 |
22:59-Mon-Feb-06-2017 PM10  |   2.96 |   3.07 |   3.87 |   2.64 |
22:59-Mon-Feb-06-2017 PM2.5 |   1.83 |   1.84 |   2.17 |   2.00 |
23:00-Mon-Feb-06-2017 PM10  |   2.49 |   3.05 |   3.87 |   2.64 |
23:00-Mon-Feb-06-2017 PM2.5 |   1.67 |   1.83 |   2.17 |   1.83 |
23:04-Mon-Feb-06-2017 PM10  |   4.02 |   4.02 |   3.87 |   2.64 |
23:04-Mon-Feb-06-2017 PM2.5 |   1.71 |   1.71 |   2.17 |   1.83 |
23:05-Mon-Feb-06-2017 PM10  |   3.35 |   3.69 |   3.87 |   2.64 |
23:05-Mon-Feb-06-2017 PM2.5 |   1.94 |   1.82 |   2.17 |   1.83 |
23:09-Mon-Feb-06-2017 PM10  |   2.76 |   3.38 |   3.87 |   2.64 |
23:09-Mon-Feb-06-2017 PM2.5 |   1.88 |   1.84 |   2.17 |   1.83 |
23:10-Mon-Feb-06-2017 PM10  |   2.59 |   3.18 |   3.87 |   2.64 |
23:10-Mon-Feb-06-2017 PM2.5 |   1.73 |   1.81 |   2.17 |   1.83 |
23:14-Mon-Feb-06-2017 PM10  |   2.38 |   3.02 |   3.87 |   2.64 |
23:14-Mon-Feb-06-2017 PM2.5 |   1.69 |   1.79 |   2.17 |   1.83 |
23:15-Mon-Feb-06-2017 PM10  |   2.44 |   2.92 |   3.87 |   2.64 |
23:15-Mon-Feb-06-2017 PM2.5 |   1.69 |   1.77 |   2.17 |   1.83 |
23:19-Mon-Feb-06-2017 PM10  |   2.28 |   2.83 |   3.87 |   2.64 |
23:19-Mon-Feb-06-2017 PM2.5 |   1.69 |   1.76 |   2.17 |   1.83 |
23:20-Mon-Feb-06-2017 PM10  |   2.28 |   2.76 |   3.87 |   2.64 |
23:20-Mon-Feb-06-2017 PM2.5 |   1.69 |   1.75 |   2.17 |   1.83 |
23:21-Mon-Feb-06-2017 PM10  |   2.67 |   2.75 |   3.87 |   2.64 |
23:21-Mon-Feb-06-2017 PM2.5 |   1.68 |   1.74 |   2.17 |   1.83 |
23:25-Mon-Feb-06-2017 PM10  |   2.40 |   2.72 |   3.87 |   2.64 |
23:25-Mon-Feb-06-2017 PM2.5 |   1.84 |   1.75 |   2.17 |   1.83 |
23:26-Mon-Feb-06-2017 PM10  |   3.42 |   2.78 |   3.87 |   2.64 |
23:26-Mon-Feb-06-2017 PM2.5 |   1.81 |   1.76 |   2.17 |   1.83 |
23:30-Mon-Feb-06-2017 PM10  |   3.71 |   2.86 |   3.87 |   2.64 |
23:30-Mon-Feb-06-2017 PM2.5 |   1.92 |   1.77 |   2.17 |   1.83 |
23:31-Mon-Feb-06-2017 PM10  |   3.40 |   2.90 |   3.87 |   2.64 |
23:31-Mon-Feb-06-2017 PM2.5 |   1.81 |   1.77 |   2.17 |   1.83 |
23:35-Mon-Feb-06-2017 PM10  |   2.52 |   2.87 |   3.87 |   2.64 |
23:35-Mon-Feb-06-2017 PM2.5 |   1.91 |   1.78 |   2.17 |   1.83 |
23:36-Mon-Feb-06-2017 PM10  |   2.95 |   2.88 |   3.87 |   2.64 |
23:36-Mon-Feb-06-2017 PM2.5 |   1.87 |   1.79 |   2.17 |   1.83 |
23:40-Mon-Feb-06-2017 PM10  |   3.53 |   2.92 |   3.87 |   2.64 |
23:40-Mon-Feb-06-2017 PM2.5 |   1.84 |   1.79 |   2.17 |   1.83 |
23:41-Mon-Feb-06-2017 PM10  |   2.69 |   2.91 |   3.87 |   2.64 |
23:41-Mon-Feb-06-2017 PM2.5 |   1.85 |   1.80 |   2.17 |   1.83 |
23:45-Mon-Feb-06-2017 PM10  |   2.83 |   2.90 |   3.87 |   2.64 |
23:45-Mon-Feb-06-2017 PM2.5 |   1.83 |   1.80 |   2.17 |   1.83 |
23:46-Mon-Feb-06-2017 PM10  |   2.83 |   2.90 |   3.87 |   2.64 |
23:46-Mon-Feb-06-2017 PM2.5 |   1.83 |   1.80 |   2.17 |   1.83 |
23:47-Mon-Feb-06-2017 PM10  |   4.77 |   2.99 |   3.87 |   2.64 |
23:47-Mon-Feb-06-2017 PM2.5 |   1.91 |   1.80 |   2.17 |   1.83 |
23:51-Mon-Feb-06-2017 PM10  |   3.06 |   3.00 |   3.87 |   2.64 |
23:51-Mon-Feb-06-2017 PM2.5 |   1.95 |   1.81 |   2.17 |   1.83 |
23:52-Mon-Feb-06-2017 PM10  |   3.37 |   3.01 |   3.87 |   2.64 |
23:52-Mon-Feb-06-2017 PM2.5 |   1.75 |   1.81 |   2.17 |   1.83 |
23:56-Mon-Feb-06-2017 PM10  |   2.41 |   2.99 |   3.87 |   2.64 |
23:56-Mon-Feb-06-2017 PM2.5 |   1.77 |   1.81 |   2.17 |   1.83 |
23:57-Mon-Feb-06-2017 PM10  |   2.11 |   2.95 |   3.87 |   2.64 |
23:57-Mon-Feb-06-2017 PM2.5 |   1.76 |   1.81 |   2.17 |   1.83 |
00:01-Tue-Feb-07-2017 PM10  |   2.42 |   2.93 |   3.87 |   2.64 |
