[Mon Mar  6 00:00:51 2017] Report del giorno Monday March 06 2017 -- INVIATO a centraline@googlegroups.com
00:00-Mon-Mar-06-2017 PM2.5 |   3.49 |   3.47 |   3.94 |   1.81 |I I 
00:01-Mon-Mar-06-2017 PM10  |   9.87 |   9.87 |   0.00 |  2000.00|I I 
00:01-Mon-Mar-06-2017 PM2.5 |   3.23 |   3.23 |   0.00 |  2000.00|I I 
00:05-Mon-Mar-06-2017 PM10  |  13.71 |  11.79 |   0.00 |  2000.00|I I 
00:05-Mon-Mar-06-2017 PM2.5 |   3.60 |   3.41 |   0.00 |  2000.00|I I 
00:06-Mon-Mar-06-2017 PM10  |  10.99 |  11.52 |   0.00 |  2000.00|I I 
00:06-Mon-Mar-06-2017 PM2.5 |   3.33 |   3.39 |   0.00 |  2000.00|I I 
00:10-Mon-Mar-06-2017 PM10  |  11.48 |  11.51 |   0.00 |  2000.00|I I 
00:10-Mon-Mar-06-2017 PM2.5 |   3.58 |   3.44 |   0.00 |  2000.00|I I 
00:11-Mon-Mar-06-2017 PM10  |   9.38 |  11.08 |   0.00 |  2000.00|I I 
00:11-Mon-Mar-06-2017 PM2.5 |   3.52 |   3.45 |   0.00 |  2000.00|I I 
00:15-Mon-Mar-06-2017 PM10  |   8.44 |  10.64 |   0.00 |  2000.00|I I 
00:15-Mon-Mar-06-2017 PM2.5 |   3.33 |   3.43 |   0.00 |  2000.00|I I 
00:16-Mon-Mar-06-2017 PM10  |   9.44 |  10.47 |   0.00 |  2000.00|I I 
00:16-Mon-Mar-06-2017 PM2.5 |   3.23 |   3.40 |   0.00 |  2000.00|I I 
00:20-Mon-Mar-06-2017 PM10  |  12.78 |  10.76 |   0.00 |  2000.00|I I 
00:20-Mon-Mar-06-2017 PM2.5 |   3.30 |   3.39 |   0.00 |  2000.00|I I 
00:21-Mon-Mar-06-2017 PM10  |  12.88 |  11.00 |   0.00 |  2000.00|I I 
00:21-Mon-Mar-06-2017 PM2.5 |   3.61 |   3.42 |   0.00 |  2000.00|I I 
00:22-Mon-Mar-06-2017 PM10  |  12.88 |  11.19 |   0.00 |  2000.00|I I 
00:22-Mon-Mar-06-2017 PM2.5 |   3.61 |   3.44 |   0.00 |  2000.00|I I 
00:26-Mon-Mar-06-2017 PM10  |  13.92 |  11.43 |   0.00 |  2000.00|I I 
00:26-Mon-Mar-06-2017 PM2.5 |   3.55 |   3.45 |   0.00 |  2000.00|I I 
00:28-Mon-Mar-06-2017 PM10  |  13.50 |  11.61 |   0.00 |  2000.00|I I 
00:28-Mon-Mar-06-2017 PM2.5 |   3.24 |   3.43 |   0.00 |  2000.00|I I 
00:32-Mon-Mar-06-2017 PM10  |  12.93 |  11.71 |   0.00 |  2000.00|I I 
00:32-Mon-Mar-06-2017 PM2.5 |   3.72 |   3.45 |   0.00 |  2000.00|I I 
00:33-Mon-Mar-06-2017 PM10  |  11.87 |  11.72 |   0.00 |  2000.00|I I 
00:33-Mon-Mar-06-2017 PM2.5 |   3.07 |   3.43 |   0.00 |  2000.00|I I 
00:37-Mon-Mar-06-2017 PM10  |  14.62 |  11.91 |   0.00 |  2000.00|I I 
00:37-Mon-Mar-06-2017 PM2.5 |   3.32 |   3.42 |   0.00 |  2000.00|I I 
00:38-Mon-Mar-06-2017 PM10  |  12.80 |  11.97 |   0.00 |  2000.00|I I 
00:38-Mon-Mar-06-2017 PM2.5 |   3.26 |   3.41 |   0.00 |  2000.00|I I 
00:42-Mon-Mar-06-2017 PM10  |   9.54 |  11.83 |   0.00 |  2000.00|I I 
00:42-Mon-Mar-06-2017 PM2.5 |   3.23 |   3.40 |   0.00 |  2000.00|I I 
00:43-Mon-Mar-06-2017 PM10  |  11.00 |  11.78 |   0.00 |  2000.00|I I 
00:43-Mon-Mar-06-2017 PM2.5 |   3.28 |   3.39 |   0.00 |  2000.00|I I 
00:47-Mon-Mar-06-2017 PM10  |  12.36 |  11.81 |   0.00 |  2000.00|I I 
00:47-Mon-Mar-06-2017 PM2.5 |   3.49 |   3.40 |   0.00 |  2000.00|I I 
00:48-Mon-Mar-06-2017 PM10  |  12.78 |  11.86 |   0.00 |  2000.00|I I 
00:48-Mon-Mar-06-2017 PM2.5 |   3.38 |   3.40 |   0.00 |  2000.00|I I 
00:49-Mon-Mar-06-2017 PM10  |  12.78 |  11.90 |   0.00 |  2000.00|I I 
00:49-Mon-Mar-06-2017 PM2.5 |   3.38 |   3.39 |   0.00 |  2000.00|I I 
00:53-Mon-Mar-06-2017 PM10  |  10.91 |  11.86 |   0.00 |  2000.00|I I 
00:53-Mon-Mar-06-2017 PM2.5 |   3.21 |   3.39 |   0.00 |  2000.00|I I 
00:54-Mon-Mar-06-2017 PM10  |  10.21 |  11.79 |   0.00 |  2000.00|I I 
00:54-Mon-Mar-06-2017 PM2.5 |   3.03 |   3.37 |   0.00 |  2000.00|I I 
00:58-Mon-Mar-06-2017 PM10  |  12.77 |  11.83 |   0.00 |  2000.00|I I 
00:58-Mon-Mar-06-2017 PM2.5 |   3.64 |   3.38 |   0.00 |  2000.00|I I 
00:59-Mon-Mar-06-2017 PM10  |  10.07 |  11.76 |   0.00 |  2000.00|I I 
00:59-Mon-Mar-06-2017 PM2.5 |   3.46 |   3.39 |   0.00 |  2000.00|I I 
01:03-Mon-Mar-06-2017 PM10  |  12.54 |  11.79 |  11.79 |  11.79 |I I 
01:03-Mon-Mar-06-2017 PM2.5 |   3.69 |   3.40 |   3.40 |   3.40 |I I 
01:04-Mon-Mar-06-2017 PM10  |  11.76 |  11.76 |  11.79 |  11.79 |I I 
01:04-Mon-Mar-06-2017 PM2.5 |   3.31 |   3.31 |   3.40 |   3.40 |I I 
01:08-Mon-Mar-06-2017 PM10  |   8.52 |  10.14 |  11.79 |  11.79 |I I 
01:08-Mon-Mar-06-2017 PM2.5 |   3.10 |   3.21 |   3.40 |   3.40 |I I 
01:09-Mon-Mar-06-2017 PM10  |  13.09 |  11.12 |  11.79 |  11.79 |I I 
01:09-Mon-Mar-06-2017 PM2.5 |   3.46 |   3.29 |   3.40 |   3.40 |I I 
01:13-Mon-Mar-06-2017 PM10  |  13.65 |  11.75 |  11.79 |  11.79 |I I 
01:13-Mon-Mar-06-2017 PM2.5 |   4.01 |   3.47 |   3.40 |   3.40 |I I 
01:14-Mon-Mar-06-2017 PM10  |   8.66 |  11.13 |  11.79 |  11.79 |I I 
01:14-Mon-Mar-06-2017 PM2.5 |   3.54 |   3.49 |   3.40 |   3.40 |I I 
01:15-Mon-Mar-06-2017 PM10  |   8.66 |  10.72 |  11.79 |  11.79 |I I 
01:15-Mon-Mar-06-2017 PM2.5 |   3.54 |   3.50 |   3.40 |   3.40 |I I 
01:19-Mon-Mar-06-2017 PM10  |  13.43 |  11.11 |  11.79 |  11.79 |I I 
01:19-Mon-Mar-06-2017 PM2.5 |   3.90 |   3.55 |   3.40 |   3.40 |I I 
01:20-Mon-Mar-06-2017 PM10  |   9.07 |  10.86 |  11.79 |  11.79 |I I 
01:20-Mon-Mar-06-2017 PM2.5 |   3.42 |   3.54 |   3.40 |   3.40 |I I 
01:24-Mon-Mar-06-2017 PM10  |  10.16 |  10.78 |  11.79 |  11.79 |I I 
01:24-Mon-Mar-06-2017 PM2.5 |   3.37 |   3.52 |   3.40 |   3.40 |I I 
01:25-Mon-Mar-06-2017 PM10  |   9.02 |  10.60 |  11.79 |  11.79 |I I 
01:25-Mon-Mar-06-2017 PM2.5 |   3.55 |   3.52 |   3.40 |   3.40 |I I 
01:29-Mon-Mar-06-2017 PM10  |   9.69 |  10.52 |  11.79 |  11.79 |I I 
01:29-Mon-Mar-06-2017 PM2.5 |   3.74 |   3.54 |   3.40 |   3.40 |I I 
01:30-Mon-Mar-06-2017 PM10  |  11.81 |  10.63 |  11.79 |  11.79 |I I 
01:30-Mon-Mar-06-2017 PM2.5 |   3.58 |   3.54 |   3.40 |   3.40 |I I 
01:34-Mon-Mar-06-2017 PM10  |   9.63 |  10.55 |  11.79 |  11.79 |I I 
01:34-Mon-Mar-06-2017 PM2.5 |   3.69 |   3.56 |   3.40 |   3.40 |I I 
01:35-Mon-Mar-06-2017 PM10  |  12.50 |  10.69 |  11.79 |  11.79 |I I 
01:35-Mon-Mar-06-2017 PM2.5 |   3.57 |   3.56 |   3.40 |   3.40 |I I 
01:39-Mon-Mar-06-2017 PM10  |  11.98 |  10.77 |  11.79 |  11.79 |I I 
01:39-Mon-Mar-06-2017 PM2.5 |   3.66 |   3.56 |   3.40 |   3.40 |I I 
01:40-Mon-Mar-06-2017 PM10  |  11.81 |  10.84 |  11.79 |  11.79 |I I 
01:40-Mon-Mar-06-2017 PM2.5 |   3.83 |   3.58 |   3.40 |   3.40 |I I 
01:41-Mon-Mar-06-2017 PM10  |  11.81 |  10.90 |  11.79 |  11.79 |I I 
01:41-Mon-Mar-06-2017 PM2.5 |   3.83 |   3.59 |   3.40 |   3.40 |I I 
01:45-Mon-Mar-06-2017 PM10  |  11.27 |  10.92 |  11.79 |  11.79 |I I 
01:45-Mon-Mar-06-2017 PM2.5 |   3.87 |   3.61 |   3.40 |   3.40 |I I 
01:46-Mon-Mar-06-2017 PM10  |  12.02 |  10.97 |  11.79 |  11.79 |I I 
01:46-Mon-Mar-06-2017 PM2.5 |   3.48 |   3.60 |   3.40 |   3.40 |I I 
01:50-Mon-Mar-06-2017 PM10  |  12.97 |  11.07 |  11.79 |  11.79 |I I 
01:50-Mon-Mar-06-2017 PM2.5 |   3.74 |   3.61 |   3.40 |   3.40 |I I 
01:51-Mon-Mar-06-2017 PM10  |  10.83 |  11.06 |  11.79 |  11.79 |I I 
01:51-Mon-Mar-06-2017 PM2.5 |   3.53 |   3.61 |   3.40 |   3.40 |I I 
01:55-Mon-Mar-06-2017 PM10  |   9.39 |  10.99 |  11.79 |  11.79 |I I 
01:55-Mon-Mar-06-2017 PM2.5 |   3.59 |   3.61 |   3.40 |   3.40 |I I 
01:56-Mon-Mar-06-2017 PM10  |   9.42 |  10.92 |  11.79 |  11.79 |I I 
01:56-Mon-Mar-06-2017 PM2.5 |   3.42 |   3.60 |   3.40 |   3.40 |I I 
02:00-Mon-Mar-06-2017 PM10  |  10.13 |  10.89 |  11.79 |  10.89 |I I 
02:00-Mon-Mar-06-2017 PM2.5 |   3.52 |   3.59 |   3.59 |   3.40 |I I 
02:01-Mon-Mar-06-2017 PM10  |   8.69 |   8.69 |  11.79 |  10.89 |I I 
02:01-Mon-Mar-06-2017 PM2.5 |   3.36 |   3.36 |   3.59 |   3.40 |I I 
02:05-Mon-Mar-06-2017 PM10  |   9.28 |   8.98 |  11.79 |  10.89 |I I 
02:05-Mon-Mar-06-2017 PM2.5 |   3.66 |   3.51 |   3.59 |   3.40 |I I 
02:06-Mon-Mar-06-2017 PM10  |   7.93 |   8.63 |  11.79 |  10.89 |I I 
02:06-Mon-Mar-06-2017 PM2.5 |   3.53 |   3.52 |   3.59 |   3.40 |I I 
02:10-Mon-Mar-06-2017 PM10  |   8.94 |   8.71 |  11.79 |  10.89 |I I 
02:10-Mon-Mar-06-2017 PM2.5 |   3.56 |   3.53 |   3.59 |   3.40 |I I 
02:11-Mon-Mar-06-2017 PM10  |   8.94 |   8.76 |  11.79 |  10.89 |I I 
02:11-Mon-Mar-06-2017 PM2.5 |   3.56 |   3.54 |   3.59 |   3.40 |I I 
02:12-Mon-Mar-06-2017 PM10  |   9.39 |   8.86 |  11.79 |  10.89 |I I 
02:12-Mon-Mar-06-2017 PM2.5 |   3.31 |   3.50 |   3.59 |   3.40 |I I 
02:16-Mon-Mar-06-2017 PM10  |   8.92 |   8.87 |  11.79 |  10.89 |I I 
02:16-Mon-Mar-06-2017 PM2.5 |   3.46 |   3.49 |   3.59 |   3.40 |I I 
02:17-Mon-Mar-06-2017 PM10  |   8.84 |   8.87 |  11.79 |  10.89 |I I 
02:17-Mon-Mar-06-2017 PM2.5 |   3.26 |   3.46 |   3.59 |   3.40 |I I 
02:21-Mon-Mar-06-2017 PM10  |  10.41 |   9.04 |  11.79 |  10.89 |I I 
02:21-Mon-Mar-06-2017 PM2.5 |   3.37 |   3.45 |   3.59 |   3.40 |I I 
02:22-Mon-Mar-06-2017 PM10  |   7.50 |   8.88 |  11.79 |  10.89 |I I 
02:22-Mon-Mar-06-2017 PM2.5 |   3.17 |   3.43 |   3.59 |   3.40 |I I 
02:26-Mon-Mar-06-2017 PM10  |   7.77 |   8.78 |  11.79 |  10.89 |I I 
02:26-Mon-Mar-06-2017 PM2.5 |   3.20 |   3.41 |   3.59 |   3.40 |I I 
02:27-Mon-Mar-06-2017 PM10  |   7.86 |   8.71 |  11.79 |  10.89 |I I 
02:27-Mon-Mar-06-2017 PM2.5 |   3.01 |   3.37 |   3.59 |   3.40 |I I 
02:31-Mon-Mar-06-2017 PM10  |   9.92 |   8.80 |  11.79 |  10.89 |I I 
02:31-Mon-Mar-06-2017 PM2.5 |   3.19 |   3.36 |   3.59 |   3.40 |I I 
02:32-Mon-Mar-06-2017 PM10  |   9.46 |   8.85 |  11.79 |  10.89 |I I 
02:32-Mon-Mar-06-2017 PM2.5 |   3.37 |   3.36 |   3.59 |   3.40 |I I 
02:36-Mon-Mar-06-2017 PM10  |  10.09 |   8.93 |  11.79 |  10.89 |I I 
02:36-Mon-Mar-06-2017 PM2.5 |   3.56 |   3.37 |   3.59 |   3.40 |I I 
02:37-Mon-Mar-06-2017 PM10  |  10.09 |   9.00 |  11.79 |  10.89 |I I 
02:37-Mon-Mar-06-2017 PM2.5 |   3.56 |   3.38 |   3.59 |   3.40 |I I 
02:38-Mon-Mar-06-2017 PM10  |   8.66 |   8.98 |  11.79 |  10.89 |I I 
02:38-Mon-Mar-06-2017 PM2.5 |   3.40 |   3.39 |   3.59 |   3.40 |I I 
02:42-Mon-Mar-06-2017 PM10  |   7.82 |   8.92 |  11.79 |  10.89 |I I 
02:42-Mon-Mar-06-2017 PM2.5 |   3.33 |   3.38 |   3.59 |   3.40 |I I 
02:43-Mon-Mar-06-2017 PM10  |   8.22 |   8.88 |  11.79 |  10.89 |I I 
02:43-Mon-Mar-06-2017 PM2.5 |   3.13 |   3.37 |   3.59 |   3.40 |I I 
02:47-Mon-Mar-06-2017 PM10  |   8.05 |   8.84 |  11.79 |  10.89 |I I 
02:47-Mon-Mar-06-2017 PM2.5 |   3.39 |   3.37 |   3.59 |   3.40 |I I 
02:48-Mon-Mar-06-2017 PM10  |   9.06 |   8.85 |  11.79 |  10.89 |I I 
02:48-Mon-Mar-06-2017 PM2.5 |   3.47 |   3.37 |   3.59 |   3.40 |I I 
02:52-Mon-Mar-06-2017 PM10  |  11.54 |   8.97 |  11.79 |  10.89 |I I 
02:52-Mon-Mar-06-2017 PM2.5 |   3.64 |   3.39 |   3.59 |   3.40 |I I 
02:53-Mon-Mar-06-2017 PM10  |   9.51 |   9.00 |  11.79 |  10.89 |I I 
02:53-Mon-Mar-06-2017 PM2.5 |   3.06 |   3.37 |   3.59 |   3.40 |I I 
02:57-Mon-Mar-06-2017 PM10  |   7.61 |   8.94 |  11.79 |  10.89 |I I 
02:57-Mon-Mar-06-2017 PM2.5 |   3.35 |   3.37 |   3.59 |   3.40 |I I 
02:58-Mon-Mar-06-2017 PM10  |   9.53 |   8.96 |  11.79 |  10.89 |I I 
02:58-Mon-Mar-06-2017 PM2.5 |   3.20 |   3.36 |   3.59 |   3.40 |I I 
03:02-Mon-Mar-06-2017 PM10  |   7.05 |   8.89 |  11.79 |   8.89 |I I 
03:02-Mon-Mar-06-2017 PM2.5 |   3.26 |   3.36 |   3.59 |   3.36 |I I 
03:03-Mon-Mar-06-2017 PM10  |   7.05 |   7.05 |  11.79 |   8.89 |I I 
03:03-Mon-Mar-06-2017 PM2.5 |   3.26 |   3.26 |   3.59 |   3.36 |I I 
03:04-Mon-Mar-06-2017 PM10  |   7.37 |   7.21 |  11.79 |   8.89 |I I 
03:04-Mon-Mar-06-2017 PM2.5 |   3.00 |   3.13 |   3.59 |   3.36 |I I 
03:08-Mon-Mar-06-2017 PM10  |  10.82 |   8.41 |  11.79 |   8.89 |I I 
03:08-Mon-Mar-06-2017 PM2.5 |   3.26 |   3.17 |   3.59 |   3.36 |I I 
03:09-Mon-Mar-06-2017 PM10  |  10.31 |   8.88 |  11.79 |   8.89 |I I 
03:09-Mon-Mar-06-2017 PM2.5 |   3.30 |   3.21 |   3.59 |   3.36 |I I 
03:13-Mon-Mar-06-2017 PM10  |   8.63 |   8.83 |  11.79 |   8.89 |I I 
03:13-Mon-Mar-06-2017 PM2.5 |   3.29 |   3.22 |   3.59 |   3.36 |I I 
03:14-Mon-Mar-06-2017 PM10  |   9.92 |   9.02 |  11.79 |   8.89 |I I 
03:14-Mon-Mar-06-2017 PM2.5 |   3.27 |   3.23 |   3.59 |   3.36 |I I 
03:18-Mon-Mar-06-2017 PM10  |   9.89 |   9.14 |  11.79 |   8.89 |I I 
03:18-Mon-Mar-06-2017 PM2.5 |   3.26 |   3.24 |   3.59 |   3.36 |I I 
03:20-Mon-Mar-06-2017 PM10  |  10.08 |   9.26 |  11.79 |   8.89 |I I 
03:20-Mon-Mar-06-2017 PM2.5 |   3.13 |   3.22 |   3.59 |   3.36 |I I 
03:24-Mon-Mar-06-2017 PM10  |   8.18 |   9.14 |  11.79 |   8.89 |I I 
03:24-Mon-Mar-06-2017 PM2.5 |   3.29 |   3.23 |   3.59 |   3.36 |I I 
03:25-Mon-Mar-06-2017 PM10  |  11.69 |   9.39 |  11.79 |   8.89 |I I 
03:25-Mon-Mar-06-2017 PM2.5 |   3.28 |   3.24 |   3.59 |   3.36 |I I 
03:29-Mon-Mar-06-2017 PM10  |   8.07 |   9.27 |  11.79 |   8.89 |I I 
03:29-Mon-Mar-06-2017 PM2.5 |   3.18 |   3.23 |   3.59 |   3.36 |I I 
03:30-Mon-Mar-06-2017 PM10  |   8.07 |   9.17 |  11.79 |   8.89 |I I 
03:30-Mon-Mar-06-2017 PM2.5 |   3.18 |   3.23 |   3.59 |   3.36 |I I 
03:31-Mon-Mar-06-2017 PM10  |   8.41 |   9.11 |  11.79 |   8.89 |I I 
03:31-Mon-Mar-06-2017 PM2.5 |   3.12 |   3.22 |   3.59 |   3.36 |I I 
03:35-Mon-Mar-06-2017 PM10  |   9.14 |   9.12 |  11.79 |   8.89 |I I 
03:35-Mon-Mar-06-2017 PM2.5 |   3.46 |   3.23 |   3.59 |   3.36 |I I 
03:36-Mon-Mar-06-2017 PM10  |  12.65 |   9.35 |  11.79 |   8.89 |I I 
03:36-Mon-Mar-06-2017 PM2.5 |   3.52 |   3.25 |   3.59 |   3.36 |I I 
03:40-Mon-Mar-06-2017 PM10  |  10.42 |   9.42 |  11.79 |   8.89 |I I 
03:40-Mon-Mar-06-2017 PM2.5 |   3.50 |   3.27 |   3.59 |   3.36 |I I 
03:41-Mon-Mar-06-2017 PM10  |   8.99 |   9.39 |  11.79 |   8.89 |I I 
03:41-Mon-Mar-06-2017 PM2.5 |   3.26 |   3.27 |   3.59 |   3.36 |I I 
03:45-Mon-Mar-06-2017 PM10  |   8.23 |   9.33 |  11.79 |   8.89 |I I 
03:45-Mon-Mar-06-2017 PM2.5 |   3.28 |   3.27 |   3.59 |   3.36 |I I 
03:46-Mon-Mar-06-2017 PM10  |   6.68 |   9.19 |  11.79 |   8.89 |I I 
03:46-Mon-Mar-06-2017 PM2.5 |   3.23 |   3.27 |   3.59 |   3.36 |I I 
03:50-Mon-Mar-06-2017 PM10  |   9.56 |   9.21 |  11.79 |   8.89 |I I 
03:50-Mon-Mar-06-2017 PM2.5 |   3.50 |   3.28 |   3.59 |   3.36 |I I 
03:51-Mon-Mar-06-2017 PM10  |  11.97 |   9.34 |  11.79 |   8.89 |I I 
03:51-Mon-Mar-06-2017 PM2.5 |   3.35 |   3.28 |   3.59 |   3.36 |I I 
03:55-Mon-Mar-06-2017 PM10  |   9.88 |   9.36 |  11.79 |   8.89 |I I 
03:55-Mon-Mar-06-2017 PM2.5 |   3.14 |   3.28 |   3.59 |   3.36 |I I 
03:56-Mon-Mar-06-2017 PM10  |   9.88 |   9.39 |  11.79 |   8.89 |I I 
03:56-Mon-Mar-06-2017 PM2.5 |   3.14 |   3.27 |   3.59 |   3.36 |I I 
03:57-Mon-Mar-06-2017 PM10  |   8.95 |   9.37 |  11.79 |   8.89 |I I 
03:57-Mon-Mar-06-2017 PM2.5 |   3.38 |   3.27 |   3.59 |   3.36 |I I 
04:01-Mon-Mar-06-2017 PM10  |   7.86 |   9.31 |  11.79 |   8.89 |I I 
04:01-Mon-Mar-06-2017 PM2.5 |   3.32 |   3.28 |   3.59 |   3.28 |I I 
04:02-Mon-Mar-06-2017 PM10  |   7.89 |   7.89 |  11.79 |   8.89 |I I 
04:02-Mon-Mar-06-2017 PM2.5 |   3.71 |   3.71 |   3.59 |   3.28 |I I 
04:06-Mon-Mar-06-2017 PM10  |  10.59 |   9.24 |  11.79 |   8.89 |I I 
04:06-Mon-Mar-06-2017 PM2.5 |   3.59 |   3.65 |   3.59 |   3.28 |I I 
04:07-Mon-Mar-06-2017 PM10  |   9.80 |   9.42 |  11.79 |   8.89 |I I 
04:07-Mon-Mar-06-2017 PM2.5 |   3.40 |   3.57 |   3.59 |   3.28 |I I 
04:11-Mon-Mar-06-2017 PM10  |  12.55 |  10.21 |  11.79 |   8.89 |I I 
04:11-Mon-Mar-06-2017 PM2.5 |   3.74 |   3.61 |   3.59 |   3.28 |I I 
04:12-Mon-Mar-06-2017 PM10  |   9.80 |  10.12 |  11.79 |   8.89 |I I 
04:12-Mon-Mar-06-2017 PM2.5 |   3.39 |   3.57 |   3.59 |   3.28 |I I 
04:16-Mon-Mar-06-2017 PM10  |   9.83 |  10.07 |  11.79 |   8.89 |I I 
04:16-Mon-Mar-06-2017 PM2.5 |   3.23 |   3.51 |   3.59 |   3.28 |I I 
04:17-Mon-Mar-06-2017 PM10  |   9.39 |   9.98 |  11.79 |   8.89 |I I 
04:17-Mon-Mar-06-2017 PM2.5 |   3.41 |   3.50 |   3.59 |   3.28 |I I 
04:21-Mon-Mar-06-2017 PM10  |  10.89 |  10.09 |  11.79 |   8.89 |I I 
04:21-Mon-Mar-06-2017 PM2.5 |   3.46 |   3.49 |   3.59 |   3.28 |I I 
04:22-Mon-Mar-06-2017 PM10  |  10.89 |  10.18 |  11.79 |   8.89 |I I 
04:22-Mon-Mar-06-2017 PM2.5 |   3.46 |   3.49 |   3.59 |   3.28 |I I 
04:23-Mon-Mar-06-2017 PM10  |   9.67 |  10.13 |  11.79 |   8.89 |I I 
04:23-Mon-Mar-06-2017 PM2.5 |   3.10 |   3.45 |   3.59 |   3.28 |I I 
04:27-Mon-Mar-06-2017 PM10  |   9.95 |  10.11 |  11.79 |   8.89 |I I 
04:27-Mon-Mar-06-2017 PM2.5 |   3.36 |   3.44 |   3.59 |   3.28 |I I 
04:28-Mon-Mar-06-2017 PM10  |  10.36 |  10.13 |  11.79 |   8.89 |I I 
04:28-Mon-Mar-06-2017 PM2.5 |   3.54 |   3.45 |   3.59 |   3.28 |I I 
04:32-Mon-Mar-06-2017 PM10  |   9.33 |  10.07 |  11.79 |   8.89 |I I 
04:32-Mon-Mar-06-2017 PM2.5 |   3.47 |   3.45 |   3.59 |   3.28 |I I 
04:33-Mon-Mar-06-2017 PM10  |   9.69 |  10.04 |  11.79 |   8.89 |I I 
04:33-Mon-Mar-06-2017 PM2.5 |   3.78 |   3.47 |   3.59 |   3.28 |I I 
04:37-Mon-Mar-06-2017 PM10  |  11.31 |  10.13 |  11.79 |   8.89 |I I 
04:37-Mon-Mar-06-2017 PM2.5 |   3.50 |   3.48 |   3.59 |   3.28 |I I 
04:38-Mon-Mar-06-2017 PM10  |  10.91 |  10.18 |  11.79 |   8.89 |I I 
04:38-Mon-Mar-06-2017 PM2.5 |   3.47 |   3.47 |   3.59 |   3.28 |I I 
04:42-Mon-Mar-06-2017 PM10  |  12.42 |  10.31 |  11.79 |   8.89 |I I 
04:42-Mon-Mar-06-2017 PM2.5 |   3.54 |   3.48 |   3.59 |   3.28 |I I 
04:43-Mon-Mar-06-2017 PM10  |  11.58 |  10.38 |  11.79 |   8.89 |I I 
04:43-Mon-Mar-06-2017 PM2.5 |   3.59 |   3.48 |   3.59 |   3.28 |I I 
04:47-Mon-Mar-06-2017 PM10  |  14.94 |  10.62 |  11.79 |   8.89 |I I 
04:47-Mon-Mar-06-2017 PM2.5 |   3.74 |   3.50 |   3.59 |   3.28 |I I 
04:48-Mon-Mar-06-2017 PM10  |  10.82 |  10.63 |  11.79 |   8.89 |I I 
04:48-Mon-Mar-06-2017 PM2.5 |   3.44 |   3.50 |   3.59 |   3.28 |I I 
04:49-Mon-Mar-06-2017 PM10  |  10.82 |  10.64 |  11.79 |   8.89 |I I 
04:49-Mon-Mar-06-2017 PM2.5 |   3.44 |   3.49 |   3.59 |   3.28 |I I 
04:53-Mon-Mar-06-2017 PM10  |  13.30 |  10.76 |  11.79 |   8.89 |I I 
04:53-Mon-Mar-06-2017 PM2.5 |   3.35 |   3.49 |   3.59 |   3.28 |I I 
04:54-Mon-Mar-06-2017 PM10  |  12.68 |  10.84 |  11.79 |   8.89 |I I 
04:54-Mon-Mar-06-2017 PM2.5 |   3.66 |   3.49 |   3.59 |   3.28 |I I 
04:58-Mon-Mar-06-2017 PM10  |  10.37 |  10.82 |  11.79 |   8.89 |I I 
04:58-Mon-Mar-06-2017 PM2.5 |   3.54 |   3.50 |   3.59 |   3.28 |I I 
04:59-Mon-Mar-06-2017 PM10  |   9.05 |  10.75 |  11.79 |   8.89 |I I 
04:59-Mon-Mar-06-2017 PM2.5 |   3.47 |   3.49 |   3.59 |   3.28 |I I 
05:03-Mon-Mar-06-2017 PM10  |   9.67 |  10.71 |  11.79 |   8.89 |I I 
05:03-Mon-Mar-06-2017 PM2.5 |   3.43 |   3.49 |   3.59 |   3.28 |I I 
05:04-Mon-Mar-06-2017 PM10  |   8.31 |   8.31 |  11.79 |   8.89 |I I 
05:04-Mon-Mar-06-2017 PM2.5 |   3.31 |   3.31 |   3.59 |   3.28 |I I 
05:08-Mon-Mar-06-2017 PM10  |   9.00 |   8.66 |  11.79 |   8.89 |I I 
05:08-Mon-Mar-06-2017 PM2.5 |   3.65 |   3.48 |   3.59 |   3.28 |I I 
05:09-Mon-Mar-06-2017 PM10  |  10.94 |   9.42 |  11.79 |   8.89 |I I 
05:09-Mon-Mar-06-2017 PM2.5 |   3.67 |   3.54 |   3.59 |   3.28 |I I 
05:13-Mon-Mar-06-2017 PM10  |  11.72 |   9.99 |  11.79 |   8.89 |I I 
05:13-Mon-Mar-06-2017 PM2.5 |   3.68 |   3.58 |   3.59 |   3.28 |I I 
05:14-Mon-Mar-06-2017 PM10  |  10.58 |  10.11 |  11.79 |   8.89 |I I 
05:14-Mon-Mar-06-2017 PM2.5 |   3.39 |   3.54 |   3.59 |   3.28 |I I 
05:15-Mon-Mar-06-2017 PM10  |  10.58 |  10.19 |  11.79 |   8.89 |I I 
05:15-Mon-Mar-06-2017 PM2.5 |   3.39 |   3.51 |   3.59 |   3.28 |I I 
05:19-Mon-Mar-06-2017 PM10  |   9.37 |  10.07 |  11.79 |   8.89 |I I 
05:19-Mon-Mar-06-2017 PM2.5 |   3.34 |   3.49 |   3.59 |   3.28 |I I 
05:20-Mon-Mar-06-2017 PM10  |  11.00 |  10.19 |  11.79 |   8.89 |I I 
05:20-Mon-Mar-06-2017 PM2.5 |   3.50 |   3.49 |   3.59 |   3.28 |I I 
05:24-Mon-Mar-06-2017 PM10  |   8.68 |  10.02 |  11.79 |   8.89 |I I 
05:24-Mon-Mar-06-2017 PM2.5 |   3.54 |   3.50 |   3.59 |   3.28 |I I 
05:25-Mon-Mar-06-2017 PM10  |  13.44 |  10.36 |  11.79 |   8.89 |I I 
05:25-Mon-Mar-06-2017 PM2.5 |   3.13 |   3.46 |   3.59 |   3.28 |I I 
05:29-Mon-Mar-06-2017 PM10  |  13.35 |  10.63 |  11.79 |   8.89 |I I 
05:29-Mon-Mar-06-2017 PM2.5 |   3.63 |   3.48 |   3.59 |   3.28 |I I 
05:30-Mon-Mar-06-2017 PM10  |  11.00 |  10.66 |  11.79 |   8.89 |I I 
05:30-Mon-Mar-06-2017 PM2.5 |   3.29 |   3.46 |   3.59 |   3.28 |I I 
05:34-Mon-Mar-06-2017 PM10  |  11.57 |  10.73 |  11.79 |   8.89 |I I 
05:34-Mon-Mar-06-2017 PM2.5 |   3.58 |   3.47 |   3.59 |   3.28 |I I 
05:35-Mon-Mar-06-2017 PM10  |  12.44 |  10.86 |  11.79 |   8.89 |I I 
05:35-Mon-Mar-06-2017 PM2.5 |   3.50 |   3.47 |   3.59 |   3.28 |I I 
05:39-Mon-Mar-06-2017 PM10  |   9.49 |  10.77 |  11.79 |   8.89 |I I 
05:39-Mon-Mar-06-2017 PM2.5 |   3.70 |   3.49 |   3.59 |   3.28 |I I 
05:40-Mon-Mar-06-2017 PM10  |  10.30 |  10.74 |  11.79 |   8.89 |I I 
05:40-Mon-Mar-06-2017 PM2.5 |   3.61 |   3.49 |   3.59 |   3.28 |I I 
05:41-Mon-Mar-06-2017 PM10  |  10.30 |  10.71 |  11.79 |   8.89 |I I 
05:41-Mon-Mar-06-2017 PM2.5 |   3.61 |   3.50 |   3.59 |   3.28 |I I 
05:45-Mon-Mar-06-2017 PM10  |  12.51 |  10.81 |  11.79 |   8.89 |I I 
05:45-Mon-Mar-06-2017 PM2.5 |   3.83 |   3.52 |   3.59 |   3.28 |I I 
05:46-Mon-Mar-06-2017 PM10  |  14.38 |  11.00 |  11.79 |   8.89 |I I 
05:46-Mon-Mar-06-2017 PM2.5 |   3.53 |   3.52 |   3.59 |   3.28 |I I 
05:50-Mon-Mar-06-2017 PM10  |  10.63 |  10.98 |  11.79 |   8.89 |I I 
05:50-Mon-Mar-06-2017 PM2.5 |   3.74 |   3.53 |   3.59 |   3.28 |I I 
05:51-Mon-Mar-06-2017 PM10  |  12.62 |  11.06 |  11.79 |   8.89 |I I 
05:51-Mon-Mar-06-2017 PM2.5 |   3.55 |   3.53 |   3.59 |   3.28 |I I 
05:55-Mon-Mar-06-2017 PM10  |   8.38 |  10.94 |  11.79 |   8.89 |I I 
05:55-Mon-Mar-06-2017 PM2.5 |   3.22 |   3.52 |   3.59 |   3.28 |I I 
05:56-Mon-Mar-06-2017 PM10  |  14.04 |  11.07 |  11.79 |   8.89 |I I 
05:56-Mon-Mar-06-2017 PM2.5 |   3.29 |   3.51 |   3.59 |   3.28 |I I 
06:00-Mon-Mar-06-2017 PM10  |  10.68 |  11.05 |  11.79 |   8.89 |I I 
06:00-Mon-Mar-06-2017 PM2.5 |   3.38 |   3.50 |   3.59 |   3.28 |I I 
06:01-Mon-Mar-06-2017 PM10  |   8.62 |   8.62 |  11.79 |   8.89 |I I 
06:01-Mon-Mar-06-2017 PM2.5 |   3.34 |   3.34 |   3.59 |   3.28 |I I 
06:05-Mon-Mar-06-2017 PM10  |  10.39 |   9.50 |  11.79 |   8.89 |I I 
06:05-Mon-Mar-06-2017 PM2.5 |   3.71 |   3.52 |   3.59 |   3.28 |I I 
06:06-Mon-Mar-06-2017 PM10  |  12.62 |  10.54 |  11.79 |   8.89 |I I 
06:06-Mon-Mar-06-2017 PM2.5 |   3.46 |   3.50 |   3.59 |   3.28 |I I 
06:07-Mon-Mar-06-2017 PM10  |  12.62 |  11.06 |  11.79 |   8.89 |I I 
06:07-Mon-Mar-06-2017 PM2.5 |   3.46 |   3.49 |   3.59 |   3.28 |I I 
06:11-Mon-Mar-06-2017 PM10  |  10.14 |  10.88 |  11.79 |   8.89 |I I 
06:11-Mon-Mar-06-2017 PM2.5 |   3.55 |   3.51 |   3.59 |   3.28 |I I 
06:13-Mon-Mar-06-2017 PM10  |   9.35 |  10.62 |  11.79 |   8.89 |I I 
06:13-Mon-Mar-06-2017 PM2.5 |   3.55 |   3.51 |   3.59 |   3.28 |I I 
06:17-Mon-Mar-06-2017 PM10  |   9.10 |  10.41 |  11.79 |   8.89 |I I 
06:17-Mon-Mar-06-2017 PM2.5 |   3.58 |   3.52 |   3.59 |   3.28 |I I 
06:18-Mon-Mar-06-2017 PM10  |   8.61 |  10.18 |  11.79 |   8.89 |I I 
06:18-Mon-Mar-06-2017 PM2.5 |   3.43 |   3.51 |   3.59 |   3.28 |I I 
06:22-Mon-Mar-06-2017 PM10  |   8.53 |  10.00 |  11.79 |   8.89 |I I 
06:22-Mon-Mar-06-2017 PM2.5 |   3.33 |   3.49 |   3.59 |   3.28 |I I 
06:23-Mon-Mar-06-2017 PM10  |  10.30 |  10.03 |  11.79 |   8.89 |I I 
06:23-Mon-Mar-06-2017 PM2.5 |   3.27 |   3.47 |   3.59 |   3.28 |I I 
06:27-Mon-Mar-06-2017 PM10  |  11.87 |  10.20 |  11.79 |   8.89 |I I 
06:27-Mon-Mar-06-2017 PM2.5 |   3.66 |   3.49 |   3.59 |   3.28 |I I 
06:28-Mon-Mar-06-2017 PM10  |  11.06 |  10.27 |  11.79 |   8.89 |I I 
06:28-Mon-Mar-06-2017 PM2.5 |   3.44 |   3.48 |   3.59 |   3.28 |I I 
06:32-Mon-Mar-06-2017 PM10  |   9.27 |  10.19 |  11.79 |   8.89 |I I 
06:32-Mon-Mar-06-2017 PM2.5 |   3.28 |   3.47 |   3.59 |   3.28 |I I 
06:33-Mon-Mar-06-2017 PM10  |  10.06 |  10.18 |  11.79 |   8.89 |I I 
06:33-Mon-Mar-06-2017 PM2.5 |   3.27 |   3.45 |   3.59 |   3.28 |I I 
06:34-Mon-Mar-06-2017 PM10  |  10.06 |  10.17 |  11.79 |   8.89 |I I 
06:34-Mon-Mar-06-2017 PM2.5 |   3.27 |   3.44 |   3.59 |   3.28 |I I 
06:38-Mon-Mar-06-2017 PM10  |  10.18 |  10.17 |  11.79 |   8.89 |I I 
06:38-Mon-Mar-06-2017 PM2.5 |   3.39 |   3.44 |   3.59 |   3.28 |I I 
06:39-Mon-Mar-06-2017 PM10  |  13.08 |  10.34 |  11.79 |   8.89 |I I 
06:39-Mon-Mar-06-2017 PM2.5 |   3.42 |   3.44 |   3.59 |   3.28 |I I 
06:43-Mon-Mar-06-2017 PM10  |  12.03 |  10.44 |  11.79 |   8.89 |I I 
06:43-Mon-Mar-06-2017 PM2.5 |   3.95 |   3.46 |   3.59 |   3.28 |I I 
06:44-Mon-Mar-06-2017 PM10  |  10.77 |  10.46 |  11.79 |   8.89 |I I 
06:44-Mon-Mar-06-2017 PM2.5 |   3.75 |   3.48 |   3.59 |   3.28 |I I 
06:48-Mon-Mar-06-2017 PM10  |  12.60 |  10.56 |  11.79 |   8.89 |I I 
06:48-Mon-Mar-06-2017 PM2.5 |   3.79 |   3.50 |   3.59 |   3.28 |I I 
06:49-Mon-Mar-06-2017 PM10  |  15.36 |  10.79 |  11.79 |   8.89 |I I 
06:49-Mon-Mar-06-2017 PM2.5 |   3.56 |   3.50 |   3.59 |   3.28 |I I 
06:53-Mon-Mar-06-2017 PM10  |  14.76 |  10.97 |  11.79 |   8.89 |I I 
06:53-Mon-Mar-06-2017 PM2.5 |   3.45 |   3.50 |   3.59 |   3.28 |I I 
06:54-Mon-Mar-06-2017 PM10  |  10.35 |  10.94 |  11.79 |   8.89 |I I 
06:54-Mon-Mar-06-2017 PM2.5 |   3.38 |   3.49 |   3.59 |   3.28 |I I 
06:58-Mon-Mar-06-2017 PM10  |  10.58 |  10.93 |  11.79 |   8.89 |I I 
06:58-Mon-Mar-06-2017 PM2.5 |   3.82 |   3.50 |   3.59 |   3.28 |I I 
06:59-Mon-Mar-06-2017 PM10  |   9.97 |  10.89 |  11.79 |   8.89 |I I 
06:59-Mon-Mar-06-2017 PM2.5 |   3.27 |   3.50 |   3.59 |   3.28 |I I 
07:00-Mon-Mar-06-2017 PM10  |   9.97 |  10.86 |  11.79 |   8.89 |I I 
07:00-Mon-Mar-06-2017 PM2.5 |   3.27 |   3.49 |   3.59 |   3.28 |I I 
07:03-Mon-Mar-06-2017 PM10  |  11.91 |  11.91 |  11.79 |   8.89 |I I 
07:03-Mon-Mar-06-2017 PM2.5 |   3.33 |   3.33 |   3.59 |   3.28 |I I 
07:04-Mon-Mar-06-2017 PM10  |  11.91 |  11.91 |  11.79 |   8.89 |I I 
07:04-Mon-Mar-06-2017 PM2.5 |   3.33 |   3.33 |   3.59 |   3.28 |I I 
07:05-Mon-Mar-06-2017 PM10  |  11.56 |  11.80 |  11.79 |   8.89 |I I 
07:05-Mon-Mar-06-2017 PM2.5 |   3.50 |   3.38 |   3.59 |   3.28 |I I 
07:09-Mon-Mar-06-2017 PM10  |  12.39 |  11.94 |  11.79 |   8.89 |I I 
07:09-Mon-Mar-06-2017 PM2.5 |   3.45 |   3.40 |   3.59 |   3.28 |I I 
07:10-Mon-Mar-06-2017 PM10  |  14.66 |  12.49 |  11.79 |   8.89 |I I 
07:10-Mon-Mar-06-2017 PM2.5 |   4.00 |   3.52 |   3.59 |   3.28 |I I 
07:14-Mon-Mar-06-2017 PM10  |  14.21 |  12.77 |  11.79 |   8.89 |I I 
07:14-Mon-Mar-06-2017 PM2.5 |   4.18 |   3.63 |   3.59 |   3.28 |I I 
07:15-Mon-Mar-06-2017 PM10  |  12.53 |  12.74 |  11.79 |   8.89 |I I 
07:15-Mon-Mar-06-2017 PM2.5 |   3.78 |   3.65 |   3.59 |   3.28 |I I 
07:19-Mon-Mar-06-2017 PM10  |  17.12 |  13.29 |  11.79 |   8.89 |I I 
07:19-Mon-Mar-06-2017 PM2.5 |   3.97 |   3.69 |   3.59 |   3.28 |I I 
07:20-Mon-Mar-06-2017 PM10  |  12.27 |  13.17 |  11.79 |   8.89 |I I 
07:20-Mon-Mar-06-2017 PM2.5 |   3.67 |   3.69 |   3.59 |   3.28 |I I 
07:24-Mon-Mar-06-2017 PM10  |  13.40 |  13.20 |  11.79 |   8.89 |I I 
07:24-Mon-Mar-06-2017 PM2.5 |   4.17 |   3.74 |   3.59 |   3.28 |I I 
07:25-Mon-Mar-06-2017 PM10  |  15.30 |  13.39 |  11.79 |   8.89 |I I 
07:25-Mon-Mar-06-2017 PM2.5 |   3.78 |   3.74 |   3.59 |   3.28 |I I 
07:29-Mon-Mar-06-2017 PM10  |  14.18 |  13.45 |  11.79 |   8.89 |I I 
07:29-Mon-Mar-06-2017 PM2.5 |   4.11 |   3.77 |   3.59 |   3.28 |I I 
07:30-Mon-Mar-06-2017 PM10  |  14.18 |  13.51 |  11.79 |   8.89 |I I 
07:30-Mon-Mar-06-2017 PM2.5 |   4.11 |   3.80 |   3.59 |   3.28 |I I 
07:31-Mon-Mar-06-2017 PM10  |  13.96 |  13.54 |  11.79 |   8.89 |I I 
07:31-Mon-Mar-06-2017 PM2.5 |   3.78 |   3.80 |   3.59 |   3.28 |I I 
07:35-Mon-Mar-06-2017 PM10  |  16.24 |  13.72 |  11.79 |   8.89 |I I 
07:35-Mon-Mar-06-2017 PM2.5 |   3.88 |   3.80 |   3.59 |   3.28 |I I 
07:36-Mon-Mar-06-2017 PM10  |  14.14 |  13.75 |  11.79 |   8.89 |I I 
07:36-Mon-Mar-06-2017 PM2.5 |   3.49 |   3.78 |   3.59 |   3.28 |I I 
07:40-Mon-Mar-06-2017 PM10  |  12.92 |  13.70 |  11.79 |   8.89 |I I 
07:40-Mon-Mar-06-2017 PM2.5 |   3.57 |   3.77 |   3.59 |   3.28 |I I 
07:41-Mon-Mar-06-2017 PM10  |  13.41 |  13.68 |  11.79 |   8.89 |I I 
07:41-Mon-Mar-06-2017 PM2.5 |   4.02 |   3.78 |   3.59 |   3.28 |I I 
07:45-Mon-Mar-06-2017 PM10  |  14.33 |  13.72 |  11.79 |   8.89 |I I 
07:45-Mon-Mar-06-2017 PM2.5 |   4.00 |   3.79 |   3.59 |   3.28 |I I 
07:46-Mon-Mar-06-2017 PM10  |  14.17 |  13.74 |  11.79 |   8.89 |I I 
07:46-Mon-Mar-06-2017 PM2.5 |   3.98 |   3.80 |   3.59 |   3.28 |I I 
07:50-Mon-Mar-06-2017 PM10  |  16.40 |  13.87 |  11.79 |   8.89 |I I 
07:50-Mon-Mar-06-2017 PM2.5 |   4.01 |   3.81 |   3.59 |   3.28 |I I 
07:51-Mon-Mar-06-2017 PM10  |  13.45 |  13.85 |  11.79 |   8.89 |I I 
07:51-Mon-Mar-06-2017 PM2.5 |   3.93 |   3.82 |   3.59 |   3.28 |I I 
07:55-Mon-Mar-06-2017 PM10  |  14.58 |  13.88 |  11.79 |   8.89 |I I 
07:55-Mon-Mar-06-2017 PM2.5 |   4.07 |   3.83 |   3.59 |   3.28 |I I 
07:56-Mon-Mar-06-2017 PM10  |  14.58 |  13.91 |  11.79 |   8.89 |I I 
07:56-Mon-Mar-06-2017 PM2.5 |   4.07 |   3.84 |   3.59 |   3.28 |I I 
07:57-Mon-Mar-06-2017 PM10  |  11.26 |  13.80 |  11.79 |   8.89 |I I 
07:57-Mon-Mar-06-2017 PM2.5 |   3.59 |   3.83 |   3.59 |   3.28 |I I 
08:01-Mon-Mar-06-2017 PM10  |  13.24 |  13.78 |  13.78 |   8.89 |I I 
08:01-Mon-Mar-06-2017 PM2.5 |   3.91 |   3.83 |   3.83 |   3.28 |I I 
08:02-Mon-Mar-06-2017 PM10  |  12.76 |  12.76 |  13.78 |   8.89 |I I 
08:02-Mon-Mar-06-2017 PM2.5 |   3.76 |   3.76 |   3.83 |   3.28 |I I 
08:06-Mon-Mar-06-2017 PM10  |  15.53 |  14.14 |  13.78 |   8.89 |I I 
08:06-Mon-Mar-06-2017 PM2.5 |   4.12 |   3.94 |   3.83 |   3.28 |I I 
08:07-Mon-Mar-06-2017 PM10  |  13.38 |  13.89 |  13.78 |   8.89 |I I 
08:07-Mon-Mar-06-2017 PM2.5 |   3.75 |   3.88 |   3.83 |   3.28 |I I 
08:11-Mon-Mar-06-2017 PM10  |  15.70 |  14.34 |  13.78 |   8.89 |I I 
08:11-Mon-Mar-06-2017 PM2.5 |   3.84 |   3.87 |   3.83 |   3.28 |I I 
08:12-Mon-Mar-06-2017 PM10  |  16.74 |  14.82 |  13.78 |   8.89 |I I 
08:12-Mon-Mar-06-2017 PM2.5 |   4.12 |   3.92 |   3.83 |   3.28 |I I 
08:16-Mon-Mar-06-2017 PM10  |  12.98 |  14.51 |  13.78 |   8.89 |I I 
08:16-Mon-Mar-06-2017 PM2.5 |   4.04 |   3.94 |   3.83 |   3.28 |I I 
08:17-Mon-Mar-06-2017 PM10  |  14.18 |  14.47 |  13.78 |   8.89 |I I 
08:17-Mon-Mar-06-2017 PM2.5 |   3.98 |   3.95 |   3.83 |   3.28 |I I 
08:21-Mon-Mar-06-2017 PM10  |  17.77 |  14.88 |  13.78 |   8.89 |I I 
08:21-Mon-Mar-06-2017 PM2.5 |   4.47 |   4.01 |   3.83 |   3.28 |I I 
08:22-Mon-Mar-06-2017 PM10  |  15.49 |  14.95 |  13.78 |   8.89 |I I 
08:22-Mon-Mar-06-2017 PM2.5 |   3.91 |   4.00 |   3.83 |   3.28 |I I 
08:23-Mon-Mar-06-2017 PM10  |  15.49 |  15.00 |  13.78 |   8.89 |I I 
08:23-Mon-Mar-06-2017 PM2.5 |   3.91 |   3.99 |   3.83 |   3.28 |I I 
08:27-Mon-Mar-06-2017 PM10  |  12.58 |  14.78 |  13.78 |   8.89 |I I 
08:27-Mon-Mar-06-2017 PM2.5 |   3.92 |   3.98 |   3.83 |   3.28 |I I 
08:28-Mon-Mar-06-2017 PM10  |  18.73 |  15.11 |  13.78 |   8.89 |I I 
08:28-Mon-Mar-06-2017 PM2.5 |   3.78 |   3.97 |   3.83 |   3.28 |I I 
08:32-Mon-Mar-06-2017 PM10  |  13.64 |  15.00 |  13.78 |   8.89 |I I 
08:32-Mon-Mar-06-2017 PM2.5 |   3.97 |   3.97 |   3.83 |   3.28 |I I 
08:33-Mon-Mar-06-2017 PM10  |  14.42 |  14.96 |  13.78 |   8.89 |I I 
08:33-Mon-Mar-06-2017 PM2.5 |   3.84 |   3.96 |   3.83 |   3.28 |I I 
08:37-Mon-Mar-06-2017 PM10  |  16.80 |  15.08 |  13.78 |   8.89 |I I 
08:37-Mon-Mar-06-2017 PM2.5 |   4.21 |   3.97 |   3.83 |   3.28 |I I 
08:38-Mon-Mar-06-2017 PM10  |  11.91 |  14.88 |  13.78 |   8.89 |I I 
08:38-Mon-Mar-06-2017 PM2.5 |   3.61 |   3.95 |   3.83 |   3.28 |I I 
08:42-Mon-Mar-06-2017 PM10  |  12.09 |  14.72 |  13.78 |   8.89 |I I 
08:42-Mon-Mar-06-2017 PM2.5 |   3.92 |   3.95 |   3.83 |   3.28 |I I 
08:43-Mon-Mar-06-2017 PM10  |  13.94 |  14.67 |  13.78 |   8.89 |I I 
08:43-Mon-Mar-06-2017 PM2.5 |   4.03 |   3.96 |   3.83 |   3.28 |I I 
08:47-Mon-Mar-06-2017 PM10  |  15.45 |  14.71 |  13.78 |   8.89 |I I 
08:47-Mon-Mar-06-2017 PM2.5 |   4.24 |   3.97 |   3.83 |   3.28 |I I 
08:48-Mon-Mar-06-2017 PM10  |  17.02 |  14.83 |  13.78 |   8.89 |I I 
08:48-Mon-Mar-06-2017 PM2.5 |   3.96 |   3.97 |   3.83 |   3.28 |I I 
08:49-Mon-Mar-06-2017 PM10  |  17.02 |  14.93 |  13.78 |   8.89 |I I 
08:49-Mon-Mar-06-2017 PM2.5 |   3.96 |   3.97 |   3.83 |   3.28 |I I 
08:53-Mon-Mar-06-2017 PM10  |  18.33 |  15.09 |  13.78 |   8.89 |I I 
08:53-Mon-Mar-06-2017 PM2.5 |   4.29 |   3.98 |   3.83 |   3.28 |I I 
08:54-Mon-Mar-06-2017 PM10  |  13.59 |  15.02 |  13.78 |   8.89 |I I 
08:54-Mon-Mar-06-2017 PM2.5 |   3.98 |   3.98 |   3.83 |   3.28 |I I 
08:59-Mon-Mar-06-2017 PM10  |  13.29 |  14.95 |  13.78 |   8.89 |I I 
08:59-Mon-Mar-06-2017 PM2.5 |   4.08 |   3.99 |   3.83 |   3.28 |I I 
09:00-Mon-Mar-06-2017 PM10  |  18.49 |  15.09 |  15.09 |   8.89 |I I 
09:00-Mon-Mar-06-2017 PM2.5 |   4.24 |   4.00 |   4.00 |   3.28 |I I 
09:04-Mon-Mar-06-2017 PM10  |  15.34 |  15.34 |  15.09 |   8.89 |I I 
09:04-Mon-Mar-06-2017 PM2.5 |   3.99 |   3.99 |   4.00 |   3.28 |I I 
09:05-Mon-Mar-06-2017 PM10  |  15.63 |  15.48 |  15.09 |   8.89 |I I 
09:05-Mon-Mar-06-2017 PM2.5 |   4.58 |   4.28 |   4.00 |   3.28 |I I 
09:09-Mon-Mar-06-2017 PM10  |  14.97 |  15.31 |  15.09 |   8.89 |I I 
09:09-Mon-Mar-06-2017 PM2.5 |   4.23 |   4.26 |   4.00 |   3.28 |I I 
09:10-Mon-Mar-06-2017 PM10  |  17.52 |  15.86 |  15.09 |   8.89 |I I 
09:10-Mon-Mar-06-2017 PM2.5 |   4.41 |   4.30 |   4.00 |   3.28 |I I 
09:14-Mon-Mar-06-2017 PM10  |  19.37 |  16.57 |  15.09 |   8.89 |I I 
09:14-Mon-Mar-06-2017 PM2.5 |   4.70 |   4.38 |   4.00 |   3.28 |I I 
09:15-Mon-Mar-06-2017 PM10  |  16.89 |  16.62 |  15.09 |   8.89 |I I 
09:15-Mon-Mar-06-2017 PM2.5 |   4.30 |   4.37 |   4.00 |   3.28 |I I 
09:16-Mon-Mar-06-2017 PM10  |  16.89 |  16.66 |  15.09 |   8.89 |I I 
09:16-Mon-Mar-06-2017 PM2.5 |   4.30 |   4.36 |   4.00 |   3.28 |I I 
09:20-Mon-Mar-06-2017 PM10  |  17.99 |  16.82 |  15.09 |   8.89 |I I 
09:20-Mon-Mar-06-2017 PM2.5 |   4.60 |   4.39 |   4.00 |   3.28 |I I 
09:21-Mon-Mar-06-2017 PM10  |  15.90 |  16.72 |  15.09 |   8.89 |I I 
09:21-Mon-Mar-06-2017 PM2.5 |   4.37 |   4.38 |   4.00 |   3.28 |I I 
09:25-Mon-Mar-06-2017 PM10  |  20.68 |  17.12 |  15.09 |   8.89 |I I 
09:25-Mon-Mar-06-2017 PM2.5 |   4.90 |   4.44 |   4.00 |   3.28 |I I 
09:26-Mon-Mar-06-2017 PM10  |  13.73 |  16.81 |  15.09 |   8.89 |I I 
09:26-Mon-Mar-06-2017 PM2.5 |   4.03 |   4.40 |   4.00 |   3.28 |I I 
09:30-Mon-Mar-06-2017 PM10  |  18.57 |  16.96 |  15.09 |   8.89 |I I 
09:30-Mon-Mar-06-2017 PM2.5 |   4.63 |   4.42 |   4.00 |   3.28 |I I 
09:31-Mon-Mar-06-2017 PM10  |  16.56 |  16.93 |  15.09 |   8.89 |I I 
09:31-Mon-Mar-06-2017 PM2.5 |   4.22 |   4.40 |   4.00 |   3.28 |I I 
09:35-Mon-Mar-06-2017 PM10  |  14.86 |  16.78 |  15.09 |   8.89 |I I 
09:35-Mon-Mar-06-2017 PM2.5 |   4.35 |   4.40 |   4.00 |   3.28 |I I 
09:36-Mon-Mar-06-2017 PM10  |  19.40 |  16.95 |  15.09 |   8.89 |I I 
09:36-Mon-Mar-06-2017 PM2.5 |   4.30 |   4.39 |   4.00 |   3.28 |I I 
09:40-Mon-Mar-06-2017 PM10  |  17.93 |  17.01 |  15.09 |   8.89 |I I 
09:40-Mon-Mar-06-2017 PM2.5 |   4.54 |   4.40 |   4.00 |   3.28 |I I 
09:41-Mon-Mar-06-2017 PM10  |  17.87 |  17.06 |  15.09 |   8.89 |I I 
09:41-Mon-Mar-06-2017 PM2.5 |   4.30 |   4.40 |   4.00 |   3.28 |I I 
09:45-Mon-Mar-06-2017 PM10  |  17.25 |  17.08 |  15.09 |   8.89 |I I 
09:45-Mon-Mar-06-2017 PM2.5 |   4.56 |   4.41 |   4.00 |   3.28 |I I 
09:46-Mon-Mar-06-2017 PM10  |  17.25 |  17.08 |  15.09 |   8.89 |I I 
09:46-Mon-Mar-06-2017 PM2.5 |   4.56 |   4.41 |   4.00 |   3.28 |I I 
09:47-Mon-Mar-06-2017 PM10  |  17.43 |  17.10 |  15.09 |   8.89 |I I 
09:47-Mon-Mar-06-2017 PM2.5 |   4.28 |   4.41 |   4.00 |   3.28 |I I 
09:51-Mon-Mar-06-2017 PM10  |  15.43 |  17.02 |  15.09 |   8.89 |I I 
09:51-Mon-Mar-06-2017 PM2.5 |   4.21 |   4.40 |   4.00 |   3.28 |I I 
09:52-Mon-Mar-06-2017 PM10  |  14.49 |  16.91 |  15.09 |   8.89 |I I 
09:52-Mon-Mar-06-2017 PM2.5 |   4.18 |   4.39 |   4.00 |   3.28 |I I 
09:56-Mon-Mar-06-2017 PM10  |  16.24 |  16.88 |  15.09 |   8.89 |I I 
09:56-Mon-Mar-06-2017 PM2.5 |   4.44 |   4.39 |   4.00 |   3.28 |I I 
09:57-Mon-Mar-06-2017 PM10  |  19.82 |  17.00 |  15.09 |   8.89 |I I 
09:57-Mon-Mar-06-2017 PM2.5 |   4.31 |   4.39 |   4.00 |   3.28 |I I 
10:01-Mon-Mar-06-2017 PM10  |  16.63 |  16.99 |  16.99 |   8.89 |I I 
10:01-Mon-Mar-06-2017 PM2.5 |   4.52 |   4.39 |   4.39 |   3.28 |I I 
10:02-Mon-Mar-06-2017 PM10  |  14.72 |  14.72 |  16.99 |   8.89 |I I 
10:02-Mon-Mar-06-2017 PM2.5 |   4.51 |   4.51 |   4.39 |   3.28 |I I 
10:06-Mon-Mar-06-2017 PM10  |  19.16 |  16.94 |  16.99 |   8.89 |I I 
10:06-Mon-Mar-06-2017 PM2.5 |   4.79 |   4.65 |   4.39 |   3.28 |I I 
10:07-Mon-Mar-06-2017 PM10  |  17.04 |  16.97 |  16.99 |   8.89 |I I 
10:07-Mon-Mar-06-2017 PM2.5 |   4.64 |   4.65 |   4.39 |   3.28 |I I 
10:11-Mon-Mar-06-2017 PM10  |  23.11 |  18.51 |  16.99 |   8.89 |I I 
10:11-Mon-Mar-06-2017 PM2.5 |   5.33 |   4.82 |   4.39 |   3.28 |I I 
10:12-Mon-Mar-06-2017 PM10  |  23.11 |  19.43 |  16.99 |   8.89 |I I 
10:12-Mon-Mar-06-2017 PM2.5 |   5.33 |   4.92 |   4.39 |   3.28 |I I 
10:13-Mon-Mar-06-2017 PM10  |  20.72 |  19.64 |  16.99 |   8.89 |I I 
10:13-Mon-Mar-06-2017 PM2.5 |   4.85 |   4.91 |   4.39 |   3.28 |I I 
10:17-Mon-Mar-06-2017 PM10  |  19.73 |  19.66 |  16.99 |   8.89 |I I 
10:17-Mon-Mar-06-2017 PM2.5 |   5.25 |   4.96 |   4.39 |   3.28 |I I 
10:18-Mon-Mar-06-2017 PM10  |  22.49 |  20.01 |  16.99 |   8.89 |I I 
10:18-Mon-Mar-06-2017 PM2.5 |   4.94 |   4.96 |   4.39 |   3.28 |I I 
10:22-Mon-Mar-06-2017 PM10  |  16.33 |  19.60 |  16.99 |   8.89 |I I 
10:22-Mon-Mar-06-2017 PM2.5 |   4.93 |   4.95 |   4.39 |   3.28 |I I 
10:23-Mon-Mar-06-2017 PM10  |  17.08 |  19.35 |  16.99 |   8.89 |I I 
10:23-Mon-Mar-06-2017 PM2.5 |   4.51 |   4.91 |   4.39 |   3.28 |I I 
10:27-Mon-Mar-06-2017 PM10  |  23.05 |  19.69 |  16.99 |   8.89 |I I 
10:27-Mon-Mar-06-2017 PM2.5 |   5.13 |   4.93 |   4.39 |   3.28 |I I 
10:28-Mon-Mar-06-2017 PM10  |  18.45 |  19.58 |  16.99 |   8.89 |I I 
10:28-Mon-Mar-06-2017 PM2.5 |   4.89 |   4.93 |   4.39 |   3.28 |I I 
10:32-Mon-Mar-06-2017 PM10  |  20.93 |  19.69 |  16.99 |   8.89 |I I 
10:32-Mon-Mar-06-2017 PM2.5 |   4.85 |   4.92 |   4.39 |   3.28 |I I 
10:33-Mon-Mar-06-2017 PM10  |  21.62 |  19.83 |  16.99 |   8.89 |I I 
10:33-Mon-Mar-06-2017 PM2.5 |   5.09 |   4.93 |   4.39 |   3.28 |I I 
10:37-Mon-Mar-06-2017 PM10  |  21.85 |  19.96 |  16.99 |   8.89 |I I 
10:37-Mon-Mar-06-2017 PM2.5 |   5.59 |   4.98 |   4.39 |   3.28 |I I 
10:38-Mon-Mar-06-2017 PM10  |  21.85 |  20.08 |  16.99 |   8.89 |I I 
10:38-Mon-Mar-06-2017 PM2.5 |   5.59 |   5.01 |   4.39 |   3.28 |I I 
10:39-Mon-Mar-06-2017 PM10  |  27.46 |  20.51 |  16.99 |   8.89 |I I 
10:39-Mon-Mar-06-2017 PM2.5 |   5.78 |   5.06 |   4.39 |   3.28 |I I 
10:43-Mon-Mar-06-2017 PM10  |  23.69 |  20.69 |  16.99 |   8.89 |I I 
10:43-Mon-Mar-06-2017 PM2.5 |   5.13 |   5.06 |   4.39 |   3.28 |I I 
10:44-Mon-Mar-06-2017 PM10  |  24.39 |  20.88 |  16.99 |   8.89 |I I 
10:44-Mon-Mar-06-2017 PM2.5 |   5.41 |   5.08 |   4.39 |   3.28 |I I 
10:48-Mon-Mar-06-2017 PM10  |  27.72 |  21.23 |  16.99 |   8.89 |I I 
10:48-Mon-Mar-06-2017 PM2.5 |   5.69 |   5.11 |   4.39 |   3.28 |I I 
10:49-Mon-Mar-06-2017 PM10  |  21.62 |  21.24 |  16.99 |   8.89 |I I 
10:49-Mon-Mar-06-2017 PM2.5 |   4.95 |   5.10 |   4.39 |   3.28 |I I 
10:53-Mon-Mar-06-2017 PM10  |  22.19 |  21.29 |  16.99 |   8.89 |I I 
10:53-Mon-Mar-06-2017 PM2.5 |   5.34 |   5.12 |   4.39 |   3.28 |I I 
10:54-Mon-Mar-06-2017 PM10  |  21.95 |  21.32 |  16.99 |   8.89 |I I 
10:54-Mon-Mar-06-2017 PM2.5 |   4.84 |   5.10 |   4.39 |   3.28 |I I 
10:58-Mon-Mar-06-2017 PM10  |  27.08 |  21.56 |  16.99 |   8.89 |I I 
10:58-Mon-Mar-06-2017 PM2.5 |   5.12 |   5.10 |   4.39 |   3.28 |I I 
10:59-Mon-Mar-06-2017 PM10  |  20.16 |  21.50 |  16.99 |   8.89 |I I 
10:59-Mon-Mar-06-2017 PM2.5 |   5.00 |   5.10 |   4.39 |   3.28 |I I 
11:03-Mon-Mar-06-2017 PM10  |  25.88 |  21.67 |  21.67 |   8.89 |I I 
11:03-Mon-Mar-06-2017 PM2.5 |   5.44 |   5.11 |   5.11 |   3.28 |I I 
11:04-Mon-Mar-06-2017 PM10  |  26.69 |  26.69 |  21.67 |   8.89 |I I 
11:04-Mon-Mar-06-2017 PM2.5 |   5.14 |   5.14 |   5.11 |   3.28 |I I 
11:05-Mon-Mar-06-2017 PM10  |  26.69 |  26.69 |  21.67 |   8.89 |I I 
11:05-Mon-Mar-06-2017 PM2.5 |   5.14 |   5.14 |   5.11 |   3.28 |I I 
11:09-Mon-Mar-06-2017 PM10  |  24.53 |  25.97 |  21.67 |   8.89 |I I 
11:09-Mon-Mar-06-2017 PM2.5 |   5.73 |   5.34 |   5.11 |   3.28 |I I 
11:10-Mon-Mar-06-2017 PM10  |  25.29 |  25.80 |  21.67 |   8.89 |I I 
11:10-Mon-Mar-06-2017 PM2.5 |   5.49 |   5.38 |   5.11 |   3.28 |I I 
11:14-Mon-Mar-06-2017 PM10  |  24.70 |  25.58 |  21.67 |   8.89 |I I 
11:14-Mon-Mar-06-2017 PM2.5 |   5.61 |   5.42 |   5.11 |   3.28 |I I 
11:15-Mon-Mar-06-2017 PM10  |  19.59 |  24.58 |  21.67 |   8.89 |I I 
11:15-Mon-Mar-06-2017 PM2.5 |   4.97 |   5.35 |   5.11 |   3.28 |I I 
11:19-Mon-Mar-06-2017 PM10  |  29.09 |  25.23 |  21.67 |   8.89 |I I 
11:19-Mon-Mar-06-2017 PM2.5 |   5.97 |   5.43 |   5.11 |   3.28 |I I 
11:20-Mon-Mar-06-2017 PM10  |  23.92 |  25.06 |  21.67 |   8.89 |I I 
11:20-Mon-Mar-06-2017 PM2.5 |   5.12 |   5.40 |   5.11 |   3.28 |I I 
11:24-Mon-Mar-06-2017 PM10  |  27.66 |  25.35 |  21.67 |   8.89 |I I 
11:24-Mon-Mar-06-2017 PM2.5 |   5.75 |   5.44 |   5.11 |   3.28 |I I 
11:25-Mon-Mar-06-2017 PM10  |  25.21 |  25.34 |  21.67 |   8.89 |I I 
11:25-Mon-Mar-06-2017 PM2.5 |   5.33 |   5.42 |   5.11 |   3.28 |I I 
11:29-Mon-Mar-06-2017 PM10  |  24.97 |  25.30 |  21.67 |   8.89 |I I 
11:29-Mon-Mar-06-2017 PM2.5 |   5.55 |   5.44 |   5.11 |   3.28 |I I 
11:30-Mon-Mar-06-2017 PM10  |  22.04 |  25.03 |  21.67 |   8.89 |I I 
11:30-Mon-Mar-06-2017 PM2.5 |   5.24 |   5.42 |   5.11 |   3.28 |I I 
11:31-Mon-Mar-06-2017 PM10  |  22.04 |  24.80 |  21.67 |   8.89 |I I 
11:31-Mon-Mar-06-2017 PM2.5 |   5.24 |   5.41 |   5.11 |   3.28 |I I 
11:35-Mon-Mar-06-2017 PM10  |  24.18 |  24.76 |  21.67 |   8.89 |I I 
11:35-Mon-Mar-06-2017 PM2.5 |   5.26 |   5.40 |   5.11 |   3.28 |I I 
11:37-Mon-Mar-06-2017 PM10  |  27.82 |  24.96 |  21.67 |   8.89 |I I 
11:37-Mon-Mar-06-2017 PM2.5 |   5.46 |   5.40 |   5.11 |   3.28 |I I 
11:41-Mon-Mar-06-2017 PM10  |  25.67 |  25.00 |  21.67 |   8.89 |I I 
11:41-Mon-Mar-06-2017 PM2.5 |   5.68 |   5.42 |   5.11 |   3.28 |I I 
11:42-Mon-Mar-06-2017 PM10  |  24.06 |  24.95 |  21.67 |   8.89 |I I 
11:42-Mon-Mar-06-2017 PM2.5 |   4.92 |   5.39 |   5.11 |   3.28 |I I 
11:46-Mon-Mar-06-2017 PM10  |  24.69 |  24.93 |  21.67 |   8.89 |I I 
11:46-Mon-Mar-06-2017 PM2.5 |   5.62 |   5.40 |   5.11 |   3.28 |I I 
11:47-Mon-Mar-06-2017 PM10  |  23.40 |  24.85 |  21.67 |   8.89 |I I 
11:47-Mon-Mar-06-2017 PM2.5 |   5.24 |   5.39 |   5.11 |   3.28 |I I 
11:51-Mon-Mar-06-2017 PM10  |  28.89 |  25.05 |  21.67 |   8.89 |I I 
11:51-Mon-Mar-06-2017 PM2.5 |   6.17 |   5.43 |   5.11 |   3.28 |I I 
11:52-Mon-Mar-06-2017 PM10  |  25.04 |  25.05 |  21.67 |   8.89 |I I 
11:52-Mon-Mar-06-2017 PM2.5 |   5.86 |   5.45 |   5.11 |   3.28 |I I 
11:56-Mon-Mar-06-2017 PM10  |  27.81 |  25.18 |  21.67 |   8.89 |I I 
11:56-Mon-Mar-06-2017 PM2.5 |   5.86 |   5.47 |   5.11 |   3.28 |I I 
11:57-Mon-Mar-06-2017 PM10  |  27.75 |  25.29 |  21.67 |   8.89 |I I 
11:57-Mon-Mar-06-2017 PM2.5 |   5.56 |   5.48 |   5.11 |   3.28 |I I 
11:58-Mon-Mar-06-2017 PM10  |  27.75 |  25.39 |  21.67 |   8.89 |I I 
11:58-Mon-Mar-06-2017 PM2.5 |   5.56 |   5.48 |   5.11 |   3.28 |I I 
12:02-Mon-Mar-06-2017 PM10  |  32.42 |  25.67 |  25.67 |   8.89 |I I 
12:02-Mon-Mar-06-2017 PM2.5 |   6.03 |   5.50 |   5.50 |   3.28 |I I 
12:03-Mon-Mar-06-2017 PM10  |  25.55 |  25.55 |  25.67 |   8.89 |I I 
12:03-Mon-Mar-06-2017 PM2.5 |   4.88 |   4.88 |   5.50 |   3.28 |I I 
12:07-Mon-Mar-06-2017 PM10  |  33.12 |  29.34 |  25.67 |   8.89 |I I 
12:07-Mon-Mar-06-2017 PM2.5 |   5.82 |   5.35 |   5.50 |   3.28 |I I 
12:08-Mon-Mar-06-2017 PM10  |  27.53 |  28.73 |  25.67 |   8.89 |I I 
12:08-Mon-Mar-06-2017 PM2.5 |   6.09 |   5.60 |   5.50 |   3.28 |I I 
12:12-Mon-Mar-06-2017 PM10  |  22.99 |  27.30 |  25.67 |   8.89 |I I 
12:12-Mon-Mar-06-2017 PM2.5 |   6.18 |   5.74 |   5.50 |   3.28 |I I 
12:13-Mon-Mar-06-2017 PM10  |  26.39 |  27.12 |  25.67 |   8.89 |I I 
12:13-Mon-Mar-06-2017 PM2.5 |   5.29 |   5.65 |   5.50 |   3.28 |I I 
12:17-Mon-Mar-06-2017 PM10  |  27.92 |  27.25 |  25.67 |   8.89 |I I 
12:17-Mon-Mar-06-2017 PM2.5 |   5.75 |   5.67 |   5.50 |   3.28 |I I 
12:18-Mon-Mar-06-2017 PM10  |  24.16 |  26.81 |  25.67 |   8.89 |I I 
12:18-Mon-Mar-06-2017 PM2.5 |   5.38 |   5.63 |   5.50 |   3.28 |I I 
12:22-Mon-Mar-06-2017 PM10  |  25.87 |  26.69 |  25.67 |   8.89 |I I 
12:22-Mon-Mar-06-2017 PM2.5 |   5.19 |   5.57 |   5.50 |   3.28 |I I 
12:23-Mon-Mar-06-2017 PM10  |  27.87 |  26.82 |  25.67 |   8.89 |I I 
12:23-Mon-Mar-06-2017 PM2.5 |   5.85 |   5.60 |   5.50 |   3.28 |I I 
12:27-Mon-Mar-06-2017 PM10  |  23.10 |  26.45 |  25.67 |   8.89 |I I 
12:27-Mon-Mar-06-2017 PM2.5 |   5.76 |   5.62 |   5.50 |   3.28 |I I 
12:28-Mon-Mar-06-2017 PM10  |  23.10 |  26.15 |  25.67 |   8.89 |I I 
12:28-Mon-Mar-06-2017 PM2.5 |   5.76 |   5.63 |   5.50 |   3.28 |I I 
12:29-Mon-Mar-06-2017 PM10  |  30.69 |  26.52 |  25.67 |   8.89 |I I 
12:29-Mon-Mar-06-2017 PM2.5 |   5.85 |   5.65 |   5.50 |   3.28 |I I 
12:33-Mon-Mar-06-2017 PM10  |  26.43 |  26.52 |  25.67 |   8.89 |I I 
12:33-Mon-Mar-06-2017 PM2.5 |   6.01 |   5.68 |   5.50 |   3.28 |I I 
12:34-Mon-Mar-06-2017 PM10  |  27.02 |  26.55 |  25.67 |   8.89 |I I 
12:34-Mon-Mar-06-2017 PM2.5 |   5.77 |   5.68 |   5.50 |   3.28 |I I 
12:38-Mon-Mar-06-2017 PM10  |  24.21 |  26.40 |  25.67 |   8.89 |I I 
12:38-Mon-Mar-06-2017 PM2.5 |   5.74 |   5.69 |   5.50 |   3.28 |I I 
12:39-Mon-Mar-06-2017 PM10  |  23.62 |  26.22 |  25.67 |   8.89 |I I 
12:39-Mon-Mar-06-2017 PM2.5 |   5.68 |   5.69 |   5.50 |   3.28 |I I 
12:43-Mon-Mar-06-2017 PM10  |  23.13 |  26.04 |  25.67 |   8.89 |I I 
12:43-Mon-Mar-06-2017 PM2.5 |   5.52 |   5.68 |   5.50 |   3.28 |I I 
12:44-Mon-Mar-06-2017 PM10  |  26.64 |  26.07 |  25.67 |   8.89 |I I 
12:44-Mon-Mar-06-2017 PM2.5 |   5.92 |   5.69 |   5.50 |   3.28 |I I 
12:48-Mon-Mar-06-2017 PM10  |  24.97 |  26.02 |  25.67 |   8.89 |I I 
12:48-Mon-Mar-06-2017 PM2.5 |   5.79 |   5.70 |   5.50 |   3.28 |I I 
12:49-Mon-Mar-06-2017 PM10  |  20.69 |  25.75 |  25.67 |   8.89 |I I 
12:49-Mon-Mar-06-2017 PM2.5 |   5.05 |   5.66 |   5.50 |   3.28 |I I 
12:53-Mon-Mar-06-2017 PM10  |  21.00 |  25.52 |  25.67 |   8.89 |I I 
12:53-Mon-Mar-06-2017 PM2.5 |   5.50 |   5.66 |   5.50 |   3.28 |I I 
12:54-Mon-Mar-06-2017 PM10  |  21.00 |  25.32 |  25.67 |   8.89 |I I 
12:54-Mon-Mar-06-2017 PM2.5 |   5.50 |   5.65 |   5.50 |   3.28 |I I 
12:55-Mon-Mar-06-2017 PM10  |  25.35 |  25.32 |  25.67 |   8.89 |I I 
12:55-Mon-Mar-06-2017 PM2.5 |   5.48 |   5.64 |   5.50 |   3.28 |I I 
12:59-Mon-Mar-06-2017 PM10  |  26.27 |  25.36 |  25.67 |   8.89 |I I 
12:59-Mon-Mar-06-2017 PM2.5 |   5.58 |   5.64 |   5.50 |   3.28 |I I 
13:00-Mon-Mar-06-2017 PM10  |  27.93 |  25.46 |  25.67 |   8.89 |I I 
13:00-Mon-Mar-06-2017 PM2.5 |   5.84 |   5.65 |   5.65 |   3.28 |I I 
13:04-Mon-Mar-06-2017 PM10  |  23.14 |  23.14 |  25.67 |   8.89 |I I 
13:04-Mon-Mar-06-2017 PM2.5 |   5.29 |   5.29 |   5.65 |   3.28 |I I 
13:05-Mon-Mar-06-2017 PM10  |  22.35 |  22.74 |  25.67 |   8.89 |I I 
13:05-Mon-Mar-06-2017 PM2.5 |   5.52 |   5.40 |   5.65 |   3.28 |I I 
13:09-Mon-Mar-06-2017 PM10  |  21.27 |  22.25 |  25.67 |   8.89 |I I 
13:09-Mon-Mar-06-2017 PM2.5 |   5.53 |   5.45 |   5.65 |   3.28 |I I 
13:10-Mon-Mar-06-2017 PM10  |  21.17 |  21.98 |  25.67 |   8.89 |I I 
13:10-Mon-Mar-06-2017 PM2.5 |   5.23 |   5.39 |   5.65 |   3.28 |I I 
13:14-Mon-Mar-06-2017 PM10  |  25.60 |  22.70 |  25.67 |   8.89 |I I 
13:14-Mon-Mar-06-2017 PM2.5 |   5.57 |   5.43 |   5.65 |   3.28 |I I 
13:15-Mon-Mar-06-2017 PM10  |  21.02 |  22.42 |  25.67 |   8.89 |I I 
13:15-Mon-Mar-06-2017 PM2.5 |   5.07 |   5.37 |   5.65 |   3.28 |I I 
13:19-Mon-Mar-06-2017 PM10  |  20.94 |  22.21 |  25.67 |   8.89 |I I 
13:19-Mon-Mar-06-2017 PM2.5 |   5.16 |   5.34 |   5.65 |   3.28 |I I 
13:20-Mon-Mar-06-2017 PM10  |  22.60 |  22.26 |  25.67 |   8.89 |I I 
13:20-Mon-Mar-06-2017 PM2.5 |   5.71 |   5.38 |   5.65 |   3.28 |I I 
13:21-Mon-Mar-06-2017 PM10  |  22.60 |  22.30 |  25.67 |   8.89 |I I 
13:21-Mon-Mar-06-2017 PM2.5 |   5.71 |   5.42 |   5.65 |   3.28 |I I 
13:25-Mon-Mar-06-2017 PM10  |  21.88 |  22.25 |  25.67 |   8.89 |I I 
13:25-Mon-Mar-06-2017 PM2.5 |   5.23 |   5.40 |   5.65 |   3.28 |I I 
13:26-Mon-Mar-06-2017 PM10  |  20.70 |  22.11 |  25.67 |   8.89 |I I 
13:26-Mon-Mar-06-2017 PM2.5 |   4.92 |   5.36 |   5.65 |   3.28 |I I 
13:30-Mon-Mar-06-2017 PM10  |  21.31 |  22.05 |  25.67 |   8.89 |I I 
13:30-Mon-Mar-06-2017 PM2.5 |   5.48 |   5.37 |   5.65 |   3.28 |I I 
13:31-Mon-Mar-06-2017 PM10  |  18.85 |  21.80 |  25.67 |   8.89 |I I 
13:31-Mon-Mar-06-2017 PM2.5 |   4.73 |   5.32 |   5.65 |   3.28 |I I 
13:35-Mon-Mar-06-2017 PM10  |  19.18 |  21.61 |  25.67 |   8.89 |I I 
13:35-Mon-Mar-06-2017 PM2.5 |   4.91 |   5.29 |   5.65 |   3.28 |I I 
13:36-Mon-Mar-06-2017 PM10  |  21.37 |  21.60 |  25.67 |   8.89 |I I 
13:36-Mon-Mar-06-2017 PM2.5 |   4.98 |   5.27 |   5.65 |   3.28 |I I 
13:40-Mon-Mar-06-2017 PM10  |  22.08 |  21.63 |  25.67 |   8.89 |I I 
13:40-Mon-Mar-06-2017 PM2.5 |   5.00 |   5.25 |   5.65 |   3.28 |I I 
13:41-Mon-Mar-06-2017 PM10  |  18.36 |  21.43 |  25.67 |   8.89 |I I 
13:41-Mon-Mar-06-2017 PM2.5 |   4.59 |   5.21 |   5.65 |   3.28 |I I 
13:45-Mon-Mar-06-2017 PM10  |  20.96 |  21.41 |  25.67 |   8.89 |I I 
13:45-Mon-Mar-06-2017 PM2.5 |   4.84 |   5.19 |   5.65 |   3.28 |I I 
13:46-Mon-Mar-06-2017 PM10  |  22.66 |  21.47 |  25.67 |   8.89 |I I 
13:46-Mon-Mar-06-2017 PM2.5 |   4.63 |   5.16 |   5.65 |   3.28 |I I 
13:47-Mon-Mar-06-2017 PM10  |  22.66 |  21.53 |  25.67 |   8.89 |I I 
13:47-Mon-Mar-06-2017 PM2.5 |   4.63 |   5.14 |   5.65 |   3.28 |I I 
13:51-Mon-Mar-06-2017 PM10  |  17.65 |  21.35 |  25.67 |   8.89 |I I 
13:51-Mon-Mar-06-2017 PM2.5 |   4.80 |   5.12 |   5.65 |   3.28 |I I 
13:52-Mon-Mar-06-2017 PM10  |  21.45 |  21.35 |  25.67 |   8.89 |I I 
13:52-Mon-Mar-06-2017 PM2.5 |   4.74 |   5.10 |   5.65 |   3.28 |I I 
13:56-Mon-Mar-06-2017 PM10  |  20.39 |  21.31 |  25.67 |   8.89 |I I 
13:56-Mon-Mar-06-2017 PM2.5 |   4.66 |   5.08 |   5.65 |   3.28 |I I 
13:57-Mon-Mar-06-2017 PM10  |  20.00 |  21.26 |  25.67 |   8.89 |I I 
13:57-Mon-Mar-06-2017 PM2.5 |   4.64 |   5.07 |   5.65 |   3.28 |I I 
14:01-Mon-Mar-06-2017 PM10  |  20.60 |  21.23 |  25.67 |   8.89 |I I 
14:01-Mon-Mar-06-2017 PM2.5 |   4.87 |   5.06 |   5.65 |   3.28 |I I 
14:02-Mon-Mar-06-2017 PM10  |  22.65 |  22.65 |  25.67 |   8.89 |I I 
14:02-Mon-Mar-06-2017 PM2.5 |   5.07 |   5.07 |   5.65 |   3.28 |I I 
14:06-Mon-Mar-06-2017 PM10  |  21.25 |  21.95 |  25.67 |   8.89 |I I 
14:06-Mon-Mar-06-2017 PM2.5 |   5.28 |   5.17 |   5.65 |   3.28 |I I 
14:07-Mon-Mar-06-2017 PM10  |  22.15 |  22.02 |  25.67 |   8.89 |I I 
14:07-Mon-Mar-06-2017 PM2.5 |   4.60 |   4.98 |   5.65 |   3.28 |I I 
14:12-Mon-Mar-06-2017 PM10  |  19.64 |  21.42 |  25.67 |   8.89 |I I 
14:12-Mon-Mar-06-2017 PM2.5 |   4.80 |   4.94 |   5.65 |   3.28 |I I 
14:13-Mon-Mar-06-2017 PM10  |  15.00 |  20.14 |  25.67 |   8.89 |I I 
14:13-Mon-Mar-06-2017 PM2.5 |   4.36 |   4.82 |   5.65 |   3.28 |I I 
14:17-Mon-Mar-06-2017 PM10  |  17.68 |  19.73 |  25.67 |   8.89 |I I 
14:17-Mon-Mar-06-2017 PM2.5 |   4.75 |   4.81 |   5.65 |   3.28 |I I 
14:18-Mon-Mar-06-2017 PM10  |  17.68 |  19.44 |  25.67 |   8.89 |I I 
14:18-Mon-Mar-06-2017 PM2.5 |   4.75 |   4.80 |   5.65 |   3.28 |I I 
14:19-Mon-Mar-06-2017 PM10  |  19.26 |  19.41 |  25.67 |   8.89 |I I 
14:19-Mon-Mar-06-2017 PM2.5 |   4.50 |   4.77 |   5.65 |   3.28 |I I 
14:23-Mon-Mar-06-2017 PM10  |  20.43 |  19.53 |  25.67 |   8.89 |I I 
14:23-Mon-Mar-06-2017 PM2.5 |   4.70 |   4.76 |   5.65 |   3.28 |I I 
14:24-Mon-Mar-06-2017 PM10  |  18.06 |  19.38 |  25.67 |   8.89 |I I 
14:24-Mon-Mar-06-2017 PM2.5 |   4.45 |   4.73 |   5.65 |   3.28 |I I 
14:28-Mon-Mar-06-2017 PM10  |  16.71 |  19.14 |  25.67 |   8.89 |I I 
14:28-Mon-Mar-06-2017 PM2.5 |   4.57 |   4.71 |   5.65 |   3.28 |I I 
14:29-Mon-Mar-06-2017 PM10  |  17.52 |  19.00 |  25.67 |   8.89 |I I 
14:29-Mon-Mar-06-2017 PM2.5 |   4.26 |   4.68 |   5.65 |   3.28 |I I 
14:33-Mon-Mar-06-2017 PM10  |  17.34 |  18.87 |  25.67 |   8.89 |I I 
14:33-Mon-Mar-06-2017 PM2.5 |   4.45 |   4.66 |   5.65 |   3.28 |I I 
14:34-Mon-Mar-06-2017 PM10  |  15.35 |  18.62 |  25.67 |   8.89 |I I 
14:34-Mon-Mar-06-2017 PM2.5 |   4.37 |   4.64 |   5.65 |   3.28 |I I 
14:38-Mon-Mar-06-2017 PM10  |  16.92 |  18.51 |  25.67 |   8.89 |I I 
14:38-Mon-Mar-06-2017 PM2.5 |   4.41 |   4.62 |   5.65 |   3.28 |I I 
14:39-Mon-Mar-06-2017 PM10  |  17.13 |  18.42 |  25.67 |   8.89 |I I 
14:39-Mon-Mar-06-2017 PM2.5 |   4.54 |   4.62 |   5.65 |   3.28 |I I 
14:43-Mon-Mar-06-2017 PM10  |  18.50 |  18.43 |  25.67 |   8.89 |I I 
14:43-Mon-Mar-06-2017 PM2.5 |   4.75 |   4.63 |   5.65 |   3.28 |I I 
14:44-Mon-Mar-06-2017 PM10  |  18.50 |  18.43 |  25.67 |   8.89 |I I 
14:44-Mon-Mar-06-2017 PM2.5 |   4.75 |   4.63 |   5.65 |   3.28 |I I 
14:45-Mon-Mar-06-2017 PM10  |  14.79 |  18.24 |  25.67 |   8.89 |I I 
14:45-Mon-Mar-06-2017 PM2.5 |   4.21 |   4.61 |   5.65 |   3.28 |I I 
14:49-Mon-Mar-06-2017 PM10  |  17.29 |  18.19 |  25.67 |   8.89 |I I 
14:49-Mon-Mar-06-2017 PM2.5 |   4.56 |   4.61 |   5.65 |   3.28 |I I 
14:50-Mon-Mar-06-2017 PM10  |  18.69 |  18.22 |  25.67 |   8.89 |I I 
14:50-Mon-Mar-06-2017 PM2.5 |   4.48 |   4.60 |   5.65 |   3.28 |I I 
14:54-Mon-Mar-06-2017 PM10  |  18.58 |  18.23 |  25.67 |   8.89 |I I 
14:54-Mon-Mar-06-2017 PM2.5 |   4.52 |   4.60 |   5.65 |   3.28 |I I 
14:55-Mon-Mar-06-2017 PM10  |  12.99 |  18.00 |  25.67 |   8.89 |I I 
14:55-Mon-Mar-06-2017 PM2.5 |   3.99 |   4.57 |   5.65 |   3.28 |I I 
14:59-Mon-Mar-06-2017 PM10  |  16.52 |  17.94 |  25.67 |   8.89 |I I 
14:59-Mon-Mar-06-2017 PM2.5 |   4.43 |   4.57 |   5.65 |   3.28 |I I 
15:00-Mon-Mar-06-2017 PM10  |  18.93 |  17.98 |  25.67 |   8.89 |I I 
15:00-Mon-Mar-06-2017 PM2.5 |   4.18 |   4.55 |   5.65 |   3.28 |I I 
15:04-Mon-Mar-06-2017 PM10  |  16.68 |  16.68 |  25.67 |   8.89 |I I 
15:04-Mon-Mar-06-2017 PM2.5 |   4.46 |   4.46 |   5.65 |   3.28 |I I 
15:05-Mon-Mar-06-2017 PM10  |  12.09 |  14.39 |  25.67 |   8.89 |I I 
15:05-Mon-Mar-06-2017 PM2.5 |   3.82 |   4.14 |   5.65 |   3.28 |I I 
15:09-Mon-Mar-06-2017 PM10  |  13.67 |  14.15 |  25.67 |   8.89 |I I 
15:09-Mon-Mar-06-2017 PM2.5 |   4.20 |   4.16 |   5.65 |   3.28 |I I 
15:10-Mon-Mar-06-2017 PM10  |  13.67 |  14.03 |  25.67 |   8.89 |I I 
15:10-Mon-Mar-06-2017 PM2.5 |   4.20 |   4.17 |   5.65 |   3.28 |I I 
15:11-Mon-Mar-06-2017 PM10  |  18.75 |  14.97 |  25.67 |   8.89 |I I 
15:11-Mon-Mar-06-2017 PM2.5 |   4.33 |   4.20 |   5.65 |   3.28 |I I 
15:15-Mon-Mar-06-2017 PM10  |  18.24 |  15.52 |  25.67 |   8.89 |I I 
15:15-Mon-Mar-06-2017 PM2.5 |   4.47 |   4.24 |   5.65 |   3.28 |I I 
15:16-Mon-Mar-06-2017 PM10  |  17.26 |  15.77 |  25.67 |   8.89 |I I 
15:16-Mon-Mar-06-2017 PM2.5 |   4.12 |   4.23 |   5.65 |   3.28 |I I 
15:20-Mon-Mar-06-2017 PM10  |  16.25 |  15.83 |  25.67 |   8.89 |I I 
15:20-Mon-Mar-06-2017 PM2.5 |   4.59 |   4.27 |   5.65 |   3.28 |I I 
15:21-Mon-Mar-06-2017 PM10  |  15.25 |  15.76 |  25.67 |   8.89 |I I 
15:21-Mon-Mar-06-2017 PM2.5 |   4.27 |   4.27 |   5.65 |   3.28 |I I 
15:25-Mon-Mar-06-2017 PM10  |  18.19 |  16.01 |  25.67 |   8.89 |I I 
15:25-Mon-Mar-06-2017 PM2.5 |   4.43 |   4.29 |   5.65 |   3.28 |I I 
15:26-Mon-Mar-06-2017 PM10  |  16.53 |  16.05 |  25.67 |   8.89 |I I 
15:26-Mon-Mar-06-2017 PM2.5 |   4.47 |   4.31 |   5.65 |   3.28 |I I 
15:30-Mon-Mar-06-2017 PM10  |  13.91 |  15.87 |  25.67 |   8.89 |I I 
15:30-Mon-Mar-06-2017 PM2.5 |   4.44 |   4.32 |   5.65 |   3.28 |I I 
15:31-Mon-Mar-06-2017 PM10  |  14.03 |  15.73 |  25.67 |   8.89 |I I 
15:31-Mon-Mar-06-2017 PM2.5 |   4.24 |   4.31 |   5.65 |   3.28 |I I 
15:35-Mon-Mar-06-2017 PM10  |  14.22 |  15.62 |  25.67 |   8.89 |I I 
15:35-Mon-Mar-06-2017 PM2.5 |   4.04 |   4.29 |   5.65 |   3.28 |I I 
15:36-Mon-Mar-06-2017 PM10  |  15.99 |  15.65 |  25.67 |   8.89 |I I 
15:36-Mon-Mar-06-2017 PM2.5 |   4.15 |   4.28 |   5.65 |   3.28 |I I 
15:37-Mon-Mar-06-2017 PM10  |  15.99 |  15.67 |  25.67 |   8.89 |I I 
15:37-Mon-Mar-06-2017 PM2.5 |   4.15 |   4.27 |   5.65 |   3.28 |I I 
15:40-Mon-Mar-06-2017 PM10  |  17.55 |  15.78 |  25.67 |   8.89 |I I 
15:40-Mon-Mar-06-2017 PM2.5 |   4.51 |   4.29 |   5.65 |   3.28 |I I 
15:41-Mon-Mar-06-2017 PM10  |  17.55 |  15.88 |  25.67 |   8.89 |I I 
15:41-Mon-Mar-06-2017 PM2.5 |   4.51 |   4.30 |   5.65 |   3.28 |I I 
15:42-Mon-Mar-06-2017 PM10  |  17.54 |  15.97 |  25.67 |   8.89 |I I 
15:42-Mon-Mar-06-2017 PM2.5 |   4.18 |   4.29 |   5.65 |   3.28 |I I 
15:46-Mon-Mar-06-2017 PM10  |  16.08 |  15.97 |  25.67 |   8.89 |I I 
15:46-Mon-Mar-06-2017 PM2.5 |   3.95 |   4.28 |   5.65 |   3.28 |I I 
15:47-Mon-Mar-06-2017 PM10  |  14.79 |  15.92 |  25.67 |   8.89 |I I 
15:47-Mon-Mar-06-2017 PM2.5 |   3.81 |   4.25 |   5.65 |   3.28 |I I 
15:51-Mon-Mar-06-2017 PM10  |  13.51 |  15.81 |  25.67 |   8.89 |I I 
15:51-Mon-Mar-06-2017 PM2.5 |   3.59 |   4.22 |   5.65 |   3.28 |I I 
15:52-Mon-Mar-06-2017 PM10  |  17.91 |  15.90 |  25.67 |   8.89 |I I 
15:52-Mon-Mar-06-2017 PM2.5 |   4.17 |   4.22 |   5.65 |   3.28 |I I 
15:56-Mon-Mar-06-2017 PM10  |  15.01 |  15.86 |  25.67 |   8.89 |I I 
15:56-Mon-Mar-06-2017 PM2.5 |   4.21 |   4.22 |   5.65 |   3.28 |I I 
15:57-Mon-Mar-06-2017 PM10  |  15.08 |  15.83 |  25.67 |   8.89 |I I 
15:57-Mon-Mar-06-2017 PM2.5 |   3.91 |   4.21 |   5.65 |   3.28 |I I 
16:01-Mon-Mar-06-2017 PM10  |  13.10 |  15.72 |  25.67 |   8.89 |I I 
16:01-Mon-Mar-06-2017 PM2.5 |   3.96 |   4.20 |   5.65 |   3.28 |I I 
16:02-Mon-Mar-06-2017 PM10  |  15.88 |  15.88 |  25.67 |   8.89 |I I 
16:02-Mon-Mar-06-2017 PM2.5 |   3.97 |   3.97 |   5.65 |   3.28 |I I 
16:06-Mon-Mar-06-2017 PM10  |  12.29 |  14.08 |  25.67 |   8.89 |I I 
16:06-Mon-Mar-06-2017 PM2.5 |   3.83 |   3.90 |   5.65 |   3.28 |I I 
16:07-Mon-Mar-06-2017 PM10  |  12.29 |  13.48 |  25.67 |   8.89 |I I 
16:07-Mon-Mar-06-2017 PM2.5 |   3.83 |   3.88 |   5.65 |   3.28 |I I 
16:08-Mon-Mar-06-2017 PM10  |  16.93 |  14.35 |  25.67 |   8.89 |I I 
16:08-Mon-Mar-06-2017 PM2.5 |   4.09 |   3.93 |   5.65 |   3.28 |I I 
16:12-Mon-Mar-06-2017 PM10  |  15.87 |  14.65 |  25.67 |   8.89 |I I 
16:12-Mon-Mar-06-2017 PM2.5 |   4.10 |   3.96 |   5.65 |   3.28 |I I 
16:13-Mon-Mar-06-2017 PM10  |  12.74 |  14.33 |  25.67 |   8.89 |I I 
16:13-Mon-Mar-06-2017 PM2.5 |   3.68 |   3.92 |   5.65 |   3.28 |I I 
16:17-Mon-Mar-06-2017 PM10  |  13.26 |  14.18 |  25.67 |   8.89 |I I 
16:17-Mon-Mar-06-2017 PM2.5 |   3.98 |   3.92 |   5.65 |   3.28 |I I 
16:18-Mon-Mar-06-2017 PM10  |  11.28 |  13.82 |  25.67 |   8.89 |I I 
16:18-Mon-Mar-06-2017 PM2.5 |   3.48 |   3.87 |   5.65 |   3.28 |I I 
16:22-Mon-Mar-06-2017 PM10  |  12.47 |  13.67 |  25.67 |   8.89 |I I 
16:22-Mon-Mar-06-2017 PM2.5 |   3.85 |   3.87 |   5.65 |   3.28 |I I 
16:23-Mon-Mar-06-2017 PM10  |  11.96 |  13.50 |  25.67 |   8.89 |I I 
16:23-Mon-Mar-06-2017 PM2.5 |   3.55 |   3.84 |   5.65 |   3.28 |I I 
16:27-Mon-Mar-06-2017 PM10  |  14.35 |  13.57 |  25.67 |   8.89 |I I 
16:27-Mon-Mar-06-2017 PM2.5 |   3.78 |   3.83 |   5.65 |   3.28 |I I 
16:28-Mon-Mar-06-2017 PM10  |   8.96 |  13.19 |  25.67 |   8.89 |I I 
16:28-Mon-Mar-06-2017 PM2.5 |   3.32 |   3.79 |   5.65 |   3.28 |I I 
16:32-Mon-Mar-06-2017 PM10  |  10.82 |  13.01 |  25.67 |   8.89 |I I 
16:32-Mon-Mar-06-2017 PM2.5 |   3.63 |   3.78 |   5.65 |   3.28 |I I 
16:34-Mon-Mar-06-2017 PM10  |  10.82 |  12.85 |  25.67 |   8.89 |I I 
16:34-Mon-Mar-06-2017 PM2.5 |   3.63 |   3.77 |   5.65 |   3.28 |I I 
16:35-Mon-Mar-06-2017 PM10  |  11.59 |  12.77 |  25.67 |   8.89 |I I 
16:35-Mon-Mar-06-2017 PM2.5 |   3.53 |   3.75 |   5.65 |   3.28 |I I 
16:39-Mon-Mar-06-2017 PM10  |  13.84 |  12.83 |  25.67 |   8.89 |I I 
16:39-Mon-Mar-06-2017 PM2.5 |   4.02 |   3.77 |   5.65 |   3.28 |I I 
16:40-Mon-Mar-06-2017 PM10  |  11.23 |  12.74 |  25.67 |   8.89 |I I 
16:40-Mon-Mar-06-2017 PM2.5 |   3.55 |   3.75 |   5.65 |   3.28 |I I 
16:44-Mon-Mar-06-2017 PM10  |  11.88 |  12.69 |  25.67 |   8.89 |I I 
16:44-Mon-Mar-06-2017 PM2.5 |   3.54 |   3.74 |   5.65 |   3.28 |I I 
16:45-Mon-Mar-06-2017 PM10  |  10.99 |  12.60 |  25.67 |   8.89 |I I 
16:45-Mon-Mar-06-2017 PM2.5 |   3.32 |   3.72 |   5.65 |   3.28 |I I 
16:49-Mon-Mar-06-2017 PM10  |  14.96 |  12.72 |  25.67 |   8.89 |I I 
16:49-Mon-Mar-06-2017 PM2.5 |   4.02 |   3.73 |   5.65 |   3.28 |I I 
16:50-Mon-Mar-06-2017 PM10  |  13.87 |  12.78 |  25.67 |   8.89 |I I 
16:50-Mon-Mar-06-2017 PM2.5 |   3.74 |   3.73 |   5.65 |   3.28 |I I 
16:54-Mon-Mar-06-2017 PM10  |  12.46 |  12.76 |  25.67 |   8.89 |I I 
16:54-Mon-Mar-06-2017 PM2.5 |   3.70 |   3.73 |   5.65 |   3.28 |I I 
16:55-Mon-Mar-06-2017 PM10  |  11.25 |  12.69 |  25.67 |   8.89 |I I 
16:55-Mon-Mar-06-2017 PM2.5 |   3.23 |   3.71 |   5.65 |   3.28 |I I 
16:59-Mon-Mar-06-2017 PM10  |  12.41 |  12.68 |  25.67 |   8.89 |I I 
16:59-Mon-Mar-06-2017 PM2.5 |   3.71 |   3.71 |   5.65 |   3.28 |I I 
17:00-Mon-Mar-06-2017 PM10  |  12.41 |  12.67 |  25.67 |   8.89 |I I 
17:00-Mon-Mar-06-2017 PM2.5 |   3.71 |   3.71 |   5.65 |   3.28 |I I 
17:01-Mon-Mar-06-2017Timeout Event handler
17:01-Mon-Mar-06-2017 PM10  |  10.75 |  10.75 |  25.67 |   8.89 |B I 
17:01-Mon-Mar-06-2017 PM2.5 |   3.81 |   3.81 |   5.65 |   3.28 |B I 
17:05-Mon-Mar-06-2017recover dati per host :salvatorehost.no-ip.org/aria
17:05-Mon-Mar-06-2017 PM10  |  14.48 |  12.61 |  25.67 |   8.89 |I I 
17:05-Mon-Mar-06-2017 PM2.5 |   3.88 |   3.84 |   5.65 |   3.28 |I I 
17:06-Mon-Mar-06-2017 PM10  |  14.77 |  13.33 |  25.67 |   8.89 |I I 
17:06-Mon-Mar-06-2017 PM2.5 |   3.61 |   3.76 |   5.65 |   3.28 |I I 
17:10-Mon-Mar-06-2017 PM10  |  10.68 |  12.67 |  25.67 |   8.89 |I I 
17:10-Mon-Mar-06-2017 PM2.5 |   3.25 |   3.63 |   5.65 |   3.28 |I I 
17:11-Mon-Mar-06-2017 PM10  |  10.39 |  12.21 |  25.67 |   8.89 |I I 
17:11-Mon-Mar-06-2017 PM2.5 |   3.42 |   3.59 |   5.65 |   3.28 |I I 
17:15-Mon-Mar-06-2017 PM10  |   9.92 |  11.83 |  25.67 |   8.89 |I I 
17:15-Mon-Mar-06-2017 PM2.5 |   3.58 |   3.59 |   5.65 |   3.28 |I I 
17:16-Mon-Mar-06-2017 PM10  |  12.19 |  11.88 |  25.67 |   8.89 |I I 
17:16-Mon-Mar-06-2017 PM2.5 |   3.16 |   3.53 |   5.65 |   3.28 |I I 
17:20-Mon-Mar-06-2017 PM10  |  13.05 |  12.03 |  25.67 |   8.89 |I I 
17:20-Mon-Mar-06-2017 PM2.5 |   3.78 |   3.56 |   5.65 |   3.28 |I I 
17:21-Mon-Mar-06-2017 PM10  |  10.93 |  11.90 |  25.67 |   8.89 |I I 
17:21-Mon-Mar-06-2017 PM2.5 |   3.49 |   3.55 |   5.65 |   3.28 |I I 
17:25-Mon-Mar-06-2017 PM10  |  13.22 |  12.04 |  25.67 |   8.89 |I I 
17:25-Mon-Mar-06-2017 PM2.5 |   3.64 |   3.56 |   5.65 |   3.28 |I I 
17:26-Mon-Mar-06-2017 PM10  |  15.17 |  12.32 |  25.67 |   8.89 |I I 
17:26-Mon-Mar-06-2017 PM2.5 |   3.73 |   3.58 |   5.65 |   3.28 |I I 
17:30-Mon-Mar-06-2017 PM10  |  12.12 |  12.30 |  25.67 |   8.89 |I I 
17:30-Mon-Mar-06-2017 PM2.5 |   3.71 |   3.59 |   5.65 |   3.28 |I I 
17:31-Mon-Mar-06-2017 PM10  |  12.12 |  12.29 |  25.67 |   8.89 |I I 
17:31-Mon-Mar-06-2017 PM2.5 |   3.71 |   3.60 |   5.65 |   3.28 |I I 
17:32-Mon-Mar-06-2017 PM10  |   9.39 |  12.08 |  25.67 |   8.89 |I I 
17:32-Mon-Mar-06-2017 PM2.5 |   3.26 |   3.57 |   5.65 |   3.28 |I I 
17:36-Mon-Mar-06-2017 PM10  |   9.38 |  11.90 |  25.67 |   8.89 |I I 
17:36-Mon-Mar-06-2017 PM2.5 |   3.39 |   3.56 |   5.65 |   3.28 |I I 
17:37-Mon-Mar-06-2017 PM10  |  10.79 |  11.83 |  25.67 |   8.89 |I I 
17:37-Mon-Mar-06-2017 PM2.5 |   3.13 |   3.53 |   5.65 |   3.28 |I I 
17:41-Mon-Mar-06-2017 PM10  |   9.56 |  11.70 |  25.67 |   8.89 |I I 
17:41-Mon-Mar-06-2017 PM2.5 |   3.12 |   3.51 |   5.65 |   3.28 |I I 
17:42-Mon-Mar-06-2017 PM10  |  10.75 |  11.65 |  25.67 |   8.89 |I I 
17:42-Mon-Mar-06-2017 PM2.5 |   3.32 |   3.50 |   5.65 |   3.28 |I I 
17:46-Mon-Mar-06-2017 PM10  |  11.44 |  11.64 |  25.67 |   8.89 |I I 
17:46-Mon-Mar-06-2017 PM2.5 |   3.44 |   3.50 |   5.65 |   3.28 |I I 
17:47-Mon-Mar-06-2017 PM10  |  10.40 |  11.57 |  25.67 |   8.89 |I I 
17:47-Mon-Mar-06-2017 PM2.5 |   3.32 |   3.49 |   5.65 |   3.28 |I I 
17:51-Mon-Mar-06-2017 PM10  |  10.49 |  11.52 |  25.67 |   8.89 |I I 
17:51-Mon-Mar-06-2017 PM2.5 |   3.55 |   3.49 |   5.65 |   3.28 |I I 
17:52-Mon-Mar-06-2017 PM10  |   9.37 |  11.42 |  25.67 |   8.89 |I I 
17:52-Mon-Mar-06-2017 PM2.5 |   3.10 |   3.47 |   5.65 |   3.28 |I I 
17:56-Mon-Mar-06-2017 PM10  |   9.60 |  11.35 |  25.67 |   8.89 |I I 
17:56-Mon-Mar-06-2017 PM2.5 |   3.50 |   3.47 |   5.65 |   3.28 |I I 
17:57-Mon-Mar-06-2017 PM10  |   9.60 |  11.27 |  25.67 |   8.89 |I I 
17:57-Mon-Mar-06-2017 PM2.5 |   3.50 |   3.47 |   5.65 |   3.28 |I I 
17:58-Mon-Mar-06-2017 PM10  |   8.85 |  11.18 |  25.67 |   8.89 |I I 
17:58-Mon-Mar-06-2017 PM2.5 |   3.14 |   3.46 |   5.65 |   3.28 |I I 
18:02-Mon-Mar-06-2017 PM10  |  11.18 |  11.18 |  25.67 |   8.89 |I I 
18:02-Mon-Mar-06-2017 PM2.5 |   3.54 |   3.46 |   5.65 |   3.28 |I I 
18:03-Mon-Mar-06-2017 PM10  |   9.83 |   9.83 |  25.67 |   8.89 |I I 
18:03-Mon-Mar-06-2017 PM2.5 |   2.98 |   2.98 |   5.65 |   3.28 |I I 
18:07-Mon-Mar-06-2017 PM10  |   9.40 |   9.61 |  25.67 |   8.89 |I I 
18:07-Mon-Mar-06-2017 PM2.5 |   3.42 |   3.20 |   5.65 |   3.28 |I I 
18:08-Mon-Mar-06-2017 PM10  |  10.31 |   9.85 |  25.67 |   8.89 |I I 
18:08-Mon-Mar-06-2017 PM2.5 |   3.34 |   3.24 |   5.65 |   3.28 |I I 
18:12-Mon-Mar-06-2017 PM10  |   9.65 |   9.80 |  25.67 |   8.89 |I I 
18:12-Mon-Mar-06-2017 PM2.5 |   3.33 |   3.26 |   5.65 |   3.28 |I I 
18:13-Mon-Mar-06-2017 PM10  |   9.11 |   9.66 |  25.67 |   8.89 |I I 
18:13-Mon-Mar-06-2017 PM2.5 |   3.31 |   3.27 |   5.65 |   3.28 |I I 
18:17-Mon-Mar-06-2017 PM10  |  10.71 |   9.83 |  25.67 |   8.89 |I I 
18:17-Mon-Mar-06-2017 PM2.5 |   3.58 |   3.33 |   5.65 |   3.28 |I I 
18:18-Mon-Mar-06-2017 PM10  |   9.20 |   9.74 |  25.67 |   8.89 |I I 
18:18-Mon-Mar-06-2017 PM2.5 |   3.28 |   3.32 |   5.65 |   3.28 |I I 
18:22-Mon-Mar-06-2017 PM10  |   7.84 |   9.51 |  25.67 |   8.89 |I I 
18:22-Mon-Mar-06-2017 PM2.5 |   3.40 |   3.33 |   5.65 |   3.28 |I I 
18:23-Mon-Mar-06-2017 PM10  |   7.84 |   9.32 |  25.67 |   8.89 |I I 
18:23-Mon-Mar-06-2017 PM2.5 |   3.40 |   3.34 |   5.65 |   3.28 |I I 
18:24-Mon-Mar-06-2017 PM10  |   8.67 |   9.26 |  25.67 |   8.89 |I I 
18:24-Mon-Mar-06-2017 PM2.5 |   3.03 |   3.31 |   5.65 |   3.28 |I I 
18:28-Mon-Mar-06-2017 PM10  |  10.78 |   9.39 |  25.67 |   8.89 |I I 
18:28-Mon-Mar-06-2017 PM2.5 |   3.31 |   3.31 |   5.65 |   3.28 |I I 
18:29-Mon-Mar-06-2017 PM10  |   9.89 |   9.44 |  25.67 |   8.89 |I I 
18:29-Mon-Mar-06-2017 PM2.5 |   3.38 |   3.31 |   5.65 |   3.28 |I I 
18:33-Mon-Mar-06-2017 PM10  |  11.48 |   9.59 |  25.67 |   8.89 |I I 
18:33-Mon-Mar-06-2017 PM2.5 |   3.33 |   3.32 |   5.65 |   3.28 |I I 
18:34-Mon-Mar-06-2017 PM10  |   9.62 |   9.60 |  25.67 |   8.89 |I I 
18:34-Mon-Mar-06-2017 PM2.5 |   3.25 |   3.31 |   5.65 |   3.28 |I I 
18:38-Mon-Mar-06-2017 PM10  |  10.08 |   9.63 |  25.67 |   8.89 |I I 
18:38-Mon-Mar-06-2017 PM2.5 |   3.07 |   3.29 |   5.65 |   3.28 |I I 
18:39-Mon-Mar-06-2017 PM10  |   8.18 |   9.54 |  25.67 |   8.89 |I I 
18:39-Mon-Mar-06-2017 PM2.5 |   2.98 |   3.27 |   5.65 |   3.28 |I I 
18:43-Mon-Mar-06-2017 PM10  |   8.14 |   9.45 |  25.67 |   8.89 |I I 
18:43-Mon-Mar-06-2017 PM2.5 |   3.07 |   3.26 |   5.65 |   3.28 |I I 
18:44-Mon-Mar-06-2017 PM10  |  10.29 |   9.50 |  25.67 |   8.89 |I I 
18:44-Mon-Mar-06-2017 PM2.5 |   2.92 |   3.24 |   5.65 |   3.28 |I I 
18:48-Mon-Mar-06-2017 PM10  |   8.46 |   9.45 |  25.67 |   8.89 |I I 
18:48-Mon-Mar-06-2017 PM2.5 |   2.96 |   3.23 |   5.65 |   3.28 |I I 
18:49-Mon-Mar-06-2017 PM10  |   8.59 |   9.40 |  25.67 |   8.89 |I I 
18:49-Mon-Mar-06-2017 PM2.5 |   2.85 |   3.21 |   5.65 |   3.28 |I I 
18:51-Mon-Mar-06-2017 PM10  |   8.59 |   9.36 |  25.67 |   8.89 |I I 
18:51-Mon-Mar-06-2017 PM2.5 |   2.85 |   3.19 |   5.65 |   3.28 |I I 
18:55-Mon-Mar-06-2017 PM10  |   6.60 |   9.24 |  25.67 |   8.89 |I I 
18:55-Mon-Mar-06-2017 PM2.5 |   2.96 |   3.18 |   5.65 |   3.28 |I I 
18:56-Mon-Mar-06-2017 PM10  |   7.88 |   9.18 |  25.67 |   8.89 |I I 
18:56-Mon-Mar-06-2017 PM2.5 |   2.74 |   3.16 |   5.65 |   3.28 |I I 
19:00-Mon-Mar-06-2017 PM10  |   7.89 |   9.13 |  25.67 |   8.89 |I I 
19:00-Mon-Mar-06-2017 PM2.5 |   3.04 |   3.16 |   5.65 |   3.16 |I I 
19:01-Mon-Mar-06-2017 PM10  |   8.86 |   8.86 |  25.67 |   8.89 |I I 
19:01-Mon-Mar-06-2017 PM2.5 |   2.94 |   2.94 |   5.65 |   3.16 |I I 
19:05-Mon-Mar-06-2017 PM10  |   7.88 |   8.37 |  25.67 |   8.89 |I I 
19:05-Mon-Mar-06-2017 PM2.5 |   3.17 |   3.06 |   5.65 |   3.16 |I I 
19:06-Mon-Mar-06-2017 PM10  |  10.10 |   8.95 |  25.67 |   8.89 |I I 
19:06-Mon-Mar-06-2017 PM2.5 |   3.28 |   3.13 |   5.65 |   3.16 |I I 
19:10-Mon-Mar-06-2017 PM10  |   7.44 |   8.57 |  25.67 |   8.89 |I I 
19:10-Mon-Mar-06-2017 PM2.5 |   3.04 |   3.11 |   5.65 |   3.16 |I I 
19:11-Mon-Mar-06-2017 PM10  |   8.52 |   8.56 |  25.67 |   8.89 |I I 
19:11-Mon-Mar-06-2017 PM2.5 |   2.99 |   3.08 |   5.65 |   3.16 |I I 
19:15-Mon-Mar-06-2017 PM10  |   8.30 |   8.52 |  25.67 |   8.89 |I I 
19:15-Mon-Mar-06-2017 PM2.5 |   2.98 |   3.07 |   5.65 |   3.16 |I I 
19:16-Mon-Mar-06-2017 PM10  |   8.80 |   8.56 |  25.67 |   8.89 |I I 
19:16-Mon-Mar-06-2017 PM2.5 |   3.29 |   3.10 |   5.65 |   3.16 |I I 
19:20-Mon-Mar-06-2017 PM10  |  13.16 |   9.13 |  25.67 |   8.89 |I I 
19:20-Mon-Mar-06-2017 PM2.5 |   3.18 |   3.11 |   5.65 |   3.16 |I I 
19:21-Mon-Mar-06-2017 PM10  |  10.55 |   9.29 |  25.67 |   8.89 |I I 
19:21-Mon-Mar-06-2017 PM2.5 |   3.13 |   3.11 |   5.65 |   3.16 |I I 
19:25-Mon-Mar-06-2017 PM10  |  12.10 |   9.57 |  25.67 |   8.89 |I I 
19:25-Mon-Mar-06-2017 PM2.5 |   3.47 |   3.15 |   5.65 |   3.16 |I I 
19:26-Mon-Mar-06-2017 PM10  |  12.24 |   9.81 |  25.67 |   8.89 |I I 
19:26-Mon-Mar-06-2017 PM2.5 |   3.05 |   3.14 |   5.65 |   3.16 |I I 
19:27-Mon-Mar-06-2017 PM10  |  12.24 |  10.01 |  25.67 |   8.89 |I I 
19:27-Mon-Mar-06-2017 PM2.5 |   3.05 |   3.13 |   5.65 |   3.16 |I I 
19:31-Mon-Mar-06-2017 PM10  |  13.30 |  10.27 |  25.67 |   8.89 |I I 
19:31-Mon-Mar-06-2017 PM2.5 |   3.41 |   3.15 |   5.65 |   3.16 |I I 
19:32-Mon-Mar-06-2017 PM10  |   8.54 |  10.14 |  25.67 |   8.89 |I I 
19:32-Mon-Mar-06-2017 PM2.5 |   3.04 |   3.14 |   5.65 |   3.16 |I I 
19:36-Mon-Mar-06-2017 PM10  |   8.63 |  10.04 |  25.67 |   8.89 |I I 
19:36-Mon-Mar-06-2017 PM2.5 |   3.17 |   3.15 |   5.65 |   3.16 |I I 
19:37-Mon-Mar-06-2017 PM10  |   9.09 |   9.98 |  25.67 |   8.89 |I I 
19:37-Mon-Mar-06-2017 PM2.5 |   2.72 |   3.12 |   5.65 |   3.16 |I I 
19:41-Mon-Mar-06-2017 PM10  |   9.14 |   9.93 |  25.67 |   8.89 |I I 
19:41-Mon-Mar-06-2017 PM2.5 |   3.24 |   3.13 |   5.65 |   3.16 |I I 
19:42-Mon-Mar-06-2017 PM10  |   9.12 |   9.89 |  25.67 |   8.89 |I I 
19:42-Mon-Mar-06-2017 PM2.5 |   2.80 |   3.11 |   5.65 |   3.16 |I I 
19:46-Mon-Mar-06-2017 PM10  |  10.79 |   9.94 |  25.67 |   8.89 |I I 
19:46-Mon-Mar-06-2017 PM2.5 |   3.09 |   3.11 |   5.65 |   3.16 |I I 
19:47-Mon-Mar-06-2017 PM10  |  11.54 |  10.02 |  25.67 |   8.89 |I I 
19:47-Mon-Mar-06-2017 PM2.5 |   3.21 |   3.11 |   5.65 |   3.16 |I I 
19:51-Mon-Mar-06-2017 PM10  |   9.56 |   9.99 |  25.67 |   8.89 |I I 
19:51-Mon-Mar-06-2017 PM2.5 |   3.23 |   3.12 |   5.65 |   3.16 |I I 
19:52-Mon-Mar-06-2017 PM10  |   8.22 |   9.91 |  25.67 |   8.89 |I I 
19:52-Mon-Mar-06-2017 PM2.5 |   3.02 |   3.11 |   5.65 |   3.16 |I I 
19:53-Mon-Mar-06-2017 PM10  |   8.22 |   9.84 |  25.67 |   8.89 |I I 
19:53-Mon-Mar-06-2017 PM2.5 |   3.02 |   3.11 |   5.65 |   3.16 |I I 
19:57-Mon-Mar-06-2017 PM10  |   8.26 |   9.78 |  25.67 |   8.89 |I I 
19:57-Mon-Mar-06-2017 PM2.5 |   3.12 |   3.11 |   5.65 |   3.16 |I I 
19:58-Mon-Mar-06-2017 PM10  |  11.75 |   9.85 |  25.67 |   8.89 |I I 
19:58-Mon-Mar-06-2017 PM2.5 |   3.15 |   3.11 |   5.65 |   3.16 |I I 
20:02-Mon-Mar-06-2017 PM10  |  10.53 |   9.88 |  25.67 |   8.89 |I I 
20:02-Mon-Mar-06-2017 PM2.5 |   3.27 |   3.12 |   5.65 |   3.12 |I I 
20:03-Mon-Mar-06-2017 PM10  |  11.18 |  11.18 |  25.67 |   8.89 |I I 
20:03-Mon-Mar-06-2017 PM2.5 |   3.24 |   3.24 |   5.65 |   3.12 |I I 
20:07-Mon-Mar-06-2017 PM10  |  10.24 |  10.71 |  25.67 |   8.89 |I I 
20:07-Mon-Mar-06-2017 PM2.5 |   3.24 |   3.24 |   5.65 |   3.12 |I I 
20:08-Mon-Mar-06-2017 PM10  |  10.58 |  10.67 |  25.67 |   8.89 |I I 
20:08-Mon-Mar-06-2017 PM2.5 |   3.10 |   3.19 |   5.65 |   3.12 |I I 
20:12-Mon-Mar-06-2017 PM10  |   9.39 |  10.35 |  25.67 |   8.89 |I B 
20:12-Mon-Mar-06-2017 PM2.5 |   3.38 |   3.24 |   5.65 |   3.12 |I B 
20:13-Mon-Mar-06-2017recover dati per host :92.223.147.77/nodered
20:13-Mon-Mar-06-2017 PM10  |  10.98 |  10.48 |  25.67 |   8.89 |I I 
20:13-Mon-Mar-06-2017 PM2.5 |   3.41 |   3.27 |   5.65 |   3.12 |I I 
20:17-Mon-Mar-06-2017 PM10  |  17.84 |  11.70 |  25.67 |   8.89 |I I 
20:17-Mon-Mar-06-2017 PM2.5 |   3.72 |   3.35 |   5.65 |   3.12 |I I 
20:18-Mon-Mar-06-2017 PM10  |   9.26 |  11.35 |  25.67 |   8.89 |I I 
20:18-Mon-Mar-06-2017 PM2.5 |   3.14 |   3.32 |   5.65 |   3.12 |I I 
20:19-Mon-Mar-06-2017 PM10  |   9.26 |  11.09 |  25.67 |   8.89 |I I 
20:19-Mon-Mar-06-2017 PM2.5 |   3.14 |   3.29 |   5.65 |   3.12 |I I 
20:22-Mon-Mar-06-2017 PM10  |  10.66 |  11.04 |  25.67 |   8.89 |I I 
20:22-Mon-Mar-06-2017 PM2.5 |   3.32 |   3.30 |   5.65 |   3.12 |I I 
20:23-Mon-Mar-06-2017 PM10  |  10.66 |  11.00 |  25.67 |   8.89 |I I 
20:23-Mon-Mar-06-2017 PM2.5 |   3.32 |   3.30 |   5.65 |   3.12 |I I 
20:24-Mon-Mar-06-2017 PM10  |  12.04 |  11.10 |  25.67 |   8.89 |I I 
20:24-Mon-Mar-06-2017 PM2.5 |   3.17 |   3.29 |   5.65 |   3.12 |I I 
20:28-Mon-Mar-06-2017 PM10  |   9.66 |  10.98 |  25.67 |   8.89 |I I 
20:28-Mon-Mar-06-2017 PM2.5 |   3.22 |   3.28 |   5.65 |   3.12 |I I 
20:29-Mon-Mar-06-2017 PM10  |  10.06 |  10.91 |  25.67 |   8.89 |I I 
20:29-Mon-Mar-06-2017 PM2.5 |   3.25 |   3.28 |   5.65 |   3.12 |I I 
20:33-Mon-Mar-06-2017 PM10  |   9.20 |  10.79 |  25.67 |   8.89 |I I 
20:33-Mon-Mar-06-2017 PM2.5 |   3.30 |   3.28 |   5.65 |   3.12 |I I 
20:34-Mon-Mar-06-2017 PM10  |   7.36 |  10.56 |  25.67 |   8.89 |I I 
20:34-Mon-Mar-06-2017 PM2.5 |   2.99 |   3.26 |   5.65 |   3.12 |I I 
20:38-Mon-Mar-06-2017 PM10  |  10.02 |  10.52 |  25.67 |   8.89 |I I 
20:38-Mon-Mar-06-2017 PM2.5 |   3.22 |   3.26 |   5.65 |   3.12 |I I 
20:39-Mon-Mar-06-2017 PM10  |  10.28 |  10.51 |  25.67 |   8.89 |I I 
20:39-Mon-Mar-06-2017 PM2.5 |   3.37 |   3.27 |   5.65 |   3.12 |I I 
20:43-Mon-Mar-06-2017 PM10  |   9.99 |  10.48 |  25.67 |   8.89 |I I 
20:43-Mon-Mar-06-2017 PM2.5 |   3.35 |   3.27 |   5.65 |   3.12 |I I 
20:45-Mon-Mar-06-2017 PM10  |   9.26 |  10.42 |  25.67 |   8.89 |I I 
20:45-Mon-Mar-06-2017 PM2.5 |   3.45 |   3.28 |   5.65 |   3.12 |I I 
20:49-Mon-Mar-06-2017 PM10  |   7.68 |  10.28 |  25.67 |   8.89 |I I 
20:49-Mon-Mar-06-2017 PM2.5 |   3.32 |   3.28 |   5.65 |   3.12 |I I 
20:50-Mon-Mar-06-2017 PM10  |   7.68 |  10.16 |  25.67 |   8.89 |I I 
20:50-Mon-Mar-06-2017 PM2.5 |   3.32 |   3.28 |   5.65 |   3.12 |I I 
20:51-Mon-Mar-06-2017 PM10  |  11.01 |  10.20 |  25.67 |   8.89 |I I 
20:51-Mon-Mar-06-2017 PM2.5 |   3.44 |   3.29 |   5.65 |   3.12 |I I 
20:55-Mon-Mar-06-2017 PM10  |  10.12 |  10.19 |  25.67 |   8.89 |I I 
20:55-Mon-Mar-06-2017 PM2.5 |   3.52 |   3.30 |   5.65 |   3.12 |I I 
20:56-Mon-Mar-06-2017 PM10  |   9.34 |  10.16 |  25.67 |   8.89 |I I 
20:56-Mon-Mar-06-2017 PM2.5 |   3.80 |   3.32 |   5.65 |   3.12 |I I 
21:00-Mon-Mar-06-2017 PM10  |   9.16 |  10.12 |  25.67 |   8.89 |I I 
21:00-Mon-Mar-06-2017 PM2.5 |   3.57 |   3.33 |   5.65 |   3.12 |I I 
21:01-Mon-Mar-06-2017 PM10  |   7.61 |   7.61 |  25.67 |   8.89 |I I 
21:01-Mon-Mar-06-2017 PM2.5 |   3.38 |   3.38 |   5.65 |   3.12 |I I 
21:05-Mon-Mar-06-2017 PM10  |  10.00 |   8.81 |  25.67 |   8.89 |I I 
21:05-Mon-Mar-06-2017 PM2.5 |   3.63 |   3.50 |   5.65 |   3.12 |I I 
21:06-Mon-Mar-06-2017 PM10  |   9.71 |   9.11 |  25.67 |   8.89 |I I 
21:06-Mon-Mar-06-2017 PM2.5 |   3.40 |   3.47 |   5.65 |   3.12 |I I 
21:10-Mon-Mar-06-2017 PM10  |  10.18 |   9.38 |  25.67 |   8.89 |I I 
21:10-Mon-Mar-06-2017 PM2.5 |   3.71 |   3.53 |   5.65 |   3.12 |I I 
21:11-Mon-Mar-06-2017 PM10  |   9.12 |   9.33 |  25.67 |   8.89 |I I 
21:11-Mon-Mar-06-2017 PM2.5 |   3.34 |   3.49 |   5.65 |   3.12 |I I 
21:15-Mon-Mar-06-2017 PM10  |   8.50 |   9.19 |  25.67 |   8.89 |I I 
21:15-Mon-Mar-06-2017 PM2.5 |   3.52 |   3.50 |   5.65 |   3.12 |I I 
21:16-Mon-Mar-06-2017 PM10  |   8.50 |   9.09 |  25.67 |   8.89 |I I 
21:16-Mon-Mar-06-2017 PM2.5 |   3.52 |   3.50 |   5.65 |   3.12 |I I 
21:17-Mon-Mar-06-2017 PM10  |   8.97 |   9.07 |  25.67 |   8.89 |I I 
21:17-Mon-Mar-06-2017 PM2.5 |   3.77 |   3.53 |   5.65 |   3.12 |I I 
21:21-Mon-Mar-06-2017 PM10  |   8.65 |   9.03 |  25.67 |   8.89 |I I 
21:21-Mon-Mar-06-2017 PM2.5 |   3.75 |   3.56 |   5.65 |   3.12 |I I 
21:22-Mon-Mar-06-2017 PM10  |   9.76 |   9.10 |  25.67 |   8.89 |I I 
21:22-Mon-Mar-06-2017 PM2.5 |   3.44 |   3.55 |   5.65 |   3.12 |I I 
21:26-Mon-Mar-06-2017 PM10  |   8.07 |   9.01 |  25.67 |   8.89 |I I 
21:26-Mon-Mar-06-2017 PM2.5 |   3.42 |   3.53 |   5.65 |   3.12 |I I 
21:27-Mon-Mar-06-2017 PM10  |  12.60 |   9.31 |  25.67 |   8.89 |I I 
21:27-Mon-Mar-06-2017 PM2.5 |   3.47 |   3.53 |   5.65 |   3.12 |I I 
21:31-Mon-Mar-06-2017 PM10  |  12.99 |   9.59 |  25.67 |   8.89 |I I 
21:31-Mon-Mar-06-2017 PM2.5 |   3.70 |   3.54 |   5.65 |   3.12 |I I 
21:32-Mon-Mar-06-2017 PM10  |   7.59 |   9.45 |  25.67 |   8.89 |I I 
21:32-Mon-Mar-06-2017 PM2.5 |   3.20 |   3.52 |   5.65 |   3.12 |I I 
21:36-Mon-Mar-06-2017 PM10  |   7.78 |   9.34 |  25.67 |   8.89 |I I 
21:36-Mon-Mar-06-2017 PM2.5 |   3.34 |   3.51 |   5.65 |   3.12 |I I 
21:37-Mon-Mar-06-2017 PM10  |   8.78 |   9.30 |  25.67 |   8.89 |I I 
21:37-Mon-Mar-06-2017 PM2.5 |   3.17 |   3.49 |   5.65 |   3.12 |I I 
21:41-Mon-Mar-06-2017 PM10  |   7.32 |   9.18 |  25.67 |   8.89 |I I 
21:41-Mon-Mar-06-2017 PM2.5 |   3.21 |   3.47 |   5.65 |   3.12 |I I 
21:42-Mon-Mar-06-2017 PM10  |   7.32 |   9.08 |  25.67 |   8.89 |I I 
21:42-Mon-Mar-06-2017 PM2.5 |   3.21 |   3.45 |   5.65 |   3.12 |I I 
21:43-Mon-Mar-06-2017 PM10  |   9.15 |   9.08 |  25.67 |   8.89 |I I 
21:43-Mon-Mar-06-2017 PM2.5 |   3.31 |   3.45 |   5.65 |   3.12 |I I 
21:47-Mon-Mar-06-2017 PM10  |   8.49 |   9.05 |  25.67 |   8.89 |I I 
21:47-Mon-Mar-06-2017 PM2.5 |   3.50 |   3.45 |   5.65 |   3.12 |I I 
21:48-Mon-Mar-06-2017 PM10  |  10.21 |   9.11 |  25.67 |   8.89 |I I 
21:48-Mon-Mar-06-2017 PM2.5 |   3.49 |   3.45 |   5.65 |   3.12 |I I 
21:52-Mon-Mar-06-2017 PM10  |   8.47 |   9.08 |  25.67 |   8.89 |I I 
21:52-Mon-Mar-06-2017 PM2.5 |   3.52 |   3.46 |   5.65 |   3.12 |I I 
21:53-Mon-Mar-06-2017 PM10  |  12.45 |   9.23 |  25.67 |   8.89 |I I 
21:53-Mon-Mar-06-2017 PM2.5 |   3.74 |   3.47 |   5.65 |   3.12 |I I 
21:57-Mon-Mar-06-2017 PM10  |  11.79 |   9.33 |  25.67 |   8.89 |I I 
21:57-Mon-Mar-06-2017 PM2.5 |   4.32 |   3.50 |   5.65 |   3.12 |I I 
21:58-Mon-Mar-06-2017 PM10  |   9.13 |   9.33 |  25.67 |   8.89 |I I 
21:58-Mon-Mar-06-2017 PM2.5 |   3.89 |   3.52 |   5.65 |   3.12 |I I 
22:02-Mon-Mar-06-2017 PM10  |  11.75 |   9.42 |  25.67 |   8.89 |I I 
22:02-Mon-Mar-06-2017 PM2.5 |   3.85 |   3.53 |   5.65 |   3.12 |I I 
22:03-Mon-Mar-06-2017 PM10  |   8.66 |   8.66 |  25.67 |   8.89 |I I 
22:03-Mon-Mar-06-2017 PM2.5 |   3.62 |   3.62 |   5.65 |   3.12 |I I 
22:07-Mon-Mar-06-2017 PM10  |   9.43 |   9.04 |  25.67 |   8.89 |I I 
22:07-Mon-Mar-06-2017 PM2.5 |   3.81 |   3.72 |   5.65 |   3.12 |I I 
22:08-Mon-Mar-06-2017 PM10  |   9.43 |   9.17 |  25.67 |   8.89 |I I 
22:08-Mon-Mar-06-2017 PM2.5 |   3.81 |   3.75 |   5.65 |   3.12 |I I 
22:09-Mon-Mar-06-2017 PM10  |   6.26 |   8.44 |  25.67 |   8.89 |I I 
22:09-Mon-Mar-06-2017 PM2.5 |   3.56 |   3.70 |   5.65 |   3.12 |I I 
22:13-Mon-Mar-06-2017 PM10  |   8.89 |   8.54 |  25.67 |   8.89 |I I 
22:13-Mon-Mar-06-2017 PM2.5 |   4.00 |   3.76 |   5.65 |   3.12 |I I 
22:14-Mon-Mar-06-2017 PM10  |  11.36 |   9.01 |  25.67 |   8.89 |I I 
22:14-Mon-Mar-06-2017 PM2.5 |   3.63 |   3.74 |   5.65 |   3.12 |I I 
22:18-Mon-Mar-06-2017 PM10  |  10.36 |   9.20 |  25.67 |   8.89 |I I 
22:18-Mon-Mar-06-2017 PM2.5 |   3.98 |   3.77 |   5.65 |   3.12 |I I 
22:19-Mon-Mar-06-2017 PM10  |   7.22 |   8.95 |  25.67 |   8.89 |I I 
22:19-Mon-Mar-06-2017 PM2.5 |   3.59 |   3.75 |   5.65 |   3.12 |I I 
22:23-Mon-Mar-06-2017 PM10  |   9.98 |   9.07 |  25.67 |   8.89 |I I 
22:23-Mon-Mar-06-2017 PM2.5 |   3.82 |   3.76 |   5.65 |   3.12 |I I 
22:24-Mon-Mar-06-2017 PM10  |   8.17 |   8.98 |  25.67 |   8.89 |I I 
22:24-Mon-Mar-06-2017 PM2.5 |   3.60 |   3.74 |   5.65 |   3.12 |I I 
22:28-Mon-Mar-06-2017 PM10  |   8.52 |   8.94 |  25.67 |   8.89 |I I 
22:28-Mon-Mar-06-2017 PM2.5 |   3.77 |   3.74 |   5.65 |   3.12 |I I 
22:29-Mon-Mar-06-2017 PM10  |   9.47 |   8.98 |  25.67 |   8.89 |I I 
22:29-Mon-Mar-06-2017 PM2.5 |   3.77 |   3.75 |   5.65 |   3.12 |I I 
22:33-Mon-Mar-06-2017 PM10  |   8.68 |   8.96 |  25.67 |   8.89 |I I 
22:33-Mon-Mar-06-2017 PM2.5 |   4.07 |   3.77 |   5.65 |   3.12 |I I 
22:34-Mon-Mar-06-2017 PM10  |   9.54 |   9.00 |  25.67 |   8.89 |I I 
22:34-Mon-Mar-06-2017 PM2.5 |   3.82 |   3.78 |   5.65 |   3.12 |I I 
22:35-Mon-Mar-06-2017 PM10  |   9.54 |   9.03 |  25.67 |   8.89 |I I 
22:35-Mon-Mar-06-2017 PM2.5 |   3.82 |   3.78 |   5.65 |   3.12 |I I 
22:39-Mon-Mar-06-2017 PM10  |   8.69 |   9.01 |  25.67 |   8.89 |I I 
22:39-Mon-Mar-06-2017 PM2.5 |   3.95 |   3.79 |   5.65 |   3.12 |I I 
22:40-Mon-Mar-06-2017 PM10  |   8.70 |   8.99 |  25.67 |   8.89 |I I 
22:40-Mon-Mar-06-2017 PM2.5 |   4.37 |   3.82 |   5.65 |   3.12 |I I 
22:44-Mon-Mar-06-2017 PM10  |   9.35 |   9.01 |  25.67 |   8.89 |I I 
22:44-Mon-Mar-06-2017 PM2.5 |   4.07 |   3.84 |   5.65 |   3.12 |I I 
22:45-Mon-Mar-06-2017 PM10  |   7.11 |   8.91 |  25.67 |   8.89 |I I 
22:45-Mon-Mar-06-2017 PM2.5 |   3.77 |   3.83 |   5.65 |   3.12 |I I 
22:49-Mon-Mar-06-2017 PM10  |  10.37 |   8.99 |  25.67 |   8.89 |I I 
22:49-Mon-Mar-06-2017 PM2.5 |   4.01 |   3.84 |   5.65 |   3.12 |I I 
22:50-Mon-Mar-06-2017 PM10  |   9.36 |   9.01 |  25.67 |   8.89 |I I 
22:50-Mon-Mar-06-2017 PM2.5 |   4.08 |   3.85 |   5.65 |   3.12 |I I 
22:54-Mon-Mar-06-2017 PM10  |   9.97 |   9.05 |  25.67 |   8.89 |I I 
22:54-Mon-Mar-06-2017 PM2.5 |   4.30 |   3.87 |   5.65 |   3.12 |I I 
22:55-Mon-Mar-06-2017 PM10  |  10.65 |   9.12 |  25.67 |   8.89 |I I 
22:55-Mon-Mar-06-2017 PM2.5 |   4.03 |   3.88 |   5.65 |   3.12 |I I 
22:59-Mon-Mar-06-2017 PM10  |   9.88 |   9.15 |  25.67 |   8.89 |I I 
22:59-Mon-Mar-06-2017 PM2.5 |   4.15 |   3.89 |   5.65 |   3.12 |I I 
23:00-Mon-Mar-06-2017 PM10  |   9.21 |   9.15 |  25.67 |   8.89 |I I 
23:00-Mon-Mar-06-2017 PM2.5 |   3.94 |   3.89 |   5.65 |   3.12 |I I 
23:01-Mon-Mar-06-2017 PM10  |   9.21 |   9.21 |  25.67 |   8.89 |I I 
23:01-Mon-Mar-06-2017 PM2.5 |   3.94 |   3.94 |   5.65 |   3.12 |I I 
23:05-Mon-Mar-06-2017 PM10  |  10.42 |   9.82 |  25.67 |   8.89 |I I 
23:05-Mon-Mar-06-2017 PM2.5 |   4.09 |   4.02 |   5.65 |   3.12 |I I 
23:06-Mon-Mar-06-2017 PM10  |   7.61 |   9.08 |  25.67 |   8.89 |I I 
23:06-Mon-Mar-06-2017 PM2.5 |   3.87 |   3.97 |   5.65 |   3.12 |I I 
23:10-Mon-Mar-06-2017 PM10  |   9.63 |   9.22 |  25.67 |   8.89 |I I 
23:10-Mon-Mar-06-2017 PM2.5 |   4.26 |   4.04 |   5.65 |   3.12 |I I 
23:11-Mon-Mar-06-2017 PM10  |   9.06 |   9.19 |  25.67 |   8.89 |I I 
23:11-Mon-Mar-06-2017 PM2.5 |   4.33 |   4.10 |   5.65 |   3.12 |I I 
23:15-Mon-Mar-06-2017 PM10  |  10.71 |   9.44 |  25.67 |   8.89 |I I 
23:15-Mon-Mar-06-2017 PM2.5 |   4.70 |   4.20 |   5.65 |   3.12 |I I 
23:16-Mon-Mar-06-2017 PM10  |  10.80 |   9.64 |  25.67 |   8.89 |I I 
23:16-Mon-Mar-06-2017 PM2.5 |   4.24 |   4.20 |   5.65 |   3.12 |I I 
23:20-Mon-Mar-06-2017 PM10  |  11.02 |   9.81 |  25.67 |   8.89 |I I 
23:20-Mon-Mar-06-2017 PM2.5 |   4.67 |   4.26 |   5.65 |   3.12 |I I 
23:21-Mon-Mar-06-2017 PM10  |   9.92 |   9.82 |  25.67 |   8.89 |I I 
23:21-Mon-Mar-06-2017 PM2.5 |   4.70 |   4.31 |   5.65 |   3.12 |I I 
23:26-Mon-Mar-06-2017 PM10  |   8.90 |   9.73 |  25.67 |   8.89 |I I 
23:26-Mon-Mar-06-2017 PM2.5 |   4.51 |   4.33 |   5.65 |   3.12 |I I 
23:27-Mon-Mar-06-2017 PM10  |  10.78 |   9.82 |  25.67 |   8.89 |I I 
23:27-Mon-Mar-06-2017 PM2.5 |   5.08 |   4.40 |   5.65 |   3.12 |I I 
23:28-Mon-Mar-06-2017 PM10  |  10.78 |   9.90 |  25.67 |   8.89 |I I 
23:28-Mon-Mar-06-2017 PM2.5 |   5.08 |   4.45 |   5.65 |   3.12 |I I 
23:32-Mon-Mar-06-2017 PM10  |  10.57 |   9.96 |  25.67 |   8.89 |I I 
23:32-Mon-Mar-06-2017 PM2.5 |   5.04 |   4.50 |   5.65 |   3.12 |I I 
23:33-Mon-Mar-06-2017 PM10  |   9.74 |   9.94 |  25.67 |   8.89 |I I 
23:33-Mon-Mar-06-2017 PM2.5 |   4.96 |   4.53 |   5.65 |   3.12 |I I 
23:37-Mon-Mar-06-2017 PM10  |  10.67 |   9.99 |  25.67 |   8.89 |I I 
23:37-Mon-Mar-06-2017 PM2.5 |   4.64 |   4.54 |   5.65 |   3.12 |I I 
23:38-Mon-Mar-06-2017 PM10  |  11.53 |  10.08 |  25.67 |   8.89 |I I 
23:38-Mon-Mar-06-2017 PM2.5 |   5.90 |   4.63 |   5.65 |   3.12 |I I 
23:42-Mon-Mar-06-2017 PM10  |  13.70 |  10.30 |  25.67 |   8.89 |I I 
23:42-Mon-Mar-06-2017 PM2.5 |   6.17 |   4.72 |   5.65 |   3.12 |I I 
23:43-Mon-Mar-06-2017 PM10  |  14.18 |  10.51 |  25.67 |   8.89 |I I 
23:43-Mon-Mar-06-2017 PM2.5 |   6.55 |   4.82 |   5.65 |   3.12 |I I 
23:47-Mon-Mar-06-2017 PM10  |  15.48 |  10.77 |  25.67 |   8.89 |I I 
23:47-Mon-Mar-06-2017 PM2.5 |   6.30 |   4.90 |   5.65 |   3.12 |I I 
23:48-Mon-Mar-06-2017 PM10  |  16.84 |  11.08 |  25.67 |   8.89 |I I 
23:48-Mon-Mar-06-2017 PM2.5 |   5.36 |   4.92 |   5.65 |   3.12 |I I 
23:52-Mon-Mar-06-2017 PM10  |  16.81 |  11.35 |  25.67 |   8.89 |I I 
23:52-Mon-Mar-06-2017 PM2.5 |   5.90 |   4.97 |   5.65 |   3.12 |I I 
23:53-Mon-Mar-06-2017 PM10  |  12.72 |  11.41 |  25.67 |   8.89 |I I 
23:53-Mon-Mar-06-2017 PM2.5 |   5.49 |   4.99 |   5.65 |   3.12 |I I 
23:57-Mon-Mar-06-2017 PM10  |  14.00 |  11.53 |  25.67 |   8.89 |I I 
23:57-Mon-Mar-06-2017 PM2.5 |   5.74 |   5.02 |   5.65 |   3.12 |I I 
23:58-Mon-Mar-06-2017 PM10  |  14.00 |  11.63 |  25.67 |   8.89 |I I 
23:58-Mon-Mar-06-2017 PM2.5 |   5.74 |   5.05 |   5.65 |   3.12 |I I 
23:59-Mon-Mar-06-2017 PM10  |  15.52 |  11.78 |  25.67 |   8.89 |I I 
23:59-Mon-Mar-06-2017 PM2.5 |   5.59 |   5.07 |   5.65 |   3.12 |I I 
00:03-Tue-Mar-07-2017 PM10  |  13.71 |  11.86 |  25.67 |   8.89 |I I 
