[Mon Feb 27 00:00:52 2017] Report del giorno Monday February 27 2017 -- INVIATO a centraline@googlegroups.com
00:00-Mon-Feb-27-2017 PM2.5 |   7.77 |   8.18 |   9.76 |   3.11 |I I 
00:04-Mon-Feb-27-2017 PM10  |  13.63 |  13.63 |   0.00 |  2000.00|I I 
00:04-Mon-Feb-27-2017 PM2.5 |   7.51 |   7.51 |   0.00 |  2000.00|I I 
00:05-Mon-Feb-27-2017 PM10  |  16.58 |  15.10 |   0.00 |  2000.00|I I 
00:05-Mon-Feb-27-2017 PM2.5 |   7.50 |   7.50 |   0.00 |  2000.00|I I 
00:09-Mon-Feb-27-2017 PM10  |  17.27 |  15.83 |   0.00 |  2000.00|I I 
00:09-Mon-Feb-27-2017 PM2.5 |   8.05 |   7.68 |   0.00 |  2000.00|I I 
00:10-Mon-Feb-27-2017 PM10  |  14.67 |  15.54 |   0.00 |  2000.00|I I 
00:10-Mon-Feb-27-2017 PM2.5 |   7.55 |   7.65 |   0.00 |  2000.00|I I 
00:14-Mon-Feb-27-2017 PM10  |  14.70 |  15.37 |   0.00 |  2000.00|I I 
00:14-Mon-Feb-27-2017 PM2.5 |   7.77 |   7.67 |   0.00 |  2000.00|I I 
00:15-Mon-Feb-27-2017 PM10  |  15.52 |  15.40 |   0.00 |  2000.00|I I 
00:15-Mon-Feb-27-2017 PM2.5 |   7.57 |   7.66 |   0.00 |  2000.00|I I 
00:19-Mon-Feb-27-2017 PM10  |  17.41 |  15.68 |   0.00 |  2000.00|I I 
00:19-Mon-Feb-27-2017 PM2.5 |   8.39 |   7.76 |   0.00 |  2000.00|I I 
00:20-Mon-Feb-27-2017 PM10  |  17.41 |  15.90 |   0.00 |  2000.00|I I 
00:20-Mon-Feb-27-2017 PM2.5 |   8.39 |   7.84 |   0.00 |  2000.00|I I 
00:22-Mon-Feb-27-2017 PM10  |  19.75 |  16.33 |   0.00 |  2000.00|I I 
00:22-Mon-Feb-27-2017 PM2.5 |   9.24 |   8.00 |   0.00 |  2000.00|I I 
00:26-Mon-Feb-27-2017 PM10  |  19.99 |  16.69 |   0.00 |  2000.00|I I 
00:26-Mon-Feb-27-2017 PM2.5 |   9.38 |   8.13 |   0.00 |  2000.00|I I 
00:27-Mon-Feb-27-2017 PM10  |  17.80 |  16.79 |   0.00 |  2000.00|I I 
00:27-Mon-Feb-27-2017 PM2.5 |   8.43 |   8.16 |   0.00 |  2000.00|I I 
00:31-Mon-Feb-27-2017 PM10  |  19.65 |  17.03 |   0.00 |  2000.00|I I 
00:31-Mon-Feb-27-2017 PM2.5 |   9.16 |   8.24 |   0.00 |  2000.00|I I 
00:32-Mon-Feb-27-2017 PM10  |  18.32 |  17.13 |   0.00 |  2000.00|I I 
00:32-Mon-Feb-27-2017 PM2.5 |   8.93 |   8.30 |   0.00 |  2000.00|I I 
00:36-Mon-Feb-27-2017 PM10  |  20.30 |  17.36 |   0.00 |  2000.00|I I 
00:36-Mon-Feb-27-2017 PM2.5 |   9.38 |   8.37 |   0.00 |  2000.00|I I 
00:37-Mon-Feb-27-2017 PM10  |  13.93 |  17.13 |   0.00 |  2000.00|I I 
00:37-Mon-Feb-27-2017 PM2.5 |   7.63 |   8.32 |   0.00 |  2000.00|I I 
00:41-Mon-Feb-27-2017 PM10  |  15.07 |  17.00 |   0.00 |  2000.00|I I 
00:41-Mon-Feb-27-2017 PM2.5 |   8.26 |   8.32 |   0.00 |  2000.00|I I 
00:42-Mon-Feb-27-2017 PM10  |  14.18 |  16.83 |   0.00 |  2000.00|I I 
00:42-Mon-Feb-27-2017 PM2.5 |   6.98 |   8.24 |   0.00 |  2000.00|I I 
00:46-Mon-Feb-27-2017 PM10  |  15.98 |  16.79 |   0.00 |  2000.00|I I 
00:46-Mon-Feb-27-2017 PM2.5 |   7.18 |   8.18 |   0.00 |  2000.00|I I 
00:47-Mon-Feb-27-2017 PM10  |  13.49 |  16.61 |   0.00 |  2000.00|I I 
00:47-Mon-Feb-27-2017 PM2.5 |   6.84 |   8.11 |   0.00 |  2000.00|I I 
00:51-Mon-Feb-27-2017 PM10  |  14.54 |  16.51 |   0.00 |  2000.00|I I 
00:51-Mon-Feb-27-2017 PM2.5 |   7.12 |   8.06 |   0.00 |  2000.00|I I 
00:52-Mon-Feb-27-2017 PM10  |  14.54 |  16.42 |   0.00 |  2000.00|I I 
00:52-Mon-Feb-27-2017 PM2.5 |   7.12 |   8.02 |   0.00 |  2000.00|I I 
00:53-Mon-Feb-27-2017 PM10  |  15.43 |  16.37 |   0.00 |  2000.00|I I 
00:53-Mon-Feb-27-2017 PM2.5 |   8.02 |   8.02 |   0.00 |  2000.00|I I 
00:57-Mon-Feb-27-2017 PM10  |  14.83 |  16.30 |   0.00 |  2000.00|I I 
00:57-Mon-Feb-27-2017 PM2.5 |   7.83 |   8.01 |   0.00 |  2000.00|I I 
00:58-Mon-Feb-27-2017 PM10  |  16.57 |  16.32 |   0.00 |  2000.00|I I 
00:58-Mon-Feb-27-2017 PM2.5 |   7.74 |   8.00 |   0.00 |  2000.00|I I 
01:02-Mon-Feb-27-2017 PM10  |  17.60 |  16.37 |  16.37 |  16.37 |I I 
01:02-Mon-Feb-27-2017 PM2.5 |   9.01 |   8.04 |   8.04 |   8.04 |I I 
01:03-Mon-Feb-27-2017 PM10  |  15.73 |  15.73 |  16.37 |  16.37 |I I 
01:03-Mon-Feb-27-2017 PM2.5 |   7.08 |   7.08 |   8.04 |   8.04 |I I 
01:07-Mon-Feb-27-2017 PM10  |  13.41 |  14.57 |  16.37 |  16.37 |I I 
01:07-Mon-Feb-27-2017 PM2.5 |   6.92 |   7.00 |   8.04 |   8.04 |I I 
01:08-Mon-Feb-27-2017 PM10  |  13.94 |  14.36 |  16.37 |  16.37 |I I 
01:08-Mon-Feb-27-2017 PM2.5 |   6.60 |   6.87 |   8.04 |   8.04 |I I 
01:12-Mon-Feb-27-2017 PM10  |  14.65 |  14.43 |  16.37 |  16.37 |I I 
01:12-Mon-Feb-27-2017 PM2.5 |   7.03 |   6.91 |   8.04 |   8.04 |I I 
01:13-Mon-Feb-27-2017 PM10  |  12.33 |  14.01 |  16.37 |  16.37 |I I 
01:13-Mon-Feb-27-2017 PM2.5 |   6.44 |   6.81 |   8.04 |   8.04 |I I 
01:17-Mon-Feb-27-2017 PM10  |  14.28 |  14.06 |  16.37 |  16.37 |I I 
01:17-Mon-Feb-27-2017 PM2.5 |   7.18 |   6.87 |   8.04 |   8.04 |I I 
01:18-Mon-Feb-27-2017 PM10  |  14.28 |  14.09 |  16.37 |  16.37 |I I 
01:18-Mon-Feb-27-2017 PM2.5 |   7.18 |   6.92 |   8.04 |   8.04 |I I 
01:19-Mon-Feb-27-2017 PM10  |  13.92 |  14.07 |  16.37 |  16.37 |I I 
01:19-Mon-Feb-27-2017 PM2.5 |   6.81 |   6.90 |   8.04 |   8.04 |I I 
01:23-Mon-Feb-27-2017 PM10  |  15.09 |  14.18 |  16.37 |  16.37 |I I 
01:23-Mon-Feb-27-2017 PM2.5 |   6.87 |   6.90 |   8.04 |   8.04 |I I 
01:24-Mon-Feb-27-2017 PM10  |  12.71 |  14.03 |  16.37 |  16.37 |I I 
01:24-Mon-Feb-27-2017 PM2.5 |   6.45 |   6.86 |   8.04 |   8.04 |I I 
01:28-Mon-Feb-27-2017 PM10  |  13.05 |  13.94 |  16.37 |  16.37 |I I 
01:28-Mon-Feb-27-2017 PM2.5 |   6.79 |   6.85 |   8.04 |   8.04 |I I 
01:29-Mon-Feb-27-2017 PM10  |  15.22 |  14.05 |  16.37 |  16.37 |I I 
01:29-Mon-Feb-27-2017 PM2.5 |   6.77 |   6.84 |   8.04 |   8.04 |I I 
01:33-Mon-Feb-27-2017 PM10  |  13.91 |  14.04 |  16.37 |  16.37 |I I 
01:33-Mon-Feb-27-2017 PM2.5 |   6.77 |   6.84 |   8.04 |   8.04 |I I 
01:34-Mon-Feb-27-2017 PM10  |  14.18 |  14.05 |  16.37 |  16.37 |I I 
01:34-Mon-Feb-27-2017 PM2.5 |   6.44 |   6.81 |   8.04 |   8.04 |I I 
01:38-Mon-Feb-27-2017 PM10  |  14.51 |  14.08 |  16.37 |  16.37 |I I 
01:38-Mon-Feb-27-2017 PM2.5 |   6.95 |   6.82 |   8.04 |   8.04 |I I 
01:39-Mon-Feb-27-2017 PM10  |  12.65 |  13.99 |  16.37 |  16.37 |I I 
01:39-Mon-Feb-27-2017 PM2.5 |   6.28 |   6.78 |   8.04 |   8.04 |I I 
01:43-Mon-Feb-27-2017 PM10  |  13.33 |  13.95 |  16.37 |  16.37 |I I 
01:43-Mon-Feb-27-2017 PM2.5 |   6.87 |   6.79 |   8.04 |   8.04 |I I 
01:44-Mon-Feb-27-2017 PM10  |  14.91 |  14.00 |  16.37 |  16.37 |I I 
01:44-Mon-Feb-27-2017 PM2.5 |   6.74 |   6.79 |   8.04 |   8.04 |I I 
01:45-Mon-Feb-27-2017 PM10  |  14.91 |  14.05 |  16.37 |  16.37 |I I 
01:45-Mon-Feb-27-2017 PM2.5 |   6.74 |   6.78 |   8.04 |   8.04 |I I 
01:49-Mon-Feb-27-2017 PM10  |  13.75 |  14.04 |  16.37 |  16.37 |I I 
01:49-Mon-Feb-27-2017 PM2.5 |   7.55 |   6.82 |   8.04 |   8.04 |I I 
01:50-Mon-Feb-27-2017 PM10  |  13.98 |  14.03 |  16.37 |  16.37 |I I 
01:50-Mon-Feb-27-2017 PM2.5 |   6.85 |   6.82 |   8.04 |   8.04 |I I 
01:54-Mon-Feb-27-2017 PM10  |  15.20 |  14.09 |  16.37 |  16.37 |I I 
01:54-Mon-Feb-27-2017 PM2.5 |   7.42 |   6.85 |   8.04 |   8.04 |I I 
01:55-Mon-Feb-27-2017 PM10  |  15.01 |  14.13 |  16.37 |  16.37 |I I 
01:55-Mon-Feb-27-2017 PM2.5 |   6.91 |   6.85 |   8.04 |   8.04 |I I 
01:59-Mon-Feb-27-2017 PM10  |  16.35 |  14.22 |  16.37 |  16.37 |I I 
01:59-Mon-Feb-27-2017 PM2.5 |   7.95 |   6.90 |   8.04 |   8.04 |I I 
02:00-Mon-Feb-27-2017 PM10  |  18.21 |  14.38 |  16.37 |  14.38 |I I 
02:00-Mon-Feb-27-2017 PM2.5 |   7.42 |   6.92 |   8.04 |   6.92 |I I 
02:04-Mon-Feb-27-2017 PM10  |  14.35 |  14.35 |  16.37 |  14.38 |I I 
02:04-Mon-Feb-27-2017 PM2.5 |   7.41 |   7.41 |   8.04 |   6.92 |I I 
02:05-Mon-Feb-27-2017 PM10  |  14.46 |  14.41 |  16.37 |  14.38 |I I 
02:05-Mon-Feb-27-2017 PM2.5 |   7.14 |   7.27 |   8.04 |   6.92 |I I 
02:09-Mon-Feb-27-2017 PM10  |  13.78 |  14.20 |  16.37 |  14.38 |I I 
02:09-Mon-Feb-27-2017 PM2.5 |   7.65 |   7.40 |   8.04 |   6.92 |I I 
02:10-Mon-Feb-27-2017Timeout Event handler
02:10-Mon-Feb-27-2017 PM10  |  14.85 |  14.36 |  16.37 |  14.38 |B I 
02:10-Mon-Feb-27-2017 PM2.5 |   7.21 |   7.35 |   8.04 |   6.92 |B I 
02:14-Mon-Feb-27-2017recover dati per host :salvatorehost.no-ip.org/aria
02:14-Mon-Feb-27-2017 PM10  |  15.37 |  14.56 |  16.37 |  14.38 |I I 
02:14-Mon-Feb-27-2017 PM2.5 |   8.09 |   7.50 |   8.04 |   6.92 |I I 
02:15-Mon-Feb-27-2017 PM10  |  15.37 |  14.70 |  16.37 |  14.38 |I I 
02:15-Mon-Feb-27-2017 PM2.5 |   8.09 |   7.60 |   8.04 |   6.92 |I I 
02:16-Mon-Feb-27-2017 PM10  |  16.70 |  14.98 |  16.37 |  14.38 |I I 
02:16-Mon-Feb-27-2017 PM2.5 |   7.58 |   7.60 |   8.04 |   6.92 |I I 
02:20-Mon-Feb-27-2017 PM10  |  16.65 |  15.19 |  16.37 |  14.38 |I I 
02:20-Mon-Feb-27-2017 PM2.5 |   8.00 |   7.65 |   8.04 |   6.92 |I I 
02:21-Mon-Feb-27-2017 PM10  |  16.60 |  15.35 |  16.37 |  14.38 |I I 
02:21-Mon-Feb-27-2017 PM2.5 |   7.60 |   7.64 |   8.04 |   6.92 |I I 
02:25-Mon-Feb-27-2017 PM10  |  15.44 |  15.36 |  16.37 |  14.38 |I I 
02:25-Mon-Feb-27-2017 PM2.5 |   7.32 |   7.61 |   8.04 |   6.92 |I I 
02:26-Mon-Feb-27-2017 PM10  |  31.57 |  16.83 |  16.37 |  14.38 |I I 
02:26-Mon-Feb-27-2017 PM2.5 |  12.43 |   8.05 |   8.04 |   6.92 |I I 
02:30-Mon-Feb-27-2017 PM10  |  29.92 |  17.92 |  16.37 |  14.38 |I I 
02:30-Mon-Feb-27-2017 PM2.5 |  12.50 |   8.42 |   8.04 |   6.92 |I I 
02:31-Mon-Feb-27-2017 PM10  |  14.06 |  17.63 |  16.37 |  14.38 |I I 
02:31-Mon-Feb-27-2017 PM2.5 |   6.97 |   8.31 |   8.04 |   6.92 |I I 
02:35-Mon-Feb-27-2017 PM10  |  14.70 |  17.42 |  16.37 |  14.38 |I I 
02:35-Mon-Feb-27-2017 PM2.5 |   7.46 |   8.25 |   8.04 |   6.92 |I I 
02:36-Mon-Feb-27-2017 PM10  |  12.66 |  17.10 |  16.37 |  14.38 |I I 
02:36-Mon-Feb-27-2017 PM2.5 |   6.21 |   8.11 |   8.04 |   6.92 |I I 
02:40-Mon-Feb-27-2017 PM10  |  16.32 |  17.05 |  16.37 |  14.38 |I I 
02:40-Mon-Feb-27-2017 PM2.5 |   7.45 |   8.07 |   8.04 |   6.92 |I I 
02:41-Mon-Feb-27-2017 PM10  |  16.32 |  17.01 |  16.37 |  14.38 |I I 
02:41-Mon-Feb-27-2017 PM2.5 |   7.45 |   8.03 |   8.04 |   6.92 |I I 
02:42-Mon-Feb-27-2017 PM10  |  15.91 |  16.95 |  16.37 |  14.38 |I I 
02:42-Mon-Feb-27-2017 PM2.5 |   8.05 |   8.03 |   8.04 |   6.92 |I I 
02:46-Mon-Feb-27-2017 PM10  |  15.09 |  16.85 |  16.37 |  14.38 |I I 
02:46-Mon-Feb-27-2017 PM2.5 |   8.17 |   8.04 |   8.04 |   6.92 |I I 
02:48-Mon-Feb-27-2017 PM10  |  14.61 |  16.74 |  16.37 |  14.38 |I I 
02:48-Mon-Feb-27-2017 PM2.5 |   7.00 |   7.99 |   8.04 |   6.92 |I I 
02:52-Mon-Feb-27-2017 PM10  |  15.75 |  16.69 |  16.37 |  14.38 |I I 
02:52-Mon-Feb-27-2017 PM2.5 |   7.65 |   7.97 |   8.04 |   6.92 |I I 
02:53-Mon-Feb-27-2017 PM10  |  15.13 |  16.62 |  16.37 |  14.38 |I I 
02:53-Mon-Feb-27-2017 PM2.5 |   6.72 |   7.92 |   8.04 |   6.92 |I I 
02:57-Mon-Feb-27-2017 PM10  |  14.05 |  16.51 |  16.37 |  14.38 |I I 
02:57-Mon-Feb-27-2017 PM2.5 |   6.94 |   7.87 |   8.04 |   6.92 |I I 
02:58-Mon-Feb-27-2017 PM10  |  13.08 |  16.37 |  16.37 |  14.38 |I I 
02:58-Mon-Feb-27-2017 PM2.5 |   6.58 |   7.82 |   8.04 |   6.92 |I I 
03:02-Mon-Feb-27-2017 PM10  |  13.77 |  16.26 |  16.37 |  14.38 |I I 
03:02-Mon-Feb-27-2017 PM2.5 |   6.38 |   7.76 |   8.04 |   6.92 |I I 
03:03-Mon-Feb-27-2017 PM10  |  10.43 |  10.43 |  16.37 |  14.38 |I I 
03:03-Mon-Feb-27-2017 PM2.5 |   5.93 |   5.93 |   8.04 |   6.92 |I I 
03:07-Mon-Feb-27-2017 PM10  |  12.11 |  11.27 |  16.37 |  14.38 |I I 
03:07-Mon-Feb-27-2017 PM2.5 |   6.00 |   5.97 |   8.04 |   6.92 |I I 
03:08-Mon-Feb-27-2017 PM10  |  12.32 |  11.62 |  16.37 |  14.38 |I I 
03:08-Mon-Feb-27-2017 PM2.5 |   6.20 |   6.05 |   8.04 |   6.92 |I I 
03:09-Mon-Feb-27-2017 PM10  |  12.32 |  11.79 |  16.37 |  14.38 |I I 
03:09-Mon-Feb-27-2017 PM2.5 |   6.20 |   6.08 |   8.04 |   6.92 |I I 
03:13-Mon-Feb-27-2017 PM10  |  12.84 |  12.00 |  16.37 |  14.38 |I I 
03:13-Mon-Feb-27-2017 PM2.5 |   6.05 |   6.08 |   8.04 |   6.92 |I I 
03:14-Mon-Feb-27-2017 PM10  |  12.40 |  12.07 |  16.37 |  14.38 |I I 
03:14-Mon-Feb-27-2017 PM2.5 |   6.20 |   6.10 |   8.04 |   6.92 |I I 
03:18-Mon-Feb-27-2017 PM10  |  13.15 |  12.22 |  16.37 |  14.38 |I I 
03:18-Mon-Feb-27-2017 PM2.5 |   6.27 |   6.12 |   8.04 |   6.92 |I I 
03:19-Mon-Feb-27-2017 PM10  |  15.53 |  12.63 |  16.37 |  14.38 |I I 
03:19-Mon-Feb-27-2017 PM2.5 |   6.55 |   6.18 |   8.04 |   6.92 |I I 
03:23-Mon-Feb-27-2017 PM10  |  15.53 |  12.96 |  16.37 |  14.38 |I I 
03:23-Mon-Feb-27-2017 PM2.5 |   7.25 |   6.30 |   8.04 |   6.92 |I I 
03:24-Mon-Feb-27-2017 PM10  |  12.05 |  12.87 |  16.37 |  14.38 |I I 
03:24-Mon-Feb-27-2017 PM2.5 |   6.41 |   6.31 |   8.04 |   6.92 |I I 
03:28-Mon-Feb-27-2017 PM10  |  10.96 |  12.69 |  16.37 |  14.38 |I I 
03:28-Mon-Feb-27-2017 PM2.5 |   6.55 |   6.33 |   8.04 |   6.92 |I I 
03:29-Mon-Feb-27-2017 PM10  |  12.94 |  12.71 |  16.37 |  14.38 |I I 
03:29-Mon-Feb-27-2017 PM2.5 |   6.00 |   6.30 |   8.04 |   6.92 |I I 
03:33-Mon-Feb-27-2017 PM10  |  11.32 |  12.61 |  16.37 |  14.38 |I I 
03:33-Mon-Feb-27-2017 PM2.5 |   6.20 |   6.29 |   8.04 |   6.92 |I I 
03:34-Mon-Feb-27-2017 PM10  |  11.77 |  12.55 |  16.37 |  14.38 |I I 
03:34-Mon-Feb-27-2017 PM2.5 |   5.91 |   6.27 |   8.04 |   6.92 |I I 
03:35-Mon-Feb-27-2017 PM10  |  11.77 |  12.49 |  16.37 |  14.38 |I I 
03:35-Mon-Feb-27-2017 PM2.5 |   5.91 |   6.24 |   8.04 |   6.92 |I I 
03:38-Mon-Feb-27-2017 PM10  |  12.30 |  12.48 |  16.37 |  14.38 |I I 
03:38-Mon-Feb-27-2017 PM2.5 |   6.34 |   6.25 |   8.04 |   6.92 |I I 
03:39-Mon-Feb-27-2017 PM10  |  12.30 |  12.47 |  16.37 |  14.38 |I I 
03:39-Mon-Feb-27-2017 PM2.5 |   6.34 |   6.25 |   8.04 |   6.92 |I I 
03:40-Mon-Feb-27-2017 PM10  |  12.60 |  12.48 |  16.37 |  14.38 |I I 
03:40-Mon-Feb-27-2017 PM2.5 |   6.30 |   6.26 |   8.04 |   6.92 |I I 
03:44-Mon-Feb-27-2017 PM10  |  11.78 |  12.44 |  16.37 |  14.38 |I I 
03:44-Mon-Feb-27-2017 PM2.5 |   6.25 |   6.26 |   8.04 |   6.92 |I I 
03:45-Mon-Feb-27-2017 PM10  |   9.45 |  12.29 |  16.37 |  14.38 |I I 
03:45-Mon-Feb-27-2017 PM2.5 |   5.79 |   6.23 |   8.04 |   6.92 |I I 
03:49-Mon-Feb-27-2017 PM10  |  10.54 |  12.21 |  16.37 |  14.38 |I I 
03:49-Mon-Feb-27-2017 PM2.5 |   6.00 |   6.22 |   8.04 |   6.92 |I I 
03:50-Mon-Feb-27-2017 PM10  |  13.85 |  12.28 |  16.37 |  14.38 |I I 
03:50-Mon-Feb-27-2017 PM2.5 |   6.76 |   6.25 |   8.04 |   6.92 |I I 
03:54-Mon-Feb-27-2017 PM10  |  12.72 |  12.30 |  16.37 |  14.38 |I I 
03:54-Mon-Feb-27-2017 PM2.5 |   6.86 |   6.27 |   8.04 |   6.92 |I I 
03:55-Mon-Feb-27-2017 PM10  |  12.34 |  12.30 |  16.37 |  14.38 |I I 
03:55-Mon-Feb-27-2017 PM2.5 |   6.11 |   6.27 |   8.04 |   6.92 |I I 
03:59-Mon-Feb-27-2017 PM10  |  10.39 |  12.23 |  16.37 |  14.38 |I I 
03:59-Mon-Feb-27-2017 PM2.5 |   6.25 |   6.27 |   8.04 |   6.92 |I I 
04:00-Mon-Feb-27-2017 PM10  |  11.67 |  12.21 |  16.37 |  12.21 |I I 
04:00-Mon-Feb-27-2017 PM2.5 |   5.86 |   6.25 |   8.04 |   6.25 |I I 
04:04-Mon-Feb-27-2017 PM10  |  14.42 |  14.42 |  16.37 |  12.21 |I I 
04:04-Mon-Feb-27-2017 PM2.5 |   6.14 |   6.14 |   8.04 |   6.25 |I I 
04:05-Mon-Feb-27-2017 PM10  |  14.42 |  14.42 |  16.37 |  12.21 |I I 
04:05-Mon-Feb-27-2017 PM2.5 |   6.14 |   6.14 |   8.04 |   6.25 |I I 
04:06-Mon-Feb-27-2017 PM10  |  11.48 |  13.44 |  16.37 |  12.21 |I I 
04:06-Mon-Feb-27-2017 PM2.5 |   5.40 |   5.89 |   8.04 |   6.25 |I I 
04:10-Mon-Feb-27-2017 PM10  |  11.30 |  12.90 |  16.37 |  12.21 |I I 
04:10-Mon-Feb-27-2017 PM2.5 |   6.23 |   5.98 |   8.04 |   6.25 |I I 
04:11-Mon-Feb-27-2017 PM10  |  12.37 |  12.80 |  16.37 |  12.21 |I I 
04:11-Mon-Feb-27-2017 PM2.5 |   5.91 |   5.96 |   8.04 |   6.25 |I I 
04:15-Mon-Feb-27-2017 PM10  |  11.44 |  12.57 |  16.37 |  12.21 |I I 
04:15-Mon-Feb-27-2017 PM2.5 |   6.21 |   6.00 |   8.04 |   6.25 |I I 
04:16-Mon-Feb-27-2017 PM10  |  11.88 |  12.47 |  16.37 |  12.21 |I I 
04:16-Mon-Feb-27-2017 PM2.5 |   6.05 |   6.01 |   8.04 |   6.25 |I I 
04:20-Mon-Feb-27-2017 PM10  |  13.00 |  12.54 |  16.37 |  12.21 |I I 
04:20-Mon-Feb-27-2017 PM2.5 |   6.27 |   6.04 |   8.04 |   6.25 |I I 
04:21-Mon-Feb-27-2017 PM10  |  12.68 |  12.55 |  16.37 |  12.21 |I I 
04:21-Mon-Feb-27-2017 PM2.5 |   6.12 |   6.05 |   8.04 |   6.25 |I I 
04:25-Mon-Feb-27-2017 PM10  |  14.12 |  12.71 |  16.37 |  12.21 |I I 
04:25-Mon-Feb-27-2017 PM2.5 |   6.73 |   6.12 |   8.04 |   6.25 |I I 
04:26-Mon-Feb-27-2017 PM10  |  10.50 |  12.51 |  16.37 |  12.21 |I I 
04:26-Mon-Feb-27-2017 PM2.5 |   6.05 |   6.11 |   8.04 |   6.25 |I I 
04:30-Mon-Feb-27-2017 PM10  |  13.11 |  12.56 |  16.37 |  12.21 |I I 
04:30-Mon-Feb-27-2017 PM2.5 |   6.92 |   6.18 |   8.04 |   6.25 |I I 
04:31-Mon-Feb-27-2017 PM10  |  11.25 |  12.46 |  16.37 |  12.21 |I I 
04:31-Mon-Feb-27-2017 PM2.5 |   5.95 |   6.16 |   8.04 |   6.25 |I I 
04:32-Mon-Feb-27-2017 PM10  |  11.25 |  12.37 |  16.37 |  12.21 |I I 
04:32-Mon-Feb-27-2017 PM2.5 |   5.95 |   6.15 |   8.04 |   6.25 |I I 
04:36-Mon-Feb-27-2017 PM10  |  11.81 |  12.33 |  16.37 |  12.21 |I I 
04:36-Mon-Feb-27-2017 PM2.5 |   6.37 |   6.16 |   8.04 |   6.25 |I I 
04:37-Mon-Feb-27-2017 PM10  |  12.83 |  12.36 |  16.37 |  12.21 |I I 
04:37-Mon-Feb-27-2017 PM2.5 |   6.41 |   6.18 |   8.04 |   6.25 |I I 
04:41-Mon-Feb-27-2017 PM10  |  13.65 |  12.44 |  16.37 |  12.21 |I I 
04:41-Mon-Feb-27-2017 PM2.5 |   6.38 |   6.19 |   8.04 |   6.25 |I I 
04:42-Mon-Feb-27-2017 PM10  |  11.93 |  12.41 |  16.37 |  12.21 |I I 
04:42-Mon-Feb-27-2017 PM2.5 |   6.23 |   6.19 |   8.04 |   6.25 |I I 
04:46-Mon-Feb-27-2017 PM10  |  11.14 |  12.35 |  16.37 |  12.21 |I I 
04:46-Mon-Feb-27-2017 PM2.5 |   6.10 |   6.19 |   8.04 |   6.25 |I I 
04:47-Mon-Feb-27-2017 PM10  |  12.39 |  12.35 |  16.37 |  12.21 |I I 
04:47-Mon-Feb-27-2017 PM2.5 |   6.09 |   6.18 |   8.04 |   6.25 |I I 
04:51-Mon-Feb-27-2017 PM10  |  11.39 |  12.30 |  16.37 |  12.21 |I I 
04:51-Mon-Feb-27-2017 PM2.5 |   6.22 |   6.18 |   8.04 |   6.25 |I I 
04:52-Mon-Feb-27-2017 PM10  |  11.14 |  12.25 |  16.37 |  12.21 |I I 
04:52-Mon-Feb-27-2017 PM2.5 |   6.07 |   6.18 |   8.04 |   6.25 |I I 
04:56-Mon-Feb-27-2017 PM10  |  12.63 |  12.27 |  16.37 |  12.21 |I I 
04:56-Mon-Feb-27-2017 PM2.5 |   6.48 |   6.19 |   8.04 |   6.25 |I I 
04:57-Mon-Feb-27-2017 PM10  |  11.81 |  12.25 |  16.37 |  12.21 |I I 
04:57-Mon-Feb-27-2017 PM2.5 |   6.20 |   6.19 |   8.04 |   6.25 |I I 
04:58-Mon-Feb-27-2017 PM10  |  11.81 |  12.23 |  16.37 |  12.21 |I I 
04:58-Mon-Feb-27-2017 PM2.5 |   6.20 |   6.19 |   8.04 |   6.25 |I I 
05:02-Mon-Feb-27-2017 PM10  |  10.92 |  12.18 |  16.37 |  12.18 |I I 
05:02-Mon-Feb-27-2017 PM2.5 |   6.28 |   6.20 |   8.04 |   6.20 |I I 
05:03-Mon-Feb-27-2017 PM10  |   9.97 |   9.97 |  16.37 |  12.18 |I I 
05:03-Mon-Feb-27-2017 PM2.5 |   5.85 |   5.85 |   8.04 |   6.20 |I I 
05:07-Mon-Feb-27-2017 PM10  |  10.73 |  10.35 |  16.37 |  12.18 |I I 
05:07-Mon-Feb-27-2017 PM2.5 |   6.34 |   6.10 |   8.04 |   6.20 |I I 
05:08-Mon-Feb-27-2017 PM10  |  12.92 |  11.20 |  16.37 |  12.18 |I I 
05:08-Mon-Feb-27-2017 PM2.5 |   6.35 |   6.18 |   8.04 |   6.20 |I I 
05:12-Mon-Feb-27-2017 PM10  |  11.30 |  11.23 |  16.37 |  12.18 |I I 
05:12-Mon-Feb-27-2017 PM2.5 |   6.74 |   6.32 |   8.04 |   6.20 |I I 
05:13-Mon-Feb-27-2017 PM10  |   9.79 |  10.94 |  16.37 |  12.18 |I I 
05:13-Mon-Feb-27-2017 PM2.5 |   5.60 |   6.18 |   8.04 |   6.20 |I I 
05:17-Mon-Feb-27-2017 PM10  |  10.32 |  10.84 |  16.37 |  12.18 |I I 
05:17-Mon-Feb-27-2017 PM2.5 |   6.21 |   6.18 |   8.04 |   6.20 |I I 
05:18-Mon-Feb-27-2017 PM10  |  10.26 |  10.76 |  16.37 |  12.18 |I I 
05:18-Mon-Feb-27-2017 PM2.5 |   5.88 |   6.14 |   8.04 |   6.20 |I I 
05:22-Mon-Feb-27-2017 PM10  |  13.10 |  11.05 |  16.37 |  12.18 |I I 
05:22-Mon-Feb-27-2017 PM2.5 |   6.72 |   6.21 |   8.04 |   6.20 |I I 
05:23-Mon-Feb-27-2017 PM10  |  12.80 |  11.24 |  16.37 |  12.18 |I I 
05:23-Mon-Feb-27-2017 PM2.5 |   6.30 |   6.22 |   8.04 |   6.20 |I I 
05:27-Mon-Feb-27-2017 PM10  |  14.46 |  11.57 |  16.37 |  12.18 |I I 
05:27-Mon-Feb-27-2017 PM2.5 |   6.94 |   6.29 |   8.04 |   6.20 |I I 
05:28-Mon-Feb-27-2017 PM10  |  14.46 |  11.83 |  16.37 |  12.18 |I I 
05:28-Mon-Feb-27-2017 PM2.5 |   6.94 |   6.35 |   8.04 |   6.20 |I I 
05:29-Mon-Feb-27-2017 PM10  |  13.48 |  11.97 |  16.37 |  12.18 |I I 
05:29-Mon-Feb-27-2017 PM2.5 |   6.65 |   6.38 |   8.04 |   6.20 |I I 
05:34-Mon-Feb-27-2017 PM10  |  13.99 |  12.12 |  16.37 |  12.18 |I I 
05:34-Mon-Feb-27-2017 PM2.5 |   7.28 |   6.45 |   8.04 |   6.20 |I I 
05:35-Mon-Feb-27-2017 PM10  |  12.70 |  12.16 |  16.37 |  12.18 |I I 
05:35-Mon-Feb-27-2017 PM2.5 |   6.40 |   6.44 |   8.04 |   6.20 |I I 
05:39-Mon-Feb-27-2017 PM10  |  14.40 |  12.31 |  16.37 |  12.18 |I I 
05:39-Mon-Feb-27-2017 PM2.5 |   7.15 |   6.49 |   8.04 |   6.20 |I I 
05:40-Mon-Feb-27-2017 PM10  |  13.46 |  12.38 |  16.37 |  12.18 |I I 
05:40-Mon-Feb-27-2017 PM2.5 |   6.62 |   6.50 |   8.04 |   6.20 |I I 
05:44-Mon-Feb-27-2017 PM10  |  13.93 |  12.48 |  16.37 |  12.18 |I I 
05:44-Mon-Feb-27-2017 PM2.5 |   6.76 |   6.51 |   8.04 |   6.20 |I I 
05:45-Mon-Feb-27-2017 PM10  |  14.04 |  12.56 |  16.37 |  12.18 |I I 
05:45-Mon-Feb-27-2017 PM2.5 |   6.52 |   6.51 |   8.04 |   6.20 |I I 
05:49-Mon-Feb-27-2017 PM10  |  14.07 |  12.64 |  16.37 |  12.18 |I I 
05:49-Mon-Feb-27-2017 PM2.5 |   6.91 |   6.53 |   8.04 |   6.20 |I I 
05:50-Mon-Feb-27-2017 PM10  |  13.52 |  12.69 |  16.37 |  12.18 |I I 
05:50-Mon-Feb-27-2017 PM2.5 |   6.43 |   6.53 |   8.04 |   6.20 |I I 
05:54-Mon-Feb-27-2017 PM10  |  13.87 |  12.74 |  16.37 |  12.18 |I I 
05:54-Mon-Feb-27-2017 PM2.5 |   6.62 |   6.53 |   8.04 |   6.20 |I I 
05:55-Mon-Feb-27-2017 PM10  |  12.99 |  12.75 |  16.37 |  12.18 |I I 
05:55-Mon-Feb-27-2017 PM2.5 |   6.54 |   6.53 |   8.04 |   6.20 |I I 
05:59-Mon-Feb-27-2017 PM10  |  13.91 |  12.80 |  16.37 |  12.18 |I I 
05:59-Mon-Feb-27-2017 PM2.5 |   6.62 |   6.54 |   8.04 |   6.20 |I I 
06:00-Mon-Feb-27-2017 PM10  |  10.39 |  12.70 |  16.37 |  12.18 |I I 
06:00-Mon-Feb-27-2017 PM2.5 |   5.54 |   6.50 |   8.04 |   6.20 |I I 
06:01-Mon-Feb-27-2017 PM10  |  10.39 |  10.39 |  16.37 |  12.18 |I I 
06:01-Mon-Feb-27-2017 PM2.5 |   5.54 |   5.54 |   8.04 |   6.20 |I I 
06:05-Mon-Feb-27-2017 PM10  |  11.91 |  11.15 |  16.37 |  12.18 |I I 
06:05-Mon-Feb-27-2017 PM2.5 |   6.04 |   5.79 |   8.04 |   6.20 |I I 
06:06-Mon-Feb-27-2017 PM10  |  11.24 |  11.18 |  16.37 |  12.18 |I I 
06:06-Mon-Feb-27-2017 PM2.5 |   6.00 |   5.86 |   8.04 |   6.20 |I I 
06:10-Mon-Feb-27-2017 PM10  |  11.53 |  11.27 |  16.37 |  12.18 |I I 
06:10-Mon-Feb-27-2017 PM2.5 |   5.68 |   5.81 |   8.04 |   6.20 |I I 
06:11-Mon-Feb-27-2017 PM10  |  10.01 |  11.02 |  16.37 |  12.18 |I I 
06:11-Mon-Feb-27-2017 PM2.5 |   6.09 |   5.87 |   8.04 |   6.20 |I I 
06:15-Mon-Feb-27-2017 PM10  |  11.49 |  11.09 |  16.37 |  12.18 |I I 
06:15-Mon-Feb-27-2017 PM2.5 |   6.40 |   5.96 |   8.04 |   6.20 |I I 
06:16-Mon-Feb-27-2017 PM10  |  13.92 |  11.50 |  16.37 |  12.18 |I I 
06:16-Mon-Feb-27-2017 PM2.5 |   5.89 |   5.95 |   8.04 |   6.20 |I I 
06:20-Mon-Feb-27-2017 PM10  |  13.52 |  11.75 |  16.37 |  12.18 |I I 
06:20-Mon-Feb-27-2017 PM2.5 |   6.27 |   5.99 |   8.04 |   6.20 |I I 
06:21-Mon-Feb-27-2017 PM10  |  13.31 |  11.92 |  16.37 |  12.18 |I B 
06:21-Mon-Feb-27-2017 PM2.5 |   6.37 |   6.03 |   8.04 |   6.20 |I B 
06:25-Mon-Feb-27-2017recover dati per host :92.223.147.77/nodered
06:25-Mon-Feb-27-2017 PM10  |  13.44 |  12.08 |  16.37 |  12.18 |I I 
06:25-Mon-Feb-27-2017 PM2.5 |   6.40 |   6.07 |   8.04 |   6.20 |I I 
06:26-Mon-Feb-27-2017Timeout Event handler
06:26-Mon-Feb-27-2017 PM10  |  13.34 |  12.19 |  16.37 |  12.18 |B B 
06:26-Mon-Feb-27-2017 PM2.5 |   6.01 |   6.06 |   8.04 |   6.20 |B B 
06:30-Mon-Feb-27-2017recover dati per host :salvatorehost.no-ip.org/aria
06:30-Mon-Feb-27-2017recover dati per host :92.223.147.77/nodered
06:30-Mon-Feb-27-2017 PM10  |  11.95 |  12.17 |  16.37 |  12.18 |I I 
06:30-Mon-Feb-27-2017 PM2.5 |   6.36 |   6.09 |   8.04 |   6.20 |I I 
06:31-Mon-Feb-27-2017 PM10  |  14.88 |  12.38 |  16.37 |  12.18 |I I 
06:31-Mon-Feb-27-2017 PM2.5 |   6.15 |   6.09 |   8.04 |   6.20 |I I 
06:32-Mon-Feb-27-2017 PM10  |  14.88 |  12.56 |  16.37 |  12.18 |I I 
06:32-Mon-Feb-27-2017 PM2.5 |   6.15 |   6.10 |   8.04 |   6.20 |I I 
06:36-Mon-Feb-27-2017 PM10  |  13.73 |  12.64 |  16.37 |  12.18 |I I 
06:36-Mon-Feb-27-2017 PM2.5 |   6.69 |   6.14 |   8.04 |   6.20 |I I 
06:37-Mon-Feb-27-2017 PM10  |  11.18 |  12.54 |  16.37 |  12.18 |I I 
06:37-Mon-Feb-27-2017 PM2.5 |   6.21 |   6.14 |   8.04 |   6.20 |I I 
06:41-Mon-Feb-27-2017 PM10  |  14.28 |  12.65 |  16.37 |  12.18 |I I 
06:41-Mon-Feb-27-2017 PM2.5 |   7.43 |   6.22 |   8.04 |   6.20 |I I 
06:42-Mon-Feb-27-2017 PM10  |  14.35 |  12.74 |  16.37 |  12.18 |I I 
06:42-Mon-Feb-27-2017 PM2.5 |   6.70 |   6.24 |   8.04 |   6.20 |I I 
06:46-Mon-Feb-27-2017 PM10  |  13.09 |  12.76 |  16.37 |  12.18 |I I 
06:46-Mon-Feb-27-2017 PM2.5 |   6.79 |   6.27 |   8.04 |   6.20 |I I 
06:47-Mon-Feb-27-2017 PM10  |  14.22 |  12.83 |  16.37 |  12.18 |I I 
06:47-Mon-Feb-27-2017 PM2.5 |   6.62 |   6.29 |   8.04 |   6.20 |I I 
06:51-Mon-Feb-27-2017 PM10  |  14.03 |  12.89 |  16.37 |  12.18 |I I 
06:51-Mon-Feb-27-2017 PM2.5 |   7.36 |   6.34 |   8.04 |   6.20 |I I 
06:52-Mon-Feb-27-2017 PM10  |  11.33 |  12.82 |  16.37 |  12.18 |I I 
06:52-Mon-Feb-27-2017 PM2.5 |   6.30 |   6.34 |   8.04 |   6.20 |I I 
06:56-Mon-Feb-27-2017Timeout Event handler
06:56-Mon-Feb-27-2017 PM10  |  13.55 |  12.85 |  16.37 |  12.18 |B I 
06:56-Mon-Feb-27-2017 PM2.5 |   6.50 |   6.35 |   8.04 |   6.20 |B I 
06:58-Mon-Feb-27-2017Timeout Event handler
06:58-Mon-Feb-27-2017 PM10  |  14.41 |  12.91 |  16.37 |  12.18 |B B 
06:58-Mon-Feb-27-2017 PM2.5 |   7.04 |   6.37 |   8.04 |   6.20 |B B 
07:02-Mon-Feb-27-2017recover dati per host :salvatorehost.no-ip.org/aria
07:02-Mon-Feb-27-2017recover dati per host :92.223.147.77/nodered
07:02-Mon-Feb-27-2017 PM10  |  13.65 |  12.94 |  16.37 |  12.18 |I I 
07:02-Mon-Feb-27-2017 PM2.5 |   7.33 |   6.41 |   8.04 |   6.20 |I I 
07:03-Mon-Feb-27-2017 PM10  |  12.79 |  12.79 |  16.37 |  12.18 |I I 
07:03-Mon-Feb-27-2017 PM2.5 |   6.57 |   6.57 |   8.04 |   6.20 |I I 
07:04-Mon-Feb-27-2017 PM10  |  12.79 |  12.79 |  16.37 |  12.18 |I I 
07:04-Mon-Feb-27-2017 PM2.5 |   6.57 |   6.57 |   8.04 |   6.20 |I I 
07:08-Mon-Feb-27-2017 PM10  |  11.90 |  12.49 |  16.37 |  12.18 |I I 
07:08-Mon-Feb-27-2017 PM2.5 |   6.73 |   6.62 |   8.04 |   6.20 |I I 
07:09-Mon-Feb-27-2017 PM10  |  13.55 |  12.76 |  16.37 |  12.18 |I I 
07:09-Mon-Feb-27-2017 PM2.5 |   6.61 |   6.62 |   8.04 |   6.20 |I I 
07:13-Mon-Feb-27-2017 PM10  |  16.69 |  13.54 |  16.37 |  12.18 |I I 
07:13-Mon-Feb-27-2017 PM2.5 |   7.05 |   6.71 |   8.04 |   6.20 |I I 
07:14-Mon-Feb-27-2017 PM10  |  16.17 |  13.98 |  16.37 |  12.18 |I I 
07:14-Mon-Feb-27-2017 PM2.5 |   7.16 |   6.78 |   8.04 |   6.20 |I I 
07:18-Mon-Feb-27-2017 PM10  |  15.60 |  14.21 |  16.37 |  12.18 |I I 
07:18-Mon-Feb-27-2017 PM2.5 |   7.83 |   6.93 |   8.04 |   6.20 |I I 
07:19-Mon-Feb-27-2017 PM10  |  14.06 |  14.19 |  16.37 |  12.18 |I I 
07:19-Mon-Feb-27-2017 PM2.5 |   6.80 |   6.91 |   8.04 |   6.20 |I I 
07:23-Mon-Feb-27-2017 PM10  |  16.29 |  14.43 |  16.37 |  12.18 |I I 
07:23-Mon-Feb-27-2017 PM2.5 |   7.39 |   6.97 |   8.04 |   6.20 |I I 
07:24-Mon-Feb-27-2017 PM10  |  12.32 |  14.22 |  16.37 |  12.18 |I I 
07:24-Mon-Feb-27-2017 PM2.5 |   6.08 |   6.88 |   8.04 |   6.20 |I I 
07:28-Mon-Feb-27-2017 PM10  |  14.30 |  14.22 |  16.37 |  12.18 |I I 
07:28-Mon-Feb-27-2017 PM2.5 |   6.91 |   6.88 |   8.04 |   6.20 |I I 
07:29-Mon-Feb-27-2017 PM10  |  17.58 |  14.50 |  16.37 |  12.18 |I I 
07:29-Mon-Feb-27-2017 PM2.5 |   6.96 |   6.89 |   8.04 |   6.20 |I I 
07:30-Mon-Feb-27-2017 PM10  |  17.58 |  14.74 |  16.37 |  12.18 |I I 
07:30-Mon-Feb-27-2017 PM2.5 |   6.96 |   6.89 |   8.04 |   6.20 |I I 
07:34-Mon-Feb-27-2017 PM10  |  15.64 |  14.80 |  16.37 |  12.18 |I I 
07:34-Mon-Feb-27-2017 PM2.5 |   7.63 |   6.94 |   8.04 |   6.20 |I I 
07:35-Mon-Feb-27-2017 PM10  |  14.24 |  14.77 |  16.37 |  12.18 |I I 
07:35-Mon-Feb-27-2017 PM2.5 |   7.23 |   6.96 |   8.04 |   6.20 |I I 
07:39-Mon-Feb-27-2017 PM10  |  15.32 |  14.80 |  16.37 |  12.18 |I I 
07:39-Mon-Feb-27-2017 PM2.5 |   7.89 |   7.02 |   8.04 |   6.20 |I I 
07:40-Mon-Feb-27-2017 PM10  |  15.76 |  14.86 |  16.37 |  12.18 |I I 
07:40-Mon-Feb-27-2017 PM2.5 |   8.01 |   7.08 |   8.04 |   6.20 |I I 
07:44-Mon-Feb-27-2017 PM10  |  15.15 |  14.87 |  16.37 |  12.18 |I I 
07:44-Mon-Feb-27-2017 PM2.5 |   7.92 |   7.13 |   8.04 |   6.20 |I I 
07:45-Mon-Feb-27-2017 PM10  |  12.61 |  14.75 |  16.37 |  12.18 |I I 
07:45-Mon-Feb-27-2017 PM2.5 |   6.75 |   7.11 |   8.04 |   6.20 |I I 
07:49-Mon-Feb-27-2017 PM10  |  18.27 |  14.93 |  16.37 |  12.18 |I I 
07:49-Mon-Feb-27-2017 PM2.5 |   7.89 |   7.14 |   8.04 |   6.20 |I I 
07:50-Mon-Feb-27-2017 PM10  |  15.34 |  14.95 |  16.37 |  12.18 |I I 
07:50-Mon-Feb-27-2017 PM2.5 |   7.44 |   7.16 |   8.04 |   6.20 |I I 
07:54-Mon-Feb-27-2017 PM10  |  16.78 |  15.03 |  16.37 |  12.18 |I I 
07:54-Mon-Feb-27-2017 PM2.5 |   7.65 |   7.18 |   8.04 |   6.20 |I I 
07:55-Mon-Feb-27-2017 PM10  |  14.91 |  15.03 |  16.37 |  12.18 |I I 
07:55-Mon-Feb-27-2017 PM2.5 |   7.08 |   7.18 |   8.04 |   6.20 |I I 
07:59-Mon-Feb-27-2017 PM10  |  15.44 |  15.05 |  16.37 |  12.18 |I I 
07:59-Mon-Feb-27-2017 PM2.5 |   7.47 |   7.19 |   8.04 |   6.20 |I I 
08:00-Mon-Feb-27-2017 PM10  |  15.44 |  15.06 |  16.37 |  12.18 |I I 
08:00-Mon-Feb-27-2017 PM2.5 |   7.47 |   7.20 |   8.04 |   6.20 |I I 
08:01-Mon-Feb-27-2017 PM10  |  13.48 |  13.48 |  16.37 |  12.18 |I I 
08:01-Mon-Feb-27-2017 PM2.5 |   7.14 |   7.14 |   8.04 |   6.20 |I I 
08:05-Mon-Feb-27-2017 PM10  |  17.19 |  15.33 |  16.37 |  12.18 |I I 
08:05-Mon-Feb-27-2017 PM2.5 |   7.75 |   7.44 |   8.04 |   6.20 |I I 
08:06-Mon-Feb-27-2017 PM10  |  12.57 |  14.41 |  16.37 |  12.18 |I I 
08:06-Mon-Feb-27-2017 PM2.5 |   6.83 |   7.24 |   8.04 |   6.20 |I I 
08:10-Mon-Feb-27-2017 PM10  |  16.13 |  14.84 |  16.37 |  12.18 |I I 
08:10-Mon-Feb-27-2017 PM2.5 |   7.74 |   7.36 |   8.04 |   6.20 |I I 
08:11-Mon-Feb-27-2017 PM10  |  17.02 |  15.28 |  16.37 |  12.18 |I I 
08:11-Mon-Feb-27-2017 PM2.5 |   7.67 |   7.43 |   8.04 |   6.20 |I I 
08:15-Mon-Feb-27-2017 PM10  |  19.03 |  15.90 |  16.37 |  12.18 |I I 
08:15-Mon-Feb-27-2017 PM2.5 |   8.21 |   7.56 |   8.04 |   6.20 |I I 
08:16-Mon-Feb-27-2017 PM10  |  16.35 |  15.97 |  16.37 |  12.18 |I I 
08:16-Mon-Feb-27-2017 PM2.5 |   7.82 |   7.59 |   8.04 |   6.20 |I I 
08:20-Mon-Feb-27-2017 PM10  |  15.40 |  15.89 |  16.37 |  12.18 |I I 
08:20-Mon-Feb-27-2017 PM2.5 |   7.85 |   7.63 |   8.04 |   6.20 |I I 
08:21-Mon-Feb-27-2017 PM10  |  20.35 |  16.39 |  16.37 |  12.18 |I I 
08:21-Mon-Feb-27-2017 PM2.5 |   8.43 |   7.72 |   8.04 |   6.20 |I I 
08:25-Mon-Feb-27-2017 PM10  |  19.31 |  16.68 |  16.37 |  12.18 |I I 
08:25-Mon-Feb-27-2017 PM2.5 |   9.22 |   7.87 |   8.04 |   6.20 |I I 
08:26-Mon-Feb-27-2017 PM10  |  18.25 |  16.82 |  16.37 |  12.18 |I I 
08:26-Mon-Feb-27-2017 PM2.5 |   9.14 |   7.98 |   8.04 |   6.20 |I I 
08:27-Mon-Feb-27-2017 PM10  |  18.25 |  16.94 |  16.37 |  12.18 |I I 
08:27-Mon-Feb-27-2017 PM2.5 |   9.14 |   8.08 |   8.04 |   6.20 |I I 
08:31-Mon-Feb-27-2017 PM10  |  20.57 |  17.22 |  16.37 |  12.18 |I I 
08:31-Mon-Feb-27-2017 PM2.5 |  10.13 |   8.24 |   8.04 |   6.20 |I I 
08:32-Mon-Feb-27-2017 PM10  |  20.82 |  17.48 |  16.37 |  12.18 |I I 
08:32-Mon-Feb-27-2017 PM2.5 |   8.57 |   8.26 |   8.04 |   6.20 |I I 
08:36-Mon-Feb-27-2017 PM10  |  19.23 |  17.60 |  16.37 |  12.18 |I I 
08:36-Mon-Feb-27-2017 PM2.5 |   9.17 |   8.32 |   8.04 |   6.20 |I I 
08:37-Mon-Feb-27-2017 PM10  |  17.66 |  17.60 |  16.37 |  12.18 |I I 
08:37-Mon-Feb-27-2017 PM2.5 |   8.82 |   8.35 |   8.04 |   6.20 |I I 
08:41-Mon-Feb-27-2017 PM10  |  19.61 |  17.72 |  16.37 |  12.18 |I I 
08:41-Mon-Feb-27-2017 PM2.5 |  10.23 |   8.46 |   8.04 |   6.20 |I I 
08:42-Mon-Feb-27-2017 PM10  |  22.28 |  17.97 |  16.37 |  12.18 |I I 
08:42-Mon-Feb-27-2017 PM2.5 |   9.78 |   8.54 |   8.04 |   6.20 |I I 
08:46-Mon-Feb-27-2017 PM10  |  21.04 |  18.13 |  16.37 |  12.18 |I I 
08:46-Mon-Feb-27-2017 PM2.5 |  10.30 |   8.63 |   8.04 |   6.20 |I I 
08:47-Mon-Feb-27-2017 PM10  |  24.26 |  18.44 |  16.37 |  12.18 |I I 
08:47-Mon-Feb-27-2017 PM2.5 |   9.66 |   8.68 |   8.04 |   6.20 |I I 
08:51-Mon-Feb-27-2017 PM10  |  21.05 |  18.56 |  16.37 |  12.18 |I I 
08:51-Mon-Feb-27-2017 PM2.5 |   9.82 |   8.73 |   8.04 |   6.20 |I I 
08:52-Mon-Feb-27-2017 PM10  |  18.85 |  18.58 |  16.37 |  12.18 |I I 
08:52-Mon-Feb-27-2017 PM2.5 |   9.62 |   8.77 |   8.04 |   6.20 |I I 
08:53-Mon-Feb-27-2017 PM10  |  18.85 |  18.59 |  16.37 |  12.18 |I I 
08:53-Mon-Feb-27-2017 PM2.5 |   9.62 |   8.81 |   8.04 |   6.20 |I I 
08:57-Mon-Feb-27-2017 PM10  |  18.59 |  18.59 |  16.37 |  12.18 |I I 
08:57-Mon-Feb-27-2017 PM2.5 |   9.41 |   8.84 |   8.04 |   6.20 |I I 
08:58-Mon-Feb-27-2017 PM10  |  19.06 |  18.61 |  16.37 |  12.18 |I I 
08:58-Mon-Feb-27-2017 PM2.5 |   9.27 |   8.85 |   8.04 |   6.20 |I I 
09:02-Mon-Feb-27-2017 PM10  |  19.59 |  18.65 |  18.65 |  12.18 |I I 
09:02-Mon-Feb-27-2017 PM2.5 |   9.73 |   8.89 |   8.89 |   6.20 |I I 
09:03-Mon-Feb-27-2017 PM10  |  16.45 |  16.45 |  18.65 |  12.18 |I I 
09:03-Mon-Feb-27-2017 PM2.5 |   9.50 |   9.50 |   8.89 |   6.20 |I I 
09:07-Mon-Feb-27-2017 PM10  |  20.78 |  18.61 |  18.65 |  12.18 |I I 
09:07-Mon-Feb-27-2017 PM2.5 |   9.84 |   9.67 |   8.89 |   6.20 |I I 
09:08-Mon-Feb-27-2017 PM10  |  23.65 |  20.29 |  18.65 |  12.18 |I I 
09:08-Mon-Feb-27-2017 PM2.5 |  10.08 |   9.81 |   8.89 |   6.20 |I I 
09:12-Mon-Feb-27-2017 PM10  |  21.96 |  20.71 |  18.65 |  12.18 |I I 
09:12-Mon-Feb-27-2017 PM2.5 |  10.58 |  10.00 |   8.89 |   6.20 |I I 
09:13-Mon-Feb-27-2017 PM10  |  19.71 |  20.51 |  18.65 |  12.18 |I I 
09:13-Mon-Feb-27-2017 PM2.5 |   9.94 |   9.99 |   8.89 |   6.20 |I I 
09:17-Mon-Feb-27-2017 PM10  |  20.69 |  20.54 |  18.65 |  12.18 |I I 
09:17-Mon-Feb-27-2017 PM2.5 |  10.54 |  10.08 |   8.89 |   6.20 |I I 
09:18-Mon-Feb-27-2017 PM10  |  21.23 |  20.64 |  18.65 |  12.18 |I I 
09:18-Mon-Feb-27-2017 PM2.5 |  10.20 |  10.10 |   8.89 |   6.20 |I I 
09:19-Mon-Feb-27-2017 PM10  |  21.23 |  20.71 |  18.65 |  12.18 |I I 
09:19-Mon-Feb-27-2017 PM2.5 |  10.20 |  10.11 |   8.89 |   6.20 |I I 
09:23-Mon-Feb-27-2017 PM10  |  20.79 |  20.72 |  18.65 |  12.18 |I I 
09:23-Mon-Feb-27-2017 PM2.5 |  11.01 |  10.21 |   8.89 |   6.20 |I I 
09:24-Mon-Feb-27-2017 PM10  |  22.74 |  20.92 |  18.65 |  12.18 |I I 
09:24-Mon-Feb-27-2017 PM2.5 |  11.11 |  10.30 |   8.89 |   6.20 |I I 
09:28-Mon-Feb-27-2017 PM10  |  21.02 |  20.93 |  18.65 |  12.18 |I I 
09:28-Mon-Feb-27-2017 PM2.5 |  11.98 |  10.45 |   8.89 |   6.20 |I I 
09:29-Mon-Feb-27-2017 PM10  |  20.11 |  20.86 |  18.65 |  12.18 |I I 
09:29-Mon-Feb-27-2017 PM2.5 |  11.11 |  10.51 |   8.89 |   6.20 |I I 
09:33-Mon-Feb-27-2017 PM10  |  21.39 |  20.90 |  18.65 |  12.18 |I I 
09:33-Mon-Feb-27-2017 PM2.5 |  11.85 |  10.61 |   8.89 |   6.20 |I I 
09:34-Mon-Feb-27-2017 PM10  |  21.43 |  20.94 |  18.65 |  12.18 |I I 
09:34-Mon-Feb-27-2017 PM2.5 |  11.30 |  10.66 |   8.89 |   6.20 |I I 
09:39-Mon-Feb-27-2017 PM10  |  20.90 |  20.94 |  18.65 |  12.18 |I I 
09:39-Mon-Feb-27-2017 PM2.5 |  11.53 |  10.72 |   8.89 |   6.20 |I I 
09:40-Mon-Feb-27-2017 PM10  |  24.03 |  21.13 |  18.65 |  12.18 |I I 
09:40-Mon-Feb-27-2017 PM2.5 |  11.78 |  10.78 |   8.89 |   6.20 |I I 
09:44-Mon-Feb-27-2017 PM10  |  24.07 |  21.30 |  18.65 |  12.18 |I I 
09:44-Mon-Feb-27-2017 PM2.5 |  12.46 |  10.88 |   8.89 |   6.20 |I I 
09:45-Mon-Feb-27-2017 PM10  |  24.32 |  21.47 |  18.65 |  12.18 |I I 
09:45-Mon-Feb-27-2017 PM2.5 |  11.44 |  10.91 |   8.89 |   6.20 |I I 
09:49-Mon-Feb-27-2017 PM10  |  24.42 |  21.63 |  18.65 |  12.18 |I I 
09:49-Mon-Feb-27-2017 PM2.5 |  12.62 |  11.00 |   8.89 |   6.20 |I I 
09:50-Mon-Feb-27-2017 PM10  |  24.42 |  21.77 |  18.65 |  12.18 |I I 
09:50-Mon-Feb-27-2017 PM2.5 |  12.62 |  11.08 |   8.89 |   6.20 |I I 
09:51-Mon-Feb-27-2017 PM10  |  26.15 |  21.98 |  18.65 |  12.18 |I I 
09:51-Mon-Feb-27-2017 PM2.5 |  11.94 |  11.12 |   8.89 |   6.20 |I I 
09:55-Mon-Feb-27-2017 PM10  |  25.95 |  22.16 |  18.65 |  12.18 |I I 
09:55-Mon-Feb-27-2017 PM2.5 |  12.74 |  11.20 |   8.89 |   6.20 |I I 
09:56-Mon-Feb-27-2017 PM10  |  25.57 |  22.31 |  18.65 |  12.18 |I I 
09:56-Mon-Feb-27-2017 PM2.5 |  12.54 |  11.26 |   8.89 |   6.20 |I I 
10:00-Mon-Feb-27-2017 PM10  |  26.64 |  22.49 |  22.49 |  12.18 |I I 
10:00-Mon-Feb-27-2017 PM2.5 |  12.92 |  11.33 |  11.33 |   6.20 |I I 
10:01-Mon-Feb-27-2017 PM10  |  25.20 |  25.20 |  22.49 |  12.18 |I I 
10:01-Mon-Feb-27-2017 PM2.5 |  12.09 |  12.09 |  11.33 |   6.20 |I I 
10:05-Mon-Feb-27-2017 PM10  |  25.93 |  25.56 |  22.49 |  12.18 |I I 
10:05-Mon-Feb-27-2017 PM2.5 |  12.60 |  12.34 |  11.33 |   6.20 |I I 
10:06-Mon-Feb-27-2017 PM10  |  25.66 |  25.60 |  22.49 |  12.18 |I I 
10:06-Mon-Feb-27-2017 PM2.5 |  11.96 |  12.22 |  11.33 |   6.20 |I I 
10:10-Mon-Feb-27-2017 PM10  |  24.25 |  25.26 |  22.49 |  12.18 |I I 
10:10-Mon-Feb-27-2017 PM2.5 |  12.97 |  12.41 |  11.33 |   6.20 |I I 
10:11-Mon-Feb-27-2017 PM10  |  24.03 |  25.01 |  22.49 |  12.18 |I I 
10:11-Mon-Feb-27-2017 PM2.5 |  12.11 |  12.35 |  11.33 |   6.20 |I I 
10:15-Mon-Feb-27-2017 PM10  |  25.52 |  25.10 |  22.49 |  12.18 |I I 
10:15-Mon-Feb-27-2017 PM2.5 |  12.35 |  12.35 |  11.33 |   6.20 |I I 
10:16-Mon-Feb-27-2017 PM10  |  25.52 |  25.16 |  22.49 |  12.18 |I I 
10:16-Mon-Feb-27-2017 PM2.5 |  12.35 |  12.35 |  11.33 |   6.20 |I I 
10:17-Mon-Feb-27-2017 PM10  |  25.49 |  25.20 |  22.49 |  12.18 |I I 
10:17-Mon-Feb-27-2017 PM2.5 |  12.31 |  12.34 |  11.33 |   6.20 |I I 
10:21-Mon-Feb-27-2017 PM10  |  28.76 |  25.59 |  22.49 |  12.18 |I I 
10:21-Mon-Feb-27-2017 PM2.5 |  13.69 |  12.49 |  11.33 |   6.20 |I I 
10:22-Mon-Feb-27-2017 PM10  |  42.03 |  27.24 |  22.49 |  12.18 |I I 
10:22-Mon-Feb-27-2017 PM2.5 |  14.43 |  12.69 |  11.33 |   6.20 |I I 
10:26-Mon-Feb-27-2017 PM10  |  29.64 |  27.46 |  22.49 |  12.18 |B B 
10:26-Mon-Feb-27-2017 PM2.5 |  13.68 |  12.78 |  11.33 |   6.20 |B B 
10:27-Mon-Feb-27-2017recover dati per host :salvatorehost.no-ip.org/aria
10:27-Mon-Feb-27-2017recover dati per host :92.223.147.77/nodered
10:27-Mon-Feb-27-2017 PM10  |  34.16 |  28.02 |  22.49 |  12.18 |I I 
10:27-Mon-Feb-27-2017 PM2.5 |  14.08 |  12.89 |  11.33 |   6.20 |I I 
10:31-Mon-Feb-27-2017 PM10  |  29.00 |  28.09 |  22.49 |  12.18 |I I 
10:31-Mon-Feb-27-2017 PM2.5 |  14.15 |  12.98 |  11.33 |   6.20 |I I 
10:32-Mon-Feb-27-2017 PM10  |  28.96 |  28.15 |  22.49 |  12.18 |I I 
10:32-Mon-Feb-27-2017 PM2.5 |  13.79 |  13.04 |  11.33 |   6.20 |I I 
10:36-Mon-Feb-27-2017 PM10  |  26.25 |  28.03 |  22.49 |  12.18 |I I 
10:36-Mon-Feb-27-2017 PM2.5 |  14.12 |  13.11 |  11.33 |   6.20 |I I 
10:37-Mon-Feb-27-2017 PM10  |  28.79 |  28.07 |  22.49 |  12.18 |I I 
10:37-Mon-Feb-27-2017 PM2.5 |  13.63 |  13.14 |  11.33 |   6.20 |I I 
10:41-Mon-Feb-27-2017 PM10  |  25.63 |  27.93 |  22.49 |  12.18 |I I 
10:41-Mon-Feb-27-2017 PM2.5 |  13.85 |  13.19 |  11.33 |   6.20 |I I 
10:42-Mon-Feb-27-2017 PM10  |  30.80 |  28.09 |  22.49 |  12.18 |I I 
10:42-Mon-Feb-27-2017 PM2.5 |  13.81 |  13.22 |  11.33 |   6.20 |I I 
10:43-Mon-Feb-27-2017 PM10  |  30.80 |  28.23 |  22.49 |  12.18 |I I 
10:43-Mon-Feb-27-2017 PM2.5 |  13.81 |  13.25 |  11.33 |   6.20 |I I 
10:47-Mon-Feb-27-2017 PM10  |  25.74 |  28.11 |  22.49 |  12.18 |I I 
10:47-Mon-Feb-27-2017 PM2.5 |  14.09 |  13.29 |  11.33 |   6.20 |I I 
10:48-Mon-Feb-27-2017 PM10  |  26.15 |  28.01 |  22.49 |  12.18 |I I 
10:48-Mon-Feb-27-2017 PM2.5 |  13.53 |  13.30 |  11.33 |   6.20 |I I 
10:52-Mon-Feb-27-2017 PM10  |  29.40 |  28.08 |  22.49 |  12.18 |I I 
10:52-Mon-Feb-27-2017 PM2.5 |  14.34 |  13.35 |  11.33 |   6.20 |I I 
10:53-Mon-Feb-27-2017 PM10  |  24.82 |  27.94 |  22.49 |  12.18 |I I 
10:53-Mon-Feb-27-2017 PM2.5 |  13.34 |  13.35 |  11.33 |   6.20 |I I 
10:57-Mon-Feb-27-2017 PM10  |  30.68 |  28.05 |  22.49 |  12.18 |I I 
10:57-Mon-Feb-27-2017 PM2.5 |  14.46 |  13.40 |  11.33 |   6.20 |I I 
10:58-Mon-Feb-27-2017 PM10  |  27.75 |  28.04 |  22.49 |  12.18 |I I 
10:58-Mon-Feb-27-2017 PM2.5 |  13.59 |  13.40 |  11.33 |   6.20 |I I 
11:02-Mon-Feb-27-2017 PM10  |  26.61 |  27.98 |  27.98 |  12.18 |I I 
11:02-Mon-Feb-27-2017 PM2.5 |  13.71 |  13.42 |  13.42 |   6.20 |I I 
11:03-Mon-Feb-27-2017 PM10  |  23.28 |  23.28 |  27.98 |  12.18 |I I 
11:03-Mon-Feb-27-2017 PM2.5 |  12.02 |  12.02 |  13.42 |   6.20 |I I 
11:07-Mon-Feb-27-2017 PM10  |  26.58 |  24.93 |  27.98 |  12.18 |I I 
11:07-Mon-Feb-27-2017 PM2.5 |  14.07 |  13.05 |  13.42 |   6.20 |I I 
11:08-Mon-Feb-27-2017 PM10  |  25.30 |  25.05 |  27.98 |  12.18 |I I 
11:08-Mon-Feb-27-2017 PM2.5 |  12.68 |  12.92 |  13.42 |   6.20 |I I 
11:09-Mon-Feb-27-2017 PM10  |  25.30 |  25.11 |  27.98 |  12.18 |I I 
11:09-Mon-Feb-27-2017 PM2.5 |  12.68 |  12.86 |  13.42 |   6.20 |I I 
11:13-Mon-Feb-27-2017 PM10  |  25.73 |  25.24 |  27.98 |  12.18 |I I 
11:13-Mon-Feb-27-2017 PM2.5 |  12.92 |  12.88 |  13.42 |   6.20 |I I 
11:14-Mon-Feb-27-2017 PM10  |  26.45 |  25.44 |  27.98 |  12.18 |I I 
11:14-Mon-Feb-27-2017 PM2.5 |  13.31 |  12.95 |  13.42 |   6.20 |I I 
11:18-Mon-Feb-27-2017 PM10  |  26.58 |  25.60 |  27.98 |  12.18 |I I 
11:18-Mon-Feb-27-2017 PM2.5 |  14.47 |  13.16 |  13.42 |   6.20 |I I 
11:19-Mon-Feb-27-2017 PM10  |  28.37 |  25.95 |  27.98 |  12.18 |I I 
11:19-Mon-Feb-27-2017 PM2.5 |  13.81 |  13.25 |  13.42 |   6.20 |I I 
11:23-Mon-Feb-27-2017 PM10  |  27.28 |  26.10 |  27.98 |  12.18 |I I 
11:23-Mon-Feb-27-2017 PM2.5 |  14.06 |  13.34 |  13.42 |   6.20 |I I 
11:24-Mon-Feb-27-2017 PM10  |  28.72 |  26.36 |  27.98 |  12.18 |I I 
11:24-Mon-Feb-27-2017 PM2.5 |  14.35 |  13.44 |  13.42 |   6.20 |I I 
11:28-Mon-Feb-27-2017 PM10  |  26.31 |  26.36 |  27.98 |  12.18 |I I 
11:28-Mon-Feb-27-2017 PM2.5 |  15.00 |  13.58 |  13.42 |   6.20 |I I 
11:29-Mon-Feb-27-2017 PM10  |  29.60 |  26.63 |  27.98 |  12.18 |I I 
11:29-Mon-Feb-27-2017 PM2.5 |  15.02 |  13.70 |  13.42 |   6.20 |I I 
11:33-Mon-Feb-27-2017 PM10  |  28.11 |  26.74 |  27.98 |  12.18 |I I 
11:33-Mon-Feb-27-2017 PM2.5 |  14.74 |  13.78 |  13.42 |   6.20 |I I 
11:34-Mon-Feb-27-2017 PM10  |  29.15 |  26.91 |  27.98 |  12.18 |I I 
11:34-Mon-Feb-27-2017 PM2.5 |  14.23 |  13.81 |  13.42 |   6.20 |I I 
11:35-Mon-Feb-27-2017 PM10  |  29.15 |  27.06 |  27.98 |  12.18 |I I 
11:35-Mon-Feb-27-2017 PM2.5 |  14.23 |  13.84 |  13.42 |   6.20 |I I 
11:39-Mon-Feb-27-2017 PM10  |  27.87 |  27.11 |  27.98 |  12.18 |I I 
11:39-Mon-Feb-27-2017 PM2.5 |  14.25 |  13.87 |  13.42 |   6.20 |I I 
11:40-Mon-Feb-27-2017 PM10  |  29.46 |  27.25 |  27.98 |  12.18 |I I 
11:40-Mon-Feb-27-2017 PM2.5 |  14.03 |  13.88 |  13.42 |   6.20 |I I 
11:44-Mon-Feb-27-2017 PM10  |  31.62 |  27.49 |  27.98 |  12.18 |I I 
11:44-Mon-Feb-27-2017 PM2.5 |  14.63 |  13.92 |  13.42 |   6.20 |I I 
11:45-Mon-Feb-27-2017 PM10  |  25.00 |  27.36 |  27.98 |  12.18 |I I 
11:45-Mon-Feb-27-2017 PM2.5 |  13.78 |  13.91 |  13.42 |   6.20 |I I 
11:49-Mon-Feb-27-2017 PM10  |  26.72 |  27.33 |  27.98 |  12.18 |I I 
11:49-Mon-Feb-27-2017 PM2.5 |  14.26 |  13.93 |  13.42 |   6.20 |I I 
11:50-Mon-Feb-27-2017 PM10  |  28.74 |  27.40 |  27.98 |  12.18 |I I 
11:50-Mon-Feb-27-2017 PM2.5 |  13.21 |  13.89 |  13.42 |   6.20 |I I 
11:54-Mon-Feb-27-2017 PM10  |  28.71 |  27.46 |  27.98 |  12.18 |I I 
11:54-Mon-Feb-27-2017 PM2.5 |  13.68 |  13.88 |  13.42 |   6.20 |I I 
11:55-Mon-Feb-27-2017 PM10  |  28.12 |  27.49 |  27.98 |  12.18 |I I 
11:55-Mon-Feb-27-2017 PM2.5 |  13.48 |  13.87 |  13.42 |   6.20 |I I 
11:59-Mon-Feb-27-2017 PM10  |  27.15 |  27.47 |  27.98 |  12.18 |I I 
11:59-Mon-Feb-27-2017 PM2.5 |  13.84 |  13.87 |  13.42 |   6.20 |I I 
12:00-Mon-Feb-27-2017 PM10  |  26.81 |  27.44 |  27.98 |  12.18 |I I 
12:00-Mon-Feb-27-2017 PM2.5 |  13.64 |  13.86 |  13.86 |   6.20 |I I 
12:04-Mon-Feb-27-2017 PM10  |  26.59 |  26.59 |  27.98 |  12.18 |I I 
12:04-Mon-Feb-27-2017 PM2.5 |  13.82 |  13.82 |  13.86 |   6.20 |I I 
12:05-Mon-Feb-27-2017 PM10  |  26.59 |  26.59 |  27.98 |  12.18 |I I 
12:05-Mon-Feb-27-2017 PM2.5 |  13.82 |  13.82 |  13.86 |   6.20 |I I 
12:06-Mon-Feb-27-2017 PM10  |  32.21 |  28.46 |  27.98 |  12.18 |I I 
12:06-Mon-Feb-27-2017 PM2.5 |  13.30 |  13.65 |  13.86 |   6.20 |I I 
12:10-Mon-Feb-27-2017 PM10  |  41.27 |  31.66 |  27.98 |  12.18 |I I 
12:10-Mon-Feb-27-2017 PM2.5 |  18.90 |  14.96 |  13.86 |   6.20 |I I 
12:11-Mon-Feb-27-2017 PM10  |  29.31 |  31.19 |  27.98 |  12.18 |I I 
12:11-Mon-Feb-27-2017 PM2.5 |  14.15 |  14.80 |  13.86 |   6.20 |I I 
12:15-Mon-Feb-27-2017 PM10  |  26.86 |  30.47 |  27.98 |  12.18 |I I 
12:15-Mon-Feb-27-2017 PM2.5 |  13.55 |  14.59 |  13.86 |   6.20 |I I 
12:16-Mon-Feb-27-2017 PM10  |  23.32 |  29.45 |  27.98 |  12.18 |I I 
12:16-Mon-Feb-27-2017 PM2.5 |  11.75 |  14.19 |  13.86 |   6.20 |I I 
12:20-Mon-Feb-27-2017 PM10  |  25.76 |  28.99 |  27.98 |  12.18 |I I 
12:20-Mon-Feb-27-2017 PM2.5 |  12.51 |  13.98 |  13.86 |   6.20 |I I 
12:21-Mon-Feb-27-2017 PM10  |  33.49 |  29.49 |  27.98 |  12.18 |I I 
12:21-Mon-Feb-27-2017 PM2.5 |  13.64 |  13.94 |  13.86 |   6.20 |I I 
12:25-Mon-Feb-27-2017 PM10  |  28.85 |  29.42 |  27.98 |  12.18 |I I 
12:25-Mon-Feb-27-2017 PM2.5 |  13.68 |  13.91 |  13.86 |   6.20 |I I 
12:26-Mon-Feb-27-2017 PM10  |  22.90 |  28.83 |  27.98 |  12.18 |I I 
12:26-Mon-Feb-27-2017 PM2.5 |  11.25 |  13.67 |  13.86 |   6.20 |I I 
12:30-Mon-Feb-27-2017 PM10  |  25.70 |  28.57 |  27.98 |  12.18 |I I 
12:30-Mon-Feb-27-2017 PM2.5 |  12.69 |  13.59 |  13.86 |   6.20 |I I 
12:31-Mon-Feb-27-2017 PM10  |  25.70 |  28.35 |  27.98 |  12.18 |I I 
12:31-Mon-Feb-27-2017 PM2.5 |  12.69 |  13.52 |  13.86 |   6.20 |I I 
12:33-Mon-Feb-27-2017 PM10  |  27.03 |  28.26 |  27.98 |  12.18 |I I 
12:33-Mon-Feb-27-2017 PM2.5 |  11.25 |  13.36 |  13.86 |   6.20 |I I 
12:37-Mon-Feb-27-2017 PM10  |  22.63 |  27.88 |  27.98 |  12.18 |I I 
12:37-Mon-Feb-27-2017 PM2.5 |  11.31 |  13.22 |  13.86 |   6.20 |I I 
12:38-Mon-Feb-27-2017 PM10  |  19.20 |  27.34 |  27.98 |  12.18 |I I 
12:38-Mon-Feb-27-2017 PM2.5 |   8.95 |  12.95 |  13.86 |   6.20 |I I 
12:42-Mon-Feb-27-2017 PM10  |  20.56 |  26.94 |  27.98 |  12.18 |I I 
12:42-Mon-Feb-27-2017 PM2.5 |   9.39 |  12.74 |  13.86 |   6.20 |I I 
12:43-Mon-Feb-27-2017 PM10  |  17.53 |  26.42 |  27.98 |  12.18 |I I 
12:43-Mon-Feb-27-2017 PM2.5 |   8.33 |  12.50 |  13.86 |   6.20 |I I 
12:47-Mon-Feb-27-2017 PM10  |  18.84 |  26.02 |  27.98 |  12.18 |I I 
12:47-Mon-Feb-27-2017 PM2.5 |   9.32 |  12.33 |  13.86 |   6.20 |I I 
12:48-Mon-Feb-27-2017 PM10  |  15.03 |  25.47 |  27.98 |  12.18 |I I 
12:48-Mon-Feb-27-2017 PM2.5 |   7.85 |  12.11 |  13.86 |   6.20 |I I 
12:52-Mon-Feb-27-2017 PM10  |  17.49 |  25.09 |  27.98 |  12.18 |I I 
12:52-Mon-Feb-27-2017 PM2.5 |   8.60 |  11.94 |  13.86 |   6.20 |I I 
12:53-Mon-Feb-27-2017 PM10  |  15.99 |  24.68 |  27.98 |  12.18 |I I 
12:53-Mon-Feb-27-2017 PM2.5 |   7.80 |  11.75 |  13.86 |   6.20 |I I 
12:57-Mon-Feb-27-2017 PM10  |  19.97 |  24.47 |  27.98 |  12.18 |I I 
12:57-Mon-Feb-27-2017 PM2.5 |   8.35 |  11.61 |  13.86 |   6.20 |I I 
12:58-Mon-Feb-27-2017 PM10  |  19.97 |  24.28 |  27.98 |  12.18 |I I 
12:58-Mon-Feb-27-2017 PM2.5 |   8.35 |  11.47 |  13.86 |   6.20 |I I 
12:59-Mon-Feb-27-2017 PM10  |  19.80 |  24.10 |  27.98 |  12.18 |I I 
12:59-Mon-Feb-27-2017 PM2.5 |   8.53 |  11.35 |  13.86 |   6.20 |I I 
13:03-Mon-Feb-27-2017 PM10  |  18.57 |  23.89 |  27.98 |  12.18 |I I 
13:03-Mon-Feb-27-2017 PM2.5 |   9.08 |  11.26 |  13.86 |   6.20 |I I 
13:04-Mon-Feb-27-2017 PM10  |  17.95 |  17.95 |  27.98 |  12.18 |I I 
13:04-Mon-Feb-27-2017 PM2.5 |   8.41 |   8.41 |  13.86 |   6.20 |I I 
13:08-Mon-Feb-27-2017 PM10  |  18.46 |  18.21 |  27.98 |  12.18 |I I 
13:08-Mon-Feb-27-2017 PM2.5 |   8.42 |   8.41 |  13.86 |   6.20 |I I 
13:09-Mon-Feb-27-2017 PM10  |  21.49 |  19.30 |  27.98 |  12.18 |I I 
13:09-Mon-Feb-27-2017 PM2.5 |   8.43 |   8.42 |  13.86 |   6.20 |I I 
13:13-Mon-Feb-27-2017 PM10  |  16.53 |  18.61 |  27.98 |  12.18 |I I 
13:13-Mon-Feb-27-2017 PM2.5 |   8.32 |   8.40 |  13.86 |   6.20 |I I 
13:14-Mon-Feb-27-2017 PM10  |  20.16 |  18.92 |  27.98 |  12.18 |I I 
13:14-Mon-Feb-27-2017 PM2.5 |   8.19 |   8.35 |  13.86 |   6.20 |I I 
13:18-Mon-Feb-27-2017 PM10  |  18.69 |  18.88 |  27.98 |  12.18 |I I 
13:18-Mon-Feb-27-2017 PM2.5 |   8.41 |   8.36 |  13.86 |   6.20 |I I 
13:19-Mon-Feb-27-2017 PM10  |  14.53 |  18.26 |  27.98 |  12.18 |I I 
13:19-Mon-Feb-27-2017 PM2.5 |   7.78 |   8.28 |  13.86 |   6.20 |I I 
13:23-Mon-Feb-27-2017 PM10  |  14.78 |  17.82 |  27.98 |  12.18 |I I 
13:23-Mon-Feb-27-2017 PM2.5 |   7.84 |   8.23 |  13.86 |   6.20 |I I 
13:24-Mon-Feb-27-2017 PM10  |  18.24 |  17.87 |  27.98 |  12.18 |I I 
13:24-Mon-Feb-27-2017 PM2.5 |   7.90 |   8.19 |  13.86 |   6.20 |I I 
13:25-Mon-Feb-27-2017 PM10  |  18.24 |  17.91 |  27.98 |  12.18 |I I 
13:25-Mon-Feb-27-2017 PM2.5 |   7.90 |   8.16 |  13.86 |   6.20 |I I 
13:29-Mon-Feb-27-2017 PM10  |  21.82 |  18.26 |  27.98 |  12.18 |I I 
13:29-Mon-Feb-27-2017 PM2.5 |   8.57 |   8.20 |  13.86 |   6.20 |I I 
13:30-Mon-Feb-27-2017 PM10  |  17.47 |  18.20 |  27.98 |  12.18 |I I 
13:30-Mon-Feb-27-2017 PM2.5 |   8.21 |   8.20 |  13.86 |   6.20 |I I 
13:34-Mon-Feb-27-2017 PM10  |  19.28 |  18.28 |  27.98 |  12.18 |I I 
13:34-Mon-Feb-27-2017 PM2.5 |   8.13 |   8.19 |  13.86 |   6.20 |I I 
13:35-Mon-Feb-27-2017 PM10  |  13.11 |  17.91 |  27.98 |  12.18 |I I 
13:35-Mon-Feb-27-2017 PM2.5 |   5.85 |   8.02 |  13.86 |   6.20 |I I 
13:39-Mon-Feb-27-2017 PM10  |  13.96 |  17.65 |  27.98 |  12.18 |I I 
13:39-Mon-Feb-27-2017 PM2.5 |   6.28 |   7.91 |  13.86 |   6.20 |I I 
13:40-Mon-Feb-27-2017 PM10  |  14.97 |  17.48 |  27.98 |  12.18 |I I 
13:40-Mon-Feb-27-2017 PM2.5 |   6.54 |   7.82 |  13.86 |   6.20 |I I 
13:44-Mon-Feb-27-2017 PM10  |  14.30 |  17.29 |  27.98 |  12.18 |I I 
13:44-Mon-Feb-27-2017 PM2.5 |   6.74 |   7.76 |  13.86 |   6.20 |I I 
13:45-Mon-Feb-27-2017 PM10  |  17.46 |  17.30 |  27.98 |  12.18 |I I 
13:45-Mon-Feb-27-2017 PM2.5 |   6.84 |   7.71 |  13.86 |   6.20 |I I 
13:49-Mon-Feb-27-2017 PM10  |  15.59 |  17.21 |  27.98 |  12.18 |I I 
13:49-Mon-Feb-27-2017 PM2.5 |   6.54 |   7.65 |  13.86 |   6.20 |I I 
13:50-Mon-Feb-27-2017 PM10  |  13.66 |  17.04 |  27.98 |  12.18 |I I 
13:50-Mon-Feb-27-2017 PM2.5 |   5.76 |   7.55 |  13.86 |   6.20 |I I 
13:51-Mon-Feb-27-2017 PM10  |  13.66 |  16.87 |  27.98 |  12.18 |I I 
13:51-Mon-Feb-27-2017 PM2.5 |   5.76 |   7.47 |  13.86 |   6.20 |I I 
13:55-Mon-Feb-27-2017 PM10  |  14.07 |  16.75 |  27.98 |  12.18 |I I 
13:55-Mon-Feb-27-2017 PM2.5 |   5.70 |   7.39 |  13.86 |   6.20 |I I 
13:56-Mon-Feb-27-2017 PM10  |  14.19 |  16.64 |  27.98 |  12.18 |I I 
13:56-Mon-Feb-27-2017 PM2.5 |   5.07 |   7.29 |  13.86 |   6.20 |I I 
14:00-Mon-Feb-27-2017 PM10  |  15.21 |  16.58 |  27.98 |  12.18 |I I 
14:00-Mon-Feb-27-2017 PM2.5 |   4.88 |   7.19 |  13.86 |   6.20 |I I 
14:01-Mon-Feb-27-2017 PM10  |  12.40 |  12.40 |  27.98 |  12.18 |I I 
14:01-Mon-Feb-27-2017 PM2.5 |   4.82 |   4.82 |  13.86 |   6.20 |I I 
14:05-Mon-Feb-27-2017 PM10  |   9.64 |  11.02 |  27.98 |  12.18 |I I 
14:05-Mon-Feb-27-2017 PM2.5 |   4.82 |   4.82 |  13.86 |   6.20 |I I 
14:06-Mon-Feb-27-2017 PM10  |  11.11 |  11.05 |  27.98 |  12.18 |I I 
14:06-Mon-Feb-27-2017 PM2.5 |   4.60 |   4.74 |  13.86 |   6.20 |I I 
14:10-Mon-Feb-27-2017 PM10  |  13.31 |  11.61 |  27.98 |  12.18 |I I 
14:10-Mon-Feb-27-2017 PM2.5 |   5.05 |   4.82 |  13.86 |   6.20 |I I 
14:11-Mon-Feb-27-2017 PM10  |  13.92 |  12.08 |  27.98 |  12.18 |I I 
14:11-Mon-Feb-27-2017 PM2.5 |   5.35 |   4.93 |  13.86 |   6.20 |I I 
14:15-Mon-Feb-27-2017 PM10  |  11.61 |  12.00 |  27.98 |  12.18 |I I 
14:15-Mon-Feb-27-2017 PM2.5 |   5.16 |   4.96 |  13.86 |   6.20 |I I 
14:16-Mon-Feb-27-2017 PM10  |  12.12 |  12.02 |  27.98 |  12.18 |I I 
14:16-Mon-Feb-27-2017 PM2.5 |   4.90 |   4.96 |  13.86 |   6.20 |I I 
14:17-Mon-Feb-27-2017 PM10  |  12.12 |  12.03 |  27.98 |  12.18 |I I 
14:17-Mon-Feb-27-2017 PM2.5 |   4.90 |   4.95 |  13.86 |   6.20 |I I 
14:21-Mon-Feb-27-2017 PM10  |  11.47 |  11.97 |  27.98 |  12.18 |I I 
14:21-Mon-Feb-27-2017 PM2.5 |   5.17 |   4.97 |  13.86 |   6.20 |I I 
14:22-Mon-Feb-27-2017 PM10  |  11.84 |  11.95 |  27.98 |  12.18 |I I 
14:22-Mon-Feb-27-2017 PM2.5 |   5.19 |   4.99 |  13.86 |   6.20 |I I 
14:26-Mon-Feb-27-2017 PM10  |  12.24 |  11.98 |  27.98 |  12.18 |I I 
14:26-Mon-Feb-27-2017 PM2.5 |   5.64 |   5.05 |  13.86 |   6.20 |I I 
14:27-Mon-Feb-27-2017 PM10  |  16.46 |  12.35 |  27.98 |  12.18 |I I 
14:27-Mon-Feb-27-2017 PM2.5 |   5.05 |   5.05 |  13.86 |   6.20 |I I 
14:31-Mon-Feb-27-2017 PM10  |  11.44 |  12.28 |  27.98 |  12.18 |I I 
14:31-Mon-Feb-27-2017 PM2.5 |   4.97 |   5.05 |  13.86 |   6.20 |I I 
14:32-Mon-Feb-27-2017 PM10  |  11.37 |  12.22 |  27.98 |  12.18 |I I 
14:32-Mon-Feb-27-2017 PM2.5 |   4.37 |   5.00 |  13.86 |   6.20 |I I 
14:36-Mon-Feb-27-2017 PM10  |  10.36 |  12.09 |  27.98 |  12.18 |I I 
14:36-Mon-Feb-27-2017 PM2.5 |   4.59 |   4.97 |  13.86 |   6.20 |I I 
14:37-Mon-Feb-27-2017 PM10  |  12.97 |  12.15 |  27.98 |  12.18 |I I 
14:37-Mon-Feb-27-2017 PM2.5 |   5.07 |   4.98 |  13.86 |   6.20 |I I 
14:41-Mon-Feb-27-2017 PM10  |  11.33 |  12.10 |  27.98 |  12.18 |I I 
14:41-Mon-Feb-27-2017 PM2.5 |   4.86 |   4.97 |  13.86 |   6.20 |I I 
14:42-Mon-Feb-27-2017 PM10  |  10.03 |  11.99 |  27.98 |  12.18 |I I 
14:42-Mon-Feb-27-2017 PM2.5 |   4.48 |   4.94 |  13.86 |   6.20 |I I 
14:43-Mon-Feb-27-2017 PM10  |  10.03 |  11.88 |  27.98 |  12.18 |I I 
14:43-Mon-Feb-27-2017 PM2.5 |   4.48 |   4.92 |  13.86 |   6.20 |I I 
14:47-Mon-Feb-27-2017 PM10  |  12.75 |  11.93 |  27.98 |  12.18 |I I 
14:47-Mon-Feb-27-2017 PM2.5 |   5.07 |   4.93 |  13.86 |   6.20 |I I 
14:48-Mon-Feb-27-2017 PM10  |  11.33 |  11.90 |  27.98 |  12.18 |I I 
14:48-Mon-Feb-27-2017 PM2.5 |   5.02 |   4.93 |  13.86 |   6.20 |I I 
14:52-Mon-Feb-27-2017 PM10  |  11.91 |  11.90 |  27.98 |  12.18 |I I 
14:52-Mon-Feb-27-2017 PM2.5 |   4.88 |   4.93 |  13.86 |   6.20 |I I 
14:53-Mon-Feb-27-2017 PM10  |  16.35 |  12.09 |  27.98 |  12.18 |I I 
14:53-Mon-Feb-27-2017 PM2.5 |   6.54 |   5.00 |  13.86 |   6.20 |I I 
14:57-Mon-Feb-27-2017 PM10  |  18.98 |  12.38 |  27.98 |  12.18 |I I 
14:57-Mon-Feb-27-2017 PM2.5 |   7.52 |   5.10 |  13.86 |   6.20 |I I 
14:58-Mon-Feb-27-2017 PM10  |  14.99 |  12.48 |  27.98 |  12.18 |I I 
14:58-Mon-Feb-27-2017 PM2.5 |   7.68 |   5.21 |  13.86 |   6.20 |I I 
15:02-Mon-Feb-27-2017 PM10  |  17.16 |  12.66 |  27.98 |  12.18 |I I 
15:02-Mon-Feb-27-2017 PM2.5 |   8.00 |   5.31 |  13.86 |   5.31 |I I 
15:03-Mon-Feb-27-2017 PM10  |  14.90 |  14.90 |  27.98 |  12.18 |I I 
15:03-Mon-Feb-27-2017 PM2.5 |   7.76 |   7.76 |  13.86 |   5.31 |I I 
15:07-Mon-Feb-27-2017 PM10  |  19.54 |  17.22 |  27.98 |  12.18 |I I 
15:07-Mon-Feb-27-2017 PM2.5 |   8.92 |   8.34 |  13.86 |   5.31 |I I 
15:08-Mon-Feb-27-2017 PM10  |  19.75 |  18.06 |  27.98 |  12.18 |I I 
15:08-Mon-Feb-27-2017 PM2.5 |  10.19 |   8.96 |  13.86 |   5.31 |I I 
15:10-Mon-Feb-27-2017 PM10  |  19.75 |  18.49 |  27.98 |  12.18 |I I 
15:10-Mon-Feb-27-2017 PM2.5 |  10.19 |   9.27 |  13.86 |   5.31 |I I 
15:13-Mon-Feb-27-2017 PM10  |  20.95 |  18.98 |  27.98 |  12.18 |I I 
15:13-Mon-Feb-27-2017 PM2.5 |  10.23 |   9.46 |  13.86 |   5.31 |I I 
15:14-Mon-Feb-27-2017 PM10  |  20.95 |  19.31 |  27.98 |  12.18 |I I 
15:14-Mon-Feb-27-2017 PM2.5 |  10.23 |   9.59 |  13.86 |   5.31 |I I 
15:15-Mon-Feb-27-2017 PM10  |  17.33 |  19.03 |  27.98 |  12.18 |I I 
15:15-Mon-Feb-27-2017 PM2.5 |   8.91 |   9.49 |  13.86 |   5.31 |I I 
15:19-Mon-Feb-27-2017 PM10  |  17.90 |  18.89 |  27.98 |  12.18 |I I 
15:19-Mon-Feb-27-2017 PM2.5 |   9.16 |   9.45 |  13.86 |   5.31 |I I 
15:20-Mon-Feb-27-2017 PM10  |  17.59 |  18.74 |  27.98 |  12.18 |I I 
15:20-Mon-Feb-27-2017 PM2.5 |   8.33 |   9.33 |  13.86 |   5.31 |I I 
15:24-Mon-Feb-27-2017 PM10  |  19.61 |  18.83 |  27.98 |  12.18 |I I 
15:24-Mon-Feb-27-2017 PM2.5 |   8.70 |   9.26 |  13.86 |   5.31 |I I 
15:25-Mon-Feb-27-2017 PM10  |  20.99 |  19.03 |  27.98 |  12.18 |I I 
15:25-Mon-Feb-27-2017 PM2.5 |   8.10 |   9.16 |  13.86 |   5.31 |I I 
15:29-Mon-Feb-27-2017 PM10  |  19.78 |  19.09 |  27.98 |  12.18 |I I 
15:29-Mon-Feb-27-2017 PM2.5 |   8.05 |   9.06 |  13.86 |   5.31 |I I 
15:30-Mon-Feb-27-2017 PM10  |  15.33 |  18.80 |  27.98 |  12.18 |I I 
15:30-Mon-Feb-27-2017 PM2.5 |   6.65 |   8.88 |  13.86 |   5.31 |I I 
15:34-Mon-Feb-27-2017 PM10  |  17.41 |  18.70 |  27.98 |  12.18 |I I 
15:34-Mon-Feb-27-2017 PM2.5 |   7.25 |   8.76 |  13.86 |   5.31 |I I 
15:35-Mon-Feb-27-2017 PM10  |  18.60 |  18.69 |  27.98 |  12.18 |I I 
15:35-Mon-Feb-27-2017 PM2.5 |   7.57 |   8.68 |  13.86 |   5.31 |I I 
15:39-Mon-Feb-27-2017 PM10  |  21.17 |  18.85 |  27.98 |  12.18 |I I 
15:39-Mon-Feb-27-2017 PM2.5 |   8.38 |   8.66 |  13.86 |   5.31 |I I 
15:40-Mon-Feb-27-2017 PM10  |  21.17 |  18.98 |  27.98 |  12.18 |I I 
15:40-Mon-Feb-27-2017 PM2.5 |   8.38 |   8.65 |  13.86 |   5.31 |I I 
15:41-Mon-Feb-27-2017 PM10  |  17.30 |  18.89 |  27.98 |  12.18 |I I 
15:41-Mon-Feb-27-2017 PM2.5 |   8.28 |   8.63 |  13.86 |   5.31 |I I 
15:45-Mon-Feb-27-2017 PM10  |  16.90 |  18.79 |  27.98 |  12.18 |I I 
15:45-Mon-Feb-27-2017 PM2.5 |   8.10 |   8.60 |  13.86 |   5.31 |I I 
15:46-Mon-Feb-27-2017 PM10  |  21.37 |  18.92 |  27.98 |  12.18 |I I 
15:46-Mon-Feb-27-2017 PM2.5 |   8.97 |   8.62 |  13.86 |   5.31 |I I 
15:50-Mon-Feb-27-2017 PM10  |  23.86 |  19.15 |  27.98 |  12.18 |I I 
15:50-Mon-Feb-27-2017 PM2.5 |   9.39 |   8.66 |  13.86 |   5.31 |I I 
15:51-Mon-Feb-27-2017 PM10  |  18.69 |  19.13 |  27.98 |  12.18 |I I 
15:51-Mon-Feb-27-2017 PM2.5 |   8.63 |   8.65 |  13.86 |   5.31 |I I 
15:55-Mon-Feb-27-2017 PM10  |  20.84 |  19.20 |  27.98 |  12.18 |I I 
15:55-Mon-Feb-27-2017 PM2.5 |   9.43 |   8.69 |  13.86 |   5.31 |I I 
15:56-Mon-Feb-27-2017 PM10  |  23.90 |  19.40 |  27.98 |  12.18 |I I 
15:56-Mon-Feb-27-2017 PM2.5 |   9.45 |   8.72 |  13.86 |   5.31 |I I 
16:00-Mon-Feb-27-2017 PM10  |  23.09 |  19.55 |  27.98 |  12.18 |I I 
16:00-Mon-Feb-27-2017 PM2.5 |   9.65 |   8.76 |  13.86 |   5.31 |I I 
16:01-Mon-Feb-27-2017 PM10  |  21.43 |  21.43 |  27.98 |  12.18 |I I 
16:01-Mon-Feb-27-2017 PM2.5 |   8.70 |   8.70 |  13.86 |   5.31 |I I 
16:05-Mon-Feb-27-2017 PM10  |  22.98 |  22.21 |  27.98 |  12.18 |I I 
16:05-Mon-Feb-27-2017 PM2.5 |   9.29 |   8.99 |  13.86 |   5.31 |I I 
16:06-Mon-Feb-27-2017 PM10  |  22.98 |  22.46 |  27.98 |  12.18 |I I 
16:06-Mon-Feb-27-2017 PM2.5 |   9.29 |   9.09 |  13.86 |   5.31 |I I 
16:07-Mon-Feb-27-2017 PM10  |  20.39 |  21.95 |  27.98 |  12.18 |I I 
16:07-Mon-Feb-27-2017 PM2.5 |   8.60 |   8.97 |  13.86 |   5.31 |I I 
16:11-Mon-Feb-27-2017 PM10  |  21.20 |  21.80 |  27.98 |  12.18 |I I 
16:11-Mon-Feb-27-2017 PM2.5 |   9.16 |   9.01 |  13.86 |   5.31 |I I 
16:12-Mon-Feb-27-2017 PM10  |  18.36 |  21.23 |  27.98 |  12.18 |I I 
16:12-Mon-Feb-27-2017 PM2.5 |   7.64 |   8.78 |  13.86 |   5.31 |I I 
16:16-Mon-Feb-27-2017 PM10  |  18.78 |  20.88 |  27.98 |  12.18 |I I 
16:16-Mon-Feb-27-2017 PM2.5 |   8.59 |   8.75 |  13.86 |   5.31 |I I 
16:17-Mon-Feb-27-2017 PM10  |  24.15 |  21.28 |  27.98 |  12.18 |I I 
16:17-Mon-Feb-27-2017 PM2.5 |   8.23 |   8.69 |  13.86 |   5.31 |I I 
16:21-Mon-Feb-27-2017 PM10  |  20.92 |  21.24 |  27.98 |  12.18 |I I 
16:21-Mon-Feb-27-2017 PM2.5 |   8.83 |   8.70 |  13.86 |   5.31 |I I 
16:22-Mon-Feb-27-2017 PM10  |  21.36 |  21.25 |  27.98 |  12.18 |I I 
16:22-Mon-Feb-27-2017 PM2.5 |   7.80 |   8.61 |  13.86 |   5.31 |I I 
16:26-Mon-Feb-27-2017 PM10  |  20.75 |  21.21 |  27.98 |  12.18 |I I 
16:26-Mon-Feb-27-2017 PM2.5 |   8.16 |   8.57 |  13.86 |   5.31 |I I 
16:27-Mon-Feb-27-2017 PM10  |  20.62 |  21.16 |  27.98 |  12.18 |I I 
16:27-Mon-Feb-27-2017 PM2.5 |   7.40 |   8.47 |  13.86 |   5.31 |I I 
16:31-Mon-Feb-27-2017 PM10  |  19.76 |  21.05 |  27.98 |  12.18 |I I 
16:31-Mon-Feb-27-2017 PM2.5 |   7.86 |   8.43 |  13.86 |   5.31 |I I 
16:32-Mon-Feb-27-2017 PM10  |  20.54 |  21.02 |  27.98 |  12.18 |I I 
16:32-Mon-Feb-27-2017 PM2.5 |   8.44 |   8.43 |  13.86 |   5.31 |I I 
16:33-Mon-Feb-27-2017 PM10  |  20.54 |  20.98 |  27.98 |  12.18 |I I 
16:33-Mon-Feb-27-2017 PM2.5 |   8.44 |   8.43 |  13.86 |   5.31 |I I 
16:37-Mon-Feb-27-2017 PM10  |  24.54 |  21.21 |  27.98 |  12.18 |I I 
16:37-Mon-Feb-27-2017 PM2.5 |   9.29 |   8.48 |  13.86 |   5.31 |I I 
16:38-Mon-Feb-27-2017 PM10  |  22.46 |  21.28 |  27.98 |  12.18 |I I 
16:38-Mon-Feb-27-2017 PM2.5 |   9.07 |   8.52 |  13.86 |   5.31 |I I 
16:42-Mon-Feb-27-2017 PM10  |  23.34 |  21.39 |  27.98 |  12.18 |I I 
16:42-Mon-Feb-27-2017 PM2.5 |   9.47 |   8.57 |  13.86 |   5.31 |I I 
16:43-Mon-Feb-27-2017 PM10  |  18.87 |  21.26 |  27.98 |  12.18 |I I 
16:43-Mon-Feb-27-2017 PM2.5 |   8.63 |   8.57 |  13.86 |   5.31 |I I 
16:47-Mon-Feb-27-2017 PM10  |  20.03 |  21.20 |  27.98 |  12.18 |I I 
16:47-Mon-Feb-27-2017 PM2.5 |   8.69 |   8.58 |  13.86 |   5.31 |I I 
16:48-Mon-Feb-27-2017 PM10  |  16.24 |  20.96 |  27.98 |  12.18 |I I 
16:48-Mon-Feb-27-2017 PM2.5 |   7.02 |   8.50 |  13.86 |   5.31 |I I 
16:52-Mon-Feb-27-2017 PM10  |  19.24 |  20.89 |  27.98 |  12.18 |I I 
16:52-Mon-Feb-27-2017 PM2.5 |   7.42 |   8.45 |  13.86 |   5.31 |I I 
16:53-Mon-Feb-27-2017 PM10  |  14.61 |  20.61 |  27.98 |  12.18 |I I 
16:53-Mon-Feb-27-2017 PM2.5 |   6.05 |   8.35 |  13.86 |   5.31 |I I 
16:57-Mon-Feb-27-2017 PM10  |  19.73 |  20.58 |  27.98 |  12.18 |I I 
16:57-Mon-Feb-27-2017 PM2.5 |   7.00 |   8.29 |  13.86 |   5.31 |I I 
16:58-Mon-Feb-27-2017 PM10  |  19.98 |  20.55 |  27.98 |  12.18 |I I 
16:58-Mon-Feb-27-2017 PM2.5 |   7.35 |   8.26 |  13.86 |   5.31 |I I 
16:59-Mon-Feb-27-2017 PM10  |  19.98 |  20.53 |  27.98 |  12.18 |I I 
16:59-Mon-Feb-27-2017 PM2.5 |   7.35 |   8.22 |  13.86 |   5.31 |I I 
17:03-Mon-Feb-27-2017 PM10  |  17.79 |  20.43 |  27.98 |  12.18 |I I 
17:03-Mon-Feb-27-2017 PM2.5 |   7.93 |   8.21 |  13.86 |   5.31 |I I 
17:04-Mon-Feb-27-2017 PM10  |  16.74 |  16.74 |  27.98 |  12.18 |I I 
17:04-Mon-Feb-27-2017 PM2.5 |   6.97 |   6.97 |  13.86 |   5.31 |I I 
17:08-Mon-Feb-27-2017 PM10  |  20.83 |  18.78 |  27.98 |  12.18 |I I 
17:08-Mon-Feb-27-2017 PM2.5 |   7.05 |   7.01 |  13.86 |   5.31 |I I 
17:09-Mon-Feb-27-2017 PM10  |  14.70 |  17.42 |  27.98 |  12.18 |I I 
17:09-Mon-Feb-27-2017 PM2.5 |   6.92 |   6.98 |  13.86 |   5.31 |I I 
17:13-Mon-Feb-27-2017 PM10  |  17.56 |  17.46 |  27.98 |  12.18 |I I 
17:13-Mon-Feb-27-2017 PM2.5 |   7.47 |   7.10 |  13.86 |   5.31 |I I 
17:14-Mon-Feb-27-2017 PM10  |  17.81 |  17.53 |  27.98 |  12.18 |I I 
17:14-Mon-Feb-27-2017 PM2.5 |   7.15 |   7.11 |  13.86 |   5.31 |I I 
17:18-Mon-Feb-27-2017 PM10  |  20.81 |  18.08 |  27.98 |  12.18 |I I 
17:18-Mon-Feb-27-2017 PM2.5 |   8.30 |   7.31 |  13.86 |   5.31 |I I 
17:19-Mon-Feb-27-2017 PM10  |  20.67 |  18.45 |  27.98 |  12.18 |I I 
17:19-Mon-Feb-27-2017 PM2.5 |   7.38 |   7.32 |  13.86 |   5.31 |I I 
17:23-Mon-Feb-27-2017 PM10  |  16.51 |  18.20 |  27.98 |  12.18 |I I 
17:23-Mon-Feb-27-2017 PM2.5 |   7.71 |   7.37 |  13.86 |   5.31 |I I 
17:24-Mon-Feb-27-2017 PM10  |  24.07 |  18.86 |  27.98 |  12.18 |I I 
17:24-Mon-Feb-27-2017 PM2.5 |   7.78 |   7.41 |  13.86 |   5.31 |I I 
17:25-Mon-Feb-27-2017 PM10  |  24.07 |  19.38 |  27.98 |  12.18 |I I 
17:25-Mon-Feb-27-2017 PM2.5 |   7.78 |   7.45 |  13.86 |   5.31 |I I 
17:29-Mon-Feb-27-2017 PM10  |  18.43 |  19.29 |  27.98 |  12.18 |I I 
17:29-Mon-Feb-27-2017 PM2.5 |   8.16 |   7.51 |  13.86 |   5.31 |I I 
17:30-Mon-Feb-27-2017 PM10  |  14.04 |  18.85 |  27.98 |  12.18 |I I 
17:30-Mon-Feb-27-2017 PM2.5 |   6.41 |   7.42 |  13.86 |   5.31 |I I 
17:34-Mon-Feb-27-2017 PM10  |  18.34 |  18.81 |  27.98 |  12.18 |I I 
17:34-Mon-Feb-27-2017 PM2.5 |   6.77 |   7.37 |  13.86 |   5.31 |I I 
17:35-Mon-Feb-27-2017 PM10  |  16.00 |  18.61 |  27.98 |  12.18 |I I 
17:35-Mon-Feb-27-2017 PM2.5 |   5.77 |   7.26 |  13.86 |   5.31 |I I 
17:39-Mon-Feb-27-2017 PM10  |  16.43 |  18.47 |  27.98 |  12.18 |I I 
17:39-Mon-Feb-27-2017 PM2.5 |   6.32 |   7.20 |  13.86 |   5.31 |I I 
17:40-Mon-Feb-27-2017 PM10  |  14.88 |  18.24 |  27.98 |  12.18 |I I 
17:40-Mon-Feb-27-2017 PM2.5 |   5.68 |   7.10 |  13.86 |   5.31 |I I 
17:44-Mon-Feb-27-2017 PM10  |  18.17 |  18.24 |  27.98 |  12.18 |I I 
17:44-Mon-Feb-27-2017 PM2.5 |   6.16 |   7.05 |  13.86 |   5.31 |I I 
17:45-Mon-Feb-27-2017 PM10  |  17.98 |  18.22 |  27.98 |  12.18 |I I 
17:45-Mon-Feb-27-2017 PM2.5 |   5.37 |   6.95 |  13.86 |   5.31 |I I 
17:49-Mon-Feb-27-2017 PM10  |  15.15 |  18.06 |  27.98 |  12.18 |I I 
17:49-Mon-Feb-27-2017 PM2.5 |   5.80 |   6.89 |  13.86 |   5.31 |I I 
17:50-Mon-Feb-27-2017 PM10  |  18.20 |  18.07 |  27.98 |  12.18 |I I 
17:50-Mon-Feb-27-2017 PM2.5 |   6.06 |   6.85 |  13.86 |   5.31 |I I 
17:54-Mon-Feb-27-2017 PM10  |  14.60 |  17.90 |  27.98 |  12.18 |I I 
17:54-Mon-Feb-27-2017 PM2.5 |   6.16 |   6.82 |  13.86 |   5.31 |I I 
17:55-Mon-Feb-27-2017 PM10  |  14.60 |  17.75 |  27.98 |  12.18 |I I 
17:55-Mon-Feb-27-2017 PM2.5 |   6.16 |   6.79 |  13.86 |   5.31 |I I 
17:57-Mon-Feb-27-2017 PM10  |  12.32 |  17.52 |  27.98 |  12.18 |B B 
17:57-Mon-Feb-27-2017 PM2.5 |   5.77 |   6.74 |  13.86 |   5.31 |B B 
18:01-Mon-Feb-27-2017recover dati per host :salvatorehost.no-ip.org/aria
18:01-Mon-Feb-27-2017recover dati per host :92.223.147.77/nodered
18:01-Mon-Feb-27-2017 PM10  |  14.95 |  17.41 |  27.98 |  12.18 |I I 
18:01-Mon-Feb-27-2017 PM2.5 |   5.96 |   6.71 |  13.86 |   5.31 |I I 
18:02-Mon-Feb-27-2017 PM10  |  12.89 |  12.89 |  27.98 |  12.18 |I I 
18:02-Mon-Feb-27-2017 PM2.5 |   5.60 |   5.60 |  13.86 |   5.31 |I I 
18:06-Mon-Feb-27-2017 PM10  |  14.00 |  13.44 |  27.98 |  12.18 |I I 
18:06-Mon-Feb-27-2017 PM2.5 |   5.81 |   5.71 |  13.86 |   5.31 |I I 
18:07-Mon-Feb-27-2017 PM10  |  16.52 |  14.47 |  27.98 |  12.18 |I I 
18:07-Mon-Feb-27-2017 PM2.5 |   5.38 |   5.60 |  13.86 |   5.31 |I I 
18:11-Mon-Feb-27-2017 PM10  |  18.98 |  15.60 |  27.98 |  12.18 |I I 
18:11-Mon-Feb-27-2017 PM2.5 |   6.44 |   5.81 |  13.86 |   5.31 |I I 
18:12-Mon-Feb-27-2017 PM10  |  17.26 |  15.93 |  27.98 |  12.18 |I I 
18:12-Mon-Feb-27-2017 PM2.5 |   6.28 |   5.90 |  13.86 |   5.31 |I I 
18:16-Mon-Feb-27-2017 PM10  |  15.44 |  15.85 |  27.98 |  12.18 |I I 
18:16-Mon-Feb-27-2017 PM2.5 |   5.89 |   5.90 |  13.86 |   5.31 |I I 
18:17-Mon-Feb-27-2017 PM10  |  11.64 |  15.24 |  27.98 |  12.18 |I I 
18:17-Mon-Feb-27-2017 PM2.5 |   5.56 |   5.85 |  13.86 |   5.31 |I I 
18:21-Mon-Feb-27-2017 PM10  |  18.75 |  15.68 |  27.98 |  12.18 |I I 
18:21-Mon-Feb-27-2017 PM2.5 |   6.62 |   5.95 |  13.86 |   5.31 |I I 
18:22-Mon-Feb-27-2017 PM10  |  16.01 |  15.72 |  27.98 |  12.18 |I I 
18:22-Mon-Feb-27-2017 PM2.5 |   6.39 |   6.00 |  13.86 |   5.31 |I I 
18:23-Mon-Feb-27-2017 PM10  |  16.01 |  15.75 |  27.98 |  12.18 |I I 
18:23-Mon-Feb-27-2017 PM2.5 |   6.39 |   6.04 |  13.86 |   5.31 |I I 
18:27-Mon-Feb-27-2017 PM10  |  16.80 |  15.84 |  27.98 |  12.18 |I I 
18:27-Mon-Feb-27-2017 PM2.5 |   5.92 |   6.03 |  13.86 |   5.31 |I I 
18:28-Mon-Feb-27-2017 PM10  |  13.99 |  15.69 |  27.98 |  12.18 |I I 
18:28-Mon-Feb-27-2017 PM2.5 |   6.12 |   6.03 |  13.86 |   5.31 |I I 
18:32-Mon-Feb-27-2017 PM10  |  15.46 |  15.67 |  27.98 |  12.18 |I I 
18:32-Mon-Feb-27-2017 PM2.5 |   6.48 |   6.07 |  13.86 |   5.31 |I I 
18:33-Mon-Feb-27-2017 PM10  |  12.37 |  15.44 |  27.98 |  12.18 |I I 
18:33-Mon-Feb-27-2017 PM2.5 |   5.61 |   6.03 |  13.86 |   5.31 |I I 
18:37-Mon-Feb-27-2017 PM10  |  14.69 |  15.39 |  27.98 |  12.18 |I I 
18:37-Mon-Feb-27-2017 PM2.5 |   6.17 |   6.04 |  13.86 |   5.31 |I I 
18:38-Mon-Feb-27-2017 PM10  |  15.28 |  15.38 |  27.98 |  12.18 |I I 
18:38-Mon-Feb-27-2017 PM2.5 |   6.31 |   6.06 |  13.86 |   5.31 |I I 
18:42-Mon-Feb-27-2017 PM10  |  12.55 |  15.21 |  27.98 |  12.18 |I I 
18:42-Mon-Feb-27-2017 PM2.5 |   5.88 |   6.05 |  13.86 |   5.31 |I I 
18:43-Mon-Feb-27-2017 PM10  |  18.66 |  15.40 |  27.98 |  12.18 |I I 
18:43-Mon-Feb-27-2017 PM2.5 |   6.25 |   6.06 |  13.86 |   5.31 |I I 
18:47-Mon-Feb-27-2017 PM10  |  19.62 |  15.63 |  27.98 |  12.18 |I I 
18:47-Mon-Feb-27-2017 PM2.5 |   6.71 |   6.09 |  13.86 |   5.31 |I I 
18:48-Mon-Feb-27-2017 PM10  |  13.60 |  15.52 |  27.98 |  12.18 |I I 
18:48-Mon-Feb-27-2017 PM2.5 |   5.88 |   6.08 |  13.86 |   5.31 |I I 
18:49-Mon-Feb-27-2017 PM10  |  13.60 |  15.43 |  27.98 |  12.18 |I I 
18:49-Mon-Feb-27-2017 PM2.5 |   5.88 |   6.07 |  13.86 |   5.31 |I I 
18:52-Mon-Feb-27-2017 PM10  |  14.65 |  15.40 |  27.98 |  12.18 |I I 
18:52-Mon-Feb-27-2017 PM2.5 |   6.07 |   6.07 |  13.86 |   5.31 |I I 
18:53-Mon-Feb-27-2017 PM10  |  14.65 |  15.37 |  27.98 |  12.18 |I I 
18:53-Mon-Feb-27-2017 PM2.5 |   6.07 |   6.07 |  13.86 |   5.31 |I I 
18:54-Mon-Feb-27-2017 PM10  |  12.97 |  15.27 |  27.98 |  12.18 |I I 
18:54-Mon-Feb-27-2017 PM2.5 |   5.35 |   6.04 |  13.86 |   5.31 |I I 
18:58-Mon-Feb-27-2017 PM10  |  13.42 |  15.19 |  27.98 |  12.18 |I I 
18:58-Mon-Feb-27-2017 PM2.5 |   6.00 |   6.04 |  13.86 |   5.31 |I I 
18:59-Mon-Feb-27-2017 PM10  |  16.04 |  15.22 |  27.98 |  12.18 |I I 
18:59-Mon-Feb-27-2017 PM2.5 |   6.53 |   6.06 |  13.86 |   5.31 |I I 
19:03-Mon-Feb-27-2017 PM10  |  15.38 |  15.23 |  27.98 |  12.18 |I I 
19:03-Mon-Feb-27-2017 PM2.5 |   7.08 |   6.10 |  13.86 |   5.31 |I I 
19:04-Mon-Feb-27-2017 PM10  |  12.72 |  12.72 |  27.98 |  12.18 |I I 
19:04-Mon-Feb-27-2017 PM2.5 |   6.01 |   6.01 |  13.86 |   5.31 |I I 
19:08-Mon-Feb-27-2017 PM10  |  14.45 |  13.59 |  27.98 |  12.18 |I I 
19:08-Mon-Feb-27-2017 PM2.5 |   6.50 |   6.25 |  13.86 |   5.31 |I I 
19:09-Mon-Feb-27-2017 PM10  |  13.47 |  13.55 |  27.98 |  12.18 |I I 
19:09-Mon-Feb-27-2017 PM2.5 |   6.55 |   6.35 |  13.86 |   5.31 |I I 
19:13-Mon-Feb-27-2017 PM10  |  13.14 |  13.45 |  27.98 |  12.18 |I I 
19:13-Mon-Feb-27-2017 PM2.5 |   6.95 |   6.50 |  13.86 |   5.31 |I I 
19:14-Mon-Feb-27-2017 PM10  |  16.02 |  13.96 |  27.98 |  12.18 |I I 
19:14-Mon-Feb-27-2017 PM2.5 |   7.20 |   6.64 |  13.86 |   5.31 |I I 
19:18-Mon-Feb-27-2017 PM10  |  17.26 |  14.51 |  27.98 |  12.18 |I I 
19:18-Mon-Feb-27-2017 PM2.5 |   7.66 |   6.81 |  13.86 |   5.31 |I I 
19:19-Mon-Feb-27-2017 PM10  |  17.26 |  14.90 |  27.98 |  12.18 |I I 
19:19-Mon-Feb-27-2017 PM2.5 |   7.66 |   6.93 |  13.86 |   5.31 |I I 
19:20-Mon-Feb-27-2017 PM10  |  16.87 |  15.15 |  27.98 |  12.18 |I I 
19:20-Mon-Feb-27-2017 PM2.5 |   7.47 |   7.00 |  13.86 |   5.31 |I I 
19:24-Mon-Feb-27-2017 PM10  |  17.26 |  15.38 |  27.98 |  12.18 |I I 
19:24-Mon-Feb-27-2017 PM2.5 |   7.74 |   7.08 |  13.86 |   5.31 |I I 
19:25-Mon-Feb-27-2017 PM10  |  17.33 |  15.58 |  27.98 |  12.18 |I I 
19:25-Mon-Feb-27-2017 PM2.5 |   8.18 |   7.19 |  13.86 |   5.31 |I I 
19:29-Mon-Feb-27-2017 PM10  |  18.88 |  15.88 |  27.98 |  12.18 |I I 
19:29-Mon-Feb-27-2017 PM2.5 |   8.14 |   7.28 |  13.86 |   5.31 |I I 
19:30-Mon-Feb-27-2017 PM10  |  16.70 |  15.95 |  27.98 |  12.18 |I I 
19:30-Mon-Feb-27-2017 PM2.5 |   7.48 |   7.29 |  13.86 |   5.31 |I I 
19:34-Mon-Feb-27-2017 PM10  |  20.41 |  16.29 |  27.98 |  12.18 |I I 
19:34-Mon-Feb-27-2017 PM2.5 |   8.00 |   7.35 |  13.86 |   5.31 |I I 
19:35-Mon-Feb-27-2017 PM10  |  19.57 |  16.52 |  27.98 |  12.18 |I I 
19:35-Mon-Feb-27-2017 PM2.5 |   8.35 |   7.42 |  13.86 |   5.31 |I I 
19:39-Mon-Feb-27-2017 PM10  |  19.50 |  16.72 |  27.98 |  12.18 |I I 
19:39-Mon-Feb-27-2017 PM2.5 |   8.64 |   7.50 |  13.86 |   5.31 |I I 
19:40-Mon-Feb-27-2017 PM10  |  19.09 |  16.87 |  27.98 |  12.18 |I I 
19:40-Mon-Feb-27-2017 PM2.5 |   8.82 |   7.58 |  13.86 |   5.31 |I I 
19:44-Mon-Feb-27-2017 PM10  |  25.35 |  17.37 |  27.98 |  12.18 |I I 
19:44-Mon-Feb-27-2017 PM2.5 |  10.29 |   7.74 |  13.86 |   5.31 |I I 
19:45-Mon-Feb-27-2017 PM10  |  25.35 |  17.81 |  27.98 |  12.18 |I I 
19:45-Mon-Feb-27-2017 PM2.5 |  10.29 |   7.88 |  13.86 |   5.31 |I I 
19:46-Mon-Feb-27-2017 PM10  |  29.93 |  18.45 |  27.98 |  12.18 |I I 
19:46-Mon-Feb-27-2017 PM2.5 |  12.46 |   8.13 |  13.86 |   5.31 |I I 
19:50-Mon-Feb-27-2017 PM10  |  29.06 |  18.98 |  27.98 |  12.18 |I I 
19:50-Mon-Feb-27-2017 PM2.5 |  13.07 |   8.37 |  13.86 |   5.31 |I I 
19:51-Mon-Feb-27-2017 PM10  |  27.65 |  19.39 |  27.98 |  12.18 |I I 
19:51-Mon-Feb-27-2017 PM2.5 |  11.07 |   8.50 |  13.86 |   5.31 |I I 
19:55-Mon-Feb-27-2017 PM10  |  31.47 |  19.94 |  27.98 |  12.18 |I I 
19:55-Mon-Feb-27-2017 PM2.5 |  12.20 |   8.67 |  13.86 |   5.31 |I I 
19:56-Mon-Feb-27-2017 PM10  |  30.41 |  20.40 |  27.98 |  12.18 |I I 
19:56-Mon-Feb-27-2017 PM2.5 |  10.89 |   8.77 |  13.86 |   5.31 |I I 
20:00-Mon-Feb-27-2017 PM10  |  30.45 |  20.82 |  27.98 |  12.18 |I I 
20:00-Mon-Feb-27-2017 PM2.5 |  11.93 |   8.90 |  13.86 |   5.31 |I I 
20:01-Mon-Feb-27-2017 PM10  |  22.64 |  22.64 |  27.98 |  12.18 |I I 
20:01-Mon-Feb-27-2017 PM2.5 |  10.26 |  10.26 |  13.86 |   5.31 |I I 
20:05-Mon-Feb-27-2017 PM10  |  23.52 |  23.08 |  27.98 |  12.18 |I I 
20:05-Mon-Feb-27-2017 PM2.5 |  10.27 |  10.26 |  13.86 |   5.31 |I I 
20:06-Mon-Feb-27-2017 PM10  |  19.58 |  21.91 |  27.98 |  12.18 |I I 
20:06-Mon-Feb-27-2017 PM2.5 |   9.10 |   9.87 |  13.86 |   5.31 |I I 
20:10-Mon-Feb-27-2017 PM10  |  25.15 |  22.72 |  27.98 |  12.18 |I I 
20:10-Mon-Feb-27-2017 PM2.5 |   9.74 |   9.84 |  13.86 |   5.31 |I I 
20:11-Mon-Feb-27-2017 PM10  |  25.15 |  23.21 |  27.98 |  12.18 |I I 
20:11-Mon-Feb-27-2017 PM2.5 |   9.74 |   9.82 |  13.86 |   5.31 |I I 
20:12-Mon-Feb-27-2017 PM10  |  24.18 |  23.37 |  27.98 |  12.18 |I I 
20:12-Mon-Feb-27-2017 PM2.5 |  10.58 |   9.95 |  13.86 |   5.31 |I I 
20:16-Mon-Feb-27-2017 PM10  |  27.47 |  23.95 |  27.98 |  12.18 |I I 
20:16-Mon-Feb-27-2017 PM2.5 |  11.27 |  10.14 |  13.86 |   5.31 |I I 
20:17-Mon-Feb-27-2017 PM10  |  30.84 |  24.82 |  27.98 |  12.18 |I I 
20:17-Mon-Feb-27-2017 PM2.5 |  10.39 |  10.17 |  13.86 |   5.31 |I I 
20:21-Mon-Feb-27-2017 PM10  |  29.48 |  25.33 |  27.98 |  12.18 |I I 
20:21-Mon-Feb-27-2017 PM2.5 |  11.67 |  10.34 |  13.86 |   5.31 |I I 
20:22-Mon-Feb-27-2017 PM10  |  31.09 |  25.91 |  27.98 |  12.18 |I I 
20:22-Mon-Feb-27-2017 PM2.5 |  12.13 |  10.51 |  13.86 |   5.31 |I I 
20:26-Mon-Feb-27-2017 PM10  |  26.81 |  25.99 |  27.98 |  12.18 |I I 
20:26-Mon-Feb-27-2017 PM2.5 |  12.61 |  10.70 |  13.86 |   5.31 |I I 
20:27-Mon-Feb-27-2017 PM10  |  28.77 |  26.22 |  27.98 |  12.18 |I I 
20:27-Mon-Feb-27-2017 PM2.5 |  12.02 |  10.81 |  13.86 |   5.31 |I I 
20:31-Mon-Feb-27-2017 PM10  |  26.83 |  26.27 |  27.98 |  12.18 |I I 
20:31-Mon-Feb-27-2017 PM2.5 |  12.54 |  10.95 |  13.86 |   5.31 |I I 
20:32-Mon-Feb-27-2017 PM10  |  27.22 |  26.34 |  27.98 |  12.18 |I I 
20:32-Mon-Feb-27-2017 PM2.5 |  12.34 |  11.05 |  13.86 |   5.31 |I I 
20:36-Mon-Feb-27-2017 PM10  |  32.44 |  26.74 |  27.98 |  12.18 |I I 
20:36-Mon-Feb-27-2017 PM2.5 |  13.18 |  11.19 |  13.86 |   5.31 |I I 
20:37-Mon-Feb-27-2017 PM10  |  32.44 |  27.10 |  27.98 |  12.18 |I I 
20:37-Mon-Feb-27-2017 PM2.5 |  13.18 |  11.31 |  13.86 |   5.31 |I I 
20:39-Mon-Feb-27-2017 PM10  |  33.43 |  27.47 |  27.98 |  12.18 |I I 
20:39-Mon-Feb-27-2017 PM2.5 |  14.00 |  11.47 |  13.86 |   5.31 |I I 
20:43-Mon-Feb-27-2017 PM10  |  36.08 |  27.95 |  27.98 |  12.18 |I I 
20:43-Mon-Feb-27-2017 PM2.5 |  14.44 |  11.64 |  13.86 |   5.31 |I I 
20:44-Mon-Feb-27-2017 PM10  |  36.36 |  28.39 |  27.98 |  12.18 |I I 
20:44-Mon-Feb-27-2017 PM2.5 |  14.91 |  11.81 |  13.86 |   5.31 |I I 
20:48-Mon-Feb-27-2017 PM10  |  36.81 |  28.81 |  27.98 |  12.18 |I I 
20:48-Mon-Feb-27-2017 PM2.5 |  15.99 |  12.02 |  13.86 |   5.31 |I I 
20:49-Mon-Feb-27-2017 PM10  |  33.52 |  29.04 |  27.98 |  12.18 |I I 
20:49-Mon-Feb-27-2017 PM2.5 |  16.26 |  12.22 |  13.86 |   5.31 |I I 
20:53-Mon-Feb-27-2017 PM10  |  35.22 |  29.32 |  27.98 |  12.18 |I I 
20:53-Mon-Feb-27-2017 PM2.5 |  17.44 |  12.46 |  13.86 |   5.31 |I I 
20:54-Mon-Feb-27-2017 PM10  |  38.54 |  29.72 |  27.98 |  12.18 |I I 
20:54-Mon-Feb-27-2017 PM2.5 |  15.83 |  12.60 |  13.86 |   5.31 |I I 
20:58-Mon-Feb-27-2017 PM10  |  38.79 |  30.10 |  27.98 |  12.18 |I I 
20:58-Mon-Feb-27-2017 PM2.5 |  17.63 |  12.81 |  13.86 |   5.31 |I I 
20:59-Mon-Feb-27-2017 PM10  |  34.80 |  30.29 |  27.98 |  12.18 |I I 
20:59-Mon-Feb-27-2017 PM2.5 |  15.90 |  12.94 |  13.86 |   5.31 |I I 
21:03-Mon-Feb-27-2017 PM10  |  30.82 |  30.31 |  30.31 |  12.18 |I I 
21:03-Mon-Feb-27-2017 PM2.5 |  16.15 |  13.06 |  13.86 |   5.31 |I I 
21:04-Mon-Feb-27-2017 PM10  |  41.96 |  41.96 |  30.31 |  12.18 |I I 
21:04-Mon-Feb-27-2017 PM2.5 |  17.16 |  17.16 |  13.86 |   5.31 |I I 
21:05-Mon-Feb-27-2017 PM10  |  41.96 |  41.96 |  30.31 |  12.18 |I I 
21:05-Mon-Feb-27-2017 PM2.5 |  17.16 |  17.16 |  13.86 |   5.31 |I I 
21:09-Mon-Feb-27-2017 PM10  |  37.91 |  40.61 |  30.31 |  12.18 |I I 
21:09-Mon-Feb-27-2017 PM2.5 |  17.13 |  17.15 |  13.86 |   5.31 |I I 
21:10-Mon-Feb-27-2017 PM10  |  31.42 |  38.31 |  30.31 |  12.18 |I I 
21:10-Mon-Feb-27-2017 PM2.5 |  15.41 |  16.72 |  13.86 |   5.31 |I I 
21:14-Mon-Feb-27-2017 PM10  |  34.08 |  37.47 |  30.31 |  12.18 |I I 
21:14-Mon-Feb-27-2017 PM2.5 |  16.88 |  16.75 |  13.86 |   5.31 |I I 
21:15-Mon-Feb-27-2017 PM10  |  40.69 |  38.00 |  30.31 |  12.18 |I I 
21:15-Mon-Feb-27-2017 PM2.5 |  16.17 |  16.65 |  13.86 |   5.31 |I I 
21:19-Mon-Feb-27-2017 PM10  |  37.12 |  37.88 |  30.31 |  12.18 |I I 
21:19-Mon-Feb-27-2017 PM2.5 |  17.15 |  16.72 |  13.86 |   5.31 |I I 
21:20-Mon-Feb-27-2017 PM10  |  40.68 |  38.23 |  30.31 |  12.18 |I I 
21:20-Mon-Feb-27-2017 PM2.5 |  16.35 |  16.68 |  13.86 |   5.31 |I I 
21:24-Mon-Feb-27-2017 PM10  |  44.43 |  38.92 |  30.31 |  12.18 |I I 
21:24-Mon-Feb-27-2017 PM2.5 |  16.99 |  16.71 |  13.86 |   5.31 |I I 
21:25-Mon-Feb-27-2017 PM10  |  31.30 |  38.16 |  30.31 |  12.18 |I I 
21:25-Mon-Feb-27-2017 PM2.5 |  16.05 |  16.65 |  13.86 |   5.31 |I I 
21:29-Mon-Feb-27-2017 PM10  |  32.25 |  37.62 |  30.31 |  12.18 |I I 
21:29-Mon-Feb-27-2017 PM2.5 |  16.98 |  16.68 |  13.86 |   5.31 |I I 
21:30-Mon-Feb-27-2017 PM10  |  34.72 |  37.38 |  30.31 |  12.18 |I I 
21:30-Mon-Feb-27-2017 PM2.5 |  16.33 |  16.65 |  13.86 |   5.31 |I I 
21:31-Mon-Feb-27-2017 PM10  |  34.72 |  37.17 |  30.31 |  12.18 |I I 
21:31-Mon-Feb-27-2017 PM2.5 |  16.33 |  16.62 |  13.86 |   5.31 |I I 
21:35-Mon-Feb-27-2017 PM10  |  34.09 |  36.95 |  30.31 |  12.18 |I I 
21:35-Mon-Feb-27-2017 PM2.5 |  16.87 |  16.64 |  13.86 |   5.31 |I I 
21:36-Mon-Feb-27-2017 PM10  |  29.84 |  36.48 |  30.31 |  12.18 |I I 
21:36-Mon-Feb-27-2017 PM2.5 |  15.20 |  16.55 |  13.86 |   5.31 |I I 
21:40-Mon-Feb-27-2017 PM10  |  32.94 |  36.26 |  30.31 |  12.18 |I I 
21:40-Mon-Feb-27-2017 PM2.5 |  16.68 |  16.55 |  13.86 |   5.31 |I I 
21:41-Mon-Feb-27-2017 PM10  |  34.74 |  36.17 |  30.31 |  12.18 |I I 
21:41-Mon-Feb-27-2017 PM2.5 |  15.86 |  16.51 |  13.86 |   5.31 |I I 
21:45-Mon-Feb-27-2017 PM10  |  28.92 |  35.76 |  30.31 |  12.18 |I I 
21:45-Mon-Feb-27-2017 PM2.5 |  15.81 |  16.47 |  13.86 |   5.31 |I I 
21:46-Mon-Feb-27-2017 PM10  |  36.58 |  35.81 |  30.31 |  12.18 |I I 
21:46-Mon-Feb-27-2017 PM2.5 |  15.70 |  16.43 |  13.86 |   5.31 |I I 
21:50-Mon-Feb-27-2017 PM10  |  30.06 |  35.52 |  30.31 |  12.18 |I I 
21:50-Mon-Feb-27-2017 PM2.5 |  15.85 |  16.40 |  13.86 |   5.31 |I I 
21:51-Mon-Feb-27-2017 PM10  |  32.08 |  35.36 |  30.31 |  12.18 |I I 
21:51-Mon-Feb-27-2017 PM2.5 |  16.02 |  16.39 |  13.86 |   5.31 |I I 
21:55-Mon-Feb-27-2017 PM10  |  32.83 |  35.24 |  30.31 |  12.18 |I I 
21:55-Mon-Feb-27-2017 PM2.5 |  17.22 |  16.42 |  13.86 |   5.31 |I I 
21:56-Mon-Feb-27-2017 PM10  |  30.02 |  35.01 |  30.31 |  12.18 |I I 
21:56-Mon-Feb-27-2017 PM2.5 |  16.10 |  16.41 |  13.86 |   5.31 |I I 
22:00-Mon-Feb-27-2017 PM10  |  34.72 |  35.00 |  35.00 |  12.18 |I I 
22:00-Mon-Feb-27-2017 PM2.5 |  16.95 |  16.43 |  16.43 |   5.31 |I I 
22:01-Mon-Feb-27-2017 PM10  |  34.72 |  34.72 |  35.00 |  12.18 |I I 
22:01-Mon-Feb-27-2017 PM2.5 |  16.95 |  16.95 |  16.43 |   5.31 |I I 
22:02-Mon-Feb-27-2017 PM10  |  33.84 |  34.28 |  35.00 |  12.18 |I I 
22:02-Mon-Feb-27-2017 PM2.5 |  15.79 |  16.37 |  16.43 |   5.31 |I I 
22:06-Mon-Feb-27-2017 PM10  |  35.48 |  34.68 |  35.00 |  12.18 |I I 
22:06-Mon-Feb-27-2017 PM2.5 |  16.53 |  16.42 |  16.43 |   5.31 |I I 
22:07-Mon-Feb-27-2017 PM10  |  37.31 |  35.34 |  35.00 |  12.18 |I I 
22:07-Mon-Feb-27-2017 PM2.5 |  15.72 |  16.25 |  16.43 |   5.31 |I I 
22:11-Mon-Feb-27-2017 PM10  |  32.53 |  34.78 |  35.00 |  12.18 |I I 
22:11-Mon-Feb-27-2017 PM2.5 |  16.37 |  16.27 |  16.43 |   5.31 |I I 
22:12-Mon-Feb-27-2017 PM10  |  38.38 |  35.38 |  35.00 |  12.18 |I I 
22:12-Mon-Feb-27-2017 PM2.5 |  16.02 |  16.23 |  16.43 |   5.31 |I I 
22:16-Mon-Feb-27-2017 PM10  |  36.70 |  35.57 |  35.00 |  12.18 |I I 
22:16-Mon-Feb-27-2017 PM2.5 |  17.16 |  16.36 |  16.43 |   5.31 |I I 
22:17-Mon-Feb-27-2017 PM10  |  34.60 |  35.45 |  35.00 |  12.18 |I I 
22:17-Mon-Feb-27-2017 PM2.5 |  16.06 |  16.32 |  16.43 |   5.31 |I I 
22:21-Mon-Feb-27-2017 PM10  |  34.71 |  35.36 |  35.00 |  12.18 |I I 
22:21-Mon-Feb-27-2017 PM2.5 |  16.63 |  16.36 |  16.43 |   5.31 |I I 
22:22-Mon-Feb-27-2017 PM10  |  33.32 |  35.16 |  35.00 |  12.18 |I I 
22:22-Mon-Feb-27-2017 PM2.5 |  15.30 |  16.25 |  16.43 |   5.31 |I I 
22:26-Mon-Feb-27-2017 PM10  |  35.21 |  35.16 |  35.00 |  12.18 |I I 
22:26-Mon-Feb-27-2017 PM2.5 |  16.62 |  16.29 |  16.43 |   5.31 |I I 
22:27-Mon-Feb-27-2017 PM10  |  35.21 |  35.17 |  35.00 |  12.18 |I I 
22:27-Mon-Feb-27-2017 PM2.5 |  16.62 |  16.31 |  16.43 |   5.31 |I I 
22:28-Mon-Feb-27-2017 PM10  |  32.04 |  34.93 |  35.00 |  12.18 |I I 
22:28-Mon-Feb-27-2017 PM2.5 |  15.47 |  16.25 |  16.43 |   5.31 |I I 
22:32-Mon-Feb-27-2017 PM10  |  34.08 |  34.87 |  35.00 |  12.18 |I I 
22:32-Mon-Feb-27-2017 PM2.5 |  16.05 |  16.24 |  16.43 |   5.31 |I I 
22:33-Mon-Feb-27-2017 PM10  |  31.04 |  34.61 |  35.00 |  12.18 |I I 
22:33-Mon-Feb-27-2017 PM2.5 |  15.43 |  16.18 |  16.43 |   5.31 |I I 
22:37-Mon-Feb-27-2017 PM10  |  34.52 |  34.61 |  35.00 |  12.18 |I I 
22:37-Mon-Feb-27-2017 PM2.5 |  15.33 |  16.13 |  16.43 |   5.31 |I I 
22:38-Mon-Feb-27-2017 PM10  |  29.50 |  34.31 |  35.00 |  12.18 |I I 
22:38-Mon-Feb-27-2017 PM2.5 |  14.47 |  16.03 |  16.43 |   5.31 |I I 
22:42-Mon-Feb-27-2017 PM10  |  34.44 |  34.31 |  35.00 |  12.18 |I I 
22:42-Mon-Feb-27-2017 PM2.5 |  15.83 |  16.02 |  16.43 |   5.31 |I I 
22:43-Mon-Feb-27-2017 PM10  |  33.65 |  34.28 |  35.00 |  12.18 |I I 
22:43-Mon-Feb-27-2017 PM2.5 |  15.34 |  15.98 |  16.43 |   5.31 |I I 
22:47-Mon-Feb-27-2017 PM10  |  32.57 |  34.19 |  35.00 |  12.18 |I I 
22:47-Mon-Feb-27-2017 PM2.5 |  16.12 |  15.99 |  16.43 |   5.31 |I I 
22:48-Mon-Feb-27-2017 PM10  |  30.55 |  34.02 |  35.00 |  12.18 |I I 
22:48-Mon-Feb-27-2017 PM2.5 |  14.65 |  15.93 |  16.43 |   5.31 |I I 
22:52-Mon-Feb-27-2017 PM10  |  32.70 |  33.96 |  35.00 |  12.18 |I I 
22:52-Mon-Feb-27-2017 PM2.5 |  16.21 |  15.94 |  16.43 |   5.31 |I I 
22:53-Mon-Feb-27-2017 PM10  |  32.70 |  33.91 |  35.00 |  12.18 |I I 
22:53-Mon-Feb-27-2017 PM2.5 |  16.21 |  15.95 |  16.43 |   5.31 |I I 
22:54-Mon-Feb-27-2017 PM10  |  33.90 |  33.91 |  35.00 |  12.18 |I I 
22:54-Mon-Feb-27-2017 PM2.5 |  14.80 |  15.90 |  16.43 |   5.31 |I I 
22:58-Mon-Feb-27-2017 PM10  |  36.01 |  33.99 |  35.00 |  12.18 |I I 
22:58-Mon-Feb-27-2017 PM2.5 |  15.70 |  15.89 |  16.43 |   5.31 |I I 
22:59-Mon-Feb-27-2017 PM10  |  27.77 |  33.75 |  35.00 |  12.18 |I I 
22:59-Mon-Feb-27-2017 PM2.5 |  14.28 |  15.83 |  16.43 |   5.31 |I I 
23:03-Mon-Feb-27-2017 PM10  |  30.17 |  33.62 |  35.00 |  12.18 |I I 
23:03-Mon-Feb-27-2017 PM2.5 |  15.06 |  15.80 |  16.43 |   5.31 |I I 
23:04-Mon-Feb-27-2017 PM10  |  28.70 |  28.70 |  35.00 |  12.18 |I I 
23:04-Mon-Feb-27-2017 PM2.5 |  14.90 |  14.90 |  16.43 |   5.31 |I I 
23:08-Mon-Feb-27-2017 PM10  |  31.70 |  30.20 |  35.00 |  12.18 |I I 
23:08-Mon-Feb-27-2017 PM2.5 |  15.04 |  14.97 |  16.43 |   5.31 |I I 
23:09-Mon-Feb-27-2017 PM10  |  31.62 |  30.67 |  35.00 |  12.18 |I I 
23:09-Mon-Feb-27-2017 PM2.5 |  14.26 |  14.73 |  16.43 |   5.31 |I I 
23:13-Mon-Feb-27-2017 PM10  |  31.30 |  30.83 |  35.00 |  12.18 |I I 
23:13-Mon-Feb-27-2017 PM2.5 |  15.07 |  14.82 |  16.43 |   5.31 |I I 
23:14-Mon-Feb-27-2017 PM10  |  30.57 |  30.78 |  35.00 |  12.18 |I I 
23:14-Mon-Feb-27-2017 PM2.5 |  14.28 |  14.71 |  16.43 |   5.31 |I I 
23:18-Mon-Feb-27-2017 PM10  |  32.62 |  31.09 |  35.00 |  12.18 |I I 
23:18-Mon-Feb-27-2017 PM2.5 |  15.24 |  14.80 |  16.43 |   5.31 |I I 
23:19-Mon-Feb-27-2017 PM10  |  29.73 |  30.89 |  35.00 |  12.18 |I I 
23:19-Mon-Feb-27-2017 PM2.5 |  13.35 |  14.59 |  16.43 |   5.31 |I I 
23:20-Mon-Feb-27-2017 PM10  |  29.73 |  30.75 |  35.00 |  12.18 |I I 
23:20-Mon-Feb-27-2017 PM2.5 |  13.35 |  14.44 |  16.43 |   5.31 |I I 
23:24-Mon-Feb-27-2017 PM10  |  30.79 |  30.75 |  35.00 |  12.18 |I I 
23:24-Mon-Feb-27-2017 PM2.5 |  14.39 |  14.43 |  16.43 |   5.31 |I I 
23:25-Mon-Feb-27-2017 PM10  |  29.73 |  30.65 |  35.00 |  12.18 |I I 
23:25-Mon-Feb-27-2017 PM2.5 |  13.41 |  14.33 |  16.43 |   5.31 |I I 
23:29-Mon-Feb-27-2017 PM10  |  31.69 |  30.74 |  35.00 |  12.18 |I I 
23:29-Mon-Feb-27-2017 PM2.5 |  14.57 |  14.35 |  16.43 |   5.31 |I I 
23:30-Mon-Feb-27-2017 PM10  |  29.91 |  30.67 |  35.00 |  12.18 |I I 
23:30-Mon-Feb-27-2017 PM2.5 |  12.85 |  14.23 |  16.43 |   5.31 |I I 
23:35-Mon-Feb-27-2017 PM10  |  29.09 |  30.55 |  35.00 |  12.18 |I I 
23:35-Mon-Feb-27-2017 PM2.5 |  13.96 |  14.21 |  16.43 |   5.31 |I I 
23:36-Mon-Feb-27-2017 PM10  |  27.73 |  30.35 |  35.00 |  12.18 |I I 
23:36-Mon-Feb-27-2017 PM2.5 |  13.79 |  14.18 |  16.43 |   5.31 |I I 
23:40-Mon-Feb-27-2017 PM10  |  31.14 |  30.40 |  35.00 |  12.18 |I I 
23:40-Mon-Feb-27-2017 PM2.5 |  13.92 |  14.16 |  16.43 |   5.31 |I I 
23:41-Mon-Feb-27-2017 PM10  |  32.21 |  30.52 |  35.00 |  12.18 |I I 
23:41-Mon-Feb-27-2017 PM2.5 |  13.28 |  14.10 |  16.43 |   5.31 |I I 
23:45-Mon-Feb-27-2017 PM10  |  29.01 |  30.43 |  35.00 |  12.18 |I I 
23:45-Mon-Feb-27-2017 PM2.5 |  13.56 |  14.07 |  16.43 |   5.31 |I I 
23:46-Mon-Feb-27-2017 PM10  |  27.89 |  30.29 |  35.00 |  12.18 |I I 
23:46-Mon-Feb-27-2017 PM2.5 |  12.66 |  13.99 |  16.43 |   5.31 |I I 
23:47-Mon-Feb-27-2017 PM10  |  27.89 |  30.16 |  35.00 |  12.18 |I I 
23:47-Mon-Feb-27-2017 PM2.5 |  12.66 |  13.92 |  16.43 |   5.31 |I I 
23:51-Mon-Feb-27-2017 PM10  |  29.76 |  30.14 |  35.00 |  12.18 |I I 
23:51-Mon-Feb-27-2017 PM2.5 |  13.35 |  13.89 |  16.43 |   5.31 |I I 
23:52-Mon-Feb-27-2017 PM10  |  26.36 |  29.96 |  35.00 |  12.18 |I I 
23:52-Mon-Feb-27-2017 PM2.5 |  12.85 |  13.84 |  16.43 |   5.31 |I I 
23:56-Mon-Feb-27-2017 PM10  |  32.20 |  30.06 |  35.00 |  12.18 |I I 
23:56-Mon-Feb-27-2017 PM2.5 |  14.03 |  13.85 |  16.43 |   5.31 |I I 
23:57-Mon-Feb-27-2017 PM10  |  30.71 |  30.09 |  35.00 |  12.18 |I I 
23:57-Mon-Feb-27-2017 PM2.5 |  13.81 |  13.85 |  16.43 |   5.31 |I I 
00:01-Tue-Feb-28-2017 PM10  |  33.18 |  30.22 |  35.00 |  12.18 |I I 
