[Mon May  1 00:00:56 2017] Report del giorno Monday May 01 2017 -- INVIATO a centraline@googlegroups.com
00:00-Mon-May-01-2017 PM2.5 |   3.95 |   4.04 |   4.45 |   2.40 |I I 
00:03-Mon-May-01-2017 PM10  |   7.38 |   7.38 |   0.00 |  2000.00|I I 
00:03-Mon-May-01-2017 PM2.5 |   4.01 |   4.01 |   0.00 |  2000.00|I I 
00:04-Mon-May-01-2017 PM10  |   9.25 |   8.32 |   0.00 |  2000.00|I I 
00:04-Mon-May-01-2017 PM2.5 |   4.32 |   4.17 |   0.00 |  2000.00|I I 
00:09-Mon-May-01-2017 PM10  |   8.05 |   8.23 |   0.00 |  2000.00|I B 
00:09-Mon-May-01-2017 PM2.5 |   3.85 |   4.06 |   0.00 |  2000.00|I B 
00:10-Mon-May-01-2017recover dati per host :92.223.147.77/nodered
00:10-Mon-May-01-2017 PM10  |  10.47 |   8.79 |   0.00 |  2000.00|B I 
00:10-Mon-May-01-2017 PM2.5 |   3.90 |   4.02 |   0.00 |  2000.00|B I 
00:11-Mon-May-01-2017recover dati per host :salvatorehost.no-ip.org/aria
00:11-Mon-May-01-2017 PM10  |  10.47 |   9.13 |   0.00 |  2000.00|I I 
00:11-Mon-May-01-2017 PM2.5 |   3.90 |   4.00 |   0.00 |  2000.00|I I 
00:15-Mon-May-01-2017 PM10  |   6.87 |   8.75 |   0.00 |  2000.00|I I 
00:15-Mon-May-01-2017 PM2.5 |   3.97 |   3.99 |   0.00 |  2000.00|I I 
00:16-Mon-May-01-2017 PM10  |   7.83 |   8.62 |   0.00 |  2000.00|I I 
00:16-Mon-May-01-2017 PM2.5 |   3.66 |   3.94 |   0.00 |  2000.00|I I 
00:20-Mon-May-01-2017 PM10  |   8.83 |   8.65 |   0.00 |  2000.00|I I 
00:20-Mon-May-01-2017 PM2.5 |   3.89 |   3.94 |   0.00 |  2000.00|I I 
00:21-Mon-May-01-2017 PM10  |   6.57 |   8.41 |   0.00 |  2000.00|I I 
00:21-Mon-May-01-2017 PM2.5 |   3.90 |   3.93 |   0.00 |  2000.00|I I 
00:25-Mon-May-01-2017 PM10  |   6.77 |   8.25 |   0.00 |  2000.00|I I 
00:25-Mon-May-01-2017 PM2.5 |   3.92 |   3.93 |   0.00 |  2000.00|I I 
00:26-Mon-May-01-2017 PM10  |   9.39 |   8.35 |   0.00 |  2000.00|I I 
00:26-Mon-May-01-2017 PM2.5 |   3.78 |   3.92 |   0.00 |  2000.00|I I 
00:30-Mon-May-01-2017 PM10  |   6.89 |   8.23 |   0.00 |  2000.00|I I 
00:30-Mon-May-01-2017 PM2.5 |   3.71 |   3.90 |   0.00 |  2000.00|I I 
00:31-Mon-May-01-2017 PM10  |  14.65 |   8.73 |   0.00 |  2000.00|I I 
00:31-Mon-May-01-2017 PM2.5 |   4.35 |   3.94 |   0.00 |  2000.00|I I 
00:35-Mon-May-01-2017 PM10  |  10.22 |   8.83 |   0.00 |  2000.00|I I 
00:35-Mon-May-01-2017 PM2.5 |   3.87 |   3.93 |   0.00 |  2000.00|I I 
00:36-Mon-May-01-2017 PM10  |   7.32 |   8.73 |   0.00 |  2000.00|I I 
00:36-Mon-May-01-2017 PM2.5 |   3.64 |   3.91 |   0.00 |  2000.00|I I 
00:40-Mon-May-01-2017 PM10  |   7.81 |   8.67 |   0.00 |  2000.00|I I 
00:40-Mon-May-01-2017 PM2.5 |   3.75 |   3.90 |   0.00 |  2000.00|I I 
00:41-Mon-May-01-2017 PM10  |   5.07 |   8.46 |   0.00 |  2000.00|I I 
00:41-Mon-May-01-2017 PM2.5 |   4.11 |   3.91 |   0.00 |  2000.00|I I 
00:45-Mon-May-01-2017 PM10  |   5.92 |   8.32 |   0.00 |  2000.00|I I 
00:45-Mon-May-01-2017 PM2.5 |   3.87 |   3.91 |   0.00 |  2000.00|I I 
00:46-Mon-May-01-2017 PM10  |   5.92 |   8.19 |   0.00 |  2000.00|I I 
00:46-Mon-May-01-2017 PM2.5 |   3.87 |   3.91 |   0.00 |  2000.00|I I 
00:47-Mon-May-01-2017 PM10  |   7.32 |   8.15 |   0.00 |  2000.00|I I 
00:47-Mon-May-01-2017 PM2.5 |   3.65 |   3.90 |   0.00 |  2000.00|I I 
00:51-Mon-May-01-2017 PM10  |   5.98 |   8.05 |   0.00 |  2000.00|I I 
00:51-Mon-May-01-2017 PM2.5 |   3.67 |   3.89 |   0.00 |  2000.00|I I 
00:52-Mon-May-01-2017 PM10  |   8.83 |   8.08 |   0.00 |  2000.00|I I 
00:52-Mon-May-01-2017 PM2.5 |   4.30 |   3.90 |   0.00 |  2000.00|I I 
00:56-Mon-May-01-2017 PM10  |   7.19 |   8.04 |   0.00 |  2000.00|I I 
00:56-Mon-May-01-2017 PM2.5 |   4.08 |   3.91 |   0.00 |  2000.00|I I 
00:57-Mon-May-01-2017 PM10  |   5.54 |   7.94 |   0.00 |  2000.00|I I 
00:57-Mon-May-01-2017 PM2.5 |   3.53 |   3.90 |   0.00 |  2000.00|I I 
01:01-Mon-May-01-2017 PM10  |   6.73 |   7.89 |   7.89 |   7.89 |I I 
01:01-Mon-May-01-2017 PM2.5 |   3.85 |   3.89 |   3.89 |   3.89 |I I 
01:02-Mon-May-01-2017 PM10  |   8.71 |   8.71 |   7.89 |   7.89 |I I 
01:02-Mon-May-01-2017 PM2.5 |   3.99 |   3.99 |   3.89 |   3.89 |I I 
01:06-Mon-May-01-2017 PM10  |   6.17 |   7.44 |   7.89 |   7.89 |I I 
01:06-Mon-May-01-2017 PM2.5 |   3.87 |   3.93 |   3.89 |   3.89 |I I 
01:07-Mon-May-01-2017 PM10  |   5.10 |   6.66 |   7.89 |   7.89 |I I 
01:07-Mon-May-01-2017 PM2.5 |   3.76 |   3.87 |   3.89 |   3.89 |I I 
01:11-Mon-May-01-2017 PM10  |   5.86 |   6.46 |   7.89 |   7.89 |I I 
01:11-Mon-May-01-2017 PM2.5 |   3.85 |   3.87 |   3.89 |   3.89 |I I 
01:12-Mon-May-01-2017 PM10  |   7.15 |   6.60 |   7.89 |   7.89 |B I 
01:12-Mon-May-01-2017 PM2.5 |   3.96 |   3.89 |   3.89 |   3.89 |B I 
01:13-Mon-May-01-2017recover dati per host :salvatorehost.no-ip.org/aria
01:13-Mon-May-01-2017 PM10  |   7.15 |   6.69 |   7.89 |   7.89 |I I 
01:13-Mon-May-01-2017 PM2.5 |   3.96 |   3.90 |   3.89 |   3.89 |I I 
01:17-Mon-May-01-2017 PM10  |   7.16 |   6.76 |   7.89 |   7.89 |I I 
01:17-Mon-May-01-2017 PM2.5 |   3.94 |   3.90 |   3.89 |   3.89 |I I 
01:18-Mon-May-01-2017 PM10  |   5.72 |   6.63 |   7.89 |   7.89 |I I 
01:18-Mon-May-01-2017 PM2.5 |   3.96 |   3.91 |   3.89 |   3.89 |I I 
01:22-Mon-May-01-2017 PM10  |   5.33 |   6.48 |   7.89 |   7.89 |I I 
01:22-Mon-May-01-2017 PM2.5 |   3.37 |   3.85 |   3.89 |   3.89 |I I 
01:23-Mon-May-01-2017 PM10  |   7.04 |   6.54 |   7.89 |   7.89 |I I 
01:23-Mon-May-01-2017 PM2.5 |   4.10 |   3.88 |   3.89 |   3.89 |I I 
01:27-Mon-May-01-2017 PM10  |   6.75 |   6.56 |   7.89 |   7.89 |I I 
01:27-Mon-May-01-2017 PM2.5 |   3.94 |   3.88 |   3.89 |   3.89 |I I 
01:28-Mon-May-01-2017 PM10  |   6.17 |   6.53 |   7.89 |   7.89 |I I 
01:28-Mon-May-01-2017 PM2.5 |   3.86 |   3.88 |   3.89 |   3.89 |I I 
01:33-Mon-May-01-2017 PM10  |   7.06 |   6.57 |   7.89 |   7.89 |I I 
01:33-Mon-May-01-2017 PM2.5 |   3.84 |   3.88 |   3.89 |   3.89 |I I 
01:34-Mon-May-01-2017 PM10  |   5.35 |   6.48 |   7.89 |   7.89 |I I 
01:34-Mon-May-01-2017 PM2.5 |   3.74 |   3.87 |   3.89 |   3.89 |I I 
01:38-Mon-May-01-2017 PM10  |   6.28 |   6.47 |   7.89 |   7.89 |I I 
01:38-Mon-May-01-2017 PM2.5 |   3.94 |   3.87 |   3.89 |   3.89 |I I 
01:39-Mon-May-01-2017 PM10  |   6.15 |   6.45 |   7.89 |   7.89 |I I 
01:39-Mon-May-01-2017 PM2.5 |   3.94 |   3.88 |   3.89 |   3.89 |I I 
01:43-Mon-May-01-2017 PM10  |   6.38 |   6.44 |   7.89 |   7.89 |I I 
01:43-Mon-May-01-2017 PM2.5 |   3.91 |   3.88 |   3.89 |   3.89 |I I 
01:44-Mon-May-01-2017 PM10  |   6.38 |   6.44 |   7.89 |   7.89 |I I 
01:44-Mon-May-01-2017 PM2.5 |   3.91 |   3.88 |   3.89 |   3.89 |I I 
01:45-Mon-May-01-2017 PM10  |   5.21 |   6.37 |   7.89 |   7.89 |I I 
01:45-Mon-May-01-2017 PM2.5 |   3.80 |   3.88 |   3.89 |   3.89 |I I 
01:49-Mon-May-01-2017 PM10  |   4.80 |   6.29 |   7.89 |   7.89 |I I 
01:49-Mon-May-01-2017 PM2.5 |   3.64 |   3.86 |   3.89 |   3.89 |I I 
01:50-Mon-May-01-2017 PM10  |   5.59 |   6.26 |   7.89 |   7.89 |I I 
01:50-Mon-May-01-2017 PM2.5 |   3.64 |   3.85 |   3.89 |   3.89 |I I 
01:54-Mon-May-01-2017 PM10  |   5.94 |   6.25 |   7.89 |   7.89 |I I 
01:54-Mon-May-01-2017 PM2.5 |   3.79 |   3.85 |   3.89 |   3.89 |I I 
01:55-Mon-May-01-2017 PM10  |   6.77 |   6.27 |   7.89 |   7.89 |I I 
01:55-Mon-May-01-2017 PM2.5 |   3.52 |   3.84 |   3.89 |   3.89 |I I 
01:59-Mon-May-01-2017 PM10  |   6.21 |   6.27 |   7.89 |   7.89 |I I 
01:59-Mon-May-01-2017 PM2.5 |   3.92 |   3.84 |   3.89 |   3.89 |I I 
02:00-Mon-May-01-2017 PM10  |   6.14 |   6.26 |   7.89 |   6.26 |I I 
02:00-Mon-May-01-2017 PM2.5 |   3.93 |   3.84 |   3.89 |   3.84 |I I 
02:04-Mon-May-01-2017 PM10  |   7.43 |   7.43 |   7.89 |   6.26 |I I 
02:04-Mon-May-01-2017 PM2.5 |   3.90 |   3.90 |   3.89 |   3.84 |I I 
02:05-Mon-May-01-2017 PM10  |   7.58 |   7.51 |   7.89 |   6.26 |I I 
02:05-Mon-May-01-2017 PM2.5 |   4.02 |   3.96 |   3.89 |   3.84 |I I 
02:09-Mon-May-01-2017 PM10  |   7.17 |   7.39 |   7.89 |   6.26 |I I 
02:09-Mon-May-01-2017 PM2.5 |   3.95 |   3.96 |   3.89 |   3.84 |I I 
02:10-Mon-May-01-2017 PM10  |   5.40 |   6.89 |   7.89 |   6.26 |I I 
02:10-Mon-May-01-2017 PM2.5 |   3.45 |   3.83 |   3.89 |   3.84 |I I 
02:11-Mon-May-01-2017 PM10  |   5.40 |   6.59 |   7.89 |   6.26 |I I 
02:11-Mon-May-01-2017 PM2.5 |   3.45 |   3.75 |   3.89 |   3.84 |I I 
02:15-Mon-May-01-2017 PM10  |   5.39 |   6.39 |   7.89 |   6.26 |I I 
02:15-Mon-May-01-2017 PM2.5 |   3.78 |   3.76 |   3.89 |   3.84 |I I 
02:16-Mon-May-01-2017Timeout Event handler
02:16-Mon-May-01-2017 PM10  |   5.66 |   6.29 |   7.89 |   6.26 |B I 
02:16-Mon-May-01-2017 PM2.5 |   3.70 |   3.75 |   3.89 |   3.84 |B I 
02:20-Mon-May-01-2017recover dati per host :salvatorehost.no-ip.org/aria
02:20-Mon-May-01-2017 PM10  |   7.00 |   6.38 |   7.89 |   6.26 |I I 
02:20-Mon-May-01-2017 PM2.5 |   3.80 |   3.75 |   3.89 |   3.84 |I I 
02:21-Mon-May-01-2017 PM10  |   5.35 |   6.26 |   7.89 |   6.26 |I I 
02:21-Mon-May-01-2017 PM2.5 |   3.81 |   3.76 |   3.89 |   3.84 |I I 
02:25-Mon-May-01-2017 PM10  |   5.64 |   6.20 |   7.89 |   6.26 |I I 
02:25-Mon-May-01-2017 PM2.5 |   3.80 |   3.76 |   3.89 |   3.84 |I I 
02:26-Mon-May-01-2017Timeout Event handler
02:26-Mon-May-01-2017 PM10  |   6.30 |   6.21 |   7.89 |   6.26 |B B 
02:26-Mon-May-01-2017 PM2.5 |   3.85 |   3.77 |   3.89 |   3.84 |B B 
02:30-Mon-May-01-2017recover dati per host :salvatorehost.no-ip.org/aria
02:30-Mon-May-01-2017recover dati per host :92.223.147.77/nodered
02:30-Mon-May-01-2017 PM10  |   5.59 |   6.16 |   7.89 |   6.26 |I I 
02:30-Mon-May-01-2017 PM2.5 |   3.83 |   3.78 |   3.89 |   3.84 |I I 
02:31-Mon-May-01-2017 PM10  |   5.85 |   6.13 |   7.89 |   6.26 |I I 
02:31-Mon-May-01-2017 PM2.5 |   3.90 |   3.79 |   3.89 |   3.84 |I I 
02:35-Mon-May-01-2017 PM10  |   6.35 |   6.15 |   7.89 |   6.26 |B B 
02:35-Mon-May-01-2017 PM2.5 |   3.64 |   3.78 |   3.89 |   3.84 |B B 
02:36-Mon-May-01-2017recover dati per host :salvatorehost.no-ip.org/aria
02:36-Mon-May-01-2017recover dati per host :92.223.147.77/nodered
02:36-Mon-May-01-2017 PM10  |   6.29 |   6.16 |   7.89 |   6.26 |I I 
02:36-Mon-May-01-2017 PM2.5 |   3.62 |   3.77 |   3.89 |   3.84 |I I 
02:40-Mon-May-01-2017 PM10  |   5.78 |   6.14 |   7.89 |   6.26 |B B 
02:40-Mon-May-01-2017 PM2.5 |   3.78 |   3.77 |   3.89 |   3.84 |B B 
02:41-Mon-May-01-2017recover dati per host :salvatorehost.no-ip.org/aria
02:41-Mon-May-01-2017recover dati per host :92.223.147.77/nodered
02:41-Mon-May-01-2017 PM10  |   5.80 |   6.12 |   7.89 |   6.26 |I I 
02:41-Mon-May-01-2017 PM2.5 |   3.76 |   3.77 |   3.89 |   3.84 |I I 
02:45-Mon-May-01-2017 PM10  |   5.85 |   6.10 |   7.89 |   6.26 |I I 
02:45-Mon-May-01-2017 PM2.5 |   3.89 |   3.77 |   3.89 |   3.84 |I I 
02:46-Mon-May-01-2017 PM10  |   6.17 |   6.11 |   7.89 |   6.26 |B B 
02:46-Mon-May-01-2017 PM2.5 |   3.80 |   3.78 |   3.89 |   3.84 |B B 
02:51-Mon-May-01-2017 PM10  |   5.50 |   6.07 |   7.89 |   6.26 |B B 
02:51-Mon-May-01-2017 PM2.5 |   3.63 |   3.77 |   3.89 |   3.84 |B B 
02:52-Mon-May-01-2017recover dati per host :salvatorehost.no-ip.org/aria
02:52-Mon-May-01-2017recover dati per host :92.223.147.77/nodered
02:52-Mon-May-01-2017 PM10  |   5.50 |   6.05 |   7.89 |   6.26 |I I 
02:52-Mon-May-01-2017 PM2.5 |   3.63 |   3.76 |   3.89 |   3.84 |I I 
02:53-Mon-May-01-2017 PM10  |   5.59 |   6.03 |   7.89 |   6.26 |B B 
02:53-Mon-May-01-2017 PM2.5 |   3.50 |   3.75 |   3.89 |   3.84 |B B 
02:57-Mon-May-01-2017recover dati per host :salvatorehost.no-ip.org/aria
02:57-Mon-May-01-2017recover dati per host :92.223.147.77/nodered
02:57-Mon-May-01-2017 PM10  |   6.49 |   6.05 |   7.89 |   6.26 |I I 
02:57-Mon-May-01-2017 PM2.5 |   3.75 |   3.75 |   3.89 |   3.84 |I I 
02:58-Mon-May-01-2017 PM10  |   6.00 |   6.04 |   7.89 |   6.26 |I I 
02:58-Mon-May-01-2017 PM2.5 |   3.81 |   3.75 |   3.89 |   3.84 |I I 
03:02-Mon-May-01-2017 PM10  |   5.43 |   6.02 |   7.89 |   6.02 |I I 
03:02-Mon-May-01-2017 PM2.5 |   3.66 |   3.75 |   3.89 |   3.75 |I I 
03:03-Mon-May-01-2017 PM10  |   7.17 |   7.17 |   7.89 |   6.02 |B I 
03:03-Mon-May-01-2017 PM2.5 |   3.96 |   3.96 |   3.89 |   3.75 |B I 
03:07-Mon-May-01-2017recover dati per host :salvatorehost.no-ip.org/aria
03:07-Mon-May-01-2017 PM10  |   7.25 |   7.21 |   7.89 |   6.02 |I I 
03:07-Mon-May-01-2017 PM2.5 |   3.94 |   3.95 |   3.89 |   3.75 |I I 
03:08-Mon-May-01-2017Timeout Event handler
03:08-Mon-May-01-2017 PM10  |   5.13 |   6.52 |   7.89 |   6.02 |B I 
03:08-Mon-May-01-2017 PM2.5 |   3.83 |   3.91 |   3.89 |   3.75 |B I 
03:12-Mon-May-01-2017recover dati per host :salvatorehost.no-ip.org/aria
03:12-Mon-May-01-2017 PM10  |   6.47 |   6.51 |   7.89 |   6.02 |I I 
03:12-Mon-May-01-2017 PM2.5 |   3.56 |   3.82 |   3.89 |   3.75 |I I 
03:13-Mon-May-01-2017 PM10  |   5.63 |   6.33 |   7.89 |   6.02 |I I 
03:13-Mon-May-01-2017 PM2.5 |   3.51 |   3.76 |   3.89 |   3.75 |I I 
03:17-Mon-May-01-2017 PM10  |   5.82 |   6.25 |   7.89 |   6.02 |B B 
03:17-Mon-May-01-2017 PM2.5 |   3.54 |   3.72 |   3.89 |   3.75 |B B 
03:18-Mon-May-01-2017recover dati per host :salvatorehost.no-ip.org/aria
03:18-Mon-May-01-2017recover dati per host :92.223.147.77/nodered
03:18-Mon-May-01-2017 PM10  |   5.77 |   6.18 |   7.89 |   6.02 |I I 
03:18-Mon-May-01-2017 PM2.5 |   3.44 |   3.68 |   3.89 |   3.75 |I I 
03:22-Mon-May-01-2017 PM10  |   5.97 |   6.15 |   7.89 |   6.02 |I I 
03:22-Mon-May-01-2017 PM2.5 |   3.90 |   3.71 |   3.89 |   3.75 |I I 
03:23-Mon-May-01-2017 PM10  |   5.77 |   6.11 |   7.89 |   6.02 |I I 
03:23-Mon-May-01-2017 PM2.5 |   3.65 |   3.70 |   3.89 |   3.75 |I I 
03:27-Mon-May-01-2017 PM10  |   5.81 |   6.08 |   7.89 |   6.02 |I I 
03:27-Mon-May-01-2017 PM2.5 |   3.74 |   3.71 |   3.89 |   3.75 |I I 
03:28-Mon-May-01-2017 PM10  |   5.91 |   6.06 |   7.89 |   6.02 |I I 
03:28-Mon-May-01-2017 PM2.5 |   3.76 |   3.71 |   3.89 |   3.75 |I I 
03:29-Mon-May-01-2017 PM10  |   5.91 |   6.05 |   7.89 |   6.02 |I I 
03:29-Mon-May-01-2017 PM2.5 |   3.76 |   3.72 |   3.89 |   3.75 |I I 
03:32-Mon-May-01-2017 PM10  |   5.29 |   5.99 |   7.89 |   6.02 |I I 
03:32-Mon-May-01-2017 PM2.5 |   3.55 |   3.70 |   3.89 |   3.75 |I I 
03:33-Mon-May-01-2017 PM10  |   5.29 |   5.94 |   7.89 |   6.02 |I I 
03:33-Mon-May-01-2017 PM2.5 |   3.55 |   3.69 |   3.89 |   3.75 |I I 
03:34-Mon-May-01-2017 PM10  |   7.07 |   6.02 |   7.89 |   6.02 |I I 
03:34-Mon-May-01-2017 PM2.5 |   3.70 |   3.69 |   3.89 |   3.75 |I I 
03:38-Mon-May-01-2017 PM10  |   7.22 |   6.09 |   7.89 |   6.02 |I I 
03:38-Mon-May-01-2017 PM2.5 |   3.90 |   3.71 |   3.89 |   3.75 |I I 
03:39-Mon-May-01-2017 PM10  |   4.60 |   6.01 |   7.89 |   6.02 |B B 
03:39-Mon-May-01-2017 PM2.5 |   3.50 |   3.69 |   3.89 |   3.75 |B B 
03:43-Mon-May-01-2017recover dati per host :salvatorehost.no-ip.org/aria
03:43-Mon-May-01-2017recover dati per host :92.223.147.77/nodered
03:43-Mon-May-01-2017 PM10  |   5.19 |   5.96 |   7.89 |   6.02 |I I 
03:43-Mon-May-01-2017 PM2.5 |   3.61 |   3.69 |   3.89 |   3.75 |I I 
03:45-Mon-May-01-2017 PM10  |   5.24 |   5.92 |   7.89 |   6.02 |I I 
03:45-Mon-May-01-2017 PM2.5 |   3.70 |   3.69 |   3.89 |   3.75 |I I 
03:49-Mon-May-01-2017 PM10  |   5.32 |   5.89 |   7.89 |   6.02 |I I 
03:49-Mon-May-01-2017 PM2.5 |   3.92 |   3.70 |   3.89 |   3.75 |I I 
03:50-Mon-May-01-2017 PM10  |   4.64 |   5.83 |   7.89 |   6.02 |I I 
03:50-Mon-May-01-2017 PM2.5 |   3.53 |   3.69 |   3.89 |   3.75 |I I 
03:54-Mon-May-01-2017 PM10  |   4.62 |   5.78 |   7.89 |   6.02 |I I 
03:54-Mon-May-01-2017 PM2.5 |   3.51 |   3.68 |   3.89 |   3.75 |I I 
03:55-Mon-May-01-2017 PM10  |   6.45 |   5.81 |   7.89 |   6.02 |I I 
03:55-Mon-May-01-2017 PM2.5 |   3.82 |   3.69 |   3.89 |   3.75 |I I 
03:59-Mon-May-01-2017 PM10  |   5.55 |   5.80 |   7.89 |   6.02 |I I 
03:59-Mon-May-01-2017 PM2.5 |   3.64 |   3.69 |   3.89 |   3.75 |I I 
04:00-Mon-May-01-2017 PM10  |   4.40 |   5.74 |   7.89 |   5.74 |I I 
04:00-Mon-May-01-2017 PM2.5 |   3.54 |   3.68 |   3.89 |   3.68 |I I 
04:04-Mon-May-01-2017 PM10  |   5.62 |   5.62 |   7.89 |   5.74 |I I 
04:04-Mon-May-01-2017 PM2.5 |   3.46 |   3.46 |   3.89 |   3.68 |I I 
04:05-Mon-May-01-2017 PM10  |   5.62 |   5.62 |   7.89 |   5.74 |I I 
04:05-Mon-May-01-2017 PM2.5 |   3.46 |   3.46 |   3.89 |   3.68 |I I 
04:06-Mon-May-01-2017 PM10  |   5.23 |   5.49 |   7.89 |   5.74 |I I 
04:06-Mon-May-01-2017 PM2.5 |   3.65 |   3.52 |   3.89 |   3.68 |I I 
04:10-Mon-May-01-2017 PM10  |   5.23 |   5.42 |   7.89 |   5.74 |B B 
04:10-Mon-May-01-2017 PM2.5 |   3.63 |   3.55 |   3.89 |   3.68 |B B 
04:11-Mon-May-01-2017recover dati per host :salvatorehost.no-ip.org/aria
04:11-Mon-May-01-2017recover dati per host :92.223.147.77/nodered
04:11-Mon-May-01-2017 PM10  |   4.73 |   5.28 |   7.89 |   5.74 |I I 
04:11-Mon-May-01-2017 PM2.5 |   3.74 |   3.59 |   3.89 |   3.68 |I I 
04:15-Mon-May-01-2017 PM10  |   5.77 |   5.37 |   7.89 |   5.74 |I I 
04:15-Mon-May-01-2017 PM2.5 |   3.59 |   3.59 |   3.89 |   3.68 |I I 
04:16-Mon-May-01-2017 PM10  |   5.31 |   5.36 |   7.89 |   5.74 |I I 
04:16-Mon-May-01-2017 PM2.5 |   3.79 |   3.62 |   3.89 |   3.68 |I I 
04:20-Mon-May-01-2017Timeout Event handler
04:20-Mon-May-01-2017 PM10  |   5.20 |   5.34 |   7.89 |   5.74 |B B 
04:20-Mon-May-01-2017 PM2.5 |   3.55 |   3.61 |   3.89 |   3.68 |B B 
04:21-Mon-May-01-2017recover dati per host :salvatorehost.no-ip.org/aria
04:21-Mon-May-01-2017recover dati per host :92.223.147.77/nodered
04:21-Mon-May-01-2017 PM10  |   4.16 |   5.21 |   7.89 |   5.74 |I I 
04:21-Mon-May-01-2017 PM2.5 |   3.51 |   3.60 |   3.89 |   3.68 |I I 
04:25-Mon-May-01-2017 PM10  |   3.82 |   5.07 |   7.89 |   5.74 |I I 
04:25-Mon-May-01-2017 PM2.5 |   3.35 |   3.57 |   3.89 |   3.68 |I I 
04:26-Mon-May-01-2017 PM10  |   4.43 |   5.01 |   7.89 |   5.74 |I I 
04:26-Mon-May-01-2017 PM2.5 |   3.44 |   3.56 |   3.89 |   3.68 |I I 
04:30-Mon-May-01-2017 PM10  |   6.54 |   5.14 |   7.89 |   5.74 |I I 
04:30-Mon-May-01-2017 PM2.5 |   3.67 |   3.57 |   3.89 |   3.68 |I I 
04:31-Mon-May-01-2017 PM10  |   5.01 |   5.13 |   7.89 |   5.74 |I I 
04:31-Mon-May-01-2017 PM2.5 |   3.57 |   3.57 |   3.89 |   3.68 |I I 
04:35-Mon-May-01-2017 PM10  |   4.70 |   5.10 |   7.89 |   5.74 |I I 
04:35-Mon-May-01-2017 PM2.5 |   3.57 |   3.57 |   3.89 |   3.68 |I I 
04:36-Mon-May-01-2017 PM10  |   6.29 |   5.18 |   7.89 |   5.74 |I I 
04:36-Mon-May-01-2017 PM2.5 |   3.77 |   3.58 |   3.89 |   3.68 |I I 
04:40-Mon-May-01-2017 PM10  |   5.19 |   5.18 |   7.89 |   5.74 |I I 
04:40-Mon-May-01-2017 PM2.5 |   3.52 |   3.58 |   3.89 |   3.68 |I I 
04:41-Mon-May-01-2017 PM10  |   5.16 |   5.18 |   7.89 |   5.74 |I I 
04:41-Mon-May-01-2017 PM2.5 |   3.73 |   3.59 |   3.89 |   3.68 |I I 
04:42-Mon-May-01-2017 PM10  |   5.16 |   5.17 |   7.89 |   5.74 |I I 
04:42-Mon-May-01-2017 PM2.5 |   3.73 |   3.60 |   3.89 |   3.68 |I I 
04:46-Mon-May-01-2017 PM10  |   4.95 |   5.16 |   7.89 |   5.74 |I I 
04:46-Mon-May-01-2017 PM2.5 |   3.67 |   3.60 |   3.89 |   3.68 |I I 
04:47-Mon-May-01-2017 PM10  |   4.95 |   5.15 |   7.89 |   5.74 |I I 
04:47-Mon-May-01-2017 PM2.5 |   3.67 |   3.60 |   3.89 |   3.68 |I I 
04:48-Mon-May-01-2017 PM10  |   6.31 |   5.21 |   7.89 |   5.74 |I I 
04:48-Mon-May-01-2017 PM2.5 |   3.59 |   3.60 |   3.89 |   3.68 |I I 
04:52-Mon-May-01-2017 PM10  |   4.11 |   5.16 |   7.89 |   5.74 |I I 
04:52-Mon-May-01-2017 PM2.5 |   3.58 |   3.60 |   3.89 |   3.68 |I I 
04:53-Mon-May-01-2017 PM10  |   5.95 |   5.19 |   7.89 |   5.74 |I I 
04:53-Mon-May-01-2017 PM2.5 |   3.78 |   3.61 |   3.89 |   3.68 |I I 
04:57-Mon-May-01-2017 PM10  |   4.50 |   5.16 |   7.89 |   5.74 |I I 
04:57-Mon-May-01-2017 PM2.5 |   3.66 |   3.61 |   3.89 |   3.68 |I I 
04:58-Mon-May-01-2017 PM10  |   4.30 |   5.13 |   7.89 |   5.74 |I I 
04:58-Mon-May-01-2017 PM2.5 |   3.51 |   3.61 |   3.89 |   3.68 |I I 
05:02-Mon-May-01-2017 PM10  |   4.39 |   5.10 |   7.89 |   5.10 |I I 
05:02-Mon-May-01-2017 PM2.5 |   3.61 |   3.61 |   3.89 |   3.61 |I I 
05:03-Mon-May-01-2017 PM10  |   4.79 |   4.79 |   7.89 |   5.10 |I B 
05:03-Mon-May-01-2017 PM2.5 |   3.49 |   3.49 |   3.89 |   3.61 |I B 
05:07-Mon-May-01-2017recover dati per host :92.223.147.77/nodered
05:07-Mon-May-01-2017 PM10  |   5.09 |   4.94 |   7.89 |   5.10 |I I 
05:07-Mon-May-01-2017 PM2.5 |   3.63 |   3.56 |   3.89 |   3.61 |I I 
05:08-Mon-May-01-2017 PM10  |   4.82 |   4.90 |   7.89 |   5.10 |B B 
05:08-Mon-May-01-2017 PM2.5 |   3.64 |   3.59 |   3.89 |   3.61 |B B 
05:12-Mon-May-01-2017recover dati per host :salvatorehost.no-ip.org/aria
05:12-Mon-May-01-2017recover dati per host :92.223.147.77/nodered
05:12-Mon-May-01-2017 PM10  |   4.32 |   4.75 |   7.89 |   5.10 |I I 
05:12-Mon-May-01-2017 PM2.5 |   3.29 |   3.51 |   3.89 |   3.61 |I I 
05:13-Mon-May-01-2017Timeout Event handler
05:13-Mon-May-01-2017 PM10  |   5.61 |   4.92 |   7.89 |   5.10 |B B 
05:13-Mon-May-01-2017 PM2.5 |   3.53 |   3.52 |   3.89 |   3.61 |B B 
05:17-Mon-May-01-2017 PM10  |   4.82 |   4.91 |   7.89 |   5.10 |B B 
05:17-Mon-May-01-2017 PM2.5 |   3.36 |   3.49 |   3.89 |   3.61 |B B 
05:18-Mon-May-01-2017 PM10  |   6.80 |   5.18 |   7.89 |   5.10 |B B 
05:18-Mon-May-01-2017 PM2.5 |   3.56 |   3.50 |   3.89 |   3.61 |B B 
05:22-Mon-May-01-2017recover dati per host :salvatorehost.no-ip.org/aria
05:22-Mon-May-01-2017recover dati per host :92.223.147.77/nodered
05:22-Mon-May-01-2017 PM10  |   6.71 |   5.37 |   7.89 |   5.10 |I I 
05:22-Mon-May-01-2017 PM2.5 |   3.64 |   3.52 |   3.89 |   3.61 |I I 
05:23-Mon-May-01-2017 PM10  |   4.76 |   5.30 |   7.89 |   5.10 |I I 
05:23-Mon-May-01-2017 PM2.5 |   3.37 |   3.50 |   3.89 |   3.61 |I I 
05:27-Mon-May-01-2017 PM10  |   4.70 |   5.24 |   7.89 |   5.10 |I I 
05:27-Mon-May-01-2017 PM2.5 |   3.64 |   3.52 |   3.89 |   3.61 |I I 
05:28-Mon-May-01-2017 PM10  |   4.70 |   5.19 |   7.89 |   5.10 |B B 
05:28-Mon-May-01-2017 PM2.5 |   3.64 |   3.53 |   3.89 |   3.61 |B B 
05:29-Mon-May-01-2017 PM10  |   5.22 |   5.19 |   7.89 |   5.10 |B B 
05:29-Mon-May-01-2017 PM2.5 |   3.55 |   3.53 |   3.89 |   3.61 |B B 
05:33-Mon-May-01-2017recover dati per host :salvatorehost.no-ip.org/aria
05:33-Mon-May-01-2017recover dati per host :92.223.147.77/nodered
05:33-Mon-May-01-2017 PM10  |   4.39 |   5.13 |   7.89 |   5.10 |I I 
05:33-Mon-May-01-2017 PM2.5 |   3.57 |   3.53 |   3.89 |   3.61 |I I 
05:35-Mon-May-01-2017 PM10  |   4.96 |   5.12 |   7.89 |   5.10 |I I 
05:35-Mon-May-01-2017 PM2.5 |   3.65 |   3.54 |   3.89 |   3.61 |I I 
05:39-Mon-May-01-2017 PM10  |   4.79 |   5.10 |   7.89 |   5.10 |I I 
05:39-Mon-May-01-2017 PM2.5 |   3.46 |   3.53 |   3.89 |   3.61 |I I 
05:40-Mon-May-01-2017 PM10  |   6.92 |   5.21 |   7.89 |   5.10 |I I 
05:40-Mon-May-01-2017 PM2.5 |   3.98 |   3.56 |   3.89 |   3.61 |I I 
05:44-Mon-May-01-2017 PM10  |   5.89 |   5.25 |   7.89 |   5.10 |I I 
05:44-Mon-May-01-2017 PM2.5 |   3.59 |   3.56 |   3.89 |   3.61 |I I 
05:45-Mon-May-01-2017 PM10  |   5.80 |   5.28 |   7.89 |   5.10 |I I 
05:45-Mon-May-01-2017 PM2.5 |   3.51 |   3.56 |   3.89 |   3.61 |I I 
05:49-Mon-May-01-2017 PM10  |   4.71 |   5.25 |   7.89 |   5.10 |I I 
05:49-Mon-May-01-2017 PM2.5 |   3.58 |   3.56 |   3.89 |   3.61 |I I 
05:50-Mon-May-01-2017 PM10  |   4.61 |   5.22 |   7.89 |   5.10 |I I 
05:50-Mon-May-01-2017 PM2.5 |   3.61 |   3.56 |   3.89 |   3.61 |I I 
05:54-Mon-May-01-2017 PM10  |   5.00 |   5.21 |   7.89 |   5.10 |I I 
05:54-Mon-May-01-2017 PM2.5 |   3.73 |   3.57 |   3.89 |   3.61 |I I 
05:55-Mon-May-01-2017 PM10  |   5.84 |   5.24 |   7.89 |   5.10 |I I 
05:55-Mon-May-01-2017 PM2.5 |   3.69 |   3.58 |   3.89 |   3.61 |I I 
05:59-Mon-May-01-2017 PM10  |   6.06 |   5.27 |   7.89 |   5.10 |B I 
05:59-Mon-May-01-2017 PM2.5 |   3.49 |   3.57 |   3.89 |   3.61 |B I 
06:00-Mon-May-01-2017recover dati per host :salvatorehost.no-ip.org/aria
06:00-Mon-May-01-2017 PM10  |   5.48 |   5.28 |   7.89 |   5.10 |I B 
06:00-Mon-May-01-2017 PM2.5 |   3.66 |   3.58 |   3.89 |   3.58 |I B 
06:04-Mon-May-01-2017recover dati per host :92.223.147.77/nodered
06:04-Mon-May-01-2017 PM10  |   4.44 |   4.44 |   7.89 |   5.10 |I I 
06:04-Mon-May-01-2017 PM2.5 |   3.63 |   3.63 |   3.89 |   3.58 |I I 
06:05-Mon-May-01-2017 PM10  |   6.48 |   5.46 |   7.89 |   5.10 |B B 
06:05-Mon-May-01-2017 PM2.5 |   3.69 |   3.66 |   3.89 |   3.58 |B B 
06:06-Mon-May-01-2017recover dati per host :salvatorehost.no-ip.org/aria
06:06-Mon-May-01-2017 PM10  |   6.48 |   5.80 |   7.89 |   5.10 |I B 
06:06-Mon-May-01-2017 PM2.5 |   3.69 |   3.67 |   3.89 |   3.58 |I B 
06:09-Mon-May-01-2017recover dati per host :92.223.147.77/nodered
06:09-Mon-May-01-2017 PM10  |   5.10 |   5.62 |   7.89 |   5.10 |I I 
06:09-Mon-May-01-2017 PM2.5 |   3.53 |   3.63 |   3.89 |   3.58 |I I 
06:10-Mon-May-01-2017 PM10  |   5.40 |   5.58 |   7.89 |   5.10 |I I 
06:10-Mon-May-01-2017 PM2.5 |   3.58 |   3.62 |   3.89 |   3.58 |I I 
06:14-Mon-May-01-2017 PM10  |   6.22 |   5.69 |   7.89 |   5.10 |I I 
06:14-Mon-May-01-2017 PM2.5 |   3.82 |   3.65 |   3.89 |   3.58 |I I 
06:16-Mon-May-01-2017 PM10  |   5.81 |   5.70 |   7.89 |   5.10 |I I 
06:16-Mon-May-01-2017 PM2.5 |   3.61 |   3.65 |   3.89 |   3.58 |I I 
06:17-Mon-May-01-2017 PM10  |   5.81 |   5.72 |   7.89 |   5.10 |B I 
06:17-Mon-May-01-2017 PM2.5 |   3.61 |   3.64 |   3.89 |   3.58 |B I 
06:20-Mon-May-01-2017recover dati per host :salvatorehost.no-ip.org/aria
06:20-Mon-May-01-2017 PM10  |   5.25 |   5.67 |   7.89 |   5.10 |I I 
06:20-Mon-May-01-2017 PM2.5 |   3.32 |   3.61 |   3.89 |   3.58 |I I 
06:21-Mon-May-01-2017 PM10  |   5.25 |   5.62 |   7.89 |   5.10 |B B 
06:21-Mon-May-01-2017 PM2.5 |   3.32 |   3.58 |   3.89 |   3.58 |B B 
06:22-Mon-May-01-2017recover dati per host :salvatorehost.no-ip.org/aria
06:22-Mon-May-01-2017recover dati per host :92.223.147.77/nodered
06:22-Mon-May-01-2017 PM10  |   5.25 |   5.59 |   7.89 |   5.10 |I I 
06:22-Mon-May-01-2017 PM2.5 |   3.44 |   3.56 |   3.89 |   3.58 |I I 
06:26-Mon-May-01-2017 PM10  |   4.96 |   5.54 |   7.89 |   5.10 |B B 
06:26-Mon-May-01-2017 PM2.5 |   3.79 |   3.58 |   3.89 |   3.58 |B B 
06:27-Mon-May-01-2017recover dati per host :salvatorehost.no-ip.org/aria
06:27-Mon-May-01-2017recover dati per host :92.223.147.77/nodered
06:27-Mon-May-01-2017 PM10  |   4.45 |   5.46 |   7.89 |   5.10 |I I 
06:27-Mon-May-01-2017 PM2.5 |   3.53 |   3.58 |   3.89 |   3.58 |I I 
06:31-Mon-May-01-2017 PM10  |   4.47 |   5.38 |   7.89 |   5.10 |B B 
06:31-Mon-May-01-2017 PM2.5 |   3.52 |   3.58 |   3.89 |   3.58 |B B 
06:32-Mon-May-01-2017recover dati per host :salvatorehost.no-ip.org/aria
06:32-Mon-May-01-2017recover dati per host :92.223.147.77/nodered
06:32-Mon-May-01-2017 PM10  |   5.44 |   5.39 |   7.89 |   5.10 |I I 
06:32-Mon-May-01-2017 PM2.5 |   3.49 |   3.57 |   3.89 |   3.58 |I I 
06:36-Mon-May-01-2017 PM10  |   5.33 |   5.38 |   7.89 |   5.10 |I B 
06:36-Mon-May-01-2017 PM2.5 |   3.72 |   3.58 |   3.89 |   3.58 |I B 
06:37-Mon-May-01-2017 PM10  |   4.44 |   5.33 |   7.89 |   5.10 |B B 
06:37-Mon-May-01-2017 PM2.5 |   3.54 |   3.58 |   3.89 |   3.58 |B B 
06:41-Mon-May-01-2017recover dati per host :salvatorehost.no-ip.org/aria
06:41-Mon-May-01-2017recover dati per host :92.223.147.77/nodered
06:41-Mon-May-01-2017 PM10  |   4.22 |   5.27 |   7.89 |   5.10 |I I 
06:41-Mon-May-01-2017 PM2.5 |   3.54 |   3.58 |   3.89 |   3.58 |I I 
06:42-Mon-May-01-2017 PM10  |   5.09 |   5.26 |   7.89 |   5.10 |I I 
06:42-Mon-May-01-2017 PM2.5 |   3.79 |   3.59 |   3.89 |   3.58 |I I 
06:46-Mon-May-01-2017 PM10  |   4.64 |   5.23 |   7.89 |   5.10 |I I 
06:46-Mon-May-01-2017 PM2.5 |   3.55 |   3.58 |   3.89 |   3.58 |I I 
06:47-Mon-May-01-2017 PM10  |   4.34 |   5.18 |   7.89 |   5.10 |I I 
06:47-Mon-May-01-2017 PM2.5 |   3.44 |   3.58 |   3.89 |   3.58 |I I 
06:51-Mon-May-01-2017 PM10  |   4.07 |   5.13 |   7.89 |   5.10 |I I 
06:51-Mon-May-01-2017 PM2.5 |   3.29 |   3.56 |   3.89 |   3.58 |I I 
06:52-Mon-May-01-2017 PM10  |   4.50 |   5.11 |   7.89 |   5.10 |B B 
06:52-Mon-May-01-2017 PM2.5 |   3.46 |   3.56 |   3.89 |   3.58 |B B 
06:56-Mon-May-01-2017recover dati per host :salvatorehost.no-ip.org/aria
06:56-Mon-May-01-2017recover dati per host :92.223.147.77/nodered
06:56-Mon-May-01-2017 PM10  |   4.71 |   5.09 |   7.89 |   5.10 |I I 
06:56-Mon-May-01-2017 PM2.5 |   3.48 |   3.56 |   3.89 |   3.58 |I I 
06:57-Mon-May-01-2017 PM10  |   6.28 |   5.14 |   7.89 |   5.10 |I I 
06:57-Mon-May-01-2017 PM2.5 |   3.41 |   3.55 |   3.89 |   3.58 |I I 
07:01-Mon-May-01-2017 PM10  |   5.45 |   5.15 |   7.89 |   5.10 |I I 
07:01-Mon-May-01-2017 PM2.5 |   3.44 |   3.55 |   3.89 |   3.55 |I I 
07:03-Mon-May-01-2017Timeout Event handler
07:03-Mon-May-01-2017 PM10  |   5.45 |   5.45 |   7.89 |   5.10 |B B 
07:03-Mon-May-01-2017 PM2.5 |   3.44 |   3.44 |   3.89 |   3.55 |B B 
07:04-Mon-May-01-2017recover dati per host :salvatorehost.no-ip.org/aria
07:04-Mon-May-01-2017recover dati per host :92.223.147.77/nodered
07:04-Mon-May-01-2017 PM10  |   5.07 |   5.26 |   7.89 |   5.10 |I I 
07:04-Mon-May-01-2017 PM2.5 |   3.41 |   3.42 |   3.89 |   3.55 |I I 
07:07-Mon-May-01-2017 PM10  |   5.16 |   5.23 |   7.89 |   5.10 |I I 
07:07-Mon-May-01-2017 PM2.5 |   3.46 |   3.44 |   3.89 |   3.55 |I I 
07:08-Mon-May-01-2017 PM10  |   5.16 |   5.21 |   7.89 |   5.10 |I I 
07:08-Mon-May-01-2017 PM2.5 |   3.46 |   3.44 |   3.89 |   3.55 |I I 
07:09-Mon-May-01-2017 PM10  |   5.13 |   5.19 |   7.89 |   5.10 |I I 
07:09-Mon-May-01-2017 PM2.5 |   3.35 |   3.42 |   3.89 |   3.55 |I I 
07:13-Mon-May-01-2017 PM10  |   5.75 |   5.29 |   7.89 |   5.10 |I I 
07:13-Mon-May-01-2017 PM2.5 |   3.61 |   3.45 |   3.89 |   3.55 |I I 
07:14-Mon-May-01-2017 PM10  |   5.58 |   5.33 |   7.89 |   5.10 |I I 
07:14-Mon-May-01-2017 PM2.5 |   3.34 |   3.44 |   3.89 |   3.55 |I I 
07:18-Mon-May-01-2017 PM10  |   4.54 |   5.23 |   7.89 |   5.10 |I I 
07:18-Mon-May-01-2017 PM2.5 |   3.36 |   3.43 |   3.89 |   3.55 |I I 
07:19-Mon-May-01-2017 PM10  |   4.70 |   5.17 |   7.89 |   5.10 |I I 
07:19-Mon-May-01-2017 PM2.5 |   3.38 |   3.42 |   3.89 |   3.55 |I I 
07:23-Mon-May-01-2017 PM10  |   4.37 |   5.09 |   7.89 |   5.10 |I I 
07:23-Mon-May-01-2017 PM2.5 |   3.37 |   3.42 |   3.89 |   3.55 |I I 
07:24-Mon-May-01-2017 PM10  |   5.53 |   5.13 |   7.89 |   5.10 |I I 
07:24-Mon-May-01-2017 PM2.5 |   3.70 |   3.44 |   3.89 |   3.55 |I I 
07:28-Mon-May-01-2017 PM10  |   4.39 |   5.07 |   7.89 |   5.10 |I I 
07:28-Mon-May-01-2017 PM2.5 |   3.44 |   3.44 |   3.89 |   3.55 |I I 
07:29-Mon-May-01-2017 PM10  |   4.56 |   5.03 |   7.89 |   5.10 |I I 
07:29-Mon-May-01-2017 PM2.5 |   3.48 |   3.44 |   3.89 |   3.55 |I I 
07:33-Mon-May-01-2017 PM10  |   4.21 |   4.97 |   7.89 |   5.10 |I I 
07:33-Mon-May-01-2017 PM2.5 |   3.53 |   3.45 |   3.89 |   3.55 |I I 
07:34-Mon-May-01-2017 PM10  |   4.70 |   4.95 |   7.89 |   5.10 |I I 
07:34-Mon-May-01-2017 PM2.5 |   3.52 |   3.46 |   3.89 |   3.55 |I I 
07:38-Mon-May-01-2017 PM10  |   5.29 |   4.97 |   7.89 |   5.10 |I I 
07:38-Mon-May-01-2017 PM2.5 |   3.36 |   3.45 |   3.89 |   3.55 |I I 
07:39-Mon-May-01-2017 PM10  |   5.90 |   5.03 |   7.89 |   5.10 |I I 
07:39-Mon-May-01-2017 PM2.5 |   3.60 |   3.46 |   3.89 |   3.55 |I I 
07:40-Mon-May-01-2017 PM10  |   5.90 |   5.08 |   7.89 |   5.10 |I I 
07:40-Mon-May-01-2017 PM2.5 |   3.60 |   3.47 |   3.89 |   3.55 |I I 
07:44-Mon-May-01-2017 PM10  |   5.09 |   5.08 |   7.89 |   5.10 |I I 
07:44-Mon-May-01-2017 PM2.5 |   3.53 |   3.47 |   3.89 |   3.55 |I I 
07:45-Mon-May-01-2017 PM10  |   4.10 |   5.03 |   7.89 |   5.10 |I I 
07:45-Mon-May-01-2017 PM2.5 |   3.08 |   3.45 |   3.89 |   3.55 |I I 
07:49-Mon-May-01-2017 PM10  |   5.09 |   5.03 |   7.89 |   5.10 |I I 
07:49-Mon-May-01-2017 PM2.5 |   3.83 |   3.47 |   3.89 |   3.55 |I I 
07:50-Mon-May-01-2017 PM10  |   5.58 |   5.06 |   7.89 |   5.10 |I I 
07:50-Mon-May-01-2017 PM2.5 |   3.58 |   3.47 |   3.89 |   3.55 |I I 
07:54-Mon-May-01-2017 PM10  |   4.26 |   5.02 |   7.89 |   5.10 |I I 
07:54-Mon-May-01-2017 PM2.5 |   3.29 |   3.47 |   3.89 |   3.55 |I I 
07:55-Mon-May-01-2017 PM10  |   9.06 |   5.19 |   7.89 |   5.10 |I I 
07:55-Mon-May-01-2017 PM2.5 |   3.80 |   3.48 |   3.89 |   3.55 |I I 
07:59-Mon-May-01-2017 PM10  |   5.47 |   5.20 |   7.89 |   5.10 |I I 
07:59-Mon-May-01-2017 PM2.5 |   4.03 |   3.50 |   3.89 |   3.55 |I I 
08:00-Mon-May-01-2017 PM10  |   6.40 |   5.25 |   7.89 |   5.10 |I I 
08:00-Mon-May-01-2017 PM2.5 |   4.01 |   3.52 |   3.89 |   3.52 |I I 
08:04-Mon-May-01-2017 PM10  |   5.19 |   5.19 |   7.89 |   5.10 |I I 
08:04-Mon-May-01-2017 PM2.5 |   3.75 |   3.75 |   3.89 |   3.52 |I I 
08:05-Mon-May-01-2017 PM10  |   4.82 |   5.01 |   7.89 |   5.10 |I I 
08:05-Mon-May-01-2017 PM2.5 |   3.82 |   3.78 |   3.89 |   3.52 |I I 
08:09-Mon-May-01-2017 PM10  |   5.65 |   5.22 |   7.89 |   5.10 |I I 
08:09-Mon-May-01-2017 PM2.5 |   3.93 |   3.83 |   3.89 |   3.52 |I I 
08:10-Mon-May-01-2017 PM10  |   5.65 |   5.33 |   7.89 |   5.10 |I I 
08:10-Mon-May-01-2017 PM2.5 |   3.93 |   3.86 |   3.89 |   3.52 |I I 
08:11-Mon-May-01-2017 PM10  |   6.33 |   5.53 |   7.89 |   5.10 |I I 
08:11-Mon-May-01-2017 PM2.5 |   4.24 |   3.94 |   3.89 |   3.52 |I I 
08:15-Mon-May-01-2017 PM10  |   5.30 |   5.49 |   7.89 |   5.10 |I I 
08:15-Mon-May-01-2017 PM2.5 |   3.99 |   3.94 |   3.89 |   3.52 |I I 
08:16-Mon-May-01-2017 PM10  |   6.63 |   5.65 |   7.89 |   5.10 |I I 
08:16-Mon-May-01-2017 PM2.5 |   4.23 |   3.99 |   3.89 |   3.52 |I I 
08:20-Mon-May-01-2017 PM10  |   6.91 |   5.81 |   7.89 |   5.10 |I I 
08:20-Mon-May-01-2017 PM2.5 |   4.20 |   4.01 |   3.89 |   3.52 |I I 
08:22-Mon-May-01-2017 PM10  |   6.64 |   5.90 |   7.89 |   5.10 |I I 
08:22-Mon-May-01-2017 PM2.5 |   3.97 |   4.01 |   3.89 |   3.52 |I I 
08:26-Mon-May-01-2017 PM10  |   5.51 |   5.86 |   7.89 |   5.10 |I I 
08:26-Mon-May-01-2017 PM2.5 |   3.78 |   3.99 |   3.89 |   3.52 |I I 
08:27-Mon-May-01-2017 PM10  |   5.67 |   5.85 |   7.89 |   5.10 |I I 
08:27-Mon-May-01-2017 PM2.5 |   3.96 |   3.98 |   3.89 |   3.52 |I I 
08:31-Mon-May-01-2017 PM10  |   6.43 |   5.89 |   7.89 |   5.10 |I I 
08:31-Mon-May-01-2017 PM2.5 |   3.72 |   3.96 |   3.89 |   3.52 |I I 
08:32-Mon-May-01-2017 PM10  |   6.29 |   5.93 |   7.89 |   5.10 |I I 
08:32-Mon-May-01-2017 PM2.5 |   3.72 |   3.94 |   3.89 |   3.52 |I I 
08:36-Mon-May-01-2017 PM10  |   5.98 |   5.93 |   7.89 |   5.10 |I I 
08:36-Mon-May-01-2017 PM2.5 |   3.76 |   3.93 |   3.89 |   3.52 |I I 
08:37-Mon-May-01-2017 PM10  |   5.63 |   5.91 |   7.89 |   5.10 |I I 
08:37-Mon-May-01-2017 PM2.5 |   3.92 |   3.93 |   3.89 |   3.52 |I I 
08:38-Mon-May-01-2017 PM10  |   5.63 |   5.89 |   7.89 |   5.10 |I I 
08:38-Mon-May-01-2017 PM2.5 |   3.92 |   3.93 |   3.89 |   3.52 |I I 
08:41-Mon-May-01-2017 PM10  |   6.50 |   5.93 |   7.89 |   5.10 |I I 
08:41-Mon-May-01-2017 PM2.5 |   3.76 |   3.92 |   3.89 |   3.52 |I I 
08:42-Mon-May-01-2017 PM10  |   6.50 |   5.96 |   7.89 |   5.10 |I I 
08:42-Mon-May-01-2017 PM2.5 |   3.76 |   3.91 |   3.89 |   3.52 |I I 
08:43-Mon-May-01-2017 PM10  |   7.40 |   6.04 |   7.89 |   5.10 |I I 
08:43-Mon-May-01-2017 PM2.5 |   4.07 |   3.92 |   3.89 |   3.52 |I I 
08:47-Mon-May-01-2017 PM10  |   7.75 |   6.12 |   7.89 |   5.10 |I I 
08:47-Mon-May-01-2017 PM2.5 |   3.83 |   3.91 |   3.89 |   3.52 |I I 
08:48-Mon-May-01-2017 PM10  |   5.53 |   6.09 |   7.89 |   5.10 |I I 
08:48-Mon-May-01-2017 PM2.5 |   3.99 |   3.92 |   3.89 |   3.52 |I I 
08:52-Mon-May-01-2017 PM10  |   6.41 |   6.11 |   7.89 |   5.10 |I I 
08:52-Mon-May-01-2017 PM2.5 |   4.07 |   3.92 |   3.89 |   3.52 |I I 
08:53-Mon-May-01-2017 PM10  |   7.37 |   6.16 |   7.89 |   5.10 |I I 
08:53-Mon-May-01-2017 PM2.5 |   3.95 |   3.93 |   3.89 |   3.52 |I I 
08:57-Mon-May-01-2017 PM10  |   6.94 |   6.19 |   7.89 |   5.10 |I I 
08:57-Mon-May-01-2017 PM2.5 |   4.22 |   3.94 |   3.89 |   3.52 |I I 
08:58-Mon-May-01-2017 PM10  |   8.96 |   6.31 |   7.89 |   5.10 |I I 
08:58-Mon-May-01-2017 PM2.5 |   3.87 |   3.94 |   3.89 |   3.52 |I I 
09:02-Mon-May-01-2017 PM10  |   9.70 |   6.44 |   7.89 |   5.10 |I I 
09:02-Mon-May-01-2017 PM2.5 |   4.07 |   3.94 |   3.94 |   3.52 |I I 
09:03-Mon-May-01-2017 PM10  |   8.44 |   8.44 |   7.89 |   5.10 |I I 
09:03-Mon-May-01-2017 PM2.5 |   3.93 |   3.93 |   3.94 |   3.52 |I I 
09:07-Mon-May-01-2017 PM10  |   8.30 |   8.37 |   7.89 |   5.10 |I I 
09:07-Mon-May-01-2017 PM2.5 |   4.44 |   4.19 |   3.94 |   3.52 |I I 
09:08-Mon-May-01-2017 PM10  |  18.32 |  11.69 |   7.89 |   5.10 |I I 
09:08-Mon-May-01-2017 PM2.5 |   4.39 |   4.26 |   3.94 |   3.52 |I I 
09:12-Mon-May-01-2017 PM10  |   7.55 |  10.65 |   7.89 |   5.10 |I I 
09:12-Mon-May-01-2017 PM2.5 |   4.18 |   4.24 |   3.94 |   3.52 |I I 
09:13-Mon-May-01-2017 PM10  |   7.55 |  10.03 |   7.89 |   5.10 |I I 
09:13-Mon-May-01-2017 PM2.5 |   4.18 |   4.23 |   3.94 |   3.52 |I I 
09:14-Mon-May-01-2017 PM10  |  10.02 |  10.03 |   7.89 |   5.10 |I I 
09:14-Mon-May-01-2017 PM2.5 |   4.39 |   4.25 |   3.94 |   3.52 |I I 
09:18-Mon-May-01-2017 PM10  |  10.29 |  10.07 |   7.89 |   5.10 |I I 
09:18-Mon-May-01-2017 PM2.5 |   4.34 |   4.27 |   3.94 |   3.52 |I I 
09:19-Mon-May-01-2017 PM10  |   8.43 |   9.86 |   7.89 |   5.10 |I I 
09:19-Mon-May-01-2017 PM2.5 |   4.11 |   4.25 |   3.94 |   3.52 |I I 
09:23-Mon-May-01-2017 PM10  |   9.91 |   9.87 |   7.89 |   5.10 |I I 
09:23-Mon-May-01-2017 PM2.5 |   3.93 |   4.21 |   3.94 |   3.52 |I I 
09:24-Mon-May-01-2017 PM10  |   7.71 |   9.65 |   7.89 |   5.10 |I I 
09:24-Mon-May-01-2017 PM2.5 |   4.12 |   4.20 |   3.94 |   3.52 |I I 
09:28-Mon-May-01-2017 PM10  |   8.74 |   9.57 |   7.89 |   5.10 |I I 
09:28-Mon-May-01-2017 PM2.5 |   4.16 |   4.20 |   3.94 |   3.52 |I I 
09:29-Mon-May-01-2017 PM10  |   8.69 |   9.50 |   7.89 |   5.10 |I I 
09:29-Mon-May-01-2017 PM2.5 |   4.36 |   4.21 |   3.94 |   3.52 |I I 
09:33-Mon-May-01-2017 PM10  |   8.48 |   9.42 |   7.89 |   5.10 |I I 
09:33-Mon-May-01-2017 PM2.5 |   4.32 |   4.22 |   3.94 |   3.52 |I I 
09:34-Mon-May-01-2017 PM10  |   7.30 |   9.27 |   7.89 |   5.10 |I I 
09:34-Mon-May-01-2017 PM2.5 |   4.29 |   4.22 |   3.94 |   3.52 |I I 
09:38-Mon-May-01-2017 PM10  |  12.92 |   9.51 |   7.89 |   5.10 |I I 
09:38-Mon-May-01-2017 PM2.5 |   4.90 |   4.27 |   3.94 |   3.52 |I I 
09:39-Mon-May-01-2017 PM10  |  12.92 |   9.72 |   7.89 |   5.10 |I I 
09:39-Mon-May-01-2017 PM2.5 |   4.90 |   4.31 |   3.94 |   3.52 |I I 
09:40-Mon-May-01-2017 PM10  |  11.61 |   9.83 |   7.89 |   5.10 |I I 
09:40-Mon-May-01-2017 PM2.5 |   4.54 |   4.32 |   3.94 |   3.52 |I I 
09:44-Mon-May-01-2017 PM10  |  11.21 |   9.91 |   7.89 |   5.10 |I I 
09:44-Mon-May-01-2017 PM2.5 |   4.59 |   4.34 |   3.94 |   3.52 |I I 
09:45-Mon-May-01-2017 PM10  |  10.51 |   9.94 |   7.89 |   5.10 |I I 
09:45-Mon-May-01-2017 PM2.5 |   4.41 |   4.34 |   3.94 |   3.52 |I I 
09:49-Mon-May-01-2017 PM10  |  12.39 |  10.06 |   7.89 |   5.10 |I I 
09:49-Mon-May-01-2017 PM2.5 |   4.91 |   4.37 |   3.94 |   3.52 |I I 
09:50-Mon-May-01-2017 PM10  |  11.16 |  10.12 |   7.89 |   5.10 |I I 
09:50-Mon-May-01-2017 PM2.5 |   4.22 |   4.36 |   3.94 |   3.52 |I I 
09:54-Mon-May-01-2017 PM10  |  14.61 |  10.32 |   7.89 |   5.10 |I I 
09:54-Mon-May-01-2017 PM2.5 |   4.99 |   4.39 |   3.94 |   3.52 |I I 
09:56-Mon-May-01-2017 PM10  |  10.11 |  10.31 |   7.89 |   5.10 |I I 
09:56-Mon-May-01-2017 PM2.5 |   4.86 |   4.41 |   3.94 |   3.52 |I I 
10:00-Mon-May-01-2017 PM10  |  12.64 |  10.41 |  10.41 |   5.10 |I I 
10:00-Mon-May-01-2017 PM2.5 |   4.77 |   4.43 |   4.43 |   3.52 |I I 
10:01-Mon-May-01-2017 PM10  |  11.60 |  11.60 |  10.41 |   5.10 |I I 
10:01-Mon-May-01-2017 PM2.5 |   5.04 |   5.04 |   4.43 |   3.52 |I I 
10:05-Mon-May-01-2017 PM10  |  15.27 |  13.43 |  10.41 |   5.10 |I I 
10:05-Mon-May-01-2017 PM2.5 |   5.14 |   5.09 |   4.43 |   3.52 |I I 
10:06-Mon-May-01-2017 PM10  |  14.47 |  13.78 |  10.41 |   5.10 |I I 
10:06-Mon-May-01-2017 PM2.5 |   4.94 |   5.04 |   4.43 |   3.52 |I I 
10:10-Mon-May-01-2017 PM10  |  16.11 |  14.36 |  10.41 |   5.10 |I I 
10:10-Mon-May-01-2017 PM2.5 |   5.21 |   5.08 |   4.43 |   3.52 |I I 
10:11-Mon-May-01-2017 PM10  |  16.11 |  14.71 |  10.41 |   5.10 |I I 
10:11-Mon-May-01-2017 PM2.5 |   5.21 |   5.11 |   4.43 |   3.52 |I I 
10:12-Mon-May-01-2017 PM10  |  14.49 |  14.67 |  10.41 |   5.10 |I I 
10:12-Mon-May-01-2017 PM2.5 |   4.60 |   5.02 |   4.43 |   3.52 |I I 
10:16-Mon-May-01-2017 PM10  |  20.84 |  15.55 |  10.41 |   5.10 |I I 
10:16-Mon-May-01-2017 PM2.5 |   4.83 |   4.99 |   4.43 |   3.52 |I I 
10:17-Mon-May-01-2017 PM10  |  13.59 |  15.31 |  10.41 |   5.10 |I I 
10:17-Mon-May-01-2017 PM2.5 |   4.78 |   4.97 |   4.43 |   3.52 |I I 
10:21-Mon-May-01-2017 PM10  |  20.25 |  15.86 |  10.41 |   5.10 |I I 
10:21-Mon-May-01-2017 PM2.5 |   4.82 |   4.95 |   4.43 |   3.52 |I I 
10:22-Mon-May-01-2017 PM10  |  22.07 |  16.48 |  10.41 |   5.10 |I I 
10:22-Mon-May-01-2017 PM2.5 |   4.99 |   4.95 |   4.43 |   3.52 |I I 
10:26-Mon-May-01-2017 PM10  |  23.57 |  17.12 |  10.41 |   5.10 |I I 
10:26-Mon-May-01-2017 PM2.5 |   5.43 |   5.00 |   4.43 |   3.52 |I I 
10:27-Mon-May-01-2017 PM10  |  14.21 |  16.88 |  10.41 |   5.10 |I I 
10:27-Mon-May-01-2017 PM2.5 |   4.96 |   5.00 |   4.43 |   3.52 |I I 
10:31-Mon-May-01-2017 PM10  |  23.66 |  17.40 |  10.41 |   5.10 |I I 
10:31-Mon-May-01-2017 PM2.5 |   5.10 |   5.00 |   4.43 |   3.52 |I I 
10:32-Mon-May-01-2017 PM10  |  14.44 |  17.19 |  10.41 |   5.10 |I I 
10:32-Mon-May-01-2017 PM2.5 |   4.93 |   5.00 |   4.43 |   3.52 |I I 
10:36-Mon-May-01-2017 PM10  |  16.48 |  17.14 |  10.41 |   5.10 |I I 
10:36-Mon-May-01-2017 PM2.5 |   5.10 |   5.01 |   4.43 |   3.52 |I I 
10:37-Mon-May-01-2017 PM10  |  16.48 |  17.10 |  10.41 |   5.10 |I I 
10:37-Mon-May-01-2017 PM2.5 |   5.10 |   5.01 |   4.43 |   3.52 |I I 
10:38-Mon-May-01-2017 PM10  |  17.64 |  17.13 |  10.41 |   5.10 |I I 
10:38-Mon-May-01-2017 PM2.5 |   4.91 |   5.01 |   4.43 |   3.52 |I I 
10:42-Mon-May-01-2017 PM10  |  14.40 |  16.98 |  10.41 |   5.10 |I I 
10:42-Mon-May-01-2017 PM2.5 |   4.69 |   4.99 |   4.43 |   3.52 |I I 
10:43-Mon-May-01-2017 PM10  |  15.84 |  16.92 |  10.41 |   5.10 |I I 
10:43-Mon-May-01-2017 PM2.5 |   4.52 |   4.96 |   4.43 |   3.52 |I I 
10:47-Mon-May-01-2017 PM10  |  14.75 |  16.81 |  10.41 |   5.10 |I I 
10:47-Mon-May-01-2017 PM2.5 |   4.74 |   4.95 |   4.43 |   3.52 |I I 
10:48-Mon-May-01-2017 PM10  |  12.70 |  16.62 |  10.41 |   5.10 |I I 
10:48-Mon-May-01-2017 PM2.5 |   4.66 |   4.94 |   4.43 |   3.52 |I I 
10:52-Mon-May-01-2017 PM10  |  17.32 |  16.65 |  10.41 |   5.10 |I I 
10:52-Mon-May-01-2017 PM2.5 |   4.68 |   4.93 |   4.43 |   3.52 |I I 
10:53-Mon-May-01-2017 PM10  |  12.99 |  16.49 |  10.41 |   5.10 |I I 
10:53-Mon-May-01-2017 PM2.5 |   4.77 |   4.92 |   4.43 |   3.52 |I I 
10:57-Mon-May-01-2017 PM10  |  11.85 |  16.30 |  10.41 |   5.10 |I I 
10:57-Mon-May-01-2017 PM2.5 |   4.82 |   4.92 |   4.43 |   3.52 |I I 
10:58-Mon-May-01-2017 PM10  |  13.88 |  16.20 |  10.41 |   5.10 |I I 
10:58-Mon-May-01-2017 PM2.5 |   4.27 |   4.89 |   4.43 |   3.52 |I I 
11:02-Mon-May-01-2017 PM10  |  13.58 |  16.10 |  16.10 |   5.10 |I I 
11:02-Mon-May-01-2017 PM2.5 |   4.62 |   4.88 |   4.88 |   3.52 |I I 
11:03-Mon-May-01-2017 PM10  |   9.09 |   9.09 |  16.10 |   5.10 |I I 
11:03-Mon-May-01-2017 PM2.5 |   4.27 |   4.27 |   4.88 |   3.52 |I I 
11:04-Mon-May-01-2017 PM10  |   9.09 |   9.09 |  16.10 |   5.10 |I I 
11:04-Mon-May-01-2017 PM2.5 |   4.27 |   4.27 |   4.88 |   3.52 |I I 
11:08-Mon-May-01-2017 PM10  |  10.08 |   9.42 |  16.10 |   5.10 |I I 
11:08-Mon-May-01-2017 PM2.5 |   4.81 |   4.45 |   4.88 |   3.52 |I I 
11:09-Mon-May-01-2017 PM10  |  10.54 |   9.70 |  16.10 |   5.10 |I I 
11:09-Mon-May-01-2017 PM2.5 |   4.35 |   4.43 |   4.88 |   3.52 |I I 
11:13-Mon-May-01-2017 PM10  |  10.31 |   9.82 |  16.10 |   5.10 |I I 
11:13-Mon-May-01-2017 PM2.5 |   4.50 |   4.44 |   4.88 |   3.52 |I I 
11:14-Mon-May-01-2017 PM10  |  12.36 |  10.24 |  16.10 |   5.10 |I I 
11:14-Mon-May-01-2017 PM2.5 |   4.51 |   4.45 |   4.88 |   3.52 |I I 
11:18-Mon-May-01-2017 PM10  |  12.87 |  10.62 |  16.10 |   5.10 |I I 
11:18-Mon-May-01-2017 PM2.5 |   4.56 |   4.47 |   4.88 |   3.52 |I I 
11:19-Mon-May-01-2017 PM10  |  10.27 |  10.58 |  16.10 |   5.10 |I I 
11:19-Mon-May-01-2017 PM2.5 |   4.11 |   4.42 |   4.88 |   3.52 |I I 
11:23-Mon-May-01-2017 PM10  |  11.75 |  10.71 |  16.10 |   5.10 |I I 
11:23-Mon-May-01-2017 PM2.5 |   4.39 |   4.42 |   4.88 |   3.52 |I I 
11:24-Mon-May-01-2017 PM10  |  13.83 |  11.02 |  16.10 |   5.10 |I B 
11:24-Mon-May-01-2017 PM2.5 |   4.49 |   4.43 |   4.88 |   3.52 |I B 
11:28-Mon-May-01-2017recover dati per host :92.223.147.77/nodered
11:28-Mon-May-01-2017 PM10  |  12.20 |  11.13 |  16.10 |   5.10 |I I 
11:28-Mon-May-01-2017 PM2.5 |   4.43 |   4.43 |   4.88 |   3.52 |I I 
11:29-Mon-May-01-2017 PM10  |   6.98 |  10.78 |  16.10 |   5.10 |I I 
11:29-Mon-May-01-2017 PM2.5 |   4.00 |   4.39 |   4.88 |   3.52 |I I 
11:33-Mon-May-01-2017 PM10  |  11.79 |  10.86 |  16.10 |   5.10 |I I 
11:33-Mon-May-01-2017 PM2.5 |   4.36 |   4.39 |   4.88 |   3.52 |I I 
11:34-Mon-May-01-2017 PM10  |  11.79 |  10.92 |  16.10 |   5.10 |I I 
11:34-Mon-May-01-2017 PM2.5 |   4.36 |   4.39 |   4.88 |   3.52 |I I 
11:35-Mon-May-01-2017 PM10  |  15.19 |  11.21 |  16.10 |   5.10 |I I 
11:35-Mon-May-01-2017 PM2.5 |   4.64 |   4.40 |   4.88 |   3.52 |I I 
11:39-Mon-May-01-2017 PM10  |  14.60 |  11.42 |  16.10 |   5.10 |I I 
11:39-Mon-May-01-2017 PM2.5 |   4.19 |   4.39 |   4.88 |   3.52 |I I 
11:41-Mon-May-01-2017Timeout Event handler
11:41-Mon-May-01-2017 PM10  |  10.52 |  11.37 |  16.10 |   5.10 |B I 
11:41-Mon-May-01-2017 PM2.5 |   4.34 |   4.39 |   4.88 |   3.52 |B I 
11:45-Mon-May-01-2017recover dati per host :salvatorehost.no-ip.org/aria
11:45-Mon-May-01-2017 PM10  |  10.53 |  11.32 |  16.10 |   5.10 |I I 
11:45-Mon-May-01-2017 PM2.5 |   4.29 |   4.38 |   4.88 |   3.52 |I I 
11:46-Mon-May-01-2017 PM10  |  10.06 |  11.26 |  16.10 |   5.10 |I I 
11:46-Mon-May-01-2017 PM2.5 |   4.03 |   4.36 |   4.88 |   3.52 |I I 
11:50-Mon-May-01-2017 PM10  |  11.37 |  11.26 |  16.10 |   5.10 |I I 
11:50-Mon-May-01-2017 PM2.5 |   4.04 |   4.35 |   4.88 |   3.52 |I I 
11:51-Mon-May-01-2017 PM10  |  10.87 |  11.24 |  16.10 |   5.10 |I I 
11:51-Mon-May-01-2017 PM2.5 |   4.27 |   4.34 |   4.88 |   3.52 |I I 
11:55-Mon-May-01-2017 PM10  |  10.87 |  11.23 |  16.10 |   5.10 |I I 
11:55-Mon-May-01-2017 PM2.5 |   4.33 |   4.34 |   4.88 |   3.52 |I I 
11:56-Mon-May-01-2017 PM10  |   9.52 |  11.15 |  16.10 |   5.10 |I I 
11:56-Mon-May-01-2017 PM2.5 |   3.93 |   4.33 |   4.88 |   3.52 |I I 
12:00-Mon-May-01-2017 PM10  |   8.34 |  11.03 |  16.10 |   5.10 |I I 
12:00-Mon-May-01-2017 PM2.5 |   4.23 |   4.32 |   4.88 |   3.52 |I I 
12:01-Mon-May-01-2017 PM10  |  10.50 |  10.50 |  16.10 |   5.10 |I I 
12:01-Mon-May-01-2017 PM2.5 |   4.09 |   4.09 |   4.88 |   3.52 |I I 
12:05-Mon-May-01-2017 PM10  |  12.08 |  11.29 |  16.10 |   5.10 |I I 
12:05-Mon-May-01-2017 PM2.5 |   3.94 |   4.02 |   4.88 |   3.52 |I I 
12:06-Mon-May-01-2017 PM10  |   8.76 |  10.45 |  16.10 |   5.10 |I I 
12:06-Mon-May-01-2017 PM2.5 |   4.02 |   4.02 |   4.88 |   3.52 |I I 
12:10-Mon-May-01-2017 PM10  |  12.67 |  11.00 |  16.10 |   5.10 |I I 
12:10-Mon-May-01-2017 PM2.5 |   4.17 |   4.06 |   4.88 |   3.52 |I I 
12:11-Mon-May-01-2017 PM10  |  12.67 |  11.34 |  16.10 |   5.10 |I I 
12:11-Mon-May-01-2017 PM2.5 |   4.17 |   4.08 |   4.88 |   3.52 |I I 
12:12-Mon-May-01-2017 PM10  |   9.90 |  11.10 |  16.10 |   5.10 |I I 
12:12-Mon-May-01-2017 PM2.5 |   4.23 |   4.10 |   4.88 |   3.52 |I I 
12:16-Mon-May-01-2017 PM10  |  11.56 |  11.16 |  16.10 |   5.10 |I I 
12:16-Mon-May-01-2017 PM2.5 |   4.39 |   4.14 |   4.88 |   3.52 |I I 
12:17-Mon-May-01-2017 PM10  |  12.48 |  11.33 |  16.10 |   5.10 |I I 
12:17-Mon-May-01-2017 PM2.5 |   4.62 |   4.20 |   4.88 |   3.52 |I I 
12:21-Mon-May-01-2017 PM10  |  11.55 |  11.35 |  16.10 |   5.10 |I I 
12:21-Mon-May-01-2017 PM2.5 |   4.62 |   4.25 |   4.88 |   3.52 |I I 
12:22-Mon-May-01-2017 PM10  |   8.47 |  11.06 |  16.10 |   5.10 |I I 
12:22-Mon-May-01-2017 PM2.5 |   4.62 |   4.29 |   4.88 |   3.52 |I I 
12:26-Mon-May-01-2017 PM10  |   9.38 |  10.91 |  16.10 |   5.10 |I I 
12:26-Mon-May-01-2017 PM2.5 |   5.07 |   4.36 |   4.88 |   3.52 |I I 
12:27-Mon-May-01-2017 PM10  |  13.84 |  11.16 |  16.10 |   5.10 |I I 
12:27-Mon-May-01-2017 PM2.5 |   5.39 |   4.44 |   4.88 |   3.52 |I I 
12:31-Mon-May-01-2017 PM10  |  11.10 |  11.15 |  16.10 |   5.10 |I I 
12:31-Mon-May-01-2017 PM2.5 |   5.60 |   4.53 |   4.88 |   3.52 |I I 
12:32-Mon-May-01-2017 PM10  |  16.82 |  11.56 |  16.10 |   5.10 |I I 
12:32-Mon-May-01-2017 PM2.5 |   5.70 |   4.62 |   4.88 |   3.52 |I I 
12:36-Mon-May-01-2017 PM10  |  18.57 |  12.02 |  16.10 |   5.10 |I I 
12:36-Mon-May-01-2017 PM2.5 |   5.82 |   4.70 |   4.88 |   3.52 |I I 
12:37-Mon-May-01-2017 PM10  |  17.57 |  12.37 |  16.10 |   5.10 |I I 
12:37-Mon-May-01-2017 PM2.5 |   5.60 |   4.75 |   4.88 |   3.52 |I I 
12:38-Mon-May-01-2017 PM10  |  17.57 |  12.68 |  16.10 |   5.10 |I I 
12:38-Mon-May-01-2017 PM2.5 |   5.60 |   4.80 |   4.88 |   3.52 |I I 
12:42-Mon-May-01-2017 PM10  |  14.76 |  12.79 |  16.10 |   5.10 |I I 
12:42-Mon-May-01-2017 PM2.5 |   5.51 |   4.84 |   4.88 |   3.52 |I I 
12:43-Mon-May-01-2017 PM10  |  14.81 |  12.90 |  16.10 |   5.10 |I I 
12:43-Mon-May-01-2017 PM2.5 |   5.17 |   4.86 |   4.88 |   3.52 |I I 
12:47-Mon-May-01-2017 PM10  |  16.36 |  13.07 |  16.10 |   5.10 |I I 
12:47-Mon-May-01-2017 PM2.5 |   5.58 |   4.90 |   4.88 |   3.52 |I I 
12:48-Mon-May-01-2017 PM10  |  13.92 |  13.11 |  16.10 |   5.10 |I I 
12:48-Mon-May-01-2017 PM2.5 |   5.63 |   4.93 |   4.88 |   3.52 |I I 
12:52-Mon-May-01-2017 PM10  |  13.83 |  13.14 |  16.10 |   5.10 |I I 
12:52-Mon-May-01-2017 PM2.5 |   5.20 |   4.94 |   4.88 |   3.52 |I I 
12:53-Mon-May-01-2017 PM10  |  11.41 |  13.07 |  16.10 |   5.10 |I I 
12:53-Mon-May-01-2017 PM2.5 |   4.93 |   4.94 |   4.88 |   3.52 |I I 
12:57-Mon-May-01-2017 PM10  |  13.25 |  13.08 |  16.10 |   5.10 |I I 
12:57-Mon-May-01-2017 PM2.5 |   5.13 |   4.95 |   4.88 |   3.52 |I I 
12:58-Mon-May-01-2017 PM10  |  13.61 |  13.10 |  16.10 |   5.10 |I I 
12:58-Mon-May-01-2017 PM2.5 |   5.31 |   4.96 |   4.88 |   3.52 |I I 
13:02-Mon-May-01-2017 PM10  |  17.13 |  13.25 |  16.10 |   5.10 |I I 
13:02-Mon-May-01-2017 PM2.5 |   5.23 |   4.98 |   4.98 |   3.52 |I I 
13:03-Mon-May-01-2017 PM10  |  13.03 |  13.03 |  16.10 |   5.10 |I I 
13:03-Mon-May-01-2017 PM2.5 |   4.82 |   4.82 |   4.98 |   3.52 |I I 
13:07-Mon-May-01-2017 PM10  |  15.36 |  14.20 |  16.10 |   5.10 |I I 
13:07-Mon-May-01-2017 PM2.5 |   5.00 |   4.91 |   4.98 |   3.52 |I I 
13:08-Mon-May-01-2017 PM10  |  15.36 |  14.58 |  16.10 |   5.10 |I I 
13:08-Mon-May-01-2017 PM2.5 |   5.00 |   4.94 |   4.98 |   3.52 |I I 
13:09-Mon-May-01-2017 PM10  |  14.53 |  14.57 |  16.10 |   5.10 |I I 
13:09-Mon-May-01-2017 PM2.5 |   4.52 |   4.84 |   4.98 |   3.52 |I I 
13:13-Mon-May-01-2017 PM10  |  14.41 |  14.54 |  16.10 |   5.10 |I I 
13:13-Mon-May-01-2017 PM2.5 |   4.57 |   4.78 |   4.98 |   3.52 |I I 
13:14-Mon-May-01-2017 PM10  |  13.28 |  14.33 |  16.10 |   5.10 |I I 
13:14-Mon-May-01-2017 PM2.5 |   4.54 |   4.74 |   4.98 |   3.52 |I I 
13:18-Mon-May-01-2017 PM10  |  11.60 |  13.94 |  16.10 |   5.10 |I I 
13:18-Mon-May-01-2017 PM2.5 |   4.46 |   4.70 |   4.98 |   3.52 |I I 
13:19-Mon-May-01-2017 PM10  |  13.01 |  13.82 |  16.10 |   5.10 |I I 
13:19-Mon-May-01-2017 PM2.5 |   4.42 |   4.67 |   4.98 |   3.52 |I I 
13:23-Mon-May-01-2017 PM10  |  13.68 |  13.81 |  16.10 |   5.10 |I I 
13:23-Mon-May-01-2017 PM2.5 |   4.64 |   4.66 |   4.98 |   3.52 |I I 
13:25-Mon-May-01-2017 PM10  |  10.17 |  13.44 |  16.10 |   5.10 |I I 
13:25-Mon-May-01-2017 PM2.5 |   4.44 |   4.64 |   4.98 |   3.52 |I I 
13:29-Mon-May-01-2017 PM10  |   9.85 |  13.12 |  16.10 |   5.10 |I I 
13:29-Mon-May-01-2017 PM2.5 |   4.38 |   4.62 |   4.98 |   3.52 |I I 
13:30-Mon-May-01-2017 PM10  |   8.28 |  12.71 |  16.10 |   5.10 |I I 
13:30-Mon-May-01-2017 PM2.5 |   4.09 |   4.57 |   4.98 |   3.52 |I I 
13:34-Mon-May-01-2017 PM10  |   9.97 |  12.50 |  16.10 |   5.10 |I I 
13:34-Mon-May-01-2017 PM2.5 |   4.26 |   4.55 |   4.98 |   3.52 |I I 
13:35-Mon-May-01-2017 PM10  |  13.83 |  12.60 |  16.10 |   5.10 |I I 
13:35-Mon-May-01-2017 PM2.5 |   4.55 |   4.55 |   4.98 |   3.52 |I I 
13:39-Mon-May-01-2017 PM10  |  10.86 |  12.48 |  16.10 |   5.10 |I I 
13:39-Mon-May-01-2017 PM2.5 |   4.10 |   4.52 |   4.98 |   3.52 |I I 
13:40-Mon-May-01-2017 PM10  |  10.86 |  12.38 |  16.10 |   5.10 |I I 
13:40-Mon-May-01-2017 PM2.5 |   4.10 |   4.49 |   4.98 |   3.52 |I I 
13:41-Mon-May-01-2017 PM10  |   8.90 |  12.17 |  16.10 |   5.10 |I I 
13:41-Mon-May-01-2017 PM2.5 |   3.87 |   4.46 |   4.98 |   3.52 |I I 
13:45-Mon-May-01-2017 PM10  |  11.39 |  12.13 |  16.10 |   5.10 |I I 
13:45-Mon-May-01-2017 PM2.5 |   4.02 |   4.43 |   4.98 |   3.52 |I I 
13:46-Mon-May-01-2017 PM10  |   8.57 |  11.94 |  16.10 |   5.10 |I I 
13:46-Mon-May-01-2017 PM2.5 |   3.91 |   4.41 |   4.98 |   3.52 |I I 
13:50-Mon-May-01-2017 PM10  |   9.21 |  11.81 |  16.10 |   5.10 |I I 
13:50-Mon-May-01-2017 PM2.5 |   4.12 |   4.39 |   4.98 |   3.52 |I I 
13:51-Mon-May-01-2017Timeout Event handler
13:51-Mon-May-01-2017 PM10  |  12.53 |  11.84 |  16.10 |   5.10 |B I 
13:51-Mon-May-01-2017 PM2.5 |   3.90 |   4.37 |   4.98 |   3.52 |B I 
13:55-Mon-May-01-2017recover dati per host :salvatorehost.no-ip.org/aria
13:55-Mon-May-01-2017 PM10  |   7.33 |  11.64 |  16.10 |   5.10 |I I 
13:55-Mon-May-01-2017 PM2.5 |   3.99 |   4.35 |   4.98 |   3.52 |I I 
13:56-Mon-May-01-2017 PM10  |   8.71 |  11.51 |  16.10 |   5.10 |I I 
13:56-Mon-May-01-2017 PM2.5 |   4.34 |   4.35 |   4.98 |   3.52 |I I 
14:00-Mon-May-01-2017 PM10  |   9.39 |  11.42 |  16.10 |   5.10 |I I 
14:00-Mon-May-01-2017 PM2.5 |   4.13 |   4.34 |   4.98 |   3.52 |I I 
14:01-Mon-May-01-2017 PM10  |   8.49 |   8.49 |  16.10 |   5.10 |I I 
14:01-Mon-May-01-2017 PM2.5 |   4.15 |   4.15 |   4.98 |   3.52 |I I 
14:05-Mon-May-01-2017Timeout Event handler
14:05-Mon-May-01-2017 PM10  |   8.63 |   8.56 |  16.10 |   5.10 |B I 
14:05-Mon-May-01-2017 PM2.5 |   4.02 |   4.08 |   4.98 |   3.52 |B I 
14:06-Mon-May-01-2017recover dati per host :salvatorehost.no-ip.org/aria
14:06-Mon-May-01-2017 PM10  |   9.44 |   8.85 |  16.10 |   5.10 |I I 
14:06-Mon-May-01-2017 PM2.5 |   4.07 |   4.08 |   4.98 |   3.52 |I I 
14:10-Mon-May-01-2017 PM10  |  10.29 |   9.21 |  16.10 |   5.10 |I I 
14:10-Mon-May-01-2017 PM2.5 |   3.92 |   4.04 |   4.98 |   3.52 |I I 
14:11-Mon-May-01-2017 PM10  |   8.62 |   9.09 |  16.10 |   5.10 |I I 
14:11-Mon-May-01-2017 PM2.5 |   3.84 |   4.00 |   4.98 |   3.52 |I I 
14:15-Mon-May-01-2017 PM10  |   7.94 |   8.90 |  16.10 |   5.10 |I I 
14:15-Mon-May-01-2017 PM2.5 |   4.02 |   4.00 |   4.98 |   3.52 |I I 
14:16-Mon-May-01-2017 PM10  |   8.13 |   8.79 |  16.10 |   5.10 |I I 
14:16-Mon-May-01-2017 PM2.5 |   3.85 |   3.98 |   4.98 |   3.52 |I I 
14:17-Mon-May-01-2017 PM10  |   8.13 |   8.71 |  16.10 |   5.10 |I I 
14:17-Mon-May-01-2017 PM2.5 |   3.85 |   3.96 |   4.98 |   3.52 |I I 
14:21-Mon-May-01-2017 PM10  |   7.73 |   8.60 |  16.10 |   5.10 |I I 
14:21-Mon-May-01-2017 PM2.5 |   4.03 |   3.97 |   4.98 |   3.52 |I I 
14:22-Mon-May-01-2017 PM10  |   8.59 |   8.60 |  16.10 |   5.10 |I I 
14:22-Mon-May-01-2017 PM2.5 |   4.30 |   4.00 |   4.98 |   3.52 |I I 
14:27-Mon-May-01-2017 PM10  |   8.57 |   8.60 |  16.10 |   5.10 |I I 
14:27-Mon-May-01-2017 PM2.5 |   3.65 |   3.97 |   4.98 |   3.52 |I I 
14:28-Mon-May-01-2017 PM10  |   7.96 |   8.54 |  16.10 |   5.10 |I I 
14:28-Mon-May-01-2017 PM2.5 |   3.50 |   3.93 |   4.98 |   3.52 |I I 
14:32-Mon-May-01-2017 PM10  |   9.15 |   8.59 |  16.10 |   5.10 |I I 
14:32-Mon-May-01-2017 PM2.5 |   3.81 |   3.92 |   4.98 |   3.52 |I I 
14:33-Mon-May-01-2017 PM10  |   8.31 |   8.57 |  16.10 |   5.10 |I I 
14:33-Mon-May-01-2017 PM2.5 |   3.70 |   3.91 |   4.98 |   3.52 |I I 
14:37-Mon-May-01-2017 PM10  |   8.56 |   8.57 |  16.10 |   5.10 |I I 
14:37-Mon-May-01-2017 PM2.5 |   3.91 |   3.91 |   4.98 |   3.52 |I I 
14:38-Mon-May-01-2017 PM10  |  15.16 |   8.98 |  16.10 |   5.10 |I I 
14:38-Mon-May-01-2017 PM2.5 |   4.37 |   3.94 |   4.98 |   3.52 |I I 
14:42-Mon-May-01-2017 PM10  |  10.77 |   9.09 |  16.10 |   5.10 |I I 
14:42-Mon-May-01-2017 PM2.5 |   3.51 |   3.91 |   4.98 |   3.52 |I I 
14:43-Mon-May-01-2017 PM10  |  10.40 |   9.16 |  16.10 |   5.10 |I I 
14:43-Mon-May-01-2017 PM2.5 |   3.86 |   3.91 |   4.98 |   3.52 |I I 
14:47-Mon-May-01-2017 PM10  |  13.82 |   9.40 |  16.10 |   5.10 |I I 
14:47-Mon-May-01-2017 PM2.5 |   3.83 |   3.90 |   4.98 |   3.52 |I I 
14:48-Mon-May-01-2017 PM10  |   8.82 |   9.38 |  16.10 |   5.10 |I I 
14:48-Mon-May-01-2017 PM2.5 |   3.75 |   3.90 |   4.98 |   3.52 |I I 
14:49-Mon-May-01-2017 PM10  |   8.82 |   9.35 |  16.10 |   5.10 |I I 
14:49-Mon-May-01-2017 PM2.5 |   3.75 |   3.89 |   4.98 |   3.52 |I I 
14:53-Mon-May-01-2017 PM10  |  10.85 |   9.42 |  16.10 |   5.10 |I I 
14:53-Mon-May-01-2017 PM2.5 |   3.72 |   3.88 |   4.98 |   3.52 |I I 
14:54-Mon-May-01-2017 PM10  |  10.67 |   9.47 |  16.10 |   5.10 |I I 
14:54-Mon-May-01-2017 PM2.5 |   3.82 |   3.88 |   4.98 |   3.52 |I I 
14:58-Mon-May-01-2017 PM10  |   8.97 |   9.45 |  16.10 |   5.10 |I I 
14:58-Mon-May-01-2017 PM2.5 |   3.78 |   3.87 |   4.98 |   3.52 |I I 
14:59-Mon-May-01-2017 PM10  |   9.69 |   9.46 |  16.10 |   5.10 |I I 
14:59-Mon-May-01-2017 PM2.5 |   3.77 |   3.87 |   4.98 |   3.52 |I I 
15:03-Mon-May-01-2017 PM10  |   8.59 |   9.43 |  16.10 |   5.10 |I I 
15:03-Mon-May-01-2017 PM2.5 |   3.75 |   3.87 |   4.98 |   3.52 |I I 
15:04-Mon-May-01-2017 PM10  |   9.73 |   9.73 |  16.10 |   5.10 |I I 
15:04-Mon-May-01-2017 PM2.5 |   3.40 |   3.40 |   4.98 |   3.52 |I I 
15:08-Mon-May-01-2017 PM10  |   7.53 |   8.63 |  16.10 |   5.10 |I I 
15:08-Mon-May-01-2017 PM2.5 |   3.53 |   3.46 |   4.98 |   3.52 |I I 
15:09-Mon-May-01-2017 PM10  |  11.42 |   9.56 |  16.10 |   5.10 |I I 
15:09-Mon-May-01-2017 PM2.5 |   3.69 |   3.54 |   4.98 |   3.52 |I I 
15:13-Mon-May-01-2017 PM10  |  10.17 |   9.71 |  16.10 |   5.10 |I I 
15:13-Mon-May-01-2017 PM2.5 |   3.79 |   3.60 |   4.98 |   3.52 |I I 
15:14-Mon-May-01-2017 PM10  |   7.97 |   9.36 |  16.10 |   5.10 |I I 
15:14-Mon-May-01-2017 PM2.5 |   3.45 |   3.57 |   4.98 |   3.52 |I I 
15:15-Mon-May-01-2017 PM10  |   7.97 |   9.13 |  16.10 |   5.10 |I I 
15:15-Mon-May-01-2017 PM2.5 |   3.45 |   3.55 |   4.98 |   3.52 |I I 
15:19-Mon-May-01-2017 PM10  |  13.71 |   9.79 |  16.10 |   5.10 |I I 
15:19-Mon-May-01-2017 PM2.5 |   4.29 |   3.66 |   4.98 |   3.52 |I I 
15:20-Mon-May-01-2017 PM10  |   6.99 |   9.44 |  16.10 |   5.10 |I I 
15:20-Mon-May-01-2017 PM2.5 |   3.59 |   3.65 |   4.98 |   3.52 |I I 
15:24-Mon-May-01-2017 PM10  |  10.16 |   9.52 |  16.10 |   5.10 |I I 
15:24-Mon-May-01-2017 PM2.5 |   3.60 |   3.65 |   4.98 |   3.52 |I I 
15:25-Mon-May-01-2017 PM10  |   8.06 |   9.37 |  16.10 |   5.10 |I I 
15:25-Mon-May-01-2017 PM2.5 |   3.40 |   3.62 |   4.98 |   3.52 |I I 
15:29-Mon-May-01-2017 PM10  |  11.20 |   9.54 |  16.10 |   5.10 |I I 
15:29-Mon-May-01-2017 PM2.5 |   3.54 |   3.61 |   4.98 |   3.52 |I I 
15:30-Mon-May-01-2017 PM10  |   5.77 |   9.22 |  16.10 |   5.10 |I I 
15:30-Mon-May-01-2017 PM2.5 |   3.34 |   3.59 |   4.98 |   3.52 |I I 
15:34-Mon-May-01-2017 PM10  |   8.43 |   9.16 |  16.10 |   5.10 |I I 
15:34-Mon-May-01-2017 PM2.5 |   3.41 |   3.58 |   4.98 |   3.52 |I I 
15:35-Mon-May-01-2017 PM10  |   9.46 |   9.18 |  16.10 |   5.10 |I I 
15:35-Mon-May-01-2017 PM2.5 |   3.94 |   3.60 |   4.98 |   3.52 |I I 
15:39-Mon-May-01-2017 PM10  |   9.58 |   9.21 |  16.10 |   5.10 |I I 
15:39-Mon-May-01-2017 PM2.5 |   3.85 |   3.62 |   4.98 |   3.52 |I I 
15:40-Mon-May-01-2017 PM10  |   6.42 |   9.04 |  16.10 |   5.10 |I I 
15:40-Mon-May-01-2017 PM2.5 |   3.40 |   3.61 |   4.98 |   3.52 |I I 
15:44-Mon-May-01-2017 PM10  |   7.75 |   8.96 |  16.10 |   5.10 |I I 
15:44-Mon-May-01-2017 PM2.5 |   3.67 |   3.61 |   4.98 |   3.52 |I I 
15:45-Mon-May-01-2017 PM10  |   7.75 |   8.89 |  16.10 |   5.10 |I I 
15:45-Mon-May-01-2017 PM2.5 |   3.67 |   3.61 |   4.98 |   3.52 |I I 
15:46-Mon-May-01-2017 PM10  |   7.45 |   8.82 |  16.10 |   5.10 |I I 
15:46-Mon-May-01-2017 PM2.5 |   3.59 |   3.61 |   4.98 |   3.52 |I I 
15:50-Mon-May-01-2017 PM10  |   8.39 |   8.80 |  16.10 |   5.10 |I I 
15:50-Mon-May-01-2017 PM2.5 |   3.60 |   3.61 |   4.98 |   3.52 |I I 
15:51-Mon-May-01-2017 PM10  |   6.95 |   8.71 |  16.10 |   5.10 |I I 
15:51-Mon-May-01-2017 PM2.5 |   3.71 |   3.62 |   4.98 |   3.52 |I I 
15:55-Mon-May-01-2017 PM10  |   8.05 |   8.68 |  16.10 |   5.10 |I I 
15:55-Mon-May-01-2017 PM2.5 |   3.47 |   3.61 |   4.98 |   3.52 |I I 
15:56-Mon-May-01-2017 PM10  |   6.17 |   8.57 |  16.10 |   5.10 |I I 
15:56-Mon-May-01-2017 PM2.5 |   3.39 |   3.60 |   4.98 |   3.52 |I I 
16:00-Mon-May-01-2017 PM10  |   7.74 |   8.53 |  16.10 |   5.10 |I I 
16:00-Mon-May-01-2017 PM2.5 |   3.38 |   3.59 |   4.98 |   3.52 |I I 
16:01-Mon-May-01-2017 PM10  |  15.86 |  15.86 |  16.10 |   5.10 |I I 
16:01-Mon-May-01-2017 PM2.5 |   3.76 |   3.76 |   4.98 |   3.52 |I I 
16:05-Mon-May-01-2017 PM10  |   9.59 |  12.73 |  16.10 |   5.10 |I I 
16:05-Mon-May-01-2017 PM2.5 |   3.51 |   3.63 |   4.98 |   3.52 |I I 
16:06-Mon-May-01-2017 PM10  |   7.54 |  11.00 |  16.10 |   5.10 |I I 
16:06-Mon-May-01-2017 PM2.5 |   3.30 |   3.52 |   4.98 |   3.52 |I I 
16:10-Mon-May-01-2017 PM10  |  10.78 |  10.94 |  16.10 |   5.10 |I I 
16:10-Mon-May-01-2017 PM2.5 |   3.66 |   3.56 |   4.98 |   3.52 |I I 
16:11-Mon-May-01-2017 PM10  |   7.90 |  10.34 |  16.10 |   5.10 |I I 
16:11-Mon-May-01-2017 PM2.5 |   3.17 |   3.48 |   4.98 |   3.52 |I I 
16:12-Mon-May-01-2017 PM10  |   7.90 |   9.93 |  16.10 |   5.10 |I I 
16:12-Mon-May-01-2017 PM2.5 |   3.17 |   3.43 |   4.98 |   3.52 |I I 
16:16-Mon-May-01-2017 PM10  |   7.00 |   9.51 |  16.10 |   5.10 |I I 
16:16-Mon-May-01-2017 PM2.5 |   3.17 |   3.39 |   4.98 |   3.52 |I I 
16:17-Mon-May-01-2017 PM10  |   9.88 |   9.56 |  16.10 |   5.10 |I I 
16:17-Mon-May-01-2017 PM2.5 |   3.45 |   3.40 |   4.98 |   3.52 |I I 
16:21-Mon-May-01-2017 PM10  |   9.33 |   9.53 |  16.10 |   5.10 |I I 
16:21-Mon-May-01-2017 PM2.5 |   3.39 |   3.40 |   4.98 |   3.52 |I I 
16:22-Mon-May-01-2017 PM10  |   7.20 |   9.30 |  16.10 |   5.10 |I I 
16:22-Mon-May-01-2017 PM2.5 |   3.24 |   3.38 |   4.98 |   3.52 |I I 
16:26-Mon-May-01-2017 PM10  |   7.74 |   9.16 |  16.10 |   5.10 |I I 
16:26-Mon-May-01-2017 PM2.5 |   3.28 |   3.37 |   4.98 |   3.52 |I I 
16:27-Mon-May-01-2017 PM10  |   5.80 |   8.88 |  16.10 |   5.10 |I I 
16:27-Mon-May-01-2017 PM2.5 |   3.19 |   3.36 |   4.98 |   3.52 |I I 
16:31-Mon-May-01-2017 PM10  |   5.54 |   8.62 |  16.10 |   5.10 |I I 
16:31-Mon-May-01-2017 PM2.5 |   3.02 |   3.33 |   4.98 |   3.52 |I I 
16:32-Mon-May-01-2017 PM10  |   6.03 |   8.43 |  16.10 |   5.10 |I I 
16:32-Mon-May-01-2017 PM2.5 |   2.99 |   3.31 |   4.98 |   3.52 |I I 
16:37-Mon-May-01-2017 PM10  |   6.00 |   8.27 |  16.10 |   5.10 |I I 
16:37-Mon-May-01-2017 PM2.5 |   3.05 |   3.29 |   4.98 |   3.52 |I I 
16:38-Mon-May-01-2017 PM10  |   7.02 |   8.19 |  16.10 |   5.10 |I I 
16:38-Mon-May-01-2017 PM2.5 |   3.22 |   3.28 |   4.98 |   3.52 |I I 
16:39-Mon-May-01-2017 PM10  |   7.02 |   8.12 |  16.10 |   5.10 |I I 
16:39-Mon-May-01-2017 PM2.5 |   3.22 |   3.28 |   4.98 |   3.52 |I I 
16:43-Mon-May-01-2017 PM10  |   8.31 |   8.13 |  16.10 |   5.10 |I I 
16:43-Mon-May-01-2017 PM2.5 |   3.05 |   3.27 |   4.98 |   3.52 |I I 
16:44-Mon-May-01-2017 PM10  |  10.23 |   8.25 |  16.10 |   5.10 |I I 
16:44-Mon-May-01-2017 PM2.5 |   3.17 |   3.26 |   4.98 |   3.52 |I I 
16:48-Mon-May-01-2017 PM10  |   7.47 |   8.21 |  16.10 |   5.10 |I I 
16:48-Mon-May-01-2017 PM2.5 |   3.08 |   3.25 |   4.98 |   3.52 |I I 
16:49-Mon-May-01-2017 PM10  |   9.64 |   8.27 |  16.10 |   5.10 |I I 
16:49-Mon-May-01-2017 PM2.5 |   3.13 |   3.25 |   4.98 |   3.52 |I I 
16:53-Mon-May-01-2017 PM10  |  11.63 |   8.43 |  16.10 |   5.10 |I I 
16:53-Mon-May-01-2017 PM2.5 |   3.32 |   3.25 |   4.98 |   3.52 |I I 
16:54-Mon-May-01-2017 PM10  |   5.68 |   8.31 |  16.10 |   5.10 |I I 
16:54-Mon-May-01-2017 PM2.5 |   2.95 |   3.24 |   4.98 |   3.52 |I I 
16:58-Mon-May-01-2017 PM10  |   5.61 |   8.19 |  16.10 |   5.10 |I I 
16:58-Mon-May-01-2017 PM2.5 |   3.01 |   3.23 |   4.98 |   3.52 |I I 
16:59-Mon-May-01-2017 PM10  |   5.57 |   8.09 |  16.10 |   5.10 |I I 
16:59-Mon-May-01-2017 PM2.5 |   2.98 |   3.22 |   4.98 |   3.52 |I I 
17:03-Mon-May-01-2017 PM10  |   6.37 |   8.02 |  16.10 |   5.10 |I I 
17:03-Mon-May-01-2017 PM2.5 |   3.03 |   3.21 |   4.98 |   3.21 |I I 
17:04-Mon-May-01-2017 PM10  |   8.56 |   8.56 |  16.10 |   5.10 |I I 
17:04-Mon-May-01-2017 PM2.5 |   2.90 |   2.90 |   4.98 |   3.21 |I I 
17:05-Mon-May-01-2017 PM10  |   8.56 |   8.56 |  16.10 |   5.10 |I I 
17:05-Mon-May-01-2017 PM2.5 |   2.90 |   2.90 |   4.98 |   3.21 |I I 
17:08-Mon-May-01-2017 PM10  |   6.09 |   7.73 |  16.10 |   5.10 |I I 
17:08-Mon-May-01-2017 PM2.5 |   3.10 |   2.97 |   4.98 |   3.21 |I I 
17:09-Mon-May-01-2017 PM10  |   6.09 |   7.32 |  16.10 |   5.10 |I I 
17:09-Mon-May-01-2017 PM2.5 |   3.10 |   3.00 |   4.98 |   3.21 |I I 
17:10-Mon-May-01-2017 PM10  |   6.35 |   7.13 |  16.10 |   5.10 |I I 
17:10-Mon-May-01-2017 PM2.5 |   3.00 |   3.00 |   4.98 |   3.21 |I I 
17:14-Mon-May-01-2017 PM10  |   6.04 |   6.95 |  16.10 |   5.10 |I I 
17:14-Mon-May-01-2017 PM2.5 |   3.03 |   3.01 |   4.98 |   3.21 |I I 
17:15-Mon-May-01-2017 PM10  |  10.51 |   7.46 |  16.10 |   5.10 |I I 
17:15-Mon-May-01-2017 PM2.5 |   2.99 |   3.00 |   4.98 |   3.21 |I I 
17:19-Mon-May-01-2017 PM10  |   8.34 |   7.57 |  16.10 |   5.10 |I I 
17:19-Mon-May-01-2017 PM2.5 |   3.09 |   3.02 |   4.98 |   3.21 |I I 
17:20-Mon-May-01-2017 PM10  |   7.06 |   7.51 |  16.10 |   5.10 |I I 
17:20-Mon-May-01-2017 PM2.5 |   2.97 |   3.01 |   4.98 |   3.21 |I I 
17:24-Mon-May-01-2017 PM10  |   7.70 |   7.53 |  16.10 |   5.10 |I I 
17:24-Mon-May-01-2017 PM2.5 |   2.86 |   2.99 |   4.98 |   3.21 |I I 
17:25-Mon-May-01-2017 PM10  |   9.08 |   7.67 |  16.10 |   5.10 |I I 
17:25-Mon-May-01-2017 PM2.5 |   2.97 |   2.99 |   4.98 |   3.21 |I I 
17:29-Mon-May-01-2017 PM10  |   8.21 |   7.71 |  16.10 |   5.10 |I I 
17:29-Mon-May-01-2017 PM2.5 |   2.83 |   2.98 |   4.98 |   3.21 |I I 
17:30-Mon-May-01-2017 PM10  |   7.20 |   7.67 |  16.10 |   5.10 |I I 
17:30-Mon-May-01-2017 PM2.5 |   2.69 |   2.96 |   4.98 |   3.21 |I I 
17:34-Mon-May-01-2017 PM10  |   7.30 |   7.65 |  16.10 |   5.10 |I I 
17:34-Mon-May-01-2017 PM2.5 |   2.99 |   2.96 |   4.98 |   3.21 |I I 
17:35-Mon-May-01-2017 PM10  |   9.43 |   7.77 |  16.10 |   5.10 |I I 
17:35-Mon-May-01-2017 PM2.5 |   3.08 |   2.97 |   4.98 |   3.21 |I I 
17:36-Mon-May-01-2017 PM10  |   9.43 |   7.87 |  16.10 |   5.10 |I I 
17:36-Mon-May-01-2017 PM2.5 |   3.08 |   2.97 |   4.98 |   3.21 |I I 
17:40-Mon-May-01-2017 PM10  |   9.75 |   7.98 |  16.10 |   5.10 |I I 
17:40-Mon-May-01-2017 PM2.5 |   3.07 |   2.98 |   4.98 |   3.21 |I I 
17:41-Mon-May-01-2017 PM10  |  10.41 |   8.12 |  16.10 |   5.10 |I I 
17:41-Mon-May-01-2017 PM2.5 |   3.05 |   2.98 |   4.98 |   3.21 |I I 
17:45-Mon-May-01-2017 PM10  |   6.12 |   8.01 |  16.10 |   5.10 |I I 
17:45-Mon-May-01-2017 PM2.5 |   3.08 |   2.99 |   4.98 |   3.21 |I I 
17:46-Mon-May-01-2017 PM10  |   6.77 |   7.95 |  16.10 |   5.10 |I I 
17:46-Mon-May-01-2017 PM2.5 |   2.83 |   2.98 |   4.98 |   3.21 |I I 
17:50-Mon-May-01-2017 PM10  |   7.37 |   7.92 |  16.10 |   5.10 |I I 
17:50-Mon-May-01-2017 PM2.5 |   2.78 |   2.97 |   4.98 |   3.21 |I I 
17:51-Mon-May-01-2017 PM10  |   9.90 |   8.01 |  16.10 |   5.10 |I B 
17:51-Mon-May-01-2017 PM2.5 |   2.82 |   2.96 |   4.98 |   3.21 |I B 
17:55-Mon-May-01-2017recover dati per host :92.223.147.77/nodered
17:55-Mon-May-01-2017 PM10  |  13.61 |   8.26 |  16.10 |   5.10 |I I 
17:55-Mon-May-01-2017 PM2.5 |   3.10 |   2.97 |   4.98 |   3.21 |I I 
17:56-Mon-May-01-2017 PM10  |  10.04 |   8.33 |  16.10 |   5.10 |I I 
17:56-Mon-May-01-2017 PM2.5 |   3.02 |   2.97 |   4.98 |   3.21 |I I 
18:00-Mon-May-01-2017 PM10  |   7.75 |   8.31 |  16.10 |   5.10 |I I 
18:00-Mon-May-01-2017 PM2.5 |   2.86 |   2.97 |   4.98 |   2.97 |I I 
18:01-Mon-May-01-2017 PM10  |   7.64 |   7.64 |  16.10 |   5.10 |I I 
18:01-Mon-May-01-2017 PM2.5 |   2.88 |   2.88 |   4.98 |   2.97 |I I 
18:05-Mon-May-01-2017 PM10  |   8.24 |   7.94 |  16.10 |   5.10 |I I 
18:05-Mon-May-01-2017 PM2.5 |   2.84 |   2.86 |   4.98 |   2.97 |I I 
18:06-Mon-May-01-2017 PM10  |   8.24 |   8.04 |  16.10 |   5.10 |I I 
18:06-Mon-May-01-2017 PM2.5 |   2.84 |   2.86 |   4.98 |   2.97 |I I 
18:07-Mon-May-01-2017 PM10  |   8.34 |   8.11 |  16.10 |   5.10 |I I 
18:07-Mon-May-01-2017 PM2.5 |   2.91 |   2.87 |   4.98 |   2.97 |I I 
18:11-Mon-May-01-2017 PM10  |   6.67 |   7.83 |  16.10 |   5.10 |I I 
18:11-Mon-May-01-2017 PM2.5 |   2.66 |   2.83 |   4.98 |   2.97 |I I 
18:12-Mon-May-01-2017 PM10  |   9.85 |   8.16 |  16.10 |   5.10 |I I 
18:12-Mon-May-01-2017 PM2.5 |   3.01 |   2.86 |   4.98 |   2.97 |I I 
18:16-Mon-May-01-2017 PM10  |   9.27 |   8.32 |  16.10 |   5.10 |I I 
18:16-Mon-May-01-2017 PM2.5 |   3.37 |   2.93 |   4.98 |   2.97 |I I 
18:17-Mon-May-01-2017 PM10  |  17.10 |   9.42 |  16.10 |   5.10 |I I 
18:17-Mon-May-01-2017 PM2.5 |   3.72 |   3.03 |   4.98 |   2.97 |I I 
18:21-Mon-May-01-2017 PM10  |  10.52 |   9.54 |  16.10 |   5.10 |I I 
18:21-Mon-May-01-2017 PM2.5 |   3.46 |   3.08 |   4.98 |   2.97 |I I 
18:22-Mon-May-01-2017 PM10  |  10.08 |   9.59 |  16.10 |   5.10 |I I 
18:22-Mon-May-01-2017 PM2.5 |   3.18 |   3.09 |   4.98 |   2.97 |I I 
18:26-Mon-May-01-2017 PM10  |  10.52 |   9.68 |  16.10 |   5.10 |I I 
18:26-Mon-May-01-2017 PM2.5 |   3.31 |   3.11 |   4.98 |   2.97 |I I 
18:27-Mon-May-01-2017 PM10  |   9.58 |   9.67 |  16.10 |   5.10 |I I 
18:27-Mon-May-01-2017 PM2.5 |   3.14 |   3.11 |   4.98 |   2.97 |I I 
18:31-Mon-May-01-2017 PM10  |  11.22 |   9.79 |  16.10 |   5.10 |I I 
18:31-Mon-May-01-2017 PM2.5 |   3.21 |   3.12 |   4.98 |   2.97 |I I 
18:32-Mon-May-01-2017 PM10  |  11.22 |   9.89 |  16.10 |   5.10 |I I 
18:32-Mon-May-01-2017 PM2.5 |   3.21 |   3.12 |   4.98 |   2.97 |I I 
18:33-Mon-May-01-2017 PM10  |   9.07 |   9.84 |  16.10 |   5.10 |I I 
18:33-Mon-May-01-2017 PM2.5 |   3.17 |   3.13 |   4.98 |   2.97 |I I 
18:37-Mon-May-01-2017 PM10  |   8.00 |   9.72 |  16.10 |   5.10 |I I 
18:37-Mon-May-01-2017 PM2.5 |   3.27 |   3.14 |   4.98 |   2.97 |I I 
18:39-Mon-May-01-2017 PM10  |   9.31 |   9.70 |  16.10 |   5.10 |I I 
18:39-Mon-May-01-2017 PM2.5 |   3.24 |   3.14 |   4.98 |   2.97 |I I 
18:43-Mon-May-01-2017 PM10  |   7.82 |   9.59 |  16.10 |   5.10 |I I 
18:43-Mon-May-01-2017 PM2.5 |   3.21 |   3.15 |   4.98 |   2.97 |I I 
18:44-Mon-May-01-2017 PM10  |   9.02 |   9.56 |  16.10 |   5.10 |I I 
18:44-Mon-May-01-2017 PM2.5 |   3.28 |   3.15 |   4.98 |   2.97 |I I 
18:48-Mon-May-01-2017 PM10  |   8.30 |   9.50 |  16.10 |   5.10 |I I 
18:48-Mon-May-01-2017 PM2.5 |   3.15 |   3.15 |   4.98 |   2.97 |I I 
18:49-Mon-May-01-2017 PM10  |   9.80 |   9.52 |  16.10 |   5.10 |I I 
18:49-Mon-May-01-2017 PM2.5 |   3.22 |   3.16 |   4.98 |   2.97 |I I 
18:53-Mon-May-01-2017 PM10  |  10.28 |   9.55 |  16.10 |   5.10 |I I 
18:53-Mon-May-01-2017 PM2.5 |   3.29 |   3.16 |   4.98 |   2.97 |I I 
18:54-Mon-May-01-2017 PM10  |   8.19 |   9.49 |  16.10 |   5.10 |I I 
18:54-Mon-May-01-2017 PM2.5 |   3.31 |   3.17 |   4.98 |   2.97 |I I 
18:58-Mon-May-01-2017 PM10  |   6.62 |   9.37 |  16.10 |   5.10 |I I 
18:58-Mon-May-01-2017 PM2.5 |   3.09 |   3.17 |   4.98 |   2.97 |I I 
18:59-Mon-May-01-2017 PM10  |   6.62 |   9.26 |  16.10 |   5.10 |I I 
18:59-Mon-May-01-2017 PM2.5 |   3.09 |   3.16 |   4.98 |   2.97 |I I 
19:00-Mon-May-01-2017 PM10  |   8.79 |   9.24 |  16.10 |   5.10 |I I 
19:00-Mon-May-01-2017 PM2.5 |   3.05 |   3.16 |   4.98 |   2.97 |I I 
19:04-Mon-May-01-2017 PM10  |   7.48 |   7.48 |  16.10 |   5.10 |I I 
19:04-Mon-May-01-2017 PM2.5 |   3.26 |   3.26 |   4.98 |   2.97 |I I 
19:05-Mon-May-01-2017 PM10  |   8.52 |   8.00 |  16.10 |   5.10 |I I 
19:05-Mon-May-01-2017 PM2.5 |   3.48 |   3.37 |   4.98 |   2.97 |I I 
19:09-Mon-May-01-2017 PM10  |  10.38 |   8.79 |  16.10 |   5.10 |I I 
19:09-Mon-May-01-2017 PM2.5 |   3.17 |   3.30 |   4.98 |   2.97 |I I 
19:10-Mon-May-01-2017 PM10  |  11.76 |   9.53 |  16.10 |   5.10 |I I 
19:10-Mon-May-01-2017 PM2.5 |   3.27 |   3.30 |   4.98 |   2.97 |I I 
19:14-Mon-May-01-2017 PM10  |   7.94 |   9.21 |  16.10 |   5.10 |I I 
19:14-Mon-May-01-2017 PM2.5 |   3.12 |   3.26 |   4.98 |   2.97 |I I 
19:15-Mon-May-01-2017 PM10  |   5.02 |   8.52 |  16.10 |   5.10 |I I 
19:15-Mon-May-01-2017 PM2.5 |   2.66 |   3.16 |   4.98 |   2.97 |I I 
19:19-Mon-May-01-2017 PM10  |   6.63 |   8.25 |  16.10 |   5.10 |I I 
19:19-Mon-May-01-2017 PM2.5 |   3.08 |   3.15 |   4.98 |   2.97 |I I 
19:20-Mon-May-01-2017 PM10  |   7.86 |   8.20 |  16.10 |   5.10 |I I 
19:20-Mon-May-01-2017 PM2.5 |   2.94 |   3.12 |   4.98 |   2.97 |I I 
19:24-Mon-May-01-2017 PM10  |   6.17 |   7.97 |  16.10 |   5.10 |I I 
19:24-Mon-May-01-2017 PM2.5 |   2.74 |   3.08 |   4.98 |   2.97 |I I 
19:25-Mon-May-01-2017 PM10  |   9.17 |   8.09 |  16.10 |   5.10 |I I 
19:25-Mon-May-01-2017 PM2.5 |   2.98 |   3.07 |   4.98 |   2.97 |I I 
19:26-Mon-May-01-2017 PM10  |   9.17 |   8.19 |  16.10 |   5.10 |I I 
19:26-Mon-May-01-2017 PM2.5 |   2.98 |   3.06 |   4.98 |   2.97 |I I 
19:30-Mon-May-01-2017 PM10  |   7.92 |   8.17 |  16.10 |   5.10 |I I 
19:30-Mon-May-01-2017 PM2.5 |   3.10 |   3.07 |   4.98 |   2.97 |I I 
19:31-Mon-May-01-2017 PM10  |  10.46 |   8.34 |  16.10 |   5.10 |I I 
19:31-Mon-May-01-2017 PM2.5 |   3.42 |   3.09 |   4.98 |   2.97 |I I 
19:35-Mon-May-01-2017 PM10  |   8.78 |   8.38 |  16.10 |   5.10 |I I 
19:35-Mon-May-01-2017 PM2.5 |   3.20 |   3.10 |   4.98 |   2.97 |I I 
19:36-Mon-May-01-2017 PM10  |   7.37 |   8.31 |  16.10 |   5.10 |I I 
19:36-Mon-May-01-2017 PM2.5 |   3.02 |   3.10 |   4.98 |   2.97 |I I 
19:40-Mon-May-01-2017 PM10  |   8.44 |   8.32 |  16.10 |   5.10 |I I 
19:40-Mon-May-01-2017 PM2.5 |   3.18 |   3.10 |   4.98 |   2.97 |I I 
19:41-Mon-May-01-2017 PM10  |   9.71 |   8.40 |  16.10 |   5.10 |I I 
19:41-Mon-May-01-2017 PM2.5 |   3.24 |   3.11 |   4.98 |   2.97 |I I 
19:45-Mon-May-01-2017 PM10  |  11.07 |   8.55 |  16.10 |   5.10 |I I 
19:45-Mon-May-01-2017 PM2.5 |   3.47 |   3.13 |   4.98 |   2.97 |I I 
19:46-Mon-May-01-2017 PM10  |   9.91 |   8.62 |  16.10 |   5.10 |I I 
19:46-Mon-May-01-2017 PM2.5 |   3.24 |   3.13 |   4.98 |   2.97 |I I 
19:50-Mon-May-01-2017 PM10  |  17.35 |   9.06 |  16.10 |   5.10 |I I 
19:50-Mon-May-01-2017 PM2.5 |   3.23 |   3.14 |   4.98 |   2.97 |I I 
19:51-Mon-May-01-2017 PM10  |  13.06 |   9.25 |  16.10 |   5.10 |I I 
19:51-Mon-May-01-2017 PM2.5 |   3.33 |   3.15 |   4.98 |   2.97 |I I 
19:55-Mon-May-01-2017 PM10  |  14.15 |   9.47 |  16.10 |   5.10 |I I 
19:55-Mon-May-01-2017 PM2.5 |   3.41 |   3.16 |   4.98 |   2.97 |I I 
19:56-Mon-May-01-2017 PM10  |  14.15 |   9.67 |  16.10 |   5.10 |I I 
19:56-Mon-May-01-2017 PM2.5 |   3.41 |   3.17 |   4.98 |   2.97 |I I 
19:57-Mon-May-01-2017 PM10  |   7.48 |   9.58 |  16.10 |   5.10 |I I 
19:57-Mon-May-01-2017 PM2.5 |   2.98 |   3.16 |   4.98 |   2.97 |I I 
20:01-Mon-May-01-2017 PM10  |   9.43 |   9.57 |  16.10 |   5.10 |B I 
20:01-Mon-May-01-2017 PM2.5 |   3.30 |   3.17 |   4.98 |   2.97 |B I 
20:02-Mon-May-01-2017recover dati per host :salvatorehost.no-ip.org/aria
20:02-Mon-May-01-2017 PM10  |   9.31 |   9.31 |  16.10 |   5.10 |I I 
20:02-Mon-May-01-2017 PM2.5 |   3.25 |   3.25 |   4.98 |   2.97 |I I 
20:06-Mon-May-01-2017 PM10  |   9.81 |   9.56 |  16.10 |   5.10 |I I 
20:06-Mon-May-01-2017 PM2.5 |   3.30 |   3.27 |   4.98 |   2.97 |I I 
20:07-Mon-May-01-2017 PM10  |  10.37 |   9.83 |  16.10 |   5.10 |I I 
20:07-Mon-May-01-2017 PM2.5 |   3.18 |   3.24 |   4.98 |   2.97 |I I 
20:11-Mon-May-01-2017 PM10  |   8.58 |   9.52 |  16.10 |   5.10 |I I 
20:11-Mon-May-01-2017 PM2.5 |   3.33 |   3.26 |   4.98 |   2.97 |I I 
20:12-Mon-May-01-2017 PM10  |  10.14 |   9.64 |  16.10 |   5.10 |I I 
20:12-Mon-May-01-2017 PM2.5 |   3.35 |   3.28 |   4.98 |   2.97 |I I 
20:16-Mon-May-01-2017Timeout Event handler
20:16-Mon-May-01-2017 PM10  |   9.16 |   9.56 |  16.10 |   5.10 |B I 
20:16-Mon-May-01-2017 PM2.5 |   3.30 |   3.28 |   4.98 |   2.97 |B I 
20:17-Mon-May-01-2017recover dati per host :salvatorehost.no-ip.org/aria
20:17-Mon-May-01-2017 PM10  |   9.26 |   9.52 |  16.10 |   5.10 |I I 
20:17-Mon-May-01-2017 PM2.5 |   3.20 |   3.27 |   4.98 |   2.97 |I I 
20:21-Mon-May-01-2017 PM10  |  10.77 |   9.68 |  16.10 |   5.10 |I I 
20:21-Mon-May-01-2017 PM2.5 |   2.96 |   3.23 |   4.98 |   2.97 |I I 
20:22-Mon-May-01-2017 PM10  |   8.30 |   9.52 |  16.10 |   5.10 |I I 
20:22-Mon-May-01-2017 PM2.5 |   3.01 |   3.21 |   4.98 |   2.97 |I I 
20:27-Mon-May-01-2017 PM10  |   8.24 |   9.39 |  16.10 |   5.10 |I I 
20:27-Mon-May-01-2017 PM2.5 |   2.88 |   3.18 |   4.98 |   2.97 |I I 
20:28-Mon-May-01-2017 PM10  |   7.90 |   9.26 |  16.10 |   5.10 |I I 
20:28-Mon-May-01-2017 PM2.5 |   2.99 |   3.16 |   4.98 |   2.97 |I I 
20:29-Mon-May-01-2017 PM10  |   7.90 |   9.15 |  16.10 |   5.10 |I I 
20:29-Mon-May-01-2017 PM2.5 |   2.99 |   3.15 |   4.98 |   2.97 |I I 
20:33-Mon-May-01-2017 PM10  |   9.93 |   9.21 |  16.10 |   5.10 |I I 
20:33-Mon-May-01-2017 PM2.5 |   2.87 |   3.13 |   4.98 |   2.97 |I I 
20:34-Mon-May-01-2017 PM10  |  10.33 |   9.29 |  16.10 |   5.10 |I I 
20:34-Mon-May-01-2017 PM2.5 |   3.25 |   3.13 |   4.98 |   2.97 |I I 
20:38-Mon-May-01-2017 PM10  |  11.62 |   9.44 |  16.10 |   5.10 |I I 
20:38-Mon-May-01-2017 PM2.5 |   3.28 |   3.14 |   4.98 |   2.97 |I I 
20:39-Mon-May-01-2017 PM10  |   8.44 |   9.38 |  16.10 |   5.10 |I I 
20:39-Mon-May-01-2017 PM2.5 |   3.18 |   3.15 |   4.98 |   2.97 |I I 
20:43-Mon-May-01-2017 PM10  |  10.77 |   9.46 |  16.10 |   5.10 |I I 
20:43-Mon-May-01-2017 PM2.5 |   2.96 |   3.14 |   4.98 |   2.97 |I I 
20:44-Mon-May-01-2017 PM10  |  10.51 |   9.52 |  16.10 |   5.10 |I I 
20:44-Mon-May-01-2017 PM2.5 |   3.23 |   3.14 |   4.98 |   2.97 |I I 
20:48-Mon-May-01-2017 PM10  |  11.10 |   9.60 |  16.10 |   5.10 |I I 
20:48-Mon-May-01-2017 PM2.5 |   3.33 |   3.15 |   4.98 |   2.97 |I I 
20:49-Mon-May-01-2017 PM10  |   8.11 |   9.53 |  16.10 |   5.10 |I I 
20:49-Mon-May-01-2017 PM2.5 |   3.24 |   3.16 |   4.98 |   2.97 |I I 
20:53-Mon-May-01-2017 PM10  |   8.60 |   9.48 |  16.10 |   5.10 |I I 
20:53-Mon-May-01-2017 PM2.5 |   2.98 |   3.15 |   4.98 |   2.97 |I I 
20:54-Mon-May-01-2017 PM10  |   8.42 |   9.44 |  16.10 |   5.10 |I B 
20:54-Mon-May-01-2017 PM2.5 |   2.97 |   3.14 |   4.98 |   2.97 |I B 
20:58-Mon-May-01-2017recover dati per host :92.223.147.77/nodered
20:58-Mon-May-01-2017 PM10  |  10.13 |   9.47 |  16.10 |   5.10 |I I 
20:58-Mon-May-01-2017 PM2.5 |   3.27 |   3.14 |   4.98 |   2.97 |I I 
20:59-Mon-May-01-2017 PM10  |   8.97 |   9.45 |  16.10 |   5.10 |I I 
20:59-Mon-May-01-2017 PM2.5 |   3.06 |   3.14 |   4.98 |   2.97 |I I 
21:00-Mon-May-01-2017 PM10  |   8.97 |   9.43 |  16.10 |   5.10 |I I 
21:00-Mon-May-01-2017 PM2.5 |   3.06 |   3.14 |   4.98 |   2.97 |I I 
21:04-Mon-May-01-2017 PM10  |  10.35 |  10.35 |  16.10 |   5.10 |I I 
21:04-Mon-May-01-2017 PM2.5 |   3.16 |   3.16 |   4.98 |   2.97 |I I 
21:05-Mon-May-01-2017 PM10  |   9.92 |  10.13 |  16.10 |   5.10 |I I 
21:05-Mon-May-01-2017 PM2.5 |   3.37 |   3.26 |   4.98 |   2.97 |I I 
21:09-Mon-May-01-2017 PM10  |  10.41 |  10.23 |  16.10 |   5.10 |I I 
21:09-Mon-May-01-2017 PM2.5 |   3.34 |   3.29 |   4.98 |   2.97 |I I 
21:10-Mon-May-01-2017 PM10  |   7.10 |   9.44 |  16.10 |   5.10 |I I 
21:10-Mon-May-01-2017 PM2.5 |   2.80 |   3.17 |   4.98 |   2.97 |I I 
21:14-Mon-May-01-2017 PM10  |   8.65 |   9.28 |  16.10 |   5.10 |I I 
21:14-Mon-May-01-2017 PM2.5 |   3.01 |   3.14 |   4.98 |   2.97 |I I 
21:15-Mon-May-01-2017 PM10  |   8.71 |   9.19 |  16.10 |   5.10 |B B 
21:15-Mon-May-01-2017 PM2.5 |   2.96 |   3.11 |   4.98 |   2.97 |B B 
21:19-Mon-May-01-2017recover dati per host :salvatorehost.no-ip.org/aria
21:19-Mon-May-01-2017recover dati per host :92.223.147.77/nodered
21:19-Mon-May-01-2017 PM10  |   6.62 |   8.82 |  16.10 |   5.10 |I I 
21:19-Mon-May-01-2017 PM2.5 |   2.86 |   3.07 |   4.98 |   2.97 |I I 
21:20-Mon-May-01-2017 PM10  |   8.16 |   8.74 |  16.10 |   5.10 |I I 
21:20-Mon-May-01-2017 PM2.5 |   3.03 |   3.07 |   4.98 |   2.97 |I I 
21:24-Mon-May-01-2017 PM10  |   7.56 |   8.61 |  16.10 |   5.10 |B I 
21:24-Mon-May-01-2017 PM2.5 |   2.87 |   3.05 |   4.98 |   2.97 |B I 
21:25-Mon-May-01-2017recover dati per host :salvatorehost.no-ip.org/aria
21:25-Mon-May-01-2017 PM10  |  10.74 |   8.82 |  16.10 |   5.10 |I I 
21:25-Mon-May-01-2017 PM2.5 |   2.92 |   3.03 |   4.98 |   2.97 |I I 
21:29-Mon-May-01-2017 PM10  |  10.17 |   8.94 |  16.10 |   5.10 |I I 
21:29-Mon-May-01-2017 PM2.5 |   2.94 |   3.02 |   4.98 |   2.97 |I I 
21:30-Mon-May-01-2017 PM10  |   7.52 |   8.83 |  16.10 |   5.10 |I I 
21:30-Mon-May-01-2017 PM2.5 |   2.55 |   2.98 |   4.98 |   2.97 |I I 
21:34-Mon-May-01-2017 PM10  |   9.81 |   8.90 |  16.10 |   5.10 |I I 
21:34-Mon-May-01-2017 PM2.5 |   2.88 |   2.98 |   4.98 |   2.97 |I I 
21:35-Mon-May-01-2017 PM10  |   9.81 |   8.97 |  16.10 |   5.10 |I I 
21:35-Mon-May-01-2017 PM2.5 |   2.88 |   2.97 |   4.98 |   2.97 |I I 
21:37-Mon-May-01-2017 PM10  |   9.79 |   9.02 |  16.10 |   5.10 |I B 
21:37-Mon-May-01-2017 PM2.5 |   3.09 |   2.98 |   4.98 |   2.97 |I B 
21:17-Mon-May-01-2017Start
21:44-Mon-May-01-2017 PM10  |   7.98 |   7.98 |  16.10 |   5.10 |I B 
21:44-Mon-May-01-2017 PM2.5 |   2.56 |   2.56 |   4.98 |   2.97 |I B 
21:48-Mon-May-01-2017 PM10  |   9.16 |   8.57 |  16.10 |   5.10 |B B 
21:48-Mon-May-01-2017 PM2.5 |   3.02 |   2.79 |   4.98 |   2.97 |B B 
21:49-Mon-May-01-2017 PM10  |   7.04 |   8.06 |  16.10 |   5.10 |B B 
21:49-Mon-May-01-2017 PM2.5 |   3.02 |   2.87 |   4.98 |   2.97 |B B 
21:53-Mon-May-01-2017recover dati per host :salvatorehost.no-ip.org/aria
21:53-Mon-May-01-2017recover dati per host :92.223.147.77/nodered
21:53-Mon-May-01-2017 PM10  |   8.23 |   8.10 |  16.10 |   5.10 |I I 
21:53-Mon-May-01-2017 PM2.5 |   2.93 |   2.88 |   4.98 |   2.97 |I I 
21:54-Mon-May-01-2017 PM10  |   6.99 |   7.88 |  16.10 |   5.10 |I I 
21:54-Mon-May-01-2017 PM2.5 |   2.72 |   2.85 |   4.98 |   2.97 |I I 
21:58-Mon-May-01-2017 PM10  |   9.63 |   8.17 |  16.10 |   5.10 |I I 
21:58-Mon-May-01-2017 PM2.5 |   3.12 |   2.89 |   4.98 |   2.97 |I I 
21:59-Mon-May-01-2017 PM10  |   7.93 |   8.14 |  16.10 |   5.10 |I I 
21:59-Mon-May-01-2017 PM2.5 |   2.66 |   2.86 |   4.98 |   2.97 |I I 
22:03-Mon-May-01-2017 PM10  |   9.09 |   8.25 |  16.10 |   5.10 |I I 
22:03-Mon-May-01-2017 PM2.5 |   2.71 |   2.84 |   4.98 |   2.84 |I I 
22:04-Mon-May-01-2017 PM10  |   7.96 |   7.96 |  16.10 |   5.10 |I I 
22:04-Mon-May-01-2017 PM2.5 |   2.98 |   2.98 |   4.98 |   2.84 |I I 
22:08-Mon-May-01-2017 PM10  |   8.67 |   8.31 |  16.10 |   5.10 |B B 
22:08-Mon-May-01-2017 PM2.5 |   2.97 |   2.97 |   4.98 |   2.84 |B B 
22:09-Mon-May-01-2017recover dati per host :salvatorehost.no-ip.org/aria
22:09-Mon-May-01-2017recover dati per host :92.223.147.77/nodered
22:09-Mon-May-01-2017 PM10  |   7.47 |   8.03 |  16.10 |   5.10 |I I 
22:09-Mon-May-01-2017 PM2.5 |   2.79 |   2.91 |   4.98 |   2.84 |I I 
22:13-Mon-May-01-2017 PM10  |   6.44 |   7.63 |  16.10 |   5.10 |I I 
22:13-Mon-May-01-2017 PM2.5 |   2.91 |   2.91 |   4.98 |   2.84 |I I 
22:14-Mon-May-01-2017 PM10  |   6.44 |   7.40 |  16.10 |   5.10 |I I 
22:14-Mon-May-01-2017 PM2.5 |   2.91 |   2.91 |   4.98 |   2.84 |I I 
22:15-Mon-May-01-2017 PM10  |   8.07 |   7.51 |  16.10 |   5.10 |I I 
22:15-Mon-May-01-2017 PM2.5 |   2.73 |   2.88 |   4.98 |   2.84 |I I 
22:19-Mon-May-01-2017 PM10  |   7.98 |   7.58 |  16.10 |   5.10 |I I 
22:19-Mon-May-01-2017 PM2.5 |   2.92 |   2.89 |   4.98 |   2.84 |I I 
22:20-Mon-May-01-2017 PM10  |   9.72 |   7.84 |  16.10 |   5.10 |B B 
22:20-Mon-May-01-2017 PM2.5 |   2.67 |   2.86 |   4.98 |   2.84 |B B 
22:24-Mon-May-01-2017recover dati per host :salvatorehost.no-ip.org/aria
22:24-Mon-May-01-2017recover dati per host :92.223.147.77/nodered
22:24-Mon-May-01-2017 PM10  |   9.56 |   8.03 |  16.10 |   5.10 |I I 
22:24-Mon-May-01-2017 PM2.5 |   3.01 |   2.88 |   4.98 |   2.84 |I I 
22:25-Mon-May-01-2017 PM10  |   7.74 |   8.01 |  16.10 |   5.10 |I I 
22:25-Mon-May-01-2017 PM2.5 |   3.08 |   2.90 |   4.98 |   2.84 |I I 
22:29-Mon-May-01-2017 PM10  |   8.85 |   8.08 |  16.10 |   5.10 |B B 
22:29-Mon-May-01-2017 PM2.5 |   3.06 |   2.91 |   4.98 |   2.84 |B B 
22:30-Mon-May-01-2017recover dati per host :salvatorehost.no-ip.org/aria
22:30-Mon-May-01-2017recover dati per host :92.223.147.77/nodered
22:30-Mon-May-01-2017 PM10  |   8.16 |   8.09 |  16.10 |   5.10 |I I 
22:30-Mon-May-01-2017 PM2.5 |   2.87 |   2.91 |   4.98 |   2.84 |I I 
22:34-Mon-May-01-2017 PM10  |   7.25 |   8.02 |  16.10 |   5.10 |I I 
22:34-Mon-May-01-2017 PM2.5 |   2.82 |   2.90 |   4.98 |   2.84 |I I 
22:35-Mon-May-01-2017 PM10  |   9.49 |   8.13 |  16.10 |   5.10 |I I 
22:35-Mon-May-01-2017 PM2.5 |   2.96 |   2.91 |   4.98 |   2.84 |I I 
22:39-Mon-May-01-2017 PM10  |   9.39 |   8.21 |  16.10 |   5.10 |B B 
22:39-Mon-May-01-2017 PM2.5 |   2.90 |   2.91 |   4.98 |   2.84 |B B 
22:41-Mon-May-01-2017recover dati per host :salvatorehost.no-ip.org/aria
22:41-Mon-May-01-2017recover dati per host :92.223.147.77/nodered
22:41-Mon-May-01-2017 PM10  |   7.35 |   8.16 |  16.10 |   5.10 |I I 
22:41-Mon-May-01-2017 PM2.5 |   2.72 |   2.90 |   4.98 |   2.84 |I I 
22:45-Mon-May-01-2017 PM10  |   7.29 |   8.11 |  16.10 |   5.10 |I I 
22:45-Mon-May-01-2017 PM2.5 |   2.87 |   2.89 |   4.98 |   2.84 |I I 
22:46-Mon-May-01-2017 PM10  |   6.45 |   8.02 |  16.10 |   5.10 |I I 
22:46-Mon-May-01-2017 PM2.5 |   2.54 |   2.87 |   4.98 |   2.84 |I I 
22:50-Mon-May-01-2017 PM10  |   8.53 |   8.04 |  16.10 |   5.10 |I I 
22:50-Mon-May-01-2017 PM2.5 |   2.69 |   2.86 |   4.98 |   2.84 |I I 
22:51-Mon-May-01-2017 PM10  |   8.53 |   8.07 |  16.10 |   5.10 |I I 
22:51-Mon-May-01-2017 PM2.5 |   2.69 |   2.86 |   4.98 |   2.84 |I I 
22:52-Mon-May-01-2017 PM10  |   6.96 |   8.01 |  16.10 |   5.10 |I I 
22:52-Mon-May-01-2017 PM2.5 |   2.73 |   2.85 |   4.98 |   2.84 |I I 
22:56-Mon-May-01-2017 PM10  |   8.25 |   8.03 |  16.10 |   5.10 |I I 
22:56-Mon-May-01-2017 PM2.5 |   2.90 |   2.85 |   4.98 |   2.84 |I I 
22:57-Mon-May-01-2017 PM10  |   5.58 |   7.92 |  16.10 |   5.10 |I I 
22:57-Mon-May-01-2017 PM2.5 |   2.76 |   2.85 |   4.98 |   2.84 |I I 
23:01-Mon-May-01-2017 PM10  |   6.10 |   7.84 |  16.10 |   5.10 |I I 
23:01-Mon-May-01-2017 PM2.5 |   2.87 |   2.85 |   4.98 |   2.84 |I I 
23:02-Mon-May-01-2017 PM10  |   7.76 |   7.76 |  16.10 |   5.10 |I I 
23:02-Mon-May-01-2017 PM2.5 |   2.74 |   2.74 |   4.98 |   2.84 |I I 
23:06-Mon-May-01-2017 PM10  |   6.32 |   7.04 |  16.10 |   5.10 |I I 
23:06-Mon-May-01-2017 PM2.5 |   2.68 |   2.71 |   4.98 |   2.84 |I I 
23:07-Mon-May-01-2017 PM10  |   6.01 |   6.69 |  16.10 |   5.10 |I I 
23:07-Mon-May-01-2017 PM2.5 |   2.79 |   2.74 |   4.98 |   2.84 |I I 
23:11-Mon-May-01-2017 PM10  |   7.13 |   6.80 |  16.10 |   5.10 |I I 
23:11-Mon-May-01-2017 PM2.5 |   3.01 |   2.81 |   4.98 |   2.84 |I I 
23:12-Mon-May-01-2017 PM10  |   7.59 |   6.96 |  16.10 |   5.10 |I I 
23:12-Mon-May-01-2017 PM2.5 |   2.77 |   2.80 |   4.98 |   2.84 |I I 
23:16-Mon-May-01-2017 PM10  |   5.49 |   6.72 |  16.10 |   5.10 |I B 
23:16-Mon-May-01-2017 PM2.5 |   2.80 |   2.80 |   4.98 |   2.84 |I B 
23:17-Mon-May-01-2017recover dati per host :92.223.147.77/nodered
23:17-Mon-May-01-2017 PM10  |   5.92 |   6.60 |  16.10 |   5.10 |I I 
23:17-Mon-May-01-2017 PM2.5 |   2.89 |   2.81 |   4.98 |   2.84 |I I 
23:21-Mon-May-01-2017Timeout Event handler
23:21-Mon-May-01-2017 PM10  |   5.66 |   6.48 |  16.10 |   5.10 |B B 
23:21-Mon-May-01-2017 PM2.5 |   2.77 |   2.81 |   4.98 |   2.84 |B B 
23:22-Mon-May-01-2017recover dati per host :salvatorehost.no-ip.org/aria
23:22-Mon-May-01-2017recover dati per host :92.223.147.77/nodered
23:22-Mon-May-01-2017 PM10  |   9.56 |   6.82 |  16.10 |   5.10 |I I 
23:22-Mon-May-01-2017 PM2.5 |   3.09 |   2.84 |   4.98 |   2.84 |I I 
23:27-Mon-May-01-2017 PM10  |   6.14 |   6.76 |  16.10 |   5.10 |I I 
23:27-Mon-May-01-2017 PM2.5 |   2.66 |   2.82 |   4.98 |   2.84 |I I 
23:28-Mon-May-01-2017 PM10  |   8.04 |   6.87 |  16.10 |   5.10 |I I 
23:28-Mon-May-01-2017 PM2.5 |   2.88 |   2.83 |   4.98 |   2.84 |I I 
23:32-Mon-May-01-2017 PM10  |   6.87 |   6.87 |  16.10 |   5.10 |B B 
23:32-Mon-May-01-2017 PM2.5 |   2.95 |   2.84 |   4.98 |   2.84 |B B 
23:33-Mon-May-01-2017recover dati per host :salvatorehost.no-ip.org/aria
23:33-Mon-May-01-2017recover dati per host :92.223.147.77/nodered
23:33-Mon-May-01-2017 PM10  |   6.86 |   6.87 |  16.10 |   5.10 |I I 
23:33-Mon-May-01-2017 PM2.5 |   2.83 |   2.84 |   4.98 |   2.84 |I I 
23:37-Mon-May-01-2017 PM10  |   8.01 |   6.95 |  16.10 |   5.10 |I I 
23:37-Mon-May-01-2017 PM2.5 |   2.76 |   2.83 |   4.98 |   2.84 |I I 
23:38-Mon-May-01-2017 PM10  |   8.01 |   7.02 |  16.10 |   5.10 |I I 
23:38-Mon-May-01-2017 PM2.5 |   2.76 |   2.83 |   4.98 |   2.84 |I I 
23:39-Mon-May-01-2017 PM10  |   5.48 |   6.93 |  16.10 |   5.10 |I I 
23:39-Mon-May-01-2017 PM2.5 |   2.92 |   2.83 |   4.98 |   2.84 |I I 
23:43-Mon-May-01-2017 PM10  |   6.19 |   6.88 |  16.10 |   5.10 |I I 
23:43-Mon-May-01-2017 PM2.5 |   2.82 |   2.83 |   4.98 |   2.84 |I I 
23:44-Mon-May-01-2017 PM10  |   6.29 |   6.85 |  16.10 |   5.10 |I I 
23:44-Mon-May-01-2017 PM2.5 |   2.69 |   2.82 |   4.98 |   2.84 |I I 
23:48-Mon-May-01-2017 PM10  |   6.27 |   6.82 |  16.10 |   5.10 |I I 
23:48-Mon-May-01-2017 PM2.5 |   2.68 |   2.82 |   4.98 |   2.84 |I I 
23:49-Mon-May-01-2017 PM10  |   6.58 |   6.81 |  16.10 |   5.10 |I I 
23:49-Mon-May-01-2017 PM2.5 |   2.76 |   2.81 |   4.98 |   2.84 |I I 
23:53-Mon-May-01-2017 PM10  |   8.34 |   6.88 |  16.10 |   5.10 |I I 
23:53-Mon-May-01-2017 PM2.5 |   2.62 |   2.80 |   4.98 |   2.84 |I I 
23:54-Mon-May-01-2017 PM10  |   5.16 |   6.80 |  16.10 |   5.10 |I I 
23:54-Mon-May-01-2017 PM2.5 |   2.47 |   2.79 |   4.98 |   2.84 |I I 
23:58-Mon-May-01-2017 PM10  |   4.73 |   6.71 |  16.10 |   5.10 |I I 
23:58-Mon-May-01-2017 PM2.5 |   2.72 |   2.79 |   4.98 |   2.84 |I I 
23:59-Mon-May-01-2017 PM10  |   7.76 |   6.76 |  16.10 |   5.10 |I I 
23:59-Mon-May-01-2017 PM2.5 |   2.67 |   2.78 |   4.98 |   2.84 |I I 
00:03-Tue-May-02-2017 PM10  |   6.75 |   6.76 |  16.10 |   5.10 |I I 
