[Mon Feb 13 00:00:39 2017] Report del giorno Monday February 13 2017 -- INVIATO a centraline@googlegroups.com
00:00-Mon-Feb-13-2017 PM2.5 |  15.44 |  17.13 |  21.31 |   4.70 |I I 
00:04-Mon-Feb-13-2017 PM10  |  40.62 |  40.62 |   0.00 |  2000.00|I I 
00:04-Mon-Feb-13-2017 PM2.5 |  17.59 |  17.59 |   0.00 |  2000.00|I I 
00:05-Mon-Feb-13-2017 PM10  |  39.73 |  40.17 |   0.00 |  2000.00|I I 
00:05-Mon-Feb-13-2017 PM2.5 |  16.49 |  17.04 |   0.00 |  2000.00|I I 
00:09-Mon-Feb-13-2017 PM10  |  38.41 |  39.59 |   0.00 |  2000.00|I I 
00:09-Mon-Feb-13-2017 PM2.5 |  17.43 |  17.17 |   0.00 |  2000.00|I I 
00:10-Mon-Feb-13-2017 PM10  |  38.72 |  39.37 |   0.00 |  2000.00|I I 
00:10-Mon-Feb-13-2017 PM2.5 |  16.38 |  16.97 |   0.00 |  2000.00|I I 
00:14-Mon-Feb-13-2017 PM10  |  38.87 |  39.27 |   0.00 |  2000.00|I I 
00:14-Mon-Feb-13-2017 PM2.5 |  17.59 |  17.10 |   0.00 |  2000.00|I I 
00:15-Mon-Feb-13-2017 PM10  |  40.74 |  39.51 |   0.00 |  2000.00|I I 
00:15-Mon-Feb-13-2017 PM2.5 |  16.40 |  16.98 |   0.00 |  2000.00|I I 
00:19-Mon-Feb-13-2017 PM10  |  39.50 |  39.51 |   0.00 |  2000.00|I I 
00:19-Mon-Feb-13-2017 PM2.5 |  16.99 |  16.98 |   0.00 |  2000.00|I I 
00:20-Mon-Feb-13-2017 PM10  |  39.57 |  39.52 |   0.00 |  2000.00|I I 
00:20-Mon-Feb-13-2017 PM2.5 |  16.85 |  16.97 |   0.00 |  2000.00|I I 
00:24-Mon-Feb-13-2017 PM10  |  42.53 |  39.85 |   0.00 |  2000.00|I I 
00:24-Mon-Feb-13-2017 PM2.5 |  18.37 |  17.12 |   0.00 |  2000.00|I I 
00:25-Mon-Feb-13-2017 PM10  |  37.88 |  39.66 |   0.00 |  2000.00|I I 
00:25-Mon-Feb-13-2017 PM2.5 |  16.69 |  17.08 |   0.00 |  2000.00|I I 
00:29-Mon-Feb-13-2017 PM10  |  41.60 |  39.83 |   0.00 |  2000.00|I I 
00:29-Mon-Feb-13-2017 PM2.5 |  18.54 |  17.21 |   0.00 |  2000.00|I I 
00:30-Mon-Feb-13-2017 PM10  |  36.05 |  39.52 |   0.00 |  2000.00|I I 
00:30-Mon-Feb-13-2017 PM2.5 |  16.09 |  17.12 |   0.00 |  2000.00|I I 
00:34-Mon-Feb-13-2017 PM10  |  38.81 |  39.46 |   0.00 |  2000.00|I I 
00:34-Mon-Feb-13-2017 PM2.5 |  18.10 |  17.19 |   0.00 |  2000.00|I I 
00:35-Mon-Feb-13-2017 PM10  |  36.29 |  39.24 |   0.00 |  2000.00|I I 
00:35-Mon-Feb-13-2017 PM2.5 |  16.26 |  17.13 |   0.00 |  2000.00|I I 
00:39-Mon-Feb-13-2017 PM10  |  37.49 |  39.12 |   0.00 |  2000.00|I I 
00:39-Mon-Feb-13-2017 PM2.5 |  17.83 |  17.17 |   0.00 |  2000.00|I I 
00:40-Mon-Feb-13-2017 PM10  |  33.26 |  38.75 |   0.00 |  2000.00|I I 
00:40-Mon-Feb-13-2017 PM2.5 |  15.88 |  17.09 |   0.00 |  2000.00|I I 
00:44-Mon-Feb-13-2017 PM10  |  36.94 |  38.65 |   0.00 |  2000.00|I I 
00:44-Mon-Feb-13-2017 PM2.5 |  17.74 |  17.13 |   0.00 |  2000.00|I I 
00:45-Mon-Feb-13-2017 PM10  |  41.93 |  38.83 |   0.00 |  2000.00|I I 
00:45-Mon-Feb-13-2017 PM2.5 |  16.46 |  17.09 |   0.00 |  2000.00|I I 
00:49-Mon-Feb-13-2017 PM10  |  40.39 |  38.91 |   0.00 |  2000.00|I I 
00:49-Mon-Feb-13-2017 PM2.5 |  17.56 |  17.12 |   0.00 |  2000.00|I I 
00:50-Mon-Feb-13-2017 PM10  |  37.31 |  38.83 |   0.00 |  2000.00|I I 
00:50-Mon-Feb-13-2017 PM2.5 |  15.39 |  17.03 |   0.00 |  2000.00|I I 
00:54-Mon-Feb-13-2017 PM10  |  35.67 |  38.68 |   0.00 |  2000.00|I I 
00:54-Mon-Feb-13-2017 PM2.5 |  16.74 |  17.02 |   0.00 |  2000.00|I I 
00:55-Mon-Feb-13-2017 PM10  |  33.95 |  38.47 |   0.00 |  2000.00|I I 
00:55-Mon-Feb-13-2017 PM2.5 |  15.86 |  16.97 |   0.00 |  2000.00|I I 
00:59-Mon-Feb-13-2017 PM10  |  35.69 |  38.35 |   0.00 |  2000.00|I I 
00:59-Mon-Feb-13-2017 PM2.5 |  17.13 |  16.97 |   0.00 |  2000.00|I I 
01:00-Mon-Feb-13-2017 PM10  |  35.86 |  38.24 |  38.24 |  38.24 |I I 
01:00-Mon-Feb-13-2017 PM2.5 |  16.09 |  16.94 |  16.94 |  16.94 |I I 
01:04-Mon-Feb-13-2017 PM10  |  34.84 |  34.84 |  38.24 |  38.24 |I I 
01:04-Mon-Feb-13-2017 PM2.5 |  16.95 |  16.95 |  16.94 |  16.94 |I I 
01:06-Mon-Feb-13-2017 PM10  |  37.71 |  36.27 |  38.24 |  38.24 |I I 
01:06-Mon-Feb-13-2017 PM2.5 |  15.51 |  16.23 |  16.94 |  16.94 |I I 
01:10-Mon-Feb-13-2017 PM10  |  40.00 |  37.51 |  38.24 |  38.24 |I I 
01:10-Mon-Feb-13-2017 PM2.5 |  17.88 |  16.78 |  16.94 |  16.94 |I I 
01:11-Mon-Feb-13-2017 PM10  |  33.44 |  36.49 |  38.24 |  38.24 |I I 
01:11-Mon-Feb-13-2017 PM2.5 |  15.76 |  16.52 |  16.94 |  16.94 |I I 
01:15-Mon-Feb-13-2017 PM10  |  38.99 |  36.99 |  38.24 |  38.24 |I I 
01:15-Mon-Feb-13-2017 PM2.5 |  17.20 |  16.66 |  16.94 |  16.94 |I I 
01:16-Mon-Feb-13-2017 PM10  |  35.93 |  36.82 |  38.24 |  38.24 |I I 
01:16-Mon-Feb-13-2017 PM2.5 |  15.59 |  16.48 |  16.94 |  16.94 |I I 
01:20-Mon-Feb-13-2017 PM10  |  33.24 |  36.31 |  38.24 |  38.24 |I I 
01:20-Mon-Feb-13-2017 PM2.5 |  16.75 |  16.52 |  16.94 |  16.94 |I I 
01:21-Mon-Feb-13-2017 PM10  |  33.94 |  36.01 |  38.24 |  38.24 |I I 
01:21-Mon-Feb-13-2017 PM2.5 |  15.94 |  16.45 |  16.94 |  16.94 |I I 
01:25-Mon-Feb-13-2017 PM10  |  37.21 |  36.14 |  38.24 |  38.24 |I I 
01:25-Mon-Feb-13-2017 PM2.5 |  17.04 |  16.51 |  16.94 |  16.94 |I I 
01:26-Mon-Feb-13-2017 PM10  |  32.97 |  35.83 |  38.24 |  38.24 |I I 
01:26-Mon-Feb-13-2017 PM2.5 |  15.27 |  16.39 |  16.94 |  16.94 |I I 
01:30-Mon-Feb-13-2017 PM10  |  34.15 |  35.67 |  38.24 |  38.24 |I I 
01:30-Mon-Feb-13-2017 PM2.5 |  16.62 |  16.41 |  16.94 |  16.94 |I I 
01:31-Mon-Feb-13-2017 PM10  |  32.33 |  35.39 |  38.24 |  38.24 |I I 
01:31-Mon-Feb-13-2017 PM2.5 |  14.75 |  16.27 |  16.94 |  16.94 |I I 
01:35-Mon-Feb-13-2017 PM10  |  36.94 |  35.51 |  38.24 |  38.24 |I I 
01:35-Mon-Feb-13-2017 PM2.5 |  16.72 |  16.31 |  16.94 |  16.94 |I I 
01:36-Mon-Feb-13-2017 PM10  |  32.53 |  35.30 |  38.24 |  38.24 |I I 
01:36-Mon-Feb-13-2017 PM2.5 |  14.68 |  16.19 |  16.94 |  16.94 |I I 
01:40-Mon-Feb-13-2017 PM10  |  34.26 |  35.23 |  38.24 |  38.24 |I I 
01:40-Mon-Feb-13-2017 PM2.5 |  16.22 |  16.19 |  16.94 |  16.94 |I I 
01:41-Mon-Feb-13-2017 PM10  |  31.05 |  34.97 |  38.24 |  38.24 |I I 
01:41-Mon-Feb-13-2017 PM2.5 |  14.59 |  16.09 |  16.94 |  16.94 |I I 
01:45-Mon-Feb-13-2017 PM10  |  33.49 |  34.88 |  38.24 |  38.24 |I I 
01:45-Mon-Feb-13-2017 PM2.5 |  15.80 |  16.07 |  16.94 |  16.94 |I I 
01:46-Mon-Feb-13-2017 PM10  |  32.28 |  34.74 |  38.24 |  38.24 |I I 
01:46-Mon-Feb-13-2017 PM2.5 |  14.72 |  16.00 |  16.94 |  16.94 |I I 
01:50-Mon-Feb-13-2017 PM10  |  34.18 |  34.71 |  38.24 |  38.24 |I I 
01:50-Mon-Feb-13-2017 PM2.5 |  16.20 |  16.01 |  16.94 |  16.94 |I I 
01:51-Mon-Feb-13-2017 PM10  |  38.46 |  34.90 |  38.24 |  38.24 |I I 
01:51-Mon-Feb-13-2017 PM2.5 |  17.45 |  16.08 |  16.94 |  16.94 |I I 
01:55-Mon-Feb-13-2017 PM10  |  35.64 |  34.93 |  38.24 |  38.24 |I I 
01:55-Mon-Feb-13-2017 PM2.5 |  17.65 |  16.16 |  16.94 |  16.94 |I I 
01:56-Mon-Feb-13-2017 PM10  |  30.34 |  34.72 |  38.24 |  38.24 |I I 
01:56-Mon-Feb-13-2017 PM2.5 |  14.58 |  16.08 |  16.94 |  16.94 |I I 
02:00-Mon-Feb-13-2017 PM10  |  30.19 |  34.53 |  38.24 |  34.53 |I I 
02:00-Mon-Feb-13-2017 PM2.5 |  15.25 |  16.05 |  16.94 |  16.05 |I I 
02:01-Mon-Feb-13-2017 PM10  |  29.09 |  29.09 |  38.24 |  34.53 |I I 
02:01-Mon-Feb-13-2017 PM2.5 |  13.20 |  13.20 |  16.94 |  16.05 |I I 
02:05-Mon-Feb-13-2017 PM10  |  29.31 |  29.20 |  38.24 |  34.53 |I I 
02:05-Mon-Feb-13-2017 PM2.5 |  13.99 |  13.59 |  16.94 |  16.05 |I I 
02:06-Mon-Feb-13-2017 PM10  |  27.99 |  28.80 |  38.24 |  34.53 |I I 
02:06-Mon-Feb-13-2017 PM2.5 |  13.65 |  13.61 |  16.94 |  16.05 |I I 
02:10-Mon-Feb-13-2017 PM10  |  29.18 |  28.89 |  38.24 |  34.53 |I I 
02:10-Mon-Feb-13-2017 PM2.5 |  13.97 |  13.70 |  16.94 |  16.05 |I I 
02:11-Mon-Feb-13-2017 PM10  |  25.81 |  28.28 |  38.24 |  34.53 |I I 
02:11-Mon-Feb-13-2017 PM2.5 |  12.32 |  13.42 |  16.94 |  16.05 |I I 
02:15-Mon-Feb-13-2017 PM10  |  28.00 |  28.23 |  38.24 |  34.53 |I I 
02:15-Mon-Feb-13-2017 PM2.5 |  13.45 |  13.43 |  16.94 |  16.05 |I I 
02:19-Mon-Feb-13-2017 PM10  |  29.59 |  28.43 |  38.24 |  34.53 |I I 
02:19-Mon-Feb-13-2017 PM2.5 |  14.20 |  13.54 |  16.94 |  16.05 |I I 
02:20-Mon-Feb-13-2017 PM10  |  28.43 |  28.43 |  38.24 |  34.53 |I I 
02:20-Mon-Feb-13-2017 PM2.5 |  13.34 |  13.51 |  16.94 |  16.05 |I I 
02:24-Mon-Feb-13-2017 PM10  |  30.53 |  28.66 |  38.24 |  34.53 |I I 
02:24-Mon-Feb-13-2017 PM2.5 |  14.44 |  13.62 |  16.94 |  16.05 |I I 
02:25-Mon-Feb-13-2017 PM10  |  27.63 |  28.56 |  38.24 |  34.53 |I I 
02:25-Mon-Feb-13-2017 PM2.5 |  13.28 |  13.58 |  16.94 |  16.05 |I I 
02:29-Mon-Feb-13-2017 PM10  |  29.47 |  28.64 |  38.24 |  34.53 |I I 
02:29-Mon-Feb-13-2017 PM2.5 |  14.23 |  13.64 |  16.94 |  16.05 |I I 
02:30-Mon-Feb-13-2017 PM10  |  26.75 |  28.48 |  38.24 |  34.53 |I I 
02:30-Mon-Feb-13-2017 PM2.5 |  13.23 |  13.61 |  16.94 |  16.05 |I I 
02:34-Mon-Feb-13-2017 PM10  |  29.96 |  28.60 |  38.24 |  34.53 |I I 
02:34-Mon-Feb-13-2017 PM2.5 |  15.45 |  13.75 |  16.94 |  16.05 |I I 
02:35-Mon-Feb-13-2017 PM10  |  29.19 |  28.64 |  38.24 |  34.53 |I I 
02:35-Mon-Feb-13-2017 PM2.5 |  13.86 |  13.76 |  16.94 |  16.05 |I I 
02:39-Mon-Feb-13-2017 PM10  |  29.20 |  28.68 |  38.24 |  34.53 |I I 
02:39-Mon-Feb-13-2017 PM2.5 |  14.72 |  13.82 |  16.94 |  16.05 |I I 
02:40-Mon-Feb-13-2017 PM10  |  27.81 |  28.62 |  38.24 |  34.53 |I I 
02:40-Mon-Feb-13-2017 PM2.5 |  13.33 |  13.79 |  16.94 |  16.05 |I I 
02:44-Mon-Feb-13-2017 PM10  |  30.19 |  28.71 |  38.24 |  34.53 |I I 
02:44-Mon-Feb-13-2017 PM2.5 |  14.08 |  13.81 |  16.94 |  16.05 |I I 
02:45-Mon-Feb-13-2017 PM10  |  28.58 |  28.71 |  38.24 |  34.53 |I I 
02:45-Mon-Feb-13-2017 PM2.5 |  13.42 |  13.79 |  16.94 |  16.05 |I I 
02:49-Mon-Feb-13-2017 PM10  |  28.92 |  28.72 |  38.24 |  34.53 |I I 
02:49-Mon-Feb-13-2017 PM2.5 |  14.24 |  13.81 |  16.94 |  16.05 |I I 
02:50-Mon-Feb-13-2017 PM10  |  28.77 |  28.72 |  38.24 |  34.53 |I I 
02:50-Mon-Feb-13-2017 PM2.5 |  13.56 |  13.80 |  16.94 |  16.05 |I I 
02:54-Mon-Feb-13-2017 PM10  |  31.59 |  28.86 |  38.24 |  34.53 |I I 
02:54-Mon-Feb-13-2017 PM2.5 |  14.87 |  13.85 |  16.94 |  16.05 |I I 
02:55-Mon-Feb-13-2017 PM10  |  30.15 |  28.92 |  38.24 |  34.53 |I I 
02:55-Mon-Feb-13-2017 PM2.5 |  13.60 |  13.84 |  16.94 |  16.05 |I I 
02:59-Mon-Feb-13-2017 PM10  |  31.37 |  29.02 |  38.24 |  34.53 |I I 
02:59-Mon-Feb-13-2017 PM2.5 |  14.63 |  13.87 |  16.94 |  16.05 |I I 
03:00-Mon-Feb-13-2017 PM10  |  31.51 |  29.13 |  38.24 |  29.13 |I I 
03:00-Mon-Feb-13-2017 PM2.5 |  14.21 |  13.89 |  16.94 |  13.89 |I I 
03:04-Mon-Feb-13-2017 PM10  |  33.64 |  33.64 |  38.24 |  29.13 |I I 
03:04-Mon-Feb-13-2017 PM2.5 |  15.27 |  15.27 |  16.94 |  13.89 |I I 
03:05-Mon-Feb-13-2017 PM10  |  32.23 |  32.94 |  38.24 |  29.13 |I I 
03:05-Mon-Feb-13-2017 PM2.5 |  14.95 |  15.11 |  16.94 |  13.89 |I I 
03:09-Mon-Feb-13-2017 PM10  |  35.30 |  33.72 |  38.24 |  29.13 |I I 
03:09-Mon-Feb-13-2017 PM2.5 |  16.32 |  15.51 |  16.94 |  13.89 |I I 
03:10-Mon-Feb-13-2017 PM10  |  30.41 |  32.89 |  38.24 |  29.13 |I I 
03:10-Mon-Feb-13-2017 PM2.5 |  14.06 |  15.15 |  16.94 |  13.89 |I I 
03:14-Mon-Feb-13-2017 PM10  |  36.49 |  33.61 |  38.24 |  29.13 |I I 
03:14-Mon-Feb-13-2017 PM2.5 |  16.84 |  15.49 |  16.94 |  13.89 |I I 
03:15-Mon-Feb-13-2017 PM10  |  30.42 |  33.08 |  38.24 |  29.13 |I I 
03:15-Mon-Feb-13-2017 PM2.5 |  14.86 |  15.38 |  16.94 |  13.89 |I I 
03:19-Mon-Feb-13-2017 PM10  |  33.47 |  33.14 |  38.24 |  29.13 |I I 
03:19-Mon-Feb-13-2017 PM2.5 |  16.11 |  15.49 |  16.94 |  13.89 |I I 
03:20-Mon-Feb-13-2017 PM10  |  33.77 |  33.22 |  38.24 |  29.13 |I I 
03:20-Mon-Feb-13-2017 PM2.5 |  15.72 |  15.51 |  16.94 |  13.89 |I I 
03:24-Mon-Feb-13-2017 PM10  |  35.82 |  33.51 |  38.24 |  29.13 |I I 
03:24-Mon-Feb-13-2017 PM2.5 |  17.21 |  15.70 |  16.94 |  13.89 |I I 
03:25-Mon-Feb-13-2017 PM10  |  30.44 |  33.20 |  38.24 |  29.13 |I I 
03:25-Mon-Feb-13-2017 PM2.5 |  15.53 |  15.69 |  16.94 |  13.89 |I I 
03:29-Mon-Feb-13-2017 PM10  |  32.28 |  33.11 |  38.24 |  29.13 |I I 
03:29-Mon-Feb-13-2017 PM2.5 |  16.23 |  15.74 |  16.94 |  13.89 |I I 
03:30-Mon-Feb-13-2017 PM10  |  27.81 |  32.67 |  38.24 |  29.13 |I I 
03:30-Mon-Feb-13-2017 PM2.5 |  13.96 |  15.59 |  16.94 |  13.89 |I I 
03:34-Mon-Feb-13-2017 PM10  |  32.05 |  32.62 |  38.24 |  29.13 |I I 
03:34-Mon-Feb-13-2017 PM2.5 |  16.06 |  15.62 |  16.94 |  13.89 |I I 
03:35-Mon-Feb-13-2017 PM10  |  29.03 |  32.37 |  38.24 |  29.13 |I I 
03:35-Mon-Feb-13-2017 PM2.5 |  14.09 |  15.51 |  16.94 |  13.89 |I I 
03:39-Mon-Feb-13-2017 PM10  |  32.42 |  32.37 |  38.24 |  29.13 |I I 
03:39-Mon-Feb-13-2017 PM2.5 |  15.50 |  15.51 |  16.94 |  13.89 |I I 
03:40-Mon-Feb-13-2017 PM10  |  28.93 |  32.16 |  38.24 |  29.13 |I I 
03:40-Mon-Feb-13-2017 PM2.5 |  13.47 |  15.38 |  16.94 |  13.89 |I I 
03:44-Mon-Feb-13-2017 PM10  |  28.35 |  31.93 |  38.24 |  29.13 |I I 
03:44-Mon-Feb-13-2017 PM2.5 |  14.86 |  15.35 |  16.94 |  13.89 |I I 
03:45-Mon-Feb-13-2017 PM10  |  30.41 |  31.85 |  38.24 |  29.13 |I I 
03:45-Mon-Feb-13-2017 PM2.5 |  13.85 |  15.27 |  16.94 |  13.89 |I I 
03:49-Mon-Feb-13-2017 PM10  |  29.44 |  31.72 |  38.24 |  29.13 |I I 
03:49-Mon-Feb-13-2017 PM2.5 |  14.09 |  15.21 |  16.94 |  13.89 |I I 
03:50-Mon-Feb-13-2017 PM10  |  28.69 |  31.57 |  38.24 |  29.13 |I I 
03:50-Mon-Feb-13-2017 PM2.5 |  13.06 |  15.10 |  16.94 |  13.89 |I I 
03:54-Mon-Feb-13-2017 PM10  |  29.15 |  31.45 |  38.24 |  29.13 |I I 
03:54-Mon-Feb-13-2017 PM2.5 |  14.14 |  15.05 |  16.94 |  13.89 |I I 
03:55-Mon-Feb-13-2017 PM10  |  27.42 |  31.27 |  38.24 |  29.13 |I I 
03:55-Mon-Feb-13-2017 PM2.5 |  13.14 |  14.97 |  16.94 |  13.89 |I I 
03:59-Mon-Feb-13-2017 PM10  |  31.26 |  31.27 |  38.24 |  29.13 |I I 
03:59-Mon-Feb-13-2017 PM2.5 |  15.05 |  14.97 |  16.94 |  13.89 |I I 
04:00-Mon-Feb-13-2017 PM10  |  29.75 |  31.21 |  38.24 |  29.13 |I I 
04:00-Mon-Feb-13-2017 PM2.5 |  13.88 |  14.93 |  16.94 |  13.89 |I I 
04:04-Mon-Feb-13-2017 PM10  |  31.98 |  31.98 |  38.24 |  29.13 |I I 
04:04-Mon-Feb-13-2017 PM2.5 |  14.89 |  14.89 |  16.94 |  13.89 |I I 
04:05-Mon-Feb-13-2017 PM10  |  31.75 |  31.86 |  38.24 |  29.13 |I I 
04:05-Mon-Feb-13-2017 PM2.5 |  14.06 |  14.48 |  16.94 |  13.89 |I I 
04:10-Mon-Feb-13-2017 PM10  |  31.99 |  31.91 |  38.24 |  29.13 |I I 
04:10-Mon-Feb-13-2017 PM2.5 |  14.81 |  14.59 |  16.94 |  13.89 |I I 
04:11-Mon-Feb-13-2017 PM10  |  29.03 |  31.19 |  38.24 |  29.13 |I I 
04:11-Mon-Feb-13-2017 PM2.5 |  13.23 |  14.25 |  16.94 |  13.89 |I I 
04:15-Mon-Feb-13-2017 PM10  |  29.98 |  30.95 |  38.24 |  29.13 |I I 
04:15-Mon-Feb-13-2017 PM2.5 |  14.83 |  14.36 |  16.94 |  13.89 |I I 
04:16-Mon-Feb-13-2017 PM10  |  31.16 |  30.98 |  38.24 |  29.13 |I I 
04:16-Mon-Feb-13-2017 PM2.5 |  13.93 |  14.29 |  16.94 |  13.89 |I I 
04:20-Mon-Feb-13-2017 PM10  |  31.78 |  31.09 |  38.24 |  29.13 |I I 
04:20-Mon-Feb-13-2017 PM2.5 |  15.23 |  14.43 |  16.94 |  13.89 |I I 
04:21-Mon-Feb-13-2017 PM10  |  27.64 |  30.66 |  38.24 |  29.13 |I I 
04:21-Mon-Feb-13-2017 PM2.5 |  13.42 |  14.30 |  16.94 |  13.89 |I I 
04:25-Mon-Feb-13-2017 PM10  |  31.18 |  30.72 |  38.24 |  29.13 |I I 
04:25-Mon-Feb-13-2017 PM2.5 |  15.44 |  14.43 |  16.94 |  13.89 |I I 
04:26-Mon-Feb-13-2017 PM10  |  29.96 |  30.64 |  38.24 |  29.13 |I I 
04:26-Mon-Feb-13-2017 PM2.5 |  14.51 |  14.43 |  16.94 |  13.89 |I I 
04:30-Mon-Feb-13-2017 PM10  |  30.33 |  30.62 |  38.24 |  29.13 |I I 
04:30-Mon-Feb-13-2017 PM2.5 |  15.46 |  14.53 |  16.94 |  13.89 |I I 
04:31-Mon-Feb-13-2017 PM10  |  30.68 |  30.62 |  38.24 |  29.13 |I I 
04:31-Mon-Feb-13-2017 PM2.5 |  13.69 |  14.46 |  16.94 |  13.89 |I I 
04:35-Mon-Feb-13-2017 PM10  |  32.20 |  30.74 |  38.24 |  29.13 |I I 
04:35-Mon-Feb-13-2017 PM2.5 |  15.88 |  14.57 |  16.94 |  13.89 |I I 
04:36-Mon-Feb-13-2017 PM10  |  30.49 |  30.73 |  38.24 |  29.13 |I I 
04:36-Mon-Feb-13-2017 PM2.5 |  13.80 |  14.51 |  16.94 |  13.89 |I I 
04:40-Mon-Feb-13-2017 PM10  |  29.49 |  30.64 |  38.24 |  29.13 |I I 
04:40-Mon-Feb-13-2017 PM2.5 |  14.81 |  14.53 |  16.94 |  13.89 |I I 
04:41-Mon-Feb-13-2017 PM10  |  29.90 |  30.60 |  38.24 |  29.13 |I I 
04:41-Mon-Feb-13-2017 PM2.5 |  14.18 |  14.51 |  16.94 |  13.89 |I I 
04:45-Mon-Feb-13-2017 PM10  |  33.81 |  30.79 |  38.24 |  29.13 |I I 
04:45-Mon-Feb-13-2017 PM2.5 |  15.58 |  14.57 |  16.94 |  13.89 |I I 
04:46-Mon-Feb-13-2017 PM10  |  30.99 |  30.80 |  38.24 |  29.13 |I I 
04:46-Mon-Feb-13-2017 PM2.5 |  13.93 |  14.54 |  16.94 |  13.89 |I I 
04:50-Mon-Feb-13-2017 PM10  |  31.63 |  30.84 |  38.24 |  29.13 |I I 
04:50-Mon-Feb-13-2017 PM2.5 |  15.15 |  14.57 |  16.94 |  13.89 |I I 
04:51-Mon-Feb-13-2017 PM10  |  29.26 |  30.76 |  38.24 |  29.13 |I I 
04:51-Mon-Feb-13-2017 PM2.5 |  14.51 |  14.57 |  16.94 |  13.89 |I I 
04:55-Mon-Feb-13-2017 PM10  |  31.21 |  30.78 |  38.24 |  29.13 |I I 
04:55-Mon-Feb-13-2017 PM2.5 |  15.59 |  14.62 |  16.94 |  13.89 |I I 
04:56-Mon-Feb-13-2017 PM10  |  27.77 |  30.65 |  38.24 |  29.13 |I I 
04:56-Mon-Feb-13-2017 PM2.5 |  14.05 |  14.59 |  16.94 |  13.89 |I I 
05:00-Mon-Feb-13-2017 PM10  |  27.98 |  30.53 |  38.24 |  29.13 |I I 
05:00-Mon-Feb-13-2017 PM2.5 |  14.98 |  14.61 |  16.94 |  13.89 |I I 
05:01-Mon-Feb-13-2017 PM10  |  30.94 |  30.94 |  38.24 |  29.13 |I I 
05:01-Mon-Feb-13-2017 PM2.5 |  14.45 |  14.45 |  16.94 |  13.89 |I I 
05:05-Mon-Feb-13-2017 PM10  |  31.55 |  31.25 |  38.24 |  29.13 |I I 
05:05-Mon-Feb-13-2017 PM2.5 |  15.44 |  14.95 |  16.94 |  13.89 |I I 
05:06-Mon-Feb-13-2017 PM10  |  29.48 |  30.66 |  38.24 |  29.13 |I I 
05:06-Mon-Feb-13-2017 PM2.5 |  13.90 |  14.60 |  16.94 |  13.89 |I I 
05:10-Mon-Feb-13-2017 PM10  |  30.73 |  30.68 |  38.24 |  29.13 |I I 
05:10-Mon-Feb-13-2017 PM2.5 |  15.13 |  14.73 |  16.94 |  13.89 |I I 
05:11-Mon-Feb-13-2017 PM10  |  30.31 |  30.60 |  38.24 |  29.13 |I I 
05:11-Mon-Feb-13-2017 PM2.5 |  14.84 |  14.75 |  16.94 |  13.89 |I I 
05:15-Mon-Feb-13-2017 PM10  |  32.29 |  30.88 |  38.24 |  29.13 |I I 
05:15-Mon-Feb-13-2017 PM2.5 |  15.85 |  14.93 |  16.94 |  13.89 |I I 
05:16-Mon-Feb-13-2017 PM10  |  30.67 |  30.85 |  38.24 |  29.13 |I I 
05:16-Mon-Feb-13-2017 PM2.5 |  14.61 |  14.89 |  16.94 |  13.89 |I I 
05:20-Mon-Feb-13-2017 PM10  |  31.72 |  30.96 |  38.24 |  29.13 |I I 
05:20-Mon-Feb-13-2017 PM2.5 |  15.31 |  14.94 |  16.94 |  13.89 |I I 
05:21-Mon-Feb-13-2017 PM10  |  30.54 |  30.92 |  38.24 |  29.13 |I I 
05:21-Mon-Feb-13-2017 PM2.5 |  14.43 |  14.88 |  16.94 |  13.89 |I I 
05:25-Mon-Feb-13-2017 PM10  |  31.46 |  30.97 |  38.24 |  29.13 |I I 
05:25-Mon-Feb-13-2017 PM2.5 |  15.76 |  14.97 |  16.94 |  13.89 |I I 
05:26-Mon-Feb-13-2017 PM10  |  28.72 |  30.77 |  38.24 |  29.13 |I I 
05:26-Mon-Feb-13-2017 PM2.5 |  13.91 |  14.88 |  16.94 |  13.89 |I I 
05:30-Mon-Feb-13-2017 PM10  |  30.96 |  30.78 |  38.24 |  29.13 |I I 
05:30-Mon-Feb-13-2017 PM2.5 |  15.41 |  14.92 |  16.94 |  13.89 |I I 
05:31-Mon-Feb-13-2017 PM10  |  35.41 |  31.14 |  38.24 |  29.13 |I I 
05:31-Mon-Feb-13-2017 PM2.5 |  14.68 |  14.90 |  16.94 |  13.89 |I I 
05:35-Mon-Feb-13-2017 PM10  |  33.26 |  31.29 |  38.24 |  29.13 |I I 
05:35-Mon-Feb-13-2017 PM2.5 |  15.47 |  14.94 |  16.94 |  13.89 |I I 
05:36-Mon-Feb-13-2017 PM10  |  29.60 |  31.18 |  38.24 |  29.13 |I I 
05:36-Mon-Feb-13-2017 PM2.5 |  13.85 |  14.87 |  16.94 |  13.89 |I I 
05:40-Mon-Feb-13-2017 PM10  |  31.75 |  31.21 |  38.24 |  29.13 |I I 
05:40-Mon-Feb-13-2017 PM2.5 |  15.05 |  14.88 |  16.94 |  13.89 |I I 
05:41-Mon-Feb-13-2017 PM10  |  30.46 |  31.17 |  38.24 |  29.13 |I I 
05:41-Mon-Feb-13-2017 PM2.5 |  14.50 |  14.86 |  16.94 |  13.89 |I I 
05:45-Mon-Feb-13-2017 PM10  |  30.05 |  31.11 |  38.24 |  29.13 |I I 
05:45-Mon-Feb-13-2017 PM2.5 |  15.62 |  14.90 |  16.94 |  13.89 |I I 
05:46-Mon-Feb-13-2017 PM10  |  34.68 |  31.29 |  38.24 |  29.13 |I I 
05:46-Mon-Feb-13-2017 PM2.5 |  15.35 |  14.92 |  16.94 |  13.89 |I I 
05:49-Mon-Feb-13-2017 PM10  |  32.39 |  31.35 |  38.24 |  29.13 |I I 
05:49-Mon-Feb-13-2017 PM2.5 |  16.03 |  14.98 |  16.94 |  13.89 |I I 
05:50-Mon-Feb-13-2017 PM10  |  32.57 |  31.41 |  38.24 |  29.13 |I I 
05:50-Mon-Feb-13-2017 PM2.5 |  15.21 |  14.99 |  16.94 |  13.89 |I I 
05:54-Mon-Feb-13-2017 PM10  |  30.71 |  31.38 |  38.24 |  29.13 |I I 
05:54-Mon-Feb-13-2017 PM2.5 |  15.45 |  15.01 |  16.94 |  13.89 |I I 
05:55-Mon-Feb-13-2017 PM10  |  32.45 |  31.42 |  38.24 |  29.13 |I I 
05:55-Mon-Feb-13-2017 PM2.5 |  14.85 |  15.00 |  16.94 |  13.89 |I I 
05:59-Mon-Feb-13-2017 PM10  |  33.36 |  31.50 |  38.24 |  29.13 |I I 
05:59-Mon-Feb-13-2017 PM2.5 |  15.91 |  15.04 |  16.94 |  13.89 |I I 
06:00-Mon-Feb-13-2017 PM10  |  31.86 |  31.52 |  38.24 |  29.13 |I I 
06:00-Mon-Feb-13-2017 PM2.5 |  14.61 |  15.03 |  16.94 |  13.89 |I I 
06:04-Mon-Feb-13-2017 PM10  |  33.04 |  33.04 |  38.24 |  29.13 |I I 
06:04-Mon-Feb-13-2017 PM2.5 |  16.61 |  16.61 |  16.94 |  13.89 |I I 
06:05-Mon-Feb-13-2017 PM10  |  33.67 |  33.35 |  38.24 |  29.13 |I I 
06:05-Mon-Feb-13-2017 PM2.5 |  14.19 |  15.40 |  16.94 |  13.89 |I I 
06:09-Mon-Feb-13-2017 PM10  |  29.74 |  32.15 |  38.24 |  29.13 |I I 
06:09-Mon-Feb-13-2017 PM2.5 |  15.17 |  15.32 |  16.94 |  13.89 |I I 
06:10-Mon-Feb-13-2017 PM10  |  32.13 |  32.14 |  38.24 |  29.13 |I I 
06:10-Mon-Feb-13-2017 PM2.5 |  14.59 |  15.14 |  16.94 |  13.89 |I I 
06:14-Mon-Feb-13-2017 PM10  |  31.83 |  32.08 |  38.24 |  29.13 |I I 
06:14-Mon-Feb-13-2017 PM2.5 |  16.10 |  15.33 |  16.94 |  13.89 |I I 
06:15-Mon-Feb-13-2017 PM10  |  28.69 |  31.51 |  38.24 |  29.13 |I I 
06:15-Mon-Feb-13-2017 PM2.5 |  13.73 |  15.06 |  16.94 |  13.89 |I I 
06:19-Mon-Feb-13-2017 PM10  |  31.91 |  31.57 |  38.24 |  29.13 |I I 
06:19-Mon-Feb-13-2017 PM2.5 |  15.79 |  15.17 |  16.94 |  13.89 |I I 
06:20-Mon-Feb-13-2017 PM10  |  33.75 |  31.84 |  38.24 |  29.13 |I I 
06:20-Mon-Feb-13-2017 PM2.5 |  14.45 |  15.08 |  16.94 |  13.89 |I I 
06:24-Mon-Feb-13-2017 PM10  |  32.16 |  31.88 |  38.24 |  29.13 |I I 
06:24-Mon-Feb-13-2017 PM2.5 |  16.26 |  15.21 |  16.94 |  13.89 |I I 
06:25-Mon-Feb-13-2017 PM10  |  30.30 |  31.72 |  38.24 |  29.13 |I I 
06:25-Mon-Feb-13-2017 PM2.5 |  14.98 |  15.19 |  16.94 |  13.89 |I I 
06:29-Mon-Feb-13-2017 PM10  |  33.24 |  31.86 |  38.24 |  29.13 |I I 
06:29-Mon-Feb-13-2017 PM2.5 |  15.99 |  15.26 |  16.94 |  13.89 |I I 
06:30-Mon-Feb-13-2017 PM10  |  33.37 |  31.99 |  38.24 |  29.13 |I I 
06:30-Mon-Feb-13-2017 PM2.5 |  15.10 |  15.25 |  16.94 |  13.89 |I I 
06:34-Mon-Feb-13-2017 PM10  |  34.28 |  32.16 |  38.24 |  29.13 |I I 
06:34-Mon-Feb-13-2017 PM2.5 |  16.81 |  15.37 |  16.94 |  13.89 |I I 
06:35-Mon-Feb-13-2017 PM10  |  32.06 |  32.16 |  38.24 |  29.13 |I I 
06:35-Mon-Feb-13-2017 PM2.5 |  14.44 |  15.30 |  16.94 |  13.89 |I I 
06:39-Mon-Feb-13-2017 PM10  |  35.76 |  32.40 |  38.24 |  29.13 |I I 
06:39-Mon-Feb-13-2017 PM2.5 |  16.52 |  15.38 |  16.94 |  13.89 |I I 
06:40-Mon-Feb-13-2017 PM10  |  33.49 |  32.46 |  38.24 |  29.13 |I I 
06:40-Mon-Feb-13-2017 PM2.5 |  15.00 |  15.36 |  16.94 |  13.89 |I I 
06:44-Mon-Feb-13-2017 PM10  |  35.99 |  32.67 |  38.24 |  29.13 |I I 
06:44-Mon-Feb-13-2017 PM2.5 |  17.32 |  15.47 |  16.94 |  13.89 |I I 
06:45-Mon-Feb-13-2017 PM10  |  36.54 |  32.89 |  38.24 |  29.13 |I I 
06:45-Mon-Feb-13-2017 PM2.5 |  15.18 |  15.46 |  16.94 |  13.89 |I I 
06:49-Mon-Feb-13-2017 PM10  |  35.69 |  33.03 |  38.24 |  29.13 |I I 
06:49-Mon-Feb-13-2017 PM2.5 |  16.01 |  15.49 |  16.94 |  13.89 |I I 
06:50-Mon-Feb-13-2017 PM10  |  32.49 |  33.01 |  38.24 |  29.13 |I I 
06:50-Mon-Feb-13-2017 PM2.5 |  14.94 |  15.46 |  16.94 |  13.89 |I I 
06:54-Mon-Feb-13-2017 PM10  |  37.27 |  33.21 |  38.24 |  29.13 |I I 
06:54-Mon-Feb-13-2017 PM2.5 |  15.49 |  15.46 |  16.94 |  13.89 |I I 
06:55-Mon-Feb-13-2017 PM10  |  33.32 |  33.21 |  38.24 |  29.13 |I I 
06:55-Mon-Feb-13-2017 PM2.5 |  13.95 |  15.39 |  16.94 |  13.89 |I I 
06:59-Mon-Feb-13-2017 PM10  |  36.38 |  33.35 |  38.24 |  29.13 |I I 
06:59-Mon-Feb-13-2017 PM2.5 |  15.35 |  15.39 |  16.94 |  13.89 |I I 
07:00-Mon-Feb-13-2017 PM10  |  32.47 |  33.32 |  38.24 |  29.13 |I I 
07:00-Mon-Feb-13-2017 PM2.5 |  14.32 |  15.35 |  16.94 |  13.89 |I I 
07:04-Mon-Feb-13-2017 PM10  |  39.52 |  39.52 |  38.24 |  29.13 |I I 
07:04-Mon-Feb-13-2017 PM2.5 |  16.01 |  16.01 |  16.94 |  13.89 |I I 
07:06-Mon-Feb-13-2017 PM10  |  33.30 |  36.41 |  38.24 |  29.13 |I I 
07:06-Mon-Feb-13-2017 PM2.5 |  14.89 |  15.45 |  16.94 |  13.89 |I I 
07:10-Mon-Feb-13-2017 PM10  |  33.55 |  35.46 |  38.24 |  29.13 |I I 
07:10-Mon-Feb-13-2017 PM2.5 |  16.46 |  15.79 |  16.94 |  13.89 |I I 
07:11-Mon-Feb-13-2017 PM10  |  35.21 |  35.40 |  38.24 |  29.13 |I I 
07:11-Mon-Feb-13-2017 PM2.5 |  14.99 |  15.59 |  16.94 |  13.89 |I I 
07:15-Mon-Feb-13-2017 PM10  |  34.80 |  35.28 |  38.24 |  29.13 |I I 
07:15-Mon-Feb-13-2017 PM2.5 |  16.00 |  15.67 |  16.94 |  13.89 |I I 
07:16-Mon-Feb-13-2017 PM10  |  33.32 |  34.95 |  38.24 |  29.13 |I I 
07:16-Mon-Feb-13-2017 PM2.5 |  14.62 |  15.50 |  16.94 |  13.89 |I I 
07:20-Mon-Feb-13-2017 PM10  |  31.82 |  34.50 |  38.24 |  29.13 |I I 
07:20-Mon-Feb-13-2017 PM2.5 |  14.99 |  15.42 |  16.94 |  13.89 |I I 
07:21-Mon-Feb-13-2017 PM10  |  31.85 |  34.17 |  38.24 |  29.13 |I I 
07:21-Mon-Feb-13-2017 PM2.5 |  14.56 |  15.32 |  16.94 |  13.89 |I I 
07:25-Mon-Feb-13-2017 PM10  |  34.57 |  34.22 |  38.24 |  29.13 |I I 
07:25-Mon-Feb-13-2017 PM2.5 |  15.93 |  15.38 |  16.94 |  13.89 |I I 
07:26-Mon-Feb-13-2017 PM10  |  38.32 |  34.63 |  38.24 |  29.13 |I I 
07:26-Mon-Feb-13-2017 PM2.5 |  15.26 |  15.37 |  16.94 |  13.89 |I I 
07:30-Mon-Feb-13-2017 PM10  |  38.49 |  34.98 |  38.24 |  29.13 |I I 
07:30-Mon-Feb-13-2017 PM2.5 |  17.08 |  15.53 |  16.94 |  13.89 |I I 
07:31-Mon-Feb-13-2017 PM10  |  36.86 |  35.13 |  38.24 |  29.13 |I I 
07:31-Mon-Feb-13-2017 PM2.5 |  15.20 |  15.50 |  16.94 |  13.89 |I I 
07:35-Mon-Feb-13-2017 PM10  |  40.63 |  35.56 |  38.24 |  29.13 |I I 
07:35-Mon-Feb-13-2017 PM2.5 |  17.32 |  15.64 |  16.94 |  13.89 |I I 
07:36-Mon-Feb-13-2017 PM10  |  34.82 |  35.50 |  38.24 |  29.13 |I I 
07:36-Mon-Feb-13-2017 PM2.5 |  15.73 |  15.65 |  16.94 |  13.89 |I I 
07:40-Mon-Feb-13-2017 PM10  |  35.73 |  35.52 |  38.24 |  29.13 |I I 
07:40-Mon-Feb-13-2017 PM2.5 |  16.77 |  15.72 |  16.94 |  13.89 |I I 
07:41-Mon-Feb-13-2017 PM10  |  33.78 |  35.41 |  38.24 |  29.13 |I I 
07:41-Mon-Feb-13-2017 PM2.5 |  15.38 |  15.70 |  16.94 |  13.89 |I I 
07:45-Mon-Feb-13-2017 PM10  |  37.56 |  35.54 |  38.24 |  29.13 |I I 
07:45-Mon-Feb-13-2017 PM2.5 |  17.42 |  15.80 |  16.94 |  13.89 |I I 
07:46-Mon-Feb-13-2017 PM10  |  32.99 |  35.40 |  38.24 |  29.13 |I I 
07:46-Mon-Feb-13-2017 PM2.5 |  15.26 |  15.77 |  16.94 |  13.89 |I I 
07:50-Mon-Feb-13-2017 PM10  |  39.46 |  35.61 |  38.24 |  29.13 |I I 
07:50-Mon-Feb-13-2017 PM2.5 |  17.33 |  15.85 |  16.94 |  13.89 |I I 
07:51-Mon-Feb-13-2017 PM10  |  34.97 |  35.58 |  38.24 |  29.13 |I I 
07:51-Mon-Feb-13-2017 PM2.5 |  15.18 |  15.82 |  16.94 |  13.89 |I I 
07:55-Mon-Feb-13-2017 PM10  |  36.81 |  35.64 |  38.24 |  29.13 |I I 
07:55-Mon-Feb-13-2017 PM2.5 |  16.86 |  15.87 |  16.94 |  13.89 |I I 
07:56-Mon-Feb-13-2017 PM10  |  34.94 |  35.60 |  38.24 |  29.13 |I I 
07:56-Mon-Feb-13-2017 PM2.5 |  15.62 |  15.86 |  16.94 |  13.89 |I I 
08:00-Mon-Feb-13-2017 PM10  |  35.41 |  35.60 |  38.24 |  29.13 |I I 
08:00-Mon-Feb-13-2017 PM2.5 |  17.40 |  15.93 |  16.94 |  13.89 |I I 
08:01-Mon-Feb-13-2017 PM10  |  36.96 |  36.96 |  38.24 |  29.13 |I I 
08:01-Mon-Feb-13-2017 PM2.5 |  16.16 |  16.16 |  16.94 |  13.89 |I I 
08:05-Mon-Feb-13-2017 PM10  |  37.92 |  37.44 |  38.24 |  29.13 |I I 
08:05-Mon-Feb-13-2017 PM2.5 |  17.36 |  16.76 |  16.94 |  13.89 |I I 
08:06-Mon-Feb-13-2017 PM10  |  37.11 |  37.33 |  38.24 |  29.13 |I I 
08:06-Mon-Feb-13-2017 PM2.5 |  15.45 |  16.33 |  16.94 |  13.89 |I I 
08:10-Mon-Feb-13-2017 PM10  |  35.13 |  36.78 |  38.24 |  29.13 |I I 
08:10-Mon-Feb-13-2017 PM2.5 |  16.53 |  16.38 |  16.94 |  13.89 |I I 
08:11-Mon-Feb-13-2017 PM10  |  33.74 |  36.17 |  38.24 |  29.13 |I I 
08:11-Mon-Feb-13-2017 PM2.5 |  13.79 |  15.86 |  16.94 |  13.89 |I I 
08:15-Mon-Feb-13-2017 PM10  |  30.45 |  35.22 |  38.24 |  29.13 |I I 
08:15-Mon-Feb-13-2017 PM2.5 |  15.08 |  15.73 |  16.94 |  13.89 |I I 
08:16-Mon-Feb-13-2017 PM10  |  27.31 |  34.09 |  38.24 |  29.13 |I I 
08:16-Mon-Feb-13-2017 PM2.5 |  13.32 |  15.39 |  16.94 |  13.89 |I I 
08:20-Mon-Feb-13-2017 PM10  |  30.16 |  33.60 |  38.24 |  29.13 |I I 
08:20-Mon-Feb-13-2017 PM2.5 |  14.97 |  15.33 |  16.94 |  13.89 |I I 
08:21-Mon-Feb-13-2017 PM10  |  30.57 |  33.26 |  38.24 |  29.13 |I I 
08:21-Mon-Feb-13-2017 PM2.5 |  13.98 |  15.18 |  16.94 |  13.89 |I I 
08:25-Mon-Feb-13-2017 PM10  |  34.64 |  33.40 |  38.24 |  29.13 |I I 
08:25-Mon-Feb-13-2017 PM2.5 |  14.85 |  15.15 |  16.94 |  13.89 |I I 
08:26-Mon-Feb-13-2017 PM10  |  33.88 |  33.44 |  38.24 |  29.13 |I I 
08:26-Mon-Feb-13-2017 PM2.5 |  14.29 |  15.07 |  16.94 |  13.89 |I I 
08:30-Mon-Feb-13-2017 PM10  |  33.58 |  33.45 |  38.24 |  29.13 |I I 
08:30-Mon-Feb-13-2017 PM2.5 |  15.33 |  15.09 |  16.94 |  13.89 |I I 
08:31-Mon-Feb-13-2017 PM10  |  31.84 |  33.33 |  38.24 |  29.13 |I I 
08:31-Mon-Feb-13-2017 PM2.5 |  14.44 |  15.04 |  16.94 |  13.89 |I I 
08:35-Mon-Feb-13-2017 PM10  |  35.28 |  33.47 |  38.24 |  29.13 |I I 
08:35-Mon-Feb-13-2017 PM2.5 |  15.88 |  15.10 |  16.94 |  13.89 |I I 
08:36-Mon-Feb-13-2017 PM10  |  35.12 |  33.58 |  38.24 |  29.13 |I I 
08:36-Mon-Feb-13-2017 PM2.5 |  15.05 |  15.10 |  16.94 |  13.89 |I I 
08:40-Mon-Feb-13-2017 PM10  |  34.64 |  33.65 |  38.24 |  29.13 |I I 
08:40-Mon-Feb-13-2017 PM2.5 |  15.84 |  15.15 |  16.94 |  13.89 |I I 
08:41-Mon-Feb-13-2017 PM10  |  33.66 |  33.65 |  38.24 |  29.13 |I I 
08:41-Mon-Feb-13-2017 PM2.5 |  14.67 |  15.12 |  16.94 |  13.89 |I I 
08:45-Mon-Feb-13-2017 PM10  |  37.44 |  33.86 |  38.24 |  29.13 |I I 
08:45-Mon-Feb-13-2017 PM2.5 |  16.57 |  15.20 |  16.94 |  13.89 |I I 
08:46-Mon-Feb-13-2017 PM10  |  31.94 |  33.76 |  38.24 |  29.13 |I I 
08:46-Mon-Feb-13-2017 PM2.5 |  14.83 |  15.18 |  16.94 |  13.89 |I I 
08:50-Mon-Feb-13-2017 PM10  |  30.69 |  33.60 |  38.24 |  29.13 |I I 
08:50-Mon-Feb-13-2017 PM2.5 |  15.98 |  15.22 |  16.94 |  13.89 |I I 
08:51-Mon-Feb-13-2017 PM10  |  38.61 |  33.84 |  38.24 |  29.13 |I I 
08:51-Mon-Feb-13-2017 PM2.5 |  16.28 |  15.27 |  16.94 |  13.89 |I I 
08:55-Mon-Feb-13-2017 PM10  |  36.95 |  33.98 |  38.24 |  29.13 |I I 
08:55-Mon-Feb-13-2017 PM2.5 |  17.33 |  15.36 |  16.94 |  13.89 |I I 
08:56-Mon-Feb-13-2017 PM10  |  37.86 |  34.15 |  38.24 |  29.13 |I I 
08:56-Mon-Feb-13-2017 PM2.5 |  16.73 |  15.42 |  16.94 |  13.89 |I I 
09:00-Mon-Feb-13-2017 PM10  |  35.38 |  34.20 |  38.24 |  29.13 |I I 
09:00-Mon-Feb-13-2017 PM2.5 |  17.08 |  15.49 |  16.94 |  13.89 |I I 
09:01-Mon-Feb-13-2017 PM10  |  39.73 |  39.73 |  38.24 |  29.13 |I I 
09:01-Mon-Feb-13-2017 PM2.5 |  15.67 |  15.67 |  16.94 |  13.89 |I I 
09:05-Mon-Feb-13-2017 PM10  |  35.08 |  37.41 |  38.24 |  29.13 |I I 
09:05-Mon-Feb-13-2017 PM2.5 |  17.02 |  16.34 |  16.94 |  13.89 |I I 
09:06-Mon-Feb-13-2017 PM10  |  41.83 |  38.88 |  38.24 |  29.13 |I I 
09:06-Mon-Feb-13-2017 PM2.5 |  17.94 |  16.87 |  16.94 |  13.89 |I I 
09:10-Mon-Feb-13-2017 PM10  |  44.62 |  40.31 |  38.24 |  29.13 |I I 
09:10-Mon-Feb-13-2017 PM2.5 |  20.20 |  17.71 |  16.94 |  13.89 |I I 
09:11-Mon-Feb-13-2017 PM10  |  54.36 |  43.12 |  38.24 |  29.13 |I I 
09:11-Mon-Feb-13-2017 PM2.5 |  22.73 |  18.71 |  16.94 |  13.89 |I I 
09:15-Mon-Feb-13-2017 PM10  |  59.81 |  45.91 |  38.24 |  29.13 |I I 
09:15-Mon-Feb-13-2017 PM2.5 |  26.15 |  19.95 |  16.94 |  13.89 |I I 
09:16-Mon-Feb-13-2017 PM10  |  61.79 |  48.17 |  38.24 |  29.13 |I I 
09:16-Mon-Feb-13-2017 PM2.5 |  26.91 |  20.95 |  16.94 |  13.89 |I I 
09:20-Mon-Feb-13-2017 PM10  |  72.42 |  51.20 |  38.24 |  29.13 |I I 
09:20-Mon-Feb-13-2017 PM2.5 |  30.50 |  22.14 |  16.94 |  13.89 |I I 
09:24-Mon-Feb-13-2017 PM10  |  67.63 |  53.03 |  38.24 |  29.13 |I I 
09:24-Mon-Feb-13-2017 PM2.5 |  30.93 |  23.12 |  16.94 |  13.89 |I I 
09:25-Mon-Feb-13-2017 PM10  |  64.06 |  54.13 |  38.24 |  29.13 |I I 
09:25-Mon-Feb-13-2017 PM2.5 |  27.64 |  23.57 |  16.94 |  13.89 |I I 
09:29-Mon-Feb-13-2017 PM10  |  65.14 |  55.13 |  38.24 |  29.13 |I I 
09:29-Mon-Feb-13-2017 PM2.5 |  29.30 |  24.09 |  16.94 |  13.89 |I I 
09:30-Mon-Feb-13-2017 PM10  |  50.47 |  54.75 |  38.24 |  29.13 |I I 
09:30-Mon-Feb-13-2017 PM2.5 |  21.93 |  23.91 |  16.94 |  13.89 |I I 
09:34-Mon-Feb-13-2017 PM10  |  50.87 |  54.45 |  38.24 |  29.13 |I I 
09:34-Mon-Feb-13-2017 PM2.5 |  23.72 |  23.90 |  16.94 |  13.89 |I I 
09:35-Mon-Feb-13-2017 PM10  |  46.63 |  53.89 |  38.24 |  29.13 |I I 
09:35-Mon-Feb-13-2017 PM2.5 |  21.42 |  23.72 |  16.94 |  13.89 |I I 
09:39-Mon-Feb-13-2017 PM10  |  51.11 |  53.70 |  38.24 |  29.13 |I I 
09:39-Mon-Feb-13-2017 PM2.5 |  23.83 |  23.73 |  16.94 |  13.89 |I I 
09:40-Mon-Feb-13-2017 PM10  |  53.89 |  53.71 |  38.24 |  29.13 |I I 
09:40-Mon-Feb-13-2017 PM2.5 |  20.69 |  23.54 |  16.94 |  13.89 |I I 
09:44-Mon-Feb-13-2017 PM10  |  52.52 |  53.64 |  38.24 |  29.13 |I I 
09:44-Mon-Feb-13-2017 PM2.5 |  23.08 |  23.51 |  16.94 |  13.89 |I I 
09:45-Mon-Feb-13-2017 PM10  |  47.78 |  53.32 |  38.24 |  29.13 |I I 
09:45-Mon-Feb-13-2017 PM2.5 |  21.46 |  23.40 |  16.94 |  13.89 |I I 
09:49-Mon-Feb-13-2017 PM10  |  48.22 |  53.05 |  38.24 |  29.13 |I I 
09:49-Mon-Feb-13-2017 PM2.5 |  22.54 |  23.35 |  16.94 |  13.89 |I I 
09:50-Mon-Feb-13-2017 PM10  |  43.99 |  52.60 |  38.24 |  29.13 |I I 
09:50-Mon-Feb-13-2017 PM2.5 |  19.74 |  23.17 |  16.94 |  13.89 |I I 
09:54-Mon-Feb-13-2017 PM10  |  44.79 |  52.23 |  38.24 |  29.13 |I I 
09:54-Mon-Feb-13-2017 PM2.5 |  22.18 |  23.12 |  16.94 |  13.89 |I I 
09:55-Mon-Feb-13-2017 PM10  |  43.53 |  51.83 |  38.24 |  29.13 |I I 
09:55-Mon-Feb-13-2017 PM2.5 |  20.13 |  22.99 |  16.94 |  13.89 |I I 
09:59-Mon-Feb-13-2017 PM10  |  45.99 |  51.58 |  38.24 |  29.13 |I I 
09:59-Mon-Feb-13-2017 PM2.5 |  21.58 |  22.93 |  16.94 |  13.89 |I I 
10:01-Mon-Feb-13-2017 PM10  |  44.82 |  51.29 |  51.29 |  29.13 |I I 
10:01-Mon-Feb-13-2017 PM2.5 |  21.11 |  22.85 |  22.85 |  13.89 |I I 
10:05-Mon-Feb-13-2017 PM10  |  52.77 |  52.77 |  51.29 |  29.13 |I I 
10:05-Mon-Feb-13-2017 PM2.5 |  23.41 |  23.41 |  22.85 |  13.89 |I I 
10:06-Mon-Feb-13-2017 PM10  |  46.55 |  49.66 |  51.29 |  29.13 |I I 
10:06-Mon-Feb-13-2017 PM2.5 |  20.51 |  21.96 |  22.85 |  13.89 |I I 
10:10-Mon-Feb-13-2017 PM10  |  46.36 |  48.56 |  51.29 |  29.13 |I I 
10:10-Mon-Feb-13-2017 PM2.5 |  23.24 |  22.39 |  22.85 |  13.89 |I I 
10:11-Mon-Feb-13-2017 PM10  |  41.59 |  46.82 |  51.29 |  29.13 |I I 
10:11-Mon-Feb-13-2017 PM2.5 |  21.37 |  22.13 |  22.85 |  13.89 |I I 
10:15-Mon-Feb-13-2017 PM10  |  47.67 |  46.99 |  51.29 |  29.13 |I I 
10:15-Mon-Feb-13-2017 PM2.5 |  22.99 |  22.30 |  22.85 |  13.89 |I I 
10:16-Mon-Feb-13-2017 PM10  |  44.04 |  46.49 |  51.29 |  29.13 |I I 
10:16-Mon-Feb-13-2017 PM2.5 |  21.72 |  22.21 |  22.85 |  13.89 |I I 
10:20-Mon-Feb-13-2017 PM10  |  46.67 |  46.52 |  51.29 |  29.13 |I I 
10:20-Mon-Feb-13-2017 PM2.5 |  22.77 |  22.29 |  22.85 |  13.89 |I I 
10:21-Mon-Feb-13-2017 PM10  |  41.89 |  45.94 |  51.29 |  29.13 |I I 
10:21-Mon-Feb-13-2017 PM2.5 |  21.35 |  22.17 |  22.85 |  13.89 |I I 
10:25-Mon-Feb-13-2017 PM10  |  51.50 |  46.56 |  51.29 |  29.13 |I I 
10:25-Mon-Feb-13-2017 PM2.5 |  23.62 |  22.33 |  22.85 |  13.89 |I I 
10:26-Mon-Feb-13-2017 PM10  |  44.96 |  46.40 |  51.29 |  29.13 |I I 
10:26-Mon-Feb-13-2017 PM2.5 |  21.30 |  22.23 |  22.85 |  13.89 |I I 
10:30-Mon-Feb-13-2017 PM10  |  48.45 |  46.58 |  51.29 |  29.13 |I I 
10:30-Mon-Feb-13-2017 PM2.5 |  22.73 |  22.27 |  22.85 |  13.89 |I I 
10:31-Mon-Feb-13-2017 PM10  |  45.74 |  46.51 |  51.29 |  29.13 |I I 
10:31-Mon-Feb-13-2017 PM2.5 |  20.88 |  22.16 |  22.85 |  13.89 |I I 
10:35-Mon-Feb-13-2017 PM10  |  49.25 |  46.72 |  51.29 |  29.13 |I I 
10:35-Mon-Feb-13-2017 PM2.5 |  22.81 |  22.21 |  22.85 |  13.89 |I I 
10:36-Mon-Feb-13-2017 PM10  |  44.23 |  46.55 |  51.29 |  29.13 |I I 
10:36-Mon-Feb-13-2017 PM2.5 |  21.81 |  22.18 |  22.85 |  13.89 |I I 
10:40-Mon-Feb-13-2017 PM10  |  49.12 |  46.72 |  51.29 |  29.13 |I I 
10:40-Mon-Feb-13-2017 PM2.5 |  23.83 |  22.29 |  22.85 |  13.89 |I I 
10:41-Mon-Feb-13-2017 PM10  |  42.94 |  46.48 |  51.29 |  29.13 |I I 
10:41-Mon-Feb-13-2017 PM2.5 |  20.52 |  22.18 |  22.85 |  13.89 |I I 
10:45-Mon-Feb-13-2017 PM10  |  46.17 |  46.46 |  51.29 |  29.13 |I I 
10:45-Mon-Feb-13-2017 PM2.5 |  22.60 |  22.20 |  22.85 |  13.89 |I I 
10:46-Mon-Feb-13-2017 PM10  |  43.93 |  46.32 |  51.29 |  29.13 |I I 
10:46-Mon-Feb-13-2017 PM2.5 |  21.35 |  22.16 |  22.85 |  13.89 |I I 
10:50-Mon-Feb-13-2017 PM10  |  45.46 |  46.28 |  51.29 |  29.13 |I I 
10:50-Mon-Feb-13-2017 PM2.5 |  22.78 |  22.19 |  22.85 |  13.89 |I I 
10:51-Mon-Feb-13-2017 PM10  |  44.01 |  46.16 |  51.29 |  29.13 |I I 
10:51-Mon-Feb-13-2017 PM2.5 |  21.63 |  22.16 |  22.85 |  13.89 |I I 
10:55-Mon-Feb-13-2017 PM10  |  46.43 |  46.18 |  51.29 |  29.13 |I I 
10:55-Mon-Feb-13-2017 PM2.5 |  22.97 |  22.20 |  22.85 |  13.89 |I I 
10:56-Mon-Feb-13-2017 PM10  |  44.50 |  46.10 |  51.29 |  29.13 |I I 
10:56-Mon-Feb-13-2017 PM2.5 |  20.49 |  22.12 |  22.85 |  13.89 |I I 
11:00-Mon-Feb-13-2017 PM10  |  45.24 |  46.06 |  51.29 |  29.13 |I I 
11:00-Mon-Feb-13-2017 PM2.5 |  22.65 |  22.14 |  22.85 |  13.89 |I I 
11:01-Mon-Feb-13-2017 PM10  |  44.80 |  44.80 |  51.29 |  29.13 |I I 
11:01-Mon-Feb-13-2017 PM2.5 |  20.59 |  20.59 |  22.85 |  13.89 |I I 
11:05-Mon-Feb-13-2017 PM10  |  45.35 |  45.07 |  51.29 |  29.13 |I I 
11:05-Mon-Feb-13-2017 PM2.5 |  22.24 |  21.41 |  22.85 |  13.89 |I I 
11:06-Mon-Feb-13-2017 PM10  |  35.86 |  42.00 |  51.29 |  29.13 |I I 
11:06-Mon-Feb-13-2017 PM2.5 |  18.35 |  20.39 |  22.85 |  13.89 |I I 
11:10-Mon-Feb-13-2017 PM10  |  40.60 |  41.65 |  51.29 |  29.13 |I I 
11:10-Mon-Feb-13-2017 PM2.5 |  20.49 |  20.42 |  22.85 |  13.89 |I I 
11:11-Mon-Feb-13-2017 PM10  |  40.80 |  41.48 |  51.29 |  29.13 |I I 
11:11-Mon-Feb-13-2017 PM2.5 |  18.76 |  20.09 |  22.85 |  13.89 |I I 
11:15-Mon-Feb-13-2017 PM10  |  42.71 |  41.69 |  51.29 |  29.13 |I I 
11:15-Mon-Feb-13-2017 PM2.5 |  21.59 |  20.34 |  22.85 |  13.89 |I I 
11:16-Mon-Feb-13-2017 PM10  |  42.32 |  41.78 |  51.29 |  29.13 |I I 
11:16-Mon-Feb-13-2017 PM2.5 |  20.22 |  20.32 |  22.85 |  13.89 |I I 
11:20-Mon-Feb-13-2017 PM10  |  45.40 |  42.23 |  51.29 |  29.13 |I I 
11:20-Mon-Feb-13-2017 PM2.5 |  23.25 |  20.69 |  22.85 |  13.89 |I I 
11:21-Mon-Feb-13-2017 PM10  |  43.55 |  42.38 |  51.29 |  29.13 |I I 
11:21-Mon-Feb-13-2017 PM2.5 |  20.95 |  20.71 |  22.85 |  13.89 |I I 
11:25-Mon-Feb-13-2017 PM10  |  48.39 |  42.98 |  51.29 |  29.13 |I I 
11:25-Mon-Feb-13-2017 PM2.5 |  23.83 |  21.03 |  22.85 |  13.89 |I I 
11:26-Mon-Feb-13-2017 PM10  |  41.97 |  42.89 |  51.29 |  29.13 |I I 
11:26-Mon-Feb-13-2017 PM2.5 |  20.82 |  21.01 |  22.85 |  13.89 |I I 
11:30-Mon-Feb-13-2017 PM10  |  45.15 |  43.07 |  51.29 |  29.13 |I I 
11:30-Mon-Feb-13-2017 PM2.5 |  23.03 |  21.18 |  22.85 |  13.89 |I I 
11:31-Mon-Feb-13-2017 PM10  |  41.72 |  42.97 |  51.29 |  29.13 |I I 
11:31-Mon-Feb-13-2017 PM2.5 |  20.38 |  21.12 |  22.85 |  13.89 |I I 
11:35-Mon-Feb-13-2017 PM10  |  44.66 |  43.09 |  51.29 |  29.13 |I I 
11:35-Mon-Feb-13-2017 PM2.5 |  22.44 |  21.21 |  22.85 |  13.89 |I I 
11:36-Mon-Feb-13-2017 PM10  |  41.92 |  43.01 |  51.29 |  29.13 |I I 
11:36-Mon-Feb-13-2017 PM2.5 |  20.95 |  21.19 |  22.85 |  13.89 |I I 
11:40-Mon-Feb-13-2017 PM10  |  42.98 |  43.01 |  51.29 |  29.13 |I I 
11:40-Mon-Feb-13-2017 PM2.5 |  22.29 |  21.26 |  22.85 |  13.89 |I I 
11:41-Mon-Feb-13-2017 PM10  |  38.91 |  42.77 |  51.29 |  29.13 |I I 
11:41-Mon-Feb-13-2017 PM2.5 |  19.52 |  21.16 |  22.85 |  13.89 |I I 
11:45-Mon-Feb-13-2017 PM10  |  42.29 |  42.74 |  51.29 |  29.13 |I I 
11:45-Mon-Feb-13-2017 PM2.5 |  21.67 |  21.19 |  22.85 |  13.89 |I I 
11:46-Mon-Feb-13-2017 PM10  |  35.97 |  42.39 |  51.29 |  29.13 |I I 
11:46-Mon-Feb-13-2017 PM2.5 |  17.73 |  21.01 |  22.85 |  13.89 |I I 
11:50-Mon-Feb-13-2017 PM10  |  40.31 |  42.28 |  51.29 |  29.13 |I I 
11:50-Mon-Feb-13-2017 PM2.5 |  20.24 |  20.97 |  22.85 |  13.89 |I I 
11:51-Mon-Feb-13-2017 PM10  |  38.16 |  42.09 |  51.29 |  29.13 |I I 
11:51-Mon-Feb-13-2017 PM2.5 |  17.66 |  20.81 |  22.85 |  13.89 |I I 
11:55-Mon-Feb-13-2017 PM10  |  34.83 |  41.76 |  51.29 |  29.13 |I I 
11:55-Mon-Feb-13-2017 PM2.5 |  18.79 |  20.72 |  22.85 |  13.89 |I I 
11:56-Mon-Feb-13-2017 PM10  |  28.39 |  41.18 |  51.29 |  29.13 |I I 
11:56-Mon-Feb-13-2017 PM2.5 |  14.60 |  20.45 |  22.85 |  13.89 |I I 
12:00-Mon-Feb-13-2017 PM10  |  26.66 |  40.57 |  51.29 |  29.13 |I I 
12:00-Mon-Feb-13-2017 PM2.5 |  14.49 |  20.20 |  22.85 |  13.89 |I I 
12:01-Mon-Feb-13-2017 PM10  |  26.97 |  26.97 |  51.29 |  29.13 |I I 
12:01-Mon-Feb-13-2017 PM2.5 |  13.80 |  13.80 |  22.85 |  13.89 |I I 
12:05-Mon-Feb-13-2017 PM10  |  28.51 |  27.74 |  51.29 |  29.13 |I I 
12:05-Mon-Feb-13-2017 PM2.5 |  14.80 |  14.30 |  22.85 |  13.89 |I I 
12:06-Mon-Feb-13-2017 PM10  |  21.47 |  25.65 |  51.29 |  29.13 |I I 
12:06-Mon-Feb-13-2017 PM2.5 |  10.05 |  12.88 |  22.85 |  13.89 |I I 
12:10-Mon-Feb-13-2017 PM10  |  23.98 |  25.23 |  51.29 |  29.13 |I I 
12:10-Mon-Feb-13-2017 PM2.5 |  11.36 |  12.50 |  22.85 |  13.89 |I I 
12:11-Mon-Feb-13-2017 PM10  |  20.39 |  24.26 |  51.29 |  29.13 |I I 
12:11-Mon-Feb-13-2017 PM2.5 |   9.46 |  11.89 |  22.85 |  13.89 |I I 
12:15-Mon-Feb-13-2017 PM10  |  22.04 |  23.89 |  51.29 |  29.13 |I I 
12:15-Mon-Feb-13-2017 PM2.5 |  10.70 |  11.69 |  22.85 |  13.89 |I I 
12:16-Mon-Feb-13-2017 PM10  |  22.54 |  23.70 |  51.29 |  29.13 |I I 
12:16-Mon-Feb-13-2017 PM2.5 |  10.39 |  11.51 |  22.85 |  13.89 |I I 
12:20-Mon-Feb-13-2017 PM10  |  20.10 |  23.25 |  51.29 |  29.13 |I I 
12:20-Mon-Feb-13-2017 PM2.5 |  10.55 |  11.39 |  22.85 |  13.89 |I I 
12:21-Mon-Feb-13-2017 PM10  |  20.27 |  22.92 |  51.29 |  29.13 |I I 
12:21-Mon-Feb-13-2017 PM2.5 |   9.89 |  11.22 |  22.85 |  13.89 |I I 
12:25-Mon-Feb-13-2017 PM10  |  21.05 |  22.73 |  51.29 |  29.13 |I I 
12:25-Mon-Feb-13-2017 PM2.5 |   9.89 |  11.09 |  22.85 |  13.89 |I I 
12:26-Mon-Feb-13-2017 PM10  |  17.24 |  22.23 |  51.29 |  29.13 |I I 
12:26-Mon-Feb-13-2017 PM2.5 |   9.12 |  10.91 |  22.85 |  13.89 |I I 
12:30-Mon-Feb-13-2017 PM10  |  17.74 |  21.86 |  51.29 |  29.13 |I I 
12:30-Mon-Feb-13-2017 PM2.5 |   9.48 |  10.79 |  22.85 |  13.89 |I I 
12:31-Mon-Feb-13-2017 PM10  |  14.73 |  21.31 |  51.29 |  29.13 |I I 
12:31-Mon-Feb-13-2017 PM2.5 |   8.24 |  10.59 |  22.85 |  13.89 |I I 
12:35-Mon-Feb-13-2017 PM10  |  15.07 |  20.86 |  51.29 |  29.13 |I I 
12:35-Mon-Feb-13-2017 PM2.5 |   8.53 |  10.45 |  22.85 |  13.89 |I I 
12:36-Mon-Feb-13-2017 PM10  |  14.11 |  20.41 |  51.29 |  29.13 |I I 
12:36-Mon-Feb-13-2017 PM2.5 |   7.49 |  10.25 |  22.85 |  13.89 |I I 
12:40-Mon-Feb-13-2017 PM10  |  14.21 |  20.03 |  51.29 |  29.13 |I I 
12:40-Mon-Feb-13-2017 PM2.5 |   8.08 |  10.11 |  22.85 |  13.89 |I I 
12:41-Mon-Feb-13-2017 PM10  |  12.55 |  19.59 |  51.29 |  29.13 |I I 
12:41-Mon-Feb-13-2017 PM2.5 |   6.71 |   9.91 |  22.85 |  13.89 |I I 
12:45-Mon-Feb-13-2017 PM10  |  14.70 |  19.31 |  51.29 |  29.13 |I I 
12:45-Mon-Feb-13-2017 PM2.5 |   7.53 |   9.78 |  22.85 |  13.89 |I I 
12:46-Mon-Feb-13-2017 PM10  |  13.02 |  18.98 |  51.29 |  29.13 |I I 
12:46-Mon-Feb-13-2017 PM2.5 |   6.75 |   9.62 |  22.85 |  13.89 |I I 
12:50-Mon-Feb-13-2017 PM10  |  13.67 |  18.72 |  51.29 |  29.13 |I I 
12:50-Mon-Feb-13-2017 PM2.5 |   7.40 |   9.51 |  22.85 |  13.89 |I I 
12:51-Mon-Feb-13-2017 PM10  |  14.32 |  18.51 |  51.29 |  29.13 |I I 
12:51-Mon-Feb-13-2017 PM2.5 |   7.22 |   9.40 |  22.85 |  13.89 |I I 
12:55-Mon-Feb-13-2017 PM10  |  13.95 |  18.30 |  51.29 |  29.13 |I I 
12:55-Mon-Feb-13-2017 PM2.5 |   7.47 |   9.31 |  22.85 |  13.89 |I I 
12:57-Mon-Feb-13-2017 PM10  |  10.48 |  17.96 |  51.29 |  29.13 |I I 
12:57-Mon-Feb-13-2017 PM2.5 |   6.23 |   9.18 |  22.85 |  13.89 |I I 
13:00-Mon-Feb-13-2017 PM10  |  12.38 |  17.73 |  51.29 |  17.73 |I I 
13:00-Mon-Feb-13-2017 PM2.5 |   7.23 |   9.10 |  22.85 |   9.10 |I I 
13:01-Mon-Feb-13-2017 PM10  |  10.65 |  10.65 |  51.29 |  17.73 |I I 
13:01-Mon-Feb-13-2017 PM2.5 |   6.05 |   6.05 |  22.85 |   9.10 |I I 
13:05-Mon-Feb-13-2017 PM10  |  10.62 |  10.63 |  51.29 |  17.73 |I I 
13:05-Mon-Feb-13-2017 PM2.5 |   6.66 |   6.36 |  22.85 |   9.10 |I I 
13:06-Mon-Feb-13-2017 PM10  |  11.15 |  10.80 |  51.29 |  17.73 |I I 
13:06-Mon-Feb-13-2017 PM2.5 |   6.91 |   6.54 |  22.85 |   9.10 |I I 
13:10-Mon-Feb-13-2017 PM10  |  14.92 |  11.83 |  51.29 |  17.73 |I I 
13:10-Mon-Feb-13-2017 PM2.5 |   6.58 |   6.55 |  22.85 |   9.10 |I I 
13:11-Mon-Feb-13-2017 PM10  |   9.79 |  11.42 |  51.29 |  17.73 |I I 
13:11-Mon-Feb-13-2017 PM2.5 |   5.87 |   6.41 |  22.85 |   9.10 |I I 
13:15-Mon-Feb-13-2017 PM10  |   9.85 |  11.16 |  51.29 |  17.73 |I I 
13:15-Mon-Feb-13-2017 PM2.5 |   6.48 |   6.42 |  22.85 |   9.10 |I I 
13:16-Mon-Feb-13-2017 PM10  |  10.75 |  11.10 |  51.29 |  17.73 |I I 
13:16-Mon-Feb-13-2017 PM2.5 |   6.00 |   6.36 |  22.85 |   9.10 |I I 
13:20-Mon-Feb-13-2017 PM10  |  10.38 |  11.01 |  51.29 |  17.73 |I I 
13:20-Mon-Feb-13-2017 PM2.5 |   6.35 |   6.36 |  22.85 |   9.10 |I I 
13:21-Mon-Feb-13-2017 PM10  |   9.37 |  10.83 |  51.29 |  17.73 |I I 
13:21-Mon-Feb-13-2017 PM2.5 |   6.18 |   6.34 |  22.85 |   9.10 |I I 
13:25-Mon-Feb-13-2017 PM10  |   8.15 |  10.56 |  51.29 |  17.73 |I I 
13:25-Mon-Feb-13-2017 PM2.5 |   5.88 |   6.29 |  22.85 |   9.10 |I I 
13:26-Mon-Feb-13-2017 PM10  |   9.07 |  10.43 |  51.29 |  17.73 |I I 
13:26-Mon-Feb-13-2017 PM2.5 |   5.80 |   6.25 |  22.85 |   9.10 |I I 
13:30-Mon-Feb-13-2017 PM10  |   8.99 |  10.31 |  51.29 |  17.73 |I I 
13:30-Mon-Feb-13-2017 PM2.5 |   6.17 |   6.24 |  22.85 |   9.10 |I I 
13:31-Mon-Feb-13-2017 PM10  |   8.39 |  10.16 |  51.29 |  17.73 |I I 
13:31-Mon-Feb-13-2017 PM2.5 |   6.02 |   6.23 |  22.85 |   9.10 |I I 
13:35-Mon-Feb-13-2017 PM10  |   7.97 |  10.00 |  51.29 |  17.73 |I I 
13:35-Mon-Feb-13-2017 PM2.5 |   5.92 |   6.20 |  22.85 |   9.10 |I I 
13:36-Mon-Feb-13-2017 PM10  |   9.69 |   9.98 |  51.29 |  17.73 |I I 
13:36-Mon-Feb-13-2017 PM2.5 |   6.14 |   6.20 |  22.85 |   9.10 |I I 
13:40-Mon-Feb-13-2017 PM10  |   7.44 |   9.82 |  51.29 |  17.73 |I I 
13:40-Mon-Feb-13-2017 PM2.5 |   5.93 |   6.18 |  22.85 |   9.10 |I I 
13:41-Mon-Feb-13-2017 PM10  |   8.40 |   9.74 |  51.29 |  17.73 |I I 
13:41-Mon-Feb-13-2017 PM2.5 |   6.15 |   6.18 |  22.85 |   9.10 |I I 
13:45-Mon-Feb-13-2017 PM10  |   7.33 |   9.61 |  51.29 |  17.73 |I I 
13:45-Mon-Feb-13-2017 PM2.5 |   5.80 |   6.16 |  22.85 |   9.10 |I I 
13:46-Mon-Feb-13-2017 PM10  |   8.90 |   9.57 |  51.29 |  17.73 |I I 
13:46-Mon-Feb-13-2017 PM2.5 |   5.64 |   6.13 |  22.85 |   9.10 |I I 
13:50-Mon-Feb-13-2017 PM10  |   7.38 |   9.46 |  51.29 |  17.73 |I I 
13:50-Mon-Feb-13-2017 PM2.5 |   5.95 |   6.12 |  22.85 |   9.10 |I I 
13:51-Mon-Feb-13-2017 PM10  |   7.92 |   9.39 |  51.29 |  17.73 |I I 
13:51-Mon-Feb-13-2017 PM2.5 |   5.13 |   6.08 |  22.85 |   9.10 |I I 
13:55-Mon-Feb-13-2017 PM10  |   8.01 |   9.32 |  51.29 |  17.73 |I I 
13:55-Mon-Feb-13-2017 PM2.5 |   5.52 |   6.05 |  22.85 |   9.10 |I I 
13:56-Mon-Feb-13-2017 PM10  |   9.91 |   9.35 |  51.29 |  17.73 |I I 
13:56-Mon-Feb-13-2017 PM2.5 |   7.00 |   6.09 |  22.85 |   9.10 |I I 
14:00-Mon-Feb-13-2017 PM10  |  11.65 |   9.44 |  51.29 |   9.44 |I I 
14:00-Mon-Feb-13-2017 PM2.5 |   8.26 |   6.18 |  22.85 |   6.18 |I I 
14:01-Mon-Feb-13-2017 PM10  |  178.44|  178.44|  51.29 |   9.44 |I I 
14:01-Mon-Feb-13-2017 PM2.5 |  88.59 |  88.59 |  22.85 |   6.18 |I I 
14:05-Mon-Feb-13-2017 PM10  |  68.02 |  123.23|  51.29 |   9.44 |I I 
14:05-Mon-Feb-13-2017 PM2.5 |  35.74 |  62.17 |  22.85 |   6.18 |I I 
14:06-Mon-Feb-13-2017 PM10  |  14.12 |  86.86 |  51.29 |   9.44 |I I 
14:06-Mon-Feb-13-2017 PM2.5 |   5.97 |  43.43 |  22.85 |   6.18 |I I 
14:10-Mon-Feb-13-2017 PM10  |  11.21 |  67.95 |  51.29 |   9.44 |I I 
14:10-Mon-Feb-13-2017 PM2.5 |   6.54 |  34.21 |  22.85 |   6.18 |I I 
14:11-Mon-Feb-13-2017 PM10  |   9.60 |  56.28 |  51.29 |   9.44 |I I 
14:11-Mon-Feb-13-2017 PM2.5 |   5.93 |  28.56 |  22.85 |   6.18 |I I 
14:15-Mon-Feb-13-2017 PM10  |  10.87 |  48.71 |  51.29 |   9.44 |I I 
14:15-Mon-Feb-13-2017 PM2.5 |   6.82 |  24.93 |  22.85 |   6.18 |I I 
14:16-Mon-Feb-13-2017 PM10  |  10.15 |  43.20 |  51.29 |   9.44 |I I 
14:16-Mon-Feb-13-2017 PM2.5 |   5.33 |  22.13 |  22.85 |   6.18 |I I 
14:20-Mon-Feb-13-2017 PM10  |   6.06 |  38.56 |  51.29 |   9.44 |I I 
14:20-Mon-Feb-13-2017 PM2.5 |   5.21 |  20.02 |  22.85 |   6.18 |I I 
14:21-Mon-Feb-13-2017 PM10  |   8.37 |  35.20 |  51.29 |   9.44 |I I 
14:21-Mon-Feb-13-2017 PM2.5 |   5.46 |  18.40 |  22.85 |   6.18 |I I 
14:25-Mon-Feb-13-2017 PM10  |   7.27 |  32.41 |  51.29 |   9.44 |I I 
14:25-Mon-Feb-13-2017 PM2.5 |   5.36 |  17.10 |  22.85 |   6.18 |I I 
14:26-Mon-Feb-13-2017 PM10  |   6.99 |  30.10 |  51.29 |   9.44 |I I 
14:26-Mon-Feb-13-2017 PM2.5 |   5.38 |  16.03 |  22.85 |   6.18 |I I 
14:30-Mon-Feb-13-2017 PM10  |   6.93 |  28.17 |  51.29 |   9.44 |I I 
14:30-Mon-Feb-13-2017 PM2.5 |   5.57 |  15.16 |  22.85 |   6.18 |I I 
14:31-Mon-Feb-13-2017 PM10  |   8.43 |  26.65 |  51.29 |   9.44 |I I 
14:31-Mon-Feb-13-2017 PM2.5 |   5.30 |  14.40 |  22.85 |   6.18 |I I 
14:35-Mon-Feb-13-2017 PM10  |   8.69 |  25.37 |  51.29 |   9.44 |I I 
14:35-Mon-Feb-13-2017 PM2.5 |   5.86 |  13.79 |  22.85 |   6.18 |I I 
14:36-Mon-Feb-13-2017 PM10  |  10.92 |  24.40 |  51.29 |   9.44 |I I 
14:36-Mon-Feb-13-2017 PM2.5 |   5.63 |  13.25 |  22.85 |   6.18 |I I 
14:40-Mon-Feb-13-2017 PM10  |   7.19 |  23.33 |  51.29 |   9.44 |I I 
14:40-Mon-Feb-13-2017 PM2.5 |   5.49 |  12.76 |  22.85 |   6.18 |I I 
14:41-Mon-Feb-13-2017 PM10  |   9.13 |  22.49 |  51.29 |   9.44 |I I 
14:41-Mon-Feb-13-2017 PM2.5 |   5.49 |  12.33 |  22.85 |   6.18 |I I 
14:45-Mon-Feb-13-2017 PM10  |   5.93 |  21.57 |  51.29 |   9.44 |I I 
14:45-Mon-Feb-13-2017 PM2.5 |   5.16 |  11.93 |  22.85 |   6.18 |I I 
14:46-Mon-Feb-13-2017 PM10  |   8.79 |  20.90 |  51.29 |   9.44 |I I 
14:46-Mon-Feb-13-2017 PM2.5 |   5.32 |  11.59 |  22.85 |   6.18 |I I 
14:50-Mon-Feb-13-2017 PM10  |   8.01 |  20.26 |  51.29 |   9.44 |I I 
14:50-Mon-Feb-13-2017 PM2.5 |   5.33 |  11.27 |  22.85 |   6.18 |I I 
14:51-Mon-Feb-13-2017 PM10  |   6.66 |  19.61 |  51.29 |   9.44 |I I 
14:51-Mon-Feb-13-2017 PM2.5 |   4.47 |  10.95 |  22.85 |   6.18 |I I 
14:55-Mon-Feb-13-2017 PM10  |   5.02 |  18.95 |  51.29 |   9.44 |I I 
14:55-Mon-Feb-13-2017 PM2.5 |   4.26 |  10.65 |  22.85 |   6.18 |I I 
14:56-Mon-Feb-13-2017 PM10  |   9.08 |  18.52 |  51.29 |   9.44 |I I 
14:56-Mon-Feb-13-2017 PM2.5 |   4.85 |  10.39 |  22.85 |   6.18 |I I 
15:00-Mon-Feb-13-2017 PM10  |  12.50 |  18.27 |  51.29 |   9.44 |I I 
15:00-Mon-Feb-13-2017 PM2.5 |   5.10 |  10.17 |  22.85 |   6.18 |I I 
15:01-Mon-Feb-13-2017 PM10  |   8.12 |   8.12 |  51.29 |   9.44 |I I 
15:01-Mon-Feb-13-2017 PM2.5 |   4.83 |   4.83 |  22.85 |   6.18 |I I 
15:05-Mon-Feb-13-2017 PM10  |   7.25 |   7.69 |  51.29 |   9.44 |I I 
15:05-Mon-Feb-13-2017 PM2.5 |   4.78 |   4.81 |  22.85 |   6.18 |I I 
15:06-Mon-Feb-13-2017 PM10  |   9.87 |   8.42 |  51.29 |   9.44 |I I 
15:06-Mon-Feb-13-2017 PM2.5 |   4.68 |   4.77 |  22.85 |   6.18 |I I 
15:10-Mon-Feb-13-2017 PM10  |   9.73 |   8.74 |  51.29 |   9.44 |I I 
15:10-Mon-Feb-13-2017 PM2.5 |   4.93 |   4.81 |  22.85 |   6.18 |I I 
15:11-Mon-Feb-13-2017 PM10  |  12.84 |   9.56 |  51.29 |   9.44 |I I 
15:11-Mon-Feb-13-2017 PM2.5 |   5.51 |   4.95 |  22.85 |   6.18 |I I 
15:15-Mon-Feb-13-2017 PM10  |  15.80 |  10.60 |  51.29 |   9.44 |I I 
15:15-Mon-Feb-13-2017 PM2.5 |   6.40 |   5.19 |  22.85 |   6.18 |I I 
15:16-Mon-Feb-13-2017 PM10  |  10.36 |  10.57 |  51.29 |   9.44 |I I 
15:16-Mon-Feb-13-2017 PM2.5 |   6.02 |   5.31 |  22.85 |   6.18 |I I 
15:20-Mon-Feb-13-2017 PM10  |  10.58 |  10.57 |  51.29 |   9.44 |I I 
15:20-Mon-Feb-13-2017 PM2.5 |   6.53 |   5.46 |  22.85 |   6.18 |I I 
15:21-Mon-Feb-13-2017 PM10  |   8.63 |  10.36 |  51.29 |   9.44 |I I 
15:21-Mon-Feb-13-2017 PM2.5 |   5.66 |   5.48 |  22.85 |   6.18 |I I 
15:25-Mon-Feb-13-2017 PM10  |  11.14 |  10.43 |  51.29 |   9.44 |I I 
15:25-Mon-Feb-13-2017 PM2.5 |   6.44 |   5.58 |  22.85 |   6.18 |I I 
15:26-Mon-Feb-13-2017 PM10  |  10.15 |  10.41 |  51.29 |   9.44 |I I 
15:26-Mon-Feb-13-2017 PM2.5 |   6.10 |   5.63 |  22.85 |   6.18 |I I 
15:30-Mon-Feb-13-2017 PM10  |  12.10 |  10.55 |  51.29 |   9.44 |I I 
15:30-Mon-Feb-13-2017 PM2.5 |   6.48 |   5.70 |  22.85 |   6.18 |I I 
15:31-Mon-Feb-13-2017 PM10  |  13.22 |  10.75 |  51.29 |   9.44 |I I 
15:31-Mon-Feb-13-2017 PM2.5 |   6.41 |   5.75 |  22.85 |   6.18 |I I 
15:35-Mon-Feb-13-2017 PM10  |  13.93 |  10.98 |  51.29 |   9.44 |I I 
15:35-Mon-Feb-13-2017 PM2.5 |   7.59 |   5.88 |  22.85 |   6.18 |I I 
15:36-Mon-Feb-13-2017 PM10  |  12.06 |  11.05 |  51.29 |   9.44 |I I 
15:36-Mon-Feb-13-2017 PM2.5 |   6.81 |   5.95 |  22.85 |   6.18 |I I 
15:40-Mon-Feb-13-2017 PM10  |  12.37 |  11.14 |  51.29 |   9.44 |I I 
15:40-Mon-Feb-13-2017 PM2.5 |   7.08 |   6.02 |  22.85 |   6.18 |I I 
15:41-Mon-Feb-13-2017 PM10  |  11.38 |  11.15 |  51.29 |   9.44 |I I 
15:41-Mon-Feb-13-2017 PM2.5 |   5.90 |   6.01 |  22.85 |   6.18 |I I 
15:46-Mon-Feb-13-2017 PM10  |  11.81 |  11.19 |  51.29 |   9.44 |I I 
15:46-Mon-Feb-13-2017 PM2.5 |   6.15 |   6.02 |  22.85 |   6.18 |I I 
15:47-Mon-Feb-13-2017 PM10  |  11.62 |  11.21 |  51.29 |   9.44 |I I 
15:47-Mon-Feb-13-2017 PM2.5 |   5.96 |   6.01 |  22.85 |   6.18 |I I 
15:51-Mon-Feb-13-2017 PM10  |  11.39 |  11.22 |  51.29 |   9.44 |I I 
15:51-Mon-Feb-13-2017 PM2.5 |   6.47 |   6.04 |  22.85 |   6.18 |I I 
15:52-Mon-Feb-13-2017 PM10  |  12.98 |  11.30 |  51.29 |   9.44 |I I 
15:52-Mon-Feb-13-2017 PM2.5 |   5.99 |   6.04 |  22.85 |   6.18 |I I 
15:56-Mon-Feb-13-2017 PM10  |  12.23 |  11.34 |  51.29 |   9.44 |I I 
15:56-Mon-Feb-13-2017 PM2.5 |   6.29 |   6.05 |  22.85 |   6.18 |I I 
15:57-Mon-Feb-13-2017 PM10  |  10.52 |  11.31 |  51.29 |   9.44 |I I 
15:57-Mon-Feb-13-2017 PM2.5 |   5.66 |   6.03 |  22.85 |   6.18 |I I 
16:01-Mon-Feb-13-2017 PM10  |  13.51 |  11.40 |  51.29 |   9.44 |I I 
16:01-Mon-Feb-13-2017 PM2.5 |   6.42 |   6.05 |  22.85 |   6.05 |I I 
16:02-Mon-Feb-13-2017 PM10  |  10.69 |  10.69 |  51.29 |   9.44 |I I 
16:02-Mon-Feb-13-2017 PM2.5 |   5.84 |   5.84 |  22.85 |   6.05 |I I 
16:06-Mon-Feb-13-2017 PM10  |  11.76 |  11.22 |  51.29 |   9.44 |I I 
16:06-Mon-Feb-13-2017 PM2.5 |   5.93 |   5.88 |  22.85 |   6.05 |I I 
16:07-Mon-Feb-13-2017 PM10  |  13.38 |  11.94 |  51.29 |   9.44 |I I 
16:07-Mon-Feb-13-2017 PM2.5 |   5.78 |   5.85 |  22.85 |   6.05 |I I 
16:11-Mon-Feb-13-2017 PM10  |  12.41 |  12.06 |  51.29 |   9.44 |I I 
16:11-Mon-Feb-13-2017 PM2.5 |   5.93 |   5.87 |  22.85 |   6.05 |I I 
16:12-Mon-Feb-13-2017 PM10  |  12.09 |  12.07 |  51.29 |   9.44 |I I 
16:12-Mon-Feb-13-2017 PM2.5 |   5.92 |   5.88 |  22.85 |   6.05 |I I 
16:16-Mon-Feb-13-2017 PM10  |  12.55 |  12.15 |  51.29 |   9.44 |I I 
16:16-Mon-Feb-13-2017 PM2.5 |   6.24 |   5.94 |  22.85 |   6.05 |I I 
16:20-Mon-Feb-13-2017 PM10  |  12.00 |  12.13 |  51.29 |   9.44 |I I 
16:20-Mon-Feb-13-2017 PM2.5 |   6.21 |   5.98 |  22.85 |   6.05 |I I 
16:21-Mon-Feb-13-2017 PM10  |  12.78 |  12.21 |  51.29 |   9.44 |I I 
16:21-Mon-Feb-13-2017 PM2.5 |   6.30 |   6.02 |  22.85 |   6.05 |I I 
16:25-Mon-Feb-13-2017 PM10  |  15.12 |  12.53 |  51.29 |   9.44 |I I 
16:25-Mon-Feb-13-2017 PM2.5 |   7.33 |   6.16 |  22.85 |   6.05 |I I 
16:26-Mon-Feb-13-2017 PM10  |  17.29 |  13.01 |  51.29 |   9.44 |I I 
16:26-Mon-Feb-13-2017 PM2.5 |   7.11 |   6.26 |  22.85 |   6.05 |I I 
16:30-Mon-Feb-13-2017 PM10  |  17.94 |  13.46 |  51.29 |   9.44 |I I 
16:30-Mon-Feb-13-2017 PM2.5 |   7.61 |   6.38 |  22.85 |   6.05 |I I 
16:31-Mon-Feb-13-2017 PM10  |  17.08 |  13.76 |  51.29 |   9.44 |I I 
16:31-Mon-Feb-13-2017 PM2.5 |   6.84 |   6.42 |  22.85 |   6.05 |I I 
16:35-Mon-Feb-13-2017 PM10  |  19.32 |  14.19 |  51.29 |   9.44 |I I 
16:35-Mon-Feb-13-2017 PM2.5 |   8.09 |   6.55 |  22.85 |   6.05 |I I 
16:36-Mon-Feb-13-2017 PM10  |  16.94 |  14.38 |  51.29 |   9.44 |I I 
16:36-Mon-Feb-13-2017 PM2.5 |   7.36 |   6.61 |  22.85 |   6.05 |I I 
16:40-Mon-Feb-13-2017 PM10  |  19.62 |  14.73 |  51.29 |   9.44 |I I 
16:40-Mon-Feb-13-2017 PM2.5 |   7.78 |   6.68 |  22.85 |   6.05 |I I 
16:41-Mon-Feb-13-2017 PM10  |  17.48 |  14.90 |  51.29 |   9.44 |I I 
16:41-Mon-Feb-13-2017 PM2.5 |   7.63 |   6.74 |  22.85 |   6.05 |I I 
16:45-Mon-Feb-13-2017 PM10  |  21.15 |  15.27 |  51.29 |   9.44 |I I 
16:45-Mon-Feb-13-2017 PM2.5 |   8.71 |   6.86 |  22.85 |   6.05 |I I 
16:46-Mon-Feb-13-2017 PM10  |  21.52 |  15.62 |  51.29 |   9.44 |I I 
16:46-Mon-Feb-13-2017 PM2.5 |   7.55 |   6.90 |  22.85 |   6.05 |I I 
16:50-Mon-Feb-13-2017 PM10  |  18.32 |  15.76 |  51.29 |   9.44 |I I 
16:50-Mon-Feb-13-2017 PM2.5 |   7.86 |   6.95 |  22.85 |   6.05 |I I 
16:51-Mon-Feb-13-2017 PM10  |  19.13 |  15.93 |  51.29 |   9.44 |I I 
16:51-Mon-Feb-13-2017 PM2.5 |   7.29 |   6.96 |  22.85 |   6.05 |I I 
16:55-Mon-Feb-13-2017 PM10  |  20.22 |  16.13 |  51.29 |   9.44 |I I 
16:55-Mon-Feb-13-2017 PM2.5 |   7.98 |   7.01 |  22.85 |   6.05 |I I 
16:56-Mon-Feb-13-2017 PM10  |  15.73 |  16.11 |  51.29 |   9.44 |I I 
16:56-Mon-Feb-13-2017 PM2.5 |   7.21 |   7.02 |  22.85 |   6.05 |I I 
17:00-Mon-Feb-13-2017 PM10  |  18.20 |  16.21 |  51.29 |   9.44 |I I 
17:00-Mon-Feb-13-2017 PM2.5 |   8.04 |   7.07 |  22.85 |   6.05 |I I 
17:01-Mon-Feb-13-2017 PM10  |  18.98 |  18.98 |  51.29 |   9.44 |I I 
17:01-Mon-Feb-13-2017 PM2.5 |   7.27 |   7.27 |  22.85 |   6.05 |I I 
17:05-Mon-Feb-13-2017 PM10  |  18.84 |  18.91 |  51.29 |   9.44 |I I 
17:05-Mon-Feb-13-2017 PM2.5 |   8.01 |   7.64 |  22.85 |   6.05 |I I 
17:06-Mon-Feb-13-2017 PM10  |  22.79 |  20.20 |  51.29 |   9.44 |I I 
17:06-Mon-Feb-13-2017 PM2.5 |   8.41 |   7.90 |  22.85 |   6.05 |I I 
17:10-Mon-Feb-13-2017 PM10  |  24.80 |  21.35 |  51.29 |   9.44 |I I 
17:10-Mon-Feb-13-2017 PM2.5 |  10.14 |   8.46 |  22.85 |   6.05 |I I 
17:11-Mon-Feb-13-2017 PM10  |  24.88 |  22.06 |  51.29 |   9.44 |I I 
17:11-Mon-Feb-13-2017 PM2.5 |   9.49 |   8.66 |  22.85 |   6.05 |I I 
17:15-Mon-Feb-13-2017 PM10  |  26.97 |  22.88 |  51.29 |   9.44 |I I 
17:15-Mon-Feb-13-2017 PM2.5 |  10.41 |   8.96 |  22.85 |   6.05 |I I 
17:16-Mon-Feb-13-2017 PM10  |  25.67 |  23.27 |  51.29 |   9.44 |I I 
17:16-Mon-Feb-13-2017 PM2.5 |   9.82 |   9.08 |  22.85 |   6.05 |I I 
17:20-Mon-Feb-13-2017 PM10  |  25.20 |  23.52 |  51.29 |   9.44 |I I 
17:20-Mon-Feb-13-2017 PM2.5 |  10.30 |   9.23 |  22.85 |   6.05 |I I 
17:21-Mon-Feb-13-2017 PM10  |  27.07 |  23.91 |  51.29 |   9.44 |I I 
17:21-Mon-Feb-13-2017 PM2.5 |  10.32 |   9.35 |  22.85 |   6.05 |I I 
17:25-Mon-Feb-13-2017 PM10  |  30.31 |  24.55 |  51.29 |   9.44 |I I 
17:25-Mon-Feb-13-2017 PM2.5 |  11.88 |   9.61 |  22.85 |   6.05 |I I 
17:26-Mon-Feb-13-2017 PM10  |  26.01 |  24.68 |  51.29 |   9.44 |I I 
17:26-Mon-Feb-13-2017 PM2.5 |   9.63 |   9.61 |  22.85 |   6.05 |I I 
17:30-Mon-Feb-13-2017 PM10  |  29.03 |  25.05 |  51.29 |   9.44 |I I 
17:30-Mon-Feb-13-2017 PM2.5 |  11.62 |   9.77 |  22.85 |   6.05 |I I 
17:31-Mon-Feb-13-2017 PM10  |  22.47 |  24.85 |  51.29 |   9.44 |I I 
17:31-Mon-Feb-13-2017 PM2.5 |   8.87 |   9.71 |  22.85 |   6.05 |I I 
17:35-Mon-Feb-13-2017 PM10  |  24.56 |  24.83 |  51.29 |   9.44 |I I 
17:35-Mon-Feb-13-2017 PM2.5 |   9.90 |   9.72 |  22.85 |   6.05 |I I 
17:36-Mon-Feb-13-2017 PM10  |  28.66 |  25.08 |  51.29 |   9.44 |I I 
17:36-Mon-Feb-13-2017 PM2.5 |   9.71 |   9.72 |  22.85 |   6.05 |I I 
17:40-Mon-Feb-13-2017 PM10  |  33.84 |  25.63 |  51.29 |   9.44 |I I 
17:40-Mon-Feb-13-2017 PM2.5 |  11.98 |   9.86 |  22.85 |   6.05 |I I 
17:41-Mon-Feb-13-2017 PM10  |  26.84 |  25.70 |  51.29 |   9.44 |I I 
17:41-Mon-Feb-13-2017 PM2.5 |   9.86 |   9.86 |  22.85 |   6.05 |I I 
17:45-Mon-Feb-13-2017 PM10  |  30.16 |  25.95 |  51.29 |   9.44 |I I 
17:45-Mon-Feb-13-2017 PM2.5 |  11.59 |   9.96 |  22.85 |   6.05 |I I 
17:46-Mon-Feb-13-2017 PM10  |  26.56 |  25.98 |  51.29 |   9.44 |I I 
17:46-Mon-Feb-13-2017 PM2.5 |  10.14 |   9.97 |  22.85 |   6.05 |I I 
17:50-Mon-Feb-13-2017 PM10  |  28.37 |  26.10 |  51.29 |   9.44 |I I 
17:50-Mon-Feb-13-2017 PM2.5 |  11.57 |  10.05 |  22.85 |   6.05 |I I 
17:51-Mon-Feb-13-2017 PM10  |  29.35 |  26.26 |  51.29 |   9.44 |I I 
17:51-Mon-Feb-13-2017 PM2.5 |  10.79 |  10.08 |  22.85 |   6.05 |I I 
17:55-Mon-Feb-13-2017 PM10  |  32.04 |  26.52 |  51.29 |   9.44 |I I 
17:55-Mon-Feb-13-2017 PM2.5 |  11.56 |  10.15 |  22.85 |   6.05 |I I 
17:56-Mon-Feb-13-2017 PM10  |  37.10 |  26.98 |  51.29 |   9.44 |I I 
17:56-Mon-Feb-13-2017 PM2.5 |  12.48 |  10.25 |  22.85 |   6.05 |I I 
18:00-Mon-Feb-13-2017 PM10  |  35.76 |  27.34 |  51.29 |   9.44 |I I 
18:00-Mon-Feb-13-2017 PM2.5 |  13.34 |  10.38 |  22.85 |   6.05 |I I 
18:01-Mon-Feb-13-2017 PM10  |  33.49 |  33.49 |  51.29 |   9.44 |I I 
18:01-Mon-Feb-13-2017 PM2.5 |  11.42 |  11.42 |  22.85 |   6.05 |I I 
18:05-Mon-Feb-13-2017 PM10  |  32.91 |  33.20 |  51.29 |   9.44 |I I 
18:05-Mon-Feb-13-2017 PM2.5 |  12.57 |  12.00 |  22.85 |   6.05 |I I 
18:06-Mon-Feb-13-2017 PM10  |  28.44 |  31.61 |  51.29 |   9.44 |I I 
18:06-Mon-Feb-13-2017 PM2.5 |  11.32 |  11.77 |  22.85 |   6.05 |I I 
18:10-Mon-Feb-13-2017 PM10  |  37.20 |  33.01 |  51.29 |   9.44 |I I 
18:10-Mon-Feb-13-2017 PM2.5 |  13.32 |  12.16 |  22.85 |   6.05 |I I 
18:11-Mon-Feb-13-2017 PM10  |  34.85 |  33.38 |  51.29 |   9.44 |I I 
18:11-Mon-Feb-13-2017 PM2.5 |  11.82 |  12.09 |  22.85 |   6.05 |I I 
18:15-Mon-Feb-13-2017 PM10  |  35.73 |  33.77 |  51.29 |   9.44 |I I 
18:15-Mon-Feb-13-2017 PM2.5 |  12.75 |  12.20 |  22.85 |   6.05 |I I 
18:16-Mon-Feb-13-2017 PM10  |  32.69 |  33.62 |  51.29 |   9.44 |I I 
18:16-Mon-Feb-13-2017 PM2.5 |  11.84 |  12.15 |  22.85 |   6.05 |I I 
18:20-Mon-Feb-13-2017 PM10  |  33.23 |  33.57 |  51.29 |   9.44 |I I 
18:20-Mon-Feb-13-2017 PM2.5 |  12.76 |  12.23 |  22.85 |   6.05 |I I 
18:21-Mon-Feb-13-2017 PM10  |  39.22 |  34.20 |  51.29 |   9.44 |I I 
18:21-Mon-Feb-13-2017 PM2.5 |  14.21 |  12.45 |  22.85 |   6.05 |I I 
18:25-Mon-Feb-13-2017 PM10  |  39.45 |  34.72 |  51.29 |   9.44 |I I 
18:25-Mon-Feb-13-2017 PM2.5 |  15.64 |  12.77 |  22.85 |   6.05 |I I 
18:26-Mon-Feb-13-2017 PM10  |  37.08 |  34.94 |  51.29 |   9.44 |I I 
18:26-Mon-Feb-13-2017 PM2.5 |  14.22 |  12.90 |  22.85 |   6.05 |I I 
18:30-Mon-Feb-13-2017 PM10  |  43.45 |  35.65 |  51.29 |   9.44 |I I 
18:30-Mon-Feb-13-2017 PM2.5 |  16.22 |  13.18 |  22.85 |   6.05 |I I 
18:32-Mon-Feb-13-2017 PM10  |  44.30 |  36.31 |  51.29 |   9.44 |I I 
18:32-Mon-Feb-13-2017 PM2.5 |  13.96 |  13.24 |  22.85 |   6.05 |I I 
18:36-Mon-Feb-13-2017 PM10  |  42.71 |  36.77 |  51.29 |   9.44 |I I 
18:36-Mon-Feb-13-2017 PM2.5 |  15.03 |  13.36 |  22.85 |   6.05 |I I 
18:37-Mon-Feb-13-2017 PM10  |  38.77 |  36.90 |  51.29 |   9.44 |I I 
18:37-Mon-Feb-13-2017 PM2.5 |  14.10 |  13.41 |  22.85 |   6.05 |I I 
18:41-Mon-Feb-13-2017 PM10  |  39.60 |  37.07 |  51.29 |   9.44 |I I 
18:41-Mon-Feb-13-2017 PM2.5 |  15.39 |  13.54 |  22.85 |   6.05 |I I 
18:42-Mon-Feb-13-2017 PM10  |  35.48 |  36.98 |  51.29 |   9.44 |I I 
18:42-Mon-Feb-13-2017 PM2.5 |  12.23 |  13.46 |  22.85 |   6.05 |I I 
18:46-Mon-Feb-13-2017 PM10  |  37.81 |  37.02 |  51.29 |   9.44 |I I 
18:46-Mon-Feb-13-2017 PM2.5 |  13.68 |  13.47 |  22.85 |   6.05 |I I 
18:47-Mon-Feb-13-2017 PM10  |  42.05 |  37.29 |  51.29 |   9.44 |I I 
18:47-Mon-Feb-13-2017 PM2.5 |  14.42 |  13.52 |  22.85 |   6.05 |I I 
18:51-Mon-Feb-13-2017 PM10  |  41.47 |  37.50 |  51.29 |   9.44 |I I 
18:51-Mon-Feb-13-2017 PM2.5 |  14.74 |  13.58 |  22.85 |   6.05 |I I 
18:52-Mon-Feb-13-2017 PM10  |  35.40 |  37.40 |  51.29 |   9.44 |I I 
18:52-Mon-Feb-13-2017 PM2.5 |  12.76 |  13.54 |  22.85 |   6.05 |I I 
18:56-Mon-Feb-13-2017 PM10  |  40.90 |  37.56 |  51.29 |   9.44 |I I 
18:56-Mon-Feb-13-2017 PM2.5 |  14.61 |  13.59 |  22.85 |   6.05 |I I 
18:57-Mon-Feb-13-2017 PM10  |  35.67 |  37.47 |  51.29 |   9.44 |I I 
18:57-Mon-Feb-13-2017 PM2.5 |  12.96 |  13.57 |  22.85 |   6.05 |I I 
19:01-Mon-Feb-13-2017 PM10  |  36.66 |  37.44 |  51.29 |   9.44 |I I 
19:01-Mon-Feb-13-2017 PM2.5 |  13.32 |  13.55 |  22.85 |   6.05 |I I 
19:02-Mon-Feb-13-2017 PM10  |  40.07 |  40.07 |  51.29 |   9.44 |I I 
19:02-Mon-Feb-13-2017 PM2.5 |  13.10 |  13.10 |  22.85 |   6.05 |I I 
19:06-Mon-Feb-13-2017 PM10  |  43.61 |  41.84 |  51.29 |   9.44 |I I 
19:06-Mon-Feb-13-2017 PM2.5 |  14.69 |  13.90 |  22.85 |   6.05 |I I 
19:07-Mon-Feb-13-2017 PM10  |  34.14 |  39.27 |  51.29 |   9.44 |I I 
19:07-Mon-Feb-13-2017 PM2.5 |  12.44 |  13.41 |  22.85 |   6.05 |I I 
19:11-Mon-Feb-13-2017 PM10  |  41.96 |  39.95 |  51.29 |   9.44 |I I 
19:11-Mon-Feb-13-2017 PM2.5 |  15.02 |  13.81 |  22.85 |   6.05 |I I 
19:12-Mon-Feb-13-2017 PM10  |  39.42 |  39.84 |  51.29 |   9.44 |I I 
19:12-Mon-Feb-13-2017 PM2.5 |  13.40 |  13.73 |  22.85 |   6.05 |I I 
19:16-Mon-Feb-13-2017 PM10  |  39.01 |  39.70 |  51.29 |   9.44 |I I 
19:16-Mon-Feb-13-2017 PM2.5 |  14.80 |  13.91 |  22.85 |   6.05 |I I 
19:17-Mon-Feb-13-2017 PM10  |  42.16 |  40.05 |  51.29 |   9.44 |I I 
19:17-Mon-Feb-13-2017 PM2.5 |  15.22 |  14.10 |  22.85 |   6.05 |I I 
19:21-Mon-Feb-13-2017 PM10  |  50.49 |  41.36 |  51.29 |   9.44 |I I 
19:21-Mon-Feb-13-2017 PM2.5 |  17.24 |  14.49 |  22.85 |   6.05 |I I 
19:22-Mon-Feb-13-2017 PM10  |  43.17 |  41.56 |  51.29 |   9.44 |I I 
19:22-Mon-Feb-13-2017 PM2.5 |  14.88 |  14.53 |  22.85 |   6.05 |I I 
19:26-Mon-Feb-13-2017 PM10  |  43.61 |  41.76 |  51.29 |   9.44 |I I 
19:26-Mon-Feb-13-2017 PM2.5 |  16.56 |  14.73 |  22.85 |   6.05 |I I 
19:27-Mon-Feb-13-2017 PM10  |  48.33 |  42.36 |  51.29 |   9.44 |I I 
19:27-Mon-Feb-13-2017 PM2.5 |  16.18 |  14.87 |  22.85 |   6.05 |I I 
19:31-Mon-Feb-13-2017 PM10  |  48.23 |  42.85 |  51.29 |   9.44 |I I 
19:31-Mon-Feb-13-2017 PM2.5 |  17.44 |  15.08 |  22.85 |   6.05 |I I 
19:32-Mon-Feb-13-2017 PM10  |  46.52 |  43.13 |  51.29 |   9.44 |I I 
19:32-Mon-Feb-13-2017 PM2.5 |  15.77 |  15.13 |  22.85 |   6.05 |I I 
19:36-Mon-Feb-13-2017 PM10  |  50.04 |  43.63 |  51.29 |   9.44 |I I 
19:36-Mon-Feb-13-2017 PM2.5 |  17.27 |  15.29 |  22.85 |   6.05 |I I 
19:37-Mon-Feb-13-2017 PM10  |  46.93 |  43.85 |  51.29 |   9.44 |I I 
19:37-Mon-Feb-13-2017 PM2.5 |  16.33 |  15.36 |  22.85 |   6.05 |I I 
19:41-Mon-Feb-13-2017 PM10  |  51.55 |  44.33 |  51.29 |   9.44 |I I 
19:41-Mon-Feb-13-2017 PM2.5 |  17.43 |  15.49 |  22.85 |   6.05 |I I 
19:42-Mon-Feb-13-2017 PM10  |  46.71 |  44.47 |  51.29 |   9.44 |I I 
19:42-Mon-Feb-13-2017 PM2.5 |  16.77 |  15.56 |  22.85 |   6.05 |I I 
19:45-Mon-Feb-13-2017 PM10  |  53.39 |  44.96 |  51.29 |   9.44 |I I 
19:45-Mon-Feb-13-2017 PM2.5 |  18.71 |  15.74 |  22.85 |   6.05 |I I 
19:46-Mon-Feb-13-2017 PM10  |  49.27 |  45.19 |  51.29 |   9.44 |I I 
19:46-Mon-Feb-13-2017 PM2.5 |  17.48 |  15.83 |  22.85 |   6.05 |I I 
19:50-Mon-Feb-13-2017 PM10  |  56.16 |  45.74 |  51.29 |   9.44 |I I 
19:50-Mon-Feb-13-2017 PM2.5 |  19.66 |  16.02 |  22.85 |   6.05 |I I 
19:51-Mon-Feb-13-2017 PM10  |  57.53 |  46.30 |  51.29 |   9.44 |I I 
19:51-Mon-Feb-13-2017 PM2.5 |  21.24 |  16.27 |  22.85 |   6.05 |I I 
19:55-Mon-Feb-13-2017 PM10  |  56.86 |  46.78 |  51.29 |   9.44 |I I 
19:55-Mon-Feb-13-2017 PM2.5 |  20.32 |  16.45 |  22.85 |   6.05 |I I 
19:56-Mon-Feb-13-2017 PM10  |  51.44 |  46.98 |  51.29 |   9.44 |I I 
19:56-Mon-Feb-13-2017 PM2.5 |  17.70 |  16.51 |  22.85 |   6.05 |I I 
20:00-Mon-Feb-13-2017 PM10  |  58.70 |  47.47 |  51.29 |   9.44 |I I 
20:00-Mon-Feb-13-2017 PM2.5 |  20.43 |  16.67 |  22.85 |   6.05 |I I 
20:01-Mon-Feb-13-2017 PM10  |  57.22 |  57.22 |  51.29 |   9.44 |I I 
20:01-Mon-Feb-13-2017 PM2.5 |  19.50 |  19.50 |  22.85 |   6.05 |I I 
20:05-Mon-Feb-13-2017 PM10  |  57.65 |  57.44 |  51.29 |   9.44 |I I 
20:05-Mon-Feb-13-2017 PM2.5 |  20.82 |  20.16 |  22.85 |   6.05 |I I 
20:06-Mon-Feb-13-2017 PM10  |  52.73 |  55.87 |  51.29 |   9.44 |I I 
20:06-Mon-Feb-13-2017 PM2.5 |  17.75 |  19.36 |  22.85 |   6.05 |I I 
20:10-Mon-Feb-13-2017 PM10  |  62.11 |  57.43 |  51.29 |   9.44 |I I 
20:10-Mon-Feb-13-2017 PM2.5 |  20.86 |  19.73 |  22.85 |   6.05 |I I 
20:11-Mon-Feb-13-2017 PM10  |  61.17 |  58.17 |  51.29 |   9.44 |I I 
20:11-Mon-Feb-13-2017 PM2.5 |  19.54 |  19.69 |  22.85 |   6.05 |I I 
20:15-Mon-Feb-13-2017 PM10  |  63.40 |  59.05 |  51.29 |   9.44 |I I 
20:15-Mon-Feb-13-2017 PM2.5 |  21.85 |  20.05 |  22.85 |   6.05 |I I 
20:16-Mon-Feb-13-2017 PM10  |  59.85 |  59.16 |  51.29 |   9.44 |I I 
20:16-Mon-Feb-13-2017 PM2.5 |  19.58 |  19.99 |  22.85 |   6.05 |I I 
20:20-Mon-Feb-13-2017 PM10  |  60.58 |  59.34 |  51.29 |   9.44 |I I 
20:20-Mon-Feb-13-2017 PM2.5 |  21.11 |  20.13 |  22.85 |   6.05 |I I 
20:21-Mon-Feb-13-2017 PM10  |  60.48 |  59.46 |  51.29 |   9.44 |I I 
20:21-Mon-Feb-13-2017 PM2.5 |  20.05 |  20.12 |  22.85 |   6.05 |I I 
20:25-Mon-Feb-13-2017 PM10  |  61.86 |  59.70 |  51.29 |   9.44 |I I 
20:25-Mon-Feb-13-2017 PM2.5 |  22.18 |  20.32 |  22.85 |   6.05 |I I 
20:26-Mon-Feb-13-2017 PM10  |  63.25 |  60.03 |  51.29 |   9.44 |I I 
20:26-Mon-Feb-13-2017 PM2.5 |  21.42 |  20.42 |  22.85 |   6.05 |I I 
20:30-Mon-Feb-13-2017 PM10  |  65.60 |  60.49 |  51.29 |   9.44 |I I 
20:30-Mon-Feb-13-2017 PM2.5 |  23.04 |  20.64 |  22.85 |   6.05 |I I 
20:31-Mon-Feb-13-2017 PM10  |  56.00 |  60.15 |  51.29 |   9.44 |I I 
20:31-Mon-Feb-13-2017 PM2.5 |  19.30 |  20.54 |  22.85 |   6.05 |I I 
20:35-Mon-Feb-13-2017 PM10  |  63.52 |  60.39 |  51.29 |   9.44 |I I 
20:35-Mon-Feb-13-2017 PM2.5 |  21.99 |  20.64 |  22.85 |   6.05 |I I 
20:36-Mon-Feb-13-2017 PM10  |  61.04 |  60.43 |  51.29 |   9.44 |I I 
20:36-Mon-Feb-13-2017 PM2.5 |  19.44 |  20.56 |  22.85 |   6.05 |I I 
20:40-Mon-Feb-13-2017 PM10  |  65.51 |  60.75 |  51.29 |   9.44 |I I 
20:40-Mon-Feb-13-2017 PM2.5 |  22.78 |  20.70 |  22.85 |   6.05 |I I 
20:41-Mon-Feb-13-2017 PM10  |  56.85 |  60.52 |  51.29 |   9.44 |I I 
20:41-Mon-Feb-13-2017 PM2.5 |  19.67 |  20.64 |  22.85 |   6.05 |I I 
20:45-Mon-Feb-13-2017 PM10  |  66.70 |  60.86 |  51.29 |   9.44 |I I 
20:45-Mon-Feb-13-2017 PM2.5 |  22.36 |  20.74 |  22.85 |   6.05 |I I 
20:46-Mon-Feb-13-2017 PM10  |  62.80 |  60.96 |  51.29 |   9.44 |I I 
20:46-Mon-Feb-13-2017 PM2.5 |  19.31 |  20.66 |  22.85 |   6.05 |I I 
20:50-Mon-Feb-13-2017 PM10  |  66.27 |  61.23 |  51.29 |   9.44 |I I 
20:50-Mon-Feb-13-2017 PM2.5 |  22.11 |  20.73 |  22.85 |   6.05 |I I 
20:51-Mon-Feb-13-2017 PM10  |  63.43 |  61.33 |  51.29 |   9.44 |I I 
20:51-Mon-Feb-13-2017 PM2.5 |  20.49 |  20.72 |  22.85 |   6.05 |I I 
20:55-Mon-Feb-13-2017 PM10  |  69.24 |  61.69 |  51.29 |   9.44 |I I 
20:55-Mon-Feb-13-2017 PM2.5 |  22.42 |  20.80 |  22.85 |   6.05 |I I 
20:56-Mon-Feb-13-2017 PM10  |  63.31 |  61.76 |  51.29 |   9.44 |I I 
20:56-Mon-Feb-13-2017 PM2.5 |  19.97 |  20.76 |  22.85 |   6.05 |I I 
21:00-Mon-Feb-13-2017 PM10  |  61.54 |  61.75 |  61.75 |   9.44 |I I 
21:00-Mon-Feb-13-2017 PM2.5 |  21.63 |  20.80 |  22.85 |   6.05 |I I 
21:01-Mon-Feb-13-2017 PM10  |  60.57 |  60.57 |  61.75 |   9.44 |I I 
21:01-Mon-Feb-13-2017 PM2.5 |  19.63 |  19.63 |  22.85 |   6.05 |I I 
21:05-Mon-Feb-13-2017 PM10  |  64.71 |  62.64 |  61.75 |   9.44 |I I 
21:05-Mon-Feb-13-2017 PM2.5 |  21.81 |  20.72 |  22.85 |   6.05 |I I 
21:06-Mon-Feb-13-2017 PM10  |  65.81 |  63.70 |  61.75 |   9.44 |I I 
21:06-Mon-Feb-13-2017 PM2.5 |  19.71 |  20.39 |  22.85 |   6.05 |I I 
21:10-Mon-Feb-13-2017 PM10  |  70.87 |  65.49 |  61.75 |   9.44 |I I 
21:10-Mon-Feb-13-2017 PM2.5 |  21.85 |  20.75 |  22.85 |   6.05 |I I 
21:11-Mon-Feb-13-2017 PM10  |  60.57 |  64.51 |  61.75 |   9.44 |I I 
21:11-Mon-Feb-13-2017 PM2.5 |  19.36 |  20.47 |  22.85 |   6.05 |I I 
21:15-Mon-Feb-13-2017 PM10  |  69.52 |  65.34 |  61.75 |   9.44 |I I 
21:15-Mon-Feb-13-2017 PM2.5 |  22.07 |  20.74 |  22.85 |   6.05 |I I 
21:16-Mon-Feb-13-2017 PM10  |  62.57 |  64.95 |  61.75 |   9.44 |I I 
21:16-Mon-Feb-13-2017 PM2.5 |  19.51 |  20.56 |  22.85 |   6.05 |I I 
21:20-Mon-Feb-13-2017 PM10  |  63.36 |  64.75 |  61.75 |   9.44 |I I 
21:20-Mon-Feb-13-2017 PM2.5 |  20.78 |  20.59 |  22.85 |   6.05 |I I 
21:21-Mon-Feb-13-2017 PM10  |  60.18 |  64.24 |  61.75 |   9.44 |I I 
21:21-Mon-Feb-13-2017 PM2.5 |  19.39 |  20.46 |  22.85 |   6.05 |I I 
21:25-Mon-Feb-13-2017 PM10  |  73.49 |  65.17 |  61.75 |   9.44 |I I 
21:25-Mon-Feb-13-2017 PM2.5 |  23.68 |  20.78 |  22.85 |   6.05 |I I 
21:27-Mon-Feb-13-2017 PM10  |  62.86 |  64.96 |  61.75 |   9.44 |I I 
21:27-Mon-Feb-13-2017 PM2.5 |  20.88 |  20.79 |  22.85 |   6.05 |I I 
21:31-Mon-Feb-13-2017 PM10  |  69.45 |  65.33 |  61.75 |   9.44 |I I 
21:31-Mon-Feb-13-2017 PM2.5 |  23.31 |  21.00 |  22.85 |   6.05 |I I 
21:32-Mon-Feb-13-2017 PM10  |  68.20 |  65.55 |  61.75 |   9.44 |I I 
21:32-Mon-Feb-13-2017 PM2.5 |  21.13 |  21.01 |  22.85 |   6.05 |I I 
21:36-Mon-Feb-13-2017 PM10  |  68.75 |  65.78 |  61.75 |   9.44 |I I 
21:36-Mon-Feb-13-2017 PM2.5 |  23.15 |  21.16 |  22.85 |   6.05 |I I 
21:37-Mon-Feb-13-2017 PM10  |  59.47 |  65.36 |  61.75 |   9.44 |I I 
21:37-Mon-Feb-13-2017 PM2.5 |  20.17 |  21.10 |  22.85 |   6.05 |I I 
21:41-Mon-Feb-13-2017 PM10  |  67.98 |  65.52 |  61.75 |   9.44 |I I 
21:41-Mon-Feb-13-2017 PM2.5 |  22.47 |  21.18 |  22.85 |   6.05 |I I 
21:42-Mon-Feb-13-2017 PM10  |  65.86 |  65.54 |  61.75 |   9.44 |I I 
21:42-Mon-Feb-13-2017 PM2.5 |  19.84 |  21.10 |  22.85 |   6.05 |I I 
21:46-Mon-Feb-13-2017 PM10  |  64.71 |  65.50 |  61.75 |   9.44 |I I 
21:46-Mon-Feb-13-2017 PM2.5 |  22.38 |  21.17 |  22.85 |   6.05 |I I 
21:47-Mon-Feb-13-2017 PM10  |  64.06 |  65.42 |  61.75 |   9.44 |I I 
21:47-Mon-Feb-13-2017 PM2.5 |  20.23 |  21.12 |  22.85 |   6.05 |I I 
21:51-Mon-Feb-13-2017 PM10  |  67.16 |  65.51 |  61.75 |   9.44 |I I 
21:51-Mon-Feb-13-2017 PM2.5 |  23.18 |  21.23 |  22.85 |   6.05 |I I 
21:52-Mon-Feb-13-2017 PM10  |  62.72 |  65.38 |  61.75 |   9.44 |I I 
21:52-Mon-Feb-13-2017 PM2.5 |  21.02 |  21.22 |  22.85 |   6.05 |I I 
21:56-Mon-Feb-13-2017 PM10  |  70.40 |  65.60 |  61.75 |   9.44 |I I 
21:56-Mon-Feb-13-2017 PM2.5 |  24.29 |  21.36 |  22.85 |   6.05 |I I 
21:57-Mon-Feb-13-2017 PM10  |  64.77 |  65.57 |  61.75 |   9.44 |I I 
21:57-Mon-Feb-13-2017 PM2.5 |  20.26 |  21.31 |  22.85 |   6.05 |I I 
22:01-Mon-Feb-13-2017 PM10  |  72.70 |  65.86 |  65.86 |   9.44 |I I 
22:01-Mon-Feb-13-2017 PM2.5 |  23.32 |  21.39 |  22.85 |   6.05 |I I 
22:02-Mon-Feb-13-2017 PM10  |  65.21 |  65.21 |  65.86 |   9.44 |I I 
22:02-Mon-Feb-13-2017 PM2.5 |  21.48 |  21.48 |  22.85 |   6.05 |I I 
22:06-Mon-Feb-13-2017 PM10  |  69.72 |  67.47 |  65.86 |   9.44 |I I 
22:06-Mon-Feb-13-2017 PM2.5 |  23.78 |  22.63 |  22.85 |   6.05 |I I 
22:07-Mon-Feb-13-2017 PM10  |  65.90 |  66.95 |  65.86 |   9.44 |I I 
22:07-Mon-Feb-13-2017 PM2.5 |  22.06 |  22.44 |  22.85 |   6.05 |I I 
22:11-Mon-Feb-13-2017 PM10  |  71.02 |  67.96 |  65.86 |   9.44 |I I 
22:11-Mon-Feb-13-2017 PM2.5 |  24.20 |  22.88 |  22.85 |   6.05 |I I 
22:12-Mon-Feb-13-2017 PM10  |  66.90 |  67.75 |  65.86 |   9.44 |I I 
22:12-Mon-Feb-13-2017 PM2.5 |  21.09 |  22.52 |  22.85 |   6.05 |I I 
22:16-Mon-Feb-13-2017 PM10  |  74.12 |  68.81 |  65.86 |   9.44 |I I 
22:16-Mon-Feb-13-2017 PM2.5 |  24.13 |  22.79 |  22.85 |   6.05 |I I 
22:17-Mon-Feb-13-2017 PM10  |  72.83 |  69.39 |  65.86 |   9.44 |I I 
22:17-Mon-Feb-13-2017 PM2.5 |  21.43 |  22.59 |  22.85 |   6.05 |I I 
22:21-Mon-Feb-13-2017 PM10  |  70.11 |  69.48 |  65.86 |   9.44 |I I 
22:21-Mon-Feb-13-2017 PM2.5 |  23.94 |  22.76 |  22.85 |   6.05 |I I 
22:22-Mon-Feb-13-2017 PM10  |  66.35 |  69.13 |  65.86 |   9.44 |I I 
22:22-Mon-Feb-13-2017 PM2.5 |  21.64 |  22.64 |  22.85 |   6.05 |I I 
22:26-Mon-Feb-13-2017 PM10  |  72.87 |  69.50 |  65.86 |   9.44 |I I 
22:26-Mon-Feb-13-2017 PM2.5 |  23.59 |  22.73 |  22.85 |   6.05 |I I 
22:27-Mon-Feb-13-2017 PM10  |  66.95 |  69.27 |  65.86 |   9.44 |I I 
22:27-Mon-Feb-13-2017 PM2.5 |  22.09 |  22.67 |  22.85 |   6.05 |I I 
22:31-Mon-Feb-13-2017 PM10  |  74.12 |  69.68 |  65.86 |   9.44 |I I 
22:31-Mon-Feb-13-2017 PM2.5 |  24.22 |  22.80 |  22.85 |   6.05 |I I 
22:32-Mon-Feb-13-2017 PM10  |  61.88 |  69.08 |  65.86 |   9.44 |I I 
22:32-Mon-Feb-13-2017 PM2.5 |  20.61 |  22.63 |  22.85 |   6.05 |I I 
22:36-Mon-Feb-13-2017 PM10  |  72.11 |  69.29 |  65.86 |   9.44 |I I 
22:36-Mon-Feb-13-2017 PM2.5 |  23.72 |  22.71 |  22.85 |   6.05 |I I 
22:37-Mon-Feb-13-2017 PM10  |  64.82 |  68.99 |  65.86 |   9.44 |I I 
22:37-Mon-Feb-13-2017 PM2.5 |  21.25 |  22.61 |  22.85 |   6.05 |I I 
22:41-Mon-Feb-13-2017 PM10  |  69.27 |  69.01 |  65.86 |   9.44 |I I 
22:41-Mon-Feb-13-2017 PM2.5 |  23.43 |  22.67 |  22.85 |   6.05 |I I 
22:42-Mon-Feb-13-2017 PM10  |  67.59 |  68.93 |  65.86 |   9.44 |I I 
22:42-Mon-Feb-13-2017 PM2.5 |  21.08 |  22.57 |  22.85 |   6.05 |I I 
22:46-Mon-Feb-13-2017 PM10  |  73.17 |  69.16 |  65.86 |   9.44 |I I 
22:46-Mon-Feb-13-2017 PM2.5 |  23.85 |  22.64 |  22.85 |   6.05 |I I 
22:47-Mon-Feb-13-2017 PM10  |  71.95 |  69.31 |  65.86 |   9.44 |I I 
22:47-Mon-Feb-13-2017 PM2.5 |  22.04 |  22.61 |  22.85 |   6.05 |I I 
22:51-Mon-Feb-13-2017 PM10  |  70.34 |  69.36 |  65.86 |   9.44 |I I 
22:51-Mon-Feb-13-2017 PM2.5 |  23.34 |  22.65 |  22.85 |   6.05 |I I 
22:52-Mon-Feb-13-2017 PM10  |  63.72 |  69.09 |  65.86 |   9.44 |I I 
22:52-Mon-Feb-13-2017 PM2.5 |  20.85 |  22.56 |  22.85 |   6.05 |I I 
22:56-Mon-Feb-13-2017 PM10  |  72.06 |  69.23 |  65.86 |   9.44 |I I 
22:56-Mon-Feb-13-2017 PM2.5 |  24.38 |  22.64 |  22.85 |   6.05 |I I 
22:57-Mon-Feb-13-2017 PM10  |  60.18 |  68.83 |  65.86 |   9.44 |I I 
22:57-Mon-Feb-13-2017 PM2.5 |  20.21 |  22.54 |  22.85 |   6.05 |I I 
23:01-Mon-Feb-13-2017 PM10  |  66.94 |  68.76 |  68.76 |   9.44 |I I 
23:01-Mon-Feb-13-2017 PM2.5 |  23.27 |  22.57 |  22.85 |   6.05 |I I 
23:05-Mon-Feb-13-2017 PM10  |  73.07 |  73.07 |  68.76 |   9.44 |I I 
23:05-Mon-Feb-13-2017 PM2.5 |  23.07 |  23.07 |  22.85 |   6.05 |I I 
23:06-Mon-Feb-13-2017 PM10  |  63.76 |  68.42 |  68.76 |   9.44 |I I 
23:06-Mon-Feb-13-2017 PM2.5 |  21.47 |  22.27 |  22.85 |   6.05 |I I 
23:10-Mon-Feb-13-2017 PM10  |  73.04 |  69.96 |  68.76 |   9.44 |I I 
23:10-Mon-Feb-13-2017 PM2.5 |  23.98 |  22.84 |  22.85 |   6.05 |I I 
23:11-Mon-Feb-13-2017 PM10  |  68.26 |  69.54 |  68.76 |   9.44 |I I 
23:11-Mon-Feb-13-2017 PM2.5 |  21.18 |  22.43 |  22.85 |   6.05 |I I 
23:15-Mon-Feb-13-2017 PM10  |  75.23 |  70.67 |  68.76 |   9.44 |I I 
23:15-Mon-Feb-13-2017 PM2.5 |  24.15 |  22.77 |  22.85 |   6.05 |I I 
23:16-Mon-Feb-13-2017 PM10  |  66.45 |  69.97 |  68.76 |   9.44 |I I 
23:16-Mon-Feb-13-2017 PM2.5 |  21.80 |  22.61 |  22.85 |   6.05 |I I 
23:20-Mon-Feb-13-2017 PM10  |  75.98 |  70.83 |  68.76 |   9.44 |I I 
23:20-Mon-Feb-13-2017 PM2.5 |  24.11 |  22.82 |  22.85 |   6.05 |I I 
23:21-Mon-Feb-13-2017 PM10  |  72.33 |  71.02 |  68.76 |   9.44 |I I 
23:21-Mon-Feb-13-2017 PM2.5 |  22.15 |  22.74 |  22.85 |   6.05 |I I 
23:25-Mon-Feb-13-2017 PM10  |  76.19 |  71.59 |  68.76 |   9.44 |I I 
23:25-Mon-Feb-13-2017 PM2.5 |  24.84 |  22.97 |  22.85 |   6.05 |I I 
23:26-Mon-Feb-13-2017 PM10  |  71.06 |  71.54 |  68.76 |   9.44 |I I 
23:26-Mon-Feb-13-2017 PM2.5 |  21.70 |  22.85 |  22.85 |   6.05 |I I 
23:30-Mon-Feb-13-2017 PM10  |  75.18 |  71.87 |  68.76 |   9.44 |I I 
23:30-Mon-Feb-13-2017 PM2.5 |  24.67 |  23.01 |  22.85 |   6.05 |I I 
23:31-Mon-Feb-13-2017 PM10  |  73.35 |  71.99 |  68.76 |   9.44 |I I 
23:31-Mon-Feb-13-2017 PM2.5 |  22.25 |  22.95 |  22.85 |   6.05 |I I 
23:35-Mon-Feb-13-2017 PM10  |  78.90 |  72.52 |  68.76 |   9.44 |I I 
23:35-Mon-Feb-13-2017 PM2.5 |  24.59 |  23.08 |  22.85 |   6.05 |I I 
23:36-Mon-Feb-13-2017 PM10  |  67.11 |  72.14 |  68.76 |   9.44 |I I 
23:36-Mon-Feb-13-2017 PM2.5 |  21.87 |  22.99 |  22.85 |   6.05 |I I 
23:40-Mon-Feb-13-2017 PM10  |  77.77 |  72.51 |  68.76 |   9.44 |I I 
23:40-Mon-Feb-13-2017 PM2.5 |  24.81 |  23.11 |  22.85 |   6.05 |I I 
23:41-Mon-Feb-13-2017 PM10  |  70.77 |  72.40 |  68.76 |   9.44 |I I 
23:41-Mon-Feb-13-2017 PM2.5 |  20.77 |  22.96 |  22.85 |   6.05 |I I 
23:45-Mon-Feb-13-2017 PM10  |  80.08 |  72.85 |  68.76 |   9.44 |I I 
23:45-Mon-Feb-13-2017 PM2.5 |  24.44 |  23.05 |  22.85 |   6.05 |I I 
23:46-Mon-Feb-13-2017 PM10  |  68.67 |  72.62 |  68.76 |   9.44 |I I 
23:46-Mon-Feb-13-2017 PM2.5 |  21.66 |  22.97 |  22.85 |   6.05 |I I 
23:50-Mon-Feb-13-2017 PM10  |  75.64 |  72.78 |  68.76 |   9.44 |I I 
23:50-Mon-Feb-13-2017 PM2.5 |  24.19 |  23.04 |  22.85 |   6.05 |I I 
23:51-Mon-Feb-13-2017 PM10  |  64.48 |  72.37 |  68.76 |   9.44 |I I 
23:51-Mon-Feb-13-2017 PM2.5 |  20.40 |  22.91 |  22.85 |   6.05 |I I 
23:55-Mon-Feb-13-2017 PM10  |  70.88 |  72.30 |  68.76 |   9.44 |I I 
23:55-Mon-Feb-13-2017 PM2.5 |  23.14 |  22.92 |  22.85 |   6.05 |I I 
23:56-Mon-Feb-13-2017 PM10  |  71.97 |  72.28 |  68.76 |   9.44 |I I 
23:56-Mon-Feb-13-2017 PM2.5 |  21.67 |  22.86 |  22.85 |   6.05 |I I 
00:00-Tue-Feb-14-2017 PM10  |  69.74 |  72.17 |  72.17 |   9.44 |I I 
