[Mon May  8 00:03:18 2017] Report del giorno Monday May 08 2017 -- INVIATO a centraline@googlegroups.com
00:03-Mon-May-08-2017 PM2.5 |   3.09 |   2.93 |   4.57 |   2.59 |I I 
00:04-Mon-May-08-2017 PM10  |   6.30 |   6.30 |   0.00 |  2000.00|I I 
00:04-Mon-May-08-2017 PM2.5 |   2.83 |   2.83 |   0.00 |  2000.00|I I 
00:08-Mon-May-08-2017 PM10  |   5.45 |   5.88 |   0.00 |  2000.00|I I 
00:08-Mon-May-08-2017 PM2.5 |   3.02 |   2.92 |   0.00 |  2000.00|I I 
00:09-Mon-May-08-2017 PM10  |   7.11 |   6.29 |   0.00 |  2000.00|I I 
00:09-Mon-May-08-2017 PM2.5 |   3.16 |   3.00 |   0.00 |  2000.00|I I 
00:13-Mon-May-08-2017 PM10  |   7.81 |   6.67 |   0.00 |  2000.00|I I 
00:13-Mon-May-08-2017 PM2.5 |   3.15 |   3.04 |   0.00 |  2000.00|I I 
00:14-Mon-May-08-2017 PM10  |   5.82 |   6.50 |   0.00 |  2000.00|I I 
00:14-Mon-May-08-2017 PM2.5 |   2.87 |   3.01 |   0.00 |  2000.00|I I 
00:18-Mon-May-08-2017 PM10  |   6.73 |   6.54 |   0.00 |  2000.00|I I 
00:18-Mon-May-08-2017 PM2.5 |   2.85 |   2.98 |   0.00 |  2000.00|I I 
00:19-Mon-May-08-2017 PM10  |   5.16 |   6.34 |   0.00 |  2000.00|B B 
00:19-Mon-May-08-2017 PM2.5 |   2.68 |   2.94 |   0.00 |  2000.00|B B 
00:23-Mon-May-08-2017 PM10  |   5.34 |   6.22 |   0.00 |  2000.00|B B 
00:23-Mon-May-08-2017 PM2.5 |   2.87 |   2.93 |   0.00 |  2000.00|B B 
00:24-Mon-May-08-2017recover dati per host :salvatorehost.no-ip.org/aria
00:24-Mon-May-08-2017 PM10  |   5.26 |   6.11 |   0.00 |  2000.00|I B 
00:24-Mon-May-08-2017 PM2.5 |   2.80 |   2.91 |   0.00 |  2000.00|I B 
00:28-Mon-May-08-2017recover dati per host :92.223.147.77/nodered
00:28-Mon-May-08-2017 PM10  |   4.95 |   5.99 |   0.00 |  2000.00|I I 
00:28-Mon-May-08-2017 PM2.5 |   2.74 |   2.90 |   0.00 |  2000.00|I I 
00:29-Mon-May-08-2017 PM10  |   5.26 |   5.93 |   0.00 |  2000.00|I I 
00:29-Mon-May-08-2017 PM2.5 |   2.74 |   2.88 |   0.00 |  2000.00|I I 
00:33-Mon-May-08-2017 PM10  |   5.25 |   5.87 |   0.00 |  2000.00|I I 
00:33-Mon-May-08-2017 PM2.5 |   2.82 |   2.88 |   0.00 |  2000.00|I I 
00:34-Mon-May-08-2017 PM10  |   4.28 |   5.75 |   0.00 |  2000.00|I I 
00:34-Mon-May-08-2017 PM2.5 |   2.50 |   2.85 |   0.00 |  2000.00|I I 
00:38-Mon-May-08-2017 PM10  |   4.31 |   5.64 |   0.00 |  2000.00|I I 
00:38-Mon-May-08-2017 PM2.5 |   2.65 |   2.83 |   0.00 |  2000.00|I I 
00:39-Mon-May-08-2017 PM10  |   5.02 |   5.60 |   0.00 |  2000.00|I I 
00:39-Mon-May-08-2017 PM2.5 |   2.65 |   2.82 |   0.00 |  2000.00|I I 
00:44-Mon-May-08-2017Timeout Event handler
00:44-Mon-May-08-2017 PM10  |   5.09 |   5.57 |   0.00 |  2000.00|B I 
00:44-Mon-May-08-2017 PM2.5 |   2.90 |   2.83 |   0.00 |  2000.00|B I 
00:45-Mon-May-08-2017recover dati per host :salvatorehost.no-ip.org/aria
00:45-Mon-May-08-2017 PM10  |   5.32 |   5.56 |   0.00 |  2000.00|I I 
00:45-Mon-May-08-2017 PM2.5 |   2.70 |   2.82 |   0.00 |  2000.00|I I 
00:49-Mon-May-08-2017 PM10  |   5.33 |   5.54 |   0.00 |  2000.00|B B 
00:49-Mon-May-08-2017 PM2.5 |   2.74 |   2.81 |   0.00 |  2000.00|B B 
00:50-Mon-May-08-2017 PM10  |   5.55 |   5.54 |   0.00 |  2000.00|B B 
00:50-Mon-May-08-2017 PM2.5 |   2.58 |   2.80 |   0.00 |  2000.00|B B 
00:53-Mon-May-08-2017recover dati per host :salvatorehost.no-ip.org/aria
00:53-Mon-May-08-2017recover dati per host :92.223.147.77/nodered
00:53-Mon-May-08-2017 PM10  |   5.69 |   5.55 |   0.00 |  2000.00|I I 
00:53-Mon-May-08-2017 PM2.5 |   2.79 |   2.80 |   0.00 |  2000.00|I I 
00:54-Mon-May-08-2017 PM10  |   6.01 |   5.57 |   0.00 |  2000.00|B B 
00:54-Mon-May-08-2017 PM2.5 |   2.75 |   2.80 |   0.00 |  2000.00|B B 
00:58-Mon-May-08-2017recover dati per host :salvatorehost.no-ip.org/aria
00:58-Mon-May-08-2017recover dati per host :92.223.147.77/nodered
00:58-Mon-May-08-2017 PM10  |   4.95 |   5.54 |   0.00 |  2000.00|I I 
00:58-Mon-May-08-2017 PM2.5 |   2.83 |   2.80 |   0.00 |  2000.00|I I 
00:59-Mon-May-08-2017 PM10  |   5.06 |   5.52 |   0.00 |  2000.00|I I 
00:59-Mon-May-08-2017 PM2.5 |   2.57 |   2.79 |   0.00 |  2000.00|I I 
01:03-Mon-May-08-2017 PM10  |   5.43 |   5.52 |   5.52 |   5.52 |B I 
01:03-Mon-May-08-2017 PM2.5 |   2.87 |   2.79 |   2.79 |   2.79 |B I 
01:04-Mon-May-08-2017recover dati per host :salvatorehost.no-ip.org/aria
01:04-Mon-May-08-2017 PM10  |   4.30 |   4.30 |   5.52 |   5.52 |I I 
01:04-Mon-May-08-2017 PM2.5 |   2.50 |   2.50 |   2.79 |   2.79 |I I 
01:08-Mon-May-08-2017 PM10  |   5.59 |   4.95 |   5.52 |   5.52 |I I 
01:08-Mon-May-08-2017 PM2.5 |   2.67 |   2.59 |   2.79 |   2.79 |I I 
01:09-Mon-May-08-2017 PM10  |   4.25 |   4.71 |   5.52 |   5.52 |I I 
01:09-Mon-May-08-2017 PM2.5 |   2.55 |   2.57 |   2.79 |   2.79 |I I 
01:13-Mon-May-08-2017 PM10  |   3.79 |   4.48 |   5.52 |   5.52 |I I 
01:13-Mon-May-08-2017 PM2.5 |   2.58 |   2.58 |   2.79 |   2.79 |I I 
01:14-Mon-May-08-2017 PM10  |   5.80 |   4.75 |   5.52 |   5.52 |I I 
01:14-Mon-May-08-2017 PM2.5 |   2.56 |   2.57 |   2.79 |   2.79 |I I 
01:18-Mon-May-08-2017 PM10  |   4.89 |   4.77 |   5.52 |   5.52 |I B 
01:18-Mon-May-08-2017 PM2.5 |   2.54 |   2.57 |   2.79 |   2.79 |I B 
01:19-Mon-May-08-2017recover dati per host :92.223.147.77/nodered
01:19-Mon-May-08-2017 PM10  |   4.01 |   4.66 |   5.52 |   5.52 |I I 
01:19-Mon-May-08-2017 PM2.5 |   2.56 |   2.57 |   2.79 |   2.79 |I I 
01:23-Mon-May-08-2017 PM10  |   4.58 |   4.65 |   5.52 |   5.52 |I I 
01:23-Mon-May-08-2017 PM2.5 |   2.77 |   2.59 |   2.79 |   2.79 |I I 
01:24-Mon-May-08-2017 PM10  |   4.51 |   4.63 |   5.52 |   5.52 |I I 
01:24-Mon-May-08-2017 PM2.5 |   2.64 |   2.60 |   2.79 |   2.79 |I I 
01:28-Mon-May-08-2017 PM10  |   5.10 |   4.68 |   5.52 |   5.52 |B B 
01:28-Mon-May-08-2017 PM2.5 |   2.70 |   2.61 |   2.79 |   2.79 |B B 
01:29-Mon-May-08-2017recover dati per host :salvatorehost.no-ip.org/aria
01:29-Mon-May-08-2017recover dati per host :92.223.147.77/nodered
01:29-Mon-May-08-2017 PM10  |   4.19 |   4.64 |   5.52 |   5.52 |I I 
01:29-Mon-May-08-2017 PM2.5 |   2.49 |   2.60 |   2.79 |   2.79 |I I 
01:33-Mon-May-08-2017 PM10  |   3.75 |   4.56 |   5.52 |   5.52 |I I 
01:33-Mon-May-08-2017 PM2.5 |   2.64 |   2.60 |   2.79 |   2.79 |I I 
01:34-Mon-May-08-2017 PM10  |   4.68 |   4.57 |   5.52 |   5.52 |I I 
01:34-Mon-May-08-2017 PM2.5 |   2.77 |   2.61 |   2.79 |   2.79 |I I 
01:38-Mon-May-08-2017 PM10  |   5.72 |   4.65 |   5.52 |   5.52 |I I 
01:38-Mon-May-08-2017 PM2.5 |   2.86 |   2.63 |   2.79 |   2.79 |I I 
01:40-Mon-May-08-2017 PM10  |   5.52 |   4.71 |   5.52 |   5.52 |I I 
01:40-Mon-May-08-2017 PM2.5 |   2.54 |   2.62 |   2.79 |   2.79 |I I 
01:44-Mon-May-08-2017 PM10  |   4.24 |   4.68 |   5.52 |   5.52 |I I 
01:44-Mon-May-08-2017 PM2.5 |   2.59 |   2.62 |   2.79 |   2.79 |I I 
01:45-Mon-May-08-2017 PM10  |   5.58 |   4.74 |   5.52 |   5.52 |I I 
01:45-Mon-May-08-2017 PM2.5 |   2.47 |   2.61 |   2.79 |   2.79 |I I 
01:49-Mon-May-08-2017 PM10  |   5.61 |   4.78 |   5.52 |   5.52 |I I 
01:49-Mon-May-08-2017 PM2.5 |   2.62 |   2.61 |   2.79 |   2.79 |I I 
01:50-Mon-May-08-2017 PM10  |   4.80 |   4.78 |   5.52 |   5.52 |I I 
01:50-Mon-May-08-2017 PM2.5 |   3.01 |   2.63 |   2.79 |   2.79 |I I 
01:54-Mon-May-08-2017 PM10  |   4.81 |   4.79 |   5.52 |   5.52 |B B 
01:54-Mon-May-08-2017 PM2.5 |   2.99 |   2.65 |   2.79 |   2.79 |B B 
01:55-Mon-May-08-2017recover dati per host :salvatorehost.no-ip.org/aria
01:55-Mon-May-08-2017recover dati per host :92.223.147.77/nodered
01:55-Mon-May-08-2017 PM10  |   3.87 |   4.74 |   5.52 |   5.52 |I I 
01:55-Mon-May-08-2017 PM2.5 |   2.53 |   2.65 |   2.79 |   2.79 |I I 
01:59-Mon-May-08-2017 PM10  |   4.10 |   4.71 |   5.52 |   5.52 |B I 
01:59-Mon-May-08-2017 PM2.5 |   2.74 |   2.65 |   2.79 |   2.79 |B I 
02:03-Mon-May-08-2017 PM10  |   4.48 |   4.70 |   5.52 |   4.70 |B B 
02:03-Mon-May-08-2017 PM2.5 |   2.60 |   2.65 |   2.79 |   2.65 |B B 
02:04-Mon-May-08-2017 PM10  |   4.90 |   4.90 |   5.52 |   4.70 |B B 
02:04-Mon-May-08-2017 PM2.5 |   2.54 |   2.54 |   2.79 |   2.65 |B B 
02:08-Mon-May-08-2017 PM10  |   4.01 |   4.45 |   5.52 |   4.70 |B B 
02:08-Mon-May-08-2017 PM2.5 |   2.55 |   2.55 |   2.79 |   2.65 |B B 
02:09-Mon-May-08-2017recover dati per host :salvatorehost.no-ip.org/aria
02:09-Mon-May-08-2017 PM10  |   3.59 |   4.16 |   5.52 |   4.70 |I B 
02:09-Mon-May-08-2017 PM2.5 |   2.54 |   2.54 |   2.79 |   2.65 |I B 
02:13-Mon-May-08-2017recover dati per host :92.223.147.77/nodered
02:13-Mon-May-08-2017 PM10  |   4.36 |   4.21 |   5.52 |   4.70 |I I 
02:13-Mon-May-08-2017 PM2.5 |   2.59 |   2.56 |   2.79 |   2.65 |I I 
02:14-Mon-May-08-2017 PM10  |   3.83 |   4.14 |   5.52 |   4.70 |I B 
02:14-Mon-May-08-2017 PM2.5 |   2.50 |   2.54 |   2.79 |   2.65 |I B 
02:18-Mon-May-08-2017recover dati per host :92.223.147.77/nodered
02:18-Mon-May-08-2017 PM10  |   4.59 |   4.21 |   5.52 |   4.70 |B I 
02:18-Mon-May-08-2017 PM2.5 |   2.64 |   2.56 |   2.79 |   2.65 |B I 
02:19-Mon-May-08-2017 PM10  |   3.73 |   4.14 |   5.52 |   4.70 |B I 
02:19-Mon-May-08-2017 PM2.5 |   2.35 |   2.53 |   2.79 |   2.65 |B I 
02:23-Mon-May-08-2017Timeout Event handler
02:23-Mon-May-08-2017 PM10  |   4.92 |   4.24 |   5.52 |   4.70 |B B 
02:23-Mon-May-08-2017 PM2.5 |   2.75 |   2.56 |   2.79 |   2.65 |B B 
02:24-Mon-May-08-2017recover dati per host :salvatorehost.no-ip.org/aria
02:24-Mon-May-08-2017recover dati per host :92.223.147.77/nodered
02:24-Mon-May-08-2017 PM10  |   3.36 |   4.14 |   5.52 |   4.70 |I I 
02:24-Mon-May-08-2017 PM2.5 |   2.47 |   2.55 |   2.79 |   2.65 |I I 
02:28-Mon-May-08-2017 PM10  |   3.89 |   4.12 |   5.52 |   4.70 |I I 
02:28-Mon-May-08-2017 PM2.5 |   2.63 |   2.56 |   2.79 |   2.65 |I I 
02:29-Mon-May-08-2017 PM10  |   4.87 |   4.19 |   5.52 |   4.70 |B I 
02:29-Mon-May-08-2017 PM2.5 |   2.46 |   2.55 |   2.79 |   2.65 |B I 
02:34-Mon-May-08-2017recover dati per host :salvatorehost.no-ip.org/aria
02:34-Mon-May-08-2017 PM10  |   4.40 |   4.20 |   5.52 |   4.70 |I I 
02:34-Mon-May-08-2017 PM2.5 |   2.68 |   2.56 |   2.79 |   2.65 |I I 
02:35-Mon-May-08-2017 PM10  |   3.40 |   4.14 |   5.52 |   4.70 |B B 
02:35-Mon-May-08-2017 PM2.5 |   2.46 |   2.55 |   2.79 |   2.65 |B B 
02:39-Mon-May-08-2017recover dati per host :salvatorehost.no-ip.org/aria
02:39-Mon-May-08-2017recover dati per host :92.223.147.77/nodered
02:39-Mon-May-08-2017 PM10  |   3.98 |   4.13 |   5.52 |   4.70 |I I 
02:39-Mon-May-08-2017 PM2.5 |   2.77 |   2.57 |   2.79 |   2.65 |I I 
02:40-Mon-May-08-2017 PM10  |   4.03 |   4.12 |   5.52 |   4.70 |B I 
02:40-Mon-May-08-2017 PM2.5 |   2.58 |   2.57 |   2.79 |   2.65 |B I 
02:44-Mon-May-08-2017recover dati per host :salvatorehost.no-ip.org/aria
02:44-Mon-May-08-2017 PM10  |   6.81 |   4.29 |   5.52 |   4.70 |I I 
02:44-Mon-May-08-2017 PM2.5 |   2.65 |   2.57 |   2.79 |   2.65 |I I 
02:48-Mon-May-08-2017 PM10  |   3.44 |   4.24 |   5.52 |   4.70 |B B 
02:48-Mon-May-08-2017 PM2.5 |   2.51 |   2.57 |   2.79 |   2.65 |B B 
02:49-Mon-May-08-2017recover dati per host :salvatorehost.no-ip.org/aria
02:49-Mon-May-08-2017recover dati per host :92.223.147.77/nodered
02:49-Mon-May-08-2017 PM10  |   4.50 |   4.25 |   5.52 |   4.70 |I I 
02:49-Mon-May-08-2017 PM2.5 |   2.59 |   2.57 |   2.79 |   2.65 |I I 
02:53-Mon-May-08-2017 PM10  |   4.46 |   4.27 |   5.52 |   4.70 |I I 
02:53-Mon-May-08-2017 PM2.5 |   2.51 |   2.57 |   2.79 |   2.65 |I I 
02:54-Mon-May-08-2017 PM10  |   4.15 |   4.26 |   5.52 |   4.70 |I I 
02:54-Mon-May-08-2017 PM2.5 |   2.48 |   2.56 |   2.79 |   2.65 |I I 
02:58-Mon-May-08-2017 PM10  |   3.66 |   4.23 |   5.52 |   4.70 |B B 
02:58-Mon-May-08-2017 PM2.5 |   2.47 |   2.56 |   2.79 |   2.65 |B B 
02:59-Mon-May-08-2017recover dati per host :salvatorehost.no-ip.org/aria
02:59-Mon-May-08-2017recover dati per host :92.223.147.77/nodered
02:59-Mon-May-08-2017 PM10  |   4.42 |   4.24 |   5.52 |   4.70 |I I 
02:59-Mon-May-08-2017 PM2.5 |   2.50 |   2.56 |   2.79 |   2.65 |I I 
03:03-Mon-May-08-2017 PM10  |   5.19 |   4.28 |   5.52 |   4.28 |B I 
03:03-Mon-May-08-2017 PM2.5 |   2.45 |   2.55 |   2.79 |   2.55 |B I 
03:04-Mon-May-08-2017recover dati per host :salvatorehost.no-ip.org/aria
03:04-Mon-May-08-2017 PM10  |   4.65 |   4.65 |   5.52 |   4.28 |I I 
03:04-Mon-May-08-2017 PM2.5 |   2.16 |   2.16 |   2.79 |   2.55 |I I 
03:08-Mon-May-08-2017 PM10  |   4.29 |   4.47 |   5.52 |   4.28 |I I 
03:08-Mon-May-08-2017 PM2.5 |   2.43 |   2.29 |   2.79 |   2.55 |I I 
03:10-Mon-May-08-2017 PM10  |   4.52 |   4.49 |   5.52 |   4.28 |I B 
03:10-Mon-May-08-2017 PM2.5 |   2.49 |   2.36 |   2.79 |   2.55 |I B 
03:14-Mon-May-08-2017recover dati per host :92.223.147.77/nodered
03:14-Mon-May-08-2017 PM10  |   3.50 |   4.24 |   5.52 |   4.28 |I I 
03:14-Mon-May-08-2017 PM2.5 |   2.46 |   2.38 |   2.79 |   2.55 |I I 
03:15-Mon-May-08-2017Timeout Event handler
03:15-Mon-May-08-2017 PM10  |   5.54 |   4.50 |   5.52 |   4.28 |B I 
03:15-Mon-May-08-2017 PM2.5 |   2.48 |   2.40 |   2.79 |   2.55 |B I 
03:19-Mon-May-08-2017 PM10  |   5.78 |   4.71 |   5.52 |   4.28 |B B 
03:19-Mon-May-08-2017 PM2.5 |   2.67 |   2.45 |   2.79 |   2.55 |B B 
03:20-Mon-May-08-2017recover dati per host :salvatorehost.no-ip.org/aria
03:20-Mon-May-08-2017recover dati per host :92.223.147.77/nodered
03:20-Mon-May-08-2017 PM10  |   5.31 |   4.80 |   5.52 |   4.28 |I I 
03:20-Mon-May-08-2017 PM2.5 |   2.61 |   2.47 |   2.79 |   2.55 |I I 
03:23-Mon-May-08-2017 PM10  |   4.05 |   4.71 |   5.52 |   4.28 |I I 
03:23-Mon-May-08-2017 PM2.5 |   2.69 |   2.50 |   2.79 |   2.55 |I I 
03:24-Mon-May-08-2017 PM10  |   3.80 |   4.61 |   5.52 |   4.28 |B B 
03:24-Mon-May-08-2017 PM2.5 |   2.36 |   2.48 |   2.79 |   2.55 |B B 
03:28-Mon-May-08-2017Timeout Event handler
03:28-Mon-May-08-2017recover dati per host :92.223.147.77/nodered
03:28-Mon-May-08-2017 PM10  |   3.51 |   4.50 |   5.52 |   4.28 |B I 
03:28-Mon-May-08-2017 PM2.5 |   2.44 |   2.48 |   2.79 |   2.55 |B I 
03:29-Mon-May-08-2017Timeout Event handler
03:29-Mon-May-08-2017 PM10  |   5.08 |   4.55 |   5.52 |   4.28 |B I 
03:29-Mon-May-08-2017 PM2.5 |   2.46 |   2.48 |   2.79 |   2.55 |B I 
03:33-Mon-May-08-2017recover dati per host :salvatorehost.no-ip.org/aria
03:33-Mon-May-08-2017 PM10  |   6.85 |   4.74 |   5.52 |   4.28 |I I 
03:33-Mon-May-08-2017 PM2.5 |   2.63 |   2.49 |   2.79 |   2.55 |I I 
03:34-Mon-May-08-2017 PM10  |   3.43 |   4.64 |   5.52 |   4.28 |B B 
03:34-Mon-May-08-2017 PM2.5 |   2.43 |   2.48 |   2.79 |   2.55 |B B 
03:38-Mon-May-08-2017recover dati per host :salvatorehost.no-ip.org/aria
03:38-Mon-May-08-2017recover dati per host :92.223.147.77/nodered
03:38-Mon-May-08-2017 PM10  |   3.66 |   4.57 |   5.52 |   4.28 |I I 
03:38-Mon-May-08-2017 PM2.5 |   2.59 |   2.49 |   2.79 |   2.55 |I I 
03:39-Mon-May-08-2017 PM10  |   4.33 |   4.55 |   5.52 |   4.28 |I I 
03:39-Mon-May-08-2017 PM2.5 |   2.37 |   2.48 |   2.79 |   2.55 |I I 
03:43-Mon-May-08-2017 PM10  |   5.35 |   4.60 |   5.52 |   4.28 |I I 
03:43-Mon-May-08-2017 PM2.5 |   2.49 |   2.48 |   2.79 |   2.55 |I I 
03:44-Mon-May-08-2017 PM10  |   3.13 |   4.52 |   5.52 |   4.28 |B I 
03:44-Mon-May-08-2017 PM2.5 |   2.29 |   2.47 |   2.79 |   2.55 |B I 
03:49-Mon-May-08-2017recover dati per host :salvatorehost.no-ip.org/aria
03:49-Mon-May-08-2017 PM10  |   3.62 |   4.47 |   5.52 |   4.28 |I I 
03:49-Mon-May-08-2017 PM2.5 |   2.44 |   2.47 |   2.79 |   2.55 |I I 
03:50-Mon-May-08-2017 PM10  |   3.72 |   4.43 |   5.52 |   4.28 |I I 
03:50-Mon-May-08-2017 PM2.5 |   2.30 |   2.46 |   2.79 |   2.55 |I I 
03:54-Mon-May-08-2017 PM10  |   3.91 |   4.40 |   5.52 |   4.28 |B B 
03:54-Mon-May-08-2017 PM2.5 |   2.46 |   2.46 |   2.79 |   2.55 |B B 
03:55-Mon-May-08-2017Timeout Event handler
03:55-Mon-May-08-2017recover dati per host :92.223.147.77/nodered
03:55-Mon-May-08-2017 PM10  |   5.89 |   4.47 |   5.52 |   4.28 |B I 
03:55-Mon-May-08-2017 PM2.5 |   2.51 |   2.46 |   2.79 |   2.55 |B I 
03:58-Mon-May-08-2017recover dati per host :salvatorehost.no-ip.org/aria
03:58-Mon-May-08-2017 PM10  |   4.52 |   4.47 |   5.52 |   4.28 |I I 
03:58-Mon-May-08-2017 PM2.5 |   2.54 |   2.47 |   2.79 |   2.55 |I I 
03:59-Mon-May-08-2017Timeout Event handler
03:59-Mon-May-08-2017 PM10  |   4.20 |   4.46 |   5.52 |   4.28 |B I 
03:59-Mon-May-08-2017 PM2.5 |   2.35 |   2.46 |   2.79 |   2.55 |B I 
04:03-Mon-May-08-2017 PM10  |   4.31 |   4.46 |   5.52 |   4.28 |B B 
04:03-Mon-May-08-2017 PM2.5 |   2.45 |   2.46 |   2.79 |   2.46 |B B 
04:04-Mon-May-08-2017Timeout Event handler
04:04-Mon-May-08-2017 PM10  |   5.38 |   5.38 |   5.52 |   4.28 |B B 
04:04-Mon-May-08-2017 PM2.5 |   2.53 |   2.53 |   2.79 |   2.46 |B B 
04:09-Mon-May-08-2017recover dati per host :salvatorehost.no-ip.org/aria
04:09-Mon-May-08-2017recover dati per host :92.223.147.77/nodered
04:09-Mon-May-08-2017 PM10  |   5.04 |   5.21 |   5.52 |   4.28 |I I 
04:09-Mon-May-08-2017 PM2.5 |   2.70 |   2.61 |   2.79 |   2.46 |I I 
04:10-Mon-May-08-2017 PM10  |   3.88 |   4.77 |   5.52 |   4.28 |I B 
04:10-Mon-May-08-2017 PM2.5 |   2.55 |   2.59 |   2.79 |   2.46 |I B 
04:14-Mon-May-08-2017recover dati per host :92.223.147.77/nodered
04:14-Mon-May-08-2017 PM10  |   4.62 |   4.73 |   5.52 |   4.28 |I I 
04:14-Mon-May-08-2017 PM2.5 |   2.59 |   2.59 |   2.79 |   2.46 |I I 
04:15-Mon-May-08-2017 PM10  |   4.27 |   4.64 |   5.52 |   4.28 |I I 
04:15-Mon-May-08-2017 PM2.5 |   2.56 |   2.58 |   2.79 |   2.46 |I I 
04:19-Mon-May-08-2017 PM10  |   5.81 |   4.83 |   5.52 |   4.28 |B B 
04:19-Mon-May-08-2017 PM2.5 |   2.86 |   2.63 |   2.79 |   2.46 |B B 
04:20-Mon-May-08-2017recover dati per host :salvatorehost.no-ip.org/aria
04:20-Mon-May-08-2017recover dati per host :92.223.147.77/nodered
04:20-Mon-May-08-2017 PM10  |   5.16 |   4.88 |   5.52 |   4.28 |I I 
04:20-Mon-May-08-2017 PM2.5 |   2.61 |   2.63 |   2.79 |   2.46 |I I 
04:24-Mon-May-08-2017 PM10  |   4.82 |   4.87 |   5.52 |   4.28 |B I 
04:24-Mon-May-08-2017 PM2.5 |   2.76 |   2.64 |   2.79 |   2.46 |B I 
04:28-Mon-May-08-2017recover dati per host :salvatorehost.no-ip.org/aria
04:28-Mon-May-08-2017 PM10  |   4.21 |   4.80 |   5.52 |   4.28 |I I 
04:28-Mon-May-08-2017 PM2.5 |   2.65 |   2.65 |   2.79 |   2.46 |I I 
04:29-Mon-May-08-2017 PM10  |   4.67 |   4.79 |   5.52 |   4.28 |I I 
04:29-Mon-May-08-2017 PM2.5 |   2.48 |   2.63 |   2.79 |   2.46 |I I 
04:33-Mon-May-08-2017 PM10  |   3.90 |   4.71 |   5.52 |   4.28 |I I 
04:33-Mon-May-08-2017 PM2.5 |   2.51 |   2.62 |   2.79 |   2.46 |I I 
04:34-Mon-May-08-2017 PM10  |   3.17 |   4.58 |   5.52 |   4.28 |I I 
04:34-Mon-May-08-2017 PM2.5 |   2.47 |   2.61 |   2.79 |   2.46 |I I 
04:38-Mon-May-08-2017 PM10  |   4.00 |   4.53 |   5.52 |   4.28 |B B 
04:38-Mon-May-08-2017 PM2.5 |   2.60 |   2.61 |   2.79 |   2.46 |B B 
04:39-Mon-May-08-2017recover dati per host :salvatorehost.no-ip.org/aria
04:39-Mon-May-08-2017recover dati per host :92.223.147.77/nodered
04:39-Mon-May-08-2017 PM10  |   4.39 |   4.52 |   5.52 |   4.28 |I I 
04:39-Mon-May-08-2017 PM2.5 |   2.61 |   2.61 |   2.79 |   2.46 |I I 
04:43-Mon-May-08-2017 PM10  |   4.59 |   4.53 |   5.52 |   4.28 |I B 
04:43-Mon-May-08-2017 PM2.5 |   2.67 |   2.61 |   2.79 |   2.46 |I B 
04:44-Mon-May-08-2017 PM10  |   4.97 |   4.56 |   5.52 |   4.28 |I B 
04:44-Mon-May-08-2017 PM2.5 |   2.70 |   2.62 |   2.79 |   2.46 |I B 
04:48-Mon-May-08-2017 PM10  |   4.64 |   4.56 |   5.52 |   4.28 |B B 
04:48-Mon-May-08-2017 PM2.5 |   2.71 |   2.62 |   2.79 |   2.46 |B B 
04:49-Mon-May-08-2017Timeout Event handler
04:49-Mon-May-08-2017 PM10  |   4.18 |   4.54 |   5.52 |   4.28 |B B 
04:49-Mon-May-08-2017 PM2.5 |   2.52 |   2.62 |   2.79 |   2.46 |B B 
04:53-Mon-May-08-2017recover dati per host :salvatorehost.no-ip.org/aria
04:53-Mon-May-08-2017recover dati per host :92.223.147.77/nodered
04:53-Mon-May-08-2017 PM10  |   4.85 |   4.56 |   5.52 |   4.28 |I I 
04:53-Mon-May-08-2017 PM2.5 |   2.82 |   2.63 |   2.79 |   2.46 |I I 
04:54-Mon-May-08-2017 PM10  |   3.32 |   4.49 |   5.52 |   4.28 |I I 
04:54-Mon-May-08-2017 PM2.5 |   2.43 |   2.62 |   2.79 |   2.46 |I I 
04:59-Mon-May-08-2017Timeout Event handler
04:59-Mon-May-08-2017 PM10  |   4.37 |   4.49 |   5.52 |   4.28 |B I 
04:59-Mon-May-08-2017 PM2.5 |   2.94 |   2.63 |   2.79 |   2.46 |B I 
05:00-Mon-May-08-2017recover dati per host :salvatorehost.no-ip.org/aria
05:00-Mon-May-08-2017 PM10  |   4.83 |   4.50 |   5.52 |   4.28 |I I 
05:00-Mon-May-08-2017 PM2.5 |   2.81 |   2.64 |   2.79 |   2.46 |I I 
05:04-Mon-May-08-2017 PM10  |   4.13 |   4.13 |   5.52 |   4.28 |I I 
05:04-Mon-May-08-2017 PM2.5 |   2.87 |   2.87 |   2.79 |   2.46 |I I 
05:05-Mon-May-08-2017 PM10  |   4.41 |   4.27 |   5.52 |   4.28 |I I 
05:05-Mon-May-08-2017 PM2.5 |   2.68 |   2.77 |   2.79 |   2.46 |I I 
05:09-Mon-May-08-2017 PM10  |   3.84 |   4.13 |   5.52 |   4.28 |B I 
05:09-Mon-May-08-2017 PM2.5 |   2.72 |   2.75 |   2.79 |   2.46 |B I 
05:10-Mon-May-08-2017recover dati per host :salvatorehost.no-ip.org/aria
05:10-Mon-May-08-2017 PM10  |   5.87 |   4.56 |   5.52 |   4.28 |I I 
05:10-Mon-May-08-2017 PM2.5 |   3.04 |   2.83 |   2.79 |   2.46 |I I 
05:14-Mon-May-08-2017 PM10  |   5.62 |   4.77 |   5.52 |   4.28 |I B 
05:14-Mon-May-08-2017 PM2.5 |   3.35 |   2.93 |   2.79 |   2.46 |I B 
05:15-Mon-May-08-2017recover dati per host :92.223.147.77/nodered
05:15-Mon-May-08-2017 PM10  |   5.11 |   4.83 |   5.52 |   4.28 |I I 
05:15-Mon-May-08-2017 PM2.5 |   2.98 |   2.94 |   2.79 |   2.46 |I I 
05:19-Mon-May-08-2017 PM10  |   4.78 |   4.82 |   5.52 |   4.28 |I I 
05:19-Mon-May-08-2017 PM2.5 |   3.16 |   2.97 |   2.79 |   2.46 |I I 
05:20-Mon-May-08-2017Timeout Event handler
05:20-Mon-May-08-2017 PM10  |   5.15 |   4.86 |   5.52 |   4.28 |B I 
05:20-Mon-May-08-2017 PM2.5 |   2.73 |   2.94 |   2.79 |   2.46 |B I 
05:23-Mon-May-08-2017recover dati per host :salvatorehost.no-ip.org/aria
05:23-Mon-May-08-2017 PM10  |   4.40 |   4.81 |   5.52 |   4.28 |I I 
05:23-Mon-May-08-2017 PM2.5 |   2.76 |   2.92 |   2.79 |   2.46 |I I 
05:24-Mon-May-08-2017 PM10  |   4.10 |   4.74 |   5.52 |   4.28 |I I 
05:24-Mon-May-08-2017 PM2.5 |   2.82 |   2.91 |   2.79 |   2.46 |I I 
05:28-Mon-May-08-2017 PM10  |   4.22 |   4.69 |   5.52 |   4.28 |I I 
05:28-Mon-May-08-2017 PM2.5 |   2.86 |   2.91 |   2.79 |   2.46 |I I 
05:29-Mon-May-08-2017 PM10  |   3.33 |   4.58 |   5.52 |   4.28 |B I 
05:29-Mon-May-08-2017 PM2.5 |   2.50 |   2.87 |   2.79 |   2.46 |B I 
05:33-Mon-May-08-2017recover dati per host :salvatorehost.no-ip.org/aria
05:33-Mon-May-08-2017 PM10  |   3.30 |   4.48 |   5.52 |   4.28 |I B 
05:33-Mon-May-08-2017 PM2.5 |   2.63 |   2.85 |   2.79 |   2.46 |I B 
05:34-Mon-May-08-2017recover dati per host :92.223.147.77/nodered
05:34-Mon-May-08-2017 PM10  |   5.13 |   4.53 |   5.52 |   4.28 |I I 
05:34-Mon-May-08-2017 PM2.5 |   2.89 |   2.86 |   2.79 |   2.46 |I I 
05:38-Mon-May-08-2017 PM10  |   4.89 |   4.55 |   5.52 |   4.28 |I I 
05:38-Mon-May-08-2017 PM2.5 |   3.06 |   2.87 |   2.79 |   2.46 |I I 
05:39-Mon-May-08-2017 PM10  |   4.11 |   4.52 |   5.52 |   4.28 |I I 
05:39-Mon-May-08-2017 PM2.5 |   2.71 |   2.86 |   2.79 |   2.46 |I I 
05:43-Mon-May-08-2017 PM10  |   4.73 |   4.54 |   5.52 |   4.28 |B B 
05:43-Mon-May-08-2017 PM2.5 |   3.20 |   2.88 |   2.79 |   2.46 |B B 
05:44-Mon-May-08-2017recover dati per host :salvatorehost.no-ip.org/aria
05:44-Mon-May-08-2017recover dati per host :92.223.147.77/nodered
05:44-Mon-May-08-2017 PM10  |   5.73 |   4.60 |   5.52 |   4.28 |I I 
05:44-Mon-May-08-2017 PM2.5 |   2.60 |   2.86 |   2.79 |   2.46 |I I 
05:48-Mon-May-08-2017 PM10  |   4.70 |   4.61 |   5.52 |   4.28 |I I 
05:48-Mon-May-08-2017 PM2.5 |   2.99 |   2.87 |   2.79 |   2.46 |I I 
05:49-Mon-May-08-2017 PM10  |   3.39 |   4.55 |   5.52 |   4.28 |I I 
05:49-Mon-May-08-2017 PM2.5 |   2.61 |   2.86 |   2.79 |   2.46 |I I 
05:53-Mon-May-08-2017 PM10  |   3.87 |   4.51 |   5.52 |   4.28 |I I 
05:53-Mon-May-08-2017 PM2.5 |   2.91 |   2.86 |   2.79 |   2.46 |I I 
05:55-Mon-May-08-2017 PM10  |   5.60 |   4.56 |   5.52 |   4.28 |B B 
05:55-Mon-May-08-2017 PM2.5 |   2.89 |   2.86 |   2.79 |   2.46 |B B 
05:59-Mon-May-08-2017recover dati per host :salvatorehost.no-ip.org/aria
05:59-Mon-May-08-2017recover dati per host :92.223.147.77/nodered
05:59-Mon-May-08-2017 PM10  |   4.31 |   4.55 |   5.52 |   4.28 |I I 
05:59-Mon-May-08-2017 PM2.5 |   2.77 |   2.86 |   2.79 |   2.46 |I I 
06:00-Mon-May-08-2017 PM10  |   3.56 |   4.51 |   5.52 |   4.28 |I I 
06:00-Mon-May-08-2017 PM2.5 |   2.53 |   2.84 |   2.84 |   2.46 |I I 
06:04-Mon-May-08-2017 PM10  |   4.31 |   4.31 |   5.52 |   4.28 |I I 
06:04-Mon-May-08-2017 PM2.5 |   2.62 |   2.62 |   2.84 |   2.46 |I I 
06:05-Mon-May-08-2017 PM10  |   4.88 |   4.60 |   5.52 |   4.28 |B I 
06:05-Mon-May-08-2017 PM2.5 |   2.68 |   2.65 |   2.84 |   2.46 |B I 
06:09-Mon-May-08-2017 PM10  |   4.30 |   4.50 |   5.52 |   4.28 |B B 
06:09-Mon-May-08-2017 PM2.5 |   2.70 |   2.67 |   2.84 |   2.46 |B B 
06:10-Mon-May-08-2017Timeout Event handler
06:10-Mon-May-08-2017recover dati per host :92.223.147.77/nodered
06:10-Mon-May-08-2017 PM10  |   4.18 |   4.42 |   5.52 |   4.28 |B I 
06:10-Mon-May-08-2017 PM2.5 |   2.57 |   2.64 |   2.84 |   2.46 |B I 
06:14-Mon-May-08-2017 PM10  |   4.35 |   4.40 |   5.52 |   4.28 |B B 
06:14-Mon-May-08-2017 PM2.5 |   2.69 |   2.65 |   2.84 |   2.46 |B B 
06:15-Mon-May-08-2017Timeout Event handler
06:15-Mon-May-08-2017 PM10  |   3.78 |   4.30 |   5.52 |   4.28 |B B 
06:15-Mon-May-08-2017 PM2.5 |   2.55 |   2.64 |   2.84 |   2.46 |B B 
06:18-Mon-May-08-2017 PM10  |   5.98 |   4.54 |   5.52 |   4.28 |B B 
06:18-Mon-May-08-2017 PM2.5 |   2.80 |   2.66 |   2.84 |   2.46 |B B 
06:19-Mon-May-08-2017 PM10  |   3.03 |   4.35 |   5.52 |   4.28 |B B 
06:19-Mon-May-08-2017 PM2.5 |   2.40 |   2.63 |   2.84 |   2.46 |B B 
06:23-Mon-May-08-2017Timeout Event handler
06:23-Mon-May-08-2017 PM10  |   3.73 |   4.28 |   5.52 |   4.28 |B B 
06:23-Mon-May-08-2017 PM2.5 |   2.74 |   2.64 |   2.84 |   2.46 |B B 
06:24-Mon-May-08-2017 PM10  |   3.61 |   4.21 |   5.52 |   4.28 |B B 
06:24-Mon-May-08-2017 PM2.5 |   2.62 |   2.64 |   2.84 |   2.46 |B B 
06:28-Mon-May-08-2017recover dati per host :salvatorehost.no-ip.org/aria
06:28-Mon-May-08-2017recover dati per host :92.223.147.77/nodered
06:28-Mon-May-08-2017 PM10  |   3.64 |   4.16 |   5.52 |   4.28 |I I 
06:28-Mon-May-08-2017 PM2.5 |   2.56 |   2.63 |   2.84 |   2.46 |I I 
06:29-Mon-May-08-2017 PM10  |   3.61 |   4.12 |   5.52 |   4.28 |I I 
06:29-Mon-May-08-2017 PM2.5 |   2.42 |   2.61 |   2.84 |   2.46 |I I 
06:33-Mon-May-08-2017 PM10  |   3.50 |   4.07 |   5.52 |   4.28 |I I 
06:33-Mon-May-08-2017 PM2.5 |   2.61 |   2.61 |   2.84 |   2.46 |I I 
06:35-Mon-May-08-2017 PM10  |   3.87 |   4.06 |   5.52 |   4.28 |B I 
06:35-Mon-May-08-2017 PM2.5 |   2.56 |   2.61 |   2.84 |   2.46 |B I 
06:39-Mon-May-08-2017recover dati per host :salvatorehost.no-ip.org/aria
06:39-Mon-May-08-2017 PM10  |   4.24 |   4.07 |   5.52 |   4.28 |I I 
06:39-Mon-May-08-2017 PM2.5 |   2.70 |   2.61 |   2.84 |   2.46 |I I 
06:40-Mon-May-08-2017 PM10  |   3.73 |   4.05 |   5.52 |   4.28 |I I 
06:40-Mon-May-08-2017 PM2.5 |   2.47 |   2.61 |   2.84 |   2.46 |I I 
06:44-Mon-May-08-2017 PM10  |   4.42 |   4.07 |   5.52 |   4.28 |B B 
06:44-Mon-May-08-2017 PM2.5 |   2.62 |   2.61 |   2.84 |   2.46 |B B 
06:45-Mon-May-08-2017recover dati per host :salvatorehost.no-ip.org/aria
06:45-Mon-May-08-2017 PM10  |   3.74 |   4.05 |   5.52 |   4.28 |I B 
06:45-Mon-May-08-2017 PM2.5 |   2.53 |   2.60 |   2.84 |   2.46 |I B 
06:49-Mon-May-08-2017recover dati per host :92.223.147.77/nodered
06:49-Mon-May-08-2017 PM10  |   3.47 |   4.02 |   5.52 |   4.28 |I I 
06:49-Mon-May-08-2017 PM2.5 |   2.69 |   2.61 |   2.84 |   2.46 |I I 
06:50-Mon-May-08-2017 PM10  |   5.78 |   4.11 |   5.52 |   4.28 |I I 
06:50-Mon-May-08-2017 PM2.5 |   2.66 |   2.61 |   2.84 |   2.46 |I I 
06:54-Mon-May-08-2017 PM10  |   7.40 |   4.26 |   5.52 |   4.28 |I I 
06:54-Mon-May-08-2017 PM2.5 |   2.74 |   2.62 |   2.84 |   2.46 |I I 
06:55-Mon-May-08-2017 PM10  |   7.68 |   4.42 |   5.52 |   4.28 |I I 
06:55-Mon-May-08-2017 PM2.5 |   2.66 |   2.62 |   2.84 |   2.46 |I I 
06:59-Mon-May-08-2017 PM10  |   6.12 |   4.49 |   5.52 |   4.28 |I I 
06:59-Mon-May-08-2017 PM2.5 |   2.94 |   2.63 |   2.84 |   2.46 |I I 
07:00-Mon-May-08-2017 PM10  |   5.67 |   4.54 |   5.52 |   4.28 |I I 
07:00-Mon-May-08-2017 PM2.5 |   2.63 |   2.63 |   2.84 |   2.46 |I I 
07:04-Mon-May-08-2017 PM10  |   8.46 |   8.46 |   5.52 |   4.28 |I I 
07:04-Mon-May-08-2017 PM2.5 |   2.80 |   2.80 |   2.84 |   2.46 |I I 
07:08-Mon-May-08-2017Timeout Event handler
07:08-Mon-May-08-2017 PM10  |   7.45 |   7.96 |   5.52 |   4.28 |B I 
07:08-Mon-May-08-2017 PM2.5 |   3.25 |   3.03 |   2.84 |   2.46 |B I 
07:09-Mon-May-08-2017Timeout Event handler
07:09-Mon-May-08-2017 PM10  |   8.26 |   8.06 |   5.52 |   4.28 |B B 
07:09-Mon-May-08-2017 PM2.5 |   2.92 |   2.99 |   2.84 |   2.46 |B B 
07:13-Mon-May-08-2017recover dati per host :salvatorehost.no-ip.org/aria
07:13-Mon-May-08-2017recover dati per host :92.223.147.77/nodered
07:13-Mon-May-08-2017 PM10  |   8.62 |   8.20 |   5.52 |   4.28 |I I 
07:13-Mon-May-08-2017 PM2.5 |   3.11 |   3.02 |   2.84 |   2.46 |I I 
07:14-Mon-May-08-2017 PM10  |   6.01 |   7.76 |   5.52 |   4.28 |I I 
07:14-Mon-May-08-2017 PM2.5 |   3.08 |   3.03 |   2.84 |   2.46 |I I 
07:18-Mon-May-08-2017 PM10  |   7.50 |   7.72 |   5.52 |   4.28 |I I 
07:18-Mon-May-08-2017 PM2.5 |   3.24 |   3.07 |   2.84 |   2.46 |I I 
07:19-Mon-May-08-2017 PM10  |   7.55 |   7.69 |   5.52 |   4.28 |I I 
07:19-Mon-May-08-2017 PM2.5 |   3.22 |   3.09 |   2.84 |   2.46 |I I 
07:23-Mon-May-08-2017 PM10  |   7.77 |   7.70 |   5.52 |   4.28 |I I 
07:23-Mon-May-08-2017 PM2.5 |   3.64 |   3.16 |   2.84 |   2.46 |I I 
07:24-Mon-May-08-2017 PM10  |   6.19 |   7.54 |   5.52 |   4.28 |I I 
07:24-Mon-May-08-2017 PM2.5 |   3.04 |   3.14 |   2.84 |   2.46 |I I 
07:28-Mon-May-08-2017 PM10  |   4.95 |   7.28 |   5.52 |   4.28 |I I 
07:28-Mon-May-08-2017 PM2.5 |   2.87 |   3.12 |   2.84 |   2.46 |I I 
07:29-Mon-May-08-2017 PM10  |   6.89 |   7.24 |   5.52 |   4.28 |I I 
07:29-Mon-May-08-2017 PM2.5 |   3.08 |   3.11 |   2.84 |   2.46 |I I 
07:34-Mon-May-08-2017 PM10  |   6.04 |   7.14 |   5.52 |   4.28 |I I 
07:34-Mon-May-08-2017 PM2.5 |   2.80 |   3.09 |   2.84 |   2.46 |I I 
07:35-Mon-May-08-2017 PM10  |   6.31 |   7.08 |   5.52 |   4.28 |I I 
07:35-Mon-May-08-2017 PM2.5 |   2.82 |   3.07 |   2.84 |   2.46 |I I 
07:39-Mon-May-08-2017 PM10  |   6.39 |   7.03 |   5.52 |   4.28 |I I 
07:39-Mon-May-08-2017 PM2.5 |   2.84 |   3.05 |   2.84 |   2.46 |I I 
07:40-Mon-May-08-2017 PM10  |   6.29 |   6.98 |   5.52 |   4.28 |B B 
07:40-Mon-May-08-2017 PM2.5 |   2.74 |   3.03 |   2.84 |   2.46 |B B 
07:44-Mon-May-08-2017recover dati per host :salvatorehost.no-ip.org/aria
07:44-Mon-May-08-2017recover dati per host :92.223.147.77/nodered
07:44-Mon-May-08-2017 PM10  |   6.78 |   6.97 |   5.52 |   4.28 |I I 
07:44-Mon-May-08-2017 PM2.5 |   2.76 |   3.01 |   2.84 |   2.46 |I I 
07:45-Mon-May-08-2017 PM10  |   5.12 |   6.86 |   5.52 |   4.28 |I I 
07:45-Mon-May-08-2017 PM2.5 |   3.00 |   3.01 |   2.84 |   2.46 |I I 
07:49-Mon-May-08-2017 PM10  |   5.94 |   6.81 |   5.52 |   4.28 |I I 
07:49-Mon-May-08-2017 PM2.5 |   2.95 |   3.01 |   2.84 |   2.46 |I I 
07:50-Mon-May-08-2017 PM10  |   5.24 |   6.73 |   5.52 |   4.28 |I I 
07:50-Mon-May-08-2017 PM2.5 |   2.50 |   2.98 |   2.84 |   2.46 |I I 
07:54-Mon-May-08-2017 PM10  |   7.34 |   6.76 |   5.52 |   4.28 |I I 
07:54-Mon-May-08-2017 PM2.5 |   2.78 |   2.97 |   2.84 |   2.46 |I I 
07:55-Mon-May-08-2017 PM10  |   4.23 |   6.64 |   5.52 |   4.28 |I I 
07:55-Mon-May-08-2017 PM2.5 |   2.45 |   2.95 |   2.84 |   2.46 |I I 
07:59-Mon-May-08-2017 PM10  |   6.42 |   6.63 |   5.52 |   4.28 |I I 
07:59-Mon-May-08-2017 PM2.5 |   2.90 |   2.94 |   2.84 |   2.46 |I I 
08:00-Mon-May-08-2017 PM10  |   5.35 |   6.57 |   6.57 |   4.28 |I I 
08:00-Mon-May-08-2017 PM2.5 |   2.74 |   2.94 |   2.94 |   2.46 |I I 
08:04-Mon-May-08-2017 PM10  |   4.33 |   4.33 |   6.57 |   4.28 |B B 
08:04-Mon-May-08-2017 PM2.5 |   2.71 |   2.71 |   2.94 |   2.46 |B B 
08:05-Mon-May-08-2017recover dati per host :salvatorehost.no-ip.org/aria
08:05-Mon-May-08-2017recover dati per host :92.223.147.77/nodered
08:05-Mon-May-08-2017 PM10  |   5.88 |   5.10 |   6.57 |   4.28 |I I 
08:05-Mon-May-08-2017 PM2.5 |   2.77 |   2.74 |   2.94 |   2.46 |I I 
08:09-Mon-May-08-2017Timeout Event handler
08:09-Mon-May-08-2017 PM10  |   5.72 |   5.31 |   6.57 |   4.28 |B I 
08:09-Mon-May-08-2017 PM2.5 |   3.27 |   2.92 |   2.94 |   2.46 |B I 
08:13-Mon-May-08-2017recover dati per host :salvatorehost.no-ip.org/aria
08:13-Mon-May-08-2017 PM10  |   7.27 |   5.80 |   6.57 |   4.28 |I B 
08:13-Mon-May-08-2017 PM2.5 |   3.44 |   3.05 |   2.94 |   2.46 |I B 
08:14-Mon-May-08-2017recover dati per host :92.223.147.77/nodered
08:14-Mon-May-08-2017 PM10  |   7.01 |   6.04 |   6.57 |   4.28 |I I 
08:14-Mon-May-08-2017 PM2.5 |   3.04 |   3.05 |   2.94 |   2.46 |I I 
08:18-Mon-May-08-2017 PM10  |   5.66 |   5.98 |   6.57 |   4.28 |I I 
08:18-Mon-May-08-2017 PM2.5 |   3.21 |   3.07 |   2.94 |   2.46 |I I 
08:19-Mon-May-08-2017 PM10  |   7.04 |   6.13 |   6.57 |   4.28 |I I 
08:19-Mon-May-08-2017 PM2.5 |   2.94 |   3.06 |   2.94 |   2.46 |I I 
08:24-Mon-May-08-2017Timeout Event handler
08:24-Mon-May-08-2017 PM10  |   7.19 |   6.26 |   6.57 |   4.28 |B I 
08:24-Mon-May-08-2017 PM2.5 |   3.11 |   3.06 |   2.94 |   2.46 |B I 
08:25-Mon-May-08-2017recover dati per host :salvatorehost.no-ip.org/aria
08:25-Mon-May-08-2017 PM10  |   6.18 |   6.25 |   6.57 |   4.28 |I I 
08:25-Mon-May-08-2017 PM2.5 |   3.11 |   3.07 |   2.94 |   2.46 |I I 
08:29-Mon-May-08-2017 PM10  |   7.99 |   6.43 |   6.57 |   4.28 |I I 
08:29-Mon-May-08-2017 PM2.5 |   3.21 |   3.08 |   2.94 |   2.46 |I I 
08:30-Mon-May-08-2017 PM10  |   3.97 |   6.20 |   6.57 |   4.28 |I I 
08:30-Mon-May-08-2017 PM2.5 |   2.98 |   3.07 |   2.94 |   2.46 |I I 
08:34-Mon-May-08-2017 PM10  |   6.78 |   6.25 |   6.57 |   4.28 |I I 
08:34-Mon-May-08-2017 PM2.5 |   3.37 |   3.10 |   2.94 |   2.46 |I I 
08:35-Mon-May-08-2017Timeout Event handler
08:35-Mon-May-08-2017 PM10  |   6.79 |   6.29 |   6.57 |   4.28 |B I 
08:35-Mon-May-08-2017 PM2.5 |   3.37 |   3.12 |   2.94 |   2.46 |B I 
08:39-Mon-May-08-2017recover dati per host :salvatorehost.no-ip.org/aria
08:39-Mon-May-08-2017 PM10  |   6.89 |   6.34 |   6.57 |   4.28 |I I 
08:39-Mon-May-08-2017 PM2.5 |   3.49 |   3.14 |   2.94 |   2.46 |I I 
08:40-Mon-May-08-2017Timeout Event handler
08:40-Mon-May-08-2017 PM10  |   5.42 |   6.28 |   6.57 |   4.28 |B B 
08:40-Mon-May-08-2017 PM2.5 |   2.98 |   3.13 |   2.94 |   2.46 |B B 
08:44-Mon-May-08-2017 PM10  |   6.86 |   6.31 |   6.57 |   4.28 |B B 
08:44-Mon-May-08-2017 PM2.5 |   3.07 |   3.13 |   2.94 |   2.46 |B B 
08:45-Mon-May-08-2017recover dati per host :salvatorehost.no-ip.org/aria
08:45-Mon-May-08-2017recover dati per host :92.223.147.77/nodered
08:45-Mon-May-08-2017 PM10  |   5.64 |   6.27 |   6.57 |   4.28 |I I 
08:45-Mon-May-08-2017 PM2.5 |   3.07 |   3.13 |   2.94 |   2.46 |I I 
08:48-Mon-May-08-2017 PM10  |   5.80 |   6.25 |   6.57 |   4.28 |I I 
08:48-Mon-May-08-2017 PM2.5 |   3.03 |   3.12 |   2.94 |   2.46 |I I 
08:49-Mon-May-08-2017 PM10  |   5.34 |   6.20 |   6.57 |   4.28 |B B 
08:49-Mon-May-08-2017 PM2.5 |   3.08 |   3.12 |   2.94 |   2.46 |B B 
08:53-Mon-May-08-2017recover dati per host :salvatorehost.no-ip.org/aria
08:53-Mon-May-08-2017recover dati per host :92.223.147.77/nodered
08:53-Mon-May-08-2017 PM10  |   5.74 |   6.18 |   6.57 |   4.28 |I I 
08:53-Mon-May-08-2017 PM2.5 |   3.28 |   3.13 |   2.94 |   2.46 |I I 
08:54-Mon-May-08-2017 PM10  |   5.50 |   6.14 |   6.57 |   4.28 |B B 
08:54-Mon-May-08-2017 PM2.5 |   3.11 |   3.13 |   2.94 |   2.46 |B B 
08:58-Mon-May-08-2017recover dati per host :salvatorehost.no-ip.org/aria
08:58-Mon-May-08-2017recover dati per host :92.223.147.77/nodered
08:58-Mon-May-08-2017 PM10  |   6.90 |   6.18 |   6.57 |   4.28 |I I 
08:58-Mon-May-08-2017 PM2.5 |   3.47 |   3.14 |   2.94 |   2.46 |I I 
08:59-Mon-May-08-2017 PM10  |   5.69 |   6.16 |   6.57 |   4.28 |I I 
08:59-Mon-May-08-2017 PM2.5 |   3.27 |   3.15 |   2.94 |   2.46 |I I 
09:03-Mon-May-08-2017 PM10  |   5.53 |   6.13 |   6.57 |   4.28 |I I 
09:03-Mon-May-08-2017 PM2.5 |   3.41 |   3.16 |   3.16 |   2.46 |I I 
09:04-Mon-May-08-2017 PM10  |   4.75 |   4.75 |   6.57 |   4.28 |I I 
09:04-Mon-May-08-2017 PM2.5 |   2.97 |   2.97 |   3.16 |   2.46 |I I 
09:08-Mon-May-08-2017 PM10  |   5.26 |   5.00 |   6.57 |   4.28 |I I 
09:08-Mon-May-08-2017 PM2.5 |   3.15 |   3.06 |   3.16 |   2.46 |I I 
09:10-Mon-May-08-2017 PM10  |   5.78 |   5.26 |   6.57 |   4.28 |I I 
09:10-Mon-May-08-2017 PM2.5 |   2.99 |   3.03 |   3.16 |   2.46 |I I 
09:14-Mon-May-08-2017 PM10  |   6.31 |   5.53 |   6.57 |   4.28 |I I 
09:14-Mon-May-08-2017 PM2.5 |   3.10 |   3.05 |   3.16 |   2.46 |I I 
09:15-Mon-May-08-2017 PM10  |   5.71 |   5.56 |   6.57 |   4.28 |B B 
09:15-Mon-May-08-2017 PM2.5 |   2.81 |   3.00 |   3.16 |   2.46 |B B 
09:19-Mon-May-08-2017recover dati per host :salvatorehost.no-ip.org/aria
09:19-Mon-May-08-2017recover dati per host :92.223.147.77/nodered
09:19-Mon-May-08-2017 PM10  |   9.76 |   6.26 |   6.57 |   4.28 |I I 
09:19-Mon-May-08-2017 PM2.5 |   3.44 |   3.07 |   3.16 |   2.46 |I I 
09:20-Mon-May-08-2017 PM10  |   4.43 |   6.00 |   6.57 |   4.28 |I I 
09:20-Mon-May-08-2017 PM2.5 |   2.59 |   3.00 |   3.16 |   2.46 |I I 
09:24-Mon-May-08-2017 PM10  |   6.05 |   6.01 |   6.57 |   4.28 |I I 
09:24-Mon-May-08-2017 PM2.5 |   3.21 |   3.03 |   3.16 |   2.46 |I I 
09:25-Mon-May-08-2017 PM10  |   4.62 |   5.85 |   6.57 |   4.28 |I I 
09:25-Mon-May-08-2017 PM2.5 |   2.92 |   3.02 |   3.16 |   2.46 |I I 
09:29-Mon-May-08-2017 PM10  |   4.66 |   5.73 |   6.57 |   4.28 |I I 
09:29-Mon-May-08-2017 PM2.5 |   2.91 |   3.01 |   3.16 |   2.46 |I I 
09:30-Mon-May-08-2017 PM10  |   4.82 |   5.65 |   6.57 |   4.28 |I I 
09:30-Mon-May-08-2017 PM2.5 |   2.96 |   3.00 |   3.16 |   2.46 |I I 
09:34-Mon-May-08-2017 PM10  |   5.69 |   5.65 |   6.57 |   4.28 |I I 
09:34-Mon-May-08-2017 PM2.5 |   3.01 |   3.00 |   3.16 |   2.46 |I I 
09:35-Mon-May-08-2017 PM10  |   5.23 |   5.62 |   6.57 |   4.28 |I I 
09:35-Mon-May-08-2017 PM2.5 |   3.01 |   3.00 |   3.16 |   2.46 |I I 
09:39-Mon-May-08-2017 PM10  |   6.40 |   5.68 |   6.57 |   4.28 |B I 
09:39-Mon-May-08-2017 PM2.5 |   3.16 |   3.01 |   3.16 |   2.46 |B I 
09:40-Mon-May-08-2017recover dati per host :salvatorehost.no-ip.org/aria
09:40-Mon-May-08-2017 PM10  |   5.19 |   5.64 |   6.57 |   4.28 |I I 
09:40-Mon-May-08-2017 PM2.5 |   2.97 |   3.01 |   3.16 |   2.46 |I I 
09:44-Mon-May-08-2017 PM10  |   6.11 |   5.67 |   6.57 |   4.28 |I I 
09:44-Mon-May-08-2017 PM2.5 |   3.10 |   3.02 |   3.16 |   2.46 |I I 
09:45-Mon-May-08-2017 PM10  |   4.69 |   5.62 |   6.57 |   4.28 |I I 
09:45-Mon-May-08-2017 PM2.5 |   3.16 |   3.03 |   3.16 |   2.46 |I I 
09:49-Mon-May-08-2017 PM10  |   4.65 |   5.56 |   6.57 |   4.28 |I I 
09:49-Mon-May-08-2017 PM2.5 |   2.87 |   3.02 |   3.16 |   2.46 |I I 
09:53-Mon-May-08-2017 PM10  |   5.31 |   5.55 |   6.57 |   4.28 |I I 
09:53-Mon-May-08-2017 PM2.5 |   2.81 |   3.01 |   3.16 |   2.46 |I I 
09:54-Mon-May-08-2017 PM10  |   5.98 |   5.57 |   6.57 |   4.28 |I I 
09:54-Mon-May-08-2017 PM2.5 |   3.00 |   3.01 |   3.16 |   2.46 |I I 
09:58-Mon-May-08-2017 PM10  |   4.91 |   5.54 |   6.57 |   4.28 |I I 
09:58-Mon-May-08-2017 PM2.5 |   2.80 |   3.00 |   3.16 |   2.46 |I I 
09:59-Mon-May-08-2017 PM10  |   6.95 |   5.60 |   6.57 |   4.28 |I I 
09:59-Mon-May-08-2017 PM2.5 |   3.10 |   3.00 |   3.16 |   2.46 |I I 
10:03-Mon-May-08-2017 PM10  |   6.62 |   5.65 |   6.57 |   4.28 |I B 
10:03-Mon-May-08-2017 PM2.5 |   3.52 |   3.02 |   3.16 |   2.46 |I B 
10:04-Mon-May-08-2017recover dati per host :92.223.147.77/nodered
10:04-Mon-May-08-2017 PM10  |   6.74 |   6.74 |   6.57 |   4.28 |I I 
10:04-Mon-May-08-2017 PM2.5 |   2.77 |   2.77 |   3.16 |   2.46 |I I 
10:09-Mon-May-08-2017 PM10  |   6.78 |   6.76 |   6.57 |   4.28 |I I 
10:09-Mon-May-08-2017 PM2.5 |   2.90 |   2.84 |   3.16 |   2.46 |I I 
10:10-Mon-May-08-2017 PM10  |   5.43 |   6.32 |   6.57 |   4.28 |I I 
10:10-Mon-May-08-2017 PM2.5 |   2.90 |   2.86 |   3.16 |   2.46 |I I 
10:14-Mon-May-08-2017 PM10  |   4.28 |   5.81 |   6.57 |   4.28 |I I 
10:14-Mon-May-08-2017 PM2.5 |   2.99 |   2.89 |   3.16 |   2.46 |I I 
10:15-Mon-May-08-2017 PM10  |   5.06 |   5.66 |   6.57 |   4.28 |I B 
10:15-Mon-May-08-2017 PM2.5 |   2.92 |   2.90 |   3.16 |   2.46 |I B 
10:19-Mon-May-08-2017recover dati per host :92.223.147.77/nodered
10:19-Mon-May-08-2017 PM10  |   4.30 |   5.43 |   6.57 |   4.28 |I I 
10:19-Mon-May-08-2017 PM2.5 |   2.84 |   2.89 |   3.16 |   2.46 |I I 
10:20-Mon-May-08-2017 PM10  |   7.31 |   5.70 |   6.57 |   4.28 |B B 
10:20-Mon-May-08-2017 PM2.5 |   3.19 |   2.93 |   3.16 |   2.46 |B B 
10:24-Mon-May-08-2017recover dati per host :salvatorehost.no-ip.org/aria
10:24-Mon-May-08-2017recover dati per host :92.223.147.77/nodered
10:24-Mon-May-08-2017 PM10  |   7.34 |   5.91 |   6.57 |   4.28 |I I 
10:24-Mon-May-08-2017 PM2.5 |   3.27 |   2.97 |   3.16 |   2.46 |I I 
10:25-Mon-May-08-2017 PM10  |   5.68 |   5.88 |   6.57 |   4.28 |B B 
10:25-Mon-May-08-2017 PM2.5 |   3.42 |   3.02 |   3.16 |   2.46 |B B 
10:29-Mon-May-08-2017recover dati per host :salvatorehost.no-ip.org/aria
10:29-Mon-May-08-2017recover dati per host :92.223.147.77/nodered
10:29-Mon-May-08-2017 PM10  |   6.26 |   5.92 |   6.57 |   4.28 |I I 
10:29-Mon-May-08-2017 PM2.5 |   3.19 |   3.04 |   3.16 |   2.46 |I I 
10:30-Mon-May-08-2017 PM10  |   4.20 |   5.76 |   6.57 |   4.28 |I I 
10:30-Mon-May-08-2017 PM2.5 |   2.91 |   3.03 |   3.16 |   2.46 |I I 
10:34-Mon-May-08-2017 PM10  |   5.01 |   5.70 |   6.57 |   4.28 |I I 
10:34-Mon-May-08-2017 PM2.5 |   3.40 |   3.06 |   3.16 |   2.46 |I I 
10:35-Mon-May-08-2017 PM10  |   4.09 |   5.57 |   6.57 |   4.28 |I I 
10:35-Mon-May-08-2017 PM2.5 |   2.85 |   3.04 |   3.16 |   2.46 |I I 
10:39-Mon-May-08-2017 PM10  |   7.70 |   5.73 |   6.57 |   4.28 |I I 
10:39-Mon-May-08-2017 PM2.5 |   3.86 |   3.10 |   3.16 |   2.46 |I I 
10:40-Mon-May-08-2017 PM10  |   4.77 |   5.66 |   6.57 |   4.28 |I I 
10:40-Mon-May-08-2017 PM2.5 |   2.82 |   3.08 |   3.16 |   2.46 |I I 
10:44-Mon-May-08-2017 PM10  |   5.52 |   5.65 |   6.57 |   4.28 |B I 
10:44-Mon-May-08-2017 PM2.5 |   3.02 |   3.08 |   3.16 |   2.46 |B I 
10:48-Mon-May-08-2017recover dati per host :salvatorehost.no-ip.org/aria
10:48-Mon-May-08-2017 PM10  |   5.13 |   5.62 |   6.57 |   4.28 |I I 
10:48-Mon-May-08-2017 PM2.5 |   3.00 |   3.07 |   3.16 |   2.46 |I I 
10:50-Mon-May-08-2017 PM10  |   5.56 |   5.62 |   6.57 |   4.28 |I I 
10:50-Mon-May-08-2017 PM2.5 |   2.95 |   3.07 |   3.16 |   2.46 |I I 
10:54-Mon-May-08-2017Timeout Event handler
10:54-Mon-May-08-2017 PM10  |   5.52 |   5.61 |   6.57 |   4.28 |B B 
10:54-Mon-May-08-2017 PM2.5 |   3.02 |   3.06 |   3.16 |   2.46 |B B 
10:55-Mon-May-08-2017recover dati per host :salvatorehost.no-ip.org/aria
10:55-Mon-May-08-2017recover dati per host :92.223.147.77/nodered
10:55-Mon-May-08-2017 PM10  |   4.33 |   5.55 |   6.57 |   4.28 |I I 
10:55-Mon-May-08-2017 PM2.5 |   2.99 |   3.06 |   3.16 |   2.46 |I I 
10:59-Mon-May-08-2017Timeout Event handler
10:59-Mon-May-08-2017 PM10  |   3.92 |   5.47 |   6.57 |   4.28 |B I 
10:59-Mon-May-08-2017 PM2.5 |   2.95 |   3.06 |   3.16 |   2.46 |B I 
11:00-Mon-May-08-2017recover dati per host :salvatorehost.no-ip.org/aria
11:00-Mon-May-08-2017 PM10  |   5.93 |   5.49 |   6.57 |   4.28 |I I 
11:00-Mon-May-08-2017 PM2.5 |   2.82 |   3.04 |   3.16 |   2.46 |I I 
11:04-Mon-May-08-2017 PM10  |   6.25 |   6.25 |   6.57 |   4.28 |I I 
11:04-Mon-May-08-2017 PM2.5 |   2.78 |   2.78 |   3.16 |   2.46 |I I 
11:05-Mon-May-08-2017 PM10  |   6.03 |   6.14 |   6.57 |   4.28 |I I 
11:05-Mon-May-08-2017 PM2.5 |   2.98 |   2.88 |   3.16 |   2.46 |I I 
11:09-Mon-May-08-2017 PM10  |   5.62 |   5.97 |   6.57 |   4.28 |I I 
11:09-Mon-May-08-2017 PM2.5 |   2.87 |   2.88 |   3.16 |   2.46 |I I 
11:10-Mon-May-08-2017 PM10  |   5.75 |   5.91 |   6.57 |   4.28 |I I 
11:10-Mon-May-08-2017 PM2.5 |   2.82 |   2.86 |   3.16 |   2.46 |I I 
11:14-Mon-May-08-2017 PM10  |   4.58 |   5.65 |   6.57 |   4.28 |I I 
11:14-Mon-May-08-2017 PM2.5 |   2.73 |   2.83 |   3.16 |   2.46 |I I 
11:15-Mon-May-08-2017 PM10  |   5.23 |   5.58 |   6.57 |   4.28 |I B 
11:15-Mon-May-08-2017 PM2.5 |   2.84 |   2.84 |   3.16 |   2.46 |I B 
11:19-Mon-May-08-2017recover dati per host :92.223.147.77/nodered
11:19-Mon-May-08-2017 PM10  |   4.01 |   5.35 |   6.57 |   4.28 |I I 
11:19-Mon-May-08-2017 PM2.5 |   2.96 |   2.85 |   3.16 |   2.46 |I I 
11:23-Mon-May-08-2017Timeout Event handler
11:23-Mon-May-08-2017 PM10  |   7.58 |   5.63 |   6.57 |   4.28 |B B 
11:23-Mon-May-08-2017 PM2.5 |   4.71 |   3.09 |   3.16 |   2.46 |B B 
11:25-Mon-May-08-2017recover dati per host :salvatorehost.no-ip.org/aria
11:25-Mon-May-08-2017recover dati per host :92.223.147.77/nodered
11:25-Mon-May-08-2017 PM10  |  10.93 |   6.22 |   6.57 |   4.28 |I I 
11:25-Mon-May-08-2017 PM2.5 |   5.63 |   3.37 |   3.16 |   2.46 |I I 
11:29-Mon-May-08-2017 PM10  |   9.87 |   6.58 |   6.57 |   4.28 |I I 
11:29-Mon-May-08-2017 PM2.5 |   6.19 |   3.65 |   3.16 |   2.46 |I I 
11:30-Mon-May-08-2017 PM10  |  16.07 |   7.45 |   6.57 |   4.28 |B B 
11:30-Mon-May-08-2017 PM2.5 |   6.60 |   3.92 |   3.16 |   2.46 |B B 
11:34-Mon-May-08-2017recover dati per host :salvatorehost.no-ip.org/aria
11:34-Mon-May-08-2017recover dati per host :92.223.147.77/nodered
11:34-Mon-May-08-2017 PM10  |  12.77 |   7.89 |   6.57 |   4.28 |I I 
11:34-Mon-May-08-2017 PM2.5 |   6.91 |   4.17 |   3.16 |   2.46 |I I 
11:35-Mon-May-08-2017 PM10  |  13.44 |   8.32 |   6.57 |   4.28 |I I 
11:35-Mon-May-08-2017 PM2.5 |   6.71 |   4.36 |   3.16 |   2.46 |I I 
11:39-Mon-May-08-2017 PM10  |  11.88 |   8.57 |   6.57 |   4.28 |I I 
11:39-Mon-May-08-2017 PM2.5 |   7.19 |   4.57 |   3.16 |   2.46 |I I 
11:40-Mon-May-08-2017 PM10  |  10.12 |   8.68 |   6.57 |   4.28 |I I 
11:40-Mon-May-08-2017 PM2.5 |   6.19 |   4.67 |   3.16 |   2.46 |I I 
11:44-Mon-May-08-2017 PM10  |  10.33 |   8.78 |   6.57 |   4.28 |B B 
11:44-Mon-May-08-2017 PM2.5 |   6.45 |   4.78 |   3.16 |   2.46 |B B 
11:45-Mon-May-08-2017recover dati per host :salvatorehost.no-ip.org/aria
11:45-Mon-May-08-2017recover dati per host :92.223.147.77/nodered
11:45-Mon-May-08-2017 PM10  |  10.97 |   8.91 |   6.57 |   4.28 |I I 
11:45-Mon-May-08-2017 PM2.5 |   6.26 |   4.87 |   3.16 |   2.46 |I I 
11:49-Mon-May-08-2017 PM10  |  11.03 |   9.03 |   6.57 |   4.28 |I I 
11:49-Mon-May-08-2017 PM2.5 |   6.38 |   4.96 |   3.16 |   2.46 |I I 
11:50-Mon-May-08-2017 PM10  |  14.27 |   9.30 |   6.57 |   4.28 |I I 
11:50-Mon-May-08-2017 PM2.5 |   6.45 |   5.03 |   3.16 |   2.46 |I I 
11:54-Mon-May-08-2017 PM10  |  12.20 |   9.45 |   6.57 |   4.28 |B B 
11:54-Mon-May-08-2017 PM2.5 |   6.44 |   5.10 |   3.16 |   2.46 |B B 
11:55-Mon-May-08-2017Timeout Event handler
11:55-Mon-May-08-2017 PM10  |   9.54 |   9.45 |   6.57 |   4.28 |B B 
11:55-Mon-May-08-2017 PM2.5 |   5.72 |   5.13 |   3.16 |   2.46 |B B 
11:59-Mon-May-08-2017recover dati per host :salvatorehost.no-ip.org/aria
11:59-Mon-May-08-2017recover dati per host :92.223.147.77/nodered
11:59-Mon-May-08-2017 PM10  |  11.31 |   9.54 |   6.57 |   4.28 |I I 
11:59-Mon-May-08-2017 PM2.5 |   6.15 |   5.18 |   3.16 |   2.46 |I I 
12:00-Mon-May-08-2017 PM10  |  12.90 |   9.68 |   9.68 |   4.28 |I I 
12:00-Mon-May-08-2017 PM2.5 |   6.01 |   5.22 |   5.22 |   2.46 |I I 
12:04-Mon-May-08-2017 PM10  |  10.34 |  10.34 |   9.68 |   4.28 |I I 
12:04-Mon-May-08-2017 PM2.5 |   6.06 |   6.06 |   5.22 |   2.46 |I I 
12:05-Mon-May-08-2017 PM10  |  11.04 |  10.69 |   9.68 |   4.28 |B B 
12:05-Mon-May-08-2017 PM2.5 |   6.11 |   6.08 |   5.22 |   2.46 |B B 
12:08-Mon-May-08-2017recover dati per host :salvatorehost.no-ip.org/aria
12:08-Mon-May-08-2017recover dati per host :92.223.147.77/nodered
12:08-Mon-May-08-2017 PM10  |  11.66 |  11.02 |   9.68 |   4.28 |I I 
12:08-Mon-May-08-2017 PM2.5 |   6.33 |   6.17 |   5.22 |   2.46 |I I 
12:09-Mon-May-08-2017 PM10  |  10.20 |  10.81 |   9.68 |   4.28 |I I 
12:09-Mon-May-08-2017 PM2.5 |   5.91 |   6.10 |   5.22 |   2.46 |I I 
12:13-Mon-May-08-2017 PM10  |  11.56 |  10.96 |   9.68 |   4.28 |B B 
12:13-Mon-May-08-2017 PM2.5 |   5.72 |   6.02 |   5.22 |   2.46 |B B 
12:15-Mon-May-08-2017recover dati per host :salvatorehost.no-ip.org/aria
12:15-Mon-May-08-2017recover dati per host :92.223.147.77/nodered
12:15-Mon-May-08-2017 PM10  |   9.38 |  10.70 |   9.68 |   4.28 |I I 
12:15-Mon-May-08-2017 PM2.5 |   5.91 |   6.01 |   5.22 |   2.46 |I I 
12:19-Mon-May-08-2017 PM10  |  11.89 |  10.87 |   9.68 |   4.28 |I I 
12:19-Mon-May-08-2017 PM2.5 |   5.73 |   5.97 |   5.22 |   2.46 |I I 
12:20-Mon-May-08-2017 PM10  |   8.57 |  10.58 |   9.68 |   4.28 |I I 
12:20-Mon-May-08-2017 PM2.5 |   5.54 |   5.91 |   5.22 |   2.46 |I I 
12:24-Mon-May-08-2017 PM10  |  10.72 |  10.60 |   9.68 |   4.28 |B I 
12:24-Mon-May-08-2017 PM2.5 |   5.83 |   5.90 |   5.22 |   2.46 |B I 
12:25-Mon-May-08-2017recover dati per host :salvatorehost.no-ip.org/aria
12:25-Mon-May-08-2017 PM10  |  13.03 |  10.84 |   9.68 |   4.28 |I I 
12:25-Mon-May-08-2017 PM2.5 |   5.96 |   5.91 |   5.22 |   2.46 |I I 
12:29-Mon-May-08-2017 PM10  |  11.12 |  10.87 |   9.68 |   4.28 |I I 
12:29-Mon-May-08-2017 PM2.5 |   5.94 |   5.91 |   5.22 |   2.46 |I I 
12:30-Mon-May-08-2017 PM10  |  10.45 |  10.83 |   9.68 |   4.28 |B B 
12:30-Mon-May-08-2017 PM2.5 |   5.44 |   5.87 |   5.22 |   2.46 |B B 
12:34-Mon-May-08-2017Timeout Event handler
12:34-Mon-May-08-2017 PM10  |  10.29 |  10.79 |   9.68 |   4.28 |B B 
12:34-Mon-May-08-2017 PM2.5 |   6.00 |   5.88 |   5.22 |   2.46 |B B 
12:35-Mon-May-08-2017 PM10  |  10.48 |  10.77 |   9.68 |   4.28 |B B 
12:35-Mon-May-08-2017 PM2.5 |   6.10 |   5.90 |   5.22 |   2.46 |B B 
12:39-Mon-May-08-2017recover dati per host :salvatorehost.no-ip.org/aria
12:39-Mon-May-08-2017recover dati per host :92.223.147.77/nodered
12:39-Mon-May-08-2017 PM10  |  10.31 |  10.74 |   9.68 |   4.28 |I I 
12:39-Mon-May-08-2017 PM2.5 |   6.60 |   5.94 |   5.22 |   2.46 |I I 
12:40-Mon-May-08-2017 PM10  |  11.89 |  10.81 |   9.68 |   4.28 |I I 
12:40-Mon-May-08-2017 PM2.5 |   7.63 |   6.05 |   5.22 |   2.46 |I I 
12:44-Mon-May-08-2017 PM10  |  13.19 |  10.95 |   9.68 |   4.28 |I B 
12:44-Mon-May-08-2017 PM2.5 |   8.13 |   6.17 |   5.22 |   2.46 |I B 
12:45-Mon-May-08-2017recover dati per host :92.223.147.77/nodered
12:45-Mon-May-08-2017 PM10  |  15.60 |  11.21 |   9.68 |   4.28 |I I 
12:45-Mon-May-08-2017 PM2.5 |   8.44 |   6.30 |   5.22 |   2.46 |I I 
12:49-Mon-May-08-2017Timeout Event handler
12:49-Mon-May-08-2017 PM10  |  15.92 |  11.46 |   9.68 |   4.28 |B I 
12:49-Mon-May-08-2017 PM2.5 |   9.01 |   6.44 |   5.22 |   2.46 |B I 
12:50-Mon-May-08-2017recover dati per host :salvatorehost.no-ip.org/aria
12:50-Mon-May-08-2017 PM10  |  14.51 |  11.61 |   9.68 |   4.28 |I I 
12:50-Mon-May-08-2017 PM2.5 |   8.70 |   6.55 |   5.22 |   2.46 |I I 
12:54-Mon-May-08-2017 PM10  |  14.12 |  11.73 |   9.68 |   4.28 |I I 
12:54-Mon-May-08-2017 PM2.5 |   9.38 |   6.69 |   5.22 |   2.46 |I I 
12:55-Mon-May-08-2017 PM10  |  15.45 |  11.90 |   9.68 |   4.28 |I I 
12:55-Mon-May-08-2017 PM2.5 |   8.86 |   6.79 |   5.22 |   2.46 |I I 
12:58-Mon-May-08-2017 PM10  |  14.15 |  12.00 |   9.68 |   4.28 |I I 
12:58-Mon-May-08-2017 PM2.5 |   9.06 |   6.88 |   5.22 |   2.46 |I I 
12:59-Mon-May-08-2017 PM10  |  16.04 |  12.16 |   9.68 |   4.28 |I I 
12:59-Mon-May-08-2017 PM2.5 |   9.08 |   6.98 |   5.22 |   2.46 |I I 
13:03-Mon-May-08-2017 PM10  |  15.18 |  12.28 |  12.28 |   4.28 |I I 
13:03-Mon-May-08-2017 PM2.5 |   9.09 |   7.06 |   7.06 |   2.46 |I I 
13:04-Mon-May-08-2017 PM10  |  15.61 |  15.61 |  12.28 |   4.28 |I I 
13:04-Mon-May-08-2017 PM2.5 |   8.98 |   8.98 |   7.06 |   2.46 |I I 
13:09-Mon-May-08-2017 PM10  |  15.46 |  15.54 |  12.28 |   4.28 |I I 
13:09-Mon-May-08-2017 PM2.5 |   9.11 |   9.05 |   7.06 |   2.46 |I I 
13:10-Mon-May-08-2017 PM10  |  15.03 |  15.37 |  12.28 |   4.28 |I I 
13:10-Mon-May-08-2017 PM2.5 |   8.43 |   8.84 |   7.06 |   2.46 |I I 
13:14-Mon-May-08-2017 PM10  |  17.11 |  15.80 |  12.28 |   4.28 |I I 
13:14-Mon-May-08-2017 PM2.5 |   9.26 |   8.95 |   7.06 |   2.46 |I I 
13:15-Mon-May-08-2017 PM10  |  13.73 |  15.39 |  12.28 |   4.28 |I I 
13:15-Mon-May-08-2017 PM2.5 |   8.39 |   8.83 |   7.06 |   2.46 |I I 
13:19-Mon-May-08-2017 PM10  |  14.75 |  15.28 |  12.28 |   4.28 |I I 
13:19-Mon-May-08-2017 PM2.5 |   8.63 |   8.80 |   7.06 |   2.46 |I I 
13:20-Mon-May-08-2017Timeout Event handler
13:20-Mon-May-08-2017 PM10  |  12.06 |  14.82 |  12.28 |   4.28 |B I 
13:20-Mon-May-08-2017 PM2.5 |   7.47 |   8.61 |   7.06 |   2.46 |B I 
13:24-Mon-May-08-2017recover dati per host :salvatorehost.no-ip.org/aria
13:24-Mon-May-08-2017 PM10  |  14.03 |  14.72 |  12.28 |   4.28 |I I 
13:24-Mon-May-08-2017 PM2.5 |   8.49 |   8.60 |   7.06 |   2.46 |I I 
13:25-Mon-May-08-2017 PM10  |  12.85 |  14.52 |  12.28 |   4.28 |I I 
13:25-Mon-May-08-2017 PM2.5 |   7.37 |   8.46 |   7.06 |   2.46 |I I 
13:29-Mon-May-08-2017Timeout Event handler
13:29-Mon-May-08-2017 PM10  |  16.03 |  14.67 |  12.28 |   4.28 |B I 
13:29-Mon-May-08-2017 PM2.5 |   8.84 |   8.50 |   7.06 |   2.46 |B I 
13:30-Mon-May-08-2017Timeout Event handler
13:30-Mon-May-08-2017 PM10  |  12.97 |  14.51 |  12.28 |   4.28 |B I 
13:30-Mon-May-08-2017 PM2.5 |   7.97 |   8.45 |   7.06 |   2.46 |B I 
13:34-Mon-May-08-2017 PM10  |  14.28 |  14.49 |  12.28 |   4.28 |B I 
13:34-Mon-May-08-2017 PM2.5 |   8.37 |   8.44 |   7.06 |   2.46 |B I 
13:35-Mon-May-08-2017recover dati per host :salvatorehost.no-ip.org/aria
13:35-Mon-May-08-2017 PM10  |  15.35 |  14.56 |  12.28 |   4.28 |I I 
13:35-Mon-May-08-2017 PM2.5 |   7.58 |   8.38 |   7.06 |   2.46 |I I 
13:39-Mon-May-08-2017Timeout Event handler
13:39-Mon-May-08-2017 PM10  |  12.84 |  14.44 |  12.28 |   4.28 |B B 
13:39-Mon-May-08-2017 PM2.5 |   8.03 |   8.35 |   7.06 |   2.46 |B B 
13:43-Mon-May-08-2017recover dati per host :salvatorehost.no-ip.org/aria
13:43-Mon-May-08-2017recover dati per host :92.223.147.77/nodered
13:43-Mon-May-08-2017 PM10  |  13.35 |  14.36 |  12.28 |   4.28 |I I 
13:43-Mon-May-08-2017 PM2.5 |   8.03 |   8.33 |   7.06 |   2.46 |I I 
13:45-Mon-May-08-2017 PM10  |  11.88 |  14.21 |  12.28 |   4.28 |I I 
13:45-Mon-May-08-2017 PM2.5 |   7.74 |   8.29 |   7.06 |   2.46 |I I 
13:49-Mon-May-08-2017 PM10  |  11.90 |  14.07 |  12.28 |   4.28 |I I 
13:49-Mon-May-08-2017 PM2.5 |   7.52 |   8.25 |   7.06 |   2.46 |I I 
13:50-Mon-May-08-2017 PM10  |  11.49 |  13.93 |  12.28 |   4.28 |I I 
13:50-Mon-May-08-2017 PM2.5 |   7.18 |   8.19 |   7.06 |   2.46 |I I 
13:54-Mon-May-08-2017 PM10  |  12.32 |  13.85 |  12.28 |   4.28 |B B 
13:54-Mon-May-08-2017 PM2.5 |   7.32 |   8.14 |   7.06 |   2.46 |B B 
13:55-Mon-May-08-2017recover dati per host :salvatorehost.no-ip.org/aria
13:55-Mon-May-08-2017recover dati per host :92.223.147.77/nodered
13:55-Mon-May-08-2017 PM10  |  12.83 |  13.79 |  12.28 |   4.28 |I I 
13:55-Mon-May-08-2017 PM2.5 |   6.79 |   8.07 |   7.06 |   2.46 |I I 
13:59-Mon-May-08-2017 PM10  |  11.56 |  13.69 |  12.28 |   4.28 |I I 
13:59-Mon-May-08-2017 PM2.5 |   6.96 |   8.02 |   7.06 |   2.46 |I I 
14:00-Mon-May-08-2017 PM10  |  11.23 |  13.58 |  13.58 |   4.28 |I I 
14:00-Mon-May-08-2017 PM2.5 |   7.01 |   7.98 |   7.98 |   2.46 |I I 
14:04-Mon-May-08-2017 PM10  |  10.98 |  10.98 |  13.58 |   4.28 |I I 
14:04-Mon-May-08-2017 PM2.5 |   7.23 |   7.23 |   7.98 |   2.46 |I I 
14:05-Mon-May-08-2017Timeout Event handler
14:05-Mon-May-08-2017 PM10  |  11.57 |  11.27 |  13.58 |   4.28 |B I 
14:05-Mon-May-08-2017 PM2.5 |   7.12 |   7.18 |   7.98 |   2.46 |B I 
14:09-Mon-May-08-2017recover dati per host :salvatorehost.no-ip.org/aria
14:09-Mon-May-08-2017 PM10  |  10.82 |  11.12 |  13.58 |   4.28 |I I 
14:09-Mon-May-08-2017 PM2.5 |   7.25 |   7.20 |   7.98 |   2.46 |I I 
14:10-Mon-May-08-2017 PM10  |  12.05 |  11.35 |  13.58 |   4.28 |I I 
14:10-Mon-May-08-2017 PM2.5 |   6.95 |   7.14 |   7.98 |   2.46 |I I 
14:14-Mon-May-08-2017Timeout Event handler
14:14-Mon-May-08-2017 PM10  |  12.30 |  11.54 |  13.58 |   4.28 |B I 
14:14-Mon-May-08-2017 PM2.5 |   7.33 |   7.18 |   7.98 |   2.46 |B I 
14:15-Mon-May-08-2017recover dati per host :salvatorehost.no-ip.org/aria
14:15-Mon-May-08-2017 PM10  |  10.09 |  11.30 |  13.58 |   4.28 |I I 
14:15-Mon-May-08-2017 PM2.5 |   6.58 |   7.08 |   7.98 |   2.46 |I I 
14:19-Mon-May-08-2017 PM10  |  13.30 |  11.59 |  13.58 |   4.28 |I I 
14:19-Mon-May-08-2017 PM2.5 |   7.76 |   7.18 |   7.98 |   2.46 |I I 
14:20-Mon-May-08-2017 PM10  |  12.11 |  11.65 |  13.58 |   4.28 |I I 
14:20-Mon-May-08-2017 PM2.5 |   6.83 |   7.13 |   7.98 |   2.46 |I I 
14:24-Mon-May-08-2017Timeout Event handler
14:24-Mon-May-08-2017 PM10  |  12.53 |  11.75 |  13.58 |   4.28 |B B 
14:24-Mon-May-08-2017 PM2.5 |   7.34 |   7.16 |   7.98 |   2.46 |B B 
14:25-Mon-May-08-2017recover dati per host :92.223.147.77/nodered
14:25-Mon-May-08-2017 PM10  |  10.52 |  11.63 |  13.58 |   4.28 |B I 
14:25-Mon-May-08-2017 PM2.5 |   6.70 |   7.11 |   7.98 |   2.46 |B I 
14:29-Mon-May-08-2017recover dati per host :salvatorehost.no-ip.org/aria
14:29-Mon-May-08-2017 PM10  |  11.66 |  11.63 |  13.58 |   4.28 |I I 
14:29-Mon-May-08-2017 PM2.5 |   7.17 |   7.11 |   7.98 |   2.46 |I I 
14:34-Mon-May-08-2017 PM10  |  12.04 |  11.66 |  13.58 |   4.28 |I I 
14:34-Mon-May-08-2017 PM2.5 |   7.26 |   7.13 |   7.98 |   2.46 |I I 
14:35-Mon-May-08-2017 PM10  |  10.53 |  11.58 |  13.58 |   4.28 |I I 
14:35-Mon-May-08-2017 PM2.5 |   6.79 |   7.10 |   7.98 |   2.46 |I I 
14:39-Mon-May-08-2017 PM10  |  11.19 |  11.55 |  13.58 |   4.28 |I I 
14:39-Mon-May-08-2017 PM2.5 |   7.12 |   7.10 |   7.98 |   2.46 |I I 
14:40-Mon-May-08-2017 PM10  |  10.43 |  11.47 |  13.58 |   4.28 |B B 
14:40-Mon-May-08-2017 PM2.5 |   6.57 |   7.07 |   7.98 |   2.46 |B B 
14:44-Mon-May-08-2017recover dati per host :salvatorehost.no-ip.org/aria
14:44-Mon-May-08-2017recover dati per host :92.223.147.77/nodered
14:44-Mon-May-08-2017 PM10  |  10.15 |  11.39 |  13.58 |   4.28 |I I 
14:44-Mon-May-08-2017 PM2.5 |   6.73 |   7.05 |   7.98 |   2.46 |I I 
14:45-Mon-May-08-2017 PM10  |   9.68 |  11.29 |  13.58 |   4.28 |B B 
14:45-Mon-May-08-2017 PM2.5 |   6.35 |   7.00 |   7.98 |   2.46 |B B 
14:49-Mon-May-08-2017 PM10  |  10.56 |  11.25 |  13.58 |   4.28 |B B 
14:49-Mon-May-08-2017 PM2.5 |   6.85 |   7.00 |   7.98 |   2.46 |B B 
14:50-Mon-May-08-2017recover dati per host :92.223.147.77/nodered
14:50-Mon-May-08-2017 PM10  |  11.09 |  11.24 |  13.58 |   4.28 |B I 
14:50-Mon-May-08-2017 PM2.5 |   6.41 |   6.97 |   7.98 |   2.46 |B I 
14:54-Mon-May-08-2017recover dati per host :salvatorehost.no-ip.org/aria
14:54-Mon-May-08-2017 PM10  |  10.85 |  11.22 |  13.58 |   4.28 |I I 
14:54-Mon-May-08-2017 PM2.5 |   6.60 |   6.95 |   7.98 |   2.46 |I I 
14:55-Mon-May-08-2017 PM10  |  12.44 |  11.28 |  13.58 |   4.28 |B B 
14:55-Mon-May-08-2017 PM2.5 |   6.66 |   6.93 |   7.98 |   2.46 |B B 
14:59-Mon-May-08-2017recover dati per host :salvatorehost.no-ip.org/aria
14:59-Mon-May-08-2017recover dati per host :92.223.147.77/nodered
14:59-Mon-May-08-2017 PM10  |  10.84 |  11.26 |  13.58 |   4.28 |I I 
14:59-Mon-May-08-2017 PM2.5 |   6.64 |   6.92 |   7.98 |   2.46 |I I 
15:00-Mon-May-08-2017Timeout Event handler
15:00-Mon-May-08-2017 PM10  |   9.19 |  11.17 |  13.58 |   4.28 |B I 
15:00-Mon-May-08-2017 PM2.5 |   6.18 |   6.89 |   7.98 |   2.46 |B I 
15:04-Mon-May-08-2017recover dati per host :salvatorehost.no-ip.org/aria
15:04-Mon-May-08-2017 PM10  |  10.05 |  10.05 |  13.58 |   4.28 |I I 
15:04-Mon-May-08-2017 PM2.5 |   6.43 |   6.43 |   7.98 |   2.46 |I I 
15:05-Mon-May-08-2017 PM10  |  10.22 |  10.13 |  13.58 |   4.28 |I I 
15:05-Mon-May-08-2017 PM2.5 |   6.20 |   6.31 |   7.98 |   2.46 |I I 
15:09-Mon-May-08-2017 PM10  |  10.08 |  10.12 |  13.58 |   4.28 |I I 
15:09-Mon-May-08-2017 PM2.5 |   6.67 |   6.43 |   7.98 |   2.46 |I I 
15:10-Mon-May-08-2017 PM10  |  11.32 |  10.42 |  13.58 |   4.28 |I B 
15:10-Mon-May-08-2017 PM2.5 |   6.50 |   6.45 |   7.98 |   2.46 |I B 
15:14-Mon-May-08-2017Timeout Event handler
15:14-Mon-May-08-2017 PM10  |   9.52 |  10.24 |  13.58 |   4.28 |B B 
15:14-Mon-May-08-2017 PM2.5 |   6.31 |   6.42 |   7.98 |   2.46 |B B 
15:16-Mon-May-08-2017recover dati per host :salvatorehost.no-ip.org/aria
15:16-Mon-May-08-2017recover dati per host :92.223.147.77/nodered
15:16-Mon-May-08-2017 PM10  |  11.48 |  10.44 |  13.58 |   4.28 |I I 
15:16-Mon-May-08-2017 PM2.5 |   6.37 |   6.41 |   7.98 |   2.46 |I I 
15:19-Mon-May-08-2017 PM10  |  10.19 |  10.41 |  13.58 |   4.28 |I I 
15:19-Mon-May-08-2017 PM2.5 |   6.50 |   6.43 |   7.98 |   2.46 |I I 
15:20-Mon-May-08-2017 PM10  |   8.24 |  10.14 |  13.58 |   4.28 |I I 
15:20-Mon-May-08-2017 PM2.5 |   5.75 |   6.34 |   7.98 |   2.46 |I I 
15:24-Mon-May-08-2017 PM10  |   9.98 |  10.12 |  13.58 |   4.28 |I I 
15:24-Mon-May-08-2017 PM2.5 |   6.57 |   6.37 |   7.98 |   2.46 |I I 
15:25-Mon-May-08-2017 PM10  |  11.62 |  10.27 |  13.58 |   4.28 |B B 
15:25-Mon-May-08-2017 PM2.5 |   6.30 |   6.36 |   7.98 |   2.46 |B B 
15:29-Mon-May-08-2017recover dati per host :salvatorehost.no-ip.org/aria
15:29-Mon-May-08-2017recover dati per host :92.223.147.77/nodered
15:29-Mon-May-08-2017 PM10  |  14.29 |  10.64 |  13.58 |   4.28 |I I 
15:29-Mon-May-08-2017 PM2.5 |   6.51 |   6.37 |   7.98 |   2.46 |I I 
15:30-Mon-May-08-2017Timeout Event handler
15:30-Mon-May-08-2017 PM10  |  12.28 |  10.77 |  13.58 |   4.28 |B I 
15:30-Mon-May-08-2017 PM2.5 |   6.05 |   6.35 |   7.98 |   2.46 |B I 
15:34-Mon-May-08-2017recover dati per host :salvatorehost.no-ip.org/aria
15:34-Mon-May-08-2017 PM10  |  11.51 |  10.83 |  13.58 |   4.28 |I B 
15:34-Mon-May-08-2017 PM2.5 |   6.10 |   6.33 |   7.98 |   2.46 |I B 
15:35-Mon-May-08-2017recover dati per host :92.223.147.77/nodered
15:35-Mon-May-08-2017 PM10  |  10.47 |  10.80 |  13.58 |   4.28 |I I 
15:35-Mon-May-08-2017 PM2.5 |   6.06 |   6.31 |   7.98 |   2.46 |I I 
15:39-Mon-May-08-2017 PM10  |  10.59 |  10.79 |  13.58 |   4.28 |I I 
15:39-Mon-May-08-2017 PM2.5 |   6.33 |   6.31 |   7.98 |   2.46 |I I 
15:40-Mon-May-08-2017 PM10  |  11.28 |  10.82 |  13.58 |   4.28 |I B 
15:40-Mon-May-08-2017 PM2.5 |   6.18 |   6.30 |   7.98 |   2.46 |I B 
15:45-Mon-May-08-2017recover dati per host :92.223.147.77/nodered
15:45-Mon-May-08-2017 PM10  |  12.71 |  10.93 |  13.58 |   4.28 |I I 
15:45-Mon-May-08-2017 PM2.5 |   6.63 |   6.32 |   7.98 |   2.46 |I I 
15:46-Mon-May-08-2017Timeout Event handler
15:46-Mon-May-08-2017 PM10  |   9.57 |  10.86 |  13.58 |   4.28 |B B 
15:46-Mon-May-08-2017 PM2.5 |   5.56 |   6.28 |   7.98 |   2.46 |B B 
15:49-Mon-May-08-2017recover dati per host :salvatorehost.no-ip.org/aria
15:49-Mon-May-08-2017recover dati per host :92.223.147.77/nodered
15:49-Mon-May-08-2017 PM10  |  11.47 |  10.89 |  13.58 |   4.28 |I I 
15:49-Mon-May-08-2017 PM2.5 |   6.14 |   6.27 |   7.98 |   2.46 |I I 
15:50-Mon-May-08-2017 PM10  |   8.89 |  10.79 |  13.58 |   4.28 |I I 
15:50-Mon-May-08-2017 PM2.5 |   5.28 |   6.22 |   7.98 |   2.46 |I I 
15:54-Mon-May-08-2017 PM10  |   8.86 |  10.70 |  13.58 |   4.28 |I I 
15:54-Mon-May-08-2017 PM2.5 |   5.43 |   6.18 |   7.98 |   2.46 |I I 
15:55-Mon-May-08-2017 PM10  |  11.42 |  10.73 |  13.58 |   4.28 |B B 
15:55-Mon-May-08-2017 PM2.5 |   5.22 |   6.14 |   7.98 |   2.46 |B B 
15:59-Mon-May-08-2017recover dati per host :salvatorehost.no-ip.org/aria
15:59-Mon-May-08-2017recover dati per host :92.223.147.77/nodered
15:59-Mon-May-08-2017 PM10  |  17.86 |  11.04 |  13.58 |   4.28 |I I 
15:59-Mon-May-08-2017 PM2.5 |   5.79 |   6.13 |   7.98 |   2.46 |I I 
16:00-Mon-May-08-2017 PM10  |  10.28 |  11.01 |  13.58 |   4.28 |B I 
16:00-Mon-May-08-2017 PM2.5 |   5.08 |   6.08 |   7.98 |   2.46 |B I 
16:04-Mon-May-08-2017recover dati per host :salvatorehost.no-ip.org/aria
16:04-Mon-May-08-2017 PM10  |   8.15 |   8.15 |  13.58 |   4.28 |I I 
16:04-Mon-May-08-2017 PM2.5 |   4.90 |   4.90 |   7.98 |   2.46 |I I 
16:05-Mon-May-08-2017 PM10  |   9.74 |   8.95 |  13.58 |   4.28 |I I 
16:05-Mon-May-08-2017 PM2.5 |   4.83 |   4.87 |   7.98 |   2.46 |I I 
16:09-Mon-May-08-2017 PM10  |   9.12 |   9.00 |  13.58 |   4.28 |I I 
16:09-Mon-May-08-2017 PM2.5 |   4.94 |   4.89 |   7.98 |   2.46 |I I 
16:10-Mon-May-08-2017 PM10  |   7.42 |   8.61 |  13.58 |   4.28 |I I 
16:10-Mon-May-08-2017 PM2.5 |   4.86 |   4.88 |   7.98 |   2.46 |I I 
16:14-Mon-May-08-2017 PM10  |   8.16 |   8.52 |  13.58 |   4.28 |B B 
16:14-Mon-May-08-2017 PM2.5 |   5.09 |   4.92 |   7.98 |   2.46 |B B 
16:15-Mon-May-08-2017recover dati per host :salvatorehost.no-ip.org/aria
16:15-Mon-May-08-2017recover dati per host :92.223.147.77/nodered
16:15-Mon-May-08-2017 PM10  |   8.00 |   8.43 |  13.58 |   4.28 |I I 
16:15-Mon-May-08-2017 PM2.5 |   4.43 |   4.84 |   7.98 |   2.46 |I I 
16:19-Mon-May-08-2017 PM10  |   9.27 |   8.55 |  13.58 |   4.28 |I I 
16:19-Mon-May-08-2017 PM2.5 |   4.85 |   4.84 |   7.98 |   2.46 |I I 
16:20-Mon-May-08-2017 PM10  |   6.69 |   8.32 |  13.58 |   4.28 |I I 
16:20-Mon-May-08-2017 PM2.5 |   4.20 |   4.76 |   7.98 |   2.46 |I I 
16:24-Mon-May-08-2017 PM10  |   8.03 |   8.29 |  13.58 |   4.28 |B B 
16:24-Mon-May-08-2017 PM2.5 |   4.42 |   4.72 |   7.98 |   2.46 |B B 
16:25-Mon-May-08-2017 PM10  |   5.45 |   8.00 |  13.58 |   4.28 |B B 
16:25-Mon-May-08-2017 PM2.5 |   3.69 |   4.62 |   7.98 |   2.46 |B B 
16:30-Mon-May-08-2017recover dati per host :salvatorehost.no-ip.org/aria
16:30-Mon-May-08-2017recover dati per host :92.223.147.77/nodered
16:30-Mon-May-08-2017 PM10  |   6.26 |   7.84 |  13.58 |   4.28 |I I 
16:30-Mon-May-08-2017 PM2.5 |   3.96 |   4.56 |   7.98 |   2.46 |I I 
16:31-Mon-May-08-2017 PM10  |   9.25 |   7.96 |  13.58 |   4.28 |I I 
16:31-Mon-May-08-2017 PM2.5 |   3.56 |   4.48 |   7.98 |   2.46 |I I 
16:35-Mon-May-08-2017 PM10  |   7.17 |   7.90 |  13.58 |   4.28 |I I 
16:35-Mon-May-08-2017 PM2.5 |   3.71 |   4.42 |   7.98 |   2.46 |I I 
16:36-Mon-May-08-2017 PM10  |   5.19 |   7.71 |  13.58 |   4.28 |I I 
16:36-Mon-May-08-2017 PM2.5 |   3.43 |   4.35 |   7.98 |   2.46 |I I 
16:39-Mon-May-08-2017 PM10  |   6.08 |   7.60 |  13.58 |   4.28 |I I 
16:39-Mon-May-08-2017 PM2.5 |   3.50 |   4.29 |   7.98 |   2.46 |I I 
16:40-Mon-May-08-2017 PM10  |   5.35 |   7.46 |  13.58 |   4.28 |I I 
16:40-Mon-May-08-2017 PM2.5 |   2.84 |   4.20 |   7.98 |   2.46 |I I 
16:44-Mon-May-08-2017 PM10  |   5.24 |   7.33 |  13.58 |   4.28 |B B 
16:44-Mon-May-08-2017 PM2.5 |   2.88 |   4.12 |   7.98 |   2.46 |B B 
16:45-Mon-May-08-2017recover dati per host :salvatorehost.no-ip.org/aria
16:45-Mon-May-08-2017recover dati per host :92.223.147.77/nodered
16:45-Mon-May-08-2017 PM10  |   5.11 |   7.20 |  13.58 |   4.28 |I I 
16:45-Mon-May-08-2017 PM2.5 |   2.92 |   4.06 |   7.98 |   2.46 |I I 
16:49-Mon-May-08-2017 PM10  |   7.69 |   7.23 |  13.58 |   4.28 |B B 
16:49-Mon-May-08-2017 PM2.5 |   3.31 |   4.02 |   7.98 |   2.46 |B B 
16:50-Mon-May-08-2017recover dati per host :salvatorehost.no-ip.org/aria
16:50-Mon-May-08-2017recover dati per host :92.223.147.77/nodered
16:50-Mon-May-08-2017 PM10  |   4.72 |   7.10 |  13.58 |   4.28 |I I 
16:50-Mon-May-08-2017 PM2.5 |   2.89 |   3.96 |   7.98 |   2.46 |I I 
16:54-Mon-May-08-2017 PM10  |   6.18 |   7.06 |  13.58 |   4.28 |I I 
16:54-Mon-May-08-2017 PM2.5 |   2.98 |   3.91 |   7.98 |   2.46 |I I 
16:55-Mon-May-08-2017 PM10  |   4.76 |   6.96 |  13.58 |   4.28 |B B 
16:55-Mon-May-08-2017 PM2.5 |   2.75 |   3.86 |   7.98 |   2.46 |B B 
16:59-Mon-May-08-2017recover dati per host :salvatorehost.no-ip.org/aria
16:59-Mon-May-08-2017recover dati per host :92.223.147.77/nodered
16:59-Mon-May-08-2017 PM10  |   4.71 |   6.86 |  13.58 |   4.28 |I I 
16:59-Mon-May-08-2017 PM2.5 |   2.97 |   3.82 |   7.98 |   2.46 |I I 
17:00-Mon-May-08-2017 PM10  |   4.87 |   6.78 |  13.58 |   4.28 |B B 
17:00-Mon-May-08-2017 PM2.5 |   3.02 |   3.79 |   7.98 |   2.46 |B B 
17:04-Mon-May-08-2017 PM10  |   7.43 |   7.43 |  13.58 |   4.28 |B B 
17:04-Mon-May-08-2017 PM2.5 |   3.38 |   3.38 |   7.98 |   2.46 |B B 
17:05-Mon-May-08-2017recover dati per host :92.223.147.77/nodered
17:05-Mon-May-08-2017 PM10  |   4.73 |   6.08 |  13.58 |   4.28 |B I 
17:05-Mon-May-08-2017 PM2.5 |   2.98 |   3.18 |   7.98 |   2.46 |B I 
17:09-Mon-May-08-2017recover dati per host :salvatorehost.no-ip.org/aria
17:09-Mon-May-08-2017 PM10  |   4.46 |   5.54 |  13.58 |   4.28 |I I 
17:09-Mon-May-08-2017 PM2.5 |   2.96 |   3.11 |   7.98 |   2.46 |I I 
17:10-Mon-May-08-2017 PM10  |   4.08 |   5.18 |  13.58 |   4.28 |B B 
17:10-Mon-May-08-2017 PM2.5 |   2.62 |   2.98 |   7.98 |   2.46 |B B 
17:14-Mon-May-08-2017 PM10  |   4.30 |   5.00 |  13.58 |   4.28 |B B 
17:14-Mon-May-08-2017 PM2.5 |   2.91 |   2.97 |   7.98 |   2.46 |B B 
17:15-Mon-May-08-2017recover dati per host :salvatorehost.no-ip.org/aria
17:15-Mon-May-08-2017recover dati per host :92.223.147.77/nodered
17:15-Mon-May-08-2017 PM10  |   3.97 |   4.83 |  13.58 |   4.28 |I I 
17:15-Mon-May-08-2017 PM2.5 |   2.79 |   2.94 |   7.98 |   2.46 |I I 
17:19-Mon-May-08-2017 PM10  |   3.89 |   4.69 |  13.58 |   4.28 |I I 
17:19-Mon-May-08-2017 PM2.5 |   2.82 |   2.92 |   7.98 |   2.46 |I I 
17:21-Mon-May-08-2017 PM10  |   4.98 |   4.73 |  13.58 |   4.28 |B B 
17:21-Mon-May-08-2017 PM2.5 |   2.72 |   2.90 |   7.98 |   2.46 |B B 
17:25-Mon-May-08-2017recover dati per host :salvatorehost.no-ip.org/aria
17:25-Mon-May-08-2017recover dati per host :92.223.147.77/nodered
17:25-Mon-May-08-2017 PM10  |   4.97 |   4.76 |  13.58 |   4.28 |I I 
17:25-Mon-May-08-2017 PM2.5 |   3.05 |   2.91 |   7.98 |   2.46 |I I 
17:29-Mon-May-08-2017 PM10  |   4.12 |   4.69 |  13.58 |   4.28 |B I 
17:29-Mon-May-08-2017 PM2.5 |   2.89 |   2.91 |   7.98 |   2.46 |B I 
17:30-Mon-May-08-2017recover dati per host :salvatorehost.no-ip.org/aria
17:30-Mon-May-08-2017 PM10  |   7.24 |   4.93 |  13.58 |   4.28 |I I 
17:30-Mon-May-08-2017 PM2.5 |   2.66 |   2.89 |   7.98 |   2.46 |I I 
17:34-Mon-May-08-2017 PM10  |   5.23 |   4.95 |  13.58 |   4.28 |I I 
17:34-Mon-May-08-2017 PM2.5 |   2.87 |   2.89 |   7.98 |   2.46 |I I 
17:35-Mon-May-08-2017 PM10  |   5.08 |   4.96 |  13.58 |   4.28 |I I 
17:35-Mon-May-08-2017 PM2.5 |   2.57 |   2.86 |   7.98 |   2.46 |I I 
17:39-Mon-May-08-2017 PM10  |   4.01 |   4.89 |  13.58 |   4.28 |I I 
17:39-Mon-May-08-2017 PM2.5 |   2.87 |   2.86 |   7.98 |   2.46 |I I 
17:40-Mon-May-08-2017 PM10  |   3.87 |   4.82 |  13.58 |   4.28 |I I 
17:40-Mon-May-08-2017 PM2.5 |   2.71 |   2.85 |   7.98 |   2.46 |I I 
17:44-Mon-May-08-2017 PM10  |   4.68 |   4.82 |  13.58 |   4.28 |I B 
17:44-Mon-May-08-2017 PM2.5 |   2.67 |   2.84 |   7.98 |   2.46 |I B 
17:45-Mon-May-08-2017recover dati per host :92.223.147.77/nodered
17:45-Mon-May-08-2017 PM10  |   3.85 |   4.76 |  13.58 |   4.28 |I I 
17:45-Mon-May-08-2017 PM2.5 |   2.70 |   2.83 |   7.98 |   2.46 |I I 
17:49-Mon-May-08-2017 PM10  |   4.34 |   4.74 |  13.58 |   4.28 |B B 
17:49-Mon-May-08-2017 PM2.5 |   2.88 |   2.84 |   7.98 |   2.46 |B B 
17:50-Mon-May-08-2017recover dati per host :92.223.147.77/nodered
17:50-Mon-May-08-2017 PM10  |   3.66 |   4.68 |  13.58 |   4.28 |B I 
17:50-Mon-May-08-2017 PM2.5 |   2.49 |   2.82 |   7.98 |   2.46 |B I 
17:54-Mon-May-08-2017recover dati per host :salvatorehost.no-ip.org/aria
17:54-Mon-May-08-2017 PM10  |   3.81 |   4.64 |  13.58 |   4.28 |I I 
17:54-Mon-May-08-2017 PM2.5 |   2.78 |   2.82 |   7.98 |   2.46 |I I 
17:55-Mon-May-08-2017 PM10  |   3.36 |   4.57 |  13.58 |   4.28 |I I 
17:55-Mon-May-08-2017 PM2.5 |   2.52 |   2.80 |   7.98 |   2.46 |I I 
17:59-Mon-May-08-2017 PM10  |   3.91 |   4.54 |  13.58 |   4.28 |B B 
17:59-Mon-May-08-2017 PM2.5 |   2.72 |   2.80 |   7.98 |   2.46 |B B 
18:00-Mon-May-08-2017recover dati per host :salvatorehost.no-ip.org/aria
18:00-Mon-May-08-2017recover dati per host :92.223.147.77/nodered
18:00-Mon-May-08-2017 PM10  |   4.56 |   4.54 |  13.58 |   4.28 |I I 
18:00-Mon-May-08-2017 PM2.5 |   2.52 |   2.79 |   7.98 |   2.46 |I I 
18:05-Mon-May-08-2017 PM10  |   4.54 |   4.54 |  13.58 |   4.28 |B B 
18:05-Mon-May-08-2017 PM2.5 |   2.70 |   2.70 |   7.98 |   2.46 |B B 
18:06-Mon-May-08-2017recover dati per host :salvatorehost.no-ip.org/aria
18:06-Mon-May-08-2017recover dati per host :92.223.147.77/nodered
18:06-Mon-May-08-2017 PM10  |   3.26 |   3.90 |  13.58 |   4.28 |I I 
18:06-Mon-May-08-2017 PM2.5 |   2.35 |   2.53 |   7.98 |   2.46 |I I 
18:10-Mon-May-08-2017 PM10  |   3.67 |   3.83 |  13.58 |   4.28 |B B 
18:10-Mon-May-08-2017 PM2.5 |   2.51 |   2.52 |   7.98 |   2.46 |B B 
18:11-Mon-May-08-2017recover dati per host :salvatorehost.no-ip.org/aria
18:11-Mon-May-08-2017recover dati per host :92.223.147.77/nodered
18:11-Mon-May-08-2017 PM10  |   3.83 |   3.83 |  13.58 |   4.28 |I I 
18:11-Mon-May-08-2017 PM2.5 |   2.60 |   2.54 |   7.98 |   2.46 |I I 
18:14-Mon-May-08-2017 PM10  |   4.21 |   3.90 |  13.58 |   4.28 |B B 
18:14-Mon-May-08-2017 PM2.5 |   2.80 |   2.59 |   7.98 |   2.46 |B B 
18:15-Mon-May-08-2017 PM10  |   3.46 |   3.83 |  13.58 |   4.28 |B B 
18:15-Mon-May-08-2017 PM2.5 |   2.51 |   2.58 |   7.98 |   2.46 |B B 
18:19-Mon-May-08-2017recover dati per host :salvatorehost.no-ip.org/aria
18:19-Mon-May-08-2017recover dati per host :92.223.147.77/nodered
18:19-Mon-May-08-2017 PM10  |   3.39 |   3.77 |  13.58 |   4.28 |I I 
18:19-Mon-May-08-2017 PM2.5 |   2.62 |   2.58 |   7.98 |   2.46 |I I 
18:20-Mon-May-08-2017 PM10  |   3.82 |   3.77 |  13.58 |   4.28 |I B 
18:20-Mon-May-08-2017 PM2.5 |   2.77 |   2.61 |   7.98 |   2.46 |I B 
18:24-Mon-May-08-2017recover dati per host :92.223.147.77/nodered
18:24-Mon-May-08-2017 PM10  |   5.70 |   3.99 |  13.58 |   4.28 |I I 
18:24-Mon-May-08-2017 PM2.5 |   2.81 |   2.63 |   7.98 |   2.46 |I I 
18:25-Mon-May-08-2017 PM10  |   4.71 |   4.06 |  13.58 |   4.28 |B B 
18:25-Mon-May-08-2017 PM2.5 |   2.53 |   2.62 |   7.98 |   2.46 |B B 
18:29-Mon-May-08-2017Timeout Event handler
18:29-Mon-May-08-2017recover dati per host :92.223.147.77/nodered
18:29-Mon-May-08-2017 PM10  |   3.67 |   4.02 |  13.58 |   4.28 |B I 
18:29-Mon-May-08-2017 PM2.5 |   2.59 |   2.62 |   7.98 |   2.46 |B I 
18:31-Mon-May-08-2017recover dati per host :salvatorehost.no-ip.org/aria
18:31-Mon-May-08-2017 PM10  |   3.48 |   3.98 |  13.58 |   4.28 |I I 
18:31-Mon-May-08-2017 PM2.5 |   2.53 |   2.61 |   7.98 |   2.46 |I I 
18:35-Mon-May-08-2017 PM10  |   3.60 |   3.95 |  13.58 |   4.28 |B B 
18:35-Mon-May-08-2017 PM2.5 |   2.59 |   2.61 |   7.98 |   2.46 |B B 
18:36-Mon-May-08-2017recover dati per host :salvatorehost.no-ip.org/aria
18:36-Mon-May-08-2017recover dati per host :92.223.147.77/nodered
18:36-Mon-May-08-2017 PM10  |   3.90 |   3.95 |  13.58 |   4.28 |I I 
18:36-Mon-May-08-2017 PM2.5 |   2.42 |   2.59 |   7.98 |   2.46 |I I 
18:39-Mon-May-08-2017 PM10  |   5.21 |   4.03 |  13.58 |   4.28 |I B 
18:39-Mon-May-08-2017 PM2.5 |   2.62 |   2.60 |   7.98 |   2.46 |I B 
18:40-Mon-May-08-2017recover dati per host :92.223.147.77/nodered
18:40-Mon-May-08-2017 PM10  |   4.89 |   4.08 |  13.58 |   4.28 |I I 
18:40-Mon-May-08-2017 PM2.5 |   2.75 |   2.61 |   7.98 |   2.46 |I I 
18:44-Mon-May-08-2017 PM10  |   3.93 |   4.07 |  13.58 |   4.28 |I I 
18:44-Mon-May-08-2017 PM2.5 |   2.64 |   2.61 |   7.98 |   2.46 |I I 
18:45-Mon-May-08-2017 PM10  |   3.26 |   4.03 |  13.58 |   4.28 |I I 
18:45-Mon-May-08-2017 PM2.5 |   2.28 |   2.59 |   7.98 |   2.46 |I I 
18:49-Mon-May-08-2017 PM10  |   3.33 |   3.99 |  13.58 |   4.28 |I I 
18:49-Mon-May-08-2017 PM2.5 |   2.43 |   2.58 |   7.98 |   2.46 |I I 
18:50-Mon-May-08-2017 PM10  |   2.83 |   3.93 |  13.58 |   4.28 |I I 
18:50-Mon-May-08-2017 PM2.5 |   2.33 |   2.57 |   7.98 |   2.46 |I I 
18:54-Mon-May-08-2017 PM10  |   3.31 |   3.90 |  13.58 |   4.28 |B B 
18:54-Mon-May-08-2017 PM2.5 |   2.69 |   2.57 |   7.98 |   2.46 |B B 
18:55-Mon-May-08-2017recover dati per host :salvatorehost.no-ip.org/aria
18:55-Mon-May-08-2017 PM10  |   3.43 |   3.88 |  13.58 |   4.28 |I B 
18:55-Mon-May-08-2017 PM2.5 |   2.65 |   2.58 |   7.98 |   2.46 |I B 
18:59-Mon-May-08-2017 PM10  |   3.98 |   3.89 |  13.58 |   4.28 |I B 
18:59-Mon-May-08-2017 PM2.5 |   2.78 |   2.59 |   7.98 |   2.46 |I B 
19:00-Mon-May-08-2017recover dati per host :92.223.147.77/nodered
19:00-Mon-May-08-2017 PM10  |   3.55 |   3.87 |  13.58 |   3.87 |I I 
19:00-Mon-May-08-2017 PM2.5 |   2.42 |   2.58 |   7.98 |   2.46 |I I 
19:04-Mon-May-08-2017 PM10  |   3.75 |   3.75 |  13.58 |   3.87 |I I 
19:04-Mon-May-08-2017 PM2.5 |   2.72 |   2.72 |   7.98 |   2.46 |I I 
19:06-Mon-May-08-2017 PM10  |   3.30 |   3.52 |  13.58 |   3.87 |I I 
19:06-Mon-May-08-2017 PM2.5 |   2.34 |   2.53 |   7.98 |   2.46 |I I 
19:10-Mon-May-08-2017 PM10  |   3.70 |   3.58 |  13.58 |   3.87 |I I 
19:10-Mon-May-08-2017 PM2.5 |   2.53 |   2.53 |   7.98 |   2.46 |I I 
19:11-Mon-May-08-2017 PM10  |   5.34 |   4.02 |  13.58 |   3.87 |I I 
19:11-Mon-May-08-2017 PM2.5 |   2.63 |   2.56 |   7.98 |   2.46 |I I 
19:15-Mon-May-08-2017 PM10  |   4.76 |   4.17 |  13.58 |   3.87 |I I 
19:15-Mon-May-08-2017 PM2.5 |   2.80 |   2.61 |   7.98 |   2.46 |I I 
19:16-Mon-May-08-2017 PM10  |   3.77 |   4.10 |  13.58 |   3.87 |I I 
19:16-Mon-May-08-2017 PM2.5 |   2.35 |   2.56 |   7.98 |   2.46 |I I 
19:20-Mon-May-08-2017 PM10  |   9.56 |   4.88 |  13.58 |   3.87 |I I 
19:20-Mon-May-08-2017 PM2.5 |   2.60 |   2.57 |   7.98 |   2.46 |I I 
19:21-Mon-May-08-2017 PM10  |   4.53 |   4.84 |  13.58 |   3.87 |I I 
19:21-Mon-May-08-2017 PM2.5 |   2.85 |   2.60 |   7.98 |   2.46 |I I 
19:25-Mon-May-08-2017 PM10  |   6.09 |   4.98 |  13.58 |   3.87 |I I 
19:25-Mon-May-08-2017 PM2.5 |   3.08 |   2.66 |   7.98 |   2.46 |I I 
19:26-Mon-May-08-2017 PM10  |   4.45 |   4.92 |  13.58 |   3.87 |I I 
19:26-Mon-May-08-2017 PM2.5 |   2.47 |   2.64 |   7.98 |   2.46 |I I 
19:30-Mon-May-08-2017 PM10  |   5.34 |   4.96 |  13.58 |   3.87 |I I 
19:30-Mon-May-08-2017 PM2.5 |   2.61 |   2.64 |   7.98 |   2.46 |I I 
19:31-Mon-May-08-2017 PM10  |   6.94 |   5.13 |  13.58 |   3.87 |I I 
19:31-Mon-May-08-2017 PM2.5 |   2.58 |   2.63 |   7.98 |   2.46 |I I 
19:34-Mon-May-08-2017 PM10  |   5.91 |   5.19 |  13.58 |   3.87 |I I 
19:34-Mon-May-08-2017 PM2.5 |   2.56 |   2.63 |   7.98 |   2.46 |I I 
19:35-Mon-May-08-2017 PM10  |   5.56 |   5.21 |  13.58 |   3.87 |I I 
19:35-Mon-May-08-2017 PM2.5 |   2.63 |   2.63 |   7.98 |   2.46 |I I 
19:39-Mon-May-08-2017 PM10  |   5.62 |   5.24 |  13.58 |   3.87 |I I 
19:39-Mon-May-08-2017 PM2.5 |   2.39 |   2.61 |   7.98 |   2.46 |I I 
19:40-Mon-May-08-2017 PM10  |   6.28 |   5.31 |  13.58 |   3.87 |B I 
19:40-Mon-May-08-2017 PM2.5 |   2.52 |   2.60 |   7.98 |   2.46 |B I 
19:44-Mon-May-08-2017recover dati per host :salvatorehost.no-ip.org/aria
19:44-Mon-May-08-2017 PM10  |   5.21 |   5.30 |  13.58 |   3.87 |I I 
19:44-Mon-May-08-2017 PM2.5 |   2.63 |   2.61 |   7.98 |   2.46 |I I 
19:45-Mon-May-08-2017 PM10  |   4.47 |   5.25 |  13.58 |   3.87 |I I 
19:45-Mon-May-08-2017 PM2.5 |   2.55 |   2.60 |   7.98 |   2.46 |I I 
19:49-Mon-May-08-2017 PM10  |   7.12 |   5.35 |  13.58 |   3.87 |I B 
19:49-Mon-May-08-2017 PM2.5 |   2.74 |   2.61 |   7.98 |   2.46 |I B 
19:50-Mon-May-08-2017recover dati per host :92.223.147.77/nodered
19:50-Mon-May-08-2017 PM10  |   4.11 |   5.29 |  13.58 |   3.87 |I I 
19:50-Mon-May-08-2017 PM2.5 |   2.67 |   2.61 |   7.98 |   2.46 |I I 
19:54-Mon-May-08-2017 PM10  |   5.01 |   5.28 |  13.58 |   3.87 |I I 
19:54-Mon-May-08-2017 PM2.5 |   2.83 |   2.62 |   7.98 |   2.46 |I I 
19:55-Mon-May-08-2017 PM10  |   5.15 |   5.27 |  13.58 |   3.87 |I I 
19:55-Mon-May-08-2017 PM2.5 |   2.93 |   2.64 |   7.98 |   2.46 |I I 
19:59-Mon-May-08-2017 PM10  |   5.78 |   5.29 |  13.58 |   3.87 |I B 
19:59-Mon-May-08-2017 PM2.5 |   3.00 |   2.65 |   7.98 |   2.46 |I B 
20:00-Mon-May-08-2017recover dati per host :92.223.147.77/nodered
20:00-Mon-May-08-2017 PM10  |   7.75 |   5.40 |  13.58 |   3.87 |I I 
20:00-Mon-May-08-2017 PM2.5 |   3.01 |   2.67 |   7.98 |   2.46 |I I 
20:04-Mon-May-08-2017 PM10  |   7.06 |   7.06 |  13.58 |   3.87 |I I 
20:04-Mon-May-08-2017 PM2.5 |   3.14 |   3.14 |   7.98 |   2.46 |I I 
20:05-Mon-May-08-2017 PM10  |   5.19 |   6.12 |  13.58 |   3.87 |I I 
20:05-Mon-May-08-2017 PM2.5 |   3.13 |   3.13 |   7.98 |   2.46 |I I 
20:09-Mon-May-08-2017 PM10  |   6.73 |   6.32 |  13.58 |   3.87 |I I 
20:09-Mon-May-08-2017 PM2.5 |   3.11 |   3.13 |   7.98 |   2.46 |I I 
20:10-Mon-May-08-2017 PM10  |   6.69 |   6.42 |  13.58 |   3.87 |B B 
20:10-Mon-May-08-2017 PM2.5 |   3.00 |   3.10 |   7.98 |   2.46 |B B 
20:14-Mon-May-08-2017recover dati per host :salvatorehost.no-ip.org/aria
20:14-Mon-May-08-2017recover dati per host :92.223.147.77/nodered
20:14-Mon-May-08-2017 PM10  |   5.64 |   6.26 |  13.58 |   3.87 |I I 
20:14-Mon-May-08-2017 PM2.5 |   3.18 |   3.11 |   7.98 |   2.46 |I I 
20:15-Mon-May-08-2017 PM10  |   6.24 |   6.26 |  13.58 |   3.87 |I I 
20:15-Mon-May-08-2017 PM2.5 |   3.19 |   3.13 |   7.98 |   2.46 |I I 
20:19-Mon-May-08-2017 PM10  |   5.79 |   6.19 |  13.58 |   3.87 |I I 
20:19-Mon-May-08-2017 PM2.5 |   3.38 |   3.16 |   7.98 |   2.46 |I I 
20:20-Mon-May-08-2017 PM10  |   7.48 |   6.35 |  13.58 |   3.87 |I I 
20:20-Mon-May-08-2017 PM2.5 |   3.40 |   3.19 |   7.98 |   2.46 |I I 
20:24-Mon-May-08-2017 PM10  |   7.63 |   6.49 |  13.58 |   3.87 |I I 
20:24-Mon-May-08-2017 PM2.5 |   3.49 |   3.22 |   7.98 |   2.46 |I I 
20:25-Mon-May-08-2017 PM10  |   4.95 |   6.34 |  13.58 |   3.87 |I I 
20:25-Mon-May-08-2017 PM2.5 |   3.33 |   3.24 |   7.98 |   2.46 |I I 
20:30-Mon-May-08-2017 PM10  |   5.11 |   6.23 |  13.58 |   3.87 |I B 
20:30-Mon-May-08-2017 PM2.5 |   3.34 |   3.24 |   7.98 |   2.46 |I B 
20:31-Mon-May-08-2017 PM10  |   5.98 |   6.21 |  13.58 |   3.87 |I B 
20:31-Mon-May-08-2017 PM2.5 |   3.05 |   3.23 |   7.98 |   2.46 |I B 
20:35-Mon-May-08-2017recover dati per host :92.223.147.77/nodered
20:35-Mon-May-08-2017 PM10  |   5.71 |   6.17 |  13.58 |   3.87 |I I 
20:35-Mon-May-08-2017 PM2.5 |   3.36 |   3.24 |   7.98 |   2.46 |I I 
20:36-Mon-May-08-2017 PM10  |   4.36 |   6.04 |  13.58 |   3.87 |I I 
20:36-Mon-May-08-2017 PM2.5 |   2.99 |   3.22 |   7.98 |   2.46 |I I 
20:40-Mon-May-08-2017 PM10  |   6.17 |   6.05 |  13.58 |   3.87 |I I 
20:40-Mon-May-08-2017 PM2.5 |   3.39 |   3.23 |   7.98 |   2.46 |I I 
20:41-Mon-May-08-2017 PM10  |   6.39 |   6.07 |  13.58 |   3.87 |I I 
20:41-Mon-May-08-2017 PM2.5 |   3.24 |   3.23 |   7.98 |   2.46 |I I 
20:45-Mon-May-08-2017 PM10  |   6.69 |   6.11 |  13.58 |   3.87 |I I 
20:45-Mon-May-08-2017 PM2.5 |   3.23 |   3.23 |   7.98 |   2.46 |I I 
20:46-Mon-May-08-2017 PM10  |   4.85 |   6.04 |  13.58 |   3.87 |B B 
20:46-Mon-May-08-2017 PM2.5 |   2.94 |   3.22 |   7.98 |   2.46 |B B 
20:50-Mon-May-08-2017recover dati per host :salvatorehost.no-ip.org/aria
20:50-Mon-May-08-2017recover dati per host :92.223.147.77/nodered
20:50-Mon-May-08-2017 PM10  |   5.86 |   6.03 |  13.58 |   3.87 |I I 
20:50-Mon-May-08-2017 PM2.5 |   3.05 |   3.21 |   7.98 |   2.46 |I I 
20:51-Mon-May-08-2017 PM10  |   4.99 |   5.98 |  13.58 |   3.87 |I I 
20:51-Mon-May-08-2017 PM2.5 |   2.92 |   3.19 |   7.98 |   2.46 |I I 
20:54-Mon-May-08-2017 PM10  |   7.47 |   6.05 |  13.58 |   3.87 |I I 
20:54-Mon-May-08-2017 PM2.5 |   2.96 |   3.18 |   7.98 |   2.46 |I I 
20:55-Mon-May-08-2017 PM10  |   4.57 |   5.98 |  13.58 |   3.87 |I I 
20:55-Mon-May-08-2017 PM2.5 |   2.77 |   3.16 |   7.98 |   2.46 |I I 
20:59-Mon-May-08-2017 PM10  |   8.04 |   6.07 |  13.58 |   3.87 |I I 
20:59-Mon-May-08-2017 PM2.5 |   2.79 |   3.15 |   7.98 |   2.46 |I I 
21:00-Mon-May-08-2017 PM10  |   5.57 |   6.05 |  13.58 |   3.87 |I I 
21:00-Mon-May-08-2017 PM2.5 |   2.94 |   3.14 |   7.98 |   2.46 |I I 
21:04-Mon-May-08-2017 PM10  |   4.27 |   4.27 |  13.58 |   3.87 |I I 
21:04-Mon-May-08-2017 PM2.5 |   2.82 |   2.82 |   7.98 |   2.46 |I I 
21:05-Mon-May-08-2017 PM10  |   7.34 |   5.81 |  13.58 |   3.87 |I I 
21:05-Mon-May-08-2017 PM2.5 |   2.83 |   2.82 |   7.98 |   2.46 |I I 
21:09-Mon-May-08-2017 PM10  |   4.53 |   5.38 |  13.58 |   3.87 |I I 
21:09-Mon-May-08-2017 PM2.5 |   3.06 |   2.90 |   7.98 |   2.46 |I I 
21:10-Mon-May-08-2017 PM10  |   6.18 |   5.58 |  13.58 |   3.87 |I I 
21:10-Mon-May-08-2017 PM2.5 |   2.90 |   2.90 |   7.98 |   2.46 |I I 
21:14-Mon-May-08-2017 PM10  |   7.93 |   6.05 |  13.58 |   3.87 |I I 
21:14-Mon-May-08-2017 PM2.5 |   3.36 |   2.99 |   7.98 |   2.46 |I I 
21:15-Mon-May-08-2017 PM10  |   5.14 |   5.90 |  13.58 |   3.87 |I I 
21:15-Mon-May-08-2017 PM2.5 |   2.80 |   2.96 |   7.98 |   2.46 |I I 
21:19-Mon-May-08-2017 PM10  |   6.79 |   6.03 |  13.58 |   3.87 |I I 
21:19-Mon-May-08-2017 PM2.5 |   2.79 |   2.94 |   7.98 |   2.46 |I I 
21:20-Mon-May-08-2017 PM10  |   5.94 |   6.01 |  13.58 |   3.87 |I I 
21:20-Mon-May-08-2017 PM2.5 |   2.66 |   2.90 |   7.98 |   2.46 |I I 
21:24-Mon-May-08-2017 PM10  |   7.89 |   6.22 |  13.58 |   3.87 |I I 
21:24-Mon-May-08-2017 PM2.5 |   3.26 |   2.94 |   7.98 |   2.46 |I I 
21:25-Mon-May-08-2017 PM10  |   8.81 |   6.48 |  13.58 |   3.87 |B B 
21:25-Mon-May-08-2017 PM2.5 |   3.35 |   2.98 |   7.98 |   2.46 |B B 
21:30-Mon-May-08-2017recover dati per host :salvatorehost.no-ip.org/aria
21:30-Mon-May-08-2017recover dati per host :92.223.147.77/nodered
21:30-Mon-May-08-2017 PM10  |   7.71 |   6.59 |  13.58 |   3.87 |I I 
21:30-Mon-May-08-2017 PM2.5 |   3.29 |   3.01 |   7.98 |   2.46 |I I 
21:31-Mon-May-08-2017 PM10  |   4.61 |   6.43 |  13.58 |   3.87 |B I 
21:31-Mon-May-08-2017 PM2.5 |   2.69 |   2.98 |   7.98 |   2.46 |B I 
21:35-Mon-May-08-2017recover dati per host :salvatorehost.no-ip.org/aria
21:35-Mon-May-08-2017 PM10  |   6.71 |   6.45 |  13.58 |   3.87 |I I 
21:35-Mon-May-08-2017 PM2.5 |   2.83 |   2.97 |   7.98 |   2.46 |I I 
21:36-Mon-May-08-2017 PM10  |   5.41 |   6.38 |  13.58 |   3.87 |I I 
21:36-Mon-May-08-2017 PM2.5 |   2.76 |   2.96 |   7.98 |   2.46 |I I 
21:40-Mon-May-08-2017 PM10  |   7.18 |   6.43 |  13.58 |   3.87 |I I 
21:40-Mon-May-08-2017 PM2.5 |   3.29 |   2.98 |   7.98 |   2.46 |I I 
21:41-Mon-May-08-2017 PM10  |   6.25 |   6.42 |  13.58 |   3.87 |B B 
21:41-Mon-May-08-2017 PM2.5 |   2.90 |   2.97 |   7.98 |   2.46 |B B 
21:45-Mon-May-08-2017recover dati per host :salvatorehost.no-ip.org/aria
21:45-Mon-May-08-2017recover dati per host :92.223.147.77/nodered
21:45-Mon-May-08-2017 PM10  |   6.05 |   6.40 |  13.58 |   3.87 |I I 
21:45-Mon-May-08-2017 PM2.5 |   2.92 |   2.97 |   7.98 |   2.46 |I I 
21:46-Mon-May-08-2017 PM10  |   5.87 |   6.37 |  13.58 |   3.87 |B B 
21:46-Mon-May-08-2017 PM2.5 |   2.55 |   2.95 |   7.98 |   2.46 |B B 
21:50-Mon-May-08-2017recover dati per host :salvatorehost.no-ip.org/aria
21:50-Mon-May-08-2017recover dati per host :92.223.147.77/nodered
21:50-Mon-May-08-2017 PM10  |   6.76 |   6.39 |  13.58 |   3.87 |I I 
21:50-Mon-May-08-2017 PM2.5 |   2.84 |   2.94 |   7.98 |   2.46 |I I 
21:54-Mon-May-08-2017 PM10  |   7.27 |   6.43 |  13.58 |   3.87 |I I 
21:54-Mon-May-08-2017 PM2.5 |   2.67 |   2.93 |   7.98 |   2.46 |I I 
21:55-Mon-May-08-2017 PM10  |   5.73 |   6.40 |  13.58 |   3.87 |I B 
21:55-Mon-May-08-2017 PM2.5 |   2.87 |   2.93 |   7.98 |   2.46 |I B 
21:59-Mon-May-08-2017recover dati per host :92.223.147.77/nodered
21:59-Mon-May-08-2017 PM10  |   5.90 |   6.38 |  13.58 |   3.87 |I I 
21:59-Mon-May-08-2017 PM2.5 |   2.88 |   2.92 |   7.98 |   2.46 |I I 
22:00-Mon-May-08-2017 PM10  |   3.79 |   6.26 |  13.58 |   3.87 |I I 
22:00-Mon-May-08-2017 PM2.5 |   2.39 |   2.90 |   7.98 |   2.46 |I I 
22:04-Mon-May-08-2017 PM10  |   4.70 |   4.70 |  13.58 |   3.87 |I I 
22:04-Mon-May-08-2017 PM2.5 |   2.50 |   2.50 |   7.98 |   2.46 |I I 
22:05-Mon-May-08-2017 PM10  |   5.57 |   5.13 |  13.58 |   3.87 |I I 
22:05-Mon-May-08-2017 PM2.5 |   2.69 |   2.60 |   7.98 |   2.46 |I I 
22:09-Mon-May-08-2017 PM10  |   6.42 |   5.56 |  13.58 |   3.87 |I I 
22:09-Mon-May-08-2017 PM2.5 |   2.53 |   2.57 |   7.98 |   2.46 |I I 
22:10-Mon-May-08-2017 PM10  |   7.25 |   5.98 |  13.58 |   3.87 |B I 
22:10-Mon-May-08-2017 PM2.5 |   2.45 |   2.54 |   7.98 |   2.46 |B I 
22:14-Mon-May-08-2017 PM10  |   7.69 |   6.32 |  13.58 |   3.87 |B I 
22:14-Mon-May-08-2017 PM2.5 |   2.75 |   2.58 |   7.98 |   2.46 |B I 
22:15-Mon-May-08-2017recover dati per host :salvatorehost.no-ip.org/aria
22:15-Mon-May-08-2017 PM10  |   5.13 |   6.13 |  13.58 |   3.87 |I I 
22:15-Mon-May-08-2017 PM2.5 |   2.40 |   2.55 |   7.98 |   2.46 |I I 
22:20-Mon-May-08-2017 PM10  |   5.18 |   5.99 |  13.58 |   3.87 |I I 
22:20-Mon-May-08-2017 PM2.5 |   2.57 |   2.56 |   7.98 |   2.46 |I I 
22:21-Mon-May-08-2017 PM10  |   4.14 |   5.76 |  13.58 |   3.87 |I I 
22:21-Mon-May-08-2017 PM2.5 |   2.49 |   2.55 |   7.98 |   2.46 |I I 
22:25-Mon-May-08-2017 PM10  |   5.52 |   5.73 |  13.58 |   3.87 |I I 
22:25-Mon-May-08-2017 PM2.5 |   2.73 |   2.57 |   7.98 |   2.46 |I I 
22:26-Mon-May-08-2017 PM10  |   6.97 |   5.86 |  13.58 |   3.87 |I I 
22:26-Mon-May-08-2017 PM2.5 |   2.51 |   2.56 |   7.98 |   2.46 |I I 
22:30-Mon-May-08-2017 PM10  |   4.44 |   5.73 |  13.58 |   3.87 |I I 
22:30-Mon-May-08-2017 PM2.5 |   2.54 |   2.56 |   7.98 |   2.46 |I I 
22:31-Mon-May-08-2017 PM10  |   4.35 |   5.61 |  13.58 |   3.87 |I I 
22:31-Mon-May-08-2017 PM2.5 |   2.35 |   2.54 |   7.98 |   2.46 |I I 
22:35-Mon-May-08-2017 PM10  |   4.13 |   5.50 |  13.58 |   3.87 |I I 
22:35-Mon-May-08-2017 PM2.5 |   2.30 |   2.52 |   7.98 |   2.46 |I I 
22:36-Mon-May-08-2017 PM10  |   4.60 |   5.43 |  13.58 |   3.87 |I I 
22:36-Mon-May-08-2017 PM2.5 |   2.37 |   2.51 |   7.98 |   2.46 |I I 
22:40-Mon-May-08-2017Timeout Event handler
22:40-Mon-May-08-2017 PM10  |   5.32 |   5.43 |  13.58 |   3.87 |B B 
22:40-Mon-May-08-2017 PM2.5 |   2.52 |   2.51 |   7.98 |   2.46 |B B 
22:41-Mon-May-08-2017recover dati per host :salvatorehost.no-ip.org/aria
22:41-Mon-May-08-2017recover dati per host :92.223.147.77/nodered
22:41-Mon-May-08-2017 PM10  |   3.77 |   5.32 |  13.58 |   3.87 |I I 
22:41-Mon-May-08-2017 PM2.5 |   2.30 |   2.50 |   7.98 |   2.46 |I I 
22:44-Mon-May-08-2017 PM10  |   4.04 |   5.25 |  13.58 |   3.87 |I I 
22:44-Mon-May-08-2017 PM2.5 |   2.21 |   2.48 |   7.98 |   2.46 |I I 
22:45-Mon-May-08-2017 PM10  |   4.53 |   5.21 |  13.58 |   3.87 |I I 
22:45-Mon-May-08-2017 PM2.5 |   2.68 |   2.49 |   7.98 |   2.46 |I I 
22:49-Mon-May-08-2017 PM10  |   6.34 |   5.27 |  13.58 |   3.87 |I I 
22:49-Mon-May-08-2017 PM2.5 |   2.67 |   2.50 |   7.98 |   2.46 |I I 
22:50-Mon-May-08-2017 PM10  |   8.87 |   5.45 |  13.58 |   3.87 |I I 
22:50-Mon-May-08-2017 PM2.5 |   2.56 |   2.51 |   7.98 |   2.46 |I I 
22:54-Mon-May-08-2017 PM10  |   7.90 |   5.57 |  13.58 |   3.87 |I I 
22:54-Mon-May-08-2017 PM2.5 |   2.71 |   2.52 |   7.98 |   2.46 |I I 
22:55-Mon-May-08-2017 PM10  |   8.45 |   5.70 |  13.58 |   3.87 |I I 
22:55-Mon-May-08-2017 PM2.5 |   2.55 |   2.52 |   7.98 |   2.46 |I I 
22:59-Mon-May-08-2017 PM10  |   4.66 |   5.65 |  13.58 |   3.87 |I I 
22:59-Mon-May-08-2017 PM2.5 |   2.65 |   2.52 |   7.98 |   2.46 |I I 
23:00-Mon-May-08-2017 PM10  |   7.05 |   5.71 |  13.58 |   3.87 |I I 
23:00-Mon-May-08-2017 PM2.5 |   2.48 |   2.52 |   7.98 |   2.46 |I I 
23:04-Mon-May-08-2017 PM10  |   5.62 |   5.62 |  13.58 |   3.87 |I I 
23:04-Mon-May-08-2017 PM2.5 |   2.66 |   2.66 |   7.98 |   2.46 |I I 
23:05-Mon-May-08-2017 PM10  |   6.77 |   6.19 |  13.58 |   3.87 |B B 
23:05-Mon-May-08-2017 PM2.5 |   2.59 |   2.62 |   7.98 |   2.46 |B B 
23:09-Mon-May-08-2017recover dati per host :salvatorehost.no-ip.org/aria
23:09-Mon-May-08-2017recover dati per host :92.223.147.77/nodered
23:09-Mon-May-08-2017 PM10  |   5.44 |   5.94 |  13.58 |   3.87 |I I 
23:09-Mon-May-08-2017 PM2.5 |   2.66 |   2.64 |   7.98 |   2.46 |I I 
23:10-Mon-May-08-2017 PM10  |   6.16 |   6.00 |  13.58 |   3.87 |I I 
23:10-Mon-May-08-2017 PM2.5 |   2.75 |   2.67 |   7.98 |   2.46 |I I 
23:14-Mon-May-08-2017 PM10  |   6.31 |   6.06 |  13.58 |   3.87 |I I 
23:14-Mon-May-08-2017 PM2.5 |   2.48 |   2.63 |   7.98 |   2.46 |I I 
23:16-Mon-May-08-2017 PM10  |   5.19 |   5.92 |  13.58 |   3.87 |I I 
23:16-Mon-May-08-2017 PM2.5 |   2.64 |   2.63 |   7.98 |   2.46 |I I 
23:20-Mon-May-08-2017 PM10  |   6.59 |   6.01 |  13.58 |   3.87 |I I 
23:20-Mon-May-08-2017 PM2.5 |   2.76 |   2.65 |   7.98 |   2.46 |I I 
23:21-Mon-May-08-2017 PM10  |   5.83 |   5.99 |  13.58 |   3.87 |I I 
23:21-Mon-May-08-2017 PM2.5 |   2.63 |   2.65 |   7.98 |   2.46 |I I 
23:25-Mon-May-08-2017 PM10  |   6.71 |   6.07 |  13.58 |   3.87 |I I 
23:25-Mon-May-08-2017 PM2.5 |   2.76 |   2.66 |   7.98 |   2.46 |I I 
23:26-Mon-May-08-2017 PM10  |   7.50 |   6.21 |  13.58 |   3.87 |I I 
23:26-Mon-May-08-2017 PM2.5 |   2.67 |   2.66 |   7.98 |   2.46 |I I 
23:30-Mon-May-08-2017 PM10  |   5.36 |   6.13 |  13.58 |   3.87 |I I 
23:30-Mon-May-08-2017 PM2.5 |   2.55 |   2.65 |   7.98 |   2.46 |I I 
23:31-Mon-May-08-2017 PM10  |   6.76 |   6.19 |  13.58 |   3.87 |I I 
23:31-Mon-May-08-2017 PM2.5 |   2.72 |   2.66 |   7.98 |   2.46 |I I 
23:35-Mon-May-08-2017 PM10  |   6.55 |   6.21 |  13.58 |   3.87 |I I 
23:35-Mon-May-08-2017 PM2.5 |   2.68 |   2.66 |   7.98 |   2.46 |I I 
23:36-Mon-May-08-2017 PM10  |   4.48 |   6.09 |  13.58 |   3.87 |I I 
23:36-Mon-May-08-2017 PM2.5 |   2.16 |   2.62 |   7.98 |   2.46 |I I 
23:40-Mon-May-08-2017 PM10  |   8.03 |   6.22 |  13.58 |   3.87 |I I 
23:40-Mon-May-08-2017 PM2.5 |   2.42 |   2.61 |   7.98 |   2.46 |I I 
23:41-Mon-May-08-2017 PM10  |   7.21 |   6.28 |  13.58 |   3.87 |I I 
23:41-Mon-May-08-2017 PM2.5 |   2.65 |   2.61 |   7.98 |   2.46 |I I 
23:45-Mon-May-08-2017 PM10  |   9.44 |   6.47 |  13.58 |   3.87 |I I 
23:45-Mon-May-08-2017 PM2.5 |   2.80 |   2.62 |   7.98 |   2.46 |I I 
23:46-Mon-May-08-2017 PM10  |   5.17 |   6.40 |  13.58 |   3.87 |I I 
23:46-Mon-May-08-2017 PM2.5 |   2.64 |   2.62 |   7.98 |   2.46 |I I 
23:50-Mon-May-08-2017 PM10  |   4.92 |   6.32 |  13.58 |   3.87 |I I 
23:50-Mon-May-08-2017 PM2.5 |   2.69 |   2.63 |   7.98 |   2.46 |I I 
23:51-Mon-May-08-2017 PM10  |   5.29 |   6.27 |  13.58 |   3.87 |I I 
23:51-Mon-May-08-2017 PM2.5 |   2.59 |   2.63 |   7.98 |   2.46 |I I 
23:55-Mon-May-08-2017 PM10  |   5.84 |   6.25 |  13.58 |   3.87 |I I 
23:55-Mon-May-08-2017 PM2.5 |   2.74 |   2.63 |   7.98 |   2.46 |I I 
23:56-Mon-May-08-2017 PM10  |   5.65 |   6.22 |  13.58 |   3.87 |I I 
23:56-Mon-May-08-2017 PM2.5 |   2.44 |   2.62 |   7.98 |   2.46 |I I 
00:00-Tue-May-09-2017 PM10  |   6.07 |   6.21 |  13.58 |   3.87 |I I 
