[Mon Feb 20 00:00:40 2017] Report del giorno Monday February 20 2017 -- INVIATO a centraline@googlegroups.com
00:00-Mon-Feb-20-2017 PM2.5 |   8.30 |   9.16 |   9.16 |   3.46 |I I 
00:04-Mon-Feb-20-2017 PM10  |  16.36 |  16.36 |   0.00 |  2000.00|I I 
00:04-Mon-Feb-20-2017 PM2.5 |   8.66 |   8.66 |   0.00 |  2000.00|I I 
00:05-Mon-Feb-20-2017 PM10  |  15.75 |  16.05 |   0.00 |  2000.00|I I 
00:05-Mon-Feb-20-2017 PM2.5 |   8.45 |   8.56 |   0.00 |  2000.00|I I 
00:09-Mon-Feb-20-2017 PM10  |  17.78 |  16.63 |   0.00 |  2000.00|I I 
00:09-Mon-Feb-20-2017 PM2.5 |   9.01 |   8.71 |   0.00 |  2000.00|I I 
00:10-Mon-Feb-20-2017 PM10  |  15.84 |  16.43 |   0.00 |  2000.00|I I 
00:10-Mon-Feb-20-2017 PM2.5 |   8.43 |   8.64 |   0.00 |  2000.00|I I 
00:14-Mon-Feb-20-2017 PM10  |  17.71 |  16.69 |   0.00 |  2000.00|I I 
00:14-Mon-Feb-20-2017 PM2.5 |   9.18 |   8.75 |   0.00 |  2000.00|I I 
00:15-Mon-Feb-20-2017 PM10  |  16.14 |  16.60 |   0.00 |  2000.00|I I 
00:15-Mon-Feb-20-2017 PM2.5 |   8.42 |   8.69 |   0.00 |  2000.00|I I 
00:19-Mon-Feb-20-2017 PM10  |  15.70 |  16.47 |   0.00 |  2000.00|I I 
00:19-Mon-Feb-20-2017 PM2.5 |   8.42 |   8.65 |   0.00 |  2000.00|I I 
00:20-Mon-Feb-20-2017 PM10  |  15.70 |  16.37 |   0.00 |  2000.00|I I 
00:20-Mon-Feb-20-2017 PM2.5 |   8.42 |   8.62 |   0.00 |  2000.00|I I 
00:21-Mon-Feb-20-2017 PM10  |  15.52 |  16.28 |   0.00 |  2000.00|I I 
00:21-Mon-Feb-20-2017 PM2.5 |   8.60 |   8.62 |   0.00 |  2000.00|I I 
00:25-Mon-Feb-20-2017 PM10  |  15.34 |  16.18 |   0.00 |  2000.00|I I 
00:25-Mon-Feb-20-2017 PM2.5 |   8.57 |   8.62 |   0.00 |  2000.00|I I 
00:26-Mon-Feb-20-2017 PM10  |  20.26 |  16.55 |   0.00 |  2000.00|I I 
00:26-Mon-Feb-20-2017 PM2.5 |   8.68 |   8.62 |   0.00 |  2000.00|I I 
00:30-Mon-Feb-20-2017 PM10  |  18.45 |  16.71 |   0.00 |  2000.00|I I 
00:30-Mon-Feb-20-2017 PM2.5 |   8.98 |   8.65 |   0.00 |  2000.00|I I 
00:31-Mon-Feb-20-2017 PM10  |  17.88 |  16.80 |   0.00 |  2000.00|I I 
00:31-Mon-Feb-20-2017 PM2.5 |   8.80 |   8.66 |   0.00 |  2000.00|I I 
00:35-Mon-Feb-20-2017 PM10  |  16.72 |  16.80 |   0.00 |  2000.00|I I 
00:35-Mon-Feb-20-2017 PM2.5 |   8.82 |   8.67 |   0.00 |  2000.00|I I 
00:36-Mon-Feb-20-2017 PM10  |  14.63 |  16.65 |   0.00 |  2000.00|I I 
00:36-Mon-Feb-20-2017 PM2.5 |   7.96 |   8.63 |   0.00 |  2000.00|I I 
00:40-Mon-Feb-20-2017 PM10  |  17.16 |  16.68 |   0.00 |  2000.00|I I 
00:40-Mon-Feb-20-2017 PM2.5 |   9.16 |   8.66 |   0.00 |  2000.00|I I 
00:41-Mon-Feb-20-2017 PM10  |  18.09 |  16.77 |   0.00 |  2000.00|I I 
00:41-Mon-Feb-20-2017 PM2.5 |   8.68 |   8.66 |   0.00 |  2000.00|I I 
00:45-Mon-Feb-20-2017 PM10  |  16.11 |  16.73 |   0.00 |  2000.00|I I 
00:45-Mon-Feb-20-2017 PM2.5 |   8.53 |   8.65 |   0.00 |  2000.00|I I 
00:46-Mon-Feb-20-2017 PM10  |  16.11 |  16.70 |   0.00 |  2000.00|I I 
00:46-Mon-Feb-20-2017 PM2.5 |   8.53 |   8.65 |   0.00 |  2000.00|I I 
00:47-Mon-Feb-20-2017 PM10  |  18.64 |  16.79 |   0.00 |  2000.00|I I 
00:47-Mon-Feb-20-2017 PM2.5 |   8.31 |   8.63 |   0.00 |  2000.00|I I 
00:51-Mon-Feb-20-2017 PM10  |  16.37 |  16.77 |   0.00 |  2000.00|I I 
00:51-Mon-Feb-20-2017 PM2.5 |   8.38 |   8.62 |   0.00 |  2000.00|I I 
00:52-Mon-Feb-20-2017 PM10  |  16.40 |  16.76 |   0.00 |  2000.00|I I 
00:52-Mon-Feb-20-2017 PM2.5 |   7.80 |   8.58 |   0.00 |  2000.00|I I 
00:56-Mon-Feb-20-2017 PM10  |  15.30 |  16.69 |   0.00 |  2000.00|I I 
00:56-Mon-Feb-20-2017 PM2.5 |   8.20 |   8.56 |   0.00 |  2000.00|I I 
00:57-Mon-Feb-20-2017 PM10  |  14.91 |  16.62 |   0.00 |  2000.00|I I 
00:57-Mon-Feb-20-2017 PM2.5 |   7.80 |   8.53 |   0.00 |  2000.00|I I 
01:01-Mon-Feb-20-2017 PM10  |  15.98 |  16.59 |  16.59 |  16.59 |I I 
01:01-Mon-Feb-20-2017 PM2.5 |   8.70 |   8.54 |   8.54 |   8.54 |I I 
01:03-Mon-Feb-20-2017 PM10  |  16.57 |  16.57 |  16.59 |  16.59 |I I 
01:03-Mon-Feb-20-2017 PM2.5 |   8.57 |   8.57 |   8.54 |   8.54 |I I 
01:07-Mon-Feb-20-2017 PM10  |  15.85 |  16.21 |  16.59 |  16.59 |I I 
01:07-Mon-Feb-20-2017 PM2.5 |   8.94 |   8.75 |   8.54 |   8.54 |I I 
01:08-Mon-Feb-20-2017 PM10  |  17.66 |  16.69 |  16.59 |  16.59 |I I 
01:08-Mon-Feb-20-2017 PM2.5 |   8.99 |   8.83 |   8.54 |   8.54 |I I 
01:12-Mon-Feb-20-2017 PM10  |  18.01 |  17.02 |  16.59 |  16.59 |I I 
01:12-Mon-Feb-20-2017 PM2.5 |   9.59 |   9.02 |   8.54 |   8.54 |I I 
01:13-Mon-Feb-20-2017 PM10  |  15.02 |  16.62 |  16.59 |  16.59 |I I 
01:13-Mon-Feb-20-2017 PM2.5 |   8.09 |   8.83 |   8.54 |   8.54 |I I 
01:14-Mon-Feb-20-2017 PM10  |  15.02 |  16.36 |  16.59 |  16.59 |I I 
01:14-Mon-Feb-20-2017 PM2.5 |   8.09 |   8.71 |   8.54 |   8.54 |I I 
01:18-Mon-Feb-20-2017 PM10  |  15.74 |  16.27 |  16.59 |  16.59 |I I 
01:18-Mon-Feb-20-2017 PM2.5 |   8.60 |   8.69 |   8.54 |   8.54 |I I 
01:19-Mon-Feb-20-2017 PM10  |  18.70 |  16.57 |  16.59 |  16.59 |I I 
01:19-Mon-Feb-20-2017 PM2.5 |   8.41 |   8.66 |   8.54 |   8.54 |I I 
01:23-Mon-Feb-20-2017 PM10  |  18.84 |  16.82 |  16.59 |  16.59 |I I 
01:23-Mon-Feb-20-2017 PM2.5 |   9.05 |   8.70 |   8.54 |   8.54 |I I 
01:24-Mon-Feb-20-2017 PM10  |  17.45 |  16.88 |  16.59 |  16.59 |I I 
01:24-Mon-Feb-20-2017 PM2.5 |   8.87 |   8.72 |   8.54 |   8.54 |I I 
01:28-Mon-Feb-20-2017 PM10  |  16.92 |  16.89 |  16.59 |  16.59 |I I 
01:28-Mon-Feb-20-2017 PM2.5 |   9.50 |   8.79 |   8.54 |   8.54 |I I 
01:29-Mon-Feb-20-2017 PM10  |  15.43 |  16.77 |  16.59 |  16.59 |I I 
01:29-Mon-Feb-20-2017 PM2.5 |   8.30 |   8.75 |   8.54 |   8.54 |I I 
01:33-Mon-Feb-20-2017 PM10  |  18.72 |  16.92 |  16.59 |  16.59 |I I 
01:33-Mon-Feb-20-2017 PM2.5 |   9.57 |   8.81 |   8.54 |   8.54 |I I 
01:34-Mon-Feb-20-2017 PM10  |  17.83 |  16.98 |  16.59 |  16.59 |I I 
01:34-Mon-Feb-20-2017 PM2.5 |   8.95 |   8.82 |   8.54 |   8.54 |I I 
01:38-Mon-Feb-20-2017 PM10  |  18.87 |  17.11 |  16.59 |  16.59 |I I 
01:38-Mon-Feb-20-2017 PM2.5 |   9.44 |   8.86 |   8.54 |   8.54 |I I 
01:39-Mon-Feb-20-2017 PM10  |  16.65 |  17.08 |  16.59 |  16.59 |I I 
01:39-Mon-Feb-20-2017 PM2.5 |   8.75 |   8.86 |   8.54 |   8.54 |I I 
01:40-Mon-Feb-20-2017 PM10  |  16.65 |  17.05 |  16.59 |  16.59 |I I 
01:40-Mon-Feb-20-2017 PM2.5 |   8.75 |   8.85 |   8.54 |   8.54 |I I 
01:44-Mon-Feb-20-2017 PM10  |  17.05 |  17.05 |  16.59 |  16.59 |I I 
01:44-Mon-Feb-20-2017 PM2.5 |   9.00 |   8.86 |   8.54 |   8.54 |I I 
01:45-Mon-Feb-20-2017 PM10  |  13.03 |  16.84 |  16.59 |  16.59 |I I 
01:45-Mon-Feb-20-2017 PM2.5 |   7.75 |   8.80 |   8.54 |   8.54 |I I 
01:49-Mon-Feb-20-2017 PM10  |  15.06 |  16.75 |  16.59 |  16.59 |I I 
01:49-Mon-Feb-20-2017 PM2.5 |   8.31 |   8.78 |   8.54 |   8.54 |I I 
01:50-Mon-Feb-20-2017 PM10  |  15.63 |  16.70 |  16.59 |  16.59 |I I 
01:50-Mon-Feb-20-2017 PM2.5 |   8.30 |   8.75 |   8.54 |   8.54 |I I 
01:54-Mon-Feb-20-2017 PM10  |  16.59 |  16.69 |  16.59 |  16.59 |I I 
01:54-Mon-Feb-20-2017 PM2.5 |   9.28 |   8.78 |   8.54 |   8.54 |I I 
01:55-Mon-Feb-20-2017 PM10  |  19.94 |  16.84 |  16.59 |  16.59 |I I 
01:55-Mon-Feb-20-2017 PM2.5 |   8.93 |   8.78 |   8.54 |   8.54 |I I 
01:59-Mon-Feb-20-2017 PM10  |  17.50 |  16.86 |  16.59 |  16.59 |I I 
01:59-Mon-Feb-20-2017 PM2.5 |   9.63 |   8.82 |   8.54 |   8.54 |I I 
02:00-Mon-Feb-20-2017 PM10  |  18.36 |  16.92 |  16.92 |  16.59 |I I 
02:00-Mon-Feb-20-2017 PM2.5 |   9.17 |   8.83 |   8.83 |   8.54 |I I 
02:04-Mon-Feb-20-2017 PM10  |  19.04 |  19.04 |  16.92 |  16.59 |I I 
02:04-Mon-Feb-20-2017 PM2.5 |   9.67 |   9.67 |   8.83 |   8.54 |I I 
02:05-Mon-Feb-20-2017 PM10  |  17.17 |  18.10 |  16.92 |  16.59 |I I 
02:05-Mon-Feb-20-2017 PM2.5 |   8.87 |   9.27 |   8.83 |   8.54 |I I 
02:06-Mon-Feb-20-2017 PM10  |  17.17 |  17.79 |  16.92 |  16.59 |I I 
02:06-Mon-Feb-20-2017 PM2.5 |   8.87 |   9.14 |   8.83 |   8.54 |I I 
02:09-Mon-Feb-20-2017 PM10  |  16.96 |  17.59 |  16.92 |  16.59 |I I 
02:09-Mon-Feb-20-2017 PM2.5 |   9.21 |   9.16 |   8.83 |   8.54 |I I 
02:10-Mon-Feb-20-2017 PM10  |  16.96 |  17.46 |  16.92 |  16.59 |I I 
02:10-Mon-Feb-20-2017 PM2.5 |   9.21 |   9.17 |   8.83 |   8.54 |I I 
02:11-Mon-Feb-20-2017 PM10  |  15.98 |  17.21 |  16.92 |  16.59 |I I 
02:11-Mon-Feb-20-2017 PM2.5 |   8.77 |   9.10 |   8.83 |   8.54 |I I 
02:15-Mon-Feb-20-2017 PM10  |  16.70 |  17.14 |  16.92 |  16.59 |I I 
02:15-Mon-Feb-20-2017 PM2.5 |   9.69 |   9.18 |   8.83 |   8.54 |I I 
02:16-Mon-Feb-20-2017 PM10  |  21.19 |  17.65 |  16.92 |  16.59 |I I 
02:16-Mon-Feb-20-2017 PM2.5 |  10.08 |   9.30 |   8.83 |   8.54 |I I 
02:20-Mon-Feb-20-2017 PM10  |  17.46 |  17.63 |  16.92 |  16.59 |I I 
02:20-Mon-Feb-20-2017 PM2.5 |  10.66 |   9.45 |   8.83 |   8.54 |I I 
02:21-Mon-Feb-20-2017 PM10  |  18.74 |  17.74 |  16.92 |  16.59 |I I 
02:21-Mon-Feb-20-2017 PM2.5 |   9.83 |   9.49 |   8.83 |   8.54 |I I 
02:25-Mon-Feb-20-2017 PM10  |  20.43 |  17.98 |  16.92 |  16.59 |I I 
02:25-Mon-Feb-20-2017 PM2.5 |  10.48 |   9.58 |   8.83 |   8.54 |I I 
02:26-Mon-Feb-20-2017 PM10  |  18.80 |  18.05 |  16.92 |  16.59 |I I 
02:26-Mon-Feb-20-2017 PM2.5 |   9.84 |   9.60 |   8.83 |   8.54 |I I 
02:30-Mon-Feb-20-2017 PM10  |  17.77 |  18.03 |  16.92 |  16.59 |I I 
02:30-Mon-Feb-20-2017 PM2.5 |   9.77 |   9.61 |   8.83 |   8.54 |I I 
02:31-Mon-Feb-20-2017 PM10  |  18.53 |  18.06 |  16.92 |  16.59 |I I 
02:31-Mon-Feb-20-2017 PM2.5 |   9.32 |   9.59 |   8.83 |   8.54 |I I 
02:35-Mon-Feb-20-2017 PM10  |  17.34 |  18.02 |  16.92 |  16.59 |I I 
02:35-Mon-Feb-20-2017 PM2.5 |   9.22 |   9.57 |   8.83 |   8.54 |I I 
02:36-Mon-Feb-20-2017 PM10  |  17.34 |  17.97 |  16.92 |  16.59 |I I 
02:36-Mon-Feb-20-2017 PM2.5 |   9.22 |   9.54 |   8.83 |   8.54 |I I 
02:37-Mon-Feb-20-2017 PM10  |  13.74 |  17.73 |  16.92 |  16.59 |I I 
02:37-Mon-Feb-20-2017 PM2.5 |   7.29 |   9.41 |   8.83 |   8.54 |I I 
02:41-Mon-Feb-20-2017 PM10  |  15.82 |  17.62 |  16.92 |  16.59 |I I 
02:41-Mon-Feb-20-2017 PM2.5 |   8.03 |   9.33 |   8.83 |   8.54 |I I 
02:42-Mon-Feb-20-2017 PM10  |  15.06 |  17.49 |  16.92 |  16.59 |I I 
02:42-Mon-Feb-20-2017 PM2.5 |   6.94 |   9.21 |   8.83 |   8.54 |I I 
02:46-Mon-Feb-20-2017 PM10  |  16.63 |  17.44 |  16.92 |  16.59 |I I 
02:46-Mon-Feb-20-2017 PM2.5 |   8.11 |   9.15 |   8.83 |   8.54 |I I 
02:47-Mon-Feb-20-2017 PM10  |  13.94 |  17.28 |  16.92 |  16.59 |I I 
02:47-Mon-Feb-20-2017 PM2.5 |   7.71 |   9.09 |   8.83 |   8.54 |I I 
02:51-Mon-Feb-20-2017 PM10  |  15.96 |  17.22 |  16.92 |  16.59 |I I 
02:51-Mon-Feb-20-2017 PM2.5 |   8.18 |   9.04 |   8.83 |   8.54 |I I 
02:52-Mon-Feb-20-2017 PM10  |  14.20 |  17.08 |  16.92 |  16.59 |I I 
02:52-Mon-Feb-20-2017 PM2.5 |   7.64 |   8.98 |   8.83 |   8.54 |I I 
02:56-Mon-Feb-20-2017 PM10  |  11.95 |  16.87 |  16.92 |  16.59 |I I 
02:56-Mon-Feb-20-2017 PM2.5 |   7.47 |   8.92 |   8.83 |   8.54 |I I 
02:57-Mon-Feb-20-2017 PM10  |  11.69 |  16.66 |  16.92 |  16.59 |I I 
02:57-Mon-Feb-20-2017 PM2.5 |   7.10 |   8.85 |   8.83 |   8.54 |I I 
03:01-Mon-Feb-20-2017 PM10  |  13.78 |  16.55 |  16.92 |  16.55 |I I 
03:01-Mon-Feb-20-2017 PM2.5 |   7.46 |   8.79 |   8.83 |   8.54 |I I 
03:02-Mon-Feb-20-2017 PM10  |  13.39 |  13.39 |  16.92 |  16.55 |I I 
03:02-Mon-Feb-20-2017 PM2.5 |   6.66 |   6.66 |   8.83 |   8.54 |I I 
03:03-Mon-Feb-20-2017 PM10  |  13.39 |  13.39 |  16.92 |  16.55 |I I 
03:03-Mon-Feb-20-2017 PM2.5 |   6.66 |   6.66 |   8.83 |   8.54 |I I 
03:07-Mon-Feb-20-2017 PM10  |  12.41 |  13.06 |  16.92 |  16.55 |I I 
03:07-Mon-Feb-20-2017 PM2.5 |   6.88 |   6.73 |   8.83 |   8.54 |I I 
03:08-Mon-Feb-20-2017 PM10  |  10.45 |  12.41 |  16.92 |  16.55 |I I 
03:08-Mon-Feb-20-2017 PM2.5 |   6.04 |   6.56 |   8.83 |   8.54 |I I 
03:12-Mon-Feb-20-2017 PM10  |  12.51 |  12.43 |  16.92 |  16.55 |I I 
03:12-Mon-Feb-20-2017 PM2.5 |   6.93 |   6.63 |   8.83 |   8.54 |I I 
03:13-Mon-Feb-20-2017 PM10  |  11.70 |  12.31 |  16.92 |  16.55 |I I 
03:13-Mon-Feb-20-2017 PM2.5 |   6.19 |   6.56 |   8.83 |   8.54 |I I 
03:17-Mon-Feb-20-2017 PM10  |  12.39 |  12.32 |  16.92 |  16.55 |I I 
03:17-Mon-Feb-20-2017 PM2.5 |   6.39 |   6.54 |   8.83 |   8.54 |I I 
03:18-Mon-Feb-20-2017 PM10  |  11.58 |  12.23 |  16.92 |  16.55 |I I 
03:18-Mon-Feb-20-2017 PM2.5 |   6.08 |   6.48 |   8.83 |   8.54 |I I 
03:22-Mon-Feb-20-2017 PM10  |  10.16 |  12.00 |  16.92 |  16.55 |I I 
03:22-Mon-Feb-20-2017 PM2.5 |   6.58 |   6.49 |   8.83 |   8.54 |I I 
03:23-Mon-Feb-20-2017 PM10  |  12.14 |  12.01 |  16.92 |  16.55 |I I 
03:23-Mon-Feb-20-2017 PM2.5 |   6.28 |   6.47 |   8.83 |   8.54 |I I 
03:27-Mon-Feb-20-2017 PM10  |  11.56 |  11.97 |  16.92 |  16.55 |I I 
03:27-Mon-Feb-20-2017 PM2.5 |   6.50 |   6.47 |   8.83 |   8.54 |I I 
03:28-Mon-Feb-20-2017 PM10  |   9.11 |  11.73 |  16.92 |  16.55 |I I 
03:28-Mon-Feb-20-2017 PM2.5 |   5.81 |   6.42 |   8.83 |   8.54 |I I 
03:29-Mon-Feb-20-2017 PM10  |   9.11 |  11.53 |  16.92 |  16.55 |I I 
03:29-Mon-Feb-20-2017 PM2.5 |   5.81 |   6.37 |   8.83 |   8.54 |I I 
03:33-Mon-Feb-20-2017 PM10  |  10.37 |  11.45 |  16.92 |  16.55 |I I 
03:33-Mon-Feb-20-2017 PM2.5 |   6.25 |   6.36 |   8.83 |   8.54 |I I 
03:34-Mon-Feb-20-2017 PM10  |  10.00 |  11.35 |  16.92 |  16.55 |I I 
03:34-Mon-Feb-20-2017 PM2.5 |   5.31 |   6.29 |   8.83 |   8.54 |I I 
03:38-Mon-Feb-20-2017 PM10  |  11.14 |  11.34 |  16.92 |  16.55 |I I 
03:38-Mon-Feb-20-2017 PM2.5 |   6.12 |   6.28 |   8.83 |   8.54 |I I 
03:39-Mon-Feb-20-2017 PM10  |  12.65 |  11.42 |  16.92 |  16.55 |I I 
03:39-Mon-Feb-20-2017 PM2.5 |   6.14 |   6.27 |   8.83 |   8.54 |I I 
03:43-Mon-Feb-20-2017 PM10  |  12.17 |  11.46 |  16.92 |  16.55 |I I 
03:43-Mon-Feb-20-2017 PM2.5 |   6.65 |   6.29 |   8.83 |   8.54 |I I 
03:44-Mon-Feb-20-2017 PM10  |   9.15 |  11.34 |  16.92 |  16.55 |I I 
03:44-Mon-Feb-20-2017 PM2.5 |   5.62 |   6.26 |   8.83 |   8.54 |I I 
03:48-Mon-Feb-20-2017 PM10  |   9.97 |  11.27 |  16.92 |  16.55 |I I 
03:48-Mon-Feb-20-2017 PM2.5 |   5.97 |   6.24 |   8.83 |   8.54 |I I 
03:49-Mon-Feb-20-2017 PM10  |  13.62 |  11.38 |  16.92 |  16.55 |I I 
03:49-Mon-Feb-20-2017 PM2.5 |   5.78 |   6.22 |   8.83 |   8.54 |I I 
03:53-Mon-Feb-20-2017 PM10  |  13.37 |  11.47 |  16.92 |  16.55 |I I 
03:53-Mon-Feb-20-2017 PM2.5 |   6.55 |   6.24 |   8.83 |   8.54 |I I 
03:54-Mon-Feb-20-2017 PM10  |  12.19 |  11.50 |  16.92 |  16.55 |I I 
03:54-Mon-Feb-20-2017 PM2.5 |   6.43 |   6.24 |   8.83 |   8.54 |I I 
03:55-Mon-Feb-20-2017 PM10  |  12.19 |  11.53 |  16.92 |  16.55 |I I 
03:55-Mon-Feb-20-2017 PM2.5 |   6.43 |   6.25 |   8.83 |   8.54 |I I 
04:00-Mon-Feb-20-2017 PM10  |  14.65 |  11.66 |  16.92 |  11.66 |I I 
04:00-Mon-Feb-20-2017 PM2.5 |   6.70 |   6.27 |   8.83 |   6.27 |I I 
04:01-Mon-Feb-20-2017 PM10  |  14.50 |  14.50 |  16.92 |  11.66 |I I 
04:01-Mon-Feb-20-2017 PM2.5 |   7.84 |   7.84 |   8.83 |   6.27 |I I 
04:05-Mon-Feb-20-2017 PM10  |  17.23 |  15.87 |  16.92 |  11.66 |I I 
04:05-Mon-Feb-20-2017 PM2.5 |   9.14 |   8.49 |   8.83 |   6.27 |I I 
04:06-Mon-Feb-20-2017 PM10  |  15.95 |  15.89 |  16.92 |  11.66 |I I 
04:06-Mon-Feb-20-2017 PM2.5 |   7.90 |   8.29 |   8.83 |   6.27 |I I 
04:10-Mon-Feb-20-2017 PM10  |  16.46 |  16.04 |  16.92 |  11.66 |I I 
04:10-Mon-Feb-20-2017 PM2.5 |   8.80 |   8.42 |   8.83 |   6.27 |I I 
04:11-Mon-Feb-20-2017 PM10  |  17.99 |  16.43 |  16.92 |  11.66 |I I 
04:11-Mon-Feb-20-2017 PM2.5 |   8.89 |   8.51 |   8.83 |   6.27 |I I 
04:15-Mon-Feb-20-2017 PM10  |  18.40 |  16.76 |  16.92 |  11.66 |I I 
04:15-Mon-Feb-20-2017 PM2.5 |   9.44 |   8.67 |   8.83 |   6.27 |I I 
04:16-Mon-Feb-20-2017 PM10  |  15.63 |  16.59 |  16.92 |  11.66 |I I 
04:16-Mon-Feb-20-2017 PM2.5 |   8.87 |   8.70 |   8.83 |   6.27 |I I 
04:20-Mon-Feb-20-2017 PM10  |  15.82 |  16.50 |  16.92 |  11.66 |I I 
04:20-Mon-Feb-20-2017 PM2.5 |   8.96 |   8.73 |   8.83 |   6.27 |I I 
04:21-Mon-Feb-20-2017 PM10  |  16.42 |  16.49 |  16.92 |  11.66 |I I 
04:21-Mon-Feb-20-2017 PM2.5 |   9.04 |   8.77 |   8.83 |   6.27 |I I 
04:22-Mon-Feb-20-2017 PM10  |  16.42 |  16.48 |  16.92 |  11.66 |I I 
04:22-Mon-Feb-20-2017 PM2.5 |   9.04 |   8.79 |   8.83 |   6.27 |I I 
04:26-Mon-Feb-20-2017 PM10  |  17.53 |  16.58 |  16.92 |  11.66 |I I 
04:26-Mon-Feb-20-2017 PM2.5 |   9.67 |   8.87 |   8.83 |   6.27 |I I 
04:27-Mon-Feb-20-2017 PM10  |  15.57 |  16.49 |  16.92 |  11.66 |I I 
04:27-Mon-Feb-20-2017 PM2.5 |   8.45 |   8.84 |   8.83 |   6.27 |I I 
04:31-Mon-Feb-20-2017 PM10  |  16.30 |  16.48 |  16.92 |  11.66 |I I 
04:31-Mon-Feb-20-2017 PM2.5 |   9.19 |   8.87 |   8.83 |   6.27 |I I 
04:32-Mon-Feb-20-2017 PM10  |  16.71 |  16.50 |  16.92 |  11.66 |I I 
04:32-Mon-Feb-20-2017 PM2.5 |   8.41 |   8.83 |   8.83 |   6.27 |I I 
04:36-Mon-Feb-20-2017 PM10  |  15.93 |  16.46 |  16.92 |  11.66 |I I 
04:36-Mon-Feb-20-2017 PM2.5 |   8.40 |   8.80 |   8.83 |   6.27 |I I 
04:37-Mon-Feb-20-2017 PM10  |  15.06 |  16.37 |  16.92 |  11.66 |I I 
04:37-Mon-Feb-20-2017 PM2.5 |   7.26 |   8.71 |   8.83 |   6.27 |I I 
04:41-Mon-Feb-20-2017 PM10  |  15.90 |  16.34 |  16.92 |  11.66 |I I 
04:41-Mon-Feb-20-2017 PM2.5 |   8.33 |   8.69 |   8.83 |   6.27 |I I 
04:42-Mon-Feb-20-2017 PM10  |  14.13 |  16.22 |  16.92 |  11.66 |I I 
04:42-Mon-Feb-20-2017 PM2.5 |   6.89 |   8.59 |   8.83 |   6.27 |I I 
04:46-Mon-Feb-20-2017 PM10  |  14.81 |  16.15 |  16.92 |  11.66 |I I 
04:46-Mon-Feb-20-2017 PM2.5 |   7.55 |   8.53 |   8.83 |   6.27 |I I 
04:47-Mon-Feb-20-2017 PM10  |  11.63 |  15.92 |  16.92 |  11.66 |I I 
04:47-Mon-Feb-20-2017 PM2.5 |   6.88 |   8.45 |   8.83 |   6.27 |I I 
04:51-Mon-Feb-20-2017 PM10  |  12.38 |  15.75 |  16.92 |  11.66 |I I 
04:51-Mon-Feb-20-2017 PM2.5 |   7.32 |   8.39 |   8.83 |   6.27 |I I 
04:52-Mon-Feb-20-2017 PM10  |  12.38 |  15.60 |  16.92 |  11.66 |I I 
04:52-Mon-Feb-20-2017 PM2.5 |   7.32 |   8.35 |   8.83 |   6.27 |I I 
04:53-Mon-Feb-20-2017 PM10  |  13.11 |  15.49 |  16.92 |  11.66 |I I 
04:53-Mon-Feb-20-2017 PM2.5 |   7.21 |   8.30 |   8.83 |   6.27 |I I 
04:57-Mon-Feb-20-2017 PM10  |  14.10 |  15.43 |  16.92 |  11.66 |I I 
04:57-Mon-Feb-20-2017 PM2.5 |   8.23 |   8.29 |   8.83 |   6.27 |I I 
04:58-Mon-Feb-20-2017 PM10  |  13.57 |  15.36 |  16.92 |  11.66 |I I 
04:58-Mon-Feb-20-2017 PM2.5 |   8.12 |   8.29 |   8.83 |   6.27 |I I 
05:02-Mon-Feb-20-2017 PM10  |  16.54 |  15.40 |  16.92 |  11.66 |I I 
05:02-Mon-Feb-20-2017 PM2.5 |   9.03 |   8.32 |   8.83 |   6.27 |I I 
05:03-Mon-Feb-20-2017 PM10  |  15.11 |  15.11 |  16.92 |  11.66 |I I 
05:03-Mon-Feb-20-2017 PM2.5 |   8.48 |   8.48 |   8.83 |   6.27 |I I 
05:07-Mon-Feb-20-2017 PM10  |  16.76 |  15.94 |  16.92 |  11.66 |I I 
05:07-Mon-Feb-20-2017 PM2.5 |   8.98 |   8.73 |   8.83 |   6.27 |I I 
05:08-Mon-Feb-20-2017 PM10  |  17.00 |  16.29 |  16.92 |  11.66 |I I 
05:08-Mon-Feb-20-2017 PM2.5 |   8.91 |   8.79 |   8.83 |   6.27 |I I 
05:12-Mon-Feb-20-2017 PM10  |  17.77 |  16.66 |  16.92 |  11.66 |I I 
05:12-Mon-Feb-20-2017 PM2.5 |   9.79 |   9.04 |   8.83 |   6.27 |I I 
05:13-Mon-Feb-20-2017 PM10  |  18.07 |  16.94 |  16.92 |  11.66 |I I 
05:13-Mon-Feb-20-2017 PM2.5 |   8.70 |   8.97 |   8.83 |   6.27 |I I 
05:17-Mon-Feb-20-2017 PM10  |  18.57 |  17.21 |  16.92 |  11.66 |I I 
05:17-Mon-Feb-20-2017 PM2.5 |   9.81 |   9.11 |   8.83 |   6.27 |I I 
05:18-Mon-Feb-20-2017 PM10  |  18.57 |  17.41 |  16.92 |  11.66 |I I 
05:18-Mon-Feb-20-2017 PM2.5 |   9.81 |   9.21 |   8.83 |   6.27 |I I 
05:19-Mon-Feb-20-2017 PM10  |  15.25 |  17.14 |  16.92 |  11.66 |I I 
05:19-Mon-Feb-20-2017 PM2.5 |   8.97 |   9.18 |   8.83 |   6.27 |I I 
05:23-Mon-Feb-20-2017 PM10  |  18.71 |  17.31 |  16.92 |  11.66 |I I 
05:23-Mon-Feb-20-2017 PM2.5 |   9.84 |   9.25 |   8.83 |   6.27 |I I 
05:24-Mon-Feb-20-2017 PM10  |  19.37 |  17.52 |  16.92 |  11.66 |I I 
05:24-Mon-Feb-20-2017 PM2.5 |   9.80 |   9.31 |   8.83 |   6.27 |I I 
05:28-Mon-Feb-20-2017 PM10  |  20.91 |  17.83 |  16.92 |  11.66 |I I 
05:28-Mon-Feb-20-2017 PM2.5 |  10.72 |   9.44 |   8.83 |   6.27 |I I 
05:29-Mon-Feb-20-2017 PM10  |  19.93 |  18.00 |  16.92 |  11.66 |I I 
05:29-Mon-Feb-20-2017 PM2.5 |   9.84 |   9.47 |   8.83 |   6.27 |I I 
05:33-Mon-Feb-20-2017 PM10  |  19.02 |  18.08 |  16.92 |  11.66 |I I 
05:33-Mon-Feb-20-2017 PM2.5 |  10.44 |   9.54 |   8.83 |   6.27 |I I 
05:34-Mon-Feb-20-2017 PM10  |  20.67 |  18.26 |  16.92 |  11.66 |I I 
05:34-Mon-Feb-20-2017 PM2.5 |  10.34 |   9.60 |   8.83 |   6.27 |I I 
05:38-Mon-Feb-20-2017 PM10  |  18.15 |  18.26 |  16.92 |  11.66 |I I 
05:38-Mon-Feb-20-2017 PM2.5 |   9.77 |   9.61 |   8.83 |   6.27 |I I 
05:39-Mon-Feb-20-2017 PM10  |  16.38 |  18.14 |  16.92 |  11.66 |I I 
05:39-Mon-Feb-20-2017 PM2.5 |   8.60 |   9.55 |   8.83 |   6.27 |I I 
05:43-Mon-Feb-20-2017 PM10  |  18.09 |  18.14 |  16.92 |  11.66 |I I 
05:43-Mon-Feb-20-2017 PM2.5 |   9.94 |   9.57 |   8.83 |   6.27 |I I 
05:44-Mon-Feb-20-2017 PM10  |  18.09 |  18.13 |  16.92 |  11.66 |I I 
05:44-Mon-Feb-20-2017 PM2.5 |   9.94 |   9.59 |   8.83 |   6.27 |I I 
05:45-Mon-Feb-20-2017 PM10  |  17.51 |  18.10 |  16.92 |  11.66 |I I 
05:45-Mon-Feb-20-2017 PM2.5 |   9.46 |   9.59 |   8.83 |   6.27 |I I 
05:49-Mon-Feb-20-2017 PM10  |  17.53 |  18.07 |  16.92 |  11.66 |I I 
05:49-Mon-Feb-20-2017 PM2.5 |   9.36 |   9.58 |   8.83 |   6.27 |I I 
05:50-Mon-Feb-20-2017 PM10  |  17.71 |  18.06 |  16.92 |  11.66 |I I 
05:50-Mon-Feb-20-2017 PM2.5 |   8.65 |   9.53 |   8.83 |   6.27 |I I 
05:54-Mon-Feb-20-2017 PM10  |  17.24 |  18.02 |  16.92 |  11.66 |I I 
05:54-Mon-Feb-20-2017 PM2.5 |   9.26 |   9.52 |   8.83 |   6.27 |I I 
05:55-Mon-Feb-20-2017 PM10  |  18.10 |  18.02 |  16.92 |  11.66 |I I 
05:55-Mon-Feb-20-2017 PM2.5 |   8.61 |   9.48 |   8.83 |   6.27 |I I 
05:59-Mon-Feb-20-2017 PM10  |  18.25 |  18.03 |  16.92 |  11.66 |I I 
05:59-Mon-Feb-20-2017 PM2.5 |   9.51 |   9.48 |   8.83 |   6.27 |I I 
06:00-Mon-Feb-20-2017 PM10  |  18.08 |  18.03 |  18.03 |  11.66 |I I 
06:00-Mon-Feb-20-2017 PM2.5 |   8.68 |   9.45 |   9.45 |   6.27 |I I 
06:04-Mon-Feb-20-2017 PM10  |  16.85 |  16.85 |  18.03 |  11.66 |I I 
06:04-Mon-Feb-20-2017 PM2.5 |   8.85 |   8.85 |   9.45 |   6.27 |I I 
06:05-Mon-Feb-20-2017 PM10  |  17.81 |  17.33 |  18.03 |  11.66 |I I 
06:05-Mon-Feb-20-2017 PM2.5 |   8.55 |   8.70 |   9.45 |   6.27 |I I 
06:09-Mon-Feb-20-2017 PM10  |  17.16 |  17.27 |  18.03 |  11.66 |I I 
06:09-Mon-Feb-20-2017 PM2.5 |   9.13 |   8.84 |   9.45 |   6.27 |I I 
06:10-Mon-Feb-20-2017 PM10  |  15.51 |  16.83 |  18.03 |  11.66 |I I 
06:10-Mon-Feb-20-2017 PM2.5 |   8.42 |   8.74 |   9.45 |   6.27 |I I 
06:11-Mon-Feb-20-2017 PM10  |  15.51 |  16.57 |  18.03 |  11.66 |I I 
06:11-Mon-Feb-20-2017 PM2.5 |   8.42 |   8.68 |   9.45 |   6.27 |I I 
06:15-Mon-Feb-20-2017 PM10  |  15.72 |  16.43 |  18.03 |  11.66 |I I 
06:15-Mon-Feb-20-2017 PM2.5 |   8.65 |   8.67 |   9.45 |   6.27 |I I 
06:16-Mon-Feb-20-2017 PM10  |  16.70 |  16.46 |  18.03 |  11.66 |I I 
06:16-Mon-Feb-20-2017 PM2.5 |   8.44 |   8.64 |   9.45 |   6.27 |I I 
06:20-Mon-Feb-20-2017 PM10  |  17.56 |  16.60 |  18.03 |  11.66 |I I 
06:20-Mon-Feb-20-2017 PM2.5 |   9.13 |   8.70 |   9.45 |   6.27 |I I 
06:21-Mon-Feb-20-2017 PM10  |  18.30 |  16.79 |  18.03 |  11.66 |I I 
06:21-Mon-Feb-20-2017 PM2.5 |   9.63 |   8.80 |   9.45 |   6.27 |I I 
06:25-Mon-Feb-20-2017 PM10  |  18.23 |  16.93 |  18.03 |  11.66 |I I 
06:25-Mon-Feb-20-2017 PM2.5 |  10.26 |   8.95 |   9.45 |   6.27 |I I 
06:26-Mon-Feb-20-2017 PM10  |  18.39 |  17.07 |  18.03 |  11.66 |I I 
06:26-Mon-Feb-20-2017 PM2.5 |   9.25 |   8.98 |   9.45 |   6.27 |I I 
06:30-Mon-Feb-20-2017 PM10  |  24.89 |  17.72 |  18.03 |  11.66 |I I 
06:30-Mon-Feb-20-2017 PM2.5 |  10.23 |   9.08 |   9.45 |   6.27 |I I 
06:31-Mon-Feb-20-2017 PM10  |  25.54 |  18.32 |  18.03 |  11.66 |I I 
06:31-Mon-Feb-20-2017 PM2.5 |  10.17 |   9.17 |   9.45 |   6.27 |I I 
06:35-Mon-Feb-20-2017 PM10  |  21.05 |  18.52 |  18.03 |  11.66 |I I 
06:35-Mon-Feb-20-2017 PM2.5 |  10.64 |   9.27 |   9.45 |   6.27 |I I 
06:36-Mon-Feb-20-2017 PM10  |  19.27 |  18.57 |  18.03 |  11.66 |I I 
06:36-Mon-Feb-20-2017 PM2.5 |   9.61 |   9.29 |   9.45 |   6.27 |I I 
06:37-Mon-Feb-20-2017 PM10  |  19.27 |  18.61 |  18.03 |  11.66 |I I 
06:37-Mon-Feb-20-2017 PM2.5 |   9.61 |   9.31 |   9.45 |   6.27 |I I 
06:41-Mon-Feb-20-2017 PM10  |  20.60 |  18.73 |  18.03 |  11.66 |I I 
06:41-Mon-Feb-20-2017 PM2.5 |  10.66 |   9.39 |   9.45 |   6.27 |I I 
06:42-Mon-Feb-20-2017 PM10  |  19.02 |  18.74 |  18.03 |  11.66 |I I 
06:42-Mon-Feb-20-2017 PM2.5 |   9.10 |   9.38 |   9.45 |   6.27 |I I 
06:46-Mon-Feb-20-2017 PM10  |  22.02 |  18.92 |  18.03 |  11.66 |I I 
06:46-Mon-Feb-20-2017 PM2.5 |   9.87 |   9.40 |   9.45 |   6.27 |I I 
06:47-Mon-Feb-20-2017 PM10  |  20.82 |  19.01 |  18.03 |  11.66 |I I 
06:47-Mon-Feb-20-2017 PM2.5 |   9.48 |   9.41 |   9.45 |   6.27 |I I 
06:51-Mon-Feb-20-2017 PM10  |  20.21 |  19.07 |  18.03 |  11.66 |I I 
06:51-Mon-Feb-20-2017 PM2.5 |  10.13 |   9.44 |   9.45 |   6.27 |I I 
06:52-Mon-Feb-20-2017 PM10  |  18.74 |  19.05 |  18.03 |  11.66 |I I 
06:52-Mon-Feb-20-2017 PM2.5 |   9.40 |   9.44 |   9.45 |   6.27 |I I 
06:56-Mon-Feb-20-2017 PM10  |  19.37 |  19.07 |  18.03 |  11.66 |I I 
06:56-Mon-Feb-20-2017 PM2.5 |  10.51 |   9.48 |   9.45 |   6.27 |I I 
06:57-Mon-Feb-20-2017 PM10  |  20.07 |  19.11 |  18.03 |  11.66 |I I 
06:57-Mon-Feb-20-2017 PM2.5 |  10.01 |   9.51 |   9.45 |   6.27 |I I 
07:01-Mon-Feb-20-2017 PM10  |  21.30 |  19.20 |  19.20 |  11.66 |I I 
07:01-Mon-Feb-20-2017 PM2.5 |  11.20 |   9.57 |   9.57 |   6.27 |I I 
07:02-Mon-Feb-20-2017 PM10  |  29.52 |  29.52 |  19.20 |  11.66 |I I 
07:02-Mon-Feb-20-2017 PM2.5 |  13.93 |  13.93 |   9.57 |   6.27 |I I 
07:03-Mon-Feb-20-2017 PM10  |  29.52 |  29.52 |  19.20 |  11.66 |I I 
07:03-Mon-Feb-20-2017 PM2.5 |  13.93 |  13.93 |   9.57 |   6.27 |I I 
07:07-Mon-Feb-20-2017 PM10  |  40.70 |  33.25 |  19.20 |  11.66 |I I 
07:07-Mon-Feb-20-2017 PM2.5 |  19.63 |  15.83 |   9.57 |   6.27 |I I 
07:08-Mon-Feb-20-2017 PM10  |  36.87 |  34.15 |  19.20 |  11.66 |I I 
07:08-Mon-Feb-20-2017 PM2.5 |  18.76 |  16.56 |   9.57 |   6.27 |I I 
07:12-Mon-Feb-20-2017 PM10  |  43.31 |  35.98 |  19.20 |  11.66 |I I 
07:12-Mon-Feb-20-2017 PM2.5 |  21.40 |  17.53 |   9.57 |   6.27 |I I 
07:14-Mon-Feb-20-2017 PM10  |  39.41 |  36.55 |  19.20 |  11.66 |I I 
07:14-Mon-Feb-20-2017 PM2.5 |  19.62 |  17.88 |   9.57 |   6.27 |I I 
07:18-Mon-Feb-20-2017 PM10  |  41.86 |  37.31 |  19.20 |  11.66 |I I 
07:18-Mon-Feb-20-2017 PM2.5 |  22.07 |  18.47 |   9.57 |   6.27 |I I 
07:19-Mon-Feb-20-2017 PM10  |  42.20 |  37.92 |  19.20 |  11.66 |I I 
07:19-Mon-Feb-20-2017 PM2.5 |  19.98 |  18.66 |   9.57 |   6.27 |I I 
07:23-Mon-Feb-20-2017 PM10  |  42.16 |  38.39 |  19.20 |  11.66 |I I 
07:23-Mon-Feb-20-2017 PM2.5 |  20.51 |  18.87 |   9.57 |   6.27 |I I 
07:24-Mon-Feb-20-2017 PM10  |  31.11 |  37.67 |  19.20 |  11.66 |I I 
07:24-Mon-Feb-20-2017 PM2.5 |  15.46 |  18.53 |   9.57 |   6.27 |I I 
07:28-Mon-Feb-20-2017 PM10  |  33.60 |  37.30 |  19.20 |  11.66 |I I 
07:28-Mon-Feb-20-2017 PM2.5 |  16.11 |  18.31 |   9.57 |   6.27 |I I 
07:29-Mon-Feb-20-2017 PM10  |  24.85 |  36.26 |  19.20 |  11.66 |I I 
07:29-Mon-Feb-20-2017 PM2.5 |  12.46 |  17.82 |   9.57 |   6.27 |I I 
07:30-Mon-Feb-20-2017 PM10  |  24.85 |  35.38 |  19.20 |  11.66 |I I 
07:30-Mon-Feb-20-2017 PM2.5 |  12.46 |  17.41 |   9.57 |   6.27 |I I 
07:33-Mon-Feb-20-2017 PM10  |  22.44 |  34.46 |  19.20 |  11.66 |I I 
07:33-Mon-Feb-20-2017 PM2.5 |  12.49 |  17.06 |   9.57 |   6.27 |I I 
07:34-Mon-Feb-20-2017 PM10  |  22.44 |  33.66 |  19.20 |  11.66 |I I 
07:34-Mon-Feb-20-2017 PM2.5 |  12.49 |  16.75 |   9.57 |   6.27 |I I 
07:35-Mon-Feb-20-2017 PM10  |  25.87 |  33.17 |  19.20 |  11.66 |I I 
07:35-Mon-Feb-20-2017 PM2.5 |  11.98 |  16.45 |   9.57 |   6.27 |I I 
07:39-Mon-Feb-20-2017 PM10  |  27.00 |  32.81 |  19.20 |  11.66 |I I 
07:39-Mon-Feb-20-2017 PM2.5 |  13.24 |  16.27 |   9.57 |   6.27 |I I 
07:40-Mon-Feb-20-2017 PM10  |  24.60 |  32.35 |  19.20 |  11.66 |I I 
07:40-Mon-Feb-20-2017 PM2.5 |  12.04 |  16.03 |   9.57 |   6.27 |I I 
07:44-Mon-Feb-20-2017 PM10  |  23.91 |  31.91 |  19.20 |  11.66 |I I 
07:44-Mon-Feb-20-2017 PM2.5 |  12.15 |  15.83 |   9.57 |   6.27 |I I 
07:45-Mon-Feb-20-2017 PM10  |  22.83 |  31.45 |  19.20 |  11.66 |I I 
07:45-Mon-Feb-20-2017 PM2.5 |  10.85 |  15.58 |   9.57 |   6.27 |I I 
07:49-Mon-Feb-20-2017 PM10  |  22.89 |  31.04 |  19.20 |  11.66 |I I 
07:49-Mon-Feb-20-2017 PM2.5 |  11.08 |  15.36 |   9.57 |   6.27 |I I 
07:50-Mon-Feb-20-2017 PM10  |  21.99 |  30.63 |  19.20 |  11.66 |I I 
07:50-Mon-Feb-20-2017 PM2.5 |  10.74 |  15.15 |   9.57 |   6.27 |I I 
07:54-Mon-Feb-20-2017 PM10  |  24.12 |  30.35 |  19.20 |  11.66 |I I 
07:54-Mon-Feb-20-2017 PM2.5 |  11.25 |  14.98 |   9.57 |   6.27 |I I 
07:55-Mon-Feb-20-2017 PM10  |  25.20 |  30.14 |  19.20 |  11.66 |I I 
07:55-Mon-Feb-20-2017 PM2.5 |  11.56 |  14.84 |   9.57 |   6.27 |I I 
07:59-Mon-Feb-20-2017 PM10  |  23.09 |  29.85 |  19.20 |  11.66 |I I 
07:59-Mon-Feb-20-2017 PM2.5 |  12.33 |  14.74 |   9.57 |   6.27 |I I 
08:00-Mon-Feb-20-2017 PM10  |  23.09 |  29.59 |  29.59 |  11.66 |I I 
08:00-Mon-Feb-20-2017 PM2.5 |  12.33 |  14.65 |  14.65 |   6.27 |I I 
08:01-Mon-Feb-20-2017 PM10  |  23.94 |  23.94 |  29.59 |  11.66 |I I 
08:01-Mon-Feb-20-2017 PM2.5 |  11.01 |  11.01 |  14.65 |   6.27 |I I 
08:05-Mon-Feb-20-2017 PM10  |  27.12 |  25.53 |  29.59 |  11.66 |I I 
08:05-Mon-Feb-20-2017 PM2.5 |  12.84 |  11.92 |  14.65 |   6.27 |I I 
08:06-Mon-Feb-20-2017 PM10  |  23.22 |  24.76 |  29.59 |  11.66 |I I 
08:06-Mon-Feb-20-2017 PM2.5 |  10.84 |  11.56 |  14.65 |   6.27 |I I 
08:10-Mon-Feb-20-2017 PM10  |  22.82 |  24.28 |  29.59 |  11.66 |I I 
08:10-Mon-Feb-20-2017 PM2.5 |  11.84 |  11.63 |  14.65 |   6.27 |I I 
08:11-Mon-Feb-20-2017 PM10  |  28.15 |  25.05 |  29.59 |  11.66 |I I 
08:11-Mon-Feb-20-2017 PM2.5 |  12.95 |  11.90 |  14.65 |   6.27 |I I 
08:15-Mon-Feb-20-2017 PM10  |  26.69 |  25.32 |  29.59 |  11.66 |I I 
08:15-Mon-Feb-20-2017 PM2.5 |  13.56 |  12.17 |  14.65 |   6.27 |I I 
08:16-Mon-Feb-20-2017 PM10  |  21.54 |  24.78 |  29.59 |  11.66 |I I 
08:16-Mon-Feb-20-2017 PM2.5 |  12.12 |  12.17 |  14.65 |   6.27 |I I 
08:20-Mon-Feb-20-2017 PM10  |  27.91 |  25.18 |  29.59 |  11.66 |I I 
08:20-Mon-Feb-20-2017 PM2.5 |  13.08 |  12.28 |  14.65 |   6.27 |I I 
08:21-Mon-Feb-20-2017 PM10  |  24.08 |  25.05 |  29.59 |  11.66 |I I 
08:21-Mon-Feb-20-2017 PM2.5 |  12.63 |  12.32 |  14.65 |   6.27 |I I 
08:25-Mon-Feb-20-2017 PM10  |  26.31 |  25.18 |  29.59 |  11.66 |I I 
08:25-Mon-Feb-20-2017 PM2.5 |  12.69 |  12.36 |  14.65 |   6.27 |I I 
08:26-Mon-Feb-20-2017 PM10  |  26.31 |  25.28 |  29.59 |  11.66 |I I 
08:26-Mon-Feb-20-2017 PM2.5 |  12.69 |  12.39 |  14.65 |   6.27 |I I 
08:27-Mon-Feb-20-2017 PM10  |  27.86 |  25.50 |  29.59 |  11.66 |I I 
08:27-Mon-Feb-20-2017 PM2.5 |  13.52 |  12.48 |  14.65 |   6.27 |I I 
08:31-Mon-Feb-20-2017 PM10  |  34.23 |  26.17 |  29.59 |  11.66 |I I 
08:31-Mon-Feb-20-2017 PM2.5 |  16.65 |  12.80 |  14.65 |   6.27 |I I 
08:32-Mon-Feb-20-2017 PM10  |  35.89 |  26.86 |  29.59 |  11.66 |I I 
08:32-Mon-Feb-20-2017 PM2.5 |  16.25 |  13.05 |  14.65 |   6.27 |I I 
08:36-Mon-Feb-20-2017 PM10  |  36.00 |  27.47 |  29.59 |  11.66 |I I 
08:36-Mon-Feb-20-2017 PM2.5 |  17.45 |  13.34 |  14.65 |   6.27 |I I 
08:37-Mon-Feb-20-2017 PM10  |  45.09 |  28.57 |  29.59 |  11.66 |I I 
08:37-Mon-Feb-20-2017 PM2.5 |  17.70 |  13.61 |  14.65 |   6.27 |I I 
08:41-Mon-Feb-20-2017 PM10  |  35.59 |  28.99 |  29.59 |  11.66 |I I 
08:41-Mon-Feb-20-2017 PM2.5 |  18.25 |  13.89 |  14.65 |   6.27 |I I 
08:42-Mon-Feb-20-2017 PM10  |  37.59 |  29.46 |  29.59 |  11.66 |I I 
08:42-Mon-Feb-20-2017 PM2.5 |  16.74 |  14.05 |  14.65 |   6.27 |I I 
08:46-Mon-Feb-20-2017 PM10  |  37.40 |  29.88 |  29.59 |  11.66 |I I 
08:46-Mon-Feb-20-2017 PM2.5 |  18.04 |  14.26 |  14.65 |   6.27 |I I 
08:47-Mon-Feb-20-2017 PM10  |  32.41 |  30.01 |  29.59 |  11.66 |I I 
08:47-Mon-Feb-20-2017 PM2.5 |  15.96 |  14.34 |  14.65 |   6.27 |I I 
08:51-Mon-Feb-20-2017 PM10  |  37.42 |  30.36 |  29.59 |  11.66 |I I 
08:51-Mon-Feb-20-2017 PM2.5 |  17.81 |  14.51 |  14.65 |   6.27 |I I 
08:52-Mon-Feb-20-2017 PM10  |  36.02 |  30.62 |  29.59 |  11.66 |I I 
08:52-Mon-Feb-20-2017 PM2.5 |  16.45 |  14.59 |  14.65 |   6.27 |I I 
08:53-Mon-Feb-20-2017 PM10  |  36.02 |  30.85 |  29.59 |  11.66 |I I 
08:53-Mon-Feb-20-2017 PM2.5 |  16.45 |  14.67 |  14.65 |   6.27 |I I 
08:57-Mon-Feb-20-2017 PM10  |  40.38 |  31.25 |  29.59 |  11.66 |I I 
08:57-Mon-Feb-20-2017 PM2.5 |  18.01 |  14.81 |  14.65 |   6.27 |I I 
08:58-Mon-Feb-20-2017 PM10  |  39.29 |  31.57 |  29.59 |  11.66 |I I 
08:58-Mon-Feb-20-2017 PM2.5 |  17.56 |  14.92 |  14.65 |   6.27 |I I 
09:02-Mon-Feb-20-2017 PM10  |  38.51 |  31.84 |  31.84 |  11.66 |I I 
09:02-Mon-Feb-20-2017 PM2.5 |  18.44 |  15.06 |  15.06 |   6.27 |I I 
09:03-Mon-Feb-20-2017 PM10  |  30.96 |  30.96 |  31.84 |  11.66 |I I 
09:03-Mon-Feb-20-2017 PM2.5 |  15.51 |  15.51 |  15.06 |   6.27 |I I 
09:07-Mon-Feb-20-2017 PM10  |  31.46 |  31.21 |  31.84 |  11.66 |I I 
09:07-Mon-Feb-20-2017 PM2.5 |  16.36 |  15.93 |  15.06 |   6.27 |I I 
09:08-Mon-Feb-20-2017 PM10  |  33.47 |  31.97 |  31.84 |  11.66 |I I 
09:08-Mon-Feb-20-2017 PM2.5 |  16.11 |  15.99 |  15.06 |   6.27 |I I 
09:12-Mon-Feb-20-2017 PM10  |  37.41 |  33.33 |  31.84 |  11.66 |I I 
09:12-Mon-Feb-20-2017 PM2.5 |  16.86 |  16.21 |  15.06 |   6.27 |I I 
09:13-Mon-Feb-20-2017 PM10  |  33.31 |  33.32 |  31.84 |  11.66 |I I 
09:13-Mon-Feb-20-2017 PM2.5 |  16.01 |  16.17 |  15.06 |   6.27 |I I 
09:17-Mon-Feb-20-2017 PM10  |  34.55 |  33.53 |  31.84 |  11.66 |I I 
09:17-Mon-Feb-20-2017 PM2.5 |  16.76 |  16.27 |  15.06 |   6.27 |I I 
09:18-Mon-Feb-20-2017 PM10  |  30.79 |  33.14 |  31.84 |  11.66 |I I 
09:18-Mon-Feb-20-2017 PM2.5 |  15.50 |  16.16 |  15.06 |   6.27 |I I 
09:19-Mon-Feb-20-2017 PM10  |  30.79 |  32.84 |  31.84 |  11.66 |I I 
09:19-Mon-Feb-20-2017 PM2.5 |  15.50 |  16.07 |  15.06 |   6.27 |I I 
09:23-Mon-Feb-20-2017 PM10  |  35.16 |  33.10 |  31.84 |  11.66 |I I 
09:23-Mon-Feb-20-2017 PM2.5 |  16.41 |  16.11 |  15.06 |   6.27 |I I 
09:24-Mon-Feb-20-2017 PM10  |  27.10 |  32.50 |  31.84 |  11.66 |I I 
09:24-Mon-Feb-20-2017 PM2.5 |  13.80 |  15.88 |  15.06 |   6.27 |I I 
09:28-Mon-Feb-20-2017 PM10  |  32.27 |  32.48 |  31.84 |  11.66 |I I 
09:28-Mon-Feb-20-2017 PM2.5 |  15.62 |  15.86 |  15.06 |   6.27 |I I 
09:29-Mon-Feb-20-2017 PM10  |  25.74 |  31.92 |  31.84 |  11.66 |I I 
09:29-Mon-Feb-20-2017 PM2.5 |  13.63 |  15.67 |  15.06 |   6.27 |I I 
09:33-Mon-Feb-20-2017 PM10  |  27.80 |  31.60 |  31.84 |  11.66 |I I 
09:33-Mon-Feb-20-2017 PM2.5 |  14.54 |  15.58 |  15.06 |   6.27 |I I 
09:34-Mon-Feb-20-2017 PM10  |  32.44 |  31.66 |  31.84 |  11.66 |I I 
09:34-Mon-Feb-20-2017 PM2.5 |  14.05 |  15.47 |  15.06 |   6.27 |I I 
09:38-Mon-Feb-20-2017 PM10  |  27.54 |  31.39 |  31.84 |  11.66 |I I 
09:38-Mon-Feb-20-2017 PM2.5 |  14.48 |  15.41 |  15.06 |   6.27 |I I 
09:39-Mon-Feb-20-2017 PM10  |  30.31 |  31.32 |  31.84 |  11.66 |I I 
09:39-Mon-Feb-20-2017 PM2.5 |  13.72 |  15.30 |  15.06 |   6.27 |I I 
09:43-Mon-Feb-20-2017 PM10  |  31.05 |  31.30 |  31.84 |  11.66 |I I 
09:43-Mon-Feb-20-2017 PM2.5 |  14.31 |  15.24 |  15.06 |   6.27 |I I 
09:44-Mon-Feb-20-2017 PM10  |  29.85 |  31.22 |  31.84 |  11.66 |I I 
09:44-Mon-Feb-20-2017 PM2.5 |  14.95 |  15.23 |  15.06 |   6.27 |I I 
09:45-Mon-Feb-20-2017 PM10  |  29.85 |  31.15 |  31.84 |  11.66 |I I 
09:45-Mon-Feb-20-2017 PM2.5 |  14.95 |  15.21 |  15.06 |   6.27 |I I 
09:49-Mon-Feb-20-2017 PM10  |  31.21 |  31.15 |  31.84 |  11.66 |I I 
09:49-Mon-Feb-20-2017 PM2.5 |  15.60 |  15.23 |  15.06 |   6.27 |I I 
09:50-Mon-Feb-20-2017 PM10  |  29.68 |  31.08 |  31.84 |  11.66 |I I 
09:50-Mon-Feb-20-2017 PM2.5 |  14.75 |  15.21 |  15.06 |   6.27 |I I 
09:54-Mon-Feb-20-2017 PM10  |  29.02 |  30.99 |  31.84 |  11.66 |I I 
09:54-Mon-Feb-20-2017 PM2.5 |  15.49 |  15.22 |  15.06 |   6.27 |I I 
09:55-Mon-Feb-20-2017 PM10  |  28.16 |  30.87 |  31.84 |  11.66 |I I 
09:55-Mon-Feb-20-2017 PM2.5 |  15.36 |  15.23 |  15.06 |   6.27 |I I 
09:59-Mon-Feb-20-2017 PM10  |  33.19 |  30.96 |  31.84 |  11.66 |I I 
09:59-Mon-Feb-20-2017 PM2.5 |  16.44 |  15.28 |  15.06 |   6.27 |I I 
10:00-Mon-Feb-20-2017 PM10  |  34.22 |  31.09 |  31.84 |  11.66 |I I 
10:00-Mon-Feb-20-2017 PM2.5 |  14.89 |  15.26 |  15.26 |   6.27 |I I 
10:04-Mon-Feb-20-2017 PM10  |  31.50 |  31.50 |  31.84 |  11.66 |I I 
10:04-Mon-Feb-20-2017 PM2.5 |  15.46 |  15.46 |  15.26 |   6.27 |I I 
10:05-Mon-Feb-20-2017 PM10  |  29.90 |  30.70 |  31.84 |  11.66 |I I 
10:05-Mon-Feb-20-2017 PM2.5 |  15.35 |  15.40 |  15.26 |   6.27 |I I 
10:09-Mon-Feb-20-2017 PM10  |  33.78 |  31.73 |  31.84 |  11.66 |I I 
10:09-Mon-Feb-20-2017 PM2.5 |  16.10 |  15.63 |  15.26 |   6.27 |I I 
10:10-Mon-Feb-20-2017 PM10  |  27.01 |  30.55 |  31.84 |  11.66 |I I 
10:10-Mon-Feb-20-2017 PM2.5 |  14.51 |  15.35 |  15.26 |   6.27 |I I 
10:15-Mon-Feb-20-2017 PM10  |  29.58 |  30.36 |  31.84 |  11.66 |I I 
10:15-Mon-Feb-20-2017 PM2.5 |  15.80 |  15.44 |  15.26 |   6.27 |I I 
10:16-Mon-Feb-20-2017 PM10  |  29.58 |  30.23 |  31.84 |  11.66 |I I 
10:16-Mon-Feb-20-2017 PM2.5 |  15.80 |  15.50 |  15.26 |   6.27 |I I 
10:17-Mon-Feb-20-2017 PM10  |  29.61 |  30.14 |  31.84 |  11.66 |I I 
10:17-Mon-Feb-20-2017 PM2.5 |  15.39 |  15.49 |  15.26 |   6.27 |I I 
10:21-Mon-Feb-20-2017 PM10  |  33.69 |  30.58 |  31.84 |  11.66 |I I 
10:21-Mon-Feb-20-2017 PM2.5 |  16.67 |  15.63 |  15.26 |   6.27 |I I 
10:22-Mon-Feb-20-2017 PM10  |  33.42 |  30.90 |  31.84 |  11.66 |I I 
10:22-Mon-Feb-20-2017 PM2.5 |  16.62 |  15.74 |  15.26 |   6.27 |I I 
10:26-Mon-Feb-20-2017 PM10  |  30.33 |  30.84 |  31.84 |  11.66 |I I 
10:26-Mon-Feb-20-2017 PM2.5 |  16.53 |  15.82 |  15.26 |   6.27 |I I 
10:27-Mon-Feb-20-2017 PM10  |  34.49 |  31.17 |  31.84 |  11.66 |I I 
10:27-Mon-Feb-20-2017 PM2.5 |  15.97 |  15.84 |  15.26 |   6.27 |I I 
10:31-Mon-Feb-20-2017 PM10  |  31.15 |  31.17 |  31.84 |  11.66 |I I 
10:31-Mon-Feb-20-2017 PM2.5 |  16.97 |  15.93 |  15.26 |   6.27 |I I 
10:32-Mon-Feb-20-2017 PM10  |  35.37 |  31.49 |  31.84 |  11.66 |I I 
10:32-Mon-Feb-20-2017 PM2.5 |  16.45 |  15.97 |  15.26 |   6.27 |I I 
10:36-Mon-Feb-20-2017 PM10  |  37.06 |  31.89 |  31.84 |  11.66 |I I 
10:36-Mon-Feb-20-2017 PM2.5 |  18.15 |  16.13 |  15.26 |   6.27 |I I 
10:37-Mon-Feb-20-2017 PM10  |  35.25 |  32.12 |  31.84 |  11.66 |I I 
10:37-Mon-Feb-20-2017 PM2.5 |  17.02 |  16.19 |  15.26 |   6.27 |I I 
10:41-Mon-Feb-20-2017 PM10  |  33.59 |  32.21 |  31.84 |  11.66 |I I 
10:41-Mon-Feb-20-2017 PM2.5 |  18.07 |  16.30 |  15.26 |   6.27 |I I 
10:42-Mon-Feb-20-2017 PM10  |  37.90 |  32.54 |  31.84 |  11.66 |I I 
10:42-Mon-Feb-20-2017 PM2.5 |  18.92 |  16.46 |  15.26 |   6.27 |I I 
10:46-Mon-Feb-20-2017 PM10  |  42.21 |  33.08 |  31.84 |  11.66 |I I 
10:46-Mon-Feb-20-2017 PM2.5 |  20.56 |  16.69 |  15.26 |   6.27 |I I 
10:47-Mon-Feb-20-2017 PM10  |  36.62 |  33.27 |  31.84 |  11.66 |I I 
10:47-Mon-Feb-20-2017 PM2.5 |  20.11 |  16.87 |  15.26 |   6.27 |I I 
10:48-Mon-Feb-20-2017 PM10  |  36.62 |  33.43 |  31.84 |  11.66 |I I 
10:48-Mon-Feb-20-2017 PM2.5 |  20.11 |  17.03 |  15.26 |   6.27 |I I 
10:52-Mon-Feb-20-2017 PM10  |  37.65 |  33.63 |  31.84 |  11.66 |I I 
10:52-Mon-Feb-20-2017 PM2.5 |  20.83 |  17.21 |  15.26 |   6.27 |I I 
10:53-Mon-Feb-20-2017 PM10  |  34.23 |  33.66 |  31.84 |  11.66 |I I 
10:53-Mon-Feb-20-2017 PM2.5 |  19.07 |  17.29 |  15.26 |   6.27 |I I 
10:57-Mon-Feb-20-2017 PM10  |  38.37 |  33.87 |  31.84 |  11.66 |I I 
10:57-Mon-Feb-20-2017 PM2.5 |  20.93 |  17.45 |  15.26 |   6.27 |I I 
10:58-Mon-Feb-20-2017 PM10  |  38.59 |  34.06 |  31.84 |  11.66 |I I 
10:58-Mon-Feb-20-2017 PM2.5 |  19.38 |  17.53 |  15.26 |   6.27 |I I 
11:02-Mon-Feb-20-2017 PM10  |  38.85 |  34.25 |  34.25 |  11.66 |I I 
11:02-Mon-Feb-20-2017 PM2.5 |  20.25 |  17.64 |  17.64 |   6.27 |I I 
11:03-Mon-Feb-20-2017 PM10  |  28.69 |  28.69 |  34.25 |  11.66 |I I 
11:03-Mon-Feb-20-2017 PM2.5 |  15.88 |  15.88 |  17.64 |   6.27 |I I 
11:07-Mon-Feb-20-2017 PM10  |  29.91 |  29.30 |  34.25 |  11.66 |I B 
11:07-Mon-Feb-20-2017 PM2.5 |  15.06 |  15.47 |  17.64 |   6.27 |I B 
11:09-Mon-Feb-20-2017
12:31-Mon-Feb-20-2017Start
12:36-Mon-Feb-20-2017recover dati per host :92.223.147.77/nodered
12:36-Mon-Feb-20-2017 PM10  |  12.48 |  12.48 |  34.25 |  11.66 |I I 
12:36-Mon-Feb-20-2017 PM2.5 |   6.21 |   6.21 |  17.64 |   6.27 |I I 
12:40-Mon-Feb-20-2017 PM10  |  14.48 |  13.48 |  34.25 |  11.66 |I I 
12:40-Mon-Feb-20-2017 PM2.5 |   7.05 |   6.63 |  17.64 |   6.27 |I I 
12:41-Mon-Feb-20-2017 PM10  |  12.47 |  13.14 |  34.25 |  11.66 |I I 
12:41-Mon-Feb-20-2017 PM2.5 |   6.94 |   6.73 |  17.64 |   6.27 |I I 
12:45-Mon-Feb-20-2017 PM10  |  14.27 |  13.43 |  34.25 |  11.66 |I I 
12:45-Mon-Feb-20-2017 PM2.5 |   7.51 |   6.93 |  17.64 |   6.27 |I I 
12:46-Mon-Feb-20-2017 PM10  |  12.86 |  13.31 |  34.25 |  11.66 |I I 
12:46-Mon-Feb-20-2017 PM2.5 |   6.52 |   6.85 |  17.64 |   6.27 |I I 
12:50-Mon-Feb-20-2017 PM10  |  13.89 |  13.41 |  34.25 |  11.66 |I I 
12:50-Mon-Feb-20-2017 PM2.5 |   6.82 |   6.84 |  17.64 |   6.27 |I I 
12:51-Mon-Feb-20-2017 PM10  |  17.01 |  13.92 |  34.25 |  11.66 |I I 
12:51-Mon-Feb-20-2017 PM2.5 |   6.89 |   6.85 |  17.64 |   6.27 |I I 
12:55-Mon-Feb-20-2017 PM10  |  13.44 |  13.86 |  34.25 |  11.66 |I I 
12:55-Mon-Feb-20-2017 PM2.5 |   6.69 |   6.83 |  17.64 |   6.27 |I I 
12:56-Mon-Feb-20-2017 PM10  |  13.49 |  13.82 |  34.25 |  11.66 |I I 
12:56-Mon-Feb-20-2017 PM2.5 |   7.00 |   6.85 |  17.64 |   6.27 |I I 
12:57-Mon-Feb-20-2017 PM10  |  13.49 |  13.79 |  34.25 |  11.66 |I I 
12:57-Mon-Feb-20-2017 PM2.5 |   7.00 |   6.86 |  17.64 |   6.27 |I I 
13:01-Mon-Feb-20-2017 PM10  |  20.51 |  14.40 |  34.25 |  11.66 |B B 
13:01-Mon-Feb-20-2017 PM2.5 |   7.58 |   6.93 |  17.64 |   6.27 |B B 
13:02-Mon-Feb-20-2017 PM10  |  14.41 |  14.41 |  34.25 |  11.66 |B B 
13:02-Mon-Feb-20-2017 PM2.5 |   6.92 |   6.92 |  17.64 |   6.27 |B B 
13:06-Mon-Feb-20-2017 PM10  |  14.21 |  14.31 |  34.25 |  11.66 |B B 
13:06-Mon-Feb-20-2017 PM2.5 |   7.59 |   7.26 |  17.64 |   6.27 |B B 
13:07-Mon-Feb-20-2017 PM10  |  14.09 |  14.23 |  34.25 |  11.66 |B B 
13:07-Mon-Feb-20-2017 PM2.5 |   7.13 |   7.21 |  17.64 |   6.27 |B B 
13:11-Mon-Feb-20-2017 PM10  |  13.25 |  13.99 |  34.25 |  11.66 |B B 
13:11-Mon-Feb-20-2017 PM2.5 |   7.64 |   7.32 |  17.64 |   6.27 |B B 
13:12-Mon-Feb-20-2017 PM10  |  14.37 |  14.07 |  34.25 |  11.66 |B B 
13:12-Mon-Feb-20-2017 PM2.5 |   7.38 |   7.33 |  17.64 |   6.27 |B B 
13:16-Mon-Feb-20-2017 PM10  |  14.71 |  14.17 |  34.25 |  11.66 |B B 
13:16-Mon-Feb-20-2017 PM2.5 |   7.69 |   7.39 |  17.64 |   6.27 |B B 
13:17-Mon-Feb-20-2017 PM10  |  15.49 |  14.36 |  34.25 |  11.66 |B B 
13:17-Mon-Feb-20-2017 PM2.5 |   7.01 |   7.34 |  17.64 |   6.27 |B B 
18:17-Mon-Feb-20-2017Start
18:32-Mon-Feb-20-2017recover dati per host :salvatorehost.no-ip.org/aria
18:32-Mon-Feb-20-2017recover dati per host :92.223.147.77/nodered
18:32-Mon-Feb-20-2017 PM10  |  31.48 |  31.48 |  34.25 |  11.66 |I I 
18:32-Mon-Feb-20-2017 PM2.5 |  14.37 |  14.37 |  17.64 |   6.27 |I I 
18:34-Mon-Feb-20-2017Start
18:39-Mon-Feb-20-2017 PM10  |  25.43 |  25.43 |  34.25 |  11.66 |I I 
18:39-Mon-Feb-20-2017 PM2.5 |  11.46 |  11.46 |  17.64 |   6.27 |I I 
18:43-Mon-Feb-20-2017 PM10  |  23.97 |  24.70 |  34.25 |  11.66 |I I 
18:43-Mon-Feb-20-2017 PM2.5 |  11.85 |  11.65 |  17.64 |   6.27 |I I 
18:44-Mon-Feb-20-2017 PM10  |  21.45 |  23.62 |  34.25 |  11.66 |I I 
18:44-Mon-Feb-20-2017 PM2.5 |   9.33 |  10.88 |  17.64 |   6.27 |I I 
18:48-Mon-Feb-20-2017 PM10  |  20.43 |  22.82 |  34.25 |  11.66 |I I 
18:48-Mon-Feb-20-2017 PM2.5 |  10.22 |  10.72 |  17.64 |   6.27 |I I 
18:49-Mon-Feb-20-2017 PM10  |  23.41 |  22.94 |  34.25 |  11.66 |I B 
18:49-Mon-Feb-20-2017 PM2.5 |  11.69 |  10.91 |  17.64 |   6.27 |I B 
18:53-Mon-Feb-20-2017recover dati per host :92.223.147.77/nodered
18:53-Mon-Feb-20-2017 PM10  |  23.91 |  23.10 |  34.25 |  11.66 |I I 
18:53-Mon-Feb-20-2017 PM2.5 |  12.80 |  11.23 |  17.64 |   6.27 |I I 
18:54-Mon-Feb-20-2017 PM10  |  27.68 |  23.76 |  34.25 |  11.66 |I I 
18:54-Mon-Feb-20-2017 PM2.5 |  12.71 |  11.44 |  17.64 |   6.27 |I I 
18:58-Mon-Feb-20-2017 PM10  |  27.03 |  24.16 |  34.25 |  11.66 |I I 
18:58-Mon-Feb-20-2017 PM2.5 |  13.34 |  11.68 |  17.64 |   6.27 |I I 
18:59-Mon-Feb-20-2017 PM10  |  18.49 |  23.53 |  34.25 |  11.66 |I I 
18:59-Mon-Feb-20-2017 PM2.5 |   8.83 |  11.36 |  17.64 |   6.27 |I I 
19:00-Mon-Feb-20-2017 PM10  |  18.49 |  23.03 |  34.25 |  11.66 |I I 
19:00-Mon-Feb-20-2017 PM2.5 |   8.83 |  11.11 |  17.64 |   6.27 |I I 
19:04-Mon-Feb-20-2017 PM10  |  17.82 |  17.82 |  34.25 |  11.66 |I I 
19:04-Mon-Feb-20-2017 PM2.5 |   8.75 |   8.75 |  17.64 |   6.27 |I I 
19:05-Mon-Feb-20-2017 PM10  |  17.63 |  17.73 |  34.25 |  11.66 |I I 
19:05-Mon-Feb-20-2017 PM2.5 |   8.77 |   8.76 |  17.64 |   6.27 |I I 
19:09-Mon-Feb-20-2017 PM10  |  17.54 |  17.66 |  34.25 |  11.66 |I I 
19:09-Mon-Feb-20-2017 PM2.5 |   8.99 |   8.84 |  17.64 |   6.27 |I I 
19:10-Mon-Feb-20-2017 PM10  |  18.48 |  17.87 |  34.25 |  11.66 |I I 
19:10-Mon-Feb-20-2017 PM2.5 |   8.85 |   8.84 |  17.64 |   6.27 |I I 
19:14-Mon-Feb-20-2017 PM10  |  19.89 |  18.27 |  34.25 |  11.66 |I I 
19:14-Mon-Feb-20-2017 PM2.5 |   9.25 |   8.92 |  17.64 |   6.27 |I I 
19:15-Mon-Feb-20-2017 PM10  |  16.51 |  17.98 |  34.25 |  11.66 |I I 
19:15-Mon-Feb-20-2017 PM2.5 |   8.75 |   8.89 |  17.64 |   6.27 |I I 
19:19-Mon-Feb-20-2017 PM10  |  18.43 |  18.04 |  34.25 |  11.66 |I I 
19:19-Mon-Feb-20-2017 PM2.5 |   9.01 |   8.91 |  17.64 |   6.27 |I I 
19:20-Mon-Feb-20-2017 PM10  |  23.29 |  18.70 |  34.25 |  11.66 |I I 
19:20-Mon-Feb-20-2017 PM2.5 |   9.66 |   9.00 |  17.64 |   6.27 |I I 
19:24-Mon-Feb-20-2017 PM10  |  20.73 |  18.92 |  34.25 |  11.66 |I I 
19:24-Mon-Feb-20-2017 PM2.5 |  10.07 |   9.12 |  17.64 |   6.27 |I I 
19:25-Mon-Feb-20-2017 PM10  |  20.28 |  19.06 |  34.25 |  11.66 |I I 
19:25-Mon-Feb-20-2017 PM2.5 |   9.35 |   9.15 |  17.64 |   6.27 |I I 
19:26-Mon-Feb-20-2017 PM10  |  20.28 |  19.17 |  34.25 |  11.66 |I I 
19:26-Mon-Feb-20-2017 PM2.5 |   9.35 |   9.16 |  17.64 |   6.27 |I I 
19:30-Mon-Feb-20-2017 PM10  |  17.26 |  19.01 |  34.25 |  11.66 |I I 
19:30-Mon-Feb-20-2017 PM2.5 |   9.41 |   9.18 |  17.64 |   6.27 |I I 
19:31-Mon-Feb-20-2017 PM10  |  20.92 |  19.16 |  34.25 |  11.66 |I I 
19:31-Mon-Feb-20-2017 PM2.5 |   9.87 |   9.24 |  17.64 |   6.27 |I I 
19:35-Mon-Feb-20-2017 PM10  |  19.99 |  19.22 |  34.25 |  11.66 |I I 
19:35-Mon-Feb-20-2017 PM2.5 |   9.86 |   9.28 |  17.64 |   6.27 |I I 
19:36-Mon-Feb-20-2017 PM10  |  23.13 |  19.48 |  34.25 |  11.66 |I I 
19:36-Mon-Feb-20-2017 PM2.5 |   9.35 |   9.29 |  17.64 |   6.27 |I I 
19:40-Mon-Feb-20-2017 PM10  |  22.29 |  19.66 |  34.25 |  11.66 |I I 
19:40-Mon-Feb-20-2017 PM2.5 |   9.94 |   9.33 |  17.64 |   6.27 |I I 
19:41-Mon-Feb-20-2017 PM10  |  18.20 |  19.57 |  34.25 |  11.66 |I I 
19:41-Mon-Feb-20-2017 PM2.5 |   9.60 |   9.34 |  17.64 |   6.27 |I I 
19:45-Mon-Feb-20-2017 PM10  |  17.86 |  19.47 |  34.25 |  11.66 |I I 
19:45-Mon-Feb-20-2017 PM2.5 |   9.95 |   9.38 |  17.64 |   6.27 |I I 
19:46-Mon-Feb-20-2017 PM10  |  19.04 |  19.45 |  34.25 |  11.66 |I I 
19:46-Mon-Feb-20-2017 PM2.5 |   9.78 |   9.40 |  17.64 |   6.27 |I I 
19:51-Mon-Feb-20-2017 PM10  |  17.79 |  19.37 |  34.25 |  11.66 |I I 
19:51-Mon-Feb-20-2017 PM2.5 |   9.75 |   9.42 |  17.64 |   6.27 |I I 
19:52-Mon-Feb-20-2017 PM10  |  23.64 |  19.57 |  34.25 |  11.66 |I I 
19:52-Mon-Feb-20-2017 PM2.5 |  10.07 |   9.45 |  17.64 |   6.27 |I I 
19:56-Mon-Feb-20-2017 PM10  |  25.47 |  19.84 |  34.25 |  11.66 |I I 
19:56-Mon-Feb-20-2017 PM2.5 |  10.39 |   9.49 |  17.64 |   6.27 |I I 
19:57-Mon-Feb-20-2017 PM10  |  25.47 |  20.08 |  34.25 |  11.66 |I I 
19:57-Mon-Feb-20-2017 PM2.5 |  10.39 |   9.53 |  17.64 |   6.27 |I I 
19:58-Mon-Feb-20-2017 PM10  |  24.12 |  20.25 |  34.25 |  11.66 |I I 
19:58-Mon-Feb-20-2017 PM2.5 |  10.55 |   9.57 |  17.64 |   6.27 |I I 
20:02-Mon-Feb-20-2017 PM10  |  21.01 |  20.28 |  34.25 |  11.66 |I I 
20:02-Mon-Feb-20-2017 PM2.5 |  10.97 |   9.63 |  17.64 |   6.27 |I I 
20:03-Mon-Feb-20-2017 PM10  |  22.31 |  22.31 |  34.25 |  11.66 |I I 
20:03-Mon-Feb-20-2017 PM2.5 |  11.31 |  11.31 |  17.64 |   6.27 |I I 
20:07-Mon-Feb-20-2017 PM10  |  21.15 |  21.73 |  34.25 |  11.66 |I I 
20:07-Mon-Feb-20-2017 PM2.5 |  10.82 |  11.06 |  17.64 |   6.27 |I I 
20:08-Mon-Feb-20-2017 PM10  |  20.01 |  21.15 |  34.25 |  11.66 |I I 
20:08-Mon-Feb-20-2017 PM2.5 |   9.84 |  10.66 |  17.64 |   6.27 |I I 
20:12-Mon-Feb-20-2017 PM10  |  20.86 |  21.08 |  34.25 |  11.66 |I I 
20:12-Mon-Feb-20-2017 PM2.5 |  10.29 |  10.56 |  17.64 |   6.27 |I I 
20:13-Mon-Feb-20-2017 PM10  |  20.12 |  20.89 |  34.25 |  11.66 |I I 
20:13-Mon-Feb-20-2017 PM2.5 |  10.03 |  10.46 |  17.64 |   6.27 |I I 
20:17-Mon-Feb-20-2017 PM10  |  22.05 |  21.08 |  34.25 |  11.66 |I I 
20:17-Mon-Feb-20-2017 PM2.5 |  11.00 |  10.55 |  17.64 |   6.27 |I I 
20:18-Mon-Feb-20-2017 PM10  |  20.22 |  20.96 |  34.25 |  11.66 |I I 
20:18-Mon-Feb-20-2017 PM2.5 |  10.51 |  10.54 |  17.64 |   6.27 |I I 
20:22-Mon-Feb-20-2017 PM10  |  21.33 |  21.01 |  34.25 |  11.66 |I I 
20:22-Mon-Feb-20-2017 PM2.5 |  11.19 |  10.62 |  17.64 |   6.27 |I I 
20:23-Mon-Feb-20-2017 PM10  |  21.33 |  21.04 |  34.25 |  11.66 |I I 
20:23-Mon-Feb-20-2017 PM2.5 |  11.19 |  10.68 |  17.64 |   6.27 |I I 
20:24-Mon-Feb-20-2017 PM10  |  22.85 |  21.22 |  34.25 |  11.66 |I I 
20:24-Mon-Feb-20-2017 PM2.5 |  10.82 |  10.70 |  17.64 |   6.27 |I I 
20:28-Mon-Feb-20-2017 PM10  |  22.27 |  21.32 |  34.25 |  11.66 |I I 
20:28-Mon-Feb-20-2017 PM2.5 |  11.44 |  10.77 |  17.64 |   6.27 |I I 
20:29-Mon-Feb-20-2017 PM10  |  21.58 |  21.34 |  34.25 |  11.66 |I I 
20:29-Mon-Feb-20-2017 PM2.5 |  11.11 |  10.79 |  17.64 |   6.27 |I I 
20:33-Mon-Feb-20-2017 PM10  |  22.47 |  21.43 |  34.25 |  11.66 |I I 
20:33-Mon-Feb-20-2017 PM2.5 |  11.39 |  10.84 |  17.64 |   6.27 |I I 
20:34-Mon-Feb-20-2017 PM10  |  22.29 |  21.49 |  34.25 |  11.66 |I I 
20:34-Mon-Feb-20-2017 PM2.5 |  10.97 |  10.85 |  17.64 |   6.27 |I I 
20:38-Mon-Feb-20-2017 PM10  |  20.52 |  21.42 |  34.25 |  11.66 |I I 
20:38-Mon-Feb-20-2017 PM2.5 |  11.80 |  10.91 |  17.64 |   6.27 |I I 
20:39-Mon-Feb-20-2017 PM10  |  28.25 |  21.85 |  34.25 |  11.66 |I I 
20:39-Mon-Feb-20-2017 PM2.5 |  12.22 |  11.00 |  17.64 |   6.27 |I I 
20:43-Mon-Feb-20-2017 PM10  |  23.93 |  21.97 |  34.25 |  11.66 |I I 
20:43-Mon-Feb-20-2017 PM2.5 |  12.20 |  11.07 |  17.64 |   6.27 |I I 
20:44-Mon-Feb-20-2017 PM10  |  21.38 |  21.94 |  34.25 |  11.66 |I I 
20:44-Mon-Feb-20-2017 PM2.5 |  10.99 |  11.06 |  17.64 |   6.27 |I I 
20:48-Mon-Feb-20-2017 PM10  |  25.97 |  22.15 |  34.25 |  11.66 |I I 
20:48-Mon-Feb-20-2017 PM2.5 |  11.74 |  11.10 |  17.64 |   6.27 |I I 
20:49-Mon-Feb-20-2017 PM10  |  25.97 |  22.34 |  34.25 |  11.66 |I I 
20:49-Mon-Feb-20-2017 PM2.5 |  11.74 |  11.13 |  17.64 |   6.27 |I I 
20:50-Mon-Feb-20-2017 PM10  |  21.74 |  22.31 |  34.25 |  11.66 |I I 
20:50-Mon-Feb-20-2017 PM2.5 |  10.81 |  11.12 |  17.64 |   6.27 |I I 
20:54-Mon-Feb-20-2017 PM10  |  23.02 |  22.35 |  34.25 |  11.66 |I I 
20:54-Mon-Feb-20-2017 PM2.5 |  12.15 |  11.16 |  17.64 |   6.27 |I I 
20:55-Mon-Feb-20-2017 PM10  |  21.93 |  22.33 |  34.25 |  11.66 |I I 
20:55-Mon-Feb-20-2017 PM2.5 |  10.83 |  11.15 |  17.64 |   6.27 |I I 
20:59-Mon-Feb-20-2017 PM10  |  23.64 |  22.38 |  34.25 |  11.66 |I I 
20:59-Mon-Feb-20-2017 PM2.5 |  11.64 |  11.17 |  17.64 |   6.27 |I I 
21:00-Mon-Feb-20-2017 PM10  |  22.15 |  22.37 |  34.25 |  11.66 |I I 
21:00-Mon-Feb-20-2017 PM2.5 |  10.92 |  11.16 |  17.64 |   6.27 |I I 
21:04-Mon-Feb-20-2017 PM10  |  22.23 |  22.23 |  34.25 |  11.66 |I I 
21:04-Mon-Feb-20-2017 PM2.5 |  11.24 |  11.24 |  17.64 |   6.27 |I I 
21:05-Mon-Feb-20-2017 PM10  |  22.60 |  22.42 |  34.25 |  11.66 |I I 
21:05-Mon-Feb-20-2017 PM2.5 |  11.30 |  11.27 |  17.64 |   6.27 |I I 
21:09-Mon-Feb-20-2017 PM10  |  21.19 |  22.01 |  34.25 |  11.66 |I I 
21:09-Mon-Feb-20-2017 PM2.5 |  11.75 |  11.43 |  17.64 |   6.27 |I I 
21:10-Mon-Feb-20-2017 PM10  |  22.81 |  22.21 |  34.25 |  11.66 |I I 
21:10-Mon-Feb-20-2017 PM2.5 |  11.12 |  11.35 |  17.64 |   6.27 |I I 
21:14-Mon-Feb-20-2017 PM10  |  21.98 |  22.16 |  34.25 |  11.66 |I I 
21:14-Mon-Feb-20-2017 PM2.5 |  11.59 |  11.40 |  17.64 |   6.27 |I I 
21:15-Mon-Feb-20-2017 PM10  |  22.97 |  22.30 |  34.25 |  11.66 |I I 
21:15-Mon-Feb-20-2017 PM2.5 |  11.07 |  11.35 |  17.64 |   6.27 |I I 
21:16-Mon-Feb-20-2017 PM10  |  22.97 |  22.39 |  34.25 |  11.66 |I I 
21:16-Mon-Feb-20-2017 PM2.5 |  11.07 |  11.31 |  17.64 |   6.27 |I I 
21:20-Mon-Feb-20-2017 PM10  |  21.48 |  22.28 |  34.25 |  11.66 |I I 
21:20-Mon-Feb-20-2017 PM2.5 |  11.42 |  11.32 |  17.64 |   6.27 |I I 
21:21-Mon-Feb-20-2017 PM10  |  22.16 |  22.27 |  34.25 |  11.66 |I I 
21:21-Mon-Feb-20-2017 PM2.5 |  11.39 |  11.33 |  17.64 |   6.27 |I I 
21:25-Mon-Feb-20-2017 PM10  |  23.03 |  22.34 |  34.25 |  11.66 |I I 
21:25-Mon-Feb-20-2017 PM2.5 |  12.03 |  11.40 |  17.64 |   6.27 |I I 
21:26-Mon-Feb-20-2017 PM10  |  20.20 |  22.15 |  34.25 |  11.66 |I I 
21:26-Mon-Feb-20-2017 PM2.5 |  11.07 |  11.37 |  17.64 |   6.27 |I I 
21:30-Mon-Feb-20-2017 PM10  |  23.81 |  22.29 |  34.25 |  11.66 |I I 
21:30-Mon-Feb-20-2017 PM2.5 |  11.38 |  11.37 |  17.64 |   6.27 |I I 
21:31-Mon-Feb-20-2017 PM10  |  22.31 |  22.29 |  34.25 |  11.66 |I I 
21:31-Mon-Feb-20-2017 PM2.5 |  11.27 |  11.36 |  17.64 |   6.27 |I I 
21:35-Mon-Feb-20-2017 PM10  |  22.30 |  22.29 |  34.25 |  11.66 |I I 
21:35-Mon-Feb-20-2017 PM2.5 |  12.10 |  11.41 |  17.64 |   6.27 |I I 
21:36-Mon-Feb-20-2017 PM10  |  25.54 |  22.51 |  34.25 |  11.66 |I I 
21:36-Mon-Feb-20-2017 PM2.5 |  10.73 |  11.37 |  17.64 |   6.27 |I I 
21:40-Mon-Feb-20-2017 PM10  |  21.78 |  22.46 |  34.25 |  11.66 |I I 
21:40-Mon-Feb-20-2017 PM2.5 |  11.60 |  11.38 |  17.64 |   6.27 |I I 
21:41-Mon-Feb-20-2017 PM10  |  24.07 |  22.56 |  34.25 |  11.66 |I I 
21:41-Mon-Feb-20-2017 PM2.5 |  11.45 |  11.39 |  17.64 |   6.27 |I I 
21:45-Mon-Feb-20-2017 PM10  |  28.53 |  22.89 |  34.25 |  11.66 |I I 
21:45-Mon-Feb-20-2017 PM2.5 |  12.94 |  11.47 |  17.64 |   6.27 |I I 
21:46-Mon-Feb-20-2017 PM10  |  28.53 |  23.18 |  34.25 |  11.66 |I I 
21:46-Mon-Feb-20-2017 PM2.5 |  12.94 |  11.55 |  17.64 |   6.27 |I I 
21:47-Mon-Feb-20-2017 PM10  |  24.34 |  23.24 |  34.25 |  11.66 |I I 
21:47-Mon-Feb-20-2017 PM2.5 |  11.51 |  11.55 |  17.64 |   6.27 |I I 
21:51-Mon-Feb-20-2017 PM10  |  25.97 |  23.37 |  34.25 |  11.66 |I I 
21:51-Mon-Feb-20-2017 PM2.5 |  12.39 |  11.59 |  17.64 |   6.27 |I I 
21:52-Mon-Feb-20-2017 PM10  |  25.79 |  23.48 |  34.25 |  11.66 |I I 
21:52-Mon-Feb-20-2017 PM2.5 |  12.87 |  11.65 |  17.64 |   6.27 |I I 
21:56-Mon-Feb-20-2017 PM10  |  27.77 |  23.67 |  34.25 |  11.66 |I I 
21:56-Mon-Feb-20-2017 PM2.5 |  13.51 |  11.73 |  17.64 |   6.27 |I I 
21:57-Mon-Feb-20-2017 PM10  |  28.79 |  23.88 |  34.25 |  11.66 |I I 
21:57-Mon-Feb-20-2017 PM2.5 |  12.69 |  11.77 |  17.64 |   6.27 |I I 
22:01-Mon-Feb-20-2017 PM10  |  24.58 |  23.91 |  34.25 |  11.66 |I I 
22:01-Mon-Feb-20-2017 PM2.5 |  13.21 |  11.83 |  17.64 |   6.27 |I I 
22:02-Mon-Feb-20-2017 PM10  |  26.85 |  26.85 |  34.25 |  11.66 |I I 
22:02-Mon-Feb-20-2017 PM2.5 |  12.64 |  12.64 |  17.64 |   6.27 |I I 
22:06-Mon-Feb-20-2017 PM10  |  25.47 |  26.16 |  34.25 |  11.66 |I I 
22:06-Mon-Feb-20-2017 PM2.5 |  13.31 |  12.98 |  17.64 |   6.27 |I I 
22:07-Mon-Feb-20-2017 PM10  |  28.44 |  26.92 |  34.25 |  11.66 |I I 
22:07-Mon-Feb-20-2017 PM2.5 |  13.46 |  13.14 |  17.64 |   6.27 |I I 
22:11-Mon-Feb-20-2017 PM10  |  27.88 |  27.16 |  34.25 |  11.66 |I I 
22:11-Mon-Feb-20-2017 PM2.5 |  13.74 |  13.29 |  17.64 |   6.27 |I I 
22:12-Mon-Feb-20-2017 PM10  |  27.88 |  27.30 |  34.25 |  11.66 |I I 
22:12-Mon-Feb-20-2017 PM2.5 |  13.74 |  13.38 |  17.64 |   6.27 |I I 
22:13-Mon-Feb-20-2017 PM10  |  25.11 |  26.94 |  34.25 |  11.66 |I I 
22:13-Mon-Feb-20-2017 PM2.5 |  12.49 |  13.23 |  17.64 |   6.27 |I I 
22:17-Mon-Feb-20-2017 PM10  |  26.07 |  26.81 |  34.25 |  11.66 |I I 
22:17-Mon-Feb-20-2017 PM2.5 |  12.95 |  13.19 |  17.64 |   6.27 |I I 
22:18-Mon-Feb-20-2017 PM10  |  27.02 |  26.84 |  34.25 |  11.66 |I I 
22:18-Mon-Feb-20-2017 PM2.5 |  12.84 |  13.15 |  17.64 |   6.27 |I I 
22:22-Mon-Feb-20-2017 PM10  |  26.63 |  26.81 |  34.25 |  11.66 |I I 
22:22-Mon-Feb-20-2017 PM2.5 |  13.63 |  13.20 |  17.64 |   6.27 |I I 
22:23-Mon-Feb-20-2017 PM10  |  35.85 |  27.72 |  34.25 |  11.66 |I I 
22:23-Mon-Feb-20-2017 PM2.5 |  16.12 |  13.49 |  17.64 |   6.27 |I I 
22:27-Mon-Feb-20-2017 PM10  |  34.49 |  28.33 |  34.25 |  11.66 |I I 
22:27-Mon-Feb-20-2017 PM2.5 |  16.75 |  13.79 |  17.64 |   6.27 |I I 
22:28-Mon-Feb-20-2017 PM10  |  27.61 |  28.27 |  34.25 |  11.66 |I I 
22:28-Mon-Feb-20-2017 PM2.5 |  13.17 |  13.74 |  17.64 |   6.27 |I I 
22:33-Mon-Feb-20-2017 PM10  |  27.15 |  28.19 |  34.25 |  11.66 |I I 
22:33-Mon-Feb-20-2017 PM2.5 |  13.76 |  13.74 |  17.64 |   6.27 |I I 
22:34-Mon-Feb-20-2017 PM10  |  25.63 |  28.00 |  34.25 |  11.66 |I I 
22:34-Mon-Feb-20-2017 PM2.5 |  12.93 |  13.68 |  17.64 |   6.27 |I I 
22:38-Mon-Feb-20-2017 PM10  |  27.22 |  27.95 |  34.25 |  11.66 |I I 
22:38-Mon-Feb-20-2017 PM2.5 |  13.75 |  13.69 |  17.64 |   6.27 |I I 
22:39-Mon-Feb-20-2017 PM10  |  28.47 |  27.98 |  34.25 |  11.66 |I I 
22:39-Mon-Feb-20-2017 PM2.5 |  13.11 |  13.65 |  17.64 |   6.27 |I I 
22:40-Mon-Feb-20-2017 PM10  |  28.47 |  28.01 |  34.25 |  11.66 |I I 
22:40-Mon-Feb-20-2017 PM2.5 |  13.11 |  13.62 |  17.64 |   6.27 |I I 
22:44-Mon-Feb-20-2017 PM10  |  25.82 |  27.89 |  34.25 |  11.66 |I I 
22:44-Mon-Feb-20-2017 PM2.5 |  13.37 |  13.60 |  17.64 |   6.27 |I I 
22:45-Mon-Feb-20-2017 PM10  |  27.02 |  27.85 |  34.25 |  11.66 |I I 
22:45-Mon-Feb-20-2017 PM2.5 |  12.69 |  13.56 |  17.64 |   6.27 |I I 
22:49-Mon-Feb-20-2017 PM10  |  27.32 |  27.82 |  34.25 |  11.66 |I I 
22:49-Mon-Feb-20-2017 PM2.5 |  13.74 |  13.57 |  17.64 |   6.27 |I I 
22:50-Mon-Feb-20-2017 PM10  |  24.65 |  27.67 |  34.25 |  11.66 |I I 
22:50-Mon-Feb-20-2017 PM2.5 |  12.71 |  13.53 |  17.64 |   6.27 |I I 
22:54-Mon-Feb-20-2017 PM10  |  27.98 |  27.68 |  34.25 |  11.66 |I I 
22:54-Mon-Feb-20-2017 PM2.5 |  14.07 |  13.55 |  17.64 |   6.27 |I I 
22:55-Mon-Feb-20-2017 PM10  |  26.33 |  27.62 |  34.25 |  11.66 |I I 
22:55-Mon-Feb-20-2017 PM2.5 |  13.16 |  13.53 |  17.64 |   6.27 |I I 
22:59-Mon-Feb-20-2017 PM10  |  27.28 |  27.61 |  34.25 |  11.66 |I I 
22:59-Mon-Feb-20-2017 PM2.5 |  14.08 |  13.56 |  17.64 |   6.27 |I I 
23:00-Mon-Feb-20-2017 PM10  |  27.99 |  27.62 |  34.25 |  11.66 |I I 
23:00-Mon-Feb-20-2017 PM2.5 |  13.36 |  13.55 |  17.64 |   6.27 |I I 
23:04-Mon-Feb-20-2017 PM10  |  26.33 |  26.33 |  34.25 |  11.66 |I I 
23:04-Mon-Feb-20-2017 PM2.5 |  13.33 |  13.33 |  17.64 |   6.27 |I I 
23:05-Mon-Feb-20-2017 PM10  |  25.94 |  26.14 |  34.25 |  11.66 |I I 
23:05-Mon-Feb-20-2017 PM2.5 |  12.77 |  13.05 |  17.64 |   6.27 |I I 
23:09-Mon-Feb-20-2017 PM10  |  27.45 |  26.57 |  34.25 |  11.66 |I I 
23:09-Mon-Feb-20-2017 PM2.5 |  13.83 |  13.31 |  17.64 |   6.27 |I I 
23:10-Mon-Feb-20-2017 PM10  |  27.45 |  26.79 |  34.25 |  11.66 |I I 
23:10-Mon-Feb-20-2017 PM2.5 |  13.83 |  13.44 |  17.64 |   6.27 |I I 
23:11-Mon-Feb-20-2017 PM10  |  24.77 |  26.39 |  34.25 |  11.66 |I I 
23:11-Mon-Feb-20-2017 PM2.5 |  12.70 |  13.29 |  17.64 |   6.27 |I I 
23:15-Mon-Feb-20-2017 PM10  |  27.45 |  26.57 |  34.25 |  11.66 |I I 
23:15-Mon-Feb-20-2017 PM2.5 |  13.73 |  13.36 |  17.64 |   6.27 |I I 
23:16-Mon-Feb-20-2017 PM10  |  24.54 |  26.28 |  34.25 |  11.66 |I I 
23:16-Mon-Feb-20-2017 PM2.5 |  12.28 |  13.21 |  17.64 |   6.27 |I I 
23:20-Mon-Feb-20-2017 PM10  |  26.58 |  26.31 |  34.25 |  11.66 |I I 
23:20-Mon-Feb-20-2017 PM2.5 |  13.12 |  13.20 |  17.64 |   6.27 |I I 
23:21-Mon-Feb-20-2017 PM10  |  29.91 |  26.71 |  34.25 |  11.66 |I I 
23:21-Mon-Feb-20-2017 PM2.5 |  13.14 |  13.19 |  17.64 |   6.27 |I I 
23:25-Mon-Feb-20-2017 PM10  |  26.84 |  26.73 |  34.25 |  11.66 |I I 
23:25-Mon-Feb-20-2017 PM2.5 |  14.05 |  13.28 |  17.64 |   6.27 |I I 
23:26-Mon-Feb-20-2017 PM10  |  27.47 |  26.79 |  34.25 |  11.66 |I I 
23:26-Mon-Feb-20-2017 PM2.5 |  13.38 |  13.29 |  17.64 |   6.27 |I I 
23:30-Mon-Feb-20-2017 PM10  |  27.49 |  26.85 |  34.25 |  11.66 |I I 
23:30-Mon-Feb-20-2017 PM2.5 |  13.99 |  13.35 |  17.64 |   6.27 |I I 
23:31-Mon-Feb-20-2017 PM10  |  25.28 |  26.73 |  34.25 |  11.66 |I I 
23:31-Mon-Feb-20-2017 PM2.5 |  13.12 |  13.33 |  17.64 |   6.27 |I I 
23:35-Mon-Feb-20-2017 PM10  |  26.64 |  26.73 |  34.25 |  11.66 |I I 
23:35-Mon-Feb-20-2017 PM2.5 |  13.78 |  13.36 |  17.64 |   6.27 |I I 
23:36-Mon-Feb-20-2017 PM10  |  27.47 |  26.78 |  34.25 |  11.66 |I I 
23:36-Mon-Feb-20-2017 PM2.5 |  13.37 |  13.36 |  17.64 |   6.27 |I I 
23:37-Mon-Feb-20-2017 PM10  |  27.47 |  26.82 |  34.25 |  11.66 |I I 
23:37-Mon-Feb-20-2017 PM2.5 |  13.37 |  13.36 |  17.64 |   6.27 |I I 
23:41-Mon-Feb-20-2017 PM10  |  27.81 |  26.88 |  34.25 |  11.66 |I I 
23:41-Mon-Feb-20-2017 PM2.5 |  13.53 |  13.37 |  17.64 |   6.27 |I I 
23:42-Mon-Feb-20-2017 PM10  |  24.61 |  26.75 |  34.25 |  11.66 |I I 
23:42-Mon-Feb-20-2017 PM2.5 |  12.87 |  13.34 |  17.64 |   6.27 |I I 
23:46-Mon-Feb-20-2017 PM10  |  27.47 |  26.79 |  34.25 |  11.66 |I I 
23:46-Mon-Feb-20-2017 PM2.5 |  13.34 |  13.34 |  17.64 |   6.27 |I I 
23:47-Mon-Feb-20-2017 PM10  |  26.64 |  26.78 |  34.25 |  11.66 |I I 
23:47-Mon-Feb-20-2017 PM2.5 |  13.79 |  13.37 |  17.64 |   6.27 |I I 
23:51-Mon-Feb-20-2017 PM10  |  29.18 |  26.90 |  34.25 |  11.66 |I I 
23:51-Mon-Feb-20-2017 PM2.5 |  15.37 |  13.46 |  17.64 |   6.27 |I I 
23:52-Mon-Feb-20-2017 PM10  |  32.38 |  27.14 |  34.25 |  11.66 |I I 
23:52-Mon-Feb-20-2017 PM2.5 |  15.48 |  13.55 |  17.64 |   6.27 |I I 
23:56-Mon-Feb-20-2017 PM10  |  32.75 |  27.39 |  34.25 |  11.66 |I I 
23:56-Mon-Feb-20-2017 PM2.5 |  16.17 |  13.67 |  17.64 |   6.27 |I I 
23:57-Mon-Feb-20-2017 PM10  |  33.10 |  27.63 |  34.25 |  11.66 |I I 
23:57-Mon-Feb-20-2017 PM2.5 |  15.16 |  13.73 |  17.64 |   6.27 |I I 
00:01-Tue-Feb-21-2017 PM10  |  30.17 |  27.73 |  34.25 |  11.66 |I I 
