[Tue Feb 14 00:01:00 2017] Report del giorno Tuesday February 14 2017 -- INVIATO a centraline@googlegroups.com
00:01-Tue-Feb-14-2017 PM2.5 |  22.85 |  22.86 |  22.86 |   6.05 |I I 
00:02-Tue-Feb-14-2017 PM10  |  59.99 |  59.99 |   0.00 |  2000.00|I I 
00:02-Tue-Feb-14-2017 PM2.5 |  19.46 |  19.46 |   0.00 |  2000.00|I I 
00:06-Tue-Feb-14-2017 PM10  |  68.26 |  64.12 |   0.00 |  2000.00|I I 
00:06-Tue-Feb-14-2017 PM2.5 |  22.96 |  21.21 |   0.00 |  2000.00|I I 
00:07-Tue-Feb-14-2017 PM10  |  64.68 |  64.31 |   0.00 |  2000.00|I I 
00:07-Tue-Feb-14-2017 PM2.5 |  21.26 |  21.23 |   0.00 |  2000.00|I I 
00:11-Tue-Feb-14-2017 PM10  |  70.82 |  65.94 |   0.00 |  2000.00|I I 
00:11-Tue-Feb-14-2017 PM2.5 |  23.56 |  21.81 |   0.00 |  2000.00|I I 
00:12-Tue-Feb-14-2017 PM10  |  65.79 |  65.91 |   0.00 |  2000.00|I I 
00:12-Tue-Feb-14-2017 PM2.5 |  21.09 |  21.67 |   0.00 |  2000.00|I I 
00:16-Tue-Feb-14-2017 PM10  |  77.48 |  67.84 |   0.00 |  2000.00|I I 
00:16-Tue-Feb-14-2017 PM2.5 |  24.30 |  22.11 |   0.00 |  2000.00|I I 
00:17-Tue-Feb-14-2017 PM10  |  68.48 |  67.93 |   0.00 |  2000.00|I I 
00:17-Tue-Feb-14-2017 PM2.5 |  22.59 |  22.17 |   0.00 |  2000.00|I I 
00:21-Tue-Feb-14-2017 PM10  |  74.47 |  68.75 |   0.00 |  2000.00|I I 
00:21-Tue-Feb-14-2017 PM2.5 |  24.98 |  22.52 |   0.00 |  2000.00|I I 
00:22-Tue-Feb-14-2017 PM10  |  74.18 |  69.35 |   0.00 |  2000.00|I I 
00:22-Tue-Feb-14-2017 PM2.5 |  22.49 |  22.52 |   0.00 |  2000.00|I I 
00:26-Tue-Feb-14-2017 PM10  |  76.60 |  70.07 |   0.00 |  2000.00|I I 
00:26-Tue-Feb-14-2017 PM2.5 |  24.59 |  22.73 |   0.00 |  2000.00|I I 
00:27-Tue-Feb-14-2017 PM10  |  71.44 |  70.20 |   0.00 |  2000.00|I I 
00:27-Tue-Feb-14-2017 PM2.5 |  21.05 |  22.57 |   0.00 |  2000.00|I I 
00:31-Tue-Feb-14-2017 PM10  |  73.66 |  70.49 |   0.00 |  2000.00|I I 
00:31-Tue-Feb-14-2017 PM2.5 |  23.90 |  22.69 |   0.00 |  2000.00|I I 
00:32-Tue-Feb-14-2017 PM10  |  69.24 |  70.39 |   0.00 |  2000.00|I I 
00:32-Tue-Feb-14-2017 PM2.5 |  21.64 |  22.61 |   0.00 |  2000.00|I I 
00:36-Tue-Feb-14-2017 PM10  |  74.78 |  70.70 |   0.00 |  2000.00|I I 
00:36-Tue-Feb-14-2017 PM2.5 |  24.38 |  22.73 |   0.00 |  2000.00|I I 
00:37-Tue-Feb-14-2017 PM10  |  69.94 |  70.65 |   0.00 |  2000.00|I I 
00:37-Tue-Feb-14-2017 PM2.5 |  22.01 |  22.68 |   0.00 |  2000.00|I I 
00:41-Tue-Feb-14-2017 PM10  |  66.26 |  70.38 |   0.00 |  2000.00|I I 
00:41-Tue-Feb-14-2017 PM2.5 |  23.40 |  22.73 |   0.00 |  2000.00|I I 
00:42-Tue-Feb-14-2017 PM10  |  63.64 |  69.98 |   0.00 |  2000.00|I I 
00:42-Tue-Feb-14-2017 PM2.5 |  21.85 |  22.68 |   0.00 |  2000.00|I I 
00:46-Tue-Feb-14-2017 PM10  |  70.87 |  70.03 |   0.00 |  2000.00|I I 
00:46-Tue-Feb-14-2017 PM2.5 |  24.21 |  22.76 |   0.00 |  2000.00|I I 
00:47-Tue-Feb-14-2017 PM10  |  70.33 |  70.05 |   0.00 |  2000.00|I I 
00:47-Tue-Feb-14-2017 PM2.5 |  21.36 |  22.69 |   0.00 |  2000.00|I I 
00:51-Tue-Feb-14-2017 PM10  |  75.31 |  70.31 |   0.00 |  2000.00|I I 
00:51-Tue-Feb-14-2017 PM2.5 |  25.01 |  22.80 |   0.00 |  2000.00|I I 
00:52-Tue-Feb-14-2017 PM10  |  78.79 |  70.71 |   0.00 |  2000.00|I I 
00:52-Tue-Feb-14-2017 PM2.5 |  23.15 |  22.82 |   0.00 |  2000.00|I I 
00:56-Tue-Feb-14-2017 PM10  |  78.85 |  71.08 |   0.00 |  2000.00|I I 
00:56-Tue-Feb-14-2017 PM2.5 |  24.60 |  22.90 |   0.00 |  2000.00|I I 
00:57-Tue-Feb-14-2017 PM10  |  71.99 |  71.12 |   0.00 |  2000.00|I I 
00:57-Tue-Feb-14-2017 PM2.5 |  21.89 |  22.86 |   0.00 |  2000.00|I I 
01:01-Tue-Feb-14-2017 PM10  |  82.62 |  71.60 |  71.60 |  71.60 |I I 
01:01-Tue-Feb-14-2017 PM2.5 |  26.10 |  22.99 |  22.99 |  22.99 |I I 
01:02-Tue-Feb-14-2017 PM10  |  72.25 |  72.25 |  71.60 |  71.60 |I I 
01:02-Tue-Feb-14-2017 PM2.5 |  22.57 |  22.57 |  22.99 |  22.99 |I I 
01:06-Tue-Feb-14-2017 PM10  |  85.24 |  78.75 |  71.60 |  71.60 |I I 
01:06-Tue-Feb-14-2017 PM2.5 |  26.34 |  24.45 |  22.99 |  22.99 |I I 
01:07-Tue-Feb-14-2017 PM10  |  66.25 |  74.58 |  71.60 |  71.60 |I I 
01:07-Tue-Feb-14-2017 PM2.5 |  20.50 |  23.14 |  22.99 |  22.99 |I I 
01:11-Tue-Feb-14-2017 PM10  |  73.95 |  74.43 |  71.60 |  71.60 |I I 
01:11-Tue-Feb-14-2017 PM2.5 |  23.92 |  23.33 |  22.99 |  22.99 |I I 
01:12-Tue-Feb-14-2017 PM10  |  66.89 |  72.92 |  71.60 |  71.60 |I I 
01:12-Tue-Feb-14-2017 PM2.5 |  21.12 |  22.89 |  22.99 |  22.99 |I I 
01:16-Tue-Feb-14-2017 PM10  |  74.72 |  73.22 |  71.60 |  71.60 |I I 
01:16-Tue-Feb-14-2017 PM2.5 |  24.83 |  23.21 |  22.99 |  22.99 |I I 
01:17-Tue-Feb-14-2017 PM10  |  71.47 |  72.97 |  71.60 |  71.60 |I I 
01:17-Tue-Feb-14-2017 PM2.5 |  23.05 |  23.19 |  22.99 |  22.99 |I I 
01:21-Tue-Feb-14-2017 PM10  |  74.12 |  73.11 |  71.60 |  71.60 |I I 
01:21-Tue-Feb-14-2017 PM2.5 |  25.64 |  23.50 |  22.99 |  22.99 |I I 
01:22-Tue-Feb-14-2017 PM10  |  68.46 |  72.60 |  71.60 |  71.60 |I I 
01:22-Tue-Feb-14-2017 PM2.5 |  22.54 |  23.39 |  22.99 |  22.99 |I I 
01:26-Tue-Feb-14-2017 PM10  |  74.52 |  72.79 |  71.60 |  71.60 |I I 
01:26-Tue-Feb-14-2017 PM2.5 |  24.11 |  23.46 |  22.99 |  22.99 |I I 
01:27-Tue-Feb-14-2017 PM10  |  74.41 |  72.94 |  71.60 |  71.60 |I I 
01:27-Tue-Feb-14-2017 PM2.5 |  21.80 |  23.31 |  22.99 |  22.99 |I I 
01:31-Tue-Feb-14-2017 PM10  |  79.36 |  73.47 |  71.60 |  71.60 |I I 
01:31-Tue-Feb-14-2017 PM2.5 |  23.59 |  23.33 |  22.99 |  22.99 |I I 
01:32-Tue-Feb-14-2017 PM10  |  72.73 |  73.41 |  71.60 |  71.60 |I I 
01:32-Tue-Feb-14-2017 PM2.5 |  22.29 |  23.25 |  22.99 |  22.99 |I I 
01:36-Tue-Feb-14-2017 PM10  |  73.25 |  73.40 |  71.60 |  71.60 |I I 
01:36-Tue-Feb-14-2017 PM2.5 |  24.25 |  23.33 |  22.99 |  22.99 |I I 
01:37-Tue-Feb-14-2017 PM10  |  65.48 |  72.87 |  71.60 |  71.60 |I I 
01:37-Tue-Feb-14-2017 PM2.5 |  20.97 |  23.17 |  22.99 |  22.99 |I I 
01:41-Tue-Feb-14-2017 PM10  |  75.85 |  73.06 |  71.60 |  71.60 |I I 
01:41-Tue-Feb-14-2017 PM2.5 |  24.29 |  23.24 |  22.99 |  22.99 |I I 
01:42-Tue-Feb-14-2017 PM10  |  72.28 |  73.01 |  71.60 |  71.60 |I I 
01:42-Tue-Feb-14-2017 PM2.5 |  21.48 |  23.14 |  22.99 |  22.99 |I I 
01:46-Tue-Feb-14-2017 PM10  |  67.81 |  72.72 |  71.60 |  71.60 |I I 
01:46-Tue-Feb-14-2017 PM2.5 |  22.87 |  23.12 |  22.99 |  22.99 |I I 
01:47-Tue-Feb-14-2017 PM10  |  71.16 |  72.64 |  71.60 |  71.60 |I I 
01:47-Tue-Feb-14-2017 PM2.5 |  21.98 |  23.06 |  22.99 |  22.99 |I I 
01:51-Tue-Feb-14-2017 PM10  |  75.22 |  72.77 |  71.60 |  71.60 |I I 
01:51-Tue-Feb-14-2017 PM2.5 |  23.46 |  23.08 |  22.99 |  22.99 |I I 
01:52-Tue-Feb-14-2017 PM10  |  64.99 |  72.40 |  71.60 |  71.60 |I I 
01:52-Tue-Feb-14-2017 PM2.5 |  20.46 |  22.96 |  22.99 |  22.99 |I I 
01:56-Tue-Feb-14-2017 PM10  |  69.16 |  72.25 |  71.60 |  71.60 |I I 
01:56-Tue-Feb-14-2017 PM2.5 |  23.21 |  22.97 |  22.99 |  22.99 |I I 
01:57-Tue-Feb-14-2017 PM10  |  66.66 |  72.01 |  71.60 |  71.60 |I I 
01:57-Tue-Feb-14-2017 PM2.5 |  20.22 |  22.85 |  22.99 |  22.99 |I I 
02:01-Tue-Feb-14-2017 PM10  |  69.09 |  71.89 |  71.89 |  71.60 |I I 
02:01-Tue-Feb-14-2017 PM2.5 |  22.53 |  22.83 |  22.99 |  22.83 |I I 
02:02-Tue-Feb-14-2017 PM10  |  62.47 |  62.47 |  71.89 |  71.60 |I I 
02:02-Tue-Feb-14-2017 PM2.5 |  19.67 |  19.67 |  22.99 |  22.83 |I I 
02:06-Tue-Feb-14-2017 PM10  |  63.19 |  62.83 |  71.89 |  71.60 |I I 
02:06-Tue-Feb-14-2017 PM2.5 |  21.64 |  20.65 |  22.99 |  22.83 |I I 
02:07-Tue-Feb-14-2017 PM10  |  68.90 |  64.85 |  71.89 |  71.60 |I I 
02:07-Tue-Feb-14-2017 PM2.5 |  20.71 |  20.67 |  22.99 |  22.83 |I I 
02:11-Tue-Feb-14-2017 PM10  |  78.64 |  68.30 |  71.89 |  71.60 |I I 
02:11-Tue-Feb-14-2017 PM2.5 |  24.03 |  21.51 |  22.99 |  22.83 |I I 
02:12-Tue-Feb-14-2017 PM10  |  70.50 |  68.74 |  71.89 |  71.60 |I I 
02:12-Tue-Feb-14-2017 PM2.5 |  22.62 |  21.73 |  22.99 |  22.83 |I I 
02:16-Tue-Feb-14-2017 PM10  |  76.86 |  70.09 |  71.89 |  71.60 |I I 
02:16-Tue-Feb-14-2017 PM2.5 |  24.75 |  22.24 |  22.99 |  22.83 |I I 
02:17-Tue-Feb-14-2017 PM10  |  76.49 |  71.01 |  71.89 |  71.60 |I I 
02:17-Tue-Feb-14-2017 PM2.5 |  22.09 |  22.21 |  22.99 |  22.83 |I I 
02:21-Tue-Feb-14-2017 PM10  |  78.22 |  71.91 |  71.89 |  71.60 |I I 
02:21-Tue-Feb-14-2017 PM2.5 |  23.97 |  22.43 |  22.99 |  22.83 |I I 
02:22-Tue-Feb-14-2017 PM10  |  70.08 |  71.71 |  71.89 |  71.60 |I I 
02:22-Tue-Feb-14-2017 PM2.5 |  21.55 |  22.34 |  22.99 |  22.83 |I I 
02:26-Tue-Feb-14-2017 PM10  |  73.96 |  71.93 |  71.89 |  71.60 |I I 
02:26-Tue-Feb-14-2017 PM2.5 |  23.42 |  22.44 |  22.99 |  22.83 |I I 
02:27-Tue-Feb-14-2017 PM10  |  67.85 |  71.56 |  71.89 |  71.60 |I I 
02:27-Tue-Feb-14-2017 PM2.5 |  21.40 |  22.35 |  22.99 |  22.83 |I I 
02:31-Tue-Feb-14-2017 PM10  |  75.10 |  71.86 |  71.89 |  71.60 |I I 
02:31-Tue-Feb-14-2017 PM2.5 |  23.96 |  22.48 |  22.99 |  22.83 |I I 
02:35-Tue-Feb-14-2017 PM10  |  67.61 |  71.53 |  71.89 |  71.60 |I I 
02:35-Tue-Feb-14-2017 PM2.5 |  22.49 |  22.48 |  22.99 |  22.83 |I I 
02:36-Tue-Feb-14-2017 PM10  |  64.76 |  71.05 |  71.89 |  71.60 |I I 
02:36-Tue-Feb-14-2017 PM2.5 |  20.28 |  22.33 |  22.99 |  22.83 |I I 
02:40-Tue-Feb-14-2017 PM10  |  73.78 |  71.23 |  71.89 |  71.60 |I I 
02:40-Tue-Feb-14-2017 PM2.5 |  23.62 |  22.41 |  22.99 |  22.83 |I I 
02:41-Tue-Feb-14-2017 PM10  |  68.31 |  71.05 |  71.89 |  71.60 |I I 
02:41-Tue-Feb-14-2017 PM2.5 |  21.09 |  22.33 |  22.99 |  22.83 |I I 
02:45-Tue-Feb-14-2017 PM10  |  72.86 |  71.15 |  71.89 |  71.60 |I I 
02:45-Tue-Feb-14-2017 PM2.5 |  23.36 |  22.39 |  22.99 |  22.83 |I I 
02:46-Tue-Feb-14-2017 PM10  |  63.03 |  70.70 |  71.89 |  71.60 |I I 
02:46-Tue-Feb-14-2017 PM2.5 |  21.53 |  22.34 |  22.99 |  22.83 |I I 
02:50-Tue-Feb-14-2017 PM10  |  68.29 |  70.57 |  71.89 |  71.60 |I I 
02:50-Tue-Feb-14-2017 PM2.5 |  22.86 |  22.37 |  22.99 |  22.83 |I I 
02:51-Tue-Feb-14-2017 PM10  |  62.44 |  70.17 |  71.89 |  71.60 |I I 
02:51-Tue-Feb-14-2017 PM2.5 |  21.10 |  22.31 |  22.99 |  22.83 |I I 
02:55-Tue-Feb-14-2017 PM10  |  70.37 |  70.18 |  71.89 |  71.60 |I I 
02:55-Tue-Feb-14-2017 PM2.5 |  23.69 |  22.37 |  22.99 |  22.83 |I I 
02:56-Tue-Feb-14-2017 PM10  |  69.23 |  70.13 |  71.89 |  71.60 |I I 
02:56-Tue-Feb-14-2017 PM2.5 |  21.21 |  22.32 |  22.99 |  22.83 |I I 
03:00-Tue-Feb-14-2017 PM10  |  71.55 |  70.19 |  71.89 |  70.19 |I I 
03:00-Tue-Feb-14-2017 PM2.5 |  23.24 |  22.36 |  22.99 |  22.36 |I I 
03:01-Tue-Feb-14-2017 PM10  |  66.12 |  66.12 |  71.89 |  70.19 |I I 
03:01-Tue-Feb-14-2017 PM2.5 |  20.78 |  20.78 |  22.99 |  22.36 |I I 
03:05-Tue-Feb-14-2017 PM10  |  71.36 |  68.74 |  71.89 |  70.19 |I I 
03:05-Tue-Feb-14-2017 PM2.5 |  22.89 |  21.83 |  22.99 |  22.36 |I I 
03:06-Tue-Feb-14-2017 PM10  |  75.31 |  70.93 |  71.89 |  70.19 |I I 
03:06-Tue-Feb-14-2017 PM2.5 |  21.86 |  21.84 |  22.99 |  22.36 |I I 
03:10-Tue-Feb-14-2017 PM10  |  74.62 |  71.85 |  71.89 |  70.19 |I I 
03:10-Tue-Feb-14-2017 PM2.5 |  23.25 |  22.19 |  22.99 |  22.36 |I I 
03:11-Tue-Feb-14-2017 PM10  |  68.33 |  71.15 |  71.89 |  70.19 |I I 
03:11-Tue-Feb-14-2017 PM2.5 |  20.56 |  21.87 |  22.99 |  22.36 |I I 
03:15-Tue-Feb-14-2017 PM10  |  78.05 |  72.30 |  71.89 |  70.19 |I I 
03:15-Tue-Feb-14-2017 PM2.5 |  23.49 |  22.14 |  22.99 |  22.36 |I I 
03:17-Tue-Feb-14-2017 PM10  |  69.66 |  71.92 |  71.89 |  70.19 |I I 
03:17-Tue-Feb-14-2017 PM2.5 |  20.55 |  21.91 |  22.99 |  22.36 |I I 
03:21-Tue-Feb-14-2017 PM10  |  75.09 |  72.32 |  71.89 |  70.19 |I I 
03:21-Tue-Feb-14-2017 PM2.5 |  23.37 |  22.09 |  22.99 |  22.36 |I I 
03:22-Tue-Feb-14-2017 PM10  |  67.91 |  71.83 |  71.89 |  70.19 |I I 
03:22-Tue-Feb-14-2017 PM2.5 |  22.26 |  22.11 |  22.99 |  22.36 |I I 
03:26-Tue-Feb-14-2017 PM10  |  72.91 |  71.94 |  71.89 |  70.19 |I I 
03:26-Tue-Feb-14-2017 PM2.5 |  23.98 |  22.30 |  22.99 |  22.36 |I I 
03:27-Tue-Feb-14-2017 PM10  |  69.29 |  71.70 |  71.89 |  70.19 |I I 
03:27-Tue-Feb-14-2017 PM2.5 |  20.80 |  22.16 |  22.99 |  22.36 |I I 
03:31-Tue-Feb-14-2017 PM10  |  73.88 |  71.88 |  71.89 |  70.19 |I I 
03:31-Tue-Feb-14-2017 PM2.5 |  23.24 |  22.25 |  22.99 |  22.36 |I I 
03:32-Tue-Feb-14-2017 PM10  |  67.70 |  71.56 |  71.89 |  70.19 |I I 
03:32-Tue-Feb-14-2017 PM2.5 |  20.20 |  22.10 |  22.99 |  22.36 |I I 
03:36-Tue-Feb-14-2017 PM10  |  69.48 |  71.41 |  71.89 |  70.19 |I I 
03:36-Tue-Feb-14-2017 PM2.5 |  23.53 |  22.20 |  22.99 |  22.36 |I I 
03:37-Tue-Feb-14-2017 PM10  |  69.64 |  71.29 |  71.89 |  70.19 |I I 
03:37-Tue-Feb-14-2017 PM2.5 |  20.87 |  22.11 |  22.99 |  22.36 |I I 
03:41-Tue-Feb-14-2017 PM10  |  77.80 |  71.70 |  71.89 |  70.19 |I I 
03:41-Tue-Feb-14-2017 PM2.5 |  23.79 |  22.21 |  22.99 |  22.36 |I I 
03:42-Tue-Feb-14-2017 PM10  |  62.80 |  71.17 |  71.89 |  70.19 |I I 
03:42-Tue-Feb-14-2017 PM2.5 |  20.25 |  22.10 |  22.99 |  22.36 |I I 
03:46-Tue-Feb-14-2017 PM10  |  73.21 |  71.29 |  71.89 |  70.19 |I I 
03:46-Tue-Feb-14-2017 PM2.5 |  23.38 |  22.17 |  22.99 |  22.36 |I I 
03:47-Tue-Feb-14-2017 PM10  |  64.46 |  70.93 |  71.89 |  70.19 |I I 
03:47-Tue-Feb-14-2017 PM2.5 |  18.57 |  21.98 |  22.99 |  22.36 |I I 
03:51-Tue-Feb-14-2017 PM10  |  62.43 |  70.50 |  71.89 |  70.19 |I I 
03:51-Tue-Feb-14-2017 PM2.5 |  21.13 |  21.94 |  22.99 |  22.36 |I I 
03:52-Tue-Feb-14-2017 PM10  |  78.87 |  70.90 |  71.89 |  70.19 |I I 
03:52-Tue-Feb-14-2017 PM2.5 |  23.08 |  21.99 |  22.99 |  22.36 |I I 
03:56-Tue-Feb-14-2017 PM10  |  79.99 |  71.31 |  71.89 |  70.19 |I I 
03:56-Tue-Feb-14-2017 PM2.5 |  25.67 |  22.16 |  22.99 |  22.36 |I I 
03:57-Tue-Feb-14-2017 PM10  |  70.63 |  71.28 |  71.89 |  70.19 |I I 
03:57-Tue-Feb-14-2017 PM2.5 |  21.75 |  22.14 |  22.99 |  22.36 |I I 
04:01-Tue-Feb-14-2017 PM10  |  78.07 |  71.57 |  71.89 |  70.19 |I I 
04:01-Tue-Feb-14-2017 PM2.5 |  24.92 |  22.26 |  22.99 |  22.26 |I I 
04:02-Tue-Feb-14-2017 PM10  |  77.09 |  77.09 |  71.89 |  70.19 |I I 
04:02-Tue-Feb-14-2017 PM2.5 |  22.69 |  22.69 |  22.99 |  22.26 |I I 
04:06-Tue-Feb-14-2017 PM10  |  85.54 |  81.31 |  71.89 |  70.19 |I I 
04:06-Tue-Feb-14-2017 PM2.5 |  25.42 |  24.06 |  22.99 |  22.26 |I I 
04:07-Tue-Feb-14-2017 PM10  |  70.11 |  77.58 |  71.89 |  70.19 |I I 
04:07-Tue-Feb-14-2017 PM2.5 |  22.34 |  23.48 |  22.99 |  22.26 |I I 
04:11-Tue-Feb-14-2017 PM10  |  74.70 |  76.86 |  71.89 |  70.19 |I I 
04:11-Tue-Feb-14-2017 PM2.5 |  25.81 |  24.07 |  22.99 |  22.26 |I I 
04:12-Tue-Feb-14-2017 PM10  |  74.28 |  76.34 |  71.89 |  70.19 |I I 
04:12-Tue-Feb-14-2017 PM2.5 |  22.25 |  23.70 |  22.99 |  22.26 |I I 
04:16-Tue-Feb-14-2017 PM10  |  74.76 |  76.08 |  71.89 |  70.19 |I I 
04:16-Tue-Feb-14-2017 PM2.5 |  24.10 |  23.77 |  22.99 |  22.26 |I I 
04:17-Tue-Feb-14-2017 PM10  |  68.62 |  75.01 |  71.89 |  70.19 |I I 
04:17-Tue-Feb-14-2017 PM2.5 |  21.60 |  23.46 |  22.99 |  22.26 |I I 
04:21-Tue-Feb-14-2017 PM10  |  78.83 |  75.49 |  71.89 |  70.19 |I I 
04:21-Tue-Feb-14-2017 PM2.5 |  25.17 |  23.67 |  22.99 |  22.26 |I I 
04:22-Tue-Feb-14-2017 PM10  |  70.69 |  74.96 |  71.89 |  70.19 |I I 
04:22-Tue-Feb-14-2017 PM2.5 |  21.49 |  23.43 |  22.99 |  22.26 |I I 
04:26-Tue-Feb-14-2017 PM10  |  77.28 |  75.19 |  71.89 |  70.19 |I I 
04:26-Tue-Feb-14-2017 PM2.5 |  23.59 |  23.45 |  22.99 |  22.26 |I I 
04:27-Tue-Feb-14-2017 PM10  |  75.60 |  75.23 |  71.89 |  70.19 |I I 
04:27-Tue-Feb-14-2017 PM2.5 |  22.24 |  23.34 |  22.99 |  22.26 |I I 
04:31-Tue-Feb-14-2017 PM10  |  76.26 |  75.31 |  71.89 |  70.19 |I I 
04:31-Tue-Feb-14-2017 PM2.5 |  24.28 |  23.42 |  22.99 |  22.26 |I I 
04:32-Tue-Feb-14-2017 PM10  |  73.27 |  75.16 |  71.89 |  70.19 |I I 
04:32-Tue-Feb-14-2017 PM2.5 |  23.16 |  23.40 |  22.99 |  22.26 |I I 
04:36-Tue-Feb-14-2017 PM10  |  78.20 |  75.37 |  71.89 |  70.19 |I I 
04:36-Tue-Feb-14-2017 PM2.5 |  25.14 |  23.52 |  22.99 |  22.26 |I I 
04:37-Tue-Feb-14-2017 PM10  |  74.47 |  75.31 |  71.89 |  70.19 |I I 
04:37-Tue-Feb-14-2017 PM2.5 |  21.67 |  23.40 |  22.99 |  22.26 |I I 
04:41-Tue-Feb-14-2017 PM10  |  77.72 |  75.46 |  71.89 |  70.19 |I I 
04:41-Tue-Feb-14-2017 PM2.5 |  24.27 |  23.45 |  22.99 |  22.26 |I I 
04:42-Tue-Feb-14-2017 PM10  |  65.91 |  74.90 |  71.89 |  70.19 |I I 
04:42-Tue-Feb-14-2017 PM2.5 |  20.02 |  23.25 |  22.99 |  22.26 |I I 
04:46-Tue-Feb-14-2017 PM10  |  80.17 |  75.20 |  71.89 |  70.19 |I I 
04:46-Tue-Feb-14-2017 PM2.5 |  24.54 |  23.32 |  22.99 |  22.26 |I I 
04:47-Tue-Feb-14-2017 PM10  |  78.21 |  75.35 |  71.89 |  70.19 |I I 
04:47-Tue-Feb-14-2017 PM2.5 |  22.07 |  23.26 |  22.99 |  22.26 |I I 
04:51-Tue-Feb-14-2017 PM10  |  79.62 |  75.57 |  71.89 |  70.19 |I I 
04:51-Tue-Feb-14-2017 PM2.5 |  24.19 |  23.30 |  22.99 |  22.26 |I I 
04:52-Tue-Feb-14-2017 PM10  |  76.08 |  75.59 |  71.89 |  70.19 |I I 
04:52-Tue-Feb-14-2017 PM2.5 |  21.54 |  23.22 |  22.99 |  22.26 |I I 
04:56-Tue-Feb-14-2017 PM10  |  78.07 |  75.70 |  71.89 |  70.19 |I I 
04:56-Tue-Feb-14-2017 PM2.5 |  23.98 |  23.25 |  22.99 |  22.26 |I I 
04:57-Tue-Feb-14-2017 PM10  |  75.93 |  75.71 |  71.89 |  70.19 |I I 
04:57-Tue-Feb-14-2017 PM2.5 |  22.11 |  23.20 |  22.99 |  22.26 |I I 
05:01-Tue-Feb-14-2017 PM10  |  85.87 |  76.14 |  76.14 |  70.19 |I I 
05:01-Tue-Feb-14-2017 PM2.5 |  24.90 |  23.27 |  23.27 |  22.26 |I I 
05:02-Tue-Feb-14-2017 PM10  |  71.30 |  71.30 |  76.14 |  70.19 |I I 
05:02-Tue-Feb-14-2017 PM2.5 |  20.82 |  20.82 |  23.27 |  22.26 |I I 
05:06-Tue-Feb-14-2017 PM10  |  76.94 |  74.12 |  76.14 |  70.19 |I I 
05:06-Tue-Feb-14-2017 PM2.5 |  23.18 |  22.00 |  23.27 |  22.26 |I I 
05:07-Tue-Feb-14-2017 PM10  |  77.77 |  75.34 |  76.14 |  70.19 |I I 
05:07-Tue-Feb-14-2017 PM2.5 |  21.80 |  21.93 |  23.27 |  22.26 |I I 
05:11-Tue-Feb-14-2017 PM10  |  73.09 |  74.78 |  76.14 |  70.19 |I I 
05:11-Tue-Feb-14-2017 PM2.5 |  23.79 |  22.40 |  23.27 |  22.26 |I I 
05:12-Tue-Feb-14-2017 PM10  |  72.73 |  74.37 |  76.14 |  70.19 |I I 
05:12-Tue-Feb-14-2017 PM2.5 |  21.34 |  22.19 |  23.27 |  22.26 |I I 
05:16-Tue-Feb-14-2017 PM10  |  77.30 |  74.86 |  76.14 |  70.19 |I I 
05:16-Tue-Feb-14-2017 PM2.5 |  24.75 |  22.61 |  23.27 |  22.26 |I I 
05:17-Tue-Feb-14-2017 PM10  |  74.13 |  74.75 |  76.14 |  70.19 |I I 
05:17-Tue-Feb-14-2017 PM2.5 |  22.22 |  22.56 |  23.27 |  22.26 |I I 
05:21-Tue-Feb-14-2017 PM10  |  82.46 |  75.72 |  76.14 |  70.19 |I I 
05:21-Tue-Feb-14-2017 PM2.5 |  25.03 |  22.87 |  23.27 |  22.26 |I I 
05:22-Tue-Feb-14-2017 PM10  |  69.30 |  75.00 |  76.14 |  70.19 |I I 
05:22-Tue-Feb-14-2017 PM2.5 |  21.21 |  22.68 |  23.27 |  22.26 |I I 
05:26-Tue-Feb-14-2017 PM10  |  81.32 |  75.63 |  76.14 |  70.19 |I I 
05:26-Tue-Feb-14-2017 PM2.5 |  24.73 |  22.89 |  23.27 |  22.26 |I I 
05:27-Tue-Feb-14-2017 PM10  |  67.12 |  74.86 |  76.14 |  70.19 |I I 
05:27-Tue-Feb-14-2017 PM2.5 |  21.42 |  22.75 |  23.27 |  22.26 |I I 
05:31-Tue-Feb-14-2017 PM10  |  76.41 |  74.99 |  76.14 |  70.19 |I I 
05:31-Tue-Feb-14-2017 PM2.5 |  25.57 |  22.99 |  23.27 |  22.26 |I I 
05:32-Tue-Feb-14-2017 PM10  |  67.62 |  74.42 |  76.14 |  70.19 |I I 
05:32-Tue-Feb-14-2017 PM2.5 |  21.26 |  22.85 |  23.27 |  22.26 |I I 
05:36-Tue-Feb-14-2017 PM10  |  75.50 |  74.50 |  76.14 |  70.19 |I I 
05:36-Tue-Feb-14-2017 PM2.5 |  24.51 |  22.97 |  23.27 |  22.26 |I I 
05:37-Tue-Feb-14-2017 PM10  |  72.59 |  74.37 |  76.14 |  70.19 |I I 
05:37-Tue-Feb-14-2017 PM2.5 |  20.67 |  22.82 |  23.27 |  22.26 |I I 
05:41-Tue-Feb-14-2017 PM10  |  78.39 |  74.62 |  76.14 |  70.19 |I I 
05:41-Tue-Feb-14-2017 PM2.5 |  24.72 |  22.94 |  23.27 |  22.26 |I I 
05:42-Tue-Feb-14-2017 PM10  |  70.19 |  74.36 |  76.14 |  70.19 |I I 
05:42-Tue-Feb-14-2017 PM2.5 |  21.21 |  22.84 |  23.27 |  22.26 |I I 
05:46-Tue-Feb-14-2017 PM10  |  82.39 |  74.81 |  76.14 |  70.19 |I I 
05:46-Tue-Feb-14-2017 PM2.5 |  24.40 |  22.92 |  23.27 |  22.26 |I I 
05:47-Tue-Feb-14-2017 PM10  |  71.41 |  74.63 |  76.14 |  70.19 |I I 
05:47-Tue-Feb-14-2017 PM2.5 |  20.88 |  22.82 |  23.27 |  22.26 |I I 
05:51-Tue-Feb-14-2017 PM10  |  77.39 |  74.77 |  76.14 |  70.19 |I I 
05:51-Tue-Feb-14-2017 PM2.5 |  24.42 |  22.90 |  23.27 |  22.26 |I I 
05:52-Tue-Feb-14-2017 PM10  |  67.55 |  74.42 |  76.14 |  70.19 |I I 
05:52-Tue-Feb-14-2017 PM2.5 |  20.66 |  22.79 |  23.27 |  22.26 |I I 
05:56-Tue-Feb-14-2017 PM10  |  78.56 |  74.61 |  76.14 |  70.19 |I I 
05:56-Tue-Feb-14-2017 PM2.5 |  24.02 |  22.85 |  23.27 |  22.26 |I I 
05:57-Tue-Feb-14-2017 PM10  |  63.56 |  74.13 |  76.14 |  70.19 |I I 
05:57-Tue-Feb-14-2017 PM2.5 |  20.80 |  22.76 |  23.27 |  22.26 |I I 
06:01-Tue-Feb-14-2017 PM10  |  69.11 |  73.92 |  76.14 |  70.19 |I I 
06:01-Tue-Feb-14-2017 PM2.5 |  23.24 |  22.78 |  23.27 |  22.26 |I I 
06:02-Tue-Feb-14-2017 PM10  |  68.22 |  68.22 |  76.14 |  70.19 |I I 
06:02-Tue-Feb-14-2017 PM2.5 |  21.15 |  21.15 |  23.27 |  22.26 |I I 
06:06-Tue-Feb-14-2017 PM10  |  80.42 |  74.32 |  76.14 |  70.19 |I I 
06:06-Tue-Feb-14-2017 PM2.5 |  24.59 |  22.87 |  23.27 |  22.26 |I I 
06:07-Tue-Feb-14-2017 PM10  |  60.37 |  69.67 |  76.14 |  70.19 |I I 
06:07-Tue-Feb-14-2017 PM2.5 |  20.18 |  21.98 |  23.27 |  22.26 |I I 
06:11-Tue-Feb-14-2017 PM10  |  77.61 |  71.66 |  76.14 |  70.19 |I I 
06:11-Tue-Feb-14-2017 PM2.5 |  24.20 |  22.53 |  23.27 |  22.26 |I I 
06:12-Tue-Feb-14-2017 PM10  |  68.35 |  70.99 |  76.14 |  70.19 |I I 
06:12-Tue-Feb-14-2017 PM2.5 |  20.07 |  22.04 |  23.27 |  22.26 |I I 
06:16-Tue-Feb-14-2017 PM10  |  76.34 |  71.89 |  76.14 |  70.19 |I I 
06:16-Tue-Feb-14-2017 PM2.5 |  23.96 |  22.36 |  23.27 |  22.26 |I I 
06:17-Tue-Feb-14-2017 PM10  |  67.31 |  71.23 |  76.14 |  70.19 |I I 
06:17-Tue-Feb-14-2017 PM2.5 |  21.43 |  22.23 |  23.27 |  22.26 |I I 
06:21-Tue-Feb-14-2017 PM10  |  76.00 |  71.83 |  76.14 |  70.19 |I I 
06:21-Tue-Feb-14-2017 PM2.5 |  25.35 |  22.62 |  23.27 |  22.26 |I I 
06:22-Tue-Feb-14-2017 PM10  |  70.80 |  71.71 |  76.14 |  70.19 |I I 
06:22-Tue-Feb-14-2017 PM2.5 |  20.96 |  22.43 |  23.27 |  22.26 |I I 
06:26-Tue-Feb-14-2017 PM10  |  79.76 |  72.52 |  76.14 |  70.19 |I I 
06:26-Tue-Feb-14-2017 PM2.5 |  24.47 |  22.64 |  23.27 |  22.26 |I I 
06:27-Tue-Feb-14-2017 PM10  |  74.78 |  72.72 |  76.14 |  70.19 |I I 
06:27-Tue-Feb-14-2017 PM2.5 |  21.96 |  22.58 |  23.27 |  22.26 |I I 
06:32-Tue-Feb-14-2017 PM10  |  77.75 |  73.14 |  76.14 |  70.19 |I I 
06:32-Tue-Feb-14-2017 PM2.5 |  24.24 |  22.71 |  23.27 |  22.26 |I I 
06:33-Tue-Feb-14-2017 PM10  |  75.04 |  73.29 |  76.14 |  70.19 |I I 
06:33-Tue-Feb-14-2017 PM2.5 |  20.88 |  22.57 |  23.27 |  22.26 |I I 
06:37-Tue-Feb-14-2017 PM10  |  80.41 |  73.80 |  76.14 |  70.19 |I I 
06:37-Tue-Feb-14-2017 PM2.5 |  24.84 |  22.74 |  23.27 |  22.26 |I I 
06:41-Tue-Feb-14-2017 PM10  |  83.25 |  74.43 |  76.14 |  70.19 |I I 
06:41-Tue-Feb-14-2017 PM2.5 |  24.78 |  22.87 |  23.27 |  22.26 |I I 
06:42-Tue-Feb-14-2017 PM10  |  70.35 |  74.17 |  76.14 |  70.19 |I I 
06:42-Tue-Feb-14-2017 PM2.5 |  21.02 |  22.76 |  23.27 |  22.26 |I I 
06:46-Tue-Feb-14-2017 PM10  |  79.84 |  74.51 |  76.14 |  70.19 |I I 
06:46-Tue-Feb-14-2017 PM2.5 |  25.00 |  22.89 |  23.27 |  22.26 |I I 
06:47-Tue-Feb-14-2017 PM10  |  67.39 |  74.11 |  76.14 |  70.19 |I I 
06:47-Tue-Feb-14-2017 PM2.5 |  20.89 |  22.78 |  23.27 |  22.26 |I I 
06:51-Tue-Feb-14-2017 PM10  |  77.51 |  74.29 |  76.14 |  70.19 |I I 
06:51-Tue-Feb-14-2017 PM2.5 |  24.69 |  22.88 |  23.27 |  22.26 |I I 
06:52-Tue-Feb-14-2017 PM10  |  69.19 |  74.03 |  76.14 |  70.19 |I I 
06:52-Tue-Feb-14-2017 PM2.5 |  21.96 |  22.83 |  23.27 |  22.26 |I I 
06:56-Tue-Feb-14-2017 PM10  |  81.33 |  74.38 |  76.14 |  70.19 |I I 
06:56-Tue-Feb-14-2017 PM2.5 |  25.73 |  22.97 |  23.27 |  22.26 |I I 
06:57-Tue-Feb-14-2017 PM10  |  72.79 |  74.31 |  76.14 |  70.19 |I I 
06:57-Tue-Feb-14-2017 PM2.5 |  21.98 |  22.92 |  23.27 |  22.26 |I I 
07:01-Tue-Feb-14-2017 PM10  |  77.52 |  74.45 |  76.14 |  70.19 |I I 
07:01-Tue-Feb-14-2017 PM2.5 |  24.40 |  22.99 |  23.27 |  22.26 |I I 
07:02-Tue-Feb-14-2017 PM10  |  73.04 |  73.04 |  76.14 |  70.19 |I I 
07:02-Tue-Feb-14-2017 PM2.5 |  21.22 |  21.22 |  23.27 |  22.26 |I I 
07:06-Tue-Feb-14-2017 PM10  |  83.39 |  78.21 |  76.14 |  70.19 |I I 
07:06-Tue-Feb-14-2017 PM2.5 |  25.19 |  23.20 |  23.27 |  22.26 |I I 
07:07-Tue-Feb-14-2017 PM10  |  78.42 |  78.28 |  76.14 |  70.19 |I I 
07:07-Tue-Feb-14-2017 PM2.5 |  21.76 |  22.72 |  23.27 |  22.26 |I I 
07:11-Tue-Feb-14-2017 PM10  |  86.97 |  80.45 |  76.14 |  70.19 |I I 
07:11-Tue-Feb-14-2017 PM2.5 |  25.29 |  23.36 |  23.27 |  22.26 |I I 
07:12-Tue-Feb-14-2017 PM10  |  75.19 |  79.40 |  76.14 |  70.19 |I I 
07:12-Tue-Feb-14-2017 PM2.5 |  22.02 |  23.09 |  23.27 |  22.26 |I I 
07:16-Tue-Feb-14-2017 PM10  |  91.54 |  81.42 |  76.14 |  70.19 |I I 
07:16-Tue-Feb-14-2017 PM2.5 |  25.89 |  23.56 |  23.27 |  22.26 |I I 
07:17-Tue-Feb-14-2017 PM10  |  72.45 |  80.14 |  76.14 |  70.19 |I I 
07:17-Tue-Feb-14-2017 PM2.5 |  22.03 |  23.34 |  23.27 |  22.26 |I I 
07:21-Tue-Feb-14-2017 PM10  |  80.24 |  80.15 |  76.14 |  70.19 |I I 
07:21-Tue-Feb-14-2017 PM2.5 |  25.02 |  23.55 |  23.27 |  22.26 |I I 
07:22-Tue-Feb-14-2017 PM10  |  74.79 |  79.56 |  76.14 |  70.19 |I I 
07:22-Tue-Feb-14-2017 PM2.5 |  22.89 |  23.48 |  23.27 |  22.26 |I I 
07:26-Tue-Feb-14-2017 PM10  |  81.00 |  79.70 |  76.14 |  70.19 |I I 
07:26-Tue-Feb-14-2017 PM2.5 |  25.43 |  23.67 |  23.27 |  22.26 |I I 
07:27-Tue-Feb-14-2017 PM10  |  72.84 |  79.08 |  76.14 |  70.19 |I I 
07:27-Tue-Feb-14-2017 PM2.5 |  22.30 |  23.55 |  23.27 |  22.26 |I I 
07:31-Tue-Feb-14-2017 PM10  |  86.32 |  79.68 |  76.14 |  70.19 |I I 
07:31-Tue-Feb-14-2017 PM2.5 |  25.46 |  23.71 |  23.27 |  22.26 |I I 
07:32-Tue-Feb-14-2017 PM10  |  78.57 |  79.60 |  76.14 |  70.19 |I I 
07:32-Tue-Feb-14-2017 PM2.5 |  22.99 |  23.65 |  23.27 |  22.26 |I I 
07:36-Tue-Feb-14-2017 PM10  |  83.81 |  79.90 |  76.14 |  70.19 |I I 
07:36-Tue-Feb-14-2017 PM2.5 |  26.16 |  23.83 |  23.27 |  22.26 |I I 
07:37-Tue-Feb-14-2017 PM10  |  70.07 |  79.24 |  76.14 |  70.19 |I I 
07:37-Tue-Feb-14-2017 PM2.5 |  22.32 |  23.73 |  23.27 |  22.26 |I I 
07:41-Tue-Feb-14-2017 PM10  |  80.53 |  79.32 |  76.14 |  70.19 |I I 
07:41-Tue-Feb-14-2017 PM2.5 |  24.76 |  23.79 |  23.27 |  22.26 |I I 
07:42-Tue-Feb-14-2017 PM10  |  70.12 |  78.78 |  76.14 |  70.19 |I I 
07:42-Tue-Feb-14-2017 PM2.5 |  21.53 |  23.66 |  23.27 |  22.26 |I I 
07:46-Tue-Feb-14-2017 PM10  |  84.88 |  79.12 |  76.14 |  70.19 |I I 
07:46-Tue-Feb-14-2017 PM2.5 |  24.49 |  23.71 |  23.27 |  22.26 |I I 
07:47-Tue-Feb-14-2017 PM10  |  75.19 |  78.91 |  76.14 |  70.19 |I I 
07:47-Tue-Feb-14-2017 PM2.5 |  22.24 |  23.63 |  23.27 |  22.26 |I I 
07:51-Tue-Feb-14-2017 PM10  |  83.86 |  79.16 |  76.14 |  70.19 |I I 
07:51-Tue-Feb-14-2017 PM2.5 |  25.63 |  23.73 |  23.27 |  22.26 |I I 
07:52-Tue-Feb-14-2017 PM10  |  74.49 |  78.94 |  76.14 |  70.19 |I I 
07:52-Tue-Feb-14-2017 PM2.5 |  21.96 |  23.65 |  23.27 |  22.26 |I I 
07:56-Tue-Feb-14-2017 PM10  |  78.92 |  78.94 |  76.14 |  70.19 |I I 
07:56-Tue-Feb-14-2017 PM2.5 |  25.29 |  23.72 |  23.27 |  22.26 |I I 
07:57-Tue-Feb-14-2017 PM10  |  72.38 |  78.65 |  76.14 |  70.19 |I I 
07:57-Tue-Feb-14-2017 PM2.5 |  22.16 |  23.65 |  23.27 |  22.26 |I I 
08:01-Tue-Feb-14-2017 PM10  |  81.16 |  78.76 |  78.76 |  70.19 |I I 
08:01-Tue-Feb-14-2017 PM2.5 |  25.13 |  23.71 |  23.71 |  22.26 |I I 
08:02-Tue-Feb-14-2017 PM10  |  76.82 |  76.82 |  78.76 |  70.19 |I I 
08:02-Tue-Feb-14-2017 PM2.5 |  22.48 |  22.48 |  23.71 |  22.26 |I I 
08:06-Tue-Feb-14-2017 PM10  |  84.11 |  80.47 |  78.76 |  70.19 |I I 
08:06-Tue-Feb-14-2017 PM2.5 |  25.52 |  24.00 |  23.71 |  22.26 |I I 
08:07-Tue-Feb-14-2017 PM10  |  71.44 |  77.46 |  78.76 |  70.19 |I I 
08:07-Tue-Feb-14-2017 PM2.5 |  21.77 |  23.26 |  23.71 |  22.26 |I I 
08:11-Tue-Feb-14-2017 PM10  |  71.96 |  76.09 |  78.76 |  70.19 |I I 
08:11-Tue-Feb-14-2017 PM2.5 |  23.75 |  23.38 |  23.71 |  22.26 |I I 
08:12-Tue-Feb-14-2017 PM10  |  74.06 |  75.68 |  78.76 |  70.19 |I I 
08:12-Tue-Feb-14-2017 PM2.5 |  22.45 |  23.19 |  23.71 |  22.26 |I I 
08:16-Tue-Feb-14-2017 PM10  |  82.78 |  76.86 |  78.76 |  70.19 |I I 
08:16-Tue-Feb-14-2017 PM2.5 |  25.59 |  23.59 |  23.71 |  22.26 |I I 
08:17-Tue-Feb-14-2017 PM10  |  96.49 |  79.67 |  78.76 |  70.19 |I I 
08:17-Tue-Feb-14-2017 PM2.5 |  27.20 |  24.11 |  23.71 |  22.26 |I I 
08:21-Tue-Feb-14-2017 PM10  |  167.59|  90.66 |  78.76 |  70.19 |I I 
08:21-Tue-Feb-14-2017 PM2.5 |  44.96 |  26.71 |  23.71 |  22.26 |I I 
08:22-Tue-Feb-14-2017 PM10  |  94.50 |  91.08 |  78.76 |  70.19 |I I 
08:22-Tue-Feb-14-2017 PM2.5 |  28.63 |  26.93 |  23.71 |  22.26 |I I 
08:26-Tue-Feb-14-2017 PM10  |  96.35 |  91.61 |  78.76 |  70.19 |I I 
08:26-Tue-Feb-14-2017 PM2.5 |  28.88 |  27.12 |  23.71 |  22.26 |I I 
08:27-Tue-Feb-14-2017 PM10  |  78.29 |  90.40 |  78.76 |  70.19 |I I 
08:27-Tue-Feb-14-2017 PM2.5 |  23.68 |  26.81 |  23.71 |  22.26 |I I 
08:31-Tue-Feb-14-2017 PM10  |  83.70 |  89.84 |  78.76 |  70.19 |I I 
08:31-Tue-Feb-14-2017 PM2.5 |  27.61 |  26.88 |  23.71 |  22.26 |I I 
08:32-Tue-Feb-14-2017 PM10  |  82.75 |  89.30 |  78.76 |  70.19 |I I 
08:32-Tue-Feb-14-2017 PM2.5 |  25.15 |  26.74 |  23.71 |  22.26 |I I 
08:36-Tue-Feb-14-2017 PM10  |  86.93 |  89.13 |  78.76 |  70.19 |I I 
08:36-Tue-Feb-14-2017 PM2.5 |  26.84 |  26.75 |  23.71 |  22.26 |I I 
08:37-Tue-Feb-14-2017 PM10  |  73.11 |  88.06 |  78.76 |  70.19 |I I 
08:37-Tue-Feb-14-2017 PM2.5 |  22.73 |  26.48 |  23.71 |  22.26 |I I 
08:41-Tue-Feb-14-2017 PM10  |  89.50 |  88.15 |  78.76 |  70.19 |I I 
08:41-Tue-Feb-14-2017 PM2.5 |  25.95 |  26.45 |  23.71 |  22.26 |I I 
08:42-Tue-Feb-14-2017 PM10  |  76.70 |  87.48 |  78.76 |  70.19 |I I 
08:42-Tue-Feb-14-2017 PM2.5 |  23.97 |  26.30 |  23.71 |  22.26 |I I 
08:46-Tue-Feb-14-2017 PM10  |  82.56 |  87.20 |  78.76 |  70.19 |I I 
08:46-Tue-Feb-14-2017 PM2.5 |  27.35 |  26.36 |  23.71 |  22.26 |I I 
08:47-Tue-Feb-14-2017 PM10  |  79.63 |  86.80 |  78.76 |  70.19 |I I 
08:47-Tue-Feb-14-2017 PM2.5 |  24.13 |  26.24 |  23.71 |  22.26 |I I 
08:51-Tue-Feb-14-2017 PM10  |  78.99 |  86.41 |  78.76 |  70.19 |I I 
08:51-Tue-Feb-14-2017 PM2.5 |  26.86 |  26.27 |  23.71 |  22.26 |I I 
08:52-Tue-Feb-14-2017 PM10  |  78.54 |  86.04 |  78.76 |  70.19 |I I 
08:52-Tue-Feb-14-2017 PM2.5 |  23.70 |  26.15 |  23.71 |  22.26 |I I 
08:56-Tue-Feb-14-2017 PM10  |  78.86 |  85.71 |  78.76 |  70.19 |I I 
08:56-Tue-Feb-14-2017 PM2.5 |  26.55 |  26.17 |  23.71 |  22.26 |I I 
08:57-Tue-Feb-14-2017 PM10  |  74.66 |  85.23 |  78.76 |  70.19 |I I 
08:57-Tue-Feb-14-2017 PM2.5 |  23.98 |  26.07 |  23.71 |  22.26 |I I 
09:01-Tue-Feb-14-2017 PM10  |  87.18 |  85.31 |  85.31 |  70.19 |I I 
09:01-Tue-Feb-14-2017 PM2.5 |  27.54 |  26.13 |  26.13 |  22.26 |I I 
09:02-Tue-Feb-14-2017 PM10  |  82.46 |  82.46 |  85.31 |  70.19 |I I 
09:02-Tue-Feb-14-2017 PM2.5 |  25.72 |  25.72 |  26.13 |  22.26 |I I 
09:06-Tue-Feb-14-2017 PM10  |  85.98 |  84.22 |  85.31 |  70.19 |I I 
09:06-Tue-Feb-14-2017 PM2.5 |  27.99 |  26.85 |  26.13 |  22.26 |I I 
09:07-Tue-Feb-14-2017 PM10  |  79.03 |  82.49 |  85.31 |  70.19 |I I 
09:07-Tue-Feb-14-2017 PM2.5 |  24.69 |  26.13 |  26.13 |  22.26 |I I 
09:11-Tue-Feb-14-2017 PM10  |  86.49 |  83.49 |  85.31 |  70.19 |I I 
09:11-Tue-Feb-14-2017 PM2.5 |  27.27 |  26.42 |  26.13 |  22.26 |I I 
09:12-Tue-Feb-14-2017 PM10  |  81.42 |  83.08 |  85.31 |  70.19 |I I 
09:12-Tue-Feb-14-2017 PM2.5 |  25.14 |  26.16 |  26.13 |  22.26 |I I 
09:16-Tue-Feb-14-2017 PM10  |  83.23 |  83.10 |  85.31 |  70.19 |I I 
09:16-Tue-Feb-14-2017 PM2.5 |  27.82 |  26.44 |  26.13 |  22.26 |I I 
09:17-Tue-Feb-14-2017 PM10  |  74.83 |  81.92 |  85.31 |  70.19 |I I 
09:17-Tue-Feb-14-2017 PM2.5 |  24.11 |  26.11 |  26.13 |  22.26 |I I 
09:21-Tue-Feb-14-2017 PM10  |  76.36 |  81.23 |  85.31 |  70.19 |I I 
09:21-Tue-Feb-14-2017 PM2.5 |  26.67 |  26.18 |  26.13 |  22.26 |I I 
09:22-Tue-Feb-14-2017 PM10  |  73.75 |  80.39 |  85.31 |  70.19 |I I 
09:22-Tue-Feb-14-2017 PM2.5 |  23.18 |  25.84 |  26.13 |  22.26 |I I 
09:26-Tue-Feb-14-2017 PM10  |  77.85 |  80.14 |  85.31 |  70.19 |I I 
09:26-Tue-Feb-14-2017 PM2.5 |  26.04 |  25.86 |  26.13 |  22.26 |I I 
09:27-Tue-Feb-14-2017 PM10  |  79.27 |  80.06 |  85.31 |  70.19 |I I 
09:27-Tue-Feb-14-2017 PM2.5 |  24.44 |  25.73 |  26.13 |  22.26 |I I 
09:31-Tue-Feb-14-2017 PM10  |  86.16 |  80.57 |  85.31 |  70.19 |I I 
09:31-Tue-Feb-14-2017 PM2.5 |  27.57 |  25.89 |  26.13 |  22.26 |I I 
09:32-Tue-Feb-14-2017 PM10  |  65.10 |  79.38 |  85.31 |  70.19 |I I 
09:32-Tue-Feb-14-2017 PM2.5 |  23.07 |  25.67 |  26.13 |  22.26 |I I 
09:37-Tue-Feb-14-2017 PM10  |  83.83 |  79.70 |  85.31 |  70.19 |I I 
09:37-Tue-Feb-14-2017 PM2.5 |  27.61 |  25.81 |  26.13 |  22.26 |I I 
09:38-Tue-Feb-14-2017 PM10  |  70.07 |  79.06 |  85.31 |  70.19 |I I 
09:38-Tue-Feb-14-2017 PM2.5 |  22.77 |  25.61 |  26.13 |  22.26 |I I 
09:42-Tue-Feb-14-2017 PM10  |  87.71 |  79.60 |  85.31 |  70.19 |I I 
09:42-Tue-Feb-14-2017 PM2.5 |  26.94 |  25.69 |  26.13 |  22.26 |I I 
09:43-Tue-Feb-14-2017 PM10  |  78.64 |  79.54 |  85.31 |  70.19 |I I 
09:43-Tue-Feb-14-2017 PM2.5 |  24.96 |  25.65 |  26.13 |  22.26 |I I 
09:47-Tue-Feb-14-2017 PM10  |  80.86 |  79.61 |  85.31 |  70.19 |I I 
09:47-Tue-Feb-14-2017 PM2.5 |  27.30 |  25.74 |  26.13 |  22.26 |I I 
09:48-Tue-Feb-14-2017 PM10  |  72.83 |  79.26 |  85.31 |  70.19 |I I 
09:48-Tue-Feb-14-2017 PM2.5 |  24.04 |  25.65 |  26.13 |  22.26 |I I 
09:52-Tue-Feb-14-2017 PM10  |  74.25 |  79.01 |  85.31 |  70.19 |I I 
09:52-Tue-Feb-14-2017 PM2.5 |  26.29 |  25.68 |  26.13 |  22.26 |I I 
09:53-Tue-Feb-14-2017 PM10  |  61.12 |  78.15 |  85.31 |  70.19 |I I 
09:53-Tue-Feb-14-2017 PM2.5 |  21.19 |  25.47 |  26.13 |  22.26 |I I 
09:57-Tue-Feb-14-2017 PM10  |  63.51 |  77.49 |  85.31 |  70.19 |I I 
09:57-Tue-Feb-14-2017 PM2.5 |  22.81 |  25.35 |  26.13 |  22.26 |I I 
09:58-Tue-Feb-14-2017 PM10  |  58.76 |  76.67 |  85.31 |  70.19 |I I 
09:58-Tue-Feb-14-2017 PM2.5 |  20.09 |  25.12 |  26.13 |  22.26 |I I 
10:02-Tue-Feb-14-2017 PM10  |  60.29 |  75.99 |  85.31 |  70.19 |I I 
10:02-Tue-Feb-14-2017 PM2.5 |  22.97 |  25.03 |  26.13 |  22.26 |I I 
10:03-Tue-Feb-14-2017 PM10  |  56.28 |  56.28 |  85.31 |  70.19 |I I 
10:03-Tue-Feb-14-2017 PM2.5 |  19.25 |  19.25 |  26.13 |  22.26 |I I 
10:07-Tue-Feb-14-2017 PM10  |  57.10 |  56.69 |  85.31 |  70.19 |I I 
10:07-Tue-Feb-14-2017 PM2.5 |  21.12 |  20.19 |  26.13 |  22.26 |I I 
10:08-Tue-Feb-14-2017 PM10  |  51.25 |  54.88 |  85.31 |  70.19 |I I 
10:08-Tue-Feb-14-2017 PM2.5 |  18.17 |  19.51 |  26.13 |  22.26 |I I 
10:12-Tue-Feb-14-2017 PM10  |  54.47 |  54.78 |  85.31 |  70.19 |I I 
10:12-Tue-Feb-14-2017 PM2.5 |  20.38 |  19.73 |  26.13 |  22.26 |I I 
10:13-Tue-Feb-14-2017 PM10  |  56.44 |  55.11 |  85.31 |  70.19 |I I 
10:13-Tue-Feb-14-2017 PM2.5 |  18.60 |  19.50 |  26.13 |  22.26 |I I 
10:17-Tue-Feb-14-2017 PM10  |  53.80 |  54.89 |  85.31 |  70.19 |I I 
10:17-Tue-Feb-14-2017 PM2.5 |  19.89 |  19.57 |  26.13 |  22.26 |I I 
10:18-Tue-Feb-14-2017 PM10  |  51.57 |  54.42 |  85.31 |  70.19 |I I 
10:18-Tue-Feb-14-2017 PM2.5 |  17.77 |  19.31 |  26.13 |  22.26 |I I 
10:22-Tue-Feb-14-2017 PM10  |  52.38 |  54.16 |  85.31 |  70.19 |I I 
10:22-Tue-Feb-14-2017 PM2.5 |  20.35 |  19.44 |  26.13 |  22.26 |I I 
10:26-Tue-Feb-14-2017 PM10  |  53.23 |  54.06 |  85.31 |  70.19 |I I 
10:26-Tue-Feb-14-2017 PM2.5 |  20.05 |  19.51 |  26.13 |  22.26 |I I 
10:27-Tue-Feb-14-2017 PM10  |  48.23 |  53.48 |  85.31 |  70.19 |I I 
10:27-Tue-Feb-14-2017 PM2.5 |  17.74 |  19.33 |  26.13 |  22.26 |I I 
10:31-Tue-Feb-14-2017 PM10  |  53.25 |  53.45 |  85.31 |  70.19 |I I 
10:31-Tue-Feb-14-2017 PM2.5 |  19.89 |  19.38 |  26.13 |  22.26 |I I 
10:32-Tue-Feb-14-2017 PM10  |  50.46 |  53.21 |  85.31 |  70.19 |I I 
10:32-Tue-Feb-14-2017 PM2.5 |  17.95 |  19.26 |  26.13 |  22.26 |I I 
10:36-Tue-Feb-14-2017 PM10  |  54.00 |  53.27 |  85.31 |  70.19 |I I 
10:36-Tue-Feb-14-2017 PM2.5 |  20.03 |  19.32 |  26.13 |  22.26 |I I 
10:37-Tue-Feb-14-2017 PM10  |  50.52 |  53.07 |  85.31 |  70.19 |I I 
10:37-Tue-Feb-14-2017 PM2.5 |  17.15 |  19.17 |  26.13 |  22.26 |I I 
10:41-Tue-Feb-14-2017 PM10  |  55.28 |  53.22 |  85.31 |  70.19 |I I 
10:41-Tue-Feb-14-2017 PM2.5 |  20.03 |  19.22 |  26.13 |  22.26 |I I 
10:42-Tue-Feb-14-2017 PM10  |  46.34 |  52.79 |  85.31 |  70.19 |I I 
10:42-Tue-Feb-14-2017 PM2.5 |  17.20 |  19.10 |  26.13 |  22.26 |I I 
10:46-Tue-Feb-14-2017 PM10  |  54.01 |  52.86 |  85.31 |  70.19 |I I 
10:46-Tue-Feb-14-2017 PM2.5 |  19.72 |  19.13 |  26.13 |  22.26 |I I 
10:47-Tue-Feb-14-2017 PM10  |  42.22 |  52.27 |  85.31 |  70.19 |I I 
10:47-Tue-Feb-14-2017 PM2.5 |  16.55 |  18.99 |  26.13 |  22.26 |I I 
10:51-Tue-Feb-14-2017 PM10  |  50.32 |  52.17 |  85.31 |  70.19 |I I 
10:51-Tue-Feb-14-2017 PM2.5 |  19.15 |  19.00 |  26.13 |  22.26 |I I 
10:52-Tue-Feb-14-2017 PM10  |  44.78 |  51.80 |  85.31 |  70.19 |I I 
10:52-Tue-Feb-14-2017 PM2.5 |  17.01 |  18.90 |  26.13 |  22.26 |I I 
10:56-Tue-Feb-14-2017 PM10  |  41.78 |  51.32 |  85.31 |  70.19 |I I 
10:56-Tue-Feb-14-2017 PM2.5 |  17.90 |  18.85 |  26.13 |  22.26 |I I 
10:57-Tue-Feb-14-2017 PM10  |  45.94 |  51.08 |  85.31 |  70.19 |I I 
10:57-Tue-Feb-14-2017 PM2.5 |  16.97 |  18.77 |  26.13 |  22.26 |I I 
11:01-Tue-Feb-14-2017 PM10  |  49.35 |  51.00 |  85.31 |  51.00 |I I 
11:01-Tue-Feb-14-2017 PM2.5 |  19.00 |  18.78 |  26.13 |  18.78 |I I 
11:02-Tue-Feb-14-2017 PM10  |  43.54 |  43.54 |  85.31 |  51.00 |I I 
11:02-Tue-Feb-14-2017 PM2.5 |  15.96 |  15.96 |  26.13 |  18.78 |I I 
11:06-Tue-Feb-14-2017 PM10  |  48.79 |  46.17 |  85.31 |  51.00 |I I 
11:06-Tue-Feb-14-2017 PM2.5 |  18.61 |  17.28 |  26.13 |  18.78 |I I 
11:07-Tue-Feb-14-2017 PM10  |  43.95 |  45.43 |  85.31 |  51.00 |I I 
11:07-Tue-Feb-14-2017 PM2.5 |  16.19 |  16.92 |  26.13 |  18.78 |I I 
11:11-Tue-Feb-14-2017 PM10  |  42.95 |  44.81 |  85.31 |  51.00 |I I 
11:11-Tue-Feb-14-2017 PM2.5 |  17.02 |  16.94 |  26.13 |  18.78 |I I 
11:12-Tue-Feb-14-2017 PM10  |  42.49 |  44.34 |  85.31 |  51.00 |I I 
11:12-Tue-Feb-14-2017 PM2.5 |  16.63 |  16.88 |  26.13 |  18.78 |I I 
11:16-Tue-Feb-14-2017 PM10  |  40.71 |  43.74 |  85.31 |  51.00 |I I 
11:16-Tue-Feb-14-2017 PM2.5 |  16.47 |  16.81 |  26.13 |  18.78 |I I 
11:17-Tue-Feb-14-2017 PM10  |  34.91 |  42.48 |  85.31 |  51.00 |I I 
11:17-Tue-Feb-14-2017 PM2.5 |  14.34 |  16.46 |  26.13 |  18.78 |I I 
11:21-Tue-Feb-14-2017 PM10  |  40.15 |  42.18 |  85.31 |  51.00 |I I 
11:21-Tue-Feb-14-2017 PM2.5 |  16.75 |  16.49 |  26.13 |  18.78 |I I 
11:22-Tue-Feb-14-2017 PM10  |  47.19 |  42.74 |  85.31 |  51.00 |I I 
11:22-Tue-Feb-14-2017 PM2.5 |  18.23 |  16.69 |  26.13 |  18.78 |I I 
11:26-Tue-Feb-14-2017 PM10  |  52.35 |  43.70 |  85.31 |  51.00 |I I 
11:26-Tue-Feb-14-2017 PM2.5 |  20.57 |  17.08 |  26.13 |  18.78 |I I 
11:27-Tue-Feb-14-2017 PM10  |  48.06 |  44.10 |  85.31 |  51.00 |I I 
11:27-Tue-Feb-14-2017 PM2.5 |  17.92 |  17.15 |  26.13 |  18.78 |I I 
11:31-Tue-Feb-14-2017 PM10  |  50.87 |  44.66 |  85.31 |  51.00 |I I 
11:31-Tue-Feb-14-2017 PM2.5 |  20.14 |  17.40 |  26.13 |  18.78 |I I 
11:32-Tue-Feb-14-2017 PM10  |  46.71 |  44.82 |  85.31 |  51.00 |I I 
11:32-Tue-Feb-14-2017 PM2.5 |  18.18 |  17.46 |  26.13 |  18.78 |I I 
11:36-Tue-Feb-14-2017 PM10  |  52.51 |  45.37 |  85.31 |  51.00 |I I 
11:36-Tue-Feb-14-2017 PM2.5 |  20.38 |  17.67 |  26.13 |  18.78 |I I 
11:37-Tue-Feb-14-2017 PM10  |  47.51 |  45.51 |  85.31 |  51.00 |I I 
11:37-Tue-Feb-14-2017 PM2.5 |  18.99 |  17.76 |  26.13 |  18.78 |I I 
11:41-Tue-Feb-14-2017 PM10  |  50.61 |  45.83 |  85.31 |  51.00 |I I 
11:41-Tue-Feb-14-2017 PM2.5 |  20.08 |  17.90 |  26.13 |  18.78 |I I 
11:42-Tue-Feb-14-2017 PM10  |  48.89 |  46.01 |  85.31 |  51.00 |I I 
11:42-Tue-Feb-14-2017 PM2.5 |  18.12 |  17.92 |  26.13 |  18.78 |I I 
11:46-Tue-Feb-14-2017 PM10  |  50.15 |  46.24 |  85.31 |  51.00 |I I 
11:46-Tue-Feb-14-2017 PM2.5 |  19.63 |  18.01 |  26.13 |  18.78 |I I 
11:47-Tue-Feb-14-2017 PM10  |  49.86 |  46.43 |  85.31 |  51.00 |I I 
11:47-Tue-Feb-14-2017 PM2.5 |  16.94 |  17.96 |  26.13 |  18.78 |I I 
11:51-Tue-Feb-14-2017 PM10  |  44.82 |  46.35 |  85.31 |  51.00 |I I 
11:51-Tue-Feb-14-2017 PM2.5 |  18.78 |  18.00 |  26.13 |  18.78 |I I 
11:52-Tue-Feb-14-2017 PM10  |  35.00 |  45.81 |  85.31 |  51.00 |I I 
11:52-Tue-Feb-14-2017 PM2.5 |  14.82 |  17.85 |  26.13 |  18.78 |I I 
11:56-Tue-Feb-14-2017 PM10  |  41.05 |  45.59 |  85.31 |  51.00 |I I 
11:56-Tue-Feb-14-2017 PM2.5 |  17.19 |  17.82 |  26.13 |  18.78 |I I 
11:57-Tue-Feb-14-2017 PM10  |  40.63 |  45.38 |  85.31 |  51.00 |I I 
11:57-Tue-Feb-14-2017 PM2.5 |  16.47 |  17.76 |  26.13 |  18.78 |I I 
12:01-Tue-Feb-14-2017 PM10  |  43.60 |  45.30 |  85.31 |  45.30 |I I 
12:01-Tue-Feb-14-2017 PM2.5 |  17.35 |  17.74 |  26.13 |  17.74 |I I 
12:02-Tue-Feb-14-2017 PM10  |  41.57 |  41.57 |  85.31 |  45.30 |I I 
12:02-Tue-Feb-14-2017 PM2.5 |  14.88 |  14.88 |  26.13 |  17.74 |I I 
12:06-Tue-Feb-14-2017 PM10  |  42.40 |  41.99 |  85.31 |  45.30 |I I 
12:06-Tue-Feb-14-2017 PM2.5 |  16.75 |  15.81 |  26.13 |  17.74 |I I 
12:07-Tue-Feb-14-2017 PM10  |  36.70 |  40.22 |  85.31 |  45.30 |I I 
12:07-Tue-Feb-14-2017 PM2.5 |  15.10 |  15.58 |  26.13 |  17.74 |I I 
12:11-Tue-Feb-14-2017 PM10  |  40.05 |  40.18 |  85.31 |  45.30 |I I 
12:11-Tue-Feb-14-2017 PM2.5 |  16.90 |  15.91 |  26.13 |  17.74 |I I 
12:12-Tue-Feb-14-2017 PM10  |  27.11 |  37.57 |  85.31 |  45.30 |I I 
12:12-Tue-Feb-14-2017 PM2.5 |  12.13 |  15.15 |  26.13 |  17.74 |I I 
12:16-Tue-Feb-14-2017 PM10  |  32.89 |  36.79 |  85.31 |  45.30 |I I 
12:16-Tue-Feb-14-2017 PM2.5 |  14.17 |  14.99 |  26.13 |  17.74 |I I 
12:17-Tue-Feb-14-2017 PM10  |  42.70 |  37.63 |  85.31 |  45.30 |I I 
12:17-Tue-Feb-14-2017 PM2.5 |  17.20 |  15.30 |  26.13 |  17.74 |I I 
12:21-Tue-Feb-14-2017 PM10  |  49.02 |  39.05 |  85.31 |  45.30 |I I 
12:21-Tue-Feb-14-2017 PM2.5 |  18.62 |  15.72 |  26.13 |  17.74 |I I 
12:22-Tue-Feb-14-2017 PM10  |  40.09 |  39.17 |  85.31 |  45.30 |I I 
12:22-Tue-Feb-14-2017 PM2.5 |  15.56 |  15.70 |  26.13 |  17.74 |I I 
12:26-Tue-Feb-14-2017 PM10  |  42.57 |  39.51 |  85.31 |  45.30 |I I 
12:26-Tue-Feb-14-2017 PM2.5 |  17.49 |  15.88 |  26.13 |  17.74 |I I 
12:27-Tue-Feb-14-2017 PM10  |  17.37 |  37.50 |  85.31 |  45.30 |I I 
12:27-Tue-Feb-14-2017 PM2.5 |   8.88 |  15.24 |  26.13 |  17.74 |I I 
12:31-Tue-Feb-14-2017 PM10  |  19.63 |  36.01 |  85.31 |  45.30 |I I 
12:31-Tue-Feb-14-2017 PM2.5 |   9.51 |  14.77 |  26.13 |  17.74 |I I 
12:32-Tue-Feb-14-2017 PM10  |  16.41 |  34.50 |  85.31 |  45.30 |I I 
12:32-Tue-Feb-14-2017 PM2.5 |   8.16 |  14.26 |  26.13 |  17.74 |I I 
12:36-Tue-Feb-14-2017 PM10  |  15.66 |  33.16 |  85.31 |  45.30 |I I 
12:36-Tue-Feb-14-2017 PM2.5 |   8.30 |  13.83 |  26.13 |  17.74 |I I 
12:37-Tue-Feb-14-2017 PM10  |  15.08 |  31.95 |  85.31 |  45.30 |I I 
12:37-Tue-Feb-14-2017 PM2.5 |   7.91 |  13.44 |  26.13 |  17.74 |I I 
12:41-Tue-Feb-14-2017 PM10  |  15.74 |  30.94 |  85.31 |  45.30 |I I 
12:41-Tue-Feb-14-2017 PM2.5 |   8.45 |  13.13 |  26.13 |  17.74 |I I 
12:42-Tue-Feb-14-2017 PM10  |  17.78 |  30.16 |  85.31 |  45.30 |I I 
12:42-Tue-Feb-14-2017 PM2.5 |   7.39 |  12.79 |  26.13 |  17.74 |I I 
12:47-Tue-Feb-14-2017 PM10  |  16.69 |  29.42 |  85.31 |  45.30 |I I 
12:47-Tue-Feb-14-2017 PM2.5 |   8.27 |  12.54 |  26.13 |  17.74 |I I 
12:48-Tue-Feb-14-2017 PM10  |  14.73 |  28.64 |  85.31 |  45.30 |I I 
12:48-Tue-Feb-14-2017 PM2.5 |   7.57 |  12.28 |  26.13 |  17.74 |I I 
12:52-Tue-Feb-14-2017 PM10  |  16.93 |  28.06 |  85.31 |  45.30 |I I 
12:52-Tue-Feb-14-2017 PM2.5 |   8.01 |  12.06 |  26.13 |  17.74 |I I 
12:53-Tue-Feb-14-2017 PM10  |  16.46 |  27.50 |  85.31 |  45.30 |I I 
12:53-Tue-Feb-14-2017 PM2.5 |   7.58 |  11.85 |  26.13 |  17.74 |I I 
12:57-Tue-Feb-14-2017 PM10  |  16.63 |  27.01 |  85.31 |  45.30 |I I 
12:57-Tue-Feb-14-2017 PM2.5 |   7.97 |  11.67 |  26.13 |  17.74 |I I 
12:58-Tue-Feb-14-2017 PM10  |  22.16 |  26.80 |  85.31 |  45.30 |I I 
12:58-Tue-Feb-14-2017 PM2.5 |   8.02 |  11.52 |  26.13 |  17.74 |I I 
13:02-Tue-Feb-14-2017 PM10  |  18.77 |  26.46 |  85.31 |  26.46 |I I 
13:02-Tue-Feb-14-2017 PM2.5 |   8.90 |  11.41 |  26.13 |  11.41 |I I 
13:03-Tue-Feb-14-2017 PM10  |  17.29 |  17.29 |  85.31 |  26.46 |I I 
13:03-Tue-Feb-14-2017 PM2.5 |   8.30 |   8.30 |  26.13 |  11.41 |I I 
13:07-Tue-Feb-14-2017 PM10  |  15.32 |  16.30 |  85.31 |  26.46 |I I 
13:07-Tue-Feb-14-2017 PM2.5 |   8.39 |   8.34 |  26.13 |  11.41 |I I 
13:08-Tue-Feb-14-2017 PM10  |  13.84 |  15.48 |  85.31 |  26.46 |I I 
13:08-Tue-Feb-14-2017 PM2.5 |   7.74 |   8.14 |  26.13 |  11.41 |I I 
13:12-Tue-Feb-14-2017 PM10  |  16.88 |  15.83 |  85.31 |  26.46 |I I 
13:12-Tue-Feb-14-2017 PM2.5 |   8.52 |   8.24 |  26.13 |  11.41 |I I 
13:13-Tue-Feb-14-2017 PM10  |  17.61 |  16.19 |  85.31 |  26.46 |I I 
13:13-Tue-Feb-14-2017 PM2.5 |   8.98 |   8.39 |  26.13 |  11.41 |I I 
13:17-Tue-Feb-14-2017 PM10  |  18.11 |  16.51 |  85.31 |  26.46 |I I 
13:17-Tue-Feb-14-2017 PM2.5 |   9.65 |   8.60 |  26.13 |  11.41 |I I 
13:18-Tue-Feb-14-2017 PM10  |  16.09 |  16.45 |  85.31 |  26.46 |I I 
13:18-Tue-Feb-14-2017 PM2.5 |   7.97 |   8.51 |  26.13 |  11.41 |I I 
13:22-Tue-Feb-14-2017 PM10  |  15.87 |  16.38 |  85.31 |  26.46 |I I 
13:22-Tue-Feb-14-2017 PM2.5 |   8.83 |   8.55 |  26.13 |  11.41 |I I 
13:23-Tue-Feb-14-2017 PM10  |  16.42 |  16.38 |  85.31 |  26.46 |I I 
13:23-Tue-Feb-14-2017 PM2.5 |   8.31 |   8.52 |  26.13 |  11.41 |I I 
13:27-Tue-Feb-14-2017 PM10  |  16.68 |  16.41 |  85.31 |  26.46 |I I 
13:27-Tue-Feb-14-2017 PM2.5 |   8.92 |   8.56 |  26.13 |  11.41 |I I 
13:28-Tue-Feb-14-2017 PM10  |  15.11 |  16.29 |  85.31 |  26.46 |I I 
13:28-Tue-Feb-14-2017 PM2.5 |   8.48 |   8.55 |  26.13 |  11.41 |I I 
13:32-Tue-Feb-14-2017 PM10  |  16.14 |  16.28 |  85.31 |  26.46 |I I 
13:32-Tue-Feb-14-2017 PM2.5 |   9.29 |   8.62 |  26.13 |  11.41 |I I 
13:33-Tue-Feb-14-2017 PM10  |  14.93 |  16.18 |  85.31 |  26.46 |I I 
13:33-Tue-Feb-14-2017 PM2.5 |   8.66 |   8.62 |  26.13 |  11.41 |I I 
13:37-Tue-Feb-14-2017 PM10  |  17.62 |  16.28 |  85.31 |  26.46 |I I 
13:37-Tue-Feb-14-2017 PM2.5 |  10.07 |   8.72 |  26.13 |  11.41 |I I 
13:38-Tue-Feb-14-2017 PM10  |  16.81 |  16.31 |  85.31 |  26.46 |I I 
13:38-Tue-Feb-14-2017 PM2.5 |   8.95 |   8.74 |  26.13 |  11.41 |I I 
13:42-Tue-Feb-14-2017 PM10  |  16.99 |  16.36 |  85.31 |  26.46 |I I 
13:42-Tue-Feb-14-2017 PM2.5 |   9.68 |   8.80 |  26.13 |  11.41 |I I 
13:43-Tue-Feb-14-2017 PM10  |  15.60 |  16.31 |  85.31 |  26.46 |I I 
13:43-Tue-Feb-14-2017 PM2.5 |   9.37 |   8.83 |  26.13 |  11.41 |I I 
13:47-Tue-Feb-14-2017 PM10  |  14.22 |  16.20 |  85.31 |  26.46 |I I 
13:47-Tue-Feb-14-2017 PM2.5 |   9.54 |   8.87 |  26.13 |  11.41 |I I 
13:48-Tue-Feb-14-2017 PM10  |  16.03 |  16.19 |  85.31 |  26.46 |I I 
13:48-Tue-Feb-14-2017 PM2.5 |   9.31 |   8.89 |  26.13 |  11.41 |I I 
13:52-Tue-Feb-14-2017 PM10  |  17.66 |  16.26 |  85.31 |  26.46 |I I 
13:52-Tue-Feb-14-2017 PM2.5 |   9.57 |   8.93 |  26.13 |  11.41 |I I 
13:53-Tue-Feb-14-2017 PM10  |  14.80 |  16.19 |  85.31 |  26.46 |I I 
13:53-Tue-Feb-14-2017 PM2.5 |   9.02 |   8.93 |  26.13 |  11.41 |I I 
13:57-Tue-Feb-14-2017 PM10  |  15.82 |  16.17 |  85.31 |  26.46 |I I 
13:57-Tue-Feb-14-2017 PM2.5 |   9.22 |   8.94 |  26.13 |  11.41 |I I 
13:58-Tue-Feb-14-2017 PM10  |  13.79 |  16.07 |  85.31 |  26.46 |I I 
13:58-Tue-Feb-14-2017 PM2.5 |   8.03 |   8.90 |  26.13 |  11.41 |I I 
14:02-Tue-Feb-14-2017 PM10  |  11.79 |  15.89 |  85.31 |  15.89 |I I 
14:02-Tue-Feb-14-2017 PM2.5 |   7.85 |   8.86 |  26.13 |   8.86 |I I 
14:03-Tue-Feb-14-2017 PM10  |  14.08 |  14.08 |  85.31 |  15.89 |I I 
14:03-Tue-Feb-14-2017 PM2.5 |   8.61 |   8.61 |  26.13 |   8.86 |I I 
14:07-Tue-Feb-14-2017 PM10  |  14.63 |  14.35 |  85.31 |  15.89 |I I 
14:07-Tue-Feb-14-2017 PM2.5 |   9.33 |   8.97 |  26.13 |   8.86 |I I 
14:08-Tue-Feb-14-2017 PM10  |  15.62 |  14.78 |  85.31 |  15.89 |I I 
14:08-Tue-Feb-14-2017 PM2.5 |   8.45 |   8.80 |  26.13 |   8.86 |I I 
14:12-Tue-Feb-14-2017 PM10  |  15.23 |  14.89 |  85.31 |  15.89 |I I 
14:12-Tue-Feb-14-2017 PM2.5 |   9.21 |   8.90 |  26.13 |   8.86 |I I 
14:16-Tue-Feb-14-2017 PM10  |  15.05 |  14.92 |  85.31 |  15.89 |I I 
14:16-Tue-Feb-14-2017 PM2.5 |   9.30 |   8.98 |  26.13 |   8.86 |I I 
14:17-Tue-Feb-14-2017 PM10  |  17.06 |  15.28 |  85.31 |  15.89 |I I 
14:17-Tue-Feb-14-2017 PM2.5 |  10.56 |   9.24 |  26.13 |   8.86 |I I 
14:21-Tue-Feb-14-2017 PM10  |  15.75 |  15.34 |  85.31 |  15.89 |I I 
14:21-Tue-Feb-14-2017 PM2.5 |  10.49 |   9.42 |  26.13 |   8.86 |I I 
14:22-Tue-Feb-14-2017 PM10  |  19.04 |  15.81 |  85.31 |  15.89 |I I 
14:22-Tue-Feb-14-2017 PM2.5 |  10.56 |   9.56 |  26.13 |   8.86 |I I 
14:26-Tue-Feb-14-2017 PM10  |  18.31 |  16.08 |  85.31 |  15.89 |I I 
14:26-Tue-Feb-14-2017 PM2.5 |  11.71 |   9.80 |  26.13 |   8.86 |I I 
14:27-Tue-Feb-14-2017 PM10  |  16.52 |  16.13 |  85.31 |  15.89 |I I 
14:27-Tue-Feb-14-2017 PM2.5 |  10.80 |   9.90 |  26.13 |   8.86 |I I 
14:31-Tue-Feb-14-2017 PM10  |  17.58 |  16.26 |  85.31 |  15.89 |I I 
14:31-Tue-Feb-14-2017 PM2.5 |  10.95 |  10.00 |  26.13 |   8.86 |I I 
14:32-Tue-Feb-14-2017 PM10  |  16.75 |  16.30 |  85.31 |  15.89 |I I 
14:32-Tue-Feb-14-2017 PM2.5 |  10.47 |  10.04 |  26.13 |   8.86 |I I 
14:36-Tue-Feb-14-2017 PM10  |  17.91 |  16.42 |  85.31 |  15.89 |I I 
14:36-Tue-Feb-14-2017 PM2.5 |  11.36 |  10.14 |  26.13 |   8.86 |I I 
14:37-Tue-Feb-14-2017 PM10  |  18.73 |  16.59 |  85.31 |  15.89 |I I 
14:37-Tue-Feb-14-2017 PM2.5 |  11.46 |  10.23 |  26.13 |   8.86 |I I 
14:41-Tue-Feb-14-2017 PM10  |  18.68 |  16.73 |  85.31 |  15.89 |I I 
14:41-Tue-Feb-14-2017 PM2.5 |  11.79 |  10.34 |  26.13 |   8.86 |I I 
14:42-Tue-Feb-14-2017 PM10  |  18.35 |  16.83 |  85.31 |  15.89 |I I 
14:42-Tue-Feb-14-2017 PM2.5 |  10.29 |  10.33 |  26.13 |   8.86 |I I 
14:46-Tue-Feb-14-2017 PM10  |  18.16 |  16.91 |  85.31 |  15.89 |I I 
14:46-Tue-Feb-14-2017 PM2.5 |  10.83 |  10.36 |  26.13 |   8.86 |I I 
14:47-Tue-Feb-14-2017 PM10  |  17.77 |  16.96 |  85.31 |  15.89 |I I 
14:47-Tue-Feb-14-2017 PM2.5 |  10.03 |  10.35 |  26.13 |   8.86 |I I 
14:51-Tue-Feb-14-2017 PM10  |  18.52 |  17.04 |  85.31 |  15.89 |I I 
14:51-Tue-Feb-14-2017 PM2.5 |  10.73 |  10.37 |  26.13 |   8.86 |I I 
14:52-Tue-Feb-14-2017 PM10  |  19.07 |  17.14 |  85.31 |  15.89 |I I 
14:52-Tue-Feb-14-2017 PM2.5 |  10.38 |  10.37 |  26.13 |   8.86 |I I 
14:56-Tue-Feb-14-2017 PM10  |  19.76 |  17.26 |  85.31 |  15.89 |I I 
14:56-Tue-Feb-14-2017 PM2.5 |  10.74 |  10.38 |  26.13 |   8.86 |I I 
14:57-Tue-Feb-14-2017 PM10  |  20.91 |  17.43 |  85.31 |  15.89 |I I 
14:57-Tue-Feb-14-2017 PM2.5 |  10.06 |  10.37 |  26.13 |   8.86 |I I 
15:01-Tue-Feb-14-2017 PM10  |  20.98 |  17.58 |  85.31 |  15.89 |I I 
15:01-Tue-Feb-14-2017 PM2.5 |  10.47 |  10.37 |  26.13 |   8.86 |I I 
15:02-Tue-Feb-14-2017 PM10  |  18.77 |  18.77 |  85.31 |  15.89 |I I 
15:02-Tue-Feb-14-2017 PM2.5 |  10.10 |  10.10 |  26.13 |   8.86 |I I 
15:06-Tue-Feb-14-2017 PM10  |  20.43 |  19.60 |  85.31 |  15.89 |I I 
15:06-Tue-Feb-14-2017 PM2.5 |  10.40 |  10.25 |  26.13 |   8.86 |I I 
15:07-Tue-Feb-14-2017 PM10  |  19.21 |  19.47 |  85.31 |  15.89 |I I 
15:07-Tue-Feb-14-2017 PM2.5 |   9.60 |  10.03 |  26.13 |   8.86 |I I 
15:11-Tue-Feb-14-2017 PM10  |  19.52 |  19.48 |  85.31 |  15.89 |I I 
15:11-Tue-Feb-14-2017 PM2.5 |  10.29 |  10.10 |  26.13 |   8.86 |I I 
15:12-Tue-Feb-14-2017 PM10  |  19.19 |  19.43 |  85.31 |  15.89 |I I 
15:12-Tue-Feb-14-2017 PM2.5 |   9.48 |   9.97 |  26.13 |   8.86 |I I 
15:16-Tue-Feb-14-2017 PM10  |  19.82 |  19.49 |  85.31 |  15.89 |I I 
15:16-Tue-Feb-14-2017 PM2.5 |  10.58 |  10.07 |  26.13 |   8.86 |I I 
15:17-Tue-Feb-14-2017 PM10  |  17.56 |  19.21 |  85.31 |  15.89 |I I 
15:17-Tue-Feb-14-2017 PM2.5 |   8.89 |   9.91 |  26.13 |   8.86 |I I 
15:21-Tue-Feb-14-2017 PM10  |  19.75 |  19.28 |  85.31 |  15.89 |I I 
15:21-Tue-Feb-14-2017 PM2.5 |   9.70 |   9.88 |  26.13 |   8.86 |I I 
15:22-Tue-Feb-14-2017 PM10  |  18.33 |  19.18 |  85.31 |  15.89 |I I 
15:22-Tue-Feb-14-2017 PM2.5 |   8.94 |   9.77 |  26.13 |   8.86 |I I 
15:26-Tue-Feb-14-2017 PM10  |  20.38 |  19.30 |  85.31 |  15.89 |I I 
15:26-Tue-Feb-14-2017 PM2.5 |  10.38 |   9.83 |  26.13 |   8.86 |I I 
15:27-Tue-Feb-14-2017 PM10  |  21.05 |  19.46 |  85.31 |  15.89 |I I 
15:27-Tue-Feb-14-2017 PM2.5 |   9.13 |   9.77 |  26.13 |   8.86 |I I 
15:31-Tue-Feb-14-2017 PM10  |  19.76 |  19.48 |  85.31 |  15.89 |I I 
15:31-Tue-Feb-14-2017 PM2.5 |  10.02 |   9.79 |  26.13 |   8.86 |I I 
15:32-Tue-Feb-14-2017 PM10  |  21.11 |  19.61 |  85.31 |  15.89 |I I 
15:32-Tue-Feb-14-2017 PM2.5 |   9.40 |   9.76 |  26.13 |   8.86 |I I 
15:36-Tue-Feb-14-2017 PM10  |  18.76 |  19.55 |  85.31 |  15.89 |I I 
15:36-Tue-Feb-14-2017 PM2.5 |   9.48 |   9.74 |  26.13 |   8.86 |I I 
15:37-Tue-Feb-14-2017 PM10  |  21.06 |  19.65 |  85.31 |  15.89 |I I 
15:37-Tue-Feb-14-2017 PM2.5 |   8.78 |   9.68 |  26.13 |   8.86 |I I 
15:41-Tue-Feb-14-2017 PM10  |  20.10 |  19.67 |  85.31 |  15.89 |I I 
15:41-Tue-Feb-14-2017 PM2.5 |  10.27 |   9.71 |  26.13 |   8.86 |I I 
15:42-Tue-Feb-14-2017 PM10  |  15.78 |  19.45 |  85.31 |  15.89 |I I 
15:42-Tue-Feb-14-2017 PM2.5 |   8.69 |   9.65 |  26.13 |   8.86 |I I 
15:46-Tue-Feb-14-2017 PM10  |  18.75 |  19.41 |  85.31 |  15.89 |I I 
15:46-Tue-Feb-14-2017 PM2.5 |   9.51 |   9.65 |  26.13 |   8.86 |I I 
15:47-Tue-Feb-14-2017 PM10  |  19.74 |  19.42 |  85.31 |  15.89 |I I 
15:47-Tue-Feb-14-2017 PM2.5 |   9.15 |   9.62 |  26.13 |   8.86 |I I 
15:51-Tue-Feb-14-2017 PM10  |  18.80 |  19.39 |  85.31 |  15.89 |I I 
15:51-Tue-Feb-14-2017 PM2.5 |   9.65 |   9.62 |  26.13 |   8.86 |I I 
15:52-Tue-Feb-14-2017 PM10  |  19.70 |  19.41 |  85.31 |  15.89 |I I 
15:52-Tue-Feb-14-2017 PM2.5 |   8.95 |   9.59 |  26.13 |   8.86 |I I 
15:57-Tue-Feb-14-2017 PM10  |  21.81 |  19.52 |  85.31 |  15.89 |I I 
15:57-Tue-Feb-14-2017 PM2.5 |  10.29 |   9.62 |  26.13 |   8.86 |I I 
15:58-Tue-Feb-14-2017 PM10  |  17.77 |  19.44 |  85.31 |  15.89 |I I 
15:58-Tue-Feb-14-2017 PM2.5 |   9.23 |   9.60 |  26.13 |   8.86 |I I 
16:02-Tue-Feb-14-2017 PM10  |  18.88 |  19.42 |  85.31 |  15.89 |I I 
16:02-Tue-Feb-14-2017 PM2.5 |  10.14 |   9.63 |  26.13 |   8.86 |I I 
16:03-Tue-Feb-14-2017 PM10  |  17.35 |  17.35 |  85.31 |  15.89 |I I 
16:03-Tue-Feb-14-2017 PM2.5 |   8.77 |   8.77 |  26.13 |   8.86 |I I 
16:07-Tue-Feb-14-2017 PM10  |  20.49 |  18.92 |  85.31 |  15.89 |I I 
16:07-Tue-Feb-14-2017 PM2.5 |  10.47 |   9.62 |  26.13 |   8.86 |I I 
16:08-Tue-Feb-14-2017 PM10  |  19.49 |  19.11 |  85.31 |  15.89 |I I 
16:08-Tue-Feb-14-2017 PM2.5 |   9.04 |   9.43 |  26.13 |   8.86 |I I 
16:12-Tue-Feb-14-2017 PM10  |  19.91 |  19.31 |  85.31 |  15.89 |I I 
16:12-Tue-Feb-14-2017 PM2.5 |   9.72 |   9.50 |  26.13 |   8.86 |I I 
16:13-Tue-Feb-14-2017 PM10  |  17.30 |  18.91 |  85.31 |  15.89 |I I 
16:13-Tue-Feb-14-2017 PM2.5 |   8.70 |   9.34 |  26.13 |   8.86 |I I 
16:17-Tue-Feb-14-2017 PM10  |  19.35 |  18.98 |  85.31 |  15.89 |I I 
16:17-Tue-Feb-14-2017 PM2.5 |   9.79 |   9.42 |  26.13 |   8.86 |I I 
16:18-Tue-Feb-14-2017 PM10  |  20.43 |  19.19 |  85.31 |  15.89 |I I 
16:18-Tue-Feb-14-2017 PM2.5 |   9.20 |   9.38 |  26.13 |   8.86 |I I 
16:22-Tue-Feb-14-2017 PM10  |  18.80 |  19.14 |  85.31 |  15.89 |I I 
16:22-Tue-Feb-14-2017 PM2.5 |   9.97 |   9.46 |  26.13 |   8.86 |I I 
16:23-Tue-Feb-14-2017 PM10  |  20.42 |  19.28 |  85.31 |  15.89 |I I 
16:23-Tue-Feb-14-2017 PM2.5 |   9.81 |   9.50 |  26.13 |   8.86 |I I 
16:27-Tue-Feb-14-2017 PM10  |  19.26 |  19.28 |  85.31 |  15.89 |I I 
16:27-Tue-Feb-14-2017 PM2.5 |  10.55 |   9.60 |  26.13 |   8.86 |I I 
16:28-Tue-Feb-14-2017 PM10  |  18.49 |  19.21 |  85.31 |  15.89 |I I 
16:28-Tue-Feb-14-2017 PM2.5 |   9.58 |   9.60 |  26.13 |   8.86 |I I 
16:32-Tue-Feb-14-2017 PM10  |  19.22 |  19.21 |  85.31 |  15.89 |I I 
16:32-Tue-Feb-14-2017 PM2.5 |  10.08 |   9.64 |  26.13 |   8.86 |I I 
16:33-Tue-Feb-14-2017 PM10  |  18.70 |  19.17 |  85.31 |  15.89 |I I 
16:33-Tue-Feb-14-2017 PM2.5 |   9.38 |   9.62 |  26.13 |   8.86 |I I 
16:37-Tue-Feb-14-2017 PM10  |  20.03 |  19.23 |  85.31 |  15.89 |I I 
16:37-Tue-Feb-14-2017 PM2.5 |  10.56 |   9.69 |  26.13 |   8.86 |I I 
16:38-Tue-Feb-14-2017 PM10  |  16.85 |  19.07 |  85.31 |  15.89 |I I 
16:38-Tue-Feb-14-2017 PM2.5 |   9.34 |   9.66 |  26.13 |   8.86 |I I 
16:42-Tue-Feb-14-2017 PM10  |  19.63 |  19.11 |  85.31 |  15.89 |I I 
16:42-Tue-Feb-14-2017 PM2.5 |   9.85 |   9.68 |  26.13 |   8.86 |I I 
16:43-Tue-Feb-14-2017 PM10  |  19.49 |  19.13 |  85.31 |  15.89 |I I 
16:43-Tue-Feb-14-2017 PM2.5 |  10.31 |   9.71 |  26.13 |   8.86 |I I 
16:47-Tue-Feb-14-2017 PM10  |  20.81 |  19.22 |  85.31 |  15.89 |I I 
16:47-Tue-Feb-14-2017 PM2.5 |  11.24 |   9.80 |  26.13 |   8.86 |I I 
16:48-Tue-Feb-14-2017 PM10  |  19.16 |  19.22 |  85.31 |  15.89 |I I 
16:48-Tue-Feb-14-2017 PM2.5 |  10.16 |   9.82 |  26.13 |   8.86 |I I 
16:52-Tue-Feb-14-2017 PM10  |  19.19 |  19.22 |  85.31 |  15.89 |I I 
16:52-Tue-Feb-14-2017 PM2.5 |  10.09 |   9.83 |  26.13 |   8.86 |I I 
16:53-Tue-Feb-14-2017 PM10  |  19.58 |  19.24 |  85.31 |  15.89 |I I 
16:53-Tue-Feb-14-2017 PM2.5 |  10.26 |   9.85 |  26.13 |   8.86 |I I 
16:57-Tue-Feb-14-2017 PM10  |  23.04 |  19.41 |  85.31 |  15.89 |I I 
16:57-Tue-Feb-14-2017 PM2.5 |  11.31 |   9.92 |  26.13 |   8.86 |I I 
16:58-Tue-Feb-14-2017 PM10  |  16.24 |  19.27 |  85.31 |  15.89 |I I 
16:58-Tue-Feb-14-2017 PM2.5 |   9.40 |   9.90 |  26.13 |   8.86 |I I 
17:02-Tue-Feb-14-2017 PM10  |  19.94 |  19.30 |  85.31 |  15.89 |I I 
17:02-Tue-Feb-14-2017 PM2.5 |  10.53 |   9.92 |  26.13 |   8.86 |I I 
17:03-Tue-Feb-14-2017 PM10  |  22.97 |  22.97 |  85.31 |  15.89 |I I 
17:03-Tue-Feb-14-2017 PM2.5 |  10.82 |  10.82 |  26.13 |   8.86 |I I 
17:07-Tue-Feb-14-2017 PM10  |  22.34 |  22.66 |  85.31 |  15.89 |I I 
17:07-Tue-Feb-14-2017 PM2.5 |  11.47 |  11.14 |  26.13 |   8.86 |I I 
17:08-Tue-Feb-14-2017 PM10  |  20.04 |  21.78 |  85.31 |  15.89 |I I 
17:08-Tue-Feb-14-2017 PM2.5 |  10.07 |  10.79 |  26.13 |   8.86 |I I 
17:12-Tue-Feb-14-2017 PM10  |  20.37 |  21.43 |  85.31 |  15.89 |I I 
17:12-Tue-Feb-14-2017 PM2.5 |  11.14 |  10.88 |  26.13 |   8.86 |I I 
17:13-Tue-Feb-14-2017 PM10  |  21.52 |  21.45 |  85.31 |  15.89 |I I 
17:13-Tue-Feb-14-2017 PM2.5 |  10.75 |  10.85 |  26.13 |   8.86 |I I 
17:17-Tue-Feb-14-2017 PM10  |  26.80 |  22.34 |  85.31 |  15.89 |I I 
17:17-Tue-Feb-14-2017 PM2.5 |  12.02 |  11.05 |  26.13 |   8.86 |I I 
17:18-Tue-Feb-14-2017 PM10  |  20.21 |  22.03 |  85.31 |  15.89 |I I 
17:18-Tue-Feb-14-2017 PM2.5 |  10.31 |  10.94 |  26.13 |   8.86 |I I 
17:22-Tue-Feb-14-2017 PM10  |  23.23 |  22.18 |  85.31 |  15.89 |I I 
17:22-Tue-Feb-14-2017 PM2.5 |  11.21 |  10.97 |  26.13 |   8.86 |I I 
17:23-Tue-Feb-14-2017 PM10  |  24.17 |  22.40 |  85.31 |  15.89 |I I 
17:23-Tue-Feb-14-2017 PM2.5 |  10.70 |  10.94 |  26.13 |   8.86 |I I 
17:27-Tue-Feb-14-2017 PM10  |  22.64 |  22.43 |  85.31 |  15.89 |I I 
17:27-Tue-Feb-14-2017 PM2.5 |  11.22 |  10.97 |  26.13 |   8.86 |I I 
17:28-Tue-Feb-14-2017 PM10  |  22.25 |  22.41 |  85.31 |  15.89 |I I 
17:28-Tue-Feb-14-2017 PM2.5 |  10.68 |  10.95 |  26.13 |   8.86 |I I 
17:32-Tue-Feb-14-2017 PM10  |  22.67 |  22.43 |  85.31 |  15.89 |I I 
17:32-Tue-Feb-14-2017 PM2.5 |  11.26 |  10.97 |  26.13 |   8.86 |I I 
17:33-Tue-Feb-14-2017 PM10  |  20.59 |  22.29 |  85.31 |  15.89 |I I 
17:33-Tue-Feb-14-2017 PM2.5 |   9.67 |  10.87 |  26.13 |   8.86 |I I 
17:37-Tue-Feb-14-2017 PM10  |  22.69 |  22.32 |  85.31 |  15.89 |I I 
17:37-Tue-Feb-14-2017 PM2.5 |  10.84 |  10.87 |  26.13 |   8.86 |I I 
17:38-Tue-Feb-14-2017 PM10  |  24.72 |  22.48 |  85.31 |  15.89 |I I 
17:38-Tue-Feb-14-2017 PM2.5 |  10.56 |  10.85 |  26.13 |   8.86 |I I 
17:42-Tue-Feb-14-2017 PM10  |  25.06 |  22.64 |  85.31 |  15.89 |I I 
17:42-Tue-Feb-14-2017 PM2.5 |  11.89 |  10.91 |  26.13 |   8.86 |I I 
17:43-Tue-Feb-14-2017 PM10  |  22.45 |  22.63 |  85.31 |  15.89 |I I 
17:43-Tue-Feb-14-2017 PM2.5 |  10.60 |  10.90 |  26.13 |   8.86 |I I 
17:47-Tue-Feb-14-2017 PM10  |  24.58 |  22.74 |  85.31 |  15.89 |I I 
17:47-Tue-Feb-14-2017 PM2.5 |  11.77 |  10.94 |  26.13 |   8.86 |I I 
17:48-Tue-Feb-14-2017 PM10  |  22.28 |  22.71 |  85.31 |  15.89 |I I 
17:48-Tue-Feb-14-2017 PM2.5 |  10.64 |  10.93 |  26.13 |   8.86 |I I 
17:52-Tue-Feb-14-2017 PM10  |  25.10 |  22.83 |  85.31 |  15.89 |I I 
17:52-Tue-Feb-14-2017 PM2.5 |  12.21 |  10.99 |  26.13 |   8.86 |I I 
17:53-Tue-Feb-14-2017 PM10  |  23.84 |  22.88 |  85.31 |  15.89 |I I 
17:53-Tue-Feb-14-2017 PM2.5 |  11.28 |  11.01 |  26.13 |   8.86 |I I 
17:57-Tue-Feb-14-2017 PM10  |  27.02 |  23.07 |  85.31 |  15.89 |I I 
17:57-Tue-Feb-14-2017 PM2.5 |  12.46 |  11.07 |  26.13 |   8.86 |I I 
17:58-Tue-Feb-14-2017 PM10  |  24.77 |  23.14 |  85.31 |  15.89 |I I 
17:58-Tue-Feb-14-2017 PM2.5 |  11.14 |  11.07 |  26.13 |   8.86 |I I 
18:02-Tue-Feb-14-2017 PM10  |  26.24 |  23.27 |  85.31 |  15.89 |I I 
18:02-Tue-Feb-14-2017 PM2.5 |  11.99 |  11.11 |  26.13 |   8.86 |I I 
18:03-Tue-Feb-14-2017 PM10  |  20.42 |  20.42 |  85.31 |  15.89 |I I 
18:03-Tue-Feb-14-2017 PM2.5 |   9.87 |   9.87 |  26.13 |   8.86 |I I 
18:07-Tue-Feb-14-2017 PM10  |  22.68 |  21.55 |  85.31 |  15.89 |I I 
18:07-Tue-Feb-14-2017 PM2.5 |  10.66 |  10.26 |  26.13 |   8.86 |I I 
18:11-Tue-Feb-14-2017 PM10  |  25.81 |  22.97 |  85.31 |  15.89 |I I 
18:11-Tue-Feb-14-2017 PM2.5 |  11.83 |  10.79 |  26.13 |   8.86 |I I 
18:12-Tue-Feb-14-2017 PM10  |  27.96 |  24.22 |  85.31 |  15.89 |I I 
18:12-Tue-Feb-14-2017 PM2.5 |  12.16 |  11.13 |  26.13 |   8.86 |I I 
18:16-Tue-Feb-14-2017 PM10  |  30.17 |  25.41 |  85.31 |  15.89 |I I 
18:16-Tue-Feb-14-2017 PM2.5 |  13.66 |  11.64 |  26.13 |   8.86 |I I 
18:17-Tue-Feb-14-2017 PM10  |  27.55 |  25.77 |  85.31 |  15.89 |I I 
18:17-Tue-Feb-14-2017 PM2.5 |  11.88 |  11.68 |  26.13 |   8.86 |I I 
18:21-Tue-Feb-14-2017 PM10  |  31.81 |  26.63 |  85.31 |  15.89 |I I 
18:21-Tue-Feb-14-2017 PM2.5 |  13.15 |  11.89 |  26.13 |   8.86 |I I 
18:22-Tue-Feb-14-2017 PM10  |  25.83 |  26.53 |  85.31 |  15.89 |I I 
18:22-Tue-Feb-14-2017 PM2.5 |  10.54 |  11.72 |  26.13 |   8.86 |I I 
18:26-Tue-Feb-14-2017 PM10  |  27.41 |  26.63 |  85.31 |  15.89 |I I 
18:26-Tue-Feb-14-2017 PM2.5 |  12.50 |  11.81 |  26.13 |   8.86 |I I 
18:27-Tue-Feb-14-2017 PM10  |  28.39 |  26.80 |  85.31 |  15.89 |I I 
18:27-Tue-Feb-14-2017 PM2.5 |  12.15 |  11.84 |  26.13 |   8.86 |I I 
18:31-Tue-Feb-14-2017 PM10  |  30.82 |  27.17 |  85.31 |  15.89 |I I 
18:31-Tue-Feb-14-2017 PM2.5 |  13.01 |  11.95 |  26.13 |   8.86 |I I 
18:32-Tue-Feb-14-2017 PM10  |  29.59 |  27.37 |  85.31 |  15.89 |I I 
18:32-Tue-Feb-14-2017 PM2.5 |  12.57 |  12.00 |  26.13 |   8.86 |I I 
18:36-Tue-Feb-14-2017 PM10  |  31.30 |  27.67 |  85.31 |  15.89 |I I 
18:36-Tue-Feb-14-2017 PM2.5 |  13.84 |  12.14 |  26.13 |   8.86 |I I 
18:37-Tue-Feb-14-2017 PM10  |  27.29 |  27.64 |  85.31 |  15.89 |I I 
18:37-Tue-Feb-14-2017 PM2.5 |  12.34 |  12.15 |  26.13 |   8.86 |I I 
18:41-Tue-Feb-14-2017 PM10  |  28.92 |  27.73 |  85.31 |  15.89 |I I 
18:41-Tue-Feb-14-2017 PM2.5 |  13.31 |  12.23 |  26.13 |   8.86 |I I 
18:42-Tue-Feb-14-2017 PM10  |  23.86 |  27.49 |  85.31 |  15.89 |I I 
18:42-Tue-Feb-14-2017 PM2.5 |  11.19 |  12.17 |  26.13 |   8.86 |I I 
18:46-Tue-Feb-14-2017 PM10  |  30.43 |  27.66 |  85.31 |  15.89 |I I 
18:46-Tue-Feb-14-2017 PM2.5 |  12.63 |  12.19 |  26.13 |   8.86 |I I 
18:47-Tue-Feb-14-2017 PM10  |  31.34 |  27.86 |  85.31 |  15.89 |I I 
18:47-Tue-Feb-14-2017 PM2.5 |  12.86 |  12.23 |  26.13 |   8.86 |I I 
18:51-Tue-Feb-14-2017 PM10  |  29.91 |  27.97 |  85.31 |  15.89 |I I 
18:51-Tue-Feb-14-2017 PM2.5 |  13.57 |  12.30 |  26.13 |   8.86 |I I 
18:52-Tue-Feb-14-2017 PM10  |  27.97 |  27.97 |  85.31 |  15.89 |I I 
18:52-Tue-Feb-14-2017 PM2.5 |  11.45 |  12.26 |  26.13 |   8.86 |I I 
18:56-Tue-Feb-14-2017 PM10  |  32.21 |  28.17 |  85.31 |  15.89 |I I 
18:56-Tue-Feb-14-2017 PM2.5 |  13.43 |  12.31 |  26.13 |   8.86 |I I 
18:57-Tue-Feb-14-2017 PM10  |  28.82 |  28.20 |  85.31 |  15.89 |I I 
18:57-Tue-Feb-14-2017 PM2.5 |  11.92 |  12.30 |  26.13 |   8.86 |I I 
19:01-Tue-Feb-14-2017 PM10  |  31.17 |  28.33 |  85.31 |  15.89 |I I 
19:01-Tue-Feb-14-2017 PM2.5 |  13.49 |  12.35 |  26.13 |   8.86 |I I 
19:02-Tue-Feb-14-2017 PM10  |  28.50 |  28.50 |  85.31 |  15.89 |I I 
19:02-Tue-Feb-14-2017 PM2.5 |  12.19 |  12.19 |  26.13 |   8.86 |I I 
19:06-Tue-Feb-14-2017 PM10  |  30.39 |  29.45 |  85.31 |  15.89 |I I 
19:06-Tue-Feb-14-2017 PM2.5 |  13.10 |  12.64 |  26.13 |   8.86 |I I 
19:07-Tue-Feb-14-2017 PM10  |  29.09 |  29.33 |  85.31 |  15.89 |I I 
19:07-Tue-Feb-14-2017 PM2.5 |  12.18 |  12.49 |  26.13 |   8.86 |I I 
19:12-Tue-Feb-14-2017 PM10  |  31.86 |  29.96 |  85.31 |  15.89 |I I 
19:12-Tue-Feb-14-2017 PM2.5 |  13.63 |  12.78 |  26.13 |   8.86 |I I 
19:13-Tue-Feb-14-2017 PM10  |  27.29 |  29.43 |  85.31 |  15.89 |I I 
19:13-Tue-Feb-14-2017 PM2.5 |  12.15 |  12.65 |  26.13 |   8.86 |I I 
19:17-Tue-Feb-14-2017 PM10  |  30.43 |  29.59 |  85.31 |  15.89 |I I 
19:17-Tue-Feb-14-2017 PM2.5 |  13.36 |  12.77 |  26.13 |   8.86 |I I 
19:18-Tue-Feb-14-2017 PM10  |  29.40 |  29.57 |  85.31 |  15.89 |I I 
19:18-Tue-Feb-14-2017 PM2.5 |  12.30 |  12.70 |  26.13 |   8.86 |I I 
19:22-Tue-Feb-14-2017 PM10  |  31.52 |  29.81 |  85.31 |  15.89 |I I 
19:22-Tue-Feb-14-2017 PM2.5 |  13.48 |  12.80 |  26.13 |   8.86 |I I 
19:23-Tue-Feb-14-2017 PM10  |  26.52 |  29.45 |  85.31 |  15.89 |I I 
19:23-Tue-Feb-14-2017 PM2.5 |  11.59 |  12.67 |  26.13 |   8.86 |I I 
19:27-Tue-Feb-14-2017 PM10  |  27.43 |  29.24 |  85.31 |  15.89 |I I 
19:27-Tue-Feb-14-2017 PM2.5 |  12.58 |  12.66 |  26.13 |   8.86 |I I 
19:28-Tue-Feb-14-2017 PM10  |  26.35 |  28.98 |  85.31 |  15.89 |I I 
19:28-Tue-Feb-14-2017 PM2.5 |  11.09 |  12.51 |  26.13 |   8.86 |I I 
19:32-Tue-Feb-14-2017 PM10  |  25.12 |  28.66 |  85.31 |  15.89 |I I 
19:32-Tue-Feb-14-2017 PM2.5 |  12.03 |  12.47 |  26.13 |   8.86 |I I 
19:33-Tue-Feb-14-2017 PM10  |  22.24 |  28.17 |  85.31 |  15.89 |I I 
19:33-Tue-Feb-14-2017 PM2.5 |  10.17 |  12.30 |  26.13 |   8.86 |I I 
19:37-Tue-Feb-14-2017 PM10  |  23.51 |  27.83 |  85.31 |  15.89 |I I 
19:37-Tue-Feb-14-2017 PM2.5 |  11.66 |  12.25 |  26.13 |   8.86 |I I 
19:38-Tue-Feb-14-2017 PM10  |  23.83 |  27.57 |  85.31 |  15.89 |I I 
19:38-Tue-Feb-14-2017 PM2.5 |  11.11 |  12.17 |  26.13 |   8.86 |I I 
19:42-Tue-Feb-14-2017 PM10  |  25.56 |  27.44 |  85.31 |  15.89 |I I 
19:42-Tue-Feb-14-2017 PM2.5 |  11.99 |  12.16 |  26.13 |   8.86 |I I 
19:43-Tue-Feb-14-2017 PM10  |  29.23 |  27.55 |  85.31 |  15.89 |I I 
19:43-Tue-Feb-14-2017 PM2.5 |  12.19 |  12.17 |  26.13 |   8.86 |I I 
19:47-Tue-Feb-14-2017 PM10  |  29.86 |  27.67 |  85.31 |  15.89 |I I 
19:47-Tue-Feb-14-2017 PM2.5 |  13.38 |  12.23 |  26.13 |   8.86 |I I 
19:48-Tue-Feb-14-2017 PM10  |  27.52 |  27.67 |  85.31 |  15.89 |I I 
19:48-Tue-Feb-14-2017 PM2.5 |  11.19 |  12.18 |  26.13 |   8.86 |I I 
19:52-Tue-Feb-14-2017 PM10  |  26.60 |  27.61 |  85.31 |  15.89 |I I 
19:52-Tue-Feb-14-2017 PM2.5 |  12.37 |  12.19 |  26.13 |   8.86 |I I 
19:53-Tue-Feb-14-2017 PM10  |  24.67 |  27.47 |  85.31 |  15.89 |I I 
19:53-Tue-Feb-14-2017 PM2.5 |  11.92 |  12.17 |  26.13 |   8.86 |I I 
19:57-Tue-Feb-14-2017 PM10  |  29.10 |  27.55 |  85.31 |  15.89 |I I 
19:57-Tue-Feb-14-2017 PM2.5 |  13.51 |  12.24 |  26.13 |   8.86 |I I 
19:58-Tue-Feb-14-2017 PM10  |  27.04 |  27.52 |  85.31 |  15.89 |I I 
19:58-Tue-Feb-14-2017 PM2.5 |  12.40 |  12.24 |  26.13 |   8.86 |I I 
20:02-Tue-Feb-14-2017 PM10  |  30.84 |  27.66 |  85.31 |  15.89 |I I 
20:02-Tue-Feb-14-2017 PM2.5 |  13.76 |  12.31 |  26.13 |   8.86 |I I 
20:03-Tue-Feb-14-2017 PM10  |  30.71 |  30.71 |  85.31 |  15.89 |I I 
20:03-Tue-Feb-14-2017 PM2.5 |  12.46 |  12.46 |  26.13 |   8.86 |I I 
20:07-Tue-Feb-14-2017 PM10  |  33.77 |  32.24 |  85.31 |  15.89 |I I 
20:07-Tue-Feb-14-2017 PM2.5 |  13.25 |  12.86 |  26.13 |   8.86 |I I 
20:08-Tue-Feb-14-2017 PM10  |  27.27 |  30.58 |  85.31 |  15.89 |I I 
20:08-Tue-Feb-14-2017 PM2.5 |  11.81 |  12.51 |  26.13 |   8.86 |I I 
20:12-Tue-Feb-14-2017 PM10  |  30.28 |  30.51 |  85.31 |  15.89 |I I 
20:12-Tue-Feb-14-2017 PM2.5 |  13.65 |  12.79 |  26.13 |   8.86 |I I 
20:13-Tue-Feb-14-2017 PM10  |  24.59 |  29.32 |  85.31 |  15.89 |I I 
20:13-Tue-Feb-14-2017 PM2.5 |  11.52 |  12.54 |  26.13 |   8.86 |I I 
20:17-Tue-Feb-14-2017 PM10  |  27.65 |  29.05 |  85.31 |  15.89 |I I 
20:17-Tue-Feb-14-2017 PM2.5 |  12.48 |  12.53 |  26.13 |   8.86 |I I 
20:18-Tue-Feb-14-2017 PM10  |  25.18 |  28.49 |  85.31 |  15.89 |I I 
20:18-Tue-Feb-14-2017 PM2.5 |  11.40 |  12.37 |  26.13 |   8.86 |I I 
20:22-Tue-Feb-14-2017 PM10  |  30.36 |  28.73 |  85.31 |  15.89 |I I 
20:22-Tue-Feb-14-2017 PM2.5 |  13.56 |  12.52 |  26.13 |   8.86 |I I 
20:23-Tue-Feb-14-2017 PM10  |  29.78 |  28.84 |  85.31 |  15.89 |I I 
20:23-Tue-Feb-14-2017 PM2.5 |  11.65 |  12.42 |  26.13 |   8.86 |I I 
20:27-Tue-Feb-14-2017 PM10  |  28.01 |  28.76 |  85.31 |  15.89 |I I 
20:27-Tue-Feb-14-2017 PM2.5 |  13.09 |  12.49 |  26.13 |   8.86 |I I 
20:28-Tue-Feb-14-2017 PM10  |  27.26 |  28.62 |  85.31 |  15.89 |I I 
20:28-Tue-Feb-14-2017 PM2.5 |  12.17 |  12.46 |  26.13 |   8.86 |I I 
20:32-Tue-Feb-14-2017 PM10  |  31.10 |  28.83 |  85.31 |  15.89 |I I 
20:32-Tue-Feb-14-2017 PM2.5 |  13.22 |  12.52 |  26.13 |   8.86 |I I 
20:33-Tue-Feb-14-2017 PM10  |  25.71 |  28.59 |  85.31 |  15.89 |I I 
20:33-Tue-Feb-14-2017 PM2.5 |  11.36 |  12.43 |  26.13 |   8.86 |I I 
20:37-Tue-Feb-14-2017 PM10  |  27.88 |  28.54 |  85.31 |  15.89 |I I 
20:37-Tue-Feb-14-2017 PM2.5 |  12.33 |  12.42 |  26.13 |   8.86 |I I 
20:38-Tue-Feb-14-2017 PM10  |  23.16 |  28.18 |  85.31 |  15.89 |I I 
20:38-Tue-Feb-14-2017 PM2.5 |  10.67 |  12.31 |  26.13 |   8.86 |I I 
20:42-Tue-Feb-14-2017 PM10  |  23.34 |  27.88 |  85.31 |  15.89 |I I 
20:42-Tue-Feb-14-2017 PM2.5 |  12.02 |  12.29 |  26.13 |   8.86 |I I 
20:43-Tue-Feb-14-2017 PM10  |  24.93 |  27.70 |  85.31 |  15.89 |I I 
20:43-Tue-Feb-14-2017 PM2.5 |  11.10 |  12.22 |  26.13 |   8.86 |I I 
20:47-Tue-Feb-14-2017 PM10  |  26.01 |  27.61 |  85.31 |  15.89 |I I 
20:47-Tue-Feb-14-2017 PM2.5 |  12.25 |  12.22 |  26.13 |   8.86 |I I 
20:48-Tue-Feb-14-2017 PM10  |  23.40 |  27.39 |  85.31 |  15.89 |I I 
20:48-Tue-Feb-14-2017 PM2.5 |  10.78 |  12.15 |  26.13 |   8.86 |I I 
20:52-Tue-Feb-14-2017 PM10  |  26.30 |  27.33 |  85.31 |  15.89 |I I 
20:52-Tue-Feb-14-2017 PM2.5 |  12.40 |  12.16 |  26.13 |   8.86 |I I 
20:53-Tue-Feb-14-2017 PM10  |  26.84 |  27.31 |  85.31 |  15.89 |I I 
20:53-Tue-Feb-14-2017 PM2.5 |  12.14 |  12.16 |  26.13 |   8.86 |I I 
20:57-Tue-Feb-14-2017 PM10  |  29.84 |  27.43 |  85.31 |  15.89 |I I 
20:57-Tue-Feb-14-2017 PM2.5 |  13.71 |  12.23 |  26.13 |   8.86 |I I 
20:58-Tue-Feb-14-2017 PM10  |  27.36 |  27.42 |  85.31 |  15.89 |I I 
20:58-Tue-Feb-14-2017 PM2.5 |  11.42 |  12.19 |  26.13 |   8.86 |I I 
21:02-Tue-Feb-14-2017 PM10  |  25.24 |  27.33 |  85.31 |  15.89 |I I 
21:02-Tue-Feb-14-2017 PM2.5 |  12.03 |  12.19 |  26.13 |   8.86 |I I 
21:03-Tue-Feb-14-2017 PM10  |  26.78 |  26.78 |  85.31 |  15.89 |I I 
21:03-Tue-Feb-14-2017 PM2.5 |  11.71 |  11.71 |  26.13 |   8.86 |I I 
21:07-Tue-Feb-14-2017 PM10  |  27.62 |  27.20 |  85.31 |  15.89 |I I 
21:07-Tue-Feb-14-2017 PM2.5 |  12.60 |  12.15 |  26.13 |   8.86 |I I 
21:08-Tue-Feb-14-2017 PM10  |  25.62 |  26.67 |  85.31 |  15.89 |I I 
21:08-Tue-Feb-14-2017 PM2.5 |  11.69 |  12.00 |  26.13 |   8.86 |I I 
21:12-Tue-Feb-14-2017 PM10  |  30.07 |  27.52 |  85.31 |  15.89 |I I 
21:12-Tue-Feb-14-2017 PM2.5 |  12.72 |  12.18 |  26.13 |   8.86 |I I 
21:13-Tue-Feb-14-2017 PM10  |  26.29 |  27.28 |  85.31 |  15.89 |I I 
21:13-Tue-Feb-14-2017 PM2.5 |  11.54 |  12.05 |  26.13 |   8.86 |I I 
21:17-Tue-Feb-14-2017 PM10  |  28.05 |  27.40 |  85.31 |  15.89 |I I 
21:17-Tue-Feb-14-2017 PM2.5 |  12.99 |  12.21 |  26.13 |   8.86 |I I 
21:18-Tue-Feb-14-2017 PM10  |  29.13 |  27.65 |  85.31 |  15.89 |I I 
21:18-Tue-Feb-14-2017 PM2.5 |  12.02 |  12.18 |  26.13 |   8.86 |I I 
21:22-Tue-Feb-14-2017 PM10  |  27.15 |  27.59 |  85.31 |  15.89 |I I 
21:22-Tue-Feb-14-2017 PM2.5 |  12.80 |  12.26 |  26.13 |   8.86 |I I 
21:23-Tue-Feb-14-2017 PM10  |  27.75 |  27.61 |  85.31 |  15.89 |I I 
21:23-Tue-Feb-14-2017 PM2.5 |  11.96 |  12.23 |  26.13 |   8.86 |I I 
21:27-Tue-Feb-14-2017 PM10  |  28.78 |  27.72 |  85.31 |  15.89 |I I 
21:27-Tue-Feb-14-2017 PM2.5 |  13.44 |  12.35 |  26.13 |   8.86 |I I 
21:28-Tue-Feb-14-2017 PM10  |  27.72 |  27.72 |  85.31 |  15.89 |I I 
21:28-Tue-Feb-14-2017 PM2.5 |  12.15 |  12.33 |  26.13 |   8.86 |I I 
21:31-Tue-Feb-14-2017 PM10  |  31.57 |  28.04 |  85.31 |  15.89 |I I 
21:31-Tue-Feb-14-2017 PM2.5 |  13.80 |  12.45 |  26.13 |   8.86 |I I 
21:32-Tue-Feb-14-2017 PM10  |  28.37 |  28.07 |  85.31 |  15.89 |I I 
21:32-Tue-Feb-14-2017 PM2.5 |  11.98 |  12.42 |  26.13 |   8.86 |I I 
21:36-Tue-Feb-14-2017 PM10  |  29.33 |  28.16 |  85.31 |  15.89 |I I 
21:36-Tue-Feb-14-2017 PM2.5 |  13.23 |  12.47 |  26.13 |   8.86 |I I 
21:37-Tue-Feb-14-2017 PM10  |  29.59 |  28.25 |  85.31 |  15.89 |I I 
21:37-Tue-Feb-14-2017 PM2.5 |  12.42 |  12.47 |  26.13 |   8.86 |I I 
21:41-Tue-Feb-14-2017 PM10  |  29.85 |  28.35 |  85.31 |  15.89 |I I 
21:41-Tue-Feb-14-2017 PM2.5 |  13.41 |  12.53 |  26.13 |   8.86 |I I 
21:42-Tue-Feb-14-2017 PM10  |  27.29 |  28.29 |  85.31 |  15.89 |I I 
21:42-Tue-Feb-14-2017 PM2.5 |  12.01 |  12.50 |  26.13 |   8.86 |I I 
21:46-Tue-Feb-14-2017 PM10  |  27.50 |  28.25 |  85.31 |  15.89 |I I 
21:46-Tue-Feb-14-2017 PM2.5 |  13.33 |  12.54 |  26.13 |   8.86 |I I 
21:47-Tue-Feb-14-2017 PM10  |  30.27 |  28.35 |  85.31 |  15.89 |I I 
21:47-Tue-Feb-14-2017 PM2.5 |  12.23 |  12.53 |  26.13 |   8.86 |I I 
21:51-Tue-Feb-14-2017 PM10  |  30.61 |  28.47 |  85.31 |  15.89 |I I 
21:51-Tue-Feb-14-2017 PM2.5 |  13.66 |  12.58 |  26.13 |   8.86 |I I 
21:53-Tue-Feb-14-2017 PM10  |  29.72 |  28.53 |  85.31 |  15.89 |I I 
21:53-Tue-Feb-14-2017 PM2.5 |  11.97 |  12.55 |  26.13 |   8.86 |I I 
21:57-Tue-Feb-14-2017 PM10  |  29.19 |  28.56 |  85.31 |  15.89 |I I 
21:57-Tue-Feb-14-2017 PM2.5 |  13.55 |  12.60 |  26.13 |   8.86 |I I 
21:58-Tue-Feb-14-2017 PM10  |  29.78 |  28.61 |  85.31 |  15.89 |I I 
21:58-Tue-Feb-14-2017 PM2.5 |  12.11 |  12.58 |  26.13 |   8.86 |I I 
22:02-Tue-Feb-14-2017 PM10  |  31.82 |  28.74 |  85.31 |  15.89 |I I 
22:02-Tue-Feb-14-2017 PM2.5 |  13.54 |  12.62 |  26.13 |   8.86 |I I 
22:03-Tue-Feb-14-2017 PM10  |  26.37 |  26.37 |  85.31 |  15.89 |I I 
22:03-Tue-Feb-14-2017 PM2.5 |  11.84 |  11.84 |  26.13 |   8.86 |I I 
22:07-Tue-Feb-14-2017 PM10  |  27.09 |  26.73 |  85.31 |  15.89 |I I 
22:07-Tue-Feb-14-2017 PM2.5 |  13.18 |  12.51 |  26.13 |   8.86 |I I 
22:08-Tue-Feb-14-2017 PM10  |  26.88 |  26.78 |  85.31 |  15.89 |I I 
22:08-Tue-Feb-14-2017 PM2.5 |  11.95 |  12.33 |  26.13 |   8.86 |I I 
22:12-Tue-Feb-14-2017 PM10  |  28.45 |  27.20 |  85.31 |  15.89 |I I 
22:12-Tue-Feb-14-2017 PM2.5 |  13.13 |  12.53 |  26.13 |   8.86 |I I 
22:13-Tue-Feb-14-2017 PM10  |  28.21 |  27.40 |  85.31 |  15.89 |I I 
22:13-Tue-Feb-14-2017 PM2.5 |  11.49 |  12.32 |  26.13 |   8.86 |I I 
22:17-Tue-Feb-14-2017 PM10  |  29.31 |  27.72 |  85.31 |  15.89 |I I 
22:17-Tue-Feb-14-2017 PM2.5 |  13.10 |  12.45 |  26.13 |   8.86 |I I 
22:18-Tue-Feb-14-2017 PM10  |  27.77 |  27.73 |  85.31 |  15.89 |I I 
22:18-Tue-Feb-14-2017 PM2.5 |  12.68 |  12.48 |  26.13 |   8.86 |I I 
22:22-Tue-Feb-14-2017 PM10  |  30.84 |  28.12 |  85.31 |  15.89 |I I 
22:22-Tue-Feb-14-2017 PM2.5 |  13.81 |  12.65 |  26.13 |   8.86 |I I 
22:23-Tue-Feb-14-2017 PM10  |  32.46 |  28.60 |  85.31 |  15.89 |I I 
22:23-Tue-Feb-14-2017 PM2.5 |  12.78 |  12.66 |  26.13 |   8.86 |I I 
22:27-Tue-Feb-14-2017 PM10  |  29.05 |  28.64 |  85.31 |  15.89 |I I 
22:27-Tue-Feb-14-2017 PM2.5 |  13.80 |  12.78 |  26.13 |   8.86 |I I 
22:28-Tue-Feb-14-2017 PM10  |  27.41 |  28.53 |  85.31 |  15.89 |I I 
22:28-Tue-Feb-14-2017 PM2.5 |  12.09 |  12.71 |  26.13 |   8.86 |I I 
22:32-Tue-Feb-14-2017 PM10  |  29.38 |  28.60 |  85.31 |  15.89 |I I 
22:32-Tue-Feb-14-2017 PM2.5 |  13.17 |  12.75 |  26.13 |   8.86 |I I 
22:33-Tue-Feb-14-2017 PM10  |  29.39 |  28.66 |  85.31 |  15.89 |I I 
22:33-Tue-Feb-14-2017 PM2.5 |  13.10 |  12.78 |  26.13 |   8.86 |I I 
22:37-Tue-Feb-14-2017 PM10  |  29.44 |  28.72 |  85.31 |  15.89 |I I 
22:37-Tue-Feb-14-2017 PM2.5 |  13.76 |  12.85 |  26.13 |   8.86 |I I 
22:38-Tue-Feb-14-2017 PM10  |  30.73 |  28.85 |  85.31 |  15.89 |I I 
22:38-Tue-Feb-14-2017 PM2.5 |  13.51 |  12.89 |  26.13 |   8.86 |I I 
22:42-Tue-Feb-14-2017 PM10  |  32.47 |  29.08 |  85.31 |  15.89 |I I 
22:42-Tue-Feb-14-2017 PM2.5 |  15.46 |  13.05 |  26.13 |   8.86 |I I 
22:43-Tue-Feb-14-2017 PM10  |  32.12 |  29.26 |  85.31 |  15.89 |I I 
22:43-Tue-Feb-14-2017 PM2.5 |  12.93 |  13.05 |  26.13 |   8.86 |I I 
22:47-Tue-Feb-14-2017 PM10  |  30.33 |  29.32 |  85.31 |  15.89 |I I 
22:47-Tue-Feb-14-2017 PM2.5 |  13.64 |  13.08 |  26.13 |   8.86 |I I 
22:48-Tue-Feb-14-2017 PM10  |  27.60 |  29.23 |  85.31 |  15.89 |I I 
22:48-Tue-Feb-14-2017 PM2.5 |  12.29 |  13.04 |  26.13 |   8.86 |I I 
22:52-Tue-Feb-14-2017 PM10  |  30.11 |  29.27 |  85.31 |  15.89 |I I 
22:52-Tue-Feb-14-2017 PM2.5 |  12.95 |  13.03 |  26.13 |   8.86 |I I 
22:53-Tue-Feb-14-2017 PM10  |  25.66 |  29.10 |  85.31 |  15.89 |I I 
22:53-Tue-Feb-14-2017 PM2.5 |  11.78 |  12.97 |  26.13 |   8.86 |I I 
22:57-Tue-Feb-14-2017 PM10  |  31.05 |  29.19 |  85.31 |  15.89 |I I 
22:57-Tue-Feb-14-2017 PM2.5 |  13.44 |  12.99 |  26.13 |   8.86 |I I 
22:58-Tue-Feb-14-2017 PM10  |  35.99 |  29.48 |  85.31 |  15.89 |I I 
22:58-Tue-Feb-14-2017 PM2.5 |  15.26 |  13.09 |  26.13 |   8.86 |I I 
23:02-Tue-Feb-14-2017 PM10  |  37.93 |  29.83 |  85.31 |  15.89 |I I 
23:02-Tue-Feb-14-2017 PM2.5 |  16.25 |  13.22 |  26.13 |   8.86 |I I 
23:03-Tue-Feb-14-2017 PM10  |  41.21 |  41.21 |  85.31 |  15.89 |I I 
23:03-Tue-Feb-14-2017 PM2.5 |  15.50 |  15.50 |  26.13 |   8.86 |I I 
23:07-Tue-Feb-14-2017 PM10  |  39.18 |  40.19 |  85.31 |  15.89 |I I 
23:07-Tue-Feb-14-2017 PM2.5 |  17.04 |  16.27 |  26.13 |   8.86 |I I 
23:08-Tue-Feb-14-2017 PM10  |  36.93 |  39.11 |  85.31 |  15.89 |I I 
23:08-Tue-Feb-14-2017 PM2.5 |  15.18 |  15.91 |  26.13 |   8.86 |I I 
23:12-Tue-Feb-14-2017 PM10  |  40.74 |  39.52 |  85.31 |  15.89 |I I 
23:12-Tue-Feb-14-2017 PM2.5 |  17.15 |  16.22 |  26.13 |   8.86 |I I 
23:13-Tue-Feb-14-2017 PM10  |  33.60 |  38.33 |  85.31 |  15.89 |I I 
23:13-Tue-Feb-14-2017 PM2.5 |  14.10 |  15.80 |  26.13 |   8.86 |I I 
23:17-Tue-Feb-14-2017 PM10  |  29.90 |  36.93 |  85.31 |  15.89 |I I 
23:17-Tue-Feb-14-2017 PM2.5 |  14.31 |  15.55 |  26.13 |   8.86 |I I 
23:18-Tue-Feb-14-2017 PM10  |  25.85 |  35.35 |  85.31 |  15.89 |I I 
23:18-Tue-Feb-14-2017 PM2.5 |  11.12 |  14.92 |  26.13 |   8.86 |I I 
23:22-Tue-Feb-14-2017 PM10  |  25.10 |  34.06 |  85.31 |  15.89 |I I 
23:22-Tue-Feb-14-2017 PM2.5 |  12.01 |  14.55 |  26.13 |   8.86 |I I 
23:23-Tue-Feb-14-2017 PM10  |  25.71 |  33.14 |  85.31 |  15.89 |I I 
23:23-Tue-Feb-14-2017 PM2.5 |  11.51 |  14.21 |  26.13 |   8.86 |I I 
23:27-Tue-Feb-14-2017 PM10  |  24.63 |  32.29 |  85.31 |  15.89 |I I 
23:27-Tue-Feb-14-2017 PM2.5 |  11.94 |  13.99 |  26.13 |   8.86 |I I 
23:28-Tue-Feb-14-2017 PM10  |  30.72 |  32.14 |  85.31 |  15.89 |I I 
23:28-Tue-Feb-14-2017 PM2.5 |  13.02 |  13.90 |  26.13 |   8.86 |I I 
23:32-Tue-Feb-14-2017 PM10  |  37.68 |  32.60 |  85.31 |  15.89 |I I 
23:32-Tue-Feb-14-2017 PM2.5 |  16.58 |  14.12 |  26.13 |   8.86 |I I 
23:33-Tue-Feb-14-2017 PM10  |  36.36 |  32.89 |  85.31 |  15.89 |I I 
23:33-Tue-Feb-14-2017 PM2.5 |  16.77 |  14.33 |  26.13 |   8.86 |I I 
23:37-Tue-Feb-14-2017 PM10  |  37.48 |  33.22 |  85.31 |  15.89 |I I 
23:37-Tue-Feb-14-2017 PM2.5 |  17.78 |  14.57 |  26.13 |   8.86 |I I 
23:38-Tue-Feb-14-2017 PM10  |  40.82 |  33.73 |  85.31 |  15.89 |I I 
23:38-Tue-Feb-14-2017 PM2.5 |  16.17 |  14.68 |  26.13 |   8.86 |I I 
23:42-Tue-Feb-14-2017 PM10  |  42.13 |  34.25 |  85.31 |  15.89 |I I 
23:42-Tue-Feb-14-2017 PM2.5 |  19.40 |  14.97 |  26.13 |   8.86 |I I 
23:43-Tue-Feb-14-2017 PM10  |  37.37 |  34.44 |  85.31 |  15.89 |I I 
23:43-Tue-Feb-14-2017 PM2.5 |  17.42 |  15.12 |  26.13 |   8.86 |I I 
23:47-Tue-Feb-14-2017 PM10  |  40.28 |  34.76 |  85.31 |  15.89 |I I 
23:47-Tue-Feb-14-2017 PM2.5 |  18.25 |  15.29 |  26.13 |   8.86 |I I 
23:48-Tue-Feb-14-2017 PM10  |  38.03 |  34.93 |  85.31 |  15.89 |I I 
23:48-Tue-Feb-14-2017 PM2.5 |  17.25 |  15.40 |  26.13 |   8.86 |I I 
23:52-Tue-Feb-14-2017 PM10  |  40.80 |  35.23 |  85.31 |  15.89 |I I 
23:52-Tue-Feb-14-2017 PM2.5 |  18.33 |  15.54 |  26.13 |   8.86 |I I 
23:53-Tue-Feb-14-2017 PM10  |  43.20 |  35.61 |  85.31 |  15.89 |I I 
23:53-Tue-Feb-14-2017 PM2.5 |  17.60 |  15.64 |  26.13 |   8.86 |I I 
23:57-Tue-Feb-14-2017 PM10  |  43.74 |  35.98 |  85.31 |  15.89 |I I 
23:57-Tue-Feb-14-2017 PM2.5 |  18.41 |  15.77 |  26.13 |   8.86 |I I 
23:58-Tue-Feb-14-2017 PM10  |  37.44 |  36.04 |  85.31 |  15.89 |I I 
23:58-Tue-Feb-14-2017 PM2.5 |  16.66 |  15.80 |  26.13 |   8.86 |I I 
00:02-Wed-Feb-15-2017 PM10  |  42.63 |  36.31 |  85.31 |  15.89 |I I 
