[Tue Mar 21 00:01:37 2017] Report del giorno Tuesday March 21 2017 -- INVIATO a centraline@googlegroups.com
00:01-Tue-Mar-21-2017 PM2.5 |   6.61 |   6.61 |  15.02 |   6.06 |I I 
00:02-Tue-Mar-21-2017 PM10  |  14.71 |  14.71 |   0.00 |  2000.00|I I 
00:02-Tue-Mar-21-2017 PM2.5 |   6.58 |   6.58 |   0.00 |  2000.00|I I 
00:03-Tue-Mar-21-2017 PM10  |  14.71 |  14.71 |   0.00 |  2000.00|I I 
00:03-Tue-Mar-21-2017 PM2.5 |   6.58 |   6.58 |   0.00 |  2000.00|I I 
00:07-Tue-Mar-21-2017 PM10  |  13.99 |  14.47 |   0.00 |  2000.00|I I 
00:07-Tue-Mar-21-2017 PM2.5 |   6.85 |   6.67 |   0.00 |  2000.00|I I 
00:08-Tue-Mar-21-2017 PM10  |  11.47 |  13.72 |   0.00 |  2000.00|I I 
00:08-Tue-Mar-21-2017 PM2.5 |   6.56 |   6.64 |   0.00 |  2000.00|I I 
00:12-Tue-Mar-21-2017 PM10  |  12.86 |  13.55 |   0.00 |  2000.00|I I 
00:12-Tue-Mar-21-2017 PM2.5 |   6.47 |   6.61 |   0.00 |  2000.00|I I 
00:13-Tue-Mar-21-2017 PM10  |  13.17 |  13.48 |   0.00 |  2000.00|I I 
00:13-Tue-Mar-21-2017 PM2.5 |   6.31 |   6.56 |   0.00 |  2000.00|I I 
00:17-Tue-Mar-21-2017 PM10  |  13.66 |  13.51 |   0.00 |  2000.00|I I 
00:17-Tue-Mar-21-2017 PM2.5 |   6.79 |   6.59 |   0.00 |  2000.00|I I 
00:18-Tue-Mar-21-2017 PM10  |  10.97 |  13.19 |   0.00 |  2000.00|I I 
00:18-Tue-Mar-21-2017 PM2.5 |   6.39 |   6.57 |   0.00 |  2000.00|I I 
00:22-Tue-Mar-21-2017 PM10  |  13.67 |  13.24 |   0.00 |  2000.00|I I 
00:22-Tue-Mar-21-2017 PM2.5 |   7.02 |   6.62 |   0.00 |  2000.00|I I 
00:23-Tue-Mar-21-2017 PM10  |  14.31 |  13.35 |   0.00 |  2000.00|I I 
00:23-Tue-Mar-21-2017 PM2.5 |   6.92 |   6.65 |   0.00 |  2000.00|I I 
00:27-Tue-Mar-21-2017 PM10  |  14.87 |  13.49 |   0.00 |  2000.00|I I 
00:27-Tue-Mar-21-2017 PM2.5 |   6.82 |   6.66 |   0.00 |  2000.00|I I 
00:28-Tue-Mar-21-2017 PM10  |  12.66 |  13.42 |   0.00 |  2000.00|I I 
00:28-Tue-Mar-21-2017 PM2.5 |   6.80 |   6.67 |   0.00 |  2000.00|I I 
00:29-Tue-Mar-21-2017 PM10  |  12.66 |  13.36 |   0.00 |  2000.00|I I 
00:29-Tue-Mar-21-2017 PM2.5 |   6.80 |   6.68 |   0.00 |  2000.00|I I 
00:33-Tue-Mar-21-2017 PM10  |  13.79 |  13.39 |   0.00 |  2000.00|I I 
00:33-Tue-Mar-21-2017 PM2.5 |   6.41 |   6.66 |   0.00 |  2000.00|I I 
00:34-Tue-Mar-21-2017 PM10  |  14.16 |  13.44 |   0.00 |  2000.00|I I 
00:34-Tue-Mar-21-2017 PM2.5 |   6.56 |   6.66 |   0.00 |  2000.00|I I 
00:38-Tue-Mar-21-2017 PM10  |  14.76 |  13.53 |   0.00 |  2000.00|I I 
00:38-Tue-Mar-21-2017 PM2.5 |   6.52 |   6.65 |   0.00 |  2000.00|I I 
00:39-Tue-Mar-21-2017 PM10  |  13.02 |  13.50 |   0.00 |  2000.00|I I 
00:39-Tue-Mar-21-2017 PM2.5 |   6.53 |   6.64 |   0.00 |  2000.00|I I 
00:43-Tue-Mar-21-2017 PM10  |  13.81 |  13.51 |   0.00 |  2000.00|I I 
00:43-Tue-Mar-21-2017 PM2.5 |   6.98 |   6.66 |   0.00 |  2000.00|I I 
00:44-Tue-Mar-21-2017 PM10  |  12.72 |  13.47 |   0.00 |  2000.00|I I 
00:44-Tue-Mar-21-2017 PM2.5 |   6.68 |   6.66 |   0.00 |  2000.00|I I 
00:48-Tue-Mar-21-2017 PM10  |  13.27 |  13.46 |   0.00 |  2000.00|I I 
00:48-Tue-Mar-21-2017 PM2.5 |   6.70 |   6.66 |   0.00 |  2000.00|I I 
00:49-Tue-Mar-21-2017 PM10  |  13.30 |  13.45 |   0.00 |  2000.00|I I 
00:49-Tue-Mar-21-2017 PM2.5 |   6.54 |   6.66 |   0.00 |  2000.00|I I 
00:53-Tue-Mar-21-2017 PM10  |  11.39 |  13.36 |   0.00 |  2000.00|I I 
00:53-Tue-Mar-21-2017 PM2.5 |   6.35 |   6.64 |   0.00 |  2000.00|I I 
00:54-Tue-Mar-21-2017 PM10  |  17.04 |  13.52 |   0.00 |  2000.00|I I 
00:54-Tue-Mar-21-2017 PM2.5 |   6.45 |   6.63 |   0.00 |  2000.00|I I 
00:55-Tue-Mar-21-2017 PM10  |  17.04 |  13.67 |   0.00 |  2000.00|I I 
00:55-Tue-Mar-21-2017 PM2.5 |   6.45 |   6.63 |   0.00 |  2000.00|I I 
00:59-Tue-Mar-21-2017 PM10  |  11.93 |  13.60 |   0.00 |  2000.00|I I 
00:59-Tue-Mar-21-2017 PM2.5 |   6.36 |   6.62 |   0.00 |  2000.00|I I 
01:00-Tue-Mar-21-2017 PM10  |  13.70 |  13.60 |  13.60 |  13.60 |I I 
01:00-Tue-Mar-21-2017 PM2.5 |   6.83 |   6.62 |   6.62 |   6.62 |I I 
01:04-Tue-Mar-21-2017 PM10  |  10.92 |  10.92 |  13.60 |  13.60 |I I 
01:04-Tue-Mar-21-2017 PM2.5 |   6.37 |   6.37 |   6.62 |   6.62 |I I 
01:05-Tue-Mar-21-2017 PM10  |  12.20 |  11.56 |  13.60 |  13.60 |I I 
01:05-Tue-Mar-21-2017 PM2.5 |   6.17 |   6.27 |   6.62 |   6.62 |I I 
01:09-Tue-Mar-21-2017 PM10  |  12.16 |  11.76 |  13.60 |  13.60 |I I 
01:09-Tue-Mar-21-2017 PM2.5 |   6.36 |   6.30 |   6.62 |   6.62 |I I 
01:10-Tue-Mar-21-2017 PM10  |  12.52 |  11.95 |  13.60 |  13.60 |I I 
01:10-Tue-Mar-21-2017 PM2.5 |   6.37 |   6.31 |   6.62 |   6.62 |I I 
01:15-Tue-Mar-21-2017 PM10  |  12.95 |  12.15 |  13.60 |  13.60 |I I 
01:15-Tue-Mar-21-2017 PM2.5 |   6.50 |   6.35 |   6.62 |   6.62 |I I 
01:16-Tue-Mar-21-2017 PM10  |  11.92 |  12.11 |  13.60 |  13.60 |I I 
01:16-Tue-Mar-21-2017 PM2.5 |   5.96 |   6.29 |   6.62 |   6.62 |I I 
01:20-Tue-Mar-21-2017 PM10  |  12.48 |  12.16 |  13.60 |  13.60 |I I 
01:20-Tue-Mar-21-2017 PM2.5 |   6.12 |   6.26 |   6.62 |   6.62 |I I 
01:21-Tue-Mar-21-2017 PM10  |  10.70 |  11.98 |  13.60 |  13.60 |I I 
01:21-Tue-Mar-21-2017 PM2.5 |   6.38 |   6.28 |   6.62 |   6.62 |I I 
01:22-Tue-Mar-21-2017 PM10  |  10.70 |  11.84 |  13.60 |  13.60 |I I 
01:22-Tue-Mar-21-2017 PM2.5 |   6.38 |   6.29 |   6.62 |   6.62 |I I 
01:26-Tue-Mar-21-2017 PM10  |  11.79 |  11.83 |  13.60 |  13.60 |I I 
01:26-Tue-Mar-21-2017 PM2.5 |   6.63 |   6.32 |   6.62 |   6.62 |I I 
01:27-Tue-Mar-21-2017 PM10  |  11.33 |  11.79 |  13.60 |  13.60 |I I 
01:27-Tue-Mar-21-2017 PM2.5 |   6.08 |   6.30 |   6.62 |   6.62 |I I 
01:31-Tue-Mar-21-2017 PM10  |  14.21 |  11.99 |  13.60 |  13.60 |I I 
01:31-Tue-Mar-21-2017 PM2.5 |   6.56 |   6.32 |   6.62 |   6.62 |I I 
01:32-Tue-Mar-21-2017 PM10  |  15.45 |  12.26 |  13.60 |  13.60 |I I 
01:32-Tue-Mar-21-2017 PM2.5 |   6.36 |   6.33 |   6.62 |   6.62 |I I 
01:36-Tue-Mar-21-2017 PM10  |  12.14 |  12.25 |  13.60 |  13.60 |I I 
01:36-Tue-Mar-21-2017 PM2.5 |   6.30 |   6.32 |   6.62 |   6.62 |I I 
01:37-Tue-Mar-21-2017 PM10  |  13.25 |  12.31 |  13.60 |  13.60 |I I 
01:37-Tue-Mar-21-2017 PM2.5 |   6.06 |   6.31 |   6.62 |   6.62 |I I 
01:41-Tue-Mar-21-2017 PM10  |  11.26 |  12.25 |  13.60 |  13.60 |I I 
01:41-Tue-Mar-21-2017 PM2.5 |   6.38 |   6.31 |   6.62 |   6.62 |I I 
01:42-Tue-Mar-21-2017 PM10  |  11.74 |  12.22 |  13.60 |  13.60 |I I 
01:42-Tue-Mar-21-2017 PM2.5 |   6.48 |   6.32 |   6.62 |   6.62 |I I 
01:46-Tue-Mar-21-2017 PM10  |  11.60 |  12.18 |  13.60 |  13.60 |I I 
01:46-Tue-Mar-21-2017 PM2.5 |   6.42 |   6.33 |   6.62 |   6.62 |I I 
01:47-Tue-Mar-21-2017 PM10  |  11.79 |  12.16 |  13.60 |  13.60 |I I 
01:47-Tue-Mar-21-2017 PM2.5 |   6.05 |   6.31 |   6.62 |   6.62 |I I 
01:48-Tue-Mar-21-2017 PM10  |  11.79 |  12.15 |  13.60 |  13.60 |I I 
01:48-Tue-Mar-21-2017 PM2.5 |   6.05 |   6.30 |   6.62 |   6.62 |I I 
01:52-Tue-Mar-21-2017 PM10  |  11.90 |  12.13 |  13.60 |  13.60 |I I 
01:52-Tue-Mar-21-2017 PM2.5 |   6.31 |   6.30 |   6.62 |   6.62 |I I 
01:53-Tue-Mar-21-2017 PM10  |  10.40 |  12.05 |  13.60 |  13.60 |I I 
01:53-Tue-Mar-21-2017 PM2.5 |   6.12 |   6.29 |   6.62 |   6.62 |I I 
01:57-Tue-Mar-21-2017 PM10  |  11.64 |  12.04 |  13.60 |  13.60 |I I 
01:57-Tue-Mar-21-2017 PM2.5 |   6.53 |   6.30 |   6.62 |   6.62 |I I 
01:58-Tue-Mar-21-2017 PM10  |  10.46 |  11.97 |  13.60 |  13.60 |I I 
01:58-Tue-Mar-21-2017 PM2.5 |   6.17 |   6.30 |   6.62 |   6.62 |I I 
02:02-Tue-Mar-21-2017 PM10  |  12.04 |  11.97 |  13.60 |  11.97 |I I 
02:02-Tue-Mar-21-2017 PM2.5 |   6.06 |   6.29 |   6.62 |   6.29 |I I 
02:03-Tue-Mar-21-2017 PM10  |  10.38 |  10.38 |  13.60 |  11.97 |I I 
02:03-Tue-Mar-21-2017 PM2.5 |   6.12 |   6.12 |   6.62 |   6.29 |I I 
02:07-Tue-Mar-21-2017 PM10  |  12.66 |  11.52 |  13.60 |  11.97 |I I 
02:07-Tue-Mar-21-2017 PM2.5 |   6.54 |   6.33 |   6.62 |   6.29 |I I 
02:08-Tue-Mar-21-2017 PM10  |  10.31 |  11.12 |  13.60 |  11.97 |I I 
02:08-Tue-Mar-21-2017 PM2.5 |   6.12 |   6.26 |   6.62 |   6.29 |I I 
02:12-Tue-Mar-21-2017 PM10  |  12.20 |  11.39 |  13.60 |  11.97 |I I 
02:12-Tue-Mar-21-2017 PM2.5 |   6.31 |   6.27 |   6.62 |   6.29 |I I 
02:13-Tue-Mar-21-2017 PM10  |  12.15 |  11.54 |  13.60 |  11.97 |I I 
02:13-Tue-Mar-21-2017 PM2.5 |   6.19 |   6.26 |   6.62 |   6.29 |I I 
02:14-Tue-Mar-21-2017 PM10  |  12.15 |  11.64 |  13.60 |  11.97 |I I 
02:14-Tue-Mar-21-2017 PM2.5 |   6.19 |   6.25 |   6.62 |   6.29 |I I 
02:18-Tue-Mar-21-2017 PM10  |  13.23 |  11.87 |  13.60 |  11.97 |I I 
02:18-Tue-Mar-21-2017 PM2.5 |   6.76 |   6.32 |   6.62 |   6.29 |I I 
02:19-Tue-Mar-21-2017 PM10  |  12.10 |  11.90 |  13.60 |  11.97 |I I 
02:19-Tue-Mar-21-2017 PM2.5 |   6.47 |   6.34 |   6.62 |   6.29 |I I 
02:23-Tue-Mar-21-2017 PM10  |  11.89 |  11.90 |  13.60 |  11.97 |I I 
02:23-Tue-Mar-21-2017 PM2.5 |   6.30 |   6.33 |   6.62 |   6.29 |I I 
02:24-Tue-Mar-21-2017 PM10  |  11.04 |  11.81 |  13.60 |  11.97 |I I 
02:24-Tue-Mar-21-2017 PM2.5 |   6.16 |   6.32 |   6.62 |   6.29 |I I 
02:28-Tue-Mar-21-2017 PM10  |  11.93 |  11.82 |  13.60 |  11.97 |I I 
02:28-Tue-Mar-21-2017 PM2.5 |   6.37 |   6.32 |   6.62 |   6.29 |I I 
02:29-Tue-Mar-21-2017 PM10  |   9.77 |  11.65 |  13.60 |  11.97 |I I 
02:29-Tue-Mar-21-2017 PM2.5 |   5.56 |   6.26 |   6.62 |   6.29 |I I 
02:33-Tue-Mar-21-2017 PM10  |  10.81 |  11.59 |  13.60 |  11.97 |I I 
02:33-Tue-Mar-21-2017 PM2.5 |   5.87 |   6.23 |   6.62 |   6.29 |I I 
02:34-Tue-Mar-21-2017 PM10  |  13.84 |  11.75 |  13.60 |  11.97 |I I 
02:34-Tue-Mar-21-2017 PM2.5 |   6.00 |   6.21 |   6.62 |   6.29 |I I 
02:38-Tue-Mar-21-2017 PM10  |  12.38 |  11.79 |  13.60 |  11.97 |I I 
02:38-Tue-Mar-21-2017 PM2.5 |   6.59 |   6.24 |   6.62 |   6.29 |I I 
02:39-Tue-Mar-21-2017 PM10  |  12.38 |  11.83 |  13.60 |  11.97 |I I 
02:39-Tue-Mar-21-2017 PM2.5 |   6.59 |   6.26 |   6.62 |   6.29 |I I 
02:40-Tue-Mar-21-2017 PM10  |  11.24 |  11.79 |  13.60 |  11.97 |I I 
02:40-Tue-Mar-21-2017 PM2.5 |   5.98 |   6.24 |   6.62 |   6.29 |I I 
02:44-Tue-Mar-21-2017 PM10  |  12.38 |  11.82 |  13.60 |  11.97 |I I 
02:44-Tue-Mar-21-2017 PM2.5 |   6.13 |   6.24 |   6.62 |   6.29 |I I 
02:45-Tue-Mar-21-2017 PM10  |  11.99 |  11.83 |  13.60 |  11.97 |I I 
02:45-Tue-Mar-21-2017 PM2.5 |   6.28 |   6.24 |   6.62 |   6.29 |I I 
02:49-Tue-Mar-21-2017 PM10  |  10.81 |  11.78 |  13.60 |  11.97 |I I 
02:49-Tue-Mar-21-2017 PM2.5 |   6.36 |   6.25 |   6.62 |   6.29 |I I 
02:50-Tue-Mar-21-2017 PM10  |  12.90 |  11.84 |  13.60 |  11.97 |I I 
02:50-Tue-Mar-21-2017 PM2.5 |   6.05 |   6.24 |   6.62 |   6.29 |I I 
02:54-Tue-Mar-21-2017 PM10  |  12.07 |  11.85 |  13.60 |  11.97 |I I 
02:54-Tue-Mar-21-2017 PM2.5 |   6.26 |   6.24 |   6.62 |   6.29 |I I 
02:55-Tue-Mar-21-2017 PM10  |  10.59 |  11.79 |  13.60 |  11.97 |I I 
02:55-Tue-Mar-21-2017 PM2.5 |   5.82 |   6.22 |   6.62 |   6.29 |I I 
02:59-Tue-Mar-21-2017 PM10  |  10.23 |  11.73 |  13.60 |  11.97 |I I 
02:59-Tue-Mar-21-2017 PM2.5 |   5.94 |   6.21 |   6.62 |   6.29 |I I 
03:00-Tue-Mar-21-2017 PM10  |  13.52 |  11.80 |  13.60 |  11.80 |I I 
03:00-Tue-Mar-21-2017 PM2.5 |   6.29 |   6.21 |   6.62 |   6.21 |I I 
03:04-Tue-Mar-21-2017 PM10  |  11.08 |  11.08 |  13.60 |  11.80 |I I 
03:04-Tue-Mar-21-2017 PM2.5 |   5.94 |   5.94 |   6.62 |   6.21 |I I 
03:05-Tue-Mar-21-2017 PM10  |  10.97 |  11.03 |  13.60 |  11.80 |I I 
03:05-Tue-Mar-21-2017 PM2.5 |   6.04 |   5.99 |   6.62 |   6.21 |I I 
03:06-Tue-Mar-21-2017 PM10  |  10.97 |  11.01 |  13.60 |  11.80 |I I 
03:06-Tue-Mar-21-2017 PM2.5 |   6.04 |   6.01 |   6.62 |   6.21 |I I 
03:10-Tue-Mar-21-2017 PM10  |  11.33 |  11.09 |  13.60 |  11.80 |I I 
03:10-Tue-Mar-21-2017 PM2.5 |   5.95 |   5.99 |   6.62 |   6.21 |I I 
03:11-Tue-Mar-21-2017 PM10  |  11.85 |  11.24 |  13.60 |  11.80 |I I 
03:11-Tue-Mar-21-2017 PM2.5 |   6.37 |   6.07 |   6.62 |   6.21 |I I 
03:15-Tue-Mar-21-2017 PM10  |  11.60 |  11.30 |  13.60 |  11.80 |I I 
03:15-Tue-Mar-21-2017 PM2.5 |   6.03 |   6.06 |   6.62 |   6.21 |I I 
03:16-Tue-Mar-21-2017 PM10  |   9.02 |  10.97 |  13.60 |  11.80 |I I 
03:16-Tue-Mar-21-2017 PM2.5 |   5.73 |   6.02 |   6.62 |   6.21 |I I 
03:20-Tue-Mar-21-2017 PM10  |   9.68 |  10.81 |  13.60 |  11.80 |I I 
03:20-Tue-Mar-21-2017 PM2.5 |   6.16 |   6.03 |   6.62 |   6.21 |I I 
03:21-Tue-Mar-21-2017 PM10  |  11.18 |  10.85 |  13.60 |  11.80 |I I 
03:21-Tue-Mar-21-2017 PM2.5 |   5.73 |   6.00 |   6.62 |   6.21 |I I 
03:25-Tue-Mar-21-2017 PM10  |  10.47 |  10.82 |  13.60 |  11.80 |I I 
03:25-Tue-Mar-21-2017 PM2.5 |   5.95 |   5.99 |   6.62 |   6.21 |I I 
03:26-Tue-Mar-21-2017 PM10  |  12.39 |  10.96 |  13.60 |  11.80 |I I 
03:26-Tue-Mar-21-2017 PM2.5 |   5.98 |   5.99 |   6.62 |   6.21 |I I 
03:30-Tue-Mar-21-2017 PM10  |  11.59 |  11.01 |  13.60 |  11.80 |I I 
03:30-Tue-Mar-21-2017 PM2.5 |   5.88 |   5.98 |   6.62 |   6.21 |I I 
03:31-Tue-Mar-21-2017 PM10  |  10.40 |  10.96 |  13.60 |  11.80 |I I 
03:31-Tue-Mar-21-2017 PM2.5 |   5.81 |   5.97 |   6.62 |   6.21 |I I 
03:32-Tue-Mar-21-2017 PM10  |  10.40 |  10.92 |  13.60 |  11.80 |I I 
03:32-Tue-Mar-21-2017 PM2.5 |   5.81 |   5.96 |   6.62 |   6.21 |I I 
03:36-Tue-Mar-21-2017 PM10  |   9.87 |  10.85 |  13.60 |  11.80 |I I 
03:36-Tue-Mar-21-2017 PM2.5 |   5.80 |   5.95 |   6.62 |   6.21 |I I 
03:37-Tue-Mar-21-2017 PM10  |   9.35 |  10.76 |  13.60 |  11.80 |I I 
03:37-Tue-Mar-21-2017 PM2.5 |   5.95 |   5.95 |   6.62 |   6.21 |I I 
03:41-Tue-Mar-21-2017 PM10  |  11.23 |  10.79 |  13.60 |  11.80 |I I 
03:41-Tue-Mar-21-2017 PM2.5 |   6.41 |   5.98 |   6.62 |   6.21 |I I 
03:42-Tue-Mar-21-2017 PM10  |  10.18 |  10.75 |  13.60 |  11.80 |I I 
03:42-Tue-Mar-21-2017 PM2.5 |   5.75 |   5.96 |   6.62 |   6.21 |I I 
03:46-Tue-Mar-21-2017 PM10  |  10.40 |  10.73 |  13.60 |  11.80 |I I 
03:46-Tue-Mar-21-2017 PM2.5 |   6.33 |   5.98 |   6.62 |   6.21 |I I 
03:47-Tue-Mar-21-2017 PM10  |  10.57 |  10.73 |  13.60 |  11.80 |I I 
03:47-Tue-Mar-21-2017 PM2.5 |   5.92 |   5.98 |   6.62 |   6.21 |I I 
03:51-Tue-Mar-21-2017 PM10  |   9.52 |  10.67 |  13.60 |  11.80 |I I 
03:51-Tue-Mar-21-2017 PM2.5 |   5.89 |   5.97 |   6.62 |   6.21 |I I 
03:52-Tue-Mar-21-2017 PM10  |   9.52 |  10.62 |  13.60 |  11.80 |I I 
03:52-Tue-Mar-21-2017 PM2.5 |   5.68 |   5.96 |   6.62 |   6.21 |I I 
03:56-Tue-Mar-21-2017 PM10  |  11.63 |  10.66 |  13.60 |  11.80 |I I 
03:56-Tue-Mar-21-2017 PM2.5 |   6.31 |   5.98 |   6.62 |   6.21 |I I 
03:57-Tue-Mar-21-2017 PM10  |  10.76 |  10.67 |  13.60 |  11.80 |I I 
03:57-Tue-Mar-21-2017 PM2.5 |   5.67 |   5.96 |   6.62 |   6.21 |I I 
03:58-Tue-Mar-21-2017 PM10  |  10.76 |  10.67 |  13.60 |  11.80 |I I 
03:58-Tue-Mar-21-2017 PM2.5 |   5.67 |   5.95 |   6.62 |   6.21 |I I 
04:02-Tue-Mar-21-2017 PM10  |  10.57 |  10.67 |  13.60 |  10.67 |I I 
04:02-Tue-Mar-21-2017 PM2.5 |   5.94 |   5.95 |   6.62 |   5.95 |I I 
04:03-Tue-Mar-21-2017 PM10  |  10.93 |  10.93 |  13.60 |  10.67 |I I 
04:03-Tue-Mar-21-2017 PM2.5 |   5.59 |   5.59 |   6.62 |   5.95 |I I 
04:07-Tue-Mar-21-2017 PM10  |  10.12 |  10.53 |  13.60 |  10.67 |I I 
04:07-Tue-Mar-21-2017 PM2.5 |   5.75 |   5.67 |   6.62 |   5.95 |I I 
04:08-Tue-Mar-21-2017 PM10  |  13.57 |  11.54 |  13.60 |  10.67 |I I 
04:08-Tue-Mar-21-2017 PM2.5 |   6.15 |   5.83 |   6.62 |   5.95 |I I 
04:12-Tue-Mar-21-2017 PM10  |  12.38 |  11.75 |  13.60 |  10.67 |I I 
04:12-Tue-Mar-21-2017 PM2.5 |   6.42 |   5.98 |   6.62 |   5.95 |I I 
04:13-Tue-Mar-21-2017 PM10  |  12.40 |  11.88 |  13.60 |  10.67 |I I 
04:13-Tue-Mar-21-2017 PM2.5 |   5.94 |   5.97 |   6.62 |   5.95 |I I 
04:17-Tue-Mar-21-2017 PM10  |  10.76 |  11.70 |  13.60 |  10.67 |I I 
04:17-Tue-Mar-21-2017 PM2.5 |   6.32 |   6.03 |   6.62 |   5.95 |I I 
04:18-Tue-Mar-21-2017 PM10  |  10.84 |  11.57 |  13.60 |  10.67 |I I 
04:18-Tue-Mar-21-2017 PM2.5 |   5.71 |   5.98 |   6.62 |   5.95 |I I 
04:22-Tue-Mar-21-2017 PM10  |   9.05 |  11.26 |  13.60 |  10.67 |I I 
04:22-Tue-Mar-21-2017 PM2.5 |   6.05 |   5.99 |   6.62 |   5.95 |I I 
04:23-Tue-Mar-21-2017 PM10  |  10.41 |  11.16 |  13.60 |  10.67 |I I 
04:23-Tue-Mar-21-2017 PM2.5 |   5.92 |   5.98 |   6.62 |   5.95 |I I 
04:24-Tue-Mar-21-2017 PM10  |  10.41 |  11.09 |  13.60 |  10.67 |I I 
04:24-Tue-Mar-21-2017 PM2.5 |   5.92 |   5.98 |   6.62 |   5.95 |I I 
04:29-Tue-Mar-21-2017 PM10  |  10.56 |  11.04 |  13.60 |  10.67 |I I 
04:29-Tue-Mar-21-2017 PM2.5 |   5.91 |   5.97 |   6.62 |   5.95 |I I 
04:30-Tue-Mar-21-2017 PM10  |  11.82 |  11.10 |  13.60 |  10.67 |I I 
04:30-Tue-Mar-21-2017 PM2.5 |   6.01 |   5.97 |   6.62 |   5.95 |I I 
04:34-Tue-Mar-21-2017 PM10  |   9.16 |  10.96 |  13.60 |  10.67 |I I 
04:34-Tue-Mar-21-2017 PM2.5 |   5.64 |   5.95 |   6.62 |   5.95 |I I 
04:35-Tue-Mar-21-2017 PM10  |  12.37 |  11.06 |  13.60 |  10.67 |I I 
04:35-Tue-Mar-21-2017 PM2.5 |   5.61 |   5.92 |   6.62 |   5.95 |I I 
04:39-Tue-Mar-21-2017 PM10  |   8.73 |  10.90 |  13.60 |  10.67 |I I 
04:39-Tue-Mar-21-2017 PM2.5 |   5.92 |   5.92 |   6.62 |   5.95 |I I 
04:40-Tue-Mar-21-2017 PM10  |  11.09 |  10.91 |  13.60 |  10.67 |I I 
04:40-Tue-Mar-21-2017 PM2.5 |   5.96 |   5.93 |   6.62 |   5.95 |I I 
04:44-Tue-Mar-21-2017 PM10  |  10.37 |  10.88 |  13.60 |  10.67 |I I 
04:44-Tue-Mar-21-2017 PM2.5 |   5.87 |   5.92 |   6.62 |   5.95 |I I 
04:45-Tue-Mar-21-2017 PM10  |  10.75 |  10.87 |  13.60 |  10.67 |I I 
04:45-Tue-Mar-21-2017 PM2.5 |   5.94 |   5.92 |   6.62 |   5.95 |I I 
04:49-Tue-Mar-21-2017 PM10  |  11.71 |  10.92 |  13.60 |  10.67 |I I 
04:49-Tue-Mar-21-2017 PM2.5 |   6.02 |   5.93 |   6.62 |   5.95 |I I 
04:50-Tue-Mar-21-2017 PM10  |  11.71 |  10.96 |  13.60 |  10.67 |I I 
04:50-Tue-Mar-21-2017 PM2.5 |   6.02 |   5.93 |   6.62 |   5.95 |I I 
04:51-Tue-Mar-21-2017 PM10  |  10.72 |  10.95 |  13.60 |  10.67 |I I 
04:51-Tue-Mar-21-2017 PM2.5 |   5.46 |   5.91 |   6.62 |   5.95 |I I 
04:55-Tue-Mar-21-2017 PM10  |   9.74 |  10.89 |  13.60 |  10.67 |I I 
04:55-Tue-Mar-21-2017 PM2.5 |   5.81 |   5.90 |   6.62 |   5.95 |I I 
04:56-Tue-Mar-21-2017 PM10  |  10.52 |  10.88 |  13.60 |  10.67 |I I 
04:56-Tue-Mar-21-2017 PM2.5 |   5.81 |   5.90 |   6.62 |   5.95 |I I 
05:00-Tue-Mar-21-2017 PM10  |  10.21 |  10.85 |  13.60 |  10.67 |I I 
05:00-Tue-Mar-21-2017 PM2.5 |   6.13 |   5.91 |   6.62 |   5.91 |I I 
05:01-Tue-Mar-21-2017 PM10  |   8.66 |   8.66 |  13.60 |  10.67 |I I 
05:01-Tue-Mar-21-2017 PM2.5 |   5.59 |   5.59 |   6.62 |   5.91 |I I 
05:05-Tue-Mar-21-2017 PM10  |  10.00 |   9.33 |  13.60 |  10.67 |I I 
05:05-Tue-Mar-21-2017 PM2.5 |   5.82 |   5.71 |   6.62 |   5.91 |I I 
05:06-Tue-Mar-21-2017 PM10  |   8.15 |   8.94 |  13.60 |  10.67 |I I 
05:06-Tue-Mar-21-2017 PM2.5 |   5.36 |   5.59 |   6.62 |   5.91 |I I 
05:10-Tue-Mar-21-2017 PM10  |  10.72 |   9.38 |  13.60 |  10.67 |I I 
05:10-Tue-Mar-21-2017 PM2.5 |   5.48 |   5.56 |   6.62 |   5.91 |I I 
05:11-Tue-Mar-21-2017 PM10  |  12.15 |   9.94 |  13.60 |  10.67 |I I 
05:11-Tue-Mar-21-2017 PM2.5 |   5.35 |   5.52 |   6.62 |   5.91 |I I 
05:15-Tue-Mar-21-2017 PM10  |  10.39 |  10.01 |  13.60 |  10.67 |I I 
05:15-Tue-Mar-21-2017 PM2.5 |   5.74 |   5.56 |   6.62 |   5.91 |I I 
05:16-Tue-Mar-21-2017 PM10  |   8.80 |   9.84 |  13.60 |  10.67 |I I 
05:16-Tue-Mar-21-2017 PM2.5 |   5.56 |   5.56 |   6.62 |   5.91 |I I 
05:17-Tue-Mar-21-2017 PM10  |   8.80 |   9.71 |  13.60 |  10.67 |I I 
05:17-Tue-Mar-21-2017 PM2.5 |   5.56 |   5.56 |   6.62 |   5.91 |I I 
05:21-Tue-Mar-21-2017 PM10  |  12.11 |   9.97 |  13.60 |  10.67 |I I 
05:21-Tue-Mar-21-2017 PM2.5 |   5.90 |   5.60 |   6.62 |   5.91 |I I 
05:22-Tue-Mar-21-2017 PM10  |  10.23 |  10.00 |  13.60 |  10.67 |I I 
05:22-Tue-Mar-21-2017 PM2.5 |   5.40 |   5.58 |   6.62 |   5.91 |I I 
05:26-Tue-Mar-21-2017 PM10  |   9.04 |   9.91 |  13.60 |  10.67 |I I 
05:26-Tue-Mar-21-2017 PM2.5 |   5.28 |   5.55 |   6.62 |   5.91 |I I 
05:27-Tue-Mar-21-2017 PM10  |   9.47 |   9.88 |  13.60 |  10.67 |I I 
05:27-Tue-Mar-21-2017 PM2.5 |   5.47 |   5.54 |   6.62 |   5.91 |I I 
05:31-Tue-Mar-21-2017 PM10  |   9.71 |   9.86 |  13.60 |  10.67 |I I 
05:31-Tue-Mar-21-2017 PM2.5 |   5.78 |   5.56 |   6.62 |   5.91 |I I 
05:32-Tue-Mar-21-2017 PM10  |   9.74 |   9.85 |  13.60 |  10.67 |I I 
05:32-Tue-Mar-21-2017 PM2.5 |   5.57 |   5.56 |   6.62 |   5.91 |I I 
05:36-Tue-Mar-21-2017 PM10  |   9.97 |   9.86 |  13.60 |  10.67 |I I 
05:36-Tue-Mar-21-2017 PM2.5 |   5.79 |   5.58 |   6.62 |   5.91 |I I 
05:37-Tue-Mar-21-2017 PM10  |  11.35 |   9.96 |  13.60 |  10.67 |I I 
05:37-Tue-Mar-21-2017 PM2.5 |   5.74 |   5.59 |   6.62 |   5.91 |I I 
05:41-Tue-Mar-21-2017 PM10  |  10.20 |   9.97 |  13.60 |  10.67 |I I 
05:41-Tue-Mar-21-2017 PM2.5 |   5.44 |   5.58 |   6.62 |   5.91 |I I 
05:42-Tue-Mar-21-2017 PM10  |  10.20 |   9.98 |  13.60 |  10.67 |I I 
05:42-Tue-Mar-21-2017 PM2.5 |   5.44 |   5.57 |   6.62 |   5.91 |I I 
05:43-Tue-Mar-21-2017 PM10  |   9.94 |   9.98 |  13.60 |  10.67 |I I 
05:43-Tue-Mar-21-2017 PM2.5 |   5.59 |   5.57 |   6.62 |   5.91 |I I 
05:47-Tue-Mar-21-2017 PM10  |  10.79 |  10.02 |  13.60 |  10.67 |I I 
05:47-Tue-Mar-21-2017 PM2.5 |   5.97 |   5.59 |   6.62 |   5.91 |I I 
05:48-Tue-Mar-21-2017 PM10  |  11.73 |  10.10 |  13.60 |  10.67 |I I 
05:48-Tue-Mar-21-2017 PM2.5 |   5.59 |   5.59 |   6.62 |   5.91 |I I 
05:52-Tue-Mar-21-2017 PM10  |  11.45 |  10.16 |  13.60 |  10.67 |I I 
05:52-Tue-Mar-21-2017 PM2.5 |   5.80 |   5.60 |   6.62 |   5.91 |I I 
05:53-Tue-Mar-21-2017 PM10  |   9.85 |  10.15 |  13.60 |  10.67 |I I 
05:53-Tue-Mar-21-2017 PM2.5 |   5.54 |   5.60 |   6.62 |   5.91 |I I 
05:57-Tue-Mar-21-2017 PM10  |  11.91 |  10.22 |  13.60 |  10.67 |I I 
05:57-Tue-Mar-21-2017 PM2.5 |   6.11 |   5.62 |   6.62 |   5.91 |I I 
05:58-Tue-Mar-21-2017 PM10  |   9.64 |  10.20 |  13.60 |  10.67 |I I 
05:58-Tue-Mar-21-2017 PM2.5 |   5.75 |   5.63 |   6.62 |   5.91 |I I 
06:02-Tue-Mar-21-2017 PM10  |  11.19 |  10.24 |  13.60 |  10.24 |I I 
06:02-Tue-Mar-21-2017 PM2.5 |   5.84 |   5.63 |   6.62 |   5.63 |I I 
06:03-Tue-Mar-21-2017 PM10  |  10.36 |  10.36 |  13.60 |  10.24 |I I 
06:03-Tue-Mar-21-2017 PM2.5 |   5.68 |   5.68 |   6.62 |   5.63 |I I 
06:07-Tue-Mar-21-2017 PM10  |  11.43 |  10.90 |  13.60 |  10.24 |I I 
06:07-Tue-Mar-21-2017 PM2.5 |   5.98 |   5.83 |   6.62 |   5.63 |I I 
06:08-Tue-Mar-21-2017 PM10  |  11.43 |  11.08 |  13.60 |  10.24 |I I 
06:08-Tue-Mar-21-2017 PM2.5 |   5.98 |   5.88 |   6.62 |   5.63 |I I 
06:09-Tue-Mar-21-2017 PM10  |   9.09 |  10.58 |  13.60 |  10.24 |I I 
06:09-Tue-Mar-21-2017 PM2.5 |   5.38 |   5.76 |   6.62 |   5.63 |I I 
06:13-Tue-Mar-21-2017 PM10  |  10.07 |  10.48 |  13.60 |  10.24 |I I 
06:13-Tue-Mar-21-2017 PM2.5 |   5.74 |   5.75 |   6.62 |   5.63 |I I 
06:14-Tue-Mar-21-2017 PM10  |  11.87 |  10.71 |  13.60 |  10.24 |I I 
06:14-Tue-Mar-21-2017 PM2.5 |   5.48 |   5.71 |   6.62 |   5.63 |I I 
06:18-Tue-Mar-21-2017 PM10  |  10.36 |  10.66 |  13.60 |  10.24 |I I 
06:18-Tue-Mar-21-2017 PM2.5 |   5.57 |   5.69 |   6.62 |   5.63 |I I 
06:19-Tue-Mar-21-2017 PM10  |  11.40 |  10.75 |  13.60 |  10.24 |I I 
06:19-Tue-Mar-21-2017 PM2.5 |   5.78 |   5.70 |   6.62 |   5.63 |I I 
06:23-Tue-Mar-21-2017 PM10  |   9.99 |  10.67 |  13.60 |  10.24 |I I 
06:23-Tue-Mar-21-2017 PM2.5 |   6.06 |   5.74 |   6.62 |   5.63 |I I 
06:24-Tue-Mar-21-2017 PM10  |  10.96 |  10.70 |  13.60 |  10.24 |I I 
06:24-Tue-Mar-21-2017 PM2.5 |   5.36 |   5.70 |   6.62 |   5.63 |I I 
06:28-Tue-Mar-21-2017 PM10  |   9.90 |  10.62 |  13.60 |  10.24 |I I 
06:28-Tue-Mar-21-2017 PM2.5 |   6.05 |   5.73 |   6.62 |   5.63 |I I 
06:29-Tue-Mar-21-2017 PM10  |   9.98 |  10.57 |  13.60 |  10.24 |I I 
06:29-Tue-Mar-21-2017 PM2.5 |   5.58 |   5.72 |   6.62 |   5.63 |I I 
06:33-Tue-Mar-21-2017 PM10  |  12.07 |  10.69 |  13.60 |  10.24 |I I 
06:33-Tue-Mar-21-2017 PM2.5 |   5.36 |   5.69 |   6.62 |   5.63 |I I 
06:34-Tue-Mar-21-2017 PM10  |  12.07 |  10.79 |  13.60 |  10.24 |I I 
06:34-Tue-Mar-21-2017 PM2.5 |   5.36 |   5.67 |   6.62 |   5.63 |I I 
06:35-Tue-Mar-21-2017 PM10  |  12.36 |  10.89 |  13.60 |  10.24 |I I 
06:35-Tue-Mar-21-2017 PM2.5 |   5.70 |   5.67 |   6.62 |   5.63 |I I 
06:39-Tue-Mar-21-2017 PM10  |  11.90 |  10.95 |  13.60 |  10.24 |I I 
06:39-Tue-Mar-21-2017 PM2.5 |   5.97 |   5.69 |   6.62 |   5.63 |I I 
06:40-Tue-Mar-21-2017 PM10  |  11.66 |  10.99 |  13.60 |  10.24 |I I 
06:40-Tue-Mar-21-2017 PM2.5 |   5.64 |   5.69 |   6.62 |   5.63 |I I 
06:44-Tue-Mar-21-2017 PM10  |  11.58 |  11.03 |  13.60 |  10.24 |I I 
06:44-Tue-Mar-21-2017 PM2.5 |   6.00 |   5.70 |   6.62 |   5.63 |I I 
06:45-Tue-Mar-21-2017 PM10  |  11.86 |  11.07 |  13.60 |  10.24 |I I 
06:45-Tue-Mar-21-2017 PM2.5 |   5.50 |   5.69 |   6.62 |   5.63 |I I 
06:49-Tue-Mar-21-2017 PM10  |   9.39 |  10.99 |  13.60 |  10.24 |I I 
06:49-Tue-Mar-21-2017 PM2.5 |   5.53 |   5.69 |   6.62 |   5.63 |I I 
06:50-Tue-Mar-21-2017 PM10  |  13.23 |  11.09 |  13.60 |  10.24 |I I 
06:50-Tue-Mar-21-2017 PM2.5 |   5.78 |   5.69 |   6.62 |   5.63 |I I 
06:54-Tue-Mar-21-2017 PM10  |  14.73 |  11.26 |  13.60 |  10.24 |I I 
06:54-Tue-Mar-21-2017 PM2.5 |   5.94 |   5.70 |   6.62 |   5.63 |I I 
06:55-Tue-Mar-21-2017 PM10  |  12.05 |  11.29 |  13.60 |  10.24 |I I 
06:55-Tue-Mar-21-2017 PM2.5 |   5.50 |   5.69 |   6.62 |   5.63 |I I 
06:59-Tue-Mar-21-2017 PM10  |  12.58 |  11.35 |  13.60 |  10.24 |I I 
06:59-Tue-Mar-21-2017 PM2.5 |   5.94 |   5.70 |   6.62 |   5.63 |I I 
07:00-Tue-Mar-21-2017 PM10  |  12.58 |  11.40 |  13.60 |  10.24 |I I 
07:00-Tue-Mar-21-2017 PM2.5 |   5.94 |   5.71 |   6.62 |   5.63 |I I 
07:01-Tue-Mar-21-2017 PM10  |  14.59 |  14.59 |  13.60 |  10.24 |I I 
07:01-Tue-Mar-21-2017 PM2.5 |   5.57 |   5.57 |   6.62 |   5.63 |I I 
07:05-Tue-Mar-21-2017 PM10  |  12.45 |  13.52 |  13.60 |  10.24 |I I 
07:05-Tue-Mar-21-2017 PM2.5 |   6.00 |   5.78 |   6.62 |   5.63 |I I 
07:06-Tue-Mar-21-2017 PM10  |  16.50 |  14.51 |  13.60 |  10.24 |I I 
07:06-Tue-Mar-21-2017 PM2.5 |   5.66 |   5.74 |   6.62 |   5.63 |I I 
07:10-Tue-Mar-21-2017 PM10  |  14.35 |  14.47 |  13.60 |  10.24 |I I 
07:10-Tue-Mar-21-2017 PM2.5 |   5.76 |   5.75 |   6.62 |   5.63 |I I 
07:11-Tue-Mar-21-2017 PM10  |  16.21 |  14.82 |  13.60 |  10.24 |I I 
07:11-Tue-Mar-21-2017 PM2.5 |   5.90 |   5.78 |   6.62 |   5.63 |I I 
07:15-Tue-Mar-21-2017 PM10  |  15.56 |  14.94 |  13.60 |  10.24 |I I 
07:15-Tue-Mar-21-2017 PM2.5 |   6.29 |   5.86 |   6.62 |   5.63 |I I 
07:16-Tue-Mar-21-2017 PM10  |  15.44 |  15.01 |  13.60 |  10.24 |I I 
07:16-Tue-Mar-21-2017 PM2.5 |   6.28 |   5.92 |   6.62 |   5.63 |I I 
07:20-Tue-Mar-21-2017 PM10  |  16.44 |  15.19 |  13.60 |  10.24 |I I 
07:20-Tue-Mar-21-2017 PM2.5 |   6.54 |   6.00 |   6.62 |   5.63 |I I 
07:21-Tue-Mar-21-2017 PM10  |  11.55 |  14.79 |  13.60 |  10.24 |I I 
07:21-Tue-Mar-21-2017 PM2.5 |   5.56 |   5.95 |   6.62 |   5.63 |I I 
07:25-Tue-Mar-21-2017 PM10  |  15.65 |  14.87 |  13.60 |  10.24 |I I 
07:25-Tue-Mar-21-2017 PM2.5 |   6.44 |   6.00 |   6.62 |   5.63 |I I 
07:26-Tue-Mar-21-2017 PM10  |  15.65 |  14.94 |  13.60 |  10.24 |I I 
07:26-Tue-Mar-21-2017 PM2.5 |   6.44 |   6.04 |   6.62 |   5.63 |I I 
07:27-Tue-Mar-21-2017 PM10  |  11.68 |  14.67 |  13.60 |  10.24 |I I 
07:27-Tue-Mar-21-2017 PM2.5 |   6.00 |   6.04 |   6.62 |   5.63 |I I 
07:31-Tue-Mar-21-2017 PM10  |  12.86 |  14.53 |  13.60 |  10.24 |I I 
07:31-Tue-Mar-21-2017 PM2.5 |   6.15 |   6.05 |   6.62 |   5.63 |I I 
07:32-Tue-Mar-21-2017 PM10  |  10.90 |  14.27 |  13.60 |  10.24 |I I 
07:32-Tue-Mar-21-2017 PM2.5 |   6.05 |   6.05 |   6.62 |   5.63 |I I 
07:36-Tue-Mar-21-2017 PM10  |  10.91 |  14.05 |  13.60 |  10.24 |I I 
07:36-Tue-Mar-21-2017 PM2.5 |   6.12 |   6.05 |   6.62 |   5.63 |I I 
07:37-Tue-Mar-21-2017 PM10  |  12.86 |  13.97 |  13.60 |  10.24 |I I 
07:37-Tue-Mar-21-2017 PM2.5 |   5.88 |   6.04 |   6.62 |   5.63 |I I 
07:42-Tue-Mar-21-2017 PM10  |  12.10 |  13.86 |  13.60 |  10.24 |I I 
07:42-Tue-Mar-21-2017 PM2.5 |   6.14 |   6.05 |   6.62 |   5.63 |I I 
07:43-Tue-Mar-21-2017 PM10  |  15.04 |  13.93 |  13.60 |  10.24 |I I 
07:43-Tue-Mar-21-2017 PM2.5 |   6.67 |   6.08 |   6.62 |   5.63 |I I 
07:47-Tue-Mar-21-2017 PM10  |  13.25 |  13.89 |  13.60 |  10.24 |I I 
07:47-Tue-Mar-21-2017 PM2.5 |   6.20 |   6.09 |   6.62 |   5.63 |I I 
07:48-Tue-Mar-21-2017 PM10  |  13.48 |  13.87 |  13.60 |  10.24 |I I 
07:48-Tue-Mar-21-2017 PM2.5 |   6.27 |   6.10 |   6.62 |   5.63 |I I 
07:52-Tue-Mar-21-2017 PM10  |  17.74 |  14.06 |  13.60 |  10.24 |I I 
07:52-Tue-Mar-21-2017 PM2.5 |   6.79 |   6.13 |   6.62 |   5.63 |I I 
07:53-Tue-Mar-21-2017 PM10  |  17.74 |  14.22 |  13.60 |  10.24 |I I 
07:53-Tue-Mar-21-2017 PM2.5 |   6.79 |   6.16 |   6.62 |   5.63 |I I 
07:54-Tue-Mar-21-2017 PM10  |  12.77 |  14.16 |  13.60 |  10.24 |I I 
07:54-Tue-Mar-21-2017 PM2.5 |   6.25 |   6.16 |   6.62 |   5.63 |I I 
07:58-Tue-Mar-21-2017 PM10  |  10.47 |  14.01 |  13.60 |  10.24 |I I 
07:58-Tue-Mar-21-2017 PM2.5 |   6.27 |   6.17 |   6.62 |   5.63 |I I 
07:59-Tue-Mar-21-2017 PM10  |  13.18 |  13.97 |  13.60 |  10.24 |I I 
07:59-Tue-Mar-21-2017 PM2.5 |   6.39 |   6.18 |   6.62 |   5.63 |I I 
08:03-Tue-Mar-21-2017 PM10  |  12.57 |  13.92 |  13.92 |  10.24 |I I 
08:03-Tue-Mar-21-2017 PM2.5 |   6.36 |   6.18 |   6.62 |   5.63 |I I 
08:04-Tue-Mar-21-2017 PM10  |  11.88 |  11.88 |  13.92 |  10.24 |I I 
08:04-Tue-Mar-21-2017 PM2.5 |   6.16 |   6.16 |   6.62 |   5.63 |I I 
08:08-Tue-Mar-21-2017 PM10  |  11.47 |  11.68 |  13.92 |  10.24 |I I 
08:08-Tue-Mar-21-2017 PM2.5 |   6.01 |   6.08 |   6.62 |   5.63 |I I 
08:09-Tue-Mar-21-2017 PM10  |  12.81 |  12.05 |  13.92 |  10.24 |I I 
08:09-Tue-Mar-21-2017 PM2.5 |   6.47 |   6.21 |   6.62 |   5.63 |I I 
08:13-Tue-Mar-21-2017 PM10  |  10.24 |  11.60 |  13.92 |  10.24 |I I 
08:13-Tue-Mar-21-2017 PM2.5 |   6.25 |   6.22 |   6.62 |   5.63 |I I 
08:14-Tue-Mar-21-2017 PM10  |  12.81 |  11.84 |  13.92 |  10.24 |I I 
08:14-Tue-Mar-21-2017 PM2.5 |   6.42 |   6.26 |   6.62 |   5.63 |I I 
08:18-Tue-Mar-21-2017 PM10  |  12.39 |  11.93 |  13.92 |  10.24 |I I 
08:18-Tue-Mar-21-2017 PM2.5 |   6.41 |   6.29 |   6.62 |   5.63 |I I 
08:19-Tue-Mar-21-2017 PM10  |  12.39 |  12.00 |  13.92 |  10.24 |I I 
08:19-Tue-Mar-21-2017 PM2.5 |   6.41 |   6.30 |   6.62 |   5.63 |I I 
08:20-Tue-Mar-21-2017 PM10  |  16.27 |  12.53 |  13.92 |  10.24 |I I 
08:20-Tue-Mar-21-2017 PM2.5 |   5.79 |   6.24 |   6.62 |   5.63 |I I 
08:24-Tue-Mar-21-2017 PM10  |  16.20 |  12.94 |  13.92 |  10.24 |I I 
08:24-Tue-Mar-21-2017 PM2.5 |   6.06 |   6.22 |   6.62 |   5.63 |I I 
08:25-Tue-Mar-21-2017 PM10  |  11.36 |  12.78 |  13.92 |  10.24 |I I 
08:25-Tue-Mar-21-2017 PM2.5 |   6.17 |   6.21 |   6.62 |   5.63 |I I 
08:29-Tue-Mar-21-2017 PM10  |  12.79 |  12.78 |  13.92 |  10.24 |I I 
08:29-Tue-Mar-21-2017 PM2.5 |   6.36 |   6.23 |   6.62 |   5.63 |I I 
08:30-Tue-Mar-21-2017 PM10  |  13.26 |  12.82 |  13.92 |  10.24 |I I 
08:30-Tue-Mar-21-2017 PM2.5 |   5.92 |   6.20 |   6.62 |   5.63 |I I 
08:34-Tue-Mar-21-2017 PM10  |  12.92 |  12.83 |  13.92 |  10.24 |I I 
08:34-Tue-Mar-21-2017 PM2.5 |   6.32 |   6.21 |   6.62 |   5.63 |I I 
08:35-Tue-Mar-21-2017 PM10  |   9.03 |  12.56 |  13.92 |  10.24 |I I 
08:35-Tue-Mar-21-2017 PM2.5 |   5.74 |   6.18 |   6.62 |   5.63 |I I 
08:39-Tue-Mar-21-2017 PM10  |  11.50 |  12.49 |  13.92 |  10.24 |I I 
08:39-Tue-Mar-21-2017 PM2.5 |   6.14 |   6.18 |   6.62 |   5.63 |I I 
08:40-Tue-Mar-21-2017 PM10  |  10.31 |  12.35 |  13.92 |  10.24 |I I 
08:40-Tue-Mar-21-2017 PM2.5 |   6.24 |   6.18 |   6.62 |   5.63 |I I 
08:44-Tue-Mar-21-2017 PM10  |  11.43 |  12.30 |  13.92 |  10.24 |I I 
08:44-Tue-Mar-21-2017 PM2.5 |   6.46 |   6.20 |   6.62 |   5.63 |I I 
08:45-Tue-Mar-21-2017 PM10  |  11.43 |  12.25 |  13.92 |  10.24 |I I 
08:45-Tue-Mar-21-2017 PM2.5 |   6.46 |   6.21 |   6.62 |   5.63 |I I 
08:46-Tue-Mar-21-2017 PM10  |  11.72 |  12.22 |  13.92 |  10.24 |I I 
08:46-Tue-Mar-21-2017 PM2.5 |   6.16 |   6.21 |   6.62 |   5.63 |I I 
08:50-Tue-Mar-21-2017 PM10  |  11.68 |  12.19 |  13.92 |  10.24 |I I 
08:50-Tue-Mar-21-2017 PM2.5 |   6.20 |   6.21 |   6.62 |   5.63 |I I 
08:51-Tue-Mar-21-2017 PM10  |  11.99 |  12.18 |  13.92 |  10.24 |I I 
08:51-Tue-Mar-21-2017 PM2.5 |   6.49 |   6.22 |   6.62 |   5.63 |I I 
08:55-Tue-Mar-21-2017 PM10  |  10.14 |  12.09 |  13.92 |  10.24 |I I 
08:55-Tue-Mar-21-2017 PM2.5 |   6.47 |   6.23 |   6.62 |   5.63 |I I 
08:56-Tue-Mar-21-2017 PM10  |  14.57 |  12.20 |  13.92 |  10.24 |I I 
08:56-Tue-Mar-21-2017 PM2.5 |   6.98 |   6.26 |   6.62 |   5.63 |I I 
09:00-Tue-Mar-21-2017 PM10  |  11.80 |  12.18 |  13.92 |  10.24 |I I 
09:00-Tue-Mar-21-2017 PM2.5 |   6.87 |   6.29 |   6.62 |   5.63 |I I 
09:01-Tue-Mar-21-2017 PM10  |  14.85 |  14.85 |  13.92 |  10.24 |I I 
09:01-Tue-Mar-21-2017 PM2.5 |   7.35 |   7.35 |   6.62 |   5.63 |I I 
09:05-Tue-Mar-21-2017 PM10  |  12.11 |  13.48 |  13.92 |  10.24 |I I 
09:05-Tue-Mar-21-2017 PM2.5 |   6.56 |   6.96 |   6.62 |   5.63 |I I 
09:06-Tue-Mar-21-2017 PM10  |  13.22 |  13.39 |  13.92 |  10.24 |I I 
09:06-Tue-Mar-21-2017 PM2.5 |   6.45 |   6.79 |   6.62 |   5.63 |I I 
09:10-Tue-Mar-21-2017 PM10  |  10.79 |  12.74 |  13.92 |  10.24 |I I 
09:10-Tue-Mar-21-2017 PM2.5 |   6.23 |   6.65 |   6.62 |   5.63 |I I 
09:11-Tue-Mar-21-2017 PM10  |  10.79 |  12.35 |  13.92 |  10.24 |I I 
09:11-Tue-Mar-21-2017 PM2.5 |   6.23 |   6.57 |   6.62 |   5.63 |I I 
09:12-Tue-Mar-21-2017 PM10  |  11.40 |  12.19 |  13.92 |  10.24 |I I 
09:12-Tue-Mar-21-2017 PM2.5 |   6.43 |   6.54 |   6.62 |   5.63 |I I 
09:16-Tue-Mar-21-2017 PM10  |  12.65 |  12.26 |  13.92 |  10.24 |I I 
09:16-Tue-Mar-21-2017 PM2.5 |   6.96 |   6.60 |   6.62 |   5.63 |I I 
09:17-Tue-Mar-21-2017 PM10  |  14.44 |  12.53 |  13.92 |  10.24 |I I 
09:17-Tue-Mar-21-2017 PM2.5 |   6.63 |   6.61 |   6.62 |   5.63 |I I 
09:21-Tue-Mar-21-2017 PM10  |  12.28 |  12.50 |  13.92 |  10.24 |I I 
09:21-Tue-Mar-21-2017 PM2.5 |   6.71 |   6.62 |   6.62 |   5.63 |I I 
09:22-Tue-Mar-21-2017 PM10  |  11.06 |  12.36 |  13.92 |  10.24 |I I 
09:22-Tue-Mar-21-2017 PM2.5 |   6.10 |   6.57 |   6.62 |   5.63 |I I 
09:26-Tue-Mar-21-2017 PM10  |  11.24 |  12.26 |  13.92 |  10.24 |I I 
09:26-Tue-Mar-21-2017 PM2.5 |   6.75 |   6.58 |   6.62 |   5.63 |I I 
09:27-Tue-Mar-21-2017 PM10  |  11.41 |  12.19 |  13.92 |  10.24 |I I 
09:27-Tue-Mar-21-2017 PM2.5 |   6.35 |   6.56 |   6.62 |   5.63 |I I 
09:31-Tue-Mar-21-2017 PM10  |  12.49 |  12.21 |  13.92 |  10.24 |I I 
09:31-Tue-Mar-21-2017 PM2.5 |   6.29 |   6.54 |   6.62 |   5.63 |I I 
09:32-Tue-Mar-21-2017 PM10  |  11.22 |  12.14 |  13.92 |  10.24 |I I 
09:32-Tue-Mar-21-2017 PM2.5 |   6.89 |   6.57 |   6.62 |   5.63 |I I 
09:36-Tue-Mar-21-2017 PM10  |  12.47 |  12.16 |  13.92 |  10.24 |I I 
09:36-Tue-Mar-21-2017 PM2.5 |   7.00 |   6.60 |   6.62 |   5.63 |I I 
09:37-Tue-Mar-21-2017 PM10  |  12.47 |  12.18 |  13.92 |  10.24 |I I 
09:37-Tue-Mar-21-2017 PM2.5 |   7.00 |   6.62 |   6.62 |   5.63 |I I 
09:38-Tue-Mar-21-2017 PM10  |  14.24 |  12.30 |  13.92 |  10.24 |I I 
09:38-Tue-Mar-21-2017 PM2.5 |   6.99 |   6.64 |   6.62 |   5.63 |I I 
09:42-Tue-Mar-21-2017 PM10  |  11.94 |  12.28 |  13.92 |  10.24 |I I 
09:42-Tue-Mar-21-2017 PM2.5 |   6.63 |   6.64 |   6.62 |   5.63 |I I 
09:43-Tue-Mar-21-2017 PM10  |  11.01 |  12.21 |  13.92 |  10.24 |I I 
09:43-Tue-Mar-21-2017 PM2.5 |   6.63 |   6.64 |   6.62 |   5.63 |I I 
09:47-Tue-Mar-21-2017 PM10  |  12.79 |  12.24 |  13.92 |  10.24 |I I 
09:47-Tue-Mar-21-2017 PM2.5 |   7.30 |   6.68 |   6.62 |   5.63 |I I 
09:48-Tue-Mar-21-2017 PM10  |  11.85 |  12.22 |  13.92 |  10.24 |I I 
09:48-Tue-Mar-21-2017 PM2.5 |   6.83 |   6.68 |   6.62 |   5.63 |I I 
09:52-Tue-Mar-21-2017 PM10  |  12.05 |  12.22 |  13.92 |  10.24 |I I 
09:52-Tue-Mar-21-2017 PM2.5 |   6.86 |   6.69 |   6.62 |   5.63 |I I 
09:53-Tue-Mar-21-2017 PM10  |  11.65 |  12.19 |  13.92 |  10.24 |I I 
09:53-Tue-Mar-21-2017 PM2.5 |   6.54 |   6.68 |   6.62 |   5.63 |I I 
09:57-Tue-Mar-21-2017 PM10  |  11.36 |  12.16 |  13.92 |  10.24 |I I 
09:57-Tue-Mar-21-2017 PM2.5 |   6.38 |   6.67 |   6.62 |   5.63 |I I 
09:58-Tue-Mar-21-2017 PM10  |  12.72 |  12.18 |  13.92 |  10.24 |I I 
09:58-Tue-Mar-21-2017 PM2.5 |   6.70 |   6.67 |   6.62 |   5.63 |I I 
10:02-Tue-Mar-21-2017 PM10  |  15.21 |  12.30 |  13.92 |  10.24 |I I 
10:02-Tue-Mar-21-2017 PM2.5 |   7.06 |   6.69 |   6.69 |   5.63 |I I 
10:03-Tue-Mar-21-2017 PM10  |  15.21 |  15.21 |  13.92 |  10.24 |I I 
10:03-Tue-Mar-21-2017 PM2.5 |   7.06 |   7.06 |   6.69 |   5.63 |I I 
10:04-Tue-Mar-21-2017 PM10  |  13.58 |  14.40 |  13.92 |  10.24 |I I 
10:04-Tue-Mar-21-2017 PM2.5 |   7.48 |   7.27 |   6.69 |   5.63 |I I 
10:08-Tue-Mar-21-2017 PM10  |  12.93 |  13.91 |  13.92 |  10.24 |I I 
10:08-Tue-Mar-21-2017 PM2.5 |   7.82 |   7.45 |   6.69 |   5.63 |I I 
10:09-Tue-Mar-21-2017 PM10  |  14.37 |  14.02 |  13.92 |  10.24 |I I 
10:09-Tue-Mar-21-2017 PM2.5 |   7.11 |   7.37 |   6.69 |   5.63 |I I 
10:13-Tue-Mar-21-2017 PM10  |  12.20 |  13.66 |  13.92 |  10.24 |I I 
10:13-Tue-Mar-21-2017 PM2.5 |   6.72 |   7.24 |   6.69 |   5.63 |I I 
10:14-Tue-Mar-21-2017 PM10  |  12.38 |  13.45 |  13.92 |  10.24 |I I 
10:14-Tue-Mar-21-2017 PM2.5 |   6.78 |   7.16 |   6.69 |   5.63 |I I 
10:18-Tue-Mar-21-2017 PM10  |  13.67 |  13.48 |  13.92 |  10.24 |I I 
10:18-Tue-Mar-21-2017 PM2.5 |   6.59 |   7.08 |   6.69 |   5.63 |I I 
10:19-Tue-Mar-21-2017 PM10  |  12.43 |  13.35 |  13.92 |  10.24 |I I 
10:19-Tue-Mar-21-2017 PM2.5 |   6.26 |   6.98 |   6.69 |   5.63 |I I 
10:23-Tue-Mar-21-2017 PM10  |  10.64 |  13.05 |  13.92 |  10.24 |I I 
10:23-Tue-Mar-21-2017 PM2.5 |   6.48 |   6.92 |   6.69 |   5.63 |I I 
10:24-Tue-Mar-21-2017 PM10  |  12.63 |  13.00 |  13.92 |  10.24 |I I 
10:24-Tue-Mar-21-2017 PM2.5 |   6.88 |   6.92 |   6.69 |   5.63 |I I 
10:28-Tue-Mar-21-2017 PM10  |  14.18 |  13.11 |  13.92 |  10.24 |I I 
10:28-Tue-Mar-21-2017 PM2.5 |   7.34 |   6.96 |   6.69 |   5.63 |I I 
10:29-Tue-Mar-21-2017 PM10  |  14.18 |  13.20 |  13.92 |  10.24 |I I 
10:29-Tue-Mar-21-2017 PM2.5 |   7.34 |   6.99 |   6.69 |   5.63 |I I 
10:30-Tue-Mar-21-2017 PM10  |  14.89 |  13.33 |  13.92 |  10.24 |I I 
10:30-Tue-Mar-21-2017 PM2.5 |   6.74 |   6.97 |   6.69 |   5.63 |I I 
10:34-Tue-Mar-21-2017 PM10  |  12.03 |  13.24 |  13.92 |  10.24 |I I 
10:34-Tue-Mar-21-2017 PM2.5 |   6.30 |   6.92 |   6.69 |   5.63 |I I 
10:35-Tue-Mar-21-2017 PM10  |  12.83 |  13.21 |  13.92 |  10.24 |I I 
10:35-Tue-Mar-21-2017 PM2.5 |   6.48 |   6.89 |   6.69 |   5.63 |I I 
10:39-Tue-Mar-21-2017 PM10  |  10.39 |  13.03 |  13.92 |  10.24 |I I 
10:39-Tue-Mar-21-2017 PM2.5 |   6.45 |   6.86 |   6.69 |   5.63 |I I 
10:40-Tue-Mar-21-2017 PM10  |  13.32 |  13.05 |  13.92 |  10.24 |I I 
10:40-Tue-Mar-21-2017 PM2.5 |   6.89 |   6.87 |   6.69 |   5.63 |I I 
10:44-Tue-Mar-21-2017 PM10  |  12.62 |  13.03 |  13.92 |  10.24 |I I 
10:44-Tue-Mar-21-2017 PM2.5 |   6.93 |   6.87 |   6.69 |   5.63 |I I 
10:45-Tue-Mar-21-2017 PM10  |   9.78 |  12.86 |  13.92 |  10.24 |I I 
10:45-Tue-Mar-21-2017 PM2.5 |   6.07 |   6.83 |   6.69 |   5.63 |I I 
10:49-Tue-Mar-21-2017 PM10  |  10.28 |  12.73 |  13.92 |  10.24 |I I 
10:49-Tue-Mar-21-2017 PM2.5 |   6.44 |   6.81 |   6.69 |   5.63 |I I 
10:50-Tue-Mar-21-2017 PM10  |  11.89 |  12.69 |  13.92 |  10.24 |I I 
10:50-Tue-Mar-21-2017 PM2.5 |   6.41 |   6.79 |   6.69 |   5.63 |I I 
10:54-Tue-Mar-21-2017 PM10  |  11.95 |  12.65 |  13.92 |  10.24 |I I 
10:54-Tue-Mar-21-2017 PM2.5 |   6.70 |   6.78 |   6.69 |   5.63 |I I 
10:55-Tue-Mar-21-2017 PM10  |  11.95 |  12.62 |  13.92 |  10.24 |I I 
10:55-Tue-Mar-21-2017 PM2.5 |   6.70 |   6.78 |   6.69 |   5.63 |I I 
10:57-Tue-Mar-21-2017 PM10  |  14.36 |  12.70 |  13.92 |  10.24 |I I 
10:57-Tue-Mar-21-2017 PM2.5 |   7.63 |   6.82 |   6.69 |   5.63 |I I 
11:01-Tue-Mar-21-2017 PM10  |  15.62 |  12.81 |  13.92 |  10.24 |I I 
11:01-Tue-Mar-21-2017 PM2.5 |   8.32 |   6.88 |   6.88 |   5.63 |I I 
11:02-Tue-Mar-21-2017 PM10  |  10.67 |  10.67 |  13.92 |  10.24 |I I 
11:02-Tue-Mar-21-2017 PM2.5 |   7.09 |   7.09 |   6.88 |   5.63 |I I 
11:06-Tue-Mar-21-2017 PM10  |  13.79 |  12.23 |  13.92 |  10.24 |I I 
11:06-Tue-Mar-21-2017 PM2.5 |   7.32 |   7.21 |   6.88 |   5.63 |I I 
11:07-Tue-Mar-21-2017 PM10  |  11.70 |  12.06 |  13.92 |  10.24 |I I 
11:07-Tue-Mar-21-2017 PM2.5 |   6.50 |   6.97 |   6.88 |   5.63 |I I 
11:11-Tue-Mar-21-2017 PM10  |  10.99 |  11.79 |  13.92 |  10.24 |I I 
11:11-Tue-Mar-21-2017 PM2.5 |   6.37 |   6.82 |   6.88 |   5.63 |I I 
11:12-Tue-Mar-21-2017 PM10  |  11.99 |  11.83 |  13.92 |  10.24 |I I 
11:12-Tue-Mar-21-2017 PM2.5 |   6.39 |   6.73 |   6.88 |   5.63 |I I 
11:16-Tue-Mar-21-2017 PM10  |  11.09 |  11.71 |  13.92 |  10.24 |I I 
11:16-Tue-Mar-21-2017 PM2.5 |   6.71 |   6.73 |   6.88 |   5.63 |I I 
11:17-Tue-Mar-21-2017 PM10  |  12.33 |  11.80 |  13.92 |  10.24 |I I 
11:17-Tue-Mar-21-2017 PM2.5 |   6.64 |   6.72 |   6.88 |   5.63 |I I 
11:21-Tue-Mar-21-2017 PM10  |  12.85 |  11.93 |  13.92 |  10.24 |I I 
11:21-Tue-Mar-21-2017 PM2.5 |   7.07 |   6.76 |   6.88 |   5.63 |I I 
11:22-Tue-Mar-21-2017 PM10  |  12.85 |  12.03 |  13.92 |  10.24 |I I 
11:22-Tue-Mar-21-2017 PM2.5 |   7.07 |   6.79 |   6.88 |   5.63 |I I 
11:23-Tue-Mar-21-2017 PM10  |  12.60 |  12.09 |  13.92 |  10.24 |I I 
11:23-Tue-Mar-21-2017 PM2.5 |   6.98 |   6.81 |   6.88 |   5.63 |I I 
11:27-Tue-Mar-21-2017 PM10  |  12.83 |  12.16 |  13.92 |  10.24 |I I 
11:27-Tue-Mar-21-2017 PM2.5 |   7.06 |   6.84 |   6.88 |   5.63 |I I 
11:28-Tue-Mar-21-2017 PM10  |  12.05 |  12.15 |  13.92 |  10.24 |I I 
11:28-Tue-Mar-21-2017 PM2.5 |   6.60 |   6.82 |   6.88 |   5.63 |I I 
11:32-Tue-Mar-21-2017 PM10  |  12.28 |  12.16 |  13.92 |  10.24 |I I 
11:32-Tue-Mar-21-2017 PM2.5 |   6.95 |   6.83 |   6.88 |   5.63 |I I 
11:33-Tue-Mar-21-2017 PM10  |  12.94 |  12.21 |  13.92 |  10.24 |I I 
11:33-Tue-Mar-21-2017 PM2.5 |   6.18 |   6.78 |   6.88 |   5.63 |I I 
11:37-Tue-Mar-21-2017 PM10  |  12.26 |  12.22 |  13.92 |  10.24 |I I 
11:37-Tue-Mar-21-2017 PM2.5 |   6.88 |   6.79 |   6.88 |   5.63 |I I 
11:38-Tue-Mar-21-2017 PM10  |  15.65 |  12.43 |  13.92 |  10.24 |I I 
11:38-Tue-Mar-21-2017 PM2.5 |   7.48 |   6.83 |   6.88 |   5.63 |I I 
11:42-Tue-Mar-21-2017 PM10  |  13.22 |  12.48 |  13.92 |  10.24 |I I 
11:42-Tue-Mar-21-2017 PM2.5 |   7.16 |   6.85 |   6.88 |   5.63 |I I 
11:43-Tue-Mar-21-2017 PM10  |  13.46 |  12.53 |  13.92 |  10.24 |I I 
11:43-Tue-Mar-21-2017 PM2.5 |   6.78 |   6.85 |   6.88 |   5.63 |I I 
11:47-Tue-Mar-21-2017 PM10  |  12.90 |  12.55 |  13.92 |  10.24 |I I 
11:47-Tue-Mar-21-2017 PM2.5 |   6.60 |   6.83 |   6.88 |   5.63 |I I 
11:48-Tue-Mar-21-2017 PM10  |  12.90 |  12.57 |  13.92 |  10.24 |I I 
11:48-Tue-Mar-21-2017 PM2.5 |   6.60 |   6.82 |   6.88 |   5.63 |I I 
11:49-Tue-Mar-21-2017 PM10  |  12.55 |  12.57 |  13.92 |  10.24 |I I 
11:49-Tue-Mar-21-2017 PM2.5 |   7.09 |   6.83 |   6.88 |   5.63 |I I 
11:53-Tue-Mar-21-2017 PM10  |  15.25 |  12.69 |  13.92 |  10.24 |I I 
11:53-Tue-Mar-21-2017 PM2.5 |   7.38 |   6.86 |   6.88 |   5.63 |I I 
11:54-Tue-Mar-21-2017 PM10  |  10.46 |  12.59 |  13.92 |  10.24 |I I 
11:54-Tue-Mar-21-2017 PM2.5 |   6.58 |   6.85 |   6.88 |   5.63 |I I 
11:58-Tue-Mar-21-2017 PM10  |  11.55 |  12.55 |  13.92 |  10.24 |I I 
11:58-Tue-Mar-21-2017 PM2.5 |   6.89 |   6.85 |   6.88 |   5.63 |I I 
11:59-Tue-Mar-21-2017 PM10  |  15.25 |  12.66 |  13.92 |  10.24 |I I 
11:59-Tue-Mar-21-2017 PM2.5 |   7.12 |   6.86 |   6.88 |   5.63 |I I 
12:03-Tue-Mar-21-2017 PM10  |  14.52 |  12.73 |  13.92 |  10.24 |I I 
12:03-Tue-Mar-21-2017 PM2.5 |   7.43 |   6.88 |   6.88 |   5.63 |I I 
12:04-Tue-Mar-21-2017 PM10  |  13.93 |  13.93 |  13.92 |  10.24 |I I 
12:04-Tue-Mar-21-2017 PM2.5 |   6.96 |   6.96 |   6.88 |   5.63 |I I 
12:08-Tue-Mar-21-2017 PM10  |  13.07 |  13.50 |  13.92 |  10.24 |I I 
12:08-Tue-Mar-21-2017 PM2.5 |   6.74 |   6.85 |   6.88 |   5.63 |I I 
12:09-Tue-Mar-21-2017 PM10  |  12.71 |  13.23 |  13.92 |  10.24 |I I 
12:09-Tue-Mar-21-2017 PM2.5 |   6.57 |   6.76 |   6.88 |   5.63 |I I 
12:13-Tue-Mar-21-2017 PM10  |  14.62 |  13.58 |  13.92 |  10.24 |I I 
12:13-Tue-Mar-21-2017 PM2.5 |   6.54 |   6.70 |   6.88 |   5.63 |I I 
12:14-Tue-Mar-21-2017 PM10  |  14.62 |  13.79 |  13.92 |  10.24 |I I 
12:14-Tue-Mar-21-2017 PM2.5 |   6.54 |   6.67 |   6.88 |   5.63 |I I 
12:15-Tue-Mar-21-2017 PM10  |  15.04 |  14.00 |  13.92 |  10.24 |I I 
12:15-Tue-Mar-21-2017 PM2.5 |   7.09 |   6.74 |   6.88 |   5.63 |I I 
12:19-Tue-Mar-21-2017 PM10  |  11.66 |  13.66 |  13.92 |  10.24 |I I 
12:19-Tue-Mar-21-2017 PM2.5 |   6.65 |   6.73 |   6.88 |   5.63 |I I 
12:20-Tue-Mar-21-2017 PM10  |  11.95 |  13.45 |  13.92 |  10.24 |I I 
12:20-Tue-Mar-21-2017 PM2.5 |   6.52 |   6.70 |   6.88 |   5.63 |I I 
12:24-Tue-Mar-21-2017 PM10  |  12.42 |  13.34 |  13.92 |  10.24 |I I 
12:24-Tue-Mar-21-2017 PM2.5 |   6.75 |   6.71 |   6.88 |   5.63 |I I 
12:25-Tue-Mar-21-2017 PM10  |  12.96 |  13.30 |  13.92 |  10.24 |I I 
12:25-Tue-Mar-21-2017 PM2.5 |   6.52 |   6.69 |   6.88 |   5.63 |I I 
12:29-Tue-Mar-21-2017 PM10  |  12.53 |  13.23 |  13.92 |  10.24 |I I 
12:29-Tue-Mar-21-2017 PM2.5 |   6.52 |   6.67 |   6.88 |   5.63 |I I 
12:30-Tue-Mar-21-2017 PM10  |  11.33 |  13.07 |  13.92 |  10.24 |I I 
12:30-Tue-Mar-21-2017 PM2.5 |   6.66 |   6.67 |   6.88 |   5.63 |I I 
12:34-Tue-Mar-21-2017 PM10  |  11.67 |  12.96 |  13.92 |  10.24 |I I 
12:34-Tue-Mar-21-2017 PM2.5 |   6.80 |   6.68 |   6.88 |   5.63 |I I 
12:35-Tue-Mar-21-2017 PM10  |  11.78 |  12.88 |  13.92 |  10.24 |I I 
12:35-Tue-Mar-21-2017 PM2.5 |   6.52 |   6.67 |   6.88 |   5.63 |I I 
12:39-Tue-Mar-21-2017 PM10  |  12.49 |  12.85 |  13.92 |  10.24 |I I 
12:39-Tue-Mar-21-2017 PM2.5 |   7.30 |   6.71 |   6.88 |   5.63 |I I 
12:40-Tue-Mar-21-2017 PM10  |  12.53 |  12.83 |  13.92 |  10.24 |I I 
12:40-Tue-Mar-21-2017 PM2.5 |   6.50 |   6.70 |   6.88 |   5.63 |I I 
12:41-Tue-Mar-21-2017 PM10  |  12.53 |  12.81 |  13.92 |  10.24 |I I 
12:41-Tue-Mar-21-2017 PM2.5 |   6.50 |   6.69 |   6.88 |   5.63 |I I 
12:45-Tue-Mar-21-2017 PM10  |  12.73 |  12.81 |  13.92 |  10.24 |I I 
12:45-Tue-Mar-21-2017 PM2.5 |   6.71 |   6.69 |   6.88 |   5.63 |I I 
12:46-Tue-Mar-21-2017 PM10  |  11.89 |  12.76 |  13.92 |  10.24 |I I 
12:46-Tue-Mar-21-2017 PM2.5 |   6.22 |   6.66 |   6.88 |   5.63 |I I 
12:50-Tue-Mar-21-2017 PM10  |  11.38 |  12.69 |  13.92 |  10.24 |I I 
12:50-Tue-Mar-21-2017 PM2.5 |   6.79 |   6.67 |   6.88 |   5.63 |I I 
12:51-Tue-Mar-21-2017 PM10  |  11.63 |  12.64 |  13.92 |  10.24 |I I 
12:51-Tue-Mar-21-2017 PM2.5 |   6.48 |   6.66 |   6.88 |   5.63 |I I 
12:55-Tue-Mar-21-2017 PM10  |  10.79 |  12.56 |  13.92 |  10.24 |I I 
12:55-Tue-Mar-21-2017 PM2.5 |   6.80 |   6.67 |   6.88 |   5.63 |I I 
12:56-Tue-Mar-21-2017 PM10  |  12.49 |  12.55 |  13.92 |  10.24 |I I 
12:56-Tue-Mar-21-2017 PM2.5 |   6.58 |   6.66 |   6.88 |   5.63 |I I 
13:00-Tue-Mar-21-2017 PM10  |  10.89 |  12.49 |  13.92 |  10.24 |I I 
13:00-Tue-Mar-21-2017 PM2.5 |   6.73 |   6.67 |   6.88 |   5.63 |I I 
13:01-Tue-Mar-21-2017 PM10  |  11.24 |  11.24 |  13.92 |  10.24 |I I 
13:01-Tue-Mar-21-2017 PM2.5 |   6.34 |   6.34 |   6.88 |   5.63 |I I 
13:05-Tue-Mar-21-2017 PM10  |  10.78 |  11.01 |  13.92 |  10.24 |I I 
13:05-Tue-Mar-21-2017 PM2.5 |   6.38 |   6.36 |   6.88 |   5.63 |I I 
13:06-Tue-Mar-21-2017 PM10  |  10.83 |  10.95 |  13.92 |  10.24 |I I 
13:06-Tue-Mar-21-2017 PM2.5 |   6.42 |   6.38 |   6.88 |   5.63 |I I 
13:10-Tue-Mar-21-2017 PM10  |  10.43 |  10.82 |  13.92 |  10.24 |I I 
13:10-Tue-Mar-21-2017 PM2.5 |   6.44 |   6.39 |   6.88 |   5.63 |I I 
13:11-Tue-Mar-21-2017 PM10  |  10.43 |  10.74 |  13.92 |  10.24 |I I 
13:11-Tue-Mar-21-2017 PM2.5 |   6.44 |   6.40 |   6.88 |   5.63 |I I 
13:12-Tue-Mar-21-2017 PM10  |  10.39 |  10.68 |  13.92 |  10.24 |I I 
13:12-Tue-Mar-21-2017 PM2.5 |   6.24 |   6.38 |   6.88 |   5.63 |I I 
13:16-Tue-Mar-21-2017 PM10  |  10.90 |  10.71 |  13.92 |  10.24 |I I 
13:16-Tue-Mar-21-2017 PM2.5 |   6.38 |   6.38 |   6.88 |   5.63 |I I 
13:17-Tue-Mar-21-2017 PM10  |  10.51 |  10.69 |  13.92 |  10.24 |I I 
13:17-Tue-Mar-21-2017 PM2.5 |   6.20 |   6.35 |   6.88 |   5.63 |I I 
13:21-Tue-Mar-21-2017 PM10  |   9.79 |  10.59 |  13.92 |  10.24 |I I 
13:21-Tue-Mar-21-2017 PM2.5 |   6.35 |   6.35 |   6.88 |   5.63 |I I 
13:22-Tue-Mar-21-2017 PM10  |  12.28 |  10.76 |  13.92 |  10.24 |I I 
13:22-Tue-Mar-21-2017 PM2.5 |   6.18 |   6.34 |   6.88 |   5.63 |I I 
13:26-Tue-Mar-21-2017 PM10  |  10.56 |  10.74 |  13.92 |  10.24 |I I 
13:26-Tue-Mar-21-2017 PM2.5 |   6.24 |   6.33 |   6.88 |   5.63 |I I 
13:27-Tue-Mar-21-2017 PM10  |  10.69 |  10.73 |  13.92 |  10.24 |I I 
13:27-Tue-Mar-21-2017 PM2.5 |   6.18 |   6.31 |   6.88 |   5.63 |I I 
13:31-Tue-Mar-21-2017 PM10  |   9.52 |  10.64 |  13.92 |  10.24 |I I 
13:31-Tue-Mar-21-2017 PM2.5 |   6.53 |   6.33 |   6.88 |   5.63 |I I 
13:32-Tue-Mar-21-2017 PM10  |  10.09 |  10.60 |  13.92 |  10.24 |I I 
13:32-Tue-Mar-21-2017 PM2.5 |   6.02 |   6.31 |   6.88 |   5.63 |I I 
13:36-Tue-Mar-21-2017 PM10  |  10.04 |  10.56 |  13.92 |  10.24 |I I 
13:36-Tue-Mar-21-2017 PM2.5 |   6.14 |   6.30 |   6.88 |   5.63 |I I 
13:37-Tue-Mar-21-2017 PM10  |  10.04 |  10.53 |  13.92 |  10.24 |I I 
13:37-Tue-Mar-21-2017 PM2.5 |   6.14 |   6.29 |   6.88 |   5.63 |I I 
13:38-Tue-Mar-21-2017 PM10  |  11.38 |  10.58 |  13.92 |  10.24 |I I 
13:38-Tue-Mar-21-2017 PM2.5 |   6.31 |   6.29 |   6.88 |   5.63 |I I 
13:43-Tue-Mar-21-2017 PM10  |   8.99 |  10.49 |  13.92 |  10.24 |I I 
13:43-Tue-Mar-21-2017 PM2.5 |   6.00 |   6.27 |   6.88 |   5.63 |I I 
13:44-Tue-Mar-21-2017 PM10  |  10.15 |  10.48 |  13.92 |  10.24 |I I 
13:44-Tue-Mar-21-2017 PM2.5 |   5.80 |   6.25 |   6.88 |   5.63 |I I 
13:48-Tue-Mar-21-2017 PM10  |   9.12 |  10.41 |  13.92 |  10.24 |I I 
13:48-Tue-Mar-21-2017 PM2.5 |   5.86 |   6.23 |   6.88 |   5.63 |I I 
13:49-Tue-Mar-21-2017 PM10  |   9.77 |  10.38 |  13.92 |  10.24 |I I 
13:49-Tue-Mar-21-2017 PM2.5 |   5.76 |   6.21 |   6.88 |   5.63 |I I 
13:53-Tue-Mar-21-2017 PM10  |  10.16 |  10.37 |  13.92 |  10.24 |I I 
13:53-Tue-Mar-21-2017 PM2.5 |   5.91 |   6.19 |   6.88 |   5.63 |I I 
13:54-Tue-Mar-21-2017 PM10  |  11.67 |  10.42 |  13.92 |  10.24 |I I 
13:54-Tue-Mar-21-2017 PM2.5 |   6.62 |   6.21 |   6.88 |   5.63 |I I 
13:58-Tue-Mar-21-2017 PM10  |  12.07 |  10.49 |  13.92 |  10.24 |I I 
13:58-Tue-Mar-21-2017 PM2.5 |   6.38 |   6.22 |   6.88 |   5.63 |I I 
13:59-Tue-Mar-21-2017 PM10  |   9.18 |  10.44 |  13.92 |  10.24 |I I 
13:59-Tue-Mar-21-2017 PM2.5 |   5.71 |   6.20 |   6.88 |   5.63 |I I 
14:03-Tue-Mar-21-2017 PM10  |   9.58 |  10.41 |  13.92 |  10.24 |I I 
14:03-Tue-Mar-21-2017 PM2.5 |   5.78 |   6.18 |   6.88 |   5.63 |I I 
14:04-Tue-Mar-21-2017 PM10  |   9.58 |   9.58 |  13.92 |  10.24 |I I 
14:04-Tue-Mar-21-2017 PM2.5 |   5.78 |   5.78 |   6.88 |   5.63 |I I 
14:05-Tue-Mar-21-2017 PM10  |   9.99 |   9.78 |  13.92 |  10.24 |I I 
14:05-Tue-Mar-21-2017 PM2.5 |   5.94 |   5.86 |   6.88 |   5.63 |I I 
14:09-Tue-Mar-21-2017 PM10  |  10.06 |   9.88 |  13.92 |  10.24 |I I 
14:09-Tue-Mar-21-2017 PM2.5 |   6.04 |   5.92 |   6.88 |   5.63 |I I 
14:10-Tue-Mar-21-2017 PM10  |  10.08 |   9.93 |  13.92 |  10.24 |I I 
14:10-Tue-Mar-21-2017 PM2.5 |   6.00 |   5.94 |   6.88 |   5.63 |I I 
14:14-Tue-Mar-21-2017 PM10  |  11.86 |  10.31 |  13.92 |  10.24 |I I 
14:14-Tue-Mar-21-2017 PM2.5 |   6.38 |   6.03 |   6.88 |   5.63 |I I 
14:15-Tue-Mar-21-2017 PM10  |  11.48 |  10.51 |  13.92 |  10.24 |I I 
14:15-Tue-Mar-21-2017 PM2.5 |   6.14 |   6.05 |   6.88 |   5.63 |I I 
14:19-Tue-Mar-21-2017 PM10  |  11.34 |  10.63 |  13.92 |  10.24 |I I 
14:19-Tue-Mar-21-2017 PM2.5 |   6.14 |   6.06 |   6.88 |   5.63 |I I 
14:20-Tue-Mar-21-2017 PM10  |  11.19 |  10.70 |  13.92 |  10.24 |I I 
14:20-Tue-Mar-21-2017 PM2.5 |   5.69 |   6.01 |   6.88 |   5.63 |I I 
14:24-Tue-Mar-21-2017 PM10  |   9.62 |  10.58 |  13.92 |  10.24 |I I 
14:24-Tue-Mar-21-2017 PM2.5 |   5.95 |   6.01 |   6.88 |   5.63 |I I 
14:25-Tue-Mar-21-2017 PM10  |   8.83 |  10.40 |  13.92 |  10.24 |I I 
14:25-Tue-Mar-21-2017 PM2.5 |   5.76 |   5.98 |   6.88 |   5.63 |I I 
14:29-Tue-Mar-21-2017 PM10  |   9.97 |  10.36 |  13.92 |  10.24 |I I 
14:29-Tue-Mar-21-2017 PM2.5 |   6.03 |   5.99 |   6.88 |   5.63 |I I 
14:30-Tue-Mar-21-2017 PM10  |   9.97 |  10.33 |  13.92 |  10.24 |I I 
14:30-Tue-Mar-21-2017 PM2.5 |   6.03 |   5.99 |   6.88 |   5.63 |I I 
14:31-Tue-Mar-21-2017 PM10  |  10.13 |  10.31 |  13.92 |  10.24 |I I 
14:31-Tue-Mar-21-2017 PM2.5 |   6.02 |   5.99 |   6.88 |   5.63 |I I 
14:35-Tue-Mar-21-2017 PM10  |  11.32 |  10.39 |  13.92 |  10.24 |I I 
14:35-Tue-Mar-21-2017 PM2.5 |   6.21 |   6.01 |   6.88 |   5.63 |I I 
14:36-Tue-Mar-21-2017 PM10  |   8.94 |  10.29 |  13.92 |  10.24 |I I 
14:36-Tue-Mar-21-2017 PM2.5 |   5.94 |   6.00 |   6.88 |   5.63 |I I 
14:40-Tue-Mar-21-2017 PM10  |  11.06 |  10.34 |  13.92 |  10.24 |I I 
14:40-Tue-Mar-21-2017 PM2.5 |   6.34 |   6.03 |   6.88 |   5.63 |I I 
14:41-Tue-Mar-21-2017 PM10  |  11.05 |  10.38 |  13.92 |  10.24 |I I 
14:41-Tue-Mar-21-2017 PM2.5 |   5.90 |   6.02 |   6.88 |   5.63 |I I 
14:45-Tue-Mar-21-2017 PM10  |   8.70 |  10.29 |  13.92 |  10.24 |I I 
14:45-Tue-Mar-21-2017 PM2.5 |   5.84 |   6.01 |   6.88 |   5.63 |I I 
14:46-Tue-Mar-21-2017 PM10  |  10.39 |  10.29 |  13.92 |  10.24 |I I 
14:46-Tue-Mar-21-2017 PM2.5 |   5.87 |   6.00 |   6.88 |   5.63 |I I 
14:50-Tue-Mar-21-2017 PM10  |  10.65 |  10.31 |  13.92 |  10.24 |I I 
14:50-Tue-Mar-21-2017 PM2.5 |   6.33 |   6.02 |   6.88 |   5.63 |I I 
14:51-Tue-Mar-21-2017 PM10  |   9.38 |  10.27 |  13.92 |  10.24 |I I 
14:51-Tue-Mar-21-2017 PM2.5 |   5.63 |   6.00 |   6.88 |   5.63 |I I 
14:55-Tue-Mar-21-2017 PM10  |   9.79 |  10.24 |  13.92 |  10.24 |I I 
14:55-Tue-Mar-21-2017 PM2.5 |   6.16 |   6.01 |   6.88 |   5.63 |I I 
14:56-Tue-Mar-21-2017 PM10  |   9.79 |  10.22 |  13.92 |  10.24 |I I 
14:56-Tue-Mar-21-2017 PM2.5 |   6.16 |   6.01 |   6.88 |   5.63 |I I 
14:57-Tue-Mar-21-2017 PM10  |   8.86 |  10.17 |  13.92 |  10.24 |I I 
14:57-Tue-Mar-21-2017 PM2.5 |   5.50 |   5.99 |   6.88 |   5.63 |I I 
15:01-Tue-Mar-21-2017 PM10  |   9.53 |  10.14 |  13.92 |  10.14 |I I 
15:01-Tue-Mar-21-2017 PM2.5 |   5.69 |   5.98 |   6.88 |   5.63 |I I 
15:02-Tue-Mar-21-2017 PM10  |   9.12 |   9.12 |  13.92 |  10.14 |I I 
15:02-Tue-Mar-21-2017 PM2.5 |   5.95 |   5.95 |   6.88 |   5.63 |I I 
15:06-Tue-Mar-21-2017 PM10  |   8.73 |   8.92 |  13.92 |  10.14 |I I 
15:06-Tue-Mar-21-2017 PM2.5 |   5.78 |   5.86 |   6.88 |   5.63 |I I 
15:07-Tue-Mar-21-2017 PM10  |   9.08 |   8.98 |  13.92 |  10.14 |I I 
15:07-Tue-Mar-21-2017 PM2.5 |   5.72 |   5.82 |   6.88 |   5.63 |I I 
15:11-Tue-Mar-21-2017 PM10  |   8.81 |   8.93 |  13.92 |  10.14 |I I 
15:11-Tue-Mar-21-2017 PM2.5 |   5.70 |   5.79 |   6.88 |   5.63 |I I 
15:12-Tue-Mar-21-2017 PM10  |  10.62 |   9.27 |  13.92 |  10.14 |I I 
15:12-Tue-Mar-21-2017 PM2.5 |   5.59 |   5.75 |   6.88 |   5.63 |I I 
15:16-Tue-Mar-21-2017 PM10  |   9.83 |   9.36 |  13.92 |  10.14 |I I 
15:16-Tue-Mar-21-2017 PM2.5 |   5.81 |   5.76 |   6.88 |   5.63 |I I 
15:17-Tue-Mar-21-2017 PM10  |   9.49 |   9.38 |  13.92 |  10.14 |I I 
15:17-Tue-Mar-21-2017 PM2.5 |   5.75 |   5.76 |   6.88 |   5.63 |I I 
15:21-Tue-Mar-21-2017 PM10  |  10.22 |   9.49 |  13.92 |  10.14 |I I 
15:21-Tue-Mar-21-2017 PM2.5 |   5.68 |   5.75 |   6.88 |   5.63 |I I 
15:22-Tue-Mar-21-2017 PM10  |  10.22 |   9.57 |  13.92 |  10.14 |I I 
15:22-Tue-Mar-21-2017 PM2.5 |   5.68 |   5.74 |   6.88 |   5.63 |I I 
15:23-Tue-Mar-21-2017 PM10  |   9.57 |   9.57 |  13.92 |  10.14 |I I 
15:23-Tue-Mar-21-2017 PM2.5 |   5.86 |   5.75 |   6.88 |   5.63 |I I 
15:27-Tue-Mar-21-2017 PM10  |   8.90 |   9.51 |  13.92 |  10.14 |I I 
15:27-Tue-Mar-21-2017 PM2.5 |   5.91 |   5.77 |   6.88 |   5.63 |I I 
15:28-Tue-Mar-21-2017 PM10  |   8.75 |   9.44 |  13.92 |  10.14 |I I 
15:28-Tue-Mar-21-2017 PM2.5 |   5.42 |   5.74 |   6.88 |   5.63 |I I 
15:32-Tue-Mar-21-2017 PM10  |   9.47 |   9.45 |  13.92 |  10.14 |I I 
15:32-Tue-Mar-21-2017 PM2.5 |   5.79 |   5.74 |   6.88 |   5.63 |I I 
15:33-Tue-Mar-21-2017 PM10  |   9.05 |   9.42 |  13.92 |  10.14 |I I 
15:33-Tue-Mar-21-2017 PM2.5 |   5.27 |   5.71 |   6.88 |   5.63 |I I 
15:37-Tue-Mar-21-2017 PM10  |   9.63 |   9.43 |  13.92 |  10.14 |I I 
15:37-Tue-Mar-21-2017 PM2.5 |   5.48 |   5.69 |   6.88 |   5.63 |I I 
15:38-Tue-Mar-21-2017 PM10  |   9.20 |   9.42 |  13.92 |  10.14 |I I 
15:38-Tue-Mar-21-2017 PM2.5 |   5.38 |   5.67 |   6.88 |   5.63 |I I 
15:42-Tue-Mar-21-2017 PM10  |  10.03 |   9.45 |  13.92 |  10.14 |I I 
15:42-Tue-Mar-21-2017 PM2.5 |   5.50 |   5.66 |   6.88 |   5.63 |I I 
15:43-Tue-Mar-21-2017 PM10  |   9.37 |   9.45 |  13.92 |  10.14 |I I 
15:43-Tue-Mar-21-2017 PM2.5 |   5.46 |   5.65 |   6.88 |   5.63 |I I 
15:47-Tue-Mar-21-2017 PM10  |   8.14 |   9.38 |  13.92 |  10.14 |I I 
15:47-Tue-Mar-21-2017 PM2.5 |   5.38 |   5.64 |   6.88 |   5.63 |I I 
15:48-Tue-Mar-21-2017 PM10  |   8.14 |   9.32 |  13.92 |  10.14 |I I 
15:48-Tue-Mar-21-2017 PM2.5 |   5.38 |   5.62 |   6.88 |   5.63 |I I 
15:49-Tue-Mar-21-2017 PM10  |   9.54 |   9.33 |  13.92 |  10.14 |I I 
15:49-Tue-Mar-21-2017 PM2.5 |   5.33 |   5.61 |   6.88 |   5.63 |I I 
15:53-Tue-Mar-21-2017 PM10  |   9.11 |   9.32 |  13.92 |  10.14 |I I 
15:53-Tue-Mar-21-2017 PM2.5 |   5.64 |   5.61 |   6.88 |   5.63 |I I 
15:54-Tue-Mar-21-2017 PM10  |   8.74 |   9.29 |  13.92 |  10.14 |I I 
15:54-Tue-Mar-21-2017 PM2.5 |   5.55 |   5.61 |   6.88 |   5.63 |I I 
15:58-Tue-Mar-21-2017 PM10  |  10.00 |   9.32 |  13.92 |  10.14 |I I 
15:58-Tue-Mar-21-2017 PM2.5 |   5.44 |   5.60 |   6.88 |   5.63 |I I 
15:59-Tue-Mar-21-2017 PM10  |   8.94 |   9.31 |  13.92 |  10.14 |I I 
15:59-Tue-Mar-21-2017 PM2.5 |   5.24 |   5.59 |   6.88 |   5.63 |I I 
16:03-Tue-Mar-21-2017 PM10  |   8.95 |   9.29 |  13.92 |   9.29 |I I 
16:03-Tue-Mar-21-2017 PM2.5 |   5.44 |   5.58 |   6.88 |   5.58 |I I 
16:04-Tue-Mar-21-2017 PM10  |   8.85 |   8.85 |  13.92 |   9.29 |I I 
16:04-Tue-Mar-21-2017 PM2.5 |   5.32 |   5.32 |   6.88 |   5.58 |I I 
16:08-Tue-Mar-21-2017 PM10  |   9.86 |   9.36 |  13.92 |   9.29 |I I 
16:08-Tue-Mar-21-2017 PM2.5 |   5.60 |   5.46 |   6.88 |   5.58 |I I 
16:09-Tue-Mar-21-2017 PM10  |   8.13 |   8.95 |  13.92 |   9.29 |I I 
16:09-Tue-Mar-21-2017 PM2.5 |   5.00 |   5.30 |   6.88 |   5.58 |I I 
16:13-Tue-Mar-21-2017 PM10  |  10.07 |   9.23 |  13.92 |   9.29 |I I 
16:13-Tue-Mar-21-2017 PM2.5 |   5.57 |   5.37 |   6.88 |   5.58 |I I 
16:14-Tue-Mar-21-2017 PM10  |  10.07 |   9.40 |  13.92 |   9.29 |I I 
16:14-Tue-Mar-21-2017 PM2.5 |   5.57 |   5.41 |   6.88 |   5.58 |I I 
16:15-Tue-Mar-21-2017 PM10  |   9.73 |   9.45 |  13.92 |   9.29 |I I 
16:15-Tue-Mar-21-2017 PM2.5 |   5.31 |   5.39 |   6.88 |   5.58 |I I 
16:19-Tue-Mar-21-2017 PM10  |   8.70 |   9.34 |  13.92 |   9.29 |I I 
16:19-Tue-Mar-21-2017 PM2.5 |   5.41 |   5.39 |   6.88 |   5.58 |I I 
16:20-Tue-Mar-21-2017 PM10  |   8.96 |   9.30 |  13.92 |   9.29 |I I 
16:20-Tue-Mar-21-2017 PM2.5 |   5.74 |   5.44 |   6.88 |   5.58 |I I 
16:24-Tue-Mar-21-2017 PM10  |   7.94 |   9.15 |  13.92 |   9.29 |I I 
16:24-Tue-Mar-21-2017 PM2.5 |   5.36 |   5.43 |   6.88 |   5.58 |I I 
16:25-Tue-Mar-21-2017 PM10  |   9.87 |   9.22 |  13.92 |   9.29 |I I 
16:25-Tue-Mar-21-2017 PM2.5 |   5.50 |   5.44 |   6.88 |   5.58 |I I 
16:29-Tue-Mar-21-2017 PM10  |  10.46 |   9.33 |  13.92 |   9.29 |I I 
16:29-Tue-Mar-21-2017 PM2.5 |   5.71 |   5.46 |   6.88 |   5.58 |I I 
16:30-Tue-Mar-21-2017 PM10  |   8.92 |   9.30 |  13.92 |   9.29 |I I 
16:30-Tue-Mar-21-2017 PM2.5 |   5.53 |   5.47 |   6.88 |   5.58 |I I 
16:34-Tue-Mar-21-2017 PM10  |   7.86 |   9.19 |  13.92 |   9.29 |I I 
16:34-Tue-Mar-21-2017 PM2.5 |   5.41 |   5.46 |   6.88 |   5.58 |I I 
16:35-Tue-Mar-21-2017 PM10  |   8.28 |   9.12 |  13.92 |   9.29 |I I 
16:35-Tue-Mar-21-2017 PM2.5 |   5.32 |   5.45 |   6.88 |   5.58 |I I 
16:39-Tue-Mar-21-2017 PM10  |   9.56 |   9.15 |  13.92 |   9.29 |I I 
16:39-Tue-Mar-21-2017 PM2.5 |   5.65 |   5.47 |   6.88 |   5.58 |I I 
16:40-Tue-Mar-21-2017 PM10  |   9.56 |   9.18 |  13.92 |   9.29 |I I 
16:40-Tue-Mar-21-2017 PM2.5 |   5.65 |   5.48 |   6.88 |   5.58 |I I 
16:41-Tue-Mar-21-2017 PM10  |   9.93 |   9.22 |  13.92 |   9.29 |I I 
16:41-Tue-Mar-21-2017 PM2.5 |   5.66 |   5.49 |   6.88 |   5.58 |I I 
16:45-Tue-Mar-21-2017 PM10  |   9.36 |   9.23 |  13.92 |   9.29 |I I 
16:45-Tue-Mar-21-2017 PM2.5 |   5.38 |   5.48 |   6.88 |   5.58 |I I 
16:46-Tue-Mar-21-2017 PM10  |   7.80 |   9.15 |  13.92 |   9.29 |I I 
16:46-Tue-Mar-21-2017 PM2.5 |   5.30 |   5.47 |   6.88 |   5.58 |I I 
16:50-Tue-Mar-21-2017 PM10  |   8.99 |   9.15 |  13.92 |   9.29 |I I 
16:50-Tue-Mar-21-2017 PM2.5 |   5.38 |   5.47 |   6.88 |   5.58 |I I 
16:51-Tue-Mar-21-2017 PM10  |   7.65 |   9.07 |  13.92 |   9.29 |I I 
16:51-Tue-Mar-21-2017 PM2.5 |   5.17 |   5.45 |   6.88 |   5.58 |I I 
16:55-Tue-Mar-21-2017 PM10  |   8.12 |   9.03 |  13.92 |   9.29 |I I 
16:55-Tue-Mar-21-2017 PM2.5 |   5.81 |   5.47 |   6.88 |   5.58 |I I 
16:56-Tue-Mar-21-2017 PM10  |   9.60 |   9.06 |  13.92 |   9.29 |I I 
16:56-Tue-Mar-21-2017 PM2.5 |   5.50 |   5.47 |   6.88 |   5.58 |I I 
17:01-Tue-Mar-21-2017 PM10  |   7.54 |   8.99 |  13.92 |   8.99 |I I 
17:01-Tue-Mar-21-2017 PM2.5 |   5.31 |   5.46 |   6.88 |   5.46 |I I 
17:02-Tue-Mar-21-2017 PM10  |   8.15 |   8.15 |  13.92 |   8.99 |I I 
17:02-Tue-Mar-21-2017 PM2.5 |   5.12 |   5.12 |   6.88 |   5.46 |I I 
17:06-Tue-Mar-21-2017 PM10  |   7.50 |   7.82 |  13.92 |   8.99 |I I 
17:06-Tue-Mar-21-2017 PM2.5 |   5.03 |   5.08 |   6.88 |   5.46 |I I 
17:07-Tue-Mar-21-2017 PM10  |   7.50 |   7.71 |  13.92 |   8.99 |I I 
17:07-Tue-Mar-21-2017 PM2.5 |   5.03 |   5.06 |   6.88 |   5.46 |I I 
17:08-Tue-Mar-21-2017 PM10  |   8.60 |   7.93 |  13.92 |   8.99 |I I 
17:08-Tue-Mar-21-2017 PM2.5 |   5.13 |   5.08 |   6.88 |   5.46 |I I 
17:12-Tue-Mar-21-2017 PM10  |  11.30 |   8.61 |  13.92 |   8.99 |I I 
17:12-Tue-Mar-21-2017 PM2.5 |   5.41 |   5.14 |   6.88 |   5.46 |I I 
17:13-Tue-Mar-21-2017 PM10  |   8.35 |   8.56 |  13.92 |   8.99 |I I 
17:13-Tue-Mar-21-2017 PM2.5 |   5.00 |   5.12 |   6.88 |   5.46 |I I 
17:17-Tue-Mar-21-2017 PM10  |   8.15 |   8.51 |  13.92 |   8.99 |I I 
17:17-Tue-Mar-21-2017 PM2.5 |   5.37 |   5.16 |   6.88 |   5.46 |I I 
17:18-Tue-Mar-21-2017 PM10  |   8.27 |   8.48 |  13.92 |   8.99 |I I 
17:18-Tue-Mar-21-2017 PM2.5 |   5.19 |   5.16 |   6.88 |   5.46 |I I 
17:22-Tue-Mar-21-2017 PM10  |   8.77 |   8.51 |  13.92 |   8.99 |I I 
17:22-Tue-Mar-21-2017 PM2.5 |   5.09 |   5.15 |   6.88 |   5.46 |I I 
17:23-Tue-Mar-21-2017 PM10  |   7.66 |   8.42 |  13.92 |   8.99 |I I 
17:23-Tue-Mar-21-2017 PM2.5 |   4.87 |   5.12 |   6.88 |   5.46 |I I 
17:27-Tue-Mar-21-2017 PM10  |   8.23 |   8.41 |  13.92 |   8.99 |I I 
17:27-Tue-Mar-21-2017 PM2.5 |   5.26 |   5.14 |   6.88 |   5.46 |I I 
17:28-Tue-Mar-21-2017 PM10  |   8.52 |   8.42 |  13.92 |   8.99 |I I 
17:28-Tue-Mar-21-2017 PM2.5 |   5.15 |   5.14 |   6.88 |   5.46 |I I 
17:32-Tue-Mar-21-2017 PM10  |   9.18 |   8.47 |  13.92 |   8.99 |I I 
17:32-Tue-Mar-21-2017 PM2.5 |   4.99 |   5.13 |   6.88 |   5.46 |I I 
17:33-Tue-Mar-21-2017 PM10  |   9.18 |   8.52 |  13.92 |   8.99 |I I 
17:33-Tue-Mar-21-2017 PM2.5 |   4.99 |   5.12 |   6.88 |   5.46 |I I 
17:34-Tue-Mar-21-2017 PM10  |   8.41 |   8.52 |  13.92 |   8.99 |I I 
17:34-Tue-Mar-21-2017 PM2.5 |   4.90 |   5.10 |   6.88 |   5.46 |I I 
17:38-Tue-Mar-21-2017 PM10  |   9.56 |   8.58 |  13.92 |   8.99 |I I 
17:38-Tue-Mar-21-2017 PM2.5 |   5.25 |   5.11 |   6.88 |   5.46 |I I 
17:39-Tue-Mar-21-2017 PM10  |  11.71 |   8.77 |  13.92 |   8.99 |I I 
17:39-Tue-Mar-21-2017 PM2.5 |   4.97 |   5.10 |   6.88 |   5.46 |I I 
17:43-Tue-Mar-21-2017 PM10  |   8.81 |   8.77 |  13.92 |   8.99 |I I 
17:43-Tue-Mar-21-2017 PM2.5 |   4.92 |   5.09 |   6.88 |   5.46 |I I 
17:44-Tue-Mar-21-2017 PM10  |   8.70 |   8.76 |  13.92 |   8.99 |I I 
17:44-Tue-Mar-21-2017 PM2.5 |   4.98 |   5.09 |   6.88 |   5.46 |I I 
17:48-Tue-Mar-21-2017 PM10  |   7.47 |   8.70 |  13.92 |   8.99 |I I 
17:48-Tue-Mar-21-2017 PM2.5 |   4.91 |   5.08 |   6.88 |   5.46 |I I 
17:49-Tue-Mar-21-2017 PM10  |   8.25 |   8.68 |  13.92 |   8.99 |I I 
17:49-Tue-Mar-21-2017 PM2.5 |   4.81 |   5.07 |   6.88 |   5.46 |I I 
17:53-Tue-Mar-21-2017 PM10  |   9.08 |   8.70 |  13.92 |   8.99 |I I 
17:53-Tue-Mar-21-2017 PM2.5 |   5.10 |   5.07 |   6.88 |   5.46 |I I 
17:54-Tue-Mar-21-2017 PM10  |   6.42 |   8.60 |  13.92 |   8.99 |I I 
17:54-Tue-Mar-21-2017 PM2.5 |   4.69 |   5.05 |   6.88 |   5.46 |I I 
17:58-Tue-Mar-21-2017 PM10  |   8.59 |   8.60 |  13.92 |   8.99 |I I 
17:58-Tue-Mar-21-2017 PM2.5 |   5.44 |   5.07 |   6.88 |   5.46 |I I 
17:59-Tue-Mar-21-2017 PM10  |   8.59 |   8.60 |  13.92 |   8.99 |I I 
17:59-Tue-Mar-21-2017 PM2.5 |   5.44 |   5.08 |   6.88 |   5.46 |I I 
18:00-Tue-Mar-21-2017 PM10  |  10.04 |   8.65 |  13.92 |   8.65 |I I 
18:00-Tue-Mar-21-2017 PM2.5 |   4.81 |   5.07 |   6.88 |   5.07 |I I 
18:04-Tue-Mar-21-2017 PM10  |   9.27 |   9.27 |  13.92 |   8.65 |I I 
18:04-Tue-Mar-21-2017 PM2.5 |   4.83 |   4.83 |   6.88 |   5.07 |I I 
18:05-Tue-Mar-21-2017 PM10  |   8.65 |   8.96 |  13.92 |   8.65 |I I 
18:05-Tue-Mar-21-2017 PM2.5 |   5.18 |   5.00 |   6.88 |   5.07 |I I 
18:09-Tue-Mar-21-2017 PM10  |   9.58 |   9.17 |  13.92 |   8.65 |I I 
18:09-Tue-Mar-21-2017 PM2.5 |   5.46 |   5.15 |   6.88 |   5.07 |I I 
18:10-Tue-Mar-21-2017 PM10  |   9.50 |   9.25 |  13.92 |   8.65 |I I 
18:10-Tue-Mar-21-2017 PM2.5 |   5.21 |   5.17 |   6.88 |   5.07 |I I 
18:14-Tue-Mar-21-2017 PM10  |   9.49 |   9.30 |  13.92 |   8.65 |I I 
18:14-Tue-Mar-21-2017 PM2.5 |   5.41 |   5.22 |   6.88 |   5.07 |I I 
18:15-Tue-Mar-21-2017 PM10  |   8.73 |   9.20 |  13.92 |   8.65 |I I 
18:15-Tue-Mar-21-2017 PM2.5 |   5.14 |   5.20 |   6.88 |   5.07 |I I 
18:19-Tue-Mar-21-2017 PM10  |   8.29 |   9.07 |  13.92 |   8.65 |I I 
18:19-Tue-Mar-21-2017 PM2.5 |   5.18 |   5.20 |   6.88 |   5.07 |I I 
18:20-Tue-Mar-21-2017 PM10  |  10.96 |   9.31 |  13.92 |   8.65 |I I 
18:20-Tue-Mar-21-2017 PM2.5 |   5.48 |   5.23 |   6.88 |   5.07 |I I 
18:24-Tue-Mar-21-2017 PM10  |   8.71 |   9.24 |  13.92 |   8.65 |I I 
18:24-Tue-Mar-21-2017 PM2.5 |   5.74 |   5.29 |   6.88 |   5.07 |I I 
18:25-Tue-Mar-21-2017 PM10  |   8.71 |   9.19 |  13.92 |   8.65 |I I 
18:25-Tue-Mar-21-2017 PM2.5 |   5.74 |   5.34 |   6.88 |   5.07 |I I 
18:26-Tue-Mar-21-2017 PM10  |  11.54 |   9.40 |  13.92 |   8.65 |I I 
18:26-Tue-Mar-21-2017 PM2.5 |   5.39 |   5.34 |   6.88 |   5.07 |I I 
18:30-Tue-Mar-21-2017 PM10  |  11.77 |   9.60 |  13.92 |   8.65 |I I 
18:30-Tue-Mar-21-2017 PM2.5 |   5.78 |   5.38 |   6.88 |   5.07 |I I 
18:31-Tue-Mar-21-2017 PM10  |  11.55 |   9.75 |  13.92 |   8.65 |I I 
18:31-Tue-Mar-21-2017 PM2.5 |   5.87 |   5.42 |   6.88 |   5.07 |I I 
18:35-Tue-Mar-21-2017 PM10  |  10.17 |   9.78 |  13.92 |   8.65 |I I 
18:35-Tue-Mar-21-2017 PM2.5 |   5.71 |   5.44 |   6.88 |   5.07 |I I 
18:36-Tue-Mar-21-2017 PM10  |  11.41 |   9.89 |  13.92 |   8.65 |I I 
18:36-Tue-Mar-21-2017 PM2.5 |   5.55 |   5.44 |   6.88 |   5.07 |I I 
18:40-Tue-Mar-21-2017 PM10  |  10.92 |   9.95 |  13.92 |   8.65 |I I 
18:40-Tue-Mar-21-2017 PM2.5 |   5.74 |   5.46 |   6.88 |   5.07 |I I 
18:41-Tue-Mar-21-2017 PM10  |  10.68 |  10.00 |  13.92 |   8.65 |I I 
18:41-Tue-Mar-21-2017 PM2.5 |   5.75 |   5.48 |   6.88 |   5.07 |I I 
18:45-Tue-Mar-21-2017 PM10  |  11.47 |  10.08 |  13.92 |   8.65 |I I 
18:45-Tue-Mar-21-2017 PM2.5 |   5.83 |   5.50 |   6.88 |   5.07 |I I 
18:46-Tue-Mar-21-2017 PM10  |   9.39 |  10.04 |  13.92 |   8.65 |I I 
18:46-Tue-Mar-21-2017 PM2.5 |   5.69 |   5.51 |   6.88 |   5.07 |I I 
18:50-Tue-Mar-21-2017 PM10  |  10.67 |  10.07 |  13.92 |   8.65 |I I 
18:50-Tue-Mar-21-2017 PM2.5 |   5.74 |   5.52 |   6.88 |   5.07 |I I 
18:51-Tue-Mar-21-2017 PM10  |  10.67 |  10.10 |  13.92 |   8.65 |I I 
18:51-Tue-Mar-21-2017 PM2.5 |   5.74 |   5.53 |   6.88 |   5.07 |I I 
18:52-Tue-Mar-21-2017 PM10  |  11.59 |  10.17 |  13.92 |   8.65 |I I 
18:52-Tue-Mar-21-2017 PM2.5 |   5.51 |   5.53 |   6.88 |   5.07 |I I 
18:56-Tue-Mar-21-2017 PM10  |  12.63 |  10.28 |  13.92 |   8.65 |I I 
18:56-Tue-Mar-21-2017 PM2.5 |   5.50 |   5.53 |   6.88 |   5.07 |I I 
18:57-Tue-Mar-21-2017 PM10  |  11.49 |  10.33 |  13.92 |   8.65 |I I 
18:57-Tue-Mar-21-2017 PM2.5 |   5.15 |   5.51 |   6.88 |   5.07 |I I 
19:01-Tue-Mar-21-2017 PM10  |  12.66 |  10.42 |  13.92 |   8.65 |I I 
19:01-Tue-Mar-21-2017 PM2.5 |   5.37 |   5.51 |   6.88 |   5.07 |I I 
19:02-Tue-Mar-21-2017 PM10  |   8.89 |   8.89 |  13.92 |   8.65 |I I 
19:02-Tue-Mar-21-2017 PM2.5 |   5.26 |   5.26 |   6.88 |   5.07 |I I 
19:06-Tue-Mar-21-2017 PM10  |  12.65 |  10.77 |  13.92 |   8.65 |I I 
19:06-Tue-Mar-21-2017 PM2.5 |   5.64 |   5.45 |   6.88 |   5.07 |I I 
19:07-Tue-Mar-21-2017 PM10  |  15.82 |  12.45 |  13.92 |   8.65 |I I 
19:07-Tue-Mar-21-2017 PM2.5 |   5.38 |   5.43 |   6.88 |   5.07 |I I 
19:11-Tue-Mar-21-2017 PM10  |  11.81 |  12.29 |  13.92 |   8.65 |I I 
19:11-Tue-Mar-21-2017 PM2.5 |   5.49 |   5.44 |   6.88 |   5.07 |I I 
19:12-Tue-Mar-21-2017 PM10  |  10.14 |  11.86 |  13.92 |   8.65 |I I 
19:12-Tue-Mar-21-2017 PM2.5 |   5.39 |   5.43 |   6.88 |   5.07 |I I 
19:16-Tue-Mar-21-2017 PM10  |  13.35 |  12.11 |  13.92 |   8.65 |I I 
19:16-Tue-Mar-21-2017 PM2.5 |   5.49 |   5.44 |   6.88 |   5.07 |I I 
19:17-Tue-Mar-21-2017 PM10  |  13.35 |  12.29 |  13.92 |   8.65 |I I 
19:17-Tue-Mar-21-2017 PM2.5 |   5.49 |   5.45 |   6.88 |   5.07 |I I 
19:18-Tue-Mar-21-2017 PM10  |  13.99 |  12.50 |  13.92 |   8.65 |I I 
19:18-Tue-Mar-21-2017 PM2.5 |   5.57 |   5.46 |   6.88 |   5.07 |I I 
19:22-Tue-Mar-21-2017 PM10  |  15.55 |  12.84 |  13.92 |   8.65 |I I 
19:22-Tue-Mar-21-2017 PM2.5 |   5.78 |   5.50 |   6.88 |   5.07 |I I 
19:23-Tue-Mar-21-2017 PM10  |  17.20 |  13.27 |  13.92 |   8.65 |I I 
19:23-Tue-Mar-21-2017 PM2.5 |   6.51 |   5.60 |   6.88 |   5.07 |I I 
19:27-Tue-Mar-21-2017 PM10  |  13.28 |  13.28 |  13.92 |   8.65 |I I 
19:27-Tue-Mar-21-2017 PM2.5 |   5.77 |   5.62 |   6.88 |   5.07 |I I 
19:28-Tue-Mar-21-2017 PM10  |  14.10 |  13.34 |  13.92 |   8.65 |I I 
19:28-Tue-Mar-21-2017 PM2.5 |   6.00 |   5.65 |   6.88 |   5.07 |I I 
19:32-Tue-Mar-21-2017 PM10  |  17.95 |  13.70 |  13.92 |   8.65 |I I 
19:32-Tue-Mar-21-2017 PM2.5 |   6.34 |   5.70 |   6.88 |   5.07 |I I 
19:33-Tue-Mar-21-2017 PM10  |  16.03 |  13.87 |  13.92 |   8.65 |I I 
19:33-Tue-Mar-21-2017 PM2.5 |   6.20 |   5.74 |   6.88 |   5.07 |I I 
19:37-Tue-Mar-21-2017 PM10  |  15.99 |  14.01 |  13.92 |   8.65 |I I 
19:37-Tue-Mar-21-2017 PM2.5 |   6.57 |   5.79 |   6.88 |   5.07 |I I 
19:38-Tue-Mar-21-2017 PM10  |  14.50 |  14.04 |  13.92 |   8.65 |I I 
19:38-Tue-Mar-21-2017 PM2.5 |   6.69 |   5.85 |   6.88 |   5.07 |I I 
19:42-Tue-Mar-21-2017 PM10  |  19.62 |  14.37 |  13.92 |   8.65 |I I 
19:42-Tue-Mar-21-2017 PM2.5 |   6.77 |   5.90 |   6.88 |   5.07 |I I 
19:43-Tue-Mar-21-2017 PM10  |  19.62 |  14.66 |  13.92 |   8.65 |I I 
19:43-Tue-Mar-21-2017 PM2.5 |   6.77 |   5.95 |   6.88 |   5.07 |I I 
19:44-Tue-Mar-21-2017 PM10  |  17.04 |  14.78 |  13.92 |   8.65 |I I 
19:44-Tue-Mar-21-2017 PM2.5 |   7.09 |   6.01 |   6.88 |   5.07 |I I 
19:48-Tue-Mar-21-2017 PM10  |  15.85 |  14.84 |  13.92 |   8.65 |I I 
19:48-Tue-Mar-21-2017 PM2.5 |   7.00 |   6.06 |   6.88 |   5.07 |I I 
19:49-Tue-Mar-21-2017 PM10  |  17.67 |  14.97 |  13.92 |   8.65 |I I 
19:49-Tue-Mar-21-2017 PM2.5 |   7.07 |   6.11 |   6.88 |   5.07 |I I 
19:53-Tue-Mar-21-2017 PM10  |  18.24 |  15.12 |  13.92 |   8.65 |I I 
19:53-Tue-Mar-21-2017 PM2.5 |   7.69 |   6.18 |   6.88 |   5.07 |I I 
19:54-Tue-Mar-21-2017 PM10  |  13.94 |  15.07 |  13.92 |   8.65 |I I 
19:54-Tue-Mar-21-2017 PM2.5 |   6.92 |   6.21 |   6.88 |   5.07 |I I 
19:59-Tue-Mar-21-2017 PM10  |  15.41 |  15.08 |  13.92 |   8.65 |I I 
19:59-Tue-Mar-21-2017 PM2.5 |   6.82 |   6.24 |   6.88 |   5.07 |I I 
20:00-Tue-Mar-21-2017 PM10  |  15.71 |  15.11 |  15.11 |   8.65 |I I 
20:00-Tue-Mar-21-2017 PM2.5 |   7.31 |   6.28 |   6.88 |   5.07 |I I 
20:04-Tue-Mar-21-2017 PM10  |  18.89 |  18.89 |  15.11 |   8.65 |I I 
20:04-Tue-Mar-21-2017 PM2.5 |   7.78 |   7.78 |   6.88 |   5.07 |I I 
20:05-Tue-Mar-21-2017 PM10  |  17.87 |  18.38 |  15.11 |   8.65 |I I 
20:05-Tue-Mar-21-2017 PM2.5 |   7.94 |   7.86 |   6.88 |   5.07 |I I 
20:09-Tue-Mar-21-2017 PM10  |  19.12 |  18.62 |  15.11 |   8.65 |I I 
20:09-Tue-Mar-21-2017 PM2.5 |   8.64 |   8.12 |   6.88 |   5.07 |I I 
20:10-Tue-Mar-21-2017 PM10  |  19.12 |  18.75 |  15.11 |   8.65 |I I 
20:10-Tue-Mar-21-2017 PM2.5 |   8.64 |   8.25 |   6.88 |   5.07 |I I 
20:11-Tue-Mar-21-2017 PM10  |  17.81 |  18.56 |  15.11 |   8.65 |I I 
20:11-Tue-Mar-21-2017 PM2.5 |   7.76 |   8.15 |   6.88 |   5.07 |I I 
20:15-Tue-Mar-21-2017 PM10  |  17.52 |  18.39 |  15.11 |   8.65 |I I 
20:15-Tue-Mar-21-2017 PM2.5 |   8.19 |   8.16 |   6.88 |   5.07 |I I 
20:16-Tue-Mar-21-2017 PM10  |  14.55 |  17.84 |  15.11 |   8.65 |I I 
20:16-Tue-Mar-21-2017 PM2.5 |   7.62 |   8.08 |   6.88 |   5.07 |I I 
20:20-Tue-Mar-21-2017 PM10  |  17.73 |  17.82 |  15.11 |   8.65 |I I 
20:20-Tue-Mar-21-2017 PM2.5 |   7.29 |   7.98 |   6.88 |   5.07 |I I 
20:21-Tue-Mar-21-2017 PM10  |  16.10 |  17.63 |  15.11 |   8.65 |I I 
20:21-Tue-Mar-21-2017 PM2.5 |   6.85 |   7.86 |   6.88 |   5.07 |I I 
20:25-Tue-Mar-21-2017 PM10  |  17.26 |  17.60 |  15.11 |   8.65 |I I 
20:25-Tue-Mar-21-2017 PM2.5 |   7.43 |   7.81 |   6.88 |   5.07 |I I 
20:26-Tue-Mar-21-2017 PM10  |  17.96 |  17.63 |  15.11 |   8.65 |I I 
20:26-Tue-Mar-21-2017 PM2.5 |   6.81 |   7.72 |   6.88 |   5.07 |I I 
20:30-Tue-Mar-21-2017 PM10  |  18.28 |  17.68 |  15.11 |   8.65 |I I 
20:30-Tue-Mar-21-2017 PM2.5 |   6.92 |   7.66 |   6.88 |   5.07 |I I 
20:31-Tue-Mar-21-2017 PM10  |  18.57 |  17.75 |  15.11 |   8.65 |I I 
20:31-Tue-Mar-21-2017 PM2.5 |   6.98 |   7.60 |   6.88 |   5.07 |I I 
20:35-Tue-Mar-21-2017 PM10  |  16.53 |  17.66 |  15.11 |   8.65 |I I 
20:35-Tue-Mar-21-2017 PM2.5 |   7.20 |   7.58 |   6.88 |   5.07 |I I 
20:36-Tue-Mar-21-2017 PM10  |  16.53 |  17.59 |  15.11 |   8.65 |I I 
20:36-Tue-Mar-21-2017 PM2.5 |   7.20 |   7.55 |   6.88 |   5.07 |I I 
20:37-Tue-Mar-21-2017 PM10  |  15.04 |  17.43 |  15.11 |   8.65 |I I 
20:37-Tue-Mar-21-2017 PM2.5 |   7.18 |   7.53 |   6.88 |   5.07 |I I 
20:41-Tue-Mar-21-2017 PM10  |  13.05 |  17.17 |  15.11 |   8.65 |I I 
20:41-Tue-Mar-21-2017 PM2.5 |   7.12 |   7.50 |   6.88 |   5.07 |I I 
20:42-Tue-Mar-21-2017 PM10  |  16.11 |  17.11 |  15.11 |   8.65 |I I 
20:42-Tue-Mar-21-2017 PM2.5 |   6.99 |   7.47 |   6.88 |   5.07 |I I 
20:46-Tue-Mar-21-2017 PM10  |  17.28 |  17.12 |  15.11 |   8.65 |I I 
20:46-Tue-Mar-21-2017 PM2.5 |   6.57 |   7.43 |   6.88 |   5.07 |I I 
20:47-Tue-Mar-21-2017 PM10  |  16.02 |  17.07 |  15.11 |   8.65 |I I 
20:47-Tue-Mar-21-2017 PM2.5 |   6.46 |   7.38 |   6.88 |   5.07 |I I 
20:51-Tue-Mar-21-2017 PM10  |  14.96 |  16.97 |  15.11 |   8.65 |I I 
20:51-Tue-Mar-21-2017 PM2.5 |   6.75 |   7.35 |   6.88 |   5.07 |I I 
20:52-Tue-Mar-21-2017 PM10  |  15.16 |  16.88 |  15.11 |   8.65 |I I 
20:52-Tue-Mar-21-2017 PM2.5 |   6.69 |   7.32 |   6.88 |   5.07 |I I 
20:56-Tue-Mar-21-2017 PM10  |  15.03 |  16.80 |  15.11 |   8.65 |I I 
20:56-Tue-Mar-21-2017 PM2.5 |   6.77 |   7.30 |   6.88 |   5.07 |I I 
20:57-Tue-Mar-21-2017 PM10  |  13.34 |  16.66 |  15.11 |   8.65 |I I 
20:57-Tue-Mar-21-2017 PM2.5 |   6.36 |   7.26 |   6.88 |   5.07 |I I 
21:01-Tue-Mar-21-2017 PM10  |  12.52 |  16.49 |  16.49 |   8.65 |I I 
21:01-Tue-Mar-21-2017 PM2.5 |   6.60 |   7.23 |   7.23 |   5.07 |I I 
21:02-Tue-Mar-21-2017 PM10  |  12.52 |  12.52 |  16.49 |   8.65 |I I 
21:02-Tue-Mar-21-2017 PM2.5 |   6.60 |   6.60 |   7.23 |   5.07 |I I 
21:03-Tue-Mar-21-2017 PM10  |  14.64 |  13.58 |  16.49 |   8.65 |I I 
21:03-Tue-Mar-21-2017 PM2.5 |   6.64 |   6.62 |   7.23 |   5.07 |I I 
21:07-Tue-Mar-21-2017 PM10  |  11.68 |  12.95 |  16.49 |   8.65 |I I 
21:07-Tue-Mar-21-2017 PM2.5 |   6.49 |   6.58 |   7.23 |   5.07 |I I 
21:08-Tue-Mar-21-2017 PM10  |  18.77 |  14.40 |  16.49 |   8.65 |I I 
21:08-Tue-Mar-21-2017 PM2.5 |   6.19 |   6.48 |   7.23 |   5.07 |I I 
21:12-Tue-Mar-21-2017 PM10  |  15.33 |  14.59 |  16.49 |   8.65 |I I 
21:12-Tue-Mar-21-2017 PM2.5 |   6.89 |   6.56 |   7.23 |   5.07 |I I 
21:13-Tue-Mar-21-2017 PM10  |  13.95 |  14.48 |  16.49 |   8.65 |I I 
21:13-Tue-Mar-21-2017 PM2.5 |   6.50 |   6.55 |   7.23 |   5.07 |I I 
21:17-Tue-Mar-21-2017 PM10  |  15.16 |  14.58 |  16.49 |   8.65 |I I 
21:17-Tue-Mar-21-2017 PM2.5 |   7.06 |   6.62 |   7.23 |   5.07 |I I 
21:18-Tue-Mar-21-2017 PM10  |  17.86 |  14.99 |  16.49 |   8.65 |I I 
21:18-Tue-Mar-21-2017 PM2.5 |   6.90 |   6.66 |   7.23 |   5.07 |I I 
21:22-Tue-Mar-21-2017 PM10  |  20.45 |  15.60 |  16.49 |   8.65 |I I 
21:22-Tue-Mar-21-2017 PM2.5 |   6.83 |   6.68 |   7.23 |   5.07 |I I 
21:23-Tue-Mar-21-2017 PM10  |  17.22 |  15.76 |  16.49 |   8.65 |I I 
21:23-Tue-Mar-21-2017 PM2.5 |   6.78 |   6.69 |   7.23 |   5.07 |I I 
21:27-Tue-Mar-21-2017 PM10  |  14.50 |  15.64 |  16.49 |   8.65 |I I 
21:27-Tue-Mar-21-2017 PM2.5 |   6.60 |   6.68 |   7.23 |   5.07 |I I 
21:28-Tue-Mar-21-2017 PM10  |  14.50 |  15.55 |  16.49 |   8.65 |I I 
21:28-Tue-Mar-21-2017 PM2.5 |   6.60 |   6.67 |   7.23 |   5.07 |I I 
21:29-Tue-Mar-21-2017 PM10  |  13.25 |  15.37 |  16.49 |   8.65 |I I 
21:29-Tue-Mar-21-2017 PM2.5 |   6.54 |   6.66 |   7.23 |   5.07 |I I 
21:33-Tue-Mar-21-2017 PM10  |  13.88 |  15.26 |  16.49 |   8.65 |I I 
21:33-Tue-Mar-21-2017 PM2.5 |   6.79 |   6.67 |   7.23 |   5.07 |I I 
21:34-Tue-Mar-21-2017 PM10  |  15.15 |  15.26 |  16.49 |   8.65 |I I 
21:34-Tue-Mar-21-2017 PM2.5 |   6.53 |   6.66 |   7.23 |   5.07 |I I 
21:38-Tue-Mar-21-2017 PM10  |  18.12 |  15.44 |  16.49 |   8.65 |I I 
21:38-Tue-Mar-21-2017 PM2.5 |   7.10 |   6.69 |   7.23 |   5.07 |I I 
21:39-Tue-Mar-21-2017 PM10  |  12.22 |  15.25 |  16.49 |   8.65 |I I 
21:39-Tue-Mar-21-2017 PM2.5 |   6.42 |   6.67 |   7.23 |   5.07 |I I 
21:43-Tue-Mar-21-2017 PM10  |  17.46 |  15.37 |  16.49 |   8.65 |I I 
21:43-Tue-Mar-21-2017 PM2.5 |   7.04 |   6.69 |   7.23 |   5.07 |I I 
21:44-Tue-Mar-21-2017 PM10  |  15.58 |  15.38 |  16.49 |   8.65 |I I 
21:44-Tue-Mar-21-2017 PM2.5 |   6.91 |   6.71 |   7.23 |   5.07 |I I 
21:48-Tue-Mar-21-2017 PM10  |  15.70 |  15.40 |  16.49 |   8.65 |I I 
21:48-Tue-Mar-21-2017 PM2.5 |   6.79 |   6.71 |   7.23 |   5.07 |I I 
21:49-Tue-Mar-21-2017 PM10  |  14.67 |  15.36 |  16.49 |   8.65 |I I 
21:49-Tue-Mar-21-2017 PM2.5 |   6.63 |   6.71 |   7.23 |   5.07 |I I 
21:53-Tue-Mar-21-2017 PM10  |  16.25 |  15.40 |  16.49 |   8.65 |I I 
21:53-Tue-Mar-21-2017 PM2.5 |   6.74 |   6.71 |   7.23 |   5.07 |I I 
21:54-Tue-Mar-21-2017 PM10  |  16.25 |  15.44 |  16.49 |   8.65 |I I 
21:54-Tue-Mar-21-2017 PM2.5 |   6.74 |   6.71 |   7.23 |   5.07 |I I 
21:55-Tue-Mar-21-2017 PM10  |  11.95 |  15.29 |  16.49 |   8.65 |I I 
21:55-Tue-Mar-21-2017 PM2.5 |   6.01 |   6.68 |   7.23 |   5.07 |I I 
21:59-Tue-Mar-21-2017 PM10  |  12.56 |  15.18 |  16.49 |   8.65 |I I 
21:59-Tue-Mar-21-2017 PM2.5 |   6.74 |   6.68 |   7.23 |   5.07 |I I 
22:00-Tue-Mar-21-2017 PM10  |  13.21 |  15.11 |  16.49 |   8.65 |I I 
22:00-Tue-Mar-21-2017 PM2.5 |   6.49 |   6.68 |   7.23 |   5.07 |I I 
22:04-Tue-Mar-21-2017 PM10  |  14.14 |  14.14 |  16.49 |   8.65 |I I 
22:04-Tue-Mar-21-2017 PM2.5 |   6.85 |   6.85 |   7.23 |   5.07 |I I 
22:05-Tue-Mar-21-2017 PM10  |  13.87 |  14.00 |  16.49 |   8.65 |I I 
22:05-Tue-Mar-21-2017 PM2.5 |   6.02 |   6.43 |   7.23 |   5.07 |I I 
22:09-Tue-Mar-21-2017 PM10  |  12.00 |  13.34 |  16.49 |   8.65 |I I 
22:09-Tue-Mar-21-2017 PM2.5 |   6.45 |   6.44 |   7.23 |   5.07 |I I 
22:10-Tue-Mar-21-2017 PM10  |  12.90 |  13.23 |  16.49 |   8.65 |I I 
22:10-Tue-Mar-21-2017 PM2.5 |   6.37 |   6.42 |   7.23 |   5.07 |I I 
22:14-Tue-Mar-21-2017 PM10  |  13.90 |  13.36 |  16.49 |   8.65 |I I 
22:14-Tue-Mar-21-2017 PM2.5 |   6.19 |   6.37 |   7.23 |   5.07 |I I 
22:15-Tue-Mar-21-2017 PM10  |  11.55 |  13.06 |  16.49 |   8.65 |I I 
22:15-Tue-Mar-21-2017 PM2.5 |   6.03 |   6.32 |   7.23 |   5.07 |I I 
22:19-Tue-Mar-21-2017 PM10  |  12.88 |  13.03 |  16.49 |   8.65 |I I 
22:19-Tue-Mar-21-2017 PM2.5 |   6.25 |   6.31 |   7.23 |   5.07 |I I 
22:20-Tue-Mar-21-2017 PM10  |  12.88 |  13.01 |  16.49 |   8.65 |I I 
22:20-Tue-Mar-21-2017 PM2.5 |   6.25 |   6.30 |   7.23 |   5.07 |I I 
22:21-Tue-Mar-21-2017 PM10  |  15.88 |  13.33 |  16.49 |   8.65 |I I 
22:21-Tue-Mar-21-2017 PM2.5 |   6.76 |   6.35 |   7.23 |   5.07 |I I 
22:25-Tue-Mar-21-2017 PM10  |  15.79 |  13.58 |  16.49 |   8.65 |I I 
22:25-Tue-Mar-21-2017 PM2.5 |   6.54 |   6.37 |   7.23 |   5.07 |I I 
22:26-Tue-Mar-21-2017 PM10  |  11.61 |  13.40 |  16.49 |   8.65 |I I 
22:26-Tue-Mar-21-2017 PM2.5 |   6.07 |   6.34 |   7.23 |   5.07 |I I 
22:30-Tue-Mar-21-2017 PM10  |  11.83 |  13.27 |  16.49 |   8.65 |I I 
22:30-Tue-Mar-21-2017 PM2.5 |   6.07 |   6.32 |   7.23 |   5.07 |I I 
22:31-Tue-Mar-21-2017 PM10  |  14.29 |  13.35 |  16.49 |   8.65 |I I 
22:31-Tue-Mar-21-2017 PM2.5 |   6.59 |   6.34 |   7.23 |   5.07 |I I 
22:35-Tue-Mar-21-2017 PM10  |  13.25 |  13.34 |  16.49 |   8.65 |I I 
22:35-Tue-Mar-21-2017 PM2.5 |   6.47 |   6.35 |   7.23 |   5.07 |I I 
22:36-Tue-Mar-21-2017 PM10  |  11.72 |  13.23 |  16.49 |   8.65 |I I 
22:36-Tue-Mar-21-2017 PM2.5 |   6.05 |   6.33 |   7.23 |   5.07 |I I 
22:40-Tue-Mar-21-2017 PM10  |  13.38 |  13.24 |  16.49 |   8.65 |I I 
22:40-Tue-Mar-21-2017 PM2.5 |   6.55 |   6.34 |   7.23 |   5.07 |I I 
22:41-Tue-Mar-21-2017 PM10  |  14.36 |  13.31 |  16.49 |   8.65 |I I 
22:41-Tue-Mar-21-2017 PM2.5 |   6.16 |   6.33 |   7.23 |   5.07 |I I 
22:45-Tue-Mar-21-2017 PM10  |  14.47 |  13.37 |  16.49 |   8.65 |I I 
22:45-Tue-Mar-21-2017 PM2.5 |   6.64 |   6.35 |   7.23 |   5.07 |I I 
22:46-Tue-Mar-21-2017 PM10  |  14.47 |  13.43 |  16.49 |   8.65 |I I 
22:46-Tue-Mar-21-2017 PM2.5 |   6.64 |   6.37 |   7.23 |   5.07 |I I 
22:47-Tue-Mar-21-2017 PM10  |  14.61 |  13.49 |  16.49 |   8.65 |I I 
22:47-Tue-Mar-21-2017 PM2.5 |   6.11 |   6.35 |   7.23 |   5.07 |I I 
22:51-Tue-Mar-21-2017 PM10  |  14.50 |  13.54 |  16.49 |   8.65 |I I 
22:51-Tue-Mar-21-2017 PM2.5 |   6.58 |   6.36 |   7.23 |   5.07 |I I 
22:52-Tue-Mar-21-2017 PM10  |  13.45 |  13.53 |  16.49 |   8.65 |I B 
22:52-Tue-Mar-21-2017 PM2.5 |   6.24 |   6.36 |   7.23 |   5.07 |I B 
22:56-Tue-Mar-21-2017 PM10  |  13.09 |  13.51 |  16.49 |   8.65 |I B 
22:56-Tue-Mar-21-2017 PM2.5 |   6.03 |   6.34 |   7.23 |   5.07 |I B 
22:57-Tue-Mar-21-2017 PM10  |  13.18 |  13.50 |  16.49 |   8.65 |I B 
22:57-Tue-Mar-21-2017 PM2.5 |   6.44 |   6.35 |   7.23 |   5.07 |I B 
23:01-Tue-Mar-21-2017 PM10  |  14.39 |  13.54 |  16.49 |   8.65 |I B 
23:01-Tue-Mar-21-2017 PM2.5 |   6.81 |   6.37 |   7.23 |   5.07 |I B 
23:02-Tue-Mar-21-2017 PM10  |  12.51 |  12.51 |  16.49 |   8.65 |I B 
23:02-Tue-Mar-21-2017 PM2.5 |   6.39 |   6.39 |   7.23 |   5.07 |I B 
23:06-Tue-Mar-21-2017 PM10  |  14.05 |  13.28 |  16.49 |   8.65 |I B 
23:06-Tue-Mar-21-2017 PM2.5 |   6.48 |   6.43 |   7.23 |   5.07 |I B 
23:08-Tue-Mar-21-2017 PM10  |  12.96 |  13.17 |  16.49 |   8.65 |I B 
23:08-Tue-Mar-21-2017 PM2.5 |   6.37 |   6.41 |   7.23 |   5.07 |I B 
23:12-Tue-Mar-21-2017 PM10  |  14.24 |  13.44 |  16.49 |   8.65 |I B 
23:12-Tue-Mar-21-2017 PM2.5 |   6.74 |   6.49 |   7.23 |   5.07 |I B 
23:13-Tue-Mar-21-2017 PM10  |  14.38 |  13.63 |  16.49 |   8.65 |I B 
23:13-Tue-Mar-21-2017 PM2.5 |   6.80 |   6.55 |   7.23 |   5.07 |I B 
23:14-Tue-Mar-21-2017 PM10  |  14.38 |  13.75 |  16.49 |   8.65 |I B 
23:14-Tue-Mar-21-2017 PM2.5 |   6.80 |   6.59 |   7.23 |   5.07 |I B 
23:18-Tue-Mar-21-2017 PM10  |  16.35 |  14.12 |  16.49 |   8.65 |I B 
23:18-Tue-Mar-21-2017 PM2.5 |   7.37 |   6.71 |   7.23 |   5.07 |I B 
23:19-Tue-Mar-21-2017 PM10  |  16.09 |  14.37 |  16.49 |   8.65 |I B 
23:19-Tue-Mar-21-2017 PM2.5 |   7.04 |   6.75 |   7.23 |   5.07 |I B 
23:23-Tue-Mar-21-2017 PM10  |  14.33 |  14.36 |  16.49 |   8.65 |I B 
23:23-Tue-Mar-21-2017 PM2.5 |   7.04 |   6.78 |   7.23 |   5.07 |I B 
23:24-Tue-Mar-21-2017 PM10  |  18.95 |  14.82 |  16.49 |   8.65 |I B 
23:24-Tue-Mar-21-2017 PM2.5 |   6.58 |   6.76 |   7.23 |   5.07 |I B 
23:28-Tue-Mar-21-2017 PM10  |  14.82 |  14.82 |  16.49 |   8.65 |I B 
23:28-Tue-Mar-21-2017 PM2.5 |   7.04 |   6.79 |   7.23 |   5.07 |I B 
23:29-Tue-Mar-21-2017 PM10  |  13.60 |  14.72 |  16.49 |   8.65 |I B 
23:29-Tue-Mar-21-2017 PM2.5 |   6.95 |   6.80 |   7.23 |   5.07 |I B 
23:33-Tue-Mar-21-2017 PM10  |  12.05 |  14.52 |  16.49 |   8.65 |I B 
23:33-Tue-Mar-21-2017 PM2.5 |   6.41 |   6.77 |   7.23 |   5.07 |I B 
23:34-Tue-Mar-21-2017 PM10  |  16.53 |  14.66 |  16.49 |   8.65 |I B 
23:34-Tue-Mar-21-2017 PM2.5 |   6.07 |   6.72 |   7.23 |   5.07 |I B 
23:38-Tue-Mar-21-2017recover dati per host :92.223.147.77/nodered
23:38-Tue-Mar-21-2017 PM10  |  14.41 |  14.64 |  16.49 |   8.65 |I I 
23:38-Tue-Mar-21-2017 PM2.5 |   6.55 |   6.71 |   7.23 |   5.07 |I I 
23:39-Tue-Mar-21-2017 PM10  |  12.91 |  14.53 |  16.49 |   8.65 |I B 
23:39-Tue-Mar-21-2017 PM2.5 |   6.33 |   6.68 |   7.23 |   5.07 |I B 
23:43-Tue-Mar-21-2017 PM10  |  16.01 |  14.62 |  16.49 |   8.65 |I B 
23:43-Tue-Mar-21-2017 PM2.5 |   6.73 |   6.69 |   7.23 |   5.07 |I B 
23:44-Tue-Mar-21-2017 PM10  |  16.01 |  14.70 |  16.49 |   8.65 |I B 
23:44-Tue-Mar-21-2017 PM2.5 |   6.73 |   6.69 |   7.23 |   5.07 |I B 
23:45-Tue-Mar-21-2017recover dati per host :92.223.147.77/nodered
23:45-Tue-Mar-21-2017 PM10  |  15.78 |  14.76 |  16.49 |   8.65 |I I 
23:45-Tue-Mar-21-2017 PM2.5 |   6.57 |   6.68 |   7.23 |   5.07 |I I 
23:49-Tue-Mar-21-2017 PM10  |  13.89 |  14.71 |  16.49 |   8.65 |I I 
23:49-Tue-Mar-21-2017 PM2.5 |   6.80 |   6.69 |   7.23 |   5.07 |I I 
23:50-Tue-Mar-21-2017 PM10  |  13.12 |  14.64 |  16.49 |   8.65 |I I 
23:50-Tue-Mar-21-2017 PM2.5 |   6.31 |   6.67 |   7.23 |   5.07 |I I 
23:54-Tue-Mar-21-2017 PM10  |  11.11 |  14.48 |  16.49 |   8.65 |I I 
23:54-Tue-Mar-21-2017 PM2.5 |   6.37 |   6.66 |   7.23 |   5.07 |I I 
23:55-Tue-Mar-21-2017 PM10  |  15.12 |  14.50 |  16.49 |   8.65 |I I 
23:55-Tue-Mar-21-2017 PM2.5 |   6.48 |   6.65 |   7.23 |   5.07 |I I 
23:59-Tue-Mar-21-2017 PM10  |  13.04 |  14.44 |  16.49 |   8.65 |I I 
23:59-Tue-Mar-21-2017 PM2.5 |   6.57 |   6.65 |   7.23 |   5.07 |I I 
00:00-Wed-Mar-22-2017 PM10  |  14.60 |  14.45 |  16.49 |   8.65 |I I 
