[Tue May 16 00:00:38 2017] Report del giorno Tuesday May 16 2017 -- INVIATO a centraline@googlegroups.com
00:00-Tue-May-16-2017 PM2.5 |   2.93 |   3.01 |  12.75 |   1.69 |I I 
00:04-Tue-May-16-2017 PM10  |   3.65 |   3.65 |   0.00 |  2000.00|I I 
00:04-Tue-May-16-2017 PM2.5 |   2.92 |   2.92 |   0.00 |  2000.00|I I 
00:05-Tue-May-16-2017 PM10  |   5.54 |   4.60 |   0.00 |  2000.00|I I 
00:05-Tue-May-16-2017 PM2.5 |   3.06 |   2.99 |   0.00 |  2000.00|I I 
00:09-Tue-May-16-2017 PM10  |   3.12 |   4.10 |   0.00 |  2000.00|I I 
00:09-Tue-May-16-2017 PM2.5 |   2.87 |   2.95 |   0.00 |  2000.00|I I 
00:10-Tue-May-16-2017 PM10  |   5.58 |   4.47 |   0.00 |  2000.00|I I 
00:10-Tue-May-16-2017 PM2.5 |   3.12 |   2.99 |   0.00 |  2000.00|I I 
00:14-Tue-May-16-2017 PM10  |   3.35 |   4.25 |   0.00 |  2000.00|I I 
00:14-Tue-May-16-2017 PM2.5 |   2.73 |   2.94 |   0.00 |  2000.00|I I 
00:15-Tue-May-16-2017 PM10  |   6.88 |   4.69 |   0.00 |  2000.00|I I 
00:15-Tue-May-16-2017 PM2.5 |   3.03 |   2.95 |   0.00 |  2000.00|I I 
00:19-Tue-May-16-2017 PM10  |   2.99 |   4.45 |   0.00 |  2000.00|I I 
00:19-Tue-May-16-2017 PM2.5 |   2.69 |   2.92 |   0.00 |  2000.00|I I 
00:20-Tue-May-16-2017 PM10  |   9.42 |   5.07 |   0.00 |  2000.00|I I 
00:20-Tue-May-16-2017 PM2.5 |   2.99 |   2.92 |   0.00 |  2000.00|I I 
00:24-Tue-May-16-2017 PM10  |   6.25 |   5.20 |   0.00 |  2000.00|I I 
00:24-Tue-May-16-2017 PM2.5 |   2.71 |   2.90 |   0.00 |  2000.00|I I 
00:25-Tue-May-16-2017 PM10  |   4.96 |   5.17 |   0.00 |  2000.00|I I 
00:25-Tue-May-16-2017 PM2.5 |   2.89 |   2.90 |   0.00 |  2000.00|I I 
00:29-Tue-May-16-2017 PM10  |   4.32 |   5.10 |   0.00 |  2000.00|I I 
00:29-Tue-May-16-2017 PM2.5 |   2.96 |   2.91 |   0.00 |  2000.00|I I 
00:30-Tue-May-16-2017 PM10  |   4.07 |   5.01 |   0.00 |  2000.00|I I 
00:30-Tue-May-16-2017 PM2.5 |   2.92 |   2.91 |   0.00 |  2000.00|I I 
00:35-Tue-May-16-2017 PM10  |   5.75 |   5.07 |   0.00 |  2000.00|I I 
00:35-Tue-May-16-2017 PM2.5 |   3.19 |   2.93 |   0.00 |  2000.00|I I 
00:36-Tue-May-16-2017 PM10  |   6.39 |   5.16 |   0.00 |  2000.00|I I 
00:36-Tue-May-16-2017 PM2.5 |   4.17 |   3.02 |   0.00 |  2000.00|I I 
00:40-Tue-May-16-2017 PM10  |   6.56 |   5.25 |   0.00 |  2000.00|I I 
00:40-Tue-May-16-2017 PM2.5 |   4.39 |   3.11 |   0.00 |  2000.00|I I 
00:41-Tue-May-16-2017 PM10  |   4.97 |   5.24 |   0.00 |  2000.00|I I 
00:41-Tue-May-16-2017 PM2.5 |   3.42 |   3.13 |   0.00 |  2000.00|I I 
00:45-Tue-May-16-2017 PM10  |   4.81 |   5.21 |   0.00 |  2000.00|I I 
00:45-Tue-May-16-2017 PM2.5 |   3.65 |   3.16 |   0.00 |  2000.00|I I 
00:46-Tue-May-16-2017 PM10  |   4.53 |   5.17 |   0.00 |  2000.00|I I 
00:46-Tue-May-16-2017 PM2.5 |   3.32 |   3.17 |   0.00 |  2000.00|I I 
00:50-Tue-May-16-2017 PM10  |   5.50 |   5.19 |   0.00 |  2000.00|I I 
00:50-Tue-May-16-2017 PM2.5 |   3.32 |   3.18 |   0.00 |  2000.00|I I 
00:51-Tue-May-16-2017 PM10  |   5.91 |   5.23 |   0.00 |  2000.00|I I 
00:51-Tue-May-16-2017 PM2.5 |   3.24 |   3.18 |   0.00 |  2000.00|I I 
00:55-Tue-May-16-2017 PM10  |   4.09 |   5.17 |   0.00 |  2000.00|I I 
00:55-Tue-May-16-2017 PM2.5 |   3.29 |   3.19 |   0.00 |  2000.00|I I 
00:56-Tue-May-16-2017 PM10  |   8.18 |   5.31 |   0.00 |  2000.00|I I 
00:56-Tue-May-16-2017 PM2.5 |   3.56 |   3.20 |   0.00 |  2000.00|I I 
01:00-Tue-May-16-2017 PM10  |   6.32 |   5.35 |   5.35 |   5.35 |I I 
01:00-Tue-May-16-2017 PM2.5 |   3.34 |   3.21 |   3.21 |   3.21 |I I 
01:01-Tue-May-16-2017 PM10  |   5.20 |   5.20 |   5.35 |   5.35 |I I 
01:01-Tue-May-16-2017 PM2.5 |   3.42 |   3.42 |   3.21 |   3.21 |I I 
01:04-Tue-May-16-2017 PM10  |   3.44 |   4.32 |   5.35 |   5.35 |I I 
01:04-Tue-May-16-2017 PM2.5 |   2.90 |   3.16 |   3.21 |   3.21 |I I 
01:05-Tue-May-16-2017 PM10  |   4.66 |   4.43 |   5.35 |   5.35 |I I 
01:05-Tue-May-16-2017 PM2.5 |   3.24 |   3.18 |   3.21 |   3.21 |I I 
01:09-Tue-May-16-2017 PM10  |   3.97 |   4.32 |   5.35 |   5.35 |I I 
01:09-Tue-May-16-2017 PM2.5 |   3.06 |   3.15 |   3.21 |   3.21 |I I 
01:10-Tue-May-16-2017 PM10  |   4.90 |   4.43 |   5.35 |   5.35 |I I 
01:10-Tue-May-16-2017 PM2.5 |   3.21 |   3.16 |   3.21 |   3.21 |I I 
01:14-Tue-May-16-2017 PM10  |   3.65 |   4.30 |   5.35 |   5.35 |I I 
01:14-Tue-May-16-2017 PM2.5 |   2.82 |   3.11 |   3.21 |   3.21 |I I 
01:15-Tue-May-16-2017 PM10  |   7.67 |   4.79 |   5.35 |   5.35 |I I 
01:15-Tue-May-16-2017 PM2.5 |   3.16 |   3.11 |   3.21 |   3.21 |I I 
01:19-Tue-May-16-2017 PM10  |   3.48 |   4.62 |   5.35 |   5.35 |I I 
01:19-Tue-May-16-2017 PM2.5 |   2.84 |   3.08 |   3.21 |   3.21 |I I 
01:20-Tue-May-16-2017 PM10  |   4.80 |   4.64 |   5.35 |   5.35 |I I 
01:20-Tue-May-16-2017 PM2.5 |   3.29 |   3.10 |   3.21 |   3.21 |I I 
01:24-Tue-May-16-2017 PM10  |   5.84 |   4.76 |   5.35 |   5.35 |I I 
01:24-Tue-May-16-2017 PM2.5 |   2.82 |   3.08 |   3.21 |   3.21 |I I 
01:25-Tue-May-16-2017 PM10  |   6.23 |   4.89 |   5.35 |   5.35 |I I 
01:25-Tue-May-16-2017 PM2.5 |   3.28 |   3.09 |   3.21 |   3.21 |I I 
01:29-Tue-May-16-2017 PM10  |   4.13 |   4.83 |   5.35 |   5.35 |I I 
01:29-Tue-May-16-2017 PM2.5 |   3.00 |   3.09 |   3.21 |   3.21 |I I 
01:30-Tue-May-16-2017 PM10  |   5.50 |   4.88 |   5.35 |   5.35 |I I 
01:30-Tue-May-16-2017 PM2.5 |   3.27 |   3.10 |   3.21 |   3.21 |I I 
01:34-Tue-May-16-2017 PM10  |   3.98 |   4.82 |   5.35 |   5.35 |I I 
01:34-Tue-May-16-2017 PM2.5 |   3.19 |   3.11 |   3.21 |   3.21 |I I 
01:35-Tue-May-16-2017 PM10  |   6.17 |   4.91 |   5.35 |   5.35 |I I 
01:35-Tue-May-16-2017 PM2.5 |   3.57 |   3.14 |   3.21 |   3.21 |I I 
01:39-Tue-May-16-2017 PM10  |   5.10 |   4.92 |   5.35 |   5.35 |I I 
01:39-Tue-May-16-2017 PM2.5 |   3.67 |   3.17 |   3.21 |   3.21 |I I 
01:40-Tue-May-16-2017 PM10  |  10.50 |   5.25 |   5.35 |   5.35 |I I 
01:40-Tue-May-16-2017 PM2.5 |   3.83 |   3.21 |   3.21 |   3.21 |I I 
01:44-Tue-May-16-2017 PM10  |   4.25 |   5.19 |   5.35 |   5.35 |I I 
01:44-Tue-May-16-2017 PM2.5 |   3.24 |   3.21 |   3.21 |   3.21 |I I 
01:45-Tue-May-16-2017 PM10  |   4.54 |   5.16 |   5.35 |   5.35 |I I 
01:45-Tue-May-16-2017 PM2.5 |   3.27 |   3.21 |   3.21 |   3.21 |I I 
01:49-Tue-May-16-2017 PM10  |   3.23 |   5.06 |   5.35 |   5.35 |I I 
01:49-Tue-May-16-2017 PM2.5 |   3.02 |   3.21 |   3.21 |   3.21 |I I 
01:50-Tue-May-16-2017 PM10  |   4.64 |   5.04 |   5.35 |   5.35 |I I 
01:50-Tue-May-16-2017 PM2.5 |   3.32 |   3.21 |   3.21 |   3.21 |I I 
01:54-Tue-May-16-2017 PM10  |   4.34 |   5.01 |   5.35 |   5.35 |I I 
01:54-Tue-May-16-2017 PM2.5 |   3.15 |   3.21 |   3.21 |   3.21 |I I 
01:55-Tue-May-16-2017 PM10  |   4.70 |   5.00 |   5.35 |   5.35 |I I 
01:55-Tue-May-16-2017 PM2.5 |   3.39 |   3.22 |   3.21 |   3.21 |I I 
02:00-Tue-May-16-2017 PM10  |   3.57 |   4.94 |   5.35 |   4.94 |I I 
02:00-Tue-May-16-2017 PM2.5 |   3.03 |   3.21 |   3.21 |   3.21 |I I 
02:01-Tue-May-16-2017 PM10  |   4.25 |   4.25 |   5.35 |   4.94 |I I 
02:01-Tue-May-16-2017 PM2.5 |   3.25 |   3.25 |   3.21 |   3.21 |I I 
02:05-Tue-May-16-2017 PM10  |   3.72 |   3.99 |   5.35 |   4.94 |I I 
02:05-Tue-May-16-2017 PM2.5 |   2.94 |   3.10 |   3.21 |   3.21 |I I 
02:06-Tue-May-16-2017 PM10  |   4.62 |   4.20 |   5.35 |   4.94 |I I 
02:06-Tue-May-16-2017 PM2.5 |   3.03 |   3.08 |   3.21 |   3.21 |I I 
02:10-Tue-May-16-2017 PM10  |   3.92 |   4.13 |   5.35 |   4.94 |I I 
02:10-Tue-May-16-2017 PM2.5 |   2.97 |   3.05 |   3.21 |   3.21 |I I 
02:11-Tue-May-16-2017 PM10  |   5.26 |   4.36 |   5.35 |   4.94 |I I 
02:11-Tue-May-16-2017 PM2.5 |   3.12 |   3.06 |   3.21 |   3.21 |I I 
02:15-Tue-May-16-2017 PM10  |   5.11 |   4.48 |   5.35 |   4.94 |I I 
02:15-Tue-May-16-2017 PM2.5 |   2.99 |   3.05 |   3.21 |   3.21 |I I 
02:16-Tue-May-16-2017 PM10  |   4.79 |   4.53 |   5.35 |   4.94 |I I 
02:16-Tue-May-16-2017 PM2.5 |   2.97 |   3.04 |   3.21 |   3.21 |I I 
02:20-Tue-May-16-2017 PM10  |   3.10 |   4.35 |   5.35 |   4.94 |I I 
02:20-Tue-May-16-2017 PM2.5 |   2.90 |   3.02 |   3.21 |   3.21 |I I 
02:21-Tue-May-16-2017 PM10  |   5.25 |   4.45 |   5.35 |   4.94 |I I 
02:21-Tue-May-16-2017 PM2.5 |   3.04 |   3.02 |   3.21 |   3.21 |I I 
02:24-Tue-May-16-2017 PM10  |   4.23 |   4.43 |   5.35 |   4.94 |I I 
02:24-Tue-May-16-2017 PM2.5 |   2.95 |   3.02 |   3.21 |   3.21 |I I 
02:25-Tue-May-16-2017 PM10  |   4.33 |   4.42 |   5.35 |   4.94 |I I 
02:25-Tue-May-16-2017 PM2.5 |   3.11 |   3.03 |   3.21 |   3.21 |I I 
02:29-Tue-May-16-2017 PM10  |   4.14 |   4.39 |   5.35 |   4.94 |I I 
02:29-Tue-May-16-2017 PM2.5 |   2.94 |   3.02 |   3.21 |   3.21 |I I 
02:30-Tue-May-16-2017 PM10  |   4.95 |   4.44 |   5.35 |   4.94 |I I 
02:30-Tue-May-16-2017 PM2.5 |   3.22 |   3.03 |   3.21 |   3.21 |I I 
02:34-Tue-May-16-2017 PM10  |   3.68 |   4.38 |   5.35 |   4.94 |I B 
02:34-Tue-May-16-2017 PM2.5 |   2.96 |   3.03 |   3.21 |   3.21 |I B 
02:35-Tue-May-16-2017recover dati per host :92.223.147.77/nodered
02:35-Tue-May-16-2017 PM10  |   4.19 |   4.37 |   5.35 |   4.94 |I I 
02:35-Tue-May-16-2017 PM2.5 |   2.87 |   3.02 |   3.21 |   3.21 |I I 
02:39-Tue-May-16-2017 PM10  |   3.02 |   4.28 |   5.35 |   4.94 |I I 
02:39-Tue-May-16-2017 PM2.5 |   2.64 |   2.99 |   3.21 |   3.21 |I I 
02:40-Tue-May-16-2017 PM10  |   6.11 |   4.39 |   5.35 |   4.94 |I I 
02:40-Tue-May-16-2017 PM2.5 |   3.14 |   3.00 |   3.21 |   3.21 |I I 
02:44-Tue-May-16-2017 PM10  |   3.78 |   4.36 |   5.35 |   4.94 |I I 
02:44-Tue-May-16-2017 PM2.5 |   2.79 |   2.99 |   3.21 |   3.21 |I I 
02:45-Tue-May-16-2017 PM10  |   4.82 |   4.38 |   5.35 |   4.94 |I I 
02:45-Tue-May-16-2017 PM2.5 |   2.84 |   2.98 |   3.21 |   3.21 |I I 
02:49-Tue-May-16-2017 PM10  |   4.76 |   4.40 |   5.35 |   4.94 |I I 
02:49-Tue-May-16-2017 PM2.5 |   2.64 |   2.97 |   3.21 |   3.21 |I I 
02:50-Tue-May-16-2017 PM10  |   4.05 |   4.38 |   5.35 |   4.94 |I I 
02:50-Tue-May-16-2017 PM2.5 |   3.01 |   2.97 |   3.21 |   3.21 |I I 
02:54-Tue-May-16-2017 PM10  |   3.40 |   4.34 |   5.35 |   4.94 |I I 
02:54-Tue-May-16-2017 PM2.5 |   2.52 |   2.95 |   3.21 |   3.21 |I I 
02:55-Tue-May-16-2017 PM10  |   3.99 |   4.32 |   5.35 |   4.94 |I I 
02:55-Tue-May-16-2017 PM2.5 |   2.75 |   2.94 |   3.21 |   3.21 |I I 
02:59-Tue-May-16-2017 PM10  |   2.93 |   4.27 |   5.35 |   4.94 |B I 
02:59-Tue-May-16-2017 PM2.5 |   2.61 |   2.93 |   3.21 |   3.21 |B I 
03:00-Tue-May-16-2017recover dati per host :salvatorehost.no-ip.org/aria
03:00-Tue-May-16-2017 PM10  |   4.93 |   4.29 |   5.35 |   4.29 |I I 
03:00-Tue-May-16-2017 PM2.5 |   2.88 |   2.92 |   3.21 |   2.92 |I I 
03:04-Tue-May-16-2017 PM10  |   3.08 |   3.08 |   5.35 |   4.29 |I I 
03:04-Tue-May-16-2017 PM2.5 |   2.59 |   2.59 |   3.21 |   2.92 |I I 
03:06-Tue-May-16-2017 PM10  |   5.66 |   4.37 |   5.35 |   4.29 |I I 
03:06-Tue-May-16-2017 PM2.5 |   2.85 |   2.72 |   3.21 |   2.92 |I I 
03:10-Tue-May-16-2017 PM10  |   2.77 |   3.84 |   5.35 |   4.29 |I I 
03:10-Tue-May-16-2017 PM2.5 |   2.46 |   2.63 |   3.21 |   2.92 |I I 
03:11-Tue-May-16-2017 PM10  |   3.63 |   3.79 |   5.35 |   4.29 |I I 
03:11-Tue-May-16-2017 PM2.5 |   2.57 |   2.62 |   3.21 |   2.92 |I I 
03:15-Tue-May-16-2017 PM10  |   2.75 |   3.58 |   5.35 |   4.29 |I I 
03:15-Tue-May-16-2017 PM2.5 |   2.54 |   2.60 |   3.21 |   2.92 |I I 
03:16-Tue-May-16-2017 PM10  |   6.18 |   4.01 |   5.35 |   4.29 |I I 
03:16-Tue-May-16-2017 PM2.5 |   3.63 |   2.77 |   3.21 |   2.92 |I I 
03:20-Tue-May-16-2017 PM10  |   5.01 |   4.16 |   5.35 |   4.29 |I I 
03:20-Tue-May-16-2017 PM2.5 |   3.70 |   2.91 |   3.21 |   2.92 |I I 
03:21-Tue-May-16-2017 PM10  |   5.41 |   4.31 |   5.35 |   4.29 |I I 
03:21-Tue-May-16-2017 PM2.5 |   3.52 |   2.98 |   3.21 |   2.92 |I I 
03:25-Tue-May-16-2017 PM10  |   3.71 |   4.24 |   5.35 |   4.29 |I I 
03:25-Tue-May-16-2017 PM2.5 |   2.96 |   2.98 |   3.21 |   2.92 |I I 
03:26-Tue-May-16-2017 PM10  |   4.89 |   4.31 |   5.35 |   4.29 |I I 
03:26-Tue-May-16-2017 PM2.5 |   3.05 |   2.99 |   3.21 |   2.92 |I I 
03:30-Tue-May-16-2017 PM10  |   4.14 |   4.29 |   5.35 |   4.29 |B I 
03:30-Tue-May-16-2017 PM2.5 |   2.95 |   2.98 |   3.21 |   2.92 |B I 
03:31-Tue-May-16-2017recover dati per host :salvatorehost.no-ip.org/aria
03:31-Tue-May-16-2017 PM10  |   7.77 |   4.58 |   5.35 |   4.29 |I I 
03:31-Tue-May-16-2017 PM2.5 |   3.68 |   3.04 |   3.21 |   2.92 |I I 
03:35-Tue-May-16-2017 PM10  |   4.60 |   4.58 |   5.35 |   4.29 |I I 
03:35-Tue-May-16-2017 PM2.5 |   3.37 |   3.07 |   3.21 |   2.92 |I I 
03:36-Tue-May-16-2017 PM10  |   4.18 |   4.56 |   5.35 |   4.29 |I I 
03:36-Tue-May-16-2017 PM2.5 |   3.35 |   3.09 |   3.21 |   2.92 |I I 
03:40-Tue-May-16-2017 PM10  |   3.60 |   4.49 |   5.35 |   4.29 |I B 
03:40-Tue-May-16-2017 PM2.5 |   3.32 |   3.10 |   3.21 |   2.92 |I B 
03:44-Tue-May-16-2017 PM10  |   3.41 |   4.42 |   5.35 |   4.29 |B B 
03:44-Tue-May-16-2017 PM2.5 |   2.98 |   3.09 |   3.21 |   2.92 |B B 
03:45-Tue-May-16-2017recover dati per host :salvatorehost.no-ip.org/aria
03:45-Tue-May-16-2017recover dati per host :92.223.147.77/nodered
03:45-Tue-May-16-2017 PM10  |   4.14 |   4.41 |   5.35 |   4.29 |I I 
03:45-Tue-May-16-2017 PM2.5 |   3.11 |   3.09 |   3.21 |   2.92 |I I 
03:49-Tue-May-16-2017 PM10  |   5.22 |   4.45 |   5.35 |   4.29 |I I 
03:49-Tue-May-16-2017 PM2.5 |   3.22 |   3.10 |   3.21 |   2.92 |I I 
03:50-Tue-May-16-2017 PM10  |   5.93 |   4.53 |   5.35 |   4.29 |I B 
03:50-Tue-May-16-2017 PM2.5 |   3.18 |   3.11 |   3.21 |   2.92 |I B 
03:54-Tue-May-16-2017recover dati per host :92.223.147.77/nodered
03:54-Tue-May-16-2017 PM10  |   3.67 |   4.49 |   5.35 |   4.29 |I I 
03:54-Tue-May-16-2017 PM2.5 |   2.96 |   3.10 |   3.21 |   2.92 |I I 
03:55-Tue-May-16-2017 PM10  |   5.93 |   4.56 |   5.35 |   4.29 |I I 
03:55-Tue-May-16-2017 PM2.5 |   3.14 |   3.10 |   3.21 |   2.92 |I I 
03:59-Tue-May-16-2017 PM10  |   3.28 |   4.50 |   5.35 |   4.29 |I I 
03:59-Tue-May-16-2017 PM2.5 |   2.84 |   3.09 |   3.21 |   2.92 |I I 
04:00-Tue-May-16-2017 PM10  |   4.97 |   4.52 |   5.35 |   4.29 |I I 
04:00-Tue-May-16-2017 PM2.5 |   2.96 |   3.08 |   3.21 |   2.92 |I I 
04:04-Tue-May-16-2017 PM10  |   3.29 |   3.29 |   5.35 |   4.29 |B I 
04:04-Tue-May-16-2017 PM2.5 |   2.91 |   2.91 |   3.21 |   2.92 |B I 
04:06-Tue-May-16-2017 PM10  |   4.00 |   3.65 |   5.35 |   4.29 |B I 
04:06-Tue-May-16-2017 PM2.5 |   2.92 |   2.92 |   3.21 |   2.92 |B I 
04:10-Tue-May-16-2017recover dati per host :salvatorehost.no-ip.org/aria
04:10-Tue-May-16-2017 PM10  |   2.99 |   3.43 |   5.35 |   4.29 |I I 
04:10-Tue-May-16-2017 PM2.5 |   2.62 |   2.82 |   3.21 |   2.92 |I I 
04:11-Tue-May-16-2017 PM10  |   4.10 |   3.60 |   5.35 |   4.29 |I I 
04:11-Tue-May-16-2017 PM2.5 |   2.67 |   2.78 |   3.21 |   2.92 |I I 
04:15-Tue-May-16-2017 PM10  |   2.94 |   3.47 |   5.35 |   4.29 |I I 
04:15-Tue-May-16-2017 PM2.5 |   2.70 |   2.76 |   3.21 |   2.92 |I I 
04:16-Tue-May-16-2017 PM10  |   6.14 |   3.91 |   5.35 |   4.29 |I B 
04:16-Tue-May-16-2017 PM2.5 |   2.94 |   2.79 |   3.21 |   2.92 |I B 
04:20-Tue-May-16-2017recover dati per host :92.223.147.77/nodered
04:20-Tue-May-16-2017 PM10  |   5.53 |   4.14 |   5.35 |   4.29 |I I 
04:20-Tue-May-16-2017 PM2.5 |   2.77 |   2.79 |   3.21 |   2.92 |I I 
04:21-Tue-May-16-2017 PM10  |   3.97 |   4.12 |   5.35 |   4.29 |I I 
04:21-Tue-May-16-2017 PM2.5 |   2.81 |   2.79 |   3.21 |   2.92 |I I 
04:25-Tue-May-16-2017 PM10  |   3.04 |   4.00 |   5.35 |   4.29 |I I 
04:25-Tue-May-16-2017 PM2.5 |   2.60 |   2.77 |   3.21 |   2.92 |I I 
04:26-Tue-May-16-2017 PM10  |   3.69 |   3.97 |   5.35 |   4.29 |I I 
04:26-Tue-May-16-2017 PM2.5 |   2.81 |   2.78 |   3.21 |   2.92 |I I 
04:30-Tue-May-16-2017 PM10  |   3.34 |   3.91 |   5.35 |   4.29 |I I 
04:30-Tue-May-16-2017 PM2.5 |   2.70 |   2.77 |   3.21 |   2.92 |I I 
04:31-Tue-May-16-2017 PM10  |   4.94 |   4.00 |   5.35 |   4.29 |I I 
04:31-Tue-May-16-2017 PM2.5 |   3.21 |   2.81 |   3.21 |   2.92 |I I 
04:35-Tue-May-16-2017 PM10  |   3.11 |   3.93 |   5.35 |   4.29 |I I 
04:35-Tue-May-16-2017 PM2.5 |   2.57 |   2.79 |   3.21 |   2.92 |I I 
04:36-Tue-May-16-2017 PM10  |   4.17 |   3.95 |   5.35 |   4.29 |I I 
04:36-Tue-May-16-2017 PM2.5 |   2.86 |   2.79 |   3.21 |   2.92 |I I 
04:40-Tue-May-16-2017 PM10  |   4.58 |   3.99 |   5.35 |   4.29 |I I 
04:40-Tue-May-16-2017 PM2.5 |   2.73 |   2.79 |   3.21 |   2.92 |I I 
04:41-Tue-May-16-2017 PM10  |   3.92 |   3.99 |   5.35 |   4.29 |I I 
04:41-Tue-May-16-2017 PM2.5 |   2.74 |   2.79 |   3.21 |   2.92 |I I 
04:45-Tue-May-16-2017 PM10  |   3.31 |   3.95 |   5.35 |   4.29 |I I 
04:45-Tue-May-16-2017 PM2.5 |   2.72 |   2.78 |   3.21 |   2.92 |I I 
04:49-Tue-May-16-2017 PM10  |   3.80 |   3.94 |   5.35 |   4.29 |I I 
04:49-Tue-May-16-2017 PM2.5 |   2.75 |   2.78 |   3.21 |   2.92 |I I 
04:50-Tue-May-16-2017 PM10  |   5.26 |   4.01 |   5.35 |   4.29 |B I 
04:50-Tue-May-16-2017 PM2.5 |   2.81 |   2.78 |   3.21 |   2.92 |B I 
04:54-Tue-May-16-2017recover dati per host :salvatorehost.no-ip.org/aria
04:54-Tue-May-16-2017 PM10  |   2.87 |   3.95 |   5.35 |   4.29 |I I 
04:54-Tue-May-16-2017 PM2.5 |   2.46 |   2.77 |   3.21 |   2.92 |I I 
04:55-Tue-May-16-2017 PM10  |   4.97 |   4.00 |   5.35 |   4.29 |I I 
04:55-Tue-May-16-2017 PM2.5 |   2.87 |   2.77 |   3.21 |   2.92 |I I 
04:59-Tue-May-16-2017 PM10  |   3.57 |   3.98 |   5.35 |   4.29 |B I 
04:59-Tue-May-16-2017 PM2.5 |   2.48 |   2.76 |   3.21 |   2.92 |B I 
05:00-Tue-May-16-2017recover dati per host :salvatorehost.no-ip.org/aria
05:00-Tue-May-16-2017 PM10  |   4.82 |   4.02 |   5.35 |   4.02 |I I 
05:00-Tue-May-16-2017 PM2.5 |   2.93 |   2.76 |   3.21 |   2.76 |I I 
05:04-Tue-May-16-2017 PM10  |   4.14 |   4.14 |   5.35 |   4.02 |I I 
05:04-Tue-May-16-2017 PM2.5 |   2.43 |   2.43 |   3.21 |   2.76 |I I 
05:05-Tue-May-16-2017 PM10  |   5.63 |   4.88 |   5.35 |   4.02 |I I 
05:05-Tue-May-16-2017 PM2.5 |   2.77 |   2.60 |   3.21 |   2.76 |I I 
05:09-Tue-May-16-2017 PM10  |   3.01 |   4.26 |   5.35 |   4.02 |I I 
05:09-Tue-May-16-2017 PM2.5 |   2.41 |   2.54 |   3.21 |   2.76 |I I 
05:10-Tue-May-16-2017 PM10  |   4.48 |   4.31 |   5.35 |   4.02 |I I 
05:10-Tue-May-16-2017 PM2.5 |   2.58 |   2.55 |   3.21 |   2.76 |I I 
05:14-Tue-May-16-2017 PM10  |   4.45 |   4.34 |   5.35 |   4.02 |I I 
05:14-Tue-May-16-2017 PM2.5 |   2.46 |   2.53 |   3.21 |   2.76 |I I 
05:15-Tue-May-16-2017 PM10  |   5.42 |   4.52 |   5.35 |   4.02 |I I 
05:15-Tue-May-16-2017 PM2.5 |   2.68 |   2.56 |   3.21 |   2.76 |I I 
05:19-Tue-May-16-2017 PM10  |   4.78 |   4.56 |   5.35 |   4.02 |I I 
05:19-Tue-May-16-2017 PM2.5 |   2.58 |   2.56 |   3.21 |   2.76 |I I 
05:21-Tue-May-16-2017 PM10  |   3.66 |   4.45 |   5.35 |   4.02 |I I 
05:21-Tue-May-16-2017 PM2.5 |   2.45 |   2.55 |   3.21 |   2.76 |I I 
05:25-Tue-May-16-2017 PM10  |   4.65 |   4.47 |   5.35 |   4.02 |B I 
05:25-Tue-May-16-2017 PM2.5 |   2.47 |   2.54 |   3.21 |   2.76 |B I 
05:26-Tue-May-16-2017recover dati per host :salvatorehost.no-ip.org/aria
05:26-Tue-May-16-2017 PM10  |   4.88 |   4.51 |   5.35 |   4.02 |I I 
05:26-Tue-May-16-2017 PM2.5 |   2.83 |   2.57 |   3.21 |   2.76 |I I 
05:30-Tue-May-16-2017 PM10  |   4.55 |   4.51 |   5.35 |   4.02 |I I 
05:30-Tue-May-16-2017 PM2.5 |   2.52 |   2.56 |   3.21 |   2.76 |I I 
05:31-Tue-May-16-2017 PM10  |   5.12 |   4.56 |   5.35 |   4.02 |I I 
05:31-Tue-May-16-2017 PM2.5 |   2.71 |   2.57 |   3.21 |   2.76 |I I 
05:35-Tue-May-16-2017 PM10  |   2.71 |   4.42 |   5.35 |   4.02 |I I 
05:35-Tue-May-16-2017 PM2.5 |   2.31 |   2.55 |   3.21 |   2.76 |I I 
05:36-Tue-May-16-2017 PM10  |   4.36 |   4.42 |   5.35 |   4.02 |I I 
05:36-Tue-May-16-2017 PM2.5 |   2.46 |   2.55 |   3.21 |   2.76 |I I 
05:40-Tue-May-16-2017 PM10  |   4.90 |   4.45 |   5.35 |   4.02 |I I 
05:40-Tue-May-16-2017 PM2.5 |   2.44 |   2.54 |   3.21 |   2.76 |I I 
05:41-Tue-May-16-2017 PM10  |   3.48 |   4.39 |   5.35 |   4.02 |I I 
05:41-Tue-May-16-2017 PM2.5 |   2.69 |   2.55 |   3.21 |   2.76 |I I 
05:45-Tue-May-16-2017 PM10  |   2.10 |   4.25 |   5.35 |   4.02 |I I 
05:45-Tue-May-16-2017 PM2.5 |   1.98 |   2.52 |   3.21 |   2.76 |I I 
05:46-Tue-May-16-2017 PM10  |   5.30 |   4.31 |   5.35 |   4.02 |I I 
05:46-Tue-May-16-2017 PM2.5 |   2.51 |   2.52 |   3.21 |   2.76 |I I 
05:50-Tue-May-16-2017 PM10  |   3.02 |   4.24 |   5.35 |   4.02 |B I 
05:50-Tue-May-16-2017 PM2.5 |   2.28 |   2.50 |   3.21 |   2.76 |B I 
05:51-Tue-May-16-2017recover dati per host :salvatorehost.no-ip.org/aria
05:51-Tue-May-16-2017 PM10  |   3.32 |   4.20 |   5.35 |   4.02 |I I 
05:51-Tue-May-16-2017 PM2.5 |   2.58 |   2.51 |   3.21 |   2.76 |I I 
05:55-Tue-May-16-2017 PM10  |   2.38 |   4.11 |   5.35 |   4.02 |I I 
05:55-Tue-May-16-2017 PM2.5 |   2.18 |   2.49 |   3.21 |   2.76 |I I 
05:56-Tue-May-16-2017 PM10  |   5.08 |   4.16 |   5.35 |   4.02 |I I 
05:56-Tue-May-16-2017 PM2.5 |   2.47 |   2.49 |   3.21 |   2.76 |I I 
05:59-Tue-May-16-2017 PM10  |   4.18 |   4.16 |   5.35 |   4.02 |I I 
05:59-Tue-May-16-2017 PM2.5 |   2.48 |   2.49 |   3.21 |   2.76 |I I 
06:00-Tue-May-16-2017 PM10  |   3.89 |   4.15 |   5.35 |   4.02 |I I 
06:00-Tue-May-16-2017 PM2.5 |   2.43 |   2.49 |   3.21 |   2.49 |I I 
06:04-Tue-May-16-2017 PM10  |   2.29 |   2.29 |   5.35 |   4.02 |I I 
06:04-Tue-May-16-2017 PM2.5 |   2.03 |   2.03 |   3.21 |   2.49 |I I 
06:05-Tue-May-16-2017 PM10  |   4.73 |   3.51 |   5.35 |   4.02 |I I 
06:05-Tue-May-16-2017 PM2.5 |   2.53 |   2.28 |   3.21 |   2.49 |I I 
06:09-Tue-May-16-2017 PM10  |   2.97 |   3.33 |   5.35 |   4.02 |I I 
06:09-Tue-May-16-2017 PM2.5 |   2.12 |   2.23 |   3.21 |   2.49 |I I 
06:10-Tue-May-16-2017 PM10  |   4.92 |   3.73 |   5.35 |   4.02 |I I 
06:10-Tue-May-16-2017 PM2.5 |   2.56 |   2.31 |   3.21 |   2.49 |I I 
06:14-Tue-May-16-2017 PM10  |   4.52 |   3.89 |   5.35 |   4.02 |I I 
06:14-Tue-May-16-2017 PM2.5 |   2.46 |   2.34 |   3.21 |   2.49 |I I 
06:15-Tue-May-16-2017 PM10  |   5.88 |   4.22 |   5.35 |   4.02 |I I 
06:15-Tue-May-16-2017 PM2.5 |   2.52 |   2.37 |   3.21 |   2.49 |I I 
06:19-Tue-May-16-2017 PM10  |   4.01 |   4.19 |   5.35 |   4.02 |B I 
06:19-Tue-May-16-2017 PM2.5 |   2.36 |   2.37 |   3.21 |   2.49 |B I 
06:20-Tue-May-16-2017recover dati per host :salvatorehost.no-ip.org/aria
06:20-Tue-May-16-2017 PM10  |   3.30 |   4.08 |   5.35 |   4.02 |I I 
06:20-Tue-May-16-2017 PM2.5 |   2.35 |   2.37 |   3.21 |   2.49 |I I 
06:25-Tue-May-16-2017 PM10  |   4.23 |   4.09 |   5.35 |   4.02 |I I 
06:25-Tue-May-16-2017 PM2.5 |   2.10 |   2.34 |   3.21 |   2.49 |I I 
06:26-Tue-May-16-2017 PM10  |   4.25 |   4.11 |   5.35 |   4.02 |I I 
06:26-Tue-May-16-2017 PM2.5 |   2.50 |   2.35 |   3.21 |   2.49 |I I 
06:30-Tue-May-16-2017 PM10  |   3.50 |   4.05 |   5.35 |   4.02 |I I 
06:30-Tue-May-16-2017 PM2.5 |   2.34 |   2.35 |   3.21 |   2.49 |I I 
06:31-Tue-May-16-2017 PM10  |   3.18 |   3.98 |   5.35 |   4.02 |I I 
06:31-Tue-May-16-2017 PM2.5 |   2.33 |   2.35 |   3.21 |   2.49 |I I 
06:35-Tue-May-16-2017 PM10  |   2.78 |   3.89 |   5.35 |   4.02 |I I 
06:35-Tue-May-16-2017 PM2.5 |   2.26 |   2.34 |   3.21 |   2.49 |I I 
06:36-Tue-May-16-2017 PM10  |   4.77 |   3.95 |   5.35 |   4.02 |I I 
06:36-Tue-May-16-2017 PM2.5 |   2.42 |   2.35 |   3.21 |   2.49 |I I 
06:40-Tue-May-16-2017 PM10  |   3.66 |   3.93 |   5.35 |   4.02 |I I 
06:40-Tue-May-16-2017 PM2.5 |   2.16 |   2.34 |   3.21 |   2.49 |I I 
06:41-Tue-May-16-2017 PM10  |   5.31 |   4.02 |   5.35 |   4.02 |I I 
06:41-Tue-May-16-2017 PM2.5 |   2.28 |   2.33 |   3.21 |   2.49 |I I 
06:45-Tue-May-16-2017 PM10  |   3.82 |   4.01 |   5.35 |   4.02 |I I 
06:45-Tue-May-16-2017 PM2.5 |   2.12 |   2.32 |   3.21 |   2.49 |I I 
06:46-Tue-May-16-2017 PM10  |   5.43 |   4.09 |   5.35 |   4.02 |I I 
06:46-Tue-May-16-2017 PM2.5 |   2.82 |   2.35 |   3.21 |   2.49 |I I 
06:50-Tue-May-16-2017 PM10  |   4.63 |   4.11 |   5.35 |   4.02 |I I 
06:50-Tue-May-16-2017 PM2.5 |   2.38 |   2.35 |   3.21 |   2.49 |I I 
06:51-Tue-May-16-2017 PM10  |   3.67 |   4.09 |   5.35 |   4.02 |I I 
06:51-Tue-May-16-2017 PM2.5 |   2.67 |   2.37 |   3.21 |   2.49 |I I 
06:55-Tue-May-16-2017 PM10  |   5.13 |   4.14 |   5.35 |   4.02 |I I 
06:55-Tue-May-16-2017 PM2.5 |   2.27 |   2.36 |   3.21 |   2.49 |I I 
06:56-Tue-May-16-2017 PM10  |   7.66 |   4.30 |   5.35 |   4.02 |I I 
06:56-Tue-May-16-2017 PM2.5 |   2.49 |   2.37 |   3.21 |   2.49 |I I 
07:00-Tue-May-16-2017 PM10  |   3.00 |   4.24 |   5.35 |   4.02 |I I 
07:00-Tue-May-16-2017 PM2.5 |   2.25 |   2.36 |   3.21 |   2.36 |I I 
07:01-Tue-May-16-2017 PM10  |   6.96 |   6.96 |   5.35 |   4.02 |I I 
07:01-Tue-May-16-2017 PM2.5 |   2.63 |   2.63 |   3.21 |   2.36 |I I 
07:05-Tue-May-16-2017 PM10  |   4.62 |   5.79 |   5.35 |   4.02 |I I 
07:05-Tue-May-16-2017 PM2.5 |   2.14 |   2.38 |   3.21 |   2.36 |I I 
07:06-Tue-May-16-2017 PM10  |   8.97 |   6.85 |   5.35 |   4.02 |I I 
07:06-Tue-May-16-2017 PM2.5 |   2.99 |   2.59 |   3.21 |   2.36 |I I 
07:10-Tue-May-16-2017 PM10  |   5.43 |   6.49 |   5.35 |   4.02 |I B 
07:10-Tue-May-16-2017 PM2.5 |   2.44 |   2.55 |   3.21 |   2.36 |I B 
07:11-Tue-May-16-2017recover dati per host :92.223.147.77/nodered
07:11-Tue-May-16-2017 PM10  |   8.33 |   6.86 |   5.35 |   4.02 |I I 
07:11-Tue-May-16-2017 PM2.5 |   2.63 |   2.57 |   3.21 |   2.36 |I I 
07:15-Tue-May-16-2017 PM10  |   7.24 |   6.93 |   5.35 |   4.02 |I I 
07:15-Tue-May-16-2017 PM2.5 |   2.70 |   2.59 |   3.21 |   2.36 |I I 
07:16-Tue-May-16-2017 PM10  |  11.79 |   7.62 |   5.35 |   4.02 |I I 
07:16-Tue-May-16-2017 PM2.5 |   2.98 |   2.64 |   3.21 |   2.36 |I I 
07:20-Tue-May-16-2017 PM10  |   9.18 |   7.82 |   5.35 |   4.02 |I I 
07:20-Tue-May-16-2017 PM2.5 |   2.74 |   2.66 |   3.21 |   2.36 |I I 
07:21-Tue-May-16-2017 PM10  |   5.26 |   7.53 |   5.35 |   4.02 |I I 
07:21-Tue-May-16-2017 PM2.5 |   2.52 |   2.64 |   3.21 |   2.36 |I I 
07:25-Tue-May-16-2017 PM10  |   7.12 |   7.49 |   5.35 |   4.02 |I I 
07:25-Tue-May-16-2017 PM2.5 |   2.41 |   2.62 |   3.21 |   2.36 |I I 
07:26-Tue-May-16-2017 PM10  |  14.56 |   8.13 |   5.35 |   4.02 |I I 
07:26-Tue-May-16-2017 PM2.5 |   3.21 |   2.67 |   3.21 |   2.36 |I I 
07:29-Tue-May-16-2017 PM10  |   7.92 |   8.11 |   5.35 |   4.02 |I I 
07:29-Tue-May-16-2017 PM2.5 |   2.76 |   2.68 |   3.21 |   2.36 |I I 
07:30-Tue-May-16-2017 PM10  |   7.32 |   8.05 |   5.35 |   4.02 |I I 
07:30-Tue-May-16-2017 PM2.5 |   3.12 |   2.71 |   3.21 |   2.36 |I I 
07:34-Tue-May-16-2017 PM10  |   6.55 |   7.95 |   5.35 |   4.02 |I I 
07:34-Tue-May-16-2017 PM2.5 |   2.64 |   2.71 |   3.21 |   2.36 |I I 
07:35-Tue-May-16-2017 PM10  |   7.73 |   7.93 |   5.35 |   4.02 |B I 
07:35-Tue-May-16-2017 PM2.5 |   2.82 |   2.71 |   3.21 |   2.36 |B I 
07:39-Tue-May-16-2017recover dati per host :salvatorehost.no-ip.org/aria
07:39-Tue-May-16-2017 PM10  |  10.00 |   8.06 |   5.35 |   4.02 |I I 
07:39-Tue-May-16-2017 PM2.5 |   2.70 |   2.71 |   3.21 |   2.36 |I I 
07:40-Tue-May-16-2017 PM10  |   9.40 |   8.14 |   5.35 |   4.02 |I I 
07:40-Tue-May-16-2017 PM2.5 |   2.83 |   2.72 |   3.21 |   2.36 |I I 
07:44-Tue-May-16-2017 PM10  |  10.12 |   8.25 |   5.35 |   4.02 |I I 
07:44-Tue-May-16-2017 PM2.5 |   2.70 |   2.72 |   3.21 |   2.36 |I I 
07:45-Tue-May-16-2017 PM10  |   6.59 |   8.16 |   5.35 |   4.02 |I I 
07:45-Tue-May-16-2017 PM2.5 |   2.69 |   2.72 |   3.21 |   2.36 |I I 
07:49-Tue-May-16-2017 PM10  |   4.93 |   8.00 |   5.35 |   4.02 |I I 
07:49-Tue-May-16-2017 PM2.5 |   2.17 |   2.69 |   3.21 |   2.36 |I I 
07:50-Tue-May-16-2017 PM10  |   6.05 |   7.91 |   5.35 |   4.02 |I I 
07:50-Tue-May-16-2017 PM2.5 |   2.66 |   2.69 |   3.21 |   2.36 |I I 
07:54-Tue-May-16-2017 PM10  |   4.42 |   7.75 |   5.35 |   4.02 |I I 
07:54-Tue-May-16-2017 PM2.5 |   2.25 |   2.67 |   3.21 |   2.36 |I I 
07:55-Tue-May-16-2017 PM10  |   7.58 |   7.74 |   5.35 |   4.02 |I B 
07:55-Tue-May-16-2017 PM2.5 |   2.71 |   2.67 |   3.21 |   2.36 |I B 
07:59-Tue-May-16-2017recover dati per host :92.223.147.77/nodered
07:59-Tue-May-16-2017 PM10  |   6.17 |   7.68 |   5.35 |   4.02 |I I 
07:59-Tue-May-16-2017 PM2.5 |   2.29 |   2.66 |   3.21 |   2.36 |I I 
08:00-Tue-May-16-2017 PM10  |   7.98 |   7.69 |   7.69 |   4.02 |I I 
08:00-Tue-May-16-2017 PM2.5 |   2.75 |   2.66 |   3.21 |   2.36 |I I 
08:04-Tue-May-16-2017 PM10  |   5.73 |   5.73 |   7.69 |   4.02 |I I 
08:04-Tue-May-16-2017 PM2.5 |   2.41 |   2.41 |   3.21 |   2.36 |I I 
08:06-Tue-May-16-2017 PM10  |   4.78 |   5.25 |   7.69 |   4.02 |I I 
08:06-Tue-May-16-2017 PM2.5 |   2.65 |   2.53 |   3.21 |   2.36 |I I 
08:10-Tue-May-16-2017 PM10  |   6.88 |   5.80 |   7.69 |   4.02 |I I 
08:10-Tue-May-16-2017 PM2.5 |   2.77 |   2.61 |   3.21 |   2.36 |I I 
08:11-Tue-May-16-2017 PM10  |   8.20 |   6.40 |   7.69 |   4.02 |B B 
08:11-Tue-May-16-2017 PM2.5 |   2.72 |   2.64 |   3.21 |   2.36 |B B 
08:15-Tue-May-16-2017recover dati per host :salvatorehost.no-ip.org/aria
08:15-Tue-May-16-2017recover dati per host :92.223.147.77/nodered
08:15-Tue-May-16-2017 PM10  |   7.14 |   6.55 |   7.69 |   4.02 |I I 
08:15-Tue-May-16-2017 PM2.5 |   2.28 |   2.56 |   3.21 |   2.36 |I I 
08:16-Tue-May-16-2017 PM10  |   6.80 |   6.59 |   7.69 |   4.02 |B I 
08:16-Tue-May-16-2017 PM2.5 |   2.80 |   2.60 |   3.21 |   2.36 |B I 
08:20-Tue-May-16-2017recover dati per host :salvatorehost.no-ip.org/aria
08:20-Tue-May-16-2017 PM10  |   5.27 |   6.40 |   7.69 |   4.02 |I I 
08:20-Tue-May-16-2017 PM2.5 |   2.38 |   2.57 |   3.21 |   2.36 |I I 
08:21-Tue-May-16-2017 PM10  |   5.83 |   6.33 |   7.69 |   4.02 |B B 
08:21-Tue-May-16-2017 PM2.5 |   2.55 |   2.57 |   3.21 |   2.36 |B B 
08:25-Tue-May-16-2017recover dati per host :92.223.147.77/nodered
08:25-Tue-May-16-2017 PM10  |   5.36 |   6.22 |   7.69 |   4.02 |B I 
08:25-Tue-May-16-2017 PM2.5 |   2.65 |   2.58 |   3.21 |   2.36 |B I 
08:26-Tue-May-16-2017 PM10  |   5.30 |   6.13 |   7.69 |   4.02 |B I 
08:26-Tue-May-16-2017 PM2.5 |   2.43 |   2.56 |   3.21 |   2.36 |B I 
08:30-Tue-May-16-2017recover dati per host :salvatorehost.no-ip.org/aria
08:30-Tue-May-16-2017 PM10  |   4.93 |   6.02 |   7.69 |   4.02 |I I 
08:30-Tue-May-16-2017 PM2.5 |   2.26 |   2.54 |   3.21 |   2.36 |I I 
08:31-Tue-May-16-2017 PM10  |   6.97 |   6.10 |   7.69 |   4.02 |I I 
08:31-Tue-May-16-2017 PM2.5 |   2.51 |   2.53 |   3.21 |   2.36 |I I 
08:35-Tue-May-16-2017 PM10  |   4.94 |   6.01 |   7.69 |   4.02 |I I 
08:35-Tue-May-16-2017 PM2.5 |   2.46 |   2.53 |   3.21 |   2.36 |I I 
08:36-Tue-May-16-2017 PM10  |   8.93 |   6.22 |   7.69 |   4.02 |B I 
08:36-Tue-May-16-2017 PM2.5 |   2.65 |   2.54 |   3.21 |   2.36 |B I 
08:39-Tue-May-16-2017recover dati per host :salvatorehost.no-ip.org/aria
08:39-Tue-May-16-2017 PM10  |   4.88 |   6.13 |   7.69 |   4.02 |I I 
08:39-Tue-May-16-2017 PM2.5 |   2.12 |   2.51 |   3.21 |   2.36 |I I 
08:40-Tue-May-16-2017 PM10  |   7.45 |   6.21 |   7.69 |   4.02 |I I 
08:40-Tue-May-16-2017 PM2.5 |   2.68 |   2.52 |   3.21 |   2.36 |I I 
08:44-Tue-May-16-2017 PM10  |   3.66 |   6.06 |   7.69 |   4.02 |I I 
08:44-Tue-May-16-2017 PM2.5 |   2.22 |   2.50 |   3.21 |   2.36 |I I 
08:45-Tue-May-16-2017 PM10  |   6.10 |   6.06 |   7.69 |   4.02 |I I 
08:45-Tue-May-16-2017 PM2.5 |   2.48 |   2.50 |   3.21 |   2.36 |I I 
08:49-Tue-May-16-2017 PM10  |   4.72 |   5.99 |   7.69 |   4.02 |I B 
08:49-Tue-May-16-2017 PM2.5 |   2.12 |   2.48 |   3.21 |   2.36 |I B 
08:51-Tue-May-16-2017recover dati per host :92.223.147.77/nodered
08:51-Tue-May-16-2017 PM10  |   6.66 |   6.03 |   7.69 |   4.02 |I I 
08:51-Tue-May-16-2017 PM2.5 |   2.41 |   2.48 |   3.21 |   2.36 |I I 
08:55-Tue-May-16-2017 PM10  |   3.73 |   5.92 |   7.69 |   4.02 |I I 
08:55-Tue-May-16-2017 PM2.5 |   2.08 |   2.46 |   3.21 |   2.36 |I I 
08:56-Tue-May-16-2017 PM10  |   5.41 |   5.89 |   7.69 |   4.02 |I I 
08:56-Tue-May-16-2017 PM2.5 |   2.44 |   2.46 |   3.21 |   2.36 |I I 
09:00-Tue-May-16-2017 PM10  |   3.72 |   5.80 |   7.69 |   4.02 |B I 
09:00-Tue-May-16-2017 PM2.5 |   2.04 |   2.44 |   3.21 |   2.36 |B I 
09:01-Tue-May-16-2017recover dati per host :salvatorehost.no-ip.org/aria
09:01-Tue-May-16-2017 PM10  |   8.05 |   8.05 |   7.69 |   4.02 |I I 
09:01-Tue-May-16-2017 PM2.5 |   2.77 |   2.77 |   3.21 |   2.36 |I I 
09:05-Tue-May-16-2017 PM10  |   6.18 |   7.11 |   7.69 |   4.02 |B I 
09:05-Tue-May-16-2017 PM2.5 |   2.28 |   2.52 |   3.21 |   2.36 |B I 
09:06-Tue-May-16-2017recover dati per host :salvatorehost.no-ip.org/aria
09:06-Tue-May-16-2017 PM10  |   5.40 |   6.54 |   7.69 |   4.02 |I I 
09:06-Tue-May-16-2017 PM2.5 |   2.20 |   2.42 |   3.21 |   2.36 |I I 
09:10-Tue-May-16-2017 PM10  |   6.44 |   6.52 |   7.69 |   4.02 |I I 
09:10-Tue-May-16-2017 PM2.5 |   1.94 |   2.30 |   3.21 |   2.36 |I I 
09:11-Tue-May-16-2017 PM10  |   4.70 |   6.15 |   7.69 |   4.02 |I I 
09:11-Tue-May-16-2017 PM2.5 |   2.42 |   2.32 |   3.21 |   2.36 |I I 
09:15-Tue-May-16-2017 PM10  |   3.94 |   5.79 |   7.69 |   4.02 |I I 
09:15-Tue-May-16-2017 PM2.5 |   2.23 |   2.31 |   3.21 |   2.36 |I I 
09:16-Tue-May-16-2017 PM10  |   5.32 |   5.72 |   7.69 |   4.02 |B B 
09:16-Tue-May-16-2017 PM2.5 |   2.35 |   2.31 |   3.21 |   2.36 |B B 
09:20-Tue-May-16-2017recover dati per host :salvatorehost.no-ip.org/aria
09:20-Tue-May-16-2017recover dati per host :92.223.147.77/nodered
09:20-Tue-May-16-2017 PM10  |   4.73 |   5.59 |   7.69 |   4.02 |I I 
09:20-Tue-May-16-2017 PM2.5 |   2.27 |   2.31 |   3.21 |   2.36 |I I 
09:21-Tue-May-16-2017 PM10  |   4.17 |   5.44 |   7.69 |   4.02 |B B 
09:21-Tue-May-16-2017 PM2.5 |   2.42 |   2.32 |   3.21 |   2.36 |B B 
09:25-Tue-May-16-2017recover dati per host :salvatorehost.no-ip.org/aria
09:25-Tue-May-16-2017recover dati per host :92.223.147.77/nodered
09:25-Tue-May-16-2017 PM10  |   4.37 |   5.33 |   7.69 |   4.02 |I I 
09:25-Tue-May-16-2017 PM2.5 |   1.87 |   2.27 |   3.21 |   2.36 |I I 
09:26-Tue-May-16-2017 PM10  |   5.35 |   5.33 |   7.69 |   4.02 |I I 
09:26-Tue-May-16-2017 PM2.5 |   2.63 |   2.31 |   3.21 |   2.36 |I I 
09:30-Tue-May-16-2017 PM10  |   4.93 |   5.30 |   7.69 |   4.02 |B I 
09:30-Tue-May-16-2017 PM2.5 |   2.24 |   2.30 |   3.21 |   2.36 |B I 
09:31-Tue-May-16-2017recover dati per host :salvatorehost.no-ip.org/aria
09:31-Tue-May-16-2017 PM10  |   3.82 |   5.19 |   7.69 |   4.02 |I I 
09:31-Tue-May-16-2017 PM2.5 |   2.25 |   2.30 |   3.21 |   2.36 |I I 
09:35-Tue-May-16-2017 PM10  |   4.45 |   5.13 |   7.69 |   4.02 |B I 
09:35-Tue-May-16-2017 PM2.5 |   2.21 |   2.29 |   3.21 |   2.36 |B I 
09:39-Tue-May-16-2017recover dati per host :salvatorehost.no-ip.org/aria
09:39-Tue-May-16-2017 PM10  |   4.58 |   5.10 |   7.69 |   4.02 |I I 
09:39-Tue-May-16-2017 PM2.5 |   2.20 |   2.28 |   3.21 |   2.36 |I I 
09:40-Tue-May-16-2017 PM10  |   4.30 |   5.05 |   7.69 |   4.02 |I I 
09:40-Tue-May-16-2017 PM2.5 |   2.32 |   2.29 |   3.21 |   2.36 |I I 
09:44-Tue-May-16-2017 PM10  |   2.95 |   4.92 |   7.69 |   4.02 |I I 
09:44-Tue-May-16-2017 PM2.5 |   2.06 |   2.27 |   3.21 |   2.36 |I I 
09:45-Tue-May-16-2017 PM10  |   4.64 |   4.91 |   7.69 |   4.02 |I I 
09:45-Tue-May-16-2017 PM2.5 |   2.40 |   2.28 |   3.21 |   2.36 |I I 
09:49-Tue-May-16-2017 PM10  |   4.54 |   4.89 |   7.69 |   4.02 |I I 
09:49-Tue-May-16-2017 PM2.5 |   2.18 |   2.28 |   3.21 |   2.36 |I I 
09:50-Tue-May-16-2017 PM10  |   4.11 |   4.85 |   7.69 |   4.02 |I I 
09:50-Tue-May-16-2017 PM2.5 |   2.25 |   2.27 |   3.21 |   2.36 |I I 
09:55-Tue-May-16-2017 PM10  |   3.68 |   4.79 |   7.69 |   4.02 |I I 
09:55-Tue-May-16-2017 PM2.5 |   1.98 |   2.26 |   3.21 |   2.36 |I I 
09:56-Tue-May-16-2017 PM10  |   4.40 |   4.78 |   7.69 |   4.02 |I I 
09:56-Tue-May-16-2017 PM2.5 |   2.22 |   2.26 |   3.21 |   2.36 |I I 
10:00-Tue-May-16-2017 PM10  |   3.41 |   4.72 |   7.69 |   4.02 |I I 
10:00-Tue-May-16-2017 PM2.5 |   2.03 |   2.25 |   3.21 |   2.25 |I I 
10:01-Tue-May-16-2017 PM10  |   3.67 |   3.67 |   7.69 |   4.02 |I I 
10:01-Tue-May-16-2017 PM2.5 |   2.19 |   2.19 |   3.21 |   2.25 |I I 
10:05-Tue-May-16-2017 PM10  |   4.11 |   3.89 |   7.69 |   4.02 |I I 
10:05-Tue-May-16-2017 PM2.5 |   2.22 |   2.21 |   3.21 |   2.25 |I I 
10:06-Tue-May-16-2017 PM10  |   3.60 |   3.79 |   7.69 |   4.02 |I I 
10:06-Tue-May-16-2017 PM2.5 |   2.14 |   2.19 |   3.21 |   2.25 |I I 
10:10-Tue-May-16-2017 PM10  |   2.09 |   3.37 |   7.69 |   4.02 |I I 
10:10-Tue-May-16-2017 PM2.5 |   1.89 |   2.11 |   3.21 |   2.25 |I I 
10:11-Tue-May-16-2017 PM10  |   4.93 |   3.68 |   7.69 |   4.02 |I I 
10:11-Tue-May-16-2017 PM2.5 |   2.28 |   2.14 |   3.21 |   2.25 |I I 
10:15-Tue-May-16-2017 PM10  |   3.17 |   3.59 |   7.69 |   4.02 |I I 
10:15-Tue-May-16-2017 PM2.5 |   2.06 |   2.13 |   3.21 |   2.25 |I I 
10:16-Tue-May-16-2017 PM10  |   4.52 |   3.73 |   7.69 |   4.02 |I I 
10:16-Tue-May-16-2017 PM2.5 |   2.50 |   2.18 |   3.21 |   2.25 |I I 
10:20-Tue-May-16-2017 PM10  |   3.33 |   3.68 |   7.69 |   4.02 |I I 
10:20-Tue-May-16-2017 PM2.5 |   2.24 |   2.19 |   3.21 |   2.25 |I I 
10:21-Tue-May-16-2017 PM10  |   5.54 |   3.88 |   7.69 |   4.02 |I I 
10:21-Tue-May-16-2017 PM2.5 |   2.57 |   2.23 |   3.21 |   2.25 |I I 
10:25-Tue-May-16-2017 PM10  |   2.47 |   3.74 |   7.69 |   4.02 |I I 
10:25-Tue-May-16-2017 PM2.5 |   2.13 |   2.22 |   3.21 |   2.25 |I I 
10:26-Tue-May-16-2017 PM10  |   4.57 |   3.82 |   7.69 |   4.02 |I I 
10:26-Tue-May-16-2017 PM2.5 |   2.21 |   2.22 |   3.21 |   2.25 |I I 
10:30-Tue-May-16-2017 PM10  |   5.06 |   3.92 |   7.69 |   4.02 |I I 
10:30-Tue-May-16-2017 PM2.5 |   2.17 |   2.22 |   3.21 |   2.25 |I I 
10:31-Tue-May-16-2017 PM10  |   3.55 |   3.89 |   7.69 |   4.02 |B I 
10:31-Tue-May-16-2017 PM2.5 |   2.20 |   2.22 |   3.21 |   2.25 |B I 
10:35-Tue-May-16-2017 PM10  |   4.16 |   3.91 |   7.69 |   4.02 |B B 
10:35-Tue-May-16-2017 PM2.5 |   2.08 |   2.21 |   3.21 |   2.25 |B B 
10:36-Tue-May-16-2017recover dati per host :92.223.147.77/nodered
10:36-Tue-May-16-2017 PM10  |   3.79 |   3.90 |   7.69 |   4.02 |B I 
10:36-Tue-May-16-2017 PM2.5 |   2.26 |   2.21 |   3.21 |   2.25 |B I 
10:40-Tue-May-16-2017recover dati per host :salvatorehost.no-ip.org/aria
10:40-Tue-May-16-2017 PM10  |   3.04 |   3.85 |   7.69 |   4.02 |I I 
10:40-Tue-May-16-2017 PM2.5 |   2.12 |   2.20 |   3.21 |   2.25 |I I 
10:41-Tue-May-16-2017 PM10  |   3.62 |   3.84 |   7.69 |   4.02 |I I 
10:41-Tue-May-16-2017 PM2.5 |   2.45 |   2.22 |   3.21 |   2.25 |I I 
10:45-Tue-May-16-2017 PM10  |   3.39 |   3.81 |   7.69 |   4.02 |I I 
10:45-Tue-May-16-2017 PM2.5 |   2.13 |   2.21 |   3.21 |   2.25 |I I 
10:46-Tue-May-16-2017 PM10  |   3.59 |   3.80 |   7.69 |   4.02 |I I 
10:46-Tue-May-16-2017 PM2.5 |   2.32 |   2.22 |   3.21 |   2.25 |I I 
10:50-Tue-May-16-2017 PM10  |   3.75 |   3.80 |   7.69 |   4.02 |B I 
10:50-Tue-May-16-2017 PM2.5 |   2.07 |   2.21 |   3.21 |   2.25 |B I 
10:54-Tue-May-16-2017recover dati per host :salvatorehost.no-ip.org/aria
10:54-Tue-May-16-2017 PM10  |   5.20 |   3.86 |   7.69 |   4.02 |I I 
10:54-Tue-May-16-2017 PM2.5 |   2.17 |   2.21 |   3.21 |   2.25 |I I 
10:55-Tue-May-16-2017 PM10  |   3.36 |   3.84 |   7.69 |   4.02 |B I 
10:55-Tue-May-16-2017 PM2.5 |   2.52 |   2.22 |   3.21 |   2.25 |B I 
11:00-Tue-May-16-2017 PM10  |   2.40 |   3.78 |   7.69 |   3.78 |B I 
11:00-Tue-May-16-2017 PM2.5 |   1.99 |   2.21 |   3.21 |   2.21 |B I 
11:01-Tue-May-16-2017recover dati per host :salvatorehost.no-ip.org/aria
11:01-Tue-May-16-2017 PM10  |   5.53 |   5.53 |   7.69 |   3.78 |I I 
11:01-Tue-May-16-2017 PM2.5 |   2.62 |   2.62 |   3.21 |   2.21 |I I 
11:05-Tue-May-16-2017 PM10  |   3.91 |   4.72 |   7.69 |   3.78 |I I 
11:05-Tue-May-16-2017 PM2.5 |   2.49 |   2.55 |   3.21 |   2.21 |I I 
11:06-Tue-May-16-2017 PM10  |   6.04 |   5.16 |   7.69 |   3.78 |I I 
11:06-Tue-May-16-2017 PM2.5 |   2.93 |   2.68 |   3.21 |   2.21 |I I 
11:10-Tue-May-16-2017 PM10  |   2.94 |   4.60 |   7.69 |   3.78 |B B 
11:10-Tue-May-16-2017 PM2.5 |   2.32 |   2.59 |   3.21 |   2.21 |B B 
11:11-Tue-May-16-2017recover dati per host :salvatorehost.no-ip.org/aria
11:11-Tue-May-16-2017recover dati per host :92.223.147.77/nodered
11:11-Tue-May-16-2017 PM10  |   3.96 |   4.47 |   7.69 |   3.78 |I I 
11:11-Tue-May-16-2017 PM2.5 |   2.37 |   2.55 |   3.21 |   2.21 |I I 
11:15-Tue-May-16-2017 PM10  |   4.62 |   4.50 |   7.69 |   3.78 |B B 
11:15-Tue-May-16-2017 PM2.5 |   2.52 |   2.54 |   3.21 |   2.21 |B B 
11:16-Tue-May-16-2017 PM10  |   3.96 |   4.42 |   7.69 |   3.78 |B B 
11:16-Tue-May-16-2017 PM2.5 |   2.61 |   2.55 |   3.21 |   2.21 |B B 
11:20-Tue-May-16-2017recover dati per host :salvatorehost.no-ip.org/aria
11:20-Tue-May-16-2017recover dati per host :92.223.147.77/nodered
11:20-Tue-May-16-2017 PM10  |   3.37 |   4.29 |   7.69 |   3.78 |I I 
11:20-Tue-May-16-2017 PM2.5 |   2.74 |   2.57 |   3.21 |   2.21 |I I 
11:21-Tue-May-16-2017 PM10  |   5.29 |   4.40 |   7.69 |   3.78 |I I 
11:21-Tue-May-16-2017 PM2.5 |   2.70 |   2.59 |   3.21 |   2.21 |I I 
11:25-Tue-May-16-2017 PM10  |   2.63 |   4.22 |   7.69 |   3.78 |I I 
11:25-Tue-May-16-2017 PM2.5 |   2.29 |   2.56 |   3.21 |   2.21 |I I 
11:26-Tue-May-16-2017 PM10  |   4.43 |   4.24 |   7.69 |   3.78 |I I 
11:26-Tue-May-16-2017 PM2.5 |   2.52 |   2.56 |   3.21 |   2.21 |I I 
11:30-Tue-May-16-2017 PM10  |   3.65 |   4.19 |   7.69 |   3.78 |B B 
11:30-Tue-May-16-2017 PM2.5 |   2.28 |   2.53 |   3.21 |   2.21 |B B 
11:31-Tue-May-16-2017recover dati per host :salvatorehost.no-ip.org/aria
11:31-Tue-May-16-2017recover dati per host :92.223.147.77/nodered
11:31-Tue-May-16-2017 PM10  |   5.74 |   4.31 |   7.69 |   3.78 |I I 
11:31-Tue-May-16-2017 PM2.5 |   3.23 |   2.59 |   3.21 |   2.21 |I I 
11:35-Tue-May-16-2017 PM10  |   7.67 |   4.55 |   7.69 |   3.78 |I I 
11:35-Tue-May-16-2017 PM2.5 |   3.18 |   2.63 |   3.21 |   2.21 |I I 
11:36-Tue-May-16-2017 PM10  |  10.85 |   4.97 |   7.69 |   3.78 |I I 
11:36-Tue-May-16-2017 PM2.5 |   5.56 |   2.82 |   3.21 |   2.21 |I I 
11:40-Tue-May-16-2017 PM10  |   9.30 |   5.24 |   7.69 |   3.78 |I I 
11:40-Tue-May-16-2017 PM2.5 |   5.56 |   3.00 |   3.21 |   2.21 |I I 
11:41-Tue-May-16-2017 PM10  |  13.85 |   5.75 |   7.69 |   3.78 |I I 
11:41-Tue-May-16-2017 PM2.5 |   6.88 |   3.22 |   3.21 |   2.21 |I I 
11:45-Tue-May-16-2017 PM10  |  15.25 |   6.28 |   7.69 |   3.78 |I I 
11:45-Tue-May-16-2017 PM2.5 |   7.19 |   3.44 |   3.21 |   2.21 |I I 
11:46-Tue-May-16-2017 PM10  |  18.07 |   6.90 |   7.69 |   3.78 |I I 
11:46-Tue-May-16-2017 PM2.5 |   8.00 |   3.68 |   3.21 |   2.21 |I I 
11:50-Tue-May-16-2017 PM10  |  13.71 |   7.24 |   7.69 |   3.78 |I I 
11:50-Tue-May-16-2017 PM2.5 |   7.78 |   3.89 |   3.21 |   2.21 |I I 
11:51-Tue-May-16-2017 PM10  |  18.16 |   7.76 |   7.69 |   3.78 |I I 
11:51-Tue-May-16-2017 PM2.5 |   7.89 |   4.08 |   3.21 |   2.21 |I I 
11:55-Tue-May-16-2017 PM10  |  13.94 |   8.04 |   7.69 |   3.78 |I I 
11:55-Tue-May-16-2017 PM2.5 |   8.34 |   4.27 |   3.21 |   2.21 |I I 
11:59-Tue-May-16-2017 PM10  |  23.17 |   8.70 |   7.69 |   3.78 |I I 
11:59-Tue-May-16-2017 PM2.5 |   7.89 |   4.43 |   3.21 |   2.21 |I I 
12:00-Tue-May-16-2017 PM10  |  13.55 |   8.90 |   8.90 |   3.78 |I I 
12:00-Tue-May-16-2017 PM2.5 |   7.44 |   4.56 |   4.56 |   2.21 |I I 
12:05-Tue-May-16-2017 PM10  |  13.84 |  13.84 |   8.90 |   3.78 |I I 
12:05-Tue-May-16-2017 PM2.5 |   7.53 |   7.53 |   4.56 |   2.21 |I I 
12:06-Tue-May-16-2017 PM10  |  17.14 |  15.49 |   8.90 |   3.78 |I B 
12:06-Tue-May-16-2017 PM2.5 |   7.33 |   7.43 |   4.56 |   2.21 |I B 
12:10-Tue-May-16-2017recover dati per host :92.223.147.77/nodered
12:10-Tue-May-16-2017 PM10  |  13.94 |  14.97 |   8.90 |   3.78 |I I 
12:10-Tue-May-16-2017 PM2.5 |   7.54 |   7.47 |   4.56 |   2.21 |I I 
12:11-Tue-May-16-2017 PM10  |  11.23 |  14.04 |   8.90 |   3.78 |I I 
12:11-Tue-May-16-2017 PM2.5 |   6.99 |   7.35 |   4.56 |   2.21 |I I 
12:15-Tue-May-16-2017 PM10  |  12.90 |  13.81 |   8.90 |   3.78 |I B 
12:15-Tue-May-16-2017 PM2.5 |   6.78 |   7.23 |   4.56 |   2.21 |I B 
12:16-Tue-May-16-2017recover dati per host :92.223.147.77/nodered
12:16-Tue-May-16-2017 PM10  |  11.99 |  13.51 |   8.90 |   3.78 |I I 
12:16-Tue-May-16-2017 PM2.5 |   7.17 |   7.22 |   4.56 |   2.21 |I I 
12:20-Tue-May-16-2017 PM10  |  10.17 |  13.03 |   8.90 |   3.78 |I I 
12:20-Tue-May-16-2017 PM2.5 |   6.98 |   7.19 |   4.56 |   2.21 |I I 
12:21-Tue-May-16-2017 PM10  |  12.86 |  13.01 |   8.90 |   3.78 |I I 
12:21-Tue-May-16-2017 PM2.5 |   7.08 |   7.18 |   4.56 |   2.21 |I I 
12:25-Tue-May-16-2017 PM10  |  11.10 |  12.80 |   8.90 |   3.78 |I B 
12:25-Tue-May-16-2017 PM2.5 |   6.85 |   7.14 |   4.56 |   2.21 |I B 
12:26-Tue-May-16-2017recover dati per host :92.223.147.77/nodered
12:26-Tue-May-16-2017 PM10  |  10.42 |  12.56 |   8.90 |   3.78 |I I 
12:26-Tue-May-16-2017 PM2.5 |   6.56 |   7.08 |   4.56 |   2.21 |I I 
12:30-Tue-May-16-2017 PM10  |  10.11 |  12.34 |   8.90 |   3.78 |I B 
12:30-Tue-May-16-2017 PM2.5 |   6.58 |   7.04 |   4.56 |   2.21 |I B 
12:31-Tue-May-16-2017recover dati per host :92.223.147.77/nodered
12:31-Tue-May-16-2017 PM10  |  11.62 |  12.28 |   8.90 |   3.78 |I I 
12:31-Tue-May-16-2017 PM2.5 |   6.23 |   6.97 |   4.56 |   2.21 |I I 
12:35-Tue-May-16-2017 PM10  |  10.86 |  12.17 |   8.90 |   3.78 |I I 
12:35-Tue-May-16-2017 PM2.5 |   6.47 |   6.93 |   4.56 |   2.21 |I I 
12:36-Tue-May-16-2017 PM10  |  12.32 |  12.18 |   8.90 |   3.78 |I I 
12:36-Tue-May-16-2017 PM2.5 |   6.45 |   6.90 |   4.56 |   2.21 |I I 
12:40-Tue-May-16-2017 PM10  |   9.08 |  11.97 |   8.90 |   3.78 |I I 
12:40-Tue-May-16-2017 PM2.5 |   6.30 |   6.86 |   4.56 |   2.21 |I I 
12:41-Tue-May-16-2017 PM10  |  15.03 |  12.16 |   8.90 |   3.78 |B I 
12:41-Tue-May-16-2017 PM2.5 |   6.63 |   6.84 |   4.56 |   2.21 |B I 
12:45-Tue-May-16-2017 PM10  |  10.35 |  12.06 |   8.90 |   3.78 |B B 
12:45-Tue-May-16-2017 PM2.5 |   6.63 |   6.83 |   4.56 |   2.21 |B B 
12:46-Tue-May-16-2017recover dati per host :salvatorehost.no-ip.org/aria
12:46-Tue-May-16-2017recover dati per host :92.223.147.77/nodered
12:46-Tue-May-16-2017 PM10  |  11.11 |  12.00 |   8.90 |   3.78 |I I 
12:46-Tue-May-16-2017 PM2.5 |   6.26 |   6.80 |   4.56 |   2.21 |I I 
12:50-Tue-May-16-2017 PM10  |   8.49 |  11.82 |   8.90 |   3.78 |I I 
12:50-Tue-May-16-2017 PM2.5 |   6.11 |   6.76 |   4.56 |   2.21 |I I 
12:51-Tue-May-16-2017 PM10  |   9.11 |  11.68 |   8.90 |   3.78 |B B 
12:51-Tue-May-16-2017 PM2.5 |   6.10 |   6.73 |   4.56 |   2.21 |B B 
12:55-Tue-May-16-2017recover dati per host :salvatorehost.no-ip.org/aria
12:55-Tue-May-16-2017recover dati per host :92.223.147.77/nodered
12:55-Tue-May-16-2017 PM10  |   9.89 |  11.60 |   8.90 |   3.78 |I I 
12:55-Tue-May-16-2017 PM2.5 |   6.30 |   6.71 |   4.56 |   2.21 |I I 
12:56-Tue-May-16-2017 PM10  |  11.83 |  11.61 |   8.90 |   3.78 |I I 
12:56-Tue-May-16-2017 PM2.5 |   6.20 |   6.69 |   4.56 |   2.21 |I I 
13:00-Tue-May-16-2017 PM10  |   8.74 |  11.48 |  11.48 |   3.78 |B B 
13:00-Tue-May-16-2017 PM2.5 |   5.81 |   6.65 |   6.65 |   2.21 |B B 
13:01-Tue-May-16-2017recover dati per host :salvatorehost.no-ip.org/aria
13:01-Tue-May-16-2017recover dati per host :92.223.147.77/nodered
13:01-Tue-May-16-2017 PM10  |  10.68 |  10.68 |  11.48 |   3.78 |I I 
13:01-Tue-May-16-2017 PM2.5 |   5.83 |   5.83 |   6.65 |   2.21 |I I 
13:05-Tue-May-16-2017 PM10  |   8.85 |   9.77 |  11.48 |   3.78 |B B 
13:05-Tue-May-16-2017 PM2.5 |   6.01 |   5.92 |   6.65 |   2.21 |B B 
13:06-Tue-May-16-2017recover dati per host :salvatorehost.no-ip.org/aria
13:06-Tue-May-16-2017recover dati per host :92.223.147.77/nodered
13:06-Tue-May-16-2017 PM10  |   9.62 |   9.72 |  11.48 |   3.78 |I I 
13:06-Tue-May-16-2017 PM2.5 |   5.87 |   5.90 |   6.65 |   2.21 |I I 
13:10-Tue-May-16-2017 PM10  |   9.10 |   9.56 |  11.48 |   3.78 |I I 
13:10-Tue-May-16-2017 PM2.5 |   6.15 |   5.96 |   6.65 |   2.21 |I I 
13:11-Tue-May-16-2017 PM10  |   9.17 |   9.48 |  11.48 |   3.78 |I I 
13:11-Tue-May-16-2017 PM2.5 |   5.58 |   5.89 |   6.65 |   2.21 |I I 
13:15-Tue-May-16-2017 PM10  |   9.58 |   9.50 |  11.48 |   3.78 |I I 
13:15-Tue-May-16-2017 PM2.5 |   5.93 |   5.89 |   6.65 |   2.21 |I I 
13:16-Tue-May-16-2017 PM10  |   9.36 |   9.48 |  11.48 |   3.78 |I I 
13:16-Tue-May-16-2017 PM2.5 |   5.73 |   5.87 |   6.65 |   2.21 |I I 
13:20-Tue-May-16-2017 PM10  |   8.04 |   9.30 |  11.48 |   3.78 |I B 
13:20-Tue-May-16-2017 PM2.5 |   6.10 |   5.90 |   6.65 |   2.21 |I B 
13:21-Tue-May-16-2017 PM10  |   8.22 |   9.18 |  11.48 |   3.78 |I B 
13:21-Tue-May-16-2017 PM2.5 |   5.84 |   5.89 |   6.65 |   2.21 |I B 
13:25-Tue-May-16-2017recover dati per host :92.223.147.77/nodered
13:25-Tue-May-16-2017 PM10  |   9.00 |   9.16 |  11.48 |   3.78 |I I 
13:25-Tue-May-16-2017 PM2.5 |   5.99 |   5.90 |   6.65 |   2.21 |I I 
13:26-Tue-May-16-2017 PM10  |  11.14 |   9.34 |  11.48 |   3.78 |I I 
13:26-Tue-May-16-2017 PM2.5 |   5.77 |   5.89 |   6.65 |   2.21 |I I 
13:30-Tue-May-16-2017 PM10  |   7.27 |   9.17 |  11.48 |   3.78 |I I 
13:30-Tue-May-16-2017 PM2.5 |   5.72 |   5.88 |   6.65 |   2.21 |I I 
13:31-Tue-May-16-2017 PM10  |   9.52 |   9.20 |  11.48 |   3.78 |I I 
13:31-Tue-May-16-2017 PM2.5 |   5.85 |   5.87 |   6.65 |   2.21 |I I 
13:35-Tue-May-16-2017 PM10  |   6.67 |   9.02 |  11.48 |   3.78 |I I 
13:35-Tue-May-16-2017 PM2.5 |   5.25 |   5.83 |   6.65 |   2.21 |I I 
13:36-Tue-May-16-2017 PM10  |   9.59 |   9.05 |  11.48 |   3.78 |I I 
13:36-Tue-May-16-2017 PM2.5 |   5.57 |   5.81 |   6.65 |   2.21 |I I 
13:40-Tue-May-16-2017 PM10  |   7.57 |   8.96 |  11.48 |   3.78 |I I 
13:40-Tue-May-16-2017 PM2.5 |   5.33 |   5.78 |   6.65 |   2.21 |I I 
13:41-Tue-May-16-2017 PM10  |  10.98 |   9.08 |  11.48 |   3.78 |I I 
13:41-Tue-May-16-2017 PM2.5 |   5.43 |   5.76 |   6.65 |   2.21 |I I 
13:45-Tue-May-16-2017 PM10  |   6.32 |   8.93 |  11.48 |   3.78 |I I 
13:45-Tue-May-16-2017 PM2.5 |   5.03 |   5.72 |   6.65 |   2.21 |I I 
13:46-Tue-May-16-2017 PM10  |   8.67 |   8.91 |  11.48 |   3.78 |I I 
13:46-Tue-May-16-2017 PM2.5 |   5.19 |   5.69 |   6.65 |   2.21 |I I 
13:50-Tue-May-16-2017 PM10  |   6.55 |   8.80 |  11.48 |   3.78 |I I 
13:50-Tue-May-16-2017 PM2.5 |   5.00 |   5.66 |   6.65 |   2.21 |I I 
13:51-Tue-May-16-2017 PM10  |   7.65 |   8.74 |  11.48 |   3.78 |I I 
13:51-Tue-May-16-2017 PM2.5 |   5.61 |   5.66 |   6.65 |   2.21 |I I 
13:55-Tue-May-16-2017 PM10  |   7.10 |   8.67 |  11.48 |   3.78 |I I 
13:55-Tue-May-16-2017 PM2.5 |   5.08 |   5.63 |   6.65 |   2.21 |I I 
13:56-Tue-May-16-2017 PM10  |   7.79 |   8.63 |  11.48 |   3.78 |I I 
13:56-Tue-May-16-2017 PM2.5 |   5.39 |   5.62 |   6.65 |   2.21 |I I 
14:01-Tue-May-16-2017 PM10  |   6.83 |   8.55 |  11.48 |   3.78 |I B 
14:01-Tue-May-16-2017 PM2.5 |   5.00 |   5.59 |   6.65 |   2.21 |I B 
14:02-Tue-May-16-2017recover dati per host :92.223.147.77/nodered
14:02-Tue-May-16-2017 PM10  |   9.51 |   9.51 |  11.48 |   3.78 |I I 
14:02-Tue-May-16-2017 PM2.5 |   5.52 |   5.52 |   6.65 |   2.21 |I I 
14:05-Tue-May-16-2017 PM10  |   7.46 |   8.49 |  11.48 |   3.78 |I I 
14:05-Tue-May-16-2017 PM2.5 |   5.36 |   5.44 |   6.65 |   2.21 |I I 
14:06-Tue-May-16-2017 PM10  |   7.99 |   8.32 |  11.48 |   3.78 |I I 
14:06-Tue-May-16-2017 PM2.5 |   5.24 |   5.37 |   6.65 |   2.21 |I I 
14:10-Tue-May-16-2017 PM10  |   8.17 |   8.28 |  11.48 |   3.78 |I I 
14:10-Tue-May-16-2017 PM2.5 |   5.13 |   5.31 |   6.65 |   2.21 |I I 
14:11-Tue-May-16-2017 PM10  |   6.90 |   8.01 |  11.48 |   3.78 |I I 
14:11-Tue-May-16-2017 PM2.5 |   5.05 |   5.26 |   6.65 |   2.21 |I I 
14:15-Tue-May-16-2017 PM10  |   5.58 |   7.60 |  11.48 |   3.78 |I I 
14:15-Tue-May-16-2017 PM2.5 |   4.76 |   5.17 |   6.65 |   2.21 |I I 
14:16-Tue-May-16-2017 PM10  |   8.27 |   7.70 |  11.48 |   3.78 |B I 
14:16-Tue-May-16-2017 PM2.5 |   5.62 |   5.24 |   6.65 |   2.21 |B I 
14:20-Tue-May-16-2017recover dati per host :salvatorehost.no-ip.org/aria
14:20-Tue-May-16-2017 PM10  |   6.83 |   7.59 |  11.48 |   3.78 |I I 
14:20-Tue-May-16-2017 PM2.5 |   5.43 |   5.26 |   6.65 |   2.21 |I I 
14:21-Tue-May-16-2017 PM10  |   6.35 |   7.45 |  11.48 |   3.78 |I I 
14:21-Tue-May-16-2017 PM2.5 |   4.98 |   5.23 |   6.65 |   2.21 |I I 
14:25-Tue-May-16-2017 PM10  |   6.86 |   7.39 |  11.48 |   3.78 |I I 
14:25-Tue-May-16-2017 PM2.5 |   4.70 |   5.18 |   6.65 |   2.21 |I I 
14:26-Tue-May-16-2017 PM10  |   6.07 |   7.27 |  11.48 |   3.78 |I I 
14:26-Tue-May-16-2017 PM2.5 |   4.71 |   5.14 |   6.65 |   2.21 |I I 
14:30-Tue-May-16-2017 PM10  |   4.98 |   7.08 |  11.48 |   3.78 |I I 
14:30-Tue-May-16-2017 PM2.5 |   4.69 |   5.10 |   6.65 |   2.21 |I I 
14:31-Tue-May-16-2017 PM10  |   7.42 |   7.11 |  11.48 |   3.78 |I I 
14:31-Tue-May-16-2017 PM2.5 |   4.74 |   5.07 |   6.65 |   2.21 |I I 
14:35-Tue-May-16-2017 PM10  |   6.52 |   7.06 |  11.48 |   3.78 |I I 
14:35-Tue-May-16-2017 PM2.5 |   4.72 |   5.05 |   6.65 |   2.21 |I I 
14:36-Tue-May-16-2017 PM10  |   6.23 |   7.01 |  11.48 |   3.78 |I I 
14:36-Tue-May-16-2017 PM2.5 |   5.02 |   5.04 |   6.65 |   2.21 |I I 
14:40-Tue-May-16-2017 PM10  |   6.20 |   6.96 |  11.48 |   3.78 |I I 
14:40-Tue-May-16-2017 PM2.5 |   4.85 |   5.03 |   6.65 |   2.21 |I I 
14:41-Tue-May-16-2017 PM10  |   6.76 |   6.95 |  11.48 |   3.78 |I I 
14:41-Tue-May-16-2017 PM2.5 |   4.88 |   5.02 |   6.65 |   2.21 |I I 
14:45-Tue-May-16-2017 PM10  |   6.19 |   6.90 |  11.48 |   3.78 |I I 
14:45-Tue-May-16-2017 PM2.5 |   4.65 |   5.00 |   6.65 |   2.21 |I I 
14:46-Tue-May-16-2017 PM10  |   6.81 |   6.90 |  11.48 |   3.78 |I B 
14:46-Tue-May-16-2017 PM2.5 |   4.88 |   5.00 |   6.65 |   2.21 |I B 
14:50-Tue-May-16-2017recover dati per host :92.223.147.77/nodered
14:50-Tue-May-16-2017 PM10  |   5.02 |   6.81 |  11.48 |   3.78 |I I 
14:50-Tue-May-16-2017 PM2.5 |   4.52 |   4.97 |   6.65 |   2.21 |I I 
14:51-Tue-May-16-2017 PM10  |   7.43 |   6.84 |  11.48 |   3.78 |I I 
14:51-Tue-May-16-2017 PM2.5 |   5.00 |   4.97 |   6.65 |   2.21 |I I 
14:55-Tue-May-16-2017 PM10  |   5.29 |   6.77 |  11.48 |   3.78 |I I 
14:55-Tue-May-16-2017 PM2.5 |   4.43 |   4.95 |   6.65 |   2.21 |I I 
14:56-Tue-May-16-2017 PM10  |   5.67 |   6.72 |  11.48 |   3.78 |I I 
14:56-Tue-May-16-2017 PM2.5 |   4.96 |   4.95 |   6.65 |   2.21 |I I 
15:01-Tue-May-16-2017 PM10  |   4.89 |   6.64 |  11.48 |   3.78 |I I 
15:01-Tue-May-16-2017 PM2.5 |   4.58 |   4.93 |   6.65 |   2.21 |I I 
15:02-Tue-May-16-2017 PM10  |   5.68 |   5.68 |  11.48 |   3.78 |I I 
15:02-Tue-May-16-2017 PM2.5 |   4.35 |   4.35 |   6.65 |   2.21 |I I 
15:06-Tue-May-16-2017 PM10  |   5.03 |   5.35 |  11.48 |   3.78 |I I 
15:06-Tue-May-16-2017 PM2.5 |   4.66 |   4.50 |   6.65 |   2.21 |I I 
15:07-Tue-May-16-2017 PM10  |   6.46 |   5.72 |  11.48 |   3.78 |B I 
15:07-Tue-May-16-2017 PM2.5 |   4.99 |   4.67 |   6.65 |   2.21 |B I 
15:10-Tue-May-16-2017recover dati per host :salvatorehost.no-ip.org/aria
15:10-Tue-May-16-2017 PM10  |   4.94 |   5.53 |  11.48 |   3.78 |I I 
15:10-Tue-May-16-2017 PM2.5 |   4.48 |   4.62 |   6.65 |   2.21 |I I 
15:11-Tue-May-16-2017 PM10  |   6.46 |   5.71 |  11.48 |   3.78 |I B 
15:11-Tue-May-16-2017 PM2.5 |   4.68 |   4.63 |   6.65 |   2.21 |I B 
15:15-Tue-May-16-2017 PM10  |   6.02 |   5.76 |  11.48 |   3.78 |I B 
15:15-Tue-May-16-2017 PM2.5 |   4.59 |   4.63 |   6.65 |   2.21 |I B 
15:16-Tue-May-16-2017recover dati per host :92.223.147.77/nodered
15:16-Tue-May-16-2017 PM10  |   6.43 |   5.86 |  11.48 |   3.78 |I I 
15:16-Tue-May-16-2017 PM2.5 |   4.51 |   4.61 |   6.65 |   2.21 |I I 
15:20-Tue-May-16-2017 PM10  |   5.32 |   5.79 |  11.48 |   3.78 |I I 
15:20-Tue-May-16-2017 PM2.5 |   4.45 |   4.59 |   6.65 |   2.21 |I I 
15:21-Tue-May-16-2017 PM10  |   5.53 |   5.76 |  11.48 |   3.78 |I I 
15:21-Tue-May-16-2017 PM2.5 |   4.49 |   4.58 |   6.65 |   2.21 |I I 
15:25-Tue-May-16-2017 PM10  |   5.31 |   5.72 |  11.48 |   3.78 |B I 
15:25-Tue-May-16-2017 PM2.5 |   4.53 |   4.57 |   6.65 |   2.21 |B I 
15:26-Tue-May-16-2017recover dati per host :salvatorehost.no-ip.org/aria
15:26-Tue-May-16-2017 PM10  |   7.93 |   5.92 |  11.48 |   3.78 |I I 
15:26-Tue-May-16-2017 PM2.5 |   4.74 |   4.59 |   6.65 |   2.21 |I I 
15:30-Tue-May-16-2017 PM10  |   5.85 |   5.91 |  11.48 |   3.78 |B B 
15:30-Tue-May-16-2017 PM2.5 |   4.53 |   4.58 |   6.65 |   2.21 |B B 
15:31-Tue-May-16-2017recover dati per host :salvatorehost.no-ip.org/aria
15:31-Tue-May-16-2017recover dati per host :92.223.147.77/nodered
15:31-Tue-May-16-2017 PM10  |   7.30 |   6.02 |  11.48 |   3.78 |I I 
15:31-Tue-May-16-2017 PM2.5 |   4.69 |   4.59 |   6.65 |   2.21 |I I 
15:35-Tue-May-16-2017 PM10  |   5.97 |   6.02 |  11.48 |   3.78 |I I 
15:35-Tue-May-16-2017 PM2.5 |   4.36 |   4.58 |   6.65 |   2.21 |I I 
15:36-Tue-May-16-2017 PM10  |   6.48 |   6.05 |  11.48 |   3.78 |I I 
15:36-Tue-May-16-2017 PM2.5 |   4.49 |   4.57 |   6.65 |   2.21 |I I 
15:40-Tue-May-16-2017 PM10  |   5.24 |   6.00 |  11.48 |   3.78 |I I 
15:40-Tue-May-16-2017 PM2.5 |   4.40 |   4.56 |   6.65 |   2.21 |I I 
15:41-Tue-May-16-2017 PM10  |   7.05 |   6.06 |  11.48 |   3.78 |I I 
15:41-Tue-May-16-2017 PM2.5 |   4.43 |   4.55 |   6.65 |   2.21 |I I 
15:45-Tue-May-16-2017 PM10  |   4.88 |   5.99 |  11.48 |   3.78 |I I 
15:45-Tue-May-16-2017 PM2.5 |   4.52 |   4.55 |   6.65 |   2.21 |I I 
15:46-Tue-May-16-2017 PM10  |   6.52 |   6.02 |  11.48 |   3.78 |I I 
15:46-Tue-May-16-2017 PM2.5 |   4.43 |   4.54 |   6.65 |   2.21 |I I 
15:51-Tue-May-16-2017 PM10  |   5.02 |   5.97 |  11.48 |   3.78 |I I 
15:51-Tue-May-16-2017 PM2.5 |   4.30 |   4.53 |   6.65 |   2.21 |I I 
15:52-Tue-May-16-2017 PM10  |   5.60 |   5.95 |  11.48 |   3.78 |I I 
15:52-Tue-May-16-2017 PM2.5 |   4.31 |   4.52 |   6.65 |   2.21 |I I 
15:56-Tue-May-16-2017 PM10  |   5.49 |   5.93 |  11.48 |   3.78 |I I 
15:56-Tue-May-16-2017 PM2.5 |   4.30 |   4.51 |   6.65 |   2.21 |I I 
15:57-Tue-May-16-2017 PM10  |   5.27 |   5.90 |  11.48 |   3.78 |I I 
15:57-Tue-May-16-2017 PM2.5 |   4.14 |   4.49 |   6.65 |   2.21 |I I 
16:00-Tue-May-16-2017 PM10  |   4.67 |   5.85 |  11.48 |   3.78 |I I 
16:00-Tue-May-16-2017 PM2.5 |   4.12 |   4.48 |   6.65 |   2.21 |I I 
16:01-Tue-May-16-2017 PM10  |   5.40 |   5.40 |  11.48 |   3.78 |I B 
16:01-Tue-May-16-2017 PM2.5 |   4.34 |   4.34 |   6.65 |   2.21 |I B 
16:05-Tue-May-16-2017recover dati per host :92.223.147.77/nodered
16:05-Tue-May-16-2017 PM10  |   4.81 |   5.10 |  11.48 |   3.78 |I I 
16:05-Tue-May-16-2017 PM2.5 |   4.20 |   4.27 |   6.65 |   2.21 |I I 
16:06-Tue-May-16-2017 PM10  |   5.81 |   5.34 |  11.48 |   3.78 |I I 
16:06-Tue-May-16-2017 PM2.5 |   4.59 |   4.38 |   6.65 |   2.21 |I I 
16:10-Tue-May-16-2017 PM10  |   4.78 |   5.20 |  11.48 |   3.78 |B B 
16:10-Tue-May-16-2017 PM2.5 |   4.40 |   4.38 |   6.65 |   2.21 |B B 
16:11-Tue-May-16-2017 PM10  |   4.99 |   5.16 |  11.48 |   3.78 |B B 
16:11-Tue-May-16-2017 PM2.5 |   4.35 |   4.38 |   6.65 |   2.21 |B B 
16:15-Tue-May-16-2017recover dati per host :salvatorehost.no-ip.org/aria
16:15-Tue-May-16-2017 PM10  |   4.27 |   5.01 |  11.48 |   3.78 |I B 
16:15-Tue-May-16-2017 PM2.5 |   3.99 |   4.31 |   6.65 |   2.21 |I B 
16:16-Tue-May-16-2017recover dati per host :92.223.147.77/nodered
16:16-Tue-May-16-2017 PM10  |   6.41 |   5.21 |  11.48 |   3.78 |I I 
16:16-Tue-May-16-2017 PM2.5 |   4.31 |   4.31 |   6.65 |   2.21 |I I 
16:20-Tue-May-16-2017 PM10  |   5.59 |   5.26 |  11.48 |   3.78 |I I 
16:20-Tue-May-16-2017 PM2.5 |   4.16 |   4.29 |   6.65 |   2.21 |I I 
16:21-Tue-May-16-2017 PM10  |   7.06 |   5.46 |  11.48 |   3.78 |I I 
16:21-Tue-May-16-2017 PM2.5 |   4.51 |   4.32 |   6.65 |   2.21 |I I 
16:25-Tue-May-16-2017 PM10  |   4.68 |   5.38 |  11.48 |   3.78 |I I 
16:25-Tue-May-16-2017 PM2.5 |   4.23 |   4.31 |   6.65 |   2.21 |I I 
16:26-Tue-May-16-2017 PM10  |   5.18 |   5.36 |  11.48 |   3.78 |B I 
16:26-Tue-May-16-2017 PM2.5 |   4.19 |   4.30 |   6.65 |   2.21 |B I 
16:30-Tue-May-16-2017recover dati per host :salvatorehost.no-ip.org/aria
16:30-Tue-May-16-2017 PM10  |   4.29 |   5.27 |  11.48 |   3.78 |I I 
16:30-Tue-May-16-2017 PM2.5 |   3.98 |   4.27 |   6.65 |   2.21 |I I 
16:31-Tue-May-16-2017 PM10  |   5.56 |   5.29 |  11.48 |   3.78 |I I 
16:31-Tue-May-16-2017 PM2.5 |   4.44 |   4.28 |   6.65 |   2.21 |I I 
16:35-Tue-May-16-2017 PM10  |   4.18 |   5.21 |  11.48 |   3.78 |I I 
16:35-Tue-May-16-2017 PM2.5 |   3.93 |   4.26 |   6.65 |   2.21 |I I 
16:36-Tue-May-16-2017 PM10  |   5.87 |   5.26 |  11.48 |   3.78 |I B 
16:36-Tue-May-16-2017 PM2.5 |   4.16 |   4.25 |   6.65 |   2.21 |I B 
16:40-Tue-May-16-2017recover dati per host :92.223.147.77/nodered
16:40-Tue-May-16-2017 PM10  |   4.17 |   5.19 |  11.48 |   3.78 |I I 
16:40-Tue-May-16-2017 PM2.5 |   3.93 |   4.23 |   6.65 |   2.21 |I I 
16:42-Tue-May-16-2017 PM10  |   5.31 |   5.20 |  11.48 |   3.78 |I I 
16:42-Tue-May-16-2017 PM2.5 |   4.06 |   4.22 |   6.65 |   2.21 |I I 
16:46-Tue-May-16-2017 PM10  |   4.27 |   5.15 |  11.48 |   3.78 |I I 
16:46-Tue-May-16-2017 PM2.5 |   3.85 |   4.20 |   6.65 |   2.21 |I I 
16:47-Tue-May-16-2017 PM10  |   5.72 |   5.18 |  11.48 |   3.78 |B I 
16:47-Tue-May-16-2017 PM2.5 |   4.24 |   4.20 |   6.65 |   2.21 |B I 
16:50-Tue-May-16-2017recover dati per host :salvatorehost.no-ip.org/aria
16:50-Tue-May-16-2017 PM10  |   5.68 |   5.20 |  11.48 |   3.78 |I I 
16:50-Tue-May-16-2017 PM2.5 |   3.99 |   4.19 |   6.65 |   2.21 |I I 
16:51-Tue-May-16-2017 PM10  |   6.95 |   5.28 |  11.48 |   3.78 |I I 
16:51-Tue-May-16-2017 PM2.5 |   4.21 |   4.19 |   6.65 |   2.21 |I I 
16:55-Tue-May-16-2017 PM10  |   4.48 |   5.25 |  11.48 |   3.78 |I I 
16:55-Tue-May-16-2017 PM2.5 |   4.16 |   4.19 |   6.65 |   2.21 |I I 
16:56-Tue-May-16-2017 PM10  |   4.64 |   5.22 |  11.48 |   3.78 |B B 
16:56-Tue-May-16-2017 PM2.5 |   4.15 |   4.19 |   6.65 |   2.21 |B B 
17:00-Tue-May-16-2017recover dati per host :salvatorehost.no-ip.org/aria
17:00-Tue-May-16-2017recover dati per host :92.223.147.77/nodered
17:00-Tue-May-16-2017 PM10  |   4.06 |   5.17 |  11.48 |   3.78 |I I 
17:00-Tue-May-16-2017 PM2.5 |   3.84 |   4.18 |   6.65 |   2.21 |I I 
17:01-Tue-May-16-2017 PM10  |   4.52 |   4.52 |  11.48 |   3.78 |I I 
17:01-Tue-May-16-2017 PM2.5 |   3.78 |   3.78 |   6.65 |   2.21 |I I 
17:05-Tue-May-16-2017 PM10  |   3.94 |   4.23 |  11.48 |   3.78 |I I 
17:05-Tue-May-16-2017 PM2.5 |   3.72 |   3.75 |   6.65 |   2.21 |I I 
17:06-Tue-May-16-2017 PM10  |   4.68 |   4.38 |  11.48 |   3.78 |I I 
17:06-Tue-May-16-2017 PM2.5 |   3.97 |   3.83 |   6.65 |   2.21 |I I 
17:10-Tue-May-16-2017Timeout Event handler
17:10-Tue-May-16-2017 PM10  |   4.58 |   4.43 |  11.48 |   3.78 |B B 
17:10-Tue-May-16-2017 PM2.5 |   4.13 |   3.90 |   6.65 |   2.21 |B B 
17:11-Tue-May-16-2017 PM10  |   5.16 |   4.58 |  11.48 |   3.78 |B B 
17:11-Tue-May-16-2017 PM2.5 |   4.24 |   3.97 |   6.65 |   2.21 |B B 
17:15-Tue-May-16-2017recover dati per host :salvatorehost.no-ip.org/aria
17:15-Tue-May-16-2017recover dati per host :92.223.147.77/nodered
17:15-Tue-May-16-2017 PM10  |   4.00 |   4.48 |  11.48 |   3.78 |I I 
17:15-Tue-May-16-2017 PM2.5 |   3.79 |   3.94 |   6.65 |   2.21 |I I 
17:16-Tue-May-16-2017 PM10  |   4.79 |   4.53 |  11.48 |   3.78 |I I 
17:16-Tue-May-16-2017 PM2.5 |   4.16 |   3.97 |   6.65 |   2.21 |I I 
17:20-Tue-May-16-2017 PM10  |   3.92 |   4.45 |  11.48 |   3.78 |I B 
17:20-Tue-May-16-2017 PM2.5 |   3.74 |   3.94 |   6.65 |   2.21 |I B 
17:22-Tue-May-16-2017 PM10  |   4.71 |   4.48 |  11.48 |   3.78 |B B 
17:22-Tue-May-16-2017 PM2.5 |   3.78 |   3.92 |   6.65 |   2.21 |B B 
17:26-Tue-May-16-2017recover dati per host :salvatorehost.no-ip.org/aria
17:26-Tue-May-16-2017recover dati per host :92.223.147.77/nodered
17:26-Tue-May-16-2017 PM10  |   4.18 |   4.45 |  11.48 |   3.78 |I I 
17:26-Tue-May-16-2017 PM2.5 |   3.93 |   3.92 |   6.65 |   2.21 |I I 
17:27-Tue-May-16-2017 PM10  |   4.50 |   4.45 |  11.48 |   3.78 |I I 
17:27-Tue-May-16-2017 PM2.5 |   3.94 |   3.93 |   6.65 |   2.21 |I I 
17:31-Tue-May-16-2017 PM10  |   4.57 |   4.46 |  11.48 |   3.78 |I I 
17:31-Tue-May-16-2017 PM2.5 |   4.14 |   3.94 |   6.65 |   2.21 |I I 
17:32-Tue-May-16-2017 PM10  |   5.25 |   4.52 |  11.48 |   3.78 |I I 
17:32-Tue-May-16-2017 PM2.5 |   3.81 |   3.93 |   6.65 |   2.21 |I I 
17:36-Tue-May-16-2017 PM10  |   4.14 |   4.50 |  11.48 |   3.78 |I I 
17:36-Tue-May-16-2017 PM2.5 |   3.58 |   3.91 |   6.65 |   2.21 |I I 
17:37-Tue-May-16-2017 PM10  |   4.49 |   4.50 |  11.48 |   3.78 |B I 
17:37-Tue-May-16-2017 PM2.5 |   3.79 |   3.90 |   6.65 |   2.21 |B I 
17:41-Tue-May-16-2017recover dati per host :salvatorehost.no-ip.org/aria
17:41-Tue-May-16-2017 PM10  |   3.81 |   4.45 |  11.48 |   3.78 |I I 
17:41-Tue-May-16-2017 PM2.5 |   3.61 |   3.88 |   6.65 |   2.21 |I I 
17:45-Tue-May-16-2017 PM10  |   4.44 |   4.45 |  11.48 |   3.78 |B I 
17:45-Tue-May-16-2017 PM2.5 |   3.94 |   3.88 |   6.65 |   2.21 |B I 
17:46-Tue-May-16-2017recover dati per host :salvatorehost.no-ip.org/aria
17:46-Tue-May-16-2017 PM10  |   4.19 |   4.44 |  11.48 |   3.78 |I I 
17:46-Tue-May-16-2017 PM2.5 |   3.80 |   3.88 |   6.65 |   2.21 |I I 
17:50-Tue-May-16-2017 PM10  |   3.94 |   4.41 |  11.48 |   3.78 |I I 
17:50-Tue-May-16-2017 PM2.5 |   3.74 |   3.87 |   6.65 |   2.21 |I I 
17:51-Tue-May-16-2017 PM10  |   4.47 |   4.42 |  11.48 |   3.78 |I I 
17:51-Tue-May-16-2017 PM2.5 |   3.78 |   3.87 |   6.65 |   2.21 |I I 
17:55-Tue-May-16-2017 PM10  |   3.81 |   4.39 |  11.48 |   3.78 |I I 
17:55-Tue-May-16-2017 PM2.5 |   3.62 |   3.86 |   6.65 |   2.21 |I I 
17:56-Tue-May-16-2017 PM10  |   4.60 |   4.40 |  11.48 |   3.78 |I I 
17:56-Tue-May-16-2017 PM2.5 |   3.86 |   3.86 |   6.65 |   2.21 |I I 
18:00-Tue-May-16-2017 PM10  |   3.71 |   4.37 |  11.48 |   3.78 |I I 
18:00-Tue-May-16-2017 PM2.5 |   3.51 |   3.84 |   6.65 |   2.21 |I I 
18:01-Tue-May-16-2017 PM10  |   4.98 |   4.98 |  11.48 |   3.78 |I I 
18:01-Tue-May-16-2017 PM2.5 |   4.14 |   4.14 |   6.65 |   2.21 |I I 
18:05-Tue-May-16-2017 PM10  |   4.42 |   4.70 |  11.48 |   3.78 |I I 
18:05-Tue-May-16-2017 PM2.5 |   3.78 |   3.96 |   6.65 |   2.21 |I I 
18:06-Tue-May-16-2017 PM10  |   4.36 |   4.59 |  11.48 |   3.78 |I I 
18:06-Tue-May-16-2017 PM2.5 |   3.86 |   3.93 |   6.65 |   2.21 |I I 
18:10-Tue-May-16-2017 PM10  |   3.82 |   4.39 |  11.48 |   3.78 |I I 
18:10-Tue-May-16-2017 PM2.5 |   3.62 |   3.85 |   6.65 |   2.21 |I I 
18:11-Tue-May-16-2017 PM10  |   4.22 |   4.36 |  11.48 |   3.78 |I B 
18:11-Tue-May-16-2017 PM2.5 |   3.80 |   3.84 |   6.65 |   2.21 |I B 
18:15-Tue-May-16-2017 PM10  |   3.78 |   4.26 |  11.48 |   3.78 |I B 
18:15-Tue-May-16-2017 PM2.5 |   3.57 |   3.79 |   6.65 |   2.21 |I B 
18:16-Tue-May-16-2017recover dati per host :92.223.147.77/nodered
18:16-Tue-May-16-2017 PM10  |   4.05 |   4.23 |  11.48 |   3.78 |I I 
18:16-Tue-May-16-2017 PM2.5 |   3.79 |   3.79 |   6.65 |   2.21 |I I 
18:20-Tue-May-16-2017 PM10  |   3.89 |   4.19 |  11.48 |   3.78 |I I 
18:20-Tue-May-16-2017 PM2.5 |   3.52 |   3.76 |   6.65 |   2.21 |I I 
18:21-Tue-May-16-2017 PM10  |   4.18 |   4.19 |  11.48 |   3.78 |I I 
18:21-Tue-May-16-2017 PM2.5 |   3.65 |   3.75 |   6.65 |   2.21 |I I 
18:25-Tue-May-16-2017 PM10  |   3.58 |   4.13 |  11.48 |   3.78 |I I 
18:25-Tue-May-16-2017 PM2.5 |   3.38 |   3.71 |   6.65 |   2.21 |I I 
18:26-Tue-May-16-2017 PM10  |   5.17 |   4.22 |  11.48 |   3.78 |B I 
18:26-Tue-May-16-2017 PM2.5 |   3.61 |   3.70 |   6.65 |   2.21 |B I 
18:30-Tue-May-16-2017recover dati per host :salvatorehost.no-ip.org/aria
18:30-Tue-May-16-2017 PM10  |   3.83 |   4.19 |  11.48 |   3.78 |I I 
18:30-Tue-May-16-2017 PM2.5 |   3.63 |   3.70 |   6.65 |   2.21 |I I 
18:32-Tue-May-16-2017 PM10  |   4.62 |   4.22 |  11.48 |   3.78 |B I 
18:32-Tue-May-16-2017 PM2.5 |   3.69 |   3.70 |   6.65 |   2.21 |B I 
18:36-Tue-May-16-2017recover dati per host :salvatorehost.no-ip.org/aria
18:36-Tue-May-16-2017 PM10  |   3.58 |   4.18 |  11.48 |   3.78 |I I 
18:36-Tue-May-16-2017 PM2.5 |   3.38 |   3.67 |   6.65 |   2.21 |I I 
18:37-Tue-May-16-2017 PM10  |   4.54 |   4.20 |  11.48 |   3.78 |I I 
18:37-Tue-May-16-2017 PM2.5 |   3.85 |   3.68 |   6.65 |   2.21 |I I 
18:41-Tue-May-16-2017 PM10  |   3.75 |   4.17 |  11.48 |   3.78 |I B 
18:41-Tue-May-16-2017 PM2.5 |   3.42 |   3.67 |   6.65 |   2.21 |I B 
18:42-Tue-May-16-2017recover dati per host :92.223.147.77/nodered
18:42-Tue-May-16-2017 PM10  |   4.05 |   4.17 |  11.48 |   3.78 |I I 
18:42-Tue-May-16-2017 PM2.5 |   3.73 |   3.67 |   6.65 |   2.21 |I I 
18:46-Tue-May-16-2017 PM10  |   3.61 |   4.13 |  11.48 |   3.78 |I I 
18:46-Tue-May-16-2017 PM2.5 |   3.41 |   3.66 |   6.65 |   2.21 |I I 
18:47-Tue-May-16-2017 PM10  |   3.94 |   4.12 |  11.48 |   3.78 |I I 
18:47-Tue-May-16-2017 PM2.5 |   3.69 |   3.66 |   6.65 |   2.21 |I I 
18:51-Tue-May-16-2017 PM10  |   3.92 |   4.11 |  11.48 |   3.78 |I I 
18:51-Tue-May-16-2017 PM2.5 |   3.55 |   3.65 |   6.65 |   2.21 |I I 
18:52-Tue-May-16-2017 PM10  |   4.13 |   4.11 |  11.48 |   3.78 |I I 
18:52-Tue-May-16-2017 PM2.5 |   3.76 |   3.66 |   6.65 |   2.21 |I I 
18:55-Tue-May-16-2017 PM10  |   3.81 |   4.10 |  11.48 |   3.78 |I I 
18:55-Tue-May-16-2017 PM2.5 |   3.61 |   3.66 |   6.65 |   2.21 |I I 
18:56-Tue-May-16-2017 PM10  |   4.46 |   4.12 |  11.48 |   3.78 |B I 
18:56-Tue-May-16-2017 PM2.5 |   3.73 |   3.66 |   6.65 |   2.21 |B I 
19:00-Tue-May-16-2017recover dati per host :salvatorehost.no-ip.org/aria
19:00-Tue-May-16-2017 PM10  |   3.74 |   4.10 |  11.48 |   3.78 |I I 
19:00-Tue-May-16-2017 PM2.5 |   3.54 |   3.65 |   6.65 |   2.21 |I I 
19:01-Tue-May-16-2017 PM10  |   4.43 |   4.43 |  11.48 |   3.78 |I I 
19:01-Tue-May-16-2017 PM2.5 |   3.74 |   3.74 |   6.65 |   2.21 |I I 
19:05-Tue-May-16-2017 PM10  |   3.80 |   4.12 |  11.48 |   3.78 |I I 
19:05-Tue-May-16-2017 PM2.5 |   3.60 |   3.67 |   6.65 |   2.21 |I I 
19:06-Tue-May-16-2017 PM10  |   4.20 |   4.14 |  11.48 |   3.78 |I I 
19:06-Tue-May-16-2017 PM2.5 |   3.62 |   3.66 |   6.65 |   2.21 |I I 
19:10-Tue-May-16-2017 PM10  |   3.71 |   4.04 |  11.48 |   3.78 |I I 
19:10-Tue-May-16-2017 PM2.5 |   3.51 |   3.62 |   6.65 |   2.21 |I I 
19:11-Tue-May-16-2017 PM10  |   5.05 |   4.24 |  11.48 |   3.78 |I I 
19:11-Tue-May-16-2017 PM2.5 |   3.82 |   3.66 |   6.65 |   2.21 |I I 
19:15-Tue-May-16-2017 PM10  |   4.28 |   4.24 |  11.48 |   3.78 |B B 
19:15-Tue-May-16-2017 PM2.5 |   3.51 |   3.63 |   6.65 |   2.21 |B B 
19:16-Tue-May-16-2017recover dati per host :salvatorehost.no-ip.org/aria
19:16-Tue-May-16-2017recover dati per host :92.223.147.77/nodered
19:16-Tue-May-16-2017 PM10  |   5.86 |   4.48 |  11.48 |   3.78 |I I 
19:16-Tue-May-16-2017 PM2.5 |   3.76 |   3.65 |   6.65 |   2.21 |I I 
19:20-Tue-May-16-2017 PM10  |   3.53 |   4.36 |  11.48 |   3.78 |I I 
19:20-Tue-May-16-2017 PM2.5 |   3.31 |   3.61 |   6.65 |   2.21 |I I 
19:21-Tue-May-16-2017 PM10  |   4.10 |   4.33 |  11.48 |   3.78 |I I 
19:21-Tue-May-16-2017 PM2.5 |   3.49 |   3.60 |   6.65 |   2.21 |I I 
19:25-Tue-May-16-2017 PM10  |  10.42 |   4.94 |  11.48 |   3.78 |I I 
19:25-Tue-May-16-2017 PM2.5 |   3.89 |   3.63 |   6.65 |   2.21 |I I 
19:26-Tue-May-16-2017 PM10  |   8.21 |   5.23 |  11.48 |   3.78 |I I 
19:26-Tue-May-16-2017 PM2.5 |   3.87 |   3.65 |   6.65 |   2.21 |I I 
19:30-Tue-May-16-2017 PM10  |   6.51 |   5.34 |  11.48 |   3.78 |I I 
19:30-Tue-May-16-2017 PM2.5 |   3.67 |   3.65 |   6.65 |   2.21 |I I 
19:31-Tue-May-16-2017 PM10  |   5.00 |   5.31 |  11.48 |   3.78 |B I 
19:31-Tue-May-16-2017 PM2.5 |   3.49 |   3.64 |   6.65 |   2.21 |B I 
19:36-Tue-May-16-2017 PM10  |   5.44 |   5.32 |  11.48 |   3.78 |B B 
19:36-Tue-May-16-2017 PM2.5 |   3.24 |   3.61 |   6.65 |   2.21 |B B 
19:37-Tue-May-16-2017 PM10  |   5.11 |   5.31 |  11.48 |   3.78 |B B 
19:37-Tue-May-16-2017 PM2.5 |   3.33 |   3.59 |   6.65 |   2.21 |B B 
19:41-Tue-May-16-2017recover dati per host :salvatorehost.no-ip.org/aria
19:41-Tue-May-16-2017recover dati per host :92.223.147.77/nodered
19:41-Tue-May-16-2017 PM10  |   3.81 |   5.22 |  11.48 |   3.78 |I I 
19:41-Tue-May-16-2017 PM2.5 |   3.23 |   3.57 |   6.65 |   2.21 |I I 
19:42-Tue-May-16-2017 PM10  |   4.81 |   5.19 |  11.48 |   3.78 |I I 
19:42-Tue-May-16-2017 PM2.5 |   3.13 |   3.54 |   6.65 |   2.21 |I I 
19:46-Tue-May-16-2017 PM10  |   3.36 |   5.09 |  11.48 |   3.78 |I I 
19:46-Tue-May-16-2017 PM2.5 |   3.13 |   3.52 |   6.65 |   2.21 |I I 
19:47-Tue-May-16-2017 PM10  |   3.97 |   5.03 |  11.48 |   3.78 |I I 
19:47-Tue-May-16-2017 PM2.5 |   3.09 |   3.50 |   6.65 |   2.21 |I I 
19:51-Tue-May-16-2017 PM10  |   3.17 |   4.94 |  11.48 |   3.78 |B I 
19:51-Tue-May-16-2017 PM2.5 |   2.97 |   3.47 |   6.65 |   2.21 |B I 
19:52-Tue-May-16-2017recover dati per host :salvatorehost.no-ip.org/aria
19:52-Tue-May-16-2017 PM10  |   3.88 |   4.89 |  11.48 |   3.78 |I B 
19:52-Tue-May-16-2017 PM2.5 |   3.25 |   3.46 |   6.65 |   2.21 |I B 
19:56-Tue-May-16-2017recover dati per host :92.223.147.77/nodered
19:56-Tue-May-16-2017 PM10  |   2.92 |   4.80 |  11.48 |   3.78 |I I 
19:56-Tue-May-16-2017 PM2.5 |   2.73 |   3.43 |   6.65 |   2.21 |I I 
20:00-Tue-May-16-2017Timeout Event handler
20:00-Tue-May-16-2017 PM10  |   4.20 |   4.77 |  11.48 |   3.78 |B B 
20:00-Tue-May-16-2017 PM2.5 |   3.59 |   3.43 |   6.65 |   2.21 |B B 
20:01-Tue-May-16-2017recover dati per host :salvatorehost.no-ip.org/aria
20:01-Tue-May-16-2017recover dati per host :92.223.147.77/nodered
20:01-Tue-May-16-2017 PM10  |   4.29 |   4.29 |  11.48 |   3.78 |I I 
20:01-Tue-May-16-2017 PM2.5 |   3.82 |   3.82 |   6.65 |   2.21 |I I 
20:05-Tue-May-16-2017 PM10  |   4.14 |   4.21 |  11.48 |   3.78 |I I 
20:05-Tue-May-16-2017 PM2.5 |   3.88 |   3.85 |   6.65 |   2.21 |I I 
20:06-Tue-May-16-2017 PM10  |   5.23 |   4.55 |  11.48 |   3.78 |I I 
20:06-Tue-May-16-2017 PM2.5 |   3.61 |   3.77 |   6.65 |   2.21 |I I 
20:10-Tue-May-16-2017 PM10  |   4.19 |   4.46 |  11.48 |   3.78 |I I 
20:10-Tue-May-16-2017 PM2.5 |   3.54 |   3.71 |   6.65 |   2.21 |I I 
20:11-Tue-May-16-2017 PM10  |   5.41 |   4.65 |  11.48 |   3.78 |I I 
20:11-Tue-May-16-2017 PM2.5 |   3.52 |   3.67 |   6.65 |   2.21 |I I 
20:15-Tue-May-16-2017 PM10  |   3.99 |   4.54 |  11.48 |   3.78 |I I 
20:15-Tue-May-16-2017 PM2.5 |   3.70 |   3.68 |   6.65 |   2.21 |I I 
20:16-Tue-May-16-2017 PM10  |   5.41 |   4.67 |  11.48 |   3.78 |I I 
20:16-Tue-May-16-2017 PM2.5 |   3.39 |   3.64 |   6.65 |   2.21 |I I 
20:20-Tue-May-16-2017 PM10  |   4.97 |   4.70 |  11.48 |   3.78 |I I 
20:20-Tue-May-16-2017 PM2.5 |   3.12 |   3.57 |   6.65 |   2.21 |I I 
20:21-Tue-May-16-2017 PM10  |   4.12 |   4.64 |  11.48 |   3.78 |B B 
20:21-Tue-May-16-2017 PM2.5 |   3.19 |   3.53 |   6.65 |   2.21 |B B 
20:25-Tue-May-16-2017recover dati per host :salvatorehost.no-ip.org/aria
20:25-Tue-May-16-2017recover dati per host :92.223.147.77/nodered
20:25-Tue-May-16-2017 PM10  |   3.40 |   4.51 |  11.48 |   3.78 |I I 
20:25-Tue-May-16-2017 PM2.5 |   2.95 |   3.47 |   6.65 |   2.21 |I I 
20:26-Tue-May-16-2017 PM10  |   4.61 |   4.52 |  11.48 |   3.78 |I I 
20:26-Tue-May-16-2017 PM2.5 |   3.48 |   3.47 |   6.65 |   2.21 |I I 
20:31-Tue-May-16-2017 PM10  |   3.78 |   4.46 |  11.48 |   3.78 |I I 
20:31-Tue-May-16-2017 PM2.5 |   3.22 |   3.45 |   6.65 |   2.21 |I I 
20:32-Tue-May-16-2017 PM10  |   4.31 |   4.45 |  11.48 |   3.78 |I I 
20:32-Tue-May-16-2017 PM2.5 |   3.39 |   3.45 |   6.65 |   2.21 |I I 
20:36-Tue-May-16-2017 PM10  |   4.29 |   4.44 |  11.48 |   3.78 |I I 
20:36-Tue-May-16-2017 PM2.5 |   3.01 |   3.42 |   6.65 |   2.21 |I I 
20:37-Tue-May-16-2017 PM10  |   4.22 |   4.42 |  11.48 |   3.78 |I I 
20:37-Tue-May-16-2017 PM2.5 |   3.19 |   3.40 |   6.65 |   2.21 |I I 
20:41-Tue-May-16-2017 PM10  |   4.13 |   4.41 |  11.48 |   3.78 |B I 
20:41-Tue-May-16-2017 PM2.5 |   2.92 |   3.37 |   6.65 |   2.21 |B I 
20:42-Tue-May-16-2017recover dati per host :salvatorehost.no-ip.org/aria
20:42-Tue-May-16-2017 PM10  |   4.87 |   4.43 |  11.48 |   3.78 |I I 
20:42-Tue-May-16-2017 PM2.5 |   3.35 |   3.37 |   6.65 |   2.21 |I I 
20:46-Tue-May-16-2017 PM10  |   4.21 |   4.42 |  11.48 |   3.78 |I I 
20:46-Tue-May-16-2017 PM2.5 |   3.16 |   3.36 |   6.65 |   2.21 |I I 
20:47-Tue-May-16-2017 PM10  |   4.32 |   4.42 |  11.48 |   3.78 |I I 
20:47-Tue-May-16-2017 PM2.5 |   3.27 |   3.35 |   6.65 |   2.21 |I I 
20:51-Tue-May-16-2017 PM10  |   6.01 |   4.50 |  11.48 |   3.78 |I I 
20:51-Tue-May-16-2017 PM2.5 |   3.13 |   3.34 |   6.65 |   2.21 |I I 
20:52-Tue-May-16-2017 PM10  |   5.17 |   4.53 |  11.48 |   3.78 |I I 
20:52-Tue-May-16-2017 PM2.5 |   3.38 |   3.34 |   6.65 |   2.21 |I I 
20:56-Tue-May-16-2017 PM10  |   4.07 |   4.51 |  11.48 |   3.78 |I I 
20:56-Tue-May-16-2017 PM2.5 |   3.36 |   3.35 |   6.65 |   2.21 |I I 
20:57-Tue-May-16-2017 PM10  |   5.06 |   4.53 |  11.48 |   3.78 |I I 
20:57-Tue-May-16-2017 PM2.5 |   3.35 |   3.35 |   6.65 |   2.21 |I I 
21:01-Tue-May-16-2017 PM10  |   4.41 |   4.53 |  11.48 |   3.78 |I I 
21:01-Tue-May-16-2017 PM2.5 |   3.31 |   3.34 |   6.65 |   2.21 |I I 
21:05-Tue-May-16-2017 PM10  |   3.53 |   3.53 |  11.48 |   3.78 |I I 
21:05-Tue-May-16-2017 PM2.5 |   2.89 |   2.89 |   6.65 |   2.21 |I I 
21:06-Tue-May-16-2017 PM10  |   5.77 |   4.65 |  11.48 |   3.78 |B B 
21:06-Tue-May-16-2017 PM2.5 |   3.43 |   3.16 |   6.65 |   2.21 |B B 
21:10-Tue-May-16-2017recover dati per host :salvatorehost.no-ip.org/aria
21:10-Tue-May-16-2017recover dati per host :92.223.147.77/nodered
21:10-Tue-May-16-2017 PM10  |   3.91 |   4.40 |  11.48 |   3.78 |I I 
21:10-Tue-May-16-2017 PM2.5 |   3.10 |   3.14 |   6.65 |   2.21 |I I 
21:11-Tue-May-16-2017 PM10  |   4.73 |   4.48 |  11.48 |   3.78 |I I 
21:11-Tue-May-16-2017 PM2.5 |   3.50 |   3.23 |   6.65 |   2.21 |I I 
21:15-Tue-May-16-2017 PM10  |   4.71 |   4.53 |  11.48 |   3.78 |I I 
21:15-Tue-May-16-2017 PM2.5 |   3.39 |   3.26 |   6.65 |   2.21 |I I 
21:16-Tue-May-16-2017 PM10  |   5.32 |   4.66 |  11.48 |   3.78 |I I 
21:16-Tue-May-16-2017 PM2.5 |   3.39 |   3.28 |   6.65 |   2.21 |I I 
21:20-Tue-May-16-2017 PM10  |   3.77 |   4.53 |  11.48 |   3.78 |I I 
21:20-Tue-May-16-2017 PM2.5 |   3.18 |   3.27 |   6.65 |   2.21 |I I 
21:21-Tue-May-16-2017 PM10  |   4.02 |   4.47 |  11.48 |   3.78 |I I 
21:21-Tue-May-16-2017 PM2.5 |   3.49 |   3.30 |   6.65 |   2.21 |I I 
21:25-Tue-May-16-2017 PM10  |   3.46 |   4.36 |  11.48 |   3.78 |I I 
21:25-Tue-May-16-2017 PM2.5 |   3.03 |   3.27 |   6.65 |   2.21 |I I 
21:26-Tue-May-16-2017 PM10  |   4.75 |   4.40 |  11.48 |   3.78 |I I 
21:26-Tue-May-16-2017 PM2.5 |   3.68 |   3.31 |   6.65 |   2.21 |I I 
21:30-Tue-May-16-2017 PM10  |   3.60 |   4.32 |  11.48 |   3.78 |I I 
21:30-Tue-May-16-2017 PM2.5 |   3.31 |   3.31 |   6.65 |   2.21 |I I 
21:31-Tue-May-16-2017 PM10  |   5.55 |   4.43 |  11.48 |   3.78 |I I 
21:31-Tue-May-16-2017 PM2.5 |   3.62 |   3.33 |   6.65 |   2.21 |I I 
21:35-Tue-May-16-2017 PM10  |   5.37 |   4.50 |  11.48 |   3.78 |I I 
21:35-Tue-May-16-2017 PM2.5 |   3.40 |   3.34 |   6.65 |   2.21 |I I 
21:37-Tue-May-16-2017 PM10  |   4.26 |   4.48 |  11.48 |   3.78 |I I 
21:37-Tue-May-16-2017 PM2.5 |   3.43 |   3.35 |   6.65 |   2.21 |I I 
21:41-Tue-May-16-2017 PM10  |   4.81 |   4.50 |  11.48 |   3.78 |I I 
21:41-Tue-May-16-2017 PM2.5 |   3.43 |   3.35 |   6.65 |   2.21 |I I 
21:42-Tue-May-16-2017 PM10  |  10.56 |   4.88 |  11.48 |   3.78 |I I 
21:42-Tue-May-16-2017 PM2.5 |   5.92 |   3.51 |   6.65 |   2.21 |I I 
21:46-Tue-May-16-2017 PM10  |   7.60 |   5.04 |  11.48 |   3.78 |I I 
21:46-Tue-May-16-2017 PM2.5 |   6.07 |   3.66 |   6.65 |   2.21 |I I 
21:47-Tue-May-16-2017 PM10  |   7.31 |   5.17 |  11.48 |   3.78 |I I 
21:47-Tue-May-16-2017 PM2.5 |   4.87 |   3.73 |   6.65 |   2.21 |I I 
21:51-Tue-May-16-2017 PM10  |   5.31 |   5.18 |  11.48 |   3.78 |I I 
21:51-Tue-May-16-2017 PM2.5 |   4.31 |   3.76 |   6.65 |   2.21 |I I 
21:52-Tue-May-16-2017 PM10  |   6.45 |   5.24 |  11.48 |   3.78 |I I 
21:52-Tue-May-16-2017 PM2.5 |   4.28 |   3.79 |   6.65 |   2.21 |I I 
21:56-Tue-May-16-2017 PM10  |   4.74 |   5.22 |  11.48 |   3.78 |I I 
21:56-Tue-May-16-2017 PM2.5 |   4.07 |   3.80 |   6.65 |   2.21 |I I 
21:57-Tue-May-16-2017 PM10  |   5.49 |   5.23 |  11.48 |   3.78 |I I 
21:57-Tue-May-16-2017 PM2.5 |   4.11 |   3.81 |   6.65 |   2.21 |I I 
22:01-Tue-May-16-2017 PM10  |   4.60 |   5.20 |  11.48 |   3.78 |I I 
22:01-Tue-May-16-2017 PM2.5 |   4.13 |   3.83 |   6.65 |   2.21 |I I 
22:02-Tue-May-16-2017 PM10  |   5.55 |   5.55 |  11.48 |   3.78 |I I 
22:02-Tue-May-16-2017 PM2.5 |   4.26 |   4.26 |   6.65 |   2.21 |I I 
22:06-Tue-May-16-2017 PM10  |   4.00 |   4.78 |  11.48 |   3.78 |I I 
22:06-Tue-May-16-2017 PM2.5 |   3.80 |   4.03 |   6.65 |   2.21 |I I 
22:07-Tue-May-16-2017 PM10  |   5.72 |   5.09 |  11.48 |   3.78 |I I 
22:07-Tue-May-16-2017 PM2.5 |   4.34 |   4.13 |   6.65 |   2.21 |I I 
22:11-Tue-May-16-2017 PM10  |   4.84 |   5.03 |  11.48 |   3.78 |I I 
22:11-Tue-May-16-2017 PM2.5 |   4.30 |   4.17 |   6.65 |   2.21 |I I 
22:12-Tue-May-16-2017 PM10  |   4.76 |   4.98 |  11.48 |   3.78 |I I 
22:12-Tue-May-16-2017 PM2.5 |   4.30 |   4.20 |   6.65 |   2.21 |I I 
22:16-Tue-May-16-2017 PM10  |   4.33 |   4.87 |  11.48 |   3.78 |I I 
22:16-Tue-May-16-2017 PM2.5 |   3.81 |   4.14 |   6.65 |   2.21 |I I 
22:17-Tue-May-16-2017 PM10  |   5.86 |   5.01 |  11.48 |   3.78 |I I 
22:17-Tue-May-16-2017 PM2.5 |   4.58 |   4.20 |   6.65 |   2.21 |I I 
22:21-Tue-May-16-2017 PM10  |   4.36 |   4.93 |  11.48 |   3.78 |I I 
22:21-Tue-May-16-2017 PM2.5 |   4.07 |   4.18 |   6.65 |   2.21 |I I 
22:22-Tue-May-16-2017 PM10  |   5.95 |   5.04 |  11.48 |   3.78 |I I 
22:22-Tue-May-16-2017 PM2.5 |   4.33 |   4.20 |   6.65 |   2.21 |I I 
22:26-Tue-May-16-2017 PM10  |   5.32 |   5.07 |  11.48 |   3.78 |I I 
22:26-Tue-May-16-2017 PM2.5 |   3.99 |   4.18 |   6.65 |   2.21 |I I 
22:30-Tue-May-16-2017 PM10  |   4.67 |   5.03 |  11.48 |   3.78 |I I 
22:30-Tue-May-16-2017 PM2.5 |   4.02 |   4.16 |   6.65 |   2.21 |I I 
22:31-Tue-May-16-2017 PM10  |   6.18 |   5.13 |  11.48 |   3.78 |I I 
22:31-Tue-May-16-2017 PM2.5 |   4.02 |   4.15 |   6.65 |   2.21 |I I 
22:35-Tue-May-16-2017 PM10  |   6.49 |   5.23 |  11.48 |   3.78 |I I 
22:35-Tue-May-16-2017 PM2.5 |   3.61 |   4.11 |   6.65 |   2.21 |I I 
22:36-Tue-May-16-2017 PM10  |   4.60 |   5.19 |  11.48 |   3.78 |B I 
22:36-Tue-May-16-2017 PM2.5 |   3.87 |   4.09 |   6.65 |   2.21 |B I 
22:40-Tue-May-16-2017recover dati per host :salvatorehost.no-ip.org/aria
22:40-Tue-May-16-2017 PM10  |   6.53 |   5.28 |  11.48 |   3.78 |I I 
22:40-Tue-May-16-2017 PM2.5 |   3.89 |   4.08 |   6.65 |   2.21 |I I 
22:41-Tue-May-16-2017 PM10  |   7.29 |   5.40 |  11.48 |   3.78 |I I 
22:41-Tue-May-16-2017 PM2.5 |   3.81 |   4.06 |   6.65 |   2.21 |I I 
22:45-Tue-May-16-2017 PM10  |   4.82 |   5.37 |  11.48 |   3.78 |I B 
22:45-Tue-May-16-2017 PM2.5 |   3.85 |   4.05 |   6.65 |   2.21 |I B 
22:46-Tue-May-16-2017recover dati per host :92.223.147.77/nodered
22:46-Tue-May-16-2017 PM10  |   6.51 |   5.43 |  11.48 |   3.78 |I I 
22:46-Tue-May-16-2017 PM2.5 |   3.96 |   4.05 |   6.65 |   2.21 |I I 
22:50-Tue-May-16-2017 PM10  |   4.43 |   5.38 |  11.48 |   3.78 |I I 
22:50-Tue-May-16-2017 PM2.5 |   3.44 |   4.01 |   6.65 |   2.21 |I I 
22:51-Tue-May-16-2017 PM10  |   5.55 |   5.39 |  11.48 |   3.78 |I I 
22:51-Tue-May-16-2017 PM2.5 |   4.10 |   4.02 |   6.65 |   2.21 |I I 
22:55-Tue-May-16-2017 PM10  |   5.36 |   5.39 |  11.48 |   3.78 |I I 
22:55-Tue-May-16-2017 PM2.5 |   4.03 |   4.02 |   6.65 |   2.21 |I I 
22:57-Tue-May-16-2017 PM10  |   5.92 |   5.41 |  11.48 |   3.78 |B I 
22:57-Tue-May-16-2017 PM2.5 |   4.21 |   4.03 |   6.65 |   2.21 |B I 
23:01-Tue-May-16-2017 PM10  |   6.83 |   5.47 |  11.48 |   3.78 |B I 
23:01-Tue-May-16-2017 PM2.5 |   3.89 |   4.02 |   6.65 |   2.21 |B I 
23:02-Tue-May-16-2017recover dati per host :salvatorehost.no-ip.org/aria
23:02-Tue-May-16-2017 PM10  |   8.01 |   8.01 |  11.48 |   3.78 |I B 
23:02-Tue-May-16-2017 PM2.5 |   3.90 |   3.90 |   6.65 |   2.21 |I B 
23:06-Tue-May-16-2017recover dati per host :92.223.147.77/nodered
23:06-Tue-May-16-2017 PM10  |   4.75 |   6.38 |  11.48 |   3.78 |I I 
23:06-Tue-May-16-2017 PM2.5 |   3.62 |   3.76 |   6.65 |   2.21 |I I 
23:07-Tue-May-16-2017 PM10  |   5.44 |   6.07 |  11.48 |   3.78 |B I 
23:07-Tue-May-16-2017 PM2.5 |   3.52 |   3.68 |   6.65 |   2.21 |B I 
23:11-Tue-May-16-2017recover dati per host :salvatorehost.no-ip.org/aria
23:11-Tue-May-16-2017 PM10  |   3.99 |   5.55 |  11.48 |   3.78 |I I 
23:11-Tue-May-16-2017 PM2.5 |   3.69 |   3.68 |   6.65 |   2.21 |I I 
23:12-Tue-May-16-2017 PM10  |   4.00 |   5.24 |  11.48 |   3.78 |I I 
23:12-Tue-May-16-2017 PM2.5 |   3.56 |   3.66 |   6.65 |   2.21 |I I 
23:16-Tue-May-16-2017 PM10  |   4.05 |   5.04 |  11.48 |   3.78 |I I 
23:16-Tue-May-16-2017 PM2.5 |   3.61 |   3.65 |   6.65 |   2.21 |I I 
23:17-Tue-May-16-2017 PM10  |   5.18 |   5.06 |  11.48 |   3.78 |I I 
23:17-Tue-May-16-2017 PM2.5 |   3.93 |   3.69 |   6.65 |   2.21 |I I 
23:21-Tue-May-16-2017 PM10  |   4.39 |   4.98 |  11.48 |   3.78 |I I 
23:21-Tue-May-16-2017 PM2.5 |   3.62 |   3.68 |   6.65 |   2.21 |I I 
23:22-Tue-May-16-2017 PM10  |   5.24 |   5.01 |  11.48 |   3.78 |I I 
23:22-Tue-May-16-2017 PM2.5 |   3.71 |   3.68 |   6.65 |   2.21 |I I 
23:26-Tue-May-16-2017 PM10  |   3.92 |   4.90 |  11.48 |   3.78 |I I 
23:26-Tue-May-16-2017 PM2.5 |   3.50 |   3.67 |   6.65 |   2.21 |I I 
23:27-Tue-May-16-2017 PM10  |   6.13 |   5.01 |  11.48 |   3.78 |I I 
23:27-Tue-May-16-2017 PM2.5 |   3.89 |   3.69 |   6.65 |   2.21 |I I 
23:31-Tue-May-16-2017 PM10  |   4.85 |   5.00 |  11.48 |   3.78 |I I 
23:31-Tue-May-16-2017 PM2.5 |   3.63 |   3.68 |   6.65 |   2.21 |I I 
23:35-Tue-May-16-2017 PM10  |   4.94 |   4.99 |  11.48 |   3.78 |I I 
23:35-Tue-May-16-2017 PM2.5 |   3.69 |   3.68 |   6.65 |   2.21 |I I 
23:36-Tue-May-16-2017 PM10  |   5.15 |   5.00 |  11.48 |   3.78 |I I 
23:36-Tue-May-16-2017 PM2.5 |   3.92 |   3.70 |   6.65 |   2.21 |I I 
23:40-Tue-May-16-2017 PM10  |   5.05 |   5.01 |  11.48 |   3.78 |I I 
23:40-Tue-May-16-2017 PM2.5 |   3.70 |   3.70 |   6.65 |   2.21 |I I 
23:41-Tue-May-16-2017 PM10  |   8.51 |   5.22 |  11.48 |   3.78 |I I 
23:41-Tue-May-16-2017 PM2.5 |   4.07 |   3.72 |   6.65 |   2.21 |I I 
23:45-Tue-May-16-2017 PM10  |   4.34 |   5.17 |  11.48 |   3.78 |I I 
23:45-Tue-May-16-2017 PM2.5 |   3.54 |   3.71 |   6.65 |   2.21 |I I 
23:46-Tue-May-16-2017 PM10  |   7.78 |   5.32 |  11.48 |   3.78 |B I 
23:46-Tue-May-16-2017 PM2.5 |   4.00 |   3.73 |   6.65 |   2.21 |B I 
23:50-Tue-May-16-2017recover dati per host :salvatorehost.no-ip.org/aria
23:50-Tue-May-16-2017 PM10  |   5.16 |   5.31 |  11.48 |   3.78 |I I 
23:50-Tue-May-16-2017 PM2.5 |   3.53 |   3.72 |   6.65 |   2.21 |I I 
23:51-Tue-May-16-2017 PM10  |   5.64 |   5.33 |  11.48 |   3.78 |I I 
23:51-Tue-May-16-2017 PM2.5 |   3.65 |   3.71 |   6.65 |   2.21 |I I 
23:55-Tue-May-16-2017 PM10  |   5.80 |   5.35 |  11.48 |   3.78 |B I 
23:55-Tue-May-16-2017 PM2.5 |   3.64 |   3.71 |   6.65 |   2.21 |B I 
23:56-Tue-May-16-2017recover dati per host :salvatorehost.no-ip.org/aria
23:57-Tue-May-16-2017 PM10  |   4.65 |   5.32 |  11.48 |   3.78 |I I 
23:57-Tue-May-16-2017 PM2.5 |   3.60 |   3.71 |   6.65 |   2.21 |I I 
00:01-Wed-May-17-2017 PM10  |   4.28 |   5.27 |  11.48 |   3.78 |I I 
