[Tue Feb 21 00:01:37 2017] Report del giorno Tuesday February 21 2017 -- INVIATO a centraline@googlegroups.com
00:01-Tue-Feb-21-2017 PM2.5 |  15.67 |  13.81 |  17.64 |   6.27 |I I 
00:02-Tue-Feb-21-2017 PM10  |  26.68 |  26.68 |   0.00 |  2000.00|I I 
00:02-Tue-Feb-21-2017 PM2.5 |  13.89 |  13.89 |   0.00 |  2000.00|I I 
00:03-Tue-Feb-21-2017 PM10  |  26.68 |  26.68 |   0.00 |  2000.00|I I 
00:03-Tue-Feb-21-2017 PM2.5 |  13.89 |  13.89 |   0.00 |  2000.00|I I 
00:07-Tue-Feb-21-2017 PM10  |  31.16 |  28.17 |   0.00 |  2000.00|I I 
00:07-Tue-Feb-21-2017 PM2.5 |  14.93 |  14.24 |   0.00 |  2000.00|I I 
00:08-Tue-Feb-21-2017 PM10  |  32.11 |  29.16 |   0.00 |  2000.00|I I 
00:08-Tue-Feb-21-2017 PM2.5 |  14.51 |  14.30 |   0.00 |  2000.00|I I 
00:12-Tue-Feb-21-2017 PM10  |  27.66 |  28.86 |   0.00 |  2000.00|I I 
00:12-Tue-Feb-21-2017 PM2.5 |  14.76 |  14.40 |   0.00 |  2000.00|I I 
00:13-Tue-Feb-21-2017 PM10  |  26.95 |  28.54 |   0.00 |  2000.00|I I 
00:13-Tue-Feb-21-2017 PM2.5 |  13.36 |  14.22 |   0.00 |  2000.00|I I 
00:17-Tue-Feb-21-2017 PM10  |  25.64 |  28.12 |   0.00 |  2000.00|I I 
00:17-Tue-Feb-21-2017 PM2.5 |  14.43 |  14.25 |   0.00 |  2000.00|I I 
00:18-Tue-Feb-21-2017 PM10  |  30.00 |  28.36 |   0.00 |  2000.00|I I 
00:18-Tue-Feb-21-2017 PM2.5 |  13.62 |  14.17 |   0.00 |  2000.00|I I 
00:22-Tue-Feb-21-2017 PM10  |  27.74 |  28.29 |   0.00 |  2000.00|I I 
00:22-Tue-Feb-21-2017 PM2.5 |  14.92 |  14.26 |   0.00 |  2000.00|I I 
00:23-Tue-Feb-21-2017 PM10  |  27.64 |  28.22 |   0.00 |  2000.00|I I 
00:23-Tue-Feb-21-2017 PM2.5 |  13.95 |  14.23 |   0.00 |  2000.00|I I 
00:27-Tue-Feb-21-2017 PM10  |  29.27 |  28.32 |   0.00 |  2000.00|I I 
00:27-Tue-Feb-21-2017 PM2.5 |  15.35 |  14.33 |   0.00 |  2000.00|I I 
00:28-Tue-Feb-21-2017 PM10  |  32.29 |  28.65 |   0.00 |  2000.00|I I 
00:28-Tue-Feb-21-2017 PM2.5 |  15.62 |  14.44 |   0.00 |  2000.00|I I 
00:32-Tue-Feb-21-2017 PM10  |  34.12 |  29.07 |   0.00 |  2000.00|I I 
00:32-Tue-Feb-21-2017 PM2.5 |  16.16 |  14.57 |   0.00 |  2000.00|I I 
00:33-Tue-Feb-21-2017 PM10  |  34.12 |  29.43 |   0.00 |  2000.00|I I 
00:33-Tue-Feb-21-2017 PM2.5 |  16.16 |  14.68 |   0.00 |  2000.00|I I 
00:34-Tue-Feb-21-2017 PM10  |  30.03 |  29.47 |   0.00 |  2000.00|I I 
00:34-Tue-Feb-21-2017 PM2.5 |  15.15 |  14.71 |   0.00 |  2000.00|I I 
00:38-Tue-Feb-21-2017 PM10  |  30.42 |  29.53 |   0.00 |  2000.00|I I 
00:38-Tue-Feb-21-2017 PM2.5 |  16.30 |  14.81 |   0.00 |  2000.00|I I 
00:39-Tue-Feb-21-2017 PM10  |  35.92 |  29.91 |   0.00 |  2000.00|I I 
00:39-Tue-Feb-21-2017 PM2.5 |  15.96 |  14.88 |   0.00 |  2000.00|I I 
00:43-Tue-Feb-21-2017 PM10  |  33.55 |  30.11 |   0.00 |  2000.00|I I 
00:43-Tue-Feb-21-2017 PM2.5 |  17.29 |  15.01 |   0.00 |  2000.00|I I 
00:44-Tue-Feb-21-2017 PM10  |  33.82 |  30.30 |   0.00 |  2000.00|I I 
00:44-Tue-Feb-21-2017 PM2.5 |  16.30 |  15.08 |   0.00 |  2000.00|I I 
00:48-Tue-Feb-21-2017 PM10  |  34.11 |  30.49 |   0.00 |  2000.00|I I 
00:48-Tue-Feb-21-2017 PM2.5 |  16.61 |  15.16 |   0.00 |  2000.00|I I 
00:49-Tue-Feb-21-2017 PM10  |  28.98 |  30.42 |   0.00 |  2000.00|I I 
00:49-Tue-Feb-21-2017 PM2.5 |  14.74 |  15.14 |   0.00 |  2000.00|I I 
00:53-Tue-Feb-21-2017 PM10  |  30.67 |  30.43 |   0.00 |  2000.00|I I 
00:53-Tue-Feb-21-2017 PM2.5 |  15.39 |  15.15 |   0.00 |  2000.00|I I 
00:54-Tue-Feb-21-2017 PM10  |  27.50 |  30.31 |   0.00 |  2000.00|I I 
00:54-Tue-Feb-21-2017 PM2.5 |  13.50 |  15.08 |   0.00 |  2000.00|I I 
00:58-Tue-Feb-21-2017 PM10  |  26.51 |  30.15 |   0.00 |  2000.00|I I 
00:58-Tue-Feb-21-2017 PM2.5 |  13.96 |  15.03 |   0.00 |  2000.00|I I 
00:59-Tue-Feb-21-2017 PM10  |  26.51 |  30.00 |   0.00 |  2000.00|I I 
00:59-Tue-Feb-21-2017 PM2.5 |  13.96 |  14.99 |   0.00 |  2000.00|I I 
01:00-Tue-Feb-21-2017 PM10  |  26.42 |  29.86 |  29.86 |  29.86 |I I 
01:00-Tue-Feb-21-2017 PM2.5 |  13.98 |  14.95 |  14.95 |  14.95 |I I 
01:04-Tue-Feb-21-2017 PM10  |  29.27 |  29.27 |  29.86 |  29.86 |I I 
01:04-Tue-Feb-21-2017 PM2.5 |  14.95 |  14.95 |  14.95 |  14.95 |I I 
01:05-Tue-Feb-21-2017 PM10  |  28.20 |  28.73 |  29.86 |  29.86 |I I 
01:05-Tue-Feb-21-2017 PM2.5 |  13.98 |  14.47 |  14.95 |  14.95 |I I 
01:10-Tue-Feb-21-2017 PM10  |  29.00 |  28.82 |  29.86 |  29.86 |I I 
01:10-Tue-Feb-21-2017 PM2.5 |  15.10 |  14.68 |  14.95 |  14.95 |I I 
01:11-Tue-Feb-21-2017 PM10  |  30.45 |  29.23 |  29.86 |  29.86 |I I 
01:11-Tue-Feb-21-2017 PM2.5 |  15.13 |  14.79 |  14.95 |  14.95 |I I 
01:15-Tue-Feb-21-2017 PM10  |  31.30 |  29.64 |  29.86 |  29.86 |I I 
01:15-Tue-Feb-21-2017 PM2.5 |  16.15 |  15.06 |  14.95 |  14.95 |I I 
01:16-Tue-Feb-21-2017 PM10  |  29.57 |  29.63 |  29.86 |  29.86 |I I 
01:16-Tue-Feb-21-2017 PM2.5 |  14.10 |  14.90 |  14.95 |  14.95 |I I 
01:20-Tue-Feb-21-2017 PM10  |  29.05 |  29.55 |  29.86 |  29.86 |I I 
01:20-Tue-Feb-21-2017 PM2.5 |  15.57 |  15.00 |  14.95 |  14.95 |I I 
01:21-Tue-Feb-21-2017 PM10  |  29.77 |  29.58 |  29.86 |  29.86 |I I 
01:21-Tue-Feb-21-2017 PM2.5 |  14.78 |  14.97 |  14.95 |  14.95 |I I 
01:25-Tue-Feb-21-2017 PM10  |  30.99 |  29.73 |  29.86 |  29.86 |I I 
01:25-Tue-Feb-21-2017 PM2.5 |  16.22 |  15.11 |  14.95 |  14.95 |I I 
01:26-Tue-Feb-21-2017 PM10  |  30.99 |  29.86 |  29.86 |  29.86 |I I 
01:26-Tue-Feb-21-2017 PM2.5 |  16.22 |  15.22 |  14.95 |  14.95 |I I 
01:27-Tue-Feb-21-2017 PM10  |  26.35 |  29.54 |  29.86 |  29.86 |I I 
01:27-Tue-Feb-21-2017 PM2.5 |  14.05 |  15.11 |  14.95 |  14.95 |I I 
01:31-Tue-Feb-21-2017 PM10  |  29.28 |  29.52 |  29.86 |  29.86 |I I 
01:31-Tue-Feb-21-2017 PM2.5 |  14.57 |  15.07 |  14.95 |  14.95 |I I 
01:32-Tue-Feb-21-2017 PM10  |  30.96 |  29.63 |  29.86 |  29.86 |I I 
01:32-Tue-Feb-21-2017 PM2.5 |  15.73 |  15.12 |  14.95 |  14.95 |I I 
01:36-Tue-Feb-21-2017 PM10  |  31.46 |  29.76 |  29.86 |  29.86 |I I 
01:36-Tue-Feb-21-2017 PM2.5 |  15.90 |  15.17 |  14.95 |  14.95 |I I 
01:37-Tue-Feb-21-2017 PM10  |  29.51 |  29.74 |  29.86 |  29.86 |I I 
01:37-Tue-Feb-21-2017 PM2.5 |  14.86 |  15.15 |  14.95 |  14.95 |I I 
01:41-Tue-Feb-21-2017 PM10  |  28.70 |  29.68 |  29.86 |  29.86 |I I 
01:41-Tue-Feb-21-2017 PM2.5 |  15.56 |  15.18 |  14.95 |  14.95 |I I 
01:42-Tue-Feb-21-2017 PM10  |  30.09 |  29.70 |  29.86 |  29.86 |I I 
01:42-Tue-Feb-21-2017 PM2.5 |  14.82 |  15.16 |  14.95 |  14.95 |I I 
01:46-Tue-Feb-21-2017 PM10  |  30.65 |  29.76 |  29.86 |  29.86 |I I 
01:46-Tue-Feb-21-2017 PM2.5 |  15.60 |  15.18 |  14.95 |  14.95 |I I 
01:47-Tue-Feb-21-2017 PM10  |  28.94 |  29.71 |  29.86 |  29.86 |I I 
01:47-Tue-Feb-21-2017 PM2.5 |  14.24 |  15.13 |  14.95 |  14.95 |I I 
01:51-Tue-Feb-21-2017 PM10  |  27.01 |  29.58 |  29.86 |  29.86 |I I 
01:51-Tue-Feb-21-2017 PM2.5 |  15.02 |  15.13 |  14.95 |  14.95 |I I 
01:52-Tue-Feb-21-2017 PM10  |  26.71 |  29.44 |  29.86 |  29.86 |I I 
01:52-Tue-Feb-21-2017 PM2.5 |  13.73 |  15.06 |  14.95 |  14.95 |I I 
01:53-Tue-Feb-21-2017 PM10  |  26.71 |  29.32 |  29.86 |  29.86 |I I 
01:53-Tue-Feb-21-2017 PM2.5 |  13.73 |  15.00 |  14.95 |  14.95 |I I 
01:57-Tue-Feb-21-2017 PM10  |  25.93 |  29.17 |  29.86 |  29.86 |B I 
01:57-Tue-Feb-21-2017 PM2.5 |  14.65 |  14.99 |  14.95 |  14.95 |B I 
01:58-Tue-Feb-21-2017recover dati per host :salvatorehost.no-ip.org/aria
01:58-Tue-Feb-21-2017 PM10  |  27.94 |  29.12 |  29.86 |  29.86 |I I 
01:58-Tue-Feb-21-2017 PM2.5 |  14.46 |  14.96 |  14.95 |  14.95 |I I 
02:02-Tue-Feb-21-2017 PM10  |  28.98 |  29.11 |  29.86 |  29.11 |I I 
02:02-Tue-Feb-21-2017 PM2.5 |  15.49 |  14.98 |  14.98 |  14.95 |I I 
02:03-Tue-Feb-21-2017 PM10  |  27.27 |  27.27 |  29.86 |  29.11 |I I 
02:03-Tue-Feb-21-2017 PM2.5 |  14.04 |  14.04 |  14.98 |  14.95 |I I 
02:07-Tue-Feb-21-2017 PM10  |  31.13 |  29.20 |  29.86 |  29.11 |I I 
02:07-Tue-Feb-21-2017 PM2.5 |  14.45 |  14.25 |  14.98 |  14.95 |I I 
02:08-Tue-Feb-21-2017 PM10  |  27.06 |  28.49 |  29.86 |  29.11 |I I 
02:08-Tue-Feb-21-2017 PM2.5 |  13.38 |  13.96 |  14.98 |  14.95 |I I 
02:12-Tue-Feb-21-2017 PM10  |  26.18 |  27.91 |  29.86 |  29.11 |I I 
02:12-Tue-Feb-21-2017 PM2.5 |  13.76 |  13.91 |  14.98 |  14.95 |I I 
02:13-Tue-Feb-21-2017 PM10  |  27.67 |  27.86 |  29.86 |  29.11 |I I 
02:13-Tue-Feb-21-2017 PM2.5 |  12.74 |  13.67 |  14.98 |  14.95 |I I 
02:17-Tue-Feb-21-2017 PM10  |  26.43 |  27.62 |  29.86 |  29.11 |I I 
02:17-Tue-Feb-21-2017 PM2.5 |  13.62 |  13.67 |  14.98 |  14.95 |I I 
02:18-Tue-Feb-21-2017 PM10  |  26.65 |  27.48 |  29.86 |  29.11 |I I 
02:18-Tue-Feb-21-2017 PM2.5 |  13.18 |  13.60 |  14.98 |  14.95 |I I 
02:22-Tue-Feb-21-2017 PM10  |  25.58 |  27.25 |  29.86 |  29.11 |I I 
02:22-Tue-Feb-21-2017 PM2.5 |  13.60 |  13.60 |  14.98 |  14.95 |I I 
02:23-Tue-Feb-21-2017 PM10  |  25.58 |  27.06 |  29.86 |  29.11 |I I 
02:23-Tue-Feb-21-2017 PM2.5 |  13.60 |  13.60 |  14.98 |  14.95 |I I 
02:24-Tue-Feb-21-2017 PM10  |  25.07 |  26.86 |  29.86 |  29.11 |I I 
02:24-Tue-Feb-21-2017 PM2.5 |  12.68 |  13.51 |  14.98 |  14.95 |I I 
02:28-Tue-Feb-21-2017 PM10  |  28.62 |  27.02 |  29.86 |  29.11 |I I 
02:28-Tue-Feb-21-2017 PM2.5 |  14.04 |  13.55 |  14.98 |  14.95 |I I 
02:29-Tue-Feb-21-2017 PM10  |  29.04 |  27.19 |  29.86 |  29.11 |I I 
02:29-Tue-Feb-21-2017 PM2.5 |  13.11 |  13.52 |  14.98 |  14.95 |I I 
02:33-Tue-Feb-21-2017 PM10  |  28.71 |  27.31 |  29.86 |  29.11 |I I 
02:33-Tue-Feb-21-2017 PM2.5 |  14.38 |  13.58 |  14.98 |  14.95 |I I 
02:34-Tue-Feb-21-2017 PM10  |  28.06 |  27.36 |  29.86 |  29.11 |I I 
02:34-Tue-Feb-21-2017 PM2.5 |  13.46 |  13.58 |  14.98 |  14.95 |I I 
02:38-Tue-Feb-21-2017 PM10  |  27.52 |  27.37 |  29.86 |  29.11 |I I 
02:38-Tue-Feb-21-2017 PM2.5 |  13.61 |  13.58 |  14.98 |  14.95 |I I 
02:39-Tue-Feb-21-2017 PM10  |  27.65 |  27.39 |  29.86 |  29.11 |I I 
02:39-Tue-Feb-21-2017 PM2.5 |  12.92 |  13.54 |  14.98 |  14.95 |I I 
02:43-Tue-Feb-21-2017 PM10  |  29.58 |  27.52 |  29.86 |  29.11 |I I 
02:43-Tue-Feb-21-2017 PM2.5 |  14.51 |  13.59 |  14.98 |  14.95 |I I 
02:44-Tue-Feb-21-2017 PM10  |  27.91 |  27.54 |  29.86 |  29.11 |I I 
02:44-Tue-Feb-21-2017 PM2.5 |  14.54 |  13.65 |  14.98 |  14.95 |I I 
02:48-Tue-Feb-21-2017 PM10  |  28.13 |  27.57 |  29.86 |  29.11 |I I 
02:48-Tue-Feb-21-2017 PM2.5 |  15.29 |  13.73 |  14.98 |  14.95 |I I 
02:49-Tue-Feb-21-2017 PM10  |  28.13 |  27.60 |  29.86 |  29.11 |I I 
02:49-Tue-Feb-21-2017 PM2.5 |  15.29 |  13.81 |  14.98 |  14.95 |I I 
02:50-Tue-Feb-21-2017 PM10  |  26.59 |  27.55 |  29.86 |  29.11 |I I 
02:50-Tue-Feb-21-2017 PM2.5 |  14.40 |  13.84 |  14.98 |  14.95 |I I 
02:54-Tue-Feb-21-2017 PM10  |  28.76 |  27.61 |  29.86 |  29.11 |I I 
02:54-Tue-Feb-21-2017 PM2.5 |  15.22 |  13.90 |  14.98 |  14.95 |I I 
02:55-Tue-Feb-21-2017 PM10  |  28.05 |  27.63 |  29.86 |  29.11 |I I 
02:55-Tue-Feb-21-2017 PM2.5 |  14.19 |  13.91 |  14.98 |  14.95 |I I 
02:59-Tue-Feb-21-2017 PM10  |  26.25 |  27.57 |  29.86 |  29.11 |I I 
02:59-Tue-Feb-21-2017 PM2.5 |  14.08 |  13.92 |  14.98 |  14.95 |I I 
03:00-Tue-Feb-21-2017 PM10  |  30.39 |  27.68 |  29.86 |  27.68 |I I 
03:00-Tue-Feb-21-2017 PM2.5 |  13.91 |  13.92 |  14.98 |  13.92 |I I 
03:04-Tue-Feb-21-2017 PM10  |  28.81 |  28.81 |  29.86 |  27.68 |I I 
03:04-Tue-Feb-21-2017 PM2.5 |  14.01 |  14.01 |  14.98 |  13.92 |I I 
03:05-Tue-Feb-21-2017 PM10  |  27.50 |  28.16 |  29.86 |  27.68 |I I 
03:05-Tue-Feb-21-2017 PM2.5 |  13.23 |  13.62 |  14.98 |  13.92 |I I 
03:09-Tue-Feb-21-2017 PM10  |  25.06 |  27.12 |  29.86 |  27.68 |I I 
03:09-Tue-Feb-21-2017 PM2.5 |  13.28 |  13.51 |  14.98 |  13.92 |I I 
03:10-Tue-Feb-21-2017 PM10  |  28.86 |  27.56 |  29.86 |  27.68 |I I 
03:10-Tue-Feb-21-2017 PM2.5 |  14.47 |  13.75 |  14.98 |  13.92 |I I 
03:14-Tue-Feb-21-2017 PM10  |  25.86 |  27.22 |  29.86 |  27.68 |I I 
03:14-Tue-Feb-21-2017 PM2.5 |  14.04 |  13.81 |  14.98 |  13.92 |I I 
03:15-Tue-Feb-21-2017 PM10  |  25.37 |  26.91 |  29.86 |  27.68 |I I 
03:15-Tue-Feb-21-2017 PM2.5 |  13.59 |  13.77 |  14.98 |  13.92 |I I 
03:16-Tue-Feb-21-2017 PM10  |  25.37 |  26.69 |  29.86 |  27.68 |I I 
03:16-Tue-Feb-21-2017 PM2.5 |  13.59 |  13.74 |  14.98 |  13.92 |I I 
03:20-Tue-Feb-21-2017 PM10  |  30.14 |  27.12 |  29.86 |  27.68 |I I 
03:20-Tue-Feb-21-2017 PM2.5 |  15.12 |  13.92 |  14.98 |  13.92 |I I 
03:21-Tue-Feb-21-2017 PM10  |  25.90 |  26.99 |  29.86 |  27.68 |I I 
03:21-Tue-Feb-21-2017 PM2.5 |  13.77 |  13.90 |  14.98 |  13.92 |I I 
03:25-Tue-Feb-21-2017 PM10  |  28.85 |  27.17 |  29.86 |  27.68 |I I 
03:25-Tue-Feb-21-2017 PM2.5 |  14.64 |  13.97 |  14.98 |  13.92 |I I 
03:26-Tue-Feb-21-2017 PM10  |  25.67 |  27.03 |  29.86 |  27.68 |I I 
03:26-Tue-Feb-21-2017 PM2.5 |  13.76 |  13.96 |  14.98 |  13.92 |I I 
03:30-Tue-Feb-21-2017 PM10  |  27.57 |  27.08 |  29.86 |  27.68 |I I 
03:30-Tue-Feb-21-2017 PM2.5 |  14.34 |  13.99 |  14.98 |  13.92 |I I 
03:31-Tue-Feb-21-2017 PM10  |  28.58 |  27.19 |  29.86 |  27.68 |I I 
03:31-Tue-Feb-21-2017 PM2.5 |  14.12 |  14.00 |  14.98 |  13.92 |I I 
03:35-Tue-Feb-21-2017 PM10  |  27.61 |  27.22 |  29.86 |  27.68 |I I 
03:35-Tue-Feb-21-2017 PM2.5 |  15.14 |  14.08 |  14.98 |  13.92 |I I 
03:36-Tue-Feb-21-2017 PM10  |  26.91 |  27.20 |  29.86 |  27.68 |I I 
03:36-Tue-Feb-21-2017 PM2.5 |  14.18 |  14.09 |  14.98 |  13.92 |I I 
03:40-Tue-Feb-21-2017 PM10  |  27.86 |  27.24 |  29.86 |  27.68 |I I 
03:40-Tue-Feb-21-2017 PM2.5 |  14.37 |  14.10 |  14.98 |  13.92 |I I 
03:41-Tue-Feb-21-2017 PM10  |  30.74 |  27.45 |  29.86 |  27.68 |I I 
03:41-Tue-Feb-21-2017 PM2.5 |  13.69 |  14.08 |  14.98 |  13.92 |I I 
03:42-Tue-Feb-21-2017 PM10  |  30.74 |  27.63 |  29.86 |  27.68 |I I 
03:42-Tue-Feb-21-2017 PM2.5 |  13.69 |  14.06 |  14.98 |  13.92 |I I 
03:46-Tue-Feb-21-2017 PM10  |  31.67 |  27.85 |  29.86 |  27.68 |I I 
03:46-Tue-Feb-21-2017 PM2.5 |  14.34 |  14.07 |  14.98 |  13.92 |I I 
03:47-Tue-Feb-21-2017 PM10  |  28.45 |  27.88 |  29.86 |  27.68 |I I 
03:47-Tue-Feb-21-2017 PM2.5 |  13.24 |  14.03 |  14.98 |  13.92 |I I 
03:51-Tue-Feb-21-2017 PM10  |  26.76 |  27.82 |  29.86 |  27.68 |I I 
03:51-Tue-Feb-21-2017 PM2.5 |  13.93 |  14.03 |  14.98 |  13.92 |I I 
03:52-Tue-Feb-21-2017 PM10  |  24.33 |  27.66 |  29.86 |  27.68 |I I 
03:52-Tue-Feb-21-2017 PM2.5 |  12.11 |  13.94 |  14.98 |  13.92 |I I 
03:56-Tue-Feb-21-2017 PM10  |  25.69 |  27.58 |  29.86 |  27.68 |I I 
03:56-Tue-Feb-21-2017 PM2.5 |  13.46 |  13.92 |  14.98 |  13.92 |I I 
03:57-Tue-Feb-21-2017 PM10  |  26.35 |  27.53 |  29.86 |  27.68 |I I 
03:57-Tue-Feb-21-2017 PM2.5 |  12.97 |  13.88 |  14.98 |  13.92 |I I 
04:02-Tue-Feb-21-2017 PM10  |  28.22 |  27.55 |  29.86 |  27.55 |I I 
04:02-Tue-Feb-21-2017 PM2.5 |  14.11 |  13.89 |  14.98 |  13.89 |I I 
04:03-Tue-Feb-21-2017 PM10  |  25.99 |  25.99 |  29.86 |  27.55 |I I 
04:03-Tue-Feb-21-2017 PM2.5 |  12.19 |  12.19 |  14.98 |  13.89 |I I 
04:07-Tue-Feb-21-2017 PM10  |  27.34 |  26.67 |  29.86 |  27.55 |I I 
04:07-Tue-Feb-21-2017 PM2.5 |  13.51 |  12.85 |  14.98 |  13.89 |I I 
04:08-Tue-Feb-21-2017 PM10  |  23.94 |  25.76 |  29.86 |  27.55 |I I 
04:08-Tue-Feb-21-2017 PM2.5 |  12.51 |  12.74 |  14.98 |  13.89 |I I 
04:09-Tue-Feb-21-2017 PM10  |  23.94 |  25.30 |  29.86 |  27.55 |I I 
04:09-Tue-Feb-21-2017 PM2.5 |  12.51 |  12.68 |  14.98 |  13.89 |I I 
04:13-Tue-Feb-21-2017 PM10  |  27.99 |  25.84 |  29.86 |  27.55 |I I 
04:13-Tue-Feb-21-2017 PM2.5 |  13.86 |  12.92 |  14.98 |  13.89 |I I 
04:14-Tue-Feb-21-2017 PM10  |  25.68 |  25.82 |  29.86 |  27.55 |I I 
04:14-Tue-Feb-21-2017 PM2.5 |  13.10 |  12.95 |  14.98 |  13.89 |I I 
04:18-Tue-Feb-21-2017 PM10  |  28.09 |  26.14 |  29.86 |  27.55 |I I 
04:18-Tue-Feb-21-2017 PM2.5 |  13.92 |  13.08 |  14.98 |  13.89 |I I 
04:19-Tue-Feb-21-2017 PM10  |  25.05 |  26.00 |  29.86 |  27.55 |I I 
04:19-Tue-Feb-21-2017 PM2.5 |  12.62 |  13.03 |  14.98 |  13.89 |I I 
04:23-Tue-Feb-21-2017 PM10  |  23.56 |  25.73 |  29.86 |  27.55 |I I 
04:23-Tue-Feb-21-2017 PM2.5 |  13.35 |  13.06 |  14.98 |  13.89 |I I 
04:24-Tue-Feb-21-2017 PM10  |  24.38 |  25.60 |  29.86 |  27.55 |I I 
04:24-Tue-Feb-21-2017 PM2.5 |  11.53 |  12.91 |  14.98 |  13.89 |I I 
04:28-Tue-Feb-21-2017 PM10  |  22.04 |  25.27 |  29.86 |  27.55 |I I 
04:28-Tue-Feb-21-2017 PM2.5 |  12.07 |  12.83 |  14.98 |  13.89 |I I 
04:29-Tue-Feb-21-2017 PM10  |  24.23 |  25.19 |  29.86 |  27.55 |I I 
04:29-Tue-Feb-21-2017 PM2.5 |  11.96 |  12.76 |  14.98 |  13.89 |I I 
04:33-Tue-Feb-21-2017 PM10  |  24.07 |  25.10 |  29.86 |  27.55 |I I 
04:33-Tue-Feb-21-2017 PM2.5 |  12.79 |  12.76 |  14.98 |  13.89 |I I 
04:34-Tue-Feb-21-2017 PM10  |  26.76 |  25.22 |  29.86 |  27.55 |I I 
04:34-Tue-Feb-21-2017 PM2.5 |  12.44 |  12.74 |  14.98 |  13.89 |I I 
04:35-Tue-Feb-21-2017 PM10  |  26.76 |  25.32 |  29.86 |  27.55 |I I 
04:35-Tue-Feb-21-2017 PM2.5 |  12.44 |  12.72 |  14.98 |  13.89 |I I 
04:39-Tue-Feb-21-2017 PM10  |  22.84 |  25.17 |  29.86 |  27.55 |I I 
04:39-Tue-Feb-21-2017 PM2.5 |  13.15 |  12.75 |  14.98 |  13.89 |I I 
04:40-Tue-Feb-21-2017 PM10  |  25.22 |  25.17 |  29.86 |  27.55 |I I 
04:40-Tue-Feb-21-2017 PM2.5 |  12.47 |  12.73 |  14.98 |  13.89 |I I 
04:44-Tue-Feb-21-2017 PM10  |  25.29 |  25.18 |  29.86 |  27.55 |I I 
04:44-Tue-Feb-21-2017 PM2.5 |  13.51 |  12.77 |  14.98 |  13.89 |I I 
04:45-Tue-Feb-21-2017 PM10  |  27.77 |  25.31 |  29.86 |  27.55 |I I 
04:45-Tue-Feb-21-2017 PM2.5 |  13.30 |  12.80 |  14.98 |  13.89 |I I 
04:49-Tue-Feb-21-2017 PM10  |  23.21 |  25.21 |  29.86 |  27.55 |I I 
04:49-Tue-Feb-21-2017 PM2.5 |  13.30 |  12.83 |  14.98 |  13.89 |I I 
04:50-Tue-Feb-21-2017 PM10  |  23.66 |  25.13 |  29.86 |  27.55 |I I 
04:50-Tue-Feb-21-2017 PM2.5 |  12.81 |  12.83 |  14.98 |  13.89 |I I 
04:54-Tue-Feb-21-2017 PM10  |  25.76 |  25.16 |  29.86 |  27.55 |I I 
04:54-Tue-Feb-21-2017 PM2.5 |  13.52 |  12.86 |  14.98 |  13.89 |I I 
04:55-Tue-Feb-21-2017 PM10  |  24.94 |  25.15 |  29.86 |  27.55 |I I 
04:55-Tue-Feb-21-2017 PM2.5 |  12.80 |  12.85 |  14.98 |  13.89 |I I 
04:59-Tue-Feb-21-2017 PM10  |  23.58 |  25.09 |  29.86 |  27.55 |I I 
04:59-Tue-Feb-21-2017 PM2.5 |  13.41 |  12.88 |  14.98 |  13.89 |I I 
05:00-Tue-Feb-21-2017 PM10  |  24.50 |  25.06 |  29.86 |  25.06 |I I 
05:00-Tue-Feb-21-2017 PM2.5 |  12.37 |  12.86 |  14.98 |  12.86 |I I 
05:04-Tue-Feb-21-2017 PM10  |  25.11 |  25.11 |  29.86 |  25.06 |I I 
05:04-Tue-Feb-21-2017 PM2.5 |  13.28 |  13.28 |  14.98 |  12.86 |I I 
05:05-Tue-Feb-21-2017 PM10  |  25.11 |  25.11 |  29.86 |  25.06 |I I 
05:05-Tue-Feb-21-2017 PM2.5 |  13.28 |  13.28 |  14.98 |  12.86 |I I 
05:06-Tue-Feb-21-2017 PM10  |  23.99 |  24.74 |  29.86 |  25.06 |I I 
05:06-Tue-Feb-21-2017 PM2.5 |  12.51 |  13.02 |  14.98 |  12.86 |I I 
05:10-Tue-Feb-21-2017 PM10  |  25.02 |  24.81 |  29.86 |  25.06 |I I 
05:10-Tue-Feb-21-2017 PM2.5 |  13.19 |  13.06 |  14.98 |  12.86 |I I 
05:11-Tue-Feb-21-2017 PM10  |  26.44 |  25.13 |  29.86 |  25.06 |I I 
05:11-Tue-Feb-21-2017 PM2.5 |  13.21 |  13.09 |  14.98 |  12.86 |I I 
05:15-Tue-Feb-21-2017 PM10  |  25.68 |  25.22 |  29.86 |  25.06 |I I 
05:15-Tue-Feb-21-2017 PM2.5 |  14.19 |  13.27 |  14.98 |  12.86 |I I 
05:16-Tue-Feb-21-2017 PM10  |  23.63 |  25.00 |  29.86 |  25.06 |I I 
05:16-Tue-Feb-21-2017 PM2.5 |  12.79 |  13.20 |  14.98 |  12.86 |I I 
05:20-Tue-Feb-21-2017 PM10  |  24.84 |  24.98 |  29.86 |  25.06 |I I 
05:20-Tue-Feb-21-2017 PM2.5 |  13.53 |  13.24 |  14.98 |  12.86 |I I 
05:21-Tue-Feb-21-2017 PM10  |  27.13 |  25.22 |  29.86 |  25.06 |I I 
05:21-Tue-Feb-21-2017 PM2.5 |  13.21 |  13.24 |  14.98 |  12.86 |I I 
05:25-Tue-Feb-21-2017 PM10  |  28.97 |  25.59 |  29.86 |  25.06 |I I 
05:25-Tue-Feb-21-2017 PM2.5 |  14.16 |  13.33 |  14.98 |  12.86 |I I 
05:26-Tue-Feb-21-2017 PM10  |  25.14 |  25.55 |  29.86 |  25.06 |I I 
05:26-Tue-Feb-21-2017 PM2.5 |  12.91 |  13.29 |  14.98 |  12.86 |I I 
05:30-Tue-Feb-21-2017 PM10  |  27.23 |  25.69 |  29.86 |  25.06 |I I 
05:30-Tue-Feb-21-2017 PM2.5 |  14.47 |  13.39 |  14.98 |  12.86 |I I 
05:31-Tue-Feb-21-2017 PM10  |  27.23 |  25.81 |  29.86 |  25.06 |I I 
05:31-Tue-Feb-21-2017 PM2.5 |  14.47 |  13.48 |  14.98 |  12.86 |I I 
05:32-Tue-Feb-21-2017 PM10  |  26.74 |  25.88 |  29.86 |  25.06 |I I 
05:32-Tue-Feb-21-2017 PM2.5 |  13.56 |  13.48 |  14.98 |  12.86 |I I 
05:36-Tue-Feb-21-2017 PM10  |  26.87 |  25.94 |  29.86 |  25.06 |I I 
05:36-Tue-Feb-21-2017 PM2.5 |  14.01 |  13.52 |  14.98 |  12.86 |I I 
05:37-Tue-Feb-21-2017 PM10  |  24.27 |  25.84 |  29.86 |  25.06 |I I 
05:37-Tue-Feb-21-2017 PM2.5 |  12.69 |  13.47 |  14.98 |  12.86 |I I 
05:41-Tue-Feb-21-2017 PM10  |  24.16 |  25.74 |  29.86 |  25.06 |I I 
05:41-Tue-Feb-21-2017 PM2.5 |  13.66 |  13.48 |  14.98 |  12.86 |I I 
05:42-Tue-Feb-21-2017 PM10  |  25.00 |  25.70 |  29.86 |  25.06 |I I 
05:42-Tue-Feb-21-2017 PM2.5 |  12.81 |  13.44 |  14.98 |  12.86 |I I 
05:46-Tue-Feb-21-2017 PM10  |  25.93 |  25.71 |  29.86 |  25.06 |I I 
05:46-Tue-Feb-21-2017 PM2.5 |  13.28 |  13.43 |  14.98 |  12.86 |I I 
05:47-Tue-Feb-21-2017 PM10  |  25.21 |  25.68 |  29.86 |  25.06 |I I 
05:47-Tue-Feb-21-2017 PM2.5 |  11.85 |  13.35 |  14.98 |  12.86 |I I 
05:51-Tue-Feb-21-2017 PM10  |  23.99 |  25.60 |  29.86 |  25.06 |I I 
05:51-Tue-Feb-21-2017 PM2.5 |  12.82 |  13.33 |  14.98 |  12.86 |I I 
05:52-Tue-Feb-21-2017 PM10  |  27.20 |  25.68 |  29.86 |  25.06 |I I 
05:52-Tue-Feb-21-2017 PM2.5 |  12.58 |  13.29 |  14.98 |  12.86 |I I 
05:56-Tue-Feb-21-2017 PM10  |  21.74 |  25.51 |  29.86 |  25.06 |I I 
05:56-Tue-Feb-21-2017 PM2.5 |  12.50 |  13.26 |  14.98 |  12.86 |I I 
05:57-Tue-Feb-21-2017 PM10  |  26.33 |  25.54 |  29.86 |  25.06 |I I 
05:57-Tue-Feb-21-2017 PM2.5 |  12.81 |  13.24 |  14.98 |  12.86 |I I 
05:58-Tue-Feb-21-2017 PM10  |  26.33 |  25.57 |  29.86 |  25.06 |I I 
05:58-Tue-Feb-21-2017 PM2.5 |  12.81 |  13.22 |  14.98 |  12.86 |I I 
06:02-Tue-Feb-21-2017 PM10  |  26.80 |  25.62 |  29.86 |  25.06 |I I 
06:02-Tue-Feb-21-2017 PM2.5 |  12.82 |  13.21 |  14.98 |  12.86 |I I 
06:03-Tue-Feb-21-2017 PM10  |  28.63 |  28.63 |  29.86 |  25.06 |I I 
06:03-Tue-Feb-21-2017 PM2.5 |  13.03 |  13.03 |  14.98 |  12.86 |I I 
06:07-Tue-Feb-21-2017 PM10  |  27.88 |  28.26 |  29.86 |  25.06 |I I 
06:07-Tue-Feb-21-2017 PM2.5 |  13.20 |  13.11 |  14.98 |  12.86 |I I 
06:08-Tue-Feb-21-2017 PM10  |  23.54 |  26.68 |  29.86 |  25.06 |I I 
06:08-Tue-Feb-21-2017 PM2.5 |  11.71 |  12.64 |  14.98 |  12.86 |I I 
06:12-Tue-Feb-21-2017 PM10  |  23.59 |  25.91 |  29.86 |  25.06 |I I 
06:12-Tue-Feb-21-2017 PM2.5 |  12.71 |  12.66 |  14.98 |  12.86 |I I 
06:13-Tue-Feb-21-2017 PM10  |  24.90 |  25.71 |  29.86 |  25.06 |I I 
06:13-Tue-Feb-21-2017 PM2.5 |  11.99 |  12.53 |  14.98 |  12.86 |I I 
06:17-Tue-Feb-21-2017 PM10  |  24.96 |  25.58 |  29.86 |  25.06 |I I 
06:17-Tue-Feb-21-2017 PM2.5 |  12.97 |  12.60 |  14.98 |  12.86 |I I 
06:18-Tue-Feb-21-2017 PM10  |  24.51 |  25.43 |  29.86 |  25.06 |I I 
06:18-Tue-Feb-21-2017 PM2.5 |  12.20 |  12.54 |  14.98 |  12.86 |I I 
06:22-Tue-Feb-21-2017 PM10  |  25.90 |  25.49 |  29.86 |  25.06 |I I 
06:22-Tue-Feb-21-2017 PM2.5 |  13.73 |  12.69 |  14.98 |  12.86 |I I 
06:23-Tue-Feb-21-2017 PM10  |  20.74 |  24.96 |  29.86 |  25.06 |I I 
06:23-Tue-Feb-21-2017 PM2.5 |  11.98 |  12.61 |  14.98 |  12.86 |I I 
06:24-Tue-Feb-21-2017 PM10  |  20.74 |  24.54 |  29.86 |  25.06 |I I 
06:24-Tue-Feb-21-2017 PM2.5 |  11.98 |  12.55 |  14.98 |  12.86 |I I 
06:28-Tue-Feb-21-2017 PM10  |  23.72 |  24.46 |  29.86 |  25.06 |I I 
06:28-Tue-Feb-21-2017 PM2.5 |  13.63 |  12.65 |  14.98 |  12.86 |I I 
06:29-Tue-Feb-21-2017 PM10  |  25.20 |  24.52 |  29.86 |  25.06 |I I 
06:29-Tue-Feb-21-2017 PM2.5 |  12.66 |  12.65 |  14.98 |  12.86 |I I 
06:33-Tue-Feb-21-2017 PM10  |  24.60 |  24.53 |  29.86 |  25.06 |I I 
06:33-Tue-Feb-21-2017 PM2.5 |  13.38 |  12.71 |  14.98 |  12.86 |I I 
06:34-Tue-Feb-21-2017 PM10  |  26.06 |  24.64 |  29.86 |  25.06 |I I 
06:34-Tue-Feb-21-2017 PM2.5 |  12.76 |  12.71 |  14.98 |  12.86 |I I 
06:38-Tue-Feb-21-2017 PM10  |  27.97 |  24.86 |  29.86 |  25.06 |I I 
06:38-Tue-Feb-21-2017 PM2.5 |  13.41 |  12.76 |  14.98 |  12.86 |I I 
06:39-Tue-Feb-21-2017 PM10  |  25.47 |  24.90 |  29.86 |  25.06 |I I 
06:39-Tue-Feb-21-2017 PM2.5 |  12.69 |  12.75 |  14.98 |  12.86 |I I 
06:43-Tue-Feb-21-2017 PM10  |  23.89 |  24.84 |  29.86 |  25.06 |I I 
06:43-Tue-Feb-21-2017 PM2.5 |  13.92 |  12.82 |  14.98 |  12.86 |I I 
06:44-Tue-Feb-21-2017 PM10  |  24.77 |  24.84 |  29.86 |  25.06 |I I 
06:44-Tue-Feb-21-2017 PM2.5 |  12.92 |  12.83 |  14.98 |  12.86 |I I 
06:48-Tue-Feb-21-2017 PM10  |  26.01 |  24.90 |  29.86 |  25.06 |I I 
06:48-Tue-Feb-21-2017 PM2.5 |  13.81 |  12.88 |  14.98 |  12.86 |I I 
06:49-Tue-Feb-21-2017 PM10  |  25.86 |  24.95 |  29.86 |  25.06 |I I 
06:49-Tue-Feb-21-2017 PM2.5 |  12.24 |  12.85 |  14.98 |  12.86 |I I 
06:50-Tue-Feb-21-2017 PM10  |  25.86 |  24.99 |  29.86 |  25.06 |I I 
06:50-Tue-Feb-21-2017 PM2.5 |  12.24 |  12.82 |  14.98 |  12.86 |I I 
06:54-Tue-Feb-21-2017 PM10  |  28.16 |  25.13 |  29.86 |  25.06 |I I 
06:54-Tue-Feb-21-2017 PM2.5 |  13.63 |  12.85 |  14.98 |  12.86 |I I 
06:55-Tue-Feb-21-2017 PM10  |  26.48 |  25.19 |  29.86 |  25.06 |I I 
06:55-Tue-Feb-21-2017 PM2.5 |  12.42 |  12.83 |  14.98 |  12.86 |I I 
06:59-Tue-Feb-21-2017 PM10  |  27.28 |  25.28 |  29.86 |  25.06 |I I 
06:59-Tue-Feb-21-2017 PM2.5 |  13.38 |  12.86 |  14.98 |  12.86 |I I 
07:00-Tue-Feb-21-2017 PM10  |  25.84 |  25.30 |  29.86 |  25.06 |I I 
07:00-Tue-Feb-21-2017 PM2.5 |  13.08 |  12.87 |  14.98 |  12.86 |I I 
07:04-Tue-Feb-21-2017 PM10  |  30.52 |  30.52 |  29.86 |  25.06 |I I 
07:04-Tue-Feb-21-2017 PM2.5 |  13.83 |  13.83 |  14.98 |  12.86 |I I 
07:05-Tue-Feb-21-2017 PM10  |  27.87 |  29.20 |  29.86 |  25.06 |I I 
07:05-Tue-Feb-21-2017 PM2.5 |  12.82 |  13.32 |  14.98 |  12.86 |I I 
07:10-Tue-Feb-21-2017 PM10  |  27.71 |  28.70 |  29.86 |  25.06 |I I 
07:10-Tue-Feb-21-2017 PM2.5 |  14.26 |  13.64 |  14.98 |  12.86 |I I 
07:11-Tue-Feb-21-2017 PM10  |  24.64 |  27.69 |  29.86 |  25.06 |I I 
07:11-Tue-Feb-21-2017 PM2.5 |  13.52 |  13.61 |  14.98 |  12.86 |I I 
07:15-Tue-Feb-21-2017 PM10  |  26.88 |  27.52 |  29.86 |  25.06 |I I 
07:15-Tue-Feb-21-2017 PM2.5 |  14.26 |  13.74 |  14.98 |  12.86 |I I 
07:16-Tue-Feb-21-2017 PM10  |  27.14 |  27.46 |  29.86 |  25.06 |I I 
07:16-Tue-Feb-21-2017 PM2.5 |  12.71 |  13.57 |  14.98 |  12.86 |I I 
07:17-Tue-Feb-21-2017 PM10  |  27.14 |  27.42 |  29.86 |  25.06 |I I 
07:17-Tue-Feb-21-2017 PM2.5 |  12.71 |  13.44 |  14.98 |  12.86 |I I 
07:21-Tue-Feb-21-2017 PM10  |  30.19 |  27.76 |  29.86 |  25.06 |I I 
07:21-Tue-Feb-21-2017 PM2.5 |  14.30 |  13.55 |  14.98 |  12.86 |I I 
07:22-Tue-Feb-21-2017 PM10  |  25.11 |  27.47 |  29.86 |  25.06 |I I 
07:22-Tue-Feb-21-2017 PM2.5 |  13.26 |  13.52 |  14.98 |  12.86 |I I 
07:26-Tue-Feb-21-2017 PM10  |  27.76 |  27.50 |  29.86 |  25.06 |I I 
07:26-Tue-Feb-21-2017 PM2.5 |  14.59 |  13.62 |  14.98 |  12.86 |I I 
07:27-Tue-Feb-21-2017 PM10  |  28.13 |  27.56 |  29.86 |  25.06 |I I 
07:27-Tue-Feb-21-2017 PM2.5 |  13.41 |  13.61 |  14.98 |  12.86 |I I 
07:31-Tue-Feb-21-2017 PM10  |  28.61 |  27.64 |  29.86 |  25.06 |I I 
07:31-Tue-Feb-21-2017 PM2.5 |  14.08 |  13.65 |  14.98 |  12.86 |I I 
07:32-Tue-Feb-21-2017 PM10  |  25.49 |  27.48 |  29.86 |  25.06 |I I 
07:32-Tue-Feb-21-2017 PM2.5 |  13.14 |  13.61 |  14.98 |  12.86 |I I 
07:36-Tue-Feb-21-2017 PM10  |  28.21 |  27.53 |  29.86 |  25.06 |I I 
07:36-Tue-Feb-21-2017 PM2.5 |  14.44 |  13.67 |  14.98 |  12.86 |I I 
07:37-Tue-Feb-21-2017 PM10  |  27.80 |  27.55 |  29.86 |  25.06 |I I 
07:37-Tue-Feb-21-2017 PM2.5 |  13.34 |  13.64 |  14.98 |  12.86 |I I 
07:41-Tue-Feb-21-2017 PM10  |  31.78 |  27.81 |  29.86 |  25.06 |I I 
07:41-Tue-Feb-21-2017 PM2.5 |  14.59 |  13.70 |  14.98 |  12.86 |I I 
07:42-Tue-Feb-21-2017 PM10  |  30.83 |  27.99 |  29.86 |  25.06 |I I 
07:42-Tue-Feb-21-2017 PM2.5 |  14.11 |  13.73 |  14.98 |  12.86 |I I 
07:46-Tue-Feb-21-2017 PM10  |  30.21 |  28.11 |  29.86 |  25.06 |I I 
07:46-Tue-Feb-21-2017 PM2.5 |  14.53 |  13.77 |  14.98 |  12.86 |I I 
07:47-Tue-Feb-21-2017 PM10  |  30.21 |  28.22 |  29.86 |  25.06 |I I 
07:47-Tue-Feb-21-2017 PM2.5 |  14.53 |  13.81 |  14.98 |  12.86 |I I 
07:48-Tue-Feb-21-2017 PM10  |  26.55 |  28.14 |  29.86 |  25.06 |I I 
07:48-Tue-Feb-21-2017 PM2.5 |  12.99 |  13.77 |  14.98 |  12.86 |I I 
07:52-Tue-Feb-21-2017 PM10  |  26.78 |  28.08 |  29.86 |  25.06 |I I 
07:52-Tue-Feb-21-2017 PM2.5 |  14.14 |  13.79 |  14.98 |  12.86 |I I 
07:53-Tue-Feb-21-2017 PM10  |  27.86 |  28.07 |  29.86 |  25.06 |I I 
07:53-Tue-Feb-21-2017 PM2.5 |  13.71 |  13.78 |  14.98 |  12.86 |I I 
07:57-Tue-Feb-21-2017 PM10  |  31.85 |  28.23 |  29.86 |  25.06 |I I 
07:57-Tue-Feb-21-2017 PM2.5 |  15.19 |  13.85 |  14.98 |  12.86 |I I 
07:58-Tue-Feb-21-2017 PM10  |  37.73 |  28.63 |  29.86 |  25.06 |I I 
07:58-Tue-Feb-21-2017 PM2.5 |  16.78 |  13.97 |  14.98 |  12.86 |I I 
08:02-Tue-Feb-21-2017 PM10  |  36.32 |  28.93 |  29.86 |  25.06 |I I 
08:02-Tue-Feb-21-2017 PM2.5 |  18.06 |  14.13 |  14.98 |  12.86 |I I 
08:03-Tue-Feb-21-2017 PM10  |  32.44 |  32.44 |  29.86 |  25.06 |I I 
08:03-Tue-Feb-21-2017 PM2.5 |  15.46 |  15.46 |  14.98 |  12.86 |I I 
08:07-Tue-Feb-21-2017 PM10  |  31.95 |  32.19 |  29.86 |  25.06 |I I 
08:07-Tue-Feb-21-2017 PM2.5 |  15.54 |  15.50 |  14.98 |  12.86 |I I 
08:08-Tue-Feb-21-2017 PM10  |  29.02 |  31.14 |  29.86 |  25.06 |I I 
08:08-Tue-Feb-21-2017 PM2.5 |  14.60 |  15.20 |  14.98 |  12.86 |I I 
08:12-Tue-Feb-21-2017 PM10  |  30.13 |  30.88 |  29.86 |  25.06 |I I 
08:12-Tue-Feb-21-2017 PM2.5 |  15.29 |  15.22 |  14.98 |  12.86 |I I 
08:13-Tue-Feb-21-2017 PM10  |  30.13 |  30.73 |  29.86 |  25.06 |I I 
08:13-Tue-Feb-21-2017 PM2.5 |  15.29 |  15.24 |  14.98 |  12.86 |I I 
08:14-Tue-Feb-21-2017 PM10  |  27.91 |  30.26 |  29.86 |  25.06 |I I 
08:14-Tue-Feb-21-2017 PM2.5 |  14.23 |  15.07 |  14.98 |  12.86 |I I 
08:18-Tue-Feb-21-2017 PM10  |  30.43 |  30.29 |  29.86 |  25.06 |I I 
08:18-Tue-Feb-21-2017 PM2.5 |  15.03 |  15.06 |  14.98 |  12.86 |I I 
08:19-Tue-Feb-21-2017 PM10  |  25.79 |  29.72 |  29.86 |  25.06 |I I 
08:19-Tue-Feb-21-2017 PM2.5 |  13.60 |  14.88 |  14.98 |  12.86 |I I 
08:23-Tue-Feb-21-2017 PM10  |  26.71 |  29.39 |  29.86 |  25.06 |I I 
08:23-Tue-Feb-21-2017 PM2.5 |  15.03 |  14.90 |  14.98 |  12.86 |I I 
08:24-Tue-Feb-21-2017 PM10  |  27.25 |  29.18 |  29.86 |  25.06 |I I 
08:24-Tue-Feb-21-2017 PM2.5 |  13.78 |  14.78 |  14.98 |  12.86 |I I 
08:28-Tue-Feb-21-2017 PM10  |  27.19 |  29.00 |  29.86 |  25.06 |I I 
08:28-Tue-Feb-21-2017 PM2.5 |  14.29 |  14.74 |  14.98 |  12.86 |I I 
08:29-Tue-Feb-21-2017 PM10  |  30.91 |  29.15 |  29.86 |  25.06 |I I 
08:29-Tue-Feb-21-2017 PM2.5 |  14.54 |  14.72 |  14.98 |  12.86 |I I 
08:33-Tue-Feb-21-2017 PM10  |  33.32 |  29.48 |  29.86 |  25.06 |I I 
08:33-Tue-Feb-21-2017 PM2.5 |  15.41 |  14.78 |  14.98 |  12.86 |I I 
08:34-Tue-Feb-21-2017 PM10  |  29.01 |  29.44 |  29.86 |  25.06 |I I 
08:34-Tue-Feb-21-2017 PM2.5 |  14.17 |  14.73 |  14.98 |  12.86 |I I 
08:38-Tue-Feb-21-2017 PM10  |  33.90 |  29.74 |  29.86 |  25.06 |I I 
08:38-Tue-Feb-21-2017 PM2.5 |  15.37 |  14.78 |  14.98 |  12.86 |I I 
08:39-Tue-Feb-21-2017 PM10  |  33.90 |  30.00 |  29.86 |  25.06 |I I 
08:39-Tue-Feb-21-2017 PM2.5 |  15.37 |  14.81 |  14.98 |  12.86 |I I 
08:40-Tue-Feb-21-2017 PM10  |  27.36 |  29.84 |  29.86 |  25.06 |I I 
08:40-Tue-Feb-21-2017 PM2.5 |  13.99 |  14.76 |  14.98 |  12.86 |I I 
08:44-Tue-Feb-21-2017 PM10  |  28.27 |  29.76 |  29.86 |  25.06 |I I 
08:44-Tue-Feb-21-2017 PM2.5 |  14.66 |  14.76 |  14.98 |  12.86 |I I 
08:45-Tue-Feb-21-2017 PM10  |  30.35 |  29.79 |  29.86 |  25.06 |I I 
08:45-Tue-Feb-21-2017 PM2.5 |  14.58 |  14.75 |  14.98 |  12.86 |I I 
08:49-Tue-Feb-21-2017 PM10  |  31.73 |  29.89 |  29.86 |  25.06 |I I 
08:49-Tue-Feb-21-2017 PM2.5 |  15.31 |  14.78 |  14.98 |  12.86 |I I 
08:50-Tue-Feb-21-2017 PM10  |  37.53 |  30.25 |  29.86 |  25.06 |I I 
08:50-Tue-Feb-21-2017 PM2.5 |  14.60 |  14.77 |  14.98 |  12.86 |I I 
08:54-Tue-Feb-21-2017 PM10  |  37.50 |  30.58 |  29.86 |  25.06 |I I 
08:54-Tue-Feb-21-2017 PM2.5 |  15.94 |  14.82 |  14.98 |  12.86 |I I 
08:55-Tue-Feb-21-2017 PM10  |  33.71 |  30.71 |  29.86 |  25.06 |I I 
08:55-Tue-Feb-21-2017 PM2.5 |  14.73 |  14.82 |  14.98 |  12.86 |I I 
08:59-Tue-Feb-21-2017 PM10  |  30.24 |  30.69 |  29.86 |  25.06 |I I 
08:59-Tue-Feb-21-2017 PM2.5 |  15.73 |  14.86 |  14.98 |  12.86 |I I 
09:00-Tue-Feb-21-2017 PM10  |  44.96 |  31.27 |  31.27 |  25.06 |I I 
09:00-Tue-Feb-21-2017 PM2.5 |  19.37 |  15.04 |  15.04 |  12.86 |I I 
09:04-Tue-Feb-21-2017 PM10  |  33.99 |  33.99 |  31.27 |  25.06 |I I 
09:04-Tue-Feb-21-2017 PM2.5 |  16.75 |  16.75 |  15.04 |  12.86 |I I 
09:05-Tue-Feb-21-2017 PM10  |  30.44 |  32.22 |  31.27 |  25.06 |I I 
09:05-Tue-Feb-21-2017 PM2.5 |  15.08 |  15.91 |  15.04 |  12.86 |I I 
09:06-Tue-Feb-21-2017 PM10  |  30.44 |  31.62 |  31.27 |  25.06 |I I 
09:06-Tue-Feb-21-2017 PM2.5 |  15.08 |  15.63 |  15.04 |  12.86 |I I 
09:10-Tue-Feb-21-2017 PM10  |  31.70 |  31.64 |  31.27 |  25.06 |I I 
09:10-Tue-Feb-21-2017 PM2.5 |  16.48 |  15.85 |  15.04 |  12.86 |I I 
09:11-Tue-Feb-21-2017 PM10  |  30.50 |  31.41 |  31.27 |  25.06 |I I 
09:11-Tue-Feb-21-2017 PM2.5 |  15.49 |  15.77 |  15.04 |  12.86 |I I 
09:15-Tue-Feb-21-2017 PM10  |  31.61 |  31.45 |  31.27 |  25.06 |I I 
09:15-Tue-Feb-21-2017 PM2.5 |  16.32 |  15.86 |  15.04 |  12.86 |I I 
09:16-Tue-Feb-21-2017 PM10  |  28.53 |  31.03 |  31.27 |  25.06 |I I 
09:16-Tue-Feb-21-2017 PM2.5 |  15.89 |  15.87 |  15.04 |  12.86 |I I 
09:20-Tue-Feb-21-2017 PM10  |  30.02 |  30.90 |  31.27 |  25.06 |I I 
09:20-Tue-Feb-21-2017 PM2.5 |  16.53 |  15.95 |  15.04 |  12.86 |I I 
09:21-Tue-Feb-21-2017 PM10  |  34.94 |  31.35 |  31.27 |  25.06 |I I 
09:21-Tue-Feb-21-2017 PM2.5 |  15.95 |  15.95 |  15.04 |  12.86 |I I 
09:25-Tue-Feb-21-2017 PM10  |  35.49 |  31.77 |  31.27 |  25.06 |I I 
09:25-Tue-Feb-21-2017 PM2.5 |  17.27 |  16.08 |  15.04 |  12.86 |I I 
09:26-Tue-Feb-21-2017 PM10  |  32.61 |  31.84 |  31.27 |  25.06 |I I 
09:26-Tue-Feb-21-2017 PM2.5 |  15.42 |  16.02 |  15.04 |  12.86 |I I 
09:30-Tue-Feb-21-2017 PM10  |  31.69 |  31.83 |  31.27 |  25.06 |I I 
09:30-Tue-Feb-21-2017 PM2.5 |  16.59 |  16.07 |  15.04 |  12.86 |I I 
09:31-Tue-Feb-21-2017 PM10  |  30.39 |  31.72 |  31.27 |  25.06 |I I 
09:31-Tue-Feb-21-2017 PM2.5 |  15.17 |  16.00 |  15.04 |  12.86 |I I 
09:32-Tue-Feb-21-2017 PM10  |  30.39 |  31.62 |  31.27 |  25.06 |I I 
09:32-Tue-Feb-21-2017 PM2.5 |  15.17 |  15.94 |  15.04 |  12.86 |I I 
09:36-Tue-Feb-21-2017 PM10  |  35.02 |  31.85 |  31.27 |  25.06 |I I 
09:36-Tue-Feb-21-2017 PM2.5 |  16.61 |  15.99 |  15.04 |  12.86 |I I 
09:37-Tue-Feb-21-2017 PM10  |  35.27 |  32.06 |  31.27 |  25.06 |I I 
09:37-Tue-Feb-21-2017 PM2.5 |  17.13 |  16.06 |  15.04 |  12.86 |I I 
09:41-Tue-Feb-21-2017 PM10  |  32.59 |  32.09 |  31.27 |  25.06 |I I 
09:41-Tue-Feb-21-2017 PM2.5 |  17.51 |  16.14 |  15.04 |  12.86 |I I 
09:42-Tue-Feb-21-2017 PM10  |  32.97 |  32.14 |  31.27 |  25.06 |I I 
09:42-Tue-Feb-21-2017 PM2.5 |  16.59 |  16.17 |  15.04 |  12.86 |I I 
09:46-Tue-Feb-21-2017 PM10  |  33.59 |  32.22 |  31.27 |  25.06 |I I 
09:46-Tue-Feb-21-2017 PM2.5 |  17.71 |  16.25 |  15.04 |  12.86 |I I 
09:47-Tue-Feb-21-2017 PM10  |  35.20 |  32.37 |  31.27 |  25.06 |I I 
09:47-Tue-Feb-21-2017 PM2.5 |  17.17 |  16.30 |  15.04 |  12.86 |I I 
09:51-Tue-Feb-21-2017 PM10  |  38.09 |  32.64 |  31.27 |  25.06 |I I 
09:51-Tue-Feb-21-2017 PM2.5 |  18.27 |  16.39 |  15.04 |  12.86 |I I 
09:52-Tue-Feb-21-2017 PM10  |  36.15 |  32.80 |  31.27 |  25.06 |I I 
09:52-Tue-Feb-21-2017 PM2.5 |  17.42 |  16.44 |  15.04 |  12.86 |I I 
09:56-Tue-Feb-21-2017 PM10  |  34.37 |  32.87 |  31.27 |  25.06 |I I 
09:56-Tue-Feb-21-2017 PM2.5 |  18.12 |  16.51 |  15.04 |  12.86 |I I 
09:57-Tue-Feb-21-2017 PM10  |  32.67 |  32.86 |  31.27 |  25.06 |I I 
09:57-Tue-Feb-21-2017 PM2.5 |  17.61 |  16.55 |  15.04 |  12.86 |I I 
09:58-Tue-Feb-21-2017 PM10  |  32.67 |  32.85 |  31.27 |  25.06 |I I 
09:58-Tue-Feb-21-2017 PM2.5 |  17.61 |  16.60 |  15.04 |  12.86 |I I 
10:02-Tue-Feb-21-2017 PM10  |  33.42 |  32.87 |  32.87 |  25.06 |I I 
10:02-Tue-Feb-21-2017 PM2.5 |  18.42 |  16.67 |  16.67 |  12.86 |I I 
10:03-Tue-Feb-21-2017 PM10  |  35.39 |  35.39 |  32.87 |  25.06 |I I 
10:03-Tue-Feb-21-2017 PM2.5 |  18.08 |  18.08 |  16.67 |  12.86 |I I 
10:07-Tue-Feb-21-2017 PM10  |  38.79 |  37.09 |  32.87 |  25.06 |I I 
10:07-Tue-Feb-21-2017 PM2.5 |  19.20 |  18.64 |  16.67 |  12.86 |I I 
10:08-Tue-Feb-21-2017 PM10  |  37.71 |  37.29 |  32.87 |  25.06 |I I 
10:08-Tue-Feb-21-2017 PM2.5 |  18.03 |  18.44 |  16.67 |  12.86 |I I 
10:12-Tue-Feb-21-2017 PM10  |  39.15 |  37.76 |  32.87 |  25.06 |I I 
10:12-Tue-Feb-21-2017 PM2.5 |  19.08 |  18.60 |  16.67 |  12.86 |I I 
10:14-Tue-Feb-21-2017 PM10  |  34.82 |  37.17 |  32.87 |  25.06 |I I 
10:14-Tue-Feb-21-2017 PM2.5 |  18.10 |  18.50 |  16.67 |  12.86 |I I 
10:18-Tue-Feb-21-2017 PM10  |  35.75 |  36.93 |  32.87 |  25.06 |I I 
10:18-Tue-Feb-21-2017 PM2.5 |  19.27 |  18.63 |  16.67 |  12.86 |I I 
10:19-Tue-Feb-21-2017 PM10  |  32.73 |  36.33 |  32.87 |  25.06 |I I 
10:19-Tue-Feb-21-2017 PM2.5 |  17.64 |  18.49 |  16.67 |  12.86 |I I 
10:23-Tue-Feb-21-2017 PM10  |  36.57 |  36.36 |  32.87 |  25.06 |I I 
10:23-Tue-Feb-21-2017 PM2.5 |  19.58 |  18.62 |  16.67 |  12.86 |I I 
10:24-Tue-Feb-21-2017 PM10  |  36.81 |  36.41 |  32.87 |  25.06 |I I 
10:24-Tue-Feb-21-2017 PM2.5 |  19.34 |  18.70 |  16.67 |  12.86 |I I 
10:25-Tue-Feb-21-2017 PM10  |  36.81 |  36.45 |  32.87 |  25.06 |I I 
10:25-Tue-Feb-21-2017 PM2.5 |  19.34 |  18.77 |  16.67 |  12.86 |I I 
10:29-Tue-Feb-21-2017 PM10  |  38.81 |  36.67 |  32.87 |  25.06 |I I 
10:29-Tue-Feb-21-2017 PM2.5 |  19.84 |  18.86 |  16.67 |  12.86 |I I 
10:30-Tue-Feb-21-2017 PM10  |  39.61 |  36.91 |  32.87 |  25.06 |I I 
10:30-Tue-Feb-21-2017 PM2.5 |  18.96 |  18.87 |  16.67 |  12.86 |I I 
10:34-Tue-Feb-21-2017 PM10  |  41.36 |  37.25 |  32.87 |  25.06 |I I 
10:34-Tue-Feb-21-2017 PM2.5 |  19.76 |  18.94 |  16.67 |  12.86 |I I 
10:35-Tue-Feb-21-2017 PM10  |  40.47 |  37.48 |  32.87 |  25.06 |I I 
10:35-Tue-Feb-21-2017 PM2.5 |  19.50 |  18.98 |  16.67 |  12.86 |I I 
10:39-Tue-Feb-21-2017 PM10  |  40.45 |  37.68 |  32.87 |  25.06 |I I 
10:39-Tue-Feb-21-2017 PM2.5 |  20.90 |  19.11 |  16.67 |  12.86 |I I 
10:40-Tue-Feb-21-2017 PM10  |  37.51 |  37.67 |  32.87 |  25.06 |I I 
10:40-Tue-Feb-21-2017 PM2.5 |  19.42 |  19.13 |  16.67 |  12.86 |I I 
10:44-Tue-Feb-21-2017 PM10  |  41.10 |  37.87 |  32.87 |  25.06 |I I 
10:44-Tue-Feb-21-2017 PM2.5 |  20.51 |  19.21 |  16.67 |  12.86 |I I 
10:45-Tue-Feb-21-2017 PM10  |  41.39 |  38.07 |  32.87 |  25.06 |I I 
10:45-Tue-Feb-21-2017 PM2.5 |  20.25 |  19.27 |  16.67 |  12.86 |I I 
10:49-Tue-Feb-21-2017 PM10  |  40.01 |  38.17 |  32.87 |  25.06 |I I 
10:49-Tue-Feb-21-2017 PM2.5 |  21.30 |  19.37 |  16.67 |  12.86 |I I 
10:50-Tue-Feb-21-2017 PM10  |  38.00 |  38.16 |  32.87 |  25.06 |I I 
10:50-Tue-Feb-21-2017 PM2.5 |  19.62 |  19.39 |  16.67 |  12.86 |I I 
10:54-Tue-Feb-21-2017 PM10  |  36.84 |  38.10 |  32.87 |  25.06 |I I 
10:54-Tue-Feb-21-2017 PM2.5 |  20.81 |  19.45 |  16.67 |  12.86 |I I 
10:55-Tue-Feb-21-2017 PM10  |  36.84 |  38.04 |  32.87 |  25.06 |I I 
10:55-Tue-Feb-21-2017 PM2.5 |  20.81 |  19.52 |  16.67 |  12.86 |I I 
10:56-Tue-Feb-21-2017 PM10  |  37.15 |  38.00 |  32.87 |  25.06 |I I 
10:56-Tue-Feb-21-2017 PM2.5 |  20.18 |  19.54 |  16.67 |  12.86 |I I 
11:00-Tue-Feb-21-2017 PM10  |  41.36 |  38.14 |  38.14 |  25.06 |B B 
11:00-Tue-Feb-21-2017 PM2.5 |  21.10 |  19.61 |  19.61 |  12.86 |B B 
11:01-Tue-Feb-21-2017 PM10  |  36.66 |  36.66 |  38.14 |  25.06 |B B 
11:01-Tue-Feb-21-2017 PM2.5 |  20.75 |  20.75 |  19.61 |  12.86 |B B 
11:05-Tue-Feb-21-2017recover dati per host :salvatorehost.no-ip.org/aria
11:05-Tue-Feb-21-2017 PM10  |  38.36 |  37.51 |  38.14 |  25.06 |I B 
11:05-Tue-Feb-21-2017 PM2.5 |  21.80 |  21.27 |  19.61 |  12.86 |I B 
11:05-Tue-Feb-21-2017Timeout Event handler
11:06-Tue-Feb-21-2017
12:11-Tue-Feb-21-2017Start
12:16-Tue-Feb-21-2017recover dati per host :92.223.147.77/nodered
12:16-Tue-Feb-21-2017 PM10  |  39.83 |  39.83 |  38.14 |  25.06 |I I 
12:16-Tue-Feb-21-2017 PM2.5 |  22.86 |  22.86 |  19.61 |  12.86 |I I 
12:20-Tue-Feb-21-2017 PM10  |  44.07 |  41.95 |  38.14 |  25.06 |I I 
12:20-Tue-Feb-21-2017 PM2.5 |  23.82 |  23.34 |  19.61 |  12.86 |I I 
12:21-Tue-Feb-21-2017 PM10  |  52.83 |  45.58 |  38.14 |  25.06 |I I 
12:21-Tue-Feb-21-2017 PM2.5 |  24.98 |  23.89 |  19.61 |  12.86 |I I 
12:25-Tue-Feb-21-2017 PM10  |  48.48 |  46.31 |  38.14 |  25.06 |I I 
12:25-Tue-Feb-21-2017 PM2.5 |  26.19 |  24.46 |  19.61 |  12.86 |I I 
12:26-Tue-Feb-21-2017 PM10  |  52.77 |  47.60 |  38.14 |  25.06 |I I 
12:26-Tue-Feb-21-2017 PM2.5 |  27.10 |  24.99 |  19.61 |  12.86 |I I 
12:30-Tue-Feb-21-2017 PM10  |  52.35 |  48.39 |  38.14 |  25.06 |I I 
12:30-Tue-Feb-21-2017 PM2.5 |  28.46 |  25.57 |  19.61 |  12.86 |I I 
12:31-Tue-Feb-21-2017 PM10  |  45.23 |  47.94 |  38.14 |  25.06 |I I 
12:31-Tue-Feb-21-2017 PM2.5 |  25.04 |  25.49 |  19.61 |  12.86 |I I 
12:35-Tue-Feb-21-2017 PM10  |  45.97 |  47.69 |  38.14 |  25.06 |I I 
12:35-Tue-Feb-21-2017 PM2.5 |  26.04 |  25.56 |  19.61 |  12.86 |I I 
12:36-Tue-Feb-21-2017 PM10  |  48.04 |  47.73 |  38.14 |  25.06 |I I 
12:36-Tue-Feb-21-2017 PM2.5 |  23.81 |  25.37 |  19.61 |  12.86 |I I 
12:37-Tue-Feb-21-2017 PM10  |  48.04 |  47.76 |  38.14 |  25.06 |I I 
12:37-Tue-Feb-21-2017 PM2.5 |  23.81 |  25.21 |  19.61 |  12.86 |I I 
12:41-Tue-Feb-21-2017 PM10  |  42.38 |  47.27 |  38.14 |  25.06 |I I 
12:41-Tue-Feb-21-2017 PM2.5 |  24.82 |  25.18 |  19.61 |  12.86 |I I 
12:42-Tue-Feb-21-2017 PM10  |  38.34 |  46.53 |  38.14 |  25.06 |I I 
12:42-Tue-Feb-21-2017 PM2.5 |  22.05 |  24.92 |  19.61 |  12.86 |I I 
12:46-Tue-Feb-21-2017 PM10  |  40.82 |  46.09 |  38.14 |  25.06 |I I 
12:46-Tue-Feb-21-2017 PM2.5 |  23.17 |  24.78 |  19.61 |  12.86 |I I 
12:47-Tue-Feb-21-2017 PM10  |  39.77 |  45.64 |  38.14 |  25.06 |I I 
12:47-Tue-Feb-21-2017 PM2.5 |  21.20 |  24.53 |  19.61 |  12.86 |I I 
12:51-Tue-Feb-21-2017 PM10  |  42.24 |  45.41 |  38.14 |  25.06 |I I 
12:51-Tue-Feb-21-2017 PM2.5 |  21.87 |  24.35 |  19.61 |  12.86 |I I 
12:52-Tue-Feb-21-2017 PM10  |  33.80 |  44.69 |  38.14 |  25.06 |I I 
12:52-Tue-Feb-21-2017 PM2.5 |  19.75 |  24.06 |  19.61 |  12.86 |I I 
12:56-Tue-Feb-21-2017 PM10  |  36.12 |  44.18 |  38.14 |  25.06 |I I 
12:56-Tue-Feb-21-2017 PM2.5 |  19.80 |  23.81 |  19.61 |  12.86 |I I 
12:57-Tue-Feb-21-2017 PM10  |  31.51 |  43.48 |  38.14 |  25.06 |I I 
12:57-Tue-Feb-21-2017 PM2.5 |  17.38 |  23.45 |  19.61 |  12.86 |I I 
13:01-Tue-Feb-21-2017 PM10  |  30.94 |  42.82 |  42.82 |  25.06 |I I 
13:01-Tue-Feb-21-2017 PM2.5 |  17.61 |  23.15 |  23.15 |  12.86 |I I 
13:02-Tue-Feb-21-2017 PM10  |  33.38 |  33.38 |  42.82 |  25.06 |I I 
13:02-Tue-Feb-21-2017 PM2.5 |  16.71 |  16.71 |  23.15 |  12.86 |I I 
13:06-Tue-Feb-21-2017 PM10  |  32.58 |  32.98 |  42.82 |  25.06 |I I 
13:06-Tue-Feb-21-2017 PM2.5 |  17.01 |  16.86 |  23.15 |  12.86 |I I 
13:07-Tue-Feb-21-2017 PM10  |  32.58 |  32.84 |  42.82 |  25.06 |I I 
13:07-Tue-Feb-21-2017 PM2.5 |  17.01 |  16.91 |  23.15 |  12.86 |I I 
13:08-Tue-Feb-21-2017 PM10  |  30.31 |  32.21 |  42.82 |  25.06 |I I 
13:08-Tue-Feb-21-2017 PM2.5 |  15.57 |  16.57 |  23.15 |  12.86 |I I 
13:12-Tue-Feb-21-2017 PM10  |  31.62 |  32.09 |  42.82 |  25.06 |I I 
13:12-Tue-Feb-21-2017 PM2.5 |  16.74 |  16.61 |  23.15 |  12.86 |I I 
13:13-Tue-Feb-21-2017 PM10  |  27.71 |  31.36 |  42.82 |  25.06 |I I 
13:13-Tue-Feb-21-2017 PM2.5 |  15.87 |  16.48 |  23.15 |  12.86 |I I 
13:17-Tue-Feb-21-2017 PM10  |  28.30 |  30.92 |  42.82 |  25.06 |I I 
13:17-Tue-Feb-21-2017 PM2.5 |  17.02 |  16.56 |  23.15 |  12.86 |I I 
13:18-Tue-Feb-21-2017 PM10  |  30.14 |  30.83 |  42.82 |  25.06 |I I 
13:18-Tue-Feb-21-2017 PM2.5 |  16.96 |  16.61 |  23.15 |  12.86 |I I 
13:22-Tue-Feb-21-2017 PM10  |  31.75 |  30.93 |  42.82 |  25.06 |I I 
13:22-Tue-Feb-21-2017 PM2.5 |  17.51 |  16.71 |  23.15 |  12.86 |I I 
13:23-Tue-Feb-21-2017 PM10  |  27.98 |  30.63 |  42.82 |  25.06 |I I 
13:23-Tue-Feb-21-2017 PM2.5 |  15.59 |  16.60 |  23.15 |  12.86 |I I 
13:27-Tue-Feb-21-2017 PM10  |  30.37 |  30.61 |  42.82 |  25.06 |I I 
13:27-Tue-Feb-21-2017 PM2.5 |  16.40 |  16.58 |  23.15 |  12.86 |I I 
13:28-Tue-Feb-21-2017 PM10  |  30.48 |  30.60 |  42.82 |  25.06 |I I 
13:28-Tue-Feb-21-2017 PM2.5 |  15.91 |  16.52 |  23.15 |  12.86 |I I 
13:32-Tue-Feb-21-2017 PM10  |  28.00 |  30.40 |  42.82 |  25.06 |I I 
13:32-Tue-Feb-21-2017 PM2.5 |  16.23 |  16.50 |  23.15 |  12.86 |I I 
13:33-Tue-Feb-21-2017 PM10  |  28.00 |  30.23 |  42.82 |  25.06 |I I 
13:33-Tue-Feb-21-2017 PM2.5 |  16.23 |  16.48 |  23.15 |  12.86 |I I 
13:34-Tue-Feb-21-2017 PM10  |  29.65 |  30.19 |  42.82 |  25.06 |I I 
13:34-Tue-Feb-21-2017 PM2.5 |  14.62 |  16.36 |  23.15 |  12.86 |I I 
13:39-Tue-Feb-21-2017 PM10  |  27.83 |  30.04 |  42.82 |  25.06 |I I 
13:39-Tue-Feb-21-2017 PM2.5 |  15.65 |  16.31 |  23.15 |  12.86 |I I 
13:40-Tue-Feb-21-2017 PM10  |  28.84 |  29.97 |  42.82 |  25.06 |I I 
13:40-Tue-Feb-21-2017 PM2.5 |  16.23 |  16.31 |  23.15 |  12.86 |I I 
13:44-Tue-Feb-21-2017 PM10  |  27.77 |  29.85 |  42.82 |  25.06 |I I 
13:44-Tue-Feb-21-2017 PM2.5 |  15.93 |  16.29 |  23.15 |  12.86 |I I 
13:45-Tue-Feb-21-2017 PM10  |  29.18 |  29.81 |  42.82 |  25.06 |I I 
13:45-Tue-Feb-21-2017 PM2.5 |  15.66 |  16.25 |  23.15 |  12.86 |I I 
13:49-Tue-Feb-21-2017 PM10  |  28.09 |  29.73 |  42.82 |  25.06 |I I 
13:49-Tue-Feb-21-2017 PM2.5 |  15.81 |  16.23 |  23.15 |  12.86 |I I 
13:50-Tue-Feb-21-2017 PM10  |  29.45 |  29.71 |  42.82 |  25.06 |I I 
13:50-Tue-Feb-21-2017 PM2.5 |  15.05 |  16.18 |  23.15 |  12.86 |I I 
13:54-Tue-Feb-21-2017 PM10  |  29.56 |  29.71 |  42.82 |  25.06 |I I 
13:54-Tue-Feb-21-2017 PM2.5 |  15.99 |  16.17 |  23.15 |  12.86 |I I 
13:55-Tue-Feb-21-2017 PM10  |  25.50 |  29.52 |  42.82 |  25.06 |I I 
13:55-Tue-Feb-21-2017 PM2.5 |  14.35 |  16.09 |  23.15 |  12.86 |I I 
13:59-Tue-Feb-21-2017 PM10  |  26.55 |  29.40 |  42.82 |  25.06 |I I 
13:59-Tue-Feb-21-2017 PM2.5 |  14.59 |  16.03 |  23.15 |  12.86 |I I 
14:00-Tue-Feb-21-2017 PM10  |  26.55 |  29.29 |  42.82 |  25.06 |I I 
14:00-Tue-Feb-21-2017 PM2.5 |  14.59 |  15.97 |  23.15 |  12.86 |I I 
14:01-Tue-Feb-21-2017 PM10  |  21.34 |  21.34 |  42.82 |  25.06 |I I 
14:01-Tue-Feb-21-2017 PM2.5 |  10.24 |  10.24 |  23.15 |  12.86 |I I 
14:05-Tue-Feb-21-2017 PM10  |  20.99 |  21.16 |  42.82 |  25.06 |I I 
14:05-Tue-Feb-21-2017 PM2.5 |   9.87 |  10.06 |  23.15 |  12.86 |I I 
14:06-Tue-Feb-21-2017 PM10  |  17.36 |  19.89 |  42.82 |  25.06 |I I 
14:06-Tue-Feb-21-2017 PM2.5 |   9.19 |   9.77 |  23.15 |  12.86 |I I 
14:10-Tue-Feb-21-2017 PM10  |  18.87 |  19.64 |  42.82 |  25.06 |I I 
14:10-Tue-Feb-21-2017 PM2.5 |   9.48 |   9.70 |  23.15 |  12.86 |I I 
14:11-Tue-Feb-21-2017 PM10  |  20.23 |  19.76 |  42.82 |  25.06 |I I 
14:11-Tue-Feb-21-2017 PM2.5 |   9.91 |   9.74 |  23.15 |  12.86 |I I 
14:15-Tue-Feb-21-2017 PM10  |  19.52 |  19.72 |  42.82 |  25.06 |I I 
14:15-Tue-Feb-21-2017 PM2.5 |   9.96 |   9.78 |  23.15 |  12.86 |I I 
14:16-Tue-Feb-21-2017 PM10  |  19.65 |  19.71 |  42.82 |  25.06 |I I 
14:16-Tue-Feb-21-2017 PM2.5 |   9.41 |   9.72 |  23.15 |  12.86 |I I 
14:20-Tue-Feb-21-2017 PM10  |  18.89 |  19.61 |  42.82 |  25.06 |I I 
14:20-Tue-Feb-21-2017 PM2.5 |   9.89 |   9.75 |  23.15 |  12.86 |I I 
14:21-Tue-Feb-21-2017 PM10  |  20.77 |  19.73 |  42.82 |  25.06 |I I 
14:21-Tue-Feb-21-2017 PM2.5 |   8.97 |   9.66 |  23.15 |  12.86 |I I 
14:25-Tue-Feb-21-2017 PM10  |  20.99 |  19.86 |  42.82 |  25.06 |I I 
14:25-Tue-Feb-21-2017 PM2.5 |   9.18 |   9.61 |  23.15 |  12.86 |I I 
14:26-Tue-Feb-21-2017 PM10  |  20.99 |  19.96 |  42.82 |  25.06 |I I 
14:26-Tue-Feb-21-2017 PM2.5 |   9.18 |   9.57 |  23.15 |  12.86 |I I 
14:27-Tue-Feb-21-2017 PM10  |  20.79 |  20.03 |  42.82 |  25.06 |I I 
14:27-Tue-Feb-21-2017 PM2.5 |   9.22 |   9.54 |  23.15 |  12.86 |I I 
14:31-Tue-Feb-21-2017 PM10  |  20.12 |  20.04 |  42.82 |  25.06 |I I 
14:31-Tue-Feb-21-2017 PM2.5 |   9.67 |   9.55 |  23.15 |  12.86 |I I 
14:32-Tue-Feb-21-2017 PM10  |  18.28 |  19.91 |  42.82 |  25.06 |I I 
14:32-Tue-Feb-21-2017 PM2.5 |   8.39 |   9.47 |  23.15 |  12.86 |I I 
14:36-Tue-Feb-21-2017 PM10  |  19.31 |  19.87 |  42.82 |  25.06 |I I 
14:36-Tue-Feb-21-2017 PM2.5 |   8.41 |   9.40 |  23.15 |  12.86 |I I 
14:37-Tue-Feb-21-2017 PM10  |  17.81 |  19.74 |  42.82 |  25.06 |I I 
14:37-Tue-Feb-21-2017 PM2.5 |   7.07 |   9.25 |  23.15 |  12.86 |I I 
14:41-Tue-Feb-21-2017 PM10  |  18.07 |  19.65 |  42.82 |  25.06 |I I 
14:41-Tue-Feb-21-2017 PM2.5 |   7.32 |   9.14 |  23.15 |  12.86 |I I 
14:42-Tue-Feb-21-2017 PM10  |  15.37 |  19.41 |  42.82 |  25.06 |I I 
14:42-Tue-Feb-21-2017 PM2.5 |   7.04 |   9.02 |  23.15 |  12.86 |I I 
14:46-Tue-Feb-21-2017 PM10  |  14.75 |  19.16 |  42.82 |  25.06 |I I 
14:46-Tue-Feb-21-2017 PM2.5 |   7.00 |   8.92 |  23.15 |  12.86 |I I 
14:47-Tue-Feb-21-2017 PM10  |  14.24 |  18.92 |  42.82 |  25.06 |I I 
14:47-Tue-Feb-21-2017 PM2.5 |   6.64 |   8.80 |  23.15 |  12.86 |I I 
14:51-Tue-Feb-21-2017 PM10  |  12.10 |  18.59 |  42.82 |  25.06 |I I 
14:51-Tue-Feb-21-2017 PM2.5 |   6.47 |   8.69 |  23.15 |  12.86 |I I 
14:52-Tue-Feb-21-2017 PM10  |  15.37 |  18.45 |  42.82 |  25.06 |I I 
14:52-Tue-Feb-21-2017 PM2.5 |   6.64 |   8.60 |  23.15 |  12.86 |I I 
14:53-Tue-Feb-21-2017 PM10  |  15.37 |  18.31 |  42.82 |  25.06 |I I 
14:53-Tue-Feb-21-2017 PM2.5 |   6.64 |   8.51 |  23.15 |  12.86 |I I 
14:57-Tue-Feb-21-2017 PM10  |  17.37 |  18.27 |  42.82 |  25.06 |I I 
14:57-Tue-Feb-21-2017 PM2.5 |   6.85 |   8.44 |  23.15 |  12.86 |I I 
14:58-Tue-Feb-21-2017 PM10  |  16.46 |  18.20 |  42.82 |  25.06 |I I 
14:58-Tue-Feb-21-2017 PM2.5 |   6.65 |   8.37 |  23.15 |  12.86 |I I 
15:02-Tue-Feb-21-2017 PM10  |  17.33 |  18.17 |  42.82 |  18.17 |I I 
15:02-Tue-Feb-21-2017 PM2.5 |   7.30 |   8.33 |  23.15 |   8.33 |I I 
15:03-Tue-Feb-21-2017 PM10  |  17.00 |  17.00 |  42.82 |  18.17 |I I 
15:03-Tue-Feb-21-2017 PM2.5 |   5.99 |   5.99 |  23.15 |   8.33 |I I 
15:07-Tue-Feb-21-2017 PM10  |  12.86 |  14.93 |  42.82 |  18.17 |I I 
15:07-Tue-Feb-21-2017 PM2.5 |   6.03 |   6.01 |  23.15 |   8.33 |I I 
15:08-Tue-Feb-21-2017 PM10  |  17.64 |  15.83 |  42.82 |  18.17 |I I 
15:08-Tue-Feb-21-2017 PM2.5 |   6.47 |   6.17 |  23.15 |   8.33 |I I 
15:12-Tue-Feb-21-2017 PM10  |  15.41 |  15.72 |  42.82 |  18.17 |I I 
15:12-Tue-Feb-21-2017 PM2.5 |   6.48 |   6.25 |  23.15 |   8.33 |I I 
15:13-Tue-Feb-21-2017 PM10  |  13.64 |  15.31 |  42.82 |  18.17 |I I 
15:13-Tue-Feb-21-2017 PM2.5 |   6.59 |   6.32 |  23.15 |   8.33 |I I 
15:17-Tue-Feb-21-2017 PM10  |  14.87 |  15.24 |  42.82 |  18.17 |I I 
15:17-Tue-Feb-21-2017 PM2.5 |   6.28 |   6.31 |  23.15 |   8.33 |I I 
15:18-Tue-Feb-21-2017 PM10  |  23.07 |  16.36 |  42.82 |  18.17 |I I 
15:18-Tue-Feb-21-2017 PM2.5 |   7.31 |   6.45 |  23.15 |   8.33 |I I 
15:19-Tue-Feb-21-2017 PM10  |  23.07 |  17.19 |  42.82 |  18.17 |I I 
15:19-Tue-Feb-21-2017 PM2.5 |   7.31 |   6.56 |  23.15 |   8.33 |I I 
15:23-Tue-Feb-21-2017 PM10  |  13.60 |  16.80 |  42.82 |  18.17 |I I 
15:23-Tue-Feb-21-2017 PM2.5 |   6.08 |   6.51 |  23.15 |   8.33 |I I 
15:24-Tue-Feb-21-2017 PM10  |  26.94 |  17.81 |  42.82 |  18.17 |I I 
15:24-Tue-Feb-21-2017 PM2.5 |   7.24 |   6.58 |  23.15 |   8.33 |I I 
15:28-Tue-Feb-21-2017 PM10  |  19.05 |  17.92 |  42.82 |  18.17 |I I 
15:28-Tue-Feb-21-2017 PM2.5 |   6.48 |   6.57 |  23.15 |   8.33 |I I 
15:29-Tue-Feb-21-2017 PM10  |  27.76 |  18.74 |  42.82 |  18.17 |I I 
15:29-Tue-Feb-21-2017 PM2.5 |   7.09 |   6.61 |  23.15 |   8.33 |I I 
15:33-Tue-Feb-21-2017 PM10  |  24.93 |  19.22 |  42.82 |  18.17 |I I 
15:33-Tue-Feb-21-2017 PM2.5 |   6.83 |   6.63 |  23.15 |   8.33 |I I 
15:34-Tue-Feb-21-2017 PM10  |  12.81 |  18.76 |  42.82 |  18.17 |I I 
15:34-Tue-Feb-21-2017 PM2.5 |   5.76 |   6.57 |  23.15 |   8.33 |I I 
15:38-Tue-Feb-21-2017 PM10  |  13.80 |  18.43 |  42.82 |  18.17 |I I 
15:38-Tue-Feb-21-2017 PM2.5 |   5.94 |   6.53 |  23.15 |   8.33 |I I 
15:39-Tue-Feb-21-2017 PM10  |  12.89 |  18.08 |  42.82 |  18.17 |I I 
15:39-Tue-Feb-21-2017 PM2.5 |   5.34 |   6.45 |  23.15 |   8.33 |I I 
15:43-Tue-Feb-21-2017 PM10  |  17.14 |  18.03 |  42.82 |  18.17 |I I 
15:43-Tue-Feb-21-2017 PM2.5 |   5.78 |   6.41 |  23.15 |   8.33 |I I 
15:44-Tue-Feb-21-2017 PM10  |  14.25 |  17.82 |  42.82 |  18.17 |I I 
15:44-Tue-Feb-21-2017 PM2.5 |   5.71 |   6.37 |  23.15 |   8.33 |I I 
15:48-Tue-Feb-21-2017 PM10  |  13.75 |  17.60 |  42.82 |  18.17 |I I 
15:48-Tue-Feb-21-2017 PM2.5 |   5.49 |   6.33 |  23.15 |   8.33 |I I 
15:49-Tue-Feb-21-2017 PM10  |  13.75 |  17.41 |  42.82 |  18.17 |I I 
15:49-Tue-Feb-21-2017 PM2.5 |   5.49 |   6.29 |  23.15 |   8.33 |I I 
15:50-Tue-Feb-21-2017 PM10  |  12.49 |  17.18 |  42.82 |  18.17 |I I 
15:50-Tue-Feb-21-2017 PM2.5 |   5.41 |   6.24 |  23.15 |   8.33 |I I 
15:54-Tue-Feb-21-2017 PM10  |  16.64 |  17.15 |  42.82 |  18.17 |I I 
15:54-Tue-Feb-21-2017 PM2.5 |   5.87 |   6.23 |  23.15 |   8.33 |I I 
15:55-Tue-Feb-21-2017 PM10  |  12.45 |  16.95 |  42.82 |  18.17 |I I 
15:55-Tue-Feb-21-2017 PM2.5 |   5.98 |   6.22 |  23.15 |   8.33 |I I 
15:59-Tue-Feb-21-2017 PM10  |  12.78 |  16.77 |  42.82 |  18.17 |I I 
15:59-Tue-Feb-21-2017 PM2.5 |   6.03 |   6.21 |  23.15 |   8.33 |I I 
16:01-Tue-Feb-21-2017 PM10  |  12.76 |  16.61 |  42.82 |  16.61 |B I 
16:01-Tue-Feb-21-2017 PM2.5 |   5.69 |   6.19 |  23.15 |   6.19 |B I 
16:05-Tue-Feb-21-2017recover dati per host :salvatorehost.no-ip.org/aria
16:05-Tue-Feb-21-2017 PM10  |  12.97 |  12.97 |  42.82 |  16.61 |I I 
16:05-Tue-Feb-21-2017 PM2.5 |   5.66 |   5.66 |  23.15 |   6.19 |I I 
16:06-Tue-Feb-21-2017 PM10  |  12.63 |  12.80 |  42.82 |  16.61 |I I 
16:06-Tue-Feb-21-2017 PM2.5 |   5.49 |   5.57 |  23.15 |   6.19 |I I 
16:10-Tue-Feb-21-2017 PM10  |  15.47 |  13.69 |  42.82 |  16.61 |I I 
16:10-Tue-Feb-21-2017 PM2.5 |   6.10 |   5.75 |  23.15 |   6.19 |I I 
16:11-Tue-Feb-21-2017 PM10  |  11.43 |  13.12 |  42.82 |  16.61 |I I 
16:11-Tue-Feb-21-2017 PM2.5 |   5.44 |   5.67 |  23.15 |   6.19 |I I 
16:15-Tue-Feb-21-2017 PM10  |  12.80 |  13.06 |  42.82 |  16.61 |I I 
16:15-Tue-Feb-21-2017 PM2.5 |   5.42 |   5.62 |  23.15 |   6.19 |I I 
16:16-Tue-Feb-21-2017 PM10  |  16.89 |  13.70 |  42.82 |  16.61 |I I 
16:16-Tue-Feb-21-2017 PM2.5 |   5.56 |   5.61 |  23.15 |   6.19 |I I 
16:17-Tue-Feb-21-2017 PM10  |  16.89 |  14.15 |  42.82 |  16.61 |I I 
16:17-Tue-Feb-21-2017 PM2.5 |   5.56 |   5.60 |  23.15 |   6.19 |I I 
16:21-Tue-Feb-21-2017 PM10  |  15.81 |  14.36 |  42.82 |  16.61 |I I 
16:21-Tue-Feb-21-2017 PM2.5 |   5.77 |   5.62 |  23.15 |   6.19 |I I 
16:22-Tue-Feb-21-2017 PM10  |  12.22 |  14.12 |  42.82 |  16.61 |I I 
16:22-Tue-Feb-21-2017 PM2.5 |   5.35 |   5.59 |  23.15 |   6.19 |I I 
16:26-Tue-Feb-21-2017 PM10  |  15.73 |  14.28 |  42.82 |  16.61 |I I 
16:26-Tue-Feb-21-2017 PM2.5 |   6.22 |   5.66 |  23.15 |   6.19 |I I 
16:27-Tue-Feb-21-2017 PM10  |  13.76 |  14.24 |  42.82 |  16.61 |I I 
16:27-Tue-Feb-21-2017 PM2.5 |   5.45 |   5.64 |  23.15 |   6.19 |I I 
16:31-Tue-Feb-21-2017 PM10  |  13.46 |  14.17 |  42.82 |  16.61 |I I 
16:31-Tue-Feb-21-2017 PM2.5 |   5.98 |   5.67 |  23.15 |   6.19 |I I 
16:32-Tue-Feb-21-2017 PM10  |  12.06 |  14.01 |  42.82 |  16.61 |I I 
16:32-Tue-Feb-21-2017 PM2.5 |   5.83 |   5.68 |  23.15 |   6.19 |I I 
16:36-Tue-Feb-21-2017 PM10  |  11.35 |  13.82 |  42.82 |  16.61 |I I 
16:36-Tue-Feb-21-2017 PM2.5 |   6.01 |   5.70 |  23.15 |   6.19 |I I 
16:37-Tue-Feb-21-2017 PM10  |  15.48 |  13.93 |  42.82 |  16.61 |I I 
16:37-Tue-Feb-21-2017 PM2.5 |   5.84 |   5.71 |  23.15 |   6.19 |I I 
16:41-Tue-Feb-21-2017 PM10  |  14.18 |  13.95 |  42.82 |  16.61 |I I 
16:41-Tue-Feb-21-2017 PM2.5 |   6.14 |   5.74 |  23.15 |   6.19 |I I 
16:42-Tue-Feb-21-2017 PM10  |  15.84 |  14.06 |  42.82 |  16.61 |I I 
16:42-Tue-Feb-21-2017 PM2.5 |   6.04 |   5.76 |  23.15 |   6.19 |I I 
16:43-Tue-Feb-21-2017 PM10  |  15.84 |  14.16 |  42.82 |  16.61 |I I 
16:43-Tue-Feb-21-2017 PM2.5 |   6.04 |   5.77 |  23.15 |   6.19 |I I 
16:47-Tue-Feb-21-2017 PM10  |  16.06 |  14.26 |  42.82 |  16.61 |I I 
16:47-Tue-Feb-21-2017 PM2.5 |   6.07 |   5.79 |  23.15 |   6.19 |I I 
16:48-Tue-Feb-21-2017 PM10  |  16.13 |  14.35 |  42.82 |  16.61 |I I 
16:48-Tue-Feb-21-2017 PM2.5 |   5.71 |   5.79 |  23.15 |   6.19 |I I 
16:52-Tue-Feb-21-2017 PM10  |  16.10 |  14.43 |  42.82 |  16.61 |I I 
16:52-Tue-Feb-21-2017 PM2.5 |   5.80 |   5.79 |  23.15 |   6.19 |I I 
16:53-Tue-Feb-21-2017 PM10  |  11.49 |  14.30 |  42.82 |  16.61 |I I 
16:53-Tue-Feb-21-2017 PM2.5 |   5.97 |   5.79 |  23.15 |   6.19 |I I 
16:57-Tue-Feb-21-2017 PM10  |  12.05 |  14.20 |  42.82 |  16.61 |I I 
16:57-Tue-Feb-21-2017 PM2.5 |   6.16 |   5.81 |  23.15 |   6.19 |I I 
16:58-Tue-Feb-21-2017 PM10  |  15.84 |  14.27 |  42.82 |  16.61 |I I 
16:58-Tue-Feb-21-2017 PM2.5 |   6.17 |   5.82 |  23.15 |   6.19 |I I 
17:02-Tue-Feb-21-2017 PM10  |  14.60 |  14.28 |  42.82 |  14.28 |I I 
17:02-Tue-Feb-21-2017 PM2.5 |   6.57 |   5.85 |  23.15 |   5.85 |I I 
17:03-Tue-Feb-21-2017 PM10  |  10.81 |  10.81 |  42.82 |  14.28 |I I 
17:03-Tue-Feb-21-2017 PM2.5 |   5.90 |   5.90 |  23.15 |   5.85 |I I 
17:07-Tue-Feb-21-2017 PM10  |  11.72 |  11.26 |  42.82 |  14.28 |I I 
17:07-Tue-Feb-21-2017 PM2.5 |   5.99 |   5.94 |  23.15 |   5.85 |I I 
17:08-Tue-Feb-21-2017 PM10  |  12.62 |  11.71 |  42.82 |  14.28 |I I 
17:08-Tue-Feb-21-2017 PM2.5 |   5.64 |   5.84 |  23.15 |   5.85 |I I 
17:13-Tue-Feb-21-2017 PM10  |  13.23 |  12.09 |  42.82 |  14.28 |I I 
17:13-Tue-Feb-21-2017 PM2.5 |   6.04 |   5.89 |  23.15 |   5.85 |I I 
17:14-Tue-Feb-21-2017 PM10  |  11.58 |  11.99 |  42.82 |  14.28 |I I 
17:14-Tue-Feb-21-2017 PM2.5 |   5.86 |   5.88 |  23.15 |   5.85 |I I 
17:18-Tue-Feb-21-2017 PM10  |  14.96 |  12.48 |  42.82 |  14.28 |I I 
17:18-Tue-Feb-21-2017 PM2.5 |   6.19 |   5.93 |  23.15 |   5.85 |I I 
17:19-Tue-Feb-21-2017 PM10  |  10.44 |  12.19 |  42.82 |  14.28 |I I 
17:19-Tue-Feb-21-2017 PM2.5 |   5.91 |   5.93 |  23.15 |   5.85 |I I 
17:23-Tue-Feb-21-2017 PM10  |  12.35 |  12.21 |  42.82 |  14.28 |I I 
17:23-Tue-Feb-21-2017 PM2.5 |   5.99 |   5.94 |  23.15 |   5.85 |I I 
17:24-Tue-Feb-21-2017 PM10  |  14.64 |  12.48 |  42.82 |  14.28 |I I 
17:24-Tue-Feb-21-2017 PM2.5 |   6.13 |   5.96 |  23.15 |   5.85 |I I 
17:28-Tue-Feb-21-2017 PM10  |  14.63 |  12.70 |  42.82 |  14.28 |I I 
17:28-Tue-Feb-21-2017 PM2.5 |   6.17 |   5.98 |  23.15 |   5.85 |I I 
17:29-Tue-Feb-21-2017 PM10  |  13.83 |  12.80 |  42.82 |  14.28 |I I 
17:29-Tue-Feb-21-2017 PM2.5 |   6.07 |   5.99 |  23.15 |   5.85 |I I 
17:33-Tue-Feb-21-2017 PM10  |  13.95 |  12.90 |  42.82 |  14.28 |I I 
17:33-Tue-Feb-21-2017 PM2.5 |   6.58 |   6.04 |  23.15 |   5.85 |I I 
17:34-Tue-Feb-21-2017 PM10  |  15.76 |  13.12 |  42.82 |  14.28 |I I 
17:34-Tue-Feb-21-2017 PM2.5 |   5.97 |   6.03 |  23.15 |   5.85 |I I 
17:38-Tue-Feb-21-2017 PM10  |  15.81 |  13.31 |  42.82 |  14.28 |I I 
17:38-Tue-Feb-21-2017 PM2.5 |   6.20 |   6.04 |  23.15 |   5.85 |I I 
17:39-Tue-Feb-21-2017 PM10  |  15.81 |  13.47 |  42.82 |  14.28 |I I 
17:39-Tue-Feb-21-2017 PM2.5 |   6.20 |   6.05 |  23.15 |   5.85 |I I 
17:40-Tue-Feb-21-2017 PM10  |  17.12 |  13.70 |  42.82 |  14.28 |I I 
17:40-Tue-Feb-21-2017 PM2.5 |   6.26 |   6.07 |  23.15 |   5.85 |I I 
17:44-Tue-Feb-21-2017 PM10  |  16.06 |  13.84 |  42.82 |  14.28 |I I 
17:44-Tue-Feb-21-2017 PM2.5 |   6.01 |   6.06 |  23.15 |   5.85 |I I 
17:45-Tue-Feb-21-2017 PM10  |  18.47 |  14.10 |  42.82 |  14.28 |I I 
17:45-Tue-Feb-21-2017 PM2.5 |   6.18 |   6.07 |  23.15 |   5.85 |I I 
17:49-Tue-Feb-21-2017 PM10  |  16.34 |  14.22 |  42.82 |  14.28 |I I 
17:49-Tue-Feb-21-2017 PM2.5 |   6.64 |   6.10 |  23.15 |   5.85 |I I 
17:50-Tue-Feb-21-2017 PM10  |  14.17 |  14.21 |  42.82 |  14.28 |B B 
17:50-Tue-Feb-21-2017 PM2.5 |   6.26 |   6.11 |  23.15 |   5.85 |B B 
17:54-Tue-Feb-21-2017recover dati per host :salvatorehost.no-ip.org/aria
17:54-Tue-Feb-21-2017 PM10  |  12.54 |  14.13 |  42.82 |  14.28 |I B 
17:54-Tue-Feb-21-2017 PM2.5 |   6.54 |   6.13 |  23.15 |   5.85 |I B 
17:56-Tue-Feb-21-2017 PM10  |  15.07 |  14.18 |  42.82 |  14.28 |I B 
17:56-Tue-Feb-21-2017 PM2.5 |   6.73 |   6.16 |  23.15 |   5.85 |I B 
18:00-Tue-Feb-21-2017recover dati per host :92.223.147.77/nodered
18:00-Tue-Feb-21-2017 PM10  |  18.09 |  14.35 |  42.82 |  14.28 |I I 
18:00-Tue-Feb-21-2017 PM2.5 |   7.12 |   6.20 |  23.15 |   5.85 |I I 
18:01-Tue-Feb-21-2017 PM10  |  14.48 |  14.48 |  42.82 |  14.28 |I I 
18:01-Tue-Feb-21-2017 PM2.5 |   7.02 |   7.02 |  23.15 |   5.85 |I I 
18:05-Tue-Feb-21-2017 PM10  |  19.80 |  17.14 |  42.82 |  14.28 |I I 
18:05-Tue-Feb-21-2017 PM2.5 |   7.33 |   7.17 |  23.15 |   5.85 |I I 
18:06-Tue-Feb-21-2017 PM10  |  17.47 |  17.25 |  42.82 |  14.28 |I I 
18:06-Tue-Feb-21-2017 PM2.5 |   7.17 |   7.17 |  23.15 |   5.85 |I I 
18:10-Tue-Feb-21-2017 PM10  |  20.29 |  18.01 |  42.82 |  14.28 |B B 
18:10-Tue-Feb-21-2017 PM2.5 |   7.57 |   7.27 |  23.15 |   5.85 |B B 
18:11-Tue-Feb-21-2017recover dati per host :salvatorehost.no-ip.org/aria
18:11-Tue-Feb-21-2017recover dati per host :92.223.147.77/nodered
18:11-Tue-Feb-21-2017 PM10  |  15.86 |  17.58 |  42.82 |  14.28 |I I 
18:11-Tue-Feb-21-2017 PM2.5 |   7.00 |   7.22 |  23.15 |   5.85 |I I 
18:15-Tue-Feb-21-2017 PM10  |  21.88 |  18.30 |  42.82 |  14.28 |I I 
18:15-Tue-Feb-21-2017 PM2.5 |   7.64 |   7.29 |  23.15 |   5.85 |I I 
18:16-Tue-Feb-21-2017 PM10  |  21.83 |  18.80 |  42.82 |  14.28 |I I 
18:16-Tue-Feb-21-2017 PM2.5 |   7.54 |   7.32 |  23.15 |   5.85 |I I 
18:20-Tue-Feb-21-2017 PM10  |  19.24 |  18.86 |  42.82 |  14.28 |I I 
18:20-Tue-Feb-21-2017 PM2.5 |   7.93 |   7.40 |  23.15 |   5.85 |I I 
18:21-Tue-Feb-21-2017 PM10  |  20.57 |  19.05 |  42.82 |  14.28 |I I 
18:21-Tue-Feb-21-2017 PM2.5 |   8.30 |   7.50 |  23.15 |   5.85 |I I 
18:25-Tue-Feb-21-2017 PM10  |  17.68 |  18.91 |  42.82 |  14.28 |I I 
18:25-Tue-Feb-21-2017 PM2.5 |   8.18 |   7.57 |  23.15 |   5.85 |I I 
18:26-Tue-Feb-21-2017 PM10  |  17.68 |  18.80 |  42.82 |  14.28 |I I 
18:26-Tue-Feb-21-2017 PM2.5 |   8.18 |   7.62 |  23.15 |   5.85 |I I 
18:27-Tue-Feb-21-2017 PM10  |  17.50 |  18.69 |  42.82 |  14.28 |I I 
18:27-Tue-Feb-21-2017 PM2.5 |   7.95 |   7.65 |  23.15 |   5.85 |I I 
18:31-Tue-Feb-21-2017 PM10  |  18.31 |  18.66 |  42.82 |  14.28 |I I 
18:31-Tue-Feb-21-2017 PM2.5 |   8.75 |   7.73 |  23.15 |   5.85 |I I 
18:32-Tue-Feb-21-2017 PM10  |  22.17 |  18.91 |  42.82 |  14.28 |I I 
18:32-Tue-Feb-21-2017 PM2.5 |   9.04 |   7.83 |  23.15 |   5.85 |I I 
18:36-Tue-Feb-21-2017 PM10  |  20.62 |  19.03 |  42.82 |  14.28 |I I 
18:36-Tue-Feb-21-2017 PM2.5 |   8.77 |   7.89 |  23.15 |   5.85 |I I 
18:37-Tue-Feb-21-2017 PM10  |  19.05 |  19.03 |  42.82 |  14.28 |I I 
18:37-Tue-Feb-21-2017 PM2.5 |   9.07 |   7.96 |  23.15 |   5.85 |I I 
18:41-Tue-Feb-21-2017 PM10  |  20.59 |  19.12 |  42.82 |  14.28 |I I 
18:41-Tue-Feb-21-2017 PM2.5 |   8.93 |   8.02 |  23.15 |   5.85 |I I 
18:42-Tue-Feb-21-2017 PM10  |  21.53 |  19.25 |  42.82 |  14.28 |I I 
18:42-Tue-Feb-21-2017 PM2.5 |   9.44 |   8.10 |  23.15 |   5.85 |I I 
18:46-Tue-Feb-21-2017 PM10  |  25.16 |  19.56 |  42.82 |  14.28 |I I 
18:46-Tue-Feb-21-2017 PM2.5 |  10.00 |   8.20 |  23.15 |   5.85 |I I 
18:47-Tue-Feb-21-2017 PM10  |  25.61 |  19.87 |  42.82 |  14.28 |I I 
18:47-Tue-Feb-21-2017 PM2.5 |   9.47 |   8.26 |  23.15 |   5.85 |I I 
18:51-Tue-Feb-21-2017 PM10  |  22.21 |  19.98 |  42.82 |  14.28 |I I 
18:51-Tue-Feb-21-2017 PM2.5 |  10.01 |   8.35 |  23.15 |   5.85 |I I 
18:52-Tue-Feb-21-2017 PM10  |  22.66 |  20.10 |  42.82 |  14.28 |I I 
18:52-Tue-Feb-21-2017 PM2.5 |   9.16 |   8.38 |  23.15 |   5.85 |I I 
18:53-Tue-Feb-21-2017 PM10  |  22.66 |  20.21 |  42.82 |  14.28 |I I 
18:53-Tue-Feb-21-2017 PM2.5 |   9.16 |   8.42 |  23.15 |   5.85 |I I 
18:57-Tue-Feb-21-2017 PM10  |  21.96 |  20.28 |  42.82 |  14.28 |I I 
18:57-Tue-Feb-21-2017 PM2.5 |   9.73 |   8.47 |  23.15 |   5.85 |I I 
18:58-Tue-Feb-21-2017 PM10  |  17.48 |  20.17 |  42.82 |  14.28 |I I 
18:58-Tue-Feb-21-2017 PM2.5 |   9.34 |   8.51 |  23.15 |   5.85 |I I 
19:02-Tue-Feb-21-2017 PM10  |  26.61 |  20.42 |  42.82 |  14.28 |I I 
19:02-Tue-Feb-21-2017 PM2.5 |  10.08 |   8.57 |  23.15 |   5.85 |I I 
19:03-Tue-Feb-21-2017 PM10  |  25.16 |  25.16 |  42.82 |  14.28 |I I 
19:03-Tue-Feb-21-2017 PM2.5 |  10.57 |  10.57 |  23.15 |   5.85 |I I 
19:07-Tue-Feb-21-2017 PM10  |  30.87 |  28.01 |  42.82 |  14.28 |I I 
19:07-Tue-Feb-21-2017 PM2.5 |  12.81 |  11.69 |  23.15 |   5.85 |I I 
19:08-Tue-Feb-21-2017 PM10  |  27.53 |  27.85 |  42.82 |  14.28 |I I 
19:08-Tue-Feb-21-2017 PM2.5 |  11.57 |  11.65 |  23.15 |   5.85 |I I 
19:12-Tue-Feb-21-2017 PM10  |  25.95 |  27.38 |  42.82 |  14.28 |I I 
19:12-Tue-Feb-21-2017 PM2.5 |  11.47 |  11.61 |  23.15 |   5.85 |I I 
19:14-Tue-Feb-21-2017 PM10  |  27.96 |  27.49 |  42.82 |  14.28 |I I 
19:14-Tue-Feb-21-2017 PM2.5 |  11.92 |  11.67 |  23.15 |   5.85 |I I 
19:18-Tue-Feb-21-2017 PM10  |  28.05 |  27.58 |  42.82 |  14.28 |I I 
19:18-Tue-Feb-21-2017 PM2.5 |  13.40 |  11.96 |  23.15 |   5.85 |I I 
19:19-Tue-Feb-21-2017 PM10  |  32.30 |  28.26 |  42.82 |  14.28 |I I 
19:19-Tue-Feb-21-2017 PM2.5 |  13.64 |  12.20 |  23.15 |   5.85 |I I 
19:23-Tue-Feb-21-2017 PM10  |  32.05 |  28.73 |  42.82 |  14.28 |I I 
19:23-Tue-Feb-21-2017 PM2.5 |  14.48 |  12.48 |  23.15 |   5.85 |I I 
19:24-Tue-Feb-21-2017 PM10  |  29.32 |  28.80 |  42.82 |  14.28 |I I 
19:24-Tue-Feb-21-2017 PM2.5 |  14.13 |  12.67 |  23.15 |   5.85 |I I 
19:25-Tue-Feb-21-2017 PM10  |  29.32 |  28.85 |  42.82 |  14.28 |I I 
19:25-Tue-Feb-21-2017 PM2.5 |  14.13 |  12.81 |  23.15 |   5.85 |I I 
19:29-Tue-Feb-21-2017 PM10  |  34.07 |  29.32 |  42.82 |  14.28 |I I 
19:29-Tue-Feb-21-2017 PM2.5 |  15.54 |  13.06 |  23.15 |   5.85 |I I 
19:30-Tue-Feb-21-2017 PM10  |  28.88 |  29.29 |  42.82 |  14.28 |I I 
19:30-Tue-Feb-21-2017 PM2.5 |  13.59 |  13.10 |  23.15 |   5.85 |I I 
19:34-Tue-Feb-21-2017 PM10  |  33.03 |  29.58 |  42.82 |  14.28 |I I 
19:34-Tue-Feb-21-2017 PM2.5 |  14.89 |  13.24 |  23.15 |   5.85 |I I 
19:35-Tue-Feb-21-2017 PM10  |  28.53 |  29.50 |  42.82 |  14.28 |I I 
19:35-Tue-Feb-21-2017 PM2.5 |  14.05 |  13.30 |  23.15 |   5.85 |I I 
19:39-Tue-Feb-21-2017 PM10  |  27.82 |  29.39 |  42.82 |  14.28 |I I 
19:39-Tue-Feb-21-2017 PM2.5 |  14.34 |  13.37 |  23.15 |   5.85 |I I 
19:40-Tue-Feb-21-2017 PM10  |  30.99 |  29.49 |  42.82 |  14.28 |I B 
19:40-Tue-Feb-21-2017 PM2.5 |  14.37 |  13.43 |  23.15 |   5.85 |I B 
19:44-Tue-Feb-21-2017recover dati per host :92.223.147.77/nodered
19:44-Tue-Feb-21-2017 PM10  |  34.18 |  29.76 |  42.82 |  14.28 |I I 
19:44-Tue-Feb-21-2017 PM2.5 |  15.26 |  13.54 |  23.15 |   5.85 |I I 
19:45-Tue-Feb-21-2017 PM10  |  35.92 |  30.11 |  42.82 |  14.28 |I I 
19:45-Tue-Feb-21-2017 PM2.5 |  15.50 |  13.65 |  23.15 |   5.85 |I I 
19:49-Tue-Feb-21-2017 PM10  |  40.71 |  30.66 |  42.82 |  14.28 |I B 
19:49-Tue-Feb-21-2017 PM2.5 |  17.09 |  13.83 |  23.15 |   5.85 |I B 
19:50-Tue-Feb-21-2017Timeout Event handler
19:50-Tue-Feb-21-2017 PM10  |  42.55 |  31.26 |  42.82 |  14.28 |B B 
19:50-Tue-Feb-21-2017 PM2.5 |  18.92 |  14.08 |  23.15 |   5.85 |B B 
19:55-Tue-Feb-21-2017recover dati per host :salvatorehost.no-ip.org/aria
19:55-Tue-Feb-21-2017 PM10  |  42.81 |  31.81 |  42.82 |  14.28 |I B 
19:55-Tue-Feb-21-2017 PM2.5 |  20.21 |  14.38 |  23.15 |   5.85 |I B 
19:56-Tue-Feb-21-2017recover dati per host :92.223.147.77/nodered
19:56-Tue-Feb-21-2017 PM10  |  40.56 |  32.21 |  42.82 |  14.28 |I I 
19:56-Tue-Feb-21-2017 PM2.5 |  17.06 |  14.50 |  23.15 |   5.85 |I I 
20:00-Tue-Feb-21-2017 PM10  |  40.46 |  32.57 |  42.82 |  14.28 |I B 
20:00-Tue-Feb-21-2017 PM2.5 |  18.50 |  14.67 |  23.15 |   5.85 |I B 
20:01-Tue-Feb-21-2017 PM10  |  36.22 |  36.22 |  42.82 |  14.28 |I B 
20:01-Tue-Feb-21-2017 PM2.5 |  15.99 |  15.99 |  23.15 |   5.85 |I B 
20:05-Tue-Feb-21-2017recover dati per host :92.223.147.77/nodered
20:05-Tue-Feb-21-2017 PM10  |  35.89 |  36.06 |  42.82 |  14.28 |I I 
20:05-Tue-Feb-21-2017 PM2.5 |  16.66 |  16.33 |  23.15 |   5.85 |I I 
20:06-Tue-Feb-21-2017 PM10  |  35.54 |  35.88 |  42.82 |  14.28 |I I 
20:06-Tue-Feb-21-2017 PM2.5 |  16.45 |  16.37 |  23.15 |   5.85 |I I 
20:10-Tue-Feb-21-2017 PM10  |  39.85 |  36.87 |  42.82 |  14.28 |I I 
20:10-Tue-Feb-21-2017 PM2.5 |  18.70 |  16.95 |  23.15 |   5.85 |I I 
20:11-Tue-Feb-21-2017 PM10  |  32.97 |  36.09 |  42.82 |  14.28 |I B 
20:11-Tue-Feb-21-2017 PM2.5 |  14.35 |  16.43 |  23.15 |   5.85 |I B 
20:15-Tue-Feb-21-2017recover dati per host :92.223.147.77/nodered
20:15-Tue-Feb-21-2017 PM10  |  32.11 |  35.43 |  42.82 |  14.28 |I I 
20:15-Tue-Feb-21-2017 PM2.5 |  15.31 |  16.25 |  23.15 |   5.85 |I I 
20:16-Tue-Feb-21-2017 PM10  |  30.54 |  34.73 |  42.82 |  14.28 |I I 
20:16-Tue-Feb-21-2017 PM2.5 |  13.63 |  15.87 |  23.15 |   5.85 |I I 
20:20-Tue-Feb-21-2017 PM10  |  30.74 |  34.23 |  42.82 |  14.28 |I B 
20:20-Tue-Feb-21-2017 PM2.5 |  14.22 |  15.67 |  23.15 |   5.85 |I B 
20:22-Tue-Feb-21-2017recover dati per host :92.223.147.77/nodered
20:22-Tue-Feb-21-2017 PM10  |  35.47 |  34.37 |  42.82 |  14.28 |I I 
20:22-Tue-Feb-21-2017 PM2.5 |  16.05 |  15.71 |  23.15 |   5.85 |I I 
20:26-Tue-Feb-21-2017 PM10  |  35.36 |  34.47 |  42.82 |  14.28 |I B 
20:26-Tue-Feb-21-2017 PM2.5 |  16.38 |  15.78 |  23.15 |   5.85 |I B 
20:27-Tue-Feb-21-2017recover dati per host :92.223.147.77/nodered
20:27-Tue-Feb-21-2017 PM10  |  33.36 |  34.37 |  42.82 |  14.28 |I I 
20:27-Tue-Feb-21-2017 PM2.5 |  14.50 |  15.66 |  23.15 |   5.85 |I I 
20:31-Tue-Feb-21-2017 PM10  |  30.02 |  34.01 |  42.82 |  14.28 |I B 
20:31-Tue-Feb-21-2017 PM2.5 |  14.47 |  15.56 |  23.15 |   5.85 |I B 
20:32-Tue-Feb-21-2017recover dati per host :92.223.147.77/nodered
20:32-Tue-Feb-21-2017 PM10  |  27.70 |  33.52 |  42.82 |  14.28 |I I 
20:32-Tue-Feb-21-2017 PM2.5 |  13.26 |  15.38 |  23.15 |   5.85 |I I 
20:36-Tue-Feb-21-2017 PM10  |  31.25 |  33.36 |  42.82 |  14.28 |I I 
20:36-Tue-Feb-21-2017 PM2.5 |  15.01 |  15.36 |  23.15 |   5.85 |I I 
20:37-Tue-Feb-21-2017 PM10  |  31.56 |  33.24 |  42.82 |  14.28 |I I 
20:37-Tue-Feb-21-2017 PM2.5 |  13.43 |  15.23 |  23.15 |   5.85 |I I 
20:41-Tue-Feb-21-2017 PM10  |  34.80 |  33.34 |  42.82 |  14.28 |B B 
20:41-Tue-Feb-21-2017 PM2.5 |  14.42 |  15.18 |  23.15 |   5.85 |B B 
20:42-Tue-Feb-21-2017 PM10  |  29.79 |  33.13 |  42.82 |  14.28 |B B 
20:42-Tue-Feb-21-2017 PM2.5 |  13.90 |  15.10 |  23.15 |   5.85 |B B 
20:46-Tue-Feb-21-2017recover dati per host :salvatorehost.no-ip.org/aria
20:46-Tue-Feb-21-2017recover dati per host :92.223.147.77/nodered
20:46-Tue-Feb-21-2017 PM10  |  31.24 |  33.02 |  42.82 |  14.28 |I I 
20:46-Tue-Feb-21-2017 PM2.5 |  14.41 |  15.06 |  23.15 |   5.85 |I I 
20:47-Tue-Feb-21-2017 PM10  |  30.90 |  32.91 |  42.82 |  14.28 |B B 
20:47-Tue-Feb-21-2017 PM2.5 |  14.47 |  15.03 |  23.15 |   5.85 |B B 
20:51-Tue-Feb-21-2017recover dati per host :salvatorehost.no-ip.org/aria
20:51-Tue-Feb-21-2017recover dati per host :92.223.147.77/nodered
20:51-Tue-Feb-21-2017 PM10  |  33.09 |  32.92 |  42.82 |  14.28 |I I 
20:51-Tue-Feb-21-2017 PM2.5 |  14.95 |  15.03 |  23.15 |   5.85 |I I 
20:52-Tue-Feb-21-2017 PM10  |  33.09 |  32.93 |  42.82 |  14.28 |I I 
20:52-Tue-Feb-21-2017 PM2.5 |  14.95 |  15.02 |  23.15 |   5.85 |I I 
20:53-Tue-Feb-21-2017 PM10  |  28.18 |  32.71 |  42.82 |  14.28 |I I 
20:53-Tue-Feb-21-2017 PM2.5 |  14.21 |  14.99 |  23.15 |   5.85 |I I 
20:58-Tue-Feb-21-2017 PM10  |  28.08 |  32.51 |  42.82 |  14.28 |I B 
20:58-Tue-Feb-21-2017 PM2.5 |  13.97 |  14.94 |  23.15 |   5.85 |I B 
20:59-Tue-Feb-21-2017recover dati per host :92.223.147.77/nodered
20:59-Tue-Feb-21-2017 PM10  |  26.69 |  32.27 |  42.82 |  14.28 |I I 
20:59-Tue-Feb-21-2017 PM2.5 |  13.29 |  14.87 |  23.15 |   5.85 |I I 
21:03-Tue-Feb-21-2017 PM10  |  23.66 |  31.92 |  42.82 |  14.28 |I I 
21:03-Tue-Feb-21-2017 PM2.5 |  13.03 |  14.80 |  23.15 |   5.85 |I I 
21:04-Tue-Feb-21-2017 PM10  |  29.21 |  29.21 |  42.82 |  14.28 |B I 
21:04-Tue-Feb-21-2017 PM2.5 |  13.85 |  13.85 |  23.15 |   5.85 |B I 
21:08-Tue-Feb-21-2017recover dati per host :salvatorehost.no-ip.org/aria
21:08-Tue-Feb-21-2017 PM10  |  30.20 |  29.71 |  42.82 |  14.28 |I I 
21:08-Tue-Feb-21-2017 PM2.5 |  15.23 |  14.54 |  23.15 |   5.85 |I I 
21:09-Tue-Feb-21-2017 PM10  |  30.26 |  29.89 |  42.82 |  14.28 |I B 
21:09-Tue-Feb-21-2017 PM2.5 |  15.16 |  14.75 |  23.15 |   5.85 |I B 
21:13-Tue-Feb-21-2017recover dati per host :92.223.147.77/nodered
21:13-Tue-Feb-21-2017 PM10  |  31.65 |  30.33 |  42.82 |  14.28 |I I 
21:13-Tue-Feb-21-2017 PM2.5 |  15.19 |  14.86 |  23.15 |   5.85 |I I 
21:14-Tue-Feb-21-2017 PM10  |  27.39 |  29.74 |  42.82 |  14.28 |I I 
21:14-Tue-Feb-21-2017 PM2.5 |  14.21 |  14.73 |  23.15 |   5.85 |I I 
21:18-Tue-Feb-21-2017 PM10  |  27.50 |  29.37 |  42.82 |  14.28 |I I 
21:18-Tue-Feb-21-2017 PM2.5 |  15.29 |  14.82 |  23.15 |   5.85 |I I 
21:19-Tue-Feb-21-2017 PM10  |  26.23 |  28.92 |  42.82 |  14.28 |I I 
21:19-Tue-Feb-21-2017 PM2.5 |  13.36 |  14.61 |  23.15 |   5.85 |I I 
21:23-Tue-Feb-21-2017 PM10  |  31.96 |  29.30 |  42.82 |  14.28 |I I 
21:23-Tue-Feb-21-2017 PM2.5 |  14.03 |  14.54 |  23.15 |   5.85 |I I 
21:24-Tue-Feb-21-2017 PM10  |  29.60 |  29.33 |  42.82 |  14.28 |I I 
21:24-Tue-Feb-21-2017 PM2.5 |  13.61 |  14.44 |  23.15 |   5.85 |I I 
21:28-Tue-Feb-21-2017 PM10  |  32.09 |  29.61 |  42.82 |  14.28 |I I 
21:28-Tue-Feb-21-2017 PM2.5 |  14.73 |  14.47 |  23.15 |   5.85 |I I 
21:29-Tue-Feb-21-2017 PM10  |  33.53 |  29.97 |  42.82 |  14.28 |I I 
21:29-Tue-Feb-21-2017 PM2.5 |  14.42 |  14.46 |  23.15 |   5.85 |I I 
21:33-Tue-Feb-21-2017 PM10  |  35.72 |  30.44 |  42.82 |  14.28 |I I 
21:33-Tue-Feb-21-2017 PM2.5 |  16.32 |  14.62 |  23.15 |   5.85 |I I 
21:34-Tue-Feb-21-2017 PM10  |  31.67 |  30.54 |  42.82 |  14.28 |I I 
21:34-Tue-Feb-21-2017 PM2.5 |  15.05 |  14.65 |  23.15 |   5.85 |I I 
21:38-Tue-Feb-21-2017 PM10  |  37.85 |  31.06 |  42.82 |  14.28 |B I 
21:38-Tue-Feb-21-2017 PM2.5 |  16.59 |  14.79 |  23.15 |   5.85 |B I 
21:39-Tue-Feb-21-2017 PM10  |  34.61 |  31.30 |  42.82 |  14.28 |B I 
21:39-Tue-Feb-21-2017 PM2.5 |  15.80 |  14.86 |  23.15 |   5.85 |B I 
21:41-Tue-Feb-21-2017 PM10  |  34.61 |  31.50 |  42.82 |  14.28 |B I 
21:41-Tue-Feb-21-2017 PM2.5 |  15.80 |  14.92 |  23.15 |   5.85 |B I 
21:44-Tue-Feb-21-2017recover dati per host :salvatorehost.no-ip.org/aria
21:44-Tue-Feb-21-2017 PM10  |  33.85 |  31.64 |  42.82 |  14.28 |I I 
21:44-Tue-Feb-21-2017 PM2.5 |  17.05 |  15.04 |  23.15 |   5.85 |I I 
21:45-Tue-Feb-21-2017 PM10  |  33.85 |  31.77 |  42.82 |  14.28 |I I 
21:45-Tue-Feb-21-2017 PM2.5 |  17.05 |  15.15 |  23.15 |   5.85 |I I 
21:46-Tue-Feb-21-2017 PM10  |  33.98 |  31.88 |  42.82 |  14.28 |I I 
21:46-Tue-Feb-21-2017 PM2.5 |  17.14 |  15.26 |  23.15 |   5.85 |I I 
21:50-Tue-Feb-21-2017 PM10  |  37.38 |  32.16 |  42.82 |  14.28 |I I 
21:50-Tue-Feb-21-2017 PM2.5 |  18.29 |  15.41 |  23.15 |   5.85 |I I 
21:51-Tue-Feb-21-2017 PM10  |  32.37 |  32.17 |  42.82 |  14.28 |I I 
21:51-Tue-Feb-21-2017 PM2.5 |  16.27 |  15.45 |  23.15 |   5.85 |I I 
21:55-Tue-Feb-21-2017 PM10  |  33.88 |  32.25 |  42.82 |  14.28 |I I 
21:55-Tue-Feb-21-2017 PM2.5 |  17.11 |  15.53 |  23.15 |   5.85 |I I 
21:56-Tue-Feb-21-2017 PM10  |  35.20 |  32.37 |  42.82 |  14.28 |I B 
21:56-Tue-Feb-21-2017 PM2.5 |  16.11 |  15.55 |  23.15 |   5.85 |I B 
22:00-Tue-Feb-21-2017recover dati per host :92.223.147.77/nodered
22:00-Tue-Feb-21-2017 PM10  |  34.48 |  32.46 |  42.82 |  14.28 |I I 
22:00-Tue-Feb-21-2017 PM2.5 |  16.50 |  15.59 |  23.15 |   5.85 |I I 
22:01-Tue-Feb-21-2017 PM10  |  29.64 |  29.64 |  42.82 |  14.28 |I I 
22:01-Tue-Feb-21-2017 PM2.5 |  14.65 |  14.65 |  23.15 |   5.85 |I I 
22:05-Tue-Feb-21-2017 PM10  |  31.78 |  30.71 |  42.82 |  14.28 |I I 
22:05-Tue-Feb-21-2017 PM2.5 |  15.66 |  15.15 |  23.15 |   5.85 |I I 
22:06-Tue-Feb-21-2017 PM10  |  33.22 |  31.54 |  42.82 |  14.28 |B I 
22:06-Tue-Feb-21-2017 PM2.5 |  15.25 |  15.19 |  23.15 |   5.85 |B I 
22:10-Tue-Feb-21-2017recover dati per host :salvatorehost.no-ip.org/aria
22:10-Tue-Feb-21-2017 PM10  |  29.85 |  31.12 |  42.82 |  14.28 |I I 
22:10-Tue-Feb-21-2017 PM2.5 |  15.67 |  15.31 |  23.15 |   5.85 |I I 
22:11-Tue-Feb-21-2017 PM10  |  30.24 |  30.95 |  42.82 |  14.28 |I I 
22:11-Tue-Feb-21-2017 PM2.5 |  14.63 |  15.17 |  23.15 |   5.85 |I I 
22:15-Tue-Feb-21-2017 PM10  |  30.23 |  30.83 |  42.82 |  14.28 |B B 
22:15-Tue-Feb-21-2017 PM2.5 |  14.73 |  15.10 |  23.15 |   5.85 |B B 
22:16-Tue-Feb-21-2017recover dati per host :salvatorehost.no-ip.org/aria
22:16-Tue-Feb-21-2017recover dati per host :92.223.147.77/nodered
22:16-Tue-Feb-21-2017 PM10  |  30.93 |  30.84 |  42.82 |  14.28 |I I 
22:16-Tue-Feb-21-2017 PM2.5 |  14.44 |  15.01 |  23.15 |   5.85 |I I 
22:20-Tue-Feb-21-2017 PM10  |  32.22 |  31.01 |  42.82 |  14.28 |I I 
22:20-Tue-Feb-21-2017 PM2.5 |  16.57 |  15.20 |  23.15 |   5.85 |I I 
22:21-Tue-Feb-21-2017 PM10  |  32.22 |  31.15 |  42.82 |  14.28 |I I 
22:21-Tue-Feb-21-2017 PM2.5 |  16.57 |  15.35 |  23.15 |   5.85 |I I 
22:22-Tue-Feb-21-2017 PM10  |  30.46 |  31.08 |  42.82 |  14.28 |I I 
22:22-Tue-Feb-21-2017 PM2.5 |  15.02 |  15.32 |  23.15 |   5.85 |I I 
22:26-Tue-Feb-21-2017 PM10  |  31.50 |  31.12 |  42.82 |  14.28 |I I 
22:26-Tue-Feb-21-2017 PM2.5 |  16.11 |  15.39 |  23.15 |   5.85 |I I 
22:27-Tue-Feb-21-2017 PM10  |  31.99 |  31.19 |  42.82 |  14.28 |B I 
22:27-Tue-Feb-21-2017 PM2.5 |  14.24 |  15.29 |  23.15 |   5.85 |B I 
22:31-Tue-Feb-21-2017recover dati per host :salvatorehost.no-ip.org/aria
22:31-Tue-Feb-21-2017 PM10  |  31.64 |  31.23 |  42.82 |  14.28 |I I 
22:31-Tue-Feb-21-2017 PM2.5 |  14.88 |  15.26 |  23.15 |   5.85 |I I 
22:32-Tue-Feb-21-2017 PM10  |  33.70 |  31.40 |  42.82 |  14.28 |I I 
22:32-Tue-Feb-21-2017 PM2.5 |  13.97 |  15.17 |  23.15 |   5.85 |I I 
22:36-Tue-Feb-21-2017 PM10  |  30.30 |  31.33 |  42.82 |  14.28 |I B 
22:36-Tue-Feb-21-2017 PM2.5 |  14.87 |  15.15 |  23.15 |   5.85 |I B 
22:37-Tue-Feb-21-2017recover dati per host :92.223.147.77/nodered
22:37-Tue-Feb-21-2017 PM10  |  26.92 |  31.05 |  42.82 |  14.28 |B I 
22:37-Tue-Feb-21-2017 PM2.5 |  13.23 |  15.03 |  23.15 |   5.85 |B I 
22:41-Tue-Feb-21-2017 PM10  |  29.40 |  30.96 |  42.82 |  14.28 |B B 
22:41-Tue-Feb-21-2017 PM2.5 |  14.20 |  14.98 |  23.15 |   5.85 |B B 
22:42-Tue-Feb-21-2017recover dati per host :salvatorehost.no-ip.org/aria
22:43-Tue-Feb-21-2017recover dati per host :92.223.147.77/nodered
22:43-Tue-Feb-21-2017 PM10  |  31.23 |  30.97 |  42.82 |  14.28 |I I 
22:43-Tue-Feb-21-2017 PM2.5 |  14.33 |  14.95 |  23.15 |   5.85 |I I 
22:47-Tue-Feb-21-2017 PM10  |  30.98 |  30.97 |  42.82 |  14.28 |I B 
22:47-Tue-Feb-21-2017 PM2.5 |  14.97 |  14.95 |  23.15 |   5.85 |I B 
22:48-Tue-Feb-21-2017recover dati per host :92.223.147.77/nodered
22:48-Tue-Feb-21-2017 PM10  |  31.19 |  30.98 |  42.82 |  14.28 |B I 
22:48-Tue-Feb-21-2017 PM2.5 |  14.50 |  14.92 |  23.15 |   5.85 |B I 
22:52-Tue-Feb-21-2017recover dati per host :salvatorehost.no-ip.org/aria
22:52-Tue-Feb-21-2017 PM10  |  32.08 |  31.03 |  42.82 |  14.28 |I I 
22:52-Tue-Feb-21-2017 PM2.5 |  15.61 |  14.96 |  23.15 |   5.85 |I I 
22:53-Tue-Feb-21-2017 PM10  |  35.13 |  31.22 |  42.82 |  14.28 |I I 
22:53-Tue-Feb-21-2017 PM2.5 |  14.22 |  14.92 |  23.15 |   5.85 |I I 
22:57-Tue-Feb-21-2017 PM10  |  30.17 |  31.18 |  42.82 |  14.28 |I I 
22:57-Tue-Feb-21-2017 PM2.5 |  15.43 |  14.95 |  23.15 |   5.85 |I I 
22:58-Tue-Feb-21-2017 PM10  |  31.46 |  31.19 |  42.82 |  14.28 |I B 
22:58-Tue-Feb-21-2017 PM2.5 |  14.56 |  14.93 |  23.15 |   5.85 |I B 
23:02-Tue-Feb-21-2017 PM10  |  34.79 |  31.33 |  42.82 |  14.28 |B B 
23:02-Tue-Feb-21-2017 PM2.5 |  15.34 |  14.95 |  23.15 |   5.85 |B B 
23:03-Tue-Feb-21-2017recover dati per host :salvatorehost.no-ip.org/aria
23:03-Tue-Feb-21-2017recover dati per host :92.223.147.77/nodered
23:03-Tue-Feb-21-2017 PM10  |  33.16 |  33.16 |  42.82 |  14.28 |I I 
23:03-Tue-Feb-21-2017 PM2.5 |  13.97 |  13.97 |  23.15 |   5.85 |I I 
23:07-Tue-Feb-21-2017 PM10  |  29.81 |  31.49 |  42.82 |  14.28 |I I 
23:07-Tue-Feb-21-2017 PM2.5 |  14.67 |  14.32 |  23.15 |   5.85 |I I 
23:09-Tue-Feb-21-2017 PM10  |  33.47 |  32.15 |  42.82 |  14.28 |I B 
23:09-Tue-Feb-21-2017 PM2.5 |  14.89 |  14.51 |  23.15 |   5.85 |I B 
23:13-Tue-Feb-21-2017recover dati per host :92.223.147.77/nodered
23:13-Tue-Feb-21-2017 PM10  |  31.35 |  31.95 |  42.82 |  14.28 |I I 
23:13-Tue-Feb-21-2017 PM2.5 |  15.45 |  14.74 |  23.15 |   5.85 |I I 
23:14-Tue-Feb-21-2017 PM10  |  27.27 |  31.01 |  42.82 |  14.28 |I I 
23:14-Tue-Feb-21-2017 PM2.5 |  13.99 |  14.59 |  23.15 |   5.85 |I I 
23:18-Tue-Feb-21-2017 PM10  |  31.39 |  31.07 |  42.82 |  14.28 |I I 
23:18-Tue-Feb-21-2017 PM2.5 |  15.11 |  14.68 |  23.15 |   5.85 |I I 
23:19-Tue-Feb-21-2017 PM10  |  34.59 |  31.58 |  42.82 |  14.28 |I I 
23:19-Tue-Feb-21-2017 PM2.5 |  15.45 |  14.79 |  23.15 |   5.85 |I I 
23:23-Tue-Feb-21-2017 PM10  |  28.54 |  31.20 |  42.82 |  14.28 |I I 
23:23-Tue-Feb-21-2017 PM2.5 |  16.12 |  14.96 |  23.15 |   5.85 |I I 
23:24-Tue-Feb-21-2017 PM10  |  32.33 |  31.32 |  42.82 |  14.28 |I I 
23:24-Tue-Feb-21-2017 PM2.5 |  15.01 |  14.96 |  23.15 |   5.85 |I I 
23:28-Tue-Feb-21-2017 PM10  |  32.50 |  31.44 |  42.82 |  14.28 |I I 
23:28-Tue-Feb-21-2017 PM2.5 |  16.45 |  15.11 |  23.15 |   5.85 |I I 
23:29-Tue-Feb-21-2017 PM10  |  32.87 |  31.57 |  42.82 |  14.28 |I I 
23:29-Tue-Feb-21-2017 PM2.5 |  14.99 |  15.10 |  23.15 |   5.85 |I I 
23:33-Tue-Feb-21-2017 PM10  |  31.64 |  31.58 |  42.82 |  14.28 |I I 
23:33-Tue-Feb-21-2017 PM2.5 |  16.15 |  15.19 |  23.15 |   5.85 |I I 
23:34-Tue-Feb-21-2017 PM10  |  31.64 |  31.58 |  42.82 |  14.28 |I I 
23:34-Tue-Feb-21-2017 PM2.5 |  16.15 |  15.26 |  23.15 |   5.85 |I I 
23:35-Tue-Feb-21-2017 PM10  |  33.22 |  31.70 |  42.82 |  14.28 |I I 
23:35-Tue-Feb-21-2017 PM2.5 |  15.24 |  15.26 |  23.15 |   5.85 |I I 
23:39-Tue-Feb-21-2017 PM10  |  34.64 |  31.89 |  42.82 |  14.28 |I I 
23:39-Tue-Feb-21-2017 PM2.5 |  16.46 |  15.34 |  23.15 |   5.85 |I I 
23:40-Tue-Feb-21-2017 PM10  |  35.99 |  32.15 |  42.82 |  14.28 |I I 
23:40-Tue-Feb-21-2017 PM2.5 |  15.04 |  15.32 |  23.15 |   5.85 |I I 
23:44-Tue-Feb-21-2017 PM10  |  31.12 |  32.09 |  42.82 |  14.28 |I I 
23:44-Tue-Feb-21-2017 PM2.5 |  15.61 |  15.34 |  23.15 |   5.85 |I I 
23:45-Tue-Feb-21-2017 PM10  |  33.16 |  32.15 |  42.82 |  14.28 |I I 
23:45-Tue-Feb-21-2017 PM2.5 |  15.91 |  15.37 |  23.15 |   5.85 |I I 
23:49-Tue-Feb-21-2017 PM10  |  33.08 |  32.20 |  42.82 |  14.28 |I I 
23:49-Tue-Feb-21-2017 PM2.5 |  17.07 |  15.46 |  23.15 |   5.85 |I I 
23:50-Tue-Feb-21-2017 PM10  |  33.96 |  32.29 |  42.82 |  14.28 |I B 
23:50-Tue-Feb-21-2017 PM2.5 |  16.98 |  15.54 |  23.15 |   5.85 |I B 
23:55-Tue-Feb-21-2017 PM10  |  33.13 |  32.33 |  42.82 |  14.28 |I B 
23:55-Tue-Feb-21-2017 PM2.5 |  17.75 |  15.64 |  23.15 |   5.85 |I B 
23:56-Tue-Feb-21-2017recover dati per host :92.223.147.77/nodered
23:56-Tue-Feb-21-2017 PM10  |  33.74 |  32.39 |  42.82 |  14.28 |I I 
23:56-Tue-Feb-21-2017 PM2.5 |  16.29 |  15.67 |  23.15 |   5.85 |I I 
00:00-Wed-Feb-22-2017 PM10  |  36.32 |  32.56 |  42.82 |  14.28 |I I 
