00:01-Tue-Feb-07-2017 PM2.5 |   1.82 |   1.81 |   2.17 |   1.81 |
00:02-Tue-Feb-07-2017 PM10  |   3.23 |   3.23 |   0.00 |  2000.00|
00:02-Tue-Feb-07-2017 PM2.5 |   1.92 |   1.92 |   0.00 |  2000.00|
00:06-Tue-Feb-07-2017 PM10  |   2.26 |   2.75 |   0.00 |  2000.00|
00:06-Tue-Feb-07-2017 PM2.5 |   1.95 |   1.93 |   0.00 |  2000.00|
00:07-Tue-Feb-07-2017 PM10  |   3.51 |   3.00 |   0.00 |  2000.00|
00:07-Tue-Feb-07-2017 PM2.5 |   2.06 |   1.97 |   0.00 |  2000.00|
00:11-Tue-Feb-07-2017 PM10  |   3.31 |   3.08 |   0.00 |  2000.00|
00:11-Tue-Feb-07-2017 PM2.5 |   1.95 |   1.97 |   0.00 |  2000.00|
00:12-Tue-Feb-07-2017 PM10  |   3.31 |   3.12 |   0.00 |  2000.00|
00:12-Tue-Feb-07-2017 PM2.5 |   1.95 |   1.96 |   0.00 |  2000.00|
00:13-Tue-Feb-07-2017 PM10  |   4.28 |   3.32 |   0.00 |  2000.00|
00:13-Tue-Feb-07-2017 PM2.5 |   2.08 |   1.98 |   0.00 |  2000.00|
00:17-Tue-Feb-07-2017 PM10  |   2.74 |   3.23 |   0.00 |  2000.00|
00:17-Tue-Feb-07-2017 PM2.5 |   2.01 |   1.99 |   0.00 |  2000.00|
00:18-Tue-Feb-07-2017 PM10  |   4.11 |   3.34 |   0.00 |  2000.00|
00:18-Tue-Feb-07-2017 PM2.5 |   2.06 |   2.00 |   0.00 |  2000.00|
00:22-Tue-Feb-07-2017 PM10  |   5.30 |   3.56 |   0.00 |  2000.00|
00:22-Tue-Feb-07-2017 PM2.5 |   2.13 |   2.01 |   0.00 |  2000.00|
00:23-Tue-Feb-07-2017 PM10  |   2.86 |   3.49 |   0.00 |  2000.00|
00:23-Tue-Feb-07-2017 PM2.5 |   1.83 |   1.99 |   0.00 |  2000.00|
00:27-Tue-Feb-07-2017 PM10  |   4.07 |   3.54 |   0.00 |  2000.00|
00:27-Tue-Feb-07-2017 PM2.5 |   2.03 |   2.00 |   0.00 |  2000.00|
00:28-Tue-Feb-07-2017 PM10  |   4.25 |   3.60 |   0.00 |  2000.00|
00:28-Tue-Feb-07-2017 PM2.5 |   1.74 |   1.98 |   0.00 |  2000.00|
00:32-Tue-Feb-07-2017 PM10  |   3.27 |   3.58 |   0.00 |  2000.00|
00:32-Tue-Feb-07-2017 PM2.5 |   1.74 |   1.96 |   0.00 |  2000.00|
00:33-Tue-Feb-07-2017 PM10  |   3.04 |   3.54 |   0.00 |  2000.00|
00:33-Tue-Feb-07-2017 PM2.5 |   1.74 |   1.94 |   0.00 |  2000.00|
00:34-Tue-Feb-07-2017Start
00:39-Tue-Feb-07-2017 PM10  |   3.14 |   3.14 |   0.00 |  2000.00|
00:39-Tue-Feb-07-2017 PM2.5 |   1.92 |   1.92 |   0.00 |  2000.00|
00:43-Tue-Feb-07-2017 PM10  |   2.12 |   2.63 |   0.00 |  2000.00|
00:43-Tue-Feb-07-2017 PM2.5 |   1.71 |   1.81 |   0.00 |  2000.00|
00:44-Tue-Feb-07-2017 PM10  |   2.48 |   2.58 |   0.00 |  2000.00|
00:44-Tue-Feb-07-2017 PM2.5 |   1.72 |   1.78 |   0.00 |  2000.00|
00:48-Tue-Feb-07-2017 PM10  |   2.35 |   2.52 |   0.00 |  2000.00|
00:48-Tue-Feb-07-2017 PM2.5 |   1.69 |   1.76 |   0.00 |  2000.00|
00:49-Tue-Feb-07-2017 PM10  |   2.20 |   2.46 |   0.00 |  2000.00|
00:49-Tue-Feb-07-2017 PM2.5 |   1.73 |   1.75 |   0.00 |  2000.00|
00:53-Tue-Feb-07-2017 PM10  |   3.07 |   2.56 |   0.00 |  2000.00|
00:53-Tue-Feb-07-2017 PM2.5 |   1.92 |   1.78 |   0.00 |  2000.00|
00:54-Tue-Feb-07-2017 PM10  |   2.46 |   2.55 |   0.00 |  2000.00|
00:54-Tue-Feb-07-2017 PM2.5 |   1.70 |   1.77 |   0.00 |  2000.00|
00:58-Tue-Feb-07-2017 PM10  |   3.62 |   2.68 |   0.00 |  2000.00|
00:58-Tue-Feb-07-2017 PM2.5 |   1.90 |   1.78 |   0.00 |  2000.00|
00:59-Tue-Feb-07-2017 PM10  |   2.89 |   2.70 |   0.00 |  2000.00|
00:59-Tue-Feb-07-2017 PM2.5 |   1.88 |   1.80 |   0.00 |  2000.00|
01:00-Tue-Feb-07-2017 PM10  |   2.89 |   2.72 |   2.72 |   2.72 |
01:00-Tue-Feb-07-2017 PM2.5 |   1.88 |   1.80 |   1.80 |   1.80 |
01:04-Tue-Feb-07-2017 PM10  |   3.10 |   3.10 |   2.72 |   2.72 |
01:04-Tue-Feb-07-2017 PM2.5 |   1.97 |   1.97 |   1.80 |   1.80 |
01:05-Tue-Feb-07-2017 PM10  |   3.50 |   3.30 |   2.72 |   2.72 |
01:05-Tue-Feb-07-2017 PM2.5 |   1.85 |   1.91 |   1.80 |   1.80 |
01:09-Tue-Feb-07-2017 PM10  |   2.99 |   3.20 |   2.72 |   2.72 |
01:09-Tue-Feb-07-2017 PM2.5 |   1.84 |   1.89 |   1.80 |   1.80 |
01:10-Tue-Feb-07-2017 PM10  |   2.78 |   3.09 |   2.72 |   2.72 |
01:10-Tue-Feb-07-2017 PM2.5 |   1.67 |   1.83 |   1.80 |   1.80 |
01:14-Tue-Feb-07-2017 PM10  |   3.16 |   3.10 |   2.72 |   2.72 |
01:14-Tue-Feb-07-2017 PM2.5 |   1.77 |   1.82 |   1.80 |   1.80 |
01:15-Tue-Feb-07-2017 PM10  |   3.40 |   3.15 |   2.72 |   2.72 |
01:15-Tue-Feb-07-2017 PM2.5 |   2.16 |   1.88 |   1.80 |   1.80 |
01:19-Tue-Feb-07-2017 PM10  |   3.04 |   3.14 |   2.72 |   2.72 |
01:19-Tue-Feb-07-2017 PM2.5 |   1.82 |   1.87 |   1.80 |   1.80 |
01:20-Tue-Feb-07-2017 PM10  |   2.92 |   3.11 |   2.72 |   2.72 |
01:20-Tue-Feb-07-2017 PM2.5 |   2.15 |   1.90 |   1.80 |   1.80 |
01:24-Tue-Feb-07-2017 PM10  |   1.97 |   2.98 |   2.72 |   2.72 |
01:24-Tue-Feb-07-2017 PM2.5 |   1.74 |   1.89 |   1.80 |   1.80 |
01:25-Tue-Feb-07-2017 PM10  |   2.08 |   2.89 |   2.72 |   2.72 |
01:25-Tue-Feb-07-2017 PM2.5 |   1.87 |   1.88 |   1.80 |   1.80 |
01:26-Tue-Feb-07-2017 PM10  |   2.08 |   2.82 |   2.72 |   2.72 |
01:26-Tue-Feb-07-2017 PM2.5 |   1.87 |   1.88 |   1.80 |   1.80 |
01:30-Tue-Feb-07-2017 PM10  |   2.05 |   2.76 |   2.72 |   2.72 |
01:30-Tue-Feb-07-2017 PM2.5 |   1.84 |   1.88 |   1.80 |   1.80 |
01:31-Tue-Feb-07-2017 PM10  |   3.02 |   2.78 |   2.72 |   2.72 |
01:31-Tue-Feb-07-2017 PM2.5 |   1.86 |   1.88 |   1.80 |   1.80 |
01:35-Tue-Feb-07-2017 PM10  |   2.61 |   2.76 |   2.72 |   2.72 |
01:35-Tue-Feb-07-2017 PM2.5 |   1.81 |   1.87 |   1.80 |   1.80 |
01:36-Tue-Feb-07-2017 PM10  |   3.44 |   2.81 |   2.72 |   2.72 |
01:36-Tue-Feb-07-2017 PM2.5 |   1.68 |   1.86 |   1.80 |   1.80 |
01:40-Tue-Feb-07-2017 PM10  |   2.49 |   2.79 |   2.72 |   2.72 |
01:40-Tue-Feb-07-2017 PM2.5 |   1.73 |   1.85 |   1.80 |   1.80 |
01:41-Tue-Feb-07-2017 PM10  |   3.30 |   2.82 |   2.72 |   2.72 |
01:41-Tue-Feb-07-2017 PM2.5 |   1.91 |   1.86 |   1.80 |   1.80 |
01:45-Tue-Feb-07-2017 PM10  |   3.23 |   2.84 |   2.72 |   2.72 |
01:45-Tue-Feb-07-2017 PM2.5 |   1.86 |   1.86 |   1.80 |   1.80 |
01:46-Tue-Feb-07-2017 PM10  |   2.49 |   2.82 |   2.72 |   2.72 |
01:46-Tue-Feb-07-2017 PM2.5 |   1.88 |   1.86 |   1.80 |   1.80 |
01:50-Tue-Feb-07-2017 PM10  |   3.28 |   2.85 |   2.72 |   2.72 |
01:50-Tue-Feb-07-2017 PM2.5 |   1.94 |   1.86 |   1.80 |   1.80 |
01:51-Tue-Feb-07-2017 PM10  |   2.32 |   2.82 |   2.72 |   2.72 |
01:51-Tue-Feb-07-2017 PM2.5 |   1.75 |   1.86 |   1.80 |   1.80 |
01:52-Tue-Feb-07-2017 PM10  |   2.32 |   2.80 |   2.72 |   2.72 |
01:52-Tue-Feb-07-2017 PM2.5 |   1.75 |   1.85 |   1.80 |   1.80 |
01:56-Tue-Feb-07-2017 PM10  |   3.06 |   2.81 |   2.72 |   2.72 |
01:56-Tue-Feb-07-2017 PM2.5 |   1.71 |   1.84 |   1.80 |   1.80 |
01:57-Tue-Feb-07-2017 PM10  |   2.13 |   2.78 |   2.72 |   2.72 |
01:57-Tue-Feb-07-2017 PM2.5 |   1.75 |   1.84 |   1.80 |   1.80 |
02:01-Tue-Feb-07-2017 PM10  |   3.91 |   2.83 |   2.83 |   2.72 |
02:01-Tue-Feb-07-2017 PM2.5 |   1.91 |   1.84 |   1.84 |   1.80 |
02:02-Tue-Feb-07-2017 PM10  |   3.74 |   3.74 |   2.83 |   2.72 |
02:02-Tue-Feb-07-2017 PM2.5 |   1.95 |   1.95 |   1.84 |   1.80 |
02:06-Tue-Feb-07-2017 PM10  |   3.27 |   3.50 |   2.83 |   2.72 |
02:06-Tue-Feb-07-2017 PM2.5 |   1.59 |   1.77 |   1.84 |   1.80 |
02:07-Tue-Feb-07-2017 PM10  |   2.51 |   3.17 |   2.83 |   2.72 |
02:07-Tue-Feb-07-2017 PM2.5 |   1.70 |   1.75 |   1.84 |   1.80 |
02:11-Tue-Feb-07-2017 PM10  |   2.59 |   3.03 |   2.83 |   2.72 |
02:11-Tue-Feb-07-2017 PM2.5 |   1.74 |   1.75 |   1.84 |   1.80 |
02:12-Tue-Feb-07-2017 PM10  |   2.69 |   2.96 |   2.83 |   2.72 |
02:12-Tue-Feb-07-2017 PM2.5 |   1.66 |   1.73 |   1.84 |   1.80 |
02:16-Tue-Feb-07-2017 PM10  |   1.94 |   2.79 |   2.83 |   2.72 |
02:16-Tue-Feb-07-2017 PM2.5 |   1.62 |   1.71 |   1.84 |   1.80 |
02:18-Tue-Feb-07-2017 PM10  |   1.77 |   2.64 |   2.83 |   2.72 |
02:18-Tue-Feb-07-2017 PM2.5 |   1.61 |   1.70 |   1.84 |   1.80 |
02:19-Tue-Feb-07-2017 PM10  |   1.77 |   2.53 |   2.83 |   2.72 |
02:19-Tue-Feb-07-2017 PM2.5 |   1.61 |   1.69 |   1.84 |   1.80 |
02:23-Tue-Feb-07-2017 PM10  |   2.64 |   2.55 |   2.83 |   2.72 |
02:23-Tue-Feb-07-2017 PM2.5 |   1.67 |   1.69 |   1.84 |   1.80 |
02:24-Tue-Feb-07-2017 PM10  |   2.40 |   2.53 |   2.83 |   2.72 |
02:24-Tue-Feb-07-2017 PM2.5 |   1.70 |   1.69 |   1.84 |   1.80 |
02:28-Tue-Feb-07-2017 PM10  |   2.13 |   2.50 |   2.83 |   2.72 |
02:28-Tue-Feb-07-2017 PM2.5 |   1.70 |   1.69 |   1.84 |   1.80 |
02:29-Tue-Feb-07-2017 PM10  |   2.57 |   2.50 |   2.83 |   2.72 |
02:29-Tue-Feb-07-2017 PM2.5 |   1.53 |   1.68 |   1.84 |   1.80 |
02:33-Tue-Feb-07-2017 PM10  |   1.85 |   2.45 |   2.83 |   2.72 |
02:33-Tue-Feb-07-2017 PM2.5 |   1.62 |   1.67 |   1.84 |   1.80 |
02:34-Tue-Feb-07-2017 PM10  |   3.31 |   2.51 |   2.83 |   2.72 |
02:34-Tue-Feb-07-2017 PM2.5 |   1.75 |   1.68 |   1.84 |   1.80 |
02:38-Tue-Feb-07-2017 PM10  |   2.10 |   2.48 |   2.83 |   2.72 |
02:38-Tue-Feb-07-2017 PM2.5 |   1.75 |   1.68 |   1.84 |   1.80 |
02:39-Tue-Feb-07-2017 PM10  |   3.03 |   2.52 |   2.83 |   2.72 |
02:39-Tue-Feb-07-2017 PM2.5 |   1.71 |   1.68 |   1.84 |   1.80 |
02:43-Tue-Feb-07-2017 PM10  |   1.84 |   2.48 |   2.83 |   2.72 |
02:43-Tue-Feb-07-2017 PM2.5 |   1.70 |   1.68 |   1.84 |   1.80 |
02:44-Tue-Feb-07-2017 PM10  |   1.84 |   2.44 |   2.83 |   2.72 |
02:44-Tue-Feb-07-2017 PM2.5 |   1.70 |   1.68 |   1.84 |   1.80 |
02:45-Tue-Feb-07-2017 PM10  |   5.36 |   2.60 |   2.83 |   2.72 |
02:45-Tue-Feb-07-2017 PM2.5 |   1.72 |   1.69 |   1.84 |   1.80 |
02:49-Tue-Feb-07-2017 PM10  |   2.82 |   2.61 |   2.83 |   2.72 |
02:49-Tue-Feb-07-2017 PM2.5 |   1.68 |   1.69 |   1.84 |   1.80 |
02:50-Tue-Feb-07-2017 PM10  |   3.70 |   2.66 |   2.83 |   2.72 |
02:50-Tue-Feb-07-2017 PM2.5 |   1.71 |   1.69 |   1.84 |   1.80 |
02:54-Tue-Feb-07-2017 PM10  |   3.33 |   2.69 |   2.83 |   2.72 |
02:54-Tue-Feb-07-2017 PM2.5 |   1.68 |   1.69 |   1.84 |   1.80 |
02:55-Tue-Feb-07-2017 PM10  |   2.63 |   2.69 |   2.83 |   2.72 |
02:55-Tue-Feb-07-2017 PM2.5 |   1.56 |   1.68 |   1.84 |   1.80 |
02:59-Tue-Feb-07-2017 PM10  |   2.27 |   2.67 |   2.83 |   2.72 |
02:59-Tue-Feb-07-2017 PM2.5 |   1.63 |   1.68 |   1.84 |   1.80 |
03:00-Tue-Feb-07-2017 PM10  |   4.78 |   2.75 |   2.83 |   2.72 |
03:00-Tue-Feb-07-2017 PM2.5 |   1.92 |   1.69 |   1.84 |   1.69 |
03:04-Tue-Feb-07-2017 PM10  |   3.97 |   3.97 |   2.83 |   2.72 |
03:04-Tue-Feb-07-2017 PM2.5 |   1.89 |   1.89 |   1.84 |   1.69 |
03:05-Tue-Feb-07-2017 PM10  |   4.22 |   4.10 |   2.83 |   2.72 |
03:05-Tue-Feb-07-2017 PM2.5 |   1.73 |   1.81 |   1.84 |   1.69 |
03:09-Tue-Feb-07-2017 PM10  |   3.72 |   3.97 |   2.83 |   2.72 |
03:09-Tue-Feb-07-2017 PM2.5 |   1.73 |   1.78 |   1.84 |   1.69 |
03:10-Tue-Feb-07-2017 PM10  |   3.72 |   3.91 |   2.83 |   2.72 |
03:10-Tue-Feb-07-2017 PM2.5 |   1.73 |   1.77 |   1.84 |   1.69 |
03:11-Tue-Feb-07-2017 PM10  |   3.53 |   3.83 |   2.83 |   2.72 |
03:11-Tue-Feb-07-2017 PM2.5 |   1.80 |   1.78 |   1.84 |   1.69 |
03:15-Tue-Feb-07-2017 PM10  |   3.01 |   3.70 |   2.83 |   2.72 |
03:15-Tue-Feb-07-2017 PM2.5 |   1.78 |   1.78 |   1.84 |   1.69 |
03:16-Tue-Feb-07-2017 PM10  |   3.10 |   3.61 |   2.83 |   2.72 |
03:16-Tue-Feb-07-2017 PM2.5 |   1.54 |   1.74 |   1.84 |   1.69 |
03:20-Tue-Feb-07-2017 PM10  |   2.63 |   3.49 |   2.83 |   2.72 |
03:20-Tue-Feb-07-2017 PM2.5 |   1.59 |   1.72 |   1.84 |   1.69 |
03:21-Tue-Feb-07-2017 PM10  |   3.81 |   3.52 |   2.83 |   2.72 |
03:21-Tue-Feb-07-2017 PM2.5 |   1.85 |   1.74 |   1.84 |   1.69 |
03:25-Tue-Feb-07-2017 PM10  |   3.41 |   3.51 |   2.83 |   2.72 |
03:25-Tue-Feb-07-2017 PM2.5 |   1.78 |   1.74 |   1.84 |   1.69 |
03:26-Tue-Feb-07-2017 PM10  |   3.55 |   3.52 |   2.83 |   2.72 |
03:26-Tue-Feb-07-2017 PM2.5 |   1.60 |   1.73 |   1.84 |   1.69 |
03:30-Tue-Feb-07-2017 PM10  |   3.28 |   3.50 |   2.83 |   2.72 |
03:30-Tue-Feb-07-2017 PM2.5 |   1.63 |   1.72 |   1.84 |   1.69 |
03:31-Tue-Feb-07-2017 PM10  |   1.75 |   3.36 |   2.83 |   2.72 |
03:31-Tue-Feb-07-2017 PM2.5 |   1.60 |   1.71 |   1.84 |   1.69 |
03:35-Tue-Feb-07-2017 PM10  |   3.08 |   3.34 |   2.83 |   2.72 |
03:35-Tue-Feb-07-2017 PM2.5 |   1.73 |   1.71 |   1.84 |   1.69 |
03:36-Tue-Feb-07-2017 PM10  |   3.08 |   3.32 |   2.83 |   2.72 |
03:36-Tue-Feb-07-2017 PM2.5 |   1.73 |   1.71 |   1.84 |   1.69 |
03:37-Tue-Feb-07-2017 PM10  |   2.56 |   3.28 |   2.83 |   2.72 |
03:37-Tue-Feb-07-2017 PM2.5 |   1.59 |   1.71 |   1.84 |   1.69 |
03:41-Tue-Feb-07-2017 PM10  |   2.53 |   3.23 |   2.83 |   2.72 |
03:41-Tue-Feb-07-2017 PM2.5 |   1.79 |   1.71 |   1.84 |   1.69 |
03:42-Tue-Feb-07-2017 PM10  |   4.70 |   3.31 |   2.83 |   2.72 |
03:42-Tue-Feb-07-2017 PM2.5 |   1.87 |   1.72 |   1.84 |   1.69 |
03:46-Tue-Feb-07-2017 PM10  |   2.29 |   3.26 |   2.83 |   2.72 |
03:46-Tue-Feb-07-2017 PM2.5 |   1.69 |   1.72 |   1.84 |   1.69 |
03:47-Tue-Feb-07-2017 PM10  |   3.52 |   3.27 |   2.83 |   2.72 |
03:47-Tue-Feb-07-2017 PM2.5 |   1.75 |   1.72 |   1.84 |   1.69 |
03:51-Tue-Feb-07-2017 PM10  |   2.77 |   3.25 |   2.83 |   2.72 |
03:51-Tue-Feb-07-2017 PM2.5 |   1.65 |   1.72 |   1.84 |   1.69 |
03:52-Tue-Feb-07-2017 PM10  |   2.44 |   3.21 |   2.83 |   2.72 |
03:52-Tue-Feb-07-2017 PM2.5 |   1.79 |   1.72 |   1.84 |   1.69 |
03:56-Tue-Feb-07-2017 PM10  |   2.86 |   3.20 |   2.83 |   2.72 |
03:56-Tue-Feb-07-2017 PM2.5 |   1.76 |   1.72 |   1.84 |   1.69 |
03:57-Tue-Feb-07-2017 PM10  |   3.14 |   3.20 |   2.83 |   2.72 |
03:57-Tue-Feb-07-2017 PM2.5 |   1.76 |   1.72 |   1.84 |   1.69 |
04:01-Tue-Feb-07-2017 PM10  |   2.39 |   3.16 |   3.16 |   2.72 |
04:01-Tue-Feb-07-2017 PM2.5 |   1.70 |   1.72 |   1.84 |   1.69 |
04:02-Tue-Feb-07-2017 PM10  |   2.39 |   2.39 |   3.16 |   2.72 |
04:02-Tue-Feb-07-2017 PM2.5 |   1.70 |   1.70 |   1.84 |   1.69 |
04:03-Tue-Feb-07-2017 PM10  |   3.16 |   2.78 |   3.16 |   2.72 |
04:03-Tue-Feb-07-2017 PM2.5 |   1.71 |   1.71 |   1.84 |   1.69 |
04:07-Tue-Feb-07-2017 PM10  |   2.81 |   2.79 |   3.16 |   2.72 |
04:07-Tue-Feb-07-2017 PM2.5 |   1.76 |   1.72 |   1.84 |   1.69 |
04:08-Tue-Feb-07-2017 PM10  |   3.46 |   2.95 |   3.16 |   2.72 |
04:08-Tue-Feb-07-2017 PM2.5 |   2.06 |   1.81 |   1.84 |   1.69 |
04:12-Tue-Feb-07-2017 PM10  |   3.05 |   2.97 |   3.16 |   2.72 |
04:12-Tue-Feb-07-2017 PM2.5 |   1.88 |   1.82 |   1.84 |   1.69 |
04:13-Tue-Feb-07-2017 PM10  |   2.67 |   2.92 |   3.16 |   2.72 |
04:13-Tue-Feb-07-2017 PM2.5 |   1.71 |   1.80 |   1.84 |   1.69 |
04:17-Tue-Feb-07-2017 PM10  |   2.41 |   2.85 |   3.16 |   2.72 |
04:17-Tue-Feb-07-2017 PM2.5 |   1.68 |   1.79 |   1.84 |   1.69 |
04:18-Tue-Feb-07-2017 PM10  |   4.34 |   3.04 |   3.16 |   2.72 |
04:18-Tue-Feb-07-2017 PM2.5 |   1.85 |   1.79 |   1.84 |   1.69 |
04:22-Tue-Feb-07-2017 PM10  |   2.61 |   2.99 |   3.16 |   2.72 |
04:22-Tue-Feb-07-2017 PM2.5 |   1.70 |   1.78 |   1.84 |   1.69 |
04:23-Tue-Feb-07-2017 PM10  |   3.87 |   3.08 |   3.16 |   2.72 |
04:23-Tue-Feb-07-2017 PM2.5 |   1.82 |   1.79 |   1.84 |   1.69 |
04:27-Tue-Feb-07-2017 PM10  |   3.26 |   3.09 |   3.16 |   2.72 |
04:27-Tue-Feb-07-2017 PM2.5 |   1.83 |   1.79 |   1.84 |   1.69 |
04:28-Tue-Feb-07-2017 PM10  |   3.26 |   3.11 |   3.16 |   2.72 |
04:28-Tue-Feb-07-2017 PM2.5 |   1.83 |   1.80 |   1.84 |   1.69 |
04:29-Tue-Feb-07-2017 PM10  |   3.27 |   3.12 |   3.16 |   2.72 |
04:29-Tue-Feb-07-2017 PM2.5 |   1.84 |   1.80 |   1.84 |   1.69 |
04:33-Tue-Feb-07-2017 PM10  |   4.33 |   3.21 |   3.16 |   2.72 |
04:33-Tue-Feb-07-2017 PM2.5 |   1.70 |   1.79 |   1.84 |   1.69 |
04:34-Tue-Feb-07-2017 PM10  |   2.75 |   3.18 |   3.16 |   2.72 |
04:34-Tue-Feb-07-2017 PM2.5 |   1.75 |   1.79 |   1.84 |   1.69 |
04:38-Tue-Feb-07-2017 PM10  |   3.44 |   3.19 |   3.16 |   2.72 |
04:38-Tue-Feb-07-2017 PM2.5 |   1.83 |   1.79 |   1.84 |   1.69 |
04:39-Tue-Feb-07-2017 PM10  |   3.01 |   3.18 |   3.16 |   2.72 |
04:39-Tue-Feb-07-2017 PM2.5 |   1.88 |   1.80 |   1.84 |   1.69 |
04:43-Tue-Feb-07-2017 PM10  |   4.49 |   3.25 |   3.16 |   2.72 |
04:43-Tue-Feb-07-2017 PM2.5 |   2.06 |   1.81 |   1.84 |   1.69 |
04:44-Tue-Feb-07-2017 PM10  |   5.61 |   3.38 |   3.16 |   2.72 |
04:44-Tue-Feb-07-2017 PM2.5 |   1.99 |   1.82 |   1.84 |   1.69 |
04:48-Tue-Feb-07-2017 PM10  |   4.98 |   3.46 |   3.16 |   2.72 |
04:48-Tue-Feb-07-2017 PM2.5 |   1.87 |   1.82 |   1.84 |   1.69 |
04:49-Tue-Feb-07-2017 PM10  |   4.75 |   3.52 |   3.16 |   2.72 |
04:49-Tue-Feb-07-2017 PM2.5 |   1.96 |   1.83 |   1.84 |   1.69 |
04:53-Tue-Feb-07-2017 PM10  |   5.21 |   3.60 |   3.16 |   2.72 |
04:53-Tue-Feb-07-2017 PM2.5 |   2.05 |   1.84 |   1.84 |   1.69 |
04:54-Tue-Feb-07-2017 PM10  |   5.21 |   3.67 |   3.16 |   2.72 |
04:54-Tue-Feb-07-2017 PM2.5 |   2.05 |   1.85 |   1.84 |   1.69 |
04:55-Tue-Feb-07-2017 PM10  |   5.80 |   3.76 |   3.16 |   2.72 |
04:55-Tue-Feb-07-2017 PM2.5 |   2.00 |   1.85 |   1.84 |   1.69 |
04:59-Tue-Feb-07-2017 PM10  |   5.14 |   3.81 |   3.16 |   2.72 |
04:59-Tue-Feb-07-2017 PM2.5 |   1.98 |   1.86 |   1.84 |   1.69 |
05:00-Tue-Feb-07-2017 PM10  |   2.88 |   3.78 |   3.78 |   2.72 |
05:00-Tue-Feb-07-2017 PM2.5 |   1.79 |   1.86 |   1.86 |   1.69 |
05:04-Tue-Feb-07-2017 PM10  |   3.37 |   3.37 |   3.78 |   2.72 |
05:04-Tue-Feb-07-2017 PM2.5 |   1.79 |   1.79 |   1.86 |   1.69 |
05:05-Tue-Feb-07-2017 PM10  |   3.88 |   3.63 |   3.78 |   2.72 |
05:05-Tue-Feb-07-2017 PM2.5 |   2.04 |   1.92 |   1.86 |   1.69 |
05:09-Tue-Feb-07-2017 PM10  |   4.07 |   3.77 |   3.78 |   2.72 |
05:09-Tue-Feb-07-2017 PM2.5 |   1.94 |   1.92 |   1.86 |   1.69 |
05:10-Tue-Feb-07-2017 PM10  |   3.26 |   3.64 |   3.78 |   2.72 |
05:10-Tue-Feb-07-2017 PM2.5 |   1.81 |   1.90 |   1.86 |   1.69 |
05:14-Tue-Feb-07-2017 PM10  |   3.16 |   3.55 |   3.78 |   2.72 |
05:14-Tue-Feb-07-2017 PM2.5 |   1.86 |   1.89 |   1.86 |   1.69 |
05:15-Tue-Feb-07-2017 PM10  |   2.23 |   3.33 |   3.78 |   2.72 |
05:15-Tue-Feb-07-2017 PM2.5 |   1.74 |   1.86 |   1.86 |   1.69 |
05:19-Tue-Feb-07-2017 PM10  |   3.62 |   3.37 |   3.78 |   2.72 |
05:19-Tue-Feb-07-2017 PM2.5 |   1.81 |   1.86 |   1.86 |   1.69 |
05:20-Tue-Feb-07-2017 PM10  |   3.62 |   3.40 |   3.78 |   2.72 |
05:20-Tue-Feb-07-2017 PM2.5 |   1.81 |   1.85 |   1.86 |   1.69 |
05:21-Tue-Feb-07-2017 PM10  |   2.73 |   3.33 |   3.78 |   2.72 |
05:21-Tue-Feb-07-2017 PM2.5 |   1.86 |   1.85 |   1.86 |   1.69 |
05:25-Tue-Feb-07-2017 PM10  |   4.01 |   3.40 |   3.78 |   2.72 |
05:25-Tue-Feb-07-2017 PM2.5 |   1.94 |   1.86 |   1.86 |   1.69 |
05:26-Tue-Feb-07-2017 PM10  |   2.15 |   3.28 |   3.78 |   2.72 |
05:26-Tue-Feb-07-2017 PM2.5 |   1.78 |   1.85 |   1.86 |   1.69 |
05:30-Tue-Feb-07-2017 PM10  |   2.88 |   3.25 |   3.78 |   2.72 |
05:30-Tue-Feb-07-2017 PM2.5 |   1.71 |   1.84 |   1.86 |   1.69 |
05:31-Tue-Feb-07-2017 PM10  |   5.44 |   3.42 |   3.78 |   2.72 |
05:31-Tue-Feb-07-2017 PM2.5 |   1.79 |   1.84 |   1.86 |   1.69 |
05:35-Tue-Feb-07-2017 PM10  |   2.14 |   3.33 |   3.78 |   2.72 |
05:35-Tue-Feb-07-2017 PM2.5 |   1.78 |   1.83 |   1.86 |   1.69 |
05:36-Tue-Feb-07-2017 PM10  |   7.77 |   3.62 |   3.78 |   2.72 |
05:36-Tue-Feb-07-2017 PM2.5 |   1.98 |   1.84 |   1.86 |   1.69 |
05:40-Tue-Feb-07-2017 PM10  |   4.47 |   3.68 |   3.78 |   2.72 |
05:40-Tue-Feb-07-2017 PM2.5 |   1.84 |   1.84 |   1.86 |   1.69 |
05:41-Tue-Feb-07-2017 PM10  |   3.26 |   3.65 |   3.78 |   2.72 |
05:41-Tue-Feb-07-2017 PM2.5 |   1.79 |   1.84 |   1.86 |   1.69 |
05:45-Tue-Feb-07-2017 PM10  |   2.95 |   3.61 |   3.78 |   2.72 |
05:45-Tue-Feb-07-2017 PM2.5 |   1.82 |   1.84 |   1.86 |   1.69 |
05:46-Tue-Feb-07-2017 PM10  |   2.95 |   3.58 |   3.78 |   2.72 |
05:46-Tue-Feb-07-2017 PM2.5 |   1.82 |   1.84 |   1.86 |   1.69 |
05:47-Tue-Feb-07-2017 PM10  |   2.96 |   3.55 |   3.78 |   2.72 |
05:47-Tue-Feb-07-2017 PM2.5 |   1.70 |   1.83 |   1.86 |   1.69 |
05:51-Tue-Feb-07-2017 PM10  |   3.73 |   3.56 |   3.78 |   2.72 |
05:51-Tue-Feb-07-2017 PM2.5 |   1.90 |   1.83 |   1.86 |   1.69 |
05:52-Tue-Feb-07-2017 PM10  |   2.62 |   3.51 |   3.78 |   2.72 |
05:52-Tue-Feb-07-2017 PM2.5 |   1.79 |   1.83 |   1.86 |   1.69 |
05:56-Tue-Feb-07-2017 PM10  |   3.27 |   3.50 |   3.78 |   2.72 |
05:56-Tue-Feb-07-2017 PM2.5 |   1.88 |   1.83 |   1.86 |   1.69 |
05:57-Tue-Feb-07-2017 PM10  |   4.32 |   3.54 |   3.78 |   2.72 |
05:57-Tue-Feb-07-2017 PM2.5 |   2.03 |   1.84 |   1.86 |   1.69 |
06:01-Tue-Feb-07-2017 PM10  |   2.44 |   3.49 |   3.78 |   2.72 |
06:01-Tue-Feb-07-2017 PM2.5 |   1.84 |   1.84 |   1.86 |   1.69 |
06:02-Tue-Feb-07-2017 PM10  |   4.25 |   4.25 |   3.78 |   2.72 |
06:02-Tue-Feb-07-2017 PM2.5 |   1.86 |   1.86 |   1.86 |   1.69 |
06:06-Tue-Feb-07-2017 PM10  |   3.50 |   3.88 |   3.78 |   2.72 |
06:06-Tue-Feb-07-2017 PM2.5 |   2.09 |   1.98 |   1.86 |   1.69 |
06:07-Tue-Feb-07-2017 PM10  |   4.35 |   4.04 |   3.78 |   2.72 |
06:07-Tue-Feb-07-2017 PM2.5 |   1.88 |   1.95 |   1.86 |   1.69 |
06:08-Tue-Feb-07-2017 PM10  |   4.35 |   4.12 |   3.78 |   2.72 |
06:08-Tue-Feb-07-2017 PM2.5 |   1.88 |   1.93 |   1.86 |   1.69 |
06:12-Tue-Feb-07-2017 PM10  |   3.95 |   4.08 |   3.78 |   2.72 |
06:12-Tue-Feb-07-2017 PM2.5 |   1.99 |   1.94 |   1.86 |   1.69 |
06:13-Tue-Feb-07-2017 PM10  |   5.27 |   4.28 |   3.78 |   2.72 |
06:13-Tue-Feb-07-2017 PM2.5 |   2.08 |   1.96 |   1.86 |   1.69 |
06:17-Tue-Feb-07-2017 PM10  |   3.16 |   4.12 |   3.78 |   2.72 |
06:17-Tue-Feb-07-2017 PM2.5 |   1.98 |   1.97 |   1.86 |   1.69 |
06:18-Tue-Feb-07-2017 PM10  |   5.09 |   4.24 |   3.78 |   2.72 |
06:18-Tue-Feb-07-2017 PM2.5 |   1.89 |   1.96 |   1.86 |   1.69 |
06:22-Tue-Feb-07-2017 PM10  |   4.63 |   4.28 |   3.78 |   2.72 |
06:22-Tue-Feb-07-2017 PM2.5 |   1.85 |   1.95 |   1.86 |   1.69 |
06:23-Tue-Feb-07-2017 PM10  |   4.19 |   4.28 |   3.78 |   2.72 |
06:23-Tue-Feb-07-2017 PM2.5 |   1.87 |   1.94 |   1.86 |   1.69 |
06:27-Tue-Feb-07-2017 PM10  |   3.56 |   4.21 |   3.78 |   2.72 |
06:27-Tue-Feb-07-2017 PM2.5 |   1.81 |   1.93 |   1.86 |   1.69 |
06:28-Tue-Feb-07-2017 PM10  |   3.03 |   4.11 |   3.78 |   2.72 |
06:28-Tue-Feb-07-2017 PM2.5 |   1.71 |   1.91 |   1.86 |   1.69 |
06:32-Tue-Feb-07-2017 PM10  |   3.60 |   4.07 |   3.78 |   2.72 |
06:32-Tue-Feb-07-2017 PM2.5 |   1.71 |   1.89 |   1.86 |   1.69 |
06:33-Tue-Feb-07-2017 PM10  |   3.58 |   4.04 |   3.78 |   2.72 |
06:33-Tue-Feb-07-2017 PM2.5 |   1.86 |   1.89 |   1.86 |   1.69 |
06:34-Tue-Feb-07-2017 PM10  |   3.58 |   4.01 |   3.78 |   2.72 |
06:34-Tue-Feb-07-2017 PM2.5 |   1.86 |   1.89 |   1.86 |   1.69 |
06:38-Tue-Feb-07-2017 PM10  |   3.58 |   3.98 |   3.78 |   2.72 |
06:38-Tue-Feb-07-2017 PM2.5 |   1.91 |   1.89 |   1.86 |   1.69 |
06:39-Tue-Feb-07-2017 PM10  |   4.62 |   4.02 |   3.78 |   2.72 |
06:39-Tue-Feb-07-2017 PM2.5 |   1.84 |   1.89 |   1.86 |   1.69 |
06:44-Tue-Feb-07-2017 PM10  |   5.23 |   4.08 |   3.78 |   2.72 |
06:44-Tue-Feb-07-2017 PM2.5 |   1.81 |   1.88 |   1.86 |   1.69 |
06:45-Tue-Feb-07-2017 PM10  |   2.93 |   4.02 |   3.78 |   2.72 |
06:45-Tue-Feb-07-2017 PM2.5 |   1.72 |   1.87 |   1.86 |   1.69 |
06:49-Tue-Feb-07-2017 PM10  |   4.37 |   4.04 |   3.78 |   2.72 |
06:49-Tue-Feb-07-2017 PM2.5 |   1.81 |   1.87 |   1.86 |   1.69 |
06:50-Tue-Feb-07-2017 PM10  |   3.74 |   4.03 |   3.78 |   2.72 |
06:50-Tue-Feb-07-2017 PM2.5 |   1.70 |   1.86 |   1.86 |   1.69 |
06:54-Tue-Feb-07-2017 PM10  |   3.07 |   3.98 |   3.78 |   2.72 |
06:54-Tue-Feb-07-2017 PM2.5 |   1.73 |   1.86 |   1.86 |   1.69 |
06:55-Tue-Feb-07-2017 PM10  |   2.72 |   3.93 |   3.78 |   2.72 |
06:55-Tue-Feb-07-2017 PM2.5 |   1.76 |   1.85 |   1.86 |   1.69 |
06:59-Tue-Feb-07-2017 PM10  |   3.95 |   3.93 |   3.78 |   2.72 |
06:59-Tue-Feb-07-2017 PM2.5 |   1.77 |   1.85 |   1.86 |   1.69 |
07:00-Tue-Feb-07-2017 PM10  |   4.11 |   3.94 |   3.94 |   2.72 |
07:00-Tue-Feb-07-2017 PM2.5 |   1.75 |   1.84 |   1.86 |   1.69 |
07:01-Tue-Feb-07-2017 PM10  |   4.11 |   4.11 |   3.94 |   2.72 |
07:01-Tue-Feb-07-2017 PM2.5 |   1.75 |   1.75 |   1.86 |   1.69 |
07:05-Tue-Feb-07-2017 PM10  |   3.43 |   3.77 |   3.94 |   2.72 |
07:05-Tue-Feb-07-2017 PM2.5 |   1.78 |   1.76 |   1.86 |   1.69 |
07:06-Tue-Feb-07-2017 PM10  |   2.85 |   3.46 |   3.94 |   2.72 |
07:06-Tue-Feb-07-2017 PM2.5 |   1.65 |   1.73 |   1.86 |   1.69 |
07:10-Tue-Feb-07-2017 PM10  |   3.61 |   3.50 |   3.94 |   2.72 |
07:10-Tue-Feb-07-2017 PM2.5 |   1.91 |   1.77 |   1.86 |   1.69 |
07:11-Tue-Feb-07-2017 PM10  |   5.82 |   3.96 |   3.94 |   2.72 |
07:11-Tue-Feb-07-2017 PM2.5 |   2.06 |   1.83 |   1.86 |   1.69 |
07:15-Tue-Feb-07-2017 PM10  |   2.68 |   3.75 |   3.94 |   2.72 |
07:15-Tue-Feb-07-2017 PM2.5 |   1.85 |   1.83 |   1.86 |   1.69 |
07:16-Tue-Feb-07-2017 PM10  |   3.90 |   3.77 |   3.94 |   2.72 |
07:16-Tue-Feb-07-2017 PM2.5 |   1.75 |   1.82 |   1.86 |   1.69 |
07:20-Tue-Feb-07-2017 PM10  |   4.61 |   3.88 |   3.94 |   2.72 |
07:20-Tue-Feb-07-2017 PM2.5 |   1.91 |   1.83 |   1.86 |   1.69 |
07:21-Tue-Feb-07-2017 PM10  |   4.89 |   3.99 |   3.94 |   2.72 |
07:21-Tue-Feb-07-2017 PM2.5 |   2.36 |   1.89 |   1.86 |   1.69 |
07:25-Tue-Feb-07-2017 PM10  |   5.39 |   4.13 |   3.94 |   2.72 |
07:25-Tue-Feb-07-2017 PM2.5 |   2.03 |   1.90 |   1.86 |   1.69 |
07:26-Tue-Feb-07-2017 PM10  |   5.44 |   4.25 |   3.94 |   2.72 |
07:26-Tue-Feb-07-2017 PM2.5 |   2.01 |   1.91 |   1.86 |   1.69 |
07:27-Tue-Feb-07-2017 PM10  |   5.44 |   4.35 |   3.94 |   2.72 |
07:27-Tue-Feb-07-2017 PM2.5 |   2.01 |   1.92 |   1.86 |   1.69 |
07:31-Tue-Feb-07-2017 PM10  |   5.25 |   4.42 |   3.94 |   2.72 |
07:31-Tue-Feb-07-2017 PM2.5 |   1.85 |   1.92 |   1.86 |   1.69 |
07:32-Tue-Feb-07-2017 PM10  |   4.59 |   4.43 |   3.94 |   2.72 |
07:32-Tue-Feb-07-2017 PM2.5 |   1.73 |   1.90 |   1.86 |   1.69 |
07:36-Tue-Feb-07-2017 PM10  |   3.54 |   4.37 |   3.94 |   2.72 |
07:36-Tue-Feb-07-2017 PM2.5 |   1.82 |   1.90 |   1.86 |   1.69 |
07:37-Tue-Feb-07-2017 PM10  |   5.63 |   4.45 |   3.94 |   2.72 |
07:37-Tue-Feb-07-2017 PM2.5 |   1.93 |   1.90 |   1.86 |   1.69 |
07:41-Tue-Feb-07-2017 PM10  |   4.50 |   4.45 |   3.94 |   2.72 |
07:41-Tue-Feb-07-2017 PM2.5 |   1.77 |   1.89 |   1.86 |   1.69 |
07:42-Tue-Feb-07-2017 PM10  |   5.14 |   4.49 |   3.94 |   2.72 |
07:42-Tue-Feb-07-2017 PM2.5 |   1.93 |   1.89 |   1.86 |   1.69 |
07:46-Tue-Feb-07-2017 PM10  |   3.80 |   4.45 |   3.94 |   2.72 |
07:46-Tue-Feb-07-2017 PM2.5 |   1.87 |   1.89 |   1.86 |   1.69 |
07:47-Tue-Feb-07-2017 PM10  |   5.51 |   4.51 |   3.94 |   2.72 |
07:47-Tue-Feb-07-2017 PM2.5 |   1.96 |   1.89 |   1.86 |   1.69 |
07:51-Tue-Feb-07-2017 PM10  |   5.90 |   4.57 |   3.94 |   2.72 |
07:51-Tue-Feb-07-2017 PM2.5 |   1.87 |   1.89 |   1.86 |   1.69 |
07:52-Tue-Feb-07-2017 PM10  |   3.33 |   4.52 |   3.94 |   2.72 |
07:52-Tue-Feb-07-2017 PM2.5 |   1.85 |   1.89 |   1.86 |   1.69 |
07:53-Tue-Feb-07-2017 PM10  |   3.33 |   4.47 |   3.94 |   2.72 |
07:53-Tue-Feb-07-2017 PM2.5 |   1.85 |   1.89 |   1.86 |   1.69 |
07:57-Tue-Feb-07-2017 PM10  |   5.95 |   4.53 |   3.94 |   2.72 |
07:57-Tue-Feb-07-2017 PM2.5 |   1.97 |   1.89 |   1.86 |   1.69 |
07:58-Tue-Feb-07-2017 PM10  |   9.60 |   4.73 |   3.94 |   2.72 |
07:58-Tue-Feb-07-2017 PM2.5 |   2.27 |   1.91 |   1.86 |   1.69 |
08:02-Tue-Feb-07-2017 PM10  |  13.07 |   5.05 |   5.05 |   2.72 |
08:02-Tue-Feb-07-2017 PM2.5 |   2.35 |   1.93 |   1.93 |   1.69 |
08:03-Tue-Feb-07-2017 PM10  |   7.05 |   7.05 |   5.05 |   2.72 |
08:03-Tue-Feb-07-2017 PM2.5 |   2.34 |   2.34 |   1.93 |   1.69 |
08:07-Tue-Feb-07-2017 PM10  |   5.87 |   6.46 |   5.05 |   2.72 |
08:07-Tue-Feb-07-2017 PM2.5 |   2.28 |   2.31 |   1.93 |   1.69 |
08:08-Tue-Feb-07-2017 PM10  |   2.93 |   5.28 |   5.05 |   2.72 |
08:08-Tue-Feb-07-2017 PM2.5 |   1.85 |   2.16 |   1.93 |   1.69 |
08:12-Tue-Feb-07-2017 PM10  |   5.12 |   5.24 |   5.05 |   2.72 |
08:12-Tue-Feb-07-2017 PM2.5 |   1.92 |   2.10 |   1.93 |   1.69 |
08:13-Tue-Feb-07-2017 PM10  |   2.94 |   4.78 |   5.05 |   2.72 |
08:13-Tue-Feb-07-2017 PM2.5 |   1.84 |   2.05 |   1.93 |   1.69 |
08:17-Tue-Feb-07-2017 PM10  |   4.02 |   4.65 |   5.05 |   2.72 |
08:17-Tue-Feb-07-2017 PM2.5 |   1.92 |   2.02 |   1.93 |   1.69 |
08:18-Tue-Feb-07-2017 PM10  |   3.01 |   4.42 |   5.05 |   2.72 |
08:18-Tue-Feb-07-2017 PM2.5 |   1.69 |   1.98 |   1.93 |   1.69 |
08:19-Tue-Feb-07-2017 PM10  |   3.01 |   4.24 |   5.05 |   2.72 |
08:19-Tue-Feb-07-2017 PM2.5 |   1.69 |   1.94 |   1.93 |   1.69 |
08:23-Tue-Feb-07-2017 PM10  |   4.03 |   4.22 |   5.05 |   2.72 |
08:23-Tue-Feb-07-2017 PM2.5 |   1.70 |   1.92 |   1.93 |   1.69 |
08:24-Tue-Feb-07-2017 PM10  |   6.80 |   4.48 |   5.05 |   2.72 |
08:24-Tue-Feb-07-2017 PM2.5 |   2.11 |   1.94 |   1.93 |   1.69 |
08:28-Tue-Feb-07-2017 PM10  |   4.24 |   4.46 |   5.05 |   2.72 |
08:28-Tue-Feb-07-2017 PM2.5 |   1.92 |   1.93 |   1.93 |   1.69 |
08:29-Tue-Feb-07-2017 PM10  |   8.74 |   4.81 |   5.05 |   2.72 |
08:29-Tue-Feb-07-2017 PM2.5 |   2.67 |   2.00 |   1.93 |   1.69 |
08:33-Tue-Feb-07-2017 PM10  |   6.23 |   4.92 |   5.05 |   2.72 |
08:33-Tue-Feb-07-2017 PM2.5 |   2.38 |   2.03 |   1.93 |   1.69 |
08:34-Tue-Feb-07-2017 PM10  |   4.23 |   4.87 |   5.05 |   2.72 |
08:34-Tue-Feb-07-2017 PM2.5 |   2.02 |   2.03 |   1.93 |   1.69 |
08:38-Tue-Feb-07-2017 PM10  |   5.00 |   4.88 |   5.05 |   2.72 |
08:38-Tue-Feb-07-2017 PM2.5 |   2.05 |   2.03 |   1.93 |   1.69 |
08:39-Tue-Feb-07-2017 PM10  |   4.28 |   4.84 |   5.05 |   2.72 |
08:39-Tue-Feb-07-2017 PM2.5 |   2.10 |   2.03 |   1.93 |   1.69 |
08:43-Tue-Feb-07-2017 PM10  |   5.18 |   4.86 |   5.05 |   2.72 |
08:43-Tue-Feb-07-2017 PM2.5 |   2.03 |   2.03 |   1.93 |   1.69 |
08:44-Tue-Feb-07-2017 PM10  |   3.32 |   4.78 |   5.05 |   2.72 |
08:44-Tue-Feb-07-2017 PM2.5 |   2.05 |   2.03 |   1.93 |   1.69 |
08:45-Tue-Feb-07-2017 PM10  |   3.32 |   4.70 |   5.05 |   2.72 |
08:45-Tue-Feb-07-2017 PM2.5 |   2.05 |   2.03 |   1.93 |   1.69 |
08:49-Tue-Feb-07-2017 PM10  |   3.28 |   4.63 |   5.05 |   2.72 |
08:49-Tue-Feb-07-2017 PM2.5 |   2.17 |   2.04 |   1.93 |   1.69 |
08:50-Tue-Feb-07-2017 PM10  |   5.41 |   4.67 |   5.05 |   2.72 |
08:50-Tue-Feb-07-2017 PM2.5 |   3.26 |   2.10 |   1.93 |   1.69 |
08:54-Tue-Feb-07-2017 PM10  |  11.37 |   4.97 |   5.05 |   2.72 |
08:54-Tue-Feb-07-2017 PM2.5 |   5.51 |   2.25 |   1.93 |   1.69 |
08:55-Tue-Feb-07-2017 PM10  |   3.08 |   4.89 |   5.05 |   2.72 |
08:55-Tue-Feb-07-2017 PM2.5 |   1.80 |   2.23 |   1.93 |   1.69 |
08:59-Tue-Feb-07-2017 PM10  |   2.74 |   4.80 |   5.05 |   2.72 |
08:59-Tue-Feb-07-2017 PM2.5 |   1.88 |   2.22 |   1.93 |   1.69 |
09:00-Tue-Feb-07-2017 PM10  |   2.87 |   4.72 |   5.05 |   2.72 |
09:00-Tue-Feb-07-2017 PM2.5 |   1.88 |   2.21 |   2.21 |   1.69 |
09:04-Tue-Feb-07-2017 PM10  |   3.52 |   3.52 |   5.05 |   2.72 |
09:04-Tue-Feb-07-2017 PM2.5 |   1.76 |   1.76 |   2.21 |   1.69 |
09:05-Tue-Feb-07-2017 PM10  |   4.94 |   4.23 |   5.05 |   2.72 |
09:05-Tue-Feb-07-2017 PM2.5 |   1.90 |   1.83 |   2.21 |   1.69 |
09:09-Tue-Feb-07-2017 PM10  |   3.65 |   4.04 |   5.05 |   2.72 |
09:09-Tue-Feb-07-2017 PM2.5 |   1.92 |   1.86 |   2.21 |   1.69 |
09:10-Tue-Feb-07-2017 PM10  |   7.80 |   4.98 |   5.05 |   2.72 |
09:10-Tue-Feb-07-2017 PM2.5 |   2.13 |   1.93 |   2.21 |   1.69 |
09:11-Tue-Feb-07-2017 PM10  |   7.80 |   5.54 |   5.05 |   2.72 |
09:11-Tue-Feb-07-2017 PM2.5 |   2.13 |   1.97 |   2.21 |   1.69 |
09:15-Tue-Feb-07-2017 PM10  |   6.14 |   5.64 |   5.05 |   2.72 |
09:15-Tue-Feb-07-2017 PM2.5 |   2.16 |   2.00 |   2.21 |   1.69 |
09:16-Tue-Feb-07-2017 PM10  |  12.37 |   6.60 |   5.05 |   2.72 |
09:16-Tue-Feb-07-2017 PM2.5 |   2.18 |   2.03 |   2.21 |   1.69 |
09:20-Tue-Feb-07-2017 PM10  |   3.87 |   6.26 |   5.05 |   2.72 |
09:20-Tue-Feb-07-2017 PM2.5 |   1.76 |   1.99 |   2.21 |   1.69 |
09:21-Tue-Feb-07-2017 PM10  |   4.55 |   6.07 |   5.05 |   2.72 |
09:21-Tue-Feb-07-2017 PM2.5 |   1.89 |   1.98 |   2.21 |   1.69 |
09:25-Tue-Feb-07-2017 PM10  |   3.68 |   5.83 |   5.05 |   2.72 |
09:25-Tue-Feb-07-2017 PM2.5 |   2.07 |   1.99 |   2.21 |   1.69 |
09:26-Tue-Feb-07-2017 PM10  |   4.00 |   5.67 |   5.05 |   2.72 |
09:26-Tue-Feb-07-2017 PM2.5 |   1.95 |   1.99 |   2.21 |   1.69 |
09:30-Tue-Feb-07-2017 PM10  |   4.16 |   5.54 |   5.05 |   2.72 |
09:30-Tue-Feb-07-2017 PM2.5 |   1.91 |   1.98 |   2.21 |   1.69 |
09:31-Tue-Feb-07-2017 PM10  |   4.50 |   5.46 |   5.05 |   2.72 |
09:31-Tue-Feb-07-2017 PM2.5 |   1.84 |   1.97 |   2.21 |   1.69 |
09:35-Tue-Feb-07-2017 PM10  |   3.81 |   5.34 |   5.05 |   2.72 |
09:35-Tue-Feb-07-2017 PM2.5 |   1.96 |   1.97 |   2.21 |   1.69 |
09:36-Tue-Feb-07-2017 PM10  |   3.81 |   5.24 |   5.05 |   2.72 |
09:36-Tue-Feb-07-2017 PM2.5 |   1.96 |   1.97 |   2.21 |   1.69 |
09:37-Tue-Feb-07-2017 PM10  |   4.20 |   5.18 |   5.05 |   2.72 |
09:37-Tue-Feb-07-2017 PM2.5 |   1.80 |   1.96 |   2.21 |   1.69 |
09:41-Tue-Feb-07-2017 PM10  |   3.89 |   5.10 |   5.05 |   2.72 |
09:41-Tue-Feb-07-2017 PM2.5 |   1.75 |   1.95 |   2.21 |   1.69 |
09:42-Tue-Feb-07-2017 PM10  |   3.42 |   5.01 |   5.05 |   2.72 |
09:42-Tue-Feb-07-2017 PM2.5 |   1.85 |   1.94 |   2.21 |   1.69 |
09:46-Tue-Feb-07-2017 PM10  |   3.61 |   4.93 |   5.05 |   2.72 |
09:46-Tue-Feb-07-2017 PM2.5 |   1.76 |   1.93 |   2.21 |   1.69 |
09:47-Tue-Feb-07-2017 PM10  |   4.40 |   4.91 |   5.05 |   2.72 |
09:47-Tue-Feb-07-2017 PM2.5 |   1.74 |   1.92 |   2.21 |   1.69 |
09:51-Tue-Feb-07-2017 PM10  |   2.87 |   4.81 |   5.05 |   2.72 |
09:51-Tue-Feb-07-2017 PM2.5 |   1.70 |   1.91 |   2.21 |   1.69 |
09:52-Tue-Feb-07-2017 PM10  |   5.03 |   4.82 |   5.05 |   2.72 |
09:52-Tue-Feb-07-2017 PM2.5 |   1.98 |   1.91 |   2.21 |   1.69 |
09:56-Tue-Feb-07-2017 PM10  |   4.93 |   4.82 |   5.05 |   2.72 |
09:56-Tue-Feb-07-2017 PM2.5 |   1.93 |   1.91 |   2.21 |   1.69 |
09:57-Tue-Feb-07-2017 PM10  |   4.96 |   4.83 |   5.05 |   2.72 |
09:57-Tue-Feb-07-2017 PM2.5 |   1.91 |   1.91 |   2.21 |   1.69 |
10:01-Tue-Feb-07-2017 PM10  |   4.27 |   4.81 |   5.05 |   2.72 |
10:01-Tue-Feb-07-2017 PM2.5 |   1.82 |   1.91 |   2.21 |   1.69 |
10:02-Tue-Feb-07-2017 PM10  |   4.27 |   4.27 |   5.05 |   2.72 |
10:02-Tue-Feb-07-2017 PM2.5 |   1.82 |   1.82 |   2.21 |   1.69 |
10:03-Tue-Feb-07-2017 PM10  |   4.23 |   4.25 |   5.05 |   2.72 |
10:03-Tue-Feb-07-2017 PM2.5 |   1.91 |   1.87 |   2.21 |   1.69 |
10:07-Tue-Feb-07-2017 PM10  |   4.49 |   4.33 |   5.05 |   2.72 |
10:07-Tue-Feb-07-2017 PM2.5 |   1.83 |   1.85 |   2.21 |   1.69 |
10:08-Tue-Feb-07-2017 PM10  |   4.59 |   4.39 |   5.05 |   2.72 |
10:08-Tue-Feb-07-2017 PM2.5 |   1.94 |   1.87 |   2.21 |   1.69 |
10:12-Tue-Feb-07-2017 PM10  |   2.75 |   4.07 |   5.05 |   2.72 |
10:12-Tue-Feb-07-2017 PM2.5 |   2.00 |   1.90 |   2.21 |   1.69 |
10:13-Tue-Feb-07-2017 PM10  |   2.85 |   3.86 |   5.05 |   2.72 |
10:13-Tue-Feb-07-2017 PM2.5 |   1.92 |   1.90 |   2.21 |   1.69 |
10:17-Tue-Feb-07-2017 PM10  |   3.74 |   3.85 |   5.05 |   2.72 |
10:17-Tue-Feb-07-2017 PM2.5 |   2.08 |   1.93 |   2.21 |   1.69 |
10:18-Tue-Feb-07-2017 PM10  |   4.00 |   3.87 |   5.05 |   2.72 |
10:18-Tue-Feb-07-2017 PM2.5 |   2.02 |   1.94 |   2.21 |   1.69 |
10:22-Tue-Feb-07-2017 PM10  |   3.16 |   3.79 |   5.05 |   2.72 |
10:22-Tue-Feb-07-2017 PM2.5 |   1.96 |   1.94 |   2.21 |   1.69 |
10:23-Tue-Feb-07-2017 PM10  |   2.93 |   3.70 |   5.05 |   2.72 |
10:23-Tue-Feb-07-2017 PM2.5 |   1.90 |   1.94 |   2.21 |   1.69 |
10:27-Tue-Feb-07-2017 PM10  |   5.76 |   3.89 |   5.05 |   2.72 |
10:27-Tue-Feb-07-2017 PM2.5 |   2.11 |   1.95 |   2.21 |   1.69 |
10:28-Tue-Feb-07-2017 PM10  |   5.76 |   4.05 |   5.05 |   2.72 |
10:28-Tue-Feb-07-2017 PM2.5 |   2.11 |   1.97 |   2.21 |   1.69 |
10:29-Tue-Feb-07-2017 PM10  |   4.03 |   4.04 |   5.05 |   2.72 |
10:29-Tue-Feb-07-2017 PM2.5 |   1.99 |   1.97 |   2.21 |   1.69 |
10:33-Tue-Feb-07-2017 PM10  |   5.27 |   4.13 |   5.05 |   2.72 |
10:33-Tue-Feb-07-2017 PM2.5 |   2.01 |   1.97 |   2.21 |   1.69 |
10:34-Tue-Feb-07-2017 PM10  |   3.24 |   4.07 |   5.05 |   2.72 |
10:34-Tue-Feb-07-2017 PM2.5 |   1.90 |   1.97 |   2.21 |   1.69 |
10:38-Tue-Feb-07-2017 PM10  |   4.43 |   4.09 |   5.05 |   2.72 |
10:38-Tue-Feb-07-2017 PM2.5 |   2.10 |   1.97 |   2.21 |   1.69 |
10:39-Tue-Feb-07-2017 PM10  |   3.85 |   4.08 |   5.05 |   2.72 |
10:39-Tue-Feb-07-2017 PM2.5 |   2.04 |   1.98 |   2.21 |   1.69 |
10:43-Tue-Feb-07-2017 PM10  |   4.02 |   4.08 |   5.05 |   2.72 |
10:43-Tue-Feb-07-2017 PM2.5 |   2.12 |   1.99 |   2.21 |   1.69 |
10:44-Tue-Feb-07-2017 PM10  |   4.57 |   4.10 |   5.05 |   2.72 |
10:44-Tue-Feb-07-2017 PM2.5 |   1.87 |   1.98 |   2.21 |   1.69 |
10:48-Tue-Feb-07-2017 PM10  |   4.34 |   4.11 |   5.05 |   2.72 |
10:48-Tue-Feb-07-2017 PM2.5 |   1.96 |   1.98 |   2.21 |   1.69 |
10:49-Tue-Feb-07-2017 PM10  |   4.23 |   4.12 |   5.05 |   2.72 |
10:49-Tue-Feb-07-2017 PM2.5 |   2.01 |   1.98 |   2.21 |   1.69 |
10:53-Tue-Feb-07-2017 PM10  |   3.66 |   4.10 |   5.05 |   2.72 |
10:53-Tue-Feb-07-2017 PM2.5 |   1.90 |   1.98 |   2.21 |   1.69 |
10:54-Tue-Feb-07-2017 PM10  |   3.66 |   4.08 |   5.05 |   2.72 |
10:54-Tue-Feb-07-2017 PM2.5 |   1.90 |   1.97 |   2.21 |   1.69 |
10:55-Tue-Feb-07-2017 PM10  |   4.32 |   4.09 |   5.05 |   2.72 |
10:55-Tue-Feb-07-2017 PM2.5 |   1.92 |   1.97 |   2.21 |   1.69 |
10:59-Tue-Feb-07-2017 PM10  |   3.67 |   4.07 |   5.05 |   2.72 |
10:59-Tue-Feb-07-2017 PM2.5 |   1.91 |   1.97 |   2.21 |   1.69 |
11:00-Tue-Feb-07-2017 PM10  |   4.48 |   4.09 |   5.05 |   2.72 |
11:00-Tue-Feb-07-2017 PM2.5 |   2.07 |   1.97 |   2.21 |   1.69 |
11:04-Tue-Feb-07-2017 PM10  |   6.09 |   6.09 |   5.05 |   2.72 |
11:04-Tue-Feb-07-2017 PM2.5 |   2.24 |   2.24 |   2.21 |   1.69 |
11:06-Tue-Feb-07-2017 PM10  |   3.17 |   4.63 |   5.05 |   2.72 |
11:06-Tue-Feb-07-2017 PM2.5 |   1.88 |   2.06 |   2.21 |   1.69 |
11:10-Tue-Feb-07-2017 PM10  |   2.85 |   4.04 |   5.05 |   2.72 |
11:10-Tue-Feb-07-2017 PM2.5 |   1.91 |   2.01 |   2.21 |   1.69 |
11:11-Tue-Feb-07-2017 PM10  |   4.69 |   4.20 |   5.05 |   2.72 |
11:11-Tue-Feb-07-2017 PM2.5 |   2.17 |   2.05 |   2.21 |   1.69 |
11:15-Tue-Feb-07-2017 PM10  |   4.64 |   4.29 |   5.05 |   2.72 |
11:15-Tue-Feb-07-2017 PM2.5 |   2.16 |   2.07 |   2.21 |   1.69 |
11:16-Tue-Feb-07-2017 PM10  |   4.11 |   4.26 |   5.05 |   2.72 |
11:16-Tue-Feb-07-2017 PM2.5 |   2.19 |   2.09 |   2.21 |   1.69 |
11:20-Tue-Feb-07-2017 PM10  |   5.00 |   4.37 |   5.05 |   2.72 |
11:20-Tue-Feb-07-2017 PM2.5 |   2.03 |   2.08 |   2.21 |   1.69 |
11:21-Tue-Feb-07-2017 PM10  |   5.00 |   4.44 |   5.05 |   2.72 |
11:21-Tue-Feb-07-2017 PM2.5 |   2.03 |   2.08 |   2.21 |   1.69 |
11:22-Tue-Feb-07-2017 PM10  |   6.39 |   4.66 |   5.05 |   2.72 |
11:22-Tue-Feb-07-2017 PM2.5 |   2.27 |   2.10 |   2.21 |   1.69 |
11:26-Tue-Feb-07-2017 PM10  |   5.18 |   4.71 |   5.05 |   2.72 |
11:26-Tue-Feb-07-2017 PM2.5 |   2.14 |   2.10 |   2.21 |   1.69 |
11:27-Tue-Feb-07-2017 PM10  |   3.99 |   4.65 |   5.05 |   2.72 |
11:27-Tue-Feb-07-2017 PM2.5 |   2.08 |   2.10 |   2.21 |   1.69 |
11:31-Tue-Feb-07-2017 PM10  |   4.69 |   4.65 |   5.05 |   2.72 |
11:31-Tue-Feb-07-2017 PM2.5 |   2.09 |   2.10 |   2.21 |   1.69 |
11:32-Tue-Feb-07-2017 PM10  |   5.65 |   4.73 |   5.05 |   2.72 |
11:32-Tue-Feb-07-2017 PM2.5 |   2.06 |   2.10 |   2.21 |   1.69 |
11:36-Tue-Feb-07-2017 PM10  |   3.14 |   4.61 |   5.05 |   2.72 |
11:36-Tue-Feb-07-2017 PM2.5 |   1.89 |   2.08 |   2.21 |   1.69 |
11:37-Tue-Feb-07-2017 PM10  |   3.76 |   4.56 |   5.05 |   2.72 |
11:37-Tue-Feb-07-2017 PM2.5 |   2.11 |   2.08 |   2.21 |   1.69 |
11:41-Tue-Feb-07-2017 PM10  |   3.88 |   4.52 |   5.05 |   2.72 |
11:41-Tue-Feb-07-2017 PM2.5 |   1.86 |   2.07 |   2.21 |   1.69 |
11:42-Tue-Feb-07-2017 PM10  |   2.54 |   4.40 |   5.05 |   2.72 |
11:42-Tue-Feb-07-2017 PM2.5 |   2.01 |   2.07 |   2.21 |   1.69 |
11:46-Tue-Feb-07-2017 PM10  |   6.82 |   4.53 |   5.05 |   2.72 |
11:46-Tue-Feb-07-2017 PM2.5 |   2.01 |   2.06 |   2.21 |   1.69 |
11:47-Tue-Feb-07-2017 PM10  |   6.82 |   4.65 |   5.05 |   2.72 |
11:47-Tue-Feb-07-2017 PM2.5 |   2.01 |   2.06 |   2.21 |   1.69 |
11:48-Tue-Feb-07-2017 PM10  |   2.65 |   4.55 |   5.05 |   2.72 |
11:48-Tue-Feb-07-2017 PM2.5 |   1.92 |   2.05 |   2.21 |   1.69 |
11:52-Tue-Feb-07-2017 PM10  |   3.20 |   4.49 |   5.05 |   2.72 |
11:52-Tue-Feb-07-2017 PM2.5 |   1.78 |   2.04 |   2.21 |   1.69 |
11:53-Tue-Feb-07-2017 PM10  |   4.65 |   4.50 |   5.05 |   2.72 |
11:53-Tue-Feb-07-2017 PM2.5 |   1.94 |   2.03 |   2.21 |   1.69 |
11:57-Tue-Feb-07-2017 PM10  |   4.38 |   4.49 |   5.05 |   2.72 |
11:57-Tue-Feb-07-2017 PM2.5 |   2.08 |   2.04 |   2.21 |   1.69 |
11:58-Tue-Feb-07-2017 PM10  |   4.23 |   4.48 |   5.05 |   2.72 |
11:58-Tue-Feb-07-2017 PM2.5 |   2.18 |   2.04 |   2.21 |   1.69 |
12:02-Tue-Feb-07-2017 PM10  |   5.37 |   4.52 |   5.05 |   2.72 |
12:02-Tue-Feb-07-2017 PM2.5 |   2.54 |   2.06 |   2.21 |   1.69 |
12:03-Tue-Feb-07-2017 PM10  |   3.45 |   3.45 |   5.05 |   2.72 |
12:03-Tue-Feb-07-2017 PM2.5 |   2.05 |   2.05 |   2.21 |   1.69 |
12:07-Tue-Feb-07-2017 PM10  |   3.18 |   3.32 |   5.05 |   2.72 |
12:07-Tue-Feb-07-2017 PM2.5 |   1.95 |   2.00 |   2.21 |   1.69 |
12:08-Tue-Feb-07-2017 PM10  |   3.12 |   3.25 |   5.05 |   2.72 |
12:08-Tue-Feb-07-2017 PM2.5 |   1.90 |   1.97 |   2.21 |   1.69 |
12:09-Tue-Feb-07-2017 PM10  |   3.12 |   3.22 |   5.05 |   2.72 |
12:09-Tue-Feb-07-2017 PM2.5 |   1.90 |   1.95 |   2.21 |   1.69 |
12:13-Tue-Feb-07-2017 PM10  |   3.90 |   3.35 |   5.05 |   2.72 |
12:13-Tue-Feb-07-2017 PM2.5 |   1.98 |   1.95 |   2.21 |   1.69 |
12:14-Tue-Feb-07-2017 PM10  |   3.08 |   3.31 |   5.05 |   2.72 |
12:14-Tue-Feb-07-2017 PM2.5 |   1.96 |   1.96 |   2.21 |   1.69 |
12:18-Tue-Feb-07-2017 PM10  |   3.02 |   3.27 |   5.05 |   2.72 |
12:18-Tue-Feb-07-2017 PM2.5 |   1.90 |   1.95 |   2.21 |   1.69 |
12:19-Tue-Feb-07-2017 PM10  |   2.92 |   3.22 |   5.05 |   2.72 |
12:19-Tue-Feb-07-2017 PM2.5 |   2.01 |   1.96 |   2.21 |   1.69 |
12:23-Tue-Feb-07-2017 PM10  |   4.46 |   3.36 |   5.05 |   2.72 |
12:23-Tue-Feb-07-2017 PM2.5 |   2.15 |   1.98 |   2.21 |   1.69 |
12:24-Tue-Feb-07-2017 PM10  |   3.11 |   3.34 |   5.05 |   2.72 |
12:24-Tue-Feb-07-2017 PM2.5 |   1.78 |   1.96 |   2.21 |   1.69 |
12:28-Tue-Feb-07-2017 PM10  |   3.64 |   3.36 |   5.05 |   2.72 |
12:28-Tue-Feb-07-2017 PM2.5 |   1.86 |   1.95 |   2.21 |   1.69 |
12:29-Tue-Feb-07-2017 PM10  |   5.65 |   3.55 |   5.05 |   2.72 |
12:29-Tue-Feb-07-2017 PM2.5 |   2.04 |   1.96 |   2.21 |   1.69 |
12:33-Tue-Feb-07-2017 PM10  |   3.49 |   3.55 |   5.05 |   2.72 |
12:33-Tue-Feb-07-2017 PM2.5 |   2.09 |   1.97 |   2.21 |   1.69 |
12:34-Tue-Feb-07-2017 PM10  |   4.37 |   3.61 |   5.05 |   2.72 |
12:34-Tue-Feb-07-2017 PM2.5 |   2.65 |   2.02 |   2.21 |   1.69 |
12:35-Tue-Feb-07-2017 PM10  |   4.37 |   3.66 |   5.05 |   2.72 |
12:35-Tue-Feb-07-2017 PM2.5 |   2.65 |   2.06 |   2.21 |   1.69 |
12:39-Tue-Feb-07-2017 PM10  |   6.25 |   3.82 |   5.05 |   2.72 |
12:39-Tue-Feb-07-2017 PM2.5 |   2.25 |   2.07 |   2.21 |   1.69 |
12:40-Tue-Feb-07-2017 PM10  |   4.82 |   3.88 |   5.05 |   2.72 |
12:40-Tue-Feb-07-2017 PM2.5 |   1.67 |   2.05 |   2.21 |   1.69 |
12:44-Tue-Feb-07-2017 PM10  |   3.06 |   3.83 |   5.05 |   2.72 |
12:44-Tue-Feb-07-2017 PM2.5 |   1.76 |   2.03 |   2.21 |   1.69 |
12:45-Tue-Feb-07-2017 PM10  |   4.10 |   3.85 |   5.05 |   2.72 |
12:45-Tue-Feb-07-2017 PM2.5 |   1.74 |   2.02 |   2.21 |   1.69 |
12:49-Tue-Feb-07-2017 PM10  |   2.29 |   3.77 |   5.05 |   2.72 |
12:49-Tue-Feb-07-2017 PM2.5 |   1.55 |   1.99 |   2.21 |   1.69 |
12:50-Tue-Feb-07-2017 PM10  |   3.43 |   3.75 |   5.05 |   2.72 |
12:50-Tue-Feb-07-2017 PM2.5 |   1.88 |   1.99 |   2.21 |   1.69 |
12:54-Tue-Feb-07-2017 PM10  |   3.40 |   3.74 |   5.05 |   2.72 |
12:54-Tue-Feb-07-2017 PM2.5 |   1.97 |   1.99 |   2.21 |   1.69 |
12:55-Tue-Feb-07-2017 PM10  |   4.62 |   3.78 |   5.05 |   2.72 |
12:55-Tue-Feb-07-2017 PM2.5 |   1.89 |   1.98 |   2.21 |   1.69 |
12:59-Tue-Feb-07-2017 PM10  |   4.24 |   3.80 |   5.05 |   2.72 |
12:59-Tue-Feb-07-2017 PM2.5 |   1.84 |   1.98 |   2.21 |   1.69 |
13:00-Tue-Feb-07-2017 PM10  |   3.09 |   3.77 |   5.05 |   2.72 |
13:00-Tue-Feb-07-2017 PM2.5 |   1.87 |   1.97 |   2.21 |   1.69 |
13:01-Tue-Feb-07-2017 PM10  |   3.09 |   3.09 |   5.05 |   2.72 |
13:01-Tue-Feb-07-2017 PM2.5 |   1.87 |   1.87 |   2.21 |   1.69 |
13:05-Tue-Feb-07-2017 PM10  |   3.88 |   3.49 |   5.05 |   2.72 |
13:05-Tue-Feb-07-2017 PM2.5 |   2.03 |   1.95 |   2.21 |   1.69 |
13:06-Tue-Feb-07-2017 PM10  |   3.22 |   3.40 |   5.05 |   2.72 |
13:06-Tue-Feb-07-2017 PM2.5 |   1.84 |   1.91 |   2.21 |   1.69 |
13:10-Tue-Feb-07-2017 PM10  |   3.44 |   3.41 |   5.05 |   2.72 |
13:10-Tue-Feb-07-2017 PM2.5 |   1.76 |   1.87 |   2.21 |   1.69 |
13:11-Tue-Feb-07-2017 PM10  |   3.15 |   3.36 |   5.05 |   2.72 |
13:11-Tue-Feb-07-2017 PM2.5 |   1.99 |   1.90 |   2.21 |   1.69 |
13:15-Tue-Feb-07-2017 PM10  |   4.26 |   3.51 |   5.05 |   2.72 |
13:15-Tue-Feb-07-2017 PM2.5 |   2.05 |   1.92 |   2.21 |   1.69 |
13:16-Tue-Feb-07-2017 PM10  |   6.21 |   3.89 |   5.05 |   2.72 |
13:16-Tue-Feb-07-2017 PM2.5 |   2.73 |   2.04 |   2.21 |   1.69 |
13:20-Tue-Feb-07-2017 PM10  |  10.06 |   4.67 |   5.05 |   2.72 |
13:20-Tue-Feb-07-2017 PM2.5 |   4.50 |   2.35 |   2.21 |   1.69 |
13:21-Tue-Feb-07-2017 PM10  |   4.44 |   4.64 |   5.05 |   2.72 |
13:21-Tue-Feb-07-2017 PM2.5 |   2.08 |   2.32 |   2.21 |   1.69 |
13:25-Tue-Feb-07-2017 PM10  |   4.04 |   4.58 |   5.05 |   2.72 |
13:25-Tue-Feb-07-2017 PM2.5 |   2.10 |   2.29 |   2.21 |   1.69 |
13:26-Tue-Feb-07-2017 PM10  |   4.06 |   4.53 |   5.05 |   2.72 |
13:26-Tue-Feb-07-2017 PM2.5 |   2.16 |   2.28 |   2.21 |   1.69 |
13:27-Tue-Feb-07-2017 PM10  |   4.06 |   4.49 |   5.05 |   2.72 |
13:27-Tue-Feb-07-2017 PM2.5 |   2.16 |   2.27 |   2.21 |   1.69 |
13:31-Tue-Feb-07-2017 PM10  |   3.62 |   4.43 |   5.05 |   2.72 |
13:31-Tue-Feb-07-2017 PM2.5 |   2.01 |   2.25 |   2.21 |   1.69 |
13:32-Tue-Feb-07-2017 PM10  |   2.94 |   4.32 |   5.05 |   2.72 |
13:32-Tue-Feb-07-2017 PM2.5 |   1.85 |   2.22 |   2.21 |   1.69 |
13:36-Tue-Feb-07-2017 PM10  |   2.75 |   4.22 |   5.05 |   2.72 |
13:36-Tue-Feb-07-2017 PM2.5 |   1.82 |   2.20 |   2.21 |   1.69 |
13:37-Tue-Feb-07-2017 PM10  |   3.18 |   4.15 |   5.05 |   2.72 |
13:37-Tue-Feb-07-2017 PM2.5 |   1.88 |   2.18 |   2.21 |   1.69 |
13:41-Tue-Feb-07-2017 PM10  |   4.16 |   4.15 |   5.05 |   2.72 |
13:41-Tue-Feb-07-2017 PM2.5 |   1.86 |   2.16 |   2.21 |   1.69 |
13:42-Tue-Feb-07-2017 PM10  |   3.30 |   4.10 |   5.05 |   2.72 |
13:42-Tue-Feb-07-2017 PM2.5 |   1.91 |   2.14 |   2.21 |   1.69 |
13:46-Tue-Feb-07-2017 PM10  |   2.87 |   4.04 |   5.05 |   2.72 |
13:46-Tue-Feb-07-2017 PM2.5 |   1.96 |   2.13 |   2.21 |   1.69 |
13:47-Tue-Feb-07-2017 PM10  |   2.89 |   3.98 |   5.05 |   2.72 |
13:47-Tue-Feb-07-2017 PM2.5 |   1.96 |   2.13 |   2.21 |   1.69 |
13:58-Tue-Feb-07-2017Start
14:07-Tue-Feb-07-2017Start
14:19-Tue-Feb-07-2017Start
14:24-Tue-Feb-07-2017 PM10  |   3.08 |   3.08 |   0.00 |  2000.00|
14:24-Tue-Feb-07-2017 PM2.5 |   2.01 |   2.01 |   0.00 |  2000.00|
14:28-Tue-Feb-07-2017 PM10  |   4.10 |   3.59 |   0.00 |  2000.00|
14:28-Tue-Feb-07-2017 PM2.5 |   2.41 |   2.21 |   0.00 |  2000.00|
14:29-Tue-Feb-07-2017 PM10  |   3.40 |   3.53 |   0.00 |  2000.00|
14:29-Tue-Feb-07-2017 PM2.5 |   2.08 |   2.17 |   0.00 |  2000.00|
14:53-Tue-Feb-07-2017Start
14:58-Tue-Feb-07-2017 PM10  |   4.33 |   4.33 |   0.00 |  2000.00|
14:58-Tue-Feb-07-2017 PM2.5 |   2.25 |   2.25 |   0.00 |  2000.00|
15:02-Tue-Feb-07-2017 PM10  |   3.87 |   4.10 |   4.10 |   4.10 |
15:02-Tue-Feb-07-2017 PM2.5 |   2.33 |   2.29 |   2.29 |   2.29 |
15:03-Tue-Feb-07-2017Start
15:07-Tue-Feb-07-2017Start
15:11-Tue-Feb-07-2017Start
15:16-Tue-Feb-07-2017 PM10  |   2.83 |   2.83 |   0.00 |  2000.00|
15:16-Tue-Feb-07-2017 PM2.5 |   2.08 |   2.08 |   0.00 |  2000.00|
15:20-Tue-Feb-07-2017 PM10  |   2.59 |   2.71 |   0.00 |  2000.00|
15:20-Tue-Feb-07-2017 PM2.5 |   1.89 |   1.98 |   0.00 |  2000.00|
15:21-Tue-Feb-07-2017 PM10  |   3.37 |   2.93 |   0.00 |  2000.00|
15:21-Tue-Feb-07-2017 PM2.5 |   1.96 |   1.98 |   0.00 |  2000.00|
15:25-Tue-Feb-07-2017 PM10  |   2.83 |   2.90 |   0.00 |  2000.00|
15:25-Tue-Feb-07-2017 PM2.5 |   2.11 |   2.01 |   0.00 |  2000.00|
15:26-Tue-Feb-07-2017 PM10  |   3.03 |   2.93 |   0.00 |  2000.00|
15:26-Tue-Feb-07-2017 PM2.5 |   1.95 |   2.00 |   0.00 |  2000.00|
15:30-Tue-Feb-07-2017 PM10  |   4.44 |   3.18 |   0.00 |  2000.00|
15:30-Tue-Feb-07-2017 PM2.5 |   2.05 |   2.01 |   0.00 |  2000.00|
15:31-Tue-Feb-07-2017 PM10  |   2.59 |   3.10 |   0.00 |  2000.00|
15:31-Tue-Feb-07-2017 PM2.5 |   1.99 |   2.00 |   0.00 |  2000.00|
15:35-Tue-Feb-07-2017 PM10  |   3.32 |   3.12 |   0.00 |  2000.00|
15:35-Tue-Feb-07-2017 PM2.5 |   2.28 |   2.04 |   0.00 |  2000.00|
15:36-Tue-Feb-07-2017 PM10  |   4.00 |   3.22 |   0.00 |  2000.00|
15:36-Tue-Feb-07-2017 PM2.5 |   2.27 |   2.06 |   0.00 |  2000.00|
15:37-Tue-Feb-07-2017 PM10  |   4.00 |   3.30 |   0.00 |  2000.00|
15:37-Tue-Feb-07-2017 PM2.5 |   2.27 |   2.08 |   0.00 |  2000.00|
15:41-Tue-Feb-07-2017 PM10  |   2.45 |   3.22 |   0.00 |  2000.00|
15:41-Tue-Feb-07-2017 PM2.5 |   2.00 |   2.08 |   0.00 |  2000.00|
15:42-Tue-Feb-07-2017 PM10  |   6.25 |   3.47 |   0.00 |  2000.00|
15:42-Tue-Feb-07-2017 PM2.5 |   2.16 |   2.08 |   0.00 |  2000.00|
15:46-Tue-Feb-07-2017 PM10  |   3.06 |   3.44 |   0.00 |  2000.00|
15:46-Tue-Feb-07-2017 PM2.5 |   2.08 |   2.08 |   0.00 |  2000.00|
15:47-Tue-Feb-07-2017 PM10  |   3.70 |   3.46 |   0.00 |  2000.00|
15:47-Tue-Feb-07-2017 PM2.5 |   1.98 |   2.08 |   0.00 |  2000.00|
15:51-Tue-Feb-07-2017 PM10  |   3.06 |   3.43 |   0.00 |  2000.00|
15:51-Tue-Feb-07-2017 PM2.5 |   1.94 |   2.07 |   0.00 |  2000.00|
15:52-Tue-Feb-07-2017 PM10  |   2.49 |   3.37 |   0.00 |  2000.00|
15:52-Tue-Feb-07-2017 PM2.5 |   1.91 |   2.06 |   0.00 |  2000.00|
15:56-Tue-Feb-07-2017 PM10  |   3.01 |   3.35 |   0.00 |  2000.00|
15:56-Tue-Feb-07-2017 PM2.5 |   2.32 |   2.07 |   0.00 |  2000.00|
15:57-Tue-Feb-07-2017 PM10  |   2.55 |   3.31 |   0.00 |  2000.00|
15:57-Tue-Feb-07-2017 PM2.5 |   1.93 |   2.06 |   0.00 |  2000.00|
16:01-Tue-Feb-07-2017 PM10  |   4.37 |   3.36 |   3.36 |   3.36 |
16:01-Tue-Feb-07-2017 PM2.5 |   1.98 |   2.06 |   2.06 |   2.06 |
16:02-Tue-Feb-07-2017 PM10  |   3.11 |   3.11 |   3.36 |   3.36 |
16:02-Tue-Feb-07-2017 PM2.5 |   2.13 |   2.13 |   2.06 |   2.06 |
16:06-Tue-Feb-07-2017 PM10  |   3.33 |   3.22 |   3.36 |   3.36 |
16:06-Tue-Feb-07-2017 PM2.5 |   2.10 |   2.12 |   2.06 |   2.06 |
16:07-Tue-Feb-07-2017 PM10  |   3.33 |   3.26 |   3.36 |   3.36 |
16:07-Tue-Feb-07-2017 PM2.5 |   2.10 |   2.11 |   2.06 |   2.06 |
16:08-Tue-Feb-07-2017 PM10  |   3.20 |   3.24 |   3.36 |   3.36 |
16:08-Tue-Feb-07-2017 PM2.5 |   2.00 |   2.08 |   2.06 |   2.06 |
16:12-Tue-Feb-07-2017 PM10  |   2.73 |   3.14 |   3.36 |   3.36 |
16:12-Tue-Feb-07-2017 PM2.5 |   2.05 |   2.08 |   2.06 |   2.06 |
16:13-Tue-Feb-07-2017 PM10  |   6.99 |   3.78 |   3.36 |   3.36 |
16:13-Tue-Feb-07-2017 PM2.5 |   2.59 |   2.16 |   2.06 |   2.06 |
16:17-Tue-Feb-07-2017 PM10  |   2.19 |   3.56 |   3.36 |   3.36 |
16:17-Tue-Feb-07-2017 PM2.5 |   1.86 |   2.12 |   2.06 |   2.06 |
16:18-Tue-Feb-07-2017 PM10  |   3.19 |   3.51 |   3.36 |   3.36 |
16:18-Tue-Feb-07-2017 PM2.5 |   2.36 |   2.15 |   2.06 |   2.06 |
16:22-Tue-Feb-07-2017 PM10  |   2.85 |   3.44 |   3.36 |   3.36 |
16:22-Tue-Feb-07-2017 PM2.5 |   2.25 |   2.16 |   2.06 |   2.06 |
16:23-Tue-Feb-07-2017 PM10  |   2.72 |   3.37 |   3.36 |   3.36 |
16:23-Tue-Feb-07-2017 PM2.5 |   2.13 |   2.16 |   2.06 |   2.06 |
16:27-Tue-Feb-07-2017 PM10  |   3.03 |   3.34 |   3.36 |   3.36 |
16:27-Tue-Feb-07-2017 PM2.5 |   2.28 |   2.17 |   2.06 |   2.06 |
16:28-Tue-Feb-07-2017 PM10  |   4.81 |   3.46 |   3.36 |   3.36 |
16:28-Tue-Feb-07-2017 PM2.5 |   2.38 |   2.19 |   2.06 |   2.06 |
16:32-Tue-Feb-07-2017 PM10  |   3.10 |   3.43 |   3.36 |   3.36 |
16:32-Tue-Feb-07-2017 PM2.5 |   2.07 |   2.18 |   2.06 |   2.06 |
16:33-Tue-Feb-07-2017 PM10  |   3.10 |   3.41 |   3.36 |   3.36 |
16:33-Tue-Feb-07-2017 PM2.5 |   2.07 |   2.17 |   2.06 |   2.06 |
16:34-Tue-Feb-07-2017 PM10  |   3.83 |   3.43 |   3.36 |   3.36 |
16:34-Tue-Feb-07-2017 PM2.5 |   2.19 |   2.17 |   2.06 |   2.06 |
16:38-Tue-Feb-07-2017 PM10  |   4.11 |   3.48 |   3.36 |   3.36 |
16:38-Tue-Feb-07-2017 PM2.5 |   2.28 |   2.18 |   2.06 |   2.06 |
16:39-Tue-Feb-07-2017 PM10  |   4.09 |   3.51 |   3.36 |   3.36 |
16:39-Tue-Feb-07-2017 PM2.5 |   2.14 |   2.18 |   2.06 |   2.06 |
16:43-Tue-Feb-07-2017 PM10  |   4.98 |   3.59 |   3.36 |   3.36 |
16:43-Tue-Feb-07-2017 PM2.5 |   2.26 |   2.18 |   2.06 |   2.06 |
16:44-Tue-Feb-07-2017 PM10  |   3.84 |   3.61 |   3.36 |   3.36 |
16:44-Tue-Feb-07-2017 PM2.5 |   2.26 |   2.18 |   2.06 |   2.06 |
16:48-Tue-Feb-07-2017 PM10  |   3.61 |   3.61 |   3.36 |   3.36 |
16:48-Tue-Feb-07-2017 PM2.5 |   2.44 |   2.20 |   2.06 |   2.06 |
16:49-Tue-Feb-07-2017 PM10  |   3.01 |   3.58 |   3.36 |   3.36 |
16:49-Tue-Feb-07-2017 PM2.5 |   2.39 |   2.21 |   2.06 |   2.06 |
16:53-Tue-Feb-07-2017 PM10  |   4.36 |   3.61 |   3.36 |   3.36 |
16:53-Tue-Feb-07-2017 PM2.5 |   2.37 |   2.21 |   2.06 |   2.06 |
16:54-Tue-Feb-07-2017 PM10  |   3.23 |   3.60 |   3.36 |   3.36 |
16:54-Tue-Feb-07-2017 PM2.5 |   2.47 |   2.23 |   2.06 |   2.06 |
16:59-Tue-Feb-07-2017 PM10  |   4.38 |   3.63 |   3.36 |   3.36 |
16:59-Tue-Feb-07-2017 PM2.5 |   2.48 |   2.24 |   2.06 |   2.06 |
17:00-Tue-Feb-07-2017 PM10  |   4.38 |   3.66 |   3.66 |   3.36 |
17:00-Tue-Feb-07-2017 PM2.5 |   2.48 |   2.25 |   2.25 |   2.06 |
17:01-Tue-Feb-07-2017 PM10  |   4.42 |   4.42 |   3.66 |   3.36 |
17:01-Tue-Feb-07-2017 PM2.5 |   2.33 |   2.33 |   2.25 |   2.06 |
17:05-Tue-Feb-07-2017 PM10  |   3.66 |   4.04 |   3.66 |   3.36 |
17:05-Tue-Feb-07-2017 PM2.5 |   2.57 |   2.45 |   2.25 |   2.06 |
17:06-Tue-Feb-07-2017 PM10  |   3.68 |   3.92 |   3.66 |   3.36 |
17:06-Tue-Feb-07-2017 PM2.5 |   2.30 |   2.40 |   2.25 |   2.06 |
17:10-Tue-Feb-07-2017 PM10  |   3.82 |   3.89 |   3.66 |   3.36 |
17:10-Tue-Feb-07-2017 PM2.5 |   2.45 |   2.41 |   2.25 |   2.06 |
17:11-Tue-Feb-07-2017 PM10  |   3.87 |   3.89 |   3.66 |   3.36 |
17:11-Tue-Feb-07-2017 PM2.5 |   2.50 |   2.43 |   2.25 |   2.06 |
17:15-Tue-Feb-07-2017 PM10  |   5.75 |   4.20 |   3.66 |   3.36 |
17:15-Tue-Feb-07-2017 PM2.5 |   2.70 |   2.48 |   2.25 |   2.06 |
17:16-Tue-Feb-07-2017 PM10  |   5.20 |   4.34 |   3.66 |   3.36 |
17:16-Tue-Feb-07-2017 PM2.5 |   2.76 |   2.52 |   2.25 |   2.06 |
17:20-Tue-Feb-07-2017 PM10  |   3.81 |   4.28 |   3.66 |   3.36 |
17:20-Tue-Feb-07-2017 PM2.5 |   2.57 |   2.52 |   2.25 |   2.06 |
17:21-Tue-Feb-07-2017 PM10  |   4.46 |   4.30 |   3.66 |   3.36 |
17:21-Tue-Feb-07-2017 PM2.5 |   2.84 |   2.56 |   2.25 |   2.06 |
17:25-Tue-Feb-07-2017 PM10  |   4.21 |   4.29 |   3.66 |   3.36 |
17:25-Tue-Feb-07-2017 PM2.5 |   2.73 |   2.58 |   2.25 |   2.06 |
17:26-Tue-Feb-07-2017 PM10  |   5.17 |   4.37 |   3.66 |   3.36 |
17:26-Tue-Feb-07-2017 PM2.5 |   2.72 |   2.59 |   2.25 |   2.06 |
17:27-Tue-Feb-07-2017 PM10  |   5.17 |   4.43 |   3.66 |   3.36 |
17:27-Tue-Feb-07-2017 PM2.5 |   2.72 |   2.60 |   2.25 |   2.06 |
17:31-Tue-Feb-07-2017 PM10  |   5.01 |   4.48 |   3.66 |   3.36 |
17:31-Tue-Feb-07-2017 PM2.5 |   2.57 |   2.60 |   2.25 |   2.06 |
17:32-Tue-Feb-07-2017 PM10  |   4.79 |   4.50 |   3.66 |   3.36 |
17:32-Tue-Feb-07-2017 PM2.5 |   2.68 |   2.60 |   2.25 |   2.06 |
19:38-Tue-Feb-07-2017Start
19:50-Tue-Feb-07-2017Start
19:57-Tue-Feb-07-2017Start
20:02-Tue-Feb-07-2017 PM10  |   5.73 |   5.73 |   5.73 |   5.73 |Isalvatorehost.no-ip.org/aria-I92.223.147.77/nodered-
20:02-Tue-Feb-07-2017 PM2.5 |   3.82 |   3.82 |   3.82 |   3.82 |Isalvatorehost.no-ip.org/aria-I92.223.147.77/nodered-
20:06-Tue-Feb-07-2017 PM10  |   6.93 |   6.93 |   5.73 |   5.73 |Isalvatorehost.no-ip.org/aria-I92.223.147.77/nodered-
20:06-Tue-Feb-07-2017 PM2.5 |   3.78 |   3.78 |   3.82 |   3.82 |Isalvatorehost.no-ip.org/aria-I92.223.147.77/nodered-
20:07-Tue-Feb-07-2017 PM10  |   8.16 |   7.54 |   5.73 |   5.73 |Isalvatorehost.no-ip.org/aria-I92.223.147.77/nodered-
20:07-Tue-Feb-07-2017 PM2.5 |   3.68 |   3.73 |   3.82 |   3.82 |Isalvatorehost.no-ip.org/aria-I92.223.147.77/nodered-
20:11-Tue-Feb-07-2017 PM10  |  10.05 |   8.38 |   5.73 |   5.73 |Isalvatorehost.no-ip.org/aria-I92.223.147.77/nodered-
20:11-Tue-Feb-07-2017 PM2.5 |   3.85 |   3.77 |   3.82 |   3.82 |Isalvatorehost.no-ip.org/aria-I92.223.147.77/nodered-
20:12-Tue-Feb-07-2017 PM10  |   5.60 |   7.68 |   5.73 |   5.73 |Isalvatorehost.no-ip.org/aria-I92.223.147.77/nodered-
20:12-Tue-Feb-07-2017 PM2.5 |   3.67 |   3.75 |   3.82 |   3.82 |Isalvatorehost.no-ip.org/aria-I92.223.147.77/nodered-
20:16-Tue-Feb-07-2017 PM10  |   5.37 |   7.22 |   5.73 |   5.73 |Isalvatorehost.no-ip.org/aria-I92.223.147.77/nodered-
20:16-Tue-Feb-07-2017 PM2.5 |   3.74 |   3.74 |   3.82 |   3.82 |Isalvatorehost.no-ip.org/aria-I92.223.147.77/nodered-
20:17-Tue-Feb-07-2017 PM10  |   8.19 |   7.38 |   5.73 |   5.73 |Isalvatorehost.no-ip.org/aria-I92.223.147.77/nodered-
20:17-Tue-Feb-07-2017 PM2.5 |   4.08 |   3.80 |   3.82 |   3.82 |Isalvatorehost.no-ip.org/aria-I92.223.147.77/nodered-
20:21-Tue-Feb-07-2017 PM10  |   6.19 |   7.21 |   5.73 |   5.73 |Isalvatorehost.no-ip.org/aria-I92.223.147.77/nodered-
20:21-Tue-Feb-07-2017 PM2.5 |   3.87 |   3.81 |   3.82 |   3.82 |Isalvatorehost.no-ip.org/aria-I92.223.147.77/nodered-
20:22-Tue-Feb-07-2017 PM10  |   7.40 |   7.24 |   5.73 |   5.73 |Isalvatorehost.no-ip.org/aria-I92.223.147.77/nodered-
20:22-Tue-Feb-07-2017 PM2.5 |   4.10 |   3.85 |   3.82 |   3.82 |Isalvatorehost.no-ip.org/aria-I92.223.147.77/nodered-
20:23-Tue-Feb-07-2017 PM10  |   7.40 |   7.25 |   5.73 |   5.73 |Isalvatorehost.no-ip.org/aria-I92.223.147.77/nodered-
20:23-Tue-Feb-07-2017 PM2.5 |   4.10 |   3.88 |   3.82 |   3.82 |Isalvatorehost.no-ip.org/aria-I92.223.147.77/nodered-
20:27-Tue-Feb-07-2017 PM10  |   7.22 |   7.25 |   5.73 |   5.73 |Isalvatorehost.no-ip.org/aria-I92.223.147.77/nodered-
20:27-Tue-Feb-07-2017 PM2.5 |   4.26 |   3.91 |   3.82 |   3.82 |Isalvatorehost.no-ip.org/aria-I92.223.147.77/nodered-
20:28-Tue-Feb-07-2017 PM10  |   7.81 |   7.30 |   5.73 |   5.73 |Isalvatorehost.no-ip.org/aria-I92.223.147.77/nodered-
20:28-Tue-Feb-07-2017 PM2.5 |   4.42 |   3.96 |   3.82 |   3.82 |Isalvatorehost.no-ip.org/aria-I92.223.147.77/nodered-
20:32-Tue-Feb-07-2017 PM10  |   7.55 |   7.32 |   5.73 |   5.73 |Isalvatorehost.no-ip.org/aria-I92.223.147.77/nodered-
20:32-Tue-Feb-07-2017 PM2.5 |   4.29 |   3.99 |   3.82 |   3.82 |Isalvatorehost.no-ip.org/aria-I92.223.147.77/nodered-
20:33-Tue-Feb-07-2017 PM10  |   6.22 |   7.24 |   5.73 |   5.73 |Isalvatorehost.no-ip.org/aria-I92.223.147.77/nodered-
20:33-Tue-Feb-07-2017 PM2.5 |   3.66 |   3.96 |   3.82 |   3.82 |Isalvatorehost.no-ip.org/aria-I92.223.147.77/nodered-
20:37-Tue-Feb-07-2017 PM10  |   6.56 |   7.19 |   5.73 |   5.73 |Isalvatorehost.no-ip.org/aria-I92.223.147.77/nodered-
20:37-Tue-Feb-07-2017 PM2.5 |   4.01 |   3.97 |   3.82 |   3.82 |Isalvatorehost.no-ip.org/aria-I92.223.147.77/nodered-
20:38-Tue-Feb-07-2017 PM10  |   6.12 |   7.12 |   5.73 |   5.73 |Isalvatorehost.no-ip.org/aria-I92.223.147.77/nodered-
20:38-Tue-Feb-07-2017 PM2.5 |   3.92 |   3.96 |   3.82 |   3.82 |Isalvatorehost.no-ip.org/aria-I92.223.147.77/nodered-
20:42-Tue-Feb-07-2017 PM10  |   5.49 |   7.02 |   5.73 |   5.73 |Isalvatorehost.no-ip.org/aria-I92.223.147.77/nodered-
20:42-Tue-Feb-07-2017 PM2.5 |   4.07 |   3.97 |   3.82 |   3.82 |Isalvatorehost.no-ip.org/aria-I92.223.147.77/nodered-
20:43-Tue-Feb-07-2017 PM10  |   6.40 |   6.98 |   5.73 |   5.73 |Isalvatorehost.no-ip.org/aria-I92.223.147.77/nodered-
20:43-Tue-Feb-07-2017 PM2.5 |   4.02 |   3.97 |   3.82 |   3.82 |Isalvatorehost.no-ip.org/aria-I92.223.147.77/nodered-
20:47-Tue-Feb-07-2017 PM10  |   7.97 |   7.03 |   5.73 |   5.73 |Isalvatorehost.no-ip.org/aria-I92.223.147.77/nodered-
20:47-Tue-Feb-07-2017 PM2.5 |   4.66 |   4.01 |   3.82 |   3.82 |Isalvatorehost.no-ip.org/aria-I92.223.147.77/nodered-
20:48-Tue-Feb-07-2017 PM10  |   7.84 |   7.08 |   5.73 |   5.73 |Isalvatorehost.no-ip.org/aria-I92.223.147.77/nodered-
20:48-Tue-Feb-07-2017 PM2.5 |   5.08 |   4.07 |   3.82 |   3.82 |Isalvatorehost.no-ip.org/aria-I92.223.147.77/nodered-
20:49-Tue-Feb-07-2017 PM10  |   7.84 |   7.12 |   5.73 |   5.73 |Isalvatorehost.no-ip.org/aria-I92.223.147.77/nodered-
20:49-Tue-Feb-07-2017 PM2.5 |   5.08 |   4.12 |   3.82 |   3.82 |Isalvatorehost.no-ip.org/aria-I92.223.147.77/nodered-
20:53-Tue-Feb-07-2017 PM10  |   9.81 |   7.24 |   5.73 |   5.73 |Isalvatorehost.no-ip.org/aria-I92.223.147.77/nodered-
20:53-Tue-Feb-07-2017 PM2.5 |   5.26 |   4.17 |   3.82 |   3.82 |Isalvatorehost.no-ip.org/aria-I92.223.147.77/nodered-
20:54-Tue-Feb-07-2017 PM10  |   8.21 |   7.29 |   5.73 |   5.73 |Isalvatorehost.no-ip.org/aria-I92.223.147.77/nodered-
20:54-Tue-Feb-07-2017 PM2.5 |   4.41 |   4.18 |   3.82 |   3.82 |Isalvatorehost.no-ip.org/aria-I92.223.147.77/nodered-
20:58-Tue-Feb-07-2017 PM10  |   7.62 |   7.30 |   5.73 |   5.73 |Isalvatorehost.no-ip.org/aria-I92.223.147.77/nodered-
20:58-Tue-Feb-07-2017 PM2.5 |   4.79 |   4.21 |   3.82 |   3.82 |Isalvatorehost.no-ip.org/aria-I92.223.147.77/nodered-
20:59-Tue-Feb-07-2017 PM10  |  11.16 |   7.46 |   5.73 |   5.73 |Isalvatorehost.no-ip.org/aria-I92.223.147.77/nodered-
20:59-Tue-Feb-07-2017 PM2.5 |   4.69 |   4.23 |   3.82 |   3.82 |Isalvatorehost.no-ip.org/aria-I92.223.147.77/nodered-
21:03-Tue-Feb-07-2017 PM10  |  10.14 |   7.57 |   7.57 |   5.73 |Isalvatorehost.no-ip.org/aria-I92.223.147.77/nodered-
21:03-Tue-Feb-07-2017 PM2.5 |   5.17 |   4.27 |   4.27 |   3.82 |Isalvatorehost.no-ip.org/aria-I92.223.147.77/nodered-
21:04-Tue-Feb-07-2017 PM10  |   7.74 |   7.74 |   7.57 |   5.73 |Isalvatorehost.no-ip.org/aria-I92.223.147.77/nodered-
21:04-Tue-Feb-07-2017 PM2.5 |   4.49 |   4.49 |   4.27 |   3.82 |Isalvatorehost.no-ip.org/aria-I92.223.147.77/nodered-
21:08-Tue-Feb-07-2017 PM10  |   8.61 |   8.18 |   7.57 |   5.73 |Isalvatorehost.no-ip.org/aria-I92.223.147.77/nodered-
21:08-Tue-Feb-07-2017 PM2.5 |   4.68 |   4.58 |   4.27 |   3.82 |Isalvatorehost.no-ip.org/aria-I92.223.147.77/nodered-
21:09-Tue-Feb-07-2017 PM10  |  12.06 |   9.47 |   7.57 |   5.73 |Isalvatorehost.no-ip.org/aria-I92.223.147.77/nodered-
21:09-Tue-Feb-07-2017 PM2.5 |   4.88 |   4.68 |   4.27 |   3.82 |Isalvatorehost.no-ip.org/aria-I92.223.147.77/nodered-
21:13-Tue-Feb-07-2017 PM10  |   8.65 |   9.27 |   7.57 |   5.73 |Isalvatorehost.no-ip.org/aria-I92.223.147.77/nodered-
21:13-Tue-Feb-07-2017 PM2.5 |   5.29 |   4.83 |   4.27 |   3.82 |Isalvatorehost.no-ip.org/aria-I92.223.147.77/nodered-
21:14-Tue-Feb-07-2017 PM10  |  10.62 |   9.54 |   7.57 |   5.73 |Isalvatorehost.no-ip.org/aria-I92.223.147.77/nodered-
21:14-Tue-Feb-07-2017 PM2.5 |   5.02 |   4.87 |   4.27 |   3.82 |Isalvatorehost.no-ip.org/aria-I92.223.147.77/nodered-
21:18-Tue-Feb-07-2017 PM10  |   9.34 |   9.50 |   7.57 |   5.73 |Isalvatorehost.no-ip.org/aria-I92.223.147.77/nodered-
21:18-Tue-Feb-07-2017 PM2.5 |   5.58 |   4.99 |   4.27 |   3.82 |Isalvatorehost.no-ip.org/aria-I92.223.147.77/nodered-
21:19-Tue-Feb-07-2017 PM10  |   9.34 |   9.48 |   7.57 |   5.73 |Isalvatorehost.no-ip.org/aria-I92.223.147.77/nodered-
21:19-Tue-Feb-07-2017 PM2.5 |   5.58 |   5.07 |   4.27 |   3.82 |Isalvatorehost.no-ip.org/aria-I92.223.147.77/nodered-
21:20-Tue-Feb-07-2017 PM10  |   9.38 |   9.47 |   7.57 |   5.73 |Isalvatorehost.no-ip.org/aria-I92.223.147.77/nodered-
21:20-Tue-Feb-07-2017 PM2.5 |   5.14 |   5.08 |   4.27 |   3.82 |Isalvatorehost.no-ip.org/aria-I92.223.147.77/nodered-
21:24-Tue-Feb-07-2017 PM10  |   8.30 |   9.34 |   7.57 |   5.73 |Isalvatorehost.no-ip.org/aria-I92.223.147.77/nodered-
21:24-Tue-Feb-07-2017 PM2.5 |   5.29 |   5.11 |   4.27 |   3.82 |Isalvatorehost.no-ip.org/aria-I92.223.147.77/nodered-
21:25-Tue-Feb-07-2017 PM10  |   9.79 |   9.38 |   7.57 |   5.73 |Isalvatorehost.no-ip.org/aria-I92.223.147.77/nodered-
21:25-Tue-Feb-07-2017 PM2.5 |   5.19 |   5.11 |   4.27 |   3.82 |Isalvatorehost.no-ip.org/aria-I92.223.147.77/nodered-
21:29-Tue-Feb-07-2017 PM10  |   8.78 |   9.33 |   7.57 |   5.73 |Isalvatorehost.no-ip.org/aria-I92.223.147.77/nodered-
21:29-Tue-Feb-07-2017 PM2.5 |   5.51 |   5.15 |   4.27 |   3.82 |Isalvatorehost.no-ip.org/aria-I92.223.147.77/nodered-
21:30-Tue-Feb-07-2017 PM10  |   8.17 |   9.23 |   7.57 |   5.73 |Isalvatorehost.no-ip.org/aria-I92.223.147.77/nodered-
21:30-Tue-Feb-07-2017 PM2.5 |   5.35 |   5.17 |   4.27 |   3.82 |Isalvatorehost.no-ip.org/aria-I92.223.147.77/nodered-
21:34-Tue-Feb-07-2017 PM10  |   9.94 |   9.29 |   7.57 |   5.73 |Isalvatorehost.no-ip.org/aria-I92.223.147.77/nodered-
21:34-Tue-Feb-07-2017 PM2.5 |   5.75 |   5.21 |   4.27 |   3.82 |Isalvatorehost.no-ip.org/aria-I92.223.147.77/nodered-
21:35-Tue-Feb-07-2017 PM10  |   9.95 |   9.33 |   7.57 |   5.73 |Isalvatorehost.no-ip.org/aria-I92.223.147.77/nodered-
21:35-Tue-Feb-07-2017 PM2.5 |   5.48 |   5.23 |   4.27 |   3.82 |Isalvatorehost.no-ip.org/aria-I92.223.147.77/nodered-
21:39-Tue-Feb-07-2017 PM10  |   8.49 |   9.28 |   7.57 |   5.73 |Isalvatorehost.no-ip.org/aria-I92.223.147.77/nodered-
21:39-Tue-Feb-07-2017 PM2.5 |   5.48 |   5.25 |   4.27 |   3.82 |Isalvatorehost.no-ip.org/aria-I92.223.147.77/nodered-
21:40-Tue-Feb-07-2017 PM10  |   9.60 |   9.30 |   7.57 |   5.73 |Isalvatorehost.no-ip.org/aria-I92.223.147.77/nodered-
21:40-Tue-Feb-07-2017 PM2.5 |   5.11 |   5.24 |   4.27 |   3.82 |Isalvatorehost.no-ip.org/aria-I92.223.147.77/nodered-
21:44-Tue-Feb-07-2017 PM10  |   9.00 |   9.28 |   7.57 |   5.73 |Isalvatorehost.no-ip.org/aria-I92.223.147.77/nodered-
21:44-Tue-Feb-07-2017 PM2.5 |   5.37 |   5.25 |   4.27 |   3.82 |Isalvatorehost.no-ip.org/aria-I92.223.147.77/nodered-
21:46-Tue-Feb-07-2017 PM10  |   9.00 |   9.26 |   7.57 |   5.73 |Isalvatorehost.no-ip.org/aria-I92.223.147.77/nodered-
21:46-Tue-Feb-07-2017 PM2.5 |   5.37 |   5.25 |   4.27 |   3.82 |Isalvatorehost.no-ip.org/aria-I92.223.147.77/nodered-
21:47-Tue-Feb-07-2017 PM10  |   9.01 |   9.25 |   7.57 |   5.73 |Isalvatorehost.no-ip.org/aria-I92.223.147.77/nodered-
21:47-Tue-Feb-07-2017 PM2.5 |   5.42 |   5.26 |   4.27 |   3.82 |Isalvatorehost.no-ip.org/aria-I92.223.147.77/nodered-
21:51-Tue-Feb-07-2017 PM10  |  10.81 |   9.33 |   7.57 |   5.73 |Isalvatorehost.no-ip.org/aria-I92.223.147.77/nodered-
21:51-Tue-Feb-07-2017 PM2.5 |   5.95 |   5.30 |   4.27 |   3.82 |Isalvatorehost.no-ip.org/aria-I92.223.147.77/nodered-
21:52-Tue-Feb-07-2017 PM10  |   9.41 |   9.33 |   7.57 |   5.73 |Isalvatorehost.no-ip.org/aria-I92.223.147.77/nodered-
21:52-Tue-Feb-07-2017 PM2.5 |   5.27 |   5.29 |   4.27 |   3.82 |Isalvatorehost.no-ip.org/aria-I92.223.147.77/nodered-
21:56-Tue-Feb-07-2017 PM10  |   9.77 |   9.35 |   7.57 |   5.73 |Isalvatorehost.no-ip.org/aria-I92.223.147.77/nodered-
21:56-Tue-Feb-07-2017 PM2.5 |   5.34 |   5.30 |   4.27 |   3.82 |Isalvatorehost.no-ip.org/aria-I92.223.147.77/nodered-
21:57-Tue-Feb-07-2017 PM10  |   7.64 |   9.28 |   7.57 |   5.73 |Isalvatorehost.no-ip.org/aria-I92.223.147.77/nodered-
21:57-Tue-Feb-07-2017 PM2.5 |   4.95 |   5.28 |   4.27 |   3.82 |Isalvatorehost.no-ip.org/aria-I92.223.147.77/nodered-
22:01-Tue-Feb-07-2017 PM10  |   9.27 |   9.28 |   9.28 |   5.73 |Isalvatorehost.no-ip.org/aria-I92.223.147.77/nodered-
22:01-Tue-Feb-07-2017 PM2.5 |   5.12 |   5.28 |   5.28 |   3.82 |Isalvatorehost.no-ip.org/aria-I92.223.147.77/nodered-
22:02-Tue-Feb-07-2017 PM10  |  12.41 |  12.41 |   9.28 |   5.73 |Isalvatorehost.no-ip.org/aria-I92.223.147.77/nodered-
22:02-Tue-Feb-07-2017 PM2.5 |   4.96 |   4.96 |   5.28 |   3.82 |Isalvatorehost.no-ip.org/aria-I92.223.147.77/nodered-
22:06-Tue-Feb-07-2017 PM10  |   8.26 |  10.33 |   9.28 |   5.73 |Isalvatorehost.no-ip.org/aria-I92.223.147.77/nodered-
22:06-Tue-Feb-07-2017 PM2.5 |   5.36 |   5.16 |   5.28 |   3.82 |Isalvatorehost.no-ip.org/aria-I92.223.147.77/nodered-
22:07-Tue-Feb-07-2017 PM10  |   9.44 |  10.03 |   9.28 |   5.73 |Isalvatorehost.no-ip.org/aria-I92.223.147.77/nodered-
22:07-Tue-Feb-07-2017 PM2.5 |   5.40 |   5.24 |   5.28 |   3.82 |Isalvatorehost.no-ip.org/aria-I92.223.147.77/nodered-
22:11-Tue-Feb-07-2017 PM10  |  10.27 |  10.09 |   9.28 |   5.73 |Isalvatorehost.no-ip.org/aria-I92.223.147.77/nodered-
22:11-Tue-Feb-07-2017 PM2.5 |   5.94 |   5.41 |   5.28 |   3.82 |Isalvatorehost.no-ip.org/aria-I92.223.147.77/nodered-
22:12-Tue-Feb-07-2017 PM10  |  10.27 |  10.13 |   9.28 |   5.73 |Isalvatorehost.no-ip.org/aria-I92.223.147.77/nodered-
22:12-Tue-Feb-07-2017 PM2.5 |   5.94 |   5.52 |   5.28 |   3.82 |Isalvatorehost.no-ip.org/aria-I92.223.147.77/nodered-
22:13-Tue-Feb-07-2017 PM10  |  11.57 |  10.37 |   9.28 |   5.73 |Isalvatorehost.no-ip.org/aria-I92.223.147.77/nodered-
22:13-Tue-Feb-07-2017 PM2.5 |   6.23 |   5.64 |   5.28 |   3.82 |Isalvatorehost.no-ip.org/aria-I92.223.147.77/nodered-
22:17-Tue-Feb-07-2017 PM10  |  11.51 |  10.53 |   9.28 |   5.73 |Isalvatorehost.no-ip.org/aria-I92.223.147.77/nodered-
22:17-Tue-Feb-07-2017 PM2.5 |   6.22 |   5.72 |   5.28 |   3.82 |Isalvatorehost.no-ip.org/aria-I92.223.147.77/nodered-
22:18-Tue-Feb-07-2017 PM10  |  18.14 |  11.48 |   9.28 |   5.73 |Isalvatorehost.no-ip.org/aria-I92.223.147.77/nodered-
22:18-Tue-Feb-07-2017 PM2.5 |   8.13 |   6.02 |   5.28 |   3.82 |Isalvatorehost.no-ip.org/aria-I92.223.147.77/nodered-
22:22-Tue-Feb-07-2017 PM10  |  16.69 |  12.06 |   9.28 |   5.73 |Isalvatorehost.no-ip.org/aria-I92.223.147.77/nodered-
22:22-Tue-Feb-07-2017 PM2.5 |   8.55 |   6.30 |   5.28 |   3.82 |Isalvatorehost.no-ip.org/aria-I92.223.147.77/nodered-
22:23-Tue-Feb-07-2017 PM10  |  12.03 |  12.06 |   9.28 |   5.73 |Isalvatorehost.no-ip.org/aria-I92.223.147.77/nodered-
22:23-Tue-Feb-07-2017 PM2.5 |   6.94 |   6.37 |   5.28 |   3.82 |Isalvatorehost.no-ip.org/aria-I92.223.147.77/nodered-
22:27-Tue-Feb-07-2017 PM10  |  12.82 |  12.13 |   9.28 |   5.73 |Isalvatorehost.no-ip.org/aria-I92.223.147.77/nodered-
22:27-Tue-Feb-07-2017 PM2.5 |   8.18 |   6.53 |   5.28 |   3.82 |Isalvatorehost.no-ip.org/aria-I92.223.147.77/nodered-
22:28-Tue-Feb-07-2017 PM10  |  16.17 |  12.47 |   9.28 |   5.73 |Isalvatorehost.no-ip.org/aria-I92.223.147.77/nodered-
22:28-Tue-Feb-07-2017 PM2.5 |   8.01 |   6.65 |   5.28 |   3.82 |Isalvatorehost.no-ip.org/aria-I92.223.147.77/nodered-
22:32-Tue-Feb-07-2017 PM10  |  19.17 |  12.98 |   9.28 |   5.73 |Isalvatorehost.no-ip.org/aria-I92.223.147.77/nodered-
22:32-Tue-Feb-07-2017 PM2.5 |   8.84 |   6.82 |   5.28 |   3.82 |Isalvatorehost.no-ip.org/aria-I92.223.147.77/nodered-
22:33-Tue-Feb-07-2017 PM10  |  18.81 |  13.40 |   9.28 |   5.73 |Isalvatorehost.no-ip.org/aria-I92.223.147.77/nodered-
22:33-Tue-Feb-07-2017 PM2.5 |   8.96 |   6.97 |   5.28 |   3.82 |Isalvatorehost.no-ip.org/aria-I92.223.147.77/nodered-
22:37-Tue-Feb-07-2017 PM10  |  17.04 |  13.64 |   9.28 |   5.73 |Isalvatorehost.no-ip.org/aria-I92.223.147.77/nodered-
22:37-Tue-Feb-07-2017 PM2.5 |   9.65 |   7.15 |   5.28 |   3.82 |Isalvatorehost.no-ip.org/aria-I92.223.147.77/nodered-
22:38-Tue-Feb-07-2017 PM10  |  17.04 |  13.85 |   9.28 |   5.73 |Isalvatorehost.no-ip.org/aria-I92.223.147.77/nodered-
22:38-Tue-Feb-07-2017 PM2.5 |   9.65 |   7.31 |   5.28 |   3.82 |Isalvatorehost.no-ip.org/aria-I92.223.147.77/nodered-
22:39-Tue-Feb-07-2017 PM10  |  18.77 |  14.14 |   9.28 |   5.73 |Isalvatorehost.no-ip.org/aria-I92.223.147.77/nodered-
22:39-Tue-Feb-07-2017 PM2.5 |   9.33 |   7.43 |   5.28 |   3.82 |Isalvatorehost.no-ip.org/aria-I92.223.147.77/nodered-
22:43-Tue-Feb-07-2017 PM10  |  19.03 |  14.41 |   9.28 |   5.73 |Isalvatorehost.no-ip.org/aria-I92.223.147.77/nodered-
22:43-Tue-Feb-07-2017 PM2.5 |   9.83 |   7.56 |   5.28 |   3.82 |Isalvatorehost.no-ip.org/aria-I92.223.147.77/nodered-
22:44-Tue-Feb-07-2017 PM10  |  21.09 |  14.77 |   9.28 |   5.73 |Isalvatorehost.no-ip.org/aria-I92.223.147.77/nodered-
22:44-Tue-Feb-07-2017 PM2.5 |   9.56 |   7.67 |   5.28 |   3.82 |Isalvatorehost.no-ip.org/aria-I92.223.147.77/nodered-
22:48-Tue-Feb-07-2017 PM10  |  20.74 |  15.06 |   9.28 |   5.73 |Isalvatorehost.no-ip.org/aria-I92.223.147.77/nodered-
22:48-Tue-Feb-07-2017 PM2.5 |  10.25 |   7.80 |   5.28 |   3.82 |Isalvatorehost.no-ip.org/aria-I92.223.147.77/nodered-
22:49-Tue-Feb-07-2017 PM10  |  19.36 |  15.27 |   9.28 |   5.73 |Isalvatorehost.no-ip.org/aria-I92.223.147.77/nodered-
22:49-Tue-Feb-07-2017 PM2.5 |   9.63 |   7.88 |   5.28 |   3.82 |Isalvatorehost.no-ip.org/aria-I92.223.147.77/nodered-
22:53-Tue-Feb-07-2017 PM10  |  20.96 |  15.53 |   9.28 |   5.73 |Isalvatorehost.no-ip.org/aria-I92.223.147.77/nodered-
22:53-Tue-Feb-07-2017 PM2.5 |  10.69 |   8.01 |   5.28 |   3.82 |Isalvatorehost.no-ip.org/aria-I92.223.147.77/nodered-
22:54-Tue-Feb-07-2017 PM10  |  18.19 |  15.64 |   9.28 |   5.73 |Isalvatorehost.no-ip.org/aria-I92.223.147.77/nodered-
22:54-Tue-Feb-07-2017 PM2.5 |   9.87 |   8.09 |   5.28 |   3.82 |Isalvatorehost.no-ip.org/aria-I92.223.147.77/nodered-
22:58-Tue-Feb-07-2017 PM10  |  22.06 |  15.91 |   9.28 |   5.73 |Isalvatorehost.no-ip.org/aria-I92.223.147.77/nodered-
22:58-Tue-Feb-07-2017 PM2.5 |  11.06 |   8.22 |   5.28 |   3.82 |Isalvatorehost.no-ip.org/aria-I92.223.147.77/nodered-
22:59-Tue-Feb-07-2017 PM10  |  17.78 |  15.99 |   9.28 |   5.73 |Isalvatorehost.no-ip.org/aria-I92.223.147.77/nodered-
22:59-Tue-Feb-07-2017 PM2.5 |   9.61 |   8.27 |   5.28 |   3.82 |Isalvatorehost.no-ip.org/aria-I92.223.147.77/nodered-
23:03-Tue-Feb-07-2017 PM10  |  18.81 |  16.09 |  16.09 |   5.73 |Isalvatorehost.no-ip.org/aria-I92.223.147.77/nodered-
23:03-Tue-Feb-07-2017 PM2.5 |  10.15 |   8.34 |   8.34 |   3.82 |Isalvatorehost.no-ip.org/aria-I92.223.147.77/nodered-
23:04-Tue-Feb-07-2017 PM10  |  18.43 |  18.43 |  16.09 |   5.73 |Isalvatorehost.no-ip.org/aria-I92.223.147.77/nodered-
23:04-Tue-Feb-07-2017 PM2.5 |   9.64 |   9.64 |   8.34 |   3.82 |Isalvatorehost.no-ip.org/aria-I92.223.147.77/nodered-
23:05-Tue-Feb-07-2017 PM10  |  18.43 |  18.43 |  16.09 |   5.73 |Isalvatorehost.no-ip.org/aria-I92.223.147.77/nodered-
23:05-Tue-Feb-07-2017 PM2.5 |   9.64 |   9.64 |   8.34 |   3.82 |Isalvatorehost.no-ip.org/aria-I92.223.147.77/nodered-
23:09-Tue-Feb-07-2017 PM10  |  16.54 |  17.80 |  16.09 |   5.73 |Isalvatorehost.no-ip.org/aria-I92.223.147.77/nodered-
23:09-Tue-Feb-07-2017 PM2.5 |   9.43 |   9.57 |   8.34 |   3.82 |Isalvatorehost.no-ip.org/aria-I92.223.147.77/nodered-
23:10-Tue-Feb-07-2017 PM10  |  19.01 |  18.10 |  16.09 |   5.73 |Isalvatorehost.no-ip.org/aria-I92.223.147.77/nodered-
23:10-Tue-Feb-07-2017 PM2.5 |   9.52 |   9.55 |   8.34 |   3.82 |Isalvatorehost.no-ip.org/aria-I92.223.147.77/nodered-
23:14-Tue-Feb-07-2017 PM10  |  18.22 |  18.12 |  16.09 |   5.73 |Isalvatorehost.no-ip.org/aria-I92.223.147.77/nodered-
23:14-Tue-Feb-07-2017 PM2.5 |  10.09 |   9.66 |   8.34 |   3.82 |Isalvatorehost.no-ip.org/aria-I92.223.147.77/nodered-
23:15-Tue-Feb-07-2017 PM10  |  17.79 |  18.07 |  16.09 |   5.73 |Isalvatorehost.no-ip.org/aria-I92.223.147.77/nodered-
23:15-Tue-Feb-07-2017 PM2.5 |   9.55 |   9.64 |   8.34 |   3.82 |Isalvatorehost.no-ip.org/aria-I92.223.147.77/nodered-
23:19-Tue-Feb-07-2017 PM10  |  18.27 |  18.10 |  16.09 |   5.73 |Isalvatorehost.no-ip.org/aria-I92.223.147.77/nodered-
23:19-Tue-Feb-07-2017 PM2.5 |   9.99 |   9.69 |   8.34 |   3.82 |Isalvatorehost.no-ip.org/aria-I92.223.147.77/nodered-
23:20-Tue-Feb-07-2017 PM10  |  15.92 |  17.82 |  16.09 |   5.73 |Isalvatorehost.no-ip.org/aria-I92.223.147.77/nodered-
23:20-Tue-Feb-07-2017 PM2.5 |   8.72 |   9.57 |   8.34 |   3.82 |Isalvatorehost.no-ip.org/aria-I92.223.147.77/nodered-
23:24-Tue-Feb-07-2017 PM10  |  17.46 |  17.78 |  16.09 |   5.73 |Isalvatorehost.no-ip.org/aria-I92.223.147.77/nodered-
23:24-Tue-Feb-07-2017 PM2.5 |   9.23 |   9.53 |   8.34 |   3.82 |Isalvatorehost.no-ip.org/aria-I92.223.147.77/nodered-
23:25-Tue-Feb-07-2017 PM10  |  16.33 |  17.64 |  16.09 |   5.73 |Isalvatorehost.no-ip.org/aria-I92.223.147.77/nodered-
23:25-Tue-Feb-07-2017 PM2.5 |   8.69 |   9.45 |   8.34 |   3.82 |Isalvatorehost.no-ip.org/aria-I92.223.147.77/nodered-
23:29-Tue-Feb-07-2017 PM10  |  18.63 |  17.73 |  16.09 |   5.73 |Isalvatorehost.no-ip.org/aria-I92.223.147.77/nodered-
23:29-Tue-Feb-07-2017 PM2.5 |   8.65 |   9.38 |   8.34 |   3.82 |Isalvatorehost.no-ip.org/aria-I92.223.147.77/nodered-
23:30-Tue-Feb-07-2017 PM10  |  17.19 |  17.68 |  16.09 |   5.73 |Isalvatorehost.no-ip.org/aria-I92.223.147.77/nodered-
23:30-Tue-Feb-07-2017 PM2.5 |   8.04 |   9.27 |   8.34 |   3.82 |Isalvatorehost.no-ip.org/aria-I92.223.147.77/nodered-
23:34-Tue-Feb-07-2017 PM10  |  16.20 |  17.57 |  16.09 |   5.73 |Isalvatorehost.no-ip.org/aria-I92.223.147.77/nodered-
23:34-Tue-Feb-07-2017 PM2.5 |   8.28 |   9.19 |   8.34 |   3.82 |Isalvatorehost.no-ip.org/aria-I92.223.147.77/nodered-
23:35-Tue-Feb-07-2017 PM10  |  16.20 |  17.47 |  16.09 |   5.73 |Isalvatorehost.no-ip.org/aria-I92.223.147.77/nodered-
23:35-Tue-Feb-07-2017 PM2.5 |   8.28 |   9.12 |   8.34 |   3.82 |Isalvatorehost.no-ip.org/aria-I92.223.147.77/nodered-
23:36-Tue-Feb-07-2017Start
23:36-Tue-Feb-07-2017 PM10  |  17.81 |  17.50 |  16.09 |   5.73 |Isalvatorehost.no-ip.org/aria-I92.223.147.77/nodered-
23:36-Tue-Feb-07-2017 PM2.5 |   8.55 |   9.09 |   8.34 |   3.82 |Isalvatorehost.no-ip.org/aria-I92.223.147.77/nodered-
23:40-Tue-Feb-07-2017 PM10  |  14.42 |  17.30 |  16.09 |   5.73 |Isalvatorehost.no-ip.org/aria-I92.223.147.77/nodered-
23:40-Tue-Feb-07-2017 PM2.5 |   8.08 |   9.02 |   8.34 |   3.82 |Isalvatorehost.no-ip.org/aria-I92.223.147.77/nodered-
23:41-Tue-Feb-07-2017 PM10  |  13.45 |  17.08 |  16.09 |   5.73 |Isalvatorehost.no-ip.org/aria-I92.223.147.77/nodered-
23:41-Tue-Feb-07-2017 PM2.5 |   7.79 |   8.95 |   8.34 |   3.82 |Isalvatorehost.no-ip.org/aria-I92.223.147.77/nodered-
23:45-Tue-Feb-07-2017 PM10  |  14.08 |  16.91 |  16.09 |   5.73 |Isalvatorehost.no-ip.org/aria-I92.223.147.77/nodered-
23:45-Tue-Feb-07-2017 PM2.5 |   8.57 |   8.93 |   8.34 |   3.82 |Isalvatorehost.no-ip.org/aria-I92.223.147.77/nodered-
23:46-Tue-Feb-07-2017 PM10  |  12.48 |  16.68 |  16.09 |   5.73 |Isalvatorehost.no-ip.org/aria-I92.223.147.77/nodered-
23:46-Tue-Feb-07-2017 PM2.5 |   8.08 |   8.89 |   8.34 |   3.82 |Isalvatorehost.no-ip.org/aria-I92.223.147.77/nodered-
23:50-Tue-Feb-07-2017 PM10  |  13.89 |  16.54 |  16.09 |   5.73 |Isalvatorehost.no-ip.org/aria-I92.223.147.77/nodered-
23:50-Tue-Feb-07-2017 PM2.5 |   8.60 |   8.87 |   8.34 |   3.82 |Isalvatorehost.no-ip.org/aria-I92.223.147.77/nodered-
23:51-Tue-Feb-07-2017 PM10  |  14.58 |  16.44 |  16.09 |   5.73 |Isalvatorehost.no-ip.org/aria-I92.223.147.77/nodered-
23:51-Tue-Feb-07-2017 PM2.5 |   8.26 |   8.84 |   8.34 |   3.82 |Isalvatorehost.no-ip.org/aria-I92.223.147.77/nodered-
23:55-Tue-Feb-07-2017 PM10  |  15.23 |  16.39 |  16.09 |   5.73 |Isalvatorehost.no-ip.org/aria-I92.223.147.77/nodered-
23:55-Tue-Feb-07-2017 PM2.5 |   8.54 |   8.83 |   8.34 |   3.82 |Isalvatorehost.no-ip.org/aria-I92.223.147.77/nodered-
23:56-Tue-Feb-07-2017 PM10  |  16.97 |  16.41 |  16.09 |   5.73 |Isalvatorehost.no-ip.org/aria-I92.223.147.77/nodered-
23:56-Tue-Feb-07-2017 PM2.5 |   8.09 |   8.80 |   8.34 |   3.82 |Isalvatorehost.no-ip.org/aria-I92.223.147.77/nodered-
00:00-Wed-Feb-08-2017 PM10  |  17.47 |  16.46 |  16.46 |   5.73 |Isalvatorehost.no-ip.org/aria-I92.223.147.77/nodered-
