[Tue Apr 11 00:00:41 2017] Report del giorno Tuesday April 11 2017 -- INVIATO a centraline@googlegroups.com
00:00-Tue-Apr-11-2017 PM2.5 |   5.65 |   5.80 |  85.71 |   5.09 |I I 
00:04-Tue-Apr-11-2017 PM10  |  12.51 |  12.51 |   0.00 |  2000.00|I I 
00:04-Tue-Apr-11-2017 PM2.5 |   6.26 |   6.26 |   0.00 |  2000.00|I I 
00:05-Tue-Apr-11-2017 PM10  |  11.20 |  11.86 |   0.00 |  2000.00|I I 
00:05-Tue-Apr-11-2017 PM2.5 |   5.77 |   6.01 |   0.00 |  2000.00|I I 
00:09-Tue-Apr-11-2017 PM10  |  11.25 |  11.66 |   0.00 |  2000.00|I I 
00:09-Tue-Apr-11-2017 PM2.5 |   6.11 |   6.05 |   0.00 |  2000.00|I I 
00:10-Tue-Apr-11-2017 PM10  |  10.42 |  11.35 |   0.00 |  2000.00|I I 
00:10-Tue-Apr-11-2017 PM2.5 |   5.95 |   6.02 |   0.00 |  2000.00|I I 
00:14-Tue-Apr-11-2017 PM10  |   8.17 |  10.71 |   0.00 |  2000.00|I I 
00:14-Tue-Apr-11-2017 PM2.5 |   5.72 |   5.96 |   0.00 |  2000.00|I I 
00:15-Tue-Apr-11-2017 PM10  |   8.17 |  10.29 |   0.00 |  2000.00|I I 
00:15-Tue-Apr-11-2017 PM2.5 |   5.72 |   5.92 |   0.00 |  2000.00|I I 
00:16-Tue-Apr-11-2017 PM10  |  12.06 |  10.54 |   0.00 |  2000.00|I I 
00:16-Tue-Apr-11-2017 PM2.5 |   5.63 |   5.88 |   0.00 |  2000.00|I I 
00:20-Tue-Apr-11-2017 PM10  |  11.26 |  10.63 |   0.00 |  2000.00|I I 
00:20-Tue-Apr-11-2017 PM2.5 |   5.72 |   5.86 |   0.00 |  2000.00|I I 
00:21-Tue-Apr-11-2017 PM10  |  11.91 |  10.77 |   0.00 |  2000.00|I I 
00:21-Tue-Apr-11-2017 PM2.5 |   5.73 |   5.85 |   0.00 |  2000.00|I I 
00:25-Tue-Apr-11-2017 PM10  |  12.51 |  10.95 |   0.00 |  2000.00|I I 
00:25-Tue-Apr-11-2017 PM2.5 |   5.84 |   5.85 |   0.00 |  2000.00|I I 
00:26-Tue-Apr-11-2017 PM10  |  14.65 |  11.28 |   0.00 |  2000.00|I I 
00:26-Tue-Apr-11-2017 PM2.5 |   5.92 |   5.85 |   0.00 |  2000.00|I I 
00:30-Tue-Apr-11-2017 PM10  |  12.00 |  11.34 |   0.00 |  2000.00|I I 
00:30-Tue-Apr-11-2017 PM2.5 |   5.76 |   5.85 |   0.00 |  2000.00|I I 
00:31-Tue-Apr-11-2017 PM10  |  12.33 |  11.42 |   0.00 |  2000.00|I I 
00:31-Tue-Apr-11-2017 PM2.5 |   6.09 |   5.86 |   0.00 |  2000.00|I I 
00:35-Tue-Apr-11-2017 PM10  |  16.10 |  11.75 |   0.00 |  2000.00|I I 
00:35-Tue-Apr-11-2017 PM2.5 |   5.99 |   5.87 |   0.00 |  2000.00|I I 
00:36-Tue-Apr-11-2017 PM10  |   9.94 |  11.63 |   0.00 |  2000.00|I I 
00:36-Tue-Apr-11-2017 PM2.5 |   5.75 |   5.86 |   0.00 |  2000.00|I I 
00:40-Tue-Apr-11-2017 PM10  |  10.88 |  11.59 |   0.00 |  2000.00|I I 
00:40-Tue-Apr-11-2017 PM2.5 |   5.59 |   5.85 |   0.00 |  2000.00|I I 
00:41-Tue-Apr-11-2017 PM10  |  10.88 |  11.54 |   0.00 |  2000.00|I I 
00:41-Tue-Apr-11-2017 PM2.5 |   5.59 |   5.83 |   0.00 |  2000.00|I I 
00:42-Tue-Apr-11-2017 PM10  |   8.41 |  11.37 |   0.00 |  2000.00|I I 
00:42-Tue-Apr-11-2017 PM2.5 |   5.62 |   5.82 |   0.00 |  2000.00|I I 
00:46-Tue-Apr-11-2017 PM10  |   9.44 |  11.27 |   0.00 |  2000.00|I I 
00:46-Tue-Apr-11-2017 PM2.5 |   5.62 |   5.81 |   0.00 |  2000.00|I I 
00:47-Tue-Apr-11-2017 PM10  |  11.92 |  11.30 |   0.00 |  2000.00|I I 
00:47-Tue-Apr-11-2017 PM2.5 |   5.77 |   5.81 |   0.00 |  2000.00|I I 
00:51-Tue-Apr-11-2017 PM10  |  12.04 |  11.34 |   0.00 |  2000.00|I I 
00:51-Tue-Apr-11-2017 PM2.5 |   5.84 |   5.81 |   0.00 |  2000.00|I I 
00:52-Tue-Apr-11-2017 PM10  |  11.23 |  11.33 |   0.00 |  2000.00|I I 
00:52-Tue-Apr-11-2017 PM2.5 |   5.51 |   5.80 |   0.00 |  2000.00|I I 
00:56-Tue-Apr-11-2017 PM10  |  11.39 |  11.33 |   0.00 |  2000.00|I I 
00:56-Tue-Apr-11-2017 PM2.5 |   5.55 |   5.78 |   0.00 |  2000.00|I I 
00:57-Tue-Apr-11-2017 PM10  |  11.74 |  11.35 |   0.00 |  2000.00|I I 
00:57-Tue-Apr-11-2017 PM2.5 |   5.50 |   5.77 |   0.00 |  2000.00|I I 
01:02-Tue-Apr-11-2017 PM10  |  10.90 |  11.33 |  11.33 |  11.33 |I I 
01:02-Tue-Apr-11-2017 PM2.5 |   5.77 |   5.77 |   5.77 |   5.77 |I I 
01:03-Tue-Apr-11-2017 PM10  |   9.72 |   9.72 |  11.33 |  11.33 |I I 
01:03-Tue-Apr-11-2017 PM2.5 |   5.38 |   5.38 |   5.77 |   5.77 |I I 
01:07-Tue-Apr-11-2017 PM10  |  11.43 |  10.58 |  11.33 |  11.33 |I I 
01:07-Tue-Apr-11-2017 PM2.5 |   5.62 |   5.50 |   5.77 |   5.77 |I I 
01:08-Tue-Apr-11-2017 PM10  |  11.43 |  10.86 |  11.33 |  11.33 |I I 
01:08-Tue-Apr-11-2017 PM2.5 |   5.62 |   5.54 |   5.77 |   5.77 |I I 
01:09-Tue-Apr-11-2017 PM10  |   8.94 |  10.38 |  11.33 |  11.33 |I I 
01:09-Tue-Apr-11-2017 PM2.5 |   5.55 |   5.54 |   5.77 |   5.77 |I I 
01:13-Tue-Apr-11-2017 PM10  |   9.41 |  10.19 |  11.33 |  11.33 |I I 
01:13-Tue-Apr-11-2017 PM2.5 |   5.37 |   5.51 |   5.77 |   5.77 |I I 
01:14-Tue-Apr-11-2017 PM10  |   9.47 |  10.07 |  11.33 |  11.33 |I I 
01:14-Tue-Apr-11-2017 PM2.5 |   5.23 |   5.46 |   5.77 |   5.77 |I I 
01:18-Tue-Apr-11-2017 PM10  |  10.52 |  10.13 |  11.33 |  11.33 |I I 
01:18-Tue-Apr-11-2017 PM2.5 |   5.74 |   5.50 |   5.77 |   5.77 |I I 
01:19-Tue-Apr-11-2017 PM10  |  11.75 |  10.33 |  11.33 |  11.33 |I I 
01:19-Tue-Apr-11-2017 PM2.5 |   5.87 |   5.55 |   5.77 |   5.77 |I I 
01:23-Tue-Apr-11-2017 PM10  |  10.08 |  10.31 |  11.33 |  11.33 |I I 
01:23-Tue-Apr-11-2017 PM2.5 |   5.86 |   5.58 |   5.77 |   5.77 |I I 
01:24-Tue-Apr-11-2017 PM10  |  11.73 |  10.45 |  11.33 |  11.33 |I I 
01:24-Tue-Apr-11-2017 PM2.5 |   5.36 |   5.56 |   5.77 |   5.77 |I I 
01:28-Tue-Apr-11-2017 PM10  |  10.22 |  10.43 |  11.33 |  11.33 |I I 
01:28-Tue-Apr-11-2017 PM2.5 |   5.71 |   5.57 |   5.77 |   5.77 |I I 
01:29-Tue-Apr-11-2017 PM10  |   7.89 |  10.22 |  11.33 |  11.33 |I I 
01:29-Tue-Apr-11-2017 PM2.5 |   5.20 |   5.54 |   5.77 |   5.77 |I I 
01:33-Tue-Apr-11-2017 PM10  |  10.46 |  10.23 |  11.33 |  11.33 |I I 
01:33-Tue-Apr-11-2017 PM2.5 |   5.45 |   5.53 |   5.77 |   5.77 |I I 
01:34-Tue-Apr-11-2017 PM10  |  10.46 |  10.25 |  11.33 |  11.33 |I I 
01:34-Tue-Apr-11-2017 PM2.5 |   5.45 |   5.53 |   5.77 |   5.77 |I I 
01:35-Tue-Apr-11-2017 PM10  |  13.36 |  10.46 |  11.33 |  11.33 |I I 
01:35-Tue-Apr-11-2017 PM2.5 |   5.71 |   5.54 |   5.77 |   5.77 |I I 
01:39-Tue-Apr-11-2017 PM10  |  12.82 |  10.61 |  11.33 |  11.33 |I I 
01:39-Tue-Apr-11-2017 PM2.5 |   6.07 |   5.57 |   5.77 |   5.77 |I I 
01:40-Tue-Apr-11-2017 PM10  |  11.46 |  10.66 |  11.33 |  11.33 |I I 
01:40-Tue-Apr-11-2017 PM2.5 |   5.82 |   5.59 |   5.77 |   5.77 |I I 
01:44-Tue-Apr-11-2017 PM10  |   9.24 |  10.58 |  11.33 |  11.33 |I I 
01:44-Tue-Apr-11-2017 PM2.5 |   5.94 |   5.61 |   5.77 |   5.77 |I I 
01:45-Tue-Apr-11-2017 PM10  |  10.98 |  10.60 |  11.33 |  11.33 |I I 
01:45-Tue-Apr-11-2017 PM2.5 |   5.87 |   5.62 |   5.77 |   5.77 |I I 
01:49-Tue-Apr-11-2017 PM10  |  11.41 |  10.64 |  11.33 |  11.33 |I I 
01:49-Tue-Apr-11-2017 PM2.5 |   5.94 |   5.64 |   5.77 |   5.77 |I I 
01:50-Tue-Apr-11-2017 PM10  |   7.89 |  10.51 |  11.33 |  11.33 |I I 
01:50-Tue-Apr-11-2017 PM2.5 |   5.19 |   5.62 |   5.77 |   5.77 |I I 
01:54-Tue-Apr-11-2017 PM10  |  11.46 |  10.55 |  11.33 |  11.33 |I I 
01:54-Tue-Apr-11-2017 PM2.5 |   5.60 |   5.62 |   5.77 |   5.77 |I I 
01:55-Tue-Apr-11-2017 PM10  |   9.60 |  10.51 |  11.33 |  11.33 |I I 
01:55-Tue-Apr-11-2017 PM2.5 |   5.57 |   5.61 |   5.77 |   5.77 |I I 
01:59-Tue-Apr-11-2017 PM10  |  12.61 |  10.60 |  11.33 |  11.33 |I I 
01:59-Tue-Apr-11-2017 PM2.5 |   6.34 |   5.64 |   5.77 |   5.77 |I I 
02:00-Tue-Apr-11-2017 PM10  |  12.61 |  10.68 |  11.33 |  10.68 |I I 
02:00-Tue-Apr-11-2017 PM2.5 |   6.34 |   5.67 |   5.77 |   5.67 |I I 
02:01-Tue-Apr-11-2017 PM10  |  10.99 |  10.99 |  11.33 |  10.68 |I I 
02:01-Tue-Apr-11-2017 PM2.5 |   5.88 |   5.88 |   5.77 |   5.67 |I I 
02:05-Tue-Apr-11-2017 PM10  |   9.50 |  10.25 |  11.33 |  10.68 |I I 
02:05-Tue-Apr-11-2017 PM2.5 |   5.76 |   5.82 |   5.77 |   5.67 |I I 
02:06-Tue-Apr-11-2017 PM10  |   7.92 |   9.47 |  11.33 |  10.68 |I I 
02:06-Tue-Apr-11-2017 PM2.5 |   5.50 |   5.71 |   5.77 |   5.67 |I I 
02:10-Tue-Apr-11-2017 PM10  |  10.07 |   9.62 |  11.33 |  10.68 |I I 
02:10-Tue-Apr-11-2017 PM2.5 |   5.99 |   5.78 |   5.77 |   5.67 |I I 
02:11-Tue-Apr-11-2017 PM10  |  14.63 |  10.62 |  11.33 |  10.68 |I I 
02:11-Tue-Apr-11-2017 PM2.5 |   6.26 |   5.88 |   5.77 |   5.67 |I I 
02:15-Tue-Apr-11-2017 PM10  |  11.90 |  10.84 |  11.33 |  10.68 |I I 
02:15-Tue-Apr-11-2017 PM2.5 |   6.26 |   5.94 |   5.77 |   5.67 |I I 
02:16-Tue-Apr-11-2017 PM10  |  10.67 |  10.81 |  11.33 |  10.68 |I I 
02:16-Tue-Apr-11-2017 PM2.5 |   5.80 |   5.92 |   5.77 |   5.67 |I I 
02:20-Tue-Apr-11-2017 PM10  |  15.66 |  11.42 |  11.33 |  10.68 |I I 
02:20-Tue-Apr-11-2017 PM2.5 |   6.10 |   5.94 |   5.77 |   5.67 |I I 
02:21-Tue-Apr-11-2017 PM10  |   9.77 |  11.23 |  11.33 |  10.68 |I I 
02:21-Tue-Apr-11-2017 PM2.5 |   5.80 |   5.93 |   5.77 |   5.67 |I I 
02:25-Tue-Apr-11-2017 PM10  |  10.31 |  11.14 |  11.33 |  10.68 |I I 
02:25-Tue-Apr-11-2017 PM2.5 |   5.77 |   5.91 |   5.77 |   5.67 |I I 
02:26-Tue-Apr-11-2017 PM10  |  10.31 |  11.07 |  11.33 |  10.68 |I I 
02:26-Tue-Apr-11-2017 PM2.5 |   5.77 |   5.90 |   5.77 |   5.67 |I I 
02:27-Tue-Apr-11-2017 PM10  |   8.91 |  10.89 |  11.33 |  10.68 |I I 
02:27-Tue-Apr-11-2017 PM2.5 |   5.97 |   5.90 |   5.77 |   5.67 |I I 
02:31-Tue-Apr-11-2017 PM10  |  10.02 |  10.82 |  11.33 |  10.68 |I I 
02:31-Tue-Apr-11-2017 PM2.5 |   5.47 |   5.87 |   5.77 |   5.67 |I I 
02:32-Tue-Apr-11-2017 PM10  |  10.61 |  10.81 |  11.33 |  10.68 |I I 
02:32-Tue-Apr-11-2017 PM2.5 |   6.01 |   5.88 |   5.77 |   5.67 |I I 
02:36-Tue-Apr-11-2017 PM10  |  10.09 |  10.76 |  11.33 |  10.68 |I I 
02:36-Tue-Apr-11-2017 PM2.5 |   5.82 |   5.88 |   5.77 |   5.67 |I I 
02:37-Tue-Apr-11-2017 PM10  |   8.77 |  10.63 |  11.33 |  10.68 |I I 
02:37-Tue-Apr-11-2017 PM2.5 |   5.82 |   5.87 |   5.77 |   5.67 |I I 
02:41-Tue-Apr-11-2017 PM10  |   9.96 |  10.59 |  11.33 |  10.68 |I I 
02:41-Tue-Apr-11-2017 PM2.5 |   6.06 |   5.88 |   5.77 |   5.67 |I I 
02:42-Tue-Apr-11-2017 PM10  |   7.92 |  10.45 |  11.33 |  10.68 |I I 
02:42-Tue-Apr-11-2017 PM2.5 |   5.66 |   5.87 |   5.77 |   5.67 |I I 
02:46-Tue-Apr-11-2017 PM10  |  11.50 |  10.50 |  11.33 |  10.68 |I I 
02:46-Tue-Apr-11-2017 PM2.5 |   6.16 |   5.89 |   5.77 |   5.67 |I I 
02:47-Tue-Apr-11-2017 PM10  |   8.50 |  10.40 |  11.33 |  10.68 |I I 
02:47-Tue-Apr-11-2017 PM2.5 |   5.92 |   5.89 |   5.77 |   5.67 |I I 
02:51-Tue-Apr-11-2017 PM10  |   9.48 |  10.36 |  11.33 |  10.68 |I I 
02:51-Tue-Apr-11-2017 PM2.5 |   6.05 |   5.90 |   5.77 |   5.67 |I I 
02:52-Tue-Apr-11-2017 PM10  |   9.48 |  10.32 |  11.33 |  10.68 |I I 
02:52-Tue-Apr-11-2017 PM2.5 |   6.05 |   5.90 |   5.77 |   5.67 |I I 
02:53-Tue-Apr-11-2017 PM10  |   8.46 |  10.24 |  11.33 |  10.68 |I I 
02:53-Tue-Apr-11-2017 PM2.5 |   5.53 |   5.89 |   5.77 |   5.67 |I I 
02:57-Tue-Apr-11-2017 PM10  |  10.36 |  10.24 |  11.33 |  10.68 |I I 
02:57-Tue-Apr-11-2017 PM2.5 |   5.92 |   5.89 |   5.77 |   5.67 |I I 
02:58-Tue-Apr-11-2017 PM10  |  10.98 |  10.27 |  11.33 |  10.68 |I I 
02:58-Tue-Apr-11-2017 PM2.5 |   6.03 |   5.89 |   5.77 |   5.67 |I I 
03:02-Tue-Apr-11-2017 PM10  |  11.94 |  10.34 |  11.33 |  10.34 |I I 
03:02-Tue-Apr-11-2017 PM2.5 |   6.39 |   5.91 |   5.91 |   5.67 |I I 
03:03-Tue-Apr-11-2017 PM10  |   9.33 |   9.33 |  11.33 |  10.34 |I I 
03:03-Tue-Apr-11-2017 PM2.5 |   5.88 |   5.88 |   5.91 |   5.67 |I I 
03:07-Tue-Apr-11-2017 PM10  |  10.13 |   9.73 |  11.33 |  10.34 |I I 
03:07-Tue-Apr-11-2017 PM2.5 |   6.00 |   5.94 |   5.91 |   5.67 |I I 
03:08-Tue-Apr-11-2017 PM10  |   8.54 |   9.33 |  11.33 |  10.34 |I I 
03:08-Tue-Apr-11-2017 PM2.5 |   5.57 |   5.82 |   5.91 |   5.67 |I I 
03:12-Tue-Apr-11-2017 PM10  |   9.87 |   9.47 |  11.33 |  10.34 |I I 
03:12-Tue-Apr-11-2017 PM2.5 |   6.15 |   5.90 |   5.91 |   5.67 |I I 
03:13-Tue-Apr-11-2017 PM10  |  12.99 |  10.17 |  11.33 |  10.34 |I I 
03:13-Tue-Apr-11-2017 PM2.5 |   6.03 |   5.93 |   5.91 |   5.67 |I I 
03:17-Tue-Apr-11-2017 PM10  |   9.39 |  10.04 |  11.33 |  10.34 |I I 
03:17-Tue-Apr-11-2017 PM2.5 |   5.96 |   5.93 |   5.91 |   5.67 |I I 
03:18-Tue-Apr-11-2017 PM10  |   9.39 |   9.95 |  11.33 |  10.34 |I I 
03:18-Tue-Apr-11-2017 PM2.5 |   5.96 |   5.94 |   5.91 |   5.67 |I I 
03:19-Tue-Apr-11-2017 PM10  |   8.89 |   9.82 |  11.33 |  10.34 |I I 
03:19-Tue-Apr-11-2017 PM2.5 |   5.92 |   5.93 |   5.91 |   5.67 |I I 
03:23-Tue-Apr-11-2017 PM10  |   9.31 |   9.76 |  11.33 |  10.34 |I I 
03:23-Tue-Apr-11-2017 PM2.5 |   6.26 |   5.97 |   5.91 |   5.67 |I I 
03:24-Tue-Apr-11-2017 PM10  |  10.36 |   9.82 |  11.33 |  10.34 |I I 
03:24-Tue-Apr-11-2017 PM2.5 |   6.02 |   5.98 |   5.91 |   5.67 |I I 
03:28-Tue-Apr-11-2017 PM10  |  10.97 |   9.93 |  11.33 |  10.34 |I I 
03:28-Tue-Apr-11-2017 PM2.5 |   6.37 |   6.01 |   5.91 |   5.67 |I I 
03:29-Tue-Apr-11-2017 PM10  |  10.20 |   9.95 |  11.33 |  10.34 |I I 
03:29-Tue-Apr-11-2017 PM2.5 |   5.87 |   6.00 |   5.91 |   5.67 |I I 
03:33-Tue-Apr-11-2017 PM10  |  11.29 |  10.05 |  11.33 |  10.34 |I I 
03:33-Tue-Apr-11-2017 PM2.5 |   6.16 |   6.01 |   5.91 |   5.67 |I I 
03:34-Tue-Apr-11-2017 PM10  |   9.77 |  10.03 |  11.33 |  10.34 |I I 
03:34-Tue-Apr-11-2017 PM2.5 |   6.16 |   6.02 |   5.91 |   5.67 |I I 
03:38-Tue-Apr-11-2017 PM10  |  10.59 |  10.07 |  11.33 |  10.34 |I I 
03:38-Tue-Apr-11-2017 PM2.5 |   6.25 |   6.04 |   5.91 |   5.67 |I I 
03:39-Tue-Apr-11-2017 PM10  |   9.57 |  10.04 |  11.33 |  10.34 |I I 
03:39-Tue-Apr-11-2017 PM2.5 |   6.14 |   6.04 |   5.91 |   5.67 |I I 
03:43-Tue-Apr-11-2017 PM10  |  10.72 |  10.08 |  11.33 |  10.34 |I I 
03:43-Tue-Apr-11-2017 PM2.5 |   6.31 |   6.06 |   5.91 |   5.67 |I I 
03:44-Tue-Apr-11-2017 PM10  |  10.72 |  10.11 |  11.33 |  10.34 |I I 
03:44-Tue-Apr-11-2017 PM2.5 |   6.31 |   6.07 |   5.91 |   5.67 |I I 
03:45-Tue-Apr-11-2017 PM10  |   9.97 |  10.11 |  11.33 |  10.34 |I I 
03:45-Tue-Apr-11-2017 PM2.5 |   6.19 |   6.08 |   5.91 |   5.67 |I I 
03:49-Tue-Apr-11-2017 PM10  |  11.04 |  10.15 |  11.33 |  10.34 |I I 
03:49-Tue-Apr-11-2017 PM2.5 |   6.29 |   6.09 |   5.91 |   5.67 |I I 
03:50-Tue-Apr-11-2017 PM10  |  10.52 |  10.17 |  11.33 |  10.34 |I I 
03:50-Tue-Apr-11-2017 PM2.5 |   6.48 |   6.11 |   5.91 |   5.67 |I I 
03:54-Tue-Apr-11-2017 PM10  |   9.63 |  10.15 |  11.33 |  10.34 |I I 
03:54-Tue-Apr-11-2017 PM2.5 |   6.40 |   6.12 |   5.91 |   5.67 |I I 
03:55-Tue-Apr-11-2017 PM10  |   9.90 |  10.13 |  11.33 |  10.34 |I I 
03:55-Tue-Apr-11-2017 PM2.5 |   6.14 |   6.12 |   5.91 |   5.67 |I I 
03:59-Tue-Apr-11-2017 PM10  |   9.69 |  10.12 |  11.33 |  10.34 |I I 
03:59-Tue-Apr-11-2017 PM2.5 |   6.08 |   6.12 |   5.91 |   5.67 |I I 
04:01-Tue-Apr-11-2017 PM10  |   9.19 |  10.08 |  11.33 |  10.08 |I I 
04:01-Tue-Apr-11-2017 PM2.5 |   5.86 |   6.11 |   6.11 |   5.67 |I I 
04:05-Tue-Apr-11-2017 PM10  |  11.01 |  11.01 |  11.33 |  10.08 |I I 
04:05-Tue-Apr-11-2017 PM2.5 |   5.98 |   5.98 |   6.11 |   5.67 |I I 
04:06-Tue-Apr-11-2017 PM10  |  12.51 |  11.76 |  11.33 |  10.08 |I I 
04:06-Tue-Apr-11-2017 PM2.5 |   5.96 |   5.97 |   6.11 |   5.67 |I I 
04:10-Tue-Apr-11-2017 PM10  |   9.80 |  11.11 |  11.33 |  10.08 |I I 
04:10-Tue-Apr-11-2017 PM2.5 |   6.46 |   6.13 |   6.11 |   5.67 |I I 
04:11-Tue-Apr-11-2017 PM10  |   9.80 |  10.78 |  11.33 |  10.08 |I I 
04:11-Tue-Apr-11-2017 PM2.5 |   6.46 |   6.21 |   6.11 |   5.67 |I I 
04:12-Tue-Apr-11-2017 PM10  |  12.97 |  11.22 |  11.33 |  10.08 |I I 
04:12-Tue-Apr-11-2017 PM2.5 |   6.23 |   6.22 |   6.11 |   5.67 |I I 
04:16-Tue-Apr-11-2017 PM10  |  13.07 |  11.53 |  11.33 |  10.08 |I I 
04:16-Tue-Apr-11-2017 PM2.5 |   6.50 |   6.26 |   6.11 |   5.67 |I I 
04:17-Tue-Apr-11-2017 PM10  |  10.20 |  11.34 |  11.33 |  10.08 |I I 
04:17-Tue-Apr-11-2017 PM2.5 |   5.83 |   6.20 |   6.11 |   5.67 |I I 
04:21-Tue-Apr-11-2017 PM10  |   9.52 |  11.11 |  11.33 |  10.08 |I I 
04:21-Tue-Apr-11-2017 PM2.5 |   6.11 |   6.19 |   6.11 |   5.67 |I I 
04:22-Tue-Apr-11-2017 PM10  |  10.69 |  11.06 |  11.33 |  10.08 |I I 
04:22-Tue-Apr-11-2017 PM2.5 |   5.69 |   6.13 |   6.11 |   5.67 |I I 
04:26-Tue-Apr-11-2017 PM10  |  10.32 |  10.99 |  11.33 |  10.08 |I I 
04:26-Tue-Apr-11-2017 PM2.5 |   6.04 |   6.12 |   6.11 |   5.67 |I I 
04:27-Tue-Apr-11-2017 PM10  |   9.73 |  10.87 |  11.33 |  10.08 |I I 
04:27-Tue-Apr-11-2017 PM2.5 |   6.12 |   6.12 |   6.11 |   5.67 |I I 
04:31-Tue-Apr-11-2017 PM10  |   9.17 |  10.73 |  11.33 |  10.08 |I I 
04:31-Tue-Apr-11-2017 PM2.5 |   6.20 |   6.13 |   6.11 |   5.67 |I I 
04:32-Tue-Apr-11-2017 PM10  |  11.74 |  10.81 |  11.33 |  10.08 |I I 
04:32-Tue-Apr-11-2017 PM2.5 |   6.33 |   6.15 |   6.11 |   5.67 |I I 
04:36-Tue-Apr-11-2017 PM10  |  11.32 |  10.85 |  11.33 |  10.08 |I I 
04:36-Tue-Apr-11-2017 PM2.5 |   6.25 |   6.15 |   6.11 |   5.67 |I I 
04:37-Tue-Apr-11-2017 PM10  |  11.32 |  10.88 |  11.33 |  10.08 |I I 
04:37-Tue-Apr-11-2017 PM2.5 |   6.25 |   6.16 |   6.11 |   5.67 |I I 
04:38-Tue-Apr-11-2017 PM10  |  10.64 |  10.86 |  11.33 |  10.08 |I I 
04:38-Tue-Apr-11-2017 PM2.5 |   6.12 |   6.16 |   6.11 |   5.67 |I I 
04:42-Tue-Apr-11-2017 PM10  |   9.44 |  10.78 |  11.33 |  10.08 |I I 
04:42-Tue-Apr-11-2017 PM2.5 |   6.14 |   6.16 |   6.11 |   5.67 |I I 
04:43-Tue-Apr-11-2017 PM10  |   9.57 |  10.71 |  11.33 |  10.08 |I I 
04:43-Tue-Apr-11-2017 PM2.5 |   6.27 |   6.16 |   6.11 |   5.67 |I I 
04:47-Tue-Apr-11-2017 PM10  |   9.13 |  10.63 |  11.33 |  10.08 |I I 
04:47-Tue-Apr-11-2017 PM2.5 |   6.11 |   6.16 |   6.11 |   5.67 |I I 
04:48-Tue-Apr-11-2017 PM10  |   9.33 |  10.56 |  11.33 |  10.08 |I I 
04:48-Tue-Apr-11-2017 PM2.5 |   5.88 |   6.15 |   6.11 |   5.67 |I I 
04:52-Tue-Apr-11-2017 PM10  |   8.92 |  10.49 |  11.33 |  10.08 |I I 
04:52-Tue-Apr-11-2017 PM2.5 |   5.89 |   6.13 |   6.11 |   5.67 |I I 
04:53-Tue-Apr-11-2017 PM10  |   8.76 |  10.41 |  11.33 |  10.08 |B I 
04:53-Tue-Apr-11-2017 PM2.5 |   5.73 |   6.12 |   6.11 |   5.67 |B I 
04:57-Tue-Apr-11-2017recover dati per host :salvatorehost.no-ip.org/aria
04:57-Tue-Apr-11-2017 PM10  |   9.02 |  10.35 |  11.33 |  10.08 |I I 
04:57-Tue-Apr-11-2017 PM2.5 |   6.30 |   6.12 |   6.11 |   5.67 |I I 
04:58-Tue-Apr-11-2017 PM10  |  10.23 |  10.34 |  11.33 |  10.08 |I I 
04:58-Tue-Apr-11-2017 PM2.5 |   5.95 |   6.12 |   6.11 |   5.67 |I I 
05:02-Tue-Apr-11-2017 PM10  |  11.79 |  10.40 |  11.33 |  10.08 |I I 
05:02-Tue-Apr-11-2017 PM2.5 |   6.04 |   6.11 |   6.11 |   5.67 |I I 
05:03-Tue-Apr-11-2017 PM10  |  11.79 |  11.79 |  11.33 |  10.08 |I I 
05:03-Tue-Apr-11-2017 PM2.5 |   6.04 |   6.04 |   6.11 |   5.67 |I I 
05:04-Tue-Apr-11-2017 PM10  |   9.53 |  10.66 |  11.33 |  10.08 |I I 
05:04-Tue-Apr-11-2017 PM2.5 |   5.78 |   5.91 |   6.11 |   5.67 |I I 
05:08-Tue-Apr-11-2017 PM10  |  10.86 |  10.73 |  11.33 |  10.08 |I I 
05:08-Tue-Apr-11-2017 PM2.5 |   6.14 |   5.99 |   6.11 |   5.67 |I I 
05:09-Tue-Apr-11-2017 PM10  |  11.36 |  10.89 |  11.33 |  10.08 |I I 
05:09-Tue-Apr-11-2017 PM2.5 |   6.45 |   6.10 |   6.11 |   5.67 |I I 
05:13-Tue-Apr-11-2017 PM10  |  11.33 |  10.97 |  11.33 |  10.08 |I I 
05:13-Tue-Apr-11-2017 PM2.5 |   6.02 |   6.09 |   6.11 |   5.67 |I I 
05:14-Tue-Apr-11-2017 PM10  |  11.34 |  11.04 |  11.33 |  10.08 |I I 
05:14-Tue-Apr-11-2017 PM2.5 |   6.69 |   6.19 |   6.11 |   5.67 |I I 
05:18-Tue-Apr-11-2017 PM10  |  13.67 |  11.41 |  11.33 |  10.08 |I I 
05:18-Tue-Apr-11-2017 PM2.5 |   6.17 |   6.18 |   6.11 |   5.67 |I I 
05:19-Tue-Apr-11-2017 PM10  |  11.54 |  11.43 |  11.33 |  10.08 |I I 
05:19-Tue-Apr-11-2017 PM2.5 |   6.37 |   6.21 |   6.11 |   5.67 |I I 
05:23-Tue-Apr-11-2017 PM10  |  11.98 |  11.49 |  11.33 |  10.08 |I I 
05:23-Tue-Apr-11-2017 PM2.5 |   6.77 |   6.27 |   6.11 |   5.67 |I I 
05:24-Tue-Apr-11-2017 PM10  |   9.01 |  11.24 |  11.33 |  10.08 |I I 
05:24-Tue-Apr-11-2017 PM2.5 |   6.09 |   6.25 |   6.11 |   5.67 |I I 
05:28-Tue-Apr-11-2017 PM10  |  10.74 |  11.19 |  11.33 |  10.08 |I I 
05:28-Tue-Apr-11-2017 PM2.5 |   6.41 |   6.27 |   6.11 |   5.67 |I I 
05:29-Tue-Apr-11-2017 PM10  |  10.74 |  11.16 |  11.33 |  10.08 |I I 
05:29-Tue-Apr-11-2017 PM2.5 |   6.41 |   6.28 |   6.11 |   5.67 |I I 
05:30-Tue-Apr-11-2017 PM10  |   8.42 |  10.95 |  11.33 |  10.08 |I I 
05:30-Tue-Apr-11-2017 PM2.5 |   5.97 |   6.26 |   6.11 |   5.67 |I I 
05:34-Tue-Apr-11-2017 PM10  |  10.90 |  10.94 |  11.33 |  10.08 |I I 
05:34-Tue-Apr-11-2017 PM2.5 |   6.11 |   6.25 |   6.11 |   5.67 |I I 
05:35-Tue-Apr-11-2017 PM10  |  10.03 |  10.88 |  11.33 |  10.08 |I I 
05:35-Tue-Apr-11-2017 PM2.5 |   6.18 |   6.24 |   6.11 |   5.67 |I I 
05:39-Tue-Apr-11-2017 PM10  |  11.19 |  10.90 |  11.33 |  10.08 |I I 
05:39-Tue-Apr-11-2017 PM2.5 |   6.94 |   6.28 |   6.11 |   5.67 |I I 
05:40-Tue-Apr-11-2017 PM10  |   9.95 |  10.85 |  11.33 |  10.08 |I I 
05:40-Tue-Apr-11-2017 PM2.5 |   5.70 |   6.25 |   6.11 |   5.67 |I I 
05:44-Tue-Apr-11-2017 PM10  |  11.00 |  10.85 |  11.33 |  10.08 |I I 
05:44-Tue-Apr-11-2017 PM2.5 |   6.30 |   6.25 |   6.11 |   5.67 |I I 
05:45-Tue-Apr-11-2017 PM10  |  10.13 |  10.82 |  11.33 |  10.08 |I I 
05:45-Tue-Apr-11-2017 PM2.5 |   6.15 |   6.25 |   6.11 |   5.67 |I I 
05:49-Tue-Apr-11-2017 PM10  |  10.54 |  10.80 |  11.33 |  10.08 |I I 
05:49-Tue-Apr-11-2017 PM2.5 |   6.24 |   6.25 |   6.11 |   5.67 |I I 
05:50-Tue-Apr-11-2017 PM10  |  11.13 |  10.82 |  11.33 |  10.08 |I I 
05:50-Tue-Apr-11-2017 PM2.5 |   6.11 |   6.24 |   6.11 |   5.67 |I I 
05:54-Tue-Apr-11-2017 PM10  |  13.98 |  10.96 |  11.33 |  10.08 |I I 
05:54-Tue-Apr-11-2017 PM2.5 |   6.21 |   6.24 |   6.11 |   5.67 |I I 
05:55-Tue-Apr-11-2017 PM10  |  11.85 |  11.00 |  11.33 |  10.08 |I I 
05:55-Tue-Apr-11-2017 PM2.5 |   6.11 |   6.23 |   6.11 |   5.67 |I I 
05:56-Tue-Apr-11-2017 PM10  |  11.85 |  11.04 |  11.33 |  10.08 |I I 
05:56-Tue-Apr-11-2017 PM2.5 |   6.11 |   6.23 |   6.11 |   5.67 |I I 
06:00-Tue-Apr-11-2017 PM10  |  12.76 |  11.10 |  11.33 |  10.08 |I I 
06:00-Tue-Apr-11-2017 PM2.5 |   6.25 |   6.23 |   6.23 |   5.67 |I I 
06:01-Tue-Apr-11-2017 PM10  |   8.94 |   8.94 |  11.33 |  10.08 |I I 
06:01-Tue-Apr-11-2017 PM2.5 |   5.84 |   5.84 |   6.23 |   5.67 |I I 
06:05-Tue-Apr-11-2017 PM10  |   9.39 |   9.17 |  11.33 |  10.08 |I I 
06:05-Tue-Apr-11-2017 PM2.5 |   5.77 |   5.80 |   6.23 |   5.67 |I I 
06:06-Tue-Apr-11-2017 PM10  |   8.78 |   9.04 |  11.33 |  10.08 |I I 
06:06-Tue-Apr-11-2017 PM2.5 |   5.86 |   5.82 |   6.23 |   5.67 |I I 
06:10-Tue-Apr-11-2017 PM10  |  11.43 |   9.63 |  11.33 |  10.08 |I I 
06:10-Tue-Apr-11-2017 PM2.5 |   6.59 |   6.01 |   6.23 |   5.67 |I I 
06:11-Tue-Apr-11-2017 PM10  |   9.22 |   9.55 |  11.33 |  10.08 |I I 
06:11-Tue-Apr-11-2017 PM2.5 |   6.25 |   6.06 |   6.23 |   5.67 |I I 
06:15-Tue-Apr-11-2017 PM10  |   9.86 |   9.60 |  11.33 |  10.08 |I I 
06:15-Tue-Apr-11-2017 PM2.5 |   6.46 |   6.13 |   6.23 |   5.67 |I I 
06:16-Tue-Apr-11-2017 PM10  |  10.68 |   9.76 |  11.33 |  10.08 |I I 
06:16-Tue-Apr-11-2017 PM2.5 |   5.80 |   6.08 |   6.23 |   5.67 |I I 
06:20-Tue-Apr-11-2017 PM10  |  10.54 |   9.85 |  11.33 |  10.08 |I I 
06:20-Tue-Apr-11-2017 PM2.5 |   5.74 |   6.04 |   6.23 |   5.67 |I I 
06:21-Tue-Apr-11-2017 PM10  |  10.54 |   9.93 |  11.33 |  10.08 |I I 
06:21-Tue-Apr-11-2017 PM2.5 |   5.74 |   6.00 |   6.23 |   5.67 |I I 
06:22-Tue-Apr-11-2017 PM10  |   8.53 |   9.79 |  11.33 |  10.08 |I I 
06:22-Tue-Apr-11-2017 PM2.5 |   5.91 |   6.00 |   6.23 |   5.67 |I I 
06:26-Tue-Apr-11-2017 PM10  |  12.34 |  10.02 |  11.33 |  10.08 |I I 
06:26-Tue-Apr-11-2017 PM2.5 |   6.31 |   6.02 |   6.23 |   5.67 |I I 
06:27-Tue-Apr-11-2017 PM10  |  10.25 |  10.04 |  11.33 |  10.08 |I I 
06:27-Tue-Apr-11-2017 PM2.5 |   6.24 |   6.04 |   6.23 |   5.67 |I I 
06:31-Tue-Apr-11-2017 PM10  |  10.96 |  10.11 |  11.33 |  10.08 |I I 
06:31-Tue-Apr-11-2017 PM2.5 |   6.45 |   6.07 |   6.23 |   5.67 |I I 
06:32-Tue-Apr-11-2017 PM10  |   9.99 |  10.10 |  11.33 |  10.08 |I I 
06:32-Tue-Apr-11-2017 PM2.5 |   5.93 |   6.06 |   6.23 |   5.67 |I I 
06:36-Tue-Apr-11-2017 PM10  |  11.01 |  10.16 |  11.33 |  10.08 |I I 
06:36-Tue-Apr-11-2017 PM2.5 |   6.06 |   6.06 |   6.23 |   5.67 |I I 
06:37-Tue-Apr-11-2017 PM10  |   9.29 |  10.11 |  11.33 |  10.08 |I I 
06:37-Tue-Apr-11-2017 PM2.5 |   5.91 |   6.05 |   6.23 |   5.67 |I I 
06:41-Tue-Apr-11-2017 PM10  |  10.04 |  10.10 |  11.33 |  10.08 |I I 
06:41-Tue-Apr-11-2017 PM2.5 |   6.00 |   6.05 |   6.23 |   5.67 |I I 
06:42-Tue-Apr-11-2017 PM10  |   9.54 |  10.07 |  11.33 |  10.08 |I I 
06:42-Tue-Apr-11-2017 PM2.5 |   5.98 |   6.05 |   6.23 |   5.67 |I I 
06:46-Tue-Apr-11-2017 PM10  |   9.64 |  10.05 |  11.33 |  10.08 |I I 
06:46-Tue-Apr-11-2017 PM2.5 |   6.08 |   6.05 |   6.23 |   5.67 |I I 
06:47-Tue-Apr-11-2017 PM10  |   9.64 |  10.03 |  11.33 |  10.08 |I I 
06:47-Tue-Apr-11-2017 PM2.5 |   6.08 |   6.05 |   6.23 |   5.67 |I I 
06:48-Tue-Apr-11-2017 PM10  |  12.41 |  10.14 |  11.33 |  10.08 |I I 
06:48-Tue-Apr-11-2017 PM2.5 |   6.12 |   6.05 |   6.23 |   5.67 |I I 
06:52-Tue-Apr-11-2017 PM10  |  10.39 |  10.16 |  11.33 |  10.08 |I I 
06:52-Tue-Apr-11-2017 PM2.5 |   6.37 |   6.07 |   6.23 |   5.67 |I I 
06:53-Tue-Apr-11-2017 PM10  |  11.01 |  10.19 |  11.33 |  10.08 |I I 
06:53-Tue-Apr-11-2017 PM2.5 |   6.29 |   6.08 |   6.23 |   5.67 |I I 
06:58-Tue-Apr-11-2017 PM10  |  12.43 |  10.29 |  11.33 |  10.08 |I I 
06:58-Tue-Apr-11-2017 PM2.5 |   6.65 |   6.10 |   6.23 |   5.67 |I I 
06:59-Tue-Apr-11-2017 PM10  |  11.62 |  10.34 |  11.33 |  10.08 |I I 
06:59-Tue-Apr-11-2017 PM2.5 |   6.12 |   6.10 |   6.23 |   5.67 |I I 
07:03-Tue-Apr-11-2017 PM10  |  14.65 |  10.50 |  11.33 |  10.08 |I I 
07:03-Tue-Apr-11-2017 PM2.5 |   6.43 |   6.11 |   6.23 |   5.67 |I I 
07:04-Tue-Apr-11-2017 PM10  |  10.28 |  10.28 |  11.33 |  10.08 |I I 
07:04-Tue-Apr-11-2017 PM2.5 |   6.27 |   6.27 |   6.23 |   5.67 |I I 
07:08-Tue-Apr-11-2017 PM10  |  11.87 |  11.07 |  11.33 |  10.08 |I I 
07:08-Tue-Apr-11-2017 PM2.5 |   6.34 |   6.31 |   6.23 |   5.67 |I I 
07:09-Tue-Apr-11-2017 PM10  |  10.94 |  11.03 |  11.33 |  10.08 |I I 
07:09-Tue-Apr-11-2017 PM2.5 |   6.05 |   6.22 |   6.23 |   5.67 |I I 
07:13-Tue-Apr-11-2017 PM10  |  12.05 |  11.29 |  11.33 |  10.08 |I I 
07:13-Tue-Apr-11-2017 PM2.5 |   6.30 |   6.24 |   6.23 |   5.67 |I I 
07:14-Tue-Apr-11-2017 PM10  |  12.05 |  11.44 |  11.33 |  10.08 |I I 
07:14-Tue-Apr-11-2017 PM2.5 |   6.30 |   6.25 |   6.23 |   5.67 |I I 
07:15-Tue-Apr-11-2017 PM10  |  13.78 |  11.83 |  11.33 |  10.08 |I I 
07:15-Tue-Apr-11-2017 PM2.5 |   6.58 |   6.31 |   6.23 |   5.67 |I I 
07:19-Tue-Apr-11-2017 PM10  |  12.83 |  11.97 |  11.33 |  10.08 |I I 
07:19-Tue-Apr-11-2017 PM2.5 |   6.38 |   6.32 |   6.23 |   5.67 |I I 
07:20-Tue-Apr-11-2017 PM10  |  12.14 |  11.99 |  11.33 |  10.08 |I I 
07:20-Tue-Apr-11-2017 PM2.5 |   6.26 |   6.31 |   6.23 |   5.67 |I I 
07:24-Tue-Apr-11-2017 PM10  |  15.08 |  12.34 |  11.33 |  10.08 |I I 
07:24-Tue-Apr-11-2017 PM2.5 |   6.78 |   6.36 |   6.23 |   5.67 |I I 
07:25-Tue-Apr-11-2017 PM10  |  12.14 |  12.32 |  11.33 |  10.08 |I I 
07:25-Tue-Apr-11-2017 PM2.5 |   6.71 |   6.40 |   6.23 |   5.67 |I I 
07:29-Tue-Apr-11-2017 PM10  |  12.50 |  12.33 |  11.33 |  10.08 |I I 
07:29-Tue-Apr-11-2017 PM2.5 |   6.83 |   6.44 |   6.23 |   5.67 |I I 
07:30-Tue-Apr-11-2017 PM10  |  11.22 |  12.24 |  11.33 |  10.08 |I I 
07:30-Tue-Apr-11-2017 PM2.5 |   6.00 |   6.40 |   6.23 |   5.67 |I I 
07:34-Tue-Apr-11-2017 PM10  |  15.13 |  12.46 |  11.33 |  10.08 |I I 
07:34-Tue-Apr-11-2017 PM2.5 |   6.71 |   6.42 |   6.23 |   5.67 |I I 
07:35-Tue-Apr-11-2017 PM10  |  14.60 |  12.62 |  11.33 |  10.08 |I I 
07:35-Tue-Apr-11-2017 PM2.5 |   6.50 |   6.43 |   6.23 |   5.67 |I I 
07:39-Tue-Apr-11-2017 PM10  |  13.76 |  12.69 |  11.33 |  10.08 |I I 
07:39-Tue-Apr-11-2017 PM2.5 |   6.66 |   6.44 |   6.23 |   5.67 |I I 
07:40-Tue-Apr-11-2017 PM10  |  13.76 |  12.76 |  11.33 |  10.08 |I I 
07:40-Tue-Apr-11-2017 PM2.5 |   6.66 |   6.46 |   6.23 |   5.67 |I I 
07:41-Tue-Apr-11-2017 PM10  |  15.31 |  12.91 |  11.33 |  10.08 |I I 
07:41-Tue-Apr-11-2017 PM2.5 |   6.69 |   6.47 |   6.23 |   5.67 |I I 
07:45-Tue-Apr-11-2017 PM10  |  19.16 |  13.26 |  11.33 |  10.08 |I I 
07:45-Tue-Apr-11-2017 PM2.5 |   6.96 |   6.50 |   6.23 |   5.67 |I I 
07:46-Tue-Apr-11-2017 PM10  |  12.15 |  13.20 |  11.33 |  10.08 |I I 
07:46-Tue-Apr-11-2017 PM2.5 |   6.44 |   6.50 |   6.23 |   5.67 |I I 
07:50-Tue-Apr-11-2017 PM10  |  11.62 |  13.12 |  11.33 |  10.08 |I I 
07:50-Tue-Apr-11-2017 PM2.5 |   6.55 |   6.50 |   6.23 |   5.67 |I I 
07:51-Tue-Apr-11-2017 PM10  |  15.49 |  13.23 |  11.33 |  10.08 |I I 
07:51-Tue-Apr-11-2017 PM2.5 |   6.27 |   6.49 |   6.23 |   5.67 |I I 
07:55-Tue-Apr-11-2017 PM10  |  14.11 |  13.27 |  11.33 |  10.08 |I I 
07:55-Tue-Apr-11-2017 PM2.5 |   6.49 |   6.49 |   6.23 |   5.67 |I I 
07:56-Tue-Apr-11-2017 PM10  |  10.22 |  13.14 |  11.33 |  10.08 |I I 
07:56-Tue-Apr-11-2017 PM2.5 |   6.04 |   6.47 |   6.23 |   5.67 |I I 
08:00-Tue-Apr-11-2017 PM10  |  11.21 |  13.06 |  13.06 |  10.08 |I I 
08:00-Tue-Apr-11-2017 PM2.5 |   6.65 |   6.48 |   6.48 |   5.67 |I I 
08:01-Tue-Apr-11-2017 PM10  |  10.92 |  10.92 |  13.06 |  10.08 |I I 
08:01-Tue-Apr-11-2017 PM2.5 |   6.30 |   6.30 |   6.48 |   5.67 |I I 
08:05-Tue-Apr-11-2017 PM10  |  15.03 |  12.97 |  13.06 |  10.08 |I I 
08:05-Tue-Apr-11-2017 PM2.5 |   6.34 |   6.32 |   6.48 |   5.67 |I I 
08:06-Tue-Apr-11-2017 PM10  |  15.03 |  13.66 |  13.06 |  10.08 |I I 
08:06-Tue-Apr-11-2017 PM2.5 |   6.34 |   6.32 |   6.48 |   5.67 |I I 
08:07-Tue-Apr-11-2017 PM10  |  12.81 |  13.45 |  13.06 |  10.08 |I I 
08:07-Tue-Apr-11-2017 PM2.5 |   6.69 |   6.41 |   6.48 |   5.67 |I I 
08:11-Tue-Apr-11-2017 PM10  |  12.62 |  13.28 |  13.06 |  10.08 |I I 
08:11-Tue-Apr-11-2017 PM2.5 |   6.49 |   6.43 |   6.48 |   5.67 |I I 
08:12-Tue-Apr-11-2017 PM10  |  11.58 |  13.00 |  13.06 |  10.08 |I I 
08:12-Tue-Apr-11-2017 PM2.5 |   6.35 |   6.42 |   6.48 |   5.67 |I I 
08:16-Tue-Apr-11-2017 PM10  |  14.45 |  13.20 |  13.06 |  10.08 |I I 
08:16-Tue-Apr-11-2017 PM2.5 |   6.69 |   6.45 |   6.48 |   5.67 |I I 
08:17-Tue-Apr-11-2017 PM10  |  11.44 |  12.98 |  13.06 |  10.08 |I I 
08:17-Tue-Apr-11-2017 PM2.5 |   6.33 |   6.44 |   6.48 |   5.67 |I I 
08:21-Tue-Apr-11-2017 PM10  |  11.02 |  12.77 |  13.06 |  10.08 |I I 
08:21-Tue-Apr-11-2017 PM2.5 |   6.20 |   6.41 |   6.48 |   5.67 |I I 
08:22-Tue-Apr-11-2017 PM10  |  10.27 |  12.52 |  13.06 |  10.08 |I I 
08:22-Tue-Apr-11-2017 PM2.5 |   6.44 |   6.41 |   6.48 |   5.67 |I I 
08:26-Tue-Apr-11-2017 PM10  |  13.16 |  12.57 |  13.06 |  10.08 |I I 
08:26-Tue-Apr-11-2017 PM2.5 |   6.41 |   6.41 |   6.48 |   5.67 |I I 
08:27-Tue-Apr-11-2017 PM10  |  16.94 |  12.94 |  13.06 |  10.08 |I I 
08:27-Tue-Apr-11-2017 PM2.5 |   6.53 |   6.42 |   6.48 |   5.67 |I I 
08:31-Tue-Apr-11-2017 PM10  |  14.37 |  13.05 |  13.06 |  10.08 |I I 
08:31-Tue-Apr-11-2017 PM2.5 |   6.59 |   6.44 |   6.48 |   5.67 |I I 
08:32-Tue-Apr-11-2017 PM10  |  14.37 |  13.14 |  13.06 |  10.08 |I I 
08:32-Tue-Apr-11-2017 PM2.5 |   6.59 |   6.45 |   6.48 |   5.67 |I I 
08:33-Tue-Apr-11-2017 PM10  |  14.05 |  13.20 |  13.06 |  10.08 |I I 
08:33-Tue-Apr-11-2017 PM2.5 |   6.21 |   6.43 |   6.48 |   5.67 |I I 
08:37-Tue-Apr-11-2017 PM10  |  13.12 |  13.20 |  13.06 |  10.08 |I I 
08:37-Tue-Apr-11-2017 PM2.5 |   6.83 |   6.46 |   6.48 |   5.67 |I I 
08:38-Tue-Apr-11-2017 PM10  |  12.04 |  13.13 |  13.06 |  10.08 |I I 
08:38-Tue-Apr-11-2017 PM2.5 |   6.14 |   6.44 |   6.48 |   5.67 |I I 
08:42-Tue-Apr-11-2017 PM10  |  13.38 |  13.14 |  13.06 |  10.08 |I I 
08:42-Tue-Apr-11-2017 PM2.5 |   6.59 |   6.45 |   6.48 |   5.67 |I I 
08:43-Tue-Apr-11-2017 PM10  |  10.89 |  13.03 |  13.06 |  10.08 |I I 
08:43-Tue-Apr-11-2017 PM2.5 |   6.24 |   6.44 |   6.48 |   5.67 |I I 
08:47-Tue-Apr-11-2017 PM10  |  11.60 |  12.95 |  13.06 |  10.08 |I I 
08:47-Tue-Apr-11-2017 PM2.5 |   6.57 |   6.44 |   6.48 |   5.67 |I I 
08:48-Tue-Apr-11-2017 PM10  |  12.76 |  12.94 |  13.06 |  10.08 |I I 
08:48-Tue-Apr-11-2017 PM2.5 |   6.17 |   6.43 |   6.48 |   5.67 |I I 
08:52-Tue-Apr-11-2017 PM10  |  12.55 |  12.93 |  13.06 |  10.08 |I I 
08:52-Tue-Apr-11-2017 PM2.5 |   6.59 |   6.44 |   6.48 |   5.67 |I I 
08:53-Tue-Apr-11-2017 PM10  |  14.73 |  13.01 |  13.06 |  10.08 |I I 
08:53-Tue-Apr-11-2017 PM2.5 |   6.83 |   6.45 |   6.48 |   5.67 |I I 
08:57-Tue-Apr-11-2017 PM10  |  10.25 |  12.89 |  13.06 |  10.08 |I I 
08:57-Tue-Apr-11-2017 PM2.5 |   6.45 |   6.45 |   6.48 |   5.67 |I I 
08:58-Tue-Apr-11-2017 PM10  |  10.25 |  12.78 |  13.06 |  10.08 |I I 
08:58-Tue-Apr-11-2017 PM2.5 |   6.45 |   6.45 |   6.48 |   5.67 |I I 
08:59-Tue-Apr-11-2017 PM10  |  12.47 |  12.77 |  13.06 |  10.08 |I I 
08:59-Tue-Apr-11-2017 PM2.5 |   6.70 |   6.46 |   6.48 |   5.67 |I I 
09:03-Tue-Apr-11-2017 PM10  |  12.38 |  12.76 |  13.06 |  10.08 |I I 
09:03-Tue-Apr-11-2017 PM2.5 |   6.51 |   6.46 |   6.48 |   5.67 |I I 
09:04-Tue-Apr-11-2017 PM10  |  11.08 |  11.08 |  13.06 |  10.08 |I I 
09:04-Tue-Apr-11-2017 PM2.5 |   6.55 |   6.55 |   6.48 |   5.67 |I I 
09:08-Tue-Apr-11-2017 PM10  |  11.15 |  11.12 |  13.06 |  10.08 |I I 
09:08-Tue-Apr-11-2017 PM2.5 |   6.65 |   6.60 |   6.48 |   5.67 |I I 
09:09-Tue-Apr-11-2017 PM10  |  12.80 |  11.68 |  13.06 |  10.08 |I I 
09:09-Tue-Apr-11-2017 PM2.5 |   6.71 |   6.64 |   6.48 |   5.67 |I I 
09:13-Tue-Apr-11-2017 PM10  |  11.43 |  11.62 |  13.06 |  10.08 |I I 
09:13-Tue-Apr-11-2017 PM2.5 |   6.60 |   6.63 |   6.48 |   5.67 |I I 
09:14-Tue-Apr-11-2017 PM10  |  11.43 |  11.58 |  13.06 |  10.08 |I I 
09:14-Tue-Apr-11-2017 PM2.5 |   6.69 |   6.64 |   6.48 |   5.67 |I I 
09:18-Tue-Apr-11-2017 PM10  |  10.24 |  11.36 |  13.06 |  10.08 |I I 
09:18-Tue-Apr-11-2017 PM2.5 |   6.58 |   6.63 |   6.48 |   5.67 |I I 
09:19-Tue-Apr-11-2017 PM10  |  10.30 |  11.21 |  13.06 |  10.08 |I I 
09:19-Tue-Apr-11-2017 PM2.5 |   6.51 |   6.61 |   6.48 |   5.67 |I I 
09:23-Tue-Apr-11-2017 PM10  |  11.41 |  11.23 |  13.06 |  10.08 |I I 
09:23-Tue-Apr-11-2017 PM2.5 |   6.59 |   6.61 |   6.48 |   5.67 |I I 
09:24-Tue-Apr-11-2017 PM10  |  11.41 |  11.25 |  13.06 |  10.08 |I I 
09:24-Tue-Apr-11-2017 PM2.5 |   6.59 |   6.61 |   6.48 |   5.67 |I I 
09:25-Tue-Apr-11-2017 PM10  |  10.46 |  11.17 |  13.06 |  10.08 |I I 
09:25-Tue-Apr-11-2017 PM2.5 |   6.40 |   6.59 |   6.48 |   5.67 |I I 
09:29-Tue-Apr-11-2017 PM10  |  12.23 |  11.27 |  13.06 |  10.08 |I I 
09:29-Tue-Apr-11-2017 PM2.5 |   6.79 |   6.61 |   6.48 |   5.67 |I I 
09:30-Tue-Apr-11-2017 PM10  |  11.07 |  11.25 |  13.06 |  10.08 |I I 
09:30-Tue-Apr-11-2017 PM2.5 |   6.38 |   6.59 |   6.48 |   5.67 |I I 
09:34-Tue-Apr-11-2017 PM10  |  12.34 |  11.33 |  13.06 |  10.08 |I I 
09:34-Tue-Apr-11-2017 PM2.5 |   6.64 |   6.59 |   6.48 |   5.67 |I I 
09:35-Tue-Apr-11-2017 PM10  |  10.96 |  11.31 |  13.06 |  10.08 |I I 
09:35-Tue-Apr-11-2017 PM2.5 |   6.49 |   6.58 |   6.48 |   5.67 |I I 
09:39-Tue-Apr-11-2017 PM10  |  13.10 |  11.43 |  13.06 |  10.08 |I I 
09:39-Tue-Apr-11-2017 PM2.5 |   6.88 |   6.60 |   6.48 |   5.67 |I I 
09:40-Tue-Apr-11-2017 PM10  |  11.15 |  11.41 |  13.06 |  10.08 |I I 
09:40-Tue-Apr-11-2017 PM2.5 |   6.42 |   6.59 |   6.48 |   5.67 |I I 
09:44-Tue-Apr-11-2017 PM10  |  10.23 |  11.34 |  13.06 |  10.08 |I I 
09:44-Tue-Apr-11-2017 PM2.5 |   6.57 |   6.59 |   6.48 |   5.67 |I I 
09:45-Tue-Apr-11-2017 PM10  |  10.51 |  11.29 |  13.06 |  10.08 |I I 
09:45-Tue-Apr-11-2017 PM2.5 |   6.64 |   6.59 |   6.48 |   5.67 |I I 
09:49-Tue-Apr-11-2017 PM10  |  11.77 |  11.32 |  13.06 |  10.08 |I I 
09:49-Tue-Apr-11-2017 PM2.5 |   6.69 |   6.60 |   6.48 |   5.67 |I I 
09:50-Tue-Apr-11-2017 PM10  |  11.77 |  11.34 |  13.06 |  10.08 |I I 
09:50-Tue-Apr-11-2017 PM2.5 |   6.69 |   6.60 |   6.48 |   5.67 |I I 
09:51-Tue-Apr-11-2017 PM10  |  11.52 |  11.35 |  13.06 |  10.08 |I I 
09:51-Tue-Apr-11-2017 PM2.5 |   6.39 |   6.59 |   6.48 |   5.67 |I I 
09:55-Tue-Apr-11-2017 PM10  |  13.26 |  11.44 |  13.06 |  10.08 |I I 
09:55-Tue-Apr-11-2017 PM2.5 |   6.66 |   6.60 |   6.48 |   5.67 |I I 
09:56-Tue-Apr-11-2017 PM10  |  11.90 |  11.46 |  13.06 |  10.08 |I I 
09:56-Tue-Apr-11-2017 PM2.5 |   6.94 |   6.61 |   6.48 |   5.67 |I I 
10:00-Tue-Apr-11-2017 PM10  |  10.59 |  11.42 |  13.06 |  10.08 |I I 
10:00-Tue-Apr-11-2017 PM2.5 |   6.86 |   6.62 |   6.62 |   5.67 |I I 
10:01-Tue-Apr-11-2017 PM10  |  11.67 |  11.67 |  13.06 |  10.08 |I I 
10:01-Tue-Apr-11-2017 PM2.5 |   6.71 |   6.71 |   6.62 |   5.67 |I I 
10:06-Tue-Apr-11-2017 PM10  |   9.95 |  10.81 |  13.06 |  10.08 |I I 
10:06-Tue-Apr-11-2017 PM2.5 |   6.44 |   6.58 |   6.62 |   5.67 |I I 
10:07-Tue-Apr-11-2017 PM10  |  10.64 |  10.76 |  13.06 |  10.08 |I I 
10:07-Tue-Apr-11-2017 PM2.5 |   6.53 |   6.56 |   6.62 |   5.67 |I I 
10:11-Tue-Apr-11-2017 PM10  |  11.15 |  10.86 |  13.06 |  10.08 |I I 
10:11-Tue-Apr-11-2017 PM2.5 |   6.80 |   6.62 |   6.62 |   5.67 |I I 
10:12-Tue-Apr-11-2017 PM10  |  10.90 |  10.86 |  13.06 |  10.08 |I I 
10:12-Tue-Apr-11-2017 PM2.5 |   6.31 |   6.56 |   6.62 |   5.67 |I I 
10:16-Tue-Apr-11-2017 PM10  |  11.79 |  11.02 |  13.06 |  10.08 |I I 
10:16-Tue-Apr-11-2017 PM2.5 |   6.78 |   6.60 |   6.62 |   5.67 |I I 
10:17-Tue-Apr-11-2017 PM10  |  11.79 |  11.13 |  13.06 |  10.08 |I I 
10:17-Tue-Apr-11-2017 PM2.5 |   6.78 |   6.62 |   6.62 |   5.67 |I I 
10:18-Tue-Apr-11-2017 PM10  |  13.60 |  11.44 |  13.06 |  10.08 |I I 
10:18-Tue-Apr-11-2017 PM2.5 |   6.68 |   6.63 |   6.62 |   5.67 |I I 
10:22-Tue-Apr-11-2017 PM10  |  10.24 |  11.30 |  13.06 |  10.08 |I I 
10:22-Tue-Apr-11-2017 PM2.5 |   6.73 |   6.64 |   6.62 |   5.67 |I I 
10:23-Tue-Apr-11-2017 PM10  |  10.58 |  11.23 |  13.06 |  10.08 |I I 
10:23-Tue-Apr-11-2017 PM2.5 |   6.73 |   6.65 |   6.62 |   5.67 |I I 
10:27-Tue-Apr-11-2017 PM10  |   9.89 |  11.11 |  13.06 |  10.08 |I I 
10:27-Tue-Apr-11-2017 PM2.5 |   7.12 |   6.69 |   6.62 |   5.67 |I I 
10:28-Tue-Apr-11-2017 PM10  |  12.96 |  11.26 |  13.06 |  10.08 |I I 
10:28-Tue-Apr-11-2017 PM2.5 |   6.79 |   6.70 |   6.62 |   5.67 |I I 
10:32-Tue-Apr-11-2017 PM10  |  11.47 |  11.28 |  13.06 |  10.08 |I I 
10:32-Tue-Apr-11-2017 PM2.5 |   6.50 |   6.69 |   6.62 |   5.67 |I I 
10:33-Tue-Apr-11-2017 PM10  |   9.97 |  11.19 |  13.06 |  10.08 |I I 
10:33-Tue-Apr-11-2017 PM2.5 |   6.39 |   6.66 |   6.62 |   5.67 |I I 
10:37-Tue-Apr-11-2017 PM10  |   9.73 |  11.09 |  13.06 |  10.08 |I I 
10:37-Tue-Apr-11-2017 PM2.5 |   6.29 |   6.64 |   6.62 |   5.67 |I I 
10:38-Tue-Apr-11-2017 PM10  |  11.15 |  11.09 |  13.06 |  10.08 |I I 
10:38-Tue-Apr-11-2017 PM2.5 |   6.63 |   6.64 |   6.62 |   5.67 |I I 
10:42-Tue-Apr-11-2017 PM10  |  10.86 |  11.08 |  13.06 |  10.08 |I I 
10:42-Tue-Apr-11-2017 PM2.5 |   6.80 |   6.65 |   6.62 |   5.67 |I I 
10:43-Tue-Apr-11-2017 PM10  |   9.90 |  11.01 |  13.06 |  10.08 |I I 
10:43-Tue-Apr-11-2017 PM2.5 |   6.44 |   6.64 |   6.62 |   5.67 |I I 
10:44-Tue-Apr-11-2017 PM10  |   9.90 |  10.95 |  13.06 |  10.08 |I I 
10:44-Tue-Apr-11-2017 PM2.5 |   6.44 |   6.63 |   6.62 |   5.67 |I I 
10:48-Tue-Apr-11-2017 PM10  |  10.41 |  10.93 |  13.06 |  10.08 |I I 
10:48-Tue-Apr-11-2017 PM2.5 |   6.53 |   6.62 |   6.62 |   5.67 |I I 
10:49-Tue-Apr-11-2017 PM10  |  12.49 |  11.00 |  13.06 |  10.08 |I I 
10:49-Tue-Apr-11-2017 PM2.5 |   6.27 |   6.60 |   6.62 |   5.67 |I I 
10:53-Tue-Apr-11-2017 PM10  |  11.83 |  11.04 |  13.06 |  10.08 |I I 
10:53-Tue-Apr-11-2017 PM2.5 |   6.41 |   6.59 |   6.62 |   5.67 |I I 
10:54-Tue-Apr-11-2017 PM10  |  10.96 |  11.04 |  13.06 |  10.08 |I I 
10:54-Tue-Apr-11-2017 PM2.5 |   6.53 |   6.59 |   6.62 |   5.67 |I I 
10:58-Tue-Apr-11-2017 PM10  |  12.42 |  11.09 |  13.06 |  10.08 |I I 
10:58-Tue-Apr-11-2017 PM2.5 |   7.39 |   6.63 |   6.62 |   5.67 |I I 
10:59-Tue-Apr-11-2017 PM10  |  10.88 |  11.08 |  13.06 |  10.08 |I I 
10:59-Tue-Apr-11-2017 PM2.5 |   6.81 |   6.63 |   6.62 |   5.67 |I I 
11:03-Tue-Apr-11-2017 PM10  |  11.45 |  11.10 |  13.06 |  10.08 |I I 
11:03-Tue-Apr-11-2017 PM2.5 |   7.06 |   6.65 |   6.65 |   5.67 |I I 
11:04-Tue-Apr-11-2017 PM10  |  10.34 |  10.34 |  13.06 |  10.08 |I I 
11:04-Tue-Apr-11-2017 PM2.5 |   6.54 |   6.54 |   6.65 |   5.67 |I I 
11:08-Tue-Apr-11-2017 PM10  |  11.90 |  11.12 |  13.06 |  10.08 |I I 
11:08-Tue-Apr-11-2017 PM2.5 |   6.92 |   6.73 |   6.65 |   5.67 |I I 
11:09-Tue-Apr-11-2017 PM10  |  11.90 |  11.38 |  13.06 |  10.08 |I I 
11:09-Tue-Apr-11-2017 PM2.5 |   6.92 |   6.79 |   6.65 |   5.67 |I I 
11:10-Tue-Apr-11-2017 PM10  |  11.68 |  11.45 |  13.06 |  10.08 |I I 
11:10-Tue-Apr-11-2017 PM2.5 |   6.80 |   6.79 |   6.65 |   5.67 |I I 
11:14-Tue-Apr-11-2017 PM10  |   9.61 |  11.09 |  13.06 |  10.08 |I I 
11:14-Tue-Apr-11-2017 PM2.5 |   6.70 |   6.77 |   6.65 |   5.67 |I I 
11:15-Tue-Apr-11-2017 PM10  |  11.38 |  11.14 |  13.06 |  10.08 |I I 
11:15-Tue-Apr-11-2017 PM2.5 |   6.71 |   6.76 |   6.65 |   5.67 |I I 
11:19-Tue-Apr-11-2017 PM10  |  10.33 |  11.02 |  13.06 |  10.08 |I I 
11:19-Tue-Apr-11-2017 PM2.5 |   6.40 |   6.71 |   6.65 |   5.67 |I I 
11:20-Tue-Apr-11-2017 PM10  |  11.49 |  11.08 |  13.06 |  10.08 |I I 
11:20-Tue-Apr-11-2017 PM2.5 |   6.55 |   6.69 |   6.65 |   5.67 |I I 
11:24-Tue-Apr-11-2017 PM10  |   9.39 |  10.89 |  13.06 |  10.08 |I I 
11:24-Tue-Apr-11-2017 PM2.5 |   6.45 |   6.67 |   6.65 |   5.67 |I I 
11:25-Tue-Apr-11-2017 PM10  |   9.93 |  10.79 |  13.06 |  10.08 |I I 
11:25-Tue-Apr-11-2017 PM2.5 |   6.02 |   6.60 |   6.65 |   5.67 |I I 
11:29-Tue-Apr-11-2017 PM10  |  10.50 |  10.77 |  13.06 |  10.08 |I I 
11:29-Tue-Apr-11-2017 PM2.5 |   6.98 |   6.64 |   6.65 |   5.67 |I I 
11:30-Tue-Apr-11-2017 PM10  |   9.99 |  10.70 |  13.06 |  10.08 |I I 
11:30-Tue-Apr-11-2017 PM2.5 |   6.84 |   6.65 |   6.65 |   5.67 |I I 
11:34-Tue-Apr-11-2017 PM10  |   9.73 |  10.63 |  13.06 |  10.08 |I I 
11:34-Tue-Apr-11-2017 PM2.5 |   7.00 |   6.68 |   6.65 |   5.67 |I I 
11:35-Tue-Apr-11-2017 PM10  |  11.34 |  10.68 |  13.06 |  10.08 |I I 
11:35-Tue-Apr-11-2017 PM2.5 |   6.91 |   6.70 |   6.65 |   5.67 |I I 
11:36-Tue-Apr-11-2017 PM10  |  11.34 |  10.72 |  13.06 |  10.08 |I I 
11:36-Tue-Apr-11-2017 PM2.5 |   6.91 |   6.71 |   6.65 |   5.67 |I I 
11:40-Tue-Apr-11-2017 PM10  |  11.17 |  10.75 |  13.06 |  10.08 |I I 
11:40-Tue-Apr-11-2017 PM2.5 |   7.34 |   6.75 |   6.65 |   5.67 |I I 
11:41-Tue-Apr-11-2017 PM10  |  12.17 |  10.83 |  13.06 |  10.08 |I I 
11:41-Tue-Apr-11-2017 PM2.5 |   6.51 |   6.74 |   6.65 |   5.67 |I I 
11:45-Tue-Apr-11-2017 PM10  |   9.81 |  10.78 |  13.06 |  10.08 |I I 
11:45-Tue-Apr-11-2017 PM2.5 |   6.89 |   6.74 |   6.65 |   5.67 |I I 
11:46-Tue-Apr-11-2017 PM10  |   9.78 |  10.73 |  13.06 |  10.08 |I I 
11:46-Tue-Apr-11-2017 PM2.5 |   6.79 |   6.75 |   6.65 |   5.67 |I I 
11:50-Tue-Apr-11-2017 PM10  |   8.84 |  10.63 |  13.06 |  10.08 |I I 
11:50-Tue-Apr-11-2017 PM2.5 |   6.73 |   6.75 |   6.65 |   5.67 |I I 
11:51-Tue-Apr-11-2017 PM10  |  10.46 |  10.62 |  13.06 |  10.08 |I I 
11:51-Tue-Apr-11-2017 PM2.5 |   6.40 |   6.73 |   6.65 |   5.67 |I I 
11:55-Tue-Apr-11-2017 PM10  |  10.03 |  10.60 |  13.06 |  10.08 |I I 
11:55-Tue-Apr-11-2017 PM2.5 |   6.46 |   6.72 |   6.65 |   5.67 |I I 
11:56-Tue-Apr-11-2017 PM10  |  10.11 |  10.57 |  13.06 |  10.08 |I I 
11:56-Tue-Apr-11-2017 PM2.5 |   6.86 |   6.72 |   6.65 |   5.67 |I I 
12:00-Tue-Apr-11-2017 PM10  |  10.22 |  10.56 |  13.06 |  10.08 |I I 
12:00-Tue-Apr-11-2017 PM2.5 |   6.99 |   6.73 |   6.73 |   5.67 |I I 
12:01-Tue-Apr-11-2017 PM10  |  10.05 |  10.05 |  13.06 |  10.08 |I I 
12:01-Tue-Apr-11-2017 PM2.5 |   6.56 |   6.56 |   6.73 |   5.67 |I I 
12:02-Tue-Apr-11-2017 PM10  |  10.05 |  10.05 |  13.06 |  10.08 |I I 
12:02-Tue-Apr-11-2017 PM2.5 |   6.56 |   6.56 |   6.73 |   5.67 |I I 
12:06-Tue-Apr-11-2017 PM10  |  12.36 |  10.82 |  13.06 |  10.08 |I I 
12:06-Tue-Apr-11-2017 PM2.5 |   7.27 |   6.80 |   6.73 |   5.67 |I I 
12:07-Tue-Apr-11-2017 PM10  |  10.45 |  10.73 |  13.06 |  10.08 |I I 
12:07-Tue-Apr-11-2017 PM2.5 |   7.07 |   6.87 |   6.73 |   5.67 |I I 
12:11-Tue-Apr-11-2017 PM10  |   9.45 |  10.47 |  13.06 |  10.08 |I I 
12:11-Tue-Apr-11-2017 PM2.5 |   6.66 |   6.82 |   6.73 |   5.67 |I I 
12:12-Tue-Apr-11-2017 PM10  |  11.49 |  10.64 |  13.06 |  10.08 |I I 
12:12-Tue-Apr-11-2017 PM2.5 |   6.29 |   6.74 |   6.73 |   5.67 |I I 
12:16-Tue-Apr-11-2017 PM10  |  12.02 |  10.84 |  13.06 |  10.08 |I I 
12:16-Tue-Apr-11-2017 PM2.5 |   6.85 |   6.75 |   6.73 |   5.67 |I I 
12:17-Tue-Apr-11-2017 PM10  |  11.36 |  10.91 |  13.06 |  10.08 |I I 
12:17-Tue-Apr-11-2017 PM2.5 |   6.71 |   6.75 |   6.73 |   5.67 |I I 
12:21-Tue-Apr-11-2017 PM10  |  11.27 |  10.95 |  13.06 |  10.08 |I I 
12:21-Tue-Apr-11-2017 PM2.5 |   6.81 |   6.75 |   6.73 |   5.67 |I I 
12:22-Tue-Apr-11-2017 PM10  |  11.14 |  10.97 |  13.06 |  10.08 |I I 
12:22-Tue-Apr-11-2017 PM2.5 |   6.84 |   6.76 |   6.73 |   5.67 |I I 
12:26-Tue-Apr-11-2017 PM10  |  10.53 |  10.93 |  13.06 |  10.08 |I I 
12:26-Tue-Apr-11-2017 PM2.5 |   6.84 |   6.77 |   6.73 |   5.67 |I I 
12:27-Tue-Apr-11-2017 PM10  |  10.61 |  10.90 |  13.06 |  10.08 |I I 
12:27-Tue-Apr-11-2017 PM2.5 |   6.41 |   6.74 |   6.73 |   5.67 |I I 
12:28-Tue-Apr-11-2017 PM10  |  10.61 |  10.88 |  13.06 |  10.08 |I I 
12:28-Tue-Apr-11-2017 PM2.5 |   6.41 |   6.71 |   6.73 |   5.67 |I I 
12:32-Tue-Apr-11-2017 PM10  |   9.65 |  10.79 |  13.06 |  10.08 |I I 
12:32-Tue-Apr-11-2017 PM2.5 |   6.63 |   6.71 |   6.73 |   5.67 |I I 
12:33-Tue-Apr-11-2017 PM10  |  10.66 |  10.78 |  13.06 |  10.08 |I I 
12:33-Tue-Apr-11-2017 PM2.5 |   6.08 |   6.67 |   6.73 |   5.67 |I I 
12:37-Tue-Apr-11-2017 PM10  |  10.69 |  10.77 |  13.06 |  10.08 |I I 
12:37-Tue-Apr-11-2017 PM2.5 |   7.03 |   6.69 |   6.73 |   5.67 |I I 
12:38-Tue-Apr-11-2017 PM10  |  11.92 |  10.84 |  13.06 |  10.08 |I I 
12:38-Tue-Apr-11-2017 PM2.5 |   6.48 |   6.68 |   6.73 |   5.67 |I I 
12:42-Tue-Apr-11-2017 PM10  |   9.90 |  10.79 |  13.06 |  10.08 |I I 
12:42-Tue-Apr-11-2017 PM2.5 |   6.61 |   6.67 |   6.73 |   5.67 |I I 
12:43-Tue-Apr-11-2017 PM10  |   9.60 |  10.73 |  13.06 |  10.08 |I I 
12:43-Tue-Apr-11-2017 PM2.5 |   6.78 |   6.68 |   6.73 |   5.67 |I I 
12:47-Tue-Apr-11-2017 PM10  |  12.17 |  10.80 |  13.06 |  10.08 |I I 
12:47-Tue-Apr-11-2017 PM2.5 |   7.06 |   6.70 |   6.73 |   5.67 |I I 
12:48-Tue-Apr-11-2017 PM10  |  12.20 |  10.87 |  13.06 |  10.08 |I I 
12:48-Tue-Apr-11-2017 PM2.5 |   6.85 |   6.71 |   6.73 |   5.67 |I I 
12:52-Tue-Apr-11-2017 PM10  |  11.32 |  10.89 |  13.06 |  10.08 |I I 
12:52-Tue-Apr-11-2017 PM2.5 |   6.68 |   6.70 |   6.73 |   5.67 |I I 
12:53-Tue-Apr-11-2017 PM10  |  11.47 |  10.91 |  13.06 |  10.08 |I I 
12:53-Tue-Apr-11-2017 PM2.5 |   6.49 |   6.70 |   6.73 |   5.67 |I I 
12:54-Tue-Apr-11-2017 PM10  |  11.47 |  10.94 |  13.06 |  10.08 |I I 
12:54-Tue-Apr-11-2017 PM2.5 |   6.49 |   6.69 |   6.73 |   5.67 |I I 
12:58-Tue-Apr-11-2017 PM10  |  10.74 |  10.93 |  13.06 |  10.08 |I I 
12:58-Tue-Apr-11-2017 PM2.5 |   6.75 |   6.69 |   6.73 |   5.67 |I I 
13:00-Tue-Apr-11-2017 PM10  |  12.40 |  10.98 |  13.06 |  10.08 |I I 
13:00-Tue-Apr-11-2017 PM2.5 |   6.18 |   6.67 |   6.73 |   5.67 |I I 
13:04-Tue-Apr-11-2017 PM10  |  13.70 |  13.70 |  13.06 |  10.08 |I I 
13:04-Tue-Apr-11-2017 PM2.5 |   6.96 |   6.96 |   6.73 |   5.67 |I I 
13:05-Tue-Apr-11-2017 PM10  |  11.49 |  12.59 |  13.06 |  10.08 |I I 
13:05-Tue-Apr-11-2017 PM2.5 |   6.76 |   6.86 |   6.73 |   5.67 |I I 
13:09-Tue-Apr-11-2017 PM10  |  11.90 |  12.36 |  13.06 |  10.08 |I I 
13:09-Tue-Apr-11-2017 PM2.5 |   6.98 |   6.90 |   6.73 |   5.67 |I I 
13:10-Tue-Apr-11-2017 PM10  |  11.94 |  12.26 |  13.06 |  10.08 |I I 
13:10-Tue-Apr-11-2017 PM2.5 |   6.61 |   6.83 |   6.73 |   5.67 |I I 
13:14-Tue-Apr-11-2017 PM10  |  14.00 |  12.61 |  13.06 |  10.08 |I I 
13:14-Tue-Apr-11-2017 PM2.5 |   6.81 |   6.82 |   6.73 |   5.67 |I I 
13:15-Tue-Apr-11-2017 PM10  |  12.99 |  12.67 |  13.06 |  10.08 |I I 
13:15-Tue-Apr-11-2017 PM2.5 |   7.29 |   6.90 |   6.73 |   5.67 |I I 
13:19-Tue-Apr-11-2017 PM10  |  13.63 |  12.81 |  13.06 |  10.08 |I I 
13:19-Tue-Apr-11-2017 PM2.5 |   7.83 |   7.04 |   6.73 |   5.67 |I I 
13:20-Tue-Apr-11-2017 PM10  |  12.45 |  12.76 |  13.06 |  10.08 |I I 
13:20-Tue-Apr-11-2017 PM2.5 |   7.21 |   7.06 |   6.73 |   5.67 |I I 
13:21-Tue-Apr-11-2017 PM10  |  12.45 |  12.73 |  13.06 |  10.08 |I I 
13:21-Tue-Apr-11-2017 PM2.5 |   7.21 |   7.07 |   6.73 |   5.67 |I I 
13:25-Tue-Apr-11-2017 PM10  |  14.39 |  12.89 |  13.06 |  10.08 |I I 
13:25-Tue-Apr-11-2017 PM2.5 |   7.70 |   7.14 |   6.73 |   5.67 |I I 
13:26-Tue-Apr-11-2017 PM10  |  13.70 |  12.97 |  13.06 |  10.08 |I I 
13:26-Tue-Apr-11-2017 PM2.5 |   7.71 |   7.19 |   6.73 |   5.67 |I I 
13:30-Tue-Apr-11-2017 PM10  |  15.51 |  13.18 |  13.06 |  10.08 |I I 
13:30-Tue-Apr-11-2017 PM2.5 |   7.97 |   7.25 |   6.73 |   5.67 |I I 
13:31-Tue-Apr-11-2017 PM10  |  15.06 |  13.32 |  13.06 |  10.08 |I I 
13:31-Tue-Apr-11-2017 PM2.5 |   7.46 |   7.27 |   6.73 |   5.67 |I I 
13:35-Tue-Apr-11-2017 PM10  |  14.26 |  13.39 |  13.06 |  10.08 |I I 
13:35-Tue-Apr-11-2017 PM2.5 |   7.98 |   7.32 |   6.73 |   5.67 |I I 
13:36-Tue-Apr-11-2017 PM10  |  11.85 |  13.29 |  13.06 |  10.08 |I I 
13:36-Tue-Apr-11-2017 PM2.5 |   7.55 |   7.34 |   6.73 |   5.67 |I I 
13:40-Tue-Apr-11-2017 PM10  |  13.68 |  13.31 |  13.06 |  10.08 |I I 
13:40-Tue-Apr-11-2017 PM2.5 |   8.04 |   7.38 |   6.73 |   5.67 |I I 
13:41-Tue-Apr-11-2017 PM10  |  15.79 |  13.46 |  13.06 |  10.08 |I I 
13:41-Tue-Apr-11-2017 PM2.5 |   7.90 |   7.41 |   6.73 |   5.67 |I I 
13:45-Tue-Apr-11-2017 PM10  |  13.88 |  13.48 |  13.06 |  10.08 |I I 
13:45-Tue-Apr-11-2017 PM2.5 |   7.83 |   7.43 |   6.73 |   5.67 |I I 
13:46-Tue-Apr-11-2017 PM10  |  15.82 |  13.60 |  13.06 |  10.08 |I I 
13:46-Tue-Apr-11-2017 PM2.5 |   8.24 |   7.48 |   6.73 |   5.67 |I I 
13:47-Tue-Apr-11-2017 PM10  |  15.82 |  13.72 |  13.06 |  10.08 |I I 
13:47-Tue-Apr-11-2017 PM2.5 |   8.24 |   7.51 |   6.73 |   5.67 |I I 
13:51-Tue-Apr-11-2017 PM10  |  14.35 |  13.75 |  13.06 |  10.08 |I I 
13:51-Tue-Apr-11-2017 PM2.5 |   8.44 |   7.56 |   6.73 |   5.67 |I I 
13:52-Tue-Apr-11-2017 PM10  |  13.85 |  13.75 |  13.06 |  10.08 |I I 
13:52-Tue-Apr-11-2017 PM2.5 |   8.19 |   7.59 |   6.73 |   5.67 |I I 
13:56-Tue-Apr-11-2017 PM10  |  13.68 |  13.75 |  13.06 |  10.08 |I I 
13:56-Tue-Apr-11-2017 PM2.5 |   8.39 |   7.62 |   6.73 |   5.67 |I I 
13:57-Tue-Apr-11-2017 PM10  |  16.68 |  13.87 |  13.06 |  10.08 |I I 
13:57-Tue-Apr-11-2017 PM2.5 |   8.64 |   7.66 |   6.73 |   5.67 |I I 
14:01-Tue-Apr-11-2017 PM10  |  17.74 |  14.02 |  14.02 |  10.08 |I I 
14:01-Tue-Apr-11-2017 PM2.5 |   8.87 |   7.71 |   7.71 |   5.67 |I I 
14:02-Tue-Apr-11-2017 PM10  |  16.17 |  16.17 |  14.02 |  10.08 |I I 
14:02-Tue-Apr-11-2017 PM2.5 |   8.84 |   8.84 |   7.71 |   5.67 |I I 
14:06-Tue-Apr-11-2017 PM10  |  14.36 |  15.27 |  14.02 |  10.08 |I I 
14:06-Tue-Apr-11-2017 PM2.5 |   8.55 |   8.70 |   7.71 |   5.67 |I I 
14:07-Tue-Apr-11-2017 PM10  |  16.11 |  15.55 |  14.02 |  10.08 |I I 
14:07-Tue-Apr-11-2017 PM2.5 |   9.11 |   8.84 |   7.71 |   5.67 |I I 
14:11-Tue-Apr-11-2017 PM10  |  16.08 |  15.68 |  14.02 |  10.08 |I I 
14:11-Tue-Apr-11-2017 PM2.5 |   9.29 |   8.95 |   7.71 |   5.67 |I I 
14:12-Tue-Apr-11-2017 PM10  |  17.72 |  16.09 |  14.02 |  10.08 |I I 
14:12-Tue-Apr-11-2017 PM2.5 |   9.08 |   8.98 |   7.71 |   5.67 |I I 
14:13-Tue-Apr-11-2017 PM10  |  17.72 |  16.36 |  14.02 |  10.08 |I I 
14:13-Tue-Apr-11-2017 PM2.5 |   9.08 |   8.99 |   7.71 |   5.67 |I I 
14:17-Tue-Apr-11-2017 PM10  |  18.07 |  16.60 |  14.02 |  10.08 |I I 
14:17-Tue-Apr-11-2017 PM2.5 |   9.16 |   9.02 |   7.71 |   5.67 |I I 
14:18-Tue-Apr-11-2017 PM10  |  18.88 |  16.89 |  14.02 |  10.08 |I I 
14:18-Tue-Apr-11-2017 PM2.5 |   9.23 |   9.04 |   7.71 |   5.67 |I I 
14:22-Tue-Apr-11-2017 PM10  |  16.40 |  16.83 |  14.02 |  10.08 |I I 
14:22-Tue-Apr-11-2017 PM2.5 |   9.51 |   9.10 |   7.71 |   5.67 |I I 
14:23-Tue-Apr-11-2017 PM10  |  15.58 |  16.71 |  14.02 |  10.08 |I I 
14:23-Tue-Apr-11-2017 PM2.5 |   8.47 |   9.03 |   7.71 |   5.67 |I I 
14:27-Tue-Apr-11-2017 PM10  |  13.38 |  16.41 |  14.02 |  10.08 |I I 
14:27-Tue-Apr-11-2017 PM2.5 |   8.89 |   9.02 |   7.71 |   5.67 |I I 
14:28-Tue-Apr-11-2017 PM10  |  13.82 |  16.19 |  14.02 |  10.08 |I I 
14:28-Tue-Apr-11-2017 PM2.5 |   8.50 |   8.98 |   7.71 |   5.67 |I I 
14:32-Tue-Apr-11-2017 PM10  |  18.35 |  16.36 |  14.02 |  10.08 |I I 
14:32-Tue-Apr-11-2017 PM2.5 |   9.54 |   9.02 |   7.71 |   5.67 |I I 
14:33-Tue-Apr-11-2017 PM10  |  15.84 |  16.32 |  14.02 |  10.08 |I I 
14:33-Tue-Apr-11-2017 PM2.5 |   9.14 |   9.03 |   7.71 |   5.67 |I I 
14:37-Tue-Apr-11-2017 PM10  |  15.48 |  16.26 |  14.02 |  10.08 |I I 
14:37-Tue-Apr-11-2017 PM2.5 |   9.40 |   9.05 |   7.71 |   5.67 |I I 
14:38-Tue-Apr-11-2017 PM10  |  14.19 |  16.13 |  14.02 |  10.08 |I I 
14:38-Tue-Apr-11-2017 PM2.5 |   9.24 |   9.07 |   7.71 |   5.67 |I I 
14:39-Tue-Apr-11-2017 PM10  |  14.19 |  16.02 |  14.02 |  10.08 |I I 
14:39-Tue-Apr-11-2017 PM2.5 |   9.24 |   9.08 |   7.71 |   5.67 |I I 
14:43-Tue-Apr-11-2017 PM10  |  15.06 |  15.97 |  14.02 |  10.08 |I I 
14:43-Tue-Apr-11-2017 PM2.5 |   8.89 |   9.07 |   7.71 |   5.67 |I I 
14:44-Tue-Apr-11-2017 PM10  |  14.35 |  15.88 |  14.02 |  10.08 |I I 
14:44-Tue-Apr-11-2017 PM2.5 |   8.99 |   9.06 |   7.71 |   5.67 |I I 
14:48-Tue-Apr-11-2017 PM10  |  14.95 |  15.84 |  14.02 |  10.08 |I I 
14:48-Tue-Apr-11-2017 PM2.5 |   9.37 |   9.08 |   7.71 |   5.67 |I I 
14:49-Tue-Apr-11-2017 PM10  |  14.45 |  15.77 |  14.02 |  10.08 |I I 
14:49-Tue-Apr-11-2017 PM2.5 |   9.09 |   9.08 |   7.71 |   5.67 |I I 
14:53-Tue-Apr-11-2017 PM10  |  13.13 |  15.65 |  14.02 |  10.08 |I I 
14:53-Tue-Apr-11-2017 PM2.5 |   9.16 |   9.08 |   7.71 |   5.67 |I I 
14:54-Tue-Apr-11-2017 PM10  |  12.16 |  15.50 |  14.02 |  10.08 |I I 
14:54-Tue-Apr-11-2017 PM2.5 |   8.37 |   9.05 |   7.71 |   5.67 |I I 
14:58-Tue-Apr-11-2017 PM10  |  17.01 |  15.56 |  14.02 |  10.08 |I I 
14:58-Tue-Apr-11-2017 PM2.5 |   9.44 |   9.07 |   7.71 |   5.67 |I I 
14:59-Tue-Apr-11-2017 PM10  |  16.30 |  15.59 |  14.02 |  10.08 |I I 
14:59-Tue-Apr-11-2017 PM2.5 |   8.59 |   9.05 |   7.71 |   5.67 |I I 
15:03-Tue-Apr-11-2017 PM10  |  15.66 |  15.59 |  15.59 |  10.08 |I I 
15:03-Tue-Apr-11-2017 PM2.5 |   9.24 |   9.05 |   9.05 |   5.67 |I I 
15:04-Tue-Apr-11-2017 PM10  |  15.34 |  15.34 |  15.59 |  10.08 |I I 
15:04-Tue-Apr-11-2017 PM2.5 |   8.98 |   8.98 |   9.05 |   5.67 |I I 
15:05-Tue-Apr-11-2017 PM10  |  15.34 |  15.34 |  15.59 |  10.08 |I I 
15:05-Tue-Apr-11-2017 PM2.5 |   8.98 |   8.98 |   9.05 |   5.67 |I I 
15:09-Tue-Apr-11-2017 PM10  |  15.88 |  15.52 |  15.59 |  10.08 |I I 
15:09-Tue-Apr-11-2017 PM2.5 |   9.07 |   9.01 |   9.05 |   5.67 |I I 
15:10-Tue-Apr-11-2017 PM10  |  14.00 |  15.14 |  15.59 |  10.08 |I I 
15:10-Tue-Apr-11-2017 PM2.5 |   8.75 |   8.94 |   9.05 |   5.67 |I I 
15:14-Tue-Apr-11-2017 PM10  |  13.87 |  14.89 |  15.59 |  10.08 |I I 
15:14-Tue-Apr-11-2017 PM2.5 |   8.92 |   8.94 |   9.05 |   5.67 |I I 
15:15-Tue-Apr-11-2017 PM10  |  14.52 |  14.82 |  15.59 |  10.08 |I I 
15:15-Tue-Apr-11-2017 PM2.5 |   8.70 |   8.90 |   9.05 |   5.67 |I I 
15:19-Tue-Apr-11-2017 PM10  |  13.92 |  14.70 |  15.59 |  10.08 |I I 
15:19-Tue-Apr-11-2017 PM2.5 |   8.73 |   8.88 |   9.05 |   5.67 |I I 
15:20-Tue-Apr-11-2017 PM10  |  15.30 |  14.77 |  15.59 |  10.08 |I I 
15:20-Tue-Apr-11-2017 PM2.5 |   9.01 |   8.89 |   9.05 |   5.67 |I I 
15:24-Tue-Apr-11-2017 PM10  |  14.88 |  14.78 |  15.59 |  10.08 |I I 
15:24-Tue-Apr-11-2017 PM2.5 |   8.72 |   8.87 |   9.05 |   5.67 |I I 
15:25-Tue-Apr-11-2017 PM10  |  15.04 |  14.81 |  15.59 |  10.08 |I I 
15:25-Tue-Apr-11-2017 PM2.5 |   8.28 |   8.81 |   9.05 |   5.67 |I I 
15:29-Tue-Apr-11-2017 PM10  |  14.25 |  14.76 |  15.59 |  10.08 |I I 
15:29-Tue-Apr-11-2017 PM2.5 |   8.91 |   8.82 |   9.05 |   5.67 |I I 
15:30-Tue-Apr-11-2017 PM10  |  12.08 |  14.53 |  15.59 |  10.08 |I I 
15:30-Tue-Apr-11-2017 PM2.5 |   8.27 |   8.78 |   9.05 |   5.67 |I I 
15:31-Tue-Apr-11-2017 PM10  |  12.08 |  14.35 |  15.59 |  10.08 |I I 
15:31-Tue-Apr-11-2017 PM2.5 |   8.27 |   8.74 |   9.05 |   5.67 |I I 
15:35-Tue-Apr-11-2017 PM10  |  14.04 |  14.32 |  15.59 |  10.08 |I I 
15:35-Tue-Apr-11-2017 PM2.5 |   8.85 |   8.74 |   9.05 |   5.67 |I I 
15:36-Tue-Apr-11-2017 PM10  |  11.62 |  14.14 |  15.59 |  10.08 |I I 
15:36-Tue-Apr-11-2017 PM2.5 |   8.22 |   8.71 |   9.05 |   5.67 |I I 
15:40-Tue-Apr-11-2017 PM10  |  13.15 |  14.08 |  15.59 |  10.08 |I I 
15:40-Tue-Apr-11-2017 PM2.5 |   8.45 |   8.69 |   9.05 |   5.67 |I I 
15:41-Tue-Apr-11-2017 PM10  |  13.31 |  14.04 |  15.59 |  10.08 |I I 
15:41-Tue-Apr-11-2017 PM2.5 |   8.41 |   8.68 |   9.05 |   5.67 |I I 
15:45-Tue-Apr-11-2017 PM10  |  13.79 |  14.02 |  15.59 |  10.08 |I I 
15:45-Tue-Apr-11-2017 PM2.5 |   8.77 |   8.68 |   9.05 |   5.67 |I I 
15:46-Tue-Apr-11-2017 PM10  |  12.81 |  13.96 |  15.59 |  10.08 |I I 
15:46-Tue-Apr-11-2017 PM2.5 |   8.10 |   8.65 |   9.05 |   5.67 |I I 
15:50-Tue-Apr-11-2017 PM10  |  13.95 |  13.96 |  15.59 |  10.08 |I I 
15:50-Tue-Apr-11-2017 PM2.5 |   8.55 |   8.65 |   9.05 |   5.67 |I I 
15:52-Tue-Apr-11-2017 PM10  |  13.43 |  13.93 |  15.59 |  10.08 |I I 
15:52-Tue-Apr-11-2017 PM2.5 |   8.02 |   8.62 |   9.05 |   5.67 |I I 
15:56-Tue-Apr-11-2017 PM10  |  13.09 |  13.89 |  15.59 |  10.08 |I I 
15:56-Tue-Apr-11-2017 PM2.5 |   8.27 |   8.60 |   9.05 |   5.67 |I I 
15:57-Tue-Apr-11-2017 PM10  |  14.36 |  13.91 |  15.59 |  10.08 |I I 
15:57-Tue-Apr-11-2017 PM2.5 |   8.24 |   8.58 |   9.05 |   5.67 |I I 
16:01-Tue-Apr-11-2017 PM10  |  12.64 |  13.86 |  15.59 |  10.08 |I I 
16:01-Tue-Apr-11-2017 PM2.5 |   8.11 |   8.56 |   9.05 |   5.67 |I I 
16:02-Tue-Apr-11-2017 PM10  |  12.64 |  12.64 |  15.59 |  10.08 |I I 
16:02-Tue-Apr-11-2017 PM2.5 |   8.11 |   8.11 |   9.05 |   5.67 |I I 
16:03-Tue-Apr-11-2017 PM10  |  14.20 |  13.42 |  15.59 |  10.08 |I I 
16:03-Tue-Apr-11-2017 PM2.5 |   8.02 |   8.07 |   9.05 |   5.67 |I I 
16:07-Tue-Apr-11-2017 PM10  |  12.86 |  13.23 |  15.59 |  10.08 |I I 
16:07-Tue-Apr-11-2017 PM2.5 |   8.01 |   8.05 |   9.05 |   5.67 |I I 
16:08-Tue-Apr-11-2017 PM10  |  12.17 |  12.97 |  15.59 |  10.08 |I I 
16:08-Tue-Apr-11-2017 PM2.5 |   7.71 |   7.96 |   9.05 |   5.67 |I I 
16:12-Tue-Apr-11-2017 PM10  |  12.45 |  12.86 |  15.59 |  10.08 |I I 
16:12-Tue-Apr-11-2017 PM2.5 |   7.97 |   7.97 |   9.05 |   5.67 |I I 
16:13-Tue-Apr-11-2017 PM10  |  11.77 |  12.68 |  15.59 |  10.08 |I I 
16:13-Tue-Apr-11-2017 PM2.5 |   7.20 |   7.84 |   9.05 |   5.67 |I I 
16:17-Tue-Apr-11-2017 PM10  |  10.86 |  12.42 |  15.59 |  10.08 |I I 
16:17-Tue-Apr-11-2017 PM2.5 |   7.45 |   7.78 |   9.05 |   5.67 |I I 
16:18-Tue-Apr-11-2017 PM10  |  10.30 |  12.16 |  15.59 |  10.08 |I I 
16:18-Tue-Apr-11-2017 PM2.5 |   7.19 |   7.71 |   9.05 |   5.67 |I I 
16:22-Tue-Apr-11-2017 PM10  |  12.84 |  12.23 |  15.59 |  10.08 |I I 
16:22-Tue-Apr-11-2017 PM2.5 |   7.65 |   7.70 |   9.05 |   5.67 |I I 
16:23-Tue-Apr-11-2017 PM10  |  11.58 |  12.17 |  15.59 |  10.08 |I I 
16:23-Tue-Apr-11-2017 PM2.5 |   7.11 |   7.64 |   9.05 |   5.67 |I I 
16:27-Tue-Apr-11-2017 PM10  |  10.45 |  12.01 |  15.59 |  10.08 |I I 
16:27-Tue-Apr-11-2017 PM2.5 |   7.07 |   7.59 |   9.05 |   5.67 |I I 
16:28-Tue-Apr-11-2017 PM10  |  10.45 |  11.88 |  15.59 |  10.08 |I I 
16:28-Tue-Apr-11-2017 PM2.5 |   7.07 |   7.55 |   9.05 |   5.67 |I I 
16:29-Tue-Apr-11-2017 PM10  |  11.71 |  11.87 |  15.59 |  10.08 |I I 
16:29-Tue-Apr-11-2017 PM2.5 |   7.06 |   7.51 |   9.05 |   5.67 |I I 
16:33-Tue-Apr-11-2017 PM10  |  13.29 |  11.97 |  15.59 |  10.08 |I I 
16:33-Tue-Apr-11-2017 PM2.5 |   7.30 |   7.49 |   9.05 |   5.67 |I I 
16:34-Tue-Apr-11-2017 PM10  |  12.70 |  12.02 |  15.59 |  10.08 |I I 
16:34-Tue-Apr-11-2017 PM2.5 |   7.16 |   7.47 |   9.05 |   5.67 |I I 
16:38-Tue-Apr-11-2017 PM10  |  11.11 |  11.96 |  15.59 |  10.08 |I I 
16:38-Tue-Apr-11-2017 PM2.5 |   6.69 |   7.42 |   9.05 |   5.67 |I I 
16:39-Tue-Apr-11-2017 PM10  |  11.75 |  11.95 |  15.59 |  10.08 |I I 
16:39-Tue-Apr-11-2017 PM2.5 |   6.71 |   7.38 |   9.05 |   5.67 |I I 
16:43-Tue-Apr-11-2017 PM10  |  11.28 |  11.91 |  15.59 |  10.08 |I I 
16:43-Tue-Apr-11-2017 PM2.5 |   7.03 |   7.36 |   9.05 |   5.67 |I I 
16:44-Tue-Apr-11-2017 PM10  |  10.94 |  11.86 |  15.59 |  10.08 |I I 
16:44-Tue-Apr-11-2017 PM2.5 |   6.91 |   7.34 |   9.05 |   5.67 |I I 
16:48-Tue-Apr-11-2017 PM10  |  12.53 |  11.89 |  15.59 |  10.08 |I I 
16:48-Tue-Apr-11-2017 PM2.5 |   7.27 |   7.34 |   9.05 |   5.67 |I I 
16:49-Tue-Apr-11-2017 PM10  |   9.01 |  11.76 |  15.59 |  10.08 |I I 
16:49-Tue-Apr-11-2017 PM2.5 |   6.61 |   7.30 |   9.05 |   5.67 |I I 
16:53-Tue-Apr-11-2017 PM10  |  10.03 |  11.68 |  15.59 |  10.08 |I I 
16:53-Tue-Apr-11-2017 PM2.5 |   6.59 |   7.27 |   9.05 |   5.67 |I I 
16:54-Tue-Apr-11-2017 PM10  |  10.03 |  11.61 |  15.59 |  10.08 |I I 
16:54-Tue-Apr-11-2017 PM2.5 |   6.59 |   7.24 |   9.05 |   5.67 |I I 
16:55-Tue-Apr-11-2017 PM10  |  11.80 |  11.61 |  15.59 |  10.08 |I I 
16:55-Tue-Apr-11-2017 PM2.5 |   6.40 |   7.20 |   9.05 |   5.67 |I I 
16:59-Tue-Apr-11-2017 PM10  |  10.37 |  11.56 |  15.59 |  10.08 |I I 
16:59-Tue-Apr-11-2017 PM2.5 |   6.75 |   7.19 |   9.05 |   5.67 |I I 
17:00-Tue-Apr-11-2017 PM10  |  10.09 |  11.51 |  15.59 |  10.08 |I I 
17:00-Tue-Apr-11-2017 PM2.5 |   6.51 |   7.16 |   9.05 |   5.67 |I I 
17:04-Tue-Apr-11-2017 PM10  |  10.18 |  10.18 |  15.59 |  10.08 |I I 
17:04-Tue-Apr-11-2017 PM2.5 |   6.46 |   6.46 |   9.05 |   5.67 |I I 
17:05-Tue-Apr-11-2017 PM10  |  10.89 |  10.53 |  15.59 |  10.08 |I I 
17:05-Tue-Apr-11-2017 PM2.5 |   6.72 |   6.59 |   9.05 |   5.67 |I I 
17:09-Tue-Apr-11-2017 PM10  |   9.61 |  10.22 |  15.59 |  10.08 |I I 
17:09-Tue-Apr-11-2017 PM2.5 |   6.47 |   6.55 |   9.05 |   5.67 |I I 
17:10-Tue-Apr-11-2017 PM10  |  11.60 |  10.57 |  15.59 |  10.08 |I I 
17:10-Tue-Apr-11-2017 PM2.5 |   6.52 |   6.54 |   9.05 |   5.67 |I I 
17:14-Tue-Apr-11-2017 PM10  |  10.41 |  10.54 |  15.59 |  10.08 |I I 
17:14-Tue-Apr-11-2017 PM2.5 |   6.61 |   6.56 |   9.05 |   5.67 |I I 
17:15-Tue-Apr-11-2017 PM10  |   9.88 |  10.43 |  15.59 |  10.08 |I I 
17:15-Tue-Apr-11-2017 PM2.5 |   6.61 |   6.57 |   9.05 |   5.67 |I I 
17:19-Tue-Apr-11-2017 PM10  |  10.15 |  10.39 |  15.59 |  10.08 |I I 
17:19-Tue-Apr-11-2017 PM2.5 |   6.48 |   6.55 |   9.05 |   5.67 |I I 
17:20-Tue-Apr-11-2017 PM10  |  10.15 |  10.36 |  15.59 |  10.08 |I I 
17:20-Tue-Apr-11-2017 PM2.5 |   6.48 |   6.55 |   9.05 |   5.67 |I I 
17:21-Tue-Apr-11-2017 PM10  |   9.48 |  10.26 |  15.59 |  10.08 |I I 
17:21-Tue-Apr-11-2017 PM2.5 |   6.35 |   6.52 |   9.05 |   5.67 |I I 
17:25-Tue-Apr-11-2017 PM10  |   9.72 |  10.21 |  15.59 |  10.08 |I I 
17:25-Tue-Apr-11-2017 PM2.5 |   6.42 |   6.51 |   9.05 |   5.67 |I I 
17:26-Tue-Apr-11-2017 PM10  |   9.51 |  10.14 |  15.59 |  10.08 |I I 
17:26-Tue-Apr-11-2017 PM2.5 |   6.57 |   6.52 |   9.05 |   5.67 |I I 
17:30-Tue-Apr-11-2017 PM10  |   9.91 |  10.12 |  15.59 |  10.08 |I I 
17:30-Tue-Apr-11-2017 PM2.5 |   6.25 |   6.50 |   9.05 |   5.67 |I I 
17:31-Tue-Apr-11-2017 PM10  |  10.02 |  10.12 |  15.59 |  10.08 |I I 
17:31-Tue-Apr-11-2017 PM2.5 |   6.41 |   6.49 |   9.05 |   5.67 |I I 
17:35-Tue-Apr-11-2017 PM10  |   9.80 |  10.09 |  15.59 |  10.08 |I I 
17:35-Tue-Apr-11-2017 PM2.5 |   6.35 |   6.48 |   9.05 |   5.67 |I I 
17:36-Tue-Apr-11-2017 PM10  |   9.08 |  10.03 |  15.59 |  10.08 |I I 
17:36-Tue-Apr-11-2017 PM2.5 |   6.21 |   6.46 |   9.05 |   5.67 |I I 
17:40-Tue-Apr-11-2017 PM10  |  10.14 |  10.03 |  15.59 |  10.08 |I I 
17:40-Tue-Apr-11-2017 PM2.5 |   6.21 |   6.45 |   9.05 |   5.67 |I I 
17:41-Tue-Apr-11-2017 PM10  |   9.33 |   9.99 |  15.59 |  10.08 |I I 
17:41-Tue-Apr-11-2017 PM2.5 |   6.35 |   6.44 |   9.05 |   5.67 |I I 
17:45-Tue-Apr-11-2017 PM10  |  12.61 |  10.14 |  15.59 |  10.08 |I I 
17:45-Tue-Apr-11-2017 PM2.5 |   6.24 |   6.43 |   9.05 |   5.67 |I I 
17:46-Tue-Apr-11-2017 PM10  |  12.61 |  10.27 |  15.59 |  10.08 |I I 
17:46-Tue-Apr-11-2017 PM2.5 |   6.24 |   6.42 |   9.05 |   5.67 |I I 
17:47-Tue-Apr-11-2017 PM10  |  11.61 |  10.33 |  15.59 |  10.08 |I I 
17:47-Tue-Apr-11-2017 PM2.5 |   6.51 |   6.42 |   9.05 |   5.67 |I I 
17:51-Tue-Apr-11-2017 PM10  |  11.68 |  10.40 |  15.59 |  10.08 |I I 
17:51-Tue-Apr-11-2017 PM2.5 |   6.48 |   6.43 |   9.05 |   5.67 |I I 
17:52-Tue-Apr-11-2017 PM10  |   9.24 |  10.35 |  15.59 |  10.08 |I I 
17:52-Tue-Apr-11-2017 PM2.5 |   6.16 |   6.41 |   9.05 |   5.67 |I I 
17:56-Tue-Apr-11-2017 PM10  |  10.11 |  10.34 |  15.59 |  10.08 |I I 
17:56-Tue-Apr-11-2017 PM2.5 |   6.45 |   6.42 |   9.05 |   5.67 |I I 
17:57-Tue-Apr-11-2017 PM10  |   9.18 |  10.29 |  15.59 |  10.08 |I I 
17:57-Tue-Apr-11-2017 PM2.5 |   5.82 |   6.39 |   9.05 |   5.67 |I I 
18:01-Tue-Apr-11-2017 PM10  |   8.73 |  10.23 |  15.59 |  10.08 |I I 
18:01-Tue-Apr-11-2017 PM2.5 |   6.07 |   6.38 |   9.05 |   5.67 |I I 
18:02-Tue-Apr-11-2017 PM10  |   8.89 |   8.89 |  15.59 |  10.08 |I I 
18:02-Tue-Apr-11-2017 PM2.5 |   5.67 |   5.67 |   9.05 |   5.67 |I I 
18:06-Tue-Apr-11-2017 PM10  |   9.91 |   9.40 |  15.59 |  10.08 |I I 
18:06-Tue-Apr-11-2017 PM2.5 |   6.19 |   5.93 |   9.05 |   5.67 |I I 
18:07-Tue-Apr-11-2017 PM10  |   8.93 |   9.24 |  15.59 |  10.08 |I I 
18:07-Tue-Apr-11-2017 PM2.5 |   5.52 |   5.80 |   9.05 |   5.67 |I I 
18:11-Tue-Apr-11-2017 PM10  |   8.64 |   9.09 |  15.59 |  10.08 |I I 
18:11-Tue-Apr-11-2017 PM2.5 |   5.65 |   5.76 |   9.05 |   5.67 |I I 
18:12-Tue-Apr-11-2017 PM10  |   8.64 |   9.00 |  15.59 |  10.08 |I I 
18:12-Tue-Apr-11-2017 PM2.5 |   5.65 |   5.74 |   9.05 |   5.67 |I I 
18:13-Tue-Apr-11-2017 PM10  |   7.33 |   8.73 |  15.59 |  10.08 |I I 
18:13-Tue-Apr-11-2017 PM2.5 |   5.58 |   5.71 |   9.05 |   5.67 |I I 
18:17-Tue-Apr-11-2017 PM10  |  10.24 |   8.94 |  15.59 |  10.08 |I I 
18:17-Tue-Apr-11-2017 PM2.5 |   6.05 |   5.76 |   9.05 |   5.67 |I I 
18:18-Tue-Apr-11-2017 PM10  |   8.74 |   8.92 |  15.59 |  10.08 |I I 
18:18-Tue-Apr-11-2017 PM2.5 |   5.62 |   5.74 |   9.05 |   5.67 |I I 
18:22-Tue-Apr-11-2017 PM10  |   8.22 |   8.84 |  15.59 |  10.08 |I I 
18:22-Tue-Apr-11-2017 PM2.5 |   6.10 |   5.78 |   9.05 |   5.67 |I I 
18:23-Tue-Apr-11-2017 PM10  |   9.35 |   8.89 |  15.59 |  10.08 |I I 
18:23-Tue-Apr-11-2017 PM2.5 |   5.41 |   5.74 |   9.05 |   5.67 |I I 
18:27-Tue-Apr-11-2017 PM10  |   9.31 |   8.93 |  15.59 |  10.08 |I I 
18:27-Tue-Apr-11-2017 PM2.5 |   5.86 |   5.76 |   9.05 |   5.67 |I I 
18:28-Tue-Apr-11-2017 PM10  |  10.68 |   9.07 |  15.59 |  10.08 |I I 
18:28-Tue-Apr-11-2017 PM2.5 |   5.78 |   5.76 |   9.05 |   5.67 |I I 
18:32-Tue-Apr-11-2017 PM10  |   9.31 |   9.09 |  15.59 |  10.08 |I I 
18:32-Tue-Apr-11-2017 PM2.5 |   6.00 |   5.78 |   9.05 |   5.67 |I I 
18:33-Tue-Apr-11-2017 PM10  |   9.19 |   9.10 |  15.59 |  10.08 |I I 
18:33-Tue-Apr-11-2017 PM2.5 |   5.83 |   5.78 |   9.05 |   5.67 |I I 
18:37-Tue-Apr-11-2017 PM10  |   9.11 |   9.10 |  15.59 |  10.08 |I I 
18:37-Tue-Apr-11-2017 PM2.5 |   5.85 |   5.78 |   9.05 |   5.67 |I I 
18:38-Tue-Apr-11-2017 PM10  |   9.11 |   9.10 |  15.59 |  10.08 |I I 
18:38-Tue-Apr-11-2017 PM2.5 |   5.85 |   5.79 |   9.05 |   5.67 |I I 
18:39-Tue-Apr-11-2017 PM10  |   9.08 |   9.10 |  15.59 |  10.08 |I I 
18:39-Tue-Apr-11-2017 PM2.5 |   5.81 |   5.79 |   9.05 |   5.67 |I I 
18:43-Tue-Apr-11-2017 PM10  |   8.79 |   9.08 |  15.59 |  10.08 |I I 
18:43-Tue-Apr-11-2017 PM2.5 |   6.00 |   5.80 |   9.05 |   5.67 |I I 
18:44-Tue-Apr-11-2017 PM10  |   9.41 |   9.10 |  15.59 |  10.08 |I I 
18:44-Tue-Apr-11-2017 PM2.5 |   5.85 |   5.80 |   9.05 |   5.67 |I I 
18:48-Tue-Apr-11-2017 PM10  |   7.11 |   9.00 |  15.59 |  10.08 |I I 
18:48-Tue-Apr-11-2017 PM2.5 |   5.72 |   5.80 |   9.05 |   5.67 |I I 
18:49-Tue-Apr-11-2017 PM10  |   8.82 |   8.99 |  15.59 |  10.08 |I I 
18:49-Tue-Apr-11-2017 PM2.5 |   5.85 |   5.80 |   9.05 |   5.67 |I I 
18:54-Tue-Apr-11-2017 PM10  |   7.83 |   8.94 |  15.59 |  10.08 |I I 
18:54-Tue-Apr-11-2017 PM2.5 |   5.92 |   5.81 |   9.05 |   5.67 |I I 
18:55-Tue-Apr-11-2017 PM10  |   7.56 |   8.88 |  15.59 |  10.08 |I I 
18:55-Tue-Apr-11-2017 PM2.5 |   5.34 |   5.79 |   9.05 |   5.67 |I I 
18:59-Tue-Apr-11-2017 PM10  |   9.50 |   8.90 |  15.59 |  10.08 |I I 
18:59-Tue-Apr-11-2017 PM2.5 |   5.65 |   5.78 |   9.05 |   5.67 |I I 
19:00-Tue-Apr-11-2017 PM10  |   8.34 |   8.88 |  15.59 |   8.88 |I I 
19:00-Tue-Apr-11-2017 PM2.5 |   5.58 |   5.77 |   9.05 |   5.67 |I I 
19:04-Tue-Apr-11-2017 PM10  |   8.37 |   8.37 |  15.59 |   8.88 |I I 
19:04-Tue-Apr-11-2017 PM2.5 |   5.50 |   5.50 |   9.05 |   5.67 |I I 
19:05-Tue-Apr-11-2017 PM10  |   8.37 |   8.37 |  15.59 |   8.88 |I I 
19:05-Tue-Apr-11-2017 PM2.5 |   5.50 |   5.50 |   9.05 |   5.67 |I I 
19:06-Tue-Apr-11-2017 PM10  |   8.13 |   8.29 |  15.59 |   8.88 |I I 
19:06-Tue-Apr-11-2017 PM2.5 |   5.80 |   5.60 |   9.05 |   5.67 |I I 
19:10-Tue-Apr-11-2017 PM10  |   8.04 |   8.23 |  15.59 |   8.88 |I I 
19:10-Tue-Apr-11-2017 PM2.5 |   5.62 |   5.60 |   9.05 |   5.67 |I I 
19:11-Tue-Apr-11-2017 PM10  |  10.00 |   8.58 |  15.59 |   8.88 |I I 
19:11-Tue-Apr-11-2017 PM2.5 |   6.06 |   5.69 |   9.05 |   5.67 |I I 
19:15-Tue-Apr-11-2017 PM10  |   9.85 |   8.79 |  15.59 |   8.88 |I I 
19:15-Tue-Apr-11-2017 PM2.5 |   6.14 |   5.77 |   9.05 |   5.67 |I I 
19:16-Tue-Apr-11-2017 PM10  |  10.98 |   9.11 |  15.59 |   8.88 |I I 
19:16-Tue-Apr-11-2017 PM2.5 |   5.60 |   5.74 |   9.05 |   5.67 |I I 
19:20-Tue-Apr-11-2017 PM10  |  10.55 |   9.29 |  15.59 |   8.88 |I I 
19:20-Tue-Apr-11-2017 PM2.5 |   5.81 |   5.75 |   9.05 |   5.67 |I I 
19:21-Tue-Apr-11-2017 PM10  |  11.27 |   9.51 |  15.59 |   8.88 |I I 
19:21-Tue-Apr-11-2017 PM2.5 |   5.87 |   5.76 |   9.05 |   5.67 |I I 
19:25-Tue-Apr-11-2017 PM10  |  12.10 |   9.77 |  15.59 |   8.88 |I I 
19:25-Tue-Apr-11-2017 PM2.5 |   5.84 |   5.77 |   9.05 |   5.67 |I I 
19:26-Tue-Apr-11-2017 PM10  |  12.97 |  10.06 |  15.59 |   8.88 |I I 
19:26-Tue-Apr-11-2017 PM2.5 |   5.86 |   5.78 |   9.05 |   5.67 |I I 
19:30-Tue-Apr-11-2017 PM10  |  12.75 |  10.28 |  15.59 |   8.88 |I I 
19:30-Tue-Apr-11-2017 PM2.5 |   5.73 |   5.78 |   9.05 |   5.67 |I I 
19:31-Tue-Apr-11-2017 PM10  |  12.75 |  10.47 |  15.59 |   8.88 |I I 
19:31-Tue-Apr-11-2017 PM2.5 |   5.73 |   5.77 |   9.05 |   5.67 |I I 
19:32-Tue-Apr-11-2017 PM10  |  13.31 |  10.67 |  15.59 |   8.88 |I I 
19:32-Tue-Apr-11-2017 PM2.5 |   6.11 |   5.80 |   9.05 |   5.67 |I I 
19:36-Tue-Apr-11-2017 PM10  |  11.24 |  10.71 |  15.59 |   8.88 |I I 
19:36-Tue-Apr-11-2017 PM2.5 |   6.22 |   5.82 |   9.05 |   5.67 |I I 
19:37-Tue-Apr-11-2017 PM10  |  13.63 |  10.89 |  15.59 |   8.88 |I I 
19:37-Tue-Apr-11-2017 PM2.5 |   5.49 |   5.80 |   9.05 |   5.67 |I I 
19:41-Tue-Apr-11-2017 PM10  |  12.34 |  10.98 |  15.59 |   8.88 |I I 
19:41-Tue-Apr-11-2017 PM2.5 |   5.64 |   5.79 |   9.05 |   5.67 |I I 
19:42-Tue-Apr-11-2017 PM10  |  12.00 |  11.04 |  15.59 |   8.88 |I I 
19:42-Tue-Apr-11-2017 PM2.5 |   5.16 |   5.76 |   9.05 |   5.67 |I I 
19:46-Tue-Apr-11-2017 PM10  |  11.77 |  11.07 |  15.59 |   8.88 |I I 
19:46-Tue-Apr-11-2017 PM2.5 |   5.77 |   5.76 |   9.05 |   5.67 |I I 
19:47-Tue-Apr-11-2017 PM10  |  10.61 |  11.05 |  15.59 |   8.88 |I I 
19:47-Tue-Apr-11-2017 PM2.5 |   5.53 |   5.75 |   9.05 |   5.67 |I I 
19:51-Tue-Apr-11-2017 PM10  |  10.92 |  11.04 |  15.59 |   8.88 |I I 
19:51-Tue-Apr-11-2017 PM2.5 |   5.69 |   5.75 |   9.05 |   5.67 |I I 
19:52-Tue-Apr-11-2017 PM10  |  11.73 |  11.08 |  15.59 |   8.88 |I I 
19:52-Tue-Apr-11-2017 PM2.5 |   5.16 |   5.72 |   9.05 |   5.67 |I I 
19:56-Tue-Apr-11-2017 PM10  |  11.82 |  11.11 |  15.59 |   8.88 |I I 
19:56-Tue-Apr-11-2017 PM2.5 |   5.49 |   5.71 |   9.05 |   5.67 |I I 
19:57-Tue-Apr-11-2017 PM10  |  11.82 |  11.14 |  15.59 |   8.88 |I I 
19:57-Tue-Apr-11-2017 PM2.5 |   5.49 |   5.70 |   9.05 |   5.67 |I I 
19:58-Tue-Apr-11-2017 PM10  |  10.74 |  11.12 |  15.59 |   8.88 |I I 
19:58-Tue-Apr-11-2017 PM2.5 |   5.43 |   5.69 |   9.05 |   5.67 |I I 
20:02-Tue-Apr-11-2017 PM10  |  11.05 |  11.12 |  15.59 |   8.88 |I I 
20:02-Tue-Apr-11-2017 PM2.5 |   5.40 |   5.68 |   9.05 |   5.67 |I I 
20:03-Tue-Apr-11-2017 PM10  |   9.22 |   9.22 |  15.59 |   8.88 |I I 
20:03-Tue-Apr-11-2017 PM2.5 |   5.64 |   5.64 |   9.05 |   5.67 |I I 
20:07-Tue-Apr-11-2017 PM10  |  13.44 |  11.33 |  15.59 |   8.88 |I I 
20:07-Tue-Apr-11-2017 PM2.5 |   5.84 |   5.74 |   9.05 |   5.67 |I I 
20:08-Tue-Apr-11-2017 PM10  |  13.63 |  12.10 |  15.59 |   8.88 |I I 
20:08-Tue-Apr-11-2017 PM2.5 |   6.01 |   5.83 |   9.05 |   5.67 |I I 
20:12-Tue-Apr-11-2017 PM10  |  10.80 |  11.77 |  15.59 |   8.88 |I I 
20:12-Tue-Apr-11-2017 PM2.5 |   5.51 |   5.75 |   9.05 |   5.67 |I I 
20:13-Tue-Apr-11-2017 PM10  |  12.30 |  11.88 |  15.59 |   8.88 |I I 
20:13-Tue-Apr-11-2017 PM2.5 |   5.36 |   5.67 |   9.05 |   5.67 |I I 
20:17-Tue-Apr-11-2017 PM10  |  13.73 |  12.19 |  15.59 |   8.88 |I I 
20:17-Tue-Apr-11-2017 PM2.5 |   5.84 |   5.70 |   9.05 |   5.67 |I I 
20:18-Tue-Apr-11-2017 PM10  |  11.39 |  12.07 |  15.59 |   8.88 |I I 
20:18-Tue-Apr-11-2017 PM2.5 |   5.84 |   5.72 |   9.05 |   5.67 |I I 
20:22-Tue-Apr-11-2017 PM10  |  14.25 |  12.34 |  15.59 |   8.88 |I I 
20:22-Tue-Apr-11-2017 PM2.5 |   5.93 |   5.75 |   9.05 |   5.67 |I I 
20:23-Tue-Apr-11-2017 PM10  |  14.25 |  12.56 |  15.59 |   8.88 |I I 
20:23-Tue-Apr-11-2017 PM2.5 |   5.93 |   5.77 |   9.05 |   5.67 |I I 
20:24-Tue-Apr-11-2017 PM10  |  14.49 |  12.75 |  15.59 |   8.88 |I I 
20:24-Tue-Apr-11-2017 PM2.5 |   6.06 |   5.80 |   9.05 |   5.67 |I I 
20:28-Tue-Apr-11-2017 PM10  |  12.72 |  12.75 |  15.59 |   8.88 |I I 
20:28-Tue-Apr-11-2017 PM2.5 |   5.99 |   5.81 |   9.05 |   5.67 |I I 
20:29-Tue-Apr-11-2017 PM10  |  14.27 |  12.87 |  15.59 |   8.88 |I I 
20:29-Tue-Apr-11-2017 PM2.5 |   5.87 |   5.82 |   9.05 |   5.67 |I I 
20:33-Tue-Apr-11-2017 PM10  |  14.50 |  13.00 |  15.59 |   8.88 |I I 
20:33-Tue-Apr-11-2017 PM2.5 |   6.25 |   5.85 |   9.05 |   5.67 |I I 
20:34-Tue-Apr-11-2017 PM10  |  15.50 |  13.18 |  15.59 |   8.88 |I I 
20:34-Tue-Apr-11-2017 PM2.5 |   6.07 |   5.87 |   9.05 |   5.67 |I I 
20:38-Tue-Apr-11-2017 PM10  |  12.30 |  13.12 |  15.59 |   8.88 |I I 
20:38-Tue-Apr-11-2017 PM2.5 |   6.16 |   5.89 |   9.05 |   5.67 |I I 
20:39-Tue-Apr-11-2017 PM10  |  12.38 |  13.07 |  15.59 |   8.88 |I I 
20:39-Tue-Apr-11-2017 PM2.5 |   6.18 |   5.91 |   9.05 |   5.67 |I I 
20:43-Tue-Apr-11-2017 PM10  |  12.62 |  13.05 |  15.59 |   8.88 |I I 
20:43-Tue-Apr-11-2017 PM2.5 |   5.70 |   5.89 |   9.05 |   5.67 |I I 
20:44-Tue-Apr-11-2017 PM10  |  13.63 |  13.08 |  15.59 |   8.88 |I I 
20:44-Tue-Apr-11-2017 PM2.5 |   6.17 |   5.91 |   9.05 |   5.67 |I I 
20:48-Tue-Apr-11-2017 PM10  |  10.26 |  12.93 |  15.59 |   8.88 |I I 
20:48-Tue-Apr-11-2017 PM2.5 |   5.94 |   5.91 |   9.05 |   5.67 |I I 
20:49-Tue-Apr-11-2017 PM10  |  10.26 |  12.80 |  15.59 |   8.88 |I I 
20:49-Tue-Apr-11-2017 PM2.5 |   5.94 |   5.91 |   9.05 |   5.67 |I I 
20:50-Tue-Apr-11-2017 PM10  |  10.74 |  12.70 |  15.59 |   8.88 |I I 
20:50-Tue-Apr-11-2017 PM2.5 |   5.65 |   5.90 |   9.05 |   5.67 |I I 
20:54-Tue-Apr-11-2017 PM10  |  11.80 |  12.66 |  15.59 |   8.88 |I I 
20:54-Tue-Apr-11-2017 PM2.5 |   5.84 |   5.90 |   9.05 |   5.67 |I I 
20:55-Tue-Apr-11-2017 PM10  |   8.60 |  12.48 |  15.59 |   8.88 |I I 
20:55-Tue-Apr-11-2017 PM2.5 |   5.38 |   5.87 |   9.05 |   5.67 |I I 
20:59-Tue-Apr-11-2017 PM10  |  10.44 |  12.40 |  15.59 |   8.88 |I I 
20:59-Tue-Apr-11-2017 PM2.5 |   5.50 |   5.86 |   9.05 |   5.67 |I I 
21:00-Tue-Apr-11-2017 PM10  |  12.42 |  12.40 |  15.59 |   8.88 |I I 
21:00-Tue-Apr-11-2017 PM2.5 |   5.88 |   5.86 |   9.05 |   5.67 |I I 
21:04-Tue-Apr-11-2017 PM10  |  11.28 |  11.28 |  15.59 |   8.88 |I I 
21:04-Tue-Apr-11-2017 PM2.5 |   5.78 |   5.78 |   9.05 |   5.67 |I I 
21:05-Tue-Apr-11-2017 PM10  |  11.27 |  11.27 |  15.59 |   8.88 |I I 
21:05-Tue-Apr-11-2017 PM2.5 |   5.72 |   5.75 |   9.05 |   5.67 |I I 
21:09-Tue-Apr-11-2017 PM10  |  10.71 |  11.08 |  15.59 |   8.88 |I I 
21:09-Tue-Apr-11-2017 PM2.5 |   5.80 |   5.77 |   9.05 |   5.67 |I I 
21:10-Tue-Apr-11-2017 PM10  |  14.59 |  11.96 |  15.59 |   8.88 |I I 
21:10-Tue-Apr-11-2017 PM2.5 |   6.18 |   5.87 |   9.05 |   5.67 |I I 
21:14-Tue-Apr-11-2017 PM10  |  13.77 |  12.32 |  15.59 |   8.88 |I I 
21:14-Tue-Apr-11-2017 PM2.5 |   5.87 |   5.87 |   9.05 |   5.67 |I I 
21:15-Tue-Apr-11-2017 PM10  |  13.77 |  12.56 |  15.59 |   8.88 |I I 
21:15-Tue-Apr-11-2017 PM2.5 |   5.87 |   5.87 |   9.05 |   5.67 |I I 
21:16-Tue-Apr-11-2017 PM10  |  10.77 |  12.31 |  15.59 |   8.88 |I I 
21:16-Tue-Apr-11-2017 PM2.5 |   5.14 |   5.77 |   9.05 |   5.67 |I I 
21:20-Tue-Apr-11-2017 PM10  |  11.20 |  12.17 |  15.59 |   8.88 |I I 
21:20-Tue-Apr-11-2017 PM2.5 |   6.07 |   5.80 |   9.05 |   5.67 |I I 
21:21-Tue-Apr-11-2017 PM10  |  14.38 |  12.42 |  15.59 |   8.88 |I I 
21:21-Tue-Apr-11-2017 PM2.5 |   6.15 |   5.84 |   9.05 |   5.67 |I I 
21:25-Tue-Apr-11-2017 PM10  |  13.75 |  12.55 |  15.59 |   8.88 |I I 
21:25-Tue-Apr-11-2017 PM2.5 |   6.30 |   5.89 |   9.05 |   5.67 |I I 
21:26-Tue-Apr-11-2017 PM10  |  10.18 |  12.33 |  15.59 |   8.88 |I I 
21:26-Tue-Apr-11-2017 PM2.5 |   5.94 |   5.89 |   9.05 |   5.67 |I I 
21:30-Tue-Apr-11-2017 PM10  |  14.23 |  12.49 |  15.59 |   8.88 |I I 
21:30-Tue-Apr-11-2017 PM2.5 |   6.31 |   5.93 |   9.05 |   5.67 |I I 
21:31-Tue-Apr-11-2017 PM10  |  10.44 |  12.33 |  15.59 |   8.88 |I I 
21:31-Tue-Apr-11-2017 PM2.5 |   6.03 |   5.94 |   9.05 |   5.67 |I I 
21:35-Tue-Apr-11-2017 PM10  |  12.98 |  12.38 |  15.59 |   8.88 |I I 
21:35-Tue-Apr-11-2017 PM2.5 |   6.21 |   5.96 |   9.05 |   5.67 |I I 
21:36-Tue-Apr-11-2017 PM10  |  12.59 |  12.39 |  15.59 |   8.88 |I I 
21:36-Tue-Apr-11-2017 PM2.5 |   5.92 |   5.95 |   9.05 |   5.67 |I I 
21:40-Tue-Apr-11-2017 PM10  |  11.53 |  12.34 |  15.59 |   8.88 |I I 
21:40-Tue-Apr-11-2017 PM2.5 |   6.03 |   5.96 |   9.05 |   5.67 |I I 
21:41-Tue-Apr-11-2017 PM10  |  11.53 |  12.29 |  15.59 |   8.88 |I I 
21:41-Tue-Apr-11-2017 PM2.5 |   6.03 |   5.96 |   9.05 |   5.67 |I I 
21:42-Tue-Apr-11-2017 PM10  |  12.68 |  12.31 |  15.59 |   8.88 |I I 
21:42-Tue-Apr-11-2017 PM2.5 |   6.42 |   5.99 |   9.05 |   5.67 |I I 
21:46-Tue-Apr-11-2017 PM10  |  14.52 |  12.43 |  15.59 |   8.88 |I I 
21:46-Tue-Apr-11-2017 PM2.5 |   6.68 |   6.02 |   9.05 |   5.67 |I I 
21:47-Tue-Apr-11-2017 PM10  |  14.90 |  12.55 |  15.59 |   8.88 |I I 
21:47-Tue-Apr-11-2017 PM2.5 |   6.86 |   6.07 |   9.05 |   5.67 |I I 
21:51-Tue-Apr-11-2017 PM10  |  11.37 |  12.50 |  15.59 |   8.88 |I I 
21:51-Tue-Apr-11-2017 PM2.5 |   6.76 |   6.10 |   9.05 |   5.67 |I I 
21:53-Tue-Apr-11-2017 PM10  |  12.44 |  12.49 |  15.59 |   8.88 |I I 
21:53-Tue-Apr-11-2017 PM2.5 |   6.70 |   6.13 |   9.05 |   5.67 |I I 
21:57-Tue-Apr-11-2017 PM10  |  13.29 |  12.53 |  15.59 |   8.88 |I I 
21:57-Tue-Apr-11-2017 PM2.5 |   6.68 |   6.15 |   9.05 |   5.67 |I I 
21:58-Tue-Apr-11-2017 PM10  |  14.41 |  12.61 |  15.59 |   8.88 |I I 
21:58-Tue-Apr-11-2017 PM2.5 |   6.31 |   6.16 |   9.05 |   5.67 |I I 
22:02-Tue-Apr-11-2017 PM10  |  13.23 |  12.63 |  15.59 |   8.88 |I I 
22:02-Tue-Apr-11-2017 PM2.5 |   6.30 |   6.16 |   9.05 |   5.67 |I I 
22:03-Tue-Apr-11-2017 PM10  |  12.50 |  12.50 |  15.59 |   8.88 |I I 
22:03-Tue-Apr-11-2017 PM2.5 |   5.97 |   5.97 |   9.05 |   5.67 |I I 
22:07-Tue-Apr-11-2017 PM10  |  12.35 |  12.42 |  15.59 |   8.88 |I I 
22:07-Tue-Apr-11-2017 PM2.5 |   6.46 |   6.21 |   9.05 |   5.67 |I I 
22:08-Tue-Apr-11-2017 PM10  |  10.25 |  11.70 |  15.59 |   8.88 |I I 
22:08-Tue-Apr-11-2017 PM2.5 |   6.17 |   6.20 |   9.05 |   5.67 |I I 
22:09-Tue-Apr-11-2017 PM10  |  10.25 |  11.34 |  15.59 |   8.88 |I I 
22:09-Tue-Apr-11-2017 PM2.5 |   6.17 |   6.19 |   9.05 |   5.67 |I I 
22:13-Tue-Apr-11-2017 PM10  |  12.12 |  11.49 |  15.59 |   8.88 |I I 
22:13-Tue-Apr-11-2017 PM2.5 |   6.31 |   6.21 |   9.05 |   5.67 |I I 
22:14-Tue-Apr-11-2017 PM10  |  10.73 |  11.37 |  15.59 |   8.88 |I I 
22:14-Tue-Apr-11-2017 PM2.5 |   5.97 |   6.17 |   9.05 |   5.67 |I I 
22:18-Tue-Apr-11-2017 PM10  |  13.60 |  11.68 |  15.59 |   8.88 |I I 
22:18-Tue-Apr-11-2017 PM2.5 |   6.71 |   6.25 |   9.05 |   5.67 |I I 
22:19-Tue-Apr-11-2017 PM10  |  13.79 |  11.95 |  15.59 |   8.88 |I I 
22:19-Tue-Apr-11-2017 PM2.5 |   6.81 |   6.32 |   9.05 |   5.67 |I I 
22:23-Tue-Apr-11-2017 PM10  |  11.91 |  11.94 |  15.59 |   8.88 |I I 
22:23-Tue-Apr-11-2017 PM2.5 |   6.58 |   6.35 |   9.05 |   5.67 |I I 
22:24-Tue-Apr-11-2017 PM10  |  10.87 |  11.84 |  15.59 |   8.88 |I I 
22:24-Tue-Apr-11-2017 PM2.5 |   6.30 |   6.34 |   9.05 |   5.67 |I I 
22:28-Tue-Apr-11-2017 PM10  |  11.01 |  11.76 |  15.59 |   8.88 |I I 
22:28-Tue-Apr-11-2017 PM2.5 |   6.27 |   6.34 |   9.05 |   5.67 |I I 
22:29-Tue-Apr-11-2017 PM10  |  10.88 |  11.69 |  15.59 |   8.88 |I I 
22:29-Tue-Apr-11-2017 PM2.5 |   6.24 |   6.33 |   9.05 |   5.67 |I I 
22:33-Tue-Apr-11-2017 PM10  |  10.37 |  11.59 |  15.59 |   8.88 |I I 
22:33-Tue-Apr-11-2017 PM2.5 |   6.12 |   6.31 |   9.05 |   5.67 |I I 
22:34-Tue-Apr-11-2017 PM10  |  12.27 |  11.64 |  15.59 |   8.88 |I I 
22:34-Tue-Apr-11-2017 PM2.5 |   6.52 |   6.33 |   9.05 |   5.67 |I I 
22:35-Tue-Apr-11-2017 PM10  |  12.27 |  11.68 |  15.59 |   8.88 |I I 
22:35-Tue-Apr-11-2017 PM2.5 |   6.52 |   6.34 |   9.05 |   5.67 |I I 
22:39-Tue-Apr-11-2017 PM10  |  14.60 |  11.86 |  15.59 |   8.88 |I I 
22:39-Tue-Apr-11-2017 PM2.5 |   6.59 |   6.36 |   9.05 |   5.67 |I I 
22:40-Tue-Apr-11-2017 PM10  |  11.60 |  11.85 |  15.59 |   8.88 |I I 
22:40-Tue-Apr-11-2017 PM2.5 |   5.91 |   6.33 |   9.05 |   5.67 |I I 
22:44-Tue-Apr-11-2017 PM10  |  12.95 |  11.91 |  15.59 |   8.88 |I I 
22:44-Tue-Apr-11-2017 PM2.5 |   6.40 |   6.33 |   9.05 |   5.67 |I I 
22:45-Tue-Apr-11-2017 PM10  |  12.41 |  11.93 |  15.59 |   8.88 |I I 
22:45-Tue-Apr-11-2017 PM2.5 |   6.34 |   6.33 |   9.05 |   5.67 |I I 
22:49-Tue-Apr-11-2017 PM10  |  13.37 |  12.01 |  15.59 |   8.88 |I I 
22:49-Tue-Apr-11-2017 PM2.5 |   6.43 |   6.34 |   9.05 |   5.67 |I I 
22:50-Tue-Apr-11-2017 PM10  |   9.34 |  11.88 |  15.59 |   8.88 |I I 
22:50-Tue-Apr-11-2017 PM2.5 |   5.56 |   6.30 |   9.05 |   5.67 |I I 
22:54-Tue-Apr-11-2017 PM10  |  11.24 |  11.85 |  15.59 |   8.88 |I I 
22:54-Tue-Apr-11-2017 PM2.5 |   6.15 |   6.29 |   9.05 |   5.67 |I I 
22:55-Tue-Apr-11-2017 PM10  |  10.56 |  11.79 |  15.59 |   8.88 |I I 
22:55-Tue-Apr-11-2017 PM2.5 |   6.20 |   6.29 |   9.05 |   5.67 |I I 
22:59-Tue-Apr-11-2017 PM10  |  11.92 |  11.80 |  15.59 |   8.88 |I I 
22:59-Tue-Apr-11-2017 PM2.5 |   6.17 |   6.29 |   9.05 |   5.67 |I I 
23:00-Tue-Apr-11-2017 PM10  |  10.20 |  11.73 |  15.59 |   8.88 |I I 
23:00-Tue-Apr-11-2017 PM2.5 |   5.92 |   6.27 |   9.05 |   5.67 |I I 
23:01-Tue-Apr-11-2017 PM10  |  10.20 |  10.20 |  15.59 |   8.88 |I I 
23:01-Tue-Apr-11-2017 PM2.5 |   5.92 |   5.92 |   9.05 |   5.67 |I I 
23:05-Tue-Apr-11-2017 PM10  |  10.11 |  10.16 |  15.59 |   8.88 |I I 
23:05-Tue-Apr-11-2017 PM2.5 |   5.61 |   5.77 |   9.05 |   5.67 |I I 
23:06-Tue-Apr-11-2017 PM10  |   8.81 |   9.71 |  15.59 |   8.88 |I I 
23:06-Tue-Apr-11-2017 PM2.5 |   5.93 |   5.82 |   9.05 |   5.67 |I I 
23:10-Tue-Apr-11-2017 PM10  |  11.35 |  10.12 |  15.59 |   8.88 |I I 
23:10-Tue-Apr-11-2017 PM2.5 |   6.19 |   5.91 |   9.05 |   5.67 |I I 
23:11-Tue-Apr-11-2017 PM10  |  10.70 |  10.23 |  15.59 |   8.88 |I I 
23:11-Tue-Apr-11-2017 PM2.5 |   6.11 |   5.95 |   9.05 |   5.67 |I I 
23:15-Tue-Apr-11-2017 PM10  |  11.07 |  10.37 |  15.59 |   8.88 |I I 
23:15-Tue-Apr-11-2017 PM2.5 |   6.23 |   6.00 |   9.05 |   5.67 |I I 
23:16-Tue-Apr-11-2017 PM10  |   9.75 |  10.28 |  15.59 |   8.88 |I I 
23:16-Tue-Apr-11-2017 PM2.5 |   6.15 |   6.02 |   9.05 |   5.67 |I I 
23:20-Tue-Apr-11-2017 PM10  |  12.30 |  10.54 |  15.59 |   8.88 |I I 
23:20-Tue-Apr-11-2017 PM2.5 |   6.43 |   6.07 |   9.05 |   5.67 |I I 
23:21-Tue-Apr-11-2017 PM10  |  11.75 |  10.67 |  15.59 |   8.88 |I I 
23:21-Tue-Apr-11-2017 PM2.5 |   6.51 |   6.12 |   9.05 |   5.67 |I I 
23:25-Tue-Apr-11-2017 PM10  |  11.88 |  10.79 |  15.59 |   8.88 |I I 
23:25-Tue-Apr-11-2017 PM2.5 |   6.54 |   6.16 |   9.05 |   5.67 |I I 
23:26-Tue-Apr-11-2017 PM10  |  10.84 |  10.80 |  15.59 |   8.88 |I I 
23:26-Tue-Apr-11-2017 PM2.5 |   5.98 |   6.15 |   9.05 |   5.67 |I I 
23:27-Tue-Apr-11-2017 PM10  |  10.84 |  10.80 |  15.59 |   8.88 |I I 
23:27-Tue-Apr-11-2017 PM2.5 |   5.98 |   6.13 |   9.05 |   5.67 |I I 
23:31-Tue-Apr-11-2017 PM10  |  12.06 |  10.90 |  15.59 |   8.88 |I I 
23:31-Tue-Apr-11-2017 PM2.5 |   6.37 |   6.15 |   9.05 |   5.67 |I I 
23:32-Tue-Apr-11-2017 PM10  |  11.07 |  10.91 |  15.59 |   8.88 |I I 
23:32-Tue-Apr-11-2017 PM2.5 |   5.94 |   6.13 |   9.05 |   5.67 |I I 
23:36-Tue-Apr-11-2017 PM10  |  11.78 |  10.97 |  15.59 |   8.88 |I I 
23:36-Tue-Apr-11-2017 PM2.5 |   5.98 |   6.12 |   9.05 |   5.67 |I I 
23:37-Tue-Apr-11-2017 PM10  |  12.95 |  11.09 |  15.59 |   8.88 |I I 
23:37-Tue-Apr-11-2017 PM2.5 |   6.27 |   6.13 |   9.05 |   5.67 |I I 
23:41-Tue-Apr-11-2017 PM10  |  10.10 |  11.03 |  15.59 |   8.88 |I I 
23:41-Tue-Apr-11-2017 PM2.5 |   6.38 |   6.15 |   9.05 |   5.67 |I I 
23:42-Tue-Apr-11-2017 PM10  |  11.75 |  11.07 |  15.59 |   8.88 |I I 
23:42-Tue-Apr-11-2017 PM2.5 |   6.44 |   6.16 |   9.05 |   5.67 |I I 
23:46-Tue-Apr-11-2017 PM10  |  12.69 |  11.16 |  15.59 |   8.88 |I I 
23:46-Tue-Apr-11-2017 PM2.5 |   6.40 |   6.18 |   9.05 |   5.67 |I I 
23:47-Tue-Apr-11-2017 PM10  |  10.50 |  11.12 |  15.59 |   8.88 |I I 
23:47-Tue-Apr-11-2017 PM2.5 |   6.77 |   6.21 |   9.05 |   5.67 |I I 
23:51-Tue-Apr-11-2017 PM10  |  11.54 |  11.14 |  15.59 |   8.88 |I I 
23:51-Tue-Apr-11-2017 PM2.5 |   6.91 |   6.24 |   9.05 |   5.67 |I I 
23:52-Tue-Apr-11-2017 PM10  |  11.33 |  11.15 |  15.59 |   8.88 |I I 
23:52-Tue-Apr-11-2017 PM2.5 |   6.40 |   6.25 |   9.05 |   5.67 |I I 
23:53-Tue-Apr-11-2017 PM10  |  11.33 |  11.16 |  15.59 |   8.88 |I I 
23:53-Tue-Apr-11-2017 PM2.5 |   6.40 |   6.25 |   9.05 |   5.67 |I I 
23:57-Tue-Apr-11-2017 PM10  |  13.85 |  11.27 |  15.59 |   8.88 |I I 
23:57-Tue-Apr-11-2017 PM2.5 |   6.93 |   6.28 |   9.05 |   5.67 |I I 
23:58-Tue-Apr-11-2017 PM10  |  12.48 |  11.32 |  15.59 |   8.88 |I I 
23:58-Tue-Apr-11-2017 PM2.5 |   6.55 |   6.29 |   9.05 |   5.67 |I I 
00:02-Wed-Apr-12-2017 PM10  |  11.98 |  11.35 |  15.59 |   8.88 |I I 
