[Tue Mar 14 00:00:22 2017] Report del giorno Tuesday March 14 2017 -- INVIATO a centraline@googlegroups.com
00:00-Tue-Mar-14-2017 PM2.5 |   5.08 |   4.93 |   5.52 |   3.74 |I I 
00:01-Tue-Mar-14-2017 PM10  |  12.65 |  12.65 |   0.00 |  2000.00|I I 
00:01-Tue-Mar-14-2017 PM2.5 |   4.90 |   4.90 |   0.00 |  2000.00|I I 
00:05-Tue-Mar-14-2017 PM10  |  10.94 |  11.79 |   0.00 |  2000.00|I I 
00:05-Tue-Mar-14-2017 PM2.5 |   5.19 |   5.05 |   0.00 |  2000.00|I I 
00:06-Tue-Mar-14-2017 PM10  |  11.08 |  11.56 |   0.00 |  2000.00|I I 
00:06-Tue-Mar-14-2017 PM2.5 |   4.96 |   5.02 |   0.00 |  2000.00|I I 
00:10-Tue-Mar-14-2017 PM10  |  13.95 |  12.15 |   0.00 |  2000.00|I I 
00:10-Tue-Mar-14-2017 PM2.5 |   5.16 |   5.05 |   0.00 |  2000.00|I I 
00:11-Tue-Mar-14-2017 PM10  |  12.73 |  12.27 |   0.00 |  2000.00|I I 
00:11-Tue-Mar-14-2017 PM2.5 |   4.95 |   5.03 |   0.00 |  2000.00|I I 
00:15-Tue-Mar-14-2017 PM10  |  11.98 |  12.22 |   0.00 |  2000.00|I I 
00:15-Tue-Mar-14-2017 PM2.5 |   5.59 |   5.13 |   0.00 |  2000.00|I I 
00:16-Tue-Mar-14-2017 PM10  |  14.33 |  12.52 |   0.00 |  2000.00|I I 
00:16-Tue-Mar-14-2017 PM2.5 |   4.85 |   5.09 |   0.00 |  2000.00|I I 
00:20-Tue-Mar-14-2017 PM10  |   9.93 |  12.20 |   0.00 |  2000.00|I I 
00:20-Tue-Mar-14-2017 PM2.5 |   4.98 |   5.07 |   0.00 |  2000.00|I I 
00:21-Tue-Mar-14-2017 PM10  |  11.57 |  12.13 |   0.00 |  2000.00|I I 
00:21-Tue-Mar-14-2017 PM2.5 |   5.16 |   5.08 |   0.00 |  2000.00|I I 
00:25-Tue-Mar-14-2017 PM10  |  13.80 |  12.30 |   0.00 |  2000.00|I I 
00:25-Tue-Mar-14-2017 PM2.5 |   5.29 |   5.10 |   0.00 |  2000.00|I I 
00:26-Tue-Mar-14-2017 PM10  |  13.80 |  12.43 |   0.00 |  2000.00|I I 
00:26-Tue-Mar-14-2017 PM2.5 |   4.84 |   5.08 |   0.00 |  2000.00|I I 
00:27-Tue-Mar-14-2017 PM10  |  13.80 |  12.55 |   0.00 |  2000.00|I I 
00:27-Tue-Mar-14-2017 PM2.5 |   4.84 |   5.06 |   0.00 |  2000.00|I I 
00:31-Tue-Mar-14-2017 PM10  |  10.28 |  12.37 |   0.00 |  2000.00|I I 
00:31-Tue-Mar-14-2017 PM2.5 |   5.17 |   5.07 |   0.00 |  2000.00|I I 
00:32-Tue-Mar-14-2017 PM10  |  13.09 |  12.42 |   0.00 |  2000.00|I I 
00:32-Tue-Mar-14-2017 PM2.5 |   5.18 |   5.08 |   0.00 |  2000.00|I I 
00:36-Tue-Mar-14-2017 PM10  |  11.72 |  12.38 |   0.00 |  2000.00|I I 
00:36-Tue-Mar-14-2017 PM2.5 |   5.21 |   5.09 |   0.00 |  2000.00|I I 
00:37-Tue-Mar-14-2017 PM10  |  12.39 |  12.38 |   0.00 |  2000.00|I I 
00:37-Tue-Mar-14-2017 PM2.5 |   5.16 |   5.09 |   0.00 |  2000.00|I I 
00:41-Tue-Mar-14-2017 PM10  |  11.62 |  12.33 |   0.00 |  2000.00|I I 
00:41-Tue-Mar-14-2017 PM2.5 |   5.40 |   5.11 |   0.00 |  2000.00|I I 
00:42-Tue-Mar-14-2017 PM10  |  13.28 |  12.39 |   0.00 |  2000.00|I I 
00:42-Tue-Mar-14-2017 PM2.5 |   4.95 |   5.10 |   0.00 |  2000.00|I I 
00:46-Tue-Mar-14-2017 PM10  |   9.77 |  12.25 |   0.00 |  2000.00|I I 
00:46-Tue-Mar-14-2017 PM2.5 |   4.69 |   5.08 |   0.00 |  2000.00|I I 
00:47-Tue-Mar-14-2017 PM10  |  13.34 |  12.30 |   0.00 |  2000.00|I I 
00:47-Tue-Mar-14-2017 PM2.5 |   5.54 |   5.10 |   0.00 |  2000.00|I I 
00:51-Tue-Mar-14-2017 PM10  |  11.70 |  12.27 |   0.00 |  2000.00|I I 
00:51-Tue-Mar-14-2017 PM2.5 |   5.09 |   5.10 |   0.00 |  2000.00|I I 
00:52-Tue-Mar-14-2017 PM10  |  11.19 |  12.22 |   0.00 |  2000.00|I I 
00:52-Tue-Mar-14-2017 PM2.5 |   5.24 |   5.11 |   0.00 |  2000.00|I I 
00:53-Tue-Mar-14-2017 PM10  |  11.19 |  12.18 |   0.00 |  2000.00|I I 
00:53-Tue-Mar-14-2017 PM2.5 |   5.24 |   5.11 |   0.00 |  2000.00|I I 
00:57-Tue-Mar-14-2017 PM10  |  10.98 |  12.13 |   0.00 |  2000.00|I I 
00:57-Tue-Mar-14-2017 PM2.5 |   5.21 |   5.12 |   0.00 |  2000.00|I I 
00:58-Tue-Mar-14-2017 PM10  |   7.73 |  11.95 |   0.00 |  2000.00|I I 
00:58-Tue-Mar-14-2017 PM2.5 |   4.88 |   5.11 |   0.00 |  2000.00|I I 
01:02-Tue-Mar-14-2017Timeout Event handler
01:02-Tue-Mar-14-2017 PM10  |  11.46 |  11.93 |  11.93 |  11.93 |B B 
01:02-Tue-Mar-14-2017 PM2.5 |   5.05 |   5.11 |   5.11 |   5.11 |B B 
01:04-Tue-Mar-14-2017Timeout Event handler
01:04-Tue-Mar-14-2017 PM10  |   9.20 |   9.20 |  11.93 |  11.93 |B B 
01:04-Tue-Mar-14-2017 PM2.5 |   4.89 |   4.89 |   5.11 |   5.11 |B B 
01:08-Tue-Mar-14-2017recover dati per host :salvatorehost.no-ip.org/aria
01:08-Tue-Mar-14-2017recover dati per host :92.223.147.77/nodered
01:08-Tue-Mar-14-2017 PM10  |   9.74 |   9.47 |  11.93 |  11.93 |I I 
01:08-Tue-Mar-14-2017 PM2.5 |   4.87 |   4.88 |   5.11 |   5.11 |I I 
01:09-Tue-Mar-14-2017 PM10  |  12.43 |  10.46 |  11.93 |  11.93 |I I 
01:09-Tue-Mar-14-2017 PM2.5 |   5.42 |   5.06 |   5.11 |   5.11 |I I 
01:13-Tue-Mar-14-2017 PM10  |  13.25 |  11.15 |  11.93 |  11.93 |I I 
01:13-Tue-Mar-14-2017 PM2.5 |   5.62 |   5.20 |   5.11 |   5.11 |I I 
01:14-Tue-Mar-14-2017 PM10  |  10.31 |  10.99 |  11.93 |  11.93 |I I 
01:14-Tue-Mar-14-2017 PM2.5 |   5.14 |   5.18 |   5.11 |   5.11 |I I 
01:18-Tue-Mar-14-2017 PM10  |   9.41 |  10.72 |  11.93 |  11.93 |I I 
01:18-Tue-Mar-14-2017 PM2.5 |   5.17 |   5.18 |   5.11 |   5.11 |I I 
01:19-Tue-Mar-14-2017 PM10  |   9.78 |  10.59 |  11.93 |  11.93 |I I 
01:19-Tue-Mar-14-2017 PM2.5 |   5.13 |   5.17 |   5.11 |   5.11 |I I 
01:23-Tue-Mar-14-2017 PM10  |   8.11 |  10.28 |  11.93 |  11.93 |I I 
01:23-Tue-Mar-14-2017 PM2.5 |   4.97 |   5.15 |   5.11 |   5.11 |I I 
01:24-Tue-Mar-14-2017 PM10  |   9.96 |  10.24 |  11.93 |  11.93 |I I 
01:24-Tue-Mar-14-2017 PM2.5 |   5.41 |   5.18 |   5.11 |   5.11 |I I 
01:28-Tue-Mar-14-2017 PM10  |  10.30 |  10.25 |  11.93 |  11.93 |I I 
01:28-Tue-Mar-14-2017 PM2.5 |   5.34 |   5.19 |   5.11 |   5.11 |I I 
01:29-Tue-Mar-14-2017 PM10  |  13.94 |  10.58 |  11.93 |  11.93 |I I 
01:29-Tue-Mar-14-2017 PM2.5 |   5.78 |   5.25 |   5.11 |   5.11 |I I 
01:30-Tue-Mar-14-2017 PM10  |  13.94 |  10.86 |  11.93 |  11.93 |I I 
01:30-Tue-Mar-14-2017 PM2.5 |   5.78 |   5.29 |   5.11 |   5.11 |I I 
01:34-Tue-Mar-14-2017 PM10  |  11.74 |  10.93 |  11.93 |  11.93 |I I 
01:34-Tue-Mar-14-2017 PM2.5 |   5.38 |   5.30 |   5.11 |   5.11 |I I 
01:35-Tue-Mar-14-2017 PM10  |  10.35 |  10.89 |  11.93 |  11.93 |I I 
01:35-Tue-Mar-14-2017 PM2.5 |   5.25 |   5.29 |   5.11 |   5.11 |I I 
01:39-Tue-Mar-14-2017 PM10  |   9.09 |  10.77 |  11.93 |  11.93 |I I 
01:39-Tue-Mar-14-2017 PM2.5 |   5.27 |   5.29 |   5.11 |   5.11 |I I 
01:40-Tue-Mar-14-2017 PM10  |  10.37 |  10.74 |  11.93 |  11.93 |I I 
01:40-Tue-Mar-14-2017 PM2.5 |   5.42 |   5.30 |   5.11 |   5.11 |I I 
01:44-Tue-Mar-14-2017 PM10  |  10.02 |  10.70 |  11.93 |  11.93 |I I 
01:44-Tue-Mar-14-2017 PM2.5 |   5.36 |   5.30 |   5.11 |   5.11 |I I 
01:45-Tue-Mar-14-2017 PM10  |  10.72 |  10.70 |  11.93 |  11.93 |I I 
01:45-Tue-Mar-14-2017 PM2.5 |   5.18 |   5.30 |   5.11 |   5.11 |I I 
01:49-Tue-Mar-14-2017 PM10  |  11.70 |  10.76 |  11.93 |  11.93 |I I 
01:49-Tue-Mar-14-2017 PM2.5 |   5.75 |   5.32 |   5.11 |   5.11 |I I 
01:50-Tue-Mar-14-2017 PM10  |  10.60 |  10.75 |  11.93 |  11.93 |I I 
01:50-Tue-Mar-14-2017 PM2.5 |   5.25 |   5.32 |   5.11 |   5.11 |I I 
01:54-Tue-Mar-14-2017 PM10  |   9.75 |  10.70 |  11.93 |  11.93 |I I 
01:54-Tue-Mar-14-2017 PM2.5 |   5.45 |   5.32 |   5.11 |   5.11 |I I 
01:55-Tue-Mar-14-2017 PM10  |   8.38 |  10.59 |  11.93 |  11.93 |I I 
01:55-Tue-Mar-14-2017 PM2.5 |   5.04 |   5.31 |   5.11 |   5.11 |I I 
01:56-Tue-Mar-14-2017 PM10  |   8.38 |  10.50 |  11.93 |  11.93 |I I 
01:56-Tue-Mar-14-2017 PM2.5 |   5.04 |   5.30 |   5.11 |   5.11 |I I 
02:00-Tue-Mar-14-2017 PM10  |  10.82 |  10.51 |  11.93 |  10.51 |I I 
02:00-Tue-Mar-14-2017 PM2.5 |   5.15 |   5.29 |   5.29 |   5.11 |I I 
02:01-Tue-Mar-14-2017 PM10  |  11.96 |  11.96 |  11.93 |  10.51 |I I 
02:01-Tue-Mar-14-2017 PM2.5 |   5.37 |   5.37 |   5.29 |   5.11 |I I 
02:05-Tue-Mar-14-2017 PM10  |  12.86 |  12.41 |  11.93 |  10.51 |I I 
02:05-Tue-Mar-14-2017 PM2.5 |   5.28 |   5.32 |   5.29 |   5.11 |I I 
02:06-Tue-Mar-14-2017 PM10  |   8.29 |  11.04 |  11.93 |  10.51 |I I 
02:06-Tue-Mar-14-2017 PM2.5 |   4.98 |   5.21 |   5.29 |   5.11 |I I 
02:10-Tue-Mar-14-2017 PM10  |   9.59 |  10.67 |  11.93 |  10.51 |I I 
02:10-Tue-Mar-14-2017 PM2.5 |   5.24 |   5.22 |   5.29 |   5.11 |I I 
02:11-Tue-Mar-14-2017 PM10  |   8.89 |  10.32 |  11.93 |  10.51 |I I 
02:11-Tue-Mar-14-2017 PM2.5 |   4.92 |   5.16 |   5.29 |   5.11 |I I 
02:15-Tue-Mar-14-2017 PM10  |   9.63 |  10.20 |  11.93 |  10.51 |I I 
02:15-Tue-Mar-14-2017 PM2.5 |   4.95 |   5.12 |   5.29 |   5.11 |I I 
02:16-Tue-Mar-14-2017 PM10  |  10.47 |  10.24 |  11.93 |  10.51 |I I 
02:16-Tue-Mar-14-2017 PM2.5 |   4.92 |   5.09 |   5.29 |   5.11 |I I 
02:20-Tue-Mar-14-2017 PM10  |   9.90 |  10.20 |  11.93 |  10.51 |I I 
02:20-Tue-Mar-14-2017 PM2.5 |   5.37 |   5.13 |   5.29 |   5.11 |I I 
02:21-Tue-Mar-14-2017 PM10  |  11.03 |  10.29 |  11.93 |  10.51 |I I 
02:21-Tue-Mar-14-2017 PM2.5 |   5.22 |   5.14 |   5.29 |   5.11 |I I 
02:25-Tue-Mar-14-2017 PM10  |  12.46 |  10.51 |  11.93 |  10.51 |I I 
02:25-Tue-Mar-14-2017 PM2.5 |   4.87 |   5.11 |   5.29 |   5.11 |I I 
02:26-Tue-Mar-14-2017 PM10  |  12.46 |  10.68 |  11.93 |  10.51 |I I 
02:26-Tue-Mar-14-2017 PM2.5 |   4.87 |   5.09 |   5.29 |   5.11 |I I 
02:27-Tue-Mar-14-2017 PM10  |   7.80 |  10.44 |  11.93 |  10.51 |I I 
02:27-Tue-Mar-14-2017 PM2.5 |   4.86 |   5.07 |   5.29 |   5.11 |I I 
02:31-Tue-Mar-14-2017 PM10  |  10.01 |  10.41 |  11.93 |  10.51 |I I 
02:31-Tue-Mar-14-2017 PM2.5 |   5.25 |   5.08 |   5.29 |   5.11 |I I 
02:32-Tue-Mar-14-2017 PM10  |   9.08 |  10.32 |  11.93 |  10.51 |I I 
02:32-Tue-Mar-14-2017 PM2.5 |   4.98 |   5.08 |   5.29 |   5.11 |I I 
02:36-Tue-Mar-14-2017 PM10  |   9.90 |  10.29 |  11.93 |  10.51 |I I 
02:36-Tue-Mar-14-2017 PM2.5 |   5.14 |   5.08 |   5.29 |   5.11 |I I 
02:37-Tue-Mar-14-2017 PM10  |   8.54 |  10.18 |  11.93 |  10.51 |I I 
02:37-Tue-Mar-14-2017 PM2.5 |   4.93 |   5.07 |   5.29 |   5.11 |I I 
02:41-Tue-Mar-14-2017 PM10  |  10.62 |  10.20 |  11.93 |  10.51 |I I 
02:41-Tue-Mar-14-2017 PM2.5 |   5.29 |   5.08 |   5.29 |   5.11 |I I 
02:42-Tue-Mar-14-2017 PM10  |   9.73 |  10.18 |  11.93 |  10.51 |I I 
02:42-Tue-Mar-14-2017 PM2.5 |   4.89 |   5.07 |   5.29 |   5.11 |I I 
02:46-Tue-Mar-14-2017 PM10  |   8.50 |  10.09 |  11.93 |  10.51 |I I 
02:46-Tue-Mar-14-2017 PM2.5 |   5.15 |   5.08 |   5.29 |   5.11 |I I 
02:47-Tue-Mar-14-2017 PM10  |  11.41 |  10.16 |  11.93 |  10.51 |I I 
02:47-Tue-Mar-14-2017 PM2.5 |   5.13 |   5.08 |   5.29 |   5.11 |I I 
02:51-Tue-Mar-14-2017 PM10  |  11.61 |  10.22 |  11.93 |  10.51 |I I 
02:51-Tue-Mar-14-2017 PM2.5 |   5.15 |   5.08 |   5.29 |   5.11 |I I 
02:52-Tue-Mar-14-2017 PM10  |   8.93 |  10.17 |  11.93 |  10.51 |I I 
02:52-Tue-Mar-14-2017 PM2.5 |   4.74 |   5.07 |   5.29 |   5.11 |I I 
02:53-Tue-Mar-14-2017 PM10  |   8.93 |  10.11 |  11.93 |  10.51 |I I 
02:53-Tue-Mar-14-2017 PM2.5 |   4.74 |   5.05 |   5.29 |   5.11 |I I 
02:57-Tue-Mar-14-2017 PM10  |   8.11 |  10.03 |  11.93 |  10.51 |I I 
02:57-Tue-Mar-14-2017 PM2.5 |   4.84 |   5.05 |   5.29 |   5.11 |I I 
02:58-Tue-Mar-14-2017 PM10  |   9.26 |  10.00 |  11.93 |  10.51 |I I 
02:58-Tue-Mar-14-2017 PM2.5 |   4.73 |   5.03 |   5.29 |   5.11 |I I 
03:02-Tue-Mar-14-2017 PM10  |   9.14 |   9.97 |  11.93 |   9.97 |I I 
03:02-Tue-Mar-14-2017 PM2.5 |   5.03 |   5.03 |   5.29 |   5.03 |I I 
03:04-Tue-Mar-14-2017 PM10  |   9.90 |   9.90 |  11.93 |   9.97 |I I 
03:04-Tue-Mar-14-2017 PM2.5 |   5.18 |   5.18 |   5.29 |   5.03 |I I 
03:08-Tue-Mar-14-2017 PM10  |  10.71 |  10.30 |  11.93 |   9.97 |I I 
03:08-Tue-Mar-14-2017 PM2.5 |   5.20 |   5.19 |   5.29 |   5.03 |I I 
03:09-Tue-Mar-14-2017 PM10  |   9.11 |   9.91 |  11.93 |   9.97 |I I 
03:09-Tue-Mar-14-2017 PM2.5 |   5.27 |   5.22 |   5.29 |   5.03 |I I 
03:13-Tue-Mar-14-2017 PM10  |  10.41 |  10.03 |  11.93 |   9.97 |I I 
03:13-Tue-Mar-14-2017 PM2.5 |   5.21 |   5.21 |   5.29 |   5.03 |I I 
03:14-Tue-Mar-14-2017 PM10  |  10.64 |  10.15 |  11.93 |   9.97 |I I 
03:14-Tue-Mar-14-2017 PM2.5 |   5.31 |   5.23 |   5.29 |   5.03 |I I 
03:18-Tue-Mar-14-2017 PM10  |   9.80 |  10.09 |  11.93 |   9.97 |I I 
03:18-Tue-Mar-14-2017 PM2.5 |   5.47 |   5.27 |   5.29 |   5.03 |I I 
03:19-Tue-Mar-14-2017 PM10  |   9.39 |   9.99 |  11.93 |   9.97 |I I 
03:19-Tue-Mar-14-2017 PM2.5 |   5.14 |   5.25 |   5.29 |   5.03 |I I 
03:20-Tue-Mar-14-2017 PM10  |   9.39 |   9.92 |  11.93 |   9.97 |I I 
03:20-Tue-Mar-14-2017 PM2.5 |   5.14 |   5.24 |   5.29 |   5.03 |I I 
03:24-Tue-Mar-14-2017 PM10  |  10.99 |  10.04 |  11.93 |   9.97 |I I 
03:24-Tue-Mar-14-2017 PM2.5 |   5.40 |   5.26 |   5.29 |   5.03 |I I 
03:25-Tue-Mar-14-2017 PM10  |   8.02 |   9.84 |  11.93 |   9.97 |I I 
03:25-Tue-Mar-14-2017 PM2.5 |   4.96 |   5.23 |   5.29 |   5.03 |I I 
03:29-Tue-Mar-14-2017 PM10  |   9.47 |   9.80 |  11.93 |   9.97 |I I 
03:29-Tue-Mar-14-2017 PM2.5 |   5.23 |   5.23 |   5.29 |   5.03 |I I 
03:30-Tue-Mar-14-2017 PM10  |   8.49 |   9.69 |  11.93 |   9.97 |I I 
03:30-Tue-Mar-14-2017 PM2.5 |   4.78 |   5.19 |   5.29 |   5.03 |I I 
03:34-Tue-Mar-14-2017 PM10  |   8.53 |   9.60 |  11.93 |   9.97 |I I 
03:34-Tue-Mar-14-2017 PM2.5 |   5.22 |   5.19 |   5.29 |   5.03 |I I 
03:35-Tue-Mar-14-2017 PM10  |   8.39 |   9.52 |  11.93 |   9.97 |I I 
03:35-Tue-Mar-14-2017 PM2.5 |   5.00 |   5.18 |   5.29 |   5.03 |I I 
03:39-Tue-Mar-14-2017 PM10  |   8.94 |   9.48 |  11.93 |   9.97 |I I 
03:39-Tue-Mar-14-2017 PM2.5 |   4.85 |   5.16 |   5.29 |   5.03 |I I 
03:40-Tue-Mar-14-2017 PM10  |   9.50 |   9.48 |  11.93 |   9.97 |I I 
03:40-Tue-Mar-14-2017 PM2.5 |   4.86 |   5.14 |   5.29 |   5.03 |I I 
03:44-Tue-Mar-14-2017 PM10  |  10.52 |   9.54 |  11.93 |   9.97 |I I 
03:44-Tue-Mar-14-2017 PM2.5 |   5.25 |   5.14 |   5.29 |   5.03 |I I 
03:45-Tue-Mar-14-2017 PM10  |  10.16 |   9.58 |  11.93 |   9.97 |I I 
03:45-Tue-Mar-14-2017 PM2.5 |   5.21 |   5.15 |   5.29 |   5.03 |I I 
03:49-Tue-Mar-14-2017 PM10  |   9.20 |   9.56 |  11.93 |   9.97 |I I 
03:49-Tue-Mar-14-2017 PM2.5 |   5.19 |   5.15 |   5.29 |   5.03 |I I 
03:50-Tue-Mar-14-2017 PM10  |   9.20 |   9.54 |  11.93 |   9.97 |I I 
03:50-Tue-Mar-14-2017 PM2.5 |   5.19 |   5.15 |   5.29 |   5.03 |I I 
03:51-Tue-Mar-14-2017 PM10  |   8.45 |   9.49 |  11.93 |   9.97 |I I 
03:51-Tue-Mar-14-2017 PM2.5 |   5.29 |   5.16 |   5.29 |   5.03 |I I 
03:55-Tue-Mar-14-2017 PM10  |   8.80 |   9.46 |  11.93 |   9.97 |I I 
03:55-Tue-Mar-14-2017 PM2.5 |   5.07 |   5.15 |   5.29 |   5.03 |I I 
03:56-Tue-Mar-14-2017 PM10  |   9.16 |   9.44 |  11.93 |   9.97 |I I 
03:56-Tue-Mar-14-2017 PM2.5 |   5.44 |   5.17 |   5.29 |   5.03 |I I 
04:00-Tue-Mar-14-2017 PM10  |   7.49 |   9.36 |  11.93 |   9.36 |I I 
04:00-Tue-Mar-14-2017 PM2.5 |   4.74 |   5.15 |   5.29 |   5.03 |I I 
04:01-Tue-Mar-14-2017 PM10  |   9.68 |   9.68 |  11.93 |   9.36 |I I 
04:01-Tue-Mar-14-2017 PM2.5 |   5.15 |   5.15 |   5.29 |   5.03 |I I 
04:05-Tue-Mar-14-2017 PM10  |   8.73 |   9.21 |  11.93 |   9.36 |I I 
04:05-Tue-Mar-14-2017 PM2.5 |   5.02 |   5.08 |   5.29 |   5.03 |I I 
04:06-Tue-Mar-14-2017 PM10  |  10.13 |   9.52 |  11.93 |   9.36 |I I 
04:06-Tue-Mar-14-2017 PM2.5 |   5.42 |   5.20 |   5.29 |   5.03 |I I 
04:10-Tue-Mar-14-2017 PM10  |   9.86 |   9.60 |  11.93 |   9.36 |I I 
04:10-Tue-Mar-14-2017 PM2.5 |   5.54 |   5.28 |   5.29 |   5.03 |I I 
04:11-Tue-Mar-14-2017 PM10  |   8.23 |   9.33 |  11.93 |   9.36 |I I 
04:11-Tue-Mar-14-2017 PM2.5 |   5.14 |   5.25 |   5.29 |   5.03 |I I 
04:15-Tue-Mar-14-2017 PM10  |   9.02 |   9.28 |  11.93 |   9.36 |I I 
04:15-Tue-Mar-14-2017 PM2.5 |   5.37 |   5.27 |   5.29 |   5.03 |I I 
04:16-Tue-Mar-14-2017 PM10  |   9.02 |   9.24 |  11.93 |   9.36 |I I 
04:16-Tue-Mar-14-2017 PM2.5 |   5.37 |   5.29 |   5.29 |   5.03 |I I 
04:17-Tue-Mar-14-2017 PM10  |   9.98 |   9.33 |  11.93 |   9.36 |I I 
04:17-Tue-Mar-14-2017 PM2.5 |   5.12 |   5.26 |   5.29 |   5.03 |I I 
04:21-Tue-Mar-14-2017 PM10  |   9.78 |   9.38 |  11.93 |   9.36 |I I 
04:21-Tue-Mar-14-2017 PM2.5 |   5.18 |   5.26 |   5.29 |   5.03 |I I 
04:22-Tue-Mar-14-2017 PM10  |   8.40 |   9.28 |  11.93 |   9.36 |I I 
04:22-Tue-Mar-14-2017 PM2.5 |   4.93 |   5.22 |   5.29 |   5.03 |I I 
04:26-Tue-Mar-14-2017 PM10  |   7.86 |   9.15 |  11.93 |   9.36 |I I 
04:26-Tue-Mar-14-2017 PM2.5 |   5.03 |   5.20 |   5.29 |   5.03 |I I 
04:27-Tue-Mar-14-2017 PM10  |   9.05 |   9.15 |  11.93 |   9.36 |I I 
04:27-Tue-Mar-14-2017 PM2.5 |   5.35 |   5.22 |   5.29 |   5.03 |I I 
04:31-Tue-Mar-14-2017 PM10  |   9.03 |   9.14 |  11.93 |   9.36 |I I 
04:31-Tue-Mar-14-2017 PM2.5 |   5.09 |   5.21 |   5.29 |   5.03 |I I 
04:32-Tue-Mar-14-2017 PM10  |   9.57 |   9.17 |  11.93 |   9.36 |I I 
04:32-Tue-Mar-14-2017 PM2.5 |   5.00 |   5.19 |   5.29 |   5.03 |I I 
04:36-Tue-Mar-14-2017 PM10  |   8.88 |   9.15 |  11.93 |   9.36 |I I 
04:36-Tue-Mar-14-2017 PM2.5 |   4.87 |   5.17 |   5.29 |   5.03 |I I 
04:37-Tue-Mar-14-2017 PM10  |   9.95 |   9.20 |  11.93 |   9.36 |I I 
04:37-Tue-Mar-14-2017 PM2.5 |   5.34 |   5.18 |   5.29 |   5.03 |I I 
04:41-Tue-Mar-14-2017 PM10  |   7.46 |   9.10 |  11.93 |   9.36 |I I 
04:41-Tue-Mar-14-2017 PM2.5 |   5.06 |   5.17 |   5.29 |   5.03 |I I 
04:42-Tue-Mar-14-2017 PM10  |   7.46 |   9.01 |  11.93 |   9.36 |I I 
04:42-Tue-Mar-14-2017 PM2.5 |   5.06 |   5.17 |   5.29 |   5.03 |I I 
04:43-Tue-Mar-14-2017 PM10  |   8.35 |   8.97 |  11.93 |   9.36 |I I 
04:43-Tue-Mar-14-2017 PM2.5 |   5.02 |   5.16 |   5.29 |   5.03 |I I 
04:47-Tue-Mar-14-2017 PM10  |   7.59 |   8.90 |  11.93 |   9.36 |I I 
04:47-Tue-Mar-14-2017 PM2.5 |   4.92 |   5.15 |   5.29 |   5.03 |I I 
04:48-Tue-Mar-14-2017 PM10  |   9.35 |   8.92 |  11.93 |   9.36 |I I 
04:48-Tue-Mar-14-2017 PM2.5 |   5.13 |   5.15 |   5.29 |   5.03 |I I 
04:52-Tue-Mar-14-2017 PM10  |   8.20 |   8.89 |  11.93 |   9.36 |I I 
04:52-Tue-Mar-14-2017 PM2.5 |   5.26 |   5.15 |   5.29 |   5.03 |I I 
04:53-Tue-Mar-14-2017 PM10  |   9.01 |   8.90 |  11.93 |   9.36 |I I 
04:53-Tue-Mar-14-2017 PM2.5 |   5.03 |   5.15 |   5.29 |   5.03 |I I 
04:57-Tue-Mar-14-2017 PM10  |   7.32 |   8.83 |  11.93 |   9.36 |I I 
04:57-Tue-Mar-14-2017 PM2.5 |   4.79 |   5.13 |   5.29 |   5.03 |I I 
04:58-Tue-Mar-14-2017 PM10  |   7.70 |   8.78 |  11.93 |   9.36 |I I 
04:58-Tue-Mar-14-2017 PM2.5 |   5.14 |   5.13 |   5.29 |   5.03 |I I 
05:02-Tue-Mar-14-2017 PM10  |   7.95 |   8.75 |  11.93 |   8.75 |I I 
05:02-Tue-Mar-14-2017 PM2.5 |   4.98 |   5.13 |   5.29 |   5.03 |I I 
05:03-Tue-Mar-14-2017 PM10  |   8.62 |   8.62 |  11.93 |   8.75 |I I 
05:03-Tue-Mar-14-2017 PM2.5 |   5.25 |   5.25 |   5.29 |   5.03 |I I 
05:07-Tue-Mar-14-2017 PM10  |   9.01 |   8.81 |  11.93 |   8.75 |I I 
05:07-Tue-Mar-14-2017 PM2.5 |   5.05 |   5.15 |   5.29 |   5.03 |I I 
05:08-Tue-Mar-14-2017 PM10  |   6.72 |   8.12 |  11.93 |   8.75 |I I 
05:08-Tue-Mar-14-2017 PM2.5 |   4.82 |   5.04 |   5.29 |   5.03 |I I 
05:09-Tue-Mar-14-2017 PM10  |   6.72 |   7.77 |  11.93 |   8.75 |I I 
05:09-Tue-Mar-14-2017 PM2.5 |   4.82 |   4.98 |   5.29 |   5.03 |I I 
05:13-Tue-Mar-14-2017 PM10  |   7.37 |   7.69 |  11.93 |   8.75 |I I 
05:13-Tue-Mar-14-2017 PM2.5 |   5.04 |   4.99 |   5.29 |   5.03 |I I 
05:14-Tue-Mar-14-2017 PM10  |   8.09 |   7.76 |  11.93 |   8.75 |I I 
05:14-Tue-Mar-14-2017 PM2.5 |   4.92 |   4.98 |   5.29 |   5.03 |I I 
05:18-Tue-Mar-14-2017 PM10  |   7.45 |   7.71 |  11.93 |   8.75 |I I 
05:18-Tue-Mar-14-2017 PM2.5 |   4.98 |   4.98 |   5.29 |   5.03 |I I 
05:19-Tue-Mar-14-2017 PM10  |   8.80 |   7.85 |  11.93 |   8.75 |I I 
05:19-Tue-Mar-14-2017 PM2.5 |   5.10 |   5.00 |   5.29 |   5.03 |I I 
05:23-Tue-Mar-14-2017 PM10  |   8.71 |   7.94 |  11.93 |   8.75 |I I 
05:23-Tue-Mar-14-2017 PM2.5 |   4.99 |   4.99 |   5.29 |   5.03 |I I 
05:24-Tue-Mar-14-2017 PM10  |   7.78 |   7.93 |  11.93 |   8.75 |I I 
05:24-Tue-Mar-14-2017 PM2.5 |   4.73 |   4.97 |   5.29 |   5.03 |I I 
05:28-Tue-Mar-14-2017 PM10  |   9.41 |   8.06 |  11.93 |   8.75 |I I 
05:28-Tue-Mar-14-2017 PM2.5 |   4.91 |   4.96 |   5.29 |   5.03 |I I 
05:29-Tue-Mar-14-2017 PM10  |   9.50 |   8.18 |  11.93 |   8.75 |I I 
05:29-Tue-Mar-14-2017 PM2.5 |   4.90 |   4.96 |   5.29 |   5.03 |I I 
05:33-Tue-Mar-14-2017 PM10  |   7.54 |   8.13 |  11.93 |   8.75 |I I 
05:33-Tue-Mar-14-2017 PM2.5 |   4.87 |   4.95 |   5.29 |   5.03 |I I 
05:34-Tue-Mar-14-2017 PM10  |   6.74 |   8.03 |  11.93 |   8.75 |I I 
05:34-Tue-Mar-14-2017 PM2.5 |   4.88 |   4.95 |   5.29 |   5.03 |I I 
05:35-Tue-Mar-14-2017 PM10  |   6.74 |   7.95 |  11.93 |   8.75 |I I 
05:35-Tue-Mar-14-2017 PM2.5 |   4.88 |   4.94 |   5.29 |   5.03 |I I 
05:39-Tue-Mar-14-2017 PM10  |   8.06 |   7.95 |  11.93 |   8.75 |I I 
05:39-Tue-Mar-14-2017 PM2.5 |   5.15 |   4.95 |   5.29 |   5.03 |I I 
05:41-Tue-Mar-14-2017 PM10  |   8.90 |   8.01 |  11.93 |   8.75 |I I 
05:41-Tue-Mar-14-2017 PM2.5 |   4.91 |   4.95 |   5.29 |   5.03 |I I 
05:45-Tue-Mar-14-2017 PM10  |   8.40 |   8.03 |  11.93 |   8.75 |I I 
05:45-Tue-Mar-14-2017 PM2.5 |   5.22 |   4.97 |   5.29 |   5.03 |I I 
05:46-Tue-Mar-14-2017 PM10  |   8.48 |   8.06 |  11.93 |   8.75 |I I 
05:46-Tue-Mar-14-2017 PM2.5 |   5.09 |   4.97 |   5.29 |   5.03 |I I 
05:50-Tue-Mar-14-2017 PM10  |   7.85 |   8.04 |  11.93 |   8.75 |I I 
05:50-Tue-Mar-14-2017 PM2.5 |   5.10 |   4.98 |   5.29 |   5.03 |I I 
05:51-Tue-Mar-14-2017 PM10  |   8.67 |   8.07 |  11.93 |   8.75 |I I 
05:51-Tue-Mar-14-2017 PM2.5 |   4.85 |   4.97 |   5.29 |   5.03 |I I 
05:55-Tue-Mar-14-2017 PM10  |   9.75 |   8.15 |  11.93 |   8.75 |I I 
05:55-Tue-Mar-14-2017 PM2.5 |   5.29 |   4.99 |   5.29 |   5.03 |I I 
05:56-Tue-Mar-14-2017 PM10  |   9.05 |   8.19 |  11.93 |   8.75 |I I 
05:56-Tue-Mar-14-2017 PM2.5 |   5.10 |   4.99 |   5.29 |   5.03 |I I 
06:00-Tue-Mar-14-2017 PM10  |   6.90 |   8.14 |  11.93 |   8.14 |I I 
06:00-Tue-Mar-14-2017 PM2.5 |   4.71 |   4.98 |   5.29 |   4.98 |I I 
06:01-Tue-Mar-14-2017 PM10  |   8.92 |   8.92 |  11.93 |   8.14 |I I 
06:01-Tue-Mar-14-2017 PM2.5 |   4.84 |   4.84 |   5.29 |   4.98 |I I 
06:02-Tue-Mar-14-2017 PM10  |   8.92 |   8.92 |  11.93 |   8.14 |I I 
06:02-Tue-Mar-14-2017 PM2.5 |   4.84 |   4.84 |   5.29 |   4.98 |I I 
06:06-Tue-Mar-14-2017 PM10  |   8.42 |   8.75 |  11.93 |   8.14 |I I 
06:06-Tue-Mar-14-2017 PM2.5 |   4.99 |   4.89 |   5.29 |   4.98 |I I 
06:07-Tue-Mar-14-2017 PM10  |   8.15 |   8.60 |  11.93 |   8.14 |I I 
06:07-Tue-Mar-14-2017 PM2.5 |   4.92 |   4.90 |   5.29 |   4.98 |I I 
06:11-Tue-Mar-14-2017 PM10  |  10.16 |   8.91 |  11.93 |   8.14 |I I 
06:11-Tue-Mar-14-2017 PM2.5 |   5.67 |   5.06 |   5.29 |   4.98 |I I 
06:12-Tue-Mar-14-2017 PM10  |  17.38 |  10.33 |  11.93 |   8.14 |I I 
06:12-Tue-Mar-14-2017 PM2.5 |   6.94 |   5.37 |   5.29 |   4.98 |I I 
06:16-Tue-Mar-14-2017 PM10  |  16.07 |  11.15 |  11.93 |   8.14 |I I 
06:16-Tue-Mar-14-2017 PM2.5 |   7.02 |   5.61 |   5.29 |   4.98 |I I 
06:17-Tue-Mar-14-2017 PM10  |  23.82 |  12.73 |  11.93 |   8.14 |I I 
06:17-Tue-Mar-14-2017 PM2.5 |   9.83 |   6.13 |   5.29 |   4.98 |I I 
06:21-Tue-Mar-14-2017 PM10  |  23.11 |  13.88 |  11.93 |   8.14 |I I 
06:21-Tue-Mar-14-2017 PM2.5 |   9.52 |   6.51 |   5.29 |   4.98 |I I 
06:22-Tue-Mar-14-2017 PM10  |  21.06 |  14.60 |  11.93 |   8.14 |I I 
06:22-Tue-Mar-14-2017 PM2.5 |   8.91 |   6.75 |   5.29 |   4.98 |I I 
06:26-Tue-Mar-14-2017 PM10  |  17.08 |  14.83 |  11.93 |   8.14 |I I 
06:26-Tue-Mar-14-2017 PM2.5 |   8.73 |   6.93 |   5.29 |   4.98 |I I 
06:27-Tue-Mar-14-2017 PM10  |  17.12 |  15.02 |  11.93 |   8.14 |I I 
06:27-Tue-Mar-14-2017 PM2.5 |   8.39 |   7.05 |   5.29 |   4.98 |I I 
06:31-Tue-Mar-14-2017 PM10  |  17.38 |  15.20 |  11.93 |   8.14 |I I 
06:31-Tue-Mar-14-2017 PM2.5 |   8.62 |   7.17 |   5.29 |   4.98 |I I 
06:32-Tue-Mar-14-2017 PM10  |  17.38 |  15.36 |  11.93 |   8.14 |I I 
06:32-Tue-Mar-14-2017 PM2.5 |   8.62 |   7.28 |   5.29 |   4.98 |I I 
06:33-Tue-Mar-14-2017 PM10  |  17.51 |  15.50 |  11.93 |   8.14 |I I 
06:33-Tue-Mar-14-2017 PM2.5 |   8.35 |   7.35 |   5.29 |   4.98 |I I 
06:37-Tue-Mar-14-2017 PM10  |  17.33 |  15.61 |  11.93 |   8.14 |I I 
06:37-Tue-Mar-14-2017 PM2.5 |   8.29 |   7.41 |   5.29 |   4.98 |I I 
06:38-Tue-Mar-14-2017 PM10  |  13.90 |  15.51 |  11.93 |   8.14 |I I 
06:38-Tue-Mar-14-2017 PM2.5 |   8.11 |   7.45 |   5.29 |   4.98 |I I 
06:42-Tue-Mar-14-2017 PM10  |  15.13 |  15.49 |  11.93 |   8.14 |I I 
06:42-Tue-Mar-14-2017 PM2.5 |   8.31 |   7.50 |   5.29 |   4.98 |I I 
06:43-Tue-Mar-14-2017 PM10  |  14.02 |  15.41 |  11.93 |   8.14 |I I 
06:43-Tue-Mar-14-2017 PM2.5 |   7.94 |   7.52 |   5.29 |   4.98 |I I 
06:47-Tue-Mar-14-2017 PM10  |  15.63 |  15.42 |  11.93 |   8.14 |I I 
06:47-Tue-Mar-14-2017 PM2.5 |   8.00 |   7.54 |   5.29 |   4.98 |I I 
06:48-Tue-Mar-14-2017 PM10  |  12.92 |  15.31 |  11.93 |   8.14 |I I 
06:48-Tue-Mar-14-2017 PM2.5 |   7.13 |   7.52 |   5.29 |   4.98 |I I 
06:52-Tue-Mar-14-2017 PM10  |  13.89 |  15.24 |  11.93 |   8.14 |I I 
06:52-Tue-Mar-14-2017 PM2.5 |   7.27 |   7.51 |   5.29 |   4.98 |I I 
06:53-Tue-Mar-14-2017 PM10  |  14.85 |  15.22 |  11.93 |   8.14 |I I 
06:53-Tue-Mar-14-2017 PM2.5 |   7.15 |   7.50 |   5.29 |   4.98 |I I 
06:57-Tue-Mar-14-2017 PM10  |  17.18 |  15.31 |  11.93 |   8.14 |I I 
06:57-Tue-Mar-14-2017 PM2.5 |   7.64 |   7.50 |   5.29 |   4.98 |I I 
06:58-Tue-Mar-14-2017 PM10  |  17.18 |  15.38 |  11.93 |   8.14 |I I 
06:58-Tue-Mar-14-2017 PM2.5 |   7.64 |   7.51 |   5.29 |   4.98 |I I 
06:59-Tue-Mar-14-2017 PM10  |  13.19 |  15.30 |  11.93 |   8.14 |I I 
06:59-Tue-Mar-14-2017 PM2.5 |   7.33 |   7.50 |   5.29 |   4.98 |I I 
07:03-Tue-Mar-14-2017 PM10  |  14.09 |  15.25 |  15.25 |   8.14 |I I 
07:03-Tue-Mar-14-2017 PM2.5 |   7.31 |   7.49 |   7.49 |   4.98 |I I 
07:04-Tue-Mar-14-2017 PM10  |  11.88 |  11.88 |  15.25 |   8.14 |I I 
07:04-Tue-Mar-14-2017 PM2.5 |   6.92 |   6.92 |   7.49 |   4.98 |I I 
07:08-Tue-Mar-14-2017 PM10  |  17.91 |  14.90 |  15.25 |   8.14 |I I 
07:08-Tue-Mar-14-2017 PM2.5 |   7.02 |   6.97 |   7.49 |   4.98 |I I 
07:09-Tue-Mar-14-2017 PM10  |  14.98 |  14.92 |  15.25 |   8.14 |I I 
07:09-Tue-Mar-14-2017 PM2.5 |   7.54 |   7.16 |   7.49 |   4.98 |I I 
07:13-Tue-Mar-14-2017 PM10  |  15.54 |  15.08 |  15.25 |   8.14 |I I 
07:13-Tue-Mar-14-2017 PM2.5 |   8.31 |   7.45 |   7.49 |   4.98 |I I 
07:14-Tue-Mar-14-2017 PM10  |  15.83 |  15.23 |  15.25 |   8.14 |I I 
07:14-Tue-Mar-14-2017 PM2.5 |   8.30 |   7.62 |   7.49 |   4.98 |I I 
07:18-Tue-Mar-14-2017 PM10  |  13.29 |  14.91 |  15.25 |   8.14 |I I 
07:18-Tue-Mar-14-2017 PM2.5 |   7.85 |   7.66 |   7.49 |   4.98 |I I 
07:19-Tue-Mar-14-2017 PM10  |  14.48 |  14.85 |  15.25 |   8.14 |I I 
07:19-Tue-Mar-14-2017 PM2.5 |   7.57 |   7.64 |   7.49 |   4.98 |I I 
07:23-Tue-Mar-14-2017 PM10  |  15.83 |  14.97 |  15.25 |   8.14 |I I 
07:23-Tue-Mar-14-2017 PM2.5 |   7.47 |   7.62 |   7.49 |   4.98 |I I 
07:24-Tue-Mar-14-2017 PM10  |  15.83 |  15.06 |  15.25 |   8.14 |I I 
07:24-Tue-Mar-14-2017 PM2.5 |   7.47 |   7.61 |   7.49 |   4.98 |I I 
07:25-Tue-Mar-14-2017 PM10  |  12.39 |  14.80 |  15.25 |   8.14 |I I 
07:25-Tue-Mar-14-2017 PM2.5 |   7.22 |   7.57 |   7.49 |   4.98 |I I 
07:29-Tue-Mar-14-2017 PM10  |  16.75 |  14.97 |  15.25 |   8.14 |I I 
07:29-Tue-Mar-14-2017 PM2.5 |   7.26 |   7.54 |   7.49 |   4.98 |I I 
07:30-Tue-Mar-14-2017 PM10  |  13.77 |  14.87 |  15.25 |   8.14 |I I 
07:30-Tue-Mar-14-2017 PM2.5 |   6.77 |   7.48 |   7.49 |   4.98 |I I 
07:34-Tue-Mar-14-2017 PM10  |  13.36 |  14.76 |  15.25 |   8.14 |I I 
07:34-Tue-Mar-14-2017 PM2.5 |   7.22 |   7.46 |   7.49 |   4.98 |I I 
07:35-Tue-Mar-14-2017 PM10  |  17.08 |  14.92 |  15.25 |   8.14 |I I 
07:35-Tue-Mar-14-2017 PM2.5 |   7.70 |   7.47 |   7.49 |   4.98 |I I 
07:39-Tue-Mar-14-2017 PM10  |  21.48 |  15.36 |  15.25 |   8.14 |I I 
07:39-Tue-Mar-14-2017 PM2.5 |   7.46 |   7.47 |   7.49 |   4.98 |I I 
07:40-Tue-Mar-14-2017 PM10  |  13.61 |  15.25 |  15.25 |   8.14 |I I 
07:40-Tue-Mar-14-2017 PM2.5 |   6.69 |   7.43 |   7.49 |   4.98 |I I 
07:44-Tue-Mar-14-2017 PM10  |  13.02 |  15.12 |  15.25 |   8.14 |I I 
07:44-Tue-Mar-14-2017 PM2.5 |   7.19 |   7.41 |   7.49 |   4.98 |I I 
07:45-Tue-Mar-14-2017 PM10  |  14.18 |  15.07 |  15.25 |   8.14 |I I 
07:45-Tue-Mar-14-2017 PM2.5 |   7.16 |   7.40 |   7.49 |   4.98 |I I 
07:49-Tue-Mar-14-2017 PM10  |  14.94 |  15.06 |  15.25 |   8.14 |I I 
07:49-Tue-Mar-14-2017 PM2.5 |   7.33 |   7.39 |   7.49 |   4.98 |I I 
07:50-Tue-Mar-14-2017 PM10  |  14.94 |  15.05 |  15.25 |   8.14 |I I 
07:50-Tue-Mar-14-2017 PM2.5 |   7.33 |   7.39 |   7.49 |   4.98 |I I 
07:51-Tue-Mar-14-2017 PM10  |  12.90 |  14.95 |  15.25 |   8.14 |I I 
07:51-Tue-Mar-14-2017 PM2.5 |   6.73 |   7.36 |   7.49 |   4.98 |I I 
07:55-Tue-Mar-14-2017 PM10  |  19.20 |  15.14 |  15.25 |   8.14 |I I 
07:55-Tue-Mar-14-2017 PM2.5 |   6.82 |   7.33 |   7.49 |   4.98 |I I 
07:56-Tue-Mar-14-2017 PM10  |  366.45|  30.42 |  15.25 |   8.14 |I I 
07:56-Tue-Mar-14-2017 PM2.5 |  27.45 |   8.21 |   7.49 |   4.98 |I I 
08:00-Tue-Mar-14-2017 PM10  |  26.84 |  30.27 |  30.27 |   8.14 |I I 
08:00-Tue-Mar-14-2017 PM2.5 |   7.54 |   8.18 |   8.18 |   4.98 |I I 
08:01-Tue-Mar-14-2017 PM10  |  16.06 |  16.06 |  30.27 |   8.14 |I I 
08:01-Tue-Mar-14-2017 PM2.5 |   6.96 |   6.96 |   8.18 |   4.98 |I I 
08:05-Tue-Mar-14-2017 PM10  |  15.73 |  15.89 |  30.27 |   8.14 |I I 
08:05-Tue-Mar-14-2017 PM2.5 |   6.68 |   6.82 |   8.18 |   4.98 |I I 
08:06-Tue-Mar-14-2017 PM10  |  15.13 |  15.64 |  30.27 |   8.14 |I I 
08:06-Tue-Mar-14-2017 PM2.5 |   6.59 |   6.75 |   8.18 |   4.98 |I I 
08:10-Tue-Mar-14-2017 PM10  |  13.51 |  15.11 |  30.27 |   8.14 |I I 
08:10-Tue-Mar-14-2017 PM2.5 |   6.86 |   6.77 |   8.18 |   4.98 |I I 
08:11-Tue-Mar-14-2017 PM10  |  14.58 |  15.00 |  30.27 |   8.14 |I I 
08:11-Tue-Mar-14-2017 PM2.5 |   7.21 |   6.86 |   8.18 |   4.98 |I I 
08:15-Tue-Mar-14-2017 PM10  |  14.68 |  14.95 |  30.27 |   8.14 |I I 
08:15-Tue-Mar-14-2017 PM2.5 |   6.77 |   6.85 |   8.18 |   4.98 |I I 
08:16-Tue-Mar-14-2017 PM10  |  14.68 |  14.91 |  30.27 |   8.14 |I I 
08:16-Tue-Mar-14-2017 PM2.5 |   6.77 |   6.83 |   8.18 |   4.98 |I I 
08:17-Tue-Mar-14-2017 PM10  |  13.73 |  14.76 |  30.27 |   8.14 |I I 
08:17-Tue-Mar-14-2017 PM2.5 |   6.66 |   6.81 |   8.18 |   4.98 |I I 
08:21-Tue-Mar-14-2017 PM10  |  14.61 |  14.74 |  30.27 |   8.14 |I I 
08:21-Tue-Mar-14-2017 PM2.5 |   7.29 |   6.87 |   8.18 |   4.98 |I I 
08:22-Tue-Mar-14-2017 PM10  |  17.32 |  15.00 |  30.27 |   8.14 |I I 
08:22-Tue-Mar-14-2017 PM2.5 |   7.28 |   6.91 |   8.18 |   4.98 |I I 
08:27-Tue-Mar-14-2017 PM10  |  14.82 |  14.99 |  30.27 |   8.14 |I I 
08:27-Tue-Mar-14-2017 PM2.5 |   8.60 |   7.06 |   8.18 |   4.98 |I I 
08:28-Tue-Mar-14-2017 PM10  |  19.06 |  15.32 |  30.27 |   8.14 |I I 
08:28-Tue-Mar-14-2017 PM2.5 |   9.05 |   7.23 |   8.18 |   4.98 |I I 
08:32-Tue-Mar-14-2017 PM10  |  16.38 |  15.41 |  30.27 |   8.14 |I I 
08:32-Tue-Mar-14-2017 PM2.5 |   9.57 |   7.41 |   8.18 |   4.98 |I I 
08:33-Tue-Mar-14-2017 PM10  |  15.13 |  15.39 |  30.27 |   8.14 |I I 
08:33-Tue-Mar-14-2017 PM2.5 |   8.87 |   7.51 |   8.18 |   4.98 |I I 
08:37-Tue-Mar-14-2017 PM10  |  18.85 |  15.62 |  30.27 |   8.14 |I I 
08:37-Tue-Mar-14-2017 PM2.5 |   8.83 |   7.60 |   8.18 |   4.98 |I I 
08:38-Tue-Mar-14-2017 PM10  |  15.39 |  15.60 |  30.27 |   8.14 |I I 
08:38-Tue-Mar-14-2017 PM2.5 |   8.80 |   7.67 |   8.18 |   4.98 |I I 
08:42-Tue-Mar-14-2017 PM10  |  15.61 |  15.60 |  30.27 |   8.14 |I I 
08:42-Tue-Mar-14-2017 PM2.5 |   9.29 |   7.77 |   8.18 |   4.98 |I I 
08:43-Tue-Mar-14-2017 PM10  |  15.61 |  15.60 |  30.27 |   8.14 |I I 
08:43-Tue-Mar-14-2017 PM2.5 |   9.29 |   7.85 |   8.18 |   4.98 |I I 
08:44-Tue-Mar-14-2017 PM10  |  22.26 |  15.95 |  30.27 |   8.14 |I I 
08:44-Tue-Mar-14-2017 PM2.5 |  10.16 |   7.98 |   8.18 |   4.98 |I I 
08:48-Tue-Mar-14-2017 PM10  |  20.21 |  16.17 |  30.27 |   8.14 |I I 
08:48-Tue-Mar-14-2017 PM2.5 |  10.29 |   8.09 |   8.18 |   4.98 |I I 
08:49-Tue-Mar-14-2017 PM10  |  22.36 |  16.46 |  30.27 |   8.14 |I I 
08:49-Tue-Mar-14-2017 PM2.5 |  10.08 |   8.19 |   8.18 |   4.98 |I I 
08:53-Tue-Mar-14-2017 PM10  |  20.26 |  16.63 |  30.27 |   8.14 |I I 
08:53-Tue-Mar-14-2017 PM2.5 |  10.63 |   8.30 |   8.18 |   4.98 |I I 
08:54-Tue-Mar-14-2017 PM10  |  20.24 |  16.79 |  30.27 |   8.14 |I I 
08:54-Tue-Mar-14-2017 PM2.5 |  10.16 |   8.38 |   8.18 |   4.98 |I I 
08:58-Tue-Mar-14-2017 PM10  |  21.03 |  16.97 |  30.27 |   8.14 |I I 
08:58-Tue-Mar-14-2017 PM2.5 |  10.58 |   8.47 |   8.18 |   4.98 |I I 
08:59-Tue-Mar-14-2017 PM10  |  16.74 |  16.96 |  30.27 |   8.14 |I I 
08:59-Tue-Mar-14-2017 PM2.5 |  10.64 |   8.56 |   8.18 |   4.98 |I I 
09:03-Tue-Mar-14-2017 PM10  |  18.82 |  17.03 |  30.27 |   8.14 |I I 
09:03-Tue-Mar-14-2017 PM2.5 |  11.25 |   8.66 |   8.66 |   4.98 |I I 
09:04-Tue-Mar-14-2017 PM10  |  20.21 |  20.21 |  30.27 |   8.14 |I I 
09:04-Tue-Mar-14-2017 PM2.5 |  11.29 |  11.29 |   8.66 |   4.98 |I I 
09:08-Tue-Mar-14-2017 PM10  |  19.34 |  19.77 |  30.27 |   8.14 |I I 
09:08-Tue-Mar-14-2017 PM2.5 |  11.18 |  11.23 |   8.66 |   4.98 |I I 
09:09-Tue-Mar-14-2017 PM10  |  23.96 |  21.17 |  30.27 |   8.14 |I I 
09:09-Tue-Mar-14-2017 PM2.5 |  11.10 |  11.19 |   8.66 |   4.98 |I I 
09:10-Tue-Mar-14-2017 PM10  |  23.96 |  21.87 |  30.27 |   8.14 |I I 
09:10-Tue-Mar-14-2017 PM2.5 |  11.10 |  11.17 |   8.66 |   4.98 |I I 
09:14-Tue-Mar-14-2017 PM10  |  24.24 |  22.34 |  30.27 |   8.14 |I I 
09:14-Tue-Mar-14-2017 PM2.5 |  11.94 |  11.32 |   8.66 |   4.98 |I I 
09:15-Tue-Mar-14-2017 PM10  |  20.06 |  21.96 |  30.27 |   8.14 |I I 
09:15-Tue-Mar-14-2017 PM2.5 |  11.29 |  11.32 |   8.66 |   4.98 |I I 
09:19-Tue-Mar-14-2017 PM10  |  22.48 |  22.04 |  30.27 |   8.14 |I I 
09:19-Tue-Mar-14-2017 PM2.5 |  11.35 |  11.32 |   8.66 |   4.98 |I I 
09:20-Tue-Mar-14-2017 PM10  |  20.85 |  21.89 |  30.27 |   8.14 |I I 
09:20-Tue-Mar-14-2017 PM2.5 |  11.18 |  11.30 |   8.66 |   4.98 |I I 
09:24-Tue-Mar-14-2017 PM10  |  20.60 |  21.75 |  30.27 |   8.14 |I I 
09:24-Tue-Mar-14-2017 PM2.5 |  11.30 |  11.30 |   8.66 |   4.98 |I I 
09:25-Tue-Mar-14-2017 PM10  |  21.27 |  21.70 |  30.27 |   8.14 |I I 
09:25-Tue-Mar-14-2017 PM2.5 |  10.98 |  11.27 |   8.66 |   4.98 |I I 
09:29-Tue-Mar-14-2017 PM10  |  21.61 |  21.69 |  30.27 |   8.14 |I I 
09:29-Tue-Mar-14-2017 PM2.5 |  11.52 |  11.29 |   8.66 |   4.98 |I I 
09:30-Tue-Mar-14-2017 PM10  |  17.91 |  21.37 |  30.27 |   8.14 |I I 
09:30-Tue-Mar-14-2017 PM2.5 |  10.87 |  11.26 |   8.66 |   4.98 |I I 
09:34-Tue-Mar-14-2017 PM10  |  21.28 |  21.37 |  30.27 |   8.14 |I I 
09:34-Tue-Mar-14-2017 PM2.5 |  11.64 |  11.29 |   8.66 |   4.98 |I I 
09:35-Tue-Mar-14-2017 PM10  |  20.33 |  21.29 |  30.27 |   8.14 |I I 
09:35-Tue-Mar-14-2017 PM2.5 |  10.37 |  11.22 |   8.66 |   4.98 |I I 
09:36-Tue-Mar-14-2017 PM10  |  20.33 |  21.23 |  30.27 |   8.14 |I I 
09:36-Tue-Mar-14-2017 PM2.5 |  10.37 |  11.16 |   8.66 |   4.98 |I I 
09:40-Tue-Mar-14-2017 PM10  |  19.43 |  21.12 |  30.27 |   8.14 |I I 
09:40-Tue-Mar-14-2017 PM2.5 |  11.11 |  11.16 |   8.66 |   4.98 |I I 
09:41-Tue-Mar-14-2017 PM10  |  21.21 |  21.12 |  30.27 |   8.14 |I I 
09:41-Tue-Mar-14-2017 PM2.5 |  10.57 |  11.13 |   8.66 |   4.98 |I I 
09:45-Tue-Mar-14-2017 PM10  |  21.79 |  21.16 |  30.27 |   8.14 |I I 
09:45-Tue-Mar-14-2017 PM2.5 |  11.67 |  11.16 |   8.66 |   4.98 |I I 
09:46-Tue-Mar-14-2017 PM10  |  20.35 |  21.12 |  30.27 |   8.14 |I I 
09:46-Tue-Mar-14-2017 PM2.5 |  10.42 |  11.12 |   8.66 |   4.98 |I I 
09:50-Tue-Mar-14-2017 PM10  |  20.98 |  21.11 |  30.27 |   8.14 |I I 
09:50-Tue-Mar-14-2017 PM2.5 |  10.57 |  11.09 |   8.66 |   4.98 |I I 
09:51-Tue-Mar-14-2017 PM10  |  20.61 |  21.09 |  30.27 |   8.14 |I I 
09:51-Tue-Mar-14-2017 PM2.5 |  10.82 |  11.08 |   8.66 |   4.98 |I I 
09:55-Tue-Mar-14-2017 PM10  |  18.99 |  20.99 |  30.27 |   8.14 |I I 
09:55-Tue-Mar-14-2017 PM2.5 |  11.07 |  11.08 |   8.66 |   4.98 |I I 
09:56-Tue-Mar-14-2017 PM10  |  18.99 |  20.90 |  30.27 |   8.14 |I I 
09:56-Tue-Mar-14-2017 PM2.5 |  10.93 |  11.07 |   8.66 |   4.98 |I I 
10:00-Tue-Mar-14-2017 PM10  |  19.07 |  20.83 |  30.27 |   8.14 |I I 
10:00-Tue-Mar-14-2017 PM2.5 |  11.25 |  11.08 |  11.08 |   4.98 |I I 
10:01-Tue-Mar-14-2017 PM10  |  19.69 |  19.69 |  30.27 |   8.14 |I I 
10:01-Tue-Mar-14-2017 PM2.5 |  10.67 |  10.67 |  11.08 |   4.98 |I I 
10:02-Tue-Mar-14-2017 PM10  |  19.69 |  19.69 |  30.27 |   8.14 |I I 
10:02-Tue-Mar-14-2017 PM2.5 |  10.67 |  10.67 |  11.08 |   4.98 |I I 
10:06-Tue-Mar-14-2017 PM10  |  20.93 |  20.11 |  30.27 |   8.14 |I I 
10:06-Tue-Mar-14-2017 PM2.5 |  11.50 |  10.95 |  11.08 |   4.98 |I I 
10:07-Tue-Mar-14-2017 PM10  |  20.05 |  20.09 |  30.27 |   8.14 |I I 
10:07-Tue-Mar-14-2017 PM2.5 |  11.11 |  10.99 |  11.08 |   4.98 |I I 
10:11-Tue-Mar-14-2017 PM10  |  23.10 |  20.69 |  30.27 |   8.14 |I I 
10:11-Tue-Mar-14-2017 PM2.5 |  11.25 |  11.04 |  11.08 |   4.98 |I I 
10:12-Tue-Mar-14-2017 PM10  |  24.78 |  21.37 |  30.27 |   8.14 |I I 
10:12-Tue-Mar-14-2017 PM2.5 |  11.81 |  11.17 |  11.08 |   4.98 |I I 
10:16-Tue-Mar-14-2017 PM10  |  24.82 |  21.87 |  30.27 |   8.14 |I I 
10:16-Tue-Mar-14-2017 PM2.5 |  11.85 |  11.27 |  11.08 |   4.98 |I I 
10:17-Tue-Mar-14-2017 PM10  |  22.43 |  21.94 |  30.27 |   8.14 |I I 
10:17-Tue-Mar-14-2017 PM2.5 |  11.23 |  11.26 |  11.08 |   4.98 |I I 
10:21-Tue-Mar-14-2017 PM10  |  22.90 |  22.04 |  30.27 |   8.14 |I I 
10:21-Tue-Mar-14-2017 PM2.5 |  10.95 |  11.23 |  11.08 |   4.98 |I I 
10:22-Tue-Mar-14-2017 PM10  |  21.69 |  22.01 |  30.27 |   8.14 |I I 
10:22-Tue-Mar-14-2017 PM2.5 |  11.22 |  11.23 |  11.08 |   4.98 |I I 
10:26-Tue-Mar-14-2017 PM10  |  21.94 |  22.00 |  30.27 |   8.14 |I I 
10:26-Tue-Mar-14-2017 PM2.5 |  11.34 |  11.24 |  11.08 |   4.98 |I I 
10:27-Tue-Mar-14-2017 PM10  |  25.22 |  22.27 |  30.27 |   8.14 |I I 
10:27-Tue-Mar-14-2017 PM2.5 |  11.26 |  11.24 |  11.08 |   4.98 |I I 
10:28-Tue-Mar-14-2017 PM10  |  25.22 |  22.50 |  30.27 |   8.14 |I I 
10:28-Tue-Mar-14-2017 PM2.5 |  11.26 |  11.24 |  11.08 |   4.98 |I I 
10:32-Tue-Mar-14-2017 PM10  |  23.89 |  22.60 |  30.27 |   8.14 |I I 
10:32-Tue-Mar-14-2017 PM2.5 |  11.73 |  11.28 |  11.08 |   4.98 |I I 
10:33-Tue-Mar-14-2017 PM10  |  21.33 |  22.51 |  30.27 |   8.14 |I I 
10:33-Tue-Mar-14-2017 PM2.5 |  10.99 |  11.26 |  11.08 |   4.98 |I I 
10:37-Tue-Mar-14-2017 PM10  |  19.74 |  22.34 |  30.27 |   8.14 |I I 
10:37-Tue-Mar-14-2017 PM2.5 |  11.17 |  11.25 |  11.08 |   4.98 |I I 
10:38-Tue-Mar-14-2017 PM10  |  22.13 |  22.33 |  30.27 |   8.14 |I I 
10:38-Tue-Mar-14-2017 PM2.5 |  11.14 |  11.24 |  11.08 |   4.98 |I I 
10:42-Tue-Mar-14-2017 PM10  |  20.78 |  22.24 |  30.27 |   8.14 |I I 
10:42-Tue-Mar-14-2017 PM2.5 |  11.10 |  11.24 |  11.08 |   4.98 |I I 
10:43-Tue-Mar-14-2017 PM10  |  20.52 |  22.15 |  30.27 |   8.14 |I I 
10:43-Tue-Mar-14-2017 PM2.5 |  10.51 |  11.20 |  11.08 |   4.98 |I I 
10:47-Tue-Mar-14-2017 PM10  |  20.14 |  22.05 |  30.27 |   8.14 |I I 
10:47-Tue-Mar-14-2017 PM2.5 |  10.70 |  11.17 |  11.08 |   4.98 |I I 
10:48-Tue-Mar-14-2017 PM10  |  24.36 |  22.16 |  30.27 |   8.14 |I I 
10:48-Tue-Mar-14-2017 PM2.5 |  10.93 |  11.16 |  11.08 |   4.98 |I I 
10:52-Tue-Mar-14-2017 PM10  |  23.01 |  22.20 |  30.27 |   8.14 |I I 
10:52-Tue-Mar-14-2017 PM2.5 |  10.90 |  11.15 |  11.08 |   4.98 |I I 
10:53-Tue-Mar-14-2017 PM10  |  21.29 |  22.16 |  30.27 |   8.14 |I I 
10:53-Tue-Mar-14-2017 PM2.5 |  11.11 |  11.15 |  11.08 |   4.98 |I I 
10:54-Tue-Mar-14-2017 PM10  |  21.29 |  22.12 |  30.27 |   8.14 |I I 
10:54-Tue-Mar-14-2017 PM2.5 |  11.11 |  11.15 |  11.08 |   4.98 |I I 
10:58-Tue-Mar-14-2017 PM10  |  21.87 |  22.11 |  30.27 |   8.14 |I I 
10:58-Tue-Mar-14-2017 PM2.5 |  11.16 |  11.15 |  11.08 |   4.98 |I I 
10:59-Tue-Mar-14-2017 PM10  |  21.15 |  22.08 |  30.27 |   8.14 |I I 
10:59-Tue-Mar-14-2017 PM2.5 |  11.36 |  11.16 |  11.08 |   4.98 |I I 
11:03-Tue-Mar-14-2017 PM10  |  21.89 |  22.07 |  30.27 |   8.14 |I I 
11:03-Tue-Mar-14-2017 PM2.5 |  11.61 |  11.17 |  11.17 |   4.98 |I I 
11:04-Tue-Mar-14-2017 PM10  |  22.54 |  22.54 |  30.27 |   8.14 |I I 
11:04-Tue-Mar-14-2017 PM2.5 |  10.62 |  10.62 |  11.17 |   4.98 |I I 
11:08-Tue-Mar-14-2017 PM10  |  20.77 |  21.66 |  30.27 |   8.14 |I I 
11:08-Tue-Mar-14-2017 PM2.5 |  11.37 |  11.00 |  11.17 |   4.98 |I I 
11:09-Tue-Mar-14-2017 PM10  |  22.04 |  21.78 |  30.27 |   8.14 |I I 
11:09-Tue-Mar-14-2017 PM2.5 |  10.87 |  10.95 |  11.17 |   4.98 |I I 
11:13-Tue-Mar-14-2017 PM10  |  21.19 |  21.63 |  30.27 |   8.14 |I I 
11:13-Tue-Mar-14-2017 PM2.5 |  11.45 |  11.08 |  11.17 |   4.98 |I I 
11:14-Tue-Mar-14-2017 PM10  |  20.12 |  21.33 |  30.27 |   8.14 |I I 
11:14-Tue-Mar-14-2017 PM2.5 |  10.64 |  10.99 |  11.17 |   4.98 |I I 
11:18-Tue-Mar-14-2017 PM10  |  22.27 |  21.49 |  30.27 |   8.14 |I I 
11:18-Tue-Mar-14-2017 PM2.5 |  11.03 |  11.00 |  11.17 |   4.98 |I I 
11:19-Tue-Mar-14-2017 PM10  |  21.85 |  21.54 |  30.27 |   8.14 |I I 
11:19-Tue-Mar-14-2017 PM2.5 |  10.99 |  11.00 |  11.17 |   4.98 |I I 
11:20-Tue-Mar-14-2017 PM10  |  21.85 |  21.58 |  30.27 |   8.14 |I I 
11:20-Tue-Mar-14-2017 PM2.5 |  10.99 |  11.00 |  11.17 |   4.98 |I I 
11:24-Tue-Mar-14-2017 PM10  |  24.64 |  21.92 |  30.27 |   8.14 |I I 
11:24-Tue-Mar-14-2017 PM2.5 |  10.37 |  10.93 |  11.17 |   4.98 |I I 
11:26-Tue-Mar-14-2017 PM10  |  19.48 |  21.67 |  30.27 |   8.14 |I I 
11:26-Tue-Mar-14-2017 PM2.5 |  10.11 |  10.85 |  11.17 |   4.98 |I I 
11:30-Tue-Mar-14-2017 PM10  |  23.10 |  21.80 |  30.27 |   8.14 |I I 
11:30-Tue-Mar-14-2017 PM2.5 |  10.92 |  10.85 |  11.17 |   4.98 |I I 
11:31-Tue-Mar-14-2017 PM10  |  18.97 |  21.57 |  30.27 |   8.14 |I I 
11:31-Tue-Mar-14-2017 PM2.5 |  10.18 |  10.80 |  11.17 |   4.98 |I I 
11:35-Tue-Mar-14-2017 PM10  |  20.10 |  21.45 |  30.27 |   8.14 |I I 
11:35-Tue-Mar-14-2017 PM2.5 |  11.13 |  10.82 |  11.17 |   4.98 |I I 
11:36-Tue-Mar-14-2017 PM10  |  19.39 |  21.31 |  30.27 |   8.14 |I I 
11:36-Tue-Mar-14-2017 PM2.5 |  10.08 |  10.77 |  11.17 |   4.98 |I I 
11:40-Tue-Mar-14-2017 PM10  |  18.85 |  21.14 |  30.27 |   8.14 |I I 
11:40-Tue-Mar-14-2017 PM2.5 |  10.36 |  10.74 |  11.17 |   4.98 |I I 
11:41-Tue-Mar-14-2017 PM10  |  19.35 |  21.03 |  30.27 |   8.14 |I I 
11:41-Tue-Mar-14-2017 PM2.5 |  10.22 |  10.71 |  11.17 |   4.98 |I I 
11:45-Tue-Mar-14-2017 PM10  |  18.83 |  20.90 |  30.27 |   8.14 |I I 
11:45-Tue-Mar-14-2017 PM2.5 |  10.12 |  10.67 |  11.17 |   4.98 |I I 
11:46-Tue-Mar-14-2017 PM10  |  18.25 |  20.75 |  30.27 |   8.14 |I I 
11:46-Tue-Mar-14-2017 PM2.5 |  10.29 |  10.65 |  11.17 |   4.98 |I I 
11:50-Tue-Mar-14-2017 PM10  |  18.74 |  20.65 |  30.27 |   8.14 |I I 
11:50-Tue-Mar-14-2017 PM2.5 |  10.46 |  10.64 |  11.17 |   4.98 |I I 
11:51-Tue-Mar-14-2017 PM10  |  18.74 |  20.55 |  30.27 |   8.14 |I I 
11:51-Tue-Mar-14-2017 PM2.5 |  10.46 |  10.63 |  11.17 |   4.98 |I I 
11:52-Tue-Mar-14-2017 PM10  |  19.76 |  20.52 |  30.27 |   8.14 |I I 
11:52-Tue-Mar-14-2017 PM2.5 |  10.12 |  10.61 |  11.17 |   4.98 |I I 
11:56-Tue-Mar-14-2017 PM10  |  19.27 |  20.46 |  30.27 |   8.14 |I I 
11:56-Tue-Mar-14-2017 PM2.5 |  10.55 |  10.61 |  11.17 |   4.98 |I I 
11:57-Tue-Mar-14-2017 PM10  |  18.03 |  20.35 |  30.27 |   8.14 |I I 
11:57-Tue-Mar-14-2017 PM2.5 |   9.72 |  10.57 |  11.17 |   4.98 |I I 
12:01-Tue-Mar-14-2017 PM10  |  21.16 |  20.39 |  30.27 |   8.14 |I I 
12:01-Tue-Mar-14-2017 PM2.5 |  10.23 |  10.55 |  11.17 |   4.98 |I I 
12:02-Tue-Mar-14-2017 PM10  |  19.17 |  19.17 |  30.27 |   8.14 |I I 
12:02-Tue-Mar-14-2017 PM2.5 |   9.43 |   9.43 |  11.17 |   4.98 |I I 
12:06-Tue-Mar-14-2017 PM10  |  20.83 |  20.00 |  30.27 |   8.14 |I I 
12:06-Tue-Mar-14-2017 PM2.5 |   9.82 |   9.63 |  11.17 |   4.98 |I I 
12:07-Tue-Mar-14-2017 PM10  |  18.93 |  19.64 |  30.27 |   8.14 |I I 
12:07-Tue-Mar-14-2017 PM2.5 |   9.53 |   9.60 |  11.17 |   4.98 |I I 
12:11-Tue-Mar-14-2017 PM10  |  19.47 |  19.60 |  30.27 |   8.14 |I I 
12:11-Tue-Mar-14-2017 PM2.5 |   9.63 |   9.60 |  11.17 |   4.98 |I I 
12:12-Tue-Mar-14-2017 PM10  |  16.09 |  18.90 |  30.27 |   8.14 |I I 
12:12-Tue-Mar-14-2017 PM2.5 |   9.43 |   9.57 |  11.17 |   4.98 |I I 
12:16-Tue-Mar-14-2017 PM10  |  17.29 |  18.63 |  30.27 |   8.14 |I I 
12:16-Tue-Mar-14-2017 PM2.5 |   9.79 |   9.61 |  11.17 |   4.98 |I I 
12:17-Tue-Mar-14-2017 PM10  |  17.29 |  18.44 |  30.27 |   8.14 |I I 
12:17-Tue-Mar-14-2017 PM2.5 |   9.79 |   9.63 |  11.17 |   4.98 |I I 
12:18-Tue-Mar-14-2017 PM10  |  20.45 |  18.69 |  30.27 |   8.14 |I I 
12:18-Tue-Mar-14-2017 PM2.5 |   9.98 |   9.68 |  11.17 |   4.98 |I I 
12:22-Tue-Mar-14-2017 PM10  |  18.89 |  18.71 |  30.27 |   8.14 |I I 
12:22-Tue-Mar-14-2017 PM2.5 |   9.72 |   9.68 |  11.17 |   4.98 |I I 
12:23-Tue-Mar-14-2017 PM10  |  20.04 |  18.84 |  30.27 |   8.14 |I I 
12:23-Tue-Mar-14-2017 PM2.5 |   9.66 |   9.68 |  11.17 |   4.98 |I I 
12:27-Tue-Mar-14-2017 PM10  |  23.25 |  19.25 |  30.27 |   8.14 |I I 
12:27-Tue-Mar-14-2017 PM2.5 |   9.89 |   9.70 |  11.17 |   4.98 |I I 
12:28-Tue-Mar-14-2017 PM10  |  18.09 |  19.15 |  30.27 |   8.14 |I I 
12:28-Tue-Mar-14-2017 PM2.5 |   9.38 |   9.67 |  11.17 |   4.98 |I I 
12:32-Tue-Mar-14-2017 PM10  |  24.58 |  19.57 |  30.27 |   8.14 |I I 
12:32-Tue-Mar-14-2017 PM2.5 |   9.84 |   9.68 |  11.17 |   4.98 |I I 
12:33-Tue-Mar-14-2017 PM10  |  17.91 |  19.45 |  30.27 |   8.14 |I I 
12:33-Tue-Mar-14-2017 PM2.5 |   9.46 |   9.67 |  11.17 |   4.98 |I I 
12:37-Tue-Mar-14-2017 PM10  |  19.57 |  19.46 |  30.27 |   8.14 |I I 
12:37-Tue-Mar-14-2017 PM2.5 |   9.64 |   9.67 |  11.17 |   4.98 |I I 
12:38-Tue-Mar-14-2017 PM10  |  19.59 |  19.47 |  30.27 |   8.14 |I I 
12:38-Tue-Mar-14-2017 PM2.5 |   9.86 |   9.68 |  11.17 |   4.98 |I I 
12:42-Tue-Mar-14-2017 PM10  |  17.72 |  19.36 |  30.27 |   8.14 |I I 
12:42-Tue-Mar-14-2017 PM2.5 |   9.38 |   9.66 |  11.17 |   4.98 |I I 
12:43-Tue-Mar-14-2017 PM10  |  17.72 |  19.27 |  30.27 |   8.14 |I I 
12:43-Tue-Mar-14-2017 PM2.5 |   9.38 |   9.65 |  11.17 |   4.98 |I I 
12:44-Tue-Mar-14-2017 PM10  |  21.56 |  19.39 |  30.27 |   8.14 |I I 
12:44-Tue-Mar-14-2017 PM2.5 |   9.81 |   9.65 |  11.17 |   4.98 |I I 
12:48-Tue-Mar-14-2017 PM10  |  22.05 |  19.53 |  30.27 |   8.14 |I I 
12:48-Tue-Mar-14-2017 PM2.5 |   9.78 |   9.66 |  11.17 |   4.98 |I I 
12:49-Tue-Mar-14-2017 PM10  |  18.29 |  19.47 |  30.27 |   8.14 |I I 
12:49-Tue-Mar-14-2017 PM2.5 |   9.55 |   9.65 |  11.17 |   4.98 |I I 
12:53-Tue-Mar-14-2017 PM10  |  17.94 |  19.40 |  30.27 |   8.14 |I I 
12:53-Tue-Mar-14-2017 PM2.5 |   9.44 |   9.64 |  11.17 |   4.98 |I I 
12:54-Tue-Mar-14-2017 PM10  |  22.38 |  19.53 |  30.27 |   8.14 |I I 
12:54-Tue-Mar-14-2017 PM2.5 |   9.23 |   9.63 |  11.17 |   4.98 |I I 
12:58-Tue-Mar-14-2017 PM10  |  20.93 |  19.59 |  30.27 |   8.14 |I I 
12:58-Tue-Mar-14-2017 PM2.5 |   9.56 |   9.62 |  11.17 |   4.98 |I I 
12:59-Tue-Mar-14-2017 PM10  |  18.10 |  19.53 |  30.27 |   8.14 |I I 
12:59-Tue-Mar-14-2017 PM2.5 |   8.48 |   9.58 |  11.17 |   4.98 |I I 
13:03-Tue-Mar-14-2017 PM10  |  17.57 |  19.45 |  30.27 |   8.14 |I I 
13:03-Tue-Mar-14-2017 PM2.5 |   8.79 |   9.55 |  11.17 |   4.98 |I I 
13:04-Tue-Mar-14-2017 PM10  |  13.47 |  13.47 |  30.27 |   8.14 |I I 
13:04-Tue-Mar-14-2017 PM2.5 |   7.79 |   7.79 |  11.17 |   4.98 |I I 
13:08-Tue-Mar-14-2017 PM10  |  15.57 |  14.52 |  30.27 |   8.14 |I I 
13:08-Tue-Mar-14-2017 PM2.5 |   8.17 |   7.98 |  11.17 |   4.98 |I I 
13:09-Tue-Mar-14-2017 PM10  |  15.57 |  14.87 |  30.27 |   8.14 |I I 
13:09-Tue-Mar-14-2017 PM2.5 |   8.17 |   8.04 |  11.17 |   4.98 |I I 
13:10-Tue-Mar-14-2017 PM10  |  17.47 |  15.52 |  30.27 |   8.14 |I I 
13:10-Tue-Mar-14-2017 PM2.5 |   8.42 |   8.14 |  11.17 |   4.98 |I I 
13:14-Tue-Mar-14-2017 PM10  |  16.94 |  15.80 |  30.27 |   8.14 |I I 
13:14-Tue-Mar-14-2017 PM2.5 |   8.07 |   8.12 |  11.17 |   4.98 |I I 
13:15-Tue-Mar-14-2017 PM10  |  14.94 |  15.66 |  30.27 |   8.14 |I I 
13:15-Tue-Mar-14-2017 PM2.5 |   8.02 |   8.11 |  11.17 |   4.98 |I I 
13:19-Tue-Mar-14-2017 PM10  |  14.17 |  15.45 |  30.27 |   8.14 |I I 
13:19-Tue-Mar-14-2017 PM2.5 |   7.90 |   8.08 |  11.17 |   4.98 |I I 
13:20-Tue-Mar-14-2017 PM10  |  19.04 |  15.90 |  30.27 |   8.14 |I I 
13:20-Tue-Mar-14-2017 PM2.5 |   7.89 |   8.05 |  11.17 |   4.98 |I I 
13:24-Tue-Mar-14-2017 PM10  |  16.13 |  15.92 |  30.27 |   8.14 |I I 
13:24-Tue-Mar-14-2017 PM2.5 |   7.91 |   8.04 |  11.17 |   4.98 |I I 
13:25-Tue-Mar-14-2017 PM10  |  13.72 |  15.70 |  30.27 |   8.14 |I I 
13:25-Tue-Mar-14-2017 PM2.5 |   7.42 |   7.98 |  11.17 |   4.98 |I I 
13:29-Tue-Mar-14-2017 PM10  |  14.93 |  15.63 |  30.27 |   8.14 |I I 
13:29-Tue-Mar-14-2017 PM2.5 |   7.78 |   7.96 |  11.17 |   4.98 |I I 
13:30-Tue-Mar-14-2017 PM10  |  13.79 |  15.48 |  30.27 |   8.14 |I I 
13:30-Tue-Mar-14-2017 PM2.5 |   6.68 |   7.85 |  11.17 |   4.98 |I I 
13:34-Tue-Mar-14-2017 PM10  |  13.26 |  15.31 |  30.27 |   8.14 |I I 
13:34-Tue-Mar-14-2017 PM2.5 |   7.26 |   7.81 |  11.17 |   4.98 |I I 
13:35-Tue-Mar-14-2017 PM10  |  13.26 |  15.16 |  30.27 |   8.14 |I I 
13:35-Tue-Mar-14-2017 PM2.5 |   7.26 |   7.77 |  11.17 |   4.98 |I I 
13:36-Tue-Mar-14-2017 PM10  |  12.23 |  14.97 |  30.27 |   8.14 |I I 
13:36-Tue-Mar-14-2017 PM2.5 |   7.26 |   7.73 |  11.17 |   4.98 |I I 
13:40-Tue-Mar-14-2017 PM10  |  11.62 |  14.76 |  30.27 |   8.14 |I I 
13:40-Tue-Mar-14-2017 PM2.5 |   6.94 |   7.68 |  11.17 |   4.98 |I I 
13:41-Tue-Mar-14-2017 PM10  |  11.33 |  14.56 |  30.27 |   8.14 |I I 
13:41-Tue-Mar-14-2017 PM2.5 |   6.63 |   7.62 |  11.17 |   4.98 |I I 
13:45-Tue-Mar-14-2017 PM10  |  13.04 |  14.47 |  30.27 |   8.14 |I I 
13:45-Tue-Mar-14-2017 PM2.5 |   7.01 |   7.59 |  11.17 |   4.98 |I I 
13:46-Tue-Mar-14-2017 PM10  |  13.44 |  14.42 |  30.27 |   8.14 |I I 
13:46-Tue-Mar-14-2017 PM2.5 |   6.49 |   7.53 |  11.17 |   4.98 |I I 
13:50-Tue-Mar-14-2017 PM10  |  11.13 |  14.25 |  30.27 |   8.14 |I I 
13:50-Tue-Mar-14-2017 PM2.5 |   6.53 |   7.48 |  11.17 |   4.98 |I I 
13:51-Tue-Mar-14-2017 PM10  |  12.36 |  14.16 |  30.27 |   8.14 |I I 
13:51-Tue-Mar-14-2017 PM2.5 |   6.68 |   7.44 |  11.17 |   4.98 |I I 
13:55-Tue-Mar-14-2017 PM10  |  11.50 |  14.04 |  30.27 |   8.14 |I I 
13:55-Tue-Mar-14-2017 PM2.5 |   6.65 |   7.41 |  11.17 |   4.98 |I I 
13:56-Tue-Mar-14-2017 PM10  |  11.34 |  13.92 |  30.27 |   8.14 |I I 
13:56-Tue-Mar-14-2017 PM2.5 |   6.19 |   7.35 |  11.17 |   4.98 |I I 
14:00-Tue-Mar-14-2017 PM10  |  12.10 |  13.85 |  30.27 |   8.14 |I I 
14:00-Tue-Mar-14-2017 PM2.5 |   6.67 |   7.32 |  11.17 |   4.98 |I I 
14:01-Tue-Mar-14-2017 PM10  |  12.10 |  12.10 |  30.27 |   8.14 |I I 
14:01-Tue-Mar-14-2017 PM2.5 |   6.67 |   6.67 |  11.17 |   4.98 |I I 
14:02-Tue-Mar-14-2017 PM10  |  13.53 |  12.81 |  30.27 |   8.14 |I I 
14:02-Tue-Mar-14-2017 PM2.5 |   6.68 |   6.67 |  11.17 |   4.98 |I I 
14:06-Tue-Mar-14-2017 PM10  |  11.59 |  12.41 |  30.27 |   8.14 |I I 
14:06-Tue-Mar-14-2017 PM2.5 |   6.42 |   6.59 |  11.17 |   4.98 |I I 
14:07-Tue-Mar-14-2017 PM10  |  11.82 |  12.26 |  30.27 |   8.14 |I I 
14:07-Tue-Mar-14-2017 PM2.5 |   6.20 |   6.49 |  11.17 |   4.98 |I I 
14:11-Tue-Mar-14-2017 PM10  |   9.72 |  11.75 |  30.27 |   8.14 |I I 
14:11-Tue-Mar-14-2017 PM2.5 |   6.20 |   6.43 |  11.17 |   4.98 |I I 
14:12-Tue-Mar-14-2017 PM10  |  11.54 |  11.72 |  30.27 |   8.14 |I I 
14:12-Tue-Mar-14-2017 PM2.5 |   6.27 |   6.41 |  11.17 |   4.98 |I I 
14:16-Tue-Mar-14-2017 PM10  |   9.78 |  11.44 |  30.27 |   8.14 |I I 
14:16-Tue-Mar-14-2017 PM2.5 |   6.08 |   6.36 |  11.17 |   4.98 |I I 
14:18-Tue-Mar-14-2017 PM10  |  10.88 |  11.37 |  30.27 |   8.14 |I I 
14:18-Tue-Mar-14-2017 PM2.5 |   6.01 |   6.32 |  11.17 |   4.98 |I I 
14:22-Tue-Mar-14-2017 PM10  |  11.36 |  11.37 |  30.27 |   8.14 |I I 
14:22-Tue-Mar-14-2017 PM2.5 |   6.26 |   6.31 |  11.17 |   4.98 |I I 
14:23-Tue-Mar-14-2017 PM10  |   9.93 |  11.22 |  30.27 |   8.14 |I I 
14:23-Tue-Mar-14-2017 PM2.5 |   6.22 |   6.30 |  11.17 |   4.98 |I I 
14:27-Tue-Mar-14-2017 PM10  |   8.85 |  11.01 |  30.27 |   8.14 |I I 
14:27-Tue-Mar-14-2017 PM2.5 |   5.93 |   6.27 |  11.17 |   4.98 |I I 
14:28-Tue-Mar-14-2017 PM10  |  10.86 |  11.00 |  30.27 |   8.14 |I I 
14:28-Tue-Mar-14-2017 PM2.5 |   6.30 |   6.27 |  11.17 |   4.98 |I I 
14:29-Tue-Mar-14-2017 PM10  |  10.86 |  10.99 |  30.27 |   8.14 |I I 
14:29-Tue-Mar-14-2017 PM2.5 |   6.30 |   6.27 |  11.17 |   4.98 |I I 
14:33-Tue-Mar-14-2017 PM10  |   9.15 |  10.85 |  30.27 |   8.14 |I I 
14:33-Tue-Mar-14-2017 PM2.5 |   5.67 |   6.23 |  11.17 |   4.98 |I I 
14:34-Tue-Mar-14-2017 PM10  |  10.56 |  10.84 |  30.27 |   8.14 |I I 
14:34-Tue-Mar-14-2017 PM2.5 |   5.80 |   6.20 |  11.17 |   4.98 |I I 
14:38-Tue-Mar-14-2017 PM10  |   9.53 |  10.75 |  30.27 |   8.14 |I I 
14:38-Tue-Mar-14-2017 PM2.5 |   6.02 |   6.19 |  11.17 |   4.98 |I I 
14:39-Tue-Mar-14-2017 PM10  |   8.25 |  10.61 |  30.27 |   8.14 |I I 
14:39-Tue-Mar-14-2017 PM2.5 |   5.38 |   6.14 |  11.17 |   4.98 |I I 
14:43-Tue-Mar-14-2017 PM10  |  11.22 |  10.64 |  30.27 |   8.14 |I I 
14:43-Tue-Mar-14-2017 PM2.5 |   5.75 |   6.12 |  11.17 |   4.98 |I I 
14:44-Tue-Mar-14-2017 PM10  |   9.52 |  10.58 |  30.27 |   8.14 |I I 
14:44-Tue-Mar-14-2017 PM2.5 |   5.27 |   6.08 |  11.17 |   4.98 |I I 
14:48-Tue-Mar-14-2017 PM10  |   9.50 |  10.53 |  30.27 |   8.14 |I I 
14:48-Tue-Mar-14-2017 PM2.5 |   5.17 |   6.03 |  11.17 |   4.98 |I I 
14:49-Tue-Mar-14-2017 PM10  |   9.89 |  10.50 |  30.27 |   8.14 |I I 
14:49-Tue-Mar-14-2017 PM2.5 |   5.70 |   6.01 |  11.17 |   4.98 |I I 
14:53-Tue-Mar-14-2017 PM10  |   9.89 |  10.47 |  30.27 |   8.14 |I I 
14:53-Tue-Mar-14-2017 PM2.5 |   5.46 |   5.99 |  11.17 |   4.98 |I I 
14:54-Tue-Mar-14-2017 PM10  |   8.01 |  10.36 |  30.27 |   8.14 |I I 
14:54-Tue-Mar-14-2017 PM2.5 |   4.91 |   5.94 |  11.17 |   4.98 |I I 
14:55-Tue-Mar-14-2017 PM10  |   8.01 |  10.26 |  30.27 |   8.14 |I I 
14:55-Tue-Mar-14-2017 PM2.5 |   4.91 |   5.90 |  11.17 |   4.98 |I I 
14:59-Tue-Mar-14-2017 PM10  |   9.27 |  10.22 |  30.27 |   8.14 |I I 
14:59-Tue-Mar-14-2017 PM2.5 |   5.01 |   5.86 |  11.17 |   4.98 |I I 
15:00-Tue-Mar-14-2017 PM10  |   9.37 |  10.19 |  30.27 |   8.14 |I I 
15:00-Tue-Mar-14-2017 PM2.5 |   5.27 |   5.84 |  11.17 |   4.98 |I I 
15:04-Tue-Mar-14-2017 PM10  |   8.81 |   8.81 |  30.27 |   8.14 |I I 
15:04-Tue-Mar-14-2017 PM2.5 |   5.07 |   5.07 |  11.17 |   4.98 |I I 
15:05-Tue-Mar-14-2017 PM10  |   8.33 |   8.57 |  30.27 |   8.14 |I I 
15:05-Tue-Mar-14-2017 PM2.5 |   5.19 |   5.13 |  11.17 |   4.98 |I I 
15:09-Tue-Mar-14-2017 PM10  |   8.78 |   8.64 |  30.27 |   8.14 |I I 
15:09-Tue-Mar-14-2017 PM2.5 |   5.17 |   5.14 |  11.17 |   4.98 |I I 
15:10-Tue-Mar-14-2017 PM10  |   7.49 |   8.35 |  30.27 |   8.14 |I I 
15:10-Tue-Mar-14-2017 PM2.5 |   4.91 |   5.08 |  11.17 |   4.98 |I I 
15:14-Tue-Mar-14-2017 PM10  |   7.45 |   8.17 |  30.27 |   8.14 |I I 
15:14-Tue-Mar-14-2017 PM2.5 |   4.99 |   5.07 |  11.17 |   4.98 |I I 
15:15-Tue-Mar-14-2017 PM10  |   8.40 |   8.21 |  30.27 |   8.14 |I I 
15:15-Tue-Mar-14-2017 PM2.5 |   4.71 |   5.01 |  11.17 |   4.98 |I I 
15:19-Tue-Mar-14-2017 PM10  |   7.43 |   8.10 |  30.27 |   8.14 |I I 
15:19-Tue-Mar-14-2017 PM2.5 |   4.97 |   5.00 |  11.17 |   4.98 |I I 
15:20-Tue-Mar-14-2017 PM10  |   9.39 |   8.26 |  30.27 |   8.14 |I I 
15:20-Tue-Mar-14-2017 PM2.5 |   5.18 |   5.02 |  11.17 |   4.98 |I I 
15:21-Tue-Mar-14-2017 PM10  |   9.39 |   8.39 |  30.27 |   8.14 |I I 
15:21-Tue-Mar-14-2017 PM2.5 |   5.18 |   5.04 |  11.17 |   4.98 |I I 
15:25-Tue-Mar-14-2017 PM10  |   7.76 |   8.32 |  30.27 |   8.14 |I I 
15:25-Tue-Mar-14-2017 PM2.5 |   4.72 |   5.01 |  11.17 |   4.98 |I I 
15:26-Tue-Mar-14-2017 PM10  |   7.81 |   8.28 |  30.27 |   8.14 |I I 
15:26-Tue-Mar-14-2017 PM2.5 |   4.94 |   5.00 |  11.17 |   4.98 |I I 
15:30-Tue-Mar-14-2017 PM10  |   8.07 |   8.26 |  30.27 |   8.14 |I I 
15:30-Tue-Mar-14-2017 PM2.5 |   5.00 |   5.00 |  11.17 |   4.98 |I I 
15:31-Tue-Mar-14-2017 PM10  |   7.28 |   8.18 |  30.27 |   8.14 |I I 
15:31-Tue-Mar-14-2017 PM2.5 |   4.58 |   4.97 |  11.17 |   4.98 |I I 
15:35-Tue-Mar-14-2017 PM10  |   7.56 |   8.14 |  30.27 |   8.14 |I I 
15:35-Tue-Mar-14-2017 PM2.5 |   4.71 |   4.95 |  11.17 |   4.98 |I I 
15:36-Tue-Mar-14-2017 PM10  |   7.70 |   8.11 |  30.27 |   8.14 |I I 
15:36-Tue-Mar-14-2017 PM2.5 |   4.52 |   4.92 |  11.17 |   4.98 |I I 
15:40-Tue-Mar-14-2017 PM10  |   7.46 |   8.07 |  30.27 |   8.14 |I I 
15:40-Tue-Mar-14-2017 PM2.5 |   5.04 |   4.93 |  11.17 |   4.98 |I I 
15:41-Tue-Mar-14-2017 PM10  |   7.00 |   8.01 |  30.27 |   8.14 |I I 
15:41-Tue-Mar-14-2017 PM2.5 |   4.72 |   4.92 |  11.17 |   4.98 |I I 
15:45-Tue-Mar-14-2017 PM10  |   7.25 |   7.97 |  30.27 |   8.14 |I I 
15:45-Tue-Mar-14-2017 PM2.5 |   4.68 |   4.90 |  11.17 |   4.98 |I I 
15:46-Tue-Mar-14-2017 PM10  |   8.43 |   7.99 |  30.27 |   8.14 |I I 
15:46-Tue-Mar-14-2017 PM2.5 |   4.80 |   4.90 |  11.17 |   4.98 |I I 
15:47-Tue-Mar-14-2017 PM10  |   8.43 |   8.01 |  30.27 |   8.14 |I I 
15:47-Tue-Mar-14-2017 PM2.5 |   4.80 |   4.89 |  11.17 |   4.98 |I I 
15:51-Tue-Mar-14-2017 PM10  |   7.22 |   7.97 |  30.27 |   8.14 |I I 
15:51-Tue-Mar-14-2017 PM2.5 |   4.88 |   4.89 |  11.17 |   4.98 |I I 
15:52-Tue-Mar-14-2017 PM10  |   7.16 |   7.94 |  30.27 |   8.14 |I I 
15:52-Tue-Mar-14-2017 PM2.5 |   4.31 |   4.87 |  11.17 |   4.98 |I I 
15:56-Tue-Mar-14-2017 PM10  |   8.07 |   7.94 |  30.27 |   8.14 |I I 
15:56-Tue-Mar-14-2017 PM2.5 |   4.49 |   4.85 |  11.17 |   4.98 |I I 
15:57-Tue-Mar-14-2017 PM10  |   7.06 |   7.91 |  30.27 |   8.14 |I I 
15:57-Tue-Mar-14-2017 PM2.5 |   4.28 |   4.83 |  11.17 |   4.98 |I I 
16:01-Tue-Mar-14-2017 PM10  |   7.37 |   7.88 |  30.27 |   7.88 |I I 
16:01-Tue-Mar-14-2017 PM2.5 |   4.69 |   4.82 |  11.17 |   4.82 |I I 
16:02-Tue-Mar-14-2017 PM10  |   6.30 |   6.30 |  30.27 |   7.88 |I I 
16:02-Tue-Mar-14-2017 PM2.5 |   4.33 |   4.33 |  11.17 |   4.82 |I I 
16:06-Tue-Mar-14-2017 PM10  |   6.66 |   6.48 |  30.27 |   7.88 |I I 
16:06-Tue-Mar-14-2017 PM2.5 |   4.46 |   4.40 |  11.17 |   4.82 |I I 
16:07-Tue-Mar-14-2017 PM10  |   7.24 |   6.73 |  30.27 |   7.88 |I I 
16:07-Tue-Mar-14-2017 PM2.5 |   4.47 |   4.42 |  11.17 |   4.82 |I I 
16:11-Tue-Mar-14-2017 PM10  |   8.62 |   7.20 |  30.27 |   7.88 |I I 
16:11-Tue-Mar-14-2017 PM2.5 |   4.51 |   4.44 |  11.17 |   4.82 |I I 
16:12-Tue-Mar-14-2017 PM10  |   8.25 |   7.41 |  30.27 |   7.88 |I I 
16:12-Tue-Mar-14-2017 PM2.5 |   4.57 |   4.47 |  11.17 |   4.82 |I I 
16:13-Tue-Mar-14-2017 PM10  |   8.25 |   7.55 |  30.27 |   7.88 |I I 
16:13-Tue-Mar-14-2017 PM2.5 |   4.57 |   4.49 |  11.17 |   4.82 |I I 
16:17-Tue-Mar-14-2017 PM10  |   7.97 |   7.61 |  30.27 |   7.88 |I I 
16:17-Tue-Mar-14-2017 PM2.5 |   4.63 |   4.51 |  11.17 |   4.82 |I I 
16:18-Tue-Mar-14-2017 PM10  |   6.74 |   7.50 |  30.27 |   7.88 |I I 
16:18-Tue-Mar-14-2017 PM2.5 |   4.17 |   4.46 |  11.17 |   4.82 |I I 
16:22-Tue-Mar-14-2017 PM10  |   6.74 |   7.42 |  30.27 |   7.88 |I I 
16:22-Tue-Mar-14-2017 PM2.5 |   4.16 |   4.43 |  11.17 |   4.82 |I I 
16:23-Tue-Mar-14-2017 PM10  |   6.77 |   7.35 |  30.27 |   7.88 |I I 
16:23-Tue-Mar-14-2017 PM2.5 |   4.42 |   4.43 |  11.17 |   4.82 |I I 
16:27-Tue-Mar-14-2017 PM10  |   7.06 |   7.33 |  30.27 |   7.88 |I I 
16:27-Tue-Mar-14-2017 PM2.5 |   4.37 |   4.42 |  11.17 |   4.82 |I I 
16:28-Tue-Mar-14-2017 PM10  |   6.68 |   7.27 |  30.27 |   7.88 |I I 
16:28-Tue-Mar-14-2017 PM2.5 |   4.30 |   4.41 |  11.17 |   4.82 |I I 
16:32-Tue-Mar-14-2017 PM10  |   6.09 |   7.18 |  30.27 |   7.88 |I I 
16:32-Tue-Mar-14-2017 PM2.5 |   4.13 |   4.39 |  11.17 |   4.82 |I I 
16:33-Tue-Mar-14-2017 PM10  |   6.40 |   7.13 |  30.27 |   7.88 |I I 
16:33-Tue-Mar-14-2017 PM2.5 |   3.90 |   4.36 |  11.17 |   4.82 |I I 
16:37-Tue-Mar-14-2017 PM10  |   6.87 |   7.11 |  30.27 |   7.88 |I I 
16:37-Tue-Mar-14-2017 PM2.5 |   4.14 |   4.34 |  11.17 |   4.82 |I I 
16:38-Tue-Mar-14-2017 PM10  |   6.19 |   7.05 |  30.27 |   7.88 |I I 
16:38-Tue-Mar-14-2017 PM2.5 |   3.95 |   4.32 |  11.17 |   4.82 |I I 
16:39-Tue-Mar-14-2017 PM10  |   6.19 |   7.00 |  30.27 |   7.88 |I I 
16:39-Tue-Mar-14-2017 PM2.5 |   3.95 |   4.30 |  11.17 |   4.82 |I I 
16:42-Tue-Mar-14-2017 PM10  |   7.61 |   7.03 |  30.27 |   7.88 |I I 
16:42-Tue-Mar-14-2017 PM2.5 |   4.18 |   4.29 |  11.17 |   4.82 |I I 
16:43-Tue-Mar-14-2017 PM10  |   7.61 |   7.06 |  30.27 |   7.88 |I I 
16:43-Tue-Mar-14-2017 PM2.5 |   4.18 |   4.28 |  11.17 |   4.82 |I I 
16:44-Tue-Mar-14-2017 PM10  |   7.40 |   7.08 |  30.27 |   7.88 |I I 
16:44-Tue-Mar-14-2017 PM2.5 |   4.38 |   4.29 |  11.17 |   4.82 |I I 
16:48-Tue-Mar-14-2017 PM10  |   7.13 |   7.08 |  30.27 |   7.88 |I I 
16:48-Tue-Mar-14-2017 PM2.5 |   4.46 |   4.30 |  11.17 |   4.82 |I I 
16:49-Tue-Mar-14-2017 PM10  |   7.24 |   7.09 |  30.27 |   7.88 |I I 
16:49-Tue-Mar-14-2017 PM2.5 |   4.33 |   4.30 |  11.17 |   4.82 |I I 
16:53-Tue-Mar-14-2017 PM10  |   8.07 |   7.13 |  30.27 |   7.88 |I I 
16:53-Tue-Mar-14-2017 PM2.5 |   4.31 |   4.30 |  11.17 |   4.82 |I I 
16:54-Tue-Mar-14-2017 PM10  |   6.13 |   7.09 |  30.27 |   7.88 |I I 
16:54-Tue-Mar-14-2017 PM2.5 |   4.12 |   4.29 |  11.17 |   4.82 |I I 
16:58-Tue-Mar-14-2017 PM10  |   6.08 |   7.05 |  30.27 |   7.88 |I I 
16:58-Tue-Mar-14-2017 PM2.5 |   4.09 |   4.28 |  11.17 |   4.82 |I I 
16:59-Tue-Mar-14-2017 PM10  |   6.02 |   7.01 |  30.27 |   7.88 |I I 
16:59-Tue-Mar-14-2017 PM2.5 |   4.13 |   4.28 |  11.17 |   4.82 |I I 
17:03-Tue-Mar-14-2017 PM10  |   5.97 |   6.97 |  30.27 |   6.97 |I I 
17:03-Tue-Mar-14-2017 PM2.5 |   3.81 |   4.26 |  11.17 |   4.26 |I I 
17:04-Tue-Mar-14-2017 PM10  |   6.10 |   6.10 |  30.27 |   6.97 |I I 
17:04-Tue-Mar-14-2017 PM2.5 |   3.94 |   3.94 |  11.17 |   4.26 |I I 
17:08-Tue-Mar-14-2017 PM10  |   6.11 |   6.10 |  30.27 |   6.97 |I I 
17:08-Tue-Mar-14-2017 PM2.5 |   4.00 |   3.97 |  11.17 |   4.26 |I I 
17:09-Tue-Mar-14-2017 PM10  |   6.11 |   6.10 |  30.27 |   6.97 |I I 
17:09-Tue-Mar-14-2017 PM2.5 |   4.00 |   3.98 |  11.17 |   4.26 |I I 
17:10-Tue-Mar-14-2017 PM10  |   5.90 |   6.05 |  30.27 |   6.97 |I I 
17:10-Tue-Mar-14-2017 PM2.5 |   4.00 |   3.98 |  11.17 |   4.26 |I I 
17:15-Tue-Mar-14-2017 PM10  |   6.40 |   6.12 |  30.27 |   6.97 |I I 
17:15-Tue-Mar-14-2017 PM2.5 |   3.92 |   3.97 |  11.17 |   4.26 |I I 
17:16-Tue-Mar-14-2017 PM10  |   6.66 |   6.21 |  30.27 |   6.97 |I I 
17:16-Tue-Mar-14-2017 PM2.5 |   4.00 |   3.98 |  11.17 |   4.26 |I I 
17:20-Tue-Mar-14-2017 PM10  |   6.29 |   6.22 |  30.27 |   6.97 |I I 
17:20-Tue-Mar-14-2017 PM2.5 |   4.07 |   3.99 |  11.17 |   4.26 |I I 
17:21-Tue-Mar-14-2017 PM10  |   5.23 |   6.10 |  30.27 |   6.97 |I I 
17:21-Tue-Mar-14-2017 PM2.5 |   3.62 |   3.94 |  11.17 |   4.26 |I I 
17:25-Tue-Mar-14-2017 PM10  |   5.74 |   6.06 |  30.27 |   6.97 |I I 
17:25-Tue-Mar-14-2017 PM2.5 |   3.84 |   3.93 |  11.17 |   4.26 |I I 
17:26-Tue-Mar-14-2017 PM10  |   6.27 |   6.08 |  30.27 |   6.97 |I I 
17:26-Tue-Mar-14-2017 PM2.5 |   4.07 |   3.95 |  11.17 |   4.26 |I I 
17:30-Tue-Mar-14-2017 PM10  |   6.84 |   6.15 |  30.27 |   6.97 |I I 
17:30-Tue-Mar-14-2017 PM2.5 |   4.10 |   3.96 |  11.17 |   4.26 |I I 
17:31-Tue-Mar-14-2017 PM10  |   8.77 |   6.37 |  30.27 |   6.97 |I I 
17:31-Tue-Mar-14-2017 PM2.5 |   4.02 |   3.97 |  11.17 |   4.26 |I I 
17:35-Tue-Mar-14-2017 PM10  |   8.43 |   6.53 |  30.27 |   6.97 |I I 
17:35-Tue-Mar-14-2017 PM2.5 |   3.97 |   3.97 |  11.17 |   4.26 |I I 
17:36-Tue-Mar-14-2017 PM10  |   8.43 |   6.66 |  30.27 |   6.97 |I I 
17:36-Tue-Mar-14-2017 PM2.5 |   3.97 |   3.97 |  11.17 |   4.26 |I I 
17:37-Tue-Mar-14-2017 PM10  |   6.12 |   6.63 |  30.27 |   6.97 |I I 
17:37-Tue-Mar-14-2017 PM2.5 |   4.11 |   3.98 |  11.17 |   4.26 |I I 
17:41-Tue-Mar-14-2017 PM10  |   6.32 |   6.61 |  30.27 |   6.97 |I I 
17:41-Tue-Mar-14-2017 PM2.5 |   4.13 |   3.98 |  11.17 |   4.26 |I I 
17:42-Tue-Mar-14-2017 PM10  |   5.72 |   6.56 |  30.27 |   6.97 |I I 
17:42-Tue-Mar-14-2017 PM2.5 |   4.03 |   3.99 |  11.17 |   4.26 |I I 
17:46-Tue-Mar-14-2017 PM10  |   8.11 |   6.64 |  30.27 |   6.97 |I I 
17:46-Tue-Mar-14-2017 PM2.5 |   4.46 |   4.01 |  11.17 |   4.26 |I I 
17:47-Tue-Mar-14-2017 PM10  |   5.63 |   6.59 |  30.27 |   6.97 |I I 
17:47-Tue-Mar-14-2017 PM2.5 |   4.01 |   4.01 |  11.17 |   4.26 |I I 
17:51-Tue-Mar-14-2017 PM10  |   5.98 |   6.56 |  30.27 |   6.97 |I I 
17:51-Tue-Mar-14-2017 PM2.5 |   4.27 |   4.03 |  11.17 |   4.26 |I I 
17:52-Tue-Mar-14-2017 PM10  |   6.32 |   6.55 |  30.27 |   6.97 |I I 
17:52-Tue-Mar-14-2017 PM2.5 |   4.04 |   4.03 |  11.17 |   4.26 |I I 
17:56-Tue-Mar-14-2017 PM10  |   5.98 |   6.52 |  30.27 |   6.97 |I I 
17:56-Tue-Mar-14-2017 PM2.5 |   4.02 |   4.03 |  11.17 |   4.26 |I I 
17:57-Tue-Mar-14-2017 PM10  |   7.56 |   6.57 |  30.27 |   6.97 |I I 
17:57-Tue-Mar-14-2017 PM2.5 |   4.27 |   4.04 |  11.17 |   4.26 |I I 
18:01-Tue-Mar-14-2017 PM10  |   7.12 |   6.59 |  30.27 |   6.59 |I I 
18:01-Tue-Mar-14-2017 PM2.5 |   4.25 |   4.05 |  11.17 |   4.05 |I I 
18:02-Tue-Mar-14-2017 PM10  |   7.12 |   7.12 |  30.27 |   6.59 |I I 
18:02-Tue-Mar-14-2017 PM2.5 |   4.25 |   4.25 |  11.17 |   4.05 |I I 
18:03-Tue-Mar-14-2017 PM10  |   6.54 |   6.83 |  30.27 |   6.59 |I I 
18:03-Tue-Mar-14-2017 PM2.5 |   4.25 |   4.25 |  11.17 |   4.05 |I I 
18:07-Tue-Mar-14-2017 PM10  |   6.66 |   6.77 |  30.27 |   6.59 |I I 
18:07-Tue-Mar-14-2017 PM2.5 |   4.27 |   4.26 |  11.17 |   4.05 |I I 
18:08-Tue-Mar-14-2017 PM10  |   6.50 |   6.70 |  30.27 |   6.59 |I I 
18:08-Tue-Mar-14-2017 PM2.5 |   4.03 |   4.20 |  11.17 |   4.05 |I I 
18:12-Tue-Mar-14-2017 PM10  |   9.08 |   7.18 |  30.27 |   6.59 |I I 
18:12-Tue-Mar-14-2017 PM2.5 |   4.43 |   4.25 |  11.17 |   4.05 |I I 
18:13-Tue-Mar-14-2017 PM10  |   8.01 |   7.32 |  30.27 |   6.59 |I I 
18:13-Tue-Mar-14-2017 PM2.5 |   4.26 |   4.25 |  11.17 |   4.05 |I I 
18:17-Tue-Mar-14-2017 PM10  |   8.04 |   7.42 |  30.27 |   6.59 |I I 
18:17-Tue-Mar-14-2017 PM2.5 |   4.02 |   4.22 |  11.17 |   4.05 |I I 
18:18-Tue-Mar-14-2017 PM10  |   6.07 |   7.25 |  30.27 |   6.59 |I I 
18:18-Tue-Mar-14-2017 PM2.5 |   4.13 |   4.21 |  11.17 |   4.05 |I I 
18:22-Tue-Mar-14-2017 PM10  |   5.16 |   7.02 |  30.27 |   6.59 |I I 
18:22-Tue-Mar-14-2017 PM2.5 |   3.79 |   4.16 |  11.17 |   4.05 |I I 
18:23-Tue-Mar-14-2017 PM10  |   6.30 |   6.95 |  30.27 |   6.59 |I I 
18:23-Tue-Mar-14-2017 PM2.5 |   3.97 |   4.14 |  11.17 |   4.05 |I I 
18:27-Tue-Mar-14-2017 PM10  |   6.17 |   6.88 |  30.27 |   6.59 |I I 
18:27-Tue-Mar-14-2017 PM2.5 |   4.20 |   4.15 |  11.17 |   4.05 |I I 
18:28-Tue-Mar-14-2017 PM10  |   6.17 |   6.82 |  30.27 |   6.59 |I I 
18:28-Tue-Mar-14-2017 PM2.5 |   4.20 |   4.15 |  11.17 |   4.05 |I I 
18:29-Tue-Mar-14-2017 PM10  |   6.50 |   6.79 |  30.27 |   6.59 |I I 
18:29-Tue-Mar-14-2017 PM2.5 |   4.28 |   4.16 |  11.17 |   4.05 |I I 
18:33-Tue-Mar-14-2017 PM10  |   6.26 |   6.75 |  30.27 |   6.59 |I I 
18:33-Tue-Mar-14-2017 PM2.5 |   4.37 |   4.17 |  11.17 |   4.05 |I I 
18:34-Tue-Mar-14-2017 PM10  |   6.45 |   6.73 |  30.27 |   6.59 |I I 
18:34-Tue-Mar-14-2017 PM2.5 |   3.83 |   4.15 |  11.17 |   4.05 |I I 
18:38-Tue-Mar-14-2017 PM10  |   6.57 |   6.72 |  30.27 |   6.59 |I I 
18:38-Tue-Mar-14-2017 PM2.5 |   4.23 |   4.16 |  11.17 |   4.05 |I I 
18:39-Tue-Mar-14-2017 PM10  |   9.33 |   6.88 |  30.27 |   6.59 |I I 
18:39-Tue-Mar-14-2017 PM2.5 |   4.23 |   4.16 |  11.17 |   4.05 |I I 
18:43-Tue-Mar-14-2017 PM10  |   6.99 |   6.88 |  30.27 |   6.59 |I I 
18:43-Tue-Mar-14-2017 PM2.5 |   4.22 |   4.16 |  11.17 |   4.05 |I I 
18:44-Tue-Mar-14-2017 PM10  |   9.78 |   7.04 |  30.27 |   6.59 |I I 
18:44-Tue-Mar-14-2017 PM2.5 |   4.70 |   4.19 |  11.17 |   4.05 |I I 
18:48-Tue-Mar-14-2017 PM10  |   7.49 |   7.06 |  30.27 |   6.59 |I I 
18:48-Tue-Mar-14-2017 PM2.5 |   4.46 |   4.21 |  11.17 |   4.05 |I I 
18:49-Tue-Mar-14-2017 PM10  |  12.03 |   7.30 |  30.27 |   6.59 |I I 
18:49-Tue-Mar-14-2017 PM2.5 |   4.80 |   4.23 |  11.17 |   4.05 |I I 
18:53-Tue-Mar-14-2017 PM10  |   8.01 |   7.33 |  30.27 |   6.59 |I I 
18:53-Tue-Mar-14-2017 PM2.5 |   4.83 |   4.26 |  11.17 |   4.05 |I I 
18:54-Tue-Mar-14-2017 PM10  |   8.01 |   7.36 |  30.27 |   6.59 |I I 
18:54-Tue-Mar-14-2017 PM2.5 |   4.83 |   4.29 |  11.17 |   4.05 |I I 
18:55-Tue-Mar-14-2017 PM10  |  10.63 |   7.49 |  30.27 |   6.59 |I I 
18:55-Tue-Mar-14-2017 PM2.5 |   4.91 |   4.31 |  11.17 |   4.05 |I I 
18:59-Tue-Mar-14-2017 PM10  |   7.77 |   7.51 |  30.27 |   6.59 |I I 
18:59-Tue-Mar-14-2017 PM2.5 |   4.92 |   4.34 |  11.17 |   4.05 |I I 
19:00-Tue-Mar-14-2017 PM10  |   8.00 |   7.52 |  30.27 |   6.59 |I I 
19:00-Tue-Mar-14-2017 PM2.5 |   4.79 |   4.35 |  11.17 |   4.05 |I I 
19:04-Tue-Mar-14-2017 PM10  |   8.06 |   8.06 |  30.27 |   6.59 |I I 
19:04-Tue-Mar-14-2017 PM2.5 |   4.59 |   4.59 |  11.17 |   4.05 |I I 
19:05-Tue-Mar-14-2017 PM10  |   7.60 |   7.83 |  30.27 |   6.59 |I I 
19:05-Tue-Mar-14-2017 PM2.5 |   4.52 |   4.55 |  11.17 |   4.05 |I I 
19:09-Tue-Mar-14-2017 PM10  |   8.35 |   8.00 |  30.27 |   6.59 |I I 
19:09-Tue-Mar-14-2017 PM2.5 |   4.88 |   4.66 |  11.17 |   4.05 |I I 
19:10-Tue-Mar-14-2017 PM10  |   7.16 |   7.79 |  30.27 |   6.59 |I I 
19:10-Tue-Mar-14-2017 PM2.5 |   4.26 |   4.56 |  11.17 |   4.05 |I I 
19:14-Tue-Mar-14-2017 PM10  |   6.76 |   7.59 |  30.27 |   6.59 |I I 
19:14-Tue-Mar-14-2017 PM2.5 |   4.44 |   4.54 |  11.17 |   4.05 |I I 
19:15-Tue-Mar-14-2017 PM10  |   8.05 |   7.66 |  30.27 |   6.59 |I I 
19:15-Tue-Mar-14-2017 PM2.5 |   4.64 |   4.55 |  11.17 |   4.05 |I I 
19:19-Tue-Mar-14-2017 PM10  |   8.20 |   7.74 |  30.27 |   6.59 |I I 
19:19-Tue-Mar-14-2017 PM2.5 |   4.84 |   4.59 |  11.17 |   4.05 |I I 
19:20-Tue-Mar-14-2017 PM10  |   7.88 |   7.76 |  30.27 |   6.59 |I I 
19:20-Tue-Mar-14-2017 PM2.5 |   4.71 |   4.61 |  11.17 |   4.05 |I I 
19:21-Tue-Mar-14-2017 PM10  |   7.88 |   7.77 |  30.27 |   6.59 |I I 
19:21-Tue-Mar-14-2017 PM2.5 |   4.71 |   4.62 |  11.17 |   4.05 |I I 
19:25-Tue-Mar-14-2017 PM10  |  10.05 |   8.00 |  30.27 |   6.59 |I I 
19:25-Tue-Mar-14-2017 PM2.5 |   4.96 |   4.65 |  11.17 |   4.05 |I I 
19:26-Tue-Mar-14-2017 PM10  |  11.93 |   8.36 |  30.27 |   6.59 |I I 
19:26-Tue-Mar-14-2017 PM2.5 |   5.30 |   4.71 |  11.17 |   4.05 |I I 
19:30-Tue-Mar-14-2017 PM10  |  11.48 |   8.62 |  30.27 |   6.59 |I I 
19:30-Tue-Mar-14-2017 PM2.5 |   4.92 |   4.73 |  11.17 |   4.05 |I I 
19:31-Tue-Mar-14-2017 PM10  |  12.49 |   8.92 |  30.27 |   6.59 |I I 
19:31-Tue-Mar-14-2017 PM2.5 |   4.94 |   4.75 |  11.17 |   4.05 |I I 
19:35-Tue-Mar-14-2017 PM10  |  13.59 |   9.25 |  30.27 |   6.59 |I I 
19:35-Tue-Mar-14-2017 PM2.5 |   5.35 |   4.79 |  11.17 |   4.05 |I I 
19:36-Tue-Mar-14-2017 PM10  |  10.53 |   9.33 |  30.27 |   6.59 |I I 
19:36-Tue-Mar-14-2017 PM2.5 |   5.44 |   4.83 |  11.17 |   4.05 |I I 
19:40-Tue-Mar-14-2017 PM10  |  12.57 |   9.54 |  30.27 |   6.59 |I I 
19:40-Tue-Mar-14-2017 PM2.5 |   5.68 |   4.89 |  11.17 |   4.05 |I I 
19:41-Tue-Mar-14-2017 PM10  |   9.47 |   9.53 |  30.27 |   6.59 |I I 
19:41-Tue-Mar-14-2017 PM2.5 |   4.96 |   4.89 |  11.17 |   4.05 |I I 
19:45-Tue-Mar-14-2017 PM10  |  13.11 |   9.73 |  30.27 |   6.59 |I I 
19:45-Tue-Mar-14-2017 PM2.5 |   5.27 |   4.91 |  11.17 |   4.05 |I I 
19:46-Tue-Mar-14-2017 PM10  |  11.22 |   9.81 |  30.27 |   6.59 |I I 
19:46-Tue-Mar-14-2017 PM2.5 |   5.17 |   4.92 |  11.17 |   4.05 |I I 
19:47-Tue-Mar-14-2017 PM10  |  11.22 |   9.88 |  30.27 |   6.59 |I I 
19:47-Tue-Mar-14-2017 PM2.5 |   5.17 |   4.94 |  11.17 |   4.05 |I I 
19:51-Tue-Mar-14-2017 PM10  |  10.78 |   9.92 |  30.27 |   6.59 |I I 
19:51-Tue-Mar-14-2017 PM2.5 |   5.24 |   4.95 |  11.17 |   4.05 |I I 
19:52-Tue-Mar-14-2017 PM10  |  12.92 |  10.06 |  30.27 |   6.59 |I I 
19:52-Tue-Mar-14-2017 PM2.5 |   5.37 |   4.97 |  11.17 |   4.05 |I I 
19:56-Tue-Mar-14-2017 PM10  |  12.85 |  10.18 |  30.27 |   6.59 |I I 
19:56-Tue-Mar-14-2017 PM2.5 |   5.75 |   5.00 |  11.17 |   4.05 |I I 
19:57-Tue-Mar-14-2017 PM10  |   9.67 |  10.16 |  30.27 |   6.59 |I I 
19:57-Tue-Mar-14-2017 PM2.5 |   5.56 |   5.03 |  11.17 |   4.05 |I I 
20:01-Tue-Mar-14-2017 PM10  |   9.53 |  10.13 |  30.27 |   6.59 |I I 
20:01-Tue-Mar-14-2017 PM2.5 |   5.76 |   5.06 |  11.17 |   4.05 |I I 
20:03-Tue-Mar-14-2017 PM10  |  12.09 |  12.09 |  30.27 |   6.59 |I I 
20:03-Tue-Mar-14-2017 PM2.5 |   5.53 |   5.53 |  11.17 |   4.05 |I I 
20:07-Tue-Mar-14-2017 PM10  |  10.63 |  11.36 |  30.27 |   6.59 |I I 
20:07-Tue-Mar-14-2017 PM2.5 |   5.63 |   5.58 |  11.17 |   4.05 |I I 
20:08-Tue-Mar-14-2017 PM10  |  13.09 |  11.94 |  30.27 |   6.59 |I I 
20:08-Tue-Mar-14-2017 PM2.5 |   5.42 |   5.53 |  11.17 |   4.05 |I I 
20:12-Tue-Mar-14-2017 PM10  |  15.52 |  12.83 |  30.27 |   6.59 |I I 
20:12-Tue-Mar-14-2017 PM2.5 |   5.76 |   5.58 |  11.17 |   4.05 |I I 
20:13-Tue-Mar-14-2017 PM10  |  11.07 |  12.48 |  30.27 |   6.59 |I I 
20:13-Tue-Mar-14-2017 PM2.5 |   5.50 |   5.57 |  11.17 |   4.05 |I I 
20:14-Tue-Mar-14-2017 PM10  |  11.07 |  12.24 |  30.27 |   6.59 |I I 
20:14-Tue-Mar-14-2017 PM2.5 |   5.50 |   5.55 |  11.17 |   4.05 |I I 
20:17-Tue-Mar-14-2017 PM10  |  12.95 |  12.35 |  30.27 |   6.59 |I I 
20:17-Tue-Mar-14-2017 PM2.5 |   5.90 |   5.60 |  11.17 |   4.05 |I I 
20:18-Tue-Mar-14-2017 PM10  |  12.95 |  12.42 |  30.27 |   6.59 |I I 
20:18-Tue-Mar-14-2017 PM2.5 |   5.90 |   5.64 |  11.17 |   4.05 |I I 
20:19-Tue-Mar-14-2017 PM10  |  12.16 |  12.39 |  30.27 |   6.59 |I I 
20:19-Tue-Mar-14-2017 PM2.5 |   5.36 |   5.61 |  11.17 |   4.05 |I I 
20:23-Tue-Mar-14-2017 PM10  |  11.55 |  12.31 |  30.27 |   6.59 |I I 
20:23-Tue-Mar-14-2017 PM2.5 |   5.75 |   5.62 |  11.17 |   4.05 |I I 
20:24-Tue-Mar-14-2017Timeout Event handler
20:24-Tue-Mar-14-2017 PM10  |  12.66 |  12.34 |  30.27 |   6.59 |B I 
20:24-Tue-Mar-14-2017 PM2.5 |   5.93 |   5.65 |  11.17 |   4.05 |B I 
20:28-Tue-Mar-14-2017recover dati per host :salvatorehost.no-ip.org/aria
20:28-Tue-Mar-14-2017 PM10  |  18.36 |  12.84 |  30.27 |   6.59 |I I 
20:28-Tue-Mar-14-2017 PM2.5 |   6.03 |   5.68 |  11.17 |   4.05 |I I 
20:29-Tue-Mar-14-2017 PM10  |  12.22 |  12.79 |  30.27 |   6.59 |I I 
20:29-Tue-Mar-14-2017 PM2.5 |   5.69 |   5.68 |  11.17 |   4.05 |I I 
20:33-Tue-Mar-14-2017 PM10  |  10.32 |  12.62 |  30.27 |   6.59 |I I 
20:33-Tue-Mar-14-2017 PM2.5 |   5.90 |   5.70 |  11.17 |   4.05 |I I 
20:34-Tue-Mar-14-2017 PM10  |  12.06 |  12.58 |  30.27 |   6.59 |I I 
20:34-Tue-Mar-14-2017 PM2.5 |   5.82 |   5.71 |  11.17 |   4.05 |I I 
20:38-Tue-Mar-14-2017 PM10  |  13.32 |  12.63 |  30.27 |   6.59 |I I 
20:38-Tue-Mar-14-2017 PM2.5 |   6.07 |   5.73 |  11.17 |   4.05 |I I 
20:39-Tue-Mar-14-2017 PM10  |  13.74 |  12.69 |  30.27 |   6.59 |I I 
20:39-Tue-Mar-14-2017 PM2.5 |   5.80 |   5.73 |  11.17 |   4.05 |I I 
20:43-Tue-Mar-14-2017 PM10  |  11.12 |  12.60 |  30.27 |   6.59 |I I 
20:43-Tue-Mar-14-2017 PM2.5 |   6.38 |   5.77 |  11.17 |   4.05 |I I 
20:44-Tue-Mar-14-2017 PM10  |  11.12 |  12.53 |  30.27 |   6.59 |I I 
20:44-Tue-Mar-14-2017 PM2.5 |   6.38 |   5.80 |  11.17 |   4.05 |I I 
20:45-Tue-Mar-14-2017 PM10  |  11.22 |  12.46 |  30.27 |   6.59 |I I 
20:45-Tue-Mar-14-2017 PM2.5 |   6.12 |   5.82 |  11.17 |   4.05 |I I 
20:49-Tue-Mar-14-2017 PM10  |  12.51 |  12.46 |  30.27 |   6.59 |I I 
20:49-Tue-Mar-14-2017 PM2.5 |   5.74 |   5.81 |  11.17 |   4.05 |I I 
20:50-Tue-Mar-14-2017 PM10  |  11.59 |  12.42 |  30.27 |   6.59 |I I 
20:50-Tue-Mar-14-2017 PM2.5 |   5.90 |   5.82 |  11.17 |   4.05 |I I 
20:54-Tue-Mar-14-2017 PM10  |  14.41 |  12.51 |  30.27 |   6.59 |I I 
20:54-Tue-Mar-14-2017 PM2.5 |   6.35 |   5.84 |  11.17 |   4.05 |I I 
20:55-Tue-Mar-14-2017 PM10  |  12.49 |  12.51 |  30.27 |   6.59 |I I 
20:55-Tue-Mar-14-2017 PM2.5 |   6.13 |   5.85 |  11.17 |   4.05 |I I 
20:59-Tue-Mar-14-2017 PM10  |  11.02 |  12.45 |  30.27 |   6.59 |I I 
20:59-Tue-Mar-14-2017 PM2.5 |   5.92 |   5.86 |  11.17 |   4.05 |I I 
21:00-Tue-Mar-14-2017 PM10  |  23.63 |  12.88 |  30.27 |   6.59 |I I 
21:00-Tue-Mar-14-2017 PM2.5 |   6.22 |   5.87 |  11.17 |   4.05 |I I 
21:04-Tue-Mar-14-2017 PM10  |  13.63 |  13.63 |  30.27 |   6.59 |I I 
21:04-Tue-Mar-14-2017 PM2.5 |   5.89 |   5.89 |  11.17 |   4.05 |I I 
21:05-Tue-Mar-14-2017 PM10  |  10.55 |  12.09 |  30.27 |   6.59 |I I 
21:05-Tue-Mar-14-2017 PM2.5 |   5.97 |   5.93 |  11.17 |   4.05 |I I 
21:09-Tue-Mar-14-2017 PM10  |  11.89 |  12.02 |  30.27 |   6.59 |I I 
21:09-Tue-Mar-14-2017 PM2.5 |   5.95 |   5.94 |  11.17 |   4.05 |I I 
21:10-Tue-Mar-14-2017 PM10  |  11.60 |  11.92 |  30.27 |   6.59 |I I 
21:10-Tue-Mar-14-2017 PM2.5 |   5.91 |   5.93 |  11.17 |   4.05 |I I 
21:11-Tue-Mar-14-2017 PM10  |  11.60 |  11.86 |  30.27 |   6.59 |I I 
21:11-Tue-Mar-14-2017 PM2.5 |   5.91 |   5.93 |  11.17 |   4.05 |I I 
21:15-Tue-Mar-14-2017 PM10  |  13.66 |  12.16 |  30.27 |   6.59 |I I 
21:15-Tue-Mar-14-2017 PM2.5 |   6.13 |   5.96 |  11.17 |   4.05 |I I 
21:16-Tue-Mar-14-2017 PM10  |  12.04 |  12.14 |  30.27 |   6.59 |I I 
21:16-Tue-Mar-14-2017 PM2.5 |   5.84 |   5.94 |  11.17 |   4.05 |I I 
21:20-Tue-Mar-14-2017 PM10  |  14.20 |  12.40 |  30.27 |   6.59 |I I 
21:20-Tue-Mar-14-2017 PM2.5 |   6.24 |   5.98 |  11.17 |   4.05 |I I 
21:21-Tue-Mar-14-2017 PM10  |  12.33 |  12.39 |  30.27 |   6.59 |I I 
21:21-Tue-Mar-14-2017 PM2.5 |   6.13 |   6.00 |  11.17 |   4.05 |I I 
21:25-Tue-Mar-14-2017 PM10  |  13.11 |  12.46 |  30.27 |   6.59 |I I 
21:25-Tue-Mar-14-2017 PM2.5 |   6.23 |   6.02 |  11.17 |   4.05 |I I 
21:26-Tue-Mar-14-2017 PM10  |  11.78 |  12.40 |  30.27 |   6.59 |I I 
21:26-Tue-Mar-14-2017 PM2.5 |   5.40 |   5.96 |  11.17 |   4.05 |I I 
21:30-Tue-Mar-14-2017 PM10  |  10.62 |  12.25 |  30.27 |   6.59 |I I 
21:30-Tue-Mar-14-2017 PM2.5 |   5.94 |   5.96 |  11.17 |   4.05 |I I 
21:31-Tue-Mar-14-2017 PM10  |  13.88 |  12.38 |  30.27 |   6.59 |I I 
21:31-Tue-Mar-14-2017 PM2.5 |   6.02 |   5.97 |  11.17 |   4.05 |I I 
21:35-Tue-Mar-14-2017 PM10  |  15.20 |  12.58 |  30.27 |   6.59 |I I 
21:35-Tue-Mar-14-2017 PM2.5 |   6.36 |   5.99 |  11.17 |   4.05 |I I 
21:36-Tue-Mar-14-2017 PM10  |  10.38 |  12.43 |  30.27 |   6.59 |I I 
21:36-Tue-Mar-14-2017 PM2.5 |   5.62 |   5.97 |  11.17 |   4.05 |I I 
21:37-Tue-Mar-14-2017 PM10  |  10.38 |  12.30 |  30.27 |   6.59 |I I 
21:37-Tue-Mar-14-2017 PM2.5 |   5.62 |   5.95 |  11.17 |   4.05 |I I 
21:41-Tue-Mar-14-2017 PM10  |  12.02 |  12.29 |  30.27 |   6.59 |I I 
21:41-Tue-Mar-14-2017 PM2.5 |   5.98 |   5.95 |  11.17 |   4.05 |I I 
21:42-Tue-Mar-14-2017 PM10  |  10.13 |  12.17 |  30.27 |   6.59 |I I 
21:42-Tue-Mar-14-2017 PM2.5 |   5.80 |   5.94 |  11.17 |   4.05 |I I 
21:46-Tue-Mar-14-2017 PM10  |   9.48 |  12.03 |  30.27 |   6.59 |I I 
21:46-Tue-Mar-14-2017 PM2.5 |   5.53 |   5.92 |  11.17 |   4.05 |I I 
21:47-Tue-Mar-14-2017 PM10  |  10.16 |  11.93 |  30.27 |   6.59 |I I 
21:47-Tue-Mar-14-2017 PM2.5 |   5.60 |   5.90 |  11.17 |   4.05 |I I 
21:51-Tue-Mar-14-2017 PM10  |  12.97 |  11.98 |  30.27 |   6.59 |I I 
21:51-Tue-Mar-14-2017 PM2.5 |   6.05 |   5.91 |  11.17 |   4.05 |I I 
21:52-Tue-Mar-14-2017 PM10  |  10.17 |  11.90 |  30.27 |   6.59 |I I 
21:52-Tue-Mar-14-2017 PM2.5 |   5.63 |   5.90 |  11.17 |   4.05 |I I 
21:56-Tue-Mar-14-2017 PM10  |  13.35 |  11.96 |  30.27 |   6.59 |I I 
21:56-Tue-Mar-14-2017 PM2.5 |   6.17 |   5.91 |  11.17 |   4.05 |I I 
21:57-Tue-Mar-14-2017 PM10  |  12.84 |  12.00 |  30.27 |   6.59 |I I 
21:57-Tue-Mar-14-2017 PM2.5 |   6.00 |   5.91 |  11.17 |   4.05 |I I 
22:01-Tue-Mar-14-2017 PM10  |  13.30 |  12.05 |  30.27 |   6.59 |I I 
22:01-Tue-Mar-14-2017 PM2.5 |   6.54 |   5.94 |  11.17 |   4.05 |I I 
22:02-Tue-Mar-14-2017 PM10  |  12.66 |  12.66 |  30.27 |   6.59 |I I 
22:02-Tue-Mar-14-2017 PM2.5 |   6.03 |   6.03 |  11.17 |   4.05 |I I 
22:03-Tue-Mar-14-2017 PM10  |  12.66 |  12.66 |  30.27 |   6.59 |I I 
22:03-Tue-Mar-14-2017 PM2.5 |   6.03 |   6.03 |  11.17 |   4.05 |I I 
22:07-Tue-Mar-14-2017 PM10  |  15.04 |  13.45 |  30.27 |   6.59 |I I 
22:07-Tue-Mar-14-2017 PM2.5 |   6.24 |   6.10 |  11.17 |   4.05 |I I 
22:08-Tue-Mar-14-2017 PM10  |  12.21 |  13.14 |  30.27 |   6.59 |I I 
22:08-Tue-Mar-14-2017 PM2.5 |   6.10 |   6.10 |  11.17 |   4.05 |I I 
22:12-Tue-Mar-14-2017 PM10  |  12.99 |  13.11 |  30.27 |   6.59 |I I 
22:12-Tue-Mar-14-2017 PM2.5 |   5.91 |   6.06 |  11.17 |   4.05 |I I 
22:13-Tue-Mar-14-2017 PM10  |  12.10 |  12.94 |  30.27 |   6.59 |I I 
22:13-Tue-Mar-14-2017 PM2.5 |   6.08 |   6.06 |  11.17 |   4.05 |I I 
22:17-Tue-Mar-14-2017 PM10  |  15.79 |  13.35 |  30.27 |   6.59 |I I 
22:17-Tue-Mar-14-2017 PM2.5 |   5.97 |   6.05 |  11.17 |   4.05 |I I 
22:18-Tue-Mar-14-2017 PM10  |  12.73 |  13.27 |  30.27 |   6.59 |I I 
22:18-Tue-Mar-14-2017 PM2.5 |   5.66 |   6.00 |  11.17 |   4.05 |I I 
22:22-Tue-Mar-14-2017 PM10  |  12.31 |  13.17 |  30.27 |   6.59 |I I 
22:22-Tue-Mar-14-2017 PM2.5 |   5.67 |   5.97 |  11.17 |   4.05 |I I 
22:23-Tue-Mar-14-2017 PM10  |  10.65 |  12.92 |  30.27 |   6.59 |I I 
22:23-Tue-Mar-14-2017 PM2.5 |   5.56 |   5.92 |  11.17 |   4.05 |I I 
22:27-Tue-Mar-14-2017 PM10  |   9.85 |  12.64 |  30.27 |   6.59 |I I 
22:27-Tue-Mar-14-2017 PM2.5 |   5.81 |   5.91 |  11.17 |   4.05 |I I 
22:28-Tue-Mar-14-2017 PM10  |  10.70 |  12.47 |  30.27 |   6.59 |I I 
22:28-Tue-Mar-14-2017 PM2.5 |   5.59 |   5.89 |  11.17 |   4.05 |I I 
22:29-Tue-Mar-14-2017 PM10  |  10.70 |  12.34 |  30.27 |   6.59 |I I 
22:29-Tue-Mar-14-2017 PM2.5 |   5.59 |   5.86 |  11.17 |   4.05 |I I 
22:33-Tue-Mar-14-2017 PM10  |  13.58 |  12.43 |  30.27 |   6.59 |I I 
22:33-Tue-Mar-14-2017 PM2.5 |   5.77 |   5.86 |  11.17 |   4.05 |I I 
22:35-Tue-Mar-14-2017 PM10  |  13.08 |  12.47 |  30.27 |   6.59 |I I 
22:35-Tue-Mar-14-2017 PM2.5 |   5.59 |   5.84 |  11.17 |   4.05 |I I 
22:39-Tue-Mar-14-2017 PM10  |  11.95 |  12.44 |  30.27 |   6.59 |I I 
22:39-Tue-Mar-14-2017 PM2.5 |   5.86 |   5.84 |  11.17 |   4.05 |I I 
22:40-Tue-Mar-14-2017 PM10  |  11.00 |  12.35 |  30.27 |   6.59 |I I 
22:40-Tue-Mar-14-2017 PM2.5 |   6.02 |   5.85 |  11.17 |   4.05 |I I 
22:44-Tue-Mar-14-2017 PM10  |  10.90 |  12.27 |  30.27 |   6.59 |I I 
22:44-Tue-Mar-14-2017 PM2.5 |   5.65 |   5.84 |  11.17 |   4.05 |I I 
22:45-Tue-Mar-14-2017 PM10  |  12.41 |  12.28 |  30.27 |   6.59 |I I 
22:45-Tue-Mar-14-2017 PM2.5 |   6.38 |   5.87 |  11.17 |   4.05 |I I 
22:49-Tue-Mar-14-2017 PM10  |  10.79 |  12.21 |  30.27 |   6.59 |I I 
22:49-Tue-Mar-14-2017 PM2.5 |   6.12 |   5.88 |  11.17 |   4.05 |I I 
22:50-Tue-Mar-14-2017 PM10  |  11.22 |  12.16 |  30.27 |   6.59 |I I 
22:50-Tue-Mar-14-2017 PM2.5 |   5.89 |   5.88 |  11.17 |   4.05 |I I 
22:54-Tue-Mar-14-2017 PM10  |  12.00 |  12.15 |  30.27 |   6.59 |I I 
22:54-Tue-Mar-14-2017 PM2.5 |   6.26 |   5.90 |  11.17 |   4.05 |I I 
22:55-Tue-Mar-14-2017 PM10  |  11.62 |  12.13 |  30.27 |   6.59 |I I 
22:55-Tue-Mar-14-2017 PM2.5 |   6.12 |   5.91 |  11.17 |   4.05 |I I 
22:59-Tue-Mar-14-2017 PM10  |  10.85 |  12.07 |  30.27 |   6.59 |I I 
22:59-Tue-Mar-14-2017 PM2.5 |   6.24 |   5.92 |  11.17 |   4.05 |I I 
23:00-Tue-Mar-14-2017 PM10  |  10.85 |  12.03 |  30.27 |   6.59 |I I 
23:00-Tue-Mar-14-2017 PM2.5 |   6.24 |   5.94 |  11.17 |   4.05 |I I 
23:01-Tue-Mar-14-2017 PM10  |  10.61 |  10.61 |  30.27 |   6.59 |I I 
23:01-Tue-Mar-14-2017 PM2.5 |   5.87 |   5.87 |  11.17 |   4.05 |I I 
23:05-Tue-Mar-14-2017 PM10  |   9.34 |   9.98 |  30.27 |   6.59 |I I 
23:05-Tue-Mar-14-2017 PM2.5 |   5.74 |   5.80 |  11.17 |   4.05 |I I 
23:06-Tue-Mar-14-2017 PM10  |  13.96 |  11.30 |  30.27 |   6.59 |I I 
23:06-Tue-Mar-14-2017 PM2.5 |   5.95 |   5.85 |  11.17 |   4.05 |I I 
23:10-Tue-Mar-14-2017 PM10  |  13.34 |  11.81 |  30.27 |   6.59 |I I 
23:10-Tue-Mar-14-2017 PM2.5 |   6.04 |   5.90 |  11.17 |   4.05 |I I 
23:11-Tue-Mar-14-2017 PM10  |  11.11 |  11.67 |  30.27 |   6.59 |I I 
23:11-Tue-Mar-14-2017 PM2.5 |   6.17 |   5.95 |  11.17 |   4.05 |I I 
23:15-Tue-Mar-14-2017 PM10  |  12.67 |  11.84 |  30.27 |   6.59 |I I 
23:15-Tue-Mar-14-2017 PM2.5 |   5.89 |   5.94 |  11.17 |   4.05 |I I 
23:16-Tue-Mar-14-2017 PM10  |   9.37 |  11.49 |  30.27 |   6.59 |I I 
23:16-Tue-Mar-14-2017 PM2.5 |   5.73 |   5.91 |  11.17 |   4.05 |I I 
23:20-Tue-Mar-14-2017 PM10  |   9.53 |  11.24 |  30.27 |   6.59 |I I 
23:20-Tue-Mar-14-2017 PM2.5 |   5.93 |   5.91 |  11.17 |   4.05 |I I 
23:21-Tue-Mar-14-2017 PM10  |  12.10 |  11.34 |  30.27 |   6.59 |I I 
23:21-Tue-Mar-14-2017 PM2.5 |   5.78 |   5.90 |  11.17 |   4.05 |I I 
23:25-Tue-Mar-14-2017 PM10  |  11.08 |  11.31 |  30.27 |   6.59 |I I 
23:25-Tue-Mar-14-2017 PM2.5 |   5.82 |   5.89 |  11.17 |   4.05 |I I 
23:26-Tue-Mar-14-2017 PM10  |  11.08 |  11.29 |  30.27 |   6.59 |I I 
23:26-Tue-Mar-14-2017 PM2.5 |   5.82 |   5.89 |  11.17 |   4.05 |I I 
23:27-Tue-Mar-14-2017 PM10  |  12.97 |  11.43 |  30.27 |   6.59 |I I 
23:27-Tue-Mar-14-2017 PM2.5 |   6.28 |   5.92 |  11.17 |   4.05 |I I 
23:31-Tue-Mar-14-2017 PM10  |  12.61 |  11.52 |  30.27 |   6.59 |I I 
23:31-Tue-Mar-14-2017 PM2.5 |   6.16 |   5.94 |  11.17 |   4.05 |I I 
23:32-Tue-Mar-14-2017 PM10  |   9.61 |  11.38 |  30.27 |   6.59 |I I 
23:32-Tue-Mar-14-2017 PM2.5 |   5.59 |   5.91 |  11.17 |   4.05 |I I 
23:36-Tue-Mar-14-2017 PM10  |  11.01 |  11.36 |  30.27 |   6.59 |I I 
23:36-Tue-Mar-14-2017 PM2.5 |   6.13 |   5.93 |  11.17 |   4.05 |I I 
23:37-Tue-Mar-14-2017 PM10  |  11.31 |  11.36 |  30.27 |   6.59 |I I 
23:37-Tue-Mar-14-2017 PM2.5 |   5.91 |   5.93 |  11.17 |   4.05 |I I 
23:41-Tue-Mar-14-2017 PM10  |  10.19 |  11.29 |  30.27 |   6.59 |I I 
23:41-Tue-Mar-14-2017 PM2.5 |   5.70 |   5.91 |  11.17 |   4.05 |I I 
23:42-Tue-Mar-14-2017 PM10  |  13.80 |  11.43 |  30.27 |   6.59 |I I 
23:42-Tue-Mar-14-2017 PM2.5 |   6.01 |   5.92 |  11.17 |   4.05 |I I 
23:46-Tue-Mar-14-2017 PM10  |  10.67 |  11.39 |  30.27 |   6.59 |I I 
23:46-Tue-Mar-14-2017 PM2.5 |   5.82 |   5.91 |  11.17 |   4.05 |I I 
23:47-Tue-Mar-14-2017 PM10  |  10.86 |  11.36 |  30.27 |   6.59 |I I 
23:47-Tue-Mar-14-2017 PM2.5 |   5.31 |   5.88 |  11.17 |   4.05 |I I 
23:51-Tue-Mar-14-2017 PM10  |  12.38 |  11.41 |  30.27 |   6.59 |I I 
23:51-Tue-Mar-14-2017 PM2.5 |   5.56 |   5.87 |  11.17 |   4.05 |I I 
23:52-Tue-Mar-14-2017 PM10  |  12.38 |  11.45 |  30.27 |   6.59 |I I 
23:52-Tue-Mar-14-2017 PM2.5 |   5.56 |   5.85 |  11.17 |   4.05 |I I 
23:53-Tue-Mar-14-2017 PM10  |  10.46 |  11.41 |  30.27 |   6.59 |I I 
23:53-Tue-Mar-14-2017 PM2.5 |   5.58 |   5.84 |  11.17 |   4.05 |I I 
23:57-Tue-Mar-14-2017 PM10  |  11.91 |  11.43 |  30.27 |   6.59 |I I 
23:57-Tue-Mar-14-2017 PM2.5 |   6.07 |   5.85 |  11.17 |   4.05 |I I 
23:58-Tue-Mar-14-2017 PM10  |  10.82 |  11.41 |  30.27 |   6.59 |I I 
23:58-Tue-Mar-14-2017 PM2.5 |   5.79 |   5.85 |  11.17 |   4.05 |I I 
00:02-Wed-Mar-15-2017 PM10  |  10.61 |  11.38 |  30.27 |   6.59 |I I 
