[Tue Apr  4 00:01:08 2017] Report del giorno Tuesday April 04 2017 -- INVIATO a centraline@googlegroups.com
00:01-Tue-Apr-04-2017 PM2.5 |   7.21 |   7.07 |  10.84 |   7.07 |I I 
00:02-Tue-Apr-04-2017 PM10  |  11.22 |  11.22 |   0.00 |  2000.00|I I 
00:02-Tue-Apr-04-2017 PM2.5 |   6.92 |   6.92 |   0.00 |  2000.00|I I 
00:06-Tue-Apr-04-2017 PM10  |  10.63 |  10.93 |   0.00 |  2000.00|I I 
00:06-Tue-Apr-04-2017 PM2.5 |   6.88 |   6.90 |   0.00 |  2000.00|I I 
00:07-Tue-Apr-04-2017 PM10  |  10.41 |  10.75 |   0.00 |  2000.00|I I 
00:07-Tue-Apr-04-2017 PM2.5 |   6.77 |   6.86 |   0.00 |  2000.00|I I 
00:11-Tue-Apr-04-2017 PM10  |  11.62 |  10.97 |   0.00 |  2000.00|I I 
00:11-Tue-Apr-04-2017 PM2.5 |   7.07 |   6.91 |   0.00 |  2000.00|I I 
00:12-Tue-Apr-04-2017 PM10  |  10.77 |  10.93 |   0.00 |  2000.00|I I 
00:12-Tue-Apr-04-2017 PM2.5 |   6.84 |   6.90 |   0.00 |  2000.00|I I 
00:16-Tue-Apr-04-2017 PM10  |  11.70 |  11.06 |   0.00 |  2000.00|I I 
00:16-Tue-Apr-04-2017 PM2.5 |   6.72 |   6.87 |   0.00 |  2000.00|I I 
00:17-Tue-Apr-04-2017 PM10  |  11.67 |  11.15 |   0.00 |  2000.00|I I 
00:17-Tue-Apr-04-2017 PM2.5 |   6.82 |   6.86 |   0.00 |  2000.00|I I 
00:18-Tue-Apr-04-2017 PM10  |  11.67 |  11.21 |   0.00 |  2000.00|I I 
00:18-Tue-Apr-04-2017 PM2.5 |   6.82 |   6.85 |   0.00 |  2000.00|I I 
00:21-Tue-Apr-04-2017 PM10  |  13.62 |  11.48 |   0.00 |  2000.00|I I 
00:21-Tue-Apr-04-2017 PM2.5 |   7.29 |   6.90 |   0.00 |  2000.00|I I 
00:22-Tue-Apr-04-2017 PM10  |  13.62 |  11.69 |   0.00 |  2000.00|I I 
00:22-Tue-Apr-04-2017 PM2.5 |   7.29 |   6.94 |   0.00 |  2000.00|I I 
00:23-Tue-Apr-04-2017 PM10  |  13.20 |  11.83 |   0.00 |  2000.00|I I 
00:23-Tue-Apr-04-2017 PM2.5 |   7.17 |   6.96 |   0.00 |  2000.00|I I 
00:27-Tue-Apr-04-2017 PM10  |  12.16 |  11.86 |   0.00 |  2000.00|I I 
00:27-Tue-Apr-04-2017 PM2.5 |   7.03 |   6.97 |   0.00 |  2000.00|I I 
00:28-Tue-Apr-04-2017 PM10  |   9.49 |  11.68 |   0.00 |  2000.00|I I 
00:28-Tue-Apr-04-2017 PM2.5 |   6.71 |   6.95 |   0.00 |  2000.00|I I 
00:32-Tue-Apr-04-2017 PM10  |  11.83 |  11.69 |   0.00 |  2000.00|I I 
00:32-Tue-Apr-04-2017 PM2.5 |   7.01 |   6.95 |   0.00 |  2000.00|I I 
00:33-Tue-Apr-04-2017 PM10  |  15.87 |  11.97 |   0.00 |  2000.00|I I 
00:33-Tue-Apr-04-2017 PM2.5 |   7.10 |   6.96 |   0.00 |  2000.00|I I 
00:37-Tue-Apr-04-2017 PM10  |  14.34 |  12.11 |   0.00 |  2000.00|I I 
00:37-Tue-Apr-04-2017 PM2.5 |   7.08 |   6.97 |   0.00 |  2000.00|I I 
00:38-Tue-Apr-04-2017 PM10  |  11.32 |  12.07 |   0.00 |  2000.00|I I 
00:38-Tue-Apr-04-2017 PM2.5 |   7.32 |   6.99 |   0.00 |  2000.00|I I 
00:42-Tue-Apr-04-2017 PM10  |  11.81 |  12.05 |   0.00 |  2000.00|I I 
00:42-Tue-Apr-04-2017 PM2.5 |   7.17 |   7.00 |   0.00 |  2000.00|I I 
00:43-Tue-Apr-04-2017 PM10  |  14.17 |  12.16 |   0.00 |  2000.00|I I 
00:43-Tue-Apr-04-2017 PM2.5 |   7.45 |   7.02 |   0.00 |  2000.00|I I 
00:47-Tue-Apr-04-2017 PM10  |  13.60 |  12.24 |   0.00 |  2000.00|I I 
00:47-Tue-Apr-04-2017 PM2.5 |   7.52 |   7.05 |   0.00 |  2000.00|I I 
00:48-Tue-Apr-04-2017 PM10  |  13.60 |  12.30 |   0.00 |  2000.00|I I 
00:48-Tue-Apr-04-2017 PM2.5 |   7.52 |   7.07 |   0.00 |  2000.00|I I 
00:49-Tue-Apr-04-2017 PM10  |  12.60 |  12.31 |   0.00 |  2000.00|I I 
00:49-Tue-Apr-04-2017 PM2.5 |   6.87 |   7.06 |   0.00 |  2000.00|I I 
00:53-Tue-Apr-04-2017 PM10  |  12.96 |  12.34 |   0.00 |  2000.00|I I 
00:53-Tue-Apr-04-2017 PM2.5 |   7.01 |   7.06 |   0.00 |  2000.00|I I 
00:54-Tue-Apr-04-2017 PM10  |  12.20 |  12.34 |   0.00 |  2000.00|I I 
00:54-Tue-Apr-04-2017 PM2.5 |   7.07 |   7.06 |   0.00 |  2000.00|I I 
00:58-Tue-Apr-04-2017 PM10  |  13.67 |  12.39 |   0.00 |  2000.00|I I 
00:58-Tue-Apr-04-2017 PM2.5 |   6.97 |   7.06 |   0.00 |  2000.00|I I 
00:59-Tue-Apr-04-2017 PM10  |   9.91 |  12.29 |   0.00 |  2000.00|I I 
00:59-Tue-Apr-04-2017 PM2.5 |   7.02 |   7.06 |   0.00 |  2000.00|I I 
01:03-Tue-Apr-04-2017 PM10  |  12.11 |  12.29 |  12.29 |  12.29 |I I 
01:03-Tue-Apr-04-2017 PM2.5 |   6.92 |   7.05 |   7.05 |   7.05 |I I 
01:04-Tue-Apr-04-2017 PM10  |  11.55 |  11.55 |  12.29 |  12.29 |I I 
01:04-Tue-Apr-04-2017 PM2.5 |   6.84 |   6.84 |   7.05 |   7.05 |I I 
01:08-Tue-Apr-04-2017 PM10  |  14.47 |  13.01 |  12.29 |  12.29 |I I 
01:08-Tue-Apr-04-2017 PM2.5 |   7.10 |   6.97 |   7.05 |   7.05 |I I 
01:09-Tue-Apr-04-2017 PM10  |  12.47 |  12.83 |  12.29 |  12.29 |I I 
01:09-Tue-Apr-04-2017 PM2.5 |   6.96 |   6.97 |   7.05 |   7.05 |I I 
01:13-Tue-Apr-04-2017 PM10  |  11.21 |  12.43 |  12.29 |  12.29 |I I 
01:13-Tue-Apr-04-2017 PM2.5 |   7.19 |   7.02 |   7.05 |   7.05 |I I 
01:14-Tue-Apr-04-2017 PM10  |  11.21 |  12.18 |  12.29 |  12.29 |I I 
01:14-Tue-Apr-04-2017 PM2.5 |   7.19 |   7.06 |   7.05 |   7.05 |I I 
01:15-Tue-Apr-04-2017 PM10  |  10.67 |  11.93 |  12.29 |  12.29 |I I 
01:15-Tue-Apr-04-2017 PM2.5 |   6.73 |   7.00 |   7.05 |   7.05 |I I 
01:19-Tue-Apr-04-2017 PM10  |  11.77 |  11.91 |  12.29 |  12.29 |I I 
01:19-Tue-Apr-04-2017 PM2.5 |   7.43 |   7.06 |   7.05 |   7.05 |I I 
01:20-Tue-Apr-04-2017 PM10  |  12.14 |  11.94 |  12.29 |  12.29 |I I 
01:20-Tue-Apr-04-2017 PM2.5 |   7.12 |   7.07 |   7.05 |   7.05 |I I 
01:24-Tue-Apr-04-2017 PM10  |  11.51 |  11.89 |  12.29 |  12.29 |I I 
01:24-Tue-Apr-04-2017 PM2.5 |   7.32 |   7.10 |   7.05 |   7.05 |I I 
01:25-Tue-Apr-04-2017 PM10  |   9.32 |  11.63 |  12.29 |  12.29 |I I 
01:25-Tue-Apr-04-2017 PM2.5 |   6.52 |   7.04 |   7.05 |   7.05 |I I 
01:29-Tue-Apr-04-2017 PM10  |   9.74 |  11.46 |  12.29 |  12.29 |I I 
01:29-Tue-Apr-04-2017 PM2.5 |   6.75 |   7.01 |   7.05 |   7.05 |I I 
01:30-Tue-Apr-04-2017 PM10  |  10.17 |  11.35 |  12.29 |  12.29 |I I 
01:30-Tue-Apr-04-2017 PM2.5 |   6.67 |   6.99 |   7.05 |   7.05 |I I 
01:34-Tue-Apr-04-2017 PM10  |  10.63 |  11.30 |  12.29 |  12.29 |I I 
01:34-Tue-Apr-04-2017 PM2.5 |   6.75 |   6.97 |   7.05 |   7.05 |I I 
01:35-Tue-Apr-04-2017 PM10  |  11.50 |  11.31 |  12.29 |  12.29 |I I 
01:35-Tue-Apr-04-2017 PM2.5 |   6.89 |   6.96 |   7.05 |   7.05 |I I 
01:39-Tue-Apr-04-2017 PM10  |  13.29 |  11.44 |  12.29 |  12.29 |I I 
01:39-Tue-Apr-04-2017 PM2.5 |   7.15 |   6.97 |   7.05 |   7.05 |I I 
01:40-Tue-Apr-04-2017 PM10  |  13.29 |  11.56 |  12.29 |  12.29 |I I 
01:40-Tue-Apr-04-2017 PM2.5 |   7.15 |   6.98 |   7.05 |   7.05 |I I 
01:41-Tue-Apr-04-2017 PM10  |  11.67 |  11.56 |  12.29 |  12.29 |I I 
01:41-Tue-Apr-04-2017 PM2.5 |   6.96 |   6.98 |   7.05 |   7.05 |I I 
01:45-Tue-Apr-04-2017 PM10  |   9.66 |  11.46 |  12.29 |  12.29 |I I 
01:45-Tue-Apr-04-2017 PM2.5 |   6.87 |   6.98 |   7.05 |   7.05 |I I 
01:46-Tue-Apr-04-2017 PM10  |   9.82 |  11.37 |  12.29 |  12.29 |I I 
01:46-Tue-Apr-04-2017 PM2.5 |   6.49 |   6.95 |   7.05 |   7.05 |I I 
01:50-Tue-Apr-04-2017 PM10  |  10.17 |  11.31 |  12.29 |  12.29 |I I 
01:50-Tue-Apr-04-2017 PM2.5 |   6.99 |   6.95 |   7.05 |   7.05 |I I 
01:51-Tue-Apr-04-2017 PM10  |  12.54 |  11.37 |  12.29 |  12.29 |I I 
01:51-Tue-Apr-04-2017 PM2.5 |   7.47 |   6.98 |   7.05 |   7.05 |I I 
01:55-Tue-Apr-04-2017 PM10  |  12.82 |  11.44 |  12.29 |  12.29 |I I 
01:55-Tue-Apr-04-2017 PM2.5 |   7.01 |   6.98 |   7.05 |   7.05 |I I 
01:56-Tue-Apr-04-2017 PM10  |  10.70 |  11.40 |  12.29 |  12.29 |I I 
01:56-Tue-Apr-04-2017 PM2.5 |   7.32 |   6.99 |   7.05 |   7.05 |I I 
02:00-Tue-Apr-04-2017 PM10  |   9.93 |  11.34 |  12.29 |  11.34 |I I 
02:00-Tue-Apr-04-2017 PM2.5 |   7.09 |   7.00 |   7.05 |   7.00 |I I 
02:01-Tue-Apr-04-2017 PM10  |  12.17 |  12.17 |  12.29 |  11.34 |I I 
02:01-Tue-Apr-04-2017 PM2.5 |   6.84 |   6.84 |   7.05 |   7.00 |I I 
02:05-Tue-Apr-04-2017 PM10  |  11.04 |  11.61 |  12.29 |  11.34 |I I 
02:05-Tue-Apr-04-2017 PM2.5 |   7.21 |   7.03 |   7.05 |   7.00 |I I 
02:06-Tue-Apr-04-2017 PM10  |  11.04 |  11.42 |  12.29 |  11.34 |I I 
02:06-Tue-Apr-04-2017 PM2.5 |   7.21 |   7.09 |   7.05 |   7.00 |I I 
02:07-Tue-Apr-04-2017 PM10  |  11.26 |  11.38 |  12.29 |  11.34 |I I 
02:07-Tue-Apr-04-2017 PM2.5 |   7.13 |   7.10 |   7.05 |   7.00 |I I 
02:11-Tue-Apr-04-2017 PM10  |  11.17 |  11.34 |  12.29 |  11.34 |I I 
02:11-Tue-Apr-04-2017 PM2.5 |   6.78 |   7.03 |   7.05 |   7.00 |I I 
02:12-Tue-Apr-04-2017 PM10  |  12.49 |  11.53 |  12.29 |  11.34 |I I 
02:12-Tue-Apr-04-2017 PM2.5 |   6.63 |   6.97 |   7.05 |   7.00 |I I 
02:16-Tue-Apr-04-2017 PM10  |  11.68 |  11.55 |  12.29 |  11.34 |I I 
02:16-Tue-Apr-04-2017 PM2.5 |   7.32 |   7.02 |   7.05 |   7.00 |I I 
02:17-Tue-Apr-04-2017 PM10  |  11.88 |  11.59 |  12.29 |  11.34 |I I 
02:17-Tue-Apr-04-2017 PM2.5 |   6.68 |   6.98 |   7.05 |   7.00 |I I 
02:21-Tue-Apr-04-2017 PM10  |   9.70 |  11.38 |  12.29 |  11.34 |I I 
02:21-Tue-Apr-04-2017 PM2.5 |   6.97 |   6.98 |   7.05 |   7.00 |I I 
02:22-Tue-Apr-04-2017 PM10  |  10.97 |  11.34 |  12.29 |  11.34 |I I 
02:22-Tue-Apr-04-2017 PM2.5 |   6.59 |   6.94 |   7.05 |   7.00 |I I 
02:26-Tue-Apr-04-2017 PM10  |  10.21 |  11.24 |  12.29 |  11.34 |I I 
02:26-Tue-Apr-04-2017 PM2.5 |   6.95 |   6.94 |   7.05 |   7.00 |I I 
02:27-Tue-Apr-04-2017 PM10  |  11.62 |  11.27 |  12.29 |  11.34 |I I 
02:27-Tue-Apr-04-2017 PM2.5 |   7.01 |   6.94 |   7.05 |   7.00 |I I 
02:32-Tue-Apr-04-2017 PM10  |  11.66 |  11.30 |  12.29 |  11.34 |I I 
02:32-Tue-Apr-04-2017 PM2.5 |   6.94 |   6.94 |   7.05 |   7.00 |I I 
02:33-Tue-Apr-04-2017 PM10  |  11.66 |  11.33 |  12.29 |  11.34 |I I 
02:33-Tue-Apr-04-2017 PM2.5 |   6.94 |   6.94 |   7.05 |   7.00 |I I 
02:34-Tue-Apr-04-2017 PM10  |  12.32 |  11.39 |  12.29 |  11.34 |I I 
02:34-Tue-Apr-04-2017 PM2.5 |   6.89 |   6.94 |   7.05 |   7.00 |I I 
02:38-Tue-Apr-04-2017 PM10  |  14.18 |  11.57 |  12.29 |  11.34 |I I 
02:38-Tue-Apr-04-2017 PM2.5 |   7.29 |   6.96 |   7.05 |   7.00 |I I 
02:39-Tue-Apr-04-2017 PM10  |  10.26 |  11.49 |  12.29 |  11.34 |I I 
02:39-Tue-Apr-04-2017 PM2.5 |   6.97 |   6.96 |   7.05 |   7.00 |I I 
02:43-Tue-Apr-04-2017 PM10  |  11.12 |  11.47 |  12.29 |  11.34 |I I 
02:43-Tue-Apr-04-2017 PM2.5 |   7.14 |   6.97 |   7.05 |   7.00 |I I 
02:44-Tue-Apr-04-2017 PM10  |  10.52 |  11.42 |  12.29 |  11.34 |I I 
02:44-Tue-Apr-04-2017 PM2.5 |   6.70 |   6.96 |   7.05 |   7.00 |I I 
02:48-Tue-Apr-04-2017 PM10  |  12.98 |  11.50 |  12.29 |  11.34 |I I 
02:48-Tue-Apr-04-2017 PM2.5 |   7.03 |   6.96 |   7.05 |   7.00 |I I 
02:49-Tue-Apr-04-2017 PM10  |  10.91 |  11.47 |  12.29 |  11.34 |I I 
02:49-Tue-Apr-04-2017 PM2.5 |   6.61 |   6.94 |   7.05 |   7.00 |I I 
02:53-Tue-Apr-04-2017 PM10  |  10.90 |  11.44 |  12.29 |  11.34 |I I 
02:53-Tue-Apr-04-2017 PM2.5 |   6.98 |   6.95 |   7.05 |   7.00 |I I 
02:54-Tue-Apr-04-2017 PM10  |  10.87 |  11.42 |  12.29 |  11.34 |I I 
02:54-Tue-Apr-04-2017 PM2.5 |   6.81 |   6.94 |   7.05 |   7.00 |I I 
02:58-Tue-Apr-04-2017 PM10  |  11.03 |  11.40 |  12.29 |  11.34 |I I 
02:58-Tue-Apr-04-2017 PM2.5 |   6.86 |   6.94 |   7.05 |   7.00 |I I 
02:59-Tue-Apr-04-2017 PM10  |  11.03 |  11.39 |  12.29 |  11.34 |I I 
02:59-Tue-Apr-04-2017 PM2.5 |   6.86 |   6.93 |   7.05 |   7.00 |I I 
03:00-Tue-Apr-04-2017 PM10  |   9.61 |  11.32 |  12.29 |  11.32 |I I 
03:00-Tue-Apr-04-2017 PM2.5 |   6.52 |   6.92 |   7.05 |   6.92 |I I 
03:04-Tue-Apr-04-2017 PM10  |   9.06 |   9.06 |  12.29 |  11.32 |I I 
03:04-Tue-Apr-04-2017 PM2.5 |   6.86 |   6.86 |   7.05 |   6.92 |I I 
03:05-Tue-Apr-04-2017 PM10  |   9.35 |   9.20 |  12.29 |  11.32 |I I 
03:05-Tue-Apr-04-2017 PM2.5 |   6.82 |   6.84 |   7.05 |   6.92 |I I 
03:09-Tue-Apr-04-2017 PM10  |  11.00 |   9.80 |  12.29 |  11.32 |I I 
03:09-Tue-Apr-04-2017 PM2.5 |   6.77 |   6.82 |   7.05 |   6.92 |I I 
03:10-Tue-Apr-04-2017 PM10  |  10.27 |   9.92 |  12.29 |  11.32 |I I 
03:10-Tue-Apr-04-2017 PM2.5 |   6.63 |   6.77 |   7.05 |   6.92 |I I 
03:14-Tue-Apr-04-2017 PM10  |  10.48 |  10.03 |  12.29 |  11.32 |I I 
03:14-Tue-Apr-04-2017 PM2.5 |   6.94 |   6.80 |   7.05 |   6.92 |I I 
03:15-Tue-Apr-04-2017 PM10  |   9.71 |   9.98 |  12.29 |  11.32 |I I 
03:15-Tue-Apr-04-2017 PM2.5 |   6.27 |   6.71 |   7.05 |   6.92 |I I 
03:19-Tue-Apr-04-2017 PM10  |  10.09 |  10.00 |  12.29 |  11.32 |I I 
03:19-Tue-Apr-04-2017 PM2.5 |   6.70 |   6.71 |   7.05 |   6.92 |I I 
03:20-Tue-Apr-04-2017 PM10  |   9.62 |   9.95 |  12.29 |  11.32 |I I 
03:20-Tue-Apr-04-2017 PM2.5 |   6.80 |   6.72 |   7.05 |   6.92 |I I 
03:24-Tue-Apr-04-2017 PM10  |  12.44 |  10.23 |  12.29 |  11.32 |I I 
03:24-Tue-Apr-04-2017 PM2.5 |   7.18 |   6.77 |   7.05 |   6.92 |I I 
03:25-Tue-Apr-04-2017 PM10  |  12.44 |  10.45 |  12.29 |  11.32 |I I 
03:25-Tue-Apr-04-2017 PM2.5 |   7.18 |   6.81 |   7.05 |   6.92 |I I 
03:26-Tue-Apr-04-2017 PM10  |  10.93 |  10.49 |  12.29 |  11.32 |I I 
03:26-Tue-Apr-04-2017 PM2.5 |   7.31 |   6.86 |   7.05 |   6.92 |I I 
03:30-Tue-Apr-04-2017 PM10  |  10.21 |  10.47 |  12.29 |  11.32 |I I 
03:30-Tue-Apr-04-2017 PM2.5 |   6.75 |   6.85 |   7.05 |   6.92 |I I 
03:31-Tue-Apr-04-2017 PM10  |  10.91 |  10.50 |  12.29 |  11.32 |I I 
03:31-Tue-Apr-04-2017 PM2.5 |   7.02 |   6.86 |   7.05 |   6.92 |I I 
03:35-Tue-Apr-04-2017 PM10  |  10.06 |  10.47 |  12.29 |  11.32 |I I 
03:35-Tue-Apr-04-2017 PM2.5 |   7.14 |   6.88 |   7.05 |   6.92 |I I 
03:36-Tue-Apr-04-2017 PM10  |   9.79 |  10.42 |  12.29 |  11.32 |I I 
03:36-Tue-Apr-04-2017 PM2.5 |   7.06 |   6.89 |   7.05 |   6.92 |I I 
03:40-Tue-Apr-04-2017 PM10  |  11.12 |  10.47 |  12.29 |  11.32 |I I 
03:40-Tue-Apr-04-2017 PM2.5 |   6.67 |   6.88 |   7.05 |   6.92 |I I 
03:41-Tue-Apr-04-2017 PM10  |  11.11 |  10.51 |  12.29 |  11.32 |I I 
03:41-Tue-Apr-04-2017 PM2.5 |   6.41 |   6.85 |   7.05 |   6.92 |I I 
03:45-Tue-Apr-04-2017 PM10  |   9.94 |  10.47 |  12.29 |  11.32 |I I 
03:45-Tue-Apr-04-2017 PM2.5 |   6.55 |   6.84 |   7.05 |   6.92 |I I 
03:46-Tue-Apr-04-2017 PM10  |  10.63 |  10.48 |  12.29 |  11.32 |I I 
03:46-Tue-Apr-04-2017 PM2.5 |   6.69 |   6.83 |   7.05 |   6.92 |I I 
03:50-Tue-Apr-04-2017 PM10  |  10.08 |  10.46 |  12.29 |  11.32 |I I 
03:50-Tue-Apr-04-2017 PM2.5 |   6.97 |   6.84 |   7.05 |   6.92 |I I 
03:51-Tue-Apr-04-2017 PM10  |  10.08 |  10.44 |  12.29 |  11.32 |I I 
03:51-Tue-Apr-04-2017 PM2.5 |   6.97 |   6.84 |   7.05 |   6.92 |I I 
03:52-Tue-Apr-04-2017 PM10  |  11.60 |  10.50 |  12.29 |  11.32 |I I 
03:52-Tue-Apr-04-2017 PM2.5 |   7.05 |   6.85 |   7.05 |   6.92 |I I 
03:56-Tue-Apr-04-2017 PM10  |  10.37 |  10.49 |  12.29 |  11.32 |I I 
03:56-Tue-Apr-04-2017 PM2.5 |   7.05 |   6.86 |   7.05 |   6.92 |I I 
03:57-Tue-Apr-04-2017 PM10  |  10.93 |  10.51 |  12.29 |  11.32 |I I 
03:57-Tue-Apr-04-2017 PM2.5 |   6.82 |   6.86 |   7.05 |   6.92 |I I 
04:01-Tue-Apr-04-2017 PM10  |   9.32 |  10.46 |  12.29 |  10.46 |I I 
04:01-Tue-Apr-04-2017 PM2.5 |   6.56 |   6.85 |   7.05 |   6.85 |I I 
04:02-Tue-Apr-04-2017 PM10  |   9.23 |   9.23 |  12.29 |  10.46 |I I 
04:02-Tue-Apr-04-2017 PM2.5 |   6.60 |   6.60 |   7.05 |   6.85 |I I 
04:06-Tue-Apr-04-2017 PM10  |   9.13 |   9.18 |  12.29 |  10.46 |I I 
04:06-Tue-Apr-04-2017 PM2.5 |   6.80 |   6.70 |   7.05 |   6.85 |I I 
04:07-Tue-Apr-04-2017 PM10  |   8.88 |   9.08 |  12.29 |  10.46 |I I 
04:07-Tue-Apr-04-2017 PM2.5 |   6.52 |   6.64 |   7.05 |   6.85 |I I 
04:11-Tue-Apr-04-2017 PM10  |   8.31 |   8.89 |  12.29 |  10.46 |I I 
04:11-Tue-Apr-04-2017 PM2.5 |   6.30 |   6.56 |   7.05 |   6.85 |I I 
04:12-Tue-Apr-04-2017 PM10  |  10.83 |   9.28 |  12.29 |  10.46 |I I 
04:12-Tue-Apr-04-2017 PM2.5 |   6.83 |   6.61 |   7.05 |   6.85 |I I 
04:16-Tue-Apr-04-2017 PM10  |  11.32 |   9.62 |  12.29 |  10.46 |I I 
04:16-Tue-Apr-04-2017 PM2.5 |   7.08 |   6.69 |   7.05 |   6.85 |I I 
04:17-Tue-Apr-04-2017 PM10  |  11.32 |   9.86 |  12.29 |  10.46 |I I 
04:17-Tue-Apr-04-2017 PM2.5 |   7.08 |   6.75 |   7.05 |   6.85 |I I 
04:18-Tue-Apr-04-2017 PM10  |  10.83 |   9.98 |  12.29 |  10.46 |I I 
04:18-Tue-Apr-04-2017 PM2.5 |   6.87 |   6.76 |   7.05 |   6.85 |I I 
04:22-Tue-Apr-04-2017 PM10  |  11.47 |  10.15 |  12.29 |  10.46 |I I 
04:22-Tue-Apr-04-2017 PM2.5 |   6.72 |   6.76 |   7.05 |   6.85 |I I 
04:23-Tue-Apr-04-2017 PM10  |  11.03 |  10.23 |  12.29 |  10.46 |I I 
04:23-Tue-Apr-04-2017 PM2.5 |   6.68 |   6.75 |   7.05 |   6.85 |I I 
04:27-Tue-Apr-04-2017 PM10  |  11.75 |  10.37 |  12.29 |  10.46 |I I 
04:27-Tue-Apr-04-2017 PM2.5 |   6.89 |   6.76 |   7.05 |   6.85 |I I 
04:28-Tue-Apr-04-2017 PM10  |  11.42 |  10.46 |  12.29 |  10.46 |I I 
04:28-Tue-Apr-04-2017 PM2.5 |   6.57 |   6.75 |   7.05 |   6.85 |I I 
04:32-Tue-Apr-04-2017 PM10  |  11.83 |  10.56 |  12.29 |  10.46 |I I 
04:32-Tue-Apr-04-2017 PM2.5 |   6.63 |   6.74 |   7.05 |   6.85 |I I 
04:33-Tue-Apr-04-2017 PM10  |   9.83 |  10.51 |  12.29 |  10.46 |I I 
04:33-Tue-Apr-04-2017 PM2.5 |   6.65 |   6.73 |   7.05 |   6.85 |I I 
04:37-Tue-Apr-04-2017 PM10  |  10.32 |  10.50 |  12.29 |  10.46 |I I 
04:37-Tue-Apr-04-2017 PM2.5 |   6.91 |   6.74 |   7.05 |   6.85 |I I 
04:38-Tue-Apr-04-2017 PM10  |  12.66 |  10.63 |  12.29 |  10.46 |I I 
04:38-Tue-Apr-04-2017 PM2.5 |   6.80 |   6.75 |   7.05 |   6.85 |I I 
04:42-Tue-Apr-04-2017 PM10  |  11.89 |  10.71 |  12.29 |  10.46 |I I 
04:42-Tue-Apr-04-2017 PM2.5 |   6.65 |   6.74 |   7.05 |   6.85 |I I 
04:43-Tue-Apr-04-2017 PM10  |  11.89 |  10.77 |  12.29 |  10.46 |I I 
04:43-Tue-Apr-04-2017 PM2.5 |   6.65 |   6.74 |   7.05 |   6.85 |I I 
04:44-Tue-Apr-04-2017 PM10  |  12.65 |  10.87 |  12.29 |  10.46 |I I 
04:44-Tue-Apr-04-2017 PM2.5 |   6.77 |   6.74 |   7.05 |   6.85 |I I 
04:48-Tue-Apr-04-2017 PM10  |  11.34 |  10.90 |  12.29 |  10.46 |I I 
04:48-Tue-Apr-04-2017 PM2.5 |   6.97 |   6.75 |   7.05 |   6.85 |I I 
04:49-Tue-Apr-04-2017 PM10  |  11.03 |  10.90 |  12.29 |  10.46 |I I 
04:49-Tue-Apr-04-2017 PM2.5 |   6.78 |   6.75 |   7.05 |   6.85 |I I 
04:53-Tue-Apr-04-2017 PM10  |  10.21 |  10.87 |  12.29 |  10.46 |I I 
04:53-Tue-Apr-04-2017 PM2.5 |   6.96 |   6.76 |   7.05 |   6.85 |I I 
04:54-Tue-Apr-04-2017 PM10  |  10.38 |  10.85 |  12.29 |  10.46 |I I 
04:54-Tue-Apr-04-2017 PM2.5 |   6.52 |   6.75 |   7.05 |   6.85 |I I 
04:58-Tue-Apr-04-2017 PM10  |  10.67 |  10.84 |  12.29 |  10.46 |I I 
04:58-Tue-Apr-04-2017 PM2.5 |   6.65 |   6.75 |   7.05 |   6.85 |I I 
04:59-Tue-Apr-04-2017 PM10  |  10.23 |  10.82 |  12.29 |  10.46 |I I 
04:59-Tue-Apr-04-2017 PM2.5 |   6.72 |   6.74 |   7.05 |   6.85 |I I 
05:03-Tue-Apr-04-2017 PM10  |  10.64 |  10.81 |  12.29 |  10.46 |I I 
05:03-Tue-Apr-04-2017 PM2.5 |   7.11 |   6.76 |   7.05 |   6.76 |I I 
05:04-Tue-Apr-04-2017 PM10  |  10.89 |  10.89 |  12.29 |  10.46 |I I 
05:04-Tue-Apr-04-2017 PM2.5 |   6.72 |   6.72 |   7.05 |   6.76 |I I 
05:08-Tue-Apr-04-2017 PM10  |   9.31 |  10.10 |  12.29 |  10.46 |I I 
05:08-Tue-Apr-04-2017 PM2.5 |   6.50 |   6.61 |   7.05 |   6.76 |I I 
05:09-Tue-Apr-04-2017 PM10  |   9.31 |   9.83 |  12.29 |  10.46 |I I 
05:09-Tue-Apr-04-2017 PM2.5 |   6.50 |   6.57 |   7.05 |   6.76 |I I 
05:10-Tue-Apr-04-2017 PM10  |  13.18 |  10.67 |  12.29 |  10.46 |I I 
05:10-Tue-Apr-04-2017 PM2.5 |   6.73 |   6.61 |   7.05 |   6.76 |I I 
05:14-Tue-Apr-04-2017 PM10  |  15.41 |  11.62 |  12.29 |  10.46 |I I 
05:14-Tue-Apr-04-2017 PM2.5 |   7.15 |   6.72 |   7.05 |   6.76 |I I 
05:15-Tue-Apr-04-2017 PM10  |  11.61 |  11.62 |  12.29 |  10.46 |I I 
05:15-Tue-Apr-04-2017 PM2.5 |   6.85 |   6.74 |   7.05 |   6.76 |I I 
05:19-Tue-Apr-04-2017 PM10  |  10.00 |  11.39 |  12.29 |  10.46 |I I 
05:19-Tue-Apr-04-2017 PM2.5 |   6.70 |   6.74 |   7.05 |   6.76 |I I 
05:20-Tue-Apr-04-2017 PM10  |  11.34 |  11.38 |  12.29 |  10.46 |I I 
05:20-Tue-Apr-04-2017 PM2.5 |   6.66 |   6.73 |   7.05 |   6.76 |I I 
05:24-Tue-Apr-04-2017 PM10  |  11.60 |  11.40 |  12.29 |  10.46 |I I 
05:24-Tue-Apr-04-2017 PM2.5 |   6.98 |   6.75 |   7.05 |   6.76 |I I 
05:25-Tue-Apr-04-2017 PM10  |  10.96 |  11.36 |  12.29 |  10.46 |I I 
05:25-Tue-Apr-04-2017 PM2.5 |   6.44 |   6.72 |   7.05 |   6.76 |I I 
05:29-Tue-Apr-04-2017 PM10  |  10.90 |  11.32 |  12.29 |  10.46 |I I 
05:29-Tue-Apr-04-2017 PM2.5 |   6.75 |   6.72 |   7.05 |   6.76 |I I 
05:30-Tue-Apr-04-2017 PM10  |  12.01 |  11.38 |  12.29 |  10.46 |I I 
05:30-Tue-Apr-04-2017 PM2.5 |   6.92 |   6.74 |   7.05 |   6.76 |I I 
05:34-Tue-Apr-04-2017 PM10  |  12.73 |  11.48 |  12.29 |  10.46 |I I 
05:34-Tue-Apr-04-2017 PM2.5 |   7.20 |   6.78 |   7.05 |   6.76 |I I 
05:35-Tue-Apr-04-2017 PM10  |  12.73 |  11.57 |  12.29 |  10.46 |I I 
05:35-Tue-Apr-04-2017 PM2.5 |   7.20 |   6.81 |   7.05 |   6.76 |I I 
05:36-Tue-Apr-04-2017 PM10  |  10.23 |  11.48 |  12.29 |  10.46 |I I 
05:36-Tue-Apr-04-2017 PM2.5 |   6.60 |   6.79 |   7.05 |   6.76 |I I 
05:40-Tue-Apr-04-2017 PM10  |  10.19 |  11.40 |  12.29 |  10.46 |I I 
05:40-Tue-Apr-04-2017 PM2.5 |   6.88 |   6.80 |   7.05 |   6.76 |I I 
05:42-Tue-Apr-04-2017 PM10  |   8.95 |  11.25 |  12.29 |  10.46 |I I 
05:42-Tue-Apr-04-2017 PM2.5 |   6.25 |   6.77 |   7.05 |   6.76 |I I 
05:46-Tue-Apr-04-2017 PM10  |  10.58 |  11.22 |  12.29 |  10.46 |I I 
05:46-Tue-Apr-04-2017 PM2.5 |   6.92 |   6.77 |   7.05 |   6.76 |I I 
05:47-Tue-Apr-04-2017 PM10  |  14.90 |  11.41 |  12.29 |  10.46 |I I 
05:47-Tue-Apr-04-2017 PM2.5 |   7.27 |   6.80 |   7.05 |   6.76 |I I 
05:51-Tue-Apr-04-2017 PM10  |  13.07 |  11.49 |  12.29 |  10.46 |I I 
05:51-Tue-Apr-04-2017 PM2.5 |   6.96 |   6.81 |   7.05 |   6.76 |I I 
05:52-Tue-Apr-04-2017 PM10  |  10.88 |  11.46 |  12.29 |  10.46 |I I 
05:52-Tue-Apr-04-2017 PM2.5 |   6.81 |   6.81 |   7.05 |   6.76 |I I 
05:56-Tue-Apr-04-2017 PM10  |  10.21 |  11.41 |  12.29 |  10.46 |I I 
05:56-Tue-Apr-04-2017 PM2.5 |   7.00 |   6.82 |   7.05 |   6.76 |I I 
05:57-Tue-Apr-04-2017 PM10  |  11.65 |  11.42 |  12.29 |  10.46 |I I 
05:57-Tue-Apr-04-2017 PM2.5 |   6.80 |   6.82 |   7.05 |   6.76 |I I 
06:01-Tue-Apr-04-2017 PM10  |  10.86 |  11.39 |  12.29 |  10.46 |I I 
06:01-Tue-Apr-04-2017 PM2.5 |   6.79 |   6.82 |   7.05 |   6.76 |I I 
06:02-Tue-Apr-04-2017 PM10  |  10.86 |  10.86 |  12.29 |  10.46 |I I 
06:02-Tue-Apr-04-2017 PM2.5 |   6.79 |   6.79 |   7.05 |   6.76 |I I 
06:03-Tue-Apr-04-2017 PM10  |  11.18 |  11.02 |  12.29 |  10.46 |I I 
06:03-Tue-Apr-04-2017 PM2.5 |   6.80 |   6.80 |   7.05 |   6.76 |I I 
06:07-Tue-Apr-04-2017 PM10  |  10.73 |  10.92 |  12.29 |  10.46 |I I 
06:07-Tue-Apr-04-2017 PM2.5 |   6.88 |   6.82 |   7.05 |   6.76 |I I 
06:08-Tue-Apr-04-2017 PM10  |  12.53 |  11.33 |  12.29 |  10.46 |I I 
06:08-Tue-Apr-04-2017 PM2.5 |   6.92 |   6.85 |   7.05 |   6.76 |I I 
06:12-Tue-Apr-04-2017 PM10  |  10.57 |  11.18 |  12.29 |  10.46 |I I 
06:12-Tue-Apr-04-2017 PM2.5 |   6.93 |   6.86 |   7.05 |   6.76 |I I 
06:13-Tue-Apr-04-2017 PM10  |  11.22 |  11.18 |  12.29 |  10.46 |I I 
06:13-Tue-Apr-04-2017 PM2.5 |   6.58 |   6.82 |   7.05 |   6.76 |I I 
06:17-Tue-Apr-04-2017 PM10  |  12.11 |  11.31 |  12.29 |  10.46 |I I 
06:17-Tue-Apr-04-2017 PM2.5 |   6.91 |   6.83 |   7.05 |   6.76 |I I 
06:18-Tue-Apr-04-2017 PM10  |  10.71 |  11.24 |  12.29 |  10.46 |I I 
06:18-Tue-Apr-04-2017 PM2.5 |   6.62 |   6.80 |   7.05 |   6.76 |I I 
06:22-Tue-Apr-04-2017 PM10  |   9.86 |  11.09 |  12.29 |  10.46 |I I 
06:22-Tue-Apr-04-2017 PM2.5 |   6.76 |   6.80 |   7.05 |   6.76 |I I 
06:23-Tue-Apr-04-2017 PM10  |  10.74 |  11.05 |  12.29 |  10.46 |I I 
06:23-Tue-Apr-04-2017 PM2.5 |   6.43 |   6.76 |   7.05 |   6.76 |I I 
06:27-Tue-Apr-04-2017 PM10  |   9.40 |  10.90 |  12.29 |  10.46 |I I 
06:27-Tue-Apr-04-2017 PM2.5 |   6.52 |   6.74 |   7.05 |   6.76 |I I 
06:28-Tue-Apr-04-2017 PM10  |   9.40 |  10.78 |  12.29 |  10.46 |I I 
06:28-Tue-Apr-04-2017 PM2.5 |   6.52 |   6.72 |   7.05 |   6.76 |I I 
06:29-Tue-Apr-04-2017 PM10  |  10.06 |  10.72 |  12.29 |  10.46 |I I 
06:29-Tue-Apr-04-2017 PM2.5 |   6.33 |   6.69 |   7.05 |   6.76 |I I 
06:33-Tue-Apr-04-2017 PM10  |   9.12 |  10.61 |  12.29 |  10.46 |I I 
06:33-Tue-Apr-04-2017 PM2.5 |   6.25 |   6.66 |   7.05 |   6.76 |I I 
06:34-Tue-Apr-04-2017 PM10  |   9.80 |  10.55 |  12.29 |  10.46 |I I 
06:34-Tue-Apr-04-2017 PM2.5 |   6.43 |   6.64 |   7.05 |   6.76 |I I 
06:38-Tue-Apr-04-2017 PM10  |  13.32 |  10.73 |  12.29 |  10.46 |I I 
06:38-Tue-Apr-04-2017 PM2.5 |   6.34 |   6.62 |   7.05 |   6.76 |I I 
06:39-Tue-Apr-04-2017 PM10  |   9.20 |  10.64 |  12.29 |  10.46 |I I 
06:39-Tue-Apr-04-2017 PM2.5 |   6.35 |   6.61 |   7.05 |   6.76 |I I 
06:43-Tue-Apr-04-2017 PM10  |   9.67 |  10.58 |  12.29 |  10.46 |I I 
06:43-Tue-Apr-04-2017 PM2.5 |   6.76 |   6.62 |   7.05 |   6.76 |I I 
06:44-Tue-Apr-04-2017 PM10  |  11.35 |  10.62 |  12.29 |  10.46 |I I 
06:44-Tue-Apr-04-2017 PM2.5 |   6.86 |   6.63 |   7.05 |   6.76 |I I 
06:48-Tue-Apr-04-2017 PM10  |   9.30 |  10.56 |  12.29 |  10.46 |I I 
06:48-Tue-Apr-04-2017 PM2.5 |   6.54 |   6.62 |   7.05 |   6.76 |I I 
06:49-Tue-Apr-04-2017 PM10  |  10.40 |  10.55 |  12.29 |  10.46 |I I 
06:49-Tue-Apr-04-2017 PM2.5 |   6.55 |   6.62 |   7.05 |   6.76 |I I 
06:53-Tue-Apr-04-2017 PM10  |  10.78 |  10.56 |  12.29 |  10.46 |I I 
06:53-Tue-Apr-04-2017 PM2.5 |   6.63 |   6.62 |   7.05 |   6.76 |I I 
06:54-Tue-Apr-04-2017 PM10  |  10.78 |  10.57 |  12.29 |  10.46 |I I 
06:54-Tue-Apr-04-2017 PM2.5 |   6.63 |   6.62 |   7.05 |   6.76 |I I 
06:55-Tue-Apr-04-2017 PM10  |  11.95 |  10.63 |  12.29 |  10.46 |I I 
06:55-Tue-Apr-04-2017 PM2.5 |   6.57 |   6.62 |   7.05 |   6.76 |I I 
06:59-Tue-Apr-04-2017 PM10  |   9.57 |  10.59 |  12.29 |  10.46 |I I 
06:59-Tue-Apr-04-2017 PM2.5 |   6.77 |   6.63 |   7.05 |   6.76 |I I 
07:00-Tue-Apr-04-2017 PM10  |  10.01 |  10.56 |  12.29 |  10.46 |I I 
07:00-Tue-Apr-04-2017 PM2.5 |   6.71 |   6.63 |   7.05 |   6.63 |I I 
07:04-Tue-Apr-04-2017 PM10  |  11.98 |  11.98 |  12.29 |  10.46 |I I 
07:04-Tue-Apr-04-2017 PM2.5 |   6.68 |   6.68 |   7.05 |   6.63 |I I 
07:05-Tue-Apr-04-2017 PM10  |  11.04 |  11.51 |  12.29 |  10.46 |I I 
07:05-Tue-Apr-04-2017 PM2.5 |   6.86 |   6.77 |   7.05 |   6.63 |I I 
07:09-Tue-Apr-04-2017 PM10  |  13.95 |  12.32 |  12.29 |  10.46 |I I 
07:09-Tue-Apr-04-2017 PM2.5 |   6.84 |   6.79 |   7.05 |   6.63 |I I 
07:10-Tue-Apr-04-2017 PM10  |  16.82 |  13.45 |  12.29 |  10.46 |I I 
07:10-Tue-Apr-04-2017 PM2.5 |   7.00 |   6.84 |   7.05 |   6.63 |I I 
07:14-Tue-Apr-04-2017 PM10  |  14.88 |  13.73 |  12.29 |  10.46 |I I 
07:14-Tue-Apr-04-2017 PM2.5 |   6.98 |   6.87 |   7.05 |   6.63 |I I 
07:15-Tue-Apr-04-2017 PM10  |  15.91 |  14.10 |  12.29 |  10.46 |I I 
07:15-Tue-Apr-04-2017 PM2.5 |   7.16 |   6.92 |   7.05 |   6.63 |I I 
07:19-Tue-Apr-04-2017 PM10  |  12.63 |  13.89 |  12.29 |  10.46 |I I 
07:19-Tue-Apr-04-2017 PM2.5 |   6.59 |   6.87 |   7.05 |   6.63 |I I 
07:20-Tue-Apr-04-2017 PM10  |  12.63 |  13.73 |  12.29 |  10.46 |I I 
07:20-Tue-Apr-04-2017 PM2.5 |   6.59 |   6.84 |   7.05 |   6.63 |I I 
07:21-Tue-Apr-04-2017 PM10  |  14.13 |  13.77 |  12.29 |  10.46 |I I 
07:21-Tue-Apr-04-2017 PM2.5 |   7.02 |   6.86 |   7.05 |   6.63 |I I 
07:25-Tue-Apr-04-2017 PM10  |  14.36 |  13.83 |  12.29 |  10.46 |I I 
07:25-Tue-Apr-04-2017 PM2.5 |   7.03 |   6.87 |   7.05 |   6.63 |I I 
07:26-Tue-Apr-04-2017 PM10  |  16.83 |  14.11 |  12.29 |  10.46 |I I 
07:26-Tue-Apr-04-2017 PM2.5 |   6.98 |   6.88 |   7.05 |   6.63 |I I 
07:30-Tue-Apr-04-2017 PM10  |  14.30 |  14.12 |  12.29 |  10.46 |I I 
07:30-Tue-Apr-04-2017 PM2.5 |   7.17 |   6.91 |   7.05 |   6.63 |I I 
07:31-Tue-Apr-04-2017 PM10  |  11.70 |  13.94 |  12.29 |  10.46 |I I 
07:31-Tue-Apr-04-2017 PM2.5 |   7.10 |   6.92 |   7.05 |   6.63 |I I 
07:35-Tue-Apr-04-2017 PM10  |  13.83 |  13.93 |  12.29 |  10.46 |I I 
07:35-Tue-Apr-04-2017 PM2.5 |   7.59 |   6.97 |   7.05 |   6.63 |I I 
07:36-Tue-Apr-04-2017 PM10  |  15.89 |  14.06 |  12.29 |  10.46 |I I 
07:36-Tue-Apr-04-2017 PM2.5 |   7.11 |   6.98 |   7.05 |   6.63 |I I 
07:40-Tue-Apr-04-2017 PM10  |  13.83 |  14.04 |  12.29 |  10.46 |I I 
07:40-Tue-Apr-04-2017 PM2.5 |   6.81 |   6.97 |   7.05 |   6.63 |I I 
07:41-Tue-Apr-04-2017 PM10  |  15.15 |  14.11 |  12.29 |  10.46 |I I 
07:41-Tue-Apr-04-2017 PM2.5 |   6.70 |   6.95 |   7.05 |   6.63 |I I 
07:45-Tue-Apr-04-2017 PM10  |  14.25 |  14.12 |  12.29 |  10.46 |I I 
07:45-Tue-Apr-04-2017 PM2.5 |   7.15 |   6.96 |   7.05 |   6.63 |I I 
07:46-Tue-Apr-04-2017 PM10  |  14.25 |  14.12 |  12.29 |  10.46 |I I 
07:46-Tue-Apr-04-2017 PM2.5 |   7.15 |   6.97 |   7.05 |   6.63 |I I 
07:47-Tue-Apr-04-2017 PM10  |  12.46 |  14.04 |  12.29 |  10.46 |I I 
07:47-Tue-Apr-04-2017 PM2.5 |   6.85 |   6.97 |   7.05 |   6.63 |I I 
07:51-Tue-Apr-04-2017 PM10  |  13.23 |  14.00 |  12.29 |  10.46 |I I 
07:51-Tue-Apr-04-2017 PM2.5 |   7.00 |   6.97 |   7.05 |   6.63 |I I 
07:52-Tue-Apr-04-2017 PM10  |  11.96 |  13.91 |  12.29 |  10.46 |I I 
07:52-Tue-Apr-04-2017 PM2.5 |   6.43 |   6.94 |   7.05 |   6.63 |I I 
07:56-Tue-Apr-04-2017 PM10  |  15.53 |  13.98 |  12.29 |  10.46 |I I 
07:56-Tue-Apr-04-2017 PM2.5 |   6.71 |   6.93 |   7.05 |   6.63 |I I 
07:57-Tue-Apr-04-2017 PM10  |  15.71 |  14.05 |  12.29 |  10.46 |I I 
07:57-Tue-Apr-04-2017 PM2.5 |   7.25 |   6.95 |   7.05 |   6.63 |I I 
08:01-Tue-Apr-04-2017 PM10  |  12.88 |  14.00 |  14.00 |  10.46 |I I 
08:01-Tue-Apr-04-2017 PM2.5 |   6.93 |   6.95 |   7.05 |   6.63 |I I 
08:02-Tue-Apr-04-2017 PM10  |  10.43 |  10.43 |  14.00 |  10.46 |I I 
08:02-Tue-Apr-04-2017 PM2.5 |   6.63 |   6.63 |   7.05 |   6.63 |I I 
08:06-Tue-Apr-04-2017 PM10  |  11.05 |  10.74 |  14.00 |  10.46 |I I 
08:06-Tue-Apr-04-2017 PM2.5 |   6.81 |   6.72 |   7.05 |   6.63 |I I 
08:07-Tue-Apr-04-2017 PM10  |  11.30 |  10.93 |  14.00 |  10.46 |I I 
08:07-Tue-Apr-04-2017 PM2.5 |   6.80 |   6.74 |   7.05 |   6.63 |I I 
08:11-Tue-Apr-04-2017 PM10  |  13.63 |  11.60 |  14.00 |  10.46 |I I 
08:11-Tue-Apr-04-2017 PM2.5 |   7.13 |   6.84 |   7.05 |   6.63 |I I 
08:12-Tue-Apr-04-2017 PM10  |  13.63 |  12.01 |  14.00 |  10.46 |I I 
08:12-Tue-Apr-04-2017 PM2.5 |   7.13 |   6.90 |   7.05 |   6.63 |I I 
08:13-Tue-Apr-04-2017 PM10  |  15.08 |  12.52 |  14.00 |  10.46 |I I 
08:13-Tue-Apr-04-2017 PM2.5 |   6.88 |   6.89 |   7.05 |   6.63 |I I 
08:17-Tue-Apr-04-2017 PM10  |  12.97 |  12.58 |  14.00 |  10.46 |I I 
08:17-Tue-Apr-04-2017 PM2.5 |   7.11 |   6.92 |   7.05 |   6.63 |I I 
08:18-Tue-Apr-04-2017 PM10  |  16.75 |  13.10 |  14.00 |  10.46 |I I 
08:18-Tue-Apr-04-2017 PM2.5 |   7.17 |   6.96 |   7.05 |   6.63 |I I 
08:22-Tue-Apr-04-2017 PM10  |  12.20 |  13.00 |  14.00 |  10.46 |I I 
08:22-Tue-Apr-04-2017 PM2.5 |   7.12 |   6.97 |   7.05 |   6.63 |I I 
08:23-Tue-Apr-04-2017 PM10  |   9.71 |  12.67 |  14.00 |  10.46 |I I 
08:23-Tue-Apr-04-2017 PM2.5 |   6.55 |   6.93 |   7.05 |   6.63 |I I 
08:27-Tue-Apr-04-2017 PM10  |  14.06 |  12.80 |  14.00 |  10.46 |I I 
08:27-Tue-Apr-04-2017 PM2.5 |   6.78 |   6.92 |   7.05 |   6.63 |I I 
08:28-Tue-Apr-04-2017 PM10  |  13.43 |  12.85 |  14.00 |  10.46 |I I 
08:28-Tue-Apr-04-2017 PM2.5 |   6.83 |   6.91 |   7.05 |   6.63 |I I 
08:32-Tue-Apr-04-2017 PM10  |  11.92 |  12.78 |  14.00 |  10.46 |I I 
08:32-Tue-Apr-04-2017 PM2.5 |   6.91 |   6.91 |   7.05 |   6.63 |I I 
08:33-Tue-Apr-04-2017 PM10  |  11.87 |  12.72 |  14.00 |  10.46 |I I 
08:33-Tue-Apr-04-2017 PM2.5 |   6.80 |   6.90 |   7.05 |   6.63 |I I 
08:37-Tue-Apr-04-2017 PM10  |  10.70 |  12.58 |  14.00 |  10.46 |I I 
08:37-Tue-Apr-04-2017 PM2.5 |   6.79 |   6.89 |   7.05 |   6.63 |I I 
08:38-Tue-Apr-04-2017 PM10  |  10.70 |  12.46 |  14.00 |  10.46 |I I 
08:38-Tue-Apr-04-2017 PM2.5 |   6.79 |   6.89 |   7.05 |   6.63 |I I 
08:39-Tue-Apr-04-2017 PM10  |  11.70 |  12.42 |  14.00 |  10.46 |I I 
08:39-Tue-Apr-04-2017 PM2.5 |   6.50 |   6.87 |   7.05 |   6.63 |I I 
08:43-Tue-Apr-04-2017 PM10  |  13.43 |  12.47 |  14.00 |  10.46 |I I 
08:43-Tue-Apr-04-2017 PM2.5 |   6.98 |   6.87 |   7.05 |   6.63 |I I 
08:45-Tue-Apr-04-2017 PM10  |  12.14 |  12.46 |  14.00 |  10.46 |I I 
08:45-Tue-Apr-04-2017 PM2.5 |   6.77 |   6.87 |   7.05 |   6.63 |I I 
08:49-Tue-Apr-04-2017 PM10  |   9.94 |  12.33 |  14.00 |  10.46 |I I 
08:49-Tue-Apr-04-2017 PM2.5 |   6.72 |   6.86 |   7.05 |   6.63 |I I 
08:50-Tue-Apr-04-2017 PM10  |  11.74 |  12.30 |  14.00 |  10.46 |I I 
08:50-Tue-Apr-04-2017 PM2.5 |   6.85 |   6.86 |   7.05 |   6.63 |I I 
08:54-Tue-Apr-04-2017 PM10  |  12.49 |  12.31 |  14.00 |  10.46 |I I 
08:54-Tue-Apr-04-2017 PM2.5 |   6.68 |   6.85 |   7.05 |   6.63 |I I 
08:55-Tue-Apr-04-2017 PM10  |  12.78 |  12.33 |  14.00 |  10.46 |I I 
08:55-Tue-Apr-04-2017 PM2.5 |   6.74 |   6.85 |   7.05 |   6.63 |I I 
08:59-Tue-Apr-04-2017 PM10  |  10.39 |  12.25 |  14.00 |  10.46 |I I 
08:59-Tue-Apr-04-2017 PM2.5 |   6.67 |   6.84 |   7.05 |   6.63 |I I 
09:00-Tue-Apr-04-2017 PM10  |  11.93 |  12.24 |  14.00 |  10.46 |I I 
09:00-Tue-Apr-04-2017 PM2.5 |   7.22 |   6.85 |   7.05 |   6.63 |I I 
09:04-Tue-Apr-04-2017 PM10  |  14.38 |  14.38 |  14.00 |  10.46 |I I 
09:04-Tue-Apr-04-2017 PM2.5 |   7.08 |   7.08 |   7.05 |   6.63 |I I 
09:05-Tue-Apr-04-2017 PM10  |  14.38 |  14.38 |  14.00 |  10.46 |I I 
09:05-Tue-Apr-04-2017 PM2.5 |   7.08 |   7.08 |   7.05 |   6.63 |I I 
09:06-Tue-Apr-04-2017 PM10  |  12.75 |  13.84 |  14.00 |  10.46 |I I 
09:06-Tue-Apr-04-2017 PM2.5 |   6.62 |   6.93 |   7.05 |   6.63 |I I 
09:10-Tue-Apr-04-2017 PM10  |  12.69 |  13.55 |  14.00 |  10.46 |I I 
09:10-Tue-Apr-04-2017 PM2.5 |   6.88 |   6.91 |   7.05 |   6.63 |I I 
09:11-Tue-Apr-04-2017 PM10  |  12.32 |  13.31 |  14.00 |  10.46 |I I 
09:11-Tue-Apr-04-2017 PM2.5 |   6.59 |   6.85 |   7.05 |   6.63 |I I 
09:15-Tue-Apr-04-2017 PM10  |  10.51 |  12.84 |  14.00 |  10.46 |I I 
09:15-Tue-Apr-04-2017 PM2.5 |   7.16 |   6.90 |   7.05 |   6.63 |I I 
09:16-Tue-Apr-04-2017 PM10  |  10.36 |  12.48 |  14.00 |  10.46 |I I 
09:16-Tue-Apr-04-2017 PM2.5 |   7.23 |   6.95 |   7.05 |   6.63 |I I 
09:20-Tue-Apr-04-2017 PM10  |  11.73 |  12.39 |  14.00 |  10.46 |I I 
09:20-Tue-Apr-04-2017 PM2.5 |   7.38 |   7.00 |   7.05 |   6.63 |I I 
09:21-Tue-Apr-04-2017 PM10  |  10.78 |  12.21 |  14.00 |  10.46 |I I 
09:21-Tue-Apr-04-2017 PM2.5 |   6.88 |   6.99 |   7.05 |   6.63 |I I 
09:25-Tue-Apr-04-2017 PM10  |  10.07 |  12.00 |  14.00 |  10.46 |I I 
09:25-Tue-Apr-04-2017 PM2.5 |   6.86 |   6.97 |   7.05 |   6.63 |I I 
09:26-Tue-Apr-04-2017 PM10  |  12.94 |  12.08 |  14.00 |  10.46 |I I 
09:26-Tue-Apr-04-2017 PM2.5 |   7.52 |   7.02 |   7.05 |   6.63 |I I 
09:30-Tue-Apr-04-2017 PM10  |  14.34 |  12.27 |  14.00 |  10.46 |I I 
09:30-Tue-Apr-04-2017 PM2.5 |   7.36 |   7.05 |   7.05 |   6.63 |I I 
09:31-Tue-Apr-04-2017 PM10  |  14.34 |  12.43 |  14.00 |  10.46 |I I 
09:31-Tue-Apr-04-2017 PM2.5 |   7.36 |   7.08 |   7.05 |   6.63 |I I 
09:32-Tue-Apr-04-2017 PM10  |  13.48 |  12.51 |  14.00 |  10.46 |I I 
09:32-Tue-Apr-04-2017 PM2.5 |   7.67 |   7.12 |   7.05 |   6.63 |I I 
09:36-Tue-Apr-04-2017 PM10  |  13.13 |  12.55 |  14.00 |  10.46 |I I 
09:36-Tue-Apr-04-2017 PM2.5 |   7.89 |   7.17 |   7.05 |   6.63 |I I 
09:37-Tue-Apr-04-2017 PM10  |  12.56 |  12.55 |  14.00 |  10.46 |I I 
09:37-Tue-Apr-04-2017 PM2.5 |   6.73 |   7.14 |   7.05 |   6.63 |I I 
09:41-Tue-Apr-04-2017 PM10  |  11.95 |  12.51 |  14.00 |  10.46 |I I 
09:41-Tue-Apr-04-2017 PM2.5 |   6.84 |   7.12 |   7.05 |   6.63 |I I 
09:42-Tue-Apr-04-2017 PM10  |  10.40 |  12.40 |  14.00 |  10.46 |I I 
09:42-Tue-Apr-04-2017 PM2.5 |   6.86 |   7.11 |   7.05 |   6.63 |I I 
09:46-Tue-Apr-04-2017 PM10  |  10.12 |  12.28 |  14.00 |  10.46 |I I 
09:46-Tue-Apr-04-2017 PM2.5 |   6.76 |   7.09 |   7.05 |   6.63 |I I 
09:47-Tue-Apr-04-2017 PM10  |  11.53 |  12.24 |  14.00 |  10.46 |I I 
09:47-Tue-Apr-04-2017 PM2.5 |   7.08 |   7.09 |   7.05 |   6.63 |I I 
09:51-Tue-Apr-04-2017 PM10  |  11.80 |  12.22 |  14.00 |  10.46 |I I 
09:51-Tue-Apr-04-2017 PM2.5 |   7.18 |   7.10 |   7.05 |   6.63 |I I 
09:52-Tue-Apr-04-2017 PM10  |  11.06 |  12.16 |  14.00 |  10.46 |I I 
09:52-Tue-Apr-04-2017 PM2.5 |   6.65 |   7.07 |   7.05 |   6.63 |I I 
09:56-Tue-Apr-04-2017 PM10  |  11.28 |  12.13 |  14.00 |  10.46 |I I 
09:56-Tue-Apr-04-2017 PM2.5 |   7.09 |   7.08 |   7.05 |   6.63 |I I 
09:57-Tue-Apr-04-2017 PM10  |  11.28 |  12.09 |  14.00 |  10.46 |I I 
09:57-Tue-Apr-04-2017 PM2.5 |   7.09 |   7.08 |   7.05 |   6.63 |I I 
09:58-Tue-Apr-04-2017 PM10  |  11.21 |  12.06 |  14.00 |  10.46 |I I 
09:58-Tue-Apr-04-2017 PM2.5 |   6.61 |   7.06 |   7.05 |   6.63 |I I 
10:02-Tue-Apr-04-2017 PM10  |  11.15 |  12.02 |  14.00 |  10.46 |I I 
10:02-Tue-Apr-04-2017 PM2.5 |   7.20 |   7.06 |   7.06 |   6.63 |I I 
10:03-Tue-Apr-04-2017 PM10  |  13.12 |  13.12 |  14.00 |  10.46 |I I 
10:03-Tue-Apr-04-2017 PM2.5 |   6.86 |   6.86 |   7.06 |   6.63 |I I 
10:07-Tue-Apr-04-2017 PM10  |  11.67 |  12.39 |  14.00 |  10.46 |I I 
10:07-Tue-Apr-04-2017 PM2.5 |   6.80 |   6.83 |   7.06 |   6.63 |I I 
10:08-Tue-Apr-04-2017 PM10  |  10.98 |  11.92 |  14.00 |  10.46 |I I 
10:08-Tue-Apr-04-2017 PM2.5 |   6.77 |   6.81 |   7.06 |   6.63 |I I 
10:12-Tue-Apr-04-2017 PM10  |  11.46 |  11.81 |  14.00 |  10.46 |I I 
10:12-Tue-Apr-04-2017 PM2.5 |   6.94 |   6.84 |   7.06 |   6.63 |I I 
10:13-Tue-Apr-04-2017 PM10  |  13.27 |  12.10 |  14.00 |  10.46 |I I 
10:13-Tue-Apr-04-2017 PM2.5 |   6.88 |   6.85 |   7.06 |   6.63 |I I 
10:17-Tue-Apr-04-2017 PM10  |  12.61 |  12.19 |  14.00 |  10.46 |I I 
10:17-Tue-Apr-04-2017 PM2.5 |   6.89 |   6.86 |   7.06 |   6.63 |I I 
10:18-Tue-Apr-04-2017 PM10  |  10.94 |  12.01 |  14.00 |  10.46 |I I 
10:18-Tue-Apr-04-2017 PM2.5 |   6.79 |   6.85 |   7.06 |   6.63 |I I 
10:22-Tue-Apr-04-2017 PM10  |  11.93 |  12.00 |  14.00 |  10.46 |I I 
10:22-Tue-Apr-04-2017 PM2.5 |   7.26 |   6.90 |   7.06 |   6.63 |I I 
10:23-Tue-Apr-04-2017 PM10  |  11.93 |  11.99 |  14.00 |  10.46 |I I 
10:23-Tue-Apr-04-2017 PM2.5 |   7.26 |   6.94 |   7.06 |   6.63 |I I 
10:24-Tue-Apr-04-2017 PM10  |  10.44 |  11.84 |  14.00 |  10.46 |I I 
10:24-Tue-Apr-04-2017 PM2.5 |   6.88 |   6.93 |   7.06 |   6.63 |I I 
10:28-Tue-Apr-04-2017 PM10  |  11.37 |  11.79 |  14.00 |  10.46 |I I 
10:28-Tue-Apr-04-2017 PM2.5 |   7.13 |   6.95 |   7.06 |   6.63 |I I 
10:29-Tue-Apr-04-2017 PM10  |  10.36 |  11.67 |  14.00 |  10.46 |I I 
10:29-Tue-Apr-04-2017 PM2.5 |   6.78 |   6.94 |   7.06 |   6.63 |I I 
10:33-Tue-Apr-04-2017 PM10  |  12.35 |  11.73 |  14.00 |  10.46 |I I 
10:33-Tue-Apr-04-2017 PM2.5 |   7.27 |   6.96 |   7.06 |   6.63 |I I 
10:34-Tue-Apr-04-2017 PM10  |  12.84 |  11.81 |  14.00 |  10.46 |I I 
10:34-Tue-Apr-04-2017 PM2.5 |   7.06 |   6.97 |   7.06 |   6.63 |I I 
10:38-Tue-Apr-04-2017 PM10  |  12.24 |  11.84 |  14.00 |  10.46 |I I 
10:38-Tue-Apr-04-2017 PM2.5 |   7.13 |   6.98 |   7.06 |   6.63 |I I 
10:39-Tue-Apr-04-2017 PM10  |  12.89 |  11.90 |  14.00 |  10.46 |I I 
10:39-Tue-Apr-04-2017 PM2.5 |   7.37 |   7.01 |   7.06 |   6.63 |I I 
10:43-Tue-Apr-04-2017 PM10  |  11.82 |  11.90 |  14.00 |  10.46 |I I 
10:43-Tue-Apr-04-2017 PM2.5 |   7.20 |   7.02 |   7.06 |   6.63 |I I 
10:44-Tue-Apr-04-2017 PM10  |  13.91 |  12.01 |  14.00 |  10.46 |I I 
10:44-Tue-Apr-04-2017 PM2.5 |   7.90 |   7.07 |   7.06 |   6.63 |I I 
10:48-Tue-Apr-04-2017 PM10  |  12.01 |  12.01 |  14.00 |  10.46 |I I 
10:48-Tue-Apr-04-2017 PM2.5 |   7.67 |   7.10 |   7.06 |   6.63 |I I 
10:49-Tue-Apr-04-2017 PM10  |  12.01 |  12.01 |  14.00 |  10.46 |I I 
10:49-Tue-Apr-04-2017 PM2.5 |   7.67 |   7.13 |   7.06 |   6.63 |I I 
10:50-Tue-Apr-04-2017 PM10  |  13.13 |  12.06 |  14.00 |  10.46 |I I 
10:50-Tue-Apr-04-2017 PM2.5 |   7.70 |   7.15 |   7.06 |   6.63 |I I 
10:54-Tue-Apr-04-2017 PM10  |  12.03 |  12.06 |  14.00 |  10.46 |I I 
10:54-Tue-Apr-04-2017 PM2.5 |   7.13 |   7.15 |   7.06 |   6.63 |I I 
10:55-Tue-Apr-04-2017 PM10  |  10.17 |  11.98 |  14.00 |  10.46 |I I 
10:55-Tue-Apr-04-2017 PM2.5 |   6.97 |   7.14 |   7.06 |   6.63 |I I 
10:59-Tue-Apr-04-2017 PM10  |  12.01 |  11.98 |  14.00 |  10.46 |I I 
10:59-Tue-Apr-04-2017 PM2.5 |   7.15 |   7.14 |   7.06 |   6.63 |I I 
11:00-Tue-Apr-04-2017 PM10  |  11.18 |  11.95 |  14.00 |  10.46 |I I 
11:00-Tue-Apr-04-2017 PM2.5 |   7.40 |   7.16 |   7.16 |   6.63 |I I 
11:04-Tue-Apr-04-2017 PM10  |  11.39 |  11.39 |  14.00 |  10.46 |I I 
11:04-Tue-Apr-04-2017 PM2.5 |   7.59 |   7.59 |   7.16 |   6.63 |I I 
11:05-Tue-Apr-04-2017 PM10  |  12.91 |  12.15 |  14.00 |  10.46 |I I 
11:05-Tue-Apr-04-2017 PM2.5 |   7.75 |   7.67 |   7.16 |   6.63 |I I 
11:09-Tue-Apr-04-2017 PM10  |  12.31 |  12.20 |  14.00 |  10.46 |I I 
11:09-Tue-Apr-04-2017 PM2.5 |   7.73 |   7.69 |   7.16 |   6.63 |I I 
11:10-Tue-Apr-04-2017 PM10  |  13.10 |  12.43 |  14.00 |  10.46 |I I 
11:10-Tue-Apr-04-2017 PM2.5 |   7.08 |   7.54 |   7.16 |   6.63 |I I 
11:14-Tue-Apr-04-2017 PM10  |  13.17 |  12.58 |  14.00 |  10.46 |I I 
11:14-Tue-Apr-04-2017 PM2.5 |   7.67 |   7.57 |   7.16 |   6.63 |I I 
11:15-Tue-Apr-04-2017 PM10  |  13.17 |  12.67 |  14.00 |  10.46 |I I 
11:15-Tue-Apr-04-2017 PM2.5 |   7.67 |   7.58 |   7.16 |   6.63 |I I 
11:16-Tue-Apr-04-2017 PM10  |  11.05 |  12.44 |  14.00 |  10.46 |I I 
11:16-Tue-Apr-04-2017 PM2.5 |   6.92 |   7.49 |   7.16 |   6.63 |I I 
11:20-Tue-Apr-04-2017 PM10  |  12.77 |  12.48 |  14.00 |  10.46 |I I 
11:20-Tue-Apr-04-2017 PM2.5 |   7.80 |   7.53 |   7.16 |   6.63 |I I 
11:21-Tue-Apr-04-2017 PM10  |  12.42 |  12.48 |  14.00 |  10.46 |I I 
11:21-Tue-Apr-04-2017 PM2.5 |   7.25 |   7.50 |   7.16 |   6.63 |I I 
11:25-Tue-Apr-04-2017 PM10  |  11.42 |  12.37 |  14.00 |  10.46 |I I 
11:25-Tue-Apr-04-2017 PM2.5 |   7.05 |   7.45 |   7.16 |   6.63 |I I 
11:26-Tue-Apr-04-2017 PM10  |  12.16 |  12.35 |  14.00 |  10.46 |I I 
11:26-Tue-Apr-04-2017 PM2.5 |   7.02 |   7.41 |   7.16 |   6.63 |I I 
11:30-Tue-Apr-04-2017 PM10  |  10.42 |  12.19 |  14.00 |  10.46 |I I 
11:30-Tue-Apr-04-2017 PM2.5 |   7.11 |   7.39 |   7.16 |   6.63 |I I 
11:31-Tue-Apr-04-2017 PM10  |  11.78 |  12.16 |  14.00 |  10.46 |I I 
11:31-Tue-Apr-04-2017 PM2.5 |   7.49 |   7.40 |   7.16 |   6.63 |I I 
11:35-Tue-Apr-04-2017 PM10  |  11.74 |  12.13 |  14.00 |  10.46 |I I 
11:35-Tue-Apr-04-2017 PM2.5 |   7.09 |   7.37 |   7.16 |   6.63 |I I 
11:36-Tue-Apr-04-2017 PM10  |  12.26 |  12.14 |  14.00 |  10.46 |I I 
11:36-Tue-Apr-04-2017 PM2.5 |   7.60 |   7.39 |   7.16 |   6.63 |I I 
11:40-Tue-Apr-04-2017 PM10  |  12.55 |  12.16 |  14.00 |  10.46 |I I 
11:40-Tue-Apr-04-2017 PM2.5 |   7.64 |   7.40 |   7.16 |   6.63 |I I 
11:41-Tue-Apr-04-2017 PM10  |  12.55 |  12.19 |  14.00 |  10.46 |I I 
11:41-Tue-Apr-04-2017 PM2.5 |   7.64 |   7.42 |   7.16 |   6.63 |I I 
11:42-Tue-Apr-04-2017 PM10  |  12.09 |  12.18 |  14.00 |  10.46 |I I 
11:42-Tue-Apr-04-2017 PM2.5 |   7.31 |   7.41 |   7.16 |   6.63 |I I 
11:46-Tue-Apr-04-2017 PM10  |  11.33 |  12.14 |  14.00 |  10.46 |I I 
11:46-Tue-Apr-04-2017 PM2.5 |   7.41 |   7.41 |   7.16 |   6.63 |I I 
11:47-Tue-Apr-04-2017 PM10  |  10.30 |  12.04 |  14.00 |  10.46 |I I 
11:47-Tue-Apr-04-2017 PM2.5 |   7.34 |   7.41 |   7.16 |   6.63 |I I 
11:51-Tue-Apr-04-2017 PM10  |   9.97 |  11.95 |  14.00 |  10.46 |I I 
11:51-Tue-Apr-04-2017 PM2.5 |   7.12 |   7.39 |   7.16 |   6.63 |I I 
11:52-Tue-Apr-04-2017 PM10  |   9.95 |  11.86 |  14.00 |  10.46 |I I 
11:52-Tue-Apr-04-2017 PM2.5 |   6.97 |   7.38 |   7.16 |   6.63 |I I 
11:57-Tue-Apr-04-2017 PM10  |  12.46 |  11.88 |  14.00 |  10.46 |I I 
11:57-Tue-Apr-04-2017 PM2.5 |   7.25 |   7.37 |   7.16 |   6.63 |I I 
11:58-Tue-Apr-04-2017 PM10  |  12.93 |  11.93 |  14.00 |  10.46 |I I 
11:58-Tue-Apr-04-2017 PM2.5 |   7.41 |   7.37 |   7.16 |   6.63 |I I 
12:02-Tue-Apr-04-2017 PM10  |  13.58 |  11.99 |  14.00 |  10.46 |I I 
12:02-Tue-Apr-04-2017 PM2.5 |   7.44 |   7.37 |   7.37 |   6.63 |I I 
12:03-Tue-Apr-04-2017 PM10  |  12.53 |  12.53 |  14.00 |  10.46 |I I 
12:03-Tue-Apr-04-2017 PM2.5 |   7.53 |   7.53 |   7.37 |   6.63 |I I 
12:07-Tue-Apr-04-2017 PM10  |  11.42 |  11.97 |  14.00 |  10.46 |I I 
12:07-Tue-Apr-04-2017 PM2.5 |   7.31 |   7.42 |   7.37 |   6.63 |I I 
12:08-Tue-Apr-04-2017 PM10  |  11.42 |  11.79 |  14.00 |  10.46 |I I 
12:08-Tue-Apr-04-2017 PM2.5 |   7.31 |   7.39 |   7.37 |   6.63 |I I 
12:09-Tue-Apr-04-2017 PM10  |  12.86 |  12.06 |  14.00 |  10.46 |I I 
12:09-Tue-Apr-04-2017 PM2.5 |   7.45 |   7.40 |   7.37 |   6.63 |I I 
12:13-Tue-Apr-04-2017 PM10  |  12.23 |  12.09 |  14.00 |  10.46 |I I 
12:13-Tue-Apr-04-2017 PM2.5 |   6.81 |   7.28 |   7.37 |   6.63 |I I 
12:14-Tue-Apr-04-2017 PM10  |  11.05 |  11.92 |  14.00 |  10.46 |I I 
12:14-Tue-Apr-04-2017 PM2.5 |   6.95 |   7.23 |   7.37 |   6.63 |I I 
12:18-Tue-Apr-04-2017 PM10  |  11.54 |  11.87 |  14.00 |  10.46 |I I 
12:18-Tue-Apr-04-2017 PM2.5 |   7.33 |   7.24 |   7.37 |   6.63 |I I 
12:19-Tue-Apr-04-2017 PM10  |  11.30 |  11.80 |  14.00 |  10.46 |I I 
12:19-Tue-Apr-04-2017 PM2.5 |   7.83 |   7.32 |   7.37 |   6.63 |I I 
12:23-Tue-Apr-04-2017 PM10  |  11.44 |  11.76 |  14.00 |  10.46 |I I 
12:23-Tue-Apr-04-2017 PM2.5 |   7.55 |   7.34 |   7.37 |   6.63 |I I 
12:24-Tue-Apr-04-2017 PM10  |  11.44 |  11.72 |  14.00 |  10.46 |I I 
12:24-Tue-Apr-04-2017 PM2.5 |   7.33 |   7.34 |   7.37 |   6.63 |I I 
12:28-Tue-Apr-04-2017 PM10  |  12.43 |  11.79 |  14.00 |  10.46 |I I 
12:28-Tue-Apr-04-2017 PM2.5 |   7.34 |   7.34 |   7.37 |   6.63 |I I 
12:29-Tue-Apr-04-2017 PM10  |  11.47 |  11.76 |  14.00 |  10.46 |I I 
12:29-Tue-Apr-04-2017 PM2.5 |   7.64 |   7.37 |   7.37 |   6.63 |I I 
12:33-Tue-Apr-04-2017 PM10  |  11.78 |  11.76 |  14.00 |  10.46 |I I 
12:33-Tue-Apr-04-2017 PM2.5 |   7.69 |   7.39 |   7.37 |   6.63 |I I 
12:34-Tue-Apr-04-2017 PM10  |  11.78 |  11.76 |  14.00 |  10.46 |I I 
12:34-Tue-Apr-04-2017 PM2.5 |   7.69 |   7.41 |   7.37 |   6.63 |I I 
12:35-Tue-Apr-04-2017 PM10  |  11.79 |  11.76 |  14.00 |  10.46 |I I 
12:35-Tue-Apr-04-2017 PM2.5 |   7.58 |   7.42 |   7.37 |   6.63 |I I 
12:39-Tue-Apr-04-2017 PM10  |  12.68 |  11.82 |  14.00 |  10.46 |I I 
12:39-Tue-Apr-04-2017 PM2.5 |   7.80 |   7.45 |   7.37 |   6.63 |I I 
12:40-Tue-Apr-04-2017 PM10  |  12.67 |  11.87 |  14.00 |  10.46 |I I 
12:40-Tue-Apr-04-2017 PM2.5 |   7.45 |   7.45 |   7.37 |   6.63 |I I 
12:44-Tue-Apr-04-2017 PM10  |  10.38 |  11.79 |  14.00 |  10.46 |I I 
12:44-Tue-Apr-04-2017 PM2.5 |   7.13 |   7.43 |   7.37 |   6.63 |I I 
12:45-Tue-Apr-04-2017 PM10  |  12.89 |  11.85 |  14.00 |  10.46 |I I 
12:45-Tue-Apr-04-2017 PM2.5 |   7.17 |   7.42 |   7.37 |   6.63 |I I 
12:49-Tue-Apr-04-2017 PM10  |  12.09 |  11.86 |  14.00 |  10.46 |I I 
12:49-Tue-Apr-04-2017 PM2.5 |   7.40 |   7.42 |   7.37 |   6.63 |I I 
12:50-Tue-Apr-04-2017 PM10  |  11.62 |  11.85 |  14.00 |  10.46 |I I 
12:50-Tue-Apr-04-2017 PM2.5 |   6.84 |   7.39 |   7.37 |   6.63 |I I 
12:54-Tue-Apr-04-2017 PM10  |  11.95 |  11.85 |  14.00 |  10.46 |I I 
12:54-Tue-Apr-04-2017 PM2.5 |   7.30 |   7.38 |   7.37 |   6.63 |I I 
12:55-Tue-Apr-04-2017 PM10  |  15.39 |  12.01 |  14.00 |  10.46 |I I 
12:55-Tue-Apr-04-2017 PM2.5 |   7.62 |   7.39 |   7.37 |   6.63 |I I 
12:59-Tue-Apr-04-2017 PM10  |  12.22 |  12.01 |  14.00 |  10.46 |I I 
12:59-Tue-Apr-04-2017 PM2.5 |   7.68 |   7.41 |   7.37 |   6.63 |I I 
13:00-Tue-Apr-04-2017 PM10  |  12.22 |  12.02 |  14.00 |  10.46 |I B 
13:00-Tue-Apr-04-2017 PM2.5 |   7.68 |   7.42 |   7.42 |   6.63 |I B 
13:01-Tue-Apr-04-2017recover dati per host :92.223.147.77/nodered
13:01-Tue-Apr-04-2017 PM10  |  12.99 |  12.99 |  14.00 |  10.46 |I I 
13:01-Tue-Apr-04-2017 PM2.5 |   7.02 |   7.02 |   7.42 |   6.63 |I I 
13:05-Tue-Apr-04-2017 PM10  |  12.59 |  12.79 |  14.00 |  10.46 |I I 
13:05-Tue-Apr-04-2017 PM2.5 |   7.48 |   7.25 |   7.42 |   6.63 |I I 
13:06-Tue-Apr-04-2017 PM10  |  12.75 |  12.77 |  14.00 |  10.46 |I I 
13:06-Tue-Apr-04-2017 PM2.5 |   7.58 |   7.36 |   7.42 |   6.63 |I I 
13:10-Tue-Apr-04-2017 PM10  |  13.06 |  12.85 |  14.00 |  10.46 |I I 
13:10-Tue-Apr-04-2017 PM2.5 |   7.66 |   7.43 |   7.42 |   6.63 |I I 
13:11-Tue-Apr-04-2017 PM10  |  15.31 |  13.34 |  14.00 |  10.46 |I I 
13:11-Tue-Apr-04-2017 PM2.5 |   7.53 |   7.45 |   7.42 |   6.63 |I I 
13:15-Tue-Apr-04-2017 PM10  |  13.14 |  13.31 |  14.00 |  10.46 |I I 
13:15-Tue-Apr-04-2017 PM2.5 |   7.40 |   7.44 |   7.42 |   6.63 |I I 
13:16-Tue-Apr-04-2017 PM10  |  14.07 |  13.42 |  14.00 |  10.46 |I I 
13:16-Tue-Apr-04-2017 PM2.5 |   7.55 |   7.46 |   7.42 |   6.63 |I I 
13:20-Tue-Apr-04-2017 PM10  |  15.31 |  13.65 |  14.00 |  10.46 |I I 
13:20-Tue-Apr-04-2017 PM2.5 |   7.93 |   7.52 |   7.42 |   6.63 |I I 
13:21-Tue-Apr-04-2017 PM10  |  14.38 |  13.73 |  14.00 |  10.46 |I I 
13:21-Tue-Apr-04-2017 PM2.5 |   7.19 |   7.48 |   7.42 |   6.63 |I I 
13:25-Tue-Apr-04-2017 PM10  |  14.37 |  13.80 |  14.00 |  10.46 |I I 
13:25-Tue-Apr-04-2017 PM2.5 |   7.45 |   7.48 |   7.42 |   6.63 |I I 
13:26-Tue-Apr-04-2017 PM10  |  14.37 |  13.85 |  14.00 |  10.46 |I I 
13:26-Tue-Apr-04-2017 PM2.5 |   7.45 |   7.48 |   7.42 |   6.63 |I I 
13:27-Tue-Apr-04-2017 PM10  |  11.90 |  13.69 |  14.00 |  10.46 |I I 
13:27-Tue-Apr-04-2017 PM2.5 |   7.38 |   7.47 |   7.42 |   6.63 |I I 
13:31-Tue-Apr-04-2017 PM10  |  12.85 |  13.62 |  14.00 |  10.46 |I I 
13:31-Tue-Apr-04-2017 PM2.5 |   7.98 |   7.51 |   7.42 |   6.63 |I I 
13:32-Tue-Apr-04-2017 PM10  |  15.79 |  13.78 |  14.00 |  10.46 |I I 
13:32-Tue-Apr-04-2017 PM2.5 |   7.67 |   7.52 |   7.42 |   6.63 |I I 
13:36-Tue-Apr-04-2017 PM10  |  16.78 |  13.98 |  14.00 |  10.46 |I I 
13:36-Tue-Apr-04-2017 PM2.5 |   7.65 |   7.53 |   7.42 |   6.63 |I I 
13:37-Tue-Apr-04-2017 PM10  |  14.50 |  14.01 |  14.00 |  10.46 |I I 
13:37-Tue-Apr-04-2017 PM2.5 |   7.26 |   7.51 |   7.42 |   6.63 |I I 
13:41-Tue-Apr-04-2017 PM10  |  14.57 |  14.04 |  14.00 |  10.46 |I I 
13:41-Tue-Apr-04-2017 PM2.5 |   7.87 |   7.53 |   7.42 |   6.63 |I I 
13:42-Tue-Apr-04-2017 PM10  |  11.59 |  13.91 |  14.00 |  10.46 |I I 
13:42-Tue-Apr-04-2017 PM2.5 |   7.63 |   7.54 |   7.42 |   6.63 |I I 
13:46-Tue-Apr-04-2017 PM10  |  12.56 |  13.84 |  14.00 |  10.46 |I I 
13:46-Tue-Apr-04-2017 PM2.5 |   8.06 |   7.57 |   7.42 |   6.63 |I I 
13:47-Tue-Apr-04-2017 PM10  |  15.42 |  13.92 |  14.00 |  10.46 |I I 
13:47-Tue-Apr-04-2017 PM2.5 |   7.63 |   7.57 |   7.42 |   6.63 |I I 
13:51-Tue-Apr-04-2017 PM10  |  13.68 |  13.91 |  14.00 |  10.46 |I I 
13:51-Tue-Apr-04-2017 PM2.5 |   7.96 |   7.59 |   7.42 |   6.63 |I I 
13:52-Tue-Apr-04-2017 PM10  |  13.68 |  13.90 |  14.00 |  10.46 |I I 
13:52-Tue-Apr-04-2017 PM2.5 |   7.96 |   7.60 |   7.42 |   6.63 |I I 
13:53-Tue-Apr-04-2017 PM10  |  13.94 |  13.90 |  14.00 |  10.46 |I I 
13:53-Tue-Apr-04-2017 PM2.5 |   8.21 |   7.63 |   7.42 |   6.63 |I I 
13:57-Tue-Apr-04-2017 PM10  |  14.11 |  13.91 |  14.00 |  10.46 |I I 
13:57-Tue-Apr-04-2017 PM2.5 |   7.81 |   7.64 |   7.42 |   6.63 |I I 
13:58-Tue-Apr-04-2017 PM10  |  12.79 |  13.86 |  14.00 |  10.46 |I I 
13:58-Tue-Apr-04-2017 PM2.5 |   7.56 |   7.64 |   7.42 |   6.63 |I I 
14:02-Tue-Apr-04-2017 PM10  |  12.34 |  13.80 |  14.00 |  10.46 |I I 
14:02-Tue-Apr-04-2017 PM2.5 |   7.89 |   7.65 |   7.65 |   6.63 |I I 
14:03-Tue-Apr-04-2017 PM10  |  16.05 |  16.05 |  14.00 |  10.46 |I I 
14:03-Tue-Apr-04-2017 PM2.5 |   7.90 |   7.90 |   7.65 |   6.63 |I I 
14:07-Tue-Apr-04-2017 PM10  |  15.76 |  15.91 |  14.00 |  10.46 |I I 
14:07-Tue-Apr-04-2017 PM2.5 |   8.14 |   8.02 |   7.65 |   6.63 |I I 
14:08-Tue-Apr-04-2017 PM10  |  13.84 |  15.22 |  14.00 |  10.46 |I I 
14:08-Tue-Apr-04-2017 PM2.5 |   7.73 |   7.92 |   7.65 |   6.63 |I I 
14:12-Tue-Apr-04-2017 PM10  |  12.15 |  14.45 |  14.00 |  10.46 |I I 
14:12-Tue-Apr-04-2017 PM2.5 |   7.65 |   7.85 |   7.65 |   6.63 |I I 
14:13-Tue-Apr-04-2017 PM10  |  12.12 |  13.98 |  14.00 |  10.46 |I I 
14:13-Tue-Apr-04-2017 PM2.5 |   7.89 |   7.86 |   7.65 |   6.63 |I I 
14:17-Tue-Apr-04-2017 PM10  |  14.68 |  14.10 |  14.00 |  10.46 |I I 
14:17-Tue-Apr-04-2017 PM2.5 |   8.02 |   7.89 |   7.65 |   6.63 |I I 
14:18-Tue-Apr-04-2017 PM10  |  14.68 |  14.18 |  14.00 |  10.46 |I I 
14:18-Tue-Apr-04-2017 PM2.5 |   8.02 |   7.91 |   7.65 |   6.63 |I I 
14:19-Tue-Apr-04-2017 PM10  |  12.25 |  13.94 |  14.00 |  10.46 |I I 
14:19-Tue-Apr-04-2017 PM2.5 |   7.79 |   7.89 |   7.65 |   6.63 |I I 
14:23-Tue-Apr-04-2017 PM10  |  12.82 |  13.82 |  14.00 |  10.46 |I I 
14:23-Tue-Apr-04-2017 PM2.5 |   8.04 |   7.91 |   7.65 |   6.63 |I I 
14:24-Tue-Apr-04-2017 PM10  |  15.26 |  13.96 |  14.00 |  10.46 |I I 
14:24-Tue-Apr-04-2017 PM2.5 |   7.61 |   7.88 |   7.65 |   6.63 |I I 
14:28-Tue-Apr-04-2017 PM10  |  12.43 |  13.82 |  14.00 |  10.46 |I I 
14:28-Tue-Apr-04-2017 PM2.5 |   7.64 |   7.86 |   7.65 |   6.63 |I I 
14:29-Tue-Apr-04-2017 PM10  |  14.00 |  13.84 |  14.00 |  10.46 |I I 
14:29-Tue-Apr-04-2017 PM2.5 |   7.88 |   7.86 |   7.65 |   6.63 |I I 
14:33-Tue-Apr-04-2017 PM10  |  13.11 |  13.78 |  14.00 |  10.46 |I I 
14:33-Tue-Apr-04-2017 PM2.5 |   7.80 |   7.85 |   7.65 |   6.63 |I I 
14:34-Tue-Apr-04-2017 PM10  |  11.51 |  13.62 |  14.00 |  10.46 |I I 
14:34-Tue-Apr-04-2017 PM2.5 |   7.70 |   7.84 |   7.65 |   6.63 |I I 
14:38-Tue-Apr-04-2017 PM10  |  12.52 |  13.55 |  14.00 |  10.46 |I I 
14:38-Tue-Apr-04-2017 PM2.5 |   8.04 |   7.86 |   7.65 |   6.63 |I I 
14:39-Tue-Apr-04-2017 PM10  |  11.85 |  13.44 |  14.00 |  10.46 |I I 
14:39-Tue-Apr-04-2017 PM2.5 |   7.88 |   7.86 |   7.65 |   6.63 |I I 
14:43-Tue-Apr-04-2017 PM10  |  17.16 |  13.66 |  14.00 |  10.46 |I I 
14:43-Tue-Apr-04-2017 PM2.5 |   8.02 |   7.87 |   7.65 |   6.63 |I I 
14:44-Tue-Apr-04-2017 PM10  |  17.16 |  13.85 |  14.00 |  10.46 |I I 
14:44-Tue-Apr-04-2017 PM2.5 |   8.02 |   7.88 |   7.65 |   6.63 |I I 
14:45-Tue-Apr-04-2017 PM10  |  14.39 |  13.88 |  14.00 |  10.46 |I I 
14:45-Tue-Apr-04-2017 PM2.5 |   7.90 |   7.88 |   7.65 |   6.63 |I I 
14:49-Tue-Apr-04-2017 PM10  |  11.61 |  13.77 |  14.00 |  10.46 |I I 
14:49-Tue-Apr-04-2017 PM2.5 |   7.68 |   7.87 |   7.65 |   6.63 |I I 
14:50-Tue-Apr-04-2017 PM10  |  12.34 |  13.70 |  14.00 |  10.46 |I I 
14:50-Tue-Apr-04-2017 PM2.5 |   7.82 |   7.87 |   7.65 |   6.63 |I I 
14:54-Tue-Apr-04-2017 PM10  |  12.81 |  13.66 |  14.00 |  10.46 |I I 
14:54-Tue-Apr-04-2017 PM2.5 |   8.03 |   7.87 |   7.65 |   6.63 |I I 
14:55-Tue-Apr-04-2017 PM10  |  12.84 |  13.62 |  14.00 |  10.46 |I I 
14:55-Tue-Apr-04-2017 PM2.5 |   7.89 |   7.87 |   7.65 |   6.63 |I I 
14:59-Tue-Apr-04-2017 PM10  |  12.45 |  13.57 |  14.00 |  10.46 |I I 
14:59-Tue-Apr-04-2017 PM2.5 |   7.63 |   7.86 |   7.65 |   6.63 |I I 
15:00-Tue-Apr-04-2017 PM10  |  12.81 |  13.54 |  14.00 |  10.46 |I I 
15:00-Tue-Apr-04-2017 PM2.5 |   7.45 |   7.85 |   7.85 |   6.63 |I I 
15:04-Tue-Apr-04-2017 PM10  |  11.43 |  11.43 |  14.00 |  10.46 |I I 
15:04-Tue-Apr-04-2017 PM2.5 |   7.90 |   7.90 |   7.85 |   6.63 |I I 
15:06-Tue-Apr-04-2017 PM10  |  11.19 |  11.31 |  14.00 |  10.46 |I I 
15:06-Tue-Apr-04-2017 PM2.5 |   7.90 |   7.90 |   7.85 |   6.63 |I I 
15:10-Tue-Apr-04-2017 PM10  |  14.64 |  12.42 |  14.00 |  10.46 |I I 
15:10-Tue-Apr-04-2017 PM2.5 |   8.61 |   8.13 |   7.85 |   6.63 |I I 
15:11-Tue-Apr-04-2017 PM10  |  14.64 |  12.97 |  14.00 |  10.46 |I I 
15:11-Tue-Apr-04-2017 PM2.5 |   8.61 |   8.25 |   7.85 |   6.63 |I I 
15:12-Tue-Apr-04-2017 PM10  |  12.29 |  12.84 |  14.00 |  10.46 |I I 
15:12-Tue-Apr-04-2017 PM2.5 |   7.81 |   8.16 |   7.85 |   6.63 |I I 
15:16-Tue-Apr-04-2017 PM10  |  12.65 |  12.81 |  14.00 |  10.46 |I I 
15:16-Tue-Apr-04-2017 PM2.5 |   8.04 |   8.14 |   7.85 |   6.63 |I I 
15:17-Tue-Apr-04-2017 PM10  |  11.70 |  12.65 |  14.00 |  10.46 |I I 
15:17-Tue-Apr-04-2017 PM2.5 |   7.52 |   8.05 |   7.85 |   6.63 |I I 
15:21-Tue-Apr-04-2017 PM10  |  11.69 |  12.53 |  14.00 |  10.46 |I I 
15:21-Tue-Apr-04-2017 PM2.5 |   7.85 |   8.03 |   7.85 |   6.63 |I I 
15:22-Tue-Apr-04-2017 PM10  |  10.92 |  12.35 |  14.00 |  10.46 |I I 
15:22-Tue-Apr-04-2017 PM2.5 |   7.77 |   8.00 |   7.85 |   6.63 |I I 
15:26-Tue-Apr-04-2017 PM10  |  10.50 |  12.16 |  14.00 |  10.46 |I I 
15:26-Tue-Apr-04-2017 PM2.5 |   7.56 |   7.96 |   7.85 |   6.63 |I I 
15:27-Tue-Apr-04-2017 PM10  |  14.13 |  12.34 |  14.00 |  10.46 |I I 
15:27-Tue-Apr-04-2017 PM2.5 |   7.60 |   7.92 |   7.85 |   6.63 |I I 
15:31-Tue-Apr-04-2017 PM10  |  13.67 |  12.45 |  14.00 |  10.46 |I I 
15:31-Tue-Apr-04-2017 PM2.5 |   7.58 |   7.89 |   7.85 |   6.63 |I I 
15:32-Tue-Apr-04-2017 PM10  |  11.13 |  12.35 |  14.00 |  10.46 |I I 
15:32-Tue-Apr-04-2017 PM2.5 |   7.10 |   7.83 |   7.85 |   6.63 |I I 
15:36-Tue-Apr-04-2017 PM10  |  10.93 |  12.25 |  14.00 |  10.46 |I I 
15:36-Tue-Apr-04-2017 PM2.5 |   7.56 |   7.81 |   7.85 |   6.63 |I I 
15:37-Tue-Apr-04-2017 PM10  |  10.93 |  12.16 |  14.00 |  10.46 |I I 
15:37-Tue-Apr-04-2017 PM2.5 |   7.56 |   7.80 |   7.85 |   6.63 |I I 
15:38-Tue-Apr-04-2017 PM10  |  13.19 |  12.23 |  14.00 |  10.46 |I I 
15:38-Tue-Apr-04-2017 PM2.5 |   7.90 |   7.80 |   7.85 |   6.63 |I I 
15:42-Tue-Apr-04-2017 PM10  |  11.76 |  12.20 |  14.00 |  10.46 |I I 
15:42-Tue-Apr-04-2017 PM2.5 |   7.57 |   7.79 |   7.85 |   6.63 |I I 
15:43-Tue-Apr-04-2017 PM10  |  11.21 |  12.14 |  14.00 |  10.46 |I I 
15:43-Tue-Apr-04-2017 PM2.5 |   7.61 |   7.78 |   7.85 |   6.63 |I I 
15:47-Tue-Apr-04-2017 PM10  |  11.85 |  12.13 |  14.00 |  10.46 |I I 
15:47-Tue-Apr-04-2017 PM2.5 |   7.48 |   7.76 |   7.85 |   6.63 |I I 
15:48-Tue-Apr-04-2017 PM10  |  11.01 |  12.07 |  14.00 |  10.46 |I I 
15:48-Tue-Apr-04-2017 PM2.5 |   7.18 |   7.73 |   7.85 |   6.63 |I I 
15:52-Tue-Apr-04-2017 PM10  |  10.71 |  12.01 |  14.00 |  10.46 |I I 
15:52-Tue-Apr-04-2017 PM2.5 |   7.39 |   7.72 |   7.85 |   6.63 |I I 
15:53-Tue-Apr-04-2017 PM10  |  11.09 |  11.97 |  14.00 |  10.46 |I I 
15:53-Tue-Apr-04-2017 PM2.5 |   7.28 |   7.70 |   7.85 |   6.63 |I I 
15:57-Tue-Apr-04-2017 PM10  |  11.87 |  11.96 |  14.00 |  10.46 |I I 
15:57-Tue-Apr-04-2017 PM2.5 |   7.49 |   7.69 |   7.85 |   6.63 |I I 
15:58-Tue-Apr-04-2017 PM10  |  10.70 |  11.91 |  14.00 |  10.46 |I I 
15:58-Tue-Apr-04-2017 PM2.5 |   7.16 |   7.67 |   7.85 |   6.63 |I I 
16:02-Tue-Apr-04-2017 PM10  |  11.97 |  11.91 |  14.00 |  10.46 |I I 
16:02-Tue-Apr-04-2017 PM2.5 |   7.34 |   7.65 |   7.85 |   6.63 |I I 
16:03-Tue-Apr-04-2017 PM10  |  11.97 |  11.97 |  14.00 |  10.46 |I I 
16:03-Tue-Apr-04-2017 PM2.5 |   7.34 |   7.34 |   7.85 |   6.63 |I I 
16:04-Tue-Apr-04-2017 PM10  |  10.51 |  11.24 |  14.00 |  10.46 |I I 
16:04-Tue-Apr-04-2017 PM2.5 |   7.09 |   7.22 |   7.85 |   6.63 |I I 
16:08-Tue-Apr-04-2017 PM10  |  11.68 |  11.39 |  14.00 |  10.46 |I I 
16:08-Tue-Apr-04-2017 PM2.5 |   7.92 |   7.45 |   7.85 |   6.63 |I I 
16:09-Tue-Apr-04-2017 PM10  |  12.57 |  11.68 |  14.00 |  10.46 |I I 
16:09-Tue-Apr-04-2017 PM2.5 |   7.10 |   7.36 |   7.85 |   6.63 |I I 
16:13-Tue-Apr-04-2017 PM10  |  12.16 |  11.78 |  14.00 |  10.46 |I I 
16:13-Tue-Apr-04-2017 PM2.5 |   7.73 |   7.44 |   7.85 |   6.63 |I I 
16:14-Tue-Apr-04-2017 PM10  |  10.76 |  11.61 |  14.00 |  10.46 |I I 
16:14-Tue-Apr-04-2017 PM2.5 |   7.35 |   7.42 |   7.85 |   6.63 |I I 
16:18-Tue-Apr-04-2017 PM10  |   9.40 |  11.29 |  14.00 |  10.46 |I I 
16:18-Tue-Apr-04-2017 PM2.5 |   6.89 |   7.35 |   7.85 |   6.63 |I I 
16:19-Tue-Apr-04-2017 PM10  |  11.19 |  11.28 |  14.00 |  10.46 |I I 
16:19-Tue-Apr-04-2017 PM2.5 |   6.80 |   7.28 |   7.85 |   6.63 |I I 
16:23-Tue-Apr-04-2017 PM10  |  11.90 |  11.35 |  14.00 |  10.46 |I I 
16:23-Tue-Apr-04-2017 PM2.5 |   7.29 |   7.28 |   7.85 |   6.63 |I I 
16:24-Tue-Apr-04-2017 PM10  |  11.40 |  11.35 |  14.00 |  10.46 |I I 
16:24-Tue-Apr-04-2017 PM2.5 |   7.25 |   7.28 |   7.85 |   6.63 |I I 
16:28-Tue-Apr-04-2017 PM10  |  11.05 |  11.33 |  14.00 |  10.46 |I I 
16:28-Tue-Apr-04-2017 PM2.5 |   7.48 |   7.29 |   7.85 |   6.63 |I I 
16:29-Tue-Apr-04-2017 PM10  |  11.05 |  11.30 |  14.00 |  10.46 |I I 
16:29-Tue-Apr-04-2017 PM2.5 |   7.48 |   7.31 |   7.85 |   6.63 |I I 
16:30-Tue-Apr-04-2017 PM10  |  11.77 |  11.34 |  14.00 |  10.46 |I I 
16:30-Tue-Apr-04-2017 PM2.5 |   7.88 |   7.35 |   7.85 |   6.63 |I I 
16:34-Tue-Apr-04-2017 PM10  |  10.71 |  11.29 |  14.00 |  10.46 |I I 
16:34-Tue-Apr-04-2017 PM2.5 |   7.33 |   7.35 |   7.85 |   6.63 |I I 
16:35-Tue-Apr-04-2017 PM10  |  10.36 |  11.23 |  14.00 |  10.46 |I I 
16:35-Tue-Apr-04-2017 PM2.5 |   6.95 |   7.32 |   7.85 |   6.63 |I I 
16:39-Tue-Apr-04-2017 PM10  |   9.32 |  11.11 |  14.00 |  10.46 |I I 
16:39-Tue-Apr-04-2017 PM2.5 |   6.88 |   7.30 |   7.85 |   6.63 |I I 
16:40-Tue-Apr-04-2017 PM10  |  10.22 |  11.06 |  14.00 |  10.46 |I I 
16:40-Tue-Apr-04-2017 PM2.5 |   7.00 |   7.28 |   7.85 |   6.63 |I I 
16:44-Tue-Apr-04-2017 PM10  |  10.05 |  11.00 |  14.00 |  10.46 |I I 
16:44-Tue-Apr-04-2017 PM2.5 |   7.00 |   7.26 |   7.85 |   6.63 |I I 
16:45-Tue-Apr-04-2017 PM10  |  11.53 |  11.03 |  14.00 |  10.46 |I I 
16:45-Tue-Apr-04-2017 PM2.5 |   7.00 |   7.25 |   7.85 |   6.63 |I I 
16:49-Tue-Apr-04-2017 PM10  |   8.87 |  10.92 |  14.00 |  10.46 |I I 
16:49-Tue-Apr-04-2017 PM2.5 |   7.21 |   7.25 |   7.85 |   6.63 |I I 
16:50-Tue-Apr-04-2017 PM10  |   9.31 |  10.85 |  14.00 |  10.46 |I I 
16:50-Tue-Apr-04-2017 PM2.5 |   6.85 |   7.23 |   7.85 |   6.63 |I I 
16:54-Tue-Apr-04-2017 PM10  |   9.98 |  10.81 |  14.00 |  10.46 |I I 
16:54-Tue-Apr-04-2017 PM2.5 |   7.22 |   7.23 |   7.85 |   6.63 |I I 
16:55-Tue-Apr-04-2017 PM10  |   9.71 |  10.76 |  14.00 |  10.46 |I I 
16:55-Tue-Apr-04-2017 PM2.5 |   7.18 |   7.23 |   7.85 |   6.63 |I I 
16:56-Tue-Apr-04-2017 PM10  |   9.71 |  10.72 |  14.00 |  10.46 |I I 
16:56-Tue-Apr-04-2017 PM2.5 |   7.18 |   7.22 |   7.85 |   6.63 |I I 
17:00-Tue-Apr-04-2017 PM10  |  11.92 |  10.76 |  14.00 |  10.46 |I I 
17:00-Tue-Apr-04-2017 PM2.5 |   7.35 |   7.23 |   7.85 |   6.63 |I I 
17:01-Tue-Apr-04-2017 PM10  |  10.95 |  10.95 |  14.00 |  10.46 |I I 
17:01-Tue-Apr-04-2017 PM2.5 |   6.93 |   6.93 |   7.85 |   6.63 |I I 
17:05-Tue-Apr-04-2017 PM10  |   9.88 |  10.41 |  14.00 |  10.46 |I I 
17:05-Tue-Apr-04-2017 PM2.5 |   7.26 |   7.10 |   7.85 |   6.63 |I I 
17:06-Tue-Apr-04-2017 PM10  |  11.70 |  10.84 |  14.00 |  10.46 |I I 
17:06-Tue-Apr-04-2017 PM2.5 |   7.14 |   7.11 |   7.85 |   6.63 |I I 
17:10-Tue-Apr-04-2017 PM10  |  11.12 |  10.91 |  14.00 |  10.46 |I I 
17:10-Tue-Apr-04-2017 PM2.5 |   7.17 |   7.13 |   7.85 |   6.63 |I I 
17:11-Tue-Apr-04-2017 PM10  |   9.82 |  10.69 |  14.00 |  10.46 |I I 
17:11-Tue-Apr-04-2017 PM2.5 |   7.20 |   7.14 |   7.85 |   6.63 |I I 
17:15-Tue-Apr-04-2017 PM10  |   9.60 |  10.51 |  14.00 |  10.46 |I I 
17:15-Tue-Apr-04-2017 PM2.5 |   7.31 |   7.17 |   7.85 |   6.63 |I I 
17:16-Tue-Apr-04-2017 PM10  |   9.64 |  10.39 |  14.00 |  10.46 |I I 
17:16-Tue-Apr-04-2017 PM2.5 |   7.02 |   7.15 |   7.85 |   6.63 |I I 
17:20-Tue-Apr-04-2017 PM10  |   9.89 |  10.32 |  14.00 |  10.46 |I I 
17:20-Tue-Apr-04-2017 PM2.5 |   7.10 |   7.14 |   7.85 |   6.63 |I I 
17:21-Tue-Apr-04-2017 PM10  |   9.89 |  10.28 |  14.00 |  10.46 |I I 
17:21-Tue-Apr-04-2017 PM2.5 |   7.10 |   7.14 |   7.85 |   6.63 |I I 
17:22-Tue-Apr-04-2017 PM10  |   9.67 |  10.22 |  14.00 |  10.46 |I I 
17:22-Tue-Apr-04-2017 PM2.5 |   6.70 |   7.09 |   7.85 |   6.63 |I I 
17:26-Tue-Apr-04-2017 PM10  |   9.38 |  10.14 |  14.00 |  10.46 |I I 
17:26-Tue-Apr-04-2017 PM2.5 |   7.19 |   7.10 |   7.85 |   6.63 |I I 
17:27-Tue-Apr-04-2017 PM10  |  10.27 |  10.15 |  14.00 |  10.46 |I I 
17:27-Tue-Apr-04-2017 PM2.5 |   7.16 |   7.11 |   7.85 |   6.63 |I I 
17:31-Tue-Apr-04-2017 PM10  |   9.13 |  10.07 |  14.00 |  10.46 |I I 
17:31-Tue-Apr-04-2017 PM2.5 |   7.02 |   7.10 |   7.85 |   6.63 |I I 
17:32-Tue-Apr-04-2017 PM10  |   9.00 |  10.00 |  14.00 |  10.46 |I I 
17:32-Tue-Apr-04-2017 PM2.5 |   6.49 |   7.06 |   7.85 |   6.63 |I I 
17:36-Tue-Apr-04-2017 PM10  |  10.59 |  10.04 |  14.00 |  10.46 |I I 
17:36-Tue-Apr-04-2017 PM2.5 |   6.74 |   7.04 |   7.85 |   6.63 |I I 
17:37-Tue-Apr-04-2017 PM10  |  10.79 |  10.08 |  14.00 |  10.46 |I I 
17:37-Tue-Apr-04-2017 PM2.5 |   7.29 |   7.05 |   7.85 |   6.63 |I I 
17:41-Tue-Apr-04-2017 PM10  |   9.38 |  10.04 |  14.00 |  10.46 |I I 
17:41-Tue-Apr-04-2017 PM2.5 |   6.91 |   7.04 |   7.85 |   6.63 |I I 
17:42-Tue-Apr-04-2017 PM10  |   9.95 |  10.04 |  14.00 |  10.46 |I I 
17:42-Tue-Apr-04-2017 PM2.5 |   6.59 |   7.02 |   7.85 |   6.63 |I I 
17:46-Tue-Apr-04-2017 PM10  |  10.14 |  10.04 |  14.00 |  10.46 |I I 
17:46-Tue-Apr-04-2017 PM2.5 |   7.14 |   7.02 |   7.85 |   6.63 |I I 
17:47-Tue-Apr-04-2017 PM10  |   9.22 |  10.00 |  14.00 |  10.46 |I I 
17:47-Tue-Apr-04-2017 PM2.5 |   6.76 |   7.01 |   7.85 |   6.63 |I I 
17:48-Tue-Apr-04-2017 PM10  |   9.22 |   9.96 |  14.00 |  10.46 |I I 
17:48-Tue-Apr-04-2017 PM2.5 |   6.76 |   7.00 |   7.85 |   6.63 |I I 
17:52-Tue-Apr-04-2017 PM10  |   9.90 |   9.96 |  14.00 |  10.46 |I I 
17:52-Tue-Apr-04-2017 PM2.5 |   6.75 |   6.99 |   7.85 |   6.63 |I I 
17:53-Tue-Apr-04-2017 PM10  |   9.19 |   9.93 |  14.00 |  10.46 |I I 
17:53-Tue-Apr-04-2017 PM2.5 |   6.64 |   6.97 |   7.85 |   6.63 |I I 
17:57-Tue-Apr-04-2017 PM10  |   9.61 |   9.91 |  14.00 |  10.46 |I I 
17:57-Tue-Apr-04-2017 PM2.5 |   6.86 |   6.97 |   7.85 |   6.63 |I I 
17:58-Tue-Apr-04-2017 PM10  |   9.75 |   9.91 |  14.00 |  10.46 |I I 
17:58-Tue-Apr-04-2017 PM2.5 |   6.79 |   6.96 |   7.85 |   6.63 |I I 
18:02-Tue-Apr-04-2017 PM10  |   9.13 |   9.88 |  14.00 |   9.88 |I I 
18:02-Tue-Apr-04-2017 PM2.5 |   6.99 |   6.96 |   7.85 |   6.63 |I I 
18:04-Tue-Apr-04-2017 PM10  |  10.46 |  10.46 |  14.00 |   9.88 |I I 
18:04-Tue-Apr-04-2017 PM2.5 |   6.80 |   6.80 |   7.85 |   6.63 |I I 
18:08-Tue-Apr-04-2017 PM10  |  10.21 |  10.33 |  14.00 |   9.88 |I I 
18:08-Tue-Apr-04-2017 PM2.5 |   7.03 |   6.92 |   7.85 |   6.63 |I I 
18:09-Tue-Apr-04-2017 PM10  |   9.74 |  10.14 |  14.00 |   9.88 |I I 
18:09-Tue-Apr-04-2017 PM2.5 |   7.13 |   6.99 |   7.85 |   6.63 |I I 
18:13-Tue-Apr-04-2017 PM10  |   9.17 |   9.90 |  14.00 |   9.88 |I I 
18:13-Tue-Apr-04-2017 PM2.5 |   7.05 |   7.00 |   7.85 |   6.63 |I I 
18:14-Tue-Apr-04-2017 PM10  |   9.17 |   9.75 |  14.00 |   9.88 |I I 
18:14-Tue-Apr-04-2017 PM2.5 |   7.05 |   7.01 |   7.85 |   6.63 |I I 
18:15-Tue-Apr-04-2017 PM10  |   9.46 |   9.70 |  14.00 |   9.88 |I I 
18:15-Tue-Apr-04-2017 PM2.5 |   6.87 |   6.99 |   7.85 |   6.63 |I I 
18:19-Tue-Apr-04-2017 PM10  |   9.89 |   9.73 |  14.00 |   9.88 |I I 
18:19-Tue-Apr-04-2017 PM2.5 |   6.68 |   6.95 |   7.85 |   6.63 |I I 
18:20-Tue-Apr-04-2017 PM10  |   8.97 |   9.63 |  14.00 |   9.88 |I I 
18:20-Tue-Apr-04-2017 PM2.5 |   6.84 |   6.93 |   7.85 |   6.63 |I I 
18:24-Tue-Apr-04-2017 PM10  |   8.55 |   9.51 |  14.00 |   9.88 |I I 
18:24-Tue-Apr-04-2017 PM2.5 |   6.85 |   6.92 |   7.85 |   6.63 |I I 
18:25-Tue-Apr-04-2017 PM10  |   8.34 |   9.40 |  14.00 |   9.88 |I I 
18:25-Tue-Apr-04-2017 PM2.5 |   6.62 |   6.89 |   7.85 |   6.63 |I I 
18:29-Tue-Apr-04-2017 PM10  |  10.28 |   9.48 |  14.00 |   9.88 |I I 
18:29-Tue-Apr-04-2017 PM2.5 |   7.13 |   6.92 |   7.85 |   6.63 |I I 
18:30-Tue-Apr-04-2017 PM10  |   9.73 |   9.50 |  14.00 |   9.88 |I I 
18:30-Tue-Apr-04-2017 PM2.5 |   7.19 |   6.94 |   7.85 |   6.63 |I I 
18:34-Tue-Apr-04-2017 PM10  |  10.06 |   9.54 |  14.00 |   9.88 |I I 
18:34-Tue-Apr-04-2017 PM2.5 |   7.25 |   6.96 |   7.85 |   6.63 |I I 
18:35-Tue-Apr-04-2017 PM10  |   8.31 |   9.45 |  14.00 |   9.88 |I I 
18:35-Tue-Apr-04-2017 PM2.5 |   6.64 |   6.94 |   7.85 |   6.63 |I I 
18:39-Tue-Apr-04-2017 PM10  |   8.35 |   9.38 |  14.00 |   9.88 |I I 
18:39-Tue-Apr-04-2017 PM2.5 |   6.84 |   6.93 |   7.85 |   6.63 |I I 
18:40-Tue-Apr-04-2017 PM10  |   8.35 |   9.32 |  14.00 |   9.88 |I I 
18:40-Tue-Apr-04-2017 PM2.5 |   6.84 |   6.93 |   7.85 |   6.63 |I I 
18:41-Tue-Apr-04-2017 PM10  |   8.61 |   9.27 |  14.00 |   9.88 |I I 
18:41-Tue-Apr-04-2017 PM2.5 |   6.39 |   6.90 |   7.85 |   6.63 |I I 
18:45-Tue-Apr-04-2017 PM10  |   9.15 |   9.27 |  14.00 |   9.88 |I I 
18:45-Tue-Apr-04-2017 PM2.5 |   7.02 |   6.90 |   7.85 |   6.63 |I I 
18:46-Tue-Apr-04-2017 PM10  |  10.26 |   9.32 |  14.00 |   9.88 |I I 
18:46-Tue-Apr-04-2017 PM2.5 |   6.85 |   6.90 |   7.85 |   6.63 |I I 
18:50-Tue-Apr-04-2017 PM10  |   9.60 |   9.33 |  14.00 |   9.88 |I I 
18:50-Tue-Apr-04-2017 PM2.5 |   6.84 |   6.90 |   7.85 |   6.63 |I I 
18:51-Tue-Apr-04-2017 PM10  |   8.91 |   9.31 |  14.00 |   9.88 |I I 
18:51-Tue-Apr-04-2017 PM2.5 |   6.57 |   6.88 |   7.85 |   6.63 |I I 
18:55-Tue-Apr-04-2017 PM10  |   9.23 |   9.31 |  14.00 |   9.88 |I I 
18:55-Tue-Apr-04-2017 PM2.5 |   6.74 |   6.87 |   7.85 |   6.63 |I I 
18:56-Tue-Apr-04-2017 PM10  |  10.39 |   9.36 |  14.00 |   9.88 |I I 
18:56-Tue-Apr-04-2017 PM2.5 |   6.95 |   6.88 |   7.85 |   6.63 |I I 
19:00-Tue-Apr-04-2017 PM10  |  10.72 |   9.41 |  14.00 |   9.41 |I B 
19:00-Tue-Apr-04-2017 PM2.5 |   7.11 |   6.89 |   7.85 |   6.63 |I B 
19:01-Tue-Apr-04-2017recover dati per host :92.223.147.77/nodered
19:01-Tue-Apr-04-2017 PM10  |   9.03 |   9.03 |  14.00 |   9.41 |I I 
19:01-Tue-Apr-04-2017 PM2.5 |   6.46 |   6.46 |   7.85 |   6.63 |I I 
19:05-Tue-Apr-04-2017 PM10  |   9.30 |   9.16 |  14.00 |   9.41 |I I 
19:05-Tue-Apr-04-2017 PM2.5 |   6.65 |   6.56 |   7.85 |   6.63 |I I 
19:06-Tue-Apr-04-2017 PM10  |  10.98 |   9.77 |  14.00 |   9.41 |I I 
19:06-Tue-Apr-04-2017 PM2.5 |   6.99 |   6.70 |   7.85 |   6.63 |I I 
19:07-Tue-Apr-04-2017 PM10  |  10.98 |  10.07 |  14.00 |   9.41 |I I 
19:07-Tue-Apr-04-2017 PM2.5 |   6.99 |   6.77 |   7.85 |   6.63 |I I 
19:11-Tue-Apr-04-2017 PM10  |   9.21 |   9.90 |  14.00 |   9.41 |I I 
19:11-Tue-Apr-04-2017 PM2.5 |   6.71 |   6.76 |   7.85 |   6.63 |I I 
19:12-Tue-Apr-04-2017 PM10  |  11.84 |  10.22 |  14.00 |   9.41 |I I 
19:12-Tue-Apr-04-2017 PM2.5 |   6.62 |   6.74 |   7.85 |   6.63 |I I 
19:16-Tue-Apr-04-2017 PM10  |  10.97 |  10.33 |  14.00 |   9.41 |I I 
19:16-Tue-Apr-04-2017 PM2.5 |   6.81 |   6.75 |   7.85 |   6.63 |I I 
19:17-Tue-Apr-04-2017 PM10  |   9.63 |  10.24 |  14.00 |   9.41 |I I 
19:17-Tue-Apr-04-2017 PM2.5 |   6.65 |   6.73 |   7.85 |   6.63 |I I 
19:21-Tue-Apr-04-2017 PM10  |  10.03 |  10.22 |  14.00 |   9.41 |I I 
19:21-Tue-Apr-04-2017 PM2.5 |   6.75 |   6.74 |   7.85 |   6.63 |I I 
19:22-Tue-Apr-04-2017 PM10  |  12.66 |  10.46 |  14.00 |   9.41 |I I 
19:22-Tue-Apr-04-2017 PM2.5 |   6.80 |   6.74 |   7.85 |   6.63 |I I 
19:26-Tue-Apr-04-2017 PM10  |  12.29 |  10.63 |  14.00 |   9.41 |I I 
19:26-Tue-Apr-04-2017 PM2.5 |   6.59 |   6.73 |   7.85 |   6.63 |I I 
19:27-Tue-Apr-04-2017 PM10  |  11.28 |  10.68 |  14.00 |   9.41 |I I 
19:27-Tue-Apr-04-2017 PM2.5 |   7.00 |   6.75 |   7.85 |   6.63 |I I 
19:31-Tue-Apr-04-2017 PM10  |  11.48 |  10.75 |  14.00 |   9.41 |I I 
19:31-Tue-Apr-04-2017 PM2.5 |   6.89 |   6.76 |   7.85 |   6.63 |I I 
19:32-Tue-Apr-04-2017 PM10  |  11.28 |  10.78 |  14.00 |   9.41 |I I 
19:32-Tue-Apr-04-2017 PM2.5 |   6.79 |   6.76 |   7.85 |   6.63 |I I 
19:33-Tue-Apr-04-2017 PM10  |  11.28 |  10.82 |  14.00 |   9.41 |I I 
19:33-Tue-Apr-04-2017 PM2.5 |   6.79 |   6.76 |   7.85 |   6.63 |I I 
19:37-Tue-Apr-04-2017 PM10  |  10.44 |  10.79 |  14.00 |   9.41 |I I 
19:37-Tue-Apr-04-2017 PM2.5 |   6.79 |   6.77 |   7.85 |   6.63 |I I 
19:38-Tue-Apr-04-2017 PM10  |   9.09 |  10.69 |  14.00 |   9.41 |I I 
19:38-Tue-Apr-04-2017 PM2.5 |   6.52 |   6.75 |   7.85 |   6.63 |I I 
19:42-Tue-Apr-04-2017 PM10  |   9.38 |  10.62 |  14.00 |   9.41 |I I 
19:42-Tue-Apr-04-2017 PM2.5 |   6.45 |   6.73 |   7.85 |   6.63 |I I 
19:43-Tue-Apr-04-2017 PM10  |   9.53 |  10.56 |  14.00 |   9.41 |I I 
19:43-Tue-Apr-04-2017 PM2.5 |   6.52 |   6.72 |   7.85 |   6.63 |I I 
19:47-Tue-Apr-04-2017 PM10  |   9.11 |  10.49 |  14.00 |   9.41 |I I 
19:47-Tue-Apr-04-2017 PM2.5 |   6.68 |   6.72 |   7.85 |   6.63 |I I 
19:48-Tue-Apr-04-2017 PM10  |  12.39 |  10.58 |  14.00 |   9.41 |I I 
19:48-Tue-Apr-04-2017 PM2.5 |   7.11 |   6.74 |   7.85 |   6.63 |I I 
19:52-Tue-Apr-04-2017 PM10  |  10.18 |  10.56 |  14.00 |   9.41 |I I 
19:52-Tue-Apr-04-2017 PM2.5 |   6.80 |   6.74 |   7.85 |   6.63 |I I 
19:53-Tue-Apr-04-2017 PM10  |   9.79 |  10.53 |  14.00 |   9.41 |I I 
19:53-Tue-Apr-04-2017 PM2.5 |   6.79 |   6.74 |   7.85 |   6.63 |I I 
19:57-Tue-Apr-04-2017 PM10  |  10.67 |  10.53 |  14.00 |   9.41 |I I 
19:57-Tue-Apr-04-2017 PM2.5 |   7.47 |   6.77 |   7.85 |   6.63 |I I 
19:58-Tue-Apr-04-2017 PM10  |  12.24 |  10.60 |  14.00 |   9.41 |I I 
19:58-Tue-Apr-04-2017 PM2.5 |   8.31 |   6.84 |   7.85 |   6.63 |I I 
19:59-Tue-Apr-04-2017 PM10  |  12.24 |  10.67 |  14.00 |   9.41 |I I 
19:59-Tue-Apr-04-2017 PM2.5 |   8.31 |   6.89 |   7.85 |   6.63 |I I 
20:03-Tue-Apr-04-2017 PM10  |  14.63 |  10.81 |  14.00 |   9.41 |I I 
20:03-Tue-Apr-04-2017 PM2.5 |   8.97 |   6.97 |   7.85 |   6.63 |I I 
20:04-Tue-Apr-04-2017 PM10  |  15.10 |  15.10 |  14.00 |   9.41 |I I 
20:04-Tue-Apr-04-2017 PM2.5 |  10.39 |  10.39 |   7.85 |   6.63 |I I 
20:08-Tue-Apr-04-2017 PM10  |  14.99 |  15.04 |  14.00 |   9.41 |I I 
20:08-Tue-Apr-04-2017 PM2.5 |  11.41 |  10.90 |   7.85 |   6.63 |I I 
20:09-Tue-Apr-04-2017 PM10  |  21.68 |  17.26 |  14.00 |   9.41 |I I 
20:09-Tue-Apr-04-2017 PM2.5 |  19.31 |  13.70 |   7.85 |   6.63 |I I 
20:13-Tue-Apr-04-2017 PM10  |  23.32 |  18.77 |  14.00 |   9.41 |I I 
20:13-Tue-Apr-04-2017 PM2.5 |  21.62 |  15.68 |   7.85 |   6.63 |I I 
20:14-Tue-Apr-04-2017 PM10  |  33.37 |  21.69 |  14.00 |   9.41 |I I 
20:14-Tue-Apr-04-2017 PM2.5 |  31.75 |  18.90 |   7.85 |   6.63 |I I 
20:18-Tue-Apr-04-2017 PM10  |  36.09 |  24.09 |  14.00 |   9.41 |I I 
20:18-Tue-Apr-04-2017 PM2.5 |  34.30 |  21.46 |   7.85 |   6.63 |I I 
20:19-Tue-Apr-04-2017 PM10  |  41.42 |  26.57 |  14.00 |   9.41 |I I 
20:19-Tue-Apr-04-2017 PM2.5 |  39.42 |  24.03 |   7.85 |   6.63 |I I 
20:23-Tue-Apr-04-2017 PM10  |  42.01 |  28.50 |  14.00 |   9.41 |I I 
20:23-Tue-Apr-04-2017 PM2.5 |  39.97 |  26.02 |   7.85 |   6.63 |I I 
20:24-Tue-Apr-04-2017 PM10  |  45.16 |  30.35 |  14.00 |   9.41 |I I 
20:24-Tue-Apr-04-2017 PM2.5 |  42.96 |  27.90 |   7.85 |   6.63 |I I 
20:28-Tue-Apr-04-2017 PM10  |  46.81 |  31.99 |  14.00 |   9.41 |I I 
20:28-Tue-Apr-04-2017 PM2.5 |  44.52 |  29.57 |   7.85 |   6.63 |I I 
20:29-Tue-Apr-04-2017 PM10  |  46.81 |  33.34 |  14.00 |   9.41 |I I 
20:29-Tue-Apr-04-2017 PM2.5 |  44.52 |  30.92 |   7.85 |   6.63 |I I 
20:30-Tue-Apr-04-2017 PM10  |  47.50 |  34.52 |  14.00 |   9.41 |I I 
20:30-Tue-Apr-04-2017 PM2.5 |  44.17 |  32.03 |   7.85 |   6.63 |I I 
20:34-Tue-Apr-04-2017 PM10  |  47.18 |  35.49 |  14.00 |   9.41 |I I 
20:34-Tue-Apr-04-2017 PM2.5 |  44.88 |  33.02 |   7.85 |   6.63 |I I 
20:35-Tue-Apr-04-2017 PM10  |  48.22 |  36.40 |  14.00 |   9.41 |I I 
20:35-Tue-Apr-04-2017 PM2.5 |  44.94 |  33.87 |   7.85 |   6.63 |I I 
20:39-Tue-Apr-04-2017 PM10  |  51.57 |  37.41 |  14.00 |   9.41 |I I 
20:39-Tue-Apr-04-2017 PM2.5 |  45.53 |  34.65 |   7.85 |   6.63 |I I 
20:40-Tue-Apr-04-2017 PM10  |  49.29 |  38.16 |  14.00 |   9.41 |I B 
20:40-Tue-Apr-04-2017 PM2.5 |  46.25 |  35.37 |   7.85 |   6.63 |I B 
20:44-Tue-Apr-04-2017 PM10  |  47.77 |  38.72 |  14.00 |   9.41 |I B 
20:44-Tue-Apr-04-2017 PM2.5 |  44.45 |  35.91 |   7.85 |   6.63 |I B 
20:46-Tue-Apr-04-2017recover dati per host :92.223.147.77/nodered
20:46-Tue-Apr-04-2017 PM10  |  44.87 |  39.06 |  14.00 |   9.41 |I I 
20:46-Tue-Apr-04-2017 PM2.5 |  42.37 |  36.26 |   7.85 |   6.63 |I I 
20:50-Tue-Apr-04-2017 PM10  |  46.64 |  39.46 |  14.00 |   9.41 |I I 
20:50-Tue-Apr-04-2017 PM2.5 |  44.07 |  36.68 |   7.85 |   6.63 |I I 
20:51-Tue-Apr-04-2017 PM10  |  43.35 |  39.66 |  14.00 |   9.41 |I I 
20:51-Tue-Apr-04-2017 PM2.5 |  41.16 |  36.90 |   7.85 |   6.63 |I I 
20:55-Tue-Apr-04-2017 PM10  |  43.99 |  39.86 |  14.00 |   9.41 |I I 
20:55-Tue-Apr-04-2017 PM2.5 |  41.84 |  37.14 |   7.85 |   6.63 |I I 
20:56-Tue-Apr-04-2017 PM10  |  43.99 |  40.05 |  14.00 |   9.41 |I I 
20:56-Tue-Apr-04-2017 PM2.5 |  41.84 |  37.35 |   7.85 |   6.63 |I I 
20:57-Tue-Apr-04-2017 PM10  |  45.78 |  40.30 |  14.00 |   9.41 |I I 
20:57-Tue-Apr-04-2017 PM2.5 |  41.47 |  37.53 |   7.85 |   6.63 |I I 
21:01-Tue-Apr-04-2017 PM10  |  45.26 |  40.51 |  40.51 |   9.41 |I I 
21:01-Tue-Apr-04-2017 PM2.5 |  41.41 |  37.69 |  37.69 |   6.63 |I I 
21:02-Tue-Apr-04-2017 PM10  |  42.96 |  42.96 |  40.51 |   9.41 |I I 
21:02-Tue-Apr-04-2017 PM2.5 |  40.86 |  40.86 |  37.69 |   6.63 |I I 
21:06-Tue-Apr-04-2017 PM10  |  42.64 |  42.80 |  40.51 |   9.41 |I I 
21:06-Tue-Apr-04-2017 PM2.5 |  40.54 |  40.70 |  37.69 |   6.63 |I I 
21:07-Tue-Apr-04-2017 PM10  |  45.74 |  43.78 |  40.51 |   9.41 |I I 
21:07-Tue-Apr-04-2017 PM2.5 |  39.07 |  40.16 |  37.69 |   6.63 |I I 
21:11-Tue-Apr-04-2017 PM10  |  40.60 |  42.99 |  40.51 |   9.41 |I I 
21:11-Tue-Apr-04-2017 PM2.5 |  38.49 |  39.74 |  37.69 |   6.63 |I I 
21:12-Tue-Apr-04-2017 PM10  |  40.60 |  42.51 |  40.51 |   9.41 |I I 
21:12-Tue-Apr-04-2017 PM2.5 |  38.60 |  39.51 |  37.69 |   6.63 |I I 
21:16-Tue-Apr-04-2017 PM10  |  40.61 |  42.19 |  40.51 |   9.41 |I B 
21:16-Tue-Apr-04-2017 PM2.5 |  38.61 |  39.36 |  37.69 |   6.63 |I B 
21:17-Tue-Apr-04-2017recover dati per host :92.223.147.77/nodered
21:17-Tue-Apr-04-2017 PM10  |  41.67 |  42.12 |  40.51 |   9.41 |I I 
21:17-Tue-Apr-04-2017 PM2.5 |  39.64 |  39.40 |  37.69 |   6.63 |I I 
21:21-Tue-Apr-04-2017 PM10  |  41.25 |  42.01 |  40.51 |   9.41 |I I 
21:21-Tue-Apr-04-2017 PM2.5 |  39.02 |  39.35 |  37.69 |   6.63 |I I 
21:22-Tue-Apr-04-2017 PM10  |  44.99 |  42.34 |  40.51 |   9.41 |I I 
21:22-Tue-Apr-04-2017 PM2.5 |  36.87 |  39.08 |  37.69 |   6.63 |I I 
21:23-Tue-Apr-04-2017 PM10  |  44.99 |  42.61 |  40.51 |   9.41 |I I 
21:23-Tue-Apr-04-2017 PM2.5 |  36.87 |  38.86 |  37.69 |   6.63 |I I 
21:27-Tue-Apr-04-2017 PM10  |  40.78 |  42.44 |  40.51 |   9.41 |I B 
21:27-Tue-Apr-04-2017 PM2.5 |  37.81 |  38.76 |  37.69 |   6.63 |I B 
21:28-Tue-Apr-04-2017recover dati per host :92.223.147.77/nodered
21:28-Tue-Apr-04-2017 PM10  |  40.06 |  42.24 |  40.51 |   9.41 |I I 
21:28-Tue-Apr-04-2017 PM2.5 |  38.12 |  38.71 |  37.69 |   6.63 |I I 
21:32-Tue-Apr-04-2017 PM10  |  39.63 |  42.04 |  40.51 |   9.41 |I I 
21:32-Tue-Apr-04-2017 PM2.5 |  37.71 |  38.63 |  37.69 |   6.63 |I I 
21:33-Tue-Apr-04-2017 PM10  |  38.67 |  41.80 |  40.51 |   9.41 |I I 
21:33-Tue-Apr-04-2017 PM2.5 |  36.65 |  38.49 |  37.69 |   6.63 |I I 
21:37-Tue-Apr-04-2017 PM10  |  39.12 |  41.62 |  40.51 |   9.41 |I I 
21:37-Tue-Apr-04-2017 PM2.5 |  37.17 |  38.40 |  37.69 |   6.63 |I I 
21:38-Tue-Apr-04-2017 PM10  |  39.40 |  41.48 |  40.51 |   9.41 |I I 
21:38-Tue-Apr-04-2017 PM2.5 |  37.18 |  38.32 |  37.69 |   6.63 |I I 
21:42-Tue-Apr-04-2017 PM10  |  38.01 |  41.28 |  40.51 |   9.41 |I I 
21:42-Tue-Apr-04-2017 PM2.5 |  36.14 |  38.20 |  37.69 |   6.63 |I I 
21:43-Tue-Apr-04-2017 PM10  |  40.83 |  41.25 |  40.51 |   9.41 |I I 
21:43-Tue-Apr-04-2017 PM2.5 |  36.59 |  38.11 |  37.69 |   6.63 |I I 
21:47-Tue-Apr-04-2017 PM10  |  37.57 |  41.06 |  40.51 |   9.41 |I I 
21:47-Tue-Apr-04-2017 PM2.5 |  35.03 |  37.94 |  37.69 |   6.63 |I I 
21:48-Tue-Apr-04-2017 PM10  |  37.20 |  40.87 |  40.51 |   9.41 |I I 
21:48-Tue-Apr-04-2017 PM2.5 |  35.23 |  37.81 |  37.69 |   6.63 |I I 
21:49-Tue-Apr-04-2017 PM10  |  37.20 |  40.69 |  40.51 |   9.41 |I I 
21:49-Tue-Apr-04-2017 PM2.5 |  35.23 |  37.69 |  37.69 |   6.63 |I I 
21:53-Tue-Apr-04-2017 PM10  |  37.67 |  40.55 |  40.51 |   9.41 |I B 
21:53-Tue-Apr-04-2017 PM2.5 |  35.83 |  37.60 |  37.69 |   6.63 |I B 
21:54-Tue-Apr-04-2017recover dati per host :92.223.147.77/nodered
21:54-Tue-Apr-04-2017 PM10  |  37.04 |  40.40 |  40.51 |   9.41 |I I 
21:54-Tue-Apr-04-2017 PM2.5 |  35.15 |  37.50 |  37.69 |   6.63 |I I 
21:58-Tue-Apr-04-2017 PM10  |  35.97 |  40.22 |  40.51 |   9.41 |I I 
21:58-Tue-Apr-04-2017 PM2.5 |  34.20 |  37.36 |  37.69 |   6.63 |I I 
21:59-Tue-Apr-04-2017 PM10  |  36.64 |  40.07 |  40.51 |   9.41 |I I 
21:59-Tue-Apr-04-2017 PM2.5 |  34.84 |  37.26 |  37.69 |   6.63 |I I 
22:03-Tue-Apr-04-2017 PM10  |  37.08 |  39.96 |  40.51 |   9.41 |I I 
22:03-Tue-Apr-04-2017 PM2.5 |  35.28 |  37.18 |  37.69 |   6.63 |I I 
22:04-Tue-Apr-04-2017 PM10  |  38.58 |  38.58 |  40.51 |   9.41 |I I 
22:04-Tue-Apr-04-2017 PM2.5 |  34.09 |  34.09 |  37.69 |   6.63 |I I 
22:08-Tue-Apr-04-2017 PM10  |  36.14 |  37.36 |  40.51 |   9.41 |I I 
22:08-Tue-Apr-04-2017 PM2.5 |  34.14 |  34.12 |  37.69 |   6.63 |I I 
22:09-Tue-Apr-04-2017 PM10  |  38.64 |  37.79 |  40.51 |   9.41 |I I 
22:09-Tue-Apr-04-2017 PM2.5 |  35.08 |  34.44 |  37.69 |   6.63 |I I 
22:13-Tue-Apr-04-2017 PM10  |  36.18 |  37.39 |  40.51 |   9.41 |I I 
22:13-Tue-Apr-04-2017 PM2.5 |  34.39 |  34.43 |  37.69 |   6.63 |I I 
22:14-Tue-Apr-04-2017 PM10  |  35.75 |  37.06 |  40.51 |   9.41 |I I 
22:14-Tue-Apr-04-2017 PM2.5 |  33.93 |  34.33 |  37.69 |   6.63 |I I 
22:18-Tue-Apr-04-2017 PM10  |  36.77 |  37.01 |  40.51 |   9.41 |I I 
22:18-Tue-Apr-04-2017 PM2.5 |  33.79 |  34.24 |  37.69 |   6.63 |I I 
22:19-Tue-Apr-04-2017 PM10  |  36.77 |  36.98 |  40.51 |   9.41 |I I 
22:19-Tue-Apr-04-2017 PM2.5 |  33.79 |  34.18 |  37.69 |   6.63 |I I 
22:20-Tue-Apr-04-2017 PM10  |  34.73 |  36.69 |  40.51 |   9.41 |I I 
22:20-Tue-Apr-04-2017 PM2.5 |  32.86 |  34.01 |  37.69 |   6.63 |I I 
22:24-Tue-Apr-04-2017 PM10  |  35.03 |  36.51 |  40.51 |   9.41 |I I 
22:24-Tue-Apr-04-2017 PM2.5 |  33.32 |  33.93 |  37.69 |   6.63 |I I 
22:25-Tue-Apr-04-2017 PM10  |  34.68 |  36.33 |  40.51 |   9.41 |I I 
22:25-Tue-Apr-04-2017 PM2.5 |  32.98 |  33.84 |  37.69 |   6.63 |I I 
22:29-Tue-Apr-04-2017 PM10  |  33.78 |  36.10 |  40.51 |   9.41 |I I 
22:29-Tue-Apr-04-2017 PM2.5 |  31.98 |  33.67 |  37.69 |   6.63 |I I 
22:30-Tue-Apr-04-2017 PM10  |  34.06 |  35.93 |  40.51 |   9.41 |I I 
22:30-Tue-Apr-04-2017 PM2.5 |  32.27 |  33.55 |  37.69 |   6.63 |I I 
22:34-Tue-Apr-04-2017 PM10  |  34.75 |  35.84 |  40.51 |   9.41 |I I 
22:34-Tue-Apr-04-2017 PM2.5 |  31.56 |  33.40 |  37.69 |   6.63 |I I 
22:35-Tue-Apr-04-2017 PM10  |  32.97 |  35.63 |  40.51 |   9.41 |I I 
22:35-Tue-Apr-04-2017 PM2.5 |  31.36 |  33.25 |  37.69 |   6.63 |I I 
22:39-Tue-Apr-04-2017 PM10  |  33.78 |  35.51 |  40.51 |   9.41 |I I 
22:39-Tue-Apr-04-2017 PM2.5 |  32.09 |  33.18 |  37.69 |   6.63 |I I 
22:40-Tue-Apr-04-2017 PM10  |  34.32 |  35.43 |  40.51 |   9.41 |I I 
22:40-Tue-Apr-04-2017 PM2.5 |  32.63 |  33.14 |  37.69 |   6.63 |I I 
22:44-Tue-Apr-04-2017 PM10  |  35.41 |  35.43 |  40.51 |   9.41 |I I 
22:44-Tue-Apr-04-2017 PM2.5 |  32.56 |  33.11 |  37.69 |   6.63 |I I 
22:45-Tue-Apr-04-2017 PM10  |  35.41 |  35.43 |  40.51 |   9.41 |I I 
22:45-Tue-Apr-04-2017 PM2.5 |  32.56 |  33.08 |  37.69 |   6.63 |I I 
22:46-Tue-Apr-04-2017 PM10  |  33.20 |  35.31 |  40.51 |   9.41 |I I 
22:46-Tue-Apr-04-2017 PM2.5 |  31.59 |  33.00 |  37.69 |   6.63 |I I 
22:50-Tue-Apr-04-2017 PM10  |  32.81 |  35.19 |  40.51 |   9.41 |I I 
22:50-Tue-Apr-04-2017 PM2.5 |  31.11 |  32.90 |  37.69 |   6.63 |I I 
22:51-Tue-Apr-04-2017 PM10  |  33.43 |  35.10 |  40.51 |   9.41 |I I 
22:51-Tue-Apr-04-2017 PM2.5 |  31.78 |  32.85 |  37.69 |   6.63 |I I 
22:55-Tue-Apr-04-2017 PM10  |  32.91 |  35.01 |  40.51 |   9.41 |I I 
22:55-Tue-Apr-04-2017 PM2.5 |  31.30 |  32.78 |  37.69 |   6.63 |I I 
22:56-Tue-Apr-04-2017 PM10  |  32.79 |  34.91 |  40.51 |   9.41 |I I 
22:56-Tue-Apr-04-2017 PM2.5 |  31.04 |  32.70 |  37.69 |   6.63 |I I 
23:00-Tue-Apr-04-2017 PM10  |  35.71 |  34.94 |  40.51 |   9.41 |I I 
23:00-Tue-Apr-04-2017 PM2.5 |  31.40 |  32.65 |  37.69 |   6.63 |I I 
23:01-Tue-Apr-04-2017 PM10  |  32.97 |  32.97 |  40.51 |   9.41 |I I 
23:01-Tue-Apr-04-2017 PM2.5 |  30.14 |  30.14 |  37.69 |   6.63 |I I 
23:05-Tue-Apr-04-2017 PM10  |  32.67 |  32.82 |  40.51 |   9.41 |I I 
23:05-Tue-Apr-04-2017 PM2.5 |  30.94 |  30.54 |  37.69 |   6.63 |I I 
23:06-Tue-Apr-04-2017 PM10  |  32.00 |  32.55 |  40.51 |   9.41 |I I 
23:06-Tue-Apr-04-2017 PM2.5 |  30.40 |  30.49 |  37.69 |   6.63 |I I 
23:11-Tue-Apr-04-2017 PM10  |  31.70 |  32.33 |  40.51 |   9.41 |I I 
23:11-Tue-Apr-04-2017 PM2.5 |  30.11 |  30.40 |  37.69 |   6.63 |I I 
23:12-Tue-Apr-04-2017 PM10  |  31.70 |  32.21 |  40.51 |   9.41 |I I 
23:12-Tue-Apr-04-2017 PM2.5 |  30.11 |  30.34 |  37.69 |   6.63 |I I 
23:13-Tue-Apr-04-2017 PM10  |  31.51 |  32.09 |  40.51 |   9.41 |I I 
23:13-Tue-Apr-04-2017 PM2.5 |  29.70 |  30.23 |  37.69 |   6.63 |I I 
23:17-Tue-Apr-04-2017 PM10  |  31.87 |  32.06 |  40.51 |   9.41 |I I 
23:17-Tue-Apr-04-2017 PM2.5 |  30.32 |  30.24 |  37.69 |   6.63 |I I 
23:18-Tue-Apr-04-2017 PM10  |  31.36 |  31.97 |  40.51 |   9.41 |I I 
23:18-Tue-Apr-04-2017 PM2.5 |  29.08 |  30.10 |  37.69 |   6.63 |I I 
23:22-Tue-Apr-04-2017 PM10  |  32.15 |  31.99 |  40.51 |   9.41 |I I 
23:22-Tue-Apr-04-2017 PM2.5 |  29.62 |  30.05 |  37.69 |   6.63 |I I 
23:23-Tue-Apr-04-2017 PM10  |  31.80 |  31.97 |  40.51 |   9.41 |I I 
23:23-Tue-Apr-04-2017 PM2.5 |  29.50 |  29.99 |  37.69 |   6.63 |I I 
23:27-Tue-Apr-04-2017 PM10  |  30.37 |  31.83 |  40.51 |   9.41 |I I 
23:27-Tue-Apr-04-2017 PM2.5 |  28.87 |  29.89 |  37.69 |   6.63 |I I 
23:28-Tue-Apr-04-2017 PM10  |  33.24 |  31.95 |  40.51 |   9.41 |I I 
23:28-Tue-Apr-04-2017 PM2.5 |  29.06 |  29.82 |  37.69 |   6.63 |I I 
23:32-Tue-Apr-04-2017 PM10  |  31.78 |  31.93 |  40.51 |   9.41 |I I 
23:32-Tue-Apr-04-2017 PM2.5 |  30.00 |  29.83 |  37.69 |   6.63 |I I 
23:33-Tue-Apr-04-2017 PM10  |  29.85 |  31.78 |  40.51 |   9.41 |I I 
23:33-Tue-Apr-04-2017 PM2.5 |  28.35 |  29.73 |  37.69 |   6.63 |I I 
23:37-Tue-Apr-04-2017 PM10  |  29.31 |  31.62 |  40.51 |   9.41 |I I 
23:37-Tue-Apr-04-2017 PM2.5 |  27.88 |  29.60 |  37.69 |   6.63 |I I 
23:38-Tue-Apr-04-2017 PM10  |  31.35 |  31.60 |  40.51 |   9.41 |I I 
23:38-Tue-Apr-04-2017 PM2.5 |  28.57 |  29.54 |  37.69 |   6.63 |I I 
23:39-Tue-Apr-04-2017 PM10  |  31.35 |  31.59 |  40.51 |   9.41 |I I 
23:39-Tue-Apr-04-2017 PM2.5 |  28.57 |  29.48 |  37.69 |   6.63 |I I 
23:43-Tue-Apr-04-2017 PM10  |  29.74 |  31.48 |  40.51 |   9.41 |I I 
23:43-Tue-Apr-04-2017 PM2.5 |  28.03 |  29.40 |  37.69 |   6.63 |I I 
23:44-Tue-Apr-04-2017 PM10  |  30.35 |  31.42 |  40.51 |   9.41 |I I 
23:44-Tue-Apr-04-2017 PM2.5 |  27.71 |  29.31 |  37.69 |   6.63 |I I 
23:48-Tue-Apr-04-2017 PM10  |  30.00 |  31.35 |  40.51 |   9.41 |I I 
23:48-Tue-Apr-04-2017 PM2.5 |  27.97 |  29.25 |  37.69 |   6.63 |I I 
23:49-Tue-Apr-04-2017 PM10  |  32.48 |  31.41 |  40.51 |   9.41 |I I 
23:49-Tue-Apr-04-2017 PM2.5 |  27.23 |  29.15 |  37.69 |   6.63 |I I 
23:53-Tue-Apr-04-2017 PM10  |  30.68 |  31.37 |  40.51 |   9.41 |I I 
23:53-Tue-Apr-04-2017 PM2.5 |  27.70 |  29.08 |  37.69 |   6.63 |I I 
23:54-Tue-Apr-04-2017 PM10  |  28.47 |  31.25 |  40.51 |   9.41 |I I 
23:54-Tue-Apr-04-2017 PM2.5 |  27.07 |  29.00 |  37.69 |   6.63 |I I 
23:58-Tue-Apr-04-2017 PM10  |  28.17 |  31.12 |  40.51 |   9.41 |I I 
23:58-Tue-Apr-04-2017 PM2.5 |  26.78 |  28.90 |  37.69 |   6.63 |I I 
23:59-Tue-Apr-04-2017 PM10  |  29.44 |  31.05 |  40.51 |   9.41 |I I 
23:59-Tue-Apr-04-2017 PM2.5 |  26.89 |  28.82 |  37.69 |   6.63 |I I 
00:03-Wed-Apr-05-2017 PM10  |  28.60 |  30.96 |  40.51 |   9.41 |I I 
