[Tue Apr 18 00:00:38 2017] Report del giorno Tuesday April 18 2017 -- INVIATO a centraline@googlegroups.com
00:00-Tue-Apr-18-2017 PM2.5 |   3.17 |   3.40 |   5.47 |   1.60 |I I 
00:04-Tue-Apr-18-2017 PM10  |   7.48 |   7.48 |   0.00 |  2000.00|I I 
00:04-Tue-Apr-18-2017 PM2.5 |   3.27 |   3.27 |   0.00 |  2000.00|I I 
00:05-Tue-Apr-18-2017 PM10  |  12.90 |  10.19 |   0.00 |  2000.00|I I 
00:05-Tue-Apr-18-2017 PM2.5 |   3.36 |   3.31 |   0.00 |  2000.00|I I 
00:09-Tue-Apr-18-2017 PM10  |   9.60 |  10.00 |   0.00 |  2000.00|I I 
00:09-Tue-Apr-18-2017 PM2.5 |   3.32 |   3.31 |   0.00 |  2000.00|I I 
00:10-Tue-Apr-18-2017 PM10  |   8.76 |   9.69 |   0.00 |  2000.00|I I 
00:10-Tue-Apr-18-2017 PM2.5 |   3.39 |   3.33 |   0.00 |  2000.00|I I 
00:14-Tue-Apr-18-2017 PM10  |   9.38 |   9.63 |   0.00 |  2000.00|I I 
00:14-Tue-Apr-18-2017 PM2.5 |   3.34 |   3.33 |   0.00 |  2000.00|I I 
00:15-Tue-Apr-18-2017 PM10  |  13.45 |  10.26 |   0.00 |  2000.00|I I 
00:15-Tue-Apr-18-2017 PM2.5 |   3.24 |   3.32 |   0.00 |  2000.00|I I 
00:16-Tue-Apr-18-2017 PM10  |  13.45 |  10.72 |   0.00 |  2000.00|I I 
00:16-Tue-Apr-18-2017 PM2.5 |   3.24 |   3.31 |   0.00 |  2000.00|I I 
00:20-Tue-Apr-18-2017 PM10  |  12.18 |  10.90 |   0.00 |  2000.00|I I 
00:20-Tue-Apr-18-2017 PM2.5 |   3.33 |   3.31 |   0.00 |  2000.00|I I 
00:21-Tue-Apr-18-2017 PM10  |   5.95 |  10.35 |   0.00 |  2000.00|I I 
00:21-Tue-Apr-18-2017 PM2.5 |   3.19 |   3.30 |   0.00 |  2000.00|I I 
00:25-Tue-Apr-18-2017 PM10  |   7.50 |  10.07 |   0.00 |  2000.00|I I 
00:25-Tue-Apr-18-2017 PM2.5 |   3.10 |   3.28 |   0.00 |  2000.00|I I 
00:26-Tue-Apr-18-2017 PM10  |   7.14 |   9.80 |   0.00 |  2000.00|I I 
00:26-Tue-Apr-18-2017 PM2.5 |   3.19 |   3.27 |   0.00 |  2000.00|I I 
00:30-Tue-Apr-18-2017 PM10  |   8.75 |   9.71 |   0.00 |  2000.00|I I 
00:30-Tue-Apr-18-2017 PM2.5 |   3.53 |   3.29 |   0.00 |  2000.00|I I 
00:31-Tue-Apr-18-2017 PM10  |  12.56 |   9.93 |   0.00 |  2000.00|I I 
00:31-Tue-Apr-18-2017 PM2.5 |   3.49 |   3.31 |   0.00 |  2000.00|I I 
00:35-Tue-Apr-18-2017 PM10  |  10.24 |   9.95 |   0.00 |  2000.00|I I 
00:35-Tue-Apr-18-2017 PM2.5 |   3.48 |   3.32 |   0.00 |  2000.00|I I 
00:36-Tue-Apr-18-2017 PM10  |   8.50 |   9.86 |   0.00 |  2000.00|I I 
00:36-Tue-Apr-18-2017 PM2.5 |   3.30 |   3.32 |   0.00 |  2000.00|I I 
00:40-Tue-Apr-18-2017 PM10  |   8.41 |   9.77 |   0.00 |  2000.00|I I 
00:40-Tue-Apr-18-2017 PM2.5 |   3.48 |   3.33 |   0.00 |  2000.00|I I 
00:41-Tue-Apr-18-2017 PM10  |  10.23 |   9.79 |   0.00 |  2000.00|I I 
00:41-Tue-Apr-18-2017 PM2.5 |   3.18 |   3.32 |   0.00 |  2000.00|I I 
00:42-Tue-Apr-18-2017 PM10  |  10.23 |   9.82 |   0.00 |  2000.00|I I 
00:42-Tue-Apr-18-2017 PM2.5 |   3.18 |   3.31 |   0.00 |  2000.00|I I 
00:46-Tue-Apr-18-2017 PM10  |   9.75 |   9.81 |   0.00 |  2000.00|I I 
00:46-Tue-Apr-18-2017 PM2.5 |   3.33 |   3.31 |   0.00 |  2000.00|I I 
00:47-Tue-Apr-18-2017 PM10  |   9.68 |   9.81 |   0.00 |  2000.00|I I 
00:47-Tue-Apr-18-2017 PM2.5 |   3.41 |   3.32 |   0.00 |  2000.00|I I 
00:51-Tue-Apr-18-2017 PM10  |   9.59 |   9.80 |   0.00 |  2000.00|I I 
00:51-Tue-Apr-18-2017 PM2.5 |   3.48 |   3.32 |   0.00 |  2000.00|I I 
00:52-Tue-Apr-18-2017 PM10  |   7.76 |   9.70 |   0.00 |  2000.00|I I 
00:52-Tue-Apr-18-2017 PM2.5 |   3.34 |   3.33 |   0.00 |  2000.00|I I 
00:56-Tue-Apr-18-2017 PM10  |   7.98 |   9.63 |   0.00 |  2000.00|I I 
00:56-Tue-Apr-18-2017 PM2.5 |   3.34 |   3.33 |   0.00 |  2000.00|I I 
00:57-Tue-Apr-18-2017 PM10  |  10.46 |   9.66 |   0.00 |  2000.00|I I 
00:57-Tue-Apr-18-2017 PM2.5 |   3.51 |   3.33 |   0.00 |  2000.00|I I 
01:01-Tue-Apr-18-2017 PM10  |  10.76 |   9.71 |   9.71 |   9.71 |I I 
01:01-Tue-Apr-18-2017 PM2.5 |   3.65 |   3.35 |   3.35 |   3.35 |I I 
01:02-Tue-Apr-18-2017 PM10  |   9.67 |   9.67 |   9.71 |   9.71 |I I 
01:02-Tue-Apr-18-2017 PM2.5 |   3.40 |   3.40 |   3.35 |   3.35 |I I 
01:06-Tue-Apr-18-2017 PM10  |  12.07 |  10.87 |   9.71 |   9.71 |I I 
01:06-Tue-Apr-18-2017 PM2.5 |   3.49 |   3.44 |   3.35 |   3.35 |I I 
01:08-Tue-Apr-18-2017 PM10  |   8.28 |  10.01 |   9.71 |   9.71 |I I 
01:08-Tue-Apr-18-2017 PM2.5 |   3.35 |   3.41 |   3.35 |   3.35 |I I 
01:09-Tue-Apr-18-2017 PM10  |   8.28 |   9.58 |   9.71 |   9.71 |I I 
01:09-Tue-Apr-18-2017 PM2.5 |   3.35 |   3.40 |   3.35 |   3.35 |I I 
01:13-Tue-Apr-18-2017 PM10  |   8.46 |   9.35 |   9.71 |   9.71 |I I 
01:13-Tue-Apr-18-2017 PM2.5 |   3.59 |   3.43 |   3.35 |   3.35 |I I 
01:14-Tue-Apr-18-2017 PM10  |   8.87 |   9.27 |   9.71 |   9.71 |I I 
01:14-Tue-Apr-18-2017 PM2.5 |   3.43 |   3.43 |   3.35 |   3.35 |I I 
01:18-Tue-Apr-18-2017 PM10  |   7.52 |   9.02 |   9.71 |   9.71 |I I 
01:18-Tue-Apr-18-2017 PM2.5 |   3.29 |   3.41 |   3.35 |   3.35 |I I 
01:19-Tue-Apr-18-2017 PM10  |   9.59 |   9.09 |   9.71 |   9.71 |I I 
01:19-Tue-Apr-18-2017 PM2.5 |   3.37 |   3.41 |   3.35 |   3.35 |I I 
01:23-Tue-Apr-18-2017 PM10  |   8.57 |   9.03 |   9.71 |   9.71 |I I 
01:23-Tue-Apr-18-2017 PM2.5 |   3.56 |   3.42 |   3.35 |   3.35 |I I 
01:24-Tue-Apr-18-2017 PM10  |  10.22 |   9.15 |   9.71 |   9.71 |I I 
01:24-Tue-Apr-18-2017 PM2.5 |   3.65 |   3.45 |   3.35 |   3.35 |I I 
01:28-Tue-Apr-18-2017 PM10  |  10.15 |   9.24 |   9.71 |   9.71 |I I 
01:28-Tue-Apr-18-2017 PM2.5 |   3.50 |   3.45 |   3.35 |   3.35 |I I 
01:29-Tue-Apr-18-2017 PM10  |   5.97 |   8.97 |   9.71 |   9.71 |I I 
01:29-Tue-Apr-18-2017 PM2.5 |   3.24 |   3.43 |   3.35 |   3.35 |I I 
01:33-Tue-Apr-18-2017 PM10  |  10.32 |   9.07 |   9.71 |   9.71 |I I 
01:33-Tue-Apr-18-2017 PM2.5 |   3.65 |   3.45 |   3.35 |   3.35 |I I 
01:34-Tue-Apr-18-2017 PM10  |   8.59 |   9.04 |   9.71 |   9.71 |I I 
01:34-Tue-Apr-18-2017 PM2.5 |   3.29 |   3.44 |   3.35 |   3.35 |I I 
01:35-Tue-Apr-18-2017 PM10  |   8.59 |   9.01 |   9.71 |   9.71 |I I 
01:35-Tue-Apr-18-2017 PM2.5 |   3.29 |   3.43 |   3.35 |   3.35 |I I 
01:39-Tue-Apr-18-2017 PM10  |   6.58 |   8.86 |   9.71 |   9.71 |I I 
01:39-Tue-Apr-18-2017 PM2.5 |   3.28 |   3.42 |   3.35 |   3.35 |I I 
01:40-Tue-Apr-18-2017 PM10  |   7.78 |   8.79 |   9.71 |   9.71 |I I 
01:40-Tue-Apr-18-2017 PM2.5 |   3.27 |   3.41 |   3.35 |   3.35 |I I 
01:44-Tue-Apr-18-2017 PM10  |  10.40 |   8.88 |   9.71 |   9.71 |I I 
01:44-Tue-Apr-18-2017 PM2.5 |   3.44 |   3.41 |   3.35 |   3.35 |I I 
01:45-Tue-Apr-18-2017 PM10  |   8.97 |   8.89 |   9.71 |   9.71 |I I 
01:45-Tue-Apr-18-2017 PM2.5 |   3.34 |   3.41 |   3.35 |   3.35 |I I 
01:49-Tue-Apr-18-2017 PM10  |   9.63 |   8.93 |   9.71 |   9.71 |I I 
01:49-Tue-Apr-18-2017 PM2.5 |   3.26 |   3.40 |   3.35 |   3.35 |I I 
01:50-Tue-Apr-18-2017 PM10  |   8.15 |   8.89 |   9.71 |   9.71 |I I 
01:50-Tue-Apr-18-2017 PM2.5 |   3.28 |   3.40 |   3.35 |   3.35 |I I 
01:54-Tue-Apr-18-2017 PM10  |   9.93 |   8.94 |   9.71 |   9.71 |I I 
01:54-Tue-Apr-18-2017 PM2.5 |   3.45 |   3.40 |   3.35 |   3.35 |I I 
01:55-Tue-Apr-18-2017 PM10  |   6.56 |   8.83 |   9.71 |   9.71 |I I 
01:55-Tue-Apr-18-2017 PM2.5 |   3.33 |   3.40 |   3.35 |   3.35 |I I 
01:59-Tue-Apr-18-2017 PM10  |   7.16 |   8.76 |   9.71 |   9.71 |I I 
01:59-Tue-Apr-18-2017 PM2.5 |   3.32 |   3.39 |   3.35 |   3.35 |I I 
02:00-Tue-Apr-18-2017 PM10  |   6.44 |   8.67 |   9.71 |   8.67 |I B 
02:00-Tue-Apr-18-2017 PM2.5 |   3.19 |   3.38 |   3.38 |   3.35 |I B 
02:01-Tue-Apr-18-2017recover dati per host :92.223.147.77/nodered
02:01-Tue-Apr-18-2017 PM10  |   6.44 |   6.44 |   9.71 |   8.67 |I I 
02:01-Tue-Apr-18-2017 PM2.5 |   3.19 |   3.19 |   3.38 |   3.35 |I I 
02:05-Tue-Apr-18-2017 PM10  |   6.97 |   6.70 |   9.71 |   8.67 |I I 
02:05-Tue-Apr-18-2017 PM2.5 |   3.55 |   3.37 |   3.38 |   3.35 |I I 
02:06-Tue-Apr-18-2017 PM10  |   6.25 |   6.55 |   9.71 |   8.67 |I I 
02:06-Tue-Apr-18-2017 PM2.5 |   3.32 |   3.36 |   3.38 |   3.35 |I I 
02:10-Tue-Apr-18-2017 PM10  |   6.93 |   6.65 |   9.71 |   8.67 |I I 
02:10-Tue-Apr-18-2017 PM2.5 |   3.49 |   3.39 |   3.38 |   3.35 |I I 
02:11-Tue-Apr-18-2017 PM10  |   7.43 |   6.80 |   9.71 |   8.67 |I I 
02:11-Tue-Apr-18-2017 PM2.5 |   3.36 |   3.39 |   3.38 |   3.35 |I I 
02:15-Tue-Apr-18-2017 PM10  |   6.85 |   6.81 |   9.71 |   8.67 |I I 
02:15-Tue-Apr-18-2017 PM2.5 |   3.38 |   3.39 |   3.38 |   3.35 |I I 
02:16-Tue-Apr-18-2017 PM10  |   8.05 |   6.99 |   9.71 |   8.67 |I I 
02:16-Tue-Apr-18-2017 PM2.5 |   3.33 |   3.38 |   3.38 |   3.35 |I I 
02:20-Tue-Apr-18-2017 PM10  |   5.84 |   6.85 |   9.71 |   8.67 |I I 
02:20-Tue-Apr-18-2017 PM2.5 |   3.19 |   3.35 |   3.38 |   3.35 |I I 
02:21-Tue-Apr-18-2017 PM10  |   6.37 |   6.79 |   9.71 |   8.67 |I I 
02:21-Tue-Apr-18-2017 PM2.5 |   3.40 |   3.36 |   3.38 |   3.35 |I I 
02:25-Tue-Apr-18-2017 PM10  |   7.09 |   6.82 |   9.71 |   8.67 |I I 
02:25-Tue-Apr-18-2017 PM2.5 |   3.16 |   3.34 |   3.38 |   3.35 |I I 
02:26-Tue-Apr-18-2017 PM10  |   7.92 |   6.92 |   9.71 |   8.67 |I I 
02:26-Tue-Apr-18-2017 PM2.5 |   3.02 |   3.31 |   3.38 |   3.35 |I I 
02:27-Tue-Apr-18-2017 PM10  |   7.92 |   7.01 |   9.71 |   8.67 |I I 
02:27-Tue-Apr-18-2017 PM2.5 |   3.02 |   3.29 |   3.38 |   3.35 |I I 
02:31-Tue-Apr-18-2017 PM10  |   7.65 |   7.06 |   9.71 |   8.67 |I I 
02:31-Tue-Apr-18-2017 PM2.5 |   3.52 |   3.30 |   3.38 |   3.35 |I I 
02:32-Tue-Apr-18-2017 PM10  |   5.97 |   6.98 |   9.71 |   8.67 |I I 
02:32-Tue-Apr-18-2017 PM2.5 |   3.27 |   3.30 |   3.38 |   3.35 |I I 
02:36-Tue-Apr-18-2017 PM10  |   4.96 |   6.84 |   9.71 |   8.67 |I I 
02:36-Tue-Apr-18-2017 PM2.5 |   3.19 |   3.29 |   3.38 |   3.35 |I I 
02:37-Tue-Apr-18-2017 PM10  |   7.02 |   6.85 |   9.71 |   8.67 |I I 
02:37-Tue-Apr-18-2017 PM2.5 |   2.98 |   3.27 |   3.38 |   3.35 |I I 
02:41-Tue-Apr-18-2017 PM10  |   7.56 |   6.90 |   9.71 |   8.67 |I I 
02:41-Tue-Apr-18-2017 PM2.5 |   3.22 |   3.27 |   3.38 |   3.35 |I I 
02:42-Tue-Apr-18-2017 PM10  |   5.66 |   6.83 |   9.71 |   8.67 |I I 
02:42-Tue-Apr-18-2017 PM2.5 |   3.00 |   3.26 |   3.38 |   3.35 |I I 
02:46-Tue-Apr-18-2017 PM10  |   6.41 |   6.81 |   9.71 |   8.67 |I I 
02:46-Tue-Apr-18-2017 PM2.5 |   3.31 |   3.26 |   3.38 |   3.35 |I I 
02:47-Tue-Apr-18-2017 PM10  |   6.40 |   6.79 |   9.71 |   8.67 |I I 
02:47-Tue-Apr-18-2017 PM2.5 |   2.93 |   3.24 |   3.38 |   3.35 |I I 
02:51-Tue-Apr-18-2017 PM10  |   6.15 |   6.75 |   9.71 |   8.67 |I I 
02:51-Tue-Apr-18-2017 PM2.5 |   3.23 |   3.24 |   3.38 |   3.35 |I I 
02:52-Tue-Apr-18-2017 PM10  |   5.25 |   6.69 |   9.71 |   8.67 |I I 
02:52-Tue-Apr-18-2017 PM2.5 |   3.08 |   3.23 |   3.38 |   3.35 |I I 
02:53-Tue-Apr-18-2017 PM10  |   5.25 |   6.62 |   9.71 |   8.67 |I I 
02:53-Tue-Apr-18-2017 PM2.5 |   3.08 |   3.23 |   3.38 |   3.35 |I I 
02:57-Tue-Apr-18-2017 PM10  |   7.35 |   6.65 |   9.71 |   8.67 |I I 
02:57-Tue-Apr-18-2017 PM2.5 |   3.28 |   3.23 |   3.38 |   3.35 |I I 
02:58-Tue-Apr-18-2017 PM10  |   6.28 |   6.64 |   9.71 |   8.67 |I I 
02:58-Tue-Apr-18-2017 PM2.5 |   3.01 |   3.22 |   3.38 |   3.35 |I I 
03:02-Tue-Apr-18-2017 PM10  |   7.60 |   6.68 |   9.71 |   6.68 |I I 
03:02-Tue-Apr-18-2017 PM2.5 |   3.11 |   3.22 |   3.38 |   3.22 |I I 
03:03-Tue-Apr-18-2017 PM10  |   6.50 |   6.50 |   9.71 |   6.68 |I I 
03:03-Tue-Apr-18-2017 PM2.5 |   2.96 |   2.96 |   3.38 |   3.22 |I I 
03:07-Tue-Apr-18-2017 PM10  |   5.76 |   6.13 |   9.71 |   6.68 |I I 
03:07-Tue-Apr-18-2017 PM2.5 |   2.99 |   2.98 |   3.38 |   3.22 |I I 
03:08-Tue-Apr-18-2017 PM10  |   7.64 |   6.63 |   9.71 |   6.68 |I I 
03:08-Tue-Apr-18-2017 PM2.5 |   3.20 |   3.05 |   3.38 |   3.22 |I I 
03:12-Tue-Apr-18-2017 PM10  |   6.75 |   6.66 |   9.71 |   6.68 |I I 
03:12-Tue-Apr-18-2017 PM2.5 |   3.45 |   3.15 |   3.38 |   3.22 |I I 
03:13-Tue-Apr-18-2017 PM10  |   6.06 |   6.54 |   9.71 |   6.68 |I I 
03:13-Tue-Apr-18-2017 PM2.5 |   2.97 |   3.11 |   3.38 |   3.22 |I I 
03:17-Tue-Apr-18-2017 PM10  |   6.99 |   6.62 |   9.71 |   6.68 |I I 
03:17-Tue-Apr-18-2017 PM2.5 |   2.98 |   3.09 |   3.38 |   3.22 |I I 
03:18-Tue-Apr-18-2017 PM10  |   5.40 |   6.44 |   9.71 |   6.68 |I I 
03:18-Tue-Apr-18-2017 PM2.5 |   3.20 |   3.11 |   3.38 |   3.22 |I I 
03:19-Tue-Apr-18-2017 PM10  |   5.40 |   6.31 |   9.71 |   6.68 |I I 
03:19-Tue-Apr-18-2017 PM2.5 |   3.20 |   3.12 |   3.38 |   3.22 |I I 
03:23-Tue-Apr-18-2017 PM10  |   6.08 |   6.29 |   9.71 |   6.68 |I I 
03:23-Tue-Apr-18-2017 PM2.5 |   3.17 |   3.12 |   3.38 |   3.22 |I I 
03:24-Tue-Apr-18-2017 PM10  |   5.00 |   6.16 |   9.71 |   6.68 |I I 
03:24-Tue-Apr-18-2017 PM2.5 |   2.74 |   3.09 |   3.38 |   3.22 |I I 
03:28-Tue-Apr-18-2017 PM10  |   6.24 |   6.17 |   9.71 |   6.68 |I I 
03:28-Tue-Apr-18-2017 PM2.5 |   3.11 |   3.09 |   3.38 |   3.22 |I I 
03:29-Tue-Apr-18-2017 PM10  |   6.90 |   6.23 |   9.71 |   6.68 |I I 
03:29-Tue-Apr-18-2017 PM2.5 |   3.22 |   3.10 |   3.38 |   3.22 |I I 
03:33-Tue-Apr-18-2017 PM10  |   5.93 |   6.20 |   9.71 |   6.68 |I I 
03:33-Tue-Apr-18-2017 PM2.5 |   3.10 |   3.10 |   3.38 |   3.22 |I I 
03:34-Tue-Apr-18-2017 PM10  |   6.07 |   6.19 |   9.71 |   6.68 |I I 
03:34-Tue-Apr-18-2017 PM2.5 |   2.90 |   3.09 |   3.38 |   3.22 |I I 
03:38-Tue-Apr-18-2017 PM10  |   6.48 |   6.21 |   9.71 |   6.68 |I I 
03:38-Tue-Apr-18-2017 PM2.5 |   2.97 |   3.08 |   3.38 |   3.22 |I I 
03:39-Tue-Apr-18-2017 PM10  |   6.09 |   6.20 |   9.71 |   6.68 |I I 
03:39-Tue-Apr-18-2017 PM2.5 |   2.83 |   3.06 |   3.38 |   3.22 |I I 
03:43-Tue-Apr-18-2017 PM10  |   6.33 |   6.21 |   9.71 |   6.68 |I I 
03:43-Tue-Apr-18-2017 PM2.5 |   2.99 |   3.06 |   3.38 |   3.22 |I I 
03:44-Tue-Apr-18-2017 PM10  |   7.49 |   6.28 |   9.71 |   6.68 |I I 
03:44-Tue-Apr-18-2017 PM2.5 |   2.97 |   3.05 |   3.38 |   3.22 |I I 
03:45-Tue-Apr-18-2017 PM10  |   7.49 |   6.35 |   9.71 |   6.68 |I I 
03:45-Tue-Apr-18-2017 PM2.5 |   2.97 |   3.05 |   3.38 |   3.22 |I I 
03:49-Tue-Apr-18-2017 PM10  |   5.72 |   6.32 |   9.71 |   6.68 |I I 
03:49-Tue-Apr-18-2017 PM2.5 |   3.04 |   3.05 |   3.38 |   3.22 |I I 
03:50-Tue-Apr-18-2017 PM10  |   4.18 |   6.21 |   9.71 |   6.68 |I I 
03:50-Tue-Apr-18-2017 PM2.5 |   2.86 |   3.04 |   3.38 |   3.22 |I I 
03:54-Tue-Apr-18-2017 PM10  |   5.27 |   6.17 |   9.71 |   6.68 |I I 
03:54-Tue-Apr-18-2017 PM2.5 |   2.95 |   3.04 |   3.38 |   3.22 |I I 
03:55-Tue-Apr-18-2017 PM10  |   5.53 |   6.14 |   9.71 |   6.68 |I I 
03:55-Tue-Apr-18-2017 PM2.5 |   2.79 |   3.03 |   3.38 |   3.22 |I I 
03:59-Tue-Apr-18-2017 PM10  |   6.03 |   6.14 |   9.71 |   6.68 |I I 
03:59-Tue-Apr-18-2017 PM2.5 |   3.12 |   3.03 |   3.38 |   3.22 |I I 
04:00-Tue-Apr-18-2017 PM10  |   4.80 |   6.08 |   9.71 |   6.08 |I I 
04:00-Tue-Apr-18-2017 PM2.5 |   2.94 |   3.03 |   3.38 |   3.03 |I I 
04:04-Tue-Apr-18-2017 PM10  |   4.27 |   4.27 |   9.71 |   6.08 |I I 
04:04-Tue-Apr-18-2017 PM2.5 |   2.75 |   2.75 |   3.38 |   3.03 |I I 
04:05-Tue-Apr-18-2017 PM10  |   4.42 |   4.35 |   9.71 |   6.08 |I I 
04:05-Tue-Apr-18-2017 PM2.5 |   2.82 |   2.78 |   3.38 |   3.03 |I I 
04:10-Tue-Apr-18-2017 PM10  |   5.42 |   4.70 |   9.71 |   6.08 |I I 
04:10-Tue-Apr-18-2017 PM2.5 |   2.91 |   2.83 |   3.38 |   3.03 |I I 
04:11-Tue-Apr-18-2017 PM10  |   5.97 |   5.02 |   9.71 |   6.08 |I I 
04:11-Tue-Apr-18-2017 PM2.5 |   2.98 |   2.86 |   3.38 |   3.03 |I I 
04:12-Tue-Apr-18-2017 PM10  |   5.97 |   5.21 |   9.71 |   6.08 |I I 
04:12-Tue-Apr-18-2017 PM2.5 |   2.98 |   2.89 |   3.38 |   3.03 |I I 
04:16-Tue-Apr-18-2017 PM10  |   4.38 |   5.07 |   9.71 |   6.08 |I I 
04:16-Tue-Apr-18-2017 PM2.5 |   2.86 |   2.88 |   3.38 |   3.03 |I I 
04:17-Tue-Apr-18-2017 PM10  |   5.50 |   5.13 |   9.71 |   6.08 |I I 
04:17-Tue-Apr-18-2017 PM2.5 |   3.05 |   2.91 |   3.38 |   3.03 |I I 
04:21-Tue-Apr-18-2017 PM10  |   4.82 |   5.09 |   9.71 |   6.08 |I I 
04:21-Tue-Apr-18-2017 PM2.5 |   3.24 |   2.95 |   3.38 |   3.03 |I I 
04:22-Tue-Apr-18-2017 PM10  |   6.05 |   5.20 |   9.71 |   6.08 |I I 
04:22-Tue-Apr-18-2017 PM2.5 |   2.70 |   2.92 |   3.38 |   3.03 |I I 
04:26-Tue-Apr-18-2017 PM10  |   5.31 |   5.21 |   9.71 |   6.08 |I I 
04:26-Tue-Apr-18-2017 PM2.5 |   2.77 |   2.90 |   3.38 |   3.03 |I I 
04:27-Tue-Apr-18-2017 PM10  |   5.07 |   5.20 |   9.71 |   6.08 |I I 
04:27-Tue-Apr-18-2017 PM2.5 |   2.85 |   2.90 |   3.38 |   3.03 |I I 
04:31-Tue-Apr-18-2017 PM10  |   6.19 |   5.28 |   9.71 |   6.08 |I I 
04:31-Tue-Apr-18-2017 PM2.5 |   2.91 |   2.90 |   3.38 |   3.03 |I I 
04:32-Tue-Apr-18-2017 PM10  |   5.27 |   5.28 |   9.71 |   6.08 |I I 
04:32-Tue-Apr-18-2017 PM2.5 |   2.99 |   2.91 |   3.38 |   3.03 |I I 
04:36-Tue-Apr-18-2017 PM10  |   5.28 |   5.28 |   9.71 |   6.08 |I I 
04:36-Tue-Apr-18-2017 PM2.5 |   2.86 |   2.90 |   3.38 |   3.03 |I I 
04:37-Tue-Apr-18-2017 PM10  |   4.05 |   5.20 |   9.71 |   6.08 |I I 
04:37-Tue-Apr-18-2017 PM2.5 |   2.71 |   2.89 |   3.38 |   3.03 |I I 
04:38-Tue-Apr-18-2017 PM10  |   4.05 |   5.13 |   9.71 |   6.08 |I I 
04:38-Tue-Apr-18-2017 PM2.5 |   2.71 |   2.88 |   3.38 |   3.03 |I I 
04:42-Tue-Apr-18-2017 PM10  |   5.59 |   5.15 |   9.71 |   6.08 |I I 
04:42-Tue-Apr-18-2017 PM2.5 |   2.83 |   2.88 |   3.38 |   3.03 |I I 
04:43-Tue-Apr-18-2017 PM10  |   6.23 |   5.21 |   9.71 |   6.08 |I I 
04:43-Tue-Apr-18-2017 PM2.5 |   2.83 |   2.87 |   3.38 |   3.03 |I I 
04:47-Tue-Apr-18-2017 PM10  |   5.82 |   5.24 |   9.71 |   6.08 |I I 
04:47-Tue-Apr-18-2017 PM2.5 |   2.67 |   2.86 |   3.38 |   3.03 |I I 
04:48-Tue-Apr-18-2017 PM10  |   4.48 |   5.21 |   9.71 |   6.08 |I I 
04:48-Tue-Apr-18-2017 PM2.5 |   2.66 |   2.85 |   3.38 |   3.03 |I I 
04:52-Tue-Apr-18-2017 PM10  |   4.88 |   5.19 |   9.71 |   6.08 |I I 
04:52-Tue-Apr-18-2017 PM2.5 |   2.84 |   2.85 |   3.38 |   3.03 |I I 
04:53-Tue-Apr-18-2017 PM10  |   5.32 |   5.20 |   9.71 |   6.08 |I I 
04:53-Tue-Apr-18-2017 PM2.5 |   2.83 |   2.85 |   3.38 |   3.03 |I I 
04:57-Tue-Apr-18-2017 PM10  |   6.05 |   5.23 |   9.71 |   6.08 |I I 
04:57-Tue-Apr-18-2017 PM2.5 |   2.78 |   2.85 |   3.38 |   3.03 |I I 
04:58-Tue-Apr-18-2017 PM10  |   4.82 |   5.22 |   9.71 |   6.08 |I I 
04:58-Tue-Apr-18-2017 PM2.5 |   2.56 |   2.84 |   3.38 |   3.03 |I I 
05:02-Tue-Apr-18-2017 PM10  |   5.43 |   5.23 |   9.71 |   5.23 |I I 
05:02-Tue-Apr-18-2017 PM2.5 |   2.78 |   2.83 |   3.38 |   2.83 |I I 
05:03-Tue-Apr-18-2017 PM10  |   3.84 |   3.84 |   9.71 |   5.23 |I I 
05:03-Tue-Apr-18-2017 PM2.5 |   2.49 |   2.49 |   3.38 |   2.83 |I I 
05:04-Tue-Apr-18-2017 PM10  |   3.84 |   3.84 |   9.71 |   5.23 |I I 
05:04-Tue-Apr-18-2017 PM2.5 |   2.49 |   2.49 |   3.38 |   2.83 |I I 
05:08-Tue-Apr-18-2017 PM10  |   4.96 |   4.21 |   9.71 |   5.23 |I I 
05:08-Tue-Apr-18-2017 PM2.5 |   2.64 |   2.54 |   3.38 |   2.83 |I I 
05:09-Tue-Apr-18-2017 PM10  |   5.14 |   4.45 |   9.71 |   5.23 |I I 
05:09-Tue-Apr-18-2017 PM2.5 |   2.85 |   2.62 |   3.38 |   2.83 |I I 
05:13-Tue-Apr-18-2017 PM10  |   5.46 |   4.65 |   9.71 |   5.23 |I I 
05:13-Tue-Apr-18-2017 PM2.5 |   2.74 |   2.64 |   3.38 |   2.83 |I I 
05:14-Tue-Apr-18-2017 PM10  |   5.67 |   4.82 |   9.71 |   5.23 |I I 
05:14-Tue-Apr-18-2017 PM2.5 |   2.75 |   2.66 |   3.38 |   2.83 |I I 
05:18-Tue-Apr-18-2017 PM10  |   4.32 |   4.75 |   9.71 |   5.23 |I I 
05:18-Tue-Apr-18-2017 PM2.5 |   2.79 |   2.68 |   3.38 |   2.83 |I I 
05:19-Tue-Apr-18-2017 PM10  |   5.60 |   4.85 |   9.71 |   5.23 |I I 
05:19-Tue-Apr-18-2017 PM2.5 |   2.75 |   2.69 |   3.38 |   2.83 |I I 
05:23-Tue-Apr-18-2017 PM10  |   7.71 |   5.17 |   9.71 |   5.23 |I I 
05:23-Tue-Apr-18-2017 PM2.5 |   2.78 |   2.70 |   3.38 |   2.83 |I I 
05:24-Tue-Apr-18-2017 PM10  |   5.01 |   5.15 |   9.71 |   5.23 |I I 
05:24-Tue-Apr-18-2017 PM2.5 |   2.57 |   2.69 |   3.38 |   2.83 |I I 
05:28-Tue-Apr-18-2017 PM10  |   5.43 |   5.18 |   9.71 |   5.23 |I I 
05:28-Tue-Apr-18-2017 PM2.5 |   2.60 |   2.68 |   3.38 |   2.83 |I I 
05:29-Tue-Apr-18-2017 PM10  |   4.70 |   5.14 |   9.71 |   5.23 |I I 
05:29-Tue-Apr-18-2017 PM2.5 |   2.67 |   2.68 |   3.38 |   2.83 |I I 
05:30-Tue-Apr-18-2017 PM10  |   4.70 |   5.11 |   9.71 |   5.23 |I I 
05:30-Tue-Apr-18-2017 PM2.5 |   2.67 |   2.68 |   3.38 |   2.83 |I I 
05:34-Tue-Apr-18-2017 PM10  |   5.13 |   5.11 |   9.71 |   5.23 |I I 
05:34-Tue-Apr-18-2017 PM2.5 |   2.61 |   2.67 |   3.38 |   2.83 |I I 
05:35-Tue-Apr-18-2017 PM10  |   6.44 |   5.20 |   9.71 |   5.23 |I I 
05:35-Tue-Apr-18-2017 PM2.5 |   2.63 |   2.67 |   3.38 |   2.83 |I I 
05:39-Tue-Apr-18-2017 PM10  |   5.64 |   5.22 |   9.71 |   5.23 |I I 
05:39-Tue-Apr-18-2017 PM2.5 |   2.89 |   2.68 |   3.38 |   2.83 |I I 
05:40-Tue-Apr-18-2017 PM10  |   4.43 |   5.18 |   9.71 |   5.23 |I I 
05:40-Tue-Apr-18-2017 PM2.5 |   2.69 |   2.68 |   3.38 |   2.83 |I I 
05:44-Tue-Apr-18-2017 PM10  |   4.47 |   5.14 |   9.71 |   5.23 |I I 
05:44-Tue-Apr-18-2017 PM2.5 |   2.51 |   2.67 |   3.38 |   2.83 |I I 
05:45-Tue-Apr-18-2017 PM10  |   5.68 |   5.17 |   9.71 |   5.23 |I I 
05:45-Tue-Apr-18-2017 PM2.5 |   2.90 |   2.69 |   3.38 |   2.83 |I I 
05:49-Tue-Apr-18-2017 PM10  |   6.30 |   5.22 |   9.71 |   5.23 |I I 
05:49-Tue-Apr-18-2017 PM2.5 |   2.85 |   2.69 |   3.38 |   2.83 |I I 
05:50-Tue-Apr-18-2017 PM10  |   4.56 |   5.19 |   9.71 |   5.23 |I I 
05:50-Tue-Apr-18-2017 PM2.5 |   2.54 |   2.69 |   3.38 |   2.83 |I I 
05:54-Tue-Apr-18-2017 PM10  |   5.47 |   5.20 |   9.71 |   5.23 |I I 
05:54-Tue-Apr-18-2017 PM2.5 |   2.74 |   2.69 |   3.38 |   2.83 |I I 
05:55-Tue-Apr-18-2017 PM10  |   4.57 |   5.18 |   9.71 |   5.23 |I I 
05:55-Tue-Apr-18-2017 PM2.5 |   2.59 |   2.68 |   3.38 |   2.83 |I I 
05:59-Tue-Apr-18-2017 PM10  |   4.34 |   5.14 |   9.71 |   5.23 |I I 
05:59-Tue-Apr-18-2017 PM2.5 |   2.71 |   2.69 |   3.38 |   2.83 |I I 
06:00-Tue-Apr-18-2017 PM10  |   4.34 |   5.11 |   9.71 |   5.11 |I I 
06:00-Tue-Apr-18-2017 PM2.5 |   2.71 |   2.69 |   3.38 |   2.69 |I I 
06:01-Tue-Apr-18-2017 PM10  |   6.30 |   6.30 |   9.71 |   5.11 |I I 
06:01-Tue-Apr-18-2017 PM2.5 |   2.82 |   2.82 |   3.38 |   2.69 |I I 
06:05-Tue-Apr-18-2017 PM10  |   4.16 |   5.23 |   9.71 |   5.11 |I I 
06:05-Tue-Apr-18-2017 PM2.5 |   2.60 |   2.71 |   3.38 |   2.69 |I I 
06:06-Tue-Apr-18-2017 PM10  |   4.08 |   4.85 |   9.71 |   5.11 |I I 
06:06-Tue-Apr-18-2017 PM2.5 |   2.61 |   2.68 |   3.38 |   2.69 |I I 
06:10-Tue-Apr-18-2017 PM10  |   3.91 |   4.61 |   9.71 |   5.11 |I I 
06:10-Tue-Apr-18-2017 PM2.5 |   2.58 |   2.65 |   3.38 |   2.69 |I I 
06:11-Tue-Apr-18-2017 PM10  |   6.26 |   4.94 |   9.71 |   5.11 |I I 
06:11-Tue-Apr-18-2017 PM2.5 |   2.89 |   2.70 |   3.38 |   2.69 |I I 
06:15-Tue-Apr-18-2017 PM10  |   4.39 |   4.85 |   9.71 |   5.11 |I I 
06:15-Tue-Apr-18-2017 PM2.5 |   2.81 |   2.72 |   3.38 |   2.69 |I I 
06:16-Tue-Apr-18-2017 PM10  |   4.49 |   4.80 |   9.71 |   5.11 |I I 
06:16-Tue-Apr-18-2017 PM2.5 |   2.58 |   2.70 |   3.38 |   2.69 |I I 
06:20-Tue-Apr-18-2017 PM10  |   3.84 |   4.68 |   9.71 |   5.11 |I I 
06:20-Tue-Apr-18-2017 PM2.5 |   2.61 |   2.69 |   3.38 |   2.69 |I I 
06:21-Tue-Apr-18-2017 PM10  |   4.28 |   4.63 |   9.71 |   5.11 |I I 
06:21-Tue-Apr-18-2017 PM2.5 |   2.65 |   2.68 |   3.38 |   2.69 |I I 
06:25-Tue-Apr-18-2017 PM10  |   7.09 |   4.88 |   9.71 |   5.11 |I I 
06:25-Tue-Apr-18-2017 PM2.5 |   2.65 |   2.68 |   3.38 |   2.69 |I I 
06:26-Tue-Apr-18-2017 PM10  |   7.09 |   5.08 |   9.71 |   5.11 |I I 
06:26-Tue-Apr-18-2017 PM2.5 |   2.65 |   2.68 |   3.38 |   2.69 |I I 
06:27-Tue-Apr-18-2017 PM10  |   4.83 |   5.06 |   9.71 |   5.11 |I I 
06:27-Tue-Apr-18-2017 PM2.5 |   2.68 |   2.68 |   3.38 |   2.69 |I I 
06:31-Tue-Apr-18-2017 PM10  |   5.07 |   5.06 |   9.71 |   5.11 |I I 
06:31-Tue-Apr-18-2017 PM2.5 |   2.87 |   2.69 |   3.38 |   2.69 |I I 
06:32-Tue-Apr-18-2017 PM10  |   4.07 |   4.99 |   9.71 |   5.11 |I I 
06:32-Tue-Apr-18-2017 PM2.5 |   2.70 |   2.69 |   3.38 |   2.69 |I I 
06:36-Tue-Apr-18-2017 PM10  |   4.06 |   4.93 |   9.71 |   5.11 |I I 
06:36-Tue-Apr-18-2017 PM2.5 |   2.64 |   2.69 |   3.38 |   2.69 |I I 
06:37-Tue-Apr-18-2017 PM10  |   4.21 |   4.88 |   9.71 |   5.11 |I I 
06:37-Tue-Apr-18-2017 PM2.5 |   2.58 |   2.68 |   3.38 |   2.69 |I I 
06:41-Tue-Apr-18-2017 PM10  |   3.77 |   4.82 |   9.71 |   5.11 |I I 
06:41-Tue-Apr-18-2017 PM2.5 |   2.57 |   2.68 |   3.38 |   2.69 |I I 
06:42-Tue-Apr-18-2017 PM10  |   3.74 |   4.76 |   9.71 |   5.11 |I I 
06:42-Tue-Apr-18-2017 PM2.5 |   2.58 |   2.67 |   3.38 |   2.69 |I I 
06:46-Tue-Apr-18-2017 PM10  |   4.18 |   4.73 |   9.71 |   5.11 |I I 
06:46-Tue-Apr-18-2017 PM2.5 |   2.64 |   2.67 |   3.38 |   2.69 |I I 
06:47-Tue-Apr-18-2017 PM10  |   4.29 |   4.70 |   9.71 |   5.11 |I I 
06:47-Tue-Apr-18-2017 PM2.5 |   2.65 |   2.67 |   3.38 |   2.69 |I I 
06:51-Tue-Apr-18-2017 PM10  |   3.47 |   4.65 |   9.71 |   5.11 |I I 
06:51-Tue-Apr-18-2017 PM2.5 |   2.56 |   2.66 |   3.38 |   2.69 |I I 
06:52-Tue-Apr-18-2017 PM10  |   3.47 |   4.59 |   9.71 |   5.11 |I I 
06:52-Tue-Apr-18-2017 PM2.5 |   2.56 |   2.66 |   3.38 |   2.69 |I I 
06:53-Tue-Apr-18-2017 PM10  |   4.04 |   4.57 |   9.71 |   5.11 |I I 
06:53-Tue-Apr-18-2017 PM2.5 |   2.67 |   2.66 |   3.38 |   2.69 |I I 
06:57-Tue-Apr-18-2017 PM10  |   5.20 |   4.59 |   9.71 |   5.11 |I I 
06:57-Tue-Apr-18-2017 PM2.5 |   2.55 |   2.65 |   3.38 |   2.69 |I I 
06:58-Tue-Apr-18-2017 PM10  |   5.37 |   4.63 |   9.71 |   5.11 |I I 
06:58-Tue-Apr-18-2017 PM2.5 |   2.40 |   2.64 |   3.38 |   2.69 |I I 
07:03-Tue-Apr-18-2017 PM10  |   5.77 |   4.67 |   9.71 |   4.67 |I I 
07:03-Tue-Apr-18-2017 PM2.5 |   2.56 |   2.64 |   3.38 |   2.64 |I I 
07:04-Tue-Apr-18-2017 PM10  |   4.69 |   4.69 |   9.71 |   4.67 |I I 
07:04-Tue-Apr-18-2017 PM2.5 |   2.74 |   2.74 |   3.38 |   2.64 |I I 
07:08-Tue-Apr-18-2017 PM10  |   3.89 |   4.29 |   9.71 |   4.67 |I I 
07:08-Tue-Apr-18-2017 PM2.5 |   2.49 |   2.62 |   3.38 |   2.64 |I I 
07:09-Tue-Apr-18-2017 PM10  |   4.73 |   4.44 |   9.71 |   4.67 |I I 
07:09-Tue-Apr-18-2017 PM2.5 |   2.49 |   2.57 |   3.38 |   2.64 |I I 
07:13-Tue-Apr-18-2017 PM10  |   5.74 |   4.76 |   9.71 |   4.67 |I I 
07:13-Tue-Apr-18-2017 PM2.5 |   2.63 |   2.59 |   3.38 |   2.64 |I I 
07:14-Tue-Apr-18-2017 PM10  |   5.67 |   4.94 |   9.71 |   4.67 |I I 
07:14-Tue-Apr-18-2017 PM2.5 |   2.83 |   2.64 |   3.38 |   2.64 |I I 
07:18-Tue-Apr-18-2017 PM10  |   5.95 |   5.11 |   9.71 |   4.67 |I I 
07:18-Tue-Apr-18-2017 PM2.5 |   2.81 |   2.67 |   3.38 |   2.64 |I I 
07:19-Tue-Apr-18-2017 PM10  |   5.95 |   5.23 |   9.71 |   4.67 |I I 
07:19-Tue-Apr-18-2017 PM2.5 |   2.81 |   2.69 |   3.38 |   2.64 |I I 
07:20-Tue-Apr-18-2017 PM10  |   6.38 |   5.37 |   9.71 |   4.67 |I I 
07:20-Tue-Apr-18-2017 PM2.5 |   2.71 |   2.69 |   3.38 |   2.64 |I I 
07:24-Tue-Apr-18-2017 PM10  |   4.37 |   5.26 |   9.71 |   4.67 |I I 
07:24-Tue-Apr-18-2017 PM2.5 |   2.71 |   2.69 |   3.38 |   2.64 |I I 
07:25-Tue-Apr-18-2017 PM10  |   4.53 |   5.19 |   9.71 |   4.67 |I I 
07:25-Tue-Apr-18-2017 PM2.5 |   2.58 |   2.68 |   3.38 |   2.64 |I I 
07:29-Tue-Apr-18-2017 PM10  |   6.41 |   5.30 |   9.71 |   4.67 |I I 
07:29-Tue-Apr-18-2017 PM2.5 |   2.66 |   2.68 |   3.38 |   2.64 |I I 
07:30-Tue-Apr-18-2017 PM10  |   4.46 |   5.23 |   9.71 |   4.67 |I I 
07:30-Tue-Apr-18-2017 PM2.5 |   2.41 |   2.66 |   3.38 |   2.64 |I I 
07:34-Tue-Apr-18-2017 PM10  |   6.45 |   5.32 |   9.71 |   4.67 |I I 
07:34-Tue-Apr-18-2017 PM2.5 |   2.38 |   2.63 |   3.38 |   2.64 |I I 
07:35-Tue-Apr-18-2017 PM10  |   5.12 |   5.31 |   9.71 |   4.67 |I I 
07:35-Tue-Apr-18-2017 PM2.5 |   2.63 |   2.63 |   3.38 |   2.64 |I I 
07:39-Tue-Apr-18-2017 PM10  |   4.19 |   5.24 |   9.71 |   4.67 |I I 
07:39-Tue-Apr-18-2017 PM2.5 |   2.63 |   2.63 |   3.38 |   2.64 |I I 
07:40-Tue-Apr-18-2017 PM10  |   5.59 |   5.26 |   9.71 |   4.67 |I I 
07:40-Tue-Apr-18-2017 PM2.5 |   2.60 |   2.63 |   3.38 |   2.64 |I I 
07:44-Tue-Apr-18-2017 PM10  |   4.83 |   5.23 |   9.71 |   4.67 |I I 
07:44-Tue-Apr-18-2017 PM2.5 |   2.58 |   2.63 |   3.38 |   2.64 |I I 
07:45-Tue-Apr-18-2017 PM10  |   4.83 |   5.21 |   9.71 |   4.67 |I I 
07:45-Tue-Apr-18-2017 PM2.5 |   2.58 |   2.63 |   3.38 |   2.64 |I I 
07:46-Tue-Apr-18-2017 PM10  |   7.01 |   5.30 |   9.71 |   4.67 |I I 
07:46-Tue-Apr-18-2017 PM2.5 |   2.61 |   2.62 |   3.38 |   2.64 |I I 
07:50-Tue-Apr-18-2017 PM10  |   8.10 |   5.44 |   9.71 |   4.67 |I I 
07:50-Tue-Apr-18-2017 PM2.5 |   2.66 |   2.63 |   3.38 |   2.64 |I I 
07:51-Tue-Apr-18-2017 PM10  |   5.82 |   5.46 |   9.71 |   4.67 |I I 
07:51-Tue-Apr-18-2017 PM2.5 |   2.81 |   2.64 |   3.38 |   2.64 |I I 
07:55-Tue-Apr-18-2017 PM10  |   5.02 |   5.44 |   9.71 |   4.67 |I I 
07:55-Tue-Apr-18-2017 PM2.5 |   2.75 |   2.64 |   3.38 |   2.64 |I I 
07:56-Tue-Apr-18-2017 PM10  |   5.81 |   5.46 |   9.71 |   4.67 |I I 
07:56-Tue-Apr-18-2017 PM2.5 |   2.67 |   2.64 |   3.38 |   2.64 |I I 
08:00-Tue-Apr-18-2017 PM10  |   5.91 |   5.48 |   9.71 |   4.67 |I I 
08:00-Tue-Apr-18-2017 PM2.5 |   2.63 |   2.64 |   3.38 |   2.64 |I I 
08:01-Tue-Apr-18-2017 PM10  |  10.13 |  10.13 |   9.71 |   4.67 |I I 
08:01-Tue-Apr-18-2017 PM2.5 |   2.89 |   2.89 |   3.38 |   2.64 |I I 
08:05-Tue-Apr-18-2017 PM10  |   7.03 |   8.58 |   9.71 |   4.67 |I I 
08:05-Tue-Apr-18-2017 PM2.5 |   2.68 |   2.78 |   3.38 |   2.64 |I I 
08:06-Tue-Apr-18-2017 PM10  |   4.51 |   7.23 |   9.71 |   4.67 |I I 
08:06-Tue-Apr-18-2017 PM2.5 |   2.63 |   2.73 |   3.38 |   2.64 |I I 
08:10-Tue-Apr-18-2017 PM10  |   6.41 |   7.02 |   9.71 |   4.67 |I I 
08:10-Tue-Apr-18-2017 PM2.5 |   2.85 |   2.76 |   3.38 |   2.64 |I I 
08:11-Tue-Apr-18-2017 PM10  |   6.41 |   6.90 |   9.71 |   4.67 |I I 
08:11-Tue-Apr-18-2017 PM2.5 |   2.85 |   2.78 |   3.38 |   2.64 |I I 
08:12-Tue-Apr-18-2017 PM10  |   6.15 |   6.78 |   9.71 |   4.67 |I I 
08:12-Tue-Apr-18-2017 PM2.5 |   2.55 |   2.74 |   3.38 |   2.64 |I I 
08:16-Tue-Apr-18-2017 PM10  |   6.67 |   6.76 |   9.71 |   4.67 |I I 
08:16-Tue-Apr-18-2017 PM2.5 |   2.65 |   2.73 |   3.38 |   2.64 |I I 
08:17-Tue-Apr-18-2017 PM10  |   6.41 |   6.72 |   9.71 |   4.67 |I I 
08:17-Tue-Apr-18-2017 PM2.5 |   2.57 |   2.71 |   3.38 |   2.64 |I I 
08:21-Tue-Apr-18-2017 PM10  |   5.43 |   6.57 |   9.71 |   4.67 |I I 
08:21-Tue-Apr-18-2017 PM2.5 |   2.29 |   2.66 |   3.38 |   2.64 |I I 
08:22-Tue-Apr-18-2017 PM10  |   5.28 |   6.44 |   9.71 |   4.67 |I I 
08:22-Tue-Apr-18-2017 PM2.5 |   2.75 |   2.67 |   3.38 |   2.64 |I I 
08:26-Tue-Apr-18-2017 PM10  |   5.78 |   6.38 |   9.71 |   4.67 |I I 
08:26-Tue-Apr-18-2017 PM2.5 |   2.74 |   2.68 |   3.38 |   2.64 |I I 
08:27-Tue-Apr-18-2017 PM10  |   7.99 |   6.52 |   9.71 |   4.67 |I I 
08:27-Tue-Apr-18-2017 PM2.5 |   2.94 |   2.70 |   3.38 |   2.64 |I I 
08:31-Tue-Apr-18-2017 PM10  |   4.25 |   6.34 |   9.71 |   4.67 |I I 
08:31-Tue-Apr-18-2017 PM2.5 |   2.60 |   2.69 |   3.38 |   2.64 |I I 
08:32-Tue-Apr-18-2017 PM10  |   5.53 |   6.28 |   9.71 |   4.67 |I I 
08:32-Tue-Apr-18-2017 PM2.5 |   2.50 |   2.68 |   3.38 |   2.64 |I I 
08:36-Tue-Apr-18-2017 PM10  |   6.29 |   6.29 |   9.71 |   4.67 |I I 
08:36-Tue-Apr-18-2017 PM2.5 |   2.76 |   2.68 |   3.38 |   2.64 |I I 
08:37-Tue-Apr-18-2017 PM10  |   6.29 |   6.29 |   9.71 |   4.67 |I I 
08:37-Tue-Apr-18-2017 PM2.5 |   2.76 |   2.69 |   3.38 |   2.64 |I I 
08:38-Tue-Apr-18-2017 PM10  |   3.94 |   6.15 |   9.71 |   4.67 |I I 
08:38-Tue-Apr-18-2017 PM2.5 |   2.60 |   2.68 |   3.38 |   2.64 |I I 
08:42-Tue-Apr-18-2017 PM10  |   4.42 |   6.05 |   9.71 |   4.67 |I I 
08:42-Tue-Apr-18-2017 PM2.5 |   2.51 |   2.67 |   3.38 |   2.64 |I I 
08:43-Tue-Apr-18-2017 PM10  |   3.21 |   5.90 |   9.71 |   4.67 |I I 
08:43-Tue-Apr-18-2017 PM2.5 |   2.33 |   2.65 |   3.38 |   2.64 |I I 
08:47-Tue-Apr-18-2017 PM10  |   4.73 |   5.84 |   9.71 |   4.67 |I I 
08:47-Tue-Apr-18-2017 PM2.5 |   2.77 |   2.66 |   3.38 |   2.64 |I I 
08:48-Tue-Apr-18-2017 PM10  |   4.24 |   5.77 |   9.71 |   4.67 |I I 
08:48-Tue-Apr-18-2017 PM2.5 |   2.58 |   2.66 |   3.38 |   2.64 |I I 
08:52-Tue-Apr-18-2017 PM10  |   6.50 |   5.80 |   9.71 |   4.67 |I I 
08:52-Tue-Apr-18-2017 PM2.5 |   3.09 |   2.68 |   3.38 |   2.64 |I I 
08:53-Tue-Apr-18-2017 PM10  |   4.68 |   5.75 |   9.71 |   4.67 |I I 
08:53-Tue-Apr-18-2017 PM2.5 |   2.73 |   2.68 |   3.38 |   2.64 |I I 
08:57-Tue-Apr-18-2017 PM10  |   3.68 |   5.67 |   9.71 |   4.67 |I I 
08:57-Tue-Apr-18-2017 PM2.5 |   2.54 |   2.67 |   3.38 |   2.64 |I I 
08:58-Tue-Apr-18-2017 PM10  |   5.04 |   5.64 |   9.71 |   4.67 |I I 
08:58-Tue-Apr-18-2017 PM2.5 |   2.62 |   2.67 |   3.38 |   2.64 |I I 
09:02-Tue-Apr-18-2017 PM10  |   5.69 |   5.64 |   9.71 |   4.67 |I I 
09:02-Tue-Apr-18-2017 PM2.5 |   2.91 |   2.68 |   3.38 |   2.64 |I I 
09:03-Tue-Apr-18-2017 PM10  |   5.69 |   5.69 |   9.71 |   4.67 |I I 
09:03-Tue-Apr-18-2017 PM2.5 |   2.91 |   2.91 |   3.38 |   2.64 |I I 
09:04-Tue-Apr-18-2017 PM10  |   5.73 |   5.71 |   9.71 |   4.67 |I I 
09:04-Tue-Apr-18-2017 PM2.5 |   2.62 |   2.76 |   3.38 |   2.64 |I I 
09:08-Tue-Apr-18-2017 PM10  |   6.26 |   5.89 |   9.71 |   4.67 |I I 
09:08-Tue-Apr-18-2017 PM2.5 |   2.53 |   2.68 |   3.38 |   2.64 |I I 
09:09-Tue-Apr-18-2017 PM10  |   6.26 |   5.99 |   9.71 |   4.67 |I I 
09:09-Tue-Apr-18-2017 PM2.5 |   2.82 |   2.72 |   3.38 |   2.64 |I I 
09:13-Tue-Apr-18-2017 PM10  |   5.49 |   5.89 |   9.71 |   4.67 |I I 
09:13-Tue-Apr-18-2017 PM2.5 |   2.61 |   2.70 |   3.38 |   2.64 |I I 
09:14-Tue-Apr-18-2017 PM10  |   5.57 |   5.83 |   9.71 |   4.67 |I I 
09:14-Tue-Apr-18-2017 PM2.5 |   2.88 |   2.73 |   3.38 |   2.64 |I I 
09:18-Tue-Apr-18-2017 PM10  |   5.19 |   5.74 |   9.71 |   4.67 |I I 
09:18-Tue-Apr-18-2017 PM2.5 |   2.79 |   2.74 |   3.38 |   2.64 |I I 
09:19-Tue-Apr-18-2017 PM10  |   4.89 |   5.63 |   9.71 |   4.67 |I I 
09:19-Tue-Apr-18-2017 PM2.5 |   2.65 |   2.73 |   3.38 |   2.64 |I I 
09:23-Tue-Apr-18-2017 PM10  |   5.35 |   5.60 |   9.71 |   4.67 |I I 
09:23-Tue-Apr-18-2017 PM2.5 |   2.69 |   2.72 |   3.38 |   2.64 |I I 
09:24-Tue-Apr-18-2017 PM10  |   5.38 |   5.58 |   9.71 |   4.67 |I I 
09:24-Tue-Apr-18-2017 PM2.5 |   2.96 |   2.75 |   3.38 |   2.64 |I I 
09:28-Tue-Apr-18-2017 PM10  |   4.72 |   5.50 |   9.71 |   4.67 |I I 
09:28-Tue-Apr-18-2017 PM2.5 |   2.72 |   2.74 |   3.38 |   2.64 |I I 
09:29-Tue-Apr-18-2017 PM10  |   4.72 |   5.44 |   9.71 |   4.67 |I I 
09:29-Tue-Apr-18-2017 PM2.5 |   2.72 |   2.74 |   3.38 |   2.64 |I I 
09:30-Tue-Apr-18-2017 PM10  |   6.31 |   5.50 |   9.71 |   4.67 |I I 
09:30-Tue-Apr-18-2017 PM2.5 |   2.85 |   2.75 |   3.38 |   2.64 |I I 
09:34-Tue-Apr-18-2017 PM10  |   4.43 |   5.43 |   9.71 |   4.67 |I I 
09:34-Tue-Apr-18-2017 PM2.5 |   2.69 |   2.74 |   3.38 |   2.64 |I I 
09:35-Tue-Apr-18-2017 PM10  |   5.33 |   5.42 |   9.71 |   4.67 |I I 
09:35-Tue-Apr-18-2017 PM2.5 |   2.65 |   2.74 |   3.38 |   2.64 |I I 
09:39-Tue-Apr-18-2017 PM10  |   6.35 |   5.48 |   9.71 |   4.67 |I I 
09:39-Tue-Apr-18-2017 PM2.5 |   2.83 |   2.74 |   3.38 |   2.64 |I I 
09:40-Tue-Apr-18-2017 PM10  |   7.77 |   5.61 |   9.71 |   4.67 |I I 
09:40-Tue-Apr-18-2017 PM2.5 |   2.64 |   2.74 |   3.38 |   2.64 |I I 
09:44-Tue-Apr-18-2017 PM10  |   8.30 |   5.76 |   9.71 |   4.67 |I I 
09:44-Tue-Apr-18-2017 PM2.5 |   2.97 |   2.75 |   3.38 |   2.64 |I I 
09:45-Tue-Apr-18-2017 PM10  |   6.46 |   5.80 |   9.71 |   4.67 |I I 
09:45-Tue-Apr-18-2017 PM2.5 |   2.88 |   2.76 |   3.38 |   2.64 |I I 
09:49-Tue-Apr-18-2017 PM10  |   6.65 |   5.84 |   9.71 |   4.67 |I I 
09:49-Tue-Apr-18-2017 PM2.5 |   2.86 |   2.76 |   3.38 |   2.64 |I I 
09:50-Tue-Apr-18-2017 PM10  |   5.70 |   5.84 |   9.71 |   4.67 |I I 
09:50-Tue-Apr-18-2017 PM2.5 |   2.86 |   2.77 |   3.38 |   2.64 |I I 
09:54-Tue-Apr-18-2017 PM10  |   5.47 |   5.82 |   9.71 |   4.67 |I I 
09:54-Tue-Apr-18-2017 PM2.5 |   2.98 |   2.78 |   3.38 |   2.64 |I I 
09:55-Tue-Apr-18-2017 PM10  |   5.47 |   5.80 |   9.71 |   4.67 |I I 
09:55-Tue-Apr-18-2017 PM2.5 |   2.98 |   2.79 |   3.38 |   2.64 |I I 
09:56-Tue-Apr-18-2017 PM10  |   6.40 |   5.83 |   9.71 |   4.67 |I I 
09:56-Tue-Apr-18-2017 PM2.5 |   2.67 |   2.78 |   3.38 |   2.64 |I I 
10:00-Tue-Apr-18-2017 PM10  |   5.77 |   5.83 |   9.71 |   4.67 |I I 
10:00-Tue-Apr-18-2017 PM2.5 |   2.77 |   2.78 |   3.38 |   2.64 |I I 
10:01-Tue-Apr-18-2017 PM10  |   6.17 |   6.17 |   9.71 |   4.67 |I I 
10:01-Tue-Apr-18-2017 PM2.5 |   2.84 |   2.84 |   3.38 |   2.64 |I I 
10:06-Tue-Apr-18-2017 PM10  |   8.99 |   7.58 |   9.71 |   4.67 |I I 
10:06-Tue-Apr-18-2017 PM2.5 |   2.97 |   2.90 |   3.38 |   2.64 |I I 
10:07-Tue-Apr-18-2017 PM10  |   6.29 |   7.15 |   9.71 |   4.67 |I I 
10:07-Tue-Apr-18-2017 PM2.5 |   3.18 |   3.00 |   3.38 |   2.64 |I I 
10:11-Tue-Apr-18-2017 PM10  |   9.14 |   7.65 |   9.71 |   4.67 |I I 
10:11-Tue-Apr-18-2017 PM2.5 |   3.02 |   3.00 |   3.38 |   2.64 |I I 
10:12-Tue-Apr-18-2017 PM10  |  13.00 |   8.72 |   9.71 |   4.67 |I I 
10:12-Tue-Apr-18-2017 PM2.5 |   3.28 |   3.06 |   3.38 |   2.64 |I I 
10:16-Tue-Apr-18-2017 PM10  |   8.39 |   8.66 |   9.71 |   4.67 |I I 
10:16-Tue-Apr-18-2017 PM2.5 |   3.05 |   3.06 |   3.38 |   2.64 |I I 
10:17-Tue-Apr-18-2017 PM10  |   6.21 |   8.31 |   9.71 |   4.67 |I I 
10:17-Tue-Apr-18-2017 PM2.5 |   2.91 |   3.04 |   3.38 |   2.64 |I I 
10:21-Tue-Apr-18-2017 PM10  |  11.47 |   8.71 |   9.71 |   4.67 |I I 
10:21-Tue-Apr-18-2017 PM2.5 |   2.83 |   3.01 |   3.38 |   2.64 |I I 
10:22-Tue-Apr-18-2017 PM10  |   7.53 |   8.58 |   9.71 |   4.67 |I I 
10:22-Tue-Apr-18-2017 PM2.5 |   2.86 |   2.99 |   3.38 |   2.64 |I I 
10:23-Tue-Apr-18-2017 PM10  |   7.53 |   8.47 |   9.71 |   4.67 |I I 
10:23-Tue-Apr-18-2017 PM2.5 |   2.86 |   2.98 |   3.38 |   2.64 |I I 
10:27-Tue-Apr-18-2017 PM10  |  11.60 |   8.76 |   9.71 |   4.67 |I I 
10:27-Tue-Apr-18-2017 PM2.5 |   3.15 |   3.00 |   3.38 |   2.64 |I I 
10:28-Tue-Apr-18-2017 PM10  |   7.41 |   8.65 |   9.71 |   4.67 |I I 
10:28-Tue-Apr-18-2017 PM2.5 |   2.76 |   2.98 |   3.38 |   2.64 |I I 
10:32-Tue-Apr-18-2017 PM10  |   6.52 |   8.48 |   9.71 |   4.67 |I I 
10:32-Tue-Apr-18-2017 PM2.5 |   2.80 |   2.96 |   3.38 |   2.64 |I I 
10:33-Tue-Apr-18-2017 PM10  |   6.26 |   8.32 |   9.71 |   4.67 |I I 
10:33-Tue-Apr-18-2017 PM2.5 |   2.81 |   2.95 |   3.38 |   2.64 |I I 
10:37-Tue-Apr-18-2017 PM10  |   9.36 |   8.39 |   9.71 |   4.67 |I I 
10:37-Tue-Apr-18-2017 PM2.5 |   3.43 |   2.98 |   3.38 |   2.64 |I I 
10:38-Tue-Apr-18-2017 PM10  |   7.80 |   8.36 |   9.71 |   4.67 |I I 
10:38-Tue-Apr-18-2017 PM2.5 |   3.12 |   2.99 |   3.38 |   2.64 |I I 
10:42-Tue-Apr-18-2017 PM10  |  10.10 |   8.46 |   9.71 |   4.67 |I I 
10:42-Tue-Apr-18-2017 PM2.5 |   3.41 |   3.02 |   3.38 |   2.64 |I I 
10:43-Tue-Apr-18-2017 PM10  |   6.72 |   8.36 |   9.71 |   4.67 |I I 
10:43-Tue-Apr-18-2017 PM2.5 |   3.68 |   3.05 |   3.38 |   2.64 |I I 
10:47-Tue-Apr-18-2017 PM10  |   6.56 |   8.27 |   9.71 |   4.67 |I I 
10:47-Tue-Apr-18-2017 PM2.5 |   3.41 |   3.07 |   3.38 |   2.64 |I I 
10:48-Tue-Apr-18-2017 PM10  |   7.05 |   8.21 |   9.71 |   4.67 |I I 
10:48-Tue-Apr-18-2017 PM2.5 |   3.21 |   3.08 |   3.38 |   2.64 |I I 
10:49-Tue-Apr-18-2017 PM10  |   7.05 |   8.15 |   9.71 |   4.67 |I I 
10:49-Tue-Apr-18-2017 PM2.5 |   3.21 |   3.09 |   3.38 |   2.64 |I I 
10:53-Tue-Apr-18-2017 PM10  |   6.94 |   8.10 |   9.71 |   4.67 |I I 
10:53-Tue-Apr-18-2017 PM2.5 |   3.50 |   3.10 |   3.38 |   2.64 |I I 
10:54-Tue-Apr-18-2017 PM10  |   8.70 |   8.12 |   9.71 |   4.67 |I I 
10:54-Tue-Apr-18-2017 PM2.5 |   3.68 |   3.13 |   3.38 |   2.64 |I I 
10:58-Tue-Apr-18-2017 PM10  |   7.70 |   8.10 |   9.71 |   4.67 |I I 
10:58-Tue-Apr-18-2017 PM2.5 |   3.52 |   3.15 |   3.38 |   2.64 |I I 
10:59-Tue-Apr-18-2017 PM10  |   6.86 |   8.05 |   9.71 |   4.67 |I I 
10:59-Tue-Apr-18-2017 PM2.5 |   3.10 |   3.14 |   3.38 |   2.64 |I I 
11:03-Tue-Apr-18-2017 PM10  |   7.51 |   8.03 |   9.71 |   4.67 |I I 
11:03-Tue-Apr-18-2017 PM2.5 |   3.44 |   3.16 |   3.38 |   2.64 |I I 
11:04-Tue-Apr-18-2017 PM10  |   9.63 |   9.63 |   9.71 |   4.67 |I I 
11:04-Tue-Apr-18-2017 PM2.5 |   3.31 |   3.31 |   3.38 |   2.64 |I I 
11:08-Tue-Apr-18-2017 PM10  |   9.06 |   9.35 |   9.71 |   4.67 |I I 
11:08-Tue-Apr-18-2017 PM2.5 |   3.60 |   3.46 |   3.38 |   2.64 |I I 
11:09-Tue-Apr-18-2017 PM10  |   7.69 |   8.79 |   9.71 |   4.67 |I I 
11:09-Tue-Apr-18-2017 PM2.5 |   3.44 |   3.45 |   3.38 |   2.64 |I I 
11:13-Tue-Apr-18-2017 PM10  |   9.61 |   9.00 |   9.71 |   4.67 |I I 
11:13-Tue-Apr-18-2017 PM2.5 |   3.54 |   3.47 |   3.38 |   2.64 |I I 
11:14-Tue-Apr-18-2017 PM10  |  11.21 |   9.44 |   9.71 |   4.67 |I I 
11:14-Tue-Apr-18-2017 PM2.5 |   3.76 |   3.53 |   3.38 |   2.64 |I I 
11:15-Tue-Apr-18-2017 PM10  |  11.21 |   9.73 |   9.71 |   4.67 |I I 
11:15-Tue-Apr-18-2017 PM2.5 |   3.76 |   3.57 |   3.38 |   2.64 |I I 
11:19-Tue-Apr-18-2017 PM10  |   7.80 |   9.46 |   9.71 |   4.67 |I I 
11:19-Tue-Apr-18-2017 PM2.5 |   3.79 |   3.60 |   3.38 |   2.64 |I I 
11:20-Tue-Apr-18-2017 PM10  |   8.86 |   9.38 |   9.71 |   4.67 |I I 
11:20-Tue-Apr-18-2017 PM2.5 |   3.75 |   3.62 |   3.38 |   2.64 |I I 
11:24-Tue-Apr-18-2017 PM10  |   6.76 |   9.09 |   9.71 |   4.67 |I I 
11:24-Tue-Apr-18-2017 PM2.5 |   3.55 |   3.61 |   3.38 |   2.64 |I I 
11:25-Tue-Apr-18-2017 PM10  |  10.68 |   9.25 |   9.71 |   4.67 |I I 
11:25-Tue-Apr-18-2017 PM2.5 |   3.89 |   3.64 |   3.38 |   2.64 |I I 
11:29-Tue-Apr-18-2017 PM10  |  10.83 |   9.39 |   9.71 |   4.67 |I I 
11:29-Tue-Apr-18-2017 PM2.5 |   3.46 |   3.62 |   3.38 |   2.64 |I I 
11:30-Tue-Apr-18-2017 PM10  |  10.48 |   9.48 |   9.71 |   4.67 |I I 
11:30-Tue-Apr-18-2017 PM2.5 |   3.67 |   3.63 |   3.38 |   2.64 |I I 
11:34-Tue-Apr-18-2017 PM10  |   8.22 |   9.39 |   9.71 |   4.67 |I I 
11:34-Tue-Apr-18-2017 PM2.5 |   3.49 |   3.62 |   3.38 |   2.64 |I I 
11:35-Tue-Apr-18-2017 PM10  |   6.94 |   9.21 |   9.71 |   4.67 |I I 
11:35-Tue-Apr-18-2017 PM2.5 |   3.39 |   3.60 |   3.38 |   2.64 |I I 
11:39-Tue-Apr-18-2017 PM10  |   7.28 |   9.08 |   9.71 |   4.67 |I I 
11:39-Tue-Apr-18-2017 PM2.5 |   4.08 |   3.63 |   3.38 |   2.64 |I I 
11:40-Tue-Apr-18-2017 PM10  |   9.14 |   9.09 |   9.71 |   4.67 |I I 
11:40-Tue-Apr-18-2017 PM2.5 |   3.50 |   3.62 |   3.38 |   2.64 |I I 
11:41-Tue-Apr-18-2017 PM10  |   9.14 |   9.09 |   9.71 |   4.67 |I I 
11:41-Tue-Apr-18-2017 PM2.5 |   3.50 |   3.62 |   3.38 |   2.64 |I I 
11:45-Tue-Apr-18-2017 PM10  |   9.00 |   9.09 |   9.71 |   4.67 |I I 
11:45-Tue-Apr-18-2017 PM2.5 |   3.74 |   3.62 |   3.38 |   2.64 |I I 
11:46-Tue-Apr-18-2017 PM10  |   6.55 |   8.95 |   9.71 |   4.67 |I I 
11:46-Tue-Apr-18-2017 PM2.5 |   3.27 |   3.60 |   3.38 |   2.64 |I I 
11:50-Tue-Apr-18-2017 PM10  |   8.41 |   8.92 |   9.71 |   4.67 |I I 
11:50-Tue-Apr-18-2017 PM2.5 |   3.79 |   3.61 |   3.38 |   2.64 |I I 
11:51-Tue-Apr-18-2017 PM10  |   8.12 |   8.89 |   9.71 |   4.67 |I I 
11:51-Tue-Apr-18-2017 PM2.5 |   3.49 |   3.61 |   3.38 |   2.64 |I I 
11:55-Tue-Apr-18-2017 PM10  |   7.86 |   8.84 |   9.71 |   4.67 |I I 
11:55-Tue-Apr-18-2017 PM2.5 |   3.47 |   3.60 |   3.38 |   2.64 |I I 
11:56-Tue-Apr-18-2017 PM10  |   8.44 |   8.82 |   9.71 |   4.67 |I I 
11:56-Tue-Apr-18-2017 PM2.5 |   3.81 |   3.61 |   3.38 |   2.64 |I I 
12:00-Tue-Apr-18-2017 PM10  |  11.30 |   8.93 |   9.71 |   4.67 |I I 
12:00-Tue-Apr-18-2017 PM2.5 |   3.62 |   3.61 |   3.61 |   2.64 |I I 
12:01-Tue-Apr-18-2017 PM10  |   7.14 |   7.14 |   9.71 |   4.67 |I I 
12:01-Tue-Apr-18-2017 PM2.5 |   3.41 |   3.41 |   3.61 |   2.64 |I I 
12:05-Tue-Apr-18-2017 PM10  |   6.95 |   7.05 |   9.71 |   4.67 |I I 
12:05-Tue-Apr-18-2017 PM2.5 |   3.69 |   3.55 |   3.61 |   2.64 |I I 
12:06-Tue-Apr-18-2017 PM10  |   7.34 |   7.14 |   9.71 |   4.67 |I I 
12:06-Tue-Apr-18-2017 PM2.5 |   3.56 |   3.55 |   3.61 |   2.64 |I I 
12:07-Tue-Apr-18-2017 PM10  |   7.34 |   7.19 |   9.71 |   4.67 |I I 
12:07-Tue-Apr-18-2017 PM2.5 |   3.56 |   3.56 |   3.61 |   2.64 |I I 
12:11-Tue-Apr-18-2017 PM10  |   9.95 |   7.75 |   9.71 |   4.67 |I I 
12:11-Tue-Apr-18-2017 PM2.5 |   3.97 |   3.64 |   3.61 |   2.64 |I I 
12:12-Tue-Apr-18-2017 PM10  |   7.10 |   7.64 |   9.71 |   4.67 |I I 
12:12-Tue-Apr-18-2017 PM2.5 |   3.70 |   3.65 |   3.61 |   2.64 |I I 
12:16-Tue-Apr-18-2017 PM10  |   8.44 |   7.75 |   9.71 |   4.67 |I I 
12:16-Tue-Apr-18-2017 PM2.5 |   4.00 |   3.70 |   3.61 |   2.64 |I I 
12:17-Tue-Apr-18-2017 PM10  |   5.83 |   7.51 |   9.71 |   4.67 |I I 
12:17-Tue-Apr-18-2017 PM2.5 |   3.54 |   3.68 |   3.61 |   2.64 |I I 
12:21-Tue-Apr-18-2017 PM10  |   6.61 |   7.41 |   9.71 |   4.67 |I I 
12:21-Tue-Apr-18-2017 PM2.5 |   3.51 |   3.66 |   3.61 |   2.64 |I I 
12:22-Tue-Apr-18-2017 PM10  |   6.90 |   7.36 |   9.71 |   4.67 |I I 
12:22-Tue-Apr-18-2017 PM2.5 |   3.63 |   3.66 |   3.61 |   2.64 |I I 
12:26-Tue-Apr-18-2017 PM10  |   7.54 |   7.38 |   9.71 |   4.67 |I I 
12:26-Tue-Apr-18-2017 PM2.5 |   3.77 |   3.67 |   3.61 |   2.64 |I I 
12:27-Tue-Apr-18-2017 PM10  |  10.28 |   7.62 |   9.71 |   4.67 |I I 
12:27-Tue-Apr-18-2017 PM2.5 |   3.64 |   3.67 |   3.61 |   2.64 |I I 
12:17-Tue-Apr-18-2017Start
16:27-Tue-Apr-18-2017 PM10  |   5.51 |   5.51 |   9.71 |   4.67 |I I 
16:27-Tue-Apr-18-2017 PM2.5 |   2.45 |   2.45 |   3.61 |   2.45 |I I 
16:31-Tue-Apr-18-2017 PM10  |   7.55 |   7.55 |   9.71 |   4.67 |I I 
16:31-Tue-Apr-18-2017 PM2.5 |   2.52 |   2.52 |   3.61 |   2.45 |I I 
16:32-Tue-Apr-18-2017 PM10  |   5.75 |   6.65 |   9.71 |   4.67 |I I 
16:32-Tue-Apr-18-2017 PM2.5 |   2.41 |   2.47 |   3.61 |   2.45 |I I 
16:36-Tue-Apr-18-2017 PM10  |   4.82 |   6.04 |   9.71 |   4.67 |I I 
16:36-Tue-Apr-18-2017 PM2.5 |   2.43 |   2.45 |   3.61 |   2.45 |I I 
16:37-Tue-Apr-18-2017 PM10  |   5.63 |   5.94 |   9.71 |   4.67 |I I 
16:37-Tue-Apr-18-2017 PM2.5 |   2.12 |   2.37 |   3.61 |   2.45 |I I 
16:41-Tue-Apr-18-2017 PM10  |   7.76 |   6.30 |   9.71 |   4.67 |I I 
16:41-Tue-Apr-18-2017 PM2.5 |   2.35 |   2.37 |   3.61 |   2.45 |I I 
16:42-Tue-Apr-18-2017 PM10  |   8.80 |   6.72 |   9.71 |   4.67 |I I 
16:42-Tue-Apr-18-2017 PM2.5 |   2.41 |   2.38 |   3.61 |   2.45 |I I 
16:46-Tue-Apr-18-2017 PM10  |   9.00 |   7.04 |   9.71 |   4.67 |I I 
16:46-Tue-Apr-18-2017 PM2.5 |   2.51 |   2.40 |   3.61 |   2.45 |I I 
16:47-Tue-Apr-18-2017 PM10  |   6.50 |   6.98 |   9.71 |   4.67 |I I 
16:47-Tue-Apr-18-2017 PM2.5 |   2.30 |   2.38 |   3.61 |   2.45 |I I 
16:48-Tue-Apr-18-2017 PM10  |   6.50 |   6.92 |   9.71 |   4.67 |I I 
16:48-Tue-Apr-18-2017 PM2.5 |   2.30 |   2.37 |   3.61 |   2.45 |I I 
16:52-Tue-Apr-18-2017 PM10  |   7.18 |   6.95 |   9.71 |   4.67 |I I 
16:52-Tue-Apr-18-2017 PM2.5 |   2.38 |   2.37 |   3.61 |   2.45 |I I 
16:53-Tue-Apr-18-2017 PM10  |   4.47 |   6.72 |   9.71 |   4.67 |I I 
16:53-Tue-Apr-18-2017 PM2.5 |   2.06 |   2.35 |   3.61 |   2.45 |I I 
16:57-Tue-Apr-18-2017 PM10  |   6.88 |   6.74 |   9.71 |   4.67 |I I 
16:57-Tue-Apr-18-2017 PM2.5 |   2.30 |   2.34 |   3.61 |   2.45 |I I 
16:58-Tue-Apr-18-2017 PM10  |   7.86 |   6.82 |   9.71 |   4.67 |I I 
16:58-Tue-Apr-18-2017 PM2.5 |   2.12 |   2.32 |   3.61 |   2.45 |I I 
17:02-Tue-Apr-18-2017 PM10  |   6.04 |   6.77 |   9.71 |   4.67 |I I 
17:02-Tue-Apr-18-2017 PM2.5 |   2.14 |   2.31 |   3.61 |   2.31 |I I 
17:03-Tue-Apr-18-2017 PM10  |  10.09 |  10.09 |   9.71 |   4.67 |I I 
17:03-Tue-Apr-18-2017 PM2.5 |   2.19 |   2.19 |   3.61 |   2.31 |I I 
17:07-Tue-Apr-18-2017 PM10  |  10.66 |  10.37 |   9.71 |   4.67 |I I 
17:07-Tue-Apr-18-2017 PM2.5 |   2.25 |   2.22 |   3.61 |   2.31 |I I 
17:08-Tue-Apr-18-2017 PM10  |   9.07 |   9.94 |   9.71 |   4.67 |I I 
17:08-Tue-Apr-18-2017 PM2.5 |   2.14 |   2.19 |   3.61 |   2.31 |I I 
17:12-Tue-Apr-18-2017 PM10  |   7.30 |   9.28 |   9.71 |   4.67 |I I 
17:12-Tue-Apr-18-2017 PM2.5 |   2.07 |   2.16 |   3.61 |   2.31 |I I 
17:13-Tue-Apr-18-2017 PM10  |   8.56 |   9.14 |   9.71 |   4.67 |I I 
17:13-Tue-Apr-18-2017 PM2.5 |   2.02 |   2.14 |   3.61 |   2.31 |I I 
17:14-Tue-Apr-18-2017 PM10  |   8.56 |   9.04 |   9.71 |   4.67 |I I 
17:14-Tue-Apr-18-2017 PM2.5 |   2.02 |   2.12 |   3.61 |   2.31 |I I 
17:18-Tue-Apr-18-2017 PM10  |  13.12 |   9.62 |   9.71 |   4.67 |I I 
17:18-Tue-Apr-18-2017 PM2.5 |   2.17 |   2.12 |   3.61 |   2.31 |I I 
17:19-Tue-Apr-18-2017 PM10  |   5.89 |   9.16 |   9.71 |   4.67 |I I 
17:19-Tue-Apr-18-2017 PM2.5 |   2.05 |   2.12 |   3.61 |   2.31 |I I 
17:23-Tue-Apr-18-2017 PM10  |   4.80 |   8.67 |   9.71 |   4.67 |I I 
17:23-Tue-Apr-18-2017 PM2.5 |   2.22 |   2.13 |   3.61 |   2.31 |I I 
17:24-Tue-Apr-18-2017 PM10  |   9.28 |   8.73 |   9.71 |   4.67 |I I 
17:24-Tue-Apr-18-2017 PM2.5 |   2.34 |   2.15 |   3.61 |   2.31 |I I 
17:28-Tue-Apr-18-2017 PM10  |   4.79 |   8.37 |   9.71 |   4.67 |I I 
17:28-Tue-Apr-18-2017 PM2.5 |   2.09 |   2.14 |   3.61 |   2.31 |I I 
17:29-Tue-Apr-18-2017 PM10  |   6.60 |   8.23 |   9.71 |   4.67 |I I 
17:29-Tue-Apr-18-2017 PM2.5 |   2.08 |   2.14 |   3.61 |   2.31 |I I 
17:33-Tue-Apr-18-2017 PM10  |   5.41 |   8.01 |   9.71 |   4.67 |I I 
17:33-Tue-Apr-18-2017 PM2.5 |   2.12 |   2.14 |   3.61 |   2.31 |I I 
17:34-Tue-Apr-18-2017 PM10  |   7.86 |   8.00 |   9.71 |   4.67 |I I 
17:34-Tue-Apr-18-2017 PM2.5 |   2.19 |   2.14 |   3.61 |   2.31 |I I 
17:38-Tue-Apr-18-2017 PM10  |   4.64 |   7.78 |   9.71 |   4.67 |I I 
17:38-Tue-Apr-18-2017 PM2.5 |   1.93 |   2.13 |   3.61 |   2.31 |I I 
17:39-Tue-Apr-18-2017 PM10  |   6.46 |   7.69 |   9.71 |   4.67 |I I 
17:39-Tue-Apr-18-2017 PM2.5 |   2.00 |   2.12 |   3.61 |   2.31 |I I 
17:40-Tue-Apr-18-2017 PM10  |   6.46 |   7.62 |   9.71 |   4.67 |I I 
17:40-Tue-Apr-18-2017 PM2.5 |   2.00 |   2.11 |   3.61 |   2.31 |I I 
17:44-Tue-Apr-18-2017 PM10  |   6.01 |   7.53 |   9.71 |   4.67 |I I 
17:44-Tue-Apr-18-2017 PM2.5 |   2.20 |   2.12 |   3.61 |   2.31 |I I 
17:45-Tue-Apr-18-2017 PM10  |   6.36 |   7.47 |   9.71 |   4.67 |I I 
17:45-Tue-Apr-18-2017 PM2.5 |   2.15 |   2.12 |   3.61 |   2.31 |I I 
17:49-Tue-Apr-18-2017 PM10  |   7.02 |   7.45 |   9.71 |   4.67 |I I 
17:49-Tue-Apr-18-2017 PM2.5 |   2.24 |   2.12 |   3.61 |   2.31 |I I 
17:50-Tue-Apr-18-2017 PM10  |   6.42 |   7.40 |   9.71 |   4.67 |I I 
17:50-Tue-Apr-18-2017 PM2.5 |   2.33 |   2.13 |   3.61 |   2.31 |I I 
17:54-Tue-Apr-18-2017 PM10  |   5.51 |   7.31 |   9.71 |   4.67 |I I 
17:54-Tue-Apr-18-2017 PM2.5 |   2.32 |   2.14 |   3.61 |   2.31 |I I 
17:55-Tue-Apr-18-2017 PM10  |   5.98 |   7.25 |   9.71 |   4.67 |I I 
17:55-Tue-Apr-18-2017 PM2.5 |   2.19 |   2.14 |   3.61 |   2.31 |I I 
17:59-Tue-Apr-18-2017 PM10  |   6.54 |   7.23 |   9.71 |   4.67 |I I 
17:59-Tue-Apr-18-2017 PM2.5 |   2.22 |   2.15 |   3.61 |   2.31 |I I 
18:00-Tue-Apr-18-2017 PM10  |   5.52 |   7.16 |   9.71 |   4.67 |I I 
18:00-Tue-Apr-18-2017 PM2.5 |   2.07 |   2.14 |   3.61 |   2.14 |I I 
18:04-Tue-Apr-18-2017 PM10  |   8.27 |   8.27 |   9.71 |   4.67 |I I 
18:04-Tue-Apr-18-2017 PM2.5 |   2.14 |   2.14 |   3.61 |   2.14 |I I 
18:05-Tue-Apr-18-2017 PM10  |   6.79 |   7.53 |   9.71 |   4.67 |I I 
18:05-Tue-Apr-18-2017 PM2.5 |   2.26 |   2.20 |   3.61 |   2.14 |I I 
18:09-Tue-Apr-18-2017 PM10  |   8.62 |   7.89 |   9.71 |   4.67 |I I 
18:09-Tue-Apr-18-2017 PM2.5 |   2.31 |   2.24 |   3.61 |   2.14 |I I 
18:10-Tue-Apr-18-2017 PM10  |   8.62 |   8.08 |   9.71 |   4.67 |I I 
18:10-Tue-Apr-18-2017 PM2.5 |   2.31 |   2.26 |   3.61 |   2.14 |I I 
18:11-Tue-Apr-18-2017 PM10  |  10.00 |   8.46 |   9.71 |   4.67 |I I 
18:11-Tue-Apr-18-2017 PM2.5 |   2.46 |   2.30 |   3.61 |   2.14 |I I 
18:15-Tue-Apr-18-2017 PM10  |   8.07 |   8.40 |   9.71 |   4.67 |I I 
18:15-Tue-Apr-18-2017 PM2.5 |   2.51 |   2.33 |   3.61 |   2.14 |I I 
18:16-Tue-Apr-18-2017 PM10  |   7.20 |   8.22 |   9.71 |   4.67 |I I 
18:16-Tue-Apr-18-2017 PM2.5 |   2.25 |   2.32 |   3.61 |   2.14 |I I 
18:20-Tue-Apr-18-2017 PM10  |   6.18 |   7.97 |   9.71 |   4.67 |I I 
18:20-Tue-Apr-18-2017 PM2.5 |   2.44 |   2.34 |   3.61 |   2.14 |I I 
18:21-Tue-Apr-18-2017 PM10  |  12.00 |   8.42 |   9.71 |   4.67 |I I 
18:21-Tue-Apr-18-2017 PM2.5 |   2.76 |   2.38 |   3.61 |   2.14 |I I 
18:25-Tue-Apr-18-2017 PM10  |   7.32 |   8.31 |   9.71 |   4.67 |I I 
18:25-Tue-Apr-18-2017 PM2.5 |   2.41 |   2.39 |   3.61 |   2.14 |I I 
18:26-Tue-Apr-18-2017 PM10  |   6.57 |   8.15 |   9.71 |   4.67 |I I 
18:26-Tue-Apr-18-2017 PM2.5 |   2.56 |   2.40 |   3.61 |   2.14 |I I 
18:30-Tue-Apr-18-2017 PM10  |   8.65 |   8.19 |   9.71 |   4.67 |I I 
18:30-Tue-Apr-18-2017 PM2.5 |   2.54 |   2.41 |   3.61 |   2.14 |I I 
18:31-Tue-Apr-18-2017 PM10  |   7.49 |   8.14 |   9.71 |   4.67 |I I 
18:31-Tue-Apr-18-2017 PM2.5 |   2.39 |   2.41 |   3.61 |   2.14 |I I 
18:35-Tue-Apr-18-2017 PM10  |   7.44 |   8.09 |   9.71 |   4.67 |I I 
18:35-Tue-Apr-18-2017 PM2.5 |   2.45 |   2.41 |   3.61 |   2.14 |I I 
18:36-Tue-Apr-18-2017 PM10  |   7.44 |   8.04 |   9.71 |   4.67 |I I 
18:36-Tue-Apr-18-2017 PM2.5 |   2.45 |   2.42 |   3.61 |   2.14 |I I 
18:37-Tue-Apr-18-2017 PM10  |   5.36 |   7.88 |   9.71 |   4.67 |I I 
18:37-Tue-Apr-18-2017 PM2.5 |   2.25 |   2.41 |   3.61 |   2.14 |I I 
18:41-Tue-Apr-18-2017 PM10  |  10.34 |   8.02 |   9.71 |   4.67 |I I 
18:41-Tue-Apr-18-2017 PM2.5 |   2.91 |   2.44 |   3.61 |   2.14 |I I 
18:42-Tue-Apr-18-2017 PM10  |   6.43 |   7.93 |   9.71 |   4.67 |I I 
18:42-Tue-Apr-18-2017 PM2.5 |   2.32 |   2.43 |   3.61 |   2.14 |I I 
18:46-Tue-Apr-18-2017 PM10  |   5.82 |   7.82 |   9.71 |   4.67 |I I 
18:46-Tue-Apr-18-2017 PM2.5 |   2.40 |   2.43 |   3.61 |   2.14 |I I 
18:47-Tue-Apr-18-2017 PM10  |   6.77 |   7.77 |   9.71 |   4.67 |I I 
18:47-Tue-Apr-18-2017 PM2.5 |   2.47 |   2.43 |   3.61 |   2.14 |I I 
18:51-Tue-Apr-18-2017 PM10  |   9.35 |   7.84 |   9.71 |   4.67 |I I 
18:51-Tue-Apr-18-2017 PM2.5 |   2.31 |   2.42 |   3.61 |   2.14 |I I 
18:53-Tue-Apr-18-2017 PM10  |   6.66 |   7.79 |   9.71 |   4.67 |I I 
18:53-Tue-Apr-18-2017 PM2.5 |   2.65 |   2.43 |   3.61 |   2.14 |I I 
18:57-Tue-Apr-18-2017 PM10  |   7.20 |   7.77 |   9.71 |   4.67 |I I 
18:57-Tue-Apr-18-2017 PM2.5 |   2.56 |   2.44 |   3.61 |   2.14 |I I 
18:58-Tue-Apr-18-2017 PM10  |   9.90 |   7.85 |   9.71 |   4.67 |I I 
18:58-Tue-Apr-18-2017 PM2.5 |   2.46 |   2.44 |   3.61 |   2.14 |I I 
19:02-Tue-Apr-18-2017 PM10  |   6.26 |   7.79 |   9.71 |   4.67 |I I 
19:02-Tue-Apr-18-2017 PM2.5 |   2.62 |   2.45 |   3.61 |   2.14 |I I 
19:03-Tue-Apr-18-2017 PM10  |   6.26 |   6.26 |   9.71 |   4.67 |I I 
19:03-Tue-Apr-18-2017 PM2.5 |   2.62 |   2.62 |   3.61 |   2.14 |I I 
19:04-Tue-Apr-18-2017 PM10  |   9.47 |   7.87 |   9.71 |   4.67 |I I 
19:04-Tue-Apr-18-2017 PM2.5 |   2.29 |   2.46 |   3.61 |   2.14 |I I 
19:08-Tue-Apr-18-2017 PM10  |   5.95 |   7.23 |   9.71 |   4.67 |I I 
19:08-Tue-Apr-18-2017 PM2.5 |   2.31 |   2.41 |   3.61 |   2.14 |I I 
19:09-Tue-Apr-18-2017 PM10  |   6.56 |   7.06 |   9.71 |   4.67 |I I 
19:09-Tue-Apr-18-2017 PM2.5 |   2.53 |   2.44 |   3.61 |   2.14 |I I 
19:13-Tue-Apr-18-2017 PM10  |   6.63 |   6.97 |   9.71 |   4.67 |I I 
19:13-Tue-Apr-18-2017 PM2.5 |   2.56 |   2.46 |   3.61 |   2.14 |I I 
19:14-Tue-Apr-18-2017 PM10  |   7.37 |   7.04 |   9.71 |   4.67 |I I 
19:14-Tue-Apr-18-2017 PM2.5 |   2.32 |   2.44 |   3.61 |   2.14 |I I 
19:18-Tue-Apr-18-2017 PM10  |   7.84 |   7.15 |   9.71 |   4.67 |I I 
19:18-Tue-Apr-18-2017 PM2.5 |   2.54 |   2.45 |   3.61 |   2.14 |I I 
19:19-Tue-Apr-18-2017 PM10  |  11.04 |   7.64 |   9.71 |   4.67 |I I 
19:19-Tue-Apr-18-2017 PM2.5 |   2.56 |   2.47 |   3.61 |   2.14 |I I 
19:23-Tue-Apr-18-2017 PM10  |  12.65 |   8.20 |   9.71 |   4.67 |I I 
19:23-Tue-Apr-18-2017 PM2.5 |   2.86 |   2.51 |   3.61 |   2.14 |I I 
19:24-Tue-Apr-18-2017 PM10  |   7.67 |   8.14 |   9.71 |   4.67 |I I 
19:24-Tue-Apr-18-2017 PM2.5 |   2.56 |   2.51 |   3.61 |   2.14 |I I 
19:28-Tue-Apr-18-2017 PM10  |  11.45 |   8.44 |   9.71 |   4.67 |I I 
19:28-Tue-Apr-18-2017 PM2.5 |   2.77 |   2.54 |   3.61 |   2.14 |I I 
19:29-Tue-Apr-18-2017 PM10  |   6.32 |   8.27 |   9.71 |   4.67 |I I 
19:29-Tue-Apr-18-2017 PM2.5 |   2.41 |   2.53 |   3.61 |   2.14 |I I 
19:30-Tue-Apr-18-2017 PM10  |   6.32 |   8.12 |   9.71 |   4.67 |I I 
19:30-Tue-Apr-18-2017 PM2.5 |   2.41 |   2.52 |   3.61 |   2.14 |I I 
19:34-Tue-Apr-18-2017 PM10  |   8.11 |   8.12 |   9.71 |   4.67 |I I 
19:34-Tue-Apr-18-2017 PM2.5 |   2.57 |   2.52 |   3.61 |   2.14 |I I 
19:35-Tue-Apr-18-2017 PM10  |  10.62 |   8.28 |   9.71 |   4.67 |I I 
19:35-Tue-Apr-18-2017 PM2.5 |   3.04 |   2.56 |   3.61 |   2.14 |I I 
19:39-Tue-Apr-18-2017 PM10  |   8.06 |   8.27 |   9.71 |   4.67 |I I 
19:39-Tue-Apr-18-2017 PM2.5 |   2.86 |   2.58 |   3.61 |   2.14 |I I 
19:40-Tue-Apr-18-2017 PM10  |   7.83 |   8.24 |   9.71 |   4.67 |I I 
19:40-Tue-Apr-18-2017 PM2.5 |   2.58 |   2.58 |   3.61 |   2.14 |I I 
19:44-Tue-Apr-18-2017 PM10  |   9.52 |   8.32 |   9.71 |   4.67 |I I 
19:44-Tue-Apr-18-2017 PM2.5 |   2.88 |   2.59 |   3.61 |   2.14 |I I 
19:45-Tue-Apr-18-2017 PM10  |   7.76 |   8.29 |   9.71 |   4.67 |I B 
19:45-Tue-Apr-18-2017 PM2.5 |   2.87 |   2.61 |   3.61 |   2.14 |I B 
19:49-Tue-Apr-18-2017recover dati per host :92.223.147.77/nodered
19:49-Tue-Apr-18-2017 PM10  |   7.22 |   8.23 |   9.71 |   4.67 |I I 
19:49-Tue-Apr-18-2017 PM2.5 |   2.74 |   2.61 |   3.61 |   2.14 |I I 
19:50-Tue-Apr-18-2017 PM10  |   8.91 |   8.26 |   9.71 |   4.67 |I I 
19:50-Tue-Apr-18-2017 PM2.5 |   2.44 |   2.61 |   3.61 |   2.14 |I I 
19:54-Tue-Apr-18-2017 PM10  |   7.50 |   8.23 |   9.71 |   4.67 |I I 
19:54-Tue-Apr-18-2017 PM2.5 |   2.50 |   2.60 |   3.61 |   2.14 |I I 
19:55-Tue-Apr-18-2017 PM10  |   7.37 |   8.19 |   9.71 |   4.67 |I I 
19:55-Tue-Apr-18-2017 PM2.5 |   2.53 |   2.60 |   3.61 |   2.14 |I I 
19:56-Tue-Apr-18-2017 PM10  |   7.37 |   8.16 |   9.71 |   4.67 |I I 
19:56-Tue-Apr-18-2017 PM2.5 |   2.53 |   2.60 |   3.61 |   2.14 |I I 
20:00-Tue-Apr-18-2017 PM10  |  11.35 |   8.29 |   9.71 |   4.67 |I I 
20:00-Tue-Apr-18-2017 PM2.5 |   2.65 |   2.60 |   3.61 |   2.14 |I I 
20:01-Tue-Apr-18-2017 PM10  |   7.98 |   7.98 |   9.71 |   4.67 |I I 
20:01-Tue-Apr-18-2017 PM2.5 |   2.49 |   2.49 |   3.61 |   2.14 |I I 
20:05-Tue-Apr-18-2017 PM10  |   7.04 |   7.51 |   9.71 |   4.67 |I I 
20:05-Tue-Apr-18-2017 PM2.5 |   2.67 |   2.58 |   3.61 |   2.14 |I I 
20:06-Tue-Apr-18-2017 PM10  |   6.04 |   7.02 |   9.71 |   4.67 |I I 
20:06-Tue-Apr-18-2017 PM2.5 |   2.32 |   2.49 |   3.61 |   2.14 |I I 
20:10-Tue-Apr-18-2017 PM10  |   8.40 |   7.37 |   9.71 |   4.67 |I I 
20:10-Tue-Apr-18-2017 PM2.5 |   2.50 |   2.50 |   3.61 |   2.14 |I I 
20:11-Tue-Apr-18-2017 PM10  |   9.20 |   7.73 |   9.71 |   4.67 |I I 
20:11-Tue-Apr-18-2017 PM2.5 |   2.72 |   2.54 |   3.61 |   2.14 |I I 
20:15-Tue-Apr-18-2017 PM10  |   6.96 |   7.60 |   9.71 |   4.67 |I I 
20:15-Tue-Apr-18-2017 PM2.5 |   2.50 |   2.53 |   3.61 |   2.14 |I I 
20:16-Tue-Apr-18-2017 PM10  |   6.70 |   7.47 |   9.71 |   4.67 |I I 
20:16-Tue-Apr-18-2017 PM2.5 |   2.28 |   2.50 |   3.61 |   2.14 |I I 
20:20-Tue-Apr-18-2017 PM10  |   5.88 |   7.27 |   9.71 |   4.67 |I I 
20:20-Tue-Apr-18-2017 PM2.5 |   2.25 |   2.47 |   3.61 |   2.14 |I I 
20:21-Tue-Apr-18-2017 PM10  |   7.66 |   7.32 |   9.71 |   4.67 |I I 
20:21-Tue-Apr-18-2017 PM2.5 |   2.28 |   2.45 |   3.61 |   2.14 |I I 
20:22-Tue-Apr-18-2017 PM10  |   7.66 |   7.35 |   9.71 |   4.67 |I I 
20:22-Tue-Apr-18-2017 PM2.5 |   2.28 |   2.43 |   3.61 |   2.14 |I I 
20:26-Tue-Apr-18-2017 PM10  |   6.80 |   7.30 |   9.71 |   4.67 |I I 
20:26-Tue-Apr-18-2017 PM2.5 |   2.43 |   2.43 |   3.61 |   2.14 |I I 
20:27-Tue-Apr-18-2017 PM10  |   5.65 |   7.16 |   9.71 |   4.67 |I I 
20:27-Tue-Apr-18-2017 PM2.5 |   2.49 |   2.43 |   3.61 |   2.14 |I I 
20:31-Tue-Apr-18-2017 PM10  |   6.88 |   7.14 |   9.71 |   4.67 |I I 
20:31-Tue-Apr-18-2017 PM2.5 |   2.77 |   2.46 |   3.61 |   2.14 |I I 
20:32-Tue-Apr-18-2017 PM10  |   7.67 |   7.18 |   9.71 |   4.67 |I I 
20:32-Tue-Apr-18-2017 PM2.5 |   2.38 |   2.46 |   3.61 |   2.14 |I I 
20:36-Tue-Apr-18-2017 PM10  |   6.28 |   7.12 |   9.71 |   4.67 |I I 
20:36-Tue-Apr-18-2017 PM2.5 |   2.36 |   2.45 |   3.61 |   2.14 |I I 
20:37-Tue-Apr-18-2017 PM10  |   6.53 |   7.08 |   9.71 |   4.67 |I I 
20:37-Tue-Apr-18-2017 PM2.5 |   2.46 |   2.45 |   3.61 |   2.14 |I I 
20:41-Tue-Apr-18-2017 PM10  |   6.24 |   7.03 |   9.71 |   4.67 |I I 
20:41-Tue-Apr-18-2017 PM2.5 |   2.30 |   2.44 |   3.61 |   2.14 |I I 
20:42-Tue-Apr-18-2017 PM10  |   5.80 |   6.96 |   9.71 |   4.67 |I I 
20:42-Tue-Apr-18-2017 PM2.5 |   2.42 |   2.44 |   3.61 |   2.14 |I I 
20:46-Tue-Apr-18-2017 PM10  |   6.93 |   6.96 |   9.71 |   4.67 |I I 
20:46-Tue-Apr-18-2017 PM2.5 |   2.40 |   2.44 |   3.61 |   2.14 |I I 
20:47-Tue-Apr-18-2017 PM10  |   6.85 |   6.96 |   9.71 |   4.67 |I I 
20:47-Tue-Apr-18-2017 PM2.5 |   2.48 |   2.44 |   3.61 |   2.14 |I I 
20:51-Tue-Apr-18-2017 PM10  |   6.63 |   6.94 |   9.71 |   4.67 |I I 
20:51-Tue-Apr-18-2017 PM2.5 |   2.73 |   2.45 |   3.61 |   2.14 |I I 
20:52-Tue-Apr-18-2017 PM10  |   6.63 |   6.93 |   9.71 |   4.67 |I I 
20:52-Tue-Apr-18-2017 PM2.5 |   2.73 |   2.47 |   3.61 |   2.14 |I I 
20:53-Tue-Apr-18-2017 PM10  |   6.09 |   6.89 |   9.71 |   4.67 |I I 
20:53-Tue-Apr-18-2017 PM2.5 |   2.24 |   2.46 |   3.61 |   2.14 |I I 
20:57-Tue-Apr-18-2017 PM10  |   4.84 |   6.80 |   9.71 |   4.67 |I I 
20:57-Tue-Apr-18-2017 PM2.5 |   2.19 |   2.44 |   3.61 |   2.14 |I I 
20:58-Tue-Apr-18-2017 PM10  |   8.77 |   6.88 |   9.71 |   4.67 |I I 
20:58-Tue-Apr-18-2017 PM2.5 |   2.43 |   2.44 |   3.61 |   2.14 |I I 
21:02-Tue-Apr-18-2017 PM10  |   6.96 |   6.89 |   9.71 |   4.67 |I I 
21:02-Tue-Apr-18-2017 PM2.5 |   2.58 |   2.45 |   3.61 |   2.14 |I I 
21:03-Tue-Apr-18-2017 PM10  |   6.75 |   6.75 |   9.71 |   4.67 |I I 
21:03-Tue-Apr-18-2017 PM2.5 |   2.40 |   2.40 |   3.61 |   2.14 |I I 
21:07-Tue-Apr-18-2017 PM10  |   4.80 |   5.77 |   9.71 |   4.67 |I I 
21:07-Tue-Apr-18-2017 PM2.5 |   2.48 |   2.44 |   3.61 |   2.14 |I I 
21:08-Tue-Apr-18-2017 PM10  |   6.93 |   6.16 |   9.71 |   4.67 |I I 
21:08-Tue-Apr-18-2017 PM2.5 |   2.23 |   2.37 |   3.61 |   2.14 |I I 
21:12-Tue-Apr-18-2017 PM10  |   7.59 |   6.52 |   9.71 |   4.67 |I I 
21:12-Tue-Apr-18-2017 PM2.5 |   2.36 |   2.37 |   3.61 |   2.14 |I I 
21:13-Tue-Apr-18-2017 PM10  |   6.63 |   6.54 |   9.71 |   4.67 |I I 
21:13-Tue-Apr-18-2017 PM2.5 |   2.20 |   2.33 |   3.61 |   2.14 |I I 
21:17-Tue-Apr-18-2017 PM10  |   5.43 |   6.36 |   9.71 |   4.67 |I I 
21:17-Tue-Apr-18-2017 PM2.5 |   2.28 |   2.33 |   3.61 |   2.14 |I I 
21:18-Tue-Apr-18-2017 PM10  |   5.43 |   6.22 |   9.71 |   4.67 |I I 
21:18-Tue-Apr-18-2017 PM2.5 |   2.28 |   2.32 |   3.61 |   2.14 |I I 
21:19-Tue-Apr-18-2017 PM10  |   6.53 |   6.26 |   9.71 |   4.67 |I I 
21:19-Tue-Apr-18-2017 PM2.5 |   2.28 |   2.31 |   3.61 |   2.14 |I I 
21:23-Tue-Apr-18-2017 PM10  |   5.15 |   6.14 |   9.71 |   4.67 |I I 
21:23-Tue-Apr-18-2017 PM2.5 |   2.26 |   2.31 |   3.61 |   2.14 |I I 
21:24-Tue-Apr-18-2017 PM10  |   8.73 |   6.40 |   9.71 |   4.67 |I I 
21:24-Tue-Apr-18-2017 PM2.5 |   2.61 |   2.34 |   3.61 |   2.14 |I I 
21:29-Tue-Apr-18-2017 PM10  |   6.01 |   6.36 |   9.71 |   4.67 |I I 
21:29-Tue-Apr-18-2017 PM2.5 |   2.35 |   2.34 |   3.61 |   2.14 |I I 
21:30-Tue-Apr-18-2017 PM10  |   8.25 |   6.52 |   9.71 |   4.67 |I I 
21:30-Tue-Apr-18-2017 PM2.5 |   2.33 |   2.34 |   3.61 |   2.14 |I I 
21:34-Tue-Apr-18-2017 PM10  |   6.78 |   6.54 |   9.71 |   4.67 |I I 
21:34-Tue-Apr-18-2017 PM2.5 |   2.52 |   2.35 |   3.61 |   2.14 |I I 
21:35-Tue-Apr-18-2017 PM10  |   7.14 |   6.58 |   9.71 |   4.67 |I I 
21:35-Tue-Apr-18-2017 PM2.5 |   2.25 |   2.35 |   3.61 |   2.14 |I I 
21:39-Tue-Apr-18-2017 PM10  |   8.04 |   6.68 |   9.71 |   4.67 |I I 
21:39-Tue-Apr-18-2017 PM2.5 |   2.29 |   2.34 |   3.61 |   2.14 |I I 
21:40-Tue-Apr-18-2017 PM10  |   4.86 |   6.57 |   9.71 |   4.67 |I I 
21:40-Tue-Apr-18-2017 PM2.5 |   2.35 |   2.34 |   3.61 |   2.14 |I I 
21:44-Tue-Apr-18-2017 PM10  |   7.17 |   6.60 |   9.71 |   4.67 |I I 
21:44-Tue-Apr-18-2017 PM2.5 |   2.62 |   2.36 |   3.61 |   2.14 |I I 
21:45-Tue-Apr-18-2017 PM10  |   7.17 |   6.63 |   9.71 |   4.67 |I I 
21:45-Tue-Apr-18-2017 PM2.5 |   2.62 |   2.37 |   3.61 |   2.14 |I I 
21:46-Tue-Apr-18-2017 PM10  |   6.29 |   6.61 |   9.71 |   4.67 |I I 
21:46-Tue-Apr-18-2017 PM2.5 |   2.45 |   2.38 |   3.61 |   2.14 |I I 
21:50-Tue-Apr-18-2017 PM10  |   6.04 |   6.59 |   9.71 |   4.67 |I I 
21:50-Tue-Apr-18-2017 PM2.5 |   2.34 |   2.38 |   3.61 |   2.14 |I I 
21:51-Tue-Apr-18-2017 PM10  |   4.14 |   6.47 |   9.71 |   4.67 |I I 
21:51-Tue-Apr-18-2017 PM2.5 |   2.16 |   2.37 |   3.61 |   2.14 |I I 
21:55-Tue-Apr-18-2017 PM10  |   6.27 |   6.46 |   9.71 |   4.67 |I I 
21:55-Tue-Apr-18-2017 PM2.5 |   3.01 |   2.39 |   3.61 |   2.14 |I I 
21:56-Tue-Apr-18-2017 PM10  |   9.15 |   6.58 |   9.71 |   4.67 |I I 
21:56-Tue-Apr-18-2017 PM2.5 |   2.56 |   2.40 |   3.61 |   2.14 |I I 
22:00-Tue-Apr-18-2017 PM10  |   5.93 |   6.55 |   9.71 |   4.67 |I I 
22:00-Tue-Apr-18-2017 PM2.5 |   2.40 |   2.40 |   3.61 |   2.14 |I I 
22:01-Tue-Apr-18-2017 PM10  |   4.84 |   4.84 |   9.71 |   4.67 |I I 
22:01-Tue-Apr-18-2017 PM2.5 |   2.48 |   2.48 |   3.61 |   2.14 |I I 
22:05-Tue-Apr-18-2017 PM10  |   4.90 |   4.87 |   9.71 |   4.67 |I I 
22:05-Tue-Apr-18-2017 PM2.5 |   2.41 |   2.44 |   3.61 |   2.14 |I I 
22:06-Tue-Apr-18-2017 PM10  |   5.45 |   5.06 |   9.71 |   4.67 |I I 
22:06-Tue-Apr-18-2017 PM2.5 |   2.40 |   2.43 |   3.61 |   2.14 |I I 
22:10-Tue-Apr-18-2017 PM10  |   6.43 |   5.41 |   9.71 |   4.67 |I I 
22:10-Tue-Apr-18-2017 PM2.5 |   2.48 |   2.44 |   3.61 |   2.14 |I I 
22:11-Tue-Apr-18-2017 PM10  |   6.43 |   5.61 |   9.71 |   4.67 |I I 
22:11-Tue-Apr-18-2017 PM2.5 |   2.48 |   2.45 |   3.61 |   2.14 |I I 
22:12-Tue-Apr-18-2017 PM10  |   7.49 |   5.93 |   9.71 |   4.67 |I I 
22:12-Tue-Apr-18-2017 PM2.5 |   2.48 |   2.45 |   3.61 |   2.14 |I I 
22:16-Tue-Apr-18-2017 PM10  |   4.88 |   5.78 |   9.71 |   4.67 |I I 
22:16-Tue-Apr-18-2017 PM2.5 |   2.56 |   2.47 |   3.61 |   2.14 |I I 
22:17-Tue-Apr-18-2017 PM10  |   4.76 |   5.65 |   9.71 |   4.67 |I I 
22:17-Tue-Apr-18-2017 PM2.5 |   2.37 |   2.46 |   3.61 |   2.14 |I I 
22:21-Tue-Apr-18-2017 PM10  |   4.86 |   5.56 |   9.71 |   4.67 |I I 
22:21-Tue-Apr-18-2017 PM2.5 |   2.48 |   2.46 |   3.61 |   2.14 |I I 
22:22-Tue-Apr-18-2017 PM10  |   4.47 |   5.45 |   9.71 |   4.67 |I I 
22:22-Tue-Apr-18-2017 PM2.5 |   2.38 |   2.45 |   3.61 |   2.14 |I I 
22:26-Tue-Apr-18-2017 PM10  |   4.19 |   5.34 |   9.71 |   4.67 |I I 
22:26-Tue-Apr-18-2017 PM2.5 |   2.50 |   2.46 |   3.61 |   2.14 |I I 
22:27-Tue-Apr-18-2017 PM10  |   4.60 |   5.28 |   9.71 |   4.67 |I I 
22:27-Tue-Apr-18-2017 PM2.5 |   2.38 |   2.45 |   3.61 |   2.14 |I I 
22:31-Tue-Apr-18-2017 PM10  |   5.07 |   5.26 |   9.71 |   4.67 |I I 
22:31-Tue-Apr-18-2017 PM2.5 |   2.45 |   2.45 |   3.61 |   2.14 |I I 
22:32-Tue-Apr-18-2017 PM10  |   9.02 |   5.53 |   9.71 |   4.67 |I I 
22:32-Tue-Apr-18-2017 PM2.5 |   2.69 |   2.47 |   3.61 |   2.14 |I I 
22:36-Tue-Apr-18-2017 PM10  |   5.99 |   5.56 |   9.71 |   4.67 |I I 
22:36-Tue-Apr-18-2017 PM2.5 |   2.68 |   2.48 |   3.61 |   2.14 |I I 
22:37-Tue-Apr-18-2017 PM10  |   5.99 |   5.59 |   9.71 |   4.67 |I I 
22:37-Tue-Apr-18-2017 PM2.5 |   2.68 |   2.49 |   3.61 |   2.14 |I I 
22:38-Tue-Apr-18-2017 PM10  |   6.55 |   5.64 |   9.71 |   4.67 |I I 
22:38-Tue-Apr-18-2017 PM2.5 |   2.72 |   2.51 |   3.61 |   2.14 |I I 
22:42-Tue-Apr-18-2017 PM10  |   5.72 |   5.65 |   9.71 |   4.67 |I I 
22:42-Tue-Apr-18-2017 PM2.5 |   2.42 |   2.50 |   3.61 |   2.14 |I I 
22:43-Tue-Apr-18-2017 PM10  |   3.92 |   5.56 |   9.71 |   4.67 |I I 
22:43-Tue-Apr-18-2017 PM2.5 |   2.59 |   2.51 |   3.61 |   2.14 |I I 
22:47-Tue-Apr-18-2017 PM10  |   3.23 |   5.44 |   9.71 |   4.67 |I I 
22:47-Tue-Apr-18-2017 PM2.5 |   2.33 |   2.50 |   3.61 |   2.14 |I I 
22:48-Tue-Apr-18-2017 PM10  |   4.77 |   5.41 |   9.71 |   4.67 |I I 
22:48-Tue-Apr-18-2017 PM2.5 |   2.39 |   2.49 |   3.61 |   2.14 |I I 
22:52-Tue-Apr-18-2017 PM10  |   6.14 |   5.44 |   9.71 |   4.67 |I I 
22:52-Tue-Apr-18-2017 PM2.5 |   2.33 |   2.48 |   3.61 |   2.14 |I I 
22:53-Tue-Apr-18-2017 PM10  |   5.32 |   5.44 |   9.71 |   4.67 |I I 
22:53-Tue-Apr-18-2017 PM2.5 |   2.60 |   2.49 |   3.61 |   2.14 |I I 
22:57-Tue-Apr-18-2017 PM10  |   4.91 |   5.41 |   9.71 |   4.67 |I I 
22:57-Tue-Apr-18-2017 PM2.5 |   2.76 |   2.50 |   3.61 |   2.14 |I I 
22:58-Tue-Apr-18-2017 PM10  |   6.98 |   5.48 |   9.71 |   4.67 |I I 
22:58-Tue-Apr-18-2017 PM2.5 |   2.70 |   2.51 |   3.61 |   2.14 |I I 
23:02-Tue-Apr-18-2017 PM10  |   5.94 |   5.50 |   9.71 |   4.67 |I I 
23:02-Tue-Apr-18-2017 PM2.5 |   2.58 |   2.51 |   3.61 |   2.14 |I I 
23:03-Tue-Apr-18-2017 PM10  |   5.94 |   5.94 |   9.71 |   4.67 |I I 
23:03-Tue-Apr-18-2017 PM2.5 |   2.58 |   2.58 |   3.61 |   2.14 |I I 
23:04-Tue-Apr-18-2017 PM10  |   5.09 |   5.52 |   9.71 |   4.67 |I I 
23:04-Tue-Apr-18-2017 PM2.5 |   2.45 |   2.51 |   3.61 |   2.14 |I I 
23:08-Tue-Apr-18-2017 PM10  |   5.03 |   5.36 |   9.71 |   4.67 |I I 
23:08-Tue-Apr-18-2017 PM2.5 |   2.45 |   2.49 |   3.61 |   2.14 |I I 
23:09-Tue-Apr-18-2017 PM10  |   4.41 |   5.12 |   9.71 |   4.67 |I I 
23:09-Tue-Apr-18-2017 PM2.5 |   2.42 |   2.47 |   3.61 |   2.14 |I I 
23:13-Tue-Apr-18-2017 PM10  |   4.00 |   4.90 |   9.71 |   4.67 |I I 
23:13-Tue-Apr-18-2017 PM2.5 |   2.53 |   2.48 |   3.61 |   2.14 |I I 
23:14-Tue-Apr-18-2017 PM10  |   4.95 |   4.91 |   9.71 |   4.67 |I I 
23:14-Tue-Apr-18-2017 PM2.5 |   2.34 |   2.46 |   3.61 |   2.14 |I I 
23:18-Tue-Apr-18-2017 PM10  |   3.52 |   4.71 |   9.71 |   4.67 |I I 
23:18-Tue-Apr-18-2017 PM2.5 |   2.30 |   2.44 |   3.61 |   2.14 |I I 
23:19-Tue-Apr-18-2017 PM10  |   9.36 |   5.29 |   9.71 |   4.67 |I I 
23:19-Tue-Apr-18-2017 PM2.5 |   2.80 |   2.48 |   3.61 |   2.14 |I I 
23:23-Tue-Apr-18-2017 PM10  |   7.47 |   5.53 |   9.71 |   4.67 |I I 
23:23-Tue-Apr-18-2017 PM2.5 |   2.55 |   2.49 |   3.61 |   2.14 |I I 
23:24-Tue-Apr-18-2017 PM10  |   5.07 |   5.48 |   9.71 |   4.67 |I I 
23:24-Tue-Apr-18-2017 PM2.5 |   2.40 |   2.48 |   3.61 |   2.14 |I I 
23:28-Tue-Apr-18-2017 PM10  |   4.34 |   5.38 |   9.71 |   4.67 |I I 
23:28-Tue-Apr-18-2017 PM2.5 |   2.43 |   2.48 |   3.61 |   2.14 |I I 
23:29-Tue-Apr-18-2017 PM10  |   4.34 |   5.29 |   9.71 |   4.67 |I I 
23:29-Tue-Apr-18-2017 PM2.5 |   2.43 |   2.47 |   3.61 |   2.14 |I I 
23:30-Tue-Apr-18-2017 PM10  |   7.85 |   5.49 |   9.71 |   4.67 |I I 
23:30-Tue-Apr-18-2017 PM2.5 |   2.70 |   2.49 |   3.61 |   2.14 |I I 
23:34-Tue-Apr-18-2017 PM10  |   5.13 |   5.46 |   9.71 |   4.67 |I I 
23:34-Tue-Apr-18-2017 PM2.5 |   2.48 |   2.49 |   3.61 |   2.14 |I I 
23:35-Tue-Apr-18-2017 PM10  |   6.24 |   5.52 |   9.71 |   4.67 |I I 
23:35-Tue-Apr-18-2017 PM2.5 |   2.55 |   2.49 |   3.61 |   2.14 |I I 
23:39-Tue-Apr-18-2017 PM10  |   5.07 |   5.49 |   9.71 |   4.67 |I I 
23:39-Tue-Apr-18-2017 PM2.5 |   2.38 |   2.49 |   3.61 |   2.14 |I I 
23:40-Tue-Apr-18-2017 PM10  |   5.81 |   5.51 |   9.71 |   4.67 |I I 
23:40-Tue-Apr-18-2017 PM2.5 |   2.44 |   2.48 |   3.61 |   2.14 |I I 
23:44-Tue-Apr-18-2017 PM10  |   3.73 |   5.41 |   9.71 |   4.67 |I I 
23:44-Tue-Apr-18-2017 PM2.5 |   2.24 |   2.47 |   3.61 |   2.14 |I I 
23:45-Tue-Apr-18-2017 PM10  |   5.79 |   5.43 |   9.71 |   4.67 |I I 
23:45-Tue-Apr-18-2017 PM2.5 |   2.41 |   2.47 |   3.61 |   2.14 |I I 
23:49-Tue-Apr-18-2017 PM10  |   6.25 |   5.47 |   9.71 |   4.67 |I I 
23:49-Tue-Apr-18-2017 PM2.5 |   2.46 |   2.47 |   3.61 |   2.14 |I I 
23:50-Tue-Apr-18-2017 PM10  |   4.55 |   5.43 |   9.71 |   4.67 |I I 
23:50-Tue-Apr-18-2017 PM2.5 |   2.47 |   2.47 |   3.61 |   2.14 |I I 
23:54-Tue-Apr-18-2017 PM10  |   5.05 |   5.41 |   9.71 |   4.67 |I I 
23:54-Tue-Apr-18-2017 PM2.5 |   2.54 |   2.47 |   3.61 |   2.14 |I I 
23:55-Tue-Apr-18-2017 PM10  |   5.05 |   5.39 |   9.71 |   4.67 |I I 
23:55-Tue-Apr-18-2017 PM2.5 |   2.54 |   2.47 |   3.61 |   2.14 |I I 
23:56-Tue-Apr-18-2017 PM10  |   4.41 |   5.35 |   9.71 |   4.67 |I I 
23:56-Tue-Apr-18-2017 PM2.5 |   2.46 |   2.47 |   3.61 |   2.14 |I I 
00:00-Wed-Apr-19-2017 PM10  |   4.26 |   5.31 |   9.71 |   4.67 |I I 
