[Tue Mar 28 00:02:38 2017] Report del giorno Tuesday March 28 2017 -- INVIATO a centraline@googlegroups.com
00:02-Tue-Mar-28-2017 PM2.5 |   3.48 |   3.35 |   6.14 |   2.49 |I I 
00:03-Tue-Mar-28-2017 PM10  |   6.28 |   6.28 |   0.00 |  2000.00|I I 
00:03-Tue-Mar-28-2017 PM2.5 |   3.18 |   3.18 |   0.00 |  2000.00|I I 
00:07-Tue-Mar-28-2017 PM10  |   5.31 |   5.79 |   0.00 |  2000.00|I I 
00:07-Tue-Mar-28-2017 PM2.5 |   3.16 |   3.17 |   0.00 |  2000.00|I I 
00:08-Tue-Mar-28-2017 PM10  |   6.16 |   5.92 |   0.00 |  2000.00|I I 
00:08-Tue-Mar-28-2017 PM2.5 |   3.17 |   3.17 |   0.00 |  2000.00|I I 
00:12-Tue-Mar-28-2017 PM10  |   5.81 |   5.89 |   0.00 |  2000.00|I I 
00:12-Tue-Mar-28-2017 PM2.5 |   3.38 |   3.22 |   0.00 |  2000.00|I I 
00:13-Tue-Mar-28-2017 PM10  |   5.81 |   5.88 |   0.00 |  2000.00|I I 
00:13-Tue-Mar-28-2017 PM2.5 |   3.38 |   3.25 |   0.00 |  2000.00|I I 
00:14-Tue-Mar-28-2017 PM10  |   6.77 |   6.03 |   0.00 |  2000.00|I I 
00:14-Tue-Mar-28-2017 PM2.5 |   3.32 |   3.26 |   0.00 |  2000.00|I I 
00:18-Tue-Mar-28-2017 PM10  |   6.47 |   6.09 |   0.00 |  2000.00|I I 
00:18-Tue-Mar-28-2017 PM2.5 |   3.43 |   3.29 |   0.00 |  2000.00|I I 
00:19-Tue-Mar-28-2017 PM10  |   5.76 |   6.05 |   0.00 |  2000.00|I I 
00:19-Tue-Mar-28-2017 PM2.5 |   3.17 |   3.27 |   0.00 |  2000.00|I I 
00:23-Tue-Mar-28-2017 PM10  |   4.97 |   5.93 |   0.00 |  2000.00|I I 
00:23-Tue-Mar-28-2017 PM2.5 |   2.95 |   3.24 |   0.00 |  2000.00|I I 
00:24-Tue-Mar-28-2017 PM10  |   5.39 |   5.87 |   0.00 |  2000.00|I I 
00:24-Tue-Mar-28-2017 PM2.5 |   3.22 |   3.23 |   0.00 |  2000.00|I I 
00:28-Tue-Mar-28-2017 PM10  |   5.37 |   5.83 |   0.00 |  2000.00|I I 
00:28-Tue-Mar-28-2017 PM2.5 |   3.21 |   3.23 |   0.00 |  2000.00|I I 
00:29-Tue-Mar-28-2017 PM10  |   5.50 |   5.80 |   0.00 |  2000.00|I I 
00:29-Tue-Mar-28-2017 PM2.5 |   2.90 |   3.20 |   0.00 |  2000.00|I I 
00:33-Tue-Mar-28-2017 PM10  |   5.77 |   5.80 |   0.00 |  2000.00|I I 
00:33-Tue-Mar-28-2017 PM2.5 |   3.26 |   3.21 |   0.00 |  2000.00|I I 
00:34-Tue-Mar-28-2017 PM10  |   6.54 |   5.85 |   0.00 |  2000.00|I I 
00:34-Tue-Mar-28-2017 PM2.5 |   3.32 |   3.22 |   0.00 |  2000.00|I I 
00:38-Tue-Mar-28-2017 PM10  |   6.59 |   5.90 |   0.00 |  2000.00|I I 
00:38-Tue-Mar-28-2017 PM2.5 |   3.23 |   3.22 |   0.00 |  2000.00|I I 
00:39-Tue-Mar-28-2017 PM10  |   6.59 |   5.94 |   0.00 |  2000.00|I I 
00:39-Tue-Mar-28-2017 PM2.5 |   3.23 |   3.22 |   0.00 |  2000.00|I I 
00:40-Tue-Mar-28-2017 PM10  |   6.28 |   5.96 |   0.00 |  2000.00|I I 
00:40-Tue-Mar-28-2017 PM2.5 |   3.34 |   3.23 |   0.00 |  2000.00|I I 
00:44-Tue-Mar-28-2017 PM10  |   5.74 |   5.95 |   0.00 |  2000.00|I I 
00:44-Tue-Mar-28-2017 PM2.5 |   3.28 |   3.23 |   0.00 |  2000.00|I I 
00:45-Tue-Mar-28-2017 PM10  |   5.39 |   5.92 |   0.00 |  2000.00|I I 
00:45-Tue-Mar-28-2017 PM2.5 |   3.27 |   3.23 |   0.00 |  2000.00|I I 
00:49-Tue-Mar-28-2017 PM10  |   4.62 |   5.86 |   0.00 |  2000.00|I I 
00:49-Tue-Mar-28-2017 PM2.5 |   3.06 |   3.22 |   0.00 |  2000.00|I I 
00:50-Tue-Mar-28-2017 PM10  |   6.29 |   5.88 |   0.00 |  2000.00|I I 
00:50-Tue-Mar-28-2017 PM2.5 |   3.18 |   3.22 |   0.00 |  2000.00|I I 
00:54-Tue-Mar-28-2017 PM10  |   4.81 |   5.83 |   0.00 |  2000.00|I I 
00:54-Tue-Mar-28-2017 PM2.5 |   2.91 |   3.21 |   0.00 |  2000.00|I I 
00:55-Tue-Mar-28-2017 PM10  |   5.47 |   5.81 |   0.00 |  2000.00|I I 
00:55-Tue-Mar-28-2017 PM2.5 |   3.22 |   3.21 |   0.00 |  2000.00|I I 
00:59-Tue-Mar-28-2017 PM10  |   5.52 |   5.80 |   0.00 |  2000.00|I I 
00:59-Tue-Mar-28-2017 PM2.5 |   3.35 |   3.21 |   0.00 |  2000.00|I I 
01:00-Tue-Mar-28-2017 PM10  |   5.83 |   5.80 |   5.80 |   5.80 |I I 
01:00-Tue-Mar-28-2017 PM2.5 |   3.10 |   3.21 |   3.21 |   3.21 |I I 
01:04-Tue-Mar-28-2017 PM10  |   4.29 |   4.29 |   5.80 |   5.80 |I I 
01:04-Tue-Mar-28-2017 PM2.5 |   3.15 |   3.15 |   3.21 |   3.21 |I I 
01:05-Tue-Mar-28-2017 PM10  |   4.29 |   4.29 |   5.80 |   5.80 |I I 
01:05-Tue-Mar-28-2017 PM2.5 |   3.15 |   3.15 |   3.21 |   3.21 |I I 
01:07-Tue-Mar-28-2017 PM10  |   5.73 |   4.77 |   5.80 |   5.80 |I I 
01:07-Tue-Mar-28-2017 PM2.5 |   3.22 |   3.17 |   3.21 |   3.21 |I I 
01:11-Tue-Mar-28-2017 PM10  |   6.17 |   5.12 |   5.80 |   5.80 |I I 
01:11-Tue-Mar-28-2017 PM2.5 |   3.18 |   3.17 |   3.21 |   3.21 |I I 
01:12-Tue-Mar-28-2017 PM10  |   4.70 |   5.03 |   5.80 |   5.80 |I I 
01:12-Tue-Mar-28-2017 PM2.5 |   2.91 |   3.12 |   3.21 |   3.21 |I I 
01:16-Tue-Mar-28-2017 PM10  |   5.50 |   5.11 |   5.80 |   5.80 |I I 
01:16-Tue-Mar-28-2017 PM2.5 |   3.11 |   3.12 |   3.21 |   3.21 |I I 
01:17-Tue-Mar-28-2017 PM10  |   5.68 |   5.19 |   5.80 |   5.80 |I I 
01:17-Tue-Mar-28-2017 PM2.5 |   3.22 |   3.13 |   3.21 |   3.21 |I I 
01:21-Tue-Mar-28-2017 PM10  |   7.05 |   5.42 |   5.80 |   5.80 |I I 
01:21-Tue-Mar-28-2017 PM2.5 |   3.08 |   3.13 |   3.21 |   3.21 |I I 
01:22-Tue-Mar-28-2017 PM10  |   5.94 |   5.48 |   5.80 |   5.80 |I I 
01:22-Tue-Mar-28-2017 PM2.5 |   3.09 |   3.12 |   3.21 |   3.21 |I I 
01:26-Tue-Mar-28-2017 PM10  |   5.57 |   5.49 |   5.80 |   5.80 |I I 
01:26-Tue-Mar-28-2017 PM2.5 |   3.22 |   3.13 |   3.21 |   3.21 |I I 
01:27-Tue-Mar-28-2017 PM10  |   4.93 |   5.44 |   5.80 |   5.80 |I I 
01:27-Tue-Mar-28-2017 PM2.5 |   3.01 |   3.12 |   3.21 |   3.21 |I I 
01:31-Tue-Mar-28-2017 PM10  |   5.87 |   5.47 |   5.80 |   5.80 |I I 
01:31-Tue-Mar-28-2017 PM2.5 |   3.02 |   3.11 |   3.21 |   3.21 |I I 
01:32-Tue-Mar-28-2017 PM10  |   4.43 |   5.39 |   5.80 |   5.80 |I I 
01:32-Tue-Mar-28-2017 PM2.5 |   2.82 |   3.09 |   3.21 |   3.21 |I I 
01:33-Tue-Mar-28-2017 PM10  |   4.43 |   5.32 |   5.80 |   5.80 |I I 
01:33-Tue-Mar-28-2017 PM2.5 |   2.82 |   3.07 |   3.21 |   3.21 |I I 
01:37-Tue-Mar-28-2017 PM10  |   4.90 |   5.30 |   5.80 |   5.80 |I I 
01:37-Tue-Mar-28-2017 PM2.5 |   2.95 |   3.06 |   3.21 |   3.21 |I I 
01:38-Tue-Mar-28-2017 PM10  |   4.61 |   5.25 |   5.80 |   5.80 |I I 
01:38-Tue-Mar-28-2017 PM2.5 |   2.88 |   3.05 |   3.21 |   3.21 |I I 
01:42-Tue-Mar-28-2017 PM10  |   5.05 |   5.24 |   5.80 |   5.80 |I I 
01:42-Tue-Mar-28-2017 PM2.5 |   3.00 |   3.05 |   3.21 |   3.21 |I I 
01:43-Tue-Mar-28-2017 PM10  |   4.65 |   5.21 |   5.80 |   5.80 |I I 
01:43-Tue-Mar-28-2017 PM2.5 |   2.97 |   3.04 |   3.21 |   3.21 |I I 
01:47-Tue-Mar-28-2017 PM10  |   5.95 |   5.25 |   5.80 |   5.80 |I I 
01:47-Tue-Mar-28-2017 PM2.5 |   3.28 |   3.06 |   3.21 |   3.21 |I I 
01:48-Tue-Mar-28-2017 PM10  |   4.66 |   5.22 |   5.80 |   5.80 |I I 
01:48-Tue-Mar-28-2017 PM2.5 |   2.84 |   3.05 |   3.21 |   3.21 |I I 
01:52-Tue-Mar-28-2017 PM10  |   4.77 |   5.20 |   5.80 |   5.80 |I I 
01:52-Tue-Mar-28-2017 PM2.5 |   2.95 |   3.04 |   3.21 |   3.21 |I I 
01:53-Tue-Mar-28-2017 PM10  |   5.20 |   5.20 |   5.80 |   5.80 |I I 
01:53-Tue-Mar-28-2017 PM2.5 |   2.94 |   3.04 |   3.21 |   3.21 |I I 
01:57-Tue-Mar-28-2017 PM10  |   4.36 |   5.16 |   5.80 |   5.80 |I I 
01:57-Tue-Mar-28-2017 PM2.5 |   3.02 |   3.04 |   3.21 |   3.21 |I I 
01:58-Tue-Mar-28-2017 PM10  |   4.33 |   5.13 |   5.80 |   5.80 |I I 
01:58-Tue-Mar-28-2017 PM2.5 |   2.86 |   3.03 |   3.21 |   3.21 |I I 
01:59-Tue-Mar-28-2017 PM10  |   4.33 |   5.09 |   5.80 |   5.80 |I I 
01:59-Tue-Mar-28-2017 PM2.5 |   2.86 |   3.02 |   3.21 |   3.21 |I I 
02:03-Tue-Mar-28-2017 PM10  |   4.63 |   5.08 |   5.80 |   5.08 |I I 
02:03-Tue-Mar-28-2017 PM2.5 |   2.98 |   3.02 |   3.21 |   3.02 |I I 
02:04-Tue-Mar-28-2017 PM10  |   4.29 |   4.29 |   5.80 |   5.08 |I I 
02:04-Tue-Mar-28-2017 PM2.5 |   2.82 |   2.82 |   3.21 |   3.02 |I I 
02:08-Tue-Mar-28-2017 PM10  |   4.50 |   4.39 |   5.80 |   5.08 |I I 
02:08-Tue-Mar-28-2017 PM2.5 |   2.97 |   2.89 |   3.21 |   3.02 |I I 
02:09-Tue-Mar-28-2017 PM10  |   4.04 |   4.27 |   5.80 |   5.08 |I I 
02:09-Tue-Mar-28-2017 PM2.5 |   3.09 |   2.96 |   3.21 |   3.02 |I I 
02:13-Tue-Mar-28-2017 PM10  |   4.15 |   4.24 |   5.80 |   5.08 |I I 
02:13-Tue-Mar-28-2017 PM2.5 |   2.94 |   2.96 |   3.21 |   3.02 |I I 
02:14-Tue-Mar-28-2017 PM10  |   5.41 |   4.48 |   5.80 |   5.08 |I I 
02:14-Tue-Mar-28-2017 PM2.5 |   2.92 |   2.95 |   3.21 |   3.02 |I I 
02:18-Tue-Mar-28-2017 PM10  |   5.58 |   4.66 |   5.80 |   5.08 |I I 
02:18-Tue-Mar-28-2017 PM2.5 |   3.08 |   2.97 |   3.21 |   3.02 |I I 
02:19-Tue-Mar-28-2017 PM10  |   4.79 |   4.68 |   5.80 |   5.08 |I I 
02:19-Tue-Mar-28-2017 PM2.5 |   2.93 |   2.96 |   3.21 |   3.02 |I I 
02:23-Tue-Mar-28-2017 PM10  |   3.91 |   4.58 |   5.80 |   5.08 |I I 
02:23-Tue-Mar-28-2017 PM2.5 |   2.86 |   2.95 |   3.21 |   3.02 |I I 
02:24-Tue-Mar-28-2017 PM10  |   5.68 |   4.70 |   5.80 |   5.08 |I I 
02:24-Tue-Mar-28-2017 PM2.5 |   3.10 |   2.97 |   3.21 |   3.02 |I I 
02:25-Tue-Mar-28-2017 PM10  |   5.68 |   4.80 |   5.80 |   5.08 |I I 
02:25-Tue-Mar-28-2017 PM2.5 |   3.10 |   2.98 |   3.21 |   3.02 |I I 
02:29-Tue-Mar-28-2017 PM10  |   4.47 |   4.77 |   5.80 |   5.08 |I I 
02:29-Tue-Mar-28-2017 PM2.5 |   2.79 |   2.96 |   3.21 |   3.02 |I I 
02:30-Tue-Mar-28-2017 PM10  |   3.58 |   4.67 |   5.80 |   5.08 |I I 
02:30-Tue-Mar-28-2017 PM2.5 |   2.73 |   2.94 |   3.21 |   3.02 |I I 
02:34-Tue-Mar-28-2017 PM10  |   5.47 |   4.73 |   5.80 |   5.08 |I I 
02:34-Tue-Mar-28-2017 PM2.5 |   2.86 |   2.94 |   3.21 |   3.02 |I I 
02:35-Tue-Mar-28-2017 PM10  |   4.11 |   4.69 |   5.80 |   5.08 |I I 
02:35-Tue-Mar-28-2017 PM2.5 |   2.70 |   2.92 |   3.21 |   3.02 |I I 
02:39-Tue-Mar-28-2017 PM10  |   3.92 |   4.64 |   5.80 |   5.08 |I I 
02:39-Tue-Mar-28-2017 PM2.5 |   2.83 |   2.91 |   3.21 |   3.02 |I I 
02:40-Tue-Mar-28-2017 PM10  |   5.36 |   4.68 |   5.80 |   5.08 |I I 
02:40-Tue-Mar-28-2017 PM2.5 |   2.93 |   2.92 |   3.21 |   3.02 |I I 
02:44-Tue-Mar-28-2017 PM10  |   4.23 |   4.66 |   5.80 |   5.08 |I I 
02:44-Tue-Mar-28-2017 PM2.5 |   2.91 |   2.92 |   3.21 |   3.02 |I I 
02:45-Tue-Mar-28-2017 PM10  |   5.03 |   4.68 |   5.80 |   5.08 |I I 
02:45-Tue-Mar-28-2017 PM2.5 |   2.98 |   2.92 |   3.21 |   3.02 |I I 
02:49-Tue-Mar-28-2017 PM10  |   4.33 |   4.66 |   5.80 |   5.08 |I I 
02:49-Tue-Mar-28-2017 PM2.5 |   3.05 |   2.93 |   3.21 |   3.02 |I I 
02:50-Tue-Mar-28-2017 PM10  |   4.41 |   4.65 |   5.80 |   5.08 |I I 
02:50-Tue-Mar-28-2017 PM2.5 |   2.87 |   2.92 |   3.21 |   3.02 |I I 
02:51-Tue-Mar-28-2017 PM10  |   4.41 |   4.64 |   5.80 |   5.08 |I I 
02:51-Tue-Mar-28-2017 PM2.5 |   2.87 |   2.92 |   3.21 |   3.02 |I I 
02:55-Tue-Mar-28-2017 PM10  |   4.83 |   4.64 |   5.80 |   5.08 |I I 
02:55-Tue-Mar-28-2017 PM2.5 |   2.97 |   2.92 |   3.21 |   3.02 |I I 
02:56-Tue-Mar-28-2017 PM10  |   4.48 |   4.64 |   5.80 |   5.08 |I I 
02:56-Tue-Mar-28-2017 PM2.5 |   2.92 |   2.92 |   3.21 |   3.02 |I I 
03:00-Tue-Mar-28-2017 PM10  |   4.67 |   4.64 |   5.80 |   4.64 |I I 
03:00-Tue-Mar-28-2017 PM2.5 |   2.83 |   2.92 |   3.21 |   2.92 |I I 
03:01-Tue-Mar-28-2017 PM10  |   4.15 |   4.15 |   5.80 |   4.64 |I I 
03:01-Tue-Mar-28-2017 PM2.5 |   2.91 |   2.91 |   3.21 |   2.92 |I I 
03:05-Tue-Mar-28-2017 PM10  |   3.66 |   3.90 |   5.80 |   4.64 |I I 
03:05-Tue-Mar-28-2017 PM2.5 |   2.80 |   2.85 |   3.21 |   2.92 |I I 
03:06-Tue-Mar-28-2017 PM10  |   4.52 |   4.11 |   5.80 |   4.64 |I I 
03:06-Tue-Mar-28-2017 PM2.5 |   2.88 |   2.86 |   3.21 |   2.92 |I I 
03:10-Tue-Mar-28-2017 PM10  |   4.92 |   4.31 |   5.80 |   4.64 |I I 
03:10-Tue-Mar-28-2017 PM2.5 |   3.06 |   2.91 |   3.21 |   2.92 |I I 
03:11-Tue-Mar-28-2017 PM10  |   4.20 |   4.29 |   5.80 |   4.64 |I I 
03:11-Tue-Mar-28-2017 PM2.5 |   2.73 |   2.87 |   3.21 |   2.92 |I I 
03:15-Tue-Mar-28-2017 PM10  |   4.42 |   4.31 |   5.80 |   4.64 |I I 
03:15-Tue-Mar-28-2017 PM2.5 |   2.87 |   2.87 |   3.21 |   2.92 |I I 
03:16-Tue-Mar-28-2017 PM10  |   3.79 |   4.24 |   5.80 |   4.64 |I I 
03:16-Tue-Mar-28-2017 PM2.5 |   2.66 |   2.84 |   3.21 |   2.92 |I I 
03:17-Tue-Mar-28-2017 PM10  |   3.79 |   4.18 |   5.80 |   4.64 |I I 
03:17-Tue-Mar-28-2017 PM2.5 |   2.66 |   2.82 |   3.21 |   2.92 |I I 
03:21-Tue-Mar-28-2017 PM10  |   4.00 |   4.16 |   5.80 |   4.64 |I I 
03:21-Tue-Mar-28-2017 PM2.5 |   2.75 |   2.81 |   3.21 |   2.92 |I I 
03:22-Tue-Mar-28-2017 PM10  |   5.12 |   4.26 |   5.80 |   4.64 |I I 
03:22-Tue-Mar-28-2017 PM2.5 |   2.82 |   2.81 |   3.21 |   2.92 |I I 
03:26-Tue-Mar-28-2017 PM10  |   4.03 |   4.24 |   5.80 |   4.64 |I I 
03:26-Tue-Mar-28-2017 PM2.5 |   2.93 |   2.82 |   3.21 |   2.92 |I I 
03:27-Tue-Mar-28-2017 PM10  |   4.58 |   4.26 |   5.80 |   4.64 |I I 
03:27-Tue-Mar-28-2017 PM2.5 |   2.97 |   2.84 |   3.21 |   2.92 |I I 
03:31-Tue-Mar-28-2017 PM10  |   4.80 |   4.31 |   5.80 |   4.64 |I I 
03:31-Tue-Mar-28-2017 PM2.5 |   2.98 |   2.85 |   3.21 |   2.92 |I I 
03:32-Tue-Mar-28-2017 PM10  |   3.77 |   4.27 |   5.80 |   4.64 |I I 
03:32-Tue-Mar-28-2017 PM2.5 |   2.64 |   2.83 |   3.21 |   2.92 |I I 
03:36-Tue-Mar-28-2017 PM10  |   4.19 |   4.26 |   5.80 |   4.64 |I I 
03:36-Tue-Mar-28-2017 PM2.5 |   2.86 |   2.83 |   3.21 |   2.92 |I I 
03:37-Tue-Mar-28-2017 PM10  |   4.74 |   4.29 |   5.80 |   4.64 |I I 
03:37-Tue-Mar-28-2017 PM2.5 |   2.92 |   2.84 |   3.21 |   2.92 |I I 
03:41-Tue-Mar-28-2017 PM10  |   4.24 |   4.29 |   5.80 |   4.64 |I I 
03:41-Tue-Mar-28-2017 PM2.5 |   2.85 |   2.84 |   3.21 |   2.92 |I I 
03:42-Tue-Mar-28-2017 PM10  |   4.51 |   4.30 |   5.80 |   4.64 |I I 
03:42-Tue-Mar-28-2017 PM2.5 |   2.85 |   2.84 |   3.21 |   2.92 |I I 
03:43-Tue-Mar-28-2017 PM10  |   4.51 |   4.31 |   5.80 |   4.64 |I I 
03:43-Tue-Mar-28-2017 PM2.5 |   2.85 |   2.84 |   3.21 |   2.92 |I I 
03:47-Tue-Mar-28-2017 PM10  |   4.16 |   4.30 |   5.80 |   4.64 |I I 
03:47-Tue-Mar-28-2017 PM2.5 |   3.01 |   2.85 |   3.21 |   2.92 |I I 
03:48-Tue-Mar-28-2017 PM10  |   5.74 |   4.37 |   5.80 |   4.64 |I I 
03:48-Tue-Mar-28-2017 PM2.5 |   2.90 |   2.85 |   3.21 |   2.92 |I I 
03:52-Tue-Mar-28-2017 PM10  |   4.45 |   4.38 |   5.80 |   4.64 |I I 
03:52-Tue-Mar-28-2017 PM2.5 |   2.72 |   2.85 |   3.21 |   2.92 |I I 
03:53-Tue-Mar-28-2017 PM10  |   5.08 |   4.41 |   5.80 |   4.64 |I I 
03:53-Tue-Mar-28-2017 PM2.5 |   3.03 |   2.85 |   3.21 |   2.92 |I I 
03:57-Tue-Mar-28-2017 PM10  |   4.51 |   4.41 |   5.80 |   4.64 |I I 
03:57-Tue-Mar-28-2017 PM2.5 |   2.95 |   2.86 |   3.21 |   2.92 |I I 
03:58-Tue-Mar-28-2017 PM10  |   3.67 |   4.38 |   5.80 |   4.64 |I I 
03:58-Tue-Mar-28-2017 PM2.5 |   2.71 |   2.85 |   3.21 |   2.92 |I I 
04:02-Tue-Mar-28-2017 PM10  |   3.49 |   4.35 |   5.80 |   4.35 |I I 
04:02-Tue-Mar-28-2017 PM2.5 |   2.76 |   2.85 |   3.21 |   2.85 |I I 
04:03-Tue-Mar-28-2017 PM10  |   4.00 |   4.00 |   5.80 |   4.35 |I I 
04:03-Tue-Mar-28-2017 PM2.5 |   2.62 |   2.62 |   3.21 |   2.85 |I I 
04:07-Tue-Mar-28-2017 PM10  |   4.03 |   4.01 |   5.80 |   4.35 |I I 
04:07-Tue-Mar-28-2017 PM2.5 |   2.78 |   2.70 |   3.21 |   2.85 |I I 
04:08-Tue-Mar-28-2017 PM10  |   4.47 |   4.16 |   5.80 |   4.35 |I I 
04:08-Tue-Mar-28-2017 PM2.5 |   2.88 |   2.76 |   3.21 |   2.85 |I I 
04:09-Tue-Mar-28-2017 PM10  |   4.47 |   4.24 |   5.80 |   4.35 |I I 
04:09-Tue-Mar-28-2017 PM2.5 |   2.88 |   2.79 |   3.21 |   2.85 |I I 
04:14-Tue-Mar-28-2017 PM10  |   4.70 |   4.33 |   5.80 |   4.35 |I I 
04:14-Tue-Mar-28-2017 PM2.5 |   3.01 |   2.83 |   3.21 |   2.85 |I I 
04:15-Tue-Mar-28-2017 PM10  |   4.15 |   4.30 |   5.80 |   4.35 |I I 
04:15-Tue-Mar-28-2017 PM2.5 |   2.93 |   2.85 |   3.21 |   2.85 |I I 
04:19-Tue-Mar-28-2017 PM10  |   4.18 |   4.28 |   5.80 |   4.35 |I I 
04:19-Tue-Mar-28-2017 PM2.5 |   2.75 |   2.84 |   3.21 |   2.85 |I I 
04:20-Tue-Mar-28-2017 PM10  |   4.32 |   4.29 |   5.80 |   4.35 |I I 
04:20-Tue-Mar-28-2017 PM2.5 |   2.95 |   2.85 |   3.21 |   2.85 |I I 
04:24-Tue-Mar-28-2017 PM10  |   3.95 |   4.25 |   5.80 |   4.35 |I I 
04:24-Tue-Mar-28-2017 PM2.5 |   2.78 |   2.84 |   3.21 |   2.85 |I I 
04:25-Tue-Mar-28-2017 PM10  |   4.38 |   4.26 |   5.80 |   4.35 |I I 
04:25-Tue-Mar-28-2017 PM2.5 |   2.69 |   2.83 |   3.21 |   2.85 |I I 
04:29-Tue-Mar-28-2017 PM10  |   4.19 |   4.26 |   5.80 |   4.35 |I I 
04:29-Tue-Mar-28-2017 PM2.5 |   2.82 |   2.83 |   3.21 |   2.85 |I I 
04:30-Tue-Mar-28-2017 PM10  |   4.51 |   4.28 |   5.80 |   4.35 |I I 
04:30-Tue-Mar-28-2017 PM2.5 |   2.94 |   2.84 |   3.21 |   2.85 |I I 
04:34-Tue-Mar-28-2017 PM10  |   4.32 |   4.28 |   5.80 |   4.35 |I I 
04:34-Tue-Mar-28-2017 PM2.5 |   2.91 |   2.84 |   3.21 |   2.85 |I I 
04:35-Tue-Mar-28-2017 PM10  |   3.87 |   4.25 |   5.80 |   4.35 |I I 
04:35-Tue-Mar-28-2017 PM2.5 |   2.67 |   2.83 |   3.21 |   2.85 |I I 
04:36-Tue-Mar-28-2017 PM10  |   3.87 |   4.23 |   5.80 |   4.35 |I I 
04:36-Tue-Mar-28-2017 PM2.5 |   2.67 |   2.82 |   3.21 |   2.85 |I I 
04:40-Tue-Mar-28-2017 PM10  |   3.79 |   4.20 |   5.80 |   4.35 |I I 
04:40-Tue-Mar-28-2017 PM2.5 |   2.71 |   2.81 |   3.21 |   2.85 |I I 
04:41-Tue-Mar-28-2017 PM10  |   4.84 |   4.24 |   5.80 |   4.35 |I I 
04:41-Tue-Mar-28-2017 PM2.5 |   2.62 |   2.80 |   3.21 |   2.85 |I I 
04:45-Tue-Mar-28-2017 PM10  |   4.00 |   4.22 |   5.80 |   4.35 |I I 
04:45-Tue-Mar-28-2017 PM2.5 |   2.73 |   2.80 |   3.21 |   2.85 |I I 
04:46-Tue-Mar-28-2017 PM10  |   3.94 |   4.21 |   5.80 |   4.35 |I I 
04:46-Tue-Mar-28-2017 PM2.5 |   2.76 |   2.79 |   3.21 |   2.85 |I I 
04:50-Tue-Mar-28-2017 PM10  |   3.68 |   4.18 |   5.80 |   4.35 |I I 
04:50-Tue-Mar-28-2017 PM2.5 |   2.69 |   2.79 |   3.21 |   2.85 |I I 
04:51-Tue-Mar-28-2017 PM10  |   4.82 |   4.21 |   5.80 |   4.35 |I I 
04:51-Tue-Mar-28-2017 PM2.5 |   2.79 |   2.79 |   3.21 |   2.85 |I I 
04:55-Tue-Mar-28-2017 PM10  |   3.88 |   4.20 |   5.80 |   4.35 |I I 
04:55-Tue-Mar-28-2017 PM2.5 |   2.56 |   2.78 |   3.21 |   2.85 |I I 
04:56-Tue-Mar-28-2017 PM10  |   4.68 |   4.22 |   5.80 |   4.35 |I I 
04:56-Tue-Mar-28-2017 PM2.5 |   3.04 |   2.79 |   3.21 |   2.85 |I I 
05:00-Tue-Mar-28-2017 PM10  |   5.04 |   4.25 |   5.80 |   4.25 |I I 
05:00-Tue-Mar-28-2017 PM2.5 |   2.84 |   2.79 |   3.21 |   2.79 |I I 
05:01-Tue-Mar-28-2017 PM10  |   3.34 |   3.34 |   5.80 |   4.25 |I I 
05:01-Tue-Mar-28-2017 PM2.5 |   2.63 |   2.63 |   3.21 |   2.79 |I I 
05:02-Tue-Mar-28-2017 PM10  |   3.34 |   3.34 |   5.80 |   4.25 |I I 
05:02-Tue-Mar-28-2017 PM2.5 |   2.63 |   2.63 |   3.21 |   2.79 |I I 
05:06-Tue-Mar-28-2017 PM10  |   3.30 |   3.33 |   5.80 |   4.25 |I I 
05:06-Tue-Mar-28-2017 PM2.5 |   2.46 |   2.58 |   3.21 |   2.79 |I I 
05:07-Tue-Mar-28-2017 PM10  |   3.91 |   3.47 |   5.80 |   4.25 |I I 
05:07-Tue-Mar-28-2017 PM2.5 |   2.50 |   2.56 |   3.21 |   2.79 |I I 
05:11-Tue-Mar-28-2017 PM10  |   4.12 |   3.60 |   5.80 |   4.25 |I I 
05:11-Tue-Mar-28-2017 PM2.5 |   2.65 |   2.58 |   3.21 |   2.79 |I I 
05:12-Tue-Mar-28-2017 PM10  |   4.68 |   3.78 |   5.80 |   4.25 |I I 
05:12-Tue-Mar-28-2017 PM2.5 |   2.76 |   2.61 |   3.21 |   2.79 |I I 
05:16-Tue-Mar-28-2017 PM10  |   4.24 |   3.85 |   5.80 |   4.25 |I I 
05:16-Tue-Mar-28-2017 PM2.5 |   2.83 |   2.64 |   3.21 |   2.79 |I I 
05:17-Tue-Mar-28-2017 PM10  |   4.16 |   3.89 |   5.80 |   4.25 |I I 
05:17-Tue-Mar-28-2017 PM2.5 |   2.93 |   2.68 |   3.21 |   2.79 |I I 
05:21-Tue-Mar-28-2017 PM10  |   4.51 |   3.96 |   5.80 |   4.25 |I I 
05:21-Tue-Mar-28-2017 PM2.5 |   2.90 |   2.70 |   3.21 |   2.79 |I I 
05:22-Tue-Mar-28-2017 PM10  |   4.99 |   4.06 |   5.80 |   4.25 |I I 
05:22-Tue-Mar-28-2017 PM2.5 |   2.86 |   2.72 |   3.21 |   2.79 |I I 
05:26-Tue-Mar-28-2017 PM10  |   4.17 |   4.07 |   5.80 |   4.25 |I I 
05:26-Tue-Mar-28-2017 PM2.5 |   2.78 |   2.72 |   3.21 |   2.79 |I I 
05:27-Tue-Mar-28-2017 PM10  |   4.28 |   4.09 |   5.80 |   4.25 |I I 
05:27-Tue-Mar-28-2017 PM2.5 |   2.58 |   2.71 |   3.21 |   2.79 |I I 
05:28-Tue-Mar-28-2017 PM10  |   4.28 |   4.10 |   5.80 |   4.25 |I I 
05:28-Tue-Mar-28-2017 PM2.5 |   2.58 |   2.70 |   3.21 |   2.79 |I I 
05:32-Tue-Mar-28-2017 PM10  |   4.54 |   4.13 |   5.80 |   4.25 |I I 
05:32-Tue-Mar-28-2017 PM2.5 |   2.61 |   2.69 |   3.21 |   2.79 |I I 
05:33-Tue-Mar-28-2017 PM10  |   4.46 |   4.16 |   5.80 |   4.25 |I I 
05:33-Tue-Mar-28-2017 PM2.5 |   2.86 |   2.71 |   3.21 |   2.79 |I I 
05:37-Tue-Mar-28-2017 PM10  |   4.65 |   4.19 |   5.80 |   4.25 |I I 
05:37-Tue-Mar-28-2017 PM2.5 |   2.93 |   2.72 |   3.21 |   2.79 |I I 
05:38-Tue-Mar-28-2017 PM10  |   3.61 |   4.15 |   5.80 |   4.25 |I I 
05:38-Tue-Mar-28-2017 PM2.5 |   2.52 |   2.71 |   3.21 |   2.79 |I I 
05:42-Tue-Mar-28-2017 PM10  |   3.89 |   4.14 |   5.80 |   4.25 |I I 
05:42-Tue-Mar-28-2017 PM2.5 |   2.68 |   2.71 |   3.21 |   2.79 |I I 
05:43-Tue-Mar-28-2017 PM10  |   3.99 |   4.13 |   5.80 |   4.25 |I I 
05:43-Tue-Mar-28-2017 PM2.5 |   2.63 |   2.70 |   3.21 |   2.79 |I I 
05:47-Tue-Mar-28-2017 PM10  |   4.93 |   4.17 |   5.80 |   4.25 |I I 
05:47-Tue-Mar-28-2017 PM2.5 |   2.72 |   2.70 |   3.21 |   2.79 |I I 
05:48-Tue-Mar-28-2017 PM10  |   3.31 |   4.13 |   5.80 |   4.25 |I I 
05:48-Tue-Mar-28-2017 PM2.5 |   2.49 |   2.69 |   3.21 |   2.79 |I I 
05:52-Tue-Mar-28-2017 PM10  |   4.10 |   4.13 |   5.80 |   4.25 |I I 
05:52-Tue-Mar-28-2017 PM2.5 |   2.61 |   2.69 |   3.21 |   2.79 |I I 
05:53-Tue-Mar-28-2017 PM10  |   4.77 |   4.16 |   5.80 |   4.25 |I I 
05:53-Tue-Mar-28-2017 PM2.5 |   2.68 |   2.69 |   3.21 |   2.79 |I I 
05:54-Tue-Mar-28-2017 PM10  |   4.77 |   4.18 |   5.80 |   4.25 |I I 
05:54-Tue-Mar-28-2017 PM2.5 |   2.68 |   2.69 |   3.21 |   2.79 |I I 
05:58-Tue-Mar-28-2017 PM10  |   4.13 |   4.18 |   5.80 |   4.25 |I I 
05:58-Tue-Mar-28-2017 PM2.5 |   2.69 |   2.69 |   3.21 |   2.79 |I I 
05:59-Tue-Mar-28-2017 PM10  |   3.77 |   4.16 |   5.80 |   4.25 |I I 
05:59-Tue-Mar-28-2017 PM2.5 |   2.71 |   2.69 |   3.21 |   2.79 |I I 
06:03-Tue-Mar-28-2017 PM10  |   4.08 |   4.16 |   5.80 |   4.16 |I I 
06:03-Tue-Mar-28-2017 PM2.5 |   2.95 |   2.70 |   3.21 |   2.70 |I I 
06:04-Tue-Mar-28-2017 PM10  |   3.93 |   3.93 |   5.80 |   4.16 |I I 
06:04-Tue-Mar-28-2017 PM2.5 |   2.89 |   2.89 |   3.21 |   2.70 |I I 
06:08-Tue-Mar-28-2017 PM10  |   3.62 |   3.78 |   5.80 |   4.16 |I I 
06:08-Tue-Mar-28-2017 PM2.5 |   2.69 |   2.79 |   3.21 |   2.70 |I I 
06:09-Tue-Mar-28-2017 PM10  |   3.64 |   3.73 |   5.80 |   4.16 |I I 
06:09-Tue-Mar-28-2017 PM2.5 |   2.56 |   2.71 |   3.21 |   2.70 |I I 
06:13-Tue-Mar-28-2017 PM10  |   4.42 |   3.90 |   5.80 |   4.16 |I I 
06:13-Tue-Mar-28-2017 PM2.5 |   2.73 |   2.72 |   3.21 |   2.70 |I I 
06:14-Tue-Mar-28-2017 PM10  |   3.92 |   3.91 |   5.80 |   4.16 |I I 
06:14-Tue-Mar-28-2017 PM2.5 |   2.64 |   2.70 |   3.21 |   2.70 |I I 
06:18-Tue-Mar-28-2017 PM10  |   4.23 |   3.96 |   5.80 |   4.16 |I I 
06:18-Tue-Mar-28-2017 PM2.5 |   2.89 |   2.73 |   3.21 |   2.70 |I I 
06:19-Tue-Mar-28-2017 PM10  |   4.12 |   3.98 |   5.80 |   4.16 |I I 
06:19-Tue-Mar-28-2017 PM2.5 |   2.76 |   2.73 |   3.21 |   2.70 |I I 
06:20-Tue-Mar-28-2017 PM10  |   4.12 |   4.00 |   5.80 |   4.16 |I I 
06:20-Tue-Mar-28-2017 PM2.5 |   2.76 |   2.74 |   3.21 |   2.70 |I I 
06:24-Tue-Mar-28-2017 PM10  |   4.33 |   4.04 |   5.80 |   4.16 |I I 
06:24-Tue-Mar-28-2017 PM2.5 |   2.73 |   2.74 |   3.21 |   2.70 |I I 
06:25-Tue-Mar-28-2017 PM10  |   3.14 |   3.95 |   5.80 |   4.16 |I I 
06:25-Tue-Mar-28-2017 PM2.5 |   2.38 |   2.70 |   3.21 |   2.70 |I I 
06:29-Tue-Mar-28-2017 PM10  |   3.31 |   3.89 |   5.80 |   4.16 |I I 
06:29-Tue-Mar-28-2017 PM2.5 |   2.65 |   2.70 |   3.21 |   2.70 |I I 
06:30-Tue-Mar-28-2017 PM10  |   4.55 |   3.94 |   5.80 |   4.16 |I I 
06:30-Tue-Mar-28-2017 PM2.5 |   2.79 |   2.70 |   3.21 |   2.70 |I I 
06:34-Tue-Mar-28-2017 PM10  |   4.36 |   3.98 |   5.80 |   4.16 |I I 
06:34-Tue-Mar-28-2017 PM2.5 |   2.73 |   2.71 |   3.21 |   2.70 |I I 
06:35-Tue-Mar-28-2017 PM10  |   4.42 |   4.01 |   5.80 |   4.16 |I I 
06:35-Tue-Mar-28-2017 PM2.5 |   2.68 |   2.70 |   3.21 |   2.70 |I I 
06:39-Tue-Mar-28-2017 PM10  |   4.83 |   4.06 |   5.80 |   4.16 |I I 
06:39-Tue-Mar-28-2017 PM2.5 |   2.88 |   2.72 |   3.21 |   2.70 |I I 
06:40-Tue-Mar-28-2017 PM10  |   5.01 |   4.12 |   5.80 |   4.16 |I I 
06:40-Tue-Mar-28-2017 PM2.5 |   2.74 |   2.72 |   3.21 |   2.70 |I I 
06:44-Tue-Mar-28-2017 PM10  |   4.41 |   4.14 |   5.80 |   4.16 |I I 
06:44-Tue-Mar-28-2017 PM2.5 |   2.61 |   2.71 |   3.21 |   2.70 |I I 
06:45-Tue-Mar-28-2017 PM10  |   4.81 |   4.18 |   5.80 |   4.16 |I I 
06:45-Tue-Mar-28-2017 PM2.5 |   3.14 |   2.74 |   3.21 |   2.70 |I I 
06:46-Tue-Mar-28-2017 PM10  |   4.81 |   4.21 |   5.80 |   4.16 |I I 
06:46-Tue-Mar-28-2017 PM2.5 |   3.14 |   2.76 |   3.21 |   2.70 |I I 
06:50-Tue-Mar-28-2017 PM10  |   4.66 |   4.23 |   5.80 |   4.16 |I I 
06:50-Tue-Mar-28-2017 PM2.5 |   2.99 |   2.77 |   3.21 |   2.70 |I I 
06:51-Tue-Mar-28-2017 PM10  |   4.15 |   4.23 |   5.80 |   4.16 |I I 
06:51-Tue-Mar-28-2017 PM2.5 |   2.62 |   2.76 |   3.21 |   2.70 |I I 
06:55-Tue-Mar-28-2017 PM10  |   4.80 |   4.25 |   5.80 |   4.16 |I I 
06:55-Tue-Mar-28-2017 PM2.5 |   2.97 |   2.77 |   3.21 |   2.70 |I I 
06:56-Tue-Mar-28-2017 PM10  |   3.48 |   4.22 |   5.80 |   4.16 |I I 
06:56-Tue-Mar-28-2017 PM2.5 |   2.54 |   2.76 |   3.21 |   2.70 |I I 
07:00-Tue-Mar-28-2017 PM10  |   3.81 |   4.20 |   5.80 |   4.16 |I I 
07:00-Tue-Mar-28-2017 PM2.5 |   2.56 |   2.75 |   3.21 |   2.70 |I I 
07:01-Tue-Mar-28-2017 PM10  |   3.81 |   3.81 |   5.80 |   4.16 |I I 
07:01-Tue-Mar-28-2017 PM2.5 |   2.55 |   2.55 |   3.21 |   2.70 |I I 
07:05-Tue-Mar-28-2017 PM10  |   4.24 |   4.02 |   5.80 |   4.16 |I I 
07:05-Tue-Mar-28-2017 PM2.5 |   2.63 |   2.59 |   3.21 |   2.70 |I I 
07:06-Tue-Mar-28-2017 PM10  |   3.44 |   3.83 |   5.80 |   4.16 |I I 
07:06-Tue-Mar-28-2017 PM2.5 |   2.54 |   2.57 |   3.21 |   2.70 |I I 
07:10-Tue-Mar-28-2017 PM10  |   3.53 |   3.75 |   5.80 |   4.16 |I I 
07:10-Tue-Mar-28-2017 PM2.5 |   2.57 |   2.57 |   3.21 |   2.70 |I I 
07:11-Tue-Mar-28-2017 PM10  |   4.83 |   3.97 |   5.80 |   4.16 |I I 
07:11-Tue-Mar-28-2017 PM2.5 |   2.74 |   2.61 |   3.21 |   2.70 |I I 
07:12-Tue-Mar-28-2017 PM10  |   4.83 |   4.11 |   5.80 |   4.16 |I I 
07:12-Tue-Mar-28-2017 PM2.5 |   2.74 |   2.63 |   3.21 |   2.70 |I I 
07:16-Tue-Mar-28-2017 PM10  |   3.36 |   4.00 |   5.80 |   4.16 |I I 
07:16-Tue-Mar-28-2017 PM2.5 |   2.49 |   2.61 |   3.21 |   2.70 |I I 
07:17-Tue-Mar-28-2017 PM10  |   5.04 |   4.13 |   5.80 |   4.16 |I I 
07:17-Tue-Mar-28-2017 PM2.5 |   2.90 |   2.65 |   3.21 |   2.70 |I I 
07:21-Tue-Mar-28-2017 PM10  |   5.74 |   4.31 |   5.80 |   4.16 |I I 
07:21-Tue-Mar-28-2017 PM2.5 |   3.18 |   2.71 |   3.21 |   2.70 |I I 
07:22-Tue-Mar-28-2017 PM10  |   5.75 |   4.46 |   5.80 |   4.16 |I I 
07:22-Tue-Mar-28-2017 PM2.5 |   3.20 |   2.76 |   3.21 |   2.70 |I I 
07:26-Tue-Mar-28-2017 PM10  |   5.53 |   4.55 |   5.80 |   4.16 |I I 
07:26-Tue-Mar-28-2017 PM2.5 |   3.09 |   2.79 |   3.21 |   2.70 |I I 
07:27-Tue-Mar-28-2017 PM10  |   7.75 |   4.82 |   5.80 |   4.16 |I I 
07:27-Tue-Mar-28-2017 PM2.5 |   3.56 |   2.85 |   3.21 |   2.70 |I I 
07:31-Tue-Mar-28-2017 PM10  |   5.96 |   4.91 |   5.80 |   4.16 |I I 
07:31-Tue-Mar-28-2017 PM2.5 |   3.26 |   2.88 |   3.21 |   2.70 |I I 
07:33-Tue-Mar-28-2017 PM10  |   5.14 |   4.92 |   5.80 |   4.16 |I I 
07:33-Tue-Mar-28-2017 PM2.5 |   2.89 |   2.88 |   3.21 |   2.70 |I I 
07:37-Tue-Mar-28-2017 PM10  |   5.52 |   4.96 |   5.80 |   4.16 |I I 
07:37-Tue-Mar-28-2017 PM2.5 |   3.05 |   2.89 |   3.21 |   2.70 |I I 
07:38-Tue-Mar-28-2017 PM10  |   6.75 |   5.08 |   5.80 |   4.16 |I I 
07:38-Tue-Mar-28-2017 PM2.5 |   3.16 |   2.91 |   3.21 |   2.70 |I I 
07:39-Tue-Mar-28-2017 PM10  |   6.75 |   5.17 |   5.80 |   4.16 |I I 
07:39-Tue-Mar-28-2017 PM2.5 |   3.16 |   2.92 |   3.21 |   2.70 |I I 
07:43-Tue-Mar-28-2017 PM10  |   5.78 |   5.21 |   5.80 |   4.16 |I I 
07:43-Tue-Mar-28-2017 PM2.5 |   3.19 |   2.94 |   3.21 |   2.70 |I I 
07:44-Tue-Mar-28-2017 PM10  |   5.62 |   5.23 |   5.80 |   4.16 |I I 
07:44-Tue-Mar-28-2017 PM2.5 |   2.98 |   2.94 |   3.21 |   2.70 |I I 
07:48-Tue-Mar-28-2017 PM10  |   7.71 |   5.35 |   5.80 |   4.16 |I I 
07:48-Tue-Mar-28-2017 PM2.5 |   3.21 |   2.96 |   3.21 |   2.70 |I I 
07:49-Tue-Mar-28-2017 PM10  |   6.97 |   5.43 |   5.80 |   4.16 |I I 
07:49-Tue-Mar-28-2017 PM2.5 |   3.20 |   2.97 |   3.21 |   2.70 |I I 
07:53-Tue-Mar-28-2017 PM10  |   5.78 |   5.45 |   5.80 |   4.16 |I I 
07:53-Tue-Mar-28-2017 PM2.5 |   3.18 |   2.98 |   3.21 |   2.70 |I I 
07:54-Tue-Mar-28-2017 PM10  |   4.58 |   5.41 |   5.80 |   4.16 |I I 
07:54-Tue-Mar-28-2017 PM2.5 |   3.00 |   2.98 |   3.21 |   2.70 |I I 
07:58-Tue-Mar-28-2017 PM10  |   5.59 |   5.42 |   5.80 |   4.16 |I I 
07:58-Tue-Mar-28-2017 PM2.5 |   3.03 |   2.98 |   3.21 |   2.70 |I I 
07:59-Tue-Mar-28-2017 PM10  |   4.50 |   5.38 |   5.80 |   4.16 |I I 
07:59-Tue-Mar-28-2017 PM2.5 |   2.99 |   2.98 |   3.21 |   2.70 |I I 
08:03-Tue-Mar-28-2017 PM10  |   4.43 |   5.34 |   5.80 |   4.16 |I I 
08:03-Tue-Mar-28-2017 PM2.5 |   2.92 |   2.98 |   3.21 |   2.70 |I I 
08:04-Tue-Mar-28-2017 PM10  |   5.88 |   5.88 |   5.80 |   4.16 |I I 
08:04-Tue-Mar-28-2017 PM2.5 |   3.06 |   3.06 |   3.21 |   2.70 |I I 
08:08-Tue-Mar-28-2017 PM10  |   6.19 |   6.04 |   5.80 |   4.16 |I I 
08:08-Tue-Mar-28-2017 PM2.5 |   3.31 |   3.18 |   3.21 |   2.70 |I I 
08:09-Tue-Mar-28-2017 PM10  |   6.19 |   6.09 |   5.80 |   4.16 |I I 
08:09-Tue-Mar-28-2017 PM2.5 |   3.31 |   3.23 |   3.21 |   2.70 |I I 
08:10-Tue-Mar-28-2017 PM10  |   5.73 |   6.00 |   5.80 |   4.16 |I I 
08:10-Tue-Mar-28-2017 PM2.5 |   3.11 |   3.20 |   3.21 |   2.70 |I I 
08:14-Tue-Mar-28-2017 PM10  |   5.24 |   5.85 |   5.80 |   4.16 |I I 
08:14-Tue-Mar-28-2017 PM2.5 |   3.03 |   3.16 |   3.21 |   2.70 |I I 
08:15-Tue-Mar-28-2017 PM10  |   6.13 |   5.90 |   5.80 |   4.16 |I I 
08:15-Tue-Mar-28-2017 PM2.5 |   2.95 |   3.13 |   3.21 |   2.70 |I I 
08:19-Tue-Mar-28-2017 PM10  |   5.01 |   5.77 |   5.80 |   4.16 |I I 
08:19-Tue-Mar-28-2017 PM2.5 |   3.05 |   3.12 |   3.21 |   2.70 |I I 
08:20-Tue-Mar-28-2017 PM10  |   5.31 |   5.71 |   5.80 |   4.16 |I I 
08:20-Tue-Mar-28-2017 PM2.5 |   2.87 |   3.09 |   3.21 |   2.70 |I I 
08:24-Tue-Mar-28-2017 PM10  |   5.85 |   5.73 |   5.80 |   4.16 |I I 
08:24-Tue-Mar-28-2017 PM2.5 |   2.95 |   3.07 |   3.21 |   2.70 |I I 
08:25-Tue-Mar-28-2017 PM10  |   4.71 |   5.62 |   5.80 |   4.16 |I I 
08:25-Tue-Mar-28-2017 PM2.5 |   3.01 |   3.07 |   3.21 |   2.70 |I I 
08:29-Tue-Mar-28-2017 PM10  |   4.97 |   5.56 |   5.80 |   4.16 |I I 
08:29-Tue-Mar-28-2017 PM2.5 |   3.15 |   3.07 |   3.21 |   2.70 |I I 
08:30-Tue-Mar-28-2017 PM10  |   5.31 |   5.54 |   5.80 |   4.16 |I I 
08:30-Tue-Mar-28-2017 PM2.5 |   3.19 |   3.08 |   3.21 |   2.70 |I I 
08:31-Tue-Mar-28-2017 PM10  |   5.31 |   5.53 |   5.80 |   4.16 |I I 
08:31-Tue-Mar-28-2017 PM2.5 |   3.19 |   3.09 |   3.21 |   2.70 |I I 
08:34-Tue-Mar-28-2017 PM10  |   4.76 |   5.47 |   5.80 |   4.16 |I I 
08:34-Tue-Mar-28-2017 PM2.5 |   3.09 |   3.09 |   3.21 |   2.70 |I I 
08:35-Tue-Mar-28-2017 PM10  |   4.76 |   5.42 |   5.80 |   4.16 |I I 
08:35-Tue-Mar-28-2017 PM2.5 |   3.09 |   3.09 |   3.21 |   2.70 |I I 
08:36-Tue-Mar-28-2017 PM10  |   6.57 |   5.50 |   5.80 |   4.16 |I I 
08:36-Tue-Mar-28-2017 PM2.5 |   3.02 |   3.09 |   3.21 |   2.70 |I I 
08:40-Tue-Mar-28-2017 PM10  |   4.78 |   5.45 |   5.80 |   4.16 |I I 
08:40-Tue-Mar-28-2017 PM2.5 |   2.91 |   3.08 |   3.21 |   2.70 |I I 
08:41-Tue-Mar-28-2017 PM10  |   5.01 |   5.43 |   5.80 |   4.16 |I I 
08:41-Tue-Mar-28-2017 PM2.5 |   2.88 |   3.06 |   3.21 |   2.70 |I I 
08:45-Tue-Mar-28-2017 PM10  |   4.85 |   5.40 |   5.80 |   4.16 |I I 
08:45-Tue-Mar-28-2017 PM2.5 |   3.00 |   3.06 |   3.21 |   2.70 |I I 
08:46-Tue-Mar-28-2017 PM10  |   4.87 |   5.37 |   5.80 |   4.16 |I I 
08:46-Tue-Mar-28-2017 PM2.5 |   2.97 |   3.06 |   3.21 |   2.70 |I I 
08:50-Tue-Mar-28-2017 PM10  |   5.92 |   5.40 |   5.80 |   4.16 |I I 
08:50-Tue-Mar-28-2017 PM2.5 |   3.10 |   3.06 |   3.21 |   2.70 |I I 
08:51-Tue-Mar-28-2017 PM10  |   5.89 |   5.42 |   5.80 |   4.16 |I I 
08:51-Tue-Mar-28-2017 PM2.5 |   3.12 |   3.06 |   3.21 |   2.70 |I I 
08:55-Tue-Mar-28-2017 PM10  |   5.93 |   5.44 |   5.80 |   4.16 |I I 
08:55-Tue-Mar-28-2017 PM2.5 |   2.99 |   3.06 |   3.21 |   2.70 |I I 
08:56-Tue-Mar-28-2017 PM10  |   4.20 |   5.39 |   5.80 |   4.16 |I I 
08:56-Tue-Mar-28-2017 PM2.5 |   3.00 |   3.06 |   3.21 |   2.70 |I I 
09:00-Tue-Mar-28-2017 PM10  |   4.38 |   5.35 |   5.80 |   4.16 |I I 
09:00-Tue-Mar-28-2017 PM2.5 |   3.00 |   3.05 |   3.21 |   2.70 |I I 
09:01-Tue-Mar-28-2017 PM10  |   4.38 |   4.38 |   5.80 |   4.16 |I I 
09:01-Tue-Mar-28-2017 PM2.5 |   3.00 |   3.00 |   3.21 |   2.70 |I I 
09:02-Tue-Mar-28-2017 PM10  |   6.35 |   5.36 |   5.80 |   4.16 |I I 
09:02-Tue-Mar-28-2017 PM2.5 |   3.18 |   3.09 |   3.21 |   2.70 |I I 
09:06-Tue-Mar-28-2017 PM10  |   8.21 |   6.31 |   5.80 |   4.16 |I I 
09:06-Tue-Mar-28-2017 PM2.5 |   3.51 |   3.23 |   3.21 |   2.70 |I I 
09:07-Tue-Mar-28-2017 PM10  |   4.82 |   5.94 |   5.80 |   4.16 |I I 
09:07-Tue-Mar-28-2017 PM2.5 |   3.18 |   3.22 |   3.21 |   2.70 |I I 
09:11-Tue-Mar-28-2017 PM10  |   5.58 |   5.87 |   5.80 |   4.16 |I I 
09:11-Tue-Mar-28-2017 PM2.5 |   3.12 |   3.20 |   3.21 |   2.70 |I I 
09:12-Tue-Mar-28-2017 PM10  |   5.25 |   5.76 |   5.80 |   4.16 |I I 
09:12-Tue-Mar-28-2017 PM2.5 |   3.30 |   3.21 |   3.21 |   2.70 |I I 
09:16-Tue-Mar-28-2017 PM10  |   6.62 |   5.89 |   5.80 |   4.16 |I I 
09:16-Tue-Mar-28-2017 PM2.5 |   3.37 |   3.24 |   3.21 |   2.70 |I I 
09:17-Tue-Mar-28-2017 PM10  |   6.67 |   5.98 |   5.80 |   4.16 |I I 
09:17-Tue-Mar-28-2017 PM2.5 |   3.22 |   3.23 |   3.21 |   2.70 |I I 
09:21-Tue-Mar-28-2017 PM10  |   5.35 |   5.91 |   5.80 |   4.16 |I I 
09:21-Tue-Mar-28-2017 PM2.5 |   3.25 |   3.24 |   3.21 |   2.70 |I I 
09:22-Tue-Mar-28-2017 PM10  |   6.05 |   5.93 |   5.80 |   4.16 |I I 
09:22-Tue-Mar-28-2017 PM2.5 |   3.26 |   3.24 |   3.21 |   2.70 |I I 
09:26-Tue-Mar-28-2017 PM10  |   6.16 |   5.95 |   5.80 |   4.16 |I I 
09:26-Tue-Mar-28-2017 PM2.5 |   3.38 |   3.25 |   3.21 |   2.70 |I I 
09:27-Tue-Mar-28-2017 PM10  |   6.16 |   5.96 |   5.80 |   4.16 |I I 
09:27-Tue-Mar-28-2017 PM2.5 |   3.38 |   3.26 |   3.21 |   2.70 |I I 
09:28-Tue-Mar-28-2017 PM10  |   6.04 |   5.97 |   5.80 |   4.16 |I I 
09:28-Tue-Mar-28-2017 PM2.5 |   3.23 |   3.26 |   3.21 |   2.70 |I I 
09:32-Tue-Mar-28-2017 PM10  |   5.99 |   5.97 |   5.80 |   4.16 |I I 
09:32-Tue-Mar-28-2017 PM2.5 |   3.28 |   3.26 |   3.21 |   2.70 |I I 
09:33-Tue-Mar-28-2017 PM10  |   6.15 |   5.98 |   5.80 |   4.16 |I I 
09:33-Tue-Mar-28-2017 PM2.5 |   3.52 |   3.28 |   3.21 |   2.70 |I I 
09:37-Tue-Mar-28-2017 PM10  |   6.27 |   6.00 |   5.80 |   4.16 |I I 
09:37-Tue-Mar-28-2017 PM2.5 |   3.51 |   3.29 |   3.21 |   2.70 |I I 
09:38-Tue-Mar-28-2017 PM10  |   6.82 |   6.05 |   5.80 |   4.16 |I I 
09:38-Tue-Mar-28-2017 PM2.5 |   3.74 |   3.32 |   3.21 |   2.70 |I I 
09:42-Tue-Mar-28-2017 PM10  |   7.27 |   6.12 |   5.80 |   4.16 |I I 
09:42-Tue-Mar-28-2017 PM2.5 |   3.72 |   3.34 |   3.21 |   2.70 |I I 
09:43-Tue-Mar-28-2017 PM10  |   6.36 |   6.13 |   5.80 |   4.16 |I I 
09:43-Tue-Mar-28-2017 PM2.5 |   3.87 |   3.37 |   3.21 |   2.70 |I I 
09:47-Tue-Mar-28-2017 PM10  |   6.99 |   6.17 |   5.80 |   4.16 |I I 
09:47-Tue-Mar-28-2017 PM2.5 |   3.57 |   3.38 |   3.21 |   2.70 |I I 
09:48-Tue-Mar-28-2017 PM10  |   6.51 |   6.19 |   5.80 |   4.16 |I I 
09:48-Tue-Mar-28-2017 PM2.5 |   3.38 |   3.38 |   3.21 |   2.70 |I I 
09:52-Tue-Mar-28-2017 PM10  |   5.28 |   6.15 |   5.80 |   4.16 |I I 
09:52-Tue-Mar-28-2017 PM2.5 |   3.12 |   3.37 |   3.21 |   2.70 |I I 
09:53-Tue-Mar-28-2017 PM10  |   5.28 |   6.11 |   5.80 |   4.16 |I I 
09:53-Tue-Mar-28-2017 PM2.5 |   3.12 |   3.36 |   3.21 |   2.70 |I I 
09:54-Tue-Mar-28-2017 PM10  |   6.21 |   6.11 |   5.80 |   4.16 |I I 
09:54-Tue-Mar-28-2017 PM2.5 |   3.57 |   3.37 |   3.21 |   2.70 |I I 
09:58-Tue-Mar-28-2017 PM10  |   5.38 |   6.09 |   5.80 |   4.16 |I I 
09:58-Tue-Mar-28-2017 PM2.5 |   3.72 |   3.38 |   3.21 |   2.70 |I I 
09:59-Tue-Mar-28-2017 PM10  |   5.99 |   6.08 |   5.80 |   4.16 |I I 
09:59-Tue-Mar-28-2017 PM2.5 |   3.56 |   3.39 |   3.21 |   2.70 |I I 
10:03-Tue-Mar-28-2017 PM10  |   5.77 |   6.07 |   6.07 |   4.16 |I I 
10:03-Tue-Mar-28-2017 PM2.5 |   3.51 |   3.39 |   3.39 |   2.70 |I I 
10:04-Tue-Mar-28-2017 PM10  |   5.47 |   5.47 |   6.07 |   4.16 |I I 
10:04-Tue-Mar-28-2017 PM2.5 |   3.50 |   3.50 |   3.39 |   2.70 |I I 
10:08-Tue-Mar-28-2017 PM10  |   5.36 |   5.42 |   6.07 |   4.16 |I I 
10:08-Tue-Mar-28-2017 PM2.5 |   3.53 |   3.52 |   3.39 |   2.70 |I I 
10:09-Tue-Mar-28-2017 PM10  |   8.11 |   6.32 |   6.07 |   4.16 |I I 
10:09-Tue-Mar-28-2017 PM2.5 |   3.67 |   3.57 |   3.39 |   2.70 |I I 
10:13-Tue-Mar-28-2017 PM10  |   6.87 |   6.45 |   6.07 |   4.16 |I I 
10:13-Tue-Mar-28-2017 PM2.5 |   3.41 |   3.53 |   3.39 |   2.70 |I I 
10:14-Tue-Mar-28-2017 PM10  |   7.17 |   6.60 |   6.07 |   4.16 |I I 
10:14-Tue-Mar-28-2017 PM2.5 |   3.59 |   3.54 |   3.39 |   2.70 |I I 
10:18-Tue-Mar-28-2017 PM10  |   6.18 |   6.53 |   6.07 |   4.16 |I I 
10:18-Tue-Mar-28-2017 PM2.5 |   3.65 |   3.56 |   3.39 |   2.70 |I I 
10:19-Tue-Mar-28-2017 PM10  |   6.18 |   6.48 |   6.07 |   4.16 |I I 
10:19-Tue-Mar-28-2017 PM2.5 |   3.65 |   3.57 |   3.39 |   2.70 |I I 
10:20-Tue-Mar-28-2017 PM10  |   5.83 |   6.40 |   6.07 |   4.16 |I I 
10:20-Tue-Mar-28-2017 PM2.5 |   3.75 |   3.59 |   3.39 |   2.70 |I I 
10:24-Tue-Mar-28-2017 PM10  |   7.17 |   6.48 |   6.07 |   4.16 |I I 
10:24-Tue-Mar-28-2017 PM2.5 |   4.12 |   3.65 |   3.39 |   2.70 |I I 
10:26-Tue-Mar-28-2017 PM10  |   7.58 |   6.59 |   6.07 |   4.16 |I I 
10:26-Tue-Mar-28-2017 PM2.5 |   3.66 |   3.65 |   3.39 |   2.70 |I I 
10:30-Tue-Mar-28-2017 PM10  |   7.10 |   6.64 |   6.07 |   4.16 |I I 
10:30-Tue-Mar-28-2017 PM2.5 |   3.88 |   3.67 |   3.39 |   2.70 |I I 
10:31-Tue-Mar-28-2017 PM10  |   6.85 |   6.66 |   6.07 |   4.16 |I I 
10:31-Tue-Mar-28-2017 PM2.5 |   3.93 |   3.70 |   3.39 |   2.70 |I I 
10:35-Tue-Mar-28-2017 PM10  |   6.41 |   6.64 |   6.07 |   4.16 |I I 
10:35-Tue-Mar-28-2017 PM2.5 |   3.90 |   3.71 |   3.39 |   2.70 |I I 
10:36-Tue-Mar-28-2017 PM10  |   6.38 |   6.62 |   6.07 |   4.16 |I I 
10:36-Tue-Mar-28-2017 PM2.5 |   3.67 |   3.71 |   3.39 |   2.70 |I I 
10:40-Tue-Mar-28-2017 PM10  |   7.19 |   6.66 |   6.07 |   4.16 |I I 
10:40-Tue-Mar-28-2017 PM2.5 |   3.94 |   3.72 |   3.39 |   2.70 |I I 
10:41-Tue-Mar-28-2017 PM10  |   7.56 |   6.71 |   6.07 |   4.16 |I I 
10:41-Tue-Mar-28-2017 PM2.5 |   4.12 |   3.75 |   3.39 |   2.70 |I I 
10:45-Tue-Mar-28-2017 PM10  |   7.58 |   6.76 |   6.07 |   4.16 |I I 
10:45-Tue-Mar-28-2017 PM2.5 |   4.16 |   3.77 |   3.39 |   2.70 |I I 
10:46-Tue-Mar-28-2017 PM10  |   7.58 |   6.81 |   6.07 |   4.16 |I I 
10:46-Tue-Mar-28-2017 PM2.5 |   4.16 |   3.79 |   3.39 |   2.70 |I I 
10:47-Tue-Mar-28-2017 PM10  |   7.67 |   6.86 |   6.07 |   4.16 |I I 
10:47-Tue-Mar-28-2017 PM2.5 |   3.93 |   3.80 |   3.39 |   2.70 |I I 
10:51-Tue-Mar-28-2017 PM10  |   6.40 |   6.83 |   6.07 |   4.16 |I I 
10:51-Tue-Mar-28-2017 PM2.5 |   3.78 |   3.80 |   3.39 |   2.70 |I I 
10:52-Tue-Mar-28-2017 PM10  |   7.79 |   6.88 |   6.07 |   4.16 |I I 
10:52-Tue-Mar-28-2017 PM2.5 |   4.14 |   3.82 |   3.39 |   2.70 |I I 
10:56-Tue-Mar-28-2017 PM10  |   6.32 |   6.85 |   6.07 |   4.16 |I I 
10:56-Tue-Mar-28-2017 PM2.5 |   4.27 |   3.84 |   3.39 |   2.70 |I I 
10:57-Tue-Mar-28-2017 PM10  |   9.94 |   6.99 |   6.07 |   4.16 |I I 
10:57-Tue-Mar-28-2017 PM2.5 |   4.16 |   3.85 |   3.39 |   2.70 |I I 
11:01-Tue-Mar-28-2017 PM10  |   7.60 |   7.01 |   7.01 |   4.16 |I I 
11:01-Tue-Mar-28-2017 PM2.5 |   4.23 |   3.87 |   3.87 |   2.70 |I I 
11:02-Tue-Mar-28-2017 PM10  |   6.76 |   6.76 |   7.01 |   4.16 |I I 
11:02-Tue-Mar-28-2017 PM2.5 |   4.16 |   4.16 |   3.87 |   2.70 |I I 
11:06-Tue-Mar-28-2017 PM10  |   6.79 |   6.78 |   7.01 |   4.16 |I I 
11:06-Tue-Mar-28-2017 PM2.5 |   3.82 |   3.99 |   3.87 |   2.70 |I I 
11:07-Tue-Mar-28-2017 PM10  |   8.50 |   7.35 |   7.01 |   4.16 |I I 
11:07-Tue-Mar-28-2017 PM2.5 |   4.08 |   4.02 |   3.87 |   2.70 |I I 
11:11-Tue-Mar-28-2017 PM10  |   9.11 |   7.79 |   7.01 |   4.16 |I I 
11:11-Tue-Mar-28-2017 PM2.5 |   4.63 |   4.17 |   3.87 |   2.70 |I I 
11:12-Tue-Mar-28-2017 PM10  |   9.11 |   8.06 |   7.01 |   4.16 |I I 
11:12-Tue-Mar-28-2017 PM2.5 |   4.63 |   4.26 |   3.87 |   2.70 |I I 
11:13-Tue-Mar-28-2017 PM10  |   7.16 |   7.91 |   7.01 |   4.16 |I I 
11:13-Tue-Mar-28-2017 PM2.5 |   3.91 |   4.21 |   3.87 |   2.70 |I I 
11:17-Tue-Mar-28-2017 PM10  |   8.18 |   7.94 |   7.01 |   4.16 |I I 
11:17-Tue-Mar-28-2017 PM2.5 |   4.73 |   4.28 |   3.87 |   2.70 |I I 
11:18-Tue-Mar-28-2017 PM10  |   8.04 |   7.96 |   7.01 |   4.16 |I I 
11:18-Tue-Mar-28-2017 PM2.5 |   4.84 |   4.35 |   3.87 |   2.70 |I I 
11:22-Tue-Mar-28-2017 PM10  |   7.47 |   7.90 |   7.01 |   4.16 |I I 
11:22-Tue-Mar-28-2017 PM2.5 |   4.47 |   4.36 |   3.87 |   2.70 |I I 
11:23-Tue-Mar-28-2017 PM10  |   7.54 |   7.87 |   7.01 |   4.16 |I I 
11:23-Tue-Mar-28-2017 PM2.5 |   4.38 |   4.37 |   3.87 |   2.70 |I I 
11:27-Tue-Mar-28-2017 PM10  |   7.77 |   7.86 |   7.01 |   4.16 |I I 
11:27-Tue-Mar-28-2017 PM2.5 |   4.27 |   4.36 |   3.87 |   2.70 |I I 
11:28-Tue-Mar-28-2017 PM10  |   7.04 |   7.79 |   7.01 |   4.16 |I I 
11:28-Tue-Mar-28-2017 PM2.5 |   4.34 |   4.36 |   3.87 |   2.70 |I I 
11:32-Tue-Mar-28-2017 PM10  |   8.74 |   7.86 |   7.01 |   4.16 |I I 
11:32-Tue-Mar-28-2017 PM2.5 |   4.79 |   4.39 |   3.87 |   2.70 |I I 
11:33-Tue-Mar-28-2017 PM10  |   8.98 |   7.94 |   7.01 |   4.16 |I I 
11:33-Tue-Mar-28-2017 PM2.5 |   4.18 |   4.37 |   3.87 |   2.70 |I I 
11:37-Tue-Mar-28-2017 PM10  |   7.79 |   7.93 |   7.01 |   4.16 |I I 
11:37-Tue-Mar-28-2017 PM2.5 |   4.00 |   4.35 |   3.87 |   2.70 |I I 
11:38-Tue-Mar-28-2017 PM10  |   7.79 |   7.92 |   7.01 |   4.16 |I I 
11:38-Tue-Mar-28-2017 PM2.5 |   4.00 |   4.33 |   3.87 |   2.70 |I I 
11:39-Tue-Mar-28-2017 PM10  |   6.28 |   7.83 |   7.01 |   4.16 |I I 
11:39-Tue-Mar-28-2017 PM2.5 |   3.99 |   4.31 |   3.87 |   2.70 |I I 
11:43-Tue-Mar-28-2017 PM10  |   6.00 |   7.73 |   7.01 |   4.16 |I I 
11:43-Tue-Mar-28-2017 PM2.5 |   3.77 |   4.28 |   3.87 |   2.70 |I I 
11:44-Tue-Mar-28-2017 PM10  |   8.23 |   7.75 |   7.01 |   4.16 |I I 
11:44-Tue-Mar-28-2017 PM2.5 |   3.87 |   4.26 |   3.87 |   2.70 |I I 
11:48-Tue-Mar-28-2017 PM10  |   6.84 |   7.71 |   7.01 |   4.16 |I I 
11:48-Tue-Mar-28-2017 PM2.5 |   3.92 |   4.24 |   3.87 |   2.70 |I I 
11:49-Tue-Mar-28-2017 PM10  |   6.79 |   7.66 |   7.01 |   4.16 |I I 
11:49-Tue-Mar-28-2017 PM2.5 |   3.46 |   4.20 |   3.87 |   2.70 |I I 
11:53-Tue-Mar-28-2017 PM10  |   6.39 |   7.60 |   7.01 |   4.16 |I I 
11:53-Tue-Mar-28-2017 PM2.5 |   3.82 |   4.18 |   3.87 |   2.70 |I I 
11:54-Tue-Mar-28-2017 PM10  |   7.37 |   7.59 |   7.01 |   4.16 |I I 
11:54-Tue-Mar-28-2017 PM2.5 |   3.73 |   4.16 |   3.87 |   2.70 |I I 
11:58-Tue-Mar-28-2017 PM10  |   8.39 |   7.63 |   7.01 |   4.16 |I I 
11:58-Tue-Mar-28-2017 PM2.5 |   3.92 |   4.15 |   3.87 |   2.70 |I I 
11:59-Tue-Mar-28-2017 PM10  |   7.41 |   7.62 |   7.01 |   4.16 |I I 
11:59-Tue-Mar-28-2017 PM2.5 |   3.83 |   4.14 |   3.87 |   2.70 |I I 
12:03-Tue-Mar-28-2017 PM10  |   7.99 |   7.63 |   7.63 |   4.16 |I I 
12:03-Tue-Mar-28-2017 PM2.5 |   4.00 |   4.14 |   4.14 |   2.70 |I I 
12:04-Tue-Mar-28-2017 PM10  |   7.99 |   7.99 |   7.63 |   4.16 |I I 
12:04-Tue-Mar-28-2017 PM2.5 |   4.00 |   4.00 |   4.14 |   2.70 |I I 
12:05-Tue-Mar-28-2017 PM10  |   6.51 |   7.25 |   7.63 |   4.16 |I I 
12:05-Tue-Mar-28-2017 PM2.5 |   3.81 |   3.91 |   4.14 |   2.70 |I I 
12:09-Tue-Mar-28-2017 PM10  |   5.60 |   6.70 |   7.63 |   4.16 |I I 
12:09-Tue-Mar-28-2017 PM2.5 |   3.62 |   3.81 |   4.14 |   2.70 |I I 
12:10-Tue-Mar-28-2017 PM10  |   7.27 |   6.84 |   7.63 |   4.16 |I I 
12:10-Tue-Mar-28-2017 PM2.5 |   3.89 |   3.83 |   4.14 |   2.70 |I I 
12:14-Tue-Mar-28-2017 PM10  |   6.32 |   6.74 |   7.63 |   4.16 |I I 
12:14-Tue-Mar-28-2017 PM2.5 |   3.98 |   3.86 |   4.14 |   2.70 |I I 
12:15-Tue-Mar-28-2017 PM10  |   8.70 |   7.07 |   7.63 |   4.16 |I I 
12:15-Tue-Mar-28-2017 PM2.5 |   4.34 |   3.94 |   4.14 |   2.70 |I I 
12:19-Tue-Mar-28-2017 PM10  |   8.90 |   7.33 |   7.63 |   4.16 |I I 
12:19-Tue-Mar-28-2017 PM2.5 |   4.14 |   3.97 |   4.14 |   2.70 |I I 
12:20-Tue-Mar-28-2017 PM10  |   7.53 |   7.35 |   7.63 |   4.16 |I I 
12:20-Tue-Mar-28-2017 PM2.5 |   3.96 |   3.97 |   4.14 |   2.70 |I I 
12:24-Tue-Mar-28-2017 PM10  |   7.53 |   7.37 |   7.63 |   4.16 |I I 
12:24-Tue-Mar-28-2017 PM2.5 |   3.86 |   3.96 |   4.14 |   2.70 |I I 
12:25-Tue-Mar-28-2017 PM10  |   7.27 |   7.36 |   7.63 |   4.16 |I I 
12:25-Tue-Mar-28-2017 PM2.5 |   3.96 |   3.96 |   4.14 |   2.70 |I I 
12:29-Tue-Mar-28-2017 PM10  |   7.54 |   7.38 |   7.63 |   4.16 |I I 
12:29-Tue-Mar-28-2017 PM2.5 |   4.13 |   3.97 |   4.14 |   2.70 |I I 
12:30-Tue-Mar-28-2017 PM10  |   7.54 |   7.39 |   7.63 |   4.16 |I I 
12:30-Tue-Mar-28-2017 PM2.5 |   4.13 |   3.99 |   4.14 |   2.70 |I I 
12:31-Tue-Mar-28-2017 PM10  |   6.41 |   7.32 |   7.63 |   4.16 |I I 
12:31-Tue-Mar-28-2017 PM2.5 |   3.86 |   3.98 |   4.14 |   2.70 |I I 
12:35-Tue-Mar-28-2017 PM10  |   6.34 |   7.25 |   7.63 |   4.16 |I I 
12:35-Tue-Mar-28-2017 PM2.5 |   3.78 |   3.96 |   4.14 |   2.70 |I I 
12:36-Tue-Mar-28-2017 PM10  |   6.04 |   7.17 |   7.63 |   4.16 |I I 
12:36-Tue-Mar-28-2017 PM2.5 |   3.74 |   3.95 |   4.14 |   2.70 |I I 
12:40-Tue-Mar-28-2017 PM10  |   7.12 |   7.16 |   7.63 |   4.16 |I I 
12:40-Tue-Mar-28-2017 PM2.5 |   3.89 |   3.95 |   4.14 |   2.70 |I I 
12:41-Tue-Mar-28-2017 PM10  |   8.76 |   7.26 |   7.63 |   4.16 |I I 
12:41-Tue-Mar-28-2017 PM2.5 |   3.80 |   3.94 |   4.14 |   2.70 |I I 
12:45-Tue-Mar-28-2017 PM10  |   7.83 |   7.29 |   7.63 |   4.16 |I I 
12:45-Tue-Mar-28-2017 PM2.5 |   4.08 |   3.94 |   4.14 |   2.70 |I I 
12:46-Tue-Mar-28-2017 PM10  |   6.81 |   7.26 |   7.63 |   4.16 |I I 
12:46-Tue-Mar-28-2017 PM2.5 |   3.93 |   3.94 |   4.14 |   2.70 |I I 
12:50-Tue-Mar-28-2017 PM10  |   5.36 |   7.17 |   7.63 |   4.16 |I I 
12:50-Tue-Mar-28-2017 PM2.5 |   3.80 |   3.94 |   4.14 |   2.70 |I I 
12:51-Tue-Mar-28-2017 PM10  |   5.75 |   7.10 |   7.63 |   4.16 |I I 
12:51-Tue-Mar-28-2017 PM2.5 |   3.49 |   3.92 |   4.14 |   2.70 |I I 
12:55-Tue-Mar-28-2017 PM10  |   6.49 |   7.07 |   7.63 |   4.16 |I I 
12:55-Tue-Mar-28-2017 PM2.5 |   3.77 |   3.91 |   4.14 |   2.70 |I I 
12:56-Tue-Mar-28-2017 PM10  |   6.49 |   7.05 |   7.63 |   4.16 |I I 
12:56-Tue-Mar-28-2017 PM2.5 |   3.77 |   3.90 |   4.14 |   2.70 |I I 
12:57-Tue-Mar-28-2017 PM10  |   5.95 |   7.00 |   7.63 |   4.16 |I I 
12:57-Tue-Mar-28-2017 PM2.5 |   3.57 |   3.89 |   4.14 |   2.70 |I I 
13:01-Tue-Mar-28-2017 PM10  |   7.00 |   7.00 |   7.63 |   4.16 |I I 
13:01-Tue-Mar-28-2017 PM2.5 |   4.15 |   3.90 |   4.14 |   2.70 |I I 
13:02-Tue-Mar-28-2017 PM10  |   5.69 |   5.69 |   7.63 |   4.16 |I I 
13:02-Tue-Mar-28-2017 PM2.5 |   3.49 |   3.49 |   4.14 |   2.70 |I I 
13:06-Tue-Mar-28-2017 PM10  |   6.11 |   5.90 |   7.63 |   4.16 |I I 
13:06-Tue-Mar-28-2017 PM2.5 |   3.67 |   3.58 |   4.14 |   2.70 |I I 
13:07-Tue-Mar-28-2017 PM10  |   5.97 |   5.93 |   7.63 |   4.16 |I I 
13:07-Tue-Mar-28-2017 PM2.5 |   3.67 |   3.61 |   4.14 |   2.70 |I I 
13:11-Tue-Mar-28-2017 PM10  |   6.38 |   6.04 |   7.63 |   4.16 |I I 
13:11-Tue-Mar-28-2017 PM2.5 |   3.79 |   3.66 |   4.14 |   2.70 |I I 
13:12-Tue-Mar-28-2017 PM10  |   6.40 |   6.11 |   7.63 |   4.16 |I I 
13:12-Tue-Mar-28-2017 PM2.5 |   3.61 |   3.65 |   4.14 |   2.70 |I I 
13:16-Tue-Mar-28-2017 PM10  |   7.03 |   6.26 |   7.63 |   4.16 |I I 
13:16-Tue-Mar-28-2017 PM2.5 |   3.89 |   3.69 |   4.14 |   2.70 |I I 
13:17-Tue-Mar-28-2017 PM10  |   5.97 |   6.22 |   7.63 |   4.16 |I I 
13:17-Tue-Mar-28-2017 PM2.5 |   3.76 |   3.70 |   4.14 |   2.70 |I I 
13:21-Tue-Mar-28-2017 PM10  |   6.14 |   6.21 |   7.63 |   4.16 |I I 
13:21-Tue-Mar-28-2017 PM2.5 |   3.53 |   3.68 |   4.14 |   2.70 |I I 
13:22-Tue-Mar-28-2017 PM10  |   5.68 |   6.15 |   7.63 |   4.16 |I I 
13:22-Tue-Mar-28-2017 PM2.5 |   3.46 |   3.65 |   4.14 |   2.70 |I I 
13:23-Tue-Mar-28-2017 PM10  |   5.68 |   6.11 |   7.63 |   4.16 |I I 
13:23-Tue-Mar-28-2017 PM2.5 |   3.46 |   3.63 |   4.14 |   2.70 |I I 
13:27-Tue-Mar-28-2017 PM10  |   5.75 |   6.07 |   7.63 |   4.16 |I I 
13:27-Tue-Mar-28-2017 PM2.5 |   3.70 |   3.64 |   4.14 |   2.70 |I I 
13:28-Tue-Mar-28-2017 PM10  |   5.54 |   6.03 |   7.63 |   4.16 |I B 
13:28-Tue-Mar-28-2017 PM2.5 |   3.38 |   3.62 |   4.14 |   2.70 |I B 
13:32-Tue-Mar-28-2017recover dati per host :92.223.147.77/nodered
13:32-Tue-Mar-28-2017 PM10  |   5.65 |   6.00 |   7.63 |   4.16 |I I 
13:32-Tue-Mar-28-2017 PM2.5 |   3.41 |   3.60 |   4.14 |   2.70 |I I 
13:34-Tue-Mar-28-2017 PM10  |   6.80 |   6.06 |   7.63 |   4.16 |I I 
13:34-Tue-Mar-28-2017 PM2.5 |   3.57 |   3.60 |   4.14 |   2.70 |I I 
13:38-Tue-Mar-28-2017 PM10  |   6.13 |   6.06 |   7.63 |   4.16 |I I 
13:38-Tue-Mar-28-2017 PM2.5 |   3.71 |   3.61 |   4.14 |   2.70 |I I 
13:39-Tue-Mar-28-2017 PM10  |   5.58 |   6.03 |   7.63 |   4.16 |I I 
13:39-Tue-Mar-28-2017 PM2.5 |   3.40 |   3.59 |   4.14 |   2.70 |I I 
13:43-Tue-Mar-28-2017 PM10  |   5.68 |   6.01 |   7.63 |   4.16 |I I 
13:43-Tue-Mar-28-2017 PM2.5 |   3.30 |   3.58 |   4.14 |   2.70 |I I 
13:44-Tue-Mar-28-2017 PM10  |   6.65 |   6.05 |   7.63 |   4.16 |I I 
13:44-Tue-Mar-28-2017 PM2.5 |   3.83 |   3.59 |   4.14 |   2.70 |I I 
13:48-Tue-Mar-28-2017 PM10  |   4.94 |   5.99 |   7.63 |   4.16 |I I 
13:48-Tue-Mar-28-2017 PM2.5 |   3.48 |   3.59 |   4.14 |   2.70 |I I 
13:49-Tue-Mar-28-2017 PM10  |   6.38 |   6.01 |   7.63 |   4.16 |I I 
13:49-Tue-Mar-28-2017 PM2.5 |   3.53 |   3.58 |   4.14 |   2.70 |I I 
13:50-Tue-Mar-28-2017 PM10  |   6.38 |   6.02 |   7.63 |   4.16 |I I 
13:50-Tue-Mar-28-2017 PM2.5 |   3.53 |   3.58 |   4.14 |   2.70 |I I 
13:54-Tue-Mar-28-2017 PM10  |   6.69 |   6.05 |   7.63 |   4.16 |I I 
13:54-Tue-Mar-28-2017 PM2.5 |   3.57 |   3.58 |   4.14 |   2.70 |I I 
13:55-Tue-Mar-28-2017 PM10  |   6.12 |   6.06 |   7.63 |   4.16 |I I 
13:55-Tue-Mar-28-2017 PM2.5 |   3.75 |   3.59 |   4.14 |   2.70 |I I 
13:59-Tue-Mar-28-2017 PM10  |   5.47 |   6.03 |   7.63 |   4.16 |I I 
13:59-Tue-Mar-28-2017 PM2.5 |   3.40 |   3.58 |   4.14 |   2.70 |I I 
14:00-Tue-Mar-28-2017 PM10  |   6.48 |   6.05 |   7.63 |   4.16 |I I 
14:00-Tue-Mar-28-2017 PM2.5 |   3.70 |   3.58 |   4.14 |   2.70 |I I 
14:04-Tue-Mar-28-2017 PM10  |   6.11 |   6.11 |   7.63 |   4.16 |I I 
14:04-Tue-Mar-28-2017 PM2.5 |   3.71 |   3.71 |   4.14 |   2.70 |I I 
14:05-Tue-Mar-28-2017 PM10  |   6.56 |   6.33 |   7.63 |   4.16 |I I 
14:05-Tue-Mar-28-2017 PM2.5 |   3.83 |   3.77 |   4.14 |   2.70 |I I 
14:09-Tue-Mar-28-2017 PM10  |   6.56 |   6.41 |   7.63 |   4.16 |I I 
14:09-Tue-Mar-28-2017 PM2.5 |   3.86 |   3.80 |   4.14 |   2.70 |I I 
14:10-Tue-Mar-28-2017 PM10  |   4.89 |   6.03 |   7.63 |   4.16 |I I 
14:10-Tue-Mar-28-2017 PM2.5 |   3.18 |   3.64 |   4.14 |   2.70 |I I 
14:14-Tue-Mar-28-2017 PM10  |   5.38 |   5.90 |   7.63 |   4.16 |I I 
14:14-Tue-Mar-28-2017 PM2.5 |   3.41 |   3.60 |   4.14 |   2.70 |I I 
14:15-Tue-Mar-28-2017 PM10  |   5.81 |   5.88 |   7.63 |   4.16 |I I 
14:15-Tue-Mar-28-2017 PM2.5 |   3.29 |   3.55 |   4.14 |   2.70 |I I 
14:16-Tue-Mar-28-2017 PM10  |   5.81 |   5.87 |   7.63 |   4.16 |I I 
14:16-Tue-Mar-28-2017 PM2.5 |   3.29 |   3.51 |   4.14 |   2.70 |I I 
14:20-Tue-Mar-28-2017 PM10  |   4.76 |   5.74 |   7.63 |   4.16 |I I 
14:20-Tue-Mar-28-2017 PM2.5 |   3.16 |   3.47 |   4.14 |   2.70 |I I 
14:21-Tue-Mar-28-2017 PM10  |   4.62 |   5.61 |   7.63 |   4.16 |I I 
14:21-Tue-Mar-28-2017 PM2.5 |   3.30 |   3.45 |   4.14 |   2.70 |I I 
14:25-Tue-Mar-28-2017 PM10  |   5.14 |   5.56 |   7.63 |   4.16 |I I 
14:25-Tue-Mar-28-2017 PM2.5 |   3.30 |   3.43 |   4.14 |   2.70 |I I 
14:26-Tue-Mar-28-2017 PM10  |   5.32 |   5.54 |   7.63 |   4.16 |I I 
14:26-Tue-Mar-28-2017 PM2.5 |   3.35 |   3.42 |   4.14 |   2.70 |I I 
14:30-Tue-Mar-28-2017 PM10  |   5.02 |   5.50 |   7.63 |   4.16 |I I 
14:30-Tue-Mar-28-2017 PM2.5 |   3.50 |   3.43 |   4.14 |   2.70 |I I 
14:31-Tue-Mar-28-2017 PM10  |   5.41 |   5.49 |   7.63 |   4.16 |I I 
14:31-Tue-Mar-28-2017 PM2.5 |   3.32 |   3.42 |   4.14 |   2.70 |I I 
14:35-Tue-Mar-28-2017 PM10  |   4.85 |   5.45 |   7.63 |   4.16 |I I 
14:35-Tue-Mar-28-2017 PM2.5 |   3.25 |   3.41 |   4.14 |   2.70 |I I 
14:36-Tue-Mar-28-2017 PM10  |   5.61 |   5.46 |   7.63 |   4.16 |I I 
14:36-Tue-Mar-28-2017 PM2.5 |   3.20 |   3.40 |   4.14 |   2.70 |I I 
14:40-Tue-Mar-28-2017 PM10  |   5.23 |   5.44 |   7.63 |   4.16 |I I 
14:40-Tue-Mar-28-2017 PM2.5 |   3.49 |   3.40 |   4.14 |   2.70 |I I 
14:41-Tue-Mar-28-2017 PM10  |   5.19 |   5.43 |   7.63 |   4.16 |I I 
14:41-Tue-Mar-28-2017 PM2.5 |   3.19 |   3.39 |   4.14 |   2.70 |I I 
14:42-Tue-Mar-28-2017 PM10  |   5.19 |   5.41 |   7.63 |   4.16 |I I 
14:42-Tue-Mar-28-2017 PM2.5 |   3.19 |   3.38 |   4.14 |   2.70 |I I 
14:46-Tue-Mar-28-2017 PM10  |   5.98 |   5.44 |   7.63 |   4.16 |I I 
14:46-Tue-Mar-28-2017 PM2.5 |   3.46 |   3.38 |   4.14 |   2.70 |I I 
14:47-Tue-Mar-28-2017 PM10  |   6.31 |   5.49 |   7.63 |   4.16 |I I 
14:47-Tue-Mar-28-2017 PM2.5 |   3.40 |   3.38 |   4.14 |   2.70 |I I 
14:51-Tue-Mar-28-2017 PM10  |   5.91 |   5.51 |   7.63 |   4.16 |I I 
14:51-Tue-Mar-28-2017 PM2.5 |   3.42 |   3.39 |   4.14 |   2.70 |I I 
14:52-Tue-Mar-28-2017 PM10  |   5.63 |   5.51 |   7.63 |   4.16 |I I 
14:52-Tue-Mar-28-2017 PM2.5 |   3.37 |   3.39 |   4.14 |   2.70 |I I 
14:56-Tue-Mar-28-2017 PM10  |   7.00 |   5.58 |   7.63 |   4.16 |I I 
14:56-Tue-Mar-28-2017 PM2.5 |   3.43 |   3.39 |   4.14 |   2.70 |I I 
14:57-Tue-Mar-28-2017 PM10  |   6.56 |   5.62 |   7.63 |   4.16 |I I 
14:57-Tue-Mar-28-2017 PM2.5 |   3.84 |   3.41 |   4.14 |   2.70 |I I 
15:01-Tue-Mar-28-2017 PM10  |   6.14 |   5.64 |   7.63 |   4.16 |I I 
15:01-Tue-Mar-28-2017 PM2.5 |   3.81 |   3.42 |   4.14 |   2.70 |I I 
15:02-Tue-Mar-28-2017 PM10  |   5.11 |   5.11 |   7.63 |   4.16 |I I 
15:02-Tue-Mar-28-2017 PM2.5 |   3.62 |   3.62 |   4.14 |   2.70 |I I 
15:06-Tue-Mar-28-2017 PM10  |   6.11 |   5.61 |   7.63 |   4.16 |I I 
15:06-Tue-Mar-28-2017 PM2.5 |   3.74 |   3.68 |   4.14 |   2.70 |I I 
15:07-Tue-Mar-28-2017 PM10  |   7.30 |   6.17 |   7.63 |   4.16 |I I 
15:07-Tue-Mar-28-2017 PM2.5 |   4.13 |   3.83 |   4.14 |   2.70 |I I 
15:08-Tue-Mar-28-2017 PM10  |   7.30 |   6.45 |   7.63 |   4.16 |I I 
15:08-Tue-Mar-28-2017 PM2.5 |   4.13 |   3.91 |   4.14 |   2.70 |I I 
15:12-Tue-Mar-28-2017 PM10  |   8.55 |   6.87 |   7.63 |   4.16 |I I 
15:12-Tue-Mar-28-2017 PM2.5 |   4.03 |   3.93 |   4.14 |   2.70 |I I 
15:13-Tue-Mar-28-2017 PM10  |   7.31 |   6.95 |   7.63 |   4.16 |I I 
15:13-Tue-Mar-28-2017 PM2.5 |   4.26 |   3.99 |   4.14 |   2.70 |I I 
15:17-Tue-Mar-28-2017 PM10  |   6.63 |   6.90 |   7.63 |   4.16 |I I 
15:17-Tue-Mar-28-2017 PM2.5 |   3.97 |   3.98 |   4.14 |   2.70 |I I 
15:18-Tue-Mar-28-2017 PM10  |   6.99 |   6.91 |   7.63 |   4.16 |I I 
15:18-Tue-Mar-28-2017 PM2.5 |   4.05 |   3.99 |   4.14 |   2.70 |I I 
15:22-Tue-Mar-28-2017 PM10  |   6.82 |   6.90 |   7.63 |   4.16 |I I 
15:22-Tue-Mar-28-2017 PM2.5 |   4.28 |   4.02 |   4.14 |   2.70 |I I 
15:23-Tue-Mar-28-2017 PM10  |   7.17 |   6.93 |   7.63 |   4.16 |I I 
15:23-Tue-Mar-28-2017 PM2.5 |   4.36 |   4.06 |   4.14 |   2.70 |I I 
15:27-Tue-Mar-28-2017 PM10  |   8.00 |   7.03 |   7.63 |   4.16 |I I 
15:27-Tue-Mar-28-2017 PM2.5 |   4.43 |   4.09 |   4.14 |   2.70 |I I 
15:28-Tue-Mar-28-2017 PM10  |   8.20 |   7.12 |   7.63 |   4.16 |I I 
15:28-Tue-Mar-28-2017 PM2.5 |   4.37 |   4.12 |   4.14 |   2.70 |I I 
15:32-Tue-Mar-28-2017 PM10  |   8.26 |   7.21 |   7.63 |   4.16 |I I 
15:32-Tue-Mar-28-2017 PM2.5 |   4.77 |   4.17 |   4.14 |   2.70 |I I 
15:33-Tue-Mar-28-2017 PM10  |   7.39 |   7.22 |   7.63 |   4.16 |I I 
15:33-Tue-Mar-28-2017 PM2.5 |   4.65 |   4.20 |   4.14 |   2.70 |I I 
15:34-Tue-Mar-28-2017 PM10  |   7.39 |   7.24 |   7.63 |   4.16 |I I 
15:34-Tue-Mar-28-2017 PM2.5 |   4.65 |   4.23 |   4.14 |   2.70 |I I 
15:38-Tue-Mar-28-2017 PM10  |   8.90 |   7.34 |   7.63 |   4.16 |I I 
15:38-Tue-Mar-28-2017 PM2.5 |   4.61 |   4.25 |   4.14 |   2.70 |I I 
15:39-Tue-Mar-28-2017 PM10  |  10.21 |   7.51 |   7.63 |   4.16 |I I 
15:39-Tue-Mar-28-2017 PM2.5 |   4.29 |   4.26 |   4.14 |   2.70 |I I 
15:43-Tue-Mar-28-2017 PM10  |   7.45 |   7.50 |   7.63 |   4.16 |I I 
15:43-Tue-Mar-28-2017 PM2.5 |   4.22 |   4.25 |   4.14 |   2.70 |I I 
15:44-Tue-Mar-28-2017 PM10  |   7.12 |   7.48 |   7.63 |   4.16 |I I 
15:44-Tue-Mar-28-2017 PM2.5 |   4.43 |   4.26 |   4.14 |   2.70 |I I 
15:48-Tue-Mar-28-2017 PM10  |   6.50 |   7.43 |   7.63 |   4.16 |I I 
15:48-Tue-Mar-28-2017 PM2.5 |   4.26 |   4.26 |   4.14 |   2.70 |I I 
15:49-Tue-Mar-28-2017 PM10  |   9.51 |   7.53 |   7.63 |   4.16 |I I 
15:49-Tue-Mar-28-2017 PM2.5 |   4.45 |   4.27 |   4.14 |   2.70 |I I 
15:53-Tue-Mar-28-2017 PM10  |   8.81 |   7.59 |   7.63 |   4.16 |I I 
15:53-Tue-Mar-28-2017 PM2.5 |   4.37 |   4.28 |   4.14 |   2.70 |I I 
15:54-Tue-Mar-28-2017 PM10  |   6.70 |   7.55 |   7.63 |   4.16 |I I 
15:54-Tue-Mar-28-2017 PM2.5 |   4.12 |   4.27 |   4.14 |   2.70 |I I 
15:58-Tue-Mar-28-2017 PM10  |   8.74 |   7.60 |   7.63 |   4.16 |I I 
15:58-Tue-Mar-28-2017 PM2.5 |   4.61 |   4.28 |   4.14 |   2.70 |I I 
15:59-Tue-Mar-28-2017 PM10  |   7.31 |   7.59 |   7.63 |   4.16 |I I 
15:59-Tue-Mar-28-2017 PM2.5 |   4.17 |   4.28 |   4.14 |   2.70 |I I 
16:00-Tue-Mar-28-2017 PM10  |   7.31 |   7.58 |   7.63 |   4.16 |I I 
16:00-Tue-Mar-28-2017 PM2.5 |   4.17 |   4.28 |   4.28 |   2.70 |I I 
16:04-Tue-Mar-28-2017 PM10  |   7.86 |   7.86 |   7.63 |   4.16 |I I 
16:04-Tue-Mar-28-2017 PM2.5 |   4.51 |   4.51 |   4.28 |   2.70 |I I 
16:05-Tue-Mar-28-2017 PM10  |   7.30 |   7.58 |   7.63 |   4.16 |I I 
16:05-Tue-Mar-28-2017 PM2.5 |   4.22 |   4.37 |   4.28 |   2.70 |I I 
16:09-Tue-Mar-28-2017 PM10  |   8.56 |   7.91 |   7.63 |   4.16 |I I 
16:09-Tue-Mar-28-2017 PM2.5 |   4.44 |   4.39 |   4.28 |   2.70 |I I 
16:10-Tue-Mar-28-2017 PM10  |   7.68 |   7.85 |   7.63 |   4.16 |I I 
16:10-Tue-Mar-28-2017 PM2.5 |   4.36 |   4.39 |   4.28 |   2.70 |I I 
16:14-Tue-Mar-28-2017 PM10  |   6.93 |   7.66 |   7.63 |   4.16 |I I 
16:14-Tue-Mar-28-2017 PM2.5 |   4.14 |   4.34 |   4.28 |   2.70 |I I 
16:15-Tue-Mar-28-2017 PM10  |   6.85 |   7.53 |   7.63 |   4.16 |I I 
16:15-Tue-Mar-28-2017 PM2.5 |   4.01 |   4.28 |   4.28 |   2.70 |I I 
16:19-Tue-Mar-28-2017 PM10  |   7.01 |   7.45 |   7.63 |   4.16 |I I 
16:19-Tue-Mar-28-2017 PM2.5 |   4.29 |   4.28 |   4.28 |   2.70 |I I 
16:20-Tue-Mar-28-2017 PM10  |   6.30 |   7.31 |   7.63 |   4.16 |I I 
16:20-Tue-Mar-28-2017 PM2.5 |   4.00 |   4.25 |   4.28 |   2.70 |I I 
16:24-Tue-Mar-28-2017 PM10  |   6.85 |   7.26 |   7.63 |   4.16 |I I 
16:24-Tue-Mar-28-2017 PM2.5 |   4.02 |   4.22 |   4.28 |   2.70 |I I 
16:25-Tue-Mar-28-2017 PM10  |   6.76 |   7.21 |   7.63 |   4.16 |I I 
16:25-Tue-Mar-28-2017 PM2.5 |   4.15 |   4.22 |   4.28 |   2.70 |I I 
16:26-Tue-Mar-28-2017 PM10  |   6.76 |   7.17 |   7.63 |   4.16 |I I 
16:26-Tue-Mar-28-2017 PM2.5 |   4.15 |   4.21 |   4.28 |   2.70 |I I 
16:30-Tue-Mar-28-2017 PM10  |   8.25 |   7.26 |   7.63 |   4.16 |I I 
16:30-Tue-Mar-28-2017 PM2.5 |   4.42 |   4.23 |   4.28 |   2.70 |I I 
16:31-Tue-Mar-28-2017 PM10  |   7.74 |   7.30 |   7.63 |   4.16 |I I 
16:31-Tue-Mar-28-2017 PM2.5 |   4.07 |   4.21 |   4.28 |   2.70 |I I 
16:36-Tue-Mar-28-2017 PM10  |   7.63 |   7.32 |   7.63 |   4.16 |I I 
16:36-Tue-Mar-28-2017 PM2.5 |   4.27 |   4.22 |   4.28 |   2.70 |I I 
16:37-Tue-Mar-28-2017 PM10  |   7.76 |   7.35 |   7.63 |   4.16 |I I 
16:37-Tue-Mar-28-2017 PM2.5 |   4.04 |   4.21 |   4.28 |   2.70 |I I 
16:41-Tue-Mar-28-2017 PM10  |   7.96 |   7.39 |   7.63 |   4.16 |I I 
16:41-Tue-Mar-28-2017 PM2.5 |   3.96 |   4.19 |   4.28 |   2.70 |I I 
16:42-Tue-Mar-28-2017 PM10  |   8.44 |   7.45 |   7.63 |   4.16 |I I 
16:42-Tue-Mar-28-2017 PM2.5 |   4.43 |   4.20 |   4.28 |   2.70 |I I 
16:46-Tue-Mar-28-2017 PM10  |   8.11 |   7.49 |   7.63 |   4.16 |I I 
16:46-Tue-Mar-28-2017 PM2.5 |   4.56 |   4.22 |   4.28 |   2.70 |I I 
16:47-Tue-Mar-28-2017 PM10  |   8.06 |   7.52 |   7.63 |   4.16 |I I 
16:47-Tue-Mar-28-2017 PM2.5 |   3.95 |   4.21 |   4.28 |   2.70 |I I 
16:51-Tue-Mar-28-2017 PM10  |   6.79 |   7.48 |   7.63 |   4.16 |I I 
16:51-Tue-Mar-28-2017 PM2.5 |   3.95 |   4.20 |   4.28 |   2.70 |I I 
16:52-Tue-Mar-28-2017 PM10  |   8.30 |   7.52 |   7.63 |   4.16 |I I 
16:52-Tue-Mar-28-2017 PM2.5 |   4.54 |   4.21 |   4.28 |   2.70 |I I 
16:53-Tue-Mar-28-2017 PM10  |   8.30 |   7.55 |   7.63 |   4.16 |I I 
16:53-Tue-Mar-28-2017 PM2.5 |   4.54 |   4.23 |   4.28 |   2.70 |I I 
16:57-Tue-Mar-28-2017 PM10  |   7.70 |   7.56 |   7.63 |   4.16 |I I 
16:57-Tue-Mar-28-2017 PM2.5 |   4.24 |   4.23 |   4.28 |   2.70 |I I 
16:58-Tue-Mar-28-2017 PM10  |   7.78 |   7.57 |   7.63 |   4.16 |I I 
16:58-Tue-Mar-28-2017 PM2.5 |   3.88 |   4.21 |   4.28 |   2.70 |I I 
17:02-Tue-Mar-28-2017 PM10  |   7.95 |   7.58 |   7.63 |   4.16 |I I 
17:02-Tue-Mar-28-2017 PM2.5 |   4.31 |   4.22 |   4.28 |   2.70 |I I 
17:03-Tue-Mar-28-2017 PM10  |   6.71 |   6.71 |   7.63 |   4.16 |I I 
17:03-Tue-Mar-28-2017 PM2.5 |   3.98 |   3.98 |   4.28 |   2.70 |I I 
17:07-Tue-Mar-28-2017 PM10  |   5.94 |   6.32 |   7.63 |   4.16 |I I 
17:07-Tue-Mar-28-2017 PM2.5 |   3.89 |   3.93 |   4.28 |   2.70 |I I 
17:08-Tue-Mar-28-2017 PM10  |   6.20 |   6.28 |   7.63 |   4.16 |I I 
17:08-Tue-Mar-28-2017 PM2.5 |   3.71 |   3.86 |   4.28 |   2.70 |I I 
17:12-Tue-Mar-28-2017 PM10  |   8.46 |   6.83 |   7.63 |   4.16 |I I 
17:12-Tue-Mar-28-2017 PM2.5 |   4.10 |   3.92 |   4.28 |   2.70 |I I 
17:13-Tue-Mar-28-2017 PM10  |   6.30 |   6.72 |   7.63 |   4.16 |I I 
17:13-Tue-Mar-28-2017 PM2.5 |   3.90 |   3.92 |   4.28 |   2.70 |I I 
17:17-Tue-Mar-28-2017 PM10  |   7.06 |   6.78 |   7.63 |   4.16 |I I 
17:17-Tue-Mar-28-2017 PM2.5 |   3.90 |   3.91 |   4.28 |   2.70 |I I 
17:18-Tue-Mar-28-2017 PM10  |   7.62 |   6.90 |   7.63 |   4.16 |I I 
17:18-Tue-Mar-28-2017 PM2.5 |   3.71 |   3.88 |   4.28 |   2.70 |I I 
17:19-Tue-Mar-28-2017 PM10  |   7.62 |   6.99 |   7.63 |   4.16 |I I 
17:19-Tue-Mar-28-2017 PM2.5 |   3.71 |   3.86 |   4.28 |   2.70 |I I 
17:23-Tue-Mar-28-2017 PM10  |   6.96 |   6.99 |   7.63 |   4.16 |I I 
17:23-Tue-Mar-28-2017 PM2.5 |   3.97 |   3.87 |   4.28 |   2.70 |I I 
17:24-Tue-Mar-28-2017 PM10  |   6.39 |   6.93 |   7.63 |   4.16 |I I 
17:24-Tue-Mar-28-2017 PM2.5 |   3.66 |   3.85 |   4.28 |   2.70 |I I 
17:28-Tue-Mar-28-2017 PM10  |   7.22 |   6.95 |   7.63 |   4.16 |I I 
17:28-Tue-Mar-28-2017 PM2.5 |   4.04 |   3.87 |   4.28 |   2.70 |I I 
17:29-Tue-Mar-28-2017 PM10  |   7.52 |   7.00 |   7.63 |   4.16 |I I 
17:29-Tue-Mar-28-2017 PM2.5 |   3.73 |   3.86 |   4.28 |   2.70 |I I 
17:33-Tue-Mar-28-2017 PM10  |   7.53 |   7.04 |   7.63 |   4.16 |I I 
17:33-Tue-Mar-28-2017 PM2.5 |   4.06 |   3.87 |   4.28 |   2.70 |I I 
17:34-Tue-Mar-28-2017 PM10  |   7.58 |   7.08 |   7.63 |   4.16 |I I 
17:34-Tue-Mar-28-2017 PM2.5 |   3.97 |   3.88 |   4.28 |   2.70 |I I 
17:38-Tue-Mar-28-2017 PM10  |   8.71 |   7.19 |   7.63 |   4.16 |I I 
17:38-Tue-Mar-28-2017 PM2.5 |   4.04 |   3.89 |   4.28 |   2.70 |I I 
17:39-Tue-Mar-28-2017 PM10  |   7.46 |   7.21 |   7.63 |   4.16 |I I 
17:39-Tue-Mar-28-2017 PM2.5 |   3.67 |   3.88 |   4.28 |   2.70 |I I 
17:43-Tue-Mar-28-2017 PM10  |   6.99 |   7.19 |   7.63 |   4.16 |I I 
17:43-Tue-Mar-28-2017 PM2.5 |   3.58 |   3.86 |   4.28 |   2.70 |I I 
17:44-Tue-Mar-28-2017 PM10  |   7.47 |   7.21 |   7.63 |   4.16 |I I 
17:44-Tue-Mar-28-2017 PM2.5 |   3.83 |   3.86 |   4.28 |   2.70 |I I 
17:45-Tue-Mar-28-2017 PM10  |   7.47 |   7.22 |   7.63 |   4.16 |I I 
17:45-Tue-Mar-28-2017 PM2.5 |   3.83 |   3.86 |   4.28 |   2.70 |I I 
17:49-Tue-Mar-28-2017 PM10  |   7.77 |   7.25 |   7.63 |   4.16 |I I 
17:49-Tue-Mar-28-2017 PM2.5 |   3.84 |   3.86 |   4.28 |   2.70 |I I 
17:50-Tue-Mar-28-2017 PM10  |   6.61 |   7.22 |   7.63 |   4.16 |I I 
17:50-Tue-Mar-28-2017 PM2.5 |   3.80 |   3.85 |   4.28 |   2.70 |I I 
17:54-Tue-Mar-28-2017 PM10  |   7.27 |   7.22 |   7.63 |   4.16 |I I 
17:54-Tue-Mar-28-2017 PM2.5 |   4.08 |   3.86 |   4.28 |   2.70 |I I 
17:55-Tue-Mar-28-2017 PM10  |   6.76 |   7.20 |   7.63 |   4.16 |I I 
17:55-Tue-Mar-28-2017 PM2.5 |   3.70 |   3.86 |   4.28 |   2.70 |I I 
17:59-Tue-Mar-28-2017 PM10  |   6.28 |   7.16 |   7.63 |   4.16 |I I 
17:59-Tue-Mar-28-2017 PM2.5 |   3.61 |   3.85 |   4.28 |   2.70 |I I 
18:00-Tue-Mar-28-2017 PM10  |   5.53 |   7.10 |   7.63 |   4.16 |I I 
18:00-Tue-Mar-28-2017 PM2.5 |   3.59 |   3.84 |   4.28 |   2.70 |I I 
18:04-Tue-Mar-28-2017 PM10  |   5.64 |   5.64 |   7.63 |   4.16 |I I 
18:04-Tue-Mar-28-2017 PM2.5 |   3.75 |   3.75 |   4.28 |   2.70 |I I 
18:05-Tue-Mar-28-2017 PM10  |   6.56 |   6.10 |   7.63 |   4.16 |I I 
18:05-Tue-Mar-28-2017 PM2.5 |   3.82 |   3.79 |   4.28 |   2.70 |I I 
18:09-Tue-Mar-28-2017 PM10  |   7.82 |   6.67 |   7.63 |   4.16 |I I 
18:09-Tue-Mar-28-2017 PM2.5 |   3.77 |   3.78 |   4.28 |   2.70 |I I 
18:10-Tue-Mar-28-2017 PM10  |   5.61 |   6.41 |   7.63 |   4.16 |I I 
18:10-Tue-Mar-28-2017 PM2.5 |   3.63 |   3.74 |   4.28 |   2.70 |I I 
18:14-Tue-Mar-28-2017 PM10  |   6.15 |   6.35 |   7.63 |   4.16 |I I 
18:14-Tue-Mar-28-2017 PM2.5 |   3.77 |   3.75 |   4.28 |   2.70 |I I 
18:15-Tue-Mar-28-2017 PM10  |   6.15 |   6.32 |   7.63 |   4.16 |I I 
18:15-Tue-Mar-28-2017 PM2.5 |   3.77 |   3.75 |   4.28 |   2.70 |I I 
18:16-Tue-Mar-28-2017 PM10  |   6.17 |   6.30 |   7.63 |   4.16 |I I 
18:16-Tue-Mar-28-2017 PM2.5 |   3.87 |   3.77 |   4.28 |   2.70 |I I 
18:20-Tue-Mar-28-2017 PM10  |   6.55 |   6.33 |   7.63 |   4.16 |I I 
18:20-Tue-Mar-28-2017 PM2.5 |   3.85 |   3.78 |   4.28 |   2.70 |I I 
18:21-Tue-Mar-28-2017 PM10  |   6.66 |   6.37 |   7.63 |   4.16 |I I 
18:21-Tue-Mar-28-2017 PM2.5 |   3.64 |   3.76 |   4.28 |   2.70 |I I 
18:25-Tue-Mar-28-2017 PM10  |   6.49 |   6.38 |   7.63 |   4.16 |I I 
18:25-Tue-Mar-28-2017 PM2.5 |   3.74 |   3.76 |   4.28 |   2.70 |I I 
18:26-Tue-Mar-28-2017 PM10  |   6.32 |   6.37 |   7.63 |   4.16 |I I 
18:26-Tue-Mar-28-2017 PM2.5 |   3.99 |   3.78 |   4.28 |   2.70 |I I 
18:30-Tue-Mar-28-2017 PM10  |   6.67 |   6.40 |   7.63 |   4.16 |I I 
18:30-Tue-Mar-28-2017 PM2.5 |   4.03 |   3.80 |   4.28 |   2.70 |I I 
18:31-Tue-Mar-28-2017 PM10  |   6.28 |   6.39 |   7.63 |   4.16 |I I 
18:31-Tue-Mar-28-2017 PM2.5 |   3.83 |   3.80 |   4.28 |   2.70 |I I 
18:35-Tue-Mar-28-2017 PM10  |   6.84 |   6.42 |   7.63 |   4.16 |I I 
18:35-Tue-Mar-28-2017 PM2.5 |   4.09 |   3.82 |   4.28 |   2.70 |I I 
18:36-Tue-Mar-28-2017 PM10  |   6.85 |   6.45 |   7.63 |   4.16 |I I 
18:36-Tue-Mar-28-2017 PM2.5 |   4.23 |   3.85 |   4.28 |   2.70 |I I 
18:40-Tue-Mar-28-2017 PM10  |   6.66 |   6.46 |   7.63 |   4.16 |I I 
18:40-Tue-Mar-28-2017 PM2.5 |   3.87 |   3.85 |   4.28 |   2.70 |I I 
18:41-Tue-Mar-28-2017 PM10  |   6.66 |   6.47 |   7.63 |   4.16 |I I 
18:41-Tue-Mar-28-2017 PM2.5 |   3.87 |   3.85 |   4.28 |   2.70 |I I 
18:42-Tue-Mar-28-2017 PM10  |   7.26 |   6.52 |   7.63 |   4.16 |I I 
18:42-Tue-Mar-28-2017 PM2.5 |   3.91 |   3.86 |   4.28 |   2.70 |I I 
18:46-Tue-Mar-28-2017 PM10  |   6.89 |   6.54 |   7.63 |   4.16 |I I 
18:46-Tue-Mar-28-2017 PM2.5 |   4.02 |   3.87 |   4.28 |   2.70 |I I 
18:47-Tue-Mar-28-2017 PM10  |   7.03 |   6.56 |   7.63 |   4.16 |I I 
18:47-Tue-Mar-28-2017 PM2.5 |   3.66 |   3.86 |   4.28 |   2.70 |I I 
18:51-Tue-Mar-28-2017 PM10  |   7.76 |   6.62 |   7.63 |   4.16 |I I 
18:51-Tue-Mar-28-2017 PM2.5 |   4.03 |   3.86 |   4.28 |   2.70 |I I 
18:52-Tue-Mar-28-2017 PM10  |   5.36 |   6.56 |   7.63 |   4.16 |I I 
18:52-Tue-Mar-28-2017 PM2.5 |   3.38 |   3.84 |   4.28 |   2.70 |I I 
18:56-Tue-Mar-28-2017 PM10  |   5.84 |   6.53 |   7.63 |   4.16 |I I 
18:56-Tue-Mar-28-2017 PM2.5 |   3.64 |   3.83 |   4.28 |   2.70 |I I 
18:57-Tue-Mar-28-2017 PM10  |   6.29 |   6.52 |   7.63 |   4.16 |I I 
18:57-Tue-Mar-28-2017 PM2.5 |   3.95 |   3.84 |   4.28 |   2.70 |I I 
19:01-Tue-Mar-28-2017 PM10  |   7.89 |   6.57 |   7.63 |   4.16 |I I 
19:01-Tue-Mar-28-2017 PM2.5 |   4.15 |   3.85 |   4.28 |   2.70 |I I 
19:02-Tue-Mar-28-2017 PM10  |   6.75 |   6.75 |   7.63 |   4.16 |I I 
19:02-Tue-Mar-28-2017 PM2.5 |   3.64 |   3.64 |   4.28 |   2.70 |I I 
19:06-Tue-Mar-28-2017 PM10  |   8.23 |   7.49 |   7.63 |   4.16 |I I 
19:06-Tue-Mar-28-2017 PM2.5 |   3.89 |   3.76 |   4.28 |   2.70 |I I 
19:07-Tue-Mar-28-2017 PM10  |   8.23 |   7.74 |   7.63 |   4.16 |I I 
19:07-Tue-Mar-28-2017 PM2.5 |   3.89 |   3.81 |   4.28 |   2.70 |I I 
19:08-Tue-Mar-28-2017 PM10  |   9.41 |   8.16 |   7.63 |   4.16 |I I 
19:08-Tue-Mar-28-2017 PM2.5 |   3.80 |   3.80 |   4.28 |   2.70 |I I 
19:12-Tue-Mar-28-2017 PM10  |   7.22 |   7.97 |   7.63 |   4.16 |I I 
19:12-Tue-Mar-28-2017 PM2.5 |   3.78 |   3.80 |   4.28 |   2.70 |I I 
19:13-Tue-Mar-28-2017 PM10  |   7.32 |   7.86 |   7.63 |   4.16 |I I 
19:13-Tue-Mar-28-2017 PM2.5 |   4.05 |   3.84 |   4.28 |   2.70 |I I 
19:17-Tue-Mar-28-2017 PM10  |   7.81 |   7.85 |   7.63 |   4.16 |I I 
19:17-Tue-Mar-28-2017 PM2.5 |   4.21 |   3.89 |   4.28 |   2.70 |I I 
19:18-Tue-Mar-28-2017 PM10  |  13.29 |   8.53 |   7.63 |   4.16 |I I 
19:18-Tue-Mar-28-2017 PM2.5 |   4.49 |   3.97 |   4.28 |   2.70 |I I 
19:22-Tue-Mar-28-2017 PM10  |   7.33 |   8.40 |   7.63 |   4.16 |I I 
19:22-Tue-Mar-28-2017 PM2.5 |   4.22 |   4.00 |   4.28 |   2.70 |I I 
19:23-Tue-Mar-28-2017 PM10  |   9.08 |   8.47 |   7.63 |   4.16 |I I 
19:23-Tue-Mar-28-2017 PM2.5 |   4.90 |   4.09 |   4.28 |   2.70 |I I 
19:27-Tue-Mar-28-2017 PM10  |   7.92 |   8.42 |   7.63 |   4.16 |I I 
19:27-Tue-Mar-28-2017 PM2.5 |   4.79 |   4.15 |   4.28 |   2.70 |I I 
19:28-Tue-Mar-28-2017 PM10  |  11.88 |   8.71 |   7.63 |   4.16 |I I 
19:28-Tue-Mar-28-2017 PM2.5 |   4.90 |   4.21 |   4.28 |   2.70 |I I 
19:32-Tue-Mar-28-2017 PM10  |   9.08 |   8.73 |   7.63 |   4.16 |I I 
19:32-Tue-Mar-28-2017 PM2.5 |   5.09 |   4.28 |   4.28 |   2.70 |I I 
19:34-Tue-Mar-28-2017 PM10  |   9.08 |   8.76 |   7.63 |   4.16 |I I 
19:34-Tue-Mar-28-2017 PM2.5 |   5.09 |   4.34 |   4.28 |   2.70 |I I 
19:35-Tue-Mar-28-2017 PM10  |  12.98 |   9.04 |   7.63 |   4.16 |I I 
19:35-Tue-Mar-28-2017 PM2.5 |   4.40 |   4.34 |   4.28 |   2.70 |I I 
19:39-Tue-Mar-28-2017 PM10  |  10.30 |   9.12 |   7.63 |   4.16 |I I 
19:39-Tue-Mar-28-2017 PM2.5 |   4.61 |   4.36 |   4.28 |   2.70 |I I 
19:40-Tue-Mar-28-2017 PM10  |   9.85 |   9.16 |   7.63 |   4.16 |I I 
19:40-Tue-Mar-28-2017 PM2.5 |   4.80 |   4.39 |   4.28 |   2.70 |I I 
19:44-Tue-Mar-28-2017 PM10  |   8.35 |   9.12 |   7.63 |   4.16 |I I 
19:44-Tue-Mar-28-2017 PM2.5 |   4.23 |   4.38 |   4.28 |   2.70 |I I 
19:45-Tue-Mar-28-2017 PM10  |   8.87 |   9.10 |   7.63 |   4.16 |I I 
19:45-Tue-Mar-28-2017 PM2.5 |   4.31 |   4.37 |   4.28 |   2.70 |I I 
19:49-Tue-Mar-28-2017 PM10  |   7.22 |   9.01 |   7.63 |   4.16 |I I 
19:49-Tue-Mar-28-2017 PM2.5 |   4.03 |   4.36 |   4.28 |   2.70 |I I 
19:50-Tue-Mar-28-2017 PM10  |   7.09 |   8.92 |   7.63 |   4.16 |I I 
19:50-Tue-Mar-28-2017 PM2.5 |   4.23 |   4.35 |   4.28 |   2.70 |I I 
19:54-Tue-Mar-28-2017 PM10  |   9.73 |   8.95 |   7.63 |   4.16 |I I 
19:54-Tue-Mar-28-2017 PM2.5 |   4.48 |   4.36 |   4.28 |   2.70 |I I 
19:55-Tue-Mar-28-2017 PM10  |   7.57 |   8.89 |   7.63 |   4.16 |I I 
19:55-Tue-Mar-28-2017 PM2.5 |   3.98 |   4.34 |   4.28 |   2.70 |I I 
19:59-Tue-Mar-28-2017 PM10  |  10.76 |   8.97 |   7.63 |   4.16 |I I 
19:59-Tue-Mar-28-2017 PM2.5 |   4.08 |   4.33 |   4.28 |   2.70 |I I 
20:00-Tue-Mar-28-2017 PM10  |  10.76 |   9.04 |   9.04 |   4.16 |I I 
20:00-Tue-Mar-28-2017 PM2.5 |   4.08 |   4.32 |   4.32 |   2.70 |I I 
20:01-Tue-Mar-28-2017 PM10  |   7.55 |   7.55 |   9.04 |   4.16 |I I 
20:01-Tue-Mar-28-2017 PM2.5 |   3.90 |   3.90 |   4.32 |   2.70 |I I 
20:05-Tue-Mar-28-2017 PM10  |   7.14 |   7.34 |   9.04 |   4.16 |I I 
20:05-Tue-Mar-28-2017 PM2.5 |   3.92 |   3.91 |   4.32 |   2.70 |I I 
20:06-Tue-Mar-28-2017 PM10  |   7.12 |   7.27 |   9.04 |   4.16 |I I 
20:06-Tue-Mar-28-2017 PM2.5 |   3.77 |   3.86 |   4.32 |   2.70 |I I 
20:10-Tue-Mar-28-2017 PM10  |   6.96 |   7.19 |   9.04 |   4.16 |I I 
20:10-Tue-Mar-28-2017 PM2.5 |   3.84 |   3.86 |   4.32 |   2.70 |I I 
20:11-Tue-Mar-28-2017 PM10  |   9.86 |   7.73 |   9.04 |   4.16 |I I 
20:11-Tue-Mar-28-2017 PM2.5 |   4.31 |   3.95 |   4.32 |   2.70 |I I 
20:15-Tue-Mar-28-2017 PM10  |  11.37 |   8.33 |   9.04 |   4.16 |I I 
20:15-Tue-Mar-28-2017 PM2.5 |   4.37 |   4.02 |   4.32 |   2.70 |I I 
20:16-Tue-Mar-28-2017 PM10  |  11.37 |   8.77 |   9.04 |   4.16 |I I 
20:16-Tue-Mar-28-2017 PM2.5 |   4.50 |   4.09 |   4.32 |   2.70 |I I 
20:20-Tue-Mar-28-2017 PM10  |   8.84 |   8.78 |   9.04 |   4.16 |I I 
20:20-Tue-Mar-28-2017 PM2.5 |   4.16 |   4.10 |   4.32 |   2.70 |I I 
20:21-Tue-Mar-28-2017 PM10  |   7.67 |   8.65 |   9.04 |   4.16 |I I 
20:21-Tue-Mar-28-2017 PM2.5 |   4.08 |   4.09 |   4.32 |   2.70 |I I 
20:25-Tue-Mar-28-2017 PM10  |   8.41 |   8.63 |   9.04 |   4.16 |I I 
20:25-Tue-Mar-28-2017 PM2.5 |   4.39 |   4.12 |   4.32 |   2.70 |I I 
20:26-Tue-Mar-28-2017 PM10  |   8.41 |   8.61 |   9.04 |   4.16 |I I 
20:26-Tue-Mar-28-2017 PM2.5 |   4.39 |   4.15 |   4.32 |   2.70 |I I 
20:27-Tue-Mar-28-2017 PM10  |  10.95 |   8.80 |   9.04 |   4.16 |I I 
20:27-Tue-Mar-28-2017 PM2.5 |   4.68 |   4.19 |   4.32 |   2.70 |I I 
20:31-Tue-Mar-28-2017 PM10  |  10.24 |   8.91 |   9.04 |   4.16 |I I 
20:31-Tue-Mar-28-2017 PM2.5 |   4.51 |   4.22 |   4.32 |   2.70 |I I 
20:32-Tue-Mar-28-2017 PM10  |   8.54 |   8.89 |   9.04 |   4.16 |I I 
20:32-Tue-Mar-28-2017 PM2.5 |   4.59 |   4.24 |   4.32 |   2.70 |I I 
20:36-Tue-Mar-28-2017 PM10  |  10.32 |   8.98 |   9.04 |   4.16 |I I 
20:36-Tue-Mar-28-2017 PM2.5 |   5.18 |   4.31 |   4.32 |   2.70 |I I 
20:37-Tue-Mar-28-2017 PM10  |  12.71 |   9.22 |   9.04 |   4.16 |I I 
20:37-Tue-Mar-28-2017 PM2.5 |   5.03 |   4.35 |   4.32 |   2.70 |I I 
20:41-Tue-Mar-28-2017 PM10  |  13.52 |   9.47 |   9.04 |   4.16 |I I 
20:41-Tue-Mar-28-2017 PM2.5 |   5.01 |   4.39 |   4.32 |   2.70 |I I 
20:42-Tue-Mar-28-2017 PM10  |  11.97 |   9.61 |   9.04 |   4.16 |I I 
20:42-Tue-Mar-28-2017 PM2.5 |   5.11 |   4.43 |   4.32 |   2.70 |I I 
20:46-Tue-Mar-28-2017 PM10  |   9.00 |   9.58 |   9.04 |   4.16 |I I 
20:46-Tue-Mar-28-2017 PM2.5 |   5.15 |   4.47 |   4.32 |   2.70 |I I 
20:47-Tue-Mar-28-2017 PM10  |  10.28 |   9.61 |   9.04 |   4.16 |I I 
20:47-Tue-Mar-28-2017 PM2.5 |   4.50 |   4.47 |   4.32 |   2.70 |I I 
20:51-Tue-Mar-28-2017 PM10  |  10.96 |   9.68 |   9.04 |   4.16 |I I 
20:51-Tue-Mar-28-2017 PM2.5 |   4.96 |   4.49 |   4.32 |   2.70 |I I 
20:52-Tue-Mar-28-2017 PM10  |  10.96 |   9.73 |   9.04 |   4.16 |I I 
20:52-Tue-Mar-28-2017 PM2.5 |   4.96 |   4.51 |   4.32 |   2.70 |I I 
20:53-Tue-Mar-28-2017 PM10  |  13.29 |   9.89 |   9.04 |   4.16 |I I 
20:53-Tue-Mar-28-2017 PM2.5 |   5.12 |   4.54 |   4.32 |   2.70 |I I 
20:57-Tue-Mar-28-2017 PM10  |  11.87 |   9.97 |   9.04 |   4.16 |I I 
20:57-Tue-Mar-28-2017 PM2.5 |   5.14 |   4.57 |   4.32 |   2.70 |I I 
20:58-Tue-Mar-28-2017 PM10  |   9.92 |   9.97 |   9.04 |   4.16 |I I 
20:58-Tue-Mar-28-2017 PM2.5 |   4.70 |   4.57 |   4.32 |   2.70 |I I 
21:02-Tue-Mar-28-2017 PM10  |  12.12 |  10.05 |  10.05 |   4.16 |I I 
21:02-Tue-Mar-28-2017 PM2.5 |   4.92 |   4.58 |   4.58 |   2.70 |I I 
21:03-Tue-Mar-28-2017 PM10  |  13.63 |  13.63 |  10.05 |   4.16 |I I 
21:03-Tue-Mar-28-2017 PM2.5 |   4.93 |   4.93 |   4.58 |   2.70 |I I 
21:07-Tue-Mar-28-2017 PM10  |   8.34 |  10.98 |  10.05 |   4.16 |I I 
21:07-Tue-Mar-28-2017 PM2.5 |   4.28 |   4.60 |   4.58 |   2.70 |I I 
21:08-Tue-Mar-28-2017 PM10  |  10.12 |  10.69 |  10.05 |   4.16 |I I 
21:08-Tue-Mar-28-2017 PM2.5 |   4.70 |   4.63 |   4.58 |   2.70 |I I 
21:12-Tue-Mar-28-2017 PM10  |  11.84 |  10.98 |  10.05 |   4.16 |I I 
21:12-Tue-Mar-28-2017 PM2.5 |   4.71 |   4.65 |   4.58 |   2.70 |I I 
21:13-Tue-Mar-28-2017 PM10  |   8.30 |  10.44 |  10.05 |   4.16 |I I 
21:13-Tue-Mar-28-2017 PM2.5 |   4.39 |   4.60 |   4.58 |   2.70 |I I 
21:17-Tue-Mar-28-2017 PM10  |   7.17 |   9.90 |  10.05 |   4.16 |I I 
21:17-Tue-Mar-28-2017 PM2.5 |   4.36 |   4.56 |   4.58 |   2.70 |I I 
21:18-Tue-Mar-28-2017 PM10  |   7.17 |   9.51 |  10.05 |   4.16 |I I 
21:18-Tue-Mar-28-2017 PM2.5 |   4.36 |   4.53 |   4.58 |   2.70 |I I 
21:19-Tue-Mar-28-2017 PM10  |   8.42 |   9.37 |  10.05 |   4.16 |I I 
21:19-Tue-Mar-28-2017 PM2.5 |   3.97 |   4.46 |   4.58 |   2.70 |I I 
21:23-Tue-Mar-28-2017 PM10  |   7.17 |   9.13 |  10.05 |   4.16 |I I 
21:23-Tue-Mar-28-2017 PM2.5 |   4.34 |   4.45 |   4.58 |   2.70 |I I 
21:24-Tue-Mar-28-2017 PM10  |   9.28 |   9.14 |  10.05 |   4.16 |I I 
21:24-Tue-Mar-28-2017 PM2.5 |   4.29 |   4.43 |   4.58 |   2.70 |I I 
21:28-Tue-Mar-28-2017 PM10  |  12.67 |   9.46 |  10.05 |   4.16 |I I 
21:28-Tue-Mar-28-2017 PM2.5 |   4.43 |   4.43 |   4.58 |   2.70 |I I 
21:29-Tue-Mar-28-2017 PM10  |  11.60 |   9.64 |  10.05 |   4.16 |I I 
21:29-Tue-Mar-28-2017 PM2.5 |   5.77 |   4.54 |   4.58 |   2.70 |I I 
21:33-Tue-Mar-28-2017 PM10  |  11.44 |   9.78 |  10.05 |   4.16 |I I 
21:33-Tue-Mar-28-2017 PM2.5 |   6.01 |   4.65 |   4.58 |   2.70 |I I 
21:34-Tue-Mar-28-2017 PM10  |   8.26 |   9.67 |  10.05 |   4.16 |I I 
21:34-Tue-Mar-28-2017 PM2.5 |   4.72 |   4.66 |   4.58 |   2.70 |I I 
21:38-Tue-Mar-28-2017 PM10  |   9.31 |   9.65 |  10.05 |   4.16 |I I 
21:38-Tue-Mar-28-2017 PM2.5 |   5.10 |   4.69 |   4.58 |   2.70 |I I 
21:39-Tue-Mar-28-2017 PM10  |   9.80 |   9.66 |  10.05 |   4.16 |I I 
21:39-Tue-Mar-28-2017 PM2.5 |   4.93 |   4.70 |   4.58 |   2.70 |I I 
21:43-Tue-Mar-28-2017 PM10  |  10.61 |   9.71 |  10.05 |   4.16 |I I 
21:43-Tue-Mar-28-2017 PM2.5 |   5.12 |   4.73 |   4.58 |   2.70 |I I 
21:44-Tue-Mar-28-2017 PM10  |  10.61 |   9.76 |  10.05 |   4.16 |I I 
21:44-Tue-Mar-28-2017 PM2.5 |   5.12 |   4.75 |   4.58 |   2.70 |I I 
21:45-Tue-Mar-28-2017 PM10  |   9.06 |   9.73 |  10.05 |   4.16 |I I 
21:45-Tue-Mar-28-2017 PM2.5 |   5.02 |   4.76 |   4.58 |   2.70 |I I 
21:49-Tue-Mar-28-2017 PM10  |  11.53 |   9.82 |  10.05 |   4.16 |I I 
21:49-Tue-Mar-28-2017 PM2.5 |   5.19 |   4.79 |   4.58 |   2.70 |I I 
21:50-Tue-Mar-28-2017 PM10  |   9.44 |   9.80 |  10.05 |   4.16 |I I 
21:50-Tue-Mar-28-2017 PM2.5 |   4.96 |   4.79 |   4.58 |   2.70 |I I 
21:54-Tue-Mar-28-2017 PM10  |  10.94 |   9.85 |  10.05 |   4.16 |I I 
21:54-Tue-Mar-28-2017 PM2.5 |   5.28 |   4.82 |   4.58 |   2.70 |I I 
21:55-Tue-Mar-28-2017 PM10  |  11.47 |   9.92 |  10.05 |   4.16 |I I 
21:55-Tue-Mar-28-2017 PM2.5 |   5.13 |   4.83 |   4.58 |   2.70 |I I 
21:59-Tue-Mar-28-2017 PM10  |  11.77 |  10.00 |  10.05 |   4.16 |I I 
21:59-Tue-Mar-28-2017 PM2.5 |   5.27 |   4.85 |   4.58 |   2.70 |I I 
22:00-Tue-Mar-28-2017 PM10  |   8.12 |   9.92 |  10.05 |   4.16 |I I 
22:00-Tue-Mar-28-2017 PM2.5 |   4.73 |   4.84 |   4.84 |   2.70 |I I 
22:04-Tue-Mar-28-2017 PM10  |  10.01 |  10.01 |  10.05 |   4.16 |I I 
22:04-Tue-Mar-28-2017 PM2.5 |   5.03 |   5.03 |   4.84 |   2.70 |I I 
22:05-Tue-Mar-28-2017 PM10  |  10.32 |  10.17 |  10.05 |   4.16 |I I 
22:05-Tue-Mar-28-2017 PM2.5 |   4.63 |   4.83 |   4.84 |   2.70 |I I 
22:09-Tue-Mar-28-2017 PM10  |   9.66 |  10.00 |  10.05 |   4.16 |I I 
22:09-Tue-Mar-28-2017 PM2.5 |   5.08 |   4.91 |   4.84 |   2.70 |I I 
22:10-Tue-Mar-28-2017 PM10  |   9.66 |   9.92 |  10.05 |   4.16 |I I 
22:10-Tue-Mar-28-2017 PM2.5 |   5.08 |   4.95 |   4.84 |   2.70 |I I 
22:11-Tue-Mar-28-2017 PM10  |   8.29 |   9.59 |  10.05 |   4.16 |I I 
22:11-Tue-Mar-28-2017 PM2.5 |   4.58 |   4.88 |   4.84 |   2.70 |I I 
22:15-Tue-Mar-28-2017 PM10  |   9.93 |   9.65 |  10.05 |   4.16 |I I 
22:15-Tue-Mar-28-2017 PM2.5 |   5.11 |   4.92 |   4.84 |   2.70 |I I 
22:16-Tue-Mar-28-2017 PM10  |  10.18 |   9.72 |  10.05 |   4.16 |I I 
22:16-Tue-Mar-28-2017 PM2.5 |   4.72 |   4.89 |   4.84 |   2.70 |I I 
22:20-Tue-Mar-28-2017 PM10  |   9.00 |   9.63 |  10.05 |   4.16 |I I 
22:20-Tue-Mar-28-2017 PM2.5 |   4.98 |   4.90 |   4.84 |   2.70 |I I 
22:21-Tue-Mar-28-2017 PM10  |  10.03 |   9.68 |  10.05 |   4.16 |I I 
22:21-Tue-Mar-28-2017 PM2.5 |   4.80 |   4.89 |   4.84 |   2.70 |I I 
22:25-Tue-Mar-28-2017 PM10  |   9.15 |   9.63 |  10.05 |   4.16 |I I 
22:25-Tue-Mar-28-2017 PM2.5 |   4.71 |   4.87 |   4.84 |   2.70 |I I 
22:26-Tue-Mar-28-2017 PM10  |   7.78 |   9.46 |  10.05 |   4.16 |I I 
22:26-Tue-Mar-28-2017 PM2.5 |   4.39 |   4.83 |   4.84 |   2.70 |I I 
22:30-Tue-Mar-28-2017 PM10  |   8.84 |   9.41 |  10.05 |   4.16 |I I 
22:30-Tue-Mar-28-2017 PM2.5 |   4.96 |   4.84 |   4.84 |   2.70 |I I 
22:31-Tue-Mar-28-2017 PM10  |   9.58 |   9.42 |  10.05 |   4.16 |I I 
22:31-Tue-Mar-28-2017 PM2.5 |   5.11 |   4.86 |   4.84 |   2.70 |I I 
22:35-Tue-Mar-28-2017 PM10  |   8.84 |   9.38 |  10.05 |   4.16 |I I 
22:35-Tue-Mar-28-2017 PM2.5 |   4.94 |   4.87 |   4.84 |   2.70 |I I 
22:36-Tue-Mar-28-2017 PM10  |   8.84 |   9.34 |  10.05 |   4.16 |I I 
22:36-Tue-Mar-28-2017 PM2.5 |   4.94 |   4.87 |   4.84 |   2.70 |I I 
22:37-Tue-Mar-28-2017 PM10  |  10.36 |   9.41 |  10.05 |   4.16 |I I 
22:37-Tue-Mar-28-2017 PM2.5 |   4.95 |   4.87 |   4.84 |   2.70 |I I 
22:41-Tue-Mar-28-2017 PM10  |  10.93 |   9.50 |  10.05 |   4.16 |I I 
22:41-Tue-Mar-28-2017 PM2.5 |   5.12 |   4.89 |   4.84 |   2.70 |I I 
22:42-Tue-Mar-28-2017 PM10  |  10.83 |   9.57 |  10.05 |   4.16 |I I 
22:42-Tue-Mar-28-2017 PM2.5 |   4.72 |   4.88 |   4.84 |   2.70 |I I 
22:46-Tue-Mar-28-2017 PM10  |   8.63 |   9.52 |  10.05 |   4.16 |I I 
22:46-Tue-Mar-28-2017 PM2.5 |   5.02 |   4.89 |   4.84 |   2.70 |I I 
22:47-Tue-Mar-28-2017 PM10  |   9.09 |   9.50 |  10.05 |   4.16 |I I 
22:47-Tue-Mar-28-2017 PM2.5 |   5.16 |   4.90 |   4.84 |   2.70 |I I 
22:52-Tue-Mar-28-2017 PM10  |   9.94 |   9.52 |  10.05 |   4.16 |I I 
22:52-Tue-Mar-28-2017 PM2.5 |   4.95 |   4.90 |   4.84 |   2.70 |I I 
22:53-Tue-Mar-28-2017 PM10  |  10.67 |   9.57 |  10.05 |   4.16 |I I 
22:53-Tue-Mar-28-2017 PM2.5 |   5.01 |   4.91 |   4.84 |   2.70 |I I 
22:57-Tue-Mar-28-2017 PM10  |   9.77 |   9.58 |  10.05 |   4.16 |I I 
22:57-Tue-Mar-28-2017 PM2.5 |   4.79 |   4.90 |   4.84 |   2.70 |I I 
22:58-Tue-Mar-28-2017 PM10  |   9.02 |   9.56 |  10.05 |   4.16 |I I 
22:58-Tue-Mar-28-2017 PM2.5 |   4.69 |   4.89 |   4.84 |   2.70 |I I 
23:02-Tue-Mar-28-2017 PM10  |   9.89 |   9.57 |  10.05 |   4.16 |I I 
23:02-Tue-Mar-28-2017 PM2.5 |   5.09 |   4.90 |   4.90 |   2.70 |I I 
23:03-Tue-Mar-28-2017 PM10  |   9.89 |   9.89 |  10.05 |   4.16 |I I 
23:03-Tue-Mar-28-2017 PM2.5 |   5.09 |   5.09 |   4.90 |   2.70 |I I 
23:04-Tue-Mar-28-2017 PM10  |   8.93 |   9.41 |  10.05 |   4.16 |I I 
23:04-Tue-Mar-28-2017 PM2.5 |   5.12 |   5.10 |   4.90 |   2.70 |I I 
23:08-Tue-Mar-28-2017 PM10  |   9.15 |   9.32 |  10.05 |   4.16 |I I 
23:08-Tue-Mar-28-2017 PM2.5 |   5.17 |   5.13 |   4.90 |   2.70 |I I 
23:09-Tue-Mar-28-2017 PM10  |   8.55 |   9.13 |  10.05 |   4.16 |I I 
23:09-Tue-Mar-28-2017 PM2.5 |   4.83 |   5.05 |   4.90 |   2.70 |I I 
23:13-Tue-Mar-28-2017 PM10  |  12.59 |   9.82 |  10.05 |   4.16 |I I 
23:13-Tue-Mar-28-2017 PM2.5 |   5.22 |   5.09 |   4.90 |   2.70 |I I 
23:14-Tue-Mar-28-2017 PM10  |   9.50 |   9.77 |  10.05 |   4.16 |I I 
23:14-Tue-Mar-28-2017 PM2.5 |   5.03 |   5.08 |   4.90 |   2.70 |I I 
23:18-Tue-Mar-28-2017 PM10  |  10.61 |   9.89 |  10.05 |   4.16 |I I 
23:18-Tue-Mar-28-2017 PM2.5 |   5.38 |   5.12 |   4.90 |   2.70 |I I 
23:19-Tue-Mar-28-2017 PM10  |  10.79 |  10.00 |  10.05 |   4.16 |I I 
23:19-Tue-Mar-28-2017 PM2.5 |   5.01 |   5.11 |   4.90 |   2.70 |I I 
23:23-Tue-Mar-28-2017 PM10  |  12.35 |  10.26 |  10.05 |   4.16 |I I 
23:23-Tue-Mar-28-2017 PM2.5 |   5.18 |   5.12 |   4.90 |   2.70 |I I 
23:24-Tue-Mar-28-2017 PM10  |  11.04 |  10.34 |  10.05 |   4.16 |I I 
23:24-Tue-Mar-28-2017 PM2.5 |   5.30 |   5.13 |   4.90 |   2.70 |I I 
23:28-Tue-Mar-28-2017 PM10  |  11.34 |  10.43 |  10.05 |   4.16 |I I 
23:28-Tue-Mar-28-2017 PM2.5 |   5.30 |   5.15 |   4.90 |   2.70 |I I 
23:29-Tue-Mar-28-2017 PM10  |  11.34 |  10.50 |  10.05 |   4.16 |I I 
23:29-Tue-Mar-28-2017 PM2.5 |   5.30 |   5.16 |   4.90 |   2.70 |I I 
23:30-Tue-Mar-28-2017 PM10  |  12.65 |  10.67 |  10.05 |   4.16 |I I 
23:30-Tue-Mar-28-2017 PM2.5 |   4.90 |   5.14 |   4.90 |   2.70 |I I 
23:34-Tue-Mar-28-2017 PM10  |  11.46 |  10.73 |  10.05 |   4.16 |I I 
23:34-Tue-Mar-28-2017 PM2.5 |   5.08 |   5.14 |   4.90 |   2.70 |I I 
23:35-Tue-Mar-28-2017 PM10  |  10.34 |  10.70 |  10.05 |   4.16 |I I 
23:35-Tue-Mar-28-2017 PM2.5 |   4.97 |   5.13 |   4.90 |   2.70 |I I 
23:39-Tue-Mar-28-2017 PM10  |  10.42 |  10.68 |  10.05 |   4.16 |I I 
23:39-Tue-Mar-28-2017 PM2.5 |   5.43 |   5.14 |   4.90 |   2.70 |I I 
23:40-Tue-Mar-28-2017 PM10  |  11.39 |  10.72 |  10.05 |   4.16 |I B 
23:40-Tue-Mar-28-2017 PM2.5 |   5.12 |   5.14 |   4.90 |   2.70 |I B 
23:44-Tue-Mar-28-2017 PM10  |  13.38 |  10.87 |  10.05 |   4.16 |I B 
23:44-Tue-Mar-28-2017 PM2.5 |   5.65 |   5.17 |   4.90 |   2.70 |I B 
23:45-Tue-Mar-28-2017recover dati per host :92.223.147.77/nodered
23:45-Tue-Mar-28-2017 PM10  |  10.05 |  10.83 |  10.05 |   4.16 |I I 
23:45-Tue-Mar-28-2017 PM2.5 |   5.26 |   5.18 |   4.90 |   2.70 |I I 
23:49-Tue-Mar-28-2017 PM10  |   9.82 |  10.78 |  10.05 |   4.16 |I B 
23:49-Tue-Mar-28-2017 PM2.5 |   5.04 |   5.17 |   4.90 |   2.70 |I B 
23:50-Tue-Mar-28-2017 PM10  |  11.18 |  10.80 |  10.05 |   4.16 |I B 
23:50-Tue-Mar-28-2017 PM2.5 |   4.91 |   5.16 |   4.90 |   2.70 |I B 
23:54-Tue-Mar-28-2017recover dati per host :92.223.147.77/nodered
23:54-Tue-Mar-28-2017 PM10  |  14.95 |  10.99 |  10.05 |   4.16 |I I 
23:54-Tue-Mar-28-2017 PM2.5 |   5.52 |   5.17 |   4.90 |   2.70 |I I 
23:55-Tue-Mar-28-2017 PM10  |  11.31 |  11.00 |  10.05 |   4.16 |I I 
23:55-Tue-Mar-28-2017 PM2.5 |   4.89 |   5.16 |   4.90 |   2.70 |I I 
23:56-Tue-Mar-28-2017 PM10  |  11.31 |  11.01 |  10.05 |   4.16 |I I 
23:56-Tue-Mar-28-2017 PM2.5 |   4.89 |   5.15 |   4.90 |   2.70 |I I 
00:00-Wed-Mar-29-2017 PM10  |  10.14 |  10.98 |  10.98 |   4.16 |I I 
